D0=0 D1=1B D2=749D0370 D3=FFFF D4=7404C00 D5=841D8530 D6=841D8530 D7=FFFF A0=44C1E A1=D00035 A2=4ABB4 A3=108F6A A4=108584 A5=108000 A6=108E3C PC=44C20 -- 044C20: move.b  ($5555,A5), D0
D0=4 D1=1B D2=749D0370 D3=FFFF D4=7404C00 D5=841D8530 D6=841D8530 D7=FFFF A0=44C1E A1=D00035 A2=4ABB4 A3=108F6A A4=108584 A5=108000 A6=108E3C PC=44C24 -- 044C24: add.w   D0, D0
D0=8 D1=1B D2=749D0370 D3=FFFF D4=7404C00 D5=841D8530 D6=841D8530 D7=FFFF A0=44C1E A1=D00035 A2=4ABB4 A3=108F6A A4=108584 A5=108000 A6=108E3C PC=44C26 -- 044C26: lea     ($a6,PC) ; ($44cce), A0
D0=8 D1=1B D2=749D0370 D3=FFFF D4=7404C00 D5=841D8530 D6=841D8530 D7=FFFF A0=44CCE A1=D00035 A2=4ABB4 A3=108F6A A4=108584 A5=108000 A6=108E3C PC=44C2A -- 044C2A: nop
D0=8 D1=1B D2=749D0370 D3=FFFF D4=7404C00 D5=841D8530 D6=841D8530 D7=FFFF A0=44CCE A1=D00035 A2=4ABB4 A3=108F6A A4=108584 A5=108000 A6=108E3C PC=44C2C -- 044C2C: move.w  (A0,D0.w), D0
D0=16B D1=1B D2=749D0370 D3=FFFF D4=7404C00 D5=841D8530 D6=841D8530 D7=FFFF A0=44CCE A1=D00035 A2=4ABB4 A3=108F6A A4=108584 A5=108000 A6=108E3C PC=44C30 -- 044C30: jsr     $6588.l
D0=16B D1=1B D2=749D0370 D3=FFFF D4=7404C00 D5=841D8530 D6=841D8530 D7=FFFF A0=44CCE A1=D00035 A2=4ABB4 A3=108F6A A4=108584 A5=108000 A6=108E3C PC=6588 -- 006588: lea     $51924.l, A0
D0=16B D1=1B D2=749D0370 D3=FFFF D4=7404C00 D5=841D8530 D6=841D8530 D7=FFFF A0=51924 A1=D00035 A2=4ABB4 A3=108F6A A4=108584 A5=108000 A6=108E3C PC=658E -- 00658E: add.w   D0, D0
D0=2D6 D1=1B D2=749D0370 D3=FFFF D4=7404C00 D5=841D8530 D6=841D8530 D7=FFFF A0=51924 A1=D00035 A2=4ABB4 A3=108F6A A4=108584 A5=108000 A6=108E3C PC=6590 -- 006590: move.w  (A0,D0.w), ($38c0,A5)
D0=2D6 D1=1B D2=749D0370 D3=FFFF D4=7404C00 D5=841D8530 D6=841D8530 D7=FFFF A0=51924 A1=D00035 A2=4ABB4 A3=108F6A A4=108584 A5=108000 A6=108E3C PC=6596 -- 006596: lea     ($38c4,A5), A0
D0=2D6 D1=1B D2=749D0370 D3=FFFF D4=7404C00 D5=841D8530 D6=841D8530 D7=FFFF A0=10B8C4 A1=D00035 A2=4ABB4 A3=108F6A A4=108584 A5=108000 A6=108E3C PC=659A -- 00659A: moveq   #$0, D0
D0=0 D1=1B D2=749D0370 D3=FFFF D4=7404C00 D5=841D8530 D6=841D8530 D7=FFFF A0=10B8C4 A1=D00035 A2=4ABB4 A3=108F6A A4=108584 A5=108000 A6=108E3C PC=659C -- 00659C: move.b  ($38bc,A5), D0
D0=20 D1=1B D2=749D0370 D3=FFFF D4=7404C00 D5=841D8530 D6=841D8530 D7=FFFF A0=10B8C4 A1=D00035 A2=4ABB4 A3=108F6A A4=108584 A5=108000 A6=108E3C PC=65A0 -- 0065A0: move.w  ($38c0,A5), (A0,D0.w)
D0=20 D1=1B D2=749D0370 D3=FFFF D4=7404C00 D5=841D8530 D6=841D8530 D7=FFFF A0=10B8C4 A1=D00035 A2=4ABB4 A3=108F6A A4=108584 A5=108000 A6=108E3C PC=65A6 -- 0065A6: addq.b  #2, ($38bc,A5)
D0=20 D1=1B D2=749D0370 D3=FFFF D4=7404C00 D5=841D8530 D6=841D8530 D7=FFFF A0=10B8C4 A1=D00035 A2=4ABB4 A3=108F6A A4=108584 A5=108000 A6=108E3C PC=65AA -- 0065AA: rts
D0=20 D1=1B D2=749D0370 D3=FFFF D4=7404C00 D5=841D8530 D6=841D8530 D7=FFFF A0=10B8C4 A1=D00035 A2=4ABB4 A3=108F6A A4=108584 A5=108000 A6=108E3C PC=44C36 -- 044C36: ori.b   #$18, ($653,A5)
D0=20 D1=1B D2=749D0370 D3=FFFF D4=7404C00 D5=841D8530 D6=841D8530 D7=FFFF A0=10B8C4 A1=D00035 A2=4ABB4 A3=108F6A A4=108584 A5=108000 A6=108E3C PC=44C3C -- 044C3C: ori.b   #$80, ($652,A5)
D0=20 D1=1B D2=749D0370 D3=FFFF D4=7404C00 D5=841D8530 D6=841D8530 D7=FFFF A0=10B8C4 A1=D00035 A2=4ABB4 A3=108F6A A4=108584 A5=108000 A6=108E3C PC=44C42 -- 044C42: move.b  #$6, ($654,A5)
D0=20 D1=1B D2=749D0370 D3=FFFF D4=7404C00 D5=841D8530 D6=841D8530 D7=FFFF A0=10B8C4 A1=D00035 A2=4ABB4 A3=108F6A A4=108584 A5=108000 A6=108E3C PC=44C48 -- 044C48: clr.b   ($655,A5)
D0=20 D1=1B D2=749D0370 D3=FFFF D4=7404C00 D5=841D8530 D6=841D8530 D7=FFFF A0=10B8C4 A1=D00035 A2=4ABB4 A3=108F6A A4=108584 A5=108000 A6=108E3C PC=44C4C -- 044C4C: andi.b  #$fd, ($38b8,A5)
D0=20 D1=1B D2=749D0370 D3=FFFF D4=7404C00 D5=841D8530 D6=841D8530 D7=FFFF A0=10B8C4 A1=D00035 A2=4ABB4 A3=108F6A A4=108584 A5=108000 A6=108E3C PC=44C52 -- 044C52: move.l  #$44c5a, ($584,A5)
D0=20 D1=1B D2=749D0370 D3=FFFF D4=7404C00 D5=841D8530 D6=841D8530 D7=FFFF A0=10B8C4 A1=D00035 A2=4ABB4 A3=108F6A A4=108584 A5=108000 A6=108E3C PC=44C5A -- 044C5A: move.w  #$7fff, ($38ba,A5)
D0=20 D1=1B D2=749D0370 D3=FFFF D4=7404C00 D5=841D8530 D6=841D8530 D7=FFFF A0=10B8C4 A1=D00035 A2=4ABB4 A3=108F6A A4=108584 A5=108000 A6=108E3C PC=44C60 -- 044C60: eori.b  #$1, ($655,A5)
D0=20 D1=1B D2=749D0370 D3=FFFF D4=7404C00 D5=841D8530 D6=841D8530 D7=FFFF A0=10B8C4 A1=D00035 A2=4ABB4 A3=108F6A A4=108584 A5=108000 A6=108E3C PC=44C66 -- 044C66: beq     $44c70
D0=20 D1=1B D2=749D0370 D3=FFFF D4=7404C00 D5=841D8530 D6=841D8530 D7=FFFF A0=10B8C4 A1=D00035 A2=4ABB4 A3=108F6A A4=108584 A5=108000 A6=108E3C PC=44C6A -- 044C6A: move.w  #$4f00, ($38ba,A5)
D0=20 D1=1B D2=749D0370 D3=FFFF D4=7404C00 D5=841D8530 D6=841D8530 D7=FFFF A0=10B8C4 A1=D00035 A2=4ABB4 A3=108F6A A4=108584 A5=108000 A6=108E3C PC=44C70 -- 044C70: subq.b  #1, ($654,A5)
D0=20 D1=1B D2=749D0370 D3=FFFF D4=7404C00 D5=841D8530 D6=841D8530 D7=FFFF A0=10B8C4 A1=D00035 A2=4ABB4 A3=108F6A A4=108584 A5=108000 A6=108E3C PC=44C74 -- 044C74: bcc     $44876
D0=20 D1=1B D2=749D0370 D3=FFFF D4=7404C00 D5=841D8530 D6=841D8530 D7=FFFF A0=10B8C4 A1=D00035 A2=4ABB4 A3=108F6A A4=108584 A5=108000 A6=108E3C PC=44876 -- 044876: rts
D0=20 D1=1B D2=749D0370 D3=FFFF D4=7404C00 D5=841D8530 D6=841D8530 D7=FFFF A0=10B8C4 A1=D00035 A2=4ABB4 A3=108F6A A4=108584 A5=108000 A6=108E3C PC=32B30 -- 032B30: move.l  #$100100, D7
D0=20 D1=1B D2=749D0370 D3=FFFF D4=7404C00 D5=841D8530 D6=841D8530 D7=100100 A0=10B8C4 A1=D00035 A2=4ABB4 A3=108F6A A4=108584 A5=108000 A6=108E3C PC=32B36 -- 032B36: movea.l D7, A4
D0=20 D1=1B D2=749D0370 D3=FFFF D4=7404C00 D5=841D8530 D6=841D8530 D7=100100 A0=10B8C4 A1=D00035 A2=4ABB4 A3=108F6A A4=100100 A5=108000 A6=108E3C PC=32B38 -- 032B38: movea.l (A4), A0
D0=20 D1=1B D2=749D0370 D3=FFFF D4=7404C00 D5=841D8530 D6=841D8530 D7=100100 A0=25A8 A1=D00035 A2=4ABB4 A3=108F6A A4=100100 A5=108000 A6=108E3C PC=32B3A -- 032B3A: jsr     (A0)
D0=20 D1=1B D2=749D0370 D3=FFFF D4=7404C00 D5=841D8530 D6=841D8530 D7=100100 A0=25A8 A1=D00035 A2=4ABB4 A3=108F6A A4=100100 A5=108000 A6=108E3C PC=25A8 -- 0025A8: rts
D0=20 D1=1B D2=749D0370 D3=FFFF D4=7404C00 D5=841D8530 D6=841D8530 D7=100100 A0=25A8 A1=D00035 A2=4ABB4 A3=108F6A A4=100100 A5=108000 A6=108E3C PC=32B3C -- 032B3C: move.l  A4, D7
D0=20 D1=1B D2=749D0370 D3=FFFF D4=7404C00 D5=841D8530 D6=841D8530 D7=100100 A0=25A8 A1=D00035 A2=4ABB4 A3=108F6A A4=100100 A5=108000 A6=108E3C PC=32B3E -- 032B3E: move.w  ($4,A4), D7
D0=20 D1=1B D2=749D0370 D3=FFFF D4=7404C00 D5=841D8530 D6=841D8530 D7=100500 A0=25A8 A1=D00035 A2=4ABB4 A3=108F6A A4=100100 A5=108000 A6=108E3C PC=32B42 -- 032B42: bpl     $32b36
D0=20 D1=1B D2=749D0370 D3=FFFF D4=7404C00 D5=841D8530 D6=841D8530 D7=100500 A0=25A8 A1=D00035 A2=4ABB4 A3=108F6A A4=100100 A5=108000 A6=108E3C PC=32B36 -- 032B36: movea.l D7, A4
D0=20 D1=1B D2=749D0370 D3=FFFF D4=7404C00 D5=841D8530 D6=841D8530 D7=100500 A0=25A8 A1=D00035 A2=4ABB4 A3=108F6A A4=100500 A5=108000 A6=108E3C PC=32B38 -- 032B38: movea.l (A4), A0
D0=20 D1=1B D2=749D0370 D3=FFFF D4=7404C00 D5=841D8530 D6=841D8530 D7=100500 A0=452EA A1=D00035 A2=4ABB4 A3=108F6A A4=100500 A5=108000 A6=108E3C PC=32B3A -- 032B3A: jsr     (A0)
D0=20 D1=1B D2=749D0370 D3=FFFF D4=7404C00 D5=841D8530 D6=841D8530 D7=100500 A0=452EA A1=D00035 A2=4ABB4 A3=108F6A A4=100500 A5=108000 A6=108E3C PC=452EA -- 0452EA: move.w  ($d0,A4), D0
D0=2 D1=1B D2=749D0370 D3=FFFF D4=7404C00 D5=841D8530 D6=841D8530 D7=100500 A0=452EA A1=D00035 A2=4ABB4 A3=108F6A A4=100500 A5=108000 A6=108E3C PC=452EE -- 0452EE: movea.l ($84,A4), A0
D0=2 D1=1B D2=749D0370 D3=FFFF D4=7404C00 D5=841D8530 D6=841D8530 D7=100500 A0=108584 A1=D00035 A2=4ABB4 A3=108F6A A4=100500 A5=108000 A6=108E3C PC=452F2 -- 0452F2: btst    D0, ($cf,A0)
D0=2 D1=1B D2=749D0370 D3=FFFF D4=7404C00 D5=841D8530 D6=841D8530 D7=100500 A0=108584 A1=D00035 A2=4ABB4 A3=108F6A A4=100500 A5=108000 A6=108E3C PC=452F6 -- 0452F6: bne     $45306
D0=2 D1=1B D2=749D0370 D3=FFFF D4=7404C00 D5=841D8530 D6=841D8530 D7=100500 A0=108584 A1=D00035 A2=4ABB4 A3=108F6A A4=100500 A5=108000 A6=108E3C PC=452FA -- 0452FA: tst.b   ($ce,A0)
D0=2 D1=1B D2=749D0370 D3=FFFF D4=7404C00 D5=841D8530 D6=841D8530 D7=100500 A0=108584 A1=D00035 A2=4ABB4 A3=108F6A A4=100500 A5=108000 A6=108E3C PC=452FE -- 0452FE: bpl     $44878
D0=2 D1=1B D2=749D0370 D3=FFFF D4=7404C00 D5=841D8530 D6=841D8530 D7=100500 A0=108584 A1=D00035 A2=4ABB4 A3=108F6A A4=100500 A5=108000 A6=108E3C PC=45302 -- 045302: bmi     $44876
D0=2 D1=1B D2=749D0370 D3=FFFF D4=7404C00 D5=841D8530 D6=841D8530 D7=100500 A0=108584 A1=D00035 A2=4ABB4 A3=108F6A A4=100500 A5=108000 A6=108E3C PC=44876 -- 044876: rts
D0=2 D1=1B D2=749D0370 D3=FFFF D4=7404C00 D5=841D8530 D6=841D8530 D7=100500 A0=108584 A1=D00035 A2=4ABB4 A3=108F6A A4=100500 A5=108000 A6=108E3C PC=32B3C -- 032B3C: move.l  A4, D7
D0=2 D1=1B D2=749D0370 D3=FFFF D4=7404C00 D5=841D8530 D6=841D8530 D7=100500 A0=108584 A1=D00035 A2=4ABB4 A3=108F6A A4=100500 A5=108000 A6=108E3C PC=32B3E -- 032B3E: move.w  ($4,A4), D7
D0=2 D1=1B D2=749D0370 D3=FFFF D4=7404C00 D5=841D8530 D6=841D8530 D7=100700 A0=108584 A1=D00035 A2=4ABB4 A3=108F6A A4=100500 A5=108000 A6=108E3C PC=32B42 -- 032B42: bpl     $32b36

   (loops for 3 instructions)

D0=2 D1=1B D2=749D0370 D3=FFFF D4=7404C00 D5=841D8530 D6=841D8530 D7=100700 A0=452EA A1=D00035 A2=4ABB4 A3=108F6A A4=100700 A5=108000 A6=108E3C PC=452EA -- 0452EA: move.w  ($d0,A4), D0
D0=2 D1=1B D2=749D0370 D3=FFFF D4=7404C00 D5=841D8530 D6=841D8530 D7=100700 A0=452EA A1=D00035 A2=4ABB4 A3=108F6A A4=100700 A5=108000 A6=108E3C PC=452EE -- 0452EE: movea.l ($84,A4), A0
D0=2 D1=1B D2=749D0370 D3=FFFF D4=7404C00 D5=841D8530 D6=841D8530 D7=100700 A0=108584 A1=D00035 A2=4ABB4 A3=108F6A A4=100700 A5=108000 A6=108E3C PC=452F2 -- 0452F2: btst    D0, ($cf,A0)
D0=2 D1=1B D2=749D0370 D3=FFFF D4=7404C00 D5=841D8530 D6=841D8530 D7=100700 A0=108584 A1=D00035 A2=4ABB4 A3=108F6A A4=100700 A5=108000 A6=108E3C PC=452F6 -- 0452F6: bne     $45306
D0=2 D1=1B D2=749D0370 D3=FFFF D4=7404C00 D5=841D8530 D6=841D8530 D7=100700 A0=108584 A1=D00035 A2=4ABB4 A3=108F6A A4=100700 A5=108000 A6=108E3C PC=452FA -- 0452FA: tst.b   ($ce,A0)
D0=2 D1=1B D2=749D0370 D3=FFFF D4=7404C00 D5=841D8530 D6=841D8530 D7=100700 A0=108584 A1=D00035 A2=4ABB4 A3=108F6A A4=100700 A5=108000 A6=108E3C PC=452FE -- 0452FE: bpl     $44878
D0=2 D1=1B D2=749D0370 D3=FFFF D4=7404C00 D5=841D8530 D6=841D8530 D7=100700 A0=108584 A1=D00035 A2=4ABB4 A3=108F6A A4=100700 A5=108000 A6=108E3C PC=45302 -- 045302: bmi     $44876

   (loops for 21 instructions)

D0=2 D1=1B D2=749D0370 D3=FFFF D4=7404C00 D5=841D8530 D6=841D8530 D7=100B00 A0=456D0 A1=D00035 A2=4ABB4 A3=108F6A A4=100B00 A5=108000 A6=108E3C PC=456D0 -- 0456D0: move.w  ($d0,A4), D0
D0=3 D1=1B D2=749D0370 D3=FFFF D4=7404C00 D5=841D8530 D6=841D8530 D7=100B00 A0=456D0 A1=D00035 A2=4ABB4 A3=108F6A A4=100B00 A5=108000 A6=108E3C PC=456D4 -- 0456D4: movea.l ($84,A4), A0
D0=3 D1=1B D2=749D0370 D3=FFFF D4=7404C00 D5=841D8530 D6=841D8530 D7=100B00 A0=108584 A1=D00035 A2=4ABB4 A3=108F6A A4=100B00 A5=108000 A6=108E3C PC=456D8 -- 0456D8: btst    D0, ($cf,A0)
D0=3 D1=1B D2=749D0370 D3=FFFF D4=7404C00 D5=841D8530 D6=841D8530 D7=100B00 A0=108584 A1=D00035 A2=4ABB4 A3=108F6A A4=100B00 A5=108000 A6=108E3C PC=456DC -- 0456DC: bne     $4576a
D0=3 D1=1B D2=749D0370 D3=FFFF D4=7404C00 D5=841D8530 D6=841D8530 D7=100B00 A0=108584 A1=D00035 A2=4ABB4 A3=108F6A A4=100B00 A5=108000 A6=108E3C PC=4576A -- 04576A: ori.b   #$1, ($cf,A4)
D0=3 D1=1B D2=749D0370 D3=FFFF D4=7404C00 D5=841D8530 D6=841D8530 D7=100B00 A0=108584 A1=D00035 A2=4ABB4 A3=108F6A A4=100B00 A5=108000 A6=108E3C PC=45770 -- 045770: move.l  #$45778, (A4)
D0=3 D1=1B D2=749D0370 D3=FFFF D4=7404C00 D5=841D8530 D6=841D8530 D7=100B00 A0=108584 A1=D00035 A2=4ABB4 A3=108F6A A4=100B00 A5=108000 A6=108E3C PC=45776 -- 045776: rts

   (loops for 6 instructions)

D0=3 D1=1B D2=749D0370 D3=FFFF D4=7404C00 D5=841D8530 D6=841D8530 D7=100D00 A0=45864 A1=D00035 A2=4ABB4 A3=108F6A A4=100D00 A5=108000 A6=108E3C PC=45864 -- 045864: move.w  ($d0,A4), D0
D0=0 D1=1B D2=749D0370 D3=FFFF D4=7404C00 D5=841D8530 D6=841D8530 D7=100D00 A0=45864 A1=D00035 A2=4ABB4 A3=108F6A A4=100D00 A5=108000 A6=108E3C PC=45868 -- 045868: movea.l ($84,A4), A0
D0=0 D1=1B D2=749D0370 D3=FFFF D4=7404C00 D5=841D8530 D6=841D8530 D7=100D00 A0=100B00 A1=D00035 A2=4ABB4 A3=108F6A A4=100D00 A5=108000 A6=108E3C PC=4586C -- 04586C: btst    D0, ($cf,A0)
D0=0 D1=1B D2=749D0370 D3=FFFF D4=7404C00 D5=841D8530 D6=841D8530 D7=100D00 A0=100B00 A1=D00035 A2=4ABB4 A3=108F6A A4=100D00 A5=108000 A6=108E3C PC=45870 -- 045870: beq     $44878
D0=0 D1=1B D2=749D0370 D3=FFFF D4=7404C00 D5=841D8530 D6=841D8530 D7=100D00 A0=100B00 A1=D00035 A2=4ABB4 A3=108F6A A4=100D00 A5=108000 A6=108E3C PC=45874 -- 045874: jmp     $2682.w
D0=0 D1=1B D2=749D0370 D3=FFFF D4=7404C00 D5=841D8530 D6=841D8530 D7=100D00 A0=100B00 A1=D00035 A2=4ABB4 A3=108F6A A4=100D00 A5=108000 A6=108E3C PC=2682 -- 002682: lea     ($500,A5), A0
D0=0 D1=1B D2=749D0370 D3=FFFF D4=7404C00 D5=841D8530 D6=841D8530 D7=100D00 A0=108500 A1=D00035 A2=4ABB4 A3=108F6A A4=100D00 A5=108000 A6=108E3C PC=2686 -- 002686: addq.w  #2, ($580,A5)
D0=0 D1=1B D2=749D0370 D3=FFFF D4=7404C00 D5=841D8530 D6=841D8530 D7=100D00 A0=108500 A1=D00035 A2=4ABB4 A3=108F6A A4=100D00 A5=108000 A6=108E3C PC=268A -- 00268A: moveq   #$0, D0
D0=0 D1=1B D2=749D0370 D3=FFFF D4=7404C00 D5=841D8530 D6=841D8530 D7=100D00 A0=108500 A1=D00035 A2=4ABB4 A3=108F6A A4=100D00 A5=108000 A6=108E3C PC=268C -- 00268C: move.w  ($580,A5), D0
D0=6E D1=1B D2=749D0370 D3=FFFF D4=7404C00 D5=841D8530 D6=841D8530 D7=100D00 A0=108500 A1=D00035 A2=4ABB4 A3=108F6A A4=100D00 A5=108000 A6=108E3C PC=2690 -- 002690: move.w  A4, (A0,D0.w)
D0=6E D1=1B D2=749D0370 D3=FFFF D4=7404C00 D5=841D8530 D6=841D8530 D7=100D00 A0=108500 A1=D00035 A2=4ABB4 A3=108F6A A4=100D00 A5=108000 A6=108E3C PC=2694 -- 002694: move.l  #$100000, D0
D0=100000 D1=1B D2=749D0370 D3=FFFF D4=7404C00 D5=841D8530 D6=841D8530 D7=100D00 A0=108500 A1=D00035 A2=4ABB4 A3=108F6A A4=100D00 A5=108000 A6=108E3C PC=269A -- 00269A: move.w  ($6,A4), D0
D0=100B00 D1=1B D2=749D0370 D3=FFFF D4=7404C00 D5=841D8530 D6=841D8530 D7=100D00 A0=108500 A1=D00035 A2=4ABB4 A3=108F6A A4=100D00 A5=108000 A6=108E3C PC=269E -- 00269E: movea.l D0, A0
D0=100B00 D1=1B D2=749D0370 D3=FFFF D4=7404C00 D5=841D8530 D6=841D8530 D7=100D00 A0=100B00 A1=D00035 A2=4ABB4 A3=108F6A A4=100D00 A5=108000 A6=108E3C PC=26A0 -- 0026A0: move.w  ($4,A4), ($4,A0)
D0=100B00 D1=1B D2=749D0370 D3=FFFF D4=7404C00 D5=841D8530 D6=841D8530 D7=100D00 A0=100B00 A1=D00035 A2=4ABB4 A3=108F6A A4=100D00 A5=108000 A6=108E3C PC=26A6 -- 0026A6: move.w  ($4,A4), D0
D0=100F00 D1=1B D2=749D0370 D3=FFFF D4=7404C00 D5=841D8530 D6=841D8530 D7=100D00 A0=100B00 A1=D00035 A2=4ABB4 A3=108F6A A4=100D00 A5=108000 A6=108E3C PC=26AA -- 0026AA: movea.l D0, A0
D0=100F00 D1=1B D2=749D0370 D3=FFFF D4=7404C00 D5=841D8530 D6=841D8530 D7=100D00 A0=100F00 A1=D00035 A2=4ABB4 A3=108F6A A4=100D00 A5=108000 A6=108E3C PC=26AC -- 0026AC: move.w  ($6,A4), ($6,A0)
D0=100F00 D1=1B D2=749D0370 D3=FFFF D4=7404C00 D5=841D8530 D6=841D8530 D7=100D00 A0=100F00 A1=D00035 A2=4ABB4 A3=108F6A A4=100D00 A5=108000 A6=108E3C PC=26B2 -- 0026B2: move.w  #$ffff, ($6,A4)
D0=100F00 D1=1B D2=749D0370 D3=FFFF D4=7404C00 D5=841D8530 D6=841D8530 D7=100D00 A0=100F00 A1=D00035 A2=4ABB4 A3=108F6A A4=100D00 A5=108000 A6=108E3C PC=26B8 -- 0026B8: rts

   (loops for 6 instructions)

D0=100F00 D1=1B D2=749D0370 D3=FFFF D4=7404C00 D5=841D8530 D6=841D8530 D7=100F00 A0=45864 A1=D00035 A2=4ABB4 A3=108F6A A4=100F00 A5=108000 A6=108E3C PC=45864 -- 045864: move.w  ($d0,A4), D0
D0=100000 D1=1B D2=749D0370 D3=FFFF D4=7404C00 D5=841D8530 D6=841D8530 D7=100F00 A0=45864 A1=D00035 A2=4ABB4 A3=108F6A A4=100F00 A5=108000 A6=108E3C PC=45868 -- 045868: movea.l ($84,A4), A0
D0=100000 D1=1B D2=749D0370 D3=FFFF D4=7404C00 D5=841D8530 D6=841D8530 D7=100F00 A0=100B00 A1=D00035 A2=4ABB4 A3=108F6A A4=100F00 A5=108000 A6=108E3C PC=4586C -- 04586C: btst    D0, ($cf,A0)
D0=100000 D1=1B D2=749D0370 D3=FFFF D4=7404C00 D5=841D8530 D6=841D8530 D7=100F00 A0=100B00 A1=D00035 A2=4ABB4 A3=108F6A A4=100F00 A5=108000 A6=108E3C PC=45870 -- 045870: beq     $44878
D0=100000 D1=1B D2=749D0370 D3=FFFF D4=7404C00 D5=841D8530 D6=841D8530 D7=100F00 A0=100B00 A1=D00035 A2=4ABB4 A3=108F6A A4=100F00 A5=108000 A6=108E3C PC=45874 -- 045874: jmp     $2682.w
D0=100000 D1=1B D2=749D0370 D3=FFFF D4=7404C00 D5=841D8530 D6=841D8530 D7=100F00 A0=100B00 A1=D00035 A2=4ABB4 A3=108F6A A4=100F00 A5=108000 A6=108E3C PC=2682 -- 002682: lea     ($500,A5), A0
D0=100000 D1=1B D2=749D0370 D3=FFFF D4=7404C00 D5=841D8530 D6=841D8530 D7=100F00 A0=108500 A1=D00035 A2=4ABB4 A3=108F6A A4=100F00 A5=108000 A6=108E3C PC=2686 -- 002686: addq.w  #2, ($580,A5)
D0=100000 D1=1B D2=749D0370 D3=FFFF D4=7404C00 D5=841D8530 D6=841D8530 D7=100F00 A0=108500 A1=D00035 A2=4ABB4 A3=108F6A A4=100F00 A5=108000 A6=108E3C PC=268A -- 00268A: moveq   #$0, D0
D0=0 D1=1B D2=749D0370 D3=FFFF D4=7404C00 D5=841D8530 D6=841D8530 D7=100F00 A0=108500 A1=D00035 A2=4ABB4 A3=108F6A A4=100F00 A5=108000 A6=108E3C PC=268C -- 00268C: move.w  ($580,A5), D0
D0=70 D1=1B D2=749D0370 D3=FFFF D4=7404C00 D5=841D8530 D6=841D8530 D7=100F00 A0=108500 A1=D00035 A2=4ABB4 A3=108F6A A4=100F00 A5=108000 A6=108E3C PC=2690 -- 002690: move.w  A4, (A0,D0.w)
D0=70 D1=1B D2=749D0370 D3=FFFF D4=7404C00 D5=841D8530 D6=841D8530 D7=100F00 A0=108500 A1=D00035 A2=4ABB4 A3=108F6A A4=100F00 A5=108000 A6=108E3C PC=2694 -- 002694: move.l  #$100000, D0
D0=100000 D1=1B D2=749D0370 D3=FFFF D4=7404C00 D5=841D8530 D6=841D8530 D7=100F00 A0=108500 A1=D00035 A2=4ABB4 A3=108F6A A4=100F00 A5=108000 A6=108E3C PC=269A -- 00269A: move.w  ($6,A4), D0
D0=100B00 D1=1B D2=749D0370 D3=FFFF D4=7404C00 D5=841D8530 D6=841D8530 D7=100F00 A0=108500 A1=D00035 A2=4ABB4 A3=108F6A A4=100F00 A5=108000 A6=108E3C PC=269E -- 00269E: movea.l D0, A0
D0=100B00 D1=1B D2=749D0370 D3=FFFF D4=7404C00 D5=841D8530 D6=841D8530 D7=100F00 A0=100B00 A1=D00035 A2=4ABB4 A3=108F6A A4=100F00 A5=108000 A6=108E3C PC=26A0 -- 0026A0: move.w  ($4,A4), ($4,A0)
D0=100B00 D1=1B D2=749D0370 D3=FFFF D4=7404C00 D5=841D8530 D6=841D8530 D7=100F00 A0=100B00 A1=D00035 A2=4ABB4 A3=108F6A A4=100F00 A5=108000 A6=108E3C PC=26A6 -- 0026A6: move.w  ($4,A4), D0
D0=101100 D1=1B D2=749D0370 D3=FFFF D4=7404C00 D5=841D8530 D6=841D8530 D7=100F00 A0=100B00 A1=D00035 A2=4ABB4 A3=108F6A A4=100F00 A5=108000 A6=108E3C PC=26AA -- 0026AA: movea.l D0, A0
D0=101100 D1=1B D2=749D0370 D3=FFFF D4=7404C00 D5=841D8530 D6=841D8530 D7=100F00 A0=101100 A1=D00035 A2=4ABB4 A3=108F6A A4=100F00 A5=108000 A6=108E3C PC=26AC -- 0026AC: move.w  ($6,A4), ($6,A0)
D0=101100 D1=1B D2=749D0370 D3=FFFF D4=7404C00 D5=841D8530 D6=841D8530 D7=100F00 A0=101100 A1=D00035 A2=4ABB4 A3=108F6A A4=100F00 A5=108000 A6=108E3C PC=26B2 -- 0026B2: move.w  #$ffff, ($6,A4)
D0=101100 D1=1B D2=749D0370 D3=FFFF D4=7404C00 D5=841D8530 D6=841D8530 D7=100F00 A0=101100 A1=D00035 A2=4ABB4 A3=108F6A A4=100F00 A5=108000 A6=108E3C PC=26B8 -- 0026B8: rts
D0=101100 D1=1B D2=749D0370 D3=FFFF D4=7404C00 D5=841D8530 D6=841D8530 D7=100F00 A0=101100 A1=D00035 A2=4ABB4 A3=108F6A A4=100F00 A5=108000 A6=108E3C PC=32B3C -- 032B3C: move.l  A4, D7
D0=101100 D1=1B D2=749D0370 D3=FFFF D4=7404C00 D5=841D8530 D6=841D8530 D7=100F00 A0=101100 A1=D00035 A2=4ABB4 A3=108F6A A4=100F00 A5=108000 A6=108E3C PC=32B3E -- 032B3E: move.w  ($4,A4), D7
D0=101100 D1=1B D2=749D0370 D3=FFFF D4=7404C00 D5=841D8530 D6=841D8530 D7=101100 A0=101100 A1=D00035 A2=4ABB4 A3=108F6A A4=100F00 A5=108000 A6=108E3C PC=32B42 -- 032B42: bpl     $32b36
D0=101100 D1=1B D2=749D0370 D3=FFFF D4=7404C00 D5=841D8530 D6=841D8530 D7=101100 A0=101100 A1=D00035 A2=4ABB4 A3=108F6A A4=100F00 A5=108000 A6=108E3C PC=32B36 -- 032B36: movea.l D7, A4
D0=101100 D1=1B D2=749D0370 D3=FFFF D4=7404C00 D5=841D8530 D6=841D8530 D7=101100 A0=101100 A1=D00035 A2=4ABB4 A3=108F6A A4=101100 A5=108000 A6=108E3C PC=32B38 -- 032B38: movea.l (A4), A0
D0=101100 D1=1B D2=749D0370 D3=FFFF D4=7404C00 D5=841D8530 D6=841D8530 D7=101100 A0=45878 A1=D00035 A2=4ABB4 A3=108F6A A4=101100 A5=108000 A6=108E3C PC=32B3A -- 032B3A: jsr     (A0)
D0=101100 D1=1B D2=749D0370 D3=FFFF D4=7404C00 D5=841D8530 D6=841D8530 D7=101100 A0=45878 A1=D00035 A2=4ABB4 A3=108F6A A4=101100 A5=108000 A6=108E3C PC=45878 -- 045878: move.w  ($d0,A4), D0
D0=100000 D1=1B D2=749D0370 D3=FFFF D4=7404C00 D5=841D8530 D6=841D8530 D7=101100 A0=45878 A1=D00035 A2=4ABB4 A3=108F6A A4=101100 A5=108000 A6=108E3C PC=4587C -- 04587C: movea.l ($84,A4), A0
D0=100000 D1=1B D2=749D0370 D3=FFFF D4=7404C00 D5=841D8530 D6=841D8530 D7=101100 A0=100B00 A1=D00035 A2=4ABB4 A3=108F6A A4=101100 A5=108000 A6=108E3C PC=45880 -- 045880: btst    D0, ($cf,A0)
D0=100000 D1=1B D2=749D0370 D3=FFFF D4=7404C00 D5=841D8530 D6=841D8530 D7=101100 A0=100B00 A1=D00035 A2=4ABB4 A3=108F6A A4=101100 A5=108000 A6=108E3C PC=45884 -- 045884: bne     $458b2
D0=100000 D1=1B D2=749D0370 D3=FFFF D4=7404C00 D5=841D8530 D6=841D8530 D7=101100 A0=100B00 A1=D00035 A2=4ABB4 A3=108F6A A4=101100 A5=108000 A6=108E3C PC=458B2 -- 0458B2: jmp     $2682.w

   (loops for 14 instructions)

D0=100300 D1=1B D2=749D0370 D3=FFFF D4=7404C00 D5=841D8530 D6=841D8530 D7=101100 A0=100300 A1=D00035 A2=4ABB4 A3=108F6A A4=101100 A5=108000 A6=108E3C PC=32B3C -- 032B3C: move.l  A4, D7
D0=100300 D1=1B D2=749D0370 D3=FFFF D4=7404C00 D5=841D8530 D6=841D8530 D7=101100 A0=100300 A1=D00035 A2=4ABB4 A3=108F6A A4=101100 A5=108000 A6=108E3C PC=32B3E -- 032B3E: move.w  ($4,A4), D7
D0=100300 D1=1B D2=749D0370 D3=FFFF D4=7404C00 D5=841D8530 D6=841D8530 D7=100300 A0=100300 A1=D00035 A2=4ABB4 A3=108F6A A4=101100 A5=108000 A6=108E3C PC=32B42 -- 032B42: bpl     $32b36
D0=100300 D1=1B D2=749D0370 D3=FFFF D4=7404C00 D5=841D8530 D6=841D8530 D7=100300 A0=100300 A1=D00035 A2=4ABB4 A3=108F6A A4=101100 A5=108000 A6=108E3C PC=32B36 -- 032B36: movea.l D7, A4
D0=100300 D1=1B D2=749D0370 D3=FFFF D4=7404C00 D5=841D8530 D6=841D8530 D7=100300 A0=100300 A1=D00035 A2=4ABB4 A3=108F6A A4=100300 A5=108000 A6=108E3C PC=32B38 -- 032B38: movea.l (A4), A0
D0=100300 D1=1B D2=749D0370 D3=FFFF D4=7404C00 D5=841D8530 D6=841D8530 D7=100300 A0=25A8 A1=D00035 A2=4ABB4 A3=108F6A A4=100300 A5=108000 A6=108E3C PC=32B3A -- 032B3A: jsr     (A0)
D0=100300 D1=1B D2=749D0370 D3=FFFF D4=7404C00 D5=841D8530 D6=841D8530 D7=100300 A0=25A8 A1=D00035 A2=4ABB4 A3=108F6A A4=100300 A5=108000 A6=108E3C PC=25A8 -- 0025A8: rts

   (loops for 3 instructions)

D0=100300 D1=1B D2=749D0370 D3=FFFF D4=7404C00 D5=841D8530 D6=841D8530 D7=10FFFF A0=25A8 A1=D00035 A2=4ABB4 A3=108F6A A4=100300 A5=108000 A6=108E3C PC=32B44 -- 032B44: jsr     $29d6.l
D0=100300 D1=1B D2=749D0370 D3=FFFF D4=7404C00 D5=841D8530 D6=841D8530 D7=10FFFF A0=25A8 A1=D00035 A2=4ABB4 A3=108F6A A4=100300 A5=108000 A6=108E3C PC=29D6 -- 0029D6: tst.w   ($18a2,A5)
D0=100300 D1=1B D2=749D0370 D3=FFFF D4=7404C00 D5=841D8530 D6=841D8530 D7=10FFFF A0=25A8 A1=D00035 A2=4ABB4 A3=108F6A A4=100300 A5=108000 A6=108E3C PC=29DA -- 0029DA: bne     $29de
D0=100300 D1=1B D2=749D0370 D3=FFFF D4=7404C00 D5=841D8530 D6=841D8530 D7=10FFFF A0=25A8 A1=D00035 A2=4ABB4 A3=108F6A A4=100300 A5=108000 A6=108E3C PC=29DC -- 0029DC: rts
D0=100300 D1=1B D2=749D0370 D3=FFFF D4=7404C00 D5=841D8530 D6=841D8530 D7=10FFFF A0=25A8 A1=D00035 A2=4ABB4 A3=108F6A A4=100300 A5=108000 A6=108E3C PC=32B4A -- 032B4A: jsr     $2c5c.l
D0=100300 D1=1B D2=749D0370 D3=FFFF D4=7404C00 D5=841D8530 D6=841D8530 D7=10FFFF A0=25A8 A1=D00035 A2=4ABB4 A3=108F6A A4=100300 A5=108000 A6=108E3C PC=2C5C -- 002C5C: tst.w   ($18a2,A5)
D0=100300 D1=1B D2=749D0370 D3=FFFF D4=7404C00 D5=841D8530 D6=841D8530 D7=10FFFF A0=25A8 A1=D00035 A2=4ABB4 A3=108F6A A4=100300 A5=108000 A6=108E3C PC=2C60 -- 002C60: beq     $2cd2
D0=100300 D1=1B D2=749D0370 D3=FFFF D4=7404C00 D5=841D8530 D6=841D8530 D7=10FFFF A0=25A8 A1=D00035 A2=4ABB4 A3=108F6A A4=100300 A5=108000 A6=108E3C PC=2CD2 -- 002CD2: clr.w   ($18a2,A5)
D0=100300 D1=1B D2=749D0370 D3=FFFF D4=7404C00 D5=841D8530 D6=841D8530 D7=10FFFF A0=25A8 A1=D00035 A2=4ABB4 A3=108F6A A4=100300 A5=108000 A6=108E3C PC=2CD6 -- 002CD6: clr.w   ($18a4,A5)
D0=100300 D1=1B D2=749D0370 D3=FFFF D4=7404C00 D5=841D8530 D6=841D8530 D7=10FFFF A0=25A8 A1=D00035 A2=4ABB4 A3=108F6A A4=100300 A5=108000 A6=108E3C PC=2CDA -- 002CDA: rts
D0=100300 D1=1B D2=749D0370 D3=FFFF D4=7404C00 D5=841D8530 D6=841D8530 D7=10FFFF A0=25A8 A1=D00035 A2=4ABB4 A3=108F6A A4=100300 A5=108000 A6=108E3C PC=32B50 -- 032B50: jsr     ($10f6,PC) ; ($33c48)
D0=100300 D1=1B D2=749D0370 D3=FFFF D4=7404C00 D5=841D8530 D6=841D8530 D7=10FFFF A0=25A8 A1=D00035 A2=4ABB4 A3=108F6A A4=100300 A5=108000 A6=108E3C PC=33C48 -- 033C48: lea     ($179a,A5), A0
D0=100300 D1=1B D2=749D0370 D3=FFFF D4=7404C00 D5=841D8530 D6=841D8530 D7=10FFFF A0=10979A A1=D00035 A2=4ABB4 A3=108F6A A4=100300 A5=108000 A6=108E3C PC=33C4C -- 033C4C: lea     ($100,A5), A1
D0=100300 D1=1B D2=749D0370 D3=FFFF D4=7404C00 D5=841D8530 D6=841D8530 D7=10FFFF A0=10979A A1=108100 A2=4ABB4 A3=108F6A A4=100300 A5=108000 A6=108E3C PC=33C50 -- 033C50: moveq   #$1, D0
D0=1 D1=1B D2=749D0370 D3=FFFF D4=7404C00 D5=841D8530 D6=841D8530 D7=10FFFF A0=10979A A1=108100 A2=4ABB4 A3=108F6A A4=100300 A5=108000 A6=108E3C PC=33C52 -- 033C52: move.l  ($18,A1), D1
D0=1 D1=37AD8BE D2=749D0370 D3=FFFF D4=7404C00 D5=841D8530 D6=841D8530 D7=10FFFF A0=10979A A1=108100 A2=4ABB4 A3=108F6A A4=100300 A5=108000 A6=108E3C PC=33C56 -- 033C56: sub.l   (A0)+, D1
D0=1 D1=FFFEC000 D2=749D0370 D3=FFFF D4=7404C00 D5=841D8530 D6=841D8530 D7=10FFFF A0=10979E A1=108100 A2=4ABB4 A3=108F6A A4=100300 A5=108000 A6=108E3C PC=33C58 -- 033C58: move.l  D1, ($44,A1)
D0=1 D1=FFFEC000 D2=749D0370 D3=FFFF D4=7404C00 D5=841D8530 D6=841D8530 D7=10FFFF A0=10979E A1=108100 A2=4ABB4 A3=108F6A A4=100300 A5=108000 A6=108E3C PC=33C5C -- 033C5C: lea     ($200,A1), A1
D0=1 D1=FFFEC000 D2=749D0370 D3=FFFF D4=7404C00 D5=841D8530 D6=841D8530 D7=10FFFF A0=10979E A1=108300 A2=4ABB4 A3=108F6A A4=100300 A5=108000 A6=108E3C PC=33C60 -- 033C60: dbra    D0, $33c52
D0=0 D1=FFFEC000 D2=749D0370 D3=FFFF D4=7404C00 D5=841D8530 D6=841D8530 D7=10FFFF A0=10979E A1=108300 A2=4ABB4 A3=108F6A A4=100300 A5=108000 A6=108E3C PC=33C52 -- 033C52: move.l  ($18,A1), D1
D0=0 D1=3E51667 D2=749D0370 D3=FFFF D4=7404C00 D5=841D8530 D6=841D8530 D7=10FFFF A0=10979E A1=108300 A2=4ABB4 A3=108F6A A4=100300 A5=108000 A6=108E3C PC=33C56 -- 033C56: sub.l   (A0)+, D1
D0=0 D1=0 D2=749D0370 D3=FFFF D4=7404C00 D5=841D8530 D6=841D8530 D7=10FFFF A0=1097A2 A1=108300 A2=4ABB4 A3=108F6A A4=100300 A5=108000 A6=108E3C PC=33C58 -- 033C58: move.l  D1, ($44,A1)
D0=0 D1=0 D2=749D0370 D3=FFFF D4=7404C00 D5=841D8530 D6=841D8530 D7=10FFFF A0=1097A2 A1=108300 A2=4ABB4 A3=108F6A A4=100300 A5=108000 A6=108E3C PC=33C5C -- 033C5C: lea     ($200,A1), A1
D0=0 D1=0 D2=749D0370 D3=FFFF D4=7404C00 D5=841D8530 D6=841D8530 D7=10FFFF A0=1097A2 A1=108500 A2=4ABB4 A3=108F6A A4=100300 A5=108000 A6=108E3C PC=33C60 -- 033C60: dbra    D0, $33c52
D0=FFFF D1=0 D2=749D0370 D3=FFFF D4=7404C00 D5=841D8530 D6=841D8530 D7=10FFFF A0=1097A2 A1=108500 A2=4ABB4 A3=108F6A A4=100300 A5=108000 A6=108E3C PC=33C64 -- 033C64: rts
D0=FFFF D1=0 D2=749D0370 D3=FFFF D4=7404C00 D5=841D8530 D6=841D8530 D7=10FFFF A0=1097A2 A1=108500 A2=4ABB4 A3=108F6A A4=100300 A5=108000 A6=108E3C PC=32B54 -- 032B54: nop
D0=FFFF D1=0 D2=749D0370 D3=FFFF D4=7404C00 D5=841D8530 D6=841D8530 D7=10FFFF A0=1097A2 A1=108500 A2=4ABB4 A3=108F6A A4=100300 A5=108000 A6=108E3C PC=32B56 -- 032B56: lea     $10907c.l, A4
D0=FFFF D1=0 D2=749D0370 D3=FFFF D4=7404C00 D5=841D8530 D6=841D8530 D7=10FFFF A0=1097A2 A1=108500 A2=4ABB4 A3=108F6A A4=10907C A5=108000 A6=108E3C PC=32B5C -- 032B5C: move.b  #$4, ($147c,A5)
D0=FFFF D1=0 D2=749D0370 D3=FFFF D4=7404C00 D5=841D8530 D6=841D8530 D7=10FFFF A0=1097A2 A1=108500 A2=4ABB4 A3=108F6A A4=10907C A5=108000 A6=108E3C PC=32B62 -- 032B62: tst.b   ($6e,A4)
D0=FFFF D1=0 D2=749D0370 D3=FFFF D4=7404C00 D5=841D8530 D6=841D8530 D7=10FFFF A0=1097A2 A1=108500 A2=4ABB4 A3=108F6A A4=10907C A5=108000 A6=108E3C PC=32B66 -- 032B66: bpl     $32b6c
D0=FFFF D1=0 D2=749D0370 D3=FFFF D4=7404C00 D5=841D8530 D6=841D8530 D7=10FFFF A0=1097A2 A1=108500 A2=4ABB4 A3=108F6A A4=10907C A5=108000 A6=108E3C PC=32B68 -- 032B68: movea.l (A4), A0
D0=FFFF D1=0 D2=749D0370 D3=FFFF D4=7404C00 D5=841D8530 D6=841D8530 D7=10FFFF A0=45096 A1=108500 A2=4ABB4 A3=108F6A A4=10907C A5=108000 A6=108E3C PC=32B6A -- 032B6A: jsr     (A0)
D0=FFFF D1=0 D2=749D0370 D3=FFFF D4=7404C00 D5=841D8530 D6=841D8530 D7=10FFFF A0=45096 A1=108500 A2=4ABB4 A3=108F6A A4=10907C A5=108000 A6=108E3C PC=45096 -- 045096: move.w  ($d0,A4), D0
D0=0 D1=0 D2=749D0370 D3=FFFF D4=7404C00 D5=841D8530 D6=841D8530 D7=10FFFF A0=45096 A1=108500 A2=4ABB4 A3=108F6A A4=10907C A5=108000 A6=108E3C PC=4509A -- 04509A: movea.l ($84,A4), A0
D0=0 D1=0 D2=749D0370 D3=FFFF D4=7404C00 D5=841D8530 D6=841D8530 D7=10FFFF A0=108584 A1=108500 A2=4ABB4 A3=108F6A A4=10907C A5=108000 A6=108E3C PC=4509E -- 04509E: btst    D0, ($cf,A0)
D0=0 D1=0 D2=749D0370 D3=FFFF D4=7404C00 D5=841D8530 D6=841D8530 D7=10FFFF A0=108584 A1=108500 A2=4ABB4 A3=108F6A A4=10907C A5=108000 A6=108E3C PC=450A2 -- 0450A2: bne     $450b2
D0=0 D1=0 D2=749D0370 D3=FFFF D4=7404C00 D5=841D8530 D6=841D8530 D7=10FFFF A0=108584 A1=108500 A2=4ABB4 A3=108F6A A4=10907C A5=108000 A6=108E3C PC=450A6 -- 0450A6: tst.b   ($ce,A0)
D0=0 D1=0 D2=749D0370 D3=FFFF D4=7404C00 D5=841D8530 D6=841D8530 D7=10FFFF A0=108584 A1=108500 A2=4ABB4 A3=108F6A A4=10907C A5=108000 A6=108E3C PC=450AA -- 0450AA: bpl     $44884
D0=0 D1=0 D2=749D0370 D3=FFFF D4=7404C00 D5=841D8530 D6=841D8530 D7=10FFFF A0=108584 A1=108500 A2=4ABB4 A3=108F6A A4=10907C A5=108000 A6=108E3C PC=450AE -- 0450AE: bmi     $44890
D0=0 D1=0 D2=749D0370 D3=FFFF D4=7404C00 D5=841D8530 D6=841D8530 D7=10FFFF A0=108584 A1=108500 A2=4ABB4 A3=108F6A A4=10907C A5=108000 A6=108E3C PC=44890 -- 044890: jmp     $2336.l
D0=0 D1=0 D2=749D0370 D3=FFFF D4=7404C00 D5=841D8530 D6=841D8530 D7=10FFFF A0=108584 A1=108500 A2=4ABB4 A3=108F6A A4=10907C A5=108000 A6=108E3C PC=2336 -- 002336: lea     $3c0000.l, A0
D0=0 D1=0 D2=749D0370 D3=FFFF D4=7404C00 D5=841D8530 D6=841D8530 D7=10FFFF A0=3C0000 A1=108500 A2=4ABB4 A3=108F6A A4=10907C A5=108000 A6=108E3C PC=233C -- 00233C: moveq   #$0, D0
D0=0 D1=0 D2=749D0370 D3=FFFF D4=7404C00 D5=841D8530 D6=841D8530 D7=10FFFF A0=3C0000 A1=108500 A2=4ABB4 A3=108F6A A4=10907C A5=108000 A6=108E3C PC=233E -- 00233E: move.w  ($6a,A4), D0
D0=59 D1=0 D2=749D0370 D3=FFFF D4=7404C00 D5=841D8530 D6=841D8530 D7=10FFFF A0=3C0000 A1=108500 A2=4ABB4 A3=108F6A A4=10907C A5=108000 A6=108E3C PC=2342 -- 002342: addi.w  #-$7e00, D0
D0=8259 D1=0 D2=749D0370 D3=FFFF D4=7404C00 D5=841D8530 D6=841D8530 D7=10FFFF A0=3C0000 A1=108500 A2=4ABB4 A3=108F6A A4=10907C A5=108000 A6=108E3C PC=2346 -- 002346: swap    D0
D0=82590000 D1=0 D2=749D0370 D3=FFFF D4=7404C00 D5=841D8530 D6=841D8530 D7=10FFFF A0=3C0000 A1=108500 A2=4ABB4 A3=108F6A A4=10907C A5=108000 A6=108E3C PC=2348 -- 002348: moveq   #$1f, D1
D0=82590000 D1=1F D2=749D0370 D3=FFFF D4=7404C00 D5=841D8530 D6=841D8530 D7=10FFFF A0=3C0000 A1=108500 A2=4ABB4 A3=108F6A A4=10907C A5=108000 A6=108E3C PC=234A -- 00234A: move.l  D0, (A0)
D0=82590000 D1=1F D2=749D0370 D3=FFFF D4=7404C00 D5=841D8530 D6=841D8530 D7=10FFFF A0=3C0000 A1=108500 A2=4ABB4 A3=108F6A A4=10907C A5=108000 A6=108E3C PC=234C -- 00234C: addi.l  #$10000, D0
D0=825A0000 D1=1F D2=749D0370 D3=FFFF D4=7404C00 D5=841D8530 D6=841D8530 D7=10FFFF A0=3C0000 A1=108500 A2=4ABB4 A3=108F6A A4=10907C A5=108000 A6=108E3C PC=2352 -- 002352: dbra    D1, $234a
D0=825A0000 D1=1E D2=749D0370 D3=FFFF D4=7404C00 D5=841D8530 D6=841D8530 D7=10FFFF A0=3C0000 A1=108500 A2=4ABB4 A3=108F6A A4=10907C A5=108000 A6=108E3C PC=234A -- 00234A: move.l  D0, (A0)
D0=825A0000 D1=1E D2=749D0370 D3=FFFF D4=7404C00 D5=841D8530 D6=841D8530 D7=10FFFF A0=3C0000 A1=108500 A2=4ABB4 A3=108F6A A4=10907C A5=108000 A6=108E3C PC=234C -- 00234C: addi.l  #$10000, D0
D0=825B0000 D1=1E D2=749D0370 D3=FFFF D4=7404C00 D5=841D8530 D6=841D8530 D7=10FFFF A0=3C0000 A1=108500 A2=4ABB4 A3=108F6A A4=10907C A5=108000 A6=108E3C PC=2352 -- 002352: dbra    D1, $234a

   (loops for 90 instructions)

D0=82790000 D1=FFFF D2=749D0370 D3=FFFF D4=7404C00 D5=841D8530 D6=841D8530 D7=10FFFF A0=3C0000 A1=108500 A2=4ABB4 A3=108F6A A4=10907C A5=108000 A6=108E3C PC=2356 -- 002356: rts
D0=82790000 D1=FFFF D2=749D0370 D3=FFFF D4=7404C00 D5=841D8530 D6=841D8530 D7=10FFFF A0=3C0000 A1=108500 A2=4ABB4 A3=108F6A A4=10907C A5=108000 A6=108E3C PC=32B6C -- 032B6C: lea     ($100,A4), A4
D0=82790000 D1=FFFF D2=749D0370 D3=FFFF D4=7404C00 D5=841D8530 D6=841D8530 D7=10FFFF A0=3C0000 A1=108500 A2=4ABB4 A3=108F6A A4=10917C A5=108000 A6=108E3C PC=32B70 -- 032B70: subq.b  #1, ($147c,A5)
D0=82790000 D1=FFFF D2=749D0370 D3=FFFF D4=7404C00 D5=841D8530 D6=841D8530 D7=10FFFF A0=3C0000 A1=108500 A2=4ABB4 A3=108F6A A4=10917C A5=108000 A6=108E3C PC=32B74 -- 032B74: bne     $32b62
D0=82790000 D1=FFFF D2=749D0370 D3=FFFF D4=7404C00 D5=841D8530 D6=841D8530 D7=10FFFF A0=3C0000 A1=108500 A2=4ABB4 A3=108F6A A4=10917C A5=108000 A6=108E3C PC=32B62 -- 032B62: tst.b   ($6e,A4)
D0=82790000 D1=FFFF D2=749D0370 D3=FFFF D4=7404C00 D5=841D8530 D6=841D8530 D7=10FFFF A0=3C0000 A1=108500 A2=4ABB4 A3=108F6A A4=10917C A5=108000 A6=108E3C PC=32B66 -- 032B66: bpl     $32b6c
D0=82790000 D1=FFFF D2=749D0370 D3=FFFF D4=7404C00 D5=841D8530 D6=841D8530 D7=10FFFF A0=3C0000 A1=108500 A2=4ABB4 A3=108F6A A4=10917C A5=108000 A6=108E3C PC=32B68 -- 032B68: movea.l (A4), A0
D0=82790000 D1=FFFF D2=749D0370 D3=FFFF D4=7404C00 D5=841D8530 D6=841D8530 D7=10FFFF A0=451BE A1=108500 A2=4ABB4 A3=108F6A A4=10917C A5=108000 A6=108E3C PC=32B6A -- 032B6A: jsr     (A0)
D0=82790000 D1=FFFF D2=749D0370 D3=FFFF D4=7404C00 D5=841D8530 D6=841D8530 D7=10FFFF A0=451BE A1=108500 A2=4ABB4 A3=108F6A A4=10917C A5=108000 A6=108E3C PC=451BE -- 0451BE: move.w  ($d0,A4), D0
D0=82790000 D1=FFFF D2=749D0370 D3=FFFF D4=7404C00 D5=841D8530 D6=841D8530 D7=10FFFF A0=451BE A1=108500 A2=4ABB4 A3=108F6A A4=10917C A5=108000 A6=108E3C PC=451C2 -- 0451C2: movea.l ($84,A4), A0
D0=82790000 D1=FFFF D2=749D0370 D3=FFFF D4=7404C00 D5=841D8530 D6=841D8530 D7=10FFFF A0=10907C A1=108500 A2=4ABB4 A3=108F6A A4=10917C A5=108000 A6=108E3C PC=451C6 -- 0451C6: btst    D0, ($cf,A0)
D0=82790000 D1=FFFF D2=749D0370 D3=FFFF D4=7404C00 D5=841D8530 D6=841D8530 D7=10FFFF A0=10907C A1=108500 A2=4ABB4 A3=108F6A A4=10917C A5=108000 A6=108E3C PC=451CA -- 0451CA: bne     $451de
D0=82790000 D1=FFFF D2=749D0370 D3=FFFF D4=7404C00 D5=841D8530 D6=841D8530 D7=10FFFF A0=10907C A1=108500 A2=4ABB4 A3=108F6A A4=10917C A5=108000 A6=108E3C PC=451CE -- 0451CE: movea.l ($84,A0), A0
D0=82790000 D1=FFFF D2=749D0370 D3=FFFF D4=7404C00 D5=841D8530 D6=841D8530 D7=10FFFF A0=108584 A1=108500 A2=4ABB4 A3=108F6A A4=10917C A5=108000 A6=108E3C PC=451D2 -- 0451D2: tst.b   ($ce,A0)
D0=82790000 D1=FFFF D2=749D0370 D3=FFFF D4=7404C00 D5=841D8530 D6=841D8530 D7=10FFFF A0=108584 A1=108500 A2=4ABB4 A3=108F6A A4=10917C A5=108000 A6=108E3C PC=451D6 -- 0451D6: bpl     $44884
D0=82790000 D1=FFFF D2=749D0370 D3=FFFF D4=7404C00 D5=841D8530 D6=841D8530 D7=10FFFF A0=108584 A1=108500 A2=4ABB4 A3=108F6A A4=10917C A5=108000 A6=108E3C PC=451DA -- 0451DA: bmi     $44890
D0=82790000 D1=FFFF D2=749D0370 D3=FFFF D4=7404C00 D5=841D8530 D6=841D8530 D7=10FFFF A0=108584 A1=108500 A2=4ABB4 A3=108F6A A4=10917C A5=108000 A6=108E3C PC=44890 -- 044890: jmp     $2336.l
D0=82790000 D1=FFFF D2=749D0370 D3=FFFF D4=7404C00 D5=841D8530 D6=841D8530 D7=10FFFF A0=108584 A1=108500 A2=4ABB4 A3=108F6A A4=10917C A5=108000 A6=108E3C PC=2336 -- 002336: lea     $3c0000.l, A0
D0=82790000 D1=FFFF D2=749D0370 D3=FFFF D4=7404C00 D5=841D8530 D6=841D8530 D7=10FFFF A0=3C0000 A1=108500 A2=4ABB4 A3=108F6A A4=10917C A5=108000 A6=108E3C PC=233C -- 00233C: moveq   #$0, D0
D0=0 D1=FFFF D2=749D0370 D3=FFFF D4=7404C00 D5=841D8530 D6=841D8530 D7=10FFFF A0=3C0000 A1=108500 A2=4ABB4 A3=108F6A A4=10917C A5=108000 A6=108E3C PC=233E -- 00233E: move.w  ($6a,A4), D0
D0=39 D1=FFFF D2=749D0370 D3=FFFF D4=7404C00 D5=841D8530 D6=841D8530 D7=10FFFF A0=3C0000 A1=108500 A2=4ABB4 A3=108F6A A4=10917C A5=108000 A6=108E3C PC=2342 -- 002342: addi.w  #-$7e00, D0
D0=8239 D1=FFFF D2=749D0370 D3=FFFF D4=7404C00 D5=841D8530 D6=841D8530 D7=10FFFF A0=3C0000 A1=108500 A2=4ABB4 A3=108F6A A4=10917C A5=108000 A6=108E3C PC=2346 -- 002346: swap    D0
D0=82390000 D1=FFFF D2=749D0370 D3=FFFF D4=7404C00 D5=841D8530 D6=841D8530 D7=10FFFF A0=3C0000 A1=108500 A2=4ABB4 A3=108F6A A4=10917C A5=108000 A6=108E3C PC=2348 -- 002348: moveq   #$1f, D1

   (loops for 96 instructions)

D0=82590000 D1=FFFF D2=749D0370 D3=FFFF D4=7404C00 D5=841D8530 D6=841D8530 D7=10FFFF A0=3C0000 A1=108500 A2=4ABB4 A3=108F6A A4=10917C A5=108000 A6=108E3C PC=2356 -- 002356: rts
D0=82590000 D1=FFFF D2=749D0370 D3=FFFF D4=7404C00 D5=841D8530 D6=841D8530 D7=10FFFF A0=3C0000 A1=108500 A2=4ABB4 A3=108F6A A4=10917C A5=108000 A6=108E3C PC=32B6C -- 032B6C: lea     ($100,A4), A4
D0=82590000 D1=FFFF D2=749D0370 D3=FFFF D4=7404C00 D5=841D8530 D6=841D8530 D7=10FFFF A0=3C0000 A1=108500 A2=4ABB4 A3=108F6A A4=10927C A5=108000 A6=108E3C PC=32B70 -- 032B70: subq.b  #1, ($147c,A5)
D0=82590000 D1=FFFF D2=749D0370 D3=FFFF D4=7404C00 D5=841D8530 D6=841D8530 D7=10FFFF A0=3C0000 A1=108500 A2=4ABB4 A3=108F6A A4=10927C A5=108000 A6=108E3C PC=32B74 -- 032B74: bne     $32b62

   (loops for 4 instructions)

D0=82590000 D1=FFFF D2=749D0370 D3=FFFF D4=7404C00 D5=841D8530 D6=841D8530 D7=10FFFF A0=45280 A1=108500 A2=4ABB4 A3=108F6A A4=10927C A5=108000 A6=108E3C PC=45280 -- 045280: move.w  ($d0,A4), D0
D0=82590001 D1=FFFF D2=749D0370 D3=FFFF D4=7404C00 D5=841D8530 D6=841D8530 D7=10FFFF A0=45280 A1=108500 A2=4ABB4 A3=108F6A A4=10927C A5=108000 A6=108E3C PC=45284 -- 045284: movea.l ($84,A4), A0
D0=82590001 D1=FFFF D2=749D0370 D3=FFFF D4=7404C00 D5=841D8530 D6=841D8530 D7=10FFFF A0=108584 A1=108500 A2=4ABB4 A3=108F6A A4=10927C A5=108000 A6=108E3C PC=45288 -- 045288: btst    D0, ($cf,A0)
D0=82590001 D1=FFFF D2=749D0370 D3=FFFF D4=7404C00 D5=841D8530 D6=841D8530 D7=10FFFF A0=108584 A1=108500 A2=4ABB4 A3=108F6A A4=10927C A5=108000 A6=108E3C PC=4528C -- 04528C: beq     $4488a
D0=82590001 D1=FFFF D2=749D0370 D3=FFFF D4=7404C00 D5=841D8530 D6=841D8530 D7=10FFFF A0=108584 A1=108500 A2=4ABB4 A3=108F6A A4=10927C A5=108000 A6=108E3C PC=4488A -- 04488A: jmp     $1d38.l
D0=82590001 D1=FFFF D2=749D0370 D3=FFFF D4=7404C00 D5=841D8530 D6=841D8530 D7=10FFFF A0=108584 A1=108500 A2=4ABB4 A3=108F6A A4=10927C A5=108000 A6=108E3C PC=1D38 -- 001D38: bsr     $21aa
D0=82590001 D1=FFFF D2=749D0370 D3=FFFF D4=7404C00 D5=841D8530 D6=841D8530 D7=10FFFF A0=108584 A1=108500 A2=4ABB4 A3=108F6A A4=10927C A5=108000 A6=108E3C PC=21AA -- 0021AA: btst    #$2, ($6e,A4)
D0=82590001 D1=FFFF D2=749D0370 D3=FFFF D4=7404C00 D5=841D8530 D6=841D8530 D7=10FFFF A0=108584 A1=108500 A2=4ABB4 A3=108F6A A4=10927C A5=108000 A6=108E3C PC=21B0 -- 0021B0: bne     $21c4
D0=82590001 D1=FFFF D2=749D0370 D3=FFFF D4=7404C00 D5=841D8530 D6=841D8530 D7=10FFFF A0=108584 A1=108500 A2=4ABB4 A3=108F6A A4=10927C A5=108000 A6=108E3C PC=21C4 -- 0021C4: rts
D0=82590001 D1=FFFF D2=749D0370 D3=FFFF D4=7404C00 D5=841D8530 D6=841D8530 D7=10FFFF A0=108584 A1=108500 A2=4ABB4 A3=108F6A A4=10927C A5=108000 A6=108E3C PC=1D3C -- 001D3C: bsr     $237c
D0=82590001 D1=FFFF D2=749D0370 D3=FFFF D4=7404C00 D5=841D8530 D6=841D8530 D7=10FFFF A0=108584 A1=108500 A2=4ABB4 A3=108F6A A4=10927C A5=108000 A6=108E3C PC=237C -- 00237C: move.w  ($68,A4), D0
D0=8259FFFF D1=FFFF D2=749D0370 D3=FFFF D4=7404C00 D5=841D8530 D6=841D8530 D7=10FFFF A0=108584 A1=108500 A2=4ABB4 A3=108F6A A4=10927C A5=108000 A6=108E3C PC=2380 -- 002380: cmp.w   ($2e,A4), D0
D0=8259FFFF D1=FFFF D2=749D0370 D3=FFFF D4=7404C00 D5=841D8530 D6=841D8530 D7=10FFFF A0=108584 A1=108500 A2=4ABB4 A3=108F6A A4=10927C A5=108000 A6=108E3C PC=2384 -- 002384: beq     $23e6
D0=8259FFFF D1=FFFF D2=749D0370 D3=FFFF D4=7404C00 D5=841D8530 D6=841D8530 D7=10FFFF A0=108584 A1=108500 A2=4ABB4 A3=108F6A A4=10927C A5=108000 A6=108E3C PC=23E6 -- 0023E6: move.w  ($68,A4), ($2e,A4)
D0=8259FFFF D1=FFFF D2=749D0370 D3=FFFF D4=7404C00 D5=841D8530 D6=841D8530 D7=10FFFF A0=108584 A1=108500 A2=4ABB4 A3=108F6A A4=10927C A5=108000 A6=108E3C PC=23EC -- 0023EC: rts
D0=8259FFFF D1=FFFF D2=749D0370 D3=FFFF D4=7404C00 D5=841D8530 D6=841D8530 D7=10FFFF A0=108584 A1=108500 A2=4ABB4 A3=108F6A A4=10927C A5=108000 A6=108E3C PC=1D40 -- 001D40: bsr     $22d6
D0=8259FFFF D1=FFFF D2=749D0370 D3=FFFF D4=7404C00 D5=841D8530 D6=841D8530 D7=10FFFF A0=108584 A1=108500 A2=4ABB4 A3=108F6A A4=10927C A5=108000 A6=108E3C PC=22D6 -- 0022D6: lea     ($147e,A5), A1
D0=8259FFFF D1=FFFF D2=749D0370 D3=FFFF D4=7404C00 D5=841D8530 D6=841D8530 D7=10FFFF A0=108584 A1=10947E A2=4ABB4 A3=108F6A A4=10927C A5=108000 A6=108E3C PC=22DA -- 0022DA: moveq   #$0, D0
D0=0 D1=FFFF D2=749D0370 D3=FFFF D4=7404C00 D5=841D8530 D6=841D8530 D7=10FFFF A0=108584 A1=10947E A2=4ABB4 A3=108F6A A4=10927C A5=108000 A6=108E3C PC=22DC -- 0022DC: move.b  ($168e,A5), D0
D0=0 D1=FFFF D2=749D0370 D3=FFFF D4=7404C00 D5=841D8530 D6=841D8530 D7=10FFFF A0=108584 A1=10947E A2=4ABB4 A3=108F6A A4=10927C A5=108000 A6=108E3C PC=22E0 -- 0022E0: mulu.w  #$84, D0
D0=0 D1=FFFF D2=749D0370 D3=FFFF D4=7404C00 D5=841D8530 D6=841D8530 D7=10FFFF A0=108584 A1=10947E A2=4ABB4 A3=108F6A A4=10927C A5=108000 A6=108E3C PC=22E4 -- 0022E4: adda.l  D0, A1
D0=0 D1=FFFF D2=749D0370 D3=FFFF D4=7404C00 D5=841D8530 D6=841D8530 D7=10FFFF A0=108584 A1=10947E A2=4ABB4 A3=108F6A A4=10927C A5=108000 A6=108E3C PC=22E6 -- 0022E6: addq.b  #1, ($168e,A5)
D0=0 D1=FFFF D2=749D0370 D3=FFFF D4=7404C00 D5=841D8530 D6=841D8530 D7=10FFFF A0=108584 A1=10947E A2=4ABB4 A3=108F6A A4=10927C A5=108000 A6=108E3C PC=22EA -- 0022EA: rts
D0=0 D1=FFFF D2=749D0370 D3=FFFF D4=7404C00 D5=841D8530 D6=841D8530 D7=10FFFF A0=108584 A1=10947E A2=4ABB4 A3=108F6A A4=10927C A5=108000 A6=108E3C PC=1D44 -- 001D44: lea     ($42,A1), A2
D0=0 D1=FFFF D2=749D0370 D3=FFFF D4=7404C00 D5=841D8530 D6=841D8530 D7=10FFFF A0=108584 A1=10947E A2=1094C0 A3=108F6A A4=10927C A5=108000 A6=108E3C PC=1D48 -- 001D48: move.w  ($6a,A4), D0
D0=79 D1=FFFF D2=749D0370 D3=FFFF D4=7404C00 D5=841D8530 D6=841D8530 D7=10FFFF A0=108584 A1=10947E A2=1094C0 A3=108F6A A4=10927C A5=108000 A6=108E3C PC=1D4C -- 001D4C: move.w  D0, D1
D0=79 D1=79 D2=749D0370 D3=FFFF D4=7404C00 D5=841D8530 D6=841D8530 D7=10FFFF A0=108584 A1=10947E A2=1094C0 A3=108F6A A4=10927C A5=108000 A6=108E3C PC=1D4E -- 001D4E: addi.w  #-$7c00, D0
D0=8479 D1=79 D2=749D0370 D3=FFFF D4=7404C00 D5=841D8530 D6=841D8530 D7=10FFFF A0=108584 A1=10947E A2=1094C0 A3=108F6A A4=10927C A5=108000 A6=108E3C PC=1D52 -- 001D52: move.w  D0, (A1)+
D0=8479 D1=79 D2=749D0370 D3=FFFF D4=7404C00 D5=841D8530 D6=841D8530 D7=10FFFF A0=108584 A1=109480 A2=1094C0 A3=108F6A A4=10927C A5=108000 A6=108E3C PC=1D54 -- 001D54: addi.w  #-$7e00, D1
D0=8479 D1=8279 D2=749D0370 D3=FFFF D4=7404C00 D5=841D8530 D6=841D8530 D7=10FFFF A0=108584 A1=109480 A2=1094C0 A3=108F6A A4=10927C A5=108000 A6=108E3C PC=1D58 -- 001D58: move.w  D1, (A2)+
D0=8479 D1=8279 D2=749D0370 D3=FFFF D4=7404C00 D5=841D8530 D6=841D8530 D7=10FFFF A0=108584 A1=109480 A2=1094C2 A3=108F6A A4=10927C A5=108000 A6=108E3C PC=1D5A -- 001D5A: moveq   #$0, D0
D0=0 D1=8279 D2=749D0370 D3=FFFF D4=7404C00 D5=841D8530 D6=841D8530 D7=10FFFF A0=108584 A1=109480 A2=1094C2 A3=108F6A A4=10927C A5=108000 A6=108E3C PC=1D5C -- 001D5C: move.l  D0, (A2)+
D0=0 D1=8279 D2=749D0370 D3=FFFF D4=7404C00 D5=841D8530 D6=841D8530 D7=10FFFF A0=108584 A1=109480 A2=1094C6 A3=108F6A A4=10927C A5=108000 A6=108E3C PC=1D5E -- 001D5E: move.l  D0, (A2)+
D0=0 D1=8279 D2=749D0370 D3=FFFF D4=7404C00 D5=841D8530 D6=841D8530 D7=10FFFF A0=108584 A1=109480 A2=1094CA A3=108F6A A4=10927C A5=108000 A6=108E3C PC=1D60 -- 001D60: move.l  D0, (A2)+
D0=0 D1=8279 D2=749D0370 D3=FFFF D4=7404C00 D5=841D8530 D6=841D8530 D7=10FFFF A0=108584 A1=109480 A2=1094CE A3=108F6A A4=10927C A5=108000 A6=108E3C PC=1D62 -- 001D62: move.l  D0, (A2)+
D0=0 D1=8279 D2=749D0370 D3=FFFF D4=7404C00 D5=841D8530 D6=841D8530 D7=10FFFF A0=108584 A1=109480 A2=1094D2 A3=108F6A A4=10927C A5=108000 A6=108E3C PC=1D64 -- 001D64: move.l  D0, (A2)+
D0=0 D1=8279 D2=749D0370 D3=FFFF D4=7404C00 D5=841D8530 D6=841D8530 D7=10FFFF A0=108584 A1=109480 A2=1094D6 A3=108F6A A4=10927C A5=108000 A6=108E3C PC=1D66 -- 001D66: move.l  D0, (A2)+
D0=0 D1=8279 D2=749D0370 D3=FFFF D4=7404C00 D5=841D8530 D6=841D8530 D7=10FFFF A0=108584 A1=109480 A2=1094DA A3=108F6A A4=10927C A5=108000 A6=108E3C PC=1D68 -- 001D68: move.l  D0, (A2)+
D0=0 D1=8279 D2=749D0370 D3=FFFF D4=7404C00 D5=841D8530 D6=841D8530 D7=10FFFF A0=108584 A1=109480 A2=1094DE A3=108F6A A4=10927C A5=108000 A6=108E3C PC=1D6A -- 001D6A: move.l  D0, (A2)+
D0=0 D1=8279 D2=749D0370 D3=FFFF D4=7404C00 D5=841D8530 D6=841D8530 D7=10FFFF A0=108584 A1=109480 A2=1094E2 A3=108F6A A4=10927C A5=108000 A6=108E3C PC=1D6C -- 001D6C: move.l  D0, (A2)+
D0=0 D1=8279 D2=749D0370 D3=FFFF D4=7404C00 D5=841D8530 D6=841D8530 D7=10FFFF A0=108584 A1=109480 A2=1094E6 A3=108F6A A4=10927C A5=108000 A6=108E3C PC=1D6E -- 001D6E: move.l  D0, (A2)+
D0=0 D1=8279 D2=749D0370 D3=FFFF D4=7404C00 D5=841D8530 D6=841D8530 D7=10FFFF A0=108584 A1=109480 A2=1094EA A3=108F6A A4=10927C A5=108000 A6=108E3C PC=1D70 -- 001D70: move.l  D0, (A2)+
D0=0 D1=8279 D2=749D0370 D3=FFFF D4=7404C00 D5=841D8530 D6=841D8530 D7=10FFFF A0=108584 A1=109480 A2=1094EE A3=108F6A A4=10927C A5=108000 A6=108E3C PC=1D72 -- 001D72: move.l  D0, (A2)+
D0=0 D1=8279 D2=749D0370 D3=FFFF D4=7404C00 D5=841D8530 D6=841D8530 D7=10FFFF A0=108584 A1=109480 A2=1094F2 A3=108F6A A4=10927C A5=108000 A6=108E3C PC=1D74 -- 001D74: move.l  D0, (A2)+
D0=0 D1=8279 D2=749D0370 D3=FFFF D4=7404C00 D5=841D8530 D6=841D8530 D7=10FFFF A0=108584 A1=109480 A2=1094F6 A3=108F6A A4=10927C A5=108000 A6=108E3C PC=1D76 -- 001D76: move.l  D0, (A2)+
D0=0 D1=8279 D2=749D0370 D3=FFFF D4=7404C00 D5=841D8530 D6=841D8530 D7=10FFFF A0=108584 A1=109480 A2=1094FA A3=108F6A A4=10927C A5=108000 A6=108E3C PC=1D78 -- 001D78: move.l  D0, (A2)+
D0=0 D1=8279 D2=749D0370 D3=FFFF D4=7404C00 D5=841D8530 D6=841D8530 D7=10FFFF A0=108584 A1=109480 A2=1094FE A3=108F6A A4=10927C A5=108000 A6=108E3C PC=1D7A -- 001D7A: move.l  D0, (A2)+
D0=0 D1=8279 D2=749D0370 D3=FFFF D4=7404C00 D5=841D8530 D6=841D8530 D7=10FFFF A0=108584 A1=109480 A2=109502 A3=108F6A A4=10927C A5=108000 A6=108E3C PC=1D7C -- 001D7C: lea     (-$40,A2), A2
D0=0 D1=8279 D2=749D0370 D3=FFFF D4=7404C00 D5=841D8530 D6=841D8530 D7=10FFFF A0=108584 A1=109480 A2=1094C2 A3=108F6A A4=10927C A5=108000 A6=108E3C PC=1D80 -- 001D80: tst.b   ($60,A4)
D0=0 D1=8279 D2=749D0370 D3=FFFF D4=7404C00 D5=841D8530 D6=841D8530 D7=10FFFF A0=108584 A1=109480 A2=1094C2 A3=108F6A A4=10927C A5=108000 A6=108E3C PC=1D84 -- 001D84: beq     $1e7e
D0=0 D1=8279 D2=749D0370 D3=FFFF D4=7404C00 D5=841D8530 D6=841D8530 D7=10FFFF A0=108584 A1=109480 A2=1094C2 A3=108F6A A4=10927C A5=108000 A6=108E3C PC=1D88 -- 001D88: move.w  ($6c,A4), D7
D0=0 D1=8279 D2=749D0370 D3=FFFF D4=7404C00 D5=841D8530 D6=841D8530 D7=100079 A0=108584 A1=109480 A2=1094C2 A3=108F6A A4=10927C A5=108000 A6=108E3C PC=1D8C -- 001D8C: sub.w   ($6a,A4), D7
D0=0 D1=8279 D2=749D0370 D3=FFFF D4=7404C00 D5=841D8530 D6=841D8530 D7=100000 A0=108584 A1=109480 A2=1094C2 A3=108F6A A4=10927C A5=108000 A6=108E3C PC=1D90 -- 001D90: add.w   D7, D7
D0=0 D1=8279 D2=749D0370 D3=FFFF D4=7404C00 D5=841D8530 D6=841D8530 D7=100000 A0=108584 A1=109480 A2=1094C2 A3=108F6A A4=10927C A5=108000 A6=108E3C PC=1D92 -- 001D92: move.w  D7, D6
D0=0 D1=8279 D2=749D0370 D3=FFFF D4=7404C00 D5=841D0000 D6=841D0000 D7=100000 A0=108584 A1=109480 A2=1094C2 A3=108F6A A4=10927C A5=108000 A6=108E3C PC=1D94 -- 001D94: subq.w  #2, D6
D0=0 D1=8279 D2=749D0370 D3=FFFF D4=7404C00 D5=841DFFFE D6=841DFFFE D7=100000 A0=108584 A1=109480 A2=1094C2 A3=108F6A A4=10927C A5=108000 A6=108E3C PC=1D96 -- 001D96: andi.w  #$3f, D6
D0=0 D1=8279 D2=749D0370 D3=FFFF D4=7404C00 D5=841D003E D6=841D003E D7=100000 A0=108584 A1=109480 A2=1094C2 A3=108F6A A4=10927C A5=108000 A6=108E3C PC=1D9A -- 001D9A: move.w  ($6c,A4), D0
D0=79 D1=8279 D2=749D0370 D3=FFFF D4=7404C00 D5=841D003E D6=841D003E D7=100000 A0=108584 A1=109480 A2=1094C2 A3=108F6A A4=10927C A5=108000 A6=108E3C PC=1D9E -- 001D9E: sub.w   ($6a,A4), D0
D0=0 D1=8279 D2=749D0370 D3=FFFF D4=7404C00 D5=841D003E D6=841D003E D7=100000 A0=108584 A1=109480 A2=1094C2 A3=108F6A A4=10927C A5=108000 A6=108E3C PC=1DA2 -- 001DA2: lsl.w   #4, D0
D0=0 D1=8279 D2=749D0370 D3=FFFF D4=7404C00 D5=841D003E D6=841D003E D7=100000 A0=108584 A1=109480 A2=1094C2 A3=108F6A A4=10927C A5=108000 A6=108E3C PC=1DA4 -- 001DA4: bsr     $2152
D0=0 D1=8279 D2=749D0370 D3=FFFF D4=7404C00 D5=841D003E D6=841D003E D7=100000 A0=108584 A1=109480 A2=1094C2 A3=108F6A A4=10927C A5=108000 A6=108E3C PC=2152 -- 002152: moveq   #$0, D2
D0=0 D1=8279 D2=0 D3=FFFF D4=7404C00 D5=841D003E D6=841D003E D7=100000 A0=108584 A1=109480 A2=1094C2 A3=108F6A A4=10927C A5=108000 A6=108E3C PC=2154 -- 002154: move.b  ($68,A4), D2
D0=0 D1=8279 D2=FF D3=FFFF D4=7404C00 D5=841D003E D6=841D003E D7=100000 A0=108584 A1=109480 A2=1094C2 A3=108F6A A4=10927C A5=108000 A6=108E3C PC=2158 -- 002158: move.b  D2, D4
D0=0 D1=8279 D2=FF D3=FFFF D4=7404CFF D5=841D003E D6=841D003E D7=100000 A0=108584 A1=109480 A2=1094C2 A3=108F6A A4=10927C A5=108000 A6=108E3C PC=215A -- 00215A: addq.w  #1, D2
D0=0 D1=8279 D2=100 D3=FFFF D4=7404CFF D5=841D003E D6=841D003E D7=100000 A0=108584 A1=109480 A2=1094C2 A3=108F6A A4=10927C A5=108000 A6=108E3C PC=215C -- 00215C: move.w  #$100, D3
D0=0 D1=8279 D2=100 D3=100 D4=7404CFF D5=841D003E D6=841D003E D7=100000 A0=108584 A1=109480 A2=1094C2 A3=108F6A A4=10927C A5=108000 A6=108E3C PC=2160 -- 002160: sub.w   D2, D3
D0=0 D1=8279 D2=100 D3=0 D4=7404CFF D5=841D003E D6=841D003E D7=100000 A0=108584 A1=109480 A2=1094C2 A3=108F6A A4=10927C A5=108000 A6=108E3C PC=2162 -- 002162: move.w  #$b0, D2
D0=0 D1=8279 D2=B0 D3=0 D4=7404CFF D5=841D003E D6=841D003E D7=100000 A0=108584 A1=109480 A2=1094C2 A3=108F6A A4=10927C A5=108000 A6=108E3C PC=2166 -- 002166: muls.w  D3, D2
D0=0 D1=8279 D2=0 D3=0 D4=7404CFF D5=841D003E D6=841D003E D7=100000 A0=108584 A1=109480 A2=1094C2 A3=108F6A A4=10927C A5=108000 A6=108E3C PC=2168 -- 002168: lsr.l   #8, D2
D0=0 D1=8279 D2=0 D3=0 D4=7404CFF D5=841D003E D6=841D003E D7=100000 A0=108584 A1=109480 A2=1094C2 A3=108F6A A4=10927C A5=108000 A6=108E3C PC=216A -- 00216A: andi.b  #$f0, D4
D0=0 D1=8279 D2=0 D3=0 D4=7404CF0 D5=841D003E D6=841D003E D7=100000 A0=108584 A1=109480 A2=1094C2 A3=108F6A A4=10927C A5=108000 A6=108E3C PC=216E -- 00216E: bne     $2178
D0=0 D1=8279 D2=0 D3=0 D4=7404CF0 D5=841D003E D6=841D003E D7=100000 A0=108584 A1=109480 A2=1094C2 A3=108F6A A4=10927C A5=108000 A6=108E3C PC=2178 -- 002178: move.w  D2, D3
D0=0 D1=8279 D2=0 D3=0 D4=7404CF0 D5=841D003E D6=841D003E D7=100000 A0=108584 A1=109480 A2=1094C2 A3=108F6A A4=10927C A5=108000 A6=108E3C PC=217A -- 00217A: rts
D0=0 D1=8279 D2=0 D3=0 D4=7404CF0 D5=841D003E D6=841D003E D7=100000 A0=108584 A1=109480 A2=1094C2 A3=108F6A A4=10927C A5=108000 A6=108E3C PC=1DA8 -- 001DA8: add.w   D3, D0
D0=0 D1=8279 D2=0 D3=0 D4=7404CF0 D5=841D003E D6=841D003E D7=100000 A0=108584 A1=109480 A2=1094C2 A3=108F6A A4=10927C A5=108000 A6=108E3C PC=1DAA -- 001DAA: move.w  ($78,A4), D2
D0=0 D1=8279 D2=0 D3=0 D4=7404CF0 D5=841D003E D6=841D003E D7=100000 A0=108584 A1=109480 A2=1094C2 A3=108F6A A4=10927C A5=108000 A6=108E3C PC=1DAE -- 001DAE: btst    #$2, ($6e,A4)
D0=0 D1=8279 D2=0 D3=0 D4=7404CF0 D5=841D003E D6=841D003E D7=100000 A0=108584 A1=109480 A2=1094C2 A3=108F6A A4=10927C A5=108000 A6=108E3C PC=1DB4 -- 001DB4: bne     $1dc4
D0=0 D1=8279 D2=0 D3=0 D4=7404CF0 D5=841D003E D6=841D003E D7=100000 A0=108584 A1=109480 A2=1094C2 A3=108F6A A4=10927C A5=108000 A6=108E3C PC=1DC4 -- 001DC4: neg.w   D2
D0=0 D1=8279 D2=0 D3=0 D4=7404CF0 D5=841D003E D6=841D003E D7=100000 A0=108584 A1=109480 A2=1094C2 A3=108F6A A4=10927C A5=108000 A6=108E3C PC=1DC6 -- 001DC6: add.w   D2, D0
D0=0 D1=8279 D2=0 D3=0 D4=7404CF0 D5=841D003E D6=841D003E D7=100000 A0=108584 A1=109480 A2=1094C2 A3=108F6A A4=10927C A5=108000 A6=108E3C PC=1DC8 -- 001DC8: move.w  D0, ($7b0,A5)
D0=0 D1=8279 D2=0 D3=0 D4=7404CF0 D5=841D003E D6=841D003E D7=100000 A0=108584 A1=109480 A2=1094C2 A3=108F6A A4=10927C A5=108000 A6=108E3C PC=1DCC -- 001DCC: lsl.w   #7, D0
D0=0 D1=8279 D2=0 D3=0 D4=7404CF0 D5=841D003E D6=841D003E D7=100000 A0=108584 A1=109480 A2=1094C2 A3=108F6A A4=10927C A5=108000 A6=108E3C PC=1DCE -- 001DCE: move.w  D0, (A1,D7.w)
D0=0 D1=8279 D2=0 D3=0 D4=7404CF0 D5=841D003E D6=841D003E D7=100000 A0=108584 A1=109480 A2=1094C2 A3=108F6A A4=10927C A5=108000 A6=108E3C PC=1DD2 -- 001DD2: move.w  ($7c,A4), D0
D0=0 D1=8279 D2=0 D3=0 D4=7404CF0 D5=841D003E D6=841D003E D7=100000 A0=108584 A1=109480 A2=1094C2 A3=108F6A A4=10927C A5=108000 A6=108E3C PC=1DD6 -- 001DD6: move.w  D0, ($7b2,A5)
D0=0 D1=8279 D2=0 D3=0 D4=7404CF0 D5=841D003E D6=841D003E D7=100000 A0=108584 A1=109480 A2=1094C2 A3=108F6A A4=10927C A5=108000 A6=108E3C PC=1DDA -- 001DDA: lsl.w   #7, D0
D0=0 D1=8279 D2=0 D3=0 D4=7404CF0 D5=841D003E D6=841D003E D7=100000 A0=108584 A1=109480 A2=1094C2 A3=108F6A A4=10927C A5=108000 A6=108E3C PC=1DDC -- 001DDC: or.b    ($61,A4), D0
D0=50 D1=8279 D2=0 D3=0 D4=7404CF0 D5=841D003E D6=841D003E D7=100000 A0=108584 A1=109480 A2=1094C2 A3=108F6A A4=10927C A5=108000 A6=108E3C PC=1DE0 -- 001DE0: andi.w  #$ffbf, D0
D0=10 D1=8279 D2=0 D3=0 D4=7404CF0 D5=841D003E D6=841D003E D7=100000 A0=108584 A1=109480 A2=1094C2 A3=108F6A A4=10927C A5=108000 A6=108E3C PC=1DE4 -- 001DE4: move.w  D0, (A2,D7.w)
D0=10 D1=8279 D2=0 D3=0 D4=7404CF0 D5=841D003E D6=841D003E D7=100000 A0=108584 A1=109480 A2=1094C2 A3=108F6A A4=10927C A5=108000 A6=108E3C PC=1DE8 -- 001DE8: addq.w  #2, D6
D0=10 D1=8279 D2=0 D3=0 D4=7404CF0 D5=841D0040 D6=841D0040 D7=100000 A0=108584 A1=109480 A2=1094C2 A3=108F6A A4=10927C A5=108000 A6=108E3C PC=1DEA -- 001DEA: addq.w  #2, D7
D0=10 D1=8279 D2=0 D3=0 D4=7404CF0 D5=841D0040 D6=841D0040 D7=100002 A0=108584 A1=109480 A2=1094C2 A3=108F6A A4=10927C A5=108000 A6=108E3C PC=1DEC -- 001DEC: andi.w  #$3f, D6
D0=10 D1=8279 D2=0 D3=0 D4=7404CF0 D5=841D0000 D6=841D0000 D7=100002 A0=108584 A1=109480 A2=1094C2 A3=108F6A A4=10927C A5=108000 A6=108E3C PC=1DF0 -- 001DF0: andi.w  #$3f, D7
D0=10 D1=8279 D2=0 D3=0 D4=7404CF0 D5=841D0000 D6=841D0000 D7=100002 A0=108584 A1=109480 A2=1094C2 A3=108F6A A4=10927C A5=108000 A6=108E3C PC=1DF4 -- 001DF4: movea.l ($a0,A4), A0
D0=10 D1=8279 D2=0 D3=0 D4=7404CF0 D5=841D0000 D6=841D0000 D7=100002 A0=10C228 A1=109480 A2=1094C2 A3=108F6A A4=10927C A5=108000 A6=108E3C PC=1DF8 -- 001DF8: moveq   #$0, D1
D0=10 D1=0 D2=0 D3=0 D4=7404CF0 D5=841D0000 D6=841D0000 D7=100002 A0=10C228 A1=109480 A2=1094C2 A3=108F6A A4=10927C A5=108000 A6=108E3C PC=1DFA -- 001DFA: move.b  ($68,A4), D1
D0=10 D1=FF D2=0 D3=0 D4=7404CF0 D5=841D0000 D6=841D0000 D7=100002 A0=10C228 A1=109480 A2=1094C2 A3=108F6A A4=10927C A5=108000 A6=108E3C PC=1DFE -- 001DFE: lsr.b   #4, D1
D0=10 D1=F D2=0 D3=0 D4=7404CF0 D5=841D0000 D6=841D0000 D7=100002 A0=10C228 A1=109480 A2=1094C2 A3=108F6A A4=10927C A5=108000 A6=108E3C PC=1E00 -- 001E00: addq.b  #1, D1
D0=10 D1=10 D2=0 D3=0 D4=7404CF0 D5=841D0000 D6=841D0000 D7=100002 A0=10C228 A1=109480 A2=1094C2 A3=108F6A A4=10927C A5=108000 A6=108E3C PC=1E02 -- 001E02: moveq   #$0, D2
D0=10 D1=10 D2=0 D3=0 D4=7404CF0 D5=841D0000 D6=841D0000 D7=100002 A0=10C228 A1=109480 A2=1094C2 A3=108F6A A4=10927C A5=108000 A6=108E3C PC=1E04 -- 001E04: moveq   #$0, D0
D0=0 D1=10 D2=0 D3=0 D4=7404CF0 D5=841D0000 D6=841D0000 D7=100002 A0=10C228 A1=109480 A2=1094C2 A3=108F6A A4=10927C A5=108000 A6=108E3C PC=1E06 -- 001E06: move.b  ($60,A4), D0
D0=15 D1=10 D2=0 D3=0 D4=7404CF0 D5=841D0000 D6=841D0000 D7=100002 A0=10C228 A1=109480 A2=1094C2 A3=108F6A A4=10927C A5=108000 A6=108E3C PC=1E0A -- 001E0A: subq.w  #2, D0
D0=13 D1=10 D2=0 D3=0 D4=7404CF0 D5=841D0000 D6=841D0000 D7=100002 A0=10C228 A1=109480 A2=1094C2 A3=108F6A A4=10927C A5=108000 A6=108E3C PC=1E0C -- 001E0C: bmi     $1e48
D0=13 D1=10 D2=0 D3=0 D4=7404CF0 D5=841D0000 D6=841D0000 D7=100002 A0=10C228 A1=109480 A2=1094C2 A3=108F6A A4=10927C A5=108000 A6=108E3C PC=1E0E -- 001E0E: move.w  D1, D3
D0=13 D1=10 D2=0 D3=10 D4=7404CF0 D5=841D0000 D6=841D0000 D7=100002 A0=10C228 A1=109480 A2=1094C2 A3=108F6A A4=10927C A5=108000 A6=108E3C PC=1E10 -- 001E10: add.w   D3, ($7b0,A5)
D0=13 D1=10 D2=0 D3=10 D4=7404CF0 D5=841D0000 D6=841D0000 D7=100002 A0=10C228 A1=109480 A2=1094C2 A3=108F6A A4=10927C A5=108000 A6=108E3C PC=1E14 -- 001E14: move.w  ($7b0,A5), D3
D0=13 D1=10 D2=0 D3=10 D4=7404CF0 D5=841D0000 D6=841D0000 D7=100002 A0=10C228 A1=109480 A2=1094C2 A3=108F6A A4=10927C A5=108000 A6=108E3C PC=1E18 -- 001E18: move.w  D1, D4
D0=13 D1=10 D2=0 D3=10 D4=7400010 D5=841D0000 D6=841D0000 D7=100002 A0=10C228 A1=109480 A2=1094C2 A3=108F6A A4=10927C A5=108000 A6=108E3C PC=1E1A -- 001E1A: subq.b  #1, D4
D0=13 D1=10 D2=0 D3=10 D4=740000F D5=841D0000 D6=841D0000 D7=100002 A0=10C228 A1=109480 A2=1094C2 A3=108F6A A4=10927C A5=108000 A6=108E3C PC=1E1C -- 001E1C: sub.b   (A0,D6.w), D4
D0=13 D1=10 D2=0 D3=10 D4=7400000 D5=841D0000 D6=841D0000 D7=100002 A0=10C228 A1=109480 A2=1094C2 A3=108F6A A4=10927C A5=108000 A6=108E3C PC=1E20 -- 001E20: add.w   D4, D2
D0=13 D1=10 D2=0 D3=10 D4=7400000 D5=841D0000 D6=841D0000 D7=100002 A0=10C228 A1=109480 A2=1094C2 A3=108F6A A4=10927C A5=108000 A6=108E3C PC=1E22 -- 001E22: sub.w   D2, D3
D0=13 D1=10 D2=0 D3=10 D4=7400000 D5=841D0000 D6=841D0000 D7=100002 A0=10C228 A1=109480 A2=1094C2 A3=108F6A A4=10927C A5=108000 A6=108E3C PC=1E24 -- 001E24: lsl.w   #7, D3
D0=13 D1=10 D2=0 D3=800 D4=7400000 D5=841D0000 D6=841D0000 D7=100002 A0=10C228 A1=109480 A2=1094C2 A3=108F6A A4=10927C A5=108000 A6=108E3C PC=1E26 -- 001E26: move.w  D3, (A1,D7.w)
D0=13 D1=10 D2=0 D3=800 D4=7400000 D5=841D0000 D6=841D0000 D7=100002 A0=10C228 A1=109480 A2=1094C2 A3=108F6A A4=10927C A5=108000 A6=108E3C PC=1E2A -- 001E2A: move.w  ($7b2,A5), D3
D0=13 D1=10 D2=0 D3=0 D4=7400000 D5=841D0000 D6=841D0000 D7=100002 A0=10C228 A1=109480 A2=1094C2 A3=108F6A A4=10927C A5=108000 A6=108E3C PC=1E2E -- 001E2E: lsl.w   #7, D3
D0=13 D1=10 D2=0 D3=0 D4=7400000 D5=841D0000 D6=841D0000 D7=100002 A0=10C228 A1=109480 A2=1094C2 A3=108F6A A4=10927C A5=108000 A6=108E3C PC=1E30 -- 001E30: or.b    ($61,A4), D3
D0=13 D1=10 D2=0 D3=50 D4=7400000 D5=841D0000 D6=841D0000 D7=100002 A0=10C228 A1=109480 A2=1094C2 A3=108F6A A4=10927C A5=108000 A6=108E3C PC=1E34 -- 001E34: move.w  D3, (A2,D7.w)
D0=13 D1=10 D2=0 D3=50 D4=7400000 D5=841D0000 D6=841D0000 D7=100002 A0=10C228 A1=109480 A2=1094C2 A3=108F6A A4=10927C A5=108000 A6=108E3C PC=1E38 -- 001E38: addq.w  #2, D6
D0=13 D1=10 D2=0 D3=50 D4=7400000 D5=841D0002 D6=841D0002 D7=100002 A0=10C228 A1=109480 A2=1094C2 A3=108F6A A4=10927C A5=108000 A6=108E3C PC=1E3A -- 001E3A: addq.w  #2, D7
D0=13 D1=10 D2=0 D3=50 D4=7400000 D5=841D0002 D6=841D0002 D7=100004 A0=10C228 A1=109480 A2=1094C2 A3=108F6A A4=10927C A5=108000 A6=108E3C PC=1E3C -- 001E3C: andi.w  #$3f, D6
D0=13 D1=10 D2=0 D3=50 D4=7400000 D5=841D0002 D6=841D0002 D7=100004 A0=10C228 A1=109480 A2=1094C2 A3=108F6A A4=10927C A5=108000 A6=108E3C PC=1E40 -- 001E40: andi.w  #$3f, D7
D0=13 D1=10 D2=0 D3=50 D4=7400000 D5=841D0002 D6=841D0002 D7=100004 A0=10C228 A1=109480 A2=1094C2 A3=108F6A A4=10927C A5=108000 A6=108E3C PC=1E44 -- 001E44: dbra    D0, $1e0e
D0=12 D1=10 D2=0 D3=50 D4=7400000 D5=841D0002 D6=841D0002 D7=100004 A0=10C228 A1=109480 A2=1094C2 A3=108F6A A4=10927C A5=108000 A6=108E3C PC=1E0E -- 001E0E: move.w  D1, D3
D0=12 D1=10 D2=0 D3=10 D4=7400000 D5=841D0002 D6=841D0002 D7=100004 A0=10C228 A1=109480 A2=1094C2 A3=108F6A A4=10927C A5=108000 A6=108E3C PC=1E10 -- 001E10: add.w   D3, ($7b0,A5)
D0=12 D1=10 D2=0 D3=10 D4=7400000 D5=841D0002 D6=841D0002 D7=100004 A0=10C228 A1=109480 A2=1094C2 A3=108F6A A4=10927C A5=108000 A6=108E3C PC=1E14 -- 001E14: move.w  ($7b0,A5), D3
D0=12 D1=10 D2=0 D3=20 D4=7400000 D5=841D0002 D6=841D0002 D7=100004 A0=10C228 A1=109480 A2=1094C2 A3=108F6A A4=10927C A5=108000 A6=108E3C PC=1E18 -- 001E18: move.w  D1, D4
D0=12 D1=10 D2=0 D3=20 D4=7400010 D5=841D0002 D6=841D0002 D7=100004 A0=10C228 A1=109480 A2=1094C2 A3=108F6A A4=10927C A5=108000 A6=108E3C PC=1E1A -- 001E1A: subq.b  #1, D4
D0=12 D1=10 D2=0 D3=20 D4=740000F D5=841D0002 D6=841D0002 D7=100004 A0=10C228 A1=109480 A2=1094C2 A3=108F6A A4=10927C A5=108000 A6=108E3C PC=1E1C -- 001E1C: sub.b   (A0,D6.w), D4
D0=12 D1=10 D2=0 D3=20 D4=7400000 D5=841D0002 D6=841D0002 D7=100004 A0=10C228 A1=109480 A2=1094C2 A3=108F6A A4=10927C A5=108000 A6=108E3C PC=1E20 -- 001E20: add.w   D4, D2
D0=12 D1=10 D2=0 D3=20 D4=7400000 D5=841D0002 D6=841D0002 D7=100004 A0=10C228 A1=109480 A2=1094C2 A3=108F6A A4=10927C A5=108000 A6=108E3C PC=1E22 -- 001E22: sub.w   D2, D3
D0=12 D1=10 D2=0 D3=20 D4=7400000 D5=841D0002 D6=841D0002 D7=100004 A0=10C228 A1=109480 A2=1094C2 A3=108F6A A4=10927C A5=108000 A6=108E3C PC=1E24 -- 001E24: lsl.w   #7, D3
D0=12 D1=10 D2=0 D3=1000 D4=7400000 D5=841D0002 D6=841D0002 D7=100004 A0=10C228 A1=109480 A2=1094C2 A3=108F6A A4=10927C A5=108000 A6=108E3C PC=1E26 -- 001E26: move.w  D3, (A1,D7.w)
D0=12 D1=10 D2=0 D3=1000 D4=7400000 D5=841D0002 D6=841D0002 D7=100004 A0=10C228 A1=109480 A2=1094C2 A3=108F6A A4=10927C A5=108000 A6=108E3C PC=1E2A -- 001E2A: move.w  ($7b2,A5), D3
D0=12 D1=10 D2=0 D3=0 D4=7400000 D5=841D0002 D6=841D0002 D7=100004 A0=10C228 A1=109480 A2=1094C2 A3=108F6A A4=10927C A5=108000 A6=108E3C PC=1E2E -- 001E2E: lsl.w   #7, D3
D0=12 D1=10 D2=0 D3=0 D4=7400000 D5=841D0002 D6=841D0002 D7=100004 A0=10C228 A1=109480 A2=1094C2 A3=108F6A A4=10927C A5=108000 A6=108E3C PC=1E30 -- 001E30: or.b    ($61,A4), D3
D0=12 D1=10 D2=0 D3=50 D4=7400000 D5=841D0002 D6=841D0002 D7=100004 A0=10C228 A1=109480 A2=1094C2 A3=108F6A A4=10927C A5=108000 A6=108E3C PC=1E34 -- 001E34: move.w  D3, (A2,D7.w)
D0=12 D1=10 D2=0 D3=50 D4=7400000 D5=841D0002 D6=841D0002 D7=100004 A0=10C228 A1=109480 A2=1094C2 A3=108F6A A4=10927C A5=108000 A6=108E3C PC=1E38 -- 001E38: addq.w  #2, D6
D0=12 D1=10 D2=0 D3=50 D4=7400000 D5=841D0004 D6=841D0004 D7=100004 A0=10C228 A1=109480 A2=1094C2 A3=108F6A A4=10927C A5=108000 A6=108E3C PC=1E3A -- 001E3A: addq.w  #2, D7
D0=12 D1=10 D2=0 D3=50 D4=7400000 D5=841D0004 D6=841D0004 D7=100006 A0=10C228 A1=109480 A2=1094C2 A3=108F6A A4=10927C A5=108000 A6=108E3C PC=1E3C -- 001E3C: andi.w  #$3f, D6
D0=12 D1=10 D2=0 D3=50 D4=7400000 D5=841D0004 D6=841D0004 D7=100006 A0=10C228 A1=109480 A2=1094C2 A3=108F6A A4=10927C A5=108000 A6=108E3C PC=1E40 -- 001E40: andi.w  #$3f, D7
D0=12 D1=10 D2=0 D3=50 D4=7400000 D5=841D0004 D6=841D0004 D7=100006 A0=10C228 A1=109480 A2=1094C2 A3=108F6A A4=10927C A5=108000 A6=108E3C PC=1E44 -- 001E44: dbra    D0, $1e0e

   (loops for 342 instructions)

D0=FFFF D1=10 D2=0 D3=50 D4=7400000 D5=841D0028 D6=841D0028 D7=10002A A0=10C228 A1=109480 A2=1094C2 A3=108F6A A4=10927C A5=108000 A6=108E3C PC=1E48 -- 001E48: tst.b   ($3a66,A5)
D0=FFFF D1=10 D2=0 D3=50 D4=7400000 D5=841D0028 D6=841D0028 D7=10002A A0=10C228 A1=109480 A2=1094C2 A3=108F6A A4=10927C A5=108000 A6=108E3C PC=1E4C -- 001E4C: bpl     $1e7e
D0=FFFF D1=10 D2=0 D3=50 D4=7400000 D5=841D0028 D6=841D0028 D7=10002A A0=10C228 A1=109480 A2=1094C2 A3=108F6A A4=10927C A5=108000 A6=108E3C PC=1E7E -- 001E7E: rts
D0=FFFF D1=10 D2=0 D3=50 D4=7400000 D5=841D0028 D6=841D0028 D7=10002A A0=10C228 A1=109480 A2=1094C2 A3=108F6A A4=10927C A5=108000 A6=108E3C PC=32B6C -- 032B6C: lea     ($100,A4), A4
D0=FFFF D1=10 D2=0 D3=50 D4=7400000 D5=841D0028 D6=841D0028 D7=10002A A0=10C228 A1=109480 A2=1094C2 A3=108F6A A4=10937C A5=108000 A6=108E3C PC=32B70 -- 032B70: subq.b  #1, ($147c,A5)
D0=FFFF D1=10 D2=0 D3=50 D4=7400000 D5=841D0028 D6=841D0028 D7=10002A A0=10C228 A1=109480 A2=1094C2 A3=108F6A A4=10937C A5=108000 A6=108E3C PC=32B74 -- 032B74: bne     $32b62
D0=FFFF D1=10 D2=0 D3=50 D4=7400000 D5=841D0028 D6=841D0028 D7=10002A A0=10C228 A1=109480 A2=1094C2 A3=108F6A A4=10937C A5=108000 A6=108E3C PC=32B62 -- 032B62: tst.b   ($6e,A4)
D0=FFFF D1=10 D2=0 D3=50 D4=7400000 D5=841D0028 D6=841D0028 D7=10002A A0=10C228 A1=109480 A2=1094C2 A3=108F6A A4=10937C A5=108000 A6=108E3C PC=32B66 -- 032B66: bpl     $32b6c
D0=FFFF D1=10 D2=0 D3=50 D4=7400000 D5=841D0028 D6=841D0028 D7=10002A A0=10C228 A1=109480 A2=1094C2 A3=108F6A A4=10937C A5=108000 A6=108E3C PC=32B6C -- 032B6C: lea     ($100,A4), A4
D0=FFFF D1=10 D2=0 D3=50 D4=7400000 D5=841D0028 D6=841D0028 D7=10002A A0=10C228 A1=109480 A2=1094C2 A3=108F6A A4=10947C A5=108000 A6=108E3C PC=32B70 -- 032B70: subq.b  #1, ($147c,A5)
D0=FFFF D1=10 D2=0 D3=50 D4=7400000 D5=841D0028 D6=841D0028 D7=10002A A0=10C228 A1=109480 A2=1094C2 A3=108F6A A4=10947C A5=108000 A6=108E3C PC=32B74 -- 032B74: bne     $32b62
D0=FFFF D1=10 D2=0 D3=50 D4=7400000 D5=841D0028 D6=841D0028 D7=10002A A0=10C228 A1=109480 A2=1094C2 A3=108F6A A4=10947C A5=108000 A6=108E3C PC=32B76 -- 032B76: rts
D0=FFFF D1=10 D2=0 D3=50 D4=7400000 D5=841D0028 D6=841D0028 D7=10002A A0=10C228 A1=109480 A2=1094C2 A3=108F6A A4=10947C A5=108000 A6=108E3C PC=32A8A -- 032A8A: btst    #$6, ($785,A5)
D0=FFFF D1=10 D2=0 D3=50 D4=7400000 D5=841D0028 D6=841D0028 D7=10002A A0=10C228 A1=109480 A2=1094C2 A3=108F6A A4=10947C A5=108000 A6=108E3C PC=32A90 -- 032A90: beq     $32ae4
D0=FFFF D1=10 D2=0 D3=50 D4=7400000 D5=841D0028 D6=841D0028 D7=10002A A0=10C228 A1=109480 A2=1094C2 A3=108F6A A4=10947C A5=108000 A6=108E3C PC=32AE4 -- 032AE4: jsr     $87e.l
D0=FFFF D1=10 D2=0 D3=50 D4=7400000 D5=841D0028 D6=841D0028 D7=10002A A0=10C228 A1=109480 A2=1094C2 A3=108F6A A4=10947C A5=108000 A6=108E3C PC=87E -- 00087E: tst.b   $10fdaf.l
D0=FFFF D1=10 D2=0 D3=50 D4=7400000 D5=841D0028 D6=841D0028 D7=10002A A0=10C228 A1=109480 A2=1094C2 A3=108F6A A4=10947C A5=108000 A6=108E3C PC=884 -- 000884: beq     $8d0
D0=FFFF D1=10 D2=0 D3=50 D4=7400000 D5=841D0028 D6=841D0028 D7=10002A A0=10C228 A1=109480 A2=1094C2 A3=108F6A A4=10947C A5=108000 A6=108E3C PC=888 -- 000888: btst    #$1, ($785,A5)
D0=FFFF D1=10 D2=0 D3=50 D4=7400000 D5=841D0028 D6=841D0028 D7=10002A A0=10C228 A1=109480 A2=1094C2 A3=108F6A A4=10947C A5=108000 A6=108E3C PC=88E -- 00088E: bne     $8d0
D0=FFFF D1=10 D2=0 D3=50 D4=7400000 D5=841D0028 D6=841D0028 D7=10002A A0=10C228 A1=109480 A2=1094C2 A3=108F6A A4=10947C A5=108000 A6=108E3C PC=8D0 -- 0008D0: rts
D0=FFFF D1=10 D2=0 D3=50 D4=7400000 D5=841D0028 D6=841D0028 D7=10002A A0=10C228 A1=109480 A2=1094C2 A3=108F6A A4=10947C A5=108000 A6=108E3C PC=32AEA -- 032AEA: jsr     $45e3e.l
D0=FFFF D1=10 D2=0 D3=50 D4=7400000 D5=841D0028 D6=841D0028 D7=10002A A0=10C228 A1=109480 A2=1094C2 A3=108F6A A4=10947C A5=108000 A6=108E3C PC=45E3E -- 045E3E: btst    #$3, ($80c,A5)
D0=FFFF D1=10 D2=0 D3=50 D4=7400000 D5=841D0028 D6=841D0028 D7=10002A A0=10C228 A1=109480 A2=1094C2 A3=108F6A A4=10947C A5=108000 A6=108E3C PC=45E44 -- 045E44: beq     $45e54
D0=FFFF D1=10 D2=0 D3=50 D4=7400000 D5=841D0028 D6=841D0028 D7=10002A A0=10C228 A1=109480 A2=1094C2 A3=108F6A A4=10947C A5=108000 A6=108E3C PC=45E54 -- 045E54: btst    #$4, ($80c,A5)
D0=FFFF D1=10 D2=0 D3=50 D4=7400000 D5=841D0028 D6=841D0028 D7=10002A A0=10C228 A1=109480 A2=1094C2 A3=108F6A A4=10947C A5=108000 A6=108E3C PC=45E5A -- 045E5A: beq     $45e6a
D0=FFFF D1=10 D2=0 D3=50 D4=7400000 D5=841D0028 D6=841D0028 D7=10002A A0=10C228 A1=109480 A2=1094C2 A3=108F6A A4=10947C A5=108000 A6=108E3C PC=45E6A -- 045E6A: rts
D0=FFFF D1=10 D2=0 D3=50 D4=7400000 D5=841D0028 D6=841D0028 D7=10002A A0=10C228 A1=109480 A2=1094C2 A3=108F6A A4=10947C A5=108000 A6=108E3C PC=32AF0 -- 032AF0: jsr     $3e82.w
D0=FFFF D1=10 D2=0 D3=50 D4=7400000 D5=841D0028 D6=841D0028 D7=10002A A0=10C228 A1=109480 A2=1094C2 A3=108F6A A4=10947C A5=108000 A6=108E3C PC=3E82 -- 003E82: moveq   #$0, D0
D0=0 D1=10 D2=0 D3=50 D4=7400000 D5=841D0028 D6=841D0028 D7=10002A A0=10C228 A1=109480 A2=1094C2 A3=108F6A A4=10947C A5=108000 A6=108E3C PC=3E84 -- 003E84: move.l  D0, D1
D0=0 D1=0 D2=0 D3=50 D4=7400000 D5=841D0028 D6=841D0028 D7=10002A A0=10C228 A1=109480 A2=1094C2 A3=108F6A A4=10947C A5=108000 A6=108E3C PC=3E86 -- 003E86: move.l  D0, D2
D0=0 D1=0 D2=0 D3=50 D4=7400000 D5=841D0028 D6=841D0028 D7=10002A A0=10C228 A1=109480 A2=1094C2 A3=108F6A A4=10947C A5=108000 A6=108E3C PC=3E88 -- 003E88: move.l  D0, D3
D0=0 D1=0 D2=0 D3=0 D4=7400000 D5=841D0028 D6=841D0028 D7=10002A A0=10C228 A1=109480 A2=1094C2 A3=108F6A A4=10947C A5=108000 A6=108E3C PC=3E8A -- 003E8A: move.l  D0, D4
D0=0 D1=0 D2=0 D3=0 D4=0 D5=841D0028 D6=841D0028 D7=10002A A0=10C228 A1=109480 A2=1094C2 A3=108F6A A4=10947C A5=108000 A6=108E3C PC=3E8C -- 003E8C: move.l  D0, D5
D0=0 D1=0 D2=0 D3=0 D4=0 D5=841D0028 D6=841D0028 D7=10002A A0=10C228 A1=109480 A2=1094C2 A3=108F6A A4=10947C A5=108000 A6=108E3C PC=3E8E -- 003E8E: move.l  D0, D6
D0=0 D1=0 D2=0 D3=0 D4=0 D5=0 D6=0 D7=10002A A0=10C228 A1=109480 A2=1094C2 A3=108F6A A4=10947C A5=108000 A6=108E3C PC=3E90 -- 003E90: move.l  D0, D7
D0=0 D1=0 D2=0 D3=0 D4=0 D5=0 D6=0 D7=0 A0=10C228 A1=109480 A2=1094C2 A3=108F6A A4=10947C A5=108000 A6=108E3C PC=3E92 -- 003E92: lea     ($f3c,A5), A0
D0=0 D1=0 D2=0 D3=0 D4=0 D5=0 D6=0 D7=0 A0=108F3C A1=109480 A2=1094C2 A3=108F6A A4=10947C A5=108000 A6=108E3C PC=3E96 -- 003E96: movem.l D0-D7, -(A0)
D0=0 D1=0 D2=0 D3=0 D4=0 D5=0 D6=0 D7=0 A0=108F1C A1=109480 A2=1094C2 A3=108F6A A4=10947C A5=108000 A6=108E3C PC=3E9A -- 003E9A: movem.l D0-D7, -(A0)
D0=0 D1=0 D2=0 D3=0 D4=0 D5=0 D6=0 D7=0 A0=108EFC A1=109480 A2=1094C2 A3=108F6A A4=10947C A5=108000 A6=108E3C PC=3E9E -- 003E9E: movem.l D0-D7, -(A0)
D0=0 D1=0 D2=0 D3=0 D4=0 D5=0 D6=0 D7=0 A0=108EDC A1=109480 A2=1094C2 A3=108F6A A4=10947C A5=108000 A6=108E3C PC=3EA2 -- 003EA2: movem.l D0-D7, -(A0)
D0=0 D1=0 D2=0 D3=0 D4=0 D5=0 D6=0 D7=0 A0=108EBC A1=109480 A2=1094C2 A3=108F6A A4=10947C A5=108000 A6=108E3C PC=3EA6 -- 003EA6: movem.l D0-D7, -(A0)
D0=0 D1=0 D2=0 D3=0 D4=0 D5=0 D6=0 D7=0 A0=108E9C A1=109480 A2=1094C2 A3=108F6A A4=10947C A5=108000 A6=108E3C PC=3EAA -- 003EAA: movem.l D0-D7, -(A0)
D0=0 D1=0 D2=0 D3=0 D4=0 D5=0 D6=0 D7=0 A0=108E7C A1=109480 A2=1094C2 A3=108F6A A4=10947C A5=108000 A6=108E3C PC=3EAE -- 003EAE: movem.l D0-D7, -(A0)
D0=0 D1=0 D2=0 D3=0 D4=0 D5=0 D6=0 D7=0 A0=108E5C A1=109480 A2=1094C2 A3=108F6A A4=10947C A5=108000 A6=108E3C PC=3EB2 -- 003EB2: movem.l D0-D7, -(A0)
D0=0 D1=0 D2=0 D3=0 D4=0 D5=0 D6=0 D7=0 A0=108E3C A1=109480 A2=1094C2 A3=108F6A A4=10947C A5=108000 A6=108E3C PC=3EB6 -- 003EB6: lea     ($103c,A5), A0
D0=0 D1=0 D2=0 D3=0 D4=0 D5=0 D6=0 D7=0 A0=10903C A1=109480 A2=1094C2 A3=108F6A A4=10947C A5=108000 A6=108E3C PC=3EBA -- 003EBA: movem.l D0-D7, -(A0)
D0=0 D1=0 D2=0 D3=0 D4=0 D5=0 D6=0 D7=0 A0=10901C A1=109480 A2=1094C2 A3=108F6A A4=10947C A5=108000 A6=108E3C PC=3EBE -- 003EBE: movem.l D0-D7, -(A0)
D0=0 D1=0 D2=0 D3=0 D4=0 D5=0 D6=0 D7=0 A0=108FFC A1=109480 A2=1094C2 A3=108F6A A4=10947C A5=108000 A6=108E3C PC=3EC2 -- 003EC2: movem.l D0-D7, -(A0)
D0=0 D1=0 D2=0 D3=0 D4=0 D5=0 D6=0 D7=0 A0=108FDC A1=109480 A2=1094C2 A3=108F6A A4=10947C A5=108000 A6=108E3C PC=3EC6 -- 003EC6: movem.l D0-D7, -(A0)
D0=0 D1=0 D2=0 D3=0 D4=0 D5=0 D6=0 D7=0 A0=108FBC A1=109480 A2=1094C2 A3=108F6A A4=10947C A5=108000 A6=108E3C PC=3ECA -- 003ECA: movem.l D0-D7, -(A0)
D0=0 D1=0 D2=0 D3=0 D4=0 D5=0 D6=0 D7=0 A0=108F9C A1=109480 A2=1094C2 A3=108F6A A4=10947C A5=108000 A6=108E3C PC=3ECE -- 003ECE: movem.l D0-D7, -(A0)
D0=0 D1=0 D2=0 D3=0 D4=0 D5=0 D6=0 D7=0 A0=108F7C A1=109480 A2=1094C2 A3=108F6A A4=10947C A5=108000 A6=108E3C PC=3ED2 -- 003ED2: movem.l D0-D7, -(A0)
D0=0 D1=0 D2=0 D3=0 D4=0 D5=0 D6=0 D7=0 A0=108F5C A1=109480 A2=1094C2 A3=108F6A A4=10947C A5=108000 A6=108E3C PC=3ED6 -- 003ED6: movem.l D0-D7, -(A0)
D0=0 D1=0 D2=0 D3=0 D4=0 D5=0 D6=0 D7=0 A0=108F3C A1=109480 A2=1094C2 A3=108F6A A4=10947C A5=108000 A6=108E3C PC=3EDA -- 003EDA: tst.w   ($e3a,A5)
D0=0 D1=0 D2=0 D3=0 D4=0 D5=0 D6=0 D7=0 A0=108F3C A1=109480 A2=1094C2 A3=108F6A A4=10947C A5=108000 A6=108E3C PC=3EDE -- 003EDE: beq     $406e
D0=0 D1=0 D2=0 D3=0 D4=0 D5=0 D6=0 D7=0 A0=108F3C A1=109480 A2=1094C2 A3=108F6A A4=10947C A5=108000 A6=108E3C PC=406E -- 00406E: move.w  #$ffff, ($e38,A5)
D0=0 D1=0 D2=0 D3=0 D4=0 D5=0 D6=0 D7=0 A0=108F3C A1=109480 A2=1094C2 A3=108F6A A4=10947C A5=108000 A6=108E3C PC=4074 -- 004074: clr.w   ($e3a,A5)
D0=0 D1=0 D2=0 D3=0 D4=0 D5=0 D6=0 D7=0 A0=108F3C A1=109480 A2=1094C2 A3=108F6A A4=10947C A5=108000 A6=108E3C PC=4078 -- 004078: move.l  ($103c,A5), D0
D0=0 D1=0 D2=0 D3=0 D4=0 D5=0 D6=0 D7=0 A0=108F3C A1=109480 A2=1094C2 A3=108F6A A4=10947C A5=108000 A6=108E3C PC=407C -- 00407C: move.l  ($1040,A5), ($103c,A5)
D0=0 D1=0 D2=0 D3=0 D4=0 D5=0 D6=0 D7=0 A0=108F3C A1=109480 A2=1094C2 A3=108F6A A4=10947C A5=108000 A6=108E3C PC=4082 -- 004082: move.l  D0, ($1040,A5)
D0=0 D1=0 D2=0 D3=0 D4=0 D5=0 D6=0 D7=0 A0=108F3C A1=109480 A2=1094C2 A3=108F6A A4=10947C A5=108000 A6=108E3C PC=4086 -- 004086: rts
D0=0 D1=0 D2=0 D3=0 D4=0 D5=0 D6=0 D7=0 A0=108F3C A1=109480 A2=1094C2 A3=108F6A A4=10947C A5=108000 A6=108E3C PC=32AF4 -- 032AF4: move.b  #$1, $3a0001.l
D0=0 D1=0 D2=0 D3=0 D4=0 D5=0 D6=0 D7=0 A0=108F3C A1=109480 A2=1094C2 A3=108F6A A4=10947C A5=108000 A6=108E3C PC=32AFC -- 032AFC: jsr     $673e.l
D0=0 D1=0 D2=0 D3=0 D4=0 D5=0 D6=0 D7=0 A0=108F3C A1=109480 A2=1094C2 A3=108F6A A4=10947C A5=108000 A6=108E3C PC=673E -- 00673E: btst    #$4, (-$7fff,A5)
D0=0 D1=0 D2=0 D3=0 D4=0 D5=0 D6=0 D7=0 A0=108F3C A1=109480 A2=1094C2 A3=108F6A A4=10947C A5=108000 A6=108E3C PC=6744 -- 006744: bne     $6752
D0=0 D1=0 D2=0 D3=0 D4=0 D5=0 D6=0 D7=0 A0=108F3C A1=109480 A2=1094C2 A3=108F6A A4=10947C A5=108000 A6=108E3C PC=6748 -- 006748: tst.b   ($4704,A5)
D0=0 D1=0 D2=0 D3=0 D4=0 D5=0 D6=0 D7=0 A0=108F3C A1=109480 A2=1094C2 A3=108F6A A4=10947C A5=108000 A6=108E3C PC=674C -- 00674C: bmi     $68fc
D0=0 D1=0 D2=0 D3=0 D4=0 D5=0 D6=0 D7=0 A0=108F3C A1=109480 A2=1094C2 A3=108F6A A4=10947C A5=108000 A6=108E3C PC=6750 -- 006750: rts
D0=0 D1=0 D2=0 D3=0 D4=0 D5=0 D6=0 D7=0 A0=108F3C A1=109480 A2=1094C2 A3=108F6A A4=10947C A5=108000 A6=108E3C PC=32B02 -- 032B02: jsr     $6972.l
D0=0 D1=0 D2=0 D3=0 D4=0 D5=0 D6=0 D7=0 A0=108F3C A1=109480 A2=1094C2 A3=108F6A A4=10947C A5=108000 A6=108E3C PC=6972 -- 006972: btst    #$5, (-$7fff,A5)
D0=0 D1=0 D2=0 D3=0 D4=0 D5=0 D6=0 D7=0 A0=108F3C A1=109480 A2=1094C2 A3=108F6A A4=10947C A5=108000 A6=108E3C PC=6978 -- 006978: bne     $6986
D0=0 D1=0 D2=0 D3=0 D4=0 D5=0 D6=0 D7=0 A0=108F3C A1=109480 A2=1094C2 A3=108F6A A4=10947C A5=108000 A6=108E3C PC=697C -- 00697C: tst.b   ($470e,A5)
D0=0 D1=0 D2=0 D3=0 D4=0 D5=0 D6=0 D7=0 A0=108F3C A1=109480 A2=1094C2 A3=108F6A A4=10947C A5=108000 A6=108E3C PC=6980 -- 006980: bmi     $7506
D0=0 D1=0 D2=0 D3=0 D4=0 D5=0 D6=0 D7=0 A0=108F3C A1=109480 A2=1094C2 A3=108F6A A4=10947C A5=108000 A6=108E3C PC=6984 -- 006984: rts
D0=0 D1=0 D2=0 D3=0 D4=0 D5=0 D6=0 D7=0 A0=108F3C A1=109480 A2=1094C2 A3=108F6A A4=10947C A5=108000 A6=108E3C PC=32B08 -- 032B08: tst.w   (-$7f76,A5)
D0=0 D1=0 D2=0 D3=0 D4=0 D5=0 D6=0 D7=0 A0=108F3C A1=109480 A2=1094C2 A3=108F6A A4=10947C A5=108000 A6=108E3C PC=32B0C -- 032B0C: beq     $32b24
D0=0 D1=0 D2=0 D3=0 D4=0 D5=0 D6=0 D7=0 A0=108F3C A1=109480 A2=1094C2 A3=108F6A A4=10947C A5=108000 A6=108E3C PC=32B24 -- 032B24: bra     $329cc
D0=0 D1=0 D2=0 D3=0 D4=0 D5=0 D6=0 D7=0 A0=108F3C A1=109480 A2=1094C2 A3=108F6A A4=10947C A5=108000 A6=108E3C PC=329CC -- 0329CC: move.b  #$0, ($784,A5)
D0=0 D1=0 D2=0 D3=0 D4=0 D5=0 D6=0 D7=0 A0=108F3C A1=109480 A2=1094C2 A3=108F6A A4=10947C A5=108000 A6=108E3C PC=329D2 -- 0329D2: jsr     ($4d2,PC) ; ($32ea6)
D0=0 D1=0 D2=0 D3=0 D4=0 D5=0 D6=0 D7=0 A0=108F3C A1=109480 A2=1094C2 A3=108F6A A4=10947C A5=108000 A6=108E3C PC=32EA6 -- 032EA6: btst    #$7, (-$8000,A5)
D0=0 D1=0 D2=0 D3=0 D4=0 D5=0 D6=0 D7=0 A0=108F3C A1=109480 A2=1094C2 A3=108F6A A4=10947C A5=108000 A6=108E3C PC=32EAC -- 032EAC: bne     $32ed0
D0=0 D1=0 D2=0 D3=0 D4=0 D5=0 D6=0 D7=0 A0=108F3C A1=109480 A2=1094C2 A3=108F6A A4=10947C A5=108000 A6=108E3C PC=32EB0 -- 032EB0: tst.b   $10fd82.l
D0=0 D1=0 D2=0 D3=0 D4=0 D5=0 D6=0 D7=0 A0=108F3C A1=109480 A2=1094C2 A3=108F6A A4=10947C A5=108000 A6=108E3C PC=32EB6 -- 032EB6: bne     $32f16
D0=0 D1=0 D2=0 D3=0 D4=0 D5=0 D6=0 D7=0 A0=108F3C A1=109480 A2=1094C2 A3=108F6A A4=10947C A5=108000 A6=108E3C PC=32F16 -- 032F16: rts
D0=0 D1=0 D2=0 D3=0 D4=0 D5=0 D6=0 D7=0 A0=108F3C A1=109480 A2=1094C2 A3=108F6A A4=10947C A5=108000 A6=108E3C PC=329D6 -- 0329D6: nop
D0=0 D1=0 D2=0 D3=0 D4=0 D5=0 D6=0 D7=0 A0=108F3C A1=109480 A2=1094C2 A3=108F6A A4=10947C A5=108000 A6=108E3C PC=329D8 -- 0329D8: tst.b   ($784,A5)
D0=0 D1=0 D2=0 D3=0 D4=0 D5=0 D6=0 D7=0 A0=108F3C A1=109480 A2=1094C2 A3=108F6A A4=10947C A5=108000 A6=108E3C PC=329DC -- 0329DC: beq     $329d2
D0=0 D1=0 D2=0 D3=0 D4=0 D5=0 D6=0 D7=0 A0=108F3C A1=109480 A2=1094C2 A3=108F6A A4=10947C A5=108000 A6=108E3C PC=329D2 -- 0329D2: jsr     ($4d2,PC) ; ($32ea6)
D0=0 D1=0 D2=0 D3=0 D4=0 D5=0 D6=0 D7=0 A0=108F3C A1=109480 A2=1094C2 A3=108F6A A4=10947C A5=108000 A6=108E3C PC=32EA6 -- 032EA6: btst    #$7, (-$8000,A5)
D0=0 D1=0 D2=0 D3=0 D4=0 D5=0 D6=0 D7=0 A0=108F3C A1=109480 A2=1094C2 A3=108F6A A4=10947C A5=108000 A6=108E3C PC=32EAC -- 032EAC: bne     $32ed0
D0=0 D1=0 D2=0 D3=0 D4=0 D5=0 D6=0 D7=0 A0=108F3C A1=109480 A2=1094C2 A3=108F6A A4=10947C A5=108000 A6=108E3C PC=32EB0 -- 032EB0: tst.b   $10fd82.l
D0=0 D1=0 D2=0 D3=0 D4=0 D5=0 D6=0 D7=0 A0=108F3C A1=109480 A2=1094C2 A3=108F6A A4=10947C A5=108000 A6=108E3C PC=32EB6 -- 032EB6: bne     $32f16
D0=0 D1=0 D2=0 D3=0 D4=0 D5=0 D6=0 D7=0 A0=108F3C A1=109480 A2=1094C2 A3=108F6A A4=10947C A5=108000 A6=108E3C PC=32F16 -- 032F16: rts
D0=0 D1=0 D2=0 D3=0 D4=0 D5=0 D6=0 D7=0 A0=108F3C A1=109480 A2=1094C2 A3=108F6A A4=10947C A5=108000 A6=108E3C PC=329D6 -- 0329D6: nop
D0=0 D1=0 D2=0 D3=0 D4=0 D5=0 D6=0 D7=0 A0=108F3C A1=109480 A2=1094C2 A3=108F6A A4=10947C A5=108000 A6=108E3C PC=329D8 -- 0329D8: tst.b   ($784,A5)
D0=0 D1=0 D2=0 D3=0 D4=0 D5=0 D6=0 D7=0 A0=108F3C A1=109480 A2=1094C2 A3=108F6A A4=10947C A5=108000 A6=108E3C PC=329DC -- 0329DC: beq     $329d2

   (loops for 13541 instructions)

D0=0 D1=0 D2=0 D3=0 D4=0 D5=0 D6=0 D7=0 A0=108F3C A1=109480 A2=1094C2 A3=108F6A A4=10947C A5=108000 A6=108E3C PC=32B7C -- 032B7C: tst.b   $10fd80.l
D0=0 D1=0 D2=0 D3=0 D4=0 D5=0 D6=0 D7=0 A0=108F3C A1=109480 A2=1094C2 A3=108F6A A4=10947C A5=108000 A6=108E3C PC=32B82 -- 032B82: bmi     $32b8a
D0=0 D1=0 D2=0 D3=0 D4=0 D5=0 D6=0 D7=0 A0=108F3C A1=109480 A2=1094C2 A3=108F6A A4=10947C A5=108000 A6=108E3C PC=32B8A -- 032B8A: ori     #$700, SR
D0=0 D1=0 D2=0 D3=0 D4=0 D5=0 D6=0 D7=0 A0=108F3C A1=109480 A2=1094C2 A3=108F6A A4=10947C A5=108000 A6=108E3C PC=32B8E -- 032B8E: movem.l D0-D7/A0-A6, -(A7)
D0=0 D1=0 D2=0 D3=0 D4=0 D5=0 D6=0 D7=0 A0=108F3C A1=109480 A2=1094C2 A3=108F6A A4=10947C A5=108000 A6=108E3C PC=32B92 -- 032B92: move.l  ($4178,A5), D0
D0=10BDF4 D1=0 D2=0 D3=0 D4=0 D5=0 D6=0 D7=0 A0=108F3C A1=109480 A2=1094C2 A3=108F6A A4=10947C A5=108000 A6=108E3C PC=32B96 -- 032B96: move.l  ($4174,A5), ($4178,A5)
D0=10BDF4 D1=0 D2=0 D3=0 D4=0 D5=0 D6=0 D7=0 A0=108F3C A1=109480 A2=1094C2 A3=108F6A A4=10947C A5=108000 A6=108E3C PC=32B9C -- 032B9C: move.l  D0, ($4174,A5)
D0=10BDF4 D1=0 D2=0 D3=0 D4=0 D5=0 D6=0 D7=0 A0=108F3C A1=109480 A2=1094C2 A3=108F6A A4=10947C A5=108000 A6=108E3C PC=32BA0 -- 032BA0: move.l  D0, ($417c,A5)
D0=10BDF4 D1=0 D2=0 D3=0 D4=0 D5=0 D6=0 D7=0 A0=108F3C A1=109480 A2=1094C2 A3=108F6A A4=10947C A5=108000 A6=108E3C PC=32BA4 -- 032BA4: lea     $108000.l, A5
D0=10BDF4 D1=0 D2=0 D3=0 D4=0 D5=0 D6=0 D7=0 A0=108F3C A1=109480 A2=1094C2 A3=108F6A A4=10947C A5=108000 A6=108E3C PC=32BAA -- 032BAA: move.b  D0, $300001.l
D0=10BDF4 D1=0 D2=0 D3=0 D4=0 D5=0 D6=0 D7=0 A0=108F3C A1=109480 A2=1094C2 A3=108F6A A4=10947C A5=108000 A6=108E3C PC=32BB0 -- 032BB0: move.w  #$4, $3c000c.l
D0=10BDF4 D1=0 D2=0 D3=0 D4=0 D5=0 D6=0 D7=0 A0=108F3C A1=109480 A2=1094C2 A3=108F6A A4=10947C A5=108000 A6=108E3C PC=32BB8 -- 032BB8: btst    #$1, ($38b8,A5)
D0=10BDF4 D1=0 D2=0 D3=0 D4=0 D5=0 D6=0 D7=0 A0=108F3C A1=109480 A2=1094C2 A3=108F6A A4=10947C A5=108000 A6=108E3C PC=32BBE -- 032BBE: bne     $32bca
D0=10BDF4 D1=0 D2=0 D3=0 D4=0 D5=0 D6=0 D7=0 A0=108F3C A1=109480 A2=1094C2 A3=108F6A A4=10947C A5=108000 A6=108E3C PC=32BC2 -- 032BC2: move.w  ($38ba,A5), $401ffe.l
D0=10BDF4 D1=0 D2=0 D3=0 D4=0 D5=0 D6=0 D7=0 A0=108F3C A1=109480 A2=1094C2 A3=108F6A A4=10947C A5=108000 A6=108E3C PC=32BCA -- 032BCA: tst.b   ($784,A5)
D0=10BDF4 D1=0 D2=0 D3=0 D4=0 D5=0 D6=0 D7=0 A0=108F3C A1=109480 A2=1094C2 A3=108F6A A4=10947C A5=108000 A6=108E3C PC=32BCE -- 032BCE: bne     $32bea
D0=10BDF4 D1=0 D2=0 D3=0 D4=0 D5=0 D6=0 D7=0 A0=108F3C A1=109480 A2=1094C2 A3=108F6A A4=10947C A5=108000 A6=108E3C PC=32BD0 -- 032BD0: addq.l  #1, (-$7f7c,A5)
D0=10BDF4 D1=0 D2=0 D3=0 D4=0 D5=0 D6=0 D7=0 A0=108F3C A1=109480 A2=1094C2 A3=108F6A A4=10947C A5=108000 A6=108E3C PC=32BD4 -- 032BD4: bsr     $33614
D0=10BDF4 D1=0 D2=0 D3=0 D4=0 D5=0 D6=0 D7=0 A0=108F3C A1=109480 A2=1094C2 A3=108F6A A4=10947C A5=108000 A6=108E3C PC=33614 -- 033614: tst.b   ($38b8,A5)
D0=10BDF4 D1=0 D2=0 D3=0 D4=0 D5=0 D6=0 D7=0 A0=108F3C A1=109480 A2=1094C2 A3=108F6A A4=10947C A5=108000 A6=108E3C PC=33618 -- 033618: bpl     $33632
D0=10BDF4 D1=0 D2=0 D3=0 D4=0 D5=0 D6=0 D7=0 A0=108F3C A1=109480 A2=1094C2 A3=108F6A A4=10947C A5=108000 A6=108E3C PC=33632 -- 033632: andi.b  #$7f, ($38b8,A5)
D0=10BDF4 D1=0 D2=0 D3=0 D4=0 D5=0 D6=0 D7=0 A0=108F3C A1=109480 A2=1094C2 A3=108F6A A4=10947C A5=108000 A6=108E3C PC=33638 -- 033638: lea     ($18a6,A5), A0
D0=10BDF4 D1=0 D2=0 D3=0 D4=0 D5=0 D6=0 D7=0 A0=1098A6 A1=109480 A2=1094C2 A3=108F6A A4=10947C A5=108000 A6=108E3C PC=3363C -- 03363C: move.w  (A0), D0
D0=10FFFF D1=0 D2=0 D3=0 D4=0 D5=0 D6=0 D7=0 A0=1098A6 A1=109480 A2=1094C2 A3=108F6A A4=10947C A5=108000 A6=108E3C PC=3363E -- 03363E: bmi     $3365e
D0=10FFFF D1=0 D2=0 D3=0 D4=0 D5=0 D6=0 D7=0 A0=1098A6 A1=109480 A2=1094C2 A3=108F6A A4=10947C A5=108000 A6=108E3C PC=3365E -- 03365E: move.l  #$1098a6, ($38a8,A5)
D0=10FFFF D1=0 D2=0 D3=0 D4=0 D5=0 D6=0 D7=0 A0=1098A6 A1=109480 A2=1094C2 A3=108F6A A4=10947C A5=108000 A6=108E3C PC=33666 -- 033666: move.w  #$ffff, ($18a6,A5)
D0=10FFFF D1=0 D2=0 D3=0 D4=0 D5=0 D6=0 D7=0 A0=1098A6 A1=109480 A2=1094C2 A3=108F6A A4=10947C A5=108000 A6=108E3C PC=3366C -- 03366C: rts
D0=10FFFF D1=0 D2=0 D3=0 D4=0 D5=0 D6=0 D7=0 A0=1098A6 A1=109480 A2=1094C2 A3=108F6A A4=10947C A5=108000 A6=108E3C PC=32BD8 -- 032BD8: bsr     $3366e
D0=10FFFF D1=0 D2=0 D3=0 D4=0 D5=0 D6=0 D7=0 A0=1098A6 A1=109480 A2=1094C2 A3=108F6A A4=10947C A5=108000 A6=108E3C PC=3366E -- 03366E: move.w  #$1, $3c0004.l
D0=10FFFF D1=0 D2=0 D3=0 D4=0 D5=0 D6=0 D7=0 A0=1098A6 A1=109480 A2=1094C2 A3=108F6A A4=10947C A5=108000 A6=108E3C PC=33676 -- 033676: lea     ($e3c,A5), A0
D0=10FFFF D1=0 D2=0 D3=0 D4=0 D5=0 D6=0 D7=0 A0=108E3C A1=109480 A2=1094C2 A3=108F6A A4=10947C A5=108000 A6=108E3C PC=3367A -- 03367A: move.w  ($1044,A5), D0
D0=100001 D1=0 D2=0 D3=0 D4=0 D5=0 D6=0 D7=0 A0=108E3C A1=109480 A2=1094C2 A3=108F6A A4=10947C A5=108000 A6=108E3C PC=3367E -- 03367E: add.w   ($1040,A5), D0
D0=100001 D1=0 D2=0 D3=0 D4=0 D5=0 D6=0 D7=0 A0=108E3C A1=109480 A2=1094C2 A3=108F6A A4=10947C A5=108000 A6=108E3C PC=33682 -- 033682: addi.w  #-$7e00, D0
D0=108201 D1=0 D2=0 D3=0 D4=0 D5=0 D6=0 D7=0 A0=108E3C A1=109480 A2=1094C2 A3=108F6A A4=10947C A5=108000 A6=108E3C PC=33686 -- 033686: lea     $3c0000.l, A1
D0=108201 D1=0 D2=0 D3=0 D4=0 D5=0 D6=0 D7=0 A0=108E3C A1=3C0000 A2=1094C2 A3=108F6A A4=10947C A5=108000 A6=108E3C PC=3368C -- 03368C: move.w  D0, (A1)+
D0=108201 D1=0 D2=0 D3=0 D4=0 D5=0 D6=0 D7=0 A0=108E3C A1=3C0002 A2=1094C2 A3=108F6A A4=10947C A5=108000 A6=108E3C PC=3368E -- 03368E: move.w  ($1048,A5), D0
D0=10001B D1=0 D2=0 D3=0 D4=0 D5=0 D6=0 D7=0 A0=108E3C A1=3C0002 A2=1094C2 A3=108F6A A4=10947C A5=108000 A6=108E3C PC=33692 -- 033692: addq.w  #1, D0
D0=10001C D1=0 D2=0 D3=0 D4=0 D5=0 D6=0 D7=0 A0=108E3C A1=3C0002 A2=1094C2 A3=108F6A A4=10947C A5=108000 A6=108E3C PC=33694 -- 033694: move.w  #$80, D1
D0=10001C D1=80 D2=0 D3=0 D4=0 D5=0 D6=0 D7=0 A0=108E3C A1=3C0002 A2=1094C2 A3=108F6A A4=10947C A5=108000 A6=108E3C PC=33698 -- 033698: sub.w   D0, D1
D0=10001C D1=64 D2=0 D3=0 D4=0 D5=0 D6=0 D7=0 A0=108E3C A1=3C0002 A2=1094C2 A3=108F6A A4=10947C A5=108000 A6=108E3C PC=3369A -- 03369A: add.w   D1, D1
D0=10001C D1=C8 D2=0 D3=0 D4=0 D5=0 D6=0 D7=0 A0=108E3C A1=3C0002 A2=1094C2 A3=108F6A A4=10947C A5=108000 A6=108E3C PC=3369C -- 03369C: jsr     $2bd838.l
D0=10001C D1=C8 D2=0 D3=0 D4=0 D5=0 D6=0 D7=0 A0=108E3C A1=3C0002 A2=1094C2 A3=108F6A A4=10947C A5=108000 A6=108E3C PC=2BD838 -- 2BD838: lea     $336a6.l, A2
D0=10001C D1=C8 D2=0 D3=0 D4=0 D5=0 D6=0 D7=0 A0=108E3C A1=3C0002 A2=336A6 A3=108F6A A4=10947C A5=108000 A6=108E3C PC=2BD83E -- 2BD83E: adda.w  D1, A2
D0=10001C D1=C8 D2=0 D3=0 D4=0 D5=0 D6=0 D7=0 A0=108E3C A1=3C0002 A2=3376E A3=108F6A A4=10947C A5=108000 A6=108E3C PC=2BD840 -- 2BD840: move.b  $10f8e4.l, D5
D0=10001C D1=C8 D2=0 D3=0 D4=0 D5=0 D6=0 D7=0 A0=108E3C A1=3C0002 A2=3376E A3=108F6A A4=10947C A5=108000 A6=108E3C PC=2BD846 -- 2BD846: cmpi.b  #$1, D5
D0=10001C D1=C8 D2=0 D3=0 D4=0 D5=0 D6=0 D7=0 A0=108E3C A1=3C0002 A2=3376E A3=108F6A A4=10947C A5=108000 A6=108E3C PC=2BD84A -- 2BD84A: bne     $2bd854
D0=10001C D1=C8 D2=0 D3=0 D4=0 D5=0 D6=0 D7=0 A0=108E3C A1=3C0002 A2=3376E A3=108F6A A4=10947C A5=108000 A6=108E3C PC=2BD854 -- 2BD854: rts
D0=10001C D1=C8 D2=0 D3=0 D4=0 D5=0 D6=0 D7=0 A0=108E3C A1=3C0002 A2=3376E A3=108F6A A4=10947C A5=108000 A6=108E3C PC=336A2 -- 0336A2: nop
D0=10001C D1=C8 D2=0 D3=0 D4=0 D5=0 D6=0 D7=0 A0=108E3C A1=3C0002 A2=3376E A3=108F6A A4=10947C A5=108000 A6=108E3C PC=336A4 -- 0336A4: jmp     (A2)
D0=10001C D1=C8 D2=0 D3=0 D4=0 D5=0 D6=0 D7=0 A0=108E3C A1=3C0002 A2=3376E A3=108F6A A4=10947C A5=108000 A6=108E3C PC=3376E -- 03376E: move.w  (A0)+, (A1)
D0=10001C D1=C8 D2=0 D3=0 D4=0 D5=0 D6=0 D7=0 A0=108E3E A1=3C0002 A2=3376E A3=108F6A A4=10947C A5=108000 A6=108E3C PC=33770 -- 033770: move.w  (A0)+, (A1)
D0=10001C D1=C8 D2=0 D3=0 D4=0 D5=0 D6=0 D7=0 A0=108E40 A1=3C0002 A2=3376E A3=108F6A A4=10947C A5=108000 A6=108E3C PC=33772 -- 033772: move.w  (A0)+, (A1)
D0=10001C D1=C8 D2=0 D3=0 D4=0 D5=0 D6=0 D7=0 A0=108E42 A1=3C0002 A2=3376E A3=108F6A A4=10947C A5=108000 A6=108E3C PC=33774 -- 033774: move.w  (A0)+, (A1)
D0=10001C D1=C8 D2=0 D3=0 D4=0 D5=0 D6=0 D7=0 A0=108E44 A1=3C0002 A2=3376E A3=108F6A A4=10947C A5=108000 A6=108E3C PC=33776 -- 033776: move.w  (A0)+, (A1)
D0=10001C D1=C8 D2=0 D3=0 D4=0 D5=0 D6=0 D7=0 A0=108E46 A1=3C0002 A2=3376E A3=108F6A A4=10947C A5=108000 A6=108E3C PC=33778 -- 033778: move.w  (A0)+, (A1)
D0=10001C D1=C8 D2=0 D3=0 D4=0 D5=0 D6=0 D7=0 A0=108E48 A1=3C0002 A2=3376E A3=108F6A A4=10947C A5=108000 A6=108E3C PC=3377A -- 03377A: move.w  (A0)+, (A1)
D0=10001C D1=C8 D2=0 D3=0 D4=0 D5=0 D6=0 D7=0 A0=108E4A A1=3C0002 A2=3376E A3=108F6A A4=10947C A5=108000 A6=108E3C PC=3377C -- 03377C: move.w  (A0)+, (A1)
D0=10001C D1=C8 D2=0 D3=0 D4=0 D5=0 D6=0 D7=0 A0=108E4C A1=3C0002 A2=3376E A3=108F6A A4=10947C A5=108000 A6=108E3C PC=3377E -- 03377E: move.w  (A0)+, (A1)
D0=10001C D1=C8 D2=0 D3=0 D4=0 D5=0 D6=0 D7=0 A0=108E4E A1=3C0002 A2=3376E A3=108F6A A4=10947C A5=108000 A6=108E3C PC=33780 -- 033780: move.w  (A0)+, (A1)
D0=10001C D1=C8 D2=0 D3=0 D4=0 D5=0 D6=0 D7=0 A0=108E50 A1=3C0002 A2=3376E A3=108F6A A4=10947C A5=108000 A6=108E3C PC=33782 -- 033782: move.w  (A0)+, (A1)
D0=10001C D1=C8 D2=0 D3=0 D4=0 D5=0 D6=0 D7=0 A0=108E52 A1=3C0002 A2=3376E A3=108F6A A4=10947C A5=108000 A6=108E3C PC=33784 -- 033784: move.w  (A0)+, (A1)
D0=10001C D1=C8 D2=0 D3=0 D4=0 D5=0 D6=0 D7=0 A0=108E54 A1=3C0002 A2=3376E A3=108F6A A4=10947C A5=108000 A6=108E3C PC=33786 -- 033786: move.w  (A0)+, (A1)
D0=10001C D1=C8 D2=0 D3=0 D4=0 D5=0 D6=0 D7=0 A0=108E56 A1=3C0002 A2=3376E A3=108F6A A4=10947C A5=108000 A6=108E3C PC=33788 -- 033788: move.w  (A0)+, (A1)
D0=10001C D1=C8 D2=0 D3=0 D4=0 D5=0 D6=0 D7=0 A0=108E58 A1=3C0002 A2=3376E A3=108F6A A4=10947C A5=108000 A6=108E3C PC=3378A -- 03378A: move.w  (A0)+, (A1)
D0=10001C D1=C8 D2=0 D3=0 D4=0 D5=0 D6=0 D7=0 A0=108E5A A1=3C0002 A2=3376E A3=108F6A A4=10947C A5=108000 A6=108E3C PC=3378C -- 03378C: move.w  (A0)+, (A1)
D0=10001C D1=C8 D2=0 D3=0 D4=0 D5=0 D6=0 D7=0 A0=108E5C A1=3C0002 A2=3376E A3=108F6A A4=10947C A5=108000 A6=108E3C PC=3378E -- 03378E: move.w  (A0)+, (A1)
D0=10001C D1=C8 D2=0 D3=0 D4=0 D5=0 D6=0 D7=0 A0=108E5E A1=3C0002 A2=3376E A3=108F6A A4=10947C A5=108000 A6=108E3C PC=33790 -- 033790: move.w  (A0)+, (A1)
D0=10001C D1=C8 D2=0 D3=0 D4=0 D5=0 D6=0 D7=0 A0=108E60 A1=3C0002 A2=3376E A3=108F6A A4=10947C A5=108000 A6=108E3C PC=33792 -- 033792: move.w  (A0)+, (A1)
D0=10001C D1=C8 D2=0 D3=0 D4=0 D5=0 D6=0 D7=0 A0=108E62 A1=3C0002 A2=3376E A3=108F6A A4=10947C A5=108000 A6=108E3C PC=33794 -- 033794: move.w  (A0)+, (A1)
D0=10001C D1=C8 D2=0 D3=0 D4=0 D5=0 D6=0 D7=0 A0=108E64 A1=3C0002 A2=3376E A3=108F6A A4=10947C A5=108000 A6=108E3C PC=33796 -- 033796: move.w  (A0)+, (A1)
D0=10001C D1=C8 D2=0 D3=0 D4=0 D5=0 D6=0 D7=0 A0=108E66 A1=3C0002 A2=3376E A3=108F6A A4=10947C A5=108000 A6=108E3C PC=33798 -- 033798: move.w  (A0)+, (A1)
D0=10001C D1=C8 D2=0 D3=0 D4=0 D5=0 D6=0 D7=0 A0=108E68 A1=3C0002 A2=3376E A3=108F6A A4=10947C A5=108000 A6=108E3C PC=3379A -- 03379A: move.w  (A0)+, (A1)
D0=10001C D1=C8 D2=0 D3=0 D4=0 D5=0 D6=0 D7=0 A0=108E6A A1=3C0002 A2=3376E A3=108F6A A4=10947C A5=108000 A6=108E3C PC=3379C -- 03379C: move.w  (A0)+, (A1)
D0=10001C D1=C8 D2=0 D3=0 D4=0 D5=0 D6=0 D7=0 A0=108E6C A1=3C0002 A2=3376E A3=108F6A A4=10947C A5=108000 A6=108E3C PC=3379E -- 03379E: move.w  (A0)+, (A1)
D0=10001C D1=C8 D2=0 D3=0 D4=0 D5=0 D6=0 D7=0 A0=108E6E A1=3C0002 A2=3376E A3=108F6A A4=10947C A5=108000 A6=108E3C PC=337A0 -- 0337A0: move.w  (A0)+, (A1)
D0=10001C D1=C8 D2=0 D3=0 D4=0 D5=0 D6=0 D7=0 A0=108E70 A1=3C0002 A2=3376E A3=108F6A A4=10947C A5=108000 A6=108E3C PC=337A2 -- 0337A2: move.w  (A0)+, (A1)
D0=10001C D1=C8 D2=0 D3=0 D4=0 D5=0 D6=0 D7=0 A0=108E72 A1=3C0002 A2=3376E A3=108F6A A4=10947C A5=108000 A6=108E3C PC=337A4 -- 0337A4: move.w  (A0)+, (A1)
D0=10001C D1=C8 D2=0 D3=0 D4=0 D5=0 D6=0 D7=0 A0=108E74 A1=3C0002 A2=3376E A3=108F6A A4=10947C A5=108000 A6=108E3C PC=337A6 -- 0337A6: lea     ($f3c,A5), A0
D0=10001C D1=C8 D2=0 D3=0 D4=0 D5=0 D6=0 D7=0 A0=108F3C A1=3C0002 A2=3376E A3=108F6A A4=10947C A5=108000 A6=108E3C PC=337AA -- 0337AA: move.w  ($1046,A5), D0
D0=1000B9 D1=C8 D2=0 D3=0 D4=0 D5=0 D6=0 D7=0 A0=108F3C A1=3C0002 A2=3376E A3=108F6A A4=10947C A5=108000 A6=108E3C PC=337AE -- 0337AE: add.w   ($1042,A5), D0
D0=1000B9 D1=C8 D2=0 D3=0 D4=0 D5=0 D6=0 D7=0 A0=108F3C A1=3C0002 A2=3376E A3=108F6A A4=10947C A5=108000 A6=108E3C PC=337B2 -- 0337B2: addi.w  #-$7e00, D0
D0=1082B9 D1=C8 D2=0 D3=0 D4=0 D5=0 D6=0 D7=0 A0=108F3C A1=3C0002 A2=3376E A3=108F6A A4=10947C A5=108000 A6=108E3C PC=337B6 -- 0337B6: lea     $3c0000.l, A1
D0=1082B9 D1=C8 D2=0 D3=0 D4=0 D5=0 D6=0 D7=0 A0=108F3C A1=3C0000 A2=3376E A3=108F6A A4=10947C A5=108000 A6=108E3C PC=337BC -- 0337BC: move.w  D0, (A1)+
D0=1082B9 D1=C8 D2=0 D3=0 D4=0 D5=0 D6=0 D7=0 A0=108F3C A1=3C0002 A2=3376E A3=108F6A A4=10947C A5=108000 A6=108E3C PC=337BE -- 0337BE: move.w  ($104a,A5), D0
D0=10005F D1=C8 D2=0 D3=0 D4=0 D5=0 D6=0 D7=0 A0=108F3C A1=3C0002 A2=3376E A3=108F6A A4=10947C A5=108000 A6=108E3C PC=337C2 -- 0337C2: addq.w  #1, D0
D0=100060 D1=C8 D2=0 D3=0 D4=0 D5=0 D6=0 D7=0 A0=108F3C A1=3C0002 A2=3376E A3=108F6A A4=10947C A5=108000 A6=108E3C PC=337C4 -- 0337C4: move.w  #$80, D1
D0=100060 D1=80 D2=0 D3=0 D4=0 D5=0 D6=0 D7=0 A0=108F3C A1=3C0002 A2=3376E A3=108F6A A4=10947C A5=108000 A6=108E3C PC=337C8 -- 0337C8: sub.w   D0, D1
D0=100060 D1=20 D2=0 D3=0 D4=0 D5=0 D6=0 D7=0 A0=108F3C A1=3C0002 A2=3376E A3=108F6A A4=10947C A5=108000 A6=108E3C PC=337CA -- 0337CA: add.w   D1, D1
D0=100060 D1=40 D2=0 D3=0 D4=0 D5=0 D6=0 D7=0 A0=108F3C A1=3C0002 A2=3376E A3=108F6A A4=10947C A5=108000 A6=108E3C PC=337CC -- 0337CC: jsr     $2bd81a.l
D0=100060 D1=40 D2=0 D3=0 D4=0 D5=0 D6=0 D7=0 A0=108F3C A1=3C0002 A2=3376E A3=108F6A A4=10947C A5=108000 A6=108E3C PC=2BD81A -- 2BD81A: lea     $337d6.l, A2
D0=100060 D1=40 D2=0 D3=0 D4=0 D5=0 D6=0 D7=0 A0=108F3C A1=3C0002 A2=337D6 A3=108F6A A4=10947C A5=108000 A6=108E3C PC=2BD820 -- 2BD820: adda.w  D1, A2
D0=100060 D1=40 D2=0 D3=0 D4=0 D5=0 D6=0 D7=0 A0=108F3C A1=3C0002 A2=33816 A3=108F6A A4=10947C A5=108000 A6=108E3C PC=2BD822 -- 2BD822: move.b  $10f8e4.l, D5
D0=100060 D1=40 D2=0 D3=0 D4=0 D5=0 D6=0 D7=0 A0=108F3C A1=3C0002 A2=33816 A3=108F6A A4=10947C A5=108000 A6=108E3C PC=2BD828 -- 2BD828: cmpi.b  #$1, D5
D0=100060 D1=40 D2=0 D3=0 D4=0 D5=0 D6=0 D7=0 A0=108F3C A1=3C0002 A2=33816 A3=108F6A A4=10947C A5=108000 A6=108E3C PC=2BD82C -- 2BD82C: bne     $2bd836
D0=100060 D1=40 D2=0 D3=0 D4=0 D5=0 D6=0 D7=0 A0=108F3C A1=3C0002 A2=33816 A3=108F6A A4=10947C A5=108000 A6=108E3C PC=2BD836 -- 2BD836: rts
D0=100060 D1=40 D2=0 D3=0 D4=0 D5=0 D6=0 D7=0 A0=108F3C A1=3C0002 A2=33816 A3=108F6A A4=10947C A5=108000 A6=108E3C PC=337D2 -- 0337D2: nop
D0=100060 D1=40 D2=0 D3=0 D4=0 D5=0 D6=0 D7=0 A0=108F3C A1=3C0002 A2=33816 A3=108F6A A4=10947C A5=108000 A6=108E3C PC=337D4 -- 0337D4: jmp     (A2)
D0=100060 D1=40 D2=0 D3=0 D4=0 D5=0 D6=0 D7=0 A0=108F3C A1=3C0002 A2=33816 A3=108F6A A4=10947C A5=108000 A6=108E3C PC=33816 -- 033816: move.w  (A0)+, (A1)
D0=100060 D1=40 D2=0 D3=0 D4=0 D5=0 D6=0 D7=0 A0=108F3E A1=3C0002 A2=33816 A3=108F6A A4=10947C A5=108000 A6=108E3C PC=33818 -- 033818: move.w  (A0)+, (A1)
D0=100060 D1=40 D2=0 D3=0 D4=0 D5=0 D6=0 D7=0 A0=108F40 A1=3C0002 A2=33816 A3=108F6A A4=10947C A5=108000 A6=108E3C PC=3381A -- 03381A: move.w  (A0)+, (A1)
D0=100060 D1=40 D2=0 D3=0 D4=0 D5=0 D6=0 D7=0 A0=108F42 A1=3C0002 A2=33816 A3=108F6A A4=10947C A5=108000 A6=108E3C PC=3381C -- 03381C: move.w  (A0)+, (A1)
D0=100060 D1=40 D2=0 D3=0 D4=0 D5=0 D6=0 D7=0 A0=108F44 A1=3C0002 A2=33816 A3=108F6A A4=10947C A5=108000 A6=108E3C PC=3381E -- 03381E: move.w  (A0)+, (A1)
D0=100060 D1=40 D2=0 D3=0 D4=0 D5=0 D6=0 D7=0 A0=108F46 A1=3C0002 A2=33816 A3=108F6A A4=10947C A5=108000 A6=108E3C PC=33820 -- 033820: move.w  (A0)+, (A1)
D0=100060 D1=40 D2=0 D3=0 D4=0 D5=0 D6=0 D7=0 A0=108F48 A1=3C0002 A2=33816 A3=108F6A A4=10947C A5=108000 A6=108E3C PC=33822 -- 033822: move.w  (A0)+, (A1)
D0=100060 D1=40 D2=0 D3=0 D4=0 D5=0 D6=0 D7=0 A0=108F4A A1=3C0002 A2=33816 A3=108F6A A4=10947C A5=108000 A6=108E3C PC=33824 -- 033824: move.w  (A0)+, (A1)
D0=100060 D1=40 D2=0 D3=0 D4=0 D5=0 D6=0 D7=0 A0=108F4C A1=3C0002 A2=33816 A3=108F6A A4=10947C A5=108000 A6=108E3C PC=33826 -- 033826: move.w  (A0)+, (A1)
D0=100060 D1=40 D2=0 D3=0 D4=0 D5=0 D6=0 D7=0 A0=108F4E A1=3C0002 A2=33816 A3=108F6A A4=10947C A5=108000 A6=108E3C PC=33828 -- 033828: move.w  (A0)+, (A1)
D0=100060 D1=40 D2=0 D3=0 D4=0 D5=0 D6=0 D7=0 A0=108F50 A1=3C0002 A2=33816 A3=108F6A A4=10947C A5=108000 A6=108E3C PC=3382A -- 03382A: move.w  (A0)+, (A1)
D0=100060 D1=40 D2=0 D3=0 D4=0 D5=0 D6=0 D7=0 A0=108F52 A1=3C0002 A2=33816 A3=108F6A A4=10947C A5=108000 A6=108E3C PC=3382C -- 03382C: move.w  (A0)+, (A1)
D0=100060 D1=40 D2=0 D3=0 D4=0 D5=0 D6=0 D7=0 A0=108F54 A1=3C0002 A2=33816 A3=108F6A A4=10947C A5=108000 A6=108E3C PC=3382E -- 03382E: move.w  (A0)+, (A1)
D0=100060 D1=40 D2=0 D3=0 D4=0 D5=0 D6=0 D7=0 A0=108F56 A1=3C0002 A2=33816 A3=108F6A A4=10947C A5=108000 A6=108E3C PC=33830 -- 033830: move.w  (A0)+, (A1)
D0=100060 D1=40 D2=0 D3=0 D4=0 D5=0 D6=0 D7=0 A0=108F58 A1=3C0002 A2=33816 A3=108F6A A4=10947C A5=108000 A6=108E3C PC=33832 -- 033832: move.w  (A0)+, (A1)
D0=100060 D1=40 D2=0 D3=0 D4=0 D5=0 D6=0 D7=0 A0=108F5A A1=3C0002 A2=33816 A3=108F6A A4=10947C A5=108000 A6=108E3C PC=33834 -- 033834: move.w  (A0)+, (A1)
D0=100060 D1=40 D2=0 D3=0 D4=0 D5=0 D6=0 D7=0 A0=108F5C A1=3C0002 A2=33816 A3=108F6A A4=10947C A5=108000 A6=108E3C PC=33836 -- 033836: move.w  (A0)+, (A1)
D0=100060 D1=40 D2=0 D3=0 D4=0 D5=0 D6=0 D7=0 A0=108F5E A1=3C0002 A2=33816 A3=108F6A A4=10947C A5=108000 A6=108E3C PC=33838 -- 033838: move.w  (A0)+, (A1)
D0=100060 D1=40 D2=0 D3=0 D4=0 D5=0 D6=0 D7=0 A0=108F60 A1=3C0002 A2=33816 A3=108F6A A4=10947C A5=108000 A6=108E3C PC=3383A -- 03383A: move.w  (A0)+, (A1)
D0=100060 D1=40 D2=0 D3=0 D4=0 D5=0 D6=0 D7=0 A0=108F62 A1=3C0002 A2=33816 A3=108F6A A4=10947C A5=108000 A6=108E3C PC=3383C -- 03383C: move.w  (A0)+, (A1)
D0=100060 D1=40 D2=0 D3=0 D4=0 D5=0 D6=0 D7=0 A0=108F64 A1=3C0002 A2=33816 A3=108F6A A4=10947C A5=108000 A6=108E3C PC=3383E -- 03383E: move.w  (A0)+, (A1)
D0=100060 D1=40 D2=0 D3=0 D4=0 D5=0 D6=0 D7=0 A0=108F66 A1=3C0002 A2=33816 A3=108F6A A4=10947C A5=108000 A6=108E3C PC=33840 -- 033840: move.w  (A0)+, (A1)
D0=100060 D1=40 D2=0 D3=0 D4=0 D5=0 D6=0 D7=0 A0=108F68 A1=3C0002 A2=33816 A3=108F6A A4=10947C A5=108000 A6=108E3C PC=33842 -- 033842: move.w  (A0)+, (A1)
D0=100060 D1=40 D2=0 D3=0 D4=0 D5=0 D6=0 D7=0 A0=108F6A A1=3C0002 A2=33816 A3=108F6A A4=10947C A5=108000 A6=108E3C PC=33844 -- 033844: move.w  (A0)+, (A1)
D0=100060 D1=40 D2=0 D3=0 D4=0 D5=0 D6=0 D7=0 A0=108F6C A1=3C0002 A2=33816 A3=108F6A A4=10947C A5=108000 A6=108E3C PC=33846 -- 033846: move.w  (A0)+, (A1)
D0=100060 D1=40 D2=0 D3=0 D4=0 D5=0 D6=0 D7=0 A0=108F6E A1=3C0002 A2=33816 A3=108F6A A4=10947C A5=108000 A6=108E3C PC=33848 -- 033848: move.w  (A0)+, (A1)
D0=100060 D1=40 D2=0 D3=0 D4=0 D5=0 D6=0 D7=0 A0=108F70 A1=3C0002 A2=33816 A3=108F6A A4=10947C A5=108000 A6=108E3C PC=3384A -- 03384A: move.w  (A0)+, (A1)
D0=100060 D1=40 D2=0 D3=0 D4=0 D5=0 D6=0 D7=0 A0=108F72 A1=3C0002 A2=33816 A3=108F6A A4=10947C A5=108000 A6=108E3C PC=3384C -- 03384C: move.w  (A0)+, (A1)
D0=100060 D1=40 D2=0 D3=0 D4=0 D5=0 D6=0 D7=0 A0=108F74 A1=3C0002 A2=33816 A3=108F6A A4=10947C A5=108000 A6=108E3C PC=3384E -- 03384E: move.w  (A0)+, (A1)
D0=100060 D1=40 D2=0 D3=0 D4=0 D5=0 D6=0 D7=0 A0=108F76 A1=3C0002 A2=33816 A3=108F6A A4=10947C A5=108000 A6=108E3C PC=33850 -- 033850: move.w  (A0)+, (A1)
D0=100060 D1=40 D2=0 D3=0 D4=0 D5=0 D6=0 D7=0 A0=108F78 A1=3C0002 A2=33816 A3=108F6A A4=10947C A5=108000 A6=108E3C PC=33852 -- 033852: move.w  (A0)+, (A1)
D0=100060 D1=40 D2=0 D3=0 D4=0 D5=0 D6=0 D7=0 A0=108F7A A1=3C0002 A2=33816 A3=108F6A A4=10947C A5=108000 A6=108E3C PC=33854 -- 033854: move.w  (A0)+, (A1)
D0=100060 D1=40 D2=0 D3=0 D4=0 D5=0 D6=0 D7=0 A0=108F7C A1=3C0002 A2=33816 A3=108F6A A4=10947C A5=108000 A6=108E3C PC=33856 -- 033856: move.w  (A0)+, (A1)
D0=100060 D1=40 D2=0 D3=0 D4=0 D5=0 D6=0 D7=0 A0=108F7E A1=3C0002 A2=33816 A3=108F6A A4=10947C A5=108000 A6=108E3C PC=33858 -- 033858: move.w  (A0)+, (A1)
D0=100060 D1=40 D2=0 D3=0 D4=0 D5=0 D6=0 D7=0 A0=108F80 A1=3C0002 A2=33816 A3=108F6A A4=10947C A5=108000 A6=108E3C PC=3385A -- 03385A: move.w  (A0)+, (A1)
D0=100060 D1=40 D2=0 D3=0 D4=0 D5=0 D6=0 D7=0 A0=108F82 A1=3C0002 A2=33816 A3=108F6A A4=10947C A5=108000 A6=108E3C PC=3385C -- 03385C: move.w  (A0)+, (A1)
D0=100060 D1=40 D2=0 D3=0 D4=0 D5=0 D6=0 D7=0 A0=108F84 A1=3C0002 A2=33816 A3=108F6A A4=10947C A5=108000 A6=108E3C PC=3385E -- 03385E: move.w  (A0)+, (A1)
D0=100060 D1=40 D2=0 D3=0 D4=0 D5=0 D6=0 D7=0 A0=108F86 A1=3C0002 A2=33816 A3=108F6A A4=10947C A5=108000 A6=108E3C PC=33860 -- 033860: move.w  (A0)+, (A1)
D0=100060 D1=40 D2=0 D3=0 D4=0 D5=0 D6=0 D7=0 A0=108F88 A1=3C0002 A2=33816 A3=108F6A A4=10947C A5=108000 A6=108E3C PC=33862 -- 033862: move.w  (A0)+, (A1)
D0=100060 D1=40 D2=0 D3=0 D4=0 D5=0 D6=0 D7=0 A0=108F8A A1=3C0002 A2=33816 A3=108F6A A4=10947C A5=108000 A6=108E3C PC=33864 -- 033864: move.w  (A0)+, (A1)
D0=100060 D1=40 D2=0 D3=0 D4=0 D5=0 D6=0 D7=0 A0=108F8C A1=3C0002 A2=33816 A3=108F6A A4=10947C A5=108000 A6=108E3C PC=33866 -- 033866: move.w  (A0)+, (A1)
D0=100060 D1=40 D2=0 D3=0 D4=0 D5=0 D6=0 D7=0 A0=108F8E A1=3C0002 A2=33816 A3=108F6A A4=10947C A5=108000 A6=108E3C PC=33868 -- 033868: move.w  (A0)+, (A1)
D0=100060 D1=40 D2=0 D3=0 D4=0 D5=0 D6=0 D7=0 A0=108F90 A1=3C0002 A2=33816 A3=108F6A A4=10947C A5=108000 A6=108E3C PC=3386A -- 03386A: move.w  (A0)+, (A1)
D0=100060 D1=40 D2=0 D3=0 D4=0 D5=0 D6=0 D7=0 A0=108F92 A1=3C0002 A2=33816 A3=108F6A A4=10947C A5=108000 A6=108E3C PC=3386C -- 03386C: move.w  (A0)+, (A1)
D0=100060 D1=40 D2=0 D3=0 D4=0 D5=0 D6=0 D7=0 A0=108F94 A1=3C0002 A2=33816 A3=108F6A A4=10947C A5=108000 A6=108E3C PC=3386E -- 03386E: move.w  (A0)+, (A1)
D0=100060 D1=40 D2=0 D3=0 D4=0 D5=0 D6=0 D7=0 A0=108F96 A1=3C0002 A2=33816 A3=108F6A A4=10947C A5=108000 A6=108E3C PC=33870 -- 033870: move.w  (A0)+, (A1)
D0=100060 D1=40 D2=0 D3=0 D4=0 D5=0 D6=0 D7=0 A0=108F98 A1=3C0002 A2=33816 A3=108F6A A4=10947C A5=108000 A6=108E3C PC=33872 -- 033872: move.w  (A0)+, (A1)
D0=100060 D1=40 D2=0 D3=0 D4=0 D5=0 D6=0 D7=0 A0=108F9A A1=3C0002 A2=33816 A3=108F6A A4=10947C A5=108000 A6=108E3C PC=33874 -- 033874: move.w  (A0)+, (A1)
D0=100060 D1=40 D2=0 D3=0 D4=0 D5=0 D6=0 D7=0 A0=108F9C A1=3C0002 A2=33816 A3=108F6A A4=10947C A5=108000 A6=108E3C PC=33876 -- 033876: move.w  (A0)+, (A1)
D0=100060 D1=40 D2=0 D3=0 D4=0 D5=0 D6=0 D7=0 A0=108F9E A1=3C0002 A2=33816 A3=108F6A A4=10947C A5=108000 A6=108E3C PC=33878 -- 033878: move.w  (A0)+, (A1)
D0=100060 D1=40 D2=0 D3=0 D4=0 D5=0 D6=0 D7=0 A0=108FA0 A1=3C0002 A2=33816 A3=108F6A A4=10947C A5=108000 A6=108E3C PC=3387A -- 03387A: move.w  (A0)+, (A1)
D0=100060 D1=40 D2=0 D3=0 D4=0 D5=0 D6=0 D7=0 A0=108FA2 A1=3C0002 A2=33816 A3=108F6A A4=10947C A5=108000 A6=108E3C PC=3387C -- 03387C: move.w  (A0)+, (A1)
D0=100060 D1=40 D2=0 D3=0 D4=0 D5=0 D6=0 D7=0 A0=108FA4 A1=3C0002 A2=33816 A3=108F6A A4=10947C A5=108000 A6=108E3C PC=3387E -- 03387E: move.w  (A0)+, (A1)
D0=100060 D1=40 D2=0 D3=0 D4=0 D5=0 D6=0 D7=0 A0=108FA6 A1=3C0002 A2=33816 A3=108F6A A4=10947C A5=108000 A6=108E3C PC=33880 -- 033880: move.w  (A0)+, (A1)
D0=100060 D1=40 D2=0 D3=0 D4=0 D5=0 D6=0 D7=0 A0=108FA8 A1=3C0002 A2=33816 A3=108F6A A4=10947C A5=108000 A6=108E3C PC=33882 -- 033882: move.w  (A0)+, (A1)
D0=100060 D1=40 D2=0 D3=0 D4=0 D5=0 D6=0 D7=0 A0=108FAA A1=3C0002 A2=33816 A3=108F6A A4=10947C A5=108000 A6=108E3C PC=33884 -- 033884: move.w  (A0)+, (A1)
D0=100060 D1=40 D2=0 D3=0 D4=0 D5=0 D6=0 D7=0 A0=108FAC A1=3C0002 A2=33816 A3=108F6A A4=10947C A5=108000 A6=108E3C PC=33886 -- 033886: move.w  (A0)+, (A1)
D0=100060 D1=40 D2=0 D3=0 D4=0 D5=0 D6=0 D7=0 A0=108FAE A1=3C0002 A2=33816 A3=108F6A A4=10947C A5=108000 A6=108E3C PC=33888 -- 033888: move.w  (A0)+, (A1)
D0=100060 D1=40 D2=0 D3=0 D4=0 D5=0 D6=0 D7=0 A0=108FB0 A1=3C0002 A2=33816 A3=108F6A A4=10947C A5=108000 A6=108E3C PC=3388A -- 03388A: move.w  (A0)+, (A1)
D0=100060 D1=40 D2=0 D3=0 D4=0 D5=0 D6=0 D7=0 A0=108FB2 A1=3C0002 A2=33816 A3=108F6A A4=10947C A5=108000 A6=108E3C PC=3388C -- 03388C: move.w  (A0)+, (A1)
D0=100060 D1=40 D2=0 D3=0 D4=0 D5=0 D6=0 D7=0 A0=108FB4 A1=3C0002 A2=33816 A3=108F6A A4=10947C A5=108000 A6=108E3C PC=3388E -- 03388E: move.w  (A0)+, (A1)
D0=100060 D1=40 D2=0 D3=0 D4=0 D5=0 D6=0 D7=0 A0=108FB6 A1=3C0002 A2=33816 A3=108F6A A4=10947C A5=108000 A6=108E3C PC=33890 -- 033890: move.w  (A0)+, (A1)
D0=100060 D1=40 D2=0 D3=0 D4=0 D5=0 D6=0 D7=0 A0=108FB8 A1=3C0002 A2=33816 A3=108F6A A4=10947C A5=108000 A6=108E3C PC=33892 -- 033892: move.w  (A0)+, (A1)
D0=100060 D1=40 D2=0 D3=0 D4=0 D5=0 D6=0 D7=0 A0=108FBA A1=3C0002 A2=33816 A3=108F6A A4=10947C A5=108000 A6=108E3C PC=33894 -- 033894: move.w  (A0)+, (A1)
D0=100060 D1=40 D2=0 D3=0 D4=0 D5=0 D6=0 D7=0 A0=108FBC A1=3C0002 A2=33816 A3=108F6A A4=10947C A5=108000 A6=108E3C PC=33896 -- 033896: move.w  (A0)+, (A1)
D0=100060 D1=40 D2=0 D3=0 D4=0 D5=0 D6=0 D7=0 A0=108FBE A1=3C0002 A2=33816 A3=108F6A A4=10947C A5=108000 A6=108E3C PC=33898 -- 033898: move.w  (A0)+, (A1)
D0=100060 D1=40 D2=0 D3=0 D4=0 D5=0 D6=0 D7=0 A0=108FC0 A1=3C0002 A2=33816 A3=108F6A A4=10947C A5=108000 A6=108E3C PC=3389A -- 03389A: move.w  (A0)+, (A1)
D0=100060 D1=40 D2=0 D3=0 D4=0 D5=0 D6=0 D7=0 A0=108FC2 A1=3C0002 A2=33816 A3=108F6A A4=10947C A5=108000 A6=108E3C PC=3389C -- 03389C: move.w  (A0)+, (A1)
D0=100060 D1=40 D2=0 D3=0 D4=0 D5=0 D6=0 D7=0 A0=108FC4 A1=3C0002 A2=33816 A3=108F6A A4=10947C A5=108000 A6=108E3C PC=3389E -- 03389E: move.w  (A0)+, (A1)
D0=100060 D1=40 D2=0 D3=0 D4=0 D5=0 D6=0 D7=0 A0=108FC6 A1=3C0002 A2=33816 A3=108F6A A4=10947C A5=108000 A6=108E3C PC=338A0 -- 0338A0: move.w  (A0)+, (A1)
D0=100060 D1=40 D2=0 D3=0 D4=0 D5=0 D6=0 D7=0 A0=108FC8 A1=3C0002 A2=33816 A3=108F6A A4=10947C A5=108000 A6=108E3C PC=338A2 -- 0338A2: move.w  (A0)+, (A1)
D0=100060 D1=40 D2=0 D3=0 D4=0 D5=0 D6=0 D7=0 A0=108FCA A1=3C0002 A2=33816 A3=108F6A A4=10947C A5=108000 A6=108E3C PC=338A4 -- 0338A4: move.w  (A0)+, (A1)
D0=100060 D1=40 D2=0 D3=0 D4=0 D5=0 D6=0 D7=0 A0=108FCC A1=3C0002 A2=33816 A3=108F6A A4=10947C A5=108000 A6=108E3C PC=338A6 -- 0338A6: move.w  (A0)+, (A1)
D0=100060 D1=40 D2=0 D3=0 D4=0 D5=0 D6=0 D7=0 A0=108FCE A1=3C0002 A2=33816 A3=108F6A A4=10947C A5=108000 A6=108E3C PC=338A8 -- 0338A8: move.w  (A0)+, (A1)
D0=100060 D1=40 D2=0 D3=0 D4=0 D5=0 D6=0 D7=0 A0=108FD0 A1=3C0002 A2=33816 A3=108F6A A4=10947C A5=108000 A6=108E3C PC=338AA -- 0338AA: move.w  (A0)+, (A1)
D0=100060 D1=40 D2=0 D3=0 D4=0 D5=0 D6=0 D7=0 A0=108FD2 A1=3C0002 A2=33816 A3=108F6A A4=10947C A5=108000 A6=108E3C PC=338AC -- 0338AC: move.w  (A0)+, (A1)
D0=100060 D1=40 D2=0 D3=0 D4=0 D5=0 D6=0 D7=0 A0=108FD4 A1=3C0002 A2=33816 A3=108F6A A4=10947C A5=108000 A6=108E3C PC=338AE -- 0338AE: move.w  (A0)+, (A1)
D0=100060 D1=40 D2=0 D3=0 D4=0 D5=0 D6=0 D7=0 A0=108FD6 A1=3C0002 A2=33816 A3=108F6A A4=10947C A5=108000 A6=108E3C PC=338B0 -- 0338B0: move.w  (A0)+, (A1)
D0=100060 D1=40 D2=0 D3=0 D4=0 D5=0 D6=0 D7=0 A0=108FD8 A1=3C0002 A2=33816 A3=108F6A A4=10947C A5=108000 A6=108E3C PC=338B2 -- 0338B2: move.w  (A0)+, (A1)
D0=100060 D1=40 D2=0 D3=0 D4=0 D5=0 D6=0 D7=0 A0=108FDA A1=3C0002 A2=33816 A3=108F6A A4=10947C A5=108000 A6=108E3C PC=338B4 -- 0338B4: move.w  (A0)+, (A1)
D0=100060 D1=40 D2=0 D3=0 D4=0 D5=0 D6=0 D7=0 A0=108FDC A1=3C0002 A2=33816 A3=108F6A A4=10947C A5=108000 A6=108E3C PC=338B6 -- 0338B6: move.w  (A0)+, (A1)
D0=100060 D1=40 D2=0 D3=0 D4=0 D5=0 D6=0 D7=0 A0=108FDE A1=3C0002 A2=33816 A3=108F6A A4=10947C A5=108000 A6=108E3C PC=338B8 -- 0338B8: move.w  (A0)+, (A1)
D0=100060 D1=40 D2=0 D3=0 D4=0 D5=0 D6=0 D7=0 A0=108FE0 A1=3C0002 A2=33816 A3=108F6A A4=10947C A5=108000 A6=108E3C PC=338BA -- 0338BA: move.w  (A0)+, (A1)
D0=100060 D1=40 D2=0 D3=0 D4=0 D5=0 D6=0 D7=0 A0=108FE2 A1=3C0002 A2=33816 A3=108F6A A4=10947C A5=108000 A6=108E3C PC=338BC -- 0338BC: move.w  (A0)+, (A1)
D0=100060 D1=40 D2=0 D3=0 D4=0 D5=0 D6=0 D7=0 A0=108FE4 A1=3C0002 A2=33816 A3=108F6A A4=10947C A5=108000 A6=108E3C PC=338BE -- 0338BE: move.w  (A0)+, (A1)
D0=100060 D1=40 D2=0 D3=0 D4=0 D5=0 D6=0 D7=0 A0=108FE6 A1=3C0002 A2=33816 A3=108F6A A4=10947C A5=108000 A6=108E3C PC=338C0 -- 0338C0: move.w  (A0)+, (A1)
D0=100060 D1=40 D2=0 D3=0 D4=0 D5=0 D6=0 D7=0 A0=108FE8 A1=3C0002 A2=33816 A3=108F6A A4=10947C A5=108000 A6=108E3C PC=338C2 -- 0338C2: move.w  (A0)+, (A1)
D0=100060 D1=40 D2=0 D3=0 D4=0 D5=0 D6=0 D7=0 A0=108FEA A1=3C0002 A2=33816 A3=108F6A A4=10947C A5=108000 A6=108E3C PC=338C4 -- 0338C4: move.w  (A0)+, (A1)
D0=100060 D1=40 D2=0 D3=0 D4=0 D5=0 D6=0 D7=0 A0=108FEC A1=3C0002 A2=33816 A3=108F6A A4=10947C A5=108000 A6=108E3C PC=338C6 -- 0338C6: move.w  (A0)+, (A1)
D0=100060 D1=40 D2=0 D3=0 D4=0 D5=0 D6=0 D7=0 A0=108FEE A1=3C0002 A2=33816 A3=108F6A A4=10947C A5=108000 A6=108E3C PC=338C8 -- 0338C8: move.w  (A0)+, (A1)
D0=100060 D1=40 D2=0 D3=0 D4=0 D5=0 D6=0 D7=0 A0=108FF0 A1=3C0002 A2=33816 A3=108F6A A4=10947C A5=108000 A6=108E3C PC=338CA -- 0338CA: move.w  (A0)+, (A1)
D0=100060 D1=40 D2=0 D3=0 D4=0 D5=0 D6=0 D7=0 A0=108FF2 A1=3C0002 A2=33816 A3=108F6A A4=10947C A5=108000 A6=108E3C PC=338CC -- 0338CC: move.w  (A0)+, (A1)
D0=100060 D1=40 D2=0 D3=0 D4=0 D5=0 D6=0 D7=0 A0=108FF4 A1=3C0002 A2=33816 A3=108F6A A4=10947C A5=108000 A6=108E3C PC=338CE -- 0338CE: move.w  (A0)+, (A1)
D0=100060 D1=40 D2=0 D3=0 D4=0 D5=0 D6=0 D7=0 A0=108FF6 A1=3C0002 A2=33816 A3=108F6A A4=10947C A5=108000 A6=108E3C PC=338D0 -- 0338D0: move.w  (A0)+, (A1)
D0=100060 D1=40 D2=0 D3=0 D4=0 D5=0 D6=0 D7=0 A0=108FF8 A1=3C0002 A2=33816 A3=108F6A A4=10947C A5=108000 A6=108E3C PC=338D2 -- 0338D2: move.w  (A0)+, (A1)
D0=100060 D1=40 D2=0 D3=0 D4=0 D5=0 D6=0 D7=0 A0=108FFA A1=3C0002 A2=33816 A3=108F6A A4=10947C A5=108000 A6=108E3C PC=338D4 -- 0338D4: move.w  (A0)+, (A1)
D0=100060 D1=40 D2=0 D3=0 D4=0 D5=0 D6=0 D7=0 A0=108FFC A1=3C0002 A2=33816 A3=108F6A A4=10947C A5=108000 A6=108E3C PC=338D6 -- 0338D6: lea     $3c0000.l, A1
D0=100060 D1=40 D2=0 D3=0 D4=0 D5=0 D6=0 D7=0 A0=108FFC A1=3C0000 A2=33816 A3=108F6A A4=10947C A5=108000 A6=108E3C PC=338DC -- 0338DC: move.w  ($1044,A5), D0
D0=100001 D1=40 D2=0 D3=0 D4=0 D5=0 D6=0 D7=0 A0=108FFC A1=3C0000 A2=33816 A3=108F6A A4=10947C A5=108000 A6=108E3C PC=338E0 -- 0338E0: add.w   ($103c,A5), D0
D0=10001D D1=40 D2=0 D3=0 D4=0 D5=0 D6=0 D7=0 A0=108FFC A1=3C0000 A2=33816 A3=108F6A A4=10947C A5=108000 A6=108E3C PC=338E4 -- 0338E4: addi.w  #-$7e00, D0
D0=10821D D1=40 D2=0 D3=0 D4=0 D5=0 D6=0 D7=0 A0=108FFC A1=3C0000 A2=33816 A3=108F6A A4=10947C A5=108000 A6=108E3C PC=338E8 -- 0338E8: move.w  D0, (A1)+
D0=10821D D1=40 D2=0 D3=0 D4=0 D5=0 D6=0 D7=0 A0=108FFC A1=3C0002 A2=33816 A3=108F6A A4=10947C A5=108000 A6=108E3C PC=338EA -- 0338EA: moveq   #$0, D0
D0=0 D1=40 D2=0 D3=0 D4=0 D5=0 D6=0 D7=0 A0=108FFC A1=3C0002 A2=33816 A3=108F6A A4=10947C A5=108000 A6=108E3C PC=338EC -- 0338EC: move.w  ($1048,A5), D1
D0=0 D1=1B D2=0 D3=0 D4=0 D5=0 D6=0 D7=0 A0=108FFC A1=3C0002 A2=33816 A3=108F6A A4=10947C A5=108000 A6=108E3C PC=338F0 -- 0338F0: addq.w  #1, D1
D0=0 D1=1C D2=0 D3=0 D4=0 D5=0 D6=0 D7=0 A0=108FFC A1=3C0002 A2=33816 A3=108F6A A4=10947C A5=108000 A6=108E3C PC=338F2 -- 0338F2: move.w  #$80, D2
D0=0 D1=1C D2=80 D3=0 D4=0 D5=0 D6=0 D7=0 A0=108FFC A1=3C0002 A2=33816 A3=108F6A A4=10947C A5=108000 A6=108E3C PC=338F6 -- 0338F6: sub.w   D1, D2
D0=0 D1=1C D2=64 D3=0 D4=0 D5=0 D6=0 D7=0 A0=108FFC A1=3C0002 A2=33816 A3=108F6A A4=10947C A5=108000 A6=108E3C PC=338F8 -- 0338F8: add.w   D2, D2
D0=0 D1=1C D2=C8 D3=0 D4=0 D5=0 D6=0 D7=0 A0=108FFC A1=3C0002 A2=33816 A3=108F6A A4=10947C A5=108000 A6=108E3C PC=338FA -- 0338FA: lea     ($8,PC) ; ($33904), A0
D0=0 D1=1C D2=C8 D3=0 D4=0 D5=0 D6=0 D7=0 A0=33904 A1=3C0002 A2=33816 A3=108F6A A4=10947C A5=108000 A6=108E3C PC=338FE -- 0338FE: nop
D0=0 D1=1C D2=C8 D3=0 D4=0 D5=0 D6=0 D7=0 A0=33904 A1=3C0002 A2=33816 A3=108F6A A4=10947C A5=108000 A6=108E3C PC=33900 -- 033900: adda.w  D2, A0
D0=0 D1=1C D2=C8 D3=0 D4=0 D5=0 D6=0 D7=0 A0=339CC A1=3C0002 A2=33816 A3=108F6A A4=10947C A5=108000 A6=108E3C PC=33902 -- 033902: jmp     (A0)
D0=0 D1=1C D2=C8 D3=0 D4=0 D5=0 D6=0 D7=0 A0=339CC A1=3C0002 A2=33816 A3=108F6A A4=10947C A5=108000 A6=108E3C PC=339CC -- 0339CC: move.w  D0, (A1)
D0=0 D1=1C D2=C8 D3=0 D4=0 D5=0 D6=0 D7=0 A0=339CC A1=3C0002 A2=33816 A3=108F6A A4=10947C A5=108000 A6=108E3C PC=339CE -- 0339CE: move.w  D0, (A1)
D0=0 D1=1C D2=C8 D3=0 D4=0 D5=0 D6=0 D7=0 A0=339CC A1=3C0002 A2=33816 A3=108F6A A4=10947C A5=108000 A6=108E3C PC=339D0 -- 0339D0: move.w  D0, (A1)
D0=0 D1=1C D2=C8 D3=0 D4=0 D5=0 D6=0 D7=0 A0=339CC A1=3C0002 A2=33816 A3=108F6A A4=10947C A5=108000 A6=108E3C PC=339D2 -- 0339D2: move.w  D0, (A1)
D0=0 D1=1C D2=C8 D3=0 D4=0 D5=0 D6=0 D7=0 A0=339CC A1=3C0002 A2=33816 A3=108F6A A4=10947C A5=108000 A6=108E3C PC=339D4 -- 0339D4: move.w  D0, (A1)
D0=0 D1=1C D2=C8 D3=0 D4=0 D5=0 D6=0 D7=0 A0=339CC A1=3C0002 A2=33816 A3=108F6A A4=10947C A5=108000 A6=108E3C PC=339D6 -- 0339D6: move.w  D0, (A1)
D0=0 D1=1C D2=C8 D3=0 D4=0 D5=0 D6=0 D7=0 A0=339CC A1=3C0002 A2=33816 A3=108F6A A4=10947C A5=108000 A6=108E3C PC=339D8 -- 0339D8: move.w  D0, (A1)
D0=0 D1=1C D2=C8 D3=0 D4=0 D5=0 D6=0 D7=0 A0=339CC A1=3C0002 A2=33816 A3=108F6A A4=10947C A5=108000 A6=108E3C PC=339DA -- 0339DA: move.w  D0, (A1)
D0=0 D1=1C D2=C8 D3=0 D4=0 D5=0 D6=0 D7=0 A0=339CC A1=3C0002 A2=33816 A3=108F6A A4=10947C A5=108000 A6=108E3C PC=339DC -- 0339DC: move.w  D0, (A1)
D0=0 D1=1C D2=C8 D3=0 D4=0 D5=0 D6=0 D7=0 A0=339CC A1=3C0002 A2=33816 A3=108F6A A4=10947C A5=108000 A6=108E3C PC=339DE -- 0339DE: move.w  D0, (A1)
D0=0 D1=1C D2=C8 D3=0 D4=0 D5=0 D6=0 D7=0 A0=339CC A1=3C0002 A2=33816 A3=108F6A A4=10947C A5=108000 A6=108E3C PC=339E0 -- 0339E0: move.w  D0, (A1)
D0=0 D1=1C D2=C8 D3=0 D4=0 D5=0 D6=0 D7=0 A0=339CC A1=3C0002 A2=33816 A3=108F6A A4=10947C A5=108000 A6=108E3C PC=339E2 -- 0339E2: move.w  D0, (A1)
D0=0 D1=1C D2=C8 D3=0 D4=0 D5=0 D6=0 D7=0 A0=339CC A1=3C0002 A2=33816 A3=108F6A A4=10947C A5=108000 A6=108E3C PC=339E4 -- 0339E4: move.w  D0, (A1)
D0=0 D1=1C D2=C8 D3=0 D4=0 D5=0 D6=0 D7=0 A0=339CC A1=3C0002 A2=33816 A3=108F6A A4=10947C A5=108000 A6=108E3C PC=339E6 -- 0339E6: move.w  D0, (A1)
D0=0 D1=1C D2=C8 D3=0 D4=0 D5=0 D6=0 D7=0 A0=339CC A1=3C0002 A2=33816 A3=108F6A A4=10947C A5=108000 A6=108E3C PC=339E8 -- 0339E8: move.w  D0, (A1)
D0=0 D1=1C D2=C8 D3=0 D4=0 D5=0 D6=0 D7=0 A0=339CC A1=3C0002 A2=33816 A3=108F6A A4=10947C A5=108000 A6=108E3C PC=339EA -- 0339EA: move.w  D0, (A1)
D0=0 D1=1C D2=C8 D3=0 D4=0 D5=0 D6=0 D7=0 A0=339CC A1=3C0002 A2=33816 A3=108F6A A4=10947C A5=108000 A6=108E3C PC=339EC -- 0339EC: move.w  D0, (A1)
D0=0 D1=1C D2=C8 D3=0 D4=0 D5=0 D6=0 D7=0 A0=339CC A1=3C0002 A2=33816 A3=108F6A A4=10947C A5=108000 A6=108E3C PC=339EE -- 0339EE: move.w  D0, (A1)
D0=0 D1=1C D2=C8 D3=0 D4=0 D5=0 D6=0 D7=0 A0=339CC A1=3C0002 A2=33816 A3=108F6A A4=10947C A5=108000 A6=108E3C PC=339F0 -- 0339F0: move.w  D0, (A1)
D0=0 D1=1C D2=C8 D3=0 D4=0 D5=0 D6=0 D7=0 A0=339CC A1=3C0002 A2=33816 A3=108F6A A4=10947C A5=108000 A6=108E3C PC=339F2 -- 0339F2: move.w  D0, (A1)
D0=0 D1=1C D2=C8 D3=0 D4=0 D5=0 D6=0 D7=0 A0=339CC A1=3C0002 A2=33816 A3=108F6A A4=10947C A5=108000 A6=108E3C PC=339F4 -- 0339F4: move.w  D0, (A1)
D0=0 D1=1C D2=C8 D3=0 D4=0 D5=0 D6=0 D7=0 A0=339CC A1=3C0002 A2=33816 A3=108F6A A4=10947C A5=108000 A6=108E3C PC=339F6 -- 0339F6: move.w  D0, (A1)
D0=0 D1=1C D2=C8 D3=0 D4=0 D5=0 D6=0 D7=0 A0=339CC A1=3C0002 A2=33816 A3=108F6A A4=10947C A5=108000 A6=108E3C PC=339F8 -- 0339F8: move.w  D0, (A1)
D0=0 D1=1C D2=C8 D3=0 D4=0 D5=0 D6=0 D7=0 A0=339CC A1=3C0002 A2=33816 A3=108F6A A4=10947C A5=108000 A6=108E3C PC=339FA -- 0339FA: move.w  D0, (A1)
D0=0 D1=1C D2=C8 D3=0 D4=0 D5=0 D6=0 D7=0 A0=339CC A1=3C0002 A2=33816 A3=108F6A A4=10947C A5=108000 A6=108E3C PC=339FC -- 0339FC: move.w  D0, (A1)
D0=0 D1=1C D2=C8 D3=0 D4=0 D5=0 D6=0 D7=0 A0=339CC A1=3C0002 A2=33816 A3=108F6A A4=10947C A5=108000 A6=108E3C PC=339FE -- 0339FE: move.w  D0, (A1)
D0=0 D1=1C D2=C8 D3=0 D4=0 D5=0 D6=0 D7=0 A0=339CC A1=3C0002 A2=33816 A3=108F6A A4=10947C A5=108000 A6=108E3C PC=33A00 -- 033A00: move.w  D0, (A1)
D0=0 D1=1C D2=C8 D3=0 D4=0 D5=0 D6=0 D7=0 A0=339CC A1=3C0002 A2=33816 A3=108F6A A4=10947C A5=108000 A6=108E3C PC=33A02 -- 033A02: move.w  D0, (A1)
D0=0 D1=1C D2=C8 D3=0 D4=0 D5=0 D6=0 D7=0 A0=339CC A1=3C0002 A2=33816 A3=108F6A A4=10947C A5=108000 A6=108E3C PC=33A04 -- 033A04: lea     $3c0000.l, A1
D0=0 D1=1C D2=C8 D3=0 D4=0 D5=0 D6=0 D7=0 A0=339CC A1=3C0000 A2=33816 A3=108F6A A4=10947C A5=108000 A6=108E3C PC=33A0A -- 033A0A: move.w  ($1046,A5), D0
D0=B9 D1=1C D2=C8 D3=0 D4=0 D5=0 D6=0 D7=0 A0=339CC A1=3C0000 A2=33816 A3=108F6A A4=10947C A5=108000 A6=108E3C PC=33A0E -- 033A0E: add.w   ($103e,A5), D0
D0=119 D1=1C D2=C8 D3=0 D4=0 D5=0 D6=0 D7=0 A0=339CC A1=3C0000 A2=33816 A3=108F6A A4=10947C A5=108000 A6=108E3C PC=33A12 -- 033A12: addi.w  #-$7e00, D0
D0=8319 D1=1C D2=C8 D3=0 D4=0 D5=0 D6=0 D7=0 A0=339CC A1=3C0000 A2=33816 A3=108F6A A4=10947C A5=108000 A6=108E3C PC=33A16 -- 033A16: move.w  D0, (A1)+
D0=8319 D1=1C D2=C8 D3=0 D4=0 D5=0 D6=0 D7=0 A0=339CC A1=3C0002 A2=33816 A3=108F6A A4=10947C A5=108000 A6=108E3C PC=33A18 -- 033A18: moveq   #$0, D0
D0=0 D1=1C D2=C8 D3=0 D4=0 D5=0 D6=0 D7=0 A0=339CC A1=3C0002 A2=33816 A3=108F6A A4=10947C A5=108000 A6=108E3C PC=33A1A -- 033A1A: move.w  ($104a,A5), D1
D0=0 D1=5F D2=C8 D3=0 D4=0 D5=0 D6=0 D7=0 A0=339CC A1=3C0002 A2=33816 A3=108F6A A4=10947C A5=108000 A6=108E3C PC=33A1E -- 033A1E: addq.w  #1, D1
D0=0 D1=60 D2=C8 D3=0 D4=0 D5=0 D6=0 D7=0 A0=339CC A1=3C0002 A2=33816 A3=108F6A A4=10947C A5=108000 A6=108E3C PC=33A20 -- 033A20: move.w  #$80, D2
D0=0 D1=60 D2=80 D3=0 D4=0 D5=0 D6=0 D7=0 A0=339CC A1=3C0002 A2=33816 A3=108F6A A4=10947C A5=108000 A6=108E3C PC=33A24 -- 033A24: sub.w   D1, D2
D0=0 D1=60 D2=20 D3=0 D4=0 D5=0 D6=0 D7=0 A0=339CC A1=3C0002 A2=33816 A3=108F6A A4=10947C A5=108000 A6=108E3C PC=33A26 -- 033A26: add.w   D2, D2
D0=0 D1=60 D2=40 D3=0 D4=0 D5=0 D6=0 D7=0 A0=339CC A1=3C0002 A2=33816 A3=108F6A A4=10947C A5=108000 A6=108E3C PC=33A28 -- 033A28: jsr     $2bd7fc.l
D0=0 D1=60 D2=40 D3=0 D4=0 D5=0 D6=0 D7=0 A0=339CC A1=3C0002 A2=33816 A3=108F6A A4=10947C A5=108000 A6=108E3C PC=2BD7FC -- 2BD7FC: lea     $33a32.l, A0
D0=0 D1=60 D2=40 D3=0 D4=0 D5=0 D6=0 D7=0 A0=33A32 A1=3C0002 A2=33816 A3=108F6A A4=10947C A5=108000 A6=108E3C PC=2BD802 -- 2BD802: adda.w  D2, A0
D0=0 D1=60 D2=40 D3=0 D4=0 D5=0 D6=0 D7=0 A0=33A72 A1=3C0002 A2=33816 A3=108F6A A4=10947C A5=108000 A6=108E3C PC=2BD804 -- 2BD804: move.b  $10f8e4.l, D5
D0=0 D1=60 D2=40 D3=0 D4=0 D5=0 D6=0 D7=0 A0=33A72 A1=3C0002 A2=33816 A3=108F6A A4=10947C A5=108000 A6=108E3C PC=2BD80A -- 2BD80A: cmpi.b  #$1, D5
D0=0 D1=60 D2=40 D3=0 D4=0 D5=0 D6=0 D7=0 A0=33A72 A1=3C0002 A2=33816 A3=108F6A A4=10947C A5=108000 A6=108E3C PC=2BD80E -- 2BD80E: bne     $2bd818
D0=0 D1=60 D2=40 D3=0 D4=0 D5=0 D6=0 D7=0 A0=33A72 A1=3C0002 A2=33816 A3=108F6A A4=10947C A5=108000 A6=108E3C PC=2BD818 -- 2BD818: rts
D0=0 D1=60 D2=40 D3=0 D4=0 D5=0 D6=0 D7=0 A0=33A72 A1=3C0002 A2=33816 A3=108F6A A4=10947C A5=108000 A6=108E3C PC=33A2E -- 033A2E: nop
D0=0 D1=60 D2=40 D3=0 D4=0 D5=0 D6=0 D7=0 A0=33A72 A1=3C0002 A2=33816 A3=108F6A A4=10947C A5=108000 A6=108E3C PC=33A30 -- 033A30: jmp     (A0)
D0=0 D1=60 D2=40 D3=0 D4=0 D5=0 D6=0 D7=0 A0=33A72 A1=3C0002 A2=33816 A3=108F6A A4=10947C A5=108000 A6=108E3C PC=33A72 -- 033A72: move.w  D0, (A1)
D0=0 D1=60 D2=40 D3=0 D4=0 D5=0 D6=0 D7=0 A0=33A72 A1=3C0002 A2=33816 A3=108F6A A4=10947C A5=108000 A6=108E3C PC=33A74 -- 033A74: move.w  D0, (A1)
D0=0 D1=60 D2=40 D3=0 D4=0 D5=0 D6=0 D7=0 A0=33A72 A1=3C0002 A2=33816 A3=108F6A A4=10947C A5=108000 A6=108E3C PC=33A76 -- 033A76: move.w  D0, (A1)
D0=0 D1=60 D2=40 D3=0 D4=0 D5=0 D6=0 D7=0 A0=33A72 A1=3C0002 A2=33816 A3=108F6A A4=10947C A5=108000 A6=108E3C PC=33A78 -- 033A78: move.w  D0, (A1)
D0=0 D1=60 D2=40 D3=0 D4=0 D5=0 D6=0 D7=0 A0=33A72 A1=3C0002 A2=33816 A3=108F6A A4=10947C A5=108000 A6=108E3C PC=33A7A -- 033A7A: move.w  D0, (A1)
D0=0 D1=60 D2=40 D3=0 D4=0 D5=0 D6=0 D7=0 A0=33A72 A1=3C0002 A2=33816 A3=108F6A A4=10947C A5=108000 A6=108E3C PC=33A7C -- 033A7C: move.w  D0, (A1)
D0=0 D1=60 D2=40 D3=0 D4=0 D5=0 D6=0 D7=0 A0=33A72 A1=3C0002 A2=33816 A3=108F6A A4=10947C A5=108000 A6=108E3C PC=33A7E -- 033A7E: move.w  D0, (A1)
D0=0 D1=60 D2=40 D3=0 D4=0 D5=0 D6=0 D7=0 A0=33A72 A1=3C0002 A2=33816 A3=108F6A A4=10947C A5=108000 A6=108E3C PC=33A80 -- 033A80: move.w  D0, (A1)
D0=0 D1=60 D2=40 D3=0 D4=0 D5=0 D6=0 D7=0 A0=33A72 A1=3C0002 A2=33816 A3=108F6A A4=10947C A5=108000 A6=108E3C PC=33A82 -- 033A82: move.w  D0, (A1)
D0=0 D1=60 D2=40 D3=0 D4=0 D5=0 D6=0 D7=0 A0=33A72 A1=3C0002 A2=33816 A3=108F6A A4=10947C A5=108000 A6=108E3C PC=33A84 -- 033A84: move.w  D0, (A1)
D0=0 D1=60 D2=40 D3=0 D4=0 D5=0 D6=0 D7=0 A0=33A72 A1=3C0002 A2=33816 A3=108F6A A4=10947C A5=108000 A6=108E3C PC=33A86 -- 033A86: move.w  D0, (A1)
D0=0 D1=60 D2=40 D3=0 D4=0 D5=0 D6=0 D7=0 A0=33A72 A1=3C0002 A2=33816 A3=108F6A A4=10947C A5=108000 A6=108E3C PC=33A88 -- 033A88: move.w  D0, (A1)
D0=0 D1=60 D2=40 D3=0 D4=0 D5=0 D6=0 D7=0 A0=33A72 A1=3C0002 A2=33816 A3=108F6A A4=10947C A5=108000 A6=108E3C PC=33A8A -- 033A8A: move.w  D0, (A1)
D0=0 D1=60 D2=40 D3=0 D4=0 D5=0 D6=0 D7=0 A0=33A72 A1=3C0002 A2=33816 A3=108F6A A4=10947C A5=108000 A6=108E3C PC=33A8C -- 033A8C: move.w  D0, (A1)
D0=0 D1=60 D2=40 D3=0 D4=0 D5=0 D6=0 D7=0 A0=33A72 A1=3C0002 A2=33816 A3=108F6A A4=10947C A5=108000 A6=108E3C PC=33A8E -- 033A8E: move.w  D0, (A1)
D0=0 D1=60 D2=40 D3=0 D4=0 D5=0 D6=0 D7=0 A0=33A72 A1=3C0002 A2=33816 A3=108F6A A4=10947C A5=108000 A6=108E3C PC=33A90 -- 033A90: move.w  D0, (A1)
D0=0 D1=60 D2=40 D3=0 D4=0 D5=0 D6=0 D7=0 A0=33A72 A1=3C0002 A2=33816 A3=108F6A A4=10947C A5=108000 A6=108E3C PC=33A92 -- 033A92: move.w  D0, (A1)
D0=0 D1=60 D2=40 D3=0 D4=0 D5=0 D6=0 D7=0 A0=33A72 A1=3C0002 A2=33816 A3=108F6A A4=10947C A5=108000 A6=108E3C PC=33A94 -- 033A94: move.w  D0, (A1)
D0=0 D1=60 D2=40 D3=0 D4=0 D5=0 D6=0 D7=0 A0=33A72 A1=3C0002 A2=33816 A3=108F6A A4=10947C A5=108000 A6=108E3C PC=33A96 -- 033A96: move.w  D0, (A1)
D0=0 D1=60 D2=40 D3=0 D4=0 D5=0 D6=0 D7=0 A0=33A72 A1=3C0002 A2=33816 A3=108F6A A4=10947C A5=108000 A6=108E3C PC=33A98 -- 033A98: move.w  D0, (A1)
D0=0 D1=60 D2=40 D3=0 D4=0 D5=0 D6=0 D7=0 A0=33A72 A1=3C0002 A2=33816 A3=108F6A A4=10947C A5=108000 A6=108E3C PC=33A9A -- 033A9A: move.w  D0, (A1)
D0=0 D1=60 D2=40 D3=0 D4=0 D5=0 D6=0 D7=0 A0=33A72 A1=3C0002 A2=33816 A3=108F6A A4=10947C A5=108000 A6=108E3C PC=33A9C -- 033A9C: move.w  D0, (A1)
D0=0 D1=60 D2=40 D3=0 D4=0 D5=0 D6=0 D7=0 A0=33A72 A1=3C0002 A2=33816 A3=108F6A A4=10947C A5=108000 A6=108E3C PC=33A9E -- 033A9E: move.w  D0, (A1)
D0=0 D1=60 D2=40 D3=0 D4=0 D5=0 D6=0 D7=0 A0=33A72 A1=3C0002 A2=33816 A3=108F6A A4=10947C A5=108000 A6=108E3C PC=33AA0 -- 033AA0: move.w  D0, (A1)
D0=0 D1=60 D2=40 D3=0 D4=0 D5=0 D6=0 D7=0 A0=33A72 A1=3C0002 A2=33816 A3=108F6A A4=10947C A5=108000 A6=108E3C PC=33AA2 -- 033AA2: move.w  D0, (A1)
D0=0 D1=60 D2=40 D3=0 D4=0 D5=0 D6=0 D7=0 A0=33A72 A1=3C0002 A2=33816 A3=108F6A A4=10947C A5=108000 A6=108E3C PC=33AA4 -- 033AA4: move.w  D0, (A1)
D0=0 D1=60 D2=40 D3=0 D4=0 D5=0 D6=0 D7=0 A0=33A72 A1=3C0002 A2=33816 A3=108F6A A4=10947C A5=108000 A6=108E3C PC=33AA6 -- 033AA6: move.w  D0, (A1)
D0=0 D1=60 D2=40 D3=0 D4=0 D5=0 D6=0 D7=0 A0=33A72 A1=3C0002 A2=33816 A3=108F6A A4=10947C A5=108000 A6=108E3C PC=33AA8 -- 033AA8: move.w  D0, (A1)
D0=0 D1=60 D2=40 D3=0 D4=0 D5=0 D6=0 D7=0 A0=33A72 A1=3C0002 A2=33816 A3=108F6A A4=10947C A5=108000 A6=108E3C PC=33AAA -- 033AAA: move.w  D0, (A1)
D0=0 D1=60 D2=40 D3=0 D4=0 D5=0 D6=0 D7=0 A0=33A72 A1=3C0002 A2=33816 A3=108F6A A4=10947C A5=108000 A6=108E3C PC=33AAC -- 033AAC: move.w  D0, (A1)
D0=0 D1=60 D2=40 D3=0 D4=0 D5=0 D6=0 D7=0 A0=33A72 A1=3C0002 A2=33816 A3=108F6A A4=10947C A5=108000 A6=108E3C PC=33AAE -- 033AAE: move.w  D0, (A1)
D0=0 D1=60 D2=40 D3=0 D4=0 D5=0 D6=0 D7=0 A0=33A72 A1=3C0002 A2=33816 A3=108F6A A4=10947C A5=108000 A6=108E3C PC=33AB0 -- 033AB0: move.w  D0, (A1)
D0=0 D1=60 D2=40 D3=0 D4=0 D5=0 D6=0 D7=0 A0=33A72 A1=3C0002 A2=33816 A3=108F6A A4=10947C A5=108000 A6=108E3C PC=33AB2 -- 033AB2: move.w  D0, (A1)
D0=0 D1=60 D2=40 D3=0 D4=0 D5=0 D6=0 D7=0 A0=33A72 A1=3C0002 A2=33816 A3=108F6A A4=10947C A5=108000 A6=108E3C PC=33AB4 -- 033AB4: move.w  D0, (A1)
D0=0 D1=60 D2=40 D3=0 D4=0 D5=0 D6=0 D7=0 A0=33A72 A1=3C0002 A2=33816 A3=108F6A A4=10947C A5=108000 A6=108E3C PC=33AB6 -- 033AB6: move.w  D0, (A1)
D0=0 D1=60 D2=40 D3=0 D4=0 D5=0 D6=0 D7=0 A0=33A72 A1=3C0002 A2=33816 A3=108F6A A4=10947C A5=108000 A6=108E3C PC=33AB8 -- 033AB8: move.w  D0, (A1)
D0=0 D1=60 D2=40 D3=0 D4=0 D5=0 D6=0 D7=0 A0=33A72 A1=3C0002 A2=33816 A3=108F6A A4=10947C A5=108000 A6=108E3C PC=33ABA -- 033ABA: move.w  D0, (A1)
D0=0 D1=60 D2=40 D3=0 D4=0 D5=0 D6=0 D7=0 A0=33A72 A1=3C0002 A2=33816 A3=108F6A A4=10947C A5=108000 A6=108E3C PC=33ABC -- 033ABC: move.w  D0, (A1)
D0=0 D1=60 D2=40 D3=0 D4=0 D5=0 D6=0 D7=0 A0=33A72 A1=3C0002 A2=33816 A3=108F6A A4=10947C A5=108000 A6=108E3C PC=33ABE -- 033ABE: move.w  D0, (A1)
D0=0 D1=60 D2=40 D3=0 D4=0 D5=0 D6=0 D7=0 A0=33A72 A1=3C0002 A2=33816 A3=108F6A A4=10947C A5=108000 A6=108E3C PC=33AC0 -- 033AC0: move.w  D0, (A1)
D0=0 D1=60 D2=40 D3=0 D4=0 D5=0 D6=0 D7=0 A0=33A72 A1=3C0002 A2=33816 A3=108F6A A4=10947C A5=108000 A6=108E3C PC=33AC2 -- 033AC2: move.w  D0, (A1)
D0=0 D1=60 D2=40 D3=0 D4=0 D5=0 D6=0 D7=0 A0=33A72 A1=3C0002 A2=33816 A3=108F6A A4=10947C A5=108000 A6=108E3C PC=33AC4 -- 033AC4: move.w  D0, (A1)
D0=0 D1=60 D2=40 D3=0 D4=0 D5=0 D6=0 D7=0 A0=33A72 A1=3C0002 A2=33816 A3=108F6A A4=10947C A5=108000 A6=108E3C PC=33AC6 -- 033AC6: move.w  D0, (A1)
D0=0 D1=60 D2=40 D3=0 D4=0 D5=0 D6=0 D7=0 A0=33A72 A1=3C0002 A2=33816 A3=108F6A A4=10947C A5=108000 A6=108E3C PC=33AC8 -- 033AC8: move.w  D0, (A1)
D0=0 D1=60 D2=40 D3=0 D4=0 D5=0 D6=0 D7=0 A0=33A72 A1=3C0002 A2=33816 A3=108F6A A4=10947C A5=108000 A6=108E3C PC=33ACA -- 033ACA: move.w  D0, (A1)
D0=0 D1=60 D2=40 D3=0 D4=0 D5=0 D6=0 D7=0 A0=33A72 A1=3C0002 A2=33816 A3=108F6A A4=10947C A5=108000 A6=108E3C PC=33ACC -- 033ACC: move.w  D0, (A1)
D0=0 D1=60 D2=40 D3=0 D4=0 D5=0 D6=0 D7=0 A0=33A72 A1=3C0002 A2=33816 A3=108F6A A4=10947C A5=108000 A6=108E3C PC=33ACE -- 033ACE: move.w  D0, (A1)
D0=0 D1=60 D2=40 D3=0 D4=0 D5=0 D6=0 D7=0 A0=33A72 A1=3C0002 A2=33816 A3=108F6A A4=10947C A5=108000 A6=108E3C PC=33AD0 -- 033AD0: move.w  D0, (A1)
D0=0 D1=60 D2=40 D3=0 D4=0 D5=0 D6=0 D7=0 A0=33A72 A1=3C0002 A2=33816 A3=108F6A A4=10947C A5=108000 A6=108E3C PC=33AD2 -- 033AD2: move.w  D0, (A1)
D0=0 D1=60 D2=40 D3=0 D4=0 D5=0 D6=0 D7=0 A0=33A72 A1=3C0002 A2=33816 A3=108F6A A4=10947C A5=108000 A6=108E3C PC=33AD4 -- 033AD4: move.w  D0, (A1)
D0=0 D1=60 D2=40 D3=0 D4=0 D5=0 D6=0 D7=0 A0=33A72 A1=3C0002 A2=33816 A3=108F6A A4=10947C A5=108000 A6=108E3C PC=33AD6 -- 033AD6: move.w  D0, (A1)
D0=0 D1=60 D2=40 D3=0 D4=0 D5=0 D6=0 D7=0 A0=33A72 A1=3C0002 A2=33816 A3=108F6A A4=10947C A5=108000 A6=108E3C PC=33AD8 -- 033AD8: move.w  D0, (A1)
D0=0 D1=60 D2=40 D3=0 D4=0 D5=0 D6=0 D7=0 A0=33A72 A1=3C0002 A2=33816 A3=108F6A A4=10947C A5=108000 A6=108E3C PC=33ADA -- 033ADA: move.w  D0, (A1)
D0=0 D1=60 D2=40 D3=0 D4=0 D5=0 D6=0 D7=0 A0=33A72 A1=3C0002 A2=33816 A3=108F6A A4=10947C A5=108000 A6=108E3C PC=33ADC -- 033ADC: move.w  D0, (A1)
D0=0 D1=60 D2=40 D3=0 D4=0 D5=0 D6=0 D7=0 A0=33A72 A1=3C0002 A2=33816 A3=108F6A A4=10947C A5=108000 A6=108E3C PC=33ADE -- 033ADE: move.w  D0, (A1)
D0=0 D1=60 D2=40 D3=0 D4=0 D5=0 D6=0 D7=0 A0=33A72 A1=3C0002 A2=33816 A3=108F6A A4=10947C A5=108000 A6=108E3C PC=33AE0 -- 033AE0: move.w  D0, (A1)
D0=0 D1=60 D2=40 D3=0 D4=0 D5=0 D6=0 D7=0 A0=33A72 A1=3C0002 A2=33816 A3=108F6A A4=10947C A5=108000 A6=108E3C PC=33AE2 -- 033AE2: move.w  D0, (A1)
D0=0 D1=60 D2=40 D3=0 D4=0 D5=0 D6=0 D7=0 A0=33A72 A1=3C0002 A2=33816 A3=108F6A A4=10947C A5=108000 A6=108E3C PC=33AE4 -- 033AE4: move.w  D0, (A1)
D0=0 D1=60 D2=40 D3=0 D4=0 D5=0 D6=0 D7=0 A0=33A72 A1=3C0002 A2=33816 A3=108F6A A4=10947C A5=108000 A6=108E3C PC=33AE6 -- 033AE6: move.w  D0, (A1)
D0=0 D1=60 D2=40 D3=0 D4=0 D5=0 D6=0 D7=0 A0=33A72 A1=3C0002 A2=33816 A3=108F6A A4=10947C A5=108000 A6=108E3C PC=33AE8 -- 033AE8: move.w  D0, (A1)
D0=0 D1=60 D2=40 D3=0 D4=0 D5=0 D6=0 D7=0 A0=33A72 A1=3C0002 A2=33816 A3=108F6A A4=10947C A5=108000 A6=108E3C PC=33AEA -- 033AEA: move.w  D0, (A1)
D0=0 D1=60 D2=40 D3=0 D4=0 D5=0 D6=0 D7=0 A0=33A72 A1=3C0002 A2=33816 A3=108F6A A4=10947C A5=108000 A6=108E3C PC=33AEC -- 033AEC: move.w  D0, (A1)
D0=0 D1=60 D2=40 D3=0 D4=0 D5=0 D6=0 D7=0 A0=33A72 A1=3C0002 A2=33816 A3=108F6A A4=10947C A5=108000 A6=108E3C PC=33AEE -- 033AEE: move.w  D0, (A1)
D0=0 D1=60 D2=40 D3=0 D4=0 D5=0 D6=0 D7=0 A0=33A72 A1=3C0002 A2=33816 A3=108F6A A4=10947C A5=108000 A6=108E3C PC=33AF0 -- 033AF0: move.w  D0, (A1)
D0=0 D1=60 D2=40 D3=0 D4=0 D5=0 D6=0 D7=0 A0=33A72 A1=3C0002 A2=33816 A3=108F6A A4=10947C A5=108000 A6=108E3C PC=33AF2 -- 033AF2: move.w  D0, (A1)
D0=0 D1=60 D2=40 D3=0 D4=0 D5=0 D6=0 D7=0 A0=33A72 A1=3C0002 A2=33816 A3=108F6A A4=10947C A5=108000 A6=108E3C PC=33AF4 -- 033AF4: move.w  D0, (A1)
D0=0 D1=60 D2=40 D3=0 D4=0 D5=0 D6=0 D7=0 A0=33A72 A1=3C0002 A2=33816 A3=108F6A A4=10947C A5=108000 A6=108E3C PC=33AF6 -- 033AF6: move.w  D0, (A1)
D0=0 D1=60 D2=40 D3=0 D4=0 D5=0 D6=0 D7=0 A0=33A72 A1=3C0002 A2=33816 A3=108F6A A4=10947C A5=108000 A6=108E3C PC=33AF8 -- 033AF8: move.w  D0, (A1)
D0=0 D1=60 D2=40 D3=0 D4=0 D5=0 D6=0 D7=0 A0=33A72 A1=3C0002 A2=33816 A3=108F6A A4=10947C A5=108000 A6=108E3C PC=33AFA -- 033AFA: move.w  D0, (A1)
D0=0 D1=60 D2=40 D3=0 D4=0 D5=0 D6=0 D7=0 A0=33A72 A1=3C0002 A2=33816 A3=108F6A A4=10947C A5=108000 A6=108E3C PC=33AFC -- 033AFC: move.w  D0, (A1)
D0=0 D1=60 D2=40 D3=0 D4=0 D5=0 D6=0 D7=0 A0=33A72 A1=3C0002 A2=33816 A3=108F6A A4=10947C A5=108000 A6=108E3C PC=33AFE -- 033AFE: move.w  D0, (A1)
D0=0 D1=60 D2=40 D3=0 D4=0 D5=0 D6=0 D7=0 A0=33A72 A1=3C0002 A2=33816 A3=108F6A A4=10947C A5=108000 A6=108E3C PC=33B00 -- 033B00: move.w  D0, (A1)
D0=0 D1=60 D2=40 D3=0 D4=0 D5=0 D6=0 D7=0 A0=33A72 A1=3C0002 A2=33816 A3=108F6A A4=10947C A5=108000 A6=108E3C PC=33B02 -- 033B02: move.w  D0, (A1)
D0=0 D1=60 D2=40 D3=0 D4=0 D5=0 D6=0 D7=0 A0=33A72 A1=3C0002 A2=33816 A3=108F6A A4=10947C A5=108000 A6=108E3C PC=33B04 -- 033B04: move.w  D0, (A1)
D0=0 D1=60 D2=40 D3=0 D4=0 D5=0 D6=0 D7=0 A0=33A72 A1=3C0002 A2=33816 A3=108F6A A4=10947C A5=108000 A6=108E3C PC=33B06 -- 033B06: move.w  D0, (A1)
D0=0 D1=60 D2=40 D3=0 D4=0 D5=0 D6=0 D7=0 A0=33A72 A1=3C0002 A2=33816 A3=108F6A A4=10947C A5=108000 A6=108E3C PC=33B08 -- 033B08: move.w  D0, (A1)
D0=0 D1=60 D2=40 D3=0 D4=0 D5=0 D6=0 D7=0 A0=33A72 A1=3C0002 A2=33816 A3=108F6A A4=10947C A5=108000 A6=108E3C PC=33B0A -- 033B0A: move.w  D0, (A1)
D0=0 D1=60 D2=40 D3=0 D4=0 D5=0 D6=0 D7=0 A0=33A72 A1=3C0002 A2=33816 A3=108F6A A4=10947C A5=108000 A6=108E3C PC=33B0C -- 033B0C: move.w  D0, (A1)
D0=0 D1=60 D2=40 D3=0 D4=0 D5=0 D6=0 D7=0 A0=33A72 A1=3C0002 A2=33816 A3=108F6A A4=10947C A5=108000 A6=108E3C PC=33B0E -- 033B0E: move.w  D0, (A1)
D0=0 D1=60 D2=40 D3=0 D4=0 D5=0 D6=0 D7=0 A0=33A72 A1=3C0002 A2=33816 A3=108F6A A4=10947C A5=108000 A6=108E3C PC=33B10 -- 033B10: move.w  D0, (A1)
D0=0 D1=60 D2=40 D3=0 D4=0 D5=0 D6=0 D7=0 A0=33A72 A1=3C0002 A2=33816 A3=108F6A A4=10947C A5=108000 A6=108E3C PC=33B12 -- 033B12: move.w  D0, (A1)
D0=0 D1=60 D2=40 D3=0 D4=0 D5=0 D6=0 D7=0 A0=33A72 A1=3C0002 A2=33816 A3=108F6A A4=10947C A5=108000 A6=108E3C PC=33B14 -- 033B14: move.w  D0, (A1)
D0=0 D1=60 D2=40 D3=0 D4=0 D5=0 D6=0 D7=0 A0=33A72 A1=3C0002 A2=33816 A3=108F6A A4=10947C A5=108000 A6=108E3C PC=33B16 -- 033B16: move.w  D0, (A1)
D0=0 D1=60 D2=40 D3=0 D4=0 D5=0 D6=0 D7=0 A0=33A72 A1=3C0002 A2=33816 A3=108F6A A4=10947C A5=108000 A6=108E3C PC=33B18 -- 033B18: move.w  D0, (A1)
D0=0 D1=60 D2=40 D3=0 D4=0 D5=0 D6=0 D7=0 A0=33A72 A1=3C0002 A2=33816 A3=108F6A A4=10947C A5=108000 A6=108E3C PC=33B1A -- 033B1A: move.w  D0, (A1)
D0=0 D1=60 D2=40 D3=0 D4=0 D5=0 D6=0 D7=0 A0=33A72 A1=3C0002 A2=33816 A3=108F6A A4=10947C A5=108000 A6=108E3C PC=33B1C -- 033B1C: move.w  D0, (A1)
D0=0 D1=60 D2=40 D3=0 D4=0 D5=0 D6=0 D7=0 A0=33A72 A1=3C0002 A2=33816 A3=108F6A A4=10947C A5=108000 A6=108E3C PC=33B1E -- 033B1E: move.w  D0, (A1)
D0=0 D1=60 D2=40 D3=0 D4=0 D5=0 D6=0 D7=0 A0=33A72 A1=3C0002 A2=33816 A3=108F6A A4=10947C A5=108000 A6=108E3C PC=33B20 -- 033B20: move.w  D0, (A1)
D0=0 D1=60 D2=40 D3=0 D4=0 D5=0 D6=0 D7=0 A0=33A72 A1=3C0002 A2=33816 A3=108F6A A4=10947C A5=108000 A6=108E3C PC=33B22 -- 033B22: move.w  D0, (A1)
D0=0 D1=60 D2=40 D3=0 D4=0 D5=0 D6=0 D7=0 A0=33A72 A1=3C0002 A2=33816 A3=108F6A A4=10947C A5=108000 A6=108E3C PC=33B24 -- 033B24: move.w  D0, (A1)
D0=0 D1=60 D2=40 D3=0 D4=0 D5=0 D6=0 D7=0 A0=33A72 A1=3C0002 A2=33816 A3=108F6A A4=10947C A5=108000 A6=108E3C PC=33B26 -- 033B26: move.w  D0, (A1)
D0=0 D1=60 D2=40 D3=0 D4=0 D5=0 D6=0 D7=0 A0=33A72 A1=3C0002 A2=33816 A3=108F6A A4=10947C A5=108000 A6=108E3C PC=33B28 -- 033B28: move.w  D0, (A1)
D0=0 D1=60 D2=40 D3=0 D4=0 D5=0 D6=0 D7=0 A0=33A72 A1=3C0002 A2=33816 A3=108F6A A4=10947C A5=108000 A6=108E3C PC=33B2A -- 033B2A: move.w  D0, (A1)
D0=0 D1=60 D2=40 D3=0 D4=0 D5=0 D6=0 D7=0 A0=33A72 A1=3C0002 A2=33816 A3=108F6A A4=10947C A5=108000 A6=108E3C PC=33B2C -- 033B2C: move.w  D0, (A1)
D0=0 D1=60 D2=40 D3=0 D4=0 D5=0 D6=0 D7=0 A0=33A72 A1=3C0002 A2=33816 A3=108F6A A4=10947C A5=108000 A6=108E3C PC=33B2E -- 033B2E: move.w  D0, (A1)
D0=0 D1=60 D2=40 D3=0 D4=0 D5=0 D6=0 D7=0 A0=33A72 A1=3C0002 A2=33816 A3=108F6A A4=10947C A5=108000 A6=108E3C PC=33B30 -- 033B30: move.w  D0, (A1)
D0=0 D1=60 D2=40 D3=0 D4=0 D5=0 D6=0 D7=0 A0=33A72 A1=3C0002 A2=33816 A3=108F6A A4=10947C A5=108000 A6=108E3C PC=33B32 -- 033B32: rts
D0=0 D1=60 D2=40 D3=0 D4=0 D5=0 D6=0 D7=0 A0=33A72 A1=3C0002 A2=33816 A3=108F6A A4=10947C A5=108000 A6=108E3C PC=32BDC -- 032BDC: bsr     $33be2
D0=0 D1=60 D2=40 D3=0 D4=0 D5=0 D6=0 D7=0 A0=33A72 A1=3C0002 A2=33816 A3=108F6A A4=10947C A5=108000 A6=108E3C PC=33BE2 -- 033BE2: tst.b   ($1798,A5)
D0=0 D1=60 D2=40 D3=0 D4=0 D5=0 D6=0 D7=0 A0=33A72 A1=3C0002 A2=33816 A3=108F6A A4=10947C A5=108000 A6=108E3C PC=33BE6 -- 033BE6: beq     $33c46
D0=0 D1=60 D2=40 D3=0 D4=0 D5=0 D6=0 D7=0 A0=33A72 A1=3C0002 A2=33816 A3=108F6A A4=10947C A5=108000 A6=108E3C PC=33C46 -- 033C46: rts
D0=0 D1=60 D2=40 D3=0 D4=0 D5=0 D6=0 D7=0 A0=33A72 A1=3C0002 A2=33816 A3=108F6A A4=10947C A5=108000 A6=108E3C PC=32BE0 -- 032BE0: bsr     $33b34
D0=0 D1=60 D2=40 D3=0 D4=0 D5=0 D6=0 D7=0 A0=33A72 A1=3C0002 A2=33816 A3=108F6A A4=10947C A5=108000 A6=108E3C PC=33B34 -- 033B34: tst.b   ($168e,A5)
D0=0 D1=60 D2=40 D3=0 D4=0 D5=0 D6=0 D7=0 A0=33A72 A1=3C0002 A2=33816 A3=108F6A A4=10947C A5=108000 A6=108E3C PC=33B38 -- 033B38: beq     $33be0
D0=0 D1=60 D2=40 D3=0 D4=0 D5=0 D6=0 D7=0 A0=33A72 A1=3C0002 A2=33816 A3=108F6A A4=10947C A5=108000 A6=108E3C PC=33B3C -- 033B3C: lea     ($147e,A5), A0
D0=0 D1=60 D2=40 D3=0 D4=0 D5=0 D6=0 D7=0 A0=10947E A1=3C0002 A2=33816 A3=108F6A A4=10947C A5=108000 A6=108E3C PC=33B40 -- 033B40: move.w  #$1, $3c0004.l
D0=0 D1=60 D2=40 D3=0 D4=0 D5=0 D6=0 D7=0 A0=10947E A1=3C0002 A2=33816 A3=108F6A A4=10947C A5=108000 A6=108E3C PC=33B48 -- 033B48: lea     $3c0000.l, A1
D0=0 D1=60 D2=40 D3=0 D4=0 D5=0 D6=0 D7=0 A0=10947E A1=3C0000 A2=33816 A3=108F6A A4=10947C A5=108000 A6=108E3C PC=33B4E -- 033B4E: move.w  (A0)+, (A1)+
D0=0 D1=60 D2=40 D3=0 D4=0 D5=0 D6=0 D7=0 A0=109480 A1=3C0002 A2=33816 A3=108F6A A4=10947C A5=108000 A6=108E3C PC=33B50 -- 033B50: move.w  (A0)+, (A1)
D0=0 D1=60 D2=40 D3=0 D4=0 D5=0 D6=0 D7=0 A0=109482 A1=3C0002 A2=33816 A3=108F6A A4=10947C A5=108000 A6=108E3C PC=33B52 -- 033B52: move.w  (A0)+, (A1)
D0=0 D1=60 D2=40 D3=0 D4=0 D5=0 D6=0 D7=0 A0=109484 A1=3C0002 A2=33816 A3=108F6A A4=10947C A5=108000 A6=108E3C PC=33B54 -- 033B54: move.w  (A0)+, (A1)
D0=0 D1=60 D2=40 D3=0 D4=0 D5=0 D6=0 D7=0 A0=109486 A1=3C0002 A2=33816 A3=108F6A A4=10947C A5=108000 A6=108E3C PC=33B56 -- 033B56: move.w  (A0)+, (A1)
D0=0 D1=60 D2=40 D3=0 D4=0 D5=0 D6=0 D7=0 A0=109488 A1=3C0002 A2=33816 A3=108F6A A4=10947C A5=108000 A6=108E3C PC=33B58 -- 033B58: move.w  (A0)+, (A1)
D0=0 D1=60 D2=40 D3=0 D4=0 D5=0 D6=0 D7=0 A0=10948A A1=3C0002 A2=33816 A3=108F6A A4=10947C A5=108000 A6=108E3C PC=33B5A -- 033B5A: move.w  (A0)+, (A1)
D0=0 D1=60 D2=40 D3=0 D4=0 D5=0 D6=0 D7=0 A0=10948C A1=3C0002 A2=33816 A3=108F6A A4=10947C A5=108000 A6=108E3C PC=33B5C -- 033B5C: move.w  (A0)+, (A1)
D0=0 D1=60 D2=40 D3=0 D4=0 D5=0 D6=0 D7=0 A0=10948E A1=3C0002 A2=33816 A3=108F6A A4=10947C A5=108000 A6=108E3C PC=33B5E -- 033B5E: move.w  (A0)+, (A1)
D0=0 D1=60 D2=40 D3=0 D4=0 D5=0 D6=0 D7=0 A0=109490 A1=3C0002 A2=33816 A3=108F6A A4=10947C A5=108000 A6=108E3C PC=33B60 -- 033B60: move.w  (A0)+, (A1)
D0=0 D1=60 D2=40 D3=0 D4=0 D5=0 D6=0 D7=0 A0=109492 A1=3C0002 A2=33816 A3=108F6A A4=10947C A5=108000 A6=108E3C PC=33B62 -- 033B62: move.w  (A0)+, (A1)
D0=0 D1=60 D2=40 D3=0 D4=0 D5=0 D6=0 D7=0 A0=109494 A1=3C0002 A2=33816 A3=108F6A A4=10947C A5=108000 A6=108E3C PC=33B64 -- 033B64: move.w  (A0)+, (A1)
D0=0 D1=60 D2=40 D3=0 D4=0 D5=0 D6=0 D7=0 A0=109496 A1=3C0002 A2=33816 A3=108F6A A4=10947C A5=108000 A6=108E3C PC=33B66 -- 033B66: move.w  (A0)+, (A1)
D0=0 D1=60 D2=40 D3=0 D4=0 D5=0 D6=0 D7=0 A0=109498 A1=3C0002 A2=33816 A3=108F6A A4=10947C A5=108000 A6=108E3C PC=33B68 -- 033B68: move.w  (A0)+, (A1)
D0=0 D1=60 D2=40 D3=0 D4=0 D5=0 D6=0 D7=0 A0=10949A A1=3C0002 A2=33816 A3=108F6A A4=10947C A5=108000 A6=108E3C PC=33B6A -- 033B6A: move.w  (A0)+, (A1)
D0=0 D1=60 D2=40 D3=0 D4=0 D5=0 D6=0 D7=0 A0=10949C A1=3C0002 A2=33816 A3=108F6A A4=10947C A5=108000 A6=108E3C PC=33B6C -- 033B6C: move.w  (A0)+, (A1)
D0=0 D1=60 D2=40 D3=0 D4=0 D5=0 D6=0 D7=0 A0=10949E A1=3C0002 A2=33816 A3=108F6A A4=10947C A5=108000 A6=108E3C PC=33B6E -- 033B6E: move.w  (A0)+, (A1)
D0=0 D1=60 D2=40 D3=0 D4=0 D5=0 D6=0 D7=0 A0=1094A0 A1=3C0002 A2=33816 A3=108F6A A4=10947C A5=108000 A6=108E3C PC=33B70 -- 033B70: move.w  (A0)+, (A1)
D0=0 D1=60 D2=40 D3=0 D4=0 D5=0 D6=0 D7=0 A0=1094A2 A1=3C0002 A2=33816 A3=108F6A A4=10947C A5=108000 A6=108E3C PC=33B72 -- 033B72: move.w  (A0)+, (A1)
D0=0 D1=60 D2=40 D3=0 D4=0 D5=0 D6=0 D7=0 A0=1094A4 A1=3C0002 A2=33816 A3=108F6A A4=10947C A5=108000 A6=108E3C PC=33B74 -- 033B74: move.w  (A0)+, (A1)
D0=0 D1=60 D2=40 D3=0 D4=0 D5=0 D6=0 D7=0 A0=1094A6 A1=3C0002 A2=33816 A3=108F6A A4=10947C A5=108000 A6=108E3C PC=33B76 -- 033B76: move.w  (A0)+, (A1)
D0=0 D1=60 D2=40 D3=0 D4=0 D5=0 D6=0 D7=0 A0=1094A8 A1=3C0002 A2=33816 A3=108F6A A4=10947C A5=108000 A6=108E3C PC=33B78 -- 033B78: move.w  (A0)+, (A1)
D0=0 D1=60 D2=40 D3=0 D4=0 D5=0 D6=0 D7=0 A0=1094AA A1=3C0002 A2=33816 A3=108F6A A4=10947C A5=108000 A6=108E3C PC=33B7A -- 033B7A: move.w  (A0)+, (A1)
D0=0 D1=60 D2=40 D3=0 D4=0 D5=0 D6=0 D7=0 A0=1094AC A1=3C0002 A2=33816 A3=108F6A A4=10947C A5=108000 A6=108E3C PC=33B7C -- 033B7C: move.w  (A0)+, (A1)
D0=0 D1=60 D2=40 D3=0 D4=0 D5=0 D6=0 D7=0 A0=1094AE A1=3C0002 A2=33816 A3=108F6A A4=10947C A5=108000 A6=108E3C PC=33B7E -- 033B7E: move.w  (A0)+, (A1)
D0=0 D1=60 D2=40 D3=0 D4=0 D5=0 D6=0 D7=0 A0=1094B0 A1=3C0002 A2=33816 A3=108F6A A4=10947C A5=108000 A6=108E3C PC=33B80 -- 033B80: move.w  (A0)+, (A1)
D0=0 D1=60 D2=40 D3=0 D4=0 D5=0 D6=0 D7=0 A0=1094B2 A1=3C0002 A2=33816 A3=108F6A A4=10947C A5=108000 A6=108E3C PC=33B82 -- 033B82: move.w  (A0)+, (A1)
D0=0 D1=60 D2=40 D3=0 D4=0 D5=0 D6=0 D7=0 A0=1094B4 A1=3C0002 A2=33816 A3=108F6A A4=10947C A5=108000 A6=108E3C PC=33B84 -- 033B84: move.w  (A0)+, (A1)
D0=0 D1=60 D2=40 D3=0 D4=0 D5=0 D6=0 D7=0 A0=1094B6 A1=3C0002 A2=33816 A3=108F6A A4=10947C A5=108000 A6=108E3C PC=33B86 -- 033B86: move.w  (A0)+, (A1)
D0=0 D1=60 D2=40 D3=0 D4=0 D5=0 D6=0 D7=0 A0=1094B8 A1=3C0002 A2=33816 A3=108F6A A4=10947C A5=108000 A6=108E3C PC=33B88 -- 033B88: move.w  (A0)+, (A1)
D0=0 D1=60 D2=40 D3=0 D4=0 D5=0 D6=0 D7=0 A0=1094BA A1=3C0002 A2=33816 A3=108F6A A4=10947C A5=108000 A6=108E3C PC=33B8A -- 033B8A: move.w  (A0)+, (A1)
D0=0 D1=60 D2=40 D3=0 D4=0 D5=0 D6=0 D7=0 A0=1094BC A1=3C0002 A2=33816 A3=108F6A A4=10947C A5=108000 A6=108E3C PC=33B8C -- 033B8C: move.w  (A0)+, (A1)
D0=0 D1=60 D2=40 D3=0 D4=0 D5=0 D6=0 D7=0 A0=1094BE A1=3C0002 A2=33816 A3=108F6A A4=10947C A5=108000 A6=108E3C PC=33B8E -- 033B8E: move.w  (A0)+, (A1)
D0=0 D1=60 D2=40 D3=0 D4=0 D5=0 D6=0 D7=0 A0=1094C0 A1=3C0002 A2=33816 A3=108F6A A4=10947C A5=108000 A6=108E3C PC=33B90 -- 033B90: lea     $3c0000.l, A1
D0=0 D1=60 D2=40 D3=0 D4=0 D5=0 D6=0 D7=0 A0=1094C0 A1=3C0000 A2=33816 A3=108F6A A4=10947C A5=108000 A6=108E3C PC=33B96 -- 033B96: move.w  (A0)+, (A1)+
D0=0 D1=60 D2=40 D3=0 D4=0 D5=0 D6=0 D7=0 A0=1094C2 A1=3C0002 A2=33816 A3=108F6A A4=10947C A5=108000 A6=108E3C PC=33B98 -- 033B98: move.w  (A0)+, (A1)
D0=0 D1=60 D2=40 D3=0 D4=0 D5=0 D6=0 D7=0 A0=1094C4 A1=3C0002 A2=33816 A3=108F6A A4=10947C A5=108000 A6=108E3C PC=33B9A -- 033B9A: move.w  (A0)+, (A1)
D0=0 D1=60 D2=40 D3=0 D4=0 D5=0 D6=0 D7=0 A0=1094C6 A1=3C0002 A2=33816 A3=108F6A A4=10947C A5=108000 A6=108E3C PC=33B9C -- 033B9C: move.w  (A0)+, (A1)
D0=0 D1=60 D2=40 D3=0 D4=0 D5=0 D6=0 D7=0 A0=1094C8 A1=3C0002 A2=33816 A3=108F6A A4=10947C A5=108000 A6=108E3C PC=33B9E -- 033B9E: move.w  (A0)+, (A1)
D0=0 D1=60 D2=40 D3=0 D4=0 D5=0 D6=0 D7=0 A0=1094CA A1=3C0002 A2=33816 A3=108F6A A4=10947C A5=108000 A6=108E3C PC=33BA0 -- 033BA0: move.w  (A0)+, (A1)
D0=0 D1=60 D2=40 D3=0 D4=0 D5=0 D6=0 D7=0 A0=1094CC A1=3C0002 A2=33816 A3=108F6A A4=10947C A5=108000 A6=108E3C PC=33BA2 -- 033BA2: move.w  (A0)+, (A1)
D0=0 D1=60 D2=40 D3=0 D4=0 D5=0 D6=0 D7=0 A0=1094CE A1=3C0002 A2=33816 A3=108F6A A4=10947C A5=108000 A6=108E3C PC=33BA4 -- 033BA4: move.w  (A0)+, (A1)
D0=0 D1=60 D2=40 D3=0 D4=0 D5=0 D6=0 D7=0 A0=1094D0 A1=3C0002 A2=33816 A3=108F6A A4=10947C A5=108000 A6=108E3C PC=33BA6 -- 033BA6: move.w  (A0)+, (A1)
D0=0 D1=60 D2=40 D3=0 D4=0 D5=0 D6=0 D7=0 A0=1094D2 A1=3C0002 A2=33816 A3=108F6A A4=10947C A5=108000 A6=108E3C PC=33BA8 -- 033BA8: move.w  (A0)+, (A1)
D0=0 D1=60 D2=40 D3=0 D4=0 D5=0 D6=0 D7=0 A0=1094D4 A1=3C0002 A2=33816 A3=108F6A A4=10947C A5=108000 A6=108E3C PC=33BAA -- 033BAA: move.w  (A0)+, (A1)
D0=0 D1=60 D2=40 D3=0 D4=0 D5=0 D6=0 D7=0 A0=1094D6 A1=3C0002 A2=33816 A3=108F6A A4=10947C A5=108000 A6=108E3C PC=33BAC -- 033BAC: move.w  (A0)+, (A1)
D0=0 D1=60 D2=40 D3=0 D4=0 D5=0 D6=0 D7=0 A0=1094D8 A1=3C0002 A2=33816 A3=108F6A A4=10947C A5=108000 A6=108E3C PC=33BAE -- 033BAE: move.w  (A0)+, (A1)
D0=0 D1=60 D2=40 D3=0 D4=0 D5=0 D6=0 D7=0 A0=1094DA A1=3C0002 A2=33816 A3=108F6A A4=10947C A5=108000 A6=108E3C PC=33BB0 -- 033BB0: move.w  (A0)+, (A1)
D0=0 D1=60 D2=40 D3=0 D4=0 D5=0 D6=0 D7=0 A0=1094DC A1=3C0002 A2=33816 A3=108F6A A4=10947C A5=108000 A6=108E3C PC=33BB2 -- 033BB2: move.w  (A0)+, (A1)
D0=0 D1=60 D2=40 D3=0 D4=0 D5=0 D6=0 D7=0 A0=1094DE A1=3C0002 A2=33816 A3=108F6A A4=10947C A5=108000 A6=108E3C PC=33BB4 -- 033BB4: move.w  (A0)+, (A1)
D0=0 D1=60 D2=40 D3=0 D4=0 D5=0 D6=0 D7=0 A0=1094E0 A1=3C0002 A2=33816 A3=108F6A A4=10947C A5=108000 A6=108E3C PC=33BB6 -- 033BB6: move.w  (A0)+, (A1)
D0=0 D1=60 D2=40 D3=0 D4=0 D5=0 D6=0 D7=0 A0=1094E2 A1=3C0002 A2=33816 A3=108F6A A4=10947C A5=108000 A6=108E3C PC=33BB8 -- 033BB8: move.w  (A0)+, (A1)
D0=0 D1=60 D2=40 D3=0 D4=0 D5=0 D6=0 D7=0 A0=1094E4 A1=3C0002 A2=33816 A3=108F6A A4=10947C A5=108000 A6=108E3C PC=33BBA -- 033BBA: move.w  (A0)+, (A1)
D0=0 D1=60 D2=40 D3=0 D4=0 D5=0 D6=0 D7=0 A0=1094E6 A1=3C0002 A2=33816 A3=108F6A A4=10947C A5=108000 A6=108E3C PC=33BBC -- 033BBC: move.w  (A0)+, (A1)
D0=0 D1=60 D2=40 D3=0 D4=0 D5=0 D6=0 D7=0 A0=1094E8 A1=3C0002 A2=33816 A3=108F6A A4=10947C A5=108000 A6=108E3C PC=33BBE -- 033BBE: move.w  (A0)+, (A1)
D0=0 D1=60 D2=40 D3=0 D4=0 D5=0 D6=0 D7=0 A0=1094EA A1=3C0002 A2=33816 A3=108F6A A4=10947C A5=108000 A6=108E3C PC=33BC0 -- 033BC0: move.w  (A0)+, (A1)
D0=0 D1=60 D2=40 D3=0 D4=0 D5=0 D6=0 D7=0 A0=1094EC A1=3C0002 A2=33816 A3=108F6A A4=10947C A5=108000 A6=108E3C PC=33BC2 -- 033BC2: move.w  (A0)+, (A1)
D0=0 D1=60 D2=40 D3=0 D4=0 D5=0 D6=0 D7=0 A0=1094EE A1=3C0002 A2=33816 A3=108F6A A4=10947C A5=108000 A6=108E3C PC=33BC4 -- 033BC4: move.w  (A0)+, (A1)
D0=0 D1=60 D2=40 D3=0 D4=0 D5=0 D6=0 D7=0 A0=1094F0 A1=3C0002 A2=33816 A3=108F6A A4=10947C A5=108000 A6=108E3C PC=33BC6 -- 033BC6: move.w  (A0)+, (A1)
D0=0 D1=60 D2=40 D3=0 D4=0 D5=0 D6=0 D7=0 A0=1094F2 A1=3C0002 A2=33816 A3=108F6A A4=10947C A5=108000 A6=108E3C PC=33BC8 -- 033BC8: move.w  (A0)+, (A1)
D0=0 D1=60 D2=40 D3=0 D4=0 D5=0 D6=0 D7=0 A0=1094F4 A1=3C0002 A2=33816 A3=108F6A A4=10947C A5=108000 A6=108E3C PC=33BCA -- 033BCA: move.w  (A0)+, (A1)
D0=0 D1=60 D2=40 D3=0 D4=0 D5=0 D6=0 D7=0 A0=1094F6 A1=3C0002 A2=33816 A3=108F6A A4=10947C A5=108000 A6=108E3C PC=33BCC -- 033BCC: move.w  (A0)+, (A1)
D0=0 D1=60 D2=40 D3=0 D4=0 D5=0 D6=0 D7=0 A0=1094F8 A1=3C0002 A2=33816 A3=108F6A A4=10947C A5=108000 A6=108E3C PC=33BCE -- 033BCE: move.w  (A0)+, (A1)
D0=0 D1=60 D2=40 D3=0 D4=0 D5=0 D6=0 D7=0 A0=1094FA A1=3C0002 A2=33816 A3=108F6A A4=10947C A5=108000 A6=108E3C PC=33BD0 -- 033BD0: move.w  (A0)+, (A1)
D0=0 D1=60 D2=40 D3=0 D4=0 D5=0 D6=0 D7=0 A0=1094FC A1=3C0002 A2=33816 A3=108F6A A4=10947C A5=108000 A6=108E3C PC=33BD2 -- 033BD2: move.w  (A0)+, (A1)
D0=0 D1=60 D2=40 D3=0 D4=0 D5=0 D6=0 D7=0 A0=1094FE A1=3C0002 A2=33816 A3=108F6A A4=10947C A5=108000 A6=108E3C PC=33BD4 -- 033BD4: move.w  (A0)+, (A1)
D0=0 D1=60 D2=40 D3=0 D4=0 D5=0 D6=0 D7=0 A0=109500 A1=3C0002 A2=33816 A3=108F6A A4=10947C A5=108000 A6=108E3C PC=33BD6 -- 033BD6: move.w  (A0)+, (A1)
D0=0 D1=60 D2=40 D3=0 D4=0 D5=0 D6=0 D7=0 A0=109502 A1=3C0002 A2=33816 A3=108F6A A4=10947C A5=108000 A6=108E3C PC=33BD8 -- 033BD8: subq.b  #1, ($168e,A5)
D0=0 D1=60 D2=40 D3=0 D4=0 D5=0 D6=0 D7=0 A0=109502 A1=3C0002 A2=33816 A3=108F6A A4=10947C A5=108000 A6=108E3C PC=33BDC -- 033BDC: bne     $33b48
D0=0 D1=60 D2=40 D3=0 D4=0 D5=0 D6=0 D7=0 A0=109502 A1=3C0002 A2=33816 A3=108F6A A4=10947C A5=108000 A6=108E3C PC=33BE0 -- 033BE0: rts
D0=0 D1=60 D2=40 D3=0 D4=0 D5=0 D6=0 D7=0 A0=109502 A1=3C0002 A2=33816 A3=108F6A A4=10947C A5=108000 A6=108E3C PC=32BE4 -- 032BE4: jsr     $2bd7ac.l
D0=0 D1=60 D2=40 D3=0 D4=0 D5=0 D6=0 D7=0 A0=109502 A1=3C0002 A2=33816 A3=108F6A A4=10947C A5=108000 A6=108E3C PC=2BD7AC -- 2BD7AC: move.b  $10f8e4.l, D5
D0=0 D1=60 D2=40 D3=0 D4=0 D5=0 D6=0 D7=0 A0=109502 A1=3C0002 A2=33816 A3=108F6A A4=10947C A5=108000 A6=108E3C PC=2BD7B2 -- 2BD7B2: cmpi.b  #$1, D5
D0=0 D1=60 D2=40 D3=0 D4=0 D5=0 D6=0 D7=0 A0=109502 A1=3C0002 A2=33816 A3=108F6A A4=10947C A5=108000 A6=108E3C PC=2BD7B6 -- 2BD7B6: bne     $2bd7f4
D0=0 D1=60 D2=40 D3=0 D4=0 D5=0 D6=0 D7=0 A0=109502 A1=3C0002 A2=33816 A3=108F6A A4=10947C A5=108000 A6=108E3C PC=2BD7F4 -- 2BD7F4: jsr     $6536.l
D0=0 D1=60 D2=40 D3=0 D4=0 D5=0 D6=0 D7=0 A0=109502 A1=3C0002 A2=33816 A3=108F6A A4=10947C A5=108000 A6=108E3C PC=6536 -- 006536: moveq   #$0, D0
D0=0 D1=60 D2=40 D3=0 D4=0 D5=0 D6=0 D7=0 A0=109502 A1=3C0002 A2=33816 A3=108F6A A4=10947C A5=108000 A6=108E3C PC=6538 -- 006538: lea     ($38c4,A5), A0
D0=0 D1=60 D2=40 D3=0 D4=0 D5=0 D6=0 D7=0 A0=10B8C4 A1=3C0002 A2=33816 A3=108F6A A4=10947C A5=108000 A6=108E3C PC=653C -- 00653C: move.b  ($38bd,A5), D0
D0=20 D1=60 D2=40 D3=0 D4=0 D5=0 D6=0 D7=0 A0=10B8C4 A1=3C0002 A2=33816 A3=108F6A A4=10947C A5=108000 A6=108E3C PC=6540 -- 006540: cmp.b   ($38bc,A5), D0
D0=20 D1=60 D2=40 D3=0 D4=0 D5=0 D6=0 D7=0 A0=10B8C4 A1=3C0002 A2=33816 A3=108F6A A4=10947C A5=108000 A6=108E3C PC=6544 -- 006544: beq     $655c
D0=20 D1=60 D2=40 D3=0 D4=0 D5=0 D6=0 D7=0 A0=10B8C4 A1=3C0002 A2=33816 A3=108F6A A4=10947C A5=108000 A6=108E3C PC=6546 -- 006546: addq.b  #1, ($38bd,A5)
D0=20 D1=60 D2=40 D3=0 D4=0 D5=0 D6=0 D7=0 A0=10B8C4 A1=3C0002 A2=33816 A3=108F6A A4=10947C A5=108000 A6=108E3C PC=654A -- 00654A: move.b  (A0,D0.w), D0
D0=1C D1=60 D2=40 D3=0 D4=0 D5=0 D6=0 D7=0 A0=10B8C4 A1=3C0002 A2=33816 A3=108F6A A4=10947C A5=108000 A6=108E3C PC=654E -- 00654E: beq     $653c
D0=1C D1=60 D2=40 D3=0 D4=0 D5=0 D6=0 D7=0 A0=10B8C4 A1=3C0002 A2=33816 A3=108F6A A4=10947C A5=108000 A6=108E3C PC=6550 -- 006550: cmpi.b  #$1, D0
D0=1C D1=60 D2=40 D3=0 D4=0 D5=0 D6=0 D7=0 A0=10B8C4 A1=3C0002 A2=33816 A3=108F6A A4=10947C A5=108000 A6=108E3C PC=6554 -- 006554: beq     $655c
D0=1C D1=60 D2=40 D3=0 D4=0 D5=0 D6=0 D7=0 A0=10B8C4 A1=3C0002 A2=33816 A3=108F6A A4=10947C A5=108000 A6=108E3C PC=6556 -- 006556: jsr     $2bcbb2.l
D0=1C D1=60 D2=40 D3=0 D4=0 D5=0 D6=0 D7=0 A0=10B8C4 A1=3C0002 A2=33816 A3=108F6A A4=10947C A5=108000 A6=108E3C PC=2BCBB2 -- 2BCBB2: cmpi.b  #$1, $10f8e4.l
D0=1C D1=60 D2=40 D3=0 D4=0 D5=0 D6=0 D7=0 A0=10B8C4 A1=3C0002 A2=33816 A3=108F6A A4=10947C A5=108000 A6=108E3C PC=2BCBBA -- 2BCBBA: bne     $2bcbca
D0=1C D1=60 D2=40 D3=0 D4=0 D5=0 D6=0 D7=0 A0=10B8C4 A1=3C0002 A2=33816 A3=108F6A A4=10947C A5=108000 A6=108E3C PC=2BCBCA -- 2BCBCA: move.b  D0, $320000.l
D0=1C D1=60 D2=40 D3=0 D4=0 D5=0 D6=0 D7=0 A0=10B8C4 A1=3C0002 A2=33816 A3=108F6A A4=10947C A5=108000 A6=108E3C PC=2BCBD0 -- 2BCBD0: rts
D0=1C D1=60 D2=40 D3=0 D4=0 D5=0 D6=0 D7=0 A0=10B8C4 A1=3C0002 A2=33816 A3=108F6A A4=10947C A5=108000 A6=108E3C PC=655C -- 00655C: rts
D0=1C D1=60 D2=40 D3=0 D4=0 D5=0 D6=0 D7=0 A0=10B8C4 A1=3C0002 A2=33816 A3=108F6A A4=10947C A5=108000 A6=108E3C PC=2BD7FA -- 2BD7FA: rts
D0=1C D1=60 D2=40 D3=0 D4=0 D5=0 D6=0 D7=0 A0=10B8C4 A1=3C0002 A2=33816 A3=108F6A A4=10947C A5=108000 A6=108E3C PC=32BEA -- 032BEA: bsr     $32dca
D0=1C D1=60 D2=40 D3=0 D4=0 D5=0 D6=0 D7=0 A0=10B8C4 A1=3C0002 A2=33816 A3=108F6A A4=10947C A5=108000 A6=108E3C PC=32DCA -- 032DCA: move.b  $380000.l, D0
D0=FF D1=60 D2=40 D3=0 D4=0 D5=0 D6=0 D7=0 A0=10B8C4 A1=3C0002 A2=33816 A3=108F6A A4=10947C A5=108000 A6=108E3C PC=32DD0 -- 032DD0: not.b   D0
D0=0 D1=60 D2=40 D3=0 D4=0 D5=0 D6=0 D7=0 A0=10B8C4 A1=3C0002 A2=33816 A3=108F6A A4=10947C A5=108000 A6=108E3C PC=32DD2 -- 032DD2: move.b  ($39c6,A5), D1
D0=0 D1=1 D2=40 D3=0 D4=0 D5=0 D6=0 D7=0 A0=10B8C4 A1=3C0002 A2=33816 A3=108F6A A4=10947C A5=108000 A6=108E3C PC=32DD6 -- 032DD6: move.b  D0, ($39c6,A5)
D0=0 D1=1 D2=40 D3=0 D4=0 D5=0 D6=0 D7=0 A0=10B8C4 A1=3C0002 A2=33816 A3=108F6A A4=10947C A5=108000 A6=108E3C PC=32DDA -- 032DDA: move.b  D1, ($39c9,A5)
D0=0 D1=1 D2=40 D3=0 D4=0 D5=0 D6=0 D7=0 A0=10B8C4 A1=3C0002 A2=33816 A3=108F6A A4=10947C A5=108000 A6=108E3C PC=32DDE -- 032DDE: move.b  D1, D2
D0=0 D1=1 D2=1 D3=0 D4=0 D5=0 D6=0 D7=0 A0=10B8C4 A1=3C0002 A2=33816 A3=108F6A A4=10947C A5=108000 A6=108E3C PC=32DE0 -- 032DE0: and.b   D0, D1
D0=0 D1=0 D2=1 D3=0 D4=0 D5=0 D6=0 D7=0 A0=10B8C4 A1=3C0002 A2=33816 A3=108F6A A4=10947C A5=108000 A6=108E3C PC=32DE2 -- 032DE2: move.b  D1, ($39f5,A5)
D0=0 D1=0 D2=1 D3=0 D4=0 D5=0 D6=0 D7=0 A0=10B8C4 A1=3C0002 A2=33816 A3=108F6A A4=10947C A5=108000 A6=108E3C PC=32DE6 -- 032DE6: move.b  D2, D1
D0=0 D1=1 D2=1 D3=0 D4=0 D5=0 D6=0 D7=0 A0=10B8C4 A1=3C0002 A2=33816 A3=108F6A A4=10947C A5=108000 A6=108E3C PC=32DE8 -- 032DE8: eor.b   D0, D1
D0=0 D1=1 D2=1 D3=0 D4=0 D5=0 D6=0 D7=0 A0=10B8C4 A1=3C0002 A2=33816 A3=108F6A A4=10947C A5=108000 A6=108E3C PC=32DEA -- 032DEA: and.b   D1, D2
D0=0 D1=1 D2=1 D3=0 D4=0 D5=0 D6=0 D7=0 A0=10B8C4 A1=3C0002 A2=33816 A3=108F6A A4=10947C A5=108000 A6=108E3C PC=32DEC -- 032DEC: move.b  D2, ($39f7,A5)
D0=0 D1=1 D2=1 D3=0 D4=0 D5=0 D6=0 D7=0 A0=10B8C4 A1=3C0002 A2=33816 A3=108F6A A4=10947C A5=108000 A6=108E3C PC=32DF0 -- 032DF0: and.b   D1, D0
D0=0 D1=1 D2=1 D3=0 D4=0 D5=0 D6=0 D7=0 A0=10B8C4 A1=3C0002 A2=33816 A3=108F6A A4=10947C A5=108000 A6=108E3C PC=32DF2 -- 032DF2: move.b  D0, ($39f6,A5)
D0=0 D1=1 D2=1 D3=0 D4=0 D5=0 D6=0 D7=0 A0=10B8C4 A1=3C0002 A2=33816 A3=108F6A A4=10947C A5=108000 A6=108E3C PC=32DF6 -- 032DF6: lea     ($39f9,A5), A0
D0=0 D1=1 D2=1 D3=0 D4=0 D5=0 D6=0 D7=0 A0=10B9F9 A1=3C0002 A2=33816 A3=108F6A A4=10947C A5=108000 A6=108E3C PC=32DFA -- 032DFA: lea     ($39f8,A5), A1
D0=0 D1=1 D2=1 D3=0 D4=0 D5=0 D6=0 D7=0 A0=10B9F9 A1=10B9F8 A2=33816 A3=108F6A A4=10947C A5=108000 A6=108E3C PC=32DFE -- 032DFE: move.b  ($39f5,A5), D0
D0=0 D1=1 D2=1 D3=0 D4=0 D5=0 D6=0 D7=0 A0=10B9F9 A1=10B9F8 A2=33816 A3=108F6A A4=10947C A5=108000 A6=108E3C PC=32E02 -- 032E02: bsr     $32e08
D0=0 D1=1 D2=1 D3=0 D4=0 D5=0 D6=0 D7=0 A0=10B9F9 A1=10B9F8 A2=33816 A3=108F6A A4=10947C A5=108000 A6=108E3C PC=32E08 -- 032E08: moveq   #$7, D1
D0=0 D1=7 D2=1 D3=0 D4=0 D5=0 D6=0 D7=0 A0=10B9F9 A1=10B9F8 A2=33816 A3=108F6A A4=10947C A5=108000 A6=108E3C PC=32E0A -- 032E0A: move.b  (-$2,A1), (A1)
D0=0 D1=7 D2=1 D3=0 D4=0 D5=0 D6=0 D7=0 A0=10B9F9 A1=10B9F8 A2=33816 A3=108F6A A4=10947C A5=108000 A6=108E3C PC=32E0E -- 032E0E: addq.b  #1, (A0)+
D0=0 D1=7 D2=1 D3=0 D4=0 D5=0 D6=0 D7=0 A0=10B9FA A1=10B9F8 A2=33816 A3=108F6A A4=10947C A5=108000 A6=108E3C PC=32E10 -- 032E10: bne     $32e18
D0=0 D1=7 D2=1 D3=0 D4=0 D5=0 D6=0 D7=0 A0=10B9FA A1=10B9F8 A2=33816 A3=108F6A A4=10947C A5=108000 A6=108E3C PC=32E18 -- 032E18: rol.b   #1, D0
D0=0 D1=7 D2=1 D3=0 D4=0 D5=0 D6=0 D7=0 A0=10B9FA A1=10B9F8 A2=33816 A3=108F6A A4=10947C A5=108000 A6=108E3C PC=32E1A -- 032E1A: bcs     $32e20
D0=0 D1=7 D2=1 D3=0 D4=0 D5=0 D6=0 D7=0 A0=10B9FA A1=10B9F8 A2=33816 A3=108F6A A4=10947C A5=108000 A6=108E3C PC=32E1C -- 032E1C: clr.b   (-$1,A0)
D0=0 D1=7 D2=1 D3=0 D4=0 D5=0 D6=0 D7=0 A0=10B9FA A1=10B9F8 A2=33816 A3=108F6A A4=10947C A5=108000 A6=108E3C PC=32E20 -- 032E20: move.b  (-$1,A0), D5
D0=0 D1=7 D2=1 D3=0 D4=0 D5=0 D6=0 D7=0 A0=10B9FA A1=10B9F8 A2=33816 A3=108F6A A4=10947C A5=108000 A6=108E3C PC=32E24 -- 032E24: cmp.b   ($3a05,A5), D5
D0=0 D1=7 D2=1 D3=0 D4=0 D5=0 D6=0 D7=0 A0=10B9FA A1=10B9F8 A2=33816 A3=108F6A A4=10947C A5=108000 A6=108E3C PC=32E28 -- 032E28: bls     $32e3a
D0=0 D1=7 D2=1 D3=0 D4=0 D5=0 D6=0 D7=0 A0=10B9FA A1=10B9F8 A2=33816 A3=108F6A A4=10947C A5=108000 A6=108E3C PC=32E3A -- 032E3A: dbra    D1, $32e0e
D0=0 D1=6 D2=1 D3=0 D4=0 D5=0 D6=0 D7=0 A0=10B9FA A1=10B9F8 A2=33816 A3=108F6A A4=10947C A5=108000 A6=108E3C PC=32E0E -- 032E0E: addq.b  #1, (A0)+
D0=0 D1=6 D2=1 D3=0 D4=0 D5=0 D6=0 D7=0 A0=10B9FB A1=10B9F8 A2=33816 A3=108F6A A4=10947C A5=108000 A6=108E3C PC=32E10 -- 032E10: bne     $32e18
D0=0 D1=6 D2=1 D3=0 D4=0 D5=0 D6=0 D7=0 A0=10B9FB A1=10B9F8 A2=33816 A3=108F6A A4=10947C A5=108000 A6=108E3C PC=32E18 -- 032E18: rol.b   #1, D0
D0=0 D1=6 D2=1 D3=0 D4=0 D5=0 D6=0 D7=0 A0=10B9FB A1=10B9F8 A2=33816 A3=108F6A A4=10947C A5=108000 A6=108E3C PC=32E1A -- 032E1A: bcs     $32e20
D0=0 D1=6 D2=1 D3=0 D4=0 D5=0 D6=0 D7=0 A0=10B9FB A1=10B9F8 A2=33816 A3=108F6A A4=10947C A5=108000 A6=108E3C PC=32E1C -- 032E1C: clr.b   (-$1,A0)
D0=0 D1=6 D2=1 D3=0 D4=0 D5=0 D6=0 D7=0 A0=10B9FB A1=10B9F8 A2=33816 A3=108F6A A4=10947C A5=108000 A6=108E3C PC=32E20 -- 032E20: move.b  (-$1,A0), D5
D0=0 D1=6 D2=1 D3=0 D4=0 D5=0 D6=0 D7=0 A0=10B9FB A1=10B9F8 A2=33816 A3=108F6A A4=10947C A5=108000 A6=108E3C PC=32E24 -- 032E24: cmp.b   ($3a05,A5), D5
D0=0 D1=6 D2=1 D3=0 D4=0 D5=0 D6=0 D7=0 A0=10B9FB A1=10B9F8 A2=33816 A3=108F6A A4=10947C A5=108000 A6=108E3C PC=32E28 -- 032E28: bls     $32e3a
D0=0 D1=6 D2=1 D3=0 D4=0 D5=0 D6=0 D7=0 A0=10B9FB A1=10B9F8 A2=33816 A3=108F6A A4=10947C A5=108000 A6=108E3C PC=32E3A -- 032E3A: dbra    D1, $32e0e

   (loops for 54 instructions)

D0=0 D1=FFFF D2=1 D3=0 D4=0 D5=0 D6=0 D7=0 A0=10BA01 A1=10B9F8 A2=33816 A3=108F6A A4=10947C A5=108000 A6=108E3C PC=32E3E -- 032E3E: rts
D0=0 D1=FFFF D2=1 D3=0 D4=0 D5=0 D6=0 D7=0 A0=10BA01 A1=10B9F8 A2=33816 A3=108F6A A4=10947C A5=108000 A6=108E3C PC=32E06 -- 032E06: rts
D0=0 D1=FFFF D2=1 D3=0 D4=0 D5=0 D6=0 D7=0 A0=10BA01 A1=10B9F8 A2=33816 A3=108F6A A4=10947C A5=108000 A6=108E3C PC=32BEE -- 032BEE: jsr     $c0044a.l
D0=0 D1=FFFF D2=1 D3=0 D4=0 D5=0 D6=0 D7=0 A0=10BA01 A1=10B9F8 A2=33816 A3=108F6A A4=10947C A5=108000 A6=108E3C PC=C0044A -- C0044A: jmp     $c01fb8.l
D0=0 D1=FFFF D2=1 D3=0 D4=0 D5=0 D6=0 D7=0 A0=10BA01 A1=10B9F8 A2=33816 A3=108F6A A4=10947C A5=108000 A6=108E3C PC=C01FB8 -- C01FB8: bsr     $c01f80
D0=0 D1=FFFF D2=1 D3=0 D4=0 D5=0 D6=0 D7=0 A0=10BA01 A1=10B9F8 A2=33816 A3=108F6A A4=10947C A5=108000 A6=108E3C PC=C01F80 -- C01F80: cmpi.w  #$4, $10fe2e.l
D0=0 D1=FFFF D2=1 D3=0 D4=0 D5=0 D6=0 D7=0 A0=10BA01 A1=10B9F8 A2=33816 A3=108F6A A4=10947C A5=108000 A6=108E3C PC=C01F88 -- C01F88: beq     $c01fa8
D0=0 D1=FFFF D2=1 D3=0 D4=0 D5=0 D6=0 D7=0 A0=10BA01 A1=10B9F8 A2=33816 A3=108F6A A4=10947C A5=108000 A6=108E3C PC=C01F8A -- C01F8A: move.w  $10fe32.l, $10fd82.l
D0=0 D1=FFFF D2=1 D3=0 D4=0 D5=0 D6=0 D7=0 A0=10BA01 A1=10B9F8 A2=33816 A3=108F6A A4=10947C A5=108000 A6=108E3C PC=C01F94 -- C01F94: cmpi.w  #$7070, $10fe82.l
D0=0 D1=FFFF D2=1 D3=0 D4=0 D5=0 D6=0 D7=0 A0=10BA01 A1=10B9F8 A2=33816 A3=108F6A A4=10947C A5=108000 A6=108E3C PC=C01F9C -- C01F9C: bne     $c01fa8
D0=0 D1=FFFF D2=1 D3=0 D4=0 D5=0 D6=0 D7=0 A0=10BA01 A1=10B9F8 A2=33816 A3=108F6A A4=10947C A5=108000 A6=108E3C PC=C01FA8 -- C01FA8: rts
D0=0 D1=FFFF D2=1 D3=0 D4=0 D5=0 D6=0 D7=0 A0=10BA01 A1=10B9F8 A2=33816 A3=108F6A A4=10947C A5=108000 A6=108E3C PC=C01FBA -- C01FBA: jmp     $c1167a.l
D0=0 D1=FFFF D2=1 D3=0 D4=0 D5=0 D6=0 D7=0 A0=10BA01 A1=10B9F8 A2=33816 A3=108F6A A4=10947C A5=108000 A6=108E3C PC=C1167A -- C1167A: jsr     $c04300.l
D0=0 D1=FFFF D2=1 D3=0 D4=0 D5=0 D6=0 D7=0 A0=10BA01 A1=10B9F8 A2=33816 A3=108F6A A4=10947C A5=108000 A6=108E3C PC=C04300 -- C04300: lea     $10f300.l, A5
D0=0 D1=FFFF D2=1 D3=0 D4=0 D5=0 D6=0 D7=0 A0=10BA01 A1=10B9F8 A2=33816 A3=108F6A A4=10947C A5=10F300 A6=108E3C PC=C04306 -- C04306: tst.b   $10fe8d.l
D0=0 D1=FFFF D2=1 D3=0 D4=0 D5=0 D6=0 D7=0 A0=10BA01 A1=10B9F8 A2=33816 A3=108F6A A4=10947C A5=10F300 A6=108E3C PC=C0430C -- C0430C: bne     $c04352
D0=0 D1=FFFF D2=1 D3=0 D4=0 D5=0 D6=0 D7=0 A0=10BA01 A1=10B9F8 A2=33816 A3=108F6A A4=10947C A5=10F300 A6=108E3C PC=C0430E -- C0430E: move.b  $380000.l, D0
D0=FF D1=FFFF D2=1 D3=0 D4=0 D5=0 D6=0 D7=0 A0=10BA01 A1=10B9F8 A2=33816 A3=108F6A A4=10947C A5=10F300 A6=108E3C PC=C04314 -- C04314: andi.b  #$30, D0
D0=30 D1=FFFF D2=1 D3=0 D4=0 D5=0 D6=0 D7=0 A0=10BA01 A1=10B9F8 A2=33816 A3=108F6A A4=10947C A5=10F300 A6=108E3C PC=C04318 -- C04318: bne     $c04352
D0=30 D1=FFFF D2=1 D3=0 D4=0 D5=0 D6=0 D7=0 A0=10BA01 A1=10B9F8 A2=33816 A3=108F6A A4=10947C A5=10F300 A6=108E3C PC=C04352 -- C04352: rts
D0=30 D1=FFFF D2=1 D3=0 D4=0 D5=0 D6=0 D7=0 A0=10BA01 A1=10B9F8 A2=33816 A3=108F6A A4=10947C A5=10F300 A6=108E3C PC=C11680 -- C11680: addq.l  #1, ($b88,A5)
D0=30 D1=FFFF D2=1 D3=0 D4=0 D5=0 D6=0 D7=0 A0=10BA01 A1=10B9F8 A2=33816 A3=108F6A A4=10947C A5=10F300 A6=108E3C PC=C11684 -- C11684: jsr     ($102e,PC) ; ($c126b4)
D0=30 D1=FFFF D2=1 D3=0 D4=0 D5=0 D6=0 D7=0 A0=10BA01 A1=10B9F8 A2=33816 A3=108F6A A4=10947C A5=10F300 A6=108E3C PC=C126B4 -- C126B4: tst.b   ($a82,A5)
D0=30 D1=FFFF D2=1 D3=0 D4=0 D5=0 D6=0 D7=0 A0=10BA01 A1=10B9F8 A2=33816 A3=108F6A A4=10947C A5=10F300 A6=108E3C PC=C126B8 -- C126B8: bne     $c126bc
D0=30 D1=FFFF D2=1 D3=0 D4=0 D5=0 D6=0 D7=0 A0=10BA01 A1=10B9F8 A2=33816 A3=108F6A A4=10947C A5=10F300 A6=108E3C PC=C126BC -- C126BC: cmpi.b  #$1, ($a81,A5)
D0=30 D1=FFFF D2=1 D3=0 D4=0 D5=0 D6=0 D7=0 A0=10BA01 A1=10B9F8 A2=33816 A3=108F6A A4=10947C A5=10F300 A6=108E3C PC=C126C2 -- C126C2: bra     $c126ea
D0=30 D1=FFFF D2=1 D3=0 D4=0 D5=0 D6=0 D7=0 A0=10BA01 A1=10B9F8 A2=33816 A3=108F6A A4=10947C A5=10F300 A6=108E3C PC=C126EA -- C126EA: tst.b   ($bbb,A5)
D0=30 D1=FFFF D2=1 D3=0 D4=0 D5=0 D6=0 D7=0 A0=10BA01 A1=10B9F8 A2=33816 A3=108F6A A4=10947C A5=10F300 A6=108E3C PC=C126EE -- C126EE: bne     $c126f8
D0=30 D1=FFFF D2=1 D3=0 D4=0 D5=0 D6=0 D7=0 A0=10BA01 A1=10B9F8 A2=33816 A3=108F6A A4=10947C A5=10F300 A6=108E3C PC=C126F0 -- C126F0: move.b  #$ff, $380031.l
D0=30 D1=FFFF D2=1 D3=0 D4=0 D5=0 D6=0 D7=0 A0=10BA01 A1=10B9F8 A2=33816 A3=108F6A A4=10947C A5=10F300 A6=108E3C PC=C126F8 -- C126F8: tst.b   ($a81,A5)
D0=30 D1=FFFF D2=1 D3=0 D4=0 D5=0 D6=0 D7=0 A0=10BA01 A1=10B9F8 A2=33816 A3=108F6A A4=10947C A5=10F300 A6=108E3C PC=C126FC -- C126FC: beq     $c12732
D0=30 D1=FFFF D2=1 D3=0 D4=0 D5=0 D6=0 D7=0 A0=10BA01 A1=10B9F8 A2=33816 A3=108F6A A4=10947C A5=10F300 A6=108E3C PC=C126FE -- C126FE: btst    #$4, $d00038.l
D0=30 D1=FFFF D2=1 D3=0 D4=0 D5=0 D6=0 D7=0 A0=10BA01 A1=10B9F8 A2=33816 A3=108F6A A4=10947C A5=10F300 A6=108E3C PC=C12706 -- C12706: bne     $c12732
D0=30 D1=FFFF D2=1 D3=0 D4=0 D5=0 D6=0 D7=0 A0=10BA01 A1=10B9F8 A2=33816 A3=108F6A A4=10947C A5=10F300 A6=108E3C PC=C12708 -- C12708: jsr     ($30e,PC) ; ($c12a18)
D0=30 D1=FFFF D2=1 D3=0 D4=0 D5=0 D6=0 D7=0 A0=10BA01 A1=10B9F8 A2=33816 A3=108F6A A4=10947C A5=10F300 A6=108E3C PC=C12A18 -- C12A18: cmpi.b  #$1, ($a81,A5)
D0=30 D1=FFFF D2=1 D3=0 D4=0 D5=0 D6=0 D7=0 A0=10BA01 A1=10B9F8 A2=33816 A3=108F6A A4=10947C A5=10F300 A6=108E3C PC=C12A1E -- C12A1E: beq     $c12a28
D0=30 D1=FFFF D2=1 D3=0 D4=0 D5=0 D6=0 D7=0 A0=10BA01 A1=10B9F8 A2=33816 A3=108F6A A4=10947C A5=10F300 A6=108E3C PC=C12A20 -- C12A20: cmpi.b  #$1, ($aaf,A5)
D0=30 D1=FFFF D2=1 D3=0 D4=0 D5=0 D6=0 D7=0 A0=10BA01 A1=10B9F8 A2=33816 A3=108F6A A4=10947C A5=10F300 A6=108E3C PC=C12A26 -- C12A26: bne     $c12a34
D0=30 D1=FFFF D2=1 D3=0 D4=0 D5=0 D6=0 D7=0 A0=10BA01 A1=10B9F8 A2=33816 A3=108F6A A4=10947C A5=10F300 A6=108E3C PC=C12A34 -- C12A34: rts
D0=30 D1=FFFF D2=1 D3=0 D4=0 D5=0 D6=0 D7=0 A0=10BA01 A1=10B9F8 A2=33816 A3=108F6A A4=10947C A5=10F300 A6=108E3C PC=C1270C -- C1270C: jsr     $c1bac0.l
D0=30 D1=FFFF D2=1 D3=0 D4=0 D5=0 D6=0 D7=0 A0=10BA01 A1=10B9F8 A2=33816 A3=108F6A A4=10947C A5=10F300 A6=108E3C PC=C1BAC0 -- C1BAC0: btst    #$2, $10fe35.l
D0=30 D1=FFFF D2=1 D3=0 D4=0 D5=0 D6=0 D7=0 A0=10BA01 A1=10B9F8 A2=33816 A3=108F6A A4=10947C A5=10F300 A6=108E3C PC=C1BAC8 -- C1BAC8: bne     $c1bad2
D0=30 D1=FFFF D2=1 D3=0 D4=0 D5=0 D6=0 D7=0 A0=10BA01 A1=10B9F8 A2=33816 A3=108F6A A4=10947C A5=10F300 A6=108E3C PC=C1BACA -- C1BACA: move.b  $300001.l, D0
D0=FF D1=FFFF D2=1 D3=0 D4=0 D5=0 D6=0 D7=0 A0=10BA01 A1=10B9F8 A2=33816 A3=108F6A A4=10947C A5=10F300 A6=108E3C PC=C1BAD0 -- C1BAD0: rts
D0=FF D1=FFFF D2=1 D3=0 D4=0 D5=0 D6=0 D7=0 A0=10BA01 A1=10B9F8 A2=33816 A3=108F6A A4=10947C A5=10F300 A6=108E3C PC=C12712 -- C12712: andi.b  #$80, D0
D0=80 D1=FFFF D2=1 D3=0 D4=0 D5=0 D6=0 D7=0 A0=10BA01 A1=10B9F8 A2=33816 A3=108F6A A4=10947C A5=10F300 A6=108E3C PC=C12716 -- C12716: bne     $c12732
D0=80 D1=FFFF D2=1 D3=0 D4=0 D5=0 D6=0 D7=0 A0=10BA01 A1=10B9F8 A2=33816 A3=108F6A A4=10947C A5=10F300 A6=108E3C PC=C12732 -- C12732: move.b  D0, $3a001d.l
D0=80 D1=FFFF D2=1 D3=0 D4=0 D5=0 D6=0 D7=0 A0=10BA01 A1=10B9F8 A2=33816 A3=108F6A A4=10947C A5=10F300 A6=108E3C PC=C12738 -- C12738: lea     $d08000.l, A4
D0=80 D1=FFFF D2=1 D3=0 D4=0 D5=0 D6=0 D7=0 A0=10BA01 A1=10B9F8 A2=33816 A3=108F6A A4=D08000 A5=10F300 A6=108E3C PC=C1273E -- C1273E: jsr     $c1bb08.l
D0=80 D1=FFFF D2=1 D3=0 D4=0 D5=0 D6=0 D7=0 A0=10BA01 A1=10B9F8 A2=33816 A3=108F6A A4=D08000 A5=10F300 A6=108E3C PC=C1BB08 -- C1BB08: move.b  #$ff, D0
D0=FF D1=FFFF D2=1 D3=0 D4=0 D5=0 D6=0 D7=0 A0=10BA01 A1=10B9F8 A2=33816 A3=108F6A A4=D08000 A5=10F300 A6=108E3C PC=C1BB0C -- C1BB0C: btst    #$2, $10fe35.l
D0=FF D1=FFFF D2=1 D3=0 D4=0 D5=0 D6=0 D7=0 A0=10BA01 A1=10B9F8 A2=33816 A3=108F6A A4=D08000 A5=10F300 A6=108E3C PC=C1BB14 -- C1BB14: bne     $c1bb1c
D0=FF D1=FFFF D2=1 D3=0 D4=0 D5=0 D6=0 D7=0 A0=10BA01 A1=10B9F8 A2=33816 A3=108F6A A4=D08000 A5=10F300 A6=108E3C PC=C1BB16 -- C1BB16: move.b  $300081.l, D0
D0=80 D1=FFFF D2=1 D3=0 D4=0 D5=0 D6=0 D7=0 A0=10BA01 A1=10B9F8 A2=33816 A3=108F6A A4=D08000 A5=10F300 A6=108E3C PC=C1BB1C -- C1BB1C: rts
D0=80 D1=FFFF D2=1 D3=0 D4=0 D5=0 D6=0 D7=0 A0=10BA01 A1=10B9F8 A2=33816 A3=108F6A A4=D08000 A5=10F300 A6=108E3C PC=C12744 -- C12744: not.b   D0
D0=7F D1=FFFF D2=1 D3=0 D4=0 D5=0 D6=0 D7=0 A0=10BA01 A1=10B9F8 A2=33816 A3=108F6A A4=D08000 A5=10F300 A6=108E3C PC=C12746 -- C12746: move.b  ($bde,A5), D1
D0=7F D1=FF7F D2=1 D3=0 D4=0 D5=0 D6=0 D7=0 A0=10BA01 A1=10B9F8 A2=33816 A3=108F6A A4=D08000 A5=10F300 A6=108E3C PC=C1274A -- C1274A: move.b  D0, ($bde,A5)
D0=7F D1=FF7F D2=1 D3=0 D4=0 D5=0 D6=0 D7=0 A0=10BA01 A1=10B9F8 A2=33816 A3=108F6A A4=D08000 A5=10F300 A6=108E3C PC=C1274E -- C1274E: eor.b   D0, D1
D0=7F D1=FF00 D2=1 D3=0 D4=0 D5=0 D6=0 D7=0 A0=10BA01 A1=10B9F8 A2=33816 A3=108F6A A4=D08000 A5=10F300 A6=108E3C PC=C12750 -- C12750: and.b   D0, D1
D0=7F D1=FF00 D2=1 D3=0 D4=0 D5=0 D6=0 D7=0 A0=10BA01 A1=10B9F8 A2=33816 A3=108F6A A4=D08000 A5=10F300 A6=108E3C PC=C12752 -- C12752: move.b  D1, ($bdf,A5)
D0=7F D1=FF00 D2=1 D3=0 D4=0 D5=0 D6=0 D7=0 A0=10BA01 A1=10B9F8 A2=33816 A3=108F6A A4=D08000 A5=10F300 A6=108E3C PC=C12756 -- C12756: tst.b   ($a81,A5)
D0=7F D1=FF00 D2=1 D3=0 D4=0 D5=0 D6=0 D7=0 A0=10BA01 A1=10B9F8 A2=33816 A3=108F6A A4=D08000 A5=10F300 A6=108E3C PC=C1275A -- C1275A: beq     $c12768
D0=7F D1=FF00 D2=1 D3=0 D4=0 D5=0 D6=0 D7=0 A0=10BA01 A1=10B9F8 A2=33816 A3=108F6A A4=D08000 A5=10F300 A6=108E3C PC=C1275C -- C1275C: btst    #$7, D1
D0=7F D1=FF00 D2=1 D3=0 D4=0 D5=0 D6=0 D7=0 A0=10BA01 A1=10B9F8 A2=33816 A3=108F6A A4=D08000 A5=10F300 A6=108E3C PC=C12760 -- C12760: beq     $c12768
D0=7F D1=FF00 D2=1 D3=0 D4=0 D5=0 D6=0 D7=0 A0=10BA01 A1=10B9F8 A2=33816 A3=108F6A A4=D08000 A5=10F300 A6=108E3C PC=C12768 -- C12768: jsr     $c1b8f8.l
D0=7F D1=FF00 D2=1 D3=0 D4=0 D5=0 D6=0 D7=0 A0=10BA01 A1=10B9F8 A2=33816 A3=108F6A A4=D08000 A5=10F300 A6=108E3C PC=C1B8F8 -- C1B8F8: move.b  $320001.l, D0
D0=1F D1=FF00 D2=1 D3=0 D4=0 D5=0 D6=0 D7=0 A0=10BA01 A1=10B9F8 A2=33816 A3=108F6A A4=D08000 A5=10F300 A6=108E3C PC=C1B8FE -- C1B8FE: move.w  $10fe34.l, D1
D0=1F D1=100 D2=1 D3=0 D4=0 D5=0 D6=0 D7=0 A0=10BA01 A1=10B9F8 A2=33816 A3=108F6A A4=D08000 A5=10F300 A6=108E3C PC=C1B904 -- C1B904: btst    #$2, D1
D0=1F D1=100 D2=1 D3=0 D4=0 D5=0 D6=0 D7=0 A0=10BA01 A1=10B9F8 A2=33816 A3=108F6A A4=D08000 A5=10F300 A6=108E3C PC=C1B908 -- C1B908: beq     $c1b90c
D0=1F D1=100 D2=1 D3=0 D4=0 D5=0 D6=0 D7=0 A0=10BA01 A1=10B9F8 A2=33816 A3=108F6A A4=D08000 A5=10F300 A6=108E3C PC=C1B90C -- C1B90C: tst.b   $10fe8d.l
D0=1F D1=100 D2=1 D3=0 D4=0 D5=0 D6=0 D7=0 A0=10BA01 A1=10B9F8 A2=33816 A3=108F6A A4=D08000 A5=10F300 A6=108E3C PC=C1B912 -- C1B912: bne     $c1b8f4
D0=1F D1=100 D2=1 D3=0 D4=0 D5=0 D6=0 D7=0 A0=10BA01 A1=10B9F8 A2=33816 A3=108F6A A4=D08000 A5=10F300 A6=108E3C PC=C1B914 -- C1B914: move.b  $380000.l, D2
D0=1F D1=100 D2=FF D3=0 D4=0 D5=0 D6=0 D7=0 A0=10BA01 A1=10B9F8 A2=33816 A3=108F6A A4=D08000 A5=10F300 A6=108E3C PC=C1B91A -- C1B91A: btst    #$9, D1
D0=1F D1=100 D2=FF D3=0 D4=0 D5=0 D6=0 D7=0 A0=10BA01 A1=10B9F8 A2=33816 A3=108F6A A4=D08000 A5=10F300 A6=108E3C PC=C1B91E -- C1B91E: bne     $c1b92c
D0=1F D1=100 D2=FF D3=0 D4=0 D5=0 D6=0 D7=0 A0=10BA01 A1=10B9F8 A2=33816 A3=108F6A A4=D08000 A5=10F300 A6=108E3C PC=C1B920 -- C1B920: btst    #$0, D2
D0=1F D1=100 D2=FF D3=0 D4=0 D5=0 D6=0 D7=0 A0=10BA01 A1=10B9F8 A2=33816 A3=108F6A A4=D08000 A5=10F300 A6=108E3C PC=C1B924 -- C1B924: bne     $c1b92c
D0=1F D1=100 D2=FF D3=0 D4=0 D5=0 D6=0 D7=0 A0=10BA01 A1=10B9F8 A2=33816 A3=108F6A A4=D08000 A5=10F300 A6=108E3C PC=C1B92C -- C1B92C: btst    #$1, D1
D0=1F D1=100 D2=FF D3=0 D4=0 D5=0 D6=0 D7=0 A0=10BA01 A1=10B9F8 A2=33816 A3=108F6A A4=D08000 A5=10F300 A6=108E3C PC=C1B930 -- C1B930: bne     $c1b94c
D0=1F D1=100 D2=FF D3=0 D4=0 D5=0 D6=0 D7=0 A0=10BA01 A1=10B9F8 A2=33816 A3=108F6A A4=D08000 A5=10F300 A6=108E3C PC=C1B932 -- C1B932: btst    #$a, D1
D0=1F D1=100 D2=FF D3=0 D4=0 D5=0 D6=0 D7=0 A0=10BA01 A1=10B9F8 A2=33816 A3=108F6A A4=D08000 A5=10F300 A6=108E3C PC=C1B936 -- C1B936: bne     $c1b94c
D0=1F D1=100 D2=FF D3=0 D4=0 D5=0 D6=0 D7=0 A0=10BA01 A1=10B9F8 A2=33816 A3=108F6A A4=D08000 A5=10F300 A6=108E3C PC=C1B938 -- C1B938: btst    #$1, D2
D0=1F D1=100 D2=FF D3=0 D4=0 D5=0 D6=0 D7=0 A0=10BA01 A1=10B9F8 A2=33816 A3=108F6A A4=D08000 A5=10F300 A6=108E3C PC=C1B93C -- C1B93C: bne     $c1b942
D0=1F D1=100 D2=FF D3=0 D4=0 D5=0 D6=0 D7=0 A0=10BA01 A1=10B9F8 A2=33816 A3=108F6A A4=D08000 A5=10F300 A6=108E3C PC=C1B942 -- C1B942: btst    #$3, D2
D0=1F D1=100 D2=FF D3=0 D4=0 D5=0 D6=0 D7=0 A0=10BA01 A1=10B9F8 A2=33816 A3=108F6A A4=D08000 A5=10F300 A6=108E3C PC=C1B946 -- C1B946: bne     $c1b94c
D0=1F D1=100 D2=FF D3=0 D4=0 D5=0 D6=0 D7=0 A0=10BA01 A1=10B9F8 A2=33816 A3=108F6A A4=D08000 A5=10F300 A6=108E3C PC=C1B94C -- C1B94C: bra     $c1c116
D0=1F D1=100 D2=FF D3=0 D4=0 D5=0 D6=0 D7=0 A0=10BA01 A1=10B9F8 A2=33816 A3=108F6A A4=D08000 A5=10F300 A6=108E3C PC=C1C116 -- C1C116: btst    #$2, D2
D0=1F D1=100 D2=FF D3=0 D4=0 D5=0 D6=0 D7=0 A0=10BA01 A1=10B9F8 A2=33816 A3=108F6A A4=D08000 A5=10F300 A6=108E3C PC=C1C11A -- C1C11A: bne     $c1c144
D0=1F D1=100 D2=FF D3=0 D4=0 D5=0 D6=0 D7=0 A0=10BA01 A1=10B9F8 A2=33816 A3=108F6A A4=D08000 A5=10F300 A6=108E3C PC=C1C144 -- C1C144: rts
D0=1F D1=100 D2=FF D3=0 D4=0 D5=0 D6=0 D7=0 A0=10BA01 A1=10B9F8 A2=33816 A3=108F6A A4=D08000 A5=10F300 A6=108E3C PC=C1276E -- C1276E: not.b   D0
D0=E0 D1=100 D2=FF D3=0 D4=0 D5=0 D6=0 D7=0 A0=10BA01 A1=10B9F8 A2=33816 A3=108F6A A4=D08000 A5=10F300 A6=108E3C PC=C12770 -- C12770: move.b  ($b20,A5), D2
D0=E0 D1=100 D2=E0 D3=0 D4=0 D5=0 D6=0 D7=0 A0=10BA01 A1=10B9F8 A2=33816 A3=108F6A A4=D08000 A5=10F300 A6=108E3C PC=C12774 -- C12774: move.b  ($b21,A5), D1
D0=E0 D1=1E0 D2=E0 D3=0 D4=0 D5=0 D6=0 D7=0 A0=10BA01 A1=10B9F8 A2=33816 A3=108F6A A4=D08000 A5=10F300 A6=108E3C PC=C12778 -- C12778: move.b  D1, ($b20,A5)
D0=E0 D1=1E0 D2=E0 D3=0 D4=0 D5=0 D6=0 D7=0 A0=10BA01 A1=10B9F8 A2=33816 A3=108F6A A4=D08000 A5=10F300 A6=108E3C PC=C1277C -- C1277C: move.b  D0, ($b21,A5)
D0=E0 D1=1E0 D2=E0 D3=0 D4=0 D5=0 D6=0 D7=0 A0=10BA01 A1=10B9F8 A2=33816 A3=108F6A A4=D08000 A5=10F300 A6=108E3C PC=C12780 -- C12780: or.b    D1, D2
D0=E0 D1=1E0 D2=E0 D3=0 D4=0 D5=0 D6=0 D7=0 A0=10BA01 A1=10B9F8 A2=33816 A3=108F6A A4=D08000 A5=10F300 A6=108E3C PC=C12782 -- C12782: not.b   D2
D0=E0 D1=1E0 D2=1F D3=0 D4=0 D5=0 D6=0 D7=0 A0=10BA01 A1=10B9F8 A2=33816 A3=108F6A A4=D08000 A5=10F300 A6=108E3C PC=C12784 -- C12784: eor.b   D0, D1
D0=E0 D1=100 D2=1F D3=0 D4=0 D5=0 D6=0 D7=0 A0=10BA01 A1=10B9F8 A2=33816 A3=108F6A A4=D08000 A5=10F300 A6=108E3C PC=C12786 -- C12786: and.b   D0, D1
D0=E0 D1=100 D2=1F D3=0 D4=0 D5=0 D6=0 D7=0 A0=10BA01 A1=10B9F8 A2=33816 A3=108F6A A4=D08000 A5=10F300 A6=108E3C PC=C12788 -- C12788: move.b  D1, ($b22,A5)
D0=E0 D1=100 D2=1F D3=0 D4=0 D5=0 D6=0 D7=0 A0=10BA01 A1=10B9F8 A2=33816 A3=108F6A A4=D08000 A5=10F300 A6=108E3C PC=C1278C -- C1278C: and.b   D0, D2
D0=E0 D1=100 D2=0 D3=0 D4=0 D5=0 D6=0 D7=0 A0=10BA01 A1=10B9F8 A2=33816 A3=108F6A A4=D08000 A5=10F300 A6=108E3C PC=C1278E -- C1278E: jmp     $c1f820.l
D0=E0 D1=100 D2=0 D3=0 D4=0 D5=0 D6=0 D7=0 A0=10BA01 A1=10B9F8 A2=33816 A3=108F6A A4=D08000 A5=10F300 A6=108E3C PC=C1F820 -- C1F820: moveq   #$0, D7
D0=E0 D1=100 D2=0 D3=0 D4=0 D5=0 D6=0 D7=0 A0=10BA01 A1=10B9F8 A2=33816 A3=108F6A A4=D08000 A5=10F300 A6=108E3C PC=C1F822 -- C1F822: moveq   #$1, D3
D0=E0 D1=100 D2=0 D3=1 D4=0 D5=0 D6=0 D7=0 A0=10BA01 A1=10B9F8 A2=33816 A3=108F6A A4=D08000 A5=10F300 A6=108E3C PC=C1F824 -- C1F824: moveq   #$0, D4
D0=E0 D1=100 D2=0 D3=1 D4=0 D5=0 D6=0 D7=0 A0=10BA01 A1=10B9F8 A2=33816 A3=108F6A A4=D08000 A5=10F300 A6=108E3C PC=C1F826 -- C1F826: move.w  ($b00,A5), $d00034.l
D0=E0 D1=100 D2=0 D3=1 D4=0 D5=0 D6=0 D7=0 A0=10BA01 A1=10B9F8 A2=33816 A3=108F6A A4=D08000 A5=10F300 A6=108E3C PC=C1F82E -- C1F82E: cmpi.b  #$1, ($a83,A5)
D0=E0 D1=100 D2=0 D3=1 D4=0 D5=0 D6=0 D7=0 A0=10BA01 A1=10B9F8 A2=33816 A3=108F6A A4=D08000 A5=10F300 A6=108E3C PC=C1F834 -- C1F834: beq     $c1f842
D0=E0 D1=100 D2=0 D3=1 D4=0 D5=0 D6=0 D7=0 A0=10BA01 A1=10B9F8 A2=33816 A3=108F6A A4=D08000 A5=10F300 A6=108E3C PC=C1F842 -- C1F842: moveq   #$0, D6
D0=E0 D1=100 D2=0 D3=1 D4=0 D5=0 D6=0 D7=0 A0=10BA01 A1=10B9F8 A2=33816 A3=108F6A A4=D08000 A5=10F300 A6=108E3C PC=C1F844 -- C1F844: move.w  #$4, D5
D0=E0 D1=100 D2=0 D3=1 D4=0 D5=0 D6=0 D7=0 A0=10BA01 A1=10B9F8 A2=33816 A3=108F6A A4=D08000 A5=10F300 A6=108E3C PC=C1F848 -- C1F848: lea     ($aba,A5), A0
D0=E0 D1=100 D2=0 D3=1 D4=0 D5=0 D6=0 D7=0 A0=10FDBA A1=10B9F8 A2=33816 A3=108F6A A4=D08000 A5=10F300 A6=108E3C PC=C1F84C -- C1F84C: lea     ($b00,A5), A1
D0=E0 D1=100 D2=0 D3=1 D4=0 D5=0 D6=0 D7=0 A0=10FDBA A1=10FE00 A2=33816 A3=108F6A A4=D08000 A5=10F300 A6=108E3C PC=C1F850 -- C1F850: lea     (-$7fdc,A4), A6
D0=E0 D1=100 D2=0 D3=1 D4=0 D5=0 D6=0 D7=0 A0=10FDBA A1=10FE00 A2=33816 A3=108F6A A4=D08000 A5=10F300 A6=D00024 PC=C1F854 -- C1F854: lea     ($b50,A5), A3
D0=E0 D1=100 D2=0 D3=1 D4=0 D5=0 D6=0 D7=0 A0=10FDBA A1=10FE00 A2=33816 A3=10FE50 A4=D08000 A5=10F300 A6=D00024 PC=C1F858 -- C1F858: jsr     $c128a6.l
D0=E0 D1=100 D2=0 D3=1 D4=0 D5=0 D6=0 D7=0 A0=10FDBA A1=10FE00 A2=33816 A3=10FE50 A4=D08000 A5=10F300 A6=D00024 PC=C128A6 -- C128A6: jmp     $c1f8c0.l
D0=E0 D1=100 D2=0 D3=1 D4=0 D5=0 D6=0 D7=0 A0=10FDBA A1=10FE00 A2=33816 A3=10FE50 A4=D08000 A5=10F300 A6=D00024 PC=C1F8C0 -- C1F8C0: and.b   D2, D3
D0=E0 D1=100 D2=0 D3=0 D4=0 D5=0 D6=0 D7=0 A0=10FDBA A1=10FE00 A2=33816 A3=10FE50 A4=D08000 A5=10F300 A6=D00024 PC=C1F8C2 -- C1F8C2: beq     $c1f916
D0=E0 D1=100 D2=0 D3=0 D4=0 D5=0 D6=0 D7=0 A0=10FDBA A1=10FE00 A2=33816 A3=10FE50 A4=D08000 A5=10F300 A6=D00024 PC=C1F916 -- C1F916: rts
D0=E0 D1=100 D2=0 D3=0 D4=0 D5=0 D6=0 D7=0 A0=10FDBA A1=10FE00 A2=33816 A3=10FE50 A4=D08000 A5=10F300 A6=D00024 PC=C1F85E -- C1F85E: moveq   #$2, D4
D0=E0 D1=100 D2=0 D3=0 D4=2 D5=0 D6=0 D7=0 A0=10FDBA A1=10FE00 A2=33816 A3=10FE50 A4=D08000 A5=10F300 A6=D00024 PC=C1F860 -- C1F860: moveq   #$1, D6
D0=E0 D1=100 D2=0 D3=0 D4=2 D5=1 D6=1 D7=0 A0=10FDBA A1=10FE00 A2=33816 A3=10FE50 A4=D08000 A5=10F300 A6=D00024 PC=C1F862 -- C1F862: moveq   #$8, D3
D0=E0 D1=100 D2=0 D3=8 D4=2 D5=1 D6=1 D7=0 A0=10FDBA A1=10FE00 A2=33816 A3=10FE50 A4=D08000 A5=10F300 A6=D00024 PC=C1F864 -- C1F864: move.w  #$4, D5
D0=E0 D1=100 D2=0 D3=8 D4=2 D5=1 D6=1 D7=0 A0=10FDBA A1=10FE00 A2=33816 A3=10FE50 A4=D08000 A5=10F300 A6=D00024 PC=C1F868 -- C1F868: lea     ($b52,A5), A3
D0=E0 D1=100 D2=0 D3=8 D4=2 D5=1 D6=1 D7=0 A0=10FDBA A1=10FE00 A2=33816 A3=10FE52 A4=D08000 A5=10F300 A6=D00024 PC=C1F86C -- C1F86C: jsr     $c128a6.l
D0=E0 D1=100 D2=0 D3=8 D4=2 D5=1 D6=1 D7=0 A0=10FDBA A1=10FE00 A2=33816 A3=10FE52 A4=D08000 A5=10F300 A6=D00024 PC=C128A6 -- C128A6: jmp     $c1f8c0.l
D0=E0 D1=100 D2=0 D3=8 D4=2 D5=1 D6=1 D7=0 A0=10FDBA A1=10FE00 A2=33816 A3=10FE52 A4=D08000 A5=10F300 A6=D00024 PC=C1F8C0 -- C1F8C0: and.b   D2, D3
D0=E0 D1=100 D2=0 D3=0 D4=2 D5=1 D6=1 D7=0 A0=10FDBA A1=10FE00 A2=33816 A3=10FE52 A4=D08000 A5=10F300 A6=D00024 PC=C1F8C2 -- C1F8C2: beq     $c1f916
D0=E0 D1=100 D2=0 D3=0 D4=2 D5=1 D6=1 D7=0 A0=10FDBA A1=10FE00 A2=33816 A3=10FE52 A4=D08000 A5=10F300 A6=D00024 PC=C1F916 -- C1F916: rts
D0=E0 D1=100 D2=0 D3=0 D4=2 D5=1 D6=1 D7=0 A0=10FDBA A1=10FE00 A2=33816 A3=10FE52 A4=D08000 A5=10F300 A6=D00024 PC=C1F872 -- C1F872: addq.l  #1, A1
D0=E0 D1=100 D2=0 D3=0 D4=2 D5=1 D6=1 D7=0 A0=10FDBA A1=10FE01 A2=33816 A3=10FE52 A4=D08000 A5=10F300 A6=D00024 PC=C1F874 -- C1F874: addq.l  #1, A0
D0=E0 D1=100 D2=0 D3=0 D4=2 D5=1 D6=1 D7=0 A0=10FDBB A1=10FE01 A2=33816 A3=10FE52 A4=D08000 A5=10F300 A6=D00024 PC=C1F876 -- C1F876: moveq   #$1, D4
D0=E0 D1=100 D2=0 D3=0 D4=1 D5=1 D6=1 D7=0 A0=10FDBB A1=10FE01 A2=33816 A3=10FE52 A4=D08000 A5=10F300 A6=D00024 PC=C1F878 -- C1F878: moveq   #$0, D6
D0=E0 D1=100 D2=0 D3=0 D4=1 D5=0 D6=0 D7=0 A0=10FDBB A1=10FE01 A2=33816 A3=10FE52 A4=D08000 A5=10F300 A6=D00024 PC=C1F87A -- C1F87A: jsr     $c1bac0.l
D0=E0 D1=100 D2=0 D3=0 D4=1 D5=0 D6=0 D7=0 A0=10FDBB A1=10FE01 A2=33816 A3=10FE52 A4=D08000 A5=10F300 A6=D00024 PC=C1BAC0 -- C1BAC0: btst    #$2, $10fe35.l
D0=E0 D1=100 D2=0 D3=0 D4=1 D5=0 D6=0 D7=0 A0=10FDBB A1=10FE01 A2=33816 A3=10FE52 A4=D08000 A5=10F300 A6=D00024 PC=C1BAC8 -- C1BAC8: bne     $c1bad2
D0=E0 D1=100 D2=0 D3=0 D4=1 D5=0 D6=0 D7=0 A0=10FDBB A1=10FE01 A2=33816 A3=10FE52 A4=D08000 A5=10F300 A6=D00024 PC=C1BACA -- C1BACA: move.b  $300001.l, D0
D0=FF D1=100 D2=0 D3=0 D4=1 D5=0 D6=0 D7=0 A0=10FDBB A1=10FE01 A2=33816 A3=10FE52 A4=D08000 A5=10F300 A6=D00024 PC=C1BAD0 -- C1BAD0: rts
D0=FF D1=100 D2=0 D3=0 D4=1 D5=0 D6=0 D7=0 A0=10FDBB A1=10FE01 A2=33816 A3=10FE52 A4=D08000 A5=10F300 A6=D00024 PC=C1F880 -- C1F880: andi.b  #$2, D0
D0=2 D1=100 D2=0 D3=0 D4=1 D5=0 D6=0 D7=0 A0=10FDBB A1=10FE01 A2=33816 A3=10FE52 A4=D08000 A5=10F300 A6=D00024 PC=C1F884 -- C1F884: beq     $c1f888
D0=2 D1=100 D2=0 D3=0 D4=1 D5=0 D6=0 D7=0 A0=10FDBB A1=10FE01 A2=33816 A3=10FE52 A4=D08000 A5=10F300 A6=D00024 PC=C1F886 -- C1F886: moveq   #$1, D6
D0=2 D1=100 D2=0 D3=0 D4=1 D5=1 D6=1 D7=0 A0=10FDBB A1=10FE01 A2=33816 A3=10FE52 A4=D08000 A5=10F300 A6=D00024 PC=C1F888 -- C1F888: moveq   #$8, D5
D0=2 D1=100 D2=0 D3=0 D4=1 D5=1 D6=1 D7=0 A0=10FDBB A1=10FE01 A2=33816 A3=10FE52 A4=D08000 A5=10F300 A6=D00024 PC=C1F88A -- C1F88A: moveq   #$2, D3
D0=2 D1=100 D2=0 D3=2 D4=1 D5=1 D6=1 D7=0 A0=10FDBB A1=10FE01 A2=33816 A3=10FE52 A4=D08000 A5=10F300 A6=D00024 PC=C1F88C -- C1F88C: lea     ($b50,A5), A3
D0=2 D1=100 D2=0 D3=2 D4=1 D5=1 D6=1 D7=0 A0=10FDBB A1=10FE01 A2=33816 A3=10FE50 A4=D08000 A5=10F300 A6=D00024 PC=C1F890 -- C1F890: jsr     $c128a6.l

   (loops for 4 instructions)

D0=2 D1=100 D2=0 D3=0 D4=1 D5=1 D6=1 D7=0 A0=10FDBB A1=10FE01 A2=33816 A3=10FE50 A4=D08000 A5=10F300 A6=D00024 PC=C1F896 -- C1F896: moveq   #$3, D4
D0=2 D1=100 D2=0 D3=0 D4=3 D5=1 D6=1 D7=0 A0=10FDBB A1=10FE01 A2=33816 A3=10FE50 A4=D08000 A5=10F300 A6=D00024 PC=C1F898 -- C1F898: moveq   #$1, D6
D0=2 D1=100 D2=0 D3=0 D4=3 D5=1 D6=1 D7=0 A0=10FDBB A1=10FE01 A2=33816 A3=10FE50 A4=D08000 A5=10F300 A6=D00024 PC=C1F89A -- C1F89A: moveq   #$8, D5
D0=2 D1=100 D2=0 D3=0 D4=3 D5=1 D6=1 D7=0 A0=10FDBB A1=10FE01 A2=33816 A3=10FE50 A4=D08000 A5=10F300 A6=D00024 PC=C1F89C -- C1F89C: moveq   #$10, D3
D0=2 D1=100 D2=0 D3=10 D4=3 D5=1 D6=1 D7=0 A0=10FDBB A1=10FE01 A2=33816 A3=10FE50 A4=D08000 A5=10F300 A6=D00024 PC=C1F89E -- C1F89E: lea     ($b52,A5), A3
D0=2 D1=100 D2=0 D3=10 D4=3 D5=1 D6=1 D7=0 A0=10FDBB A1=10FE01 A2=33816 A3=10FE52 A4=D08000 A5=10F300 A6=D00024 PC=C1F8A2 -- C1F8A2: jsr     $c128a6.l

   (loops for 4 instructions)

D0=2 D1=100 D2=0 D3=0 D4=3 D5=1 D6=1 D7=0 A0=10FDBB A1=10FE01 A2=33816 A3=10FE52 A4=D08000 A5=10F300 A6=D00024 PC=C1F8A8 -- C1F8A8: jsr     $c128e6.l
D0=2 D1=100 D2=0 D3=0 D4=3 D5=1 D6=1 D7=0 A0=10FDBB A1=10FE01 A2=33816 A3=10FE52 A4=D08000 A5=10F300 A6=D00024 PC=C128E6 -- C128E6: jmp     $c1f930.l
D0=2 D1=100 D2=0 D3=0 D4=3 D5=1 D6=1 D7=0 A0=10FDBB A1=10FE01 A2=33816 A3=10FE52 A4=D08000 A5=10F300 A6=D00024 PC=C1F930 -- C1F930: btst    #$2, ($b22,A5)
D0=2 D1=100 D2=0 D3=0 D4=3 D5=1 D6=1 D7=0 A0=10FDBB A1=10FE01 A2=33816 A3=10FE52 A4=D08000 A5=10F300 A6=D00024 PC=C1F936 -- C1F936: beq     $c1f97c
D0=2 D1=100 D2=0 D3=0 D4=3 D5=1 D6=1 D7=0 A0=10FDBB A1=10FE01 A2=33816 A3=10FE52 A4=D08000 A5=10F300 A6=D00024 PC=C1F97C -- C1F97C: rts
D0=2 D1=100 D2=0 D3=0 D4=3 D5=1 D6=1 D7=0 A0=10FDBB A1=10FE01 A2=33816 A3=10FE52 A4=D08000 A5=10F300 A6=D00024 PC=C1F8AE -- C1F8AE: jmp     $c127bc.l
D0=2 D1=100 D2=0 D3=0 D4=3 D5=1 D6=1 D7=0 A0=10FDBB A1=10FE01 A2=33816 A3=10FE52 A4=D08000 A5=10F300 A6=D00024 PC=C127BC -- C127BC: tst.b   D7
D0=2 D1=100 D2=0 D3=0 D4=3 D5=1 D6=1 D7=0 A0=10FDBB A1=10FE01 A2=33816 A3=10FE52 A4=D08000 A5=10F300 A6=D00024 PC=C127BE -- C127BE: beq     $c127ca
D0=2 D1=100 D2=0 D3=0 D4=3 D5=1 D6=1 D7=0 A0=10FDBB A1=10FE01 A2=33816 A3=10FE52 A4=D08000 A5=10F300 A6=D00024 PC=C127CA -- C127CA: jsr     ($208,PC) ; ($c129d4)
D0=2 D1=100 D2=0 D3=0 D4=3 D5=1 D6=1 D7=0 A0=10FDBB A1=10FE01 A2=33816 A3=10FE52 A4=D08000 A5=10F300 A6=D00024 PC=C129D4 -- C129D4: tst.b   ($be1,A5)
D0=2 D1=100 D2=0 D3=0 D4=3 D5=1 D6=1 D7=0 A0=10FDBB A1=10FE01 A2=33816 A3=10FE52 A4=D08000 A5=10F300 A6=D00024 PC=C129D8 -- C129D8: bne     $c12a16
D0=2 D1=100 D2=0 D3=0 D4=3 D5=1 D6=1 D7=0 A0=10FDBB A1=10FE01 A2=33816 A3=10FE52 A4=D08000 A5=10F300 A6=D00024 PC=C129DC -- C129DC: cmpi.b  #$2, ($a81,A5)
D0=2 D1=100 D2=0 D3=0 D4=3 D5=1 D6=1 D7=0 A0=10FDBB A1=10FE01 A2=33816 A3=10FE52 A4=D08000 A5=10F300 A6=D00024 PC=C129E2 -- C129E2: bcs     $c12a16
D0=2 D1=100 D2=0 D3=0 D4=3 D5=1 D6=1 D7=0 A0=10FDBB A1=10FE01 A2=33816 A3=10FE52 A4=D08000 A5=10F300 A6=D00024 PC=C129E6 -- C129E6: tst.b   ($bdb,A5)
D0=2 D1=100 D2=0 D3=0 D4=3 D5=1 D6=1 D7=0 A0=10FDBB A1=10FE01 A2=33816 A3=10FE52 A4=D08000 A5=10F300 A6=D00024 PC=C129EA -- C129EA: bne     $c12a16
D0=2 D1=100 D2=0 D3=0 D4=3 D5=1 D6=1 D7=0 A0=10FDBB A1=10FE01 A2=33816 A3=10FE52 A4=D08000 A5=10F300 A6=D00024 PC=C129EC -- C129EC: tst.b   ($be2,A5)
D0=2 D1=100 D2=0 D3=0 D4=3 D5=1 D6=1 D7=0 A0=10FDBB A1=10FE01 A2=33816 A3=10FE52 A4=D08000 A5=10F300 A6=D00024 PC=C129F0 -- C129F0: beq     $c12a16
D0=2 D1=100 D2=0 D3=0 D4=3 D5=1 D6=1 D7=0 A0=10FDBB A1=10FE01 A2=33816 A3=10FE52 A4=D08000 A5=10F300 A6=D00024 PC=C12A16 -- C12A16: rts
D0=2 D1=100 D2=0 D3=0 D4=3 D5=1 D6=1 D7=0 A0=10FDBB A1=10FE01 A2=33816 A3=10FE52 A4=D08000 A5=10F300 A6=D00024 PC=C127CE -- C127CE: tst.b   ($bbc,A5)
D0=2 D1=100 D2=0 D3=0 D4=3 D5=1 D6=1 D7=0 A0=10FDBB A1=10FE01 A2=33816 A3=10FE52 A4=D08000 A5=10F300 A6=D00024 PC=C127D2 -- C127D2: bne     $c1282a
D0=2 D1=100 D2=0 D3=0 D4=3 D5=1 D6=1 D7=0 A0=10FDBB A1=10FE01 A2=33816 A3=10FE52 A4=D08000 A5=10F300 A6=D00024 PC=C127D6 -- C127D6: move.b  (-$7fc8,A4), D0
D0=0 D1=100 D2=0 D3=0 D4=3 D5=1 D6=1 D7=0 A0=10FDBB A1=10FE01 A2=33816 A3=10FE52 A4=D08000 A5=10F300 A6=D00024 PC=C127DA -- C127DA: beq     $c12806
D0=0 D1=100 D2=0 D3=0 D4=3 D5=1 D6=1 D7=0 A0=10FDBB A1=10FE01 A2=33816 A3=10FE52 A4=D08000 A5=10F300 A6=D00024 PC=C12806 -- C12806: moveq   #$0, D7
D0=0 D1=100 D2=0 D3=0 D4=3 D5=1 D6=1 D7=0 A0=10FDBB A1=10FE01 A2=33816 A3=10FE52 A4=D08000 A5=10F300 A6=D00024 PC=C12808 -- C12808: lea     (-$7fd4,A4), A6
D0=0 D1=100 D2=0 D3=0 D4=3 D5=1 D6=1 D7=0 A0=10FDBB A1=10FE01 A2=33816 A3=10FE52 A4=D08000 A5=10F300 A6=D0002C PC=C1280C -- C1280C: tst.b   (A6,D7.w)
D0=0 D1=100 D2=0 D3=0 D4=3 D5=1 D6=1 D7=0 A0=10FDBB A1=10FE01 A2=33816 A3=10FE52 A4=D08000 A5=10F300 A6=D0002C PC=C12810 -- C12810: beq     $c12822
D0=0 D1=100 D2=0 D3=0 D4=3 D5=1 D6=1 D7=0 A0=10FDBB A1=10FE01 A2=33816 A3=10FE52 A4=D08000 A5=10F300 A6=D0002C PC=C12822 -- C12822: addq.b  #1, D7
D0=0 D1=100 D2=0 D3=0 D4=3 D5=1 D6=1 D7=1 A0=10FDBB A1=10FE01 A2=33816 A3=10FE52 A4=D08000 A5=10F300 A6=D0002C PC=C12824 -- C12824: cmpi.b  #$2, D7
D0=0 D1=100 D2=0 D3=0 D4=3 D5=1 D6=1 D7=1 A0=10FDBB A1=10FE01 A2=33816 A3=10FE52 A4=D08000 A5=10F300 A6=D0002C PC=C12828 -- C12828: bne     $c1280c
D0=0 D1=100 D2=0 D3=0 D4=3 D5=1 D6=1 D7=1 A0=10FDBB A1=10FE01 A2=33816 A3=10FE52 A4=D08000 A5=10F300 A6=D0002C PC=C1280C -- C1280C: tst.b   (A6,D7.w)
D0=0 D1=100 D2=0 D3=0 D4=3 D5=1 D6=1 D7=1 A0=10FDBB A1=10FE01 A2=33816 A3=10FE52 A4=D08000 A5=10F300 A6=D0002C PC=C12810 -- C12810: beq     $c12822
D0=0 D1=100 D2=0 D3=0 D4=3 D5=1 D6=1 D7=1 A0=10FDBB A1=10FE01 A2=33816 A3=10FE52 A4=D08000 A5=10F300 A6=D0002C PC=C12822 -- C12822: addq.b  #1, D7
D0=0 D1=100 D2=0 D3=0 D4=3 D5=1 D6=1 D7=2 A0=10FDBB A1=10FE01 A2=33816 A3=10FE52 A4=D08000 A5=10F300 A6=D0002C PC=C12824 -- C12824: cmpi.b  #$2, D7
D0=0 D1=100 D2=0 D3=0 D4=3 D5=1 D6=1 D7=2 A0=10FDBB A1=10FE01 A2=33816 A3=10FE52 A4=D08000 A5=10F300 A6=D0002C PC=C12828 -- C12828: bne     $c1280c
D0=0 D1=100 D2=0 D3=0 D4=3 D5=1 D6=1 D7=2 A0=10FDBB A1=10FE01 A2=33816 A3=10FE52 A4=D08000 A5=10F300 A6=D0002C PC=C1282A -- C1282A: jsr     ($34,PC) ; ($c12860)
D0=0 D1=100 D2=0 D3=0 D4=3 D5=1 D6=1 D7=2 A0=10FDBB A1=10FE01 A2=33816 A3=10FE52 A4=D08000 A5=10F300 A6=D0002C PC=C12860 -- C12860: subq.b  #1, (-$7fa3,A4)
D0=0 D1=100 D2=0 D3=0 D4=3 D5=1 D6=1 D7=2 A0=10FDBB A1=10FE01 A2=33816 A3=10FE52 A4=D08000 A5=10F300 A6=D0002C PC=C12864 -- C12864: bne     $c128a4
D0=0 D1=100 D2=0 D3=0 D4=3 D5=1 D6=1 D7=2 A0=10FDBB A1=10FE01 A2=33816 A3=10FE52 A4=D08000 A5=10F300 A6=D0002C PC=C128A4 -- C128A4: rts
D0=0 D1=100 D2=0 D3=0 D4=3 D5=1 D6=1 D7=2 A0=10FDBB A1=10FE01 A2=33816 A3=10FE52 A4=D08000 A5=10F300 A6=D0002C PC=C1282E -- C1282E: tst.b   ($bbb,A5)
D0=0 D1=100 D2=0 D3=0 D4=3 D5=1 D6=1 D7=2 A0=10FDBB A1=10FE01 A2=33816 A3=10FE52 A4=D08000 A5=10F300 A6=D0002C PC=C12832 -- C12832: bne     $c1285e
D0=0 D1=100 D2=0 D3=0 D4=3 D5=1 D6=1 D7=2 A0=10FDBB A1=10FE01 A2=33816 A3=10FE52 A4=D08000 A5=10F300 A6=D0002C PC=C12834 -- C12834: move.b  ($b00,A5), D0
D0=0 D1=100 D2=0 D3=0 D4=3 D5=1 D6=1 D7=2 A0=10FDBB A1=10FE01 A2=33816 A3=10FE52 A4=D08000 A5=10F300 A6=D0002C PC=C12838 -- C12838: move.b  #$ef, D1
D0=0 D1=1EF D2=0 D3=0 D4=3 D5=1 D6=1 D7=2 A0=10FDBB A1=10FE01 A2=33816 A3=10FE52 A4=D08000 A5=10F300 A6=D0002C PC=C1283C -- C1283C: btst    #$0, ($b8b,A5)
D0=0 D1=1EF D2=0 D3=0 D4=3 D5=1 D6=1 D7=2 A0=10FDBB A1=10FE01 A2=33816 A3=10FE52 A4=D08000 A5=10F300 A6=D0002C PC=C12842 -- C12842: beq     $c1284c
D0=0 D1=1EF D2=0 D3=0 D4=3 D5=1 D6=1 D7=2 A0=10FDBB A1=10FE01 A2=33816 A3=10FE52 A4=D08000 A5=10F300 A6=D0002C PC=C12844 -- C12844: move.b  ($b01,A5), D0
D0=0 D1=1EF D2=0 D3=0 D4=3 D5=1 D6=1 D7=2 A0=10FDBB A1=10FE01 A2=33816 A3=10FE52 A4=D08000 A5=10F300 A6=D0002C PC=C12848 -- C12848: move.b  #$df, D1
D0=0 D1=1DF D2=0 D3=0 D4=3 D5=1 D6=1 D7=2 A0=10FDBB A1=10FE01 A2=33816 A3=10FE52 A4=D08000 A5=10F300 A6=D0002C PC=C1284C -- C1284C: not.b   D0
D0=FF D1=1DF D2=0 D3=0 D4=3 D5=1 D6=1 D7=2 A0=10FDBB A1=10FE01 A2=33816 A3=10FE52 A4=D08000 A5=10F300 A6=D0002C PC=C1284E -- C1284E: move.b  D0, $380041.l
D0=FF D1=1DF D2=0 D3=0 D4=3 D5=1 D6=1 D7=2 A0=10FDBB A1=10FE01 A2=33816 A3=10FE52 A4=D08000 A5=10F300 A6=D0002C PC=C12854 -- C12854: jsr     (-$690,PC) ; ($c121c6)
D0=FF D1=1DF D2=0 D3=0 D4=3 D5=1 D6=1 D7=2 A0=10FDBB A1=10FE01 A2=33816 A3=10FE52 A4=D08000 A5=10F300 A6=D0002C PC=C121C6 -- C121C6: tst.b   $10febf.l
D0=FF D1=1DF D2=0 D3=0 D4=3 D5=1 D6=1 D7=2 A0=10FDBB A1=10FE01 A2=33816 A3=10FE52 A4=D08000 A5=10F300 A6=D0002C PC=C121CC -- C121CC: bne     $c121d4
D0=FF D1=1DF D2=0 D3=0 D4=3 D5=1 D6=1 D7=2 A0=10FDBB A1=10FE01 A2=33816 A3=10FE52 A4=D08000 A5=10F300 A6=D0002C PC=C121CE -- C121CE: move.b  D0, $3a000d.l
D0=FF D1=1DF D2=0 D3=0 D4=3 D5=1 D6=1 D7=2 A0=10FDBB A1=10FE01 A2=33816 A3=10FE52 A4=D08000 A5=10F300 A6=D0002C PC=C121D4 -- C121D4: rts
D0=FF D1=1DF D2=0 D3=0 D4=3 D5=1 D6=1 D7=2 A0=10FDBB A1=10FE01 A2=33816 A3=10FE52 A4=D08000 A5=10F300 A6=D0002C PC=C12858 -- C12858: move.b  D1, $380031.l
D0=FF D1=1DF D2=0 D3=0 D4=3 D5=1 D6=1 D7=2 A0=10FDBB A1=10FE01 A2=33816 A3=10FE52 A4=D08000 A5=10F300 A6=D0002C PC=C1285E -- C1285E: rts
D0=FF D1=1DF D2=0 D3=0 D4=3 D5=1 D6=1 D7=2 A0=10FDBB A1=10FE01 A2=33816 A3=10FE52 A4=D08000 A5=10F300 A6=D0002C PC=C11688 -- C11688: jsr     ($6e84,PC) ; ($c1850e)
D0=FF D1=1DF D2=0 D3=0 D4=3 D5=1 D6=1 D7=2 A0=10FDBB A1=10FE01 A2=33816 A3=10FE52 A4=D08000 A5=10F300 A6=D0002C PC=C1850E -- C1850E: lea     $10f300.l, A5
D0=FF D1=1DF D2=0 D3=0 D4=3 D5=1 D6=1 D7=2 A0=10FDBB A1=10FE01 A2=33816 A3=10FE52 A4=D08000 A5=10F300 A6=D0002C PC=C18514 -- C18514: lea     ($a94,A5), A0
D0=FF D1=1DF D2=0 D3=0 D4=3 D5=1 D6=1 D7=2 A0=10FD94 A1=10FE01 A2=33816 A3=10FE52 A4=D08000 A5=10F300 A6=D0002C PC=C18518 -- C18518: lea     $380001.l, A2
D0=FF D1=1DF D2=0 D3=0 D4=3 D5=1 D6=1 D7=2 A0=10FD94 A1=10FE01 A2=380001 A3=10FE52 A4=D08000 A5=10F300 A6=D0002C PC=C1851E -- C1851E: moveq   #$0, D1
D0=FF D1=0 D2=0 D3=0 D4=3 D5=1 D6=1 D7=2 A0=10FD94 A1=10FE01 A2=380001 A3=10FE52 A4=D08000 A5=10F300 A6=D0002C PC=C18520 -- C18520: move.b  #$12, (A2)
D0=FF D1=0 D2=0 D3=0 D4=3 D5=1 D6=1 D7=2 A0=10FD94 A1=10FE01 A2=380001 A3=10FE52 A4=D08000 A5=10F300 A6=D0002C PC=C18524 -- C18524: bsr     $c184f4
D0=FF D1=0 D2=0 D3=0 D4=3 D5=1 D6=1 D7=2 A0=10FD94 A1=10FE01 A2=380001 A3=10FE52 A4=D08000 A5=10F300 A6=D0002C PC=C184F4 -- C184F4: bsr     $c18500
D0=FF D1=0 D2=0 D3=0 D4=3 D5=1 D6=1 D7=2 A0=10FD94 A1=10FE01 A2=380001 A3=10FE52 A4=D08000 A5=10F300 A6=D0002C PC=C18500 -- C18500: nop
D0=FF D1=0 D2=0 D3=0 D4=3 D5=1 D6=1 D7=2 A0=10FD94 A1=10FE01 A2=380001 A3=10FE52 A4=D08000 A5=10F300 A6=D0002C PC=C18502 -- C18502: nop
D0=FF D1=0 D2=0 D3=0 D4=3 D5=1 D6=1 D7=2 A0=10FD94 A1=10FE01 A2=380001 A3=10FE52 A4=D08000 A5=10F300 A6=D0002C PC=C18504 -- C18504: nop
D0=FF D1=0 D2=0 D3=0 D4=3 D5=1 D6=1 D7=2 A0=10FD94 A1=10FE01 A2=380001 A3=10FE52 A4=D08000 A5=10F300 A6=D0002C PC=C18506 -- C18506: nop
D0=FF D1=0 D2=0 D3=0 D4=3 D5=1 D6=1 D7=2 A0=10FD94 A1=10FE01 A2=380001 A3=10FE52 A4=D08000 A5=10F300 A6=D0002C PC=C18508 -- C18508: nop
D0=FF D1=0 D2=0 D3=0 D4=3 D5=1 D6=1 D7=2 A0=10FD94 A1=10FE01 A2=380001 A3=10FE52 A4=D08000 A5=10F300 A6=D0002C PC=C1850A -- C1850A: nop
D0=FF D1=0 D2=0 D3=0 D4=3 D5=1 D6=1 D7=2 A0=10FD94 A1=10FE01 A2=380001 A3=10FE52 A4=D08000 A5=10F300 A6=D0002C PC=C1850C -- C1850C: rts
D0=FF D1=0 D2=0 D3=0 D4=3 D5=1 D6=1 D7=2 A0=10FD94 A1=10FE01 A2=380001 A3=10FE52 A4=D08000 A5=10F300 A6=D0002C PC=C184F8 -- C184F8: bsr     $c18500
D0=FF D1=0 D2=0 D3=0 D4=3 D5=1 D6=1 D7=2 A0=10FD94 A1=10FE01 A2=380001 A3=10FE52 A4=D08000 A5=10F300 A6=D0002C PC=C18500 -- C18500: nop
D0=FF D1=0 D2=0 D3=0 D4=3 D5=1 D6=1 D7=2 A0=10FD94 A1=10FE01 A2=380001 A3=10FE52 A4=D08000 A5=10F300 A6=D0002C PC=C18502 -- C18502: nop
D0=FF D1=0 D2=0 D3=0 D4=3 D5=1 D6=1 D7=2 A0=10FD94 A1=10FE01 A2=380001 A3=10FE52 A4=D08000 A5=10F300 A6=D0002C PC=C18504 -- C18504: nop
D0=FF D1=0 D2=0 D3=0 D4=3 D5=1 D6=1 D7=2 A0=10FD94 A1=10FE01 A2=380001 A3=10FE52 A4=D08000 A5=10F300 A6=D0002C PC=C18506 -- C18506: nop
D0=FF D1=0 D2=0 D3=0 D4=3 D5=1 D6=1 D7=2 A0=10FD94 A1=10FE01 A2=380001 A3=10FE52 A4=D08000 A5=10F300 A6=D0002C PC=C18508 -- C18508: nop
D0=FF D1=0 D2=0 D3=0 D4=3 D5=1 D6=1 D7=2 A0=10FD94 A1=10FE01 A2=380001 A3=10FE52 A4=D08000 A5=10F300 A6=D0002C PC=C1850A -- C1850A: nop
D0=FF D1=0 D2=0 D3=0 D4=3 D5=1 D6=1 D7=2 A0=10FD94 A1=10FE01 A2=380001 A3=10FE52 A4=D08000 A5=10F300 A6=D0002C PC=C1850C -- C1850C: rts
D0=FF D1=0 D2=0 D3=0 D4=3 D5=1 D6=1 D7=2 A0=10FD94 A1=10FE01 A2=380001 A3=10FE52 A4=D08000 A5=10F300 A6=D0002C PC=C184FC -- C184FC: bsr     $c18500

   (loops for 14 instructions)

D0=FF D1=0 D2=0 D3=0 D4=3 D5=1 D6=1 D7=2 A0=10FD94 A1=10FE01 A2=380001 A3=10FE52 A4=D08000 A5=10F300 A6=D0002C PC=C18526 -- C18526: move.b  $380000.l, D1
D0=FF D1=FF D2=0 D3=0 D4=3 D5=1 D6=1 D7=2 A0=10FD94 A1=10FE01 A2=380001 A3=10FE52 A4=D08000 A5=10F300 A6=D0002C PC=C1852C -- C1852C: move.b  $340000.l, D5
D0=FF D1=FF D2=0 D3=0 D4=3 D5=1 D6=1 D7=2 A0=10FD94 A1=10FE01 A2=380001 A3=10FE52 A4=D08000 A5=10F300 A6=D0002C PC=C18532 -- C18532: swap    D5
D0=FF D1=FF D2=0 D3=0 D4=3 D5=1 D6=1 D7=2 A0=10FD94 A1=10FE01 A2=380001 A3=10FE52 A4=D08000 A5=10F300 A6=D0002C PC=C18534 -- C18534: move.b  $300000.l, D5
D0=FF D1=FF D2=0 D3=0 D4=3 D5=1 D6=1 D7=2 A0=10FD94 A1=10FE01 A2=380001 A3=10FE52 A4=D08000 A5=10F300 A6=D0002C PC=C1853A -- C1853A: lsl.b   #4, D1
D0=FF D1=F0 D2=0 D3=0 D4=3 D5=1 D6=1 D7=2 A0=10FD94 A1=10FE01 A2=380001 A3=10FE52 A4=D08000 A5=10F300 A6=D0002C PC=C1853C -- C1853C: move.b  #$1b, (A2)
D0=FF D1=F0 D2=0 D3=0 D4=3 D5=1 D6=1 D7=2 A0=10FD94 A1=10FE01 A2=380001 A3=10FE52 A4=D08000 A5=10F300 A6=D0002C PC=C18540 -- C18540: nop
D0=FF D1=F0 D2=0 D3=0 D4=3 D5=1 D6=1 D7=2 A0=10FD94 A1=10FE01 A2=380001 A3=10FE52 A4=D08000 A5=10F300 A6=D0002C PC=C18542 -- C18542: jsr     $c1b950.l
D0=FF D1=F0 D2=0 D3=0 D4=3 D5=1 D6=1 D7=2 A0=10FD94 A1=10FE01 A2=380001 A3=10FE52 A4=D08000 A5=10F300 A6=D0002C PC=C1B950 -- C1B950: bsr     $c1e32e
D0=FF D1=F0 D2=0 D3=0 D4=3 D5=1 D6=1 D7=2 A0=10FD94 A1=10FE01 A2=380001 A3=10FE52 A4=D08000 A5=10F300 A6=D0002C PC=C1E32E -- C1E32E: move.b  D0, $300001.l
D0=FF D1=F0 D2=0 D3=0 D4=3 D5=1 D6=1 D7=2 A0=10FD94 A1=10FE01 A2=380001 A3=10FE52 A4=D08000 A5=10F300 A6=D0002C PC=C1E334 -- C1E334: moveq   #$0, D4
D0=FF D1=F0 D2=0 D3=0 D4=0 D5=1 D6=1 D7=2 A0=10FD94 A1=10FE01 A2=380001 A3=10FE52 A4=D08000 A5=10F300 A6=D0002C PC=C1E336 -- C1E336: tst.b   $10fe8d.l
D0=FF D1=F0 D2=0 D3=0 D4=0 D5=1 D6=1 D7=2 A0=10FD94 A1=10FE01 A2=380001 A3=10FE52 A4=D08000 A5=10F300 A6=D0002C PC=C1E33C -- C1E33C: bne     $c1e358
D0=FF D1=F0 D2=0 D3=0 D4=0 D5=1 D6=1 D7=2 A0=10FD94 A1=10FE01 A2=380001 A3=10FE52 A4=D08000 A5=10F300 A6=D0002C PC=C1E33E -- C1E33E: moveq   #$1, D4
D0=FF D1=F0 D2=0 D3=0 D4=1 D5=1 D6=1 D7=2 A0=10FD94 A1=10FE01 A2=380001 A3=10FE52 A4=D08000 A5=10F300 A6=D0002C PC=C1E340 -- C1E340: btst    #$2, $10fe35.l
D0=FF D1=F0 D2=0 D3=0 D4=1 D5=1 D6=1 D7=2 A0=10FD94 A1=10FE01 A2=380001 A3=10FE52 A4=D08000 A5=10F300 A6=D0002C PC=C1E348 -- C1E348: bne     $c1e364
D0=FF D1=F0 D2=0 D3=0 D4=1 D5=1 D6=1 D7=2 A0=10FD94 A1=10FE01 A2=380001 A3=10FE52 A4=D08000 A5=10F300 A6=D0002C PC=C1E34A -- C1E34A: btst    #$7, $300081.l
D0=FF D1=F0 D2=0 D3=0 D4=1 D5=1 D6=1 D7=2 A0=10FD94 A1=10FE01 A2=380001 A3=10FE52 A4=D08000 A5=10F300 A6=D0002C PC=C1E352 -- C1E352: beq     $c1c0da
D0=FF D1=F0 D2=0 D3=0 D4=1 D5=1 D6=1 D7=2 A0=10FD94 A1=10FE01 A2=380001 A3=10FE52 A4=D08000 A5=10F300 A6=D0002C PC=C1E356 -- C1E356: bra     $c1e372
D0=FF D1=F0 D2=0 D3=0 D4=1 D5=1 D6=1 D7=2 A0=10FD94 A1=10FE01 A2=380001 A3=10FE52 A4=D08000 A5=10F300 A6=D0002C PC=C1E372 -- C1E372: cmpi.l  #$1514, $10fc40.l
D0=FF D1=F0 D2=0 D3=0 D4=1 D5=1 D6=1 D7=2 A0=10FD94 A1=10FE01 A2=380001 A3=10FE52 A4=D08000 A5=10F300 A6=D0002C PC=C1E37C -- C1E37C: bne     $c1e382
D0=FF D1=F0 D2=0 D3=0 D4=1 D5=1 D6=1 D7=2 A0=10FD94 A1=10FE01 A2=380001 A3=10FE52 A4=D08000 A5=10F300 A6=D0002C PC=C1E382 -- C1E382: nop
D0=FF D1=F0 D2=0 D3=0 D4=1 D5=1 D6=1 D7=2 A0=10FD94 A1=10FE01 A2=380001 A3=10FE52 A4=D08000 A5=10F300 A6=D0002C PC=C1E384 -- C1E384: bra     $c1e388
D0=FF D1=F0 D2=0 D3=0 D4=1 D5=1 D6=1 D7=2 A0=10FD94 A1=10FE01 A2=380001 A3=10FE52 A4=D08000 A5=10F300 A6=D0002C PC=C1E388 -- C1E388: cmpi.l  #$1004dc, $10fc40.l
D0=FF D1=F0 D2=0 D3=0 D4=1 D5=1 D6=1 D7=2 A0=10FD94 A1=10FE01 A2=380001 A3=10FE52 A4=D08000 A5=10F300 A6=D0002C PC=C1E392 -- C1E392: bne     $c1e398
D0=FF D1=F0 D2=0 D3=0 D4=1 D5=1 D6=1 D7=2 A0=10FD94 A1=10FE01 A2=380001 A3=10FE52 A4=D08000 A5=10F300 A6=D0002C PC=C1E398 -- C1E398: nop
D0=FF D1=F0 D2=0 D3=0 D4=1 D5=1 D6=1 D7=2 A0=10FD94 A1=10FE01 A2=380001 A3=10FE52 A4=D08000 A5=10F300 A6=D0002C PC=C1E39A -- C1E39A: bra     $c1e39e
D0=FF D1=F0 D2=0 D3=0 D4=1 D5=1 D6=1 D7=2 A0=10FD94 A1=10FE01 A2=380001 A3=10FE52 A4=D08000 A5=10F300 A6=D0002C PC=C1E39E -- C1E39E: cmpi.l  #$100508, $10fc40.l
D0=FF D1=F0 D2=0 D3=0 D4=1 D5=1 D6=1 D7=2 A0=10FD94 A1=10FE01 A2=380001 A3=10FE52 A4=D08000 A5=10F300 A6=D0002C PC=C1E3A8 -- C1E3A8: bne     $c1e3ae
D0=FF D1=F0 D2=0 D3=0 D4=1 D5=1 D6=1 D7=2 A0=10FD94 A1=10FE01 A2=380001 A3=10FE52 A4=D08000 A5=10F300 A6=D0002C PC=C1E3AE -- C1E3AE: nop
D0=FF D1=F0 D2=0 D3=0 D4=1 D5=1 D6=1 D7=2 A0=10FD94 A1=10FE01 A2=380001 A3=10FE52 A4=D08000 A5=10F300 A6=D0002C PC=C1E3B0 -- C1E3B0: bra     $c1e3b4
D0=FF D1=F0 D2=0 D3=0 D4=1 D5=1 D6=1 D7=2 A0=10FD94 A1=10FE01 A2=380001 A3=10FE52 A4=D08000 A5=10F300 A6=D0002C PC=C1E3B4 -- C1E3B4: btst    #$1, $10fe34.l
D0=FF D1=F0 D2=0 D3=0 D4=1 D5=1 D6=1 D7=2 A0=10FD94 A1=10FE01 A2=380001 A3=10FE52 A4=D08000 A5=10F300 A6=D0002C PC=C1E3BC -- C1E3BC: beq     $c1e3c2
D0=FF D1=F0 D2=0 D3=0 D4=1 D5=1 D6=1 D7=2 A0=10FD94 A1=10FE01 A2=380001 A3=10FE52 A4=D08000 A5=10F300 A6=D0002C PC=C1E3C2 -- C1E3C2: nop
D0=FF D1=F0 D2=0 D3=0 D4=1 D5=1 D6=1 D7=2 A0=10FD94 A1=10FE01 A2=380001 A3=10FE52 A4=D08000 A5=10F300 A6=D0002C PC=C1E3C4 -- C1E3C4: rts
D0=FF D1=F0 D2=0 D3=0 D4=1 D5=1 D6=1 D7=2 A0=10FD94 A1=10FE01 A2=380001 A3=10FE52 A4=D08000 A5=10F300 A6=D0002C PC=C1B954 -- C1B954: move.b  $380000.l, D2
D0=FF D1=F0 D2=FF D3=0 D4=1 D5=1 D6=1 D7=2 A0=10FD94 A1=10FE01 A2=380001 A3=10FE52 A4=D08000 A5=10F300 A6=D0002C PC=C1B95A -- C1B95A: bsr     $c1e3c6
D0=FF D1=F0 D2=FF D3=0 D4=1 D5=1 D6=1 D7=2 A0=10FD94 A1=10FE01 A2=380001 A3=10FE52 A4=D08000 A5=10F300 A6=D0002C PC=C1E3C6 -- C1E3C6: cmpi.w  #$104, $10fdfe.l
D0=FF D1=F0 D2=FF D3=0 D4=1 D5=1 D6=1 D7=2 A0=10FD94 A1=10FE01 A2=380001 A3=10FE52 A4=D08000 A5=10F300 A6=D0002C PC=C1E3CE -- C1E3CE: bne     $c1e3e4
D0=FF D1=F0 D2=FF D3=0 D4=1 D5=1 D6=1 D7=2 A0=10FD94 A1=10FE01 A2=380001 A3=10FE52 A4=D08000 A5=10F300 A6=D0002C PC=C1E3E4 -- C1E3E4: cmpi.b  #$1, D4
D0=FF D1=F0 D2=FF D3=0 D4=1 D5=1 D6=1 D7=2 A0=10FD94 A1=10FE01 A2=380001 A3=10FE52 A4=D08000 A5=10F300 A6=D0002C PC=C1E3E8 -- C1E3E8: beq     $c1e3ec
D0=FF D1=F0 D2=FF D3=0 D4=1 D5=1 D6=1 D7=2 A0=10FD94 A1=10FE01 A2=380001 A3=10FE52 A4=D08000 A5=10F300 A6=D0002C PC=C1E3EC -- C1E3EC: movem.l D0-D7/A0-A6, -(A7)
D0=FF D1=F0 D2=FF D3=0 D4=1 D5=1 D6=1 D7=2 A0=10FD94 A1=10FE01 A2=380001 A3=10FE52 A4=D08000 A5=10F300 A6=D0002C PC=C1E3F0 -- C1E3F0: andi.b  #$3, D2
D0=FF D1=F0 D2=3 D3=0 D4=1 D5=1 D6=1 D7=2 A0=10FD94 A1=10FE01 A2=380001 A3=10FE52 A4=D08000 A5=10F300 A6=D0002C PC=C1E3F4 -- C1E3F4: beq     $c1e422
D0=FF D1=F0 D2=3 D3=0 D4=1 D5=1 D6=1 D7=2 A0=10FD94 A1=10FE01 A2=380001 A3=10FE52 A4=D08000 A5=10F300 A6=D0002C PC=C1E3F6 -- C1E3F6: andi.b  #$1, D2
D0=FF D1=F0 D2=1 D3=0 D4=1 D5=1 D6=1 D7=2 A0=10FD94 A1=10FE01 A2=380001 A3=10FE52 A4=D08000 A5=10F300 A6=D0002C PC=C1E3FA -- C1E3FA: bne     $c1e468
D0=FF D1=F0 D2=1 D3=0 D4=1 D5=1 D6=1 D7=2 A0=10FD94 A1=10FE01 A2=380001 A3=10FE52 A4=D08000 A5=10F300 A6=D0002C PC=C1E468 -- C1E468: move.w  $108.w, D0
D0=55 D1=F0 D2=1 D3=0 D4=1 D5=1 D6=1 D7=2 A0=10FD94 A1=10FE01 A2=380001 A3=10FE52 A4=D08000 A5=10F300 A6=D0002C PC=C1E46C -- C1E46C: jsr     $c05000.l
D0=55 D1=F0 D2=1 D3=0 D4=1 D5=1 D6=1 D7=2 A0=10FD94 A1=10FE01 A2=380001 A3=10FE52 A4=D08000 A5=10F300 A6=D0002C PC=C05000 -- C05000: bra     $c06f98
D0=55 D1=F0 D2=1 D3=0 D4=1 D5=1 D6=1 D7=2 A0=10FD94 A1=10FE01 A2=380001 A3=10FE52 A4=D08000 A5=10F300 A6=D0002C PC=C06F98 -- C06F98: lea     $10fe38.l, A0
D0=55 D1=F0 D2=1 D3=0 D4=1 D5=1 D6=1 D7=2 A0=10FE38 A1=10FE01 A2=380001 A3=10FE52 A4=D08000 A5=10F300 A6=D0002C PC=C06F9E -- C06F9E: cmpi.w  #$7654, (A0)
D0=55 D1=F0 D2=1 D3=0 D4=1 D5=1 D6=1 D7=2 A0=10FE38 A1=10FE01 A2=380001 A3=10FE52 A4=D08000 A5=10F300 A6=D0002C PC=C06FA2 -- C06FA2: beq     $c06fac
D0=55 D1=F0 D2=1 D3=0 D4=1 D5=1 D6=1 D7=2 A0=10FE38 A1=10FE01 A2=380001 A3=10FE52 A4=D08000 A5=10F300 A6=D0002C PC=C06FAC -- C06FAC: moveq   #$0, D1
D0=55 D1=0 D2=1 D3=0 D4=1 D5=1 D6=1 D7=2 A0=10FE38 A1=10FE01 A2=380001 A3=10FE52 A4=D08000 A5=10F300 A6=D0002C PC=C06FAE -- C06FAE: cmpi.w  #$236, D0
D0=55 D1=0 D2=1 D3=0 D4=1 D5=1 D6=1 D7=2 A0=10FE38 A1=10FE01 A2=380001 A3=10FE52 A4=D08000 A5=10F300 A6=D0002C PC=C06FB2 -- C06FB2: beq     $c079be
D0=55 D1=0 D2=1 D3=0 D4=1 D5=1 D6=1 D7=2 A0=10FE38 A1=10FE01 A2=380001 A3=10FE52 A4=D08000 A5=10F300 A6=D0002C PC=C06FB6 -- C06FB6: rts
D0=55 D1=0 D2=1 D3=0 D4=1 D5=1 D6=1 D7=2 A0=10FE38 A1=10FE01 A2=380001 A3=10FE52 A4=D08000 A5=10F300 A6=D0002C PC=C1E472 -- C1E472: bsr     $c1e488
D0=55 D1=0 D2=1 D3=0 D4=1 D5=1 D6=1 D7=2 A0=10FE38 A1=10FE01 A2=380001 A3=10FE52 A4=D08000 A5=10F300 A6=D0002C PC=C1E488 -- C1E488: move.w  $108.w, D0
D0=55 D1=0 D2=1 D3=0 D4=1 D5=1 D6=1 D7=2 A0=10FE38 A1=10FE01 A2=380001 A3=10FE52 A4=D08000 A5=10F300 A6=D0002C PC=C1E48C -- C1E48C: cmpi.w  #$2, D0
D0=55 D1=0 D2=1 D3=0 D4=1 D5=1 D6=1 D7=2 A0=10FE38 A1=10FE01 A2=380001 A3=10FE52 A4=D08000 A5=10F300 A6=D0002C PC=C1E490 -- C1E490: beq     $c1e4a8
D0=55 D1=0 D2=1 D3=0 D4=1 D5=1 D6=1 D7=2 A0=10FE38 A1=10FE01 A2=380001 A3=10FE52 A4=D08000 A5=10F300 A6=D0002C PC=C1E492 -- C1E492: cmpi.w  #$71, D0
D0=55 D1=0 D2=1 D3=0 D4=1 D5=1 D6=1 D7=2 A0=10FE38 A1=10FE01 A2=380001 A3=10FE52 A4=D08000 A5=10F300 A6=D0002C PC=C1E496 -- C1E496: beq     $c1e4a8
D0=55 D1=0 D2=1 D3=0 D4=1 D5=1 D6=1 D7=2 A0=10FE38 A1=10FE01 A2=380001 A3=10FE52 A4=D08000 A5=10F300 A6=D0002C PC=C1E498 -- C1E498: movea.l $10e.w, A1
D0=55 D1=0 D2=1 D3=0 D4=1 D5=1 D6=1 D7=2 A0=10FE38 A1=100000 A2=380001 A3=10FE52 A4=D08000 A5=10F300 A6=D0002C PC=C1E49C -- C1E49C: move.w  (A1), D0
D0=0 D1=0 D2=1 D3=0 D4=1 D5=1 D6=1 D7=2 A0=10FE38 A1=100000 A2=380001 A3=10FE52 A4=D08000 A5=10F300 A6=D0002C PC=C1E49E -- C1E49E: move.w  $10fe36.l, D2
D0=0 D1=0 D2=0 D3=0 D4=1 D5=1 D6=1 D7=2 A0=10FE38 A1=100000 A2=380001 A3=10FE52 A4=D08000 A5=10F300 A6=D0002C PC=C1E4A4 -- C1E4A4: or.w    D2, D0
D0=0 D1=0 D2=0 D3=0 D4=1 D5=1 D6=1 D7=2 A0=10FE38 A1=100000 A2=380001 A3=10FE52 A4=D08000 A5=10F300 A6=D0002C PC=C1E4A6 -- C1E4A6: move.w  D0, (A1)
D0=0 D1=0 D2=0 D3=0 D4=1 D5=1 D6=1 D7=2 A0=10FE38 A1=100000 A2=380001 A3=10FE52 A4=D08000 A5=10F300 A6=D0002C PC=C1E4A8 -- C1E4A8: rts
D0=0 D1=0 D2=0 D3=0 D4=1 D5=1 D6=1 D7=2 A0=10FE38 A1=100000 A2=380001 A3=10FE52 A4=D08000 A5=10F300 A6=D0002C PC=C1E476 -- C1E476: jsr     $c05004.l
D0=0 D1=0 D2=0 D3=0 D4=1 D5=1 D6=1 D7=2 A0=10FE38 A1=100000 A2=380001 A3=10FE52 A4=D08000 A5=10F300 A6=D0002C PC=C05004 -- C05004: bra     $c07c58
D0=0 D1=0 D2=0 D3=0 D4=1 D5=1 D6=1 D7=2 A0=10FE38 A1=100000 A2=380001 A3=10FE52 A4=D08000 A5=10F300 A6=D0002C PC=C07C58 -- C07C58: move.w  $108.w, D0
D0=55 D1=0 D2=0 D3=0 D4=1 D5=1 D6=1 D7=2 A0=10FE38 A1=100000 A2=380001 A3=10FE52 A4=D08000 A5=10F300 A6=D0002C PC=C07C5C -- C07C5C: move.w  D0, D1
D0=55 D1=55 D2=0 D3=0 D4=1 D5=1 D6=1 D7=2 A0=10FE38 A1=100000 A2=380001 A3=10FE52 A4=D08000 A5=10F300 A6=D0002C PC=C07C5E -- C07C5E: cmpi.w  #$261, D0
D0=55 D1=55 D2=0 D3=0 D4=1 D5=1 D6=1 D7=2 A0=10FE38 A1=100000 A2=380001 A3=10FE52 A4=D08000 A5=10F300 A6=D0002C PC=C07C62 -- C07C62: bne     $c07c76
D0=55 D1=55 D2=0 D3=0 D4=1 D5=1 D6=1 D7=2 A0=10FE38 A1=100000 A2=380001 A3=10FE52 A4=D08000 A5=10F300 A6=D0002C PC=C07C76 -- C07C76: tst.b   $10fe32.l
D0=55 D1=55 D2=0 D3=0 D4=1 D5=1 D6=1 D7=2 A0=10FE38 A1=100000 A2=380001 A3=10FE52 A4=D08000 A5=10F300 A6=D0002C PC=C07C7C -- C07C7C: bne     $c07c8c
D0=55 D1=55 D2=0 D3=0 D4=1 D5=1 D6=1 D7=2 A0=10FE38 A1=100000 A2=380001 A3=10FE52 A4=D08000 A5=10F300 A6=D0002C PC=C07C8C -- C07C8C: cmpi.w  #$266, D0
D0=55 D1=55 D2=0 D3=0 D4=1 D5=1 D6=1 D7=2 A0=10FE38 A1=100000 A2=380001 A3=10FE52 A4=D08000 A5=10F300 A6=D0002C PC=C07C90 -- C07C90: bne     $c07ca4
D0=55 D1=55 D2=0 D3=0 D4=1 D5=1 D6=1 D7=2 A0=10FE38 A1=100000 A2=380001 A3=10FE52 A4=D08000 A5=10F300 A6=D0002C PC=C07CA4 -- C07CA4: cmpi.w  #$271, D0
D0=55 D1=55 D2=0 D3=0 D4=1 D5=1 D6=1 D7=2 A0=10FE38 A1=100000 A2=380001 A3=10FE52 A4=D08000 A5=10F300 A6=D0002C PC=C07CA8 -- C07CA8: bne     $c07cd2
D0=55 D1=55 D2=0 D3=0 D4=1 D5=1 D6=1 D7=2 A0=10FE38 A1=100000 A2=380001 A3=10FE52 A4=D08000 A5=10F300 A6=D0002C PC=C07CD2 -- C07CD2: btst    #$2, $10fe35.l
D0=55 D1=55 D2=0 D3=0 D4=1 D5=1 D6=1 D7=2 A0=10FE38 A1=100000 A2=380001 A3=10FE52 A4=D08000 A5=10F300 A6=D0002C PC=C07CDA -- C07CDA: beq     $c07dae
D0=55 D1=55 D2=0 D3=0 D4=1 D5=1 D6=1 D7=2 A0=10FE38 A1=100000 A2=380001 A3=10FE52 A4=D08000 A5=10F300 A6=D0002C PC=C07DAE -- C07DAE: rts
D0=55 D1=55 D2=0 D3=0 D4=1 D5=1 D6=1 D7=2 A0=10FE38 A1=100000 A2=380001 A3=10FE52 A4=D08000 A5=10F300 A6=D0002C PC=C1E47C -- C1E47C: jsr     $c0500c.l
D0=55 D1=55 D2=0 D3=0 D4=1 D5=1 D6=1 D7=2 A0=10FE38 A1=100000 A2=380001 A3=10FE52 A4=D08000 A5=10F300 A6=D0002C PC=C0500C -- C0500C: bra     $c06c3e
D0=55 D1=55 D2=0 D3=0 D4=1 D5=1 D6=1 D7=2 A0=10FE38 A1=100000 A2=380001 A3=10FE52 A4=D08000 A5=10F300 A6=D0002C PC=C06C3E -- C06C3E: cmpi.w  #$262, $108.w
D0=55 D1=55 D2=0 D3=0 D4=1 D5=1 D6=1 D7=2 A0=10FE38 A1=100000 A2=380001 A3=10FE52 A4=D08000 A5=10F300 A6=D0002C PC=C06C44 -- C06C44: bne     $c06c8a
D0=55 D1=55 D2=0 D3=0 D4=1 D5=1 D6=1 D7=2 A0=10FE38 A1=100000 A2=380001 A3=10FE52 A4=D08000 A5=10F300 A6=D0002C PC=C06C8A -- C06C8A: rts
D0=55 D1=55 D2=0 D3=0 D4=1 D5=1 D6=1 D7=2 A0=10FE38 A1=100000 A2=380001 A3=10FE52 A4=D08000 A5=10F300 A6=D0002C PC=C1E482 -- C1E482: movem.l (A7)+, D0-D7/A0-A6
D0=FF D1=F0 D2=FF D3=0 D4=1 D5=1 D6=1 D7=2 A0=10FD94 A1=10FE01 A2=380001 A3=10FE52 A4=D08000 A5=10F300 A6=D0002C PC=C1E486 -- C1E486: rts
D0=FF D1=F0 D2=FF D3=0 D4=1 D5=1 D6=1 D7=2 A0=10FD94 A1=10FE01 A2=380001 A3=10FE52 A4=D08000 A5=10F300 A6=D0002C PC=C1B95E -- C1B95E: tst.b   $10fe32.l
D0=FF D1=F0 D2=FF D3=0 D4=1 D5=1 D6=1 D7=2 A0=10FD94 A1=10FE01 A2=380001 A3=10FE52 A4=D08000 A5=10F300 A6=D0002C PC=C1B964 -- C1B964: bne     $c1b9a2
D0=FF D1=F0 D2=FF D3=0 D4=1 D5=1 D6=1 D7=2 A0=10FD94 A1=10FE01 A2=380001 A3=10FE52 A4=D08000 A5=10F300 A6=D0002C PC=C1B9A2 -- C1B9A2: btst    #$1, $10fe35.l
D0=FF D1=F0 D2=FF D3=0 D4=1 D5=1 D6=1 D7=2 A0=10FD94 A1=10FE01 A2=380001 A3=10FE52 A4=D08000 A5=10F300 A6=D0002C PC=C1B9AA -- C1B9AA: bne     $c1b9b8
D0=FF D1=F0 D2=FF D3=0 D4=1 D5=1 D6=1 D7=2 A0=10FD94 A1=10FE01 A2=380001 A3=10FE52 A4=D08000 A5=10F300 A6=D0002C PC=C1B9AC -- C1B9AC: tst.b   $10fe8d.l
D0=FF D1=F0 D2=FF D3=0 D4=1 D5=1 D6=1 D7=2 A0=10FD94 A1=10FE01 A2=380001 A3=10FE52 A4=D08000 A5=10F300 A6=D0002C PC=C1B9B2 -- C1B9B2: bne     $c1b9b8
D0=FF D1=F0 D2=FF D3=0 D4=1 D5=1 D6=1 D7=2 A0=10FD94 A1=10FE01 A2=380001 A3=10FE52 A4=D08000 A5=10F300 A6=D0002C PC=C1B9B4 -- C1B9B4: ori.b   #$a, D2
D0=FF D1=F0 D2=FF D3=0 D4=1 D5=1 D6=1 D7=2 A0=10FD94 A1=10FE01 A2=380001 A3=10FE52 A4=D08000 A5=10F300 A6=D0002C PC=C1B9B8 -- C1B9B8: rts
D0=FF D1=F0 D2=FF D3=0 D4=1 D5=1 D6=1 D7=2 A0=10FD94 A1=10FE01 A2=380001 A3=10FE52 A4=D08000 A5=10F300 A6=D0002C PC=C18548 -- C18548: move.b  $340000.l, D4
D0=FF D1=F0 D2=FF D3=0 D4=FF D5=1 D6=1 D7=2 A0=10FD94 A1=10FE01 A2=380001 A3=10FE52 A4=D08000 A5=10F300 A6=D0002C PC=C1854E -- C1854E: swap    D4
D0=FF D1=F0 D2=FF D3=0 D4=FF0000 D5=1 D6=1 D7=2 A0=10FD94 A1=10FE01 A2=380001 A3=10FE52 A4=D08000 A5=10F300 A6=D0002C PC=C18550 -- C18550: move.b  $300000.l, D4
D0=FF D1=F0 D2=FF D3=0 D4=FF00FF D5=1 D6=1 D7=2 A0=10FD94 A1=10FE01 A2=380001 A3=10FE52 A4=D08000 A5=10F300 A6=D0002C PC=C18556 -- C18556: andi.b  #$f, D2
D0=FF D1=F0 D2=F D3=0 D4=FF00FF D5=1 D6=1 D7=2 A0=10FD94 A1=10FE01 A2=380001 A3=10FE52 A4=D08000 A5=10F300 A6=D0002C PC=C1855A -- C1855A: or.b    D1, D2
D0=FF D1=F0 D2=FF D3=0 D4=FF00FF D5=1 D6=1 D7=2 A0=10FD94 A1=10FE01 A2=380001 A3=10FE52 A4=D08000 A5=10F300 A6=D0002C PC=C1855C -- C1855C: not.b   D2
D0=FF D1=F0 D2=0 D3=0 D4=FF00FF D5=1 D6=1 D7=2 A0=10FD94 A1=10FE01 A2=380001 A3=10FE52 A4=D08000 A5=10F300 A6=D0002C PC=C1855E -- C1855E: move.b  $10fedc.l, D3
D0=FF D1=F0 D2=0 D3=1 D4=FF00FF D5=1 D6=1 D7=2 A0=10FD94 A1=10FE01 A2=380001 A3=10FE52 A4=D08000 A5=10F300 A6=D0002C PC=C18564 -- C18564: eor.b   D2, D3
D0=FF D1=F0 D2=0 D3=1 D4=FF00FF D5=1 D6=1 D7=2 A0=10FD94 A1=10FE01 A2=380001 A3=10FE52 A4=D08000 A5=10F300 A6=D0002C PC=C18566 -- C18566: and.b   D2, D3
D0=FF D1=F0 D2=0 D3=0 D4=FF00FF D5=1 D6=1 D7=2 A0=10FD94 A1=10FE01 A2=380001 A3=10FE52 A4=D08000 A5=10F300 A6=D0002C PC=C18568 -- C18568: cmpi.b  #$3, ($a94,A5)
D0=FF D1=F0 D2=0 D3=0 D4=FF00FF D5=1 D6=1 D7=2 A0=10FD94 A1=10FE01 A2=380001 A3=10FE52 A4=D08000 A5=10F300 A6=D0002C PC=C1856E -- C1856E: beq     $c18578
D0=FF D1=F0 D2=0 D3=0 D4=FF00FF D5=1 D6=1 D7=2 A0=10FD94 A1=10FE01 A2=380001 A3=10FE52 A4=D08000 A5=10F300 A6=D0002C PC=C18570 -- C18570: cmpi.b  #$3, ($a9a,A5)
D0=FF D1=F0 D2=0 D3=0 D4=FF00FF D5=1 D6=1 D7=2 A0=10FD94 A1=10FE01 A2=380001 A3=10FE52 A4=D08000 A5=10F300 A6=D0002C PC=C18576 -- C18576: bne     $c1857c
D0=FF D1=F0 D2=0 D3=0 D4=FF00FF D5=1 D6=1 D7=2 A0=10FD94 A1=10FE01 A2=380001 A3=10FE52 A4=D08000 A5=10F300 A6=D0002C PC=C1857C -- C1857C: move.b  #$cf, D7
D0=FF D1=F0 D2=0 D3=0 D4=FF00FF D5=1 D6=1 D7=CF A0=10FD94 A1=10FE01 A2=380001 A3=10FE52 A4=D08000 A5=10F300 A6=D0002C PC=C18580 -- C18580: jsr     ($d4,PC) ; ($c18656)
D0=FF D1=F0 D2=0 D3=0 D4=FF00FF D5=1 D6=1 D7=CF A0=10FD94 A1=10FE01 A2=380001 A3=10FE52 A4=D08000 A5=10F300 A6=D0002C PC=C18656 -- C18656: cmpi.b  #$3, (A0)
D0=FF D1=F0 D2=0 D3=0 D4=FF00FF D5=1 D6=1 D7=CF A0=10FD94 A1=10FE01 A2=380001 A3=10FE52 A4=D08000 A5=10F300 A6=D0002C PC=C1865A -- C1865A: beq     $c186b4
D0=FF D1=F0 D2=0 D3=0 D4=FF00FF D5=1 D6=1 D7=CF A0=10FD94 A1=10FE01 A2=380001 A3=10FE52 A4=D08000 A5=10F300 A6=D0002C PC=C1865C -- C1865C: move.b  D4, D0
D0=FF D1=F0 D2=0 D3=0 D4=FF00FF D5=1 D6=1 D7=CF A0=10FD94 A1=10FE01 A2=380001 A3=10FE52 A4=D08000 A5=10F300 A6=D0002C PC=C1865E -- C1865E: jsr     ($c,PC) ; ($c1866c)
D0=FF D1=F0 D2=0 D3=0 D4=FF00FF D5=1 D6=1 D7=CF A0=10FD94 A1=10FE01 A2=380001 A3=10FE52 A4=D08000 A5=10F300 A6=D0002C PC=C1866C -- C1866C: not.b   D0
D0=0 D1=F0 D2=0 D3=0 D4=FF00FF D5=1 D6=1 D7=CF A0=10FD94 A1=10FE01 A2=380001 A3=10FE52 A4=D08000 A5=10F300 A6=D0002C PC=C1866E -- C1866E: move.b  ($2,A0), D1
D0=0 D1=0 D2=0 D3=0 D4=FF00FF D5=1 D6=1 D7=CF A0=10FD94 A1=10FE01 A2=380001 A3=10FE52 A4=D08000 A5=10F300 A6=D0002C PC=C18672 -- C18672: cmp.b   D0, D1
D0=0 D1=0 D2=0 D3=0 D4=FF00FF D5=1 D6=1 D7=CF A0=10FD94 A1=10FE01 A2=380001 A3=10FE52 A4=D08000 A5=10F300 A6=D0002C PC=C18674 -- C18674: bne     $c18684
D0=0 D1=0 D2=0 D3=0 D4=FF00FF D5=1 D6=1 D7=CF A0=10FD94 A1=10FE01 A2=380001 A3=10FE52 A4=D08000 A5=10F300 A6=D0002C PC=C18676 -- C18676: subq.b  #1, ($5,A0)
D0=0 D1=0 D2=0 D3=0 D4=FF00FF D5=1 D6=1 D7=CF A0=10FD94 A1=10FE01 A2=380001 A3=10FE52 A4=D08000 A5=10F300 A6=D0002C PC=C1867A -- C1867A: bpl     $c18690
D0=0 D1=0 D2=0 D3=0 D4=FF00FF D5=1 D6=1 D7=CF A0=10FD94 A1=10FE01 A2=380001 A3=10FE52 A4=D08000 A5=10F300 A6=D0002C PC=C18690 -- C18690: clr.b   ($4,A0)
D0=0 D1=0 D2=0 D3=0 D4=FF00FF D5=1 D6=1 D7=CF A0=10FD94 A1=10FE01 A2=380001 A3=10FE52 A4=D08000 A5=10F300 A6=D0002C PC=C18694 -- C18694: move.b  D1, ($1,A0)
D0=0 D1=0 D2=0 D3=0 D4=FF00FF D5=1 D6=1 D7=CF A0=10FD94 A1=10FE01 A2=380001 A3=10FE52 A4=D08000 A5=10F300 A6=D0002C PC=C18698 -- C18698: move.b  D0, ($2,A0)
D0=0 D1=0 D2=0 D3=0 D4=FF00FF D5=1 D6=1 D7=CF A0=10FD94 A1=10FE01 A2=380001 A3=10FE52 A4=D08000 A5=10F300 A6=D0002C PC=C1869C -- C1869C: eor.b   D0, D1
D0=0 D1=0 D2=0 D3=0 D4=FF00FF D5=1 D6=1 D7=CF A0=10FD94 A1=10FE01 A2=380001 A3=10FE52 A4=D08000 A5=10F300 A6=D0002C PC=C1869E -- C1869E: and.b   D0, D1
D0=0 D1=0 D2=0 D3=0 D4=FF00FF D5=1 D6=1 D7=CF A0=10FD94 A1=10FE01 A2=380001 A3=10FE52 A4=D08000 A5=10F300 A6=D0002C PC=C186A0 -- C186A0: move.b  D1, ($3,A0)
D0=0 D1=0 D2=0 D3=0 D4=FF00FF D5=1 D6=1 D7=CF A0=10FD94 A1=10FE01 A2=380001 A3=10FE52 A4=D08000 A5=10F300 A6=D0002C PC=C186A4 -- C186A4: rts
D0=0 D1=0 D2=0 D3=0 D4=FF00FF D5=1 D6=1 D7=CF A0=10FD94 A1=10FE01 A2=380001 A3=10FE52 A4=D08000 A5=10F300 A6=D0002C PC=C18662 -- C18662: lea     ($c,A0), A0
D0=0 D1=0 D2=0 D3=0 D4=FF00FF D5=1 D6=1 D7=CF A0=10FDA0 A1=10FE01 A2=380001 A3=10FE52 A4=D08000 A5=10F300 A6=D0002C PC=C18666 -- C18666: tst.b   (A0)
D0=0 D1=0 D2=0 D3=0 D4=FF00FF D5=1 D6=1 D7=CF A0=10FDA0 A1=10FE01 A2=380001 A3=10FE52 A4=D08000 A5=10F300 A6=D0002C PC=C18668 -- C18668: beq     $c186a6
D0=0 D1=0 D2=0 D3=0 D4=FF00FF D5=1 D6=1 D7=CF A0=10FDA0 A1=10FE01 A2=380001 A3=10FE52 A4=D08000 A5=10F300 A6=D0002C PC=C186A6 -- C186A6: clr.b   ($1,A0)
D0=0 D1=0 D2=0 D3=0 D4=FF00FF D5=1 D6=1 D7=CF A0=10FDA0 A1=10FE01 A2=380001 A3=10FE52 A4=D08000 A5=10F300 A6=D0002C PC=C186AA -- C186AA: clr.l   ($2,A0)
D0=0 D1=0 D2=0 D3=0 D4=FF00FF D5=1 D6=1 D7=CF A0=10FDA0 A1=10FE01 A2=380001 A3=10FE52 A4=D08000 A5=10F300 A6=D0002C PC=C186AE -- C186AE: and.b   D7, D2
D0=0 D1=0 D2=0 D3=0 D4=FF00FF D5=1 D6=1 D7=CF A0=10FDA0 A1=10FE01 A2=380001 A3=10FE52 A4=D08000 A5=10F300 A6=D0002C PC=C186B0 -- C186B0: and.b   D7, D3
D0=0 D1=0 D2=0 D3=0 D4=FF00FF D5=1 D6=1 D7=CF A0=10FDA0 A1=10FE01 A2=380001 A3=10FE52 A4=D08000 A5=10F300 A6=D0002C PC=C186B2 -- C186B2: rts
D0=0 D1=0 D2=0 D3=0 D4=FF00FF D5=1 D6=1 D7=CF A0=10FDA0 A1=10FE01 A2=380001 A3=10FE52 A4=D08000 A5=10F300 A6=D0002C PC=C18584 -- C18584: swap    D4
D0=0 D1=0 D2=0 D3=0 D4=FF00FF D5=1 D6=1 D7=CF A0=10FDA0 A1=10FE01 A2=380001 A3=10FE52 A4=D08000 A5=10F300 A6=D0002C PC=C18586 -- C18586: swap    D5
D0=0 D1=0 D2=0 D3=0 D4=FF00FF D5=1 D6=1 D7=CF A0=10FDA0 A1=10FE01 A2=380001 A3=10FE52 A4=D08000 A5=10F300 A6=D0002C PC=C18588 -- C18588: swap    D6
D0=0 D1=0 D2=0 D3=0 D4=FF00FF D5=10000 D6=10000 D7=CF A0=10FDA0 A1=10FE01 A2=380001 A3=10FE52 A4=D08000 A5=10F300 A6=D0002C PC=C1858A -- C1858A: lea     ($a9a,A5), A0
D0=0 D1=0 D2=0 D3=0 D4=FF00FF D5=10000 D6=10000 D7=CF A0=10FD9A A1=10FE01 A2=380001 A3=10FE52 A4=D08000 A5=10F300 A6=D0002C PC=C1858E -- C1858E: move.b  #$3f, D7
D0=0 D1=0 D2=0 D3=0 D4=FF00FF D5=10000 D6=10000 D7=3F A0=10FD9A A1=10FE01 A2=380001 A3=10FE52 A4=D08000 A5=10F300 A6=D0002C PC=C18592 -- C18592: jsr     ($c2,PC) ; ($c18656)
D0=0 D1=0 D2=0 D3=0 D4=FF00FF D5=10000 D6=10000 D7=3F A0=10FD9A A1=10FE01 A2=380001 A3=10FE52 A4=D08000 A5=10F300 A6=D0002C PC=C18656 -- C18656: cmpi.b  #$3, (A0)
D0=0 D1=0 D2=0 D3=0 D4=FF00FF D5=10000 D6=10000 D7=3F A0=10FD9A A1=10FE01 A2=380001 A3=10FE52 A4=D08000 A5=10F300 A6=D0002C PC=C1865A -- C1865A: beq     $c186b4
D0=0 D1=0 D2=0 D3=0 D4=FF00FF D5=10000 D6=10000 D7=3F A0=10FD9A A1=10FE01 A2=380001 A3=10FE52 A4=D08000 A5=10F300 A6=D0002C PC=C1865C -- C1865C: move.b  D4, D0
D0=FF D1=0 D2=0 D3=0 D4=FF00FF D5=10000 D6=10000 D7=3F A0=10FD9A A1=10FE01 A2=380001 A3=10FE52 A4=D08000 A5=10F300 A6=D0002C PC=C1865E -- C1865E: jsr     ($c,PC) ; ($c1866c)
D0=FF D1=0 D2=0 D3=0 D4=FF00FF D5=10000 D6=10000 D7=3F A0=10FD9A A1=10FE01 A2=380001 A3=10FE52 A4=D08000 A5=10F300 A6=D0002C PC=C1866C -- C1866C: not.b   D0
D0=0 D1=0 D2=0 D3=0 D4=FF00FF D5=10000 D6=10000 D7=3F A0=10FD9A A1=10FE01 A2=380001 A3=10FE52 A4=D08000 A5=10F300 A6=D0002C PC=C1866E -- C1866E: move.b  ($2,A0), D1
D0=0 D1=0 D2=0 D3=0 D4=FF00FF D5=10000 D6=10000 D7=3F A0=10FD9A A1=10FE01 A2=380001 A3=10FE52 A4=D08000 A5=10F300 A6=D0002C PC=C18672 -- C18672: cmp.b   D0, D1
D0=0 D1=0 D2=0 D3=0 D4=FF00FF D5=10000 D6=10000 D7=3F A0=10FD9A A1=10FE01 A2=380001 A3=10FE52 A4=D08000 A5=10F300 A6=D0002C PC=C18674 -- C18674: bne     $c18684
D0=0 D1=0 D2=0 D3=0 D4=FF00FF D5=10000 D6=10000 D7=3F A0=10FD9A A1=10FE01 A2=380001 A3=10FE52 A4=D08000 A5=10F300 A6=D0002C PC=C18676 -- C18676: subq.b  #1, ($5,A0)
D0=0 D1=0 D2=0 D3=0 D4=FF00FF D5=10000 D6=10000 D7=3F A0=10FD9A A1=10FE01 A2=380001 A3=10FE52 A4=D08000 A5=10F300 A6=D0002C PC=C1867A -- C1867A: bpl     $c18690
D0=0 D1=0 D2=0 D3=0 D4=FF00FF D5=10000 D6=10000 D7=3F A0=10FD9A A1=10FE01 A2=380001 A3=10FE52 A4=D08000 A5=10F300 A6=D0002C PC=C18690 -- C18690: clr.b   ($4,A0)
D0=0 D1=0 D2=0 D3=0 D4=FF00FF D5=10000 D6=10000 D7=3F A0=10FD9A A1=10FE01 A2=380001 A3=10FE52 A4=D08000 A5=10F300 A6=D0002C PC=C18694 -- C18694: move.b  D1, ($1,A0)
D0=0 D1=0 D2=0 D3=0 D4=FF00FF D5=10000 D6=10000 D7=3F A0=10FD9A A1=10FE01 A2=380001 A3=10FE52 A4=D08000 A5=10F300 A6=D0002C PC=C18698 -- C18698: move.b  D0, ($2,A0)
D0=0 D1=0 D2=0 D3=0 D4=FF00FF D5=10000 D6=10000 D7=3F A0=10FD9A A1=10FE01 A2=380001 A3=10FE52 A4=D08000 A5=10F300 A6=D0002C PC=C1869C -- C1869C: eor.b   D0, D1
D0=0 D1=0 D2=0 D3=0 D4=FF00FF D5=10000 D6=10000 D7=3F A0=10FD9A A1=10FE01 A2=380001 A3=10FE52 A4=D08000 A5=10F300 A6=D0002C PC=C1869E -- C1869E: and.b   D0, D1
D0=0 D1=0 D2=0 D3=0 D4=FF00FF D5=10000 D6=10000 D7=3F A0=10FD9A A1=10FE01 A2=380001 A3=10FE52 A4=D08000 A5=10F300 A6=D0002C PC=C186A0 -- C186A0: move.b  D1, ($3,A0)
D0=0 D1=0 D2=0 D3=0 D4=FF00FF D5=10000 D6=10000 D7=3F A0=10FD9A A1=10FE01 A2=380001 A3=10FE52 A4=D08000 A5=10F300 A6=D0002C PC=C186A4 -- C186A4: rts
D0=0 D1=0 D2=0 D3=0 D4=FF00FF D5=10000 D6=10000 D7=3F A0=10FD9A A1=10FE01 A2=380001 A3=10FE52 A4=D08000 A5=10F300 A6=D0002C PC=C18662 -- C18662: lea     ($c,A0), A0
D0=0 D1=0 D2=0 D3=0 D4=FF00FF D5=10000 D6=10000 D7=3F A0=10FDA6 A1=10FE01 A2=380001 A3=10FE52 A4=D08000 A5=10F300 A6=D0002C PC=C18666 -- C18666: tst.b   (A0)
D0=0 D1=0 D2=0 D3=0 D4=FF00FF D5=10000 D6=10000 D7=3F A0=10FDA6 A1=10FE01 A2=380001 A3=10FE52 A4=D08000 A5=10F300 A6=D0002C PC=C18668 -- C18668: beq     $c186a6
D0=0 D1=0 D2=0 D3=0 D4=FF00FF D5=10000 D6=10000 D7=3F A0=10FDA6 A1=10FE01 A2=380001 A3=10FE52 A4=D08000 A5=10F300 A6=D0002C PC=C186A6 -- C186A6: clr.b   ($1,A0)
D0=0 D1=0 D2=0 D3=0 D4=FF00FF D5=10000 D6=10000 D7=3F A0=10FDA6 A1=10FE01 A2=380001 A3=10FE52 A4=D08000 A5=10F300 A6=D0002C PC=C186AA -- C186AA: clr.l   ($2,A0)
D0=0 D1=0 D2=0 D3=0 D4=FF00FF D5=10000 D6=10000 D7=3F A0=10FDA6 A1=10FE01 A2=380001 A3=10FE52 A4=D08000 A5=10F300 A6=D0002C PC=C186AE -- C186AE: and.b   D7, D2
D0=0 D1=0 D2=0 D3=0 D4=FF00FF D5=10000 D6=10000 D7=3F A0=10FDA6 A1=10FE01 A2=380001 A3=10FE52 A4=D08000 A5=10F300 A6=D0002C PC=C186B0 -- C186B0: and.b   D7, D3
D0=0 D1=0 D2=0 D3=0 D4=FF00FF D5=10000 D6=10000 D7=3F A0=10FDA6 A1=10FE01 A2=380001 A3=10FE52 A4=D08000 A5=10F300 A6=D0002C PC=C186B2 -- C186B2: rts
D0=0 D1=0 D2=0 D3=0 D4=FF00FF D5=10000 D6=10000 D7=3F A0=10FDA6 A1=10FE01 A2=380001 A3=10FE52 A4=D08000 A5=10F300 A6=D0002C PC=C18596 -- C18596: lea     ($a94,A5), A0
D0=0 D1=0 D2=0 D3=0 D4=FF00FF D5=10000 D6=10000 D7=3F A0=10FD94 A1=10FE01 A2=380001 A3=10FE52 A4=D08000 A5=10F300 A6=D0002C PC=C1859A -- C1859A: moveq   #$1, D0
D0=1 D1=0 D2=0 D3=0 D4=FF00FF D5=10000 D6=10000 D7=3F A0=10FD94 A1=10FE01 A2=380001 A3=10FE52 A4=D08000 A5=10F300 A6=D0002C PC=C1859C -- C1859C: jsr     ($90,PC) ; ($c1862e)
D0=1 D1=0 D2=0 D3=0 D4=FF00FF D5=10000 D6=10000 D7=3F A0=10FD94 A1=10FE01 A2=380001 A3=10FE52 A4=D08000 A5=10F300 A6=D0002C PC=C1862E -- C1862E: cmpi.b  #$3, (A0)
D0=1 D1=0 D2=0 D3=0 D4=FF00FF D5=10000 D6=10000 D7=3F A0=10FD94 A1=10FE01 A2=380001 A3=10FE52 A4=D08000 A5=10F300 A6=D0002C PC=C18632 -- C18632: bne     $c18654
D0=1 D1=0 D2=0 D3=0 D4=FF00FF D5=10000 D6=10000 D7=3F A0=10FD94 A1=10FE01 A2=380001 A3=10FE52 A4=D08000 A5=10F300 A6=D0002C PC=C18654 -- C18654: rts
D0=1 D1=0 D2=0 D3=0 D4=FF00FF D5=10000 D6=10000 D7=3F A0=10FD94 A1=10FE01 A2=380001 A3=10FE52 A4=D08000 A5=10F300 A6=D0002C PC=C185A0 -- C185A0: lea     ($a9a,A5), A0
D0=1 D1=0 D2=0 D3=0 D4=FF00FF D5=10000 D6=10000 D7=3F A0=10FD9A A1=10FE01 A2=380001 A3=10FE52 A4=D08000 A5=10F300 A6=D0002C PC=C185A4 -- C185A4: moveq   #$3, D0
D0=3 D1=0 D2=0 D3=0 D4=FF00FF D5=10000 D6=10000 D7=3F A0=10FD9A A1=10FE01 A2=380001 A3=10FE52 A4=D08000 A5=10F300 A6=D0002C PC=C185A6 -- C185A6: jsr     ($86,PC) ; ($c1862e)
D0=3 D1=0 D2=0 D3=0 D4=FF00FF D5=10000 D6=10000 D7=3F A0=10FD9A A1=10FE01 A2=380001 A3=10FE52 A4=D08000 A5=10F300 A6=D0002C PC=C1862E -- C1862E: cmpi.b  #$3, (A0)
D0=3 D1=0 D2=0 D3=0 D4=FF00FF D5=10000 D6=10000 D7=3F A0=10FD9A A1=10FE01 A2=380001 A3=10FE52 A4=D08000 A5=10F300 A6=D0002C PC=C18632 -- C18632: bne     $c18654
D0=3 D1=0 D2=0 D3=0 D4=FF00FF D5=10000 D6=10000 D7=3F A0=10FD9A A1=10FE01 A2=380001 A3=10FE52 A4=D08000 A5=10F300 A6=D0002C PC=C18654 -- C18654: rts
D0=3 D1=0 D2=0 D3=0 D4=FF00FF D5=10000 D6=10000 D7=3F A0=10FD9A A1=10FE01 A2=380001 A3=10FE52 A4=D08000 A5=10F300 A6=D0002C PC=C185AA -- C185AA: jmp     $c1b9c0.l
D0=3 D1=0 D2=0 D3=0 D4=FF00FF D5=10000 D6=10000 D7=3F A0=10FD9A A1=10FE01 A2=380001 A3=10FE52 A4=D08000 A5=10F300 A6=D0002C PC=C1B9C0 -- C1B9C0: move.b  D2, ($bdc,A5)
D0=3 D1=0 D2=0 D3=0 D4=FF00FF D5=10000 D6=10000 D7=3F A0=10FD9A A1=10FE01 A2=380001 A3=10FE52 A4=D08000 A5=10F300 A6=D0002C PC=C1B9C4 -- C1B9C4: move.b  D3, ($bdd,A5)
D0=3 D1=0 D2=0 D3=0 D4=FF00FF D5=10000 D6=10000 D7=3F A0=10FD9A A1=10FE01 A2=380001 A3=10FE52 A4=D08000 A5=10F300 A6=D0002C PC=C1B9C8 -- C1B9C8: tst.b   $10fe8d.l
D0=3 D1=0 D2=0 D3=0 D4=FF00FF D5=10000 D6=10000 D7=3F A0=10FD9A A1=10FE01 A2=380001 A3=10FE52 A4=D08000 A5=10F300 A6=D0002C PC=C1B9CE -- C1B9CE: bne     $c1b9d8
D0=3 D1=0 D2=0 D3=0 D4=FF00FF D5=10000 D6=10000 D7=3F A0=10FD9A A1=10FE01 A2=380001 A3=10FE52 A4=D08000 A5=10F300 A6=D0002C PC=C1B9D0 -- C1B9D0: tst.b   $10fe32.l
D0=3 D1=0 D2=0 D3=0 D4=FF00FF D5=10000 D6=10000 D7=3F A0=10FD9A A1=10FE01 A2=380001 A3=10FE52 A4=D08000 A5=10F300 A6=D0002C PC=C1B9D6 -- C1B9D6: bne     $c1b9e6
D0=3 D1=0 D2=0 D3=0 D4=FF00FF D5=10000 D6=10000 D7=3F A0=10FD9A A1=10FE01 A2=380001 A3=10FE52 A4=D08000 A5=10F300 A6=D0002C PC=C1B9E6 -- C1B9E6: jmp     $c185b2.l
D0=3 D1=0 D2=0 D3=0 D4=FF00FF D5=10000 D6=10000 D7=3F A0=10FD9A A1=10FE01 A2=380001 A3=10FE52 A4=D08000 A5=10F300 A6=D0002C PC=C185B2 -- C185B2: andi.b  #$55, D2
D0=3 D1=0 D2=0 D3=0 D4=FF00FF D5=10000 D6=10000 D7=3F A0=10FD9A A1=10FE01 A2=380001 A3=10FE52 A4=D08000 A5=10F300 A6=D0002C PC=C185B6 -- C185B6: andi.b  #$55, D3
D0=3 D1=0 D2=0 D3=0 D4=FF00FF D5=10000 D6=10000 D7=3F A0=10FD9A A1=10FE01 A2=380001 A3=10FE52 A4=D08000 A5=10F300 A6=D0002C PC=C185BA -- C185BA: move.b  D2, ($aac,A5)
D0=3 D1=0 D2=0 D3=0 D4=FF00FF D5=10000 D6=10000 D7=3F A0=10FD9A A1=10FE01 A2=380001 A3=10FE52 A4=D08000 A5=10F300 A6=D0002C PC=C185BE -- C185BE: move.b  D3, ($aad,A5)
D0=3 D1=0 D2=0 D3=0 D4=FF00FF D5=10000 D6=10000 D7=3F A0=10FD9A A1=10FE01 A2=380001 A3=10FE52 A4=D08000 A5=10F300 A6=D0002C PC=C185C2 -- C185C2: move.b  #$0, $380001.l
D0=3 D1=0 D2=0 D3=0 D4=FF00FF D5=10000 D6=10000 D7=3F A0=10FD9A A1=10FE01 A2=380001 A3=10FE52 A4=D08000 A5=10F300 A6=D0002C PC=C185CA -- C185CA: lea     ($a94,A5), A0
D0=3 D1=0 D2=0 D3=0 D4=FF00FF D5=10000 D6=10000 D7=3F A0=10FD94 A1=10FE01 A2=380001 A3=10FE52 A4=D08000 A5=10F300 A6=D0002C PC=C185CE -- C185CE: lea     ($be8,A5), A1
D0=3 D1=0 D2=0 D3=0 D4=FF00FF D5=10000 D6=10000 D7=3F A0=10FD94 A1=10FEE8 A2=380001 A3=10FE52 A4=D08000 A5=10F300 A6=D0002C PC=C185D2 -- C185D2: jsr     ($a,PC) ; ($c185de)
D0=3 D1=0 D2=0 D3=0 D4=FF00FF D5=10000 D6=10000 D7=3F A0=10FD94 A1=10FEE8 A2=380001 A3=10FE52 A4=D08000 A5=10F300 A6=D0002C PC=C185DE -- C185DE: cmpi.b  #$3, (A0)
D0=3 D1=0 D2=0 D3=0 D4=FF00FF D5=10000 D6=10000 D7=3F A0=10FD94 A1=10FEE8 A2=380001 A3=10FE52 A4=D08000 A5=10F300 A6=D0002C PC=C185E2 -- C185E2: beq     $c185ee
D0=3 D1=0 D2=0 D3=0 D4=FF00FF D5=10000 D6=10000 D7=3F A0=10FD94 A1=10FEE8 A2=380001 A3=10FE52 A4=D08000 A5=10F300 A6=D0002C PC=C185E4 -- C185E4: move.l  (A0), (A1)
D0=3 D1=0 D2=0 D3=0 D4=FF00FF D5=10000 D6=10000 D7=3F A0=10FD94 A1=10FEE8 A2=380001 A3=10FE52 A4=D08000 A5=10F300 A6=D0002C PC=C185E6 -- C185E6: move.w  ($4,A0), ($4,A1)
D0=3 D1=0 D2=0 D3=0 D4=FF00FF D5=10000 D6=10000 D7=3F A0=10FD94 A1=10FEE8 A2=380001 A3=10FE52 A4=D08000 A5=10F300 A6=D0002C PC=C185EC -- C185EC: rts
D0=3 D1=0 D2=0 D3=0 D4=FF00FF D5=10000 D6=10000 D7=3F A0=10FD94 A1=10FEE8 A2=380001 A3=10FE52 A4=D08000 A5=10F300 A6=D0002C PC=C185D6 -- C185D6: lea     ($a9a,A5), A0
D0=3 D1=0 D2=0 D3=0 D4=FF00FF D5=10000 D6=10000 D7=3F A0=10FD9A A1=10FEE8 A2=380001 A3=10FE52 A4=D08000 A5=10F300 A6=D0002C PC=C185DA -- C185DA: lea     ($bee,A5), A1
D0=3 D1=0 D2=0 D3=0 D4=FF00FF D5=10000 D6=10000 D7=3F A0=10FD9A A1=10FEEE A2=380001 A3=10FE52 A4=D08000 A5=10F300 A6=D0002C PC=C185DE -- C185DE: cmpi.b  #$3, (A0)
D0=3 D1=0 D2=0 D3=0 D4=FF00FF D5=10000 D6=10000 D7=3F A0=10FD9A A1=10FEEE A2=380001 A3=10FE52 A4=D08000 A5=10F300 A6=D0002C PC=C185E2 -- C185E2: beq     $c185ee
D0=3 D1=0 D2=0 D3=0 D4=FF00FF D5=10000 D6=10000 D7=3F A0=10FD9A A1=10FEEE A2=380001 A3=10FE52 A4=D08000 A5=10F300 A6=D0002C PC=C185E4 -- C185E4: move.l  (A0), (A1)
D0=3 D1=0 D2=0 D3=0 D4=FF00FF D5=10000 D6=10000 D7=3F A0=10FD9A A1=10FEEE A2=380001 A3=10FE52 A4=D08000 A5=10F300 A6=D0002C PC=C185E6 -- C185E6: move.w  ($4,A0), ($4,A1)
D0=3 D1=0 D2=0 D3=0 D4=FF00FF D5=10000 D6=10000 D7=3F A0=10FD9A A1=10FEEE A2=380001 A3=10FE52 A4=D08000 A5=10F300 A6=D0002C PC=C185EC -- C185EC: rts
D0=3 D1=0 D2=0 D3=0 D4=FF00FF D5=10000 D6=10000 D7=3F A0=10FD9A A1=10FEEE A2=380001 A3=10FE52 A4=D08000 A5=10F300 A6=D0002C PC=C1168C -- C1168C: tst.w   $c116c6.l
D0=3 D1=0 D2=0 D3=0 D4=FF00FF D5=10000 D6=10000 D7=3F A0=10FD9A A1=10FEEE A2=380001 A3=10FE52 A4=D08000 A5=10F300 A6=D0002C PC=C11692 -- C11692: bne     $c11696
D0=3 D1=0 D2=0 D3=0 D4=FF00FF D5=10000 D6=10000 D7=3F A0=10FD9A A1=10FEEE A2=380001 A3=10FE52 A4=D08000 A5=10F300 A6=D0002C PC=C11696 -- C11696: tst.b   ($be1,A5)
D0=3 D1=0 D2=0 D3=0 D4=FF00FF D5=10000 D6=10000 D7=3F A0=10FD9A A1=10FEEE A2=380001 A3=10FE52 A4=D08000 A5=10F300 A6=D0002C PC=C1169A -- C1169A: bmi     $c116b2
D0=3 D1=0 D2=0 D3=0 D4=FF00FF D5=10000 D6=10000 D7=3F A0=10FD9A A1=10FEEE A2=380001 A3=10FE52 A4=D08000 A5=10F300 A6=D0002C PC=C1169C -- C1169C: beq     $c116a4
D0=3 D1=0 D2=0 D3=0 D4=FF00FF D5=10000 D6=10000 D7=3F A0=10FD9A A1=10FEEE A2=380001 A3=10FE52 A4=D08000 A5=10F300 A6=D0002C PC=C116A4 -- C116A4: tst.b   ($a80,A5)
D0=3 D1=0 D2=0 D3=0 D4=FF00FF D5=10000 D6=10000 D7=3F A0=10FD9A A1=10FEEE A2=380001 A3=10FE52 A4=D08000 A5=10F300 A6=D0002C PC=C116A8 -- C116A8: bpl     $c116b2
D0=3 D1=0 D2=0 D3=0 D4=FF00FF D5=10000 D6=10000 D7=3F A0=10FD9A A1=10FEEE A2=380001 A3=10FE52 A4=D08000 A5=10F300 A6=D0002C PC=C116AA -- C116AA: jsr     ($1c,PC) ; ($c116c8)
D0=3 D1=0 D2=0 D3=0 D4=FF00FF D5=10000 D6=10000 D7=3F A0=10FD9A A1=10FEEE A2=380001 A3=10FE52 A4=D08000 A5=10F300 A6=D0002C PC=C116C8 -- C116C8: tst.b   ($aaf,A5)
D0=3 D1=0 D2=0 D3=0 D4=FF00FF D5=10000 D6=10000 D7=3F A0=10FD9A A1=10FEEE A2=380001 A3=10FE52 A4=D08000 A5=10F300 A6=D0002C PC=C116CC -- C116CC: beq     $c11778
D0=3 D1=0 D2=0 D3=0 D4=FF00FF D5=10000 D6=10000 D7=3F A0=10FD9A A1=10FEEE A2=380001 A3=10FE52 A4=D08000 A5=10F300 A6=D0002C PC=C116D0 -- C116D0: moveq   #$0, D0
D0=0 D1=0 D2=0 D3=0 D4=FF00FF D5=10000 D6=10000 D7=3F A0=10FD9A A1=10FEEE A2=380001 A3=10FE52 A4=D08000 A5=10F300 A6=D0002C PC=C116D2 -- C116D2: move.b  ($aad,A5), D1
D0=0 D1=0 D2=0 D3=0 D4=FF00FF D5=10000 D6=10000 D7=3F A0=10FD9A A1=10FEEE A2=380001 A3=10FE52 A4=D08000 A5=10F300 A6=D0002C PC=C116D6 -- C116D6: moveq   #$3, D7
D0=0 D1=0 D2=0 D3=0 D4=FF00FF D5=10000 D6=10000 D7=3 A0=10FD9A A1=10FEEE A2=380001 A3=10FE52 A4=D08000 A5=10F300 A6=D0002C PC=C116D8 -- C116D8: jmp     $c1bd10.l
D0=0 D1=0 D2=0 D3=0 D4=FF00FF D5=10000 D6=10000 D7=3 A0=10FD9A A1=10FEEE A2=380001 A3=10FE52 A4=D08000 A5=10F300 A6=D0002C PC=C1BD10 -- C1BD10: add.b   D1, D1
D0=0 D1=0 D2=0 D3=0 D4=FF00FF D5=10000 D6=10000 D7=3 A0=10FD9A A1=10FEEE A2=380001 A3=10FE52 A4=D08000 A5=10F300 A6=D0002C PC=C1BD12 -- C1BD12: add.b   D1, D1
D0=0 D1=0 D2=0 D3=0 D4=FF00FF D5=10000 D6=10000 D7=3 A0=10FD9A A1=10FEEE A2=380001 A3=10FE52 A4=D08000 A5=10F300 A6=D0002C PC=C1BD14 -- C1BD14: addx.b  D0, D0
D0=0 D1=0 D2=0 D3=0 D4=FF00FF D5=10000 D6=10000 D7=3 A0=10FD9A A1=10FEEE A2=380001 A3=10FE52 A4=D08000 A5=10F300 A6=D0002C PC=C1BD16 -- C1BD16: dbra    D7, $c1bd10
D0=0 D1=0 D2=0 D3=0 D4=FF00FF D5=10000 D6=10000 D7=2 A0=10FD9A A1=10FEEE A2=380001 A3=10FE52 A4=D08000 A5=10F300 A6=D0002C PC=C1BD10 -- C1BD10: add.b   D1, D1
D0=0 D1=0 D2=0 D3=0 D4=FF00FF D5=10000 D6=10000 D7=2 A0=10FD9A A1=10FEEE A2=380001 A3=10FE52 A4=D08000 A5=10F300 A6=D0002C PC=C1BD12 -- C1BD12: add.b   D1, D1
D0=0 D1=0 D2=0 D3=0 D4=FF00FF D5=10000 D6=10000 D7=2 A0=10FD9A A1=10FEEE A2=380001 A3=10FE52 A4=D08000 A5=10F300 A6=D0002C PC=C1BD14 -- C1BD14: addx.b  D0, D0
D0=0 D1=0 D2=0 D3=0 D4=FF00FF D5=10000 D6=10000 D7=2 A0=10FD9A A1=10FEEE A2=380001 A3=10FE52 A4=D08000 A5=10F300 A6=D0002C PC=C1BD16 -- C1BD16: dbra    D7, $c1bd10

   (loops for 8 instructions)

D0=0 D1=0 D2=0 D3=0 D4=FF00FF D5=10000 D6=10000 D7=FFFF A0=10FD9A A1=10FEEE A2=380001 A3=10FE52 A4=D08000 A5=10F300 A6=D0002C PC=C1BD1A -- C1BD1A: tst.b   ($a82,A5)
D0=0 D1=0 D2=0 D3=0 D4=FF00FF D5=10000 D6=10000 D7=FFFF A0=10FD9A A1=10FEEE A2=380001 A3=10FE52 A4=D08000 A5=10F300 A6=D0002C PC=C1BD1E -- C1BD1E: beq     $c1bd26
D0=0 D1=0 D2=0 D3=0 D4=FF00FF D5=10000 D6=10000 D7=FFFF A0=10FD9A A1=10FEEE A2=380001 A3=10FE52 A4=D08000 A5=10F300 A6=D0002C PC=C1BD20 -- C1BD20: jmp     $c116e2.l
D0=0 D1=0 D2=0 D3=0 D4=FF00FF D5=10000 D6=10000 D7=FFFF A0=10FD9A A1=10FEEE A2=380001 A3=10FE52 A4=D08000 A5=10F300 A6=D0002C PC=C116E2 -- C116E2: tst.b   D0
D0=0 D1=0 D2=0 D3=0 D4=FF00FF D5=10000 D6=10000 D7=FFFF A0=10FD9A A1=10FEEE A2=380001 A3=10FE52 A4=D08000 A5=10F300 A6=D0002C PC=C116E4 -- C116E4: bne     $c1173a
D0=0 D1=0 D2=0 D3=0 D4=FF00FF D5=10000 D6=10000 D7=FFFF A0=10FD9A A1=10FEEE A2=380001 A3=10FE52 A4=D08000 A5=10F300 A6=D0002C PC=C116E6 -- C116E6: cmpi.b  #$1, ($aaf,A5)
D0=0 D1=0 D2=0 D3=0 D4=FF00FF D5=10000 D6=10000 D7=FFFF A0=10FD9A A1=10FEEE A2=380001 A3=10FE52 A4=D08000 A5=10F300 A6=D0002C PC=C116EC -- C116EC: bne     $c11778
D0=0 D1=0 D2=0 D3=0 D4=FF00FF D5=10000 D6=10000 D7=FFFF A0=10FD9A A1=10FEEE A2=380001 A3=10FE52 A4=D08000 A5=10F300 A6=D0002C PC=C11778 -- C11778: rts
D0=0 D1=0 D2=0 D3=0 D4=FF00FF D5=10000 D6=10000 D7=FFFF A0=10FD9A A1=10FEEE A2=380001 A3=10FE52 A4=D08000 A5=10F300 A6=D0002C PC=C116AE -- C116AE: jsr     ($18c,PC) ; ($c1183c)
D0=0 D1=0 D2=0 D3=0 D4=FF00FF D5=10000 D6=10000 D7=FFFF A0=10FD9A A1=10FEEE A2=380001 A3=10FE52 A4=D08000 A5=10F300 A6=D0002C PC=C1183C -- C1183C: jmp     $c1bd62.l
D0=0 D1=0 D2=0 D3=0 D4=FF00FF D5=10000 D6=10000 D7=FFFF A0=10FD9A A1=10FEEE A2=380001 A3=10FE52 A4=D08000 A5=10F300 A6=D0002C PC=C1BD62 -- C1BD62: btst    #$2, $10fe35.l
D0=0 D1=0 D2=0 D3=0 D4=FF00FF D5=10000 D6=10000 D7=FFFF A0=10FD9A A1=10FEEE A2=380001 A3=10FE52 A4=D08000 A5=10F300 A6=D0002C PC=C1BD6A -- C1BD6A: beq     $c1bd72
D0=0 D1=0 D2=0 D3=0 D4=FF00FF D5=10000 D6=10000 D7=FFFF A0=10FD9A A1=10FEEE A2=380001 A3=10FE52 A4=D08000 A5=10F300 A6=D0002C PC=C1BD72 -- C1BD72: tst.b   ($bbb,A5)
D0=0 D1=0 D2=0 D3=0 D4=FF00FF D5=10000 D6=10000 D7=FFFF A0=10FD9A A1=10FEEE A2=380001 A3=10FE52 A4=D08000 A5=10F300 A6=D0002C PC=C1BD76 -- C1BD76: bne     $c1bd80
D0=0 D1=0 D2=0 D3=0 D4=FF00FF D5=10000 D6=10000 D7=FFFF A0=10FD9A A1=10FEEE A2=380001 A3=10FE52 A4=D08000 A5=10F300 A6=D0002C PC=C1BD78 -- C1BD78: move.b  #$ff, $380031.l
D0=0 D1=0 D2=0 D3=0 D4=FF00FF D5=10000 D6=10000 D7=FFFF A0=10FD9A A1=10FEEE A2=380001 A3=10FE52 A4=D08000 A5=10F300 A6=D0002C PC=C1BD80 -- C1BD80: jmp     $c1184a.l
D0=0 D1=0 D2=0 D3=0 D4=FF00FF D5=10000 D6=10000 D7=FFFF A0=10FD9A A1=10FEEE A2=380001 A3=10FE52 A4=D08000 A5=10F300 A6=D0002C PC=C1184A -- C1184A: tst.b   ($be1,A5)
D0=0 D1=0 D2=0 D3=0 D4=FF00FF D5=10000 D6=10000 D7=FFFF A0=10FD9A A1=10FEEE A2=380001 A3=10FE52 A4=D08000 A5=10F300 A6=D0002C PC=C1184E -- C1184E: bne     $c118c8
D0=0 D1=0 D2=0 D3=0 D4=FF00FF D5=10000 D6=10000 D7=FFFF A0=10FD9A A1=10FEEE A2=380001 A3=10FE52 A4=D08000 A5=10F300 A6=D0002C PC=C11852 -- C11852: move.b  ($aaf,A5), D0
D0=2 D1=0 D2=0 D3=0 D4=FF00FF D5=10000 D6=10000 D7=FFFF A0=10FD9A A1=10FEEE A2=380001 A3=10FE52 A4=D08000 A5=10F300 A6=D0002C PC=C11856 -- C11856: cmpi.b  #$1, D0
D0=2 D1=0 D2=0 D3=0 D4=FF00FF D5=10000 D6=10000 D7=FFFF A0=10FD9A A1=10FEEE A2=380001 A3=10FE52 A4=D08000 A5=10F300 A6=D0002C PC=C1185A -- C1185A: bne     $c118c8
D0=2 D1=0 D2=0 D3=0 D4=FF00FF D5=10000 D6=10000 D7=FFFF A0=10FD9A A1=10FEEE A2=380001 A3=10FE52 A4=D08000 A5=10F300 A6=D0002C PC=C118C8 -- C118C8: rts
D0=2 D1=0 D2=0 D3=0 D4=FF00FF D5=10000 D6=10000 D7=FFFF A0=10FD9A A1=10FEEE A2=380001 A3=10FE52 A4=D08000 A5=10F300 A6=D0002C PC=C116B2 -- C116B2: tst.b   ($a82,A5)
D0=2 D1=0 D2=0 D3=0 D4=FF00FF D5=10000 D6=10000 D7=FFFF A0=10FD9A A1=10FEEE A2=380001 A3=10FE52 A4=D08000 A5=10F300 A6=D0002C PC=C116B6 -- C116B6: beq     $c116c4
D0=2 D1=0 D2=0 D3=0 D4=FF00FF D5=10000 D6=10000 D7=FFFF A0=10FD9A A1=10FEEE A2=380001 A3=10FE52 A4=D08000 A5=10F300 A6=D0002C PC=C116B8 -- C116B8: cmpi.b  #$2, ($aaf,A5)
D0=2 D1=0 D2=0 D3=0 D4=FF00FF D5=10000 D6=10000 D7=FFFF A0=10FD9A A1=10FEEE A2=380001 A3=10FE52 A4=D08000 A5=10F300 A6=D0002C PC=C116BE -- C116BE: bne     $c116c4
D0=2 D1=0 D2=0 D3=0 D4=FF00FF D5=10000 D6=10000 D7=FFFF A0=10FD9A A1=10FEEE A2=380001 A3=10FE52 A4=D08000 A5=10F300 A6=D0002C PC=C116C0 -- C116C0: jsr     ($1524,PC) ; ($c12be6)
D0=2 D1=0 D2=0 D3=0 D4=FF00FF D5=10000 D6=10000 D7=FFFF A0=10FD9A A1=10FEEE A2=380001 A3=10FE52 A4=D08000 A5=10F300 A6=D0002C PC=C12BE6 -- C12BE6: move.b  D0, $3a001d.l
D0=2 D1=0 D2=0 D3=0 D4=FF00FF D5=10000 D6=10000 D7=FFFF A0=10FD9A A1=10FEEE A2=380001 A3=10FE52 A4=D08000 A5=10F300 A6=D0002C PC=C12BEC -- C12BEC: lea     $d08000.l, A4
D0=2 D1=0 D2=0 D3=0 D4=FF00FF D5=10000 D6=10000 D7=FFFF A0=10FD9A A1=10FEEE A2=380001 A3=10FE52 A4=D08000 A5=10F300 A6=D0002C PC=C12BF2 -- C12BF2: lea     $10f300.l, A5
D0=2 D1=0 D2=0 D3=0 D4=FF00FF D5=10000 D6=10000 D7=FFFF A0=10FD9A A1=10FEEE A2=380001 A3=10FE52 A4=D08000 A5=10F300 A6=D0002C PC=C12BF8 -- C12BF8: cmpi.b  #$1, ($aba,A5)
D0=2 D1=0 D2=0 D3=0 D4=FF00FF D5=10000 D6=10000 D7=FFFF A0=10FD9A A1=10FEEE A2=380001 A3=10FE52 A4=D08000 A5=10F300 A6=D0002C PC=C12BFE -- C12BFE: beq     $c12c08
D0=2 D1=0 D2=0 D3=0 D4=FF00FF D5=10000 D6=10000 D7=FFFF A0=10FD9A A1=10FEEE A2=380001 A3=10FE52 A4=D08000 A5=10F300 A6=D0002C PC=C12C08 -- C12C08: subq.b  #1, (-$7fb4,A4)
D0=2 D1=0 D2=0 D3=0 D4=FF00FF D5=10000 D6=10000 D7=FFFF A0=10FD9A A1=10FEEE A2=380001 A3=10FE52 A4=D08000 A5=10F300 A6=D0002C PC=C12C0C -- C12C0C: bpl     $c12c18
D0=2 D1=0 D2=0 D3=0 D4=FF00FF D5=10000 D6=10000 D7=FFFF A0=10FD9A A1=10FEEE A2=380001 A3=10FE52 A4=D08000 A5=10F300 A6=D0002C PC=C12C18 -- C12C18: move.l  ($ab6,A5), ($aba,A5)
D0=2 D1=0 D2=0 D3=0 D4=FF00FF D5=10000 D6=10000 D7=FFFF A0=10FD9A A1=10FEEE A2=380001 A3=10FE52 A4=D08000 A5=10F300 A6=D0002C PC=C12C1E -- C12C1E: jsr     (-$a5a,PC) ; ($c121c6)
D0=2 D1=0 D2=0 D3=0 D4=FF00FF D5=10000 D6=10000 D7=FFFF A0=10FD9A A1=10FEEE A2=380001 A3=10FE52 A4=D08000 A5=10F300 A6=D0002C PC=C121C6 -- C121C6: tst.b   $10febf.l
D0=2 D1=0 D2=0 D3=0 D4=FF00FF D5=10000 D6=10000 D7=FFFF A0=10FD9A A1=10FEEE A2=380001 A3=10FE52 A4=D08000 A5=10F300 A6=D0002C PC=C121CC -- C121CC: bne     $c121d4
D0=2 D1=0 D2=0 D3=0 D4=FF00FF D5=10000 D6=10000 D7=FFFF A0=10FD9A A1=10FEEE A2=380001 A3=10FE52 A4=D08000 A5=10F300 A6=D0002C PC=C121CE -- C121CE: move.b  D0, $3a000d.l
D0=2 D1=0 D2=0 D3=0 D4=FF00FF D5=10000 D6=10000 D7=FFFF A0=10FD9A A1=10FEEE A2=380001 A3=10FE52 A4=D08000 A5=10F300 A6=D0002C PC=C121D4 -- C121D4: rts
D0=2 D1=0 D2=0 D3=0 D4=FF00FF D5=10000 D6=10000 D7=FFFF A0=10FD9A A1=10FEEE A2=380001 A3=10FE52 A4=D08000 A5=10F300 A6=D0002C PC=C12C22 -- C12C22: rts
D0=2 D1=0 D2=0 D3=0 D4=FF00FF D5=10000 D6=10000 D7=FFFF A0=10FD9A A1=10FEEE A2=380001 A3=10FE52 A4=D08000 A5=10F300 A6=D0002C PC=C116C4 -- C116C4: rts
D0=2 D1=0 D2=0 D3=0 D4=FF00FF D5=10000 D6=10000 D7=FFFF A0=10FD9A A1=10FEEE A2=380001 A3=10FE52 A4=D08000 A5=10F300 A6=D0002C PC=32BF4 -- 032BF4: lea     $108000.l, A5
D0=2 D1=0 D2=0 D3=0 D4=FF00FF D5=10000 D6=10000 D7=FFFF A0=10FD9A A1=10FEEE A2=380001 A3=10FE52 A4=D08000 A5=108000 A6=D0002C PC=32BFA -- 032BFA: jsr     $4abc0.l
D0=2 D1=0 D2=0 D3=0 D4=FF00FF D5=10000 D6=10000 D7=FFFF A0=10FD9A A1=10FEEE A2=380001 A3=10FE52 A4=D08000 A5=108000 A6=D0002C PC=4ABC0 -- 04ABC0: btst    #$0, (-$7fff,A5)
D0=2 D1=0 D2=0 D3=0 D4=FF00FF D5=10000 D6=10000 D7=FFFF A0=10FD9A A1=10FEEE A2=380001 A3=10FE52 A4=D08000 A5=108000 A6=D0002C PC=4ABC6 -- 04ABC6: bne     $4abd6
D0=2 D1=0 D2=0 D3=0 D4=FF00FF D5=10000 D6=10000 D7=FFFF A0=10FD9A A1=10FEEE A2=380001 A3=10FE52 A4=D08000 A5=108000 A6=D0002C PC=4ABCA -- 04ABCA: tst.b   ($569a,A5)
D0=2 D1=0 D2=0 D3=0 D4=FF00FF D5=10000 D6=10000 D7=FFFF A0=10FD9A A1=10FEEE A2=380001 A3=10FE52 A4=D08000 A5=108000 A6=D0002C PC=4ABCE -- 04ABCE: bmi     $4ade6
D0=2 D1=0 D2=0 D3=0 D4=FF00FF D5=10000 D6=10000 D7=FFFF A0=10FD9A A1=10FEEE A2=380001 A3=10FE52 A4=D08000 A5=108000 A6=D0002C PC=4ABD2 -- 04ABD2: bra     $4adf0
D0=2 D1=0 D2=0 D3=0 D4=FF00FF D5=10000 D6=10000 D7=FFFF A0=10FD9A A1=10FEEE A2=380001 A3=10FE52 A4=D08000 A5=108000 A6=D0002C PC=4ADF0 -- 04ADF0: rts
D0=2 D1=0 D2=0 D3=0 D4=FF00FF D5=10000 D6=10000 D7=FFFF A0=10FD9A A1=10FEEE A2=380001 A3=10FE52 A4=D08000 A5=108000 A6=D0002C PC=32C00 -- 032C00: jsr     $4b3a6.l
D0=2 D1=0 D2=0 D3=0 D4=FF00FF D5=10000 D6=10000 D7=FFFF A0=10FD9A A1=10FEEE A2=380001 A3=10FE52 A4=D08000 A5=108000 A6=D0002C PC=4B3A6 -- 04B3A6: tst.w   ($569c,A5)
D0=2 D1=0 D2=0 D3=0 D4=FF00FF D5=10000 D6=10000 D7=FFFF A0=10FD9A A1=10FEEE A2=380001 A3=10FE52 A4=D08000 A5=108000 A6=D0002C PC=4B3AA -- 04B3AA: bne     $4b3b4
D0=2 D1=0 D2=0 D3=0 D4=FF00FF D5=10000 D6=10000 D7=FFFF A0=10FD9A A1=10FEEE A2=380001 A3=10FE52 A4=D08000 A5=108000 A6=D0002C PC=4B3AE -- 04B3AE: clr.w   ($569e,A5)
D0=2 D1=0 D2=0 D3=0 D4=FF00FF D5=10000 D6=10000 D7=FFFF A0=10FD9A A1=10FEEE A2=380001 A3=10FE52 A4=D08000 A5=108000 A6=D0002C PC=4B3B2 -- 04B3B2: rts
D0=2 D1=0 D2=0 D3=0 D4=FF00FF D5=10000 D6=10000 D7=FFFF A0=10FD9A A1=10FEEE A2=380001 A3=10FE52 A4=D08000 A5=108000 A6=D0002C PC=32C06 -- 032C06: move.b  #$1, ($784,A5)
D0=2 D1=0 D2=0 D3=0 D4=FF00FF D5=10000 D6=10000 D7=FFFF A0=10FD9A A1=10FEEE A2=380001 A3=10FE52 A4=D08000 A5=108000 A6=D0002C PC=32C0C -- 032C0C: bsr     $32e40
D0=2 D1=0 D2=0 D3=0 D4=FF00FF D5=10000 D6=10000 D7=FFFF A0=10FD9A A1=10FEEE A2=380001 A3=10FE52 A4=D08000 A5=108000 A6=D0002C PC=32E40 -- 032E40: btst    #$7, (-$8000,A5)
D0=2 D1=0 D2=0 D3=0 D4=FF00FF D5=10000 D6=10000 D7=FFFF A0=10FD9A A1=10FEEE A2=380001 A3=10FE52 A4=D08000 A5=108000 A6=D0002C PC=32E46 -- 032E46: bne     $32e6a
D0=2 D1=0 D2=0 D3=0 D4=FF00FF D5=10000 D6=10000 D7=FFFF A0=10FD9A A1=10FEEE A2=380001 A3=10FE52 A4=D08000 A5=108000 A6=D0002C PC=32E4A -- 032E4A: tst.b   $10fd82.l
D0=2 D1=0 D2=0 D3=0 D4=FF00FF D5=10000 D6=10000 D7=FFFF A0=10FD9A A1=10FEEE A2=380001 A3=10FE52 A4=D08000 A5=108000 A6=D0002C PC=32E50 -- 032E50: bne     $32ea4
D0=2 D1=0 D2=0 D3=0 D4=FF00FF D5=10000 D6=10000 D7=FFFF A0=10FD9A A1=10FEEE A2=380001 A3=10FE52 A4=D08000 A5=108000 A6=D0002C PC=32EA4 -- 032EA4: rts
D0=2 D1=0 D2=0 D3=0 D4=FF00FF D5=10000 D6=10000 D7=FFFF A0=10FD9A A1=10FEEE A2=380001 A3=10FE52 A4=D08000 A5=108000 A6=D0002C PC=32C10 -- 032C10: tst.b   ($786,A5)
D0=2 D1=0 D2=0 D3=0 D4=FF00FF D5=10000 D6=10000 D7=FFFF A0=10FD9A A1=10FEEE A2=380001 A3=10FE52 A4=D08000 A5=108000 A6=D0002C PC=32C14 -- 032C14: bpl     $32c1e
D0=2 D1=0 D2=0 D3=0 D4=FF00FF D5=10000 D6=10000 D7=FFFF A0=10FD9A A1=10FEEE A2=380001 A3=10FE52 A4=D08000 A5=108000 A6=D0002C PC=32C1E -- 032C1E: move.w  ($3a6a,A5), $3c0008.l
D0=2 D1=0 D2=0 D3=0 D4=FF00FF D5=10000 D6=10000 D7=FFFF A0=10FD9A A1=10FEEE A2=380001 A3=10FE52 A4=D08000 A5=108000 A6=D0002C PC=32C26 -- 032C26: move.w  ($3a6c,A5), $3c000a.l
D0=2 D1=0 D2=0 D3=0 D4=FF00FF D5=10000 D6=10000 D7=FFFF A0=10FD9A A1=10FEEE A2=380001 A3=10FE52 A4=D08000 A5=108000 A6=D0002C PC=32C2E -- 032C2E: move.w  #$e0, ($3a68,A5)
D0=2 D1=0 D2=0 D3=0 D4=FF00FF D5=10000 D6=10000 D7=FFFF A0=10FD9A A1=10FEEE A2=380001 A3=10FE52 A4=D08000 A5=108000 A6=D0002C PC=32C34 -- 032C34: movem.l (A7)+, D0-D7/A0-A6
D0=0 D1=0 D2=0 D3=0 D4=0 D5=0 D6=0 D7=0 A0=108F3C A1=109480 A2=1094C2 A3=108F6A A4=10947C A5=108000 A6=108E3C PC=32C38 -- 032C38: rte
D0=0 D1=0 D2=0 D3=0 D4=0 D5=0 D6=0 D7=0 A0=108F3C A1=109480 A2=1094C2 A3=108F6A A4=10947C A5=108000 A6=108E3C PC=32F16 -- 032F16: rts
D0=0 D1=0 D2=0 D3=0 D4=0 D5=0 D6=0 D7=0 A0=108F3C A1=109480 A2=1094C2 A3=108F6A A4=10947C A5=108000 A6=108E3C PC=329D6 -- 0329D6: nop
D0=0 D1=0 D2=0 D3=0 D4=0 D5=0 D6=0 D7=0 A0=108F3C A1=109480 A2=1094C2 A3=108F6A A4=10947C A5=108000 A6=108E3C PC=329D8 -- 0329D8: tst.b   ($784,A5)
D0=0 D1=0 D2=0 D3=0 D4=0 D5=0 D6=0 D7=0 A0=108F3C A1=109480 A2=1094C2 A3=108F6A A4=10947C A5=108000 A6=108E3C PC=329DC -- 0329DC: beq     $329d2
D0=0 D1=0 D2=0 D3=0 D4=0 D5=0 D6=0 D7=0 A0=108F3C A1=109480 A2=1094C2 A3=108F6A A4=10947C A5=108000 A6=108E3C PC=329DE -- 0329DE: bsr     $32c8a
D0=0 D1=0 D2=0 D3=0 D4=0 D5=0 D6=0 D7=0 A0=108F3C A1=109480 A2=1094C2 A3=108F6A A4=10947C A5=108000 A6=108E3C PC=32C8A -- 032C8A: move.b  $300000.l, D0
D0=FF D1=0 D2=0 D3=0 D4=0 D5=0 D6=0 D7=0 A0=108F3C A1=109480 A2=1094C2 A3=108F6A A4=10947C A5=108000 A6=108E3C PC=32C90 -- 032C90: move.b  $340000.l, D3
D0=FF D1=0 D2=0 D3=FF D4=0 D5=0 D6=0 D7=0 A0=108F3C A1=109480 A2=1094C2 A3=108F6A A4=10947C A5=108000 A6=108E3C PC=32C96 -- 032C96: not.b   D0
D0=0 D1=0 D2=0 D3=FF D4=0 D5=0 D6=0 D7=0 A0=108F3C A1=109480 A2=1094C2 A3=108F6A A4=10947C A5=108000 A6=108E3C PC=32C98 -- 032C98: move.b  ($39c4,A5), D1
D0=0 D1=0 D2=0 D3=FF D4=0 D5=0 D6=0 D7=0 A0=108F3C A1=109480 A2=1094C2 A3=108F6A A4=10947C A5=108000 A6=108E3C PC=32C9C -- 032C9C: move.b  D0, ($39c4,A5)
D0=0 D1=0 D2=0 D3=FF D4=0 D5=0 D6=0 D7=0 A0=108F3C A1=109480 A2=1094C2 A3=108F6A A4=10947C A5=108000 A6=108E3C PC=32CA0 -- 032CA0: move.b  D1, ($39c7,A5)
D0=0 D1=0 D2=0 D3=FF D4=0 D5=0 D6=0 D7=0 A0=108F3C A1=109480 A2=1094C2 A3=108F6A A4=10947C A5=108000 A6=108E3C PC=32CA4 -- 032CA4: move.b  D1, D2
D0=0 D1=0 D2=0 D3=FF D4=0 D5=0 D6=0 D7=0 A0=108F3C A1=109480 A2=1094C2 A3=108F6A A4=10947C A5=108000 A6=108E3C PC=32CA6 -- 032CA6: and.b   D0, D1
D0=0 D1=0 D2=0 D3=FF D4=0 D5=0 D6=0 D7=0 A0=108F3C A1=109480 A2=1094C2 A3=108F6A A4=10947C A5=108000 A6=108E3C PC=32CA8 -- 032CA8: move.b  D1, ($39ca,A5)
D0=0 D1=0 D2=0 D3=FF D4=0 D5=0 D6=0 D7=0 A0=108F3C A1=109480 A2=1094C2 A3=108F6A A4=10947C A5=108000 A6=108E3C PC=32CAC -- 032CAC: move.b  D2, D1
D0=0 D1=0 D2=0 D3=FF D4=0 D5=0 D6=0 D7=0 A0=108F3C A1=109480 A2=1094C2 A3=108F6A A4=10947C A5=108000 A6=108E3C PC=32CAE -- 032CAE: eor.b   D0, D1
D0=0 D1=0 D2=0 D3=FF D4=0 D5=0 D6=0 D7=0 A0=108F3C A1=109480 A2=1094C2 A3=108F6A A4=10947C A5=108000 A6=108E3C PC=32CB0 -- 032CB0: and.b   D1, D2
D0=0 D1=0 D2=0 D3=FF D4=0 D5=0 D6=0 D7=0 A0=108F3C A1=109480 A2=1094C2 A3=108F6A A4=10947C A5=108000 A6=108E3C PC=32CB2 -- 032CB2: move.b  D2, ($39cc,A5)
D0=0 D1=0 D2=0 D3=FF D4=0 D5=0 D6=0 D7=0 A0=108F3C A1=109480 A2=1094C2 A3=108F6A A4=10947C A5=108000 A6=108E3C PC=32CB6 -- 032CB6: lea     ($39cf,A5), A0
D0=0 D1=0 D2=0 D3=FF D4=0 D5=0 D6=0 D7=0 A0=10B9CF A1=109480 A2=1094C2 A3=108F6A A4=10947C A5=108000 A6=108E3C PC=32CBA -- 032CBA: and.b   D1, D0
D0=0 D1=0 D2=0 D3=FF D4=0 D5=0 D6=0 D7=0 A0=10B9CF A1=109480 A2=1094C2 A3=108F6A A4=10947C A5=108000 A6=108E3C PC=32CBC -- 032CBC: move.b  ($1,A0), ($39cb,A5)
D0=0 D1=0 D2=0 D3=FF D4=0 D5=0 D6=0 D7=0 A0=10B9CF A1=109480 A2=1094C2 A3=108F6A A4=10947C A5=108000 A6=108E3C PC=32CC2 -- 032CC2: move.b  ($2,A0), ($1,A0)
D0=0 D1=0 D2=0 D3=FF D4=0 D5=0 D6=0 D7=0 A0=10B9CF A1=109480 A2=1094C2 A3=108F6A A4=10947C A5=108000 A6=108E3C PC=32CC8 -- 032CC8: move.b  ($3,A0), ($2,A0)
D0=0 D1=0 D2=0 D3=FF D4=0 D5=0 D6=0 D7=0 A0=10B9CF A1=109480 A2=1094C2 A3=108F6A A4=10947C A5=108000 A6=108E3C PC=32CCE -- 032CCE: move.b  ($4,A0), ($3,A0)
D0=0 D1=0 D2=0 D3=FF D4=0 D5=0 D6=0 D7=0 A0=10B9CF A1=109480 A2=1094C2 A3=108F6A A4=10947C A5=108000 A6=108E3C PC=32CD4 -- 032CD4: move.b  D0, ($4,A0)
D0=0 D1=0 D2=0 D3=FF D4=0 D5=0 D6=0 D7=0 A0=10B9CF A1=109480 A2=1094C2 A3=108F6A A4=10947C A5=108000 A6=108E3C PC=32CD8 -- 032CD8: or.b    ($1,A0), D0
D0=0 D1=0 D2=0 D3=FF D4=0 D5=0 D6=0 D7=0 A0=10B9CF A1=109480 A2=1094C2 A3=108F6A A4=10947C A5=108000 A6=108E3C PC=32CDC -- 032CDC: or.b    ($2,A0), D0
D0=0 D1=0 D2=0 D3=FF D4=0 D5=0 D6=0 D7=0 A0=10B9CF A1=109480 A2=1094C2 A3=108F6A A4=10947C A5=108000 A6=108E3C PC=32CE0 -- 032CE0: or.b    ($3,A0), D0
D0=0 D1=0 D2=0 D3=FF D4=0 D5=0 D6=0 D7=0 A0=10B9CF A1=109480 A2=1094C2 A3=108F6A A4=10947C A5=108000 A6=108E3C PC=32CE4 -- 032CE4: move.b  D0, (A0)
D0=0 D1=0 D2=0 D3=FF D4=0 D5=0 D6=0 D7=0 A0=10B9CF A1=109480 A2=1094C2 A3=108F6A A4=10947C A5=108000 A6=108E3C PC=32CE6 -- 032CE6: lea     ($39d7,A5), A0
D0=0 D1=0 D2=0 D3=FF D4=0 D5=0 D6=0 D7=0 A0=10B9D7 A1=109480 A2=1094C2 A3=108F6A A4=10947C A5=108000 A6=108E3C PC=32CEA -- 032CEA: lea     ($39cd,A5), A1
D0=0 D1=0 D2=0 D3=FF D4=0 D5=0 D6=0 D7=0 A0=10B9D7 A1=10B9CD A2=1094C2 A3=108F6A A4=10947C A5=108000 A6=108E3C PC=32CEE -- 032CEE: move.b  ($39ca,A5), D0
D0=0 D1=0 D2=0 D3=FF D4=0 D5=0 D6=0 D7=0 A0=10B9D7 A1=10B9CD A2=1094C2 A3=108F6A A4=10947C A5=108000 A6=108E3C PC=32CF2 -- 032CF2: bsr     $32e08
D0=0 D1=0 D2=0 D3=FF D4=0 D5=0 D6=0 D7=0 A0=10B9D7 A1=10B9CD A2=1094C2 A3=108F6A A4=10947C A5=108000 A6=108E3C PC=32E08 -- 032E08: moveq   #$7, D1
D0=0 D1=7 D2=0 D3=FF D4=0 D5=0 D6=0 D7=0 A0=10B9D7 A1=10B9CD A2=1094C2 A3=108F6A A4=10947C A5=108000 A6=108E3C PC=32E0A -- 032E0A: move.b  (-$2,A1), (A1)
D0=0 D1=7 D2=0 D3=FF D4=0 D5=0 D6=0 D7=0 A0=10B9D7 A1=10B9CD A2=1094C2 A3=108F6A A4=10947C A5=108000 A6=108E3C PC=32E0E -- 032E0E: addq.b  #1, (A0)+
D0=0 D1=7 D2=0 D3=FF D4=0 D5=0 D6=0 D7=0 A0=10B9D8 A1=10B9CD A2=1094C2 A3=108F6A A4=10947C A5=108000 A6=108E3C PC=32E10 -- 032E10: bne     $32e18
D0=0 D1=7 D2=0 D3=FF D4=0 D5=0 D6=0 D7=0 A0=10B9D8 A1=10B9CD A2=1094C2 A3=108F6A A4=10947C A5=108000 A6=108E3C PC=32E18 -- 032E18: rol.b   #1, D0
D0=0 D1=7 D2=0 D3=FF D4=0 D5=0 D6=0 D7=0 A0=10B9D8 A1=10B9CD A2=1094C2 A3=108F6A A4=10947C A5=108000 A6=108E3C PC=32E1A -- 032E1A: bcs     $32e20
D0=0 D1=7 D2=0 D3=FF D4=0 D5=0 D6=0 D7=0 A0=10B9D8 A1=10B9CD A2=1094C2 A3=108F6A A4=10947C A5=108000 A6=108E3C PC=32E1C -- 032E1C: clr.b   (-$1,A0)
D0=0 D1=7 D2=0 D3=FF D4=0 D5=0 D6=0 D7=0 A0=10B9D8 A1=10B9CD A2=1094C2 A3=108F6A A4=10947C A5=108000 A6=108E3C PC=32E20 -- 032E20: move.b  (-$1,A0), D5
D0=0 D1=7 D2=0 D3=FF D4=0 D5=0 D6=0 D7=0 A0=10B9D8 A1=10B9CD A2=1094C2 A3=108F6A A4=10947C A5=108000 A6=108E3C PC=32E24 -- 032E24: cmp.b   ($3a05,A5), D5
D0=0 D1=7 D2=0 D3=FF D4=0 D5=0 D6=0 D7=0 A0=10B9D8 A1=10B9CD A2=1094C2 A3=108F6A A4=10947C A5=108000 A6=108E3C PC=32E28 -- 032E28: bls     $32e3a
D0=0 D1=7 D2=0 D3=FF D4=0 D5=0 D6=0 D7=0 A0=10B9D8 A1=10B9CD A2=1094C2 A3=108F6A A4=10947C A5=108000 A6=108E3C PC=32E3A -- 032E3A: dbra    D1, $32e0e
D0=0 D1=6 D2=0 D3=FF D4=0 D5=0 D6=0 D7=0 A0=10B9D8 A1=10B9CD A2=1094C2 A3=108F6A A4=10947C A5=108000 A6=108E3C PC=32E0E -- 032E0E: addq.b  #1, (A0)+
D0=0 D1=6 D2=0 D3=FF D4=0 D5=0 D6=0 D7=0 A0=10B9D9 A1=10B9CD A2=1094C2 A3=108F6A A4=10947C A5=108000 A6=108E3C PC=32E10 -- 032E10: bne     $32e18
D0=0 D1=6 D2=0 D3=FF D4=0 D5=0 D6=0 D7=0 A0=10B9D9 A1=10B9CD A2=1094C2 A3=108F6A A4=10947C A5=108000 A6=108E3C PC=32E18 -- 032E18: rol.b   #1, D0
D0=0 D1=6 D2=0 D3=FF D4=0 D5=0 D6=0 D7=0 A0=10B9D9 A1=10B9CD A2=1094C2 A3=108F6A A4=10947C A5=108000 A6=108E3C PC=32E1A -- 032E1A: bcs     $32e20
D0=0 D1=6 D2=0 D3=FF D4=0 D5=0 D6=0 D7=0 A0=10B9D9 A1=10B9CD A2=1094C2 A3=108F6A A4=10947C A5=108000 A6=108E3C PC=32E1C -- 032E1C: clr.b   (-$1,A0)
D0=0 D1=6 D2=0 D3=FF D4=0 D5=0 D6=0 D7=0 A0=10B9D9 A1=10B9CD A2=1094C2 A3=108F6A A4=10947C A5=108000 A6=108E3C PC=32E20 -- 032E20: move.b  (-$1,A0), D5
D0=0 D1=6 D2=0 D3=FF D4=0 D5=0 D6=0 D7=0 A0=10B9D9 A1=10B9CD A2=1094C2 A3=108F6A A4=10947C A5=108000 A6=108E3C PC=32E24 -- 032E24: cmp.b   ($3a05,A5), D5
D0=0 D1=6 D2=0 D3=FF D4=0 D5=0 D6=0 D7=0 A0=10B9D9 A1=10B9CD A2=1094C2 A3=108F6A A4=10947C A5=108000 A6=108E3C PC=32E28 -- 032E28: bls     $32e3a
D0=0 D1=6 D2=0 D3=FF D4=0 D5=0 D6=0 D7=0 A0=10B9D9 A1=10B9CD A2=1094C2 A3=108F6A A4=10947C A5=108000 A6=108E3C PC=32E3A -- 032E3A: dbra    D1, $32e0e

   (loops for 54 instructions)

D0=0 D1=FFFF D2=0 D3=FF D4=0 D5=0 D6=0 D7=0 A0=10B9DF A1=10B9CD A2=1094C2 A3=108F6A A4=10947C A5=108000 A6=108E3C PC=32E3E -- 032E3E: rts
D0=0 D1=FFFF D2=0 D3=FF D4=0 D5=0 D6=0 D7=0 A0=10B9DF A1=10B9CD A2=1094C2 A3=108F6A A4=10947C A5=108000 A6=108E3C PC=32CF6 -- 032CF6: move.b  D3, D0
D0=FF D1=FFFF D2=0 D3=FF D4=0 D5=0 D6=0 D7=0 A0=10B9DF A1=10B9CD A2=1094C2 A3=108F6A A4=10947C A5=108000 A6=108E3C PC=32CF8 -- 032CF8: not.b   D0
D0=0 D1=FFFF D2=0 D3=FF D4=0 D5=0 D6=0 D7=0 A0=10B9DF A1=10B9CD A2=1094C2 A3=108F6A A4=10947C A5=108000 A6=108E3C PC=32CFA -- 032CFA: move.b  ($39c5,A5), D1
D0=0 D1=FF00 D2=0 D3=FF D4=0 D5=0 D6=0 D7=0 A0=10B9DF A1=10B9CD A2=1094C2 A3=108F6A A4=10947C A5=108000 A6=108E3C PC=32CFE -- 032CFE: move.b  D0, ($39c5,A5)
D0=0 D1=FF00 D2=0 D3=FF D4=0 D5=0 D6=0 D7=0 A0=10B9DF A1=10B9CD A2=1094C2 A3=108F6A A4=10947C A5=108000 A6=108E3C PC=32D02 -- 032D02: move.b  D1, ($39c8,A5)
D0=0 D1=FF00 D2=0 D3=FF D4=0 D5=0 D6=0 D7=0 A0=10B9DF A1=10B9CD A2=1094C2 A3=108F6A A4=10947C A5=108000 A6=108E3C PC=32D06 -- 032D06: move.b  D1, D2
D0=0 D1=FF00 D2=0 D3=FF D4=0 D5=0 D6=0 D7=0 A0=10B9DF A1=10B9CD A2=1094C2 A3=108F6A A4=10947C A5=108000 A6=108E3C PC=32D08 -- 032D08: and.b   D0, D1
D0=0 D1=FF00 D2=0 D3=FF D4=0 D5=0 D6=0 D7=0 A0=10B9DF A1=10B9CD A2=1094C2 A3=108F6A A4=10947C A5=108000 A6=108E3C PC=32D0A -- 032D0A: move.b  D1, ($39e0,A5)
D0=0 D1=FF00 D2=0 D3=FF D4=0 D5=0 D6=0 D7=0 A0=10B9DF A1=10B9CD A2=1094C2 A3=108F6A A4=10947C A5=108000 A6=108E3C PC=32D0E -- 032D0E: move.b  D2, D1
D0=0 D1=FF00 D2=0 D3=FF D4=0 D5=0 D6=0 D7=0 A0=10B9DF A1=10B9CD A2=1094C2 A3=108F6A A4=10947C A5=108000 A6=108E3C PC=32D10 -- 032D10: eor.b   D0, D1
D0=0 D1=FF00 D2=0 D3=FF D4=0 D5=0 D6=0 D7=0 A0=10B9DF A1=10B9CD A2=1094C2 A3=108F6A A4=10947C A5=108000 A6=108E3C PC=32D12 -- 032D12: and.b   D1, D2
D0=0 D1=FF00 D2=0 D3=FF D4=0 D5=0 D6=0 D7=0 A0=10B9DF A1=10B9CD A2=1094C2 A3=108F6A A4=10947C A5=108000 A6=108E3C PC=32D14 -- 032D14: move.b  D2, ($39e2,A5)
D0=0 D1=FF00 D2=0 D3=FF D4=0 D5=0 D6=0 D7=0 A0=10B9DF A1=10B9CD A2=1094C2 A3=108F6A A4=10947C A5=108000 A6=108E3C PC=32D18 -- 032D18: lea     ($39e5,A5), A0
D0=0 D1=FF00 D2=0 D3=FF D4=0 D5=0 D6=0 D7=0 A0=10B9E5 A1=10B9CD A2=1094C2 A3=108F6A A4=10947C A5=108000 A6=108E3C PC=32D1C -- 032D1C: and.b   D1, D0
D0=0 D1=FF00 D2=0 D3=FF D4=0 D5=0 D6=0 D7=0 A0=10B9E5 A1=10B9CD A2=1094C2 A3=108F6A A4=10947C A5=108000 A6=108E3C PC=32D1E -- 032D1E: move.b  ($1,A0), ($39e1,A5)
D0=0 D1=FF00 D2=0 D3=FF D4=0 D5=0 D6=0 D7=0 A0=10B9E5 A1=10B9CD A2=1094C2 A3=108F6A A4=10947C A5=108000 A6=108E3C PC=32D24 -- 032D24: move.b  ($2,A0), ($1,A0)
D0=0 D1=FF00 D2=0 D3=FF D4=0 D5=0 D6=0 D7=0 A0=10B9E5 A1=10B9CD A2=1094C2 A3=108F6A A4=10947C A5=108000 A6=108E3C PC=32D2A -- 032D2A: move.b  ($3,A0), ($2,A0)
D0=0 D1=FF00 D2=0 D3=FF D4=0 D5=0 D6=0 D7=0 A0=10B9E5 A1=10B9CD A2=1094C2 A3=108F6A A4=10947C A5=108000 A6=108E3C PC=32D30 -- 032D30: move.b  ($4,A0), ($3,A0)
D0=0 D1=FF00 D2=0 D3=FF D4=0 D5=0 D6=0 D7=0 A0=10B9E5 A1=10B9CD A2=1094C2 A3=108F6A A4=10947C A5=108000 A6=108E3C PC=32D36 -- 032D36: move.b  D0, ($4,A0)
D0=0 D1=FF00 D2=0 D3=FF D4=0 D5=0 D6=0 D7=0 A0=10B9E5 A1=10B9CD A2=1094C2 A3=108F6A A4=10947C A5=108000 A6=108E3C PC=32D3A -- 032D3A: or.b    ($1,A0), D0
D0=0 D1=FF00 D2=0 D3=FF D4=0 D5=0 D6=0 D7=0 A0=10B9E5 A1=10B9CD A2=1094C2 A3=108F6A A4=10947C A5=108000 A6=108E3C PC=32D3E -- 032D3E: or.b    ($2,A0), D0
D0=0 D1=FF00 D2=0 D3=FF D4=0 D5=0 D6=0 D7=0 A0=10B9E5 A1=10B9CD A2=1094C2 A3=108F6A A4=10947C A5=108000 A6=108E3C PC=32D42 -- 032D42: or.b    ($3,A0), D0
D0=0 D1=FF00 D2=0 D3=FF D4=0 D5=0 D6=0 D7=0 A0=10B9E5 A1=10B9CD A2=1094C2 A3=108F6A A4=10947C A5=108000 A6=108E3C PC=32D46 -- 032D46: move.b  D0, (A0)
D0=0 D1=FF00 D2=0 D3=FF D4=0 D5=0 D6=0 D7=0 A0=10B9E5 A1=10B9CD A2=1094C2 A3=108F6A A4=10947C A5=108000 A6=108E3C PC=32D48 -- 032D48: lea     ($39ed,A5), A0
D0=0 D1=FF00 D2=0 D3=FF D4=0 D5=0 D6=0 D7=0 A0=10B9ED A1=10B9CD A2=1094C2 A3=108F6A A4=10947C A5=108000 A6=108E3C PC=32D4C -- 032D4C: lea     ($39e3,A5), A1
D0=0 D1=FF00 D2=0 D3=FF D4=0 D5=0 D6=0 D7=0 A0=10B9ED A1=10B9E3 A2=1094C2 A3=108F6A A4=10947C A5=108000 A6=108E3C PC=32D50 -- 032D50: move.b  ($39e0,A5), D0
D0=0 D1=FF00 D2=0 D3=FF D4=0 D5=0 D6=0 D7=0 A0=10B9ED A1=10B9E3 A2=1094C2 A3=108F6A A4=10947C A5=108000 A6=108E3C PC=32D54 -- 032D54: bsr     $32e08
D0=0 D1=FF00 D2=0 D3=FF D4=0 D5=0 D6=0 D7=0 A0=10B9ED A1=10B9E3 A2=1094C2 A3=108F6A A4=10947C A5=108000 A6=108E3C PC=32E08 -- 032E08: moveq   #$7, D1
D0=0 D1=7 D2=0 D3=FF D4=0 D5=0 D6=0 D7=0 A0=10B9ED A1=10B9E3 A2=1094C2 A3=108F6A A4=10947C A5=108000 A6=108E3C PC=32E0A -- 032E0A: move.b  (-$2,A1), (A1)

   (loops for 72 instructions)

D0=0 D1=FFFF D2=0 D3=FF D4=0 D5=0 D6=0 D7=0 A0=10B9F5 A1=10B9E3 A2=1094C2 A3=108F6A A4=10947C A5=108000 A6=108E3C PC=32E3E -- 032E3E: rts
D0=0 D1=FFFF D2=0 D3=FF D4=0 D5=0 D6=0 D7=0 A0=10B9F5 A1=10B9E3 A2=1094C2 A3=108F6A A4=10947C A5=108000 A6=108E3C PC=32D58 -- 032D58: clr.b   ($3a01,A5)
D0=0 D1=FFFF D2=0 D3=FF D4=0 D5=0 D6=0 D7=0 A0=10B9F5 A1=10B9E3 A2=1094C2 A3=108F6A A4=10947C A5=108000 A6=108E3C PC=32D5C -- 032D5C: clr.b   ($3a02,A5)
D0=0 D1=FFFF D2=0 D3=FF D4=0 D5=0 D6=0 D7=0 A0=10B9F5 A1=10B9E3 A2=1094C2 A3=108F6A A4=10947C A5=108000 A6=108E3C PC=32D60 -- 032D60: clr.b   ($3a03,A5)
D0=0 D1=FFFF D2=0 D3=FF D4=0 D5=0 D6=0 D7=0 A0=10B9F5 A1=10B9E3 A2=1094C2 A3=108F6A A4=10947C A5=108000 A6=108E3C PC=32D64 -- 032D64: move.b  ($7e5,A5), D0
D0=1 D1=FFFF D2=0 D3=FF D4=0 D5=0 D6=0 D7=0 A0=10B9F5 A1=10B9E3 A2=1094C2 A3=108F6A A4=10947C A5=108000 A6=108E3C PC=32D68 -- 032D68: beq     $32d9e
D0=1 D1=FFFF D2=0 D3=FF D4=0 D5=0 D6=0 D7=0 A0=10B9F5 A1=10B9E3 A2=1094C2 A3=108F6A A4=10947C A5=108000 A6=108E3C PC=32D6A -- 032D6A: move    D0, CCR
D0=1 D1=FFFF D2=0 D3=FF D4=0 D5=0 D6=0 D7=0 A0=10B9F5 A1=10B9E3 A2=1094C2 A3=108F6A A4=10947C A5=108000 A6=108E3C PC=32D6C -- 032D6C: bcc     $32d80
D0=1 D1=FFFF D2=0 D3=FF D4=0 D5=0 D6=0 D7=0 A0=10B9F5 A1=10B9E3 A2=1094C2 A3=108F6A A4=10947C A5=108000 A6=108E3C PC=32D6E -- 032D6E: move.b  ($39ca,A5), ($3a01,A5)
D0=1 D1=FFFF D2=0 D3=FF D4=0 D5=0 D6=0 D7=0 A0=10B9F5 A1=10B9E3 A2=1094C2 A3=108F6A A4=10947C A5=108000 A6=108E3C PC=32D74 -- 032D74: move.b  ($39cb,A5), ($3a02,A5)
D0=1 D1=FFFF D2=0 D3=FF D4=0 D5=0 D6=0 D7=0 A0=10B9F5 A1=10B9E3 A2=1094C2 A3=108F6A A4=10947C A5=108000 A6=108E3C PC=32D7A -- 032D7A: move.b  ($39cc,A5), ($3a03,A5)
D0=1 D1=FFFF D2=0 D3=FF D4=0 D5=0 D6=0 D7=0 A0=10B9F5 A1=10B9E3 A2=1094C2 A3=108F6A A4=10947C A5=108000 A6=108E3C PC=32D80 -- 032D80: move    D0, CCR
D0=1 D1=FFFF D2=0 D3=FF D4=0 D5=0 D6=0 D7=0 A0=10B9F5 A1=10B9E3 A2=1094C2 A3=108F6A A4=10947C A5=108000 A6=108E3C PC=32D82 -- 032D82: bvc     $32d9c
D0=1 D1=FFFF D2=0 D3=FF D4=0 D5=0 D6=0 D7=0 A0=10B9F5 A1=10B9E3 A2=1094C2 A3=108F6A A4=10947C A5=108000 A6=108E3C PC=32D9C -- 032D9C: rts
D0=1 D1=FFFF D2=0 D3=FF D4=0 D5=0 D6=0 D7=0 A0=10B9F5 A1=10B9E3 A2=1094C2 A3=108F6A A4=10947C A5=108000 A6=108E3C PC=329E2 -- 0329E2: btst    #$5, ($785,A5)
D0=1 D1=FFFF D2=0 D3=FF D4=0 D5=0 D6=0 D7=0 A0=10B9F5 A1=10B9E3 A2=1094C2 A3=108F6A A4=10947C A5=108000 A6=108E3C PC=329E8 -- 0329E8: beq     $329fe
D0=1 D1=FFFF D2=0 D3=FF D4=0 D5=0 D6=0 D7=0 A0=10B9F5 A1=10B9E3 A2=1094C2 A3=108F6A A4=10947C A5=108000 A6=108E3C PC=329FE -- 0329FE: tst.b   ($785,A5)
D0=1 D1=FFFF D2=0 D3=FF D4=0 D5=0 D6=0 D7=0 A0=10B9F5 A1=10B9E3 A2=1094C2 A3=108F6A A4=10947C A5=108000 A6=108E3C PC=32A02 -- 032A02: bpl     $32a5c
D0=1 D1=FFFF D2=0 D3=FF D4=0 D5=0 D6=0 D7=0 A0=10B9F5 A1=10B9E3 A2=1094C2 A3=108F6A A4=10947C A5=108000 A6=108E3C PC=32A5C -- 032A5C: bsr     $32f2a
D0=1 D1=FFFF D2=0 D3=FF D4=0 D5=0 D6=0 D7=0 A0=10B9F5 A1=10B9E3 A2=1094C2 A3=108F6A A4=10947C A5=108000 A6=108E3C PC=32F2A -- 032F2A: tst.b   (-$8000,A5)
D0=1 D1=FFFF D2=0 D3=FF D4=0 D5=0 D6=0 D7=0 A0=10B9F5 A1=10B9E3 A2=1094C2 A3=108F6A A4=10947C A5=108000 A6=108E3C PC=32F2E -- 032F2E: bpl     $32f38
D0=1 D1=FFFF D2=0 D3=FF D4=0 D5=0 D6=0 D7=0 A0=10B9F5 A1=10B9E3 A2=1094C2 A3=108F6A A4=10947C A5=108000 A6=108E3C PC=32F38 -- 032F38: rts
D0=1 D1=FFFF D2=0 D3=FF D4=0 D5=0 D6=0 D7=0 A0=10B9F5 A1=10B9E3 A2=1094C2 A3=108F6A A4=10947C A5=108000 A6=108E3C PC=32A60 -- 032A60: bsr     $32f3a
D0=1 D1=FFFF D2=0 D3=FF D4=0 D5=0 D6=0 D7=0 A0=10B9F5 A1=10B9E3 A2=1094C2 A3=108F6A A4=10947C A5=108000 A6=108E3C PC=32F3A -- 032F3A: btst    #$0, (-$8000,A5)
D0=1 D1=FFFF D2=0 D3=FF D4=0 D5=0 D6=0 D7=0 A0=10B9F5 A1=10B9E3 A2=1094C2 A3=108F6A A4=10947C A5=108000 A6=108E3C PC=32F40 -- 032F40: beq     $32f4e
D0=1 D1=FFFF D2=0 D3=FF D4=0 D5=0 D6=0 D7=0 A0=10B9F5 A1=10B9E3 A2=1094C2 A3=108F6A A4=10947C A5=108000 A6=108E3C PC=32F4E -- 032F4E: rts
D0=1 D1=FFFF D2=0 D3=FF D4=0 D5=0 D6=0 D7=0 A0=10B9F5 A1=10B9E3 A2=1094C2 A3=108F6A A4=10947C A5=108000 A6=108E3C PC=32A64 -- 032A64: bsr     $32f50
D0=1 D1=FFFF D2=0 D3=FF D4=0 D5=0 D6=0 D7=0 A0=10B9F5 A1=10B9E3 A2=1094C2 A3=108F6A A4=10947C A5=108000 A6=108E3C PC=32F50 -- 032F50: btst    #$1, (-$7fff,A5)
D0=1 D1=FFFF D2=0 D3=FF D4=0 D5=0 D6=0 D7=0 A0=10B9F5 A1=10B9E3 A2=1094C2 A3=108F6A A4=10947C A5=108000 A6=108E3C PC=32F56 -- 032F56: beq     $32f6a
D0=1 D1=FFFF D2=0 D3=FF D4=0 D5=0 D6=0 D7=0 A0=10B9F5 A1=10B9E3 A2=1094C2 A3=108F6A A4=10947C A5=108000 A6=108E3C PC=32F6A -- 032F6A: rts
D0=1 D1=FFFF D2=0 D3=FF D4=0 D5=0 D6=0 D7=0 A0=10B9F5 A1=10B9E3 A2=1094C2 A3=108F6A A4=10947C A5=108000 A6=108E3C PC=32A68 -- 032A68: bsr     $32f6c
D0=1 D1=FFFF D2=0 D3=FF D4=0 D5=0 D6=0 D7=0 A0=10B9F5 A1=10B9E3 A2=1094C2 A3=108F6A A4=10947C A5=108000 A6=108E3C PC=32F6C -- 032F6C: btst    #$7, (-$7fff,A5)
D0=1 D1=FFFF D2=0 D3=FF D4=0 D5=0 D6=0 D7=0 A0=10B9F5 A1=10B9E3 A2=1094C2 A3=108F6A A4=10947C A5=108000 A6=108E3C PC=32F72 -- 032F72: beq     $32f86
D0=1 D1=FFFF D2=0 D3=FF D4=0 D5=0 D6=0 D7=0 A0=10B9F5 A1=10B9E3 A2=1094C2 A3=108F6A A4=10947C A5=108000 A6=108E3C PC=32F86 -- 032F86: rts
D0=1 D1=FFFF D2=0 D3=FF D4=0 D5=0 D6=0 D7=0 A0=10B9F5 A1=10B9E3 A2=1094C2 A3=108F6A A4=10947C A5=108000 A6=108E3C PC=32A6C -- 032A6C: bsr     $32f88
D0=1 D1=FFFF D2=0 D3=FF D4=0 D5=0 D6=0 D7=0 A0=10B9F5 A1=10B9E3 A2=1094C2 A3=108F6A A4=10947C A5=108000 A6=108E3C PC=32F88 -- 032F88: btst    #$6, (-$7fff,A5)
D0=1 D1=FFFF D2=0 D3=FF D4=0 D5=0 D6=0 D7=0 A0=10B9F5 A1=10B9E3 A2=1094C2 A3=108F6A A4=10947C A5=108000 A6=108E3C PC=32F8E -- 032F8E: beq     $32fb4
D0=1 D1=FFFF D2=0 D3=FF D4=0 D5=0 D6=0 D7=0 A0=10B9F5 A1=10B9E3 A2=1094C2 A3=108F6A A4=10947C A5=108000 A6=108E3C PC=32FB4 -- 032FB4: rts
D0=1 D1=FFFF D2=0 D3=FF D4=0 D5=0 D6=0 D7=0 A0=10B9F5 A1=10B9E3 A2=1094C2 A3=108F6A A4=10947C A5=108000 A6=108E3C PC=32A70 -- 032A70: btst    #$3, ($785,A5)
D0=1 D1=FFFF D2=0 D3=FF D4=0 D5=0 D6=0 D7=0 A0=10B9F5 A1=10B9E3 A2=1094C2 A3=108F6A A4=10947C A5=108000 A6=108E3C PC=32A76 -- 032A76: bne     $32a86
D0=1 D1=FFFF D2=0 D3=FF D4=0 D5=0 D6=0 D7=0 A0=10B9F5 A1=10B9E3 A2=1094C2 A3=108F6A A4=10947C A5=108000 A6=108E3C PC=32A7A -- 032A7A: jsr     $4aafc.l
D0=1 D1=FFFF D2=0 D3=FF D4=0 D5=0 D6=0 D7=0 A0=10B9F5 A1=10B9E3 A2=1094C2 A3=108F6A A4=10947C A5=108000 A6=108E3C PC=4AAFC -- 04AAFC: lea     ($80a,A5), A1
D0=1 D1=FFFF D2=0 D3=FF D4=0 D5=0 D6=0 D7=0 A0=10B9F5 A1=10880A A2=1094C2 A3=108F6A A4=10947C A5=108000 A6=108E3C PC=4AB00 -- 04AB00: move.w  #$707d, D2
D0=1 D1=FFFF D2=707D D3=FF D4=0 D5=0 D6=0 D7=0 A0=10B9F5 A1=10880A A2=1094C2 A3=108F6A A4=10947C A5=108000 A6=108E3C PC=4AB04 -- 04AB04: swap    D2
D0=1 D1=FFFF D2=707D0000 D3=FF D4=0 D5=0 D6=0 D7=0 A0=10B9F5 A1=10880A A2=1094C2 A3=108F6A A4=10947C A5=108000 A6=108E3C PC=4AB06 -- 04AB06: tst.b   $10fd82.l
D0=1 D1=FFFF D2=707D0000 D3=FF D4=0 D5=0 D6=0 D7=0 A0=10B9F5 A1=10880A A2=1094C2 A3=108F6A A4=10947C A5=108000 A6=108E3C PC=4AB0C -- 04AB0C: beq     $4ab4a
D0=1 D1=FFFF D2=707D0000 D3=FF D4=0 D5=0 D6=0 D7=0 A0=10B9F5 A1=10880A A2=1094C2 A3=108F6A A4=10947C A5=108000 A6=108E3C PC=4AB10 -- 04AB10: cmpi.b  #$1, $10fd8f.l
D0=1 D1=FFFF D2=707D0000 D3=FF D4=0 D5=0 D6=0 D7=0 A0=10B9F5 A1=10880A A2=1094C2 A3=108F6A A4=10947C A5=108000 A6=108E3C PC=4AB18 -- 04AB18: beq     $4ab2c
D0=1 D1=FFFF D2=707D0000 D3=FF D4=0 D5=0 D6=0 D7=0 A0=10B9F5 A1=10880A A2=1094C2 A3=108F6A A4=10947C A5=108000 A6=108E3C PC=4AB1C -- 04AB1C: cmpi.b  #$3, $10fd8f.l
D0=1 D1=FFFF D2=707D0000 D3=FF D4=0 D5=0 D6=0 D7=0 A0=10B9F5 A1=10880A A2=1094C2 A3=108F6A A4=10947C A5=108000 A6=108E3C PC=4AB24 -- 04AB24: beq     $4ab2c
D0=1 D1=FFFF D2=707D0000 D3=FF D4=0 D5=0 D6=0 D7=0 A0=10B9F5 A1=10880A A2=1094C2 A3=108F6A A4=10947C A5=108000 A6=108E3C PC=4AB2C -- 04AB2C: lea     $10fe00.l, A1
D0=1 D1=FFFF D2=707D0000 D3=FF D4=0 D5=0 D6=0 D7=0 A0=10B9F5 A1=10FE00 A2=1094C2 A3=108F6A A4=10947C A5=108000 A6=108E3C PC=4AB32 -- 04AB32: tst.w   $10fe80.l
D0=1 D1=FFFF D2=707D0000 D3=FF D4=0 D5=0 D6=0 D7=0 A0=10B9F5 A1=10FE00 A2=1094C2 A3=108F6A A4=10947C A5=108000 A6=108E3C PC=4AB38 -- 04AB38: bne     $4ab40
D0=1 D1=FFFF D2=707D0000 D3=FF D4=0 D5=0 D6=0 D7=0 A0=10B9F5 A1=10FE00 A2=1094C2 A3=108F6A A4=10947C A5=108000 A6=108E3C PC=4AB3A -- 04AB3A: lea     $d00034.l, A1
D0=1 D1=FFFF D2=707D0000 D3=FF D4=0 D5=0 D6=0 D7=0 A0=10B9F5 A1=D00034 A2=1094C2 A3=108F6A A4=10947C A5=108000 A6=108E3C PC=4AB40 -- 04AB40: cmpi.b  #$1, $10fd83.l
D0=1 D1=FFFF D2=707D0000 D3=FF D4=0 D5=0 D6=0 D7=0 A0=10B9F5 A1=D00034 A2=1094C2 A3=108F6A A4=10947C A5=108000 A6=108E3C PC=4AB48 -- 04AB48: bne     $4ab50
D0=1 D1=FFFF D2=707D0000 D3=FF D4=0 D5=0 D6=0 D7=0 A0=10B9F5 A1=D00034 A2=1094C2 A3=108F6A A4=10947C A5=108000 A6=108E3C PC=4AB4A -- 04AB4A: bsr     $4ab56
D0=1 D1=FFFF D2=707D0000 D3=FF D4=0 D5=0 D6=0 D7=0 A0=10B9F5 A1=D00034 A2=1094C2 A3=108F6A A4=10947C A5=108000 A6=108E3C PC=4AB56 -- 04AB56: lea     ($5c,PC) ; ($4abb4), A2
D0=1 D1=FFFF D2=707D0000 D3=FF D4=0 D5=0 D6=0 D7=0 A0=10B9F5 A1=D00034 A2=4ABB4 A3=108F6A A4=10947C A5=108000 A6=108E3C PC=4AB5A -- 04AB5A: move.b  (A1), D0
D0=0 D1=FFFF D2=707D0000 D3=FF D4=0 D5=0 D6=0 D7=0 A0=10B9F5 A1=D00034 A2=4ABB4 A3=108F6A A4=10947C A5=108000 A6=108E3C PC=4AB5C -- 04AB5C: cmpi.b  #$2, D0
D0=0 D1=FFFF D2=707D0000 D3=FF D4=0 D5=0 D6=0 D7=0 A0=10B9F5 A1=D00034 A2=4ABB4 A3=108F6A A4=10947C A5=108000 A6=108E3C PC=4AB60 -- 04AB60: bcc     $4ab66
D0=0 D1=FFFF D2=707D0000 D3=FF D4=0 D5=0 D6=0 D7=0 A0=10B9F5 A1=D00034 A2=4ABB4 A3=108F6A A4=10947C A5=108000 A6=108E3C PC=4AB62 -- 04AB62: lea     ($44,PC) ; ($4aba8), A2
D0=0 D1=FFFF D2=707D0000 D3=FF D4=0 D5=0 D6=0 D7=0 A0=10B9F5 A1=D00034 A2=4ABA8 A3=108F6A A4=10947C A5=108000 A6=108E3C PC=4AB66 -- 04AB66: moveq   #$5, D7
D0=0 D1=FFFF D2=707D0000 D3=FF D4=0 D5=0 D6=0 D7=5 A0=10B9F5 A1=D00034 A2=4ABA8 A3=108F6A A4=10947C A5=108000 A6=108E3C PC=4AB68 -- 04AB68: move.w  (A2)+, D2
D0=0 D1=FFFF D2=707D0367 D3=FF D4=0 D5=0 D6=0 D7=5 A0=10B9F5 A1=D00034 A2=4ABAA A3=108F6A A4=10947C A5=108000 A6=108E3C PC=4AB6A -- 04AB6A: move.l  D2, $3c0000.l
D0=0 D1=FFFF D2=707D0367 D3=FF D4=0 D5=0 D6=0 D7=5 A0=10B9F5 A1=D00034 A2=4ABAA A3=108F6A A4=10947C A5=108000 A6=108E3C PC=4AB70 -- 04AB70: addi.l  #$200000, D2
D0=0 D1=FFFF D2=709D0367 D3=FF D4=0 D5=0 D6=0 D7=5 A0=10B9F5 A1=D00034 A2=4ABAA A3=108F6A A4=10947C A5=108000 A6=108E3C PC=4AB76 -- 04AB76: dbra    D7, $4ab68
D0=0 D1=FFFF D2=709D0367 D3=FF D4=0 D5=0 D6=0 D7=4 A0=10B9F5 A1=D00034 A2=4ABAA A3=108F6A A4=10947C A5=108000 A6=108E3C PC=4AB68 -- 04AB68: move.w  (A2)+, D2
D0=0 D1=FFFF D2=709D0368 D3=FF D4=0 D5=0 D6=0 D7=4 A0=10B9F5 A1=D00034 A2=4ABAC A3=108F6A A4=10947C A5=108000 A6=108E3C PC=4AB6A -- 04AB6A: move.l  D2, $3c0000.l
D0=0 D1=FFFF D2=709D0368 D3=FF D4=0 D5=0 D6=0 D7=4 A0=10B9F5 A1=D00034 A2=4ABAC A3=108F6A A4=10947C A5=108000 A6=108E3C PC=4AB70 -- 04AB70: addi.l  #$200000, D2
D0=0 D1=FFFF D2=70BD0368 D3=FF D4=0 D5=0 D6=0 D7=4 A0=10B9F5 A1=D00034 A2=4ABAC A3=108F6A A4=10947C A5=108000 A6=108E3C PC=4AB76 -- 04AB76: dbra    D7, $4ab68

   (loops for 16 instructions)

D0=0 D1=FFFF D2=713D0F20 D3=FF D4=0 D5=0 D6=0 D7=FFFF A0=10B9F5 A1=D00034 A2=4ABB4 A3=108F6A A4=10947C A5=108000 A6=108E3C PC=4AB7A -- 04AB7A: move.b  (A1), D0
D0=0 D1=FFFF D2=713D0F20 D3=FF D4=0 D5=0 D6=0 D7=FFFF A0=10B9F5 A1=D00034 A2=4ABB4 A3=108F6A A4=10947C A5=108000 A6=108E3C PC=4AB7C -- 04AB7C: andi.w  #$ff, D0
D0=0 D1=FFFF D2=713D0F20 D3=FF D4=0 D5=0 D6=0 D7=FFFF A0=10B9F5 A1=D00034 A2=4ABB4 A3=108F6A A4=10947C A5=108000 A6=108E3C PC=4AB80 -- 04AB80: move.w  D0, D1
D0=0 D1=0 D2=713D0F20 D3=FF D4=0 D5=0 D6=0 D7=FFFF A0=10B9F5 A1=D00034 A2=4ABB4 A3=108F6A A4=10947C A5=108000 A6=108E3C PC=4AB82 -- 04AB82: lsr.w   #4, D1
D0=0 D1=0 D2=713D0F20 D3=FF D4=0 D5=0 D6=0 D7=FFFF A0=10B9F5 A1=D00034 A2=4ABB4 A3=108F6A A4=10947C A5=108000 A6=108E3C PC=4AB84 -- 04AB84: addi.w  #$370, D1
D0=0 D1=370 D2=713D0F20 D3=FF D4=0 D5=0 D6=0 D7=FFFF A0=10B9F5 A1=D00034 A2=4ABB4 A3=108F6A A4=10947C A5=108000 A6=108E3C PC=4AB88 -- 04AB88: move.w  D1, D2
D0=0 D1=370 D2=713D0370 D3=FF D4=0 D5=0 D6=0 D7=FFFF A0=10B9F5 A1=D00034 A2=4ABB4 A3=108F6A A4=10947C A5=108000 A6=108E3C PC=4AB8A -- 04AB8A: move.l  D2, $3c0000.l
D0=0 D1=370 D2=713D0370 D3=FF D4=0 D5=0 D6=0 D7=FFFF A0=10B9F5 A1=D00034 A2=4ABB4 A3=108F6A A4=10947C A5=108000 A6=108E3C PC=4AB90 -- 04AB90: addi.l  #$200000, D2
D0=0 D1=370 D2=715D0370 D3=FF D4=0 D5=0 D6=0 D7=FFFF A0=10B9F5 A1=D00034 A2=4ABB4 A3=108F6A A4=10947C A5=108000 A6=108E3C PC=4AB96 -- 04AB96: andi.w  #$f, D0
D0=0 D1=370 D2=715D0370 D3=FF D4=0 D5=0 D6=0 D7=FFFF A0=10B9F5 A1=D00034 A2=4ABB4 A3=108F6A A4=10947C A5=108000 A6=108E3C PC=4AB9A -- 04AB9A: addi.w  #$370, D0
D0=370 D1=370 D2=715D0370 D3=FF D4=0 D5=0 D6=0 D7=FFFF A0=10B9F5 A1=D00034 A2=4ABB4 A3=108F6A A4=10947C A5=108000 A6=108E3C PC=4AB9E -- 04AB9E: move.w  D0, D2
D0=370 D1=370 D2=715D0370 D3=FF D4=0 D5=0 D6=0 D7=FFFF A0=10B9F5 A1=D00034 A2=4ABB4 A3=108F6A A4=10947C A5=108000 A6=108E3C PC=4ABA0 -- 04ABA0: move.l  D2, $3c0000.l
D0=370 D1=370 D2=715D0370 D3=FF D4=0 D5=0 D6=0 D7=FFFF A0=10B9F5 A1=D00034 A2=4ABB4 A3=108F6A A4=10947C A5=108000 A6=108E3C PC=4ABA6 -- 04ABA6: rts
D0=370 D1=370 D2=715D0370 D3=FF D4=0 D5=0 D6=0 D7=FFFF A0=10B9F5 A1=D00034 A2=4ABB4 A3=108F6A A4=10947C A5=108000 A6=108E3C PC=4AB4E -- 04AB4E: addq.l  #1, A1
D0=370 D1=370 D2=715D0370 D3=FF D4=0 D5=0 D6=0 D7=FFFF A0=10B9F5 A1=D00035 A2=4ABB4 A3=108F6A A4=10947C A5=108000 A6=108E3C PC=4AB50 -- 04AB50: move.w  #$73bd, D2
D0=370 D1=370 D2=715D73BD D3=FF D4=0 D5=0 D6=0 D7=FFFF A0=10B9F5 A1=D00035 A2=4ABB4 A3=108F6A A4=10947C A5=108000 A6=108E3C PC=4AB54 -- 04AB54: swap    D2
D0=370 D1=370 D2=73BD715D D3=FF D4=0 D5=0 D6=0 D7=FFFF A0=10B9F5 A1=D00035 A2=4ABB4 A3=108F6A A4=10947C A5=108000 A6=108E3C PC=4AB56 -- 04AB56: lea     ($5c,PC) ; ($4abb4), A2
D0=370 D1=370 D2=73BD715D D3=FF D4=0 D5=0 D6=0 D7=FFFF A0=10B9F5 A1=D00035 A2=4ABB4 A3=108F6A A4=10947C A5=108000 A6=108E3C PC=4AB5A -- 04AB5A: move.b  (A1), D0
D0=300 D1=370 D2=73BD715D D3=FF D4=0 D5=0 D6=0 D7=FFFF A0=10B9F5 A1=D00035 A2=4ABB4 A3=108F6A A4=10947C A5=108000 A6=108E3C PC=4AB5C -- 04AB5C: cmpi.b  #$2, D0
D0=300 D1=370 D2=73BD715D D3=FF D4=0 D5=0 D6=0 D7=FFFF A0=10B9F5 A1=D00035 A2=4ABB4 A3=108F6A A4=10947C A5=108000 A6=108E3C PC=4AB60 -- 04AB60: bcc     $4ab66
D0=300 D1=370 D2=73BD715D D3=FF D4=0 D5=0 D6=0 D7=FFFF A0=10B9F5 A1=D00035 A2=4ABB4 A3=108F6A A4=10947C A5=108000 A6=108E3C PC=4AB62 -- 04AB62: lea     ($44,PC) ; ($4aba8), A2
D0=300 D1=370 D2=73BD715D D3=FF D4=0 D5=0 D6=0 D7=FFFF A0=10B9F5 A1=D00035 A2=4ABA8 A3=108F6A A4=10947C A5=108000 A6=108E3C PC=4AB66 -- 04AB66: moveq   #$5, D7

   (loops for 24 instructions)

D0=300 D1=370 D2=747D0F20 D3=FF D4=0 D5=0 D6=0 D7=FFFF A0=10B9F5 A1=D00035 A2=4ABB4 A3=108F6A A4=10947C A5=108000 A6=108E3C PC=4AB7A -- 04AB7A: move.b  (A1), D0
D0=300 D1=370 D2=747D0F20 D3=FF D4=0 D5=0 D6=0 D7=FFFF A0=10B9F5 A1=D00035 A2=4ABB4 A3=108F6A A4=10947C A5=108000 A6=108E3C PC=4AB7C -- 04AB7C: andi.w  #$ff, D0
D0=0 D1=370 D2=747D0F20 D3=FF D4=0 D5=0 D6=0 D7=FFFF A0=10B9F5 A1=D00035 A2=4ABB4 A3=108F6A A4=10947C A5=108000 A6=108E3C PC=4AB80 -- 04AB80: move.w  D0, D1
D0=0 D1=0 D2=747D0F20 D3=FF D4=0 D5=0 D6=0 D7=FFFF A0=10B9F5 A1=D00035 A2=4ABB4 A3=108F6A A4=10947C A5=108000 A6=108E3C PC=4AB82 -- 04AB82: lsr.w   #4, D1
D0=0 D1=0 D2=747D0F20 D3=FF D4=0 D5=0 D6=0 D7=FFFF A0=10B9F5 A1=D00035 A2=4ABB4 A3=108F6A A4=10947C A5=108000 A6=108E3C PC=4AB84 -- 04AB84: addi.w  #$370, D1
D0=0 D1=370 D2=747D0F20 D3=FF D4=0 D5=0 D6=0 D7=FFFF A0=10B9F5 A1=D00035 A2=4ABB4 A3=108F6A A4=10947C A5=108000 A6=108E3C PC=4AB88 -- 04AB88: move.w  D1, D2
D0=0 D1=370 D2=747D0370 D3=FF D4=0 D5=0 D6=0 D7=FFFF A0=10B9F5 A1=D00035 A2=4ABB4 A3=108F6A A4=10947C A5=108000 A6=108E3C PC=4AB8A -- 04AB8A: move.l  D2, $3c0000.l
D0=0 D1=370 D2=747D0370 D3=FF D4=0 D5=0 D6=0 D7=FFFF A0=10B9F5 A1=D00035 A2=4ABB4 A3=108F6A A4=10947C A5=108000 A6=108E3C PC=4AB90 -- 04AB90: addi.l  #$200000, D2
D0=0 D1=370 D2=749D0370 D3=FF D4=0 D5=0 D6=0 D7=FFFF A0=10B9F5 A1=D00035 A2=4ABB4 A3=108F6A A4=10947C A5=108000 A6=108E3C PC=4AB96 -- 04AB96: andi.w  #$f, D0
D0=0 D1=370 D2=749D0370 D3=FF D4=0 D5=0 D6=0 D7=FFFF A0=10B9F5 A1=D00035 A2=4ABB4 A3=108F6A A4=10947C A5=108000 A6=108E3C PC=4AB9A -- 04AB9A: addi.w  #$370, D0
D0=370 D1=370 D2=749D0370 D3=FF D4=0 D5=0 D6=0 D7=FFFF A0=10B9F5 A1=D00035 A2=4ABB4 A3=108F6A A4=10947C A5=108000 A6=108E3C PC=4AB9E -- 04AB9E: move.w  D0, D2
D0=370 D1=370 D2=749D0370 D3=FF D4=0 D5=0 D6=0 D7=FFFF A0=10B9F5 A1=D00035 A2=4ABB4 A3=108F6A A4=10947C A5=108000 A6=108E3C PC=4ABA0 -- 04ABA0: move.l  D2, $3c0000.l
D0=370 D1=370 D2=749D0370 D3=FF D4=0 D5=0 D6=0 D7=FFFF A0=10B9F5 A1=D00035 A2=4ABB4 A3=108F6A A4=10947C A5=108000 A6=108E3C PC=4ABA6 -- 04ABA6: rts
D0=370 D1=370 D2=749D0370 D3=FF D4=0 D5=0 D6=0 D7=FFFF A0=10B9F5 A1=D00035 A2=4ABB4 A3=108F6A A4=10947C A5=108000 A6=108E3C PC=32A80 -- 032A80: jsr     $13b2.l
D0=370 D1=370 D2=749D0370 D3=FF D4=0 D5=0 D6=0 D7=FFFF A0=10B9F5 A1=D00035 A2=4ABB4 A3=108F6A A4=10947C A5=108000 A6=108E3C PC=13B2 -- 0013B2: cmpi.b  #$2, $10fd8f.l
D0=370 D1=370 D2=749D0370 D3=FF D4=0 D5=0 D6=0 D7=FFFF A0=10B9F5 A1=D00035 A2=4ABB4 A3=108F6A A4=10947C A5=108000 A6=108E3C PC=13BA -- 0013BA: bcs     $1416
D0=370 D1=370 D2=749D0370 D3=FF D4=0 D5=0 D6=0 D7=FFFF A0=10B9F5 A1=D00035 A2=4ABB4 A3=108F6A A4=10947C A5=108000 A6=108E3C PC=13BE -- 0013BE: tst.b   $10fd82.l
D0=370 D1=370 D2=749D0370 D3=FF D4=0 D5=0 D6=0 D7=FFFF A0=10B9F5 A1=D00035 A2=4ABB4 A3=108F6A A4=10947C A5=108000 A6=108E3C PC=13C4 -- 0013C4: beq     $1416
D0=370 D1=370 D2=749D0370 D3=FF D4=0 D5=0 D6=0 D7=FFFF A0=10B9F5 A1=D00035 A2=4ABB4 A3=108F6A A4=10947C A5=108000 A6=108E3C PC=13C8 -- 0013C8: move.w  #$10, D0
D0=10 D1=370 D2=749D0370 D3=FF D4=0 D5=0 D6=0 D7=FFFF A0=10B9F5 A1=D00035 A2=4ABB4 A3=108F6A A4=10947C A5=108000 A6=108E3C PC=13CC -- 0013CC: move.w  #$1b, D1
D0=10 D1=1B D2=749D0370 D3=FF D4=0 D5=0 D6=0 D7=FFFF A0=10B9F5 A1=D00035 A2=4ABB4 A3=108F6A A4=10947C A5=108000 A6=108E3C PC=13D0 -- 0013D0: jsr     $5fde.l
D0=10 D1=1B D2=749D0370 D3=FF D4=0 D5=0 D6=0 D7=FFFF A0=10B9F5 A1=D00035 A2=4ABB4 A3=108F6A A4=10947C A5=108000 A6=108E3C PC=5FDE -- 005FDE: lsl.w   #5, D0
D0=200 D1=1B D2=749D0370 D3=FF D4=0 D5=0 D6=0 D7=FFFF A0=10B9F5 A1=D00035 A2=4ABB4 A3=108F6A A4=10947C A5=108000 A6=108E3C PC=5FE0 -- 005FE0: add.w   D1, D0
D0=21B D1=1B D2=749D0370 D3=FF D4=0 D5=0 D6=0 D7=FFFF A0=10B9F5 A1=D00035 A2=4ABB4 A3=108F6A A4=10947C A5=108000 A6=108E3C PC=5FE2 -- 005FE2: addi.w  #$7002, D0
D0=721D D1=1B D2=749D0370 D3=FF D4=0 D5=0 D6=0 D7=FFFF A0=10B9F5 A1=D00035 A2=4ABB4 A3=108F6A A4=10947C A5=108000 A6=108E3C PC=5FE6 -- 005FE6: swap    D0
D0=721D0000 D1=1B D2=749D0370 D3=FF D4=0 D5=0 D6=0 D7=FFFF A0=10B9F5 A1=D00035 A2=4ABB4 A3=108F6A A4=10947C A5=108000 A6=108E3C PC=5FE8 -- 005FE8: rts
D0=721D0000 D1=1B D2=749D0370 D3=FF D4=0 D5=0 D6=0 D7=FFFF A0=10B9F5 A1=D00035 A2=4ABB4 A3=108F6A A4=10947C A5=108000 A6=108E3C PC=13D6 -- 0013D6: move.w  #$300, D0
D0=721D0300 D1=1B D2=749D0370 D3=FF D4=0 D5=0 D6=0 D7=FFFF A0=10B9F5 A1=D00035 A2=4ABB4 A3=108F6A A4=10947C A5=108000 A6=108E3C PC=13DA -- 0013DA: lea     $4f8fa.l, A0
D0=721D0300 D1=1B D2=749D0370 D3=FF D4=0 D5=0 D6=0 D7=FFFF A0=4F8FA A1=D00035 A2=4ABB4 A3=108F6A A4=10947C A5=108000 A6=108E3C PC=13E0 -- 0013E0: moveq   #$4, D1
D0=721D0300 D1=4 D2=749D0370 D3=FF D4=0 D5=0 D6=0 D7=FFFF A0=4F8FA A1=D00035 A2=4ABB4 A3=108F6A A4=10947C A5=108000 A6=108E3C PC=13E2 -- 0013E2: move.b  (A0)+, D0
D0=721D0380 D1=4 D2=749D0370 D3=FF D4=0 D5=0 D6=0 D7=FFFF A0=4F8FB A1=D00035 A2=4ABB4 A3=108F6A A4=10947C A5=108000 A6=108E3C PC=13E4 -- 0013E4: move.l  D0, $3c0000.l
D0=721D0380 D1=4 D2=749D0370 D3=FF D4=0 D5=0 D6=0 D7=FFFF A0=4F8FB A1=D00035 A2=4ABB4 A3=108F6A A4=10947C A5=108000 A6=108E3C PC=13EA -- 0013EA: addi.l  #$200000, D0
D0=723D0380 D1=4 D2=749D0370 D3=FF D4=0 D5=0 D6=0 D7=FFFF A0=4F8FB A1=D00035 A2=4ABB4 A3=108F6A A4=10947C A5=108000 A6=108E3C PC=13F0 -- 0013F0: dbra    D1, $13e2
D0=723D0380 D1=3 D2=749D0370 D3=FF D4=0 D5=0 D6=0 D7=FFFF A0=4F8FB A1=D00035 A2=4ABB4 A3=108F6A A4=10947C A5=108000 A6=108E3C PC=13E2 -- 0013E2: move.b  (A0)+, D0
D0=723D0381 D1=3 D2=749D0370 D3=FF D4=0 D5=0 D6=0 D7=FFFF A0=4F8FC A1=D00035 A2=4ABB4 A3=108F6A A4=10947C A5=108000 A6=108E3C PC=13E4 -- 0013E4: move.l  D0, $3c0000.l
D0=723D0381 D1=3 D2=749D0370 D3=FF D4=0 D5=0 D6=0 D7=FFFF A0=4F8FC A1=D00035 A2=4ABB4 A3=108F6A A4=10947C A5=108000 A6=108E3C PC=13EA -- 0013EA: addi.l  #$200000, D0
D0=725D0381 D1=3 D2=749D0370 D3=FF D4=0 D5=0 D6=0 D7=FFFF A0=4F8FC A1=D00035 A2=4ABB4 A3=108F6A A4=10947C A5=108000 A6=108E3C PC=13F0 -- 0013F0: dbra    D1, $13e2

   (loops for 12 instructions)

D0=72BD0384 D1=FFFF D2=749D0370 D3=FF D4=0 D5=0 D6=0 D7=FFFF A0=4F8FF A1=D00035 A2=4ABB4 A3=108F6A A4=10947C A5=108000 A6=108E3C PC=13F4 -- 0013F4: move.w  #$16, D0
D0=72BD0016 D1=FFFF D2=749D0370 D3=FF D4=0 D5=0 D6=0 D7=FFFF A0=4F8FF A1=D00035 A2=4ABB4 A3=108F6A A4=10947C A5=108000 A6=108E3C PC=13F8 -- 0013F8: move.w  #$1b, D1
D0=72BD0016 D1=1B D2=749D0370 D3=FF D4=0 D5=0 D6=0 D7=FFFF A0=4F8FF A1=D00035 A2=4ABB4 A3=108F6A A4=10947C A5=108000 A6=108E3C PC=13FC -- 0013FC: jsr     $5fde.l
D0=72BD0016 D1=1B D2=749D0370 D3=FF D4=0 D5=0 D6=0 D7=FFFF A0=4F8FF A1=D00035 A2=4ABB4 A3=108F6A A4=10947C A5=108000 A6=108E3C PC=5FDE -- 005FDE: lsl.w   #5, D0
D0=72BD02C0 D1=1B D2=749D0370 D3=FF D4=0 D5=0 D6=0 D7=FFFF A0=4F8FF A1=D00035 A2=4ABB4 A3=108F6A A4=10947C A5=108000 A6=108E3C PC=5FE0 -- 005FE0: add.w   D1, D0
D0=72BD02DB D1=1B D2=749D0370 D3=FF D4=0 D5=0 D6=0 D7=FFFF A0=4F8FF A1=D00035 A2=4ABB4 A3=108F6A A4=10947C A5=108000 A6=108E3C PC=5FE2 -- 005FE2: addi.w  #$7002, D0
D0=72BD72DD D1=1B D2=749D0370 D3=FF D4=0 D5=0 D6=0 D7=FFFF A0=4F8FF A1=D00035 A2=4ABB4 A3=108F6A A4=10947C A5=108000 A6=108E3C PC=5FE6 -- 005FE6: swap    D0
D0=72DD72BD D1=1B D2=749D0370 D3=FF D4=0 D5=0 D6=0 D7=FFFF A0=4F8FF A1=D00035 A2=4ABB4 A3=108F6A A4=10947C A5=108000 A6=108E3C PC=5FE8 -- 005FE8: rts
D0=72DD72BD D1=1B D2=749D0370 D3=FF D4=0 D5=0 D6=0 D7=FFFF A0=4F8FF A1=D00035 A2=4ABB4 A3=108F6A A4=10947C A5=108000 A6=108E3C PC=1402 -- 001402: clr.w   D0
D0=72DD0000 D1=1B D2=749D0370 D3=FF D4=0 D5=0 D6=0 D7=FFFF A0=4F8FF A1=D00035 A2=4ABB4 A3=108F6A A4=10947C A5=108000 A6=108E3C PC=1404 -- 001404: move.b  $10fd8e.l, D0
D0=72DD0003 D1=1B D2=749D0370 D3=FF D4=0 D5=0 D6=0 D7=FFFF A0=4F8FF A1=D00035 A2=4ABB4 A3=108F6A A4=10947C A5=108000 A6=108E3C PC=140A -- 00140A: addq.b  #1, D0
D0=72DD0004 D1=1B D2=749D0370 D3=FF D4=0 D5=0 D6=0 D7=FFFF A0=4F8FF A1=D00035 A2=4ABB4 A3=108F6A A4=10947C A5=108000 A6=108E3C PC=140C -- 00140C: addi.w  #$370, D0
D0=72DD0374 D1=1B D2=749D0370 D3=FF D4=0 D5=0 D6=0 D7=FFFF A0=4F8FF A1=D00035 A2=4ABB4 A3=108F6A A4=10947C A5=108000 A6=108E3C PC=1410 -- 001410: move.l  D0, $3c0000.l
D0=72DD0374 D1=1B D2=749D0370 D3=FF D4=0 D5=0 D6=0 D7=FFFF A0=4F8FF A1=D00035 A2=4ABB4 A3=108F6A A4=10947C A5=108000 A6=108E3C PC=1416 -- 001416: rts
D0=72DD0374 D1=1B D2=749D0370 D3=FF D4=0 D5=0 D6=0 D7=FFFF A0=4F8FF A1=D00035 A2=4ABB4 A3=108F6A A4=10947C A5=108000 A6=108E3C PC=32A86 -- 032A86: bsr     $32b28
D0=72DD0374 D1=1B D2=749D0370 D3=FF D4=0 D5=0 D6=0 D7=FFFF A0=4F8FF A1=D00035 A2=4ABB4 A3=108F6A A4=10947C A5=108000 A6=108E3C PC=32B28 -- 032B28: lea     ($584,A5), A4
D0=72DD0374 D1=1B D2=749D0370 D3=FF D4=0 D5=0 D6=0 D7=FFFF A0=4F8FF A1=D00035 A2=4ABB4 A3=108F6A A4=108584 A5=108000 A6=108E3C PC=32B2C -- 032B2C: movea.l (A4), A0
D0=72DD0374 D1=1B D2=749D0370 D3=FF D4=0 D5=0 D6=0 D7=FFFF A0=44C5A A1=D00035 A2=4ABB4 A3=108F6A A4=108584 A5=108000 A6=108E3C PC=32B2E -- 032B2E: jsr     (A0)
D0=72DD0374 D1=1B D2=749D0370 D3=FF D4=0 D5=0 D6=0 D7=FFFF A0=44C5A A1=D00035 A2=4ABB4 A3=108F6A A4=108584 A5=108000 A6=108E3C PC=44C5A -- 044C5A: move.w  #$7fff, ($38ba,A5)
D0=72DD0374 D1=1B D2=749D0370 D3=FF D4=0 D5=0 D6=0 D7=FFFF A0=44C5A A1=D00035 A2=4ABB4 A3=108F6A A4=108584 A5=108000 A6=108E3C PC=44C60 -- 044C60: eori.b  #$1, ($655,A5)
D0=72DD0374 D1=1B D2=749D0370 D3=FF D4=0 D5=0 D6=0 D7=FFFF A0=44C5A A1=D00035 A2=4ABB4 A3=108F6A A4=108584 A5=108000 A6=108E3C PC=44C66 -- 044C66: beq     $44c70
D0=72DD0374 D1=1B D2=749D0370 D3=FF D4=0 D5=0 D6=0 D7=FFFF A0=44C5A A1=D00035 A2=4ABB4 A3=108F6A A4=108584 A5=108000 A6=108E3C PC=44C70 -- 044C70: subq.b  #1, ($654,A5)
D0=72DD0374 D1=1B D2=749D0370 D3=FF D4=0 D5=0 D6=0 D7=FFFF A0=44C5A A1=D00035 A2=4ABB4 A3=108F6A A4=108584 A5=108000 A6=108E3C PC=44C74 -- 044C74: bcc     $44876
D0=72DD0374 D1=1B D2=749D0370 D3=FF D4=0 D5=0 D6=0 D7=FFFF A0=44C5A A1=D00035 A2=4ABB4 A3=108F6A A4=108584 A5=108000 A6=108E3C PC=44876 -- 044876: rts
D0=72DD0374 D1=1B D2=749D0370 D3=FF D4=0 D5=0 D6=0 D7=FFFF A0=44C5A A1=D00035 A2=4ABB4 A3=108F6A A4=108584 A5=108000 A6=108E3C PC=32B30 -- 032B30: move.l  #$100100, D7
D0=72DD0374 D1=1B D2=749D0370 D3=FF D4=0 D5=0 D6=0 D7=100100 A0=44C5A A1=D00035 A2=4ABB4 A3=108F6A A4=108584 A5=108000 A6=108E3C PC=32B36 -- 032B36: movea.l D7, A4
D0=72DD0374 D1=1B D2=749D0370 D3=FF D4=0 D5=0 D6=0 D7=100100 A0=44C5A A1=D00035 A2=4ABB4 A3=108F6A A4=100100 A5=108000 A6=108E3C PC=32B38 -- 032B38: movea.l (A4), A0
D0=72DD0374 D1=1B D2=749D0370 D3=FF D4=0 D5=0 D6=0 D7=100100 A0=25A8 A1=D00035 A2=4ABB4 A3=108F6A A4=100100 A5=108000 A6=108E3C PC=32B3A -- 032B3A: jsr     (A0)
D0=72DD0374 D1=1B D2=749D0370 D3=FF D4=0 D5=0 D6=0 D7=100100 A0=25A8 A1=D00035 A2=4ABB4 A3=108F6A A4=100100 A5=108000 A6=108E3C PC=25A8 -- 0025A8: rts
D0=72DD0374 D1=1B D2=749D0370 D3=FF D4=0 D5=0 D6=0 D7=100100 A0=25A8 A1=D00035 A2=4ABB4 A3=108F6A A4=100100 A5=108000 A6=108E3C PC=32B3C -- 032B3C: move.l  A4, D7
D0=72DD0374 D1=1B D2=749D0370 D3=FF D4=0 D5=0 D6=0 D7=100100 A0=25A8 A1=D00035 A2=4ABB4 A3=108F6A A4=100100 A5=108000 A6=108E3C PC=32B3E -- 032B3E: move.w  ($4,A4), D7
D0=72DD0374 D1=1B D2=749D0370 D3=FF D4=0 D5=0 D6=0 D7=100500 A0=25A8 A1=D00035 A2=4ABB4 A3=108F6A A4=100100 A5=108000 A6=108E3C PC=32B42 -- 032B42: bpl     $32b36
D0=72DD0374 D1=1B D2=749D0370 D3=FF D4=0 D5=0 D6=0 D7=100500 A0=25A8 A1=D00035 A2=4ABB4 A3=108F6A A4=100100 A5=108000 A6=108E3C PC=32B36 -- 032B36: movea.l D7, A4
D0=72DD0374 D1=1B D2=749D0370 D3=FF D4=0 D5=0 D6=0 D7=100500 A0=25A8 A1=D00035 A2=4ABB4 A3=108F6A A4=100500 A5=108000 A6=108E3C PC=32B38 -- 032B38: movea.l (A4), A0
D0=72DD0374 D1=1B D2=749D0370 D3=FF D4=0 D5=0 D6=0 D7=100500 A0=452EA A1=D00035 A2=4ABB4 A3=108F6A A4=100500 A5=108000 A6=108E3C PC=32B3A -- 032B3A: jsr     (A0)
D0=72DD0374 D1=1B D2=749D0370 D3=FF D4=0 D5=0 D6=0 D7=100500 A0=452EA A1=D00035 A2=4ABB4 A3=108F6A A4=100500 A5=108000 A6=108E3C PC=452EA -- 0452EA: move.w  ($d0,A4), D0
D0=72DD0002 D1=1B D2=749D0370 D3=FF D4=0 D5=0 D6=0 D7=100500 A0=452EA A1=D00035 A2=4ABB4 A3=108F6A A4=100500 A5=108000 A6=108E3C PC=452EE -- 0452EE: movea.l ($84,A4), A0
D0=72DD0002 D1=1B D2=749D0370 D3=FF D4=0 D5=0 D6=0 D7=100500 A0=108584 A1=D00035 A2=4ABB4 A3=108F6A A4=100500 A5=108000 A6=108E3C PC=452F2 -- 0452F2: btst    D0, ($cf,A0)
D0=72DD0002 D1=1B D2=749D0370 D3=FF D4=0 D5=0 D6=0 D7=100500 A0=108584 A1=D00035 A2=4ABB4 A3=108F6A A4=100500 A5=108000 A6=108E3C PC=452F6 -- 0452F6: bne     $45306
D0=72DD0002 D1=1B D2=749D0370 D3=FF D4=0 D5=0 D6=0 D7=100500 A0=108584 A1=D00035 A2=4ABB4 A3=108F6A A4=100500 A5=108000 A6=108E3C PC=452FA -- 0452FA: tst.b   ($ce,A0)
D0=72DD0002 D1=1B D2=749D0370 D3=FF D4=0 D5=0 D6=0 D7=100500 A0=108584 A1=D00035 A2=4ABB4 A3=108F6A A4=100500 A5=108000 A6=108E3C PC=452FE -- 0452FE: bpl     $44878
D0=72DD0002 D1=1B D2=749D0370 D3=FF D4=0 D5=0 D6=0 D7=100500 A0=108584 A1=D00035 A2=4ABB4 A3=108F6A A4=100500 A5=108000 A6=108E3C PC=45302 -- 045302: bmi     $44876
D0=72DD0002 D1=1B D2=749D0370 D3=FF D4=0 D5=0 D6=0 D7=100500 A0=108584 A1=D00035 A2=4ABB4 A3=108F6A A4=100500 A5=108000 A6=108E3C PC=44876 -- 044876: rts
D0=72DD0002 D1=1B D2=749D0370 D3=FF D4=0 D5=0 D6=0 D7=100500 A0=108584 A1=D00035 A2=4ABB4 A3=108F6A A4=100500 A5=108000 A6=108E3C PC=32B3C -- 032B3C: move.l  A4, D7
D0=72DD0002 D1=1B D2=749D0370 D3=FF D4=0 D5=0 D6=0 D7=100500 A0=108584 A1=D00035 A2=4ABB4 A3=108F6A A4=100500 A5=108000 A6=108E3C PC=32B3E -- 032B3E: move.w  ($4,A4), D7
D0=72DD0002 D1=1B D2=749D0370 D3=FF D4=0 D5=0 D6=0 D7=100700 A0=108584 A1=D00035 A2=4ABB4 A3=108F6A A4=100500 A5=108000 A6=108E3C PC=32B42 -- 032B42: bpl     $32b36

   (loops for 3 instructions)

D0=72DD0002 D1=1B D2=749D0370 D3=FF D4=0 D5=0 D6=0 D7=100700 A0=452EA A1=D00035 A2=4ABB4 A3=108F6A A4=100700 A5=108000 A6=108E3C PC=452EA -- 0452EA: move.w  ($d0,A4), D0
D0=72DD0002 D1=1B D2=749D0370 D3=FF D4=0 D5=0 D6=0 D7=100700 A0=452EA A1=D00035 A2=4ABB4 A3=108F6A A4=100700 A5=108000 A6=108E3C PC=452EE -- 0452EE: movea.l ($84,A4), A0
D0=72DD0002 D1=1B D2=749D0370 D3=FF D4=0 D5=0 D6=0 D7=100700 A0=108584 A1=D00035 A2=4ABB4 A3=108F6A A4=100700 A5=108000 A6=108E3C PC=452F2 -- 0452F2: btst    D0, ($cf,A0)
D0=72DD0002 D1=1B D2=749D0370 D3=FF D4=0 D5=0 D6=0 D7=100700 A0=108584 A1=D00035 A2=4ABB4 A3=108F6A A4=100700 A5=108000 A6=108E3C PC=452F6 -- 0452F6: bne     $45306
D0=72DD0002 D1=1B D2=749D0370 D3=FF D4=0 D5=0 D6=0 D7=100700 A0=108584 A1=D00035 A2=4ABB4 A3=108F6A A4=100700 A5=108000 A6=108E3C PC=452FA -- 0452FA: tst.b   ($ce,A0)
D0=72DD0002 D1=1B D2=749D0370 D3=FF D4=0 D5=0 D6=0 D7=100700 A0=108584 A1=D00035 A2=4ABB4 A3=108F6A A4=100700 A5=108000 A6=108E3C PC=452FE -- 0452FE: bpl     $44878
D0=72DD0002 D1=1B D2=749D0370 D3=FF D4=0 D5=0 D6=0 D7=100700 A0=108584 A1=D00035 A2=4ABB4 A3=108F6A A4=100700 A5=108000 A6=108E3C PC=45302 -- 045302: bmi     $44876

   (loops for 21 instructions)

D0=72DD0002 D1=1B D2=749D0370 D3=FF D4=0 D5=0 D6=0 D7=100B00 A0=45778 A1=D00035 A2=4ABB4 A3=108F6A A4=100B00 A5=108000 A6=108E3C PC=45778 -- 045778: move.w  ($18,A4), D0
D0=72DD001B D1=1B D2=749D0370 D3=FF D4=0 D5=0 D6=0 D7=100B00 A0=45778 A1=D00035 A2=4ABB4 A3=108F6A A4=100B00 A5=108000 A6=108E3C PC=4577C -- 04577C: move.w  ($1c,A4), D1
D0=72DD001B D1=0 D2=749D0370 D3=FF D4=0 D5=0 D6=0 D7=100B00 A0=45778 A1=D00035 A2=4ABB4 A3=108F6A A4=100B00 A5=108000 A6=108E3C PC=45780 -- 045780: move.w  #$1, D2
D0=72DD001B D1=0 D2=749D0001 D3=FF D4=0 D5=0 D6=0 D7=100B00 A0=45778 A1=D00035 A2=4ABB4 A3=108F6A A4=100B00 A5=108000 A6=108E3C PC=45784 -- 045784: move.w  #$3, D3
D0=72DD001B D1=0 D2=749D0001 D3=3 D4=0 D5=0 D6=0 D7=100B00 A0=45778 A1=D00035 A2=4ABB4 A3=108F6A A4=100B00 A5=108000 A6=108E3C PC=45788 -- 045788: jsr     $5fea.l
D0=72DD001B D1=0 D2=749D0001 D3=3 D4=0 D5=0 D6=0 D7=100B00 A0=45778 A1=D00035 A2=4ABB4 A3=108F6A A4=100B00 A5=108000 A6=108E3C PC=5FEA -- 005FEA: jsr     (-$e,PC) ; ($5fde)
D0=72DD001B D1=0 D2=749D0001 D3=3 D4=0 D5=0 D6=0 D7=100B00 A0=45778 A1=D00035 A2=4ABB4 A3=108F6A A4=100B00 A5=108000 A6=108E3C PC=5FDE -- 005FDE: lsl.w   #5, D0
D0=72DD0360 D1=0 D2=749D0001 D3=3 D4=0 D5=0 D6=0 D7=100B00 A0=45778 A1=D00035 A2=4ABB4 A3=108F6A A4=100B00 A5=108000 A6=108E3C PC=5FE0 -- 005FE0: add.w   D1, D0
D0=72DD0360 D1=0 D2=749D0001 D3=3 D4=0 D5=0 D6=0 D7=100B00 A0=45778 A1=D00035 A2=4ABB4 A3=108F6A A4=100B00 A5=108000 A6=108E3C PC=5FE2 -- 005FE2: addi.w  #$7002, D0
D0=72DD7362 D1=0 D2=749D0001 D3=3 D4=0 D5=0 D6=0 D7=100B00 A0=45778 A1=D00035 A2=4ABB4 A3=108F6A A4=100B00 A5=108000 A6=108E3C PC=5FE6 -- 005FE6: swap    D0
D0=736272DD D1=0 D2=749D0001 D3=3 D4=0 D5=0 D6=0 D7=100B00 A0=45778 A1=D00035 A2=4ABB4 A3=108F6A A4=100B00 A5=108000 A6=108E3C PC=5FE8 -- 005FE8: rts
D0=736272DD D1=0 D2=749D0001 D3=3 D4=0 D5=0 D6=0 D7=100B00 A0=45778 A1=D00035 A2=4ABB4 A3=108F6A A4=100B00 A5=108000 A6=108E3C PC=5FEE -- 005FEE: move.w  #$f20, D0
D0=73620F20 D1=0 D2=749D0001 D3=3 D4=0 D5=0 D6=0 D7=100B00 A0=45778 A1=D00035 A2=4ABB4 A3=108F6A A4=100B00 A5=108000 A6=108E3C PC=5FF2 -- 005FF2: move.l  D0, D4
D0=73620F20 D1=0 D2=749D0001 D3=3 D4=73620F20 D5=0 D6=0 D7=100B00 A0=45778 A1=D00035 A2=4ABB4 A3=108F6A A4=100B00 A5=108000 A6=108E3C PC=5FF4 -- 005FF4: move.l  #$200000, D1
D0=73620F20 D1=200000 D2=749D0001 D3=3 D4=73620F20 D5=0 D6=0 D7=100B00 A0=45778 A1=D00035 A2=4ABB4 A3=108F6A A4=100B00 A5=108000 A6=108E3C PC=5FFA -- 005FFA: moveq   #$0, D6
D0=73620F20 D1=200000 D2=749D0001 D3=3 D4=73620F20 D5=0 D6=0 D7=100B00 A0=45778 A1=D00035 A2=4ABB4 A3=108F6A A4=100B00 A5=108000 A6=108E3C PC=5FFC -- 005FFC: move.w  D2, D5
D0=73620F20 D1=200000 D2=749D0001 D3=3 D4=73620F20 D5=0 D6=0 D7=100B00 A0=45778 A1=D00035 A2=4ABB4 A3=108F6A A4=100B00 A5=108000 A6=108E3C PC=5FFE -- 005FFE: move.l  D0, $3c0000.l
D0=73620F20 D1=200000 D2=749D0001 D3=3 D4=73620F20 D5=0 D6=0 D7=100B00 A0=45778 A1=D00035 A2=4ABB4 A3=108F6A A4=100B00 A5=108000 A6=108E3C PC=6004 -- 006004: add.l   D1, D0
D0=73820F20 D1=200000 D2=749D0001 D3=3 D4=73620F20 D5=0 D6=0 D7=100B00 A0=45778 A1=D00035 A2=4ABB4 A3=108F6A A4=100B00 A5=108000 A6=108E3C PC=6006 -- 006006: dbra    D5, $5ffe
D0=73820F20 D1=200000 D2=749D0001 D3=3 D4=73620F20 D5=0 D6=0 D7=100B00 A0=45778 A1=D00035 A2=4ABB4 A3=108F6A A4=100B00 A5=108000 A6=108E3C PC=5FFE -- 005FFE: move.l  D0, $3c0000.l
D0=73820F20 D1=200000 D2=749D0001 D3=3 D4=73620F20 D5=0 D6=0 D7=100B00 A0=45778 A1=D00035 A2=4ABB4 A3=108F6A A4=100B00 A5=108000 A6=108E3C PC=6004 -- 006004: add.l   D1, D0
D0=73A20F20 D1=200000 D2=749D0001 D3=3 D4=73620F20 D5=0 D6=0 D7=100B00 A0=45778 A1=D00035 A2=4ABB4 A3=108F6A A4=100B00 A5=108000 A6=108E3C PC=6006 -- 006006: dbra    D5, $5ffe
D0=73A20F20 D1=200000 D2=749D0001 D3=3 D4=73620F20 D5=0 D6=0 D7=100B00 A0=45778 A1=D00035 A2=4ABB4 A3=108F6A A4=100B00 A5=108000 A6=108E3C PC=600A -- 00600A: move.l  D4, D0
D0=73620F20 D1=200000 D2=749D0001 D3=3 D4=73620F20 D5=0 D6=0 D7=100B00 A0=45778 A1=D00035 A2=4ABB4 A3=108F6A A4=100B00 A5=108000 A6=108E3C PC=600C -- 00600C: addi.l  #$10000, D6
D0=73620F20 D1=200000 D2=749D0001 D3=3 D4=73620F20 D5=10000 D6=10000 D7=100B00 A0=45778 A1=D00035 A2=4ABB4 A3=108F6A A4=100B00 A5=108000 A6=108E3C PC=6012 -- 006012: add.l   D6, D0
D0=73630F20 D1=200000 D2=749D0001 D3=3 D4=73620F20 D5=10000 D6=10000 D7=100B00 A0=45778 A1=D00035 A2=4ABB4 A3=108F6A A4=100B00 A5=108000 A6=108E3C PC=6014 -- 006014: dbra    D3, $5ffc
D0=73630F20 D1=200000 D2=749D0001 D3=2 D4=73620F20 D5=10000 D6=10000 D7=100B00 A0=45778 A1=D00035 A2=4ABB4 A3=108F6A A4=100B00 A5=108000 A6=108E3C PC=5FFC -- 005FFC: move.w  D2, D5

   (loops for 6 instructions)

D0=73A30F20 D1=200000 D2=749D0001 D3=2 D4=73620F20 D5=10000 D6=10000 D7=100B00 A0=45778 A1=D00035 A2=4ABB4 A3=108F6A A4=100B00 A5=108000 A6=108E3C PC=600A -- 00600A: move.l  D4, D0
D0=73620F20 D1=200000 D2=749D0001 D3=2 D4=73620F20 D5=10000 D6=10000 D7=100B00 A0=45778 A1=D00035 A2=4ABB4 A3=108F6A A4=100B00 A5=108000 A6=108E3C PC=600C -- 00600C: addi.l  #$10000, D6
D0=73620F20 D1=200000 D2=749D0001 D3=2 D4=73620F20 D5=20000 D6=20000 D7=100B00 A0=45778 A1=D00035 A2=4ABB4 A3=108F6A A4=100B00 A5=108000 A6=108E3C PC=6012 -- 006012: add.l   D6, D0
D0=73640F20 D1=200000 D2=749D0001 D3=2 D4=73620F20 D5=20000 D6=20000 D7=100B00 A0=45778 A1=D00035 A2=4ABB4 A3=108F6A A4=100B00 A5=108000 A6=108E3C PC=6014 -- 006014: dbra    D3, $5ffc

   (loops for 22 instructions)

D0=73660F20 D1=200000 D2=749D0001 D3=FFFF D4=73620F20 D5=40000 D6=40000 D7=100B00 A0=45778 A1=D00035 A2=4ABB4 A3=108F6A A4=100B00 A5=108000 A6=108E3C PC=6018 -- 006018: rts
D0=73660F20 D1=200000 D2=749D0001 D3=FFFF D4=73620F20 D5=40000 D6=40000 D7=100B00 A0=45778 A1=D00035 A2=4ABB4 A3=108F6A A4=100B00 A5=108000 A6=108E3C PC=4578E -- 04578E: jmp     $2682.w
D0=73660F20 D1=200000 D2=749D0001 D3=FFFF D4=73620F20 D5=40000 D6=40000 D7=100B00 A0=45778 A1=D00035 A2=4ABB4 A3=108F6A A4=100B00 A5=108000 A6=108E3C PC=2682 -- 002682: lea     ($500,A5), A0
D0=73660F20 D1=200000 D2=749D0001 D3=FFFF D4=73620F20 D5=40000 D6=40000 D7=100B00 A0=108500 A1=D00035 A2=4ABB4 A3=108F6A A4=100B00 A5=108000 A6=108E3C PC=2686 -- 002686: addq.w  #2, ($580,A5)
D0=73660F20 D1=200000 D2=749D0001 D3=FFFF D4=73620F20 D5=40000 D6=40000 D7=100B00 A0=108500 A1=D00035 A2=4ABB4 A3=108F6A A4=100B00 A5=108000 A6=108E3C PC=268A -- 00268A: moveq   #$0, D0
D0=0 D1=200000 D2=749D0001 D3=FFFF D4=73620F20 D5=40000 D6=40000 D7=100B00 A0=108500 A1=D00035 A2=4ABB4 A3=108F6A A4=100B00 A5=108000 A6=108E3C PC=268C -- 00268C: move.w  ($580,A5), D0
D0=74 D1=200000 D2=749D0001 D3=FFFF D4=73620F20 D5=40000 D6=40000 D7=100B00 A0=108500 A1=D00035 A2=4ABB4 A3=108F6A A4=100B00 A5=108000 A6=108E3C PC=2690 -- 002690: move.w  A4, (A0,D0.w)
D0=74 D1=200000 D2=749D0001 D3=FFFF D4=73620F20 D5=40000 D6=40000 D7=100B00 A0=108500 A1=D00035 A2=4ABB4 A3=108F6A A4=100B00 A5=108000 A6=108E3C PC=2694 -- 002694: move.l  #$100000, D0
D0=100000 D1=200000 D2=749D0001 D3=FFFF D4=73620F20 D5=40000 D6=40000 D7=100B00 A0=108500 A1=D00035 A2=4ABB4 A3=108F6A A4=100B00 A5=108000 A6=108E3C PC=269A -- 00269A: move.w  ($6,A4), D0
D0=100900 D1=200000 D2=749D0001 D3=FFFF D4=73620F20 D5=40000 D6=40000 D7=100B00 A0=108500 A1=D00035 A2=4ABB4 A3=108F6A A4=100B00 A5=108000 A6=108E3C PC=269E -- 00269E: movea.l D0, A0
D0=100900 D1=200000 D2=749D0001 D3=FFFF D4=73620F20 D5=40000 D6=40000 D7=100B00 A0=100900 A1=D00035 A2=4ABB4 A3=108F6A A4=100B00 A5=108000 A6=108E3C PC=26A0 -- 0026A0: move.w  ($4,A4), ($4,A0)
D0=100900 D1=200000 D2=749D0001 D3=FFFF D4=73620F20 D5=40000 D6=40000 D7=100B00 A0=100900 A1=D00035 A2=4ABB4 A3=108F6A A4=100B00 A5=108000 A6=108E3C PC=26A6 -- 0026A6: move.w  ($4,A4), D0
D0=100300 D1=200000 D2=749D0001 D3=FFFF D4=73620F20 D5=40000 D6=40000 D7=100B00 A0=100900 A1=D00035 A2=4ABB4 A3=108F6A A4=100B00 A5=108000 A6=108E3C PC=26AA -- 0026AA: movea.l D0, A0
D0=100300 D1=200000 D2=749D0001 D3=FFFF D4=73620F20 D5=40000 D6=40000 D7=100B00 A0=100300 A1=D00035 A2=4ABB4 A3=108F6A A4=100B00 A5=108000 A6=108E3C PC=26AC -- 0026AC: move.w  ($6,A4), ($6,A0)
D0=100300 D1=200000 D2=749D0001 D3=FFFF D4=73620F20 D5=40000 D6=40000 D7=100B00 A0=100300 A1=D00035 A2=4ABB4 A3=108F6A A4=100B00 A5=108000 A6=108E3C PC=26B2 -- 0026B2: move.w  #$ffff, ($6,A4)
D0=100300 D1=200000 D2=749D0001 D3=FFFF D4=73620F20 D5=40000 D6=40000 D7=100B00 A0=100300 A1=D00035 A2=4ABB4 A3=108F6A A4=100B00 A5=108000 A6=108E3C PC=26B8 -- 0026B8: rts
D0=100300 D1=200000 D2=749D0001 D3=FFFF D4=73620F20 D5=40000 D6=40000 D7=100B00 A0=100300 A1=D00035 A2=4ABB4 A3=108F6A A4=100B00 A5=108000 A6=108E3C PC=32B3C -- 032B3C: move.l  A4, D7
D0=100300 D1=200000 D2=749D0001 D3=FFFF D4=73620F20 D5=40000 D6=40000 D7=100B00 A0=100300 A1=D00035 A2=4ABB4 A3=108F6A A4=100B00 A5=108000 A6=108E3C PC=32B3E -- 032B3E: move.w  ($4,A4), D7
D0=100300 D1=200000 D2=749D0001 D3=FFFF D4=73620F20 D5=40000 D6=40000 D7=100300 A0=100300 A1=D00035 A2=4ABB4 A3=108F6A A4=100B00 A5=108000 A6=108E3C PC=32B42 -- 032B42: bpl     $32b36
D0=100300 D1=200000 D2=749D0001 D3=FFFF D4=73620F20 D5=40000 D6=40000 D7=100300 A0=100300 A1=D00035 A2=4ABB4 A3=108F6A A4=100B00 A5=108000 A6=108E3C PC=32B36 -- 032B36: movea.l D7, A4
D0=100300 D1=200000 D2=749D0001 D3=FFFF D4=73620F20 D5=40000 D6=40000 D7=100300 A0=100300 A1=D00035 A2=4ABB4 A3=108F6A A4=100300 A5=108000 A6=108E3C PC=32B38 -- 032B38: movea.l (A4), A0
D0=100300 D1=200000 D2=749D0001 D3=FFFF D4=73620F20 D5=40000 D6=40000 D7=100300 A0=25A8 A1=D00035 A2=4ABB4 A3=108F6A A4=100300 A5=108000 A6=108E3C PC=32B3A -- 032B3A: jsr     (A0)
D0=100300 D1=200000 D2=749D0001 D3=FFFF D4=73620F20 D5=40000 D6=40000 D7=100300 A0=25A8 A1=D00035 A2=4ABB4 A3=108F6A A4=100300 A5=108000 A6=108E3C PC=25A8 -- 0025A8: rts

   (loops for 3 instructions)

D0=100300 D1=200000 D2=749D0001 D3=FFFF D4=73620F20 D5=40000 D6=40000 D7=10FFFF A0=25A8 A1=D00035 A2=4ABB4 A3=108F6A A4=100300 A5=108000 A6=108E3C PC=32B44 -- 032B44: jsr     $29d6.l
D0=100300 D1=200000 D2=749D0001 D3=FFFF D4=73620F20 D5=40000 D6=40000 D7=10FFFF A0=25A8 A1=D00035 A2=4ABB4 A3=108F6A A4=100300 A5=108000 A6=108E3C PC=29D6 -- 0029D6: tst.w   ($18a2,A5)
D0=100300 D1=200000 D2=749D0001 D3=FFFF D4=73620F20 D5=40000 D6=40000 D7=10FFFF A0=25A8 A1=D00035 A2=4ABB4 A3=108F6A A4=100300 A5=108000 A6=108E3C PC=29DA -- 0029DA: bne     $29de
D0=100300 D1=200000 D2=749D0001 D3=FFFF D4=73620F20 D5=40000 D6=40000 D7=10FFFF A0=25A8 A1=D00035 A2=4ABB4 A3=108F6A A4=100300 A5=108000 A6=108E3C PC=29DC -- 0029DC: rts
D0=100300 D1=200000 D2=749D0001 D3=FFFF D4=73620F20 D5=40000 D6=40000 D7=10FFFF A0=25A8 A1=D00035 A2=4ABB4 A3=108F6A A4=100300 A5=108000 A6=108E3C PC=32B4A -- 032B4A: jsr     $2c5c.l
D0=100300 D1=200000 D2=749D0001 D3=FFFF D4=73620F20 D5=40000 D6=40000 D7=10FFFF A0=25A8 A1=D00035 A2=4ABB4 A3=108F6A A4=100300 A5=108000 A6=108E3C PC=2C5C -- 002C5C: tst.w   ($18a2,A5)
D0=100300 D1=200000 D2=749D0001 D3=FFFF D4=73620F20 D5=40000 D6=40000 D7=10FFFF A0=25A8 A1=D00035 A2=4ABB4 A3=108F6A A4=100300 A5=108000 A6=108E3C PC=2C60 -- 002C60: beq     $2cd2
D0=100300 D1=200000 D2=749D0001 D3=FFFF D4=73620F20 D5=40000 D6=40000 D7=10FFFF A0=25A8 A1=D00035 A2=4ABB4 A3=108F6A A4=100300 A5=108000 A6=108E3C PC=2CD2 -- 002CD2: clr.w   ($18a2,A5)
D0=100300 D1=200000 D2=749D0001 D3=FFFF D4=73620F20 D5=40000 D6=40000 D7=10FFFF A0=25A8 A1=D00035 A2=4ABB4 A3=108F6A A4=100300 A5=108000 A6=108E3C PC=2CD6 -- 002CD6: clr.w   ($18a4,A5)
D0=100300 D1=200000 D2=749D0001 D3=FFFF D4=73620F20 D5=40000 D6=40000 D7=10FFFF A0=25A8 A1=D00035 A2=4ABB4 A3=108F6A A4=100300 A5=108000 A6=108E3C PC=2CDA -- 002CDA: rts
D0=100300 D1=200000 D2=749D0001 D3=FFFF D4=73620F20 D5=40000 D6=40000 D7=10FFFF A0=25A8 A1=D00035 A2=4ABB4 A3=108F6A A4=100300 A5=108000 A6=108E3C PC=32B50 -- 032B50: jsr     ($10f6,PC) ; ($33c48)
D0=100300 D1=200000 D2=749D0001 D3=FFFF D4=73620F20 D5=40000 D6=40000 D7=10FFFF A0=25A8 A1=D00035 A2=4ABB4 A3=108F6A A4=100300 A5=108000 A6=108E3C PC=33C48 -- 033C48: lea     ($179a,A5), A0
D0=100300 D1=200000 D2=749D0001 D3=FFFF D4=73620F20 D5=40000 D6=40000 D7=10FFFF A0=10979A A1=D00035 A2=4ABB4 A3=108F6A A4=100300 A5=108000 A6=108E3C PC=33C4C -- 033C4C: lea     ($100,A5), A1
D0=100300 D1=200000 D2=749D0001 D3=FFFF D4=73620F20 D5=40000 D6=40000 D7=10FFFF A0=10979A A1=108100 A2=4ABB4 A3=108F6A A4=100300 A5=108000 A6=108E3C PC=33C50 -- 033C50: moveq   #$1, D0
D0=1 D1=200000 D2=749D0001 D3=FFFF D4=73620F20 D5=40000 D6=40000 D7=10FFFF A0=10979A A1=108100 A2=4ABB4 A3=108F6A A4=100300 A5=108000 A6=108E3C PC=33C52 -- 033C52: move.l  ($18,A1), D1
D0=1 D1=37AD8BE D2=749D0001 D3=FFFF D4=73620F20 D5=40000 D6=40000 D7=10FFFF A0=10979A A1=108100 A2=4ABB4 A3=108F6A A4=100300 A5=108000 A6=108E3C PC=33C56 -- 033C56: sub.l   (A0)+, D1
D0=1 D1=FFFEC000 D2=749D0001 D3=FFFF D4=73620F20 D5=40000 D6=40000 D7=10FFFF A0=10979E A1=108100 A2=4ABB4 A3=108F6A A4=100300 A5=108000 A6=108E3C PC=33C58 -- 033C58: move.l  D1, ($44,A1)
D0=1 D1=FFFEC000 D2=749D0001 D3=FFFF D4=73620F20 D5=40000 D6=40000 D7=10FFFF A0=10979E A1=108100 A2=4ABB4 A3=108F6A A4=100300 A5=108000 A6=108E3C PC=33C5C -- 033C5C: lea     ($200,A1), A1
D0=1 D1=FFFEC000 D2=749D0001 D3=FFFF D4=73620F20 D5=40000 D6=40000 D7=10FFFF A0=10979E A1=108300 A2=4ABB4 A3=108F6A A4=100300 A5=108000 A6=108E3C PC=33C60 -- 033C60: dbra    D0, $33c52
D0=0 D1=FFFEC000 D2=749D0001 D3=FFFF D4=73620F20 D5=40000 D6=40000 D7=10FFFF A0=10979E A1=108300 A2=4ABB4 A3=108F6A A4=100300 A5=108000 A6=108E3C PC=33C52 -- 033C52: move.l  ($18,A1), D1
D0=0 D1=3E51667 D2=749D0001 D3=FFFF D4=73620F20 D5=40000 D6=40000 D7=10FFFF A0=10979E A1=108300 A2=4ABB4 A3=108F6A A4=100300 A5=108000 A6=108E3C PC=33C56 -- 033C56: sub.l   (A0)+, D1
D0=0 D1=0 D2=749D0001 D3=FFFF D4=73620F20 D5=40000 D6=40000 D7=10FFFF A0=1097A2 A1=108300 A2=4ABB4 A3=108F6A A4=100300 A5=108000 A6=108E3C PC=33C58 -- 033C58: move.l  D1, ($44,A1)
D0=0 D1=0 D2=749D0001 D3=FFFF D4=73620F20 D5=40000 D6=40000 D7=10FFFF A0=1097A2 A1=108300 A2=4ABB4 A3=108F6A A4=100300 A5=108000 A6=108E3C PC=33C5C -- 033C5C: lea     ($200,A1), A1
D0=0 D1=0 D2=749D0001 D3=FFFF D4=73620F20 D5=40000 D6=40000 D7=10FFFF A0=1097A2 A1=108500 A2=4ABB4 A3=108F6A A4=100300 A5=108000 A6=108E3C PC=33C60 -- 033C60: dbra    D0, $33c52
D0=FFFF D1=0 D2=749D0001 D3=FFFF D4=73620F20 D5=40000 D6=40000 D7=10FFFF A0=1097A2 A1=108500 A2=4ABB4 A3=108F6A A4=100300 A5=108000 A6=108E3C PC=33C64 -- 033C64: rts
D0=FFFF D1=0 D2=749D0001 D3=FFFF D4=73620F20 D5=40000 D6=40000 D7=10FFFF A0=1097A2 A1=108500 A2=4ABB4 A3=108F6A A4=100300 A5=108000 A6=108E3C PC=32B54 -- 032B54: nop
D0=FFFF D1=0 D2=749D0001 D3=FFFF D4=73620F20 D5=40000 D6=40000 D7=10FFFF A0=1097A2 A1=108500 A2=4ABB4 A3=108F6A A4=100300 A5=108000 A6=108E3C PC=32B56 -- 032B56: lea     $10907c.l, A4
D0=FFFF D1=0 D2=749D0001 D3=FFFF D4=73620F20 D5=40000 D6=40000 D7=10FFFF A0=1097A2 A1=108500 A2=4ABB4 A3=108F6A A4=10907C A5=108000 A6=108E3C PC=32B5C -- 032B5C: move.b  #$4, ($147c,A5)
D0=FFFF D1=0 D2=749D0001 D3=FFFF D4=73620F20 D5=40000 D6=40000 D7=10FFFF A0=1097A2 A1=108500 A2=4ABB4 A3=108F6A A4=10907C A5=108000 A6=108E3C PC=32B62 -- 032B62: tst.b   ($6e,A4)
D0=FFFF D1=0 D2=749D0001 D3=FFFF D4=73620F20 D5=40000 D6=40000 D7=10FFFF A0=1097A2 A1=108500 A2=4ABB4 A3=108F6A A4=10907C A5=108000 A6=108E3C PC=32B66 -- 032B66: bpl     $32b6c
D0=FFFF D1=0 D2=749D0001 D3=FFFF D4=73620F20 D5=40000 D6=40000 D7=10FFFF A0=1097A2 A1=108500 A2=4ABB4 A3=108F6A A4=10907C A5=108000 A6=108E3C PC=32B68 -- 032B68: movea.l (A4), A0
D0=FFFF D1=0 D2=749D0001 D3=FFFF D4=73620F20 D5=40000 D6=40000 D7=10FFFF A0=45096 A1=108500 A2=4ABB4 A3=108F6A A4=10907C A5=108000 A6=108E3C PC=32B6A -- 032B6A: jsr     (A0)
D0=FFFF D1=0 D2=749D0001 D3=FFFF D4=73620F20 D5=40000 D6=40000 D7=10FFFF A0=45096 A1=108500 A2=4ABB4 A3=108F6A A4=10907C A5=108000 A6=108E3C PC=45096 -- 045096: move.w  ($d0,A4), D0
D0=0 D1=0 D2=749D0001 D3=FFFF D4=73620F20 D5=40000 D6=40000 D7=10FFFF A0=45096 A1=108500 A2=4ABB4 A3=108F6A A4=10907C A5=108000 A6=108E3C PC=4509A -- 04509A: movea.l ($84,A4), A0
D0=0 D1=0 D2=749D0001 D3=FFFF D4=73620F20 D5=40000 D6=40000 D7=10FFFF A0=108584 A1=108500 A2=4ABB4 A3=108F6A A4=10907C A5=108000 A6=108E3C PC=4509E -- 04509E: btst    D0, ($cf,A0)
D0=0 D1=0 D2=749D0001 D3=FFFF D4=73620F20 D5=40000 D6=40000 D7=10FFFF A0=108584 A1=108500 A2=4ABB4 A3=108F6A A4=10907C A5=108000 A6=108E3C PC=450A2 -- 0450A2: bne     $450b2
D0=0 D1=0 D2=749D0001 D3=FFFF D4=73620F20 D5=40000 D6=40000 D7=10FFFF A0=108584 A1=108500 A2=4ABB4 A3=108F6A A4=10907C A5=108000 A6=108E3C PC=450A6 -- 0450A6: tst.b   ($ce,A0)
D0=0 D1=0 D2=749D0001 D3=FFFF D4=73620F20 D5=40000 D6=40000 D7=10FFFF A0=108584 A1=108500 A2=4ABB4 A3=108F6A A4=10907C A5=108000 A6=108E3C PC=450AA -- 0450AA: bpl     $44884
D0=0 D1=0 D2=749D0001 D3=FFFF D4=73620F20 D5=40000 D6=40000 D7=10FFFF A0=108584 A1=108500 A2=4ABB4 A3=108F6A A4=10907C A5=108000 A6=108E3C PC=450AE -- 0450AE: bmi     $44890
D0=0 D1=0 D2=749D0001 D3=FFFF D4=73620F20 D5=40000 D6=40000 D7=10FFFF A0=108584 A1=108500 A2=4ABB4 A3=108F6A A4=10907C A5=108000 A6=108E3C PC=44890 -- 044890: jmp     $2336.l
D0=0 D1=0 D2=749D0001 D3=FFFF D4=73620F20 D5=40000 D6=40000 D7=10FFFF A0=108584 A1=108500 A2=4ABB4 A3=108F6A A4=10907C A5=108000 A6=108E3C PC=2336 -- 002336: lea     $3c0000.l, A0
D0=0 D1=0 D2=749D0001 D3=FFFF D4=73620F20 D5=40000 D6=40000 D7=10FFFF A0=3C0000 A1=108500 A2=4ABB4 A3=108F6A A4=10907C A5=108000 A6=108E3C PC=233C -- 00233C: moveq   #$0, D0
D0=0 D1=0 D2=749D0001 D3=FFFF D4=73620F20 D5=40000 D6=40000 D7=10FFFF A0=3C0000 A1=108500 A2=4ABB4 A3=108F6A A4=10907C A5=108000 A6=108E3C PC=233E -- 00233E: move.w  ($6a,A4), D0
D0=59 D1=0 D2=749D0001 D3=FFFF D4=73620F20 D5=40000 D6=40000 D7=10FFFF A0=3C0000 A1=108500 A2=4ABB4 A3=108F6A A4=10907C A5=108000 A6=108E3C PC=2342 -- 002342: addi.w  #-$7e00, D0
D0=8259 D1=0 D2=749D0001 D3=FFFF D4=73620F20 D5=40000 D6=40000 D7=10FFFF A0=3C0000 A1=108500 A2=4ABB4 A3=108F6A A4=10907C A5=108000 A6=108E3C PC=2346 -- 002346: swap    D0
D0=82590000 D1=0 D2=749D0001 D3=FFFF D4=73620F20 D5=40000 D6=40000 D7=10FFFF A0=3C0000 A1=108500 A2=4ABB4 A3=108F6A A4=10907C A5=108000 A6=108E3C PC=2348 -- 002348: moveq   #$1f, D1
D0=82590000 D1=1F D2=749D0001 D3=FFFF D4=73620F20 D5=40000 D6=40000 D7=10FFFF A0=3C0000 A1=108500 A2=4ABB4 A3=108F6A A4=10907C A5=108000 A6=108E3C PC=234A -- 00234A: move.l  D0, (A0)
D0=82590000 D1=1F D2=749D0001 D3=FFFF D4=73620F20 D5=40000 D6=40000 D7=10FFFF A0=3C0000 A1=108500 A2=4ABB4 A3=108F6A A4=10907C A5=108000 A6=108E3C PC=234C -- 00234C: addi.l  #$10000, D0
D0=825A0000 D1=1F D2=749D0001 D3=FFFF D4=73620F20 D5=40000 D6=40000 D7=10FFFF A0=3C0000 A1=108500 A2=4ABB4 A3=108F6A A4=10907C A5=108000 A6=108E3C PC=2352 -- 002352: dbra    D1, $234a
D0=825A0000 D1=1E D2=749D0001 D3=FFFF D4=73620F20 D5=40000 D6=40000 D7=10FFFF A0=3C0000 A1=108500 A2=4ABB4 A3=108F6A A4=10907C A5=108000 A6=108E3C PC=234A -- 00234A: move.l  D0, (A0)
D0=825A0000 D1=1E D2=749D0001 D3=FFFF D4=73620F20 D5=40000 D6=40000 D7=10FFFF A0=3C0000 A1=108500 A2=4ABB4 A3=108F6A A4=10907C A5=108000 A6=108E3C PC=234C -- 00234C: addi.l  #$10000, D0
D0=825B0000 D1=1E D2=749D0001 D3=FFFF D4=73620F20 D5=40000 D6=40000 D7=10FFFF A0=3C0000 A1=108500 A2=4ABB4 A3=108F6A A4=10907C A5=108000 A6=108E3C PC=2352 -- 002352: dbra    D1, $234a

   (loops for 90 instructions)

D0=82790000 D1=FFFF D2=749D0001 D3=FFFF D4=73620F20 D5=40000 D6=40000 D7=10FFFF A0=3C0000 A1=108500 A2=4ABB4 A3=108F6A A4=10907C A5=108000 A6=108E3C PC=2356 -- 002356: rts
D0=82790000 D1=FFFF D2=749D0001 D3=FFFF D4=73620F20 D5=40000 D6=40000 D7=10FFFF A0=3C0000 A1=108500 A2=4ABB4 A3=108F6A A4=10907C A5=108000 A6=108E3C PC=32B6C -- 032B6C: lea     ($100,A4), A4
D0=82790000 D1=FFFF D2=749D0001 D3=FFFF D4=73620F20 D5=40000 D6=40000 D7=10FFFF A0=3C0000 A1=108500 A2=4ABB4 A3=108F6A A4=10917C A5=108000 A6=108E3C PC=32B70 -- 032B70: subq.b  #1, ($147c,A5)
D0=82790000 D1=FFFF D2=749D0001 D3=FFFF D4=73620F20 D5=40000 D6=40000 D7=10FFFF A0=3C0000 A1=108500 A2=4ABB4 A3=108F6A A4=10917C A5=108000 A6=108E3C PC=32B74 -- 032B74: bne     $32b62
D0=82790000 D1=FFFF D2=749D0001 D3=FFFF D4=73620F20 D5=40000 D6=40000 D7=10FFFF A0=3C0000 A1=108500 A2=4ABB4 A3=108F6A A4=10917C A5=108000 A6=108E3C PC=32B62 -- 032B62: tst.b   ($6e,A4)
D0=82790000 D1=FFFF D2=749D0001 D3=FFFF D4=73620F20 D5=40000 D6=40000 D7=10FFFF A0=3C0000 A1=108500 A2=4ABB4 A3=108F6A A4=10917C A5=108000 A6=108E3C PC=32B66 -- 032B66: bpl     $32b6c
D0=82790000 D1=FFFF D2=749D0001 D3=FFFF D4=73620F20 D5=40000 D6=40000 D7=10FFFF A0=3C0000 A1=108500 A2=4ABB4 A3=108F6A A4=10917C A5=108000 A6=108E3C PC=32B68 -- 032B68: movea.l (A4), A0
D0=82790000 D1=FFFF D2=749D0001 D3=FFFF D4=73620F20 D5=40000 D6=40000 D7=10FFFF A0=451BE A1=108500 A2=4ABB4 A3=108F6A A4=10917C A5=108000 A6=108E3C PC=32B6A -- 032B6A: jsr     (A0)
D0=82790000 D1=FFFF D2=749D0001 D3=FFFF D4=73620F20 D5=40000 D6=40000 D7=10FFFF A0=451BE A1=108500 A2=4ABB4 A3=108F6A A4=10917C A5=108000 A6=108E3C PC=451BE -- 0451BE: move.w  ($d0,A4), D0
D0=82790000 D1=FFFF D2=749D0001 D3=FFFF D4=73620F20 D5=40000 D6=40000 D7=10FFFF A0=451BE A1=108500 A2=4ABB4 A3=108F6A A4=10917C A5=108000 A6=108E3C PC=451C2 -- 0451C2: movea.l ($84,A4), A0
D0=82790000 D1=FFFF D2=749D0001 D3=FFFF D4=73620F20 D5=40000 D6=40000 D7=10FFFF A0=10907C A1=108500 A2=4ABB4 A3=108F6A A4=10917C A5=108000 A6=108E3C PC=451C6 -- 0451C6: btst    D0, ($cf,A0)
D0=82790000 D1=FFFF D2=749D0001 D3=FFFF D4=73620F20 D5=40000 D6=40000 D7=10FFFF A0=10907C A1=108500 A2=4ABB4 A3=108F6A A4=10917C A5=108000 A6=108E3C PC=451CA -- 0451CA: bne     $451de
D0=82790000 D1=FFFF D2=749D0001 D3=FFFF D4=73620F20 D5=40000 D6=40000 D7=10FFFF A0=10907C A1=108500 A2=4ABB4 A3=108F6A A4=10917C A5=108000 A6=108E3C PC=451CE -- 0451CE: movea.l ($84,A0), A0
D0=82790000 D1=FFFF D2=749D0001 D3=FFFF D4=73620F20 D5=40000 D6=40000 D7=10FFFF A0=108584 A1=108500 A2=4ABB4 A3=108F6A A4=10917C A5=108000 A6=108E3C PC=451D2 -- 0451D2: tst.b   ($ce,A0)
D0=82790000 D1=FFFF D2=749D0001 D3=FFFF D4=73620F20 D5=40000 D6=40000 D7=10FFFF A0=108584 A1=108500 A2=4ABB4 A3=108F6A A4=10917C A5=108000 A6=108E3C PC=451D6 -- 0451D6: bpl     $44884
D0=82790000 D1=FFFF D2=749D0001 D3=FFFF D4=73620F20 D5=40000 D6=40000 D7=10FFFF A0=108584 A1=108500 A2=4ABB4 A3=108F6A A4=10917C A5=108000 A6=108E3C PC=451DA -- 0451DA: bmi     $44890
D0=82790000 D1=FFFF D2=749D0001 D3=FFFF D4=73620F20 D5=40000 D6=40000 D7=10FFFF A0=108584 A1=108500 A2=4ABB4 A3=108F6A A4=10917C A5=108000 A6=108E3C PC=44890 -- 044890: jmp     $2336.l
D0=82790000 D1=FFFF D2=749D0001 D3=FFFF D4=73620F20 D5=40000 D6=40000 D7=10FFFF A0=108584 A1=108500 A2=4ABB4 A3=108F6A A4=10917C A5=108000 A6=108E3C PC=2336 -- 002336: lea     $3c0000.l, A0
D0=82790000 D1=FFFF D2=749D0001 D3=FFFF D4=73620F20 D5=40000 D6=40000 D7=10FFFF A0=3C0000 A1=108500 A2=4ABB4 A3=108F6A A4=10917C A5=108000 A6=108E3C PC=233C -- 00233C: moveq   #$0, D0
D0=0 D1=FFFF D2=749D0001 D3=FFFF D4=73620F20 D5=40000 D6=40000 D7=10FFFF A0=3C0000 A1=108500 A2=4ABB4 A3=108F6A A4=10917C A5=108000 A6=108E3C PC=233E -- 00233E: move.w  ($6a,A4), D0
D0=39 D1=FFFF D2=749D0001 D3=FFFF D4=73620F20 D5=40000 D6=40000 D7=10FFFF A0=3C0000 A1=108500 A2=4ABB4 A3=108F6A A4=10917C A5=108000 A6=108E3C PC=2342 -- 002342: addi.w  #-$7e00, D0
D0=8239 D1=FFFF D2=749D0001 D3=FFFF D4=73620F20 D5=40000 D6=40000 D7=10FFFF A0=3C0000 A1=108500 A2=4ABB4 A3=108F6A A4=10917C A5=108000 A6=108E3C PC=2346 -- 002346: swap    D0
D0=82390000 D1=FFFF D2=749D0001 D3=FFFF D4=73620F20 D5=40000 D6=40000 D7=10FFFF A0=3C0000 A1=108500 A2=4ABB4 A3=108F6A A4=10917C A5=108000 A6=108E3C PC=2348 -- 002348: moveq   #$1f, D1

   (loops for 96 instructions)

D0=82590000 D1=FFFF D2=749D0001 D3=FFFF D4=73620F20 D5=40000 D6=40000 D7=10FFFF A0=3C0000 A1=108500 A2=4ABB4 A3=108F6A A4=10917C A5=108000 A6=108E3C PC=2356 -- 002356: rts
D0=82590000 D1=FFFF D2=749D0001 D3=FFFF D4=73620F20 D5=40000 D6=40000 D7=10FFFF A0=3C0000 A1=108500 A2=4ABB4 A3=108F6A A4=10917C A5=108000 A6=108E3C PC=32B6C -- 032B6C: lea     ($100,A4), A4
D0=82590000 D1=FFFF D2=749D0001 D3=FFFF D4=73620F20 D5=40000 D6=40000 D7=10FFFF A0=3C0000 A1=108500 A2=4ABB4 A3=108F6A A4=10927C A5=108000 A6=108E3C PC=32B70 -- 032B70: subq.b  #1, ($147c,A5)
D0=82590000 D1=FFFF D2=749D0001 D3=FFFF D4=73620F20 D5=40000 D6=40000 D7=10FFFF A0=3C0000 A1=108500 A2=4ABB4 A3=108F6A A4=10927C A5=108000 A6=108E3C PC=32B74 -- 032B74: bne     $32b62

   (loops for 4 instructions)

D0=82590000 D1=FFFF D2=749D0001 D3=FFFF D4=73620F20 D5=40000 D6=40000 D7=10FFFF A0=45280 A1=108500 A2=4ABB4 A3=108F6A A4=10927C A5=108000 A6=108E3C PC=45280 -- 045280: move.w  ($d0,A4), D0
D0=82590001 D1=FFFF D2=749D0001 D3=FFFF D4=73620F20 D5=40000 D6=40000 D7=10FFFF A0=45280 A1=108500 A2=4ABB4 A3=108F6A A4=10927C A5=108000 A6=108E3C PC=45284 -- 045284: movea.l ($84,A4), A0
D0=82590001 D1=FFFF D2=749D0001 D3=FFFF D4=73620F20 D5=40000 D6=40000 D7=10FFFF A0=108584 A1=108500 A2=4ABB4 A3=108F6A A4=10927C A5=108000 A6=108E3C PC=45288 -- 045288: btst    D0, ($cf,A0)
D0=82590001 D1=FFFF D2=749D0001 D3=FFFF D4=73620F20 D5=40000 D6=40000 D7=10FFFF A0=108584 A1=108500 A2=4ABB4 A3=108F6A A4=10927C A5=108000 A6=108E3C PC=4528C -- 04528C: beq     $4488a
D0=82590001 D1=FFFF D2=749D0001 D3=FFFF D4=73620F20 D5=40000 D6=40000 D7=10FFFF A0=108584 A1=108500 A2=4ABB4 A3=108F6A A4=10927C A5=108000 A6=108E3C PC=4488A -- 04488A: jmp     $1d38.l
D0=82590001 D1=FFFF D2=749D0001 D3=FFFF D4=73620F20 D5=40000 D6=40000 D7=10FFFF A0=108584 A1=108500 A2=4ABB4 A3=108F6A A4=10927C A5=108000 A6=108E3C PC=1D38 -- 001D38: bsr     $21aa
D0=82590001 D1=FFFF D2=749D0001 D3=FFFF D4=73620F20 D5=40000 D6=40000 D7=10FFFF A0=108584 A1=108500 A2=4ABB4 A3=108F6A A4=10927C A5=108000 A6=108E3C PC=21AA -- 0021AA: btst    #$2, ($6e,A4)
D0=82590001 D1=FFFF D2=749D0001 D3=FFFF D4=73620F20 D5=40000 D6=40000 D7=10FFFF A0=108584 A1=108500 A2=4ABB4 A3=108F6A A4=10927C A5=108000 A6=108E3C PC=21B0 -- 0021B0: bne     $21c4
D0=82590001 D1=FFFF D2=749D0001 D3=FFFF D4=73620F20 D5=40000 D6=40000 D7=10FFFF A0=108584 A1=108500 A2=4ABB4 A3=108F6A A4=10927C A5=108000 A6=108E3C PC=21C4 -- 0021C4: rts
D0=82590001 D1=FFFF D2=749D0001 D3=FFFF D4=73620F20 D5=40000 D6=40000 D7=10FFFF A0=108584 A1=108500 A2=4ABB4 A3=108F6A A4=10927C A5=108000 A6=108E3C PC=1D3C -- 001D3C: bsr     $237c
D0=82590001 D1=FFFF D2=749D0001 D3=FFFF D4=73620F20 D5=40000 D6=40000 D7=10FFFF A0=108584 A1=108500 A2=4ABB4 A3=108F6A A4=10927C A5=108000 A6=108E3C PC=237C -- 00237C: move.w  ($68,A4), D0
D0=8259FFFF D1=FFFF D2=749D0001 D3=FFFF D4=73620F20 D5=40000 D6=40000 D7=10FFFF A0=108584 A1=108500 A2=4ABB4 A3=108F6A A4=10927C A5=108000 A6=108E3C PC=2380 -- 002380: cmp.w   ($2e,A4), D0
D0=8259FFFF D1=FFFF D2=749D0001 D3=FFFF D4=73620F20 D5=40000 D6=40000 D7=10FFFF A0=108584 A1=108500 A2=4ABB4 A3=108F6A A4=10927C A5=108000 A6=108E3C PC=2384 -- 002384: beq     $23e6
D0=8259FFFF D1=FFFF D2=749D0001 D3=FFFF D4=73620F20 D5=40000 D6=40000 D7=10FFFF A0=108584 A1=108500 A2=4ABB4 A3=108F6A A4=10927C A5=108000 A6=108E3C PC=23E6 -- 0023E6: move.w  ($68,A4), ($2e,A4)
D0=8259FFFF D1=FFFF D2=749D0001 D3=FFFF D4=73620F20 D5=40000 D6=40000 D7=10FFFF A0=108584 A1=108500 A2=4ABB4 A3=108F6A A4=10927C A5=108000 A6=108E3C PC=23EC -- 0023EC: rts
D0=8259FFFF D1=FFFF D2=749D0001 D3=FFFF D4=73620F20 D5=40000 D6=40000 D7=10FFFF A0=108584 A1=108500 A2=4ABB4 A3=108F6A A4=10927C A5=108000 A6=108E3C PC=1D40 -- 001D40: bsr     $22d6
D0=8259FFFF D1=FFFF D2=749D0001 D3=FFFF D4=73620F20 D5=40000 D6=40000 D7=10FFFF A0=108584 A1=108500 A2=4ABB4 A3=108F6A A4=10927C A5=108000 A6=108E3C PC=22D6 -- 0022D6: lea     ($147e,A5), A1
D0=8259FFFF D1=FFFF D2=749D0001 D3=FFFF D4=73620F20 D5=40000 D6=40000 D7=10FFFF A0=108584 A1=10947E A2=4ABB4 A3=108F6A A4=10927C A5=108000 A6=108E3C PC=22DA -- 0022DA: moveq   #$0, D0
D0=0 D1=FFFF D2=749D0001 D3=FFFF D4=73620F20 D5=40000 D6=40000 D7=10FFFF A0=108584 A1=10947E A2=4ABB4 A3=108F6A A4=10927C A5=108000 A6=108E3C PC=22DC -- 0022DC: move.b  ($168e,A5), D0
D0=0 D1=FFFF D2=749D0001 D3=FFFF D4=73620F20 D5=40000 D6=40000 D7=10FFFF A0=108584 A1=10947E A2=4ABB4 A3=108F6A A4=10927C A5=108000 A6=108E3C PC=22E0 -- 0022E0: mulu.w  #$84, D0
D0=0 D1=FFFF D2=749D0001 D3=FFFF D4=73620F20 D5=40000 D6=40000 D7=10FFFF A0=108584 A1=10947E A2=4ABB4 A3=108F6A A4=10927C A5=108000 A6=108E3C PC=22E4 -- 0022E4: adda.l  D0, A1
D0=0 D1=FFFF D2=749D0001 D3=FFFF D4=73620F20 D5=40000 D6=40000 D7=10FFFF A0=108584 A1=10947E A2=4ABB4 A3=108F6A A4=10927C A5=108000 A6=108E3C PC=22E6 -- 0022E6: addq.b  #1, ($168e,A5)
D0=0 D1=FFFF D2=749D0001 D3=FFFF D4=73620F20 D5=40000 D6=40000 D7=10FFFF A0=108584 A1=10947E A2=4ABB4 A3=108F6A A4=10927C A5=108000 A6=108E3C PC=22EA -- 0022EA: rts
D0=0 D1=FFFF D2=749D0001 D3=FFFF D4=73620F20 D5=40000 D6=40000 D7=10FFFF A0=108584 A1=10947E A2=4ABB4 A3=108F6A A4=10927C A5=108000 A6=108E3C PC=1D44 -- 001D44: lea     ($42,A1), A2
D0=0 D1=FFFF D2=749D0001 D3=FFFF D4=73620F20 D5=40000 D6=40000 D7=10FFFF A0=108584 A1=10947E A2=1094C0 A3=108F6A A4=10927C A5=108000 A6=108E3C PC=1D48 -- 001D48: move.w  ($6a,A4), D0
D0=79 D1=FFFF D2=749D0001 D3=FFFF D4=73620F20 D5=40000 D6=40000 D7=10FFFF A0=108584 A1=10947E A2=1094C0 A3=108F6A A4=10927C A5=108000 A6=108E3C PC=1D4C -- 001D4C: move.w  D0, D1
D0=79 D1=79 D2=749D0001 D3=FFFF D4=73620F20 D5=40000 D6=40000 D7=10FFFF A0=108584 A1=10947E A2=1094C0 A3=108F6A A4=10927C A5=108000 A6=108E3C PC=1D4E -- 001D4E: addi.w  #-$7c00, D0
D0=8479 D1=79 D2=749D0001 D3=FFFF D4=73620F20 D5=40000 D6=40000 D7=10FFFF A0=108584 A1=10947E A2=1094C0 A3=108F6A A4=10927C A5=108000 A6=108E3C PC=1D52 -- 001D52: move.w  D0, (A1)+
D0=8479 D1=79 D2=749D0001 D3=FFFF D4=73620F20 D5=40000 D6=40000 D7=10FFFF A0=108584 A1=109480 A2=1094C0 A3=108F6A A4=10927C A5=108000 A6=108E3C PC=1D54 -- 001D54: addi.w  #-$7e00, D1
D0=8479 D1=8279 D2=749D0001 D3=FFFF D4=73620F20 D5=40000 D6=40000 D7=10FFFF A0=108584 A1=109480 A2=1094C0 A3=108F6A A4=10927C A5=108000 A6=108E3C PC=1D58 -- 001D58: move.w  D1, (A2)+
D0=8479 D1=8279 D2=749D0001 D3=FFFF D4=73620F20 D5=40000 D6=40000 D7=10FFFF A0=108584 A1=109480 A2=1094C2 A3=108F6A A4=10927C A5=108000 A6=108E3C PC=1D5A -- 001D5A: moveq   #$0, D0
D0=0 D1=8279 D2=749D0001 D3=FFFF D4=73620F20 D5=40000 D6=40000 D7=10FFFF A0=108584 A1=109480 A2=1094C2 A3=108F6A A4=10927C A5=108000 A6=108E3C PC=1D5C -- 001D5C: move.l  D0, (A2)+
D0=0 D1=8279 D2=749D0001 D3=FFFF D4=73620F20 D5=40000 D6=40000 D7=10FFFF A0=108584 A1=109480 A2=1094C6 A3=108F6A A4=10927C A5=108000 A6=108E3C PC=1D5E -- 001D5E: move.l  D0, (A2)+
D0=0 D1=8279 D2=749D0001 D3=FFFF D4=73620F20 D5=40000 D6=40000 D7=10FFFF A0=108584 A1=109480 A2=1094CA A3=108F6A A4=10927C A5=108000 A6=108E3C PC=1D60 -- 001D60: move.l  D0, (A2)+
D0=0 D1=8279 D2=749D0001 D3=FFFF D4=73620F20 D5=40000 D6=40000 D7=10FFFF A0=108584 A1=109480 A2=1094CE A3=108F6A A4=10927C A5=108000 A6=108E3C PC=1D62 -- 001D62: move.l  D0, (A2)+
D0=0 D1=8279 D2=749D0001 D3=FFFF D4=73620F20 D5=40000 D6=40000 D7=10FFFF A0=108584 A1=109480 A2=1094D2 A3=108F6A A4=10927C A5=108000 A6=108E3C PC=1D64 -- 001D64: move.l  D0, (A2)+
D0=0 D1=8279 D2=749D0001 D3=FFFF D4=73620F20 D5=40000 D6=40000 D7=10FFFF A0=108584 A1=109480 A2=1094D6 A3=108F6A A4=10927C A5=108000 A6=108E3C PC=1D66 -- 001D66: move.l  D0, (A2)+
D0=0 D1=8279 D2=749D0001 D3=FFFF D4=73620F20 D5=40000 D6=40000 D7=10FFFF A0=108584 A1=109480 A2=1094DA A3=108F6A A4=10927C A5=108000 A6=108E3C PC=1D68 -- 001D68: move.l  D0, (A2)+
D0=0 D1=8279 D2=749D0001 D3=FFFF D4=73620F20 D5=40000 D6=40000 D7=10FFFF A0=108584 A1=109480 A2=1094DE A3=108F6A A4=10927C A5=108000 A6=108E3C PC=1D6A -- 001D6A: move.l  D0, (A2)+
D0=0 D1=8279 D2=749D0001 D3=FFFF D4=73620F20 D5=40000 D6=40000 D7=10FFFF A0=108584 A1=109480 A2=1094E2 A3=108F6A A4=10927C A5=108000 A6=108E3C PC=1D6C -- 001D6C: move.l  D0, (A2)+
D0=0 D1=8279 D2=749D0001 D3=FFFF D4=73620F20 D5=40000 D6=40000 D7=10FFFF A0=108584 A1=109480 A2=1094E6 A3=108F6A A4=10927C A5=108000 A6=108E3C PC=1D6E -- 001D6E: move.l  D0, (A2)+
D0=0 D1=8279 D2=749D0001 D3=FFFF D4=73620F20 D5=40000 D6=40000 D7=10FFFF A0=108584 A1=109480 A2=1094EA A3=108F6A A4=10927C A5=108000 A6=108E3C PC=1D70 -- 001D70: move.l  D0, (A2)+
D0=0 D1=8279 D2=749D0001 D3=FFFF D4=73620F20 D5=40000 D6=40000 D7=10FFFF A0=108584 A1=109480 A2=1094EE A3=108F6A A4=10927C A5=108000 A6=108E3C PC=1D72 -- 001D72: move.l  D0, (A2)+
D0=0 D1=8279 D2=749D0001 D3=FFFF D4=73620F20 D5=40000 D6=40000 D7=10FFFF A0=108584 A1=109480 A2=1094F2 A3=108F6A A4=10927C A5=108000 A6=108E3C PC=1D74 -- 001D74: move.l  D0, (A2)+
D0=0 D1=8279 D2=749D0001 D3=FFFF D4=73620F20 D5=40000 D6=40000 D7=10FFFF A0=108584 A1=109480 A2=1094F6 A3=108F6A A4=10927C A5=108000 A6=108E3C PC=1D76 -- 001D76: move.l  D0, (A2)+
D0=0 D1=8279 D2=749D0001 D3=FFFF D4=73620F20 D5=40000 D6=40000 D7=10FFFF A0=108584 A1=109480 A2=1094FA A3=108F6A A4=10927C A5=108000 A6=108E3C PC=1D78 -- 001D78: move.l  D0, (A2)+
D0=0 D1=8279 D2=749D0001 D3=FFFF D4=73620F20 D5=40000 D6=40000 D7=10FFFF A0=108584 A1=109480 A2=1094FE A3=108F6A A4=10927C A5=108000 A6=108E3C PC=1D7A -- 001D7A: move.l  D0, (A2)+
D0=0 D1=8279 D2=749D0001 D3=FFFF D4=73620F20 D5=40000 D6=40000 D7=10FFFF A0=108584 A1=109480 A2=109502 A3=108F6A A4=10927C A5=108000 A6=108E3C PC=1D7C -- 001D7C: lea     (-$40,A2), A2
D0=0 D1=8279 D2=749D0001 D3=FFFF D4=73620F20 D5=40000 D6=40000 D7=10FFFF A0=108584 A1=109480 A2=1094C2 A3=108F6A A4=10927C A5=108000 A6=108E3C PC=1D80 -- 001D80: tst.b   ($60,A4)
D0=0 D1=8279 D2=749D0001 D3=FFFF D4=73620F20 D5=40000 D6=40000 D7=10FFFF A0=108584 A1=109480 A2=1094C2 A3=108F6A A4=10927C A5=108000 A6=108E3C PC=1D84 -- 001D84: beq     $1e7e
D0=0 D1=8279 D2=749D0001 D3=FFFF D4=73620F20 D5=40000 D6=40000 D7=10FFFF A0=108584 A1=109480 A2=1094C2 A3=108F6A A4=10927C A5=108000 A6=108E3C PC=1D88 -- 001D88: move.w  ($6c,A4), D7
D0=0 D1=8279 D2=749D0001 D3=FFFF D4=73620F20 D5=40000 D6=40000 D7=100079 A0=108584 A1=109480 A2=1094C2 A3=108F6A A4=10927C A5=108000 A6=108E3C PC=1D8C -- 001D8C: sub.w   ($6a,A4), D7
D0=0 D1=8279 D2=749D0001 D3=FFFF D4=73620F20 D5=40000 D6=40000 D7=100000 A0=108584 A1=109480 A2=1094C2 A3=108F6A A4=10927C A5=108000 A6=108E3C PC=1D90 -- 001D90: add.w   D7, D7
D0=0 D1=8279 D2=749D0001 D3=FFFF D4=73620F20 D5=40000 D6=40000 D7=100000 A0=108584 A1=109480 A2=1094C2 A3=108F6A A4=10927C A5=108000 A6=108E3C PC=1D92 -- 001D92: move.w  D7, D6
D0=0 D1=8279 D2=749D0001 D3=FFFF D4=73620F20 D5=40000 D6=40000 D7=100000 A0=108584 A1=109480 A2=1094C2 A3=108F6A A4=10927C A5=108000 A6=108E3C PC=1D94 -- 001D94: subq.w  #2, D6
D0=0 D1=8279 D2=749D0001 D3=FFFF D4=73620F20 D5=4FFFE D6=4FFFE D7=100000 A0=108584 A1=109480 A2=1094C2 A3=108F6A A4=10927C A5=108000 A6=108E3C PC=1D96 -- 001D96: andi.w  #$3f, D6
D0=0 D1=8279 D2=749D0001 D3=FFFF D4=73620F20 D5=4003E D6=4003E D7=100000 A0=108584 A1=109480 A2=1094C2 A3=108F6A A4=10927C A5=108000 A6=108E3C PC=1D9A -- 001D9A: move.w  ($6c,A4), D0
D0=79 D1=8279 D2=749D0001 D3=FFFF D4=73620F20 D5=4003E D6=4003E D7=100000 A0=108584 A1=109480 A2=1094C2 A3=108F6A A4=10927C A5=108000 A6=108E3C PC=1D9E -- 001D9E: sub.w   ($6a,A4), D0
D0=0 D1=8279 D2=749D0001 D3=FFFF D4=73620F20 D5=4003E D6=4003E D7=100000 A0=108584 A1=109480 A2=1094C2 A3=108F6A A4=10927C A5=108000 A6=108E3C PC=1DA2 -- 001DA2: lsl.w   #4, D0
D0=0 D1=8279 D2=749D0001 D3=FFFF D4=73620F20 D5=4003E D6=4003E D7=100000 A0=108584 A1=109480 A2=1094C2 A3=108F6A A4=10927C A5=108000 A6=108E3C PC=1DA4 -- 001DA4: bsr     $2152
D0=0 D1=8279 D2=749D0001 D3=FFFF D4=73620F20 D5=4003E D6=4003E D7=100000 A0=108584 A1=109480 A2=1094C2 A3=108F6A A4=10927C A5=108000 A6=108E3C PC=2152 -- 002152: moveq   #$0, D2
D0=0 D1=8279 D2=0 D3=FFFF D4=73620F20 D5=4003E D6=4003E D7=100000 A0=108584 A1=109480 A2=1094C2 A3=108F6A A4=10927C A5=108000 A6=108E3C PC=2154 -- 002154: move.b  ($68,A4), D2
D0=0 D1=8279 D2=FF D3=FFFF D4=73620F20 D5=4003E D6=4003E D7=100000 A0=108584 A1=109480 A2=1094C2 A3=108F6A A4=10927C A5=108000 A6=108E3C PC=2158 -- 002158: move.b  D2, D4
D0=0 D1=8279 D2=FF D3=FFFF D4=73620FFF D5=4003E D6=4003E D7=100000 A0=108584 A1=109480 A2=1094C2 A3=108F6A A4=10927C A5=108000 A6=108E3C PC=215A -- 00215A: addq.w  #1, D2
D0=0 D1=8279 D2=100 D3=FFFF D4=73620FFF D5=4003E D6=4003E D7=100000 A0=108584 A1=109480 A2=1094C2 A3=108F6A A4=10927C A5=108000 A6=108E3C PC=215C -- 00215C: move.w  #$100, D3
D0=0 D1=8279 D2=100 D3=100 D4=73620FFF D5=4003E D6=4003E D7=100000 A0=108584 A1=109480 A2=1094C2 A3=108F6A A4=10927C A5=108000 A6=108E3C PC=2160 -- 002160: sub.w   D2, D3
D0=0 D1=8279 D2=100 D3=0 D4=73620FFF D5=4003E D6=4003E D7=100000 A0=108584 A1=109480 A2=1094C2 A3=108F6A A4=10927C A5=108000 A6=108E3C PC=2162 -- 002162: move.w  #$b0, D2
D0=0 D1=8279 D2=B0 D3=0 D4=73620FFF D5=4003E D6=4003E D7=100000 A0=108584 A1=109480 A2=1094C2 A3=108F6A A4=10927C A5=108000 A6=108E3C PC=2166 -- 002166: muls.w  D3, D2
D0=0 D1=8279 D2=0 D3=0 D4=73620FFF D5=4003E D6=4003E D7=100000 A0=108584 A1=109480 A2=1094C2 A3=108F6A A4=10927C A5=108000 A6=108E3C PC=2168 -- 002168: lsr.l   #8, D2
D0=0 D1=8279 D2=0 D3=0 D4=73620FFF D5=4003E D6=4003E D7=100000 A0=108584 A1=109480 A2=1094C2 A3=108F6A A4=10927C A5=108000 A6=108E3C PC=216A -- 00216A: andi.b  #$f0, D4
D0=0 D1=8279 D2=0 D3=0 D4=73620FF0 D5=4003E D6=4003E D7=100000 A0=108584 A1=109480 A2=1094C2 A3=108F6A A4=10927C A5=108000 A6=108E3C PC=216E -- 00216E: bne     $2178
D0=0 D1=8279 D2=0 D3=0 D4=73620FF0 D5=4003E D6=4003E D7=100000 A0=108584 A1=109480 A2=1094C2 A3=108F6A A4=10927C A5=108000 A6=108E3C PC=2178 -- 002178: move.w  D2, D3
D0=0 D1=8279 D2=0 D3=0 D4=73620FF0 D5=4003E D6=4003E D7=100000 A0=108584 A1=109480 A2=1094C2 A3=108F6A A4=10927C A5=108000 A6=108E3C PC=217A -- 00217A: rts
D0=0 D1=8279 D2=0 D3=0 D4=73620FF0 D5=4003E D6=4003E D7=100000 A0=108584 A1=109480 A2=1094C2 A3=108F6A A4=10927C A5=108000 A6=108E3C PC=1DA8 -- 001DA8: add.w   D3, D0
D0=0 D1=8279 D2=0 D3=0 D4=73620FF0 D5=4003E D6=4003E D7=100000 A0=108584 A1=109480 A2=1094C2 A3=108F6A A4=10927C A5=108000 A6=108E3C PC=1DAA -- 001DAA: move.w  ($78,A4), D2
D0=0 D1=8279 D2=0 D3=0 D4=73620FF0 D5=4003E D6=4003E D7=100000 A0=108584 A1=109480 A2=1094C2 A3=108F6A A4=10927C A5=108000 A6=108E3C PC=1DAE -- 001DAE: btst    #$2, ($6e,A4)
D0=0 D1=8279 D2=0 D3=0 D4=73620FF0 D5=4003E D6=4003E D7=100000 A0=108584 A1=109480 A2=1094C2 A3=108F6A A4=10927C A5=108000 A6=108E3C PC=1DB4 -- 001DB4: bne     $1dc4
D0=0 D1=8279 D2=0 D3=0 D4=73620FF0 D5=4003E D6=4003E D7=100000 A0=108584 A1=109480 A2=1094C2 A3=108F6A A4=10927C A5=108000 A6=108E3C PC=1DC4 -- 001DC4: neg.w   D2
D0=0 D1=8279 D2=0 D3=0 D4=73620FF0 D5=4003E D6=4003E D7=100000 A0=108584 A1=109480 A2=1094C2 A3=108F6A A4=10927C A5=108000 A6=108E3C PC=1DC6 -- 001DC6: add.w   D2, D0
D0=0 D1=8279 D2=0 D3=0 D4=73620FF0 D5=4003E D6=4003E D7=100000 A0=108584 A1=109480 A2=1094C2 A3=108F6A A4=10927C A5=108000 A6=108E3C PC=1DC8 -- 001DC8: move.w  D0, ($7b0,A5)
D0=0 D1=8279 D2=0 D3=0 D4=73620FF0 D5=4003E D6=4003E D7=100000 A0=108584 A1=109480 A2=1094C2 A3=108F6A A4=10927C A5=108000 A6=108E3C PC=1DCC -- 001DCC: lsl.w   #7, D0
D0=0 D1=8279 D2=0 D3=0 D4=73620FF0 D5=4003E D6=4003E D7=100000 A0=108584 A1=109480 A2=1094C2 A3=108F6A A4=10927C A5=108000 A6=108E3C PC=1DCE -- 001DCE: move.w  D0, (A1,D7.w)
D0=0 D1=8279 D2=0 D3=0 D4=73620FF0 D5=4003E D6=4003E D7=100000 A0=108584 A1=109480 A2=1094C2 A3=108F6A A4=10927C A5=108000 A6=108E3C PC=1DD2 -- 001DD2: move.w  ($7c,A4), D0
D0=0 D1=8279 D2=0 D3=0 D4=73620FF0 D5=4003E D6=4003E D7=100000 A0=108584 A1=109480 A2=1094C2 A3=108F6A A4=10927C A5=108000 A6=108E3C PC=1DD6 -- 001DD6: move.w  D0, ($7b2,A5)
D0=0 D1=8279 D2=0 D3=0 D4=73620FF0 D5=4003E D6=4003E D7=100000 A0=108584 A1=109480 A2=1094C2 A3=108F6A A4=10927C A5=108000 A6=108E3C PC=1DDA -- 001DDA: lsl.w   #7, D0
D0=0 D1=8279 D2=0 D3=0 D4=73620FF0 D5=4003E D6=4003E D7=100000 A0=108584 A1=109480 A2=1094C2 A3=108F6A A4=10927C A5=108000 A6=108E3C PC=1DDC -- 001DDC: or.b    ($61,A4), D0
D0=50 D1=8279 D2=0 D3=0 D4=73620FF0 D5=4003E D6=4003E D7=100000 A0=108584 A1=109480 A2=1094C2 A3=108F6A A4=10927C A5=108000 A6=108E3C PC=1DE0 -- 001DE0: andi.w  #$ffbf, D0
D0=10 D1=8279 D2=0 D3=0 D4=73620FF0 D5=4003E D6=4003E D7=100000 A0=108584 A1=109480 A2=1094C2 A3=108F6A A4=10927C A5=108000 A6=108E3C PC=1DE4 -- 001DE4: move.w  D0, (A2,D7.w)
D0=10 D1=8279 D2=0 D3=0 D4=73620FF0 D5=4003E D6=4003E D7=100000 A0=108584 A1=109480 A2=1094C2 A3=108F6A A4=10927C A5=108000 A6=108E3C PC=1DE8 -- 001DE8: addq.w  #2, D6
D0=10 D1=8279 D2=0 D3=0 D4=73620FF0 D5=40040 D6=40040 D7=100000 A0=108584 A1=109480 A2=1094C2 A3=108F6A A4=10927C A5=108000 A6=108E3C PC=1DEA -- 001DEA: addq.w  #2, D7
D0=10 D1=8279 D2=0 D3=0 D4=73620FF0 D5=40040 D6=40040 D7=100002 A0=108584 A1=109480 A2=1094C2 A3=108F6A A4=10927C A5=108000 A6=108E3C PC=1DEC -- 001DEC: andi.w  #$3f, D6
D0=10 D1=8279 D2=0 D3=0 D4=73620FF0 D5=40000 D6=40000 D7=100002 A0=108584 A1=109480 A2=1094C2 A3=108F6A A4=10927C A5=108000 A6=108E3C PC=1DF0 -- 001DF0: andi.w  #$3f, D7
D0=10 D1=8279 D2=0 D3=0 D4=73620FF0 D5=40000 D6=40000 D7=100002 A0=108584 A1=109480 A2=1094C2 A3=108F6A A4=10927C A5=108000 A6=108E3C PC=1DF4 -- 001DF4: movea.l ($a0,A4), A0
D0=10 D1=8279 D2=0 D3=0 D4=73620FF0 D5=40000 D6=40000 D7=100002 A0=10C228 A1=109480 A2=1094C2 A3=108F6A A4=10927C A5=108000 A6=108E3C PC=1DF8 -- 001DF8: moveq   #$0, D1
D0=10 D1=0 D2=0 D3=0 D4=73620FF0 D5=40000 D6=40000 D7=100002 A0=10C228 A1=109480 A2=1094C2 A3=108F6A A4=10927C A5=108000 A6=108E3C PC=1DFA -- 001DFA: move.b  ($68,A4), D1
D0=10 D1=FF D2=0 D3=0 D4=73620FF0 D5=40000 D6=40000 D7=100002 A0=10C228 A1=109480 A2=1094C2 A3=108F6A A4=10927C A5=108000 A6=108E3C PC=1DFE -- 001DFE: lsr.b   #4, D1
D0=10 D1=F D2=0 D3=0 D4=73620FF0 D5=40000 D6=40000 D7=100002 A0=10C228 A1=109480 A2=1094C2 A3=108F6A A4=10927C A5=108000 A6=108E3C PC=1E00 -- 001E00: addq.b  #1, D1
D0=10 D1=10 D2=0 D3=0 D4=73620FF0 D5=40000 D6=40000 D7=100002 A0=10C228 A1=109480 A2=1094C2 A3=108F6A A4=10927C A5=108000 A6=108E3C PC=1E02 -- 001E02: moveq   #$0, D2
D0=10 D1=10 D2=0 D3=0 D4=73620FF0 D5=40000 D6=40000 D7=100002 A0=10C228 A1=109480 A2=1094C2 A3=108F6A A4=10927C A5=108000 A6=108E3C PC=1E04 -- 001E04: moveq   #$0, D0
D0=0 D1=10 D2=0 D3=0 D4=73620FF0 D5=40000 D6=40000 D7=100002 A0=10C228 A1=109480 A2=1094C2 A3=108F6A A4=10927C A5=108000 A6=108E3C PC=1E06 -- 001E06: move.b  ($60,A4), D0
D0=15 D1=10 D2=0 D3=0 D4=73620FF0 D5=40000 D6=40000 D7=100002 A0=10C228 A1=109480 A2=1094C2 A3=108F6A A4=10927C A5=108000 A6=108E3C PC=1E0A -- 001E0A: subq.w  #2, D0
D0=13 D1=10 D2=0 D3=0 D4=73620FF0 D5=40000 D6=40000 D7=100002 A0=10C228 A1=109480 A2=1094C2 A3=108F6A A4=10927C A5=108000 A6=108E3C PC=1E0C -- 001E0C: bmi     $1e48
D0=13 D1=10 D2=0 D3=0 D4=73620FF0 D5=40000 D6=40000 D7=100002 A0=10C228 A1=109480 A2=1094C2 A3=108F6A A4=10927C A5=108000 A6=108E3C PC=1E0E -- 001E0E: move.w  D1, D3
D0=13 D1=10 D2=0 D3=10 D4=73620FF0 D5=40000 D6=40000 D7=100002 A0=10C228 A1=109480 A2=1094C2 A3=108F6A A4=10927C A5=108000 A6=108E3C PC=1E10 -- 001E10: add.w   D3, ($7b0,A5)
D0=13 D1=10 D2=0 D3=10 D4=73620FF0 D5=40000 D6=40000 D7=100002 A0=10C228 A1=109480 A2=1094C2 A3=108F6A A4=10927C A5=108000 A6=108E3C PC=1E14 -- 001E14: move.w  ($7b0,A5), D3
D0=13 D1=10 D2=0 D3=10 D4=73620FF0 D5=40000 D6=40000 D7=100002 A0=10C228 A1=109480 A2=1094C2 A3=108F6A A4=10927C A5=108000 A6=108E3C PC=1E18 -- 001E18: move.w  D1, D4
D0=13 D1=10 D2=0 D3=10 D4=73620010 D5=40000 D6=40000 D7=100002 A0=10C228 A1=109480 A2=1094C2 A3=108F6A A4=10927C A5=108000 A6=108E3C PC=1E1A -- 001E1A: subq.b  #1, D4
D0=13 D1=10 D2=0 D3=10 D4=7362000F D5=40000 D6=40000 D7=100002 A0=10C228 A1=109480 A2=1094C2 A3=108F6A A4=10927C A5=108000 A6=108E3C PC=1E1C -- 001E1C: sub.b   (A0,D6.w), D4
D0=13 D1=10 D2=0 D3=10 D4=73620000 D5=40000 D6=40000 D7=100002 A0=10C228 A1=109480 A2=1094C2 A3=108F6A A4=10927C A5=108000 A6=108E3C PC=1E20 -- 001E20: add.w   D4, D2
D0=13 D1=10 D2=0 D3=10 D4=73620000 D5=40000 D6=40000 D7=100002 A0=10C228 A1=109480 A2=1094C2 A3=108F6A A4=10927C A5=108000 A6=108E3C PC=1E22 -- 001E22: sub.w   D2, D3
D0=13 D1=10 D2=0 D3=10 D4=73620000 D5=40000 D6=40000 D7=100002 A0=10C228 A1=109480 A2=1094C2 A3=108F6A A4=10927C A5=108000 A6=108E3C PC=1E24 -- 001E24: lsl.w   #7, D3
D0=13 D1=10 D2=0 D3=800 D4=73620000 D5=40000 D6=40000 D7=100002 A0=10C228 A1=109480 A2=1094C2 A3=108F6A A4=10927C A5=108000 A6=108E3C PC=1E26 -- 001E26: move.w  D3, (A1,D7.w)
D0=13 D1=10 D2=0 D3=800 D4=73620000 D5=40000 D6=40000 D7=100002 A0=10C228 A1=109480 A2=1094C2 A3=108F6A A4=10927C A5=108000 A6=108E3C PC=1E2A -- 001E2A: move.w  ($7b2,A5), D3
D0=13 D1=10 D2=0 D3=0 D4=73620000 D5=40000 D6=40000 D7=100002 A0=10C228 A1=109480 A2=1094C2 A3=108F6A A4=10927C A5=108000 A6=108E3C PC=1E2E -- 001E2E: lsl.w   #7, D3
D0=13 D1=10 D2=0 D3=0 D4=73620000 D5=40000 D6=40000 D7=100002 A0=10C228 A1=109480 A2=1094C2 A3=108F6A A4=10927C A5=108000 A6=108E3C PC=1E30 -- 001E30: or.b    ($61,A4), D3
D0=13 D1=10 D2=0 D3=50 D4=73620000 D5=40000 D6=40000 D7=100002 A0=10C228 A1=109480 A2=1094C2 A3=108F6A A4=10927C A5=108000 A6=108E3C PC=1E34 -- 001E34: move.w  D3, (A2,D7.w)
D0=13 D1=10 D2=0 D3=50 D4=73620000 D5=40000 D6=40000 D7=100002 A0=10C228 A1=109480 A2=1094C2 A3=108F6A A4=10927C A5=108000 A6=108E3C PC=1E38 -- 001E38: addq.w  #2, D6
D0=13 D1=10 D2=0 D3=50 D4=73620000 D5=40002 D6=40002 D7=100002 A0=10C228 A1=109480 A2=1094C2 A3=108F6A A4=10927C A5=108000 A6=108E3C PC=1E3A -- 001E3A: addq.w  #2, D7
D0=13 D1=10 D2=0 D3=50 D4=73620000 D5=40002 D6=40002 D7=100004 A0=10C228 A1=109480 A2=1094C2 A3=108F6A A4=10927C A5=108000 A6=108E3C PC=1E3C -- 001E3C: andi.w  #$3f, D6
D0=13 D1=10 D2=0 D3=50 D4=73620000 D5=40002 D6=40002 D7=100004 A0=10C228 A1=109480 A2=1094C2 A3=108F6A A4=10927C A5=108000 A6=108E3C PC=1E40 -- 001E40: andi.w  #$3f, D7
D0=13 D1=10 D2=0 D3=50 D4=73620000 D5=40002 D6=40002 D7=100004 A0=10C228 A1=109480 A2=1094C2 A3=108F6A A4=10927C A5=108000 A6=108E3C PC=1E44 -- 001E44: dbra    D0, $1e0e
D0=12 D1=10 D2=0 D3=50 D4=73620000 D5=40002 D6=40002 D7=100004 A0=10C228 A1=109480 A2=1094C2 A3=108F6A A4=10927C A5=108000 A6=108E3C PC=1E0E -- 001E0E: move.w  D1, D3
D0=12 D1=10 D2=0 D3=10 D4=73620000 D5=40002 D6=40002 D7=100004 A0=10C228 A1=109480 A2=1094C2 A3=108F6A A4=10927C A5=108000 A6=108E3C PC=1E10 -- 001E10: add.w   D3, ($7b0,A5)
D0=12 D1=10 D2=0 D3=10 D4=73620000 D5=40002 D6=40002 D7=100004 A0=10C228 A1=109480 A2=1094C2 A3=108F6A A4=10927C A5=108000 A6=108E3C PC=1E14 -- 001E14: move.w  ($7b0,A5), D3
D0=12 D1=10 D2=0 D3=20 D4=73620000 D5=40002 D6=40002 D7=100004 A0=10C228 A1=109480 A2=1094C2 A3=108F6A A4=10927C A5=108000 A6=108E3C PC=1E18 -- 001E18: move.w  D1, D4
D0=12 D1=10 D2=0 D3=20 D4=73620010 D5=40002 D6=40002 D7=100004 A0=10C228 A1=109480 A2=1094C2 A3=108F6A A4=10927C A5=108000 A6=108E3C PC=1E1A -- 001E1A: subq.b  #1, D4
D0=12 D1=10 D2=0 D3=20 D4=7362000F D5=40002 D6=40002 D7=100004 A0=10C228 A1=109480 A2=1094C2 A3=108F6A A4=10927C A5=108000 A6=108E3C PC=1E1C -- 001E1C: sub.b   (A0,D6.w), D4
D0=12 D1=10 D2=0 D3=20 D4=73620000 D5=40002 D6=40002 D7=100004 A0=10C228 A1=109480 A2=1094C2 A3=108F6A A4=10927C A5=108000 A6=108E3C PC=1E20 -- 001E20: add.w   D4, D2
D0=12 D1=10 D2=0 D3=20 D4=73620000 D5=40002 D6=40002 D7=100004 A0=10C228 A1=109480 A2=1094C2 A3=108F6A A4=10927C A5=108000 A6=108E3C PC=1E22 -- 001E22: sub.w   D2, D3
D0=12 D1=10 D2=0 D3=20 D4=73620000 D5=40002 D6=40002 D7=100004 A0=10C228 A1=109480 A2=1094C2 A3=108F6A A4=10927C A5=108000 A6=108E3C PC=1E24 -- 001E24: lsl.w   #7, D3
D0=12 D1=10 D2=0 D3=1000 D4=73620000 D5=40002 D6=40002 D7=100004 A0=10C228 A1=109480 A2=1094C2 A3=108F6A A4=10927C A5=108000 A6=108E3C PC=1E26 -- 001E26: move.w  D3, (A1,D7.w)
D0=12 D1=10 D2=0 D3=1000 D4=73620000 D5=40002 D6=40002 D7=100004 A0=10C228 A1=109480 A2=1094C2 A3=108F6A A4=10927C A5=108000 A6=108E3C PC=1E2A -- 001E2A: move.w  ($7b2,A5), D3
D0=12 D1=10 D2=0 D3=0 D4=73620000 D5=40002 D6=40002 D7=100004 A0=10C228 A1=109480 A2=1094C2 A3=108F6A A4=10927C A5=108000 A6=108E3C PC=1E2E -- 001E2E: lsl.w   #7, D3
D0=12 D1=10 D2=0 D3=0 D4=73620000 D5=40002 D6=40002 D7=100004 A0=10C228 A1=109480 A2=1094C2 A3=108F6A A4=10927C A5=108000 A6=108E3C PC=1E30 -- 001E30: or.b    ($61,A4), D3
D0=12 D1=10 D2=0 D3=50 D4=73620000 D5=40002 D6=40002 D7=100004 A0=10C228 A1=109480 A2=1094C2 A3=108F6A A4=10927C A5=108000 A6=108E3C PC=1E34 -- 001E34: move.w  D3, (A2,D7.w)
D0=12 D1=10 D2=0 D3=50 D4=73620000 D5=40002 D6=40002 D7=100004 A0=10C228 A1=109480 A2=1094C2 A3=108F6A A4=10927C A5=108000 A6=108E3C PC=1E38 -- 001E38: addq.w  #2, D6
D0=12 D1=10 D2=0 D3=50 D4=73620000 D5=40004 D6=40004 D7=100004 A0=10C228 A1=109480 A2=1094C2 A3=108F6A A4=10927C A5=108000 A6=108E3C PC=1E3A -- 001E3A: addq.w  #2, D7
D0=12 D1=10 D2=0 D3=50 D4=73620000 D5=40004 D6=40004 D7=100006 A0=10C228 A1=109480 A2=1094C2 A3=108F6A A4=10927C A5=108000 A6=108E3C PC=1E3C -- 001E3C: andi.w  #$3f, D6
D0=12 D1=10 D2=0 D3=50 D4=73620000 D5=40004 D6=40004 D7=100006 A0=10C228 A1=109480 A2=1094C2 A3=108F6A A4=10927C A5=108000 A6=108E3C PC=1E40 -- 001E40: andi.w  #$3f, D7
D0=12 D1=10 D2=0 D3=50 D4=73620000 D5=40004 D6=40004 D7=100006 A0=10C228 A1=109480 A2=1094C2 A3=108F6A A4=10927C A5=108000 A6=108E3C PC=1E44 -- 001E44: dbra    D0, $1e0e

   (loops for 342 instructions)

D0=FFFF D1=10 D2=0 D3=50 D4=73620000 D5=40028 D6=40028 D7=10002A A0=10C228 A1=109480 A2=1094C2 A3=108F6A A4=10927C A5=108000 A6=108E3C PC=1E48 -- 001E48: tst.b   ($3a66,A5)
D0=FFFF D1=10 D2=0 D3=50 D4=73620000 D5=40028 D6=40028 D7=10002A A0=10C228 A1=109480 A2=1094C2 A3=108F6A A4=10927C A5=108000 A6=108E3C PC=1E4C -- 001E4C: bpl     $1e7e
D0=FFFF D1=10 D2=0 D3=50 D4=73620000 D5=40028 D6=40028 D7=10002A A0=10C228 A1=109480 A2=1094C2 A3=108F6A A4=10927C A5=108000 A6=108E3C PC=1E7E -- 001E7E: rts
D0=FFFF D1=10 D2=0 D3=50 D4=73620000 D5=40028 D6=40028 D7=10002A A0=10C228 A1=109480 A2=1094C2 A3=108F6A A4=10927C A5=108000 A6=108E3C PC=32B6C -- 032B6C: lea     ($100,A4), A4
D0=FFFF D1=10 D2=0 D3=50 D4=73620000 D5=40028 D6=40028 D7=10002A A0=10C228 A1=109480 A2=1094C2 A3=108F6A A4=10937C A5=108000 A6=108E3C PC=32B70 -- 032B70: subq.b  #1, ($147c,A5)
D0=FFFF D1=10 D2=0 D3=50 D4=73620000 D5=40028 D6=40028 D7=10002A A0=10C228 A1=109480 A2=1094C2 A3=108F6A A4=10937C A5=108000 A6=108E3C PC=32B74 -- 032B74: bne     $32b62
D0=FFFF D1=10 D2=0 D3=50 D4=73620000 D5=40028 D6=40028 D7=10002A A0=10C228 A1=109480 A2=1094C2 A3=108F6A A4=10937C A5=108000 A6=108E3C PC=32B62 -- 032B62: tst.b   ($6e,A4)
D0=FFFF D1=10 D2=0 D3=50 D4=73620000 D5=40028 D6=40028 D7=10002A A0=10C228 A1=109480 A2=1094C2 A3=108F6A A4=10937C A5=108000 A6=108E3C PC=32B66 -- 032B66: bpl     $32b6c
D0=FFFF D1=10 D2=0 D3=50 D4=73620000 D5=40028 D6=40028 D7=10002A A0=10C228 A1=109480 A2=1094C2 A3=108F6A A4=10937C A5=108000 A6=108E3C PC=32B6C -- 032B6C: lea     ($100,A4), A4
D0=FFFF D1=10 D2=0 D3=50 D4=73620000 D5=40028 D6=40028 D7=10002A A0=10C228 A1=109480 A2=1094C2 A3=108F6A A4=10947C A5=108000 A6=108E3C PC=32B70 -- 032B70: subq.b  #1, ($147c,A5)
D0=FFFF D1=10 D2=0 D3=50 D4=73620000 D5=40028 D6=40028 D7=10002A A0=10C228 A1=109480 A2=1094C2 A3=108F6A A4=10947C A5=108000 A6=108E3C PC=32B74 -- 032B74: bne     $32b62
D0=FFFF D1=10 D2=0 D3=50 D4=73620000 D5=40028 D6=40028 D7=10002A A0=10C228 A1=109480 A2=1094C2 A3=108F6A A4=10947C A5=108000 A6=108E3C PC=32B76 -- 032B76: rts
D0=FFFF D1=10 D2=0 D3=50 D4=73620000 D5=40028 D6=40028 D7=10002A A0=10C228 A1=109480 A2=1094C2 A3=108F6A A4=10947C A5=108000 A6=108E3C PC=32A8A -- 032A8A: btst    #$6, ($785,A5)
D0=FFFF D1=10 D2=0 D3=50 D4=73620000 D5=40028 D6=40028 D7=10002A A0=10C228 A1=109480 A2=1094C2 A3=108F6A A4=10947C A5=108000 A6=108E3C PC=32A90 -- 032A90: beq     $32ae4
D0=FFFF D1=10 D2=0 D3=50 D4=73620000 D5=40028 D6=40028 D7=10002A A0=10C228 A1=109480 A2=1094C2 A3=108F6A A4=10947C A5=108000 A6=108E3C PC=32AE4 -- 032AE4: jsr     $87e.l
D0=FFFF D1=10 D2=0 D3=50 D4=73620000 D5=40028 D6=40028 D7=10002A A0=10C228 A1=109480 A2=1094C2 A3=108F6A A4=10947C A5=108000 A6=108E3C PC=87E -- 00087E: tst.b   $10fdaf.l
D0=FFFF D1=10 D2=0 D3=50 D4=73620000 D5=40028 D6=40028 D7=10002A A0=10C228 A1=109480 A2=1094C2 A3=108F6A A4=10947C A5=108000 A6=108E3C PC=884 -- 000884: beq     $8d0
D0=FFFF D1=10 D2=0 D3=50 D4=73620000 D5=40028 D6=40028 D7=10002A A0=10C228 A1=109480 A2=1094C2 A3=108F6A A4=10947C A5=108000 A6=108E3C PC=888 -- 000888: btst    #$1, ($785,A5)
D0=FFFF D1=10 D2=0 D3=50 D4=73620000 D5=40028 D6=40028 D7=10002A A0=10C228 A1=109480 A2=1094C2 A3=108F6A A4=10947C A5=108000 A6=108E3C PC=88E -- 00088E: bne     $8d0
D0=FFFF D1=10 D2=0 D3=50 D4=73620000 D5=40028 D6=40028 D7=10002A A0=10C228 A1=109480 A2=1094C2 A3=108F6A A4=10947C A5=108000 A6=108E3C PC=8D0 -- 0008D0: rts
D0=FFFF D1=10 D2=0 D3=50 D4=73620000 D5=40028 D6=40028 D7=10002A A0=10C228 A1=109480 A2=1094C2 A3=108F6A A4=10947C A5=108000 A6=108E3C PC=32AEA -- 032AEA: jsr     $45e3e.l
D0=FFFF D1=10 D2=0 D3=50 D4=73620000 D5=40028 D6=40028 D7=10002A A0=10C228 A1=109480 A2=1094C2 A3=108F6A A4=10947C A5=108000 A6=108E3C PC=45E3E -- 045E3E: btst    #$3, ($80c,A5)
D0=FFFF D1=10 D2=0 D3=50 D4=73620000 D5=40028 D6=40028 D7=10002A A0=10C228 A1=109480 A2=1094C2 A3=108F6A A4=10947C A5=108000 A6=108E3C PC=45E44 -- 045E44: beq     $45e54
D0=FFFF D1=10 D2=0 D3=50 D4=73620000 D5=40028 D6=40028 D7=10002A A0=10C228 A1=109480 A2=1094C2 A3=108F6A A4=10947C A5=108000 A6=108E3C PC=45E54 -- 045E54: btst    #$4, ($80c,A5)
D0=FFFF D1=10 D2=0 D3=50 D4=73620000 D5=40028 D6=40028 D7=10002A A0=10C228 A1=109480 A2=1094C2 A3=108F6A A4=10947C A5=108000 A6=108E3C PC=45E5A -- 045E5A: beq     $45e6a
D0=FFFF D1=10 D2=0 D3=50 D4=73620000 D5=40028 D6=40028 D7=10002A A0=10C228 A1=109480 A2=1094C2 A3=108F6A A4=10947C A5=108000 A6=108E3C PC=45E6A -- 045E6A: rts
D0=FFFF D1=10 D2=0 D3=50 D4=73620000 D5=40028 D6=40028 D7=10002A A0=10C228 A1=109480 A2=1094C2 A3=108F6A A4=10947C A5=108000 A6=108E3C PC=32AF0 -- 032AF0: jsr     $3e82.w
D0=FFFF D1=10 D2=0 D3=50 D4=73620000 D5=40028 D6=40028 D7=10002A A0=10C228 A1=109480 A2=1094C2 A3=108F6A A4=10947C A5=108000 A6=108E3C PC=3E82 -- 003E82: moveq   #$0, D0
D0=0 D1=10 D2=0 D3=50 D4=73620000 D5=40028 D6=40028 D7=10002A A0=10C228 A1=109480 A2=1094C2 A3=108F6A A4=10947C A5=108000 A6=108E3C PC=3E84 -- 003E84: move.l  D0, D1
D0=0 D1=0 D2=0 D3=50 D4=73620000 D5=40028 D6=40028 D7=10002A A0=10C228 A1=109480 A2=1094C2 A3=108F6A A4=10947C A5=108000 A6=108E3C PC=3E86 -- 003E86: move.l  D0, D2
D0=0 D1=0 D2=0 D3=50 D4=73620000 D5=40028 D6=40028 D7=10002A A0=10C228 A1=109480 A2=1094C2 A3=108F6A A4=10947C A5=108000 A6=108E3C PC=3E88 -- 003E88: move.l  D0, D3
D0=0 D1=0 D2=0 D3=0 D4=73620000 D5=40028 D6=40028 D7=10002A A0=10C228 A1=109480 A2=1094C2 A3=108F6A A4=10947C A5=108000 A6=108E3C PC=3E8A -- 003E8A: move.l  D0, D4
D0=0 D1=0 D2=0 D3=0 D4=0 D5=40028 D6=40028 D7=10002A A0=10C228 A1=109480 A2=1094C2 A3=108F6A A4=10947C A5=108000 A6=108E3C PC=3E8C -- 003E8C: move.l  D0, D5
D0=0 D1=0 D2=0 D3=0 D4=0 D5=40028 D6=40028 D7=10002A A0=10C228 A1=109480 A2=1094C2 A3=108F6A A4=10947C A5=108000 A6=108E3C PC=3E8E -- 003E8E: move.l  D0, D6
D0=0 D1=0 D2=0 D3=0 D4=0 D5=0 D6=0 D7=10002A A0=10C228 A1=109480 A2=1094C2 A3=108F6A A4=10947C A5=108000 A6=108E3C PC=3E90 -- 003E90: move.l  D0, D7
D0=0 D1=0 D2=0 D3=0 D4=0 D5=0 D6=0 D7=0 A0=10C228 A1=109480 A2=1094C2 A3=108F6A A4=10947C A5=108000 A6=108E3C PC=3E92 -- 003E92: lea     ($f3c,A5), A0
D0=0 D1=0 D2=0 D3=0 D4=0 D5=0 D6=0 D7=0 A0=108F3C A1=109480 A2=1094C2 A3=108F6A A4=10947C A5=108000 A6=108E3C PC=3E96 -- 003E96: movem.l D0-D7, -(A0)
D0=0 D1=0 D2=0 D3=0 D4=0 D5=0 D6=0 D7=0 A0=108F1C A1=109480 A2=1094C2 A3=108F6A A4=10947C A5=108000 A6=108E3C PC=3E9A -- 003E9A: movem.l D0-D7, -(A0)
D0=0 D1=0 D2=0 D3=0 D4=0 D5=0 D6=0 D7=0 A0=108EFC A1=109480 A2=1094C2 A3=108F6A A4=10947C A5=108000 A6=108E3C PC=3E9E -- 003E9E: movem.l D0-D7, -(A0)
D0=0 D1=0 D2=0 D3=0 D4=0 D5=0 D6=0 D7=0 A0=108EDC A1=109480 A2=1094C2 A3=108F6A A4=10947C A5=108000 A6=108E3C PC=3EA2 -- 003EA2: movem.l D0-D7, -(A0)
D0=0 D1=0 D2=0 D3=0 D4=0 D5=0 D6=0 D7=0 A0=108EBC A1=109480 A2=1094C2 A3=108F6A A4=10947C A5=108000 A6=108E3C PC=3EA6 -- 003EA6: movem.l D0-D7, -(A0)
D0=0 D1=0 D2=0 D3=0 D4=0 D5=0 D6=0 D7=0 A0=108E9C A1=109480 A2=1094C2 A3=108F6A A4=10947C A5=108000 A6=108E3C PC=3EAA -- 003EAA: movem.l D0-D7, -(A0)
D0=0 D1=0 D2=0 D3=0 D4=0 D5=0 D6=0 D7=0 A0=108E7C A1=109480 A2=1094C2 A3=108F6A A4=10947C A5=108000 A6=108E3C PC=3EAE -- 003EAE: movem.l D0-D7, -(A0)
D0=0 D1=0 D2=0 D3=0 D4=0 D5=0 D6=0 D7=0 A0=108E5C A1=109480 A2=1094C2 A3=108F6A A4=10947C A5=108000 A6=108E3C PC=3EB2 -- 003EB2: movem.l D0-D7, -(A0)
D0=0 D1=0 D2=0 D3=0 D4=0 D5=0 D6=0 D7=0 A0=108E3C A1=109480 A2=1094C2 A3=108F6A A4=10947C A5=108000 A6=108E3C PC=3EB6 -- 003EB6: lea     ($103c,A5), A0
D0=0 D1=0 D2=0 D3=0 D4=0 D5=0 D6=0 D7=0 A0=10903C A1=109480 A2=1094C2 A3=108F6A A4=10947C A5=108000 A6=108E3C PC=3EBA -- 003EBA: movem.l D0-D7, -(A0)
D0=0 D1=0 D2=0 D3=0 D4=0 D5=0 D6=0 D7=0 A0=10901C A1=109480 A2=1094C2 A3=108F6A A4=10947C A5=108000 A6=108E3C PC=3EBE -- 003EBE: movem.l D0-D7, -(A0)
D0=0 D1=0 D2=0 D3=0 D4=0 D5=0 D6=0 D7=0 A0=108FFC A1=109480 A2=1094C2 A3=108F6A A4=10947C A5=108000 A6=108E3C PC=3EC2 -- 003EC2: movem.l D0-D7, -(A0)
D0=0 D1=0 D2=0 D3=0 D4=0 D5=0 D6=0 D7=0 A0=108FDC A1=109480 A2=1094C2 A3=108F6A A4=10947C A5=108000 A6=108E3C PC=3EC6 -- 003EC6: movem.l D0-D7, -(A0)
D0=0 D1=0 D2=0 D3=0 D4=0 D5=0 D6=0 D7=0 A0=108FBC A1=109480 A2=1094C2 A3=108F6A A4=10947C A5=108000 A6=108E3C PC=3ECA -- 003ECA: movem.l D0-D7, -(A0)
D0=0 D1=0 D2=0 D3=0 D4=0 D5=0 D6=0 D7=0 A0=108F9C A1=109480 A2=1094C2 A3=108F6A A4=10947C A5=108000 A6=108E3C PC=3ECE -- 003ECE: movem.l D0-D7, -(A0)
D0=0 D1=0 D2=0 D3=0 D4=0 D5=0 D6=0 D7=0 A0=108F7C A1=109480 A2=1094C2 A3=108F6A A4=10947C A5=108000 A6=108E3C PC=3ED2 -- 003ED2: movem.l D0-D7, -(A0)
D0=0 D1=0 D2=0 D3=0 D4=0 D5=0 D6=0 D7=0 A0=108F5C A1=109480 A2=1094C2 A3=108F6A A4=10947C A5=108000 A6=108E3C PC=3ED6 -- 003ED6: movem.l D0-D7, -(A0)
D0=0 D1=0 D2=0 D3=0 D4=0 D5=0 D6=0 D7=0 A0=108F3C A1=109480 A2=1094C2 A3=108F6A A4=10947C A5=108000 A6=108E3C PC=3EDA -- 003EDA: tst.w   ($e3a,A5)
D0=0 D1=0 D2=0 D3=0 D4=0 D5=0 D6=0 D7=0 A0=108F3C A1=109480 A2=1094C2 A3=108F6A A4=10947C A5=108000 A6=108E3C PC=3EDE -- 003EDE: beq     $406e
D0=0 D1=0 D2=0 D3=0 D4=0 D5=0 D6=0 D7=0 A0=108F3C A1=109480 A2=1094C2 A3=108F6A A4=10947C A5=108000 A6=108E3C PC=406E -- 00406E: move.w  #$ffff, ($e38,A5)
D0=0 D1=0 D2=0 D3=0 D4=0 D5=0 D6=0 D7=0 A0=108F3C A1=109480 A2=1094C2 A3=108F6A A4=10947C A5=108000 A6=108E3C PC=4074 -- 004074: clr.w   ($e3a,A5)
D0=0 D1=0 D2=0 D3=0 D4=0 D5=0 D6=0 D7=0 A0=108F3C A1=109480 A2=1094C2 A3=108F6A A4=10947C A5=108000 A6=108E3C PC=4078 -- 004078: move.l  ($103c,A5), D0
D0=1C0060 D1=0 D2=0 D3=0 D4=0 D5=0 D6=0 D7=0 A0=108F3C A1=109480 A2=1094C2 A3=108F6A A4=10947C A5=108000 A6=108E3C PC=407C -- 00407C: move.l  ($1040,A5), ($103c,A5)
D0=1C0060 D1=0 D2=0 D3=0 D4=0 D5=0 D6=0 D7=0 A0=108F3C A1=109480 A2=1094C2 A3=108F6A A4=10947C A5=108000 A6=108E3C PC=4082 -- 004082: move.l  D0, ($1040,A5)
D0=1C0060 D1=0 D2=0 D3=0 D4=0 D5=0 D6=0 D7=0 A0=108F3C A1=109480 A2=1094C2 A3=108F6A A4=10947C A5=108000 A6=108E3C PC=4086 -- 004086: rts
D0=1C0060 D1=0 D2=0 D3=0 D4=0 D5=0 D6=0 D7=0 A0=108F3C A1=109480 A2=1094C2 A3=108F6A A4=10947C A5=108000 A6=108E3C PC=32AF4 -- 032AF4: move.b  #$1, $3a0001.l
D0=1C0060 D1=0 D2=0 D3=0 D4=0 D5=0 D6=0 D7=0 A0=108F3C A1=109480 A2=1094C2 A3=108F6A A4=10947C A5=108000 A6=108E3C PC=32AFC -- 032AFC: jsr     $673e.l
D0=1C0060 D1=0 D2=0 D3=0 D4=0 D5=0 D6=0 D7=0 A0=108F3C A1=109480 A2=1094C2 A3=108F6A A4=10947C A5=108000 A6=108E3C PC=673E -- 00673E: btst    #$4, (-$7fff,A5)
D0=1C0060 D1=0 D2=0 D3=0 D4=0 D5=0 D6=0 D7=0 A0=108F3C A1=109480 A2=1094C2 A3=108F6A A4=10947C A5=108000 A6=108E3C PC=6744 -- 006744: bne     $6752
D0=1C0060 D1=0 D2=0 D3=0 D4=0 D5=0 D6=0 D7=0 A0=108F3C A1=109480 A2=1094C2 A3=108F6A A4=10947C A5=108000 A6=108E3C PC=6748 -- 006748: tst.b   ($4704,A5)
D0=1C0060 D1=0 D2=0 D3=0 D4=0 D5=0 D6=0 D7=0 A0=108F3C A1=109480 A2=1094C2 A3=108F6A A4=10947C A5=108000 A6=108E3C PC=674C -- 00674C: bmi     $68fc
D0=1C0060 D1=0 D2=0 D3=0 D4=0 D5=0 D6=0 D7=0 A0=108F3C A1=109480 A2=1094C2 A3=108F6A A4=10947C A5=108000 A6=108E3C PC=6750 -- 006750: rts
D0=1C0060 D1=0 D2=0 D3=0 D4=0 D5=0 D6=0 D7=0 A0=108F3C A1=109480 A2=1094C2 A3=108F6A A4=10947C A5=108000 A6=108E3C PC=32B02 -- 032B02: jsr     $6972.l
D0=1C0060 D1=0 D2=0 D3=0 D4=0 D5=0 D6=0 D7=0 A0=108F3C A1=109480 A2=1094C2 A3=108F6A A4=10947C A5=108000 A6=108E3C PC=6972 -- 006972: btst    #$5, (-$7fff,A5)
D0=1C0060 D1=0 D2=0 D3=0 D4=0 D5=0 D6=0 D7=0 A0=108F3C A1=109480 A2=1094C2 A3=108F6A A4=10947C A5=108000 A6=108E3C PC=6978 -- 006978: bne     $6986
D0=1C0060 D1=0 D2=0 D3=0 D4=0 D5=0 D6=0 D7=0 A0=108F3C A1=109480 A2=1094C2 A3=108F6A A4=10947C A5=108000 A6=108E3C PC=697C -- 00697C: tst.b   ($470e,A5)
D0=1C0060 D1=0 D2=0 D3=0 D4=0 D5=0 D6=0 D7=0 A0=108F3C A1=109480 A2=1094C2 A3=108F6A A4=10947C A5=108000 A6=108E3C PC=6980 -- 006980: bmi     $7506
D0=1C0060 D1=0 D2=0 D3=0 D4=0 D5=0 D6=0 D7=0 A0=108F3C A1=109480 A2=1094C2 A3=108F6A A4=10947C A5=108000 A6=108E3C PC=6984 -- 006984: rts
D0=1C0060 D1=0 D2=0 D3=0 D4=0 D5=0 D6=0 D7=0 A0=108F3C A1=109480 A2=1094C2 A3=108F6A A4=10947C A5=108000 A6=108E3C PC=32B08 -- 032B08: tst.w   (-$7f76,A5)
D0=1C0060 D1=0 D2=0 D3=0 D4=0 D5=0 D6=0 D7=0 A0=108F3C A1=109480 A2=1094C2 A3=108F6A A4=10947C A5=108000 A6=108E3C PC=32B0C -- 032B0C: beq     $32b24
D0=1C0060 D1=0 D2=0 D3=0 D4=0 D5=0 D6=0 D7=0 A0=108F3C A1=109480 A2=1094C2 A3=108F6A A4=10947C A5=108000 A6=108E3C PC=32B24 -- 032B24: bra     $329cc
D0=1C0060 D1=0 D2=0 D3=0 D4=0 D5=0 D6=0 D7=0 A0=108F3C A1=109480 A2=1094C2 A3=108F6A A4=10947C A5=108000 A6=108E3C PC=329CC -- 0329CC: move.b  #$0, ($784,A5)
D0=1C0060 D1=0 D2=0 D3=0 D4=0 D5=0 D6=0 D7=0 A0=108F3C A1=109480 A2=1094C2 A3=108F6A A4=10947C A5=108000 A6=108E3C PC=329D2 -- 0329D2: jsr     ($4d2,PC) ; ($32ea6)
D0=1C0060 D1=0 D2=0 D3=0 D4=0 D5=0 D6=0 D7=0 A0=108F3C A1=109480 A2=1094C2 A3=108F6A A4=10947C A5=108000 A6=108E3C PC=32EA6 -- 032EA6: btst    #$7, (-$8000,A5)
D0=1C0060 D1=0 D2=0 D3=0 D4=0 D5=0 D6=0 D7=0 A0=108F3C A1=109480 A2=1094C2 A3=108F6A A4=10947C A5=108000 A6=108E3C PC=32EAC -- 032EAC: bne     $32ed0
D0=1C0060 D1=0 D2=0 D3=0 D4=0 D5=0 D6=0 D7=0 A0=108F3C A1=109480 A2=1094C2 A3=108F6A A4=10947C A5=108000 A6=108E3C PC=32EB0 -- 032EB0: tst.b   $10fd82.l
D0=1C0060 D1=0 D2=0 D3=0 D4=0 D5=0 D6=0 D7=0 A0=108F3C A1=109480 A2=1094C2 A3=108F6A A4=10947C A5=108000 A6=108E3C PC=32EB6 -- 032EB6: bne     $32f16
D0=1C0060 D1=0 D2=0 D3=0 D4=0 D5=0 D6=0 D7=0 A0=108F3C A1=109480 A2=1094C2 A3=108F6A A4=10947C A5=108000 A6=108E3C PC=32F16 -- 032F16: rts
D0=1C0060 D1=0 D2=0 D3=0 D4=0 D5=0 D6=0 D7=0 A0=108F3C A1=109480 A2=1094C2 A3=108F6A A4=10947C A5=108000 A6=108E3C PC=329D6 -- 0329D6: nop
D0=1C0060 D1=0 D2=0 D3=0 D4=0 D5=0 D6=0 D7=0 A0=108F3C A1=109480 A2=1094C2 A3=108F6A A4=10947C A5=108000 A6=108E3C PC=329D8 -- 0329D8: tst.b   ($784,A5)
D0=1C0060 D1=0 D2=0 D3=0 D4=0 D5=0 D6=0 D7=0 A0=108F3C A1=109480 A2=1094C2 A3=108F6A A4=10947C A5=108000 A6=108E3C PC=329DC -- 0329DC: beq     $329d2
D0=1C0060 D1=0 D2=0 D3=0 D4=0 D5=0 D6=0 D7=0 A0=108F3C A1=109480 A2=1094C2 A3=108F6A A4=10947C A5=108000 A6=108E3C PC=329D2 -- 0329D2: jsr     ($4d2,PC) ; ($32ea6)
D0=1C0060 D1=0 D2=0 D3=0 D4=0 D5=0 D6=0 D7=0 A0=108F3C A1=109480 A2=1094C2 A3=108F6A A4=10947C A5=108000 A6=108E3C PC=32EA6 -- 032EA6: btst    #$7, (-$8000,A5)
D0=1C0060 D1=0 D2=0 D3=0 D4=0 D5=0 D6=0 D7=0 A0=108F3C A1=109480 A2=1094C2 A3=108F6A A4=10947C A5=108000 A6=108E3C PC=32EAC -- 032EAC: bne     $32ed0
D0=1C0060 D1=0 D2=0 D3=0 D4=0 D5=0 D6=0 D7=0 A0=108F3C A1=109480 A2=1094C2 A3=108F6A A4=10947C A5=108000 A6=108E3C PC=32EB0 -- 032EB0: tst.b   $10fd82.l
D0=1C0060 D1=0 D2=0 D3=0 D4=0 D5=0 D6=0 D7=0 A0=108F3C A1=109480 A2=1094C2 A3=108F6A A4=10947C A5=108000 A6=108E3C PC=32EB6 -- 032EB6: bne     $32f16
D0=1C0060 D1=0 D2=0 D3=0 D4=0 D5=0 D6=0 D7=0 A0=108F3C A1=109480 A2=1094C2 A3=108F6A A4=10947C A5=108000 A6=108E3C PC=32F16 -- 032F16: rts
D0=1C0060 D1=0 D2=0 D3=0 D4=0 D5=0 D6=0 D7=0 A0=108F3C A1=109480 A2=1094C2 A3=108F6A A4=10947C A5=108000 A6=108E3C PC=329D6 -- 0329D6: nop
D0=1C0060 D1=0 D2=0 D3=0 D4=0 D5=0 D6=0 D7=0 A0=108F3C A1=109480 A2=1094C2 A3=108F6A A4=10947C A5=108000 A6=108E3C PC=329D8 -- 0329D8: tst.b   ($784,A5)
D0=1C0060 D1=0 D2=0 D3=0 D4=0 D5=0 D6=0 D7=0 A0=108F3C A1=109480 A2=1094C2 A3=108F6A A4=10947C A5=108000 A6=108E3C PC=329DC -- 0329DC: beq     $329d2

   (loops for 13667 instructions)

D0=1C0060 D1=0 D2=0 D3=0 D4=0 D5=0 D6=0 D7=0 A0=108F3C A1=109480 A2=1094C2 A3=108F6A A4=10947C A5=108000 A6=108E3C PC=32B7C -- 032B7C: tst.b   $10fd80.l
D0=1C0060 D1=0 D2=0 D3=0 D4=0 D5=0 D6=0 D7=0 A0=108F3C A1=109480 A2=1094C2 A3=108F6A A4=10947C A5=108000 A6=108E3C PC=32B82 -- 032B82: bmi     $32b8a
D0=1C0060 D1=0 D2=0 D3=0 D4=0 D5=0 D6=0 D7=0 A0=108F3C A1=109480 A2=1094C2 A3=108F6A A4=10947C A5=108000 A6=108E3C PC=32B8A -- 032B8A: ori     #$700, SR
D0=1C0060 D1=0 D2=0 D3=0 D4=0 D5=0 D6=0 D7=0 A0=108F3C A1=109480 A2=1094C2 A3=108F6A A4=10947C A5=108000 A6=108E3C PC=32B8E -- 032B8E: movem.l D0-D7/A0-A6, -(A7)
D0=1C0060 D1=0 D2=0 D3=0 D4=0 D5=0 D6=0 D7=0 A0=108F3C A1=109480 A2=1094C2 A3=108F6A A4=10947C A5=108000 A6=108E3C PC=32B92 -- 032B92: move.l  ($4178,A5), D0
D0=10BA74 D1=0 D2=0 D3=0 D4=0 D5=0 D6=0 D7=0 A0=108F3C A1=109480 A2=1094C2 A3=108F6A A4=10947C A5=108000 A6=108E3C PC=32B96 -- 032B96: move.l  ($4174,A5), ($4178,A5)
D0=10BA74 D1=0 D2=0 D3=0 D4=0 D5=0 D6=0 D7=0 A0=108F3C A1=109480 A2=1094C2 A3=108F6A A4=10947C A5=108000 A6=108E3C PC=32B9C -- 032B9C: move.l  D0, ($4174,A5)
D0=10BA74 D1=0 D2=0 D3=0 D4=0 D5=0 D6=0 D7=0 A0=108F3C A1=109480 A2=1094C2 A3=108F6A A4=10947C A5=108000 A6=108E3C PC=32BA0 -- 032BA0: move.l  D0, ($417c,A5)
D0=10BA74 D1=0 D2=0 D3=0 D4=0 D5=0 D6=0 D7=0 A0=108F3C A1=109480 A2=1094C2 A3=108F6A A4=10947C A5=108000 A6=108E3C PC=32BA4 -- 032BA4: lea     $108000.l, A5
D0=10BA74 D1=0 D2=0 D3=0 D4=0 D5=0 D6=0 D7=0 A0=108F3C A1=109480 A2=1094C2 A3=108F6A A4=10947C A5=108000 A6=108E3C PC=32BAA -- 032BAA: move.b  D0, $300001.l
D0=10BA74 D1=0 D2=0 D3=0 D4=0 D5=0 D6=0 D7=0 A0=108F3C A1=109480 A2=1094C2 A3=108F6A A4=10947C A5=108000 A6=108E3C PC=32BB0 -- 032BB0: move.w  #$4, $3c000c.l
D0=10BA74 D1=0 D2=0 D3=0 D4=0 D5=0 D6=0 D7=0 A0=108F3C A1=109480 A2=1094C2 A3=108F6A A4=10947C A5=108000 A6=108E3C PC=32BB8 -- 032BB8: btst    #$1, ($38b8,A5)
D0=10BA74 D1=0 D2=0 D3=0 D4=0 D5=0 D6=0 D7=0 A0=108F3C A1=109480 A2=1094C2 A3=108F6A A4=10947C A5=108000 A6=108E3C PC=32BBE -- 032BBE: bne     $32bca
D0=10BA74 D1=0 D2=0 D3=0 D4=0 D5=0 D6=0 D7=0 A0=108F3C A1=109480 A2=1094C2 A3=108F6A A4=10947C A5=108000 A6=108E3C PC=32BC2 -- 032BC2: move.w  ($38ba,A5), $401ffe.l
D0=10BA74 D1=0 D2=0 D3=0 D4=0 D5=0 D6=0 D7=0 A0=108F3C A1=109480 A2=1094C2 A3=108F6A A4=10947C A5=108000 A6=108E3C PC=32BCA -- 032BCA: tst.b   ($784,A5)
D0=10BA74 D1=0 D2=0 D3=0 D4=0 D5=0 D6=0 D7=0 A0=108F3C A1=109480 A2=1094C2 A3=108F6A A4=10947C A5=108000 A6=108E3C PC=32BCE -- 032BCE: bne     $32bea
D0=10BA74 D1=0 D2=0 D3=0 D4=0 D5=0 D6=0 D7=0 A0=108F3C A1=109480 A2=1094C2 A3=108F6A A4=10947C A5=108000 A6=108E3C PC=32BD0 -- 032BD0: addq.l  #1, (-$7f7c,A5)
D0=10BA74 D1=0 D2=0 D3=0 D4=0 D5=0 D6=0 D7=0 A0=108F3C A1=109480 A2=1094C2 A3=108F6A A4=10947C A5=108000 A6=108E3C PC=32BD4 -- 032BD4: bsr     $33614
D0=10BA74 D1=0 D2=0 D3=0 D4=0 D5=0 D6=0 D7=0 A0=108F3C A1=109480 A2=1094C2 A3=108F6A A4=10947C A5=108000 A6=108E3C PC=33614 -- 033614: tst.b   ($38b8,A5)
D0=10BA74 D1=0 D2=0 D3=0 D4=0 D5=0 D6=0 D7=0 A0=108F3C A1=109480 A2=1094C2 A3=108F6A A4=10947C A5=108000 A6=108E3C PC=33618 -- 033618: bpl     $33632
D0=10BA74 D1=0 D2=0 D3=0 D4=0 D5=0 D6=0 D7=0 A0=108F3C A1=109480 A2=1094C2 A3=108F6A A4=10947C A5=108000 A6=108E3C PC=33632 -- 033632: andi.b  #$7f, ($38b8,A5)
D0=10BA74 D1=0 D2=0 D3=0 D4=0 D5=0 D6=0 D7=0 A0=108F3C A1=109480 A2=1094C2 A3=108F6A A4=10947C A5=108000 A6=108E3C PC=33638 -- 033638: lea     ($18a6,A5), A0
D0=10BA74 D1=0 D2=0 D3=0 D4=0 D5=0 D6=0 D7=0 A0=1098A6 A1=109480 A2=1094C2 A3=108F6A A4=10947C A5=108000 A6=108E3C PC=3363C -- 03363C: move.w  (A0), D0
D0=10FFFF D1=0 D2=0 D3=0 D4=0 D5=0 D6=0 D7=0 A0=1098A6 A1=109480 A2=1094C2 A3=108F6A A4=10947C A5=108000 A6=108E3C PC=3363E -- 03363E: bmi     $3365e
D0=10FFFF D1=0 D2=0 D3=0 D4=0 D5=0 D6=0 D7=0 A0=1098A6 A1=109480 A2=1094C2 A3=108F6A A4=10947C A5=108000 A6=108E3C PC=3365E -- 03365E: move.l  #$1098a6, ($38a8,A5)
D0=10FFFF D1=0 D2=0 D3=0 D4=0 D5=0 D6=0 D7=0 A0=1098A6 A1=109480 A2=1094C2 A3=108F6A A4=10947C A5=108000 A6=108E3C PC=33666 -- 033666: move.w  #$ffff, ($18a6,A5)
D0=10FFFF D1=0 D2=0 D3=0 D4=0 D5=0 D6=0 D7=0 A0=1098A6 A1=109480 A2=1094C2 A3=108F6A A4=10947C A5=108000 A6=108E3C PC=3366C -- 03366C: rts
D0=10FFFF D1=0 D2=0 D3=0 D4=0 D5=0 D6=0 D7=0 A0=1098A6 A1=109480 A2=1094C2 A3=108F6A A4=10947C A5=108000 A6=108E3C PC=32BD8 -- 032BD8: bsr     $3366e
D0=10FFFF D1=0 D2=0 D3=0 D4=0 D5=0 D6=0 D7=0 A0=1098A6 A1=109480 A2=1094C2 A3=108F6A A4=10947C A5=108000 A6=108E3C PC=3366E -- 03366E: move.w  #$1, $3c0004.l
D0=10FFFF D1=0 D2=0 D3=0 D4=0 D5=0 D6=0 D7=0 A0=1098A6 A1=109480 A2=1094C2 A3=108F6A A4=10947C A5=108000 A6=108E3C PC=33676 -- 033676: lea     ($e3c,A5), A0
D0=10FFFF D1=0 D2=0 D3=0 D4=0 D5=0 D6=0 D7=0 A0=108E3C A1=109480 A2=1094C2 A3=108F6A A4=10947C A5=108000 A6=108E3C PC=3367A -- 03367A: move.w  ($1044,A5), D0
D0=100001 D1=0 D2=0 D3=0 D4=0 D5=0 D6=0 D7=0 A0=108E3C A1=109480 A2=1094C2 A3=108F6A A4=10947C A5=108000 A6=108E3C PC=3367E -- 03367E: add.w   ($1040,A5), D0
D0=10001D D1=0 D2=0 D3=0 D4=0 D5=0 D6=0 D7=0 A0=108E3C A1=109480 A2=1094C2 A3=108F6A A4=10947C A5=108000 A6=108E3C PC=33682 -- 033682: addi.w  #-$7e00, D0
D0=10821D D1=0 D2=0 D3=0 D4=0 D5=0 D6=0 D7=0 A0=108E3C A1=109480 A2=1094C2 A3=108F6A A4=10947C A5=108000 A6=108E3C PC=33686 -- 033686: lea     $3c0000.l, A1
D0=10821D D1=0 D2=0 D3=0 D4=0 D5=0 D6=0 D7=0 A0=108E3C A1=3C0000 A2=1094C2 A3=108F6A A4=10947C A5=108000 A6=108E3C PC=3368C -- 03368C: move.w  D0, (A1)+
D0=10821D D1=0 D2=0 D3=0 D4=0 D5=0 D6=0 D7=0 A0=108E3C A1=3C0002 A2=1094C2 A3=108F6A A4=10947C A5=108000 A6=108E3C PC=3368E -- 03368E: move.w  ($1048,A5), D0
D0=10001B D1=0 D2=0 D3=0 D4=0 D5=0 D6=0 D7=0 A0=108E3C A1=3C0002 A2=1094C2 A3=108F6A A4=10947C A5=108000 A6=108E3C PC=33692 -- 033692: addq.w  #1, D0
D0=10001C D1=0 D2=0 D3=0 D4=0 D5=0 D6=0 D7=0 A0=108E3C A1=3C0002 A2=1094C2 A3=108F6A A4=10947C A5=108000 A6=108E3C PC=33694 -- 033694: move.w  #$80, D1
D0=10001C D1=80 D2=0 D3=0 D4=0 D5=0 D6=0 D7=0 A0=108E3C A1=3C0002 A2=1094C2 A3=108F6A A4=10947C A5=108000 A6=108E3C PC=33698 -- 033698: sub.w   D0, D1
D0=10001C D1=64 D2=0 D3=0 D4=0 D5=0 D6=0 D7=0 A0=108E3C A1=3C0002 A2=1094C2 A3=108F6A A4=10947C A5=108000 A6=108E3C PC=3369A -- 03369A: add.w   D1, D1
D0=10001C D1=C8 D2=0 D3=0 D4=0 D5=0 D6=0 D7=0 A0=108E3C A1=3C0002 A2=1094C2 A3=108F6A A4=10947C A5=108000 A6=108E3C PC=3369C -- 03369C: jsr     $2bd838.l
D0=10001C D1=C8 D2=0 D3=0 D4=0 D5=0 D6=0 D7=0 A0=108E3C A1=3C0002 A2=1094C2 A3=108F6A A4=10947C A5=108000 A6=108E3C PC=2BD838 -- 2BD838: lea     $336a6.l, A2
D0=10001C D1=C8 D2=0 D3=0 D4=0 D5=0 D6=0 D7=0 A0=108E3C A1=3C0002 A2=336A6 A3=108F6A A4=10947C A5=108000 A6=108E3C PC=2BD83E -- 2BD83E: adda.w  D1, A2
D0=10001C D1=C8 D2=0 D3=0 D4=0 D5=0 D6=0 D7=0 A0=108E3C A1=3C0002 A2=3376E A3=108F6A A4=10947C A5=108000 A6=108E3C PC=2BD840 -- 2BD840: move.b  $10f8e4.l, D5
D0=10001C D1=C8 D2=0 D3=0 D4=0 D5=0 D6=0 D7=0 A0=108E3C A1=3C0002 A2=3376E A3=108F6A A4=10947C A5=108000 A6=108E3C PC=2BD846 -- 2BD846: cmpi.b  #$1, D5
D0=10001C D1=C8 D2=0 D3=0 D4=0 D5=0 D6=0 D7=0 A0=108E3C A1=3C0002 A2=3376E A3=108F6A A4=10947C A5=108000 A6=108E3C PC=2BD84A -- 2BD84A: bne     $2bd854
D0=10001C D1=C8 D2=0 D3=0 D4=0 D5=0 D6=0 D7=0 A0=108E3C A1=3C0002 A2=3376E A3=108F6A A4=10947C A5=108000 A6=108E3C PC=2BD854 -- 2BD854: rts
D0=10001C D1=C8 D2=0 D3=0 D4=0 D5=0 D6=0 D7=0 A0=108E3C A1=3C0002 A2=3376E A3=108F6A A4=10947C A5=108000 A6=108E3C PC=336A2 -- 0336A2: nop
D0=10001C D1=C8 D2=0 D3=0 D4=0 D5=0 D6=0 D7=0 A0=108E3C A1=3C0002 A2=3376E A3=108F6A A4=10947C A5=108000 A6=108E3C PC=336A4 -- 0336A4: jmp     (A2)
D0=10001C D1=C8 D2=0 D3=0 D4=0 D5=0 D6=0 D7=0 A0=108E3C A1=3C0002 A2=3376E A3=108F6A A4=10947C A5=108000 A6=108E3C PC=3376E -- 03376E: move.w  (A0)+, (A1)
D0=10001C D1=C8 D2=0 D3=0 D4=0 D5=0 D6=0 D7=0 A0=108E3E A1=3C0002 A2=3376E A3=108F6A A4=10947C A5=108000 A6=108E3C PC=33770 -- 033770: move.w  (A0)+, (A1)
D0=10001C D1=C8 D2=0 D3=0 D4=0 D5=0 D6=0 D7=0 A0=108E40 A1=3C0002 A2=3376E A3=108F6A A4=10947C A5=108000 A6=108E3C PC=33772 -- 033772: move.w  (A0)+, (A1)
D0=10001C D1=C8 D2=0 D3=0 D4=0 D5=0 D6=0 D7=0 A0=108E42 A1=3C0002 A2=3376E A3=108F6A A4=10947C A5=108000 A6=108E3C PC=33774 -- 033774: move.w  (A0)+, (A1)
D0=10001C D1=C8 D2=0 D3=0 D4=0 D5=0 D6=0 D7=0 A0=108E44 A1=3C0002 A2=3376E A3=108F6A A4=10947C A5=108000 A6=108E3C PC=33776 -- 033776: move.w  (A0)+, (A1)
D0=10001C D1=C8 D2=0 D3=0 D4=0 D5=0 D6=0 D7=0 A0=108E46 A1=3C0002 A2=3376E A3=108F6A A4=10947C A5=108000 A6=108E3C PC=33778 -- 033778: move.w  (A0)+, (A1)
D0=10001C D1=C8 D2=0 D3=0 D4=0 D5=0 D6=0 D7=0 A0=108E48 A1=3C0002 A2=3376E A3=108F6A A4=10947C A5=108000 A6=108E3C PC=3377A -- 03377A: move.w  (A0)+, (A1)
D0=10001C D1=C8 D2=0 D3=0 D4=0 D5=0 D6=0 D7=0 A0=108E4A A1=3C0002 A2=3376E A3=108F6A A4=10947C A5=108000 A6=108E3C PC=3377C -- 03377C: move.w  (A0)+, (A1)
D0=10001C D1=C8 D2=0 D3=0 D4=0 D5=0 D6=0 D7=0 A0=108E4C A1=3C0002 A2=3376E A3=108F6A A4=10947C A5=108000 A6=108E3C PC=3377E -- 03377E: move.w  (A0)+, (A1)
D0=10001C D1=C8 D2=0 D3=0 D4=0 D5=0 D6=0 D7=0 A0=108E4E A1=3C0002 A2=3376E A3=108F6A A4=10947C A5=108000 A6=108E3C PC=33780 -- 033780: move.w  (A0)+, (A1)
D0=10001C D1=C8 D2=0 D3=0 D4=0 D5=0 D6=0 D7=0 A0=108E50 A1=3C0002 A2=3376E A3=108F6A A4=10947C A5=108000 A6=108E3C PC=33782 -- 033782: move.w  (A0)+, (A1)
D0=10001C D1=C8 D2=0 D3=0 D4=0 D5=0 D6=0 D7=0 A0=108E52 A1=3C0002 A2=3376E A3=108F6A A4=10947C A5=108000 A6=108E3C PC=33784 -- 033784: move.w  (A0)+, (A1)
D0=10001C D1=C8 D2=0 D3=0 D4=0 D5=0 D6=0 D7=0 A0=108E54 A1=3C0002 A2=3376E A3=108F6A A4=10947C A5=108000 A6=108E3C PC=33786 -- 033786: move.w  (A0)+, (A1)
D0=10001C D1=C8 D2=0 D3=0 D4=0 D5=0 D6=0 D7=0 A0=108E56 A1=3C0002 A2=3376E A3=108F6A A4=10947C A5=108000 A6=108E3C PC=33788 -- 033788: move.w  (A0)+, (A1)
D0=10001C D1=C8 D2=0 D3=0 D4=0 D5=0 D6=0 D7=0 A0=108E58 A1=3C0002 A2=3376E A3=108F6A A4=10947C A5=108000 A6=108E3C PC=3378A -- 03378A: move.w  (A0)+, (A1)
D0=10001C D1=C8 D2=0 D3=0 D4=0 D5=0 D6=0 D7=0 A0=108E5A A1=3C0002 A2=3376E A3=108F6A A4=10947C A5=108000 A6=108E3C PC=3378C -- 03378C: move.w  (A0)+, (A1)
D0=10001C D1=C8 D2=0 D3=0 D4=0 D5=0 D6=0 D7=0 A0=108E5C A1=3C0002 A2=3376E A3=108F6A A4=10947C A5=108000 A6=108E3C PC=3378E -- 03378E: move.w  (A0)+, (A1)
D0=10001C D1=C8 D2=0 D3=0 D4=0 D5=0 D6=0 D7=0 A0=108E5E A1=3C0002 A2=3376E A3=108F6A A4=10947C A5=108000 A6=108E3C PC=33790 -- 033790: move.w  (A0)+, (A1)
D0=10001C D1=C8 D2=0 D3=0 D4=0 D5=0 D6=0 D7=0 A0=108E60 A1=3C0002 A2=3376E A3=108F6A A4=10947C A5=108000 A6=108E3C PC=33792 -- 033792: move.w  (A0)+, (A1)
D0=10001C D1=C8 D2=0 D3=0 D4=0 D5=0 D6=0 D7=0 A0=108E62 A1=3C0002 A2=3376E A3=108F6A A4=10947C A5=108000 A6=108E3C PC=33794 -- 033794: move.w  (A0)+, (A1)
D0=10001C D1=C8 D2=0 D3=0 D4=0 D5=0 D6=0 D7=0 A0=108E64 A1=3C0002 A2=3376E A3=108F6A A4=10947C A5=108000 A6=108E3C PC=33796 -- 033796: move.w  (A0)+, (A1)
D0=10001C D1=C8 D2=0 D3=0 D4=0 D5=0 D6=0 D7=0 A0=108E66 A1=3C0002 A2=3376E A3=108F6A A4=10947C A5=108000 A6=108E3C PC=33798 -- 033798: move.w  (A0)+, (A1)
D0=10001C D1=C8 D2=0 D3=0 D4=0 D5=0 D6=0 D7=0 A0=108E68 A1=3C0002 A2=3376E A3=108F6A A4=10947C A5=108000 A6=108E3C PC=3379A -- 03379A: move.w  (A0)+, (A1)
D0=10001C D1=C8 D2=0 D3=0 D4=0 D5=0 D6=0 D7=0 A0=108E6A A1=3C0002 A2=3376E A3=108F6A A4=10947C A5=108000 A6=108E3C PC=3379C -- 03379C: move.w  (A0)+, (A1)
D0=10001C D1=C8 D2=0 D3=0 D4=0 D5=0 D6=0 D7=0 A0=108E6C A1=3C0002 A2=3376E A3=108F6A A4=10947C A5=108000 A6=108E3C PC=3379E -- 03379E: move.w  (A0)+, (A1)
D0=10001C D1=C8 D2=0 D3=0 D4=0 D5=0 D6=0 D7=0 A0=108E6E A1=3C0002 A2=3376E A3=108F6A A4=10947C A5=108000 A6=108E3C PC=337A0 -- 0337A0: move.w  (A0)+, (A1)
D0=10001C D1=C8 D2=0 D3=0 D4=0 D5=0 D6=0 D7=0 A0=108E70 A1=3C0002 A2=3376E A3=108F6A A4=10947C A5=108000 A6=108E3C PC=337A2 -- 0337A2: move.w  (A0)+, (A1)
D0=10001C D1=C8 D2=0 D3=0 D4=0 D5=0 D6=0 D7=0 A0=108E72 A1=3C0002 A2=3376E A3=108F6A A4=10947C A5=108000 A6=108E3C PC=337A4 -- 0337A4: move.w  (A0)+, (A1)
D0=10001C D1=C8 D2=0 D3=0 D4=0 D5=0 D6=0 D7=0 A0=108E74 A1=3C0002 A2=3376E A3=108F6A A4=10947C A5=108000 A6=108E3C PC=337A6 -- 0337A6: lea     ($f3c,A5), A0
D0=10001C D1=C8 D2=0 D3=0 D4=0 D5=0 D6=0 D7=0 A0=108F3C A1=3C0002 A2=3376E A3=108F6A A4=10947C A5=108000 A6=108E3C PC=337AA -- 0337AA: move.w  ($1046,A5), D0
D0=1000B9 D1=C8 D2=0 D3=0 D4=0 D5=0 D6=0 D7=0 A0=108F3C A1=3C0002 A2=3376E A3=108F6A A4=10947C A5=108000 A6=108E3C PC=337AE -- 0337AE: add.w   ($1042,A5), D0
D0=100119 D1=C8 D2=0 D3=0 D4=0 D5=0 D6=0 D7=0 A0=108F3C A1=3C0002 A2=3376E A3=108F6A A4=10947C A5=108000 A6=108E3C PC=337B2 -- 0337B2: addi.w  #-$7e00, D0
D0=108319 D1=C8 D2=0 D3=0 D4=0 D5=0 D6=0 D7=0 A0=108F3C A1=3C0002 A2=3376E A3=108F6A A4=10947C A5=108000 A6=108E3C PC=337B6 -- 0337B6: lea     $3c0000.l, A1
D0=108319 D1=C8 D2=0 D3=0 D4=0 D5=0 D6=0 D7=0 A0=108F3C A1=3C0000 A2=3376E A3=108F6A A4=10947C A5=108000 A6=108E3C PC=337BC -- 0337BC: move.w  D0, (A1)+
D0=108319 D1=C8 D2=0 D3=0 D4=0 D5=0 D6=0 D7=0 A0=108F3C A1=3C0002 A2=3376E A3=108F6A A4=10947C A5=108000 A6=108E3C PC=337BE -- 0337BE: move.w  ($104a,A5), D0
D0=10005F D1=C8 D2=0 D3=0 D4=0 D5=0 D6=0 D7=0 A0=108F3C A1=3C0002 A2=3376E A3=108F6A A4=10947C A5=108000 A6=108E3C PC=337C2 -- 0337C2: addq.w  #1, D0
D0=100060 D1=C8 D2=0 D3=0 D4=0 D5=0 D6=0 D7=0 A0=108F3C A1=3C0002 A2=3376E A3=108F6A A4=10947C A5=108000 A6=108E3C PC=337C4 -- 0337C4: move.w  #$80, D1
D0=100060 D1=80 D2=0 D3=0 D4=0 D5=0 D6=0 D7=0 A0=108F3C A1=3C0002 A2=3376E A3=108F6A A4=10947C A5=108000 A6=108E3C PC=337C8 -- 0337C8: sub.w   D0, D1
D0=100060 D1=20 D2=0 D3=0 D4=0 D5=0 D6=0 D7=0 A0=108F3C A1=3C0002 A2=3376E A3=108F6A A4=10947C A5=108000 A6=108E3C PC=337CA -- 0337CA: add.w   D1, D1
D0=100060 D1=40 D2=0 D3=0 D4=0 D5=0 D6=0 D7=0 A0=108F3C A1=3C0002 A2=3376E A3=108F6A A4=10947C A5=108000 A6=108E3C PC=337CC -- 0337CC: jsr     $2bd81a.l
D0=100060 D1=40 D2=0 D3=0 D4=0 D5=0 D6=0 D7=0 A0=108F3C A1=3C0002 A2=3376E A3=108F6A A4=10947C A5=108000 A6=108E3C PC=2BD81A -- 2BD81A: lea     $337d6.l, A2
D0=100060 D1=40 D2=0 D3=0 D4=0 D5=0 D6=0 D7=0 A0=108F3C A1=3C0002 A2=337D6 A3=108F6A A4=10947C A5=108000 A6=108E3C PC=2BD820 -- 2BD820: adda.w  D1, A2
D0=100060 D1=40 D2=0 D3=0 D4=0 D5=0 D6=0 D7=0 A0=108F3C A1=3C0002 A2=33816 A3=108F6A A4=10947C A5=108000 A6=108E3C PC=2BD822 -- 2BD822: move.b  $10f8e4.l, D5
D0=100060 D1=40 D2=0 D3=0 D4=0 D5=0 D6=0 D7=0 A0=108F3C A1=3C0002 A2=33816 A3=108F6A A4=10947C A5=108000 A6=108E3C PC=2BD828 -- 2BD828: cmpi.b  #$1, D5
D0=100060 D1=40 D2=0 D3=0 D4=0 D5=0 D6=0 D7=0 A0=108F3C A1=3C0002 A2=33816 A3=108F6A A4=10947C A5=108000 A6=108E3C PC=2BD82C -- 2BD82C: bne     $2bd836
D0=100060 D1=40 D2=0 D3=0 D4=0 D5=0 D6=0 D7=0 A0=108F3C A1=3C0002 A2=33816 A3=108F6A A4=10947C A5=108000 A6=108E3C PC=2BD836 -- 2BD836: rts
D0=100060 D1=40 D2=0 D3=0 D4=0 D5=0 D6=0 D7=0 A0=108F3C A1=3C0002 A2=33816 A3=108F6A A4=10947C A5=108000 A6=108E3C PC=337D2 -- 0337D2: nop
D0=100060 D1=40 D2=0 D3=0 D4=0 D5=0 D6=0 D7=0 A0=108F3C A1=3C0002 A2=33816 A3=108F6A A4=10947C A5=108000 A6=108E3C PC=337D4 -- 0337D4: jmp     (A2)
D0=100060 D1=40 D2=0 D3=0 D4=0 D5=0 D6=0 D7=0 A0=108F3C A1=3C0002 A2=33816 A3=108F6A A4=10947C A5=108000 A6=108E3C PC=33816 -- 033816: move.w  (A0)+, (A1)
D0=100060 D1=40 D2=0 D3=0 D4=0 D5=0 D6=0 D7=0 A0=108F3E A1=3C0002 A2=33816 A3=108F6A A4=10947C A5=108000 A6=108E3C PC=33818 -- 033818: move.w  (A0)+, (A1)
D0=100060 D1=40 D2=0 D3=0 D4=0 D5=0 D6=0 D7=0 A0=108F40 A1=3C0002 A2=33816 A3=108F6A A4=10947C A5=108000 A6=108E3C PC=3381A -- 03381A: move.w  (A0)+, (A1)
D0=100060 D1=40 D2=0 D3=0 D4=0 D5=0 D6=0 D7=0 A0=108F42 A1=3C0002 A2=33816 A3=108F6A A4=10947C A5=108000 A6=108E3C PC=3381C -- 03381C: move.w  (A0)+, (A1)
D0=100060 D1=40 D2=0 D3=0 D4=0 D5=0 D6=0 D7=0 A0=108F44 A1=3C0002 A2=33816 A3=108F6A A4=10947C A5=108000 A6=108E3C PC=3381E -- 03381E: move.w  (A0)+, (A1)
D0=100060 D1=40 D2=0 D3=0 D4=0 D5=0 D6=0 D7=0 A0=108F46 A1=3C0002 A2=33816 A3=108F6A A4=10947C A5=108000 A6=108E3C PC=33820 -- 033820: move.w  (A0)+, (A1)
D0=100060 D1=40 D2=0 D3=0 D4=0 D5=0 D6=0 D7=0 A0=108F48 A1=3C0002 A2=33816 A3=108F6A A4=10947C A5=108000 A6=108E3C PC=33822 -- 033822: move.w  (A0)+, (A1)
D0=100060 D1=40 D2=0 D3=0 D4=0 D5=0 D6=0 D7=0 A0=108F4A A1=3C0002 A2=33816 A3=108F6A A4=10947C A5=108000 A6=108E3C PC=33824 -- 033824: move.w  (A0)+, (A1)
D0=100060 D1=40 D2=0 D3=0 D4=0 D5=0 D6=0 D7=0 A0=108F4C A1=3C0002 A2=33816 A3=108F6A A4=10947C A5=108000 A6=108E3C PC=33826 -- 033826: move.w  (A0)+, (A1)
D0=100060 D1=40 D2=0 D3=0 D4=0 D5=0 D6=0 D7=0 A0=108F4E A1=3C0002 A2=33816 A3=108F6A A4=10947C A5=108000 A6=108E3C PC=33828 -- 033828: move.w  (A0)+, (A1)
D0=100060 D1=40 D2=0 D3=0 D4=0 D5=0 D6=0 D7=0 A0=108F50 A1=3C0002 A2=33816 A3=108F6A A4=10947C A5=108000 A6=108E3C PC=3382A -- 03382A: move.w  (A0)+, (A1)
D0=100060 D1=40 D2=0 D3=0 D4=0 D5=0 D6=0 D7=0 A0=108F52 A1=3C0002 A2=33816 A3=108F6A A4=10947C A5=108000 A6=108E3C PC=3382C -- 03382C: move.w  (A0)+, (A1)
D0=100060 D1=40 D2=0 D3=0 D4=0 D5=0 D6=0 D7=0 A0=108F54 A1=3C0002 A2=33816 A3=108F6A A4=10947C A5=108000 A6=108E3C PC=3382E -- 03382E: move.w  (A0)+, (A1)
D0=100060 D1=40 D2=0 D3=0 D4=0 D5=0 D6=0 D7=0 A0=108F56 A1=3C0002 A2=33816 A3=108F6A A4=10947C A5=108000 A6=108E3C PC=33830 -- 033830: move.w  (A0)+, (A1)
D0=100060 D1=40 D2=0 D3=0 D4=0 D5=0 D6=0 D7=0 A0=108F58 A1=3C0002 A2=33816 A3=108F6A A4=10947C A5=108000 A6=108E3C PC=33832 -- 033832: move.w  (A0)+, (A1)
D0=100060 D1=40 D2=0 D3=0 D4=0 D5=0 D6=0 D7=0 A0=108F5A A1=3C0002 A2=33816 A3=108F6A A4=10947C A5=108000 A6=108E3C PC=33834 -- 033834: move.w  (A0)+, (A1)
D0=100060 D1=40 D2=0 D3=0 D4=0 D5=0 D6=0 D7=0 A0=108F5C A1=3C0002 A2=33816 A3=108F6A A4=10947C A5=108000 A6=108E3C PC=33836 -- 033836: move.w  (A0)+, (A1)
D0=100060 D1=40 D2=0 D3=0 D4=0 D5=0 D6=0 D7=0 A0=108F5E A1=3C0002 A2=33816 A3=108F6A A4=10947C A5=108000 A6=108E3C PC=33838 -- 033838: move.w  (A0)+, (A1)
D0=100060 D1=40 D2=0 D3=0 D4=0 D5=0 D6=0 D7=0 A0=108F60 A1=3C0002 A2=33816 A3=108F6A A4=10947C A5=108000 A6=108E3C PC=3383A -- 03383A: move.w  (A0)+, (A1)
D0=100060 D1=40 D2=0 D3=0 D4=0 D5=0 D6=0 D7=0 A0=108F62 A1=3C0002 A2=33816 A3=108F6A A4=10947C A5=108000 A6=108E3C PC=3383C -- 03383C: move.w  (A0)+, (A1)
D0=100060 D1=40 D2=0 D3=0 D4=0 D5=0 D6=0 D7=0 A0=108F64 A1=3C0002 A2=33816 A3=108F6A A4=10947C A5=108000 A6=108E3C PC=3383E -- 03383E: move.w  (A0)+, (A1)
D0=100060 D1=40 D2=0 D3=0 D4=0 D5=0 D6=0 D7=0 A0=108F66 A1=3C0002 A2=33816 A3=108F6A A4=10947C A5=108000 A6=108E3C PC=33840 -- 033840: move.w  (A0)+, (A1)
D0=100060 D1=40 D2=0 D3=0 D4=0 D5=0 D6=0 D7=0 A0=108F68 A1=3C0002 A2=33816 A3=108F6A A4=10947C A5=108000 A6=108E3C PC=33842 -- 033842: move.w  (A0)+, (A1)
D0=100060 D1=40 D2=0 D3=0 D4=0 D5=0 D6=0 D7=0 A0=108F6A A1=3C0002 A2=33816 A3=108F6A A4=10947C A5=108000 A6=108E3C PC=33844 -- 033844: move.w  (A0)+, (A1)
D0=100060 D1=40 D2=0 D3=0 D4=0 D5=0 D6=0 D7=0 A0=108F6C A1=3C0002 A2=33816 A3=108F6A A4=10947C A5=108000 A6=108E3C PC=33846 -- 033846: move.w  (A0)+, (A1)
D0=100060 D1=40 D2=0 D3=0 D4=0 D5=0 D6=0 D7=0 A0=108F6E A1=3C0002 A2=33816 A3=108F6A A4=10947C A5=108000 A6=108E3C PC=33848 -- 033848: move.w  (A0)+, (A1)
D0=100060 D1=40 D2=0 D3=0 D4=0 D5=0 D6=0 D7=0 A0=108F70 A1=3C0002 A2=33816 A3=108F6A A4=10947C A5=108000 A6=108E3C PC=3384A -- 03384A: move.w  (A0)+, (A1)
D0=100060 D1=40 D2=0 D3=0 D4=0 D5=0 D6=0 D7=0 A0=108F72 A1=3C0002 A2=33816 A3=108F6A A4=10947C A5=108000 A6=108E3C PC=3384C -- 03384C: move.w  (A0)+, (A1)
D0=100060 D1=40 D2=0 D3=0 D4=0 D5=0 D6=0 D7=0 A0=108F74 A1=3C0002 A2=33816 A3=108F6A A4=10947C A5=108000 A6=108E3C PC=3384E -- 03384E: move.w  (A0)+, (A1)
D0=100060 D1=40 D2=0 D3=0 D4=0 D5=0 D6=0 D7=0 A0=108F76 A1=3C0002 A2=33816 A3=108F6A A4=10947C A5=108000 A6=108E3C PC=33850 -- 033850: move.w  (A0)+, (A1)
D0=100060 D1=40 D2=0 D3=0 D4=0 D5=0 D6=0 D7=0 A0=108F78 A1=3C0002 A2=33816 A3=108F6A A4=10947C A5=108000 A6=108E3C PC=33852 -- 033852: move.w  (A0)+, (A1)
D0=100060 D1=40 D2=0 D3=0 D4=0 D5=0 D6=0 D7=0 A0=108F7A A1=3C0002 A2=33816 A3=108F6A A4=10947C A5=108000 A6=108E3C PC=33854 -- 033854: move.w  (A0)+, (A1)
D0=100060 D1=40 D2=0 D3=0 D4=0 D5=0 D6=0 D7=0 A0=108F7C A1=3C0002 A2=33816 A3=108F6A A4=10947C A5=108000 A6=108E3C PC=33856 -- 033856: move.w  (A0)+, (A1)
D0=100060 D1=40 D2=0 D3=0 D4=0 D5=0 D6=0 D7=0 A0=108F7E A1=3C0002 A2=33816 A3=108F6A A4=10947C A5=108000 A6=108E3C PC=33858 -- 033858: move.w  (A0)+, (A1)
D0=100060 D1=40 D2=0 D3=0 D4=0 D5=0 D6=0 D7=0 A0=108F80 A1=3C0002 A2=33816 A3=108F6A A4=10947C A5=108000 A6=108E3C PC=3385A -- 03385A: move.w  (A0)+, (A1)
D0=100060 D1=40 D2=0 D3=0 D4=0 D5=0 D6=0 D7=0 A0=108F82 A1=3C0002 A2=33816 A3=108F6A A4=10947C A5=108000 A6=108E3C PC=3385C -- 03385C: move.w  (A0)+, (A1)
D0=100060 D1=40 D2=0 D3=0 D4=0 D5=0 D6=0 D7=0 A0=108F84 A1=3C0002 A2=33816 A3=108F6A A4=10947C A5=108000 A6=108E3C PC=3385E -- 03385E: move.w  (A0)+, (A1)
D0=100060 D1=40 D2=0 D3=0 D4=0 D5=0 D6=0 D7=0 A0=108F86 A1=3C0002 A2=33816 A3=108F6A A4=10947C A5=108000 A6=108E3C PC=33860 -- 033860: move.w  (A0)+, (A1)
D0=100060 D1=40 D2=0 D3=0 D4=0 D5=0 D6=0 D7=0 A0=108F88 A1=3C0002 A2=33816 A3=108F6A A4=10947C A5=108000 A6=108E3C PC=33862 -- 033862: move.w  (A0)+, (A1)
D0=100060 D1=40 D2=0 D3=0 D4=0 D5=0 D6=0 D7=0 A0=108F8A A1=3C0002 A2=33816 A3=108F6A A4=10947C A5=108000 A6=108E3C PC=33864 -- 033864: move.w  (A0)+, (A1)
D0=100060 D1=40 D2=0 D3=0 D4=0 D5=0 D6=0 D7=0 A0=108F8C A1=3C0002 A2=33816 A3=108F6A A4=10947C A5=108000 A6=108E3C PC=33866 -- 033866: move.w  (A0)+, (A1)
D0=100060 D1=40 D2=0 D3=0 D4=0 D5=0 D6=0 D7=0 A0=108F8E A1=3C0002 A2=33816 A3=108F6A A4=10947C A5=108000 A6=108E3C PC=33868 -- 033868: move.w  (A0)+, (A1)
D0=100060 D1=40 D2=0 D3=0 D4=0 D5=0 D6=0 D7=0 A0=108F90 A1=3C0002 A2=33816 A3=108F6A A4=10947C A5=108000 A6=108E3C PC=3386A -- 03386A: move.w  (A0)+, (A1)
D0=100060 D1=40 D2=0 D3=0 D4=0 D5=0 D6=0 D7=0 A0=108F92 A1=3C0002 A2=33816 A3=108F6A A4=10947C A5=108000 A6=108E3C PC=3386C -- 03386C: move.w  (A0)+, (A1)
D0=100060 D1=40 D2=0 D3=0 D4=0 D5=0 D6=0 D7=0 A0=108F94 A1=3C0002 A2=33816 A3=108F6A A4=10947C A5=108000 A6=108E3C PC=3386E -- 03386E: move.w  (A0)+, (A1)
D0=100060 D1=40 D2=0 D3=0 D4=0 D5=0 D6=0 D7=0 A0=108F96 A1=3C0002 A2=33816 A3=108F6A A4=10947C A5=108000 A6=108E3C PC=33870 -- 033870: move.w  (A0)+, (A1)
D0=100060 D1=40 D2=0 D3=0 D4=0 D5=0 D6=0 D7=0 A0=108F98 A1=3C0002 A2=33816 A3=108F6A A4=10947C A5=108000 A6=108E3C PC=33872 -- 033872: move.w  (A0)+, (A1)
D0=100060 D1=40 D2=0 D3=0 D4=0 D5=0 D6=0 D7=0 A0=108F9A A1=3C0002 A2=33816 A3=108F6A A4=10947C A5=108000 A6=108E3C PC=33874 -- 033874: move.w  (A0)+, (A1)
D0=100060 D1=40 D2=0 D3=0 D4=0 D5=0 D6=0 D7=0 A0=108F9C A1=3C0002 A2=33816 A3=108F6A A4=10947C A5=108000 A6=108E3C PC=33876 -- 033876: move.w  (A0)+, (A1)
D0=100060 D1=40 D2=0 D3=0 D4=0 D5=0 D6=0 D7=0 A0=108F9E A1=3C0002 A2=33816 A3=108F6A A4=10947C A5=108000 A6=108E3C PC=33878 -- 033878: move.w  (A0)+, (A1)
D0=100060 D1=40 D2=0 D3=0 D4=0 D5=0 D6=0 D7=0 A0=108FA0 A1=3C0002 A2=33816 A3=108F6A A4=10947C A5=108000 A6=108E3C PC=3387A -- 03387A: move.w  (A0)+, (A1)
D0=100060 D1=40 D2=0 D3=0 D4=0 D5=0 D6=0 D7=0 A0=108FA2 A1=3C0002 A2=33816 A3=108F6A A4=10947C A5=108000 A6=108E3C PC=3387C -- 03387C: move.w  (A0)+, (A1)
D0=100060 D1=40 D2=0 D3=0 D4=0 D5=0 D6=0 D7=0 A0=108FA4 A1=3C0002 A2=33816 A3=108F6A A4=10947C A5=108000 A6=108E3C PC=3387E -- 03387E: move.w  (A0)+, (A1)
D0=100060 D1=40 D2=0 D3=0 D4=0 D5=0 D6=0 D7=0 A0=108FA6 A1=3C0002 A2=33816 A3=108F6A A4=10947C A5=108000 A6=108E3C PC=33880 -- 033880: move.w  (A0)+, (A1)
D0=100060 D1=40 D2=0 D3=0 D4=0 D5=0 D6=0 D7=0 A0=108FA8 A1=3C0002 A2=33816 A3=108F6A A4=10947C A5=108000 A6=108E3C PC=33882 -- 033882: move.w  (A0)+, (A1)
D0=100060 D1=40 D2=0 D3=0 D4=0 D5=0 D6=0 D7=0 A0=108FAA A1=3C0002 A2=33816 A3=108F6A A4=10947C A5=108000 A6=108E3C PC=33884 -- 033884: move.w  (A0)+, (A1)
D0=100060 D1=40 D2=0 D3=0 D4=0 D5=0 D6=0 D7=0 A0=108FAC A1=3C0002 A2=33816 A3=108F6A A4=10947C A5=108000 A6=108E3C PC=33886 -- 033886: move.w  (A0)+, (A1)
D0=100060 D1=40 D2=0 D3=0 D4=0 D5=0 D6=0 D7=0 A0=108FAE A1=3C0002 A2=33816 A3=108F6A A4=10947C A5=108000 A6=108E3C PC=33888 -- 033888: move.w  (A0)+, (A1)
D0=100060 D1=40 D2=0 D3=0 D4=0 D5=0 D6=0 D7=0 A0=108FB0 A1=3C0002 A2=33816 A3=108F6A A4=10947C A5=108000 A6=108E3C PC=3388A -- 03388A: move.w  (A0)+, (A1)
D0=100060 D1=40 D2=0 D3=0 D4=0 D5=0 D6=0 D7=0 A0=108FB2 A1=3C0002 A2=33816 A3=108F6A A4=10947C A5=108000 A6=108E3C PC=3388C -- 03388C: move.w  (A0)+, (A1)
D0=100060 D1=40 D2=0 D3=0 D4=0 D5=0 D6=0 D7=0 A0=108FB4 A1=3C0002 A2=33816 A3=108F6A A4=10947C A5=108000 A6=108E3C PC=3388E -- 03388E: move.w  (A0)+, (A1)
D0=100060 D1=40 D2=0 D3=0 D4=0 D5=0 D6=0 D7=0 A0=108FB6 A1=3C0002 A2=33816 A3=108F6A A4=10947C A5=108000 A6=108E3C PC=33890 -- 033890: move.w  (A0)+, (A1)
D0=100060 D1=40 D2=0 D3=0 D4=0 D5=0 D6=0 D7=0 A0=108FB8 A1=3C0002 A2=33816 A3=108F6A A4=10947C A5=108000 A6=108E3C PC=33892 -- 033892: move.w  (A0)+, (A1)
D0=100060 D1=40 D2=0 D3=0 D4=0 D5=0 D6=0 D7=0 A0=108FBA A1=3C0002 A2=33816 A3=108F6A A4=10947C A5=108000 A6=108E3C PC=33894 -- 033894: move.w  (A0)+, (A1)
D0=100060 D1=40 D2=0 D3=0 D4=0 D5=0 D6=0 D7=0 A0=108FBC A1=3C0002 A2=33816 A3=108F6A A4=10947C A5=108000 A6=108E3C PC=33896 -- 033896: move.w  (A0)+, (A1)
D0=100060 D1=40 D2=0 D3=0 D4=0 D5=0 D6=0 D7=0 A0=108FBE A1=3C0002 A2=33816 A3=108F6A A4=10947C A5=108000 A6=108E3C PC=33898 -- 033898: move.w  (A0)+, (A1)
D0=100060 D1=40 D2=0 D3=0 D4=0 D5=0 D6=0 D7=0 A0=108FC0 A1=3C0002 A2=33816 A3=108F6A A4=10947C A5=108000 A6=108E3C PC=3389A -- 03389A: move.w  (A0)+, (A1)
D0=100060 D1=40 D2=0 D3=0 D4=0 D5=0 D6=0 D7=0 A0=108FC2 A1=3C0002 A2=33816 A3=108F6A A4=10947C A5=108000 A6=108E3C PC=3389C -- 03389C: move.w  (A0)+, (A1)
D0=100060 D1=40 D2=0 D3=0 D4=0 D5=0 D6=0 D7=0 A0=108FC4 A1=3C0002 A2=33816 A3=108F6A A4=10947C A5=108000 A6=108E3C PC=3389E -- 03389E: move.w  (A0)+, (A1)
D0=100060 D1=40 D2=0 D3=0 D4=0 D5=0 D6=0 D7=0 A0=108FC6 A1=3C0002 A2=33816 A3=108F6A A4=10947C A5=108000 A6=108E3C PC=338A0 -- 0338A0: move.w  (A0)+, (A1)
D0=100060 D1=40 D2=0 D3=0 D4=0 D5=0 D6=0 D7=0 A0=108FC8 A1=3C0002 A2=33816 A3=108F6A A4=10947C A5=108000 A6=108E3C PC=338A2 -- 0338A2: move.w  (A0)+, (A1)
D0=100060 D1=40 D2=0 D3=0 D4=0 D5=0 D6=0 D7=0 A0=108FCA A1=3C0002 A2=33816 A3=108F6A A4=10947C A5=108000 A6=108E3C PC=338A4 -- 0338A4: move.w  (A0)+, (A1)
D0=100060 D1=40 D2=0 D3=0 D4=0 D5=0 D6=0 D7=0 A0=108FCC A1=3C0002 A2=33816 A3=108F6A A4=10947C A5=108000 A6=108E3C PC=338A6 -- 0338A6: move.w  (A0)+, (A1)
D0=100060 D1=40 D2=0 D3=0 D4=0 D5=0 D6=0 D7=0 A0=108FCE A1=3C0002 A2=33816 A3=108F6A A4=10947C A5=108000 A6=108E3C PC=338A8 -- 0338A8: move.w  (A0)+, (A1)
D0=100060 D1=40 D2=0 D3=0 D4=0 D5=0 D6=0 D7=0 A0=108FD0 A1=3C0002 A2=33816 A3=108F6A A4=10947C A5=108000 A6=108E3C PC=338AA -- 0338AA: move.w  (A0)+, (A1)
D0=100060 D1=40 D2=0 D3=0 D4=0 D5=0 D6=0 D7=0 A0=108FD2 A1=3C0002 A2=33816 A3=108F6A A4=10947C A5=108000 A6=108E3C PC=338AC -- 0338AC: move.w  (A0)+, (A1)
D0=100060 D1=40 D2=0 D3=0 D4=0 D5=0 D6=0 D7=0 A0=108FD4 A1=3C0002 A2=33816 A3=108F6A A4=10947C A5=108000 A6=108E3C PC=338AE -- 0338AE: move.w  (A0)+, (A1)
D0=100060 D1=40 D2=0 D3=0 D4=0 D5=0 D6=0 D7=0 A0=108FD6 A1=3C0002 A2=33816 A3=108F6A A4=10947C A5=108000 A6=108E3C PC=338B0 -- 0338B0: move.w  (A0)+, (A1)
D0=100060 D1=40 D2=0 D3=0 D4=0 D5=0 D6=0 D7=0 A0=108FD8 A1=3C0002 A2=33816 A3=108F6A A4=10947C A5=108000 A6=108E3C PC=338B2 -- 0338B2: move.w  (A0)+, (A1)
D0=100060 D1=40 D2=0 D3=0 D4=0 D5=0 D6=0 D7=0 A0=108FDA A1=3C0002 A2=33816 A3=108F6A A4=10947C A5=108000 A6=108E3C PC=338B4 -- 0338B4: move.w  (A0)+, (A1)
D0=100060 D1=40 D2=0 D3=0 D4=0 D5=0 D6=0 D7=0 A0=108FDC A1=3C0002 A2=33816 A3=108F6A A4=10947C A5=108000 A6=108E3C PC=338B6 -- 0338B6: move.w  (A0)+, (A1)
D0=100060 D1=40 D2=0 D3=0 D4=0 D5=0 D6=0 D7=0 A0=108FDE A1=3C0002 A2=33816 A3=108F6A A4=10947C A5=108000 A6=108E3C PC=338B8 -- 0338B8: move.w  (A0)+, (A1)
D0=100060 D1=40 D2=0 D3=0 D4=0 D5=0 D6=0 D7=0 A0=108FE0 A1=3C0002 A2=33816 A3=108F6A A4=10947C A5=108000 A6=108E3C PC=338BA -- 0338BA: move.w  (A0)+, (A1)
D0=100060 D1=40 D2=0 D3=0 D4=0 D5=0 D6=0 D7=0 A0=108FE2 A1=3C0002 A2=33816 A3=108F6A A4=10947C A5=108000 A6=108E3C PC=338BC -- 0338BC: move.w  (A0)+, (A1)
D0=100060 D1=40 D2=0 D3=0 D4=0 D5=0 D6=0 D7=0 A0=108FE4 A1=3C0002 A2=33816 A3=108F6A A4=10947C A5=108000 A6=108E3C PC=338BE -- 0338BE: move.w  (A0)+, (A1)
D0=100060 D1=40 D2=0 D3=0 D4=0 D5=0 D6=0 D7=0 A0=108FE6 A1=3C0002 A2=33816 A3=108F6A A4=10947C A5=108000 A6=108E3C PC=338C0 -- 0338C0: move.w  (A0)+, (A1)
D0=100060 D1=40 D2=0 D3=0 D4=0 D5=0 D6=0 D7=0 A0=108FE8 A1=3C0002 A2=33816 A3=108F6A A4=10947C A5=108000 A6=108E3C PC=338C2 -- 0338C2: move.w  (A0)+, (A1)
D0=100060 D1=40 D2=0 D3=0 D4=0 D5=0 D6=0 D7=0 A0=108FEA A1=3C0002 A2=33816 A3=108F6A A4=10947C A5=108000 A6=108E3C PC=338C4 -- 0338C4: move.w  (A0)+, (A1)
D0=100060 D1=40 D2=0 D3=0 D4=0 D5=0 D6=0 D7=0 A0=108FEC A1=3C0002 A2=33816 A3=108F6A A4=10947C A5=108000 A6=108E3C PC=338C6 -- 0338C6: move.w  (A0)+, (A1)
D0=100060 D1=40 D2=0 D3=0 D4=0 D5=0 D6=0 D7=0 A0=108FEE A1=3C0002 A2=33816 A3=108F6A A4=10947C A5=108000 A6=108E3C PC=338C8 -- 0338C8: move.w  (A0)+, (A1)
D0=100060 D1=40 D2=0 D3=0 D4=0 D5=0 D6=0 D7=0 A0=108FF0 A1=3C0002 A2=33816 A3=108F6A A4=10947C A5=108000 A6=108E3C PC=338CA -- 0338CA: move.w  (A0)+, (A1)
D0=100060 D1=40 D2=0 D3=0 D4=0 D5=0 D6=0 D7=0 A0=108FF2 A1=3C0002 A2=33816 A3=108F6A A4=10947C A5=108000 A6=108E3C PC=338CC -- 0338CC: move.w  (A0)+, (A1)
D0=100060 D1=40 D2=0 D3=0 D4=0 D5=0 D6=0 D7=0 A0=108FF4 A1=3C0002 A2=33816 A3=108F6A A4=10947C A5=108000 A6=108E3C PC=338CE -- 0338CE: move.w  (A0)+, (A1)
D0=100060 D1=40 D2=0 D3=0 D4=0 D5=0 D6=0 D7=0 A0=108FF6 A1=3C0002 A2=33816 A3=108F6A A4=10947C A5=108000 A6=108E3C PC=338D0 -- 0338D0: move.w  (A0)+, (A1)
D0=100060 D1=40 D2=0 D3=0 D4=0 D5=0 D6=0 D7=0 A0=108FF8 A1=3C0002 A2=33816 A3=108F6A A4=10947C A5=108000 A6=108E3C PC=338D2 -- 0338D2: move.w  (A0)+, (A1)
D0=100060 D1=40 D2=0 D3=0 D4=0 D5=0 D6=0 D7=0 A0=108FFA A1=3C0002 A2=33816 A3=108F6A A4=10947C A5=108000 A6=108E3C PC=338D4 -- 0338D4: move.w  (A0)+, (A1)
D0=100060 D1=40 D2=0 D3=0 D4=0 D5=0 D6=0 D7=0 A0=108FFC A1=3C0002 A2=33816 A3=108F6A A4=10947C A5=108000 A6=108E3C PC=338D6 -- 0338D6: lea     $3c0000.l, A1
D0=100060 D1=40 D2=0 D3=0 D4=0 D5=0 D6=0 D7=0 A0=108FFC A1=3C0000 A2=33816 A3=108F6A A4=10947C A5=108000 A6=108E3C PC=338DC -- 0338DC: move.w  ($1044,A5), D0
D0=100001 D1=40 D2=0 D3=0 D4=0 D5=0 D6=0 D7=0 A0=108FFC A1=3C0000 A2=33816 A3=108F6A A4=10947C A5=108000 A6=108E3C PC=338E0 -- 0338E0: add.w   ($103c,A5), D0
D0=100001 D1=40 D2=0 D3=0 D4=0 D5=0 D6=0 D7=0 A0=108FFC A1=3C0000 A2=33816 A3=108F6A A4=10947C A5=108000 A6=108E3C PC=338E4 -- 0338E4: addi.w  #-$7e00, D0
D0=108201 D1=40 D2=0 D3=0 D4=0 D5=0 D6=0 D7=0 A0=108FFC A1=3C0000 A2=33816 A3=108F6A A4=10947C A5=108000 A6=108E3C PC=338E8 -- 0338E8: move.w  D0, (A1)+
D0=108201 D1=40 D2=0 D3=0 D4=0 D5=0 D6=0 D7=0 A0=108FFC A1=3C0002 A2=33816 A3=108F6A A4=10947C A5=108000 A6=108E3C PC=338EA -- 0338EA: moveq   #$0, D0
D0=0 D1=40 D2=0 D3=0 D4=0 D5=0 D6=0 D7=0 A0=108FFC A1=3C0002 A2=33816 A3=108F6A A4=10947C A5=108000 A6=108E3C PC=338EC -- 0338EC: move.w  ($1048,A5), D1
D0=0 D1=1B D2=0 D3=0 D4=0 D5=0 D6=0 D7=0 A0=108FFC A1=3C0002 A2=33816 A3=108F6A A4=10947C A5=108000 A6=108E3C PC=338F0 -- 0338F0: addq.w  #1, D1
D0=0 D1=1C D2=0 D3=0 D4=0 D5=0 D6=0 D7=0 A0=108FFC A1=3C0002 A2=33816 A3=108F6A A4=10947C A5=108000 A6=108E3C PC=338F2 -- 0338F2: move.w  #$80, D2
D0=0 D1=1C D2=80 D3=0 D4=0 D5=0 D6=0 D7=0 A0=108FFC A1=3C0002 A2=33816 A3=108F6A A4=10947C A5=108000 A6=108E3C PC=338F6 -- 0338F6: sub.w   D1, D2
D0=0 D1=1C D2=64 D3=0 D4=0 D5=0 D6=0 D7=0 A0=108FFC A1=3C0002 A2=33816 A3=108F6A A4=10947C A5=108000 A6=108E3C PC=338F8 -- 0338F8: add.w   D2, D2
D0=0 D1=1C D2=C8 D3=0 D4=0 D5=0 D6=0 D7=0 A0=108FFC A1=3C0002 A2=33816 A3=108F6A A4=10947C A5=108000 A6=108E3C PC=338FA -- 0338FA: lea     ($8,PC) ; ($33904), A0
D0=0 D1=1C D2=C8 D3=0 D4=0 D5=0 D6=0 D7=0 A0=33904 A1=3C0002 A2=33816 A3=108F6A A4=10947C A5=108000 A6=108E3C PC=338FE -- 0338FE: nop
D0=0 D1=1C D2=C8 D3=0 D4=0 D5=0 D6=0 D7=0 A0=33904 A1=3C0002 A2=33816 A3=108F6A A4=10947C A5=108000 A6=108E3C PC=33900 -- 033900: adda.w  D2, A0
D0=0 D1=1C D2=C8 D3=0 D4=0 D5=0 D6=0 D7=0 A0=339CC A1=3C0002 A2=33816 A3=108F6A A4=10947C A5=108000 A6=108E3C PC=33902 -- 033902: jmp     (A0)
D0=0 D1=1C D2=C8 D3=0 D4=0 D5=0 D6=0 D7=0 A0=339CC A1=3C0002 A2=33816 A3=108F6A A4=10947C A5=108000 A6=108E3C PC=339CC -- 0339CC: move.w  D0, (A1)
D0=0 D1=1C D2=C8 D3=0 D4=0 D5=0 D6=0 D7=0 A0=339CC A1=3C0002 A2=33816 A3=108F6A A4=10947C A5=108000 A6=108E3C PC=339CE -- 0339CE: move.w  D0, (A1)
D0=0 D1=1C D2=C8 D3=0 D4=0 D5=0 D6=0 D7=0 A0=339CC A1=3C0002 A2=33816 A3=108F6A A4=10947C A5=108000 A6=108E3C PC=339D0 -- 0339D0: move.w  D0, (A1)
D0=0 D1=1C D2=C8 D3=0 D4=0 D5=0 D6=0 D7=0 A0=339CC A1=3C0002 A2=33816 A3=108F6A A4=10947C A5=108000 A6=108E3C PC=339D2 -- 0339D2: move.w  D0, (A1)
D0=0 D1=1C D2=C8 D3=0 D4=0 D5=0 D6=0 D7=0 A0=339CC A1=3C0002 A2=33816 A3=108F6A A4=10947C A5=108000 A6=108E3C PC=339D4 -- 0339D4: move.w  D0, (A1)
D0=0 D1=1C D2=C8 D3=0 D4=0 D5=0 D6=0 D7=0 A0=339CC A1=3C0002 A2=33816 A3=108F6A A4=10947C A5=108000 A6=108E3C PC=339D6 -- 0339D6: move.w  D0, (A1)
D0=0 D1=1C D2=C8 D3=0 D4=0 D5=0 D6=0 D7=0 A0=339CC A1=3C0002 A2=33816 A3=108F6A A4=10947C A5=108000 A6=108E3C PC=339D8 -- 0339D8: move.w  D0, (A1)
D0=0 D1=1C D2=C8 D3=0 D4=0 D5=0 D6=0 D7=0 A0=339CC A1=3C0002 A2=33816 A3=108F6A A4=10947C A5=108000 A6=108E3C PC=339DA -- 0339DA: move.w  D0, (A1)
D0=0 D1=1C D2=C8 D3=0 D4=0 D5=0 D6=0 D7=0 A0=339CC A1=3C0002 A2=33816 A3=108F6A A4=10947C A5=108000 A6=108E3C PC=339DC -- 0339DC: move.w  D0, (A1)
D0=0 D1=1C D2=C8 D3=0 D4=0 D5=0 D6=0 D7=0 A0=339CC A1=3C0002 A2=33816 A3=108F6A A4=10947C A5=108000 A6=108E3C PC=339DE -- 0339DE: move.w  D0, (A1)
D0=0 D1=1C D2=C8 D3=0 D4=0 D5=0 D6=0 D7=0 A0=339CC A1=3C0002 A2=33816 A3=108F6A A4=10947C A5=108000 A6=108E3C PC=339E0 -- 0339E0: move.w  D0, (A1)
D0=0 D1=1C D2=C8 D3=0 D4=0 D5=0 D6=0 D7=0 A0=339CC A1=3C0002 A2=33816 A3=108F6A A4=10947C A5=108000 A6=108E3C PC=339E2 -- 0339E2: move.w  D0, (A1)
D0=0 D1=1C D2=C8 D3=0 D4=0 D5=0 D6=0 D7=0 A0=339CC A1=3C0002 A2=33816 A3=108F6A A4=10947C A5=108000 A6=108E3C PC=339E4 -- 0339E4: move.w  D0, (A1)
D0=0 D1=1C D2=C8 D3=0 D4=0 D5=0 D6=0 D7=0 A0=339CC A1=3C0002 A2=33816 A3=108F6A A4=10947C A5=108000 A6=108E3C PC=339E6 -- 0339E6: move.w  D0, (A1)
D0=0 D1=1C D2=C8 D3=0 D4=0 D5=0 D6=0 D7=0 A0=339CC A1=3C0002 A2=33816 A3=108F6A A4=10947C A5=108000 A6=108E3C PC=339E8 -- 0339E8: move.w  D0, (A1)
D0=0 D1=1C D2=C8 D3=0 D4=0 D5=0 D6=0 D7=0 A0=339CC A1=3C0002 A2=33816 A3=108F6A A4=10947C A5=108000 A6=108E3C PC=339EA -- 0339EA: move.w  D0, (A1)
D0=0 D1=1C D2=C8 D3=0 D4=0 D5=0 D6=0 D7=0 A0=339CC A1=3C0002 A2=33816 A3=108F6A A4=10947C A5=108000 A6=108E3C PC=339EC -- 0339EC: move.w  D0, (A1)
D0=0 D1=1C D2=C8 D3=0 D4=0 D5=0 D6=0 D7=0 A0=339CC A1=3C0002 A2=33816 A3=108F6A A4=10947C A5=108000 A6=108E3C PC=339EE -- 0339EE: move.w  D0, (A1)
D0=0 D1=1C D2=C8 D3=0 D4=0 D5=0 D6=0 D7=0 A0=339CC A1=3C0002 A2=33816 A3=108F6A A4=10947C A5=108000 A6=108E3C PC=339F0 -- 0339F0: move.w  D0, (A1)
D0=0 D1=1C D2=C8 D3=0 D4=0 D5=0 D6=0 D7=0 A0=339CC A1=3C0002 A2=33816 A3=108F6A A4=10947C A5=108000 A6=108E3C PC=339F2 -- 0339F2: move.w  D0, (A1)
D0=0 D1=1C D2=C8 D3=0 D4=0 D5=0 D6=0 D7=0 A0=339CC A1=3C0002 A2=33816 A3=108F6A A4=10947C A5=108000 A6=108E3C PC=339F4 -- 0339F4: move.w  D0, (A1)
D0=0 D1=1C D2=C8 D3=0 D4=0 D5=0 D6=0 D7=0 A0=339CC A1=3C0002 A2=33816 A3=108F6A A4=10947C A5=108000 A6=108E3C PC=339F6 -- 0339F6: move.w  D0, (A1)
D0=0 D1=1C D2=C8 D3=0 D4=0 D5=0 D6=0 D7=0 A0=339CC A1=3C0002 A2=33816 A3=108F6A A4=10947C A5=108000 A6=108E3C PC=339F8 -- 0339F8: move.w  D0, (A1)
D0=0 D1=1C D2=C8 D3=0 D4=0 D5=0 D6=0 D7=0 A0=339CC A1=3C0002 A2=33816 A3=108F6A A4=10947C A5=108000 A6=108E3C PC=339FA -- 0339FA: move.w  D0, (A1)
D0=0 D1=1C D2=C8 D3=0 D4=0 D5=0 D6=0 D7=0 A0=339CC A1=3C0002 A2=33816 A3=108F6A A4=10947C A5=108000 A6=108E3C PC=339FC -- 0339FC: move.w  D0, (A1)
D0=0 D1=1C D2=C8 D3=0 D4=0 D5=0 D6=0 D7=0 A0=339CC A1=3C0002 A2=33816 A3=108F6A A4=10947C A5=108000 A6=108E3C PC=339FE -- 0339FE: move.w  D0, (A1)
D0=0 D1=1C D2=C8 D3=0 D4=0 D5=0 D6=0 D7=0 A0=339CC A1=3C0002 A2=33816 A3=108F6A A4=10947C A5=108000 A6=108E3C PC=33A00 -- 033A00: move.w  D0, (A1)
D0=0 D1=1C D2=C8 D3=0 D4=0 D5=0 D6=0 D7=0 A0=339CC A1=3C0002 A2=33816 A3=108F6A A4=10947C A5=108000 A6=108E3C PC=33A02 -- 033A02: move.w  D0, (A1)
D0=0 D1=1C D2=C8 D3=0 D4=0 D5=0 D6=0 D7=0 A0=339CC A1=3C0002 A2=33816 A3=108F6A A4=10947C A5=108000 A6=108E3C PC=33A04 -- 033A04: lea     $3c0000.l, A1
D0=0 D1=1C D2=C8 D3=0 D4=0 D5=0 D6=0 D7=0 A0=339CC A1=3C0000 A2=33816 A3=108F6A A4=10947C A5=108000 A6=108E3C PC=33A0A -- 033A0A: move.w  ($1046,A5), D0
D0=B9 D1=1C D2=C8 D3=0 D4=0 D5=0 D6=0 D7=0 A0=339CC A1=3C0000 A2=33816 A3=108F6A A4=10947C A5=108000 A6=108E3C PC=33A0E -- 033A0E: add.w   ($103e,A5), D0
D0=B9 D1=1C D2=C8 D3=0 D4=0 D5=0 D6=0 D7=0 A0=339CC A1=3C0000 A2=33816 A3=108F6A A4=10947C A5=108000 A6=108E3C PC=33A12 -- 033A12: addi.w  #-$7e00, D0
D0=82B9 D1=1C D2=C8 D3=0 D4=0 D5=0 D6=0 D7=0 A0=339CC A1=3C0000 A2=33816 A3=108F6A A4=10947C A5=108000 A6=108E3C PC=33A16 -- 033A16: move.w  D0, (A1)+
D0=82B9 D1=1C D2=C8 D3=0 D4=0 D5=0 D6=0 D7=0 A0=339CC A1=3C0002 A2=33816 A3=108F6A A4=10947C A5=108000 A6=108E3C PC=33A18 -- 033A18: moveq   #$0, D0
D0=0 D1=1C D2=C8 D3=0 D4=0 D5=0 D6=0 D7=0 A0=339CC A1=3C0002 A2=33816 A3=108F6A A4=10947C A5=108000 A6=108E3C PC=33A1A -- 033A1A: move.w  ($104a,A5), D1
D0=0 D1=5F D2=C8 D3=0 D4=0 D5=0 D6=0 D7=0 A0=339CC A1=3C0002 A2=33816 A3=108F6A A4=10947C A5=108000 A6=108E3C PC=33A1E -- 033A1E: addq.w  #1, D1
D0=0 D1=60 D2=C8 D3=0 D4=0 D5=0 D6=0 D7=0 A0=339CC A1=3C0002 A2=33816 A3=108F6A A4=10947C A5=108000 A6=108E3C PC=33A20 -- 033A20: move.w  #$80, D2
D0=0 D1=60 D2=80 D3=0 D4=0 D5=0 D6=0 D7=0 A0=339CC A1=3C0002 A2=33816 A3=108F6A A4=10947C A5=108000 A6=108E3C PC=33A24 -- 033A24: sub.w   D1, D2
D0=0 D1=60 D2=20 D3=0 D4=0 D5=0 D6=0 D7=0 A0=339CC A1=3C0002 A2=33816 A3=108F6A A4=10947C A5=108000 A6=108E3C PC=33A26 -- 033A26: add.w   D2, D2
D0=0 D1=60 D2=40 D3=0 D4=0 D5=0 D6=0 D7=0 A0=339CC A1=3C0002 A2=33816 A3=108F6A A4=10947C A5=108000 A6=108E3C PC=33A28 -- 033A28: jsr     $2bd7fc.l
D0=0 D1=60 D2=40 D3=0 D4=0 D5=0 D6=0 D7=0 A0=339CC A1=3C0002 A2=33816 A3=108F6A A4=10947C A5=108000 A6=108E3C PC=2BD7FC -- 2BD7FC: lea     $33a32.l, A0
D0=0 D1=60 D2=40 D3=0 D4=0 D5=0 D6=0 D7=0 A0=33A32 A1=3C0002 A2=33816 A3=108F6A A4=10947C A5=108000 A6=108E3C PC=2BD802 -- 2BD802: adda.w  D2, A0
D0=0 D1=60 D2=40 D3=0 D4=0 D5=0 D6=0 D7=0 A0=33A72 A1=3C0002 A2=33816 A3=108F6A A4=10947C A5=108000 A6=108E3C PC=2BD804 -- 2BD804: move.b  $10f8e4.l, D5
D0=0 D1=60 D2=40 D3=0 D4=0 D5=0 D6=0 D7=0 A0=33A72 A1=3C0002 A2=33816 A3=108F6A A4=10947C A5=108000 A6=108E3C PC=2BD80A -- 2BD80A: cmpi.b  #$1, D5
D0=0 D1=60 D2=40 D3=0 D4=0 D5=0 D6=0 D7=0 A0=33A72 A1=3C0002 A2=33816 A3=108F6A A4=10947C A5=108000 A6=108E3C PC=2BD80E -- 2BD80E: bne     $2bd818
D0=0 D1=60 D2=40 D3=0 D4=0 D5=0 D6=0 D7=0 A0=33A72 A1=3C0002 A2=33816 A3=108F6A A4=10947C A5=108000 A6=108E3C PC=2BD818 -- 2BD818: rts
D0=0 D1=60 D2=40 D3=0 D4=0 D5=0 D6=0 D7=0 A0=33A72 A1=3C0002 A2=33816 A3=108F6A A4=10947C A5=108000 A6=108E3C PC=33A2E -- 033A2E: nop
D0=0 D1=60 D2=40 D3=0 D4=0 D5=0 D6=0 D7=0 A0=33A72 A1=3C0002 A2=33816 A3=108F6A A4=10947C A5=108000 A6=108E3C PC=33A30 -- 033A30: jmp     (A0)
D0=0 D1=60 D2=40 D3=0 D4=0 D5=0 D6=0 D7=0 A0=33A72 A1=3C0002 A2=33816 A3=108F6A A4=10947C A5=108000 A6=108E3C PC=33A72 -- 033A72: move.w  D0, (A1)
D0=0 D1=60 D2=40 D3=0 D4=0 D5=0 D6=0 D7=0 A0=33A72 A1=3C0002 A2=33816 A3=108F6A A4=10947C A5=108000 A6=108E3C PC=33A74 -- 033A74: move.w  D0, (A1)
D0=0 D1=60 D2=40 D3=0 D4=0 D5=0 D6=0 D7=0 A0=33A72 A1=3C0002 A2=33816 A3=108F6A A4=10947C A5=108000 A6=108E3C PC=33A76 -- 033A76: move.w  D0, (A1)
D0=0 D1=60 D2=40 D3=0 D4=0 D5=0 D6=0 D7=0 A0=33A72 A1=3C0002 A2=33816 A3=108F6A A4=10947C A5=108000 A6=108E3C PC=33A78 -- 033A78: move.w  D0, (A1)
D0=0 D1=60 D2=40 D3=0 D4=0 D5=0 D6=0 D7=0 A0=33A72 A1=3C0002 A2=33816 A3=108F6A A4=10947C A5=108000 A6=108E3C PC=33A7A -- 033A7A: move.w  D0, (A1)
D0=0 D1=60 D2=40 D3=0 D4=0 D5=0 D6=0 D7=0 A0=33A72 A1=3C0002 A2=33816 A3=108F6A A4=10947C A5=108000 A6=108E3C PC=33A7C -- 033A7C: move.w  D0, (A1)
D0=0 D1=60 D2=40 D3=0 D4=0 D5=0 D6=0 D7=0 A0=33A72 A1=3C0002 A2=33816 A3=108F6A A4=10947C A5=108000 A6=108E3C PC=33A7E -- 033A7E: move.w  D0, (A1)
D0=0 D1=60 D2=40 D3=0 D4=0 D5=0 D6=0 D7=0 A0=33A72 A1=3C0002 A2=33816 A3=108F6A A4=10947C A5=108000 A6=108E3C PC=33A80 -- 033A80: move.w  D0, (A1)
D0=0 D1=60 D2=40 D3=0 D4=0 D5=0 D6=0 D7=0 A0=33A72 A1=3C0002 A2=33816 A3=108F6A A4=10947C A5=108000 A6=108E3C PC=33A82 -- 033A82: move.w  D0, (A1)
D0=0 D1=60 D2=40 D3=0 D4=0 D5=0 D6=0 D7=0 A0=33A72 A1=3C0002 A2=33816 A3=108F6A A4=10947C A5=108000 A6=108E3C PC=33A84 -- 033A84: move.w  D0, (A1)
D0=0 D1=60 D2=40 D3=0 D4=0 D5=0 D6=0 D7=0 A0=33A72 A1=3C0002 A2=33816 A3=108F6A A4=10947C A5=108000 A6=108E3C PC=33A86 -- 033A86: move.w  D0, (A1)
D0=0 D1=60 D2=40 D3=0 D4=0 D5=0 D6=0 D7=0 A0=33A72 A1=3C0002 A2=33816 A3=108F6A A4=10947C A5=108000 A6=108E3C PC=33A88 -- 033A88: move.w  D0, (A1)
D0=0 D1=60 D2=40 D3=0 D4=0 D5=0 D6=0 D7=0 A0=33A72 A1=3C0002 A2=33816 A3=108F6A A4=10947C A5=108000 A6=108E3C PC=33A8A -- 033A8A: move.w  D0, (A1)
D0=0 D1=60 D2=40 D3=0 D4=0 D5=0 D6=0 D7=0 A0=33A72 A1=3C0002 A2=33816 A3=108F6A A4=10947C A5=108000 A6=108E3C PC=33A8C -- 033A8C: move.w  D0, (A1)
D0=0 D1=60 D2=40 D3=0 D4=0 D5=0 D6=0 D7=0 A0=33A72 A1=3C0002 A2=33816 A3=108F6A A4=10947C A5=108000 A6=108E3C PC=33A8E -- 033A8E: move.w  D0, (A1)
D0=0 D1=60 D2=40 D3=0 D4=0 D5=0 D6=0 D7=0 A0=33A72 A1=3C0002 A2=33816 A3=108F6A A4=10947C A5=108000 A6=108E3C PC=33A90 -- 033A90: move.w  D0, (A1)
D0=0 D1=60 D2=40 D3=0 D4=0 D5=0 D6=0 D7=0 A0=33A72 A1=3C0002 A2=33816 A3=108F6A A4=10947C A5=108000 A6=108E3C PC=33A92 -- 033A92: move.w  D0, (A1)
D0=0 D1=60 D2=40 D3=0 D4=0 D5=0 D6=0 D7=0 A0=33A72 A1=3C0002 A2=33816 A3=108F6A A4=10947C A5=108000 A6=108E3C PC=33A94 -- 033A94: move.w  D0, (A1)
D0=0 D1=60 D2=40 D3=0 D4=0 D5=0 D6=0 D7=0 A0=33A72 A1=3C0002 A2=33816 A3=108F6A A4=10947C A5=108000 A6=108E3C PC=33A96 -- 033A96: move.w  D0, (A1)
D0=0 D1=60 D2=40 D3=0 D4=0 D5=0 D6=0 D7=0 A0=33A72 A1=3C0002 A2=33816 A3=108F6A A4=10947C A5=108000 A6=108E3C PC=33A98 -- 033A98: move.w  D0, (A1)
D0=0 D1=60 D2=40 D3=0 D4=0 D5=0 D6=0 D7=0 A0=33A72 A1=3C0002 A2=33816 A3=108F6A A4=10947C A5=108000 A6=108E3C PC=33A9A -- 033A9A: move.w  D0, (A1)
D0=0 D1=60 D2=40 D3=0 D4=0 D5=0 D6=0 D7=0 A0=33A72 A1=3C0002 A2=33816 A3=108F6A A4=10947C A5=108000 A6=108E3C PC=33A9C -- 033A9C: move.w  D0, (A1)
D0=0 D1=60 D2=40 D3=0 D4=0 D5=0 D6=0 D7=0 A0=33A72 A1=3C0002 A2=33816 A3=108F6A A4=10947C A5=108000 A6=108E3C PC=33A9E -- 033A9E: move.w  D0, (A1)
D0=0 D1=60 D2=40 D3=0 D4=0 D5=0 D6=0 D7=0 A0=33A72 A1=3C0002 A2=33816 A3=108F6A A4=10947C A5=108000 A6=108E3C PC=33AA0 -- 033AA0: move.w  D0, (A1)
D0=0 D1=60 D2=40 D3=0 D4=0 D5=0 D6=0 D7=0 A0=33A72 A1=3C0002 A2=33816 A3=108F6A A4=10947C A5=108000 A6=108E3C PC=33AA2 -- 033AA2: move.w  D0, (A1)
D0=0 D1=60 D2=40 D3=0 D4=0 D5=0 D6=0 D7=0 A0=33A72 A1=3C0002 A2=33816 A3=108F6A A4=10947C A5=108000 A6=108E3C PC=33AA4 -- 033AA4: move.w  D0, (A1)
D0=0 D1=60 D2=40 D3=0 D4=0 D5=0 D6=0 D7=0 A0=33A72 A1=3C0002 A2=33816 A3=108F6A A4=10947C A5=108000 A6=108E3C PC=33AA6 -- 033AA6: move.w  D0, (A1)
D0=0 D1=60 D2=40 D3=0 D4=0 D5=0 D6=0 D7=0 A0=33A72 A1=3C0002 A2=33816 A3=108F6A A4=10947C A5=108000 A6=108E3C PC=33AA8 -- 033AA8: move.w  D0, (A1)
D0=0 D1=60 D2=40 D3=0 D4=0 D5=0 D6=0 D7=0 A0=33A72 A1=3C0002 A2=33816 A3=108F6A A4=10947C A5=108000 A6=108E3C PC=33AAA -- 033AAA: move.w  D0, (A1)
D0=0 D1=60 D2=40 D3=0 D4=0 D5=0 D6=0 D7=0 A0=33A72 A1=3C0002 A2=33816 A3=108F6A A4=10947C A5=108000 A6=108E3C PC=33AAC -- 033AAC: move.w  D0, (A1)
D0=0 D1=60 D2=40 D3=0 D4=0 D5=0 D6=0 D7=0 A0=33A72 A1=3C0002 A2=33816 A3=108F6A A4=10947C A5=108000 A6=108E3C PC=33AAE -- 033AAE: move.w  D0, (A1)
D0=0 D1=60 D2=40 D3=0 D4=0 D5=0 D6=0 D7=0 A0=33A72 A1=3C0002 A2=33816 A3=108F6A A4=10947C A5=108000 A6=108E3C PC=33AB0 -- 033AB0: move.w  D0, (A1)
D0=0 D1=60 D2=40 D3=0 D4=0 D5=0 D6=0 D7=0 A0=33A72 A1=3C0002 A2=33816 A3=108F6A A4=10947C A5=108000 A6=108E3C PC=33AB2 -- 033AB2: move.w  D0, (A1)
D0=0 D1=60 D2=40 D3=0 D4=0 D5=0 D6=0 D7=0 A0=33A72 A1=3C0002 A2=33816 A3=108F6A A4=10947C A5=108000 A6=108E3C PC=33AB4 -- 033AB4: move.w  D0, (A1)
D0=0 D1=60 D2=40 D3=0 D4=0 D5=0 D6=0 D7=0 A0=33A72 A1=3C0002 A2=33816 A3=108F6A A4=10947C A5=108000 A6=108E3C PC=33AB6 -- 033AB6: move.w  D0, (A1)
D0=0 D1=60 D2=40 D3=0 D4=0 D5=0 D6=0 D7=0 A0=33A72 A1=3C0002 A2=33816 A3=108F6A A4=10947C A5=108000 A6=108E3C PC=33AB8 -- 033AB8: move.w  D0, (A1)
D0=0 D1=60 D2=40 D3=0 D4=0 D5=0 D6=0 D7=0 A0=33A72 A1=3C0002 A2=33816 A3=108F6A A4=10947C A5=108000 A6=108E3C PC=33ABA -- 033ABA: move.w  D0, (A1)
D0=0 D1=60 D2=40 D3=0 D4=0 D5=0 D6=0 D7=0 A0=33A72 A1=3C0002 A2=33816 A3=108F6A A4=10947C A5=108000 A6=108E3C PC=33ABC -- 033ABC: move.w  D0, (A1)
D0=0 D1=60 D2=40 D3=0 D4=0 D5=0 D6=0 D7=0 A0=33A72 A1=3C0002 A2=33816 A3=108F6A A4=10947C A5=108000 A6=108E3C PC=33ABE -- 033ABE: move.w  D0, (A1)
D0=0 D1=60 D2=40 D3=0 D4=0 D5=0 D6=0 D7=0 A0=33A72 A1=3C0002 A2=33816 A3=108F6A A4=10947C A5=108000 A6=108E3C PC=33AC0 -- 033AC0: move.w  D0, (A1)
D0=0 D1=60 D2=40 D3=0 D4=0 D5=0 D6=0 D7=0 A0=33A72 A1=3C0002 A2=33816 A3=108F6A A4=10947C A5=108000 A6=108E3C PC=33AC2 -- 033AC2: move.w  D0, (A1)
D0=0 D1=60 D2=40 D3=0 D4=0 D5=0 D6=0 D7=0 A0=33A72 A1=3C0002 A2=33816 A3=108F6A A4=10947C A5=108000 A6=108E3C PC=33AC4 -- 033AC4: move.w  D0, (A1)
D0=0 D1=60 D2=40 D3=0 D4=0 D5=0 D6=0 D7=0 A0=33A72 A1=3C0002 A2=33816 A3=108F6A A4=10947C A5=108000 A6=108E3C PC=33AC6 -- 033AC6: move.w  D0, (A1)
D0=0 D1=60 D2=40 D3=0 D4=0 D5=0 D6=0 D7=0 A0=33A72 A1=3C0002 A2=33816 A3=108F6A A4=10947C A5=108000 A6=108E3C PC=33AC8 -- 033AC8: move.w  D0, (A1)
D0=0 D1=60 D2=40 D3=0 D4=0 D5=0 D6=0 D7=0 A0=33A72 A1=3C0002 A2=33816 A3=108F6A A4=10947C A5=108000 A6=108E3C PC=33ACA -- 033ACA: move.w  D0, (A1)
D0=0 D1=60 D2=40 D3=0 D4=0 D5=0 D6=0 D7=0 A0=33A72 A1=3C0002 A2=33816 A3=108F6A A4=10947C A5=108000 A6=108E3C PC=33ACC -- 033ACC: move.w  D0, (A1)
D0=0 D1=60 D2=40 D3=0 D4=0 D5=0 D6=0 D7=0 A0=33A72 A1=3C0002 A2=33816 A3=108F6A A4=10947C A5=108000 A6=108E3C PC=33ACE -- 033ACE: move.w  D0, (A1)
D0=0 D1=60 D2=40 D3=0 D4=0 D5=0 D6=0 D7=0 A0=33A72 A1=3C0002 A2=33816 A3=108F6A A4=10947C A5=108000 A6=108E3C PC=33AD0 -- 033AD0: move.w  D0, (A1)
D0=0 D1=60 D2=40 D3=0 D4=0 D5=0 D6=0 D7=0 A0=33A72 A1=3C0002 A2=33816 A3=108F6A A4=10947C A5=108000 A6=108E3C PC=33AD2 -- 033AD2: move.w  D0, (A1)
D0=0 D1=60 D2=40 D3=0 D4=0 D5=0 D6=0 D7=0 A0=33A72 A1=3C0002 A2=33816 A3=108F6A A4=10947C A5=108000 A6=108E3C PC=33AD4 -- 033AD4: move.w  D0, (A1)
D0=0 D1=60 D2=40 D3=0 D4=0 D5=0 D6=0 D7=0 A0=33A72 A1=3C0002 A2=33816 A3=108F6A A4=10947C A5=108000 A6=108E3C PC=33AD6 -- 033AD6: move.w  D0, (A1)
D0=0 D1=60 D2=40 D3=0 D4=0 D5=0 D6=0 D7=0 A0=33A72 A1=3C0002 A2=33816 A3=108F6A A4=10947C A5=108000 A6=108E3C PC=33AD8 -- 033AD8: move.w  D0, (A1)
D0=0 D1=60 D2=40 D3=0 D4=0 D5=0 D6=0 D7=0 A0=33A72 A1=3C0002 A2=33816 A3=108F6A A4=10947C A5=108000 A6=108E3C PC=33ADA -- 033ADA: move.w  D0, (A1)
D0=0 D1=60 D2=40 D3=0 D4=0 D5=0 D6=0 D7=0 A0=33A72 A1=3C0002 A2=33816 A3=108F6A A4=10947C A5=108000 A6=108E3C PC=33ADC -- 033ADC: move.w  D0, (A1)
D0=0 D1=60 D2=40 D3=0 D4=0 D5=0 D6=0 D7=0 A0=33A72 A1=3C0002 A2=33816 A3=108F6A A4=10947C A5=108000 A6=108E3C PC=33ADE -- 033ADE: move.w  D0, (A1)
D0=0 D1=60 D2=40 D3=0 D4=0 D5=0 D6=0 D7=0 A0=33A72 A1=3C0002 A2=33816 A3=108F6A A4=10947C A5=108000 A6=108E3C PC=33AE0 -- 033AE0: move.w  D0, (A1)
D0=0 D1=60 D2=40 D3=0 D4=0 D5=0 D6=0 D7=0 A0=33A72 A1=3C0002 A2=33816 A3=108F6A A4=10947C A5=108000 A6=108E3C PC=33AE2 -- 033AE2: move.w  D0, (A1)
D0=0 D1=60 D2=40 D3=0 D4=0 D5=0 D6=0 D7=0 A0=33A72 A1=3C0002 A2=33816 A3=108F6A A4=10947C A5=108000 A6=108E3C PC=33AE4 -- 033AE4: move.w  D0, (A1)
D0=0 D1=60 D2=40 D3=0 D4=0 D5=0 D6=0 D7=0 A0=33A72 A1=3C0002 A2=33816 A3=108F6A A4=10947C A5=108000 A6=108E3C PC=33AE6 -- 033AE6: move.w  D0, (A1)
D0=0 D1=60 D2=40 D3=0 D4=0 D5=0 D6=0 D7=0 A0=33A72 A1=3C0002 A2=33816 A3=108F6A A4=10947C A5=108000 A6=108E3C PC=33AE8 -- 033AE8: move.w  D0, (A1)
D0=0 D1=60 D2=40 D3=0 D4=0 D5=0 D6=0 D7=0 A0=33A72 A1=3C0002 A2=33816 A3=108F6A A4=10947C A5=108000 A6=108E3C PC=33AEA -- 033AEA: move.w  D0, (A1)
D0=0 D1=60 D2=40 D3=0 D4=0 D5=0 D6=0 D7=0 A0=33A72 A1=3C0002 A2=33816 A3=108F6A A4=10947C A5=108000 A6=108E3C PC=33AEC -- 033AEC: move.w  D0, (A1)
D0=0 D1=60 D2=40 D3=0 D4=0 D5=0 D6=0 D7=0 A0=33A72 A1=3C0002 A2=33816 A3=108F6A A4=10947C A5=108000 A6=108E3C PC=33AEE -- 033AEE: move.w  D0, (A1)
D0=0 D1=60 D2=40 D3=0 D4=0 D5=0 D6=0 D7=0 A0=33A72 A1=3C0002 A2=33816 A3=108F6A A4=10947C A5=108000 A6=108E3C PC=33AF0 -- 033AF0: move.w  D0, (A1)
D0=0 D1=60 D2=40 D3=0 D4=0 D5=0 D6=0 D7=0 A0=33A72 A1=3C0002 A2=33816 A3=108F6A A4=10947C A5=108000 A6=108E3C PC=33AF2 -- 033AF2: move.w  D0, (A1)
D0=0 D1=60 D2=40 D3=0 D4=0 D5=0 D6=0 D7=0 A0=33A72 A1=3C0002 A2=33816 A3=108F6A A4=10947C A5=108000 A6=108E3C PC=33AF4 -- 033AF4: move.w  D0, (A1)
D0=0 D1=60 D2=40 D3=0 D4=0 D5=0 D6=0 D7=0 A0=33A72 A1=3C0002 A2=33816 A3=108F6A A4=10947C A5=108000 A6=108E3C PC=33AF6 -- 033AF6: move.w  D0, (A1)
D0=0 D1=60 D2=40 D3=0 D4=0 D5=0 D6=0 D7=0 A0=33A72 A1=3C0002 A2=33816 A3=108F6A A4=10947C A5=108000 A6=108E3C PC=33AF8 -- 033AF8: move.w  D0, (A1)
D0=0 D1=60 D2=40 D3=0 D4=0 D5=0 D6=0 D7=0 A0=33A72 A1=3C0002 A2=33816 A3=108F6A A4=10947C A5=108000 A6=108E3C PC=33AFA -- 033AFA: move.w  D0, (A1)
D0=0 D1=60 D2=40 D3=0 D4=0 D5=0 D6=0 D7=0 A0=33A72 A1=3C0002 A2=33816 A3=108F6A A4=10947C A5=108000 A6=108E3C PC=33AFC -- 033AFC: move.w  D0, (A1)
D0=0 D1=60 D2=40 D3=0 D4=0 D5=0 D6=0 D7=0 A0=33A72 A1=3C0002 A2=33816 A3=108F6A A4=10947C A5=108000 A6=108E3C PC=33AFE -- 033AFE: move.w  D0, (A1)
D0=0 D1=60 D2=40 D3=0 D4=0 D5=0 D6=0 D7=0 A0=33A72 A1=3C0002 A2=33816 A3=108F6A A4=10947C A5=108000 A6=108E3C PC=33B00 -- 033B00: move.w  D0, (A1)
D0=0 D1=60 D2=40 D3=0 D4=0 D5=0 D6=0 D7=0 A0=33A72 A1=3C0002 A2=33816 A3=108F6A A4=10947C A5=108000 A6=108E3C PC=33B02 -- 033B02: move.w  D0, (A1)
D0=0 D1=60 D2=40 D3=0 D4=0 D5=0 D6=0 D7=0 A0=33A72 A1=3C0002 A2=33816 A3=108F6A A4=10947C A5=108000 A6=108E3C PC=33B04 -- 033B04: move.w  D0, (A1)
D0=0 D1=60 D2=40 D3=0 D4=0 D5=0 D6=0 D7=0 A0=33A72 A1=3C0002 A2=33816 A3=108F6A A4=10947C A5=108000 A6=108E3C PC=33B06 -- 033B06: move.w  D0, (A1)
D0=0 D1=60 D2=40 D3=0 D4=0 D5=0 D6=0 D7=0 A0=33A72 A1=3C0002 A2=33816 A3=108F6A A4=10947C A5=108000 A6=108E3C PC=33B08 -- 033B08: move.w  D0, (A1)
D0=0 D1=60 D2=40 D3=0 D4=0 D5=0 D6=0 D7=0 A0=33A72 A1=3C0002 A2=33816 A3=108F6A A4=10947C A5=108000 A6=108E3C PC=33B0A -- 033B0A: move.w  D0, (A1)
D0=0 D1=60 D2=40 D3=0 D4=0 D5=0 D6=0 D7=0 A0=33A72 A1=3C0002 A2=33816 A3=108F6A A4=10947C A5=108000 A6=108E3C PC=33B0C -- 033B0C: move.w  D0, (A1)
D0=0 D1=60 D2=40 D3=0 D4=0 D5=0 D6=0 D7=0 A0=33A72 A1=3C0002 A2=33816 A3=108F6A A4=10947C A5=108000 A6=108E3C PC=33B0E -- 033B0E: move.w  D0, (A1)
D0=0 D1=60 D2=40 D3=0 D4=0 D5=0 D6=0 D7=0 A0=33A72 A1=3C0002 A2=33816 A3=108F6A A4=10947C A5=108000 A6=108E3C PC=33B10 -- 033B10: move.w  D0, (A1)
D0=0 D1=60 D2=40 D3=0 D4=0 D5=0 D6=0 D7=0 A0=33A72 A1=3C0002 A2=33816 A3=108F6A A4=10947C A5=108000 A6=108E3C PC=33B12 -- 033B12: move.w  D0, (A1)
D0=0 D1=60 D2=40 D3=0 D4=0 D5=0 D6=0 D7=0 A0=33A72 A1=3C0002 A2=33816 A3=108F6A A4=10947C A5=108000 A6=108E3C PC=33B14 -- 033B14: move.w  D0, (A1)
D0=0 D1=60 D2=40 D3=0 D4=0 D5=0 D6=0 D7=0 A0=33A72 A1=3C0002 A2=33816 A3=108F6A A4=10947C A5=108000 A6=108E3C PC=33B16 -- 033B16: move.w  D0, (A1)
D0=0 D1=60 D2=40 D3=0 D4=0 D5=0 D6=0 D7=0 A0=33A72 A1=3C0002 A2=33816 A3=108F6A A4=10947C A5=108000 A6=108E3C PC=33B18 -- 033B18: move.w  D0, (A1)
D0=0 D1=60 D2=40 D3=0 D4=0 D5=0 D6=0 D7=0 A0=33A72 A1=3C0002 A2=33816 A3=108F6A A4=10947C A5=108000 A6=108E3C PC=33B1A -- 033B1A: move.w  D0, (A1)
D0=0 D1=60 D2=40 D3=0 D4=0 D5=0 D6=0 D7=0 A0=33A72 A1=3C0002 A2=33816 A3=108F6A A4=10947C A5=108000 A6=108E3C PC=33B1C -- 033B1C: move.w  D0, (A1)
D0=0 D1=60 D2=40 D3=0 D4=0 D5=0 D6=0 D7=0 A0=33A72 A1=3C0002 A2=33816 A3=108F6A A4=10947C A5=108000 A6=108E3C PC=33B1E -- 033B1E: move.w  D0, (A1)
D0=0 D1=60 D2=40 D3=0 D4=0 D5=0 D6=0 D7=0 A0=33A72 A1=3C0002 A2=33816 A3=108F6A A4=10947C A5=108000 A6=108E3C PC=33B20 -- 033B20: move.w  D0, (A1)
D0=0 D1=60 D2=40 D3=0 D4=0 D5=0 D6=0 D7=0 A0=33A72 A1=3C0002 A2=33816 A3=108F6A A4=10947C A5=108000 A6=108E3C PC=33B22 -- 033B22: move.w  D0, (A1)
D0=0 D1=60 D2=40 D3=0 D4=0 D5=0 D6=0 D7=0 A0=33A72 A1=3C0002 A2=33816 A3=108F6A A4=10947C A5=108000 A6=108E3C PC=33B24 -- 033B24: move.w  D0, (A1)
D0=0 D1=60 D2=40 D3=0 D4=0 D5=0 D6=0 D7=0 A0=33A72 A1=3C0002 A2=33816 A3=108F6A A4=10947C A5=108000 A6=108E3C PC=33B26 -- 033B26: move.w  D0, (A1)
D0=0 D1=60 D2=40 D3=0 D4=0 D5=0 D6=0 D7=0 A0=33A72 A1=3C0002 A2=33816 A3=108F6A A4=10947C A5=108000 A6=108E3C PC=33B28 -- 033B28: move.w  D0, (A1)
D0=0 D1=60 D2=40 D3=0 D4=0 D5=0 D6=0 D7=0 A0=33A72 A1=3C0002 A2=33816 A3=108F6A A4=10947C A5=108000 A6=108E3C PC=33B2A -- 033B2A: move.w  D0, (A1)
D0=0 D1=60 D2=40 D3=0 D4=0 D5=0 D6=0 D7=0 A0=33A72 A1=3C0002 A2=33816 A3=108F6A A4=10947C A5=108000 A6=108E3C PC=33B2C -- 033B2C: move.w  D0, (A1)
D0=0 D1=60 D2=40 D3=0 D4=0 D5=0 D6=0 D7=0 A0=33A72 A1=3C0002 A2=33816 A3=108F6A A4=10947C A5=108000 A6=108E3C PC=33B2E -- 033B2E: move.w  D0, (A1)
D0=0 D1=60 D2=40 D3=0 D4=0 D5=0 D6=0 D7=0 A0=33A72 A1=3C0002 A2=33816 A3=108F6A A4=10947C A5=108000 A6=108E3C PC=33B30 -- 033B30: move.w  D0, (A1)
D0=0 D1=60 D2=40 D3=0 D4=0 D5=0 D6=0 D7=0 A0=33A72 A1=3C0002 A2=33816 A3=108F6A A4=10947C A5=108000 A6=108E3C PC=33B32 -- 033B32: rts
D0=0 D1=60 D2=40 D3=0 D4=0 D5=0 D6=0 D7=0 A0=33A72 A1=3C0002 A2=33816 A3=108F6A A4=10947C A5=108000 A6=108E3C PC=32BDC -- 032BDC: bsr     $33be2
D0=0 D1=60 D2=40 D3=0 D4=0 D5=0 D6=0 D7=0 A0=33A72 A1=3C0002 A2=33816 A3=108F6A A4=10947C A5=108000 A6=108E3C PC=33BE2 -- 033BE2: tst.b   ($1798,A5)
D0=0 D1=60 D2=40 D3=0 D4=0 D5=0 D6=0 D7=0 A0=33A72 A1=3C0002 A2=33816 A3=108F6A A4=10947C A5=108000 A6=108E3C PC=33BE6 -- 033BE6: beq     $33c46
D0=0 D1=60 D2=40 D3=0 D4=0 D5=0 D6=0 D7=0 A0=33A72 A1=3C0002 A2=33816 A3=108F6A A4=10947C A5=108000 A6=108E3C PC=33C46 -- 033C46: rts
D0=0 D1=60 D2=40 D3=0 D4=0 D5=0 D6=0 D7=0 A0=33A72 A1=3C0002 A2=33816 A3=108F6A A4=10947C A5=108000 A6=108E3C PC=32BE0 -- 032BE0: bsr     $33b34
D0=0 D1=60 D2=40 D3=0 D4=0 D5=0 D6=0 D7=0 A0=33A72 A1=3C0002 A2=33816 A3=108F6A A4=10947C A5=108000 A6=108E3C PC=33B34 -- 033B34: tst.b   ($168e,A5)
D0=0 D1=60 D2=40 D3=0 D4=0 D5=0 D6=0 D7=0 A0=33A72 A1=3C0002 A2=33816 A3=108F6A A4=10947C A5=108000 A6=108E3C PC=33B38 -- 033B38: beq     $33be0
D0=0 D1=60 D2=40 D3=0 D4=0 D5=0 D6=0 D7=0 A0=33A72 A1=3C0002 A2=33816 A3=108F6A A4=10947C A5=108000 A6=108E3C PC=33B3C -- 033B3C: lea     ($147e,A5), A0
D0=0 D1=60 D2=40 D3=0 D4=0 D5=0 D6=0 D7=0 A0=10947E A1=3C0002 A2=33816 A3=108F6A A4=10947C A5=108000 A6=108E3C PC=33B40 -- 033B40: move.w  #$1, $3c0004.l
D0=0 D1=60 D2=40 D3=0 D4=0 D5=0 D6=0 D7=0 A0=10947E A1=3C0002 A2=33816 A3=108F6A A4=10947C A5=108000 A6=108E3C PC=33B48 -- 033B48: lea     $3c0000.l, A1
D0=0 D1=60 D2=40 D3=0 D4=0 D5=0 D6=0 D7=0 A0=10947E A1=3C0000 A2=33816 A3=108F6A A4=10947C A5=108000 A6=108E3C PC=33B4E -- 033B4E: move.w  (A0)+, (A1)+
D0=0 D1=60 D2=40 D3=0 D4=0 D5=0 D6=0 D7=0 A0=109480 A1=3C0002 A2=33816 A3=108F6A A4=10947C A5=108000 A6=108E3C PC=33B50 -- 033B50: move.w  (A0)+, (A1)
D0=0 D1=60 D2=40 D3=0 D4=0 D5=0 D6=0 D7=0 A0=109482 A1=3C0002 A2=33816 A3=108F6A A4=10947C A5=108000 A6=108E3C PC=33B52 -- 033B52: move.w  (A0)+, (A1)
D0=0 D1=60 D2=40 D3=0 D4=0 D5=0 D6=0 D7=0 A0=109484 A1=3C0002 A2=33816 A3=108F6A A4=10947C A5=108000 A6=108E3C PC=33B54 -- 033B54: move.w  (A0)+, (A1)
D0=0 D1=60 D2=40 D3=0 D4=0 D5=0 D6=0 D7=0 A0=109486 A1=3C0002 A2=33816 A3=108F6A A4=10947C A5=108000 A6=108E3C PC=33B56 -- 033B56: move.w  (A0)+, (A1)
D0=0 D1=60 D2=40 D3=0 D4=0 D5=0 D6=0 D7=0 A0=109488 A1=3C0002 A2=33816 A3=108F6A A4=10947C A5=108000 A6=108E3C PC=33B58 -- 033B58: move.w  (A0)+, (A1)
D0=0 D1=60 D2=40 D3=0 D4=0 D5=0 D6=0 D7=0 A0=10948A A1=3C0002 A2=33816 A3=108F6A A4=10947C A5=108000 A6=108E3C PC=33B5A -- 033B5A: move.w  (A0)+, (A1)
D0=0 D1=60 D2=40 D3=0 D4=0 D5=0 D6=0 D7=0 A0=10948C A1=3C0002 A2=33816 A3=108F6A A4=10947C A5=108000 A6=108E3C PC=33B5C -- 033B5C: move.w  (A0)+, (A1)
D0=0 D1=60 D2=40 D3=0 D4=0 D5=0 D6=0 D7=0 A0=10948E A1=3C0002 A2=33816 A3=108F6A A4=10947C A5=108000 A6=108E3C PC=33B5E -- 033B5E: move.w  (A0)+, (A1)
D0=0 D1=60 D2=40 D3=0 D4=0 D5=0 D6=0 D7=0 A0=109490 A1=3C0002 A2=33816 A3=108F6A A4=10947C A5=108000 A6=108E3C PC=33B60 -- 033B60: move.w  (A0)+, (A1)
D0=0 D1=60 D2=40 D3=0 D4=0 D5=0 D6=0 D7=0 A0=109492 A1=3C0002 A2=33816 A3=108F6A A4=10947C A5=108000 A6=108E3C PC=33B62 -- 033B62: move.w  (A0)+, (A1)
D0=0 D1=60 D2=40 D3=0 D4=0 D5=0 D6=0 D7=0 A0=109494 A1=3C0002 A2=33816 A3=108F6A A4=10947C A5=108000 A6=108E3C PC=33B64 -- 033B64: move.w  (A0)+, (A1)
D0=0 D1=60 D2=40 D3=0 D4=0 D5=0 D6=0 D7=0 A0=109496 A1=3C0002 A2=33816 A3=108F6A A4=10947C A5=108000 A6=108E3C PC=33B66 -- 033B66: move.w  (A0)+, (A1)
D0=0 D1=60 D2=40 D3=0 D4=0 D5=0 D6=0 D7=0 A0=109498 A1=3C0002 A2=33816 A3=108F6A A4=10947C A5=108000 A6=108E3C PC=33B68 -- 033B68: move.w  (A0)+, (A1)
D0=0 D1=60 D2=40 D3=0 D4=0 D5=0 D6=0 D7=0 A0=10949A A1=3C0002 A2=33816 A3=108F6A A4=10947C A5=108000 A6=108E3C PC=33B6A -- 033B6A: move.w  (A0)+, (A1)
D0=0 D1=60 D2=40 D3=0 D4=0 D5=0 D6=0 D7=0 A0=10949C A1=3C0002 A2=33816 A3=108F6A A4=10947C A5=108000 A6=108E3C PC=33B6C -- 033B6C: move.w  (A0)+, (A1)
D0=0 D1=60 D2=40 D3=0 D4=0 D5=0 D6=0 D7=0 A0=10949E A1=3C0002 A2=33816 A3=108F6A A4=10947C A5=108000 A6=108E3C PC=33B6E -- 033B6E: move.w  (A0)+, (A1)
D0=0 D1=60 D2=40 D3=0 D4=0 D5=0 D6=0 D7=0 A0=1094A0 A1=3C0002 A2=33816 A3=108F6A A4=10947C A5=108000 A6=108E3C PC=33B70 -- 033B70: move.w  (A0)+, (A1)
D0=0 D1=60 D2=40 D3=0 D4=0 D5=0 D6=0 D7=0 A0=1094A2 A1=3C0002 A2=33816 A3=108F6A A4=10947C A5=108000 A6=108E3C PC=33B72 -- 033B72: move.w  (A0)+, (A1)
D0=0 D1=60 D2=40 D3=0 D4=0 D5=0 D6=0 D7=0 A0=1094A4 A1=3C0002 A2=33816 A3=108F6A A4=10947C A5=108000 A6=108E3C PC=33B74 -- 033B74: move.w  (A0)+, (A1)
D0=0 D1=60 D2=40 D3=0 D4=0 D5=0 D6=0 D7=0 A0=1094A6 A1=3C0002 A2=33816 A3=108F6A A4=10947C A5=108000 A6=108E3C PC=33B76 -- 033B76: move.w  (A0)+, (A1)
D0=0 D1=60 D2=40 D3=0 D4=0 D5=0 D6=0 D7=0 A0=1094A8 A1=3C0002 A2=33816 A3=108F6A A4=10947C A5=108000 A6=108E3C PC=33B78 -- 033B78: move.w  (A0)+, (A1)
D0=0 D1=60 D2=40 D3=0 D4=0 D5=0 D6=0 D7=0 A0=1094AA A1=3C0002 A2=33816 A3=108F6A A4=10947C A5=108000 A6=108E3C PC=33B7A -- 033B7A: move.w  (A0)+, (A1)
D0=0 D1=60 D2=40 D3=0 D4=0 D5=0 D6=0 D7=0 A0=1094AC A1=3C0002 A2=33816 A3=108F6A A4=10947C A5=108000 A6=108E3C PC=33B7C -- 033B7C: move.w  (A0)+, (A1)
D0=0 D1=60 D2=40 D3=0 D4=0 D5=0 D6=0 D7=0 A0=1094AE A1=3C0002 A2=33816 A3=108F6A A4=10947C A5=108000 A6=108E3C PC=33B7E -- 033B7E: move.w  (A0)+, (A1)
D0=0 D1=60 D2=40 D3=0 D4=0 D5=0 D6=0 D7=0 A0=1094B0 A1=3C0002 A2=33816 A3=108F6A A4=10947C A5=108000 A6=108E3C PC=33B80 -- 033B80: move.w  (A0)+, (A1)
D0=0 D1=60 D2=40 D3=0 D4=0 D5=0 D6=0 D7=0 A0=1094B2 A1=3C0002 A2=33816 A3=108F6A A4=10947C A5=108000 A6=108E3C PC=33B82 -- 033B82: move.w  (A0)+, (A1)
D0=0 D1=60 D2=40 D3=0 D4=0 D5=0 D6=0 D7=0 A0=1094B4 A1=3C0002 A2=33816 A3=108F6A A4=10947C A5=108000 A6=108E3C PC=33B84 -- 033B84: move.w  (A0)+, (A1)
D0=0 D1=60 D2=40 D3=0 D4=0 D5=0 D6=0 D7=0 A0=1094B6 A1=3C0002 A2=33816 A3=108F6A A4=10947C A5=108000 A6=108E3C PC=33B86 -- 033B86: move.w  (A0)+, (A1)
D0=0 D1=60 D2=40 D3=0 D4=0 D5=0 D6=0 D7=0 A0=1094B8 A1=3C0002 A2=33816 A3=108F6A A4=10947C A5=108000 A6=108E3C PC=33B88 -- 033B88: move.w  (A0)+, (A1)
D0=0 D1=60 D2=40 D3=0 D4=0 D5=0 D6=0 D7=0 A0=1094BA A1=3C0002 A2=33816 A3=108F6A A4=10947C A5=108000 A6=108E3C PC=33B8A -- 033B8A: move.w  (A0)+, (A1)
D0=0 D1=60 D2=40 D3=0 D4=0 D5=0 D6=0 D7=0 A0=1094BC A1=3C0002 A2=33816 A3=108F6A A4=10947C A5=108000 A6=108E3C PC=33B8C -- 033B8C: move.w  (A0)+, (A1)
D0=0 D1=60 D2=40 D3=0 D4=0 D5=0 D6=0 D7=0 A0=1094BE A1=3C0002 A2=33816 A3=108F6A A4=10947C A5=108000 A6=108E3C PC=33B8E -- 033B8E: move.w  (A0)+, (A1)
D0=0 D1=60 D2=40 D3=0 D4=0 D5=0 D6=0 D7=0 A0=1094C0 A1=3C0002 A2=33816 A3=108F6A A4=10947C A5=108000 A6=108E3C PC=33B90 -- 033B90: lea     $3c0000.l, A1
D0=0 D1=60 D2=40 D3=0 D4=0 D5=0 D6=0 D7=0 A0=1094C0 A1=3C0000 A2=33816 A3=108F6A A4=10947C A5=108000 A6=108E3C PC=33B96 -- 033B96: move.w  (A0)+, (A1)+
D0=0 D1=60 D2=40 D3=0 D4=0 D5=0 D6=0 D7=0 A0=1094C2 A1=3C0002 A2=33816 A3=108F6A A4=10947C A5=108000 A6=108E3C PC=33B98 -- 033B98: move.w  (A0)+, (A1)
D0=0 D1=60 D2=40 D3=0 D4=0 D5=0 D6=0 D7=0 A0=1094C4 A1=3C0002 A2=33816 A3=108F6A A4=10947C A5=108000 A6=108E3C PC=33B9A -- 033B9A: move.w  (A0)+, (A1)
D0=0 D1=60 D2=40 D3=0 D4=0 D5=0 D6=0 D7=0 A0=1094C6 A1=3C0002 A2=33816 A3=108F6A A4=10947C A5=108000 A6=108E3C PC=33B9C -- 033B9C: move.w  (A0)+, (A1)
D0=0 D1=60 D2=40 D3=0 D4=0 D5=0 D6=0 D7=0 A0=1094C8 A1=3C0002 A2=33816 A3=108F6A A4=10947C A5=108000 A6=108E3C PC=33B9E -- 033B9E: move.w  (A0)+, (A1)
D0=0 D1=60 D2=40 D3=0 D4=0 D5=0 D6=0 D7=0 A0=1094CA A1=3C0002 A2=33816 A3=108F6A A4=10947C A5=108000 A6=108E3C PC=33BA0 -- 033BA0: move.w  (A0)+, (A1)
D0=0 D1=60 D2=40 D3=0 D4=0 D5=0 D6=0 D7=0 A0=1094CC A1=3C0002 A2=33816 A3=108F6A A4=10947C A5=108000 A6=108E3C PC=33BA2 -- 033BA2: move.w  (A0)+, (A1)
D0=0 D1=60 D2=40 D3=0 D4=0 D5=0 D6=0 D7=0 A0=1094CE A1=3C0002 A2=33816 A3=108F6A A4=10947C A5=108000 A6=108E3C PC=33BA4 -- 033BA4: move.w  (A0)+, (A1)
D0=0 D1=60 D2=40 D3=0 D4=0 D5=0 D6=0 D7=0 A0=1094D0 A1=3C0002 A2=33816 A3=108F6A A4=10947C A5=108000 A6=108E3C PC=33BA6 -- 033BA6: move.w  (A0)+, (A1)
D0=0 D1=60 D2=40 D3=0 D4=0 D5=0 D6=0 D7=0 A0=1094D2 A1=3C0002 A2=33816 A3=108F6A A4=10947C A5=108000 A6=108E3C PC=33BA8 -- 033BA8: move.w  (A0)+, (A1)
D0=0 D1=60 D2=40 D3=0 D4=0 D5=0 D6=0 D7=0 A0=1094D4 A1=3C0002 A2=33816 A3=108F6A A4=10947C A5=108000 A6=108E3C PC=33BAA -- 033BAA: move.w  (A0)+, (A1)
D0=0 D1=60 D2=40 D3=0 D4=0 D5=0 D6=0 D7=0 A0=1094D6 A1=3C0002 A2=33816 A3=108F6A A4=10947C A5=108000 A6=108E3C PC=33BAC -- 033BAC: move.w  (A0)+, (A1)
D0=0 D1=60 D2=40 D3=0 D4=0 D5=0 D6=0 D7=0 A0=1094D8 A1=3C0002 A2=33816 A3=108F6A A4=10947C A5=108000 A6=108E3C PC=33BAE -- 033BAE: move.w  (A0)+, (A1)
D0=0 D1=60 D2=40 D3=0 D4=0 D5=0 D6=0 D7=0 A0=1094DA A1=3C0002 A2=33816 A3=108F6A A4=10947C A5=108000 A6=108E3C PC=33BB0 -- 033BB0: move.w  (A0)+, (A1)
D0=0 D1=60 D2=40 D3=0 D4=0 D5=0 D6=0 D7=0 A0=1094DC A1=3C0002 A2=33816 A3=108F6A A4=10947C A5=108000 A6=108E3C PC=33BB2 -- 033BB2: move.w  (A0)+, (A1)
D0=0 D1=60 D2=40 D3=0 D4=0 D5=0 D6=0 D7=0 A0=1094DE A1=3C0002 A2=33816 A3=108F6A A4=10947C A5=108000 A6=108E3C PC=33BB4 -- 033BB4: move.w  (A0)+, (A1)
D0=0 D1=60 D2=40 D3=0 D4=0 D5=0 D6=0 D7=0 A0=1094E0 A1=3C0002 A2=33816 A3=108F6A A4=10947C A5=108000 A6=108E3C PC=33BB6 -- 033BB6: move.w  (A0)+, (A1)
D0=0 D1=60 D2=40 D3=0 D4=0 D5=0 D6=0 D7=0 A0=1094E2 A1=3C0002 A2=33816 A3=108F6A A4=10947C A5=108000 A6=108E3C PC=33BB8 -- 033BB8: move.w  (A0)+, (A1)
D0=0 D1=60 D2=40 D3=0 D4=0 D5=0 D6=0 D7=0 A0=1094E4 A1=3C0002 A2=33816 A3=108F6A A4=10947C A5=108000 A6=108E3C PC=33BBA -- 033BBA: move.w  (A0)+, (A1)
D0=0 D1=60 D2=40 D3=0 D4=0 D5=0 D6=0 D7=0 A0=1094E6 A1=3C0002 A2=33816 A3=108F6A A4=10947C A5=108000 A6=108E3C PC=33BBC -- 033BBC: move.w  (A0)+, (A1)
D0=0 D1=60 D2=40 D3=0 D4=0 D5=0 D6=0 D7=0 A0=1094E8 A1=3C0002 A2=33816 A3=108F6A A4=10947C A5=108000 A6=108E3C PC=33BBE -- 033BBE: move.w  (A0)+, (A1)
D0=0 D1=60 D2=40 D3=0 D4=0 D5=0 D6=0 D7=0 A0=1094EA A1=3C0002 A2=33816 A3=108F6A A4=10947C A5=108000 A6=108E3C PC=33BC0 -- 033BC0: move.w  (A0)+, (A1)
D0=0 D1=60 D2=40 D3=0 D4=0 D5=0 D6=0 D7=0 A0=1094EC A1=3C0002 A2=33816 A3=108F6A A4=10947C A5=108000 A6=108E3C PC=33BC2 -- 033BC2: move.w  (A0)+, (A1)
D0=0 D1=60 D2=40 D3=0 D4=0 D5=0 D6=0 D7=0 A0=1094EE A1=3C0002 A2=33816 A3=108F6A A4=10947C A5=108000 A6=108E3C PC=33BC4 -- 033BC4: move.w  (A0)+, (A1)
D0=0 D1=60 D2=40 D3=0 D4=0 D5=0 D6=0 D7=0 A0=1094F0 A1=3C0002 A2=33816 A3=108F6A A4=10947C A5=108000 A6=108E3C PC=33BC6 -- 033BC6: move.w  (A0)+, (A1)
D0=0 D1=60 D2=40 D3=0 D4=0 D5=0 D6=0 D7=0 A0=1094F2 A1=3C0002 A2=33816 A3=108F6A A4=10947C A5=108000 A6=108E3C PC=33BC8 -- 033BC8: move.w  (A0)+, (A1)
D0=0 D1=60 D2=40 D3=0 D4=0 D5=0 D6=0 D7=0 A0=1094F4 A1=3C0002 A2=33816 A3=108F6A A4=10947C A5=108000 A6=108E3C PC=33BCA -- 033BCA: move.w  (A0)+, (A1)
D0=0 D1=60 D2=40 D3=0 D4=0 D5=0 D6=0 D7=0 A0=1094F6 A1=3C0002 A2=33816 A3=108F6A A4=10947C A5=108000 A6=108E3C PC=33BCC -- 033BCC: move.w  (A0)+, (A1)
D0=0 D1=60 D2=40 D3=0 D4=0 D5=0 D6=0 D7=0 A0=1094F8 A1=3C0002 A2=33816 A3=108F6A A4=10947C A5=108000 A6=108E3C PC=33BCE -- 033BCE: move.w  (A0)+, (A1)
D0=0 D1=60 D2=40 D3=0 D4=0 D5=0 D6=0 D7=0 A0=1094FA A1=3C0002 A2=33816 A3=108F6A A4=10947C A5=108000 A6=108E3C PC=33BD0 -- 033BD0: move.w  (A0)+, (A1)
D0=0 D1=60 D2=40 D3=0 D4=0 D5=0 D6=0 D7=0 A0=1094FC A1=3C0002 A2=33816 A3=108F6A A4=10947C A5=108000 A6=108E3C PC=33BD2 -- 033BD2: move.w  (A0)+, (A1)
D0=0 D1=60 D2=40 D3=0 D4=0 D5=0 D6=0 D7=0 A0=1094FE A1=3C0002 A2=33816 A3=108F6A A4=10947C A5=108000 A6=108E3C PC=33BD4 -- 033BD4: move.w  (A0)+, (A1)
D0=0 D1=60 D2=40 D3=0 D4=0 D5=0 D6=0 D7=0 A0=109500 A1=3C0002 A2=33816 A3=108F6A A4=10947C A5=108000 A6=108E3C PC=33BD6 -- 033BD6: move.w  (A0)+, (A1)
D0=0 D1=60 D2=40 D3=0 D4=0 D5=0 D6=0 D7=0 A0=109502 A1=3C0002 A2=33816 A3=108F6A A4=10947C A5=108000 A6=108E3C PC=33BD8 -- 033BD8: subq.b  #1, ($168e,A5)
D0=0 D1=60 D2=40 D3=0 D4=0 D5=0 D6=0 D7=0 A0=109502 A1=3C0002 A2=33816 A3=108F6A A4=10947C A5=108000 A6=108E3C PC=33BDC -- 033BDC: bne     $33b48
D0=0 D1=60 D2=40 D3=0 D4=0 D5=0 D6=0 D7=0 A0=109502 A1=3C0002 A2=33816 A3=108F6A A4=10947C A5=108000 A6=108E3C PC=33BE0 -- 033BE0: rts
D0=0 D1=60 D2=40 D3=0 D4=0 D5=0 D6=0 D7=0 A0=109502 A1=3C0002 A2=33816 A3=108F6A A4=10947C A5=108000 A6=108E3C PC=32BE4 -- 032BE4: jsr     $2bd7ac.l
D0=0 D1=60 D2=40 D3=0 D4=0 D5=0 D6=0 D7=0 A0=109502 A1=3C0002 A2=33816 A3=108F6A A4=10947C A5=108000 A6=108E3C PC=2BD7AC -- 2BD7AC: move.b  $10f8e4.l, D5
D0=0 D1=60 D2=40 D3=0 D4=0 D5=0 D6=0 D7=0 A0=109502 A1=3C0002 A2=33816 A3=108F6A A4=10947C A5=108000 A6=108E3C PC=2BD7B2 -- 2BD7B2: cmpi.b  #$1, D5
D0=0 D1=60 D2=40 D3=0 D4=0 D5=0 D6=0 D7=0 A0=109502 A1=3C0002 A2=33816 A3=108F6A A4=10947C A5=108000 A6=108E3C PC=2BD7B6 -- 2BD7B6: bne     $2bd7f4
D0=0 D1=60 D2=40 D3=0 D4=0 D5=0 D6=0 D7=0 A0=109502 A1=3C0002 A2=33816 A3=108F6A A4=10947C A5=108000 A6=108E3C PC=2BD7F4 -- 2BD7F4: jsr     $6536.l
D0=0 D1=60 D2=40 D3=0 D4=0 D5=0 D6=0 D7=0 A0=109502 A1=3C0002 A2=33816 A3=108F6A A4=10947C A5=108000 A6=108E3C PC=6536 -- 006536: moveq   #$0, D0
D0=0 D1=60 D2=40 D3=0 D4=0 D5=0 D6=0 D7=0 A0=109502 A1=3C0002 A2=33816 A3=108F6A A4=10947C A5=108000 A6=108E3C PC=6538 -- 006538: lea     ($38c4,A5), A0
D0=0 D1=60 D2=40 D3=0 D4=0 D5=0 D6=0 D7=0 A0=10B8C4 A1=3C0002 A2=33816 A3=108F6A A4=10947C A5=108000 A6=108E3C PC=653C -- 00653C: move.b  ($38bd,A5), D0
D0=21 D1=60 D2=40 D3=0 D4=0 D5=0 D6=0 D7=0 A0=10B8C4 A1=3C0002 A2=33816 A3=108F6A A4=10947C A5=108000 A6=108E3C PC=6540 -- 006540: cmp.b   ($38bc,A5), D0
D0=21 D1=60 D2=40 D3=0 D4=0 D5=0 D6=0 D7=0 A0=10B8C4 A1=3C0002 A2=33816 A3=108F6A A4=10947C A5=108000 A6=108E3C PC=6544 -- 006544: beq     $655c
D0=21 D1=60 D2=40 D3=0 D4=0 D5=0 D6=0 D7=0 A0=10B8C4 A1=3C0002 A2=33816 A3=108F6A A4=10947C A5=108000 A6=108E3C PC=6546 -- 006546: addq.b  #1, ($38bd,A5)
D0=21 D1=60 D2=40 D3=0 D4=0 D5=0 D6=0 D7=0 A0=10B8C4 A1=3C0002 A2=33816 A3=108F6A A4=10947C A5=108000 A6=108E3C PC=654A -- 00654A: move.b  (A0,D0.w), D0
D0=3C D1=60 D2=40 D3=0 D4=0 D5=0 D6=0 D7=0 A0=10B8C4 A1=3C0002 A2=33816 A3=108F6A A4=10947C A5=108000 A6=108E3C PC=654E -- 00654E: beq     $653c
D0=3C D1=60 D2=40 D3=0 D4=0 D5=0 D6=0 D7=0 A0=10B8C4 A1=3C0002 A2=33816 A3=108F6A A4=10947C A5=108000 A6=108E3C PC=6550 -- 006550: cmpi.b  #$1, D0
D0=3C D1=60 D2=40 D3=0 D4=0 D5=0 D6=0 D7=0 A0=10B8C4 A1=3C0002 A2=33816 A3=108F6A A4=10947C A5=108000 A6=108E3C PC=6554 -- 006554: beq     $655c
D0=3C D1=60 D2=40 D3=0 D4=0 D5=0 D6=0 D7=0 A0=10B8C4 A1=3C0002 A2=33816 A3=108F6A A4=10947C A5=108000 A6=108E3C PC=6556 -- 006556: jsr     $2bcbb2.l
D0=3C D1=60 D2=40 D3=0 D4=0 D5=0 D6=0 D7=0 A0=10B8C4 A1=3C0002 A2=33816 A3=108F6A A4=10947C A5=108000 A6=108E3C PC=2BCBB2 -- 2BCBB2: cmpi.b  #$1, $10f8e4.l
D0=3C D1=60 D2=40 D3=0 D4=0 D5=0 D6=0 D7=0 A0=10B8C4 A1=3C0002 A2=33816 A3=108F6A A4=10947C A5=108000 A6=108E3C PC=2BCBBA -- 2BCBBA: bne     $2bcbca
D0=3C D1=60 D2=40 D3=0 D4=0 D5=0 D6=0 D7=0 A0=10B8C4 A1=3C0002 A2=33816 A3=108F6A A4=10947C A5=108000 A6=108E3C PC=2BCBCA -- 2BCBCA: move.b  D0, $320000.l
