D0=72DD0371 D1=1B D2=749D0370 D3=FFFF D4=8402E40 D5=80218000 D6=842184B9 D7=FFFF A0=37046 A1=D00034 A2=4ABB4 A3=108F6C A4=108584 A5=108000 A6=108E3C -- 0371FE: movea.l ($7ea,A5), A6
D0=72DD0371 D1=1B D2=749D0370 D3=FFFF D4=8402E40 D5=80218000 D6=842184B9 D7=FFFF A0=37046 A1=D00034 A2=4ABB4 A3=108F6C A4=108584 A5=108000 A6=10B9CA -- 037202: btst    #$5, (-$8000,A5)
D0=72DD0371 D1=1B D2=749D0370 D3=FFFF D4=8402E40 D5=80218000 D6=842184B9 D7=FFFF A0=37046 A1=D00034 A2=4ABB4 A3=108F6C A4=108584 A5=108000 A6=10B9CA -- 037208: beq     $3720e
D0=72DD0371 D1=1B D2=749D0370 D3=FFFF D4=8402E40 D5=80218000 D6=842184B9 D7=FFFF A0=37046 A1=D00034 A2=4ABB4 A3=108F6C A4=108584 A5=108000 A6=10B9CA -- 03720E: lea     ($100,A5), A4
D0=72DD0371 D1=1B D2=749D0370 D3=FFFF D4=8402E40 D5=80218000 D6=842184B9 D7=FFFF A0=37046 A1=D00034 A2=4ABB4 A3=108F6C A4=108100 A5=108000 A6=10B9CA -- 037212: movea.l (A4), A0
D0=72DD0371 D1=1B D2=749D0370 D3=FFFF D4=8402E40 D5=80218000 D6=842184B9 D7=FFFF A0=3723A A1=D00034 A2=4ABB4 A3=108F6C A4=108100 A5=108000 A6=10B9CA -- 037214: jsr     (A0)
D0=72DD0371 D1=1B D2=749D0370 D3=FFFF D4=8402E40 D5=80218000 D6=842184B9 D7=FFFF A0=3723A A1=D00034 A2=4ABB4 A3=108F6C A4=108100 A5=108000 A6=10B9CA -- 03723A: clr.b   ($cf,A4)
D0=72DD0371 D1=1B D2=749D0370 D3=FFFF D4=8402E40 D5=80218000 D6=842184B9 D7=FFFF A0=3723A A1=D00034 A2=4ABB4 A3=108F6C A4=108100 A5=108000 A6=10B9CA -- 03723E: bsr     $37870
D0=72DD0371 D1=1B D2=749D0370 D3=FFFF D4=8402E40 D5=80218000 D6=842184B9 D7=FFFF A0=3723A A1=D00034 A2=4ABB4 A3=108F6C A4=108100 A5=108000 A6=10B9CA -- 037870: cmpa.l  #$108100, A4
D0=72DD0371 D1=1B D2=749D0370 D3=FFFF D4=8402E40 D5=80218000 D6=842184B9 D7=FFFF A0=3723A A1=D00034 A2=4ABB4 A3=108F6C A4=108100 A5=108000 A6=10B9CA -- 037876: bne     $378c4
D0=72DD0371 D1=1B D2=749D0370 D3=FFFF D4=8402E40 D5=80218000 D6=842184B9 D7=FFFF A0=3723A A1=D00034 A2=4ABB4 A3=108F6C A4=108100 A5=108000 A6=10B9CA -- 037878: moveq   #$0, D0
D0=0 D1=1B D2=749D0370 D3=FFFF D4=8402E40 D5=80218000 D6=842184B9 D7=FFFF A0=3723A A1=D00034 A2=4ABB4 A3=108F6C A4=108100 A5=108000 A6=10B9CA -- 03787A: move.b  ($231,A5), D0
D0=5 D1=1B D2=749D0370 D3=FFFF D4=8402E40 D5=80218000 D6=842184B9 D7=FFFF A0=3723A A1=D00034 A2=4ABB4 A3=108F6C A4=108100 A5=108000 A6=10B9CA -- 03787E: bsr     $3790e
D0=5 D1=1B D2=749D0370 D3=FFFF D4=8402E40 D5=80218000 D6=842184B9 D7=FFFF A0=3723A A1=D00034 A2=4ABB4 A3=108F6C A4=108100 A5=108000 A6=10B9CA -- 03790E: add.w   D0, D0
D0=A D1=1B D2=749D0370 D3=FFFF D4=8402E40 D5=80218000 D6=842184B9 D7=FFFF A0=3723A A1=D00034 A2=4ABB4 A3=108F6C A4=108100 A5=108000 A6=10B9CA -- 037910: add.w   D0, D0
D0=14 D1=1B D2=749D0370 D3=FFFF D4=8402E40 D5=80218000 D6=842184B9 D7=FFFF A0=3723A A1=D00034 A2=4ABB4 A3=108F6C A4=108100 A5=108000 A6=10B9CA -- 037912: lea     $534dc.l, A2
D0=14 D1=1B D2=749D0370 D3=FFFF D4=8402E40 D5=80218000 D6=842184B9 D7=FFFF A0=3723A A1=D00034 A2=534DC A3=108F6C A4=108100 A5=108000 A6=10B9CA -- 037918: adda.w  D0, A2
D0=14 D1=1B D2=749D0370 D3=FFFF D4=8402E40 D5=80218000 D6=842184B9 D7=FFFF A0=3723A A1=D00034 A2=534F0 A3=108F6C A4=108100 A5=108000 A6=10B9CA -- 03791A: rts
D0=14 D1=1B D2=749D0370 D3=FFFF D4=8402E40 D5=80218000 D6=842184B9 D7=FFFF A0=3723A A1=D00034 A2=534F0 A3=108F6C A4=108100 A5=108000 A6=10B9CA -- 037882: lea     ($7f2,A5), A3
D0=14 D1=1B D2=749D0370 D3=FFFF D4=8402E40 D5=80218000 D6=842184B9 D7=FFFF A0=3723A A1=D00034 A2=534F0 A3=1087F2 A4=108100 A5=108000 A6=10B9CA -- 037886: move.w  #$28, D5
D0=14 D1=1B D2=749D0370 D3=FFFF D4=8402E40 D5=80210028 D6=842184B9 D7=FFFF A0=3723A A1=D00034 A2=534F0 A3=1087F2 A4=108100 A5=108000 A6=10B9CA -- 03788A: moveq   #$2, D6
D0=14 D1=1B D2=749D0370 D3=FFFF D4=8402E40 D5=80210028 D6=2 D7=FFFF A0=3723A A1=D00034 A2=534F0 A3=1087F2 A4=108100 A5=108000 A6=10B9CA -- 03788C: lea     ($d4,PC) ; ($37962), A0
D0=14 D1=1B D2=749D0370 D3=FFFF D4=8402E40 D5=80210028 D6=2 D7=FFFF A0=37962 A1=D00034 A2=534F0 A3=1087F2 A4=108100 A5=108000 A6=10B9CA -- 037890: move.w  #$3500, D0
D0=3500 D1=1B D2=749D0370 D3=FFFF D4=8402E40 D5=80210028 D6=2 D7=FFFF A0=37962 A1=D00034 A2=534F0 A3=1087F2 A4=108100 A5=108000 A6=10B9CA -- 037894: jsr     $260e.w
D0=3500 D1=1B D2=749D0370 D3=FFFF D4=8402E40 D5=80210028 D6=2 D7=FFFF A0=37962 A1=D00034 A2=534F0 A3=1087F2 A4=108100 A5=108000 A6=10B9CA -- 00260E: move.w  ($580,A5), D7
D0=3500 D1=1B D2=749D0370 D3=FFFF D4=8402E40 D5=80210028 D6=2 D7=56 A0=37962 A1=D00034 A2=534F0 A3=1087F2 A4=108100 A5=108000 A6=10B9CA -- 002612: bmi     $2670
D0=3500 D1=1B D2=749D0370 D3=FFFF D4=8402E40 D5=80210028 D6=2 D7=56 A0=37962 A1=D00034 A2=534F0 A3=1087F2 A4=108100 A5=108000 A6=10B9CA -- 002616: subq.w  #2, ($580,A5)
D0=3500 D1=1B D2=749D0370 D3=FFFF D4=8402E40 D5=80210028 D6=2 D7=56 A0=37962 A1=D00034 A2=534F0 A3=1087F2 A4=108100 A5=108000 A6=10B9CA -- 00261A: lea     ($500,A5), A1
D0=3500 D1=1B D2=749D0370 D3=FFFF D4=8402E40 D5=80210028 D6=2 D7=56 A0=37962 A1=108500 A2=534F0 A3=1087F2 A4=108100 A5=108000 A6=10B9CA -- 00261E: movea.w (A1,D7.w), A1
D0=3500 D1=1B D2=749D0370 D3=FFFF D4=8402E40 D5=80210028 D6=2 D7=56 A0=37962 A1=2900 A2=534F0 A3=1087F2 A4=108100 A5=108000 A6=10B9CA -- 002622: adda.l  #$100000, A1
D0=3500 D1=1B D2=749D0370 D3=FFFF D4=8402E40 D5=80210028 D6=2 D7=56 A0=37962 A1=102900 A2=534F0 A3=1087F2 A4=108100 A5=108000 A6=10B9CA -- 002628: move.l  A0, (A1)
D0=3500 D1=1B D2=749D0370 D3=FFFF D4=8402E40 D5=80210028 D6=2 D7=56 A0=37962 A1=102900 A2=534F0 A3=1087F2 A4=108100 A5=108000 A6=10B9CA -- 00262A: move.w  D0, ($8,A1)
D0=3500 D1=1B D2=749D0370 D3=FFFF D4=8402E40 D5=80210028 D6=2 D7=56 A0=37962 A1=102900 A2=534F0 A3=1087F2 A4=108100 A5=108000 A6=10B9CA -- 00262E: lea     (-$7f00,A5), A0
D0=3500 D1=1B D2=749D0370 D3=FFFF D4=8402E40 D5=80210028 D6=2 D7=56 A0=100100 A1=102900 A2=534F0 A3=1087F2 A4=108100 A5=108000 A6=10B9CA -- 002632: move.l  A0, D7
D0=3500 D1=1B D2=749D0370 D3=FFFF D4=8402E40 D5=80210028 D6=2 D7=100100 A0=100100 A1=102900 A2=534F0 A3=1087F2 A4=108100 A5=108000 A6=10B9CA -- 002634: move.w  ($4,A0), D7
D0=3500 D1=1B D2=749D0370 D3=FFFF D4=8402E40 D5=80210028 D6=2 D7=100500 A0=100100 A1=102900 A2=534F0 A3=1087F2 A4=108100 A5=108000 A6=10B9CA -- 002638: movea.l D7, A0
D0=3500 D1=1B D2=749D0370 D3=FFFF D4=8402E40 D5=80210028 D6=2 D7=100500 A0=100500 A1=102900 A2=534F0 A3=1087F2 A4=108100 A5=108000 A6=10B9CA -- 00263A: cmp.w   ($8,A0), D0
D0=3500 D1=1B D2=749D0370 D3=FFFF D4=8402E40 D5=80210028 D6=2 D7=100500 A0=100500 A1=102900 A2=534F0 A3=1087F2 A4=108100 A5=108000 A6=10B9CA -- 00263E: bcc     $2634
D0=3500 D1=1B D2=749D0370 D3=FFFF D4=8402E40 D5=80210028 D6=2 D7=100500 A0=100500 A1=102900 A2=534F0 A3=1087F2 A4=108100 A5=108000 A6=10B9CA -- 002634: move.w  ($4,A0), D7
D0=3500 D1=1B D2=749D0370 D3=FFFF D4=8402E40 D5=80210028 D6=2 D7=100700 A0=100500 A1=102900 A2=534F0 A3=1087F2 A4=108100 A5=108000 A6=10B9CA -- 002638: movea.l D7, A0
D0=3500 D1=1B D2=749D0370 D3=FFFF D4=8402E40 D5=80210028 D6=2 D7=100700 A0=100700 A1=102900 A2=534F0 A3=1087F2 A4=108100 A5=108000 A6=10B9CA -- 00263A: cmp.w   ($8,A0), D0
D0=3500 D1=1B D2=749D0370 D3=FFFF D4=8402E40 D5=80210028 D6=2 D7=100700 A0=100700 A1=102900 A2=534F0 A3=1087F2 A4=108100 A5=108000 A6=10B9CA -- 00263E: bcc     $2634
D0=3500 D1=1B D2=749D0370 D3=FFFF D4=8402E40 D5=80210028 D6=2 D7=100700 A0=100700 A1=102900 A2=534F0 A3=1087F2 A4=108100 A5=108000 A6=10B9CA -- 002634: move.w  ($4,A0), D7
D0=3500 D1=1B D2=749D0370 D3=FFFF D4=8402E40 D5=80210028 D6=2 D7=100900 A0=100700 A1=102900 A2=534F0 A3=1087F2 A4=108100 A5=108000 A6=10B9CA -- 002638: movea.l D7, A0
D0=3500 D1=1B D2=749D0370 D3=FFFF D4=8402E40 D5=80210028 D6=2 D7=100900 A0=100900 A1=102900 A2=534F0 A3=1087F2 A4=108100 A5=108000 A6=10B9CA -- 00263A: cmp.w   ($8,A0), D0
D0=3500 D1=1B D2=749D0370 D3=FFFF D4=8402E40 D5=80210028 D6=2 D7=100900 A0=100900 A1=102900 A2=534F0 A3=1087F2 A4=108100 A5=108000 A6=10B9CA -- 00263E: bcc     $2634
D0=3500 D1=1B D2=749D0370 D3=FFFF D4=8402E40 D5=80210028 D6=2 D7=100900 A0=100900 A1=102900 A2=534F0 A3=1087F2 A4=108100 A5=108000 A6=10B9CA -- 002634: move.w  ($4,A0), D7
D0=3500 D1=1B D2=749D0370 D3=FFFF D4=8402E40 D5=80210028 D6=2 D7=100B00 A0=100900 A1=102900 A2=534F0 A3=1087F2 A4=108100 A5=108000 A6=10B9CA -- 002638: movea.l D7, A0
D0=3500 D1=1B D2=749D0370 D3=FFFF D4=8402E40 D5=80210028 D6=2 D7=100B00 A0=100B00 A1=102900 A2=534F0 A3=1087F2 A4=108100 A5=108000 A6=10B9CA -- 00263A: cmp.w   ($8,A0), D0
D0=3500 D1=1B D2=749D0370 D3=FFFF D4=8402E40 D5=80210028 D6=2 D7=100B00 A0=100B00 A1=102900 A2=534F0 A3=1087F2 A4=108100 A5=108000 A6=10B9CA -- 00263E: bcc     $2634
D0=3500 D1=1B D2=749D0370 D3=FFFF D4=8402E40 D5=80210028 D6=2 D7=100B00 A0=100B00 A1=102900 A2=534F0 A3=1087F2 A4=108100 A5=108000 A6=10B9CA -- 002634: move.w  ($4,A0), D7
D0=3500 D1=1B D2=749D0370 D3=FFFF D4=8402E40 D5=80210028 D6=2 D7=100D00 A0=100B00 A1=102900 A2=534F0 A3=1087F2 A4=108100 A5=108000 A6=10B9CA -- 002638: movea.l D7, A0
D0=3500 D1=1B D2=749D0370 D3=FFFF D4=8402E40 D5=80210028 D6=2 D7=100D00 A0=100D00 A1=102900 A2=534F0 A3=1087F2 A4=108100 A5=108000 A6=10B9CA -- 00263A: cmp.w   ($8,A0), D0
D0=3500 D1=1B D2=749D0370 D3=FFFF D4=8402E40 D5=80210028 D6=2 D7=100D00 A0=100D00 A1=102900 A2=534F0 A3=1087F2 A4=108100 A5=108000 A6=10B9CA -- 00263E: bcc     $2634
D0=3500 D1=1B D2=749D0370 D3=FFFF D4=8402E40 D5=80210028 D6=2 D7=100D00 A0=100D00 A1=102900 A2=534F0 A3=1087F2 A4=108100 A5=108000 A6=10B9CA -- 002634: move.w  ($4,A0), D7
D0=3500 D1=1B D2=749D0370 D3=FFFF D4=8402E40 D5=80210028 D6=2 D7=100F00 A0=100D00 A1=102900 A2=534F0 A3=1087F2 A4=108100 A5=108000 A6=10B9CA -- 002638: movea.l D7, A0
D0=3500 D1=1B D2=749D0370 D3=FFFF D4=8402E40 D5=80210028 D6=2 D7=100F00 A0=100F00 A1=102900 A2=534F0 A3=1087F2 A4=108100 A5=108000 A6=10B9CA -- 00263A: cmp.w   ($8,A0), D0
D0=3500 D1=1B D2=749D0370 D3=FFFF D4=8402E40 D5=80210028 D6=2 D7=100F00 A0=100F00 A1=102900 A2=534F0 A3=1087F2 A4=108100 A5=108000 A6=10B9CA -- 00263E: bcc     $2634
D0=3500 D1=1B D2=749D0370 D3=FFFF D4=8402E40 D5=80210028 D6=2 D7=100F00 A0=100F00 A1=102900 A2=534F0 A3=1087F2 A4=108100 A5=108000 A6=10B9CA -- 002634: move.w  ($4,A0), D7
D0=3500 D1=1B D2=749D0370 D3=FFFF D4=8402E40 D5=80210028 D6=2 D7=101100 A0=100F00 A1=102900 A2=534F0 A3=1087F2 A4=108100 A5=108000 A6=10B9CA -- 002638: movea.l D7, A0
D0=3500 D1=1B D2=749D0370 D3=FFFF D4=8402E40 D5=80210028 D6=2 D7=101100 A0=101100 A1=102900 A2=534F0 A3=1087F2 A4=108100 A5=108000 A6=10B9CA -- 00263A: cmp.w   ($8,A0), D0
D0=3500 D1=1B D2=749D0370 D3=FFFF D4=8402E40 D5=80210028 D6=2 D7=101100 A0=101100 A1=102900 A2=534F0 A3=1087F2 A4=108100 A5=108000 A6=10B9CA -- 00263E: bcc     $2634
D0=3500 D1=1B D2=749D0370 D3=FFFF D4=8402E40 D5=80210028 D6=2 D7=101100 A0=101100 A1=102900 A2=534F0 A3=1087F2 A4=108100 A5=108000 A6=10B9CA -- 002634: move.w  ($4,A0), D7
D0=3500 D1=1B D2=749D0370 D3=FFFF D4=8402E40 D5=80210028 D6=2 D7=101300 A0=101100 A1=102900 A2=534F0 A3=1087F2 A4=108100 A5=108000 A6=10B9CA -- 002638: movea.l D7, A0
D0=3500 D1=1B D2=749D0370 D3=FFFF D4=8402E40 D5=80210028 D6=2 D7=101300 A0=101300 A1=102900 A2=534F0 A3=1087F2 A4=108100 A5=108000 A6=10B9CA -- 00263A: cmp.w   ($8,A0), D0
D0=3500 D1=1B D2=749D0370 D3=FFFF D4=8402E40 D5=80210028 D6=2 D7=101300 A0=101300 A1=102900 A2=534F0 A3=1087F2 A4=108100 A5=108000 A6=10B9CA -- 00263E: bcc     $2634
D0=3500 D1=1B D2=749D0370 D3=FFFF D4=8402E40 D5=80210028 D6=2 D7=101300 A0=101300 A1=102900 A2=534F0 A3=1087F2 A4=108100 A5=108000 A6=10B9CA -- 002634: move.w  ($4,A0), D7
D0=3500 D1=1B D2=749D0370 D3=FFFF D4=8402E40 D5=80210028 D6=2 D7=101500 A0=101300 A1=102900 A2=534F0 A3=1087F2 A4=108100 A5=108000 A6=10B9CA -- 002638: movea.l D7, A0
D0=3500 D1=1B D2=749D0370 D3=FFFF D4=8402E40 D5=80210028 D6=2 D7=101500 A0=101500 A1=102900 A2=534F0 A3=1087F2 A4=108100 A5=108000 A6=10B9CA -- 00263A: cmp.w   ($8,A0), D0
D0=3500 D1=1B D2=749D0370 D3=FFFF D4=8402E40 D5=80210028 D6=2 D7=101500 A0=101500 A1=102900 A2=534F0 A3=1087F2 A4=108100 A5=108000 A6=10B9CA -- 00263E: bcc     $2634
D0=3500 D1=1B D2=749D0370 D3=FFFF D4=8402E40 D5=80210028 D6=2 D7=101500 A0=101500 A1=102900 A2=534F0 A3=1087F2 A4=108100 A5=108000 A6=10B9CA -- 002634: move.w  ($4,A0), D7
D0=3500 D1=1B D2=749D0370 D3=FFFF D4=8402E40 D5=80210028 D6=2 D7=101700 A0=101500 A1=102900 A2=534F0 A3=1087F2 A4=108100 A5=108000 A6=10B9CA -- 002638: movea.l D7, A0
D0=3500 D1=1B D2=749D0370 D3=FFFF D4=8402E40 D5=80210028 D6=2 D7=101700 A0=101700 A1=102900 A2=534F0 A3=1087F2 A4=108100 A5=108000 A6=10B9CA -- 00263A: cmp.w   ($8,A0), D0
D0=3500 D1=1B D2=749D0370 D3=FFFF D4=8402E40 D5=80210028 D6=2 D7=101700 A0=101700 A1=102900 A2=534F0 A3=1087F2 A4=108100 A5=108000 A6=10B9CA -- 00263E: bcc     $2634
D0=3500 D1=1B D2=749D0370 D3=FFFF D4=8402E40 D5=80210028 D6=2 D7=101700 A0=101700 A1=102900 A2=534F0 A3=1087F2 A4=108100 A5=108000 A6=10B9CA -- 002634: move.w  ($4,A0), D7
D0=3500 D1=1B D2=749D0370 D3=FFFF D4=8402E40 D5=80210028 D6=2 D7=101900 A0=101700 A1=102900 A2=534F0 A3=1087F2 A4=108100 A5=108000 A6=10B9CA -- 002638: movea.l D7, A0
D0=3500 D1=1B D2=749D0370 D3=FFFF D4=8402E40 D5=80210028 D6=2 D7=101900 A0=101900 A1=102900 A2=534F0 A3=1087F2 A4=108100 A5=108000 A6=10B9CA -- 00263A: cmp.w   ($8,A0), D0
D0=3500 D1=1B D2=749D0370 D3=FFFF D4=8402E40 D5=80210028 D6=2 D7=101900 A0=101900 A1=102900 A2=534F0 A3=1087F2 A4=108100 A5=108000 A6=10B9CA -- 00263E: bcc     $2634
D0=3500 D1=1B D2=749D0370 D3=FFFF D4=8402E40 D5=80210028 D6=2 D7=101900 A0=101900 A1=102900 A2=534F0 A3=1087F2 A4=108100 A5=108000 A6=10B9CA -- 002634: move.w  ($4,A0), D7
D0=3500 D1=1B D2=749D0370 D3=FFFF D4=8402E40 D5=80210028 D6=2 D7=101B00 A0=101900 A1=102900 A2=534F0 A3=1087F2 A4=108100 A5=108000 A6=10B9CA -- 002638: movea.l D7, A0
D0=3500 D1=1B D2=749D0370 D3=FFFF D4=8402E40 D5=80210028 D6=2 D7=101B00 A0=101B00 A1=102900 A2=534F0 A3=1087F2 A4=108100 A5=108000 A6=10B9CA -- 00263A: cmp.w   ($8,A0), D0
D0=3500 D1=1B D2=749D0370 D3=FFFF D4=8402E40 D5=80210028 D6=2 D7=101B00 A0=101B00 A1=102900 A2=534F0 A3=1087F2 A4=108100 A5=108000 A6=10B9CA -- 00263E: bcc     $2634
D0=3500 D1=1B D2=749D0370 D3=FFFF D4=8402E40 D5=80210028 D6=2 D7=101B00 A0=101B00 A1=102900 A2=534F0 A3=1087F2 A4=108100 A5=108000 A6=10B9CA -- 002634: move.w  ($4,A0), D7
D0=3500 D1=1B D2=749D0370 D3=FFFF D4=8402E40 D5=80210028 D6=2 D7=101D00 A0=101B00 A1=102900 A2=534F0 A3=1087F2 A4=108100 A5=108000 A6=10B9CA -- 002638: movea.l D7, A0
D0=3500 D1=1B D2=749D0370 D3=FFFF D4=8402E40 D5=80210028 D6=2 D7=101D00 A0=101D00 A1=102900 A2=534F0 A3=1087F2 A4=108100 A5=108000 A6=10B9CA -- 00263A: cmp.w   ($8,A0), D0
D0=3500 D1=1B D2=749D0370 D3=FFFF D4=8402E40 D5=80210028 D6=2 D7=101D00 A0=101D00 A1=102900 A2=534F0 A3=1087F2 A4=108100 A5=108000 A6=10B9CA -- 00263E: bcc     $2634
D0=3500 D1=1B D2=749D0370 D3=FFFF D4=8402E40 D5=80210028 D6=2 D7=101D00 A0=101D00 A1=102900 A2=534F0 A3=1087F2 A4=108100 A5=108000 A6=10B9CA -- 002634: move.w  ($4,A0), D7
D0=3500 D1=1B D2=749D0370 D3=FFFF D4=8402E40 D5=80210028 D6=2 D7=101F00 A0=101D00 A1=102900 A2=534F0 A3=1087F2 A4=108100 A5=108000 A6=10B9CA -- 002638: movea.l D7, A0
D0=3500 D1=1B D2=749D0370 D3=FFFF D4=8402E40 D5=80210028 D6=2 D7=101F00 A0=101F00 A1=102900 A2=534F0 A3=1087F2 A4=108100 A5=108000 A6=10B9CA -- 00263A: cmp.w   ($8,A0), D0
D0=3500 D1=1B D2=749D0370 D3=FFFF D4=8402E40 D5=80210028 D6=2 D7=101F00 A0=101F00 A1=102900 A2=534F0 A3=1087F2 A4=108100 A5=108000 A6=10B9CA -- 00263E: bcc     $2634
D0=3500 D1=1B D2=749D0370 D3=FFFF D4=8402E40 D5=80210028 D6=2 D7=101F00 A0=101F00 A1=102900 A2=534F0 A3=1087F2 A4=108100 A5=108000 A6=10B9CA -- 002634: move.w  ($4,A0), D7
D0=3500 D1=1B D2=749D0370 D3=FFFF D4=8402E40 D5=80210028 D6=2 D7=102100 A0=101F00 A1=102900 A2=534F0 A3=1087F2 A4=108100 A5=108000 A6=10B9CA -- 002638: movea.l D7, A0
D0=3500 D1=1B D2=749D0370 D3=FFFF D4=8402E40 D5=80210028 D6=2 D7=102100 A0=102100 A1=102900 A2=534F0 A3=1087F2 A4=108100 A5=108000 A6=10B9CA -- 00263A: cmp.w   ($8,A0), D0
D0=3500 D1=1B D2=749D0370 D3=FFFF D4=8402E40 D5=80210028 D6=2 D7=102100 A0=102100 A1=102900 A2=534F0 A3=1087F2 A4=108100 A5=108000 A6=10B9CA -- 00263E: bcc     $2634
D0=3500 D1=1B D2=749D0370 D3=FFFF D4=8402E40 D5=80210028 D6=2 D7=102100 A0=102100 A1=102900 A2=534F0 A3=1087F2 A4=108100 A5=108000 A6=10B9CA -- 002634: move.w  ($4,A0), D7
D0=3500 D1=1B D2=749D0370 D3=FFFF D4=8402E40 D5=80210028 D6=2 D7=102300 A0=102100 A1=102900 A2=534F0 A3=1087F2 A4=108100 A5=108000 A6=10B9CA -- 002638: movea.l D7, A0
D0=3500 D1=1B D2=749D0370 D3=FFFF D4=8402E40 D5=80210028 D6=2 D7=102300 A0=102300 A1=102900 A2=534F0 A3=1087F2 A4=108100 A5=108000 A6=10B9CA -- 00263A: cmp.w   ($8,A0), D0
D0=3500 D1=1B D2=749D0370 D3=FFFF D4=8402E40 D5=80210028 D6=2 D7=102300 A0=102300 A1=102900 A2=534F0 A3=1087F2 A4=108100 A5=108000 A6=10B9CA -- 00263E: bcc     $2634
D0=3500 D1=1B D2=749D0370 D3=FFFF D4=8402E40 D5=80210028 D6=2 D7=102300 A0=102300 A1=102900 A2=534F0 A3=1087F2 A4=108100 A5=108000 A6=10B9CA -- 002634: move.w  ($4,A0), D7
D0=3500 D1=1B D2=749D0370 D3=FFFF D4=8402E40 D5=80210028 D6=2 D7=102500 A0=102300 A1=102900 A2=534F0 A3=1087F2 A4=108100 A5=108000 A6=10B9CA -- 002638: movea.l D7, A0
D0=3500 D1=1B D2=749D0370 D3=FFFF D4=8402E40 D5=80210028 D6=2 D7=102500 A0=102500 A1=102900 A2=534F0 A3=1087F2 A4=108100 A5=108000 A6=10B9CA -- 00263A: cmp.w   ($8,A0), D0
D0=3500 D1=1B D2=749D0370 D3=FFFF D4=8402E40 D5=80210028 D6=2 D7=102500 A0=102500 A1=102900 A2=534F0 A3=1087F2 A4=108100 A5=108000 A6=10B9CA -- 00263E: bcc     $2634
D0=3500 D1=1B D2=749D0370 D3=FFFF D4=8402E40 D5=80210028 D6=2 D7=102500 A0=102500 A1=102900 A2=534F0 A3=1087F2 A4=108100 A5=108000 A6=10B9CA -- 002634: move.w  ($4,A0), D7
D0=3500 D1=1B D2=749D0370 D3=FFFF D4=8402E40 D5=80210028 D6=2 D7=102700 A0=102500 A1=102900 A2=534F0 A3=1087F2 A4=108100 A5=108000 A6=10B9CA -- 002638: movea.l D7, A0
D0=3500 D1=1B D2=749D0370 D3=FFFF D4=8402E40 D5=80210028 D6=2 D7=102700 A0=102700 A1=102900 A2=534F0 A3=1087F2 A4=108100 A5=108000 A6=10B9CA -- 00263A: cmp.w   ($8,A0), D0
D0=3500 D1=1B D2=749D0370 D3=FFFF D4=8402E40 D5=80210028 D6=2 D7=102700 A0=102700 A1=102900 A2=534F0 A3=1087F2 A4=108100 A5=108000 A6=10B9CA -- 00263E: bcc     $2634
D0=3500 D1=1B D2=749D0370 D3=FFFF D4=8402E40 D5=80210028 D6=2 D7=102700 A0=102700 A1=102900 A2=534F0 A3=1087F2 A4=108100 A5=108000 A6=10B9CA -- 002634: move.w  ($4,A0), D7
D0=3500 D1=1B D2=749D0370 D3=FFFF D4=8402E40 D5=80210028 D6=2 D7=100300 A0=102700 A1=102900 A2=534F0 A3=1087F2 A4=108100 A5=108000 A6=10B9CA -- 002638: movea.l D7, A0
D0=3500 D1=1B D2=749D0370 D3=FFFF D4=8402E40 D5=80210028 D6=2 D7=100300 A0=100300 A1=102900 A2=534F0 A3=1087F2 A4=108100 A5=108000 A6=10B9CA -- 00263A: cmp.w   ($8,A0), D0
D0=3500 D1=1B D2=749D0370 D3=FFFF D4=8402E40 D5=80210028 D6=2 D7=100300 A0=100300 A1=102900 A2=534F0 A3=1087F2 A4=108100 A5=108000 A6=10B9CA -- 00263E: bcc     $2634
D0=3500 D1=1B D2=749D0370 D3=FFFF D4=8402E40 D5=80210028 D6=2 D7=100300 A0=100300 A1=102900 A2=534F0 A3=1087F2 A4=108100 A5=108000 A6=10B9CA -- 002640: move.w  A0, ($4,A1)
D0=3500 D1=1B D2=749D0370 D3=FFFF D4=8402E40 D5=80210028 D6=2 D7=100300 A0=100300 A1=102900 A2=534F0 A3=1087F2 A4=108100 A5=108000 A6=10B9CA -- 002644: move.w  ($6,A0), ($6,A1)
D0=3500 D1=1B D2=749D0370 D3=FFFF D4=8402E40 D5=80210028 D6=2 D7=100300 A0=100300 A1=102900 A2=534F0 A3=1087F2 A4=108100 A5=108000 A6=10B9CA -- 00264A: move.w  ($6,A0), D7
D0=3500 D1=1B D2=749D0370 D3=FFFF D4=8402E40 D5=80210028 D6=2 D7=102700 A0=100300 A1=102900 A2=534F0 A3=1087F2 A4=108100 A5=108000 A6=10B9CA -- 00264E: move.w  A1, ($6,A0)
D0=3500 D1=1B D2=749D0370 D3=FFFF D4=8402E40 D5=80210028 D6=2 D7=102700 A0=100300 A1=102900 A2=534F0 A3=1087F2 A4=108100 A5=108000 A6=10B9CA -- 002652: movea.l D7, A0
D0=3500 D1=1B D2=749D0370 D3=FFFF D4=8402E40 D5=80210028 D6=2 D7=102700 A0=102700 A1=102900 A2=534F0 A3=1087F2 A4=108100 A5=108000 A6=10B9CA -- 002654: move.w  A1, ($4,A0)
D0=3500 D1=1B D2=749D0370 D3=FFFF D4=8402E40 D5=80210028 D6=2 D7=102700 A0=102700 A1=102900 A2=534F0 A3=1087F2 A4=108100 A5=108000 A6=10B9CA -- 002658: lea     ($10,A1), A0
D0=3500 D1=1B D2=749D0370 D3=FFFF D4=8402E40 D5=80210028 D6=2 D7=102700 A0=102910 A1=102900 A2=534F0 A3=1087F2 A4=108100 A5=108000 A6=10B9CA -- 00265C: move.w  #$1e, D0
D0=1E D1=1B D2=749D0370 D3=FFFF D4=8402E40 D5=80210028 D6=2 D7=102700 A0=102910 A1=102900 A2=534F0 A3=1087F2 A4=108100 A5=108000 A6=10B9CA -- 002660: moveq   #$0, D7
D0=1E D1=1B D2=749D0370 D3=FFFF D4=8402E40 D5=80210028 D6=2 D7=0 A0=102910 A1=102900 A2=534F0 A3=1087F2 A4=108100 A5=108000 A6=10B9CA -- 002662: move.l  D7, (A0)+
D0=1E D1=1B D2=749D0370 D3=FFFF D4=8402E40 D5=80210028 D6=2 D7=0 A0=102914 A1=102900 A2=534F0 A3=1087F2 A4=108100 A5=108000 A6=10B9CA -- 002664: move.l  D7, (A0)+
D0=1E D1=1B D2=749D0370 D3=FFFF D4=8402E40 D5=80210028 D6=2 D7=0 A0=102918 A1=102900 A2=534F0 A3=1087F2 A4=108100 A5=108000 A6=10B9CA -- 002666: move.l  D7, (A0)+
D0=1E D1=1B D2=749D0370 D3=FFFF D4=8402E40 D5=80210028 D6=2 D7=0 A0=10291C A1=102900 A2=534F0 A3=1087F2 A4=108100 A5=108000 A6=10B9CA -- 002668: move.l  D7, (A0)+
D0=1E D1=1B D2=749D0370 D3=FFFF D4=8402E40 D5=80210028 D6=2 D7=0 A0=102920 A1=102900 A2=534F0 A3=1087F2 A4=108100 A5=108000 A6=10B9CA -- 00266A: dbra    D0, $2662
D0=1D D1=1B D2=749D0370 D3=FFFF D4=8402E40 D5=80210028 D6=2 D7=0 A0=102920 A1=102900 A2=534F0 A3=1087F2 A4=108100 A5=108000 A6=10B9CA -- 002662: move.l  D7, (A0)+
D0=1D D1=1B D2=749D0370 D3=FFFF D4=8402E40 D5=80210028 D6=2 D7=0 A0=102924 A1=102900 A2=534F0 A3=1087F2 A4=108100 A5=108000 A6=10B9CA -- 002664: move.l  D7, (A0)+
D0=1D D1=1B D2=749D0370 D3=FFFF D4=8402E40 D5=80210028 D6=2 D7=0 A0=102928 A1=102900 A2=534F0 A3=1087F2 A4=108100 A5=108000 A6=10B9CA -- 002666: move.l  D7, (A0)+
D0=1D D1=1B D2=749D0370 D3=FFFF D4=8402E40 D5=80210028 D6=2 D7=0 A0=10292C A1=102900 A2=534F0 A3=1087F2 A4=108100 A5=108000 A6=10B9CA -- 002668: move.l  D7, (A0)+
D0=1D D1=1B D2=749D0370 D3=FFFF D4=8402E40 D5=80210028 D6=2 D7=0 A0=102930 A1=102900 A2=534F0 A3=1087F2 A4=108100 A5=108000 A6=10B9CA -- 00266A: dbra    D0, $2662
D0=1C D1=1B D2=749D0370 D3=FFFF D4=8402E40 D5=80210028 D6=2 D7=0 A0=102930 A1=102900 A2=534F0 A3=1087F2 A4=108100 A5=108000 A6=10B9CA -- 002662: move.l  D7, (A0)+
D0=1C D1=1B D2=749D0370 D3=FFFF D4=8402E40 D5=80210028 D6=2 D7=0 A0=102934 A1=102900 A2=534F0 A3=1087F2 A4=108100 A5=108000 A6=10B9CA -- 002664: move.l  D7, (A0)+
D0=1C D1=1B D2=749D0370 D3=FFFF D4=8402E40 D5=80210028 D6=2 D7=0 A0=102938 A1=102900 A2=534F0 A3=1087F2 A4=108100 A5=108000 A6=10B9CA -- 002666: move.l  D7, (A0)+
D0=1C D1=1B D2=749D0370 D3=FFFF D4=8402E40 D5=80210028 D6=2 D7=0 A0=10293C A1=102900 A2=534F0 A3=1087F2 A4=108100 A5=108000 A6=10B9CA -- 002668: move.l  D7, (A0)+
D0=1C D1=1B D2=749D0370 D3=FFFF D4=8402E40 D5=80210028 D6=2 D7=0 A0=102940 A1=102900 A2=534F0 A3=1087F2 A4=108100 A5=108000 A6=10B9CA -- 00266A: dbra    D0, $2662
D0=1B D1=1B D2=749D0370 D3=FFFF D4=8402E40 D5=80210028 D6=2 D7=0 A0=102940 A1=102900 A2=534F0 A3=1087F2 A4=108100 A5=108000 A6=10B9CA -- 002662: move.l  D7, (A0)+
D0=1B D1=1B D2=749D0370 D3=FFFF D4=8402E40 D5=80210028 D6=2 D7=0 A0=102944 A1=102900 A2=534F0 A3=1087F2 A4=108100 A5=108000 A6=10B9CA -- 002664: move.l  D7, (A0)+
D0=1B D1=1B D2=749D0370 D3=FFFF D4=8402E40 D5=80210028 D6=2 D7=0 A0=102948 A1=102900 A2=534F0 A3=1087F2 A4=108100 A5=108000 A6=10B9CA -- 002666: move.l  D7, (A0)+
D0=1B D1=1B D2=749D0370 D3=FFFF D4=8402E40 D5=80210028 D6=2 D7=0 A0=10294C A1=102900 A2=534F0 A3=1087F2 A4=108100 A5=108000 A6=10B9CA -- 002668: move.l  D7, (A0)+
D0=1B D1=1B D2=749D0370 D3=FFFF D4=8402E40 D5=80210028 D6=2 D7=0 A0=102950 A1=102900 A2=534F0 A3=1087F2 A4=108100 A5=108000 A6=10B9CA -- 00266A: dbra    D0, $2662
D0=1A D1=1B D2=749D0370 D3=FFFF D4=8402E40 D5=80210028 D6=2 D7=0 A0=102950 A1=102900 A2=534F0 A3=1087F2 A4=108100 A5=108000 A6=10B9CA -- 002662: move.l  D7, (A0)+
D0=1A D1=1B D2=749D0370 D3=FFFF D4=8402E40 D5=80210028 D6=2 D7=0 A0=102954 A1=102900 A2=534F0 A3=1087F2 A4=108100 A5=108000 A6=10B9CA -- 002664: move.l  D7, (A0)+
D0=1A D1=1B D2=749D0370 D3=FFFF D4=8402E40 D5=80210028 D6=2 D7=0 A0=102958 A1=102900 A2=534F0 A3=1087F2 A4=108100 A5=108000 A6=10B9CA -- 002666: move.l  D7, (A0)+
D0=1A D1=1B D2=749D0370 D3=FFFF D4=8402E40 D5=80210028 D6=2 D7=0 A0=10295C A1=102900 A2=534F0 A3=1087F2 A4=108100 A5=108000 A6=10B9CA -- 002668: move.l  D7, (A0)+
D0=1A D1=1B D2=749D0370 D3=FFFF D4=8402E40 D5=80210028 D6=2 D7=0 A0=102960 A1=102900 A2=534F0 A3=1087F2 A4=108100 A5=108000 A6=10B9CA -- 00266A: dbra    D0, $2662
D0=19 D1=1B D2=749D0370 D3=FFFF D4=8402E40 D5=80210028 D6=2 D7=0 A0=102960 A1=102900 A2=534F0 A3=1087F2 A4=108100 A5=108000 A6=10B9CA -- 002662: move.l  D7, (A0)+
D0=19 D1=1B D2=749D0370 D3=FFFF D4=8402E40 D5=80210028 D6=2 D7=0 A0=102964 A1=102900 A2=534F0 A3=1087F2 A4=108100 A5=108000 A6=10B9CA -- 002664: move.l  D7, (A0)+
D0=19 D1=1B D2=749D0370 D3=FFFF D4=8402E40 D5=80210028 D6=2 D7=0 A0=102968 A1=102900 A2=534F0 A3=1087F2 A4=108100 A5=108000 A6=10B9CA -- 002666: move.l  D7, (A0)+
D0=19 D1=1B D2=749D0370 D3=FFFF D4=8402E40 D5=80210028 D6=2 D7=0 A0=10296C A1=102900 A2=534F0 A3=1087F2 A4=108100 A5=108000 A6=10B9CA -- 002668: move.l  D7, (A0)+
D0=19 D1=1B D2=749D0370 D3=FFFF D4=8402E40 D5=80210028 D6=2 D7=0 A0=102970 A1=102900 A2=534F0 A3=1087F2 A4=108100 A5=108000 A6=10B9CA -- 00266A: dbra    D0, $2662
D0=18 D1=1B D2=749D0370 D3=FFFF D4=8402E40 D5=80210028 D6=2 D7=0 A0=102970 A1=102900 A2=534F0 A3=1087F2 A4=108100 A5=108000 A6=10B9CA -- 002662: move.l  D7, (A0)+
D0=18 D1=1B D2=749D0370 D3=FFFF D4=8402E40 D5=80210028 D6=2 D7=0 A0=102974 A1=102900 A2=534F0 A3=1087F2 A4=108100 A5=108000 A6=10B9CA -- 002664: move.l  D7, (A0)+
D0=18 D1=1B D2=749D0370 D3=FFFF D4=8402E40 D5=80210028 D6=2 D7=0 A0=102978 A1=102900 A2=534F0 A3=1087F2 A4=108100 A5=108000 A6=10B9CA -- 002666: move.l  D7, (A0)+
D0=18 D1=1B D2=749D0370 D3=FFFF D4=8402E40 D5=80210028 D6=2 D7=0 A0=10297C A1=102900 A2=534F0 A3=1087F2 A4=108100 A5=108000 A6=10B9CA -- 002668: move.l  D7, (A0)+
D0=18 D1=1B D2=749D0370 D3=FFFF D4=8402E40 D5=80210028 D6=2 D7=0 A0=102980 A1=102900 A2=534F0 A3=1087F2 A4=108100 A5=108000 A6=10B9CA -- 00266A: dbra    D0, $2662
D0=17 D1=1B D2=749D0370 D3=FFFF D4=8402E40 D5=80210028 D6=2 D7=0 A0=102980 A1=102900 A2=534F0 A3=1087F2 A4=108100 A5=108000 A6=10B9CA -- 002662: move.l  D7, (A0)+
D0=17 D1=1B D2=749D0370 D3=FFFF D4=8402E40 D5=80210028 D6=2 D7=0 A0=102984 A1=102900 A2=534F0 A3=1087F2 A4=108100 A5=108000 A6=10B9CA -- 002664: move.l  D7, (A0)+
D0=17 D1=1B D2=749D0370 D3=FFFF D4=8402E40 D5=80210028 D6=2 D7=0 A0=102988 A1=102900 A2=534F0 A3=1087F2 A4=108100 A5=108000 A6=10B9CA -- 002666: move.l  D7, (A0)+
D0=17 D1=1B D2=749D0370 D3=FFFF D4=8402E40 D5=80210028 D6=2 D7=0 A0=10298C A1=102900 A2=534F0 A3=1087F2 A4=108100 A5=108000 A6=10B9CA -- 002668: move.l  D7, (A0)+
D0=17 D1=1B D2=749D0370 D3=FFFF D4=8402E40 D5=80210028 D6=2 D7=0 A0=102990 A1=102900 A2=534F0 A3=1087F2 A4=108100 A5=108000 A6=10B9CA -- 00266A: dbra    D0, $2662
D0=16 D1=1B D2=749D0370 D3=FFFF D4=8402E40 D5=80210028 D6=2 D7=0 A0=102990 A1=102900 A2=534F0 A3=1087F2 A4=108100 A5=108000 A6=10B9CA -- 002662: move.l  D7, (A0)+
D0=16 D1=1B D2=749D0370 D3=FFFF D4=8402E40 D5=80210028 D6=2 D7=0 A0=102994 A1=102900 A2=534F0 A3=1087F2 A4=108100 A5=108000 A6=10B9CA -- 002664: move.l  D7, (A0)+
D0=16 D1=1B D2=749D0370 D3=FFFF D4=8402E40 D5=80210028 D6=2 D7=0 A0=102998 A1=102900 A2=534F0 A3=1087F2 A4=108100 A5=108000 A6=10B9CA -- 002666: move.l  D7, (A0)+
D0=16 D1=1B D2=749D0370 D3=FFFF D4=8402E40 D5=80210028 D6=2 D7=0 A0=10299C A1=102900 A2=534F0 A3=1087F2 A4=108100 A5=108000 A6=10B9CA -- 002668: move.l  D7, (A0)+
D0=16 D1=1B D2=749D0370 D3=FFFF D4=8402E40 D5=80210028 D6=2 D7=0 A0=1029A0 A1=102900 A2=534F0 A3=1087F2 A4=108100 A5=108000 A6=10B9CA -- 00266A: dbra    D0, $2662
D0=15 D1=1B D2=749D0370 D3=FFFF D4=8402E40 D5=80210028 D6=2 D7=0 A0=1029A0 A1=102900 A2=534F0 A3=1087F2 A4=108100 A5=108000 A6=10B9CA -- 002662: move.l  D7, (A0)+
D0=15 D1=1B D2=749D0370 D3=FFFF D4=8402E40 D5=80210028 D6=2 D7=0 A0=1029A4 A1=102900 A2=534F0 A3=1087F2 A4=108100 A5=108000 A6=10B9CA -- 002664: move.l  D7, (A0)+
D0=15 D1=1B D2=749D0370 D3=FFFF D4=8402E40 D5=80210028 D6=2 D7=0 A0=1029A8 A1=102900 A2=534F0 A3=1087F2 A4=108100 A5=108000 A6=10B9CA -- 002666: move.l  D7, (A0)+
D0=15 D1=1B D2=749D0370 D3=FFFF D4=8402E40 D5=80210028 D6=2 D7=0 A0=1029AC A1=102900 A2=534F0 A3=1087F2 A4=108100 A5=108000 A6=10B9CA -- 002668: move.l  D7, (A0)+
D0=15 D1=1B D2=749D0370 D3=FFFF D4=8402E40 D5=80210028 D6=2 D7=0 A0=1029B0 A1=102900 A2=534F0 A3=1087F2 A4=108100 A5=108000 A6=10B9CA -- 00266A: dbra    D0, $2662
D0=14 D1=1B D2=749D0370 D3=FFFF D4=8402E40 D5=80210028 D6=2 D7=0 A0=1029B0 A1=102900 A2=534F0 A3=1087F2 A4=108100 A5=108000 A6=10B9CA -- 002662: move.l  D7, (A0)+
D0=14 D1=1B D2=749D0370 D3=FFFF D4=8402E40 D5=80210028 D6=2 D7=0 A0=1029B4 A1=102900 A2=534F0 A3=1087F2 A4=108100 A5=108000 A6=10B9CA -- 002664: move.l  D7, (A0)+
D0=14 D1=1B D2=749D0370 D3=FFFF D4=8402E40 D5=80210028 D6=2 D7=0 A0=1029B8 A1=102900 A2=534F0 A3=1087F2 A4=108100 A5=108000 A6=10B9CA -- 002666: move.l  D7, (A0)+
D0=14 D1=1B D2=749D0370 D3=FFFF D4=8402E40 D5=80210028 D6=2 D7=0 A0=1029BC A1=102900 A2=534F0 A3=1087F2 A4=108100 A5=108000 A6=10B9CA -- 002668: move.l  D7, (A0)+
D0=14 D1=1B D2=749D0370 D3=FFFF D4=8402E40 D5=80210028 D6=2 D7=0 A0=1029C0 A1=102900 A2=534F0 A3=1087F2 A4=108100 A5=108000 A6=10B9CA -- 00266A: dbra    D0, $2662
D0=13 D1=1B D2=749D0370 D3=FFFF D4=8402E40 D5=80210028 D6=2 D7=0 A0=1029C0 A1=102900 A2=534F0 A3=1087F2 A4=108100 A5=108000 A6=10B9CA -- 002662: move.l  D7, (A0)+
D0=13 D1=1B D2=749D0370 D3=FFFF D4=8402E40 D5=80210028 D6=2 D7=0 A0=1029C4 A1=102900 A2=534F0 A3=1087F2 A4=108100 A5=108000 A6=10B9CA -- 002664: move.l  D7, (A0)+
D0=13 D1=1B D2=749D0370 D3=FFFF D4=8402E40 D5=80210028 D6=2 D7=0 A0=1029C8 A1=102900 A2=534F0 A3=1087F2 A4=108100 A5=108000 A6=10B9CA -- 002666: move.l  D7, (A0)+
D0=13 D1=1B D2=749D0370 D3=FFFF D4=8402E40 D5=80210028 D6=2 D7=0 A0=1029CC A1=102900 A2=534F0 A3=1087F2 A4=108100 A5=108000 A6=10B9CA -- 002668: move.l  D7, (A0)+
D0=13 D1=1B D2=749D0370 D3=FFFF D4=8402E40 D5=80210028 D6=2 D7=0 A0=1029D0 A1=102900 A2=534F0 A3=1087F2 A4=108100 A5=108000 A6=10B9CA -- 00266A: dbra    D0, $2662
D0=12 D1=1B D2=749D0370 D3=FFFF D4=8402E40 D5=80210028 D6=2 D7=0 A0=1029D0 A1=102900 A2=534F0 A3=1087F2 A4=108100 A5=108000 A6=10B9CA -- 002662: move.l  D7, (A0)+
D0=12 D1=1B D2=749D0370 D3=FFFF D4=8402E40 D5=80210028 D6=2 D7=0 A0=1029D4 A1=102900 A2=534F0 A3=1087F2 A4=108100 A5=108000 A6=10B9CA -- 002664: move.l  D7, (A0)+
D0=12 D1=1B D2=749D0370 D3=FFFF D4=8402E40 D5=80210028 D6=2 D7=0 A0=1029D8 A1=102900 A2=534F0 A3=1087F2 A4=108100 A5=108000 A6=10B9CA -- 002666: move.l  D7, (A0)+
D0=12 D1=1B D2=749D0370 D3=FFFF D4=8402E40 D5=80210028 D6=2 D7=0 A0=1029DC A1=102900 A2=534F0 A3=1087F2 A4=108100 A5=108000 A6=10B9CA -- 002668: move.l  D7, (A0)+
D0=12 D1=1B D2=749D0370 D3=FFFF D4=8402E40 D5=80210028 D6=2 D7=0 A0=1029E0 A1=102900 A2=534F0 A3=1087F2 A4=108100 A5=108000 A6=10B9CA -- 00266A: dbra    D0, $2662
D0=11 D1=1B D2=749D0370 D3=FFFF D4=8402E40 D5=80210028 D6=2 D7=0 A0=1029E0 A1=102900 A2=534F0 A3=1087F2 A4=108100 A5=108000 A6=10B9CA -- 002662: move.l  D7, (A0)+
D0=11 D1=1B D2=749D0370 D3=FFFF D4=8402E40 D5=80210028 D6=2 D7=0 A0=1029E4 A1=102900 A2=534F0 A3=1087F2 A4=108100 A5=108000 A6=10B9CA -- 002664: move.l  D7, (A0)+
D0=11 D1=1B D2=749D0370 D3=FFFF D4=8402E40 D5=80210028 D6=2 D7=0 A0=1029E8 A1=102900 A2=534F0 A3=1087F2 A4=108100 A5=108000 A6=10B9CA -- 002666: move.l  D7, (A0)+
D0=11 D1=1B D2=749D0370 D3=FFFF D4=8402E40 D5=80210028 D6=2 D7=0 A0=1029EC A1=102900 A2=534F0 A3=1087F2 A4=108100 A5=108000 A6=10B9CA -- 002668: move.l  D7, (A0)+
D0=11 D1=1B D2=749D0370 D3=FFFF D4=8402E40 D5=80210028 D6=2 D7=0 A0=1029F0 A1=102900 A2=534F0 A3=1087F2 A4=108100 A5=108000 A6=10B9CA -- 00266A: dbra    D0, $2662
D0=10 D1=1B D2=749D0370 D3=FFFF D4=8402E40 D5=80210028 D6=2 D7=0 A0=1029F0 A1=102900 A2=534F0 A3=1087F2 A4=108100 A5=108000 A6=10B9CA -- 002662: move.l  D7, (A0)+
D0=10 D1=1B D2=749D0370 D3=FFFF D4=8402E40 D5=80210028 D6=2 D7=0 A0=1029F4 A1=102900 A2=534F0 A3=1087F2 A4=108100 A5=108000 A6=10B9CA -- 002664: move.l  D7, (A0)+
D0=10 D1=1B D2=749D0370 D3=FFFF D4=8402E40 D5=80210028 D6=2 D7=0 A0=1029F8 A1=102900 A2=534F0 A3=1087F2 A4=108100 A5=108000 A6=10B9CA -- 002666: move.l  D7, (A0)+
D0=10 D1=1B D2=749D0370 D3=FFFF D4=8402E40 D5=80210028 D6=2 D7=0 A0=1029FC A1=102900 A2=534F0 A3=1087F2 A4=108100 A5=108000 A6=10B9CA -- 002668: move.l  D7, (A0)+
D0=10 D1=1B D2=749D0370 D3=FFFF D4=8402E40 D5=80210028 D6=2 D7=0 A0=102A00 A1=102900 A2=534F0 A3=1087F2 A4=108100 A5=108000 A6=10B9CA -- 00266A: dbra    D0, $2662
D0=F D1=1B D2=749D0370 D3=FFFF D4=8402E40 D5=80210028 D6=2 D7=0 A0=102A00 A1=102900 A2=534F0 A3=1087F2 A4=108100 A5=108000 A6=10B9CA -- 002662: move.l  D7, (A0)+
D0=F D1=1B D2=749D0370 D3=FFFF D4=8402E40 D5=80210028 D6=2 D7=0 A0=102A04 A1=102900 A2=534F0 A3=1087F2 A4=108100 A5=108000 A6=10B9CA -- 002664: move.l  D7, (A0)+
D0=F D1=1B D2=749D0370 D3=FFFF D4=8402E40 D5=80210028 D6=2 D7=0 A0=102A08 A1=102900 A2=534F0 A3=1087F2 A4=108100 A5=108000 A6=10B9CA -- 002666: move.l  D7, (A0)+
D0=F D1=1B D2=749D0370 D3=FFFF D4=8402E40 D5=80210028 D6=2 D7=0 A0=102A0C A1=102900 A2=534F0 A3=1087F2 A4=108100 A5=108000 A6=10B9CA -- 002668: move.l  D7, (A0)+
D0=F D1=1B D2=749D0370 D3=FFFF D4=8402E40 D5=80210028 D6=2 D7=0 A0=102A10 A1=102900 A2=534F0 A3=1087F2 A4=108100 A5=108000 A6=10B9CA -- 00266A: dbra    D0, $2662
D0=E D1=1B D2=749D0370 D3=FFFF D4=8402E40 D5=80210028 D6=2 D7=0 A0=102A10 A1=102900 A2=534F0 A3=1087F2 A4=108100 A5=108000 A6=10B9CA -- 002662: move.l  D7, (A0)+
D0=E D1=1B D2=749D0370 D3=FFFF D4=8402E40 D5=80210028 D6=2 D7=0 A0=102A14 A1=102900 A2=534F0 A3=1087F2 A4=108100 A5=108000 A6=10B9CA -- 002664: move.l  D7, (A0)+
D0=E D1=1B D2=749D0370 D3=FFFF D4=8402E40 D5=80210028 D6=2 D7=0 A0=102A18 A1=102900 A2=534F0 A3=1087F2 A4=108100 A5=108000 A6=10B9CA -- 002666: move.l  D7, (A0)+
D0=E D1=1B D2=749D0370 D3=FFFF D4=8402E40 D5=80210028 D6=2 D7=0 A0=102A1C A1=102900 A2=534F0 A3=1087F2 A4=108100 A5=108000 A6=10B9CA -- 002668: move.l  D7, (A0)+
D0=E D1=1B D2=749D0370 D3=FFFF D4=8402E40 D5=80210028 D6=2 D7=0 A0=102A20 A1=102900 A2=534F0 A3=1087F2 A4=108100 A5=108000 A6=10B9CA -- 00266A: dbra    D0, $2662
D0=D D1=1B D2=749D0370 D3=FFFF D4=8402E40 D5=80210028 D6=2 D7=0 A0=102A20 A1=102900 A2=534F0 A3=1087F2 A4=108100 A5=108000 A6=10B9CA -- 002662: move.l  D7, (A0)+
D0=D D1=1B D2=749D0370 D3=FFFF D4=8402E40 D5=80210028 D6=2 D7=0 A0=102A24 A1=102900 A2=534F0 A3=1087F2 A4=108100 A5=108000 A6=10B9CA -- 002664: move.l  D7, (A0)+
D0=D D1=1B D2=749D0370 D3=FFFF D4=8402E40 D5=80210028 D6=2 D7=0 A0=102A28 A1=102900 A2=534F0 A3=1087F2 A4=108100 A5=108000 A6=10B9CA -- 002666: move.l  D7, (A0)+
D0=D D1=1B D2=749D0370 D3=FFFF D4=8402E40 D5=80210028 D6=2 D7=0 A0=102A2C A1=102900 A2=534F0 A3=1087F2 A4=108100 A5=108000 A6=10B9CA -- 002668: move.l  D7, (A0)+
D0=D D1=1B D2=749D0370 D3=FFFF D4=8402E40 D5=80210028 D6=2 D7=0 A0=102A30 A1=102900 A2=534F0 A3=1087F2 A4=108100 A5=108000 A6=10B9CA -- 00266A: dbra    D0, $2662
D0=C D1=1B D2=749D0370 D3=FFFF D4=8402E40 D5=80210028 D6=2 D7=0 A0=102A30 A1=102900 A2=534F0 A3=1087F2 A4=108100 A5=108000 A6=10B9CA -- 002662: move.l  D7, (A0)+
D0=C D1=1B D2=749D0370 D3=FFFF D4=8402E40 D5=80210028 D6=2 D7=0 A0=102A34 A1=102900 A2=534F0 A3=1087F2 A4=108100 A5=108000 A6=10B9CA -- 002664: move.l  D7, (A0)+
D0=C D1=1B D2=749D0370 D3=FFFF D4=8402E40 D5=80210028 D6=2 D7=0 A0=102A38 A1=102900 A2=534F0 A3=1087F2 A4=108100 A5=108000 A6=10B9CA -- 002666: move.l  D7, (A0)+
D0=C D1=1B D2=749D0370 D3=FFFF D4=8402E40 D5=80210028 D6=2 D7=0 A0=102A3C A1=102900 A2=534F0 A3=1087F2 A4=108100 A5=108000 A6=10B9CA -- 002668: move.l  D7, (A0)+
D0=C D1=1B D2=749D0370 D3=FFFF D4=8402E40 D5=80210028 D6=2 D7=0 A0=102A40 A1=102900 A2=534F0 A3=1087F2 A4=108100 A5=108000 A6=10B9CA -- 00266A: dbra    D0, $2662
D0=B D1=1B D2=749D0370 D3=FFFF D4=8402E40 D5=80210028 D6=2 D7=0 A0=102A40 A1=102900 A2=534F0 A3=1087F2 A4=108100 A5=108000 A6=10B9CA -- 002662: move.l  D7, (A0)+
D0=B D1=1B D2=749D0370 D3=FFFF D4=8402E40 D5=80210028 D6=2 D7=0 A0=102A44 A1=102900 A2=534F0 A3=1087F2 A4=108100 A5=108000 A6=10B9CA -- 002664: move.l  D7, (A0)+
D0=B D1=1B D2=749D0370 D3=FFFF D4=8402E40 D5=80210028 D6=2 D7=0 A0=102A48 A1=102900 A2=534F0 A3=1087F2 A4=108100 A5=108000 A6=10B9CA -- 002666: move.l  D7, (A0)+
D0=B D1=1B D2=749D0370 D3=FFFF D4=8402E40 D5=80210028 D6=2 D7=0 A0=102A4C A1=102900 A2=534F0 A3=1087F2 A4=108100 A5=108000 A6=10B9CA -- 002668: move.l  D7, (A0)+
D0=B D1=1B D2=749D0370 D3=FFFF D4=8402E40 D5=80210028 D6=2 D7=0 A0=102A50 A1=102900 A2=534F0 A3=1087F2 A4=108100 A5=108000 A6=10B9CA -- 00266A: dbra    D0, $2662
D0=A D1=1B D2=749D0370 D3=FFFF D4=8402E40 D5=80210028 D6=2 D7=0 A0=102A50 A1=102900 A2=534F0 A3=1087F2 A4=108100 A5=108000 A6=10B9CA -- 002662: move.l  D7, (A0)+
D0=A D1=1B D2=749D0370 D3=FFFF D4=8402E40 D5=80210028 D6=2 D7=0 A0=102A54 A1=102900 A2=534F0 A3=1087F2 A4=108100 A5=108000 A6=10B9CA -- 002664: move.l  D7, (A0)+
D0=A D1=1B D2=749D0370 D3=FFFF D4=8402E40 D5=80210028 D6=2 D7=0 A0=102A58 A1=102900 A2=534F0 A3=1087F2 A4=108100 A5=108000 A6=10B9CA -- 002666: move.l  D7, (A0)+
D0=A D1=1B D2=749D0370 D3=FFFF D4=8402E40 D5=80210028 D6=2 D7=0 A0=102A5C A1=102900 A2=534F0 A3=1087F2 A4=108100 A5=108000 A6=10B9CA -- 002668: move.l  D7, (A0)+
D0=A D1=1B D2=749D0370 D3=FFFF D4=8402E40 D5=80210028 D6=2 D7=0 A0=102A60 A1=102900 A2=534F0 A3=1087F2 A4=108100 A5=108000 A6=10B9CA -- 00266A: dbra    D0, $2662
D0=9 D1=1B D2=749D0370 D3=FFFF D4=8402E40 D5=80210028 D6=2 D7=0 A0=102A60 A1=102900 A2=534F0 A3=1087F2 A4=108100 A5=108000 A6=10B9CA -- 002662: move.l  D7, (A0)+
D0=9 D1=1B D2=749D0370 D3=FFFF D4=8402E40 D5=80210028 D6=2 D7=0 A0=102A64 A1=102900 A2=534F0 A3=1087F2 A4=108100 A5=108000 A6=10B9CA -- 002664: move.l  D7, (A0)+
D0=9 D1=1B D2=749D0370 D3=FFFF D4=8402E40 D5=80210028 D6=2 D7=0 A0=102A68 A1=102900 A2=534F0 A3=1087F2 A4=108100 A5=108000 A6=10B9CA -- 002666: move.l  D7, (A0)+
D0=9 D1=1B D2=749D0370 D3=FFFF D4=8402E40 D5=80210028 D6=2 D7=0 A0=102A6C A1=102900 A2=534F0 A3=1087F2 A4=108100 A5=108000 A6=10B9CA -- 002668: move.l  D7, (A0)+
D0=9 D1=1B D2=749D0370 D3=FFFF D4=8402E40 D5=80210028 D6=2 D7=0 A0=102A70 A1=102900 A2=534F0 A3=1087F2 A4=108100 A5=108000 A6=10B9CA -- 00266A: dbra    D0, $2662
D0=8 D1=1B D2=749D0370 D3=FFFF D4=8402E40 D5=80210028 D6=2 D7=0 A0=102A70 A1=102900 A2=534F0 A3=1087F2 A4=108100 A5=108000 A6=10B9CA -- 002662: move.l  D7, (A0)+
D0=8 D1=1B D2=749D0370 D3=FFFF D4=8402E40 D5=80210028 D6=2 D7=0 A0=102A74 A1=102900 A2=534F0 A3=1087F2 A4=108100 A5=108000 A6=10B9CA -- 002664: move.l  D7, (A0)+
D0=8 D1=1B D2=749D0370 D3=FFFF D4=8402E40 D5=80210028 D6=2 D7=0 A0=102A78 A1=102900 A2=534F0 A3=1087F2 A4=108100 A5=108000 A6=10B9CA -- 002666: move.l  D7, (A0)+
D0=8 D1=1B D2=749D0370 D3=FFFF D4=8402E40 D5=80210028 D6=2 D7=0 A0=102A7C A1=102900 A2=534F0 A3=1087F2 A4=108100 A5=108000 A6=10B9CA -- 002668: move.l  D7, (A0)+
D0=8 D1=1B D2=749D0370 D3=FFFF D4=8402E40 D5=80210028 D6=2 D7=0 A0=102A80 A1=102900 A2=534F0 A3=1087F2 A4=108100 A5=108000 A6=10B9CA -- 00266A: dbra    D0, $2662
D0=7 D1=1B D2=749D0370 D3=FFFF D4=8402E40 D5=80210028 D6=2 D7=0 A0=102A80 A1=102900 A2=534F0 A3=1087F2 A4=108100 A5=108000 A6=10B9CA -- 002662: move.l  D7, (A0)+
D0=7 D1=1B D2=749D0370 D3=FFFF D4=8402E40 D5=80210028 D6=2 D7=0 A0=102A84 A1=102900 A2=534F0 A3=1087F2 A4=108100 A5=108000 A6=10B9CA -- 002664: move.l  D7, (A0)+
D0=7 D1=1B D2=749D0370 D3=FFFF D4=8402E40 D5=80210028 D6=2 D7=0 A0=102A88 A1=102900 A2=534F0 A3=1087F2 A4=108100 A5=108000 A6=10B9CA -- 002666: move.l  D7, (A0)+
D0=7 D1=1B D2=749D0370 D3=FFFF D4=8402E40 D5=80210028 D6=2 D7=0 A0=102A8C A1=102900 A2=534F0 A3=1087F2 A4=108100 A5=108000 A6=10B9CA -- 002668: move.l  D7, (A0)+
D0=7 D1=1B D2=749D0370 D3=FFFF D4=8402E40 D5=80210028 D6=2 D7=0 A0=102A90 A1=102900 A2=534F0 A3=1087F2 A4=108100 A5=108000 A6=10B9CA -- 00266A: dbra    D0, $2662
D0=6 D1=1B D2=749D0370 D3=FFFF D4=8402E40 D5=80210028 D6=2 D7=0 A0=102A90 A1=102900 A2=534F0 A3=1087F2 A4=108100 A5=108000 A6=10B9CA -- 002662: move.l  D7, (A0)+
D0=6 D1=1B D2=749D0370 D3=FFFF D4=8402E40 D5=80210028 D6=2 D7=0 A0=102A94 A1=102900 A2=534F0 A3=1087F2 A4=108100 A5=108000 A6=10B9CA -- 002664: move.l  D7, (A0)+
D0=6 D1=1B D2=749D0370 D3=FFFF D4=8402E40 D5=80210028 D6=2 D7=0 A0=102A98 A1=102900 A2=534F0 A3=1087F2 A4=108100 A5=108000 A6=10B9CA -- 002666: move.l  D7, (A0)+
D0=6 D1=1B D2=749D0370 D3=FFFF D4=8402E40 D5=80210028 D6=2 D7=0 A0=102A9C A1=102900 A2=534F0 A3=1087F2 A4=108100 A5=108000 A6=10B9CA -- 002668: move.l  D7, (A0)+
D0=6 D1=1B D2=749D0370 D3=FFFF D4=8402E40 D5=80210028 D6=2 D7=0 A0=102AA0 A1=102900 A2=534F0 A3=1087F2 A4=108100 A5=108000 A6=10B9CA -- 00266A: dbra    D0, $2662
D0=5 D1=1B D2=749D0370 D3=FFFF D4=8402E40 D5=80210028 D6=2 D7=0 A0=102AA0 A1=102900 A2=534F0 A3=1087F2 A4=108100 A5=108000 A6=10B9CA -- 002662: move.l  D7, (A0)+
D0=5 D1=1B D2=749D0370 D3=FFFF D4=8402E40 D5=80210028 D6=2 D7=0 A0=102AA4 A1=102900 A2=534F0 A3=1087F2 A4=108100 A5=108000 A6=10B9CA -- 002664: move.l  D7, (A0)+
D0=5 D1=1B D2=749D0370 D3=FFFF D4=8402E40 D5=80210028 D6=2 D7=0 A0=102AA8 A1=102900 A2=534F0 A3=1087F2 A4=108100 A5=108000 A6=10B9CA -- 002666: move.l  D7, (A0)+
D0=5 D1=1B D2=749D0370 D3=FFFF D4=8402E40 D5=80210028 D6=2 D7=0 A0=102AAC A1=102900 A2=534F0 A3=1087F2 A4=108100 A5=108000 A6=10B9CA -- 002668: move.l  D7, (A0)+
D0=5 D1=1B D2=749D0370 D3=FFFF D4=8402E40 D5=80210028 D6=2 D7=0 A0=102AB0 A1=102900 A2=534F0 A3=1087F2 A4=108100 A5=108000 A6=10B9CA -- 00266A: dbra    D0, $2662
D0=4 D1=1B D2=749D0370 D3=FFFF D4=8402E40 D5=80210028 D6=2 D7=0 A0=102AB0 A1=102900 A2=534F0 A3=1087F2 A4=108100 A5=108000 A6=10B9CA -- 002662: move.l  D7, (A0)+
D0=4 D1=1B D2=749D0370 D3=FFFF D4=8402E40 D5=80210028 D6=2 D7=0 A0=102AB4 A1=102900 A2=534F0 A3=1087F2 A4=108100 A5=108000 A6=10B9CA -- 002664: move.l  D7, (A0)+
D0=4 D1=1B D2=749D0370 D3=FFFF D4=8402E40 D5=80210028 D6=2 D7=0 A0=102AB8 A1=102900 A2=534F0 A3=1087F2 A4=108100 A5=108000 A6=10B9CA -- 002666: move.l  D7, (A0)+
D0=4 D1=1B D2=749D0370 D3=FFFF D4=8402E40 D5=80210028 D6=2 D7=0 A0=102ABC A1=102900 A2=534F0 A3=1087F2 A4=108100 A5=108000 A6=10B9CA -- 002668: move.l  D7, (A0)+
D0=4 D1=1B D2=749D0370 D3=FFFF D4=8402E40 D5=80210028 D6=2 D7=0 A0=102AC0 A1=102900 A2=534F0 A3=1087F2 A4=108100 A5=108000 A6=10B9CA -- 00266A: dbra    D0, $2662
D0=3 D1=1B D2=749D0370 D3=FFFF D4=8402E40 D5=80210028 D6=2 D7=0 A0=102AC0 A1=102900 A2=534F0 A3=1087F2 A4=108100 A5=108000 A6=10B9CA -- 002662: move.l  D7, (A0)+
D0=3 D1=1B D2=749D0370 D3=FFFF D4=8402E40 D5=80210028 D6=2 D7=0 A0=102AC4 A1=102900 A2=534F0 A3=1087F2 A4=108100 A5=108000 A6=10B9CA -- 002664: move.l  D7, (A0)+
D0=3 D1=1B D2=749D0370 D3=FFFF D4=8402E40 D5=80210028 D6=2 D7=0 A0=102AC8 A1=102900 A2=534F0 A3=1087F2 A4=108100 A5=108000 A6=10B9CA -- 002666: move.l  D7, (A0)+
D0=3 D1=1B D2=749D0370 D3=FFFF D4=8402E40 D5=80210028 D6=2 D7=0 A0=102ACC A1=102900 A2=534F0 A3=1087F2 A4=108100 A5=108000 A6=10B9CA -- 002668: move.l  D7, (A0)+
D0=3 D1=1B D2=749D0370 D3=FFFF D4=8402E40 D5=80210028 D6=2 D7=0 A0=102AD0 A1=102900 A2=534F0 A3=1087F2 A4=108100 A5=108000 A6=10B9CA -- 00266A: dbra    D0, $2662
D0=2 D1=1B D2=749D0370 D3=FFFF D4=8402E40 D5=80210028 D6=2 D7=0 A0=102AD0 A1=102900 A2=534F0 A3=1087F2 A4=108100 A5=108000 A6=10B9CA -- 002662: move.l  D7, (A0)+
D0=2 D1=1B D2=749D0370 D3=FFFF D4=8402E40 D5=80210028 D6=2 D7=0 A0=102AD4 A1=102900 A2=534F0 A3=1087F2 A4=108100 A5=108000 A6=10B9CA -- 002664: move.l  D7, (A0)+
D0=2 D1=1B D2=749D0370 D3=FFFF D4=8402E40 D5=80210028 D6=2 D7=0 A0=102AD8 A1=102900 A2=534F0 A3=1087F2 A4=108100 A5=108000 A6=10B9CA -- 002666: move.l  D7, (A0)+
D0=2 D1=1B D2=749D0370 D3=FFFF D4=8402E40 D5=80210028 D6=2 D7=0 A0=102ADC A1=102900 A2=534F0 A3=1087F2 A4=108100 A5=108000 A6=10B9CA -- 002668: move.l  D7, (A0)+
D0=2 D1=1B D2=749D0370 D3=FFFF D4=8402E40 D5=80210028 D6=2 D7=0 A0=102AE0 A1=102900 A2=534F0 A3=1087F2 A4=108100 A5=108000 A6=10B9CA -- 00266A: dbra    D0, $2662
D0=1 D1=1B D2=749D0370 D3=FFFF D4=8402E40 D5=80210028 D6=2 D7=0 A0=102AE0 A1=102900 A2=534F0 A3=1087F2 A4=108100 A5=108000 A6=10B9CA -- 002662: move.l  D7, (A0)+
D0=1 D1=1B D2=749D0370 D3=FFFF D4=8402E40 D5=80210028 D6=2 D7=0 A0=102AE4 A1=102900 A2=534F0 A3=1087F2 A4=108100 A5=108000 A6=10B9CA -- 002664: move.l  D7, (A0)+
D0=1 D1=1B D2=749D0370 D3=FFFF D4=8402E40 D5=80210028 D6=2 D7=0 A0=102AE8 A1=102900 A2=534F0 A3=1087F2 A4=108100 A5=108000 A6=10B9CA -- 002666: move.l  D7, (A0)+
D0=1 D1=1B D2=749D0370 D3=FFFF D4=8402E40 D5=80210028 D6=2 D7=0 A0=102AEC A1=102900 A2=534F0 A3=1087F2 A4=108100 A5=108000 A6=10B9CA -- 002668: move.l  D7, (A0)+
D0=1 D1=1B D2=749D0370 D3=FFFF D4=8402E40 D5=80210028 D6=2 D7=0 A0=102AF0 A1=102900 A2=534F0 A3=1087F2 A4=108100 A5=108000 A6=10B9CA -- 00266A: dbra    D0, $2662
D0=0 D1=1B D2=749D0370 D3=FFFF D4=8402E40 D5=80210028 D6=2 D7=0 A0=102AF0 A1=102900 A2=534F0 A3=1087F2 A4=108100 A5=108000 A6=10B9CA -- 002662: move.l  D7, (A0)+
D0=0 D1=1B D2=749D0370 D3=FFFF D4=8402E40 D5=80210028 D6=2 D7=0 A0=102AF4 A1=102900 A2=534F0 A3=1087F2 A4=108100 A5=108000 A6=10B9CA -- 002664: move.l  D7, (A0)+
D0=0 D1=1B D2=749D0370 D3=FFFF D4=8402E40 D5=80210028 D6=2 D7=0 A0=102AF8 A1=102900 A2=534F0 A3=1087F2 A4=108100 A5=108000 A6=10B9CA -- 002666: move.l  D7, (A0)+
D0=0 D1=1B D2=749D0370 D3=FFFF D4=8402E40 D5=80210028 D6=2 D7=0 A0=102AFC A1=102900 A2=534F0 A3=1087F2 A4=108100 A5=108000 A6=10B9CA -- 002668: move.l  D7, (A0)+
D0=0 D1=1B D2=749D0370 D3=FFFF D4=8402E40 D5=80210028 D6=2 D7=0 A0=102B00 A1=102900 A2=534F0 A3=1087F2 A4=108100 A5=108000 A6=10B9CA -- 00266A: dbra    D0, $2662
D0=FFFF D1=1B D2=749D0370 D3=FFFF D4=8402E40 D5=80210028 D6=2 D7=0 A0=102B00 A1=102900 A2=534F0 A3=1087F2 A4=108100 A5=108000 A6=10B9CA -- 00266E: rts
D0=FFFF D1=1B D2=749D0370 D3=FFFF D4=8402E40 D5=80210028 D6=2 D7=0 A0=102B00 A1=102900 A2=534F0 A3=1087F2 A4=108100 A5=108000 A6=10B9CA -- 037898: bsr     $3791c
D0=FFFF D1=1B D2=749D0370 D3=FFFF D4=8402E40 D5=80210028 D6=2 D7=0 A0=102B00 A1=102900 A2=534F0 A3=1087F2 A4=108100 A5=108000 A6=10B9CA -- 03791C: clr.b   ($cf,A1)
D0=FFFF D1=1B D2=749D0370 D3=FFFF D4=8402E40 D5=80210028 D6=2 D7=0 A0=102B00 A1=102900 A2=534F0 A3=1087F2 A4=108100 A5=108000 A6=10B9CA -- 037920: move.l  #$4d454d42, ($10,A1)
D0=FFFF D1=1B D2=749D0370 D3=FFFF D4=8402E40 D5=80210028 D6=2 D7=0 A0=102B00 A1=102900 A2=534F0 A3=1087F2 A4=108100 A5=108000 A6=10B9CA -- 037928: move.l  #$44495350, ($14,A1)
D0=FFFF D1=1B D2=749D0370 D3=FFFF D4=8402E40 D5=80210028 D6=2 D7=0 A0=102B00 A1=102900 A2=534F0 A3=1087F2 A4=108100 A5=108000 A6=10B9CA -- 037930: move.b  #$ff, ($68,A1)
D0=FFFF D1=1B D2=749D0370 D3=FFFF D4=8402E40 D5=80210028 D6=2 D7=0 A0=102B00 A1=102900 A2=534F0 A3=1087F2 A4=108100 A5=108000 A6=10B9CA -- 037936: move.b  #$ff, ($69,A1)
D0=FFFF D1=1B D2=749D0370 D3=FFFF D4=8402E40 D5=80210028 D6=2 D7=0 A0=102B00 A1=102900 A2=534F0 A3=1087F2 A4=108100 A5=108000 A6=10B9CA -- 03793C: clr.l   ($18,A1)
D0=FFFF D1=1B D2=749D0370 D3=FFFF D4=8402E40 D5=80210028 D6=2 D7=0 A0=102B00 A1=102900 A2=534F0 A3=1087F2 A4=108100 A5=108000 A6=10B9CA -- 037940: clr.l   ($1c,A1)
D0=FFFF D1=1B D2=749D0370 D3=FFFF D4=8402E40 D5=80210028 D6=2 D7=0 A0=102B00 A1=102900 A2=534F0 A3=1087F2 A4=108100 A5=108000 A6=10B9CA -- 037944: clr.l   ($20,A1)
D0=FFFF D1=1B D2=749D0370 D3=FFFF D4=8402E40 D5=80210028 D6=2 D7=0 A0=102B00 A1=102900 A2=534F0 A3=1087F2 A4=108100 A5=108000 A6=10B9CA -- 037948: move.w  D5, ($24,A1)
D0=FFFF D1=1B D2=749D0370 D3=FFFF D4=8402E40 D5=80210028 D6=2 D7=0 A0=102B00 A1=102900 A2=534F0 A3=1087F2 A4=108100 A5=108000 A6=10B9CA -- 03794C: move.w  #$b8, ($26,A1)
D0=FFFF D1=1B D2=749D0370 D3=FFFF D4=8402E40 D5=80210028 D6=2 D7=0 A0=102B00 A1=102900 A2=534F0 A3=1087F2 A4=108100 A5=108000 A6=10B9CA -- 037952: move.l  A4, ($84,A1)
D0=FFFF D1=1B D2=749D0370 D3=FFFF D4=8402E40 D5=80210028 D6=2 D7=0 A0=102B00 A1=102900 A2=534F0 A3=1087F2 A4=108100 A5=108000 A6=10B9CA -- 037956: move.l  A1, (A3)+
D0=FFFF D1=1B D2=749D0370 D3=FFFF D4=8402E40 D5=80210028 D6=2 D7=0 A0=102B00 A1=102900 A2=534F0 A3=1087F6 A4=108100 A5=108000 A6=10B9CA -- 037958: rts
D0=FFFF D1=1B D2=749D0370 D3=FFFF D4=8402E40 D5=80210028 D6=2 D7=0 A0=102B00 A1=102900 A2=534F0 A3=1087F6 A4=108100 A5=108000 A6=10B9CA -- 03789C: moveq   #$2, D0
D0=2 D1=1B D2=749D0370 D3=FFFF D4=8402E40 D5=80210028 D6=2 D7=0 A0=102B00 A1=102900 A2=534F0 A3=1087F6 A4=108100 A5=108000 A6=10B9CA -- 03789E: sub.w   D6, D0
D0=0 D1=1B D2=749D0370 D3=FFFF D4=8402E40 D5=80210028 D6=2 D7=0 A0=102B00 A1=102900 A2=534F0 A3=1087F6 A4=108100 A5=108000 A6=10B9CA -- 0378A0: move.w  D0, ($d0,A1)
D0=0 D1=1B D2=749D0370 D3=FFFF D4=8402E40 D5=80210028 D6=2 D7=0 A0=102B00 A1=102900 A2=534F0 A3=1087F6 A4=108100 A5=108000 A6=10B9CA -- 0378A4: move.w  #$6e, ($2c,A1)
D0=0 D1=1B D2=749D0370 D3=FFFF D4=8402E40 D5=80210028 D6=2 D7=0 A0=102B00 A1=102900 A2=534F0 A3=1087F6 A4=108100 A5=108000 A6=10B9CA -- 0378AA: add.w   D6, ($2c,A1)
D0=0 D1=1B D2=749D0370 D3=FFFF D4=8402E40 D5=80210028 D6=2 D7=0 A0=102B00 A1=102900 A2=534F0 A3=1087F6 A4=108100 A5=108000 A6=10B9CA -- 0378AE: lea     ($aa,PC) ; ($3795a), A0
D0=0 D1=1B D2=749D0370 D3=FFFF D4=8402E40 D5=80210028 D6=2 D7=0 A0=3795A A1=102900 A2=534F0 A3=1087F6 A4=108100 A5=108000 A6=10B9CA -- 0378B2: nop
D0=0 D1=1B D2=749D0370 D3=FFFF D4=8402E40 D5=80210028 D6=2 D7=0 A0=3795A A1=102900 A2=534F0 A3=1087F6 A4=108100 A5=108000 A6=10B9CA -- 0378B4: move.b  (A0,D0.w), ($30,A1)
D0=0 D1=1B D2=749D0370 D3=FFFF D4=8402E40 D5=80210028 D6=2 D7=0 A0=3795A A1=102900 A2=534F0 A3=1087F6 A4=108100 A5=108000 A6=10B9CA -- 0378BA: addi.w  #$20, D5
D0=0 D1=1B D2=749D0370 D3=FFFF D4=8402E40 D5=80210048 D6=2 D7=0 A0=3795A A1=102900 A2=534F0 A3=1087F6 A4=108100 A5=108000 A6=10B9CA -- 0378BE: dbra    D6, $3788c
D0=0 D1=1B D2=749D0370 D3=FFFF D4=8402E40 D5=80210048 D6=1 D7=0 A0=3795A A1=102900 A2=534F0 A3=1087F6 A4=108100 A5=108000 A6=10B9CA -- 03788C: lea     ($d4,PC) ; ($37962), A0
D0=0 D1=1B D2=749D0370 D3=FFFF D4=8402E40 D5=80210048 D6=1 D7=0 A0=37962 A1=102900 A2=534F0 A3=1087F6 A4=108100 A5=108000 A6=10B9CA -- 037890: move.w  #$3500, D0
D0=3500 D1=1B D2=749D0370 D3=FFFF D4=8402E40 D5=80210048 D6=1 D7=0 A0=37962 A1=102900 A2=534F0 A3=1087F6 A4=108100 A5=108000 A6=10B9CA -- 037894: jsr     $260e.w
D0=3500 D1=1B D2=749D0370 D3=FFFF D4=8402E40 D5=80210048 D6=1 D7=0 A0=37962 A1=102900 A2=534F0 A3=1087F6 A4=108100 A5=108000 A6=10B9CA -- 00260E: move.w  ($580,A5), D7
D0=3500 D1=1B D2=749D0370 D3=FFFF D4=8402E40 D5=80210048 D6=1 D7=54 A0=37962 A1=102900 A2=534F0 A3=1087F6 A4=108100 A5=108000 A6=10B9CA -- 002612: bmi     $2670
D0=3500 D1=1B D2=749D0370 D3=FFFF D4=8402E40 D5=80210048 D6=1 D7=54 A0=37962 A1=102900 A2=534F0 A3=1087F6 A4=108100 A5=108000 A6=10B9CA -- 002616: subq.w  #2, ($580,A5)
D0=3500 D1=1B D2=749D0370 D3=FFFF D4=8402E40 D5=80210048 D6=1 D7=54 A0=37962 A1=102900 A2=534F0 A3=1087F6 A4=108100 A5=108000 A6=10B9CA -- 00261A: lea     ($500,A5), A1
D0=3500 D1=1B D2=749D0370 D3=FFFF D4=8402E40 D5=80210048 D6=1 D7=54 A0=37962 A1=108500 A2=534F0 A3=1087F6 A4=108100 A5=108000 A6=10B9CA -- 00261E: movea.w (A1,D7.w), A1
D0=3500 D1=1B D2=749D0370 D3=FFFF D4=8402E40 D5=80210048 D6=1 D7=54 A0=37962 A1=2B00 A2=534F0 A3=1087F6 A4=108100 A5=108000 A6=10B9CA -- 002622: adda.l  #$100000, A1
D0=3500 D1=1B D2=749D0370 D3=FFFF D4=8402E40 D5=80210048 D6=1 D7=54 A0=37962 A1=102B00 A2=534F0 A3=1087F6 A4=108100 A5=108000 A6=10B9CA -- 002628: move.l  A0, (A1)
D0=3500 D1=1B D2=749D0370 D3=FFFF D4=8402E40 D5=80210048 D6=1 D7=54 A0=37962 A1=102B00 A2=534F0 A3=1087F6 A4=108100 A5=108000 A6=10B9CA -- 00262A: move.w  D0, ($8,A1)
D0=3500 D1=1B D2=749D0370 D3=FFFF D4=8402E40 D5=80210048 D6=1 D7=54 A0=37962 A1=102B00 A2=534F0 A3=1087F6 A4=108100 A5=108000 A6=10B9CA -- 00262E: lea     (-$7f00,A5), A0
D0=3500 D1=1B D2=749D0370 D3=FFFF D4=8402E40 D5=80210048 D6=1 D7=54 A0=100100 A1=102B00 A2=534F0 A3=1087F6 A4=108100 A5=108000 A6=10B9CA -- 002632: move.l  A0, D7
D0=3500 D1=1B D2=749D0370 D3=FFFF D4=8402E40 D5=80210048 D6=1 D7=100100 A0=100100 A1=102B00 A2=534F0 A3=1087F6 A4=108100 A5=108000 A6=10B9CA -- 002634: move.w  ($4,A0), D7
D0=3500 D1=1B D2=749D0370 D3=FFFF D4=8402E40 D5=80210048 D6=1 D7=100500 A0=100100 A1=102B00 A2=534F0 A3=1087F6 A4=108100 A5=108000 A6=10B9CA -- 002638: movea.l D7, A0
D0=3500 D1=1B D2=749D0370 D3=FFFF D4=8402E40 D5=80210048 D6=1 D7=100500 A0=100500 A1=102B00 A2=534F0 A3=1087F6 A4=108100 A5=108000 A6=10B9CA -- 00263A: cmp.w   ($8,A0), D0
D0=3500 D1=1B D2=749D0370 D3=FFFF D4=8402E40 D5=80210048 D6=1 D7=100500 A0=100500 A1=102B00 A2=534F0 A3=1087F6 A4=108100 A5=108000 A6=10B9CA -- 00263E: bcc     $2634
D0=3500 D1=1B D2=749D0370 D3=FFFF D4=8402E40 D5=80210048 D6=1 D7=100500 A0=100500 A1=102B00 A2=534F0 A3=1087F6 A4=108100 A5=108000 A6=10B9CA -- 002634: move.w  ($4,A0), D7
D0=3500 D1=1B D2=749D0370 D3=FFFF D4=8402E40 D5=80210048 D6=1 D7=100700 A0=100500 A1=102B00 A2=534F0 A3=1087F6 A4=108100 A5=108000 A6=10B9CA -- 002638: movea.l D7, A0
D0=3500 D1=1B D2=749D0370 D3=FFFF D4=8402E40 D5=80210048 D6=1 D7=100700 A0=100700 A1=102B00 A2=534F0 A3=1087F6 A4=108100 A5=108000 A6=10B9CA -- 00263A: cmp.w   ($8,A0), D0
D0=3500 D1=1B D2=749D0370 D3=FFFF D4=8402E40 D5=80210048 D6=1 D7=100700 A0=100700 A1=102B00 A2=534F0 A3=1087F6 A4=108100 A5=108000 A6=10B9CA -- 00263E: bcc     $2634
D0=3500 D1=1B D2=749D0370 D3=FFFF D4=8402E40 D5=80210048 D6=1 D7=100700 A0=100700 A1=102B00 A2=534F0 A3=1087F6 A4=108100 A5=108000 A6=10B9CA -- 002634: move.w  ($4,A0), D7
D0=3500 D1=1B D2=749D0370 D3=FFFF D4=8402E40 D5=80210048 D6=1 D7=100900 A0=100700 A1=102B00 A2=534F0 A3=1087F6 A4=108100 A5=108000 A6=10B9CA -- 002638: movea.l D7, A0
D0=3500 D1=1B D2=749D0370 D3=FFFF D4=8402E40 D5=80210048 D6=1 D7=100900 A0=100900 A1=102B00 A2=534F0 A3=1087F6 A4=108100 A5=108000 A6=10B9CA -- 00263A: cmp.w   ($8,A0), D0
D0=3500 D1=1B D2=749D0370 D3=FFFF D4=8402E40 D5=80210048 D6=1 D7=100900 A0=100900 A1=102B00 A2=534F0 A3=1087F6 A4=108100 A5=108000 A6=10B9CA -- 00263E: bcc     $2634
D0=3500 D1=1B D2=749D0370 D3=FFFF D4=8402E40 D5=80210048 D6=1 D7=100900 A0=100900 A1=102B00 A2=534F0 A3=1087F6 A4=108100 A5=108000 A6=10B9CA -- 002634: move.w  ($4,A0), D7
D0=3500 D1=1B D2=749D0370 D3=FFFF D4=8402E40 D5=80210048 D6=1 D7=100B00 A0=100900 A1=102B00 A2=534F0 A3=1087F6 A4=108100 A5=108000 A6=10B9CA -- 002638: movea.l D7, A0
D0=3500 D1=1B D2=749D0370 D3=FFFF D4=8402E40 D5=80210048 D6=1 D7=100B00 A0=100B00 A1=102B00 A2=534F0 A3=1087F6 A4=108100 A5=108000 A6=10B9CA -- 00263A: cmp.w   ($8,A0), D0
D0=3500 D1=1B D2=749D0370 D3=FFFF D4=8402E40 D5=80210048 D6=1 D7=100B00 A0=100B00 A1=102B00 A2=534F0 A3=1087F6 A4=108100 A5=108000 A6=10B9CA -- 00263E: bcc     $2634
D0=3500 D1=1B D2=749D0370 D3=FFFF D4=8402E40 D5=80210048 D6=1 D7=100B00 A0=100B00 A1=102B00 A2=534F0 A3=1087F6 A4=108100 A5=108000 A6=10B9CA -- 002634: move.w  ($4,A0), D7
D0=3500 D1=1B D2=749D0370 D3=FFFF D4=8402E40 D5=80210048 D6=1 D7=100D00 A0=100B00 A1=102B00 A2=534F0 A3=1087F6 A4=108100 A5=108000 A6=10B9CA -- 002638: movea.l D7, A0
D0=3500 D1=1B D2=749D0370 D3=FFFF D4=8402E40 D5=80210048 D6=1 D7=100D00 A0=100D00 A1=102B00 A2=534F0 A3=1087F6 A4=108100 A5=108000 A6=10B9CA -- 00263A: cmp.w   ($8,A0), D0
D0=3500 D1=1B D2=749D0370 D3=FFFF D4=8402E40 D5=80210048 D6=1 D7=100D00 A0=100D00 A1=102B00 A2=534F0 A3=1087F6 A4=108100 A5=108000 A6=10B9CA -- 00263E: bcc     $2634
D0=3500 D1=1B D2=749D0370 D3=FFFF D4=8402E40 D5=80210048 D6=1 D7=100D00 A0=100D00 A1=102B00 A2=534F0 A3=1087F6 A4=108100 A5=108000 A6=10B9CA -- 002634: move.w  ($4,A0), D7
D0=3500 D1=1B D2=749D0370 D3=FFFF D4=8402E40 D5=80210048 D6=1 D7=100F00 A0=100D00 A1=102B00 A2=534F0 A3=1087F6 A4=108100 A5=108000 A6=10B9CA -- 002638: movea.l D7, A0
D0=3500 D1=1B D2=749D0370 D3=FFFF D4=8402E40 D5=80210048 D6=1 D7=100F00 A0=100F00 A1=102B00 A2=534F0 A3=1087F6 A4=108100 A5=108000 A6=10B9CA -- 00263A: cmp.w   ($8,A0), D0
D0=3500 D1=1B D2=749D0370 D3=FFFF D4=8402E40 D5=80210048 D6=1 D7=100F00 A0=100F00 A1=102B00 A2=534F0 A3=1087F6 A4=108100 A5=108000 A6=10B9CA -- 00263E: bcc     $2634
D0=3500 D1=1B D2=749D0370 D3=FFFF D4=8402E40 D5=80210048 D6=1 D7=100F00 A0=100F00 A1=102B00 A2=534F0 A3=1087F6 A4=108100 A5=108000 A6=10B9CA -- 002634: move.w  ($4,A0), D7
D0=3500 D1=1B D2=749D0370 D3=FFFF D4=8402E40 D5=80210048 D6=1 D7=101100 A0=100F00 A1=102B00 A2=534F0 A3=1087F6 A4=108100 A5=108000 A6=10B9CA -- 002638: movea.l D7, A0
D0=3500 D1=1B D2=749D0370 D3=FFFF D4=8402E40 D5=80210048 D6=1 D7=101100 A0=101100 A1=102B00 A2=534F0 A3=1087F6 A4=108100 A5=108000 A6=10B9CA -- 00263A: cmp.w   ($8,A0), D0
D0=3500 D1=1B D2=749D0370 D3=FFFF D4=8402E40 D5=80210048 D6=1 D7=101100 A0=101100 A1=102B00 A2=534F0 A3=1087F6 A4=108100 A5=108000 A6=10B9CA -- 00263E: bcc     $2634
D0=3500 D1=1B D2=749D0370 D3=FFFF D4=8402E40 D5=80210048 D6=1 D7=101100 A0=101100 A1=102B00 A2=534F0 A3=1087F6 A4=108100 A5=108000 A6=10B9CA -- 002634: move.w  ($4,A0), D7
D0=3500 D1=1B D2=749D0370 D3=FFFF D4=8402E40 D5=80210048 D6=1 D7=101300 A0=101100 A1=102B00 A2=534F0 A3=1087F6 A4=108100 A5=108000 A6=10B9CA -- 002638: movea.l D7, A0
D0=3500 D1=1B D2=749D0370 D3=FFFF D4=8402E40 D5=80210048 D6=1 D7=101300 A0=101300 A1=102B00 A2=534F0 A3=1087F6 A4=108100 A5=108000 A6=10B9CA -- 00263A: cmp.w   ($8,A0), D0
D0=3500 D1=1B D2=749D0370 D3=FFFF D4=8402E40 D5=80210048 D6=1 D7=101300 A0=101300 A1=102B00 A2=534F0 A3=1087F6 A4=108100 A5=108000 A6=10B9CA -- 00263E: bcc     $2634
D0=3500 D1=1B D2=749D0370 D3=FFFF D4=8402E40 D5=80210048 D6=1 D7=101300 A0=101300 A1=102B00 A2=534F0 A3=1087F6 A4=108100 A5=108000 A6=10B9CA -- 002634: move.w  ($4,A0), D7
D0=3500 D1=1B D2=749D0370 D3=FFFF D4=8402E40 D5=80210048 D6=1 D7=101500 A0=101300 A1=102B00 A2=534F0 A3=1087F6 A4=108100 A5=108000 A6=10B9CA -- 002638: movea.l D7, A0
D0=3500 D1=1B D2=749D0370 D3=FFFF D4=8402E40 D5=80210048 D6=1 D7=101500 A0=101500 A1=102B00 A2=534F0 A3=1087F6 A4=108100 A5=108000 A6=10B9CA -- 00263A: cmp.w   ($8,A0), D0
D0=3500 D1=1B D2=749D0370 D3=FFFF D4=8402E40 D5=80210048 D6=1 D7=101500 A0=101500 A1=102B00 A2=534F0 A3=1087F6 A4=108100 A5=108000 A6=10B9CA -- 00263E: bcc     $2634
D0=3500 D1=1B D2=749D0370 D3=FFFF D4=8402E40 D5=80210048 D6=1 D7=101500 A0=101500 A1=102B00 A2=534F0 A3=1087F6 A4=108100 A5=108000 A6=10B9CA -- 002634: move.w  ($4,A0), D7
D0=3500 D1=1B D2=749D0370 D3=FFFF D4=8402E40 D5=80210048 D6=1 D7=101700 A0=101500 A1=102B00 A2=534F0 A3=1087F6 A4=108100 A5=108000 A6=10B9CA -- 002638: movea.l D7, A0
D0=3500 D1=1B D2=749D0370 D3=FFFF D4=8402E40 D5=80210048 D6=1 D7=101700 A0=101700 A1=102B00 A2=534F0 A3=1087F6 A4=108100 A5=108000 A6=10B9CA -- 00263A: cmp.w   ($8,A0), D0
D0=3500 D1=1B D2=749D0370 D3=FFFF D4=8402E40 D5=80210048 D6=1 D7=101700 A0=101700 A1=102B00 A2=534F0 A3=1087F6 A4=108100 A5=108000 A6=10B9CA -- 00263E: bcc     $2634
D0=3500 D1=1B D2=749D0370 D3=FFFF D4=8402E40 D5=80210048 D6=1 D7=101700 A0=101700 A1=102B00 A2=534F0 A3=1087F6 A4=108100 A5=108000 A6=10B9CA -- 002634: move.w  ($4,A0), D7
D0=3500 D1=1B D2=749D0370 D3=FFFF D4=8402E40 D5=80210048 D6=1 D7=101900 A0=101700 A1=102B00 A2=534F0 A3=1087F6 A4=108100 A5=108000 A6=10B9CA -- 002638: movea.l D7, A0
D0=3500 D1=1B D2=749D0370 D3=FFFF D4=8402E40 D5=80210048 D6=1 D7=101900 A0=101900 A1=102B00 A2=534F0 A3=1087F6 A4=108100 A5=108000 A6=10B9CA -- 00263A: cmp.w   ($8,A0), D0
D0=3500 D1=1B D2=749D0370 D3=FFFF D4=8402E40 D5=80210048 D6=1 D7=101900 A0=101900 A1=102B00 A2=534F0 A3=1087F6 A4=108100 A5=108000 A6=10B9CA -- 00263E: bcc     $2634
D0=3500 D1=1B D2=749D0370 D3=FFFF D4=8402E40 D5=80210048 D6=1 D7=101900 A0=101900 A1=102B00 A2=534F0 A3=1087F6 A4=108100 A5=108000 A6=10B9CA -- 002634: move.w  ($4,A0), D7
D0=3500 D1=1B D2=749D0370 D3=FFFF D4=8402E40 D5=80210048 D6=1 D7=101B00 A0=101900 A1=102B00 A2=534F0 A3=1087F6 A4=108100 A5=108000 A6=10B9CA -- 002638: movea.l D7, A0
D0=3500 D1=1B D2=749D0370 D3=FFFF D4=8402E40 D5=80210048 D6=1 D7=101B00 A0=101B00 A1=102B00 A2=534F0 A3=1087F6 A4=108100 A5=108000 A6=10B9CA -- 00263A: cmp.w   ($8,A0), D0
D0=3500 D1=1B D2=749D0370 D3=FFFF D4=8402E40 D5=80210048 D6=1 D7=101B00 A0=101B00 A1=102B00 A2=534F0 A3=1087F6 A4=108100 A5=108000 A6=10B9CA -- 00263E: bcc     $2634
D0=3500 D1=1B D2=749D0370 D3=FFFF D4=8402E40 D5=80210048 D6=1 D7=101B00 A0=101B00 A1=102B00 A2=534F0 A3=1087F6 A4=108100 A5=108000 A6=10B9CA -- 002634: move.w  ($4,A0), D7
D0=3500 D1=1B D2=749D0370 D3=FFFF D4=8402E40 D5=80210048 D6=1 D7=101D00 A0=101B00 A1=102B00 A2=534F0 A3=1087F6 A4=108100 A5=108000 A6=10B9CA -- 002638: movea.l D7, A0
D0=3500 D1=1B D2=749D0370 D3=FFFF D4=8402E40 D5=80210048 D6=1 D7=101D00 A0=101D00 A1=102B00 A2=534F0 A3=1087F6 A4=108100 A5=108000 A6=10B9CA -- 00263A: cmp.w   ($8,A0), D0
D0=3500 D1=1B D2=749D0370 D3=FFFF D4=8402E40 D5=80210048 D6=1 D7=101D00 A0=101D00 A1=102B00 A2=534F0 A3=1087F6 A4=108100 A5=108000 A6=10B9CA -- 00263E: bcc     $2634
D0=3500 D1=1B D2=749D0370 D3=FFFF D4=8402E40 D5=80210048 D6=1 D7=101D00 A0=101D00 A1=102B00 A2=534F0 A3=1087F6 A4=108100 A5=108000 A6=10B9CA -- 002634: move.w  ($4,A0), D7
D0=3500 D1=1B D2=749D0370 D3=FFFF D4=8402E40 D5=80210048 D6=1 D7=101F00 A0=101D00 A1=102B00 A2=534F0 A3=1087F6 A4=108100 A5=108000 A6=10B9CA -- 002638: movea.l D7, A0
D0=3500 D1=1B D2=749D0370 D3=FFFF D4=8402E40 D5=80210048 D6=1 D7=101F00 A0=101F00 A1=102B00 A2=534F0 A3=1087F6 A4=108100 A5=108000 A6=10B9CA -- 00263A: cmp.w   ($8,A0), D0
D0=3500 D1=1B D2=749D0370 D3=FFFF D4=8402E40 D5=80210048 D6=1 D7=101F00 A0=101F00 A1=102B00 A2=534F0 A3=1087F6 A4=108100 A5=108000 A6=10B9CA -- 00263E: bcc     $2634
D0=3500 D1=1B D2=749D0370 D3=FFFF D4=8402E40 D5=80210048 D6=1 D7=101F00 A0=101F00 A1=102B00 A2=534F0 A3=1087F6 A4=108100 A5=108000 A6=10B9CA -- 002634: move.w  ($4,A0), D7
D0=3500 D1=1B D2=749D0370 D3=FFFF D4=8402E40 D5=80210048 D6=1 D7=102100 A0=101F00 A1=102B00 A2=534F0 A3=1087F6 A4=108100 A5=108000 A6=10B9CA -- 002638: movea.l D7, A0
D0=3500 D1=1B D2=749D0370 D3=FFFF D4=8402E40 D5=80210048 D6=1 D7=102100 A0=102100 A1=102B00 A2=534F0 A3=1087F6 A4=108100 A5=108000 A6=10B9CA -- 00263A: cmp.w   ($8,A0), D0
D0=3500 D1=1B D2=749D0370 D3=FFFF D4=8402E40 D5=80210048 D6=1 D7=102100 A0=102100 A1=102B00 A2=534F0 A3=1087F6 A4=108100 A5=108000 A6=10B9CA -- 00263E: bcc     $2634
D0=3500 D1=1B D2=749D0370 D3=FFFF D4=8402E40 D5=80210048 D6=1 D7=102100 A0=102100 A1=102B00 A2=534F0 A3=1087F6 A4=108100 A5=108000 A6=10B9CA -- 002634: move.w  ($4,A0), D7
D0=3500 D1=1B D2=749D0370 D3=FFFF D4=8402E40 D5=80210048 D6=1 D7=102300 A0=102100 A1=102B00 A2=534F0 A3=1087F6 A4=108100 A5=108000 A6=10B9CA -- 002638: movea.l D7, A0
D0=3500 D1=1B D2=749D0370 D3=FFFF D4=8402E40 D5=80210048 D6=1 D7=102300 A0=102300 A1=102B00 A2=534F0 A3=1087F6 A4=108100 A5=108000 A6=10B9CA -- 00263A: cmp.w   ($8,A0), D0
D0=3500 D1=1B D2=749D0370 D3=FFFF D4=8402E40 D5=80210048 D6=1 D7=102300 A0=102300 A1=102B00 A2=534F0 A3=1087F6 A4=108100 A5=108000 A6=10B9CA -- 00263E: bcc     $2634
D0=3500 D1=1B D2=749D0370 D3=FFFF D4=8402E40 D5=80210048 D6=1 D7=102300 A0=102300 A1=102B00 A2=534F0 A3=1087F6 A4=108100 A5=108000 A6=10B9CA -- 002634: move.w  ($4,A0), D7
D0=3500 D1=1B D2=749D0370 D3=FFFF D4=8402E40 D5=80210048 D6=1 D7=102500 A0=102300 A1=102B00 A2=534F0 A3=1087F6 A4=108100 A5=108000 A6=10B9CA -- 002638: movea.l D7, A0
D0=3500 D1=1B D2=749D0370 D3=FFFF D4=8402E40 D5=80210048 D6=1 D7=102500 A0=102500 A1=102B00 A2=534F0 A3=1087F6 A4=108100 A5=108000 A6=10B9CA -- 00263A: cmp.w   ($8,A0), D0
D0=3500 D1=1B D2=749D0370 D3=FFFF D4=8402E40 D5=80210048 D6=1 D7=102500 A0=102500 A1=102B00 A2=534F0 A3=1087F6 A4=108100 A5=108000 A6=10B9CA -- 00263E: bcc     $2634
D0=3500 D1=1B D2=749D0370 D3=FFFF D4=8402E40 D5=80210048 D6=1 D7=102500 A0=102500 A1=102B00 A2=534F0 A3=1087F6 A4=108100 A5=108000 A6=10B9CA -- 002634: move.w  ($4,A0), D7
D0=3500 D1=1B D2=749D0370 D3=FFFF D4=8402E40 D5=80210048 D6=1 D7=102700 A0=102500 A1=102B00 A2=534F0 A3=1087F6 A4=108100 A5=108000 A6=10B9CA -- 002638: movea.l D7, A0
D0=3500 D1=1B D2=749D0370 D3=FFFF D4=8402E40 D5=80210048 D6=1 D7=102700 A0=102700 A1=102B00 A2=534F0 A3=1087F6 A4=108100 A5=108000 A6=10B9CA -- 00263A: cmp.w   ($8,A0), D0
D0=3500 D1=1B D2=749D0370 D3=FFFF D4=8402E40 D5=80210048 D6=1 D7=102700 A0=102700 A1=102B00 A2=534F0 A3=1087F6 A4=108100 A5=108000 A6=10B9CA -- 00263E: bcc     $2634
D0=3500 D1=1B D2=749D0370 D3=FFFF D4=8402E40 D5=80210048 D6=1 D7=102700 A0=102700 A1=102B00 A2=534F0 A3=1087F6 A4=108100 A5=108000 A6=10B9CA -- 002634: move.w  ($4,A0), D7
D0=3500 D1=1B D2=749D0370 D3=FFFF D4=8402E40 D5=80210048 D6=1 D7=102900 A0=102700 A1=102B00 A2=534F0 A3=1087F6 A4=108100 A5=108000 A6=10B9CA -- 002638: movea.l D7, A0
D0=3500 D1=1B D2=749D0370 D3=FFFF D4=8402E40 D5=80210048 D6=1 D7=102900 A0=102900 A1=102B00 A2=534F0 A3=1087F6 A4=108100 A5=108000 A6=10B9CA -- 00263A: cmp.w   ($8,A0), D0
D0=3500 D1=1B D2=749D0370 D3=FFFF D4=8402E40 D5=80210048 D6=1 D7=102900 A0=102900 A1=102B00 A2=534F0 A3=1087F6 A4=108100 A5=108000 A6=10B9CA -- 00263E: bcc     $2634
D0=3500 D1=1B D2=749D0370 D3=FFFF D4=8402E40 D5=80210048 D6=1 D7=102900 A0=102900 A1=102B00 A2=534F0 A3=1087F6 A4=108100 A5=108000 A6=10B9CA -- 002634: move.w  ($4,A0), D7
D0=3500 D1=1B D2=749D0370 D3=FFFF D4=8402E40 D5=80210048 D6=1 D7=100300 A0=102900 A1=102B00 A2=534F0 A3=1087F6 A4=108100 A5=108000 A6=10B9CA -- 002638: movea.l D7, A0
D0=3500 D1=1B D2=749D0370 D3=FFFF D4=8402E40 D5=80210048 D6=1 D7=100300 A0=100300 A1=102B00 A2=534F0 A3=1087F6 A4=108100 A5=108000 A6=10B9CA -- 00263A: cmp.w   ($8,A0), D0
D0=3500 D1=1B D2=749D0370 D3=FFFF D4=8402E40 D5=80210048 D6=1 D7=100300 A0=100300 A1=102B00 A2=534F0 A3=1087F6 A4=108100 A5=108000 A6=10B9CA -- 00263E: bcc     $2634
D0=3500 D1=1B D2=749D0370 D3=FFFF D4=8402E40 D5=80210048 D6=1 D7=100300 A0=100300 A1=102B00 A2=534F0 A3=1087F6 A4=108100 A5=108000 A6=10B9CA -- 002640: move.w  A0, ($4,A1)
D0=3500 D1=1B D2=749D0370 D3=FFFF D4=8402E40 D5=80210048 D6=1 D7=100300 A0=100300 A1=102B00 A2=534F0 A3=1087F6 A4=108100 A5=108000 A6=10B9CA -- 002644: move.w  ($6,A0), ($6,A1)
D0=3500 D1=1B D2=749D0370 D3=FFFF D4=8402E40 D5=80210048 D6=1 D7=100300 A0=100300 A1=102B00 A2=534F0 A3=1087F6 A4=108100 A5=108000 A6=10B9CA -- 00264A: move.w  ($6,A0), D7
D0=3500 D1=1B D2=749D0370 D3=FFFF D4=8402E40 D5=80210048 D6=1 D7=102900 A0=100300 A1=102B00 A2=534F0 A3=1087F6 A4=108100 A5=108000 A6=10B9CA -- 00264E: move.w  A1, ($6,A0)
D0=3500 D1=1B D2=749D0370 D3=FFFF D4=8402E40 D5=80210048 D6=1 D7=102900 A0=100300 A1=102B00 A2=534F0 A3=1087F6 A4=108100 A5=108000 A6=10B9CA -- 002652: movea.l D7, A0
D0=3500 D1=1B D2=749D0370 D3=FFFF D4=8402E40 D5=80210048 D6=1 D7=102900 A0=102900 A1=102B00 A2=534F0 A3=1087F6 A4=108100 A5=108000 A6=10B9CA -- 002654: move.w  A1, ($4,A0)
D0=3500 D1=1B D2=749D0370 D3=FFFF D4=8402E40 D5=80210048 D6=1 D7=102900 A0=102900 A1=102B00 A2=534F0 A3=1087F6 A4=108100 A5=108000 A6=10B9CA -- 002658: lea     ($10,A1), A0
D0=3500 D1=1B D2=749D0370 D3=FFFF D4=8402E40 D5=80210048 D6=1 D7=102900 A0=102B10 A1=102B00 A2=534F0 A3=1087F6 A4=108100 A5=108000 A6=10B9CA -- 00265C: move.w  #$1e, D0
D0=1E D1=1B D2=749D0370 D3=FFFF D4=8402E40 D5=80210048 D6=1 D7=102900 A0=102B10 A1=102B00 A2=534F0 A3=1087F6 A4=108100 A5=108000 A6=10B9CA -- 002660: moveq   #$0, D7
D0=1E D1=1B D2=749D0370 D3=FFFF D4=8402E40 D5=80210048 D6=1 D7=0 A0=102B10 A1=102B00 A2=534F0 A3=1087F6 A4=108100 A5=108000 A6=10B9CA -- 002662: move.l  D7, (A0)+
D0=1E D1=1B D2=749D0370 D3=FFFF D4=8402E40 D5=80210048 D6=1 D7=0 A0=102B14 A1=102B00 A2=534F0 A3=1087F6 A4=108100 A5=108000 A6=10B9CA -- 002664: move.l  D7, (A0)+
D0=1E D1=1B D2=749D0370 D3=FFFF D4=8402E40 D5=80210048 D6=1 D7=0 A0=102B18 A1=102B00 A2=534F0 A3=1087F6 A4=108100 A5=108000 A6=10B9CA -- 002666: move.l  D7, (A0)+
D0=1E D1=1B D2=749D0370 D3=FFFF D4=8402E40 D5=80210048 D6=1 D7=0 A0=102B1C A1=102B00 A2=534F0 A3=1087F6 A4=108100 A5=108000 A6=10B9CA -- 002668: move.l  D7, (A0)+
D0=1E D1=1B D2=749D0370 D3=FFFF D4=8402E40 D5=80210048 D6=1 D7=0 A0=102B20 A1=102B00 A2=534F0 A3=1087F6 A4=108100 A5=108000 A6=10B9CA -- 00266A: dbra    D0, $2662
D0=1D D1=1B D2=749D0370 D3=FFFF D4=8402E40 D5=80210048 D6=1 D7=0 A0=102B20 A1=102B00 A2=534F0 A3=1087F6 A4=108100 A5=108000 A6=10B9CA -- 002662: move.l  D7, (A0)+
D0=1D D1=1B D2=749D0370 D3=FFFF D4=8402E40 D5=80210048 D6=1 D7=0 A0=102B24 A1=102B00 A2=534F0 A3=1087F6 A4=108100 A5=108000 A6=10B9CA -- 002664: move.l  D7, (A0)+
D0=1D D1=1B D2=749D0370 D3=FFFF D4=8402E40 D5=80210048 D6=1 D7=0 A0=102B28 A1=102B00 A2=534F0 A3=1087F6 A4=108100 A5=108000 A6=10B9CA -- 002666: move.l  D7, (A0)+
D0=1D D1=1B D2=749D0370 D3=FFFF D4=8402E40 D5=80210048 D6=1 D7=0 A0=102B2C A1=102B00 A2=534F0 A3=1087F6 A4=108100 A5=108000 A6=10B9CA -- 002668: move.l  D7, (A0)+
D0=1D D1=1B D2=749D0370 D3=FFFF D4=8402E40 D5=80210048 D6=1 D7=0 A0=102B30 A1=102B00 A2=534F0 A3=1087F6 A4=108100 A5=108000 A6=10B9CA -- 00266A: dbra    D0, $2662
D0=1C D1=1B D2=749D0370 D3=FFFF D4=8402E40 D5=80210048 D6=1 D7=0 A0=102B30 A1=102B00 A2=534F0 A3=1087F6 A4=108100 A5=108000 A6=10B9CA -- 002662: move.l  D7, (A0)+
D0=1C D1=1B D2=749D0370 D3=FFFF D4=8402E40 D5=80210048 D6=1 D7=0 A0=102B34 A1=102B00 A2=534F0 A3=1087F6 A4=108100 A5=108000 A6=10B9CA -- 002664: move.l  D7, (A0)+
D0=1C D1=1B D2=749D0370 D3=FFFF D4=8402E40 D5=80210048 D6=1 D7=0 A0=102B38 A1=102B00 A2=534F0 A3=1087F6 A4=108100 A5=108000 A6=10B9CA -- 002666: move.l  D7, (A0)+
D0=1C D1=1B D2=749D0370 D3=FFFF D4=8402E40 D5=80210048 D6=1 D7=0 A0=102B3C A1=102B00 A2=534F0 A3=1087F6 A4=108100 A5=108000 A6=10B9CA -- 002668: move.l  D7, (A0)+
D0=1C D1=1B D2=749D0370 D3=FFFF D4=8402E40 D5=80210048 D6=1 D7=0 A0=102B40 A1=102B00 A2=534F0 A3=1087F6 A4=108100 A5=108000 A6=10B9CA -- 00266A: dbra    D0, $2662
D0=1B D1=1B D2=749D0370 D3=FFFF D4=8402E40 D5=80210048 D6=1 D7=0 A0=102B40 A1=102B00 A2=534F0 A3=1087F6 A4=108100 A5=108000 A6=10B9CA -- 002662: move.l  D7, (A0)+
D0=1B D1=1B D2=749D0370 D3=FFFF D4=8402E40 D5=80210048 D6=1 D7=0 A0=102B44 A1=102B00 A2=534F0 A3=1087F6 A4=108100 A5=108000 A6=10B9CA -- 002664: move.l  D7, (A0)+
D0=1B D1=1B D2=749D0370 D3=FFFF D4=8402E40 D5=80210048 D6=1 D7=0 A0=102B48 A1=102B00 A2=534F0 A3=1087F6 A4=108100 A5=108000 A6=10B9CA -- 002666: move.l  D7, (A0)+
D0=1B D1=1B D2=749D0370 D3=FFFF D4=8402E40 D5=80210048 D6=1 D7=0 A0=102B4C A1=102B00 A2=534F0 A3=1087F6 A4=108100 A5=108000 A6=10B9CA -- 002668: move.l  D7, (A0)+
D0=1B D1=1B D2=749D0370 D3=FFFF D4=8402E40 D5=80210048 D6=1 D7=0 A0=102B50 A1=102B00 A2=534F0 A3=1087F6 A4=108100 A5=108000 A6=10B9CA -- 00266A: dbra    D0, $2662
D0=1A D1=1B D2=749D0370 D3=FFFF D4=8402E40 D5=80210048 D6=1 D7=0 A0=102B50 A1=102B00 A2=534F0 A3=1087F6 A4=108100 A5=108000 A6=10B9CA -- 002662: move.l  D7, (A0)+
D0=1A D1=1B D2=749D0370 D3=FFFF D4=8402E40 D5=80210048 D6=1 D7=0 A0=102B54 A1=102B00 A2=534F0 A3=1087F6 A4=108100 A5=108000 A6=10B9CA -- 002664: move.l  D7, (A0)+
D0=1A D1=1B D2=749D0370 D3=FFFF D4=8402E40 D5=80210048 D6=1 D7=0 A0=102B58 A1=102B00 A2=534F0 A3=1087F6 A4=108100 A5=108000 A6=10B9CA -- 002666: move.l  D7, (A0)+
D0=1A D1=1B D2=749D0370 D3=FFFF D4=8402E40 D5=80210048 D6=1 D7=0 A0=102B5C A1=102B00 A2=534F0 A3=1087F6 A4=108100 A5=108000 A6=10B9CA -- 002668: move.l  D7, (A0)+
D0=1A D1=1B D2=749D0370 D3=FFFF D4=8402E40 D5=80210048 D6=1 D7=0 A0=102B60 A1=102B00 A2=534F0 A3=1087F6 A4=108100 A5=108000 A6=10B9CA -- 00266A: dbra    D0, $2662
D0=19 D1=1B D2=749D0370 D3=FFFF D4=8402E40 D5=80210048 D6=1 D7=0 A0=102B60 A1=102B00 A2=534F0 A3=1087F6 A4=108100 A5=108000 A6=10B9CA -- 002662: move.l  D7, (A0)+
D0=19 D1=1B D2=749D0370 D3=FFFF D4=8402E40 D5=80210048 D6=1 D7=0 A0=102B64 A1=102B00 A2=534F0 A3=1087F6 A4=108100 A5=108000 A6=10B9CA -- 002664: move.l  D7, (A0)+
D0=19 D1=1B D2=749D0370 D3=FFFF D4=8402E40 D5=80210048 D6=1 D7=0 A0=102B68 A1=102B00 A2=534F0 A3=1087F6 A4=108100 A5=108000 A6=10B9CA -- 002666: move.l  D7, (A0)+
D0=19 D1=1B D2=749D0370 D3=FFFF D4=8402E40 D5=80210048 D6=1 D7=0 A0=102B6C A1=102B00 A2=534F0 A3=1087F6 A4=108100 A5=108000 A6=10B9CA -- 002668: move.l  D7, (A0)+
D0=19 D1=1B D2=749D0370 D3=FFFF D4=8402E40 D5=80210048 D6=1 D7=0 A0=102B70 A1=102B00 A2=534F0 A3=1087F6 A4=108100 A5=108000 A6=10B9CA -- 00266A: dbra    D0, $2662
D0=18 D1=1B D2=749D0370 D3=FFFF D4=8402E40 D5=80210048 D6=1 D7=0 A0=102B70 A1=102B00 A2=534F0 A3=1087F6 A4=108100 A5=108000 A6=10B9CA -- 002662: move.l  D7, (A0)+
D0=18 D1=1B D2=749D0370 D3=FFFF D4=8402E40 D5=80210048 D6=1 D7=0 A0=102B74 A1=102B00 A2=534F0 A3=1087F6 A4=108100 A5=108000 A6=10B9CA -- 002664: move.l  D7, (A0)+
D0=18 D1=1B D2=749D0370 D3=FFFF D4=8402E40 D5=80210048 D6=1 D7=0 A0=102B78 A1=102B00 A2=534F0 A3=1087F6 A4=108100 A5=108000 A6=10B9CA -- 002666: move.l  D7, (A0)+
D0=18 D1=1B D2=749D0370 D3=FFFF D4=8402E40 D5=80210048 D6=1 D7=0 A0=102B7C A1=102B00 A2=534F0 A3=1087F6 A4=108100 A5=108000 A6=10B9CA -- 002668: move.l  D7, (A0)+
D0=18 D1=1B D2=749D0370 D3=FFFF D4=8402E40 D5=80210048 D6=1 D7=0 A0=102B80 A1=102B00 A2=534F0 A3=1087F6 A4=108100 A5=108000 A6=10B9CA -- 00266A: dbra    D0, $2662
D0=17 D1=1B D2=749D0370 D3=FFFF D4=8402E40 D5=80210048 D6=1 D7=0 A0=102B80 A1=102B00 A2=534F0 A3=1087F6 A4=108100 A5=108000 A6=10B9CA -- 002662: move.l  D7, (A0)+
D0=17 D1=1B D2=749D0370 D3=FFFF D4=8402E40 D5=80210048 D6=1 D7=0 A0=102B84 A1=102B00 A2=534F0 A3=1087F6 A4=108100 A5=108000 A6=10B9CA -- 002664: move.l  D7, (A0)+
D0=17 D1=1B D2=749D0370 D3=FFFF D4=8402E40 D5=80210048 D6=1 D7=0 A0=102B88 A1=102B00 A2=534F0 A3=1087F6 A4=108100 A5=108000 A6=10B9CA -- 002666: move.l  D7, (A0)+
D0=17 D1=1B D2=749D0370 D3=FFFF D4=8402E40 D5=80210048 D6=1 D7=0 A0=102B8C A1=102B00 A2=534F0 A3=1087F6 A4=108100 A5=108000 A6=10B9CA -- 002668: move.l  D7, (A0)+
D0=17 D1=1B D2=749D0370 D3=FFFF D4=8402E40 D5=80210048 D6=1 D7=0 A0=102B90 A1=102B00 A2=534F0 A3=1087F6 A4=108100 A5=108000 A6=10B9CA -- 00266A: dbra    D0, $2662
D0=16 D1=1B D2=749D0370 D3=FFFF D4=8402E40 D5=80210048 D6=1 D7=0 A0=102B90 A1=102B00 A2=534F0 A3=1087F6 A4=108100 A5=108000 A6=10B9CA -- 002662: move.l  D7, (A0)+
D0=16 D1=1B D2=749D0370 D3=FFFF D4=8402E40 D5=80210048 D6=1 D7=0 A0=102B94 A1=102B00 A2=534F0 A3=1087F6 A4=108100 A5=108000 A6=10B9CA -- 002664: move.l  D7, (A0)+
D0=16 D1=1B D2=749D0370 D3=FFFF D4=8402E40 D5=80210048 D6=1 D7=0 A0=102B98 A1=102B00 A2=534F0 A3=1087F6 A4=108100 A5=108000 A6=10B9CA -- 002666: move.l  D7, (A0)+
D0=16 D1=1B D2=749D0370 D3=FFFF D4=8402E40 D5=80210048 D6=1 D7=0 A0=102B9C A1=102B00 A2=534F0 A3=1087F6 A4=108100 A5=108000 A6=10B9CA -- 002668: move.l  D7, (A0)+
D0=16 D1=1B D2=749D0370 D3=FFFF D4=8402E40 D5=80210048 D6=1 D7=0 A0=102BA0 A1=102B00 A2=534F0 A3=1087F6 A4=108100 A5=108000 A6=10B9CA -- 00266A: dbra    D0, $2662
D0=15 D1=1B D2=749D0370 D3=FFFF D4=8402E40 D5=80210048 D6=1 D7=0 A0=102BA0 A1=102B00 A2=534F0 A3=1087F6 A4=108100 A5=108000 A6=10B9CA -- 002662: move.l  D7, (A0)+
D0=15 D1=1B D2=749D0370 D3=FFFF D4=8402E40 D5=80210048 D6=1 D7=0 A0=102BA4 A1=102B00 A2=534F0 A3=1087F6 A4=108100 A5=108000 A6=10B9CA -- 002664: move.l  D7, (A0)+
D0=15 D1=1B D2=749D0370 D3=FFFF D4=8402E40 D5=80210048 D6=1 D7=0 A0=102BA8 A1=102B00 A2=534F0 A3=1087F6 A4=108100 A5=108000 A6=10B9CA -- 002666: move.l  D7, (A0)+
D0=15 D1=1B D2=749D0370 D3=FFFF D4=8402E40 D5=80210048 D6=1 D7=0 A0=102BAC A1=102B00 A2=534F0 A3=1087F6 A4=108100 A5=108000 A6=10B9CA -- 002668: move.l  D7, (A0)+
D0=15 D1=1B D2=749D0370 D3=FFFF D4=8402E40 D5=80210048 D6=1 D7=0 A0=102BB0 A1=102B00 A2=534F0 A3=1087F6 A4=108100 A5=108000 A6=10B9CA -- 00266A: dbra    D0, $2662
D0=14 D1=1B D2=749D0370 D3=FFFF D4=8402E40 D5=80210048 D6=1 D7=0 A0=102BB0 A1=102B00 A2=534F0 A3=1087F6 A4=108100 A5=108000 A6=10B9CA -- 002662: move.l  D7, (A0)+
D0=14 D1=1B D2=749D0370 D3=FFFF D4=8402E40 D5=80210048 D6=1 D7=0 A0=102BB4 A1=102B00 A2=534F0 A3=1087F6 A4=108100 A5=108000 A6=10B9CA -- 002664: move.l  D7, (A0)+
D0=14 D1=1B D2=749D0370 D3=FFFF D4=8402E40 D5=80210048 D6=1 D7=0 A0=102BB8 A1=102B00 A2=534F0 A3=1087F6 A4=108100 A5=108000 A6=10B9CA -- 002666: move.l  D7, (A0)+
D0=14 D1=1B D2=749D0370 D3=FFFF D4=8402E40 D5=80210048 D6=1 D7=0 A0=102BBC A1=102B00 A2=534F0 A3=1087F6 A4=108100 A5=108000 A6=10B9CA -- 002668: move.l  D7, (A0)+
D0=14 D1=1B D2=749D0370 D3=FFFF D4=8402E40 D5=80210048 D6=1 D7=0 A0=102BC0 A1=102B00 A2=534F0 A3=1087F6 A4=108100 A5=108000 A6=10B9CA -- 00266A: dbra    D0, $2662
D0=13 D1=1B D2=749D0370 D3=FFFF D4=8402E40 D5=80210048 D6=1 D7=0 A0=102BC0 A1=102B00 A2=534F0 A3=1087F6 A4=108100 A5=108000 A6=10B9CA -- 002662: move.l  D7, (A0)+
D0=13 D1=1B D2=749D0370 D3=FFFF D4=8402E40 D5=80210048 D6=1 D7=0 A0=102BC4 A1=102B00 A2=534F0 A3=1087F6 A4=108100 A5=108000 A6=10B9CA -- 002664: move.l  D7, (A0)+
D0=13 D1=1B D2=749D0370 D3=FFFF D4=8402E40 D5=80210048 D6=1 D7=0 A0=102BC8 A1=102B00 A2=534F0 A3=1087F6 A4=108100 A5=108000 A6=10B9CA -- 002666: move.l  D7, (A0)+
D0=13 D1=1B D2=749D0370 D3=FFFF D4=8402E40 D5=80210048 D6=1 D7=0 A0=102BCC A1=102B00 A2=534F0 A3=1087F6 A4=108100 A5=108000 A6=10B9CA -- 002668: move.l  D7, (A0)+
D0=13 D1=1B D2=749D0370 D3=FFFF D4=8402E40 D5=80210048 D6=1 D7=0 A0=102BD0 A1=102B00 A2=534F0 A3=1087F6 A4=108100 A5=108000 A6=10B9CA -- 00266A: dbra    D0, $2662
D0=12 D1=1B D2=749D0370 D3=FFFF D4=8402E40 D5=80210048 D6=1 D7=0 A0=102BD0 A1=102B00 A2=534F0 A3=1087F6 A4=108100 A5=108000 A6=10B9CA -- 002662: move.l  D7, (A0)+
D0=12 D1=1B D2=749D0370 D3=FFFF D4=8402E40 D5=80210048 D6=1 D7=0 A0=102BD4 A1=102B00 A2=534F0 A3=1087F6 A4=108100 A5=108000 A6=10B9CA -- 002664: move.l  D7, (A0)+
D0=12 D1=1B D2=749D0370 D3=FFFF D4=8402E40 D5=80210048 D6=1 D7=0 A0=102BD8 A1=102B00 A2=534F0 A3=1087F6 A4=108100 A5=108000 A6=10B9CA -- 002666: move.l  D7, (A0)+
D0=12 D1=1B D2=749D0370 D3=FFFF D4=8402E40 D5=80210048 D6=1 D7=0 A0=102BDC A1=102B00 A2=534F0 A3=1087F6 A4=108100 A5=108000 A6=10B9CA -- 002668: move.l  D7, (A0)+
D0=12 D1=1B D2=749D0370 D3=FFFF D4=8402E40 D5=80210048 D6=1 D7=0 A0=102BE0 A1=102B00 A2=534F0 A3=1087F6 A4=108100 A5=108000 A6=10B9CA -- 00266A: dbra    D0, $2662
D0=11 D1=1B D2=749D0370 D3=FFFF D4=8402E40 D5=80210048 D6=1 D7=0 A0=102BE0 A1=102B00 A2=534F0 A3=1087F6 A4=108100 A5=108000 A6=10B9CA -- 002662: move.l  D7, (A0)+
D0=11 D1=1B D2=749D0370 D3=FFFF D4=8402E40 D5=80210048 D6=1 D7=0 A0=102BE4 A1=102B00 A2=534F0 A3=1087F6 A4=108100 A5=108000 A6=10B9CA -- 002664: move.l  D7, (A0)+
D0=11 D1=1B D2=749D0370 D3=FFFF D4=8402E40 D5=80210048 D6=1 D7=0 A0=102BE8 A1=102B00 A2=534F0 A3=1087F6 A4=108100 A5=108000 A6=10B9CA -- 002666: move.l  D7, (A0)+
D0=11 D1=1B D2=749D0370 D3=FFFF D4=8402E40 D5=80210048 D6=1 D7=0 A0=102BEC A1=102B00 A2=534F0 A3=1087F6 A4=108100 A5=108000 A6=10B9CA -- 002668: move.l  D7, (A0)+
D0=11 D1=1B D2=749D0370 D3=FFFF D4=8402E40 D5=80210048 D6=1 D7=0 A0=102BF0 A1=102B00 A2=534F0 A3=1087F6 A4=108100 A5=108000 A6=10B9CA -- 00266A: dbra    D0, $2662
D0=10 D1=1B D2=749D0370 D3=FFFF D4=8402E40 D5=80210048 D6=1 D7=0 A0=102BF0 A1=102B00 A2=534F0 A3=1087F6 A4=108100 A5=108000 A6=10B9CA -- 002662: move.l  D7, (A0)+
D0=10 D1=1B D2=749D0370 D3=FFFF D4=8402E40 D5=80210048 D6=1 D7=0 A0=102BF4 A1=102B00 A2=534F0 A3=1087F6 A4=108100 A5=108000 A6=10B9CA -- 002664: move.l  D7, (A0)+
D0=10 D1=1B D2=749D0370 D3=FFFF D4=8402E40 D5=80210048 D6=1 D7=0 A0=102BF8 A1=102B00 A2=534F0 A3=1087F6 A4=108100 A5=108000 A6=10B9CA -- 002666: move.l  D7, (A0)+
D0=10 D1=1B D2=749D0370 D3=FFFF D4=8402E40 D5=80210048 D6=1 D7=0 A0=102BFC A1=102B00 A2=534F0 A3=1087F6 A4=108100 A5=108000 A6=10B9CA -- 002668: move.l  D7, (A0)+
D0=10 D1=1B D2=749D0370 D3=FFFF D4=8402E40 D5=80210048 D6=1 D7=0 A0=102C00 A1=102B00 A2=534F0 A3=1087F6 A4=108100 A5=108000 A6=10B9CA -- 00266A: dbra    D0, $2662
D0=F D1=1B D2=749D0370 D3=FFFF D4=8402E40 D5=80210048 D6=1 D7=0 A0=102C00 A1=102B00 A2=534F0 A3=1087F6 A4=108100 A5=108000 A6=10B9CA -- 002662: move.l  D7, (A0)+
D0=F D1=1B D2=749D0370 D3=FFFF D4=8402E40 D5=80210048 D6=1 D7=0 A0=102C04 A1=102B00 A2=534F0 A3=1087F6 A4=108100 A5=108000 A6=10B9CA -- 002664: move.l  D7, (A0)+
D0=F D1=1B D2=749D0370 D3=FFFF D4=8402E40 D5=80210048 D6=1 D7=0 A0=102C08 A1=102B00 A2=534F0 A3=1087F6 A4=108100 A5=108000 A6=10B9CA -- 002666: move.l  D7, (A0)+
D0=F D1=1B D2=749D0370 D3=FFFF D4=8402E40 D5=80210048 D6=1 D7=0 A0=102C0C A1=102B00 A2=534F0 A3=1087F6 A4=108100 A5=108000 A6=10B9CA -- 002668: move.l  D7, (A0)+
D0=F D1=1B D2=749D0370 D3=FFFF D4=8402E40 D5=80210048 D6=1 D7=0 A0=102C10 A1=102B00 A2=534F0 A3=1087F6 A4=108100 A5=108000 A6=10B9CA -- 00266A: dbra    D0, $2662
D0=E D1=1B D2=749D0370 D3=FFFF D4=8402E40 D5=80210048 D6=1 D7=0 A0=102C10 A1=102B00 A2=534F0 A3=1087F6 A4=108100 A5=108000 A6=10B9CA -- 002662: move.l  D7, (A0)+
D0=E D1=1B D2=749D0370 D3=FFFF D4=8402E40 D5=80210048 D6=1 D7=0 A0=102C14 A1=102B00 A2=534F0 A3=1087F6 A4=108100 A5=108000 A6=10B9CA -- 002664: move.l  D7, (A0)+
D0=E D1=1B D2=749D0370 D3=FFFF D4=8402E40 D5=80210048 D6=1 D7=0 A0=102C18 A1=102B00 A2=534F0 A3=1087F6 A4=108100 A5=108000 A6=10B9CA -- 002666: move.l  D7, (A0)+
D0=E D1=1B D2=749D0370 D3=FFFF D4=8402E40 D5=80210048 D6=1 D7=0 A0=102C1C A1=102B00 A2=534F0 A3=1087F6 A4=108100 A5=108000 A6=10B9CA -- 002668: move.l  D7, (A0)+
D0=E D1=1B D2=749D0370 D3=FFFF D4=8402E40 D5=80210048 D6=1 D7=0 A0=102C20 A1=102B00 A2=534F0 A3=1087F6 A4=108100 A5=108000 A6=10B9CA -- 00266A: dbra    D0, $2662
D0=D D1=1B D2=749D0370 D3=FFFF D4=8402E40 D5=80210048 D6=1 D7=0 A0=102C20 A1=102B00 A2=534F0 A3=1087F6 A4=108100 A5=108000 A6=10B9CA -- 002662: move.l  D7, (A0)+
D0=D D1=1B D2=749D0370 D3=FFFF D4=8402E40 D5=80210048 D6=1 D7=0 A0=102C24 A1=102B00 A2=534F0 A3=1087F6 A4=108100 A5=108000 A6=10B9CA -- 002664: move.l  D7, (A0)+
D0=D D1=1B D2=749D0370 D3=FFFF D4=8402E40 D5=80210048 D6=1 D7=0 A0=102C28 A1=102B00 A2=534F0 A3=1087F6 A4=108100 A5=108000 A6=10B9CA -- 002666: move.l  D7, (A0)+
D0=D D1=1B D2=749D0370 D3=FFFF D4=8402E40 D5=80210048 D6=1 D7=0 A0=102C2C A1=102B00 A2=534F0 A3=1087F6 A4=108100 A5=108000 A6=10B9CA -- 002668: move.l  D7, (A0)+
D0=D D1=1B D2=749D0370 D3=FFFF D4=8402E40 D5=80210048 D6=1 D7=0 A0=102C30 A1=102B00 A2=534F0 A3=1087F6 A4=108100 A5=108000 A6=10B9CA -- 00266A: dbra    D0, $2662
D0=C D1=1B D2=749D0370 D3=FFFF D4=8402E40 D5=80210048 D6=1 D7=0 A0=102C30 A1=102B00 A2=534F0 A3=1087F6 A4=108100 A5=108000 A6=10B9CA -- 002662: move.l  D7, (A0)+
D0=C D1=1B D2=749D0370 D3=FFFF D4=8402E40 D5=80210048 D6=1 D7=0 A0=102C34 A1=102B00 A2=534F0 A3=1087F6 A4=108100 A5=108000 A6=10B9CA -- 002664: move.l  D7, (A0)+
D0=C D1=1B D2=749D0370 D3=FFFF D4=8402E40 D5=80210048 D6=1 D7=0 A0=102C38 A1=102B00 A2=534F0 A3=1087F6 A4=108100 A5=108000 A6=10B9CA -- 002666: move.l  D7, (A0)+
D0=C D1=1B D2=749D0370 D3=FFFF D4=8402E40 D5=80210048 D6=1 D7=0 A0=102C3C A1=102B00 A2=534F0 A3=1087F6 A4=108100 A5=108000 A6=10B9CA -- 002668: move.l  D7, (A0)+
D0=C D1=1B D2=749D0370 D3=FFFF D4=8402E40 D5=80210048 D6=1 D7=0 A0=102C40 A1=102B00 A2=534F0 A3=1087F6 A4=108100 A5=108000 A6=10B9CA -- 00266A: dbra    D0, $2662
D0=B D1=1B D2=749D0370 D3=FFFF D4=8402E40 D5=80210048 D6=1 D7=0 A0=102C40 A1=102B00 A2=534F0 A3=1087F6 A4=108100 A5=108000 A6=10B9CA -- 002662: move.l  D7, (A0)+
D0=B D1=1B D2=749D0370 D3=FFFF D4=8402E40 D5=80210048 D6=1 D7=0 A0=102C44 A1=102B00 A2=534F0 A3=1087F6 A4=108100 A5=108000 A6=10B9CA -- 002664: move.l  D7, (A0)+
D0=B D1=1B D2=749D0370 D3=FFFF D4=8402E40 D5=80210048 D6=1 D7=0 A0=102C48 A1=102B00 A2=534F0 A3=1087F6 A4=108100 A5=108000 A6=10B9CA -- 002666: move.l  D7, (A0)+
D0=B D1=1B D2=749D0370 D3=FFFF D4=8402E40 D5=80210048 D6=1 D7=0 A0=102C4C A1=102B00 A2=534F0 A3=1087F6 A4=108100 A5=108000 A6=10B9CA -- 002668: move.l  D7, (A0)+
D0=B D1=1B D2=749D0370 D3=FFFF D4=8402E40 D5=80210048 D6=1 D7=0 A0=102C50 A1=102B00 A2=534F0 A3=1087F6 A4=108100 A5=108000 A6=10B9CA -- 00266A: dbra    D0, $2662
D0=A D1=1B D2=749D0370 D3=FFFF D4=8402E40 D5=80210048 D6=1 D7=0 A0=102C50 A1=102B00 A2=534F0 A3=1087F6 A4=108100 A5=108000 A6=10B9CA -- 002662: move.l  D7, (A0)+
D0=A D1=1B D2=749D0370 D3=FFFF D4=8402E40 D5=80210048 D6=1 D7=0 A0=102C54 A1=102B00 A2=534F0 A3=1087F6 A4=108100 A5=108000 A6=10B9CA -- 002664: move.l  D7, (A0)+
D0=A D1=1B D2=749D0370 D3=FFFF D4=8402E40 D5=80210048 D6=1 D7=0 A0=102C58 A1=102B00 A2=534F0 A3=1087F6 A4=108100 A5=108000 A6=10B9CA -- 002666: move.l  D7, (A0)+
D0=A D1=1B D2=749D0370 D3=FFFF D4=8402E40 D5=80210048 D6=1 D7=0 A0=102C5C A1=102B00 A2=534F0 A3=1087F6 A4=108100 A5=108000 A6=10B9CA -- 002668: move.l  D7, (A0)+
D0=A D1=1B D2=749D0370 D3=FFFF D4=8402E40 D5=80210048 D6=1 D7=0 A0=102C60 A1=102B00 A2=534F0 A3=1087F6 A4=108100 A5=108000 A6=10B9CA -- 00266A: dbra    D0, $2662
D0=9 D1=1B D2=749D0370 D3=FFFF D4=8402E40 D5=80210048 D6=1 D7=0 A0=102C60 A1=102B00 A2=534F0 A3=1087F6 A4=108100 A5=108000 A6=10B9CA -- 002662: move.l  D7, (A0)+
D0=9 D1=1B D2=749D0370 D3=FFFF D4=8402E40 D5=80210048 D6=1 D7=0 A0=102C64 A1=102B00 A2=534F0 A3=1087F6 A4=108100 A5=108000 A6=10B9CA -- 002664: move.l  D7, (A0)+
D0=9 D1=1B D2=749D0370 D3=FFFF D4=8402E40 D5=80210048 D6=1 D7=0 A0=102C68 A1=102B00 A2=534F0 A3=1087F6 A4=108100 A5=108000 A6=10B9CA -- 002666: move.l  D7, (A0)+
D0=9 D1=1B D2=749D0370 D3=FFFF D4=8402E40 D5=80210048 D6=1 D7=0 A0=102C6C A1=102B00 A2=534F0 A3=1087F6 A4=108100 A5=108000 A6=10B9CA -- 002668: move.l  D7, (A0)+
D0=9 D1=1B D2=749D0370 D3=FFFF D4=8402E40 D5=80210048 D6=1 D7=0 A0=102C70 A1=102B00 A2=534F0 A3=1087F6 A4=108100 A5=108000 A6=10B9CA -- 00266A: dbra    D0, $2662
D0=8 D1=1B D2=749D0370 D3=FFFF D4=8402E40 D5=80210048 D6=1 D7=0 A0=102C70 A1=102B00 A2=534F0 A3=1087F6 A4=108100 A5=108000 A6=10B9CA -- 002662: move.l  D7, (A0)+
D0=8 D1=1B D2=749D0370 D3=FFFF D4=8402E40 D5=80210048 D6=1 D7=0 A0=102C74 A1=102B00 A2=534F0 A3=1087F6 A4=108100 A5=108000 A6=10B9CA -- 002664: move.l  D7, (A0)+
D0=8 D1=1B D2=749D0370 D3=FFFF D4=8402E40 D5=80210048 D6=1 D7=0 A0=102C78 A1=102B00 A2=534F0 A3=1087F6 A4=108100 A5=108000 A6=10B9CA -- 002666: move.l  D7, (A0)+
D0=8 D1=1B D2=749D0370 D3=FFFF D4=8402E40 D5=80210048 D6=1 D7=0 A0=102C7C A1=102B00 A2=534F0 A3=1087F6 A4=108100 A5=108000 A6=10B9CA -- 002668: move.l  D7, (A0)+
D0=8 D1=1B D2=749D0370 D3=FFFF D4=8402E40 D5=80210048 D6=1 D7=0 A0=102C80 A1=102B00 A2=534F0 A3=1087F6 A4=108100 A5=108000 A6=10B9CA -- 00266A: dbra    D0, $2662
D0=7 D1=1B D2=749D0370 D3=FFFF D4=8402E40 D5=80210048 D6=1 D7=0 A0=102C80 A1=102B00 A2=534F0 A3=1087F6 A4=108100 A5=108000 A6=10B9CA -- 002662: move.l  D7, (A0)+
D0=7 D1=1B D2=749D0370 D3=FFFF D4=8402E40 D5=80210048 D6=1 D7=0 A0=102C84 A1=102B00 A2=534F0 A3=1087F6 A4=108100 A5=108000 A6=10B9CA -- 002664: move.l  D7, (A0)+
D0=7 D1=1B D2=749D0370 D3=FFFF D4=8402E40 D5=80210048 D6=1 D7=0 A0=102C88 A1=102B00 A2=534F0 A3=1087F6 A4=108100 A5=108000 A6=10B9CA -- 002666: move.l  D7, (A0)+
D0=7 D1=1B D2=749D0370 D3=FFFF D4=8402E40 D5=80210048 D6=1 D7=0 A0=102C8C A1=102B00 A2=534F0 A3=1087F6 A4=108100 A5=108000 A6=10B9CA -- 002668: move.l  D7, (A0)+
D0=7 D1=1B D2=749D0370 D3=FFFF D4=8402E40 D5=80210048 D6=1 D7=0 A0=102C90 A1=102B00 A2=534F0 A3=1087F6 A4=108100 A5=108000 A6=10B9CA -- 00266A: dbra    D0, $2662
D0=6 D1=1B D2=749D0370 D3=FFFF D4=8402E40 D5=80210048 D6=1 D7=0 A0=102C90 A1=102B00 A2=534F0 A3=1087F6 A4=108100 A5=108000 A6=10B9CA -- 002662: move.l  D7, (A0)+
D0=6 D1=1B D2=749D0370 D3=FFFF D4=8402E40 D5=80210048 D6=1 D7=0 A0=102C94 A1=102B00 A2=534F0 A3=1087F6 A4=108100 A5=108000 A6=10B9CA -- 002664: move.l  D7, (A0)+
D0=6 D1=1B D2=749D0370 D3=FFFF D4=8402E40 D5=80210048 D6=1 D7=0 A0=102C98 A1=102B00 A2=534F0 A3=1087F6 A4=108100 A5=108000 A6=10B9CA -- 002666: move.l  D7, (A0)+
D0=6 D1=1B D2=749D0370 D3=FFFF D4=8402E40 D5=80210048 D6=1 D7=0 A0=102C9C A1=102B00 A2=534F0 A3=1087F6 A4=108100 A5=108000 A6=10B9CA -- 002668: move.l  D7, (A0)+
D0=6 D1=1B D2=749D0370 D3=FFFF D4=8402E40 D5=80210048 D6=1 D7=0 A0=102CA0 A1=102B00 A2=534F0 A3=1087F6 A4=108100 A5=108000 A6=10B9CA -- 00266A: dbra    D0, $2662
D0=5 D1=1B D2=749D0370 D3=FFFF D4=8402E40 D5=80210048 D6=1 D7=0 A0=102CA0 A1=102B00 A2=534F0 A3=1087F6 A4=108100 A5=108000 A6=10B9CA -- 002662: move.l  D7, (A0)+
D0=5 D1=1B D2=749D0370 D3=FFFF D4=8402E40 D5=80210048 D6=1 D7=0 A0=102CA4 A1=102B00 A2=534F0 A3=1087F6 A4=108100 A5=108000 A6=10B9CA -- 002664: move.l  D7, (A0)+
D0=5 D1=1B D2=749D0370 D3=FFFF D4=8402E40 D5=80210048 D6=1 D7=0 A0=102CA8 A1=102B00 A2=534F0 A3=1087F6 A4=108100 A5=108000 A6=10B9CA -- 002666: move.l  D7, (A0)+
D0=5 D1=1B D2=749D0370 D3=FFFF D4=8402E40 D5=80210048 D6=1 D7=0 A0=102CAC A1=102B00 A2=534F0 A3=1087F6 A4=108100 A5=108000 A6=10B9CA -- 002668: move.l  D7, (A0)+
D0=5 D1=1B D2=749D0370 D3=FFFF D4=8402E40 D5=80210048 D6=1 D7=0 A0=102CB0 A1=102B00 A2=534F0 A3=1087F6 A4=108100 A5=108000 A6=10B9CA -- 00266A: dbra    D0, $2662
D0=4 D1=1B D2=749D0370 D3=FFFF D4=8402E40 D5=80210048 D6=1 D7=0 A0=102CB0 A1=102B00 A2=534F0 A3=1087F6 A4=108100 A5=108000 A6=10B9CA -- 002662: move.l  D7, (A0)+
D0=4 D1=1B D2=749D0370 D3=FFFF D4=8402E40 D5=80210048 D6=1 D7=0 A0=102CB4 A1=102B00 A2=534F0 A3=1087F6 A4=108100 A5=108000 A6=10B9CA -- 002664: move.l  D7, (A0)+
D0=4 D1=1B D2=749D0370 D3=FFFF D4=8402E40 D5=80210048 D6=1 D7=0 A0=102CB8 A1=102B00 A2=534F0 A3=1087F6 A4=108100 A5=108000 A6=10B9CA -- 002666: move.l  D7, (A0)+
D0=4 D1=1B D2=749D0370 D3=FFFF D4=8402E40 D5=80210048 D6=1 D7=0 A0=102CBC A1=102B00 A2=534F0 A3=1087F6 A4=108100 A5=108000 A6=10B9CA -- 002668: move.l  D7, (A0)+
D0=4 D1=1B D2=749D0370 D3=FFFF D4=8402E40 D5=80210048 D6=1 D7=0 A0=102CC0 A1=102B00 A2=534F0 A3=1087F6 A4=108100 A5=108000 A6=10B9CA -- 00266A: dbra    D0, $2662
D0=3 D1=1B D2=749D0370 D3=FFFF D4=8402E40 D5=80210048 D6=1 D7=0 A0=102CC0 A1=102B00 A2=534F0 A3=1087F6 A4=108100 A5=108000 A6=10B9CA -- 002662: move.l  D7, (A0)+
D0=3 D1=1B D2=749D0370 D3=FFFF D4=8402E40 D5=80210048 D6=1 D7=0 A0=102CC4 A1=102B00 A2=534F0 A3=1087F6 A4=108100 A5=108000 A6=10B9CA -- 002664: move.l  D7, (A0)+
D0=3 D1=1B D2=749D0370 D3=FFFF D4=8402E40 D5=80210048 D6=1 D7=0 A0=102CC8 A1=102B00 A2=534F0 A3=1087F6 A4=108100 A5=108000 A6=10B9CA -- 002666: move.l  D7, (A0)+
D0=3 D1=1B D2=749D0370 D3=FFFF D4=8402E40 D5=80210048 D6=1 D7=0 A0=102CCC A1=102B00 A2=534F0 A3=1087F6 A4=108100 A5=108000 A6=10B9CA -- 002668: move.l  D7, (A0)+
D0=3 D1=1B D2=749D0370 D3=FFFF D4=8402E40 D5=80210048 D6=1 D7=0 A0=102CD0 A1=102B00 A2=534F0 A3=1087F6 A4=108100 A5=108000 A6=10B9CA -- 00266A: dbra    D0, $2662
D0=2 D1=1B D2=749D0370 D3=FFFF D4=8402E40 D5=80210048 D6=1 D7=0 A0=102CD0 A1=102B00 A2=534F0 A3=1087F6 A4=108100 A5=108000 A6=10B9CA -- 002662: move.l  D7, (A0)+
D0=2 D1=1B D2=749D0370 D3=FFFF D4=8402E40 D5=80210048 D6=1 D7=0 A0=102CD4 A1=102B00 A2=534F0 A3=1087F6 A4=108100 A5=108000 A6=10B9CA -- 002664: move.l  D7, (A0)+
D0=2 D1=1B D2=749D0370 D3=FFFF D4=8402E40 D5=80210048 D6=1 D7=0 A0=102CD8 A1=102B00 A2=534F0 A3=1087F6 A4=108100 A5=108000 A6=10B9CA -- 002666: move.l  D7, (A0)+
D0=2 D1=1B D2=749D0370 D3=FFFF D4=8402E40 D5=80210048 D6=1 D7=0 A0=102CDC A1=102B00 A2=534F0 A3=1087F6 A4=108100 A5=108000 A6=10B9CA -- 002668: move.l  D7, (A0)+
D0=2 D1=1B D2=749D0370 D3=FFFF D4=8402E40 D5=80210048 D6=1 D7=0 A0=102CE0 A1=102B00 A2=534F0 A3=1087F6 A4=108100 A5=108000 A6=10B9CA -- 00266A: dbra    D0, $2662
D0=1 D1=1B D2=749D0370 D3=FFFF D4=8402E40 D5=80210048 D6=1 D7=0 A0=102CE0 A1=102B00 A2=534F0 A3=1087F6 A4=108100 A5=108000 A6=10B9CA -- 002662: move.l  D7, (A0)+
D0=1 D1=1B D2=749D0370 D3=FFFF D4=8402E40 D5=80210048 D6=1 D7=0 A0=102CE4 A1=102B00 A2=534F0 A3=1087F6 A4=108100 A5=108000 A6=10B9CA -- 002664: move.l  D7, (A0)+
D0=1 D1=1B D2=749D0370 D3=FFFF D4=8402E40 D5=80210048 D6=1 D7=0 A0=102CE8 A1=102B00 A2=534F0 A3=1087F6 A4=108100 A5=108000 A6=10B9CA -- 002666: move.l  D7, (A0)+
D0=1 D1=1B D2=749D0370 D3=FFFF D4=8402E40 D5=80210048 D6=1 D7=0 A0=102CEC A1=102B00 A2=534F0 A3=1087F6 A4=108100 A5=108000 A6=10B9CA -- 002668: move.l  D7, (A0)+
D0=1 D1=1B D2=749D0370 D3=FFFF D4=8402E40 D5=80210048 D6=1 D7=0 A0=102CF0 A1=102B00 A2=534F0 A3=1087F6 A4=108100 A5=108000 A6=10B9CA -- 00266A: dbra    D0, $2662
D0=0 D1=1B D2=749D0370 D3=FFFF D4=8402E40 D5=80210048 D6=1 D7=0 A0=102CF0 A1=102B00 A2=534F0 A3=1087F6 A4=108100 A5=108000 A6=10B9CA -- 002662: move.l  D7, (A0)+
D0=0 D1=1B D2=749D0370 D3=FFFF D4=8402E40 D5=80210048 D6=1 D7=0 A0=102CF4 A1=102B00 A2=534F0 A3=1087F6 A4=108100 A5=108000 A6=10B9CA -- 002664: move.l  D7, (A0)+
D0=0 D1=1B D2=749D0370 D3=FFFF D4=8402E40 D5=80210048 D6=1 D7=0 A0=102CF8 A1=102B00 A2=534F0 A3=1087F6 A4=108100 A5=108000 A6=10B9CA -- 002666: move.l  D7, (A0)+
D0=0 D1=1B D2=749D0370 D3=FFFF D4=8402E40 D5=80210048 D6=1 D7=0 A0=102CFC A1=102B00 A2=534F0 A3=1087F6 A4=108100 A5=108000 A6=10B9CA -- 002668: move.l  D7, (A0)+
D0=0 D1=1B D2=749D0370 D3=FFFF D4=8402E40 D5=80210048 D6=1 D7=0 A0=102D00 A1=102B00 A2=534F0 A3=1087F6 A4=108100 A5=108000 A6=10B9CA -- 00266A: dbra    D0, $2662
D0=FFFF D1=1B D2=749D0370 D3=FFFF D4=8402E40 D5=80210048 D6=1 D7=0 A0=102D00 A1=102B00 A2=534F0 A3=1087F6 A4=108100 A5=108000 A6=10B9CA -- 00266E: rts
D0=FFFF D1=1B D2=749D0370 D3=FFFF D4=8402E40 D5=80210048 D6=1 D7=0 A0=102D00 A1=102B00 A2=534F0 A3=1087F6 A4=108100 A5=108000 A6=10B9CA -- 037898: bsr     $3791c
D0=FFFF D1=1B D2=749D0370 D3=FFFF D4=8402E40 D5=80210048 D6=1 D7=0 A0=102D00 A1=102B00 A2=534F0 A3=1087F6 A4=108100 A5=108000 A6=10B9CA -- 03791C: clr.b   ($cf,A1)
D0=FFFF D1=1B D2=749D0370 D3=FFFF D4=8402E40 D5=80210048 D6=1 D7=0 A0=102D00 A1=102B00 A2=534F0 A3=1087F6 A4=108100 A5=108000 A6=10B9CA -- 037920: move.l  #$4d454d42, ($10,A1)
D0=FFFF D1=1B D2=749D0370 D3=FFFF D4=8402E40 D5=80210048 D6=1 D7=0 A0=102D00 A1=102B00 A2=534F0 A3=1087F6 A4=108100 A5=108000 A6=10B9CA -- 037928: move.l  #$44495350, ($14,A1)
D0=FFFF D1=1B D2=749D0370 D3=FFFF D4=8402E40 D5=80210048 D6=1 D7=0 A0=102D00 A1=102B00 A2=534F0 A3=1087F6 A4=108100 A5=108000 A6=10B9CA -- 037930: move.b  #$ff, ($68,A1)
D0=FFFF D1=1B D2=749D0370 D3=FFFF D4=8402E40 D5=80210048 D6=1 D7=0 A0=102D00 A1=102B00 A2=534F0 A3=1087F6 A4=108100 A5=108000 A6=10B9CA -- 037936: move.b  #$ff, ($69,A1)
D0=FFFF D1=1B D2=749D0370 D3=FFFF D4=8402E40 D5=80210048 D6=1 D7=0 A0=102D00 A1=102B00 A2=534F0 A3=1087F6 A4=108100 A5=108000 A6=10B9CA -- 03793C: clr.l   ($18,A1)
D0=FFFF D1=1B D2=749D0370 D3=FFFF D4=8402E40 D5=80210048 D6=1 D7=0 A0=102D00 A1=102B00 A2=534F0 A3=1087F6 A4=108100 A5=108000 A6=10B9CA -- 037940: clr.l   ($1c,A1)
D0=FFFF D1=1B D2=749D0370 D3=FFFF D4=8402E40 D5=80210048 D6=1 D7=0 A0=102D00 A1=102B00 A2=534F0 A3=1087F6 A4=108100 A5=108000 A6=10B9CA -- 037944: clr.l   ($20,A1)
D0=FFFF D1=1B D2=749D0370 D3=FFFF D4=8402E40 D5=80210048 D6=1 D7=0 A0=102D00 A1=102B00 A2=534F0 A3=1087F6 A4=108100 A5=108000 A6=10B9CA -- 037948: move.w  D5, ($24,A1)
D0=FFFF D1=1B D2=749D0370 D3=FFFF D4=8402E40 D5=80210048 D6=1 D7=0 A0=102D00 A1=102B00 A2=534F0 A3=1087F6 A4=108100 A5=108000 A6=10B9CA -- 03794C: move.w  #$b8, ($26,A1)
D0=FFFF D1=1B D2=749D0370 D3=FFFF D4=8402E40 D5=80210048 D6=1 D7=0 A0=102D00 A1=102B00 A2=534F0 A3=1087F6 A4=108100 A5=108000 A6=10B9CA -- 037952: move.l  A4, ($84,A1)
D0=FFFF D1=1B D2=749D0370 D3=FFFF D4=8402E40 D5=80210048 D6=1 D7=0 A0=102D00 A1=102B00 A2=534F0 A3=1087F6 A4=108100 A5=108000 A6=10B9CA -- 037956: move.l  A1, (A3)+
D0=FFFF D1=1B D2=749D0370 D3=FFFF D4=8402E40 D5=80210048 D6=1 D7=0 A0=102D00 A1=102B00 A2=534F0 A3=1087FA A4=108100 A5=108000 A6=10B9CA -- 037958: rts
D0=FFFF D1=1B D2=749D0370 D3=FFFF D4=8402E40 D5=80210048 D6=1 D7=0 A0=102D00 A1=102B00 A2=534F0 A3=1087FA A4=108100 A5=108000 A6=10B9CA -- 03789C: moveq   #$2, D0
D0=2 D1=1B D2=749D0370 D3=FFFF D4=8402E40 D5=80210048 D6=1 D7=0 A0=102D00 A1=102B00 A2=534F0 A3=1087FA A4=108100 A5=108000 A6=10B9CA -- 03789E: sub.w   D6, D0
D0=1 D1=1B D2=749D0370 D3=FFFF D4=8402E40 D5=80210048 D6=1 D7=0 A0=102D00 A1=102B00 A2=534F0 A3=1087FA A4=108100 A5=108000 A6=10B9CA -- 0378A0: move.w  D0, ($d0,A1)
D0=1 D1=1B D2=749D0370 D3=FFFF D4=8402E40 D5=80210048 D6=1 D7=0 A0=102D00 A1=102B00 A2=534F0 A3=1087FA A4=108100 A5=108000 A6=10B9CA -- 0378A4: move.w  #$6e, ($2c,A1)
D0=1 D1=1B D2=749D0370 D3=FFFF D4=8402E40 D5=80210048 D6=1 D7=0 A0=102D00 A1=102B00 A2=534F0 A3=1087FA A4=108100 A5=108000 A6=10B9CA -- 0378AA: add.w   D6, ($2c,A1)
D0=1 D1=1B D2=749D0370 D3=FFFF D4=8402E40 D5=80210048 D6=1 D7=0 A0=102D00 A1=102B00 A2=534F0 A3=1087FA A4=108100 A5=108000 A6=10B9CA -- 0378AE: lea     ($aa,PC) ; ($3795a), A0
D0=1 D1=1B D2=749D0370 D3=FFFF D4=8402E40 D5=80210048 D6=1 D7=0 A0=3795A A1=102B00 A2=534F0 A3=1087FA A4=108100 A5=108000 A6=10B9CA -- 0378B2: nop
D0=1 D1=1B D2=749D0370 D3=FFFF D4=8402E40 D5=80210048 D6=1 D7=0 A0=3795A A1=102B00 A2=534F0 A3=1087FA A4=108100 A5=108000 A6=10B9CA -- 0378B4: move.b  (A0,D0.w), ($30,A1)
D0=1 D1=1B D2=749D0370 D3=FFFF D4=8402E40 D5=80210048 D6=1 D7=0 A0=3795A A1=102B00 A2=534F0 A3=1087FA A4=108100 A5=108000 A6=10B9CA -- 0378BA: addi.w  #$20, D5
D0=1 D1=1B D2=749D0370 D3=FFFF D4=8402E40 D5=80210068 D6=1 D7=0 A0=3795A A1=102B00 A2=534F0 A3=1087FA A4=108100 A5=108000 A6=10B9CA -- 0378BE: dbra    D6, $3788c
D0=1 D1=1B D2=749D0370 D3=FFFF D4=8402E40 D5=80210068 D6=0 D7=0 A0=3795A A1=102B00 A2=534F0 A3=1087FA A4=108100 A5=108000 A6=10B9CA -- 03788C: lea     ($d4,PC) ; ($37962), A0
D0=1 D1=1B D2=749D0370 D3=FFFF D4=8402E40 D5=80210068 D6=0 D7=0 A0=37962 A1=102B00 A2=534F0 A3=1087FA A4=108100 A5=108000 A6=10B9CA -- 037890: move.w  #$3500, D0
D0=3500 D1=1B D2=749D0370 D3=FFFF D4=8402E40 D5=80210068 D6=0 D7=0 A0=37962 A1=102B00 A2=534F0 A3=1087FA A4=108100 A5=108000 A6=10B9CA -- 037894: jsr     $260e.w
D0=3500 D1=1B D2=749D0370 D3=FFFF D4=8402E40 D5=80210068 D6=0 D7=0 A0=37962 A1=102B00 A2=534F0 A3=1087FA A4=108100 A5=108000 A6=10B9CA -- 00260E: move.w  ($580,A5), D7
D0=3500 D1=1B D2=749D0370 D3=FFFF D4=8402E40 D5=80210068 D6=0 D7=52 A0=37962 A1=102B00 A2=534F0 A3=1087FA A4=108100 A5=108000 A6=10B9CA -- 002612: bmi     $2670
D0=3500 D1=1B D2=749D0370 D3=FFFF D4=8402E40 D5=80210068 D6=0 D7=52 A0=37962 A1=102B00 A2=534F0 A3=1087FA A4=108100 A5=108000 A6=10B9CA -- 002616: subq.w  #2, ($580,A5)
D0=3500 D1=1B D2=749D0370 D3=FFFF D4=8402E40 D5=80210068 D6=0 D7=52 A0=37962 A1=102B00 A2=534F0 A3=1087FA A4=108100 A5=108000 A6=10B9CA -- 00261A: lea     ($500,A5), A1
D0=3500 D1=1B D2=749D0370 D3=FFFF D4=8402E40 D5=80210068 D6=0 D7=52 A0=37962 A1=108500 A2=534F0 A3=1087FA A4=108100 A5=108000 A6=10B9CA -- 00261E: movea.w (A1,D7.w), A1
D0=3500 D1=1B D2=749D0370 D3=FFFF D4=8402E40 D5=80210068 D6=0 D7=52 A0=37962 A1=2D00 A2=534F0 A3=1087FA A4=108100 A5=108000 A6=10B9CA -- 002622: adda.l  #$100000, A1
D0=3500 D1=1B D2=749D0370 D3=FFFF D4=8402E40 D5=80210068 D6=0 D7=52 A0=37962 A1=102D00 A2=534F0 A3=1087FA A4=108100 A5=108000 A6=10B9CA -- 002628: move.l  A0, (A1)
D0=3500 D1=1B D2=749D0370 D3=FFFF D4=8402E40 D5=80210068 D6=0 D7=52 A0=37962 A1=102D00 A2=534F0 A3=1087FA A4=108100 A5=108000 A6=10B9CA -- 00262A: move.w  D0, ($8,A1)
D0=3500 D1=1B D2=749D0370 D3=FFFF D4=8402E40 D5=80210068 D6=0 D7=52 A0=37962 A1=102D00 A2=534F0 A3=1087FA A4=108100 A5=108000 A6=10B9CA -- 00262E: lea     (-$7f00,A5), A0
D0=3500 D1=1B D2=749D0370 D3=FFFF D4=8402E40 D5=80210068 D6=0 D7=52 A0=100100 A1=102D00 A2=534F0 A3=1087FA A4=108100 A5=108000 A6=10B9CA -- 002632: move.l  A0, D7
D0=3500 D1=1B D2=749D0370 D3=FFFF D4=8402E40 D5=80210068 D6=0 D7=100100 A0=100100 A1=102D00 A2=534F0 A3=1087FA A4=108100 A5=108000 A6=10B9CA -- 002634: move.w  ($4,A0), D7
D0=3500 D1=1B D2=749D0370 D3=FFFF D4=8402E40 D5=80210068 D6=0 D7=100500 A0=100100 A1=102D00 A2=534F0 A3=1087FA A4=108100 A5=108000 A6=10B9CA -- 002638: movea.l D7, A0
D0=3500 D1=1B D2=749D0370 D3=FFFF D4=8402E40 D5=80210068 D6=0 D7=100500 A0=100500 A1=102D00 A2=534F0 A3=1087FA A4=108100 A5=108000 A6=10B9CA -- 00263A: cmp.w   ($8,A0), D0
D0=3500 D1=1B D2=749D0370 D3=FFFF D4=8402E40 D5=80210068 D6=0 D7=100500 A0=100500 A1=102D00 A2=534F0 A3=1087FA A4=108100 A5=108000 A6=10B9CA -- 00263E: bcc     $2634
D0=3500 D1=1B D2=749D0370 D3=FFFF D4=8402E40 D5=80210068 D6=0 D7=100500 A0=100500 A1=102D00 A2=534F0 A3=1087FA A4=108100 A5=108000 A6=10B9CA -- 002634: move.w  ($4,A0), D7
D0=3500 D1=1B D2=749D0370 D3=FFFF D4=8402E40 D5=80210068 D6=0 D7=100700 A0=100500 A1=102D00 A2=534F0 A3=1087FA A4=108100 A5=108000 A6=10B9CA -- 002638: movea.l D7, A0
D0=3500 D1=1B D2=749D0370 D3=FFFF D4=8402E40 D5=80210068 D6=0 D7=100700 A0=100700 A1=102D00 A2=534F0 A3=1087FA A4=108100 A5=108000 A6=10B9CA -- 00263A: cmp.w   ($8,A0), D0
D0=3500 D1=1B D2=749D0370 D3=FFFF D4=8402E40 D5=80210068 D6=0 D7=100700 A0=100700 A1=102D00 A2=534F0 A3=1087FA A4=108100 A5=108000 A6=10B9CA -- 00263E: bcc     $2634
D0=3500 D1=1B D2=749D0370 D3=FFFF D4=8402E40 D5=80210068 D6=0 D7=100700 A0=100700 A1=102D00 A2=534F0 A3=1087FA A4=108100 A5=108000 A6=10B9CA -- 002634: move.w  ($4,A0), D7
D0=3500 D1=1B D2=749D0370 D3=FFFF D4=8402E40 D5=80210068 D6=0 D7=100900 A0=100700 A1=102D00 A2=534F0 A3=1087FA A4=108100 A5=108000 A6=10B9CA -- 002638: movea.l D7, A0
D0=3500 D1=1B D2=749D0370 D3=FFFF D4=8402E40 D5=80210068 D6=0 D7=100900 A0=100900 A1=102D00 A2=534F0 A3=1087FA A4=108100 A5=108000 A6=10B9CA -- 00263A: cmp.w   ($8,A0), D0
D0=3500 D1=1B D2=749D0370 D3=FFFF D4=8402E40 D5=80210068 D6=0 D7=100900 A0=100900 A1=102D00 A2=534F0 A3=1087FA A4=108100 A5=108000 A6=10B9CA -- 00263E: bcc     $2634
D0=3500 D1=1B D2=749D0370 D3=FFFF D4=8402E40 D5=80210068 D6=0 D7=100900 A0=100900 A1=102D00 A2=534F0 A3=1087FA A4=108100 A5=108000 A6=10B9CA -- 002634: move.w  ($4,A0), D7
D0=3500 D1=1B D2=749D0370 D3=FFFF D4=8402E40 D5=80210068 D6=0 D7=100B00 A0=100900 A1=102D00 A2=534F0 A3=1087FA A4=108100 A5=108000 A6=10B9CA -- 002638: movea.l D7, A0
D0=3500 D1=1B D2=749D0370 D3=FFFF D4=8402E40 D5=80210068 D6=0 D7=100B00 A0=100B00 A1=102D00 A2=534F0 A3=1087FA A4=108100 A5=108000 A6=10B9CA -- 00263A: cmp.w   ($8,A0), D0
D0=3500 D1=1B D2=749D0370 D3=FFFF D4=8402E40 D5=80210068 D6=0 D7=100B00 A0=100B00 A1=102D00 A2=534F0 A3=1087FA A4=108100 A5=108000 A6=10B9CA -- 00263E: bcc     $2634
D0=3500 D1=1B D2=749D0370 D3=FFFF D4=8402E40 D5=80210068 D6=0 D7=100B00 A0=100B00 A1=102D00 A2=534F0 A3=1087FA A4=108100 A5=108000 A6=10B9CA -- 002634: move.w  ($4,A0), D7
D0=3500 D1=1B D2=749D0370 D3=FFFF D4=8402E40 D5=80210068 D6=0 D7=100D00 A0=100B00 A1=102D00 A2=534F0 A3=1087FA A4=108100 A5=108000 A6=10B9CA -- 002638: movea.l D7, A0
D0=3500 D1=1B D2=749D0370 D3=FFFF D4=8402E40 D5=80210068 D6=0 D7=100D00 A0=100D00 A1=102D00 A2=534F0 A3=1087FA A4=108100 A5=108000 A6=10B9CA -- 00263A: cmp.w   ($8,A0), D0
D0=3500 D1=1B D2=749D0370 D3=FFFF D4=8402E40 D5=80210068 D6=0 D7=100D00 A0=100D00 A1=102D00 A2=534F0 A3=1087FA A4=108100 A5=108000 A6=10B9CA -- 00263E: bcc     $2634
D0=3500 D1=1B D2=749D0370 D3=FFFF D4=8402E40 D5=80210068 D6=0 D7=100D00 A0=100D00 A1=102D00 A2=534F0 A3=1087FA A4=108100 A5=108000 A6=10B9CA -- 002634: move.w  ($4,A0), D7
D0=3500 D1=1B D2=749D0370 D3=FFFF D4=8402E40 D5=80210068 D6=0 D7=100F00 A0=100D00 A1=102D00 A2=534F0 A3=1087FA A4=108100 A5=108000 A6=10B9CA -- 002638: movea.l D7, A0
D0=3500 D1=1B D2=749D0370 D3=FFFF D4=8402E40 D5=80210068 D6=0 D7=100F00 A0=100F00 A1=102D00 A2=534F0 A3=1087FA A4=108100 A5=108000 A6=10B9CA -- 00263A: cmp.w   ($8,A0), D0
D0=3500 D1=1B D2=749D0370 D3=FFFF D4=8402E40 D5=80210068 D6=0 D7=100F00 A0=100F00 A1=102D00 A2=534F0 A3=1087FA A4=108100 A5=108000 A6=10B9CA -- 00263E: bcc     $2634
D0=3500 D1=1B D2=749D0370 D3=FFFF D4=8402E40 D5=80210068 D6=0 D7=100F00 A0=100F00 A1=102D00 A2=534F0 A3=1087FA A4=108100 A5=108000 A6=10B9CA -- 002634: move.w  ($4,A0), D7
D0=3500 D1=1B D2=749D0370 D3=FFFF D4=8402E40 D5=80210068 D6=0 D7=101100 A0=100F00 A1=102D00 A2=534F0 A3=1087FA A4=108100 A5=108000 A6=10B9CA -- 002638: movea.l D7, A0
D0=3500 D1=1B D2=749D0370 D3=FFFF D4=8402E40 D5=80210068 D6=0 D7=101100 A0=101100 A1=102D00 A2=534F0 A3=1087FA A4=108100 A5=108000 A6=10B9CA -- 00263A: cmp.w   ($8,A0), D0
D0=3500 D1=1B D2=749D0370 D3=FFFF D4=8402E40 D5=80210068 D6=0 D7=101100 A0=101100 A1=102D00 A2=534F0 A3=1087FA A4=108100 A5=108000 A6=10B9CA -- 00263E: bcc     $2634
D0=3500 D1=1B D2=749D0370 D3=FFFF D4=8402E40 D5=80210068 D6=0 D7=101100 A0=101100 A1=102D00 A2=534F0 A3=1087FA A4=108100 A5=108000 A6=10B9CA -- 002634: move.w  ($4,A0), D7
D0=3500 D1=1B D2=749D0370 D3=FFFF D4=8402E40 D5=80210068 D6=0 D7=101300 A0=101100 A1=102D00 A2=534F0 A3=1087FA A4=108100 A5=108000 A6=10B9CA -- 002638: movea.l D7, A0
D0=3500 D1=1B D2=749D0370 D3=FFFF D4=8402E40 D5=80210068 D6=0 D7=101300 A0=101300 A1=102D00 A2=534F0 A3=1087FA A4=108100 A5=108000 A6=10B9CA -- 00263A: cmp.w   ($8,A0), D0
D0=3500 D1=1B D2=749D0370 D3=FFFF D4=8402E40 D5=80210068 D6=0 D7=101300 A0=101300 A1=102D00 A2=534F0 A3=1087FA A4=108100 A5=108000 A6=10B9CA -- 00263E: bcc     $2634
D0=3500 D1=1B D2=749D0370 D3=FFFF D4=8402E40 D5=80210068 D6=0 D7=101300 A0=101300 A1=102D00 A2=534F0 A3=1087FA A4=108100 A5=108000 A6=10B9CA -- 002634: move.w  ($4,A0), D7
D0=3500 D1=1B D2=749D0370 D3=FFFF D4=8402E40 D5=80210068 D6=0 D7=101500 A0=101300 A1=102D00 A2=534F0 A3=1087FA A4=108100 A5=108000 A6=10B9CA -- 002638: movea.l D7, A0
D0=3500 D1=1B D2=749D0370 D3=FFFF D4=8402E40 D5=80210068 D6=0 D7=101500 A0=101500 A1=102D00 A2=534F0 A3=1087FA A4=108100 A5=108000 A6=10B9CA -- 00263A: cmp.w   ($8,A0), D0
D0=3500 D1=1B D2=749D0370 D3=FFFF D4=8402E40 D5=80210068 D6=0 D7=101500 A0=101500 A1=102D00 A2=534F0 A3=1087FA A4=108100 A5=108000 A6=10B9CA -- 00263E: bcc     $2634
D0=3500 D1=1B D2=749D0370 D3=FFFF D4=8402E40 D5=80210068 D6=0 D7=101500 A0=101500 A1=102D00 A2=534F0 A3=1087FA A4=108100 A5=108000 A6=10B9CA -- 002634: move.w  ($4,A0), D7
D0=3500 D1=1B D2=749D0370 D3=FFFF D4=8402E40 D5=80210068 D6=0 D7=101700 A0=101500 A1=102D00 A2=534F0 A3=1087FA A4=108100 A5=108000 A6=10B9CA -- 002638: movea.l D7, A0
D0=3500 D1=1B D2=749D0370 D3=FFFF D4=8402E40 D5=80210068 D6=0 D7=101700 A0=101700 A1=102D00 A2=534F0 A3=1087FA A4=108100 A5=108000 A6=10B9CA -- 00263A: cmp.w   ($8,A0), D0
D0=3500 D1=1B D2=749D0370 D3=FFFF D4=8402E40 D5=80210068 D6=0 D7=101700 A0=101700 A1=102D00 A2=534F0 A3=1087FA A4=108100 A5=108000 A6=10B9CA -- 00263E: bcc     $2634
D0=3500 D1=1B D2=749D0370 D3=FFFF D4=8402E40 D5=80210068 D6=0 D7=101700 A0=101700 A1=102D00 A2=534F0 A3=1087FA A4=108100 A5=108000 A6=10B9CA -- 002634: move.w  ($4,A0), D7
D0=3500 D1=1B D2=749D0370 D3=FFFF D4=8402E40 D5=80210068 D6=0 D7=101900 A0=101700 A1=102D00 A2=534F0 A3=1087FA A4=108100 A5=108000 A6=10B9CA -- 002638: movea.l D7, A0
D0=3500 D1=1B D2=749D0370 D3=FFFF D4=8402E40 D5=80210068 D6=0 D7=101900 A0=101900 A1=102D00 A2=534F0 A3=1087FA A4=108100 A5=108000 A6=10B9CA -- 00263A: cmp.w   ($8,A0), D0
D0=3500 D1=1B D2=749D0370 D3=FFFF D4=8402E40 D5=80210068 D6=0 D7=101900 A0=101900 A1=102D00 A2=534F0 A3=1087FA A4=108100 A5=108000 A6=10B9CA -- 00263E: bcc     $2634
D0=3500 D1=1B D2=749D0370 D3=FFFF D4=8402E40 D5=80210068 D6=0 D7=101900 A0=101900 A1=102D00 A2=534F0 A3=1087FA A4=108100 A5=108000 A6=10B9CA -- 002634: move.w  ($4,A0), D7
D0=3500 D1=1B D2=749D0370 D3=FFFF D4=8402E40 D5=80210068 D6=0 D7=101B00 A0=101900 A1=102D00 A2=534F0 A3=1087FA A4=108100 A5=108000 A6=10B9CA -- 002638: movea.l D7, A0
D0=3500 D1=1B D2=749D0370 D3=FFFF D4=8402E40 D5=80210068 D6=0 D7=101B00 A0=101B00 A1=102D00 A2=534F0 A3=1087FA A4=108100 A5=108000 A6=10B9CA -- 00263A: cmp.w   ($8,A0), D0
D0=3500 D1=1B D2=749D0370 D3=FFFF D4=8402E40 D5=80210068 D6=0 D7=101B00 A0=101B00 A1=102D00 A2=534F0 A3=1087FA A4=108100 A5=108000 A6=10B9CA -- 00263E: bcc     $2634
D0=3500 D1=1B D2=749D0370 D3=FFFF D4=8402E40 D5=80210068 D6=0 D7=101B00 A0=101B00 A1=102D00 A2=534F0 A3=1087FA A4=108100 A5=108000 A6=10B9CA -- 002634: move.w  ($4,A0), D7
D0=3500 D1=1B D2=749D0370 D3=FFFF D4=8402E40 D5=80210068 D6=0 D7=101D00 A0=101B00 A1=102D00 A2=534F0 A3=1087FA A4=108100 A5=108000 A6=10B9CA -- 002638: movea.l D7, A0
D0=3500 D1=1B D2=749D0370 D3=FFFF D4=8402E40 D5=80210068 D6=0 D7=101D00 A0=101D00 A1=102D00 A2=534F0 A3=1087FA A4=108100 A5=108000 A6=10B9CA -- 00263A: cmp.w   ($8,A0), D0
D0=3500 D1=1B D2=749D0370 D3=FFFF D4=8402E40 D5=80210068 D6=0 D7=101D00 A0=101D00 A1=102D00 A2=534F0 A3=1087FA A4=108100 A5=108000 A6=10B9CA -- 00263E: bcc     $2634
D0=3500 D1=1B D2=749D0370 D3=FFFF D4=8402E40 D5=80210068 D6=0 D7=101D00 A0=101D00 A1=102D00 A2=534F0 A3=1087FA A4=108100 A5=108000 A6=10B9CA -- 002634: move.w  ($4,A0), D7
D0=3500 D1=1B D2=749D0370 D3=FFFF D4=8402E40 D5=80210068 D6=0 D7=101F00 A0=101D00 A1=102D00 A2=534F0 A3=1087FA A4=108100 A5=108000 A6=10B9CA -- 002638: movea.l D7, A0
D0=3500 D1=1B D2=749D0370 D3=FFFF D4=8402E40 D5=80210068 D6=0 D7=101F00 A0=101F00 A1=102D00 A2=534F0 A3=1087FA A4=108100 A5=108000 A6=10B9CA -- 00263A: cmp.w   ($8,A0), D0
D0=3500 D1=1B D2=749D0370 D3=FFFF D4=8402E40 D5=80210068 D6=0 D7=101F00 A0=101F00 A1=102D00 A2=534F0 A3=1087FA A4=108100 A5=108000 A6=10B9CA -- 00263E: bcc     $2634
D0=3500 D1=1B D2=749D0370 D3=FFFF D4=8402E40 D5=80210068 D6=0 D7=101F00 A0=101F00 A1=102D00 A2=534F0 A3=1087FA A4=108100 A5=108000 A6=10B9CA -- 002634: move.w  ($4,A0), D7
D0=3500 D1=1B D2=749D0370 D3=FFFF D4=8402E40 D5=80210068 D6=0 D7=102100 A0=101F00 A1=102D00 A2=534F0 A3=1087FA A4=108100 A5=108000 A6=10B9CA -- 002638: movea.l D7, A0
D0=3500 D1=1B D2=749D0370 D3=FFFF D4=8402E40 D5=80210068 D6=0 D7=102100 A0=102100 A1=102D00 A2=534F0 A3=1087FA A4=108100 A5=108000 A6=10B9CA -- 00263A: cmp.w   ($8,A0), D0
D0=3500 D1=1B D2=749D0370 D3=FFFF D4=8402E40 D5=80210068 D6=0 D7=102100 A0=102100 A1=102D00 A2=534F0 A3=1087FA A4=108100 A5=108000 A6=10B9CA -- 00263E: bcc     $2634
D0=3500 D1=1B D2=749D0370 D3=FFFF D4=8402E40 D5=80210068 D6=0 D7=102100 A0=102100 A1=102D00 A2=534F0 A3=1087FA A4=108100 A5=108000 A6=10B9CA -- 002634: move.w  ($4,A0), D7
D0=3500 D1=1B D2=749D0370 D3=FFFF D4=8402E40 D5=80210068 D6=0 D7=102300 A0=102100 A1=102D00 A2=534F0 A3=1087FA A4=108100 A5=108000 A6=10B9CA -- 002638: movea.l D7, A0
D0=3500 D1=1B D2=749D0370 D3=FFFF D4=8402E40 D5=80210068 D6=0 D7=102300 A0=102300 A1=102D00 A2=534F0 A3=1087FA A4=108100 A5=108000 A6=10B9CA -- 00263A: cmp.w   ($8,A0), D0
D0=3500 D1=1B D2=749D0370 D3=FFFF D4=8402E40 D5=80210068 D6=0 D7=102300 A0=102300 A1=102D00 A2=534F0 A3=1087FA A4=108100 A5=108000 A6=10B9CA -- 00263E: bcc     $2634
D0=3500 D1=1B D2=749D0370 D3=FFFF D4=8402E40 D5=80210068 D6=0 D7=102300 A0=102300 A1=102D00 A2=534F0 A3=1087FA A4=108100 A5=108000 A6=10B9CA -- 002634: move.w  ($4,A0), D7
D0=3500 D1=1B D2=749D0370 D3=FFFF D4=8402E40 D5=80210068 D6=0 D7=102500 A0=102300 A1=102D00 A2=534F0 A3=1087FA A4=108100 A5=108000 A6=10B9CA -- 002638: movea.l D7, A0
D0=3500 D1=1B D2=749D0370 D3=FFFF D4=8402E40 D5=80210068 D6=0 D7=102500 A0=102500 A1=102D00 A2=534F0 A3=1087FA A4=108100 A5=108000 A6=10B9CA -- 00263A: cmp.w   ($8,A0), D0
D0=3500 D1=1B D2=749D0370 D3=FFFF D4=8402E40 D5=80210068 D6=0 D7=102500 A0=102500 A1=102D00 A2=534F0 A3=1087FA A4=108100 A5=108000 A6=10B9CA -- 00263E: bcc     $2634
D0=3500 D1=1B D2=749D0370 D3=FFFF D4=8402E40 D5=80210068 D6=0 D7=102500 A0=102500 A1=102D00 A2=534F0 A3=1087FA A4=108100 A5=108000 A6=10B9CA -- 002634: move.w  ($4,A0), D7
D0=3500 D1=1B D2=749D0370 D3=FFFF D4=8402E40 D5=80210068 D6=0 D7=102700 A0=102500 A1=102D00 A2=534F0 A3=1087FA A4=108100 A5=108000 A6=10B9CA -- 002638: movea.l D7, A0
D0=3500 D1=1B D2=749D0370 D3=FFFF D4=8402E40 D5=80210068 D6=0 D7=102700 A0=102700 A1=102D00 A2=534F0 A3=1087FA A4=108100 A5=108000 A6=10B9CA -- 00263A: cmp.w   ($8,A0), D0
D0=3500 D1=1B D2=749D0370 D3=FFFF D4=8402E40 D5=80210068 D6=0 D7=102700 A0=102700 A1=102D00 A2=534F0 A3=1087FA A4=108100 A5=108000 A6=10B9CA -- 00263E: bcc     $2634
D0=3500 D1=1B D2=749D0370 D3=FFFF D4=8402E40 D5=80210068 D6=0 D7=102700 A0=102700 A1=102D00 A2=534F0 A3=1087FA A4=108100 A5=108000 A6=10B9CA -- 002634: move.w  ($4,A0), D7
D0=3500 D1=1B D2=749D0370 D3=FFFF D4=8402E40 D5=80210068 D6=0 D7=102900 A0=102700 A1=102D00 A2=534F0 A3=1087FA A4=108100 A5=108000 A6=10B9CA -- 002638: movea.l D7, A0
D0=3500 D1=1B D2=749D0370 D3=FFFF D4=8402E40 D5=80210068 D6=0 D7=102900 A0=102900 A1=102D00 A2=534F0 A3=1087FA A4=108100 A5=108000 A6=10B9CA -- 00263A: cmp.w   ($8,A0), D0
D0=3500 D1=1B D2=749D0370 D3=FFFF D4=8402E40 D5=80210068 D6=0 D7=102900 A0=102900 A1=102D00 A2=534F0 A3=1087FA A4=108100 A5=108000 A6=10B9CA -- 00263E: bcc     $2634
D0=3500 D1=1B D2=749D0370 D3=FFFF D4=8402E40 D5=80210068 D6=0 D7=102900 A0=102900 A1=102D00 A2=534F0 A3=1087FA A4=108100 A5=108000 A6=10B9CA -- 002634: move.w  ($4,A0), D7
D0=3500 D1=1B D2=749D0370 D3=FFFF D4=8402E40 D5=80210068 D6=0 D7=102B00 A0=102900 A1=102D00 A2=534F0 A3=1087FA A4=108100 A5=108000 A6=10B9CA -- 002638: movea.l D7, A0
D0=3500 D1=1B D2=749D0370 D3=FFFF D4=8402E40 D5=80210068 D6=0 D7=102B00 A0=102B00 A1=102D00 A2=534F0 A3=1087FA A4=108100 A5=108000 A6=10B9CA -- 00263A: cmp.w   ($8,A0), D0
D0=3500 D1=1B D2=749D0370 D3=FFFF D4=8402E40 D5=80210068 D6=0 D7=102B00 A0=102B00 A1=102D00 A2=534F0 A3=1087FA A4=108100 A5=108000 A6=10B9CA -- 00263E: bcc     $2634
D0=3500 D1=1B D2=749D0370 D3=FFFF D4=8402E40 D5=80210068 D6=0 D7=102B00 A0=102B00 A1=102D00 A2=534F0 A3=1087FA A4=108100 A5=108000 A6=10B9CA -- 002634: move.w  ($4,A0), D7
D0=3500 D1=1B D2=749D0370 D3=FFFF D4=8402E40 D5=80210068 D6=0 D7=100300 A0=102B00 A1=102D00 A2=534F0 A3=1087FA A4=108100 A5=108000 A6=10B9CA -- 002638: movea.l D7, A0
D0=3500 D1=1B D2=749D0370 D3=FFFF D4=8402E40 D5=80210068 D6=0 D7=100300 A0=100300 A1=102D00 A2=534F0 A3=1087FA A4=108100 A5=108000 A6=10B9CA -- 00263A: cmp.w   ($8,A0), D0
D0=3500 D1=1B D2=749D0370 D3=FFFF D4=8402E40 D5=80210068 D6=0 D7=100300 A0=100300 A1=102D00 A2=534F0 A3=1087FA A4=108100 A5=108000 A6=10B9CA -- 00263E: bcc     $2634
D0=3500 D1=1B D2=749D0370 D3=FFFF D4=8402E40 D5=80210068 D6=0 D7=100300 A0=100300 A1=102D00 A2=534F0 A3=1087FA A4=108100 A5=108000 A6=10B9CA -- 002640: move.w  A0, ($4,A1)
D0=3500 D1=1B D2=749D0370 D3=FFFF D4=8402E40 D5=80210068 D6=0 D7=100300 A0=100300 A1=102D00 A2=534F0 A3=1087FA A4=108100 A5=108000 A6=10B9CA -- 002644: move.w  ($6,A0), ($6,A1)
D0=3500 D1=1B D2=749D0370 D3=FFFF D4=8402E40 D5=80210068 D6=0 D7=100300 A0=100300 A1=102D00 A2=534F0 A3=1087FA A4=108100 A5=108000 A6=10B9CA -- 00264A: move.w  ($6,A0), D7
D0=3500 D1=1B D2=749D0370 D3=FFFF D4=8402E40 D5=80210068 D6=0 D7=102B00 A0=100300 A1=102D00 A2=534F0 A3=1087FA A4=108100 A5=108000 A6=10B9CA -- 00264E: move.w  A1, ($6,A0)
D0=3500 D1=1B D2=749D0370 D3=FFFF D4=8402E40 D5=80210068 D6=0 D7=102B00 A0=100300 A1=102D00 A2=534F0 A3=1087FA A4=108100 A5=108000 A6=10B9CA -- 002652: movea.l D7, A0
D0=3500 D1=1B D2=749D0370 D3=FFFF D4=8402E40 D5=80210068 D6=0 D7=102B00 A0=102B00 A1=102D00 A2=534F0 A3=1087FA A4=108100 A5=108000 A6=10B9CA -- 002654: move.w  A1, ($4,A0)
D0=3500 D1=1B D2=749D0370 D3=FFFF D4=8402E40 D5=80210068 D6=0 D7=102B00 A0=102B00 A1=102D00 A2=534F0 A3=1087FA A4=108100 A5=108000 A6=10B9CA -- 002658: lea     ($10,A1), A0
D0=3500 D1=1B D2=749D0370 D3=FFFF D4=8402E40 D5=80210068 D6=0 D7=102B00 A0=102D10 A1=102D00 A2=534F0 A3=1087FA A4=108100 A5=108000 A6=10B9CA -- 00265C: move.w  #$1e, D0
D0=1E D1=1B D2=749D0370 D3=FFFF D4=8402E40 D5=80210068 D6=0 D7=102B00 A0=102D10 A1=102D00 A2=534F0 A3=1087FA A4=108100 A5=108000 A6=10B9CA -- 002660: moveq   #$0, D7
D0=1E D1=1B D2=749D0370 D3=FFFF D4=8402E40 D5=80210068 D6=0 D7=0 A0=102D10 A1=102D00 A2=534F0 A3=1087FA A4=108100 A5=108000 A6=10B9CA -- 002662: move.l  D7, (A0)+
D0=1E D1=1B D2=749D0370 D3=FFFF D4=8402E40 D5=80210068 D6=0 D7=0 A0=102D14 A1=102D00 A2=534F0 A3=1087FA A4=108100 A5=108000 A6=10B9CA -- 002664: move.l  D7, (A0)+
D0=1E D1=1B D2=749D0370 D3=FFFF D4=8402E40 D5=80210068 D6=0 D7=0 A0=102D18 A1=102D00 A2=534F0 A3=1087FA A4=108100 A5=108000 A6=10B9CA -- 002666: move.l  D7, (A0)+
D0=1E D1=1B D2=749D0370 D3=FFFF D4=8402E40 D5=80210068 D6=0 D7=0 A0=102D1C A1=102D00 A2=534F0 A3=1087FA A4=108100 A5=108000 A6=10B9CA -- 002668: move.l  D7, (A0)+
D0=1E D1=1B D2=749D0370 D3=FFFF D4=8402E40 D5=80210068 D6=0 D7=0 A0=102D20 A1=102D00 A2=534F0 A3=1087FA A4=108100 A5=108000 A6=10B9CA -- 00266A: dbra    D0, $2662
D0=1D D1=1B D2=749D0370 D3=FFFF D4=8402E40 D5=80210068 D6=0 D7=0 A0=102D20 A1=102D00 A2=534F0 A3=1087FA A4=108100 A5=108000 A6=10B9CA -- 002662: move.l  D7, (A0)+
D0=1D D1=1B D2=749D0370 D3=FFFF D4=8402E40 D5=80210068 D6=0 D7=0 A0=102D24 A1=102D00 A2=534F0 A3=1087FA A4=108100 A5=108000 A6=10B9CA -- 002664: move.l  D7, (A0)+
D0=1D D1=1B D2=749D0370 D3=FFFF D4=8402E40 D5=80210068 D6=0 D7=0 A0=102D28 A1=102D00 A2=534F0 A3=1087FA A4=108100 A5=108000 A6=10B9CA -- 002666: move.l  D7, (A0)+
D0=1D D1=1B D2=749D0370 D3=FFFF D4=8402E40 D5=80210068 D6=0 D7=0 A0=102D2C A1=102D00 A2=534F0 A3=1087FA A4=108100 A5=108000 A6=10B9CA -- 002668: move.l  D7, (A0)+
D0=1D D1=1B D2=749D0370 D3=FFFF D4=8402E40 D5=80210068 D6=0 D7=0 A0=102D30 A1=102D00 A2=534F0 A3=1087FA A4=108100 A5=108000 A6=10B9CA -- 00266A: dbra    D0, $2662
D0=1C D1=1B D2=749D0370 D3=FFFF D4=8402E40 D5=80210068 D6=0 D7=0 A0=102D30 A1=102D00 A2=534F0 A3=1087FA A4=108100 A5=108000 A6=10B9CA -- 002662: move.l  D7, (A0)+
D0=1C D1=1B D2=749D0370 D3=FFFF D4=8402E40 D5=80210068 D6=0 D7=0 A0=102D34 A1=102D00 A2=534F0 A3=1087FA A4=108100 A5=108000 A6=10B9CA -- 002664: move.l  D7, (A0)+
D0=1C D1=1B D2=749D0370 D3=FFFF D4=8402E40 D5=80210068 D6=0 D7=0 A0=102D38 A1=102D00 A2=534F0 A3=1087FA A4=108100 A5=108000 A6=10B9CA -- 002666: move.l  D7, (A0)+
D0=1C D1=1B D2=749D0370 D3=FFFF D4=8402E40 D5=80210068 D6=0 D7=0 A0=102D3C A1=102D00 A2=534F0 A3=1087FA A4=108100 A5=108000 A6=10B9CA -- 002668: move.l  D7, (A0)+
D0=1C D1=1B D2=749D0370 D3=FFFF D4=8402E40 D5=80210068 D6=0 D7=0 A0=102D40 A1=102D00 A2=534F0 A3=1087FA A4=108100 A5=108000 A6=10B9CA -- 00266A: dbra    D0, $2662
D0=1B D1=1B D2=749D0370 D3=FFFF D4=8402E40 D5=80210068 D6=0 D7=0 A0=102D40 A1=102D00 A2=534F0 A3=1087FA A4=108100 A5=108000 A6=10B9CA -- 002662: move.l  D7, (A0)+
D0=1B D1=1B D2=749D0370 D3=FFFF D4=8402E40 D5=80210068 D6=0 D7=0 A0=102D44 A1=102D00 A2=534F0 A3=1087FA A4=108100 A5=108000 A6=10B9CA -- 002664: move.l  D7, (A0)+
D0=1B D1=1B D2=749D0370 D3=FFFF D4=8402E40 D5=80210068 D6=0 D7=0 A0=102D48 A1=102D00 A2=534F0 A3=1087FA A4=108100 A5=108000 A6=10B9CA -- 002666: move.l  D7, (A0)+
D0=1B D1=1B D2=749D0370 D3=FFFF D4=8402E40 D5=80210068 D6=0 D7=0 A0=102D4C A1=102D00 A2=534F0 A3=1087FA A4=108100 A5=108000 A6=10B9CA -- 002668: move.l  D7, (A0)+
D0=1B D1=1B D2=749D0370 D3=FFFF D4=8402E40 D5=80210068 D6=0 D7=0 A0=102D50 A1=102D00 A2=534F0 A3=1087FA A4=108100 A5=108000 A6=10B9CA -- 00266A: dbra    D0, $2662
D0=1A D1=1B D2=749D0370 D3=FFFF D4=8402E40 D5=80210068 D6=0 D7=0 A0=102D50 A1=102D00 A2=534F0 A3=1087FA A4=108100 A5=108000 A6=10B9CA -- 002662: move.l  D7, (A0)+
D0=1A D1=1B D2=749D0370 D3=FFFF D4=8402E40 D5=80210068 D6=0 D7=0 A0=102D54 A1=102D00 A2=534F0 A3=1087FA A4=108100 A5=108000 A6=10B9CA -- 002664: move.l  D7, (A0)+
D0=1A D1=1B D2=749D0370 D3=FFFF D4=8402E40 D5=80210068 D6=0 D7=0 A0=102D58 A1=102D00 A2=534F0 A3=1087FA A4=108100 A5=108000 A6=10B9CA -- 002666: move.l  D7, (A0)+
D0=1A D1=1B D2=749D0370 D3=FFFF D4=8402E40 D5=80210068 D6=0 D7=0 A0=102D5C A1=102D00 A2=534F0 A3=1087FA A4=108100 A5=108000 A6=10B9CA -- 002668: move.l  D7, (A0)+
D0=1A D1=1B D2=749D0370 D3=FFFF D4=8402E40 D5=80210068 D6=0 D7=0 A0=102D60 A1=102D00 A2=534F0 A3=1087FA A4=108100 A5=108000 A6=10B9CA -- 00266A: dbra    D0, $2662
D0=19 D1=1B D2=749D0370 D3=FFFF D4=8402E40 D5=80210068 D6=0 D7=0 A0=102D60 A1=102D00 A2=534F0 A3=1087FA A4=108100 A5=108000 A6=10B9CA -- 002662: move.l  D7, (A0)+
D0=19 D1=1B D2=749D0370 D3=FFFF D4=8402E40 D5=80210068 D6=0 D7=0 A0=102D64 A1=102D00 A2=534F0 A3=1087FA A4=108100 A5=108000 A6=10B9CA -- 002664: move.l  D7, (A0)+
D0=19 D1=1B D2=749D0370 D3=FFFF D4=8402E40 D5=80210068 D6=0 D7=0 A0=102D68 A1=102D00 A2=534F0 A3=1087FA A4=108100 A5=108000 A6=10B9CA -- 002666: move.l  D7, (A0)+
D0=19 D1=1B D2=749D0370 D3=FFFF D4=8402E40 D5=80210068 D6=0 D7=0 A0=102D6C A1=102D00 A2=534F0 A3=1087FA A4=108100 A5=108000 A6=10B9CA -- 002668: move.l  D7, (A0)+
D0=19 D1=1B D2=749D0370 D3=FFFF D4=8402E40 D5=80210068 D6=0 D7=0 A0=102D70 A1=102D00 A2=534F0 A3=1087FA A4=108100 A5=108000 A6=10B9CA -- 00266A: dbra    D0, $2662
D0=18 D1=1B D2=749D0370 D3=FFFF D4=8402E40 D5=80210068 D6=0 D7=0 A0=102D70 A1=102D00 A2=534F0 A3=1087FA A4=108100 A5=108000 A6=10B9CA -- 002662: move.l  D7, (A0)+
D0=18 D1=1B D2=749D0370 D3=FFFF D4=8402E40 D5=80210068 D6=0 D7=0 A0=102D74 A1=102D00 A2=534F0 A3=1087FA A4=108100 A5=108000 A6=10B9CA -- 002664: move.l  D7, (A0)+
D0=18 D1=1B D2=749D0370 D3=FFFF D4=8402E40 D5=80210068 D6=0 D7=0 A0=102D78 A1=102D00 A2=534F0 A3=1087FA A4=108100 A5=108000 A6=10B9CA -- 002666: move.l  D7, (A0)+
D0=18 D1=1B D2=749D0370 D3=FFFF D4=8402E40 D5=80210068 D6=0 D7=0 A0=102D7C A1=102D00 A2=534F0 A3=1087FA A4=108100 A5=108000 A6=10B9CA -- 002668: move.l  D7, (A0)+
D0=18 D1=1B D2=749D0370 D3=FFFF D4=8402E40 D5=80210068 D6=0 D7=0 A0=102D80 A1=102D00 A2=534F0 A3=1087FA A4=108100 A5=108000 A6=10B9CA -- 00266A: dbra    D0, $2662
D0=17 D1=1B D2=749D0370 D3=FFFF D4=8402E40 D5=80210068 D6=0 D7=0 A0=102D80 A1=102D00 A2=534F0 A3=1087FA A4=108100 A5=108000 A6=10B9CA -- 002662: move.l  D7, (A0)+
D0=17 D1=1B D2=749D0370 D3=FFFF D4=8402E40 D5=80210068 D6=0 D7=0 A0=102D84 A1=102D00 A2=534F0 A3=1087FA A4=108100 A5=108000 A6=10B9CA -- 002664: move.l  D7, (A0)+
D0=17 D1=1B D2=749D0370 D3=FFFF D4=8402E40 D5=80210068 D6=0 D7=0 A0=102D88 A1=102D00 A2=534F0 A3=1087FA A4=108100 A5=108000 A6=10B9CA -- 002666: move.l  D7, (A0)+
D0=17 D1=1B D2=749D0370 D3=FFFF D4=8402E40 D5=80210068 D6=0 D7=0 A0=102D8C A1=102D00 A2=534F0 A3=1087FA A4=108100 A5=108000 A6=10B9CA -- 002668: move.l  D7, (A0)+
D0=17 D1=1B D2=749D0370 D3=FFFF D4=8402E40 D5=80210068 D6=0 D7=0 A0=102D90 A1=102D00 A2=534F0 A3=1087FA A4=108100 A5=108000 A6=10B9CA -- 00266A: dbra    D0, $2662
D0=16 D1=1B D2=749D0370 D3=FFFF D4=8402E40 D5=80210068 D6=0 D7=0 A0=102D90 A1=102D00 A2=534F0 A3=1087FA A4=108100 A5=108000 A6=10B9CA -- 002662: move.l  D7, (A0)+
D0=16 D1=1B D2=749D0370 D3=FFFF D4=8402E40 D5=80210068 D6=0 D7=0 A0=102D94 A1=102D00 A2=534F0 A3=1087FA A4=108100 A5=108000 A6=10B9CA -- 002664: move.l  D7, (A0)+
D0=16 D1=1B D2=749D0370 D3=FFFF D4=8402E40 D5=80210068 D6=0 D7=0 A0=102D98 A1=102D00 A2=534F0 A3=1087FA A4=108100 A5=108000 A6=10B9CA -- 002666: move.l  D7, (A0)+
D0=16 D1=1B D2=749D0370 D3=FFFF D4=8402E40 D5=80210068 D6=0 D7=0 A0=102D9C A1=102D00 A2=534F0 A3=1087FA A4=108100 A5=108000 A6=10B9CA -- 002668: move.l  D7, (A0)+
D0=16 D1=1B D2=749D0370 D3=FFFF D4=8402E40 D5=80210068 D6=0 D7=0 A0=102DA0 A1=102D00 A2=534F0 A3=1087FA A4=108100 A5=108000 A6=10B9CA -- 00266A: dbra    D0, $2662
D0=15 D1=1B D2=749D0370 D3=FFFF D4=8402E40 D5=80210068 D6=0 D7=0 A0=102DA0 A1=102D00 A2=534F0 A3=1087FA A4=108100 A5=108000 A6=10B9CA -- 002662: move.l  D7, (A0)+
D0=15 D1=1B D2=749D0370 D3=FFFF D4=8402E40 D5=80210068 D6=0 D7=0 A0=102DA4 A1=102D00 A2=534F0 A3=1087FA A4=108100 A5=108000 A6=10B9CA -- 002664: move.l  D7, (A0)+
D0=15 D1=1B D2=749D0370 D3=FFFF D4=8402E40 D5=80210068 D6=0 D7=0 A0=102DA8 A1=102D00 A2=534F0 A3=1087FA A4=108100 A5=108000 A6=10B9CA -- 002666: move.l  D7, (A0)+
D0=15 D1=1B D2=749D0370 D3=FFFF D4=8402E40 D5=80210068 D6=0 D7=0 A0=102DAC A1=102D00 A2=534F0 A3=1087FA A4=108100 A5=108000 A6=10B9CA -- 002668: move.l  D7, (A0)+
D0=15 D1=1B D2=749D0370 D3=FFFF D4=8402E40 D5=80210068 D6=0 D7=0 A0=102DB0 A1=102D00 A2=534F0 A3=1087FA A4=108100 A5=108000 A6=10B9CA -- 00266A: dbra    D0, $2662
D0=14 D1=1B D2=749D0370 D3=FFFF D4=8402E40 D5=80210068 D6=0 D7=0 A0=102DB0 A1=102D00 A2=534F0 A3=1087FA A4=108100 A5=108000 A6=10B9CA -- 002662: move.l  D7, (A0)+
D0=14 D1=1B D2=749D0370 D3=FFFF D4=8402E40 D5=80210068 D6=0 D7=0 A0=102DB4 A1=102D00 A2=534F0 A3=1087FA A4=108100 A5=108000 A6=10B9CA -- 002664: move.l  D7, (A0)+
D0=14 D1=1B D2=749D0370 D3=FFFF D4=8402E40 D5=80210068 D6=0 D7=0 A0=102DB8 A1=102D00 A2=534F0 A3=1087FA A4=108100 A5=108000 A6=10B9CA -- 002666: move.l  D7, (A0)+
D0=14 D1=1B D2=749D0370 D3=FFFF D4=8402E40 D5=80210068 D6=0 D7=0 A0=102DBC A1=102D00 A2=534F0 A3=1087FA A4=108100 A5=108000 A6=10B9CA -- 002668: move.l  D7, (A0)+
D0=14 D1=1B D2=749D0370 D3=FFFF D4=8402E40 D5=80210068 D6=0 D7=0 A0=102DC0 A1=102D00 A2=534F0 A3=1087FA A4=108100 A5=108000 A6=10B9CA -- 00266A: dbra    D0, $2662
D0=13 D1=1B D2=749D0370 D3=FFFF D4=8402E40 D5=80210068 D6=0 D7=0 A0=102DC0 A1=102D00 A2=534F0 A3=1087FA A4=108100 A5=108000 A6=10B9CA -- 002662: move.l  D7, (A0)+
D0=13 D1=1B D2=749D0370 D3=FFFF D4=8402E40 D5=80210068 D6=0 D7=0 A0=102DC4 A1=102D00 A2=534F0 A3=1087FA A4=108100 A5=108000 A6=10B9CA -- 002664: move.l  D7, (A0)+
D0=13 D1=1B D2=749D0370 D3=FFFF D4=8402E40 D5=80210068 D6=0 D7=0 A0=102DC8 A1=102D00 A2=534F0 A3=1087FA A4=108100 A5=108000 A6=10B9CA -- 002666: move.l  D7, (A0)+
D0=13 D1=1B D2=749D0370 D3=FFFF D4=8402E40 D5=80210068 D6=0 D7=0 A0=102DCC A1=102D00 A2=534F0 A3=1087FA A4=108100 A5=108000 A6=10B9CA -- 002668: move.l  D7, (A0)+
D0=13 D1=1B D2=749D0370 D3=FFFF D4=8402E40 D5=80210068 D6=0 D7=0 A0=102DD0 A1=102D00 A2=534F0 A3=1087FA A4=108100 A5=108000 A6=10B9CA -- 00266A: dbra    D0, $2662
D0=12 D1=1B D2=749D0370 D3=FFFF D4=8402E40 D5=80210068 D6=0 D7=0 A0=102DD0 A1=102D00 A2=534F0 A3=1087FA A4=108100 A5=108000 A6=10B9CA -- 002662: move.l  D7, (A0)+
D0=12 D1=1B D2=749D0370 D3=FFFF D4=8402E40 D5=80210068 D6=0 D7=0 A0=102DD4 A1=102D00 A2=534F0 A3=1087FA A4=108100 A5=108000 A6=10B9CA -- 002664: move.l  D7, (A0)+
D0=12 D1=1B D2=749D0370 D3=FFFF D4=8402E40 D5=80210068 D6=0 D7=0 A0=102DD8 A1=102D00 A2=534F0 A3=1087FA A4=108100 A5=108000 A6=10B9CA -- 002666: move.l  D7, (A0)+
D0=12 D1=1B D2=749D0370 D3=FFFF D4=8402E40 D5=80210068 D6=0 D7=0 A0=102DDC A1=102D00 A2=534F0 A3=1087FA A4=108100 A5=108000 A6=10B9CA -- 002668: move.l  D7, (A0)+
D0=12 D1=1B D2=749D0370 D3=FFFF D4=8402E40 D5=80210068 D6=0 D7=0 A0=102DE0 A1=102D00 A2=534F0 A3=1087FA A4=108100 A5=108000 A6=10B9CA -- 00266A: dbra    D0, $2662
D0=11 D1=1B D2=749D0370 D3=FFFF D4=8402E40 D5=80210068 D6=0 D7=0 A0=102DE0 A1=102D00 A2=534F0 A3=1087FA A4=108100 A5=108000 A6=10B9CA -- 002662: move.l  D7, (A0)+
D0=11 D1=1B D2=749D0370 D3=FFFF D4=8402E40 D5=80210068 D6=0 D7=0 A0=102DE4 A1=102D00 A2=534F0 A3=1087FA A4=108100 A5=108000 A6=10B9CA -- 002664: move.l  D7, (A0)+
D0=11 D1=1B D2=749D0370 D3=FFFF D4=8402E40 D5=80210068 D6=0 D7=0 A0=102DE8 A1=102D00 A2=534F0 A3=1087FA A4=108100 A5=108000 A6=10B9CA -- 002666: move.l  D7, (A0)+
D0=11 D1=1B D2=749D0370 D3=FFFF D4=8402E40 D5=80210068 D6=0 D7=0 A0=102DEC A1=102D00 A2=534F0 A3=1087FA A4=108100 A5=108000 A6=10B9CA -- 002668: move.l  D7, (A0)+
D0=11 D1=1B D2=749D0370 D3=FFFF D4=8402E40 D5=80210068 D6=0 D7=0 A0=102DF0 A1=102D00 A2=534F0 A3=1087FA A4=108100 A5=108000 A6=10B9CA -- 00266A: dbra    D0, $2662
D0=10 D1=1B D2=749D0370 D3=FFFF D4=8402E40 D5=80210068 D6=0 D7=0 A0=102DF0 A1=102D00 A2=534F0 A3=1087FA A4=108100 A5=108000 A6=10B9CA -- 002662: move.l  D7, (A0)+
D0=10 D1=1B D2=749D0370 D3=FFFF D4=8402E40 D5=80210068 D6=0 D7=0 A0=102DF4 A1=102D00 A2=534F0 A3=1087FA A4=108100 A5=108000 A6=10B9CA -- 002664: move.l  D7, (A0)+
D0=10 D1=1B D2=749D0370 D3=FFFF D4=8402E40 D5=80210068 D6=0 D7=0 A0=102DF8 A1=102D00 A2=534F0 A3=1087FA A4=108100 A5=108000 A6=10B9CA -- 002666: move.l  D7, (A0)+
D0=10 D1=1B D2=749D0370 D3=FFFF D4=8402E40 D5=80210068 D6=0 D7=0 A0=102DFC A1=102D00 A2=534F0 A3=1087FA A4=108100 A5=108000 A6=10B9CA -- 002668: move.l  D7, (A0)+
D0=10 D1=1B D2=749D0370 D3=FFFF D4=8402E40 D5=80210068 D6=0 D7=0 A0=102E00 A1=102D00 A2=534F0 A3=1087FA A4=108100 A5=108000 A6=10B9CA -- 00266A: dbra    D0, $2662
D0=F D1=1B D2=749D0370 D3=FFFF D4=8402E40 D5=80210068 D6=0 D7=0 A0=102E00 A1=102D00 A2=534F0 A3=1087FA A4=108100 A5=108000 A6=10B9CA -- 002662: move.l  D7, (A0)+
D0=F D1=1B D2=749D0370 D3=FFFF D4=8402E40 D5=80210068 D6=0 D7=0 A0=102E04 A1=102D00 A2=534F0 A3=1087FA A4=108100 A5=108000 A6=10B9CA -- 002664: move.l  D7, (A0)+
D0=F D1=1B D2=749D0370 D3=FFFF D4=8402E40 D5=80210068 D6=0 D7=0 A0=102E08 A1=102D00 A2=534F0 A3=1087FA A4=108100 A5=108000 A6=10B9CA -- 002666: move.l  D7, (A0)+
D0=F D1=1B D2=749D0370 D3=FFFF D4=8402E40 D5=80210068 D6=0 D7=0 A0=102E0C A1=102D00 A2=534F0 A3=1087FA A4=108100 A5=108000 A6=10B9CA -- 002668: move.l  D7, (A0)+
D0=F D1=1B D2=749D0370 D3=FFFF D4=8402E40 D5=80210068 D6=0 D7=0 A0=102E10 A1=102D00 A2=534F0 A3=1087FA A4=108100 A5=108000 A6=10B9CA -- 00266A: dbra    D0, $2662
D0=E D1=1B D2=749D0370 D3=FFFF D4=8402E40 D5=80210068 D6=0 D7=0 A0=102E10 A1=102D00 A2=534F0 A3=1087FA A4=108100 A5=108000 A6=10B9CA -- 002662: move.l  D7, (A0)+
D0=E D1=1B D2=749D0370 D3=FFFF D4=8402E40 D5=80210068 D6=0 D7=0 A0=102E14 A1=102D00 A2=534F0 A3=1087FA A4=108100 A5=108000 A6=10B9CA -- 002664: move.l  D7, (A0)+
D0=E D1=1B D2=749D0370 D3=FFFF D4=8402E40 D5=80210068 D6=0 D7=0 A0=102E18 A1=102D00 A2=534F0 A3=1087FA A4=108100 A5=108000 A6=10B9CA -- 002666: move.l  D7, (A0)+
D0=E D1=1B D2=749D0370 D3=FFFF D4=8402E40 D5=80210068 D6=0 D7=0 A0=102E1C A1=102D00 A2=534F0 A3=1087FA A4=108100 A5=108000 A6=10B9CA -- 002668: move.l  D7, (A0)+
D0=E D1=1B D2=749D0370 D3=FFFF D4=8402E40 D5=80210068 D6=0 D7=0 A0=102E20 A1=102D00 A2=534F0 A3=1087FA A4=108100 A5=108000 A6=10B9CA -- 00266A: dbra    D0, $2662
D0=D D1=1B D2=749D0370 D3=FFFF D4=8402E40 D5=80210068 D6=0 D7=0 A0=102E20 A1=102D00 A2=534F0 A3=1087FA A4=108100 A5=108000 A6=10B9CA -- 002662: move.l  D7, (A0)+
D0=D D1=1B D2=749D0370 D3=FFFF D4=8402E40 D5=80210068 D6=0 D7=0 A0=102E24 A1=102D00 A2=534F0 A3=1087FA A4=108100 A5=108000 A6=10B9CA -- 002664: move.l  D7, (A0)+
D0=D D1=1B D2=749D0370 D3=FFFF D4=8402E40 D5=80210068 D6=0 D7=0 A0=102E28 A1=102D00 A2=534F0 A3=1087FA A4=108100 A5=108000 A6=10B9CA -- 002666: move.l  D7, (A0)+
D0=D D1=1B D2=749D0370 D3=FFFF D4=8402E40 D5=80210068 D6=0 D7=0 A0=102E2C A1=102D00 A2=534F0 A3=1087FA A4=108100 A5=108000 A6=10B9CA -- 002668: move.l  D7, (A0)+
D0=D D1=1B D2=749D0370 D3=FFFF D4=8402E40 D5=80210068 D6=0 D7=0 A0=102E30 A1=102D00 A2=534F0 A3=1087FA A4=108100 A5=108000 A6=10B9CA -- 00266A: dbra    D0, $2662
D0=C D1=1B D2=749D0370 D3=FFFF D4=8402E40 D5=80210068 D6=0 D7=0 A0=102E30 A1=102D00 A2=534F0 A3=1087FA A4=108100 A5=108000 A6=10B9CA -- 002662: move.l  D7, (A0)+
D0=C D1=1B D2=749D0370 D3=FFFF D4=8402E40 D5=80210068 D6=0 D7=0 A0=102E34 A1=102D00 A2=534F0 A3=1087FA A4=108100 A5=108000 A6=10B9CA -- 002664: move.l  D7, (A0)+
D0=C D1=1B D2=749D0370 D3=FFFF D4=8402E40 D5=80210068 D6=0 D7=0 A0=102E38 A1=102D00 A2=534F0 A3=1087FA A4=108100 A5=108000 A6=10B9CA -- 002666: move.l  D7, (A0)+
D0=C D1=1B D2=749D0370 D3=FFFF D4=8402E40 D5=80210068 D6=0 D7=0 A0=102E3C A1=102D00 A2=534F0 A3=1087FA A4=108100 A5=108000 A6=10B9CA -- 002668: move.l  D7, (A0)+
D0=C D1=1B D2=749D0370 D3=FFFF D4=8402E40 D5=80210068 D6=0 D7=0 A0=102E40 A1=102D00 A2=534F0 A3=1087FA A4=108100 A5=108000 A6=10B9CA -- 00266A: dbra    D0, $2662
D0=B D1=1B D2=749D0370 D3=FFFF D4=8402E40 D5=80210068 D6=0 D7=0 A0=102E40 A1=102D00 A2=534F0 A3=1087FA A4=108100 A5=108000 A6=10B9CA -- 002662: move.l  D7, (A0)+
D0=B D1=1B D2=749D0370 D3=FFFF D4=8402E40 D5=80210068 D6=0 D7=0 A0=102E44 A1=102D00 A2=534F0 A3=1087FA A4=108100 A5=108000 A6=10B9CA -- 002664: move.l  D7, (A0)+
D0=B D1=1B D2=749D0370 D3=FFFF D4=8402E40 D5=80210068 D6=0 D7=0 A0=102E48 A1=102D00 A2=534F0 A3=1087FA A4=108100 A5=108000 A6=10B9CA -- 002666: move.l  D7, (A0)+
D0=B D1=1B D2=749D0370 D3=FFFF D4=8402E40 D5=80210068 D6=0 D7=0 A0=102E4C A1=102D00 A2=534F0 A3=1087FA A4=108100 A5=108000 A6=10B9CA -- 002668: move.l  D7, (A0)+
D0=B D1=1B D2=749D0370 D3=FFFF D4=8402E40 D5=80210068 D6=0 D7=0 A0=102E50 A1=102D00 A2=534F0 A3=1087FA A4=108100 A5=108000 A6=10B9CA -- 00266A: dbra    D0, $2662
D0=A D1=1B D2=749D0370 D3=FFFF D4=8402E40 D5=80210068 D6=0 D7=0 A0=102E50 A1=102D00 A2=534F0 A3=1087FA A4=108100 A5=108000 A6=10B9CA -- 002662: move.l  D7, (A0)+
D0=A D1=1B D2=749D0370 D3=FFFF D4=8402E40 D5=80210068 D6=0 D7=0 A0=102E54 A1=102D00 A2=534F0 A3=1087FA A4=108100 A5=108000 A6=10B9CA -- 002664: move.l  D7, (A0)+
D0=A D1=1B D2=749D0370 D3=FFFF D4=8402E40 D5=80210068 D6=0 D7=0 A0=102E58 A1=102D00 A2=534F0 A3=1087FA A4=108100 A5=108000 A6=10B9CA -- 002666: move.l  D7, (A0)+
D0=A D1=1B D2=749D0370 D3=FFFF D4=8402E40 D5=80210068 D6=0 D7=0 A0=102E5C A1=102D00 A2=534F0 A3=1087FA A4=108100 A5=108000 A6=10B9CA -- 002668: move.l  D7, (A0)+
D0=A D1=1B D2=749D0370 D3=FFFF D4=8402E40 D5=80210068 D6=0 D7=0 A0=102E60 A1=102D00 A2=534F0 A3=1087FA A4=108100 A5=108000 A6=10B9CA -- 00266A: dbra    D0, $2662
D0=9 D1=1B D2=749D0370 D3=FFFF D4=8402E40 D5=80210068 D6=0 D7=0 A0=102E60 A1=102D00 A2=534F0 A3=1087FA A4=108100 A5=108000 A6=10B9CA -- 002662: move.l  D7, (A0)+
D0=9 D1=1B D2=749D0370 D3=FFFF D4=8402E40 D5=80210068 D6=0 D7=0 A0=102E64 A1=102D00 A2=534F0 A3=1087FA A4=108100 A5=108000 A6=10B9CA -- 002664: move.l  D7, (A0)+
D0=9 D1=1B D2=749D0370 D3=FFFF D4=8402E40 D5=80210068 D6=0 D7=0 A0=102E68 A1=102D00 A2=534F0 A3=1087FA A4=108100 A5=108000 A6=10B9CA -- 002666: move.l  D7, (A0)+
D0=9 D1=1B D2=749D0370 D3=FFFF D4=8402E40 D5=80210068 D6=0 D7=0 A0=102E6C A1=102D00 A2=534F0 A3=1087FA A4=108100 A5=108000 A6=10B9CA -- 002668: move.l  D7, (A0)+
D0=9 D1=1B D2=749D0370 D3=FFFF D4=8402E40 D5=80210068 D6=0 D7=0 A0=102E70 A1=102D00 A2=534F0 A3=1087FA A4=108100 A5=108000 A6=10B9CA -- 00266A: dbra    D0, $2662
D0=8 D1=1B D2=749D0370 D3=FFFF D4=8402E40 D5=80210068 D6=0 D7=0 A0=102E70 A1=102D00 A2=534F0 A3=1087FA A4=108100 A5=108000 A6=10B9CA -- 002662: move.l  D7, (A0)+
D0=8 D1=1B D2=749D0370 D3=FFFF D4=8402E40 D5=80210068 D6=0 D7=0 A0=102E74 A1=102D00 A2=534F0 A3=1087FA A4=108100 A5=108000 A6=10B9CA -- 002664: move.l  D7, (A0)+
D0=8 D1=1B D2=749D0370 D3=FFFF D4=8402E40 D5=80210068 D6=0 D7=0 A0=102E78 A1=102D00 A2=534F0 A3=1087FA A4=108100 A5=108000 A6=10B9CA -- 002666: move.l  D7, (A0)+
D0=8 D1=1B D2=749D0370 D3=FFFF D4=8402E40 D5=80210068 D6=0 D7=0 A0=102E7C A1=102D00 A2=534F0 A3=1087FA A4=108100 A5=108000 A6=10B9CA -- 002668: move.l  D7, (A0)+
D0=8 D1=1B D2=749D0370 D3=FFFF D4=8402E40 D5=80210068 D6=0 D7=0 A0=102E80 A1=102D00 A2=534F0 A3=1087FA A4=108100 A5=108000 A6=10B9CA -- 00266A: dbra    D0, $2662
D0=7 D1=1B D2=749D0370 D3=FFFF D4=8402E40 D5=80210068 D6=0 D7=0 A0=102E80 A1=102D00 A2=534F0 A3=1087FA A4=108100 A5=108000 A6=10B9CA -- 002662: move.l  D7, (A0)+
D0=7 D1=1B D2=749D0370 D3=FFFF D4=8402E40 D5=80210068 D6=0 D7=0 A0=102E84 A1=102D00 A2=534F0 A3=1087FA A4=108100 A5=108000 A6=10B9CA -- 002664: move.l  D7, (A0)+
D0=7 D1=1B D2=749D0370 D3=FFFF D4=8402E40 D5=80210068 D6=0 D7=0 A0=102E88 A1=102D00 A2=534F0 A3=1087FA A4=108100 A5=108000 A6=10B9CA -- 002666: move.l  D7, (A0)+
D0=7 D1=1B D2=749D0370 D3=FFFF D4=8402E40 D5=80210068 D6=0 D7=0 A0=102E8C A1=102D00 A2=534F0 A3=1087FA A4=108100 A5=108000 A6=10B9CA -- 002668: move.l  D7, (A0)+
D0=7 D1=1B D2=749D0370 D3=FFFF D4=8402E40 D5=80210068 D6=0 D7=0 A0=102E90 A1=102D00 A2=534F0 A3=1087FA A4=108100 A5=108000 A6=10B9CA -- 00266A: dbra    D0, $2662
D0=6 D1=1B D2=749D0370 D3=FFFF D4=8402E40 D5=80210068 D6=0 D7=0 A0=102E90 A1=102D00 A2=534F0 A3=1087FA A4=108100 A5=108000 A6=10B9CA -- 002662: move.l  D7, (A0)+
D0=6 D1=1B D2=749D0370 D3=FFFF D4=8402E40 D5=80210068 D6=0 D7=0 A0=102E94 A1=102D00 A2=534F0 A3=1087FA A4=108100 A5=108000 A6=10B9CA -- 002664: move.l  D7, (A0)+
D0=6 D1=1B D2=749D0370 D3=FFFF D4=8402E40 D5=80210068 D6=0 D7=0 A0=102E98 A1=102D00 A2=534F0 A3=1087FA A4=108100 A5=108000 A6=10B9CA -- 002666: move.l  D7, (A0)+
D0=6 D1=1B D2=749D0370 D3=FFFF D4=8402E40 D5=80210068 D6=0 D7=0 A0=102E9C A1=102D00 A2=534F0 A3=1087FA A4=108100 A5=108000 A6=10B9CA -- 002668: move.l  D7, (A0)+
D0=6 D1=1B D2=749D0370 D3=FFFF D4=8402E40 D5=80210068 D6=0 D7=0 A0=102EA0 A1=102D00 A2=534F0 A3=1087FA A4=108100 A5=108000 A6=10B9CA -- 00266A: dbra    D0, $2662
D0=5 D1=1B D2=749D0370 D3=FFFF D4=8402E40 D5=80210068 D6=0 D7=0 A0=102EA0 A1=102D00 A2=534F0 A3=1087FA A4=108100 A5=108000 A6=10B9CA -- 002662: move.l  D7, (A0)+
D0=5 D1=1B D2=749D0370 D3=FFFF D4=8402E40 D5=80210068 D6=0 D7=0 A0=102EA4 A1=102D00 A2=534F0 A3=1087FA A4=108100 A5=108000 A6=10B9CA -- 002664: move.l  D7, (A0)+
D0=5 D1=1B D2=749D0370 D3=FFFF D4=8402E40 D5=80210068 D6=0 D7=0 A0=102EA8 A1=102D00 A2=534F0 A3=1087FA A4=108100 A5=108000 A6=10B9CA -- 002666: move.l  D7, (A0)+
D0=5 D1=1B D2=749D0370 D3=FFFF D4=8402E40 D5=80210068 D6=0 D7=0 A0=102EAC A1=102D00 A2=534F0 A3=1087FA A4=108100 A5=108000 A6=10B9CA -- 002668: move.l  D7, (A0)+
D0=5 D1=1B D2=749D0370 D3=FFFF D4=8402E40 D5=80210068 D6=0 D7=0 A0=102EB0 A1=102D00 A2=534F0 A3=1087FA A4=108100 A5=108000 A6=10B9CA -- 00266A: dbra    D0, $2662
D0=4 D1=1B D2=749D0370 D3=FFFF D4=8402E40 D5=80210068 D6=0 D7=0 A0=102EB0 A1=102D00 A2=534F0 A3=1087FA A4=108100 A5=108000 A6=10B9CA -- 002662: move.l  D7, (A0)+
D0=4 D1=1B D2=749D0370 D3=FFFF D4=8402E40 D5=80210068 D6=0 D7=0 A0=102EB4 A1=102D00 A2=534F0 A3=1087FA A4=108100 A5=108000 A6=10B9CA -- 002664: move.l  D7, (A0)+
D0=4 D1=1B D2=749D0370 D3=FFFF D4=8402E40 D5=80210068 D6=0 D7=0 A0=102EB8 A1=102D00 A2=534F0 A3=1087FA A4=108100 A5=108000 A6=10B9CA -- 002666: move.l  D7, (A0)+
D0=4 D1=1B D2=749D0370 D3=FFFF D4=8402E40 D5=80210068 D6=0 D7=0 A0=102EBC A1=102D00 A2=534F0 A3=1087FA A4=108100 A5=108000 A6=10B9CA -- 002668: move.l  D7, (A0)+
D0=4 D1=1B D2=749D0370 D3=FFFF D4=8402E40 D5=80210068 D6=0 D7=0 A0=102EC0 A1=102D00 A2=534F0 A3=1087FA A4=108100 A5=108000 A6=10B9CA -- 00266A: dbra    D0, $2662
D0=3 D1=1B D2=749D0370 D3=FFFF D4=8402E40 D5=80210068 D6=0 D7=0 A0=102EC0 A1=102D00 A2=534F0 A3=1087FA A4=108100 A5=108000 A6=10B9CA -- 002662: move.l  D7, (A0)+
D0=3 D1=1B D2=749D0370 D3=FFFF D4=8402E40 D5=80210068 D6=0 D7=0 A0=102EC4 A1=102D00 A2=534F0 A3=1087FA A4=108100 A5=108000 A6=10B9CA -- 002664: move.l  D7, (A0)+
D0=3 D1=1B D2=749D0370 D3=FFFF D4=8402E40 D5=80210068 D6=0 D7=0 A0=102EC8 A1=102D00 A2=534F0 A3=1087FA A4=108100 A5=108000 A6=10B9CA -- 002666: move.l  D7, (A0)+
D0=3 D1=1B D2=749D0370 D3=FFFF D4=8402E40 D5=80210068 D6=0 D7=0 A0=102ECC A1=102D00 A2=534F0 A3=1087FA A4=108100 A5=108000 A6=10B9CA -- 002668: move.l  D7, (A0)+
D0=3 D1=1B D2=749D0370 D3=FFFF D4=8402E40 D5=80210068 D6=0 D7=0 A0=102ED0 A1=102D00 A2=534F0 A3=1087FA A4=108100 A5=108000 A6=10B9CA -- 00266A: dbra    D0, $2662
D0=2 D1=1B D2=749D0370 D3=FFFF D4=8402E40 D5=80210068 D6=0 D7=0 A0=102ED0 A1=102D00 A2=534F0 A3=1087FA A4=108100 A5=108000 A6=10B9CA -- 002662: move.l  D7, (A0)+
D0=2 D1=1B D2=749D0370 D3=FFFF D4=8402E40 D5=80210068 D6=0 D7=0 A0=102ED4 A1=102D00 A2=534F0 A3=1087FA A4=108100 A5=108000 A6=10B9CA -- 002664: move.l  D7, (A0)+
D0=2 D1=1B D2=749D0370 D3=FFFF D4=8402E40 D5=80210068 D6=0 D7=0 A0=102ED8 A1=102D00 A2=534F0 A3=1087FA A4=108100 A5=108000 A6=10B9CA -- 002666: move.l  D7, (A0)+
D0=2 D1=1B D2=749D0370 D3=FFFF D4=8402E40 D5=80210068 D6=0 D7=0 A0=102EDC A1=102D00 A2=534F0 A3=1087FA A4=108100 A5=108000 A6=10B9CA -- 002668: move.l  D7, (A0)+
D0=2 D1=1B D2=749D0370 D3=FFFF D4=8402E40 D5=80210068 D6=0 D7=0 A0=102EE0 A1=102D00 A2=534F0 A3=1087FA A4=108100 A5=108000 A6=10B9CA -- 00266A: dbra    D0, $2662
D0=1 D1=1B D2=749D0370 D3=FFFF D4=8402E40 D5=80210068 D6=0 D7=0 A0=102EE0 A1=102D00 A2=534F0 A3=1087FA A4=108100 A5=108000 A6=10B9CA -- 002662: move.l  D7, (A0)+
D0=1 D1=1B D2=749D0370 D3=FFFF D4=8402E40 D5=80210068 D6=0 D7=0 A0=102EE4 A1=102D00 A2=534F0 A3=1087FA A4=108100 A5=108000 A6=10B9CA -- 002664: move.l  D7, (A0)+
D0=1 D1=1B D2=749D0370 D3=FFFF D4=8402E40 D5=80210068 D6=0 D7=0 A0=102EE8 A1=102D00 A2=534F0 A3=1087FA A4=108100 A5=108000 A6=10B9CA -- 002666: move.l  D7, (A0)+
D0=1 D1=1B D2=749D0370 D3=FFFF D4=8402E40 D5=80210068 D6=0 D7=0 A0=102EEC A1=102D00 A2=534F0 A3=1087FA A4=108100 A5=108000 A6=10B9CA -- 002668: move.l  D7, (A0)+
D0=1 D1=1B D2=749D0370 D3=FFFF D4=8402E40 D5=80210068 D6=0 D7=0 A0=102EF0 A1=102D00 A2=534F0 A3=1087FA A4=108100 A5=108000 A6=10B9CA -- 00266A: dbra    D0, $2662
D0=0 D1=1B D2=749D0370 D3=FFFF D4=8402E40 D5=80210068 D6=0 D7=0 A0=102EF0 A1=102D00 A2=534F0 A3=1087FA A4=108100 A5=108000 A6=10B9CA -- 002662: move.l  D7, (A0)+
D0=0 D1=1B D2=749D0370 D3=FFFF D4=8402E40 D5=80210068 D6=0 D7=0 A0=102EF4 A1=102D00 A2=534F0 A3=1087FA A4=108100 A5=108000 A6=10B9CA -- 002664: move.l  D7, (A0)+
D0=0 D1=1B D2=749D0370 D3=FFFF D4=8402E40 D5=80210068 D6=0 D7=0 A0=102EF8 A1=102D00 A2=534F0 A3=1087FA A4=108100 A5=108000 A6=10B9CA -- 002666: move.l  D7, (A0)+
D0=0 D1=1B D2=749D0370 D3=FFFF D4=8402E40 D5=80210068 D6=0 D7=0 A0=102EFC A1=102D00 A2=534F0 A3=1087FA A4=108100 A5=108000 A6=10B9CA -- 002668: move.l  D7, (A0)+
D0=0 D1=1B D2=749D0370 D3=FFFF D4=8402E40 D5=80210068 D6=0 D7=0 A0=102F00 A1=102D00 A2=534F0 A3=1087FA A4=108100 A5=108000 A6=10B9CA -- 00266A: dbra    D0, $2662
D0=FFFF D1=1B D2=749D0370 D3=FFFF D4=8402E40 D5=80210068 D6=0 D7=0 A0=102F00 A1=102D00 A2=534F0 A3=1087FA A4=108100 A5=108000 A6=10B9CA -- 00266E: rts
D0=FFFF D1=1B D2=749D0370 D3=FFFF D4=8402E40 D5=80210068 D6=0 D7=0 A0=102F00 A1=102D00 A2=534F0 A3=1087FA A4=108100 A5=108000 A6=10B9CA -- 037898: bsr     $3791c
D0=FFFF D1=1B D2=749D0370 D3=FFFF D4=8402E40 D5=80210068 D6=0 D7=0 A0=102F00 A1=102D00 A2=534F0 A3=1087FA A4=108100 A5=108000 A6=10B9CA -- 03791C: clr.b   ($cf,A1)
D0=FFFF D1=1B D2=749D0370 D3=FFFF D4=8402E40 D5=80210068 D6=0 D7=0 A0=102F00 A1=102D00 A2=534F0 A3=1087FA A4=108100 A5=108000 A6=10B9CA -- 037920: move.l  #$4d454d42, ($10,A1)
D0=FFFF D1=1B D2=749D0370 D3=FFFF D4=8402E40 D5=80210068 D6=0 D7=0 A0=102F00 A1=102D00 A2=534F0 A3=1087FA A4=108100 A5=108000 A6=10B9CA -- 037928: move.l  #$44495350, ($14,A1)
D0=FFFF D1=1B D2=749D0370 D3=FFFF D4=8402E40 D5=80210068 D6=0 D7=0 A0=102F00 A1=102D00 A2=534F0 A3=1087FA A4=108100 A5=108000 A6=10B9CA -- 037930: move.b  #$ff, ($68,A1)
D0=FFFF D1=1B D2=749D0370 D3=FFFF D4=8402E40 D5=80210068 D6=0 D7=0 A0=102F00 A1=102D00 A2=534F0 A3=1087FA A4=108100 A5=108000 A6=10B9CA -- 037936: move.b  #$ff, ($69,A1)
D0=FFFF D1=1B D2=749D0370 D3=FFFF D4=8402E40 D5=80210068 D6=0 D7=0 A0=102F00 A1=102D00 A2=534F0 A3=1087FA A4=108100 A5=108000 A6=10B9CA -- 03793C: clr.l   ($18,A1)
D0=FFFF D1=1B D2=749D0370 D3=FFFF D4=8402E40 D5=80210068 D6=0 D7=0 A0=102F00 A1=102D00 A2=534F0 A3=1087FA A4=108100 A5=108000 A6=10B9CA -- 037940: clr.l   ($1c,A1)
D0=FFFF D1=1B D2=749D0370 D3=FFFF D4=8402E40 D5=80210068 D6=0 D7=0 A0=102F00 A1=102D00 A2=534F0 A3=1087FA A4=108100 A5=108000 A6=10B9CA -- 037944: clr.l   ($20,A1)
D0=FFFF D1=1B D2=749D0370 D3=FFFF D4=8402E40 D5=80210068 D6=0 D7=0 A0=102F00 A1=102D00 A2=534F0 A3=1087FA A4=108100 A5=108000 A6=10B9CA -- 037948: move.w  D5, ($24,A1)
D0=FFFF D1=1B D2=749D0370 D3=FFFF D4=8402E40 D5=80210068 D6=0 D7=0 A0=102F00 A1=102D00 A2=534F0 A3=1087FA A4=108100 A5=108000 A6=10B9CA -- 03794C: move.w  #$b8, ($26,A1)
D0=FFFF D1=1B D2=749D0370 D3=FFFF D4=8402E40 D5=80210068 D6=0 D7=0 A0=102F00 A1=102D00 A2=534F0 A3=1087FA A4=108100 A5=108000 A6=10B9CA -- 037952: move.l  A4, ($84,A1)
D0=FFFF D1=1B D2=749D0370 D3=FFFF D4=8402E40 D5=80210068 D6=0 D7=0 A0=102F00 A1=102D00 A2=534F0 A3=1087FA A4=108100 A5=108000 A6=10B9CA -- 037956: move.l  A1, (A3)+
D0=FFFF D1=1B D2=749D0370 D3=FFFF D4=8402E40 D5=80210068 D6=0 D7=0 A0=102F00 A1=102D00 A2=534F0 A3=1087FE A4=108100 A5=108000 A6=10B9CA -- 037958: rts
D0=FFFF D1=1B D2=749D0370 D3=FFFF D4=8402E40 D5=80210068 D6=0 D7=0 A0=102F00 A1=102D00 A2=534F0 A3=1087FE A4=108100 A5=108000 A6=10B9CA -- 03789C: moveq   #$2, D0
D0=2 D1=1B D2=749D0370 D3=FFFF D4=8402E40 D5=80210068 D6=0 D7=0 A0=102F00 A1=102D00 A2=534F0 A3=1087FE A4=108100 A5=108000 A6=10B9CA -- 03789E: sub.w   D6, D0
D0=2 D1=1B D2=749D0370 D3=FFFF D4=8402E40 D5=80210068 D6=0 D7=0 A0=102F00 A1=102D00 A2=534F0 A3=1087FE A4=108100 A5=108000 A6=10B9CA -- 0378A0: move.w  D0, ($d0,A1)
D0=2 D1=1B D2=749D0370 D3=FFFF D4=8402E40 D5=80210068 D6=0 D7=0 A0=102F00 A1=102D00 A2=534F0 A3=1087FE A4=108100 A5=108000 A6=10B9CA -- 0378A4: move.w  #$6e, ($2c,A1)
D0=2 D1=1B D2=749D0370 D3=FFFF D4=8402E40 D5=80210068 D6=0 D7=0 A0=102F00 A1=102D00 A2=534F0 A3=1087FE A4=108100 A5=108000 A6=10B9CA -- 0378AA: add.w   D6, ($2c,A1)
D0=2 D1=1B D2=749D0370 D3=FFFF D4=8402E40 D5=80210068 D6=0 D7=0 A0=102F00 A1=102D00 A2=534F0 A3=1087FE A4=108100 A5=108000 A6=10B9CA -- 0378AE: lea     ($aa,PC) ; ($3795a), A0
D0=2 D1=1B D2=749D0370 D3=FFFF D4=8402E40 D5=80210068 D6=0 D7=0 A0=3795A A1=102D00 A2=534F0 A3=1087FE A4=108100 A5=108000 A6=10B9CA -- 0378B2: nop
D0=2 D1=1B D2=749D0370 D3=FFFF D4=8402E40 D5=80210068 D6=0 D7=0 A0=3795A A1=102D00 A2=534F0 A3=1087FE A4=108100 A5=108000 A6=10B9CA -- 0378B4: move.b  (A0,D0.w), ($30,A1)
D0=2 D1=1B D2=749D0370 D3=FFFF D4=8402E40 D5=80210068 D6=0 D7=0 A0=3795A A1=102D00 A2=534F0 A3=1087FE A4=108100 A5=108000 A6=10B9CA -- 0378BA: addi.w  #$20, D5
D0=2 D1=1B D2=749D0370 D3=FFFF D4=8402E40 D5=80210088 D6=0 D7=0 A0=3795A A1=102D00 A2=534F0 A3=1087FE A4=108100 A5=108000 A6=10B9CA -- 0378BE: dbra    D6, $3788c
D0=2 D1=1B D2=749D0370 D3=FFFF D4=8402E40 D5=80210088 D6=FFFF D7=0 A0=3795A A1=102D00 A2=534F0 A3=1087FE A4=108100 A5=108000 A6=10B9CA -- 0378C2: rts
D0=2 D1=1B D2=749D0370 D3=FFFF D4=8402E40 D5=80210088 D6=FFFF D7=0 A0=3795A A1=102D00 A2=534F0 A3=1087FE A4=108100 A5=108000 A6=10B9CA -- 037242: move.b  #$ff, ($68,A4)
D0=2 D1=1B D2=749D0370 D3=FFFF D4=8402E40 D5=80210088 D6=FFFF D7=0 A0=3795A A1=102D00 A2=534F0 A3=1087FE A4=108100 A5=108000 A6=10B9CA -- 037248: move.b  #$ff, ($69,A4)
D0=2 D1=1B D2=749D0370 D3=FFFF D4=8402E40 D5=80210088 D6=FFFF D7=0 A0=3795A A1=102D00 A2=534F0 A3=1087FE A4=108100 A5=108000 A6=10B9CA -- 03724E: clr.l   ($18,A4)
D0=2 D1=1B D2=749D0370 D3=FFFF D4=8402E40 D5=80210088 D6=FFFF D7=0 A0=3795A A1=102D00 A2=534F0 A3=1087FE A4=108100 A5=108000 A6=10B9CA -- 037252: clr.l   ($1c,A4)
D0=2 D1=1B D2=749D0370 D3=FFFF D4=8402E40 D5=80210088 D6=FFFF D7=0 A0=3795A A1=102D00 A2=534F0 A3=1087FE A4=108100 A5=108000 A6=10B9CA -- 037256: clr.l   ($20,A4)
D0=2 D1=1B D2=749D0370 D3=FFFF D4=8402E40 D5=80210088 D6=FFFF D7=0 A0=3795A A1=102D00 A2=534F0 A3=1087FE A4=108100 A5=108000 A6=10B9CA -- 03725A: bsr     $373d8
D0=2 D1=1B D2=749D0370 D3=FFFF D4=8402E40 D5=80210088 D6=FFFF D7=0 A0=3795A A1=102D00 A2=534F0 A3=1087FE A4=108100 A5=108000 A6=10B9CA -- 0373D8: moveq   #$0, D0
D0=0 D1=1B D2=749D0370 D3=FFFF D4=8402E40 D5=80210088 D6=FFFF D7=0 A0=3795A A1=102D00 A2=534F0 A3=1087FE A4=108100 A5=108000 A6=10B9CA -- 0373DA: move.b  ($131,A4), D0
D0=5 D1=1B D2=749D0370 D3=FFFF D4=8402E40 D5=80210088 D6=FFFF D7=0 A0=3795A A1=102D00 A2=534F0 A3=1087FE A4=108100 A5=108000 A6=10B9CA -- 0373DE: add.w   D0, D0
D0=A D1=1B D2=749D0370 D3=FFFF D4=8402E40 D5=80210088 D6=FFFF D7=0 A0=3795A A1=102D00 A2=534F0 A3=1087FE A4=108100 A5=108000 A6=10B9CA -- 0373E0: add.w   D0, D0
D0=14 D1=1B D2=749D0370 D3=FFFF D4=8402E40 D5=80210088 D6=FFFF D7=0 A0=3795A A1=102D00 A2=534F0 A3=1087FE A4=108100 A5=108000 A6=10B9CA -- 0373E2: lea     $534b8.l, A0
D0=14 D1=1B D2=749D0370 D3=FFFF D4=8402E40 D5=80210088 D6=FFFF D7=0 A0=534B8 A1=102D00 A2=534F0 A3=1087FE A4=108100 A5=108000 A6=10B9CA -- 0373E8: move.w  (A0,D0.w), ($18,A4)
D0=14 D1=1B D2=749D0370 D3=FFFF D4=8402E40 D5=80210088 D6=FFFF D7=0 A0=534B8 A1=102D00 A2=534F0 A3=1087FE A4=108100 A5=108000 A6=10B9CA -- 0373EE: move.w  ($2,A0,D0.w), ($1c,A4)
D0=14 D1=1B D2=749D0370 D3=FFFF D4=8402E40 D5=80210088 D6=FFFF D7=0 A0=534B8 A1=102D00 A2=534F0 A3=1087FE A4=108100 A5=108000 A6=10B9CA -- 0373F4: rts
D0=14 D1=1B D2=749D0370 D3=FFFF D4=8402E40 D5=80210088 D6=FFFF D7=0 A0=534B8 A1=102D00 A2=534F0 A3=1087FE A4=108100 A5=108000 A6=10B9CA -- 03725E: move.w  #$78, ($2c,A4)
D0=14 D1=1B D2=749D0370 D3=FFFF D4=8402E40 D5=80210088 D6=FFFF D7=0 A0=534B8 A1=102D00 A2=534F0 A3=1087FE A4=108100 A5=108000 A6=10B9CA -- 037264: move.w  #$1b, ($70,A4)
D0=14 D1=1B D2=749D0370 D3=FFFF D4=8402E40 D5=80210088 D6=FFFF D7=0 A0=534B8 A1=102D00 A2=534F0 A3=1087FE A4=108100 A5=108000 A6=10B9CA -- 03726A: clr.w   ($d0,A4)
D0=14 D1=1B D2=749D0370 D3=FFFF D4=8402E40 D5=80210088 D6=FFFF D7=0 A0=534B8 A1=102D00 A2=534F0 A3=1087FE A4=108100 A5=108000 A6=10B9CA -- 03726E: move.l  #$37274, (A4)
D0=14 D1=1B D2=749D0370 D3=FFFF D4=8402E40 D5=80210088 D6=FFFF D7=0 A0=534B8 A1=102D00 A2=534F0 A3=1087FE A4=108100 A5=108000 A6=10B9CA -- 037274: btst    #$0, ($cf,A4)
D0=14 D1=1B D2=749D0370 D3=FFFF D4=8402E40 D5=80210088 D6=FFFF D7=0 A0=534B8 A1=102D00 A2=534F0 A3=1087FE A4=108100 A5=108000 A6=10B9CA -- 03727A: bne     $372c6
D0=14 D1=1B D2=749D0370 D3=FFFF D4=8402E40 D5=80210088 D6=FFFF D7=0 A0=534B8 A1=102D00 A2=534F0 A3=1087FE A4=108100 A5=108000 A6=10B9CA -- 03727C: tst.b   ($130,A4)
D0=14 D1=1B D2=749D0370 D3=FFFF D4=8402E40 D5=80210088 D6=FFFF D7=0 A0=534B8 A1=102D00 A2=534F0 A3=1087FE A4=108100 A5=108000 A6=10B9CA -- 037280: bpl     $37298
D0=14 D1=1B D2=749D0370 D3=FFFF D4=8402E40 D5=80210088 D6=FFFF D7=0 A0=534B8 A1=102D00 A2=534F0 A3=1087FE A4=108100 A5=108000 A6=10B9CA -- 037282: move.w  #$43, ($72,A4)
D0=14 D1=1B D2=749D0370 D3=FFFF D4=8402E40 D5=80210088 D6=FFFF D7=0 A0=534B8 A1=102D00 A2=534F0 A3=1087FE A4=108100 A5=108000 A6=10B9CA -- 037288: btst    #$0, ($130,A4)
D0=14 D1=1B D2=749D0370 D3=FFFF D4=8402E40 D5=80210088 D6=FFFF D7=0 A0=534B8 A1=102D00 A2=534F0 A3=1087FE A4=108100 A5=108000 A6=10B9CA -- 03728E: bne     $372b0
D0=14 D1=1B D2=749D0370 D3=FFFF D4=8402E40 D5=80210088 D6=FFFF D7=0 A0=534B8 A1=102D00 A2=534F0 A3=1087FE A4=108100 A5=108000 A6=10B9CA -- 0372B0: bsr     $372da
D0=14 D1=1B D2=749D0370 D3=FFFF D4=8402E40 D5=80210088 D6=FFFF D7=0 A0=534B8 A1=102D00 A2=534F0 A3=1087FE A4=108100 A5=108000 A6=10B9CA -- 0372DA: move.b  ($130,A4), D0
D0=81 D1=1B D2=749D0370 D3=FFFF D4=8402E40 D5=80210088 D6=FFFF D7=0 A0=534B8 A1=102D00 A2=534F0 A3=1087FE A4=108100 A5=108000 A6=10B9CA -- 0372DE: andi.b  #$7f, D0
D0=1 D1=1B D2=749D0370 D3=FFFF D4=8402E40 D5=80210088 D6=FFFF D7=0 A0=534B8 A1=102D00 A2=534F0 A3=1087FE A4=108100 A5=108000 A6=10B9CA -- 0372E2: addq.b  #1, D0
D0=2 D1=1B D2=749D0370 D3=FFFF D4=8402E40 D5=80210088 D6=FFFF D7=0 A0=534B8 A1=102D00 A2=534F0 A3=1087FE A4=108100 A5=108000 A6=10B9CA -- 0372E4: btst    D0, ($7e6,A5)
D0=2 D1=1B D2=749D0370 D3=FFFF D4=8402E40 D5=80210088 D6=FFFF D7=0 A0=534B8 A1=102D00 A2=534F0 A3=1087FE A4=108100 A5=108000 A6=10B9CA -- 0372E8: bne     $37310
D0=2 D1=1B D2=749D0370 D3=FFFF D4=8402E40 D5=80210088 D6=FFFF D7=0 A0=534B8 A1=102D00 A2=534F0 A3=1087FE A4=108100 A5=108000 A6=10B9CA -- 0372EA: move.b  ($1,A6), D0
D0=0 D1=1B D2=749D0370 D3=FFFF D4=8402E40 D5=80210088 D6=FFFF D7=0 A0=534B8 A1=102D00 A2=534F0 A3=1087FE A4=108100 A5=108000 A6=10B9CA -- 0372EE: andi.w  #$f, D0
D0=0 D1=1B D2=749D0370 D3=FFFF D4=8402E40 D5=80210088 D6=FFFF D7=0 A0=534B8 A1=102D00 A2=534F0 A3=1087FE A4=108100 A5=108000 A6=10B9CA -- 0372F2: lea     ($22,PC) ; ($37316), A0
D0=0 D1=1B D2=749D0370 D3=FFFF D4=8402E40 D5=80210088 D6=FFFF D7=0 A0=37316 A1=102D00 A2=534F0 A3=1087FE A4=108100 A5=108000 A6=10B9CA -- 0372F6: nop
D0=0 D1=1B D2=749D0370 D3=FFFF D4=8402E40 D5=80210088 D6=FFFF D7=0 A0=37316 A1=102D00 A2=534F0 A3=1087FE A4=108100 A5=108000 A6=10B9CA -- 0372F8: moveq   #$0, D1
D0=0 D1=0 D2=749D0370 D3=FFFF D4=8402E40 D5=80210088 D6=FFFF D7=0 A0=37316 A1=102D00 A2=534F0 A3=1087FE A4=108100 A5=108000 A6=10B9CA -- 0372FA: move.b  (A0,D0.w), D1
D0=0 D1=FF D2=749D0370 D3=FFFF D4=8402E40 D5=80210088 D6=FFFF D7=0 A0=37316 A1=102D00 A2=534F0 A3=1087FE A4=108100 A5=108000 A6=10B9CA -- 0372FE: bmi     $37310
D0=0 D1=FF D2=749D0370 D3=FFFF D4=8402E40 D5=80210088 D6=FFFF D7=0 A0=37316 A1=102D00 A2=534F0 A3=1087FE A4=108100 A5=108000 A6=10B9CA -- 037310: bsr     $373f6
D0=0 D1=FF D2=749D0370 D3=FFFF D4=8402E40 D5=80210088 D6=FFFF D7=0 A0=37316 A1=102D00 A2=534F0 A3=1087FE A4=108100 A5=108000 A6=10B9CA -- 0373F6: lea     $53538.l, A0
D0=0 D1=FF D2=749D0370 D3=FFFF D4=8402E40 D5=80210088 D6=FFFF D7=0 A0=53538 A1=102D00 A2=534F0 A3=1087FE A4=108100 A5=108000 A6=10B9CA -- 0373FC: btst    #$0, ($130,A4)
D0=0 D1=FF D2=749D0370 D3=FFFF D4=8402E40 D5=80210088 D6=FFFF D7=0 A0=53538 A1=102D00 A2=534F0 A3=1087FE A4=108100 A5=108000 A6=10B9CA -- 037402: bne     $3740a
D0=0 D1=FF D2=749D0370 D3=FFFF D4=8402E40 D5=80210088 D6=FFFF D7=0 A0=53538 A1=102D00 A2=534F0 A3=1087FE A4=108100 A5=108000 A6=10B9CA -- 03740A: moveq   #$0, D0
D0=0 D1=FF D2=749D0370 D3=FFFF D4=8402E40 D5=80210088 D6=FFFF D7=0 A0=53538 A1=102D00 A2=534F0 A3=1087FE A4=108100 A5=108000 A6=10B9CA -- 03740C: move.b  ($131,A4), D0
D0=5 D1=FF D2=749D0370 D3=FFFF D4=8402E40 D5=80210088 D6=FFFF D7=0 A0=53538 A1=102D00 A2=534F0 A3=1087FE A4=108100 A5=108000 A6=10B9CA -- 037410: add.w   D0, D0
D0=A D1=FF D2=749D0370 D3=FFFF D4=8402E40 D5=80210088 D6=FFFF D7=0 A0=53538 A1=102D00 A2=534F0 A3=1087FE A4=108100 A5=108000 A6=10B9CA -- 037412: add.w   D0, D0
D0=14 D1=FF D2=749D0370 D3=FFFF D4=8402E40 D5=80210088 D6=FFFF D7=0 A0=53538 A1=102D00 A2=534F0 A3=1087FE A4=108100 A5=108000 A6=10B9CA -- 037414: movea.l (A0,D0.w), A0
D0=14 D1=FF D2=749D0370 D3=FFFF D4=8402E40 D5=80210088 D6=FFFF D7=0 A0=53580 A1=102D00 A2=534F0 A3=1087FE A4=108100 A5=108000 A6=10B9CA -- 037418: move.b  #$ff, ($46fe,A5)
D0=14 D1=FF D2=749D0370 D3=FFFF D4=8402E40 D5=80210088 D6=FFFF D7=0 A0=53580 A1=102D00 A2=534F0 A3=1087FE A4=108100 A5=108000 A6=10B9CA -- 03741E: jsr     $6086.w
D0=14 D1=FF D2=749D0370 D3=FFFF D4=8402E40 D5=80210088 D6=FFFF D7=0 A0=53580 A1=102D00 A2=534F0 A3=1087FE A4=108100 A5=108000 A6=10B9CA -- 006086: move.b  (A0), D0
D0=70 D1=FF D2=749D0370 D3=FFFF D4=8402E40 D5=80210088 D6=FFFF D7=0 A0=53580 A1=102D00 A2=534F0 A3=1087FE A4=108100 A5=108000 A6=10B9CA -- 006088: move.b  D0, -(A7)
D0=70 D1=FF D2=749D0370 D3=FFFF D4=8402E40 D5=80210088 D6=FFFF D7=0 A0=53580 A1=102D00 A2=534F0 A3=1087FE A4=108100 A5=108000 A6=10B9CA -- 00608A: move.w  (A7)+, D0
D0=7010 D1=FF D2=749D0370 D3=FFFF D4=8402E40 D5=80210088 D6=FFFF D7=0 A0=53580 A1=102D00 A2=534F0 A3=1087FE A4=108100 A5=108000 A6=10B9CA -- 00608C: move.b  ($1,A0), D0
D0=7067 D1=FF D2=749D0370 D3=FFFF D4=8402E40 D5=80210088 D6=FFFF D7=0 A0=53580 A1=102D00 A2=534F0 A3=1087FE A4=108100 A5=108000 A6=10B9CA -- 006090: move.w  D0, D2
D0=7067 D1=FF D2=749D7067 D3=FFFF D4=8402E40 D5=80210088 D6=FFFF D7=0 A0=53580 A1=102D00 A2=534F0 A3=1087FE A4=108100 A5=108000 A6=10B9CA -- 006092: addq.l  #2, A0
D0=7067 D1=FF D2=749D7067 D3=FFFF D4=8402E40 D5=80210088 D6=FFFF D7=0 A0=53582 A1=102D00 A2=534F0 A3=1087FE A4=108100 A5=108000 A6=10B9CA -- 006094: tst.b   ($46fe,A5)
D0=7067 D1=FF D2=749D7067 D3=FFFF D4=8402E40 D5=80210088 D6=FFFF D7=0 A0=53582 A1=102D00 A2=534F0 A3=1087FE A4=108100 A5=108000 A6=10B9CA -- 006098: bmi     $60b4
D0=7067 D1=FF D2=749D7067 D3=FFFF D4=8402E40 D5=80210088 D6=FFFF D7=0 A0=53582 A1=102D00 A2=534F0 A3=1087FE A4=108100 A5=108000 A6=10B9CA -- 0060B4: move.b  (A0)+, D0
D0=7034 D1=FF D2=749D7067 D3=FFFF D4=8402E40 D5=80210088 D6=FFFF D7=0 A0=53583 A1=102D00 A2=534F0 A3=1087FE A4=108100 A5=108000 A6=10B9CA -- 0060B6: move.b  D0, -(A7)
D0=7034 D1=FF D2=749D7067 D3=FFFF D4=8402E40 D5=80210088 D6=FFFF D7=0 A0=53583 A1=102D00 A2=534F0 A3=1087FE A4=108100 A5=108000 A6=10B9CA -- 0060B8: move.w  (A7)+, D0
D0=3410 D1=FF D2=749D7067 D3=FFFF D4=8402E40 D5=80210088 D6=FFFF D7=0 A0=53583 A1=102D00 A2=534F0 A3=1087FE A4=108100 A5=108000 A6=10B9CA -- 0060BA: clr.b   D0
D0=3400 D1=FF D2=749D7067 D3=FFFF D4=8402E40 D5=80210088 D6=FFFF D7=0 A0=53583 A1=102D00 A2=534F0 A3=1087FE A4=108100 A5=108000 A6=10B9CA -- 0060BC: move.w  D2, ($46fa,A5)
D0=3400 D1=FF D2=749D7067 D3=FFFF D4=8402E40 D5=80210088 D6=FFFF D7=0 A0=53583 A1=102D00 A2=534F0 A3=1087FE A4=108100 A5=108000 A6=10B9CA -- 0060C0: move.w  D0, ($46fc,A5)
D0=3400 D1=FF D2=749D7067 D3=FFFF D4=8402E40 D5=80210088 D6=FFFF D7=0 A0=53583 A1=102D00 A2=534F0 A3=1087FE A4=108100 A5=108000 A6=10B9CA -- 0060C4: moveq   #$0, D1
D0=3400 D1=0 D2=749D7067 D3=FFFF D4=8402E40 D5=80210088 D6=FFFF D7=0 A0=53583 A1=102D00 A2=534F0 A3=1087FE A4=108100 A5=108000 A6=10B9CA -- 0060C6: move.b  (A0)+, D1
D0=3400 D1=90 D2=749D7067 D3=FFFF D4=8402E40 D5=80210088 D6=FFFF D7=0 A0=53584 A1=102D00 A2=534F0 A3=1087FE A4=108100 A5=108000 A6=10B9CA -- 0060C8: cmpi.b  #$d, D1
D0=3400 D1=90 D2=749D7067 D3=FFFF D4=8402E40 D5=80210088 D6=FFFF D7=0 A0=53584 A1=102D00 A2=534F0 A3=1087FE A4=108100 A5=108000 A6=10B9CA -- 0060CC: bne     $60e2
D0=3400 D1=90 D2=749D7067 D3=FFFF D4=8402E40 D5=80210088 D6=FFFF D7=0 A0=53584 A1=102D00 A2=534F0 A3=1087FE A4=108100 A5=108000 A6=10B9CA -- 0060E2: cmpi.b  #-$2, D1
D0=3400 D1=90 D2=749D7067 D3=FFFF D4=8402E40 D5=80210088 D6=FFFF D7=0 A0=53584 A1=102D00 A2=534F0 A3=1087FE A4=108100 A5=108000 A6=10B9CA -- 0060E6: beq     $6086
D0=3400 D1=90 D2=749D7067 D3=FFFF D4=8402E40 D5=80210088 D6=FFFF D7=0 A0=53584 A1=102D00 A2=534F0 A3=1087FE A4=108100 A5=108000 A6=10B9CA -- 0060E8: cmpi.b  #-$1, D1
D0=3400 D1=90 D2=749D7067 D3=FFFF D4=8402E40 D5=80210088 D6=FFFF D7=0 A0=53584 A1=102D00 A2=534F0 A3=1087FE A4=108100 A5=108000 A6=10B9CA -- 0060EC: beq     $6102
D0=3400 D1=90 D2=749D7067 D3=FFFF D4=8402E40 D5=80210088 D6=FFFF D7=0 A0=53584 A1=102D00 A2=534F0 A3=1087FE A4=108100 A5=108000 A6=10B9CA -- 0060EE: or.w    D0, D1
D0=3400 D1=3490 D2=749D7067 D3=FFFF D4=8402E40 D5=80210088 D6=FFFF D7=0 A0=53584 A1=102D00 A2=534F0 A3=1087FE A4=108100 A5=108000 A6=10B9CA -- 0060F0: swap    D2
D0=3400 D1=3490 D2=7067749D D3=FFFF D4=8402E40 D5=80210088 D6=FFFF D7=0 A0=53584 A1=102D00 A2=534F0 A3=1087FE A4=108100 A5=108000 A6=10B9CA -- 0060F2: move.w  D1, D2
D0=3400 D1=3490 D2=70673490 D3=FFFF D4=8402E40 D5=80210088 D6=FFFF D7=0 A0=53584 A1=102D00 A2=534F0 A3=1087FE A4=108100 A5=108000 A6=10B9CA -- 0060F4: move.l  D2, $3c0000.l
D0=3400 D1=3490 D2=70673490 D3=FFFF D4=8402E40 D5=80210088 D6=FFFF D7=0 A0=53584 A1=102D00 A2=534F0 A3=1087FE A4=108100 A5=108000 A6=10B9CA -- 0060FA: swap    D2
D0=3400 D1=3490 D2=34907067 D3=FFFF D4=8402E40 D5=80210088 D6=FFFF D7=0 A0=53584 A1=102D00 A2=534F0 A3=1087FE A4=108100 A5=108000 A6=10B9CA -- 0060FC: addi.w  #$20, D2
D0=3400 D1=3490 D2=34907087 D3=FFFF D4=8402E40 D5=80210088 D6=FFFF D7=0 A0=53584 A1=102D00 A2=534F0 A3=1087FE A4=108100 A5=108000 A6=10B9CA -- 006100: bra     $60c4
D0=3400 D1=3490 D2=34907087 D3=FFFF D4=8402E40 D5=80210088 D6=FFFF D7=0 A0=53584 A1=102D00 A2=534F0 A3=1087FE A4=108100 A5=108000 A6=10B9CA -- 0060C4: moveq   #$0, D1
D0=3400 D1=0 D2=34907087 D3=FFFF D4=8402E40 D5=80210088 D6=FFFF D7=0 A0=53584 A1=102D00 A2=534F0 A3=1087FE A4=108100 A5=108000 A6=10B9CA -- 0060C6: move.b  (A0)+, D1
D0=3400 D1=91 D2=34907087 D3=FFFF D4=8402E40 D5=80210088 D6=FFFF D7=0 A0=53585 A1=102D00 A2=534F0 A3=1087FE A4=108100 A5=108000 A6=10B9CA -- 0060C8: cmpi.b  #$d, D1
D0=3400 D1=91 D2=34907087 D3=FFFF D4=8402E40 D5=80210088 D6=FFFF D7=0 A0=53585 A1=102D00 A2=534F0 A3=1087FE A4=108100 A5=108000 A6=10B9CA -- 0060CC: bne     $60e2
D0=3400 D1=91 D2=34907087 D3=FFFF D4=8402E40 D5=80210088 D6=FFFF D7=0 A0=53585 A1=102D00 A2=534F0 A3=1087FE A4=108100 A5=108000 A6=10B9CA -- 0060E2: cmpi.b  #-$2, D1
D0=3400 D1=91 D2=34907087 D3=FFFF D4=8402E40 D5=80210088 D6=FFFF D7=0 A0=53585 A1=102D00 A2=534F0 A3=1087FE A4=108100 A5=108000 A6=10B9CA -- 0060E6: beq     $6086
D0=3400 D1=91 D2=34907087 D3=FFFF D4=8402E40 D5=80210088 D6=FFFF D7=0 A0=53585 A1=102D00 A2=534F0 A3=1087FE A4=108100 A5=108000 A6=10B9CA -- 0060E8: cmpi.b  #-$1, D1
D0=3400 D1=91 D2=34907087 D3=FFFF D4=8402E40 D5=80210088 D6=FFFF D7=0 A0=53585 A1=102D00 A2=534F0 A3=1087FE A4=108100 A5=108000 A6=10B9CA -- 0060EC: beq     $6102
D0=3400 D1=91 D2=34907087 D3=FFFF D4=8402E40 D5=80210088 D6=FFFF D7=0 A0=53585 A1=102D00 A2=534F0 A3=1087FE A4=108100 A5=108000 A6=10B9CA -- 0060EE: or.w    D0, D1
D0=3400 D1=3491 D2=34907087 D3=FFFF D4=8402E40 D5=80210088 D6=FFFF D7=0 A0=53585 A1=102D00 A2=534F0 A3=1087FE A4=108100 A5=108000 A6=10B9CA -- 0060F0: swap    D2
D0=3400 D1=3491 D2=70873490 D3=FFFF D4=8402E40 D5=80210088 D6=FFFF D7=0 A0=53585 A1=102D00 A2=534F0 A3=1087FE A4=108100 A5=108000 A6=10B9CA -- 0060F2: move.w  D1, D2
D0=3400 D1=3491 D2=70873491 D3=FFFF D4=8402E40 D5=80210088 D6=FFFF D7=0 A0=53585 A1=102D00 A2=534F0 A3=1087FE A4=108100 A5=108000 A6=10B9CA -- 0060F4: move.l  D2, $3c0000.l
D0=3400 D1=3491 D2=70873491 D3=FFFF D4=8402E40 D5=80210088 D6=FFFF D7=0 A0=53585 A1=102D00 A2=534F0 A3=1087FE A4=108100 A5=108000 A6=10B9CA -- 0060FA: swap    D2
D0=3400 D1=3491 D2=34917087 D3=FFFF D4=8402E40 D5=80210088 D6=FFFF D7=0 A0=53585 A1=102D00 A2=534F0 A3=1087FE A4=108100 A5=108000 A6=10B9CA -- 0060FC: addi.w  #$20, D2
D0=3400 D1=3491 D2=349170A7 D3=FFFF D4=8402E40 D5=80210088 D6=FFFF D7=0 A0=53585 A1=102D00 A2=534F0 A3=1087FE A4=108100 A5=108000 A6=10B9CA -- 006100: bra     $60c4
D0=3400 D1=3491 D2=349170A7 D3=FFFF D4=8402E40 D5=80210088 D6=FFFF D7=0 A0=53585 A1=102D00 A2=534F0 A3=1087FE A4=108100 A5=108000 A6=10B9CA -- 0060C4: moveq   #$0, D1
D0=3400 D1=0 D2=349170A7 D3=FFFF D4=8402E40 D5=80210088 D6=FFFF D7=0 A0=53585 A1=102D00 A2=534F0 A3=1087FE A4=108100 A5=108000 A6=10B9CA -- 0060C6: move.b  (A0)+, D1
D0=3400 D1=92 D2=349170A7 D3=FFFF D4=8402E40 D5=80210088 D6=FFFF D7=0 A0=53586 A1=102D00 A2=534F0 A3=1087FE A4=108100 A5=108000 A6=10B9CA -- 0060C8: cmpi.b  #$d, D1
D0=3400 D1=92 D2=349170A7 D3=FFFF D4=8402E40 D5=80210088 D6=FFFF D7=0 A0=53586 A1=102D00 A2=534F0 A3=1087FE A4=108100 A5=108000 A6=10B9CA -- 0060CC: bne     $60e2
D0=3400 D1=92 D2=349170A7 D3=FFFF D4=8402E40 D5=80210088 D6=FFFF D7=0 A0=53586 A1=102D00 A2=534F0 A3=1087FE A4=108100 A5=108000 A6=10B9CA -- 0060E2: cmpi.b  #-$2, D1
D0=3400 D1=92 D2=349170A7 D3=FFFF D4=8402E40 D5=80210088 D6=FFFF D7=0 A0=53586 A1=102D00 A2=534F0 A3=1087FE A4=108100 A5=108000 A6=10B9CA -- 0060E6: beq     $6086
D0=3400 D1=92 D2=349170A7 D3=FFFF D4=8402E40 D5=80210088 D6=FFFF D7=0 A0=53586 A1=102D00 A2=534F0 A3=1087FE A4=108100 A5=108000 A6=10B9CA -- 0060E8: cmpi.b  #-$1, D1
D0=3400 D1=92 D2=349170A7 D3=FFFF D4=8402E40 D5=80210088 D6=FFFF D7=0 A0=53586 A1=102D00 A2=534F0 A3=1087FE A4=108100 A5=108000 A6=10B9CA -- 0060EC: beq     $6102
D0=3400 D1=92 D2=349170A7 D3=FFFF D4=8402E40 D5=80210088 D6=FFFF D7=0 A0=53586 A1=102D00 A2=534F0 A3=1087FE A4=108100 A5=108000 A6=10B9CA -- 0060EE: or.w    D0, D1
D0=3400 D1=3492 D2=349170A7 D3=FFFF D4=8402E40 D5=80210088 D6=FFFF D7=0 A0=53586 A1=102D00 A2=534F0 A3=1087FE A4=108100 A5=108000 A6=10B9CA -- 0060F0: swap    D2
D0=3400 D1=3492 D2=70A73491 D3=FFFF D4=8402E40 D5=80210088 D6=FFFF D7=0 A0=53586 A1=102D00 A2=534F0 A3=1087FE A4=108100 A5=108000 A6=10B9CA -- 0060F2: move.w  D1, D2
D0=3400 D1=3492 D2=70A73492 D3=FFFF D4=8402E40 D5=80210088 D6=FFFF D7=0 A0=53586 A1=102D00 A2=534F0 A3=1087FE A4=108100 A5=108000 A6=10B9CA -- 0060F4: move.l  D2, $3c0000.l
D0=3400 D1=3492 D2=70A73492 D3=FFFF D4=8402E40 D5=80210088 D6=FFFF D7=0 A0=53586 A1=102D00 A2=534F0 A3=1087FE A4=108100 A5=108000 A6=10B9CA -- 0060FA: swap    D2
D0=3400 D1=3492 D2=349270A7 D3=FFFF D4=8402E40 D5=80210088 D6=FFFF D7=0 A0=53586 A1=102D00 A2=534F0 A3=1087FE A4=108100 A5=108000 A6=10B9CA -- 0060FC: addi.w  #$20, D2
D0=3400 D1=3492 D2=349270C7 D3=FFFF D4=8402E40 D5=80210088 D6=FFFF D7=0 A0=53586 A1=102D00 A2=534F0 A3=1087FE A4=108100 A5=108000 A6=10B9CA -- 006100: bra     $60c4
D0=3400 D1=3492 D2=349270C7 D3=FFFF D4=8402E40 D5=80210088 D6=FFFF D7=0 A0=53586 A1=102D00 A2=534F0 A3=1087FE A4=108100 A5=108000 A6=10B9CA -- 0060C4: moveq   #$0, D1
D0=3400 D1=0 D2=349270C7 D3=FFFF D4=8402E40 D5=80210088 D6=FFFF D7=0 A0=53586 A1=102D00 A2=534F0 A3=1087FE A4=108100 A5=108000 A6=10B9CA -- 0060C6: move.b  (A0)+, D1
D0=3400 D1=93 D2=349270C7 D3=FFFF D4=8402E40 D5=80210088 D6=FFFF D7=0 A0=53587 A1=102D00 A2=534F0 A3=1087FE A4=108100 A5=108000 A6=10B9CA -- 0060C8: cmpi.b  #$d, D1
D0=3400 D1=93 D2=349270C7 D3=FFFF D4=8402E40 D5=80210088 D6=FFFF D7=0 A0=53587 A1=102D00 A2=534F0 A3=1087FE A4=108100 A5=108000 A6=10B9CA -- 0060CC: bne     $60e2
D0=3400 D1=93 D2=349270C7 D3=FFFF D4=8402E40 D5=80210088 D6=FFFF D7=0 A0=53587 A1=102D00 A2=534F0 A3=1087FE A4=108100 A5=108000 A6=10B9CA -- 0060E2: cmpi.b  #-$2, D1
D0=3400 D1=93 D2=349270C7 D3=FFFF D4=8402E40 D5=80210088 D6=FFFF D7=0 A0=53587 A1=102D00 A2=534F0 A3=1087FE A4=108100 A5=108000 A6=10B9CA -- 0060E6: beq     $6086
D0=3400 D1=93 D2=349270C7 D3=FFFF D4=8402E40 D5=80210088 D6=FFFF D7=0 A0=53587 A1=102D00 A2=534F0 A3=1087FE A4=108100 A5=108000 A6=10B9CA -- 0060E8: cmpi.b  #-$1, D1
D0=3400 D1=93 D2=349270C7 D3=FFFF D4=8402E40 D5=80210088 D6=FFFF D7=0 A0=53587 A1=102D00 A2=534F0 A3=1087FE A4=108100 A5=108000 A6=10B9CA -- 0060EC: beq     $6102
D0=3400 D1=93 D2=349270C7 D3=FFFF D4=8402E40 D5=80210088 D6=FFFF D7=0 A0=53587 A1=102D00 A2=534F0 A3=1087FE A4=108100 A5=108000 A6=10B9CA -- 0060EE: or.w    D0, D1
D0=3400 D1=3493 D2=349270C7 D3=FFFF D4=8402E40 D5=80210088 D6=FFFF D7=0 A0=53587 A1=102D00 A2=534F0 A3=1087FE A4=108100 A5=108000 A6=10B9CA -- 0060F0: swap    D2
D0=3400 D1=3493 D2=70C73492 D3=FFFF D4=8402E40 D5=80210088 D6=FFFF D7=0 A0=53587 A1=102D00 A2=534F0 A3=1087FE A4=108100 A5=108000 A6=10B9CA -- 0060F2: move.w  D1, D2
D0=3400 D1=3493 D2=70C73493 D3=FFFF D4=8402E40 D5=80210088 D6=FFFF D7=0 A0=53587 A1=102D00 A2=534F0 A3=1087FE A4=108100 A5=108000 A6=10B9CA -- 0060F4: move.l  D2, $3c0000.l
D0=3400 D1=3493 D2=70C73493 D3=FFFF D4=8402E40 D5=80210088 D6=FFFF D7=0 A0=53587 A1=102D00 A2=534F0 A3=1087FE A4=108100 A5=108000 A6=10B9CA -- 0060FA: swap    D2
D0=3400 D1=3493 D2=349370C7 D3=FFFF D4=8402E40 D5=80210088 D6=FFFF D7=0 A0=53587 A1=102D00 A2=534F0 A3=1087FE A4=108100 A5=108000 A6=10B9CA -- 0060FC: addi.w  #$20, D2
D0=3400 D1=3493 D2=349370E7 D3=FFFF D4=8402E40 D5=80210088 D6=FFFF D7=0 A0=53587 A1=102D00 A2=534F0 A3=1087FE A4=108100 A5=108000 A6=10B9CA -- 006100: bra     $60c4
D0=3400 D1=3493 D2=349370E7 D3=FFFF D4=8402E40 D5=80210088 D6=FFFF D7=0 A0=53587 A1=102D00 A2=534F0 A3=1087FE A4=108100 A5=108000 A6=10B9CA -- 0060C4: moveq   #$0, D1
D0=3400 D1=0 D2=349370E7 D3=FFFF D4=8402E40 D5=80210088 D6=FFFF D7=0 A0=53587 A1=102D00 A2=534F0 A3=1087FE A4=108100 A5=108000 A6=10B9CA -- 0060C6: move.b  (A0)+, D1
D0=3400 D1=94 D2=349370E7 D3=FFFF D4=8402E40 D5=80210088 D6=FFFF D7=0 A0=53588 A1=102D00 A2=534F0 A3=1087FE A4=108100 A5=108000 A6=10B9CA -- 0060C8: cmpi.b  #$d, D1
D0=3400 D1=94 D2=349370E7 D3=FFFF D4=8402E40 D5=80210088 D6=FFFF D7=0 A0=53588 A1=102D00 A2=534F0 A3=1087FE A4=108100 A5=108000 A6=10B9CA -- 0060CC: bne     $60e2
D0=3400 D1=94 D2=349370E7 D3=FFFF D4=8402E40 D5=80210088 D6=FFFF D7=0 A0=53588 A1=102D00 A2=534F0 A3=1087FE A4=108100 A5=108000 A6=10B9CA -- 0060E2: cmpi.b  #-$2, D1
D0=3400 D1=94 D2=349370E7 D3=FFFF D4=8402E40 D5=80210088 D6=FFFF D7=0 A0=53588 A1=102D00 A2=534F0 A3=1087FE A4=108100 A5=108000 A6=10B9CA -- 0060E6: beq     $6086
D0=3400 D1=94 D2=349370E7 D3=FFFF D4=8402E40 D5=80210088 D6=FFFF D7=0 A0=53588 A1=102D00 A2=534F0 A3=1087FE A4=108100 A5=108000 A6=10B9CA -- 0060E8: cmpi.b  #-$1, D1
D0=3400 D1=94 D2=349370E7 D3=FFFF D4=8402E40 D5=80210088 D6=FFFF D7=0 A0=53588 A1=102D00 A2=534F0 A3=1087FE A4=108100 A5=108000 A6=10B9CA -- 0060EC: beq     $6102
D0=3400 D1=94 D2=349370E7 D3=FFFF D4=8402E40 D5=80210088 D6=FFFF D7=0 A0=53588 A1=102D00 A2=534F0 A3=1087FE A4=108100 A5=108000 A6=10B9CA -- 0060EE: or.w    D0, D1
D0=3400 D1=3494 D2=349370E7 D3=FFFF D4=8402E40 D5=80210088 D6=FFFF D7=0 A0=53588 A1=102D00 A2=534F0 A3=1087FE A4=108100 A5=108000 A6=10B9CA -- 0060F0: swap    D2
D0=3400 D1=3494 D2=70E73493 D3=FFFF D4=8402E40 D5=80210088 D6=FFFF D7=0 A0=53588 A1=102D00 A2=534F0 A3=1087FE A4=108100 A5=108000 A6=10B9CA -- 0060F2: move.w  D1, D2
D0=3400 D1=3494 D2=70E73494 D3=FFFF D4=8402E40 D5=80210088 D6=FFFF D7=0 A0=53588 A1=102D00 A2=534F0 A3=1087FE A4=108100 A5=108000 A6=10B9CA -- 0060F4: move.l  D2, $3c0000.l
D0=3400 D1=3494 D2=70E73494 D3=FFFF D4=8402E40 D5=80210088 D6=FFFF D7=0 A0=53588 A1=102D00 A2=534F0 A3=1087FE A4=108100 A5=108000 A6=10B9CA -- 0060FA: swap    D2
D0=3400 D1=3494 D2=349470E7 D3=FFFF D4=8402E40 D5=80210088 D6=FFFF D7=0 A0=53588 A1=102D00 A2=534F0 A3=1087FE A4=108100 A5=108000 A6=10B9CA -- 0060FC: addi.w  #$20, D2
D0=3400 D1=3494 D2=34947107 D3=FFFF D4=8402E40 D5=80210088 D6=FFFF D7=0 A0=53588 A1=102D00 A2=534F0 A3=1087FE A4=108100 A5=108000 A6=10B9CA -- 006100: bra     $60c4
D0=3400 D1=3494 D2=34947107 D3=FFFF D4=8402E40 D5=80210088 D6=FFFF D7=0 A0=53588 A1=102D00 A2=534F0 A3=1087FE A4=108100 A5=108000 A6=10B9CA -- 0060C4: moveq   #$0, D1
D0=3400 D1=0 D2=34947107 D3=FFFF D4=8402E40 D5=80210088 D6=FFFF D7=0 A0=53588 A1=102D00 A2=534F0 A3=1087FE A4=108100 A5=108000 A6=10B9CA -- 0060C6: move.b  (A0)+, D1
D0=3400 D1=95 D2=34947107 D3=FFFF D4=8402E40 D5=80210088 D6=FFFF D7=0 A0=53589 A1=102D00 A2=534F0 A3=1087FE A4=108100 A5=108000 A6=10B9CA -- 0060C8: cmpi.b  #$d, D1
D0=3400 D1=95 D2=34947107 D3=FFFF D4=8402E40 D5=80210088 D6=FFFF D7=0 A0=53589 A1=102D00 A2=534F0 A3=1087FE A4=108100 A5=108000 A6=10B9CA -- 0060CC: bne     $60e2
D0=3400 D1=95 D2=34947107 D3=FFFF D4=8402E40 D5=80210088 D6=FFFF D7=0 A0=53589 A1=102D00 A2=534F0 A3=1087FE A4=108100 A5=108000 A6=10B9CA -- 0060E2: cmpi.b  #-$2, D1
D0=3400 D1=95 D2=34947107 D3=FFFF D4=8402E40 D5=80210088 D6=FFFF D7=0 A0=53589 A1=102D00 A2=534F0 A3=1087FE A4=108100 A5=108000 A6=10B9CA -- 0060E6: beq     $6086
D0=3400 D1=95 D2=34947107 D3=FFFF D4=8402E40 D5=80210088 D6=FFFF D7=0 A0=53589 A1=102D00 A2=534F0 A3=1087FE A4=108100 A5=108000 A6=10B9CA -- 0060E8: cmpi.b  #-$1, D1
D0=3400 D1=95 D2=34947107 D3=FFFF D4=8402E40 D5=80210088 D6=FFFF D7=0 A0=53589 A1=102D00 A2=534F0 A3=1087FE A4=108100 A5=108000 A6=10B9CA -- 0060EC: beq     $6102
D0=3400 D1=95 D2=34947107 D3=FFFF D4=8402E40 D5=80210088 D6=FFFF D7=0 A0=53589 A1=102D00 A2=534F0 A3=1087FE A4=108100 A5=108000 A6=10B9CA -- 0060EE: or.w    D0, D1
D0=3400 D1=3495 D2=34947107 D3=FFFF D4=8402E40 D5=80210088 D6=FFFF D7=0 A0=53589 A1=102D00 A2=534F0 A3=1087FE A4=108100 A5=108000 A6=10B9CA -- 0060F0: swap    D2
D0=3400 D1=3495 D2=71073494 D3=FFFF D4=8402E40 D5=80210088 D6=FFFF D7=0 A0=53589 A1=102D00 A2=534F0 A3=1087FE A4=108100 A5=108000 A6=10B9CA -- 0060F2: move.w  D1, D2
D0=3400 D1=3495 D2=71073495 D3=FFFF D4=8402E40 D5=80210088 D6=FFFF D7=0 A0=53589 A1=102D00 A2=534F0 A3=1087FE A4=108100 A5=108000 A6=10B9CA -- 0060F4: move.l  D2, $3c0000.l
D0=3400 D1=3495 D2=71073495 D3=FFFF D4=8402E40 D5=80210088 D6=FFFF D7=0 A0=53589 A1=102D00 A2=534F0 A3=1087FE A4=108100 A5=108000 A6=10B9CA -- 0060FA: swap    D2
D0=3400 D1=3495 D2=34957107 D3=FFFF D4=8402E40 D5=80210088 D6=FFFF D7=0 A0=53589 A1=102D00 A2=534F0 A3=1087FE A4=108100 A5=108000 A6=10B9CA -- 0060FC: addi.w  #$20, D2
D0=3400 D1=3495 D2=34957127 D3=FFFF D4=8402E40 D5=80210088 D6=FFFF D7=0 A0=53589 A1=102D00 A2=534F0 A3=1087FE A4=108100 A5=108000 A6=10B9CA -- 006100: bra     $60c4
D0=3400 D1=3495 D2=34957127 D3=FFFF D4=8402E40 D5=80210088 D6=FFFF D7=0 A0=53589 A1=102D00 A2=534F0 A3=1087FE A4=108100 A5=108000 A6=10B9CA -- 0060C4: moveq   #$0, D1
D0=3400 D1=0 D2=34957127 D3=FFFF D4=8402E40 D5=80210088 D6=FFFF D7=0 A0=53589 A1=102D00 A2=534F0 A3=1087FE A4=108100 A5=108000 A6=10B9CA -- 0060C6: move.b  (A0)+, D1
D0=3400 D1=96 D2=34957127 D3=FFFF D4=8402E40 D5=80210088 D6=FFFF D7=0 A0=5358A A1=102D00 A2=534F0 A3=1087FE A4=108100 A5=108000 A6=10B9CA -- 0060C8: cmpi.b  #$d, D1
D0=3400 D1=96 D2=34957127 D3=FFFF D4=8402E40 D5=80210088 D6=FFFF D7=0 A0=5358A A1=102D00 A2=534F0 A3=1087FE A4=108100 A5=108000 A6=10B9CA -- 0060CC: bne     $60e2
D0=3400 D1=96 D2=34957127 D3=FFFF D4=8402E40 D5=80210088 D6=FFFF D7=0 A0=5358A A1=102D00 A2=534F0 A3=1087FE A4=108100 A5=108000 A6=10B9CA -- 0060E2: cmpi.b  #-$2, D1
D0=3400 D1=96 D2=34957127 D3=FFFF D4=8402E40 D5=80210088 D6=FFFF D7=0 A0=5358A A1=102D00 A2=534F0 A3=1087FE A4=108100 A5=108000 A6=10B9CA -- 0060E6: beq     $6086
D0=3400 D1=96 D2=34957127 D3=FFFF D4=8402E40 D5=80210088 D6=FFFF D7=0 A0=5358A A1=102D00 A2=534F0 A3=1087FE A4=108100 A5=108000 A6=10B9CA -- 0060E8: cmpi.b  #-$1, D1
D0=3400 D1=96 D2=34957127 D3=FFFF D4=8402E40 D5=80210088 D6=FFFF D7=0 A0=5358A A1=102D00 A2=534F0 A3=1087FE A4=108100 A5=108000 A6=10B9CA -- 0060EC: beq     $6102
D0=3400 D1=96 D2=34957127 D3=FFFF D4=8402E40 D5=80210088 D6=FFFF D7=0 A0=5358A A1=102D00 A2=534F0 A3=1087FE A4=108100 A5=108000 A6=10B9CA -- 0060EE: or.w    D0, D1
D0=3400 D1=3496 D2=34957127 D3=FFFF D4=8402E40 D5=80210088 D6=FFFF D7=0 A0=5358A A1=102D00 A2=534F0 A3=1087FE A4=108100 A5=108000 A6=10B9CA -- 0060F0: swap    D2
D0=3400 D1=3496 D2=71273495 D3=FFFF D4=8402E40 D5=80210088 D6=FFFF D7=0 A0=5358A A1=102D00 A2=534F0 A3=1087FE A4=108100 A5=108000 A6=10B9CA -- 0060F2: move.w  D1, D2
D0=3400 D1=3496 D2=71273496 D3=FFFF D4=8402E40 D5=80210088 D6=FFFF D7=0 A0=5358A A1=102D00 A2=534F0 A3=1087FE A4=108100 A5=108000 A6=10B9CA -- 0060F4: move.l  D2, $3c0000.l
D0=3400 D1=3496 D2=71273496 D3=FFFF D4=8402E40 D5=80210088 D6=FFFF D7=0 A0=5358A A1=102D00 A2=534F0 A3=1087FE A4=108100 A5=108000 A6=10B9CA -- 0060FA: swap    D2
D0=3400 D1=3496 D2=34967127 D3=FFFF D4=8402E40 D5=80210088 D6=FFFF D7=0 A0=5358A A1=102D00 A2=534F0 A3=1087FE A4=108100 A5=108000 A6=10B9CA -- 0060FC: addi.w  #$20, D2
D0=3400 D1=3496 D2=34967147 D3=FFFF D4=8402E40 D5=80210088 D6=FFFF D7=0 A0=5358A A1=102D00 A2=534F0 A3=1087FE A4=108100 A5=108000 A6=10B9CA -- 006100: bra     $60c4
D0=3400 D1=3496 D2=34967147 D3=FFFF D4=8402E40 D5=80210088 D6=FFFF D7=0 A0=5358A A1=102D00 A2=534F0 A3=1087FE A4=108100 A5=108000 A6=10B9CA -- 0060C4: moveq   #$0, D1
D0=3400 D1=0 D2=34967147 D3=FFFF D4=8402E40 D5=80210088 D6=FFFF D7=0 A0=5358A A1=102D00 A2=534F0 A3=1087FE A4=108100 A5=108000 A6=10B9CA -- 0060C6: move.b  (A0)+, D1
D0=3400 D1=97 D2=34967147 D3=FFFF D4=8402E40 D5=80210088 D6=FFFF D7=0 A0=5358B A1=102D00 A2=534F0 A3=1087FE A4=108100 A5=108000 A6=10B9CA -- 0060C8: cmpi.b  #$d, D1
D0=3400 D1=97 D2=34967147 D3=FFFF D4=8402E40 D5=80210088 D6=FFFF D7=0 A0=5358B A1=102D00 A2=534F0 A3=1087FE A4=108100 A5=108000 A6=10B9CA -- 0060CC: bne     $60e2
D0=3400 D1=97 D2=34967147 D3=FFFF D4=8402E40 D5=80210088 D6=FFFF D7=0 A0=5358B A1=102D00 A2=534F0 A3=1087FE A4=108100 A5=108000 A6=10B9CA -- 0060E2: cmpi.b  #-$2, D1
D0=3400 D1=97 D2=34967147 D3=FFFF D4=8402E40 D5=80210088 D6=FFFF D7=0 A0=5358B A1=102D00 A2=534F0 A3=1087FE A4=108100 A5=108000 A6=10B9CA -- 0060E6: beq     $6086
D0=3400 D1=97 D2=34967147 D3=FFFF D4=8402E40 D5=80210088 D6=FFFF D7=0 A0=5358B A1=102D00 A2=534F0 A3=1087FE A4=108100 A5=108000 A6=10B9CA -- 0060E8: cmpi.b  #-$1, D1
D0=3400 D1=97 D2=34967147 D3=FFFF D4=8402E40 D5=80210088 D6=FFFF D7=0 A0=5358B A1=102D00 A2=534F0 A3=1087FE A4=108100 A5=108000 A6=10B9CA -- 0060EC: beq     $6102
D0=3400 D1=97 D2=34967147 D3=FFFF D4=8402E40 D5=80210088 D6=FFFF D7=0 A0=5358B A1=102D00 A2=534F0 A3=1087FE A4=108100 A5=108000 A6=10B9CA -- 0060EE: or.w    D0, D1
D0=3400 D1=3497 D2=34967147 D3=FFFF D4=8402E40 D5=80210088 D6=FFFF D7=0 A0=5358B A1=102D00 A2=534F0 A3=1087FE A4=108100 A5=108000 A6=10B9CA -- 0060F0: swap    D2
D0=3400 D1=3497 D2=71473496 D3=FFFF D4=8402E40 D5=80210088 D6=FFFF D7=0 A0=5358B A1=102D00 A2=534F0 A3=1087FE A4=108100 A5=108000 A6=10B9CA -- 0060F2: move.w  D1, D2
D0=3400 D1=3497 D2=71473497 D3=FFFF D4=8402E40 D5=80210088 D6=FFFF D7=0 A0=5358B A1=102D00 A2=534F0 A3=1087FE A4=108100 A5=108000 A6=10B9CA -- 0060F4: move.l  D2, $3c0000.l
D0=3400 D1=3497 D2=71473497 D3=FFFF D4=8402E40 D5=80210088 D6=FFFF D7=0 A0=5358B A1=102D00 A2=534F0 A3=1087FE A4=108100 A5=108000 A6=10B9CA -- 0060FA: swap    D2
D0=3400 D1=3497 D2=34977147 D3=FFFF D4=8402E40 D5=80210088 D6=FFFF D7=0 A0=5358B A1=102D00 A2=534F0 A3=1087FE A4=108100 A5=108000 A6=10B9CA -- 0060FC: addi.w  #$20, D2
D0=3400 D1=3497 D2=34977167 D3=FFFF D4=8402E40 D5=80210088 D6=FFFF D7=0 A0=5358B A1=102D00 A2=534F0 A3=1087FE A4=108100 A5=108000 A6=10B9CA -- 006100: bra     $60c4
D0=3400 D1=3497 D2=34977167 D3=FFFF D4=8402E40 D5=80210088 D6=FFFF D7=0 A0=5358B A1=102D00 A2=534F0 A3=1087FE A4=108100 A5=108000 A6=10B9CA -- 0060C4: moveq   #$0, D1
D0=3400 D1=0 D2=34977167 D3=FFFF D4=8402E40 D5=80210088 D6=FFFF D7=0 A0=5358B A1=102D00 A2=534F0 A3=1087FE A4=108100 A5=108000 A6=10B9CA -- 0060C6: move.b  (A0)+, D1
D0=3400 D1=FE D2=34977167 D3=FFFF D4=8402E40 D5=80210088 D6=FFFF D7=0 A0=5358C A1=102D00 A2=534F0 A3=1087FE A4=108100 A5=108000 A6=10B9CA -- 0060C8: cmpi.b  #$d, D1
D0=3400 D1=FE D2=34977167 D3=FFFF D4=8402E40 D5=80210088 D6=FFFF D7=0 A0=5358C A1=102D00 A2=534F0 A3=1087FE A4=108100 A5=108000 A6=10B9CA -- 0060CC: bne     $60e2
D0=3400 D1=FE D2=34977167 D3=FFFF D4=8402E40 D5=80210088 D6=FFFF D7=0 A0=5358C A1=102D00 A2=534F0 A3=1087FE A4=108100 A5=108000 A6=10B9CA -- 0060E2: cmpi.b  #-$2, D1
D0=3400 D1=FE D2=34977167 D3=FFFF D4=8402E40 D5=80210088 D6=FFFF D7=0 A0=5358C A1=102D00 A2=534F0 A3=1087FE A4=108100 A5=108000 A6=10B9CA -- 0060E6: beq     $6086
D0=3400 D1=FE D2=34977167 D3=FFFF D4=8402E40 D5=80210088 D6=FFFF D7=0 A0=5358C A1=102D00 A2=534F0 A3=1087FE A4=108100 A5=108000 A6=10B9CA -- 006086: move.b  (A0), D0
D0=3470 D1=FE D2=34977167 D3=FFFF D4=8402E40 D5=80210088 D6=FFFF D7=0 A0=5358C A1=102D00 A2=534F0 A3=1087FE A4=108100 A5=108000 A6=10B9CA -- 006088: move.b  D0, -(A7)
D0=3470 D1=FE D2=34977167 D3=FFFF D4=8402E40 D5=80210088 D6=FFFF D7=0 A0=5358C A1=102D00 A2=534F0 A3=1087FE A4=108100 A5=108000 A6=10B9CA -- 00608A: move.w  (A7)+, D0
D0=7010 D1=FE D2=34977167 D3=FFFF D4=8402E40 D5=80210088 D6=FFFF D7=0 A0=5358C A1=102D00 A2=534F0 A3=1087FE A4=108100 A5=108000 A6=10B9CA -- 00608C: move.b  ($1,A0), D0
D0=7068 D1=FE D2=34977167 D3=FFFF D4=8402E40 D5=80210088 D6=FFFF D7=0 A0=5358C A1=102D00 A2=534F0 A3=1087FE A4=108100 A5=108000 A6=10B9CA -- 006090: move.w  D0, D2
D0=7068 D1=FE D2=34977068 D3=FFFF D4=8402E40 D5=80210088 D6=FFFF D7=0 A0=5358C A1=102D00 A2=534F0 A3=1087FE A4=108100 A5=108000 A6=10B9CA -- 006092: addq.l  #2, A0
D0=7068 D1=FE D2=34977068 D3=FFFF D4=8402E40 D5=80210088 D6=FFFF D7=0 A0=5358E A1=102D00 A2=534F0 A3=1087FE A4=108100 A5=108000 A6=10B9CA -- 006094: tst.b   ($46fe,A5)
D0=7068 D1=FE D2=34977068 D3=FFFF D4=8402E40 D5=80210088 D6=FFFF D7=0 A0=5358E A1=102D00 A2=534F0 A3=1087FE A4=108100 A5=108000 A6=10B9CA -- 006098: bmi     $60b4
D0=7068 D1=FE D2=34977068 D3=FFFF D4=8402E40 D5=80210088 D6=FFFF D7=0 A0=5358E A1=102D00 A2=534F0 A3=1087FE A4=108100 A5=108000 A6=10B9CA -- 0060B4: move.b  (A0)+, D0
D0=7034 D1=FE D2=34977068 D3=FFFF D4=8402E40 D5=80210088 D6=FFFF D7=0 A0=5358F A1=102D00 A2=534F0 A3=1087FE A4=108100 A5=108000 A6=10B9CA -- 0060B6: move.b  D0, -(A7)
D0=7034 D1=FE D2=34977068 D3=FFFF D4=8402E40 D5=80210088 D6=FFFF D7=0 A0=5358F A1=102D00 A2=534F0 A3=1087FE A4=108100 A5=108000 A6=10B9CA -- 0060B8: move.w  (A7)+, D0
D0=3410 D1=FE D2=34977068 D3=FFFF D4=8402E40 D5=80210088 D6=FFFF D7=0 A0=5358F A1=102D00 A2=534F0 A3=1087FE A4=108100 A5=108000 A6=10B9CA -- 0060BA: clr.b   D0
D0=3400 D1=FE D2=34977068 D3=FFFF D4=8402E40 D5=80210088 D6=FFFF D7=0 A0=5358F A1=102D00 A2=534F0 A3=1087FE A4=108100 A5=108000 A6=10B9CA -- 0060BC: move.w  D2, ($46fa,A5)
D0=3400 D1=FE D2=34977068 D3=FFFF D4=8402E40 D5=80210088 D6=FFFF D7=0 A0=5358F A1=102D00 A2=534F0 A3=1087FE A4=108100 A5=108000 A6=10B9CA -- 0060C0: move.w  D0, ($46fc,A5)
D0=3400 D1=FE D2=34977068 D3=FFFF D4=8402E40 D5=80210088 D6=FFFF D7=0 A0=5358F A1=102D00 A2=534F0 A3=1087FE A4=108100 A5=108000 A6=10B9CA -- 0060C4: moveq   #$0, D1
D0=3400 D1=0 D2=34977068 D3=FFFF D4=8402E40 D5=80210088 D6=FFFF D7=0 A0=5358F A1=102D00 A2=534F0 A3=1087FE A4=108100 A5=108000 A6=10B9CA -- 0060C6: move.b  (A0)+, D1
D0=3400 D1=A0 D2=34977068 D3=FFFF D4=8402E40 D5=80210088 D6=FFFF D7=0 A0=53590 A1=102D00 A2=534F0 A3=1087FE A4=108100 A5=108000 A6=10B9CA -- 0060C8: cmpi.b  #$d, D1
D0=3400 D1=A0 D2=34977068 D3=FFFF D4=8402E40 D5=80210088 D6=FFFF D7=0 A0=53590 A1=102D00 A2=534F0 A3=1087FE A4=108100 A5=108000 A6=10B9CA -- 0060CC: bne     $60e2
D0=3400 D1=A0 D2=34977068 D3=FFFF D4=8402E40 D5=80210088 D6=FFFF D7=0 A0=53590 A1=102D00 A2=534F0 A3=1087FE A4=108100 A5=108000 A6=10B9CA -- 0060E2: cmpi.b  #-$2, D1
D0=3400 D1=A0 D2=34977068 D3=FFFF D4=8402E40 D5=80210088 D6=FFFF D7=0 A0=53590 A1=102D00 A2=534F0 A3=1087FE A4=108100 A5=108000 A6=10B9CA -- 0060E6: beq     $6086
D0=3400 D1=A0 D2=34977068 D3=FFFF D4=8402E40 D5=80210088 D6=FFFF D7=0 A0=53590 A1=102D00 A2=534F0 A3=1087FE A4=108100 A5=108000 A6=10B9CA -- 0060E8: cmpi.b  #-$1, D1
D0=3400 D1=A0 D2=34977068 D3=FFFF D4=8402E40 D5=80210088 D6=FFFF D7=0 A0=53590 A1=102D00 A2=534F0 A3=1087FE A4=108100 A5=108000 A6=10B9CA -- 0060EC: beq     $6102
D0=3400 D1=A0 D2=34977068 D3=FFFF D4=8402E40 D5=80210088 D6=FFFF D7=0 A0=53590 A1=102D00 A2=534F0 A3=1087FE A4=108100 A5=108000 A6=10B9CA -- 0060EE: or.w    D0, D1
D0=3400 D1=34A0 D2=34977068 D3=FFFF D4=8402E40 D5=80210088 D6=FFFF D7=0 A0=53590 A1=102D00 A2=534F0 A3=1087FE A4=108100 A5=108000 A6=10B9CA -- 0060F0: swap    D2
D0=3400 D1=34A0 D2=70683497 D3=FFFF D4=8402E40 D5=80210088 D6=FFFF D7=0 A0=53590 A1=102D00 A2=534F0 A3=1087FE A4=108100 A5=108000 A6=10B9CA -- 0060F2: move.w  D1, D2
D0=3400 D1=34A0 D2=706834A0 D3=FFFF D4=8402E40 D5=80210088 D6=FFFF D7=0 A0=53590 A1=102D00 A2=534F0 A3=1087FE A4=108100 A5=108000 A6=10B9CA -- 0060F4: move.l  D2, $3c0000.l
D0=3400 D1=34A0 D2=706834A0 D3=FFFF D4=8402E40 D5=80210088 D6=FFFF D7=0 A0=53590 A1=102D00 A2=534F0 A3=1087FE A4=108100 A5=108000 A6=10B9CA -- 0060FA: swap    D2
D0=3400 D1=34A0 D2=34A07068 D3=FFFF D4=8402E40 D5=80210088 D6=FFFF D7=0 A0=53590 A1=102D00 A2=534F0 A3=1087FE A4=108100 A5=108000 A6=10B9CA -- 0060FC: addi.w  #$20, D2
D0=3400 D1=34A0 D2=34A07088 D3=FFFF D4=8402E40 D5=80210088 D6=FFFF D7=0 A0=53590 A1=102D00 A2=534F0 A3=1087FE A4=108100 A5=108000 A6=10B9CA -- 006100: bra     $60c4
D0=3400 D1=34A0 D2=34A07088 D3=FFFF D4=8402E40 D5=80210088 D6=FFFF D7=0 A0=53590 A1=102D00 A2=534F0 A3=1087FE A4=108100 A5=108000 A6=10B9CA -- 0060C4: moveq   #$0, D1
D0=3400 D1=0 D2=34A07088 D3=FFFF D4=8402E40 D5=80210088 D6=FFFF D7=0 A0=53590 A1=102D00 A2=534F0 A3=1087FE A4=108100 A5=108000 A6=10B9CA -- 0060C6: move.b  (A0)+, D1
D0=3400 D1=A1 D2=34A07088 D3=FFFF D4=8402E40 D5=80210088 D6=FFFF D7=0 A0=53591 A1=102D00 A2=534F0 A3=1087FE A4=108100 A5=108000 A6=10B9CA -- 0060C8: cmpi.b  #$d, D1
D0=3400 D1=A1 D2=34A07088 D3=FFFF D4=8402E40 D5=80210088 D6=FFFF D7=0 A0=53591 A1=102D00 A2=534F0 A3=1087FE A4=108100 A5=108000 A6=10B9CA -- 0060CC: bne     $60e2
D0=3400 D1=A1 D2=34A07088 D3=FFFF D4=8402E40 D5=80210088 D6=FFFF D7=0 A0=53591 A1=102D00 A2=534F0 A3=1087FE A4=108100 A5=108000 A6=10B9CA -- 0060E2: cmpi.b  #-$2, D1
D0=3400 D1=A1 D2=34A07088 D3=FFFF D4=8402E40 D5=80210088 D6=FFFF D7=0 A0=53591 A1=102D00 A2=534F0 A3=1087FE A4=108100 A5=108000 A6=10B9CA -- 0060E6: beq     $6086
D0=3400 D1=A1 D2=34A07088 D3=FFFF D4=8402E40 D5=80210088 D6=FFFF D7=0 A0=53591 A1=102D00 A2=534F0 A3=1087FE A4=108100 A5=108000 A6=10B9CA -- 0060E8: cmpi.b  #-$1, D1
D0=3400 D1=A1 D2=34A07088 D3=FFFF D4=8402E40 D5=80210088 D6=FFFF D7=0 A0=53591 A1=102D00 A2=534F0 A3=1087FE A4=108100 A5=108000 A6=10B9CA -- 0060EC: beq     $6102
D0=3400 D1=A1 D2=34A07088 D3=FFFF D4=8402E40 D5=80210088 D6=FFFF D7=0 A0=53591 A1=102D00 A2=534F0 A3=1087FE A4=108100 A5=108000 A6=10B9CA -- 0060EE: or.w    D0, D1
D0=3400 D1=34A1 D2=34A07088 D3=FFFF D4=8402E40 D5=80210088 D6=FFFF D7=0 A0=53591 A1=102D00 A2=534F0 A3=1087FE A4=108100 A5=108000 A6=10B9CA -- 0060F0: swap    D2
D0=3400 D1=34A1 D2=708834A0 D3=FFFF D4=8402E40 D5=80210088 D6=FFFF D7=0 A0=53591 A1=102D00 A2=534F0 A3=1087FE A4=108100 A5=108000 A6=10B9CA -- 0060F2: move.w  D1, D2
D0=3400 D1=34A1 D2=708834A1 D3=FFFF D4=8402E40 D5=80210088 D6=FFFF D7=0 A0=53591 A1=102D00 A2=534F0 A3=1087FE A4=108100 A5=108000 A6=10B9CA -- 0060F4: move.l  D2, $3c0000.l
D0=3400 D1=34A1 D2=708834A1 D3=FFFF D4=8402E40 D5=80210088 D6=FFFF D7=0 A0=53591 A1=102D00 A2=534F0 A3=1087FE A4=108100 A5=108000 A6=10B9CA -- 0060FA: swap    D2
D0=3400 D1=34A1 D2=34A17088 D3=FFFF D4=8402E40 D5=80210088 D6=FFFF D7=0 A0=53591 A1=102D00 A2=534F0 A3=1087FE A4=108100 A5=108000 A6=10B9CA -- 0060FC: addi.w  #$20, D2
D0=3400 D1=34A1 D2=34A170A8 D3=FFFF D4=8402E40 D5=80210088 D6=FFFF D7=0 A0=53591 A1=102D00 A2=534F0 A3=1087FE A4=108100 A5=108000 A6=10B9CA -- 006100: bra     $60c4
D0=3400 D1=34A1 D2=34A170A8 D3=FFFF D4=8402E40 D5=80210088 D6=FFFF D7=0 A0=53591 A1=102D00 A2=534F0 A3=1087FE A4=108100 A5=108000 A6=10B9CA -- 0060C4: moveq   #$0, D1
D0=3400 D1=0 D2=34A170A8 D3=FFFF D4=8402E40 D5=80210088 D6=FFFF D7=0 A0=53591 A1=102D00 A2=534F0 A3=1087FE A4=108100 A5=108000 A6=10B9CA -- 0060C6: move.b  (A0)+, D1
D0=3400 D1=A2 D2=34A170A8 D3=FFFF D4=8402E40 D5=80210088 D6=FFFF D7=0 A0=53592 A1=102D00 A2=534F0 A3=1087FE A4=108100 A5=108000 A6=10B9CA -- 0060C8: cmpi.b  #$d, D1
D0=3400 D1=A2 D2=34A170A8 D3=FFFF D4=8402E40 D5=80210088 D6=FFFF D7=0 A0=53592 A1=102D00 A2=534F0 A3=1087FE A4=108100 A5=108000 A6=10B9CA -- 0060CC: bne     $60e2
D0=3400 D1=A2 D2=34A170A8 D3=FFFF D4=8402E40 D5=80210088 D6=FFFF D7=0 A0=53592 A1=102D00 A2=534F0 A3=1087FE A4=108100 A5=108000 A6=10B9CA -- 0060E2: cmpi.b  #-$2, D1
D0=3400 D1=A2 D2=34A170A8 D3=FFFF D4=8402E40 D5=80210088 D6=FFFF D7=0 A0=53592 A1=102D00 A2=534F0 A3=1087FE A4=108100 A5=108000 A6=10B9CA -- 0060E6: beq     $6086
D0=3400 D1=A2 D2=34A170A8 D3=FFFF D4=8402E40 D5=80210088 D6=FFFF D7=0 A0=53592 A1=102D00 A2=534F0 A3=1087FE A4=108100 A5=108000 A6=10B9CA -- 0060E8: cmpi.b  #-$1, D1
D0=3400 D1=A2 D2=34A170A8 D3=FFFF D4=8402E40 D5=80210088 D6=FFFF D7=0 A0=53592 A1=102D00 A2=534F0 A3=1087FE A4=108100 A5=108000 A6=10B9CA -- 0060EC: beq     $6102
D0=3400 D1=A2 D2=34A170A8 D3=FFFF D4=8402E40 D5=80210088 D6=FFFF D7=0 A0=53592 A1=102D00 A2=534F0 A3=1087FE A4=108100 A5=108000 A6=10B9CA -- 0060EE: or.w    D0, D1
D0=3400 D1=34A2 D2=34A170A8 D3=FFFF D4=8402E40 D5=80210088 D6=FFFF D7=0 A0=53592 A1=102D00 A2=534F0 A3=1087FE A4=108100 A5=108000 A6=10B9CA -- 0060F0: swap    D2
D0=3400 D1=34A2 D2=70A834A1 D3=FFFF D4=8402E40 D5=80210088 D6=FFFF D7=0 A0=53592 A1=102D00 A2=534F0 A3=1087FE A4=108100 A5=108000 A6=10B9CA -- 0060F2: move.w  D1, D2
D0=3400 D1=34A2 D2=70A834A2 D3=FFFF D4=8402E40 D5=80210088 D6=FFFF D7=0 A0=53592 A1=102D00 A2=534F0 A3=1087FE A4=108100 A5=108000 A6=10B9CA -- 0060F4: move.l  D2, $3c0000.l
D0=3400 D1=34A2 D2=70A834A2 D3=FFFF D4=8402E40 D5=80210088 D6=FFFF D7=0 A0=53592 A1=102D00 A2=534F0 A3=1087FE A4=108100 A5=108000 A6=10B9CA -- 0060FA: swap    D2
D0=3400 D1=34A2 D2=34A270A8 D3=FFFF D4=8402E40 D5=80210088 D6=FFFF D7=0 A0=53592 A1=102D00 A2=534F0 A3=1087FE A4=108100 A5=108000 A6=10B9CA -- 0060FC: addi.w  #$20, D2
D0=3400 D1=34A2 D2=34A270C8 D3=FFFF D4=8402E40 D5=80210088 D6=FFFF D7=0 A0=53592 A1=102D00 A2=534F0 A3=1087FE A4=108100 A5=108000 A6=10B9CA -- 006100: bra     $60c4
D0=3400 D1=34A2 D2=34A270C8 D3=FFFF D4=8402E40 D5=80210088 D6=FFFF D7=0 A0=53592 A1=102D00 A2=534F0 A3=1087FE A4=108100 A5=108000 A6=10B9CA -- 0060C4: moveq   #$0, D1
D0=3400 D1=0 D2=34A270C8 D3=FFFF D4=8402E40 D5=80210088 D6=FFFF D7=0 A0=53592 A1=102D00 A2=534F0 A3=1087FE A4=108100 A5=108000 A6=10B9CA -- 0060C6: move.b  (A0)+, D1
D0=3400 D1=A3 D2=34A270C8 D3=FFFF D4=8402E40 D5=80210088 D6=FFFF D7=0 A0=53593 A1=102D00 A2=534F0 A3=1087FE A4=108100 A5=108000 A6=10B9CA -- 0060C8: cmpi.b  #$d, D1
D0=3400 D1=A3 D2=34A270C8 D3=FFFF D4=8402E40 D5=80210088 D6=FFFF D7=0 A0=53593 A1=102D00 A2=534F0 A3=1087FE A4=108100 A5=108000 A6=10B9CA -- 0060CC: bne     $60e2
D0=3400 D1=A3 D2=34A270C8 D3=FFFF D4=8402E40 D5=80210088 D6=FFFF D7=0 A0=53593 A1=102D00 A2=534F0 A3=1087FE A4=108100 A5=108000 A6=10B9CA -- 0060E2: cmpi.b  #-$2, D1
D0=3400 D1=A3 D2=34A270C8 D3=FFFF D4=8402E40 D5=80210088 D6=FFFF D7=0 A0=53593 A1=102D00 A2=534F0 A3=1087FE A4=108100 A5=108000 A6=10B9CA -- 0060E6: beq     $6086
D0=3400 D1=A3 D2=34A270C8 D3=FFFF D4=8402E40 D5=80210088 D6=FFFF D7=0 A0=53593 A1=102D00 A2=534F0 A3=1087FE A4=108100 A5=108000 A6=10B9CA -- 0060E8: cmpi.b  #-$1, D1
D0=3400 D1=A3 D2=34A270C8 D3=FFFF D4=8402E40 D5=80210088 D6=FFFF D7=0 A0=53593 A1=102D00 A2=534F0 A3=1087FE A4=108100 A5=108000 A6=10B9CA -- 0060EC: beq     $6102
D0=3400 D1=A3 D2=34A270C8 D3=FFFF D4=8402E40 D5=80210088 D6=FFFF D7=0 A0=53593 A1=102D00 A2=534F0 A3=1087FE A4=108100 A5=108000 A6=10B9CA -- 0060EE: or.w    D0, D1
D0=3400 D1=34A3 D2=34A270C8 D3=FFFF D4=8402E40 D5=80210088 D6=FFFF D7=0 A0=53593 A1=102D00 A2=534F0 A3=1087FE A4=108100 A5=108000 A6=10B9CA -- 0060F0: swap    D2
D0=3400 D1=34A3 D2=70C834A2 D3=FFFF D4=8402E40 D5=80210088 D6=FFFF D7=0 A0=53593 A1=102D00 A2=534F0 A3=1087FE A4=108100 A5=108000 A6=10B9CA -- 0060F2: move.w  D1, D2
D0=3400 D1=34A3 D2=70C834A3 D3=FFFF D4=8402E40 D5=80210088 D6=FFFF D7=0 A0=53593 A1=102D00 A2=534F0 A3=1087FE A4=108100 A5=108000 A6=10B9CA -- 0060F4: move.l  D2, $3c0000.l
D0=3400 D1=34A3 D2=70C834A3 D3=FFFF D4=8402E40 D5=80210088 D6=FFFF D7=0 A0=53593 A1=102D00 A2=534F0 A3=1087FE A4=108100 A5=108000 A6=10B9CA -- 0060FA: swap    D2
D0=3400 D1=34A3 D2=34A370C8 D3=FFFF D4=8402E40 D5=80210088 D6=FFFF D7=0 A0=53593 A1=102D00 A2=534F0 A3=1087FE A4=108100 A5=108000 A6=10B9CA -- 0060FC: addi.w  #$20, D2
D0=3400 D1=34A3 D2=34A370E8 D3=FFFF D4=8402E40 D5=80210088 D6=FFFF D7=0 A0=53593 A1=102D00 A2=534F0 A3=1087FE A4=108100 A5=108000 A6=10B9CA -- 006100: bra     $60c4
D0=3400 D1=34A3 D2=34A370E8 D3=FFFF D4=8402E40 D5=80210088 D6=FFFF D7=0 A0=53593 A1=102D00 A2=534F0 A3=1087FE A4=108100 A5=108000 A6=10B9CA -- 0060C4: moveq   #$0, D1
D0=3400 D1=0 D2=34A370E8 D3=FFFF D4=8402E40 D5=80210088 D6=FFFF D7=0 A0=53593 A1=102D00 A2=534F0 A3=1087FE A4=108100 A5=108000 A6=10B9CA -- 0060C6: move.b  (A0)+, D1
D0=3400 D1=A4 D2=34A370E8 D3=FFFF D4=8402E40 D5=80210088 D6=FFFF D7=0 A0=53594 A1=102D00 A2=534F0 A3=1087FE A4=108100 A5=108000 A6=10B9CA -- 0060C8: cmpi.b  #$d, D1
D0=3400 D1=A4 D2=34A370E8 D3=FFFF D4=8402E40 D5=80210088 D6=FFFF D7=0 A0=53594 A1=102D00 A2=534F0 A3=1087FE A4=108100 A5=108000 A6=10B9CA -- 0060CC: bne     $60e2
D0=3400 D1=A4 D2=34A370E8 D3=FFFF D4=8402E40 D5=80210088 D6=FFFF D7=0 A0=53594 A1=102D00 A2=534F0 A3=1087FE A4=108100 A5=108000 A6=10B9CA -- 0060E2: cmpi.b  #-$2, D1
D0=3400 D1=A4 D2=34A370E8 D3=FFFF D4=8402E40 D5=80210088 D6=FFFF D7=0 A0=53594 A1=102D00 A2=534F0 A3=1087FE A4=108100 A5=108000 A6=10B9CA -- 0060E6: beq     $6086
D0=3400 D1=A4 D2=34A370E8 D3=FFFF D4=8402E40 D5=80210088 D6=FFFF D7=0 A0=53594 A1=102D00 A2=534F0 A3=1087FE A4=108100 A5=108000 A6=10B9CA -- 0060E8: cmpi.b  #-$1, D1
D0=3400 D1=A4 D2=34A370E8 D3=FFFF D4=8402E40 D5=80210088 D6=FFFF D7=0 A0=53594 A1=102D00 A2=534F0 A3=1087FE A4=108100 A5=108000 A6=10B9CA -- 0060EC: beq     $6102
D0=3400 D1=A4 D2=34A370E8 D3=FFFF D4=8402E40 D5=80210088 D6=FFFF D7=0 A0=53594 A1=102D00 A2=534F0 A3=1087FE A4=108100 A5=108000 A6=10B9CA -- 0060EE: or.w    D0, D1
D0=3400 D1=34A4 D2=34A370E8 D3=FFFF D4=8402E40 D5=80210088 D6=FFFF D7=0 A0=53594 A1=102D00 A2=534F0 A3=1087FE A4=108100 A5=108000 A6=10B9CA -- 0060F0: swap    D2
D0=3400 D1=34A4 D2=70E834A3 D3=FFFF D4=8402E40 D5=80210088 D6=FFFF D7=0 A0=53594 A1=102D00 A2=534F0 A3=1087FE A4=108100 A5=108000 A6=10B9CA -- 0060F2: move.w  D1, D2
D0=3400 D1=34A4 D2=70E834A4 D3=FFFF D4=8402E40 D5=80210088 D6=FFFF D7=0 A0=53594 A1=102D00 A2=534F0 A3=1087FE A4=108100 A5=108000 A6=10B9CA -- 0060F4: move.l  D2, $3c0000.l
D0=3400 D1=34A4 D2=70E834A4 D3=FFFF D4=8402E40 D5=80210088 D6=FFFF D7=0 A0=53594 A1=102D00 A2=534F0 A3=1087FE A4=108100 A5=108000 A6=10B9CA -- 0060FA: swap    D2
D0=3400 D1=34A4 D2=34A470E8 D3=FFFF D4=8402E40 D5=80210088 D6=FFFF D7=0 A0=53594 A1=102D00 A2=534F0 A3=1087FE A4=108100 A5=108000 A6=10B9CA -- 0060FC: addi.w  #$20, D2
D0=3400 D1=34A4 D2=34A47108 D3=FFFF D4=8402E40 D5=80210088 D6=FFFF D7=0 A0=53594 A1=102D00 A2=534F0 A3=1087FE A4=108100 A5=108000 A6=10B9CA -- 006100: bra     $60c4
D0=3400 D1=34A4 D2=34A47108 D3=FFFF D4=8402E40 D5=80210088 D6=FFFF D7=0 A0=53594 A1=102D00 A2=534F0 A3=1087FE A4=108100 A5=108000 A6=10B9CA -- 0060C4: moveq   #$0, D1
D0=3400 D1=0 D2=34A47108 D3=FFFF D4=8402E40 D5=80210088 D6=FFFF D7=0 A0=53594 A1=102D00 A2=534F0 A3=1087FE A4=108100 A5=108000 A6=10B9CA -- 0060C6: move.b  (A0)+, D1
D0=3400 D1=A5 D2=34A47108 D3=FFFF D4=8402E40 D5=80210088 D6=FFFF D7=0 A0=53595 A1=102D00 A2=534F0 A3=1087FE A4=108100 A5=108000 A6=10B9CA -- 0060C8: cmpi.b  #$d, D1
D0=3400 D1=A5 D2=34A47108 D3=FFFF D4=8402E40 D5=80210088 D6=FFFF D7=0 A0=53595 A1=102D00 A2=534F0 A3=1087FE A4=108100 A5=108000 A6=10B9CA -- 0060CC: bne     $60e2
D0=3400 D1=A5 D2=34A47108 D3=FFFF D4=8402E40 D5=80210088 D6=FFFF D7=0 A0=53595 A1=102D00 A2=534F0 A3=1087FE A4=108100 A5=108000 A6=10B9CA -- 0060E2: cmpi.b  #-$2, D1
D0=3400 D1=A5 D2=34A47108 D3=FFFF D4=8402E40 D5=80210088 D6=FFFF D7=0 A0=53595 A1=102D00 A2=534F0 A3=1087FE A4=108100 A5=108000 A6=10B9CA -- 0060E6: beq     $6086
D0=3400 D1=A5 D2=34A47108 D3=FFFF D4=8402E40 D5=80210088 D6=FFFF D7=0 A0=53595 A1=102D00 A2=534F0 A3=1087FE A4=108100 A5=108000 A6=10B9CA -- 0060E8: cmpi.b  #-$1, D1
D0=3400 D1=A5 D2=34A47108 D3=FFFF D4=8402E40 D5=80210088 D6=FFFF D7=0 A0=53595 A1=102D00 A2=534F0 A3=1087FE A4=108100 A5=108000 A6=10B9CA -- 0060EC: beq     $6102
D0=3400 D1=A5 D2=34A47108 D3=FFFF D4=8402E40 D5=80210088 D6=FFFF D7=0 A0=53595 A1=102D00 A2=534F0 A3=1087FE A4=108100 A5=108000 A6=10B9CA -- 0060EE: or.w    D0, D1
D0=3400 D1=34A5 D2=34A47108 D3=FFFF D4=8402E40 D5=80210088 D6=FFFF D7=0 A0=53595 A1=102D00 A2=534F0 A3=1087FE A4=108100 A5=108000 A6=10B9CA -- 0060F0: swap    D2
D0=3400 D1=34A5 D2=710834A4 D3=FFFF D4=8402E40 D5=80210088 D6=FFFF D7=0 A0=53595 A1=102D00 A2=534F0 A3=1087FE A4=108100 A5=108000 A6=10B9CA -- 0060F2: move.w  D1, D2
D0=3400 D1=34A5 D2=710834A5 D3=FFFF D4=8402E40 D5=80210088 D6=FFFF D7=0 A0=53595 A1=102D00 A2=534F0 A3=1087FE A4=108100 A5=108000 A6=10B9CA -- 0060F4: move.l  D2, $3c0000.l
D0=3400 D1=34A5 D2=710834A5 D3=FFFF D4=8402E40 D5=80210088 D6=FFFF D7=0 A0=53595 A1=102D00 A2=534F0 A3=1087FE A4=108100 A5=108000 A6=10B9CA -- 0060FA: swap    D2
D0=3400 D1=34A5 D2=34A57108 D3=FFFF D4=8402E40 D5=80210088 D6=FFFF D7=0 A0=53595 A1=102D00 A2=534F0 A3=1087FE A4=108100 A5=108000 A6=10B9CA -- 0060FC: addi.w  #$20, D2
D0=3400 D1=34A5 D2=34A57128 D3=FFFF D4=8402E40 D5=80210088 D6=FFFF D7=0 A0=53595 A1=102D00 A2=534F0 A3=1087FE A4=108100 A5=108000 A6=10B9CA -- 006100: bra     $60c4
D0=3400 D1=34A5 D2=34A57128 D3=FFFF D4=8402E40 D5=80210088 D6=FFFF D7=0 A0=53595 A1=102D00 A2=534F0 A3=1087FE A4=108100 A5=108000 A6=10B9CA -- 0060C4: moveq   #$0, D1
D0=3400 D1=0 D2=34A57128 D3=FFFF D4=8402E40 D5=80210088 D6=FFFF D7=0 A0=53595 A1=102D00 A2=534F0 A3=1087FE A4=108100 A5=108000 A6=10B9CA -- 0060C6: move.b  (A0)+, D1
D0=3400 D1=A6 D2=34A57128 D3=FFFF D4=8402E40 D5=80210088 D6=FFFF D7=0 A0=53596 A1=102D00 A2=534F0 A3=1087FE A4=108100 A5=108000 A6=10B9CA -- 0060C8: cmpi.b  #$d, D1
D0=3400 D1=A6 D2=34A57128 D3=FFFF D4=8402E40 D5=80210088 D6=FFFF D7=0 A0=53596 A1=102D00 A2=534F0 A3=1087FE A4=108100 A5=108000 A6=10B9CA -- 0060CC: bne     $60e2
D0=3400 D1=A6 D2=34A57128 D3=FFFF D4=8402E40 D5=80210088 D6=FFFF D7=0 A0=53596 A1=102D00 A2=534F0 A3=1087FE A4=108100 A5=108000 A6=10B9CA -- 0060E2: cmpi.b  #-$2, D1
D0=3400 D1=A6 D2=34A57128 D3=FFFF D4=8402E40 D5=80210088 D6=FFFF D7=0 A0=53596 A1=102D00 A2=534F0 A3=1087FE A4=108100 A5=108000 A6=10B9CA -- 0060E6: beq     $6086
D0=3400 D1=A6 D2=34A57128 D3=FFFF D4=8402E40 D5=80210088 D6=FFFF D7=0 A0=53596 A1=102D00 A2=534F0 A3=1087FE A4=108100 A5=108000 A6=10B9CA -- 0060E8: cmpi.b  #-$1, D1
D0=3400 D1=A6 D2=34A57128 D3=FFFF D4=8402E40 D5=80210088 D6=FFFF D7=0 A0=53596 A1=102D00 A2=534F0 A3=1087FE A4=108100 A5=108000 A6=10B9CA -- 0060EC: beq     $6102
D0=3400 D1=A6 D2=34A57128 D3=FFFF D4=8402E40 D5=80210088 D6=FFFF D7=0 A0=53596 A1=102D00 A2=534F0 A3=1087FE A4=108100 A5=108000 A6=10B9CA -- 0060EE: or.w    D0, D1
D0=3400 D1=34A6 D2=34A57128 D3=FFFF D4=8402E40 D5=80210088 D6=FFFF D7=0 A0=53596 A1=102D00 A2=534F0 A3=1087FE A4=108100 A5=108000 A6=10B9CA -- 0060F0: swap    D2
D0=3400 D1=34A6 D2=712834A5 D3=FFFF D4=8402E40 D5=80210088 D6=FFFF D7=0 A0=53596 A1=102D00 A2=534F0 A3=1087FE A4=108100 A5=108000 A6=10B9CA -- 0060F2: move.w  D1, D2
D0=3400 D1=34A6 D2=712834A6 D3=FFFF D4=8402E40 D5=80210088 D6=FFFF D7=0 A0=53596 A1=102D00 A2=534F0 A3=1087FE A4=108100 A5=108000 A6=10B9CA -- 0060F4: move.l  D2, $3c0000.l
D0=3400 D1=34A6 D2=712834A6 D3=FFFF D4=8402E40 D5=80210088 D6=FFFF D7=0 A0=53596 A1=102D00 A2=534F0 A3=1087FE A4=108100 A5=108000 A6=10B9CA -- 0060FA: swap    D2
D0=3400 D1=34A6 D2=34A67128 D3=FFFF D4=8402E40 D5=80210088 D6=FFFF D7=0 A0=53596 A1=102D00 A2=534F0 A3=1087FE A4=108100 A5=108000 A6=10B9CA -- 0060FC: addi.w  #$20, D2
D0=3400 D1=34A6 D2=34A67148 D3=FFFF D4=8402E40 D5=80210088 D6=FFFF D7=0 A0=53596 A1=102D00 A2=534F0 A3=1087FE A4=108100 A5=108000 A6=10B9CA -- 006100: bra     $60c4
D0=3400 D1=34A6 D2=34A67148 D3=FFFF D4=8402E40 D5=80210088 D6=FFFF D7=0 A0=53596 A1=102D00 A2=534F0 A3=1087FE A4=108100 A5=108000 A6=10B9CA -- 0060C4: moveq   #$0, D1
D0=3400 D1=0 D2=34A67148 D3=FFFF D4=8402E40 D5=80210088 D6=FFFF D7=0 A0=53596 A1=102D00 A2=534F0 A3=1087FE A4=108100 A5=108000 A6=10B9CA -- 0060C6: move.b  (A0)+, D1
D0=3400 D1=A7 D2=34A67148 D3=FFFF D4=8402E40 D5=80210088 D6=FFFF D7=0 A0=53597 A1=102D00 A2=534F0 A3=1087FE A4=108100 A5=108000 A6=10B9CA -- 0060C8: cmpi.b  #$d, D1
D0=3400 D1=A7 D2=34A67148 D3=FFFF D4=8402E40 D5=80210088 D6=FFFF D7=0 A0=53597 A1=102D00 A2=534F0 A3=1087FE A4=108100 A5=108000 A6=10B9CA -- 0060CC: bne     $60e2
D0=3400 D1=A7 D2=34A67148 D3=FFFF D4=8402E40 D5=80210088 D6=FFFF D7=0 A0=53597 A1=102D00 A2=534F0 A3=1087FE A4=108100 A5=108000 A6=10B9CA -- 0060E2: cmpi.b  #-$2, D1
D0=3400 D1=A7 D2=34A67148 D3=FFFF D4=8402E40 D5=80210088 D6=FFFF D7=0 A0=53597 A1=102D00 A2=534F0 A3=1087FE A4=108100 A5=108000 A6=10B9CA -- 0060E6: beq     $6086
D0=3400 D1=A7 D2=34A67148 D3=FFFF D4=8402E40 D5=80210088 D6=FFFF D7=0 A0=53597 A1=102D00 A2=534F0 A3=1087FE A4=108100 A5=108000 A6=10B9CA -- 0060E8: cmpi.b  #-$1, D1
D0=3400 D1=A7 D2=34A67148 D3=FFFF D4=8402E40 D5=80210088 D6=FFFF D7=0 A0=53597 A1=102D00 A2=534F0 A3=1087FE A4=108100 A5=108000 A6=10B9CA -- 0060EC: beq     $6102
D0=3400 D1=A7 D2=34A67148 D3=FFFF D4=8402E40 D5=80210088 D6=FFFF D7=0 A0=53597 A1=102D00 A2=534F0 A3=1087FE A4=108100 A5=108000 A6=10B9CA -- 0060EE: or.w    D0, D1
D0=3400 D1=34A7 D2=34A67148 D3=FFFF D4=8402E40 D5=80210088 D6=FFFF D7=0 A0=53597 A1=102D00 A2=534F0 A3=1087FE A4=108100 A5=108000 A6=10B9CA -- 0060F0: swap    D2
D0=3400 D1=34A7 D2=714834A6 D3=FFFF D4=8402E40 D5=80210088 D6=FFFF D7=0 A0=53597 A1=102D00 A2=534F0 A3=1087FE A4=108100 A5=108000 A6=10B9CA -- 0060F2: move.w  D1, D2
D0=3400 D1=34A7 D2=714834A7 D3=FFFF D4=8402E40 D5=80210088 D6=FFFF D7=0 A0=53597 A1=102D00 A2=534F0 A3=1087FE A4=108100 A5=108000 A6=10B9CA -- 0060F4: move.l  D2, $3c0000.l
D0=3400 D1=34A7 D2=714834A7 D3=FFFF D4=8402E40 D5=80210088 D6=FFFF D7=0 A0=53597 A1=102D00 A2=534F0 A3=1087FE A4=108100 A5=108000 A6=10B9CA -- 0060FA: swap    D2
D0=3400 D1=34A7 D2=34A77148 D3=FFFF D4=8402E40 D5=80210088 D6=FFFF D7=0 A0=53597 A1=102D00 A2=534F0 A3=1087FE A4=108100 A5=108000 A6=10B9CA -- 0060FC: addi.w  #$20, D2
D0=3400 D1=34A7 D2=34A77168 D3=FFFF D4=8402E40 D5=80210088 D6=FFFF D7=0 A0=53597 A1=102D00 A2=534F0 A3=1087FE A4=108100 A5=108000 A6=10B9CA -- 006100: bra     $60c4
D0=3400 D1=34A7 D2=34A77168 D3=FFFF D4=8402E40 D5=80210088 D6=FFFF D7=0 A0=53597 A1=102D00 A2=534F0 A3=1087FE A4=108100 A5=108000 A6=10B9CA -- 0060C4: moveq   #$0, D1
D0=3400 D1=0 D2=34A77168 D3=FFFF D4=8402E40 D5=80210088 D6=FFFF D7=0 A0=53597 A1=102D00 A2=534F0 A3=1087FE A4=108100 A5=108000 A6=10B9CA -- 0060C6: move.b  (A0)+, D1
D0=3400 D1=FF D2=34A77168 D3=FFFF D4=8402E40 D5=80210088 D6=FFFF D7=0 A0=53598 A1=102D00 A2=534F0 A3=1087FE A4=108100 A5=108000 A6=10B9CA -- 0060C8: cmpi.b  #$d, D1
D0=3400 D1=FF D2=34A77168 D3=FFFF D4=8402E40 D5=80210088 D6=FFFF D7=0 A0=53598 A1=102D00 A2=534F0 A3=1087FE A4=108100 A5=108000 A6=10B9CA -- 0060CC: bne     $60e2
D0=3400 D1=FF D2=34A77168 D3=FFFF D4=8402E40 D5=80210088 D6=FFFF D7=0 A0=53598 A1=102D00 A2=534F0 A3=1087FE A4=108100 A5=108000 A6=10B9CA -- 0060E2: cmpi.b  #-$2, D1
D0=3400 D1=FF D2=34A77168 D3=FFFF D4=8402E40 D5=80210088 D6=FFFF D7=0 A0=53598 A1=102D00 A2=534F0 A3=1087FE A4=108100 A5=108000 A6=10B9CA -- 0060E6: beq     $6086
D0=3400 D1=FF D2=34A77168 D3=FFFF D4=8402E40 D5=80210088 D6=FFFF D7=0 A0=53598 A1=102D00 A2=534F0 A3=1087FE A4=108100 A5=108000 A6=10B9CA -- 0060E8: cmpi.b  #-$1, D1
D0=3400 D1=FF D2=34A77168 D3=FFFF D4=8402E40 D5=80210088 D6=FFFF D7=0 A0=53598 A1=102D00 A2=534F0 A3=1087FE A4=108100 A5=108000 A6=10B9CA -- 0060EC: beq     $6102
D0=3400 D1=FF D2=34A77168 D3=FFFF D4=8402E40 D5=80210088 D6=FFFF D7=0 A0=53598 A1=102D00 A2=534F0 A3=1087FE A4=108100 A5=108000 A6=10B9CA -- 006102: addq.w  #1, ($46fa,A5)
D0=3400 D1=FF D2=34A77168 D3=FFFF D4=8402E40 D5=80210088 D6=FFFF D7=0 A0=53598 A1=102D00 A2=534F0 A3=1087FE A4=108100 A5=108000 A6=10B9CA -- 006106: rts
D0=3400 D1=FF D2=34A77168 D3=FFFF D4=8402E40 D5=80210088 D6=FFFF D7=0 A0=53598 A1=102D00 A2=534F0 A3=1087FE A4=108100 A5=108000 A6=10B9CA -- 037422: rts
D0=3400 D1=FF D2=34A77168 D3=FFFF D4=8402E40 D5=80210088 D6=FFFF D7=0 A0=53598 A1=102D00 A2=534F0 A3=1087FE A4=108100 A5=108000 A6=10B9CA -- 037314: rts
D0=3400 D1=FF D2=34A77168 D3=FFFF D4=8402E40 D5=80210088 D6=FFFF D7=0 A0=53598 A1=102D00 A2=534F0 A3=1087FE A4=108100 A5=108000 A6=10B9CA -- 0372B4: bsr     $37424
D0=3400 D1=FF D2=34A77168 D3=FFFF D4=8402E40 D5=80210088 D6=FFFF D7=0 A0=53598 A1=102D00 A2=534F0 A3=1087FE A4=108100 A5=108000 A6=10B9CA -- 037424: move.b  ($130,A4), D0
D0=3481 D1=FF D2=34A77168 D3=FFFF D4=8402E40 D5=80210088 D6=FFFF D7=0 A0=53598 A1=102D00 A2=534F0 A3=1087FE A4=108100 A5=108000 A6=10B9CA -- 037428: andi.b  #$7f, D0
D0=3401 D1=FF D2=34A77168 D3=FFFF D4=8402E40 D5=80210088 D6=FFFF D7=0 A0=53598 A1=102D00 A2=534F0 A3=1087FE A4=108100 A5=108000 A6=10B9CA -- 03742C: addq.b  #1, D0
D0=3402 D1=FF D2=34A77168 D3=FFFF D4=8402E40 D5=80210088 D6=FFFF D7=0 A0=53598 A1=102D00 A2=534F0 A3=1087FE A4=108100 A5=108000 A6=10B9CA -- 03742E: btst    D0, ($7e6,A5)
D0=3402 D1=FF D2=34A77168 D3=FFFF D4=8402E40 D5=80210088 D6=FFFF D7=0 A0=53598 A1=102D00 A2=534F0 A3=1087FE A4=108100 A5=108000 A6=10B9CA -- 037432: bne     $3745a
D0=3402 D1=FF D2=34A77168 D3=FFFF D4=8402E40 D5=80210088 D6=FFFF D7=0 A0=53598 A1=102D00 A2=534F0 A3=1087FE A4=108100 A5=108000 A6=10B9CA -- 037434: tst.b   ($130,A4)
D0=3402 D1=FF D2=34A77168 D3=FFFF D4=8402E40 D5=80210088 D6=FFFF D7=0 A0=53598 A1=102D00 A2=534F0 A3=1087FE A4=108100 A5=108000 A6=10B9CA -- 037438: bpl     $3744a
D0=3402 D1=FF D2=34A77168 D3=FFFF D4=8402E40 D5=80210088 D6=FFFF D7=0 A0=53598 A1=102D00 A2=534F0 A3=1087FE A4=108100 A5=108000 A6=10B9CA -- 03743C: movea.l ($84,A4), A0
D0=3402 D1=FF D2=34A77168 D3=FFFF D4=8402E40 D5=80210088 D6=FFFF D7=0 A0=108584 A1=102D00 A2=534F0 A3=1087FE A4=108100 A5=108000 A6=10B9CA -- 037440: cmpi.w  #$141e, ($d0,A0)
D0=3402 D1=FF D2=34A77168 D3=FFFF D4=8402E40 D5=80210088 D6=FFFF D7=0 A0=108584 A1=102D00 A2=534F0 A3=1087FE A4=108100 A5=108000 A6=10B9CA -- 037446: bgt     $37462
D0=3402 D1=FF D2=34A77168 D3=FFFF D4=8402E40 D5=80210088 D6=FFFF D7=0 A0=108584 A1=102D00 A2=534F0 A3=1087FE A4=108100 A5=108000 A6=10B9CA -- 037462: rts
D0=3402 D1=FF D2=34A77168 D3=FFFF D4=8402E40 D5=80210088 D6=FFFF D7=0 A0=108584 A1=102D00 A2=534F0 A3=1087FE A4=108100 A5=108000 A6=10B9CA -- 0372B8: bra     $36eac
D0=3402 D1=FF D2=34A77168 D3=FFFF D4=8402E40 D5=80210088 D6=FFFF D7=0 A0=108584 A1=102D00 A2=534F0 A3=1087FE A4=108100 A5=108000 A6=10B9CA -- 036EAC: jsr     $48e6.w
D0=3402 D1=FF D2=34A77168 D3=FFFF D4=8402E40 D5=80210088 D6=FFFF D7=0 A0=108584 A1=102D00 A2=534F0 A3=1087FE A4=108100 A5=108000 A6=10B9CA -- 0048E6: move.w  ($70,A4), D0
D0=1B D1=FF D2=34A77168 D3=FFFF D4=8402E40 D5=80210088 D6=FFFF D7=0 A0=108584 A1=102D00 A2=534F0 A3=1087FE A4=108100 A5=108000 A6=10B9CA -- 0048EA: cmp.b   ($78,A4), D0
D0=1B D1=FF D2=34A77168 D3=FFFF D4=8402E40 D5=80210088 D6=FFFF D7=0 A0=108584 A1=102D00 A2=534F0 A3=1087FE A4=108100 A5=108000 A6=10B9CA -- 0048EE: bne     $491c
D0=1B D1=FF D2=34A77168 D3=FFFF D4=8402E40 D5=80210088 D6=FFFF D7=0 A0=108584 A1=102D00 A2=534F0 A3=1087FE A4=108100 A5=108000 A6=10B9CA -- 00491C: move.b  D0, ($78,A4)
D0=1B D1=FF D2=34A77168 D3=FFFF D4=8402E40 D5=80210088 D6=FFFF D7=0 A0=108584 A1=102D00 A2=534F0 A3=1087FE A4=108100 A5=108000 A6=10B9CA -- 004920: clr.w   ($74,A4)
D0=1B D1=FF D2=34A77168 D3=FFFF D4=8402E40 D5=80210088 D6=FFFF D7=0 A0=108584 A1=102D00 A2=534F0 A3=1087FE A4=108100 A5=108000 A6=10B9CA -- 004924: clr.w   ($7e,A4)
D0=1B D1=FF D2=34A77168 D3=FFFF D4=8402E40 D5=80210088 D6=FFFF D7=0 A0=108584 A1=102D00 A2=534F0 A3=1087FE A4=108100 A5=108000 A6=10B9CA -- 004928: clr.b   ($7d,A4)
D0=1B D1=FF D2=34A77168 D3=FFFF D4=8402E40 D5=80210088 D6=FFFF D7=0 A0=108584 A1=102D00 A2=534F0 A3=1087FE A4=108100 A5=108000 A6=10B9CA -- 00492C: andi.w  #$efff, ($e6,A4)
D0=1B D1=FF D2=34A77168 D3=FFFF D4=8402E40 D5=80210088 D6=FFFF D7=0 A0=108584 A1=102D00 A2=534F0 A3=1087FE A4=108100 A5=108000 A6=10B9CA -- 004932: bsr     $49f8
D0=1B D1=FF D2=34A77168 D3=FFFF D4=8402E40 D5=80210088 D6=FFFF D7=0 A0=108584 A1=102D00 A2=534F0 A3=1087FE A4=108100 A5=108000 A6=10B9CA -- 0049F8: lea     ($90,A4), A0
D0=1B D1=FF D2=34A77168 D3=FFFF D4=8402E40 D5=80210088 D6=FFFF D7=0 A0=108190 A1=102D00 A2=534F0 A3=1087FE A4=108100 A5=108000 A6=10B9CA -- 0049FC: clr.b   (A0)
D0=1B D1=FF D2=34A77168 D3=FFFF D4=8402E40 D5=80210088 D6=FFFF D7=0 A0=108190 A1=102D00 A2=534F0 A3=1087FE A4=108100 A5=108000 A6=10B9CA -- 0049FE: clr.b   ($5,A0)
D0=1B D1=FF D2=34A77168 D3=FFFF D4=8402E40 D5=80210088 D6=FFFF D7=0 A0=108190 A1=102D00 A2=534F0 A3=1087FE A4=108100 A5=108000 A6=10B9CA -- 004A02: clr.b   ($a,A0)
D0=1B D1=FF D2=34A77168 D3=FFFF D4=8402E40 D5=80210088 D6=FFFF D7=0 A0=108190 A1=102D00 A2=534F0 A3=1087FE A4=108100 A5=108000 A6=10B9CA -- 004A06: clr.b   ($f,A0)
D0=1B D1=FF D2=34A77168 D3=FFFF D4=8402E40 D5=80210088 D6=FFFF D7=0 A0=108190 A1=102D00 A2=534F0 A3=1087FE A4=108100 A5=108000 A6=10B9CA -- 004A0A: rts
D0=1B D1=FF D2=34A77168 D3=FFFF D4=8402E40 D5=80210088 D6=FFFF D7=0 A0=108190 A1=102D00 A2=534F0 A3=1087FE A4=108100 A5=108000 A6=10B9CA -- 004936: bsr     $4962
D0=1B D1=FF D2=34A77168 D3=FFFF D4=8402E40 D5=80210088 D6=FFFF D7=0 A0=108190 A1=102D00 A2=534F0 A3=1087FE A4=108100 A5=108000 A6=10B9CA -- 004962: lea     $7bf48.l, A0
D0=1B D1=FF D2=34A77168 D3=FFFF D4=8402E40 D5=80210088 D6=FFFF D7=0 A0=7BF48 A1=102D00 A2=534F0 A3=1087FE A4=108100 A5=108000 A6=10B9CA -- 004968: move.w  ($70,A4), D0
D0=1B D1=FF D2=34A77168 D3=FFFF D4=8402E40 D5=80210088 D6=FFFF D7=0 A0=7BF48 A1=102D00 A2=534F0 A3=1087FE A4=108100 A5=108000 A6=10B9CA -- 00496C: add.w   D0, D0
D0=36 D1=FF D2=34A77168 D3=FFFF D4=8402E40 D5=80210088 D6=FFFF D7=0 A0=7BF48 A1=102D00 A2=534F0 A3=1087FE A4=108100 A5=108000 A6=10B9CA -- 00496E: add.w   D0, D0
D0=6C D1=FF D2=34A77168 D3=FFFF D4=8402E40 D5=80210088 D6=FFFF D7=0 A0=7BF48 A1=102D00 A2=534F0 A3=1087FE A4=108100 A5=108000 A6=10B9CA -- 004970: movea.l (A0,D0.w), A0
D0=6C D1=FF D2=34A77168 D3=FFFF D4=8402E40 D5=80210088 D6=FFFF D7=0 A0=7F5E0 A1=102D00 A2=534F0 A3=1087FE A4=108100 A5=108000 A6=10B9CA -- 004974: move.w  ($72,A4), D0
D0=43 D1=FF D2=34A77168 D3=FFFF D4=8402E40 D5=80210088 D6=FFFF D7=0 A0=7F5E0 A1=102D00 A2=534F0 A3=1087FE A4=108100 A5=108000 A6=10B9CA -- 004978: add.w   D0, D0
D0=86 D1=FF D2=34A77168 D3=FFFF D4=8402E40 D5=80210088 D6=FFFF D7=0 A0=7F5E0 A1=102D00 A2=534F0 A3=1087FE A4=108100 A5=108000 A6=10B9CA -- 00497A: move.w  (A0,D0.w), ($46de,A5)
D0=86 D1=FF D2=34A77168 D3=FFFF D4=8402E40 D5=80210088 D6=FFFF D7=0 A0=7F5E0 A1=102D00 A2=534F0 A3=1087FE A4=108100 A5=108000 A6=10B9CA -- 004980: lea     $80000.l, A0
D0=86 D1=FF D2=34A77168 D3=FFFF D4=8402E40 D5=80210088 D6=FFFF D7=0 A0=80000 A1=102D00 A2=534F0 A3=1087FE A4=108100 A5=108000 A6=10B9CA -- 004986: move.w  ($70,A4), D0
D0=1B D1=FF D2=34A77168 D3=FFFF D4=8402E40 D5=80210088 D6=FFFF D7=0 A0=80000 A1=102D00 A2=534F0 A3=1087FE A4=108100 A5=108000 A6=10B9CA -- 00498A: add.w   D0, D0
D0=36 D1=FF D2=34A77168 D3=FFFF D4=8402E40 D5=80210088 D6=FFFF D7=0 A0=80000 A1=102D00 A2=534F0 A3=1087FE A4=108100 A5=108000 A6=10B9CA -- 00498C: add.w   D0, D0
D0=6C D1=FF D2=34A77168 D3=FFFF D4=8402E40 D5=80210088 D6=FFFF D7=0 A0=80000 A1=102D00 A2=534F0 A3=1087FE A4=108100 A5=108000 A6=10B9CA -- 00498E: movea.l (A0,D0.w), A0
D0=6C D1=FF D2=34A77168 D3=FFFF D4=8402E40 D5=80210088 D6=FFFF D7=0 A0=86E00 A1=102D00 A2=534F0 A3=1087FE A4=108100 A5=108000 A6=10B9CA -- 004992: move.w  ($46de,A5), D0
D0=4343 D1=FF D2=34A77168 D3=FFFF D4=8402E40 D5=80210088 D6=FFFF D7=0 A0=86E00 A1=102D00 A2=534F0 A3=1087FE A4=108100 A5=108000 A6=10B9CA -- 004996: tst.b   ($46e2,A5)
D0=4343 D1=FF D2=34A77168 D3=FFFF D4=8402E40 D5=80210088 D6=FFFF D7=0 A0=86E00 A1=102D00 A2=534F0 A3=1087FE A4=108100 A5=108000 A6=10B9CA -- 00499A: beq     $49a0
D0=4343 D1=FF D2=34A77168 D3=FFFF D4=8402E40 D5=80210088 D6=FFFF D7=0 A0=86E00 A1=102D00 A2=534F0 A3=1087FE A4=108100 A5=108000 A6=10B9CA -- 0049A0: andi.w  #$ff, D0
D0=43 D1=FF D2=34A77168 D3=FFFF D4=8402E40 D5=80210088 D6=FFFF D7=0 A0=86E00 A1=102D00 A2=534F0 A3=1087FE A4=108100 A5=108000 A6=10B9CA -- 0049A4: add.w   D0, D0
D0=86 D1=FF D2=34A77168 D3=FFFF D4=8402E40 D5=80210088 D6=FFFF D7=0 A0=86E00 A1=102D00 A2=534F0 A3=1087FE A4=108100 A5=108000 A6=10B9CA -- 0049A6: add.w   D0, D0
D0=10C D1=FF D2=34A77168 D3=FFFF D4=8402E40 D5=80210088 D6=FFFF D7=0 A0=86E00 A1=102D00 A2=534F0 A3=1087FE A4=108100 A5=108000 A6=10B9CA -- 0049A8: movea.l (A0,D0.w), A0
D0=10C D1=FF D2=34A77168 D3=FFFF D4=8402E40 D5=80210088 D6=FFFF D7=0 A0=F3194 A1=102D00 A2=534F0 A3=1087FE A4=108100 A5=108000 A6=10B9CA -- 0049AC: move.w  ($74,A4), D0
D0=0 D1=FF D2=34A77168 D3=FFFF D4=8402E40 D5=80210088 D6=FFFF D7=0 A0=F3194 A1=102D00 A2=534F0 A3=1087FE A4=108100 A5=108000 A6=10B9CA -- 0049B0: adda.w  D0, A0
D0=0 D1=FF D2=34A77168 D3=FFFF D4=8402E40 D5=80210088 D6=FFFF D7=0 A0=F3194 A1=102D00 A2=534F0 A3=1087FE A4=108100 A5=108000 A6=10B9CA -- 0049B2: move.b  (A0), ($76,A4)
D0=0 D1=FF D2=34A77168 D3=FFFF D4=8402E40 D5=80210088 D6=FFFF D7=0 A0=F3194 A1=102D00 A2=534F0 A3=1087FE A4=108100 A5=108000 A6=10B9CA -- 0049B6: bmi     $4a22
D0=0 D1=FF D2=34A77168 D3=FFFF D4=8402E40 D5=80210088 D6=FFFF D7=0 A0=F3194 A1=102D00 A2=534F0 A3=1087FE A4=108100 A5=108000 A6=10B9CA -- 0049BA: move.b  ($81,A4), D0
D0=0 D1=FF D2=34A77168 D3=FFFF D4=8402E40 D5=80210088 D6=FFFF D7=0 A0=F3194 A1=102D00 A2=534F0 A3=1087FE A4=108100 A5=108000 A6=10B9CA -- 0049BE: tst.b   ($7d,A4)
D0=0 D1=FF D2=34A77168 D3=FFFF D4=8402E40 D5=80210088 D6=FFFF D7=0 A0=F3194 A1=102D00 A2=534F0 A3=1087FE A4=108100 A5=108000 A6=10B9CA -- 0049C2: beq     $49c8
D0=0 D1=FF D2=34A77168 D3=FFFF D4=8402E40 D5=80210088 D6=FFFF D7=0 A0=F3194 A1=102D00 A2=534F0 A3=1087FE A4=108100 A5=108000 A6=10B9CA -- 0049C8: add.b   ($7d,A4), D0
D0=0 D1=FF D2=34A77168 D3=FFFF D4=8402E40 D5=80210088 D6=FFFF D7=0 A0=F3194 A1=102D00 A2=534F0 A3=1087FE A4=108100 A5=108000 A6=10B9CA -- 0049CC: add.b   D0, ($76,A4)
D0=0 D1=FF D2=34A77168 D3=FFFF D4=8402E40 D5=80210088 D6=FFFF D7=0 A0=F3194 A1=102D00 A2=534F0 A3=1087FE A4=108100 A5=108000 A6=10B9CA -- 0049D0: bgt     $49d8
D0=0 D1=FF D2=34A77168 D3=FFFF D4=8402E40 D5=80210088 D6=FFFF D7=0 A0=F3194 A1=102D00 A2=534F0 A3=1087FE A4=108100 A5=108000 A6=10B9CA -- 0049D8: addq.w  #1, ($7e,A4)
D0=0 D1=FF D2=34A77168 D3=FFFF D4=8402E40 D5=80210088 D6=FFFF D7=0 A0=F3194 A1=102D00 A2=534F0 A3=1087FE A4=108100 A5=108000 A6=10B9CA -- 0049DC: move.b  ($4,A0), ($7a,A4)
D0=0 D1=FF D2=34A77168 D3=FFFF D4=8402E40 D5=80210088 D6=FFFF D7=0 A0=F3194 A1=102D00 A2=534F0 A3=1087FE A4=108100 A5=108000 A6=10B9CA -- 0049E2: move.b  ($5,A0), ($7b,A4)
D0=0 D1=FF D2=34A77168 D3=FFFF D4=8402E40 D5=80210088 D6=FFFF D7=0 A0=F3194 A1=102D00 A2=534F0 A3=1087FE A4=108100 A5=108000 A6=10B9CA -- 0049E8: move.l  (A0), D0
D0=30F12C0 D1=FF D2=34A77168 D3=FFFF D4=8402E40 D5=80210088 D6=FFFF D7=0 A0=F3194 A1=102D00 A2=534F0 A3=1087FE A4=108100 A5=108000 A6=10B9CA -- 0049EA: movea.l D0, A0
D0=30F12C0 D1=FF D2=34A77168 D3=FFFF D4=8402E40 D5=80210088 D6=FFFF D7=0 A0=30F12C0 A1=102D00 A2=534F0 A3=1087FE A4=108100 A5=108000 A6=10B9CA -- 0049EC: move.w  (A0), ($6a,A4)
D0=30F12C0 D1=FF D2=34A77168 D3=FFFF D4=8402E40 D5=80210088 D6=FFFF D7=0 A0=30F12C0 A1=102D00 A2=534F0 A3=1087FE A4=108100 A5=108000 A6=10B9CA -- 0049F0: move.w  ($2,A0), ($6c,A4)
D0=30F12C0 D1=FF D2=34A77168 D3=FFFF D4=8402E40 D5=80210088 D6=FFFF D7=0 A0=30F12C0 A1=102D00 A2=534F0 A3=1087FE A4=108100 A5=108000 A6=10B9CA -- 0049F6: rts
D0=30F12C0 D1=FF D2=34A77168 D3=FFFF D4=8402E40 D5=80210088 D6=FFFF D7=0 A0=30F12C0 A1=102D00 A2=534F0 A3=1087FE A4=108100 A5=108000 A6=10B9CA -- 00493A: bra     $4906
D0=30F12C0 D1=FF D2=34A77168 D3=FFFF D4=8402E40 D5=80210088 D6=FFFF D7=0 A0=30F12C0 A1=102D00 A2=534F0 A3=1087FE A4=108100 A5=108000 A6=10B9CA -- 004906: subq.b  #1, ($76,A4)
D0=30F12C0 D1=FF D2=34A77168 D3=FFFF D4=8402E40 D5=80210088 D6=FFFF D7=0 A0=30F12C0 A1=102D00 A2=534F0 A3=1087FE A4=108100 A5=108000 A6=10B9CA -- 00490A: bhi     $491a
D0=30F12C0 D1=FF D2=34A77168 D3=FFFF D4=8402E40 D5=80210088 D6=FFFF D7=0 A0=30F12C0 A1=102D00 A2=534F0 A3=1087FE A4=108100 A5=108000 A6=10B9CA -- 00491A: rts
D0=30F12C0 D1=FF D2=34A77168 D3=FFFF D4=8402E40 D5=80210088 D6=FFFF D7=0 A0=30F12C0 A1=102D00 A2=534F0 A3=1087FE A4=108100 A5=108000 A6=10B9CA -- 036EB0: jmp     $3e2e.w
D0=30F12C0 D1=FF D2=34A77168 D3=FFFF D4=8402E40 D5=80210088 D6=FFFF D7=0 A0=30F12C0 A1=102D00 A2=534F0 A3=1087FE A4=108100 A5=108000 A6=10B9CA -- 003E2E: tst.w   ($74,A4)
D0=30F12C0 D1=FF D2=34A77168 D3=FFFF D4=8402E40 D5=80210088 D6=FFFF D7=0 A0=30F12C0 A1=102D00 A2=534F0 A3=1087FE A4=108100 A5=108000 A6=10B9CA -- 003E32: bmi     $3e80
D0=30F12C0 D1=FF D2=34A77168 D3=FFFF D4=8402E40 D5=80210088 D6=FFFF D7=0 A0=30F12C0 A1=102D00 A2=534F0 A3=1087FE A4=108100 A5=108000 A6=10B9CA -- 003E34: btst    #$6, ($7c,A4)
D0=30F12C0 D1=FF D2=34A77168 D3=FFFF D4=8402E40 D5=80210088 D6=FFFF D7=0 A0=30F12C0 A1=102D00 A2=534F0 A3=1087FE A4=108100 A5=108000 A6=10B9CA -- 003E3A: bne     $3e78
D0=30F12C0 D1=FF D2=34A77168 D3=FFFF D4=8402E40 D5=80210088 D6=FFFF D7=0 A0=30F12C0 A1=102D00 A2=534F0 A3=1087FE A4=108100 A5=108000 A6=10B9CA -- 003E3E: moveq   #$0, D3
D0=30F12C0 D1=FF D2=34A77168 D3=0 D4=8402E40 D5=80210088 D6=FFFF D7=0 A0=30F12C0 A1=102D00 A2=534F0 A3=1087FE A4=108100 A5=108000 A6=10B9CA -- 003E40: move.b  ($82,A4), D3
D0=30F12C0 D1=FF D2=34A77168 D3=0 D4=8402E40 D5=80210088 D6=FFFF D7=0 A0=30F12C0 A1=102D00 A2=534F0 A3=1087FE A4=108100 A5=108000 A6=10B9CA -- 003E44: add.w   D3, D3
D0=30F12C0 D1=FF D2=34A77168 D3=0 D4=8402E40 D5=80210088 D6=FFFF D7=0 A0=30F12C0 A1=102D00 A2=534F0 A3=1087FE A4=108100 A5=108000 A6=10B9CA -- 003E46: add.w   D3, D3
D0=30F12C0 D1=FF D2=34A77168 D3=0 D4=8402E40 D5=80210088 D6=FFFF D7=0 A0=30F12C0 A1=102D00 A2=534F0 A3=1087FE A4=108100 A5=108000 A6=10B9CA -- 003E48: move.w  ($18,A4), D0
D0=30F0030 D1=FF D2=34A77168 D3=0 D4=8402E40 D5=80210088 D6=FFFF D7=0 A0=30F12C0 A1=102D00 A2=534F0 A3=1087FE A4=108100 A5=108000 A6=10B9CA -- 003E4C: lea     ($104c,A5), A0
D0=30F0030 D1=FF D2=34A77168 D3=0 D4=8402E40 D5=80210088 D6=FFFF D7=0 A0=10904C A1=102D00 A2=534F0 A3=1087FE A4=108100 A5=108000 A6=10B9CA -- 003E50: sub.w   (A0,D3.w), D0
D0=30F0030 D1=FF D2=34A77168 D3=0 D4=8402E40 D5=80210088 D6=FFFF D7=0 A0=10904C A1=102D00 A2=534F0 A3=1087FE A4=108100 A5=108000 A6=10B9CA -- 003E54: addi.w  #$30, D0
D0=30F0060 D1=FF D2=34A77168 D3=0 D4=8402E40 D5=80210088 D6=FFFF D7=0 A0=10904C A1=102D00 A2=534F0 A3=1087FE A4=108100 A5=108000 A6=10B9CA -- 003E58: cmpi.w  #$1a0, D0
D0=30F0060 D1=FF D2=34A77168 D3=0 D4=8402E40 D5=80210088 D6=FFFF D7=0 A0=10904C A1=102D00 A2=534F0 A3=1087FE A4=108100 A5=108000 A6=10B9CA -- 003E5C: bls     $3e60
D0=30F0060 D1=FF D2=34A77168 D3=0 D4=8402E40 D5=80210088 D6=FFFF D7=0 A0=10904C A1=102D00 A2=534F0 A3=1087FE A4=108100 A5=108000 A6=10B9CA -- 003E60: move.w  ($1c,A4), D0
D0=30F00CB D1=FF D2=34A77168 D3=0 D4=8402E40 D5=80210088 D6=FFFF D7=0 A0=10904C A1=102D00 A2=534F0 A3=1087FE A4=108100 A5=108000 A6=10B9CA -- 003E64: sub.w   ($20,A4), D0
D0=30F00CB D1=FF D2=34A77168 D3=0 D4=8402E40 D5=80210088 D6=FFFF D7=0 A0=10904C A1=102D00 A2=534F0 A3=1087FE A4=108100 A5=108000 A6=10B9CA -- 003E68: lea     ($1058,A5), A0
D0=30F00CB D1=FF D2=34A77168 D3=0 D4=8402E40 D5=80210088 D6=FFFF D7=0 A0=109058 A1=102D00 A2=534F0 A3=1087FE A4=108100 A5=108000 A6=10B9CA -- 003E6C: sub.w   (A0,D3.w), D0
D0=30F00CB D1=FF D2=34A77168 D3=0 D4=8402E40 D5=80210088 D6=FFFF D7=0 A0=109058 A1=102D00 A2=534F0 A3=1087FE A4=108100 A5=108000 A6=10B9CA -- 003E70: cmpi.w  #$1c0, D0
D0=30F00CB D1=FF D2=34A77168 D3=0 D4=8402E40 D5=80210088 D6=FFFF D7=0 A0=109058 A1=102D00 A2=534F0 A3=1087FE A4=108100 A5=108000 A6=10B9CA -- 003E74: bls     $3e78
D0=30F00CB D1=FF D2=34A77168 D3=0 D4=8402E40 D5=80210088 D6=FFFF D7=0 A0=109058 A1=102D00 A2=534F0 A3=1087FE A4=108100 A5=108000 A6=10B9CA -- 003E78: bsr     $4860
D0=30F00CB D1=FF D2=34A77168 D3=0 D4=8402E40 D5=80210088 D6=FFFF D7=0 A0=109058 A1=102D00 A2=534F0 A3=1087FE A4=108100 A5=108000 A6=10B9CA -- 004860: lea     $7bf48.l, A0
D0=30F00CB D1=FF D2=34A77168 D3=0 D4=8402E40 D5=80210088 D6=FFFF D7=0 A0=7BF48 A1=102D00 A2=534F0 A3=1087FE A4=108100 A5=108000 A6=10B9CA -- 004866: move.w  ($70,A4), D0
D0=30F001B D1=FF D2=34A77168 D3=0 D4=8402E40 D5=80210088 D6=FFFF D7=0 A0=7BF48 A1=102D00 A2=534F0 A3=1087FE A4=108100 A5=108000 A6=10B9CA -- 00486A: add.w   D0, D0
D0=30F0036 D1=FF D2=34A77168 D3=0 D4=8402E40 D5=80210088 D6=FFFF D7=0 A0=7BF48 A1=102D00 A2=534F0 A3=1087FE A4=108100 A5=108000 A6=10B9CA -- 00486C: add.w   D0, D0
D0=30F006C D1=FF D2=34A77168 D3=0 D4=8402E40 D5=80210088 D6=FFFF D7=0 A0=7BF48 A1=102D00 A2=534F0 A3=1087FE A4=108100 A5=108000 A6=10B9CA -- 00486E: movea.l (A0,D0.w), A0
D0=30F006C D1=FF D2=34A77168 D3=0 D4=8402E40 D5=80210088 D6=FFFF D7=0 A0=7F5E0 A1=102D00 A2=534F0 A3=1087FE A4=108100 A5=108000 A6=10B9CA -- 004872: move.w  ($72,A4), D0
D0=30F0043 D1=FF D2=34A77168 D3=0 D4=8402E40 D5=80210088 D6=FFFF D7=0 A0=7F5E0 A1=102D00 A2=534F0 A3=1087FE A4=108100 A5=108000 A6=10B9CA -- 004876: add.w   D0, D0
D0=30F0086 D1=FF D2=34A77168 D3=0 D4=8402E40 D5=80210088 D6=FFFF D7=0 A0=7F5E0 A1=102D00 A2=534F0 A3=1087FE A4=108100 A5=108000 A6=10B9CA -- 004878: move.w  (A0,D0.w), D1
D0=30F0086 D1=4343 D2=34A77168 D3=0 D4=8402E40 D5=80210088 D6=FFFF D7=0 A0=7F5E0 A1=102D00 A2=534F0 A3=1087FE A4=108100 A5=108000 A6=10B9CA -- 00487C: move.w  D1, ($46de,A5)
D0=30F0086 D1=4343 D2=34A77168 D3=0 D4=8402E40 D5=80210088 D6=FFFF D7=0 A0=7F5E0 A1=102D00 A2=534F0 A3=1087FE A4=108100 A5=108000 A6=10B9CA -- 004880: lea     $80000.l, A0
D0=30F0086 D1=4343 D2=34A77168 D3=0 D4=8402E40 D5=80210088 D6=FFFF D7=0 A0=80000 A1=102D00 A2=534F0 A3=1087FE A4=108100 A5=108000 A6=10B9CA -- 004886: move.w  ($70,A4), D0
D0=30F001B D1=4343 D2=34A77168 D3=0 D4=8402E40 D5=80210088 D6=FFFF D7=0 A0=80000 A1=102D00 A2=534F0 A3=1087FE A4=108100 A5=108000 A6=10B9CA -- 00488A: add.w   D0, D0
D0=30F0036 D1=4343 D2=34A77168 D3=0 D4=8402E40 D5=80210088 D6=FFFF D7=0 A0=80000 A1=102D00 A2=534F0 A3=1087FE A4=108100 A5=108000 A6=10B9CA -- 00488C: add.w   D0, D0
D0=30F006C D1=4343 D2=34A77168 D3=0 D4=8402E40 D5=80210088 D6=FFFF D7=0 A0=80000 A1=102D00 A2=534F0 A3=1087FE A4=108100 A5=108000 A6=10B9CA -- 00488E: movea.l (A0,D0.w), A0
D0=30F006C D1=4343 D2=34A77168 D3=0 D4=8402E40 D5=80210088 D6=FFFF D7=0 A0=86E00 A1=102D00 A2=534F0 A3=1087FE A4=108100 A5=108000 A6=10B9CA -- 004892: move.w  ($46de,A5), D0
D0=30F4343 D1=4343 D2=34A77168 D3=0 D4=8402E40 D5=80210088 D6=FFFF D7=0 A0=86E00 A1=102D00 A2=534F0 A3=1087FE A4=108100 A5=108000 A6=10B9CA -- 004896: tst.b   ($46e2,A5)
D0=30F4343 D1=4343 D2=34A77168 D3=0 D4=8402E40 D5=80210088 D6=FFFF D7=0 A0=86E00 A1=102D00 A2=534F0 A3=1087FE A4=108100 A5=108000 A6=10B9CA -- 00489A: beq     $48a0
D0=30F4343 D1=4343 D2=34A77168 D3=0 D4=8402E40 D5=80210088 D6=FFFF D7=0 A0=86E00 A1=102D00 A2=534F0 A3=1087FE A4=108100 A5=108000 A6=10B9CA -- 0048A0: andi.w  #$ff, D0
D0=30F0043 D1=4343 D2=34A77168 D3=0 D4=8402E40 D5=80210088 D6=FFFF D7=0 A0=86E00 A1=102D00 A2=534F0 A3=1087FE A4=108100 A5=108000 A6=10B9CA -- 0048A4: add.w   D0, D0
D0=30F0086 D1=4343 D2=34A77168 D3=0 D4=8402E40 D5=80210088 D6=FFFF D7=0 A0=86E00 A1=102D00 A2=534F0 A3=1087FE A4=108100 A5=108000 A6=10B9CA -- 0048A6: add.w   D0, D0
D0=30F010C D1=4343 D2=34A77168 D3=0 D4=8402E40 D5=80210088 D6=FFFF D7=0 A0=86E00 A1=102D00 A2=534F0 A3=1087FE A4=108100 A5=108000 A6=10B9CA -- 0048A8: movea.l (A0,D0.w), A0
D0=30F010C D1=4343 D2=34A77168 D3=0 D4=8402E40 D5=80210088 D6=FFFF D7=0 A0=F3194 A1=102D00 A2=534F0 A3=1087FE A4=108100 A5=108000 A6=10B9CA -- 0048AC: move.w  ($74,A4), D0
D0=30F0000 D1=4343 D2=34A77168 D3=0 D4=8402E40 D5=80210088 D6=FFFF D7=0 A0=F3194 A1=102D00 A2=534F0 A3=1087FE A4=108100 A5=108000 A6=10B9CA -- 0048B0: adda.w  D0, A0
D0=30F0000 D1=4343 D2=34A77168 D3=0 D4=8402E40 D5=80210088 D6=FFFF D7=0 A0=F3194 A1=102D00 A2=534F0 A3=1087FE A4=108100 A5=108000 A6=10B9CA -- 0048B2: move.l  (A0), D0
D0=30F12C0 D1=4343 D2=34A77168 D3=0 D4=8402E40 D5=80210088 D6=FFFF D7=0 A0=F3194 A1=102D00 A2=534F0 A3=1087FE A4=108100 A5=108000 A6=10B9CA -- 0048B4: andi.l  #$ffffff, D0
D0=F12C0 D1=4343 D2=34A77168 D3=0 D4=8402E40 D5=80210088 D6=FFFF D7=0 A0=F3194 A1=102D00 A2=534F0 A3=1087FE A4=108100 A5=108000 A6=10B9CA -- 0048BA: movea.l D0, A0
D0=F12C0 D1=4343 D2=34A77168 D3=0 D4=8402E40 D5=80210088 D6=FFFF D7=0 A0=F12C0 A1=102D00 A2=534F0 A3=1087FE A4=108100 A5=108000 A6=10B9CA -- 0048BC: move.w  ($4,A0), D0
D0=F007F D1=4343 D2=34A77168 D3=0 D4=8402E40 D5=80210088 D6=FFFF D7=0 A0=F12C0 A1=102D00 A2=534F0 A3=1087FE A4=108100 A5=108000 A6=10B9CA -- 0048C0: andi.w  #$1fff, D0
D0=F007F D1=4343 D2=34A77168 D3=0 D4=8402E40 D5=80210088 D6=FFFF D7=0 A0=F12C0 A1=102D00 A2=534F0 A3=1087FE A4=108100 A5=108000 A6=10B9CA -- 0048C4: move.w  D0, ($46e0,A5)
D0=F007F D1=4343 D2=34A77168 D3=0 D4=8402E40 D5=80210088 D6=FFFF D7=0 A0=F12C0 A1=102D00 A2=534F0 A3=1087FE A4=108100 A5=108000 A6=10B9CA -- 0048C8: lea     $80080.l, A0
D0=F007F D1=4343 D2=34A77168 D3=0 D4=8402E40 D5=80210088 D6=FFFF D7=0 A0=80080 A1=102D00 A2=534F0 A3=1087FE A4=108100 A5=108000 A6=10B9CA -- 0048CE: move.w  ($70,A4), D1
D0=F007F D1=1B D2=34A77168 D3=0 D4=8402E40 D5=80210088 D6=FFFF D7=0 A0=80080 A1=102D00 A2=534F0 A3=1087FE A4=108100 A5=108000 A6=10B9CA -- 0048D2: add.w   D1, D1
D0=F007F D1=36 D2=34A77168 D3=0 D4=8402E40 D5=80210088 D6=FFFF D7=0 A0=80080 A1=102D00 A2=534F0 A3=1087FE A4=108100 A5=108000 A6=10B9CA -- 0048D4: add.w   D1, D1
D0=F007F D1=6C D2=34A77168 D3=0 D4=8402E40 D5=80210088 D6=FFFF D7=0 A0=80080 A1=102D00 A2=534F0 A3=1087FE A4=108100 A5=108000 A6=10B9CA -- 0048D6: movea.l (A0,D1.w), A0
D0=F007F D1=6C D2=34A77168 D3=0 D4=8402E40 D5=80210088 D6=FFFF D7=0 A0=95200 A1=102D00 A2=534F0 A3=1087FE A4=108100 A5=108000 A6=10B9CA -- 0048DA: add.w   D0, D0
D0=F00FE D1=6C D2=34A77168 D3=0 D4=8402E40 D5=80210088 D6=FFFF D7=0 A0=95200 A1=102D00 A2=534F0 A3=1087FE A4=108100 A5=108000 A6=10B9CA -- 0048DC: add.w   D0, D0
D0=F01FC D1=6C D2=34A77168 D3=0 D4=8402E40 D5=80210088 D6=FFFF D7=0 A0=95200 A1=102D00 A2=534F0 A3=1087FE A4=108100 A5=108000 A6=10B9CA -- 0048DE: move.l  (A0,D0.w), ($28,A4)
D0=F01FC D1=6C D2=34A77168 D3=0 D4=8402E40 D5=80210088 D6=FFFF D7=0 A0=95200 A1=102D00 A2=534F0 A3=1087FE A4=108100 A5=108000 A6=10B9CA -- 0048E4: rts
D0=F01FC D1=6C D2=34A77168 D3=0 D4=8402E40 D5=80210088 D6=FFFF D7=0 A0=95200 A1=102D00 A2=534F0 A3=1087FE A4=108100 A5=108000 A6=10B9CA -- 003E7C: bra     $481a
D0=F01FC D1=6C D2=34A77168 D3=0 D4=8402E40 D5=80210088 D6=FFFF D7=0 A0=95200 A1=102D00 A2=534F0 A3=1087FE A4=108100 A5=108000 A6=10B9CA -- 00481A: addq.w  #1, ($e3a,A5)
D0=F01FC D1=6C D2=34A77168 D3=0 D4=8402E40 D5=80210088 D6=FFFF D7=0 A0=95200 A1=102D00 A2=534F0 A3=1087FE A4=108100 A5=108000 A6=10B9CA -- 00481E: lea     ($838,A5), A1
D0=F01FC D1=6C D2=34A77168 D3=0 D4=8402E40 D5=80210088 D6=FFFF D7=0 A0=95200 A1=108838 A2=534F0 A3=1087FE A4=108100 A5=108000 A6=10B9CA -- 004822: move.w  ($2c,A4), D0
D0=F0078 D1=6C D2=34A77168 D3=0 D4=8402E40 D5=80210088 D6=FFFF D7=0 A0=95200 A1=108838 A2=534F0 A3=1087FE A4=108100 A5=108000 A6=10B9CA -- 004826: move.w  D0, D1
D0=F0078 D1=78 D2=34A77168 D3=0 D4=8402E40 D5=80210088 D6=FFFF D7=0 A0=95200 A1=108838 A2=534F0 A3=1087FE A4=108100 A5=108000 A6=10B9CA -- 004828: add.w   D1, D1
D0=F0078 D1=F0 D2=34A77168 D3=0 D4=8402E40 D5=80210088 D6=FFFF D7=0 A0=95200 A1=108838 A2=534F0 A3=1087FE A4=108100 A5=108000 A6=10B9CA -- 00482A: adda.w  D1, A1
D0=F0078 D1=F0 D2=34A77168 D3=0 D4=8402E40 D5=80210088 D6=FFFF D7=0 A0=95200 A1=108928 A2=534F0 A3=1087FE A4=108100 A5=108000 A6=10B9CA -- 00482C: cmp.w   ($e38,A5), D1
D0=F0078 D1=F0 D2=34A77168 D3=0 D4=8402E40 D5=80210088 D6=FFFF D7=0 A0=95200 A1=108928 A2=534F0 A3=1087FE A4=108100 A5=108000 A6=10B9CA -- 004830: bhi     $4836
D0=F0078 D1=F0 D2=34A77168 D3=0 D4=8402E40 D5=80210088 D6=FFFF D7=0 A0=95200 A1=108928 A2=534F0 A3=1087FE A4=108100 A5=108000 A6=10B9CA -- 004832: move.w  D1, ($e38,A5)
D0=F0078 D1=F0 D2=34A77168 D3=0 D4=8402E40 D5=80210088 D6=FFFF D7=0 A0=95200 A1=108928 A2=534F0 A3=1087FE A4=108100 A5=108000 A6=10B9CA -- 004836: move.w  (A1)+, D1
D0=F0078 D1=0 D2=34A77168 D3=0 D4=8402E40 D5=80210088 D6=FFFF D7=0 A0=95200 A1=10892A A2=534F0 A3=1087FE A4=108100 A5=108000 A6=10B9CA -- 004838: beq     $485a
D0=F0078 D1=0 D2=34A77168 D3=0 D4=8402E40 D5=80210088 D6=FFFF D7=0 A0=95200 A1=10892A A2=534F0 A3=1087FE A4=108100 A5=108000 A6=10B9CA -- 00485A: move.w  A4, (-$2,A1)
D0=F0078 D1=0 D2=34A77168 D3=0 D4=8402E40 D5=80210088 D6=FFFF D7=0 A0=95200 A1=10892A A2=534F0 A3=1087FE A4=108100 A5=108000 A6=10B9CA -- 00485E: rts
D0=F0078 D1=0 D2=34A77168 D3=0 D4=8402E40 D5=80210088 D6=FFFF D7=0 A0=95200 A1=10892A A2=534F0 A3=1087FE A4=108100 A5=108000 A6=10B9CA -- 037216: clr.b   ($1,A6)
D0=F0078 D1=0 D2=34A77168 D3=0 D4=8402E40 D5=80210088 D6=FFFF D7=0 A0=95200 A1=10892A A2=534F0 A3=1087FE A4=108100 A5=108000 A6=10B9CA -- 03721A: rts
