D0=F0078 D1=0 D2=34A77168 D3=0 D4=8402E40 D5=80210088 D6=FFFF D7=0 A0=95200 A1=10892A A2=534F0 A3=1087FE A4=108100 A5=108000 A6=10B9CA -- 03721C: movea.l ($7ee,A5), A6
D0=F0078 D1=0 D2=34A77168 D3=0 D4=8402E40 D5=80210088 D6=FFFF D7=0 A0=95200 A1=10892A A2=534F0 A3=1087FE A4=108100 A5=108000 A6=10BA1E -- 037220: btst    #$5, (-$8000,A5)
D0=F0078 D1=0 D2=34A77168 D3=0 D4=8402E40 D5=80210088 D6=FFFF D7=0 A0=95200 A1=10892A A2=534F0 A3=1087FE A4=108100 A5=108000 A6=10BA1E -- 037226: beq     $3722c
D0=F0078 D1=0 D2=34A77168 D3=0 D4=8402E40 D5=80210088 D6=FFFF D7=0 A0=95200 A1=10892A A2=534F0 A3=1087FE A4=108100 A5=108000 A6=10BA1E -- 03722C: lea     ($300,A5), A4
D0=F0078 D1=0 D2=34A77168 D3=0 D4=8402E40 D5=80210088 D6=FFFF D7=0 A0=95200 A1=10892A A2=534F0 A3=1087FE A4=108300 A5=108000 A6=10BA1E -- 037230: movea.l (A4), A0
D0=F0078 D1=0 D2=34A77168 D3=0 D4=8402E40 D5=80210088 D6=FFFF D7=0 A0=3723A A1=10892A A2=534F0 A3=1087FE A4=108300 A5=108000 A6=10BA1E -- 037232: jsr     (A0)
D0=F0078 D1=0 D2=34A77168 D3=0 D4=8402E40 D5=80210088 D6=FFFF D7=0 A0=3723A A1=10892A A2=534F0 A3=1087FE A4=108300 A5=108000 A6=10BA1E -- 03723A: clr.b   ($cf,A4)
D0=F0078 D1=0 D2=34A77168 D3=0 D4=8402E40 D5=80210088 D6=FFFF D7=0 A0=3723A A1=10892A A2=534F0 A3=1087FE A4=108300 A5=108000 A6=10BA1E -- 03723E: bsr     $37870
D0=F0078 D1=0 D2=34A77168 D3=0 D4=8402E40 D5=80210088 D6=FFFF D7=0 A0=3723A A1=10892A A2=534F0 A3=1087FE A4=108300 A5=108000 A6=10BA1E -- 037870: cmpa.l  #$108100, A4
D0=F0078 D1=0 D2=34A77168 D3=0 D4=8402E40 D5=80210088 D6=FFFF D7=0 A0=3723A A1=10892A A2=534F0 A3=1087FE A4=108300 A5=108000 A6=10BA1E -- 037876: bne     $378c4
D0=F0078 D1=0 D2=34A77168 D3=0 D4=8402E40 D5=80210088 D6=FFFF D7=0 A0=3723A A1=10892A A2=534F0 A3=1087FE A4=108300 A5=108000 A6=10BA1E -- 0378C4: moveq   #$0, D0
D0=0 D1=0 D2=34A77168 D3=0 D4=8402E40 D5=80210088 D6=FFFF D7=0 A0=3723A A1=10892A A2=534F0 A3=1087FE A4=108300 A5=108000 A6=10BA1E -- 0378C6: move.b  ($431,A5), D0
D0=6 D1=0 D2=34A77168 D3=0 D4=8402E40 D5=80210088 D6=FFFF D7=0 A0=3723A A1=10892A A2=534F0 A3=1087FE A4=108300 A5=108000 A6=10BA1E -- 0378CA: bsr     $3790e
D0=6 D1=0 D2=34A77168 D3=0 D4=8402E40 D5=80210088 D6=FFFF D7=0 A0=3723A A1=10892A A2=534F0 A3=1087FE A4=108300 A5=108000 A6=10BA1E -- 03790E: add.w   D0, D0
D0=C D1=0 D2=34A77168 D3=0 D4=8402E40 D5=80210088 D6=FFFF D7=0 A0=3723A A1=10892A A2=534F0 A3=1087FE A4=108300 A5=108000 A6=10BA1E -- 037910: add.w   D0, D0
D0=18 D1=0 D2=34A77168 D3=0 D4=8402E40 D5=80210088 D6=FFFF D7=0 A0=3723A A1=10892A A2=534F0 A3=1087FE A4=108300 A5=108000 A6=10BA1E -- 037912: lea     $534dc.l, A2
D0=18 D1=0 D2=34A77168 D3=0 D4=8402E40 D5=80210088 D6=FFFF D7=0 A0=3723A A1=10892A A2=534DC A3=1087FE A4=108300 A5=108000 A6=10BA1E -- 037918: adda.w  D0, A2
D0=18 D1=0 D2=34A77168 D3=0 D4=8402E40 D5=80210088 D6=FFFF D7=0 A0=3723A A1=10892A A2=534F4 A3=1087FE A4=108300 A5=108000 A6=10BA1E -- 03791A: rts
D0=18 D1=0 D2=34A77168 D3=0 D4=8402E40 D5=80210088 D6=FFFF D7=0 A0=3723A A1=10892A A2=534F4 A3=1087FE A4=108300 A5=108000 A6=10BA1E -- 0378CE: lea     ($7fe,A5), A3
D0=18 D1=0 D2=34A77168 D3=0 D4=8402E40 D5=80210088 D6=FFFF D7=0 A0=3723A A1=10892A A2=534F4 A3=1087FE A4=108300 A5=108000 A6=10BA1E -- 0378D2: move.w  #$d8, D5
D0=18 D1=0 D2=34A77168 D3=0 D4=8402E40 D5=802100D8 D6=FFFF D7=0 A0=3723A A1=10892A A2=534F4 A3=1087FE A4=108300 A5=108000 A6=10BA1E -- 0378D6: moveq   #$2, D6
D0=18 D1=0 D2=34A77168 D3=0 D4=8402E40 D5=802100D8 D6=2 D7=0 A0=3723A A1=10892A A2=534F4 A3=1087FE A4=108300 A5=108000 A6=10BA1E -- 0378D8: lea     ($88,PC) ; ($37962), A0
D0=18 D1=0 D2=34A77168 D3=0 D4=8402E40 D5=802100D8 D6=2 D7=0 A0=37962 A1=10892A A2=534F4 A3=1087FE A4=108300 A5=108000 A6=10BA1E -- 0378DC: nop
D0=18 D1=0 D2=34A77168 D3=0 D4=8402E40 D5=802100D8 D6=2 D7=0 A0=37962 A1=10892A A2=534F4 A3=1087FE A4=108300 A5=108000 A6=10BA1E -- 0378DE: move.w  #$3500, D0
D0=3500 D1=0 D2=34A77168 D3=0 D4=8402E40 D5=802100D8 D6=2 D7=0 A0=37962 A1=10892A A2=534F4 A3=1087FE A4=108300 A5=108000 A6=10BA1E -- 0378E2: jsr     $260e.w
D0=3500 D1=0 D2=34A77168 D3=0 D4=8402E40 D5=802100D8 D6=2 D7=0 A0=37962 A1=10892A A2=534F4 A3=1087FE A4=108300 A5=108000 A6=10BA1E -- 00260E: move.w  ($580,A5), D7
D0=3500 D1=0 D2=34A77168 D3=0 D4=8402E40 D5=802100D8 D6=2 D7=50 A0=37962 A1=10892A A2=534F4 A3=1087FE A4=108300 A5=108000 A6=10BA1E -- 002612: bmi     $2670
D0=3500 D1=0 D2=34A77168 D3=0 D4=8402E40 D5=802100D8 D6=2 D7=50 A0=37962 A1=10892A A2=534F4 A3=1087FE A4=108300 A5=108000 A6=10BA1E -- 002616: subq.w  #2, ($580,A5)
D0=3500 D1=0 D2=34A77168 D3=0 D4=8402E40 D5=802100D8 D6=2 D7=50 A0=37962 A1=10892A A2=534F4 A3=1087FE A4=108300 A5=108000 A6=10BA1E -- 00261A: lea     ($500,A5), A1
D0=3500 D1=0 D2=34A77168 D3=0 D4=8402E40 D5=802100D8 D6=2 D7=50 A0=37962 A1=108500 A2=534F4 A3=1087FE A4=108300 A5=108000 A6=10BA1E -- 00261E: movea.w (A1,D7.w), A1
D0=3500 D1=0 D2=34A77168 D3=0 D4=8402E40 D5=802100D8 D6=2 D7=50 A0=37962 A1=2F00 A2=534F4 A3=1087FE A4=108300 A5=108000 A6=10BA1E -- 002622: adda.l  #$100000, A1
D0=3500 D1=0 D2=34A77168 D3=0 D4=8402E40 D5=802100D8 D6=2 D7=50 A0=37962 A1=102F00 A2=534F4 A3=1087FE A4=108300 A5=108000 A6=10BA1E -- 002628: move.l  A0, (A1)
D0=3500 D1=0 D2=34A77168 D3=0 D4=8402E40 D5=802100D8 D6=2 D7=50 A0=37962 A1=102F00 A2=534F4 A3=1087FE A4=108300 A5=108000 A6=10BA1E -- 00262A: move.w  D0, ($8,A1)
D0=3500 D1=0 D2=34A77168 D3=0 D4=8402E40 D5=802100D8 D6=2 D7=50 A0=37962 A1=102F00 A2=534F4 A3=1087FE A4=108300 A5=108000 A6=10BA1E -- 00262E: lea     (-$7f00,A5), A0
D0=3500 D1=0 D2=34A77168 D3=0 D4=8402E40 D5=802100D8 D6=2 D7=50 A0=100100 A1=102F00 A2=534F4 A3=1087FE A4=108300 A5=108000 A6=10BA1E -- 002632: move.l  A0, D7
D0=3500 D1=0 D2=34A77168 D3=0 D4=8402E40 D5=802100D8 D6=2 D7=100100 A0=100100 A1=102F00 A2=534F4 A3=1087FE A4=108300 A5=108000 A6=10BA1E -- 002634: move.w  ($4,A0), D7
D0=3500 D1=0 D2=34A77168 D3=0 D4=8402E40 D5=802100D8 D6=2 D7=100500 A0=100100 A1=102F00 A2=534F4 A3=1087FE A4=108300 A5=108000 A6=10BA1E -- 002638: movea.l D7, A0
D0=3500 D1=0 D2=34A77168 D3=0 D4=8402E40 D5=802100D8 D6=2 D7=100500 A0=100500 A1=102F00 A2=534F4 A3=1087FE A4=108300 A5=108000 A6=10BA1E -- 00263A: cmp.w   ($8,A0), D0
D0=3500 D1=0 D2=34A77168 D3=0 D4=8402E40 D5=802100D8 D6=2 D7=100500 A0=100500 A1=102F00 A2=534F4 A3=1087FE A4=108300 A5=108000 A6=10BA1E -- 00263E: bcc     $2634
D0=3500 D1=0 D2=34A77168 D3=0 D4=8402E40 D5=802100D8 D6=2 D7=100500 A0=100500 A1=102F00 A2=534F4 A3=1087FE A4=108300 A5=108000 A6=10BA1E -- 002634: move.w  ($4,A0), D7
D0=3500 D1=0 D2=34A77168 D3=0 D4=8402E40 D5=802100D8 D6=2 D7=100700 A0=100500 A1=102F00 A2=534F4 A3=1087FE A4=108300 A5=108000 A6=10BA1E -- 002638: movea.l D7, A0
D0=3500 D1=0 D2=34A77168 D3=0 D4=8402E40 D5=802100D8 D6=2 D7=100700 A0=100700 A1=102F00 A2=534F4 A3=1087FE A4=108300 A5=108000 A6=10BA1E -- 00263A: cmp.w   ($8,A0), D0
D0=3500 D1=0 D2=34A77168 D3=0 D4=8402E40 D5=802100D8 D6=2 D7=100700 A0=100700 A1=102F00 A2=534F4 A3=1087FE A4=108300 A5=108000 A6=10BA1E -- 00263E: bcc     $2634
D0=3500 D1=0 D2=34A77168 D3=0 D4=8402E40 D5=802100D8 D6=2 D7=100700 A0=100700 A1=102F00 A2=534F4 A3=1087FE A4=108300 A5=108000 A6=10BA1E -- 002634: move.w  ($4,A0), D7
D0=3500 D1=0 D2=34A77168 D3=0 D4=8402E40 D5=802100D8 D6=2 D7=100900 A0=100700 A1=102F00 A2=534F4 A3=1087FE A4=108300 A5=108000 A6=10BA1E -- 002638: movea.l D7, A0
D0=3500 D1=0 D2=34A77168 D3=0 D4=8402E40 D5=802100D8 D6=2 D7=100900 A0=100900 A1=102F00 A2=534F4 A3=1087FE A4=108300 A5=108000 A6=10BA1E -- 00263A: cmp.w   ($8,A0), D0
D0=3500 D1=0 D2=34A77168 D3=0 D4=8402E40 D5=802100D8 D6=2 D7=100900 A0=100900 A1=102F00 A2=534F4 A3=1087FE A4=108300 A5=108000 A6=10BA1E -- 00263E: bcc     $2634
D0=3500 D1=0 D2=34A77168 D3=0 D4=8402E40 D5=802100D8 D6=2 D7=100900 A0=100900 A1=102F00 A2=534F4 A3=1087FE A4=108300 A5=108000 A6=10BA1E -- 002634: move.w  ($4,A0), D7
D0=3500 D1=0 D2=34A77168 D3=0 D4=8402E40 D5=802100D8 D6=2 D7=100B00 A0=100900 A1=102F00 A2=534F4 A3=1087FE A4=108300 A5=108000 A6=10BA1E -- 002638: movea.l D7, A0
D0=3500 D1=0 D2=34A77168 D3=0 D4=8402E40 D5=802100D8 D6=2 D7=100B00 A0=100B00 A1=102F00 A2=534F4 A3=1087FE A4=108300 A5=108000 A6=10BA1E -- 00263A: cmp.w   ($8,A0), D0
D0=3500 D1=0 D2=34A77168 D3=0 D4=8402E40 D5=802100D8 D6=2 D7=100B00 A0=100B00 A1=102F00 A2=534F4 A3=1087FE A4=108300 A5=108000 A6=10BA1E -- 00263E: bcc     $2634
D0=3500 D1=0 D2=34A77168 D3=0 D4=8402E40 D5=802100D8 D6=2 D7=100B00 A0=100B00 A1=102F00 A2=534F4 A3=1087FE A4=108300 A5=108000 A6=10BA1E -- 002634: move.w  ($4,A0), D7
D0=3500 D1=0 D2=34A77168 D3=0 D4=8402E40 D5=802100D8 D6=2 D7=100D00 A0=100B00 A1=102F00 A2=534F4 A3=1087FE A4=108300 A5=108000 A6=10BA1E -- 002638: movea.l D7, A0
D0=3500 D1=0 D2=34A77168 D3=0 D4=8402E40 D5=802100D8 D6=2 D7=100D00 A0=100D00 A1=102F00 A2=534F4 A3=1087FE A4=108300 A5=108000 A6=10BA1E -- 00263A: cmp.w   ($8,A0), D0
D0=3500 D1=0 D2=34A77168 D3=0 D4=8402E40 D5=802100D8 D6=2 D7=100D00 A0=100D00 A1=102F00 A2=534F4 A3=1087FE A4=108300 A5=108000 A6=10BA1E -- 00263E: bcc     $2634
D0=3500 D1=0 D2=34A77168 D3=0 D4=8402E40 D5=802100D8 D6=2 D7=100D00 A0=100D00 A1=102F00 A2=534F4 A3=1087FE A4=108300 A5=108000 A6=10BA1E -- 002634: move.w  ($4,A0), D7
D0=3500 D1=0 D2=34A77168 D3=0 D4=8402E40 D5=802100D8 D6=2 D7=100F00 A0=100D00 A1=102F00 A2=534F4 A3=1087FE A4=108300 A5=108000 A6=10BA1E -- 002638: movea.l D7, A0
D0=3500 D1=0 D2=34A77168 D3=0 D4=8402E40 D5=802100D8 D6=2 D7=100F00 A0=100F00 A1=102F00 A2=534F4 A3=1087FE A4=108300 A5=108000 A6=10BA1E -- 00263A: cmp.w   ($8,A0), D0
D0=3500 D1=0 D2=34A77168 D3=0 D4=8402E40 D5=802100D8 D6=2 D7=100F00 A0=100F00 A1=102F00 A2=534F4 A3=1087FE A4=108300 A5=108000 A6=10BA1E -- 00263E: bcc     $2634
D0=3500 D1=0 D2=34A77168 D3=0 D4=8402E40 D5=802100D8 D6=2 D7=100F00 A0=100F00 A1=102F00 A2=534F4 A3=1087FE A4=108300 A5=108000 A6=10BA1E -- 002634: move.w  ($4,A0), D7
D0=3500 D1=0 D2=34A77168 D3=0 D4=8402E40 D5=802100D8 D6=2 D7=101100 A0=100F00 A1=102F00 A2=534F4 A3=1087FE A4=108300 A5=108000 A6=10BA1E -- 002638: movea.l D7, A0
D0=3500 D1=0 D2=34A77168 D3=0 D4=8402E40 D5=802100D8 D6=2 D7=101100 A0=101100 A1=102F00 A2=534F4 A3=1087FE A4=108300 A5=108000 A6=10BA1E -- 00263A: cmp.w   ($8,A0), D0
D0=3500 D1=0 D2=34A77168 D3=0 D4=8402E40 D5=802100D8 D6=2 D7=101100 A0=101100 A1=102F00 A2=534F4 A3=1087FE A4=108300 A5=108000 A6=10BA1E -- 00263E: bcc     $2634
D0=3500 D1=0 D2=34A77168 D3=0 D4=8402E40 D5=802100D8 D6=2 D7=101100 A0=101100 A1=102F00 A2=534F4 A3=1087FE A4=108300 A5=108000 A6=10BA1E -- 002634: move.w  ($4,A0), D7
D0=3500 D1=0 D2=34A77168 D3=0 D4=8402E40 D5=802100D8 D6=2 D7=101300 A0=101100 A1=102F00 A2=534F4 A3=1087FE A4=108300 A5=108000 A6=10BA1E -- 002638: movea.l D7, A0
D0=3500 D1=0 D2=34A77168 D3=0 D4=8402E40 D5=802100D8 D6=2 D7=101300 A0=101300 A1=102F00 A2=534F4 A3=1087FE A4=108300 A5=108000 A6=10BA1E -- 00263A: cmp.w   ($8,A0), D0
D0=3500 D1=0 D2=34A77168 D3=0 D4=8402E40 D5=802100D8 D6=2 D7=101300 A0=101300 A1=102F00 A2=534F4 A3=1087FE A4=108300 A5=108000 A6=10BA1E -- 00263E: bcc     $2634
D0=3500 D1=0 D2=34A77168 D3=0 D4=8402E40 D5=802100D8 D6=2 D7=101300 A0=101300 A1=102F00 A2=534F4 A3=1087FE A4=108300 A5=108000 A6=10BA1E -- 002634: move.w  ($4,A0), D7
D0=3500 D1=0 D2=34A77168 D3=0 D4=8402E40 D5=802100D8 D6=2 D7=101500 A0=101300 A1=102F00 A2=534F4 A3=1087FE A4=108300 A5=108000 A6=10BA1E -- 002638: movea.l D7, A0
D0=3500 D1=0 D2=34A77168 D3=0 D4=8402E40 D5=802100D8 D6=2 D7=101500 A0=101500 A1=102F00 A2=534F4 A3=1087FE A4=108300 A5=108000 A6=10BA1E -- 00263A: cmp.w   ($8,A0), D0
D0=3500 D1=0 D2=34A77168 D3=0 D4=8402E40 D5=802100D8 D6=2 D7=101500 A0=101500 A1=102F00 A2=534F4 A3=1087FE A4=108300 A5=108000 A6=10BA1E -- 00263E: bcc     $2634
D0=3500 D1=0 D2=34A77168 D3=0 D4=8402E40 D5=802100D8 D6=2 D7=101500 A0=101500 A1=102F00 A2=534F4 A3=1087FE A4=108300 A5=108000 A6=10BA1E -- 002634: move.w  ($4,A0), D7
D0=3500 D1=0 D2=34A77168 D3=0 D4=8402E40 D5=802100D8 D6=2 D7=101700 A0=101500 A1=102F00 A2=534F4 A3=1087FE A4=108300 A5=108000 A6=10BA1E -- 002638: movea.l D7, A0
D0=3500 D1=0 D2=34A77168 D3=0 D4=8402E40 D5=802100D8 D6=2 D7=101700 A0=101700 A1=102F00 A2=534F4 A3=1087FE A4=108300 A5=108000 A6=10BA1E -- 00263A: cmp.w   ($8,A0), D0
D0=3500 D1=0 D2=34A77168 D3=0 D4=8402E40 D5=802100D8 D6=2 D7=101700 A0=101700 A1=102F00 A2=534F4 A3=1087FE A4=108300 A5=108000 A6=10BA1E -- 00263E: bcc     $2634
D0=3500 D1=0 D2=34A77168 D3=0 D4=8402E40 D5=802100D8 D6=2 D7=101700 A0=101700 A1=102F00 A2=534F4 A3=1087FE A4=108300 A5=108000 A6=10BA1E -- 002634: move.w  ($4,A0), D7
D0=3500 D1=0 D2=34A77168 D3=0 D4=8402E40 D5=802100D8 D6=2 D7=101900 A0=101700 A1=102F00 A2=534F4 A3=1087FE A4=108300 A5=108000 A6=10BA1E -- 002638: movea.l D7, A0
D0=3500 D1=0 D2=34A77168 D3=0 D4=8402E40 D5=802100D8 D6=2 D7=101900 A0=101900 A1=102F00 A2=534F4 A3=1087FE A4=108300 A5=108000 A6=10BA1E -- 00263A: cmp.w   ($8,A0), D0
D0=3500 D1=0 D2=34A77168 D3=0 D4=8402E40 D5=802100D8 D6=2 D7=101900 A0=101900 A1=102F00 A2=534F4 A3=1087FE A4=108300 A5=108000 A6=10BA1E -- 00263E: bcc     $2634
D0=3500 D1=0 D2=34A77168 D3=0 D4=8402E40 D5=802100D8 D6=2 D7=101900 A0=101900 A1=102F00 A2=534F4 A3=1087FE A4=108300 A5=108000 A6=10BA1E -- 002634: move.w  ($4,A0), D7
D0=3500 D1=0 D2=34A77168 D3=0 D4=8402E40 D5=802100D8 D6=2 D7=101B00 A0=101900 A1=102F00 A2=534F4 A3=1087FE A4=108300 A5=108000 A6=10BA1E -- 002638: movea.l D7, A0
D0=3500 D1=0 D2=34A77168 D3=0 D4=8402E40 D5=802100D8 D6=2 D7=101B00 A0=101B00 A1=102F00 A2=534F4 A3=1087FE A4=108300 A5=108000 A6=10BA1E -- 00263A: cmp.w   ($8,A0), D0
D0=3500 D1=0 D2=34A77168 D3=0 D4=8402E40 D5=802100D8 D6=2 D7=101B00 A0=101B00 A1=102F00 A2=534F4 A3=1087FE A4=108300 A5=108000 A6=10BA1E -- 00263E: bcc     $2634
D0=3500 D1=0 D2=34A77168 D3=0 D4=8402E40 D5=802100D8 D6=2 D7=101B00 A0=101B00 A1=102F00 A2=534F4 A3=1087FE A4=108300 A5=108000 A6=10BA1E -- 002634: move.w  ($4,A0), D7
D0=3500 D1=0 D2=34A77168 D3=0 D4=8402E40 D5=802100D8 D6=2 D7=101D00 A0=101B00 A1=102F00 A2=534F4 A3=1087FE A4=108300 A5=108000 A6=10BA1E -- 002638: movea.l D7, A0
D0=3500 D1=0 D2=34A77168 D3=0 D4=8402E40 D5=802100D8 D6=2 D7=101D00 A0=101D00 A1=102F00 A2=534F4 A3=1087FE A4=108300 A5=108000 A6=10BA1E -- 00263A: cmp.w   ($8,A0), D0
D0=3500 D1=0 D2=34A77168 D3=0 D4=8402E40 D5=802100D8 D6=2 D7=101D00 A0=101D00 A1=102F00 A2=534F4 A3=1087FE A4=108300 A5=108000 A6=10BA1E -- 00263E: bcc     $2634
D0=3500 D1=0 D2=34A77168 D3=0 D4=8402E40 D5=802100D8 D6=2 D7=101D00 A0=101D00 A1=102F00 A2=534F4 A3=1087FE A4=108300 A5=108000 A6=10BA1E -- 002634: move.w  ($4,A0), D7
D0=3500 D1=0 D2=34A77168 D3=0 D4=8402E40 D5=802100D8 D6=2 D7=101F00 A0=101D00 A1=102F00 A2=534F4 A3=1087FE A4=108300 A5=108000 A6=10BA1E -- 002638: movea.l D7, A0
D0=3500 D1=0 D2=34A77168 D3=0 D4=8402E40 D5=802100D8 D6=2 D7=101F00 A0=101F00 A1=102F00 A2=534F4 A3=1087FE A4=108300 A5=108000 A6=10BA1E -- 00263A: cmp.w   ($8,A0), D0
D0=3500 D1=0 D2=34A77168 D3=0 D4=8402E40 D5=802100D8 D6=2 D7=101F00 A0=101F00 A1=102F00 A2=534F4 A3=1087FE A4=108300 A5=108000 A6=10BA1E -- 00263E: bcc     $2634
D0=3500 D1=0 D2=34A77168 D3=0 D4=8402E40 D5=802100D8 D6=2 D7=101F00 A0=101F00 A1=102F00 A2=534F4 A3=1087FE A4=108300 A5=108000 A6=10BA1E -- 002634: move.w  ($4,A0), D7
D0=3500 D1=0 D2=34A77168 D3=0 D4=8402E40 D5=802100D8 D6=2 D7=102100 A0=101F00 A1=102F00 A2=534F4 A3=1087FE A4=108300 A5=108000 A6=10BA1E -- 002638: movea.l D7, A0
D0=3500 D1=0 D2=34A77168 D3=0 D4=8402E40 D5=802100D8 D6=2 D7=102100 A0=102100 A1=102F00 A2=534F4 A3=1087FE A4=108300 A5=108000 A6=10BA1E -- 00263A: cmp.w   ($8,A0), D0
D0=3500 D1=0 D2=34A77168 D3=0 D4=8402E40 D5=802100D8 D6=2 D7=102100 A0=102100 A1=102F00 A2=534F4 A3=1087FE A4=108300 A5=108000 A6=10BA1E -- 00263E: bcc     $2634
D0=3500 D1=0 D2=34A77168 D3=0 D4=8402E40 D5=802100D8 D6=2 D7=102100 A0=102100 A1=102F00 A2=534F4 A3=1087FE A4=108300 A5=108000 A6=10BA1E -- 002634: move.w  ($4,A0), D7
D0=3500 D1=0 D2=34A77168 D3=0 D4=8402E40 D5=802100D8 D6=2 D7=102300 A0=102100 A1=102F00 A2=534F4 A3=1087FE A4=108300 A5=108000 A6=10BA1E -- 002638: movea.l D7, A0
D0=3500 D1=0 D2=34A77168 D3=0 D4=8402E40 D5=802100D8 D6=2 D7=102300 A0=102300 A1=102F00 A2=534F4 A3=1087FE A4=108300 A5=108000 A6=10BA1E -- 00263A: cmp.w   ($8,A0), D0
D0=3500 D1=0 D2=34A77168 D3=0 D4=8402E40 D5=802100D8 D6=2 D7=102300 A0=102300 A1=102F00 A2=534F4 A3=1087FE A4=108300 A5=108000 A6=10BA1E -- 00263E: bcc     $2634
D0=3500 D1=0 D2=34A77168 D3=0 D4=8402E40 D5=802100D8 D6=2 D7=102300 A0=102300 A1=102F00 A2=534F4 A3=1087FE A4=108300 A5=108000 A6=10BA1E -- 002634: move.w  ($4,A0), D7
D0=3500 D1=0 D2=34A77168 D3=0 D4=8402E40 D5=802100D8 D6=2 D7=102500 A0=102300 A1=102F00 A2=534F4 A3=1087FE A4=108300 A5=108000 A6=10BA1E -- 002638: movea.l D7, A0
D0=3500 D1=0 D2=34A77168 D3=0 D4=8402E40 D5=802100D8 D6=2 D7=102500 A0=102500 A1=102F00 A2=534F4 A3=1087FE A4=108300 A5=108000 A6=10BA1E -- 00263A: cmp.w   ($8,A0), D0
D0=3500 D1=0 D2=34A77168 D3=0 D4=8402E40 D5=802100D8 D6=2 D7=102500 A0=102500 A1=102F00 A2=534F4 A3=1087FE A4=108300 A5=108000 A6=10BA1E -- 00263E: bcc     $2634
D0=3500 D1=0 D2=34A77168 D3=0 D4=8402E40 D5=802100D8 D6=2 D7=102500 A0=102500 A1=102F00 A2=534F4 A3=1087FE A4=108300 A5=108000 A6=10BA1E -- 002634: move.w  ($4,A0), D7
D0=3500 D1=0 D2=34A77168 D3=0 D4=8402E40 D5=802100D8 D6=2 D7=102700 A0=102500 A1=102F00 A2=534F4 A3=1087FE A4=108300 A5=108000 A6=10BA1E -- 002638: movea.l D7, A0
D0=3500 D1=0 D2=34A77168 D3=0 D4=8402E40 D5=802100D8 D6=2 D7=102700 A0=102700 A1=102F00 A2=534F4 A3=1087FE A4=108300 A5=108000 A6=10BA1E -- 00263A: cmp.w   ($8,A0), D0
D0=3500 D1=0 D2=34A77168 D3=0 D4=8402E40 D5=802100D8 D6=2 D7=102700 A0=102700 A1=102F00 A2=534F4 A3=1087FE A4=108300 A5=108000 A6=10BA1E -- 00263E: bcc     $2634
D0=3500 D1=0 D2=34A77168 D3=0 D4=8402E40 D5=802100D8 D6=2 D7=102700 A0=102700 A1=102F00 A2=534F4 A3=1087FE A4=108300 A5=108000 A6=10BA1E -- 002634: move.w  ($4,A0), D7
D0=3500 D1=0 D2=34A77168 D3=0 D4=8402E40 D5=802100D8 D6=2 D7=102900 A0=102700 A1=102F00 A2=534F4 A3=1087FE A4=108300 A5=108000 A6=10BA1E -- 002638: movea.l D7, A0
D0=3500 D1=0 D2=34A77168 D3=0 D4=8402E40 D5=802100D8 D6=2 D7=102900 A0=102900 A1=102F00 A2=534F4 A3=1087FE A4=108300 A5=108000 A6=10BA1E -- 00263A: cmp.w   ($8,A0), D0
D0=3500 D1=0 D2=34A77168 D3=0 D4=8402E40 D5=802100D8 D6=2 D7=102900 A0=102900 A1=102F00 A2=534F4 A3=1087FE A4=108300 A5=108000 A6=10BA1E -- 00263E: bcc     $2634
D0=3500 D1=0 D2=34A77168 D3=0 D4=8402E40 D5=802100D8 D6=2 D7=102900 A0=102900 A1=102F00 A2=534F4 A3=1087FE A4=108300 A5=108000 A6=10BA1E -- 002634: move.w  ($4,A0), D7
D0=3500 D1=0 D2=34A77168 D3=0 D4=8402E40 D5=802100D8 D6=2 D7=102B00 A0=102900 A1=102F00 A2=534F4 A3=1087FE A4=108300 A5=108000 A6=10BA1E -- 002638: movea.l D7, A0
D0=3500 D1=0 D2=34A77168 D3=0 D4=8402E40 D5=802100D8 D6=2 D7=102B00 A0=102B00 A1=102F00 A2=534F4 A3=1087FE A4=108300 A5=108000 A6=10BA1E -- 00263A: cmp.w   ($8,A0), D0
D0=3500 D1=0 D2=34A77168 D3=0 D4=8402E40 D5=802100D8 D6=2 D7=102B00 A0=102B00 A1=102F00 A2=534F4 A3=1087FE A4=108300 A5=108000 A6=10BA1E -- 00263E: bcc     $2634
D0=3500 D1=0 D2=34A77168 D3=0 D4=8402E40 D5=802100D8 D6=2 D7=102B00 A0=102B00 A1=102F00 A2=534F4 A3=1087FE A4=108300 A5=108000 A6=10BA1E -- 002634: move.w  ($4,A0), D7
D0=3500 D1=0 D2=34A77168 D3=0 D4=8402E40 D5=802100D8 D6=2 D7=102D00 A0=102B00 A1=102F00 A2=534F4 A3=1087FE A4=108300 A5=108000 A6=10BA1E -- 002638: movea.l D7, A0
D0=3500 D1=0 D2=34A77168 D3=0 D4=8402E40 D5=802100D8 D6=2 D7=102D00 A0=102D00 A1=102F00 A2=534F4 A3=1087FE A4=108300 A5=108000 A6=10BA1E -- 00263A: cmp.w   ($8,A0), D0
D0=3500 D1=0 D2=34A77168 D3=0 D4=8402E40 D5=802100D8 D6=2 D7=102D00 A0=102D00 A1=102F00 A2=534F4 A3=1087FE A4=108300 A5=108000 A6=10BA1E -- 00263E: bcc     $2634
D0=3500 D1=0 D2=34A77168 D3=0 D4=8402E40 D5=802100D8 D6=2 D7=102D00 A0=102D00 A1=102F00 A2=534F4 A3=1087FE A4=108300 A5=108000 A6=10BA1E -- 002634: move.w  ($4,A0), D7
D0=3500 D1=0 D2=34A77168 D3=0 D4=8402E40 D5=802100D8 D6=2 D7=100300 A0=102D00 A1=102F00 A2=534F4 A3=1087FE A4=108300 A5=108000 A6=10BA1E -- 002638: movea.l D7, A0
D0=3500 D1=0 D2=34A77168 D3=0 D4=8402E40 D5=802100D8 D6=2 D7=100300 A0=100300 A1=102F00 A2=534F4 A3=1087FE A4=108300 A5=108000 A6=10BA1E -- 00263A: cmp.w   ($8,A0), D0
D0=3500 D1=0 D2=34A77168 D3=0 D4=8402E40 D5=802100D8 D6=2 D7=100300 A0=100300 A1=102F00 A2=534F4 A3=1087FE A4=108300 A5=108000 A6=10BA1E -- 00263E: bcc     $2634
D0=3500 D1=0 D2=34A77168 D3=0 D4=8402E40 D5=802100D8 D6=2 D7=100300 A0=100300 A1=102F00 A2=534F4 A3=1087FE A4=108300 A5=108000 A6=10BA1E -- 002640: move.w  A0, ($4,A1)
D0=3500 D1=0 D2=34A77168 D3=0 D4=8402E40 D5=802100D8 D6=2 D7=100300 A0=100300 A1=102F00 A2=534F4 A3=1087FE A4=108300 A5=108000 A6=10BA1E -- 002644: move.w  ($6,A0), ($6,A1)
D0=3500 D1=0 D2=34A77168 D3=0 D4=8402E40 D5=802100D8 D6=2 D7=100300 A0=100300 A1=102F00 A2=534F4 A3=1087FE A4=108300 A5=108000 A6=10BA1E -- 00264A: move.w  ($6,A0), D7
D0=3500 D1=0 D2=34A77168 D3=0 D4=8402E40 D5=802100D8 D6=2 D7=102D00 A0=100300 A1=102F00 A2=534F4 A3=1087FE A4=108300 A5=108000 A6=10BA1E -- 00264E: move.w  A1, ($6,A0)
D0=3500 D1=0 D2=34A77168 D3=0 D4=8402E40 D5=802100D8 D6=2 D7=102D00 A0=100300 A1=102F00 A2=534F4 A3=1087FE A4=108300 A5=108000 A6=10BA1E -- 002652: movea.l D7, A0
D0=3500 D1=0 D2=34A77168 D3=0 D4=8402E40 D5=802100D8 D6=2 D7=102D00 A0=102D00 A1=102F00 A2=534F4 A3=1087FE A4=108300 A5=108000 A6=10BA1E -- 002654: move.w  A1, ($4,A0)
D0=3500 D1=0 D2=34A77168 D3=0 D4=8402E40 D5=802100D8 D6=2 D7=102D00 A0=102D00 A1=102F00 A2=534F4 A3=1087FE A4=108300 A5=108000 A6=10BA1E -- 002658: lea     ($10,A1), A0
D0=3500 D1=0 D2=34A77168 D3=0 D4=8402E40 D5=802100D8 D6=2 D7=102D00 A0=102F10 A1=102F00 A2=534F4 A3=1087FE A4=108300 A5=108000 A6=10BA1E -- 00265C: move.w  #$1e, D0
D0=1E D1=0 D2=34A77168 D3=0 D4=8402E40 D5=802100D8 D6=2 D7=102D00 A0=102F10 A1=102F00 A2=534F4 A3=1087FE A4=108300 A5=108000 A6=10BA1E -- 002660: moveq   #$0, D7
D0=1E D1=0 D2=34A77168 D3=0 D4=8402E40 D5=802100D8 D6=2 D7=0 A0=102F10 A1=102F00 A2=534F4 A3=1087FE A4=108300 A5=108000 A6=10BA1E -- 002662: move.l  D7, (A0)+
D0=1E D1=0 D2=34A77168 D3=0 D4=8402E40 D5=802100D8 D6=2 D7=0 A0=102F14 A1=102F00 A2=534F4 A3=1087FE A4=108300 A5=108000 A6=10BA1E -- 002664: move.l  D7, (A0)+
D0=1E D1=0 D2=34A77168 D3=0 D4=8402E40 D5=802100D8 D6=2 D7=0 A0=102F18 A1=102F00 A2=534F4 A3=1087FE A4=108300 A5=108000 A6=10BA1E -- 002666: move.l  D7, (A0)+
D0=1E D1=0 D2=34A77168 D3=0 D4=8402E40 D5=802100D8 D6=2 D7=0 A0=102F1C A1=102F00 A2=534F4 A3=1087FE A4=108300 A5=108000 A6=10BA1E -- 002668: move.l  D7, (A0)+
D0=1E D1=0 D2=34A77168 D3=0 D4=8402E40 D5=802100D8 D6=2 D7=0 A0=102F20 A1=102F00 A2=534F4 A3=1087FE A4=108300 A5=108000 A6=10BA1E -- 00266A: dbra    D0, $2662
D0=1D D1=0 D2=34A77168 D3=0 D4=8402E40 D5=802100D8 D6=2 D7=0 A0=102F20 A1=102F00 A2=534F4 A3=1087FE A4=108300 A5=108000 A6=10BA1E -- 002662: move.l  D7, (A0)+
D0=1D D1=0 D2=34A77168 D3=0 D4=8402E40 D5=802100D8 D6=2 D7=0 A0=102F24 A1=102F00 A2=534F4 A3=1087FE A4=108300 A5=108000 A6=10BA1E -- 002664: move.l  D7, (A0)+
D0=1D D1=0 D2=34A77168 D3=0 D4=8402E40 D5=802100D8 D6=2 D7=0 A0=102F28 A1=102F00 A2=534F4 A3=1087FE A4=108300 A5=108000 A6=10BA1E -- 002666: move.l  D7, (A0)+
D0=1D D1=0 D2=34A77168 D3=0 D4=8402E40 D5=802100D8 D6=2 D7=0 A0=102F2C A1=102F00 A2=534F4 A3=1087FE A4=108300 A5=108000 A6=10BA1E -- 002668: move.l  D7, (A0)+
D0=1D D1=0 D2=34A77168 D3=0 D4=8402E40 D5=802100D8 D6=2 D7=0 A0=102F30 A1=102F00 A2=534F4 A3=1087FE A4=108300 A5=108000 A6=10BA1E -- 00266A: dbra    D0, $2662
D0=1C D1=0 D2=34A77168 D3=0 D4=8402E40 D5=802100D8 D6=2 D7=0 A0=102F30 A1=102F00 A2=534F4 A3=1087FE A4=108300 A5=108000 A6=10BA1E -- 002662: move.l  D7, (A0)+
D0=1C D1=0 D2=34A77168 D3=0 D4=8402E40 D5=802100D8 D6=2 D7=0 A0=102F34 A1=102F00 A2=534F4 A3=1087FE A4=108300 A5=108000 A6=10BA1E -- 002664: move.l  D7, (A0)+
D0=1C D1=0 D2=34A77168 D3=0 D4=8402E40 D5=802100D8 D6=2 D7=0 A0=102F38 A1=102F00 A2=534F4 A3=1087FE A4=108300 A5=108000 A6=10BA1E -- 002666: move.l  D7, (A0)+
D0=1C D1=0 D2=34A77168 D3=0 D4=8402E40 D5=802100D8 D6=2 D7=0 A0=102F3C A1=102F00 A2=534F4 A3=1087FE A4=108300 A5=108000 A6=10BA1E -- 002668: move.l  D7, (A0)+
D0=1C D1=0 D2=34A77168 D3=0 D4=8402E40 D5=802100D8 D6=2 D7=0 A0=102F40 A1=102F00 A2=534F4 A3=1087FE A4=108300 A5=108000 A6=10BA1E -- 00266A: dbra    D0, $2662
D0=1B D1=0 D2=34A77168 D3=0 D4=8402E40 D5=802100D8 D6=2 D7=0 A0=102F40 A1=102F00 A2=534F4 A3=1087FE A4=108300 A5=108000 A6=10BA1E -- 002662: move.l  D7, (A0)+
D0=1B D1=0 D2=34A77168 D3=0 D4=8402E40 D5=802100D8 D6=2 D7=0 A0=102F44 A1=102F00 A2=534F4 A3=1087FE A4=108300 A5=108000 A6=10BA1E -- 002664: move.l  D7, (A0)+
D0=1B D1=0 D2=34A77168 D3=0 D4=8402E40 D5=802100D8 D6=2 D7=0 A0=102F48 A1=102F00 A2=534F4 A3=1087FE A4=108300 A5=108000 A6=10BA1E -- 002666: move.l  D7, (A0)+
D0=1B D1=0 D2=34A77168 D3=0 D4=8402E40 D5=802100D8 D6=2 D7=0 A0=102F4C A1=102F00 A2=534F4 A3=1087FE A4=108300 A5=108000 A6=10BA1E -- 002668: move.l  D7, (A0)+
D0=1B D1=0 D2=34A77168 D3=0 D4=8402E40 D5=802100D8 D6=2 D7=0 A0=102F50 A1=102F00 A2=534F4 A3=1087FE A4=108300 A5=108000 A6=10BA1E -- 00266A: dbra    D0, $2662
D0=1A D1=0 D2=34A77168 D3=0 D4=8402E40 D5=802100D8 D6=2 D7=0 A0=102F50 A1=102F00 A2=534F4 A3=1087FE A4=108300 A5=108000 A6=10BA1E -- 002662: move.l  D7, (A0)+
D0=1A D1=0 D2=34A77168 D3=0 D4=8402E40 D5=802100D8 D6=2 D7=0 A0=102F54 A1=102F00 A2=534F4 A3=1087FE A4=108300 A5=108000 A6=10BA1E -- 002664: move.l  D7, (A0)+
D0=1A D1=0 D2=34A77168 D3=0 D4=8402E40 D5=802100D8 D6=2 D7=0 A0=102F58 A1=102F00 A2=534F4 A3=1087FE A4=108300 A5=108000 A6=10BA1E -- 002666: move.l  D7, (A0)+
D0=1A D1=0 D2=34A77168 D3=0 D4=8402E40 D5=802100D8 D6=2 D7=0 A0=102F5C A1=102F00 A2=534F4 A3=1087FE A4=108300 A5=108000 A6=10BA1E -- 002668: move.l  D7, (A0)+
D0=1A D1=0 D2=34A77168 D3=0 D4=8402E40 D5=802100D8 D6=2 D7=0 A0=102F60 A1=102F00 A2=534F4 A3=1087FE A4=108300 A5=108000 A6=10BA1E -- 00266A: dbra    D0, $2662
D0=19 D1=0 D2=34A77168 D3=0 D4=8402E40 D5=802100D8 D6=2 D7=0 A0=102F60 A1=102F00 A2=534F4 A3=1087FE A4=108300 A5=108000 A6=10BA1E -- 002662: move.l  D7, (A0)+
D0=19 D1=0 D2=34A77168 D3=0 D4=8402E40 D5=802100D8 D6=2 D7=0 A0=102F64 A1=102F00 A2=534F4 A3=1087FE A4=108300 A5=108000 A6=10BA1E -- 002664: move.l  D7, (A0)+
D0=19 D1=0 D2=34A77168 D3=0 D4=8402E40 D5=802100D8 D6=2 D7=0 A0=102F68 A1=102F00 A2=534F4 A3=1087FE A4=108300 A5=108000 A6=10BA1E -- 002666: move.l  D7, (A0)+
D0=19 D1=0 D2=34A77168 D3=0 D4=8402E40 D5=802100D8 D6=2 D7=0 A0=102F6C A1=102F00 A2=534F4 A3=1087FE A4=108300 A5=108000 A6=10BA1E -- 002668: move.l  D7, (A0)+
D0=19 D1=0 D2=34A77168 D3=0 D4=8402E40 D5=802100D8 D6=2 D7=0 A0=102F70 A1=102F00 A2=534F4 A3=1087FE A4=108300 A5=108000 A6=10BA1E -- 00266A: dbra    D0, $2662
D0=18 D1=0 D2=34A77168 D3=0 D4=8402E40 D5=802100D8 D6=2 D7=0 A0=102F70 A1=102F00 A2=534F4 A3=1087FE A4=108300 A5=108000 A6=10BA1E -- 002662: move.l  D7, (A0)+
D0=18 D1=0 D2=34A77168 D3=0 D4=8402E40 D5=802100D8 D6=2 D7=0 A0=102F74 A1=102F00 A2=534F4 A3=1087FE A4=108300 A5=108000 A6=10BA1E -- 002664: move.l  D7, (A0)+
D0=18 D1=0 D2=34A77168 D3=0 D4=8402E40 D5=802100D8 D6=2 D7=0 A0=102F78 A1=102F00 A2=534F4 A3=1087FE A4=108300 A5=108000 A6=10BA1E -- 002666: move.l  D7, (A0)+
D0=18 D1=0 D2=34A77168 D3=0 D4=8402E40 D5=802100D8 D6=2 D7=0 A0=102F7C A1=102F00 A2=534F4 A3=1087FE A4=108300 A5=108000 A6=10BA1E -- 002668: move.l  D7, (A0)+
D0=18 D1=0 D2=34A77168 D3=0 D4=8402E40 D5=802100D8 D6=2 D7=0 A0=102F80 A1=102F00 A2=534F4 A3=1087FE A4=108300 A5=108000 A6=10BA1E -- 00266A: dbra    D0, $2662
D0=17 D1=0 D2=34A77168 D3=0 D4=8402E40 D5=802100D8 D6=2 D7=0 A0=102F80 A1=102F00 A2=534F4 A3=1087FE A4=108300 A5=108000 A6=10BA1E -- 002662: move.l  D7, (A0)+
D0=17 D1=0 D2=34A77168 D3=0 D4=8402E40 D5=802100D8 D6=2 D7=0 A0=102F84 A1=102F00 A2=534F4 A3=1087FE A4=108300 A5=108000 A6=10BA1E -- 002664: move.l  D7, (A0)+
D0=17 D1=0 D2=34A77168 D3=0 D4=8402E40 D5=802100D8 D6=2 D7=0 A0=102F88 A1=102F00 A2=534F4 A3=1087FE A4=108300 A5=108000 A6=10BA1E -- 002666: move.l  D7, (A0)+
D0=17 D1=0 D2=34A77168 D3=0 D4=8402E40 D5=802100D8 D6=2 D7=0 A0=102F8C A1=102F00 A2=534F4 A3=1087FE A4=108300 A5=108000 A6=10BA1E -- 002668: move.l  D7, (A0)+
D0=17 D1=0 D2=34A77168 D3=0 D4=8402E40 D5=802100D8 D6=2 D7=0 A0=102F90 A1=102F00 A2=534F4 A3=1087FE A4=108300 A5=108000 A6=10BA1E -- 00266A: dbra    D0, $2662
D0=16 D1=0 D2=34A77168 D3=0 D4=8402E40 D5=802100D8 D6=2 D7=0 A0=102F90 A1=102F00 A2=534F4 A3=1087FE A4=108300 A5=108000 A6=10BA1E -- 002662: move.l  D7, (A0)+
D0=16 D1=0 D2=34A77168 D3=0 D4=8402E40 D5=802100D8 D6=2 D7=0 A0=102F94 A1=102F00 A2=534F4 A3=1087FE A4=108300 A5=108000 A6=10BA1E -- 002664: move.l  D7, (A0)+
D0=16 D1=0 D2=34A77168 D3=0 D4=8402E40 D5=802100D8 D6=2 D7=0 A0=102F98 A1=102F00 A2=534F4 A3=1087FE A4=108300 A5=108000 A6=10BA1E -- 002666: move.l  D7, (A0)+
D0=16 D1=0 D2=34A77168 D3=0 D4=8402E40 D5=802100D8 D6=2 D7=0 A0=102F9C A1=102F00 A2=534F4 A3=1087FE A4=108300 A5=108000 A6=10BA1E -- 002668: move.l  D7, (A0)+
D0=16 D1=0 D2=34A77168 D3=0 D4=8402E40 D5=802100D8 D6=2 D7=0 A0=102FA0 A1=102F00 A2=534F4 A3=1087FE A4=108300 A5=108000 A6=10BA1E -- 00266A: dbra    D0, $2662
D0=15 D1=0 D2=34A77168 D3=0 D4=8402E40 D5=802100D8 D6=2 D7=0 A0=102FA0 A1=102F00 A2=534F4 A3=1087FE A4=108300 A5=108000 A6=10BA1E -- 002662: move.l  D7, (A0)+
D0=15 D1=0 D2=34A77168 D3=0 D4=8402E40 D5=802100D8 D6=2 D7=0 A0=102FA4 A1=102F00 A2=534F4 A3=1087FE A4=108300 A5=108000 A6=10BA1E -- 002664: move.l  D7, (A0)+
D0=15 D1=0 D2=34A77168 D3=0 D4=8402E40 D5=802100D8 D6=2 D7=0 A0=102FA8 A1=102F00 A2=534F4 A3=1087FE A4=108300 A5=108000 A6=10BA1E -- 002666: move.l  D7, (A0)+
D0=15 D1=0 D2=34A77168 D3=0 D4=8402E40 D5=802100D8 D6=2 D7=0 A0=102FAC A1=102F00 A2=534F4 A3=1087FE A4=108300 A5=108000 A6=10BA1E -- 002668: move.l  D7, (A0)+
D0=15 D1=0 D2=34A77168 D3=0 D4=8402E40 D5=802100D8 D6=2 D7=0 A0=102FB0 A1=102F00 A2=534F4 A3=1087FE A4=108300 A5=108000 A6=10BA1E -- 00266A: dbra    D0, $2662
D0=14 D1=0 D2=34A77168 D3=0 D4=8402E40 D5=802100D8 D6=2 D7=0 A0=102FB0 A1=102F00 A2=534F4 A3=1087FE A4=108300 A5=108000 A6=10BA1E -- 002662: move.l  D7, (A0)+
D0=14 D1=0 D2=34A77168 D3=0 D4=8402E40 D5=802100D8 D6=2 D7=0 A0=102FB4 A1=102F00 A2=534F4 A3=1087FE A4=108300 A5=108000 A6=10BA1E -- 002664: move.l  D7, (A0)+
D0=14 D1=0 D2=34A77168 D3=0 D4=8402E40 D5=802100D8 D6=2 D7=0 A0=102FB8 A1=102F00 A2=534F4 A3=1087FE A4=108300 A5=108000 A6=10BA1E -- 002666: move.l  D7, (A0)+
D0=14 D1=0 D2=34A77168 D3=0 D4=8402E40 D5=802100D8 D6=2 D7=0 A0=102FBC A1=102F00 A2=534F4 A3=1087FE A4=108300 A5=108000 A6=10BA1E -- 002668: move.l  D7, (A0)+
D0=14 D1=0 D2=34A77168 D3=0 D4=8402E40 D5=802100D8 D6=2 D7=0 A0=102FC0 A1=102F00 A2=534F4 A3=1087FE A4=108300 A5=108000 A6=10BA1E -- 00266A: dbra    D0, $2662
D0=13 D1=0 D2=34A77168 D3=0 D4=8402E40 D5=802100D8 D6=2 D7=0 A0=102FC0 A1=102F00 A2=534F4 A3=1087FE A4=108300 A5=108000 A6=10BA1E -- 002662: move.l  D7, (A0)+
D0=13 D1=0 D2=34A77168 D3=0 D4=8402E40 D5=802100D8 D6=2 D7=0 A0=102FC4 A1=102F00 A2=534F4 A3=1087FE A4=108300 A5=108000 A6=10BA1E -- 002664: move.l  D7, (A0)+
D0=13 D1=0 D2=34A77168 D3=0 D4=8402E40 D5=802100D8 D6=2 D7=0 A0=102FC8 A1=102F00 A2=534F4 A3=1087FE A4=108300 A5=108000 A6=10BA1E -- 002666: move.l  D7, (A0)+
D0=13 D1=0 D2=34A77168 D3=0 D4=8402E40 D5=802100D8 D6=2 D7=0 A0=102FCC A1=102F00 A2=534F4 A3=1087FE A4=108300 A5=108000 A6=10BA1E -- 002668: move.l  D7, (A0)+
D0=13 D1=0 D2=34A77168 D3=0 D4=8402E40 D5=802100D8 D6=2 D7=0 A0=102FD0 A1=102F00 A2=534F4 A3=1087FE A4=108300 A5=108000 A6=10BA1E -- 00266A: dbra    D0, $2662
D0=12 D1=0 D2=34A77168 D3=0 D4=8402E40 D5=802100D8 D6=2 D7=0 A0=102FD0 A1=102F00 A2=534F4 A3=1087FE A4=108300 A5=108000 A6=10BA1E -- 002662: move.l  D7, (A0)+
D0=12 D1=0 D2=34A77168 D3=0 D4=8402E40 D5=802100D8 D6=2 D7=0 A0=102FD4 A1=102F00 A2=534F4 A3=1087FE A4=108300 A5=108000 A6=10BA1E -- 002664: move.l  D7, (A0)+
D0=12 D1=0 D2=34A77168 D3=0 D4=8402E40 D5=802100D8 D6=2 D7=0 A0=102FD8 A1=102F00 A2=534F4 A3=1087FE A4=108300 A5=108000 A6=10BA1E -- 002666: move.l  D7, (A0)+
D0=12 D1=0 D2=34A77168 D3=0 D4=8402E40 D5=802100D8 D6=2 D7=0 A0=102FDC A1=102F00 A2=534F4 A3=1087FE A4=108300 A5=108000 A6=10BA1E -- 002668: move.l  D7, (A0)+
D0=12 D1=0 D2=34A77168 D3=0 D4=8402E40 D5=802100D8 D6=2 D7=0 A0=102FE0 A1=102F00 A2=534F4 A3=1087FE A4=108300 A5=108000 A6=10BA1E -- 00266A: dbra    D0, $2662
D0=11 D1=0 D2=34A77168 D3=0 D4=8402E40 D5=802100D8 D6=2 D7=0 A0=102FE0 A1=102F00 A2=534F4 A3=1087FE A4=108300 A5=108000 A6=10BA1E -- 002662: move.l  D7, (A0)+
D0=11 D1=0 D2=34A77168 D3=0 D4=8402E40 D5=802100D8 D6=2 D7=0 A0=102FE4 A1=102F00 A2=534F4 A3=1087FE A4=108300 A5=108000 A6=10BA1E -- 002664: move.l  D7, (A0)+
D0=11 D1=0 D2=34A77168 D3=0 D4=8402E40 D5=802100D8 D6=2 D7=0 A0=102FE8 A1=102F00 A2=534F4 A3=1087FE A4=108300 A5=108000 A6=10BA1E -- 002666: move.l  D7, (A0)+
D0=11 D1=0 D2=34A77168 D3=0 D4=8402E40 D5=802100D8 D6=2 D7=0 A0=102FEC A1=102F00 A2=534F4 A3=1087FE A4=108300 A5=108000 A6=10BA1E -- 002668: move.l  D7, (A0)+
D0=11 D1=0 D2=34A77168 D3=0 D4=8402E40 D5=802100D8 D6=2 D7=0 A0=102FF0 A1=102F00 A2=534F4 A3=1087FE A4=108300 A5=108000 A6=10BA1E -- 00266A: dbra    D0, $2662
D0=10 D1=0 D2=34A77168 D3=0 D4=8402E40 D5=802100D8 D6=2 D7=0 A0=102FF0 A1=102F00 A2=534F4 A3=1087FE A4=108300 A5=108000 A6=10BA1E -- 002662: move.l  D7, (A0)+
D0=10 D1=0 D2=34A77168 D3=0 D4=8402E40 D5=802100D8 D6=2 D7=0 A0=102FF4 A1=102F00 A2=534F4 A3=1087FE A4=108300 A5=108000 A6=10BA1E -- 002664: move.l  D7, (A0)+
D0=10 D1=0 D2=34A77168 D3=0 D4=8402E40 D5=802100D8 D6=2 D7=0 A0=102FF8 A1=102F00 A2=534F4 A3=1087FE A4=108300 A5=108000 A6=10BA1E -- 002666: move.l  D7, (A0)+
D0=10 D1=0 D2=34A77168 D3=0 D4=8402E40 D5=802100D8 D6=2 D7=0 A0=102FFC A1=102F00 A2=534F4 A3=1087FE A4=108300 A5=108000 A6=10BA1E -- 002668: move.l  D7, (A0)+
D0=10 D1=0 D2=34A77168 D3=0 D4=8402E40 D5=802100D8 D6=2 D7=0 A0=103000 A1=102F00 A2=534F4 A3=1087FE A4=108300 A5=108000 A6=10BA1E -- 00266A: dbra    D0, $2662
D0=F D1=0 D2=34A77168 D3=0 D4=8402E40 D5=802100D8 D6=2 D7=0 A0=103000 A1=102F00 A2=534F4 A3=1087FE A4=108300 A5=108000 A6=10BA1E -- 002662: move.l  D7, (A0)+
D0=F D1=0 D2=34A77168 D3=0 D4=8402E40 D5=802100D8 D6=2 D7=0 A0=103004 A1=102F00 A2=534F4 A3=1087FE A4=108300 A5=108000 A6=10BA1E -- 002664: move.l  D7, (A0)+
D0=F D1=0 D2=34A77168 D3=0 D4=8402E40 D5=802100D8 D6=2 D7=0 A0=103008 A1=102F00 A2=534F4 A3=1087FE A4=108300 A5=108000 A6=10BA1E -- 002666: move.l  D7, (A0)+
D0=F D1=0 D2=34A77168 D3=0 D4=8402E40 D5=802100D8 D6=2 D7=0 A0=10300C A1=102F00 A2=534F4 A3=1087FE A4=108300 A5=108000 A6=10BA1E -- 002668: move.l  D7, (A0)+
D0=F D1=0 D2=34A77168 D3=0 D4=8402E40 D5=802100D8 D6=2 D7=0 A0=103010 A1=102F00 A2=534F4 A3=1087FE A4=108300 A5=108000 A6=10BA1E -- 00266A: dbra    D0, $2662
D0=E D1=0 D2=34A77168 D3=0 D4=8402E40 D5=802100D8 D6=2 D7=0 A0=103010 A1=102F00 A2=534F4 A3=1087FE A4=108300 A5=108000 A6=10BA1E -- 002662: move.l  D7, (A0)+
D0=E D1=0 D2=34A77168 D3=0 D4=8402E40 D5=802100D8 D6=2 D7=0 A0=103014 A1=102F00 A2=534F4 A3=1087FE A4=108300 A5=108000 A6=10BA1E -- 002664: move.l  D7, (A0)+
D0=E D1=0 D2=34A77168 D3=0 D4=8402E40 D5=802100D8 D6=2 D7=0 A0=103018 A1=102F00 A2=534F4 A3=1087FE A4=108300 A5=108000 A6=10BA1E -- 002666: move.l  D7, (A0)+
D0=E D1=0 D2=34A77168 D3=0 D4=8402E40 D5=802100D8 D6=2 D7=0 A0=10301C A1=102F00 A2=534F4 A3=1087FE A4=108300 A5=108000 A6=10BA1E -- 002668: move.l  D7, (A0)+
D0=E D1=0 D2=34A77168 D3=0 D4=8402E40 D5=802100D8 D6=2 D7=0 A0=103020 A1=102F00 A2=534F4 A3=1087FE A4=108300 A5=108000 A6=10BA1E -- 00266A: dbra    D0, $2662
D0=D D1=0 D2=34A77168 D3=0 D4=8402E40 D5=802100D8 D6=2 D7=0 A0=103020 A1=102F00 A2=534F4 A3=1087FE A4=108300 A5=108000 A6=10BA1E -- 002662: move.l  D7, (A0)+
D0=D D1=0 D2=34A77168 D3=0 D4=8402E40 D5=802100D8 D6=2 D7=0 A0=103024 A1=102F00 A2=534F4 A3=1087FE A4=108300 A5=108000 A6=10BA1E -- 002664: move.l  D7, (A0)+
D0=D D1=0 D2=34A77168 D3=0 D4=8402E40 D5=802100D8 D6=2 D7=0 A0=103028 A1=102F00 A2=534F4 A3=1087FE A4=108300 A5=108000 A6=10BA1E -- 002666: move.l  D7, (A0)+
D0=D D1=0 D2=34A77168 D3=0 D4=8402E40 D5=802100D8 D6=2 D7=0 A0=10302C A1=102F00 A2=534F4 A3=1087FE A4=108300 A5=108000 A6=10BA1E -- 002668: move.l  D7, (A0)+
D0=D D1=0 D2=34A77168 D3=0 D4=8402E40 D5=802100D8 D6=2 D7=0 A0=103030 A1=102F00 A2=534F4 A3=1087FE A4=108300 A5=108000 A6=10BA1E -- 00266A: dbra    D0, $2662
D0=C D1=0 D2=34A77168 D3=0 D4=8402E40 D5=802100D8 D6=2 D7=0 A0=103030 A1=102F00 A2=534F4 A3=1087FE A4=108300 A5=108000 A6=10BA1E -- 002662: move.l  D7, (A0)+
D0=C D1=0 D2=34A77168 D3=0 D4=8402E40 D5=802100D8 D6=2 D7=0 A0=103034 A1=102F00 A2=534F4 A3=1087FE A4=108300 A5=108000 A6=10BA1E -- 002664: move.l  D7, (A0)+
D0=C D1=0 D2=34A77168 D3=0 D4=8402E40 D5=802100D8 D6=2 D7=0 A0=103038 A1=102F00 A2=534F4 A3=1087FE A4=108300 A5=108000 A6=10BA1E -- 002666: move.l  D7, (A0)+
D0=C D1=0 D2=34A77168 D3=0 D4=8402E40 D5=802100D8 D6=2 D7=0 A0=10303C A1=102F00 A2=534F4 A3=1087FE A4=108300 A5=108000 A6=10BA1E -- 002668: move.l  D7, (A0)+
D0=C D1=0 D2=34A77168 D3=0 D4=8402E40 D5=802100D8 D6=2 D7=0 A0=103040 A1=102F00 A2=534F4 A3=1087FE A4=108300 A5=108000 A6=10BA1E -- 00266A: dbra    D0, $2662
D0=B D1=0 D2=34A77168 D3=0 D4=8402E40 D5=802100D8 D6=2 D7=0 A0=103040 A1=102F00 A2=534F4 A3=1087FE A4=108300 A5=108000 A6=10BA1E -- 002662: move.l  D7, (A0)+
D0=B D1=0 D2=34A77168 D3=0 D4=8402E40 D5=802100D8 D6=2 D7=0 A0=103044 A1=102F00 A2=534F4 A3=1087FE A4=108300 A5=108000 A6=10BA1E -- 002664: move.l  D7, (A0)+
D0=B D1=0 D2=34A77168 D3=0 D4=8402E40 D5=802100D8 D6=2 D7=0 A0=103048 A1=102F00 A2=534F4 A3=1087FE A4=108300 A5=108000 A6=10BA1E -- 002666: move.l  D7, (A0)+
D0=B D1=0 D2=34A77168 D3=0 D4=8402E40 D5=802100D8 D6=2 D7=0 A0=10304C A1=102F00 A2=534F4 A3=1087FE A4=108300 A5=108000 A6=10BA1E -- 002668: move.l  D7, (A0)+
D0=B D1=0 D2=34A77168 D3=0 D4=8402E40 D5=802100D8 D6=2 D7=0 A0=103050 A1=102F00 A2=534F4 A3=1087FE A4=108300 A5=108000 A6=10BA1E -- 00266A: dbra    D0, $2662
D0=A D1=0 D2=34A77168 D3=0 D4=8402E40 D5=802100D8 D6=2 D7=0 A0=103050 A1=102F00 A2=534F4 A3=1087FE A4=108300 A5=108000 A6=10BA1E -- 002662: move.l  D7, (A0)+
D0=A D1=0 D2=34A77168 D3=0 D4=8402E40 D5=802100D8 D6=2 D7=0 A0=103054 A1=102F00 A2=534F4 A3=1087FE A4=108300 A5=108000 A6=10BA1E -- 002664: move.l  D7, (A0)+
D0=A D1=0 D2=34A77168 D3=0 D4=8402E40 D5=802100D8 D6=2 D7=0 A0=103058 A1=102F00 A2=534F4 A3=1087FE A4=108300 A5=108000 A6=10BA1E -- 002666: move.l  D7, (A0)+
D0=A D1=0 D2=34A77168 D3=0 D4=8402E40 D5=802100D8 D6=2 D7=0 A0=10305C A1=102F00 A2=534F4 A3=1087FE A4=108300 A5=108000 A6=10BA1E -- 002668: move.l  D7, (A0)+
D0=A D1=0 D2=34A77168 D3=0 D4=8402E40 D5=802100D8 D6=2 D7=0 A0=103060 A1=102F00 A2=534F4 A3=1087FE A4=108300 A5=108000 A6=10BA1E -- 00266A: dbra    D0, $2662
D0=9 D1=0 D2=34A77168 D3=0 D4=8402E40 D5=802100D8 D6=2 D7=0 A0=103060 A1=102F00 A2=534F4 A3=1087FE A4=108300 A5=108000 A6=10BA1E -- 002662: move.l  D7, (A0)+
D0=9 D1=0 D2=34A77168 D3=0 D4=8402E40 D5=802100D8 D6=2 D7=0 A0=103064 A1=102F00 A2=534F4 A3=1087FE A4=108300 A5=108000 A6=10BA1E -- 002664: move.l  D7, (A0)+
D0=9 D1=0 D2=34A77168 D3=0 D4=8402E40 D5=802100D8 D6=2 D7=0 A0=103068 A1=102F00 A2=534F4 A3=1087FE A4=108300 A5=108000 A6=10BA1E -- 002666: move.l  D7, (A0)+
D0=9 D1=0 D2=34A77168 D3=0 D4=8402E40 D5=802100D8 D6=2 D7=0 A0=10306C A1=102F00 A2=534F4 A3=1087FE A4=108300 A5=108000 A6=10BA1E -- 002668: move.l  D7, (A0)+
D0=9 D1=0 D2=34A77168 D3=0 D4=8402E40 D5=802100D8 D6=2 D7=0 A0=103070 A1=102F00 A2=534F4 A3=1087FE A4=108300 A5=108000 A6=10BA1E -- 00266A: dbra    D0, $2662
D0=8 D1=0 D2=34A77168 D3=0 D4=8402E40 D5=802100D8 D6=2 D7=0 A0=103070 A1=102F00 A2=534F4 A3=1087FE A4=108300 A5=108000 A6=10BA1E -- 002662: move.l  D7, (A0)+
D0=8 D1=0 D2=34A77168 D3=0 D4=8402E40 D5=802100D8 D6=2 D7=0 A0=103074 A1=102F00 A2=534F4 A3=1087FE A4=108300 A5=108000 A6=10BA1E -- 002664: move.l  D7, (A0)+
D0=8 D1=0 D2=34A77168 D3=0 D4=8402E40 D5=802100D8 D6=2 D7=0 A0=103078 A1=102F00 A2=534F4 A3=1087FE A4=108300 A5=108000 A6=10BA1E -- 002666: move.l  D7, (A0)+
D0=8 D1=0 D2=34A77168 D3=0 D4=8402E40 D5=802100D8 D6=2 D7=0 A0=10307C A1=102F00 A2=534F4 A3=1087FE A4=108300 A5=108000 A6=10BA1E -- 002668: move.l  D7, (A0)+
D0=8 D1=0 D2=34A77168 D3=0 D4=8402E40 D5=802100D8 D6=2 D7=0 A0=103080 A1=102F00 A2=534F4 A3=1087FE A4=108300 A5=108000 A6=10BA1E -- 00266A: dbra    D0, $2662
D0=7 D1=0 D2=34A77168 D3=0 D4=8402E40 D5=802100D8 D6=2 D7=0 A0=103080 A1=102F00 A2=534F4 A3=1087FE A4=108300 A5=108000 A6=10BA1E -- 002662: move.l  D7, (A0)+
D0=7 D1=0 D2=34A77168 D3=0 D4=8402E40 D5=802100D8 D6=2 D7=0 A0=103084 A1=102F00 A2=534F4 A3=1087FE A4=108300 A5=108000 A6=10BA1E -- 002664: move.l  D7, (A0)+
D0=7 D1=0 D2=34A77168 D3=0 D4=8402E40 D5=802100D8 D6=2 D7=0 A0=103088 A1=102F00 A2=534F4 A3=1087FE A4=108300 A5=108000 A6=10BA1E -- 002666: move.l  D7, (A0)+
D0=7 D1=0 D2=34A77168 D3=0 D4=8402E40 D5=802100D8 D6=2 D7=0 A0=10308C A1=102F00 A2=534F4 A3=1087FE A4=108300 A5=108000 A6=10BA1E -- 002668: move.l  D7, (A0)+
D0=7 D1=0 D2=34A77168 D3=0 D4=8402E40 D5=802100D8 D6=2 D7=0 A0=103090 A1=102F00 A2=534F4 A3=1087FE A4=108300 A5=108000 A6=10BA1E -- 00266A: dbra    D0, $2662
D0=6 D1=0 D2=34A77168 D3=0 D4=8402E40 D5=802100D8 D6=2 D7=0 A0=103090 A1=102F00 A2=534F4 A3=1087FE A4=108300 A5=108000 A6=10BA1E -- 002662: move.l  D7, (A0)+
D0=6 D1=0 D2=34A77168 D3=0 D4=8402E40 D5=802100D8 D6=2 D7=0 A0=103094 A1=102F00 A2=534F4 A3=1087FE A4=108300 A5=108000 A6=10BA1E -- 002664: move.l  D7, (A0)+
D0=6 D1=0 D2=34A77168 D3=0 D4=8402E40 D5=802100D8 D6=2 D7=0 A0=103098 A1=102F00 A2=534F4 A3=1087FE A4=108300 A5=108000 A6=10BA1E -- 002666: move.l  D7, (A0)+
D0=6 D1=0 D2=34A77168 D3=0 D4=8402E40 D5=802100D8 D6=2 D7=0 A0=10309C A1=102F00 A2=534F4 A3=1087FE A4=108300 A5=108000 A6=10BA1E -- 002668: move.l  D7, (A0)+
D0=6 D1=0 D2=34A77168 D3=0 D4=8402E40 D5=802100D8 D6=2 D7=0 A0=1030A0 A1=102F00 A2=534F4 A3=1087FE A4=108300 A5=108000 A6=10BA1E -- 00266A: dbra    D0, $2662
D0=5 D1=0 D2=34A77168 D3=0 D4=8402E40 D5=802100D8 D6=2 D7=0 A0=1030A0 A1=102F00 A2=534F4 A3=1087FE A4=108300 A5=108000 A6=10BA1E -- 002662: move.l  D7, (A0)+
D0=5 D1=0 D2=34A77168 D3=0 D4=8402E40 D5=802100D8 D6=2 D7=0 A0=1030A4 A1=102F00 A2=534F4 A3=1087FE A4=108300 A5=108000 A6=10BA1E -- 002664: move.l  D7, (A0)+
D0=5 D1=0 D2=34A77168 D3=0 D4=8402E40 D5=802100D8 D6=2 D7=0 A0=1030A8 A1=102F00 A2=534F4 A3=1087FE A4=108300 A5=108000 A6=10BA1E -- 002666: move.l  D7, (A0)+
D0=5 D1=0 D2=34A77168 D3=0 D4=8402E40 D5=802100D8 D6=2 D7=0 A0=1030AC A1=102F00 A2=534F4 A3=1087FE A4=108300 A5=108000 A6=10BA1E -- 002668: move.l  D7, (A0)+
D0=5 D1=0 D2=34A77168 D3=0 D4=8402E40 D5=802100D8 D6=2 D7=0 A0=1030B0 A1=102F00 A2=534F4 A3=1087FE A4=108300 A5=108000 A6=10BA1E -- 00266A: dbra    D0, $2662
D0=4 D1=0 D2=34A77168 D3=0 D4=8402E40 D5=802100D8 D6=2 D7=0 A0=1030B0 A1=102F00 A2=534F4 A3=1087FE A4=108300 A5=108000 A6=10BA1E -- 002662: move.l  D7, (A0)+
D0=4 D1=0 D2=34A77168 D3=0 D4=8402E40 D5=802100D8 D6=2 D7=0 A0=1030B4 A1=102F00 A2=534F4 A3=1087FE A4=108300 A5=108000 A6=10BA1E -- 002664: move.l  D7, (A0)+
D0=4 D1=0 D2=34A77168 D3=0 D4=8402E40 D5=802100D8 D6=2 D7=0 A0=1030B8 A1=102F00 A2=534F4 A3=1087FE A4=108300 A5=108000 A6=10BA1E -- 002666: move.l  D7, (A0)+
D0=4 D1=0 D2=34A77168 D3=0 D4=8402E40 D5=802100D8 D6=2 D7=0 A0=1030BC A1=102F00 A2=534F4 A3=1087FE A4=108300 A5=108000 A6=10BA1E -- 002668: move.l  D7, (A0)+
D0=4 D1=0 D2=34A77168 D3=0 D4=8402E40 D5=802100D8 D6=2 D7=0 A0=1030C0 A1=102F00 A2=534F4 A3=1087FE A4=108300 A5=108000 A6=10BA1E -- 00266A: dbra    D0, $2662
D0=3 D1=0 D2=34A77168 D3=0 D4=8402E40 D5=802100D8 D6=2 D7=0 A0=1030C0 A1=102F00 A2=534F4 A3=1087FE A4=108300 A5=108000 A6=10BA1E -- 002662: move.l  D7, (A0)+
D0=3 D1=0 D2=34A77168 D3=0 D4=8402E40 D5=802100D8 D6=2 D7=0 A0=1030C4 A1=102F00 A2=534F4 A3=1087FE A4=108300 A5=108000 A6=10BA1E -- 002664: move.l  D7, (A0)+
D0=3 D1=0 D2=34A77168 D3=0 D4=8402E40 D5=802100D8 D6=2 D7=0 A0=1030C8 A1=102F00 A2=534F4 A3=1087FE A4=108300 A5=108000 A6=10BA1E -- 002666: move.l  D7, (A0)+
D0=3 D1=0 D2=34A77168 D3=0 D4=8402E40 D5=802100D8 D6=2 D7=0 A0=1030CC A1=102F00 A2=534F4 A3=1087FE A4=108300 A5=108000 A6=10BA1E -- 002668: move.l  D7, (A0)+
D0=3 D1=0 D2=34A77168 D3=0 D4=8402E40 D5=802100D8 D6=2 D7=0 A0=1030D0 A1=102F00 A2=534F4 A3=1087FE A4=108300 A5=108000 A6=10BA1E -- 00266A: dbra    D0, $2662
D0=2 D1=0 D2=34A77168 D3=0 D4=8402E40 D5=802100D8 D6=2 D7=0 A0=1030D0 A1=102F00 A2=534F4 A3=1087FE A4=108300 A5=108000 A6=10BA1E -- 002662: move.l  D7, (A0)+
D0=2 D1=0 D2=34A77168 D3=0 D4=8402E40 D5=802100D8 D6=2 D7=0 A0=1030D4 A1=102F00 A2=534F4 A3=1087FE A4=108300 A5=108000 A6=10BA1E -- 002664: move.l  D7, (A0)+
D0=2 D1=0 D2=34A77168 D3=0 D4=8402E40 D5=802100D8 D6=2 D7=0 A0=1030D8 A1=102F00 A2=534F4 A3=1087FE A4=108300 A5=108000 A6=10BA1E -- 002666: move.l  D7, (A0)+
D0=2 D1=0 D2=34A77168 D3=0 D4=8402E40 D5=802100D8 D6=2 D7=0 A0=1030DC A1=102F00 A2=534F4 A3=1087FE A4=108300 A5=108000 A6=10BA1E -- 002668: move.l  D7, (A0)+
D0=2 D1=0 D2=34A77168 D3=0 D4=8402E40 D5=802100D8 D6=2 D7=0 A0=1030E0 A1=102F00 A2=534F4 A3=1087FE A4=108300 A5=108000 A6=10BA1E -- 00266A: dbra    D0, $2662
D0=1 D1=0 D2=34A77168 D3=0 D4=8402E40 D5=802100D8 D6=2 D7=0 A0=1030E0 A1=102F00 A2=534F4 A3=1087FE A4=108300 A5=108000 A6=10BA1E -- 002662: move.l  D7, (A0)+
D0=1 D1=0 D2=34A77168 D3=0 D4=8402E40 D5=802100D8 D6=2 D7=0 A0=1030E4 A1=102F00 A2=534F4 A3=1087FE A4=108300 A5=108000 A6=10BA1E -- 002664: move.l  D7, (A0)+
D0=1 D1=0 D2=34A77168 D3=0 D4=8402E40 D5=802100D8 D6=2 D7=0 A0=1030E8 A1=102F00 A2=534F4 A3=1087FE A4=108300 A5=108000 A6=10BA1E -- 002666: move.l  D7, (A0)+
D0=1 D1=0 D2=34A77168 D3=0 D4=8402E40 D5=802100D8 D6=2 D7=0 A0=1030EC A1=102F00 A2=534F4 A3=1087FE A4=108300 A5=108000 A6=10BA1E -- 002668: move.l  D7, (A0)+
D0=1 D1=0 D2=34A77168 D3=0 D4=8402E40 D5=802100D8 D6=2 D7=0 A0=1030F0 A1=102F00 A2=534F4 A3=1087FE A4=108300 A5=108000 A6=10BA1E -- 00266A: dbra    D0, $2662
D0=0 D1=0 D2=34A77168 D3=0 D4=8402E40 D5=802100D8 D6=2 D7=0 A0=1030F0 A1=102F00 A2=534F4 A3=1087FE A4=108300 A5=108000 A6=10BA1E -- 002662: move.l  D7, (A0)+
D0=0 D1=0 D2=34A77168 D3=0 D4=8402E40 D5=802100D8 D6=2 D7=0 A0=1030F4 A1=102F00 A2=534F4 A3=1087FE A4=108300 A5=108000 A6=10BA1E -- 002664: move.l  D7, (A0)+
D0=0 D1=0 D2=34A77168 D3=0 D4=8402E40 D5=802100D8 D6=2 D7=0 A0=1030F8 A1=102F00 A2=534F4 A3=1087FE A4=108300 A5=108000 A6=10BA1E -- 002666: move.l  D7, (A0)+
D0=0 D1=0 D2=34A77168 D3=0 D4=8402E40 D5=802100D8 D6=2 D7=0 A0=1030FC A1=102F00 A2=534F4 A3=1087FE A4=108300 A5=108000 A6=10BA1E -- 002668: move.l  D7, (A0)+
D0=0 D1=0 D2=34A77168 D3=0 D4=8402E40 D5=802100D8 D6=2 D7=0 A0=103100 A1=102F00 A2=534F4 A3=1087FE A4=108300 A5=108000 A6=10BA1E -- 00266A: dbra    D0, $2662
D0=FFFF D1=0 D2=34A77168 D3=0 D4=8402E40 D5=802100D8 D6=2 D7=0 A0=103100 A1=102F00 A2=534F4 A3=1087FE A4=108300 A5=108000 A6=10BA1E -- 00266E: rts
D0=FFFF D1=0 D2=34A77168 D3=0 D4=8402E40 D5=802100D8 D6=2 D7=0 A0=103100 A1=102F00 A2=534F4 A3=1087FE A4=108300 A5=108000 A6=10BA1E -- 0378E6: bsr     $3791c
D0=FFFF D1=0 D2=34A77168 D3=0 D4=8402E40 D5=802100D8 D6=2 D7=0 A0=103100 A1=102F00 A2=534F4 A3=1087FE A4=108300 A5=108000 A6=10BA1E -- 03791C: clr.b   ($cf,A1)
D0=FFFF D1=0 D2=34A77168 D3=0 D4=8402E40 D5=802100D8 D6=2 D7=0 A0=103100 A1=102F00 A2=534F4 A3=1087FE A4=108300 A5=108000 A6=10BA1E -- 037920: move.l  #$4d454d42, ($10,A1)
D0=FFFF D1=0 D2=34A77168 D3=0 D4=8402E40 D5=802100D8 D6=2 D7=0 A0=103100 A1=102F00 A2=534F4 A3=1087FE A4=108300 A5=108000 A6=10BA1E -- 037928: move.l  #$44495350, ($14,A1)
D0=FFFF D1=0 D2=34A77168 D3=0 D4=8402E40 D5=802100D8 D6=2 D7=0 A0=103100 A1=102F00 A2=534F4 A3=1087FE A4=108300 A5=108000 A6=10BA1E -- 037930: move.b  #$ff, ($68,A1)
D0=FFFF D1=0 D2=34A77168 D3=0 D4=8402E40 D5=802100D8 D6=2 D7=0 A0=103100 A1=102F00 A2=534F4 A3=1087FE A4=108300 A5=108000 A6=10BA1E -- 037936: move.b  #$ff, ($69,A1)
D0=FFFF D1=0 D2=34A77168 D3=0 D4=8402E40 D5=802100D8 D6=2 D7=0 A0=103100 A1=102F00 A2=534F4 A3=1087FE A4=108300 A5=108000 A6=10BA1E -- 03793C: clr.l   ($18,A1)
D0=FFFF D1=0 D2=34A77168 D3=0 D4=8402E40 D5=802100D8 D6=2 D7=0 A0=103100 A1=102F00 A2=534F4 A3=1087FE A4=108300 A5=108000 A6=10BA1E -- 037940: clr.l   ($1c,A1)
D0=FFFF D1=0 D2=34A77168 D3=0 D4=8402E40 D5=802100D8 D6=2 D7=0 A0=103100 A1=102F00 A2=534F4 A3=1087FE A4=108300 A5=108000 A6=10BA1E -- 037944: clr.l   ($20,A1)
D0=FFFF D1=0 D2=34A77168 D3=0 D4=8402E40 D5=802100D8 D6=2 D7=0 A0=103100 A1=102F00 A2=534F4 A3=1087FE A4=108300 A5=108000 A6=10BA1E -- 037948: move.w  D5, ($24,A1)
D0=FFFF D1=0 D2=34A77168 D3=0 D4=8402E40 D5=802100D8 D6=2 D7=0 A0=103100 A1=102F00 A2=534F4 A3=1087FE A4=108300 A5=108000 A6=10BA1E -- 03794C: move.w  #$b8, ($26,A1)
D0=FFFF D1=0 D2=34A77168 D3=0 D4=8402E40 D5=802100D8 D6=2 D7=0 A0=103100 A1=102F00 A2=534F4 A3=1087FE A4=108300 A5=108000 A6=10BA1E -- 037952: move.l  A4, ($84,A1)
D0=FFFF D1=0 D2=34A77168 D3=0 D4=8402E40 D5=802100D8 D6=2 D7=0 A0=103100 A1=102F00 A2=534F4 A3=1087FE A4=108300 A5=108000 A6=10BA1E -- 037956: move.l  A1, (A3)+
D0=FFFF D1=0 D2=34A77168 D3=0 D4=8402E40 D5=802100D8 D6=2 D7=0 A0=103100 A1=102F00 A2=534F4 A3=108802 A4=108300 A5=108000 A6=10BA1E -- 037958: rts
D0=FFFF D1=0 D2=34A77168 D3=0 D4=8402E40 D5=802100D8 D6=2 D7=0 A0=103100 A1=102F00 A2=534F4 A3=108802 A4=108300 A5=108000 A6=10BA1E -- 0378EA: move.w  #$6e, ($2c,A1)
D0=FFFF D1=0 D2=34A77168 D3=0 D4=8402E40 D5=802100D8 D6=2 D7=0 A0=103100 A1=102F00 A2=534F4 A3=108802 A4=108300 A5=108000 A6=10BA1E -- 0378F0: sub.w   D6, ($2c,A1)
D0=FFFF D1=0 D2=34A77168 D3=0 D4=8402E40 D5=802100D8 D6=2 D7=0 A0=103100 A1=102F00 A2=534F4 A3=108802 A4=108300 A5=108000 A6=10BA1E -- 0378F4: move.w  D6, ($d0,A1)
D0=FFFF D1=0 D2=34A77168 D3=0 D4=8402E40 D5=802100D8 D6=2 D7=0 A0=103100 A1=102F00 A2=534F4 A3=108802 A4=108300 A5=108000 A6=10BA1E -- 0378F8: lea     ($64,PC) ; ($3795e), A0
D0=FFFF D1=0 D2=34A77168 D3=0 D4=8402E40 D5=802100D8 D6=2 D7=0 A0=3795E A1=102F00 A2=534F4 A3=108802 A4=108300 A5=108000 A6=10BA1E -- 0378FC: nop
D0=FFFF D1=0 D2=34A77168 D3=0 D4=8402E40 D5=802100D8 D6=2 D7=0 A0=3795E A1=102F00 A2=534F4 A3=108802 A4=108300 A5=108000 A6=10BA1E -- 0378FE: move.b  (A0,D6.w), ($30,A1)
D0=FFFF D1=0 D2=34A77168 D3=0 D4=8402E40 D5=802100D8 D6=2 D7=0 A0=3795E A1=102F00 A2=534F4 A3=108802 A4=108300 A5=108000 A6=10BA1E -- 037904: addi.w  #$20, D5
D0=FFFF D1=0 D2=34A77168 D3=0 D4=8402E40 D5=802100F8 D6=2 D7=0 A0=3795E A1=102F00 A2=534F4 A3=108802 A4=108300 A5=108000 A6=10BA1E -- 037908: dbra    D6, $378d8
D0=FFFF D1=0 D2=34A77168 D3=0 D4=8402E40 D5=802100F8 D6=1 D7=0 A0=3795E A1=102F00 A2=534F4 A3=108802 A4=108300 A5=108000 A6=10BA1E -- 0378D8: lea     ($88,PC) ; ($37962), A0
D0=FFFF D1=0 D2=34A77168 D3=0 D4=8402E40 D5=802100F8 D6=1 D7=0 A0=37962 A1=102F00 A2=534F4 A3=108802 A4=108300 A5=108000 A6=10BA1E -- 0378DC: nop
D0=FFFF D1=0 D2=34A77168 D3=0 D4=8402E40 D5=802100F8 D6=1 D7=0 A0=37962 A1=102F00 A2=534F4 A3=108802 A4=108300 A5=108000 A6=10BA1E -- 0378DE: move.w  #$3500, D0
D0=3500 D1=0 D2=34A77168 D3=0 D4=8402E40 D5=802100F8 D6=1 D7=0 A0=37962 A1=102F00 A2=534F4 A3=108802 A4=108300 A5=108000 A6=10BA1E -- 0378E2: jsr     $260e.w
D0=3500 D1=0 D2=34A77168 D3=0 D4=8402E40 D5=802100F8 D6=1 D7=0 A0=37962 A1=102F00 A2=534F4 A3=108802 A4=108300 A5=108000 A6=10BA1E -- 00260E: move.w  ($580,A5), D7
D0=3500 D1=0 D2=34A77168 D3=0 D4=8402E40 D5=802100F8 D6=1 D7=4E A0=37962 A1=102F00 A2=534F4 A3=108802 A4=108300 A5=108000 A6=10BA1E -- 002612: bmi     $2670
D0=3500 D1=0 D2=34A77168 D3=0 D4=8402E40 D5=802100F8 D6=1 D7=4E A0=37962 A1=102F00 A2=534F4 A3=108802 A4=108300 A5=108000 A6=10BA1E -- 002616: subq.w  #2, ($580,A5)
D0=3500 D1=0 D2=34A77168 D3=0 D4=8402E40 D5=802100F8 D6=1 D7=4E A0=37962 A1=102F00 A2=534F4 A3=108802 A4=108300 A5=108000 A6=10BA1E -- 00261A: lea     ($500,A5), A1
D0=3500 D1=0 D2=34A77168 D3=0 D4=8402E40 D5=802100F8 D6=1 D7=4E A0=37962 A1=108500 A2=534F4 A3=108802 A4=108300 A5=108000 A6=10BA1E -- 00261E: movea.w (A1,D7.w), A1
D0=3500 D1=0 D2=34A77168 D3=0 D4=8402E40 D5=802100F8 D6=1 D7=4E A0=37962 A1=3100 A2=534F4 A3=108802 A4=108300 A5=108000 A6=10BA1E -- 002622: adda.l  #$100000, A1
D0=3500 D1=0 D2=34A77168 D3=0 D4=8402E40 D5=802100F8 D6=1 D7=4E A0=37962 A1=103100 A2=534F4 A3=108802 A4=108300 A5=108000 A6=10BA1E -- 002628: move.l  A0, (A1)
D0=3500 D1=0 D2=34A77168 D3=0 D4=8402E40 D5=802100F8 D6=1 D7=4E A0=37962 A1=103100 A2=534F4 A3=108802 A4=108300 A5=108000 A6=10BA1E -- 00262A: move.w  D0, ($8,A1)
D0=3500 D1=0 D2=34A77168 D3=0 D4=8402E40 D5=802100F8 D6=1 D7=4E A0=37962 A1=103100 A2=534F4 A3=108802 A4=108300 A5=108000 A6=10BA1E -- 00262E: lea     (-$7f00,A5), A0
D0=3500 D1=0 D2=34A77168 D3=0 D4=8402E40 D5=802100F8 D6=1 D7=4E A0=100100 A1=103100 A2=534F4 A3=108802 A4=108300 A5=108000 A6=10BA1E -- 002632: move.l  A0, D7
D0=3500 D1=0 D2=34A77168 D3=0 D4=8402E40 D5=802100F8 D6=1 D7=100100 A0=100100 A1=103100 A2=534F4 A3=108802 A4=108300 A5=108000 A6=10BA1E -- 002634: move.w  ($4,A0), D7
D0=3500 D1=0 D2=34A77168 D3=0 D4=8402E40 D5=802100F8 D6=1 D7=100500 A0=100100 A1=103100 A2=534F4 A3=108802 A4=108300 A5=108000 A6=10BA1E -- 002638: movea.l D7, A0
D0=3500 D1=0 D2=34A77168 D3=0 D4=8402E40 D5=802100F8 D6=1 D7=100500 A0=100500 A1=103100 A2=534F4 A3=108802 A4=108300 A5=108000 A6=10BA1E -- 00263A: cmp.w   ($8,A0), D0
D0=3500 D1=0 D2=34A77168 D3=0 D4=8402E40 D5=802100F8 D6=1 D7=100500 A0=100500 A1=103100 A2=534F4 A3=108802 A4=108300 A5=108000 A6=10BA1E -- 00263E: bcc     $2634
D0=3500 D1=0 D2=34A77168 D3=0 D4=8402E40 D5=802100F8 D6=1 D7=100500 A0=100500 A1=103100 A2=534F4 A3=108802 A4=108300 A5=108000 A6=10BA1E -- 002634: move.w  ($4,A0), D7
D0=3500 D1=0 D2=34A77168 D3=0 D4=8402E40 D5=802100F8 D6=1 D7=100700 A0=100500 A1=103100 A2=534F4 A3=108802 A4=108300 A5=108000 A6=10BA1E -- 002638: movea.l D7, A0
D0=3500 D1=0 D2=34A77168 D3=0 D4=8402E40 D5=802100F8 D6=1 D7=100700 A0=100700 A1=103100 A2=534F4 A3=108802 A4=108300 A5=108000 A6=10BA1E -- 00263A: cmp.w   ($8,A0), D0
D0=3500 D1=0 D2=34A77168 D3=0 D4=8402E40 D5=802100F8 D6=1 D7=100700 A0=100700 A1=103100 A2=534F4 A3=108802 A4=108300 A5=108000 A6=10BA1E -- 00263E: bcc     $2634
D0=3500 D1=0 D2=34A77168 D3=0 D4=8402E40 D5=802100F8 D6=1 D7=100700 A0=100700 A1=103100 A2=534F4 A3=108802 A4=108300 A5=108000 A6=10BA1E -- 002634: move.w  ($4,A0), D7
D0=3500 D1=0 D2=34A77168 D3=0 D4=8402E40 D5=802100F8 D6=1 D7=100900 A0=100700 A1=103100 A2=534F4 A3=108802 A4=108300 A5=108000 A6=10BA1E -- 002638: movea.l D7, A0
D0=3500 D1=0 D2=34A77168 D3=0 D4=8402E40 D5=802100F8 D6=1 D7=100900 A0=100900 A1=103100 A2=534F4 A3=108802 A4=108300 A5=108000 A6=10BA1E -- 00263A: cmp.w   ($8,A0), D0
D0=3500 D1=0 D2=34A77168 D3=0 D4=8402E40 D5=802100F8 D6=1 D7=100900 A0=100900 A1=103100 A2=534F4 A3=108802 A4=108300 A5=108000 A6=10BA1E -- 00263E: bcc     $2634
D0=3500 D1=0 D2=34A77168 D3=0 D4=8402E40 D5=802100F8 D6=1 D7=100900 A0=100900 A1=103100 A2=534F4 A3=108802 A4=108300 A5=108000 A6=10BA1E -- 002634: move.w  ($4,A0), D7
D0=3500 D1=0 D2=34A77168 D3=0 D4=8402E40 D5=802100F8 D6=1 D7=100B00 A0=100900 A1=103100 A2=534F4 A3=108802 A4=108300 A5=108000 A6=10BA1E -- 002638: movea.l D7, A0
D0=3500 D1=0 D2=34A77168 D3=0 D4=8402E40 D5=802100F8 D6=1 D7=100B00 A0=100B00 A1=103100 A2=534F4 A3=108802 A4=108300 A5=108000 A6=10BA1E -- 00263A: cmp.w   ($8,A0), D0
D0=3500 D1=0 D2=34A77168 D3=0 D4=8402E40 D5=802100F8 D6=1 D7=100B00 A0=100B00 A1=103100 A2=534F4 A3=108802 A4=108300 A5=108000 A6=10BA1E -- 00263E: bcc     $2634
D0=3500 D1=0 D2=34A77168 D3=0 D4=8402E40 D5=802100F8 D6=1 D7=100B00 A0=100B00 A1=103100 A2=534F4 A3=108802 A4=108300 A5=108000 A6=10BA1E -- 002634: move.w  ($4,A0), D7
D0=3500 D1=0 D2=34A77168 D3=0 D4=8402E40 D5=802100F8 D6=1 D7=100D00 A0=100B00 A1=103100 A2=534F4 A3=108802 A4=108300 A5=108000 A6=10BA1E -- 002638: movea.l D7, A0
D0=3500 D1=0 D2=34A77168 D3=0 D4=8402E40 D5=802100F8 D6=1 D7=100D00 A0=100D00 A1=103100 A2=534F4 A3=108802 A4=108300 A5=108000 A6=10BA1E -- 00263A: cmp.w   ($8,A0), D0
D0=3500 D1=0 D2=34A77168 D3=0 D4=8402E40 D5=802100F8 D6=1 D7=100D00 A0=100D00 A1=103100 A2=534F4 A3=108802 A4=108300 A5=108000 A6=10BA1E -- 00263E: bcc     $2634
D0=3500 D1=0 D2=34A77168 D3=0 D4=8402E40 D5=802100F8 D6=1 D7=100D00 A0=100D00 A1=103100 A2=534F4 A3=108802 A4=108300 A5=108000 A6=10BA1E -- 002634: move.w  ($4,A0), D7
D0=3500 D1=0 D2=34A77168 D3=0 D4=8402E40 D5=802100F8 D6=1 D7=100F00 A0=100D00 A1=103100 A2=534F4 A3=108802 A4=108300 A5=108000 A6=10BA1E -- 002638: movea.l D7, A0
D0=3500 D1=0 D2=34A77168 D3=0 D4=8402E40 D5=802100F8 D6=1 D7=100F00 A0=100F00 A1=103100 A2=534F4 A3=108802 A4=108300 A5=108000 A6=10BA1E -- 00263A: cmp.w   ($8,A0), D0
D0=3500 D1=0 D2=34A77168 D3=0 D4=8402E40 D5=802100F8 D6=1 D7=100F00 A0=100F00 A1=103100 A2=534F4 A3=108802 A4=108300 A5=108000 A6=10BA1E -- 00263E: bcc     $2634
D0=3500 D1=0 D2=34A77168 D3=0 D4=8402E40 D5=802100F8 D6=1 D7=100F00 A0=100F00 A1=103100 A2=534F4 A3=108802 A4=108300 A5=108000 A6=10BA1E -- 002634: move.w  ($4,A0), D7
D0=3500 D1=0 D2=34A77168 D3=0 D4=8402E40 D5=802100F8 D6=1 D7=101100 A0=100F00 A1=103100 A2=534F4 A3=108802 A4=108300 A5=108000 A6=10BA1E -- 002638: movea.l D7, A0
D0=3500 D1=0 D2=34A77168 D3=0 D4=8402E40 D5=802100F8 D6=1 D7=101100 A0=101100 A1=103100 A2=534F4 A3=108802 A4=108300 A5=108000 A6=10BA1E -- 00263A: cmp.w   ($8,A0), D0
D0=3500 D1=0 D2=34A77168 D3=0 D4=8402E40 D5=802100F8 D6=1 D7=101100 A0=101100 A1=103100 A2=534F4 A3=108802 A4=108300 A5=108000 A6=10BA1E -- 00263E: bcc     $2634
D0=3500 D1=0 D2=34A77168 D3=0 D4=8402E40 D5=802100F8 D6=1 D7=101100 A0=101100 A1=103100 A2=534F4 A3=108802 A4=108300 A5=108000 A6=10BA1E -- 002634: move.w  ($4,A0), D7
D0=3500 D1=0 D2=34A77168 D3=0 D4=8402E40 D5=802100F8 D6=1 D7=101300 A0=101100 A1=103100 A2=534F4 A3=108802 A4=108300 A5=108000 A6=10BA1E -- 002638: movea.l D7, A0
D0=3500 D1=0 D2=34A77168 D3=0 D4=8402E40 D5=802100F8 D6=1 D7=101300 A0=101300 A1=103100 A2=534F4 A3=108802 A4=108300 A5=108000 A6=10BA1E -- 00263A: cmp.w   ($8,A0), D0
D0=3500 D1=0 D2=34A77168 D3=0 D4=8402E40 D5=802100F8 D6=1 D7=101300 A0=101300 A1=103100 A2=534F4 A3=108802 A4=108300 A5=108000 A6=10BA1E -- 00263E: bcc     $2634
D0=3500 D1=0 D2=34A77168 D3=0 D4=8402E40 D5=802100F8 D6=1 D7=101300 A0=101300 A1=103100 A2=534F4 A3=108802 A4=108300 A5=108000 A6=10BA1E -- 002634: move.w  ($4,A0), D7
D0=3500 D1=0 D2=34A77168 D3=0 D4=8402E40 D5=802100F8 D6=1 D7=101500 A0=101300 A1=103100 A2=534F4 A3=108802 A4=108300 A5=108000 A6=10BA1E -- 002638: movea.l D7, A0
D0=3500 D1=0 D2=34A77168 D3=0 D4=8402E40 D5=802100F8 D6=1 D7=101500 A0=101500 A1=103100 A2=534F4 A3=108802 A4=108300 A5=108000 A6=10BA1E -- 00263A: cmp.w   ($8,A0), D0
D0=3500 D1=0 D2=34A77168 D3=0 D4=8402E40 D5=802100F8 D6=1 D7=101500 A0=101500 A1=103100 A2=534F4 A3=108802 A4=108300 A5=108000 A6=10BA1E -- 00263E: bcc     $2634
D0=3500 D1=0 D2=34A77168 D3=0 D4=8402E40 D5=802100F8 D6=1 D7=101500 A0=101500 A1=103100 A2=534F4 A3=108802 A4=108300 A5=108000 A6=10BA1E -- 002634: move.w  ($4,A0), D7
D0=3500 D1=0 D2=34A77168 D3=0 D4=8402E40 D5=802100F8 D6=1 D7=101700 A0=101500 A1=103100 A2=534F4 A3=108802 A4=108300 A5=108000 A6=10BA1E -- 002638: movea.l D7, A0
D0=3500 D1=0 D2=34A77168 D3=0 D4=8402E40 D5=802100F8 D6=1 D7=101700 A0=101700 A1=103100 A2=534F4 A3=108802 A4=108300 A5=108000 A6=10BA1E -- 00263A: cmp.w   ($8,A0), D0
D0=3500 D1=0 D2=34A77168 D3=0 D4=8402E40 D5=802100F8 D6=1 D7=101700 A0=101700 A1=103100 A2=534F4 A3=108802 A4=108300 A5=108000 A6=10BA1E -- 00263E: bcc     $2634
D0=3500 D1=0 D2=34A77168 D3=0 D4=8402E40 D5=802100F8 D6=1 D7=101700 A0=101700 A1=103100 A2=534F4 A3=108802 A4=108300 A5=108000 A6=10BA1E -- 002634: move.w  ($4,A0), D7
D0=3500 D1=0 D2=34A77168 D3=0 D4=8402E40 D5=802100F8 D6=1 D7=101900 A0=101700 A1=103100 A2=534F4 A3=108802 A4=108300 A5=108000 A6=10BA1E -- 002638: movea.l D7, A0
D0=3500 D1=0 D2=34A77168 D3=0 D4=8402E40 D5=802100F8 D6=1 D7=101900 A0=101900 A1=103100 A2=534F4 A3=108802 A4=108300 A5=108000 A6=10BA1E -- 00263A: cmp.w   ($8,A0), D0
D0=3500 D1=0 D2=34A77168 D3=0 D4=8402E40 D5=802100F8 D6=1 D7=101900 A0=101900 A1=103100 A2=534F4 A3=108802 A4=108300 A5=108000 A6=10BA1E -- 00263E: bcc     $2634
D0=3500 D1=0 D2=34A77168 D3=0 D4=8402E40 D5=802100F8 D6=1 D7=101900 A0=101900 A1=103100 A2=534F4 A3=108802 A4=108300 A5=108000 A6=10BA1E -- 002634: move.w  ($4,A0), D7
D0=3500 D1=0 D2=34A77168 D3=0 D4=8402E40 D5=802100F8 D6=1 D7=101B00 A0=101900 A1=103100 A2=534F4 A3=108802 A4=108300 A5=108000 A6=10BA1E -- 002638: movea.l D7, A0
D0=3500 D1=0 D2=34A77168 D3=0 D4=8402E40 D5=802100F8 D6=1 D7=101B00 A0=101B00 A1=103100 A2=534F4 A3=108802 A4=108300 A5=108000 A6=10BA1E -- 00263A: cmp.w   ($8,A0), D0
D0=3500 D1=0 D2=34A77168 D3=0 D4=8402E40 D5=802100F8 D6=1 D7=101B00 A0=101B00 A1=103100 A2=534F4 A3=108802 A4=108300 A5=108000 A6=10BA1E -- 00263E: bcc     $2634
D0=3500 D1=0 D2=34A77168 D3=0 D4=8402E40 D5=802100F8 D6=1 D7=101B00 A0=101B00 A1=103100 A2=534F4 A3=108802 A4=108300 A5=108000 A6=10BA1E -- 002634: move.w  ($4,A0), D7
D0=3500 D1=0 D2=34A77168 D3=0 D4=8402E40 D5=802100F8 D6=1 D7=101D00 A0=101B00 A1=103100 A2=534F4 A3=108802 A4=108300 A5=108000 A6=10BA1E -- 002638: movea.l D7, A0
D0=3500 D1=0 D2=34A77168 D3=0 D4=8402E40 D5=802100F8 D6=1 D7=101D00 A0=101D00 A1=103100 A2=534F4 A3=108802 A4=108300 A5=108000 A6=10BA1E -- 00263A: cmp.w   ($8,A0), D0
D0=3500 D1=0 D2=34A77168 D3=0 D4=8402E40 D5=802100F8 D6=1 D7=101D00 A0=101D00 A1=103100 A2=534F4 A3=108802 A4=108300 A5=108000 A6=10BA1E -- 00263E: bcc     $2634
D0=3500 D1=0 D2=34A77168 D3=0 D4=8402E40 D5=802100F8 D6=1 D7=101D00 A0=101D00 A1=103100 A2=534F4 A3=108802 A4=108300 A5=108000 A6=10BA1E -- 002634: move.w  ($4,A0), D7
D0=3500 D1=0 D2=34A77168 D3=0 D4=8402E40 D5=802100F8 D6=1 D7=101F00 A0=101D00 A1=103100 A2=534F4 A3=108802 A4=108300 A5=108000 A6=10BA1E -- 002638: movea.l D7, A0
D0=3500 D1=0 D2=34A77168 D3=0 D4=8402E40 D5=802100F8 D6=1 D7=101F00 A0=101F00 A1=103100 A2=534F4 A3=108802 A4=108300 A5=108000 A6=10BA1E -- 00263A: cmp.w   ($8,A0), D0
D0=3500 D1=0 D2=34A77168 D3=0 D4=8402E40 D5=802100F8 D6=1 D7=101F00 A0=101F00 A1=103100 A2=534F4 A3=108802 A4=108300 A5=108000 A6=10BA1E -- 00263E: bcc     $2634
D0=3500 D1=0 D2=34A77168 D3=0 D4=8402E40 D5=802100F8 D6=1 D7=101F00 A0=101F00 A1=103100 A2=534F4 A3=108802 A4=108300 A5=108000 A6=10BA1E -- 002634: move.w  ($4,A0), D7
D0=3500 D1=0 D2=34A77168 D3=0 D4=8402E40 D5=802100F8 D6=1 D7=102100 A0=101F00 A1=103100 A2=534F4 A3=108802 A4=108300 A5=108000 A6=10BA1E -- 002638: movea.l D7, A0
D0=3500 D1=0 D2=34A77168 D3=0 D4=8402E40 D5=802100F8 D6=1 D7=102100 A0=102100 A1=103100 A2=534F4 A3=108802 A4=108300 A5=108000 A6=10BA1E -- 00263A: cmp.w   ($8,A0), D0
D0=3500 D1=0 D2=34A77168 D3=0 D4=8402E40 D5=802100F8 D6=1 D7=102100 A0=102100 A1=103100 A2=534F4 A3=108802 A4=108300 A5=108000 A6=10BA1E -- 00263E: bcc     $2634
D0=3500 D1=0 D2=34A77168 D3=0 D4=8402E40 D5=802100F8 D6=1 D7=102100 A0=102100 A1=103100 A2=534F4 A3=108802 A4=108300 A5=108000 A6=10BA1E -- 002634: move.w  ($4,A0), D7
D0=3500 D1=0 D2=34A77168 D3=0 D4=8402E40 D5=802100F8 D6=1 D7=102300 A0=102100 A1=103100 A2=534F4 A3=108802 A4=108300 A5=108000 A6=10BA1E -- 002638: movea.l D7, A0
D0=3500 D1=0 D2=34A77168 D3=0 D4=8402E40 D5=802100F8 D6=1 D7=102300 A0=102300 A1=103100 A2=534F4 A3=108802 A4=108300 A5=108000 A6=10BA1E -- 00263A: cmp.w   ($8,A0), D0
D0=3500 D1=0 D2=34A77168 D3=0 D4=8402E40 D5=802100F8 D6=1 D7=102300 A0=102300 A1=103100 A2=534F4 A3=108802 A4=108300 A5=108000 A6=10BA1E -- 00263E: bcc     $2634
D0=3500 D1=0 D2=34A77168 D3=0 D4=8402E40 D5=802100F8 D6=1 D7=102300 A0=102300 A1=103100 A2=534F4 A3=108802 A4=108300 A5=108000 A6=10BA1E -- 002634: move.w  ($4,A0), D7
D0=3500 D1=0 D2=34A77168 D3=0 D4=8402E40 D5=802100F8 D6=1 D7=102500 A0=102300 A1=103100 A2=534F4 A3=108802 A4=108300 A5=108000 A6=10BA1E -- 002638: movea.l D7, A0
D0=3500 D1=0 D2=34A77168 D3=0 D4=8402E40 D5=802100F8 D6=1 D7=102500 A0=102500 A1=103100 A2=534F4 A3=108802 A4=108300 A5=108000 A6=10BA1E -- 00263A: cmp.w   ($8,A0), D0
D0=3500 D1=0 D2=34A77168 D3=0 D4=8402E40 D5=802100F8 D6=1 D7=102500 A0=102500 A1=103100 A2=534F4 A3=108802 A4=108300 A5=108000 A6=10BA1E -- 00263E: bcc     $2634
D0=3500 D1=0 D2=34A77168 D3=0 D4=8402E40 D5=802100F8 D6=1 D7=102500 A0=102500 A1=103100 A2=534F4 A3=108802 A4=108300 A5=108000 A6=10BA1E -- 002634: move.w  ($4,A0), D7
D0=3500 D1=0 D2=34A77168 D3=0 D4=8402E40 D5=802100F8 D6=1 D7=102700 A0=102500 A1=103100 A2=534F4 A3=108802 A4=108300 A5=108000 A6=10BA1E -- 002638: movea.l D7, A0
D0=3500 D1=0 D2=34A77168 D3=0 D4=8402E40 D5=802100F8 D6=1 D7=102700 A0=102700 A1=103100 A2=534F4 A3=108802 A4=108300 A5=108000 A6=10BA1E -- 00263A: cmp.w   ($8,A0), D0
D0=3500 D1=0 D2=34A77168 D3=0 D4=8402E40 D5=802100F8 D6=1 D7=102700 A0=102700 A1=103100 A2=534F4 A3=108802 A4=108300 A5=108000 A6=10BA1E -- 00263E: bcc     $2634
D0=3500 D1=0 D2=34A77168 D3=0 D4=8402E40 D5=802100F8 D6=1 D7=102700 A0=102700 A1=103100 A2=534F4 A3=108802 A4=108300 A5=108000 A6=10BA1E -- 002634: move.w  ($4,A0), D7
D0=3500 D1=0 D2=34A77168 D3=0 D4=8402E40 D5=802100F8 D6=1 D7=102900 A0=102700 A1=103100 A2=534F4 A3=108802 A4=108300 A5=108000 A6=10BA1E -- 002638: movea.l D7, A0
D0=3500 D1=0 D2=34A77168 D3=0 D4=8402E40 D5=802100F8 D6=1 D7=102900 A0=102900 A1=103100 A2=534F4 A3=108802 A4=108300 A5=108000 A6=10BA1E -- 00263A: cmp.w   ($8,A0), D0
D0=3500 D1=0 D2=34A77168 D3=0 D4=8402E40 D5=802100F8 D6=1 D7=102900 A0=102900 A1=103100 A2=534F4 A3=108802 A4=108300 A5=108000 A6=10BA1E -- 00263E: bcc     $2634
D0=3500 D1=0 D2=34A77168 D3=0 D4=8402E40 D5=802100F8 D6=1 D7=102900 A0=102900 A1=103100 A2=534F4 A3=108802 A4=108300 A5=108000 A6=10BA1E -- 002634: move.w  ($4,A0), D7
D0=3500 D1=0 D2=34A77168 D3=0 D4=8402E40 D5=802100F8 D6=1 D7=102B00 A0=102900 A1=103100 A2=534F4 A3=108802 A4=108300 A5=108000 A6=10BA1E -- 002638: movea.l D7, A0
D0=3500 D1=0 D2=34A77168 D3=0 D4=8402E40 D5=802100F8 D6=1 D7=102B00 A0=102B00 A1=103100 A2=534F4 A3=108802 A4=108300 A5=108000 A6=10BA1E -- 00263A: cmp.w   ($8,A0), D0
D0=3500 D1=0 D2=34A77168 D3=0 D4=8402E40 D5=802100F8 D6=1 D7=102B00 A0=102B00 A1=103100 A2=534F4 A3=108802 A4=108300 A5=108000 A6=10BA1E -- 00263E: bcc     $2634
D0=3500 D1=0 D2=34A77168 D3=0 D4=8402E40 D5=802100F8 D6=1 D7=102B00 A0=102B00 A1=103100 A2=534F4 A3=108802 A4=108300 A5=108000 A6=10BA1E -- 002634: move.w  ($4,A0), D7
D0=3500 D1=0 D2=34A77168 D3=0 D4=8402E40 D5=802100F8 D6=1 D7=102D00 A0=102B00 A1=103100 A2=534F4 A3=108802 A4=108300 A5=108000 A6=10BA1E -- 002638: movea.l D7, A0
D0=3500 D1=0 D2=34A77168 D3=0 D4=8402E40 D5=802100F8 D6=1 D7=102D00 A0=102D00 A1=103100 A2=534F4 A3=108802 A4=108300 A5=108000 A6=10BA1E -- 00263A: cmp.w   ($8,A0), D0
D0=3500 D1=0 D2=34A77168 D3=0 D4=8402E40 D5=802100F8 D6=1 D7=102D00 A0=102D00 A1=103100 A2=534F4 A3=108802 A4=108300 A5=108000 A6=10BA1E -- 00263E: bcc     $2634
D0=3500 D1=0 D2=34A77168 D3=0 D4=8402E40 D5=802100F8 D6=1 D7=102D00 A0=102D00 A1=103100 A2=534F4 A3=108802 A4=108300 A5=108000 A6=10BA1E -- 002634: move.w  ($4,A0), D7
D0=3500 D1=0 D2=34A77168 D3=0 D4=8402E40 D5=802100F8 D6=1 D7=102F00 A0=102D00 A1=103100 A2=534F4 A3=108802 A4=108300 A5=108000 A6=10BA1E -- 002638: movea.l D7, A0
D0=3500 D1=0 D2=34A77168 D3=0 D4=8402E40 D5=802100F8 D6=1 D7=102F00 A0=102F00 A1=103100 A2=534F4 A3=108802 A4=108300 A5=108000 A6=10BA1E -- 00263A: cmp.w   ($8,A0), D0
D0=3500 D1=0 D2=34A77168 D3=0 D4=8402E40 D5=802100F8 D6=1 D7=102F00 A0=102F00 A1=103100 A2=534F4 A3=108802 A4=108300 A5=108000 A6=10BA1E -- 00263E: bcc     $2634
D0=3500 D1=0 D2=34A77168 D3=0 D4=8402E40 D5=802100F8 D6=1 D7=102F00 A0=102F00 A1=103100 A2=534F4 A3=108802 A4=108300 A5=108000 A6=10BA1E -- 002634: move.w  ($4,A0), D7
D0=3500 D1=0 D2=34A77168 D3=0 D4=8402E40 D5=802100F8 D6=1 D7=100300 A0=102F00 A1=103100 A2=534F4 A3=108802 A4=108300 A5=108000 A6=10BA1E -- 002638: movea.l D7, A0
D0=3500 D1=0 D2=34A77168 D3=0 D4=8402E40 D5=802100F8 D6=1 D7=100300 A0=100300 A1=103100 A2=534F4 A3=108802 A4=108300 A5=108000 A6=10BA1E -- 00263A: cmp.w   ($8,A0), D0
D0=3500 D1=0 D2=34A77168 D3=0 D4=8402E40 D5=802100F8 D6=1 D7=100300 A0=100300 A1=103100 A2=534F4 A3=108802 A4=108300 A5=108000 A6=10BA1E -- 00263E: bcc     $2634
D0=3500 D1=0 D2=34A77168 D3=0 D4=8402E40 D5=802100F8 D6=1 D7=100300 A0=100300 A1=103100 A2=534F4 A3=108802 A4=108300 A5=108000 A6=10BA1E -- 002640: move.w  A0, ($4,A1)
D0=3500 D1=0 D2=34A77168 D3=0 D4=8402E40 D5=802100F8 D6=1 D7=100300 A0=100300 A1=103100 A2=534F4 A3=108802 A4=108300 A5=108000 A6=10BA1E -- 002644: move.w  ($6,A0), ($6,A1)
D0=3500 D1=0 D2=34A77168 D3=0 D4=8402E40 D5=802100F8 D6=1 D7=100300 A0=100300 A1=103100 A2=534F4 A3=108802 A4=108300 A5=108000 A6=10BA1E -- 00264A: move.w  ($6,A0), D7
D0=3500 D1=0 D2=34A77168 D3=0 D4=8402E40 D5=802100F8 D6=1 D7=102F00 A0=100300 A1=103100 A2=534F4 A3=108802 A4=108300 A5=108000 A6=10BA1E -- 00264E: move.w  A1, ($6,A0)
D0=3500 D1=0 D2=34A77168 D3=0 D4=8402E40 D5=802100F8 D6=1 D7=102F00 A0=100300 A1=103100 A2=534F4 A3=108802 A4=108300 A5=108000 A6=10BA1E -- 002652: movea.l D7, A0
D0=3500 D1=0 D2=34A77168 D3=0 D4=8402E40 D5=802100F8 D6=1 D7=102F00 A0=102F00 A1=103100 A2=534F4 A3=108802 A4=108300 A5=108000 A6=10BA1E -- 002654: move.w  A1, ($4,A0)
D0=3500 D1=0 D2=34A77168 D3=0 D4=8402E40 D5=802100F8 D6=1 D7=102F00 A0=102F00 A1=103100 A2=534F4 A3=108802 A4=108300 A5=108000 A6=10BA1E -- 002658: lea     ($10,A1), A0
D0=3500 D1=0 D2=34A77168 D3=0 D4=8402E40 D5=802100F8 D6=1 D7=102F00 A0=103110 A1=103100 A2=534F4 A3=108802 A4=108300 A5=108000 A6=10BA1E -- 00265C: move.w  #$1e, D0
D0=1E D1=0 D2=34A77168 D3=0 D4=8402E40 D5=802100F8 D6=1 D7=102F00 A0=103110 A1=103100 A2=534F4 A3=108802 A4=108300 A5=108000 A6=10BA1E -- 002660: moveq   #$0, D7
D0=1E D1=0 D2=34A77168 D3=0 D4=8402E40 D5=802100F8 D6=1 D7=0 A0=103110 A1=103100 A2=534F4 A3=108802 A4=108300 A5=108000 A6=10BA1E -- 002662: move.l  D7, (A0)+
D0=1E D1=0 D2=34A77168 D3=0 D4=8402E40 D5=802100F8 D6=1 D7=0 A0=103114 A1=103100 A2=534F4 A3=108802 A4=108300 A5=108000 A6=10BA1E -- 002664: move.l  D7, (A0)+
D0=1E D1=0 D2=34A77168 D3=0 D4=8402E40 D5=802100F8 D6=1 D7=0 A0=103118 A1=103100 A2=534F4 A3=108802 A4=108300 A5=108000 A6=10BA1E -- 002666: move.l  D7, (A0)+
D0=1E D1=0 D2=34A77168 D3=0 D4=8402E40 D5=802100F8 D6=1 D7=0 A0=10311C A1=103100 A2=534F4 A3=108802 A4=108300 A5=108000 A6=10BA1E -- 002668: move.l  D7, (A0)+
D0=1E D1=0 D2=34A77168 D3=0 D4=8402E40 D5=802100F8 D6=1 D7=0 A0=103120 A1=103100 A2=534F4 A3=108802 A4=108300 A5=108000 A6=10BA1E -- 00266A: dbra    D0, $2662
D0=1D D1=0 D2=34A77168 D3=0 D4=8402E40 D5=802100F8 D6=1 D7=0 A0=103120 A1=103100 A2=534F4 A3=108802 A4=108300 A5=108000 A6=10BA1E -- 002662: move.l  D7, (A0)+
D0=1D D1=0 D2=34A77168 D3=0 D4=8402E40 D5=802100F8 D6=1 D7=0 A0=103124 A1=103100 A2=534F4 A3=108802 A4=108300 A5=108000 A6=10BA1E -- 002664: move.l  D7, (A0)+
D0=1D D1=0 D2=34A77168 D3=0 D4=8402E40 D5=802100F8 D6=1 D7=0 A0=103128 A1=103100 A2=534F4 A3=108802 A4=108300 A5=108000 A6=10BA1E -- 002666: move.l  D7, (A0)+
D0=1D D1=0 D2=34A77168 D3=0 D4=8402E40 D5=802100F8 D6=1 D7=0 A0=10312C A1=103100 A2=534F4 A3=108802 A4=108300 A5=108000 A6=10BA1E -- 002668: move.l  D7, (A0)+
D0=1D D1=0 D2=34A77168 D3=0 D4=8402E40 D5=802100F8 D6=1 D7=0 A0=103130 A1=103100 A2=534F4 A3=108802 A4=108300 A5=108000 A6=10BA1E -- 00266A: dbra    D0, $2662
D0=1C D1=0 D2=34A77168 D3=0 D4=8402E40 D5=802100F8 D6=1 D7=0 A0=103130 A1=103100 A2=534F4 A3=108802 A4=108300 A5=108000 A6=10BA1E -- 002662: move.l  D7, (A0)+
D0=1C D1=0 D2=34A77168 D3=0 D4=8402E40 D5=802100F8 D6=1 D7=0 A0=103134 A1=103100 A2=534F4 A3=108802 A4=108300 A5=108000 A6=10BA1E -- 002664: move.l  D7, (A0)+
D0=1C D1=0 D2=34A77168 D3=0 D4=8402E40 D5=802100F8 D6=1 D7=0 A0=103138 A1=103100 A2=534F4 A3=108802 A4=108300 A5=108000 A6=10BA1E -- 002666: move.l  D7, (A0)+
D0=1C D1=0 D2=34A77168 D3=0 D4=8402E40 D5=802100F8 D6=1 D7=0 A0=10313C A1=103100 A2=534F4 A3=108802 A4=108300 A5=108000 A6=10BA1E -- 002668: move.l  D7, (A0)+
D0=1C D1=0 D2=34A77168 D3=0 D4=8402E40 D5=802100F8 D6=1 D7=0 A0=103140 A1=103100 A2=534F4 A3=108802 A4=108300 A5=108000 A6=10BA1E -- 00266A: dbra    D0, $2662
D0=1B D1=0 D2=34A77168 D3=0 D4=8402E40 D5=802100F8 D6=1 D7=0 A0=103140 A1=103100 A2=534F4 A3=108802 A4=108300 A5=108000 A6=10BA1E -- 002662: move.l  D7, (A0)+
D0=1B D1=0 D2=34A77168 D3=0 D4=8402E40 D5=802100F8 D6=1 D7=0 A0=103144 A1=103100 A2=534F4 A3=108802 A4=108300 A5=108000 A6=10BA1E -- 002664: move.l  D7, (A0)+
D0=1B D1=0 D2=34A77168 D3=0 D4=8402E40 D5=802100F8 D6=1 D7=0 A0=103148 A1=103100 A2=534F4 A3=108802 A4=108300 A5=108000 A6=10BA1E -- 002666: move.l  D7, (A0)+
D0=1B D1=0 D2=34A77168 D3=0 D4=8402E40 D5=802100F8 D6=1 D7=0 A0=10314C A1=103100 A2=534F4 A3=108802 A4=108300 A5=108000 A6=10BA1E -- 002668: move.l  D7, (A0)+
D0=1B D1=0 D2=34A77168 D3=0 D4=8402E40 D5=802100F8 D6=1 D7=0 A0=103150 A1=103100 A2=534F4 A3=108802 A4=108300 A5=108000 A6=10BA1E -- 00266A: dbra    D0, $2662
D0=1A D1=0 D2=34A77168 D3=0 D4=8402E40 D5=802100F8 D6=1 D7=0 A0=103150 A1=103100 A2=534F4 A3=108802 A4=108300 A5=108000 A6=10BA1E -- 002662: move.l  D7, (A0)+
D0=1A D1=0 D2=34A77168 D3=0 D4=8402E40 D5=802100F8 D6=1 D7=0 A0=103154 A1=103100 A2=534F4 A3=108802 A4=108300 A5=108000 A6=10BA1E -- 002664: move.l  D7, (A0)+
D0=1A D1=0 D2=34A77168 D3=0 D4=8402E40 D5=802100F8 D6=1 D7=0 A0=103158 A1=103100 A2=534F4 A3=108802 A4=108300 A5=108000 A6=10BA1E -- 002666: move.l  D7, (A0)+
D0=1A D1=0 D2=34A77168 D3=0 D4=8402E40 D5=802100F8 D6=1 D7=0 A0=10315C A1=103100 A2=534F4 A3=108802 A4=108300 A5=108000 A6=10BA1E -- 002668: move.l  D7, (A0)+
D0=1A D1=0 D2=34A77168 D3=0 D4=8402E40 D5=802100F8 D6=1 D7=0 A0=103160 A1=103100 A2=534F4 A3=108802 A4=108300 A5=108000 A6=10BA1E -- 00266A: dbra    D0, $2662
D0=19 D1=0 D2=34A77168 D3=0 D4=8402E40 D5=802100F8 D6=1 D7=0 A0=103160 A1=103100 A2=534F4 A3=108802 A4=108300 A5=108000 A6=10BA1E -- 002662: move.l  D7, (A0)+
D0=19 D1=0 D2=34A77168 D3=0 D4=8402E40 D5=802100F8 D6=1 D7=0 A0=103164 A1=103100 A2=534F4 A3=108802 A4=108300 A5=108000 A6=10BA1E -- 002664: move.l  D7, (A0)+
D0=19 D1=0 D2=34A77168 D3=0 D4=8402E40 D5=802100F8 D6=1 D7=0 A0=103168 A1=103100 A2=534F4 A3=108802 A4=108300 A5=108000 A6=10BA1E -- 002666: move.l  D7, (A0)+
D0=19 D1=0 D2=34A77168 D3=0 D4=8402E40 D5=802100F8 D6=1 D7=0 A0=10316C A1=103100 A2=534F4 A3=108802 A4=108300 A5=108000 A6=10BA1E -- 002668: move.l  D7, (A0)+
D0=19 D1=0 D2=34A77168 D3=0 D4=8402E40 D5=802100F8 D6=1 D7=0 A0=103170 A1=103100 A2=534F4 A3=108802 A4=108300 A5=108000 A6=10BA1E -- 00266A: dbra    D0, $2662
D0=18 D1=0 D2=34A77168 D3=0 D4=8402E40 D5=802100F8 D6=1 D7=0 A0=103170 A1=103100 A2=534F4 A3=108802 A4=108300 A5=108000 A6=10BA1E -- 002662: move.l  D7, (A0)+
D0=18 D1=0 D2=34A77168 D3=0 D4=8402E40 D5=802100F8 D6=1 D7=0 A0=103174 A1=103100 A2=534F4 A3=108802 A4=108300 A5=108000 A6=10BA1E -- 002664: move.l  D7, (A0)+
D0=18 D1=0 D2=34A77168 D3=0 D4=8402E40 D5=802100F8 D6=1 D7=0 A0=103178 A1=103100 A2=534F4 A3=108802 A4=108300 A5=108000 A6=10BA1E -- 002666: move.l  D7, (A0)+
D0=18 D1=0 D2=34A77168 D3=0 D4=8402E40 D5=802100F8 D6=1 D7=0 A0=10317C A1=103100 A2=534F4 A3=108802 A4=108300 A5=108000 A6=10BA1E -- 002668: move.l  D7, (A0)+
D0=18 D1=0 D2=34A77168 D3=0 D4=8402E40 D5=802100F8 D6=1 D7=0 A0=103180 A1=103100 A2=534F4 A3=108802 A4=108300 A5=108000 A6=10BA1E -- 00266A: dbra    D0, $2662
D0=17 D1=0 D2=34A77168 D3=0 D4=8402E40 D5=802100F8 D6=1 D7=0 A0=103180 A1=103100 A2=534F4 A3=108802 A4=108300 A5=108000 A6=10BA1E -- 002662: move.l  D7, (A0)+
D0=17 D1=0 D2=34A77168 D3=0 D4=8402E40 D5=802100F8 D6=1 D7=0 A0=103184 A1=103100 A2=534F4 A3=108802 A4=108300 A5=108000 A6=10BA1E -- 002664: move.l  D7, (A0)+
D0=17 D1=0 D2=34A77168 D3=0 D4=8402E40 D5=802100F8 D6=1 D7=0 A0=103188 A1=103100 A2=534F4 A3=108802 A4=108300 A5=108000 A6=10BA1E -- 002666: move.l  D7, (A0)+
D0=17 D1=0 D2=34A77168 D3=0 D4=8402E40 D5=802100F8 D6=1 D7=0 A0=10318C A1=103100 A2=534F4 A3=108802 A4=108300 A5=108000 A6=10BA1E -- 002668: move.l  D7, (A0)+
D0=17 D1=0 D2=34A77168 D3=0 D4=8402E40 D5=802100F8 D6=1 D7=0 A0=103190 A1=103100 A2=534F4 A3=108802 A4=108300 A5=108000 A6=10BA1E -- 00266A: dbra    D0, $2662
D0=16 D1=0 D2=34A77168 D3=0 D4=8402E40 D5=802100F8 D6=1 D7=0 A0=103190 A1=103100 A2=534F4 A3=108802 A4=108300 A5=108000 A6=10BA1E -- 002662: move.l  D7, (A0)+
D0=16 D1=0 D2=34A77168 D3=0 D4=8402E40 D5=802100F8 D6=1 D7=0 A0=103194 A1=103100 A2=534F4 A3=108802 A4=108300 A5=108000 A6=10BA1E -- 002664: move.l  D7, (A0)+
D0=16 D1=0 D2=34A77168 D3=0 D4=8402E40 D5=802100F8 D6=1 D7=0 A0=103198 A1=103100 A2=534F4 A3=108802 A4=108300 A5=108000 A6=10BA1E -- 002666: move.l  D7, (A0)+
D0=16 D1=0 D2=34A77168 D3=0 D4=8402E40 D5=802100F8 D6=1 D7=0 A0=10319C A1=103100 A2=534F4 A3=108802 A4=108300 A5=108000 A6=10BA1E -- 002668: move.l  D7, (A0)+
D0=16 D1=0 D2=34A77168 D3=0 D4=8402E40 D5=802100F8 D6=1 D7=0 A0=1031A0 A1=103100 A2=534F4 A3=108802 A4=108300 A5=108000 A6=10BA1E -- 00266A: dbra    D0, $2662
D0=15 D1=0 D2=34A77168 D3=0 D4=8402E40 D5=802100F8 D6=1 D7=0 A0=1031A0 A1=103100 A2=534F4 A3=108802 A4=108300 A5=108000 A6=10BA1E -- 002662: move.l  D7, (A0)+
D0=15 D1=0 D2=34A77168 D3=0 D4=8402E40 D5=802100F8 D6=1 D7=0 A0=1031A4 A1=103100 A2=534F4 A3=108802 A4=108300 A5=108000 A6=10BA1E -- 002664: move.l  D7, (A0)+
D0=15 D1=0 D2=34A77168 D3=0 D4=8402E40 D5=802100F8 D6=1 D7=0 A0=1031A8 A1=103100 A2=534F4 A3=108802 A4=108300 A5=108000 A6=10BA1E -- 002666: move.l  D7, (A0)+
D0=15 D1=0 D2=34A77168 D3=0 D4=8402E40 D5=802100F8 D6=1 D7=0 A0=1031AC A1=103100 A2=534F4 A3=108802 A4=108300 A5=108000 A6=10BA1E -- 002668: move.l  D7, (A0)+
D0=15 D1=0 D2=34A77168 D3=0 D4=8402E40 D5=802100F8 D6=1 D7=0 A0=1031B0 A1=103100 A2=534F4 A3=108802 A4=108300 A5=108000 A6=10BA1E -- 00266A: dbra    D0, $2662
D0=14 D1=0 D2=34A77168 D3=0 D4=8402E40 D5=802100F8 D6=1 D7=0 A0=1031B0 A1=103100 A2=534F4 A3=108802 A4=108300 A5=108000 A6=10BA1E -- 002662: move.l  D7, (A0)+
D0=14 D1=0 D2=34A77168 D3=0 D4=8402E40 D5=802100F8 D6=1 D7=0 A0=1031B4 A1=103100 A2=534F4 A3=108802 A4=108300 A5=108000 A6=10BA1E -- 002664: move.l  D7, (A0)+
D0=14 D1=0 D2=34A77168 D3=0 D4=8402E40 D5=802100F8 D6=1 D7=0 A0=1031B8 A1=103100 A2=534F4 A3=108802 A4=108300 A5=108000 A6=10BA1E -- 002666: move.l  D7, (A0)+
D0=14 D1=0 D2=34A77168 D3=0 D4=8402E40 D5=802100F8 D6=1 D7=0 A0=1031BC A1=103100 A2=534F4 A3=108802 A4=108300 A5=108000 A6=10BA1E -- 002668: move.l  D7, (A0)+
D0=14 D1=0 D2=34A77168 D3=0 D4=8402E40 D5=802100F8 D6=1 D7=0 A0=1031C0 A1=103100 A2=534F4 A3=108802 A4=108300 A5=108000 A6=10BA1E -- 00266A: dbra    D0, $2662
D0=13 D1=0 D2=34A77168 D3=0 D4=8402E40 D5=802100F8 D6=1 D7=0 A0=1031C0 A1=103100 A2=534F4 A3=108802 A4=108300 A5=108000 A6=10BA1E -- 002662: move.l  D7, (A0)+
D0=13 D1=0 D2=34A77168 D3=0 D4=8402E40 D5=802100F8 D6=1 D7=0 A0=1031C4 A1=103100 A2=534F4 A3=108802 A4=108300 A5=108000 A6=10BA1E -- 002664: move.l  D7, (A0)+
D0=13 D1=0 D2=34A77168 D3=0 D4=8402E40 D5=802100F8 D6=1 D7=0 A0=1031C8 A1=103100 A2=534F4 A3=108802 A4=108300 A5=108000 A6=10BA1E -- 002666: move.l  D7, (A0)+
D0=13 D1=0 D2=34A77168 D3=0 D4=8402E40 D5=802100F8 D6=1 D7=0 A0=1031CC A1=103100 A2=534F4 A3=108802 A4=108300 A5=108000 A6=10BA1E -- 002668: move.l  D7, (A0)+
D0=13 D1=0 D2=34A77168 D3=0 D4=8402E40 D5=802100F8 D6=1 D7=0 A0=1031D0 A1=103100 A2=534F4 A3=108802 A4=108300 A5=108000 A6=10BA1E -- 00266A: dbra    D0, $2662
D0=12 D1=0 D2=34A77168 D3=0 D4=8402E40 D5=802100F8 D6=1 D7=0 A0=1031D0 A1=103100 A2=534F4 A3=108802 A4=108300 A5=108000 A6=10BA1E -- 002662: move.l  D7, (A0)+
D0=12 D1=0 D2=34A77168 D3=0 D4=8402E40 D5=802100F8 D6=1 D7=0 A0=1031D4 A1=103100 A2=534F4 A3=108802 A4=108300 A5=108000 A6=10BA1E -- 002664: move.l  D7, (A0)+
D0=12 D1=0 D2=34A77168 D3=0 D4=8402E40 D5=802100F8 D6=1 D7=0 A0=1031D8 A1=103100 A2=534F4 A3=108802 A4=108300 A5=108000 A6=10BA1E -- 002666: move.l  D7, (A0)+
D0=12 D1=0 D2=34A77168 D3=0 D4=8402E40 D5=802100F8 D6=1 D7=0 A0=1031DC A1=103100 A2=534F4 A3=108802 A4=108300 A5=108000 A6=10BA1E -- 002668: move.l  D7, (A0)+
D0=12 D1=0 D2=34A77168 D3=0 D4=8402E40 D5=802100F8 D6=1 D7=0 A0=1031E0 A1=103100 A2=534F4 A3=108802 A4=108300 A5=108000 A6=10BA1E -- 00266A: dbra    D0, $2662
D0=11 D1=0 D2=34A77168 D3=0 D4=8402E40 D5=802100F8 D6=1 D7=0 A0=1031E0 A1=103100 A2=534F4 A3=108802 A4=108300 A5=108000 A6=10BA1E -- 002662: move.l  D7, (A0)+
D0=11 D1=0 D2=34A77168 D3=0 D4=8402E40 D5=802100F8 D6=1 D7=0 A0=1031E4 A1=103100 A2=534F4 A3=108802 A4=108300 A5=108000 A6=10BA1E -- 002664: move.l  D7, (A0)+
D0=11 D1=0 D2=34A77168 D3=0 D4=8402E40 D5=802100F8 D6=1 D7=0 A0=1031E8 A1=103100 A2=534F4 A3=108802 A4=108300 A5=108000 A6=10BA1E -- 002666: move.l  D7, (A0)+
D0=11 D1=0 D2=34A77168 D3=0 D4=8402E40 D5=802100F8 D6=1 D7=0 A0=1031EC A1=103100 A2=534F4 A3=108802 A4=108300 A5=108000 A6=10BA1E -- 002668: move.l  D7, (A0)+
D0=11 D1=0 D2=34A77168 D3=0 D4=8402E40 D5=802100F8 D6=1 D7=0 A0=1031F0 A1=103100 A2=534F4 A3=108802 A4=108300 A5=108000 A6=10BA1E -- 00266A: dbra    D0, $2662
D0=10 D1=0 D2=34A77168 D3=0 D4=8402E40 D5=802100F8 D6=1 D7=0 A0=1031F0 A1=103100 A2=534F4 A3=108802 A4=108300 A5=108000 A6=10BA1E -- 002662: move.l  D7, (A0)+
D0=10 D1=0 D2=34A77168 D3=0 D4=8402E40 D5=802100F8 D6=1 D7=0 A0=1031F4 A1=103100 A2=534F4 A3=108802 A4=108300 A5=108000 A6=10BA1E -- 002664: move.l  D7, (A0)+
D0=10 D1=0 D2=34A77168 D3=0 D4=8402E40 D5=802100F8 D6=1 D7=0 A0=1031F8 A1=103100 A2=534F4 A3=108802 A4=108300 A5=108000 A6=10BA1E -- 002666: move.l  D7, (A0)+
D0=10 D1=0 D2=34A77168 D3=0 D4=8402E40 D5=802100F8 D6=1 D7=0 A0=1031FC A1=103100 A2=534F4 A3=108802 A4=108300 A5=108000 A6=10BA1E -- 002668: move.l  D7, (A0)+
D0=10 D1=0 D2=34A77168 D3=0 D4=8402E40 D5=802100F8 D6=1 D7=0 A0=103200 A1=103100 A2=534F4 A3=108802 A4=108300 A5=108000 A6=10BA1E -- 00266A: dbra    D0, $2662
D0=F D1=0 D2=34A77168 D3=0 D4=8402E40 D5=802100F8 D6=1 D7=0 A0=103200 A1=103100 A2=534F4 A3=108802 A4=108300 A5=108000 A6=10BA1E -- 002662: move.l  D7, (A0)+
D0=F D1=0 D2=34A77168 D3=0 D4=8402E40 D5=802100F8 D6=1 D7=0 A0=103204 A1=103100 A2=534F4 A3=108802 A4=108300 A5=108000 A6=10BA1E -- 002664: move.l  D7, (A0)+
D0=F D1=0 D2=34A77168 D3=0 D4=8402E40 D5=802100F8 D6=1 D7=0 A0=103208 A1=103100 A2=534F4 A3=108802 A4=108300 A5=108000 A6=10BA1E -- 002666: move.l  D7, (A0)+
D0=F D1=0 D2=34A77168 D3=0 D4=8402E40 D5=802100F8 D6=1 D7=0 A0=10320C A1=103100 A2=534F4 A3=108802 A4=108300 A5=108000 A6=10BA1E -- 002668: move.l  D7, (A0)+
D0=F D1=0 D2=34A77168 D3=0 D4=8402E40 D5=802100F8 D6=1 D7=0 A0=103210 A1=103100 A2=534F4 A3=108802 A4=108300 A5=108000 A6=10BA1E -- 00266A: dbra    D0, $2662
D0=E D1=0 D2=34A77168 D3=0 D4=8402E40 D5=802100F8 D6=1 D7=0 A0=103210 A1=103100 A2=534F4 A3=108802 A4=108300 A5=108000 A6=10BA1E -- 002662: move.l  D7, (A0)+
D0=E D1=0 D2=34A77168 D3=0 D4=8402E40 D5=802100F8 D6=1 D7=0 A0=103214 A1=103100 A2=534F4 A3=108802 A4=108300 A5=108000 A6=10BA1E -- 002664: move.l  D7, (A0)+
D0=E D1=0 D2=34A77168 D3=0 D4=8402E40 D5=802100F8 D6=1 D7=0 A0=103218 A1=103100 A2=534F4 A3=108802 A4=108300 A5=108000 A6=10BA1E -- 002666: move.l  D7, (A0)+
D0=E D1=0 D2=34A77168 D3=0 D4=8402E40 D5=802100F8 D6=1 D7=0 A0=10321C A1=103100 A2=534F4 A3=108802 A4=108300 A5=108000 A6=10BA1E -- 002668: move.l  D7, (A0)+
D0=E D1=0 D2=34A77168 D3=0 D4=8402E40 D5=802100F8 D6=1 D7=0 A0=103220 A1=103100 A2=534F4 A3=108802 A4=108300 A5=108000 A6=10BA1E -- 00266A: dbra    D0, $2662
D0=D D1=0 D2=34A77168 D3=0 D4=8402E40 D5=802100F8 D6=1 D7=0 A0=103220 A1=103100 A2=534F4 A3=108802 A4=108300 A5=108000 A6=10BA1E -- 002662: move.l  D7, (A0)+
D0=D D1=0 D2=34A77168 D3=0 D4=8402E40 D5=802100F8 D6=1 D7=0 A0=103224 A1=103100 A2=534F4 A3=108802 A4=108300 A5=108000 A6=10BA1E -- 002664: move.l  D7, (A0)+
D0=D D1=0 D2=34A77168 D3=0 D4=8402E40 D5=802100F8 D6=1 D7=0 A0=103228 A1=103100 A2=534F4 A3=108802 A4=108300 A5=108000 A6=10BA1E -- 002666: move.l  D7, (A0)+
D0=D D1=0 D2=34A77168 D3=0 D4=8402E40 D5=802100F8 D6=1 D7=0 A0=10322C A1=103100 A2=534F4 A3=108802 A4=108300 A5=108000 A6=10BA1E -- 002668: move.l  D7, (A0)+
D0=D D1=0 D2=34A77168 D3=0 D4=8402E40 D5=802100F8 D6=1 D7=0 A0=103230 A1=103100 A2=534F4 A3=108802 A4=108300 A5=108000 A6=10BA1E -- 00266A: dbra    D0, $2662
D0=C D1=0 D2=34A77168 D3=0 D4=8402E40 D5=802100F8 D6=1 D7=0 A0=103230 A1=103100 A2=534F4 A3=108802 A4=108300 A5=108000 A6=10BA1E -- 002662: move.l  D7, (A0)+
D0=C D1=0 D2=34A77168 D3=0 D4=8402E40 D5=802100F8 D6=1 D7=0 A0=103234 A1=103100 A2=534F4 A3=108802 A4=108300 A5=108000 A6=10BA1E -- 002664: move.l  D7, (A0)+
D0=C D1=0 D2=34A77168 D3=0 D4=8402E40 D5=802100F8 D6=1 D7=0 A0=103238 A1=103100 A2=534F4 A3=108802 A4=108300 A5=108000 A6=10BA1E -- 002666: move.l  D7, (A0)+
D0=C D1=0 D2=34A77168 D3=0 D4=8402E40 D5=802100F8 D6=1 D7=0 A0=10323C A1=103100 A2=534F4 A3=108802 A4=108300 A5=108000 A6=10BA1E -- 002668: move.l  D7, (A0)+
D0=C D1=0 D2=34A77168 D3=0 D4=8402E40 D5=802100F8 D6=1 D7=0 A0=103240 A1=103100 A2=534F4 A3=108802 A4=108300 A5=108000 A6=10BA1E -- 00266A: dbra    D0, $2662
D0=B D1=0 D2=34A77168 D3=0 D4=8402E40 D5=802100F8 D6=1 D7=0 A0=103240 A1=103100 A2=534F4 A3=108802 A4=108300 A5=108000 A6=10BA1E -- 002662: move.l  D7, (A0)+
D0=B D1=0 D2=34A77168 D3=0 D4=8402E40 D5=802100F8 D6=1 D7=0 A0=103244 A1=103100 A2=534F4 A3=108802 A4=108300 A5=108000 A6=10BA1E -- 002664: move.l  D7, (A0)+
D0=B D1=0 D2=34A77168 D3=0 D4=8402E40 D5=802100F8 D6=1 D7=0 A0=103248 A1=103100 A2=534F4 A3=108802 A4=108300 A5=108000 A6=10BA1E -- 002666: move.l  D7, (A0)+
D0=B D1=0 D2=34A77168 D3=0 D4=8402E40 D5=802100F8 D6=1 D7=0 A0=10324C A1=103100 A2=534F4 A3=108802 A4=108300 A5=108000 A6=10BA1E -- 002668: move.l  D7, (A0)+
D0=B D1=0 D2=34A77168 D3=0 D4=8402E40 D5=802100F8 D6=1 D7=0 A0=103250 A1=103100 A2=534F4 A3=108802 A4=108300 A5=108000 A6=10BA1E -- 00266A: dbra    D0, $2662
D0=A D1=0 D2=34A77168 D3=0 D4=8402E40 D5=802100F8 D6=1 D7=0 A0=103250 A1=103100 A2=534F4 A3=108802 A4=108300 A5=108000 A6=10BA1E -- 002662: move.l  D7, (A0)+
D0=A D1=0 D2=34A77168 D3=0 D4=8402E40 D5=802100F8 D6=1 D7=0 A0=103254 A1=103100 A2=534F4 A3=108802 A4=108300 A5=108000 A6=10BA1E -- 002664: move.l  D7, (A0)+
D0=A D1=0 D2=34A77168 D3=0 D4=8402E40 D5=802100F8 D6=1 D7=0 A0=103258 A1=103100 A2=534F4 A3=108802 A4=108300 A5=108000 A6=10BA1E -- 002666: move.l  D7, (A0)+
D0=A D1=0 D2=34A77168 D3=0 D4=8402E40 D5=802100F8 D6=1 D7=0 A0=10325C A1=103100 A2=534F4 A3=108802 A4=108300 A5=108000 A6=10BA1E -- 002668: move.l  D7, (A0)+
D0=A D1=0 D2=34A77168 D3=0 D4=8402E40 D5=802100F8 D6=1 D7=0 A0=103260 A1=103100 A2=534F4 A3=108802 A4=108300 A5=108000 A6=10BA1E -- 00266A: dbra    D0, $2662
D0=9 D1=0 D2=34A77168 D3=0 D4=8402E40 D5=802100F8 D6=1 D7=0 A0=103260 A1=103100 A2=534F4 A3=108802 A4=108300 A5=108000 A6=10BA1E -- 002662: move.l  D7, (A0)+
D0=9 D1=0 D2=34A77168 D3=0 D4=8402E40 D5=802100F8 D6=1 D7=0 A0=103264 A1=103100 A2=534F4 A3=108802 A4=108300 A5=108000 A6=10BA1E -- 002664: move.l  D7, (A0)+
D0=9 D1=0 D2=34A77168 D3=0 D4=8402E40 D5=802100F8 D6=1 D7=0 A0=103268 A1=103100 A2=534F4 A3=108802 A4=108300 A5=108000 A6=10BA1E -- 002666: move.l  D7, (A0)+
D0=9 D1=0 D2=34A77168 D3=0 D4=8402E40 D5=802100F8 D6=1 D7=0 A0=10326C A1=103100 A2=534F4 A3=108802 A4=108300 A5=108000 A6=10BA1E -- 002668: move.l  D7, (A0)+
D0=9 D1=0 D2=34A77168 D3=0 D4=8402E40 D5=802100F8 D6=1 D7=0 A0=103270 A1=103100 A2=534F4 A3=108802 A4=108300 A5=108000 A6=10BA1E -- 00266A: dbra    D0, $2662
D0=8 D1=0 D2=34A77168 D3=0 D4=8402E40 D5=802100F8 D6=1 D7=0 A0=103270 A1=103100 A2=534F4 A3=108802 A4=108300 A5=108000 A6=10BA1E -- 002662: move.l  D7, (A0)+
D0=8 D1=0 D2=34A77168 D3=0 D4=8402E40 D5=802100F8 D6=1 D7=0 A0=103274 A1=103100 A2=534F4 A3=108802 A4=108300 A5=108000 A6=10BA1E -- 002664: move.l  D7, (A0)+
D0=8 D1=0 D2=34A77168 D3=0 D4=8402E40 D5=802100F8 D6=1 D7=0 A0=103278 A1=103100 A2=534F4 A3=108802 A4=108300 A5=108000 A6=10BA1E -- 002666: move.l  D7, (A0)+
D0=8 D1=0 D2=34A77168 D3=0 D4=8402E40 D5=802100F8 D6=1 D7=0 A0=10327C A1=103100 A2=534F4 A3=108802 A4=108300 A5=108000 A6=10BA1E -- 002668: move.l  D7, (A0)+
D0=8 D1=0 D2=34A77168 D3=0 D4=8402E40 D5=802100F8 D6=1 D7=0 A0=103280 A1=103100 A2=534F4 A3=108802 A4=108300 A5=108000 A6=10BA1E -- 00266A: dbra    D0, $2662
D0=7 D1=0 D2=34A77168 D3=0 D4=8402E40 D5=802100F8 D6=1 D7=0 A0=103280 A1=103100 A2=534F4 A3=108802 A4=108300 A5=108000 A6=10BA1E -- 002662: move.l  D7, (A0)+
D0=7 D1=0 D2=34A77168 D3=0 D4=8402E40 D5=802100F8 D6=1 D7=0 A0=103284 A1=103100 A2=534F4 A3=108802 A4=108300 A5=108000 A6=10BA1E -- 002664: move.l  D7, (A0)+
D0=7 D1=0 D2=34A77168 D3=0 D4=8402E40 D5=802100F8 D6=1 D7=0 A0=103288 A1=103100 A2=534F4 A3=108802 A4=108300 A5=108000 A6=10BA1E -- 002666: move.l  D7, (A0)+
D0=7 D1=0 D2=34A77168 D3=0 D4=8402E40 D5=802100F8 D6=1 D7=0 A0=10328C A1=103100 A2=534F4 A3=108802 A4=108300 A5=108000 A6=10BA1E -- 002668: move.l  D7, (A0)+
D0=7 D1=0 D2=34A77168 D3=0 D4=8402E40 D5=802100F8 D6=1 D7=0 A0=103290 A1=103100 A2=534F4 A3=108802 A4=108300 A5=108000 A6=10BA1E -- 00266A: dbra    D0, $2662
D0=6 D1=0 D2=34A77168 D3=0 D4=8402E40 D5=802100F8 D6=1 D7=0 A0=103290 A1=103100 A2=534F4 A3=108802 A4=108300 A5=108000 A6=10BA1E -- 002662: move.l  D7, (A0)+
D0=6 D1=0 D2=34A77168 D3=0 D4=8402E40 D5=802100F8 D6=1 D7=0 A0=103294 A1=103100 A2=534F4 A3=108802 A4=108300 A5=108000 A6=10BA1E -- 002664: move.l  D7, (A0)+
D0=6 D1=0 D2=34A77168 D3=0 D4=8402E40 D5=802100F8 D6=1 D7=0 A0=103298 A1=103100 A2=534F4 A3=108802 A4=108300 A5=108000 A6=10BA1E -- 002666: move.l  D7, (A0)+
D0=6 D1=0 D2=34A77168 D3=0 D4=8402E40 D5=802100F8 D6=1 D7=0 A0=10329C A1=103100 A2=534F4 A3=108802 A4=108300 A5=108000 A6=10BA1E -- 002668: move.l  D7, (A0)+
D0=6 D1=0 D2=34A77168 D3=0 D4=8402E40 D5=802100F8 D6=1 D7=0 A0=1032A0 A1=103100 A2=534F4 A3=108802 A4=108300 A5=108000 A6=10BA1E -- 00266A: dbra    D0, $2662
D0=5 D1=0 D2=34A77168 D3=0 D4=8402E40 D5=802100F8 D6=1 D7=0 A0=1032A0 A1=103100 A2=534F4 A3=108802 A4=108300 A5=108000 A6=10BA1E -- 002662: move.l  D7, (A0)+
D0=5 D1=0 D2=34A77168 D3=0 D4=8402E40 D5=802100F8 D6=1 D7=0 A0=1032A4 A1=103100 A2=534F4 A3=108802 A4=108300 A5=108000 A6=10BA1E -- 002664: move.l  D7, (A0)+
D0=5 D1=0 D2=34A77168 D3=0 D4=8402E40 D5=802100F8 D6=1 D7=0 A0=1032A8 A1=103100 A2=534F4 A3=108802 A4=108300 A5=108000 A6=10BA1E -- 002666: move.l  D7, (A0)+
D0=5 D1=0 D2=34A77168 D3=0 D4=8402E40 D5=802100F8 D6=1 D7=0 A0=1032AC A1=103100 A2=534F4 A3=108802 A4=108300 A5=108000 A6=10BA1E -- 002668: move.l  D7, (A0)+
D0=5 D1=0 D2=34A77168 D3=0 D4=8402E40 D5=802100F8 D6=1 D7=0 A0=1032B0 A1=103100 A2=534F4 A3=108802 A4=108300 A5=108000 A6=10BA1E -- 00266A: dbra    D0, $2662
D0=4 D1=0 D2=34A77168 D3=0 D4=8402E40 D5=802100F8 D6=1 D7=0 A0=1032B0 A1=103100 A2=534F4 A3=108802 A4=108300 A5=108000 A6=10BA1E -- 002662: move.l  D7, (A0)+
D0=4 D1=0 D2=34A77168 D3=0 D4=8402E40 D5=802100F8 D6=1 D7=0 A0=1032B4 A1=103100 A2=534F4 A3=108802 A4=108300 A5=108000 A6=10BA1E -- 002664: move.l  D7, (A0)+
D0=4 D1=0 D2=34A77168 D3=0 D4=8402E40 D5=802100F8 D6=1 D7=0 A0=1032B8 A1=103100 A2=534F4 A3=108802 A4=108300 A5=108000 A6=10BA1E -- 002666: move.l  D7, (A0)+
D0=4 D1=0 D2=34A77168 D3=0 D4=8402E40 D5=802100F8 D6=1 D7=0 A0=1032BC A1=103100 A2=534F4 A3=108802 A4=108300 A5=108000 A6=10BA1E -- 002668: move.l  D7, (A0)+
D0=4 D1=0 D2=34A77168 D3=0 D4=8402E40 D5=802100F8 D6=1 D7=0 A0=1032C0 A1=103100 A2=534F4 A3=108802 A4=108300 A5=108000 A6=10BA1E -- 00266A: dbra    D0, $2662
D0=3 D1=0 D2=34A77168 D3=0 D4=8402E40 D5=802100F8 D6=1 D7=0 A0=1032C0 A1=103100 A2=534F4 A3=108802 A4=108300 A5=108000 A6=10BA1E -- 002662: move.l  D7, (A0)+
D0=3 D1=0 D2=34A77168 D3=0 D4=8402E40 D5=802100F8 D6=1 D7=0 A0=1032C4 A1=103100 A2=534F4 A3=108802 A4=108300 A5=108000 A6=10BA1E -- 002664: move.l  D7, (A0)+
D0=3 D1=0 D2=34A77168 D3=0 D4=8402E40 D5=802100F8 D6=1 D7=0 A0=1032C8 A1=103100 A2=534F4 A3=108802 A4=108300 A5=108000 A6=10BA1E -- 002666: move.l  D7, (A0)+
D0=3 D1=0 D2=34A77168 D3=0 D4=8402E40 D5=802100F8 D6=1 D7=0 A0=1032CC A1=103100 A2=534F4 A3=108802 A4=108300 A5=108000 A6=10BA1E -- 002668: move.l  D7, (A0)+
D0=3 D1=0 D2=34A77168 D3=0 D4=8402E40 D5=802100F8 D6=1 D7=0 A0=1032D0 A1=103100 A2=534F4 A3=108802 A4=108300 A5=108000 A6=10BA1E -- 00266A: dbra    D0, $2662
D0=2 D1=0 D2=34A77168 D3=0 D4=8402E40 D5=802100F8 D6=1 D7=0 A0=1032D0 A1=103100 A2=534F4 A3=108802 A4=108300 A5=108000 A6=10BA1E -- 002662: move.l  D7, (A0)+
D0=2 D1=0 D2=34A77168 D3=0 D4=8402E40 D5=802100F8 D6=1 D7=0 A0=1032D4 A1=103100 A2=534F4 A3=108802 A4=108300 A5=108000 A6=10BA1E -- 002664: move.l  D7, (A0)+
D0=2 D1=0 D2=34A77168 D3=0 D4=8402E40 D5=802100F8 D6=1 D7=0 A0=1032D8 A1=103100 A2=534F4 A3=108802 A4=108300 A5=108000 A6=10BA1E -- 002666: move.l  D7, (A0)+
D0=2 D1=0 D2=34A77168 D3=0 D4=8402E40 D5=802100F8 D6=1 D7=0 A0=1032DC A1=103100 A2=534F4 A3=108802 A4=108300 A5=108000 A6=10BA1E -- 002668: move.l  D7, (A0)+
D0=2 D1=0 D2=34A77168 D3=0 D4=8402E40 D5=802100F8 D6=1 D7=0 A0=1032E0 A1=103100 A2=534F4 A3=108802 A4=108300 A5=108000 A6=10BA1E -- 00266A: dbra    D0, $2662
D0=1 D1=0 D2=34A77168 D3=0 D4=8402E40 D5=802100F8 D6=1 D7=0 A0=1032E0 A1=103100 A2=534F4 A3=108802 A4=108300 A5=108000 A6=10BA1E -- 002662: move.l  D7, (A0)+
D0=1 D1=0 D2=34A77168 D3=0 D4=8402E40 D5=802100F8 D6=1 D7=0 A0=1032E4 A1=103100 A2=534F4 A3=108802 A4=108300 A5=108000 A6=10BA1E -- 002664: move.l  D7, (A0)+
D0=1 D1=0 D2=34A77168 D3=0 D4=8402E40 D5=802100F8 D6=1 D7=0 A0=1032E8 A1=103100 A2=534F4 A3=108802 A4=108300 A5=108000 A6=10BA1E -- 002666: move.l  D7, (A0)+
D0=1 D1=0 D2=34A77168 D3=0 D4=8402E40 D5=802100F8 D6=1 D7=0 A0=1032EC A1=103100 A2=534F4 A3=108802 A4=108300 A5=108000 A6=10BA1E -- 002668: move.l  D7, (A0)+
D0=1 D1=0 D2=34A77168 D3=0 D4=8402E40 D5=802100F8 D6=1 D7=0 A0=1032F0 A1=103100 A2=534F4 A3=108802 A4=108300 A5=108000 A6=10BA1E -- 00266A: dbra    D0, $2662
D0=0 D1=0 D2=34A77168 D3=0 D4=8402E40 D5=802100F8 D6=1 D7=0 A0=1032F0 A1=103100 A2=534F4 A3=108802 A4=108300 A5=108000 A6=10BA1E -- 002662: move.l  D7, (A0)+
D0=0 D1=0 D2=34A77168 D3=0 D4=8402E40 D5=802100F8 D6=1 D7=0 A0=1032F4 A1=103100 A2=534F4 A3=108802 A4=108300 A5=108000 A6=10BA1E -- 002664: move.l  D7, (A0)+
D0=0 D1=0 D2=34A77168 D3=0 D4=8402E40 D5=802100F8 D6=1 D7=0 A0=1032F8 A1=103100 A2=534F4 A3=108802 A4=108300 A5=108000 A6=10BA1E -- 002666: move.l  D7, (A0)+
D0=0 D1=0 D2=34A77168 D3=0 D4=8402E40 D5=802100F8 D6=1 D7=0 A0=1032FC A1=103100 A2=534F4 A3=108802 A4=108300 A5=108000 A6=10BA1E -- 002668: move.l  D7, (A0)+
D0=0 D1=0 D2=34A77168 D3=0 D4=8402E40 D5=802100F8 D6=1 D7=0 A0=103300 A1=103100 A2=534F4 A3=108802 A4=108300 A5=108000 A6=10BA1E -- 00266A: dbra    D0, $2662
D0=FFFF D1=0 D2=34A77168 D3=0 D4=8402E40 D5=802100F8 D6=1 D7=0 A0=103300 A1=103100 A2=534F4 A3=108802 A4=108300 A5=108000 A6=10BA1E -- 00266E: rts
D0=FFFF D1=0 D2=34A77168 D3=0 D4=8402E40 D5=802100F8 D6=1 D7=0 A0=103300 A1=103100 A2=534F4 A3=108802 A4=108300 A5=108000 A6=10BA1E -- 0378E6: bsr     $3791c
D0=FFFF D1=0 D2=34A77168 D3=0 D4=8402E40 D5=802100F8 D6=1 D7=0 A0=103300 A1=103100 A2=534F4 A3=108802 A4=108300 A5=108000 A6=10BA1E -- 03791C: clr.b   ($cf,A1)
D0=FFFF D1=0 D2=34A77168 D3=0 D4=8402E40 D5=802100F8 D6=1 D7=0 A0=103300 A1=103100 A2=534F4 A3=108802 A4=108300 A5=108000 A6=10BA1E -- 037920: move.l  #$4d454d42, ($10,A1)
D0=FFFF D1=0 D2=34A77168 D3=0 D4=8402E40 D5=802100F8 D6=1 D7=0 A0=103300 A1=103100 A2=534F4 A3=108802 A4=108300 A5=108000 A6=10BA1E -- 037928: move.l  #$44495350, ($14,A1)
D0=FFFF D1=0 D2=34A77168 D3=0 D4=8402E40 D5=802100F8 D6=1 D7=0 A0=103300 A1=103100 A2=534F4 A3=108802 A4=108300 A5=108000 A6=10BA1E -- 037930: move.b  #$ff, ($68,A1)
D0=FFFF D1=0 D2=34A77168 D3=0 D4=8402E40 D5=802100F8 D6=1 D7=0 A0=103300 A1=103100 A2=534F4 A3=108802 A4=108300 A5=108000 A6=10BA1E -- 037936: move.b  #$ff, ($69,A1)
D0=FFFF D1=0 D2=34A77168 D3=0 D4=8402E40 D5=802100F8 D6=1 D7=0 A0=103300 A1=103100 A2=534F4 A3=108802 A4=108300 A5=108000 A6=10BA1E -- 03793C: clr.l   ($18,A1)
D0=FFFF D1=0 D2=34A77168 D3=0 D4=8402E40 D5=802100F8 D6=1 D7=0 A0=103300 A1=103100 A2=534F4 A3=108802 A4=108300 A5=108000 A6=10BA1E -- 037940: clr.l   ($1c,A1)
D0=FFFF D1=0 D2=34A77168 D3=0 D4=8402E40 D5=802100F8 D6=1 D7=0 A0=103300 A1=103100 A2=534F4 A3=108802 A4=108300 A5=108000 A6=10BA1E -- 037944: clr.l   ($20,A1)
D0=FFFF D1=0 D2=34A77168 D3=0 D4=8402E40 D5=802100F8 D6=1 D7=0 A0=103300 A1=103100 A2=534F4 A3=108802 A4=108300 A5=108000 A6=10BA1E -- 037948: move.w  D5, ($24,A1)
D0=FFFF D1=0 D2=34A77168 D3=0 D4=8402E40 D5=802100F8 D6=1 D7=0 A0=103300 A1=103100 A2=534F4 A3=108802 A4=108300 A5=108000 A6=10BA1E -- 03794C: move.w  #$b8, ($26,A1)
D0=FFFF D1=0 D2=34A77168 D3=0 D4=8402E40 D5=802100F8 D6=1 D7=0 A0=103300 A1=103100 A2=534F4 A3=108802 A4=108300 A5=108000 A6=10BA1E -- 037952: move.l  A4, ($84,A1)
D0=FFFF D1=0 D2=34A77168 D3=0 D4=8402E40 D5=802100F8 D6=1 D7=0 A0=103300 A1=103100 A2=534F4 A3=108802 A4=108300 A5=108000 A6=10BA1E -- 037956: move.l  A1, (A3)+
D0=FFFF D1=0 D2=34A77168 D3=0 D4=8402E40 D5=802100F8 D6=1 D7=0 A0=103300 A1=103100 A2=534F4 A3=108806 A4=108300 A5=108000 A6=10BA1E -- 037958: rts
D0=FFFF D1=0 D2=34A77168 D3=0 D4=8402E40 D5=802100F8 D6=1 D7=0 A0=103300 A1=103100 A2=534F4 A3=108806 A4=108300 A5=108000 A6=10BA1E -- 0378EA: move.w  #$6e, ($2c,A1)
D0=FFFF D1=0 D2=34A77168 D3=0 D4=8402E40 D5=802100F8 D6=1 D7=0 A0=103300 A1=103100 A2=534F4 A3=108806 A4=108300 A5=108000 A6=10BA1E -- 0378F0: sub.w   D6, ($2c,A1)
D0=FFFF D1=0 D2=34A77168 D3=0 D4=8402E40 D5=802100F8 D6=1 D7=0 A0=103300 A1=103100 A2=534F4 A3=108806 A4=108300 A5=108000 A6=10BA1E -- 0378F4: move.w  D6, ($d0,A1)
D0=FFFF D1=0 D2=34A77168 D3=0 D4=8402E40 D5=802100F8 D6=1 D7=0 A0=103300 A1=103100 A2=534F4 A3=108806 A4=108300 A5=108000 A6=10BA1E -- 0378F8: lea     ($64,PC) ; ($3795e), A0
D0=FFFF D1=0 D2=34A77168 D3=0 D4=8402E40 D5=802100F8 D6=1 D7=0 A0=3795E A1=103100 A2=534F4 A3=108806 A4=108300 A5=108000 A6=10BA1E -- 0378FC: nop
D0=FFFF D1=0 D2=34A77168 D3=0 D4=8402E40 D5=802100F8 D6=1 D7=0 A0=3795E A1=103100 A2=534F4 A3=108806 A4=108300 A5=108000 A6=10BA1E -- 0378FE: move.b  (A0,D6.w), ($30,A1)
D0=FFFF D1=0 D2=34A77168 D3=0 D4=8402E40 D5=802100F8 D6=1 D7=0 A0=3795E A1=103100 A2=534F4 A3=108806 A4=108300 A5=108000 A6=10BA1E -- 037904: addi.w  #$20, D5
D0=FFFF D1=0 D2=34A77168 D3=0 D4=8402E40 D5=80210118 D6=1 D7=0 A0=3795E A1=103100 A2=534F4 A3=108806 A4=108300 A5=108000 A6=10BA1E -- 037908: dbra    D6, $378d8
D0=FFFF D1=0 D2=34A77168 D3=0 D4=8402E40 D5=80210118 D6=0 D7=0 A0=3795E A1=103100 A2=534F4 A3=108806 A4=108300 A5=108000 A6=10BA1E -- 0378D8: lea     ($88,PC) ; ($37962), A0
D0=FFFF D1=0 D2=34A77168 D3=0 D4=8402E40 D5=80210118 D6=0 D7=0 A0=37962 A1=103100 A2=534F4 A3=108806 A4=108300 A5=108000 A6=10BA1E -- 0378DC: nop
D0=FFFF D1=0 D2=34A77168 D3=0 D4=8402E40 D5=80210118 D6=0 D7=0 A0=37962 A1=103100 A2=534F4 A3=108806 A4=108300 A5=108000 A6=10BA1E -- 0378DE: move.w  #$3500, D0
D0=3500 D1=0 D2=34A77168 D3=0 D4=8402E40 D5=80210118 D6=0 D7=0 A0=37962 A1=103100 A2=534F4 A3=108806 A4=108300 A5=108000 A6=10BA1E -- 0378E2: jsr     $260e.w
D0=3500 D1=0 D2=34A77168 D3=0 D4=8402E40 D5=80210118 D6=0 D7=0 A0=37962 A1=103100 A2=534F4 A3=108806 A4=108300 A5=108000 A6=10BA1E -- 00260E: move.w  ($580,A5), D7
D0=3500 D1=0 D2=34A77168 D3=0 D4=8402E40 D5=80210118 D6=0 D7=4C A0=37962 A1=103100 A2=534F4 A3=108806 A4=108300 A5=108000 A6=10BA1E -- 002612: bmi     $2670
D0=3500 D1=0 D2=34A77168 D3=0 D4=8402E40 D5=80210118 D6=0 D7=4C A0=37962 A1=103100 A2=534F4 A3=108806 A4=108300 A5=108000 A6=10BA1E -- 002616: subq.w  #2, ($580,A5)
D0=3500 D1=0 D2=34A77168 D3=0 D4=8402E40 D5=80210118 D6=0 D7=4C A0=37962 A1=103100 A2=534F4 A3=108806 A4=108300 A5=108000 A6=10BA1E -- 00261A: lea     ($500,A5), A1
D0=3500 D1=0 D2=34A77168 D3=0 D4=8402E40 D5=80210118 D6=0 D7=4C A0=37962 A1=108500 A2=534F4 A3=108806 A4=108300 A5=108000 A6=10BA1E -- 00261E: movea.w (A1,D7.w), A1
D0=3500 D1=0 D2=34A77168 D3=0 D4=8402E40 D5=80210118 D6=0 D7=4C A0=37962 A1=3300 A2=534F4 A3=108806 A4=108300 A5=108000 A6=10BA1E -- 002622: adda.l  #$100000, A1
D0=3500 D1=0 D2=34A77168 D3=0 D4=8402E40 D5=80210118 D6=0 D7=4C A0=37962 A1=103300 A2=534F4 A3=108806 A4=108300 A5=108000 A6=10BA1E -- 002628: move.l  A0, (A1)
D0=3500 D1=0 D2=34A77168 D3=0 D4=8402E40 D5=80210118 D6=0 D7=4C A0=37962 A1=103300 A2=534F4 A3=108806 A4=108300 A5=108000 A6=10BA1E -- 00262A: move.w  D0, ($8,A1)
D0=3500 D1=0 D2=34A77168 D3=0 D4=8402E40 D5=80210118 D6=0 D7=4C A0=37962 A1=103300 A2=534F4 A3=108806 A4=108300 A5=108000 A6=10BA1E -- 00262E: lea     (-$7f00,A5), A0
D0=3500 D1=0 D2=34A77168 D3=0 D4=8402E40 D5=80210118 D6=0 D7=4C A0=100100 A1=103300 A2=534F4 A3=108806 A4=108300 A5=108000 A6=10BA1E -- 002632: move.l  A0, D7
D0=3500 D1=0 D2=34A77168 D3=0 D4=8402E40 D5=80210118 D6=0 D7=100100 A0=100100 A1=103300 A2=534F4 A3=108806 A4=108300 A5=108000 A6=10BA1E -- 002634: move.w  ($4,A0), D7
D0=3500 D1=0 D2=34A77168 D3=0 D4=8402E40 D5=80210118 D6=0 D7=100500 A0=100100 A1=103300 A2=534F4 A3=108806 A4=108300 A5=108000 A6=10BA1E -- 002638: movea.l D7, A0
D0=3500 D1=0 D2=34A77168 D3=0 D4=8402E40 D5=80210118 D6=0 D7=100500 A0=100500 A1=103300 A2=534F4 A3=108806 A4=108300 A5=108000 A6=10BA1E -- 00263A: cmp.w   ($8,A0), D0
D0=3500 D1=0 D2=34A77168 D3=0 D4=8402E40 D5=80210118 D6=0 D7=100500 A0=100500 A1=103300 A2=534F4 A3=108806 A4=108300 A5=108000 A6=10BA1E -- 00263E: bcc     $2634
D0=3500 D1=0 D2=34A77168 D3=0 D4=8402E40 D5=80210118 D6=0 D7=100500 A0=100500 A1=103300 A2=534F4 A3=108806 A4=108300 A5=108000 A6=10BA1E -- 002634: move.w  ($4,A0), D7
D0=3500 D1=0 D2=34A77168 D3=0 D4=8402E40 D5=80210118 D6=0 D7=100700 A0=100500 A1=103300 A2=534F4 A3=108806 A4=108300 A5=108000 A6=10BA1E -- 002638: movea.l D7, A0
D0=3500 D1=0 D2=34A77168 D3=0 D4=8402E40 D5=80210118 D6=0 D7=100700 A0=100700 A1=103300 A2=534F4 A3=108806 A4=108300 A5=108000 A6=10BA1E -- 00263A: cmp.w   ($8,A0), D0
D0=3500 D1=0 D2=34A77168 D3=0 D4=8402E40 D5=80210118 D6=0 D7=100700 A0=100700 A1=103300 A2=534F4 A3=108806 A4=108300 A5=108000 A6=10BA1E -- 00263E: bcc     $2634
D0=3500 D1=0 D2=34A77168 D3=0 D4=8402E40 D5=80210118 D6=0 D7=100700 A0=100700 A1=103300 A2=534F4 A3=108806 A4=108300 A5=108000 A6=10BA1E -- 002634: move.w  ($4,A0), D7
D0=3500 D1=0 D2=34A77168 D3=0 D4=8402E40 D5=80210118 D6=0 D7=100900 A0=100700 A1=103300 A2=534F4 A3=108806 A4=108300 A5=108000 A6=10BA1E -- 002638: movea.l D7, A0
D0=3500 D1=0 D2=34A77168 D3=0 D4=8402E40 D5=80210118 D6=0 D7=100900 A0=100900 A1=103300 A2=534F4 A3=108806 A4=108300 A5=108000 A6=10BA1E -- 00263A: cmp.w   ($8,A0), D0
D0=3500 D1=0 D2=34A77168 D3=0 D4=8402E40 D5=80210118 D6=0 D7=100900 A0=100900 A1=103300 A2=534F4 A3=108806 A4=108300 A5=108000 A6=10BA1E -- 00263E: bcc     $2634
D0=3500 D1=0 D2=34A77168 D3=0 D4=8402E40 D5=80210118 D6=0 D7=100900 A0=100900 A1=103300 A2=534F4 A3=108806 A4=108300 A5=108000 A6=10BA1E -- 002634: move.w  ($4,A0), D7
D0=3500 D1=0 D2=34A77168 D3=0 D4=8402E40 D5=80210118 D6=0 D7=100B00 A0=100900 A1=103300 A2=534F4 A3=108806 A4=108300 A5=108000 A6=10BA1E -- 002638: movea.l D7, A0
D0=3500 D1=0 D2=34A77168 D3=0 D4=8402E40 D5=80210118 D6=0 D7=100B00 A0=100B00 A1=103300 A2=534F4 A3=108806 A4=108300 A5=108000 A6=10BA1E -- 00263A: cmp.w   ($8,A0), D0
D0=3500 D1=0 D2=34A77168 D3=0 D4=8402E40 D5=80210118 D6=0 D7=100B00 A0=100B00 A1=103300 A2=534F4 A3=108806 A4=108300 A5=108000 A6=10BA1E -- 00263E: bcc     $2634
D0=3500 D1=0 D2=34A77168 D3=0 D4=8402E40 D5=80210118 D6=0 D7=100B00 A0=100B00 A1=103300 A2=534F4 A3=108806 A4=108300 A5=108000 A6=10BA1E -- 002634: move.w  ($4,A0), D7
D0=3500 D1=0 D2=34A77168 D3=0 D4=8402E40 D5=80210118 D6=0 D7=100D00 A0=100B00 A1=103300 A2=534F4 A3=108806 A4=108300 A5=108000 A6=10BA1E -- 002638: movea.l D7, A0
D0=3500 D1=0 D2=34A77168 D3=0 D4=8402E40 D5=80210118 D6=0 D7=100D00 A0=100D00 A1=103300 A2=534F4 A3=108806 A4=108300 A5=108000 A6=10BA1E -- 00263A: cmp.w   ($8,A0), D0
D0=3500 D1=0 D2=34A77168 D3=0 D4=8402E40 D5=80210118 D6=0 D7=100D00 A0=100D00 A1=103300 A2=534F4 A3=108806 A4=108300 A5=108000 A6=10BA1E -- 00263E: bcc     $2634
D0=3500 D1=0 D2=34A77168 D3=0 D4=8402E40 D5=80210118 D6=0 D7=100D00 A0=100D00 A1=103300 A2=534F4 A3=108806 A4=108300 A5=108000 A6=10BA1E -- 002634: move.w  ($4,A0), D7
D0=3500 D1=0 D2=34A77168 D3=0 D4=8402E40 D5=80210118 D6=0 D7=100F00 A0=100D00 A1=103300 A2=534F4 A3=108806 A4=108300 A5=108000 A6=10BA1E -- 002638: movea.l D7, A0
D0=3500 D1=0 D2=34A77168 D3=0 D4=8402E40 D5=80210118 D6=0 D7=100F00 A0=100F00 A1=103300 A2=534F4 A3=108806 A4=108300 A5=108000 A6=10BA1E -- 00263A: cmp.w   ($8,A0), D0
D0=3500 D1=0 D2=34A77168 D3=0 D4=8402E40 D5=80210118 D6=0 D7=100F00 A0=100F00 A1=103300 A2=534F4 A3=108806 A4=108300 A5=108000 A6=10BA1E -- 00263E: bcc     $2634
D0=3500 D1=0 D2=34A77168 D3=0 D4=8402E40 D5=80210118 D6=0 D7=100F00 A0=100F00 A1=103300 A2=534F4 A3=108806 A4=108300 A5=108000 A6=10BA1E -- 002634: move.w  ($4,A0), D7
D0=3500 D1=0 D2=34A77168 D3=0 D4=8402E40 D5=80210118 D6=0 D7=101100 A0=100F00 A1=103300 A2=534F4 A3=108806 A4=108300 A5=108000 A6=10BA1E -- 002638: movea.l D7, A0
D0=3500 D1=0 D2=34A77168 D3=0 D4=8402E40 D5=80210118 D6=0 D7=101100 A0=101100 A1=103300 A2=534F4 A3=108806 A4=108300 A5=108000 A6=10BA1E -- 00263A: cmp.w   ($8,A0), D0
D0=3500 D1=0 D2=34A77168 D3=0 D4=8402E40 D5=80210118 D6=0 D7=101100 A0=101100 A1=103300 A2=534F4 A3=108806 A4=108300 A5=108000 A6=10BA1E -- 00263E: bcc     $2634
D0=3500 D1=0 D2=34A77168 D3=0 D4=8402E40 D5=80210118 D6=0 D7=101100 A0=101100 A1=103300 A2=534F4 A3=108806 A4=108300 A5=108000 A6=10BA1E -- 002634: move.w  ($4,A0), D7
D0=3500 D1=0 D2=34A77168 D3=0 D4=8402E40 D5=80210118 D6=0 D7=101300 A0=101100 A1=103300 A2=534F4 A3=108806 A4=108300 A5=108000 A6=10BA1E -- 002638: movea.l D7, A0
D0=3500 D1=0 D2=34A77168 D3=0 D4=8402E40 D5=80210118 D6=0 D7=101300 A0=101300 A1=103300 A2=534F4 A3=108806 A4=108300 A5=108000 A6=10BA1E -- 00263A: cmp.w   ($8,A0), D0
D0=3500 D1=0 D2=34A77168 D3=0 D4=8402E40 D5=80210118 D6=0 D7=101300 A0=101300 A1=103300 A2=534F4 A3=108806 A4=108300 A5=108000 A6=10BA1E -- 00263E: bcc     $2634
D0=3500 D1=0 D2=34A77168 D3=0 D4=8402E40 D5=80210118 D6=0 D7=101300 A0=101300 A1=103300 A2=534F4 A3=108806 A4=108300 A5=108000 A6=10BA1E -- 002634: move.w  ($4,A0), D7
D0=3500 D1=0 D2=34A77168 D3=0 D4=8402E40 D5=80210118 D6=0 D7=101500 A0=101300 A1=103300 A2=534F4 A3=108806 A4=108300 A5=108000 A6=10BA1E -- 002638: movea.l D7, A0
D0=3500 D1=0 D2=34A77168 D3=0 D4=8402E40 D5=80210118 D6=0 D7=101500 A0=101500 A1=103300 A2=534F4 A3=108806 A4=108300 A5=108000 A6=10BA1E -- 00263A: cmp.w   ($8,A0), D0
D0=3500 D1=0 D2=34A77168 D3=0 D4=8402E40 D5=80210118 D6=0 D7=101500 A0=101500 A1=103300 A2=534F4 A3=108806 A4=108300 A5=108000 A6=10BA1E -- 00263E: bcc     $2634
D0=3500 D1=0 D2=34A77168 D3=0 D4=8402E40 D5=80210118 D6=0 D7=101500 A0=101500 A1=103300 A2=534F4 A3=108806 A4=108300 A5=108000 A6=10BA1E -- 002634: move.w  ($4,A0), D7
D0=3500 D1=0 D2=34A77168 D3=0 D4=8402E40 D5=80210118 D6=0 D7=101700 A0=101500 A1=103300 A2=534F4 A3=108806 A4=108300 A5=108000 A6=10BA1E -- 002638: movea.l D7, A0
D0=3500 D1=0 D2=34A77168 D3=0 D4=8402E40 D5=80210118 D6=0 D7=101700 A0=101700 A1=103300 A2=534F4 A3=108806 A4=108300 A5=108000 A6=10BA1E -- 00263A: cmp.w   ($8,A0), D0
D0=3500 D1=0 D2=34A77168 D3=0 D4=8402E40 D5=80210118 D6=0 D7=101700 A0=101700 A1=103300 A2=534F4 A3=108806 A4=108300 A5=108000 A6=10BA1E -- 00263E: bcc     $2634
D0=3500 D1=0 D2=34A77168 D3=0 D4=8402E40 D5=80210118 D6=0 D7=101700 A0=101700 A1=103300 A2=534F4 A3=108806 A4=108300 A5=108000 A6=10BA1E -- 002634: move.w  ($4,A0), D7
D0=3500 D1=0 D2=34A77168 D3=0 D4=8402E40 D5=80210118 D6=0 D7=101900 A0=101700 A1=103300 A2=534F4 A3=108806 A4=108300 A5=108000 A6=10BA1E -- 002638: movea.l D7, A0
D0=3500 D1=0 D2=34A77168 D3=0 D4=8402E40 D5=80210118 D6=0 D7=101900 A0=101900 A1=103300 A2=534F4 A3=108806 A4=108300 A5=108000 A6=10BA1E -- 00263A: cmp.w   ($8,A0), D0
D0=3500 D1=0 D2=34A77168 D3=0 D4=8402E40 D5=80210118 D6=0 D7=101900 A0=101900 A1=103300 A2=534F4 A3=108806 A4=108300 A5=108000 A6=10BA1E -- 00263E: bcc     $2634
D0=3500 D1=0 D2=34A77168 D3=0 D4=8402E40 D5=80210118 D6=0 D7=101900 A0=101900 A1=103300 A2=534F4 A3=108806 A4=108300 A5=108000 A6=10BA1E -- 002634: move.w  ($4,A0), D7
D0=3500 D1=0 D2=34A77168 D3=0 D4=8402E40 D5=80210118 D6=0 D7=101B00 A0=101900 A1=103300 A2=534F4 A3=108806 A4=108300 A5=108000 A6=10BA1E -- 002638: movea.l D7, A0
D0=3500 D1=0 D2=34A77168 D3=0 D4=8402E40 D5=80210118 D6=0 D7=101B00 A0=101B00 A1=103300 A2=534F4 A3=108806 A4=108300 A5=108000 A6=10BA1E -- 00263A: cmp.w   ($8,A0), D0
D0=3500 D1=0 D2=34A77168 D3=0 D4=8402E40 D5=80210118 D6=0 D7=101B00 A0=101B00 A1=103300 A2=534F4 A3=108806 A4=108300 A5=108000 A6=10BA1E -- 00263E: bcc     $2634
D0=3500 D1=0 D2=34A77168 D3=0 D4=8402E40 D5=80210118 D6=0 D7=101B00 A0=101B00 A1=103300 A2=534F4 A3=108806 A4=108300 A5=108000 A6=10BA1E -- 002634: move.w  ($4,A0), D7
D0=3500 D1=0 D2=34A77168 D3=0 D4=8402E40 D5=80210118 D6=0 D7=101D00 A0=101B00 A1=103300 A2=534F4 A3=108806 A4=108300 A5=108000 A6=10BA1E -- 002638: movea.l D7, A0
D0=3500 D1=0 D2=34A77168 D3=0 D4=8402E40 D5=80210118 D6=0 D7=101D00 A0=101D00 A1=103300 A2=534F4 A3=108806 A4=108300 A5=108000 A6=10BA1E -- 00263A: cmp.w   ($8,A0), D0
D0=3500 D1=0 D2=34A77168 D3=0 D4=8402E40 D5=80210118 D6=0 D7=101D00 A0=101D00 A1=103300 A2=534F4 A3=108806 A4=108300 A5=108000 A6=10BA1E -- 00263E: bcc     $2634
D0=3500 D1=0 D2=34A77168 D3=0 D4=8402E40 D5=80210118 D6=0 D7=101D00 A0=101D00 A1=103300 A2=534F4 A3=108806 A4=108300 A5=108000 A6=10BA1E -- 002634: move.w  ($4,A0), D7
D0=3500 D1=0 D2=34A77168 D3=0 D4=8402E40 D5=80210118 D6=0 D7=101F00 A0=101D00 A1=103300 A2=534F4 A3=108806 A4=108300 A5=108000 A6=10BA1E -- 002638: movea.l D7, A0
D0=3500 D1=0 D2=34A77168 D3=0 D4=8402E40 D5=80210118 D6=0 D7=101F00 A0=101F00 A1=103300 A2=534F4 A3=108806 A4=108300 A5=108000 A6=10BA1E -- 00263A: cmp.w   ($8,A0), D0
D0=3500 D1=0 D2=34A77168 D3=0 D4=8402E40 D5=80210118 D6=0 D7=101F00 A0=101F00 A1=103300 A2=534F4 A3=108806 A4=108300 A5=108000 A6=10BA1E -- 00263E: bcc     $2634
D0=3500 D1=0 D2=34A77168 D3=0 D4=8402E40 D5=80210118 D6=0 D7=101F00 A0=101F00 A1=103300 A2=534F4 A3=108806 A4=108300 A5=108000 A6=10BA1E -- 002634: move.w  ($4,A0), D7
D0=3500 D1=0 D2=34A77168 D3=0 D4=8402E40 D5=80210118 D6=0 D7=102100 A0=101F00 A1=103300 A2=534F4 A3=108806 A4=108300 A5=108000 A6=10BA1E -- 002638: movea.l D7, A0
D0=3500 D1=0 D2=34A77168 D3=0 D4=8402E40 D5=80210118 D6=0 D7=102100 A0=102100 A1=103300 A2=534F4 A3=108806 A4=108300 A5=108000 A6=10BA1E -- 00263A: cmp.w   ($8,A0), D0
D0=3500 D1=0 D2=34A77168 D3=0 D4=8402E40 D5=80210118 D6=0 D7=102100 A0=102100 A1=103300 A2=534F4 A3=108806 A4=108300 A5=108000 A6=10BA1E -- 00263E: bcc     $2634
D0=3500 D1=0 D2=34A77168 D3=0 D4=8402E40 D5=80210118 D6=0 D7=102100 A0=102100 A1=103300 A2=534F4 A3=108806 A4=108300 A5=108000 A6=10BA1E -- 002634: move.w  ($4,A0), D7
D0=3500 D1=0 D2=34A77168 D3=0 D4=8402E40 D5=80210118 D6=0 D7=102300 A0=102100 A1=103300 A2=534F4 A3=108806 A4=108300 A5=108000 A6=10BA1E -- 002638: movea.l D7, A0
D0=3500 D1=0 D2=34A77168 D3=0 D4=8402E40 D5=80210118 D6=0 D7=102300 A0=102300 A1=103300 A2=534F4 A3=108806 A4=108300 A5=108000 A6=10BA1E -- 00263A: cmp.w   ($8,A0), D0
D0=3500 D1=0 D2=34A77168 D3=0 D4=8402E40 D5=80210118 D6=0 D7=102300 A0=102300 A1=103300 A2=534F4 A3=108806 A4=108300 A5=108000 A6=10BA1E -- 00263E: bcc     $2634
D0=3500 D1=0 D2=34A77168 D3=0 D4=8402E40 D5=80210118 D6=0 D7=102300 A0=102300 A1=103300 A2=534F4 A3=108806 A4=108300 A5=108000 A6=10BA1E -- 002634: move.w  ($4,A0), D7
D0=3500 D1=0 D2=34A77168 D3=0 D4=8402E40 D5=80210118 D6=0 D7=102500 A0=102300 A1=103300 A2=534F4 A3=108806 A4=108300 A5=108000 A6=10BA1E -- 002638: movea.l D7, A0
D0=3500 D1=0 D2=34A77168 D3=0 D4=8402E40 D5=80210118 D6=0 D7=102500 A0=102500 A1=103300 A2=534F4 A3=108806 A4=108300 A5=108000 A6=10BA1E -- 00263A: cmp.w   ($8,A0), D0
D0=3500 D1=0 D2=34A77168 D3=0 D4=8402E40 D5=80210118 D6=0 D7=102500 A0=102500 A1=103300 A2=534F4 A3=108806 A4=108300 A5=108000 A6=10BA1E -- 00263E: bcc     $2634
D0=3500 D1=0 D2=34A77168 D3=0 D4=8402E40 D5=80210118 D6=0 D7=102500 A0=102500 A1=103300 A2=534F4 A3=108806 A4=108300 A5=108000 A6=10BA1E -- 002634: move.w  ($4,A0), D7
D0=3500 D1=0 D2=34A77168 D3=0 D4=8402E40 D5=80210118 D6=0 D7=102700 A0=102500 A1=103300 A2=534F4 A3=108806 A4=108300 A5=108000 A6=10BA1E -- 002638: movea.l D7, A0
D0=3500 D1=0 D2=34A77168 D3=0 D4=8402E40 D5=80210118 D6=0 D7=102700 A0=102700 A1=103300 A2=534F4 A3=108806 A4=108300 A5=108000 A6=10BA1E -- 00263A: cmp.w   ($8,A0), D0
D0=3500 D1=0 D2=34A77168 D3=0 D4=8402E40 D5=80210118 D6=0 D7=102700 A0=102700 A1=103300 A2=534F4 A3=108806 A4=108300 A5=108000 A6=10BA1E -- 00263E: bcc     $2634
D0=3500 D1=0 D2=34A77168 D3=0 D4=8402E40 D5=80210118 D6=0 D7=102700 A0=102700 A1=103300 A2=534F4 A3=108806 A4=108300 A5=108000 A6=10BA1E -- 002634: move.w  ($4,A0), D7
D0=3500 D1=0 D2=34A77168 D3=0 D4=8402E40 D5=80210118 D6=0 D7=102900 A0=102700 A1=103300 A2=534F4 A3=108806 A4=108300 A5=108000 A6=10BA1E -- 002638: movea.l D7, A0
D0=3500 D1=0 D2=34A77168 D3=0 D4=8402E40 D5=80210118 D6=0 D7=102900 A0=102900 A1=103300 A2=534F4 A3=108806 A4=108300 A5=108000 A6=10BA1E -- 00263A: cmp.w   ($8,A0), D0
D0=3500 D1=0 D2=34A77168 D3=0 D4=8402E40 D5=80210118 D6=0 D7=102900 A0=102900 A1=103300 A2=534F4 A3=108806 A4=108300 A5=108000 A6=10BA1E -- 00263E: bcc     $2634
D0=3500 D1=0 D2=34A77168 D3=0 D4=8402E40 D5=80210118 D6=0 D7=102900 A0=102900 A1=103300 A2=534F4 A3=108806 A4=108300 A5=108000 A6=10BA1E -- 002634: move.w  ($4,A0), D7
D0=3500 D1=0 D2=34A77168 D3=0 D4=8402E40 D5=80210118 D6=0 D7=102B00 A0=102900 A1=103300 A2=534F4 A3=108806 A4=108300 A5=108000 A6=10BA1E -- 002638: movea.l D7, A0
D0=3500 D1=0 D2=34A77168 D3=0 D4=8402E40 D5=80210118 D6=0 D7=102B00 A0=102B00 A1=103300 A2=534F4 A3=108806 A4=108300 A5=108000 A6=10BA1E -- 00263A: cmp.w   ($8,A0), D0
D0=3500 D1=0 D2=34A77168 D3=0 D4=8402E40 D5=80210118 D6=0 D7=102B00 A0=102B00 A1=103300 A2=534F4 A3=108806 A4=108300 A5=108000 A6=10BA1E -- 00263E: bcc     $2634
D0=3500 D1=0 D2=34A77168 D3=0 D4=8402E40 D5=80210118 D6=0 D7=102B00 A0=102B00 A1=103300 A2=534F4 A3=108806 A4=108300 A5=108000 A6=10BA1E -- 002634: move.w  ($4,A0), D7
D0=3500 D1=0 D2=34A77168 D3=0 D4=8402E40 D5=80210118 D6=0 D7=102D00 A0=102B00 A1=103300 A2=534F4 A3=108806 A4=108300 A5=108000 A6=10BA1E -- 002638: movea.l D7, A0
D0=3500 D1=0 D2=34A77168 D3=0 D4=8402E40 D5=80210118 D6=0 D7=102D00 A0=102D00 A1=103300 A2=534F4 A3=108806 A4=108300 A5=108000 A6=10BA1E -- 00263A: cmp.w   ($8,A0), D0
D0=3500 D1=0 D2=34A77168 D3=0 D4=8402E40 D5=80210118 D6=0 D7=102D00 A0=102D00 A1=103300 A2=534F4 A3=108806 A4=108300 A5=108000 A6=10BA1E -- 00263E: bcc     $2634
D0=3500 D1=0 D2=34A77168 D3=0 D4=8402E40 D5=80210118 D6=0 D7=102D00 A0=102D00 A1=103300 A2=534F4 A3=108806 A4=108300 A5=108000 A6=10BA1E -- 002634: move.w  ($4,A0), D7
D0=3500 D1=0 D2=34A77168 D3=0 D4=8402E40 D5=80210118 D6=0 D7=102F00 A0=102D00 A1=103300 A2=534F4 A3=108806 A4=108300 A5=108000 A6=10BA1E -- 002638: movea.l D7, A0
D0=3500 D1=0 D2=34A77168 D3=0 D4=8402E40 D5=80210118 D6=0 D7=102F00 A0=102F00 A1=103300 A2=534F4 A3=108806 A4=108300 A5=108000 A6=10BA1E -- 00263A: cmp.w   ($8,A0), D0
D0=3500 D1=0 D2=34A77168 D3=0 D4=8402E40 D5=80210118 D6=0 D7=102F00 A0=102F00 A1=103300 A2=534F4 A3=108806 A4=108300 A5=108000 A6=10BA1E -- 00263E: bcc     $2634
D0=3500 D1=0 D2=34A77168 D3=0 D4=8402E40 D5=80210118 D6=0 D7=102F00 A0=102F00 A1=103300 A2=534F4 A3=108806 A4=108300 A5=108000 A6=10BA1E -- 002634: move.w  ($4,A0), D7
D0=3500 D1=0 D2=34A77168 D3=0 D4=8402E40 D5=80210118 D6=0 D7=103100 A0=102F00 A1=103300 A2=534F4 A3=108806 A4=108300 A5=108000 A6=10BA1E -- 002638: movea.l D7, A0
D0=3500 D1=0 D2=34A77168 D3=0 D4=8402E40 D5=80210118 D6=0 D7=103100 A0=103100 A1=103300 A2=534F4 A3=108806 A4=108300 A5=108000 A6=10BA1E -- 00263A: cmp.w   ($8,A0), D0
D0=3500 D1=0 D2=34A77168 D3=0 D4=8402E40 D5=80210118 D6=0 D7=103100 A0=103100 A1=103300 A2=534F4 A3=108806 A4=108300 A5=108000 A6=10BA1E -- 00263E: bcc     $2634
D0=3500 D1=0 D2=34A77168 D3=0 D4=8402E40 D5=80210118 D6=0 D7=103100 A0=103100 A1=103300 A2=534F4 A3=108806 A4=108300 A5=108000 A6=10BA1E -- 002634: move.w  ($4,A0), D7
D0=3500 D1=0 D2=34A77168 D3=0 D4=8402E40 D5=80210118 D6=0 D7=100300 A0=103100 A1=103300 A2=534F4 A3=108806 A4=108300 A5=108000 A6=10BA1E -- 002638: movea.l D7, A0
D0=3500 D1=0 D2=34A77168 D3=0 D4=8402E40 D5=80210118 D6=0 D7=100300 A0=100300 A1=103300 A2=534F4 A3=108806 A4=108300 A5=108000 A6=10BA1E -- 00263A: cmp.w   ($8,A0), D0
D0=3500 D1=0 D2=34A77168 D3=0 D4=8402E40 D5=80210118 D6=0 D7=100300 A0=100300 A1=103300 A2=534F4 A3=108806 A4=108300 A5=108000 A6=10BA1E -- 00263E: bcc     $2634
D0=3500 D1=0 D2=34A77168 D3=0 D4=8402E40 D5=80210118 D6=0 D7=100300 A0=100300 A1=103300 A2=534F4 A3=108806 A4=108300 A5=108000 A6=10BA1E -- 002640: move.w  A0, ($4,A1)
D0=3500 D1=0 D2=34A77168 D3=0 D4=8402E40 D5=80210118 D6=0 D7=100300 A0=100300 A1=103300 A2=534F4 A3=108806 A4=108300 A5=108000 A6=10BA1E -- 002644: move.w  ($6,A0), ($6,A1)
D0=3500 D1=0 D2=34A77168 D3=0 D4=8402E40 D5=80210118 D6=0 D7=100300 A0=100300 A1=103300 A2=534F4 A3=108806 A4=108300 A5=108000 A6=10BA1E -- 00264A: move.w  ($6,A0), D7
D0=3500 D1=0 D2=34A77168 D3=0 D4=8402E40 D5=80210118 D6=0 D7=103100 A0=100300 A1=103300 A2=534F4 A3=108806 A4=108300 A5=108000 A6=10BA1E -- 00264E: move.w  A1, ($6,A0)
D0=3500 D1=0 D2=34A77168 D3=0 D4=8402E40 D5=80210118 D6=0 D7=103100 A0=100300 A1=103300 A2=534F4 A3=108806 A4=108300 A5=108000 A6=10BA1E -- 002652: movea.l D7, A0
D0=3500 D1=0 D2=34A77168 D3=0 D4=8402E40 D5=80210118 D6=0 D7=103100 A0=103100 A1=103300 A2=534F4 A3=108806 A4=108300 A5=108000 A6=10BA1E -- 002654: move.w  A1, ($4,A0)
D0=3500 D1=0 D2=34A77168 D3=0 D4=8402E40 D5=80210118 D6=0 D7=103100 A0=103100 A1=103300 A2=534F4 A3=108806 A4=108300 A5=108000 A6=10BA1E -- 002658: lea     ($10,A1), A0
D0=3500 D1=0 D2=34A77168 D3=0 D4=8402E40 D5=80210118 D6=0 D7=103100 A0=103310 A1=103300 A2=534F4 A3=108806 A4=108300 A5=108000 A6=10BA1E -- 00265C: move.w  #$1e, D0
D0=1E D1=0 D2=34A77168 D3=0 D4=8402E40 D5=80210118 D6=0 D7=103100 A0=103310 A1=103300 A2=534F4 A3=108806 A4=108300 A5=108000 A6=10BA1E -- 002660: moveq   #$0, D7
D0=1E D1=0 D2=34A77168 D3=0 D4=8402E40 D5=80210118 D6=0 D7=0 A0=103310 A1=103300 A2=534F4 A3=108806 A4=108300 A5=108000 A6=10BA1E -- 002662: move.l  D7, (A0)+
D0=1E D1=0 D2=34A77168 D3=0 D4=8402E40 D5=80210118 D6=0 D7=0 A0=103314 A1=103300 A2=534F4 A3=108806 A4=108300 A5=108000 A6=10BA1E -- 002664: move.l  D7, (A0)+
D0=1E D1=0 D2=34A77168 D3=0 D4=8402E40 D5=80210118 D6=0 D7=0 A0=103318 A1=103300 A2=534F4 A3=108806 A4=108300 A5=108000 A6=10BA1E -- 002666: move.l  D7, (A0)+
D0=1E D1=0 D2=34A77168 D3=0 D4=8402E40 D5=80210118 D6=0 D7=0 A0=10331C A1=103300 A2=534F4 A3=108806 A4=108300 A5=108000 A6=10BA1E -- 002668: move.l  D7, (A0)+
D0=1E D1=0 D2=34A77168 D3=0 D4=8402E40 D5=80210118 D6=0 D7=0 A0=103320 A1=103300 A2=534F4 A3=108806 A4=108300 A5=108000 A6=10BA1E -- 00266A: dbra    D0, $2662
D0=1D D1=0 D2=34A77168 D3=0 D4=8402E40 D5=80210118 D6=0 D7=0 A0=103320 A1=103300 A2=534F4 A3=108806 A4=108300 A5=108000 A6=10BA1E -- 002662: move.l  D7, (A0)+
D0=1D D1=0 D2=34A77168 D3=0 D4=8402E40 D5=80210118 D6=0 D7=0 A0=103324 A1=103300 A2=534F4 A3=108806 A4=108300 A5=108000 A6=10BA1E -- 002664: move.l  D7, (A0)+
D0=1D D1=0 D2=34A77168 D3=0 D4=8402E40 D5=80210118 D6=0 D7=0 A0=103328 A1=103300 A2=534F4 A3=108806 A4=108300 A5=108000 A6=10BA1E -- 002666: move.l  D7, (A0)+
D0=1D D1=0 D2=34A77168 D3=0 D4=8402E40 D5=80210118 D6=0 D7=0 A0=10332C A1=103300 A2=534F4 A3=108806 A4=108300 A5=108000 A6=10BA1E -- 002668: move.l  D7, (A0)+
D0=1D D1=0 D2=34A77168 D3=0 D4=8402E40 D5=80210118 D6=0 D7=0 A0=103330 A1=103300 A2=534F4 A3=108806 A4=108300 A5=108000 A6=10BA1E -- 00266A: dbra    D0, $2662
D0=1C D1=0 D2=34A77168 D3=0 D4=8402E40 D5=80210118 D6=0 D7=0 A0=103330 A1=103300 A2=534F4 A3=108806 A4=108300 A5=108000 A6=10BA1E -- 002662: move.l  D7, (A0)+
D0=1C D1=0 D2=34A77168 D3=0 D4=8402E40 D5=80210118 D6=0 D7=0 A0=103334 A1=103300 A2=534F4 A3=108806 A4=108300 A5=108000 A6=10BA1E -- 002664: move.l  D7, (A0)+
D0=1C D1=0 D2=34A77168 D3=0 D4=8402E40 D5=80210118 D6=0 D7=0 A0=103338 A1=103300 A2=534F4 A3=108806 A4=108300 A5=108000 A6=10BA1E -- 002666: move.l  D7, (A0)+
D0=1C D1=0 D2=34A77168 D3=0 D4=8402E40 D5=80210118 D6=0 D7=0 A0=10333C A1=103300 A2=534F4 A3=108806 A4=108300 A5=108000 A6=10BA1E -- 002668: move.l  D7, (A0)+
D0=1C D1=0 D2=34A77168 D3=0 D4=8402E40 D5=80210118 D6=0 D7=0 A0=103340 A1=103300 A2=534F4 A3=108806 A4=108300 A5=108000 A6=10BA1E -- 00266A: dbra    D0, $2662
D0=1B D1=0 D2=34A77168 D3=0 D4=8402E40 D5=80210118 D6=0 D7=0 A0=103340 A1=103300 A2=534F4 A3=108806 A4=108300 A5=108000 A6=10BA1E -- 002662: move.l  D7, (A0)+
D0=1B D1=0 D2=34A77168 D3=0 D4=8402E40 D5=80210118 D6=0 D7=0 A0=103344 A1=103300 A2=534F4 A3=108806 A4=108300 A5=108000 A6=10BA1E -- 002664: move.l  D7, (A0)+
D0=1B D1=0 D2=34A77168 D3=0 D4=8402E40 D5=80210118 D6=0 D7=0 A0=103348 A1=103300 A2=534F4 A3=108806 A4=108300 A5=108000 A6=10BA1E -- 002666: move.l  D7, (A0)+
D0=1B D1=0 D2=34A77168 D3=0 D4=8402E40 D5=80210118 D6=0 D7=0 A0=10334C A1=103300 A2=534F4 A3=108806 A4=108300 A5=108000 A6=10BA1E -- 002668: move.l  D7, (A0)+
D0=1B D1=0 D2=34A77168 D3=0 D4=8402E40 D5=80210118 D6=0 D7=0 A0=103350 A1=103300 A2=534F4 A3=108806 A4=108300 A5=108000 A6=10BA1E -- 00266A: dbra    D0, $2662
D0=1A D1=0 D2=34A77168 D3=0 D4=8402E40 D5=80210118 D6=0 D7=0 A0=103350 A1=103300 A2=534F4 A3=108806 A4=108300 A5=108000 A6=10BA1E -- 002662: move.l  D7, (A0)+
D0=1A D1=0 D2=34A77168 D3=0 D4=8402E40 D5=80210118 D6=0 D7=0 A0=103354 A1=103300 A2=534F4 A3=108806 A4=108300 A5=108000 A6=10BA1E -- 002664: move.l  D7, (A0)+
D0=1A D1=0 D2=34A77168 D3=0 D4=8402E40 D5=80210118 D6=0 D7=0 A0=103358 A1=103300 A2=534F4 A3=108806 A4=108300 A5=108000 A6=10BA1E -- 002666: move.l  D7, (A0)+
D0=1A D1=0 D2=34A77168 D3=0 D4=8402E40 D5=80210118 D6=0 D7=0 A0=10335C A1=103300 A2=534F4 A3=108806 A4=108300 A5=108000 A6=10BA1E -- 002668: move.l  D7, (A0)+
D0=1A D1=0 D2=34A77168 D3=0 D4=8402E40 D5=80210118 D6=0 D7=0 A0=103360 A1=103300 A2=534F4 A3=108806 A4=108300 A5=108000 A6=10BA1E -- 00266A: dbra    D0, $2662
D0=19 D1=0 D2=34A77168 D3=0 D4=8402E40 D5=80210118 D6=0 D7=0 A0=103360 A1=103300 A2=534F4 A3=108806 A4=108300 A5=108000 A6=10BA1E -- 002662: move.l  D7, (A0)+
D0=19 D1=0 D2=34A77168 D3=0 D4=8402E40 D5=80210118 D6=0 D7=0 A0=103364 A1=103300 A2=534F4 A3=108806 A4=108300 A5=108000 A6=10BA1E -- 002664: move.l  D7, (A0)+
D0=19 D1=0 D2=34A77168 D3=0 D4=8402E40 D5=80210118 D6=0 D7=0 A0=103368 A1=103300 A2=534F4 A3=108806 A4=108300 A5=108000 A6=10BA1E -- 002666: move.l  D7, (A0)+
D0=19 D1=0 D2=34A77168 D3=0 D4=8402E40 D5=80210118 D6=0 D7=0 A0=10336C A1=103300 A2=534F4 A3=108806 A4=108300 A5=108000 A6=10BA1E -- 002668: move.l  D7, (A0)+
D0=19 D1=0 D2=34A77168 D3=0 D4=8402E40 D5=80210118 D6=0 D7=0 A0=103370 A1=103300 A2=534F4 A3=108806 A4=108300 A5=108000 A6=10BA1E -- 00266A: dbra    D0, $2662
D0=18 D1=0 D2=34A77168 D3=0 D4=8402E40 D5=80210118 D6=0 D7=0 A0=103370 A1=103300 A2=534F4 A3=108806 A4=108300 A5=108000 A6=10BA1E -- 002662: move.l  D7, (A0)+
D0=18 D1=0 D2=34A77168 D3=0 D4=8402E40 D5=80210118 D6=0 D7=0 A0=103374 A1=103300 A2=534F4 A3=108806 A4=108300 A5=108000 A6=10BA1E -- 002664: move.l  D7, (A0)+
D0=18 D1=0 D2=34A77168 D3=0 D4=8402E40 D5=80210118 D6=0 D7=0 A0=103378 A1=103300 A2=534F4 A3=108806 A4=108300 A5=108000 A6=10BA1E -- 002666: move.l  D7, (A0)+
D0=18 D1=0 D2=34A77168 D3=0 D4=8402E40 D5=80210118 D6=0 D7=0 A0=10337C A1=103300 A2=534F4 A3=108806 A4=108300 A5=108000 A6=10BA1E -- 002668: move.l  D7, (A0)+
D0=18 D1=0 D2=34A77168 D3=0 D4=8402E40 D5=80210118 D6=0 D7=0 A0=103380 A1=103300 A2=534F4 A3=108806 A4=108300 A5=108000 A6=10BA1E -- 00266A: dbra    D0, $2662
D0=17 D1=0 D2=34A77168 D3=0 D4=8402E40 D5=80210118 D6=0 D7=0 A0=103380 A1=103300 A2=534F4 A3=108806 A4=108300 A5=108000 A6=10BA1E -- 002662: move.l  D7, (A0)+
D0=17 D1=0 D2=34A77168 D3=0 D4=8402E40 D5=80210118 D6=0 D7=0 A0=103384 A1=103300 A2=534F4 A3=108806 A4=108300 A5=108000 A6=10BA1E -- 002664: move.l  D7, (A0)+
D0=17 D1=0 D2=34A77168 D3=0 D4=8402E40 D5=80210118 D6=0 D7=0 A0=103388 A1=103300 A2=534F4 A3=108806 A4=108300 A5=108000 A6=10BA1E -- 002666: move.l  D7, (A0)+
D0=17 D1=0 D2=34A77168 D3=0 D4=8402E40 D5=80210118 D6=0 D7=0 A0=10338C A1=103300 A2=534F4 A3=108806 A4=108300 A5=108000 A6=10BA1E -- 002668: move.l  D7, (A0)+
D0=17 D1=0 D2=34A77168 D3=0 D4=8402E40 D5=80210118 D6=0 D7=0 A0=103390 A1=103300 A2=534F4 A3=108806 A4=108300 A5=108000 A6=10BA1E -- 00266A: dbra    D0, $2662
D0=16 D1=0 D2=34A77168 D3=0 D4=8402E40 D5=80210118 D6=0 D7=0 A0=103390 A1=103300 A2=534F4 A3=108806 A4=108300 A5=108000 A6=10BA1E -- 002662: move.l  D7, (A0)+
D0=16 D1=0 D2=34A77168 D3=0 D4=8402E40 D5=80210118 D6=0 D7=0 A0=103394 A1=103300 A2=534F4 A3=108806 A4=108300 A5=108000 A6=10BA1E -- 002664: move.l  D7, (A0)+
D0=16 D1=0 D2=34A77168 D3=0 D4=8402E40 D5=80210118 D6=0 D7=0 A0=103398 A1=103300 A2=534F4 A3=108806 A4=108300 A5=108000 A6=10BA1E -- 002666: move.l  D7, (A0)+
D0=16 D1=0 D2=34A77168 D3=0 D4=8402E40 D5=80210118 D6=0 D7=0 A0=10339C A1=103300 A2=534F4 A3=108806 A4=108300 A5=108000 A6=10BA1E -- 002668: move.l  D7, (A0)+
D0=16 D1=0 D2=34A77168 D3=0 D4=8402E40 D5=80210118 D6=0 D7=0 A0=1033A0 A1=103300 A2=534F4 A3=108806 A4=108300 A5=108000 A6=10BA1E -- 00266A: dbra    D0, $2662
D0=15 D1=0 D2=34A77168 D3=0 D4=8402E40 D5=80210118 D6=0 D7=0 A0=1033A0 A1=103300 A2=534F4 A3=108806 A4=108300 A5=108000 A6=10BA1E -- 002662: move.l  D7, (A0)+
D0=15 D1=0 D2=34A77168 D3=0 D4=8402E40 D5=80210118 D6=0 D7=0 A0=1033A4 A1=103300 A2=534F4 A3=108806 A4=108300 A5=108000 A6=10BA1E -- 002664: move.l  D7, (A0)+
D0=15 D1=0 D2=34A77168 D3=0 D4=8402E40 D5=80210118 D6=0 D7=0 A0=1033A8 A1=103300 A2=534F4 A3=108806 A4=108300 A5=108000 A6=10BA1E -- 002666: move.l  D7, (A0)+
D0=15 D1=0 D2=34A77168 D3=0 D4=8402E40 D5=80210118 D6=0 D7=0 A0=1033AC A1=103300 A2=534F4 A3=108806 A4=108300 A5=108000 A6=10BA1E -- 002668: move.l  D7, (A0)+
D0=15 D1=0 D2=34A77168 D3=0 D4=8402E40 D5=80210118 D6=0 D7=0 A0=1033B0 A1=103300 A2=534F4 A3=108806 A4=108300 A5=108000 A6=10BA1E -- 00266A: dbra    D0, $2662
D0=14 D1=0 D2=34A77168 D3=0 D4=8402E40 D5=80210118 D6=0 D7=0 A0=1033B0 A1=103300 A2=534F4 A3=108806 A4=108300 A5=108000 A6=10BA1E -- 002662: move.l  D7, (A0)+
D0=14 D1=0 D2=34A77168 D3=0 D4=8402E40 D5=80210118 D6=0 D7=0 A0=1033B4 A1=103300 A2=534F4 A3=108806 A4=108300 A5=108000 A6=10BA1E -- 002664: move.l  D7, (A0)+
D0=14 D1=0 D2=34A77168 D3=0 D4=8402E40 D5=80210118 D6=0 D7=0 A0=1033B8 A1=103300 A2=534F4 A3=108806 A4=108300 A5=108000 A6=10BA1E -- 002666: move.l  D7, (A0)+
D0=14 D1=0 D2=34A77168 D3=0 D4=8402E40 D5=80210118 D6=0 D7=0 A0=1033BC A1=103300 A2=534F4 A3=108806 A4=108300 A5=108000 A6=10BA1E -- 002668: move.l  D7, (A0)+
D0=14 D1=0 D2=34A77168 D3=0 D4=8402E40 D5=80210118 D6=0 D7=0 A0=1033C0 A1=103300 A2=534F4 A3=108806 A4=108300 A5=108000 A6=10BA1E -- 00266A: dbra    D0, $2662
D0=13 D1=0 D2=34A77168 D3=0 D4=8402E40 D5=80210118 D6=0 D7=0 A0=1033C0 A1=103300 A2=534F4 A3=108806 A4=108300 A5=108000 A6=10BA1E -- 002662: move.l  D7, (A0)+
D0=13 D1=0 D2=34A77168 D3=0 D4=8402E40 D5=80210118 D6=0 D7=0 A0=1033C4 A1=103300 A2=534F4 A3=108806 A4=108300 A5=108000 A6=10BA1E -- 002664: move.l  D7, (A0)+
D0=13 D1=0 D2=34A77168 D3=0 D4=8402E40 D5=80210118 D6=0 D7=0 A0=1033C8 A1=103300 A2=534F4 A3=108806 A4=108300 A5=108000 A6=10BA1E -- 002666: move.l  D7, (A0)+
D0=13 D1=0 D2=34A77168 D3=0 D4=8402E40 D5=80210118 D6=0 D7=0 A0=1033CC A1=103300 A2=534F4 A3=108806 A4=108300 A5=108000 A6=10BA1E -- 002668: move.l  D7, (A0)+
D0=13 D1=0 D2=34A77168 D3=0 D4=8402E40 D5=80210118 D6=0 D7=0 A0=1033D0 A1=103300 A2=534F4 A3=108806 A4=108300 A5=108000 A6=10BA1E -- 00266A: dbra    D0, $2662
D0=12 D1=0 D2=34A77168 D3=0 D4=8402E40 D5=80210118 D6=0 D7=0 A0=1033D0 A1=103300 A2=534F4 A3=108806 A4=108300 A5=108000 A6=10BA1E -- 002662: move.l  D7, (A0)+
D0=12 D1=0 D2=34A77168 D3=0 D4=8402E40 D5=80210118 D6=0 D7=0 A0=1033D4 A1=103300 A2=534F4 A3=108806 A4=108300 A5=108000 A6=10BA1E -- 002664: move.l  D7, (A0)+
D0=12 D1=0 D2=34A77168 D3=0 D4=8402E40 D5=80210118 D6=0 D7=0 A0=1033D8 A1=103300 A2=534F4 A3=108806 A4=108300 A5=108000 A6=10BA1E -- 002666: move.l  D7, (A0)+
D0=12 D1=0 D2=34A77168 D3=0 D4=8402E40 D5=80210118 D6=0 D7=0 A0=1033DC A1=103300 A2=534F4 A3=108806 A4=108300 A5=108000 A6=10BA1E -- 002668: move.l  D7, (A0)+
D0=12 D1=0 D2=34A77168 D3=0 D4=8402E40 D5=80210118 D6=0 D7=0 A0=1033E0 A1=103300 A2=534F4 A3=108806 A4=108300 A5=108000 A6=10BA1E -- 00266A: dbra    D0, $2662
D0=11 D1=0 D2=34A77168 D3=0 D4=8402E40 D5=80210118 D6=0 D7=0 A0=1033E0 A1=103300 A2=534F4 A3=108806 A4=108300 A5=108000 A6=10BA1E -- 002662: move.l  D7, (A0)+
D0=11 D1=0 D2=34A77168 D3=0 D4=8402E40 D5=80210118 D6=0 D7=0 A0=1033E4 A1=103300 A2=534F4 A3=108806 A4=108300 A5=108000 A6=10BA1E -- 002664: move.l  D7, (A0)+
D0=11 D1=0 D2=34A77168 D3=0 D4=8402E40 D5=80210118 D6=0 D7=0 A0=1033E8 A1=103300 A2=534F4 A3=108806 A4=108300 A5=108000 A6=10BA1E -- 002666: move.l  D7, (A0)+
D0=11 D1=0 D2=34A77168 D3=0 D4=8402E40 D5=80210118 D6=0 D7=0 A0=1033EC A1=103300 A2=534F4 A3=108806 A4=108300 A5=108000 A6=10BA1E -- 002668: move.l  D7, (A0)+
D0=11 D1=0 D2=34A77168 D3=0 D4=8402E40 D5=80210118 D6=0 D7=0 A0=1033F0 A1=103300 A2=534F4 A3=108806 A4=108300 A5=108000 A6=10BA1E -- 00266A: dbra    D0, $2662
D0=10 D1=0 D2=34A77168 D3=0 D4=8402E40 D5=80210118 D6=0 D7=0 A0=1033F0 A1=103300 A2=534F4 A3=108806 A4=108300 A5=108000 A6=10BA1E -- 002662: move.l  D7, (A0)+
D0=10 D1=0 D2=34A77168 D3=0 D4=8402E40 D5=80210118 D6=0 D7=0 A0=1033F4 A1=103300 A2=534F4 A3=108806 A4=108300 A5=108000 A6=10BA1E -- 002664: move.l  D7, (A0)+
D0=10 D1=0 D2=34A77168 D3=0 D4=8402E40 D5=80210118 D6=0 D7=0 A0=1033F8 A1=103300 A2=534F4 A3=108806 A4=108300 A5=108000 A6=10BA1E -- 002666: move.l  D7, (A0)+
D0=10 D1=0 D2=34A77168 D3=0 D4=8402E40 D5=80210118 D6=0 D7=0 A0=1033FC A1=103300 A2=534F4 A3=108806 A4=108300 A5=108000 A6=10BA1E -- 002668: move.l  D7, (A0)+
D0=10 D1=0 D2=34A77168 D3=0 D4=8402E40 D5=80210118 D6=0 D7=0 A0=103400 A1=103300 A2=534F4 A3=108806 A4=108300 A5=108000 A6=10BA1E -- 00266A: dbra    D0, $2662
D0=F D1=0 D2=34A77168 D3=0 D4=8402E40 D5=80210118 D6=0 D7=0 A0=103400 A1=103300 A2=534F4 A3=108806 A4=108300 A5=108000 A6=10BA1E -- 002662: move.l  D7, (A0)+
D0=F D1=0 D2=34A77168 D3=0 D4=8402E40 D5=80210118 D6=0 D7=0 A0=103404 A1=103300 A2=534F4 A3=108806 A4=108300 A5=108000 A6=10BA1E -- 002664: move.l  D7, (A0)+
D0=F D1=0 D2=34A77168 D3=0 D4=8402E40 D5=80210118 D6=0 D7=0 A0=103408 A1=103300 A2=534F4 A3=108806 A4=108300 A5=108000 A6=10BA1E -- 002666: move.l  D7, (A0)+
D0=F D1=0 D2=34A77168 D3=0 D4=8402E40 D5=80210118 D6=0 D7=0 A0=10340C A1=103300 A2=534F4 A3=108806 A4=108300 A5=108000 A6=10BA1E -- 002668: move.l  D7, (A0)+
D0=F D1=0 D2=34A77168 D3=0 D4=8402E40 D5=80210118 D6=0 D7=0 A0=103410 A1=103300 A2=534F4 A3=108806 A4=108300 A5=108000 A6=10BA1E -- 00266A: dbra    D0, $2662
D0=E D1=0 D2=34A77168 D3=0 D4=8402E40 D5=80210118 D6=0 D7=0 A0=103410 A1=103300 A2=534F4 A3=108806 A4=108300 A5=108000 A6=10BA1E -- 002662: move.l  D7, (A0)+
D0=E D1=0 D2=34A77168 D3=0 D4=8402E40 D5=80210118 D6=0 D7=0 A0=103414 A1=103300 A2=534F4 A3=108806 A4=108300 A5=108000 A6=10BA1E -- 002664: move.l  D7, (A0)+
D0=E D1=0 D2=34A77168 D3=0 D4=8402E40 D5=80210118 D6=0 D7=0 A0=103418 A1=103300 A2=534F4 A3=108806 A4=108300 A5=108000 A6=10BA1E -- 002666: move.l  D7, (A0)+
D0=E D1=0 D2=34A77168 D3=0 D4=8402E40 D5=80210118 D6=0 D7=0 A0=10341C A1=103300 A2=534F4 A3=108806 A4=108300 A5=108000 A6=10BA1E -- 002668: move.l  D7, (A0)+
D0=E D1=0 D2=34A77168 D3=0 D4=8402E40 D5=80210118 D6=0 D7=0 A0=103420 A1=103300 A2=534F4 A3=108806 A4=108300 A5=108000 A6=10BA1E -- 00266A: dbra    D0, $2662
D0=D D1=0 D2=34A77168 D3=0 D4=8402E40 D5=80210118 D6=0 D7=0 A0=103420 A1=103300 A2=534F4 A3=108806 A4=108300 A5=108000 A6=10BA1E -- 002662: move.l  D7, (A0)+
D0=D D1=0 D2=34A77168 D3=0 D4=8402E40 D5=80210118 D6=0 D7=0 A0=103424 A1=103300 A2=534F4 A3=108806 A4=108300 A5=108000 A6=10BA1E -- 002664: move.l  D7, (A0)+
D0=D D1=0 D2=34A77168 D3=0 D4=8402E40 D5=80210118 D6=0 D7=0 A0=103428 A1=103300 A2=534F4 A3=108806 A4=108300 A5=108000 A6=10BA1E -- 002666: move.l  D7, (A0)+
D0=D D1=0 D2=34A77168 D3=0 D4=8402E40 D5=80210118 D6=0 D7=0 A0=10342C A1=103300 A2=534F4 A3=108806 A4=108300 A5=108000 A6=10BA1E -- 002668: move.l  D7, (A0)+
D0=D D1=0 D2=34A77168 D3=0 D4=8402E40 D5=80210118 D6=0 D7=0 A0=103430 A1=103300 A2=534F4 A3=108806 A4=108300 A5=108000 A6=10BA1E -- 00266A: dbra    D0, $2662
D0=C D1=0 D2=34A77168 D3=0 D4=8402E40 D5=80210118 D6=0 D7=0 A0=103430 A1=103300 A2=534F4 A3=108806 A4=108300 A5=108000 A6=10BA1E -- 002662: move.l  D7, (A0)+
D0=C D1=0 D2=34A77168 D3=0 D4=8402E40 D5=80210118 D6=0 D7=0 A0=103434 A1=103300 A2=534F4 A3=108806 A4=108300 A5=108000 A6=10BA1E -- 002664: move.l  D7, (A0)+
D0=C D1=0 D2=34A77168 D3=0 D4=8402E40 D5=80210118 D6=0 D7=0 A0=103438 A1=103300 A2=534F4 A3=108806 A4=108300 A5=108000 A6=10BA1E -- 002666: move.l  D7, (A0)+
D0=C D1=0 D2=34A77168 D3=0 D4=8402E40 D5=80210118 D6=0 D7=0 A0=10343C A1=103300 A2=534F4 A3=108806 A4=108300 A5=108000 A6=10BA1E -- 002668: move.l  D7, (A0)+
D0=C D1=0 D2=34A77168 D3=0 D4=8402E40 D5=80210118 D6=0 D7=0 A0=103440 A1=103300 A2=534F4 A3=108806 A4=108300 A5=108000 A6=10BA1E -- 00266A: dbra    D0, $2662
D0=B D1=0 D2=34A77168 D3=0 D4=8402E40 D5=80210118 D6=0 D7=0 A0=103440 A1=103300 A2=534F4 A3=108806 A4=108300 A5=108000 A6=10BA1E -- 002662: move.l  D7, (A0)+
D0=B D1=0 D2=34A77168 D3=0 D4=8402E40 D5=80210118 D6=0 D7=0 A0=103444 A1=103300 A2=534F4 A3=108806 A4=108300 A5=108000 A6=10BA1E -- 002664: move.l  D7, (A0)+
D0=B D1=0 D2=34A77168 D3=0 D4=8402E40 D5=80210118 D6=0 D7=0 A0=103448 A1=103300 A2=534F4 A3=108806 A4=108300 A5=108000 A6=10BA1E -- 002666: move.l  D7, (A0)+
D0=B D1=0 D2=34A77168 D3=0 D4=8402E40 D5=80210118 D6=0 D7=0 A0=10344C A1=103300 A2=534F4 A3=108806 A4=108300 A5=108000 A6=10BA1E -- 002668: move.l  D7, (A0)+
D0=B D1=0 D2=34A77168 D3=0 D4=8402E40 D5=80210118 D6=0 D7=0 A0=103450 A1=103300 A2=534F4 A3=108806 A4=108300 A5=108000 A6=10BA1E -- 00266A: dbra    D0, $2662
D0=A D1=0 D2=34A77168 D3=0 D4=8402E40 D5=80210118 D6=0 D7=0 A0=103450 A1=103300 A2=534F4 A3=108806 A4=108300 A5=108000 A6=10BA1E -- 002662: move.l  D7, (A0)+
D0=A D1=0 D2=34A77168 D3=0 D4=8402E40 D5=80210118 D6=0 D7=0 A0=103454 A1=103300 A2=534F4 A3=108806 A4=108300 A5=108000 A6=10BA1E -- 002664: move.l  D7, (A0)+
D0=A D1=0 D2=34A77168 D3=0 D4=8402E40 D5=80210118 D6=0 D7=0 A0=103458 A1=103300 A2=534F4 A3=108806 A4=108300 A5=108000 A6=10BA1E -- 002666: move.l  D7, (A0)+
D0=A D1=0 D2=34A77168 D3=0 D4=8402E40 D5=80210118 D6=0 D7=0 A0=10345C A1=103300 A2=534F4 A3=108806 A4=108300 A5=108000 A6=10BA1E -- 002668: move.l  D7, (A0)+
D0=A D1=0 D2=34A77168 D3=0 D4=8402E40 D5=80210118 D6=0 D7=0 A0=103460 A1=103300 A2=534F4 A3=108806 A4=108300 A5=108000 A6=10BA1E -- 00266A: dbra    D0, $2662
D0=9 D1=0 D2=34A77168 D3=0 D4=8402E40 D5=80210118 D6=0 D7=0 A0=103460 A1=103300 A2=534F4 A3=108806 A4=108300 A5=108000 A6=10BA1E -- 002662: move.l  D7, (A0)+
D0=9 D1=0 D2=34A77168 D3=0 D4=8402E40 D5=80210118 D6=0 D7=0 A0=103464 A1=103300 A2=534F4 A3=108806 A4=108300 A5=108000 A6=10BA1E -- 002664: move.l  D7, (A0)+
D0=9 D1=0 D2=34A77168 D3=0 D4=8402E40 D5=80210118 D6=0 D7=0 A0=103468 A1=103300 A2=534F4 A3=108806 A4=108300 A5=108000 A6=10BA1E -- 002666: move.l  D7, (A0)+
D0=9 D1=0 D2=34A77168 D3=0 D4=8402E40 D5=80210118 D6=0 D7=0 A0=10346C A1=103300 A2=534F4 A3=108806 A4=108300 A5=108000 A6=10BA1E -- 002668: move.l  D7, (A0)+
D0=9 D1=0 D2=34A77168 D3=0 D4=8402E40 D5=80210118 D6=0 D7=0 A0=103470 A1=103300 A2=534F4 A3=108806 A4=108300 A5=108000 A6=10BA1E -- 00266A: dbra    D0, $2662
D0=8 D1=0 D2=34A77168 D3=0 D4=8402E40 D5=80210118 D6=0 D7=0 A0=103470 A1=103300 A2=534F4 A3=108806 A4=108300 A5=108000 A6=10BA1E -- 002662: move.l  D7, (A0)+
D0=8 D1=0 D2=34A77168 D3=0 D4=8402E40 D5=80210118 D6=0 D7=0 A0=103474 A1=103300 A2=534F4 A3=108806 A4=108300 A5=108000 A6=10BA1E -- 002664: move.l  D7, (A0)+
D0=8 D1=0 D2=34A77168 D3=0 D4=8402E40 D5=80210118 D6=0 D7=0 A0=103478 A1=103300 A2=534F4 A3=108806 A4=108300 A5=108000 A6=10BA1E -- 002666: move.l  D7, (A0)+
D0=8 D1=0 D2=34A77168 D3=0 D4=8402E40 D5=80210118 D6=0 D7=0 A0=10347C A1=103300 A2=534F4 A3=108806 A4=108300 A5=108000 A6=10BA1E -- 002668: move.l  D7, (A0)+
D0=8 D1=0 D2=34A77168 D3=0 D4=8402E40 D5=80210118 D6=0 D7=0 A0=103480 A1=103300 A2=534F4 A3=108806 A4=108300 A5=108000 A6=10BA1E -- 00266A: dbra    D0, $2662
D0=7 D1=0 D2=34A77168 D3=0 D4=8402E40 D5=80210118 D6=0 D7=0 A0=103480 A1=103300 A2=534F4 A3=108806 A4=108300 A5=108000 A6=10BA1E -- 002662: move.l  D7, (A0)+
D0=7 D1=0 D2=34A77168 D3=0 D4=8402E40 D5=80210118 D6=0 D7=0 A0=103484 A1=103300 A2=534F4 A3=108806 A4=108300 A5=108000 A6=10BA1E -- 002664: move.l  D7, (A0)+
D0=7 D1=0 D2=34A77168 D3=0 D4=8402E40 D5=80210118 D6=0 D7=0 A0=103488 A1=103300 A2=534F4 A3=108806 A4=108300 A5=108000 A6=10BA1E -- 002666: move.l  D7, (A0)+
D0=7 D1=0 D2=34A77168 D3=0 D4=8402E40 D5=80210118 D6=0 D7=0 A0=10348C A1=103300 A2=534F4 A3=108806 A4=108300 A5=108000 A6=10BA1E -- 002668: move.l  D7, (A0)+
D0=7 D1=0 D2=34A77168 D3=0 D4=8402E40 D5=80210118 D6=0 D7=0 A0=103490 A1=103300 A2=534F4 A3=108806 A4=108300 A5=108000 A6=10BA1E -- 00266A: dbra    D0, $2662
D0=6 D1=0 D2=34A77168 D3=0 D4=8402E40 D5=80210118 D6=0 D7=0 A0=103490 A1=103300 A2=534F4 A3=108806 A4=108300 A5=108000 A6=10BA1E -- 002662: move.l  D7, (A0)+
D0=6 D1=0 D2=34A77168 D3=0 D4=8402E40 D5=80210118 D6=0 D7=0 A0=103494 A1=103300 A2=534F4 A3=108806 A4=108300 A5=108000 A6=10BA1E -- 002664: move.l  D7, (A0)+
D0=6 D1=0 D2=34A77168 D3=0 D4=8402E40 D5=80210118 D6=0 D7=0 A0=103498 A1=103300 A2=534F4 A3=108806 A4=108300 A5=108000 A6=10BA1E -- 002666: move.l  D7, (A0)+
D0=6 D1=0 D2=34A77168 D3=0 D4=8402E40 D5=80210118 D6=0 D7=0 A0=10349C A1=103300 A2=534F4 A3=108806 A4=108300 A5=108000 A6=10BA1E -- 002668: move.l  D7, (A0)+
D0=6 D1=0 D2=34A77168 D3=0 D4=8402E40 D5=80210118 D6=0 D7=0 A0=1034A0 A1=103300 A2=534F4 A3=108806 A4=108300 A5=108000 A6=10BA1E -- 00266A: dbra    D0, $2662
D0=5 D1=0 D2=34A77168 D3=0 D4=8402E40 D5=80210118 D6=0 D7=0 A0=1034A0 A1=103300 A2=534F4 A3=108806 A4=108300 A5=108000 A6=10BA1E -- 002662: move.l  D7, (A0)+
D0=5 D1=0 D2=34A77168 D3=0 D4=8402E40 D5=80210118 D6=0 D7=0 A0=1034A4 A1=103300 A2=534F4 A3=108806 A4=108300 A5=108000 A6=10BA1E -- 002664: move.l  D7, (A0)+
D0=5 D1=0 D2=34A77168 D3=0 D4=8402E40 D5=80210118 D6=0 D7=0 A0=1034A8 A1=103300 A2=534F4 A3=108806 A4=108300 A5=108000 A6=10BA1E -- 002666: move.l  D7, (A0)+
D0=5 D1=0 D2=34A77168 D3=0 D4=8402E40 D5=80210118 D6=0 D7=0 A0=1034AC A1=103300 A2=534F4 A3=108806 A4=108300 A5=108000 A6=10BA1E -- 002668: move.l  D7, (A0)+
D0=5 D1=0 D2=34A77168 D3=0 D4=8402E40 D5=80210118 D6=0 D7=0 A0=1034B0 A1=103300 A2=534F4 A3=108806 A4=108300 A5=108000 A6=10BA1E -- 00266A: dbra    D0, $2662
D0=4 D1=0 D2=34A77168 D3=0 D4=8402E40 D5=80210118 D6=0 D7=0 A0=1034B0 A1=103300 A2=534F4 A3=108806 A4=108300 A5=108000 A6=10BA1E -- 002662: move.l  D7, (A0)+
D0=4 D1=0 D2=34A77168 D3=0 D4=8402E40 D5=80210118 D6=0 D7=0 A0=1034B4 A1=103300 A2=534F4 A3=108806 A4=108300 A5=108000 A6=10BA1E -- 002664: move.l  D7, (A0)+
D0=4 D1=0 D2=34A77168 D3=0 D4=8402E40 D5=80210118 D6=0 D7=0 A0=1034B8 A1=103300 A2=534F4 A3=108806 A4=108300 A5=108000 A6=10BA1E -- 002666: move.l  D7, (A0)+
D0=4 D1=0 D2=34A77168 D3=0 D4=8402E40 D5=80210118 D6=0 D7=0 A0=1034BC A1=103300 A2=534F4 A3=108806 A4=108300 A5=108000 A6=10BA1E -- 002668: move.l  D7, (A0)+
D0=4 D1=0 D2=34A77168 D3=0 D4=8402E40 D5=80210118 D6=0 D7=0 A0=1034C0 A1=103300 A2=534F4 A3=108806 A4=108300 A5=108000 A6=10BA1E -- 00266A: dbra    D0, $2662
D0=3 D1=0 D2=34A77168 D3=0 D4=8402E40 D5=80210118 D6=0 D7=0 A0=1034C0 A1=103300 A2=534F4 A3=108806 A4=108300 A5=108000 A6=10BA1E -- 002662: move.l  D7, (A0)+
D0=3 D1=0 D2=34A77168 D3=0 D4=8402E40 D5=80210118 D6=0 D7=0 A0=1034C4 A1=103300 A2=534F4 A3=108806 A4=108300 A5=108000 A6=10BA1E -- 002664: move.l  D7, (A0)+
D0=3 D1=0 D2=34A77168 D3=0 D4=8402E40 D5=80210118 D6=0 D7=0 A0=1034C8 A1=103300 A2=534F4 A3=108806 A4=108300 A5=108000 A6=10BA1E -- 002666: move.l  D7, (A0)+
D0=3 D1=0 D2=34A77168 D3=0 D4=8402E40 D5=80210118 D6=0 D7=0 A0=1034CC A1=103300 A2=534F4 A3=108806 A4=108300 A5=108000 A6=10BA1E -- 002668: move.l  D7, (A0)+
D0=3 D1=0 D2=34A77168 D3=0 D4=8402E40 D5=80210118 D6=0 D7=0 A0=1034D0 A1=103300 A2=534F4 A3=108806 A4=108300 A5=108000 A6=10BA1E -- 00266A: dbra    D0, $2662
D0=2 D1=0 D2=34A77168 D3=0 D4=8402E40 D5=80210118 D6=0 D7=0 A0=1034D0 A1=103300 A2=534F4 A3=108806 A4=108300 A5=108000 A6=10BA1E -- 002662: move.l  D7, (A0)+
D0=2 D1=0 D2=34A77168 D3=0 D4=8402E40 D5=80210118 D6=0 D7=0 A0=1034D4 A1=103300 A2=534F4 A3=108806 A4=108300 A5=108000 A6=10BA1E -- 002664: move.l  D7, (A0)+
D0=2 D1=0 D2=34A77168 D3=0 D4=8402E40 D5=80210118 D6=0 D7=0 A0=1034D8 A1=103300 A2=534F4 A3=108806 A4=108300 A5=108000 A6=10BA1E -- 002666: move.l  D7, (A0)+
D0=2 D1=0 D2=34A77168 D3=0 D4=8402E40 D5=80210118 D6=0 D7=0 A0=1034DC A1=103300 A2=534F4 A3=108806 A4=108300 A5=108000 A6=10BA1E -- 002668: move.l  D7, (A0)+
D0=2 D1=0 D2=34A77168 D3=0 D4=8402E40 D5=80210118 D6=0 D7=0 A0=1034E0 A1=103300 A2=534F4 A3=108806 A4=108300 A5=108000 A6=10BA1E -- 00266A: dbra    D0, $2662
D0=1 D1=0 D2=34A77168 D3=0 D4=8402E40 D5=80210118 D6=0 D7=0 A0=1034E0 A1=103300 A2=534F4 A3=108806 A4=108300 A5=108000 A6=10BA1E -- 002662: move.l  D7, (A0)+
D0=1 D1=0 D2=34A77168 D3=0 D4=8402E40 D5=80210118 D6=0 D7=0 A0=1034E4 A1=103300 A2=534F4 A3=108806 A4=108300 A5=108000 A6=10BA1E -- 002664: move.l  D7, (A0)+
D0=1 D1=0 D2=34A77168 D3=0 D4=8402E40 D5=80210118 D6=0 D7=0 A0=1034E8 A1=103300 A2=534F4 A3=108806 A4=108300 A5=108000 A6=10BA1E -- 002666: move.l  D7, (A0)+
D0=1 D1=0 D2=34A77168 D3=0 D4=8402E40 D5=80210118 D6=0 D7=0 A0=1034EC A1=103300 A2=534F4 A3=108806 A4=108300 A5=108000 A6=10BA1E -- 002668: move.l  D7, (A0)+
D0=1 D1=0 D2=34A77168 D3=0 D4=8402E40 D5=80210118 D6=0 D7=0 A0=1034F0 A1=103300 A2=534F4 A3=108806 A4=108300 A5=108000 A6=10BA1E -- 00266A: dbra    D0, $2662
D0=0 D1=0 D2=34A77168 D3=0 D4=8402E40 D5=80210118 D6=0 D7=0 A0=1034F0 A1=103300 A2=534F4 A3=108806 A4=108300 A5=108000 A6=10BA1E -- 002662: move.l  D7, (A0)+
D0=0 D1=0 D2=34A77168 D3=0 D4=8402E40 D5=80210118 D6=0 D7=0 A0=1034F4 A1=103300 A2=534F4 A3=108806 A4=108300 A5=108000 A6=10BA1E -- 002664: move.l  D7, (A0)+
D0=0 D1=0 D2=34A77168 D3=0 D4=8402E40 D5=80210118 D6=0 D7=0 A0=1034F8 A1=103300 A2=534F4 A3=108806 A4=108300 A5=108000 A6=10BA1E -- 002666: move.l  D7, (A0)+
D0=0 D1=0 D2=34A77168 D3=0 D4=8402E40 D5=80210118 D6=0 D7=0 A0=1034FC A1=103300 A2=534F4 A3=108806 A4=108300 A5=108000 A6=10BA1E -- 002668: move.l  D7, (A0)+
D0=0 D1=0 D2=34A77168 D3=0 D4=8402E40 D5=80210118 D6=0 D7=0 A0=103500 A1=103300 A2=534F4 A3=108806 A4=108300 A5=108000 A6=10BA1E -- 00266A: dbra    D0, $2662
D0=FFFF D1=0 D2=34A77168 D3=0 D4=8402E40 D5=80210118 D6=0 D7=0 A0=103500 A1=103300 A2=534F4 A3=108806 A4=108300 A5=108000 A6=10BA1E -- 00266E: rts
D0=FFFF D1=0 D2=34A77168 D3=0 D4=8402E40 D5=80210118 D6=0 D7=0 A0=103500 A1=103300 A2=534F4 A3=108806 A4=108300 A5=108000 A6=10BA1E -- 0378E6: bsr     $3791c
D0=FFFF D1=0 D2=34A77168 D3=0 D4=8402E40 D5=80210118 D6=0 D7=0 A0=103500 A1=103300 A2=534F4 A3=108806 A4=108300 A5=108000 A6=10BA1E -- 03791C: clr.b   ($cf,A1)
D0=FFFF D1=0 D2=34A77168 D3=0 D4=8402E40 D5=80210118 D6=0 D7=0 A0=103500 A1=103300 A2=534F4 A3=108806 A4=108300 A5=108000 A6=10BA1E -- 037920: move.l  #$4d454d42, ($10,A1)
D0=FFFF D1=0 D2=34A77168 D3=0 D4=8402E40 D5=80210118 D6=0 D7=0 A0=103500 A1=103300 A2=534F4 A3=108806 A4=108300 A5=108000 A6=10BA1E -- 037928: move.l  #$44495350, ($14,A1)
D0=FFFF D1=0 D2=34A77168 D3=0 D4=8402E40 D5=80210118 D6=0 D7=0 A0=103500 A1=103300 A2=534F4 A3=108806 A4=108300 A5=108000 A6=10BA1E -- 037930: move.b  #$ff, ($68,A1)
D0=FFFF D1=0 D2=34A77168 D3=0 D4=8402E40 D5=80210118 D6=0 D7=0 A0=103500 A1=103300 A2=534F4 A3=108806 A4=108300 A5=108000 A6=10BA1E -- 037936: move.b  #$ff, ($69,A1)
D0=FFFF D1=0 D2=34A77168 D3=0 D4=8402E40 D5=80210118 D6=0 D7=0 A0=103500 A1=103300 A2=534F4 A3=108806 A4=108300 A5=108000 A6=10BA1E -- 03793C: clr.l   ($18,A1)
D0=FFFF D1=0 D2=34A77168 D3=0 D4=8402E40 D5=80210118 D6=0 D7=0 A0=103500 A1=103300 A2=534F4 A3=108806 A4=108300 A5=108000 A6=10BA1E -- 037940: clr.l   ($1c,A1)
D0=FFFF D1=0 D2=34A77168 D3=0 D4=8402E40 D5=80210118 D6=0 D7=0 A0=103500 A1=103300 A2=534F4 A3=108806 A4=108300 A5=108000 A6=10BA1E -- 037944: clr.l   ($20,A1)
D0=FFFF D1=0 D2=34A77168 D3=0 D4=8402E40 D5=80210118 D6=0 D7=0 A0=103500 A1=103300 A2=534F4 A3=108806 A4=108300 A5=108000 A6=10BA1E -- 037948: move.w  D5, ($24,A1)
D0=FFFF D1=0 D2=34A77168 D3=0 D4=8402E40 D5=80210118 D6=0 D7=0 A0=103500 A1=103300 A2=534F4 A3=108806 A4=108300 A5=108000 A6=10BA1E -- 03794C: move.w  #$b8, ($26,A1)
D0=FFFF D1=0 D2=34A77168 D3=0 D4=8402E40 D5=80210118 D6=0 D7=0 A0=103500 A1=103300 A2=534F4 A3=108806 A4=108300 A5=108000 A6=10BA1E -- 037952: move.l  A4, ($84,A1)
D0=FFFF D1=0 D2=34A77168 D3=0 D4=8402E40 D5=80210118 D6=0 D7=0 A0=103500 A1=103300 A2=534F4 A3=108806 A4=108300 A5=108000 A6=10BA1E -- 037956: move.l  A1, (A3)+
D0=FFFF D1=0 D2=34A77168 D3=0 D4=8402E40 D5=80210118 D6=0 D7=0 A0=103500 A1=103300 A2=534F4 A3=10880A A4=108300 A5=108000 A6=10BA1E -- 037958: rts
D0=FFFF D1=0 D2=34A77168 D3=0 D4=8402E40 D5=80210118 D6=0 D7=0 A0=103500 A1=103300 A2=534F4 A3=10880A A4=108300 A5=108000 A6=10BA1E -- 0378EA: move.w  #$6e, ($2c,A1)
D0=FFFF D1=0 D2=34A77168 D3=0 D4=8402E40 D5=80210118 D6=0 D7=0 A0=103500 A1=103300 A2=534F4 A3=10880A A4=108300 A5=108000 A6=10BA1E -- 0378F0: sub.w   D6, ($2c,A1)
D0=FFFF D1=0 D2=34A77168 D3=0 D4=8402E40 D5=80210118 D6=0 D7=0 A0=103500 A1=103300 A2=534F4 A3=10880A A4=108300 A5=108000 A6=10BA1E -- 0378F4: move.w  D6, ($d0,A1)
D0=FFFF D1=0 D2=34A77168 D3=0 D4=8402E40 D5=80210118 D6=0 D7=0 A0=103500 A1=103300 A2=534F4 A3=10880A A4=108300 A5=108000 A6=10BA1E -- 0378F8: lea     ($64,PC) ; ($3795e), A0
D0=FFFF D1=0 D2=34A77168 D3=0 D4=8402E40 D5=80210118 D6=0 D7=0 A0=3795E A1=103300 A2=534F4 A3=10880A A4=108300 A5=108000 A6=10BA1E -- 0378FC: nop
D0=FFFF D1=0 D2=34A77168 D3=0 D4=8402E40 D5=80210118 D6=0 D7=0 A0=3795E A1=103300 A2=534F4 A3=10880A A4=108300 A5=108000 A6=10BA1E -- 0378FE: move.b  (A0,D6.w), ($30,A1)
D0=FFFF D1=0 D2=34A77168 D3=0 D4=8402E40 D5=80210118 D6=0 D7=0 A0=3795E A1=103300 A2=534F4 A3=10880A A4=108300 A5=108000 A6=10BA1E -- 037904: addi.w  #$20, D5
D0=FFFF D1=0 D2=34A77168 D3=0 D4=8402E40 D5=80210138 D6=0 D7=0 A0=3795E A1=103300 A2=534F4 A3=10880A A4=108300 A5=108000 A6=10BA1E -- 037908: dbra    D6, $378d8
D0=FFFF D1=0 D2=34A77168 D3=0 D4=8402E40 D5=80210138 D6=FFFF D7=0 A0=3795E A1=103300 A2=534F4 A3=10880A A4=108300 A5=108000 A6=10BA1E -- 03790C: rts
D0=FFFF D1=0 D2=34A77168 D3=0 D4=8402E40 D5=80210138 D6=FFFF D7=0 A0=3795E A1=103300 A2=534F4 A3=10880A A4=108300 A5=108000 A6=10BA1E -- 037242: move.b  #$ff, ($68,A4)
D0=FFFF D1=0 D2=34A77168 D3=0 D4=8402E40 D5=80210138 D6=FFFF D7=0 A0=3795E A1=103300 A2=534F4 A3=10880A A4=108300 A5=108000 A6=10BA1E -- 037248: move.b  #$ff, ($69,A4)
D0=FFFF D1=0 D2=34A77168 D3=0 D4=8402E40 D5=80210138 D6=FFFF D7=0 A0=3795E A1=103300 A2=534F4 A3=10880A A4=108300 A5=108000 A6=10BA1E -- 03724E: clr.l   ($18,A4)
D0=FFFF D1=0 D2=34A77168 D3=0 D4=8402E40 D5=80210138 D6=FFFF D7=0 A0=3795E A1=103300 A2=534F4 A3=10880A A4=108300 A5=108000 A6=10BA1E -- 037252: clr.l   ($1c,A4)
D0=FFFF D1=0 D2=34A77168 D3=0 D4=8402E40 D5=80210138 D6=FFFF D7=0 A0=3795E A1=103300 A2=534F4 A3=10880A A4=108300 A5=108000 A6=10BA1E -- 037256: clr.l   ($20,A4)
D0=FFFF D1=0 D2=34A77168 D3=0 D4=8402E40 D5=80210138 D6=FFFF D7=0 A0=3795E A1=103300 A2=534F4 A3=10880A A4=108300 A5=108000 A6=10BA1E -- 03725A: bsr     $373d8
D0=FFFF D1=0 D2=34A77168 D3=0 D4=8402E40 D5=80210138 D6=FFFF D7=0 A0=3795E A1=103300 A2=534F4 A3=10880A A4=108300 A5=108000 A6=10BA1E -- 0373D8: moveq   #$0, D0
D0=0 D1=0 D2=34A77168 D3=0 D4=8402E40 D5=80210138 D6=FFFF D7=0 A0=3795E A1=103300 A2=534F4 A3=10880A A4=108300 A5=108000 A6=10BA1E -- 0373DA: move.b  ($131,A4), D0
D0=6 D1=0 D2=34A77168 D3=0 D4=8402E40 D5=80210138 D6=FFFF D7=0 A0=3795E A1=103300 A2=534F4 A3=10880A A4=108300 A5=108000 A6=10BA1E -- 0373DE: add.w   D0, D0
D0=C D1=0 D2=34A77168 D3=0 D4=8402E40 D5=80210138 D6=FFFF D7=0 A0=3795E A1=103300 A2=534F4 A3=10880A A4=108300 A5=108000 A6=10BA1E -- 0373E0: add.w   D0, D0
D0=18 D1=0 D2=34A77168 D3=0 D4=8402E40 D5=80210138 D6=FFFF D7=0 A0=3795E A1=103300 A2=534F4 A3=10880A A4=108300 A5=108000 A6=10BA1E -- 0373E2: lea     $534b8.l, A0
D0=18 D1=0 D2=34A77168 D3=0 D4=8402E40 D5=80210138 D6=FFFF D7=0 A0=534B8 A1=103300 A2=534F4 A3=10880A A4=108300 A5=108000 A6=10BA1E -- 0373E8: move.w  (A0,D0.w), ($18,A4)
D0=18 D1=0 D2=34A77168 D3=0 D4=8402E40 D5=80210138 D6=FFFF D7=0 A0=534B8 A1=103300 A2=534F4 A3=10880A A4=108300 A5=108000 A6=10BA1E -- 0373EE: move.w  ($2,A0,D0.w), ($1c,A4)
D0=18 D1=0 D2=34A77168 D3=0 D4=8402E40 D5=80210138 D6=FFFF D7=0 A0=534B8 A1=103300 A2=534F4 A3=10880A A4=108300 A5=108000 A6=10BA1E -- 0373F4: rts
D0=18 D1=0 D2=34A77168 D3=0 D4=8402E40 D5=80210138 D6=FFFF D7=0 A0=534B8 A1=103300 A2=534F4 A3=10880A A4=108300 A5=108000 A6=10BA1E -- 03725E: move.w  #$78, ($2c,A4)
D0=18 D1=0 D2=34A77168 D3=0 D4=8402E40 D5=80210138 D6=FFFF D7=0 A0=534B8 A1=103300 A2=534F4 A3=10880A A4=108300 A5=108000 A6=10BA1E -- 037264: move.w  #$1b, ($70,A4)
D0=18 D1=0 D2=34A77168 D3=0 D4=8402E40 D5=80210138 D6=FFFF D7=0 A0=534B8 A1=103300 A2=534F4 A3=10880A A4=108300 A5=108000 A6=10BA1E -- 03726A: clr.w   ($d0,A4)
D0=18 D1=0 D2=34A77168 D3=0 D4=8402E40 D5=80210138 D6=FFFF D7=0 A0=534B8 A1=103300 A2=534F4 A3=10880A A4=108300 A5=108000 A6=10BA1E -- 03726E: move.l  #$37274, (A4)
D0=18 D1=0 D2=34A77168 D3=0 D4=8402E40 D5=80210138 D6=FFFF D7=0 A0=534B8 A1=103300 A2=534F4 A3=10880A A4=108300 A5=108000 A6=10BA1E -- 037274: btst    #$0, ($cf,A4)
D0=18 D1=0 D2=34A77168 D3=0 D4=8402E40 D5=80210138 D6=FFFF D7=0 A0=534B8 A1=103300 A2=534F4 A3=10880A A4=108300 A5=108000 A6=10BA1E -- 03727A: bne     $372c6
D0=18 D1=0 D2=34A77168 D3=0 D4=8402E40 D5=80210138 D6=FFFF D7=0 A0=534B8 A1=103300 A2=534F4 A3=10880A A4=108300 A5=108000 A6=10BA1E -- 03727C: tst.b   ($130,A4)
D0=18 D1=0 D2=34A77168 D3=0 D4=8402E40 D5=80210138 D6=FFFF D7=0 A0=534B8 A1=103300 A2=534F4 A3=10880A A4=108300 A5=108000 A6=10BA1E -- 037280: bpl     $37298
D0=18 D1=0 D2=34A77168 D3=0 D4=8402E40 D5=80210138 D6=FFFF D7=0 A0=534B8 A1=103300 A2=534F4 A3=10880A A4=108300 A5=108000 A6=10BA1E -- 037298: bsr     $37574
D0=18 D1=0 D2=34A77168 D3=0 D4=8402E40 D5=80210138 D6=FFFF D7=0 A0=534B8 A1=103300 A2=534F4 A3=10880A A4=108300 A5=108000 A6=10BA1E -- 037574: btst    #$2, ($785,A5)
D0=18 D1=0 D2=34A77168 D3=0 D4=8402E40 D5=80210138 D6=FFFF D7=0 A0=534B8 A1=103300 A2=534F4 A3=10880A A4=108300 A5=108000 A6=10BA1E -- 03757A: bne     $37598
D0=18 D1=0 D2=34A77168 D3=0 D4=8402E40 D5=80210138 D6=FFFF D7=0 A0=534B8 A1=103300 A2=534F4 A3=10880A A4=108300 A5=108000 A6=10BA1E -- 03757C: movea.l ($b6,A4), A0
D0=18 D1=0 D2=34A77168 D3=0 D4=8402E40 D5=80210138 D6=FFFF D7=0 A0=108100 A1=103300 A2=534F4 A3=10880A A4=108300 A5=108000 A6=10BA1E -- 037580: move.b  ($130,A0), D0
D0=81 D1=0 D2=34A77168 D3=0 D4=8402E40 D5=80210138 D6=FFFF D7=0 A0=108100 A1=103300 A2=534F4 A3=10880A A4=108300 A5=108000 A6=10BA1E -- 037584: andi.b  #$7f, D0
D0=1 D1=0 D2=34A77168 D3=0 D4=8402E40 D5=80210138 D6=FFFF D7=0 A0=108100 A1=103300 A2=534F4 A3=10880A A4=108300 A5=108000 A6=10BA1E -- 037588: subq.b  #1, D0
D0=0 D1=0 D2=34A77168 D3=0 D4=8402E40 D5=80210138 D6=FFFF D7=0 A0=108100 A1=103300 A2=534F4 A3=10880A A4=108300 A5=108000 A6=10BA1E -- 03758A: btst    D0, ($7e6,A5)
D0=0 D1=0 D2=34A77168 D3=0 D4=8402E40 D5=80210138 D6=FFFF D7=0 A0=108100 A1=103300 A2=534F4 A3=10880A A4=108300 A5=108000 A6=10BA1E -- 03758E: bne     $375c0
D0=0 D1=0 D2=34A77168 D3=0 D4=8402E40 D5=80210138 D6=FFFF D7=0 A0=108100 A1=103300 A2=534F4 A3=10880A A4=108300 A5=108000 A6=10BA1E -- 0375C0: rts
D0=0 D1=0 D2=34A77168 D3=0 D4=8402E40 D5=80210138 D6=FFFF D7=0 A0=108100 A1=103300 A2=534F4 A3=10880A A4=108300 A5=108000 A6=10BA1E -- 03729C: move.w  #$47, ($72,A4)
D0=0 D1=0 D2=34A77168 D3=0 D4=8402E40 D5=80210138 D6=FFFF D7=0 A0=108100 A1=103300 A2=534F4 A3=10880A A4=108300 A5=108000 A6=10BA1E -- 0372A2: btst    #$0, ($130,A4)
D0=0 D1=0 D2=34A77168 D3=0 D4=8402E40 D5=80210138 D6=FFFF D7=0 A0=108100 A1=103300 A2=534F4 A3=10880A A4=108300 A5=108000 A6=10BA1E -- 0372A8: bne     $372b0
D0=0 D1=0 D2=34A77168 D3=0 D4=8402E40 D5=80210138 D6=FFFF D7=0 A0=108100 A1=103300 A2=534F4 A3=10880A A4=108300 A5=108000 A6=10BA1E -- 0372AA: move.w  #$49, ($72,A4)
D0=0 D1=0 D2=34A77168 D3=0 D4=8402E40 D5=80210138 D6=FFFF D7=0 A0=108100 A1=103300 A2=534F4 A3=10880A A4=108300 A5=108000 A6=10BA1E -- 0372B0: bsr     $372da
D0=0 D1=0 D2=34A77168 D3=0 D4=8402E40 D5=80210138 D6=FFFF D7=0 A0=108100 A1=103300 A2=534F4 A3=10880A A4=108300 A5=108000 A6=10BA1E -- 0372DA: move.b  ($130,A4), D0
D0=2 D1=0 D2=34A77168 D3=0 D4=8402E40 D5=80210138 D6=FFFF D7=0 A0=108100 A1=103300 A2=534F4 A3=10880A A4=108300 A5=108000 A6=10BA1E -- 0372DE: andi.b  #$7f, D0
D0=2 D1=0 D2=34A77168 D3=0 D4=8402E40 D5=80210138 D6=FFFF D7=0 A0=108100 A1=103300 A2=534F4 A3=10880A A4=108300 A5=108000 A6=10BA1E -- 0372E2: addq.b  #1, D0
D0=3 D1=0 D2=34A77168 D3=0 D4=8402E40 D5=80210138 D6=FFFF D7=0 A0=108100 A1=103300 A2=534F4 A3=10880A A4=108300 A5=108000 A6=10BA1E -- 0372E4: btst    D0, ($7e6,A5)
D0=3 D1=0 D2=34A77168 D3=0 D4=8402E40 D5=80210138 D6=FFFF D7=0 A0=108100 A1=103300 A2=534F4 A3=10880A A4=108300 A5=108000 A6=10BA1E -- 0372E8: bne     $37310
D0=3 D1=0 D2=34A77168 D3=0 D4=8402E40 D5=80210138 D6=FFFF D7=0 A0=108100 A1=103300 A2=534F4 A3=10880A A4=108300 A5=108000 A6=10BA1E -- 0372EA: move.b  ($1,A6), D0
D0=0 D1=0 D2=34A77168 D3=0 D4=8402E40 D5=80210138 D6=FFFF D7=0 A0=108100 A1=103300 A2=534F4 A3=10880A A4=108300 A5=108000 A6=10BA1E -- 0372EE: andi.w  #$f, D0
D0=0 D1=0 D2=34A77168 D3=0 D4=8402E40 D5=80210138 D6=FFFF D7=0 A0=108100 A1=103300 A2=534F4 A3=10880A A4=108300 A5=108000 A6=10BA1E -- 0372F2: lea     ($22,PC) ; ($37316), A0
D0=0 D1=0 D2=34A77168 D3=0 D4=8402E40 D5=80210138 D6=FFFF D7=0 A0=37316 A1=103300 A2=534F4 A3=10880A A4=108300 A5=108000 A6=10BA1E -- 0372F6: nop
D0=0 D1=0 D2=34A77168 D3=0 D4=8402E40 D5=80210138 D6=FFFF D7=0 A0=37316 A1=103300 A2=534F4 A3=10880A A4=108300 A5=108000 A6=10BA1E -- 0372F8: moveq   #$0, D1
D0=0 D1=0 D2=34A77168 D3=0 D4=8402E40 D5=80210138 D6=FFFF D7=0 A0=37316 A1=103300 A2=534F4 A3=10880A A4=108300 A5=108000 A6=10BA1E -- 0372FA: move.b  (A0,D0.w), D1
D0=0 D1=FF D2=34A77168 D3=0 D4=8402E40 D5=80210138 D6=FFFF D7=0 A0=37316 A1=103300 A2=534F4 A3=10880A A4=108300 A5=108000 A6=10BA1E -- 0372FE: bmi     $37310
D0=0 D1=FF D2=34A77168 D3=0 D4=8402E40 D5=80210138 D6=FFFF D7=0 A0=37316 A1=103300 A2=534F4 A3=10880A A4=108300 A5=108000 A6=10BA1E -- 037310: bsr     $373f6
D0=0 D1=FF D2=34A77168 D3=0 D4=8402E40 D5=80210138 D6=FFFF D7=0 A0=37316 A1=103300 A2=534F4 A3=10880A A4=108300 A5=108000 A6=10BA1E -- 0373F6: lea     $53538.l, A0
D0=0 D1=FF D2=34A77168 D3=0 D4=8402E40 D5=80210138 D6=FFFF D7=0 A0=53538 A1=103300 A2=534F4 A3=10880A A4=108300 A5=108000 A6=10BA1E -- 0373FC: btst    #$0, ($130,A4)
D0=0 D1=FF D2=34A77168 D3=0 D4=8402E40 D5=80210138 D6=FFFF D7=0 A0=53538 A1=103300 A2=534F4 A3=10880A A4=108300 A5=108000 A6=10BA1E -- 037402: bne     $3740a
D0=0 D1=FF D2=34A77168 D3=0 D4=8402E40 D5=80210138 D6=FFFF D7=0 A0=53538 A1=103300 A2=534F4 A3=10880A A4=108300 A5=108000 A6=10BA1E -- 037404: lea     $5355c.l, A0
D0=0 D1=FF D2=34A77168 D3=0 D4=8402E40 D5=80210138 D6=FFFF D7=0 A0=5355C A1=103300 A2=534F4 A3=10880A A4=108300 A5=108000 A6=10BA1E -- 03740A: moveq   #$0, D0
D0=0 D1=FF D2=34A77168 D3=0 D4=8402E40 D5=80210138 D6=FFFF D7=0 A0=5355C A1=103300 A2=534F4 A3=10880A A4=108300 A5=108000 A6=10BA1E -- 03740C: move.b  ($131,A4), D0
D0=6 D1=FF D2=34A77168 D3=0 D4=8402E40 D5=80210138 D6=FFFF D7=0 A0=5355C A1=103300 A2=534F4 A3=10880A A4=108300 A5=108000 A6=10BA1E -- 037410: add.w   D0, D0
D0=C D1=FF D2=34A77168 D3=0 D4=8402E40 D5=80210138 D6=FFFF D7=0 A0=5355C A1=103300 A2=534F4 A3=10880A A4=108300 A5=108000 A6=10BA1E -- 037412: add.w   D0, D0
D0=18 D1=FF D2=34A77168 D3=0 D4=8402E40 D5=80210138 D6=FFFF D7=0 A0=5355C A1=103300 A2=534F4 A3=10880A A4=108300 A5=108000 A6=10BA1E -- 037414: movea.l (A0,D0.w), A0
D0=18 D1=FF D2=34A77168 D3=0 D4=8402E40 D5=80210138 D6=FFFF D7=0 A0=53700 A1=103300 A2=534F4 A3=10880A A4=108300 A5=108000 A6=10BA1E -- 037418: move.b  #$ff, ($46fe,A5)
D0=18 D1=FF D2=34A77168 D3=0 D4=8402E40 D5=80210138 D6=FFFF D7=0 A0=53700 A1=103300 A2=534F4 A3=10880A A4=108300 A5=108000 A6=10BA1E -- 03741E: jsr     $6086.w
D0=18 D1=FF D2=34A77168 D3=0 D4=8402E40 D5=80210138 D6=FFFF D7=0 A0=53700 A1=103300 A2=534F4 A3=10880A A4=108300 A5=108000 A6=10BA1E -- 006086: move.b  (A0), D0
D0=73 D1=FF D2=34A77168 D3=0 D4=8402E40 D5=80210138 D6=FFFF D7=0 A0=53700 A1=103300 A2=534F4 A3=10880A A4=108300 A5=108000 A6=10BA1E -- 006088: move.b  D0, -(A7)
D0=73 D1=FF D2=34A77168 D3=0 D4=8402E40 D5=80210138 D6=FFFF D7=0 A0=53700 A1=103300 A2=534F4 A3=10880A A4=108300 A5=108000 A6=10BA1E -- 00608A: move.w  (A7)+, D0
D0=730F D1=FF D2=34A77168 D3=0 D4=8402E40 D5=80210138 D6=FFFF D7=0 A0=53700 A1=103300 A2=534F4 A3=10880A A4=108300 A5=108000 A6=10BA1E -- 00608C: move.b  ($1,A0), D0
D0=73A7 D1=FF D2=34A77168 D3=0 D4=8402E40 D5=80210138 D6=FFFF D7=0 A0=53700 A1=103300 A2=534F4 A3=10880A A4=108300 A5=108000 A6=10BA1E -- 006090: move.w  D0, D2
D0=73A7 D1=FF D2=34A773A7 D3=0 D4=8402E40 D5=80210138 D6=FFFF D7=0 A0=53700 A1=103300 A2=534F4 A3=10880A A4=108300 A5=108000 A6=10BA1E -- 006092: addq.l  #2, A0
D0=73A7 D1=FF D2=34A773A7 D3=0 D4=8402E40 D5=80210138 D6=FFFF D7=0 A0=53702 A1=103300 A2=534F4 A3=10880A A4=108300 A5=108000 A6=10BA1E -- 006094: tst.b   ($46fe,A5)
D0=73A7 D1=FF D2=34A773A7 D3=0 D4=8402E40 D5=80210138 D6=FFFF D7=0 A0=53702 A1=103300 A2=534F4 A3=10880A A4=108300 A5=108000 A6=10BA1E -- 006098: bmi     $60b4
D0=73A7 D1=FF D2=34A773A7 D3=0 D4=8402E40 D5=80210138 D6=FFFF D7=0 A0=53702 A1=103300 A2=534F4 A3=10880A A4=108300 A5=108000 A6=10BA1E -- 0060B4: move.b  (A0)+, D0
D0=7346 D1=FF D2=34A773A7 D3=0 D4=8402E40 D5=80210138 D6=FFFF D7=0 A0=53703 A1=103300 A2=534F4 A3=10880A A4=108300 A5=108000 A6=10BA1E -- 0060B6: move.b  D0, -(A7)
D0=7346 D1=FF D2=34A773A7 D3=0 D4=8402E40 D5=80210138 D6=FFFF D7=0 A0=53703 A1=103300 A2=534F4 A3=10880A A4=108300 A5=108000 A6=10BA1E -- 0060B8: move.w  (A7)+, D0
D0=460F D1=FF D2=34A773A7 D3=0 D4=8402E40 D5=80210138 D6=FFFF D7=0 A0=53703 A1=103300 A2=534F4 A3=10880A A4=108300 A5=108000 A6=10BA1E -- 0060BA: clr.b   D0
D0=4600 D1=FF D2=34A773A7 D3=0 D4=8402E40 D5=80210138 D6=FFFF D7=0 A0=53703 A1=103300 A2=534F4 A3=10880A A4=108300 A5=108000 A6=10BA1E -- 0060BC: move.w  D2, ($46fa,A5)
D0=4600 D1=FF D2=34A773A7 D3=0 D4=8402E40 D5=80210138 D6=FFFF D7=0 A0=53703 A1=103300 A2=534F4 A3=10880A A4=108300 A5=108000 A6=10BA1E -- 0060C0: move.w  D0, ($46fc,A5)
D0=4600 D1=FF D2=34A773A7 D3=0 D4=8402E40 D5=80210138 D6=FFFF D7=0 A0=53703 A1=103300 A2=534F4 A3=10880A A4=108300 A5=108000 A6=10BA1E -- 0060C4: moveq   #$0, D1
D0=4600 D1=0 D2=34A773A7 D3=0 D4=8402E40 D5=80210138 D6=FFFF D7=0 A0=53703 A1=103300 A2=534F4 A3=10880A A4=108300 A5=108000 A6=10BA1E -- 0060C6: move.b  (A0)+, D1
D0=4600 D1=D0 D2=34A773A7 D3=0 D4=8402E40 D5=80210138 D6=FFFF D7=0 A0=53704 A1=103300 A2=534F4 A3=10880A A4=108300 A5=108000 A6=10BA1E -- 0060C8: cmpi.b  #$d, D1
D0=4600 D1=D0 D2=34A773A7 D3=0 D4=8402E40 D5=80210138 D6=FFFF D7=0 A0=53704 A1=103300 A2=534F4 A3=10880A A4=108300 A5=108000 A6=10BA1E -- 0060CC: bne     $60e2
D0=4600 D1=D0 D2=34A773A7 D3=0 D4=8402E40 D5=80210138 D6=FFFF D7=0 A0=53704 A1=103300 A2=534F4 A3=10880A A4=108300 A5=108000 A6=10BA1E -- 0060E2: cmpi.b  #-$2, D1
D0=4600 D1=D0 D2=34A773A7 D3=0 D4=8402E40 D5=80210138 D6=FFFF D7=0 A0=53704 A1=103300 A2=534F4 A3=10880A A4=108300 A5=108000 A6=10BA1E -- 0060E6: beq     $6086
D0=4600 D1=D0 D2=34A773A7 D3=0 D4=8402E40 D5=80210138 D6=FFFF D7=0 A0=53704 A1=103300 A2=534F4 A3=10880A A4=108300 A5=108000 A6=10BA1E -- 0060E8: cmpi.b  #-$1, D1
D0=4600 D1=D0 D2=34A773A7 D3=0 D4=8402E40 D5=80210138 D6=FFFF D7=0 A0=53704 A1=103300 A2=534F4 A3=10880A A4=108300 A5=108000 A6=10BA1E -- 0060EC: beq     $6102
D0=4600 D1=D0 D2=34A773A7 D3=0 D4=8402E40 D5=80210138 D6=FFFF D7=0 A0=53704 A1=103300 A2=534F4 A3=10880A A4=108300 A5=108000 A6=10BA1E -- 0060EE: or.w    D0, D1
D0=4600 D1=46D0 D2=34A773A7 D3=0 D4=8402E40 D5=80210138 D6=FFFF D7=0 A0=53704 A1=103300 A2=534F4 A3=10880A A4=108300 A5=108000 A6=10BA1E -- 0060F0: swap    D2
D0=4600 D1=46D0 D2=73A734A7 D3=0 D4=8402E40 D5=80210138 D6=FFFF D7=0 A0=53704 A1=103300 A2=534F4 A3=10880A A4=108300 A5=108000 A6=10BA1E -- 0060F2: move.w  D1, D2
D0=4600 D1=46D0 D2=73A746D0 D3=0 D4=8402E40 D5=80210138 D6=FFFF D7=0 A0=53704 A1=103300 A2=534F4 A3=10880A A4=108300 A5=108000 A6=10BA1E -- 0060F4: move.l  D2, $3c0000.l
D0=4600 D1=46D0 D2=73A746D0 D3=0 D4=8402E40 D5=80210138 D6=FFFF D7=0 A0=53704 A1=103300 A2=534F4 A3=10880A A4=108300 A5=108000 A6=10BA1E -- 0060FA: swap    D2
D0=4600 D1=46D0 D2=46D073A7 D3=0 D4=8402E40 D5=80210138 D6=FFFF D7=0 A0=53704 A1=103300 A2=534F4 A3=10880A A4=108300 A5=108000 A6=10BA1E -- 0060FC: addi.w  #$20, D2
D0=4600 D1=46D0 D2=46D073C7 D3=0 D4=8402E40 D5=80210138 D6=FFFF D7=0 A0=53704 A1=103300 A2=534F4 A3=10880A A4=108300 A5=108000 A6=10BA1E -- 006100: bra     $60c4
D0=4600 D1=46D0 D2=46D073C7 D3=0 D4=8402E40 D5=80210138 D6=FFFF D7=0 A0=53704 A1=103300 A2=534F4 A3=10880A A4=108300 A5=108000 A6=10BA1E -- 0060C4: moveq   #$0, D1
D0=4600 D1=0 D2=46D073C7 D3=0 D4=8402E40 D5=80210138 D6=FFFF D7=0 A0=53704 A1=103300 A2=534F4 A3=10880A A4=108300 A5=108000 A6=10BA1E -- 0060C6: move.b  (A0)+, D1
D0=4600 D1=D1 D2=46D073C7 D3=0 D4=8402E40 D5=80210138 D6=FFFF D7=0 A0=53705 A1=103300 A2=534F4 A3=10880A A4=108300 A5=108000 A6=10BA1E -- 0060C8: cmpi.b  #$d, D1
D0=4600 D1=D1 D2=46D073C7 D3=0 D4=8402E40 D5=80210138 D6=FFFF D7=0 A0=53705 A1=103300 A2=534F4 A3=10880A A4=108300 A5=108000 A6=10BA1E -- 0060CC: bne     $60e2
D0=4600 D1=D1 D2=46D073C7 D3=0 D4=8402E40 D5=80210138 D6=FFFF D7=0 A0=53705 A1=103300 A2=534F4 A3=10880A A4=108300 A5=108000 A6=10BA1E -- 0060E2: cmpi.b  #-$2, D1
D0=4600 D1=D1 D2=46D073C7 D3=0 D4=8402E40 D5=80210138 D6=FFFF D7=0 A0=53705 A1=103300 A2=534F4 A3=10880A A4=108300 A5=108000 A6=10BA1E -- 0060E6: beq     $6086
D0=4600 D1=D1 D2=46D073C7 D3=0 D4=8402E40 D5=80210138 D6=FFFF D7=0 A0=53705 A1=103300 A2=534F4 A3=10880A A4=108300 A5=108000 A6=10BA1E -- 0060E8: cmpi.b  #-$1, D1
D0=4600 D1=D1 D2=46D073C7 D3=0 D4=8402E40 D5=80210138 D6=FFFF D7=0 A0=53705 A1=103300 A2=534F4 A3=10880A A4=108300 A5=108000 A6=10BA1E -- 0060EC: beq     $6102
D0=4600 D1=D1 D2=46D073C7 D3=0 D4=8402E40 D5=80210138 D6=FFFF D7=0 A0=53705 A1=103300 A2=534F4 A3=10880A A4=108300 A5=108000 A6=10BA1E -- 0060EE: or.w    D0, D1
D0=4600 D1=46D1 D2=46D073C7 D3=0 D4=8402E40 D5=80210138 D6=FFFF D7=0 A0=53705 A1=103300 A2=534F4 A3=10880A A4=108300 A5=108000 A6=10BA1E -- 0060F0: swap    D2
D0=4600 D1=46D1 D2=73C746D0 D3=0 D4=8402E40 D5=80210138 D6=FFFF D7=0 A0=53705 A1=103300 A2=534F4 A3=10880A A4=108300 A5=108000 A6=10BA1E -- 0060F2: move.w  D1, D2
D0=4600 D1=46D1 D2=73C746D1 D3=0 D4=8402E40 D5=80210138 D6=FFFF D7=0 A0=53705 A1=103300 A2=534F4 A3=10880A A4=108300 A5=108000 A6=10BA1E -- 0060F4: move.l  D2, $3c0000.l
D0=4600 D1=46D1 D2=73C746D1 D3=0 D4=8402E40 D5=80210138 D6=FFFF D7=0 A0=53705 A1=103300 A2=534F4 A3=10880A A4=108300 A5=108000 A6=10BA1E -- 0060FA: swap    D2
D0=4600 D1=46D1 D2=46D173C7 D3=0 D4=8402E40 D5=80210138 D6=FFFF D7=0 A0=53705 A1=103300 A2=534F4 A3=10880A A4=108300 A5=108000 A6=10BA1E -- 0060FC: addi.w  #$20, D2
D0=4600 D1=46D1 D2=46D173E7 D3=0 D4=8402E40 D5=80210138 D6=FFFF D7=0 A0=53705 A1=103300 A2=534F4 A3=10880A A4=108300 A5=108000 A6=10BA1E -- 006100: bra     $60c4
D0=4600 D1=46D1 D2=46D173E7 D3=0 D4=8402E40 D5=80210138 D6=FFFF D7=0 A0=53705 A1=103300 A2=534F4 A3=10880A A4=108300 A5=108000 A6=10BA1E -- 0060C4: moveq   #$0, D1
D0=4600 D1=0 D2=46D173E7 D3=0 D4=8402E40 D5=80210138 D6=FFFF D7=0 A0=53705 A1=103300 A2=534F4 A3=10880A A4=108300 A5=108000 A6=10BA1E -- 0060C6: move.b  (A0)+, D1
D0=4600 D1=D2 D2=46D173E7 D3=0 D4=8402E40 D5=80210138 D6=FFFF D7=0 A0=53706 A1=103300 A2=534F4 A3=10880A A4=108300 A5=108000 A6=10BA1E -- 0060C8: cmpi.b  #$d, D1
D0=4600 D1=D2 D2=46D173E7 D3=0 D4=8402E40 D5=80210138 D6=FFFF D7=0 A0=53706 A1=103300 A2=534F4 A3=10880A A4=108300 A5=108000 A6=10BA1E -- 0060CC: bne     $60e2
D0=4600 D1=D2 D2=46D173E7 D3=0 D4=8402E40 D5=80210138 D6=FFFF D7=0 A0=53706 A1=103300 A2=534F4 A3=10880A A4=108300 A5=108000 A6=10BA1E -- 0060E2: cmpi.b  #-$2, D1
D0=4600 D1=D2 D2=46D173E7 D3=0 D4=8402E40 D5=80210138 D6=FFFF D7=0 A0=53706 A1=103300 A2=534F4 A3=10880A A4=108300 A5=108000 A6=10BA1E -- 0060E6: beq     $6086
D0=4600 D1=D2 D2=46D173E7 D3=0 D4=8402E40 D5=80210138 D6=FFFF D7=0 A0=53706 A1=103300 A2=534F4 A3=10880A A4=108300 A5=108000 A6=10BA1E -- 0060E8: cmpi.b  #-$1, D1
D0=4600 D1=D2 D2=46D173E7 D3=0 D4=8402E40 D5=80210138 D6=FFFF D7=0 A0=53706 A1=103300 A2=534F4 A3=10880A A4=108300 A5=108000 A6=10BA1E -- 0060EC: beq     $6102
D0=4600 D1=D2 D2=46D173E7 D3=0 D4=8402E40 D5=80210138 D6=FFFF D7=0 A0=53706 A1=103300 A2=534F4 A3=10880A A4=108300 A5=108000 A6=10BA1E -- 0060EE: or.w    D0, D1
D0=4600 D1=46D2 D2=46D173E7 D3=0 D4=8402E40 D5=80210138 D6=FFFF D7=0 A0=53706 A1=103300 A2=534F4 A3=10880A A4=108300 A5=108000 A6=10BA1E -- 0060F0: swap    D2
D0=4600 D1=46D2 D2=73E746D1 D3=0 D4=8402E40 D5=80210138 D6=FFFF D7=0 A0=53706 A1=103300 A2=534F4 A3=10880A A4=108300 A5=108000 A6=10BA1E -- 0060F2: move.w  D1, D2
D0=4600 D1=46D2 D2=73E746D2 D3=0 D4=8402E40 D5=80210138 D6=FFFF D7=0 A0=53706 A1=103300 A2=534F4 A3=10880A A4=108300 A5=108000 A6=10BA1E -- 0060F4: move.l  D2, $3c0000.l
D0=4600 D1=46D2 D2=73E746D2 D3=0 D4=8402E40 D5=80210138 D6=FFFF D7=0 A0=53706 A1=103300 A2=534F4 A3=10880A A4=108300 A5=108000 A6=10BA1E -- 0060FA: swap    D2
D0=4600 D1=46D2 D2=46D273E7 D3=0 D4=8402E40 D5=80210138 D6=FFFF D7=0 A0=53706 A1=103300 A2=534F4 A3=10880A A4=108300 A5=108000 A6=10BA1E -- 0060FC: addi.w  #$20, D2
D0=4600 D1=46D2 D2=46D27407 D3=0 D4=8402E40 D5=80210138 D6=FFFF D7=0 A0=53706 A1=103300 A2=534F4 A3=10880A A4=108300 A5=108000 A6=10BA1E -- 006100: bra     $60c4
D0=4600 D1=46D2 D2=46D27407 D3=0 D4=8402E40 D5=80210138 D6=FFFF D7=0 A0=53706 A1=103300 A2=534F4 A3=10880A A4=108300 A5=108000 A6=10BA1E -- 0060C4: moveq   #$0, D1
D0=4600 D1=0 D2=46D27407 D3=0 D4=8402E40 D5=80210138 D6=FFFF D7=0 A0=53706 A1=103300 A2=534F4 A3=10880A A4=108300 A5=108000 A6=10BA1E -- 0060C6: move.b  (A0)+, D1
D0=4600 D1=D3 D2=46D27407 D3=0 D4=8402E40 D5=80210138 D6=FFFF D7=0 A0=53707 A1=103300 A2=534F4 A3=10880A A4=108300 A5=108000 A6=10BA1E -- 0060C8: cmpi.b  #$d, D1
D0=4600 D1=D3 D2=46D27407 D3=0 D4=8402E40 D5=80210138 D6=FFFF D7=0 A0=53707 A1=103300 A2=534F4 A3=10880A A4=108300 A5=108000 A6=10BA1E -- 0060CC: bne     $60e2
D0=4600 D1=D3 D2=46D27407 D3=0 D4=8402E40 D5=80210138 D6=FFFF D7=0 A0=53707 A1=103300 A2=534F4 A3=10880A A4=108300 A5=108000 A6=10BA1E -- 0060E2: cmpi.b  #-$2, D1
D0=4600 D1=D3 D2=46D27407 D3=0 D4=8402E40 D5=80210138 D6=FFFF D7=0 A0=53707 A1=103300 A2=534F4 A3=10880A A4=108300 A5=108000 A6=10BA1E -- 0060E6: beq     $6086
D0=4600 D1=D3 D2=46D27407 D3=0 D4=8402E40 D5=80210138 D6=FFFF D7=0 A0=53707 A1=103300 A2=534F4 A3=10880A A4=108300 A5=108000 A6=10BA1E -- 0060E8: cmpi.b  #-$1, D1
D0=4600 D1=D3 D2=46D27407 D3=0 D4=8402E40 D5=80210138 D6=FFFF D7=0 A0=53707 A1=103300 A2=534F4 A3=10880A A4=108300 A5=108000 A6=10BA1E -- 0060EC: beq     $6102
D0=4600 D1=D3 D2=46D27407 D3=0 D4=8402E40 D5=80210138 D6=FFFF D7=0 A0=53707 A1=103300 A2=534F4 A3=10880A A4=108300 A5=108000 A6=10BA1E -- 0060EE: or.w    D0, D1
D0=4600 D1=46D3 D2=46D27407 D3=0 D4=8402E40 D5=80210138 D6=FFFF D7=0 A0=53707 A1=103300 A2=534F4 A3=10880A A4=108300 A5=108000 A6=10BA1E -- 0060F0: swap    D2
D0=4600 D1=46D3 D2=740746D2 D3=0 D4=8402E40 D5=80210138 D6=FFFF D7=0 A0=53707 A1=103300 A2=534F4 A3=10880A A4=108300 A5=108000 A6=10BA1E -- 0060F2: move.w  D1, D2
D0=4600 D1=46D3 D2=740746D3 D3=0 D4=8402E40 D5=80210138 D6=FFFF D7=0 A0=53707 A1=103300 A2=534F4 A3=10880A A4=108300 A5=108000 A6=10BA1E -- 0060F4: move.l  D2, $3c0000.l
D0=4600 D1=46D3 D2=740746D3 D3=0 D4=8402E40 D5=80210138 D6=FFFF D7=0 A0=53707 A1=103300 A2=534F4 A3=10880A A4=108300 A5=108000 A6=10BA1E -- 0060FA: swap    D2
D0=4600 D1=46D3 D2=46D37407 D3=0 D4=8402E40 D5=80210138 D6=FFFF D7=0 A0=53707 A1=103300 A2=534F4 A3=10880A A4=108300 A5=108000 A6=10BA1E -- 0060FC: addi.w  #$20, D2
D0=4600 D1=46D3 D2=46D37427 D3=0 D4=8402E40 D5=80210138 D6=FFFF D7=0 A0=53707 A1=103300 A2=534F4 A3=10880A A4=108300 A5=108000 A6=10BA1E -- 006100: bra     $60c4
D0=4600 D1=46D3 D2=46D37427 D3=0 D4=8402E40 D5=80210138 D6=FFFF D7=0 A0=53707 A1=103300 A2=534F4 A3=10880A A4=108300 A5=108000 A6=10BA1E -- 0060C4: moveq   #$0, D1
D0=4600 D1=0 D2=46D37427 D3=0 D4=8402E40 D5=80210138 D6=FFFF D7=0 A0=53707 A1=103300 A2=534F4 A3=10880A A4=108300 A5=108000 A6=10BA1E -- 0060C6: move.b  (A0)+, D1
D0=4600 D1=D4 D2=46D37427 D3=0 D4=8402E40 D5=80210138 D6=FFFF D7=0 A0=53708 A1=103300 A2=534F4 A3=10880A A4=108300 A5=108000 A6=10BA1E -- 0060C8: cmpi.b  #$d, D1
D0=4600 D1=D4 D2=46D37427 D3=0 D4=8402E40 D5=80210138 D6=FFFF D7=0 A0=53708 A1=103300 A2=534F4 A3=10880A A4=108300 A5=108000 A6=10BA1E -- 0060CC: bne     $60e2
D0=4600 D1=D4 D2=46D37427 D3=0 D4=8402E40 D5=80210138 D6=FFFF D7=0 A0=53708 A1=103300 A2=534F4 A3=10880A A4=108300 A5=108000 A6=10BA1E -- 0060E2: cmpi.b  #-$2, D1
D0=4600 D1=D4 D2=46D37427 D3=0 D4=8402E40 D5=80210138 D6=FFFF D7=0 A0=53708 A1=103300 A2=534F4 A3=10880A A4=108300 A5=108000 A6=10BA1E -- 0060E6: beq     $6086
D0=4600 D1=D4 D2=46D37427 D3=0 D4=8402E40 D5=80210138 D6=FFFF D7=0 A0=53708 A1=103300 A2=534F4 A3=10880A A4=108300 A5=108000 A6=10BA1E -- 0060E8: cmpi.b  #-$1, D1
D0=4600 D1=D4 D2=46D37427 D3=0 D4=8402E40 D5=80210138 D6=FFFF D7=0 A0=53708 A1=103300 A2=534F4 A3=10880A A4=108300 A5=108000 A6=10BA1E -- 0060EC: beq     $6102
D0=4600 D1=D4 D2=46D37427 D3=0 D4=8402E40 D5=80210138 D6=FFFF D7=0 A0=53708 A1=103300 A2=534F4 A3=10880A A4=108300 A5=108000 A6=10BA1E -- 0060EE: or.w    D0, D1
D0=4600 D1=46D4 D2=46D37427 D3=0 D4=8402E40 D5=80210138 D6=FFFF D7=0 A0=53708 A1=103300 A2=534F4 A3=10880A A4=108300 A5=108000 A6=10BA1E -- 0060F0: swap    D2
D0=4600 D1=46D4 D2=742746D3 D3=0 D4=8402E40 D5=80210138 D6=FFFF D7=0 A0=53708 A1=103300 A2=534F4 A3=10880A A4=108300 A5=108000 A6=10BA1E -- 0060F2: move.w  D1, D2
D0=4600 D1=46D4 D2=742746D4 D3=0 D4=8402E40 D5=80210138 D6=FFFF D7=0 A0=53708 A1=103300 A2=534F4 A3=10880A A4=108300 A5=108000 A6=10BA1E -- 0060F4: move.l  D2, $3c0000.l
D0=4600 D1=46D4 D2=742746D4 D3=0 D4=8402E40 D5=80210138 D6=FFFF D7=0 A0=53708 A1=103300 A2=534F4 A3=10880A A4=108300 A5=108000 A6=10BA1E -- 0060FA: swap    D2
D0=4600 D1=46D4 D2=46D47427 D3=0 D4=8402E40 D5=80210138 D6=FFFF D7=0 A0=53708 A1=103300 A2=534F4 A3=10880A A4=108300 A5=108000 A6=10BA1E -- 0060FC: addi.w  #$20, D2
D0=4600 D1=46D4 D2=46D47447 D3=0 D4=8402E40 D5=80210138 D6=FFFF D7=0 A0=53708 A1=103300 A2=534F4 A3=10880A A4=108300 A5=108000 A6=10BA1E -- 006100: bra     $60c4
D0=4600 D1=46D4 D2=46D47447 D3=0 D4=8402E40 D5=80210138 D6=FFFF D7=0 A0=53708 A1=103300 A2=534F4 A3=10880A A4=108300 A5=108000 A6=10BA1E -- 0060C4: moveq   #$0, D1
D0=4600 D1=0 D2=46D47447 D3=0 D4=8402E40 D5=80210138 D6=FFFF D7=0 A0=53708 A1=103300 A2=534F4 A3=10880A A4=108300 A5=108000 A6=10BA1E -- 0060C6: move.b  (A0)+, D1
D0=4600 D1=D5 D2=46D47447 D3=0 D4=8402E40 D5=80210138 D6=FFFF D7=0 A0=53709 A1=103300 A2=534F4 A3=10880A A4=108300 A5=108000 A6=10BA1E -- 0060C8: cmpi.b  #$d, D1
D0=4600 D1=D5 D2=46D47447 D3=0 D4=8402E40 D5=80210138 D6=FFFF D7=0 A0=53709 A1=103300 A2=534F4 A3=10880A A4=108300 A5=108000 A6=10BA1E -- 0060CC: bne     $60e2
D0=4600 D1=D5 D2=46D47447 D3=0 D4=8402E40 D5=80210138 D6=FFFF D7=0 A0=53709 A1=103300 A2=534F4 A3=10880A A4=108300 A5=108000 A6=10BA1E -- 0060E2: cmpi.b  #-$2, D1
D0=4600 D1=D5 D2=46D47447 D3=0 D4=8402E40 D5=80210138 D6=FFFF D7=0 A0=53709 A1=103300 A2=534F4 A3=10880A A4=108300 A5=108000 A6=10BA1E -- 0060E6: beq     $6086
D0=4600 D1=D5 D2=46D47447 D3=0 D4=8402E40 D5=80210138 D6=FFFF D7=0 A0=53709 A1=103300 A2=534F4 A3=10880A A4=108300 A5=108000 A6=10BA1E -- 0060E8: cmpi.b  #-$1, D1
D0=4600 D1=D5 D2=46D47447 D3=0 D4=8402E40 D5=80210138 D6=FFFF D7=0 A0=53709 A1=103300 A2=534F4 A3=10880A A4=108300 A5=108000 A6=10BA1E -- 0060EC: beq     $6102
D0=4600 D1=D5 D2=46D47447 D3=0 D4=8402E40 D5=80210138 D6=FFFF D7=0 A0=53709 A1=103300 A2=534F4 A3=10880A A4=108300 A5=108000 A6=10BA1E -- 0060EE: or.w    D0, D1
D0=4600 D1=46D5 D2=46D47447 D3=0 D4=8402E40 D5=80210138 D6=FFFF D7=0 A0=53709 A1=103300 A2=534F4 A3=10880A A4=108300 A5=108000 A6=10BA1E -- 0060F0: swap    D2
D0=4600 D1=46D5 D2=744746D4 D3=0 D4=8402E40 D5=80210138 D6=FFFF D7=0 A0=53709 A1=103300 A2=534F4 A3=10880A A4=108300 A5=108000 A6=10BA1E -- 0060F2: move.w  D1, D2
D0=4600 D1=46D5 D2=744746D5 D3=0 D4=8402E40 D5=80210138 D6=FFFF D7=0 A0=53709 A1=103300 A2=534F4 A3=10880A A4=108300 A5=108000 A6=10BA1E -- 0060F4: move.l  D2, $3c0000.l
D0=4600 D1=46D5 D2=744746D5 D3=0 D4=8402E40 D5=80210138 D6=FFFF D7=0 A0=53709 A1=103300 A2=534F4 A3=10880A A4=108300 A5=108000 A6=10BA1E -- 0060FA: swap    D2
D0=4600 D1=46D5 D2=46D57447 D3=0 D4=8402E40 D5=80210138 D6=FFFF D7=0 A0=53709 A1=103300 A2=534F4 A3=10880A A4=108300 A5=108000 A6=10BA1E -- 0060FC: addi.w  #$20, D2
D0=4600 D1=46D5 D2=46D57467 D3=0 D4=8402E40 D5=80210138 D6=FFFF D7=0 A0=53709 A1=103300 A2=534F4 A3=10880A A4=108300 A5=108000 A6=10BA1E -- 006100: bra     $60c4
D0=4600 D1=46D5 D2=46D57467 D3=0 D4=8402E40 D5=80210138 D6=FFFF D7=0 A0=53709 A1=103300 A2=534F4 A3=10880A A4=108300 A5=108000 A6=10BA1E -- 0060C4: moveq   #$0, D1
D0=4600 D1=0 D2=46D57467 D3=0 D4=8402E40 D5=80210138 D6=FFFF D7=0 A0=53709 A1=103300 A2=534F4 A3=10880A A4=108300 A5=108000 A6=10BA1E -- 0060C6: move.b  (A0)+, D1
D0=4600 D1=D6 D2=46D57467 D3=0 D4=8402E40 D5=80210138 D6=FFFF D7=0 A0=5370A A1=103300 A2=534F4 A3=10880A A4=108300 A5=108000 A6=10BA1E -- 0060C8: cmpi.b  #$d, D1
D0=4600 D1=D6 D2=46D57467 D3=0 D4=8402E40 D5=80210138 D6=FFFF D7=0 A0=5370A A1=103300 A2=534F4 A3=10880A A4=108300 A5=108000 A6=10BA1E -- 0060CC: bne     $60e2
D0=4600 D1=D6 D2=46D57467 D3=0 D4=8402E40 D5=80210138 D6=FFFF D7=0 A0=5370A A1=103300 A2=534F4 A3=10880A A4=108300 A5=108000 A6=10BA1E -- 0060E2: cmpi.b  #-$2, D1
D0=4600 D1=D6 D2=46D57467 D3=0 D4=8402E40 D5=80210138 D6=FFFF D7=0 A0=5370A A1=103300 A2=534F4 A3=10880A A4=108300 A5=108000 A6=10BA1E -- 0060E6: beq     $6086
D0=4600 D1=D6 D2=46D57467 D3=0 D4=8402E40 D5=80210138 D6=FFFF D7=0 A0=5370A A1=103300 A2=534F4 A3=10880A A4=108300 A5=108000 A6=10BA1E -- 0060E8: cmpi.b  #-$1, D1
D0=4600 D1=D6 D2=46D57467 D3=0 D4=8402E40 D5=80210138 D6=FFFF D7=0 A0=5370A A1=103300 A2=534F4 A3=10880A A4=108300 A5=108000 A6=10BA1E -- 0060EC: beq     $6102
D0=4600 D1=D6 D2=46D57467 D3=0 D4=8402E40 D5=80210138 D6=FFFF D7=0 A0=5370A A1=103300 A2=534F4 A3=10880A A4=108300 A5=108000 A6=10BA1E -- 0060EE: or.w    D0, D1
D0=4600 D1=46D6 D2=46D57467 D3=0 D4=8402E40 D5=80210138 D6=FFFF D7=0 A0=5370A A1=103300 A2=534F4 A3=10880A A4=108300 A5=108000 A6=10BA1E -- 0060F0: swap    D2
D0=4600 D1=46D6 D2=746746D5 D3=0 D4=8402E40 D5=80210138 D6=FFFF D7=0 A0=5370A A1=103300 A2=534F4 A3=10880A A4=108300 A5=108000 A6=10BA1E -- 0060F2: move.w  D1, D2
D0=4600 D1=46D6 D2=746746D6 D3=0 D4=8402E40 D5=80210138 D6=FFFF D7=0 A0=5370A A1=103300 A2=534F4 A3=10880A A4=108300 A5=108000 A6=10BA1E -- 0060F4: move.l  D2, $3c0000.l
D0=4600 D1=46D6 D2=746746D6 D3=0 D4=8402E40 D5=80210138 D6=FFFF D7=0 A0=5370A A1=103300 A2=534F4 A3=10880A A4=108300 A5=108000 A6=10BA1E -- 0060FA: swap    D2
D0=4600 D1=46D6 D2=46D67467 D3=0 D4=8402E40 D5=80210138 D6=FFFF D7=0 A0=5370A A1=103300 A2=534F4 A3=10880A A4=108300 A5=108000 A6=10BA1E -- 0060FC: addi.w  #$20, D2
D0=4600 D1=46D6 D2=46D67487 D3=0 D4=8402E40 D5=80210138 D6=FFFF D7=0 A0=5370A A1=103300 A2=534F4 A3=10880A A4=108300 A5=108000 A6=10BA1E -- 006100: bra     $60c4
D0=4600 D1=46D6 D2=46D67487 D3=0 D4=8402E40 D5=80210138 D6=FFFF D7=0 A0=5370A A1=103300 A2=534F4 A3=10880A A4=108300 A5=108000 A6=10BA1E -- 0060C4: moveq   #$0, D1
D0=4600 D1=0 D2=46D67487 D3=0 D4=8402E40 D5=80210138 D6=FFFF D7=0 A0=5370A A1=103300 A2=534F4 A3=10880A A4=108300 A5=108000 A6=10BA1E -- 0060C6: move.b  (A0)+, D1
D0=4600 D1=D7 D2=46D67487 D3=0 D4=8402E40 D5=80210138 D6=FFFF D7=0 A0=5370B A1=103300 A2=534F4 A3=10880A A4=108300 A5=108000 A6=10BA1E -- 0060C8: cmpi.b  #$d, D1
D0=4600 D1=D7 D2=46D67487 D3=0 D4=8402E40 D5=80210138 D6=FFFF D7=0 A0=5370B A1=103300 A2=534F4 A3=10880A A4=108300 A5=108000 A6=10BA1E -- 0060CC: bne     $60e2
D0=4600 D1=D7 D2=46D67487 D3=0 D4=8402E40 D5=80210138 D6=FFFF D7=0 A0=5370B A1=103300 A2=534F4 A3=10880A A4=108300 A5=108000 A6=10BA1E -- 0060E2: cmpi.b  #-$2, D1
D0=4600 D1=D7 D2=46D67487 D3=0 D4=8402E40 D5=80210138 D6=FFFF D7=0 A0=5370B A1=103300 A2=534F4 A3=10880A A4=108300 A5=108000 A6=10BA1E -- 0060E6: beq     $6086
D0=4600 D1=D7 D2=46D67487 D3=0 D4=8402E40 D5=80210138 D6=FFFF D7=0 A0=5370B A1=103300 A2=534F4 A3=10880A A4=108300 A5=108000 A6=10BA1E -- 0060E8: cmpi.b  #-$1, D1
D0=4600 D1=D7 D2=46D67487 D3=0 D4=8402E40 D5=80210138 D6=FFFF D7=0 A0=5370B A1=103300 A2=534F4 A3=10880A A4=108300 A5=108000 A6=10BA1E -- 0060EC: beq     $6102
D0=4600 D1=D7 D2=46D67487 D3=0 D4=8402E40 D5=80210138 D6=FFFF D7=0 A0=5370B A1=103300 A2=534F4 A3=10880A A4=108300 A5=108000 A6=10BA1E -- 0060EE: or.w    D0, D1
D0=4600 D1=46D7 D2=46D67487 D3=0 D4=8402E40 D5=80210138 D6=FFFF D7=0 A0=5370B A1=103300 A2=534F4 A3=10880A A4=108300 A5=108000 A6=10BA1E -- 0060F0: swap    D2
D0=4600 D1=46D7 D2=748746D6 D3=0 D4=8402E40 D5=80210138 D6=FFFF D7=0 A0=5370B A1=103300 A2=534F4 A3=10880A A4=108300 A5=108000 A6=10BA1E -- 0060F2: move.w  D1, D2
D0=4600 D1=46D7 D2=748746D7 D3=0 D4=8402E40 D5=80210138 D6=FFFF D7=0 A0=5370B A1=103300 A2=534F4 A3=10880A A4=108300 A5=108000 A6=10BA1E -- 0060F4: move.l  D2, $3c0000.l
D0=4600 D1=46D7 D2=748746D7 D3=0 D4=8402E40 D5=80210138 D6=FFFF D7=0 A0=5370B A1=103300 A2=534F4 A3=10880A A4=108300 A5=108000 A6=10BA1E -- 0060FA: swap    D2
D0=4600 D1=46D7 D2=46D77487 D3=0 D4=8402E40 D5=80210138 D6=FFFF D7=0 A0=5370B A1=103300 A2=534F4 A3=10880A A4=108300 A5=108000 A6=10BA1E -- 0060FC: addi.w  #$20, D2
D0=4600 D1=46D7 D2=46D774A7 D3=0 D4=8402E40 D5=80210138 D6=FFFF D7=0 A0=5370B A1=103300 A2=534F4 A3=10880A A4=108300 A5=108000 A6=10BA1E -- 006100: bra     $60c4
D0=4600 D1=46D7 D2=46D774A7 D3=0 D4=8402E40 D5=80210138 D6=FFFF D7=0 A0=5370B A1=103300 A2=534F4 A3=10880A A4=108300 A5=108000 A6=10BA1E -- 0060C4: moveq   #$0, D1
D0=4600 D1=0 D2=46D774A7 D3=0 D4=8402E40 D5=80210138 D6=FFFF D7=0 A0=5370B A1=103300 A2=534F4 A3=10880A A4=108300 A5=108000 A6=10BA1E -- 0060C6: move.b  (A0)+, D1
D0=4600 D1=FE D2=46D774A7 D3=0 D4=8402E40 D5=80210138 D6=FFFF D7=0 A0=5370C A1=103300 A2=534F4 A3=10880A A4=108300 A5=108000 A6=10BA1E -- 0060C8: cmpi.b  #$d, D1
D0=4600 D1=FE D2=46D774A7 D3=0 D4=8402E40 D5=80210138 D6=FFFF D7=0 A0=5370C A1=103300 A2=534F4 A3=10880A A4=108300 A5=108000 A6=10BA1E -- 0060CC: bne     $60e2
D0=4600 D1=FE D2=46D774A7 D3=0 D4=8402E40 D5=80210138 D6=FFFF D7=0 A0=5370C A1=103300 A2=534F4 A3=10880A A4=108300 A5=108000 A6=10BA1E -- 0060E2: cmpi.b  #-$2, D1
D0=4600 D1=FE D2=46D774A7 D3=0 D4=8402E40 D5=80210138 D6=FFFF D7=0 A0=5370C A1=103300 A2=534F4 A3=10880A A4=108300 A5=108000 A6=10BA1E -- 0060E6: beq     $6086
D0=4600 D1=FE D2=46D774A7 D3=0 D4=8402E40 D5=80210138 D6=FFFF D7=0 A0=5370C A1=103300 A2=534F4 A3=10880A A4=108300 A5=108000 A6=10BA1E -- 006086: move.b  (A0), D0
D0=4673 D1=FE D2=46D774A7 D3=0 D4=8402E40 D5=80210138 D6=FFFF D7=0 A0=5370C A1=103300 A2=534F4 A3=10880A A4=108300 A5=108000 A6=10BA1E -- 006088: move.b  D0, -(A7)
D0=4673 D1=FE D2=46D774A7 D3=0 D4=8402E40 D5=80210138 D6=FFFF D7=0 A0=5370C A1=103300 A2=534F4 A3=10880A A4=108300 A5=108000 A6=10BA1E -- 00608A: move.w  (A7)+, D0
D0=730F D1=FE D2=46D774A7 D3=0 D4=8402E40 D5=80210138 D6=FFFF D7=0 A0=5370C A1=103300 A2=534F4 A3=10880A A4=108300 A5=108000 A6=10BA1E -- 00608C: move.b  ($1,A0), D0
D0=73A8 D1=FE D2=46D774A7 D3=0 D4=8402E40 D5=80210138 D6=FFFF D7=0 A0=5370C A1=103300 A2=534F4 A3=10880A A4=108300 A5=108000 A6=10BA1E -- 006090: move.w  D0, D2
D0=73A8 D1=FE D2=46D773A8 D3=0 D4=8402E40 D5=80210138 D6=FFFF D7=0 A0=5370C A1=103300 A2=534F4 A3=10880A A4=108300 A5=108000 A6=10BA1E -- 006092: addq.l  #2, A0
D0=73A8 D1=FE D2=46D773A8 D3=0 D4=8402E40 D5=80210138 D6=FFFF D7=0 A0=5370E A1=103300 A2=534F4 A3=10880A A4=108300 A5=108000 A6=10BA1E -- 006094: tst.b   ($46fe,A5)
D0=73A8 D1=FE D2=46D773A8 D3=0 D4=8402E40 D5=80210138 D6=FFFF D7=0 A0=5370E A1=103300 A2=534F4 A3=10880A A4=108300 A5=108000 A6=10BA1E -- 006098: bmi     $60b4
D0=73A8 D1=FE D2=46D773A8 D3=0 D4=8402E40 D5=80210138 D6=FFFF D7=0 A0=5370E A1=103300 A2=534F4 A3=10880A A4=108300 A5=108000 A6=10BA1E -- 0060B4: move.b  (A0)+, D0
D0=7346 D1=FE D2=46D773A8 D3=0 D4=8402E40 D5=80210138 D6=FFFF D7=0 A0=5370F A1=103300 A2=534F4 A3=10880A A4=108300 A5=108000 A6=10BA1E -- 0060B6: move.b  D0, -(A7)
D0=7346 D1=FE D2=46D773A8 D3=0 D4=8402E40 D5=80210138 D6=FFFF D7=0 A0=5370F A1=103300 A2=534F4 A3=10880A A4=108300 A5=108000 A6=10BA1E -- 0060B8: move.w  (A7)+, D0
D0=460F D1=FE D2=46D773A8 D3=0 D4=8402E40 D5=80210138 D6=FFFF D7=0 A0=5370F A1=103300 A2=534F4 A3=10880A A4=108300 A5=108000 A6=10BA1E -- 0060BA: clr.b   D0
D0=4600 D1=FE D2=46D773A8 D3=0 D4=8402E40 D5=80210138 D6=FFFF D7=0 A0=5370F A1=103300 A2=534F4 A3=10880A A4=108300 A5=108000 A6=10BA1E -- 0060BC: move.w  D2, ($46fa,A5)
D0=4600 D1=FE D2=46D773A8 D3=0 D4=8402E40 D5=80210138 D6=FFFF D7=0 A0=5370F A1=103300 A2=534F4 A3=10880A A4=108300 A5=108000 A6=10BA1E -- 0060C0: move.w  D0, ($46fc,A5)
D0=4600 D1=FE D2=46D773A8 D3=0 D4=8402E40 D5=80210138 D6=FFFF D7=0 A0=5370F A1=103300 A2=534F4 A3=10880A A4=108300 A5=108000 A6=10BA1E -- 0060C4: moveq   #$0, D1
D0=4600 D1=0 D2=46D773A8 D3=0 D4=8402E40 D5=80210138 D6=FFFF D7=0 A0=5370F A1=103300 A2=534F4 A3=10880A A4=108300 A5=108000 A6=10BA1E -- 0060C6: move.b  (A0)+, D1
D0=4600 D1=E0 D2=46D773A8 D3=0 D4=8402E40 D5=80210138 D6=FFFF D7=0 A0=53710 A1=103300 A2=534F4 A3=10880A A4=108300 A5=108000 A6=10BA1E -- 0060C8: cmpi.b  #$d, D1
D0=4600 D1=E0 D2=46D773A8 D3=0 D4=8402E40 D5=80210138 D6=FFFF D7=0 A0=53710 A1=103300 A2=534F4 A3=10880A A4=108300 A5=108000 A6=10BA1E -- 0060CC: bne     $60e2
D0=4600 D1=E0 D2=46D773A8 D3=0 D4=8402E40 D5=80210138 D6=FFFF D7=0 A0=53710 A1=103300 A2=534F4 A3=10880A A4=108300 A5=108000 A6=10BA1E -- 0060E2: cmpi.b  #-$2, D1
D0=4600 D1=E0 D2=46D773A8 D3=0 D4=8402E40 D5=80210138 D6=FFFF D7=0 A0=53710 A1=103300 A2=534F4 A3=10880A A4=108300 A5=108000 A6=10BA1E -- 0060E6: beq     $6086
D0=4600 D1=E0 D2=46D773A8 D3=0 D4=8402E40 D5=80210138 D6=FFFF D7=0 A0=53710 A1=103300 A2=534F4 A3=10880A A4=108300 A5=108000 A6=10BA1E -- 0060E8: cmpi.b  #-$1, D1
D0=4600 D1=E0 D2=46D773A8 D3=0 D4=8402E40 D5=80210138 D6=FFFF D7=0 A0=53710 A1=103300 A2=534F4 A3=10880A A4=108300 A5=108000 A6=10BA1E -- 0060EC: beq     $6102
D0=4600 D1=E0 D2=46D773A8 D3=0 D4=8402E40 D5=80210138 D6=FFFF D7=0 A0=53710 A1=103300 A2=534F4 A3=10880A A4=108300 A5=108000 A6=10BA1E -- 0060EE: or.w    D0, D1
D0=4600 D1=46E0 D2=46D773A8 D3=0 D4=8402E40 D5=80210138 D6=FFFF D7=0 A0=53710 A1=103300 A2=534F4 A3=10880A A4=108300 A5=108000 A6=10BA1E -- 0060F0: swap    D2
D0=4600 D1=46E0 D2=73A846D7 D3=0 D4=8402E40 D5=80210138 D6=FFFF D7=0 A0=53710 A1=103300 A2=534F4 A3=10880A A4=108300 A5=108000 A6=10BA1E -- 0060F2: move.w  D1, D2
D0=4600 D1=46E0 D2=73A846E0 D3=0 D4=8402E40 D5=80210138 D6=FFFF D7=0 A0=53710 A1=103300 A2=534F4 A3=10880A A4=108300 A5=108000 A6=10BA1E -- 0060F4: move.l  D2, $3c0000.l
D0=4600 D1=46E0 D2=73A846E0 D3=0 D4=8402E40 D5=80210138 D6=FFFF D7=0 A0=53710 A1=103300 A2=534F4 A3=10880A A4=108300 A5=108000 A6=10BA1E -- 0060FA: swap    D2
D0=4600 D1=46E0 D2=46E073A8 D3=0 D4=8402E40 D5=80210138 D6=FFFF D7=0 A0=53710 A1=103300 A2=534F4 A3=10880A A4=108300 A5=108000 A6=10BA1E -- 0060FC: addi.w  #$20, D2
D0=4600 D1=46E0 D2=46E073C8 D3=0 D4=8402E40 D5=80210138 D6=FFFF D7=0 A0=53710 A1=103300 A2=534F4 A3=10880A A4=108300 A5=108000 A6=10BA1E -- 006100: bra     $60c4
D0=4600 D1=46E0 D2=46E073C8 D3=0 D4=8402E40 D5=80210138 D6=FFFF D7=0 A0=53710 A1=103300 A2=534F4 A3=10880A A4=108300 A5=108000 A6=10BA1E -- 0060C4: moveq   #$0, D1
D0=4600 D1=0 D2=46E073C8 D3=0 D4=8402E40 D5=80210138 D6=FFFF D7=0 A0=53710 A1=103300 A2=534F4 A3=10880A A4=108300 A5=108000 A6=10BA1E -- 0060C6: move.b  (A0)+, D1
D0=4600 D1=E1 D2=46E073C8 D3=0 D4=8402E40 D5=80210138 D6=FFFF D7=0 A0=53711 A1=103300 A2=534F4 A3=10880A A4=108300 A5=108000 A6=10BA1E -- 0060C8: cmpi.b  #$d, D1
D0=4600 D1=E1 D2=46E073C8 D3=0 D4=8402E40 D5=80210138 D6=FFFF D7=0 A0=53711 A1=103300 A2=534F4 A3=10880A A4=108300 A5=108000 A6=10BA1E -- 0060CC: bne     $60e2
D0=4600 D1=E1 D2=46E073C8 D3=0 D4=8402E40 D5=80210138 D6=FFFF D7=0 A0=53711 A1=103300 A2=534F4 A3=10880A A4=108300 A5=108000 A6=10BA1E -- 0060E2: cmpi.b  #-$2, D1
D0=4600 D1=E1 D2=46E073C8 D3=0 D4=8402E40 D5=80210138 D6=FFFF D7=0 A0=53711 A1=103300 A2=534F4 A3=10880A A4=108300 A5=108000 A6=10BA1E -- 0060E6: beq     $6086
D0=4600 D1=E1 D2=46E073C8 D3=0 D4=8402E40 D5=80210138 D6=FFFF D7=0 A0=53711 A1=103300 A2=534F4 A3=10880A A4=108300 A5=108000 A6=10BA1E -- 0060E8: cmpi.b  #-$1, D1
D0=4600 D1=E1 D2=46E073C8 D3=0 D4=8402E40 D5=80210138 D6=FFFF D7=0 A0=53711 A1=103300 A2=534F4 A3=10880A A4=108300 A5=108000 A6=10BA1E -- 0060EC: beq     $6102
D0=4600 D1=E1 D2=46E073C8 D3=0 D4=8402E40 D5=80210138 D6=FFFF D7=0 A0=53711 A1=103300 A2=534F4 A3=10880A A4=108300 A5=108000 A6=10BA1E -- 0060EE: or.w    D0, D1
D0=4600 D1=46E1 D2=46E073C8 D3=0 D4=8402E40 D5=80210138 D6=FFFF D7=0 A0=53711 A1=103300 A2=534F4 A3=10880A A4=108300 A5=108000 A6=10BA1E -- 0060F0: swap    D2
D0=4600 D1=46E1 D2=73C846E0 D3=0 D4=8402E40 D5=80210138 D6=FFFF D7=0 A0=53711 A1=103300 A2=534F4 A3=10880A A4=108300 A5=108000 A6=10BA1E -- 0060F2: move.w  D1, D2
D0=4600 D1=46E1 D2=73C846E1 D3=0 D4=8402E40 D5=80210138 D6=FFFF D7=0 A0=53711 A1=103300 A2=534F4 A3=10880A A4=108300 A5=108000 A6=10BA1E -- 0060F4: move.l  D2, $3c0000.l
D0=4600 D1=46E1 D2=73C846E1 D3=0 D4=8402E40 D5=80210138 D6=FFFF D7=0 A0=53711 A1=103300 A2=534F4 A3=10880A A4=108300 A5=108000 A6=10BA1E -- 0060FA: swap    D2
D0=4600 D1=46E1 D2=46E173C8 D3=0 D4=8402E40 D5=80210138 D6=FFFF D7=0 A0=53711 A1=103300 A2=534F4 A3=10880A A4=108300 A5=108000 A6=10BA1E -- 0060FC: addi.w  #$20, D2
D0=4600 D1=46E1 D2=46E173E8 D3=0 D4=8402E40 D5=80210138 D6=FFFF D7=0 A0=53711 A1=103300 A2=534F4 A3=10880A A4=108300 A5=108000 A6=10BA1E -- 006100: bra     $60c4
D0=4600 D1=46E1 D2=46E173E8 D3=0 D4=8402E40 D5=80210138 D6=FFFF D7=0 A0=53711 A1=103300 A2=534F4 A3=10880A A4=108300 A5=108000 A6=10BA1E -- 0060C4: moveq   #$0, D1
D0=4600 D1=0 D2=46E173E8 D3=0 D4=8402E40 D5=80210138 D6=FFFF D7=0 A0=53711 A1=103300 A2=534F4 A3=10880A A4=108300 A5=108000 A6=10BA1E -- 0060C6: move.b  (A0)+, D1
D0=4600 D1=E2 D2=46E173E8 D3=0 D4=8402E40 D5=80210138 D6=FFFF D7=0 A0=53712 A1=103300 A2=534F4 A3=10880A A4=108300 A5=108000 A6=10BA1E -- 0060C8: cmpi.b  #$d, D1
D0=4600 D1=E2 D2=46E173E8 D3=0 D4=8402E40 D5=80210138 D6=FFFF D7=0 A0=53712 A1=103300 A2=534F4 A3=10880A A4=108300 A5=108000 A6=10BA1E -- 0060CC: bne     $60e2
D0=4600 D1=E2 D2=46E173E8 D3=0 D4=8402E40 D5=80210138 D6=FFFF D7=0 A0=53712 A1=103300 A2=534F4 A3=10880A A4=108300 A5=108000 A6=10BA1E -- 0060E2: cmpi.b  #-$2, D1
D0=4600 D1=E2 D2=46E173E8 D3=0 D4=8402E40 D5=80210138 D6=FFFF D7=0 A0=53712 A1=103300 A2=534F4 A3=10880A A4=108300 A5=108000 A6=10BA1E -- 0060E6: beq     $6086
D0=4600 D1=E2 D2=46E173E8 D3=0 D4=8402E40 D5=80210138 D6=FFFF D7=0 A0=53712 A1=103300 A2=534F4 A3=10880A A4=108300 A5=108000 A6=10BA1E -- 0060E8: cmpi.b  #-$1, D1
D0=4600 D1=E2 D2=46E173E8 D3=0 D4=8402E40 D5=80210138 D6=FFFF D7=0 A0=53712 A1=103300 A2=534F4 A3=10880A A4=108300 A5=108000 A6=10BA1E -- 0060EC: beq     $6102
D0=4600 D1=E2 D2=46E173E8 D3=0 D4=8402E40 D5=80210138 D6=FFFF D7=0 A0=53712 A1=103300 A2=534F4 A3=10880A A4=108300 A5=108000 A6=10BA1E -- 0060EE: or.w    D0, D1
D0=4600 D1=46E2 D2=46E173E8 D3=0 D4=8402E40 D5=80210138 D6=FFFF D7=0 A0=53712 A1=103300 A2=534F4 A3=10880A A4=108300 A5=108000 A6=10BA1E -- 0060F0: swap    D2
D0=4600 D1=46E2 D2=73E846E1 D3=0 D4=8402E40 D5=80210138 D6=FFFF D7=0 A0=53712 A1=103300 A2=534F4 A3=10880A A4=108300 A5=108000 A6=10BA1E -- 0060F2: move.w  D1, D2
D0=4600 D1=46E2 D2=73E846E2 D3=0 D4=8402E40 D5=80210138 D6=FFFF D7=0 A0=53712 A1=103300 A2=534F4 A3=10880A A4=108300 A5=108000 A6=10BA1E -- 0060F4: move.l  D2, $3c0000.l
D0=4600 D1=46E2 D2=73E846E2 D3=0 D4=8402E40 D5=80210138 D6=FFFF D7=0 A0=53712 A1=103300 A2=534F4 A3=10880A A4=108300 A5=108000 A6=10BA1E -- 0060FA: swap    D2
D0=4600 D1=46E2 D2=46E273E8 D3=0 D4=8402E40 D5=80210138 D6=FFFF D7=0 A0=53712 A1=103300 A2=534F4 A3=10880A A4=108300 A5=108000 A6=10BA1E -- 0060FC: addi.w  #$20, D2
D0=4600 D1=46E2 D2=46E27408 D3=0 D4=8402E40 D5=80210138 D6=FFFF D7=0 A0=53712 A1=103300 A2=534F4 A3=10880A A4=108300 A5=108000 A6=10BA1E -- 006100: bra     $60c4
D0=4600 D1=46E2 D2=46E27408 D3=0 D4=8402E40 D5=80210138 D6=FFFF D7=0 A0=53712 A1=103300 A2=534F4 A3=10880A A4=108300 A5=108000 A6=10BA1E -- 0060C4: moveq   #$0, D1
D0=4600 D1=0 D2=46E27408 D3=0 D4=8402E40 D5=80210138 D6=FFFF D7=0 A0=53712 A1=103300 A2=534F4 A3=10880A A4=108300 A5=108000 A6=10BA1E -- 0060C6: move.b  (A0)+, D1
D0=4600 D1=E3 D2=46E27408 D3=0 D4=8402E40 D5=80210138 D6=FFFF D7=0 A0=53713 A1=103300 A2=534F4 A3=10880A A4=108300 A5=108000 A6=10BA1E -- 0060C8: cmpi.b  #$d, D1
D0=4600 D1=E3 D2=46E27408 D3=0 D4=8402E40 D5=80210138 D6=FFFF D7=0 A0=53713 A1=103300 A2=534F4 A3=10880A A4=108300 A5=108000 A6=10BA1E -- 0060CC: bne     $60e2
D0=4600 D1=E3 D2=46E27408 D3=0 D4=8402E40 D5=80210138 D6=FFFF D7=0 A0=53713 A1=103300 A2=534F4 A3=10880A A4=108300 A5=108000 A6=10BA1E -- 0060E2: cmpi.b  #-$2, D1
D0=4600 D1=E3 D2=46E27408 D3=0 D4=8402E40 D5=80210138 D6=FFFF D7=0 A0=53713 A1=103300 A2=534F4 A3=10880A A4=108300 A5=108000 A6=10BA1E -- 0060E6: beq     $6086
D0=4600 D1=E3 D2=46E27408 D3=0 D4=8402E40 D5=80210138 D6=FFFF D7=0 A0=53713 A1=103300 A2=534F4 A3=10880A A4=108300 A5=108000 A6=10BA1E -- 0060E8: cmpi.b  #-$1, D1
D0=4600 D1=E3 D2=46E27408 D3=0 D4=8402E40 D5=80210138 D6=FFFF D7=0 A0=53713 A1=103300 A2=534F4 A3=10880A A4=108300 A5=108000 A6=10BA1E -- 0060EC: beq     $6102
D0=4600 D1=E3 D2=46E27408 D3=0 D4=8402E40 D5=80210138 D6=FFFF D7=0 A0=53713 A1=103300 A2=534F4 A3=10880A A4=108300 A5=108000 A6=10BA1E -- 0060EE: or.w    D0, D1
D0=4600 D1=46E3 D2=46E27408 D3=0 D4=8402E40 D5=80210138 D6=FFFF D7=0 A0=53713 A1=103300 A2=534F4 A3=10880A A4=108300 A5=108000 A6=10BA1E -- 0060F0: swap    D2
D0=4600 D1=46E3 D2=740846E2 D3=0 D4=8402E40 D5=80210138 D6=FFFF D7=0 A0=53713 A1=103300 A2=534F4 A3=10880A A4=108300 A5=108000 A6=10BA1E -- 0060F2: move.w  D1, D2
D0=4600 D1=46E3 D2=740846E3 D3=0 D4=8402E40 D5=80210138 D6=FFFF D7=0 A0=53713 A1=103300 A2=534F4 A3=10880A A4=108300 A5=108000 A6=10BA1E -- 0060F4: move.l  D2, $3c0000.l
D0=4600 D1=46E3 D2=740846E3 D3=0 D4=8402E40 D5=80210138 D6=FFFF D7=0 A0=53713 A1=103300 A2=534F4 A3=10880A A4=108300 A5=108000 A6=10BA1E -- 0060FA: swap    D2
D0=4600 D1=46E3 D2=46E37408 D3=0 D4=8402E40 D5=80210138 D6=FFFF D7=0 A0=53713 A1=103300 A2=534F4 A3=10880A A4=108300 A5=108000 A6=10BA1E -- 0060FC: addi.w  #$20, D2
D0=4600 D1=46E3 D2=46E37428 D3=0 D4=8402E40 D5=80210138 D6=FFFF D7=0 A0=53713 A1=103300 A2=534F4 A3=10880A A4=108300 A5=108000 A6=10BA1E -- 006100: bra     $60c4
D0=4600 D1=46E3 D2=46E37428 D3=0 D4=8402E40 D5=80210138 D6=FFFF D7=0 A0=53713 A1=103300 A2=534F4 A3=10880A A4=108300 A5=108000 A6=10BA1E -- 0060C4: moveq   #$0, D1
D0=4600 D1=0 D2=46E37428 D3=0 D4=8402E40 D5=80210138 D6=FFFF D7=0 A0=53713 A1=103300 A2=534F4 A3=10880A A4=108300 A5=108000 A6=10BA1E -- 0060C6: move.b  (A0)+, D1
D0=4600 D1=E4 D2=46E37428 D3=0 D4=8402E40 D5=80210138 D6=FFFF D7=0 A0=53714 A1=103300 A2=534F4 A3=10880A A4=108300 A5=108000 A6=10BA1E -- 0060C8: cmpi.b  #$d, D1
D0=4600 D1=E4 D2=46E37428 D3=0 D4=8402E40 D5=80210138 D6=FFFF D7=0 A0=53714 A1=103300 A2=534F4 A3=10880A A4=108300 A5=108000 A6=10BA1E -- 0060CC: bne     $60e2
D0=4600 D1=E4 D2=46E37428 D3=0 D4=8402E40 D5=80210138 D6=FFFF D7=0 A0=53714 A1=103300 A2=534F4 A3=10880A A4=108300 A5=108000 A6=10BA1E -- 0060E2: cmpi.b  #-$2, D1
D0=4600 D1=E4 D2=46E37428 D3=0 D4=8402E40 D5=80210138 D6=FFFF D7=0 A0=53714 A1=103300 A2=534F4 A3=10880A A4=108300 A5=108000 A6=10BA1E -- 0060E6: beq     $6086
D0=4600 D1=E4 D2=46E37428 D3=0 D4=8402E40 D5=80210138 D6=FFFF D7=0 A0=53714 A1=103300 A2=534F4 A3=10880A A4=108300 A5=108000 A6=10BA1E -- 0060E8: cmpi.b  #-$1, D1
D0=4600 D1=E4 D2=46E37428 D3=0 D4=8402E40 D5=80210138 D6=FFFF D7=0 A0=53714 A1=103300 A2=534F4 A3=10880A A4=108300 A5=108000 A6=10BA1E -- 0060EC: beq     $6102
D0=4600 D1=E4 D2=46E37428 D3=0 D4=8402E40 D5=80210138 D6=FFFF D7=0 A0=53714 A1=103300 A2=534F4 A3=10880A A4=108300 A5=108000 A6=10BA1E -- 0060EE: or.w    D0, D1
D0=4600 D1=46E4 D2=46E37428 D3=0 D4=8402E40 D5=80210138 D6=FFFF D7=0 A0=53714 A1=103300 A2=534F4 A3=10880A A4=108300 A5=108000 A6=10BA1E -- 0060F0: swap    D2
D0=4600 D1=46E4 D2=742846E3 D3=0 D4=8402E40 D5=80210138 D6=FFFF D7=0 A0=53714 A1=103300 A2=534F4 A3=10880A A4=108300 A5=108000 A6=10BA1E -- 0060F2: move.w  D1, D2
D0=4600 D1=46E4 D2=742846E4 D3=0 D4=8402E40 D5=80210138 D6=FFFF D7=0 A0=53714 A1=103300 A2=534F4 A3=10880A A4=108300 A5=108000 A6=10BA1E -- 0060F4: move.l  D2, $3c0000.l
D0=4600 D1=46E4 D2=742846E4 D3=0 D4=8402E40 D5=80210138 D6=FFFF D7=0 A0=53714 A1=103300 A2=534F4 A3=10880A A4=108300 A5=108000 A6=10BA1E -- 0060FA: swap    D2
D0=4600 D1=46E4 D2=46E47428 D3=0 D4=8402E40 D5=80210138 D6=FFFF D7=0 A0=53714 A1=103300 A2=534F4 A3=10880A A4=108300 A5=108000 A6=10BA1E -- 0060FC: addi.w  #$20, D2
D0=4600 D1=46E4 D2=46E47448 D3=0 D4=8402E40 D5=80210138 D6=FFFF D7=0 A0=53714 A1=103300 A2=534F4 A3=10880A A4=108300 A5=108000 A6=10BA1E -- 006100: bra     $60c4
D0=4600 D1=46E4 D2=46E47448 D3=0 D4=8402E40 D5=80210138 D6=FFFF D7=0 A0=53714 A1=103300 A2=534F4 A3=10880A A4=108300 A5=108000 A6=10BA1E -- 0060C4: moveq   #$0, D1
D0=4600 D1=0 D2=46E47448 D3=0 D4=8402E40 D5=80210138 D6=FFFF D7=0 A0=53714 A1=103300 A2=534F4 A3=10880A A4=108300 A5=108000 A6=10BA1E -- 0060C6: move.b  (A0)+, D1
D0=4600 D1=E5 D2=46E47448 D3=0 D4=8402E40 D5=80210138 D6=FFFF D7=0 A0=53715 A1=103300 A2=534F4 A3=10880A A4=108300 A5=108000 A6=10BA1E -- 0060C8: cmpi.b  #$d, D1
D0=4600 D1=E5 D2=46E47448 D3=0 D4=8402E40 D5=80210138 D6=FFFF D7=0 A0=53715 A1=103300 A2=534F4 A3=10880A A4=108300 A5=108000 A6=10BA1E -- 0060CC: bne     $60e2
D0=4600 D1=E5 D2=46E47448 D3=0 D4=8402E40 D5=80210138 D6=FFFF D7=0 A0=53715 A1=103300 A2=534F4 A3=10880A A4=108300 A5=108000 A6=10BA1E -- 0060E2: cmpi.b  #-$2, D1
D0=4600 D1=E5 D2=46E47448 D3=0 D4=8402E40 D5=80210138 D6=FFFF D7=0 A0=53715 A1=103300 A2=534F4 A3=10880A A4=108300 A5=108000 A6=10BA1E -- 0060E6: beq     $6086
D0=4600 D1=E5 D2=46E47448 D3=0 D4=8402E40 D5=80210138 D6=FFFF D7=0 A0=53715 A1=103300 A2=534F4 A3=10880A A4=108300 A5=108000 A6=10BA1E -- 0060E8: cmpi.b  #-$1, D1
D0=4600 D1=E5 D2=46E47448 D3=0 D4=8402E40 D5=80210138 D6=FFFF D7=0 A0=53715 A1=103300 A2=534F4 A3=10880A A4=108300 A5=108000 A6=10BA1E -- 0060EC: beq     $6102
D0=4600 D1=E5 D2=46E47448 D3=0 D4=8402E40 D5=80210138 D6=FFFF D7=0 A0=53715 A1=103300 A2=534F4 A3=10880A A4=108300 A5=108000 A6=10BA1E -- 0060EE: or.w    D0, D1
D0=4600 D1=46E5 D2=46E47448 D3=0 D4=8402E40 D5=80210138 D6=FFFF D7=0 A0=53715 A1=103300 A2=534F4 A3=10880A A4=108300 A5=108000 A6=10BA1E -- 0060F0: swap    D2
D0=4600 D1=46E5 D2=744846E4 D3=0 D4=8402E40 D5=80210138 D6=FFFF D7=0 A0=53715 A1=103300 A2=534F4 A3=10880A A4=108300 A5=108000 A6=10BA1E -- 0060F2: move.w  D1, D2
D0=4600 D1=46E5 D2=744846E5 D3=0 D4=8402E40 D5=80210138 D6=FFFF D7=0 A0=53715 A1=103300 A2=534F4 A3=10880A A4=108300 A5=108000 A6=10BA1E -- 0060F4: move.l  D2, $3c0000.l
D0=4600 D1=46E5 D2=744846E5 D3=0 D4=8402E40 D5=80210138 D6=FFFF D7=0 A0=53715 A1=103300 A2=534F4 A3=10880A A4=108300 A5=108000 A6=10BA1E -- 0060FA: swap    D2
D0=4600 D1=46E5 D2=46E57448 D3=0 D4=8402E40 D5=80210138 D6=FFFF D7=0 A0=53715 A1=103300 A2=534F4 A3=10880A A4=108300 A5=108000 A6=10BA1E -- 0060FC: addi.w  #$20, D2
D0=4600 D1=46E5 D2=46E57468 D3=0 D4=8402E40 D5=80210138 D6=FFFF D7=0 A0=53715 A1=103300 A2=534F4 A3=10880A A4=108300 A5=108000 A6=10BA1E -- 006100: bra     $60c4
D0=4600 D1=46E5 D2=46E57468 D3=0 D4=8402E40 D5=80210138 D6=FFFF D7=0 A0=53715 A1=103300 A2=534F4 A3=10880A A4=108300 A5=108000 A6=10BA1E -- 0060C4: moveq   #$0, D1
D0=4600 D1=0 D2=46E57468 D3=0 D4=8402E40 D5=80210138 D6=FFFF D7=0 A0=53715 A1=103300 A2=534F4 A3=10880A A4=108300 A5=108000 A6=10BA1E -- 0060C6: move.b  (A0)+, D1
D0=4600 D1=E6 D2=46E57468 D3=0 D4=8402E40 D5=80210138 D6=FFFF D7=0 A0=53716 A1=103300 A2=534F4 A3=10880A A4=108300 A5=108000 A6=10BA1E -- 0060C8: cmpi.b  #$d, D1
D0=4600 D1=E6 D2=46E57468 D3=0 D4=8402E40 D5=80210138 D6=FFFF D7=0 A0=53716 A1=103300 A2=534F4 A3=10880A A4=108300 A5=108000 A6=10BA1E -- 0060CC: bne     $60e2
D0=4600 D1=E6 D2=46E57468 D3=0 D4=8402E40 D5=80210138 D6=FFFF D7=0 A0=53716 A1=103300 A2=534F4 A3=10880A A4=108300 A5=108000 A6=10BA1E -- 0060E2: cmpi.b  #-$2, D1
D0=4600 D1=E6 D2=46E57468 D3=0 D4=8402E40 D5=80210138 D6=FFFF D7=0 A0=53716 A1=103300 A2=534F4 A3=10880A A4=108300 A5=108000 A6=10BA1E -- 0060E6: beq     $6086
D0=4600 D1=E6 D2=46E57468 D3=0 D4=8402E40 D5=80210138 D6=FFFF D7=0 A0=53716 A1=103300 A2=534F4 A3=10880A A4=108300 A5=108000 A6=10BA1E -- 0060E8: cmpi.b  #-$1, D1
D0=4600 D1=E6 D2=46E57468 D3=0 D4=8402E40 D5=80210138 D6=FFFF D7=0 A0=53716 A1=103300 A2=534F4 A3=10880A A4=108300 A5=108000 A6=10BA1E -- 0060EC: beq     $6102
D0=4600 D1=E6 D2=46E57468 D3=0 D4=8402E40 D5=80210138 D6=FFFF D7=0 A0=53716 A1=103300 A2=534F4 A3=10880A A4=108300 A5=108000 A6=10BA1E -- 0060EE: or.w    D0, D1
D0=4600 D1=46E6 D2=46E57468 D3=0 D4=8402E40 D5=80210138 D6=FFFF D7=0 A0=53716 A1=103300 A2=534F4 A3=10880A A4=108300 A5=108000 A6=10BA1E -- 0060F0: swap    D2
D0=4600 D1=46E6 D2=746846E5 D3=0 D4=8402E40 D5=80210138 D6=FFFF D7=0 A0=53716 A1=103300 A2=534F4 A3=10880A A4=108300 A5=108000 A6=10BA1E -- 0060F2: move.w  D1, D2
D0=4600 D1=46E6 D2=746846E6 D3=0 D4=8402E40 D5=80210138 D6=FFFF D7=0 A0=53716 A1=103300 A2=534F4 A3=10880A A4=108300 A5=108000 A6=10BA1E -- 0060F4: move.l  D2, $3c0000.l
D0=4600 D1=46E6 D2=746846E6 D3=0 D4=8402E40 D5=80210138 D6=FFFF D7=0 A0=53716 A1=103300 A2=534F4 A3=10880A A4=108300 A5=108000 A6=10BA1E -- 0060FA: swap    D2
D0=4600 D1=46E6 D2=46E67468 D3=0 D4=8402E40 D5=80210138 D6=FFFF D7=0 A0=53716 A1=103300 A2=534F4 A3=10880A A4=108300 A5=108000 A6=10BA1E -- 0060FC: addi.w  #$20, D2
D0=4600 D1=46E6 D2=46E67488 D3=0 D4=8402E40 D5=80210138 D6=FFFF D7=0 A0=53716 A1=103300 A2=534F4 A3=10880A A4=108300 A5=108000 A6=10BA1E -- 006100: bra     $60c4
D0=4600 D1=46E6 D2=46E67488 D3=0 D4=8402E40 D5=80210138 D6=FFFF D7=0 A0=53716 A1=103300 A2=534F4 A3=10880A A4=108300 A5=108000 A6=10BA1E -- 0060C4: moveq   #$0, D1
D0=4600 D1=0 D2=46E67488 D3=0 D4=8402E40 D5=80210138 D6=FFFF D7=0 A0=53716 A1=103300 A2=534F4 A3=10880A A4=108300 A5=108000 A6=10BA1E -- 0060C6: move.b  (A0)+, D1
D0=4600 D1=E7 D2=46E67488 D3=0 D4=8402E40 D5=80210138 D6=FFFF D7=0 A0=53717 A1=103300 A2=534F4 A3=10880A A4=108300 A5=108000 A6=10BA1E -- 0060C8: cmpi.b  #$d, D1
D0=4600 D1=E7 D2=46E67488 D3=0 D4=8402E40 D5=80210138 D6=FFFF D7=0 A0=53717 A1=103300 A2=534F4 A3=10880A A4=108300 A5=108000 A6=10BA1E -- 0060CC: bne     $60e2
D0=4600 D1=E7 D2=46E67488 D3=0 D4=8402E40 D5=80210138 D6=FFFF D7=0 A0=53717 A1=103300 A2=534F4 A3=10880A A4=108300 A5=108000 A6=10BA1E -- 0060E2: cmpi.b  #-$2, D1
D0=4600 D1=E7 D2=46E67488 D3=0 D4=8402E40 D5=80210138 D6=FFFF D7=0 A0=53717 A1=103300 A2=534F4 A3=10880A A4=108300 A5=108000 A6=10BA1E -- 0060E6: beq     $6086
D0=4600 D1=E7 D2=46E67488 D3=0 D4=8402E40 D5=80210138 D6=FFFF D7=0 A0=53717 A1=103300 A2=534F4 A3=10880A A4=108300 A5=108000 A6=10BA1E -- 0060E8: cmpi.b  #-$1, D1
D0=4600 D1=E7 D2=46E67488 D3=0 D4=8402E40 D5=80210138 D6=FFFF D7=0 A0=53717 A1=103300 A2=534F4 A3=10880A A4=108300 A5=108000 A6=10BA1E -- 0060EC: beq     $6102
D0=4600 D1=E7 D2=46E67488 D3=0 D4=8402E40 D5=80210138 D6=FFFF D7=0 A0=53717 A1=103300 A2=534F4 A3=10880A A4=108300 A5=108000 A6=10BA1E -- 0060EE: or.w    D0, D1
D0=4600 D1=46E7 D2=46E67488 D3=0 D4=8402E40 D5=80210138 D6=FFFF D7=0 A0=53717 A1=103300 A2=534F4 A3=10880A A4=108300 A5=108000 A6=10BA1E -- 0060F0: swap    D2
D0=4600 D1=46E7 D2=748846E6 D3=0 D4=8402E40 D5=80210138 D6=FFFF D7=0 A0=53717 A1=103300 A2=534F4 A3=10880A A4=108300 A5=108000 A6=10BA1E -- 0060F2: move.w  D1, D2
D0=4600 D1=46E7 D2=748846E7 D3=0 D4=8402E40 D5=80210138 D6=FFFF D7=0 A0=53717 A1=103300 A2=534F4 A3=10880A A4=108300 A5=108000 A6=10BA1E -- 0060F4: move.l  D2, $3c0000.l
D0=4600 D1=46E7 D2=748846E7 D3=0 D4=8402E40 D5=80210138 D6=FFFF D7=0 A0=53717 A1=103300 A2=534F4 A3=10880A A4=108300 A5=108000 A6=10BA1E -- 0060FA: swap    D2
D0=4600 D1=46E7 D2=46E77488 D3=0 D4=8402E40 D5=80210138 D6=FFFF D7=0 A0=53717 A1=103300 A2=534F4 A3=10880A A4=108300 A5=108000 A6=10BA1E -- 0060FC: addi.w  #$20, D2
D0=4600 D1=46E7 D2=46E774A8 D3=0 D4=8402E40 D5=80210138 D6=FFFF D7=0 A0=53717 A1=103300 A2=534F4 A3=10880A A4=108300 A5=108000 A6=10BA1E -- 006100: bra     $60c4
D0=4600 D1=46E7 D2=46E774A8 D3=0 D4=8402E40 D5=80210138 D6=FFFF D7=0 A0=53717 A1=103300 A2=534F4 A3=10880A A4=108300 A5=108000 A6=10BA1E -- 0060C4: moveq   #$0, D1
D0=4600 D1=0 D2=46E774A8 D3=0 D4=8402E40 D5=80210138 D6=FFFF D7=0 A0=53717 A1=103300 A2=534F4 A3=10880A A4=108300 A5=108000 A6=10BA1E -- 0060C6: move.b  (A0)+, D1
D0=4600 D1=FF D2=46E774A8 D3=0 D4=8402E40 D5=80210138 D6=FFFF D7=0 A0=53718 A1=103300 A2=534F4 A3=10880A A4=108300 A5=108000 A6=10BA1E -- 0060C8: cmpi.b  #$d, D1
D0=4600 D1=FF D2=46E774A8 D3=0 D4=8402E40 D5=80210138 D6=FFFF D7=0 A0=53718 A1=103300 A2=534F4 A3=10880A A4=108300 A5=108000 A6=10BA1E -- 0060CC: bne     $60e2
D0=4600 D1=FF D2=46E774A8 D3=0 D4=8402E40 D5=80210138 D6=FFFF D7=0 A0=53718 A1=103300 A2=534F4 A3=10880A A4=108300 A5=108000 A6=10BA1E -- 0060E2: cmpi.b  #-$2, D1
D0=4600 D1=FF D2=46E774A8 D3=0 D4=8402E40 D5=80210138 D6=FFFF D7=0 A0=53718 A1=103300 A2=534F4 A3=10880A A4=108300 A5=108000 A6=10BA1E -- 0060E6: beq     $6086
D0=4600 D1=FF D2=46E774A8 D3=0 D4=8402E40 D5=80210138 D6=FFFF D7=0 A0=53718 A1=103300 A2=534F4 A3=10880A A4=108300 A5=108000 A6=10BA1E -- 0060E8: cmpi.b  #-$1, D1
D0=4600 D1=FF D2=46E774A8 D3=0 D4=8402E40 D5=80210138 D6=FFFF D7=0 A0=53718 A1=103300 A2=534F4 A3=10880A A4=108300 A5=108000 A6=10BA1E -- 0060EC: beq     $6102
D0=4600 D1=FF D2=46E774A8 D3=0 D4=8402E40 D5=80210138 D6=FFFF D7=0 A0=53718 A1=103300 A2=534F4 A3=10880A A4=108300 A5=108000 A6=10BA1E -- 006102: addq.w  #1, ($46fa,A5)
D0=4600 D1=FF D2=46E774A8 D3=0 D4=8402E40 D5=80210138 D6=FFFF D7=0 A0=53718 A1=103300 A2=534F4 A3=10880A A4=108300 A5=108000 A6=10BA1E -- 006106: rts
D0=4600 D1=FF D2=46E774A8 D3=0 D4=8402E40 D5=80210138 D6=FFFF D7=0 A0=53718 A1=103300 A2=534F4 A3=10880A A4=108300 A5=108000 A6=10BA1E -- 037422: rts
D0=4600 D1=FF D2=46E774A8 D3=0 D4=8402E40 D5=80210138 D6=FFFF D7=0 A0=53718 A1=103300 A2=534F4 A3=10880A A4=108300 A5=108000 A6=10BA1E -- 037314: rts
D0=4600 D1=FF D2=46E774A8 D3=0 D4=8402E40 D5=80210138 D6=FFFF D7=0 A0=53718 A1=103300 A2=534F4 A3=10880A A4=108300 A5=108000 A6=10BA1E -- 0372B4: bsr     $37424
D0=4600 D1=FF D2=46E774A8 D3=0 D4=8402E40 D5=80210138 D6=FFFF D7=0 A0=53718 A1=103300 A2=534F4 A3=10880A A4=108300 A5=108000 A6=10BA1E -- 037424: move.b  ($130,A4), D0
D0=4602 D1=FF D2=46E774A8 D3=0 D4=8402E40 D5=80210138 D6=FFFF D7=0 A0=53718 A1=103300 A2=534F4 A3=10880A A4=108300 A5=108000 A6=10BA1E -- 037428: andi.b  #$7f, D0
D0=4602 D1=FF D2=46E774A8 D3=0 D4=8402E40 D5=80210138 D6=FFFF D7=0 A0=53718 A1=103300 A2=534F4 A3=10880A A4=108300 A5=108000 A6=10BA1E -- 03742C: addq.b  #1, D0
D0=4603 D1=FF D2=46E774A8 D3=0 D4=8402E40 D5=80210138 D6=FFFF D7=0 A0=53718 A1=103300 A2=534F4 A3=10880A A4=108300 A5=108000 A6=10BA1E -- 03742E: btst    D0, ($7e6,A5)
D0=4603 D1=FF D2=46E774A8 D3=0 D4=8402E40 D5=80210138 D6=FFFF D7=0 A0=53718 A1=103300 A2=534F4 A3=10880A A4=108300 A5=108000 A6=10BA1E -- 037432: bne     $3745a
D0=4603 D1=FF D2=46E774A8 D3=0 D4=8402E40 D5=80210138 D6=FFFF D7=0 A0=53718 A1=103300 A2=534F4 A3=10880A A4=108300 A5=108000 A6=10BA1E -- 037434: tst.b   ($130,A4)
D0=4603 D1=FF D2=46E774A8 D3=0 D4=8402E40 D5=80210138 D6=FFFF D7=0 A0=53718 A1=103300 A2=534F4 A3=10880A A4=108300 A5=108000 A6=10BA1E -- 037438: bpl     $3744a
D0=4603 D1=FF D2=46E774A8 D3=0 D4=8402E40 D5=80210138 D6=FFFF D7=0 A0=53718 A1=103300 A2=534F4 A3=10880A A4=108300 A5=108000 A6=10BA1E -- 03744A: bsr     $37464
D0=4603 D1=FF D2=46E774A8 D3=0 D4=8402E40 D5=80210138 D6=FFFF D7=0 A0=53718 A1=103300 A2=534F4 A3=10880A A4=108300 A5=108000 A6=10BA1E -- 037464: moveq   #$0, D1
D0=4603 D1=0 D2=46E774A8 D3=0 D4=8402E40 D5=80210138 D6=FFFF D7=0 A0=53718 A1=103300 A2=534F4 A3=10880A A4=108300 A5=108000 A6=10BA1E -- 037466: move.b  ($1,A6), D0
D0=4600 D1=0 D2=46E774A8 D3=0 D4=8402E40 D5=80210138 D6=FFFF D7=0 A0=53718 A1=103300 A2=534F4 A3=10880A A4=108300 A5=108000 A6=10BA1E -- 03746A: btst    #$4, D0
D0=4600 D1=0 D2=46E774A8 D3=0 D4=8402E40 D5=80210138 D6=FFFF D7=0 A0=53718 A1=103300 A2=534F4 A3=10880A A4=108300 A5=108000 A6=10BA1E -- 03746E: beq     $37476
D0=4600 D1=0 D2=46E774A8 D3=0 D4=8402E40 D5=80210138 D6=FFFF D7=0 A0=53718 A1=103300 A2=534F4 A3=10880A A4=108300 A5=108000 A6=10BA1E -- 037476: addq.w  #1, D1
D0=4600 D1=1 D2=46E774A8 D3=0 D4=8402E40 D5=80210138 D6=FFFF D7=0 A0=53718 A1=103300 A2=534F4 A3=10880A A4=108300 A5=108000 A6=10BA1E -- 037478: btst    #$5, D0
D0=4600 D1=1 D2=46E774A8 D3=0 D4=8402E40 D5=80210138 D6=FFFF D7=0 A0=53718 A1=103300 A2=534F4 A3=10880A A4=108300 A5=108000 A6=10BA1E -- 03747C: beq     $37484
D0=4600 D1=1 D2=46E774A8 D3=0 D4=8402E40 D5=80210138 D6=FFFF D7=0 A0=53718 A1=103300 A2=534F4 A3=10880A A4=108300 A5=108000 A6=10BA1E -- 037484: addq.w  #1, D1
D0=4600 D1=2 D2=46E774A8 D3=0 D4=8402E40 D5=80210138 D6=FFFF D7=0 A0=53718 A1=103300 A2=534F4 A3=10880A A4=108300 A5=108000 A6=10BA1E -- 037486: btst    #$6, D0
D0=4600 D1=2 D2=46E774A8 D3=0 D4=8402E40 D5=80210138 D6=FFFF D7=0 A0=53718 A1=103300 A2=534F4 A3=10880A A4=108300 A5=108000 A6=10BA1E -- 03748A: beq     $37492
D0=4600 D1=2 D2=46E774A8 D3=0 D4=8402E40 D5=80210138 D6=FFFF D7=0 A0=53718 A1=103300 A2=534F4 A3=10880A A4=108300 A5=108000 A6=10BA1E -- 037492: addq.w  #1, D1
D0=4600 D1=3 D2=46E774A8 D3=0 D4=8402E40 D5=80210138 D6=FFFF D7=0 A0=53718 A1=103300 A2=534F4 A3=10880A A4=108300 A5=108000 A6=10BA1E -- 037494: btst    #$7, D0
D0=4600 D1=3 D2=46E774A8 D3=0 D4=8402E40 D5=80210138 D6=FFFF D7=0 A0=53718 A1=103300 A2=534F4 A3=10880A A4=108300 A5=108000 A6=10BA1E -- 037498: beq     $374a0
D0=4600 D1=3 D2=46E774A8 D3=0 D4=8402E40 D5=80210138 D6=FFFF D7=0 A0=53718 A1=103300 A2=534F4 A3=10880A A4=108300 A5=108000 A6=10BA1E -- 0374A0: moveq   #$0, D0
D0=0 D1=3 D2=46E774A8 D3=0 D4=8402E40 D5=80210138 D6=FFFF D7=0 A0=53718 A1=103300 A2=534F4 A3=10880A A4=108300 A5=108000 A6=10BA1E -- 0374A2: rts
D0=0 D1=3 D2=46E774A8 D3=0 D4=8402E40 D5=80210138 D6=FFFF D7=0 A0=53718 A1=103300 A2=534F4 A3=10880A A4=108300 A5=108000 A6=10BA1E -- 03744E: beq     $37462
D0=0 D1=3 D2=46E774A8 D3=0 D4=8402E40 D5=80210138 D6=FFFF D7=0 A0=53718 A1=103300 A2=534F4 A3=10880A A4=108300 A5=108000 A6=10BA1E -- 037462: rts
D0=0 D1=3 D2=46E774A8 D3=0 D4=8402E40 D5=80210138 D6=FFFF D7=0 A0=53718 A1=103300 A2=534F4 A3=10880A A4=108300 A5=108000 A6=10BA1E -- 0372B8: bra     $36eac
D0=0 D1=3 D2=46E774A8 D3=0 D4=8402E40 D5=80210138 D6=FFFF D7=0 A0=53718 A1=103300 A2=534F4 A3=10880A A4=108300 A5=108000 A6=10BA1E -- 036EAC: jsr     $48e6.w
D0=0 D1=3 D2=46E774A8 D3=0 D4=8402E40 D5=80210138 D6=FFFF D7=0 A0=53718 A1=103300 A2=534F4 A3=10880A A4=108300 A5=108000 A6=10BA1E -- 0048E6: move.w  ($70,A4), D0
D0=1B D1=3 D2=46E774A8 D3=0 D4=8402E40 D5=80210138 D6=FFFF D7=0 A0=53718 A1=103300 A2=534F4 A3=10880A A4=108300 A5=108000 A6=10BA1E -- 0048EA: cmp.b   ($78,A4), D0
D0=1B D1=3 D2=46E774A8 D3=0 D4=8402E40 D5=80210138 D6=FFFF D7=0 A0=53718 A1=103300 A2=534F4 A3=10880A A4=108300 A5=108000 A6=10BA1E -- 0048EE: bne     $491c
D0=1B D1=3 D2=46E774A8 D3=0 D4=8402E40 D5=80210138 D6=FFFF D7=0 A0=53718 A1=103300 A2=534F4 A3=10880A A4=108300 A5=108000 A6=10BA1E -- 00491C: move.b  D0, ($78,A4)
D0=1B D1=3 D2=46E774A8 D3=0 D4=8402E40 D5=80210138 D6=FFFF D7=0 A0=53718 A1=103300 A2=534F4 A3=10880A A4=108300 A5=108000 A6=10BA1E -- 004920: clr.w   ($74,A4)
D0=1B D1=3 D2=46E774A8 D3=0 D4=8402E40 D5=80210138 D6=FFFF D7=0 A0=53718 A1=103300 A2=534F4 A3=10880A A4=108300 A5=108000 A6=10BA1E -- 004924: clr.w   ($7e,A4)
D0=1B D1=3 D2=46E774A8 D3=0 D4=8402E40 D5=80210138 D6=FFFF D7=0 A0=53718 A1=103300 A2=534F4 A3=10880A A4=108300 A5=108000 A6=10BA1E -- 004928: clr.b   ($7d,A4)
D0=1B D1=3 D2=46E774A8 D3=0 D4=8402E40 D5=80210138 D6=FFFF D7=0 A0=53718 A1=103300 A2=534F4 A3=10880A A4=108300 A5=108000 A6=10BA1E -- 00492C: andi.w  #$efff, ($e6,A4)
D0=1B D1=3 D2=46E774A8 D3=0 D4=8402E40 D5=80210138 D6=FFFF D7=0 A0=53718 A1=103300 A2=534F4 A3=10880A A4=108300 A5=108000 A6=10BA1E -- 004932: bsr     $49f8
D0=1B D1=3 D2=46E774A8 D3=0 D4=8402E40 D5=80210138 D6=FFFF D7=0 A0=53718 A1=103300 A2=534F4 A3=10880A A4=108300 A5=108000 A6=10BA1E -- 0049F8: lea     ($90,A4), A0
D0=1B D1=3 D2=46E774A8 D3=0 D4=8402E40 D5=80210138 D6=FFFF D7=0 A0=108390 A1=103300 A2=534F4 A3=10880A A4=108300 A5=108000 A6=10BA1E -- 0049FC: clr.b   (A0)
D0=1B D1=3 D2=46E774A8 D3=0 D4=8402E40 D5=80210138 D6=FFFF D7=0 A0=108390 A1=103300 A2=534F4 A3=10880A A4=108300 A5=108000 A6=10BA1E -- 0049FE: clr.b   ($5,A0)
D0=1B D1=3 D2=46E774A8 D3=0 D4=8402E40 D5=80210138 D6=FFFF D7=0 A0=108390 A1=103300 A2=534F4 A3=10880A A4=108300 A5=108000 A6=10BA1E -- 004A02: clr.b   ($a,A0)
D0=1B D1=3 D2=46E774A8 D3=0 D4=8402E40 D5=80210138 D6=FFFF D7=0 A0=108390 A1=103300 A2=534F4 A3=10880A A4=108300 A5=108000 A6=10BA1E -- 004A06: clr.b   ($f,A0)
D0=1B D1=3 D2=46E774A8 D3=0 D4=8402E40 D5=80210138 D6=FFFF D7=0 A0=108390 A1=103300 A2=534F4 A3=10880A A4=108300 A5=108000 A6=10BA1E -- 004A0A: rts
D0=1B D1=3 D2=46E774A8 D3=0 D4=8402E40 D5=80210138 D6=FFFF D7=0 A0=108390 A1=103300 A2=534F4 A3=10880A A4=108300 A5=108000 A6=10BA1E -- 004936: bsr     $4962
D0=1B D1=3 D2=46E774A8 D3=0 D4=8402E40 D5=80210138 D6=FFFF D7=0 A0=108390 A1=103300 A2=534F4 A3=10880A A4=108300 A5=108000 A6=10BA1E -- 004962: lea     $7bf48.l, A0
D0=1B D1=3 D2=46E774A8 D3=0 D4=8402E40 D5=80210138 D6=FFFF D7=0 A0=7BF48 A1=103300 A2=534F4 A3=10880A A4=108300 A5=108000 A6=10BA1E -- 004968: move.w  ($70,A4), D0
D0=1B D1=3 D2=46E774A8 D3=0 D4=8402E40 D5=80210138 D6=FFFF D7=0 A0=7BF48 A1=103300 A2=534F4 A3=10880A A4=108300 A5=108000 A6=10BA1E -- 00496C: add.w   D0, D0
D0=36 D1=3 D2=46E774A8 D3=0 D4=8402E40 D5=80210138 D6=FFFF D7=0 A0=7BF48 A1=103300 A2=534F4 A3=10880A A4=108300 A5=108000 A6=10BA1E -- 00496E: add.w   D0, D0
D0=6C D1=3 D2=46E774A8 D3=0 D4=8402E40 D5=80210138 D6=FFFF D7=0 A0=7BF48 A1=103300 A2=534F4 A3=10880A A4=108300 A5=108000 A6=10BA1E -- 004970: movea.l (A0,D0.w), A0
D0=6C D1=3 D2=46E774A8 D3=0 D4=8402E40 D5=80210138 D6=FFFF D7=0 A0=7F5E0 A1=103300 A2=534F4 A3=10880A A4=108300 A5=108000 A6=10BA1E -- 004974: move.w  ($72,A4), D0
D0=49 D1=3 D2=46E774A8 D3=0 D4=8402E40 D5=80210138 D6=FFFF D7=0 A0=7F5E0 A1=103300 A2=534F4 A3=10880A A4=108300 A5=108000 A6=10BA1E -- 004978: add.w   D0, D0
D0=92 D1=3 D2=46E774A8 D3=0 D4=8402E40 D5=80210138 D6=FFFF D7=0 A0=7F5E0 A1=103300 A2=534F4 A3=10880A A4=108300 A5=108000 A6=10BA1E -- 00497A: move.w  (A0,D0.w), ($46de,A5)
D0=92 D1=3 D2=46E774A8 D3=0 D4=8402E40 D5=80210138 D6=FFFF D7=0 A0=7F5E0 A1=103300 A2=534F4 A3=10880A A4=108300 A5=108000 A6=10BA1E -- 004980: lea     $80000.l, A0
D0=92 D1=3 D2=46E774A8 D3=0 D4=8402E40 D5=80210138 D6=FFFF D7=0 A0=80000 A1=103300 A2=534F4 A3=10880A A4=108300 A5=108000 A6=10BA1E -- 004986: move.w  ($70,A4), D0
D0=1B D1=3 D2=46E774A8 D3=0 D4=8402E40 D5=80210138 D6=FFFF D7=0 A0=80000 A1=103300 A2=534F4 A3=10880A A4=108300 A5=108000 A6=10BA1E -- 00498A: add.w   D0, D0
D0=36 D1=3 D2=46E774A8 D3=0 D4=8402E40 D5=80210138 D6=FFFF D7=0 A0=80000 A1=103300 A2=534F4 A3=10880A A4=108300 A5=108000 A6=10BA1E -- 00498C: add.w   D0, D0
D0=6C D1=3 D2=46E774A8 D3=0 D4=8402E40 D5=80210138 D6=FFFF D7=0 A0=80000 A1=103300 A2=534F4 A3=10880A A4=108300 A5=108000 A6=10BA1E -- 00498E: movea.l (A0,D0.w), A0
D0=6C D1=3 D2=46E774A8 D3=0 D4=8402E40 D5=80210138 D6=FFFF D7=0 A0=86E00 A1=103300 A2=534F4 A3=10880A A4=108300 A5=108000 A6=10BA1E -- 004992: move.w  ($46de,A5), D0
D0=4949 D1=3 D2=46E774A8 D3=0 D4=8402E40 D5=80210138 D6=FFFF D7=0 A0=86E00 A1=103300 A2=534F4 A3=10880A A4=108300 A5=108000 A6=10BA1E -- 004996: tst.b   ($46e2,A5)
D0=4949 D1=3 D2=46E774A8 D3=0 D4=8402E40 D5=80210138 D6=FFFF D7=0 A0=86E00 A1=103300 A2=534F4 A3=10880A A4=108300 A5=108000 A6=10BA1E -- 00499A: beq     $49a0
D0=4949 D1=3 D2=46E774A8 D3=0 D4=8402E40 D5=80210138 D6=FFFF D7=0 A0=86E00 A1=103300 A2=534F4 A3=10880A A4=108300 A5=108000 A6=10BA1E -- 0049A0: andi.w  #$ff, D0
D0=49 D1=3 D2=46E774A8 D3=0 D4=8402E40 D5=80210138 D6=FFFF D7=0 A0=86E00 A1=103300 A2=534F4 A3=10880A A4=108300 A5=108000 A6=10BA1E -- 0049A4: add.w   D0, D0
D0=92 D1=3 D2=46E774A8 D3=0 D4=8402E40 D5=80210138 D6=FFFF D7=0 A0=86E00 A1=103300 A2=534F4 A3=10880A A4=108300 A5=108000 A6=10BA1E -- 0049A6: add.w   D0, D0
D0=124 D1=3 D2=46E774A8 D3=0 D4=8402E40 D5=80210138 D6=FFFF D7=0 A0=86E00 A1=103300 A2=534F4 A3=10880A A4=108300 A5=108000 A6=10BA1E -- 0049A8: movea.l (A0,D0.w), A0
D0=124 D1=3 D2=46E774A8 D3=0 D4=8402E40 D5=80210138 D6=FFFF D7=0 A0=F31D6 A1=103300 A2=534F4 A3=10880A A4=108300 A5=108000 A6=10BA1E -- 0049AC: move.w  ($74,A4), D0
D0=0 D1=3 D2=46E774A8 D3=0 D4=8402E40 D5=80210138 D6=FFFF D7=0 A0=F31D6 A1=103300 A2=534F4 A3=10880A A4=108300 A5=108000 A6=10BA1E -- 0049B0: adda.w  D0, A0
D0=0 D1=3 D2=46E774A8 D3=0 D4=8402E40 D5=80210138 D6=FFFF D7=0 A0=F31D6 A1=103300 A2=534F4 A3=10880A A4=108300 A5=108000 A6=10BA1E -- 0049B2: move.b  (A0), ($76,A4)
D0=0 D1=3 D2=46E774A8 D3=0 D4=8402E40 D5=80210138 D6=FFFF D7=0 A0=F31D6 A1=103300 A2=534F4 A3=10880A A4=108300 A5=108000 A6=10BA1E -- 0049B6: bmi     $4a22
D0=0 D1=3 D2=46E774A8 D3=0 D4=8402E40 D5=80210138 D6=FFFF D7=0 A0=F31D6 A1=103300 A2=534F4 A3=10880A A4=108300 A5=108000 A6=10BA1E -- 0049BA: move.b  ($81,A4), D0
D0=0 D1=3 D2=46E774A8 D3=0 D4=8402E40 D5=80210138 D6=FFFF D7=0 A0=F31D6 A1=103300 A2=534F4 A3=10880A A4=108300 A5=108000 A6=10BA1E -- 0049BE: tst.b   ($7d,A4)
D0=0 D1=3 D2=46E774A8 D3=0 D4=8402E40 D5=80210138 D6=FFFF D7=0 A0=F31D6 A1=103300 A2=534F4 A3=10880A A4=108300 A5=108000 A6=10BA1E -- 0049C2: beq     $49c8
D0=0 D1=3 D2=46E774A8 D3=0 D4=8402E40 D5=80210138 D6=FFFF D7=0 A0=F31D6 A1=103300 A2=534F4 A3=10880A A4=108300 A5=108000 A6=10BA1E -- 0049C8: add.b   ($7d,A4), D0
D0=0 D1=3 D2=46E774A8 D3=0 D4=8402E40 D5=80210138 D6=FFFF D7=0 A0=F31D6 A1=103300 A2=534F4 A3=10880A A4=108300 A5=108000 A6=10BA1E -- 0049CC: add.b   D0, ($76,A4)
D0=0 D1=3 D2=46E774A8 D3=0 D4=8402E40 D5=80210138 D6=FFFF D7=0 A0=F31D6 A1=103300 A2=534F4 A3=10880A A4=108300 A5=108000 A6=10BA1E -- 0049D0: bgt     $49d8
D0=0 D1=3 D2=46E774A8 D3=0 D4=8402E40 D5=80210138 D6=FFFF D7=0 A0=F31D6 A1=103300 A2=534F4 A3=10880A A4=108300 A5=108000 A6=10BA1E -- 0049D8: addq.w  #1, ($7e,A4)
D0=0 D1=3 D2=46E774A8 D3=0 D4=8402E40 D5=80210138 D6=FFFF D7=0 A0=F31D6 A1=103300 A2=534F4 A3=10880A A4=108300 A5=108000 A6=10BA1E -- 0049DC: move.b  ($4,A0), ($7a,A4)
D0=0 D1=3 D2=46E774A8 D3=0 D4=8402E40 D5=80210138 D6=FFFF D7=0 A0=F31D6 A1=103300 A2=534F4 A3=10880A A4=108300 A5=108000 A6=10BA1E -- 0049E2: move.b  ($5,A0), ($7b,A4)
D0=0 D1=3 D2=46E774A8 D3=0 D4=8402E40 D5=80210138 D6=FFFF D7=0 A0=F31D6 A1=103300 A2=534F4 A3=10880A A4=108300 A5=108000 A6=10BA1E -- 0049E8: move.l  (A0), D0
D0=30F104A D1=3 D2=46E774A8 D3=0 D4=8402E40 D5=80210138 D6=FFFF D7=0 A0=F31D6 A1=103300 A2=534F4 A3=10880A A4=108300 A5=108000 A6=10BA1E -- 0049EA: movea.l D0, A0
D0=30F104A D1=3 D2=46E774A8 D3=0 D4=8402E40 D5=80210138 D6=FFFF D7=0 A0=30F104A A1=103300 A2=534F4 A3=10880A A4=108300 A5=108000 A6=10BA1E -- 0049EC: move.w  (A0), ($6a,A4)
D0=30F104A D1=3 D2=46E774A8 D3=0 D4=8402E40 D5=80210138 D6=FFFF D7=0 A0=30F104A A1=103300 A2=534F4 A3=10880A A4=108300 A5=108000 A6=10BA1E -- 0049F0: move.w  ($2,A0), ($6c,A4)
D0=30F104A D1=3 D2=46E774A8 D3=0 D4=8402E40 D5=80210138 D6=FFFF D7=0 A0=30F104A A1=103300 A2=534F4 A3=10880A A4=108300 A5=108000 A6=10BA1E -- 0049F6: rts
D0=30F104A D1=3 D2=46E774A8 D3=0 D4=8402E40 D5=80210138 D6=FFFF D7=0 A0=30F104A A1=103300 A2=534F4 A3=10880A A4=108300 A5=108000 A6=10BA1E -- 00493A: bra     $4906
D0=30F104A D1=3 D2=46E774A8 D3=0 D4=8402E40 D5=80210138 D6=FFFF D7=0 A0=30F104A A1=103300 A2=534F4 A3=10880A A4=108300 A5=108000 A6=10BA1E -- 004906: subq.b  #1, ($76,A4)
D0=30F104A D1=3 D2=46E774A8 D3=0 D4=8402E40 D5=80210138 D6=FFFF D7=0 A0=30F104A A1=103300 A2=534F4 A3=10880A A4=108300 A5=108000 A6=10BA1E -- 00490A: bhi     $491a
D0=30F104A D1=3 D2=46E774A8 D3=0 D4=8402E40 D5=80210138 D6=FFFF D7=0 A0=30F104A A1=103300 A2=534F4 A3=10880A A4=108300 A5=108000 A6=10BA1E -- 00491A: rts
D0=30F104A D1=3 D2=46E774A8 D3=0 D4=8402E40 D5=80210138 D6=FFFF D7=0 A0=30F104A A1=103300 A2=534F4 A3=10880A A4=108300 A5=108000 A6=10BA1E -- 036EB0: jmp     $3e2e.w
D0=30F104A D1=3 D2=46E774A8 D3=0 D4=8402E40 D5=80210138 D6=FFFF D7=0 A0=30F104A A1=103300 A2=534F4 A3=10880A A4=108300 A5=108000 A6=10BA1E -- 003E2E: tst.w   ($74,A4)
D0=30F104A D1=3 D2=46E774A8 D3=0 D4=8402E40 D5=80210138 D6=FFFF D7=0 A0=30F104A A1=103300 A2=534F4 A3=10880A A4=108300 A5=108000 A6=10BA1E -- 003E32: bmi     $3e80
D0=30F104A D1=3 D2=46E774A8 D3=0 D4=8402E40 D5=80210138 D6=FFFF D7=0 A0=30F104A A1=103300 A2=534F4 A3=10880A A4=108300 A5=108000 A6=10BA1E -- 003E34: btst    #$6, ($7c,A4)
D0=30F104A D1=3 D2=46E774A8 D3=0 D4=8402E40 D5=80210138 D6=FFFF D7=0 A0=30F104A A1=103300 A2=534F4 A3=10880A A4=108300 A5=108000 A6=10BA1E -- 003E3A: bne     $3e78
D0=30F104A D1=3 D2=46E774A8 D3=0 D4=8402E40 D5=80210138 D6=FFFF D7=0 A0=30F104A A1=103300 A2=534F4 A3=10880A A4=108300 A5=108000 A6=10BA1E -- 003E3E: moveq   #$0, D3
D0=30F104A D1=3 D2=46E774A8 D3=0 D4=8402E40 D5=80210138 D6=FFFF D7=0 A0=30F104A A1=103300 A2=534F4 A3=10880A A4=108300 A5=108000 A6=10BA1E -- 003E40: move.b  ($82,A4), D3
D0=30F104A D1=3 D2=46E774A8 D3=0 D4=8402E40 D5=80210138 D6=FFFF D7=0 A0=30F104A A1=103300 A2=534F4 A3=10880A A4=108300 A5=108000 A6=10BA1E -- 003E44: add.w   D3, D3
D0=30F104A D1=3 D2=46E774A8 D3=0 D4=8402E40 D5=80210138 D6=FFFF D7=0 A0=30F104A A1=103300 A2=534F4 A3=10880A A4=108300 A5=108000 A6=10BA1E -- 003E46: add.w   D3, D3
D0=30F104A D1=3 D2=46E774A8 D3=0 D4=8402E40 D5=80210138 D6=FFFF D7=0 A0=30F104A A1=103300 A2=534F4 A3=10880A A4=108300 A5=108000 A6=10BA1E -- 003E48: move.w  ($18,A4), D0
D0=30F0110 D1=3 D2=46E774A8 D3=0 D4=8402E40 D5=80210138 D6=FFFF D7=0 A0=30F104A A1=103300 A2=534F4 A3=10880A A4=108300 A5=108000 A6=10BA1E -- 003E4C: lea     ($104c,A5), A0
D0=30F0110 D1=3 D2=46E774A8 D3=0 D4=8402E40 D5=80210138 D6=FFFF D7=0 A0=10904C A1=103300 A2=534F4 A3=10880A A4=108300 A5=108000 A6=10BA1E -- 003E50: sub.w   (A0,D3.w), D0
D0=30F0110 D1=3 D2=46E774A8 D3=0 D4=8402E40 D5=80210138 D6=FFFF D7=0 A0=10904C A1=103300 A2=534F4 A3=10880A A4=108300 A5=108000 A6=10BA1E -- 003E54: addi.w  #$30, D0
D0=30F0140 D1=3 D2=46E774A8 D3=0 D4=8402E40 D5=80210138 D6=FFFF D7=0 A0=10904C A1=103300 A2=534F4 A3=10880A A4=108300 A5=108000 A6=10BA1E -- 003E58: cmpi.w  #$1a0, D0
D0=30F0140 D1=3 D2=46E774A8 D3=0 D4=8402E40 D5=80210138 D6=FFFF D7=0 A0=10904C A1=103300 A2=534F4 A3=10880A A4=108300 A5=108000 A6=10BA1E -- 003E5C: bls     $3e60
D0=30F0140 D1=3 D2=46E774A8 D3=0 D4=8402E40 D5=80210138 D6=FFFF D7=0 A0=10904C A1=103300 A2=534F4 A3=10880A A4=108300 A5=108000 A6=10BA1E -- 003E60: move.w  ($1c,A4), D0
D0=30F00CB D1=3 D2=46E774A8 D3=0 D4=8402E40 D5=80210138 D6=FFFF D7=0 A0=10904C A1=103300 A2=534F4 A3=10880A A4=108300 A5=108000 A6=10BA1E -- 003E64: sub.w   ($20,A4), D0
D0=30F00CB D1=3 D2=46E774A8 D3=0 D4=8402E40 D5=80210138 D6=FFFF D7=0 A0=10904C A1=103300 A2=534F4 A3=10880A A4=108300 A5=108000 A6=10BA1E -- 003E68: lea     ($1058,A5), A0
D0=30F00CB D1=3 D2=46E774A8 D3=0 D4=8402E40 D5=80210138 D6=FFFF D7=0 A0=109058 A1=103300 A2=534F4 A3=10880A A4=108300 A5=108000 A6=10BA1E -- 003E6C: sub.w   (A0,D3.w), D0
D0=30F00CB D1=3 D2=46E774A8 D3=0 D4=8402E40 D5=80210138 D6=FFFF D7=0 A0=109058 A1=103300 A2=534F4 A3=10880A A4=108300 A5=108000 A6=10BA1E -- 003E70: cmpi.w  #$1c0, D0
D0=30F00CB D1=3 D2=46E774A8 D3=0 D4=8402E40 D5=80210138 D6=FFFF D7=0 A0=109058 A1=103300 A2=534F4 A3=10880A A4=108300 A5=108000 A6=10BA1E -- 003E74: bls     $3e78
D0=30F00CB D1=3 D2=46E774A8 D3=0 D4=8402E40 D5=80210138 D6=FFFF D7=0 A0=109058 A1=103300 A2=534F4 A3=10880A A4=108300 A5=108000 A6=10BA1E -- 003E78: bsr     $4860
D0=30F00CB D1=3 D2=46E774A8 D3=0 D4=8402E40 D5=80210138 D6=FFFF D7=0 A0=109058 A1=103300 A2=534F4 A3=10880A A4=108300 A5=108000 A6=10BA1E -- 004860: lea     $7bf48.l, A0
D0=30F00CB D1=3 D2=46E774A8 D3=0 D4=8402E40 D5=80210138 D6=FFFF D7=0 A0=7BF48 A1=103300 A2=534F4 A3=10880A A4=108300 A5=108000 A6=10BA1E -- 004866: move.w  ($70,A4), D0
D0=30F001B D1=3 D2=46E774A8 D3=0 D4=8402E40 D5=80210138 D6=FFFF D7=0 A0=7BF48 A1=103300 A2=534F4 A3=10880A A4=108300 A5=108000 A6=10BA1E -- 00486A: add.w   D0, D0
D0=30F0036 D1=3 D2=46E774A8 D3=0 D4=8402E40 D5=80210138 D6=FFFF D7=0 A0=7BF48 A1=103300 A2=534F4 A3=10880A A4=108300 A5=108000 A6=10BA1E -- 00486C: add.w   D0, D0
D0=30F006C D1=3 D2=46E774A8 D3=0 D4=8402E40 D5=80210138 D6=FFFF D7=0 A0=7BF48 A1=103300 A2=534F4 A3=10880A A4=108300 A5=108000 A6=10BA1E -- 00486E: movea.l (A0,D0.w), A0
D0=30F006C D1=3 D2=46E774A8 D3=0 D4=8402E40 D5=80210138 D6=FFFF D7=0 A0=7F5E0 A1=103300 A2=534F4 A3=10880A A4=108300 A5=108000 A6=10BA1E -- 004872: move.w  ($72,A4), D0
D0=30F0049 D1=3 D2=46E774A8 D3=0 D4=8402E40 D5=80210138 D6=FFFF D7=0 A0=7F5E0 A1=103300 A2=534F4 A3=10880A A4=108300 A5=108000 A6=10BA1E -- 004876: add.w   D0, D0
D0=30F0092 D1=3 D2=46E774A8 D3=0 D4=8402E40 D5=80210138 D6=FFFF D7=0 A0=7F5E0 A1=103300 A2=534F4 A3=10880A A4=108300 A5=108000 A6=10BA1E -- 004878: move.w  (A0,D0.w), D1
D0=30F0092 D1=4949 D2=46E774A8 D3=0 D4=8402E40 D5=80210138 D6=FFFF D7=0 A0=7F5E0 A1=103300 A2=534F4 A3=10880A A4=108300 A5=108000 A6=10BA1E -- 00487C: move.w  D1, ($46de,A5)
D0=30F0092 D1=4949 D2=46E774A8 D3=0 D4=8402E40 D5=80210138 D6=FFFF D7=0 A0=7F5E0 A1=103300 A2=534F4 A3=10880A A4=108300 A5=108000 A6=10BA1E -- 004880: lea     $80000.l, A0
D0=30F0092 D1=4949 D2=46E774A8 D3=0 D4=8402E40 D5=80210138 D6=FFFF D7=0 A0=80000 A1=103300 A2=534F4 A3=10880A A4=108300 A5=108000 A6=10BA1E -- 004886: move.w  ($70,A4), D0
D0=30F001B D1=4949 D2=46E774A8 D3=0 D4=8402E40 D5=80210138 D6=FFFF D7=0 A0=80000 A1=103300 A2=534F4 A3=10880A A4=108300 A5=108000 A6=10BA1E -- 00488A: add.w   D0, D0
D0=30F0036 D1=4949 D2=46E774A8 D3=0 D4=8402E40 D5=80210138 D6=FFFF D7=0 A0=80000 A1=103300 A2=534F4 A3=10880A A4=108300 A5=108000 A6=10BA1E -- 00488C: add.w   D0, D0
D0=30F006C D1=4949 D2=46E774A8 D3=0 D4=8402E40 D5=80210138 D6=FFFF D7=0 A0=80000 A1=103300 A2=534F4 A3=10880A A4=108300 A5=108000 A6=10BA1E -- 00488E: movea.l (A0,D0.w), A0
D0=30F006C D1=4949 D2=46E774A8 D3=0 D4=8402E40 D5=80210138 D6=FFFF D7=0 A0=86E00 A1=103300 A2=534F4 A3=10880A A4=108300 A5=108000 A6=10BA1E -- 004892: move.w  ($46de,A5), D0
D0=30F4949 D1=4949 D2=46E774A8 D3=0 D4=8402E40 D5=80210138 D6=FFFF D7=0 A0=86E00 A1=103300 A2=534F4 A3=10880A A4=108300 A5=108000 A6=10BA1E -- 004896: tst.b   ($46e2,A5)
D0=30F4949 D1=4949 D2=46E774A8 D3=0 D4=8402E40 D5=80210138 D6=FFFF D7=0 A0=86E00 A1=103300 A2=534F4 A3=10880A A4=108300 A5=108000 A6=10BA1E -- 00489A: beq     $48a0
D0=30F4949 D1=4949 D2=46E774A8 D3=0 D4=8402E40 D5=80210138 D6=FFFF D7=0 A0=86E00 A1=103300 A2=534F4 A3=10880A A4=108300 A5=108000 A6=10BA1E -- 0048A0: andi.w  #$ff, D0
D0=30F0049 D1=4949 D2=46E774A8 D3=0 D4=8402E40 D5=80210138 D6=FFFF D7=0 A0=86E00 A1=103300 A2=534F4 A3=10880A A4=108300 A5=108000 A6=10BA1E -- 0048A4: add.w   D0, D0
D0=30F0092 D1=4949 D2=46E774A8 D3=0 D4=8402E40 D5=80210138 D6=FFFF D7=0 A0=86E00 A1=103300 A2=534F4 A3=10880A A4=108300 A5=108000 A6=10BA1E -- 0048A6: add.w   D0, D0
D0=30F0124 D1=4949 D2=46E774A8 D3=0 D4=8402E40 D5=80210138 D6=FFFF D7=0 A0=86E00 A1=103300 A2=534F4 A3=10880A A4=108300 A5=108000 A6=10BA1E -- 0048A8: movea.l (A0,D0.w), A0
D0=30F0124 D1=4949 D2=46E774A8 D3=0 D4=8402E40 D5=80210138 D6=FFFF D7=0 A0=F31D6 A1=103300 A2=534F4 A3=10880A A4=108300 A5=108000 A6=10BA1E -- 0048AC: move.w  ($74,A4), D0
D0=30F0000 D1=4949 D2=46E774A8 D3=0 D4=8402E40 D5=80210138 D6=FFFF D7=0 A0=F31D6 A1=103300 A2=534F4 A3=10880A A4=108300 A5=108000 A6=10BA1E -- 0048B0: adda.w  D0, A0
D0=30F0000 D1=4949 D2=46E774A8 D3=0 D4=8402E40 D5=80210138 D6=FFFF D7=0 A0=F31D6 A1=103300 A2=534F4 A3=10880A A4=108300 A5=108000 A6=10BA1E -- 0048B2: move.l  (A0), D0
D0=30F104A D1=4949 D2=46E774A8 D3=0 D4=8402E40 D5=80210138 D6=FFFF D7=0 A0=F31D6 A1=103300 A2=534F4 A3=10880A A4=108300 A5=108000 A6=10BA1E -- 0048B4: andi.l  #$ffffff, D0
D0=F104A D1=4949 D2=46E774A8 D3=0 D4=8402E40 D5=80210138 D6=FFFF D7=0 A0=F31D6 A1=103300 A2=534F4 A3=10880A A4=108300 A5=108000 A6=10BA1E -- 0048BA: movea.l D0, A0
D0=F104A D1=4949 D2=46E774A8 D3=0 D4=8402E40 D5=80210138 D6=FFFF D7=0 A0=F104A A1=103300 A2=534F4 A3=10880A A4=108300 A5=108000 A6=10BA1E -- 0048BC: move.w  ($4,A0), D0
D0=F00B0 D1=4949 D2=46E774A8 D3=0 D4=8402E40 D5=80210138 D6=FFFF D7=0 A0=F104A A1=103300 A2=534F4 A3=10880A A4=108300 A5=108000 A6=10BA1E -- 0048C0: andi.w  #$1fff, D0
D0=F00B0 D1=4949 D2=46E774A8 D3=0 D4=8402E40 D5=80210138 D6=FFFF D7=0 A0=F104A A1=103300 A2=534F4 A3=10880A A4=108300 A5=108000 A6=10BA1E -- 0048C4: move.w  D0, ($46e0,A5)
D0=F00B0 D1=4949 D2=46E774A8 D3=0 D4=8402E40 D5=80210138 D6=FFFF D7=0 A0=F104A A1=103300 A2=534F4 A3=10880A A4=108300 A5=108000 A6=10BA1E -- 0048C8: lea     $80080.l, A0
D0=F00B0 D1=4949 D2=46E774A8 D3=0 D4=8402E40 D5=80210138 D6=FFFF D7=0 A0=80080 A1=103300 A2=534F4 A3=10880A A4=108300 A5=108000 A6=10BA1E -- 0048CE: move.w  ($70,A4), D1
D0=F00B0 D1=1B D2=46E774A8 D3=0 D4=8402E40 D5=80210138 D6=FFFF D7=0 A0=80080 A1=103300 A2=534F4 A3=10880A A4=108300 A5=108000 A6=10BA1E -- 0048D2: add.w   D1, D1
D0=F00B0 D1=36 D2=46E774A8 D3=0 D4=8402E40 D5=80210138 D6=FFFF D7=0 A0=80080 A1=103300 A2=534F4 A3=10880A A4=108300 A5=108000 A6=10BA1E -- 0048D4: add.w   D1, D1
D0=F00B0 D1=6C D2=46E774A8 D3=0 D4=8402E40 D5=80210138 D6=FFFF D7=0 A0=80080 A1=103300 A2=534F4 A3=10880A A4=108300 A5=108000 A6=10BA1E -- 0048D6: movea.l (A0,D1.w), A0
D0=F00B0 D1=6C D2=46E774A8 D3=0 D4=8402E40 D5=80210138 D6=FFFF D7=0 A0=95200 A1=103300 A2=534F4 A3=10880A A4=108300 A5=108000 A6=10BA1E -- 0048DA: add.w   D0, D0
D0=F0160 D1=6C D2=46E774A8 D3=0 D4=8402E40 D5=80210138 D6=FFFF D7=0 A0=95200 A1=103300 A2=534F4 A3=10880A A4=108300 A5=108000 A6=10BA1E -- 0048DC: add.w   D0, D0
D0=F02C0 D1=6C D2=46E774A8 D3=0 D4=8402E40 D5=80210138 D6=FFFF D7=0 A0=95200 A1=103300 A2=534F4 A3=10880A A4=108300 A5=108000 A6=10BA1E -- 0048DE: move.l  (A0,D0.w), ($28,A4)
D0=F02C0 D1=6C D2=46E774A8 D3=0 D4=8402E40 D5=80210138 D6=FFFF D7=0 A0=95200 A1=103300 A2=534F4 A3=10880A A4=108300 A5=108000 A6=10BA1E -- 0048E4: rts
D0=F02C0 D1=6C D2=46E774A8 D3=0 D4=8402E40 D5=80210138 D6=FFFF D7=0 A0=95200 A1=103300 A2=534F4 A3=10880A A4=108300 A5=108000 A6=10BA1E -- 003E7C: bra     $481a
D0=F02C0 D1=6C D2=46E774A8 D3=0 D4=8402E40 D5=80210138 D6=FFFF D7=0 A0=95200 A1=103300 A2=534F4 A3=10880A A4=108300 A5=108000 A6=10BA1E -- 00481A: addq.w  #1, ($e3a,A5)
D0=F02C0 D1=6C D2=46E774A8 D3=0 D4=8402E40 D5=80210138 D6=FFFF D7=0 A0=95200 A1=103300 A2=534F4 A3=10880A A4=108300 A5=108000 A6=10BA1E -- 00481E: lea     ($838,A5), A1
D0=F02C0 D1=6C D2=46E774A8 D3=0 D4=8402E40 D5=80210138 D6=FFFF D7=0 A0=95200 A1=108838 A2=534F4 A3=10880A A4=108300 A5=108000 A6=10BA1E -- 004822: move.w  ($2c,A4), D0
D0=F0078 D1=6C D2=46E774A8 D3=0 D4=8402E40 D5=80210138 D6=FFFF D7=0 A0=95200 A1=108838 A2=534F4 A3=10880A A4=108300 A5=108000 A6=10BA1E -- 004826: move.w  D0, D1
D0=F0078 D1=78 D2=46E774A8 D3=0 D4=8402E40 D5=80210138 D6=FFFF D7=0 A0=95200 A1=108838 A2=534F4 A3=10880A A4=108300 A5=108000 A6=10BA1E -- 004828: add.w   D1, D1
D0=F0078 D1=F0 D2=46E774A8 D3=0 D4=8402E40 D5=80210138 D6=FFFF D7=0 A0=95200 A1=108838 A2=534F4 A3=10880A A4=108300 A5=108000 A6=10BA1E -- 00482A: adda.w  D1, A1
D0=F0078 D1=F0 D2=46E774A8 D3=0 D4=8402E40 D5=80210138 D6=FFFF D7=0 A0=95200 A1=108928 A2=534F4 A3=10880A A4=108300 A5=108000 A6=10BA1E -- 00482C: cmp.w   ($e38,A5), D1
D0=F0078 D1=F0 D2=46E774A8 D3=0 D4=8402E40 D5=80210138 D6=FFFF D7=0 A0=95200 A1=108928 A2=534F4 A3=10880A A4=108300 A5=108000 A6=10BA1E -- 004830: bhi     $4836
D0=F0078 D1=F0 D2=46E774A8 D3=0 D4=8402E40 D5=80210138 D6=FFFF D7=0 A0=95200 A1=108928 A2=534F4 A3=10880A A4=108300 A5=108000 A6=10BA1E -- 004832: move.w  D1, ($e38,A5)
D0=F0078 D1=F0 D2=46E774A8 D3=0 D4=8402E40 D5=80210138 D6=FFFF D7=0 A0=95200 A1=108928 A2=534F4 A3=10880A A4=108300 A5=108000 A6=10BA1E -- 004836: move.w  (A1)+, D1
D0=F0078 D1=8100 D2=46E774A8 D3=0 D4=8402E40 D5=80210138 D6=FFFF D7=0 A0=95200 A1=10892A A2=534F4 A3=10880A A4=108300 A5=108000 A6=10BA1E -- 004838: beq     $485a
D0=F0078 D1=8100 D2=46E774A8 D3=0 D4=8402E40 D5=80210138 D6=FFFF D7=0 A0=95200 A1=10892A A2=534F4 A3=10880A A4=108300 A5=108000 A6=10BA1E -- 00483A: move.l  #$100000, D2
D0=F0078 D1=8100 D2=100000 D3=0 D4=8402E40 D5=80210138 D6=FFFF D7=0 A0=95200 A1=10892A A2=534F4 A3=10880A A4=108300 A5=108000 A6=10BA1E -- 004840: move.w  D1, D2
D0=F0078 D1=8100 D2=108100 D3=0 D4=8402E40 D5=80210138 D6=FFFF D7=0 A0=95200 A1=10892A A2=534F4 A3=10880A A4=108300 A5=108000 A6=10BA1E -- 004842: movea.l D2, A0
D0=F0078 D1=8100 D2=108100 D3=0 D4=8402E40 D5=80210138 D6=FFFF D7=0 A0=108100 A1=10892A A2=534F4 A3=10880A A4=108300 A5=108000 A6=10BA1E -- 004844: cmp.w   ($2c,A0), D0
D0=F0078 D1=8100 D2=108100 D3=0 D4=8402E40 D5=80210138 D6=FFFF D7=0 A0=108100 A1=10892A A2=534F4 A3=10880A A4=108300 A5=108000 A6=10BA1E -- 004848: bcc     $4836
D0=F0078 D1=8100 D2=108100 D3=0 D4=8402E40 D5=80210138 D6=FFFF D7=0 A0=108100 A1=10892A A2=534F4 A3=10880A A4=108300 A5=108000 A6=10BA1E -- 004836: move.w  (A1)+, D1
D0=F0078 D1=0 D2=108100 D3=0 D4=8402E40 D5=80210138 D6=FFFF D7=0 A0=108100 A1=10892C A2=534F4 A3=10880A A4=108300 A5=108000 A6=10BA1E -- 004838: beq     $485a
D0=F0078 D1=0 D2=108100 D3=0 D4=8402E40 D5=80210138 D6=FFFF D7=0 A0=108100 A1=10892C A2=534F4 A3=10880A A4=108300 A5=108000 A6=10BA1E -- 00485A: move.w  A4, (-$2,A1)
D0=F0078 D1=0 D2=108100 D3=0 D4=8402E40 D5=80210138 D6=FFFF D7=0 A0=108100 A1=10892C A2=534F4 A3=10880A A4=108300 A5=108000 A6=10BA1E -- 00485E: rts
D0=F0078 D1=0 D2=108100 D3=0 D4=8402E40 D5=80210138 D6=FFFF D7=0 A0=108100 A1=10892C A2=534F4 A3=10880A A4=108300 A5=108000 A6=10BA1E -- 037234: clr.b   ($1,A6)
D0=F0078 D1=0 D2=108100 D3=0 D4=8402E40 D5=80210138 D6=FFFF D7=0 A0=108100 A1=10892C A2=534F4 A3=10880A A4=108300 A5=108000 A6=10BA1E -- 037238: rts
