D0=0 D1=0 D2=34A77168 D3=FFFF D4=10405140 D5=84418545 D6=84418545 D7=FFFF A0=10B8C4 A1=10D01D A2=4ABB4 A3=108FAA A4=108100 A5=108000 A6=10B9CA PC=659C -- 00659C: move.b  ($38bc,A5), D0
D0=18 D1=0 D2=34A77168 D3=FFFF D4=10405140 D5=84418545 D6=84418545 D7=FFFF A0=10B8C4 A1=10D01D A2=4ABB4 A3=108FAA A4=108100 A5=108000 A6=10B9CA PC=65A0 -- 0065A0: move.w  ($38c0,A5), (A0,D0.w)
D0=18 D1=0 D2=34A77168 D3=FFFF D4=10405140 D5=84418545 D6=84418545 D7=FFFF A0=10B8C4 A1=10D01D A2=4ABB4 A3=108FAA A4=108100 A5=108000 A6=10B9CA PC=65A6 -- 0065A6: addq.b  #2, ($38bc,A5)
D0=18 D1=0 D2=34A77168 D3=FFFF D4=10405140 D5=84418545 D6=84418545 D7=FFFF A0=10B8C4 A1=10D01D A2=4ABB4 A3=108FAA A4=108100 A5=108000 A6=10B9CA PC=65AA -- 0065AA: rts
D0=18 D1=0 D2=34A77168 D3=FFFF D4=10405140 D5=84418545 D6=84418545 D7=FFFF A0=10B8C4 A1=10D01D A2=4ABB4 A3=108FAA A4=108100 A5=108000 A6=10B9CA PC=37812 -- 037812: movem.l (A7)+, D0-D1/A0
D0=FFFF0000 D1=0 D2=34A77168 D3=FFFF D4=10405140 D5=84418545 D6=84418545 D7=FFFF A0=10D01C A1=10D01D A2=4ABB4 A3=108FAA A4=108100 A5=108000 A6=10B9CA PC=37816 -- 037816: addq.w  #1, ($72,A4)
D0=FFFF0000 D1=0 D2=34A77168 D3=FFFF D4=10405140 D5=84418545 D6=84418545 D7=FFFF A0=10D01C A1=10D01D A2=4ABB4 A3=108FAA A4=108100 A5=108000 A6=10B9CA PC=3781A -- 03781A: move.b  ($130,A4), D0
D0=FFFF0081 D1=0 D2=34A77168 D3=FFFF D4=10405140 D5=84418545 D6=84418545 D7=FFFF A0=10D01C A1=10D01D A2=4ABB4 A3=108FAA A4=108100 A5=108000 A6=10B9CA PC=3781E -- 03781E: move.b  ($501c,A5), ($d8,A4)
D0=FFFF0081 D1=0 D2=34A77168 D3=FFFF D4=10405140 D5=84418545 D6=84418545 D7=FFFF A0=10D01C A1=10D01D A2=4ABB4 A3=108FAA A4=108100 A5=108000 A6=10B9CA PC=37824 -- 037824: btst    #$0, D0
D0=FFFF0081 D1=0 D2=34A77168 D3=FFFF D4=10405140 D5=84418545 D6=84418545 D7=FFFF A0=10D01C A1=10D01D A2=4ABB4 A3=108FAA A4=108100 A5=108000 A6=10B9CA PC=37828 -- 037828: bne     $37832
D0=FFFF0081 D1=0 D2=34A77168 D3=FFFF D4=10405140 D5=84418545 D6=84418545 D7=FFFF A0=10D01C A1=10D01D A2=4ABB4 A3=108FAA A4=108100 A5=108000 A6=10B9CA PC=37832 -- 037832: andi.b  #$7f, D0
D0=FFFF0001 D1=0 D2=34A77168 D3=FFFF D4=10405140 D5=84418545 D6=84418545 D7=FFFF A0=10D01C A1=10D01D A2=4ABB4 A3=108FAA A4=108100 A5=108000 A6=10B9CA PC=37836 -- 037836: move.b  D0, D1
D0=FFFF0001 D1=1 D2=34A77168 D3=FFFF D4=10405140 D5=84418545 D6=84418545 D7=FFFF A0=10D01C A1=10D01D A2=4ABB4 A3=108FAA A4=108100 A5=108000 A6=10B9CA PC=37838 -- 037838: not.b   D0
D0=FFFF00FE D1=1 D2=34A77168 D3=FFFF D4=10405140 D5=84418545 D6=84418545 D7=FFFF A0=10D01C A1=10D01D A2=4ABB4 A3=108FAA A4=108100 A5=108000 A6=10B9CA PC=3783A -- 03783A: and.b   D0, ($7e6,A5)
D0=FFFF00FE D1=1 D2=34A77168 D3=FFFF D4=10405140 D5=84418545 D6=84418545 D7=FFFF A0=10D01C A1=10D01D A2=4ABB4 A3=108FAA A4=108100 A5=108000 A6=10B9CA PC=3783E -- 03783E: lsl.b   #2, D1
D0=FFFF00FE D1=4 D2=34A77168 D3=FFFF D4=10405140 D5=84418545 D6=84418545 D7=FFFF A0=10D01C A1=10D01D A2=4ABB4 A3=108FAA A4=108100 A5=108000 A6=10B9CA PC=37840 -- 037840: or.b    D1, ($7e6,A5)
D0=FFFF00FE D1=4 D2=34A77168 D3=FFFF D4=10405140 D5=84418545 D6=84418545 D7=FFFF A0=10D01C A1=10D01D A2=4ABB4 A3=108FAA A4=108100 A5=108000 A6=10B9CA PC=37844 -- 037844: move.b  ($131,A4), ($7de,A5)
D0=FFFF00FE D1=4 D2=34A77168 D3=FFFF D4=10405140 D5=84418545 D6=84418545 D7=FFFF A0=10D01C A1=10D01D A2=4ABB4 A3=108FAA A4=108100 A5=108000 A6=10B9CA PC=3784A -- 03784A: move.l  #$372bc, (A4)
D0=FFFF00FE D1=4 D2=34A77168 D3=FFFF D4=10405140 D5=84418545 D6=84418545 D7=FFFF A0=10D01C A1=10D01D A2=4ABB4 A3=108FAA A4=108100 A5=108000 A6=10B9CA PC=37850 -- 037850: rts
D0=FFFF00FE D1=4 D2=34A77168 D3=FFFF D4=10405140 D5=84418545 D6=84418545 D7=FFFF A0=10D01C A1=10D01D A2=4ABB4 A3=108FAA A4=108100 A5=108000 A6=10B9CA PC=37462 -- 037462: rts
D0=FFFF00FE D1=4 D2=34A77168 D3=FFFF D4=10405140 D5=84418545 D6=84418545 D7=FFFF A0=10D01C A1=10D01D A2=4ABB4 A3=108FAA A4=108100 A5=108000 A6=10B9CA PC=372B8 -- 0372B8: bra     $36eac
D0=FFFF00FE D1=4 D2=34A77168 D3=FFFF D4=10405140 D5=84418545 D6=84418545 D7=FFFF A0=10D01C A1=10D01D A2=4ABB4 A3=108FAA A4=108100 A5=108000 A6=10B9CA PC=36EAC -- 036EAC: jsr     $48e6.w
D0=FFFF00FE D1=4 D2=34A77168 D3=FFFF D4=10405140 D5=84418545 D6=84418545 D7=FFFF A0=10D01C A1=10D01D A2=4ABB4 A3=108FAA A4=108100 A5=108000 A6=10B9CA PC=48E6 -- 0048E6: move.w  ($70,A4), D0
D0=FFFF001B D1=4 D2=34A77168 D3=FFFF D4=10405140 D5=84418545 D6=84418545 D7=FFFF A0=10D01C A1=10D01D A2=4ABB4 A3=108FAA A4=108100 A5=108000 A6=10B9CA PC=48EA -- 0048EA: cmp.b   ($78,A4), D0
D0=FFFF001B D1=4 D2=34A77168 D3=FFFF D4=10405140 D5=84418545 D6=84418545 D7=FFFF A0=10D01C A1=10D01D A2=4ABB4 A3=108FAA A4=108100 A5=108000 A6=10B9CA PC=48EE -- 0048EE: bne     $491c
D0=FFFF001B D1=4 D2=34A77168 D3=FFFF D4=10405140 D5=84418545 D6=84418545 D7=FFFF A0=10D01C A1=10D01D A2=4ABB4 A3=108FAA A4=108100 A5=108000 A6=10B9CA PC=48F0 -- 0048F0: move.w  ($72,A4), D0
D0=FFFF0044 D1=4 D2=34A77168 D3=FFFF D4=10405140 D5=84418545 D6=84418545 D7=FFFF A0=10D01C A1=10D01D A2=4ABB4 A3=108FAA A4=108100 A5=108000 A6=10B9CA PC=48F4 -- 0048F4: cmp.b   ($79,A4), D0
D0=FFFF0044 D1=4 D2=34A77168 D3=FFFF D4=10405140 D5=84418545 D6=84418545 D7=FFFF A0=10D01C A1=10D01D A2=4ABB4 A3=108FAA A4=108100 A5=108000 A6=10B9CA PC=48F8 -- 0048F8: bne     $493c
D0=FFFF0044 D1=4 D2=34A77168 D3=FFFF D4=10405140 D5=84418545 D6=84418545 D7=FFFF A0=10D01C A1=10D01D A2=4ABB4 A3=108FAA A4=108100 A5=108000 A6=10B9CA PC=493C -- 00493C: move.b  D0, ($79,A4)
D0=FFFF0044 D1=4 D2=34A77168 D3=FFFF D4=10405140 D5=84418545 D6=84418545 D7=FFFF A0=10D01C A1=10D01D A2=4ABB4 A3=108FAA A4=108100 A5=108000 A6=10B9CA PC=4940 -- 004940: clr.w   ($74,A4)
D0=FFFF0044 D1=4 D2=34A77168 D3=FFFF D4=10405140 D5=84418545 D6=84418545 D7=FFFF A0=10D01C A1=10D01D A2=4ABB4 A3=108FAA A4=108100 A5=108000 A6=10B9CA PC=4944 -- 004944: clr.w   ($7e,A4)
D0=FFFF0044 D1=4 D2=34A77168 D3=FFFF D4=10405140 D5=84418545 D6=84418545 D7=FFFF A0=10D01C A1=10D01D A2=4ABB4 A3=108FAA A4=108100 A5=108000 A6=10B9CA PC=4948 -- 004948: clr.b   ($7d,A4)
D0=FFFF0044 D1=4 D2=34A77168 D3=FFFF D4=10405140 D5=84418545 D6=84418545 D7=FFFF A0=10D01C A1=10D01D A2=4ABB4 A3=108FAA A4=108100 A5=108000 A6=10B9CA PC=494C -- 00494C: andi.w  #$efff, ($e6,A4)
D0=FFFF0044 D1=4 D2=34A77168 D3=FFFF D4=10405140 D5=84418545 D6=84418545 D7=FFFF A0=10D01C A1=10D01D A2=4ABB4 A3=108FAA A4=108100 A5=108000 A6=10B9CA PC=4952 -- 004952: bsr     $49f8
D0=FFFF0044 D1=4 D2=34A77168 D3=FFFF D4=10405140 D5=84418545 D6=84418545 D7=FFFF A0=10D01C A1=10D01D A2=4ABB4 A3=108FAA A4=108100 A5=108000 A6=10B9CA PC=49F8 -- 0049F8: lea     ($90,A4), A0
D0=FFFF0044 D1=4 D2=34A77168 D3=FFFF D4=10405140 D5=84418545 D6=84418545 D7=FFFF A0=108190 A1=10D01D A2=4ABB4 A3=108FAA A4=108100 A5=108000 A6=10B9CA PC=49FC -- 0049FC: clr.b   (A0)
D0=FFFF0044 D1=4 D2=34A77168 D3=FFFF D4=10405140 D5=84418545 D6=84418545 D7=FFFF A0=108190 A1=10D01D A2=4ABB4 A3=108FAA A4=108100 A5=108000 A6=10B9CA PC=49FE -- 0049FE: clr.b   ($5,A0)
D0=FFFF0044 D1=4 D2=34A77168 D3=FFFF D4=10405140 D5=84418545 D6=84418545 D7=FFFF A0=108190 A1=10D01D A2=4ABB4 A3=108FAA A4=108100 A5=108000 A6=10B9CA PC=4A02 -- 004A02: clr.b   ($a,A0)
D0=FFFF0044 D1=4 D2=34A77168 D3=FFFF D4=10405140 D5=84418545 D6=84418545 D7=FFFF A0=108190 A1=10D01D A2=4ABB4 A3=108FAA A4=108100 A5=108000 A6=10B9CA PC=4A06 -- 004A06: clr.b   ($f,A0)
D0=FFFF0044 D1=4 D2=34A77168 D3=FFFF D4=10405140 D5=84418545 D6=84418545 D7=FFFF A0=108190 A1=10D01D A2=4ABB4 A3=108FAA A4=108100 A5=108000 A6=10B9CA PC=4A0A -- 004A0A: rts
D0=FFFF0044 D1=4 D2=34A77168 D3=FFFF D4=10405140 D5=84418545 D6=84418545 D7=FFFF A0=108190 A1=10D01D A2=4ABB4 A3=108FAA A4=108100 A5=108000 A6=10B9CA PC=4956 -- 004956: bsr     $4962
D0=FFFF0044 D1=4 D2=34A77168 D3=FFFF D4=10405140 D5=84418545 D6=84418545 D7=FFFF A0=108190 A1=10D01D A2=4ABB4 A3=108FAA A4=108100 A5=108000 A6=10B9CA PC=4962 -- 004962: lea     $7bf48.l, A0
D0=FFFF0044 D1=4 D2=34A77168 D3=FFFF D4=10405140 D5=84418545 D6=84418545 D7=FFFF A0=7BF48 A1=10D01D A2=4ABB4 A3=108FAA A4=108100 A5=108000 A6=10B9CA PC=4968 -- 004968: move.w  ($70,A4), D0
D0=FFFF001B D1=4 D2=34A77168 D3=FFFF D4=10405140 D5=84418545 D6=84418545 D7=FFFF A0=7BF48 A1=10D01D A2=4ABB4 A3=108FAA A4=108100 A5=108000 A6=10B9CA PC=496C -- 00496C: add.w   D0, D0
D0=FFFF0036 D1=4 D2=34A77168 D3=FFFF D4=10405140 D5=84418545 D6=84418545 D7=FFFF A0=7BF48 A1=10D01D A2=4ABB4 A3=108FAA A4=108100 A5=108000 A6=10B9CA PC=496E -- 00496E: add.w   D0, D0
D0=FFFF006C D1=4 D2=34A77168 D3=FFFF D4=10405140 D5=84418545 D6=84418545 D7=FFFF A0=7BF48 A1=10D01D A2=4ABB4 A3=108FAA A4=108100 A5=108000 A6=10B9CA PC=4970 -- 004970: movea.l (A0,D0.w), A0
D0=FFFF006C D1=4 D2=34A77168 D3=FFFF D4=10405140 D5=84418545 D6=84418545 D7=FFFF A0=7F5E0 A1=10D01D A2=4ABB4 A3=108FAA A4=108100 A5=108000 A6=10B9CA PC=4974 -- 004974: move.w  ($72,A4), D0
D0=FFFF0044 D1=4 D2=34A77168 D3=FFFF D4=10405140 D5=84418545 D6=84418545 D7=FFFF A0=7F5E0 A1=10D01D A2=4ABB4 A3=108FAA A4=108100 A5=108000 A6=10B9CA PC=4978 -- 004978: add.w   D0, D0
D0=FFFF0088 D1=4 D2=34A77168 D3=FFFF D4=10405140 D5=84418545 D6=84418545 D7=FFFF A0=7F5E0 A1=10D01D A2=4ABB4 A3=108FAA A4=108100 A5=108000 A6=10B9CA PC=497A -- 00497A: move.w  (A0,D0.w), ($46de,A5)
D0=FFFF0088 D1=4 D2=34A77168 D3=FFFF D4=10405140 D5=84418545 D6=84418545 D7=FFFF A0=7F5E0 A1=10D01D A2=4ABB4 A3=108FAA A4=108100 A5=108000 A6=10B9CA PC=4980 -- 004980: lea     $80000.l, A0
D0=FFFF0088 D1=4 D2=34A77168 D3=FFFF D4=10405140 D5=84418545 D6=84418545 D7=FFFF A0=80000 A1=10D01D A2=4ABB4 A3=108FAA A4=108100 A5=108000 A6=10B9CA PC=4986 -- 004986: move.w  ($70,A4), D0
D0=FFFF001B D1=4 D2=34A77168 D3=FFFF D4=10405140 D5=84418545 D6=84418545 D7=FFFF A0=80000 A1=10D01D A2=4ABB4 A3=108FAA A4=108100 A5=108000 A6=10B9CA PC=498A -- 00498A: add.w   D0, D0
D0=FFFF0036 D1=4 D2=34A77168 D3=FFFF D4=10405140 D5=84418545 D6=84418545 D7=FFFF A0=80000 A1=10D01D A2=4ABB4 A3=108FAA A4=108100 A5=108000 A6=10B9CA PC=498C -- 00498C: add.w   D0, D0
D0=FFFF006C D1=4 D2=34A77168 D3=FFFF D4=10405140 D5=84418545 D6=84418545 D7=FFFF A0=80000 A1=10D01D A2=4ABB4 A3=108FAA A4=108100 A5=108000 A6=10B9CA PC=498E -- 00498E: movea.l (A0,D0.w), A0
D0=FFFF006C D1=4 D2=34A77168 D3=FFFF D4=10405140 D5=84418545 D6=84418545 D7=FFFF A0=86E00 A1=10D01D A2=4ABB4 A3=108FAA A4=108100 A5=108000 A6=10B9CA PC=4992 -- 004992: move.w  ($46de,A5), D0
D0=FFFF4444 D1=4 D2=34A77168 D3=FFFF D4=10405140 D5=84418545 D6=84418545 D7=FFFF A0=86E00 A1=10D01D A2=4ABB4 A3=108FAA A4=108100 A5=108000 A6=10B9CA PC=4996 -- 004996: tst.b   ($46e2,A5)
D0=FFFF4444 D1=4 D2=34A77168 D3=FFFF D4=10405140 D5=84418545 D6=84418545 D7=FFFF A0=86E00 A1=10D01D A2=4ABB4 A3=108FAA A4=108100 A5=108000 A6=10B9CA PC=499A -- 00499A: beq     $49a0
D0=FFFF4444 D1=4 D2=34A77168 D3=FFFF D4=10405140 D5=84418545 D6=84418545 D7=FFFF A0=86E00 A1=10D01D A2=4ABB4 A3=108FAA A4=108100 A5=108000 A6=10B9CA PC=49A0 -- 0049A0: andi.w  #$ff, D0
D0=FFFF0044 D1=4 D2=34A77168 D3=FFFF D4=10405140 D5=84418545 D6=84418545 D7=FFFF A0=86E00 A1=10D01D A2=4ABB4 A3=108FAA A4=108100 A5=108000 A6=10B9CA PC=49A4 -- 0049A4: add.w   D0, D0
D0=FFFF0088 D1=4 D2=34A77168 D3=FFFF D4=10405140 D5=84418545 D6=84418545 D7=FFFF A0=86E00 A1=10D01D A2=4ABB4 A3=108FAA A4=108100 A5=108000 A6=10B9CA PC=49A6 -- 0049A6: add.w   D0, D0
D0=FFFF0110 D1=4 D2=34A77168 D3=FFFF D4=10405140 D5=84418545 D6=84418545 D7=FFFF A0=86E00 A1=10D01D A2=4ABB4 A3=108FAA A4=108100 A5=108000 A6=10B9CA PC=49A8 -- 0049A8: movea.l (A0,D0.w), A0
D0=FFFF0110 D1=4 D2=34A77168 D3=FFFF D4=10405140 D5=84418545 D6=84418545 D7=FFFF A0=F31A2 A1=10D01D A2=4ABB4 A3=108FAA A4=108100 A5=108000 A6=10B9CA PC=49AC -- 0049AC: move.w  ($74,A4), D0
D0=FFFF0000 D1=4 D2=34A77168 D3=FFFF D4=10405140 D5=84418545 D6=84418545 D7=FFFF A0=F31A2 A1=10D01D A2=4ABB4 A3=108FAA A4=108100 A5=108000 A6=10B9CA PC=49B0 -- 0049B0: adda.w  D0, A0
D0=FFFF0000 D1=4 D2=34A77168 D3=FFFF D4=10405140 D5=84418545 D6=84418545 D7=FFFF A0=F31A2 A1=10D01D A2=4ABB4 A3=108FAA A4=108100 A5=108000 A6=10B9CA PC=49B2 -- 0049B2: move.b  (A0), ($76,A4)
D0=FFFF0000 D1=4 D2=34A77168 D3=FFFF D4=10405140 D5=84418545 D6=84418545 D7=FFFF A0=F31A2 A1=10D01D A2=4ABB4 A3=108FAA A4=108100 A5=108000 A6=10B9CA PC=49B6 -- 0049B6: bmi     $4a22
D0=FFFF0000 D1=4 D2=34A77168 D3=FFFF D4=10405140 D5=84418545 D6=84418545 D7=FFFF A0=F31A2 A1=10D01D A2=4ABB4 A3=108FAA A4=108100 A5=108000 A6=10B9CA PC=49BA -- 0049BA: move.b  ($81,A4), D0
D0=FFFF0000 D1=4 D2=34A77168 D3=FFFF D4=10405140 D5=84418545 D6=84418545 D7=FFFF A0=F31A2 A1=10D01D A2=4ABB4 A3=108FAA A4=108100 A5=108000 A6=10B9CA PC=49BE -- 0049BE: tst.b   ($7d,A4)
D0=FFFF0000 D1=4 D2=34A77168 D3=FFFF D4=10405140 D5=84418545 D6=84418545 D7=FFFF A0=F31A2 A1=10D01D A2=4ABB4 A3=108FAA A4=108100 A5=108000 A6=10B9CA PC=49C2 -- 0049C2: beq     $49c8
D0=FFFF0000 D1=4 D2=34A77168 D3=FFFF D4=10405140 D5=84418545 D6=84418545 D7=FFFF A0=F31A2 A1=10D01D A2=4ABB4 A3=108FAA A4=108100 A5=108000 A6=10B9CA PC=49C8 -- 0049C8: add.b   ($7d,A4), D0
D0=FFFF0000 D1=4 D2=34A77168 D3=FFFF D4=10405140 D5=84418545 D6=84418545 D7=FFFF A0=F31A2 A1=10D01D A2=4ABB4 A3=108FAA A4=108100 A5=108000 A6=10B9CA PC=49CC -- 0049CC: add.b   D0, ($76,A4)
D0=FFFF0000 D1=4 D2=34A77168 D3=FFFF D4=10405140 D5=84418545 D6=84418545 D7=FFFF A0=F31A2 A1=10D01D A2=4ABB4 A3=108FAA A4=108100 A5=108000 A6=10B9CA PC=49D0 -- 0049D0: bgt     $49d8
D0=FFFF0000 D1=4 D2=34A77168 D3=FFFF D4=10405140 D5=84418545 D6=84418545 D7=FFFF A0=F31A2 A1=10D01D A2=4ABB4 A3=108FAA A4=108100 A5=108000 A6=10B9CA PC=49D8 -- 0049D8: addq.w  #1, ($7e,A4)
D0=FFFF0000 D1=4 D2=34A77168 D3=FFFF D4=10405140 D5=84418545 D6=84418545 D7=FFFF A0=F31A2 A1=10D01D A2=4ABB4 A3=108FAA A4=108100 A5=108000 A6=10B9CA PC=49DC -- 0049DC: move.b  ($4,A0), ($7a,A4)
D0=FFFF0000 D1=4 D2=34A77168 D3=FFFF D4=10405140 D5=84418545 D6=84418545 D7=FFFF A0=F31A2 A1=10D01D A2=4ABB4 A3=108FAA A4=108100 A5=108000 A6=10B9CA PC=49E2 -- 0049E2: move.b  ($5,A0), ($7b,A4)
D0=FFFF0000 D1=4 D2=34A77168 D3=FFFF D4=10405140 D5=84418545 D6=84418545 D7=FFFF A0=F31A2 A1=10D01D A2=4ABB4 A3=108FAA A4=108100 A5=108000 A6=10B9CA PC=49E8 -- 0049E8: move.l  (A0), D0
D0=10F12C0 D1=4 D2=34A77168 D3=FFFF D4=10405140 D5=84418545 D6=84418545 D7=FFFF A0=F31A2 A1=10D01D A2=4ABB4 A3=108FAA A4=108100 A5=108000 A6=10B9CA PC=49EA -- 0049EA: movea.l D0, A0
D0=10F12C0 D1=4 D2=34A77168 D3=FFFF D4=10405140 D5=84418545 D6=84418545 D7=FFFF A0=10F12C0 A1=10D01D A2=4ABB4 A3=108FAA A4=108100 A5=108000 A6=10B9CA PC=49EC -- 0049EC: move.w  (A0), ($6a,A4)
D0=10F12C0 D1=4 D2=34A77168 D3=FFFF D4=10405140 D5=84418545 D6=84418545 D7=FFFF A0=10F12C0 A1=10D01D A2=4ABB4 A3=108FAA A4=108100 A5=108000 A6=10B9CA PC=49F0 -- 0049F0: move.w  ($2,A0), ($6c,A4)
D0=10F12C0 D1=4 D2=34A77168 D3=FFFF D4=10405140 D5=84418545 D6=84418545 D7=FFFF A0=10F12C0 A1=10D01D A2=4ABB4 A3=108FAA A4=108100 A5=108000 A6=10B9CA PC=49F6 -- 0049F6: rts
D0=10F12C0 D1=4 D2=34A77168 D3=FFFF D4=10405140 D5=84418545 D6=84418545 D7=FFFF A0=10F12C0 A1=10D01D A2=4ABB4 A3=108FAA A4=108100 A5=108000 A6=10B9CA PC=495A -- 00495A: bra     $4906
D0=10F12C0 D1=4 D2=34A77168 D3=FFFF D4=10405140 D5=84418545 D6=84418545 D7=FFFF A0=10F12C0 A1=10D01D A2=4ABB4 A3=108FAA A4=108100 A5=108000 A6=10B9CA PC=4906 -- 004906: subq.b  #1, ($76,A4)
D0=10F12C0 D1=4 D2=34A77168 D3=FFFF D4=10405140 D5=84418545 D6=84418545 D7=FFFF A0=10F12C0 A1=10D01D A2=4ABB4 A3=108FAA A4=108100 A5=108000 A6=10B9CA PC=490A -- 00490A: bhi     $491a
D0=10F12C0 D1=4 D2=34A77168 D3=FFFF D4=10405140 D5=84418545 D6=84418545 D7=FFFF A0=10F12C0 A1=10D01D A2=4ABB4 A3=108FAA A4=108100 A5=108000 A6=10B9CA PC=490C -- 00490C: andi.w  #$efff, ($e6,A4)
D0=10F12C0 D1=4 D2=34A77168 D3=FFFF D4=10405140 D5=84418545 D6=84418545 D7=FFFF A0=10F12C0 A1=10D01D A2=4ABB4 A3=108FAA A4=108100 A5=108000 A6=10B9CA PC=4912 -- 004912: addq.w  #6, ($74,A4)
D0=10F12C0 D1=4 D2=34A77168 D3=FFFF D4=10405140 D5=84418545 D6=84418545 D7=FFFF A0=10F12C0 A1=10D01D A2=4ABB4 A3=108FAA A4=108100 A5=108000 A6=10B9CA PC=4916 -- 004916: bsr     $4962
D0=10F12C0 D1=4 D2=34A77168 D3=FFFF D4=10405140 D5=84418545 D6=84418545 D7=FFFF A0=10F12C0 A1=10D01D A2=4ABB4 A3=108FAA A4=108100 A5=108000 A6=10B9CA PC=4962 -- 004962: lea     $7bf48.l, A0
D0=10F12C0 D1=4 D2=34A77168 D3=FFFF D4=10405140 D5=84418545 D6=84418545 D7=FFFF A0=7BF48 A1=10D01D A2=4ABB4 A3=108FAA A4=108100 A5=108000 A6=10B9CA PC=4968 -- 004968: move.w  ($70,A4), D0
D0=10F001B D1=4 D2=34A77168 D3=FFFF D4=10405140 D5=84418545 D6=84418545 D7=FFFF A0=7BF48 A1=10D01D A2=4ABB4 A3=108FAA A4=108100 A5=108000 A6=10B9CA PC=496C -- 00496C: add.w   D0, D0
D0=10F0036 D1=4 D2=34A77168 D3=FFFF D4=10405140 D5=84418545 D6=84418545 D7=FFFF A0=7BF48 A1=10D01D A2=4ABB4 A3=108FAA A4=108100 A5=108000 A6=10B9CA PC=496E -- 00496E: add.w   D0, D0
D0=10F006C D1=4 D2=34A77168 D3=FFFF D4=10405140 D5=84418545 D6=84418545 D7=FFFF A0=7BF48 A1=10D01D A2=4ABB4 A3=108FAA A4=108100 A5=108000 A6=10B9CA PC=4970 -- 004970: movea.l (A0,D0.w), A0
D0=10F006C D1=4 D2=34A77168 D3=FFFF D4=10405140 D5=84418545 D6=84418545 D7=FFFF A0=7F5E0 A1=10D01D A2=4ABB4 A3=108FAA A4=108100 A5=108000 A6=10B9CA PC=4974 -- 004974: move.w  ($72,A4), D0
D0=10F0044 D1=4 D2=34A77168 D3=FFFF D4=10405140 D5=84418545 D6=84418545 D7=FFFF A0=7F5E0 A1=10D01D A2=4ABB4 A3=108FAA A4=108100 A5=108000 A6=10B9CA PC=4978 -- 004978: add.w   D0, D0
D0=10F0088 D1=4 D2=34A77168 D3=FFFF D4=10405140 D5=84418545 D6=84418545 D7=FFFF A0=7F5E0 A1=10D01D A2=4ABB4 A3=108FAA A4=108100 A5=108000 A6=10B9CA PC=497A -- 00497A: move.w  (A0,D0.w), ($46de,A5)
D0=10F0088 D1=4 D2=34A77168 D3=FFFF D4=10405140 D5=84418545 D6=84418545 D7=FFFF A0=7F5E0 A1=10D01D A2=4ABB4 A3=108FAA A4=108100 A5=108000 A6=10B9CA PC=4980 -- 004980: lea     $80000.l, A0
D0=10F0088 D1=4 D2=34A77168 D3=FFFF D4=10405140 D5=84418545 D6=84418545 D7=FFFF A0=80000 A1=10D01D A2=4ABB4 A3=108FAA A4=108100 A5=108000 A6=10B9CA PC=4986 -- 004986: move.w  ($70,A4), D0
D0=10F001B D1=4 D2=34A77168 D3=FFFF D4=10405140 D5=84418545 D6=84418545 D7=FFFF A0=80000 A1=10D01D A2=4ABB4 A3=108FAA A4=108100 A5=108000 A6=10B9CA PC=498A -- 00498A: add.w   D0, D0
D0=10F0036 D1=4 D2=34A77168 D3=FFFF D4=10405140 D5=84418545 D6=84418545 D7=FFFF A0=80000 A1=10D01D A2=4ABB4 A3=108FAA A4=108100 A5=108000 A6=10B9CA PC=498C -- 00498C: add.w   D0, D0
D0=10F006C D1=4 D2=34A77168 D3=FFFF D4=10405140 D5=84418545 D6=84418545 D7=FFFF A0=80000 A1=10D01D A2=4ABB4 A3=108FAA A4=108100 A5=108000 A6=10B9CA PC=498E -- 00498E: movea.l (A0,D0.w), A0
D0=10F006C D1=4 D2=34A77168 D3=FFFF D4=10405140 D5=84418545 D6=84418545 D7=FFFF A0=86E00 A1=10D01D A2=4ABB4 A3=108FAA A4=108100 A5=108000 A6=10B9CA PC=4992 -- 004992: move.w  ($46de,A5), D0
D0=10F4444 D1=4 D2=34A77168 D3=FFFF D4=10405140 D5=84418545 D6=84418545 D7=FFFF A0=86E00 A1=10D01D A2=4ABB4 A3=108FAA A4=108100 A5=108000 A6=10B9CA PC=4996 -- 004996: tst.b   ($46e2,A5)
D0=10F4444 D1=4 D2=34A77168 D3=FFFF D4=10405140 D5=84418545 D6=84418545 D7=FFFF A0=86E00 A1=10D01D A2=4ABB4 A3=108FAA A4=108100 A5=108000 A6=10B9CA PC=499A -- 00499A: beq     $49a0
D0=10F4444 D1=4 D2=34A77168 D3=FFFF D4=10405140 D5=84418545 D6=84418545 D7=FFFF A0=86E00 A1=10D01D A2=4ABB4 A3=108FAA A4=108100 A5=108000 A6=10B9CA PC=49A0 -- 0049A0: andi.w  #$ff, D0
D0=10F0044 D1=4 D2=34A77168 D3=FFFF D4=10405140 D5=84418545 D6=84418545 D7=FFFF A0=86E00 A1=10D01D A2=4ABB4 A3=108FAA A4=108100 A5=108000 A6=10B9CA PC=49A4 -- 0049A4: add.w   D0, D0
D0=10F0088 D1=4 D2=34A77168 D3=FFFF D4=10405140 D5=84418545 D6=84418545 D7=FFFF A0=86E00 A1=10D01D A2=4ABB4 A3=108FAA A4=108100 A5=108000 A6=10B9CA PC=49A6 -- 0049A6: add.w   D0, D0
D0=10F0110 D1=4 D2=34A77168 D3=FFFF D4=10405140 D5=84418545 D6=84418545 D7=FFFF A0=86E00 A1=10D01D A2=4ABB4 A3=108FAA A4=108100 A5=108000 A6=10B9CA PC=49A8 -- 0049A8: movea.l (A0,D0.w), A0
D0=10F0110 D1=4 D2=34A77168 D3=FFFF D4=10405140 D5=84418545 D6=84418545 D7=FFFF A0=F31A2 A1=10D01D A2=4ABB4 A3=108FAA A4=108100 A5=108000 A6=10B9CA PC=49AC -- 0049AC: move.w  ($74,A4), D0
D0=10F0006 D1=4 D2=34A77168 D3=FFFF D4=10405140 D5=84418545 D6=84418545 D7=FFFF A0=F31A2 A1=10D01D A2=4ABB4 A3=108FAA A4=108100 A5=108000 A6=10B9CA PC=49B0 -- 0049B0: adda.w  D0, A0
D0=10F0006 D1=4 D2=34A77168 D3=FFFF D4=10405140 D5=84418545 D6=84418545 D7=FFFF A0=F31A8 A1=10D01D A2=4ABB4 A3=108FAA A4=108100 A5=108000 A6=10B9CA PC=49B2 -- 0049B2: move.b  (A0), ($76,A4)
D0=10F0006 D1=4 D2=34A77168 D3=FFFF D4=10405140 D5=84418545 D6=84418545 D7=FFFF A0=F31A8 A1=10D01D A2=4ABB4 A3=108FAA A4=108100 A5=108000 A6=10B9CA PC=49B6 -- 0049B6: bmi     $4a22
D0=10F0006 D1=4 D2=34A77168 D3=FFFF D4=10405140 D5=84418545 D6=84418545 D7=FFFF A0=F31A8 A1=10D01D A2=4ABB4 A3=108FAA A4=108100 A5=108000 A6=10B9CA PC=4A22 -- 004A22: addq.w  #6, ($74,A4)
D0=10F0006 D1=4 D2=34A77168 D3=FFFF D4=10405140 D5=84418545 D6=84418545 D7=FFFF A0=F31A8 A1=10D01D A2=4ABB4 A3=108FAA A4=108100 A5=108000 A6=10B9CA PC=4A26 -- 004A26: moveq   #$0, D0
D0=0 D1=4 D2=34A77168 D3=FFFF D4=10405140 D5=84418545 D6=84418545 D7=FFFF A0=F31A8 A1=10D01D A2=4ABB4 A3=108FAA A4=108100 A5=108000 A6=10B9CA PC=4A28 -- 004A28: move.b  (A0), D0
D0=FE D1=4 D2=34A77168 D3=FFFF D4=10405140 D5=84418545 D6=84418545 D7=FFFF A0=F31A8 A1=10D01D A2=4ABB4 A3=108FAA A4=108100 A5=108000 A6=10B9CA PC=4A2A -- 004A2A: neg.b   D0
D0=2 D1=4 D2=34A77168 D3=FFFF D4=10405140 D5=84418545 D6=84418545 D7=FFFF A0=F31A8 A1=10D01D A2=4ABB4 A3=108FAA A4=108100 A5=108000 A6=10B9CA PC=4A2C -- 004A2C: subq.b  #1, D0
D0=1 D1=4 D2=34A77168 D3=FFFF D4=10405140 D5=84418545 D6=84418545 D7=FFFF A0=F31A8 A1=10D01D A2=4ABB4 A3=108FAA A4=108100 A5=108000 A6=10B9CA PC=4A2E -- 004A2E: add.w   D0, D0
D0=2 D1=4 D2=34A77168 D3=FFFF D4=10405140 D5=84418545 D6=84418545 D7=FFFF A0=F31A8 A1=10D01D A2=4ABB4 A3=108FAA A4=108100 A5=108000 A6=10B9CA PC=4A30 -- 004A30: add.w   D0, D0
D0=4 D1=4 D2=34A77168 D3=FFFF D4=10405140 D5=84418545 D6=84418545 D7=FFFF A0=F31A8 A1=10D01D A2=4ABB4 A3=108FAA A4=108100 A5=108000 A6=10B9CA PC=4A32 -- 004A32: lea     ($e,PC) ; ($4a42), A1
D0=4 D1=4 D2=34A77168 D3=FFFF D4=10405140 D5=84418545 D6=84418545 D7=FFFF A0=F31A8 A1=4A42 A2=4ABB4 A3=108FAA A4=108100 A5=108000 A6=10B9CA PC=4A36 -- 004A36: nop
D0=4 D1=4 D2=34A77168 D3=FFFF D4=10405140 D5=84418545 D6=84418545 D7=FFFF A0=F31A8 A1=4A42 A2=4ABB4 A3=108FAA A4=108100 A5=108000 A6=10B9CA PC=4A38 -- 004A38: movea.l (A1,D0.w), A1
D0=4 D1=4 D2=34A77168 D3=FFFF D4=10405140 D5=84418545 D6=84418545 D7=FFFF A0=F31A8 A1=4A64 A2=4ABB4 A3=108FAA A4=108100 A5=108000 A6=10B9CA PC=4A3C -- 004A3C: jsr     (A1)
D0=4 D1=4 D2=34A77168 D3=FFFF D4=10405140 D5=84418545 D6=84418545 D7=FFFF A0=F31A8 A1=4A64 A2=4ABB4 A3=108FAA A4=108100 A5=108000 A6=10B9CA PC=4A64 -- 004A64: ori.b   #$80, ($7a,A4)
D0=4 D1=4 D2=34A77168 D3=FFFF D4=10405140 D5=84418545 D6=84418545 D7=FFFF A0=F31A8 A1=4A64 A2=4ABB4 A3=108FAA A4=108100 A5=108000 A6=10B9CA PC=4A6A -- 004A6A: subi.w  #$c, ($74,A4)
D0=4 D1=4 D2=34A77168 D3=FFFF D4=10405140 D5=84418545 D6=84418545 D7=FFFF A0=F31A8 A1=4A64 A2=4ABB4 A3=108FAA A4=108100 A5=108000 A6=10B9CA PC=4A70 -- 004A70: addq.l  #8, A7
D0=4 D1=4 D2=34A77168 D3=FFFF D4=10405140 D5=84418545 D6=84418545 D7=FFFF A0=F31A8 A1=4A64 A2=4ABB4 A3=108FAA A4=108100 A5=108000 A6=10B9CA PC=4A72 -- 004A72: rts
D0=4 D1=4 D2=34A77168 D3=FFFF D4=10405140 D5=84418545 D6=84418545 D7=FFFF A0=F31A8 A1=4A64 A2=4ABB4 A3=108FAA A4=108100 A5=108000 A6=10B9CA PC=36EB0 -- 036EB0: jmp     $3e2e.w
D0=4 D1=4 D2=34A77168 D3=FFFF D4=10405140 D5=84418545 D6=84418545 D7=FFFF A0=F31A8 A1=4A64 A2=4ABB4 A3=108FAA A4=108100 A5=108000 A6=10B9CA PC=3E2E -- 003E2E: tst.w   ($74,A4)
D0=4 D1=4 D2=34A77168 D3=FFFF D4=10405140 D5=84418545 D6=84418545 D7=FFFF A0=F31A8 A1=4A64 A2=4ABB4 A3=108FAA A4=108100 A5=108000 A6=10B9CA PC=3E32 -- 003E32: bmi     $3e80
D0=4 D1=4 D2=34A77168 D3=FFFF D4=10405140 D5=84418545 D6=84418545 D7=FFFF A0=F31A8 A1=4A64 A2=4ABB4 A3=108FAA A4=108100 A5=108000 A6=10B9CA PC=3E34 -- 003E34: btst    #$6, ($7c,A4)
D0=4 D1=4 D2=34A77168 D3=FFFF D4=10405140 D5=84418545 D6=84418545 D7=FFFF A0=F31A8 A1=4A64 A2=4ABB4 A3=108FAA A4=108100 A5=108000 A6=10B9CA PC=3E3A -- 003E3A: bne     $3e78
D0=4 D1=4 D2=34A77168 D3=FFFF D4=10405140 D5=84418545 D6=84418545 D7=FFFF A0=F31A8 A1=4A64 A2=4ABB4 A3=108FAA A4=108100 A5=108000 A6=10B9CA PC=3E3E -- 003E3E: moveq   #$0, D3
D0=4 D1=4 D2=34A77168 D3=0 D4=10405140 D5=84418545 D6=84418545 D7=FFFF A0=F31A8 A1=4A64 A2=4ABB4 A3=108FAA A4=108100 A5=108000 A6=10B9CA PC=3E40 -- 003E40: move.b  ($82,A4), D3
D0=4 D1=4 D2=34A77168 D3=0 D4=10405140 D5=84418545 D6=84418545 D7=FFFF A0=F31A8 A1=4A64 A2=4ABB4 A3=108FAA A4=108100 A5=108000 A6=10B9CA PC=3E44 -- 003E44: add.w   D3, D3
D0=4 D1=4 D2=34A77168 D3=0 D4=10405140 D5=84418545 D6=84418545 D7=FFFF A0=F31A8 A1=4A64 A2=4ABB4 A3=108FAA A4=108100 A5=108000 A6=10B9CA PC=3E46 -- 003E46: add.w   D3, D3
D0=4 D1=4 D2=34A77168 D3=0 D4=10405140 D5=84418545 D6=84418545 D7=FFFF A0=F31A8 A1=4A64 A2=4ABB4 A3=108FAA A4=108100 A5=108000 A6=10B9CA PC=3E48 -- 003E48: move.w  ($18,A4), D0
D0=30 D1=4 D2=34A77168 D3=0 D4=10405140 D5=84418545 D6=84418545 D7=FFFF A0=F31A8 A1=4A64 A2=4ABB4 A3=108FAA A4=108100 A5=108000 A6=10B9CA PC=3E4C -- 003E4C: lea     ($104c,A5), A0
D0=30 D1=4 D2=34A77168 D3=0 D4=10405140 D5=84418545 D6=84418545 D7=FFFF A0=10904C A1=4A64 A2=4ABB4 A3=108FAA A4=108100 A5=108000 A6=10B9CA PC=3E50 -- 003E50: sub.w   (A0,D3.w), D0
D0=30 D1=4 D2=34A77168 D3=0 D4=10405140 D5=84418545 D6=84418545 D7=FFFF A0=10904C A1=4A64 A2=4ABB4 A3=108FAA A4=108100 A5=108000 A6=10B9CA PC=3E54 -- 003E54: addi.w  #$30, D0
D0=60 D1=4 D2=34A77168 D3=0 D4=10405140 D5=84418545 D6=84418545 D7=FFFF A0=10904C A1=4A64 A2=4ABB4 A3=108FAA A4=108100 A5=108000 A6=10B9CA PC=3E58 -- 003E58: cmpi.w  #$1a0, D0
D0=60 D1=4 D2=34A77168 D3=0 D4=10405140 D5=84418545 D6=84418545 D7=FFFF A0=10904C A1=4A64 A2=4ABB4 A3=108FAA A4=108100 A5=108000 A6=10B9CA PC=3E5C -- 003E5C: bls     $3e60
D0=60 D1=4 D2=34A77168 D3=0 D4=10405140 D5=84418545 D6=84418545 D7=FFFF A0=10904C A1=4A64 A2=4ABB4 A3=108FAA A4=108100 A5=108000 A6=10B9CA PC=3E60 -- 003E60: move.w  ($1c,A4), D0
D0=CB D1=4 D2=34A77168 D3=0 D4=10405140 D5=84418545 D6=84418545 D7=FFFF A0=10904C A1=4A64 A2=4ABB4 A3=108FAA A4=108100 A5=108000 A6=10B9CA PC=3E64 -- 003E64: sub.w   ($20,A4), D0
D0=CB D1=4 D2=34A77168 D3=0 D4=10405140 D5=84418545 D6=84418545 D7=FFFF A0=10904C A1=4A64 A2=4ABB4 A3=108FAA A4=108100 A5=108000 A6=10B9CA PC=3E68 -- 003E68: lea     ($1058,A5), A0
D0=CB D1=4 D2=34A77168 D3=0 D4=10405140 D5=84418545 D6=84418545 D7=FFFF A0=109058 A1=4A64 A2=4ABB4 A3=108FAA A4=108100 A5=108000 A6=10B9CA PC=3E6C -- 003E6C: sub.w   (A0,D3.w), D0
D0=CB D1=4 D2=34A77168 D3=0 D4=10405140 D5=84418545 D6=84418545 D7=FFFF A0=109058 A1=4A64 A2=4ABB4 A3=108FAA A4=108100 A5=108000 A6=10B9CA PC=3E70 -- 003E70: cmpi.w  #$1c0, D0
D0=CB D1=4 D2=34A77168 D3=0 D4=10405140 D5=84418545 D6=84418545 D7=FFFF A0=109058 A1=4A64 A2=4ABB4 A3=108FAA A4=108100 A5=108000 A6=10B9CA PC=3E74 -- 003E74: bls     $3e78
D0=CB D1=4 D2=34A77168 D3=0 D4=10405140 D5=84418545 D6=84418545 D7=FFFF A0=109058 A1=4A64 A2=4ABB4 A3=108FAA A4=108100 A5=108000 A6=10B9CA PC=3E78 -- 003E78: bsr     $4860
D0=CB D1=4 D2=34A77168 D3=0 D4=10405140 D5=84418545 D6=84418545 D7=FFFF A0=109058 A1=4A64 A2=4ABB4 A3=108FAA A4=108100 A5=108000 A6=10B9CA PC=4860 -- 004860: lea     $7bf48.l, A0
D0=CB D1=4 D2=34A77168 D3=0 D4=10405140 D5=84418545 D6=84418545 D7=FFFF A0=7BF48 A1=4A64 A2=4ABB4 A3=108FAA A4=108100 A5=108000 A6=10B9CA PC=4866 -- 004866: move.w  ($70,A4), D0
D0=1B D1=4 D2=34A77168 D3=0 D4=10405140 D5=84418545 D6=84418545 D7=FFFF A0=7BF48 A1=4A64 A2=4ABB4 A3=108FAA A4=108100 A5=108000 A6=10B9CA PC=486A -- 00486A: add.w   D0, D0
D0=36 D1=4 D2=34A77168 D3=0 D4=10405140 D5=84418545 D6=84418545 D7=FFFF A0=7BF48 A1=4A64 A2=4ABB4 A3=108FAA A4=108100 A5=108000 A6=10B9CA PC=486C -- 00486C: add.w   D0, D0
D0=6C D1=4 D2=34A77168 D3=0 D4=10405140 D5=84418545 D6=84418545 D7=FFFF A0=7BF48 A1=4A64 A2=4ABB4 A3=108FAA A4=108100 A5=108000 A6=10B9CA PC=486E -- 00486E: movea.l (A0,D0.w), A0
D0=6C D1=4 D2=34A77168 D3=0 D4=10405140 D5=84418545 D6=84418545 D7=FFFF A0=7F5E0 A1=4A64 A2=4ABB4 A3=108FAA A4=108100 A5=108000 A6=10B9CA PC=4872 -- 004872: move.w  ($72,A4), D0
D0=44 D1=4 D2=34A77168 D3=0 D4=10405140 D5=84418545 D6=84418545 D7=FFFF A0=7F5E0 A1=4A64 A2=4ABB4 A3=108FAA A4=108100 A5=108000 A6=10B9CA PC=4876 -- 004876: add.w   D0, D0
D0=88 D1=4 D2=34A77168 D3=0 D4=10405140 D5=84418545 D6=84418545 D7=FFFF A0=7F5E0 A1=4A64 A2=4ABB4 A3=108FAA A4=108100 A5=108000 A6=10B9CA PC=4878 -- 004878: move.w  (A0,D0.w), D1
D0=88 D1=4444 D2=34A77168 D3=0 D4=10405140 D5=84418545 D6=84418545 D7=FFFF A0=7F5E0 A1=4A64 A2=4ABB4 A3=108FAA A4=108100 A5=108000 A6=10B9CA PC=487C -- 00487C: move.w  D1, ($46de,A5)
D0=88 D1=4444 D2=34A77168 D3=0 D4=10405140 D5=84418545 D6=84418545 D7=FFFF A0=7F5E0 A1=4A64 A2=4ABB4 A3=108FAA A4=108100 A5=108000 A6=10B9CA PC=4880 -- 004880: lea     $80000.l, A0
D0=88 D1=4444 D2=34A77168 D3=0 D4=10405140 D5=84418545 D6=84418545 D7=FFFF A0=80000 A1=4A64 A2=4ABB4 A3=108FAA A4=108100 A5=108000 A6=10B9CA PC=4886 -- 004886: move.w  ($70,A4), D0
D0=1B D1=4444 D2=34A77168 D3=0 D4=10405140 D5=84418545 D6=84418545 D7=FFFF A0=80000 A1=4A64 A2=4ABB4 A3=108FAA A4=108100 A5=108000 A6=10B9CA PC=488A -- 00488A: add.w   D0, D0
D0=36 D1=4444 D2=34A77168 D3=0 D4=10405140 D5=84418545 D6=84418545 D7=FFFF A0=80000 A1=4A64 A2=4ABB4 A3=108FAA A4=108100 A5=108000 A6=10B9CA PC=488C -- 00488C: add.w   D0, D0
D0=6C D1=4444 D2=34A77168 D3=0 D4=10405140 D5=84418545 D6=84418545 D7=FFFF A0=80000 A1=4A64 A2=4ABB4 A3=108FAA A4=108100 A5=108000 A6=10B9CA PC=488E -- 00488E: movea.l (A0,D0.w), A0
D0=6C D1=4444 D2=34A77168 D3=0 D4=10405140 D5=84418545 D6=84418545 D7=FFFF A0=86E00 A1=4A64 A2=4ABB4 A3=108FAA A4=108100 A5=108000 A6=10B9CA PC=4892 -- 004892: move.w  ($46de,A5), D0
D0=4444 D1=4444 D2=34A77168 D3=0 D4=10405140 D5=84418545 D6=84418545 D7=FFFF A0=86E00 A1=4A64 A2=4ABB4 A3=108FAA A4=108100 A5=108000 A6=10B9CA PC=4896 -- 004896: tst.b   ($46e2,A5)
D0=4444 D1=4444 D2=34A77168 D3=0 D4=10405140 D5=84418545 D6=84418545 D7=FFFF A0=86E00 A1=4A64 A2=4ABB4 A3=108FAA A4=108100 A5=108000 A6=10B9CA PC=489A -- 00489A: beq     $48a0
D0=4444 D1=4444 D2=34A77168 D3=0 D4=10405140 D5=84418545 D6=84418545 D7=FFFF A0=86E00 A1=4A64 A2=4ABB4 A3=108FAA A4=108100 A5=108000 A6=10B9CA PC=48A0 -- 0048A0: andi.w  #$ff, D0
D0=44 D1=4444 D2=34A77168 D3=0 D4=10405140 D5=84418545 D6=84418545 D7=FFFF A0=86E00 A1=4A64 A2=4ABB4 A3=108FAA A4=108100 A5=108000 A6=10B9CA PC=48A4 -- 0048A4: add.w   D0, D0
D0=88 D1=4444 D2=34A77168 D3=0 D4=10405140 D5=84418545 D6=84418545 D7=FFFF A0=86E00 A1=4A64 A2=4ABB4 A3=108FAA A4=108100 A5=108000 A6=10B9CA PC=48A6 -- 0048A6: add.w   D0, D0
D0=110 D1=4444 D2=34A77168 D3=0 D4=10405140 D5=84418545 D6=84418545 D7=FFFF A0=86E00 A1=4A64 A2=4ABB4 A3=108FAA A4=108100 A5=108000 A6=10B9CA PC=48A8 -- 0048A8: movea.l (A0,D0.w), A0
D0=110 D1=4444 D2=34A77168 D3=0 D4=10405140 D5=84418545 D6=84418545 D7=FFFF A0=F31A2 A1=4A64 A2=4ABB4 A3=108FAA A4=108100 A5=108000 A6=10B9CA PC=48AC -- 0048AC: move.w  ($74,A4), D0
D0=0 D1=4444 D2=34A77168 D3=0 D4=10405140 D5=84418545 D6=84418545 D7=FFFF A0=F31A2 A1=4A64 A2=4ABB4 A3=108FAA A4=108100 A5=108000 A6=10B9CA PC=48B0 -- 0048B0: adda.w  D0, A0
D0=0 D1=4444 D2=34A77168 D3=0 D4=10405140 D5=84418545 D6=84418545 D7=FFFF A0=F31A2 A1=4A64 A2=4ABB4 A3=108FAA A4=108100 A5=108000 A6=10B9CA PC=48B2 -- 0048B2: move.l  (A0), D0
D0=10F12C0 D1=4444 D2=34A77168 D3=0 D4=10405140 D5=84418545 D6=84418545 D7=FFFF A0=F31A2 A1=4A64 A2=4ABB4 A3=108FAA A4=108100 A5=108000 A6=10B9CA PC=48B4 -- 0048B4: andi.l  #$ffffff, D0
D0=F12C0 D1=4444 D2=34A77168 D3=0 D4=10405140 D5=84418545 D6=84418545 D7=FFFF A0=F31A2 A1=4A64 A2=4ABB4 A3=108FAA A4=108100 A5=108000 A6=10B9CA PC=48BA -- 0048BA: movea.l D0, A0
D0=F12C0 D1=4444 D2=34A77168 D3=0 D4=10405140 D5=84418545 D6=84418545 D7=FFFF A0=F12C0 A1=4A64 A2=4ABB4 A3=108FAA A4=108100 A5=108000 A6=10B9CA PC=48BC -- 0048BC: move.w  ($4,A0), D0
D0=F007F D1=4444 D2=34A77168 D3=0 D4=10405140 D5=84418545 D6=84418545 D7=FFFF A0=F12C0 A1=4A64 A2=4ABB4 A3=108FAA A4=108100 A5=108000 A6=10B9CA PC=48C0 -- 0048C0: andi.w  #$1fff, D0
D0=F007F D1=4444 D2=34A77168 D3=0 D4=10405140 D5=84418545 D6=84418545 D7=FFFF A0=F12C0 A1=4A64 A2=4ABB4 A3=108FAA A4=108100 A5=108000 A6=10B9CA PC=48C4 -- 0048C4: move.w  D0, ($46e0,A5)
D0=F007F D1=4444 D2=34A77168 D3=0 D4=10405140 D5=84418545 D6=84418545 D7=FFFF A0=F12C0 A1=4A64 A2=4ABB4 A3=108FAA A4=108100 A5=108000 A6=10B9CA PC=48C8 -- 0048C8: lea     $80080.l, A0
D0=F007F D1=4444 D2=34A77168 D3=0 D4=10405140 D5=84418545 D6=84418545 D7=FFFF A0=80080 A1=4A64 A2=4ABB4 A3=108FAA A4=108100 A5=108000 A6=10B9CA PC=48CE -- 0048CE: move.w  ($70,A4), D1
D0=F007F D1=1B D2=34A77168 D3=0 D4=10405140 D5=84418545 D6=84418545 D7=FFFF A0=80080 A1=4A64 A2=4ABB4 A3=108FAA A4=108100 A5=108000 A6=10B9CA PC=48D2 -- 0048D2: add.w   D1, D1
D0=F007F D1=36 D2=34A77168 D3=0 D4=10405140 D5=84418545 D6=84418545 D7=FFFF A0=80080 A1=4A64 A2=4ABB4 A3=108FAA A4=108100 A5=108000 A6=10B9CA PC=48D4 -- 0048D4: add.w   D1, D1
D0=F007F D1=6C D2=34A77168 D3=0 D4=10405140 D5=84418545 D6=84418545 D7=FFFF A0=80080 A1=4A64 A2=4ABB4 A3=108FAA A4=108100 A5=108000 A6=10B9CA PC=48D6 -- 0048D6: movea.l (A0,D1.w), A0
D0=F007F D1=6C D2=34A77168 D3=0 D4=10405140 D5=84418545 D6=84418545 D7=FFFF A0=95200 A1=4A64 A2=4ABB4 A3=108FAA A4=108100 A5=108000 A6=10B9CA PC=48DA -- 0048DA: add.w   D0, D0
D0=F00FE D1=6C D2=34A77168 D3=0 D4=10405140 D5=84418545 D6=84418545 D7=FFFF A0=95200 A1=4A64 A2=4ABB4 A3=108FAA A4=108100 A5=108000 A6=10B9CA PC=48DC -- 0048DC: add.w   D0, D0
D0=F01FC D1=6C D2=34A77168 D3=0 D4=10405140 D5=84418545 D6=84418545 D7=FFFF A0=95200 A1=4A64 A2=4ABB4 A3=108FAA A4=108100 A5=108000 A6=10B9CA PC=48DE -- 0048DE: move.l  (A0,D0.w), ($28,A4)
D0=F01FC D1=6C D2=34A77168 D3=0 D4=10405140 D5=84418545 D6=84418545 D7=FFFF A0=95200 A1=4A64 A2=4ABB4 A3=108FAA A4=108100 A5=108000 A6=10B9CA PC=48E4 -- 0048E4: rts
D0=F01FC D1=6C D2=34A77168 D3=0 D4=10405140 D5=84418545 D6=84418545 D7=FFFF A0=95200 A1=4A64 A2=4ABB4 A3=108FAA A4=108100 A5=108000 A6=10B9CA PC=3E7C -- 003E7C: bra     $481a
D0=F01FC D1=6C D2=34A77168 D3=0 D4=10405140 D5=84418545 D6=84418545 D7=FFFF A0=95200 A1=4A64 A2=4ABB4 A3=108FAA A4=108100 A5=108000 A6=10B9CA PC=481A -- 00481A: addq.w  #1, ($e3a,A5)
D0=F01FC D1=6C D2=34A77168 D3=0 D4=10405140 D5=84418545 D6=84418545 D7=FFFF A0=95200 A1=4A64 A2=4ABB4 A3=108FAA A4=108100 A5=108000 A6=10B9CA PC=481E -- 00481E: lea     ($838,A5), A1
D0=F01FC D1=6C D2=34A77168 D3=0 D4=10405140 D5=84418545 D6=84418545 D7=FFFF A0=95200 A1=108838 A2=4ABB4 A3=108FAA A4=108100 A5=108000 A6=10B9CA PC=4822 -- 004822: move.w  ($2c,A4), D0
D0=F0078 D1=6C D2=34A77168 D3=0 D4=10405140 D5=84418545 D6=84418545 D7=FFFF A0=95200 A1=108838 A2=4ABB4 A3=108FAA A4=108100 A5=108000 A6=10B9CA PC=4826 -- 004826: move.w  D0, D1
D0=F0078 D1=78 D2=34A77168 D3=0 D4=10405140 D5=84418545 D6=84418545 D7=FFFF A0=95200 A1=108838 A2=4ABB4 A3=108FAA A4=108100 A5=108000 A6=10B9CA PC=4828 -- 004828: add.w   D1, D1
D0=F0078 D1=F0 D2=34A77168 D3=0 D4=10405140 D5=84418545 D6=84418545 D7=FFFF A0=95200 A1=108838 A2=4ABB4 A3=108FAA A4=108100 A5=108000 A6=10B9CA PC=482A -- 00482A: adda.w  D1, A1
D0=F0078 D1=F0 D2=34A77168 D3=0 D4=10405140 D5=84418545 D6=84418545 D7=FFFF A0=95200 A1=108928 A2=4ABB4 A3=108FAA A4=108100 A5=108000 A6=10B9CA PC=482C -- 00482C: cmp.w   ($e38,A5), D1
D0=F0078 D1=F0 D2=34A77168 D3=0 D4=10405140 D5=84418545 D6=84418545 D7=FFFF A0=95200 A1=108928 A2=4ABB4 A3=108FAA A4=108100 A5=108000 A6=10B9CA PC=4830 -- 004830: bhi     $4836
D0=F0078 D1=F0 D2=34A77168 D3=0 D4=10405140 D5=84418545 D6=84418545 D7=FFFF A0=95200 A1=108928 A2=4ABB4 A3=108FAA A4=108100 A5=108000 A6=10B9CA PC=4832 -- 004832: move.w  D1, ($e38,A5)
D0=F0078 D1=F0 D2=34A77168 D3=0 D4=10405140 D5=84418545 D6=84418545 D7=FFFF A0=95200 A1=108928 A2=4ABB4 A3=108FAA A4=108100 A5=108000 A6=10B9CA PC=4836 -- 004836: move.w  (A1)+, D1
D0=F0078 D1=0 D2=34A77168 D3=0 D4=10405140 D5=84418545 D6=84418545 D7=FFFF A0=95200 A1=10892A A2=4ABB4 A3=108FAA A4=108100 A5=108000 A6=10B9CA PC=4838 -- 004838: beq     $485a
D0=F0078 D1=0 D2=34A77168 D3=0 D4=10405140 D5=84418545 D6=84418545 D7=FFFF A0=95200 A1=10892A A2=4ABB4 A3=108FAA A4=108100 A5=108000 A6=10B9CA PC=485A -- 00485A: move.w  A4, (-$2,A1)
D0=F0078 D1=0 D2=34A77168 D3=0 D4=10405140 D5=84418545 D6=84418545 D7=FFFF A0=95200 A1=10892A A2=4ABB4 A3=108FAA A4=108100 A5=108000 A6=10B9CA PC=485E -- 00485E: rts
D0=F0078 D1=0 D2=34A77168 D3=0 D4=10405140 D5=84418545 D6=84418545 D7=FFFF A0=95200 A1=10892A A2=4ABB4 A3=108FAA A4=108100 A5=108000 A6=10B9CA PC=37216 -- 037216: clr.b   ($1,A6)
D0=F0078 D1=0 D2=34A77168 D3=0 D4=10405140 D5=84418545 D6=84418545 D7=FFFF A0=95200 A1=10892A A2=4ABB4 A3=108FAA A4=108100 A5=108000 A6=10B9CA PC=3721A -- 03721A: rts
SAME FROM HERE
D0=F0078 D1=0 D2=34A77168 D3=0 D4=10405140 D5=84418545 D6=84418545 D7=FFFF A0=95200 A1=10892A A2=4ABB4 A3=108FAA A4=108100 A5=108000 A6=10B9CA PC=3704A -- 03704A: bsr     $3721c
D0=F0078 D1=0 D2=34A77168 D3=0 D4=10405140 D5=84418545 D6=84418545 D7=FFFF A0=95200 A1=10892A A2=4ABB4 A3=108FAA A4=108100 A5=108000 A6=10B9CA PC=3721C -- 03721C: movea.l ($7ee,A5), A6
D0=F0078 D1=0 D2=34A77168 D3=0 D4=10405140 D5=84418545 D6=84418545 D7=FFFF A0=95200 A1=10892A A2=4ABB4 A3=108FAA A4=108100 A5=108000 A6=10BA1E PC=37220 -- 037220: btst    #$5, (-$8000,A5)
D0=F0078 D1=0 D2=34A77168 D3=0 D4=10405140 D5=84418545 D6=84418545 D7=FFFF A0=95200 A1=10892A A2=4ABB4 A3=108FAA A4=108100 A5=108000 A6=10BA1E PC=37226 -- 037226: beq     $3722c
D0=F0078 D1=0 D2=34A77168 D3=0 D4=10405140 D5=84418545 D6=84418545 D7=FFFF A0=95200 A1=10892A A2=4ABB4 A3=108FAA A4=108100 A5=108000 A6=10BA1E PC=3722C -- 03722C: lea     ($300,A5), A4
D0=F0078 D1=0 D2=34A77168 D3=0 D4=10405140 D5=84418545 D6=84418545 D7=FFFF A0=95200 A1=10892A A2=4ABB4 A3=108FAA A4=108300 A5=108000 A6=10BA1E PC=37230 -- 037230: movea.l (A4), A0
D0=F0078 D1=0 D2=34A77168 D3=0 D4=10405140 D5=84418545 D6=84418545 D7=FFFF A0=37274 A1=10892A A2=4ABB4 A3=108FAA A4=108300 A5=108000 A6=10BA1E PC=37232 -- 037232: jsr     (A0)
D0=F0078 D1=0 D2=34A77168 D3=0 D4=10405140 D5=84418545 D6=84418545 D7=FFFF A0=37274 A1=10892A A2=4ABB4 A3=108FAA A4=108300 A5=108000 A6=10BA1E PC=37274 -- 037274: btst    #$0, ($cf,A4)
D0=F0078 D1=0 D2=34A77168 D3=0 D4=10405140 D5=84418545 D6=84418545 D7=FFFF A0=37274 A1=10892A A2=4ABB4 A3=108FAA A4=108300 A5=108000 A6=10BA1E PC=3727A -- 03727A: bne     $372c6
D0=F0078 D1=0 D2=34A77168 D3=0 D4=10405140 D5=84418545 D6=84418545 D7=FFFF A0=37274 A1=10892A A2=4ABB4 A3=108FAA A4=108300 A5=108000 A6=10BA1E PC=3727C -- 03727C: tst.b   ($130,A4)
D0=F0078 D1=0 D2=34A77168 D3=0 D4=10405140 D5=84418545 D6=84418545 D7=FFFF A0=37274 A1=10892A A2=4ABB4 A3=108FAA A4=108300 A5=108000 A6=10BA1E PC=37280 -- 037280: bpl     $37298
D0=F0078 D1=0 D2=34A77168 D3=0 D4=10405140 D5=84418545 D6=84418545 D7=FFFF A0=37274 A1=10892A A2=4ABB4 A3=108FAA A4=108300 A5=108000 A6=10BA1E PC=37298 -- 037298: bsr     $37574
D0=F0078 D1=0 D2=34A77168 D3=0 D4=10405140 D5=84418545 D6=84418545 D7=FFFF A0=37274 A1=10892A A2=4ABB4 A3=108FAA A4=108300 A5=108000 A6=10BA1E PC=37574 -- 037574: btst    #$2, ($785,A5)
D0=F0078 D1=0 D2=34A77168 D3=0 D4=10405140 D5=84418545 D6=84418545 D7=FFFF A0=37274 A1=10892A A2=4ABB4 A3=108FAA A4=108300 A5=108000 A6=10BA1E PC=3757A -- 03757A: bne     $37598
D0=F0078 D1=0 D2=34A77168 D3=0 D4=10405140 D5=84418545 D6=84418545 D7=FFFF A0=37274 A1=10892A A2=4ABB4 A3=108FAA A4=108300 A5=108000 A6=10BA1E PC=3757C -- 03757C: movea.l ($b6,A4), A0
D0=F0078 D1=0 D2=34A77168 D3=0 D4=10405140 D5=84418545 D6=84418545 D7=FFFF A0=108100 A1=10892A A2=4ABB4 A3=108FAA A4=108300 A5=108000 A6=10BA1E PC=37580 -- 037580: move.b  ($130,A0), D0
D0=F0081 D1=0 D2=34A77168 D3=0 D4=10405140 D5=84418545 D6=84418545 D7=FFFF A0=108100 A1=10892A A2=4ABB4 A3=108FAA A4=108300 A5=108000 A6=10BA1E PC=37584 -- 037584: andi.b  #$7f, D0
D0=F0001 D1=0 D2=34A77168 D3=0 D4=10405140 D5=84418545 D6=84418545 D7=FFFF A0=108100 A1=10892A A2=4ABB4 A3=108FAA A4=108300 A5=108000 A6=10BA1E PC=37588 -- 037588: subq.b  #1, D0
D0=F0000 D1=0 D2=34A77168 D3=0 D4=10405140 D5=84418545 D6=84418545 D7=FFFF A0=108100 A1=10892A A2=4ABB4 A3=108FAA A4=108300 A5=108000 A6=10BA1E PC=3758A -- 03758A: btst    D0, ($7e6,A5)
D0=F0000 D1=0 D2=34A77168 D3=0 D4=10405140 D5=84418545 D6=84418545 D7=FFFF A0=108100 A1=10892A A2=4ABB4 A3=108FAA A4=108300 A5=108000 A6=10BA1E PC=3758E -- 03758E: bne     $375c0
D0=F0000 D1=0 D2=34A77168 D3=0 D4=10405140 D5=84418545 D6=84418545 D7=FFFF A0=108100 A1=10892A A2=4ABB4 A3=108FAA A4=108300 A5=108000 A6=10BA1E PC=37590 -- 037590: cmpi.b  #-$1, ($7df,A5)
D0=F0000 D1=0 D2=34A77168 D3=0 D4=10405140 D5=84418545 D6=84418545 D7=FFFF A0=108100 A1=10892A A2=4ABB4 A3=108FAA A4=108300 A5=108000 A6=10BA1E PC=37596 -- 037596: beq     $375c2
D0=F0000 D1=0 D2=34A77168 D3=0 D4=10405140 D5=84418545 D6=84418545 D7=FFFF A0=108100 A1=10892A A2=4ABB4 A3=108FAA A4=108300 A5=108000 A6=10BA1E PC=37598 -- 037598: move.w  ($d0,A4), D0
D0=F0000 D1=0 D2=34A77168 D3=0 D4=10405140 D5=84418545 D6=84418545 D7=FFFF A0=108100 A1=10892A A2=4ABB4 A3=108FAA A4=108300 A5=108000 A6=10BA1E PC=3759C -- 03759C: add.w   D0, D0
D0=F0000 D1=0 D2=34A77168 D3=0 D4=10405140 D5=84418545 D6=84418545 D7=FFFF A0=108100 A1=10892A A2=4ABB4 A3=108FAA A4=108300 A5=108000 A6=10BA1E PC=3759E -- 03759E: add.w   D0, D0
D0=F0000 D1=0 D2=34A77168 D3=0 D4=10405140 D5=84418545 D6=84418545 D7=FFFF A0=108100 A1=10892A A2=4ABB4 A3=108FAA A4=108300 A5=108000 A6=10BA1E PC=375A0 -- 0375A0: lea     ($42,PC) ; ($375e4), A0
D0=F0000 D1=0 D2=34A77168 D3=0 D4=10405140 D5=84418545 D6=84418545 D7=FFFF A0=375E4 A1=10892A A2=4ABB4 A3=108FAA A4=108300 A5=108000 A6=10BA1E PC=375A4 -- 0375A4: nop
D0=F0000 D1=0 D2=34A77168 D3=0 D4=10405140 D5=84418545 D6=84418545 D7=FFFF A0=375E4 A1=10892A A2=4ABB4 A3=108FAA A4=108300 A5=108000 A6=10BA1E PC=375A6 -- 0375A6: btst    #$2, ($785,A5)
D0=F0000 D1=0 D2=34A77168 D3=0 D4=10405140 D5=84418545 D6=84418545 D7=FFFF A0=375E4 A1=10892A A2=4ABB4 A3=108FAA A4=108300 A5=108000 A6=10BA1E PC=375AC -- 0375AC: bne     $375ba
D0=F0000 D1=0 D2=34A77168 D3=0 D4=10405140 D5=84418545 D6=84418545 D7=FFFF A0=375E4 A1=10892A A2=4ABB4 A3=108FAA A4=108300 A5=108000 A6=10BA1E PC=375AE -- 0375AE: btst    #$6, ($7e6,A5)
D0=F0000 D1=0 D2=34A77168 D3=0 D4=10405140 D5=84418545 D6=84418545 D7=FFFF A0=375E4 A1=10892A A2=4ABB4 A3=108FAA A4=108300 A5=108000 A6=10BA1E PC=375B4 -- 0375B4: beq     $375ba
D0=F0000 D1=0 D2=34A77168 D3=0 D4=10405140 D5=84418545 D6=84418545 D7=FFFF A0=375E4 A1=10892A A2=4ABB4 A3=108FAA A4=108300 A5=108000 A6=10BA1E PC=375BA -- 0375BA: movea.l (A0,D0.w), A0
D0=F0000 D1=0 D2=34A77168 D3=0 D4=10405140 D5=84418545 D6=84418545 D7=FFFF A0=375F8 A1=10892A A2=4ABB4 A3=108FAA A4=108300 A5=108000 A6=10BA1E PC=375BE -- 0375BE: jsr     (A0)
D0=F0000 D1=0 D2=34A77168 D3=0 D4=10405140 D5=84418545 D6=84418545 D7=FFFF A0=375F8 A1=10892A A2=4ABB4 A3=108FAA A4=108300 A5=108000 A6=10BA1E PC=375F8 -- 0375F8: jsr     $2582.w
