D0=72DD0371 D1=1B D2=749D0370 D3=FFFF D4=10404980 D5=80418100 D6=84418526 D7=FFFF A0=37046 A1=D00035 A2=4ABB4 A3=108F6C A4=108584 A5=108000 A6=108E3C PC=371FE -- 0371FE: movea.l ($7ea,A5), A6
D0=72DD0371 D1=1B D2=749D0370 D3=FFFF D4=10404980 D5=80418100 D6=84418526 D7=FFFF A0=37046 A1=D00035 A2=4ABB4 A3=108F6C A4=108584 A5=108000 A6=10B9CA PC=37202 -- 037202: btst    #$5, (-$8000,A5)
D0=72DD0371 D1=1B D2=749D0370 D3=FFFF D4=10404980 D5=80418100 D6=84418526 D7=FFFF A0=37046 A1=D00035 A2=4ABB4 A3=108F6C A4=108584 A5=108000 A6=10B9CA PC=37208 -- 037208: beq     $3720e
D0=72DD0371 D1=1B D2=749D0370 D3=FFFF D4=10404980 D5=80418100 D6=84418526 D7=FFFF A0=37046 A1=D00035 A2=4ABB4 A3=108F6C A4=108584 A5=108000 A6=10B9CA PC=3720E -- 03720E: lea     ($100,A5), A4
D0=72DD0371 D1=1B D2=749D0370 D3=FFFF D4=10404980 D5=80418100 D6=84418526 D7=FFFF A0=37046 A1=D00035 A2=4ABB4 A3=108F6C A4=108100 A5=108000 A6=10B9CA PC=37212 -- 037212: movea.l (A4), A0
D0=72DD0371 D1=1B D2=749D0370 D3=FFFF D4=10404980 D5=80418100 D6=84418526 D7=FFFF A0=3723A A1=D00035 A2=4ABB4 A3=108F6C A4=108100 A5=108000 A6=10B9CA PC=37214 -- 037214: jsr     (A0)
D0=72DD0371 D1=1B D2=749D0370 D3=FFFF D4=10404980 D5=80418100 D6=84418526 D7=FFFF A0=3723A A1=D00035 A2=4ABB4 A3=108F6C A4=108100 A5=108000 A6=10B9CA PC=3723A -- 03723A: clr.b   ($cf,A4)
D0=72DD0371 D1=1B D2=749D0370 D3=FFFF D4=10404980 D5=80418100 D6=84418526 D7=FFFF A0=3723A A1=D00035 A2=4ABB4 A3=108F6C A4=108100 A5=108000 A6=10B9CA PC=3723E -- 03723E: bsr     $37870
D0=72DD0371 D1=1B D2=749D0370 D3=FFFF D4=10404980 D5=80418100 D6=84418526 D7=FFFF A0=3723A A1=D00035 A2=4ABB4 A3=108F6C A4=108100 A5=108000 A6=10B9CA PC=37870 -- 037870: cmpa.l  #$108100, A4
D0=72DD0371 D1=1B D2=749D0370 D3=FFFF D4=10404980 D5=80418100 D6=84418526 D7=FFFF A0=3723A A1=D00035 A2=4ABB4 A3=108F6C A4=108100 A5=108000 A6=10B9CA PC=37876 -- 037876: bne     $378c4
D0=72DD0371 D1=1B D2=749D0370 D3=FFFF D4=10404980 D5=80418100 D6=84418526 D7=FFFF A0=3723A A1=D00035 A2=4ABB4 A3=108F6C A4=108100 A5=108000 A6=10B9CA PC=37878 -- 037878: moveq   #$0, D0
D0=0 D1=1B D2=749D0370 D3=FFFF D4=10404980 D5=80418100 D6=84418526 D7=FFFF A0=3723A A1=D00035 A2=4ABB4 A3=108F6C A4=108100 A5=108000 A6=10B9CA PC=3787A -- 03787A: move.b  ($231,A5), D0
D0=5 D1=1B D2=749D0370 D3=FFFF D4=10404980 D5=80418100 D6=84418526 D7=FFFF A0=3723A A1=D00035 A2=4ABB4 A3=108F6C A4=108100 A5=108000 A6=10B9CA PC=3787E -- 03787E: bsr     $3790e
D0=5 D1=1B D2=749D0370 D3=FFFF D4=10404980 D5=80418100 D6=84418526 D7=FFFF A0=3723A A1=D00035 A2=4ABB4 A3=108F6C A4=108100 A5=108000 A6=10B9CA PC=3790E -- 03790E: add.w   D0, D0
D0=A D1=1B D2=749D0370 D3=FFFF D4=10404980 D5=80418100 D6=84418526 D7=FFFF A0=3723A A1=D00035 A2=4ABB4 A3=108F6C A4=108100 A5=108000 A6=10B9CA PC=37910 -- 037910: add.w   D0, D0
D0=14 D1=1B D2=749D0370 D3=FFFF D4=10404980 D5=80418100 D6=84418526 D7=FFFF A0=3723A A1=D00035 A2=4ABB4 A3=108F6C A4=108100 A5=108000 A6=10B9CA PC=37912 -- 037912: lea     $534dc.l, A2
D0=14 D1=1B D2=749D0370 D3=FFFF D4=10404980 D5=80418100 D6=84418526 D7=FFFF A0=3723A A1=D00035 A2=534DC A3=108F6C A4=108100 A5=108000 A6=10B9CA PC=37918 -- 037918: adda.w  D0, A2
D0=14 D1=1B D2=749D0370 D3=FFFF D4=10404980 D5=80418100 D6=84418526 D7=FFFF A0=3723A A1=D00035 A2=534F0 A3=108F6C A4=108100 A5=108000 A6=10B9CA PC=3791A -- 03791A: rts
D0=14 D1=1B D2=749D0370 D3=FFFF D4=10404980 D5=80418100 D6=84418526 D7=FFFF A0=3723A A1=D00035 A2=534F0 A3=108F6C A4=108100 A5=108000 A6=10B9CA PC=37882 -- 037882: lea     ($7f2,A5), A3
D0=14 D1=1B D2=749D0370 D3=FFFF D4=10404980 D5=80418100 D6=84418526 D7=FFFF A0=3723A A1=D00035 A2=534F0 A3=1087F2 A4=108100 A5=108000 A6=10B9CA PC=37886 -- 037886: move.w  #$28, D5
D0=14 D1=1B D2=749D0370 D3=FFFF D4=10404980 D5=80410028 D6=84418526 D7=FFFF A0=3723A A1=D00035 A2=534F0 A3=1087F2 A4=108100 A5=108000 A6=10B9CA PC=3788A -- 03788A: moveq   #$2, D6
D0=14 D1=1B D2=749D0370 D3=FFFF D4=10404980 D5=80410028 D6=2 D7=FFFF A0=3723A A1=D00035 A2=534F0 A3=1087F2 A4=108100 A5=108000 A6=10B9CA PC=3788C -- 03788C: lea     ($d4,PC) ; ($37962), A0
D0=14 D1=1B D2=749D0370 D3=FFFF D4=10404980 D5=80410028 D6=2 D7=FFFF A0=37962 A1=D00035 A2=534F0 A3=1087F2 A4=108100 A5=108000 A6=10B9CA PC=37890 -- 037890: move.w  #$3500, D0
D0=3500 D1=1B D2=749D0370 D3=FFFF D4=10404980 D5=80410028 D6=2 D7=FFFF A0=37962 A1=D00035 A2=534F0 A3=1087F2 A4=108100 A5=108000 A6=10B9CA PC=37894 -- 037894: jsr     $260e.w
D0=3500 D1=1B D2=749D0370 D3=FFFF D4=10404980 D5=80410028 D6=2 D7=FFFF A0=37962 A1=D00035 A2=534F0 A3=1087F2 A4=108100 A5=108000 A6=10B9CA PC=260E -- 00260E: move.w  ($580,A5), D7
D0=3500 D1=1B D2=749D0370 D3=FFFF D4=10404980 D5=80410028 D6=2 D7=56 A0=37962 A1=D00035 A2=534F0 A3=1087F2 A4=108100 A5=108000 A6=10B9CA PC=2612 -- 002612: bmi     $2670
D0=3500 D1=1B D2=749D0370 D3=FFFF D4=10404980 D5=80410028 D6=2 D7=56 A0=37962 A1=D00035 A2=534F0 A3=1087F2 A4=108100 A5=108000 A6=10B9CA PC=2616 -- 002616: subq.w  #2, ($580,A5)
D0=3500 D1=1B D2=749D0370 D3=FFFF D4=10404980 D5=80410028 D6=2 D7=56 A0=37962 A1=D00035 A2=534F0 A3=1087F2 A4=108100 A5=108000 A6=10B9CA PC=261A -- 00261A: lea     ($500,A5), A1
D0=3500 D1=1B D2=749D0370 D3=FFFF D4=10404980 D5=80410028 D6=2 D7=56 A0=37962 A1=108500 A2=534F0 A3=1087F2 A4=108100 A5=108000 A6=10B9CA PC=261E -- 00261E: movea.w (A1,D7.w), A1
D0=3500 D1=1B D2=749D0370 D3=FFFF D4=10404980 D5=80410028 D6=2 D7=56 A0=37962 A1=2900 A2=534F0 A3=1087F2 A4=108100 A5=108000 A6=10B9CA PC=2622 -- 002622: adda.l  #$100000, A1
D0=3500 D1=1B D2=749D0370 D3=FFFF D4=10404980 D5=80410028 D6=2 D7=56 A0=37962 A1=102900 A2=534F0 A3=1087F2 A4=108100 A5=108000 A6=10B9CA PC=2628 -- 002628: move.l  A0, (A1)
D0=3500 D1=1B D2=749D0370 D3=FFFF D4=10404980 D5=80410028 D6=2 D7=56 A0=37962 A1=102900 A2=534F0 A3=1087F2 A4=108100 A5=108000 A6=10B9CA PC=262A -- 00262A: move.w  D0, ($8,A1)
D0=3500 D1=1B D2=749D0370 D3=FFFF D4=10404980 D5=80410028 D6=2 D7=56 A0=37962 A1=102900 A2=534F0 A3=1087F2 A4=108100 A5=108000 A6=10B9CA PC=262E -- 00262E: lea     (-$7f00,A5), A0
D0=3500 D1=1B D2=749D0370 D3=FFFF D4=10404980 D5=80410028 D6=2 D7=56 A0=100100 A1=102900 A2=534F0 A3=1087F2 A4=108100 A5=108000 A6=10B9CA PC=2632 -- 002632: move.l  A0, D7
D0=3500 D1=1B D2=749D0370 D3=FFFF D4=10404980 D5=80410028 D6=2 D7=100100 A0=100100 A1=102900 A2=534F0 A3=1087F2 A4=108100 A5=108000 A6=10B9CA PC=2634 -- 002634: move.w  ($4,A0), D7
D0=3500 D1=1B D2=749D0370 D3=FFFF D4=10404980 D5=80410028 D6=2 D7=100500 A0=100100 A1=102900 A2=534F0 A3=1087F2 A4=108100 A5=108000 A6=10B9CA PC=2638 -- 002638: movea.l D7, A0
D0=3500 D1=1B D2=749D0370 D3=FFFF D4=10404980 D5=80410028 D6=2 D7=100500 A0=100500 A1=102900 A2=534F0 A3=1087F2 A4=108100 A5=108000 A6=10B9CA PC=263A -- 00263A: cmp.w   ($8,A0), D0
D0=3500 D1=1B D2=749D0370 D3=FFFF D4=10404980 D5=80410028 D6=2 D7=100500 A0=100500 A1=102900 A2=534F0 A3=1087F2 A4=108100 A5=108000 A6=10B9CA PC=263E -- 00263E: bcc     $2634
D0=3500 D1=1B D2=749D0370 D3=FFFF D4=10404980 D5=80410028 D6=2 D7=100500 A0=100500 A1=102900 A2=534F0 A3=1087F2 A4=108100 A5=108000 A6=10B9CA PC=2634 -- 002634: move.w  ($4,A0), D7
D0=3500 D1=1B D2=749D0370 D3=FFFF D4=10404980 D5=80410028 D6=2 D7=100700 A0=100500 A1=102900 A2=534F0 A3=1087F2 A4=108100 A5=108000 A6=10B9CA PC=2638 -- 002638: movea.l D7, A0
D0=3500 D1=1B D2=749D0370 D3=FFFF D4=10404980 D5=80410028 D6=2 D7=100700 A0=100700 A1=102900 A2=534F0 A3=1087F2 A4=108100 A5=108000 A6=10B9CA PC=263A -- 00263A: cmp.w   ($8,A0), D0
D0=3500 D1=1B D2=749D0370 D3=FFFF D4=10404980 D5=80410028 D6=2 D7=100700 A0=100700 A1=102900 A2=534F0 A3=1087F2 A4=108100 A5=108000 A6=10B9CA PC=263E -- 00263E: bcc     $2634

   (loops for 68 instructions)

D0=3500 D1=1B D2=749D0370 D3=FFFF D4=10404980 D5=80410028 D6=2 D7=100300 A0=100300 A1=102900 A2=534F0 A3=1087F2 A4=108100 A5=108000 A6=10B9CA PC=2640 -- 002640: move.w  A0, ($4,A1)
D0=3500 D1=1B D2=749D0370 D3=FFFF D4=10404980 D5=80410028 D6=2 D7=100300 A0=100300 A1=102900 A2=534F0 A3=1087F2 A4=108100 A5=108000 A6=10B9CA PC=2644 -- 002644: move.w  ($6,A0), ($6,A1)
D0=3500 D1=1B D2=749D0370 D3=FFFF D4=10404980 D5=80410028 D6=2 D7=100300 A0=100300 A1=102900 A2=534F0 A3=1087F2 A4=108100 A5=108000 A6=10B9CA PC=264A -- 00264A: move.w  ($6,A0), D7
D0=3500 D1=1B D2=749D0370 D3=FFFF D4=10404980 D5=80410028 D6=2 D7=102700 A0=100300 A1=102900 A2=534F0 A3=1087F2 A4=108100 A5=108000 A6=10B9CA PC=264E -- 00264E: move.w  A1, ($6,A0)
D0=3500 D1=1B D2=749D0370 D3=FFFF D4=10404980 D5=80410028 D6=2 D7=102700 A0=100300 A1=102900 A2=534F0 A3=1087F2 A4=108100 A5=108000 A6=10B9CA PC=2652 -- 002652: movea.l D7, A0
D0=3500 D1=1B D2=749D0370 D3=FFFF D4=10404980 D5=80410028 D6=2 D7=102700 A0=102700 A1=102900 A2=534F0 A3=1087F2 A4=108100 A5=108000 A6=10B9CA PC=2654 -- 002654: move.w  A1, ($4,A0)
D0=3500 D1=1B D2=749D0370 D3=FFFF D4=10404980 D5=80410028 D6=2 D7=102700 A0=102700 A1=102900 A2=534F0 A3=1087F2 A4=108100 A5=108000 A6=10B9CA PC=2658 -- 002658: lea     ($10,A1), A0
D0=3500 D1=1B D2=749D0370 D3=FFFF D4=10404980 D5=80410028 D6=2 D7=102700 A0=102910 A1=102900 A2=534F0 A3=1087F2 A4=108100 A5=108000 A6=10B9CA PC=265C -- 00265C: move.w  #$1e, D0
D0=1E D1=1B D2=749D0370 D3=FFFF D4=10404980 D5=80410028 D6=2 D7=102700 A0=102910 A1=102900 A2=534F0 A3=1087F2 A4=108100 A5=108000 A6=10B9CA PC=2660 -- 002660: moveq   #$0, D7
D0=1E D1=1B D2=749D0370 D3=FFFF D4=10404980 D5=80410028 D6=2 D7=0 A0=102910 A1=102900 A2=534F0 A3=1087F2 A4=108100 A5=108000 A6=10B9CA PC=2662 -- 002662: move.l  D7, (A0)+
D0=1E D1=1B D2=749D0370 D3=FFFF D4=10404980 D5=80410028 D6=2 D7=0 A0=102914 A1=102900 A2=534F0 A3=1087F2 A4=108100 A5=108000 A6=10B9CA PC=2664 -- 002664: move.l  D7, (A0)+
D0=1E D1=1B D2=749D0370 D3=FFFF D4=10404980 D5=80410028 D6=2 D7=0 A0=102918 A1=102900 A2=534F0 A3=1087F2 A4=108100 A5=108000 A6=10B9CA PC=2666 -- 002666: move.l  D7, (A0)+
D0=1E D1=1B D2=749D0370 D3=FFFF D4=10404980 D5=80410028 D6=2 D7=0 A0=10291C A1=102900 A2=534F0 A3=1087F2 A4=108100 A5=108000 A6=10B9CA PC=2668 -- 002668: move.l  D7, (A0)+
D0=1E D1=1B D2=749D0370 D3=FFFF D4=10404980 D5=80410028 D6=2 D7=0 A0=102920 A1=102900 A2=534F0 A3=1087F2 A4=108100 A5=108000 A6=10B9CA PC=266A -- 00266A: dbra    D0, $2662
D0=1D D1=1B D2=749D0370 D3=FFFF D4=10404980 D5=80410028 D6=2 D7=0 A0=102920 A1=102900 A2=534F0 A3=1087F2 A4=108100 A5=108000 A6=10B9CA PC=2662 -- 002662: move.l  D7, (A0)+
D0=1D D1=1B D2=749D0370 D3=FFFF D4=10404980 D5=80410028 D6=2 D7=0 A0=102924 A1=102900 A2=534F0 A3=1087F2 A4=108100 A5=108000 A6=10B9CA PC=2664 -- 002664: move.l  D7, (A0)+
D0=1D D1=1B D2=749D0370 D3=FFFF D4=10404980 D5=80410028 D6=2 D7=0 A0=102928 A1=102900 A2=534F0 A3=1087F2 A4=108100 A5=108000 A6=10B9CA PC=2666 -- 002666: move.l  D7, (A0)+
D0=1D D1=1B D2=749D0370 D3=FFFF D4=10404980 D5=80410028 D6=2 D7=0 A0=10292C A1=102900 A2=534F0 A3=1087F2 A4=108100 A5=108000 A6=10B9CA PC=2668 -- 002668: move.l  D7, (A0)+
D0=1D D1=1B D2=749D0370 D3=FFFF D4=10404980 D5=80410028 D6=2 D7=0 A0=102930 A1=102900 A2=534F0 A3=1087F2 A4=108100 A5=108000 A6=10B9CA PC=266A -- 00266A: dbra    D0, $2662

   (loops for 145 instructions)

D0=FFFF D1=1B D2=749D0370 D3=FFFF D4=10404980 D5=80410028 D6=2 D7=0 A0=102B00 A1=102900 A2=534F0 A3=1087F2 A4=108100 A5=108000 A6=10B9CA PC=266E -- 00266E: rts
D0=FFFF D1=1B D2=749D0370 D3=FFFF D4=10404980 D5=80410028 D6=2 D7=0 A0=102B00 A1=102900 A2=534F0 A3=1087F2 A4=108100 A5=108000 A6=10B9CA PC=37898 -- 037898: bsr     $3791c
D0=FFFF D1=1B D2=749D0370 D3=FFFF D4=10404980 D5=80410028 D6=2 D7=0 A0=102B00 A1=102900 A2=534F0 A3=1087F2 A4=108100 A5=108000 A6=10B9CA PC=3791C -- 03791C: clr.b   ($cf,A1)
D0=FFFF D1=1B D2=749D0370 D3=FFFF D4=10404980 D5=80410028 D6=2 D7=0 A0=102B00 A1=102900 A2=534F0 A3=1087F2 A4=108100 A5=108000 A6=10B9CA PC=37920 -- 037920: move.l  #$4d454d42, ($10,A1)
D0=FFFF D1=1B D2=749D0370 D3=FFFF D4=10404980 D5=80410028 D6=2 D7=0 A0=102B00 A1=102900 A2=534F0 A3=1087F2 A4=108100 A5=108000 A6=10B9CA PC=37928 -- 037928: move.l  #$44495350, ($14,A1)
D0=FFFF D1=1B D2=749D0370 D3=FFFF D4=10404980 D5=80410028 D6=2 D7=0 A0=102B00 A1=102900 A2=534F0 A3=1087F2 A4=108100 A5=108000 A6=10B9CA PC=37930 -- 037930: move.b  #$ff, ($68,A1)
D0=FFFF D1=1B D2=749D0370 D3=FFFF D4=10404980 D5=80410028 D6=2 D7=0 A0=102B00 A1=102900 A2=534F0 A3=1087F2 A4=108100 A5=108000 A6=10B9CA PC=37936 -- 037936: move.b  #$ff, ($69,A1)
D0=FFFF D1=1B D2=749D0370 D3=FFFF D4=10404980 D5=80410028 D6=2 D7=0 A0=102B00 A1=102900 A2=534F0 A3=1087F2 A4=108100 A5=108000 A6=10B9CA PC=3793C -- 03793C: clr.l   ($18,A1)
D0=FFFF D1=1B D2=749D0370 D3=FFFF D4=10404980 D5=80410028 D6=2 D7=0 A0=102B00 A1=102900 A2=534F0 A3=1087F2 A4=108100 A5=108000 A6=10B9CA PC=37940 -- 037940: clr.l   ($1c,A1)
D0=FFFF D1=1B D2=749D0370 D3=FFFF D4=10404980 D5=80410028 D6=2 D7=0 A0=102B00 A1=102900 A2=534F0 A3=1087F2 A4=108100 A5=108000 A6=10B9CA PC=37944 -- 037944: clr.l   ($20,A1)
D0=FFFF D1=1B D2=749D0370 D3=FFFF D4=10404980 D5=80410028 D6=2 D7=0 A0=102B00 A1=102900 A2=534F0 A3=1087F2 A4=108100 A5=108000 A6=10B9CA PC=37948 -- 037948: move.w  D5, ($24,A1)
D0=FFFF D1=1B D2=749D0370 D3=FFFF D4=10404980 D5=80410028 D6=2 D7=0 A0=102B00 A1=102900 A2=534F0 A3=1087F2 A4=108100 A5=108000 A6=10B9CA PC=3794C -- 03794C: move.w  #$b8, ($26,A1)
D0=FFFF D1=1B D2=749D0370 D3=FFFF D4=10404980 D5=80410028 D6=2 D7=0 A0=102B00 A1=102900 A2=534F0 A3=1087F2 A4=108100 A5=108000 A6=10B9CA PC=37952 -- 037952: move.l  A4, ($84,A1)
D0=FFFF D1=1B D2=749D0370 D3=FFFF D4=10404980 D5=80410028 D6=2 D7=0 A0=102B00 A1=102900 A2=534F0 A3=1087F2 A4=108100 A5=108000 A6=10B9CA PC=37956 -- 037956: move.l  A1, (A3)+
D0=FFFF D1=1B D2=749D0370 D3=FFFF D4=10404980 D5=80410028 D6=2 D7=0 A0=102B00 A1=102900 A2=534F0 A3=1087F6 A4=108100 A5=108000 A6=10B9CA PC=37958 -- 037958: rts
D0=FFFF D1=1B D2=749D0370 D3=FFFF D4=10404980 D5=80410028 D6=2 D7=0 A0=102B00 A1=102900 A2=534F0 A3=1087F6 A4=108100 A5=108000 A6=10B9CA PC=3789C -- 03789C: moveq   #$2, D0
D0=2 D1=1B D2=749D0370 D3=FFFF D4=10404980 D5=80410028 D6=2 D7=0 A0=102B00 A1=102900 A2=534F0 A3=1087F6 A4=108100 A5=108000 A6=10B9CA PC=3789E -- 03789E: sub.w   D6, D0
D0=0 D1=1B D2=749D0370 D3=FFFF D4=10404980 D5=80410028 D6=2 D7=0 A0=102B00 A1=102900 A2=534F0 A3=1087F6 A4=108100 A5=108000 A6=10B9CA PC=378A0 -- 0378A0: move.w  D0, ($d0,A1)
D0=0 D1=1B D2=749D0370 D3=FFFF D4=10404980 D5=80410028 D6=2 D7=0 A0=102B00 A1=102900 A2=534F0 A3=1087F6 A4=108100 A5=108000 A6=10B9CA PC=378A4 -- 0378A4: move.w  #$6e, ($2c,A1)
D0=0 D1=1B D2=749D0370 D3=FFFF D4=10404980 D5=80410028 D6=2 D7=0 A0=102B00 A1=102900 A2=534F0 A3=1087F6 A4=108100 A5=108000 A6=10B9CA PC=378AA -- 0378AA: add.w   D6, ($2c,A1)
D0=0 D1=1B D2=749D0370 D3=FFFF D4=10404980 D5=80410028 D6=2 D7=0 A0=102B00 A1=102900 A2=534F0 A3=1087F6 A4=108100 A5=108000 A6=10B9CA PC=378AE -- 0378AE: lea     ($aa,PC) ; ($3795a), A0
D0=0 D1=1B D2=749D0370 D3=FFFF D4=10404980 D5=80410028 D6=2 D7=0 A0=3795A A1=102900 A2=534F0 A3=1087F6 A4=108100 A5=108000 A6=10B9CA PC=378B2 -- 0378B2: nop
D0=0 D1=1B D2=749D0370 D3=FFFF D4=10404980 D5=80410028 D6=2 D7=0 A0=3795A A1=102900 A2=534F0 A3=1087F6 A4=108100 A5=108000 A6=10B9CA PC=378B4 -- 0378B4: move.b  (A0,D0.w), ($30,A1)
D0=0 D1=1B D2=749D0370 D3=FFFF D4=10404980 D5=80410028 D6=2 D7=0 A0=3795A A1=102900 A2=534F0 A3=1087F6 A4=108100 A5=108000 A6=10B9CA PC=378BA -- 0378BA: addi.w  #$20, D5
D0=0 D1=1B D2=749D0370 D3=FFFF D4=10404980 D5=80410048 D6=2 D7=0 A0=3795A A1=102900 A2=534F0 A3=1087F6 A4=108100 A5=108000 A6=10B9CA PC=378BE -- 0378BE: dbra    D6, $3788c
D0=0 D1=1B D2=749D0370 D3=FFFF D4=10404980 D5=80410048 D6=1 D7=0 A0=3795A A1=102900 A2=534F0 A3=1087F6 A4=108100 A5=108000 A6=10B9CA PC=3788C -- 03788C: lea     ($d4,PC) ; ($37962), A0
D0=0 D1=1B D2=749D0370 D3=FFFF D4=10404980 D5=80410048 D6=1 D7=0 A0=37962 A1=102900 A2=534F0 A3=1087F6 A4=108100 A5=108000 A6=10B9CA PC=37890 -- 037890: move.w  #$3500, D0
D0=3500 D1=1B D2=749D0370 D3=FFFF D4=10404980 D5=80410048 D6=1 D7=0 A0=37962 A1=102900 A2=534F0 A3=1087F6 A4=108100 A5=108000 A6=10B9CA PC=37894 -- 037894: jsr     $260e.w
D0=3500 D1=1B D2=749D0370 D3=FFFF D4=10404980 D5=80410048 D6=1 D7=0 A0=37962 A1=102900 A2=534F0 A3=1087F6 A4=108100 A5=108000 A6=10B9CA PC=260E -- 00260E: move.w  ($580,A5), D7
D0=3500 D1=1B D2=749D0370 D3=FFFF D4=10404980 D5=80410048 D6=1 D7=54 A0=37962 A1=102900 A2=534F0 A3=1087F6 A4=108100 A5=108000 A6=10B9CA PC=2612 -- 002612: bmi     $2670
D0=3500 D1=1B D2=749D0370 D3=FFFF D4=10404980 D5=80410048 D6=1 D7=54 A0=37962 A1=102900 A2=534F0 A3=1087F6 A4=108100 A5=108000 A6=10B9CA PC=2616 -- 002616: subq.w  #2, ($580,A5)
D0=3500 D1=1B D2=749D0370 D3=FFFF D4=10404980 D5=80410048 D6=1 D7=54 A0=37962 A1=102900 A2=534F0 A3=1087F6 A4=108100 A5=108000 A6=10B9CA PC=261A -- 00261A: lea     ($500,A5), A1
D0=3500 D1=1B D2=749D0370 D3=FFFF D4=10404980 D5=80410048 D6=1 D7=54 A0=37962 A1=108500 A2=534F0 A3=1087F6 A4=108100 A5=108000 A6=10B9CA PC=261E -- 00261E: movea.w (A1,D7.w), A1
D0=3500 D1=1B D2=749D0370 D3=FFFF D4=10404980 D5=80410048 D6=1 D7=54 A0=37962 A1=2B00 A2=534F0 A3=1087F6 A4=108100 A5=108000 A6=10B9CA PC=2622 -- 002622: adda.l  #$100000, A1
D0=3500 D1=1B D2=749D0370 D3=FFFF D4=10404980 D5=80410048 D6=1 D7=54 A0=37962 A1=102B00 A2=534F0 A3=1087F6 A4=108100 A5=108000 A6=10B9CA PC=2628 -- 002628: move.l  A0, (A1)
D0=3500 D1=1B D2=749D0370 D3=FFFF D4=10404980 D5=80410048 D6=1 D7=54 A0=37962 A1=102B00 A2=534F0 A3=1087F6 A4=108100 A5=108000 A6=10B9CA PC=262A -- 00262A: move.w  D0, ($8,A1)
D0=3500 D1=1B D2=749D0370 D3=FFFF D4=10404980 D5=80410048 D6=1 D7=54 A0=37962 A1=102B00 A2=534F0 A3=1087F6 A4=108100 A5=108000 A6=10B9CA PC=262E -- 00262E: lea     (-$7f00,A5), A0
D0=3500 D1=1B D2=749D0370 D3=FFFF D4=10404980 D5=80410048 D6=1 D7=54 A0=100100 A1=102B00 A2=534F0 A3=1087F6 A4=108100 A5=108000 A6=10B9CA PC=2632 -- 002632: move.l  A0, D7
D0=3500 D1=1B D2=749D0370 D3=FFFF D4=10404980 D5=80410048 D6=1 D7=100100 A0=100100 A1=102B00 A2=534F0 A3=1087F6 A4=108100 A5=108000 A6=10B9CA PC=2634 -- 002634: move.w  ($4,A0), D7
D0=3500 D1=1B D2=749D0370 D3=FFFF D4=10404980 D5=80410048 D6=1 D7=100500 A0=100100 A1=102B00 A2=534F0 A3=1087F6 A4=108100 A5=108000 A6=10B9CA PC=2638 -- 002638: movea.l D7, A0
D0=3500 D1=1B D2=749D0370 D3=FFFF D4=10404980 D5=80410048 D6=1 D7=100500 A0=100500 A1=102B00 A2=534F0 A3=1087F6 A4=108100 A5=108000 A6=10B9CA PC=263A -- 00263A: cmp.w   ($8,A0), D0
D0=3500 D1=1B D2=749D0370 D3=FFFF D4=10404980 D5=80410048 D6=1 D7=100500 A0=100500 A1=102B00 A2=534F0 A3=1087F6 A4=108100 A5=108000 A6=10B9CA PC=263E -- 00263E: bcc     $2634
D0=3500 D1=1B D2=749D0370 D3=FFFF D4=10404980 D5=80410048 D6=1 D7=100500 A0=100500 A1=102B00 A2=534F0 A3=1087F6 A4=108100 A5=108000 A6=10B9CA PC=2634 -- 002634: move.w  ($4,A0), D7
D0=3500 D1=1B D2=749D0370 D3=FFFF D4=10404980 D5=80410048 D6=1 D7=100700 A0=100500 A1=102B00 A2=534F0 A3=1087F6 A4=108100 A5=108000 A6=10B9CA PC=2638 -- 002638: movea.l D7, A0
D0=3500 D1=1B D2=749D0370 D3=FFFF D4=10404980 D5=80410048 D6=1 D7=100700 A0=100700 A1=102B00 A2=534F0 A3=1087F6 A4=108100 A5=108000 A6=10B9CA PC=263A -- 00263A: cmp.w   ($8,A0), D0
D0=3500 D1=1B D2=749D0370 D3=FFFF D4=10404980 D5=80410048 D6=1 D7=100700 A0=100700 A1=102B00 A2=534F0 A3=1087F6 A4=108100 A5=108000 A6=10B9CA PC=263E -- 00263E: bcc     $2634

   (loops for 72 instructions)

D0=3500 D1=1B D2=749D0370 D3=FFFF D4=10404980 D5=80410048 D6=1 D7=100300 A0=100300 A1=102B00 A2=534F0 A3=1087F6 A4=108100 A5=108000 A6=10B9CA PC=2640 -- 002640: move.w  A0, ($4,A1)
D0=3500 D1=1B D2=749D0370 D3=FFFF D4=10404980 D5=80410048 D6=1 D7=100300 A0=100300 A1=102B00 A2=534F0 A3=1087F6 A4=108100 A5=108000 A6=10B9CA PC=2644 -- 002644: move.w  ($6,A0), ($6,A1)
D0=3500 D1=1B D2=749D0370 D3=FFFF D4=10404980 D5=80410048 D6=1 D7=100300 A0=100300 A1=102B00 A2=534F0 A3=1087F6 A4=108100 A5=108000 A6=10B9CA PC=264A -- 00264A: move.w  ($6,A0), D7
D0=3500 D1=1B D2=749D0370 D3=FFFF D4=10404980 D5=80410048 D6=1 D7=102900 A0=100300 A1=102B00 A2=534F0 A3=1087F6 A4=108100 A5=108000 A6=10B9CA PC=264E -- 00264E: move.w  A1, ($6,A0)
D0=3500 D1=1B D2=749D0370 D3=FFFF D4=10404980 D5=80410048 D6=1 D7=102900 A0=100300 A1=102B00 A2=534F0 A3=1087F6 A4=108100 A5=108000 A6=10B9CA PC=2652 -- 002652: movea.l D7, A0
D0=3500 D1=1B D2=749D0370 D3=FFFF D4=10404980 D5=80410048 D6=1 D7=102900 A0=102900 A1=102B00 A2=534F0 A3=1087F6 A4=108100 A5=108000 A6=10B9CA PC=2654 -- 002654: move.w  A1, ($4,A0)
D0=3500 D1=1B D2=749D0370 D3=FFFF D4=10404980 D5=80410048 D6=1 D7=102900 A0=102900 A1=102B00 A2=534F0 A3=1087F6 A4=108100 A5=108000 A6=10B9CA PC=2658 -- 002658: lea     ($10,A1), A0
D0=3500 D1=1B D2=749D0370 D3=FFFF D4=10404980 D5=80410048 D6=1 D7=102900 A0=102B10 A1=102B00 A2=534F0 A3=1087F6 A4=108100 A5=108000 A6=10B9CA PC=265C -- 00265C: move.w  #$1e, D0
D0=1E D1=1B D2=749D0370 D3=FFFF D4=10404980 D5=80410048 D6=1 D7=102900 A0=102B10 A1=102B00 A2=534F0 A3=1087F6 A4=108100 A5=108000 A6=10B9CA PC=2660 -- 002660: moveq   #$0, D7
D0=1E D1=1B D2=749D0370 D3=FFFF D4=10404980 D5=80410048 D6=1 D7=0 A0=102B10 A1=102B00 A2=534F0 A3=1087F6 A4=108100 A5=108000 A6=10B9CA PC=2662 -- 002662: move.l  D7, (A0)+
D0=1E D1=1B D2=749D0370 D3=FFFF D4=10404980 D5=80410048 D6=1 D7=0 A0=102B14 A1=102B00 A2=534F0 A3=1087F6 A4=108100 A5=108000 A6=10B9CA PC=2664 -- 002664: move.l  D7, (A0)+
D0=1E D1=1B D2=749D0370 D3=FFFF D4=10404980 D5=80410048 D6=1 D7=0 A0=102B18 A1=102B00 A2=534F0 A3=1087F6 A4=108100 A5=108000 A6=10B9CA PC=2666 -- 002666: move.l  D7, (A0)+
D0=1E D1=1B D2=749D0370 D3=FFFF D4=10404980 D5=80410048 D6=1 D7=0 A0=102B1C A1=102B00 A2=534F0 A3=1087F6 A4=108100 A5=108000 A6=10B9CA PC=2668 -- 002668: move.l  D7, (A0)+
D0=1E D1=1B D2=749D0370 D3=FFFF D4=10404980 D5=80410048 D6=1 D7=0 A0=102B20 A1=102B00 A2=534F0 A3=1087F6 A4=108100 A5=108000 A6=10B9CA PC=266A -- 00266A: dbra    D0, $2662
D0=1D D1=1B D2=749D0370 D3=FFFF D4=10404980 D5=80410048 D6=1 D7=0 A0=102B20 A1=102B00 A2=534F0 A3=1087F6 A4=108100 A5=108000 A6=10B9CA PC=2662 -- 002662: move.l  D7, (A0)+
D0=1D D1=1B D2=749D0370 D3=FFFF D4=10404980 D5=80410048 D6=1 D7=0 A0=102B24 A1=102B00 A2=534F0 A3=1087F6 A4=108100 A5=108000 A6=10B9CA PC=2664 -- 002664: move.l  D7, (A0)+
D0=1D D1=1B D2=749D0370 D3=FFFF D4=10404980 D5=80410048 D6=1 D7=0 A0=102B28 A1=102B00 A2=534F0 A3=1087F6 A4=108100 A5=108000 A6=10B9CA PC=2666 -- 002666: move.l  D7, (A0)+
D0=1D D1=1B D2=749D0370 D3=FFFF D4=10404980 D5=80410048 D6=1 D7=0 A0=102B2C A1=102B00 A2=534F0 A3=1087F6 A4=108100 A5=108000 A6=10B9CA PC=2668 -- 002668: move.l  D7, (A0)+
D0=1D D1=1B D2=749D0370 D3=FFFF D4=10404980 D5=80410048 D6=1 D7=0 A0=102B30 A1=102B00 A2=534F0 A3=1087F6 A4=108100 A5=108000 A6=10B9CA PC=266A -- 00266A: dbra    D0, $2662

   (loops for 145 instructions)

D0=FFFF D1=1B D2=749D0370 D3=FFFF D4=10404980 D5=80410048 D6=1 D7=0 A0=102D00 A1=102B00 A2=534F0 A3=1087F6 A4=108100 A5=108000 A6=10B9CA PC=266E -- 00266E: rts
D0=FFFF D1=1B D2=749D0370 D3=FFFF D4=10404980 D5=80410048 D6=1 D7=0 A0=102D00 A1=102B00 A2=534F0 A3=1087F6 A4=108100 A5=108000 A6=10B9CA PC=37898 -- 037898: bsr     $3791c
D0=FFFF D1=1B D2=749D0370 D3=FFFF D4=10404980 D5=80410048 D6=1 D7=0 A0=102D00 A1=102B00 A2=534F0 A3=1087F6 A4=108100 A5=108000 A6=10B9CA PC=3791C -- 03791C: clr.b   ($cf,A1)
D0=FFFF D1=1B D2=749D0370 D3=FFFF D4=10404980 D5=80410048 D6=1 D7=0 A0=102D00 A1=102B00 A2=534F0 A3=1087F6 A4=108100 A5=108000 A6=10B9CA PC=37920 -- 037920: move.l  #$4d454d42, ($10,A1)
D0=FFFF D1=1B D2=749D0370 D3=FFFF D4=10404980 D5=80410048 D6=1 D7=0 A0=102D00 A1=102B00 A2=534F0 A3=1087F6 A4=108100 A5=108000 A6=10B9CA PC=37928 -- 037928: move.l  #$44495350, ($14,A1)
D0=FFFF D1=1B D2=749D0370 D3=FFFF D4=10404980 D5=80410048 D6=1 D7=0 A0=102D00 A1=102B00 A2=534F0 A3=1087F6 A4=108100 A5=108000 A6=10B9CA PC=37930 -- 037930: move.b  #$ff, ($68,A1)
D0=FFFF D1=1B D2=749D0370 D3=FFFF D4=10404980 D5=80410048 D6=1 D7=0 A0=102D00 A1=102B00 A2=534F0 A3=1087F6 A4=108100 A5=108000 A6=10B9CA PC=37936 -- 037936: move.b  #$ff, ($69,A1)
D0=FFFF D1=1B D2=749D0370 D3=FFFF D4=10404980 D5=80410048 D6=1 D7=0 A0=102D00 A1=102B00 A2=534F0 A3=1087F6 A4=108100 A5=108000 A6=10B9CA PC=3793C -- 03793C: clr.l   ($18,A1)
D0=FFFF D1=1B D2=749D0370 D3=FFFF D4=10404980 D5=80410048 D6=1 D7=0 A0=102D00 A1=102B00 A2=534F0 A3=1087F6 A4=108100 A5=108000 A6=10B9CA PC=37940 -- 037940: clr.l   ($1c,A1)
D0=FFFF D1=1B D2=749D0370 D3=FFFF D4=10404980 D5=80410048 D6=1 D7=0 A0=102D00 A1=102B00 A2=534F0 A3=1087F6 A4=108100 A5=108000 A6=10B9CA PC=37944 -- 037944: clr.l   ($20,A1)
D0=FFFF D1=1B D2=749D0370 D3=FFFF D4=10404980 D5=80410048 D6=1 D7=0 A0=102D00 A1=102B00 A2=534F0 A3=1087F6 A4=108100 A5=108000 A6=10B9CA PC=37948 -- 037948: move.w  D5, ($24,A1)
D0=FFFF D1=1B D2=749D0370 D3=FFFF D4=10404980 D5=80410048 D6=1 D7=0 A0=102D00 A1=102B00 A2=534F0 A3=1087F6 A4=108100 A5=108000 A6=10B9CA PC=3794C -- 03794C: move.w  #$b8, ($26,A1)
D0=FFFF D1=1B D2=749D0370 D3=FFFF D4=10404980 D5=80410048 D6=1 D7=0 A0=102D00 A1=102B00 A2=534F0 A3=1087F6 A4=108100 A5=108000 A6=10B9CA PC=37952 -- 037952: move.l  A4, ($84,A1)
D0=FFFF D1=1B D2=749D0370 D3=FFFF D4=10404980 D5=80410048 D6=1 D7=0 A0=102D00 A1=102B00 A2=534F0 A3=1087F6 A4=108100 A5=108000 A6=10B9CA PC=37956 -- 037956: move.l  A1, (A3)+
D0=FFFF D1=1B D2=749D0370 D3=FFFF D4=10404980 D5=80410048 D6=1 D7=0 A0=102D00 A1=102B00 A2=534F0 A3=1087FA A4=108100 A5=108000 A6=10B9CA PC=37958 -- 037958: rts
D0=FFFF D1=1B D2=749D0370 D3=FFFF D4=10404980 D5=80410048 D6=1 D7=0 A0=102D00 A1=102B00 A2=534F0 A3=1087FA A4=108100 A5=108000 A6=10B9CA PC=3789C -- 03789C: moveq   #$2, D0
D0=2 D1=1B D2=749D0370 D3=FFFF D4=10404980 D5=80410048 D6=1 D7=0 A0=102D00 A1=102B00 A2=534F0 A3=1087FA A4=108100 A5=108000 A6=10B9CA PC=3789E -- 03789E: sub.w   D6, D0
D0=1 D1=1B D2=749D0370 D3=FFFF D4=10404980 D5=80410048 D6=1 D7=0 A0=102D00 A1=102B00 A2=534F0 A3=1087FA A4=108100 A5=108000 A6=10B9CA PC=378A0 -- 0378A0: move.w  D0, ($d0,A1)
D0=1 D1=1B D2=749D0370 D3=FFFF D4=10404980 D5=80410048 D6=1 D7=0 A0=102D00 A1=102B00 A2=534F0 A3=1087FA A4=108100 A5=108000 A6=10B9CA PC=378A4 -- 0378A4: move.w  #$6e, ($2c,A1)
D0=1 D1=1B D2=749D0370 D3=FFFF D4=10404980 D5=80410048 D6=1 D7=0 A0=102D00 A1=102B00 A2=534F0 A3=1087FA A4=108100 A5=108000 A6=10B9CA PC=378AA -- 0378AA: add.w   D6, ($2c,A1)
D0=1 D1=1B D2=749D0370 D3=FFFF D4=10404980 D5=80410048 D6=1 D7=0 A0=102D00 A1=102B00 A2=534F0 A3=1087FA A4=108100 A5=108000 A6=10B9CA PC=378AE -- 0378AE: lea     ($aa,PC) ; ($3795a), A0
D0=1 D1=1B D2=749D0370 D3=FFFF D4=10404980 D5=80410048 D6=1 D7=0 A0=3795A A1=102B00 A2=534F0 A3=1087FA A4=108100 A5=108000 A6=10B9CA PC=378B2 -- 0378B2: nop
D0=1 D1=1B D2=749D0370 D3=FFFF D4=10404980 D5=80410048 D6=1 D7=0 A0=3795A A1=102B00 A2=534F0 A3=1087FA A4=108100 A5=108000 A6=10B9CA PC=378B4 -- 0378B4: move.b  (A0,D0.w), ($30,A1)
D0=1 D1=1B D2=749D0370 D3=FFFF D4=10404980 D5=80410048 D6=1 D7=0 A0=3795A A1=102B00 A2=534F0 A3=1087FA A4=108100 A5=108000 A6=10B9CA PC=378BA -- 0378BA: addi.w  #$20, D5
D0=1 D1=1B D2=749D0370 D3=FFFF D4=10404980 D5=80410068 D6=1 D7=0 A0=3795A A1=102B00 A2=534F0 A3=1087FA A4=108100 A5=108000 A6=10B9CA PC=378BE -- 0378BE: dbra    D6, $3788c
D0=1 D1=1B D2=749D0370 D3=FFFF D4=10404980 D5=80410068 D6=0 D7=0 A0=3795A A1=102B00 A2=534F0 A3=1087FA A4=108100 A5=108000 A6=10B9CA PC=3788C -- 03788C: lea     ($d4,PC) ; ($37962), A0
D0=1 D1=1B D2=749D0370 D3=FFFF D4=10404980 D5=80410068 D6=0 D7=0 A0=37962 A1=102B00 A2=534F0 A3=1087FA A4=108100 A5=108000 A6=10B9CA PC=37890 -- 037890: move.w  #$3500, D0
D0=3500 D1=1B D2=749D0370 D3=FFFF D4=10404980 D5=80410068 D6=0 D7=0 A0=37962 A1=102B00 A2=534F0 A3=1087FA A4=108100 A5=108000 A6=10B9CA PC=37894 -- 037894: jsr     $260e.w
D0=3500 D1=1B D2=749D0370 D3=FFFF D4=10404980 D5=80410068 D6=0 D7=0 A0=37962 A1=102B00 A2=534F0 A3=1087FA A4=108100 A5=108000 A6=10B9CA PC=260E -- 00260E: move.w  ($580,A5), D7
D0=3500 D1=1B D2=749D0370 D3=FFFF D4=10404980 D5=80410068 D6=0 D7=52 A0=37962 A1=102B00 A2=534F0 A3=1087FA A4=108100 A5=108000 A6=10B9CA PC=2612 -- 002612: bmi     $2670
D0=3500 D1=1B D2=749D0370 D3=FFFF D4=10404980 D5=80410068 D6=0 D7=52 A0=37962 A1=102B00 A2=534F0 A3=1087FA A4=108100 A5=108000 A6=10B9CA PC=2616 -- 002616: subq.w  #2, ($580,A5)
D0=3500 D1=1B D2=749D0370 D3=FFFF D4=10404980 D5=80410068 D6=0 D7=52 A0=37962 A1=102B00 A2=534F0 A3=1087FA A4=108100 A5=108000 A6=10B9CA PC=261A -- 00261A: lea     ($500,A5), A1
D0=3500 D1=1B D2=749D0370 D3=FFFF D4=10404980 D5=80410068 D6=0 D7=52 A0=37962 A1=108500 A2=534F0 A3=1087FA A4=108100 A5=108000 A6=10B9CA PC=261E -- 00261E: movea.w (A1,D7.w), A1
D0=3500 D1=1B D2=749D0370 D3=FFFF D4=10404980 D5=80410068 D6=0 D7=52 A0=37962 A1=2D00 A2=534F0 A3=1087FA A4=108100 A5=108000 A6=10B9CA PC=2622 -- 002622: adda.l  #$100000, A1
D0=3500 D1=1B D2=749D0370 D3=FFFF D4=10404980 D5=80410068 D6=0 D7=52 A0=37962 A1=102D00 A2=534F0 A3=1087FA A4=108100 A5=108000 A6=10B9CA PC=2628 -- 002628: move.l  A0, (A1)
D0=3500 D1=1B D2=749D0370 D3=FFFF D4=10404980 D5=80410068 D6=0 D7=52 A0=37962 A1=102D00 A2=534F0 A3=1087FA A4=108100 A5=108000 A6=10B9CA PC=262A -- 00262A: move.w  D0, ($8,A1)
D0=3500 D1=1B D2=749D0370 D3=FFFF D4=10404980 D5=80410068 D6=0 D7=52 A0=37962 A1=102D00 A2=534F0 A3=1087FA A4=108100 A5=108000 A6=10B9CA PC=262E -- 00262E: lea     (-$7f00,A5), A0
D0=3500 D1=1B D2=749D0370 D3=FFFF D4=10404980 D5=80410068 D6=0 D7=52 A0=100100 A1=102D00 A2=534F0 A3=1087FA A4=108100 A5=108000 A6=10B9CA PC=2632 -- 002632: move.l  A0, D7
D0=3500 D1=1B D2=749D0370 D3=FFFF D4=10404980 D5=80410068 D6=0 D7=100100 A0=100100 A1=102D00 A2=534F0 A3=1087FA A4=108100 A5=108000 A6=10B9CA PC=2634 -- 002634: move.w  ($4,A0), D7
D0=3500 D1=1B D2=749D0370 D3=FFFF D4=10404980 D5=80410068 D6=0 D7=100500 A0=100100 A1=102D00 A2=534F0 A3=1087FA A4=108100 A5=108000 A6=10B9CA PC=2638 -- 002638: movea.l D7, A0
D0=3500 D1=1B D2=749D0370 D3=FFFF D4=10404980 D5=80410068 D6=0 D7=100500 A0=100500 A1=102D00 A2=534F0 A3=1087FA A4=108100 A5=108000 A6=10B9CA PC=263A -- 00263A: cmp.w   ($8,A0), D0
D0=3500 D1=1B D2=749D0370 D3=FFFF D4=10404980 D5=80410068 D6=0 D7=100500 A0=100500 A1=102D00 A2=534F0 A3=1087FA A4=108100 A5=108000 A6=10B9CA PC=263E -- 00263E: bcc     $2634
D0=3500 D1=1B D2=749D0370 D3=FFFF D4=10404980 D5=80410068 D6=0 D7=100500 A0=100500 A1=102D00 A2=534F0 A3=1087FA A4=108100 A5=108000 A6=10B9CA PC=2634 -- 002634: move.w  ($4,A0), D7
D0=3500 D1=1B D2=749D0370 D3=FFFF D4=10404980 D5=80410068 D6=0 D7=100700 A0=100500 A1=102D00 A2=534F0 A3=1087FA A4=108100 A5=108000 A6=10B9CA PC=2638 -- 002638: movea.l D7, A0
D0=3500 D1=1B D2=749D0370 D3=FFFF D4=10404980 D5=80410068 D6=0 D7=100700 A0=100700 A1=102D00 A2=534F0 A3=1087FA A4=108100 A5=108000 A6=10B9CA PC=263A -- 00263A: cmp.w   ($8,A0), D0
D0=3500 D1=1B D2=749D0370 D3=FFFF D4=10404980 D5=80410068 D6=0 D7=100700 A0=100700 A1=102D00 A2=534F0 A3=1087FA A4=108100 A5=108000 A6=10B9CA PC=263E -- 00263E: bcc     $2634

   (loops for 76 instructions)

D0=3500 D1=1B D2=749D0370 D3=FFFF D4=10404980 D5=80410068 D6=0 D7=100300 A0=100300 A1=102D00 A2=534F0 A3=1087FA A4=108100 A5=108000 A6=10B9CA PC=2640 -- 002640: move.w  A0, ($4,A1)
D0=3500 D1=1B D2=749D0370 D3=FFFF D4=10404980 D5=80410068 D6=0 D7=100300 A0=100300 A1=102D00 A2=534F0 A3=1087FA A4=108100 A5=108000 A6=10B9CA PC=2644 -- 002644: move.w  ($6,A0), ($6,A1)
D0=3500 D1=1B D2=749D0370 D3=FFFF D4=10404980 D5=80410068 D6=0 D7=100300 A0=100300 A1=102D00 A2=534F0 A3=1087FA A4=108100 A5=108000 A6=10B9CA PC=264A -- 00264A: move.w  ($6,A0), D7
D0=3500 D1=1B D2=749D0370 D3=FFFF D4=10404980 D5=80410068 D6=0 D7=102B00 A0=100300 A1=102D00 A2=534F0 A3=1087FA A4=108100 A5=108000 A6=10B9CA PC=264E -- 00264E: move.w  A1, ($6,A0)
D0=3500 D1=1B D2=749D0370 D3=FFFF D4=10404980 D5=80410068 D6=0 D7=102B00 A0=100300 A1=102D00 A2=534F0 A3=1087FA A4=108100 A5=108000 A6=10B9CA PC=2652 -- 002652: movea.l D7, A0
D0=3500 D1=1B D2=749D0370 D3=FFFF D4=10404980 D5=80410068 D6=0 D7=102B00 A0=102B00 A1=102D00 A2=534F0 A3=1087FA A4=108100 A5=108000 A6=10B9CA PC=2654 -- 002654: move.w  A1, ($4,A0)
D0=3500 D1=1B D2=749D0370 D3=FFFF D4=10404980 D5=80410068 D6=0 D7=102B00 A0=102B00 A1=102D00 A2=534F0 A3=1087FA A4=108100 A5=108000 A6=10B9CA PC=2658 -- 002658: lea     ($10,A1), A0
D0=3500 D1=1B D2=749D0370 D3=FFFF D4=10404980 D5=80410068 D6=0 D7=102B00 A0=102D10 A1=102D00 A2=534F0 A3=1087FA A4=108100 A5=108000 A6=10B9CA PC=265C -- 00265C: move.w  #$1e, D0
D0=1E D1=1B D2=749D0370 D3=FFFF D4=10404980 D5=80410068 D6=0 D7=102B00 A0=102D10 A1=102D00 A2=534F0 A3=1087FA A4=108100 A5=108000 A6=10B9CA PC=2660 -- 002660: moveq   #$0, D7
D0=1E D1=1B D2=749D0370 D3=FFFF D4=10404980 D5=80410068 D6=0 D7=0 A0=102D10 A1=102D00 A2=534F0 A3=1087FA A4=108100 A5=108000 A6=10B9CA PC=2662 -- 002662: move.l  D7, (A0)+
D0=1E D1=1B D2=749D0370 D3=FFFF D4=10404980 D5=80410068 D6=0 D7=0 A0=102D14 A1=102D00 A2=534F0 A3=1087FA A4=108100 A5=108000 A6=10B9CA PC=2664 -- 002664: move.l  D7, (A0)+
D0=1E D1=1B D2=749D0370 D3=FFFF D4=10404980 D5=80410068 D6=0 D7=0 A0=102D18 A1=102D00 A2=534F0 A3=1087FA A4=108100 A5=108000 A6=10B9CA PC=2666 -- 002666: move.l  D7, (A0)+
D0=1E D1=1B D2=749D0370 D3=FFFF D4=10404980 D5=80410068 D6=0 D7=0 A0=102D1C A1=102D00 A2=534F0 A3=1087FA A4=108100 A5=108000 A6=10B9CA PC=2668 -- 002668: move.l  D7, (A0)+
D0=1E D1=1B D2=749D0370 D3=FFFF D4=10404980 D5=80410068 D6=0 D7=0 A0=102D20 A1=102D00 A2=534F0 A3=1087FA A4=108100 A5=108000 A6=10B9CA PC=266A -- 00266A: dbra    D0, $2662
D0=1D D1=1B D2=749D0370 D3=FFFF D4=10404980 D5=80410068 D6=0 D7=0 A0=102D20 A1=102D00 A2=534F0 A3=1087FA A4=108100 A5=108000 A6=10B9CA PC=2662 -- 002662: move.l  D7, (A0)+
D0=1D D1=1B D2=749D0370 D3=FFFF D4=10404980 D5=80410068 D6=0 D7=0 A0=102D24 A1=102D00 A2=534F0 A3=1087FA A4=108100 A5=108000 A6=10B9CA PC=2664 -- 002664: move.l  D7, (A0)+
D0=1D D1=1B D2=749D0370 D3=FFFF D4=10404980 D5=80410068 D6=0 D7=0 A0=102D28 A1=102D00 A2=534F0 A3=1087FA A4=108100 A5=108000 A6=10B9CA PC=2666 -- 002666: move.l  D7, (A0)+
D0=1D D1=1B D2=749D0370 D3=FFFF D4=10404980 D5=80410068 D6=0 D7=0 A0=102D2C A1=102D00 A2=534F0 A3=1087FA A4=108100 A5=108000 A6=10B9CA PC=2668 -- 002668: move.l  D7, (A0)+
D0=1D D1=1B D2=749D0370 D3=FFFF D4=10404980 D5=80410068 D6=0 D7=0 A0=102D30 A1=102D00 A2=534F0 A3=1087FA A4=108100 A5=108000 A6=10B9CA PC=266A -- 00266A: dbra    D0, $2662

   (loops for 145 instructions)

D0=FFFF D1=1B D2=749D0370 D3=FFFF D4=10404980 D5=80410068 D6=0 D7=0 A0=102F00 A1=102D00 A2=534F0 A3=1087FA A4=108100 A5=108000 A6=10B9CA PC=266E -- 00266E: rts
D0=FFFF D1=1B D2=749D0370 D3=FFFF D4=10404980 D5=80410068 D6=0 D7=0 A0=102F00 A1=102D00 A2=534F0 A3=1087FA A4=108100 A5=108000 A6=10B9CA PC=37898 -- 037898: bsr     $3791c
D0=FFFF D1=1B D2=749D0370 D3=FFFF D4=10404980 D5=80410068 D6=0 D7=0 A0=102F00 A1=102D00 A2=534F0 A3=1087FA A4=108100 A5=108000 A6=10B9CA PC=3791C -- 03791C: clr.b   ($cf,A1)
D0=FFFF D1=1B D2=749D0370 D3=FFFF D4=10404980 D5=80410068 D6=0 D7=0 A0=102F00 A1=102D00 A2=534F0 A3=1087FA A4=108100 A5=108000 A6=10B9CA PC=37920 -- 037920: move.l  #$4d454d42, ($10,A1)
D0=FFFF D1=1B D2=749D0370 D3=FFFF D4=10404980 D5=80410068 D6=0 D7=0 A0=102F00 A1=102D00 A2=534F0 A3=1087FA A4=108100 A5=108000 A6=10B9CA PC=37928 -- 037928: move.l  #$44495350, ($14,A1)
D0=FFFF D1=1B D2=749D0370 D3=FFFF D4=10404980 D5=80410068 D6=0 D7=0 A0=102F00 A1=102D00 A2=534F0 A3=1087FA A4=108100 A5=108000 A6=10B9CA PC=37930 -- 037930: move.b  #$ff, ($68,A1)
D0=FFFF D1=1B D2=749D0370 D3=FFFF D4=10404980 D5=80410068 D6=0 D7=0 A0=102F00 A1=102D00 A2=534F0 A3=1087FA A4=108100 A5=108000 A6=10B9CA PC=37936 -- 037936: move.b  #$ff, ($69,A1)
D0=FFFF D1=1B D2=749D0370 D3=FFFF D4=10404980 D5=80410068 D6=0 D7=0 A0=102F00 A1=102D00 A2=534F0 A3=1087FA A4=108100 A5=108000 A6=10B9CA PC=3793C -- 03793C: clr.l   ($18,A1)
D0=FFFF D1=1B D2=749D0370 D3=FFFF D4=10404980 D5=80410068 D6=0 D7=0 A0=102F00 A1=102D00 A2=534F0 A3=1087FA A4=108100 A5=108000 A6=10B9CA PC=37940 -- 037940: clr.l   ($1c,A1)
D0=FFFF D1=1B D2=749D0370 D3=FFFF D4=10404980 D5=80410068 D6=0 D7=0 A0=102F00 A1=102D00 A2=534F0 A3=1087FA A4=108100 A5=108000 A6=10B9CA PC=37944 -- 037944: clr.l   ($20,A1)
D0=FFFF D1=1B D2=749D0370 D3=FFFF D4=10404980 D5=80410068 D6=0 D7=0 A0=102F00 A1=102D00 A2=534F0 A3=1087FA A4=108100 A5=108000 A6=10B9CA PC=37948 -- 037948: move.w  D5, ($24,A1)
D0=FFFF D1=1B D2=749D0370 D3=FFFF D4=10404980 D5=80410068 D6=0 D7=0 A0=102F00 A1=102D00 A2=534F0 A3=1087FA A4=108100 A5=108000 A6=10B9CA PC=3794C -- 03794C: move.w  #$b8, ($26,A1)
D0=FFFF D1=1B D2=749D0370 D3=FFFF D4=10404980 D5=80410068 D6=0 D7=0 A0=102F00 A1=102D00 A2=534F0 A3=1087FA A4=108100 A5=108000 A6=10B9CA PC=37952 -- 037952: move.l  A4, ($84,A1)
D0=FFFF D1=1B D2=749D0370 D3=FFFF D4=10404980 D5=80410068 D6=0 D7=0 A0=102F00 A1=102D00 A2=534F0 A3=1087FA A4=108100 A5=108000 A6=10B9CA PC=37956 -- 037956: move.l  A1, (A3)+
D0=FFFF D1=1B D2=749D0370 D3=FFFF D4=10404980 D5=80410068 D6=0 D7=0 A0=102F00 A1=102D00 A2=534F0 A3=1087FE A4=108100 A5=108000 A6=10B9CA PC=37958 -- 037958: rts
D0=FFFF D1=1B D2=749D0370 D3=FFFF D4=10404980 D5=80410068 D6=0 D7=0 A0=102F00 A1=102D00 A2=534F0 A3=1087FE A4=108100 A5=108000 A6=10B9CA PC=3789C -- 03789C: moveq   #$2, D0
D0=2 D1=1B D2=749D0370 D3=FFFF D4=10404980 D5=80410068 D6=0 D7=0 A0=102F00 A1=102D00 A2=534F0 A3=1087FE A4=108100 A5=108000 A6=10B9CA PC=3789E -- 03789E: sub.w   D6, D0
D0=2 D1=1B D2=749D0370 D3=FFFF D4=10404980 D5=80410068 D6=0 D7=0 A0=102F00 A1=102D00 A2=534F0 A3=1087FE A4=108100 A5=108000 A6=10B9CA PC=378A0 -- 0378A0: move.w  D0, ($d0,A1)
D0=2 D1=1B D2=749D0370 D3=FFFF D4=10404980 D5=80410068 D6=0 D7=0 A0=102F00 A1=102D00 A2=534F0 A3=1087FE A4=108100 A5=108000 A6=10B9CA PC=378A4 -- 0378A4: move.w  #$6e, ($2c,A1)
D0=2 D1=1B D2=749D0370 D3=FFFF D4=10404980 D5=80410068 D6=0 D7=0 A0=102F00 A1=102D00 A2=534F0 A3=1087FE A4=108100 A5=108000 A6=10B9CA PC=378AA -- 0378AA: add.w   D6, ($2c,A1)
D0=2 D1=1B D2=749D0370 D3=FFFF D4=10404980 D5=80410068 D6=0 D7=0 A0=102F00 A1=102D00 A2=534F0 A3=1087FE A4=108100 A5=108000 A6=10B9CA PC=378AE -- 0378AE: lea     ($aa,PC) ; ($3795a), A0
D0=2 D1=1B D2=749D0370 D3=FFFF D4=10404980 D5=80410068 D6=0 D7=0 A0=3795A A1=102D00 A2=534F0 A3=1087FE A4=108100 A5=108000 A6=10B9CA PC=378B2 -- 0378B2: nop
D0=2 D1=1B D2=749D0370 D3=FFFF D4=10404980 D5=80410068 D6=0 D7=0 A0=3795A A1=102D00 A2=534F0 A3=1087FE A4=108100 A5=108000 A6=10B9CA PC=378B4 -- 0378B4: move.b  (A0,D0.w), ($30,A1)
D0=2 D1=1B D2=749D0370 D3=FFFF D4=10404980 D5=80410068 D6=0 D7=0 A0=3795A A1=102D00 A2=534F0 A3=1087FE A4=108100 A5=108000 A6=10B9CA PC=378BA -- 0378BA: addi.w  #$20, D5
D0=2 D1=1B D2=749D0370 D3=FFFF D4=10404980 D5=80410088 D6=0 D7=0 A0=3795A A1=102D00 A2=534F0 A3=1087FE A4=108100 A5=108000 A6=10B9CA PC=378BE -- 0378BE: dbra    D6, $3788c
D0=2 D1=1B D2=749D0370 D3=FFFF D4=10404980 D5=80410088 D6=FFFF D7=0 A0=3795A A1=102D00 A2=534F0 A3=1087FE A4=108100 A5=108000 A6=10B9CA PC=378C2 -- 0378C2: rts
D0=2 D1=1B D2=749D0370 D3=FFFF D4=10404980 D5=80410088 D6=FFFF D7=0 A0=3795A A1=102D00 A2=534F0 A3=1087FE A4=108100 A5=108000 A6=10B9CA PC=37242 -- 037242: move.b  #$ff, ($68,A4)
D0=2 D1=1B D2=749D0370 D3=FFFF D4=10404980 D5=80410088 D6=FFFF D7=0 A0=3795A A1=102D00 A2=534F0 A3=1087FE A4=108100 A5=108000 A6=10B9CA PC=37248 -- 037248: move.b  #$ff, ($69,A4)
D0=2 D1=1B D2=749D0370 D3=FFFF D4=10404980 D5=80410088 D6=FFFF D7=0 A0=3795A A1=102D00 A2=534F0 A3=1087FE A4=108100 A5=108000 A6=10B9CA PC=3724E -- 03724E: clr.l   ($18,A4)
D0=2 D1=1B D2=749D0370 D3=FFFF D4=10404980 D5=80410088 D6=FFFF D7=0 A0=3795A A1=102D00 A2=534F0 A3=1087FE A4=108100 A5=108000 A6=10B9CA PC=37252 -- 037252: clr.l   ($1c,A4)
D0=2 D1=1B D2=749D0370 D3=FFFF D4=10404980 D5=80410088 D6=FFFF D7=0 A0=3795A A1=102D00 A2=534F0 A3=1087FE A4=108100 A5=108000 A6=10B9CA PC=37256 -- 037256: clr.l   ($20,A4)
D0=2 D1=1B D2=749D0370 D3=FFFF D4=10404980 D5=80410088 D6=FFFF D7=0 A0=3795A A1=102D00 A2=534F0 A3=1087FE A4=108100 A5=108000 A6=10B9CA PC=3725A -- 03725A: bsr     $373d8
D0=2 D1=1B D2=749D0370 D3=FFFF D4=10404980 D5=80410088 D6=FFFF D7=0 A0=3795A A1=102D00 A2=534F0 A3=1087FE A4=108100 A5=108000 A6=10B9CA PC=373D8 -- 0373D8: moveq   #$0, D0
D0=0 D1=1B D2=749D0370 D3=FFFF D4=10404980 D5=80410088 D6=FFFF D7=0 A0=3795A A1=102D00 A2=534F0 A3=1087FE A4=108100 A5=108000 A6=10B9CA PC=373DA -- 0373DA: move.b  ($131,A4), D0
D0=5 D1=1B D2=749D0370 D3=FFFF D4=10404980 D5=80410088 D6=FFFF D7=0 A0=3795A A1=102D00 A2=534F0 A3=1087FE A4=108100 A5=108000 A6=10B9CA PC=373DE -- 0373DE: add.w   D0, D0
D0=A D1=1B D2=749D0370 D3=FFFF D4=10404980 D5=80410088 D6=FFFF D7=0 A0=3795A A1=102D00 A2=534F0 A3=1087FE A4=108100 A5=108000 A6=10B9CA PC=373E0 -- 0373E0: add.w   D0, D0
D0=14 D1=1B D2=749D0370 D3=FFFF D4=10404980 D5=80410088 D6=FFFF D7=0 A0=3795A A1=102D00 A2=534F0 A3=1087FE A4=108100 A5=108000 A6=10B9CA PC=373E2 -- 0373E2: lea     $534b8.l, A0
D0=14 D1=1B D2=749D0370 D3=FFFF D4=10404980 D5=80410088 D6=FFFF D7=0 A0=534B8 A1=102D00 A2=534F0 A3=1087FE A4=108100 A5=108000 A6=10B9CA PC=373E8 -- 0373E8: move.w  (A0,D0.w), ($18,A4)
D0=14 D1=1B D2=749D0370 D3=FFFF D4=10404980 D5=80410088 D6=FFFF D7=0 A0=534B8 A1=102D00 A2=534F0 A3=1087FE A4=108100 A5=108000 A6=10B9CA PC=373EE -- 0373EE: move.w  ($2,A0,D0.w), ($1c,A4)
D0=14 D1=1B D2=749D0370 D3=FFFF D4=10404980 D5=80410088 D6=FFFF D7=0 A0=534B8 A1=102D00 A2=534F0 A3=1087FE A4=108100 A5=108000 A6=10B9CA PC=373F4 -- 0373F4: rts
D0=14 D1=1B D2=749D0370 D3=FFFF D4=10404980 D5=80410088 D6=FFFF D7=0 A0=534B8 A1=102D00 A2=534F0 A3=1087FE A4=108100 A5=108000 A6=10B9CA PC=3725E -- 03725E: move.w  #$78, ($2c,A4)
D0=14 D1=1B D2=749D0370 D3=FFFF D4=10404980 D5=80410088 D6=FFFF D7=0 A0=534B8 A1=102D00 A2=534F0 A3=1087FE A4=108100 A5=108000 A6=10B9CA PC=37264 -- 037264: move.w  #$1b, ($70,A4)
D0=14 D1=1B D2=749D0370 D3=FFFF D4=10404980 D5=80410088 D6=FFFF D7=0 A0=534B8 A1=102D00 A2=534F0 A3=1087FE A4=108100 A5=108000 A6=10B9CA PC=3726A -- 03726A: clr.w   ($d0,A4)
D0=14 D1=1B D2=749D0370 D3=FFFF D4=10404980 D5=80410088 D6=FFFF D7=0 A0=534B8 A1=102D00 A2=534F0 A3=1087FE A4=108100 A5=108000 A6=10B9CA PC=3726E -- 03726E: move.l  #$37274, (A4)
D0=14 D1=1B D2=749D0370 D3=FFFF D4=10404980 D5=80410088 D6=FFFF D7=0 A0=534B8 A1=102D00 A2=534F0 A3=1087FE A4=108100 A5=108000 A6=10B9CA PC=37274 -- 037274: btst    #$0, ($cf,A4)
D0=14 D1=1B D2=749D0370 D3=FFFF D4=10404980 D5=80410088 D6=FFFF D7=0 A0=534B8 A1=102D00 A2=534F0 A3=1087FE A4=108100 A5=108000 A6=10B9CA PC=3727A -- 03727A: bne     $372c6
D0=14 D1=1B D2=749D0370 D3=FFFF D4=10404980 D5=80410088 D6=FFFF D7=0 A0=534B8 A1=102D00 A2=534F0 A3=1087FE A4=108100 A5=108000 A6=10B9CA PC=3727C -- 03727C: tst.b   ($130,A4)
D0=14 D1=1B D2=749D0370 D3=FFFF D4=10404980 D5=80410088 D6=FFFF D7=0 A0=534B8 A1=102D00 A2=534F0 A3=1087FE A4=108100 A5=108000 A6=10B9CA PC=37280 -- 037280: bpl     $37298
D0=14 D1=1B D2=749D0370 D3=FFFF D4=10404980 D5=80410088 D6=FFFF D7=0 A0=534B8 A1=102D00 A2=534F0 A3=1087FE A4=108100 A5=108000 A6=10B9CA PC=37282 -- 037282: move.w  #$43, ($72,A4)
D0=14 D1=1B D2=749D0370 D3=FFFF D4=10404980 D5=80410088 D6=FFFF D7=0 A0=534B8 A1=102D00 A2=534F0 A3=1087FE A4=108100 A5=108000 A6=10B9CA PC=37288 -- 037288: btst    #$0, ($130,A4)
D0=14 D1=1B D2=749D0370 D3=FFFF D4=10404980 D5=80410088 D6=FFFF D7=0 A0=534B8 A1=102D00 A2=534F0 A3=1087FE A4=108100 A5=108000 A6=10B9CA PC=3728E -- 03728E: bne     $372b0
D0=14 D1=1B D2=749D0370 D3=FFFF D4=10404980 D5=80410088 D6=FFFF D7=0 A0=534B8 A1=102D00 A2=534F0 A3=1087FE A4=108100 A5=108000 A6=10B9CA PC=372B0 -- 0372B0: bsr     $372da
D0=14 D1=1B D2=749D0370 D3=FFFF D4=10404980 D5=80410088 D6=FFFF D7=0 A0=534B8 A1=102D00 A2=534F0 A3=1087FE A4=108100 A5=108000 A6=10B9CA PC=372DA -- 0372DA: move.b  ($130,A4), D0
D0=81 D1=1B D2=749D0370 D3=FFFF D4=10404980 D5=80410088 D6=FFFF D7=0 A0=534B8 A1=102D00 A2=534F0 A3=1087FE A4=108100 A5=108000 A6=10B9CA PC=372DE -- 0372DE: andi.b  #$7f, D0
D0=1 D1=1B D2=749D0370 D3=FFFF D4=10404980 D5=80410088 D6=FFFF D7=0 A0=534B8 A1=102D00 A2=534F0 A3=1087FE A4=108100 A5=108000 A6=10B9CA PC=372E2 -- 0372E2: addq.b  #1, D0
D0=2 D1=1B D2=749D0370 D3=FFFF D4=10404980 D5=80410088 D6=FFFF D7=0 A0=534B8 A1=102D00 A2=534F0 A3=1087FE A4=108100 A5=108000 A6=10B9CA PC=372E4 -- 0372E4: btst    D0, ($7e6,A5)
D0=2 D1=1B D2=749D0370 D3=FFFF D4=10404980 D5=80410088 D6=FFFF D7=0 A0=534B8 A1=102D00 A2=534F0 A3=1087FE A4=108100 A5=108000 A6=10B9CA PC=372E8 -- 0372E8: bne     $37310
D0=2 D1=1B D2=749D0370 D3=FFFF D4=10404980 D5=80410088 D6=FFFF D7=0 A0=534B8 A1=102D00 A2=534F0 A3=1087FE A4=108100 A5=108000 A6=10B9CA PC=372EA -- 0372EA: move.b  ($1,A6), D0
D0=0 D1=1B D2=749D0370 D3=FFFF D4=10404980 D5=80410088 D6=FFFF D7=0 A0=534B8 A1=102D00 A2=534F0 A3=1087FE A4=108100 A5=108000 A6=10B9CA PC=372EE -- 0372EE: andi.w  #$f, D0
D0=0 D1=1B D2=749D0370 D3=FFFF D4=10404980 D5=80410088 D6=FFFF D7=0 A0=534B8 A1=102D00 A2=534F0 A3=1087FE A4=108100 A5=108000 A6=10B9CA PC=372F2 -- 0372F2: lea     ($22,PC) ; ($37316), A0
D0=0 D1=1B D2=749D0370 D3=FFFF D4=10404980 D5=80410088 D6=FFFF D7=0 A0=37316 A1=102D00 A2=534F0 A3=1087FE A4=108100 A5=108000 A6=10B9CA PC=372F6 -- 0372F6: nop
D0=0 D1=1B D2=749D0370 D3=FFFF D4=10404980 D5=80410088 D6=FFFF D7=0 A0=37316 A1=102D00 A2=534F0 A3=1087FE A4=108100 A5=108000 A6=10B9CA PC=372F8 -- 0372F8: moveq   #$0, D1
D0=0 D1=0 D2=749D0370 D3=FFFF D4=10404980 D5=80410088 D6=FFFF D7=0 A0=37316 A1=102D00 A2=534F0 A3=1087FE A4=108100 A5=108000 A6=10B9CA PC=372FA -- 0372FA: move.b  (A0,D0.w), D1
D0=0 D1=FF D2=749D0370 D3=FFFF D4=10404980 D5=80410088 D6=FFFF D7=0 A0=37316 A1=102D00 A2=534F0 A3=1087FE A4=108100 A5=108000 A6=10B9CA PC=372FE -- 0372FE: bmi     $37310
D0=0 D1=FF D2=749D0370 D3=FFFF D4=10404980 D5=80410088 D6=FFFF D7=0 A0=37316 A1=102D00 A2=534F0 A3=1087FE A4=108100 A5=108000 A6=10B9CA PC=37310 -- 037310: bsr     $373f6
D0=0 D1=FF D2=749D0370 D3=FFFF D4=10404980 D5=80410088 D6=FFFF D7=0 A0=37316 A1=102D00 A2=534F0 A3=1087FE A4=108100 A5=108000 A6=10B9CA PC=373F6 -- 0373F6: lea     $53538.l, A0
D0=0 D1=FF D2=749D0370 D3=FFFF D4=10404980 D5=80410088 D6=FFFF D7=0 A0=53538 A1=102D00 A2=534F0 A3=1087FE A4=108100 A5=108000 A6=10B9CA PC=373FC -- 0373FC: btst    #$0, ($130,A4)
D0=0 D1=FF D2=749D0370 D3=FFFF D4=10404980 D5=80410088 D6=FFFF D7=0 A0=53538 A1=102D00 A2=534F0 A3=1087FE A4=108100 A5=108000 A6=10B9CA PC=37402 -- 037402: bne     $3740a
D0=0 D1=FF D2=749D0370 D3=FFFF D4=10404980 D5=80410088 D6=FFFF D7=0 A0=53538 A1=102D00 A2=534F0 A3=1087FE A4=108100 A5=108000 A6=10B9CA PC=3740A -- 03740A: moveq   #$0, D0
D0=0 D1=FF D2=749D0370 D3=FFFF D4=10404980 D5=80410088 D6=FFFF D7=0 A0=53538 A1=102D00 A2=534F0 A3=1087FE A4=108100 A5=108000 A6=10B9CA PC=3740C -- 03740C: move.b  ($131,A4), D0
D0=5 D1=FF D2=749D0370 D3=FFFF D4=10404980 D5=80410088 D6=FFFF D7=0 A0=53538 A1=102D00 A2=534F0 A3=1087FE A4=108100 A5=108000 A6=10B9CA PC=37410 -- 037410: add.w   D0, D0
D0=A D1=FF D2=749D0370 D3=FFFF D4=10404980 D5=80410088 D6=FFFF D7=0 A0=53538 A1=102D00 A2=534F0 A3=1087FE A4=108100 A5=108000 A6=10B9CA PC=37412 -- 037412: add.w   D0, D0
D0=14 D1=FF D2=749D0370 D3=FFFF D4=10404980 D5=80410088 D6=FFFF D7=0 A0=53538 A1=102D00 A2=534F0 A3=1087FE A4=108100 A5=108000 A6=10B9CA PC=37414 -- 037414: movea.l (A0,D0.w), A0
D0=14 D1=FF D2=749D0370 D3=FFFF D4=10404980 D5=80410088 D6=FFFF D7=0 A0=53580 A1=102D00 A2=534F0 A3=1087FE A4=108100 A5=108000 A6=10B9CA PC=37418 -- 037418: move.b  #$ff, ($46fe,A5)
D0=14 D1=FF D2=749D0370 D3=FFFF D4=10404980 D5=80410088 D6=FFFF D7=0 A0=53580 A1=102D00 A2=534F0 A3=1087FE A4=108100 A5=108000 A6=10B9CA PC=3741E -- 03741E: jsr     $6086.w
D0=14 D1=FF D2=749D0370 D3=FFFF D4=10404980 D5=80410088 D6=FFFF D7=0 A0=53580 A1=102D00 A2=534F0 A3=1087FE A4=108100 A5=108000 A6=10B9CA PC=6086 -- 006086: move.b  (A0), D0
D0=70 D1=FF D2=749D0370 D3=FFFF D4=10404980 D5=80410088 D6=FFFF D7=0 A0=53580 A1=102D00 A2=534F0 A3=1087FE A4=108100 A5=108000 A6=10B9CA PC=6088 -- 006088: move.b  D0, -(A7)
D0=70 D1=FF D2=749D0370 D3=FFFF D4=10404980 D5=80410088 D6=FFFF D7=0 A0=53580 A1=102D00 A2=534F0 A3=1087FE A4=108100 A5=108000 A6=10B9CA PC=608A -- 00608A: move.w  (A7)+, D0
D0=700F D1=FF D2=749D0370 D3=FFFF D4=10404980 D5=80410088 D6=FFFF D7=0 A0=53580 A1=102D00 A2=534F0 A3=1087FE A4=108100 A5=108000 A6=10B9CA PC=608C -- 00608C: move.b  ($1,A0), D0
D0=7067 D1=FF D2=749D0370 D3=FFFF D4=10404980 D5=80410088 D6=FFFF D7=0 A0=53580 A1=102D00 A2=534F0 A3=1087FE A4=108100 A5=108000 A6=10B9CA PC=6090 -- 006090: move.w  D0, D2
D0=7067 D1=FF D2=749D7067 D3=FFFF D4=10404980 D5=80410088 D6=FFFF D7=0 A0=53580 A1=102D00 A2=534F0 A3=1087FE A4=108100 A5=108000 A6=10B9CA PC=6092 -- 006092: addq.l  #2, A0
D0=7067 D1=FF D2=749D7067 D3=FFFF D4=10404980 D5=80410088 D6=FFFF D7=0 A0=53582 A1=102D00 A2=534F0 A3=1087FE A4=108100 A5=108000 A6=10B9CA PC=6094 -- 006094: tst.b   ($46fe,A5)
D0=7067 D1=FF D2=749D7067 D3=FFFF D4=10404980 D5=80410088 D6=FFFF D7=0 A0=53582 A1=102D00 A2=534F0 A3=1087FE A4=108100 A5=108000 A6=10B9CA PC=6098 -- 006098: bmi     $60b4
D0=7067 D1=FF D2=749D7067 D3=FFFF D4=10404980 D5=80410088 D6=FFFF D7=0 A0=53582 A1=102D00 A2=534F0 A3=1087FE A4=108100 A5=108000 A6=10B9CA PC=60B4 -- 0060B4: move.b  (A0)+, D0
D0=7034 D1=FF D2=749D7067 D3=FFFF D4=10404980 D5=80410088 D6=FFFF D7=0 A0=53583 A1=102D00 A2=534F0 A3=1087FE A4=108100 A5=108000 A6=10B9CA PC=60B6 -- 0060B6: move.b  D0, -(A7)
D0=7034 D1=FF D2=749D7067 D3=FFFF D4=10404980 D5=80410088 D6=FFFF D7=0 A0=53583 A1=102D00 A2=534F0 A3=1087FE A4=108100 A5=108000 A6=10B9CA PC=60B8 -- 0060B8: move.w  (A7)+, D0
D0=340F D1=FF D2=749D7067 D3=FFFF D4=10404980 D5=80410088 D6=FFFF D7=0 A0=53583 A1=102D00 A2=534F0 A3=1087FE A4=108100 A5=108000 A6=10B9CA PC=60BA -- 0060BA: clr.b   D0
D0=3400 D1=FF D2=749D7067 D3=FFFF D4=10404980 D5=80410088 D6=FFFF D7=0 A0=53583 A1=102D00 A2=534F0 A3=1087FE A4=108100 A5=108000 A6=10B9CA PC=60BC -- 0060BC: move.w  D2, ($46fa,A5)
D0=3400 D1=FF D2=749D7067 D3=FFFF D4=10404980 D5=80410088 D6=FFFF D7=0 A0=53583 A1=102D00 A2=534F0 A3=1087FE A4=108100 A5=108000 A6=10B9CA PC=60C0 -- 0060C0: move.w  D0, ($46fc,A5)
D0=3400 D1=FF D2=749D7067 D3=FFFF D4=10404980 D5=80410088 D6=FFFF D7=0 A0=53583 A1=102D00 A2=534F0 A3=1087FE A4=108100 A5=108000 A6=10B9CA PC=60C4 -- 0060C4: moveq   #$0, D1
D0=3400 D1=0 D2=749D7067 D3=FFFF D4=10404980 D5=80410088 D6=FFFF D7=0 A0=53583 A1=102D00 A2=534F0 A3=1087FE A4=108100 A5=108000 A6=10B9CA PC=60C6 -- 0060C6: move.b  (A0)+, D1
D0=3400 D1=90 D2=749D7067 D3=FFFF D4=10404980 D5=80410088 D6=FFFF D7=0 A0=53584 A1=102D00 A2=534F0 A3=1087FE A4=108100 A5=108000 A6=10B9CA PC=60C8 -- 0060C8: cmpi.b  #$d, D1
D0=3400 D1=90 D2=749D7067 D3=FFFF D4=10404980 D5=80410088 D6=FFFF D7=0 A0=53584 A1=102D00 A2=534F0 A3=1087FE A4=108100 A5=108000 A6=10B9CA PC=60CC -- 0060CC: bne     $60e2
D0=3400 D1=90 D2=749D7067 D3=FFFF D4=10404980 D5=80410088 D6=FFFF D7=0 A0=53584 A1=102D00 A2=534F0 A3=1087FE A4=108100 A5=108000 A6=10B9CA PC=60E2 -- 0060E2: cmpi.b  #-$2, D1
D0=3400 D1=90 D2=749D7067 D3=FFFF D4=10404980 D5=80410088 D6=FFFF D7=0 A0=53584 A1=102D00 A2=534F0 A3=1087FE A4=108100 A5=108000 A6=10B9CA PC=60E6 -- 0060E6: beq     $6086
D0=3400 D1=90 D2=749D7067 D3=FFFF D4=10404980 D5=80410088 D6=FFFF D7=0 A0=53584 A1=102D00 A2=534F0 A3=1087FE A4=108100 A5=108000 A6=10B9CA PC=60E8 -- 0060E8: cmpi.b  #-$1, D1
D0=3400 D1=90 D2=749D7067 D3=FFFF D4=10404980 D5=80410088 D6=FFFF D7=0 A0=53584 A1=102D00 A2=534F0 A3=1087FE A4=108100 A5=108000 A6=10B9CA PC=60EC -- 0060EC: beq     $6102
D0=3400 D1=90 D2=749D7067 D3=FFFF D4=10404980 D5=80410088 D6=FFFF D7=0 A0=53584 A1=102D00 A2=534F0 A3=1087FE A4=108100 A5=108000 A6=10B9CA PC=60EE -- 0060EE: or.w    D0, D1
D0=3400 D1=3490 D2=749D7067 D3=FFFF D4=10404980 D5=80410088 D6=FFFF D7=0 A0=53584 A1=102D00 A2=534F0 A3=1087FE A4=108100 A5=108000 A6=10B9CA PC=60F0 -- 0060F0: swap    D2
D0=3400 D1=3490 D2=7067749D D3=FFFF D4=10404980 D5=80410088 D6=FFFF D7=0 A0=53584 A1=102D00 A2=534F0 A3=1087FE A4=108100 A5=108000 A6=10B9CA PC=60F2 -- 0060F2: move.w  D1, D2
D0=3400 D1=3490 D2=70673490 D3=FFFF D4=10404980 D5=80410088 D6=FFFF D7=0 A0=53584 A1=102D00 A2=534F0 A3=1087FE A4=108100 A5=108000 A6=10B9CA PC=60F4 -- 0060F4: move.l  D2, $3c0000.l
D0=3400 D1=3490 D2=70673490 D3=FFFF D4=10404980 D5=80410088 D6=FFFF D7=0 A0=53584 A1=102D00 A2=534F0 A3=1087FE A4=108100 A5=108000 A6=10B9CA PC=60FA -- 0060FA: swap    D2
D0=3400 D1=3490 D2=34907067 D3=FFFF D4=10404980 D5=80410088 D6=FFFF D7=0 A0=53584 A1=102D00 A2=534F0 A3=1087FE A4=108100 A5=108000 A6=10B9CA PC=60FC -- 0060FC: addi.w  #$20, D2
D0=3400 D1=3490 D2=34907087 D3=FFFF D4=10404980 D5=80410088 D6=FFFF D7=0 A0=53584 A1=102D00 A2=534F0 A3=1087FE A4=108100 A5=108000 A6=10B9CA PC=6100 -- 006100: bra     $60c4
D0=3400 D1=3490 D2=34907087 D3=FFFF D4=10404980 D5=80410088 D6=FFFF D7=0 A0=53584 A1=102D00 A2=534F0 A3=1087FE A4=108100 A5=108000 A6=10B9CA PC=60C4 -- 0060C4: moveq   #$0, D1
D0=3400 D1=0 D2=34907087 D3=FFFF D4=10404980 D5=80410088 D6=FFFF D7=0 A0=53584 A1=102D00 A2=534F0 A3=1087FE A4=108100 A5=108000 A6=10B9CA PC=60C6 -- 0060C6: move.b  (A0)+, D1
D0=3400 D1=91 D2=34907087 D3=FFFF D4=10404980 D5=80410088 D6=FFFF D7=0 A0=53585 A1=102D00 A2=534F0 A3=1087FE A4=108100 A5=108000 A6=10B9CA PC=60C8 -- 0060C8: cmpi.b  #$d, D1
D0=3400 D1=91 D2=34907087 D3=FFFF D4=10404980 D5=80410088 D6=FFFF D7=0 A0=53585 A1=102D00 A2=534F0 A3=1087FE A4=108100 A5=108000 A6=10B9CA PC=60CC -- 0060CC: bne     $60e2
D0=3400 D1=91 D2=34907087 D3=FFFF D4=10404980 D5=80410088 D6=FFFF D7=0 A0=53585 A1=102D00 A2=534F0 A3=1087FE A4=108100 A5=108000 A6=10B9CA PC=60E2 -- 0060E2: cmpi.b  #-$2, D1
D0=3400 D1=91 D2=34907087 D3=FFFF D4=10404980 D5=80410088 D6=FFFF D7=0 A0=53585 A1=102D00 A2=534F0 A3=1087FE A4=108100 A5=108000 A6=10B9CA PC=60E6 -- 0060E6: beq     $6086
D0=3400 D1=91 D2=34907087 D3=FFFF D4=10404980 D5=80410088 D6=FFFF D7=0 A0=53585 A1=102D00 A2=534F0 A3=1087FE A4=108100 A5=108000 A6=10B9CA PC=60E8 -- 0060E8: cmpi.b  #-$1, D1
D0=3400 D1=91 D2=34907087 D3=FFFF D4=10404980 D5=80410088 D6=FFFF D7=0 A0=53585 A1=102D00 A2=534F0 A3=1087FE A4=108100 A5=108000 A6=10B9CA PC=60EC -- 0060EC: beq     $6102
D0=3400 D1=91 D2=34907087 D3=FFFF D4=10404980 D5=80410088 D6=FFFF D7=0 A0=53585 A1=102D00 A2=534F0 A3=1087FE A4=108100 A5=108000 A6=10B9CA PC=60EE -- 0060EE: or.w    D0, D1
D0=3400 D1=3491 D2=34907087 D3=FFFF D4=10404980 D5=80410088 D6=FFFF D7=0 A0=53585 A1=102D00 A2=534F0 A3=1087FE A4=108100 A5=108000 A6=10B9CA PC=60F0 -- 0060F0: swap    D2
D0=3400 D1=3491 D2=70873490 D3=FFFF D4=10404980 D5=80410088 D6=FFFF D7=0 A0=53585 A1=102D00 A2=534F0 A3=1087FE A4=108100 A5=108000 A6=10B9CA PC=60F2 -- 0060F2: move.w  D1, D2
D0=3400 D1=3491 D2=70873491 D3=FFFF D4=10404980 D5=80410088 D6=FFFF D7=0 A0=53585 A1=102D00 A2=534F0 A3=1087FE A4=108100 A5=108000 A6=10B9CA PC=60F4 -- 0060F4: move.l  D2, $3c0000.l
D0=3400 D1=3491 D2=70873491 D3=FFFF D4=10404980 D5=80410088 D6=FFFF D7=0 A0=53585 A1=102D00 A2=534F0 A3=1087FE A4=108100 A5=108000 A6=10B9CA PC=60FA -- 0060FA: swap    D2
D0=3400 D1=3491 D2=34917087 D3=FFFF D4=10404980 D5=80410088 D6=FFFF D7=0 A0=53585 A1=102D00 A2=534F0 A3=1087FE A4=108100 A5=108000 A6=10B9CA PC=60FC -- 0060FC: addi.w  #$20, D2
D0=3400 D1=3491 D2=349170A7 D3=FFFF D4=10404980 D5=80410088 D6=FFFF D7=0 A0=53585 A1=102D00 A2=534F0 A3=1087FE A4=108100 A5=108000 A6=10B9CA PC=6100 -- 006100: bra     $60c4

   (loops for 96 instructions)

D0=3400 D1=FE D2=34977167 D3=FFFF D4=10404980 D5=80410088 D6=FFFF D7=0 A0=5358C A1=102D00 A2=534F0 A3=1087FE A4=108100 A5=108000 A6=10B9CA PC=6086 -- 006086: move.b  (A0), D0
D0=3470 D1=FE D2=34977167 D3=FFFF D4=10404980 D5=80410088 D6=FFFF D7=0 A0=5358C A1=102D00 A2=534F0 A3=1087FE A4=108100 A5=108000 A6=10B9CA PC=6088 -- 006088: move.b  D0, -(A7)
D0=3470 D1=FE D2=34977167 D3=FFFF D4=10404980 D5=80410088 D6=FFFF D7=0 A0=5358C A1=102D00 A2=534F0 A3=1087FE A4=108100 A5=108000 A6=10B9CA PC=608A -- 00608A: move.w  (A7)+, D0
D0=700F D1=FE D2=34977167 D3=FFFF D4=10404980 D5=80410088 D6=FFFF D7=0 A0=5358C A1=102D00 A2=534F0 A3=1087FE A4=108100 A5=108000 A6=10B9CA PC=608C -- 00608C: move.b  ($1,A0), D0
D0=7068 D1=FE D2=34977167 D3=FFFF D4=10404980 D5=80410088 D6=FFFF D7=0 A0=5358C A1=102D00 A2=534F0 A3=1087FE A4=108100 A5=108000 A6=10B9CA PC=6090 -- 006090: move.w  D0, D2
D0=7068 D1=FE D2=34977068 D3=FFFF D4=10404980 D5=80410088 D6=FFFF D7=0 A0=5358C A1=102D00 A2=534F0 A3=1087FE A4=108100 A5=108000 A6=10B9CA PC=6092 -- 006092: addq.l  #2, A0
D0=7068 D1=FE D2=34977068 D3=FFFF D4=10404980 D5=80410088 D6=FFFF D7=0 A0=5358E A1=102D00 A2=534F0 A3=1087FE A4=108100 A5=108000 A6=10B9CA PC=6094 -- 006094: tst.b   ($46fe,A5)
D0=7068 D1=FE D2=34977068 D3=FFFF D4=10404980 D5=80410088 D6=FFFF D7=0 A0=5358E A1=102D00 A2=534F0 A3=1087FE A4=108100 A5=108000 A6=10B9CA PC=6098 -- 006098: bmi     $60b4
D0=7068 D1=FE D2=34977068 D3=FFFF D4=10404980 D5=80410088 D6=FFFF D7=0 A0=5358E A1=102D00 A2=534F0 A3=1087FE A4=108100 A5=108000 A6=10B9CA PC=60B4 -- 0060B4: move.b  (A0)+, D0
D0=7034 D1=FE D2=34977068 D3=FFFF D4=10404980 D5=80410088 D6=FFFF D7=0 A0=5358F A1=102D00 A2=534F0 A3=1087FE A4=108100 A5=108000 A6=10B9CA PC=60B6 -- 0060B6: move.b  D0, -(A7)
D0=7034 D1=FE D2=34977068 D3=FFFF D4=10404980 D5=80410088 D6=FFFF D7=0 A0=5358F A1=102D00 A2=534F0 A3=1087FE A4=108100 A5=108000 A6=10B9CA PC=60B8 -- 0060B8: move.w  (A7)+, D0
D0=340F D1=FE D2=34977068 D3=FFFF D4=10404980 D5=80410088 D6=FFFF D7=0 A0=5358F A1=102D00 A2=534F0 A3=1087FE A4=108100 A5=108000 A6=10B9CA PC=60BA -- 0060BA: clr.b   D0
D0=3400 D1=FE D2=34977068 D3=FFFF D4=10404980 D5=80410088 D6=FFFF D7=0 A0=5358F A1=102D00 A2=534F0 A3=1087FE A4=108100 A5=108000 A6=10B9CA PC=60BC -- 0060BC: move.w  D2, ($46fa,A5)
D0=3400 D1=FE D2=34977068 D3=FFFF D4=10404980 D5=80410088 D6=FFFF D7=0 A0=5358F A1=102D00 A2=534F0 A3=1087FE A4=108100 A5=108000 A6=10B9CA PC=60C0 -- 0060C0: move.w  D0, ($46fc,A5)

   (loops for 128 instructions)

D0=3400 D1=FF D2=34A77168 D3=FFFF D4=10404980 D5=80410088 D6=FFFF D7=0 A0=53598 A1=102D00 A2=534F0 A3=1087FE A4=108100 A5=108000 A6=10B9CA PC=6102 -- 006102: addq.w  #1, ($46fa,A5)
D0=3400 D1=FF D2=34A77168 D3=FFFF D4=10404980 D5=80410088 D6=FFFF D7=0 A0=53598 A1=102D00 A2=534F0 A3=1087FE A4=108100 A5=108000 A6=10B9CA PC=6106 -- 006106: rts
D0=3400 D1=FF D2=34A77168 D3=FFFF D4=10404980 D5=80410088 D6=FFFF D7=0 A0=53598 A1=102D00 A2=534F0 A3=1087FE A4=108100 A5=108000 A6=10B9CA PC=37422 -- 037422: rts
D0=3400 D1=FF D2=34A77168 D3=FFFF D4=10404980 D5=80410088 D6=FFFF D7=0 A0=53598 A1=102D00 A2=534F0 A3=1087FE A4=108100 A5=108000 A6=10B9CA PC=37314 -- 037314: rts
D0=3400 D1=FF D2=34A77168 D3=FFFF D4=10404980 D5=80410088 D6=FFFF D7=0 A0=53598 A1=102D00 A2=534F0 A3=1087FE A4=108100 A5=108000 A6=10B9CA PC=372B4 -- 0372B4: bsr     $37424
D0=3400 D1=FF D2=34A77168 D3=FFFF D4=10404980 D5=80410088 D6=FFFF D7=0 A0=53598 A1=102D00 A2=534F0 A3=1087FE A4=108100 A5=108000 A6=10B9CA PC=37424 -- 037424: move.b  ($130,A4), D0
D0=3481 D1=FF D2=34A77168 D3=FFFF D4=10404980 D5=80410088 D6=FFFF D7=0 A0=53598 A1=102D00 A2=534F0 A3=1087FE A4=108100 A5=108000 A6=10B9CA PC=37428 -- 037428: andi.b  #$7f, D0
D0=3401 D1=FF D2=34A77168 D3=FFFF D4=10404980 D5=80410088 D6=FFFF D7=0 A0=53598 A1=102D00 A2=534F0 A3=1087FE A4=108100 A5=108000 A6=10B9CA PC=3742C -- 03742C: addq.b  #1, D0
D0=3402 D1=FF D2=34A77168 D3=FFFF D4=10404980 D5=80410088 D6=FFFF D7=0 A0=53598 A1=102D00 A2=534F0 A3=1087FE A4=108100 A5=108000 A6=10B9CA PC=3742E -- 03742E: btst    D0, ($7e6,A5)
D0=3402 D1=FF D2=34A77168 D3=FFFF D4=10404980 D5=80410088 D6=FFFF D7=0 A0=53598 A1=102D00 A2=534F0 A3=1087FE A4=108100 A5=108000 A6=10B9CA PC=37432 -- 037432: bne     $3745a
D0=3402 D1=FF D2=34A77168 D3=FFFF D4=10404980 D5=80410088 D6=FFFF D7=0 A0=53598 A1=102D00 A2=534F0 A3=1087FE A4=108100 A5=108000 A6=10B9CA PC=37434 -- 037434: tst.b   ($130,A4)
D0=3402 D1=FF D2=34A77168 D3=FFFF D4=10404980 D5=80410088 D6=FFFF D7=0 A0=53598 A1=102D00 A2=534F0 A3=1087FE A4=108100 A5=108000 A6=10B9CA PC=37438 -- 037438: bpl     $3744a
D0=3402 D1=FF D2=34A77168 D3=FFFF D4=10404980 D5=80410088 D6=FFFF D7=0 A0=53598 A1=102D00 A2=534F0 A3=1087FE A4=108100 A5=108000 A6=10B9CA PC=3743C -- 03743C: movea.l ($84,A4), A0
D0=3402 D1=FF D2=34A77168 D3=FFFF D4=10404980 D5=80410088 D6=FFFF D7=0 A0=108584 A1=102D00 A2=534F0 A3=1087FE A4=108100 A5=108000 A6=10B9CA PC=37440 -- 037440: cmpi.w  #$141e, ($d0,A0)
D0=3402 D1=FF D2=34A77168 D3=FFFF D4=10404980 D5=80410088 D6=FFFF D7=0 A0=108584 A1=102D00 A2=534F0 A3=1087FE A4=108100 A5=108000 A6=10B9CA PC=37446 -- 037446: bgt     $37462
D0=3402 D1=FF D2=34A77168 D3=FFFF D4=10404980 D5=80410088 D6=FFFF D7=0 A0=108584 A1=102D00 A2=534F0 A3=1087FE A4=108100 A5=108000 A6=10B9CA PC=37462 -- 037462: rts
D0=3402 D1=FF D2=34A77168 D3=FFFF D4=10404980 D5=80410088 D6=FFFF D7=0 A0=108584 A1=102D00 A2=534F0 A3=1087FE A4=108100 A5=108000 A6=10B9CA PC=372B8 -- 0372B8: bra     $36eac
D0=3402 D1=FF D2=34A77168 D3=FFFF D4=10404980 D5=80410088 D6=FFFF D7=0 A0=108584 A1=102D00 A2=534F0 A3=1087FE A4=108100 A5=108000 A6=10B9CA PC=36EAC -- 036EAC: jsr     $48e6.w
D0=3402 D1=FF D2=34A77168 D3=FFFF D4=10404980 D5=80410088 D6=FFFF D7=0 A0=108584 A1=102D00 A2=534F0 A3=1087FE A4=108100 A5=108000 A6=10B9CA PC=48E6 -- 0048E6: move.w  ($70,A4), D0
D0=1B D1=FF D2=34A77168 D3=FFFF D4=10404980 D5=80410088 D6=FFFF D7=0 A0=108584 A1=102D00 A2=534F0 A3=1087FE A4=108100 A5=108000 A6=10B9CA PC=48EA -- 0048EA: cmp.b   ($78,A4), D0
D0=1B D1=FF D2=34A77168 D3=FFFF D4=10404980 D5=80410088 D6=FFFF D7=0 A0=108584 A1=102D00 A2=534F0 A3=1087FE A4=108100 A5=108000 A6=10B9CA PC=48EE -- 0048EE: bne     $491c
D0=1B D1=FF D2=34A77168 D3=FFFF D4=10404980 D5=80410088 D6=FFFF D7=0 A0=108584 A1=102D00 A2=534F0 A3=1087FE A4=108100 A5=108000 A6=10B9CA PC=491C -- 00491C: move.b  D0, ($78,A4)
D0=1B D1=FF D2=34A77168 D3=FFFF D4=10404980 D5=80410088 D6=FFFF D7=0 A0=108584 A1=102D00 A2=534F0 A3=1087FE A4=108100 A5=108000 A6=10B9CA PC=4920 -- 004920: clr.w   ($74,A4)
D0=1B D1=FF D2=34A77168 D3=FFFF D4=10404980 D5=80410088 D6=FFFF D7=0 A0=108584 A1=102D00 A2=534F0 A3=1087FE A4=108100 A5=108000 A6=10B9CA PC=4924 -- 004924: clr.w   ($7e,A4)
D0=1B D1=FF D2=34A77168 D3=FFFF D4=10404980 D5=80410088 D6=FFFF D7=0 A0=108584 A1=102D00 A2=534F0 A3=1087FE A4=108100 A5=108000 A6=10B9CA PC=4928 -- 004928: clr.b   ($7d,A4)
D0=1B D1=FF D2=34A77168 D3=FFFF D4=10404980 D5=80410088 D6=FFFF D7=0 A0=108584 A1=102D00 A2=534F0 A3=1087FE A4=108100 A5=108000 A6=10B9CA PC=492C -- 00492C: andi.w  #$efff, ($e6,A4)
D0=1B D1=FF D2=34A77168 D3=FFFF D4=10404980 D5=80410088 D6=FFFF D7=0 A0=108584 A1=102D00 A2=534F0 A3=1087FE A4=108100 A5=108000 A6=10B9CA PC=4932 -- 004932: bsr     $49f8
D0=1B D1=FF D2=34A77168 D3=FFFF D4=10404980 D5=80410088 D6=FFFF D7=0 A0=108584 A1=102D00 A2=534F0 A3=1087FE A4=108100 A5=108000 A6=10B9CA PC=49F8 -- 0049F8: lea     ($90,A4), A0
D0=1B D1=FF D2=34A77168 D3=FFFF D4=10404980 D5=80410088 D6=FFFF D7=0 A0=108190 A1=102D00 A2=534F0 A3=1087FE A4=108100 A5=108000 A6=10B9CA PC=49FC -- 0049FC: clr.b   (A0)
D0=1B D1=FF D2=34A77168 D3=FFFF D4=10404980 D5=80410088 D6=FFFF D7=0 A0=108190 A1=102D00 A2=534F0 A3=1087FE A4=108100 A5=108000 A6=10B9CA PC=49FE -- 0049FE: clr.b   ($5,A0)
D0=1B D1=FF D2=34A77168 D3=FFFF D4=10404980 D5=80410088 D6=FFFF D7=0 A0=108190 A1=102D00 A2=534F0 A3=1087FE A4=108100 A5=108000 A6=10B9CA PC=4A02 -- 004A02: clr.b   ($a,A0)
D0=1B D1=FF D2=34A77168 D3=FFFF D4=10404980 D5=80410088 D6=FFFF D7=0 A0=108190 A1=102D00 A2=534F0 A3=1087FE A4=108100 A5=108000 A6=10B9CA PC=4A06 -- 004A06: clr.b   ($f,A0)
D0=1B D1=FF D2=34A77168 D3=FFFF D4=10404980 D5=80410088 D6=FFFF D7=0 A0=108190 A1=102D00 A2=534F0 A3=1087FE A4=108100 A5=108000 A6=10B9CA PC=4A0A -- 004A0A: rts
D0=1B D1=FF D2=34A77168 D3=FFFF D4=10404980 D5=80410088 D6=FFFF D7=0 A0=108190 A1=102D00 A2=534F0 A3=1087FE A4=108100 A5=108000 A6=10B9CA PC=4936 -- 004936: bsr     $4962
D0=1B D1=FF D2=34A77168 D3=FFFF D4=10404980 D5=80410088 D6=FFFF D7=0 A0=108190 A1=102D00 A2=534F0 A3=1087FE A4=108100 A5=108000 A6=10B9CA PC=4962 -- 004962: lea     $7bf48.l, A0
D0=1B D1=FF D2=34A77168 D3=FFFF D4=10404980 D5=80410088 D6=FFFF D7=0 A0=7BF48 A1=102D00 A2=534F0 A3=1087FE A4=108100 A5=108000 A6=10B9CA PC=4968 -- 004968: move.w  ($70,A4), D0
D0=1B D1=FF D2=34A77168 D3=FFFF D4=10404980 D5=80410088 D6=FFFF D7=0 A0=7BF48 A1=102D00 A2=534F0 A3=1087FE A4=108100 A5=108000 A6=10B9CA PC=496C -- 00496C: add.w   D0, D0
D0=36 D1=FF D2=34A77168 D3=FFFF D4=10404980 D5=80410088 D6=FFFF D7=0 A0=7BF48 A1=102D00 A2=534F0 A3=1087FE A4=108100 A5=108000 A6=10B9CA PC=496E -- 00496E: add.w   D0, D0
D0=6C D1=FF D2=34A77168 D3=FFFF D4=10404980 D5=80410088 D6=FFFF D7=0 A0=7BF48 A1=102D00 A2=534F0 A3=1087FE A4=108100 A5=108000 A6=10B9CA PC=4970 -- 004970: movea.l (A0,D0.w), A0
D0=6C D1=FF D2=34A77168 D3=FFFF D4=10404980 D5=80410088 D6=FFFF D7=0 A0=7F5E0 A1=102D00 A2=534F0 A3=1087FE A4=108100 A5=108000 A6=10B9CA PC=4974 -- 004974: move.w  ($72,A4), D0
D0=43 D1=FF D2=34A77168 D3=FFFF D4=10404980 D5=80410088 D6=FFFF D7=0 A0=7F5E0 A1=102D00 A2=534F0 A3=1087FE A4=108100 A5=108000 A6=10B9CA PC=4978 -- 004978: add.w   D0, D0
D0=86 D1=FF D2=34A77168 D3=FFFF D4=10404980 D5=80410088 D6=FFFF D7=0 A0=7F5E0 A1=102D00 A2=534F0 A3=1087FE A4=108100 A5=108000 A6=10B9CA PC=497A -- 00497A: move.w  (A0,D0.w), ($46de,A5)
D0=86 D1=FF D2=34A77168 D3=FFFF D4=10404980 D5=80410088 D6=FFFF D7=0 A0=7F5E0 A1=102D00 A2=534F0 A3=1087FE A4=108100 A5=108000 A6=10B9CA PC=4980 -- 004980: lea     $80000.l, A0
D0=86 D1=FF D2=34A77168 D3=FFFF D4=10404980 D5=80410088 D6=FFFF D7=0 A0=80000 A1=102D00 A2=534F0 A3=1087FE A4=108100 A5=108000 A6=10B9CA PC=4986 -- 004986: move.w  ($70,A4), D0
D0=1B D1=FF D2=34A77168 D3=FFFF D4=10404980 D5=80410088 D6=FFFF D7=0 A0=80000 A1=102D00 A2=534F0 A3=1087FE A4=108100 A5=108000 A6=10B9CA PC=498A -- 00498A: add.w   D0, D0
D0=36 D1=FF D2=34A77168 D3=FFFF D4=10404980 D5=80410088 D6=FFFF D7=0 A0=80000 A1=102D00 A2=534F0 A3=1087FE A4=108100 A5=108000 A6=10B9CA PC=498C -- 00498C: add.w   D0, D0
D0=6C D1=FF D2=34A77168 D3=FFFF D4=10404980 D5=80410088 D6=FFFF D7=0 A0=80000 A1=102D00 A2=534F0 A3=1087FE A4=108100 A5=108000 A6=10B9CA PC=498E -- 00498E: movea.l (A0,D0.w), A0
D0=6C D1=FF D2=34A77168 D3=FFFF D4=10404980 D5=80410088 D6=FFFF D7=0 A0=86E00 A1=102D00 A2=534F0 A3=1087FE A4=108100 A5=108000 A6=10B9CA PC=4992 -- 004992: move.w  ($46de,A5), D0
D0=4343 D1=FF D2=34A77168 D3=FFFF D4=10404980 D5=80410088 D6=FFFF D7=0 A0=86E00 A1=102D00 A2=534F0 A3=1087FE A4=108100 A5=108000 A6=10B9CA PC=4996 -- 004996: tst.b   ($46e2,A5)
D0=4343 D1=FF D2=34A77168 D3=FFFF D4=10404980 D5=80410088 D6=FFFF D7=0 A0=86E00 A1=102D00 A2=534F0 A3=1087FE A4=108100 A5=108000 A6=10B9CA PC=499A -- 00499A: beq     $49a0
D0=4343 D1=FF D2=34A77168 D3=FFFF D4=10404980 D5=80410088 D6=FFFF D7=0 A0=86E00 A1=102D00 A2=534F0 A3=1087FE A4=108100 A5=108000 A6=10B9CA PC=49A0 -- 0049A0: andi.w  #$ff, D0
D0=43 D1=FF D2=34A77168 D3=FFFF D4=10404980 D5=80410088 D6=FFFF D7=0 A0=86E00 A1=102D00 A2=534F0 A3=1087FE A4=108100 A5=108000 A6=10B9CA PC=49A4 -- 0049A4: add.w   D0, D0
D0=86 D1=FF D2=34A77168 D3=FFFF D4=10404980 D5=80410088 D6=FFFF D7=0 A0=86E00 A1=102D00 A2=534F0 A3=1087FE A4=108100 A5=108000 A6=10B9CA PC=49A6 -- 0049A6: add.w   D0, D0
D0=10C D1=FF D2=34A77168 D3=FFFF D4=10404980 D5=80410088 D6=FFFF D7=0 A0=86E00 A1=102D00 A2=534F0 A3=1087FE A4=108100 A5=108000 A6=10B9CA PC=49A8 -- 0049A8: movea.l (A0,D0.w), A0
D0=10C D1=FF D2=34A77168 D3=FFFF D4=10404980 D5=80410088 D6=FFFF D7=0 A0=F3194 A1=102D00 A2=534F0 A3=1087FE A4=108100 A5=108000 A6=10B9CA PC=49AC -- 0049AC: move.w  ($74,A4), D0
D0=0 D1=FF D2=34A77168 D3=FFFF D4=10404980 D5=80410088 D6=FFFF D7=0 A0=F3194 A1=102D00 A2=534F0 A3=1087FE A4=108100 A5=108000 A6=10B9CA PC=49B0 -- 0049B0: adda.w  D0, A0
D0=0 D1=FF D2=34A77168 D3=FFFF D4=10404980 D5=80410088 D6=FFFF D7=0 A0=F3194 A1=102D00 A2=534F0 A3=1087FE A4=108100 A5=108000 A6=10B9CA PC=49B2 -- 0049B2: move.b  (A0), ($76,A4)
D0=0 D1=FF D2=34A77168 D3=FFFF D4=10404980 D5=80410088 D6=FFFF D7=0 A0=F3194 A1=102D00 A2=534F0 A3=1087FE A4=108100 A5=108000 A6=10B9CA PC=49B6 -- 0049B6: bmi     $4a22
D0=0 D1=FF D2=34A77168 D3=FFFF D4=10404980 D5=80410088 D6=FFFF D7=0 A0=F3194 A1=102D00 A2=534F0 A3=1087FE A4=108100 A5=108000 A6=10B9CA PC=49BA -- 0049BA: move.b  ($81,A4), D0
D0=0 D1=FF D2=34A77168 D3=FFFF D4=10404980 D5=80410088 D6=FFFF D7=0 A0=F3194 A1=102D00 A2=534F0 A3=1087FE A4=108100 A5=108000 A6=10B9CA PC=49BE -- 0049BE: tst.b   ($7d,A4)
D0=0 D1=FF D2=34A77168 D3=FFFF D4=10404980 D5=80410088 D6=FFFF D7=0 A0=F3194 A1=102D00 A2=534F0 A3=1087FE A4=108100 A5=108000 A6=10B9CA PC=49C2 -- 0049C2: beq     $49c8
D0=0 D1=FF D2=34A77168 D3=FFFF D4=10404980 D5=80410088 D6=FFFF D7=0 A0=F3194 A1=102D00 A2=534F0 A3=1087FE A4=108100 A5=108000 A6=10B9CA PC=49C8 -- 0049C8: add.b   ($7d,A4), D0
D0=0 D1=FF D2=34A77168 D3=FFFF D4=10404980 D5=80410088 D6=FFFF D7=0 A0=F3194 A1=102D00 A2=534F0 A3=1087FE A4=108100 A5=108000 A6=10B9CA PC=49CC -- 0049CC: add.b   D0, ($76,A4)
D0=0 D1=FF D2=34A77168 D3=FFFF D4=10404980 D5=80410088 D6=FFFF D7=0 A0=F3194 A1=102D00 A2=534F0 A3=1087FE A4=108100 A5=108000 A6=10B9CA PC=49D0 -- 0049D0: bgt     $49d8
D0=0 D1=FF D2=34A77168 D3=FFFF D4=10404980 D5=80410088 D6=FFFF D7=0 A0=F3194 A1=102D00 A2=534F0 A3=1087FE A4=108100 A5=108000 A6=10B9CA PC=49D8 -- 0049D8: addq.w  #1, ($7e,A4)
D0=0 D1=FF D2=34A77168 D3=FFFF D4=10404980 D5=80410088 D6=FFFF D7=0 A0=F3194 A1=102D00 A2=534F0 A3=1087FE A4=108100 A5=108000 A6=10B9CA PC=49DC -- 0049DC: move.b  ($4,A0), ($7a,A4)
D0=0 D1=FF D2=34A77168 D3=FFFF D4=10404980 D5=80410088 D6=FFFF D7=0 A0=F3194 A1=102D00 A2=534F0 A3=1087FE A4=108100 A5=108000 A6=10B9CA PC=49E2 -- 0049E2: move.b  ($5,A0), ($7b,A4)
D0=0 D1=FF D2=34A77168 D3=FFFF D4=10404980 D5=80410088 D6=FFFF D7=0 A0=F3194 A1=102D00 A2=534F0 A3=1087FE A4=108100 A5=108000 A6=10B9CA PC=49E8 -- 0049E8: move.l  (A0), D0
D0=30F12C0 D1=FF D2=34A77168 D3=FFFF D4=10404980 D5=80410088 D6=FFFF D7=0 A0=F3194 A1=102D00 A2=534F0 A3=1087FE A4=108100 A5=108000 A6=10B9CA PC=49EA -- 0049EA: movea.l D0, A0
D0=30F12C0 D1=FF D2=34A77168 D3=FFFF D4=10404980 D5=80410088 D6=FFFF D7=0 A0=30F12C0 A1=102D00 A2=534F0 A3=1087FE A4=108100 A5=108000 A6=10B9CA PC=49EC -- 0049EC: move.w  (A0), ($6a,A4)
D0=30F12C0 D1=FF D2=34A77168 D3=FFFF D4=10404980 D5=80410088 D6=FFFF D7=0 A0=30F12C0 A1=102D00 A2=534F0 A3=1087FE A4=108100 A5=108000 A6=10B9CA PC=49F0 -- 0049F0: move.w  ($2,A0), ($6c,A4)
D0=30F12C0 D1=FF D2=34A77168 D3=FFFF D4=10404980 D5=80410088 D6=FFFF D7=0 A0=30F12C0 A1=102D00 A2=534F0 A3=1087FE A4=108100 A5=108000 A6=10B9CA PC=49F6 -- 0049F6: rts
D0=30F12C0 D1=FF D2=34A77168 D3=FFFF D4=10404980 D5=80410088 D6=FFFF D7=0 A0=30F12C0 A1=102D00 A2=534F0 A3=1087FE A4=108100 A5=108000 A6=10B9CA PC=493A -- 00493A: bra     $4906
D0=30F12C0 D1=FF D2=34A77168 D3=FFFF D4=10404980 D5=80410088 D6=FFFF D7=0 A0=30F12C0 A1=102D00 A2=534F0 A3=1087FE A4=108100 A5=108000 A6=10B9CA PC=4906 -- 004906: subq.b  #1, ($76,A4)
D0=30F12C0 D1=FF D2=34A77168 D3=FFFF D4=10404980 D5=80410088 D6=FFFF D7=0 A0=30F12C0 A1=102D00 A2=534F0 A3=1087FE A4=108100 A5=108000 A6=10B9CA PC=490A -- 00490A: bhi     $491a
D0=30F12C0 D1=FF D2=34A77168 D3=FFFF D4=10404980 D5=80410088 D6=FFFF D7=0 A0=30F12C0 A1=102D00 A2=534F0 A3=1087FE A4=108100 A5=108000 A6=10B9CA PC=491A -- 00491A: rts
D0=30F12C0 D1=FF D2=34A77168 D3=FFFF D4=10404980 D5=80410088 D6=FFFF D7=0 A0=30F12C0 A1=102D00 A2=534F0 A3=1087FE A4=108100 A5=108000 A6=10B9CA PC=36EB0 -- 036EB0: jmp     $3e2e.w
D0=30F12C0 D1=FF D2=34A77168 D3=FFFF D4=10404980 D5=80410088 D6=FFFF D7=0 A0=30F12C0 A1=102D00 A2=534F0 A3=1087FE A4=108100 A5=108000 A6=10B9CA PC=3E2E -- 003E2E: tst.w   ($74,A4)
D0=30F12C0 D1=FF D2=34A77168 D3=FFFF D4=10404980 D5=80410088 D6=FFFF D7=0 A0=30F12C0 A1=102D00 A2=534F0 A3=1087FE A4=108100 A5=108000 A6=10B9CA PC=3E32 -- 003E32: bmi     $3e80
D0=30F12C0 D1=FF D2=34A77168 D3=FFFF D4=10404980 D5=80410088 D6=FFFF D7=0 A0=30F12C0 A1=102D00 A2=534F0 A3=1087FE A4=108100 A5=108000 A6=10B9CA PC=3E34 -- 003E34: btst    #$6, ($7c,A4)
D0=30F12C0 D1=FF D2=34A77168 D3=FFFF D4=10404980 D5=80410088 D6=FFFF D7=0 A0=30F12C0 A1=102D00 A2=534F0 A3=1087FE A4=108100 A5=108000 A6=10B9CA PC=3E3A -- 003E3A: bne     $3e78
D0=30F12C0 D1=FF D2=34A77168 D3=FFFF D4=10404980 D5=80410088 D6=FFFF D7=0 A0=30F12C0 A1=102D00 A2=534F0 A3=1087FE A4=108100 A5=108000 A6=10B9CA PC=3E3E -- 003E3E: moveq   #$0, D3
D0=30F12C0 D1=FF D2=34A77168 D3=0 D4=10404980 D5=80410088 D6=FFFF D7=0 A0=30F12C0 A1=102D00 A2=534F0 A3=1087FE A4=108100 A5=108000 A6=10B9CA PC=3E40 -- 003E40: move.b  ($82,A4), D3
D0=30F12C0 D1=FF D2=34A77168 D3=0 D4=10404980 D5=80410088 D6=FFFF D7=0 A0=30F12C0 A1=102D00 A2=534F0 A3=1087FE A4=108100 A5=108000 A6=10B9CA PC=3E44 -- 003E44: add.w   D3, D3
D0=30F12C0 D1=FF D2=34A77168 D3=0 D4=10404980 D5=80410088 D6=FFFF D7=0 A0=30F12C0 A1=102D00 A2=534F0 A3=1087FE A4=108100 A5=108000 A6=10B9CA PC=3E46 -- 003E46: add.w   D3, D3
D0=30F12C0 D1=FF D2=34A77168 D3=0 D4=10404980 D5=80410088 D6=FFFF D7=0 A0=30F12C0 A1=102D00 A2=534F0 A3=1087FE A4=108100 A5=108000 A6=10B9CA PC=3E48 -- 003E48: move.w  ($18,A4), D0
D0=30F0030 D1=FF D2=34A77168 D3=0 D4=10404980 D5=80410088 D6=FFFF D7=0 A0=30F12C0 A1=102D00 A2=534F0 A3=1087FE A4=108100 A5=108000 A6=10B9CA PC=3E4C -- 003E4C: lea     ($104c,A5), A0
D0=30F0030 D1=FF D2=34A77168 D3=0 D4=10404980 D5=80410088 D6=FFFF D7=0 A0=10904C A1=102D00 A2=534F0 A3=1087FE A4=108100 A5=108000 A6=10B9CA PC=3E50 -- 003E50: sub.w   (A0,D3.w), D0
D0=30F0030 D1=FF D2=34A77168 D3=0 D4=10404980 D5=80410088 D6=FFFF D7=0 A0=10904C A1=102D00 A2=534F0 A3=1087FE A4=108100 A5=108000 A6=10B9CA PC=3E54 -- 003E54: addi.w  #$30, D0
D0=30F0060 D1=FF D2=34A77168 D3=0 D4=10404980 D5=80410088 D6=FFFF D7=0 A0=10904C A1=102D00 A2=534F0 A3=1087FE A4=108100 A5=108000 A6=10B9CA PC=3E58 -- 003E58: cmpi.w  #$1a0, D0
D0=30F0060 D1=FF D2=34A77168 D3=0 D4=10404980 D5=80410088 D6=FFFF D7=0 A0=10904C A1=102D00 A2=534F0 A3=1087FE A4=108100 A5=108000 A6=10B9CA PC=3E5C -- 003E5C: bls     $3e60
D0=30F0060 D1=FF D2=34A77168 D3=0 D4=10404980 D5=80410088 D6=FFFF D7=0 A0=10904C A1=102D00 A2=534F0 A3=1087FE A4=108100 A5=108000 A6=10B9CA PC=3E60 -- 003E60: move.w  ($1c,A4), D0
D0=30F00CB D1=FF D2=34A77168 D3=0 D4=10404980 D5=80410088 D6=FFFF D7=0 A0=10904C A1=102D00 A2=534F0 A3=1087FE A4=108100 A5=108000 A6=10B9CA PC=3E64 -- 003E64: sub.w   ($20,A4), D0
D0=30F00CB D1=FF D2=34A77168 D3=0 D4=10404980 D5=80410088 D6=FFFF D7=0 A0=10904C A1=102D00 A2=534F0 A3=1087FE A4=108100 A5=108000 A6=10B9CA PC=3E68 -- 003E68: lea     ($1058,A5), A0
D0=30F00CB D1=FF D2=34A77168 D3=0 D4=10404980 D5=80410088 D6=FFFF D7=0 A0=109058 A1=102D00 A2=534F0 A3=1087FE A4=108100 A5=108000 A6=10B9CA PC=3E6C -- 003E6C: sub.w   (A0,D3.w), D0
D0=30F00CB D1=FF D2=34A77168 D3=0 D4=10404980 D5=80410088 D6=FFFF D7=0 A0=109058 A1=102D00 A2=534F0 A3=1087FE A4=108100 A5=108000 A6=10B9CA PC=3E70 -- 003E70: cmpi.w  #$1c0, D0
D0=30F00CB D1=FF D2=34A77168 D3=0 D4=10404980 D5=80410088 D6=FFFF D7=0 A0=109058 A1=102D00 A2=534F0 A3=1087FE A4=108100 A5=108000 A6=10B9CA PC=3E74 -- 003E74: bls     $3e78
D0=30F00CB D1=FF D2=34A77168 D3=0 D4=10404980 D5=80410088 D6=FFFF D7=0 A0=109058 A1=102D00 A2=534F0 A3=1087FE A4=108100 A5=108000 A6=10B9CA PC=3E78 -- 003E78: bsr     $4860
D0=30F00CB D1=FF D2=34A77168 D3=0 D4=10404980 D5=80410088 D6=FFFF D7=0 A0=109058 A1=102D00 A2=534F0 A3=1087FE A4=108100 A5=108000 A6=10B9CA PC=4860 -- 004860: lea     $7bf48.l, A0
D0=30F00CB D1=FF D2=34A77168 D3=0 D4=10404980 D5=80410088 D6=FFFF D7=0 A0=7BF48 A1=102D00 A2=534F0 A3=1087FE A4=108100 A5=108000 A6=10B9CA PC=4866 -- 004866: move.w  ($70,A4), D0
D0=30F001B D1=FF D2=34A77168 D3=0 D4=10404980 D5=80410088 D6=FFFF D7=0 A0=7BF48 A1=102D00 A2=534F0 A3=1087FE A4=108100 A5=108000 A6=10B9CA PC=486A -- 00486A: add.w   D0, D0
D0=30F0036 D1=FF D2=34A77168 D3=0 D4=10404980 D5=80410088 D6=FFFF D7=0 A0=7BF48 A1=102D00 A2=534F0 A3=1087FE A4=108100 A5=108000 A6=10B9CA PC=486C -- 00486C: add.w   D0, D0
D0=30F006C D1=FF D2=34A77168 D3=0 D4=10404980 D5=80410088 D6=FFFF D7=0 A0=7BF48 A1=102D00 A2=534F0 A3=1087FE A4=108100 A5=108000 A6=10B9CA PC=486E -- 00486E: movea.l (A0,D0.w), A0
D0=30F006C D1=FF D2=34A77168 D3=0 D4=10404980 D5=80410088 D6=FFFF D7=0 A0=7F5E0 A1=102D00 A2=534F0 A3=1087FE A4=108100 A5=108000 A6=10B9CA PC=4872 -- 004872: move.w  ($72,A4), D0
D0=30F0043 D1=FF D2=34A77168 D3=0 D4=10404980 D5=80410088 D6=FFFF D7=0 A0=7F5E0 A1=102D00 A2=534F0 A3=1087FE A4=108100 A5=108000 A6=10B9CA PC=4876 -- 004876: add.w   D0, D0
D0=30F0086 D1=FF D2=34A77168 D3=0 D4=10404980 D5=80410088 D6=FFFF D7=0 A0=7F5E0 A1=102D00 A2=534F0 A3=1087FE A4=108100 A5=108000 A6=10B9CA PC=4878 -- 004878: move.w  (A0,D0.w), D1
D0=30F0086 D1=4343 D2=34A77168 D3=0 D4=10404980 D5=80410088 D6=FFFF D7=0 A0=7F5E0 A1=102D00 A2=534F0 A3=1087FE A4=108100 A5=108000 A6=10B9CA PC=487C -- 00487C: move.w  D1, ($46de,A5)
D0=30F0086 D1=4343 D2=34A77168 D3=0 D4=10404980 D5=80410088 D6=FFFF D7=0 A0=7F5E0 A1=102D00 A2=534F0 A3=1087FE A4=108100 A5=108000 A6=10B9CA PC=4880 -- 004880: lea     $80000.l, A0
D0=30F0086 D1=4343 D2=34A77168 D3=0 D4=10404980 D5=80410088 D6=FFFF D7=0 A0=80000 A1=102D00 A2=534F0 A3=1087FE A4=108100 A5=108000 A6=10B9CA PC=4886 -- 004886: move.w  ($70,A4), D0
D0=30F001B D1=4343 D2=34A77168 D3=0 D4=10404980 D5=80410088 D6=FFFF D7=0 A0=80000 A1=102D00 A2=534F0 A3=1087FE A4=108100 A5=108000 A6=10B9CA PC=488A -- 00488A: add.w   D0, D0
D0=30F0036 D1=4343 D2=34A77168 D3=0 D4=10404980 D5=80410088 D6=FFFF D7=0 A0=80000 A1=102D00 A2=534F0 A3=1087FE A4=108100 A5=108000 A6=10B9CA PC=488C -- 00488C: add.w   D0, D0
D0=30F006C D1=4343 D2=34A77168 D3=0 D4=10404980 D5=80410088 D6=FFFF D7=0 A0=80000 A1=102D00 A2=534F0 A3=1087FE A4=108100 A5=108000 A6=10B9CA PC=488E -- 00488E: movea.l (A0,D0.w), A0
D0=30F006C D1=4343 D2=34A77168 D3=0 D4=10404980 D5=80410088 D6=FFFF D7=0 A0=86E00 A1=102D00 A2=534F0 A3=1087FE A4=108100 A5=108000 A6=10B9CA PC=4892 -- 004892: move.w  ($46de,A5), D0
D0=30F4343 D1=4343 D2=34A77168 D3=0 D4=10404980 D5=80410088 D6=FFFF D7=0 A0=86E00 A1=102D00 A2=534F0 A3=1087FE A4=108100 A5=108000 A6=10B9CA PC=4896 -- 004896: tst.b   ($46e2,A5)
D0=30F4343 D1=4343 D2=34A77168 D3=0 D4=10404980 D5=80410088 D6=FFFF D7=0 A0=86E00 A1=102D00 A2=534F0 A3=1087FE A4=108100 A5=108000 A6=10B9CA PC=489A -- 00489A: beq     $48a0
D0=30F4343 D1=4343 D2=34A77168 D3=0 D4=10404980 D5=80410088 D6=FFFF D7=0 A0=86E00 A1=102D00 A2=534F0 A3=1087FE A4=108100 A5=108000 A6=10B9CA PC=48A0 -- 0048A0: andi.w  #$ff, D0
D0=30F0043 D1=4343 D2=34A77168 D3=0 D4=10404980 D5=80410088 D6=FFFF D7=0 A0=86E00 A1=102D00 A2=534F0 A3=1087FE A4=108100 A5=108000 A6=10B9CA PC=48A4 -- 0048A4: add.w   D0, D0
D0=30F0086 D1=4343 D2=34A77168 D3=0 D4=10404980 D5=80410088 D6=FFFF D7=0 A0=86E00 A1=102D00 A2=534F0 A3=1087FE A4=108100 A5=108000 A6=10B9CA PC=48A6 -- 0048A6: add.w   D0, D0
D0=30F010C D1=4343 D2=34A77168 D3=0 D4=10404980 D5=80410088 D6=FFFF D7=0 A0=86E00 A1=102D00 A2=534F0 A3=1087FE A4=108100 A5=108000 A6=10B9CA PC=48A8 -- 0048A8: movea.l (A0,D0.w), A0
D0=30F010C D1=4343 D2=34A77168 D3=0 D4=10404980 D5=80410088 D6=FFFF D7=0 A0=F3194 A1=102D00 A2=534F0 A3=1087FE A4=108100 A5=108000 A6=10B9CA PC=48AC -- 0048AC: move.w  ($74,A4), D0
D0=30F0000 D1=4343 D2=34A77168 D3=0 D4=10404980 D5=80410088 D6=FFFF D7=0 A0=F3194 A1=102D00 A2=534F0 A3=1087FE A4=108100 A5=108000 A6=10B9CA PC=48B0 -- 0048B0: adda.w  D0, A0
D0=30F0000 D1=4343 D2=34A77168 D3=0 D4=10404980 D5=80410088 D6=FFFF D7=0 A0=F3194 A1=102D00 A2=534F0 A3=1087FE A4=108100 A5=108000 A6=10B9CA PC=48B2 -- 0048B2: move.l  (A0), D0
D0=30F12C0 D1=4343 D2=34A77168 D3=0 D4=10404980 D5=80410088 D6=FFFF D7=0 A0=F3194 A1=102D00 A2=534F0 A3=1087FE A4=108100 A5=108000 A6=10B9CA PC=48B4 -- 0048B4: andi.l  #$ffffff, D0
D0=F12C0 D1=4343 D2=34A77168 D3=0 D4=10404980 D5=80410088 D6=FFFF D7=0 A0=F3194 A1=102D00 A2=534F0 A3=1087FE A4=108100 A5=108000 A6=10B9CA PC=48BA -- 0048BA: movea.l D0, A0
D0=F12C0 D1=4343 D2=34A77168 D3=0 D4=10404980 D5=80410088 D6=FFFF D7=0 A0=F12C0 A1=102D00 A2=534F0 A3=1087FE A4=108100 A5=108000 A6=10B9CA PC=48BC -- 0048BC: move.w  ($4,A0), D0
D0=F007F D1=4343 D2=34A77168 D3=0 D4=10404980 D5=80410088 D6=FFFF D7=0 A0=F12C0 A1=102D00 A2=534F0 A3=1087FE A4=108100 A5=108000 A6=10B9CA PC=48C0 -- 0048C0: andi.w  #$1fff, D0
D0=F007F D1=4343 D2=34A77168 D3=0 D4=10404980 D5=80410088 D6=FFFF D7=0 A0=F12C0 A1=102D00 A2=534F0 A3=1087FE A4=108100 A5=108000 A6=10B9CA PC=48C4 -- 0048C4: move.w  D0, ($46e0,A5)
D0=F007F D1=4343 D2=34A77168 D3=0 D4=10404980 D5=80410088 D6=FFFF D7=0 A0=F12C0 A1=102D00 A2=534F0 A3=1087FE A4=108100 A5=108000 A6=10B9CA PC=48C8 -- 0048C8: lea     $80080.l, A0
D0=F007F D1=4343 D2=34A77168 D3=0 D4=10404980 D5=80410088 D6=FFFF D7=0 A0=80080 A1=102D00 A2=534F0 A3=1087FE A4=108100 A5=108000 A6=10B9CA PC=48CE -- 0048CE: move.w  ($70,A4), D1
D0=F007F D1=1B D2=34A77168 D3=0 D4=10404980 D5=80410088 D6=FFFF D7=0 A0=80080 A1=102D00 A2=534F0 A3=1087FE A4=108100 A5=108000 A6=10B9CA PC=48D2 -- 0048D2: add.w   D1, D1
D0=F007F D1=36 D2=34A77168 D3=0 D4=10404980 D5=80410088 D6=FFFF D7=0 A0=80080 A1=102D00 A2=534F0 A3=1087FE A4=108100 A5=108000 A6=10B9CA PC=48D4 -- 0048D4: add.w   D1, D1
D0=F007F D1=6C D2=34A77168 D3=0 D4=10404980 D5=80410088 D6=FFFF D7=0 A0=80080 A1=102D00 A2=534F0 A3=1087FE A4=108100 A5=108000 A6=10B9CA PC=48D6 -- 0048D6: movea.l (A0,D1.w), A0
D0=F007F D1=6C D2=34A77168 D3=0 D4=10404980 D5=80410088 D6=FFFF D7=0 A0=95200 A1=102D00 A2=534F0 A3=1087FE A4=108100 A5=108000 A6=10B9CA PC=48DA -- 0048DA: add.w   D0, D0
D0=F00FE D1=6C D2=34A77168 D3=0 D4=10404980 D5=80410088 D6=FFFF D7=0 A0=95200 A1=102D00 A2=534F0 A3=1087FE A4=108100 A5=108000 A6=10B9CA PC=48DC -- 0048DC: add.w   D0, D0
D0=F01FC D1=6C D2=34A77168 D3=0 D4=10404980 D5=80410088 D6=FFFF D7=0 A0=95200 A1=102D00 A2=534F0 A3=1087FE A4=108100 A5=108000 A6=10B9CA PC=48DE -- 0048DE: move.l  (A0,D0.w), ($28,A4)
D0=F01FC D1=6C D2=34A77168 D3=0 D4=10404980 D5=80410088 D6=FFFF D7=0 A0=95200 A1=102D00 A2=534F0 A3=1087FE A4=108100 A5=108000 A6=10B9CA PC=48E4 -- 0048E4: rts
D0=F01FC D1=6C D2=34A77168 D3=0 D4=10404980 D5=80410088 D6=FFFF D7=0 A0=95200 A1=102D00 A2=534F0 A3=1087FE A4=108100 A5=108000 A6=10B9CA PC=3E7C -- 003E7C: bra     $481a
D0=F01FC D1=6C D2=34A77168 D3=0 D4=10404980 D5=80410088 D6=FFFF D7=0 A0=95200 A1=102D00 A2=534F0 A3=1087FE A4=108100 A5=108000 A6=10B9CA PC=481A -- 00481A: addq.w  #1, ($e3a,A5)
D0=F01FC D1=6C D2=34A77168 D3=0 D4=10404980 D5=80410088 D6=FFFF D7=0 A0=95200 A1=102D00 A2=534F0 A3=1087FE A4=108100 A5=108000 A6=10B9CA PC=481E -- 00481E: lea     ($838,A5), A1
D0=F01FC D1=6C D2=34A77168 D3=0 D4=10404980 D5=80410088 D6=FFFF D7=0 A0=95200 A1=108838 A2=534F0 A3=1087FE A4=108100 A5=108000 A6=10B9CA PC=4822 -- 004822: move.w  ($2c,A4), D0
D0=F0078 D1=6C D2=34A77168 D3=0 D4=10404980 D5=80410088 D6=FFFF D7=0 A0=95200 A1=108838 A2=534F0 A3=1087FE A4=108100 A5=108000 A6=10B9CA PC=4826 -- 004826: move.w  D0, D1
D0=F0078 D1=78 D2=34A77168 D3=0 D4=10404980 D5=80410088 D6=FFFF D7=0 A0=95200 A1=108838 A2=534F0 A3=1087FE A4=108100 A5=108000 A6=10B9CA PC=4828 -- 004828: add.w   D1, D1
D0=F0078 D1=F0 D2=34A77168 D3=0 D4=10404980 D5=80410088 D6=FFFF D7=0 A0=95200 A1=108838 A2=534F0 A3=1087FE A4=108100 A5=108000 A6=10B9CA PC=482A -- 00482A: adda.w  D1, A1
D0=F0078 D1=F0 D2=34A77168 D3=0 D4=10404980 D5=80410088 D6=FFFF D7=0 A0=95200 A1=108928 A2=534F0 A3=1087FE A4=108100 A5=108000 A6=10B9CA PC=482C -- 00482C: cmp.w   ($e38,A5), D1
D0=F0078 D1=F0 D2=34A77168 D3=0 D4=10404980 D5=80410088 D6=FFFF D7=0 A0=95200 A1=108928 A2=534F0 A3=1087FE A4=108100 A5=108000 A6=10B9CA PC=4830 -- 004830: bhi     $4836
D0=F0078 D1=F0 D2=34A77168 D3=0 D4=10404980 D5=80410088 D6=FFFF D7=0 A0=95200 A1=108928 A2=534F0 A3=1087FE A4=108100 A5=108000 A6=10B9CA PC=4832 -- 004832: move.w  D1, ($e38,A5)
D0=F0078 D1=F0 D2=34A77168 D3=0 D4=10404980 D5=80410088 D6=FFFF D7=0 A0=95200 A1=108928 A2=534F0 A3=1087FE A4=108100 A5=108000 A6=10B9CA PC=4836 -- 004836: move.w  (A1)+, D1
D0=F0078 D1=0 D2=34A77168 D3=0 D4=10404980 D5=80410088 D6=FFFF D7=0 A0=95200 A1=10892A A2=534F0 A3=1087FE A4=108100 A5=108000 A6=10B9CA PC=4838 -- 004838: beq     $485a
D0=F0078 D1=0 D2=34A77168 D3=0 D4=10404980 D5=80410088 D6=FFFF D7=0 A0=95200 A1=10892A A2=534F0 A3=1087FE A4=108100 A5=108000 A6=10B9CA PC=485A -- 00485A: move.w  A4, (-$2,A1)
D0=F0078 D1=0 D2=34A77168 D3=0 D4=10404980 D5=80410088 D6=FFFF D7=0 A0=95200 A1=10892A A2=534F0 A3=1087FE A4=108100 A5=108000 A6=10B9CA PC=485E -- 00485E: rts
D0=F0078 D1=0 D2=34A77168 D3=0 D4=10404980 D5=80410088 D6=FFFF D7=0 A0=95200 A1=10892A A2=534F0 A3=1087FE A4=108100 A5=108000 A6=10B9CA PC=37216 -- 037216: clr.b   ($1,A6)
D0=F0078 D1=0 D2=34A77168 D3=0 D4=10404980 D5=80410088 D6=FFFF D7=0 A0=95200 A1=10892A A2=534F0 A3=1087FE A4=108100 A5=108000 A6=10B9CA PC=3721A -- 03721A: rts
D0=F0078 D1=0 D2=34A77168 D3=0 D4=10404980 D5=80410088 D6=FFFF D7=0 A0=95200 A1=10892A A2=534F0 A3=1087FE A4=108100 A5=108000 A6=10B9CA PC=3704A -- 03704A: bsr     $3721c
D0=F0078 D1=0 D2=34A77168 D3=0 D4=10404980 D5=80410088 D6=FFFF D7=0 A0=95200 A1=10892A A2=534F0 A3=1087FE A4=108100 A5=108000 A6=10B9CA PC=3721C -- 03721C: movea.l ($7ee,A5), A6
D0=F0078 D1=0 D2=34A77168 D3=0 D4=10404980 D5=80410088 D6=FFFF D7=0 A0=95200 A1=10892A A2=534F0 A3=1087FE A4=108100 A5=108000 A6=10BA1E PC=37220 -- 037220: btst    #$5, (-$8000,A5)
D0=F0078 D1=0 D2=34A77168 D3=0 D4=10404980 D5=80410088 D6=FFFF D7=0 A0=95200 A1=10892A A2=534F0 A3=1087FE A4=108100 A5=108000 A6=10BA1E PC=37226 -- 037226: beq     $3722c
D0=F0078 D1=0 D2=34A77168 D3=0 D4=10404980 D5=80410088 D6=FFFF D7=0 A0=95200 A1=10892A A2=534F0 A3=1087FE A4=108100 A5=108000 A6=10BA1E PC=3722C -- 03722C: lea     ($300,A5), A4
D0=F0078 D1=0 D2=34A77168 D3=0 D4=10404980 D5=80410088 D6=FFFF D7=0 A0=95200 A1=10892A A2=534F0 A3=1087FE A4=108300 A5=108000 A6=10BA1E PC=37230 -- 037230: movea.l (A4), A0
D0=F0078 D1=0 D2=34A77168 D3=0 D4=10404980 D5=80410088 D6=FFFF D7=0 A0=3723A A1=10892A A2=534F0 A3=1087FE A4=108300 A5=108000 A6=10BA1E PC=37232 -- 037232: jsr     (A0)
D0=F0078 D1=0 D2=34A77168 D3=0 D4=10404980 D5=80410088 D6=FFFF D7=0 A0=3723A A1=10892A A2=534F0 A3=1087FE A4=108300 A5=108000 A6=10BA1E PC=3723A -- 03723A: clr.b   ($cf,A4)
D0=F0078 D1=0 D2=34A77168 D3=0 D4=10404980 D5=80410088 D6=FFFF D7=0 A0=3723A A1=10892A A2=534F0 A3=1087FE A4=108300 A5=108000 A6=10BA1E PC=3723E -- 03723E: bsr     $37870
D0=F0078 D1=0 D2=34A77168 D3=0 D4=10404980 D5=80410088 D6=FFFF D7=0 A0=3723A A1=10892A A2=534F0 A3=1087FE A4=108300 A5=108000 A6=10BA1E PC=37870 -- 037870: cmpa.l  #$108100, A4
D0=F0078 D1=0 D2=34A77168 D3=0 D4=10404980 D5=80410088 D6=FFFF D7=0 A0=3723A A1=10892A A2=534F0 A3=1087FE A4=108300 A5=108000 A6=10BA1E PC=37876 -- 037876: bne     $378c4
D0=F0078 D1=0 D2=34A77168 D3=0 D4=10404980 D5=80410088 D6=FFFF D7=0 A0=3723A A1=10892A A2=534F0 A3=1087FE A4=108300 A5=108000 A6=10BA1E PC=378C4 -- 0378C4: moveq   #$0, D0
D0=0 D1=0 D2=34A77168 D3=0 D4=10404980 D5=80410088 D6=FFFF D7=0 A0=3723A A1=10892A A2=534F0 A3=1087FE A4=108300 A5=108000 A6=10BA1E PC=378C6 -- 0378C6: move.b  ($431,A5), D0
D0=6 D1=0 D2=34A77168 D3=0 D4=10404980 D5=80410088 D6=FFFF D7=0 A0=3723A A1=10892A A2=534F0 A3=1087FE A4=108300 A5=108000 A6=10BA1E PC=378CA -- 0378CA: bsr     $3790e
D0=6 D1=0 D2=34A77168 D3=0 D4=10404980 D5=80410088 D6=FFFF D7=0 A0=3723A A1=10892A A2=534F0 A3=1087FE A4=108300 A5=108000 A6=10BA1E PC=3790E -- 03790E: add.w   D0, D0
D0=C D1=0 D2=34A77168 D3=0 D4=10404980 D5=80410088 D6=FFFF D7=0 A0=3723A A1=10892A A2=534F0 A3=1087FE A4=108300 A5=108000 A6=10BA1E PC=37910 -- 037910: add.w   D0, D0
D0=18 D1=0 D2=34A77168 D3=0 D4=10404980 D5=80410088 D6=FFFF D7=0 A0=3723A A1=10892A A2=534F0 A3=1087FE A4=108300 A5=108000 A6=10BA1E PC=37912 -- 037912: lea     $534dc.l, A2
D0=18 D1=0 D2=34A77168 D3=0 D4=10404980 D5=80410088 D6=FFFF D7=0 A0=3723A A1=10892A A2=534DC A3=1087FE A4=108300 A5=108000 A6=10BA1E PC=37918 -- 037918: adda.w  D0, A2
D0=18 D1=0 D2=34A77168 D3=0 D4=10404980 D5=80410088 D6=FFFF D7=0 A0=3723A A1=10892A A2=534F4 A3=1087FE A4=108300 A5=108000 A6=10BA1E PC=3791A -- 03791A: rts
D0=18 D1=0 D2=34A77168 D3=0 D4=10404980 D5=80410088 D6=FFFF D7=0 A0=3723A A1=10892A A2=534F4 A3=1087FE A4=108300 A5=108000 A6=10BA1E PC=378CE -- 0378CE: lea     ($7fe,A5), A3
D0=18 D1=0 D2=34A77168 D3=0 D4=10404980 D5=80410088 D6=FFFF D7=0 A0=3723A A1=10892A A2=534F4 A3=1087FE A4=108300 A5=108000 A6=10BA1E PC=378D2 -- 0378D2: move.w  #$d8, D5
D0=18 D1=0 D2=34A77168 D3=0 D4=10404980 D5=804100D8 D6=FFFF D7=0 A0=3723A A1=10892A A2=534F4 A3=1087FE A4=108300 A5=108000 A6=10BA1E PC=378D6 -- 0378D6: moveq   #$2, D6
D0=18 D1=0 D2=34A77168 D3=0 D4=10404980 D5=804100D8 D6=2 D7=0 A0=3723A A1=10892A A2=534F4 A3=1087FE A4=108300 A5=108000 A6=10BA1E PC=378D8 -- 0378D8: lea     ($88,PC) ; ($37962), A0
D0=18 D1=0 D2=34A77168 D3=0 D4=10404980 D5=804100D8 D6=2 D7=0 A0=37962 A1=10892A A2=534F4 A3=1087FE A4=108300 A5=108000 A6=10BA1E PC=378DC -- 0378DC: nop
D0=18 D1=0 D2=34A77168 D3=0 D4=10404980 D5=804100D8 D6=2 D7=0 A0=37962 A1=10892A A2=534F4 A3=1087FE A4=108300 A5=108000 A6=10BA1E PC=378DE -- 0378DE: move.w  #$3500, D0
D0=3500 D1=0 D2=34A77168 D3=0 D4=10404980 D5=804100D8 D6=2 D7=0 A0=37962 A1=10892A A2=534F4 A3=1087FE A4=108300 A5=108000 A6=10BA1E PC=378E2 -- 0378E2: jsr     $260e.w
D0=3500 D1=0 D2=34A77168 D3=0 D4=10404980 D5=804100D8 D6=2 D7=0 A0=37962 A1=10892A A2=534F4 A3=1087FE A4=108300 A5=108000 A6=10BA1E PC=260E -- 00260E: move.w  ($580,A5), D7
D0=3500 D1=0 D2=34A77168 D3=0 D4=10404980 D5=804100D8 D6=2 D7=50 A0=37962 A1=10892A A2=534F4 A3=1087FE A4=108300 A5=108000 A6=10BA1E PC=2612 -- 002612: bmi     $2670
D0=3500 D1=0 D2=34A77168 D3=0 D4=10404980 D5=804100D8 D6=2 D7=50 A0=37962 A1=10892A A2=534F4 A3=1087FE A4=108300 A5=108000 A6=10BA1E PC=2616 -- 002616: subq.w  #2, ($580,A5)
D0=3500 D1=0 D2=34A77168 D3=0 D4=10404980 D5=804100D8 D6=2 D7=50 A0=37962 A1=10892A A2=534F4 A3=1087FE A4=108300 A5=108000 A6=10BA1E PC=261A -- 00261A: lea     ($500,A5), A1
D0=3500 D1=0 D2=34A77168 D3=0 D4=10404980 D5=804100D8 D6=2 D7=50 A0=37962 A1=108500 A2=534F4 A3=1087FE A4=108300 A5=108000 A6=10BA1E PC=261E -- 00261E: movea.w (A1,D7.w), A1
D0=3500 D1=0 D2=34A77168 D3=0 D4=10404980 D5=804100D8 D6=2 D7=50 A0=37962 A1=2F00 A2=534F4 A3=1087FE A4=108300 A5=108000 A6=10BA1E PC=2622 -- 002622: adda.l  #$100000, A1
D0=3500 D1=0 D2=34A77168 D3=0 D4=10404980 D5=804100D8 D6=2 D7=50 A0=37962 A1=102F00 A2=534F4 A3=1087FE A4=108300 A5=108000 A6=10BA1E PC=2628 -- 002628: move.l  A0, (A1)
D0=3500 D1=0 D2=34A77168 D3=0 D4=10404980 D5=804100D8 D6=2 D7=50 A0=37962 A1=102F00 A2=534F4 A3=1087FE A4=108300 A5=108000 A6=10BA1E PC=262A -- 00262A: move.w  D0, ($8,A1)
D0=3500 D1=0 D2=34A77168 D3=0 D4=10404980 D5=804100D8 D6=2 D7=50 A0=37962 A1=102F00 A2=534F4 A3=1087FE A4=108300 A5=108000 A6=10BA1E PC=262E -- 00262E: lea     (-$7f00,A5), A0
D0=3500 D1=0 D2=34A77168 D3=0 D4=10404980 D5=804100D8 D6=2 D7=50 A0=100100 A1=102F00 A2=534F4 A3=1087FE A4=108300 A5=108000 A6=10BA1E PC=2632 -- 002632: move.l  A0, D7
D0=3500 D1=0 D2=34A77168 D3=0 D4=10404980 D5=804100D8 D6=2 D7=100100 A0=100100 A1=102F00 A2=534F4 A3=1087FE A4=108300 A5=108000 A6=10BA1E PC=2634 -- 002634: move.w  ($4,A0), D7
D0=3500 D1=0 D2=34A77168 D3=0 D4=10404980 D5=804100D8 D6=2 D7=100500 A0=100100 A1=102F00 A2=534F4 A3=1087FE A4=108300 A5=108000 A6=10BA1E PC=2638 -- 002638: movea.l D7, A0
D0=3500 D1=0 D2=34A77168 D3=0 D4=10404980 D5=804100D8 D6=2 D7=100500 A0=100500 A1=102F00 A2=534F4 A3=1087FE A4=108300 A5=108000 A6=10BA1E PC=263A -- 00263A: cmp.w   ($8,A0), D0
D0=3500 D1=0 D2=34A77168 D3=0 D4=10404980 D5=804100D8 D6=2 D7=100500 A0=100500 A1=102F00 A2=534F4 A3=1087FE A4=108300 A5=108000 A6=10BA1E PC=263E -- 00263E: bcc     $2634
D0=3500 D1=0 D2=34A77168 D3=0 D4=10404980 D5=804100D8 D6=2 D7=100500 A0=100500 A1=102F00 A2=534F4 A3=1087FE A4=108300 A5=108000 A6=10BA1E PC=2634 -- 002634: move.w  ($4,A0), D7
D0=3500 D1=0 D2=34A77168 D3=0 D4=10404980 D5=804100D8 D6=2 D7=100700 A0=100500 A1=102F00 A2=534F4 A3=1087FE A4=108300 A5=108000 A6=10BA1E PC=2638 -- 002638: movea.l D7, A0
D0=3500 D1=0 D2=34A77168 D3=0 D4=10404980 D5=804100D8 D6=2 D7=100700 A0=100700 A1=102F00 A2=534F4 A3=1087FE A4=108300 A5=108000 A6=10BA1E PC=263A -- 00263A: cmp.w   ($8,A0), D0
D0=3500 D1=0 D2=34A77168 D3=0 D4=10404980 D5=804100D8 D6=2 D7=100700 A0=100700 A1=102F00 A2=534F4 A3=1087FE A4=108300 A5=108000 A6=10BA1E PC=263E -- 00263E: bcc     $2634

   (loops for 80 instructions)

D0=3500 D1=0 D2=34A77168 D3=0 D4=10404980 D5=804100D8 D6=2 D7=100300 A0=100300 A1=102F00 A2=534F4 A3=1087FE A4=108300 A5=108000 A6=10BA1E PC=2640 -- 002640: move.w  A0, ($4,A1)
D0=3500 D1=0 D2=34A77168 D3=0 D4=10404980 D5=804100D8 D6=2 D7=100300 A0=100300 A1=102F00 A2=534F4 A3=1087FE A4=108300 A5=108000 A6=10BA1E PC=2644 -- 002644: move.w  ($6,A0), ($6,A1)
D0=3500 D1=0 D2=34A77168 D3=0 D4=10404980 D5=804100D8 D6=2 D7=100300 A0=100300 A1=102F00 A2=534F4 A3=1087FE A4=108300 A5=108000 A6=10BA1E PC=264A -- 00264A: move.w  ($6,A0), D7
D0=3500 D1=0 D2=34A77168 D3=0 D4=10404980 D5=804100D8 D6=2 D7=102D00 A0=100300 A1=102F00 A2=534F4 A3=1087FE A4=108300 A5=108000 A6=10BA1E PC=264E -- 00264E: move.w  A1, ($6,A0)
D0=3500 D1=0 D2=34A77168 D3=0 D4=10404980 D5=804100D8 D6=2 D7=102D00 A0=100300 A1=102F00 A2=534F4 A3=1087FE A4=108300 A5=108000 A6=10BA1E PC=2652 -- 002652: movea.l D7, A0
D0=3500 D1=0 D2=34A77168 D3=0 D4=10404980 D5=804100D8 D6=2 D7=102D00 A0=102D00 A1=102F00 A2=534F4 A3=1087FE A4=108300 A5=108000 A6=10BA1E PC=2654 -- 002654: move.w  A1, ($4,A0)
D0=3500 D1=0 D2=34A77168 D3=0 D4=10404980 D5=804100D8 D6=2 D7=102D00 A0=102D00 A1=102F00 A2=534F4 A3=1087FE A4=108300 A5=108000 A6=10BA1E PC=2658 -- 002658: lea     ($10,A1), A0
D0=3500 D1=0 D2=34A77168 D3=0 D4=10404980 D5=804100D8 D6=2 D7=102D00 A0=102F10 A1=102F00 A2=534F4 A3=1087FE A4=108300 A5=108000 A6=10BA1E PC=265C -- 00265C: move.w  #$1e, D0
D0=1E D1=0 D2=34A77168 D3=0 D4=10404980 D5=804100D8 D6=2 D7=102D00 A0=102F10 A1=102F00 A2=534F4 A3=1087FE A4=108300 A5=108000 A6=10BA1E PC=2660 -- 002660: moveq   #$0, D7
D0=1E D1=0 D2=34A77168 D3=0 D4=10404980 D5=804100D8 D6=2 D7=0 A0=102F10 A1=102F00 A2=534F4 A3=1087FE A4=108300 A5=108000 A6=10BA1E PC=2662 -- 002662: move.l  D7, (A0)+
D0=1E D1=0 D2=34A77168 D3=0 D4=10404980 D5=804100D8 D6=2 D7=0 A0=102F14 A1=102F00 A2=534F4 A3=1087FE A4=108300 A5=108000 A6=10BA1E PC=2664 -- 002664: move.l  D7, (A0)+
D0=1E D1=0 D2=34A77168 D3=0 D4=10404980 D5=804100D8 D6=2 D7=0 A0=102F18 A1=102F00 A2=534F4 A3=1087FE A4=108300 A5=108000 A6=10BA1E PC=2666 -- 002666: move.l  D7, (A0)+
D0=1E D1=0 D2=34A77168 D3=0 D4=10404980 D5=804100D8 D6=2 D7=0 A0=102F1C A1=102F00 A2=534F4 A3=1087FE A4=108300 A5=108000 A6=10BA1E PC=2668 -- 002668: move.l  D7, (A0)+
D0=1E D1=0 D2=34A77168 D3=0 D4=10404980 D5=804100D8 D6=2 D7=0 A0=102F20 A1=102F00 A2=534F4 A3=1087FE A4=108300 A5=108000 A6=10BA1E PC=266A -- 00266A: dbra    D0, $2662
D0=1D D1=0 D2=34A77168 D3=0 D4=10404980 D5=804100D8 D6=2 D7=0 A0=102F20 A1=102F00 A2=534F4 A3=1087FE A4=108300 A5=108000 A6=10BA1E PC=2662 -- 002662: move.l  D7, (A0)+
D0=1D D1=0 D2=34A77168 D3=0 D4=10404980 D5=804100D8 D6=2 D7=0 A0=102F24 A1=102F00 A2=534F4 A3=1087FE A4=108300 A5=108000 A6=10BA1E PC=2664 -- 002664: move.l  D7, (A0)+
D0=1D D1=0 D2=34A77168 D3=0 D4=10404980 D5=804100D8 D6=2 D7=0 A0=102F28 A1=102F00 A2=534F4 A3=1087FE A4=108300 A5=108000 A6=10BA1E PC=2666 -- 002666: move.l  D7, (A0)+
D0=1D D1=0 D2=34A77168 D3=0 D4=10404980 D5=804100D8 D6=2 D7=0 A0=102F2C A1=102F00 A2=534F4 A3=1087FE A4=108300 A5=108000 A6=10BA1E PC=2668 -- 002668: move.l  D7, (A0)+
D0=1D D1=0 D2=34A77168 D3=0 D4=10404980 D5=804100D8 D6=2 D7=0 A0=102F30 A1=102F00 A2=534F4 A3=1087FE A4=108300 A5=108000 A6=10BA1E PC=266A -- 00266A: dbra    D0, $2662

   (loops for 145 instructions)

D0=FFFF D1=0 D2=34A77168 D3=0 D4=10404980 D5=804100D8 D6=2 D7=0 A0=103100 A1=102F00 A2=534F4 A3=1087FE A4=108300 A5=108000 A6=10BA1E PC=266E -- 00266E: rts
D0=FFFF D1=0 D2=34A77168 D3=0 D4=10404980 D5=804100D8 D6=2 D7=0 A0=103100 A1=102F00 A2=534F4 A3=1087FE A4=108300 A5=108000 A6=10BA1E PC=378E6 -- 0378E6: bsr     $3791c
D0=FFFF D1=0 D2=34A77168 D3=0 D4=10404980 D5=804100D8 D6=2 D7=0 A0=103100 A1=102F00 A2=534F4 A3=1087FE A4=108300 A5=108000 A6=10BA1E PC=3791C -- 03791C: clr.b   ($cf,A1)
D0=FFFF D1=0 D2=34A77168 D3=0 D4=10404980 D5=804100D8 D6=2 D7=0 A0=103100 A1=102F00 A2=534F4 A3=1087FE A4=108300 A5=108000 A6=10BA1E PC=37920 -- 037920: move.l  #$4d454d42, ($10,A1)
D0=FFFF D1=0 D2=34A77168 D3=0 D4=10404980 D5=804100D8 D6=2 D7=0 A0=103100 A1=102F00 A2=534F4 A3=1087FE A4=108300 A5=108000 A6=10BA1E PC=37928 -- 037928: move.l  #$44495350, ($14,A1)
D0=FFFF D1=0 D2=34A77168 D3=0 D4=10404980 D5=804100D8 D6=2 D7=0 A0=103100 A1=102F00 A2=534F4 A3=1087FE A4=108300 A5=108000 A6=10BA1E PC=37930 -- 037930: move.b  #$ff, ($68,A1)
D0=FFFF D1=0 D2=34A77168 D3=0 D4=10404980 D5=804100D8 D6=2 D7=0 A0=103100 A1=102F00 A2=534F4 A3=1087FE A4=108300 A5=108000 A6=10BA1E PC=37936 -- 037936: move.b  #$ff, ($69,A1)
D0=FFFF D1=0 D2=34A77168 D3=0 D4=10404980 D5=804100D8 D6=2 D7=0 A0=103100 A1=102F00 A2=534F4 A3=1087FE A4=108300 A5=108000 A6=10BA1E PC=3793C -- 03793C: clr.l   ($18,A1)
D0=FFFF D1=0 D2=34A77168 D3=0 D4=10404980 D5=804100D8 D6=2 D7=0 A0=103100 A1=102F00 A2=534F4 A3=1087FE A4=108300 A5=108000 A6=10BA1E PC=37940 -- 037940: clr.l   ($1c,A1)
D0=FFFF D1=0 D2=34A77168 D3=0 D4=10404980 D5=804100D8 D6=2 D7=0 A0=103100 A1=102F00 A2=534F4 A3=1087FE A4=108300 A5=108000 A6=10BA1E PC=37944 -- 037944: clr.l   ($20,A1)
D0=FFFF D1=0 D2=34A77168 D3=0 D4=10404980 D5=804100D8 D6=2 D7=0 A0=103100 A1=102F00 A2=534F4 A3=1087FE A4=108300 A5=108000 A6=10BA1E PC=37948 -- 037948: move.w  D5, ($24,A1)
D0=FFFF D1=0 D2=34A77168 D3=0 D4=10404980 D5=804100D8 D6=2 D7=0 A0=103100 A1=102F00 A2=534F4 A3=1087FE A4=108300 A5=108000 A6=10BA1E PC=3794C -- 03794C: move.w  #$b8, ($26,A1)
D0=FFFF D1=0 D2=34A77168 D3=0 D4=10404980 D5=804100D8 D6=2 D7=0 A0=103100 A1=102F00 A2=534F4 A3=1087FE A4=108300 A5=108000 A6=10BA1E PC=37952 -- 037952: move.l  A4, ($84,A1)
D0=FFFF D1=0 D2=34A77168 D3=0 D4=10404980 D5=804100D8 D6=2 D7=0 A0=103100 A1=102F00 A2=534F4 A3=1087FE A4=108300 A5=108000 A6=10BA1E PC=37956 -- 037956: move.l  A1, (A3)+
D0=FFFF D1=0 D2=34A77168 D3=0 D4=10404980 D5=804100D8 D6=2 D7=0 A0=103100 A1=102F00 A2=534F4 A3=108802 A4=108300 A5=108000 A6=10BA1E PC=37958 -- 037958: rts
D0=FFFF D1=0 D2=34A77168 D3=0 D4=10404980 D5=804100D8 D6=2 D7=0 A0=103100 A1=102F00 A2=534F4 A3=108802 A4=108300 A5=108000 A6=10BA1E PC=378EA -- 0378EA: move.w  #$6e, ($2c,A1)
D0=FFFF D1=0 D2=34A77168 D3=0 D4=10404980 D5=804100D8 D6=2 D7=0 A0=103100 A1=102F00 A2=534F4 A3=108802 A4=108300 A5=108000 A6=10BA1E PC=378F0 -- 0378F0: sub.w   D6, ($2c,A1)
D0=FFFF D1=0 D2=34A77168 D3=0 D4=10404980 D5=804100D8 D6=2 D7=0 A0=103100 A1=102F00 A2=534F4 A3=108802 A4=108300 A5=108000 A6=10BA1E PC=378F4 -- 0378F4: move.w  D6, ($d0,A1)
D0=FFFF D1=0 D2=34A77168 D3=0 D4=10404980 D5=804100D8 D6=2 D7=0 A0=103100 A1=102F00 A2=534F4 A3=108802 A4=108300 A5=108000 A6=10BA1E PC=378F8 -- 0378F8: lea     ($64,PC) ; ($3795e), A0
D0=FFFF D1=0 D2=34A77168 D3=0 D4=10404980 D5=804100D8 D6=2 D7=0 A0=3795E A1=102F00 A2=534F4 A3=108802 A4=108300 A5=108000 A6=10BA1E PC=378FC -- 0378FC: nop
D0=FFFF D1=0 D2=34A77168 D3=0 D4=10404980 D5=804100D8 D6=2 D7=0 A0=3795E A1=102F00 A2=534F4 A3=108802 A4=108300 A5=108000 A6=10BA1E PC=378FE -- 0378FE: move.b  (A0,D6.w), ($30,A1)
D0=FFFF D1=0 D2=34A77168 D3=0 D4=10404980 D5=804100D8 D6=2 D7=0 A0=3795E A1=102F00 A2=534F4 A3=108802 A4=108300 A5=108000 A6=10BA1E PC=37904 -- 037904: addi.w  #$20, D5
D0=FFFF D1=0 D2=34A77168 D3=0 D4=10404980 D5=804100F8 D6=2 D7=0 A0=3795E A1=102F00 A2=534F4 A3=108802 A4=108300 A5=108000 A6=10BA1E PC=37908 -- 037908: dbra    D6, $378d8
D0=FFFF D1=0 D2=34A77168 D3=0 D4=10404980 D5=804100F8 D6=1 D7=0 A0=3795E A1=102F00 A2=534F4 A3=108802 A4=108300 A5=108000 A6=10BA1E PC=378D8 -- 0378D8: lea     ($88,PC) ; ($37962), A0
D0=FFFF D1=0 D2=34A77168 D3=0 D4=10404980 D5=804100F8 D6=1 D7=0 A0=37962 A1=102F00 A2=534F4 A3=108802 A4=108300 A5=108000 A6=10BA1E PC=378DC -- 0378DC: nop
D0=FFFF D1=0 D2=34A77168 D3=0 D4=10404980 D5=804100F8 D6=1 D7=0 A0=37962 A1=102F00 A2=534F4 A3=108802 A4=108300 A5=108000 A6=10BA1E PC=378DE -- 0378DE: move.w  #$3500, D0
D0=3500 D1=0 D2=34A77168 D3=0 D4=10404980 D5=804100F8 D6=1 D7=0 A0=37962 A1=102F00 A2=534F4 A3=108802 A4=108300 A5=108000 A6=10BA1E PC=378E2 -- 0378E2: jsr     $260e.w
D0=3500 D1=0 D2=34A77168 D3=0 D4=10404980 D5=804100F8 D6=1 D7=0 A0=37962 A1=102F00 A2=534F4 A3=108802 A4=108300 A5=108000 A6=10BA1E PC=260E -- 00260E: move.w  ($580,A5), D7
D0=3500 D1=0 D2=34A77168 D3=0 D4=10404980 D5=804100F8 D6=1 D7=4E A0=37962 A1=102F00 A2=534F4 A3=108802 A4=108300 A5=108000 A6=10BA1E PC=2612 -- 002612: bmi     $2670
D0=3500 D1=0 D2=34A77168 D3=0 D4=10404980 D5=804100F8 D6=1 D7=4E A0=37962 A1=102F00 A2=534F4 A3=108802 A4=108300 A5=108000 A6=10BA1E PC=2616 -- 002616: subq.w  #2, ($580,A5)
D0=3500 D1=0 D2=34A77168 D3=0 D4=10404980 D5=804100F8 D6=1 D7=4E A0=37962 A1=102F00 A2=534F4 A3=108802 A4=108300 A5=108000 A6=10BA1E PC=261A -- 00261A: lea     ($500,A5), A1
D0=3500 D1=0 D2=34A77168 D3=0 D4=10404980 D5=804100F8 D6=1 D7=4E A0=37962 A1=108500 A2=534F4 A3=108802 A4=108300 A5=108000 A6=10BA1E PC=261E -- 00261E: movea.w (A1,D7.w), A1
D0=3500 D1=0 D2=34A77168 D3=0 D4=10404980 D5=804100F8 D6=1 D7=4E A0=37962 A1=3100 A2=534F4 A3=108802 A4=108300 A5=108000 A6=10BA1E PC=2622 -- 002622: adda.l  #$100000, A1
D0=3500 D1=0 D2=34A77168 D3=0 D4=10404980 D5=804100F8 D6=1 D7=4E A0=37962 A1=103100 A2=534F4 A3=108802 A4=108300 A5=108000 A6=10BA1E PC=2628 -- 002628: move.l  A0, (A1)
D0=3500 D1=0 D2=34A77168 D3=0 D4=10404980 D5=804100F8 D6=1 D7=4E A0=37962 A1=103100 A2=534F4 A3=108802 A4=108300 A5=108000 A6=10BA1E PC=262A -- 00262A: move.w  D0, ($8,A1)
D0=3500 D1=0 D2=34A77168 D3=0 D4=10404980 D5=804100F8 D6=1 D7=4E A0=37962 A1=103100 A2=534F4 A3=108802 A4=108300 A5=108000 A6=10BA1E PC=262E -- 00262E: lea     (-$7f00,A5), A0
D0=3500 D1=0 D2=34A77168 D3=0 D4=10404980 D5=804100F8 D6=1 D7=4E A0=100100 A1=103100 A2=534F4 A3=108802 A4=108300 A5=108000 A6=10BA1E PC=2632 -- 002632: move.l  A0, D7

   (loops for 92 instructions)

D0=3500 D1=0 D2=34A77168 D3=0 D4=10404980 D5=804100F8 D6=1 D7=100300 A0=100300 A1=103100 A2=534F4 A3=108802 A4=108300 A5=108000 A6=10BA1E PC=2640 -- 002640: move.w  A0, ($4,A1)
D0=3500 D1=0 D2=34A77168 D3=0 D4=10404980 D5=804100F8 D6=1 D7=100300 A0=100300 A1=103100 A2=534F4 A3=108802 A4=108300 A5=108000 A6=10BA1E PC=2644 -- 002644: move.w  ($6,A0), ($6,A1)
D0=3500 D1=0 D2=34A77168 D3=0 D4=10404980 D5=804100F8 D6=1 D7=100300 A0=100300 A1=103100 A2=534F4 A3=108802 A4=108300 A5=108000 A6=10BA1E PC=264A -- 00264A: move.w  ($6,A0), D7
D0=3500 D1=0 D2=34A77168 D3=0 D4=10404980 D5=804100F8 D6=1 D7=102F00 A0=100300 A1=103100 A2=534F4 A3=108802 A4=108300 A5=108000 A6=10BA1E PC=264E -- 00264E: move.w  A1, ($6,A0)
D0=3500 D1=0 D2=34A77168 D3=0 D4=10404980 D5=804100F8 D6=1 D7=102F00 A0=100300 A1=103100 A2=534F4 A3=108802 A4=108300 A5=108000 A6=10BA1E PC=2652 -- 002652: movea.l D7, A0
D0=3500 D1=0 D2=34A77168 D3=0 D4=10404980 D5=804100F8 D6=1 D7=102F00 A0=102F00 A1=103100 A2=534F4 A3=108802 A4=108300 A5=108000 A6=10BA1E PC=2654 -- 002654: move.w  A1, ($4,A0)
D0=3500 D1=0 D2=34A77168 D3=0 D4=10404980 D5=804100F8 D6=1 D7=102F00 A0=102F00 A1=103100 A2=534F4 A3=108802 A4=108300 A5=108000 A6=10BA1E PC=2658 -- 002658: lea     ($10,A1), A0
D0=3500 D1=0 D2=34A77168 D3=0 D4=10404980 D5=804100F8 D6=1 D7=102F00 A0=103110 A1=103100 A2=534F4 A3=108802 A4=108300 A5=108000 A6=10BA1E PC=265C -- 00265C: move.w  #$1e, D0
D0=1E D1=0 D2=34A77168 D3=0 D4=10404980 D5=804100F8 D6=1 D7=102F00 A0=103110 A1=103100 A2=534F4 A3=108802 A4=108300 A5=108000 A6=10BA1E PC=2660 -- 002660: moveq   #$0, D7

   (loops for 155 instructions)

D0=FFFF D1=0 D2=34A77168 D3=0 D4=10404980 D5=804100F8 D6=1 D7=0 A0=103300 A1=103100 A2=534F4 A3=108802 A4=108300 A5=108000 A6=10BA1E PC=266E -- 00266E: rts
D0=FFFF D1=0 D2=34A77168 D3=0 D4=10404980 D5=804100F8 D6=1 D7=0 A0=103300 A1=103100 A2=534F4 A3=108802 A4=108300 A5=108000 A6=10BA1E PC=378E6 -- 0378E6: bsr     $3791c
D0=FFFF D1=0 D2=34A77168 D3=0 D4=10404980 D5=804100F8 D6=1 D7=0 A0=103300 A1=103100 A2=534F4 A3=108802 A4=108300 A5=108000 A6=10BA1E PC=3791C -- 03791C: clr.b   ($cf,A1)
D0=FFFF D1=0 D2=34A77168 D3=0 D4=10404980 D5=804100F8 D6=1 D7=0 A0=103300 A1=103100 A2=534F4 A3=108802 A4=108300 A5=108000 A6=10BA1E PC=37920 -- 037920: move.l  #$4d454d42, ($10,A1)
D0=FFFF D1=0 D2=34A77168 D3=0 D4=10404980 D5=804100F8 D6=1 D7=0 A0=103300 A1=103100 A2=534F4 A3=108802 A4=108300 A5=108000 A6=10BA1E PC=37928 -- 037928: move.l  #$44495350, ($14,A1)
D0=FFFF D1=0 D2=34A77168 D3=0 D4=10404980 D5=804100F8 D6=1 D7=0 A0=103300 A1=103100 A2=534F4 A3=108802 A4=108300 A5=108000 A6=10BA1E PC=37930 -- 037930: move.b  #$ff, ($68,A1)
D0=FFFF D1=0 D2=34A77168 D3=0 D4=10404980 D5=804100F8 D6=1 D7=0 A0=103300 A1=103100 A2=534F4 A3=108802 A4=108300 A5=108000 A6=10BA1E PC=37936 -- 037936: move.b  #$ff, ($69,A1)
D0=FFFF D1=0 D2=34A77168 D3=0 D4=10404980 D5=804100F8 D6=1 D7=0 A0=103300 A1=103100 A2=534F4 A3=108802 A4=108300 A5=108000 A6=10BA1E PC=3793C -- 03793C: clr.l   ($18,A1)
D0=FFFF D1=0 D2=34A77168 D3=0 D4=10404980 D5=804100F8 D6=1 D7=0 A0=103300 A1=103100 A2=534F4 A3=108802 A4=108300 A5=108000 A6=10BA1E PC=37940 -- 037940: clr.l   ($1c,A1)
D0=FFFF D1=0 D2=34A77168 D3=0 D4=10404980 D5=804100F8 D6=1 D7=0 A0=103300 A1=103100 A2=534F4 A3=108802 A4=108300 A5=108000 A6=10BA1E PC=37944 -- 037944: clr.l   ($20,A1)
D0=FFFF D1=0 D2=34A77168 D3=0 D4=10404980 D5=804100F8 D6=1 D7=0 A0=103300 A1=103100 A2=534F4 A3=108802 A4=108300 A5=108000 A6=10BA1E PC=37948 -- 037948: move.w  D5, ($24,A1)
D0=FFFF D1=0 D2=34A77168 D3=0 D4=10404980 D5=804100F8 D6=1 D7=0 A0=103300 A1=103100 A2=534F4 A3=108802 A4=108300 A5=108000 A6=10BA1E PC=3794C -- 03794C: move.w  #$b8, ($26,A1)
D0=FFFF D1=0 D2=34A77168 D3=0 D4=10404980 D5=804100F8 D6=1 D7=0 A0=103300 A1=103100 A2=534F4 A3=108802 A4=108300 A5=108000 A6=10BA1E PC=37952 -- 037952: move.l  A4, ($84,A1)
D0=FFFF D1=0 D2=34A77168 D3=0 D4=10404980 D5=804100F8 D6=1 D7=0 A0=103300 A1=103100 A2=534F4 A3=108802 A4=108300 A5=108000 A6=10BA1E PC=37956 -- 037956: move.l  A1, (A3)+
D0=FFFF D1=0 D2=34A77168 D3=0 D4=10404980 D5=804100F8 D6=1 D7=0 A0=103300 A1=103100 A2=534F4 A3=108806 A4=108300 A5=108000 A6=10BA1E PC=37958 -- 037958: rts
D0=FFFF D1=0 D2=34A77168 D3=0 D4=10404980 D5=804100F8 D6=1 D7=0 A0=103300 A1=103100 A2=534F4 A3=108806 A4=108300 A5=108000 A6=10BA1E PC=378EA -- 0378EA: move.w  #$6e, ($2c,A1)
D0=FFFF D1=0 D2=34A77168 D3=0 D4=10404980 D5=804100F8 D6=1 D7=0 A0=103300 A1=103100 A2=534F4 A3=108806 A4=108300 A5=108000 A6=10BA1E PC=378F0 -- 0378F0: sub.w   D6, ($2c,A1)
D0=FFFF D1=0 D2=34A77168 D3=0 D4=10404980 D5=804100F8 D6=1 D7=0 A0=103300 A1=103100 A2=534F4 A3=108806 A4=108300 A5=108000 A6=10BA1E PC=378F4 -- 0378F4: move.w  D6, ($d0,A1)
D0=FFFF D1=0 D2=34A77168 D3=0 D4=10404980 D5=804100F8 D6=1 D7=0 A0=103300 A1=103100 A2=534F4 A3=108806 A4=108300 A5=108000 A6=10BA1E PC=378F8 -- 0378F8: lea     ($64,PC) ; ($3795e), A0
D0=FFFF D1=0 D2=34A77168 D3=0 D4=10404980 D5=804100F8 D6=1 D7=0 A0=3795E A1=103100 A2=534F4 A3=108806 A4=108300 A5=108000 A6=10BA1E PC=378FC -- 0378FC: nop
D0=FFFF D1=0 D2=34A77168 D3=0 D4=10404980 D5=804100F8 D6=1 D7=0 A0=3795E A1=103100 A2=534F4 A3=108806 A4=108300 A5=108000 A6=10BA1E PC=378FE -- 0378FE: move.b  (A0,D6.w), ($30,A1)
D0=FFFF D1=0 D2=34A77168 D3=0 D4=10404980 D5=804100F8 D6=1 D7=0 A0=3795E A1=103100 A2=534F4 A3=108806 A4=108300 A5=108000 A6=10BA1E PC=37904 -- 037904: addi.w  #$20, D5
D0=FFFF D1=0 D2=34A77168 D3=0 D4=10404980 D5=80410118 D6=1 D7=0 A0=3795E A1=103100 A2=534F4 A3=108806 A4=108300 A5=108000 A6=10BA1E PC=37908 -- 037908: dbra    D6, $378d8
D0=FFFF D1=0 D2=34A77168 D3=0 D4=10404980 D5=80410118 D6=0 D7=0 A0=3795E A1=103100 A2=534F4 A3=108806 A4=108300 A5=108000 A6=10BA1E PC=378D8 -- 0378D8: lea     ($88,PC) ; ($37962), A0
D0=FFFF D1=0 D2=34A77168 D3=0 D4=10404980 D5=80410118 D6=0 D7=0 A0=37962 A1=103100 A2=534F4 A3=108806 A4=108300 A5=108000 A6=10BA1E PC=378DC -- 0378DC: nop
D0=FFFF D1=0 D2=34A77168 D3=0 D4=10404980 D5=80410118 D6=0 D7=0 A0=37962 A1=103100 A2=534F4 A3=108806 A4=108300 A5=108000 A6=10BA1E PC=378DE -- 0378DE: move.w  #$3500, D0
D0=3500 D1=0 D2=34A77168 D3=0 D4=10404980 D5=80410118 D6=0 D7=0 A0=37962 A1=103100 A2=534F4 A3=108806 A4=108300 A5=108000 A6=10BA1E PC=378E2 -- 0378E2: jsr     $260e.w
D0=3500 D1=0 D2=34A77168 D3=0 D4=10404980 D5=80410118 D6=0 D7=0 A0=37962 A1=103100 A2=534F4 A3=108806 A4=108300 A5=108000 A6=10BA1E PC=260E -- 00260E: move.w  ($580,A5), D7
D0=3500 D1=0 D2=34A77168 D3=0 D4=10404980 D5=80410118 D6=0 D7=4C A0=37962 A1=103100 A2=534F4 A3=108806 A4=108300 A5=108000 A6=10BA1E PC=2612 -- 002612: bmi     $2670
D0=3500 D1=0 D2=34A77168 D3=0 D4=10404980 D5=80410118 D6=0 D7=4C A0=37962 A1=103100 A2=534F4 A3=108806 A4=108300 A5=108000 A6=10BA1E PC=2616 -- 002616: subq.w  #2, ($580,A5)
D0=3500 D1=0 D2=34A77168 D3=0 D4=10404980 D5=80410118 D6=0 D7=4C A0=37962 A1=103100 A2=534F4 A3=108806 A4=108300 A5=108000 A6=10BA1E PC=261A -- 00261A: lea     ($500,A5), A1
D0=3500 D1=0 D2=34A77168 D3=0 D4=10404980 D5=80410118 D6=0 D7=4C A0=37962 A1=108500 A2=534F4 A3=108806 A4=108300 A5=108000 A6=10BA1E PC=261E -- 00261E: movea.w (A1,D7.w), A1
D0=3500 D1=0 D2=34A77168 D3=0 D4=10404980 D5=80410118 D6=0 D7=4C A0=37962 A1=3300 A2=534F4 A3=108806 A4=108300 A5=108000 A6=10BA1E PC=2622 -- 002622: adda.l  #$100000, A1
D0=3500 D1=0 D2=34A77168 D3=0 D4=10404980 D5=80410118 D6=0 D7=4C A0=37962 A1=103300 A2=534F4 A3=108806 A4=108300 A5=108000 A6=10BA1E PC=2628 -- 002628: move.l  A0, (A1)
D0=3500 D1=0 D2=34A77168 D3=0 D4=10404980 D5=80410118 D6=0 D7=4C A0=37962 A1=103300 A2=534F4 A3=108806 A4=108300 A5=108000 A6=10BA1E PC=262A -- 00262A: move.w  D0, ($8,A1)
D0=3500 D1=0 D2=34A77168 D3=0 D4=10404980 D5=80410118 D6=0 D7=4C A0=37962 A1=103300 A2=534F4 A3=108806 A4=108300 A5=108000 A6=10BA1E PC=262E -- 00262E: lea     (-$7f00,A5), A0
D0=3500 D1=0 D2=34A77168 D3=0 D4=10404980 D5=80410118 D6=0 D7=4C A0=100100 A1=103300 A2=534F4 A3=108806 A4=108300 A5=108000 A6=10BA1E PC=2632 -- 002632: move.l  A0, D7
D0=3500 D1=0 D2=34A77168 D3=0 D4=10404980 D5=80410118 D6=0 D7=100100 A0=100100 A1=103300 A2=534F4 A3=108806 A4=108300 A5=108000 A6=10BA1E PC=2634 -- 002634: move.w  ($4,A0), D7
D0=3500 D1=0 D2=34A77168 D3=0 D4=10404980 D5=80410118 D6=0 D7=100500 A0=100100 A1=103300 A2=534F4 A3=108806 A4=108300 A5=108000 A6=10BA1E PC=2638 -- 002638: movea.l D7, A0
D0=3500 D1=0 D2=34A77168 D3=0 D4=10404980 D5=80410118 D6=0 D7=100500 A0=100500 A1=103300 A2=534F4 A3=108806 A4=108300 A5=108000 A6=10BA1E PC=263A -- 00263A: cmp.w   ($8,A0), D0
D0=3500 D1=0 D2=34A77168 D3=0 D4=10404980 D5=80410118 D6=0 D7=100500 A0=100500 A1=103300 A2=534F4 A3=108806 A4=108300 A5=108000 A6=10BA1E PC=263E -- 00263E: bcc     $2634
D0=3500 D1=0 D2=34A77168 D3=0 D4=10404980 D5=80410118 D6=0 D7=100500 A0=100500 A1=103300 A2=534F4 A3=108806 A4=108300 A5=108000 A6=10BA1E PC=2634 -- 002634: move.w  ($4,A0), D7
D0=3500 D1=0 D2=34A77168 D3=0 D4=10404980 D5=80410118 D6=0 D7=100700 A0=100500 A1=103300 A2=534F4 A3=108806 A4=108300 A5=108000 A6=10BA1E PC=2638 -- 002638: movea.l D7, A0
D0=3500 D1=0 D2=34A77168 D3=0 D4=10404980 D5=80410118 D6=0 D7=100700 A0=100700 A1=103300 A2=534F4 A3=108806 A4=108300 A5=108000 A6=10BA1E PC=263A -- 00263A: cmp.w   ($8,A0), D0
D0=3500 D1=0 D2=34A77168 D3=0 D4=10404980 D5=80410118 D6=0 D7=100700 A0=100700 A1=103300 A2=534F4 A3=108806 A4=108300 A5=108000 A6=10BA1E PC=263E -- 00263E: bcc     $2634

   (loops for 88 instructions)

D0=3500 D1=0 D2=34A77168 D3=0 D4=10404980 D5=80410118 D6=0 D7=100300 A0=100300 A1=103300 A2=534F4 A3=108806 A4=108300 A5=108000 A6=10BA1E PC=2640 -- 002640: move.w  A0, ($4,A1)
D0=3500 D1=0 D2=34A77168 D3=0 D4=10404980 D5=80410118 D6=0 D7=100300 A0=100300 A1=103300 A2=534F4 A3=108806 A4=108300 A5=108000 A6=10BA1E PC=2644 -- 002644: move.w  ($6,A0), ($6,A1)
D0=3500 D1=0 D2=34A77168 D3=0 D4=10404980 D5=80410118 D6=0 D7=100300 A0=100300 A1=103300 A2=534F4 A3=108806 A4=108300 A5=108000 A6=10BA1E PC=264A -- 00264A: move.w  ($6,A0), D7
D0=3500 D1=0 D2=34A77168 D3=0 D4=10404980 D5=80410118 D6=0 D7=103100 A0=100300 A1=103300 A2=534F4 A3=108806 A4=108300 A5=108000 A6=10BA1E PC=264E -- 00264E: move.w  A1, ($6,A0)
D0=3500 D1=0 D2=34A77168 D3=0 D4=10404980 D5=80410118 D6=0 D7=103100 A0=100300 A1=103300 A2=534F4 A3=108806 A4=108300 A5=108000 A6=10BA1E PC=2652 -- 002652: movea.l D7, A0
D0=3500 D1=0 D2=34A77168 D3=0 D4=10404980 D5=80410118 D6=0 D7=103100 A0=103100 A1=103300 A2=534F4 A3=108806 A4=108300 A5=108000 A6=10BA1E PC=2654 -- 002654: move.w  A1, ($4,A0)
D0=3500 D1=0 D2=34A77168 D3=0 D4=10404980 D5=80410118 D6=0 D7=103100 A0=103100 A1=103300 A2=534F4 A3=108806 A4=108300 A5=108000 A6=10BA1E PC=2658 -- 002658: lea     ($10,A1), A0
D0=3500 D1=0 D2=34A77168 D3=0 D4=10404980 D5=80410118 D6=0 D7=103100 A0=103310 A1=103300 A2=534F4 A3=108806 A4=108300 A5=108000 A6=10BA1E PC=265C -- 00265C: move.w  #$1e, D0
D0=1E D1=0 D2=34A77168 D3=0 D4=10404980 D5=80410118 D6=0 D7=103100 A0=103310 A1=103300 A2=534F4 A3=108806 A4=108300 A5=108000 A6=10BA1E PC=2660 -- 002660: moveq   #$0, D7
D0=1E D1=0 D2=34A77168 D3=0 D4=10404980 D5=80410118 D6=0 D7=0 A0=103310 A1=103300 A2=534F4 A3=108806 A4=108300 A5=108000 A6=10BA1E PC=2662 -- 002662: move.l  D7, (A0)+
D0=1E D1=0 D2=34A77168 D3=0 D4=10404980 D5=80410118 D6=0 D7=0 A0=103314 A1=103300 A2=534F4 A3=108806 A4=108300 A5=108000 A6=10BA1E PC=2664 -- 002664: move.l  D7, (A0)+
D0=1E D1=0 D2=34A77168 D3=0 D4=10404980 D5=80410118 D6=0 D7=0 A0=103318 A1=103300 A2=534F4 A3=108806 A4=108300 A5=108000 A6=10BA1E PC=2666 -- 002666: move.l  D7, (A0)+
D0=1E D1=0 D2=34A77168 D3=0 D4=10404980 D5=80410118 D6=0 D7=0 A0=10331C A1=103300 A2=534F4 A3=108806 A4=108300 A5=108000 A6=10BA1E PC=2668 -- 002668: move.l  D7, (A0)+
D0=1E D1=0 D2=34A77168 D3=0 D4=10404980 D5=80410118 D6=0 D7=0 A0=103320 A1=103300 A2=534F4 A3=108806 A4=108300 A5=108000 A6=10BA1E PC=266A -- 00266A: dbra    D0, $2662
D0=1D D1=0 D2=34A77168 D3=0 D4=10404980 D5=80410118 D6=0 D7=0 A0=103320 A1=103300 A2=534F4 A3=108806 A4=108300 A5=108000 A6=10BA1E PC=2662 -- 002662: move.l  D7, (A0)+
D0=1D D1=0 D2=34A77168 D3=0 D4=10404980 D5=80410118 D6=0 D7=0 A0=103324 A1=103300 A2=534F4 A3=108806 A4=108300 A5=108000 A6=10BA1E PC=2664 -- 002664: move.l  D7, (A0)+
D0=1D D1=0 D2=34A77168 D3=0 D4=10404980 D5=80410118 D6=0 D7=0 A0=103328 A1=103300 A2=534F4 A3=108806 A4=108300 A5=108000 A6=10BA1E PC=2666 -- 002666: move.l  D7, (A0)+
D0=1D D1=0 D2=34A77168 D3=0 D4=10404980 D5=80410118 D6=0 D7=0 A0=10332C A1=103300 A2=534F4 A3=108806 A4=108300 A5=108000 A6=10BA1E PC=2668 -- 002668: move.l  D7, (A0)+
D0=1D D1=0 D2=34A77168 D3=0 D4=10404980 D5=80410118 D6=0 D7=0 A0=103330 A1=103300 A2=534F4 A3=108806 A4=108300 A5=108000 A6=10BA1E PC=266A -- 00266A: dbra    D0, $2662

   (loops for 145 instructions)

D0=FFFF D1=0 D2=34A77168 D3=0 D4=10404980 D5=80410118 D6=0 D7=0 A0=103500 A1=103300 A2=534F4 A3=108806 A4=108300 A5=108000 A6=10BA1E PC=266E -- 00266E: rts
D0=FFFF D1=0 D2=34A77168 D3=0 D4=10404980 D5=80410118 D6=0 D7=0 A0=103500 A1=103300 A2=534F4 A3=108806 A4=108300 A5=108000 A6=10BA1E PC=378E6 -- 0378E6: bsr     $3791c
D0=FFFF D1=0 D2=34A77168 D3=0 D4=10404980 D5=80410118 D6=0 D7=0 A0=103500 A1=103300 A2=534F4 A3=108806 A4=108300 A5=108000 A6=10BA1E PC=3791C -- 03791C: clr.b   ($cf,A1)
D0=FFFF D1=0 D2=34A77168 D3=0 D4=10404980 D5=80410118 D6=0 D7=0 A0=103500 A1=103300 A2=534F4 A3=108806 A4=108300 A5=108000 A6=10BA1E PC=37920 -- 037920: move.l  #$4d454d42, ($10,A1)
D0=FFFF D1=0 D2=34A77168 D3=0 D4=10404980 D5=80410118 D6=0 D7=0 A0=103500 A1=103300 A2=534F4 A3=108806 A4=108300 A5=108000 A6=10BA1E PC=37928 -- 037928: move.l  #$44495350, ($14,A1)
D0=FFFF D1=0 D2=34A77168 D3=0 D4=10404980 D5=80410118 D6=0 D7=0 A0=103500 A1=103300 A2=534F4 A3=108806 A4=108300 A5=108000 A6=10BA1E PC=37930 -- 037930: move.b  #$ff, ($68,A1)
D0=FFFF D1=0 D2=34A77168 D3=0 D4=10404980 D5=80410118 D6=0 D7=0 A0=103500 A1=103300 A2=534F4 A3=108806 A4=108300 A5=108000 A6=10BA1E PC=37936 -- 037936: move.b  #$ff, ($69,A1)
D0=FFFF D1=0 D2=34A77168 D3=0 D4=10404980 D5=80410118 D6=0 D7=0 A0=103500 A1=103300 A2=534F4 A3=108806 A4=108300 A5=108000 A6=10BA1E PC=3793C -- 03793C: clr.l   ($18,A1)
D0=FFFF D1=0 D2=34A77168 D3=0 D4=10404980 D5=80410118 D6=0 D7=0 A0=103500 A1=103300 A2=534F4 A3=108806 A4=108300 A5=108000 A6=10BA1E PC=37940 -- 037940: clr.l   ($1c,A1)
D0=FFFF D1=0 D2=34A77168 D3=0 D4=10404980 D5=80410118 D6=0 D7=0 A0=103500 A1=103300 A2=534F4 A3=108806 A4=108300 A5=108000 A6=10BA1E PC=37944 -- 037944: clr.l   ($20,A1)
D0=FFFF D1=0 D2=34A77168 D3=0 D4=10404980 D5=80410118 D6=0 D7=0 A0=103500 A1=103300 A2=534F4 A3=108806 A4=108300 A5=108000 A6=10BA1E PC=37948 -- 037948: move.w  D5, ($24,A1)
D0=FFFF D1=0 D2=34A77168 D3=0 D4=10404980 D5=80410118 D6=0 D7=0 A0=103500 A1=103300 A2=534F4 A3=108806 A4=108300 A5=108000 A6=10BA1E PC=3794C -- 03794C: move.w  #$b8, ($26,A1)
D0=FFFF D1=0 D2=34A77168 D3=0 D4=10404980 D5=80410118 D6=0 D7=0 A0=103500 A1=103300 A2=534F4 A3=108806 A4=108300 A5=108000 A6=10BA1E PC=37952 -- 037952: move.l  A4, ($84,A1)
D0=FFFF D1=0 D2=34A77168 D3=0 D4=10404980 D5=80410118 D6=0 D7=0 A0=103500 A1=103300 A2=534F4 A3=108806 A4=108300 A5=108000 A6=10BA1E PC=37956 -- 037956: move.l  A1, (A3)+
D0=FFFF D1=0 D2=34A77168 D3=0 D4=10404980 D5=80410118 D6=0 D7=0 A0=103500 A1=103300 A2=534F4 A3=10880A A4=108300 A5=108000 A6=10BA1E PC=37958 -- 037958: rts
D0=FFFF D1=0 D2=34A77168 D3=0 D4=10404980 D5=80410118 D6=0 D7=0 A0=103500 A1=103300 A2=534F4 A3=10880A A4=108300 A5=108000 A6=10BA1E PC=378EA -- 0378EA: move.w  #$6e, ($2c,A1)
D0=FFFF D1=0 D2=34A77168 D3=0 D4=10404980 D5=80410118 D6=0 D7=0 A0=103500 A1=103300 A2=534F4 A3=10880A A4=108300 A5=108000 A6=10BA1E PC=378F0 -- 0378F0: sub.w   D6, ($2c,A1)
D0=FFFF D1=0 D2=34A77168 D3=0 D4=10404980 D5=80410118 D6=0 D7=0 A0=103500 A1=103300 A2=534F4 A3=10880A A4=108300 A5=108000 A6=10BA1E PC=378F4 -- 0378F4: move.w  D6, ($d0,A1)
D0=FFFF D1=0 D2=34A77168 D3=0 D4=10404980 D5=80410118 D6=0 D7=0 A0=103500 A1=103300 A2=534F4 A3=10880A A4=108300 A5=108000 A6=10BA1E PC=378F8 -- 0378F8: lea     ($64,PC) ; ($3795e), A0
D0=FFFF D1=0 D2=34A77168 D3=0 D4=10404980 D5=80410118 D6=0 D7=0 A0=3795E A1=103300 A2=534F4 A3=10880A A4=108300 A5=108000 A6=10BA1E PC=378FC -- 0378FC: nop
D0=FFFF D1=0 D2=34A77168 D3=0 D4=10404980 D5=80410118 D6=0 D7=0 A0=3795E A1=103300 A2=534F4 A3=10880A A4=108300 A5=108000 A6=10BA1E PC=378FE -- 0378FE: move.b  (A0,D6.w), ($30,A1)
D0=FFFF D1=0 D2=34A77168 D3=0 D4=10404980 D5=80410118 D6=0 D7=0 A0=3795E A1=103300 A2=534F4 A3=10880A A4=108300 A5=108000 A6=10BA1E PC=37904 -- 037904: addi.w  #$20, D5
D0=FFFF D1=0 D2=34A77168 D3=0 D4=10404980 D5=80410138 D6=0 D7=0 A0=3795E A1=103300 A2=534F4 A3=10880A A4=108300 A5=108000 A6=10BA1E PC=37908 -- 037908: dbra    D6, $378d8
D0=FFFF D1=0 D2=34A77168 D3=0 D4=10404980 D5=80410138 D6=FFFF D7=0 A0=3795E A1=103300 A2=534F4 A3=10880A A4=108300 A5=108000 A6=10BA1E PC=3790C -- 03790C: rts
D0=FFFF D1=0 D2=34A77168 D3=0 D4=10404980 D5=80410138 D6=FFFF D7=0 A0=3795E A1=103300 A2=534F4 A3=10880A A4=108300 A5=108000 A6=10BA1E PC=37242 -- 037242: move.b  #$ff, ($68,A4)
D0=FFFF D1=0 D2=34A77168 D3=0 D4=10404980 D5=80410138 D6=FFFF D7=0 A0=3795E A1=103300 A2=534F4 A3=10880A A4=108300 A5=108000 A6=10BA1E PC=37248 -- 037248: move.b  #$ff, ($69,A4)
D0=FFFF D1=0 D2=34A77168 D3=0 D4=10404980 D5=80410138 D6=FFFF D7=0 A0=3795E A1=103300 A2=534F4 A3=10880A A4=108300 A5=108000 A6=10BA1E PC=3724E -- 03724E: clr.l   ($18,A4)
D0=FFFF D1=0 D2=34A77168 D3=0 D4=10404980 D5=80410138 D6=FFFF D7=0 A0=3795E A1=103300 A2=534F4 A3=10880A A4=108300 A5=108000 A6=10BA1E PC=37252 -- 037252: clr.l   ($1c,A4)
D0=FFFF D1=0 D2=34A77168 D3=0 D4=10404980 D5=80410138 D6=FFFF D7=0 A0=3795E A1=103300 A2=534F4 A3=10880A A4=108300 A5=108000 A6=10BA1E PC=37256 -- 037256: clr.l   ($20,A4)
D0=FFFF D1=0 D2=34A77168 D3=0 D4=10404980 D5=80410138 D6=FFFF D7=0 A0=3795E A1=103300 A2=534F4 A3=10880A A4=108300 A5=108000 A6=10BA1E PC=3725A -- 03725A: bsr     $373d8
D0=FFFF D1=0 D2=34A77168 D3=0 D4=10404980 D5=80410138 D6=FFFF D7=0 A0=3795E A1=103300 A2=534F4 A3=10880A A4=108300 A5=108000 A6=10BA1E PC=373D8 -- 0373D8: moveq   #$0, D0
D0=0 D1=0 D2=34A77168 D3=0 D4=10404980 D5=80410138 D6=FFFF D7=0 A0=3795E A1=103300 A2=534F4 A3=10880A A4=108300 A5=108000 A6=10BA1E PC=373DA -- 0373DA: move.b  ($131,A4), D0
D0=6 D1=0 D2=34A77168 D3=0 D4=10404980 D5=80410138 D6=FFFF D7=0 A0=3795E A1=103300 A2=534F4 A3=10880A A4=108300 A5=108000 A6=10BA1E PC=373DE -- 0373DE: add.w   D0, D0
D0=C D1=0 D2=34A77168 D3=0 D4=10404980 D5=80410138 D6=FFFF D7=0 A0=3795E A1=103300 A2=534F4 A3=10880A A4=108300 A5=108000 A6=10BA1E PC=373E0 -- 0373E0: add.w   D0, D0
D0=18 D1=0 D2=34A77168 D3=0 D4=10404980 D5=80410138 D6=FFFF D7=0 A0=3795E A1=103300 A2=534F4 A3=10880A A4=108300 A5=108000 A6=10BA1E PC=373E2 -- 0373E2: lea     $534b8.l, A0
D0=18 D1=0 D2=34A77168 D3=0 D4=10404980 D5=80410138 D6=FFFF D7=0 A0=534B8 A1=103300 A2=534F4 A3=10880A A4=108300 A5=108000 A6=10BA1E PC=373E8 -- 0373E8: move.w  (A0,D0.w), ($18,A4)
D0=18 D1=0 D2=34A77168 D3=0 D4=10404980 D5=80410138 D6=FFFF D7=0 A0=534B8 A1=103300 A2=534F4 A3=10880A A4=108300 A5=108000 A6=10BA1E PC=373EE -- 0373EE: move.w  ($2,A0,D0.w), ($1c,A4)
D0=18 D1=0 D2=34A77168 D3=0 D4=10404980 D5=80410138 D6=FFFF D7=0 A0=534B8 A1=103300 A2=534F4 A3=10880A A4=108300 A5=108000 A6=10BA1E PC=373F4 -- 0373F4: rts
D0=18 D1=0 D2=34A77168 D3=0 D4=10404980 D5=80410138 D6=FFFF D7=0 A0=534B8 A1=103300 A2=534F4 A3=10880A A4=108300 A5=108000 A6=10BA1E PC=3725E -- 03725E: move.w  #$78, ($2c,A4)
D0=18 D1=0 D2=34A77168 D3=0 D4=10404980 D5=80410138 D6=FFFF D7=0 A0=534B8 A1=103300 A2=534F4 A3=10880A A4=108300 A5=108000 A6=10BA1E PC=37264 -- 037264: move.w  #$1b, ($70,A4)
D0=18 D1=0 D2=34A77168 D3=0 D4=10404980 D5=80410138 D6=FFFF D7=0 A0=534B8 A1=103300 A2=534F4 A3=10880A A4=108300 A5=108000 A6=10BA1E PC=3726A -- 03726A: clr.w   ($d0,A4)
D0=18 D1=0 D2=34A77168 D3=0 D4=10404980 D5=80410138 D6=FFFF D7=0 A0=534B8 A1=103300 A2=534F4 A3=10880A A4=108300 A5=108000 A6=10BA1E PC=3726E -- 03726E: move.l  #$37274, (A4)
D0=18 D1=0 D2=34A77168 D3=0 D4=10404980 D5=80410138 D6=FFFF D7=0 A0=534B8 A1=103300 A2=534F4 A3=10880A A4=108300 A5=108000 A6=10BA1E PC=37274 -- 037274: btst    #$0, ($cf,A4)
D0=18 D1=0 D2=34A77168 D3=0 D4=10404980 D5=80410138 D6=FFFF D7=0 A0=534B8 A1=103300 A2=534F4 A3=10880A A4=108300 A5=108000 A6=10BA1E PC=3727A -- 03727A: bne     $372c6
D0=18 D1=0 D2=34A77168 D3=0 D4=10404980 D5=80410138 D6=FFFF D7=0 A0=534B8 A1=103300 A2=534F4 A3=10880A A4=108300 A5=108000 A6=10BA1E PC=3727C -- 03727C: tst.b   ($130,A4)
D0=18 D1=0 D2=34A77168 D3=0 D4=10404980 D5=80410138 D6=FFFF D7=0 A0=534B8 A1=103300 A2=534F4 A3=10880A A4=108300 A5=108000 A6=10BA1E PC=37280 -- 037280: bpl     $37298
D0=18 D1=0 D2=34A77168 D3=0 D4=10404980 D5=80410138 D6=FFFF D7=0 A0=534B8 A1=103300 A2=534F4 A3=10880A A4=108300 A5=108000 A6=10BA1E PC=37298 -- 037298: bsr     $37574
D0=18 D1=0 D2=34A77168 D3=0 D4=10404980 D5=80410138 D6=FFFF D7=0 A0=534B8 A1=103300 A2=534F4 A3=10880A A4=108300 A5=108000 A6=10BA1E PC=37574 -- 037574: btst    #$2, ($785,A5)
D0=18 D1=0 D2=34A77168 D3=0 D4=10404980 D5=80410138 D6=FFFF D7=0 A0=534B8 A1=103300 A2=534F4 A3=10880A A4=108300 A5=108000 A6=10BA1E PC=3757A -- 03757A: bne     $37598
D0=18 D1=0 D2=34A77168 D3=0 D4=10404980 D5=80410138 D6=FFFF D7=0 A0=534B8 A1=103300 A2=534F4 A3=10880A A4=108300 A5=108000 A6=10BA1E PC=3757C -- 03757C: movea.l ($b6,A4), A0
D0=18 D1=0 D2=34A77168 D3=0 D4=10404980 D5=80410138 D6=FFFF D7=0 A0=108100 A1=103300 A2=534F4 A3=10880A A4=108300 A5=108000 A6=10BA1E PC=37580 -- 037580: move.b  ($130,A0), D0
D0=81 D1=0 D2=34A77168 D3=0 D4=10404980 D5=80410138 D6=FFFF D7=0 A0=108100 A1=103300 A2=534F4 A3=10880A A4=108300 A5=108000 A6=10BA1E PC=37584 -- 037584: andi.b  #$7f, D0
D0=1 D1=0 D2=34A77168 D3=0 D4=10404980 D5=80410138 D6=FFFF D7=0 A0=108100 A1=103300 A2=534F4 A3=10880A A4=108300 A5=108000 A6=10BA1E PC=37588 -- 037588: subq.b  #1, D0
D0=0 D1=0 D2=34A77168 D3=0 D4=10404980 D5=80410138 D6=FFFF D7=0 A0=108100 A1=103300 A2=534F4 A3=10880A A4=108300 A5=108000 A6=10BA1E PC=3758A -- 03758A: btst    D0, ($7e6,A5)
D0=0 D1=0 D2=34A77168 D3=0 D4=10404980 D5=80410138 D6=FFFF D7=0 A0=108100 A1=103300 A2=534F4 A3=10880A A4=108300 A5=108000 A6=10BA1E PC=3758E -- 03758E: bne     $375c0
D0=0 D1=0 D2=34A77168 D3=0 D4=10404980 D5=80410138 D6=FFFF D7=0 A0=108100 A1=103300 A2=534F4 A3=10880A A4=108300 A5=108000 A6=10BA1E PC=375C0 -- 0375C0: rts
D0=0 D1=0 D2=34A77168 D3=0 D4=10404980 D5=80410138 D6=FFFF D7=0 A0=108100 A1=103300 A2=534F4 A3=10880A A4=108300 A5=108000 A6=10BA1E PC=3729C -- 03729C: move.w  #$47, ($72,A4)
D0=0 D1=0 D2=34A77168 D3=0 D4=10404980 D5=80410138 D6=FFFF D7=0 A0=108100 A1=103300 A2=534F4 A3=10880A A4=108300 A5=108000 A6=10BA1E PC=372A2 -- 0372A2: btst    #$0, ($130,A4)
D0=0 D1=0 D2=34A77168 D3=0 D4=10404980 D5=80410138 D6=FFFF D7=0 A0=108100 A1=103300 A2=534F4 A3=10880A A4=108300 A5=108000 A6=10BA1E PC=372A8 -- 0372A8: bne     $372b0
D0=0 D1=0 D2=34A77168 D3=0 D4=10404980 D5=80410138 D6=FFFF D7=0 A0=108100 A1=103300 A2=534F4 A3=10880A A4=108300 A5=108000 A6=10BA1E PC=372AA -- 0372AA: move.w  #$49, ($72,A4)
D0=0 D1=0 D2=34A77168 D3=0 D4=10404980 D5=80410138 D6=FFFF D7=0 A0=108100 A1=103300 A2=534F4 A3=10880A A4=108300 A5=108000 A6=10BA1E PC=372B0 -- 0372B0: bsr     $372da
D0=0 D1=0 D2=34A77168 D3=0 D4=10404980 D5=80410138 D6=FFFF D7=0 A0=108100 A1=103300 A2=534F4 A3=10880A A4=108300 A5=108000 A6=10BA1E PC=372DA -- 0372DA: move.b  ($130,A4), D0
D0=2 D1=0 D2=34A77168 D3=0 D4=10404980 D5=80410138 D6=FFFF D7=0 A0=108100 A1=103300 A2=534F4 A3=10880A A4=108300 A5=108000 A6=10BA1E PC=372DE -- 0372DE: andi.b  #$7f, D0
D0=2 D1=0 D2=34A77168 D3=0 D4=10404980 D5=80410138 D6=FFFF D7=0 A0=108100 A1=103300 A2=534F4 A3=10880A A4=108300 A5=108000 A6=10BA1E PC=372E2 -- 0372E2: addq.b  #1, D0
D0=3 D1=0 D2=34A77168 D3=0 D4=10404980 D5=80410138 D6=FFFF D7=0 A0=108100 A1=103300 A2=534F4 A3=10880A A4=108300 A5=108000 A6=10BA1E PC=372E4 -- 0372E4: btst    D0, ($7e6,A5)
D0=3 D1=0 D2=34A77168 D3=0 D4=10404980 D5=80410138 D6=FFFF D7=0 A0=108100 A1=103300 A2=534F4 A3=10880A A4=108300 A5=108000 A6=10BA1E PC=372E8 -- 0372E8: bne     $37310
D0=3 D1=0 D2=34A77168 D3=0 D4=10404980 D5=80410138 D6=FFFF D7=0 A0=108100 A1=103300 A2=534F4 A3=10880A A4=108300 A5=108000 A6=10BA1E PC=372EA -- 0372EA: move.b  ($1,A6), D0
D0=0 D1=0 D2=34A77168 D3=0 D4=10404980 D5=80410138 D6=FFFF D7=0 A0=108100 A1=103300 A2=534F4 A3=10880A A4=108300 A5=108000 A6=10BA1E PC=372EE -- 0372EE: andi.w  #$f, D0
D0=0 D1=0 D2=34A77168 D3=0 D4=10404980 D5=80410138 D6=FFFF D7=0 A0=108100 A1=103300 A2=534F4 A3=10880A A4=108300 A5=108000 A6=10BA1E PC=372F2 -- 0372F2: lea     ($22,PC) ; ($37316), A0
D0=0 D1=0 D2=34A77168 D3=0 D4=10404980 D5=80410138 D6=FFFF D7=0 A0=37316 A1=103300 A2=534F4 A3=10880A A4=108300 A5=108000 A6=10BA1E PC=372F6 -- 0372F6: nop
D0=0 D1=0 D2=34A77168 D3=0 D4=10404980 D5=80410138 D6=FFFF D7=0 A0=37316 A1=103300 A2=534F4 A3=10880A A4=108300 A5=108000 A6=10BA1E PC=372F8 -- 0372F8: moveq   #$0, D1
D0=0 D1=0 D2=34A77168 D3=0 D4=10404980 D5=80410138 D6=FFFF D7=0 A0=37316 A1=103300 A2=534F4 A3=10880A A4=108300 A5=108000 A6=10BA1E PC=372FA -- 0372FA: move.b  (A0,D0.w), D1
D0=0 D1=FF D2=34A77168 D3=0 D4=10404980 D5=80410138 D6=FFFF D7=0 A0=37316 A1=103300 A2=534F4 A3=10880A A4=108300 A5=108000 A6=10BA1E PC=372FE -- 0372FE: bmi     $37310
D0=0 D1=FF D2=34A77168 D3=0 D4=10404980 D5=80410138 D6=FFFF D7=0 A0=37316 A1=103300 A2=534F4 A3=10880A A4=108300 A5=108000 A6=10BA1E PC=37310 -- 037310: bsr     $373f6
D0=0 D1=FF D2=34A77168 D3=0 D4=10404980 D5=80410138 D6=FFFF D7=0 A0=37316 A1=103300 A2=534F4 A3=10880A A4=108300 A5=108000 A6=10BA1E PC=373F6 -- 0373F6: lea     $53538.l, A0
D0=0 D1=FF D2=34A77168 D3=0 D4=10404980 D5=80410138 D6=FFFF D7=0 A0=53538 A1=103300 A2=534F4 A3=10880A A4=108300 A5=108000 A6=10BA1E PC=373FC -- 0373FC: btst    #$0, ($130,A4)
D0=0 D1=FF D2=34A77168 D3=0 D4=10404980 D5=80410138 D6=FFFF D7=0 A0=53538 A1=103300 A2=534F4 A3=10880A A4=108300 A5=108000 A6=10BA1E PC=37402 -- 037402: bne     $3740a
D0=0 D1=FF D2=34A77168 D3=0 D4=10404980 D5=80410138 D6=FFFF D7=0 A0=53538 A1=103300 A2=534F4 A3=10880A A4=108300 A5=108000 A6=10BA1E PC=37404 -- 037404: lea     $5355c.l, A0
D0=0 D1=FF D2=34A77168 D3=0 D4=10404980 D5=80410138 D6=FFFF D7=0 A0=5355C A1=103300 A2=534F4 A3=10880A A4=108300 A5=108000 A6=10BA1E PC=3740A -- 03740A: moveq   #$0, D0
D0=0 D1=FF D2=34A77168 D3=0 D4=10404980 D5=80410138 D6=FFFF D7=0 A0=5355C A1=103300 A2=534F4 A3=10880A A4=108300 A5=108000 A6=10BA1E PC=3740C -- 03740C: move.b  ($131,A4), D0
D0=6 D1=FF D2=34A77168 D3=0 D4=10404980 D5=80410138 D6=FFFF D7=0 A0=5355C A1=103300 A2=534F4 A3=10880A A4=108300 A5=108000 A6=10BA1E PC=37410 -- 037410: add.w   D0, D0
D0=C D1=FF D2=34A77168 D3=0 D4=10404980 D5=80410138 D6=FFFF D7=0 A0=5355C A1=103300 A2=534F4 A3=10880A A4=108300 A5=108000 A6=10BA1E PC=37412 -- 037412: add.w   D0, D0
D0=18 D1=FF D2=34A77168 D3=0 D4=10404980 D5=80410138 D6=FFFF D7=0 A0=5355C A1=103300 A2=534F4 A3=10880A A4=108300 A5=108000 A6=10BA1E PC=37414 -- 037414: movea.l (A0,D0.w), A0
D0=18 D1=FF D2=34A77168 D3=0 D4=10404980 D5=80410138 D6=FFFF D7=0 A0=53700 A1=103300 A2=534F4 A3=10880A A4=108300 A5=108000 A6=10BA1E PC=37418 -- 037418: move.b  #$ff, ($46fe,A5)
D0=18 D1=FF D2=34A77168 D3=0 D4=10404980 D5=80410138 D6=FFFF D7=0 A0=53700 A1=103300 A2=534F4 A3=10880A A4=108300 A5=108000 A6=10BA1E PC=3741E -- 03741E: jsr     $6086.w
D0=18 D1=FF D2=34A77168 D3=0 D4=10404980 D5=80410138 D6=FFFF D7=0 A0=53700 A1=103300 A2=534F4 A3=10880A A4=108300 A5=108000 A6=10BA1E PC=6086 -- 006086: move.b  (A0), D0
D0=73 D1=FF D2=34A77168 D3=0 D4=10404980 D5=80410138 D6=FFFF D7=0 A0=53700 A1=103300 A2=534F4 A3=10880A A4=108300 A5=108000 A6=10BA1E PC=6088 -- 006088: move.b  D0, -(A7)
D0=73 D1=FF D2=34A77168 D3=0 D4=10404980 D5=80410138 D6=FFFF D7=0 A0=53700 A1=103300 A2=534F4 A3=10880A A4=108300 A5=108000 A6=10BA1E PC=608A -- 00608A: move.w  (A7)+, D0
D0=730F D1=FF D2=34A77168 D3=0 D4=10404980 D5=80410138 D6=FFFF D7=0 A0=53700 A1=103300 A2=534F4 A3=10880A A4=108300 A5=108000 A6=10BA1E PC=608C -- 00608C: move.b  ($1,A0), D0
D0=73A7 D1=FF D2=34A77168 D3=0 D4=10404980 D5=80410138 D6=FFFF D7=0 A0=53700 A1=103300 A2=534F4 A3=10880A A4=108300 A5=108000 A6=10BA1E PC=6090 -- 006090: move.w  D0, D2
D0=73A7 D1=FF D2=34A773A7 D3=0 D4=10404980 D5=80410138 D6=FFFF D7=0 A0=53700 A1=103300 A2=534F4 A3=10880A A4=108300 A5=108000 A6=10BA1E PC=6092 -- 006092: addq.l  #2, A0
D0=73A7 D1=FF D2=34A773A7 D3=0 D4=10404980 D5=80410138 D6=FFFF D7=0 A0=53702 A1=103300 A2=534F4 A3=10880A A4=108300 A5=108000 A6=10BA1E PC=6094 -- 006094: tst.b   ($46fe,A5)
D0=73A7 D1=FF D2=34A773A7 D3=0 D4=10404980 D5=80410138 D6=FFFF D7=0 A0=53702 A1=103300 A2=534F4 A3=10880A A4=108300 A5=108000 A6=10BA1E PC=6098 -- 006098: bmi     $60b4
D0=73A7 D1=FF D2=34A773A7 D3=0 D4=10404980 D5=80410138 D6=FFFF D7=0 A0=53702 A1=103300 A2=534F4 A3=10880A A4=108300 A5=108000 A6=10BA1E PC=60B4 -- 0060B4: move.b  (A0)+, D0
D0=7346 D1=FF D2=34A773A7 D3=0 D4=10404980 D5=80410138 D6=FFFF D7=0 A0=53703 A1=103300 A2=534F4 A3=10880A A4=108300 A5=108000 A6=10BA1E PC=60B6 -- 0060B6: move.b  D0, -(A7)
D0=7346 D1=FF D2=34A773A7 D3=0 D4=10404980 D5=80410138 D6=FFFF D7=0 A0=53703 A1=103300 A2=534F4 A3=10880A A4=108300 A5=108000 A6=10BA1E PC=60B8 -- 0060B8: move.w  (A7)+, D0
D0=460F D1=FF D2=34A773A7 D3=0 D4=10404980 D5=80410138 D6=FFFF D7=0 A0=53703 A1=103300 A2=534F4 A3=10880A A4=108300 A5=108000 A6=10BA1E PC=60BA -- 0060BA: clr.b   D0
D0=4600 D1=FF D2=34A773A7 D3=0 D4=10404980 D5=80410138 D6=FFFF D7=0 A0=53703 A1=103300 A2=534F4 A3=10880A A4=108300 A5=108000 A6=10BA1E PC=60BC -- 0060BC: move.w  D2, ($46fa,A5)
D0=4600 D1=FF D2=34A773A7 D3=0 D4=10404980 D5=80410138 D6=FFFF D7=0 A0=53703 A1=103300 A2=534F4 A3=10880A A4=108300 A5=108000 A6=10BA1E PC=60C0 -- 0060C0: move.w  D0, ($46fc,A5)
D0=4600 D1=FF D2=34A773A7 D3=0 D4=10404980 D5=80410138 D6=FFFF D7=0 A0=53703 A1=103300 A2=534F4 A3=10880A A4=108300 A5=108000 A6=10BA1E PC=60C4 -- 0060C4: moveq   #$0, D1
D0=4600 D1=0 D2=34A773A7 D3=0 D4=10404980 D5=80410138 D6=FFFF D7=0 A0=53703 A1=103300 A2=534F4 A3=10880A A4=108300 A5=108000 A6=10BA1E PC=60C6 -- 0060C6: move.b  (A0)+, D1
D0=4600 D1=D0 D2=34A773A7 D3=0 D4=10404980 D5=80410138 D6=FFFF D7=0 A0=53704 A1=103300 A2=534F4 A3=10880A A4=108300 A5=108000 A6=10BA1E PC=60C8 -- 0060C8: cmpi.b  #$d, D1
D0=4600 D1=D0 D2=34A773A7 D3=0 D4=10404980 D5=80410138 D6=FFFF D7=0 A0=53704 A1=103300 A2=534F4 A3=10880A A4=108300 A5=108000 A6=10BA1E PC=60CC -- 0060CC: bne     $60e2
D0=4600 D1=D0 D2=34A773A7 D3=0 D4=10404980 D5=80410138 D6=FFFF D7=0 A0=53704 A1=103300 A2=534F4 A3=10880A A4=108300 A5=108000 A6=10BA1E PC=60E2 -- 0060E2: cmpi.b  #-$2, D1
D0=4600 D1=D0 D2=34A773A7 D3=0 D4=10404980 D5=80410138 D6=FFFF D7=0 A0=53704 A1=103300 A2=534F4 A3=10880A A4=108300 A5=108000 A6=10BA1E PC=60E6 -- 0060E6: beq     $6086
D0=4600 D1=D0 D2=34A773A7 D3=0 D4=10404980 D5=80410138 D6=FFFF D7=0 A0=53704 A1=103300 A2=534F4 A3=10880A A4=108300 A5=108000 A6=10BA1E PC=60E8 -- 0060E8: cmpi.b  #-$1, D1
D0=4600 D1=D0 D2=34A773A7 D3=0 D4=10404980 D5=80410138 D6=FFFF D7=0 A0=53704 A1=103300 A2=534F4 A3=10880A A4=108300 A5=108000 A6=10BA1E PC=60EC -- 0060EC: beq     $6102
D0=4600 D1=D0 D2=34A773A7 D3=0 D4=10404980 D5=80410138 D6=FFFF D7=0 A0=53704 A1=103300 A2=534F4 A3=10880A A4=108300 A5=108000 A6=10BA1E PC=60EE -- 0060EE: or.w    D0, D1
D0=4600 D1=46D0 D2=34A773A7 D3=0 D4=10404980 D5=80410138 D6=FFFF D7=0 A0=53704 A1=103300 A2=534F4 A3=10880A A4=108300 A5=108000 A6=10BA1E PC=60F0 -- 0060F0: swap    D2
D0=4600 D1=46D0 D2=73A734A7 D3=0 D4=10404980 D5=80410138 D6=FFFF D7=0 A0=53704 A1=103300 A2=534F4 A3=10880A A4=108300 A5=108000 A6=10BA1E PC=60F2 -- 0060F2: move.w  D1, D2
D0=4600 D1=46D0 D2=73A746D0 D3=0 D4=10404980 D5=80410138 D6=FFFF D7=0 A0=53704 A1=103300 A2=534F4 A3=10880A A4=108300 A5=108000 A6=10BA1E PC=60F4 -- 0060F4: move.l  D2, $3c0000.l
D0=4600 D1=46D0 D2=73A746D0 D3=0 D4=10404980 D5=80410138 D6=FFFF D7=0 A0=53704 A1=103300 A2=534F4 A3=10880A A4=108300 A5=108000 A6=10BA1E PC=60FA -- 0060FA: swap    D2
D0=4600 D1=46D0 D2=46D073A7 D3=0 D4=10404980 D5=80410138 D6=FFFF D7=0 A0=53704 A1=103300 A2=534F4 A3=10880A A4=108300 A5=108000 A6=10BA1E PC=60FC -- 0060FC: addi.w  #$20, D2
D0=4600 D1=46D0 D2=46D073C7 D3=0 D4=10404980 D5=80410138 D6=FFFF D7=0 A0=53704 A1=103300 A2=534F4 A3=10880A A4=108300 A5=108000 A6=10BA1E PC=6100 -- 006100: bra     $60c4
D0=4600 D1=46D0 D2=46D073C7 D3=0 D4=10404980 D5=80410138 D6=FFFF D7=0 A0=53704 A1=103300 A2=534F4 A3=10880A A4=108300 A5=108000 A6=10BA1E PC=60C4 -- 0060C4: moveq   #$0, D1
D0=4600 D1=0 D2=46D073C7 D3=0 D4=10404980 D5=80410138 D6=FFFF D7=0 A0=53704 A1=103300 A2=534F4 A3=10880A A4=108300 A5=108000 A6=10BA1E PC=60C6 -- 0060C6: move.b  (A0)+, D1
D0=4600 D1=D1 D2=46D073C7 D3=0 D4=10404980 D5=80410138 D6=FFFF D7=0 A0=53705 A1=103300 A2=534F4 A3=10880A A4=108300 A5=108000 A6=10BA1E PC=60C8 -- 0060C8: cmpi.b  #$d, D1
D0=4600 D1=D1 D2=46D073C7 D3=0 D4=10404980 D5=80410138 D6=FFFF D7=0 A0=53705 A1=103300 A2=534F4 A3=10880A A4=108300 A5=108000 A6=10BA1E PC=60CC -- 0060CC: bne     $60e2
D0=4600 D1=D1 D2=46D073C7 D3=0 D4=10404980 D5=80410138 D6=FFFF D7=0 A0=53705 A1=103300 A2=534F4 A3=10880A A4=108300 A5=108000 A6=10BA1E PC=60E2 -- 0060E2: cmpi.b  #-$2, D1
D0=4600 D1=D1 D2=46D073C7 D3=0 D4=10404980 D5=80410138 D6=FFFF D7=0 A0=53705 A1=103300 A2=534F4 A3=10880A A4=108300 A5=108000 A6=10BA1E PC=60E6 -- 0060E6: beq     $6086
D0=4600 D1=D1 D2=46D073C7 D3=0 D4=10404980 D5=80410138 D6=FFFF D7=0 A0=53705 A1=103300 A2=534F4 A3=10880A A4=108300 A5=108000 A6=10BA1E PC=60E8 -- 0060E8: cmpi.b  #-$1, D1
D0=4600 D1=D1 D2=46D073C7 D3=0 D4=10404980 D5=80410138 D6=FFFF D7=0 A0=53705 A1=103300 A2=534F4 A3=10880A A4=108300 A5=108000 A6=10BA1E PC=60EC -- 0060EC: beq     $6102
D0=4600 D1=D1 D2=46D073C7 D3=0 D4=10404980 D5=80410138 D6=FFFF D7=0 A0=53705 A1=103300 A2=534F4 A3=10880A A4=108300 A5=108000 A6=10BA1E PC=60EE -- 0060EE: or.w    D0, D1
D0=4600 D1=46D1 D2=46D073C7 D3=0 D4=10404980 D5=80410138 D6=FFFF D7=0 A0=53705 A1=103300 A2=534F4 A3=10880A A4=108300 A5=108000 A6=10BA1E PC=60F0 -- 0060F0: swap    D2
D0=4600 D1=46D1 D2=73C746D0 D3=0 D4=10404980 D5=80410138 D6=FFFF D7=0 A0=53705 A1=103300 A2=534F4 A3=10880A A4=108300 A5=108000 A6=10BA1E PC=60F2 -- 0060F2: move.w  D1, D2
D0=4600 D1=46D1 D2=73C746D1 D3=0 D4=10404980 D5=80410138 D6=FFFF D7=0 A0=53705 A1=103300 A2=534F4 A3=10880A A4=108300 A5=108000 A6=10BA1E PC=60F4 -- 0060F4: move.l  D2, $3c0000.l
D0=4600 D1=46D1 D2=73C746D1 D3=0 D4=10404980 D5=80410138 D6=FFFF D7=0 A0=53705 A1=103300 A2=534F4 A3=10880A A4=108300 A5=108000 A6=10BA1E PC=60FA -- 0060FA: swap    D2
D0=4600 D1=46D1 D2=46D173C7 D3=0 D4=10404980 D5=80410138 D6=FFFF D7=0 A0=53705 A1=103300 A2=534F4 A3=10880A A4=108300 A5=108000 A6=10BA1E PC=60FC -- 0060FC: addi.w  #$20, D2
D0=4600 D1=46D1 D2=46D173E7 D3=0 D4=10404980 D5=80410138 D6=FFFF D7=0 A0=53705 A1=103300 A2=534F4 A3=10880A A4=108300 A5=108000 A6=10BA1E PC=6100 -- 006100: bra     $60c4

   (loops for 96 instructions)

D0=4600 D1=FE D2=46D774A7 D3=0 D4=10404980 D5=80410138 D6=FFFF D7=0 A0=5370C A1=103300 A2=534F4 A3=10880A A4=108300 A5=108000 A6=10BA1E PC=6086 -- 006086: move.b  (A0), D0
D0=4673 D1=FE D2=46D774A7 D3=0 D4=10404980 D5=80410138 D6=FFFF D7=0 A0=5370C A1=103300 A2=534F4 A3=10880A A4=108300 A5=108000 A6=10BA1E PC=6088 -- 006088: move.b  D0, -(A7)
D0=4673 D1=FE D2=46D774A7 D3=0 D4=10404980 D5=80410138 D6=FFFF D7=0 A0=5370C A1=103300 A2=534F4 A3=10880A A4=108300 A5=108000 A6=10BA1E PC=608A -- 00608A: move.w  (A7)+, D0
D0=730F D1=FE D2=46D774A7 D3=0 D4=10404980 D5=80410138 D6=FFFF D7=0 A0=5370C A1=103300 A2=534F4 A3=10880A A4=108300 A5=108000 A6=10BA1E PC=608C -- 00608C: move.b  ($1,A0), D0
D0=73A8 D1=FE D2=46D774A7 D3=0 D4=10404980 D5=80410138 D6=FFFF D7=0 A0=5370C A1=103300 A2=534F4 A3=10880A A4=108300 A5=108000 A6=10BA1E PC=6090 -- 006090: move.w  D0, D2
D0=73A8 D1=FE D2=46D773A8 D3=0 D4=10404980 D5=80410138 D6=FFFF D7=0 A0=5370C A1=103300 A2=534F4 A3=10880A A4=108300 A5=108000 A6=10BA1E PC=6092 -- 006092: addq.l  #2, A0
D0=73A8 D1=FE D2=46D773A8 D3=0 D4=10404980 D5=80410138 D6=FFFF D7=0 A0=5370E A1=103300 A2=534F4 A3=10880A A4=108300 A5=108000 A6=10BA1E PC=6094 -- 006094: tst.b   ($46fe,A5)
D0=73A8 D1=FE D2=46D773A8 D3=0 D4=10404980 D5=80410138 D6=FFFF D7=0 A0=5370E A1=103300 A2=534F4 A3=10880A A4=108300 A5=108000 A6=10BA1E PC=6098 -- 006098: bmi     $60b4
D0=73A8 D1=FE D2=46D773A8 D3=0 D4=10404980 D5=80410138 D6=FFFF D7=0 A0=5370E A1=103300 A2=534F4 A3=10880A A4=108300 A5=108000 A6=10BA1E PC=60B4 -- 0060B4: move.b  (A0)+, D0
D0=7346 D1=FE D2=46D773A8 D3=0 D4=10404980 D5=80410138 D6=FFFF D7=0 A0=5370F A1=103300 A2=534F4 A3=10880A A4=108300 A5=108000 A6=10BA1E PC=60B6 -- 0060B6: move.b  D0, -(A7)
D0=7346 D1=FE D2=46D773A8 D3=0 D4=10404980 D5=80410138 D6=FFFF D7=0 A0=5370F A1=103300 A2=534F4 A3=10880A A4=108300 A5=108000 A6=10BA1E PC=60B8 -- 0060B8: move.w  (A7)+, D0
D0=460F D1=FE D2=46D773A8 D3=0 D4=10404980 D5=80410138 D6=FFFF D7=0 A0=5370F A1=103300 A2=534F4 A3=10880A A4=108300 A5=108000 A6=10BA1E PC=60BA -- 0060BA: clr.b   D0
D0=4600 D1=FE D2=46D773A8 D3=0 D4=10404980 D5=80410138 D6=FFFF D7=0 A0=5370F A1=103300 A2=534F4 A3=10880A A4=108300 A5=108000 A6=10BA1E PC=60BC -- 0060BC: move.w  D2, ($46fa,A5)
D0=4600 D1=FE D2=46D773A8 D3=0 D4=10404980 D5=80410138 D6=FFFF D7=0 A0=5370F A1=103300 A2=534F4 A3=10880A A4=108300 A5=108000 A6=10BA1E PC=60C0 -- 0060C0: move.w  D0, ($46fc,A5)

   (loops for 128 instructions)

D0=4600 D1=FF D2=46E774A8 D3=0 D4=10404980 D5=80410138 D6=FFFF D7=0 A0=53718 A1=103300 A2=534F4 A3=10880A A4=108300 A5=108000 A6=10BA1E PC=6102 -- 006102: addq.w  #1, ($46fa,A5)
D0=4600 D1=FF D2=46E774A8 D3=0 D4=10404980 D5=80410138 D6=FFFF D7=0 A0=53718 A1=103300 A2=534F4 A3=10880A A4=108300 A5=108000 A6=10BA1E PC=6106 -- 006106: rts
D0=4600 D1=FF D2=46E774A8 D3=0 D4=10404980 D5=80410138 D6=FFFF D7=0 A0=53718 A1=103300 A2=534F4 A3=10880A A4=108300 A5=108000 A6=10BA1E PC=37422 -- 037422: rts
D0=4600 D1=FF D2=46E774A8 D3=0 D4=10404980 D5=80410138 D6=FFFF D7=0 A0=53718 A1=103300 A2=534F4 A3=10880A A4=108300 A5=108000 A6=10BA1E PC=37314 -- 037314: rts
D0=4600 D1=FF D2=46E774A8 D3=0 D4=10404980 D5=80410138 D6=FFFF D7=0 A0=53718 A1=103300 A2=534F4 A3=10880A A4=108300 A5=108000 A6=10BA1E PC=372B4 -- 0372B4: bsr     $37424
D0=4600 D1=FF D2=46E774A8 D3=0 D4=10404980 D5=80410138 D6=FFFF D7=0 A0=53718 A1=103300 A2=534F4 A3=10880A A4=108300 A5=108000 A6=10BA1E PC=37424 -- 037424: move.b  ($130,A4), D0
D0=4602 D1=FF D2=46E774A8 D3=0 D4=10404980 D5=80410138 D6=FFFF D7=0 A0=53718 A1=103300 A2=534F4 A3=10880A A4=108300 A5=108000 A6=10BA1E PC=37428 -- 037428: andi.b  #$7f, D0
D0=4602 D1=FF D2=46E774A8 D3=0 D4=10404980 D5=80410138 D6=FFFF D7=0 A0=53718 A1=103300 A2=534F4 A3=10880A A4=108300 A5=108000 A6=10BA1E PC=3742C -- 03742C: addq.b  #1, D0
D0=4603 D1=FF D2=46E774A8 D3=0 D4=10404980 D5=80410138 D6=FFFF D7=0 A0=53718 A1=103300 A2=534F4 A3=10880A A4=108300 A5=108000 A6=10BA1E PC=3742E -- 03742E: btst    D0, ($7e6,A5)
D0=4603 D1=FF D2=46E774A8 D3=0 D4=10404980 D5=80410138 D6=FFFF D7=0 A0=53718 A1=103300 A2=534F4 A3=10880A A4=108300 A5=108000 A6=10BA1E PC=37432 -- 037432: bne     $3745a
D0=4603 D1=FF D2=46E774A8 D3=0 D4=10404980 D5=80410138 D6=FFFF D7=0 A0=53718 A1=103300 A2=534F4 A3=10880A A4=108300 A5=108000 A6=10BA1E PC=37434 -- 037434: tst.b   ($130,A4)
D0=4603 D1=FF D2=46E774A8 D3=0 D4=10404980 D5=80410138 D6=FFFF D7=0 A0=53718 A1=103300 A2=534F4 A3=10880A A4=108300 A5=108000 A6=10BA1E PC=37438 -- 037438: bpl     $3744a
D0=4603 D1=FF D2=46E774A8 D3=0 D4=10404980 D5=80410138 D6=FFFF D7=0 A0=53718 A1=103300 A2=534F4 A3=10880A A4=108300 A5=108000 A6=10BA1E PC=3744A -- 03744A: bsr     $37464
D0=4603 D1=FF D2=46E774A8 D3=0 D4=10404980 D5=80410138 D6=FFFF D7=0 A0=53718 A1=103300 A2=534F4 A3=10880A A4=108300 A5=108000 A6=10BA1E PC=37464 -- 037464: moveq   #$0, D1
D0=4603 D1=0 D2=46E774A8 D3=0 D4=10404980 D5=80410138 D6=FFFF D7=0 A0=53718 A1=103300 A2=534F4 A3=10880A A4=108300 A5=108000 A6=10BA1E PC=37466 -- 037466: jsr     $2bc456.l
D0=4603 D1=0 D2=46E774A8 D3=0 D4=10404980 D5=80410138 D6=FFFF D7=0 A0=53718 A1=103300 A2=534F4 A3=10880A A4=108300 A5=108000 A6=10BA1E PC=2BC456 -- 2BC456: move.b  $10e8e0.l, D5
D0=4603 D1=0 D2=46E774A8 D3=0 D4=10404980 D5=80410101 D6=FFFF D7=0 A0=53718 A1=103300 A2=534F4 A3=10880A A4=108300 A5=108000 A6=10BA1E PC=2BC45C -- 2BC45C: cmpi.b  #$1, D5
D0=4603 D1=0 D2=46E774A8 D3=0 D4=10404980 D5=80410101 D6=FFFF D7=0 A0=53718 A1=103300 A2=534F4 A3=10880A A4=108300 A5=108000 A6=10BA1E PC=2BC460 -- 2BC460: beq     $2bc468
D0=4603 D1=0 D2=46E774A8 D3=0 D4=10404980 D5=80410101 D6=FFFF D7=0 A0=53718 A1=103300 A2=534F4 A3=10880A A4=108300 A5=108000 A6=10BA1E PC=2BC468 -- 2BC468: cmpi.b  #$0, D0
D0=4603 D1=0 D2=46E774A8 D3=0 D4=10404980 D5=80410101 D6=FFFF D7=0 A0=53718 A1=103300 A2=534F4 A3=10880A A4=108300 A5=108000 A6=10BA1E PC=2BC46C -- 2BC46C: bra     $2bc476
D0=4603 D1=0 D2=46E774A8 D3=0 D4=10404980 D5=80410101 D6=FFFF D7=0 A0=53718 A1=103300 A2=534F4 A3=10880A A4=108300 A5=108000 A6=10BA1E PC=2BC476 -- 2BC476: rts
D0=4603 D1=0 D2=46E774A8 D3=0 D4=10404980 D5=80410101 D6=FFFF D7=0 A0=53718 A1=103300 A2=534F4 A3=10880A A4=108300 A5=108000 A6=10BA1E PC=3746C -- 03746C: nop
D0=4603 D1=0 D2=46E774A8 D3=0 D4=10404980 D5=80410101 D6=FFFF D7=0 A0=53718 A1=103300 A2=534F4 A3=10880A A4=108300 A5=108000 A6=10BA1E PC=3746E -- 03746E: beq     $37476
D0=4603 D1=0 D2=46E774A8 D3=0 D4=10404980 D5=80410101 D6=FFFF D7=0 A0=53718 A1=103300 A2=534F4 A3=10880A A4=108300 A5=108000 A6=10BA1E PC=37472 -- 037472: moveq   #-$1, D0
D0=FFFFFFFF D1=0 D2=46E774A8 D3=0 D4=10404980 D5=80410101 D6=FFFF D7=0 A0=53718 A1=103300 A2=534F4 A3=10880A A4=108300 A5=108000 A6=10BA1E PC=37474 -- 037474: rts
D0=FFFFFFFF D1=0 D2=46E774A8 D3=0 D4=10404980 D5=80410101 D6=FFFF D7=0 A0=53718 A1=103300 A2=534F4 A3=10880A A4=108300 A5=108000 A6=10BA1E PC=3744E -- 03744E: beq     $37462
D0=FFFFFFFF D1=0 D2=46E774A8 D3=0 D4=10404980 D5=80410101 D6=FFFF D7=0 A0=53718 A1=103300 A2=534F4 A3=10880A A4=108300 A5=108000 A6=10BA1E PC=37450 -- 037450: move.w  D1, D0
D0=FFFF0000 D1=0 D2=46E774A8 D3=0 D4=10404980 D5=80410101 D6=FFFF D7=0 A0=53718 A1=103300 A2=534F4 A3=10880A A4=108300 A5=108000 A6=10BA1E PC=37452 -- 037452: bsr     $374a4
D0=FFFF0000 D1=0 D2=46E774A8 D3=0 D4=10404980 D5=80410101 D6=FFFF D7=0 A0=53718 A1=103300 A2=534F4 A3=10880A A4=108300 A5=108000 A6=10BA1E PC=374A4 -- 0374A4: lea     ($501c,A5), A0
D0=FFFF0000 D1=0 D2=46E774A8 D3=0 D4=10404980 D5=80410101 D6=FFFF D7=0 A0=10D01C A1=103300 A2=534F4 A3=10880A A4=108300 A5=108000 A6=10BA1E PC=374A8 -- 0374A8: lea     ($501d,A5), A1
D0=FFFF0000 D1=0 D2=46E774A8 D3=0 D4=10404980 D5=80410101 D6=FFFF D7=0 A0=10D01C A1=10D01D A2=534F4 A3=10880A A4=108300 A5=108000 A6=10BA1E PC=374AC -- 0374AC: btst    #$0, ($130,A4)
D0=FFFF0000 D1=0 D2=46E774A8 D3=0 D4=10404980 D5=80410101 D6=FFFF D7=0 A0=10D01C A1=10D01D A2=534F4 A3=10880A A4=108300 A5=108000 A6=10BA1E PC=374B2 -- 0374B2: bne     $374bc
D0=FFFF0000 D1=0 D2=46E774A8 D3=0 D4=10404980 D5=80410101 D6=FFFF D7=0 A0=10D01C A1=10D01D A2=534F4 A3=10880A A4=108300 A5=108000 A6=10BA1E PC=374B4 -- 0374B4: lea     ($501d,A5), A0
D0=FFFF0000 D1=0 D2=46E774A8 D3=0 D4=10404980 D5=80410101 D6=FFFF D7=0 A0=10D01D A1=10D01D A2=534F4 A3=10880A A4=108300 A5=108000 A6=10BA1E PC=374B8 -- 0374B8: lea     ($501c,A5), A1
D0=FFFF0000 D1=0 D2=46E774A8 D3=0 D4=10404980 D5=80410101 D6=FFFF D7=0 A0=10D01D A1=10D01C A2=534F4 A3=10880A A4=108300 A5=108000 A6=10BA1E PC=374BC -- 0374BC: move.b  #$0, (A0)
D0=FFFF0000 D1=0 D2=46E774A8 D3=0 D4=10404980 D5=80410101 D6=FFFF D7=0 A0=10D01D A1=10D01C A2=534F4 A3=10880A A4=108300 A5=108000 A6=10BA1E PC=374C0 -- 0374C0: cmpi.w  #$1, D0
D0=FFFF0000 D1=0 D2=46E774A8 D3=0 D4=10404980 D5=80410101 D6=FFFF D7=0 A0=10D01D A1=10D01C A2=534F4 A3=10880A A4=108300 A5=108000 A6=10BA1E PC=374C4 -- 0374C4: bls     $374ca
D0=FFFF0000 D1=0 D2=46E774A8 D3=0 D4=10404980 D5=80410101 D6=FFFF D7=0 A0=10D01D A1=10D01C A2=534F4 A3=10880A A4=108300 A5=108000 A6=10BA1E PC=374CA -- 0374CA: move.b  ($7e6,A5), D0
D0=FFFF0003 D1=0 D2=46E774A8 D3=0 D4=10404980 D5=80410101 D6=FFFF D7=0 A0=10D01D A1=10D01C A2=534F4 A3=10880A A4=108300 A5=108000 A6=10BA1E PC=374CE -- 0374CE: andi.b  #$c, D0
D0=FFFF0000 D1=0 D2=46E774A8 D3=0 D4=10404980 D5=80410101 D6=FFFF D7=0 A0=10D01D A1=10D01C A2=534F4 A3=10880A A4=108300 A5=108000 A6=10BA1E PC=374D2 -- 0374D2: tst.b   D0
D0=FFFF0000 D1=0 D2=46E774A8 D3=0 D4=10404980 D5=80410101 D6=FFFF D7=0 A0=10D01D A1=10D01C A2=534F4 A3=10880A A4=108300 A5=108000 A6=10BA1E PC=374D4 -- 0374D4: beq     $374f8
D0=FFFF0000 D1=0 D2=46E774A8 D3=0 D4=10404980 D5=80410101 D6=FFFF D7=0 A0=10D01D A1=10D01C A2=534F4 A3=10880A A4=108300 A5=108000 A6=10BA1E PC=374F8 -- 0374F8: rts
D0=FFFF0000 D1=0 D2=46E774A8 D3=0 D4=10404980 D5=80410101 D6=FFFF D7=0 A0=10D01D A1=10D01C A2=534F4 A3=10880A A4=108300 A5=108000 A6=10BA1E PC=37456 -- 037456: bra     $3745e
D0=FFFF0000 D1=0 D2=46E774A8 D3=0 D4=10404980 D5=80410101 D6=FFFF D7=0 A0=10D01D A1=10D01C A2=534F4 A3=10880A A4=108300 A5=108000 A6=10BA1E PC=3745E -- 03745E: bsr     $37806
D0=FFFF0000 D1=0 D2=46E774A8 D3=0 D4=10404980 D5=80410101 D6=FFFF D7=0 A0=10D01D A1=10D01C A2=534F4 A3=10880A A4=108300 A5=108000 A6=10BA1E PC=37806 -- 037806: movem.l D0-D1/A0, -(A7)
D0=FFFF0000 D1=0 D2=46E774A8 D3=0 D4=10404980 D5=80410101 D6=FFFF D7=0 A0=10D01D A1=10D01C A2=534F4 A3=10880A A4=108300 A5=108000 A6=10BA1E PC=3780A -- 03780A: move.w  #$121, D0
D0=FFFF0121 D1=0 D2=46E774A8 D3=0 D4=10404980 D5=80410101 D6=FFFF D7=0 A0=10D01D A1=10D01C A2=534F4 A3=10880A A4=108300 A5=108000 A6=10BA1E PC=3780E -- 03780E: jsr     $6588.w
D0=FFFF0121 D1=0 D2=46E774A8 D3=0 D4=10404980 D5=80410101 D6=FFFF D7=0 A0=10D01D A1=10D01C A2=534F4 A3=10880A A4=108300 A5=108000 A6=10BA1E PC=6588 -- 006588: lea     $51924.l, A0
D0=FFFF0121 D1=0 D2=46E774A8 D3=0 D4=10404980 D5=80410101 D6=FFFF D7=0 A0=51924 A1=10D01C A2=534F4 A3=10880A A4=108300 A5=108000 A6=10BA1E PC=658E -- 00658E: add.w   D0, D0
D0=FFFF0242 D1=0 D2=46E774A8 D3=0 D4=10404980 D5=80410101 D6=FFFF D7=0 A0=51924 A1=10D01C A2=534F4 A3=10880A A4=108300 A5=108000 A6=10BA1E PC=6590 -- 006590: move.w  (A0,D0.w), ($38c0,A5)
D0=FFFF0242 D1=0 D2=46E774A8 D3=0 D4=10404980 D5=80410101 D6=FFFF D7=0 A0=51924 A1=10D01C A2=534F4 A3=10880A A4=108300 A5=108000 A6=10BA1E PC=6596 -- 006596: lea     ($38c4,A5), A0
D0=FFFF0242 D1=0 D2=46E774A8 D3=0 D4=10404980 D5=80410101 D6=FFFF D7=0 A0=10B8C4 A1=10D01C A2=534F4 A3=10880A A4=108300 A5=108000 A6=10BA1E PC=659A -- 00659A: moveq   #$0, D0
D0=0 D1=0 D2=46E774A8 D3=0 D4=10404980 D5=80410101 D6=FFFF D7=0 A0=10B8C4 A1=10D01C A2=534F4 A3=10880A A4=108300 A5=108000 A6=10BA1E PC=659C -- 00659C: move.b  ($38bc,A5), D0
D0=22 D1=0 D2=46E774A8 D3=0 D4=10404980 D5=80410101 D6=FFFF D7=0 A0=10B8C4 A1=10D01C A2=534F4 A3=10880A A4=108300 A5=108000 A6=10BA1E PC=65A0 -- 0065A0: move.w  ($38c0,A5), (A0,D0.w)
D0=22 D1=0 D2=46E774A8 D3=0 D4=10404980 D5=80410101 D6=FFFF D7=0 A0=10B8C4 A1=10D01C A2=534F4 A3=10880A A4=108300 A5=108000 A6=10BA1E PC=65A6 -- 0065A6: addq.b  #2, ($38bc,A5)
D0=22 D1=0 D2=46E774A8 D3=0 D4=10404980 D5=80410101 D6=FFFF D7=0 A0=10B8C4 A1=10D01C A2=534F4 A3=10880A A4=108300 A5=108000 A6=10BA1E PC=65AA -- 0065AA: rts
D0=22 D1=0 D2=46E774A8 D3=0 D4=10404980 D5=80410101 D6=FFFF D7=0 A0=10B8C4 A1=10D01C A2=534F4 A3=10880A A4=108300 A5=108000 A6=10BA1E PC=37812 -- 037812: movem.l (A7)+, D0-D1/A0
D0=FFFF0000 D1=0 D2=46E774A8 D3=0 D4=10404980 D5=80410101 D6=FFFF D7=0 A0=10D01D A1=10D01C A2=534F4 A3=10880A A4=108300 A5=108000 A6=10BA1E PC=37816 -- 037816: addq.w  #1, ($72,A4)
D0=FFFF0000 D1=0 D2=46E774A8 D3=0 D4=10404980 D5=80410101 D6=FFFF D7=0 A0=10D01D A1=10D01C A2=534F4 A3=10880A A4=108300 A5=108000 A6=10BA1E PC=3781A -- 03781A: move.b  ($130,A4), D0
D0=FFFF0002 D1=0 D2=46E774A8 D3=0 D4=10404980 D5=80410101 D6=FFFF D7=0 A0=10D01D A1=10D01C A2=534F4 A3=10880A A4=108300 A5=108000 A6=10BA1E PC=3781E -- 03781E: move.b  ($501c,A5), ($d8,A4)
D0=FFFF0002 D1=0 D2=46E774A8 D3=0 D4=10404980 D5=80410101 D6=FFFF D7=0 A0=10D01D A1=10D01C A2=534F4 A3=10880A A4=108300 A5=108000 A6=10BA1E PC=37824 -- 037824: btst    #$0, D0
D0=FFFF0002 D1=0 D2=46E774A8 D3=0 D4=10404980 D5=80410101 D6=FFFF D7=0 A0=10D01D A1=10D01C A2=534F4 A3=10880A A4=108300 A5=108000 A6=10BA1E PC=37828 -- 037828: bne     $37832
D0=FFFF0002 D1=0 D2=46E774A8 D3=0 D4=10404980 D5=80410101 D6=FFFF D7=0 A0=10D01D A1=10D01C A2=534F4 A3=10880A A4=108300 A5=108000 A6=10BA1E PC=3782C -- 03782C: move.b  ($501d,A5), ($d8,A4)
D0=FFFF0002 D1=0 D2=46E774A8 D3=0 D4=10404980 D5=80410101 D6=FFFF D7=0 A0=10D01D A1=10D01C A2=534F4 A3=10880A A4=108300 A5=108000 A6=10BA1E PC=37832 -- 037832: andi.b  #$7f, D0
D0=FFFF0002 D1=0 D2=46E774A8 D3=0 D4=10404980 D5=80410101 D6=FFFF D7=0 A0=10D01D A1=10D01C A2=534F4 A3=10880A A4=108300 A5=108000 A6=10BA1E PC=37836 -- 037836: move.b  D0, D1
D0=FFFF0002 D1=2 D2=46E774A8 D3=0 D4=10404980 D5=80410101 D6=FFFF D7=0 A0=10D01D A1=10D01C A2=534F4 A3=10880A A4=108300 A5=108000 A6=10BA1E PC=37838 -- 037838: not.b   D0
D0=FFFF00FD D1=2 D2=46E774A8 D3=0 D4=10404980 D5=80410101 D6=FFFF D7=0 A0=10D01D A1=10D01C A2=534F4 A3=10880A A4=108300 A5=108000 A6=10BA1E PC=3783A -- 03783A: and.b   D0, ($7e6,A5)
D0=FFFF00FD D1=2 D2=46E774A8 D3=0 D4=10404980 D5=80410101 D6=FFFF D7=0 A0=10D01D A1=10D01C A2=534F4 A3=10880A A4=108300 A5=108000 A6=10BA1E PC=3783E -- 03783E: lsl.b   #2, D1
D0=FFFF00FD D1=8 D2=46E774A8 D3=0 D4=10404980 D5=80410101 D6=FFFF D7=0 A0=10D01D A1=10D01C A2=534F4 A3=10880A A4=108300 A5=108000 A6=10BA1E PC=37840 -- 037840: or.b    D1, ($7e6,A5)
D0=FFFF00FD D1=8 D2=46E774A8 D3=0 D4=10404980 D5=80410101 D6=FFFF D7=0 A0=10D01D A1=10D01C A2=534F4 A3=10880A A4=108300 A5=108000 A6=10BA1E PC=37844 -- 037844: move.b  ($131,A4), ($7de,A5)
D0=FFFF00FD D1=8 D2=46E774A8 D3=0 D4=10404980 D5=80410101 D6=FFFF D7=0 A0=10D01D A1=10D01C A2=534F4 A3=10880A A4=108300 A5=108000 A6=10BA1E PC=3784A -- 03784A: move.l  #$372bc, (A4)
D0=FFFF00FD D1=8 D2=46E774A8 D3=0 D4=10404980 D5=80410101 D6=FFFF D7=0 A0=10D01D A1=10D01C A2=534F4 A3=10880A A4=108300 A5=108000 A6=10BA1E PC=37850 -- 037850: rts
D0=FFFF00FD D1=8 D2=46E774A8 D3=0 D4=10404980 D5=80410101 D6=FFFF D7=0 A0=10D01D A1=10D01C A2=534F4 A3=10880A A4=108300 A5=108000 A6=10BA1E PC=37462 -- 037462: rts
D0=FFFF00FD D1=8 D2=46E774A8 D3=0 D4=10404980 D5=80410101 D6=FFFF D7=0 A0=10D01D A1=10D01C A2=534F4 A3=10880A A4=108300 A5=108000 A6=10BA1E PC=372B8 -- 0372B8: bra     $36eac
D0=FFFF00FD D1=8 D2=46E774A8 D3=0 D4=10404980 D5=80410101 D6=FFFF D7=0 A0=10D01D A1=10D01C A2=534F4 A3=10880A A4=108300 A5=108000 A6=10BA1E PC=36EAC -- 036EAC: jsr     $48e6.w
D0=FFFF00FD D1=8 D2=46E774A8 D3=0 D4=10404980 D5=80410101 D6=FFFF D7=0 A0=10D01D A1=10D01C A2=534F4 A3=10880A A4=108300 A5=108000 A6=10BA1E PC=48E6 -- 0048E6: move.w  ($70,A4), D0
D0=FFFF001B D1=8 D2=46E774A8 D3=0 D4=10404980 D5=80410101 D6=FFFF D7=0 A0=10D01D A1=10D01C A2=534F4 A3=10880A A4=108300 A5=108000 A6=10BA1E PC=48EA -- 0048EA: cmp.b   ($78,A4), D0
D0=FFFF001B D1=8 D2=46E774A8 D3=0 D4=10404980 D5=80410101 D6=FFFF D7=0 A0=10D01D A1=10D01C A2=534F4 A3=10880A A4=108300 A5=108000 A6=10BA1E PC=48EE -- 0048EE: bne     $491c
D0=FFFF001B D1=8 D2=46E774A8 D3=0 D4=10404980 D5=80410101 D6=FFFF D7=0 A0=10D01D A1=10D01C A2=534F4 A3=10880A A4=108300 A5=108000 A6=10BA1E PC=491C -- 00491C: move.b  D0, ($78,A4)
D0=FFFF001B D1=8 D2=46E774A8 D3=0 D4=10404980 D5=80410101 D6=FFFF D7=0 A0=10D01D A1=10D01C A2=534F4 A3=10880A A4=108300 A5=108000 A6=10BA1E PC=4920 -- 004920: clr.w   ($74,A4)
D0=FFFF001B D1=8 D2=46E774A8 D3=0 D4=10404980 D5=80410101 D6=FFFF D7=0 A0=10D01D A1=10D01C A2=534F4 A3=10880A A4=108300 A5=108000 A6=10BA1E PC=4924 -- 004924: clr.w   ($7e,A4)
D0=FFFF001B D1=8 D2=46E774A8 D3=0 D4=10404980 D5=80410101 D6=FFFF D7=0 A0=10D01D A1=10D01C A2=534F4 A3=10880A A4=108300 A5=108000 A6=10BA1E PC=4928 -- 004928: clr.b   ($7d,A4)
D0=FFFF001B D1=8 D2=46E774A8 D3=0 D4=10404980 D5=80410101 D6=FFFF D7=0 A0=10D01D A1=10D01C A2=534F4 A3=10880A A4=108300 A5=108000 A6=10BA1E PC=492C -- 00492C: andi.w  #$efff, ($e6,A4)
D0=FFFF001B D1=8 D2=46E774A8 D3=0 D4=10404980 D5=80410101 D6=FFFF D7=0 A0=10D01D A1=10D01C A2=534F4 A3=10880A A4=108300 A5=108000 A6=10BA1E PC=4932 -- 004932: bsr     $49f8
D0=FFFF001B D1=8 D2=46E774A8 D3=0 D4=10404980 D5=80410101 D6=FFFF D7=0 A0=10D01D A1=10D01C A2=534F4 A3=10880A A4=108300 A5=108000 A6=10BA1E PC=49F8 -- 0049F8: lea     ($90,A4), A0
D0=FFFF001B D1=8 D2=46E774A8 D3=0 D4=10404980 D5=80410101 D6=FFFF D7=0 A0=108390 A1=10D01C A2=534F4 A3=10880A A4=108300 A5=108000 A6=10BA1E PC=49FC -- 0049FC: clr.b   (A0)
D0=FFFF001B D1=8 D2=46E774A8 D3=0 D4=10404980 D5=80410101 D6=FFFF D7=0 A0=108390 A1=10D01C A2=534F4 A3=10880A A4=108300 A5=108000 A6=10BA1E PC=49FE -- 0049FE: clr.b   ($5,A0)
D0=FFFF001B D1=8 D2=46E774A8 D3=0 D4=10404980 D5=80410101 D6=FFFF D7=0 A0=108390 A1=10D01C A2=534F4 A3=10880A A4=108300 A5=108000 A6=10BA1E PC=4A02 -- 004A02: clr.b   ($a,A0)
D0=FFFF001B D1=8 D2=46E774A8 D3=0 D4=10404980 D5=80410101 D6=FFFF D7=0 A0=108390 A1=10D01C A2=534F4 A3=10880A A4=108300 A5=108000 A6=10BA1E PC=4A06 -- 004A06: clr.b   ($f,A0)
D0=FFFF001B D1=8 D2=46E774A8 D3=0 D4=10404980 D5=80410101 D6=FFFF D7=0 A0=108390 A1=10D01C A2=534F4 A3=10880A A4=108300 A5=108000 A6=10BA1E PC=4A0A -- 004A0A: rts
D0=FFFF001B D1=8 D2=46E774A8 D3=0 D4=10404980 D5=80410101 D6=FFFF D7=0 A0=108390 A1=10D01C A2=534F4 A3=10880A A4=108300 A5=108000 A6=10BA1E PC=4936 -- 004936: bsr     $4962
D0=FFFF001B D1=8 D2=46E774A8 D3=0 D4=10404980 D5=80410101 D6=FFFF D7=0 A0=108390 A1=10D01C A2=534F4 A3=10880A A4=108300 A5=108000 A6=10BA1E PC=4962 -- 004962: lea     $7bf48.l, A0
D0=FFFF001B D1=8 D2=46E774A8 D3=0 D4=10404980 D5=80410101 D6=FFFF D7=0 A0=7BF48 A1=10D01C A2=534F4 A3=10880A A4=108300 A5=108000 A6=10BA1E PC=4968 -- 004968: move.w  ($70,A4), D0
D0=FFFF001B D1=8 D2=46E774A8 D3=0 D4=10404980 D5=80410101 D6=FFFF D7=0 A0=7BF48 A1=10D01C A2=534F4 A3=10880A A4=108300 A5=108000 A6=10BA1E PC=496C -- 00496C: add.w   D0, D0
D0=FFFF0036 D1=8 D2=46E774A8 D3=0 D4=10404980 D5=80410101 D6=FFFF D7=0 A0=7BF48 A1=10D01C A2=534F4 A3=10880A A4=108300 A5=108000 A6=10BA1E PC=496E -- 00496E: add.w   D0, D0
D0=FFFF006C D1=8 D2=46E774A8 D3=0 D4=10404980 D5=80410101 D6=FFFF D7=0 A0=7BF48 A1=10D01C A2=534F4 A3=10880A A4=108300 A5=108000 A6=10BA1E PC=4970 -- 004970: movea.l (A0,D0.w), A0
D0=FFFF006C D1=8 D2=46E774A8 D3=0 D4=10404980 D5=80410101 D6=FFFF D7=0 A0=7F5E0 A1=10D01C A2=534F4 A3=10880A A4=108300 A5=108000 A6=10BA1E PC=4974 -- 004974: move.w  ($72,A4), D0
D0=FFFF004A D1=8 D2=46E774A8 D3=0 D4=10404980 D5=80410101 D6=FFFF D7=0 A0=7F5E0 A1=10D01C A2=534F4 A3=10880A A4=108300 A5=108000 A6=10BA1E PC=4978 -- 004978: add.w   D0, D0
D0=FFFF0094 D1=8 D2=46E774A8 D3=0 D4=10404980 D5=80410101 D6=FFFF D7=0 A0=7F5E0 A1=10D01C A2=534F4 A3=10880A A4=108300 A5=108000 A6=10BA1E PC=497A -- 00497A: move.w  (A0,D0.w), ($46de,A5)
D0=FFFF0094 D1=8 D2=46E774A8 D3=0 D4=10404980 D5=80410101 D6=FFFF D7=0 A0=7F5E0 A1=10D01C A2=534F4 A3=10880A A4=108300 A5=108000 A6=10BA1E PC=4980 -- 004980: lea     $80000.l, A0
D0=FFFF0094 D1=8 D2=46E774A8 D3=0 D4=10404980 D5=80410101 D6=FFFF D7=0 A0=80000 A1=10D01C A2=534F4 A3=10880A A4=108300 A5=108000 A6=10BA1E PC=4986 -- 004986: move.w  ($70,A4), D0
D0=FFFF001B D1=8 D2=46E774A8 D3=0 D4=10404980 D5=80410101 D6=FFFF D7=0 A0=80000 A1=10D01C A2=534F4 A3=10880A A4=108300 A5=108000 A6=10BA1E PC=498A -- 00498A: add.w   D0, D0
D0=FFFF0036 D1=8 D2=46E774A8 D3=0 D4=10404980 D5=80410101 D6=FFFF D7=0 A0=80000 A1=10D01C A2=534F4 A3=10880A A4=108300 A5=108000 A6=10BA1E PC=498C -- 00498C: add.w   D0, D0
D0=FFFF006C D1=8 D2=46E774A8 D3=0 D4=10404980 D5=80410101 D6=FFFF D7=0 A0=80000 A1=10D01C A2=534F4 A3=10880A A4=108300 A5=108000 A6=10BA1E PC=498E -- 00498E: movea.l (A0,D0.w), A0
D0=FFFF006C D1=8 D2=46E774A8 D3=0 D4=10404980 D5=80410101 D6=FFFF D7=0 A0=86E00 A1=10D01C A2=534F4 A3=10880A A4=108300 A5=108000 A6=10BA1E PC=4992 -- 004992: move.w  ($46de,A5), D0
D0=FFFF4A4A D1=8 D2=46E774A8 D3=0 D4=10404980 D5=80410101 D6=FFFF D7=0 A0=86E00 A1=10D01C A2=534F4 A3=10880A A4=108300 A5=108000 A6=10BA1E PC=4996 -- 004996: tst.b   ($46e2,A5)
D0=FFFF4A4A D1=8 D2=46E774A8 D3=0 D4=10404980 D5=80410101 D6=FFFF D7=0 A0=86E00 A1=10D01C A2=534F4 A3=10880A A4=108300 A5=108000 A6=10BA1E PC=499A -- 00499A: beq     $49a0
D0=FFFF4A4A D1=8 D2=46E774A8 D3=0 D4=10404980 D5=80410101 D6=FFFF D7=0 A0=86E00 A1=10D01C A2=534F4 A3=10880A A4=108300 A5=108000 A6=10BA1E PC=49A0 -- 0049A0: andi.w  #$ff, D0
D0=FFFF004A D1=8 D2=46E774A8 D3=0 D4=10404980 D5=80410101 D6=FFFF D7=0 A0=86E00 A1=10D01C A2=534F4 A3=10880A A4=108300 A5=108000 A6=10BA1E PC=49A4 -- 0049A4: add.w   D0, D0
D0=FFFF0094 D1=8 D2=46E774A8 D3=0 D4=10404980 D5=80410101 D6=FFFF D7=0 A0=86E00 A1=10D01C A2=534F4 A3=10880A A4=108300 A5=108000 A6=10BA1E PC=49A6 -- 0049A6: add.w   D0, D0
D0=FFFF0128 D1=8 D2=46E774A8 D3=0 D4=10404980 D5=80410101 D6=FFFF D7=0 A0=86E00 A1=10D01C A2=534F4 A3=10880A A4=108300 A5=108000 A6=10BA1E PC=49A8 -- 0049A8: movea.l (A0,D0.w), A0
D0=FFFF0128 D1=8 D2=46E774A8 D3=0 D4=10404980 D5=80410101 D6=FFFF D7=0 A0=F31E4 A1=10D01C A2=534F4 A3=10880A A4=108300 A5=108000 A6=10BA1E PC=49AC -- 0049AC: move.w  ($74,A4), D0
D0=FFFF0000 D1=8 D2=46E774A8 D3=0 D4=10404980 D5=80410101 D6=FFFF D7=0 A0=F31E4 A1=10D01C A2=534F4 A3=10880A A4=108300 A5=108000 A6=10BA1E PC=49B0 -- 0049B0: adda.w  D0, A0
D0=FFFF0000 D1=8 D2=46E774A8 D3=0 D4=10404980 D5=80410101 D6=FFFF D7=0 A0=F31E4 A1=10D01C A2=534F4 A3=10880A A4=108300 A5=108000 A6=10BA1E PC=49B2 -- 0049B2: move.b  (A0), ($76,A4)
D0=FFFF0000 D1=8 D2=46E774A8 D3=0 D4=10404980 D5=80410101 D6=FFFF D7=0 A0=F31E4 A1=10D01C A2=534F4 A3=10880A A4=108300 A5=108000 A6=10BA1E PC=49B6 -- 0049B6: bmi     $4a22
D0=FFFF0000 D1=8 D2=46E774A8 D3=0 D4=10404980 D5=80410101 D6=FFFF D7=0 A0=F31E4 A1=10D01C A2=534F4 A3=10880A A4=108300 A5=108000 A6=10BA1E PC=49BA -- 0049BA: move.b  ($81,A4), D0
D0=FFFF0000 D1=8 D2=46E774A8 D3=0 D4=10404980 D5=80410101 D6=FFFF D7=0 A0=F31E4 A1=10D01C A2=534F4 A3=10880A A4=108300 A5=108000 A6=10BA1E PC=49BE -- 0049BE: tst.b   ($7d,A4)
D0=FFFF0000 D1=8 D2=46E774A8 D3=0 D4=10404980 D5=80410101 D6=FFFF D7=0 A0=F31E4 A1=10D01C A2=534F4 A3=10880A A4=108300 A5=108000 A6=10BA1E PC=49C2 -- 0049C2: beq     $49c8
D0=FFFF0000 D1=8 D2=46E774A8 D3=0 D4=10404980 D5=80410101 D6=FFFF D7=0 A0=F31E4 A1=10D01C A2=534F4 A3=10880A A4=108300 A5=108000 A6=10BA1E PC=49C8 -- 0049C8: add.b   ($7d,A4), D0
D0=FFFF0000 D1=8 D2=46E774A8 D3=0 D4=10404980 D5=80410101 D6=FFFF D7=0 A0=F31E4 A1=10D01C A2=534F4 A3=10880A A4=108300 A5=108000 A6=10BA1E PC=49CC -- 0049CC: add.b   D0, ($76,A4)
D0=FFFF0000 D1=8 D2=46E774A8 D3=0 D4=10404980 D5=80410101 D6=FFFF D7=0 A0=F31E4 A1=10D01C A2=534F4 A3=10880A A4=108300 A5=108000 A6=10BA1E PC=49D0 -- 0049D0: bgt     $49d8
D0=FFFF0000 D1=8 D2=46E774A8 D3=0 D4=10404980 D5=80410101 D6=FFFF D7=0 A0=F31E4 A1=10D01C A2=534F4 A3=10880A A4=108300 A5=108000 A6=10BA1E PC=49D8 -- 0049D8: addq.w  #1, ($7e,A4)
D0=FFFF0000 D1=8 D2=46E774A8 D3=0 D4=10404980 D5=80410101 D6=FFFF D7=0 A0=F31E4 A1=10D01C A2=534F4 A3=10880A A4=108300 A5=108000 A6=10BA1E PC=49DC -- 0049DC: move.b  ($4,A0), ($7a,A4)
D0=FFFF0000 D1=8 D2=46E774A8 D3=0 D4=10404980 D5=80410101 D6=FFFF D7=0 A0=F31E4 A1=10D01C A2=534F4 A3=10880A A4=108300 A5=108000 A6=10BA1E PC=49E2 -- 0049E2: move.b  ($5,A0), ($7b,A4)
D0=FFFF0000 D1=8 D2=46E774A8 D3=0 D4=10404980 D5=80410101 D6=FFFF D7=0 A0=F31E4 A1=10D01C A2=534F4 A3=10880A A4=108300 A5=108000 A6=10BA1E PC=49E8 -- 0049E8: move.l  (A0), D0
D0=10F104A D1=8 D2=46E774A8 D3=0 D4=10404980 D5=80410101 D6=FFFF D7=0 A0=F31E4 A1=10D01C A2=534F4 A3=10880A A4=108300 A5=108000 A6=10BA1E PC=49EA -- 0049EA: movea.l D0, A0
D0=10F104A D1=8 D2=46E774A8 D3=0 D4=10404980 D5=80410101 D6=FFFF D7=0 A0=10F104A A1=10D01C A2=534F4 A3=10880A A4=108300 A5=108000 A6=10BA1E PC=49EC -- 0049EC: move.w  (A0), ($6a,A4)
D0=10F104A D1=8 D2=46E774A8 D3=0 D4=10404980 D5=80410101 D6=FFFF D7=0 A0=10F104A A1=10D01C A2=534F4 A3=10880A A4=108300 A5=108000 A6=10BA1E PC=49F0 -- 0049F0: move.w  ($2,A0), ($6c,A4)
D0=10F104A D1=8 D2=46E774A8 D3=0 D4=10404980 D5=80410101 D6=FFFF D7=0 A0=10F104A A1=10D01C A2=534F4 A3=10880A A4=108300 A5=108000 A6=10BA1E PC=49F6 -- 0049F6: rts
D0=10F104A D1=8 D2=46E774A8 D3=0 D4=10404980 D5=80410101 D6=FFFF D7=0 A0=10F104A A1=10D01C A2=534F4 A3=10880A A4=108300 A5=108000 A6=10BA1E PC=493A -- 00493A: bra     $4906
D0=10F104A D1=8 D2=46E774A8 D3=0 D4=10404980 D5=80410101 D6=FFFF D7=0 A0=10F104A A1=10D01C A2=534F4 A3=10880A A4=108300 A5=108000 A6=10BA1E PC=4906 -- 004906: subq.b  #1, ($76,A4)
D0=10F104A D1=8 D2=46E774A8 D3=0 D4=10404980 D5=80410101 D6=FFFF D7=0 A0=10F104A A1=10D01C A2=534F4 A3=10880A A4=108300 A5=108000 A6=10BA1E PC=490A -- 00490A: bhi     $491a
D0=10F104A D1=8 D2=46E774A8 D3=0 D4=10404980 D5=80410101 D6=FFFF D7=0 A0=10F104A A1=10D01C A2=534F4 A3=10880A A4=108300 A5=108000 A6=10BA1E PC=490C -- 00490C: andi.w  #$efff, ($e6,A4)
D0=10F104A D1=8 D2=46E774A8 D3=0 D4=10404980 D5=80410101 D6=FFFF D7=0 A0=10F104A A1=10D01C A2=534F4 A3=10880A A4=108300 A5=108000 A6=10BA1E PC=4912 -- 004912: addq.w  #6, ($74,A4)
D0=10F104A D1=8 D2=46E774A8 D3=0 D4=10404980 D5=80410101 D6=FFFF D7=0 A0=10F104A A1=10D01C A2=534F4 A3=10880A A4=108300 A5=108000 A6=10BA1E PC=4916 -- 004916: bsr     $4962
D0=10F104A D1=8 D2=46E774A8 D3=0 D4=10404980 D5=80410101 D6=FFFF D7=0 A0=10F104A A1=10D01C A2=534F4 A3=10880A A4=108300 A5=108000 A6=10BA1E PC=4962 -- 004962: lea     $7bf48.l, A0
D0=10F104A D1=8 D2=46E774A8 D3=0 D4=10404980 D5=80410101 D6=FFFF D7=0 A0=7BF48 A1=10D01C A2=534F4 A3=10880A A4=108300 A5=108000 A6=10BA1E PC=4968 -- 004968: move.w  ($70,A4), D0
D0=10F001B D1=8 D2=46E774A8 D3=0 D4=10404980 D5=80410101 D6=FFFF D7=0 A0=7BF48 A1=10D01C A2=534F4 A3=10880A A4=108300 A5=108000 A6=10BA1E PC=496C -- 00496C: add.w   D0, D0
D0=10F0036 D1=8 D2=46E774A8 D3=0 D4=10404980 D5=80410101 D6=FFFF D7=0 A0=7BF48 A1=10D01C A2=534F4 A3=10880A A4=108300 A5=108000 A6=10BA1E PC=496E -- 00496E: add.w   D0, D0
D0=10F006C D1=8 D2=46E774A8 D3=0 D4=10404980 D5=80410101 D6=FFFF D7=0 A0=7BF48 A1=10D01C A2=534F4 A3=10880A A4=108300 A5=108000 A6=10BA1E PC=4970 -- 004970: movea.l (A0,D0.w), A0
D0=10F006C D1=8 D2=46E774A8 D3=0 D4=10404980 D5=80410101 D6=FFFF D7=0 A0=7F5E0 A1=10D01C A2=534F4 A3=10880A A4=108300 A5=108000 A6=10BA1E PC=4974 -- 004974: move.w  ($72,A4), D0
D0=10F004A D1=8 D2=46E774A8 D3=0 D4=10404980 D5=80410101 D6=FFFF D7=0 A0=7F5E0 A1=10D01C A2=534F4 A3=10880A A4=108300 A5=108000 A6=10BA1E PC=4978 -- 004978: add.w   D0, D0
D0=10F0094 D1=8 D2=46E774A8 D3=0 D4=10404980 D5=80410101 D6=FFFF D7=0 A0=7F5E0 A1=10D01C A2=534F4 A3=10880A A4=108300 A5=108000 A6=10BA1E PC=497A -- 00497A: move.w  (A0,D0.w), ($46de,A5)
D0=10F0094 D1=8 D2=46E774A8 D3=0 D4=10404980 D5=80410101 D6=FFFF D7=0 A0=7F5E0 A1=10D01C A2=534F4 A3=10880A A4=108300 A5=108000 A6=10BA1E PC=4980 -- 004980: lea     $80000.l, A0
D0=10F0094 D1=8 D2=46E774A8 D3=0 D4=10404980 D5=80410101 D6=FFFF D7=0 A0=80000 A1=10D01C A2=534F4 A3=10880A A4=108300 A5=108000 A6=10BA1E PC=4986 -- 004986: move.w  ($70,A4), D0
D0=10F001B D1=8 D2=46E774A8 D3=0 D4=10404980 D5=80410101 D6=FFFF D7=0 A0=80000 A1=10D01C A2=534F4 A3=10880A A4=108300 A5=108000 A6=10BA1E PC=498A -- 00498A: add.w   D0, D0
D0=10F0036 D1=8 D2=46E774A8 D3=0 D4=10404980 D5=80410101 D6=FFFF D7=0 A0=80000 A1=10D01C A2=534F4 A3=10880A A4=108300 A5=108000 A6=10BA1E PC=498C -- 00498C: add.w   D0, D0
D0=10F006C D1=8 D2=46E774A8 D3=0 D4=10404980 D5=80410101 D6=FFFF D7=0 A0=80000 A1=10D01C A2=534F4 A3=10880A A4=108300 A5=108000 A6=10BA1E PC=498E -- 00498E: movea.l (A0,D0.w), A0
D0=10F006C D1=8 D2=46E774A8 D3=0 D4=10404980 D5=80410101 D6=FFFF D7=0 A0=86E00 A1=10D01C A2=534F4 A3=10880A A4=108300 A5=108000 A6=10BA1E PC=4992 -- 004992: move.w  ($46de,A5), D0
D0=10F4A4A D1=8 D2=46E774A8 D3=0 D4=10404980 D5=80410101 D6=FFFF D7=0 A0=86E00 A1=10D01C A2=534F4 A3=10880A A4=108300 A5=108000 A6=10BA1E PC=4996 -- 004996: tst.b   ($46e2,A5)
D0=10F4A4A D1=8 D2=46E774A8 D3=0 D4=10404980 D5=80410101 D6=FFFF D7=0 A0=86E00 A1=10D01C A2=534F4 A3=10880A A4=108300 A5=108000 A6=10BA1E PC=499A -- 00499A: beq     $49a0
D0=10F4A4A D1=8 D2=46E774A8 D3=0 D4=10404980 D5=80410101 D6=FFFF D7=0 A0=86E00 A1=10D01C A2=534F4 A3=10880A A4=108300 A5=108000 A6=10BA1E PC=49A0 -- 0049A0: andi.w  #$ff, D0
D0=10F004A D1=8 D2=46E774A8 D3=0 D4=10404980 D5=80410101 D6=FFFF D7=0 A0=86E00 A1=10D01C A2=534F4 A3=10880A A4=108300 A5=108000 A6=10BA1E PC=49A4 -- 0049A4: add.w   D0, D0
D0=10F0094 D1=8 D2=46E774A8 D3=0 D4=10404980 D5=80410101 D6=FFFF D7=0 A0=86E00 A1=10D01C A2=534F4 A3=10880A A4=108300 A5=108000 A6=10BA1E PC=49A6 -- 0049A6: add.w   D0, D0
D0=10F0128 D1=8 D2=46E774A8 D3=0 D4=10404980 D5=80410101 D6=FFFF D7=0 A0=86E00 A1=10D01C A2=534F4 A3=10880A A4=108300 A5=108000 A6=10BA1E PC=49A8 -- 0049A8: movea.l (A0,D0.w), A0
D0=10F0128 D1=8 D2=46E774A8 D3=0 D4=10404980 D5=80410101 D6=FFFF D7=0 A0=F31E4 A1=10D01C A2=534F4 A3=10880A A4=108300 A5=108000 A6=10BA1E PC=49AC -- 0049AC: move.w  ($74,A4), D0
D0=10F0006 D1=8 D2=46E774A8 D3=0 D4=10404980 D5=80410101 D6=FFFF D7=0 A0=F31E4 A1=10D01C A2=534F4 A3=10880A A4=108300 A5=108000 A6=10BA1E PC=49B0 -- 0049B0: adda.w  D0, A0
D0=10F0006 D1=8 D2=46E774A8 D3=0 D4=10404980 D5=80410101 D6=FFFF D7=0 A0=F31EA A1=10D01C A2=534F4 A3=10880A A4=108300 A5=108000 A6=10BA1E PC=49B2 -- 0049B2: move.b  (A0), ($76,A4)
D0=10F0006 D1=8 D2=46E774A8 D3=0 D4=10404980 D5=80410101 D6=FFFF D7=0 A0=F31EA A1=10D01C A2=534F4 A3=10880A A4=108300 A5=108000 A6=10BA1E PC=49B6 -- 0049B6: bmi     $4a22
D0=10F0006 D1=8 D2=46E774A8 D3=0 D4=10404980 D5=80410101 D6=FFFF D7=0 A0=F31EA A1=10D01C A2=534F4 A3=10880A A4=108300 A5=108000 A6=10BA1E PC=4A22 -- 004A22: addq.w  #6, ($74,A4)
D0=10F0006 D1=8 D2=46E774A8 D3=0 D4=10404980 D5=80410101 D6=FFFF D7=0 A0=F31EA A1=10D01C A2=534F4 A3=10880A A4=108300 A5=108000 A6=10BA1E PC=4A26 -- 004A26: moveq   #$0, D0
D0=0 D1=8 D2=46E774A8 D3=0 D4=10404980 D5=80410101 D6=FFFF D7=0 A0=F31EA A1=10D01C A2=534F4 A3=10880A A4=108300 A5=108000 A6=10BA1E PC=4A28 -- 004A28: move.b  (A0), D0
D0=FE D1=8 D2=46E774A8 D3=0 D4=10404980 D5=80410101 D6=FFFF D7=0 A0=F31EA A1=10D01C A2=534F4 A3=10880A A4=108300 A5=108000 A6=10BA1E PC=4A2A -- 004A2A: neg.b   D0
D0=2 D1=8 D2=46E774A8 D3=0 D4=10404980 D5=80410101 D6=FFFF D7=0 A0=F31EA A1=10D01C A2=534F4 A3=10880A A4=108300 A5=108000 A6=10BA1E PC=4A2C -- 004A2C: subq.b  #1, D0
D0=1 D1=8 D2=46E774A8 D3=0 D4=10404980 D5=80410101 D6=FFFF D7=0 A0=F31EA A1=10D01C A2=534F4 A3=10880A A4=108300 A5=108000 A6=10BA1E PC=4A2E -- 004A2E: add.w   D0, D0
D0=2 D1=8 D2=46E774A8 D3=0 D4=10404980 D5=80410101 D6=FFFF D7=0 A0=F31EA A1=10D01C A2=534F4 A3=10880A A4=108300 A5=108000 A6=10BA1E PC=4A30 -- 004A30: add.w   D0, D0
D0=4 D1=8 D2=46E774A8 D3=0 D4=10404980 D5=80410101 D6=FFFF D7=0 A0=F31EA A1=10D01C A2=534F4 A3=10880A A4=108300 A5=108000 A6=10BA1E PC=4A32 -- 004A32: lea     ($e,PC) ; ($4a42), A1
D0=4 D1=8 D2=46E774A8 D3=0 D4=10404980 D5=80410101 D6=FFFF D7=0 A0=F31EA A1=4A42 A2=534F4 A3=10880A A4=108300 A5=108000 A6=10BA1E PC=4A36 -- 004A36: nop
D0=4 D1=8 D2=46E774A8 D3=0 D4=10404980 D5=80410101 D6=FFFF D7=0 A0=F31EA A1=4A42 A2=534F4 A3=10880A A4=108300 A5=108000 A6=10BA1E PC=4A38 -- 004A38: movea.l (A1,D0.w), A1
D0=4 D1=8 D2=46E774A8 D3=0 D4=10404980 D5=80410101 D6=FFFF D7=0 A0=F31EA A1=4A64 A2=534F4 A3=10880A A4=108300 A5=108000 A6=10BA1E PC=4A3C -- 004A3C: jsr     (A1)
D0=4 D1=8 D2=46E774A8 D3=0 D4=10404980 D5=80410101 D6=FFFF D7=0 A0=F31EA A1=4A64 A2=534F4 A3=10880A A4=108300 A5=108000 A6=10BA1E PC=4A64 -- 004A64: ori.b   #$80, ($7a,A4)
D0=4 D1=8 D2=46E774A8 D3=0 D4=10404980 D5=80410101 D6=FFFF D7=0 A0=F31EA A1=4A64 A2=534F4 A3=10880A A4=108300 A5=108000 A6=10BA1E PC=4A6A -- 004A6A: subi.w  #$c, ($74,A4)
D0=4 D1=8 D2=46E774A8 D3=0 D4=10404980 D5=80410101 D6=FFFF D7=0 A0=F31EA A1=4A64 A2=534F4 A3=10880A A4=108300 A5=108000 A6=10BA1E PC=4A70 -- 004A70: addq.l  #8, A7
D0=4 D1=8 D2=46E774A8 D3=0 D4=10404980 D5=80410101 D6=FFFF D7=0 A0=F31EA A1=4A64 A2=534F4 A3=10880A A4=108300 A5=108000 A6=10BA1E PC=4A72 -- 004A72: rts
D0=4 D1=8 D2=46E774A8 D3=0 D4=10404980 D5=80410101 D6=FFFF D7=0 A0=F31EA A1=4A64 A2=534F4 A3=10880A A4=108300 A5=108000 A6=10BA1E PC=36EB0 -- 036EB0: jmp     $3e2e.w
D0=4 D1=8 D2=46E774A8 D3=0 D4=10404980 D5=80410101 D6=FFFF D7=0 A0=F31EA A1=4A64 A2=534F4 A3=10880A A4=108300 A5=108000 A6=10BA1E PC=3E2E -- 003E2E: tst.w   ($74,A4)
D0=4 D1=8 D2=46E774A8 D3=0 D4=10404980 D5=80410101 D6=FFFF D7=0 A0=F31EA A1=4A64 A2=534F4 A3=10880A A4=108300 A5=108000 A6=10BA1E PC=3E32 -- 003E32: bmi     $3e80
D0=4 D1=8 D2=46E774A8 D3=0 D4=10404980 D5=80410101 D6=FFFF D7=0 A0=F31EA A1=4A64 A2=534F4 A3=10880A A4=108300 A5=108000 A6=10BA1E PC=3E34 -- 003E34: btst    #$6, ($7c,A4)
D0=4 D1=8 D2=46E774A8 D3=0 D4=10404980 D5=80410101 D6=FFFF D7=0 A0=F31EA A1=4A64 A2=534F4 A3=10880A A4=108300 A5=108000 A6=10BA1E PC=3E3A -- 003E3A: bne     $3e78
D0=4 D1=8 D2=46E774A8 D3=0 D4=10404980 D5=80410101 D6=FFFF D7=0 A0=F31EA A1=4A64 A2=534F4 A3=10880A A4=108300 A5=108000 A6=10BA1E PC=3E3E -- 003E3E: moveq   #$0, D3
D0=4 D1=8 D2=46E774A8 D3=0 D4=10404980 D5=80410101 D6=FFFF D7=0 A0=F31EA A1=4A64 A2=534F4 A3=10880A A4=108300 A5=108000 A6=10BA1E PC=3E40 -- 003E40: move.b  ($82,A4), D3
D0=4 D1=8 D2=46E774A8 D3=0 D4=10404980 D5=80410101 D6=FFFF D7=0 A0=F31EA A1=4A64 A2=534F4 A3=10880A A4=108300 A5=108000 A6=10BA1E PC=3E44 -- 003E44: add.w   D3, D3
D0=4 D1=8 D2=46E774A8 D3=0 D4=10404980 D5=80410101 D6=FFFF D7=0 A0=F31EA A1=4A64 A2=534F4 A3=10880A A4=108300 A5=108000 A6=10BA1E PC=3E46 -- 003E46: add.w   D3, D3
D0=4 D1=8 D2=46E774A8 D3=0 D4=10404980 D5=80410101 D6=FFFF D7=0 A0=F31EA A1=4A64 A2=534F4 A3=10880A A4=108300 A5=108000 A6=10BA1E PC=3E48 -- 003E48: move.w  ($18,A4), D0
D0=110 D1=8 D2=46E774A8 D3=0 D4=10404980 D5=80410101 D6=FFFF D7=0 A0=F31EA A1=4A64 A2=534F4 A3=10880A A4=108300 A5=108000 A6=10BA1E PC=3E4C -- 003E4C: lea     ($104c,A5), A0
D0=110 D1=8 D2=46E774A8 D3=0 D4=10404980 D5=80410101 D6=FFFF D7=0 A0=10904C A1=4A64 A2=534F4 A3=10880A A4=108300 A5=108000 A6=10BA1E PC=3E50 -- 003E50: sub.w   (A0,D3.w), D0
D0=110 D1=8 D2=46E774A8 D3=0 D4=10404980 D5=80410101 D6=FFFF D7=0 A0=10904C A1=4A64 A2=534F4 A3=10880A A4=108300 A5=108000 A6=10BA1E PC=3E54 -- 003E54: addi.w  #$30, D0
D0=140 D1=8 D2=46E774A8 D3=0 D4=10404980 D5=80410101 D6=FFFF D7=0 A0=10904C A1=4A64 A2=534F4 A3=10880A A4=108300 A5=108000 A6=10BA1E PC=3E58 -- 003E58: cmpi.w  #$1a0, D0
D0=140 D1=8 D2=46E774A8 D3=0 D4=10404980 D5=80410101 D6=FFFF D7=0 A0=10904C A1=4A64 A2=534F4 A3=10880A A4=108300 A5=108000 A6=10BA1E PC=3E5C -- 003E5C: bls     $3e60
D0=140 D1=8 D2=46E774A8 D3=0 D4=10404980 D5=80410101 D6=FFFF D7=0 A0=10904C A1=4A64 A2=534F4 A3=10880A A4=108300 A5=108000 A6=10BA1E PC=3E60 -- 003E60: move.w  ($1c,A4), D0
D0=CB D1=8 D2=46E774A8 D3=0 D4=10404980 D5=80410101 D6=FFFF D7=0 A0=10904C A1=4A64 A2=534F4 A3=10880A A4=108300 A5=108000 A6=10BA1E PC=3E64 -- 003E64: sub.w   ($20,A4), D0
D0=CB D1=8 D2=46E774A8 D3=0 D4=10404980 D5=80410101 D6=FFFF D7=0 A0=10904C A1=4A64 A2=534F4 A3=10880A A4=108300 A5=108000 A6=10BA1E PC=3E68 -- 003E68: lea     ($1058,A5), A0
D0=CB D1=8 D2=46E774A8 D3=0 D4=10404980 D5=80410101 D6=FFFF D7=0 A0=109058 A1=4A64 A2=534F4 A3=10880A A4=108300 A5=108000 A6=10BA1E PC=3E6C -- 003E6C: sub.w   (A0,D3.w), D0
D0=CB D1=8 D2=46E774A8 D3=0 D4=10404980 D5=80410101 D6=FFFF D7=0 A0=109058 A1=4A64 A2=534F4 A3=10880A A4=108300 A5=108000 A6=10BA1E PC=3E70 -- 003E70: cmpi.w  #$1c0, D0
D0=CB D1=8 D2=46E774A8 D3=0 D4=10404980 D5=80410101 D6=FFFF D7=0 A0=109058 A1=4A64 A2=534F4 A3=10880A A4=108300 A5=108000 A6=10BA1E PC=3E74 -- 003E74: bls     $3e78
D0=CB D1=8 D2=46E774A8 D3=0 D4=10404980 D5=80410101 D6=FFFF D7=0 A0=109058 A1=4A64 A2=534F4 A3=10880A A4=108300 A5=108000 A6=10BA1E PC=3E78 -- 003E78: bsr     $4860
D0=CB D1=8 D2=46E774A8 D3=0 D4=10404980 D5=80410101 D6=FFFF D7=0 A0=109058 A1=4A64 A2=534F4 A3=10880A A4=108300 A5=108000 A6=10BA1E PC=4860 -- 004860: lea     $7bf48.l, A0
D0=CB D1=8 D2=46E774A8 D3=0 D4=10404980 D5=80410101 D6=FFFF D7=0 A0=7BF48 A1=4A64 A2=534F4 A3=10880A A4=108300 A5=108000 A6=10BA1E PC=4866 -- 004866: move.w  ($70,A4), D0
D0=1B D1=8 D2=46E774A8 D3=0 D4=10404980 D5=80410101 D6=FFFF D7=0 A0=7BF48 A1=4A64 A2=534F4 A3=10880A A4=108300 A5=108000 A6=10BA1E PC=486A -- 00486A: add.w   D0, D0
D0=36 D1=8 D2=46E774A8 D3=0 D4=10404980 D5=80410101 D6=FFFF D7=0 A0=7BF48 A1=4A64 A2=534F4 A3=10880A A4=108300 A5=108000 A6=10BA1E PC=486C -- 00486C: add.w   D0, D0
D0=6C D1=8 D2=46E774A8 D3=0 D4=10404980 D5=80410101 D6=FFFF D7=0 A0=7BF48 A1=4A64 A2=534F4 A3=10880A A4=108300 A5=108000 A6=10BA1E PC=486E -- 00486E: movea.l (A0,D0.w), A0
D0=6C D1=8 D2=46E774A8 D3=0 D4=10404980 D5=80410101 D6=FFFF D7=0 A0=7F5E0 A1=4A64 A2=534F4 A3=10880A A4=108300 A5=108000 A6=10BA1E PC=4872 -- 004872: move.w  ($72,A4), D0
D0=4A D1=8 D2=46E774A8 D3=0 D4=10404980 D5=80410101 D6=FFFF D7=0 A0=7F5E0 A1=4A64 A2=534F4 A3=10880A A4=108300 A5=108000 A6=10BA1E PC=4876 -- 004876: add.w   D0, D0
D0=94 D1=8 D2=46E774A8 D3=0 D4=10404980 D5=80410101 D6=FFFF D7=0 A0=7F5E0 A1=4A64 A2=534F4 A3=10880A A4=108300 A5=108000 A6=10BA1E PC=4878 -- 004878: move.w  (A0,D0.w), D1
D0=94 D1=4A4A D2=46E774A8 D3=0 D4=10404980 D5=80410101 D6=FFFF D7=0 A0=7F5E0 A1=4A64 A2=534F4 A3=10880A A4=108300 A5=108000 A6=10BA1E PC=487C -- 00487C: move.w  D1, ($46de,A5)
D0=94 D1=4A4A D2=46E774A8 D3=0 D4=10404980 D5=80410101 D6=FFFF D7=0 A0=7F5E0 A1=4A64 A2=534F4 A3=10880A A4=108300 A5=108000 A6=10BA1E PC=4880 -- 004880: lea     $80000.l, A0
D0=94 D1=4A4A D2=46E774A8 D3=0 D4=10404980 D5=80410101 D6=FFFF D7=0 A0=80000 A1=4A64 A2=534F4 A3=10880A A4=108300 A5=108000 A6=10BA1E PC=4886 -- 004886: move.w  ($70,A4), D0
D0=1B D1=4A4A D2=46E774A8 D3=0 D4=10404980 D5=80410101 D6=FFFF D7=0 A0=80000 A1=4A64 A2=534F4 A3=10880A A4=108300 A5=108000 A6=10BA1E PC=488A -- 00488A: add.w   D0, D0
D0=36 D1=4A4A D2=46E774A8 D3=0 D4=10404980 D5=80410101 D6=FFFF D7=0 A0=80000 A1=4A64 A2=534F4 A3=10880A A4=108300 A5=108000 A6=10BA1E PC=488C -- 00488C: add.w   D0, D0
D0=6C D1=4A4A D2=46E774A8 D3=0 D4=10404980 D5=80410101 D6=FFFF D7=0 A0=80000 A1=4A64 A2=534F4 A3=10880A A4=108300 A5=108000 A6=10BA1E PC=488E -- 00488E: movea.l (A0,D0.w), A0
D0=6C D1=4A4A D2=46E774A8 D3=0 D4=10404980 D5=80410101 D6=FFFF D7=0 A0=86E00 A1=4A64 A2=534F4 A3=10880A A4=108300 A5=108000 A6=10BA1E PC=4892 -- 004892: move.w  ($46de,A5), D0
D0=4A4A D1=4A4A D2=46E774A8 D3=0 D4=10404980 D5=80410101 D6=FFFF D7=0 A0=86E00 A1=4A64 A2=534F4 A3=10880A A4=108300 A5=108000 A6=10BA1E PC=4896 -- 004896: tst.b   ($46e2,A5)
D0=4A4A D1=4A4A D2=46E774A8 D3=0 D4=10404980 D5=80410101 D6=FFFF D7=0 A0=86E00 A1=4A64 A2=534F4 A3=10880A A4=108300 A5=108000 A6=10BA1E PC=489A -- 00489A: beq     $48a0
D0=4A4A D1=4A4A D2=46E774A8 D3=0 D4=10404980 D5=80410101 D6=FFFF D7=0 A0=86E00 A1=4A64 A2=534F4 A3=10880A A4=108300 A5=108000 A6=10BA1E PC=48A0 -- 0048A0: andi.w  #$ff, D0
D0=4A D1=4A4A D2=46E774A8 D3=0 D4=10404980 D5=80410101 D6=FFFF D7=0 A0=86E00 A1=4A64 A2=534F4 A3=10880A A4=108300 A5=108000 A6=10BA1E PC=48A4 -- 0048A4: add.w   D0, D0
D0=94 D1=4A4A D2=46E774A8 D3=0 D4=10404980 D5=80410101 D6=FFFF D7=0 A0=86E00 A1=4A64 A2=534F4 A3=10880A A4=108300 A5=108000 A6=10BA1E PC=48A6 -- 0048A6: add.w   D0, D0
D0=128 D1=4A4A D2=46E774A8 D3=0 D4=10404980 D5=80410101 D6=FFFF D7=0 A0=86E00 A1=4A64 A2=534F4 A3=10880A A4=108300 A5=108000 A6=10BA1E PC=48A8 -- 0048A8: movea.l (A0,D0.w), A0
D0=128 D1=4A4A D2=46E774A8 D3=0 D4=10404980 D5=80410101 D6=FFFF D7=0 A0=F31E4 A1=4A64 A2=534F4 A3=10880A A4=108300 A5=108000 A6=10BA1E PC=48AC -- 0048AC: move.w  ($74,A4), D0
D0=0 D1=4A4A D2=46E774A8 D3=0 D4=10404980 D5=80410101 D6=FFFF D7=0 A0=F31E4 A1=4A64 A2=534F4 A3=10880A A4=108300 A5=108000 A6=10BA1E PC=48B0 -- 0048B0: adda.w  D0, A0
D0=0 D1=4A4A D2=46E774A8 D3=0 D4=10404980 D5=80410101 D6=FFFF D7=0 A0=F31E4 A1=4A64 A2=534F4 A3=10880A A4=108300 A5=108000 A6=10BA1E PC=48B2 -- 0048B2: move.l  (A0), D0
D0=10F104A D1=4A4A D2=46E774A8 D3=0 D4=10404980 D5=80410101 D6=FFFF D7=0 A0=F31E4 A1=4A64 A2=534F4 A3=10880A A4=108300 A5=108000 A6=10BA1E PC=48B4 -- 0048B4: andi.l  #$ffffff, D0
D0=F104A D1=4A4A D2=46E774A8 D3=0 D4=10404980 D5=80410101 D6=FFFF D7=0 A0=F31E4 A1=4A64 A2=534F4 A3=10880A A4=108300 A5=108000 A6=10BA1E PC=48BA -- 0048BA: movea.l D0, A0
D0=F104A D1=4A4A D2=46E774A8 D3=0 D4=10404980 D5=80410101 D6=FFFF D7=0 A0=F104A A1=4A64 A2=534F4 A3=10880A A4=108300 A5=108000 A6=10BA1E PC=48BC -- 0048BC: move.w  ($4,A0), D0
D0=F00B0 D1=4A4A D2=46E774A8 D3=0 D4=10404980 D5=80410101 D6=FFFF D7=0 A0=F104A A1=4A64 A2=534F4 A3=10880A A4=108300 A5=108000 A6=10BA1E PC=48C0 -- 0048C0: andi.w  #$1fff, D0
D0=F00B0 D1=4A4A D2=46E774A8 D3=0 D4=10404980 D5=80410101 D6=FFFF D7=0 A0=F104A A1=4A64 A2=534F4 A3=10880A A4=108300 A5=108000 A6=10BA1E PC=48C4 -- 0048C4: move.w  D0, ($46e0,A5)
D0=F00B0 D1=4A4A D2=46E774A8 D3=0 D4=10404980 D5=80410101 D6=FFFF D7=0 A0=F104A A1=4A64 A2=534F4 A3=10880A A4=108300 A5=108000 A6=10BA1E PC=48C8 -- 0048C8: lea     $80080.l, A0
D0=F00B0 D1=4A4A D2=46E774A8 D3=0 D4=10404980 D5=80410101 D6=FFFF D7=0 A0=80080 A1=4A64 A2=534F4 A3=10880A A4=108300 A5=108000 A6=10BA1E PC=48CE -- 0048CE: move.w  ($70,A4), D1
D0=F00B0 D1=1B D2=46E774A8 D3=0 D4=10404980 D5=80410101 D6=FFFF D7=0 A0=80080 A1=4A64 A2=534F4 A3=10880A A4=108300 A5=108000 A6=10BA1E PC=48D2 -- 0048D2: add.w   D1, D1
D0=F00B0 D1=36 D2=46E774A8 D3=0 D4=10404980 D5=80410101 D6=FFFF D7=0 A0=80080 A1=4A64 A2=534F4 A3=10880A A4=108300 A5=108000 A6=10BA1E PC=48D4 -- 0048D4: add.w   D1, D1
D0=F00B0 D1=6C D2=46E774A8 D3=0 D4=10404980 D5=80410101 D6=FFFF D7=0 A0=80080 A1=4A64 A2=534F4 A3=10880A A4=108300 A5=108000 A6=10BA1E PC=48D6 -- 0048D6: movea.l (A0,D1.w), A0
D0=F00B0 D1=6C D2=46E774A8 D3=0 D4=10404980 D5=80410101 D6=FFFF D7=0 A0=95200 A1=4A64 A2=534F4 A3=10880A A4=108300 A5=108000 A6=10BA1E PC=48DA -- 0048DA: add.w   D0, D0
D0=F0160 D1=6C D2=46E774A8 D3=0 D4=10404980 D5=80410101 D6=FFFF D7=0 A0=95200 A1=4A64 A2=534F4 A3=10880A A4=108300 A5=108000 A6=10BA1E PC=48DC -- 0048DC: add.w   D0, D0
D0=F02C0 D1=6C D2=46E774A8 D3=0 D4=10404980 D5=80410101 D6=FFFF D7=0 A0=95200 A1=4A64 A2=534F4 A3=10880A A4=108300 A5=108000 A6=10BA1E PC=48DE -- 0048DE: move.l  (A0,D0.w), ($28,A4)
D0=F02C0 D1=6C D2=46E774A8 D3=0 D4=10404980 D5=80410101 D6=FFFF D7=0 A0=95200 A1=4A64 A2=534F4 A3=10880A A4=108300 A5=108000 A6=10BA1E PC=48E4 -- 0048E4: rts
D0=F02C0 D1=6C D2=46E774A8 D3=0 D4=10404980 D5=80410101 D6=FFFF D7=0 A0=95200 A1=4A64 A2=534F4 A3=10880A A4=108300 A5=108000 A6=10BA1E PC=3E7C -- 003E7C: bra     $481a
D0=F02C0 D1=6C D2=46E774A8 D3=0 D4=10404980 D5=80410101 D6=FFFF D7=0 A0=95200 A1=4A64 A2=534F4 A3=10880A A4=108300 A5=108000 A6=10BA1E PC=481A -- 00481A: addq.w  #1, ($e3a,A5)
D0=F02C0 D1=6C D2=46E774A8 D3=0 D4=10404980 D5=80410101 D6=FFFF D7=0 A0=95200 A1=4A64 A2=534F4 A3=10880A A4=108300 A5=108000 A6=10BA1E PC=481E -- 00481E: lea     ($838,A5), A1
D0=F02C0 D1=6C D2=46E774A8 D3=0 D4=10404980 D5=80410101 D6=FFFF D7=0 A0=95200 A1=108838 A2=534F4 A3=10880A A4=108300 A5=108000 A6=10BA1E PC=4822 -- 004822: move.w  ($2c,A4), D0
D0=F0078 D1=6C D2=46E774A8 D3=0 D4=10404980 D5=80410101 D6=FFFF D7=0 A0=95200 A1=108838 A2=534F4 A3=10880A A4=108300 A5=108000 A6=10BA1E PC=4826 -- 004826: move.w  D0, D1
D0=F0078 D1=78 D2=46E774A8 D3=0 D4=10404980 D5=80410101 D6=FFFF D7=0 A0=95200 A1=108838 A2=534F4 A3=10880A A4=108300 A5=108000 A6=10BA1E PC=4828 -- 004828: add.w   D1, D1
D0=F0078 D1=F0 D2=46E774A8 D3=0 D4=10404980 D5=80410101 D6=FFFF D7=0 A0=95200 A1=108838 A2=534F4 A3=10880A A4=108300 A5=108000 A6=10BA1E PC=482A -- 00482A: adda.w  D1, A1
D0=F0078 D1=F0 D2=46E774A8 D3=0 D4=10404980 D5=80410101 D6=FFFF D7=0 A0=95200 A1=108928 A2=534F4 A3=10880A A4=108300 A5=108000 A6=10BA1E PC=482C -- 00482C: cmp.w   ($e38,A5), D1
D0=F0078 D1=F0 D2=46E774A8 D3=0 D4=10404980 D5=80410101 D6=FFFF D7=0 A0=95200 A1=108928 A2=534F4 A3=10880A A4=108300 A5=108000 A6=10BA1E PC=4830 -- 004830: bhi     $4836
D0=F0078 D1=F0 D2=46E774A8 D3=0 D4=10404980 D5=80410101 D6=FFFF D7=0 A0=95200 A1=108928 A2=534F4 A3=10880A A4=108300 A5=108000 A6=10BA1E PC=4832 -- 004832: move.w  D1, ($e38,A5)
D0=F0078 D1=F0 D2=46E774A8 D3=0 D4=10404980 D5=80410101 D6=FFFF D7=0 A0=95200 A1=108928 A2=534F4 A3=10880A A4=108300 A5=108000 A6=10BA1E PC=4836 -- 004836: move.w  (A1)+, D1
D0=F0078 D1=8100 D2=46E774A8 D3=0 D4=10404980 D5=80410101 D6=FFFF D7=0 A0=95200 A1=10892A A2=534F4 A3=10880A A4=108300 A5=108000 A6=10BA1E PC=4838 -- 004838: beq     $485a
D0=F0078 D1=8100 D2=46E774A8 D3=0 D4=10404980 D5=80410101 D6=FFFF D7=0 A0=95200 A1=10892A A2=534F4 A3=10880A A4=108300 A5=108000 A6=10BA1E PC=483A -- 00483A: move.l  #$100000, D2
D0=F0078 D1=8100 D2=100000 D3=0 D4=10404980 D5=80410101 D6=FFFF D7=0 A0=95200 A1=10892A A2=534F4 A3=10880A A4=108300 A5=108000 A6=10BA1E PC=4840 -- 004840: move.w  D1, D2
D0=F0078 D1=8100 D2=108100 D3=0 D4=10404980 D5=80410101 D6=FFFF D7=0 A0=95200 A1=10892A A2=534F4 A3=10880A A4=108300 A5=108000 A6=10BA1E PC=4842 -- 004842: movea.l D2, A0
D0=F0078 D1=8100 D2=108100 D3=0 D4=10404980 D5=80410101 D6=FFFF D7=0 A0=108100 A1=10892A A2=534F4 A3=10880A A4=108300 A5=108000 A6=10BA1E PC=4844 -- 004844: cmp.w   ($2c,A0), D0
D0=F0078 D1=8100 D2=108100 D3=0 D4=10404980 D5=80410101 D6=FFFF D7=0 A0=108100 A1=10892A A2=534F4 A3=10880A A4=108300 A5=108000 A6=10BA1E PC=4848 -- 004848: bcc     $4836
D0=F0078 D1=8100 D2=108100 D3=0 D4=10404980 D5=80410101 D6=FFFF D7=0 A0=108100 A1=10892A A2=534F4 A3=10880A A4=108300 A5=108000 A6=10BA1E PC=4836 -- 004836: move.w  (A1)+, D1
D0=F0078 D1=0 D2=108100 D3=0 D4=10404980 D5=80410101 D6=FFFF D7=0 A0=108100 A1=10892C A2=534F4 A3=10880A A4=108300 A5=108000 A6=10BA1E PC=4838 -- 004838: beq     $485a
D0=F0078 D1=0 D2=108100 D3=0 D4=10404980 D5=80410101 D6=FFFF D7=0 A0=108100 A1=10892C A2=534F4 A3=10880A A4=108300 A5=108000 A6=10BA1E PC=485A -- 00485A: move.w  A4, (-$2,A1)
D0=F0078 D1=0 D2=108100 D3=0 D4=10404980 D5=80410101 D6=FFFF D7=0 A0=108100 A1=10892C A2=534F4 A3=10880A A4=108300 A5=108000 A6=10BA1E PC=485E -- 00485E: rts
D0=F0078 D1=0 D2=108100 D3=0 D4=10404980 D5=80410101 D6=FFFF D7=0 A0=108100 A1=10892C A2=534F4 A3=10880A A4=108300 A5=108000 A6=10BA1E PC=37234 -- 037234: clr.b   ($1,A6)
D0=F0078 D1=0 D2=108100 D3=0 D4=10404980 D5=80410101 D6=FFFF D7=0 A0=108100 A1=10892C A2=534F4 A3=10880A A4=108300 A5=108000 A6=10BA1E PC=37238 -- 037238: rts
D0=F0078 D1=0 D2=108100 D3=0 D4=10404980 D5=80410101 D6=FFFF D7=0 A0=108100 A1=10892C A2=534F4 A3=10880A A4=108300 A5=108000 A6=10BA1E PC=3704E -- 03704E: move.b  ($7e6,A5), D0
D0=F0009 D1=0 D2=108100 D3=0 D4=10404980 D5=80410101 D6=FFFF D7=0 A0=108100 A1=10892C A2=534F4 A3=10880A A4=108300 A5=108000 A6=10BA1E PC=37052 -- 037052: andi.b  #$3, D0
D0=F0001 D1=0 D2=108100 D3=0 D4=10404980 D5=80410101 D6=FFFF D7=0 A0=108100 A1=10892C A2=534F4 A3=10880A A4=108300 A5=108000 A6=10BA1E PC=37056 -- 037056: beq     $370a6
D0=F0001 D1=0 D2=108100 D3=0 D4=10404980 D5=80410101 D6=FFFF D7=0 A0=108100 A1=10892C A2=534F4 A3=10880A A4=108300 A5=108000 A6=10BA1E PC=3705A -- 03705A: subq.b  #1, ($655,A5)
D0=F0001 D1=0 D2=108100 D3=0 D4=10404980 D5=80410101 D6=FFFF D7=0 A0=108100 A1=10892C A2=534F4 A3=10880A A4=108300 A5=108000 A6=10BA1E PC=3705E -- 03705E: bne     $36ea8
D0=F0001 D1=0 D2=108100 D3=0 D4=10404980 D5=80410101 D6=FFFF D7=0 A0=108100 A1=10892C A2=534F4 A3=10880A A4=108300 A5=108000 A6=10BA1E PC=37062 -- 037062: moveq   #$1, D0
D0=1 D1=0 D2=108100 D3=0 D4=10404980 D5=80410101 D6=FFFF D7=0 A0=108100 A1=10892C A2=534F4 A3=10880A A4=108300 A5=108000 A6=10BA1E PC=37064 -- 037064: moveq   #$0, D1
D0=1 D1=0 D2=108100 D3=0 D4=10404980 D5=80410101 D6=FFFF D7=0 A0=108100 A1=10892C A2=534F4 A3=10880A A4=108300 A5=108000 A6=10BA1E PC=37066 -- 037066: move.b  ($654,A5), D1
D0=1 D1=15 D2=108100 D3=0 D4=10404980 D5=80410101 D6=FFFF D7=0 A0=108100 A1=10892C A2=534F4 A3=10880A A4=108300 A5=108000 A6=10BA1E PC=3706A -- 03706A: sbcd    D0, D1
D0=1 D1=14 D2=108100 D3=0 D4=10404980 D5=80410101 D6=FFFF D7=0 A0=108100 A1=10892C A2=534F4 A3=10880A A4=108300 A5=108000 A6=10BA1E PC=3706C -- 03706C: bcs     $3707c
D0=1 D1=14 D2=108100 D3=0 D4=10404980 D5=80410101 D6=FFFF D7=0 A0=108100 A1=10892C A2=534F4 A3=10880A A4=108300 A5=108000 A6=10BA1E PC=37070 -- 037070: move.b  D1, ($654,A5)
D0=1 D1=14 D2=108100 D3=0 D4=10404980 D5=80410101 D6=FFFF D7=0 A0=108100 A1=10892C A2=534F4 A3=10880A A4=108300 A5=108000 A6=10BA1E PC=37074 -- 037074: jsr     $2bc526.l
D0=1 D1=14 D2=108100 D3=0 D4=10404980 D5=80410101 D6=FFFF D7=0 A0=108100 A1=10892C A2=534F4 A3=10880A A4=108300 A5=108000 A6=10BA1E PC=2BC526 -- 2BC526: move.b  #$3c, ($655,A5)
D0=1 D1=14 D2=108100 D3=0 D4=10404980 D5=80410101 D6=FFFF D7=0 A0=108100 A1=10892C A2=534F4 A3=10880A A4=108300 A5=108000 A6=10BA1E PC=2BC52C -- 2BC52C: btst    #$7, $10e7fc.l
D0=1 D1=14 D2=108100 D3=0 D4=10404980 D5=80410101 D6=FFFF D7=0 A0=108100 A1=10892C A2=534F4 A3=10880A A4=108300 A5=108000 A6=10BA1E PC=2BC534 -- 2BC534: bne     $2bc558
D0=1 D1=14 D2=108100 D3=0 D4=10404980 D5=80410101 D6=FFFF D7=0 A0=108100 A1=10892C A2=534F4 A3=10880A A4=108300 A5=108000 A6=10BA1E PC=2BC538 -- 2BC538: cmpi.b  #$1, $10e8e1.l
D0=1 D1=14 D2=108100 D3=0 D4=10404980 D5=80410101 D6=FFFF D7=0 A0=108100 A1=10892C A2=534F4 A3=10880A A4=108300 A5=108000 A6=10BA1E PC=2BC540 -- 2BC540: bne     $2bc550
D0=1 D1=14 D2=108100 D3=0 D4=10404980 D5=80410101 D6=FFFF D7=0 A0=108100 A1=10892C A2=534F4 A3=10880A A4=108300 A5=108000 A6=10BA1E PC=2BC544 -- 2BC544: move.w  #$1, $108654.l
D0=1 D1=14 D2=108100 D3=0 D4=10404980 D5=80410101 D6=FFFF D7=0 A0=108100 A1=10892C A2=534F4 A3=10880A A4=108300 A5=108000 A6=10BA1E PC=2BC54C -- 2BC54C: bra     $2bc558
D0=1 D1=14 D2=108100 D3=0 D4=10404980 D5=80410101 D6=FFFF D7=0 A0=108100 A1=10892C A2=534F4 A3=10880A A4=108300 A5=108000 A6=10BA1E PC=2BC558 -- 2BC558: rts
D0=1 D1=14 D2=108100 D3=0 D4=10404980 D5=80410101 D6=FFFF D7=0 A0=108100 A1=10892C A2=534F4 A3=10880A A4=108300 A5=108000 A6=10BA1E PC=3707A -- 03707A: rts
D0=1 D1=14 D2=108100 D3=0 D4=10404980 D5=80410101 D6=FFFF D7=0 A0=108100 A1=10892C A2=534F4 A3=10880A A4=108300 A5=108000 A6=10BA1E PC=32B30 -- 032B30: move.l  #$100100, D7
D0=1 D1=14 D2=108100 D3=0 D4=10404980 D5=80410101 D6=FFFF D7=100100 A0=108100 A1=10892C A2=534F4 A3=10880A A4=108300 A5=108000 A6=10BA1E PC=32B36 -- 032B36: movea.l D7, A4
D0=1 D1=14 D2=108100 D3=0 D4=10404980 D5=80410101 D6=FFFF D7=100100 A0=108100 A1=10892C A2=534F4 A3=10880A A4=100100 A5=108000 A6=10BA1E PC=32B38 -- 032B38: movea.l (A4), A0
D0=1 D1=14 D2=108100 D3=0 D4=10404980 D5=80410101 D6=FFFF D7=100100 A0=25A8 A1=10892C A2=534F4 A3=10880A A4=100100 A5=108000 A6=10BA1E PC=32B3A -- 032B3A: jsr     (A0)
D0=1 D1=14 D2=108100 D3=0 D4=10404980 D5=80410101 D6=FFFF D7=100100 A0=25A8 A1=10892C A2=534F4 A3=10880A A4=100100 A5=108000 A6=10BA1E PC=25A8 -- 0025A8: rts
D0=1 D1=14 D2=108100 D3=0 D4=10404980 D5=80410101 D6=FFFF D7=100100 A0=25A8 A1=10892C A2=534F4 A3=10880A A4=100100 A5=108000 A6=10BA1E PC=32B3C -- 032B3C: move.l  A4, D7
D0=1 D1=14 D2=108100 D3=0 D4=10404980 D5=80410101 D6=FFFF D7=100100 A0=25A8 A1=10892C A2=534F4 A3=10880A A4=100100 A5=108000 A6=10BA1E PC=32B3E -- 032B3E: move.w  ($4,A4), D7
D0=1 D1=14 D2=108100 D3=0 D4=10404980 D5=80410101 D6=FFFF D7=100500 A0=25A8 A1=10892C A2=534F4 A3=10880A A4=100100 A5=108000 A6=10BA1E PC=32B42 -- 032B42: bpl     $32b36
D0=1 D1=14 D2=108100 D3=0 D4=10404980 D5=80410101 D6=FFFF D7=100500 A0=25A8 A1=10892C A2=534F4 A3=10880A A4=100100 A5=108000 A6=10BA1E PC=32B36 -- 032B36: movea.l D7, A4
D0=1 D1=14 D2=108100 D3=0 D4=10404980 D5=80410101 D6=FFFF D7=100500 A0=25A8 A1=10892C A2=534F4 A3=10880A A4=100500 A5=108000 A6=10BA1E PC=32B38 -- 032B38: movea.l (A4), A0
D0=1 D1=14 D2=108100 D3=0 D4=10404980 D5=80410101 D6=FFFF D7=100500 A0=37CBA A1=10892C A2=534F4 A3=10880A A4=100500 A5=108000 A6=10BA1E PC=32B3A -- 032B3A: jsr     (A0)
D0=1 D1=14 D2=108100 D3=0 D4=10404980 D5=80410101 D6=FFFF D7=100500 A0=37CBA A1=10892C A2=534F4 A3=10880A A4=100500 A5=108000 A6=10BA1E PC=37CBA -- 037CBA: move.w  ($d0,A4), D0
D0=3 D1=14 D2=108100 D3=0 D4=10404980 D5=80410101 D6=FFFF D7=100500 A0=37CBA A1=10892C A2=534F4 A3=10880A A4=100500 A5=108000 A6=10BA1E PC=37CBE -- 037CBE: movea.l ($84,A4), A0
D0=3 D1=14 D2=108100 D3=0 D4=10404980 D5=80410101 D6=FFFF D7=100500 A0=108584 A1=10892C A2=534F4 A3=10880A A4=100500 A5=108000 A6=10BA1E PC=37CC2 -- 037CC2: btst    D0, ($cf,A0)
D0=3 D1=14 D2=108100 D3=0 D4=10404980 D5=80410101 D6=FFFF D7=100500 A0=108584 A1=10892C A2=534F4 A3=10880A A4=100500 A5=108000 A6=10BA1E PC=37CC6 -- 037CC6: beq     $36eac
D0=3 D1=14 D2=108100 D3=0 D4=10404980 D5=80410101 D6=FFFF D7=100500 A0=108584 A1=10892C A2=534F4 A3=10880A A4=100500 A5=108000 A6=10BA1E PC=36EAC -- 036EAC: jsr     $48e6.w
D0=3 D1=14 D2=108100 D3=0 D4=10404980 D5=80410101 D6=FFFF D7=100500 A0=108584 A1=10892C A2=534F4 A3=10880A A4=100500 A5=108000 A6=10BA1E PC=48E6 -- 0048E6: move.w  ($70,A4), D0
D0=1B D1=14 D2=108100 D3=0 D4=10404980 D5=80410101 D6=FFFF D7=100500 A0=108584 A1=10892C A2=534F4 A3=10880A A4=100500 A5=108000 A6=10BA1E PC=48EA -- 0048EA: cmp.b   ($78,A4), D0
D0=1B D1=14 D2=108100 D3=0 D4=10404980 D5=80410101 D6=FFFF D7=100500 A0=108584 A1=10892C A2=534F4 A3=10880A A4=100500 A5=108000 A6=10BA1E PC=48EE -- 0048EE: bne     $491c
D0=1B D1=14 D2=108100 D3=0 D4=10404980 D5=80410101 D6=FFFF D7=100500 A0=108584 A1=10892C A2=534F4 A3=10880A A4=100500 A5=108000 A6=10BA1E PC=48F0 -- 0048F0: move.w  ($72,A4), D0
D0=38 D1=14 D2=108100 D3=0 D4=10404980 D5=80410101 D6=FFFF D7=100500 A0=108584 A1=10892C A2=534F4 A3=10880A A4=100500 A5=108000 A6=10BA1E PC=48F4 -- 0048F4: cmp.b   ($79,A4), D0
D0=38 D1=14 D2=108100 D3=0 D4=10404980 D5=80410101 D6=FFFF D7=100500 A0=108584 A1=10892C A2=534F4 A3=10880A A4=100500 A5=108000 A6=10BA1E PC=48F8 -- 0048F8: bne     $493c
D0=38 D1=14 D2=108100 D3=0 D4=10404980 D5=80410101 D6=FFFF D7=100500 A0=108584 A1=10892C A2=534F4 A3=10880A A4=100500 A5=108000 A6=10BA1E PC=48FA -- 0048FA: tst.b   ($77,A4)
D0=38 D1=14 D2=108100 D3=0 D4=10404980 D5=80410101 D6=FFFF D7=100500 A0=108584 A1=10892C A2=534F4 A3=10880A A4=100500 A5=108000 A6=10BA1E PC=48FE -- 0048FE: bne     $495c
D0=38 D1=14 D2=108100 D3=0 D4=10404980 D5=80410101 D6=FFFF D7=100500 A0=108584 A1=10892C A2=534F4 A3=10880A A4=100500 A5=108000 A6=10BA1E PC=4900 -- 004900: tst.b   ($7a,A4)
D0=38 D1=14 D2=108100 D3=0 D4=10404980 D5=80410101 D6=FFFF D7=100500 A0=108584 A1=10892C A2=534F4 A3=10880A A4=100500 A5=108000 A6=10BA1E PC=4904 -- 004904: bmi     $491a
D0=38 D1=14 D2=108100 D3=0 D4=10404980 D5=80410101 D6=FFFF D7=100500 A0=108584 A1=10892C A2=534F4 A3=10880A A4=100500 A5=108000 A6=10BA1E PC=491A -- 00491A: rts
D0=38 D1=14 D2=108100 D3=0 D4=10404980 D5=80410101 D6=FFFF D7=100500 A0=108584 A1=10892C A2=534F4 A3=10880A A4=100500 A5=108000 A6=10BA1E PC=36EB0 -- 036EB0: jmp     $3e2e.w
D0=38 D1=14 D2=108100 D3=0 D4=10404980 D5=80410101 D6=FFFF D7=100500 A0=108584 A1=10892C A2=534F4 A3=10880A A4=100500 A5=108000 A6=10BA1E PC=3E2E -- 003E2E: tst.w   ($74,A4)
D0=38 D1=14 D2=108100 D3=0 D4=10404980 D5=80410101 D6=FFFF D7=100500 A0=108584 A1=10892C A2=534F4 A3=10880A A4=100500 A5=108000 A6=10BA1E PC=3E32 -- 003E32: bmi     $3e80
D0=38 D1=14 D2=108100 D3=0 D4=10404980 D5=80410101 D6=FFFF D7=100500 A0=108584 A1=10892C A2=534F4 A3=10880A A4=100500 A5=108000 A6=10BA1E PC=3E34 -- 003E34: btst    #$6, ($7c,A4)
D0=38 D1=14 D2=108100 D3=0 D4=10404980 D5=80410101 D6=FFFF D7=100500 A0=108584 A1=10892C A2=534F4 A3=10880A A4=100500 A5=108000 A6=10BA1E PC=3E3A -- 003E3A: bne     $3e78
D0=38 D1=14 D2=108100 D3=0 D4=10404980 D5=80410101 D6=FFFF D7=100500 A0=108584 A1=10892C A2=534F4 A3=10880A A4=100500 A5=108000 A6=10BA1E PC=3E3E -- 003E3E: moveq   #$0, D3
D0=38 D1=14 D2=108100 D3=0 D4=10404980 D5=80410101 D6=FFFF D7=100500 A0=108584 A1=10892C A2=534F4 A3=10880A A4=100500 A5=108000 A6=10BA1E PC=3E40 -- 003E40: move.b  ($82,A4), D3
D0=38 D1=14 D2=108100 D3=0 D4=10404980 D5=80410101 D6=FFFF D7=100500 A0=108584 A1=10892C A2=534F4 A3=10880A A4=100500 A5=108000 A6=10BA1E PC=3E44 -- 003E44: add.w   D3, D3
D0=38 D1=14 D2=108100 D3=0 D4=10404980 D5=80410101 D6=FFFF D7=100500 A0=108584 A1=10892C A2=534F4 A3=10880A A4=100500 A5=108000 A6=10BA1E PC=3E46 -- 003E46: add.w   D3, D3
D0=38 D1=14 D2=108100 D3=0 D4=10404980 D5=80410101 D6=FFFF D7=100500 A0=108584 A1=10892C A2=534F4 A3=10880A A4=100500 A5=108000 A6=10BA1E PC=3E48 -- 003E48: move.w  ($18,A4), D0
D0=100 D1=14 D2=108100 D3=0 D4=10404980 D5=80410101 D6=FFFF D7=100500 A0=108584 A1=10892C A2=534F4 A3=10880A A4=100500 A5=108000 A6=10BA1E PC=3E4C -- 003E4C: lea     ($104c,A5), A0
D0=100 D1=14 D2=108100 D3=0 D4=10404980 D5=80410101 D6=FFFF D7=100500 A0=10904C A1=10892C A2=534F4 A3=10880A A4=100500 A5=108000 A6=10BA1E PC=3E50 -- 003E50: sub.w   (A0,D3.w), D0
D0=100 D1=14 D2=108100 D3=0 D4=10404980 D5=80410101 D6=FFFF D7=100500 A0=10904C A1=10892C A2=534F4 A3=10880A A4=100500 A5=108000 A6=10BA1E PC=3E54 -- 003E54: addi.w  #$30, D0
D0=130 D1=14 D2=108100 D3=0 D4=10404980 D5=80410101 D6=FFFF D7=100500 A0=10904C A1=10892C A2=534F4 A3=10880A A4=100500 A5=108000 A6=10BA1E PC=3E58 -- 003E58: cmpi.w  #$1a0, D0
D0=130 D1=14 D2=108100 D3=0 D4=10404980 D5=80410101 D6=FFFF D7=100500 A0=10904C A1=10892C A2=534F4 A3=10880A A4=100500 A5=108000 A6=10BA1E PC=3E5C -- 003E5C: bls     $3e60
D0=130 D1=14 D2=108100 D3=0 D4=10404980 D5=80410101 D6=FFFF D7=100500 A0=10904C A1=10892C A2=534F4 A3=10880A A4=100500 A5=108000 A6=10BA1E PC=3E60 -- 003E60: move.w  ($1c,A4), D0
D0=88 D1=14 D2=108100 D3=0 D4=10404980 D5=80410101 D6=FFFF D7=100500 A0=10904C A1=10892C A2=534F4 A3=10880A A4=100500 A5=108000 A6=10BA1E PC=3E64 -- 003E64: sub.w   ($20,A4), D0
D0=88 D1=14 D2=108100 D3=0 D4=10404980 D5=80410101 D6=FFFF D7=100500 A0=10904C A1=10892C A2=534F4 A3=10880A A4=100500 A5=108000 A6=10BA1E PC=3E68 -- 003E68: lea     ($1058,A5), A0
D0=88 D1=14 D2=108100 D3=0 D4=10404980 D5=80410101 D6=FFFF D7=100500 A0=109058 A1=10892C A2=534F4 A3=10880A A4=100500 A5=108000 A6=10BA1E PC=3E6C -- 003E6C: sub.w   (A0,D3.w), D0
D0=88 D1=14 D2=108100 D3=0 D4=10404980 D5=80410101 D6=FFFF D7=100500 A0=109058 A1=10892C A2=534F4 A3=10880A A4=100500 A5=108000 A6=10BA1E PC=3E70 -- 003E70: cmpi.w  #$1c0, D0
D0=88 D1=14 D2=108100 D3=0 D4=10404980 D5=80410101 D6=FFFF D7=100500 A0=109058 A1=10892C A2=534F4 A3=10880A A4=100500 A5=108000 A6=10BA1E PC=3E74 -- 003E74: bls     $3e78
D0=88 D1=14 D2=108100 D3=0 D4=10404980 D5=80410101 D6=FFFF D7=100500 A0=109058 A1=10892C A2=534F4 A3=10880A A4=100500 A5=108000 A6=10BA1E PC=3E78 -- 003E78: bsr     $4860
D0=88 D1=14 D2=108100 D3=0 D4=10404980 D5=80410101 D6=FFFF D7=100500 A0=109058 A1=10892C A2=534F4 A3=10880A A4=100500 A5=108000 A6=10BA1E PC=4860 -- 004860: lea     $7bf48.l, A0
D0=88 D1=14 D2=108100 D3=0 D4=10404980 D5=80410101 D6=FFFF D7=100500 A0=7BF48 A1=10892C A2=534F4 A3=10880A A4=100500 A5=108000 A6=10BA1E PC=4866 -- 004866: move.w  ($70,A4), D0
D0=1B D1=14 D2=108100 D3=0 D4=10404980 D5=80410101 D6=FFFF D7=100500 A0=7BF48 A1=10892C A2=534F4 A3=10880A A4=100500 A5=108000 A6=10BA1E PC=486A -- 00486A: add.w   D0, D0
D0=36 D1=14 D2=108100 D3=0 D4=10404980 D5=80410101 D6=FFFF D7=100500 A0=7BF48 A1=10892C A2=534F4 A3=10880A A4=100500 A5=108000 A6=10BA1E PC=486C -- 00486C: add.w   D0, D0
D0=6C D1=14 D2=108100 D3=0 D4=10404980 D5=80410101 D6=FFFF D7=100500 A0=7BF48 A1=10892C A2=534F4 A3=10880A A4=100500 A5=108000 A6=10BA1E PC=486E -- 00486E: movea.l (A0,D0.w), A0
D0=6C D1=14 D2=108100 D3=0 D4=10404980 D5=80410101 D6=FFFF D7=100500 A0=7F5E0 A1=10892C A2=534F4 A3=10880A A4=100500 A5=108000 A6=10BA1E PC=4872 -- 004872: move.w  ($72,A4), D0
D0=38 D1=14 D2=108100 D3=0 D4=10404980 D5=80410101 D6=FFFF D7=100500 A0=7F5E0 A1=10892C A2=534F4 A3=10880A A4=100500 A5=108000 A6=10BA1E PC=4876 -- 004876: add.w   D0, D0
D0=70 D1=14 D2=108100 D3=0 D4=10404980 D5=80410101 D6=FFFF D7=100500 A0=7F5E0 A1=10892C A2=534F4 A3=10880A A4=100500 A5=108000 A6=10BA1E PC=4878 -- 004878: move.w  (A0,D0.w), D1
D0=70 D1=3838 D2=108100 D3=0 D4=10404980 D5=80410101 D6=FFFF D7=100500 A0=7F5E0 A1=10892C A2=534F4 A3=10880A A4=100500 A5=108000 A6=10BA1E PC=487C -- 00487C: move.w  D1, ($46de,A5)
D0=70 D1=3838 D2=108100 D3=0 D4=10404980 D5=80410101 D6=FFFF D7=100500 A0=7F5E0 A1=10892C A2=534F4 A3=10880A A4=100500 A5=108000 A6=10BA1E PC=4880 -- 004880: lea     $80000.l, A0
D0=70 D1=3838 D2=108100 D3=0 D4=10404980 D5=80410101 D6=FFFF D7=100500 A0=80000 A1=10892C A2=534F4 A3=10880A A4=100500 A5=108000 A6=10BA1E PC=4886 -- 004886: move.w  ($70,A4), D0
D0=1B D1=3838 D2=108100 D3=0 D4=10404980 D5=80410101 D6=FFFF D7=100500 A0=80000 A1=10892C A2=534F4 A3=10880A A4=100500 A5=108000 A6=10BA1E PC=488A -- 00488A: add.w   D0, D0
D0=36 D1=3838 D2=108100 D3=0 D4=10404980 D5=80410101 D6=FFFF D7=100500 A0=80000 A1=10892C A2=534F4 A3=10880A A4=100500 A5=108000 A6=10BA1E PC=488C -- 00488C: add.w   D0, D0
D0=6C D1=3838 D2=108100 D3=0 D4=10404980 D5=80410101 D6=FFFF D7=100500 A0=80000 A1=10892C A2=534F4 A3=10880A A4=100500 A5=108000 A6=10BA1E PC=488E -- 00488E: movea.l (A0,D0.w), A0
D0=6C D1=3838 D2=108100 D3=0 D4=10404980 D5=80410101 D6=FFFF D7=100500 A0=86E00 A1=10892C A2=534F4 A3=10880A A4=100500 A5=108000 A6=10BA1E PC=4892 -- 004892: move.w  ($46de,A5), D0
D0=3838 D1=3838 D2=108100 D3=0 D4=10404980 D5=80410101 D6=FFFF D7=100500 A0=86E00 A1=10892C A2=534F4 A3=10880A A4=100500 A5=108000 A6=10BA1E PC=4896 -- 004896: tst.b   ($46e2,A5)
D0=3838 D1=3838 D2=108100 D3=0 D4=10404980 D5=80410101 D6=FFFF D7=100500 A0=86E00 A1=10892C A2=534F4 A3=10880A A4=100500 A5=108000 A6=10BA1E PC=489A -- 00489A: beq     $48a0
D0=3838 D1=3838 D2=108100 D3=0 D4=10404980 D5=80410101 D6=FFFF D7=100500 A0=86E00 A1=10892C A2=534F4 A3=10880A A4=100500 A5=108000 A6=10BA1E PC=48A0 -- 0048A0: andi.w  #$ff, D0
D0=38 D1=3838 D2=108100 D3=0 D4=10404980 D5=80410101 D6=FFFF D7=100500 A0=86E00 A1=10892C A2=534F4 A3=10880A A4=100500 A5=108000 A6=10BA1E PC=48A4 -- 0048A4: add.w   D0, D0
D0=70 D1=3838 D2=108100 D3=0 D4=10404980 D5=80410101 D6=FFFF D7=100500 A0=86E00 A1=10892C A2=534F4 A3=10880A A4=100500 A5=108000 A6=10BA1E PC=48A6 -- 0048A6: add.w   D0, D0
D0=E0 D1=3838 D2=108100 D3=0 D4=10404980 D5=80410101 D6=FFFF D7=100500 A0=86E00 A1=10892C A2=534F4 A3=10880A A4=100500 A5=108000 A6=10BA1E PC=48A8 -- 0048A8: movea.l (A0,D0.w), A0
D0=E0 D1=3838 D2=108100 D3=0 D4=10404980 D5=80410101 D6=FFFF D7=100500 A0=F3112 A1=10892C A2=534F4 A3=10880A A4=100500 A5=108000 A6=10BA1E PC=48AC -- 0048AC: move.w  ($74,A4), D0
D0=0 D1=3838 D2=108100 D3=0 D4=10404980 D5=80410101 D6=FFFF D7=100500 A0=F3112 A1=10892C A2=534F4 A3=10880A A4=100500 A5=108000 A6=10BA1E PC=48B0 -- 0048B0: adda.w  D0, A0
D0=0 D1=3838 D2=108100 D3=0 D4=10404980 D5=80410101 D6=FFFF D7=100500 A0=F3112 A1=10892C A2=534F4 A3=10880A A4=100500 A5=108000 A6=10BA1E PC=48B2 -- 0048B2: move.l  (A0), D0
D0=10F1110 D1=3838 D2=108100 D3=0 D4=10404980 D5=80410101 D6=FFFF D7=100500 A0=F3112 A1=10892C A2=534F4 A3=10880A A4=100500 A5=108000 A6=10BA1E PC=48B4 -- 0048B4: andi.l  #$ffffff, D0
D0=F1110 D1=3838 D2=108100 D3=0 D4=10404980 D5=80410101 D6=FFFF D7=100500 A0=F3112 A1=10892C A2=534F4 A3=10880A A4=100500 A5=108000 A6=10BA1E PC=48BA -- 0048BA: movea.l D0, A0
D0=F1110 D1=3838 D2=108100 D3=0 D4=10404980 D5=80410101 D6=FFFF D7=100500 A0=F1110 A1=10892C A2=534F4 A3=10880A A4=100500 A5=108000 A6=10BA1E PC=48BC -- 0048BC: move.w  ($4,A0), D0
D0=F0071 D1=3838 D2=108100 D3=0 D4=10404980 D5=80410101 D6=FFFF D7=100500 A0=F1110 A1=10892C A2=534F4 A3=10880A A4=100500 A5=108000 A6=10BA1E PC=48C0 -- 0048C0: andi.w  #$1fff, D0
D0=F0071 D1=3838 D2=108100 D3=0 D4=10404980 D5=80410101 D6=FFFF D7=100500 A0=F1110 A1=10892C A2=534F4 A3=10880A A4=100500 A5=108000 A6=10BA1E PC=48C4 -- 0048C4: move.w  D0, ($46e0,A5)
D0=F0071 D1=3838 D2=108100 D3=0 D4=10404980 D5=80410101 D6=FFFF D7=100500 A0=F1110 A1=10892C A2=534F4 A3=10880A A4=100500 A5=108000 A6=10BA1E PC=48C8 -- 0048C8: lea     $80080.l, A0
D0=F0071 D1=3838 D2=108100 D3=0 D4=10404980 D5=80410101 D6=FFFF D7=100500 A0=80080 A1=10892C A2=534F4 A3=10880A A4=100500 A5=108000 A6=10BA1E PC=48CE -- 0048CE: move.w  ($70,A4), D1
D0=F0071 D1=1B D2=108100 D3=0 D4=10404980 D5=80410101 D6=FFFF D7=100500 A0=80080 A1=10892C A2=534F4 A3=10880A A4=100500 A5=108000 A6=10BA1E PC=48D2 -- 0048D2: add.w   D1, D1
D0=F0071 D1=36 D2=108100 D3=0 D4=10404980 D5=80410101 D6=FFFF D7=100500 A0=80080 A1=10892C A2=534F4 A3=10880A A4=100500 A5=108000 A6=10BA1E PC=48D4 -- 0048D4: add.w   D1, D1
D0=F0071 D1=6C D2=108100 D3=0 D4=10404980 D5=80410101 D6=FFFF D7=100500 A0=80080 A1=10892C A2=534F4 A3=10880A A4=100500 A5=108000 A6=10BA1E PC=48D6 -- 0048D6: movea.l (A0,D1.w), A0
D0=F0071 D1=6C D2=108100 D3=0 D4=10404980 D5=80410101 D6=FFFF D7=100500 A0=95200 A1=10892C A2=534F4 A3=10880A A4=100500 A5=108000 A6=10BA1E PC=48DA -- 0048DA: add.w   D0, D0
D0=F00E2 D1=6C D2=108100 D3=0 D4=10404980 D5=80410101 D6=FFFF D7=100500 A0=95200 A1=10892C A2=534F4 A3=10880A A4=100500 A5=108000 A6=10BA1E PC=48DC -- 0048DC: add.w   D0, D0
D0=F01C4 D1=6C D2=108100 D3=0 D4=10404980 D5=80410101 D6=FFFF D7=100500 A0=95200 A1=10892C A2=534F4 A3=10880A A4=100500 A5=108000 A6=10BA1E PC=48DE -- 0048DE: move.l  (A0,D0.w), ($28,A4)
D0=F01C4 D1=6C D2=108100 D3=0 D4=10404980 D5=80410101 D6=FFFF D7=100500 A0=95200 A1=10892C A2=534F4 A3=10880A A4=100500 A5=108000 A6=10BA1E PC=48E4 -- 0048E4: rts
D0=F01C4 D1=6C D2=108100 D3=0 D4=10404980 D5=80410101 D6=FFFF D7=100500 A0=95200 A1=10892C A2=534F4 A3=10880A A4=100500 A5=108000 A6=10BA1E PC=3E7C -- 003E7C: bra     $481a
D0=F01C4 D1=6C D2=108100 D3=0 D4=10404980 D5=80410101 D6=FFFF D7=100500 A0=95200 A1=10892C A2=534F4 A3=10880A A4=100500 A5=108000 A6=10BA1E PC=481A -- 00481A: addq.w  #1, ($e3a,A5)
D0=F01C4 D1=6C D2=108100 D3=0 D4=10404980 D5=80410101 D6=FFFF D7=100500 A0=95200 A1=10892C A2=534F4 A3=10880A A4=100500 A5=108000 A6=10BA1E PC=481E -- 00481E: lea     ($838,A5), A1
D0=F01C4 D1=6C D2=108100 D3=0 D4=10404980 D5=80410101 D6=FFFF D7=100500 A0=95200 A1=108838 A2=534F4 A3=10880A A4=100500 A5=108000 A6=10BA1E PC=4822 -- 004822: move.w  ($2c,A4), D0
D0=F006B D1=6C D2=108100 D3=0 D4=10404980 D5=80410101 D6=FFFF D7=100500 A0=95200 A1=108838 A2=534F4 A3=10880A A4=100500 A5=108000 A6=10BA1E PC=4826 -- 004826: move.w  D0, D1
D0=F006B D1=6B D2=108100 D3=0 D4=10404980 D5=80410101 D6=FFFF D7=100500 A0=95200 A1=108838 A2=534F4 A3=10880A A4=100500 A5=108000 A6=10BA1E PC=4828 -- 004828: add.w   D1, D1
D0=F006B D1=D6 D2=108100 D3=0 D4=10404980 D5=80410101 D6=FFFF D7=100500 A0=95200 A1=108838 A2=534F4 A3=10880A A4=100500 A5=108000 A6=10BA1E PC=482A -- 00482A: adda.w  D1, A1
D0=F006B D1=D6 D2=108100 D3=0 D4=10404980 D5=80410101 D6=FFFF D7=100500 A0=95200 A1=10890E A2=534F4 A3=10880A A4=100500 A5=108000 A6=10BA1E PC=482C -- 00482C: cmp.w   ($e38,A5), D1
D0=F006B D1=D6 D2=108100 D3=0 D4=10404980 D5=80410101 D6=FFFF D7=100500 A0=95200 A1=10890E A2=534F4 A3=10880A A4=100500 A5=108000 A6=10BA1E PC=4830 -- 004830: bhi     $4836
D0=F006B D1=D6 D2=108100 D3=0 D4=10404980 D5=80410101 D6=FFFF D7=100500 A0=95200 A1=10890E A2=534F4 A3=10880A A4=100500 A5=108000 A6=10BA1E PC=4832 -- 004832: move.w  D1, ($e38,A5)
D0=F006B D1=D6 D2=108100 D3=0 D4=10404980 D5=80410101 D6=FFFF D7=100500 A0=95200 A1=10890E A2=534F4 A3=10880A A4=100500 A5=108000 A6=10BA1E PC=4836 -- 004836: move.w  (A1)+, D1
D0=F006B D1=0 D2=108100 D3=0 D4=10404980 D5=80410101 D6=FFFF D7=100500 A0=95200 A1=108910 A2=534F4 A3=10880A A4=100500 A5=108000 A6=10BA1E PC=4838 -- 004838: beq     $485a
D0=F006B D1=0 D2=108100 D3=0 D4=10404980 D5=80410101 D6=FFFF D7=100500 A0=95200 A1=108910 A2=534F4 A3=10880A A4=100500 A5=108000 A6=10BA1E PC=485A -- 00485A: move.w  A4, (-$2,A1)
D0=F006B D1=0 D2=108100 D3=0 D4=10404980 D5=80410101 D6=FFFF D7=100500 A0=95200 A1=108910 A2=534F4 A3=10880A A4=100500 A5=108000 A6=10BA1E PC=485E -- 00485E: rts
D0=F006B D1=0 D2=108100 D3=0 D4=10404980 D5=80410101 D6=FFFF D7=100500 A0=95200 A1=108910 A2=534F4 A3=10880A A4=100500 A5=108000 A6=10BA1E PC=32B3C -- 032B3C: move.l  A4, D7
D0=F006B D1=0 D2=108100 D3=0 D4=10404980 D5=80410101 D6=FFFF D7=100500 A0=95200 A1=108910 A2=534F4 A3=10880A A4=100500 A5=108000 A6=10BA1E PC=32B3E -- 032B3E: move.w  ($4,A4), D7
D0=F006B D1=0 D2=108100 D3=0 D4=10404980 D5=80410101 D6=FFFF D7=100700 A0=95200 A1=108910 A2=534F4 A3=10880A A4=100500 A5=108000 A6=10BA1E PC=32B42 -- 032B42: bpl     $32b36
D0=F006B D1=0 D2=108100 D3=0 D4=10404980 D5=80410101 D6=FFFF D7=100700 A0=95200 A1=108910 A2=534F4 A3=10880A A4=100500 A5=108000 A6=10BA1E PC=32B36 -- 032B36: movea.l D7, A4
D0=F006B D1=0 D2=108100 D3=0 D4=10404980 D5=80410101 D6=FFFF D7=100700 A0=95200 A1=108910 A2=534F4 A3=10880A A4=100700 A5=108000 A6=10BA1E PC=32B38 -- 032B38: movea.l (A4), A0
D0=F006B D1=0 D2=108100 D3=0 D4=10404980 D5=80410101 D6=FFFF D7=100700 A0=37CBA A1=108910 A2=534F4 A3=10880A A4=100700 A5=108000 A6=10BA1E PC=32B3A -- 032B3A: jsr     (A0)
D0=F006B D1=0 D2=108100 D3=0 D4=10404980 D5=80410101 D6=FFFF D7=100700 A0=37CBA A1=108910 A2=534F4 A3=10880A A4=100700 A5=108000 A6=10BA1E PC=37CBA -- 037CBA: move.w  ($d0,A4), D0
D0=F0003 D1=0 D2=108100 D3=0 D4=10404980 D5=80410101 D6=FFFF D7=100700 A0=37CBA A1=108910 A2=534F4 A3=10880A A4=100700 A5=108000 A6=10BA1E PC=37CBE -- 037CBE: movea.l ($84,A4), A0
D0=F0003 D1=0 D2=108100 D3=0 D4=10404980 D5=80410101 D6=FFFF D7=100700 A0=108584 A1=108910 A2=534F4 A3=10880A A4=100700 A5=108000 A6=10BA1E PC=37CC2 -- 037CC2: btst    D0, ($cf,A0)
D0=F0003 D1=0 D2=108100 D3=0 D4=10404980 D5=80410101 D6=FFFF D7=100700 A0=108584 A1=108910 A2=534F4 A3=10880A A4=100700 A5=108000 A6=10BA1E PC=37CC6 -- 037CC6: beq     $36eac
D0=F0003 D1=0 D2=108100 D3=0 D4=10404980 D5=80410101 D6=FFFF D7=100700 A0=108584 A1=108910 A2=534F4 A3=10880A A4=100700 A5=108000 A6=10BA1E PC=36EAC -- 036EAC: jsr     $48e6.w
D0=F0003 D1=0 D2=108100 D3=0 D4=10404980 D5=80410101 D6=FFFF D7=100700 A0=108584 A1=108910 A2=534F4 A3=10880A A4=100700 A5=108000 A6=10BA1E PC=48E6 -- 0048E6: move.w  ($70,A4), D0
D0=F001B D1=0 D2=108100 D3=0 D4=10404980 D5=80410101 D6=FFFF D7=100700 A0=108584 A1=108910 A2=534F4 A3=10880A A4=100700 A5=108000 A6=10BA1E PC=48EA -- 0048EA: cmp.b   ($78,A4), D0
D0=F001B D1=0 D2=108100 D3=0 D4=10404980 D5=80410101 D6=FFFF D7=100700 A0=108584 A1=108910 A2=534F4 A3=10880A A4=100700 A5=108000 A6=10BA1E PC=48EE -- 0048EE: bne     $491c
D0=F001B D1=0 D2=108100 D3=0 D4=10404980 D5=80410101 D6=FFFF D7=100700 A0=108584 A1=108910 A2=534F4 A3=10880A A4=100700 A5=108000 A6=10BA1E PC=48F0 -- 0048F0: move.w  ($72,A4), D0
D0=F0037 D1=0 D2=108100 D3=0 D4=10404980 D5=80410101 D6=FFFF D7=100700 A0=108584 A1=108910 A2=534F4 A3=10880A A4=100700 A5=108000 A6=10BA1E PC=48F4 -- 0048F4: cmp.b   ($79,A4), D0
D0=F0037 D1=0 D2=108100 D3=0 D4=10404980 D5=80410101 D6=FFFF D7=100700 A0=108584 A1=108910 A2=534F4 A3=10880A A4=100700 A5=108000 A6=10BA1E PC=48F8 -- 0048F8: bne     $493c
D0=F0037 D1=0 D2=108100 D3=0 D4=10404980 D5=80410101 D6=FFFF D7=100700 A0=108584 A1=108910 A2=534F4 A3=10880A A4=100700 A5=108000 A6=10BA1E PC=48FA -- 0048FA: tst.b   ($77,A4)
D0=F0037 D1=0 D2=108100 D3=0 D4=10404980 D5=80410101 D6=FFFF D7=100700 A0=108584 A1=108910 A2=534F4 A3=10880A A4=100700 A5=108000 A6=10BA1E PC=48FE -- 0048FE: bne     $495c
D0=F0037 D1=0 D2=108100 D3=0 D4=10404980 D5=80410101 D6=FFFF D7=100700 A0=108584 A1=108910 A2=534F4 A3=10880A A4=100700 A5=108000 A6=10BA1E PC=4900 -- 004900: tst.b   ($7a,A4)
D0=F0037 D1=0 D2=108100 D3=0 D4=10404980 D5=80410101 D6=FFFF D7=100700 A0=108584 A1=108910 A2=534F4 A3=10880A A4=100700 A5=108000 A6=10BA1E PC=4904 -- 004904: bmi     $491a
D0=F0037 D1=0 D2=108100 D3=0 D4=10404980 D5=80410101 D6=FFFF D7=100700 A0=108584 A1=108910 A2=534F4 A3=10880A A4=100700 A5=108000 A6=10BA1E PC=491A -- 00491A: rts
D0=F0037 D1=0 D2=108100 D3=0 D4=10404980 D5=80410101 D6=FFFF D7=100700 A0=108584 A1=108910 A2=534F4 A3=10880A A4=100700 A5=108000 A6=10BA1E PC=36EB0 -- 036EB0: jmp     $3e2e.w
D0=F0037 D1=0 D2=108100 D3=0 D4=10404980 D5=80410101 D6=FFFF D7=100700 A0=108584 A1=108910 A2=534F4 A3=10880A A4=100700 A5=108000 A6=10BA1E PC=3E2E -- 003E2E: tst.w   ($74,A4)
D0=F0037 D1=0 D2=108100 D3=0 D4=10404980 D5=80410101 D6=FFFF D7=100700 A0=108584 A1=108910 A2=534F4 A3=10880A A4=100700 A5=108000 A6=10BA1E PC=3E32 -- 003E32: bmi     $3e80
D0=F0037 D1=0 D2=108100 D3=0 D4=10404980 D5=80410101 D6=FFFF D7=100700 A0=108584 A1=108910 A2=534F4 A3=10880A A4=100700 A5=108000 A6=10BA1E PC=3E34 -- 003E34: btst    #$6, ($7c,A4)
D0=F0037 D1=0 D2=108100 D3=0 D4=10404980 D5=80410101 D6=FFFF D7=100700 A0=108584 A1=108910 A2=534F4 A3=10880A A4=100700 A5=108000 A6=10BA1E PC=3E3A -- 003E3A: bne     $3e78
D0=F0037 D1=0 D2=108100 D3=0 D4=10404980 D5=80410101 D6=FFFF D7=100700 A0=108584 A1=108910 A2=534F4 A3=10880A A4=100700 A5=108000 A6=10BA1E PC=3E3E -- 003E3E: moveq   #$0, D3
D0=F0037 D1=0 D2=108100 D3=0 D4=10404980 D5=80410101 D6=FFFF D7=100700 A0=108584 A1=108910 A2=534F4 A3=10880A A4=100700 A5=108000 A6=10BA1E PC=3E40 -- 003E40: move.b  ($82,A4), D3
D0=F0037 D1=0 D2=108100 D3=0 D4=10404980 D5=80410101 D6=FFFF D7=100700 A0=108584 A1=108910 A2=534F4 A3=10880A A4=100700 A5=108000 A6=10BA1E PC=3E44 -- 003E44: add.w   D3, D3
D0=F0037 D1=0 D2=108100 D3=0 D4=10404980 D5=80410101 D6=FFFF D7=100700 A0=108584 A1=108910 A2=534F4 A3=10880A A4=100700 A5=108000 A6=10BA1E PC=3E46 -- 003E46: add.w   D3, D3
D0=F0037 D1=0 D2=108100 D3=0 D4=10404980 D5=80410101 D6=FFFF D7=100700 A0=108584 A1=108910 A2=534F4 A3=10880A A4=100700 A5=108000 A6=10BA1E PC=3E48 -- 003E48: move.w  ($18,A4), D0
D0=F00F0 D1=0 D2=108100 D3=0 D4=10404980 D5=80410101 D6=FFFF D7=100700 A0=108584 A1=108910 A2=534F4 A3=10880A A4=100700 A5=108000 A6=10BA1E PC=3E4C -- 003E4C: lea     ($104c,A5), A0
D0=F00F0 D1=0 D2=108100 D3=0 D4=10404980 D5=80410101 D6=FFFF D7=100700 A0=10904C A1=108910 A2=534F4 A3=10880A A4=100700 A5=108000 A6=10BA1E PC=3E50 -- 003E50: sub.w   (A0,D3.w), D0
D0=F00F0 D1=0 D2=108100 D3=0 D4=10404980 D5=80410101 D6=FFFF D7=100700 A0=10904C A1=108910 A2=534F4 A3=10880A A4=100700 A5=108000 A6=10BA1E PC=3E54 -- 003E54: addi.w  #$30, D0
D0=F0120 D1=0 D2=108100 D3=0 D4=10404980 D5=80410101 D6=FFFF D7=100700 A0=10904C A1=108910 A2=534F4 A3=10880A A4=100700 A5=108000 A6=10BA1E PC=3E58 -- 003E58: cmpi.w  #$1a0, D0
D0=F0120 D1=0 D2=108100 D3=0 D4=10404980 D5=80410101 D6=FFFF D7=100700 A0=10904C A1=108910 A2=534F4 A3=10880A A4=100700 A5=108000 A6=10BA1E PC=3E5C -- 003E5C: bls     $3e60
D0=F0120 D1=0 D2=108100 D3=0 D4=10404980 D5=80410101 D6=FFFF D7=100700 A0=10904C A1=108910 A2=534F4 A3=10880A A4=100700 A5=108000 A6=10BA1E PC=3E60 -- 003E60: move.w  ($1c,A4), D0
D0=F0078 D1=0 D2=108100 D3=0 D4=10404980 D5=80410101 D6=FFFF D7=100700 A0=10904C A1=108910 A2=534F4 A3=10880A A4=100700 A5=108000 A6=10BA1E PC=3E64 -- 003E64: sub.w   ($20,A4), D0
D0=F0078 D1=0 D2=108100 D3=0 D4=10404980 D5=80410101 D6=FFFF D7=100700 A0=10904C A1=108910 A2=534F4 A3=10880A A4=100700 A5=108000 A6=10BA1E PC=3E68 -- 003E68: lea     ($1058,A5), A0
D0=F0078 D1=0 D2=108100 D3=0 D4=10404980 D5=80410101 D6=FFFF D7=100700 A0=109058 A1=108910 A2=534F4 A3=10880A A4=100700 A5=108000 A6=10BA1E PC=3E6C -- 003E6C: sub.w   (A0,D3.w), D0
D0=F0078 D1=0 D2=108100 D3=0 D4=10404980 D5=80410101 D6=FFFF D7=100700 A0=109058 A1=108910 A2=534F4 A3=10880A A4=100700 A5=108000 A6=10BA1E PC=3E70 -- 003E70: cmpi.w  #$1c0, D0
D0=F0078 D1=0 D2=108100 D3=0 D4=10404980 D5=80410101 D6=FFFF D7=100700 A0=109058 A1=108910 A2=534F4 A3=10880A A4=100700 A5=108000 A6=10BA1E PC=3E74 -- 003E74: bls     $3e78
D0=F0078 D1=0 D2=108100 D3=0 D4=10404980 D5=80410101 D6=FFFF D7=100700 A0=109058 A1=108910 A2=534F4 A3=10880A A4=100700 A5=108000 A6=10BA1E PC=3E78 -- 003E78: bsr     $4860
D0=F0078 D1=0 D2=108100 D3=0 D4=10404980 D5=80410101 D6=FFFF D7=100700 A0=109058 A1=108910 A2=534F4 A3=10880A A4=100700 A5=108000 A6=10BA1E PC=4860 -- 004860: lea     $7bf48.l, A0
D0=F0078 D1=0 D2=108100 D3=0 D4=10404980 D5=80410101 D6=FFFF D7=100700 A0=7BF48 A1=108910 A2=534F4 A3=10880A A4=100700 A5=108000 A6=10BA1E PC=4866 -- 004866: move.w  ($70,A4), D0
D0=F001B D1=0 D2=108100 D3=0 D4=10404980 D5=80410101 D6=FFFF D7=100700 A0=7BF48 A1=108910 A2=534F4 A3=10880A A4=100700 A5=108000 A6=10BA1E PC=486A -- 00486A: add.w   D0, D0
D0=F0036 D1=0 D2=108100 D3=0 D4=10404980 D5=80410101 D6=FFFF D7=100700 A0=7BF48 A1=108910 A2=534F4 A3=10880A A4=100700 A5=108000 A6=10BA1E PC=486C -- 00486C: add.w   D0, D0
D0=F006C D1=0 D2=108100 D3=0 D4=10404980 D5=80410101 D6=FFFF D7=100700 A0=7BF48 A1=108910 A2=534F4 A3=10880A A4=100700 A5=108000 A6=10BA1E PC=486E -- 00486E: movea.l (A0,D0.w), A0
D0=F006C D1=0 D2=108100 D3=0 D4=10404980 D5=80410101 D6=FFFF D7=100700 A0=7F5E0 A1=108910 A2=534F4 A3=10880A A4=100700 A5=108000 A6=10BA1E PC=4872 -- 004872: move.w  ($72,A4), D0
D0=F0037 D1=0 D2=108100 D3=0 D4=10404980 D5=80410101 D6=FFFF D7=100700 A0=7F5E0 A1=108910 A2=534F4 A3=10880A A4=100700 A5=108000 A6=10BA1E PC=4876 -- 004876: add.w   D0, D0
D0=F006E D1=0 D2=108100 D3=0 D4=10404980 D5=80410101 D6=FFFF D7=100700 A0=7F5E0 A1=108910 A2=534F4 A3=10880A A4=100700 A5=108000 A6=10BA1E PC=4878 -- 004878: move.w  (A0,D0.w), D1
D0=F006E D1=3737 D2=108100 D3=0 D4=10404980 D5=80410101 D6=FFFF D7=100700 A0=7F5E0 A1=108910 A2=534F4 A3=10880A A4=100700 A5=108000 A6=10BA1E PC=487C -- 00487C: move.w  D1, ($46de,A5)
D0=F006E D1=3737 D2=108100 D3=0 D4=10404980 D5=80410101 D6=FFFF D7=100700 A0=7F5E0 A1=108910 A2=534F4 A3=10880A A4=100700 A5=108000 A6=10BA1E PC=4880 -- 004880: lea     $80000.l, A0
D0=F006E D1=3737 D2=108100 D3=0 D4=10404980 D5=80410101 D6=FFFF D7=100700 A0=80000 A1=108910 A2=534F4 A3=10880A A4=100700 A5=108000 A6=10BA1E PC=4886 -- 004886: move.w  ($70,A4), D0
D0=F001B D1=3737 D2=108100 D3=0 D4=10404980 D5=80410101 D6=FFFF D7=100700 A0=80000 A1=108910 A2=534F4 A3=10880A A4=100700 A5=108000 A6=10BA1E PC=488A -- 00488A: add.w   D0, D0
D0=F0036 D1=3737 D2=108100 D3=0 D4=10404980 D5=80410101 D6=FFFF D7=100700 A0=80000 A1=108910 A2=534F4 A3=10880A A4=100700 A5=108000 A6=10BA1E PC=488C -- 00488C: add.w   D0, D0
D0=F006C D1=3737 D2=108100 D3=0 D4=10404980 D5=80410101 D6=FFFF D7=100700 A0=80000 A1=108910 A2=534F4 A3=10880A A4=100700 A5=108000 A6=10BA1E PC=488E -- 00488E: movea.l (A0,D0.w), A0
D0=F006C D1=3737 D2=108100 D3=0 D4=10404980 D5=80410101 D6=FFFF D7=100700 A0=86E00 A1=108910 A2=534F4 A3=10880A A4=100700 A5=108000 A6=10BA1E PC=4892 -- 004892: move.w  ($46de,A5), D0
D0=F3737 D1=3737 D2=108100 D3=0 D4=10404980 D5=80410101 D6=FFFF D7=100700 A0=86E00 A1=108910 A2=534F4 A3=10880A A4=100700 A5=108000 A6=10BA1E PC=4896 -- 004896: tst.b   ($46e2,A5)
D0=F3737 D1=3737 D2=108100 D3=0 D4=10404980 D5=80410101 D6=FFFF D7=100700 A0=86E00 A1=108910 A2=534F4 A3=10880A A4=100700 A5=108000 A6=10BA1E PC=489A -- 00489A: beq     $48a0
D0=F3737 D1=3737 D2=108100 D3=0 D4=10404980 D5=80410101 D6=FFFF D7=100700 A0=86E00 A1=108910 A2=534F4 A3=10880A A4=100700 A5=108000 A6=10BA1E PC=48A0 -- 0048A0: andi.w  #$ff, D0
D0=F0037 D1=3737 D2=108100 D3=0 D4=10404980 D5=80410101 D6=FFFF D7=100700 A0=86E00 A1=108910 A2=534F4 A3=10880A A4=100700 A5=108000 A6=10BA1E PC=48A4 -- 0048A4: add.w   D0, D0
D0=F006E D1=3737 D2=108100 D3=0 D4=10404980 D5=80410101 D6=FFFF D7=100700 A0=86E00 A1=108910 A2=534F4 A3=10880A A4=100700 A5=108000 A6=10BA1E PC=48A6 -- 0048A6: add.w   D0, D0
D0=F00DC D1=3737 D2=108100 D3=0 D4=10404980 D5=80410101 D6=FFFF D7=100700 A0=86E00 A1=108910 A2=534F4 A3=10880A A4=100700 A5=108000 A6=10BA1E PC=48A8 -- 0048A8: movea.l (A0,D0.w), A0
D0=F00DC D1=3737 D2=108100 D3=0 D4=10404980 D5=80410101 D6=FFFF D7=100700 A0=F310A A1=108910 A2=534F4 A3=10880A A4=100700 A5=108000 A6=10BA1E PC=48AC -- 0048AC: move.w  ($74,A4), D0
D0=F0000 D1=3737 D2=108100 D3=0 D4=10404980 D5=80410101 D6=FFFF D7=100700 A0=F310A A1=108910 A2=534F4 A3=10880A A4=100700 A5=108000 A6=10BA1E PC=48B0 -- 0048B0: adda.w  D0, A0
D0=F0000 D1=3737 D2=108100 D3=0 D4=10404980 D5=80410101 D6=FFFF D7=100700 A0=F310A A1=108910 A2=534F4 A3=10880A A4=100700 A5=108000 A6=10BA1E PC=48B2 -- 0048B2: move.l  (A0), D0
D0=10F1104 D1=3737 D2=108100 D3=0 D4=10404980 D5=80410101 D6=FFFF D7=100700 A0=F310A A1=108910 A2=534F4 A3=10880A A4=100700 A5=108000 A6=10BA1E PC=48B4 -- 0048B4: andi.l  #$ffffff, D0
D0=F1104 D1=3737 D2=108100 D3=0 D4=10404980 D5=80410101 D6=FFFF D7=100700 A0=F310A A1=108910 A2=534F4 A3=10880A A4=100700 A5=108000 A6=10BA1E PC=48BA -- 0048BA: movea.l D0, A0
D0=F1104 D1=3737 D2=108100 D3=0 D4=10404980 D5=80410101 D6=FFFF D7=100700 A0=F1104 A1=108910 A2=534F4 A3=10880A A4=100700 A5=108000 A6=10BA1E PC=48BC -- 0048BC: move.w  ($4,A0), D0
D0=F0073 D1=3737 D2=108100 D3=0 D4=10404980 D5=80410101 D6=FFFF D7=100700 A0=F1104 A1=108910 A2=534F4 A3=10880A A4=100700 A5=108000 A6=10BA1E PC=48C0 -- 0048C0: andi.w  #$1fff, D0
D0=F0073 D1=3737 D2=108100 D3=0 D4=10404980 D5=80410101 D6=FFFF D7=100700 A0=F1104 A1=108910 A2=534F4 A3=10880A A4=100700 A5=108000 A6=10BA1E PC=48C4 -- 0048C4: move.w  D0, ($46e0,A5)
D0=F0073 D1=3737 D2=108100 D3=0 D4=10404980 D5=80410101 D6=FFFF D7=100700 A0=F1104 A1=108910 A2=534F4 A3=10880A A4=100700 A5=108000 A6=10BA1E PC=48C8 -- 0048C8: lea     $80080.l, A0
D0=F0073 D1=3737 D2=108100 D3=0 D4=10404980 D5=80410101 D6=FFFF D7=100700 A0=80080 A1=108910 A2=534F4 A3=10880A A4=100700 A5=108000 A6=10BA1E PC=48CE -- 0048CE: move.w  ($70,A4), D1
D0=F0073 D1=1B D2=108100 D3=0 D4=10404980 D5=80410101 D6=FFFF D7=100700 A0=80080 A1=108910 A2=534F4 A3=10880A A4=100700 A5=108000 A6=10BA1E PC=48D2 -- 0048D2: add.w   D1, D1
D0=F0073 D1=36 D2=108100 D3=0 D4=10404980 D5=80410101 D6=FFFF D7=100700 A0=80080 A1=108910 A2=534F4 A3=10880A A4=100700 A5=108000 A6=10BA1E PC=48D4 -- 0048D4: add.w   D1, D1
D0=F0073 D1=6C D2=108100 D3=0 D4=10404980 D5=80410101 D6=FFFF D7=100700 A0=80080 A1=108910 A2=534F4 A3=10880A A4=100700 A5=108000 A6=10BA1E PC=48D6 -- 0048D6: movea.l (A0,D1.w), A0
D0=F0073 D1=6C D2=108100 D3=0 D4=10404980 D5=80410101 D6=FFFF D7=100700 A0=95200 A1=108910 A2=534F4 A3=10880A A4=100700 A5=108000 A6=10BA1E PC=48DA -- 0048DA: add.w   D0, D0
D0=F00E6 D1=6C D2=108100 D3=0 D4=10404980 D5=80410101 D6=FFFF D7=100700 A0=95200 A1=108910 A2=534F4 A3=10880A A4=100700 A5=108000 A6=10BA1E PC=48DC -- 0048DC: add.w   D0, D0
D0=F01CC D1=6C D2=108100 D3=0 D4=10404980 D5=80410101 D6=FFFF D7=100700 A0=95200 A1=108910 A2=534F4 A3=10880A A4=100700 A5=108000 A6=10BA1E PC=48DE -- 0048DE: move.l  (A0,D0.w), ($28,A4)
D0=F01CC D1=6C D2=108100 D3=0 D4=10404980 D5=80410101 D6=FFFF D7=100700 A0=95200 A1=108910 A2=534F4 A3=10880A A4=100700 A5=108000 A6=10BA1E PC=48E4 -- 0048E4: rts
D0=F01CC D1=6C D2=108100 D3=0 D4=10404980 D5=80410101 D6=FFFF D7=100700 A0=95200 A1=108910 A2=534F4 A3=10880A A4=100700 A5=108000 A6=10BA1E PC=3E7C -- 003E7C: bra     $481a
D0=F01CC D1=6C D2=108100 D3=0 D4=10404980 D5=80410101 D6=FFFF D7=100700 A0=95200 A1=108910 A2=534F4 A3=10880A A4=100700 A5=108000 A6=10BA1E PC=481A -- 00481A: addq.w  #1, ($e3a,A5)
D0=F01CC D1=6C D2=108100 D3=0 D4=10404980 D5=80410101 D6=FFFF D7=100700 A0=95200 A1=108910 A2=534F4 A3=10880A A4=100700 A5=108000 A6=10BA1E PC=481E -- 00481E: lea     ($838,A5), A1
D0=F01CC D1=6C D2=108100 D3=0 D4=10404980 D5=80410101 D6=FFFF D7=100700 A0=95200 A1=108838 A2=534F4 A3=10880A A4=100700 A5=108000 A6=10BA1E PC=4822 -- 004822: move.w  ($2c,A4), D0
D0=F006A D1=6C D2=108100 D3=0 D4=10404980 D5=80410101 D6=FFFF D7=100700 A0=95200 A1=108838 A2=534F4 A3=10880A A4=100700 A5=108000 A6=10BA1E PC=4826 -- 004826: move.w  D0, D1
D0=F006A D1=6A D2=108100 D3=0 D4=10404980 D5=80410101 D6=FFFF D7=100700 A0=95200 A1=108838 A2=534F4 A3=10880A A4=100700 A5=108000 A6=10BA1E PC=4828 -- 004828: add.w   D1, D1
D0=F006A D1=D4 D2=108100 D3=0 D4=10404980 D5=80410101 D6=FFFF D7=100700 A0=95200 A1=108838 A2=534F4 A3=10880A A4=100700 A5=108000 A6=10BA1E PC=482A -- 00482A: adda.w  D1, A1
D0=F006A D1=D4 D2=108100 D3=0 D4=10404980 D5=80410101 D6=FFFF D7=100700 A0=95200 A1=10890C A2=534F4 A3=10880A A4=100700 A5=108000 A6=10BA1E PC=482C -- 00482C: cmp.w   ($e38,A5), D1
D0=F006A D1=D4 D2=108100 D3=0 D4=10404980 D5=80410101 D6=FFFF D7=100700 A0=95200 A1=10890C A2=534F4 A3=10880A A4=100700 A5=108000 A6=10BA1E PC=4830 -- 004830: bhi     $4836
D0=F006A D1=D4 D2=108100 D3=0 D4=10404980 D5=80410101 D6=FFFF D7=100700 A0=95200 A1=10890C A2=534F4 A3=10880A A4=100700 A5=108000 A6=10BA1E PC=4832 -- 004832: move.w  D1, ($e38,A5)
D0=F006A D1=D4 D2=108100 D3=0 D4=10404980 D5=80410101 D6=FFFF D7=100700 A0=95200 A1=10890C A2=534F4 A3=10880A A4=100700 A5=108000 A6=10BA1E PC=4836 -- 004836: move.w  (A1)+, D1
D0=F006A D1=0 D2=108100 D3=0 D4=10404980 D5=80410101 D6=FFFF D7=100700 A0=95200 A1=10890E A2=534F4 A3=10880A A4=100700 A5=108000 A6=10BA1E PC=4838 -- 004838: beq     $485a
D0=F006A D1=0 D2=108100 D3=0 D4=10404980 D5=80410101 D6=FFFF D7=100700 A0=95200 A1=10890E A2=534F4 A3=10880A A4=100700 A5=108000 A6=10BA1E PC=485A -- 00485A: move.w  A4, (-$2,A1)
D0=F006A D1=0 D2=108100 D3=0 D4=10404980 D5=80410101 D6=FFFF D7=100700 A0=95200 A1=10890E A2=534F4 A3=10880A A4=100700 A5=108000 A6=10BA1E PC=485E -- 00485E: rts
D0=F006A D1=0 D2=108100 D3=0 D4=10404980 D5=80410101 D6=FFFF D7=100700 A0=95200 A1=10890E A2=534F4 A3=10880A A4=100700 A5=108000 A6=10BA1E PC=32B3C -- 032B3C: move.l  A4, D7
D0=F006A D1=0 D2=108100 D3=0 D4=10404980 D5=80410101 D6=FFFF D7=100700 A0=95200 A1=10890E A2=534F4 A3=10880A A4=100700 A5=108000 A6=10BA1E PC=32B3E -- 032B3E: move.w  ($4,A4), D7
D0=F006A D1=0 D2=108100 D3=0 D4=10404980 D5=80410101 D6=FFFF D7=100900 A0=95200 A1=10890E A2=534F4 A3=10880A A4=100700 A5=108000 A6=10BA1E PC=32B42 -- 032B42: bpl     $32b36
D0=F006A D1=0 D2=108100 D3=0 D4=10404980 D5=80410101 D6=FFFF D7=100900 A0=95200 A1=10890E A2=534F4 A3=10880A A4=100700 A5=108000 A6=10BA1E PC=32B36 -- 032B36: movea.l D7, A4
D0=F006A D1=0 D2=108100 D3=0 D4=10404980 D5=80410101 D6=FFFF D7=100900 A0=95200 A1=10890E A2=534F4 A3=10880A A4=100900 A5=108000 A6=10BA1E PC=32B38 -- 032B38: movea.l (A4), A0
D0=F006A D1=0 D2=108100 D3=0 D4=10404980 D5=80410101 D6=FFFF D7=100900 A0=37CBA A1=10890E A2=534F4 A3=10880A A4=100900 A5=108000 A6=10BA1E PC=32B3A -- 032B3A: jsr     (A0)
D0=F006A D1=0 D2=108100 D3=0 D4=10404980 D5=80410101 D6=FFFF D7=100900 A0=37CBA A1=10890E A2=534F4 A3=10880A A4=100900 A5=108000 A6=10BA1E PC=37CBA -- 037CBA: move.w  ($d0,A4), D0
D0=F0003 D1=0 D2=108100 D3=0 D4=10404980 D5=80410101 D6=FFFF D7=100900 A0=37CBA A1=10890E A2=534F4 A3=10880A A4=100900 A5=108000 A6=10BA1E PC=37CBE -- 037CBE: movea.l ($84,A4), A0
D0=F0003 D1=0 D2=108100 D3=0 D4=10404980 D5=80410101 D6=FFFF D7=100900 A0=108584 A1=10890E A2=534F4 A3=10880A A4=100900 A5=108000 A6=10BA1E PC=37CC2 -- 037CC2: btst    D0, ($cf,A0)
D0=F0003 D1=0 D2=108100 D3=0 D4=10404980 D5=80410101 D6=FFFF D7=100900 A0=108584 A1=10890E A2=534F4 A3=10880A A4=100900 A5=108000 A6=10BA1E PC=37CC6 -- 037CC6: beq     $36eac
D0=F0003 D1=0 D2=108100 D3=0 D4=10404980 D5=80410101 D6=FFFF D7=100900 A0=108584 A1=10890E A2=534F4 A3=10880A A4=100900 A5=108000 A6=10BA1E PC=36EAC -- 036EAC: jsr     $48e6.w
D0=F0003 D1=0 D2=108100 D3=0 D4=10404980 D5=80410101 D6=FFFF D7=100900 A0=108584 A1=10890E A2=534F4 A3=10880A A4=100900 A5=108000 A6=10BA1E PC=48E6 -- 0048E6: move.w  ($70,A4), D0
D0=F001B D1=0 D2=108100 D3=0 D4=10404980 D5=80410101 D6=FFFF D7=100900 A0=108584 A1=10890E A2=534F4 A3=10880A A4=100900 A5=108000 A6=10BA1E PC=48EA -- 0048EA: cmp.b   ($78,A4), D0
D0=F001B D1=0 D2=108100 D3=0 D4=10404980 D5=80410101 D6=FFFF D7=100900 A0=108584 A1=10890E A2=534F4 A3=10880A A4=100900 A5=108000 A6=10BA1E PC=48EE -- 0048EE: bne     $491c
D0=F001B D1=0 D2=108100 D3=0 D4=10404980 D5=80410101 D6=FFFF D7=100900 A0=108584 A1=10890E A2=534F4 A3=10880A A4=100900 A5=108000 A6=10BA1E PC=48F0 -- 0048F0: move.w  ($72,A4), D0
D0=F0036 D1=0 D2=108100 D3=0 D4=10404980 D5=80410101 D6=FFFF D7=100900 A0=108584 A1=10890E A2=534F4 A3=10880A A4=100900 A5=108000 A6=10BA1E PC=48F4 -- 0048F4: cmp.b   ($79,A4), D0
D0=F0036 D1=0 D2=108100 D3=0 D4=10404980 D5=80410101 D6=FFFF D7=100900 A0=108584 A1=10890E A2=534F4 A3=10880A A4=100900 A5=108000 A6=10BA1E PC=48F8 -- 0048F8: bne     $493c
D0=F0036 D1=0 D2=108100 D3=0 D4=10404980 D5=80410101 D6=FFFF D7=100900 A0=108584 A1=10890E A2=534F4 A3=10880A A4=100900 A5=108000 A6=10BA1E PC=48FA -- 0048FA: tst.b   ($77,A4)
D0=F0036 D1=0 D2=108100 D3=0 D4=10404980 D5=80410101 D6=FFFF D7=100900 A0=108584 A1=10890E A2=534F4 A3=10880A A4=100900 A5=108000 A6=10BA1E PC=48FE -- 0048FE: bne     $495c
D0=F0036 D1=0 D2=108100 D3=0 D4=10404980 D5=80410101 D6=FFFF D7=100900 A0=108584 A1=10890E A2=534F4 A3=10880A A4=100900 A5=108000 A6=10BA1E PC=4900 -- 004900: tst.b   ($7a,A4)
D0=F0036 D1=0 D2=108100 D3=0 D4=10404980 D5=80410101 D6=FFFF D7=100900 A0=108584 A1=10890E A2=534F4 A3=10880A A4=100900 A5=108000 A6=10BA1E PC=4904 -- 004904: bmi     $491a
D0=F0036 D1=0 D2=108100 D3=0 D4=10404980 D5=80410101 D6=FFFF D7=100900 A0=108584 A1=10890E A2=534F4 A3=10880A A4=100900 A5=108000 A6=10BA1E PC=491A -- 00491A: rts
D0=F0036 D1=0 D2=108100 D3=0 D4=10404980 D5=80410101 D6=FFFF D7=100900 A0=108584 A1=10890E A2=534F4 A3=10880A A4=100900 A5=108000 A6=10BA1E PC=36EB0 -- 036EB0: jmp     $3e2e.w
D0=F0036 D1=0 D2=108100 D3=0 D4=10404980 D5=80410101 D6=FFFF D7=100900 A0=108584 A1=10890E A2=534F4 A3=10880A A4=100900 A5=108000 A6=10BA1E PC=3E2E -- 003E2E: tst.w   ($74,A4)
D0=F0036 D1=0 D2=108100 D3=0 D4=10404980 D5=80410101 D6=FFFF D7=100900 A0=108584 A1=10890E A2=534F4 A3=10880A A4=100900 A5=108000 A6=10BA1E PC=3E32 -- 003E32: bmi     $3e80
D0=F0036 D1=0 D2=108100 D3=0 D4=10404980 D5=80410101 D6=FFFF D7=100900 A0=108584 A1=10890E A2=534F4 A3=10880A A4=100900 A5=108000 A6=10BA1E PC=3E34 -- 003E34: btst    #$6, ($7c,A4)
D0=F0036 D1=0 D2=108100 D3=0 D4=10404980 D5=80410101 D6=FFFF D7=100900 A0=108584 A1=10890E A2=534F4 A3=10880A A4=100900 A5=108000 A6=10BA1E PC=3E3A -- 003E3A: bne     $3e78
D0=F0036 D1=0 D2=108100 D3=0 D4=10404980 D5=80410101 D6=FFFF D7=100900 A0=108584 A1=10890E A2=534F4 A3=10880A A4=100900 A5=108000 A6=10BA1E PC=3E3E -- 003E3E: moveq   #$0, D3
D0=F0036 D1=0 D2=108100 D3=0 D4=10404980 D5=80410101 D6=FFFF D7=100900 A0=108584 A1=10890E A2=534F4 A3=10880A A4=100900 A5=108000 A6=10BA1E PC=3E40 -- 003E40: move.b  ($82,A4), D3
D0=F0036 D1=0 D2=108100 D3=0 D4=10404980 D5=80410101 D6=FFFF D7=100900 A0=108584 A1=10890E A2=534F4 A3=10880A A4=100900 A5=108000 A6=10BA1E PC=3E44 -- 003E44: add.w   D3, D3
D0=F0036 D1=0 D2=108100 D3=0 D4=10404980 D5=80410101 D6=FFFF D7=100900 A0=108584 A1=10890E A2=534F4 A3=10880A A4=100900 A5=108000 A6=10BA1E PC=3E46 -- 003E46: add.w   D3, D3
D0=F0036 D1=0 D2=108100 D3=0 D4=10404980 D5=80410101 D6=FFFF D7=100900 A0=108584 A1=10890E A2=534F4 A3=10880A A4=100900 A5=108000 A6=10BA1E PC=3E48 -- 003E48: move.w  ($18,A4), D0
D0=F00F0 D1=0 D2=108100 D3=0 D4=10404980 D5=80410101 D6=FFFF D7=100900 A0=108584 A1=10890E A2=534F4 A3=10880A A4=100900 A5=108000 A6=10BA1E PC=3E4C -- 003E4C: lea     ($104c,A5), A0
D0=F00F0 D1=0 D2=108100 D3=0 D4=10404980 D5=80410101 D6=FFFF D7=100900 A0=10904C A1=10890E A2=534F4 A3=10880A A4=100900 A5=108000 A6=10BA1E PC=3E50 -- 003E50: sub.w   (A0,D3.w), D0
D0=F00F0 D1=0 D2=108100 D3=0 D4=10404980 D5=80410101 D6=FFFF D7=100900 A0=10904C A1=10890E A2=534F4 A3=10880A A4=100900 A5=108000 A6=10BA1E PC=3E54 -- 003E54: addi.w  #$30, D0
D0=F0120 D1=0 D2=108100 D3=0 D4=10404980 D5=80410101 D6=FFFF D7=100900 A0=10904C A1=10890E A2=534F4 A3=10880A A4=100900 A5=108000 A6=10BA1E PC=3E58 -- 003E58: cmpi.w  #$1a0, D0
D0=F0120 D1=0 D2=108100 D3=0 D4=10404980 D5=80410101 D6=FFFF D7=100900 A0=10904C A1=10890E A2=534F4 A3=10880A A4=100900 A5=108000 A6=10BA1E PC=3E5C -- 003E5C: bls     $3e60
D0=F0120 D1=0 D2=108100 D3=0 D4=10404980 D5=80410101 D6=FFFF D7=100900 A0=10904C A1=10890E A2=534F4 A3=10880A A4=100900 A5=108000 A6=10BA1E PC=3E60 -- 003E60: move.w  ($1c,A4), D0
D0=F0068 D1=0 D2=108100 D3=0 D4=10404980 D5=80410101 D6=FFFF D7=100900 A0=10904C A1=10890E A2=534F4 A3=10880A A4=100900 A5=108000 A6=10BA1E PC=3E64 -- 003E64: sub.w   ($20,A4), D0
D0=F0068 D1=0 D2=108100 D3=0 D4=10404980 D5=80410101 D6=FFFF D7=100900 A0=10904C A1=10890E A2=534F4 A3=10880A A4=100900 A5=108000 A6=10BA1E PC=3E68 -- 003E68: lea     ($1058,A5), A0
D0=F0068 D1=0 D2=108100 D3=0 D4=10404980 D5=80410101 D6=FFFF D7=100900 A0=109058 A1=10890E A2=534F4 A3=10880A A4=100900 A5=108000 A6=10BA1E PC=3E6C -- 003E6C: sub.w   (A0,D3.w), D0
D0=F0068 D1=0 D2=108100 D3=0 D4=10404980 D5=80410101 D6=FFFF D7=100900 A0=109058 A1=10890E A2=534F4 A3=10880A A4=100900 A5=108000 A6=10BA1E PC=3E70 -- 003E70: cmpi.w  #$1c0, D0
D0=F0068 D1=0 D2=108100 D3=0 D4=10404980 D5=80410101 D6=FFFF D7=100900 A0=109058 A1=10890E A2=534F4 A3=10880A A4=100900 A5=108000 A6=10BA1E PC=3E74 -- 003E74: bls     $3e78
D0=F0068 D1=0 D2=108100 D3=0 D4=10404980 D5=80410101 D6=FFFF D7=100900 A0=109058 A1=10890E A2=534F4 A3=10880A A4=100900 A5=108000 A6=10BA1E PC=3E78 -- 003E78: bsr     $4860
D0=F0068 D1=0 D2=108100 D3=0 D4=10404980 D5=80410101 D6=FFFF D7=100900 A0=109058 A1=10890E A2=534F4 A3=10880A A4=100900 A5=108000 A6=10BA1E PC=4860 -- 004860: lea     $7bf48.l, A0
D0=F0068 D1=0 D2=108100 D3=0 D4=10404980 D5=80410101 D6=FFFF D7=100900 A0=7BF48 A1=10890E A2=534F4 A3=10880A A4=100900 A5=108000 A6=10BA1E PC=4866 -- 004866: move.w  ($70,A4), D0
D0=F001B D1=0 D2=108100 D3=0 D4=10404980 D5=80410101 D6=FFFF D7=100900 A0=7BF48 A1=10890E A2=534F4 A3=10880A A4=100900 A5=108000 A6=10BA1E PC=486A -- 00486A: add.w   D0, D0
D0=F0036 D1=0 D2=108100 D3=0 D4=10404980 D5=80410101 D6=FFFF D7=100900 A0=7BF48 A1=10890E A2=534F4 A3=10880A A4=100900 A5=108000 A6=10BA1E PC=486C -- 00486C: add.w   D0, D0
D0=F006C D1=0 D2=108100 D3=0 D4=10404980 D5=80410101 D6=FFFF D7=100900 A0=7BF48 A1=10890E A2=534F4 A3=10880A A4=100900 A5=108000 A6=10BA1E PC=486E -- 00486E: movea.l (A0,D0.w), A0
D0=F006C D1=0 D2=108100 D3=0 D4=10404980 D5=80410101 D6=FFFF D7=100900 A0=7F5E0 A1=10890E A2=534F4 A3=10880A A4=100900 A5=108000 A6=10BA1E PC=4872 -- 004872: move.w  ($72,A4), D0
D0=F0036 D1=0 D2=108100 D3=0 D4=10404980 D5=80410101 D6=FFFF D7=100900 A0=7F5E0 A1=10890E A2=534F4 A3=10880A A4=100900 A5=108000 A6=10BA1E PC=4876 -- 004876: add.w   D0, D0
D0=F006C D1=0 D2=108100 D3=0 D4=10404980 D5=80410101 D6=FFFF D7=100900 A0=7F5E0 A1=10890E A2=534F4 A3=10880A A4=100900 A5=108000 A6=10BA1E PC=4878 -- 004878: move.w  (A0,D0.w), D1
D0=F006C D1=3636 D2=108100 D3=0 D4=10404980 D5=80410101 D6=FFFF D7=100900 A0=7F5E0 A1=10890E A2=534F4 A3=10880A A4=100900 A5=108000 A6=10BA1E PC=487C -- 00487C: move.w  D1, ($46de,A5)
D0=F006C D1=3636 D2=108100 D3=0 D4=10404980 D5=80410101 D6=FFFF D7=100900 A0=7F5E0 A1=10890E A2=534F4 A3=10880A A4=100900 A5=108000 A6=10BA1E PC=4880 -- 004880: lea     $80000.l, A0
D0=F006C D1=3636 D2=108100 D3=0 D4=10404980 D5=80410101 D6=FFFF D7=100900 A0=80000 A1=10890E A2=534F4 A3=10880A A4=100900 A5=108000 A6=10BA1E PC=4886 -- 004886: move.w  ($70,A4), D0
D0=F001B D1=3636 D2=108100 D3=0 D4=10404980 D5=80410101 D6=FFFF D7=100900 A0=80000 A1=10890E A2=534F4 A3=10880A A4=100900 A5=108000 A6=10BA1E PC=488A -- 00488A: add.w   D0, D0
D0=F0036 D1=3636 D2=108100 D3=0 D4=10404980 D5=80410101 D6=FFFF D7=100900 A0=80000 A1=10890E A2=534F4 A3=10880A A4=100900 A5=108000 A6=10BA1E PC=488C -- 00488C: add.w   D0, D0
D0=F006C D1=3636 D2=108100 D3=0 D4=10404980 D5=80410101 D6=FFFF D7=100900 A0=80000 A1=10890E A2=534F4 A3=10880A A4=100900 A5=108000 A6=10BA1E PC=488E -- 00488E: movea.l (A0,D0.w), A0
D0=F006C D1=3636 D2=108100 D3=0 D4=10404980 D5=80410101 D6=FFFF D7=100900 A0=86E00 A1=10890E A2=534F4 A3=10880A A4=100900 A5=108000 A6=10BA1E PC=4892 -- 004892: move.w  ($46de,A5), D0
D0=F3636 D1=3636 D2=108100 D3=0 D4=10404980 D5=80410101 D6=FFFF D7=100900 A0=86E00 A1=10890E A2=534F4 A3=10880A A4=100900 A5=108000 A6=10BA1E PC=4896 -- 004896: tst.b   ($46e2,A5)
D0=F3636 D1=3636 D2=108100 D3=0 D4=10404980 D5=80410101 D6=FFFF D7=100900 A0=86E00 A1=10890E A2=534F4 A3=10880A A4=100900 A5=108000 A6=10BA1E PC=489A -- 00489A: beq     $48a0
D0=F3636 D1=3636 D2=108100 D3=0 D4=10404980 D5=80410101 D6=FFFF D7=100900 A0=86E00 A1=10890E A2=534F4 A3=10880A A4=100900 A5=108000 A6=10BA1E PC=48A0 -- 0048A0: andi.w  #$ff, D0
D0=F0036 D1=3636 D2=108100 D3=0 D4=10404980 D5=80410101 D6=FFFF D7=100900 A0=86E00 A1=10890E A2=534F4 A3=10880A A4=100900 A5=108000 A6=10BA1E PC=48A4 -- 0048A4: add.w   D0, D0
D0=F006C D1=3636 D2=108100 D3=0 D4=10404980 D5=80410101 D6=FFFF D7=100900 A0=86E00 A1=10890E A2=534F4 A3=10880A A4=100900 A5=108000 A6=10BA1E PC=48A6 -- 0048A6: add.w   D0, D0
D0=F00D8 D1=3636 D2=108100 D3=0 D4=10404980 D5=80410101 D6=FFFF D7=100900 A0=86E00 A1=10890E A2=534F4 A3=10880A A4=100900 A5=108000 A6=10BA1E PC=48A8 -- 0048A8: movea.l (A0,D0.w), A0
D0=F00D8 D1=3636 D2=108100 D3=0 D4=10404980 D5=80410101 D6=FFFF D7=100900 A0=F3102 A1=10890E A2=534F4 A3=10880A A4=100900 A5=108000 A6=10BA1E PC=48AC -- 0048AC: move.w  ($74,A4), D0
D0=F0000 D1=3636 D2=108100 D3=0 D4=10404980 D5=80410101 D6=FFFF D7=100900 A0=F3102 A1=10890E A2=534F4 A3=10880A A4=100900 A5=108000 A6=10BA1E PC=48B0 -- 0048B0: adda.w  D0, A0
D0=F0000 D1=3636 D2=108100 D3=0 D4=10404980 D5=80410101 D6=FFFF D7=100900 A0=F3102 A1=10890E A2=534F4 A3=10880A A4=100900 A5=108000 A6=10BA1E PC=48B2 -- 0048B2: move.l  (A0), D0
D0=10F10F8 D1=3636 D2=108100 D3=0 D4=10404980 D5=80410101 D6=FFFF D7=100900 A0=F3102 A1=10890E A2=534F4 A3=10880A A4=100900 A5=108000 A6=10BA1E PC=48B4 -- 0048B4: andi.l  #$ffffff, D0
D0=F10F8 D1=3636 D2=108100 D3=0 D4=10404980 D5=80410101 D6=FFFF D7=100900 A0=F3102 A1=10890E A2=534F4 A3=10880A A4=100900 A5=108000 A6=10BA1E PC=48BA -- 0048BA: movea.l D0, A0
D0=F10F8 D1=3636 D2=108100 D3=0 D4=10404980 D5=80410101 D6=FFFF D7=100900 A0=F10F8 A1=10890E A2=534F4 A3=10880A A4=100900 A5=108000 A6=10BA1E PC=48BC -- 0048BC: move.w  ($4,A0), D0
D0=F006F D1=3636 D2=108100 D3=0 D4=10404980 D5=80410101 D6=FFFF D7=100900 A0=F10F8 A1=10890E A2=534F4 A3=10880A A4=100900 A5=108000 A6=10BA1E PC=48C0 -- 0048C0: andi.w  #$1fff, D0
D0=F006F D1=3636 D2=108100 D3=0 D4=10404980 D5=80410101 D6=FFFF D7=100900 A0=F10F8 A1=10890E A2=534F4 A3=10880A A4=100900 A5=108000 A6=10BA1E PC=48C4 -- 0048C4: move.w  D0, ($46e0,A5)
D0=F006F D1=3636 D2=108100 D3=0 D4=10404980 D5=80410101 D6=FFFF D7=100900 A0=F10F8 A1=10890E A2=534F4 A3=10880A A4=100900 A5=108000 A6=10BA1E PC=48C8 -- 0048C8: lea     $80080.l, A0
D0=F006F D1=3636 D2=108100 D3=0 D4=10404980 D5=80410101 D6=FFFF D7=100900 A0=80080 A1=10890E A2=534F4 A3=10880A A4=100900 A5=108000 A6=10BA1E PC=48CE -- 0048CE: move.w  ($70,A4), D1
D0=F006F D1=1B D2=108100 D3=0 D4=10404980 D5=80410101 D6=FFFF D7=100900 A0=80080 A1=10890E A2=534F4 A3=10880A A4=100900 A5=108000 A6=10BA1E PC=48D2 -- 0048D2: add.w   D1, D1
D0=F006F D1=36 D2=108100 D3=0 D4=10404980 D5=80410101 D6=FFFF D7=100900 A0=80080 A1=10890E A2=534F4 A3=10880A A4=100900 A5=108000 A6=10BA1E PC=48D4 -- 0048D4: add.w   D1, D1
D0=F006F D1=6C D2=108100 D3=0 D4=10404980 D5=80410101 D6=FFFF D7=100900 A0=80080 A1=10890E A2=534F4 A3=10880A A4=100900 A5=108000 A6=10BA1E PC=48D6 -- 0048D6: movea.l (A0,D1.w), A0
D0=F006F D1=6C D2=108100 D3=0 D4=10404980 D5=80410101 D6=FFFF D7=100900 A0=95200 A1=10890E A2=534F4 A3=10880A A4=100900 A5=108000 A6=10BA1E PC=48DA -- 0048DA: add.w   D0, D0
D0=F00DE D1=6C D2=108100 D3=0 D4=10404980 D5=80410101 D6=FFFF D7=100900 A0=95200 A1=10890E A2=534F4 A3=10880A A4=100900 A5=108000 A6=10BA1E PC=48DC -- 0048DC: add.w   D0, D0
D0=F01BC D1=6C D2=108100 D3=0 D4=10404980 D5=80410101 D6=FFFF D7=100900 A0=95200 A1=10890E A2=534F4 A3=10880A A4=100900 A5=108000 A6=10BA1E PC=48DE -- 0048DE: move.l  (A0,D0.w), ($28,A4)
D0=F01BC D1=6C D2=108100 D3=0 D4=10404980 D5=80410101 D6=FFFF D7=100900 A0=95200 A1=10890E A2=534F4 A3=10880A A4=100900 A5=108000 A6=10BA1E PC=48E4 -- 0048E4: rts
D0=F01BC D1=6C D2=108100 D3=0 D4=10404980 D5=80410101 D6=FFFF D7=100900 A0=95200 A1=10890E A2=534F4 A3=10880A A4=100900 A5=108000 A6=10BA1E PC=3E7C -- 003E7C: bra     $481a
D0=F01BC D1=6C D2=108100 D3=0 D4=10404980 D5=80410101 D6=FFFF D7=100900 A0=95200 A1=10890E A2=534F4 A3=10880A A4=100900 A5=108000 A6=10BA1E PC=481A -- 00481A: addq.w  #1, ($e3a,A5)
D0=F01BC D1=6C D2=108100 D3=0 D4=10404980 D5=80410101 D6=FFFF D7=100900 A0=95200 A1=10890E A2=534F4 A3=10880A A4=100900 A5=108000 A6=10BA1E PC=481E -- 00481E: lea     ($838,A5), A1
D0=F01BC D1=6C D2=108100 D3=0 D4=10404980 D5=80410101 D6=FFFF D7=100900 A0=95200 A1=108838 A2=534F4 A3=10880A A4=100900 A5=108000 A6=10BA1E PC=4822 -- 004822: move.w  ($2c,A4), D0
D0=F0069 D1=6C D2=108100 D3=0 D4=10404980 D5=80410101 D6=FFFF D7=100900 A0=95200 A1=108838 A2=534F4 A3=10880A A4=100900 A5=108000 A6=10BA1E PC=4826 -- 004826: move.w  D0, D1
D0=F0069 D1=69 D2=108100 D3=0 D4=10404980 D5=80410101 D6=FFFF D7=100900 A0=95200 A1=108838 A2=534F4 A3=10880A A4=100900 A5=108000 A6=10BA1E PC=4828 -- 004828: add.w   D1, D1
D0=F0069 D1=D2 D2=108100 D3=0 D4=10404980 D5=80410101 D6=FFFF D7=100900 A0=95200 A1=108838 A2=534F4 A3=10880A A4=100900 A5=108000 A6=10BA1E PC=482A -- 00482A: adda.w  D1, A1
D0=F0069 D1=D2 D2=108100 D3=0 D4=10404980 D5=80410101 D6=FFFF D7=100900 A0=95200 A1=10890A A2=534F4 A3=10880A A4=100900 A5=108000 A6=10BA1E PC=482C -- 00482C: cmp.w   ($e38,A5), D1
D0=F0069 D1=D2 D2=108100 D3=0 D4=10404980 D5=80410101 D6=FFFF D7=100900 A0=95200 A1=10890A A2=534F4 A3=10880A A4=100900 A5=108000 A6=10BA1E PC=4830 -- 004830: bhi     $4836
D0=F0069 D1=D2 D2=108100 D3=0 D4=10404980 D5=80410101 D6=FFFF D7=100900 A0=95200 A1=10890A A2=534F4 A3=10880A A4=100900 A5=108000 A6=10BA1E PC=4832 -- 004832: move.w  D1, ($e38,A5)
D0=F0069 D1=D2 D2=108100 D3=0 D4=10404980 D5=80410101 D6=FFFF D7=100900 A0=95200 A1=10890A A2=534F4 A3=10880A A4=100900 A5=108000 A6=10BA1E PC=4836 -- 004836: move.w  (A1)+, D1
D0=F0069 D1=0 D2=108100 D3=0 D4=10404980 D5=80410101 D6=FFFF D7=100900 A0=95200 A1=10890C A2=534F4 A3=10880A A4=100900 A5=108000 A6=10BA1E PC=4838 -- 004838: beq     $485a
D0=F0069 D1=0 D2=108100 D3=0 D4=10404980 D5=80410101 D6=FFFF D7=100900 A0=95200 A1=10890C A2=534F4 A3=10880A A4=100900 A5=108000 A6=10BA1E PC=485A -- 00485A: move.w  A4, (-$2,A1)
D0=F0069 D1=0 D2=108100 D3=0 D4=10404980 D5=80410101 D6=FFFF D7=100900 A0=95200 A1=10890C A2=534F4 A3=10880A A4=100900 A5=108000 A6=10BA1E PC=485E -- 00485E: rts
D0=F0069 D1=0 D2=108100 D3=0 D4=10404980 D5=80410101 D6=FFFF D7=100900 A0=95200 A1=10890C A2=534F4 A3=10880A A4=100900 A5=108000 A6=10BA1E PC=32B3C -- 032B3C: move.l  A4, D7
D0=F0069 D1=0 D2=108100 D3=0 D4=10404980 D5=80410101 D6=FFFF D7=100900 A0=95200 A1=10890C A2=534F4 A3=10880A A4=100900 A5=108000 A6=10BA1E PC=32B3E -- 032B3E: move.w  ($4,A4), D7
D0=F0069 D1=0 D2=108100 D3=0 D4=10404980 D5=80410101 D6=FFFF D7=100B00 A0=95200 A1=10890C A2=534F4 A3=10880A A4=100900 A5=108000 A6=10BA1E PC=32B42 -- 032B42: bpl     $32b36
D0=F0069 D1=0 D2=108100 D3=0 D4=10404980 D5=80410101 D6=FFFF D7=100B00 A0=95200 A1=10890C A2=534F4 A3=10880A A4=100900 A5=108000 A6=10BA1E PC=32B36 -- 032B36: movea.l D7, A4
D0=F0069 D1=0 D2=108100 D3=0 D4=10404980 D5=80410101 D6=FFFF D7=100B00 A0=95200 A1=10890C A2=534F4 A3=10880A A4=100B00 A5=108000 A6=10BA1E PC=32B38 -- 032B38: movea.l (A4), A0
D0=F0069 D1=0 D2=108100 D3=0 D4=10404980 D5=80410101 D6=FFFF D7=100B00 A0=37CBA A1=10890C A2=534F4 A3=10880A A4=100B00 A5=108000 A6=10BA1E PC=32B3A -- 032B3A: jsr     (A0)
D0=F0069 D1=0 D2=108100 D3=0 D4=10404980 D5=80410101 D6=FFFF D7=100B00 A0=37CBA A1=10890C A2=534F4 A3=10880A A4=100B00 A5=108000 A6=10BA1E PC=37CBA -- 037CBA: move.w  ($d0,A4), D0
D0=F0003 D1=0 D2=108100 D3=0 D4=10404980 D5=80410101 D6=FFFF D7=100B00 A0=37CBA A1=10890C A2=534F4 A3=10880A A4=100B00 A5=108000 A6=10BA1E PC=37CBE -- 037CBE: movea.l ($84,A4), A0
D0=F0003 D1=0 D2=108100 D3=0 D4=10404980 D5=80410101 D6=FFFF D7=100B00 A0=108584 A1=10890C A2=534F4 A3=10880A A4=100B00 A5=108000 A6=10BA1E PC=37CC2 -- 037CC2: btst    D0, ($cf,A0)
D0=F0003 D1=0 D2=108100 D3=0 D4=10404980 D5=80410101 D6=FFFF D7=100B00 A0=108584 A1=10890C A2=534F4 A3=10880A A4=100B00 A5=108000 A6=10BA1E PC=37CC6 -- 037CC6: beq     $36eac
D0=F0003 D1=0 D2=108100 D3=0 D4=10404980 D5=80410101 D6=FFFF D7=100B00 A0=108584 A1=10890C A2=534F4 A3=10880A A4=100B00 A5=108000 A6=10BA1E PC=36EAC -- 036EAC: jsr     $48e6.w
D0=F0003 D1=0 D2=108100 D3=0 D4=10404980 D5=80410101 D6=FFFF D7=100B00 A0=108584 A1=10890C A2=534F4 A3=10880A A4=100B00 A5=108000 A6=10BA1E PC=48E6 -- 0048E6: move.w  ($70,A4), D0
D0=F001B D1=0 D2=108100 D3=0 D4=10404980 D5=80410101 D6=FFFF D7=100B00 A0=108584 A1=10890C A2=534F4 A3=10880A A4=100B00 A5=108000 A6=10BA1E PC=48EA -- 0048EA: cmp.b   ($78,A4), D0
D0=F001B D1=0 D2=108100 D3=0 D4=10404980 D5=80410101 D6=FFFF D7=100B00 A0=108584 A1=10890C A2=534F4 A3=10880A A4=100B00 A5=108000 A6=10BA1E PC=48EE -- 0048EE: bne     $491c
D0=F001B D1=0 D2=108100 D3=0 D4=10404980 D5=80410101 D6=FFFF D7=100B00 A0=108584 A1=10890C A2=534F4 A3=10880A A4=100B00 A5=108000 A6=10BA1E PC=48F0 -- 0048F0: move.w  ($72,A4), D0
D0=F0035 D1=0 D2=108100 D3=0 D4=10404980 D5=80410101 D6=FFFF D7=100B00 A0=108584 A1=10890C A2=534F4 A3=10880A A4=100B00 A5=108000 A6=10BA1E PC=48F4 -- 0048F4: cmp.b   ($79,A4), D0
D0=F0035 D1=0 D2=108100 D3=0 D4=10404980 D5=80410101 D6=FFFF D7=100B00 A0=108584 A1=10890C A2=534F4 A3=10880A A4=100B00 A5=108000 A6=10BA1E PC=48F8 -- 0048F8: bne     $493c
D0=F0035 D1=0 D2=108100 D3=0 D4=10404980 D5=80410101 D6=FFFF D7=100B00 A0=108584 A1=10890C A2=534F4 A3=10880A A4=100B00 A5=108000 A6=10BA1E PC=48FA -- 0048FA: tst.b   ($77,A4)
D0=F0035 D1=0 D2=108100 D3=0 D4=10404980 D5=80410101 D6=FFFF D7=100B00 A0=108584 A1=10890C A2=534F4 A3=10880A A4=100B00 A5=108000 A6=10BA1E PC=48FE -- 0048FE: bne     $495c
D0=F0035 D1=0 D2=108100 D3=0 D4=10404980 D5=80410101 D6=FFFF D7=100B00 A0=108584 A1=10890C A2=534F4 A3=10880A A4=100B00 A5=108000 A6=10BA1E PC=4900 -- 004900: tst.b   ($7a,A4)
D0=F0035 D1=0 D2=108100 D3=0 D4=10404980 D5=80410101 D6=FFFF D7=100B00 A0=108584 A1=10890C A2=534F4 A3=10880A A4=100B00 A5=108000 A6=10BA1E PC=4904 -- 004904: bmi     $491a
D0=F0035 D1=0 D2=108100 D3=0 D4=10404980 D5=80410101 D6=FFFF D7=100B00 A0=108584 A1=10890C A2=534F4 A3=10880A A4=100B00 A5=108000 A6=10BA1E PC=491A -- 00491A: rts
D0=F0035 D1=0 D2=108100 D3=0 D4=10404980 D5=80410101 D6=FFFF D7=100B00 A0=108584 A1=10890C A2=534F4 A3=10880A A4=100B00 A5=108000 A6=10BA1E PC=36EB0 -- 036EB0: jmp     $3e2e.w
D0=F0035 D1=0 D2=108100 D3=0 D4=10404980 D5=80410101 D6=FFFF D7=100B00 A0=108584 A1=10890C A2=534F4 A3=10880A A4=100B00 A5=108000 A6=10BA1E PC=3E2E -- 003E2E: tst.w   ($74,A4)
D0=F0035 D1=0 D2=108100 D3=0 D4=10404980 D5=80410101 D6=FFFF D7=100B00 A0=108584 A1=10890C A2=534F4 A3=10880A A4=100B00 A5=108000 A6=10BA1E PC=3E32 -- 003E32: bmi     $3e80
D0=F0035 D1=0 D2=108100 D3=0 D4=10404980 D5=80410101 D6=FFFF D7=100B00 A0=108584 A1=10890C A2=534F4 A3=10880A A4=100B00 A5=108000 A6=10BA1E PC=3E34 -- 003E34: btst    #$6, ($7c,A4)
D0=F0035 D1=0 D2=108100 D3=0 D4=10404980 D5=80410101 D6=FFFF D7=100B00 A0=108584 A1=10890C A2=534F4 A3=10880A A4=100B00 A5=108000 A6=10BA1E PC=3E3A -- 003E3A: bne     $3e78
D0=F0035 D1=0 D2=108100 D3=0 D4=10404980 D5=80410101 D6=FFFF D7=100B00 A0=108584 A1=10890C A2=534F4 A3=10880A A4=100B00 A5=108000 A6=10BA1E PC=3E3E -- 003E3E: moveq   #$0, D3
D0=F0035 D1=0 D2=108100 D3=0 D4=10404980 D5=80410101 D6=FFFF D7=100B00 A0=108584 A1=10890C A2=534F4 A3=10880A A4=100B00 A5=108000 A6=10BA1E PC=3E40 -- 003E40: move.b  ($82,A4), D3
D0=F0035 D1=0 D2=108100 D3=0 D4=10404980 D5=80410101 D6=FFFF D7=100B00 A0=108584 A1=10890C A2=534F4 A3=10880A A4=100B00 A5=108000 A6=10BA1E PC=3E44 -- 003E44: add.w   D3, D3
D0=F0035 D1=0 D2=108100 D3=0 D4=10404980 D5=80410101 D6=FFFF D7=100B00 A0=108584 A1=10890C A2=534F4 A3=10880A A4=100B00 A5=108000 A6=10BA1E PC=3E46 -- 003E46: add.w   D3, D3
D0=F0035 D1=0 D2=108100 D3=0 D4=10404980 D5=80410101 D6=FFFF D7=100B00 A0=108584 A1=10890C A2=534F4 A3=10880A A4=100B00 A5=108000 A6=10BA1E PC=3E48 -- 003E48: move.w  ($18,A4), D0
D0=F0090 D1=0 D2=108100 D3=0 D4=10404980 D5=80410101 D6=FFFF D7=100B00 A0=108584 A1=10890C A2=534F4 A3=10880A A4=100B00 A5=108000 A6=10BA1E PC=3E4C -- 003E4C: lea     ($104c,A5), A0
D0=F0090 D1=0 D2=108100 D3=0 D4=10404980 D5=80410101 D6=FFFF D7=100B00 A0=10904C A1=10890C A2=534F4 A3=10880A A4=100B00 A5=108000 A6=10BA1E PC=3E50 -- 003E50: sub.w   (A0,D3.w), D0
D0=F0090 D1=0 D2=108100 D3=0 D4=10404980 D5=80410101 D6=FFFF D7=100B00 A0=10904C A1=10890C A2=534F4 A3=10880A A4=100B00 A5=108000 A6=10BA1E PC=3E54 -- 003E54: addi.w  #$30, D0
D0=F00C0 D1=0 D2=108100 D3=0 D4=10404980 D5=80410101 D6=FFFF D7=100B00 A0=10904C A1=10890C A2=534F4 A3=10880A A4=100B00 A5=108000 A6=10BA1E PC=3E58 -- 003E58: cmpi.w  #$1a0, D0
D0=F00C0 D1=0 D2=108100 D3=0 D4=10404980 D5=80410101 D6=FFFF D7=100B00 A0=10904C A1=10890C A2=534F4 A3=10880A A4=100B00 A5=108000 A6=10BA1E PC=3E5C -- 003E5C: bls     $3e60
D0=F00C0 D1=0 D2=108100 D3=0 D4=10404980 D5=80410101 D6=FFFF D7=100B00 A0=10904C A1=10890C A2=534F4 A3=10880A A4=100B00 A5=108000 A6=10BA1E PC=3E60 -- 003E60: move.w  ($1c,A4), D0
D0=F0070 D1=0 D2=108100 D3=0 D4=10404980 D5=80410101 D6=FFFF D7=100B00 A0=10904C A1=10890C A2=534F4 A3=10880A A4=100B00 A5=108000 A6=10BA1E PC=3E64 -- 003E64: sub.w   ($20,A4), D0
D0=F0070 D1=0 D2=108100 D3=0 D4=10404980 D5=80410101 D6=FFFF D7=100B00 A0=10904C A1=10890C A2=534F4 A3=10880A A4=100B00 A5=108000 A6=10BA1E PC=3E68 -- 003E68: lea     ($1058,A5), A0
D0=F0070 D1=0 D2=108100 D3=0 D4=10404980 D5=80410101 D6=FFFF D7=100B00 A0=109058 A1=10890C A2=534F4 A3=10880A A4=100B00 A5=108000 A6=10BA1E PC=3E6C -- 003E6C: sub.w   (A0,D3.w), D0
D0=F0070 D1=0 D2=108100 D3=0 D4=10404980 D5=80410101 D6=FFFF D7=100B00 A0=109058 A1=10890C A2=534F4 A3=10880A A4=100B00 A5=108000 A6=10BA1E PC=3E70 -- 003E70: cmpi.w  #$1c0, D0
D0=F0070 D1=0 D2=108100 D3=0 D4=10404980 D5=80410101 D6=FFFF D7=100B00 A0=109058 A1=10890C A2=534F4 A3=10880A A4=100B00 A5=108000 A6=10BA1E PC=3E74 -- 003E74: bls     $3e78
D0=F0070 D1=0 D2=108100 D3=0 D4=10404980 D5=80410101 D6=FFFF D7=100B00 A0=109058 A1=10890C A2=534F4 A3=10880A A4=100B00 A5=108000 A6=10BA1E PC=3E78 -- 003E78: bsr     $4860
D0=F0070 D1=0 D2=108100 D3=0 D4=10404980 D5=80410101 D6=FFFF D7=100B00 A0=109058 A1=10890C A2=534F4 A3=10880A A4=100B00 A5=108000 A6=10BA1E PC=4860 -- 004860: lea     $7bf48.l, A0
D0=F0070 D1=0 D2=108100 D3=0 D4=10404980 D5=80410101 D6=FFFF D7=100B00 A0=7BF48 A1=10890C A2=534F4 A3=10880A A4=100B00 A5=108000 A6=10BA1E PC=4866 -- 004866: move.w  ($70,A4), D0
D0=F001B D1=0 D2=108100 D3=0 D4=10404980 D5=80410101 D6=FFFF D7=100B00 A0=7BF48 A1=10890C A2=534F4 A3=10880A A4=100B00 A5=108000 A6=10BA1E PC=486A -- 00486A: add.w   D0, D0
D0=F0036 D1=0 D2=108100 D3=0 D4=10404980 D5=80410101 D6=FFFF D7=100B00 A0=7BF48 A1=10890C A2=534F4 A3=10880A A4=100B00 A5=108000 A6=10BA1E PC=486C -- 00486C: add.w   D0, D0
D0=F006C D1=0 D2=108100 D3=0 D4=10404980 D5=80410101 D6=FFFF D7=100B00 A0=7BF48 A1=10890C A2=534F4 A3=10880A A4=100B00 A5=108000 A6=10BA1E PC=486E -- 00486E: movea.l (A0,D0.w), A0
D0=F006C D1=0 D2=108100 D3=0 D4=10404980 D5=80410101 D6=FFFF D7=100B00 A0=7F5E0 A1=10890C A2=534F4 A3=10880A A4=100B00 A5=108000 A6=10BA1E PC=4872 -- 004872: move.w  ($72,A4), D0
D0=F0035 D1=0 D2=108100 D3=0 D4=10404980 D5=80410101 D6=FFFF D7=100B00 A0=7F5E0 A1=10890C A2=534F4 A3=10880A A4=100B00 A5=108000 A6=10BA1E PC=4876 -- 004876: add.w   D0, D0
D0=F006A D1=0 D2=108100 D3=0 D4=10404980 D5=80410101 D6=FFFF D7=100B00 A0=7F5E0 A1=10890C A2=534F4 A3=10880A A4=100B00 A5=108000 A6=10BA1E PC=4878 -- 004878: move.w  (A0,D0.w), D1
D0=F006A D1=3535 D2=108100 D3=0 D4=10404980 D5=80410101 D6=FFFF D7=100B00 A0=7F5E0 A1=10890C A2=534F4 A3=10880A A4=100B00 A5=108000 A6=10BA1E PC=487C -- 00487C: move.w  D1, ($46de,A5)
D0=F006A D1=3535 D2=108100 D3=0 D4=10404980 D5=80410101 D6=FFFF D7=100B00 A0=7F5E0 A1=10890C A2=534F4 A3=10880A A4=100B00 A5=108000 A6=10BA1E PC=4880 -- 004880: lea     $80000.l, A0
D0=F006A D1=3535 D2=108100 D3=0 D4=10404980 D5=80410101 D6=FFFF D7=100B00 A0=80000 A1=10890C A2=534F4 A3=10880A A4=100B00 A5=108000 A6=10BA1E PC=4886 -- 004886: move.w  ($70,A4), D0
D0=F001B D1=3535 D2=108100 D3=0 D4=10404980 D5=80410101 D6=FFFF D7=100B00 A0=80000 A1=10890C A2=534F4 A3=10880A A4=100B00 A5=108000 A6=10BA1E PC=488A -- 00488A: add.w   D0, D0
D0=F0036 D1=3535 D2=108100 D3=0 D4=10404980 D5=80410101 D6=FFFF D7=100B00 A0=80000 A1=10890C A2=534F4 A3=10880A A4=100B00 A5=108000 A6=10BA1E PC=488C -- 00488C: add.w   D0, D0
D0=F006C D1=3535 D2=108100 D3=0 D4=10404980 D5=80410101 D6=FFFF D7=100B00 A0=80000 A1=10890C A2=534F4 A3=10880A A4=100B00 A5=108000 A6=10BA1E PC=488E -- 00488E: movea.l (A0,D0.w), A0
D0=F006C D1=3535 D2=108100 D3=0 D4=10404980 D5=80410101 D6=FFFF D7=100B00 A0=86E00 A1=10890C A2=534F4 A3=10880A A4=100B00 A5=108000 A6=10BA1E PC=4892 -- 004892: move.w  ($46de,A5), D0
D0=F3535 D1=3535 D2=108100 D3=0 D4=10404980 D5=80410101 D6=FFFF D7=100B00 A0=86E00 A1=10890C A2=534F4 A3=10880A A4=100B00 A5=108000 A6=10BA1E PC=4896 -- 004896: tst.b   ($46e2,A5)
D0=F3535 D1=3535 D2=108100 D3=0 D4=10404980 D5=80410101 D6=FFFF D7=100B00 A0=86E00 A1=10890C A2=534F4 A3=10880A A4=100B00 A5=108000 A6=10BA1E PC=489A -- 00489A: beq     $48a0
D0=F3535 D1=3535 D2=108100 D3=0 D4=10404980 D5=80410101 D6=FFFF D7=100B00 A0=86E00 A1=10890C A2=534F4 A3=10880A A4=100B00 A5=108000 A6=10BA1E PC=48A0 -- 0048A0: andi.w  #$ff, D0
D0=F0035 D1=3535 D2=108100 D3=0 D4=10404980 D5=80410101 D6=FFFF D7=100B00 A0=86E00 A1=10890C A2=534F4 A3=10880A A4=100B00 A5=108000 A6=10BA1E PC=48A4 -- 0048A4: add.w   D0, D0
D0=F006A D1=3535 D2=108100 D3=0 D4=10404980 D5=80410101 D6=FFFF D7=100B00 A0=86E00 A1=10890C A2=534F4 A3=10880A A4=100B00 A5=108000 A6=10BA1E PC=48A6 -- 0048A6: add.w   D0, D0
D0=F00D4 D1=3535 D2=108100 D3=0 D4=10404980 D5=80410101 D6=FFFF D7=100B00 A0=86E00 A1=10890C A2=534F4 A3=10880A A4=100B00 A5=108000 A6=10BA1E PC=48A8 -- 0048A8: movea.l (A0,D0.w), A0
D0=F00D4 D1=3535 D2=108100 D3=0 D4=10404980 D5=80410101 D6=FFFF D7=100B00 A0=F30FA A1=10890C A2=534F4 A3=10880A A4=100B00 A5=108000 A6=10BA1E PC=48AC -- 0048AC: move.w  ($74,A4), D0
D0=F0000 D1=3535 D2=108100 D3=0 D4=10404980 D5=80410101 D6=FFFF D7=100B00 A0=F30FA A1=10890C A2=534F4 A3=10880A A4=100B00 A5=108000 A6=10BA1E PC=48B0 -- 0048B0: adda.w  D0, A0
D0=F0000 D1=3535 D2=108100 D3=0 D4=10404980 D5=80410101 D6=FFFF D7=100B00 A0=F30FA A1=10890C A2=534F4 A3=10880A A4=100B00 A5=108000 A6=10BA1E PC=48B2 -- 0048B2: move.l  (A0), D0
D0=10F10F2 D1=3535 D2=108100 D3=0 D4=10404980 D5=80410101 D6=FFFF D7=100B00 A0=F30FA A1=10890C A2=534F4 A3=10880A A4=100B00 A5=108000 A6=10BA1E PC=48B4 -- 0048B4: andi.l  #$ffffff, D0
D0=F10F2 D1=3535 D2=108100 D3=0 D4=10404980 D5=80410101 D6=FFFF D7=100B00 A0=F30FA A1=10890C A2=534F4 A3=10880A A4=100B00 A5=108000 A6=10BA1E PC=48BA -- 0048BA: movea.l D0, A0
D0=F10F2 D1=3535 D2=108100 D3=0 D4=10404980 D5=80410101 D6=FFFF D7=100B00 A0=F10F2 A1=10890C A2=534F4 A3=10880A A4=100B00 A5=108000 A6=10BA1E PC=48BC -- 0048BC: move.w  ($4,A0), D0
D0=F006E D1=3535 D2=108100 D3=0 D4=10404980 D5=80410101 D6=FFFF D7=100B00 A0=F10F2 A1=10890C A2=534F4 A3=10880A A4=100B00 A5=108000 A6=10BA1E PC=48C0 -- 0048C0: andi.w  #$1fff, D0
D0=F006E D1=3535 D2=108100 D3=0 D4=10404980 D5=80410101 D6=FFFF D7=100B00 A0=F10F2 A1=10890C A2=534F4 A3=10880A A4=100B00 A5=108000 A6=10BA1E PC=48C4 -- 0048C4: move.w  D0, ($46e0,A5)
D0=F006E D1=3535 D2=108100 D3=0 D4=10404980 D5=80410101 D6=FFFF D7=100B00 A0=F10F2 A1=10890C A2=534F4 A3=10880A A4=100B00 A5=108000 A6=10BA1E PC=48C8 -- 0048C8: lea     $80080.l, A0
D0=F006E D1=3535 D2=108100 D3=0 D4=10404980 D5=80410101 D6=FFFF D7=100B00 A0=80080 A1=10890C A2=534F4 A3=10880A A4=100B00 A5=108000 A6=10BA1E PC=48CE -- 0048CE: move.w  ($70,A4), D1
D0=F006E D1=1B D2=108100 D3=0 D4=10404980 D5=80410101 D6=FFFF D7=100B00 A0=80080 A1=10890C A2=534F4 A3=10880A A4=100B00 A5=108000 A6=10BA1E PC=48D2 -- 0048D2: add.w   D1, D1
D0=F006E D1=36 D2=108100 D3=0 D4=10404980 D5=80410101 D6=FFFF D7=100B00 A0=80080 A1=10890C A2=534F4 A3=10880A A4=100B00 A5=108000 A6=10BA1E PC=48D4 -- 0048D4: add.w   D1, D1
D0=F006E D1=6C D2=108100 D3=0 D4=10404980 D5=80410101 D6=FFFF D7=100B00 A0=80080 A1=10890C A2=534F4 A3=10880A A4=100B00 A5=108000 A6=10BA1E PC=48D6 -- 0048D6: movea.l (A0,D1.w), A0
D0=F006E D1=6C D2=108100 D3=0 D4=10404980 D5=80410101 D6=FFFF D7=100B00 A0=95200 A1=10890C A2=534F4 A3=10880A A4=100B00 A5=108000 A6=10BA1E PC=48DA -- 0048DA: add.w   D0, D0
D0=F00DC D1=6C D2=108100 D3=0 D4=10404980 D5=80410101 D6=FFFF D7=100B00 A0=95200 A1=10890C A2=534F4 A3=10880A A4=100B00 A5=108000 A6=10BA1E PC=48DC -- 0048DC: add.w   D0, D0
D0=F01B8 D1=6C D2=108100 D3=0 D4=10404980 D5=80410101 D6=FFFF D7=100B00 A0=95200 A1=10890C A2=534F4 A3=10880A A4=100B00 A5=108000 A6=10BA1E PC=48DE -- 0048DE: move.l  (A0,D0.w), ($28,A4)
D0=F01B8 D1=6C D2=108100 D3=0 D4=10404980 D5=80410101 D6=FFFF D7=100B00 A0=95200 A1=10890C A2=534F4 A3=10880A A4=100B00 A5=108000 A6=10BA1E PC=48E4 -- 0048E4: rts
D0=F01B8 D1=6C D2=108100 D3=0 D4=10404980 D5=80410101 D6=FFFF D7=100B00 A0=95200 A1=10890C A2=534F4 A3=10880A A4=100B00 A5=108000 A6=10BA1E PC=3E7C -- 003E7C: bra     $481a
D0=F01B8 D1=6C D2=108100 D3=0 D4=10404980 D5=80410101 D6=FFFF D7=100B00 A0=95200 A1=10890C A2=534F4 A3=10880A A4=100B00 A5=108000 A6=10BA1E PC=481A -- 00481A: addq.w  #1, ($e3a,A5)
D0=F01B8 D1=6C D2=108100 D3=0 D4=10404980 D5=80410101 D6=FFFF D7=100B00 A0=95200 A1=10890C A2=534F4 A3=10880A A4=100B00 A5=108000 A6=10BA1E PC=481E -- 00481E: lea     ($838,A5), A1
D0=F01B8 D1=6C D2=108100 D3=0 D4=10404980 D5=80410101 D6=FFFF D7=100B00 A0=95200 A1=108838 A2=534F4 A3=10880A A4=100B00 A5=108000 A6=10BA1E PC=4822 -- 004822: move.w  ($2c,A4), D0
D0=F0068 D1=6C D2=108100 D3=0 D4=10404980 D5=80410101 D6=FFFF D7=100B00 A0=95200 A1=108838 A2=534F4 A3=10880A A4=100B00 A5=108000 A6=10BA1E PC=4826 -- 004826: move.w  D0, D1
D0=F0068 D1=68 D2=108100 D3=0 D4=10404980 D5=80410101 D6=FFFF D7=100B00 A0=95200 A1=108838 A2=534F4 A3=10880A A4=100B00 A5=108000 A6=10BA1E PC=4828 -- 004828: add.w   D1, D1
D0=F0068 D1=D0 D2=108100 D3=0 D4=10404980 D5=80410101 D6=FFFF D7=100B00 A0=95200 A1=108838 A2=534F4 A3=10880A A4=100B00 A5=108000 A6=10BA1E PC=482A -- 00482A: adda.w  D1, A1
D0=F0068 D1=D0 D2=108100 D3=0 D4=10404980 D5=80410101 D6=FFFF D7=100B00 A0=95200 A1=108908 A2=534F4 A3=10880A A4=100B00 A5=108000 A6=10BA1E PC=482C -- 00482C: cmp.w   ($e38,A5), D1
D0=F0068 D1=D0 D2=108100 D3=0 D4=10404980 D5=80410101 D6=FFFF D7=100B00 A0=95200 A1=108908 A2=534F4 A3=10880A A4=100B00 A5=108000 A6=10BA1E PC=4830 -- 004830: bhi     $4836
D0=F0068 D1=D0 D2=108100 D3=0 D4=10404980 D5=80410101 D6=FFFF D7=100B00 A0=95200 A1=108908 A2=534F4 A3=10880A A4=100B00 A5=108000 A6=10BA1E PC=4832 -- 004832: move.w  D1, ($e38,A5)
D0=F0068 D1=D0 D2=108100 D3=0 D4=10404980 D5=80410101 D6=FFFF D7=100B00 A0=95200 A1=108908 A2=534F4 A3=10880A A4=100B00 A5=108000 A6=10BA1E PC=4836 -- 004836: move.w  (A1)+, D1
D0=F0068 D1=0 D2=108100 D3=0 D4=10404980 D5=80410101 D6=FFFF D7=100B00 A0=95200 A1=10890A A2=534F4 A3=10880A A4=100B00 A5=108000 A6=10BA1E PC=4838 -- 004838: beq     $485a
D0=F0068 D1=0 D2=108100 D3=0 D4=10404980 D5=80410101 D6=FFFF D7=100B00 A0=95200 A1=10890A A2=534F4 A3=10880A A4=100B00 A5=108000 A6=10BA1E PC=485A -- 00485A: move.w  A4, (-$2,A1)
D0=F0068 D1=0 D2=108100 D3=0 D4=10404980 D5=80410101 D6=FFFF D7=100B00 A0=95200 A1=10890A A2=534F4 A3=10880A A4=100B00 A5=108000 A6=10BA1E PC=485E -- 00485E: rts
D0=F0068 D1=0 D2=108100 D3=0 D4=10404980 D5=80410101 D6=FFFF D7=100B00 A0=95200 A1=10890A A2=534F4 A3=10880A A4=100B00 A5=108000 A6=10BA1E PC=32B3C -- 032B3C: move.l  A4, D7
D0=F0068 D1=0 D2=108100 D3=0 D4=10404980 D5=80410101 D6=FFFF D7=100B00 A0=95200 A1=10890A A2=534F4 A3=10880A A4=100B00 A5=108000 A6=10BA1E PC=32B3E -- 032B3E: move.w  ($4,A4), D7
D0=F0068 D1=0 D2=108100 D3=0 D4=10404980 D5=80410101 D6=FFFF D7=100D00 A0=95200 A1=10890A A2=534F4 A3=10880A A4=100B00 A5=108000 A6=10BA1E PC=32B42 -- 032B42: bpl     $32b36
D0=F0068 D1=0 D2=108100 D3=0 D4=10404980 D5=80410101 D6=FFFF D7=100D00 A0=95200 A1=10890A A2=534F4 A3=10880A A4=100B00 A5=108000 A6=10BA1E PC=32B36 -- 032B36: movea.l D7, A4
D0=F0068 D1=0 D2=108100 D3=0 D4=10404980 D5=80410101 D6=FFFF D7=100D00 A0=95200 A1=10890A A2=534F4 A3=10880A A4=100D00 A5=108000 A6=10BA1E PC=32B38 -- 032B38: movea.l (A4), A0
D0=F0068 D1=0 D2=108100 D3=0 D4=10404980 D5=80410101 D6=FFFF D7=100D00 A0=37CBA A1=10890A A2=534F4 A3=10880A A4=100D00 A5=108000 A6=10BA1E PC=32B3A -- 032B3A: jsr     (A0)
D0=F0068 D1=0 D2=108100 D3=0 D4=10404980 D5=80410101 D6=FFFF D7=100D00 A0=37CBA A1=10890A A2=534F4 A3=10880A A4=100D00 A5=108000 A6=10BA1E PC=37CBA -- 037CBA: move.w  ($d0,A4), D0
D0=F0003 D1=0 D2=108100 D3=0 D4=10404980 D5=80410101 D6=FFFF D7=100D00 A0=37CBA A1=10890A A2=534F4 A3=10880A A4=100D00 A5=108000 A6=10BA1E PC=37CBE -- 037CBE: movea.l ($84,A4), A0
D0=F0003 D1=0 D2=108100 D3=0 D4=10404980 D5=80410101 D6=FFFF D7=100D00 A0=108584 A1=10890A A2=534F4 A3=10880A A4=100D00 A5=108000 A6=10BA1E PC=37CC2 -- 037CC2: btst    D0, ($cf,A0)
D0=F0003 D1=0 D2=108100 D3=0 D4=10404980 D5=80410101 D6=FFFF D7=100D00 A0=108584 A1=10890A A2=534F4 A3=10880A A4=100D00 A5=108000 A6=10BA1E PC=37CC6 -- 037CC6: beq     $36eac
D0=F0003 D1=0 D2=108100 D3=0 D4=10404980 D5=80410101 D6=FFFF D7=100D00 A0=108584 A1=10890A A2=534F4 A3=10880A A4=100D00 A5=108000 A6=10BA1E PC=36EAC -- 036EAC: jsr     $48e6.w
D0=F0003 D1=0 D2=108100 D3=0 D4=10404980 D5=80410101 D6=FFFF D7=100D00 A0=108584 A1=10890A A2=534F4 A3=10880A A4=100D00 A5=108000 A6=10BA1E PC=48E6 -- 0048E6: move.w  ($70,A4), D0
D0=F001B D1=0 D2=108100 D3=0 D4=10404980 D5=80410101 D6=FFFF D7=100D00 A0=108584 A1=10890A A2=534F4 A3=10880A A4=100D00 A5=108000 A6=10BA1E PC=48EA -- 0048EA: cmp.b   ($78,A4), D0
D0=F001B D1=0 D2=108100 D3=0 D4=10404980 D5=80410101 D6=FFFF D7=100D00 A0=108584 A1=10890A A2=534F4 A3=10880A A4=100D00 A5=108000 A6=10BA1E PC=48EE -- 0048EE: bne     $491c
D0=F001B D1=0 D2=108100 D3=0 D4=10404980 D5=80410101 D6=FFFF D7=100D00 A0=108584 A1=10890A A2=534F4 A3=10880A A4=100D00 A5=108000 A6=10BA1E PC=48F0 -- 0048F0: move.w  ($72,A4), D0
D0=F0034 D1=0 D2=108100 D3=0 D4=10404980 D5=80410101 D6=FFFF D7=100D00 A0=108584 A1=10890A A2=534F4 A3=10880A A4=100D00 A5=108000 A6=10BA1E PC=48F4 -- 0048F4: cmp.b   ($79,A4), D0
D0=F0034 D1=0 D2=108100 D3=0 D4=10404980 D5=80410101 D6=FFFF D7=100D00 A0=108584 A1=10890A A2=534F4 A3=10880A A4=100D00 A5=108000 A6=10BA1E PC=48F8 -- 0048F8: bne     $493c
D0=F0034 D1=0 D2=108100 D3=0 D4=10404980 D5=80410101 D6=FFFF D7=100D00 A0=108584 A1=10890A A2=534F4 A3=10880A A4=100D00 A5=108000 A6=10BA1E PC=48FA -- 0048FA: tst.b   ($77,A4)
D0=F0034 D1=0 D2=108100 D3=0 D4=10404980 D5=80410101 D6=FFFF D7=100D00 A0=108584 A1=10890A A2=534F4 A3=10880A A4=100D00 A5=108000 A6=10BA1E PC=48FE -- 0048FE: bne     $495c
D0=F0034 D1=0 D2=108100 D3=0 D4=10404980 D5=80410101 D6=FFFF D7=100D00 A0=108584 A1=10890A A2=534F4 A3=10880A A4=100D00 A5=108000 A6=10BA1E PC=4900 -- 004900: tst.b   ($7a,A4)
D0=F0034 D1=0 D2=108100 D3=0 D4=10404980 D5=80410101 D6=FFFF D7=100D00 A0=108584 A1=10890A A2=534F4 A3=10880A A4=100D00 A5=108000 A6=10BA1E PC=4904 -- 004904: bmi     $491a
D0=F0034 D1=0 D2=108100 D3=0 D4=10404980 D5=80410101 D6=FFFF D7=100D00 A0=108584 A1=10890A A2=534F4 A3=10880A A4=100D00 A5=108000 A6=10BA1E PC=491A -- 00491A: rts
D0=F0034 D1=0 D2=108100 D3=0 D4=10404980 D5=80410101 D6=FFFF D7=100D00 A0=108584 A1=10890A A2=534F4 A3=10880A A4=100D00 A5=108000 A6=10BA1E PC=36EB0 -- 036EB0: jmp     $3e2e.w
D0=F0034 D1=0 D2=108100 D3=0 D4=10404980 D5=80410101 D6=FFFF D7=100D00 A0=108584 A1=10890A A2=534F4 A3=10880A A4=100D00 A5=108000 A6=10BA1E PC=3E2E -- 003E2E: tst.w   ($74,A4)
D0=F0034 D1=0 D2=108100 D3=0 D4=10404980 D5=80410101 D6=FFFF D7=100D00 A0=108584 A1=10890A A2=534F4 A3=10880A A4=100D00 A5=108000 A6=10BA1E PC=3E32 -- 003E32: bmi     $3e80
D0=F0034 D1=0 D2=108100 D3=0 D4=10404980 D5=80410101 D6=FFFF D7=100D00 A0=108584 A1=10890A A2=534F4 A3=10880A A4=100D00 A5=108000 A6=10BA1E PC=3E34 -- 003E34: btst    #$6, ($7c,A4)
D0=F0034 D1=0 D2=108100 D3=0 D4=10404980 D5=80410101 D6=FFFF D7=100D00 A0=108584 A1=10890A A2=534F4 A3=10880A A4=100D00 A5=108000 A6=10BA1E PC=3E3A -- 003E3A: bne     $3e78
D0=F0034 D1=0 D2=108100 D3=0 D4=10404980 D5=80410101 D6=FFFF D7=100D00 A0=108584 A1=10890A A2=534F4 A3=10880A A4=100D00 A5=108000 A6=10BA1E PC=3E3E -- 003E3E: moveq   #$0, D3
D0=F0034 D1=0 D2=108100 D3=0 D4=10404980 D5=80410101 D6=FFFF D7=100D00 A0=108584 A1=10890A A2=534F4 A3=10880A A4=100D00 A5=108000 A6=10BA1E PC=3E40 -- 003E40: move.b  ($82,A4), D3
D0=F0034 D1=0 D2=108100 D3=0 D4=10404980 D5=80410101 D6=FFFF D7=100D00 A0=108584 A1=10890A A2=534F4 A3=10880A A4=100D00 A5=108000 A6=10BA1E PC=3E44 -- 003E44: add.w   D3, D3
D0=F0034 D1=0 D2=108100 D3=0 D4=10404980 D5=80410101 D6=FFFF D7=100D00 A0=108584 A1=10890A A2=534F4 A3=10880A A4=100D00 A5=108000 A6=10BA1E PC=3E46 -- 003E46: add.w   D3, D3
D0=F0034 D1=0 D2=108100 D3=0 D4=10404980 D5=80410101 D6=FFFF D7=100D00 A0=108584 A1=10890A A2=534F4 A3=10880A A4=100D00 A5=108000 A6=10BA1E PC=3E48 -- 003E48: move.w  ($18,A4), D0
D0=F0080 D1=0 D2=108100 D3=0 D4=10404980 D5=80410101 D6=FFFF D7=100D00 A0=108584 A1=10890A A2=534F4 A3=10880A A4=100D00 A5=108000 A6=10BA1E PC=3E4C -- 003E4C: lea     ($104c,A5), A0
D0=F0080 D1=0 D2=108100 D3=0 D4=10404980 D5=80410101 D6=FFFF D7=100D00 A0=10904C A1=10890A A2=534F4 A3=10880A A4=100D00 A5=108000 A6=10BA1E PC=3E50 -- 003E50: sub.w   (A0,D3.w), D0
D0=F0080 D1=0 D2=108100 D3=0 D4=10404980 D5=80410101 D6=FFFF D7=100D00 A0=10904C A1=10890A A2=534F4 A3=10880A A4=100D00 A5=108000 A6=10BA1E PC=3E54 -- 003E54: addi.w  #$30, D0
D0=F00B0 D1=0 D2=108100 D3=0 D4=10404980 D5=80410101 D6=FFFF D7=100D00 A0=10904C A1=10890A A2=534F4 A3=10880A A4=100D00 A5=108000 A6=10BA1E PC=3E58 -- 003E58: cmpi.w  #$1a0, D0
D0=F00B0 D1=0 D2=108100 D3=0 D4=10404980 D5=80410101 D6=FFFF D7=100D00 A0=10904C A1=10890A A2=534F4 A3=10880A A4=100D00 A5=108000 A6=10BA1E PC=3E5C -- 003E5C: bls     $3e60
D0=F00B0 D1=0 D2=108100 D3=0 D4=10404980 D5=80410101 D6=FFFF D7=100D00 A0=10904C A1=10890A A2=534F4 A3=10880A A4=100D00 A5=108000 A6=10BA1E PC=3E60 -- 003E60: move.w  ($1c,A4), D0
D0=F0068 D1=0 D2=108100 D3=0 D4=10404980 D5=80410101 D6=FFFF D7=100D00 A0=10904C A1=10890A A2=534F4 A3=10880A A4=100D00 A5=108000 A6=10BA1E PC=3E64 -- 003E64: sub.w   ($20,A4), D0
D0=F0068 D1=0 D2=108100 D3=0 D4=10404980 D5=80410101 D6=FFFF D7=100D00 A0=10904C A1=10890A A2=534F4 A3=10880A A4=100D00 A5=108000 A6=10BA1E PC=3E68 -- 003E68: lea     ($1058,A5), A0
D0=F0068 D1=0 D2=108100 D3=0 D4=10404980 D5=80410101 D6=FFFF D7=100D00 A0=109058 A1=10890A A2=534F4 A3=10880A A4=100D00 A5=108000 A6=10BA1E PC=3E6C -- 003E6C: sub.w   (A0,D3.w), D0
D0=F0068 D1=0 D2=108100 D3=0 D4=10404980 D5=80410101 D6=FFFF D7=100D00 A0=109058 A1=10890A A2=534F4 A3=10880A A4=100D00 A5=108000 A6=10BA1E PC=3E70 -- 003E70: cmpi.w  #$1c0, D0
D0=F0068 D1=0 D2=108100 D3=0 D4=10404980 D5=80410101 D6=FFFF D7=100D00 A0=109058 A1=10890A A2=534F4 A3=10880A A4=100D00 A5=108000 A6=10BA1E PC=3E74 -- 003E74: bls     $3e78
D0=F0068 D1=0 D2=108100 D3=0 D4=10404980 D5=80410101 D6=FFFF D7=100D00 A0=109058 A1=10890A A2=534F4 A3=10880A A4=100D00 A5=108000 A6=10BA1E PC=3E78 -- 003E78: bsr     $4860
D0=F0068 D1=0 D2=108100 D3=0 D4=10404980 D5=80410101 D6=FFFF D7=100D00 A0=109058 A1=10890A A2=534F4 A3=10880A A4=100D00 A5=108000 A6=10BA1E PC=4860 -- 004860: lea     $7bf48.l, A0
D0=F0068 D1=0 D2=108100 D3=0 D4=10404980 D5=80410101 D6=FFFF D7=100D00 A0=7BF48 A1=10890A A2=534F4 A3=10880A A4=100D00 A5=108000 A6=10BA1E PC=4866 -- 004866: move.w  ($70,A4), D0
D0=F001B D1=0 D2=108100 D3=0 D4=10404980 D5=80410101 D6=FFFF D7=100D00 A0=7BF48 A1=10890A A2=534F4 A3=10880A A4=100D00 A5=108000 A6=10BA1E PC=486A -- 00486A: add.w   D0, D0
D0=F0036 D1=0 D2=108100 D3=0 D4=10404980 D5=80410101 D6=FFFF D7=100D00 A0=7BF48 A1=10890A A2=534F4 A3=10880A A4=100D00 A5=108000 A6=10BA1E PC=486C -- 00486C: add.w   D0, D0
D0=F006C D1=0 D2=108100 D3=0 D4=10404980 D5=80410101 D6=FFFF D7=100D00 A0=7BF48 A1=10890A A2=534F4 A3=10880A A4=100D00 A5=108000 A6=10BA1E PC=486E -- 00486E: movea.l (A0,D0.w), A0
D0=F006C D1=0 D2=108100 D3=0 D4=10404980 D5=80410101 D6=FFFF D7=100D00 A0=7F5E0 A1=10890A A2=534F4 A3=10880A A4=100D00 A5=108000 A6=10BA1E PC=4872 -- 004872: move.w  ($72,A4), D0
D0=F0034 D1=0 D2=108100 D3=0 D4=10404980 D5=80410101 D6=FFFF D7=100D00 A0=7F5E0 A1=10890A A2=534F4 A3=10880A A4=100D00 A5=108000 A6=10BA1E PC=4876 -- 004876: add.w   D0, D0
D0=F0068 D1=0 D2=108100 D3=0 D4=10404980 D5=80410101 D6=FFFF D7=100D00 A0=7F5E0 A1=10890A A2=534F4 A3=10880A A4=100D00 A5=108000 A6=10BA1E PC=4878 -- 004878: move.w  (A0,D0.w), D1
D0=F0068 D1=3434 D2=108100 D3=0 D4=10404980 D5=80410101 D6=FFFF D7=100D00 A0=7F5E0 A1=10890A A2=534F4 A3=10880A A4=100D00 A5=108000 A6=10BA1E PC=487C -- 00487C: move.w  D1, ($46de,A5)
D0=F0068 D1=3434 D2=108100 D3=0 D4=10404980 D5=80410101 D6=FFFF D7=100D00 A0=7F5E0 A1=10890A A2=534F4 A3=10880A A4=100D00 A5=108000 A6=10BA1E PC=4880 -- 004880: lea     $80000.l, A0
D0=F0068 D1=3434 D2=108100 D3=0 D4=10404980 D5=80410101 D6=FFFF D7=100D00 A0=80000 A1=10890A A2=534F4 A3=10880A A4=100D00 A5=108000 A6=10BA1E PC=4886 -- 004886: move.w  ($70,A4), D0
D0=F001B D1=3434 D2=108100 D3=0 D4=10404980 D5=80410101 D6=FFFF D7=100D00 A0=80000 A1=10890A A2=534F4 A3=10880A A4=100D00 A5=108000 A6=10BA1E PC=488A -- 00488A: add.w   D0, D0
D0=F0036 D1=3434 D2=108100 D3=0 D4=10404980 D5=80410101 D6=FFFF D7=100D00 A0=80000 A1=10890A A2=534F4 A3=10880A A4=100D00 A5=108000 A6=10BA1E PC=488C -- 00488C: add.w   D0, D0
D0=F006C D1=3434 D2=108100 D3=0 D4=10404980 D5=80410101 D6=FFFF D7=100D00 A0=80000 A1=10890A A2=534F4 A3=10880A A4=100D00 A5=108000 A6=10BA1E PC=488E -- 00488E: movea.l (A0,D0.w), A0
D0=F006C D1=3434 D2=108100 D3=0 D4=10404980 D5=80410101 D6=FFFF D7=100D00 A0=86E00 A1=10890A A2=534F4 A3=10880A A4=100D00 A5=108000 A6=10BA1E PC=4892 -- 004892: move.w  ($46de,A5), D0
D0=F3434 D1=3434 D2=108100 D3=0 D4=10404980 D5=80410101 D6=FFFF D7=100D00 A0=86E00 A1=10890A A2=534F4 A3=10880A A4=100D00 A5=108000 A6=10BA1E PC=4896 -- 004896: tst.b   ($46e2,A5)
D0=F3434 D1=3434 D2=108100 D3=0 D4=10404980 D5=80410101 D6=FFFF D7=100D00 A0=86E00 A1=10890A A2=534F4 A3=10880A A4=100D00 A5=108000 A6=10BA1E PC=489A -- 00489A: beq     $48a0
D0=F3434 D1=3434 D2=108100 D3=0 D4=10404980 D5=80410101 D6=FFFF D7=100D00 A0=86E00 A1=10890A A2=534F4 A3=10880A A4=100D00 A5=108000 A6=10BA1E PC=48A0 -- 0048A0: andi.w  #$ff, D0
D0=F0034 D1=3434 D2=108100 D3=0 D4=10404980 D5=80410101 D6=FFFF D7=100D00 A0=86E00 A1=10890A A2=534F4 A3=10880A A4=100D00 A5=108000 A6=10BA1E PC=48A4 -- 0048A4: add.w   D0, D0
D0=F0068 D1=3434 D2=108100 D3=0 D4=10404980 D5=80410101 D6=FFFF D7=100D00 A0=86E00 A1=10890A A2=534F4 A3=10880A A4=100D00 A5=108000 A6=10BA1E PC=48A6 -- 0048A6: add.w   D0, D0
D0=F00D0 D1=3434 D2=108100 D3=0 D4=10404980 D5=80410101 D6=FFFF D7=100D00 A0=86E00 A1=10890A A2=534F4 A3=10880A A4=100D00 A5=108000 A6=10BA1E PC=48A8 -- 0048A8: movea.l (A0,D0.w), A0
D0=F00D0 D1=3434 D2=108100 D3=0 D4=10404980 D5=80410101 D6=FFFF D7=100D00 A0=F30F2 A1=10890A A2=534F4 A3=10880A A4=100D00 A5=108000 A6=10BA1E PC=48AC -- 0048AC: move.w  ($74,A4), D0
D0=F0000 D1=3434 D2=108100 D3=0 D4=10404980 D5=80410101 D6=FFFF D7=100D00 A0=F30F2 A1=10890A A2=534F4 A3=10880A A4=100D00 A5=108000 A6=10BA1E PC=48B0 -- 0048B0: adda.w  D0, A0
D0=F0000 D1=3434 D2=108100 D3=0 D4=10404980 D5=80410101 D6=FFFF D7=100D00 A0=F30F2 A1=10890A A2=534F4 A3=10880A A4=100D00 A5=108000 A6=10BA1E PC=48B2 -- 0048B2: move.l  (A0), D0
D0=10F10FE D1=3434 D2=108100 D3=0 D4=10404980 D5=80410101 D6=FFFF D7=100D00 A0=F30F2 A1=10890A A2=534F4 A3=10880A A4=100D00 A5=108000 A6=10BA1E PC=48B4 -- 0048B4: andi.l  #$ffffff, D0
D0=F10FE D1=3434 D2=108100 D3=0 D4=10404980 D5=80410101 D6=FFFF D7=100D00 A0=F30F2 A1=10890A A2=534F4 A3=10880A A4=100D00 A5=108000 A6=10BA1E PC=48BA -- 0048BA: movea.l D0, A0
D0=F10FE D1=3434 D2=108100 D3=0 D4=10404980 D5=80410101 D6=FFFF D7=100D00 A0=F10FE A1=10890A A2=534F4 A3=10880A A4=100D00 A5=108000 A6=10BA1E PC=48BC -- 0048BC: move.w  ($4,A0), D0
D0=F0070 D1=3434 D2=108100 D3=0 D4=10404980 D5=80410101 D6=FFFF D7=100D00 A0=F10FE A1=10890A A2=534F4 A3=10880A A4=100D00 A5=108000 A6=10BA1E PC=48C0 -- 0048C0: andi.w  #$1fff, D0
D0=F0070 D1=3434 D2=108100 D3=0 D4=10404980 D5=80410101 D6=FFFF D7=100D00 A0=F10FE A1=10890A A2=534F4 A3=10880A A4=100D00 A5=108000 A6=10BA1E PC=48C4 -- 0048C4: move.w  D0, ($46e0,A5)
D0=F0070 D1=3434 D2=108100 D3=0 D4=10404980 D5=80410101 D6=FFFF D7=100D00 A0=F10FE A1=10890A A2=534F4 A3=10880A A4=100D00 A5=108000 A6=10BA1E PC=48C8 -- 0048C8: lea     $80080.l, A0
D0=F0070 D1=3434 D2=108100 D3=0 D4=10404980 D5=80410101 D6=FFFF D7=100D00 A0=80080 A1=10890A A2=534F4 A3=10880A A4=100D00 A5=108000 A6=10BA1E PC=48CE -- 0048CE: move.w  ($70,A4), D1
D0=F0070 D1=1B D2=108100 D3=0 D4=10404980 D5=80410101 D6=FFFF D7=100D00 A0=80080 A1=10890A A2=534F4 A3=10880A A4=100D00 A5=108000 A6=10BA1E PC=48D2 -- 0048D2: add.w   D1, D1
D0=F0070 D1=36 D2=108100 D3=0 D4=10404980 D5=80410101 D6=FFFF D7=100D00 A0=80080 A1=10890A A2=534F4 A3=10880A A4=100D00 A5=108000 A6=10BA1E PC=48D4 -- 0048D4: add.w   D1, D1
D0=F0070 D1=6C D2=108100 D3=0 D4=10404980 D5=80410101 D6=FFFF D7=100D00 A0=80080 A1=10890A A2=534F4 A3=10880A A4=100D00 A5=108000 A6=10BA1E PC=48D6 -- 0048D6: movea.l (A0,D1.w), A0
D0=F0070 D1=6C D2=108100 D3=0 D4=10404980 D5=80410101 D6=FFFF D7=100D00 A0=95200 A1=10890A A2=534F4 A3=10880A A4=100D00 A5=108000 A6=10BA1E PC=48DA -- 0048DA: add.w   D0, D0
D0=F00E0 D1=6C D2=108100 D3=0 D4=10404980 D5=80410101 D6=FFFF D7=100D00 A0=95200 A1=10890A A2=534F4 A3=10880A A4=100D00 A5=108000 A6=10BA1E PC=48DC -- 0048DC: add.w   D0, D0
D0=F01C0 D1=6C D2=108100 D3=0 D4=10404980 D5=80410101 D6=FFFF D7=100D00 A0=95200 A1=10890A A2=534F4 A3=10880A A4=100D00 A5=108000 A6=10BA1E PC=48DE -- 0048DE: move.l  (A0,D0.w), ($28,A4)
D0=F01C0 D1=6C D2=108100 D3=0 D4=10404980 D5=80410101 D6=FFFF D7=100D00 A0=95200 A1=10890A A2=534F4 A3=10880A A4=100D00 A5=108000 A6=10BA1E PC=48E4 -- 0048E4: rts
D0=F01C0 D1=6C D2=108100 D3=0 D4=10404980 D5=80410101 D6=FFFF D7=100D00 A0=95200 A1=10890A A2=534F4 A3=10880A A4=100D00 A5=108000 A6=10BA1E PC=3E7C -- 003E7C: bra     $481a
D0=F01C0 D1=6C D2=108100 D3=0 D4=10404980 D5=80410101 D6=FFFF D7=100D00 A0=95200 A1=10890A A2=534F4 A3=10880A A4=100D00 A5=108000 A6=10BA1E PC=481A -- 00481A: addq.w  #1, ($e3a,A5)
D0=F01C0 D1=6C D2=108100 D3=0 D4=10404980 D5=80410101 D6=FFFF D7=100D00 A0=95200 A1=10890A A2=534F4 A3=10880A A4=100D00 A5=108000 A6=10BA1E PC=481E -- 00481E: lea     ($838,A5), A1
D0=F01C0 D1=6C D2=108100 D3=0 D4=10404980 D5=80410101 D6=FFFF D7=100D00 A0=95200 A1=108838 A2=534F4 A3=10880A A4=100D00 A5=108000 A6=10BA1E PC=4822 -- 004822: move.w  ($2c,A4), D0
D0=F0067 D1=6C D2=108100 D3=0 D4=10404980 D5=80410101 D6=FFFF D7=100D00 A0=95200 A1=108838 A2=534F4 A3=10880A A4=100D00 A5=108000 A6=10BA1E PC=4826 -- 004826: move.w  D0, D1
D0=F0067 D1=67 D2=108100 D3=0 D4=10404980 D5=80410101 D6=FFFF D7=100D00 A0=95200 A1=108838 A2=534F4 A3=10880A A4=100D00 A5=108000 A6=10BA1E PC=4828 -- 004828: add.w   D1, D1
D0=F0067 D1=CE D2=108100 D3=0 D4=10404980 D5=80410101 D6=FFFF D7=100D00 A0=95200 A1=108838 A2=534F4 A3=10880A A4=100D00 A5=108000 A6=10BA1E PC=482A -- 00482A: adda.w  D1, A1
D0=F0067 D1=CE D2=108100 D3=0 D4=10404980 D5=80410101 D6=FFFF D7=100D00 A0=95200 A1=108906 A2=534F4 A3=10880A A4=100D00 A5=108000 A6=10BA1E PC=482C -- 00482C: cmp.w   ($e38,A5), D1
D0=F0067 D1=CE D2=108100 D3=0 D4=10404980 D5=80410101 D6=FFFF D7=100D00 A0=95200 A1=108906 A2=534F4 A3=10880A A4=100D00 A5=108000 A6=10BA1E PC=4830 -- 004830: bhi     $4836
D0=F0067 D1=CE D2=108100 D3=0 D4=10404980 D5=80410101 D6=FFFF D7=100D00 A0=95200 A1=108906 A2=534F4 A3=10880A A4=100D00 A5=108000 A6=10BA1E PC=4832 -- 004832: move.w  D1, ($e38,A5)
D0=F0067 D1=CE D2=108100 D3=0 D4=10404980 D5=80410101 D6=FFFF D7=100D00 A0=95200 A1=108906 A2=534F4 A3=10880A A4=100D00 A5=108000 A6=10BA1E PC=4836 -- 004836: move.w  (A1)+, D1
D0=F0067 D1=0 D2=108100 D3=0 D4=10404980 D5=80410101 D6=FFFF D7=100D00 A0=95200 A1=108908 A2=534F4 A3=10880A A4=100D00 A5=108000 A6=10BA1E PC=4838 -- 004838: beq     $485a
D0=F0067 D1=0 D2=108100 D3=0 D4=10404980 D5=80410101 D6=FFFF D7=100D00 A0=95200 A1=108908 A2=534F4 A3=10880A A4=100D00 A5=108000 A6=10BA1E PC=485A -- 00485A: move.w  A4, (-$2,A1)
D0=F0067 D1=0 D2=108100 D3=0 D4=10404980 D5=80410101 D6=FFFF D7=100D00 A0=95200 A1=108908 A2=534F4 A3=10880A A4=100D00 A5=108000 A6=10BA1E PC=485E -- 00485E: rts
D0=F0067 D1=0 D2=108100 D3=0 D4=10404980 D5=80410101 D6=FFFF D7=100D00 A0=95200 A1=108908 A2=534F4 A3=10880A A4=100D00 A5=108000 A6=10BA1E PC=32B3C -- 032B3C: move.l  A4, D7
D0=F0067 D1=0 D2=108100 D3=0 D4=10404980 D5=80410101 D6=FFFF D7=100D00 A0=95200 A1=108908 A2=534F4 A3=10880A A4=100D00 A5=108000 A6=10BA1E PC=32B3E -- 032B3E: move.w  ($4,A4), D7
D0=F0067 D1=0 D2=108100 D3=0 D4=10404980 D5=80410101 D6=FFFF D7=100F00 A0=95200 A1=108908 A2=534F4 A3=10880A A4=100D00 A5=108000 A6=10BA1E PC=32B42 -- 032B42: bpl     $32b36
D0=F0067 D1=0 D2=108100 D3=0 D4=10404980 D5=80410101 D6=FFFF D7=100F00 A0=95200 A1=108908 A2=534F4 A3=10880A A4=100D00 A5=108000 A6=10BA1E PC=32B36 -- 032B36: movea.l D7, A4
D0=F0067 D1=0 D2=108100 D3=0 D4=10404980 D5=80410101 D6=FFFF D7=100F00 A0=95200 A1=108908 A2=534F4 A3=10880A A4=100F00 A5=108000 A6=10BA1E PC=32B38 -- 032B38: movea.l (A4), A0
D0=F0067 D1=0 D2=108100 D3=0 D4=10404980 D5=80410101 D6=FFFF D7=100F00 A0=37CBA A1=108908 A2=534F4 A3=10880A A4=100F00 A5=108000 A6=10BA1E PC=32B3A -- 032B3A: jsr     (A0)
D0=F0067 D1=0 D2=108100 D3=0 D4=10404980 D5=80410101 D6=FFFF D7=100F00 A0=37CBA A1=108908 A2=534F4 A3=10880A A4=100F00 A5=108000 A6=10BA1E PC=37CBA -- 037CBA: move.w  ($d0,A4), D0
D0=F0003 D1=0 D2=108100 D3=0 D4=10404980 D5=80410101 D6=FFFF D7=100F00 A0=37CBA A1=108908 A2=534F4 A3=10880A A4=100F00 A5=108000 A6=10BA1E PC=37CBE -- 037CBE: movea.l ($84,A4), A0
D0=F0003 D1=0 D2=108100 D3=0 D4=10404980 D5=80410101 D6=FFFF D7=100F00 A0=108584 A1=108908 A2=534F4 A3=10880A A4=100F00 A5=108000 A6=10BA1E PC=37CC2 -- 037CC2: btst    D0, ($cf,A0)
D0=F0003 D1=0 D2=108100 D3=0 D4=10404980 D5=80410101 D6=FFFF D7=100F00 A0=108584 A1=108908 A2=534F4 A3=10880A A4=100F00 A5=108000 A6=10BA1E PC=37CC6 -- 037CC6: beq     $36eac
D0=F0003 D1=0 D2=108100 D3=0 D4=10404980 D5=80410101 D6=FFFF D7=100F00 A0=108584 A1=108908 A2=534F4 A3=10880A A4=100F00 A5=108000 A6=10BA1E PC=36EAC -- 036EAC: jsr     $48e6.w
D0=F0003 D1=0 D2=108100 D3=0 D4=10404980 D5=80410101 D6=FFFF D7=100F00 A0=108584 A1=108908 A2=534F4 A3=10880A A4=100F00 A5=108000 A6=10BA1E PC=48E6 -- 0048E6: move.w  ($70,A4), D0
D0=F001B D1=0 D2=108100 D3=0 D4=10404980 D5=80410101 D6=FFFF D7=100F00 A0=108584 A1=108908 A2=534F4 A3=10880A A4=100F00 A5=108000 A6=10BA1E PC=48EA -- 0048EA: cmp.b   ($78,A4), D0
D0=F001B D1=0 D2=108100 D3=0 D4=10404980 D5=80410101 D6=FFFF D7=100F00 A0=108584 A1=108908 A2=534F4 A3=10880A A4=100F00 A5=108000 A6=10BA1E PC=48EE -- 0048EE: bne     $491c
D0=F001B D1=0 D2=108100 D3=0 D4=10404980 D5=80410101 D6=FFFF D7=100F00 A0=108584 A1=108908 A2=534F4 A3=10880A A4=100F00 A5=108000 A6=10BA1E PC=48F0 -- 0048F0: move.w  ($72,A4), D0
D0=F0033 D1=0 D2=108100 D3=0 D4=10404980 D5=80410101 D6=FFFF D7=100F00 A0=108584 A1=108908 A2=534F4 A3=10880A A4=100F00 A5=108000 A6=10BA1E PC=48F4 -- 0048F4: cmp.b   ($79,A4), D0
D0=F0033 D1=0 D2=108100 D3=0 D4=10404980 D5=80410101 D6=FFFF D7=100F00 A0=108584 A1=108908 A2=534F4 A3=10880A A4=100F00 A5=108000 A6=10BA1E PC=48F8 -- 0048F8: bne     $493c
D0=F0033 D1=0 D2=108100 D3=0 D4=10404980 D5=80410101 D6=FFFF D7=100F00 A0=108584 A1=108908 A2=534F4 A3=10880A A4=100F00 A5=108000 A6=10BA1E PC=48FA -- 0048FA: tst.b   ($77,A4)
D0=F0033 D1=0 D2=108100 D3=0 D4=10404980 D5=80410101 D6=FFFF D7=100F00 A0=108584 A1=108908 A2=534F4 A3=10880A A4=100F00 A5=108000 A6=10BA1E PC=48FE -- 0048FE: bne     $495c
D0=F0033 D1=0 D2=108100 D3=0 D4=10404980 D5=80410101 D6=FFFF D7=100F00 A0=108584 A1=108908 A2=534F4 A3=10880A A4=100F00 A5=108000 A6=10BA1E PC=4900 -- 004900: tst.b   ($7a,A4)
D0=F0033 D1=0 D2=108100 D3=0 D4=10404980 D5=80410101 D6=FFFF D7=100F00 A0=108584 A1=108908 A2=534F4 A3=10880A A4=100F00 A5=108000 A6=10BA1E PC=4904 -- 004904: bmi     $491a
D0=F0033 D1=0 D2=108100 D3=0 D4=10404980 D5=80410101 D6=FFFF D7=100F00 A0=108584 A1=108908 A2=534F4 A3=10880A A4=100F00 A5=108000 A6=10BA1E PC=491A -- 00491A: rts
D0=F0033 D1=0 D2=108100 D3=0 D4=10404980 D5=80410101 D6=FFFF D7=100F00 A0=108584 A1=108908 A2=534F4 A3=10880A A4=100F00 A5=108000 A6=10BA1E PC=36EB0 -- 036EB0: jmp     $3e2e.w
D0=F0033 D1=0 D2=108100 D3=0 D4=10404980 D5=80410101 D6=FFFF D7=100F00 A0=108584 A1=108908 A2=534F4 A3=10880A A4=100F00 A5=108000 A6=10BA1E PC=3E2E -- 003E2E: tst.w   ($74,A4)
D0=F0033 D1=0 D2=108100 D3=0 D4=10404980 D5=80410101 D6=FFFF D7=100F00 A0=108584 A1=108908 A2=534F4 A3=10880A A4=100F00 A5=108000 A6=10BA1E PC=3E32 -- 003E32: bmi     $3e80
D0=F0033 D1=0 D2=108100 D3=0 D4=10404980 D5=80410101 D6=FFFF D7=100F00 A0=108584 A1=108908 A2=534F4 A3=10880A A4=100F00 A5=108000 A6=10BA1E PC=3E34 -- 003E34: btst    #$6, ($7c,A4)
D0=F0033 D1=0 D2=108100 D3=0 D4=10404980 D5=80410101 D6=FFFF D7=100F00 A0=108584 A1=108908 A2=534F4 A3=10880A A4=100F00 A5=108000 A6=10BA1E PC=3E3A -- 003E3A: bne     $3e78
D0=F0033 D1=0 D2=108100 D3=0 D4=10404980 D5=80410101 D6=FFFF D7=100F00 A0=108584 A1=108908 A2=534F4 A3=10880A A4=100F00 A5=108000 A6=10BA1E PC=3E3E -- 003E3E: moveq   #$0, D3
D0=F0033 D1=0 D2=108100 D3=0 D4=10404980 D5=80410101 D6=FFFF D7=100F00 A0=108584 A1=108908 A2=534F4 A3=10880A A4=100F00 A5=108000 A6=10BA1E PC=3E40 -- 003E40: move.b  ($82,A4), D3
D0=F0033 D1=0 D2=108100 D3=0 D4=10404980 D5=80410101 D6=FFFF D7=100F00 A0=108584 A1=108908 A2=534F4 A3=10880A A4=100F00 A5=108000 A6=10BA1E PC=3E44 -- 003E44: add.w   D3, D3
D0=F0033 D1=0 D2=108100 D3=0 D4=10404980 D5=80410101 D6=FFFF D7=100F00 A0=108584 A1=108908 A2=534F4 A3=10880A A4=100F00 A5=108000 A6=10BA1E PC=3E46 -- 003E46: add.w   D3, D3
D0=F0033 D1=0 D2=108100 D3=0 D4=10404980 D5=80410101 D6=FFFF D7=100F00 A0=108584 A1=108908 A2=534F4 A3=10880A A4=100F00 A5=108000 A6=10BA1E PC=3E48 -- 003E48: move.w  ($18,A4), D0
D0=F0068 D1=0 D2=108100 D3=0 D4=10404980 D5=80410101 D6=FFFF D7=100F00 A0=108584 A1=108908 A2=534F4 A3=10880A A4=100F00 A5=108000 A6=10BA1E PC=3E4C -- 003E4C: lea     ($104c,A5), A0
D0=F0068 D1=0 D2=108100 D3=0 D4=10404980 D5=80410101 D6=FFFF D7=100F00 A0=10904C A1=108908 A2=534F4 A3=10880A A4=100F00 A5=108000 A6=10BA1E PC=3E50 -- 003E50: sub.w   (A0,D3.w), D0
D0=F0068 D1=0 D2=108100 D3=0 D4=10404980 D5=80410101 D6=FFFF D7=100F00 A0=10904C A1=108908 A2=534F4 A3=10880A A4=100F00 A5=108000 A6=10BA1E PC=3E54 -- 003E54: addi.w  #$30, D0
D0=F0098 D1=0 D2=108100 D3=0 D4=10404980 D5=80410101 D6=FFFF D7=100F00 A0=10904C A1=108908 A2=534F4 A3=10880A A4=100F00 A5=108000 A6=10BA1E PC=3E58 -- 003E58: cmpi.w  #$1a0, D0
D0=F0098 D1=0 D2=108100 D3=0 D4=10404980 D5=80410101 D6=FFFF D7=100F00 A0=10904C A1=108908 A2=534F4 A3=10880A A4=100F00 A5=108000 A6=10BA1E PC=3E5C -- 003E5C: bls     $3e60
D0=F0098 D1=0 D2=108100 D3=0 D4=10404980 D5=80410101 D6=FFFF D7=100F00 A0=10904C A1=108908 A2=534F4 A3=10880A A4=100F00 A5=108000 A6=10BA1E PC=3E60 -- 003E60: move.w  ($1c,A4), D0
D0=F0070 D1=0 D2=108100 D3=0 D4=10404980 D5=80410101 D6=FFFF D7=100F00 A0=10904C A1=108908 A2=534F4 A3=10880A A4=100F00 A5=108000 A6=10BA1E PC=3E64 -- 003E64: sub.w   ($20,A4), D0
D0=F0070 D1=0 D2=108100 D3=0 D4=10404980 D5=80410101 D6=FFFF D7=100F00 A0=10904C A1=108908 A2=534F4 A3=10880A A4=100F00 A5=108000 A6=10BA1E PC=3E68 -- 003E68: lea     ($1058,A5), A0
D0=F0070 D1=0 D2=108100 D3=0 D4=10404980 D5=80410101 D6=FFFF D7=100F00 A0=109058 A1=108908 A2=534F4 A3=10880A A4=100F00 A5=108000 A6=10BA1E PC=3E6C -- 003E6C: sub.w   (A0,D3.w), D0
D0=F0070 D1=0 D2=108100 D3=0 D4=10404980 D5=80410101 D6=FFFF D7=100F00 A0=109058 A1=108908 A2=534F4 A3=10880A A4=100F00 A5=108000 A6=10BA1E PC=3E70 -- 003E70: cmpi.w  #$1c0, D0
D0=F0070 D1=0 D2=108100 D3=0 D4=10404980 D5=80410101 D6=FFFF D7=100F00 A0=109058 A1=108908 A2=534F4 A3=10880A A4=100F00 A5=108000 A6=10BA1E PC=3E74 -- 003E74: bls     $3e78
D0=F0070 D1=0 D2=108100 D3=0 D4=10404980 D5=80410101 D6=FFFF D7=100F00 A0=109058 A1=108908 A2=534F4 A3=10880A A4=100F00 A5=108000 A6=10BA1E PC=3E78 -- 003E78: bsr     $4860
D0=F0070 D1=0 D2=108100 D3=0 D4=10404980 D5=80410101 D6=FFFF D7=100F00 A0=109058 A1=108908 A2=534F4 A3=10880A A4=100F00 A5=108000 A6=10BA1E PC=4860 -- 004860: lea     $7bf48.l, A0
D0=F0070 D1=0 D2=108100 D3=0 D4=10404980 D5=80410101 D6=FFFF D7=100F00 A0=7BF48 A1=108908 A2=534F4 A3=10880A A4=100F00 A5=108000 A6=10BA1E PC=4866 -- 004866: move.w  ($70,A4), D0
D0=F001B D1=0 D2=108100 D3=0 D4=10404980 D5=80410101 D6=FFFF D7=100F00 A0=7BF48 A1=108908 A2=534F4 A3=10880A A4=100F00 A5=108000 A6=10BA1E PC=486A -- 00486A: add.w   D0, D0
D0=F0036 D1=0 D2=108100 D3=0 D4=10404980 D5=80410101 D6=FFFF D7=100F00 A0=7BF48 A1=108908 A2=534F4 A3=10880A A4=100F00 A5=108000 A6=10BA1E PC=486C -- 00486C: add.w   D0, D0
D0=F006C D1=0 D2=108100 D3=0 D4=10404980 D5=80410101 D6=FFFF D7=100F00 A0=7BF48 A1=108908 A2=534F4 A3=10880A A4=100F00 A5=108000 A6=10BA1E PC=486E -- 00486E: movea.l (A0,D0.w), A0
D0=F006C D1=0 D2=108100 D3=0 D4=10404980 D5=80410101 D6=FFFF D7=100F00 A0=7F5E0 A1=108908 A2=534F4 A3=10880A A4=100F00 A5=108000 A6=10BA1E PC=4872 -- 004872: move.w  ($72,A4), D0
D0=F0033 D1=0 D2=108100 D3=0 D4=10404980 D5=80410101 D6=FFFF D7=100F00 A0=7F5E0 A1=108908 A2=534F4 A3=10880A A4=100F00 A5=108000 A6=10BA1E PC=4876 -- 004876: add.w   D0, D0
D0=F0066 D1=0 D2=108100 D3=0 D4=10404980 D5=80410101 D6=FFFF D7=100F00 A0=7F5E0 A1=108908 A2=534F4 A3=10880A A4=100F00 A5=108000 A6=10BA1E PC=4878 -- 004878: move.w  (A0,D0.w), D1
D0=F0066 D1=3333 D2=108100 D3=0 D4=10404980 D5=80410101 D6=FFFF D7=100F00 A0=7F5E0 A1=108908 A2=534F4 A3=10880A A4=100F00 A5=108000 A6=10BA1E PC=487C -- 00487C: move.w  D1, ($46de,A5)
D0=F0066 D1=3333 D2=108100 D3=0 D4=10404980 D5=80410101 D6=FFFF D7=100F00 A0=7F5E0 A1=108908 A2=534F4 A3=10880A A4=100F00 A5=108000 A6=10BA1E PC=4880 -- 004880: lea     $80000.l, A0
D0=F0066 D1=3333 D2=108100 D3=0 D4=10404980 D5=80410101 D6=FFFF D7=100F00 A0=80000 A1=108908 A2=534F4 A3=10880A A4=100F00 A5=108000 A6=10BA1E PC=4886 -- 004886: move.w  ($70,A4), D0
D0=F001B D1=3333 D2=108100 D3=0 D4=10404980 D5=80410101 D6=FFFF D7=100F00 A0=80000 A1=108908 A2=534F4 A3=10880A A4=100F00 A5=108000 A6=10BA1E PC=488A -- 00488A: add.w   D0, D0
D0=F0036 D1=3333 D2=108100 D3=0 D4=10404980 D5=80410101 D6=FFFF D7=100F00 A0=80000 A1=108908 A2=534F4 A3=10880A A4=100F00 A5=108000 A6=10BA1E PC=488C -- 00488C: add.w   D0, D0
D0=F006C D1=3333 D2=108100 D3=0 D4=10404980 D5=80410101 D6=FFFF D7=100F00 A0=80000 A1=108908 A2=534F4 A3=10880A A4=100F00 A5=108000 A6=10BA1E PC=488E -- 00488E: movea.l (A0,D0.w), A0
D0=F006C D1=3333 D2=108100 D3=0 D4=10404980 D5=80410101 D6=FFFF D7=100F00 A0=86E00 A1=108908 A2=534F4 A3=10880A A4=100F00 A5=108000 A6=10BA1E PC=4892 -- 004892: move.w  ($46de,A5), D0
D0=F3333 D1=3333 D2=108100 D3=0 D4=10404980 D5=80410101 D6=FFFF D7=100F00 A0=86E00 A1=108908 A2=534F4 A3=10880A A4=100F00 A5=108000 A6=10BA1E PC=4896 -- 004896: tst.b   ($46e2,A5)
D0=F3333 D1=3333 D2=108100 D3=0 D4=10404980 D5=80410101 D6=FFFF D7=100F00 A0=86E00 A1=108908 A2=534F4 A3=10880A A4=100F00 A5=108000 A6=10BA1E PC=489A -- 00489A: beq     $48a0
D0=F3333 D1=3333 D2=108100 D3=0 D4=10404980 D5=80410101 D6=FFFF D7=100F00 A0=86E00 A1=108908 A2=534F4 A3=10880A A4=100F00 A5=108000 A6=10BA1E PC=48A0 -- 0048A0: andi.w  #$ff, D0
D0=F0033 D1=3333 D2=108100 D3=0 D4=10404980 D5=80410101 D6=FFFF D7=100F00 A0=86E00 A1=108908 A2=534F4 A3=10880A A4=100F00 A5=108000 A6=10BA1E PC=48A4 -- 0048A4: add.w   D0, D0
D0=F0066 D1=3333 D2=108100 D3=0 D4=10404980 D5=80410101 D6=FFFF D7=100F00 A0=86E00 A1=108908 A2=534F4 A3=10880A A4=100F00 A5=108000 A6=10BA1E PC=48A6 -- 0048A6: add.w   D0, D0
D0=F00CC D1=3333 D2=108100 D3=0 D4=10404980 D5=80410101 D6=FFFF D7=100F00 A0=86E00 A1=108908 A2=534F4 A3=10880A A4=100F00 A5=108000 A6=10BA1E PC=48A8 -- 0048A8: movea.l (A0,D0.w), A0
D0=F00CC D1=3333 D2=108100 D3=0 D4=10404980 D5=80410101 D6=FFFF D7=100F00 A0=F30EA A1=108908 A2=534F4 A3=10880A A4=100F00 A5=108000 A6=10BA1E PC=48AC -- 0048AC: move.w  ($74,A4), D0
D0=F0000 D1=3333 D2=108100 D3=0 D4=10404980 D5=80410101 D6=FFFF D7=100F00 A0=F30EA A1=108908 A2=534F4 A3=10880A A4=100F00 A5=108000 A6=10BA1E PC=48B0 -- 0048B0: adda.w  D0, A0
D0=F0000 D1=3333 D2=108100 D3=0 D4=10404980 D5=80410101 D6=FFFF D7=100F00 A0=F30EA A1=108908 A2=534F4 A3=10880A A4=100F00 A5=108000 A6=10BA1E PC=48B2 -- 0048B2: move.l  (A0), D0
D0=710F10EC D1=3333 D2=108100 D3=0 D4=10404980 D5=80410101 D6=FFFF D7=100F00 A0=F30EA A1=108908 A2=534F4 A3=10880A A4=100F00 A5=108000 A6=10BA1E PC=48B4 -- 0048B4: andi.l  #$ffffff, D0
D0=F10EC D1=3333 D2=108100 D3=0 D4=10404980 D5=80410101 D6=FFFF D7=100F00 A0=F30EA A1=108908 A2=534F4 A3=10880A A4=100F00 A5=108000 A6=10BA1E PC=48BA -- 0048BA: movea.l D0, A0
D0=F10EC D1=3333 D2=108100 D3=0 D4=10404980 D5=80410101 D6=FFFF D7=100F00 A0=F10EC A1=108908 A2=534F4 A3=10880A A4=100F00 A5=108000 A6=10BA1E PC=48BC -- 0048BC: move.w  ($4,A0), D0
D0=F006D D1=3333 D2=108100 D3=0 D4=10404980 D5=80410101 D6=FFFF D7=100F00 A0=F10EC A1=108908 A2=534F4 A3=10880A A4=100F00 A5=108000 A6=10BA1E PC=48C0 -- 0048C0: andi.w  #$1fff, D0
D0=F006D D1=3333 D2=108100 D3=0 D4=10404980 D5=80410101 D6=FFFF D7=100F00 A0=F10EC A1=108908 A2=534F4 A3=10880A A4=100F00 A5=108000 A6=10BA1E PC=48C4 -- 0048C4: move.w  D0, ($46e0,A5)
D0=F006D D1=3333 D2=108100 D3=0 D4=10404980 D5=80410101 D6=FFFF D7=100F00 A0=F10EC A1=108908 A2=534F4 A3=10880A A4=100F00 A5=108000 A6=10BA1E PC=48C8 -- 0048C8: lea     $80080.l, A0
D0=F006D D1=3333 D2=108100 D3=0 D4=10404980 D5=80410101 D6=FFFF D7=100F00 A0=80080 A1=108908 A2=534F4 A3=10880A A4=100F00 A5=108000 A6=10BA1E PC=48CE -- 0048CE: move.w  ($70,A4), D1
D0=F006D D1=1B D2=108100 D3=0 D4=10404980 D5=80410101 D6=FFFF D7=100F00 A0=80080 A1=108908 A2=534F4 A3=10880A A4=100F00 A5=108000 A6=10BA1E PC=48D2 -- 0048D2: add.w   D1, D1
D0=F006D D1=36 D2=108100 D3=0 D4=10404980 D5=80410101 D6=FFFF D7=100F00 A0=80080 A1=108908 A2=534F4 A3=10880A A4=100F00 A5=108000 A6=10BA1E PC=48D4 -- 0048D4: add.w   D1, D1
D0=F006D D1=6C D2=108100 D3=0 D4=10404980 D5=80410101 D6=FFFF D7=100F00 A0=80080 A1=108908 A2=534F4 A3=10880A A4=100F00 A5=108000 A6=10BA1E PC=48D6 -- 0048D6: movea.l (A0,D1.w), A0
D0=F006D D1=6C D2=108100 D3=0 D4=10404980 D5=80410101 D6=FFFF D7=100F00 A0=95200 A1=108908 A2=534F4 A3=10880A A4=100F00 A5=108000 A6=10BA1E PC=48DA -- 0048DA: add.w   D0, D0
D0=F00DA D1=6C D2=108100 D3=0 D4=10404980 D5=80410101 D6=FFFF D7=100F00 A0=95200 A1=108908 A2=534F4 A3=10880A A4=100F00 A5=108000 A6=10BA1E PC=48DC -- 0048DC: add.w   D0, D0
D0=F01B4 D1=6C D2=108100 D3=0 D4=10404980 D5=80410101 D6=FFFF D7=100F00 A0=95200 A1=108908 A2=534F4 A3=10880A A4=100F00 A5=108000 A6=10BA1E PC=48DE -- 0048DE: move.l  (A0,D0.w), ($28,A4)
D0=F01B4 D1=6C D2=108100 D3=0 D4=10404980 D5=80410101 D6=FFFF D7=100F00 A0=95200 A1=108908 A2=534F4 A3=10880A A4=100F00 A5=108000 A6=10BA1E PC=48E4 -- 0048E4: rts
D0=F01B4 D1=6C D2=108100 D3=0 D4=10404980 D5=80410101 D6=FFFF D7=100F00 A0=95200 A1=108908 A2=534F4 A3=10880A A4=100F00 A5=108000 A6=10BA1E PC=3E7C -- 003E7C: bra     $481a
D0=F01B4 D1=6C D2=108100 D3=0 D4=10404980 D5=80410101 D6=FFFF D7=100F00 A0=95200 A1=108908 A2=534F4 A3=10880A A4=100F00 A5=108000 A6=10BA1E PC=481A -- 00481A: addq.w  #1, ($e3a,A5)
D0=F01B4 D1=6C D2=108100 D3=0 D4=10404980 D5=80410101 D6=FFFF D7=100F00 A0=95200 A1=108908 A2=534F4 A3=10880A A4=100F00 A5=108000 A6=10BA1E PC=481E -- 00481E: lea     ($838,A5), A1
D0=F01B4 D1=6C D2=108100 D3=0 D4=10404980 D5=80410101 D6=FFFF D7=100F00 A0=95200 A1=108838 A2=534F4 A3=10880A A4=100F00 A5=108000 A6=10BA1E PC=4822 -- 004822: move.w  ($2c,A4), D0
D0=F0066 D1=6C D2=108100 D3=0 D4=10404980 D5=80410101 D6=FFFF D7=100F00 A0=95200 A1=108838 A2=534F4 A3=10880A A4=100F00 A5=108000 A6=10BA1E PC=4826 -- 004826: move.w  D0, D1
D0=F0066 D1=66 D2=108100 D3=0 D4=10404980 D5=80410101 D6=FFFF D7=100F00 A0=95200 A1=108838 A2=534F4 A3=10880A A4=100F00 A5=108000 A6=10BA1E PC=4828 -- 004828: add.w   D1, D1
D0=F0066 D1=CC D2=108100 D3=0 D4=10404980 D5=80410101 D6=FFFF D7=100F00 A0=95200 A1=108838 A2=534F4 A3=10880A A4=100F00 A5=108000 A6=10BA1E PC=482A -- 00482A: adda.w  D1, A1
D0=F0066 D1=CC D2=108100 D3=0 D4=10404980 D5=80410101 D6=FFFF D7=100F00 A0=95200 A1=108904 A2=534F4 A3=10880A A4=100F00 A5=108000 A6=10BA1E PC=482C -- 00482C: cmp.w   ($e38,A5), D1
D0=F0066 D1=CC D2=108100 D3=0 D4=10404980 D5=80410101 D6=FFFF D7=100F00 A0=95200 A1=108904 A2=534F4 A3=10880A A4=100F00 A5=108000 A6=10BA1E PC=4830 -- 004830: bhi     $4836
D0=F0066 D1=CC D2=108100 D3=0 D4=10404980 D5=80410101 D6=FFFF D7=100F00 A0=95200 A1=108904 A2=534F4 A3=10880A A4=100F00 A5=108000 A6=10BA1E PC=4832 -- 004832: move.w  D1, ($e38,A5)
D0=F0066 D1=CC D2=108100 D3=0 D4=10404980 D5=80410101 D6=FFFF D7=100F00 A0=95200 A1=108904 A2=534F4 A3=10880A A4=100F00 A5=108000 A6=10BA1E PC=4836 -- 004836: move.w  (A1)+, D1
D0=F0066 D1=0 D2=108100 D3=0 D4=10404980 D5=80410101 D6=FFFF D7=100F00 A0=95200 A1=108906 A2=534F4 A3=10880A A4=100F00 A5=108000 A6=10BA1E PC=4838 -- 004838: beq     $485a
D0=F0066 D1=0 D2=108100 D3=0 D4=10404980 D5=80410101 D6=FFFF D7=100F00 A0=95200 A1=108906 A2=534F4 A3=10880A A4=100F00 A5=108000 A6=10BA1E PC=485A -- 00485A: move.w  A4, (-$2,A1)
D0=F0066 D1=0 D2=108100 D3=0 D4=10404980 D5=80410101 D6=FFFF D7=100F00 A0=95200 A1=108906 A2=534F4 A3=10880A A4=100F00 A5=108000 A6=10BA1E PC=485E -- 00485E: rts
D0=F0066 D1=0 D2=108100 D3=0 D4=10404980 D5=80410101 D6=FFFF D7=100F00 A0=95200 A1=108906 A2=534F4 A3=10880A A4=100F00 A5=108000 A6=10BA1E PC=32B3C -- 032B3C: move.l  A4, D7
D0=F0066 D1=0 D2=108100 D3=0 D4=10404980 D5=80410101 D6=FFFF D7=100F00 A0=95200 A1=108906 A2=534F4 A3=10880A A4=100F00 A5=108000 A6=10BA1E PC=32B3E -- 032B3E: move.w  ($4,A4), D7
D0=F0066 D1=0 D2=108100 D3=0 D4=10404980 D5=80410101 D6=FFFF D7=101100 A0=95200 A1=108906 A2=534F4 A3=10880A A4=100F00 A5=108000 A6=10BA1E PC=32B42 -- 032B42: bpl     $32b36
D0=F0066 D1=0 D2=108100 D3=0 D4=10404980 D5=80410101 D6=FFFF D7=101100 A0=95200 A1=108906 A2=534F4 A3=10880A A4=100F00 A5=108000 A6=10BA1E PC=32B36 -- 032B36: movea.l D7, A4
D0=F0066 D1=0 D2=108100 D3=0 D4=10404980 D5=80410101 D6=FFFF D7=101100 A0=95200 A1=108906 A2=534F4 A3=10880A A4=101100 A5=108000 A6=10BA1E PC=32B38 -- 032B38: movea.l (A4), A0
D0=F0066 D1=0 D2=108100 D3=0 D4=10404980 D5=80410101 D6=FFFF D7=101100 A0=37CBA A1=108906 A2=534F4 A3=10880A A4=101100 A5=108000 A6=10BA1E PC=32B3A -- 032B3A: jsr     (A0)
D0=F0066 D1=0 D2=108100 D3=0 D4=10404980 D5=80410101 D6=FFFF D7=101100 A0=37CBA A1=108906 A2=534F4 A3=10880A A4=101100 A5=108000 A6=10BA1E PC=37CBA -- 037CBA: move.w  ($d0,A4), D0
D0=F0003 D1=0 D2=108100 D3=0 D4=10404980 D5=80410101 D6=FFFF D7=101100 A0=37CBA A1=108906 A2=534F4 A3=10880A A4=101100 A5=108000 A6=10BA1E PC=37CBE -- 037CBE: movea.l ($84,A4), A0
D0=F0003 D1=0 D2=108100 D3=0 D4=10404980 D5=80410101 D6=FFFF D7=101100 A0=108584 A1=108906 A2=534F4 A3=10880A A4=101100 A5=108000 A6=10BA1E PC=37CC2 -- 037CC2: btst    D0, ($cf,A0)
D0=F0003 D1=0 D2=108100 D3=0 D4=10404980 D5=80410101 D6=FFFF D7=101100 A0=108584 A1=108906 A2=534F4 A3=10880A A4=101100 A5=108000 A6=10BA1E PC=37CC6 -- 037CC6: beq     $36eac
D0=F0003 D1=0 D2=108100 D3=0 D4=10404980 D5=80410101 D6=FFFF D7=101100 A0=108584 A1=108906 A2=534F4 A3=10880A A4=101100 A5=108000 A6=10BA1E PC=36EAC -- 036EAC: jsr     $48e6.w
D0=F0003 D1=0 D2=108100 D3=0 D4=10404980 D5=80410101 D6=FFFF D7=101100 A0=108584 A1=108906 A2=534F4 A3=10880A A4=101100 A5=108000 A6=10BA1E PC=48E6 -- 0048E6: move.w  ($70,A4), D0
D0=F001B D1=0 D2=108100 D3=0 D4=10404980 D5=80410101 D6=FFFF D7=101100 A0=108584 A1=108906 A2=534F4 A3=10880A A4=101100 A5=108000 A6=10BA1E PC=48EA -- 0048EA: cmp.b   ($78,A4), D0
D0=F001B D1=0 D2=108100 D3=0 D4=10404980 D5=80410101 D6=FFFF D7=101100 A0=108584 A1=108906 A2=534F4 A3=10880A A4=101100 A5=108000 A6=10BA1E PC=48EE -- 0048EE: bne     $491c
D0=F001B D1=0 D2=108100 D3=0 D4=10404980 D5=80410101 D6=FFFF D7=101100 A0=108584 A1=108906 A2=534F4 A3=10880A A4=101100 A5=108000 A6=10BA1E PC=48F0 -- 0048F0: move.w  ($72,A4), D0
D0=F0032 D1=0 D2=108100 D3=0 D4=10404980 D5=80410101 D6=FFFF D7=101100 A0=108584 A1=108906 A2=534F4 A3=10880A A4=101100 A5=108000 A6=10BA1E PC=48F4 -- 0048F4: cmp.b   ($79,A4), D0
D0=F0032 D1=0 D2=108100 D3=0 D4=10404980 D5=80410101 D6=FFFF D7=101100 A0=108584 A1=108906 A2=534F4 A3=10880A A4=101100 A5=108000 A6=10BA1E PC=48F8 -- 0048F8: bne     $493c
D0=F0032 D1=0 D2=108100 D3=0 D4=10404980 D5=80410101 D6=FFFF D7=101100 A0=108584 A1=108906 A2=534F4 A3=10880A A4=101100 A5=108000 A6=10BA1E PC=48FA -- 0048FA: tst.b   ($77,A4)
D0=F0032 D1=0 D2=108100 D3=0 D4=10404980 D5=80410101 D6=FFFF D7=101100 A0=108584 A1=108906 A2=534F4 A3=10880A A4=101100 A5=108000 A6=10BA1E PC=48FE -- 0048FE: bne     $495c
D0=F0032 D1=0 D2=108100 D3=0 D4=10404980 D5=80410101 D6=FFFF D7=101100 A0=108584 A1=108906 A2=534F4 A3=10880A A4=101100 A5=108000 A6=10BA1E PC=4900 -- 004900: tst.b   ($7a,A4)
D0=F0032 D1=0 D2=108100 D3=0 D4=10404980 D5=80410101 D6=FFFF D7=101100 A0=108584 A1=108906 A2=534F4 A3=10880A A4=101100 A5=108000 A6=10BA1E PC=4904 -- 004904: bmi     $491a
D0=F0032 D1=0 D2=108100 D3=0 D4=10404980 D5=80410101 D6=FFFF D7=101100 A0=108584 A1=108906 A2=534F4 A3=10880A A4=101100 A5=108000 A6=10BA1E PC=491A -- 00491A: rts
D0=F0032 D1=0 D2=108100 D3=0 D4=10404980 D5=80410101 D6=FFFF D7=101100 A0=108584 A1=108906 A2=534F4 A3=10880A A4=101100 A5=108000 A6=10BA1E PC=36EB0 -- 036EB0: jmp     $3e2e.w
D0=F0032 D1=0 D2=108100 D3=0 D4=10404980 D5=80410101 D6=FFFF D7=101100 A0=108584 A1=108906 A2=534F4 A3=10880A A4=101100 A5=108000 A6=10BA1E PC=3E2E -- 003E2E: tst.w   ($74,A4)
D0=F0032 D1=0 D2=108100 D3=0 D4=10404980 D5=80410101 D6=FFFF D7=101100 A0=108584 A1=108906 A2=534F4 A3=10880A A4=101100 A5=108000 A6=10BA1E PC=3E32 -- 003E32: bmi     $3e80
D0=F0032 D1=0 D2=108100 D3=0 D4=10404980 D5=80410101 D6=FFFF D7=101100 A0=108584 A1=108906 A2=534F4 A3=10880A A4=101100 A5=108000 A6=10BA1E PC=3E34 -- 003E34: btst    #$6, ($7c,A4)
D0=F0032 D1=0 D2=108100 D3=0 D4=10404980 D5=80410101 D6=FFFF D7=101100 A0=108584 A1=108906 A2=534F4 A3=10880A A4=101100 A5=108000 A6=10BA1E PC=3E3A -- 003E3A: bne     $3e78
D0=F0032 D1=0 D2=108100 D3=0 D4=10404980 D5=80410101 D6=FFFF D7=101100 A0=108584 A1=108906 A2=534F4 A3=10880A A4=101100 A5=108000 A6=10BA1E PC=3E3E -- 003E3E: moveq   #$0, D3
D0=F0032 D1=0 D2=108100 D3=0 D4=10404980 D5=80410101 D6=FFFF D7=101100 A0=108584 A1=108906 A2=534F4 A3=10880A A4=101100 A5=108000 A6=10BA1E PC=3E40 -- 003E40: move.b  ($82,A4), D3
D0=F0032 D1=0 D2=108100 D3=0 D4=10404980 D5=80410101 D6=FFFF D7=101100 A0=108584 A1=108906 A2=534F4 A3=10880A A4=101100 A5=108000 A6=10BA1E PC=3E44 -- 003E44: add.w   D3, D3
D0=F0032 D1=0 D2=108100 D3=0 D4=10404980 D5=80410101 D6=FFFF D7=101100 A0=108584 A1=108906 A2=534F4 A3=10880A A4=101100 A5=108000 A6=10BA1E PC=3E46 -- 003E46: add.w   D3, D3
D0=F0032 D1=0 D2=108100 D3=0 D4=10404980 D5=80410101 D6=FFFF D7=101100 A0=108584 A1=108906 A2=534F4 A3=10880A A4=101100 A5=108000 A6=10BA1E PC=3E48 -- 003E48: move.w  ($18,A4), D0
D0=F0056 D1=0 D2=108100 D3=0 D4=10404980 D5=80410101 D6=FFFF D7=101100 A0=108584 A1=108906 A2=534F4 A3=10880A A4=101100 A5=108000 A6=10BA1E PC=3E4C -- 003E4C: lea     ($104c,A5), A0
D0=F0056 D1=0 D2=108100 D3=0 D4=10404980 D5=80410101 D6=FFFF D7=101100 A0=10904C A1=108906 A2=534F4 A3=10880A A4=101100 A5=108000 A6=10BA1E PC=3E50 -- 003E50: sub.w   (A0,D3.w), D0
D0=F0056 D1=0 D2=108100 D3=0 D4=10404980 D5=80410101 D6=FFFF D7=101100 A0=10904C A1=108906 A2=534F4 A3=10880A A4=101100 A5=108000 A6=10BA1E PC=3E54 -- 003E54: addi.w  #$30, D0
D0=F0086 D1=0 D2=108100 D3=0 D4=10404980 D5=80410101 D6=FFFF D7=101100 A0=10904C A1=108906 A2=534F4 A3=10880A A4=101100 A5=108000 A6=10BA1E PC=3E58 -- 003E58: cmpi.w  #$1a0, D0
D0=F0086 D1=0 D2=108100 D3=0 D4=10404980 D5=80410101 D6=FFFF D7=101100 A0=10904C A1=108906 A2=534F4 A3=10880A A4=101100 A5=108000 A6=10BA1E PC=3E5C -- 003E5C: bls     $3e60
D0=F0086 D1=0 D2=108100 D3=0 D4=10404980 D5=80410101 D6=FFFF D7=101100 A0=10904C A1=108906 A2=534F4 A3=10880A A4=101100 A5=108000 A6=10BA1E PC=3E60 -- 003E60: move.w  ($1c,A4), D0
D0=F0058 D1=0 D2=108100 D3=0 D4=10404980 D5=80410101 D6=FFFF D7=101100 A0=10904C A1=108906 A2=534F4 A3=10880A A4=101100 A5=108000 A6=10BA1E PC=3E64 -- 003E64: sub.w   ($20,A4), D0
D0=F0058 D1=0 D2=108100 D3=0 D4=10404980 D5=80410101 D6=FFFF D7=101100 A0=10904C A1=108906 A2=534F4 A3=10880A A4=101100 A5=108000 A6=10BA1E PC=3E68 -- 003E68: lea     ($1058,A5), A0
D0=F0058 D1=0 D2=108100 D3=0 D4=10404980 D5=80410101 D6=FFFF D7=101100 A0=109058 A1=108906 A2=534F4 A3=10880A A4=101100 A5=108000 A6=10BA1E PC=3E6C -- 003E6C: sub.w   (A0,D3.w), D0
D0=F0058 D1=0 D2=108100 D3=0 D4=10404980 D5=80410101 D6=FFFF D7=101100 A0=109058 A1=108906 A2=534F4 A3=10880A A4=101100 A5=108000 A6=10BA1E PC=3E70 -- 003E70: cmpi.w  #$1c0, D0
D0=F0058 D1=0 D2=108100 D3=0 D4=10404980 D5=80410101 D6=FFFF D7=101100 A0=109058 A1=108906 A2=534F4 A3=10880A A4=101100 A5=108000 A6=10BA1E PC=3E74 -- 003E74: bls     $3e78
D0=F0058 D1=0 D2=108100 D3=0 D4=10404980 D5=80410101 D6=FFFF D7=101100 A0=109058 A1=108906 A2=534F4 A3=10880A A4=101100 A5=108000 A6=10BA1E PC=3E78 -- 003E78: bsr     $4860
D0=F0058 D1=0 D2=108100 D3=0 D4=10404980 D5=80410101 D6=FFFF D7=101100 A0=109058 A1=108906 A2=534F4 A3=10880A A4=101100 A5=108000 A6=10BA1E PC=4860 -- 004860: lea     $7bf48.l, A0
D0=F0058 D1=0 D2=108100 D3=0 D4=10404980 D5=80410101 D6=FFFF D7=101100 A0=7BF48 A1=108906 A2=534F4 A3=10880A A4=101100 A5=108000 A6=10BA1E PC=4866 -- 004866: move.w  ($70,A4), D0
D0=F001B D1=0 D2=108100 D3=0 D4=10404980 D5=80410101 D6=FFFF D7=101100 A0=7BF48 A1=108906 A2=534F4 A3=10880A A4=101100 A5=108000 A6=10BA1E PC=486A -- 00486A: add.w   D0, D0
D0=F0036 D1=0 D2=108100 D3=0 D4=10404980 D5=80410101 D6=FFFF D7=101100 A0=7BF48 A1=108906 A2=534F4 A3=10880A A4=101100 A5=108000 A6=10BA1E PC=486C -- 00486C: add.w   D0, D0
D0=F006C D1=0 D2=108100 D3=0 D4=10404980 D5=80410101 D6=FFFF D7=101100 A0=7BF48 A1=108906 A2=534F4 A3=10880A A4=101100 A5=108000 A6=10BA1E PC=486E -- 00486E: movea.l (A0,D0.w), A0
D0=F006C D1=0 D2=108100 D3=0 D4=10404980 D5=80410101 D6=FFFF D7=101100 A0=7F5E0 A1=108906 A2=534F4 A3=10880A A4=101100 A5=108000 A6=10BA1E PC=4872 -- 004872: move.w  ($72,A4), D0
D0=F0032 D1=0 D2=108100 D3=0 D4=10404980 D5=80410101 D6=FFFF D7=101100 A0=7F5E0 A1=108906 A2=534F4 A3=10880A A4=101100 A5=108000 A6=10BA1E PC=4876 -- 004876: add.w   D0, D0
D0=F0064 D1=0 D2=108100 D3=0 D4=10404980 D5=80410101 D6=FFFF D7=101100 A0=7F5E0 A1=108906 A2=534F4 A3=10880A A4=101100 A5=108000 A6=10BA1E PC=4878 -- 004878: move.w  (A0,D0.w), D1
D0=F0064 D1=3232 D2=108100 D3=0 D4=10404980 D5=80410101 D6=FFFF D7=101100 A0=7F5E0 A1=108906 A2=534F4 A3=10880A A4=101100 A5=108000 A6=10BA1E PC=487C -- 00487C: move.w  D1, ($46de,A5)
D0=F0064 D1=3232 D2=108100 D3=0 D4=10404980 D5=80410101 D6=FFFF D7=101100 A0=7F5E0 A1=108906 A2=534F4 A3=10880A A4=101100 A5=108000 A6=10BA1E PC=4880 -- 004880: lea     $80000.l, A0
D0=F0064 D1=3232 D2=108100 D3=0 D4=10404980 D5=80410101 D6=FFFF D7=101100 A0=80000 A1=108906 A2=534F4 A3=10880A A4=101100 A5=108000 A6=10BA1E PC=4886 -- 004886: move.w  ($70,A4), D0
D0=F001B D1=3232 D2=108100 D3=0 D4=10404980 D5=80410101 D6=FFFF D7=101100 A0=80000 A1=108906 A2=534F4 A3=10880A A4=101100 A5=108000 A6=10BA1E PC=488A -- 00488A: add.w   D0, D0
D0=F0036 D1=3232 D2=108100 D3=0 D4=10404980 D5=80410101 D6=FFFF D7=101100 A0=80000 A1=108906 A2=534F4 A3=10880A A4=101100 A5=108000 A6=10BA1E PC=488C -- 00488C: add.w   D0, D0
D0=F006C D1=3232 D2=108100 D3=0 D4=10404980 D5=80410101 D6=FFFF D7=101100 A0=80000 A1=108906 A2=534F4 A3=10880A A4=101100 A5=108000 A6=10BA1E PC=488E -- 00488E: movea.l (A0,D0.w), A0
D0=F006C D1=3232 D2=108100 D3=0 D4=10404980 D5=80410101 D6=FFFF D7=101100 A0=86E00 A1=108906 A2=534F4 A3=10880A A4=101100 A5=108000 A6=10BA1E PC=4892 -- 004892: move.w  ($46de,A5), D0
D0=F3232 D1=3232 D2=108100 D3=0 D4=10404980 D5=80410101 D6=FFFF D7=101100 A0=86E00 A1=108906 A2=534F4 A3=10880A A4=101100 A5=108000 A6=10BA1E PC=4896 -- 004896: tst.b   ($46e2,A5)
D0=F3232 D1=3232 D2=108100 D3=0 D4=10404980 D5=80410101 D6=FFFF D7=101100 A0=86E00 A1=108906 A2=534F4 A3=10880A A4=101100 A5=108000 A6=10BA1E PC=489A -- 00489A: beq     $48a0
D0=F3232 D1=3232 D2=108100 D3=0 D4=10404980 D5=80410101 D6=FFFF D7=101100 A0=86E00 A1=108906 A2=534F4 A3=10880A A4=101100 A5=108000 A6=10BA1E PC=48A0 -- 0048A0: andi.w  #$ff, D0
D0=F0032 D1=3232 D2=108100 D3=0 D4=10404980 D5=80410101 D6=FFFF D7=101100 A0=86E00 A1=108906 A2=534F4 A3=10880A A4=101100 A5=108000 A6=10BA1E PC=48A4 -- 0048A4: add.w   D0, D0
D0=F0064 D1=3232 D2=108100 D3=0 D4=10404980 D5=80410101 D6=FFFF D7=101100 A0=86E00 A1=108906 A2=534F4 A3=10880A A4=101100 A5=108000 A6=10BA1E PC=48A6 -- 0048A6: add.w   D0, D0
D0=F00C8 D1=3232 D2=108100 D3=0 D4=10404980 D5=80410101 D6=FFFF D7=101100 A0=86E00 A1=108906 A2=534F4 A3=10880A A4=101100 A5=108000 A6=10BA1E PC=48A8 -- 0048A8: movea.l (A0,D0.w), A0
D0=F00C8 D1=3232 D2=108100 D3=0 D4=10404980 D5=80410101 D6=FFFF D7=101100 A0=F30E2 A1=108906 A2=534F4 A3=10880A A4=101100 A5=108000 A6=10BA1E PC=48AC -- 0048AC: move.w  ($74,A4), D0
D0=F0000 D1=3232 D2=108100 D3=0 D4=10404980 D5=80410101 D6=FFFF D7=101100 A0=F30E2 A1=108906 A2=534F4 A3=10880A A4=101100 A5=108000 A6=10BA1E PC=48B0 -- 0048B0: adda.w  D0, A0
D0=F0000 D1=3232 D2=108100 D3=0 D4=10404980 D5=80410101 D6=FFFF D7=101100 A0=F30E2 A1=108906 A2=534F4 A3=10880A A4=101100 A5=108000 A6=10BA1E PC=48B2 -- 0048B2: move.l  (A0), D0
D0=10F110A D1=3232 D2=108100 D3=0 D4=10404980 D5=80410101 D6=FFFF D7=101100 A0=F30E2 A1=108906 A2=534F4 A3=10880A A4=101100 A5=108000 A6=10BA1E PC=48B4 -- 0048B4: andi.l  #$ffffff, D0
D0=F110A D1=3232 D2=108100 D3=0 D4=10404980 D5=80410101 D6=FFFF D7=101100 A0=F30E2 A1=108906 A2=534F4 A3=10880A A4=101100 A5=108000 A6=10BA1E PC=48BA -- 0048BA: movea.l D0, A0
D0=F110A D1=3232 D2=108100 D3=0 D4=10404980 D5=80410101 D6=FFFF D7=101100 A0=F110A A1=108906 A2=534F4 A3=10880A A4=101100 A5=108000 A6=10BA1E PC=48BC -- 0048BC: move.w  ($4,A0), D0
D0=F0072 D1=3232 D2=108100 D3=0 D4=10404980 D5=80410101 D6=FFFF D7=101100 A0=F110A A1=108906 A2=534F4 A3=10880A A4=101100 A5=108000 A6=10BA1E PC=48C0 -- 0048C0: andi.w  #$1fff, D0
D0=F0072 D1=3232 D2=108100 D3=0 D4=10404980 D5=80410101 D6=FFFF D7=101100 A0=F110A A1=108906 A2=534F4 A3=10880A A4=101100 A5=108000 A6=10BA1E PC=48C4 -- 0048C4: move.w  D0, ($46e0,A5)
D0=F0072 D1=3232 D2=108100 D3=0 D4=10404980 D5=80410101 D6=FFFF D7=101100 A0=F110A A1=108906 A2=534F4 A3=10880A A4=101100 A5=108000 A6=10BA1E PC=48C8 -- 0048C8: lea     $80080.l, A0
D0=F0072 D1=3232 D2=108100 D3=0 D4=10404980 D5=80410101 D6=FFFF D7=101100 A0=80080 A1=108906 A2=534F4 A3=10880A A4=101100 A5=108000 A6=10BA1E PC=48CE -- 0048CE: move.w  ($70,A4), D1
D0=F0072 D1=1B D2=108100 D3=0 D4=10404980 D5=80410101 D6=FFFF D7=101100 A0=80080 A1=108906 A2=534F4 A3=10880A A4=101100 A5=108000 A6=10BA1E PC=48D2 -- 0048D2: add.w   D1, D1
D0=F0072 D1=36 D2=108100 D3=0 D4=10404980 D5=80410101 D6=FFFF D7=101100 A0=80080 A1=108906 A2=534F4 A3=10880A A4=101100 A5=108000 A6=10BA1E PC=48D4 -- 0048D4: add.w   D1, D1
D0=F0072 D1=6C D2=108100 D3=0 D4=10404980 D5=80410101 D6=FFFF D7=101100 A0=80080 A1=108906 A2=534F4 A3=10880A A4=101100 A5=108000 A6=10BA1E PC=48D6 -- 0048D6: movea.l (A0,D1.w), A0
D0=F0072 D1=6C D2=108100 D3=0 D4=10404980 D5=80410101 D6=FFFF D7=101100 A0=95200 A1=108906 A2=534F4 A3=10880A A4=101100 A5=108000 A6=10BA1E PC=48DA -- 0048DA: add.w   D0, D0
D0=F00E4 D1=6C D2=108100 D3=0 D4=10404980 D5=80410101 D6=FFFF D7=101100 A0=95200 A1=108906 A2=534F4 A3=10880A A4=101100 A5=108000 A6=10BA1E PC=48DC -- 0048DC: add.w   D0, D0
D0=F01C8 D1=6C D2=108100 D3=0 D4=10404980 D5=80410101 D6=FFFF D7=101100 A0=95200 A1=108906 A2=534F4 A3=10880A A4=101100 A5=108000 A6=10BA1E PC=48DE -- 0048DE: move.l  (A0,D0.w), ($28,A4)
D0=F01C8 D1=6C D2=108100 D3=0 D4=10404980 D5=80410101 D6=FFFF D7=101100 A0=95200 A1=108906 A2=534F4 A3=10880A A4=101100 A5=108000 A6=10BA1E PC=48E4 -- 0048E4: rts
D0=F01C8 D1=6C D2=108100 D3=0 D4=10404980 D5=80410101 D6=FFFF D7=101100 A0=95200 A1=108906 A2=534F4 A3=10880A A4=101100 A5=108000 A6=10BA1E PC=3E7C -- 003E7C: bra     $481a
D0=F01C8 D1=6C D2=108100 D3=0 D4=10404980 D5=80410101 D6=FFFF D7=101100 A0=95200 A1=108906 A2=534F4 A3=10880A A4=101100 A5=108000 A6=10BA1E PC=481A -- 00481A: addq.w  #1, ($e3a,A5)
D0=F01C8 D1=6C D2=108100 D3=0 D4=10404980 D5=80410101 D6=FFFF D7=101100 A0=95200 A1=108906 A2=534F4 A3=10880A A4=101100 A5=108000 A6=10BA1E PC=481E -- 00481E: lea     ($838,A5), A1
D0=F01C8 D1=6C D2=108100 D3=0 D4=10404980 D5=80410101 D6=FFFF D7=101100 A0=95200 A1=108838 A2=534F4 A3=10880A A4=101100 A5=108000 A6=10BA1E PC=4822 -- 004822: move.w  ($2c,A4), D0
D0=F0065 D1=6C D2=108100 D3=0 D4=10404980 D5=80410101 D6=FFFF D7=101100 A0=95200 A1=108838 A2=534F4 A3=10880A A4=101100 A5=108000 A6=10BA1E PC=4826 -- 004826: move.w  D0, D1
D0=F0065 D1=65 D2=108100 D3=0 D4=10404980 D5=80410101 D6=FFFF D7=101100 A0=95200 A1=108838 A2=534F4 A3=10880A A4=101100 A5=108000 A6=10BA1E PC=4828 -- 004828: add.w   D1, D1
D0=F0065 D1=CA D2=108100 D3=0 D4=10404980 D5=80410101 D6=FFFF D7=101100 A0=95200 A1=108838 A2=534F4 A3=10880A A4=101100 A5=108000 A6=10BA1E PC=482A -- 00482A: adda.w  D1, A1
D0=F0065 D1=CA D2=108100 D3=0 D4=10404980 D5=80410101 D6=FFFF D7=101100 A0=95200 A1=108902 A2=534F4 A3=10880A A4=101100 A5=108000 A6=10BA1E PC=482C -- 00482C: cmp.w   ($e38,A5), D1
D0=F0065 D1=CA D2=108100 D3=0 D4=10404980 D5=80410101 D6=FFFF D7=101100 A0=95200 A1=108902 A2=534F4 A3=10880A A4=101100 A5=108000 A6=10BA1E PC=4830 -- 004830: bhi     $4836
D0=F0065 D1=CA D2=108100 D3=0 D4=10404980 D5=80410101 D6=FFFF D7=101100 A0=95200 A1=108902 A2=534F4 A3=10880A A4=101100 A5=108000 A6=10BA1E PC=4832 -- 004832: move.w  D1, ($e38,A5)
D0=F0065 D1=CA D2=108100 D3=0 D4=10404980 D5=80410101 D6=FFFF D7=101100 A0=95200 A1=108902 A2=534F4 A3=10880A A4=101100 A5=108000 A6=10BA1E PC=4836 -- 004836: move.w  (A1)+, D1
D0=F0065 D1=0 D2=108100 D3=0 D4=10404980 D5=80410101 D6=FFFF D7=101100 A0=95200 A1=108904 A2=534F4 A3=10880A A4=101100 A5=108000 A6=10BA1E PC=4838 -- 004838: beq     $485a
D0=F0065 D1=0 D2=108100 D3=0 D4=10404980 D5=80410101 D6=FFFF D7=101100 A0=95200 A1=108904 A2=534F4 A3=10880A A4=101100 A5=108000 A6=10BA1E PC=485A -- 00485A: move.w  A4, (-$2,A1)
D0=F0065 D1=0 D2=108100 D3=0 D4=10404980 D5=80410101 D6=FFFF D7=101100 A0=95200 A1=108904 A2=534F4 A3=10880A A4=101100 A5=108000 A6=10BA1E PC=485E -- 00485E: rts
D0=F0065 D1=0 D2=108100 D3=0 D4=10404980 D5=80410101 D6=FFFF D7=101100 A0=95200 A1=108904 A2=534F4 A3=10880A A4=101100 A5=108000 A6=10BA1E PC=32B3C -- 032B3C: move.l  A4, D7
D0=F0065 D1=0 D2=108100 D3=0 D4=10404980 D5=80410101 D6=FFFF D7=101100 A0=95200 A1=108904 A2=534F4 A3=10880A A4=101100 A5=108000 A6=10BA1E PC=32B3E -- 032B3E: move.w  ($4,A4), D7
D0=F0065 D1=0 D2=108100 D3=0 D4=10404980 D5=80410101 D6=FFFF D7=101300 A0=95200 A1=108904 A2=534F4 A3=10880A A4=101100 A5=108000 A6=10BA1E PC=32B42 -- 032B42: bpl     $32b36
D0=F0065 D1=0 D2=108100 D3=0 D4=10404980 D5=80410101 D6=FFFF D7=101300 A0=95200 A1=108904 A2=534F4 A3=10880A A4=101100 A5=108000 A6=10BA1E PC=32B36 -- 032B36: movea.l D7, A4
D0=F0065 D1=0 D2=108100 D3=0 D4=10404980 D5=80410101 D6=FFFF D7=101300 A0=95200 A1=108904 A2=534F4 A3=10880A A4=101300 A5=108000 A6=10BA1E PC=32B38 -- 032B38: movea.l (A4), A0
D0=F0065 D1=0 D2=108100 D3=0 D4=10404980 D5=80410101 D6=FFFF D7=101300 A0=37CBA A1=108904 A2=534F4 A3=10880A A4=101300 A5=108000 A6=10BA1E PC=32B3A -- 032B3A: jsr     (A0)
D0=F0065 D1=0 D2=108100 D3=0 D4=10404980 D5=80410101 D6=FFFF D7=101300 A0=37CBA A1=108904 A2=534F4 A3=10880A A4=101300 A5=108000 A6=10BA1E PC=37CBA -- 037CBA: move.w  ($d0,A4), D0
D0=F0003 D1=0 D2=108100 D3=0 D4=10404980 D5=80410101 D6=FFFF D7=101300 A0=37CBA A1=108904 A2=534F4 A3=10880A A4=101300 A5=108000 A6=10BA1E PC=37CBE -- 037CBE: movea.l ($84,A4), A0
D0=F0003 D1=0 D2=108100 D3=0 D4=10404980 D5=80410101 D6=FFFF D7=101300 A0=108584 A1=108904 A2=534F4 A3=10880A A4=101300 A5=108000 A6=10BA1E PC=37CC2 -- 037CC2: btst    D0, ($cf,A0)
D0=F0003 D1=0 D2=108100 D3=0 D4=10404980 D5=80410101 D6=FFFF D7=101300 A0=108584 A1=108904 A2=534F4 A3=10880A A4=101300 A5=108000 A6=10BA1E PC=37CC6 -- 037CC6: beq     $36eac
D0=F0003 D1=0 D2=108100 D3=0 D4=10404980 D5=80410101 D6=FFFF D7=101300 A0=108584 A1=108904 A2=534F4 A3=10880A A4=101300 A5=108000 A6=10BA1E PC=36EAC -- 036EAC: jsr     $48e6.w
D0=F0003 D1=0 D2=108100 D3=0 D4=10404980 D5=80410101 D6=FFFF D7=101300 A0=108584 A1=108904 A2=534F4 A3=10880A A4=101300 A5=108000 A6=10BA1E PC=48E6 -- 0048E6: move.w  ($70,A4), D0
D0=F001B D1=0 D2=108100 D3=0 D4=10404980 D5=80410101 D6=FFFF D7=101300 A0=108584 A1=108904 A2=534F4 A3=10880A A4=101300 A5=108000 A6=10BA1E PC=48EA -- 0048EA: cmp.b   ($78,A4), D0
D0=F001B D1=0 D2=108100 D3=0 D4=10404980 D5=80410101 D6=FFFF D7=101300 A0=108584 A1=108904 A2=534F4 A3=10880A A4=101300 A5=108000 A6=10BA1E PC=48EE -- 0048EE: bne     $491c
D0=F001B D1=0 D2=108100 D3=0 D4=10404980 D5=80410101 D6=FFFF D7=101300 A0=108584 A1=108904 A2=534F4 A3=10880A A4=101300 A5=108000 A6=10BA1E PC=48F0 -- 0048F0: move.w  ($72,A4), D0
D0=F0031 D1=0 D2=108100 D3=0 D4=10404980 D5=80410101 D6=FFFF D7=101300 A0=108584 A1=108904 A2=534F4 A3=10880A A4=101300 A5=108000 A6=10BA1E PC=48F4 -- 0048F4: cmp.b   ($79,A4), D0
D0=F0031 D1=0 D2=108100 D3=0 D4=10404980 D5=80410101 D6=FFFF D7=101300 A0=108584 A1=108904 A2=534F4 A3=10880A A4=101300 A5=108000 A6=10BA1E PC=48F8 -- 0048F8: bne     $493c
D0=F0031 D1=0 D2=108100 D3=0 D4=10404980 D5=80410101 D6=FFFF D7=101300 A0=108584 A1=108904 A2=534F4 A3=10880A A4=101300 A5=108000 A6=10BA1E PC=48FA -- 0048FA: tst.b   ($77,A4)
D0=F0031 D1=0 D2=108100 D3=0 D4=10404980 D5=80410101 D6=FFFF D7=101300 A0=108584 A1=108904 A2=534F4 A3=10880A A4=101300 A5=108000 A6=10BA1E PC=48FE -- 0048FE: bne     $495c
D0=F0031 D1=0 D2=108100 D3=0 D4=10404980 D5=80410101 D6=FFFF D7=101300 A0=108584 A1=108904 A2=534F4 A3=10880A A4=101300 A5=108000 A6=10BA1E PC=4900 -- 004900: tst.b   ($7a,A4)
D0=F0031 D1=0 D2=108100 D3=0 D4=10404980 D5=80410101 D6=FFFF D7=101300 A0=108584 A1=108904 A2=534F4 A3=10880A A4=101300 A5=108000 A6=10BA1E PC=4904 -- 004904: bmi     $491a
D0=F0031 D1=0 D2=108100 D3=0 D4=10404980 D5=80410101 D6=FFFF D7=101300 A0=108584 A1=108904 A2=534F4 A3=10880A A4=101300 A5=108000 A6=10BA1E PC=491A -- 00491A: rts
D0=F0031 D1=0 D2=108100 D3=0 D4=10404980 D5=80410101 D6=FFFF D7=101300 A0=108584 A1=108904 A2=534F4 A3=10880A A4=101300 A5=108000 A6=10BA1E PC=36EB0 -- 036EB0: jmp     $3e2e.w
D0=F0031 D1=0 D2=108100 D3=0 D4=10404980 D5=80410101 D6=FFFF D7=101300 A0=108584 A1=108904 A2=534F4 A3=10880A A4=101300 A5=108000 A6=10BA1E PC=3E2E -- 003E2E: tst.w   ($74,A4)
D0=F0031 D1=0 D2=108100 D3=0 D4=10404980 D5=80410101 D6=FFFF D7=101300 A0=108584 A1=108904 A2=534F4 A3=10880A A4=101300 A5=108000 A6=10BA1E PC=3E32 -- 003E32: bmi     $3e80
D0=F0031 D1=0 D2=108100 D3=0 D4=10404980 D5=80410101 D6=FFFF D7=101300 A0=108584 A1=108904 A2=534F4 A3=10880A A4=101300 A5=108000 A6=10BA1E PC=3E34 -- 003E34: btst    #$6, ($7c,A4)
D0=F0031 D1=0 D2=108100 D3=0 D4=10404980 D5=80410101 D6=FFFF D7=101300 A0=108584 A1=108904 A2=534F4 A3=10880A A4=101300 A5=108000 A6=10BA1E PC=3E3A -- 003E3A: bne     $3e78
D0=F0031 D1=0 D2=108100 D3=0 D4=10404980 D5=80410101 D6=FFFF D7=101300 A0=108584 A1=108904 A2=534F4 A3=10880A A4=101300 A5=108000 A6=10BA1E PC=3E3E -- 003E3E: moveq   #$0, D3
D0=F0031 D1=0 D2=108100 D3=0 D4=10404980 D5=80410101 D6=FFFF D7=101300 A0=108584 A1=108904 A2=534F4 A3=10880A A4=101300 A5=108000 A6=10BA1E PC=3E40 -- 003E40: move.b  ($82,A4), D3
D0=F0031 D1=0 D2=108100 D3=0 D4=10404980 D5=80410101 D6=FFFF D7=101300 A0=108584 A1=108904 A2=534F4 A3=10880A A4=101300 A5=108000 A6=10BA1E PC=3E44 -- 003E44: add.w   D3, D3
D0=F0031 D1=0 D2=108100 D3=0 D4=10404980 D5=80410101 D6=FFFF D7=101300 A0=108584 A1=108904 A2=534F4 A3=10880A A4=101300 A5=108000 A6=10BA1E PC=3E46 -- 003E46: add.w   D3, D3
D0=F0031 D1=0 D2=108100 D3=0 D4=10404980 D5=80410101 D6=FFFF D7=101300 A0=108584 A1=108904 A2=534F4 A3=10880A A4=101300 A5=108000 A6=10BA1E PC=3E48 -- 003E48: move.w  ($18,A4), D0
D0=F0020 D1=0 D2=108100 D3=0 D4=10404980 D5=80410101 D6=FFFF D7=101300 A0=108584 A1=108904 A2=534F4 A3=10880A A4=101300 A5=108000 A6=10BA1E PC=3E4C -- 003E4C: lea     ($104c,A5), A0
D0=F0020 D1=0 D2=108100 D3=0 D4=10404980 D5=80410101 D6=FFFF D7=101300 A0=10904C A1=108904 A2=534F4 A3=10880A A4=101300 A5=108000 A6=10BA1E PC=3E50 -- 003E50: sub.w   (A0,D3.w), D0
D0=F0020 D1=0 D2=108100 D3=0 D4=10404980 D5=80410101 D6=FFFF D7=101300 A0=10904C A1=108904 A2=534F4 A3=10880A A4=101300 A5=108000 A6=10BA1E PC=3E54 -- 003E54: addi.w  #$30, D0
D0=F0050 D1=0 D2=108100 D3=0 D4=10404980 D5=80410101 D6=FFFF D7=101300 A0=10904C A1=108904 A2=534F4 A3=10880A A4=101300 A5=108000 A6=10BA1E PC=3E58 -- 003E58: cmpi.w  #$1a0, D0
D0=F0050 D1=0 D2=108100 D3=0 D4=10404980 D5=80410101 D6=FFFF D7=101300 A0=10904C A1=108904 A2=534F4 A3=10880A A4=101300 A5=108000 A6=10BA1E PC=3E5C -- 003E5C: bls     $3e60
D0=F0050 D1=0 D2=108100 D3=0 D4=10404980 D5=80410101 D6=FFFF D7=101300 A0=10904C A1=108904 A2=534F4 A3=10880A A4=101300 A5=108000 A6=10BA1E PC=3E60 -- 003E60: move.w  ($1c,A4), D0
D0=F0060 D1=0 D2=108100 D3=0 D4=10404980 D5=80410101 D6=FFFF D7=101300 A0=10904C A1=108904 A2=534F4 A3=10880A A4=101300 A5=108000 A6=10BA1E PC=3E64 -- 003E64: sub.w   ($20,A4), D0
D0=F0060 D1=0 D2=108100 D3=0 D4=10404980 D5=80410101 D6=FFFF D7=101300 A0=10904C A1=108904 A2=534F4 A3=10880A A4=101300 A5=108000 A6=10BA1E PC=3E68 -- 003E68: lea     ($1058,A5), A0
D0=F0060 D1=0 D2=108100 D3=0 D4=10404980 D5=80410101 D6=FFFF D7=101300 A0=109058 A1=108904 A2=534F4 A3=10880A A4=101300 A5=108000 A6=10BA1E PC=3E6C -- 003E6C: sub.w   (A0,D3.w), D0
D0=F0060 D1=0 D2=108100 D3=0 D4=10404980 D5=80410101 D6=FFFF D7=101300 A0=109058 A1=108904 A2=534F4 A3=10880A A4=101300 A5=108000 A6=10BA1E PC=3E70 -- 003E70: cmpi.w  #$1c0, D0
D0=F0060 D1=0 D2=108100 D3=0 D4=10404980 D5=80410101 D6=FFFF D7=101300 A0=109058 A1=108904 A2=534F4 A3=10880A A4=101300 A5=108000 A6=10BA1E PC=3E74 -- 003E74: bls     $3e78
D0=F0060 D1=0 D2=108100 D3=0 D4=10404980 D5=80410101 D6=FFFF D7=101300 A0=109058 A1=108904 A2=534F4 A3=10880A A4=101300 A5=108000 A6=10BA1E PC=3E78 -- 003E78: bsr     $4860
D0=F0060 D1=0 D2=108100 D3=0 D4=10404980 D5=80410101 D6=FFFF D7=101300 A0=109058 A1=108904 A2=534F4 A3=10880A A4=101300 A5=108000 A6=10BA1E PC=4860 -- 004860: lea     $7bf48.l, A0
D0=F0060 D1=0 D2=108100 D3=0 D4=10404980 D5=80410101 D6=FFFF D7=101300 A0=7BF48 A1=108904 A2=534F4 A3=10880A A4=101300 A5=108000 A6=10BA1E PC=4866 -- 004866: move.w  ($70,A4), D0
D0=F001B D1=0 D2=108100 D3=0 D4=10404980 D5=80410101 D6=FFFF D7=101300 A0=7BF48 A1=108904 A2=534F4 A3=10880A A4=101300 A5=108000 A6=10BA1E PC=486A -- 00486A: add.w   D0, D0
D0=F0036 D1=0 D2=108100 D3=0 D4=10404980 D5=80410101 D6=FFFF D7=101300 A0=7BF48 A1=108904 A2=534F4 A3=10880A A4=101300 A5=108000 A6=10BA1E PC=486C -- 00486C: add.w   D0, D0
D0=F006C D1=0 D2=108100 D3=0 D4=10404980 D5=80410101 D6=FFFF D7=101300 A0=7BF48 A1=108904 A2=534F4 A3=10880A A4=101300 A5=108000 A6=10BA1E PC=486E -- 00486E: movea.l (A0,D0.w), A0
D0=F006C D1=0 D2=108100 D3=0 D4=10404980 D5=80410101 D6=FFFF D7=101300 A0=7F5E0 A1=108904 A2=534F4 A3=10880A A4=101300 A5=108000 A6=10BA1E PC=4872 -- 004872: move.w  ($72,A4), D0
D0=F0031 D1=0 D2=108100 D3=0 D4=10404980 D5=80410101 D6=FFFF D7=101300 A0=7F5E0 A1=108904 A2=534F4 A3=10880A A4=101300 A5=108000 A6=10BA1E PC=4876 -- 004876: add.w   D0, D0
D0=F0062 D1=0 D2=108100 D3=0 D4=10404980 D5=80410101 D6=FFFF D7=101300 A0=7F5E0 A1=108904 A2=534F4 A3=10880A A4=101300 A5=108000 A6=10BA1E PC=4878 -- 004878: move.w  (A0,D0.w), D1
D0=F0062 D1=3131 D2=108100 D3=0 D4=10404980 D5=80410101 D6=FFFF D7=101300 A0=7F5E0 A1=108904 A2=534F4 A3=10880A A4=101300 A5=108000 A6=10BA1E PC=487C -- 00487C: move.w  D1, ($46de,A5)
D0=F0062 D1=3131 D2=108100 D3=0 D4=10404980 D5=80410101 D6=FFFF D7=101300 A0=7F5E0 A1=108904 A2=534F4 A3=10880A A4=101300 A5=108000 A6=10BA1E PC=4880 -- 004880: lea     $80000.l, A0
D0=F0062 D1=3131 D2=108100 D3=0 D4=10404980 D5=80410101 D6=FFFF D7=101300 A0=80000 A1=108904 A2=534F4 A3=10880A A4=101300 A5=108000 A6=10BA1E PC=4886 -- 004886: move.w  ($70,A4), D0
D0=F001B D1=3131 D2=108100 D3=0 D4=10404980 D5=80410101 D6=FFFF D7=101300 A0=80000 A1=108904 A2=534F4 A3=10880A A4=101300 A5=108000 A6=10BA1E PC=488A -- 00488A: add.w   D0, D0
D0=F0036 D1=3131 D2=108100 D3=0 D4=10404980 D5=80410101 D6=FFFF D7=101300 A0=80000 A1=108904 A2=534F4 A3=10880A A4=101300 A5=108000 A6=10BA1E PC=488C -- 00488C: add.w   D0, D0
D0=F006C D1=3131 D2=108100 D3=0 D4=10404980 D5=80410101 D6=FFFF D7=101300 A0=80000 A1=108904 A2=534F4 A3=10880A A4=101300 A5=108000 A6=10BA1E PC=488E -- 00488E: movea.l (A0,D0.w), A0
D0=F006C D1=3131 D2=108100 D3=0 D4=10404980 D5=80410101 D6=FFFF D7=101300 A0=86E00 A1=108904 A2=534F4 A3=10880A A4=101300 A5=108000 A6=10BA1E PC=4892 -- 004892: move.w  ($46de,A5), D0
D0=F3131 D1=3131 D2=108100 D3=0 D4=10404980 D5=80410101 D6=FFFF D7=101300 A0=86E00 A1=108904 A2=534F4 A3=10880A A4=101300 A5=108000 A6=10BA1E PC=4896 -- 004896: tst.b   ($46e2,A5)
D0=F3131 D1=3131 D2=108100 D3=0 D4=10404980 D5=80410101 D6=FFFF D7=101300 A0=86E00 A1=108904 A2=534F4 A3=10880A A4=101300 A5=108000 A6=10BA1E PC=489A -- 00489A: beq     $48a0
D0=F3131 D1=3131 D2=108100 D3=0 D4=10404980 D5=80410101 D6=FFFF D7=101300 A0=86E00 A1=108904 A2=534F4 A3=10880A A4=101300 A5=108000 A6=10BA1E PC=48A0 -- 0048A0: andi.w  #$ff, D0
D0=F0031 D1=3131 D2=108100 D3=0 D4=10404980 D5=80410101 D6=FFFF D7=101300 A0=86E00 A1=108904 A2=534F4 A3=10880A A4=101300 A5=108000 A6=10BA1E PC=48A4 -- 0048A4: add.w   D0, D0
D0=F0062 D1=3131 D2=108100 D3=0 D4=10404980 D5=80410101 D6=FFFF D7=101300 A0=86E00 A1=108904 A2=534F4 A3=10880A A4=101300 A5=108000 A6=10BA1E PC=48A6 -- 0048A6: add.w   D0, D0
D0=F00C4 D1=3131 D2=108100 D3=0 D4=10404980 D5=80410101 D6=FFFF D7=101300 A0=86E00 A1=108904 A2=534F4 A3=10880A A4=101300 A5=108000 A6=10BA1E PC=48A8 -- 0048A8: movea.l (A0,D0.w), A0
D0=F00C4 D1=3131 D2=108100 D3=0 D4=10404980 D5=80410101 D6=FFFF D7=101300 A0=F30DA A1=108904 A2=534F4 A3=10880A A4=101300 A5=108000 A6=10BA1E PC=48AC -- 0048AC: move.w  ($74,A4), D0
D0=F0000 D1=3131 D2=108100 D3=0 D4=10404980 D5=80410101 D6=FFFF D7=101300 A0=F30DA A1=108904 A2=534F4 A3=10880A A4=101300 A5=108000 A6=10BA1E PC=48B0 -- 0048B0: adda.w  D0, A0
D0=F0000 D1=3131 D2=108100 D3=0 D4=10404980 D5=80410101 D6=FFFF D7=101300 A0=F30DA A1=108904 A2=534F4 A3=10880A A4=101300 A5=108000 A6=10BA1E PC=48B2 -- 0048B2: move.l  (A0), D0
D0=10F10E6 D1=3131 D2=108100 D3=0 D4=10404980 D5=80410101 D6=FFFF D7=101300 A0=F30DA A1=108904 A2=534F4 A3=10880A A4=101300 A5=108000 A6=10BA1E PC=48B4 -- 0048B4: andi.l  #$ffffff, D0
D0=F10E6 D1=3131 D2=108100 D3=0 D4=10404980 D5=80410101 D6=FFFF D7=101300 A0=F30DA A1=108904 A2=534F4 A3=10880A A4=101300 A5=108000 A6=10BA1E PC=48BA -- 0048BA: movea.l D0, A0
D0=F10E6 D1=3131 D2=108100 D3=0 D4=10404980 D5=80410101 D6=FFFF D7=101300 A0=F10E6 A1=108904 A2=534F4 A3=10880A A4=101300 A5=108000 A6=10BA1E PC=48BC -- 0048BC: move.w  ($4,A0), D0
D0=F006C D1=3131 D2=108100 D3=0 D4=10404980 D5=80410101 D6=FFFF D7=101300 A0=F10E6 A1=108904 A2=534F4 A3=10880A A4=101300 A5=108000 A6=10BA1E PC=48C0 -- 0048C0: andi.w  #$1fff, D0
D0=F006C D1=3131 D2=108100 D3=0 D4=10404980 D5=80410101 D6=FFFF D7=101300 A0=F10E6 A1=108904 A2=534F4 A3=10880A A4=101300 A5=108000 A6=10BA1E PC=48C4 -- 0048C4: move.w  D0, ($46e0,A5)
D0=F006C D1=3131 D2=108100 D3=0 D4=10404980 D5=80410101 D6=FFFF D7=101300 A0=F10E6 A1=108904 A2=534F4 A3=10880A A4=101300 A5=108000 A6=10BA1E PC=48C8 -- 0048C8: lea     $80080.l, A0
D0=F006C D1=3131 D2=108100 D3=0 D4=10404980 D5=80410101 D6=FFFF D7=101300 A0=80080 A1=108904 A2=534F4 A3=10880A A4=101300 A5=108000 A6=10BA1E PC=48CE -- 0048CE: move.w  ($70,A4), D1
D0=F006C D1=1B D2=108100 D3=0 D4=10404980 D5=80410101 D6=FFFF D7=101300 A0=80080 A1=108904 A2=534F4 A3=10880A A4=101300 A5=108000 A6=10BA1E PC=48D2 -- 0048D2: add.w   D1, D1
D0=F006C D1=36 D2=108100 D3=0 D4=10404980 D5=80410101 D6=FFFF D7=101300 A0=80080 A1=108904 A2=534F4 A3=10880A A4=101300 A5=108000 A6=10BA1E PC=48D4 -- 0048D4: add.w   D1, D1
D0=F006C D1=6C D2=108100 D3=0 D4=10404980 D5=80410101 D6=FFFF D7=101300 A0=80080 A1=108904 A2=534F4 A3=10880A A4=101300 A5=108000 A6=10BA1E PC=48D6 -- 0048D6: movea.l (A0,D1.w), A0
D0=F006C D1=6C D2=108100 D3=0 D4=10404980 D5=80410101 D6=FFFF D7=101300 A0=95200 A1=108904 A2=534F4 A3=10880A A4=101300 A5=108000 A6=10BA1E PC=48DA -- 0048DA: add.w   D0, D0
D0=F00D8 D1=6C D2=108100 D3=0 D4=10404980 D5=80410101 D6=FFFF D7=101300 A0=95200 A1=108904 A2=534F4 A3=10880A A4=101300 A5=108000 A6=10BA1E PC=48DC -- 0048DC: add.w   D0, D0
D0=F01B0 D1=6C D2=108100 D3=0 D4=10404980 D5=80410101 D6=FFFF D7=101300 A0=95200 A1=108904 A2=534F4 A3=10880A A4=101300 A5=108000 A6=10BA1E PC=48DE -- 0048DE: move.l  (A0,D0.w), ($28,A4)
D0=F01B0 D1=6C D2=108100 D3=0 D4=10404980 D5=80410101 D6=FFFF D7=101300 A0=95200 A1=108904 A2=534F4 A3=10880A A4=101300 A5=108000 A6=10BA1E PC=48E4 -- 0048E4: rts
D0=F01B0 D1=6C D2=108100 D3=0 D4=10404980 D5=80410101 D6=FFFF D7=101300 A0=95200 A1=108904 A2=534F4 A3=10880A A4=101300 A5=108000 A6=10BA1E PC=3E7C -- 003E7C: bra     $481a
D0=F01B0 D1=6C D2=108100 D3=0 D4=10404980 D5=80410101 D6=FFFF D7=101300 A0=95200 A1=108904 A2=534F4 A3=10880A A4=101300 A5=108000 A6=10BA1E PC=481A -- 00481A: addq.w  #1, ($e3a,A5)
D0=F01B0 D1=6C D2=108100 D3=0 D4=10404980 D5=80410101 D6=FFFF D7=101300 A0=95200 A1=108904 A2=534F4 A3=10880A A4=101300 A5=108000 A6=10BA1E PC=481E -- 00481E: lea     ($838,A5), A1
D0=F01B0 D1=6C D2=108100 D3=0 D4=10404980 D5=80410101 D6=FFFF D7=101300 A0=95200 A1=108838 A2=534F4 A3=10880A A4=101300 A5=108000 A6=10BA1E PC=4822 -- 004822: move.w  ($2c,A4), D0
D0=F0064 D1=6C D2=108100 D3=0 D4=10404980 D5=80410101 D6=FFFF D7=101300 A0=95200 A1=108838 A2=534F4 A3=10880A A4=101300 A5=108000 A6=10BA1E PC=4826 -- 004826: move.w  D0, D1
D0=F0064 D1=64 D2=108100 D3=0 D4=10404980 D5=80410101 D6=FFFF D7=101300 A0=95200 A1=108838 A2=534F4 A3=10880A A4=101300 A5=108000 A6=10BA1E PC=4828 -- 004828: add.w   D1, D1
D0=F0064 D1=C8 D2=108100 D3=0 D4=10404980 D5=80410101 D6=FFFF D7=101300 A0=95200 A1=108838 A2=534F4 A3=10880A A4=101300 A5=108000 A6=10BA1E PC=482A -- 00482A: adda.w  D1, A1
D0=F0064 D1=C8 D2=108100 D3=0 D4=10404980 D5=80410101 D6=FFFF D7=101300 A0=95200 A1=108900 A2=534F4 A3=10880A A4=101300 A5=108000 A6=10BA1E PC=482C -- 00482C: cmp.w   ($e38,A5), D1
D0=F0064 D1=C8 D2=108100 D3=0 D4=10404980 D5=80410101 D6=FFFF D7=101300 A0=95200 A1=108900 A2=534F4 A3=10880A A4=101300 A5=108000 A6=10BA1E PC=4830 -- 004830: bhi     $4836
D0=F0064 D1=C8 D2=108100 D3=0 D4=10404980 D5=80410101 D6=FFFF D7=101300 A0=95200 A1=108900 A2=534F4 A3=10880A A4=101300 A5=108000 A6=10BA1E PC=4832 -- 004832: move.w  D1, ($e38,A5)
D0=F0064 D1=C8 D2=108100 D3=0 D4=10404980 D5=80410101 D6=FFFF D7=101300 A0=95200 A1=108900 A2=534F4 A3=10880A A4=101300 A5=108000 A6=10BA1E PC=4836 -- 004836: move.w  (A1)+, D1
D0=F0064 D1=0 D2=108100 D3=0 D4=10404980 D5=80410101 D6=FFFF D7=101300 A0=95200 A1=108902 A2=534F4 A3=10880A A4=101300 A5=108000 A6=10BA1E PC=4838 -- 004838: beq     $485a
D0=F0064 D1=0 D2=108100 D3=0 D4=10404980 D5=80410101 D6=FFFF D7=101300 A0=95200 A1=108902 A2=534F4 A3=10880A A4=101300 A5=108000 A6=10BA1E PC=485A -- 00485A: move.w  A4, (-$2,A1)
D0=F0064 D1=0 D2=108100 D3=0 D4=10404980 D5=80410101 D6=FFFF D7=101300 A0=95200 A1=108902 A2=534F4 A3=10880A A4=101300 A5=108000 A6=10BA1E PC=485E -- 00485E: rts
D0=F0064 D1=0 D2=108100 D3=0 D4=10404980 D5=80410101 D6=FFFF D7=101300 A0=95200 A1=108902 A2=534F4 A3=10880A A4=101300 A5=108000 A6=10BA1E PC=32B3C -- 032B3C: move.l  A4, D7
D0=F0064 D1=0 D2=108100 D3=0 D4=10404980 D5=80410101 D6=FFFF D7=101300 A0=95200 A1=108902 A2=534F4 A3=10880A A4=101300 A5=108000 A6=10BA1E PC=32B3E -- 032B3E: move.w  ($4,A4), D7
D0=F0064 D1=0 D2=108100 D3=0 D4=10404980 D5=80410101 D6=FFFF D7=101500 A0=95200 A1=108902 A2=534F4 A3=10880A A4=101300 A5=108000 A6=10BA1E PC=32B42 -- 032B42: bpl     $32b36
D0=F0064 D1=0 D2=108100 D3=0 D4=10404980 D5=80410101 D6=FFFF D7=101500 A0=95200 A1=108902 A2=534F4 A3=10880A A4=101300 A5=108000 A6=10BA1E PC=32B36 -- 032B36: movea.l D7, A4
D0=F0064 D1=0 D2=108100 D3=0 D4=10404980 D5=80410101 D6=FFFF D7=101500 A0=95200 A1=108902 A2=534F4 A3=10880A A4=101500 A5=108000 A6=10BA1E PC=32B38 -- 032B38: movea.l (A4), A0
D0=F0064 D1=0 D2=108100 D3=0 D4=10404980 D5=80410101 D6=FFFF D7=101500 A0=37D04 A1=108902 A2=534F4 A3=10880A A4=101500 A5=108000 A6=10BA1E PC=32B3A -- 032B3A: jsr     (A0)
D0=F0064 D1=0 D2=108100 D3=0 D4=10404980 D5=80410101 D6=FFFF D7=101500 A0=37D04 A1=108902 A2=534F4 A3=10880A A4=101500 A5=108000 A6=10BA1E PC=37D04 -- 037D04: move.w  ($d0,A4), D0
D0=F0004 D1=0 D2=108100 D3=0 D4=10404980 D5=80410101 D6=FFFF D7=101500 A0=37D04 A1=108902 A2=534F4 A3=10880A A4=101500 A5=108000 A6=10BA1E PC=37D08 -- 037D08: movea.l ($84,A4), A0
D0=F0004 D1=0 D2=108100 D3=0 D4=10404980 D5=80410101 D6=FFFF D7=101500 A0=108584 A1=108902 A2=534F4 A3=10880A A4=101500 A5=108000 A6=10BA1E PC=37D0C -- 037D0C: btst    D0, ($cf,A0)
D0=F0004 D1=0 D2=108100 D3=0 D4=10404980 D5=80410101 D6=FFFF D7=101500 A0=108584 A1=108902 A2=534F4 A3=10880A A4=101500 A5=108000 A6=10BA1E PC=37D10 -- 037D10: bne     $37d60
D0=F0004 D1=0 D2=108100 D3=0 D4=10404980 D5=80410101 D6=FFFF D7=101500 A0=108584 A1=108902 A2=534F4 A3=10880A A4=101500 A5=108000 A6=10BA1E PC=37D12 -- 037D12: move.b  (-$7f79,A5), D0
D0=F00AE D1=0 D2=108100 D3=0 D4=10404980 D5=80410101 D6=FFFF D7=101500 A0=108584 A1=108902 A2=534F4 A3=10880A A4=101500 A5=108000 A6=10BA1E PC=37D16 -- 037D16: andi.b  #$f, D0
D0=F000E D1=0 D2=108100 D3=0 D4=10404980 D5=80410101 D6=FFFF D7=101500 A0=108584 A1=108902 A2=534F4 A3=10880A A4=101500 A5=108000 A6=10BA1E PC=37D1A -- 037D1A: bne     $37d22
D0=F000E D1=0 D2=108100 D3=0 D4=10404980 D5=80410101 D6=FFFF D7=101500 A0=108584 A1=108902 A2=534F4 A3=10880A A4=101500 A5=108000 A6=10BA1E PC=37D22 -- 037D22: btst    #$0, ($d2,A4)
D0=F000E D1=0 D2=108100 D3=0 D4=10404980 D5=80410101 D6=FFFF D7=101500 A0=108584 A1=108902 A2=534F4 A3=10880A A4=101500 A5=108000 A6=10BA1E PC=37D28 -- 037D28: beq     $37d48
D0=F000E D1=0 D2=108100 D3=0 D4=10404980 D5=80410101 D6=FFFF D7=101500 A0=108584 A1=108902 A2=534F4 A3=10880A A4=101500 A5=108000 A6=10BA1E PC=37D2A -- 037D2A: move.w  ($18,A4), D0
D0=F000F D1=0 D2=108100 D3=0 D4=10404980 D5=80410101 D6=FFFF D7=101500 A0=108584 A1=108902 A2=534F4 A3=10880A A4=101500 A5=108000 A6=10BA1E PC=37D2E -- 037D2E: move.w  ($1c,A4), D1
D0=F000F D1=11 D2=108100 D3=0 D4=10404980 D5=80410101 D6=FFFF D7=101500 A0=108584 A1=108902 A2=534F4 A3=10880A A4=101500 A5=108000 A6=10BA1E PC=37D32 -- 037D32: movea.l #$53500, A0
D0=F000F D1=11 D2=108100 D3=0 D4=10404980 D5=80410101 D6=FFFF D7=101500 A0=53500 A1=108902 A2=534F4 A3=10880A A4=101500 A5=108000 A6=10BA1E PC=37D38 -- 037D38: move.w  #$6300, D2
D0=F000F D1=11 D2=106300 D3=0 D4=10404980 D5=80410101 D6=FFFF D7=101500 A0=53500 A1=108902 A2=534F4 A3=10880A A4=101500 A5=108000 A6=10BA1E PC=37D3C -- 037D3C: move.w  #$1, D3
D0=F000F D1=11 D2=106300 D3=1 D4=10404980 D5=80410101 D6=FFFF D7=101500 A0=53500 A1=108902 A2=534F4 A3=10880A A4=101500 A5=108000 A6=10BA1E PC=37D40 -- 037D40: jsr     $5f22.l
D0=F000F D1=11 D2=106300 D3=1 D4=10404980 D5=80410101 D6=FFFF D7=101500 A0=53500 A1=108902 A2=534F4 A3=10880A A4=101500 A5=108000 A6=10BA1E PC=5F22 -- 005F22: move.w  D0, D4
D0=F000F D1=11 D2=106300 D3=1 D4=1040000F D5=80410101 D6=FFFF D7=101500 A0=53500 A1=108902 A2=534F4 A3=10880A A4=101500 A5=108000 A6=10BA1E PC=5F24 -- 005F24: move.w  D1, D5
D0=F000F D1=11 D2=106300 D3=1 D4=1040000F D5=80410011 D6=FFFF D7=101500 A0=53500 A1=108902 A2=534F4 A3=10880A A4=101500 A5=108000 A6=10BA1E PC=5F26 -- 005F26: jsr     ($b6,PC) ; ($5fde)
D0=F000F D1=11 D2=106300 D3=1 D4=1040000F D5=80410011 D6=FFFF D7=101500 A0=53500 A1=108902 A2=534F4 A3=10880A A4=101500 A5=108000 A6=10BA1E PC=5FDE -- 005FDE: lsl.w   #5, D0
D0=F01E0 D1=11 D2=106300 D3=1 D4=1040000F D5=80410011 D6=FFFF D7=101500 A0=53500 A1=108902 A2=534F4 A3=10880A A4=101500 A5=108000 A6=10BA1E PC=5FE0 -- 005FE0: add.w   D1, D0
D0=F01F1 D1=11 D2=106300 D3=1 D4=1040000F D5=80410011 D6=FFFF D7=101500 A0=53500 A1=108902 A2=534F4 A3=10880A A4=101500 A5=108000 A6=10BA1E PC=5FE2 -- 005FE2: addi.w  #$7002, D0
D0=F71F3 D1=11 D2=106300 D3=1 D4=1040000F D5=80410011 D6=FFFF D7=101500 A0=53500 A1=108902 A2=534F4 A3=10880A A4=101500 A5=108000 A6=10BA1E PC=5FE6 -- 005FE6: swap    D0
D0=71F3000F D1=11 D2=106300 D3=1 D4=1040000F D5=80410011 D6=FFFF D7=101500 A0=53500 A1=108902 A2=534F4 A3=10880A A4=101500 A5=108000 A6=10BA1E PC=5FE8 -- 005FE8: rts
D0=71F3000F D1=11 D2=106300 D3=1 D4=1040000F D5=80410011 D6=FFFF D7=101500 A0=53500 A1=108902 A2=534F4 A3=10880A A4=101500 A5=108000 A6=10BA1E PC=5F2A -- 005F2A: nop
D0=71F3000F D1=11 D2=106300 D3=1 D4=1040000F D5=80410011 D6=FFFF D7=101500 A0=53500 A1=108902 A2=534F4 A3=10880A A4=101500 A5=108000 A6=10BA1E PC=5F2C -- 005F2C: move.w  D2, D0
D0=71F36300 D1=11 D2=106300 D3=1 D4=1040000F D5=80410011 D6=FFFF D7=101500 A0=53500 A1=108902 A2=534F4 A3=10880A A4=101500 A5=108000 A6=10BA1E PC=5F2E -- 005F2E: move.b  (A0)+, D0
D0=71F363A0 D1=11 D2=106300 D3=1 D4=1040000F D5=80410011 D6=FFFF D7=101500 A0=53501 A1=108902 A2=534F4 A3=10880A A4=101500 A5=108000 A6=10BA1E PC=5F30 -- 005F30: cmpi.b  #-$1, D0
D0=71F363A0 D1=11 D2=106300 D3=1 D4=1040000F D5=80410011 D6=FFFF D7=101500 A0=53501 A1=108902 A2=534F4 A3=10880A A4=101500 A5=108000 A6=10BA1E PC=5F34 -- 005F34: beq     $5f5e
D0=71F363A0 D1=11 D2=106300 D3=1 D4=1040000F D5=80410011 D6=FFFF D7=101500 A0=53501 A1=108902 A2=534F4 A3=10880A A4=101500 A5=108000 A6=10BA1E PC=5F38 -- 005F38: cmpi.b  #$d, D0
D0=71F363A0 D1=11 D2=106300 D3=1 D4=1040000F D5=80410011 D6=FFFF D7=101500 A0=53501 A1=108902 A2=534F4 A3=10880A A4=101500 A5=108000 A6=10BA1E PC=5F3C -- 005F3C: bne     $5f50
D0=71F363A0 D1=11 D2=106300 D3=1 D4=1040000F D5=80410011 D6=FFFF D7=101500 A0=53501 A1=108902 A2=534F4 A3=10880A A4=101500 A5=108000 A6=10BA1E PC=5F50 -- 005F50: move.l  D0, $3c0000.l
D0=71F363A0 D1=11 D2=106300 D3=1 D4=1040000F D5=80410011 D6=FFFF D7=101500 A0=53501 A1=108902 A2=534F4 A3=10880A A4=101500 A5=108000 A6=10BA1E PC=5F56 -- 005F56: addi.l  #$200000, D0
D0=721363A0 D1=11 D2=106300 D3=1 D4=1040000F D5=80410011 D6=FFFF D7=101500 A0=53501 A1=108902 A2=534F4 A3=10880A A4=101500 A5=108000 A6=10BA1E PC=5F5C -- 005F5C: bra     $5f2e
D0=721363A0 D1=11 D2=106300 D3=1 D4=1040000F D5=80410011 D6=FFFF D7=101500 A0=53501 A1=108902 A2=534F4 A3=10880A A4=101500 A5=108000 A6=10BA1E PC=5F2E -- 005F2E: move.b  (A0)+, D0
D0=721363A1 D1=11 D2=106300 D3=1 D4=1040000F D5=80410011 D6=FFFF D7=101500 A0=53502 A1=108902 A2=534F4 A3=10880A A4=101500 A5=108000 A6=10BA1E PC=5F30 -- 005F30: cmpi.b  #-$1, D0
D0=721363A1 D1=11 D2=106300 D3=1 D4=1040000F D5=80410011 D6=FFFF D7=101500 A0=53502 A1=108902 A2=534F4 A3=10880A A4=101500 A5=108000 A6=10BA1E PC=5F34 -- 005F34: beq     $5f5e
D0=721363A1 D1=11 D2=106300 D3=1 D4=1040000F D5=80410011 D6=FFFF D7=101500 A0=53502 A1=108902 A2=534F4 A3=10880A A4=101500 A5=108000 A6=10BA1E PC=5F38 -- 005F38: cmpi.b  #$d, D0
D0=721363A1 D1=11 D2=106300 D3=1 D4=1040000F D5=80410011 D6=FFFF D7=101500 A0=53502 A1=108902 A2=534F4 A3=10880A A4=101500 A5=108000 A6=10BA1E PC=5F3C -- 005F3C: bne     $5f50
D0=721363A1 D1=11 D2=106300 D3=1 D4=1040000F D5=80410011 D6=FFFF D7=101500 A0=53502 A1=108902 A2=534F4 A3=10880A A4=101500 A5=108000 A6=10BA1E PC=5F50 -- 005F50: move.l  D0, $3c0000.l
D0=721363A1 D1=11 D2=106300 D3=1 D4=1040000F D5=80410011 D6=FFFF D7=101500 A0=53502 A1=108902 A2=534F4 A3=10880A A4=101500 A5=108000 A6=10BA1E PC=5F56 -- 005F56: addi.l  #$200000, D0
D0=723363A1 D1=11 D2=106300 D3=1 D4=1040000F D5=80410011 D6=FFFF D7=101500 A0=53502 A1=108902 A2=534F4 A3=10880A A4=101500 A5=108000 A6=10BA1E PC=5F5C -- 005F5C: bra     $5f2e

   (loops for 69 instructions)

D0=7333630D D1=11 D2=106300 D3=1 D4=1040000F D5=80410011 D6=FFFF D7=101500 A0=5350B A1=108902 A2=534F4 A3=10880A A4=101500 A5=108000 A6=10BA1E PC=5F40 -- 005F40: add.w   D3, D5
D0=7333630D D1=11 D2=106300 D3=1 D4=1040000F D5=80410012 D6=FFFF D7=101500 A0=5350B A1=108902 A2=534F4 A3=10880A A4=101500 A5=108000 A6=10BA1E PC=5F42 -- 005F42: move.w  D4, D0
D0=7333000F D1=11 D2=106300 D3=1 D4=1040000F D5=80410012 D6=FFFF D7=101500 A0=5350B A1=108902 A2=534F4 A3=10880A A4=101500 A5=108000 A6=10BA1E PC=5F44 -- 005F44: move.w  D5, D1
D0=7333000F D1=12 D2=106300 D3=1 D4=1040000F D5=80410012 D6=FFFF D7=101500 A0=5350B A1=108902 A2=534F4 A3=10880A A4=101500 A5=108000 A6=10BA1E PC=5F46 -- 005F46: jsr     ($96,PC) ; ($5fde)
D0=7333000F D1=12 D2=106300 D3=1 D4=1040000F D5=80410012 D6=FFFF D7=101500 A0=5350B A1=108902 A2=534F4 A3=10880A A4=101500 A5=108000 A6=10BA1E PC=5FDE -- 005FDE: lsl.w   #5, D0
D0=733301E0 D1=12 D2=106300 D3=1 D4=1040000F D5=80410012 D6=FFFF D7=101500 A0=5350B A1=108902 A2=534F4 A3=10880A A4=101500 A5=108000 A6=10BA1E PC=5FE0 -- 005FE0: add.w   D1, D0
D0=733301F2 D1=12 D2=106300 D3=1 D4=1040000F D5=80410012 D6=FFFF D7=101500 A0=5350B A1=108902 A2=534F4 A3=10880A A4=101500 A5=108000 A6=10BA1E PC=5FE2 -- 005FE2: addi.w  #$7002, D0
D0=733371F4 D1=12 D2=106300 D3=1 D4=1040000F D5=80410012 D6=FFFF D7=101500 A0=5350B A1=108902 A2=534F4 A3=10880A A4=101500 A5=108000 A6=10BA1E PC=5FE6 -- 005FE6: swap    D0
D0=71F47333 D1=12 D2=106300 D3=1 D4=1040000F D5=80410012 D6=FFFF D7=101500 A0=5350B A1=108902 A2=534F4 A3=10880A A4=101500 A5=108000 A6=10BA1E PC=5FE8 -- 005FE8: rts
D0=71F47333 D1=12 D2=106300 D3=1 D4=1040000F D5=80410012 D6=FFFF D7=101500 A0=5350B A1=108902 A2=534F4 A3=10880A A4=101500 A5=108000 A6=10BA1E PC=5F4A -- 005F4A: nop
D0=71F47333 D1=12 D2=106300 D3=1 D4=1040000F D5=80410012 D6=FFFF D7=101500 A0=5350B A1=108902 A2=534F4 A3=10880A A4=101500 A5=108000 A6=10BA1E PC=5F4C -- 005F4C: move.w  D2, D0
D0=71F46300 D1=12 D2=106300 D3=1 D4=1040000F D5=80410012 D6=FFFF D7=101500 A0=5350B A1=108902 A2=534F4 A3=10880A A4=101500 A5=108000 A6=10BA1E PC=5F4E -- 005F4E: bra     $5f2e

   (loops for 83 instructions)

D0=733463FF D1=12 D2=106300 D3=1 D4=1040000F D5=80410012 D6=FFFF D7=101500 A0=53516 A1=108902 A2=534F4 A3=10880A A4=101500 A5=108000 A6=10BA1E PC=5F5E -- 005F5E: rts
D0=733463FF D1=12 D2=106300 D3=1 D4=1040000F D5=80410012 D6=FFFF D7=101500 A0=53516 A1=108902 A2=534F4 A3=10880A A4=101500 A5=108000 A6=10BA1E PC=37D46 -- 037D46: bra     $37d5e
D0=733463FF D1=12 D2=106300 D3=1 D4=1040000F D5=80410012 D6=FFFF D7=101500 A0=53516 A1=108902 A2=534F4 A3=10880A A4=101500 A5=108000 A6=10BA1E PC=37D5E -- 037D5E: rts
D0=733463FF D1=12 D2=106300 D3=1 D4=1040000F D5=80410012 D6=FFFF D7=101500 A0=53516 A1=108902 A2=534F4 A3=10880A A4=101500 A5=108000 A6=10BA1E PC=32B3C -- 032B3C: move.l  A4, D7
D0=733463FF D1=12 D2=106300 D3=1 D4=1040000F D5=80410012 D6=FFFF D7=101500 A0=53516 A1=108902 A2=534F4 A3=10880A A4=101500 A5=108000 A6=10BA1E PC=32B3E -- 032B3E: move.w  ($4,A4), D7
D0=733463FF D1=12 D2=106300 D3=1 D4=1040000F D5=80410012 D6=FFFF D7=101700 A0=53516 A1=108902 A2=534F4 A3=10880A A4=101500 A5=108000 A6=10BA1E PC=32B42 -- 032B42: bpl     $32b36
D0=733463FF D1=12 D2=106300 D3=1 D4=1040000F D5=80410012 D6=FFFF D7=101700 A0=53516 A1=108902 A2=534F4 A3=10880A A4=101500 A5=108000 A6=10BA1E PC=32B36 -- 032B36: movea.l D7, A4
D0=733463FF D1=12 D2=106300 D3=1 D4=1040000F D5=80410012 D6=FFFF D7=101700 A0=53516 A1=108902 A2=534F4 A3=10880A A4=101700 A5=108000 A6=10BA1E PC=32B38 -- 032B38: movea.l (A4), A0
D0=733463FF D1=12 D2=106300 D3=1 D4=1040000F D5=80410012 D6=FFFF D7=101700 A0=37DBA A1=108902 A2=534F4 A3=10880A A4=101700 A5=108000 A6=10BA1E PC=32B3A -- 032B3A: jsr     (A0)
D0=733463FF D1=12 D2=106300 D3=1 D4=1040000F D5=80410012 D6=FFFF D7=101700 A0=37DBA A1=108902 A2=534F4 A3=10880A A4=101700 A5=108000 A6=10BA1E PC=37DBA -- 037DBA: clr.b   ($80,A4)
D0=733463FF D1=12 D2=106300 D3=1 D4=1040000F D5=80410012 D6=FFFF D7=101700 A0=37DBA A1=108902 A2=534F4 A3=10880A A4=101700 A5=108000 A6=10BA1E PC=37DBE -- 037DBE: moveq   #$0, D0
D0=0 D1=12 D2=106300 D3=1 D4=1040000F D5=80410012 D6=FFFF D7=101700 A0=37DBA A1=108902 A2=534F4 A3=10880A A4=101700 A5=108000 A6=10BA1E PC=37DC0 -- 037DC0: move.b  ($131,A4), D0
D0=6 D1=12 D2=106300 D3=1 D4=1040000F D5=80410012 D6=FFFF D7=101700 A0=37DBA A1=108902 A2=534F4 A3=10880A A4=101700 A5=108000 A6=10BA1E PC=37DC4 -- 037DC4: btst    D0, ($7df,A5)
D0=6 D1=12 D2=106300 D3=1 D4=1040000F D5=80410012 D6=FFFF D7=101700 A0=37DBA A1=108902 A2=534F4 A3=10880A A4=101700 A5=108000 A6=10BA1E PC=37DC8 -- 037DC8: beq     $37dec
D0=6 D1=12 D2=106300 D3=1 D4=1040000F D5=80410012 D6=FFFF D7=101700 A0=37DBA A1=108902 A2=534F4 A3=10880A A4=101700 A5=108000 A6=10BA1E PC=37DEC -- 037DEC: move.w  ($d0,A4), D0
D0=5 D1=12 D2=106300 D3=1 D4=1040000F D5=80410012 D6=FFFF D7=101700 A0=37DBA A1=108902 A2=534F4 A3=10880A A4=101700 A5=108000 A6=10BA1E PC=37DF0 -- 037DF0: movea.l ($84,A4), A0
D0=5 D1=12 D2=106300 D3=1 D4=1040000F D5=80410012 D6=FFFF D7=101700 A0=108584 A1=108902 A2=534F4 A3=10880A A4=101700 A5=108000 A6=10BA1E PC=37DF4 -- 037DF4: btst    D0, ($cf,A0)
D0=5 D1=12 D2=106300 D3=1 D4=1040000F D5=80410012 D6=FFFF D7=101700 A0=108584 A1=108902 A2=534F4 A3=10880A A4=101700 A5=108000 A6=10BA1E PC=37DF8 -- 037DF8: beq     $36eac
D0=5 D1=12 D2=106300 D3=1 D4=1040000F D5=80410012 D6=FFFF D7=101700 A0=108584 A1=108902 A2=534F4 A3=10880A A4=101700 A5=108000 A6=10BA1E PC=36EAC -- 036EAC: jsr     $48e6.w
D0=5 D1=12 D2=106300 D3=1 D4=1040000F D5=80410012 D6=FFFF D7=101700 A0=108584 A1=108902 A2=534F4 A3=10880A A4=101700 A5=108000 A6=10BA1E PC=48E6 -- 0048E6: move.w  ($70,A4), D0
D0=1B D1=12 D2=106300 D3=1 D4=1040000F D5=80410012 D6=FFFF D7=101700 A0=108584 A1=108902 A2=534F4 A3=10880A A4=101700 A5=108000 A6=10BA1E PC=48EA -- 0048EA: cmp.b   ($78,A4), D0
D0=1B D1=12 D2=106300 D3=1 D4=1040000F D5=80410012 D6=FFFF D7=101700 A0=108584 A1=108902 A2=534F4 A3=10880A A4=101700 A5=108000 A6=10BA1E PC=48EE -- 0048EE: bne     $491c
D0=1B D1=12 D2=106300 D3=1 D4=1040000F D5=80410012 D6=FFFF D7=101700 A0=108584 A1=108902 A2=534F4 A3=10880A A4=101700 A5=108000 A6=10BA1E PC=48F0 -- 0048F0: move.w  ($72,A4), D0
D0=40 D1=12 D2=106300 D3=1 D4=1040000F D5=80410012 D6=FFFF D7=101700 A0=108584 A1=108902 A2=534F4 A3=10880A A4=101700 A5=108000 A6=10BA1E PC=48F4 -- 0048F4: cmp.b   ($79,A4), D0
D0=40 D1=12 D2=106300 D3=1 D4=1040000F D5=80410012 D6=FFFF D7=101700 A0=108584 A1=108902 A2=534F4 A3=10880A A4=101700 A5=108000 A6=10BA1E PC=48F8 -- 0048F8: bne     $493c
D0=40 D1=12 D2=106300 D3=1 D4=1040000F D5=80410012 D6=FFFF D7=101700 A0=108584 A1=108902 A2=534F4 A3=10880A A4=101700 A5=108000 A6=10BA1E PC=48FA -- 0048FA: tst.b   ($77,A4)
D0=40 D1=12 D2=106300 D3=1 D4=1040000F D5=80410012 D6=FFFF D7=101700 A0=108584 A1=108902 A2=534F4 A3=10880A A4=101700 A5=108000 A6=10BA1E PC=48FE -- 0048FE: bne     $495c
D0=40 D1=12 D2=106300 D3=1 D4=1040000F D5=80410012 D6=FFFF D7=101700 A0=108584 A1=108902 A2=534F4 A3=10880A A4=101700 A5=108000 A6=10BA1E PC=4900 -- 004900: tst.b   ($7a,A4)
D0=40 D1=12 D2=106300 D3=1 D4=1040000F D5=80410012 D6=FFFF D7=101700 A0=108584 A1=108902 A2=534F4 A3=10880A A4=101700 A5=108000 A6=10BA1E PC=4904 -- 004904: bmi     $491a
D0=40 D1=12 D2=106300 D3=1 D4=1040000F D5=80410012 D6=FFFF D7=101700 A0=108584 A1=108902 A2=534F4 A3=10880A A4=101700 A5=108000 A6=10BA1E PC=491A -- 00491A: rts
D0=40 D1=12 D2=106300 D3=1 D4=1040000F D5=80410012 D6=FFFF D7=101700 A0=108584 A1=108902 A2=534F4 A3=10880A A4=101700 A5=108000 A6=10BA1E PC=36EB0 -- 036EB0: jmp     $3e2e.w
D0=40 D1=12 D2=106300 D3=1 D4=1040000F D5=80410012 D6=FFFF D7=101700 A0=108584 A1=108902 A2=534F4 A3=10880A A4=101700 A5=108000 A6=10BA1E PC=3E2E -- 003E2E: tst.w   ($74,A4)
D0=40 D1=12 D2=106300 D3=1 D4=1040000F D5=80410012 D6=FFFF D7=101700 A0=108584 A1=108902 A2=534F4 A3=10880A A4=101700 A5=108000 A6=10BA1E PC=3E32 -- 003E32: bmi     $3e80
D0=40 D1=12 D2=106300 D3=1 D4=1040000F D5=80410012 D6=FFFF D7=101700 A0=108584 A1=108902 A2=534F4 A3=10880A A4=101700 A5=108000 A6=10BA1E PC=3E34 -- 003E34: btst    #$6, ($7c,A4)
D0=40 D1=12 D2=106300 D3=1 D4=1040000F D5=80410012 D6=FFFF D7=101700 A0=108584 A1=108902 A2=534F4 A3=10880A A4=101700 A5=108000 A6=10BA1E PC=3E3A -- 003E3A: bne     $3e78
D0=40 D1=12 D2=106300 D3=1 D4=1040000F D5=80410012 D6=FFFF D7=101700 A0=108584 A1=108902 A2=534F4 A3=10880A A4=101700 A5=108000 A6=10BA1E PC=3E3E -- 003E3E: moveq   #$0, D3
D0=40 D1=12 D2=106300 D3=0 D4=1040000F D5=80410012 D6=FFFF D7=101700 A0=108584 A1=108902 A2=534F4 A3=10880A A4=101700 A5=108000 A6=10BA1E PC=3E40 -- 003E40: move.b  ($82,A4), D3
D0=40 D1=12 D2=106300 D3=0 D4=1040000F D5=80410012 D6=FFFF D7=101700 A0=108584 A1=108902 A2=534F4 A3=10880A A4=101700 A5=108000 A6=10BA1E PC=3E44 -- 003E44: add.w   D3, D3
D0=40 D1=12 D2=106300 D3=0 D4=1040000F D5=80410012 D6=FFFF D7=101700 A0=108584 A1=108902 A2=534F4 A3=10880A A4=101700 A5=108000 A6=10BA1E PC=3E46 -- 003E46: add.w   D3, D3
D0=40 D1=12 D2=106300 D3=0 D4=1040000F D5=80410012 D6=FFFF D7=101700 A0=108584 A1=108902 A2=534F4 A3=10880A A4=101700 A5=108000 A6=10BA1E PC=3E48 -- 003E48: move.w  ($18,A4), D0
D0=90 D1=12 D2=106300 D3=0 D4=1040000F D5=80410012 D6=FFFF D7=101700 A0=108584 A1=108902 A2=534F4 A3=10880A A4=101700 A5=108000 A6=10BA1E PC=3E4C -- 003E4C: lea     ($104c,A5), A0
D0=90 D1=12 D2=106300 D3=0 D4=1040000F D5=80410012 D6=FFFF D7=101700 A0=10904C A1=108902 A2=534F4 A3=10880A A4=101700 A5=108000 A6=10BA1E PC=3E50 -- 003E50: sub.w   (A0,D3.w), D0
D0=90 D1=12 D2=106300 D3=0 D4=1040000F D5=80410012 D6=FFFF D7=101700 A0=10904C A1=108902 A2=534F4 A3=10880A A4=101700 A5=108000 A6=10BA1E PC=3E54 -- 003E54: addi.w  #$30, D0
D0=C0 D1=12 D2=106300 D3=0 D4=1040000F D5=80410012 D6=FFFF D7=101700 A0=10904C A1=108902 A2=534F4 A3=10880A A4=101700 A5=108000 A6=10BA1E PC=3E58 -- 003E58: cmpi.w  #$1a0, D0
D0=C0 D1=12 D2=106300 D3=0 D4=1040000F D5=80410012 D6=FFFF D7=101700 A0=10904C A1=108902 A2=534F4 A3=10880A A4=101700 A5=108000 A6=10BA1E PC=3E5C -- 003E5C: bls     $3e60
D0=C0 D1=12 D2=106300 D3=0 D4=1040000F D5=80410012 D6=FFFF D7=101700 A0=10904C A1=108902 A2=534F4 A3=10880A A4=101700 A5=108000 A6=10BA1E PC=3E60 -- 003E60: move.w  ($1c,A4), D0
D0=C8 D1=12 D2=106300 D3=0 D4=1040000F D5=80410012 D6=FFFF D7=101700 A0=10904C A1=108902 A2=534F4 A3=10880A A4=101700 A5=108000 A6=10BA1E PC=3E64 -- 003E64: sub.w   ($20,A4), D0
D0=C8 D1=12 D2=106300 D3=0 D4=1040000F D5=80410012 D6=FFFF D7=101700 A0=10904C A1=108902 A2=534F4 A3=10880A A4=101700 A5=108000 A6=10BA1E PC=3E68 -- 003E68: lea     ($1058,A5), A0
D0=C8 D1=12 D2=106300 D3=0 D4=1040000F D5=80410012 D6=FFFF D7=101700 A0=109058 A1=108902 A2=534F4 A3=10880A A4=101700 A5=108000 A6=10BA1E PC=3E6C -- 003E6C: sub.w   (A0,D3.w), D0
D0=C8 D1=12 D2=106300 D3=0 D4=1040000F D5=80410012 D6=FFFF D7=101700 A0=109058 A1=108902 A2=534F4 A3=10880A A4=101700 A5=108000 A6=10BA1E PC=3E70 -- 003E70: cmpi.w  #$1c0, D0
D0=C8 D1=12 D2=106300 D3=0 D4=1040000F D5=80410012 D6=FFFF D7=101700 A0=109058 A1=108902 A2=534F4 A3=10880A A4=101700 A5=108000 A6=10BA1E PC=3E74 -- 003E74: bls     $3e78
D0=C8 D1=12 D2=106300 D3=0 D4=1040000F D5=80410012 D6=FFFF D7=101700 A0=109058 A1=108902 A2=534F4 A3=10880A A4=101700 A5=108000 A6=10BA1E PC=3E78 -- 003E78: bsr     $4860
D0=C8 D1=12 D2=106300 D3=0 D4=1040000F D5=80410012 D6=FFFF D7=101700 A0=109058 A1=108902 A2=534F4 A3=10880A A4=101700 A5=108000 A6=10BA1E PC=4860 -- 004860: lea     $7bf48.l, A0
D0=C8 D1=12 D2=106300 D3=0 D4=1040000F D5=80410012 D6=FFFF D7=101700 A0=7BF48 A1=108902 A2=534F4 A3=10880A A4=101700 A5=108000 A6=10BA1E PC=4866 -- 004866: move.w  ($70,A4), D0
D0=1B D1=12 D2=106300 D3=0 D4=1040000F D5=80410012 D6=FFFF D7=101700 A0=7BF48 A1=108902 A2=534F4 A3=10880A A4=101700 A5=108000 A6=10BA1E PC=486A -- 00486A: add.w   D0, D0
D0=36 D1=12 D2=106300 D3=0 D4=1040000F D5=80410012 D6=FFFF D7=101700 A0=7BF48 A1=108902 A2=534F4 A3=10880A A4=101700 A5=108000 A6=10BA1E PC=486C -- 00486C: add.w   D0, D0
D0=6C D1=12 D2=106300 D3=0 D4=1040000F D5=80410012 D6=FFFF D7=101700 A0=7BF48 A1=108902 A2=534F4 A3=10880A A4=101700 A5=108000 A6=10BA1E PC=486E -- 00486E: movea.l (A0,D0.w), A0
D0=6C D1=12 D2=106300 D3=0 D4=1040000F D5=80410012 D6=FFFF D7=101700 A0=7F5E0 A1=108902 A2=534F4 A3=10880A A4=101700 A5=108000 A6=10BA1E PC=4872 -- 004872: move.w  ($72,A4), D0
D0=40 D1=12 D2=106300 D3=0 D4=1040000F D5=80410012 D6=FFFF D7=101700 A0=7F5E0 A1=108902 A2=534F4 A3=10880A A4=101700 A5=108000 A6=10BA1E PC=4876 -- 004876: add.w   D0, D0
D0=80 D1=12 D2=106300 D3=0 D4=1040000F D5=80410012 D6=FFFF D7=101700 A0=7F5E0 A1=108902 A2=534F4 A3=10880A A4=101700 A5=108000 A6=10BA1E PC=4878 -- 004878: move.w  (A0,D0.w), D1
D0=80 D1=4040 D2=106300 D3=0 D4=1040000F D5=80410012 D6=FFFF D7=101700 A0=7F5E0 A1=108902 A2=534F4 A3=10880A A4=101700 A5=108000 A6=10BA1E PC=487C -- 00487C: move.w  D1, ($46de,A5)
D0=80 D1=4040 D2=106300 D3=0 D4=1040000F D5=80410012 D6=FFFF D7=101700 A0=7F5E0 A1=108902 A2=534F4 A3=10880A A4=101700 A5=108000 A6=10BA1E PC=4880 -- 004880: lea     $80000.l, A0
D0=80 D1=4040 D2=106300 D3=0 D4=1040000F D5=80410012 D6=FFFF D7=101700 A0=80000 A1=108902 A2=534F4 A3=10880A A4=101700 A5=108000 A6=10BA1E PC=4886 -- 004886: move.w  ($70,A4), D0
D0=1B D1=4040 D2=106300 D3=0 D4=1040000F D5=80410012 D6=FFFF D7=101700 A0=80000 A1=108902 A2=534F4 A3=10880A A4=101700 A5=108000 A6=10BA1E PC=488A -- 00488A: add.w   D0, D0
D0=36 D1=4040 D2=106300 D3=0 D4=1040000F D5=80410012 D6=FFFF D7=101700 A0=80000 A1=108902 A2=534F4 A3=10880A A4=101700 A5=108000 A6=10BA1E PC=488C -- 00488C: add.w   D0, D0
D0=6C D1=4040 D2=106300 D3=0 D4=1040000F D5=80410012 D6=FFFF D7=101700 A0=80000 A1=108902 A2=534F4 A3=10880A A4=101700 A5=108000 A6=10BA1E PC=488E -- 00488E: movea.l (A0,D0.w), A0
D0=6C D1=4040 D2=106300 D3=0 D4=1040000F D5=80410012 D6=FFFF D7=101700 A0=86E00 A1=108902 A2=534F4 A3=10880A A4=101700 A5=108000 A6=10BA1E PC=4892 -- 004892: move.w  ($46de,A5), D0
D0=4040 D1=4040 D2=106300 D3=0 D4=1040000F D5=80410012 D6=FFFF D7=101700 A0=86E00 A1=108902 A2=534F4 A3=10880A A4=101700 A5=108000 A6=10BA1E PC=4896 -- 004896: tst.b   ($46e2,A5)
D0=4040 D1=4040 D2=106300 D3=0 D4=1040000F D5=80410012 D6=FFFF D7=101700 A0=86E00 A1=108902 A2=534F4 A3=10880A A4=101700 A5=108000 A6=10BA1E PC=489A -- 00489A: beq     $48a0
D0=4040 D1=4040 D2=106300 D3=0 D4=1040000F D5=80410012 D6=FFFF D7=101700 A0=86E00 A1=108902 A2=534F4 A3=10880A A4=101700 A5=108000 A6=10BA1E PC=48A0 -- 0048A0: andi.w  #$ff, D0
D0=40 D1=4040 D2=106300 D3=0 D4=1040000F D5=80410012 D6=FFFF D7=101700 A0=86E00 A1=108902 A2=534F4 A3=10880A A4=101700 A5=108000 A6=10BA1E PC=48A4 -- 0048A4: add.w   D0, D0
D0=80 D1=4040 D2=106300 D3=0 D4=1040000F D5=80410012 D6=FFFF D7=101700 A0=86E00 A1=108902 A2=534F4 A3=10880A A4=101700 A5=108000 A6=10BA1E PC=48A6 -- 0048A6: add.w   D0, D0
D0=100 D1=4040 D2=106300 D3=0 D4=1040000F D5=80410012 D6=FFFF D7=101700 A0=86E00 A1=108902 A2=534F4 A3=10880A A4=101700 A5=108000 A6=10BA1E PC=48A8 -- 0048A8: movea.l (A0,D0.w), A0
D0=100 D1=4040 D2=106300 D3=0 D4=1040000F D5=80410012 D6=FFFF D7=101700 A0=F3152 A1=108902 A2=534F4 A3=10880A A4=101700 A5=108000 A6=10BA1E PC=48AC -- 0048AC: move.w  ($74,A4), D0
D0=0 D1=4040 D2=106300 D3=0 D4=1040000F D5=80410012 D6=FFFF D7=101700 A0=F3152 A1=108902 A2=534F4 A3=10880A A4=101700 A5=108000 A6=10BA1E PC=48B0 -- 0048B0: adda.w  D0, A0
D0=0 D1=4040 D2=106300 D3=0 D4=1040000F D5=80410012 D6=FFFF D7=101700 A0=F3152 A1=108902 A2=534F4 A3=10880A A4=101700 A5=108000 A6=10BA1E PC=48B2 -- 0048B2: move.l  (A0), D0
D0=10F1140 D1=4040 D2=106300 D3=0 D4=1040000F D5=80410012 D6=FFFF D7=101700 A0=F3152 A1=108902 A2=534F4 A3=10880A A4=101700 A5=108000 A6=10BA1E PC=48B4 -- 0048B4: andi.l  #$ffffff, D0
D0=F1140 D1=4040 D2=106300 D3=0 D4=1040000F D5=80410012 D6=FFFF D7=101700 A0=F3152 A1=108902 A2=534F4 A3=10880A A4=101700 A5=108000 A6=10BA1E PC=48BA -- 0048BA: movea.l D0, A0
D0=F1140 D1=4040 D2=106300 D3=0 D4=1040000F D5=80410012 D6=FFFF D7=101700 A0=F1140 A1=108902 A2=534F4 A3=10880A A4=101700 A5=108000 A6=10BA1E PC=48BC -- 0048BC: move.w  ($4,A0), D0
D0=F007B D1=4040 D2=106300 D3=0 D4=1040000F D5=80410012 D6=FFFF D7=101700 A0=F1140 A1=108902 A2=534F4 A3=10880A A4=101700 A5=108000 A6=10BA1E PC=48C0 -- 0048C0: andi.w  #$1fff, D0
D0=F007B D1=4040 D2=106300 D3=0 D4=1040000F D5=80410012 D6=FFFF D7=101700 A0=F1140 A1=108902 A2=534F4 A3=10880A A4=101700 A5=108000 A6=10BA1E PC=48C4 -- 0048C4: move.w  D0, ($46e0,A5)
D0=F007B D1=4040 D2=106300 D3=0 D4=1040000F D5=80410012 D6=FFFF D7=101700 A0=F1140 A1=108902 A2=534F4 A3=10880A A4=101700 A5=108000 A6=10BA1E PC=48C8 -- 0048C8: lea     $80080.l, A0
D0=F007B D1=4040 D2=106300 D3=0 D4=1040000F D5=80410012 D6=FFFF D7=101700 A0=80080 A1=108902 A2=534F4 A3=10880A A4=101700 A5=108000 A6=10BA1E PC=48CE -- 0048CE: move.w  ($70,A4), D1
D0=F007B D1=1B D2=106300 D3=0 D4=1040000F D5=80410012 D6=FFFF D7=101700 A0=80080 A1=108902 A2=534F4 A3=10880A A4=101700 A5=108000 A6=10BA1E PC=48D2 -- 0048D2: add.w   D1, D1
D0=F007B D1=36 D2=106300 D3=0 D4=1040000F D5=80410012 D6=FFFF D7=101700 A0=80080 A1=108902 A2=534F4 A3=10880A A4=101700 A5=108000 A6=10BA1E PC=48D4 -- 0048D4: add.w   D1, D1
D0=F007B D1=6C D2=106300 D3=0 D4=1040000F D5=80410012 D6=FFFF D7=101700 A0=80080 A1=108902 A2=534F4 A3=10880A A4=101700 A5=108000 A6=10BA1E PC=48D6 -- 0048D6: movea.l (A0,D1.w), A0
D0=F007B D1=6C D2=106300 D3=0 D4=1040000F D5=80410012 D6=FFFF D7=101700 A0=95200 A1=108902 A2=534F4 A3=10880A A4=101700 A5=108000 A6=10BA1E PC=48DA -- 0048DA: add.w   D0, D0
D0=F00F6 D1=6C D2=106300 D3=0 D4=1040000F D5=80410012 D6=FFFF D7=101700 A0=95200 A1=108902 A2=534F4 A3=10880A A4=101700 A5=108000 A6=10BA1E PC=48DC -- 0048DC: add.w   D0, D0
D0=F01EC D1=6C D2=106300 D3=0 D4=1040000F D5=80410012 D6=FFFF D7=101700 A0=95200 A1=108902 A2=534F4 A3=10880A A4=101700 A5=108000 A6=10BA1E PC=48DE -- 0048DE: move.l  (A0,D0.w), ($28,A4)
D0=F01EC D1=6C D2=106300 D3=0 D4=1040000F D5=80410012 D6=FFFF D7=101700 A0=95200 A1=108902 A2=534F4 A3=10880A A4=101700 A5=108000 A6=10BA1E PC=48E4 -- 0048E4: rts
D0=F01EC D1=6C D2=106300 D3=0 D4=1040000F D5=80410012 D6=FFFF D7=101700 A0=95200 A1=108902 A2=534F4 A3=10880A A4=101700 A5=108000 A6=10BA1E PC=3E7C -- 003E7C: bra     $481a
D0=F01EC D1=6C D2=106300 D3=0 D4=1040000F D5=80410012 D6=FFFF D7=101700 A0=95200 A1=108902 A2=534F4 A3=10880A A4=101700 A5=108000 A6=10BA1E PC=481A -- 00481A: addq.w  #1, ($e3a,A5)
D0=F01EC D1=6C D2=106300 D3=0 D4=1040000F D5=80410012 D6=FFFF D7=101700 A0=95200 A1=108902 A2=534F4 A3=10880A A4=101700 A5=108000 A6=10BA1E PC=481E -- 00481E: lea     ($838,A5), A1
D0=F01EC D1=6C D2=106300 D3=0 D4=1040000F D5=80410012 D6=FFFF D7=101700 A0=95200 A1=108838 A2=534F4 A3=10880A A4=101700 A5=108000 A6=10BA1E PC=4822 -- 004822: move.w  ($2c,A4), D0
D0=F0073 D1=6C D2=106300 D3=0 D4=1040000F D5=80410012 D6=FFFF D7=101700 A0=95200 A1=108838 A2=534F4 A3=10880A A4=101700 A5=108000 A6=10BA1E PC=4826 -- 004826: move.w  D0, D1
D0=F0073 D1=73 D2=106300 D3=0 D4=1040000F D5=80410012 D6=FFFF D7=101700 A0=95200 A1=108838 A2=534F4 A3=10880A A4=101700 A5=108000 A6=10BA1E PC=4828 -- 004828: add.w   D1, D1
D0=F0073 D1=E6 D2=106300 D3=0 D4=1040000F D5=80410012 D6=FFFF D7=101700 A0=95200 A1=108838 A2=534F4 A3=10880A A4=101700 A5=108000 A6=10BA1E PC=482A -- 00482A: adda.w  D1, A1
D0=F0073 D1=E6 D2=106300 D3=0 D4=1040000F D5=80410012 D6=FFFF D7=101700 A0=95200 A1=10891E A2=534F4 A3=10880A A4=101700 A5=108000 A6=10BA1E PC=482C -- 00482C: cmp.w   ($e38,A5), D1
D0=F0073 D1=E6 D2=106300 D3=0 D4=1040000F D5=80410012 D6=FFFF D7=101700 A0=95200 A1=10891E A2=534F4 A3=10880A A4=101700 A5=108000 A6=10BA1E PC=4830 -- 004830: bhi     $4836
D0=F0073 D1=E6 D2=106300 D3=0 D4=1040000F D5=80410012 D6=FFFF D7=101700 A0=95200 A1=10891E A2=534F4 A3=10880A A4=101700 A5=108000 A6=10BA1E PC=4836 -- 004836: move.w  (A1)+, D1
D0=F0073 D1=0 D2=106300 D3=0 D4=1040000F D5=80410012 D6=FFFF D7=101700 A0=95200 A1=108920 A2=534F4 A3=10880A A4=101700 A5=108000 A6=10BA1E PC=4838 -- 004838: beq     $485a
D0=F0073 D1=0 D2=106300 D3=0 D4=1040000F D5=80410012 D6=FFFF D7=101700 A0=95200 A1=108920 A2=534F4 A3=10880A A4=101700 A5=108000 A6=10BA1E PC=485A -- 00485A: move.w  A4, (-$2,A1)
D0=F0073 D1=0 D2=106300 D3=0 D4=1040000F D5=80410012 D6=FFFF D7=101700 A0=95200 A1=108920 A2=534F4 A3=10880A A4=101700 A5=108000 A6=10BA1E PC=485E -- 00485E: rts
D0=F0073 D1=0 D2=106300 D3=0 D4=1040000F D5=80410012 D6=FFFF D7=101700 A0=95200 A1=108920 A2=534F4 A3=10880A A4=101700 A5=108000 A6=10BA1E PC=32B3C -- 032B3C: move.l  A4, D7
D0=F0073 D1=0 D2=106300 D3=0 D4=1040000F D5=80410012 D6=FFFF D7=101700 A0=95200 A1=108920 A2=534F4 A3=10880A A4=101700 A5=108000 A6=10BA1E PC=32B3E -- 032B3E: move.w  ($4,A4), D7
D0=F0073 D1=0 D2=106300 D3=0 D4=1040000F D5=80410012 D6=FFFF D7=101900 A0=95200 A1=108920 A2=534F4 A3=10880A A4=101700 A5=108000 A6=10BA1E PC=32B42 -- 032B42: bpl     $32b36
D0=F0073 D1=0 D2=106300 D3=0 D4=1040000F D5=80410012 D6=FFFF D7=101900 A0=95200 A1=108920 A2=534F4 A3=10880A A4=101700 A5=108000 A6=10BA1E PC=32B36 -- 032B36: movea.l D7, A4
D0=F0073 D1=0 D2=106300 D3=0 D4=1040000F D5=80410012 D6=FFFF D7=101900 A0=95200 A1=108920 A2=534F4 A3=10880A A4=101900 A5=108000 A6=10BA1E PC=32B38 -- 032B38: movea.l (A4), A0
D0=F0073 D1=0 D2=106300 D3=0 D4=1040000F D5=80410012 D6=FFFF D7=101900 A0=37DBA A1=108920 A2=534F4 A3=10880A A4=101900 A5=108000 A6=10BA1E PC=32B3A -- 032B3A: jsr     (A0)
D0=F0073 D1=0 D2=106300 D3=0 D4=1040000F D5=80410012 D6=FFFF D7=101900 A0=37DBA A1=108920 A2=534F4 A3=10880A A4=101900 A5=108000 A6=10BA1E PC=37DBA -- 037DBA: clr.b   ($80,A4)
D0=F0073 D1=0 D2=106300 D3=0 D4=1040000F D5=80410012 D6=FFFF D7=101900 A0=37DBA A1=108920 A2=534F4 A3=10880A A4=101900 A5=108000 A6=10BA1E PC=37DBE -- 037DBE: moveq   #$0, D0
D0=0 D1=0 D2=106300 D3=0 D4=1040000F D5=80410012 D6=FFFF D7=101900 A0=37DBA A1=108920 A2=534F4 A3=10880A A4=101900 A5=108000 A6=10BA1E PC=37DC0 -- 037DC0: move.b  ($131,A4), D0
D0=7 D1=0 D2=106300 D3=0 D4=1040000F D5=80410012 D6=FFFF D7=101900 A0=37DBA A1=108920 A2=534F4 A3=10880A A4=101900 A5=108000 A6=10BA1E PC=37DC4 -- 037DC4: btst    D0, ($7df,A5)
D0=7 D1=0 D2=106300 D3=0 D4=1040000F D5=80410012 D6=FFFF D7=101900 A0=37DBA A1=108920 A2=534F4 A3=10880A A4=101900 A5=108000 A6=10BA1E PC=37DC8 -- 037DC8: beq     $37dec
D0=7 D1=0 D2=106300 D3=0 D4=1040000F D5=80410012 D6=FFFF D7=101900 A0=37DBA A1=108920 A2=534F4 A3=10880A A4=101900 A5=108000 A6=10BA1E PC=37DEC -- 037DEC: move.w  ($d0,A4), D0
D0=5 D1=0 D2=106300 D3=0 D4=1040000F D5=80410012 D6=FFFF D7=101900 A0=37DBA A1=108920 A2=534F4 A3=10880A A4=101900 A5=108000 A6=10BA1E PC=37DF0 -- 037DF0: movea.l ($84,A4), A0
D0=5 D1=0 D2=106300 D3=0 D4=1040000F D5=80410012 D6=FFFF D7=101900 A0=108584 A1=108920 A2=534F4 A3=10880A A4=101900 A5=108000 A6=10BA1E PC=37DF4 -- 037DF4: btst    D0, ($cf,A0)
D0=5 D1=0 D2=106300 D3=0 D4=1040000F D5=80410012 D6=FFFF D7=101900 A0=108584 A1=108920 A2=534F4 A3=10880A A4=101900 A5=108000 A6=10BA1E PC=37DF8 -- 037DF8: beq     $36eac
D0=5 D1=0 D2=106300 D3=0 D4=1040000F D5=80410012 D6=FFFF D7=101900 A0=108584 A1=108920 A2=534F4 A3=10880A A4=101900 A5=108000 A6=10BA1E PC=36EAC -- 036EAC: jsr     $48e6.w
D0=5 D1=0 D2=106300 D3=0 D4=1040000F D5=80410012 D6=FFFF D7=101900 A0=108584 A1=108920 A2=534F4 A3=10880A A4=101900 A5=108000 A6=10BA1E PC=48E6 -- 0048E6: move.w  ($70,A4), D0
D0=1B D1=0 D2=106300 D3=0 D4=1040000F D5=80410012 D6=FFFF D7=101900 A0=108584 A1=108920 A2=534F4 A3=10880A A4=101900 A5=108000 A6=10BA1E PC=48EA -- 0048EA: cmp.b   ($78,A4), D0
D0=1B D1=0 D2=106300 D3=0 D4=1040000F D5=80410012 D6=FFFF D7=101900 A0=108584 A1=108920 A2=534F4 A3=10880A A4=101900 A5=108000 A6=10BA1E PC=48EE -- 0048EE: bne     $491c
D0=1B D1=0 D2=106300 D3=0 D4=1040000F D5=80410012 D6=FFFF D7=101900 A0=108584 A1=108920 A2=534F4 A3=10880A A4=101900 A5=108000 A6=10BA1E PC=48F0 -- 0048F0: move.w  ($72,A4), D0
D0=3F D1=0 D2=106300 D3=0 D4=1040000F D5=80410012 D6=FFFF D7=101900 A0=108584 A1=108920 A2=534F4 A3=10880A A4=101900 A5=108000 A6=10BA1E PC=48F4 -- 0048F4: cmp.b   ($79,A4), D0
D0=3F D1=0 D2=106300 D3=0 D4=1040000F D5=80410012 D6=FFFF D7=101900 A0=108584 A1=108920 A2=534F4 A3=10880A A4=101900 A5=108000 A6=10BA1E PC=48F8 -- 0048F8: bne     $493c
D0=3F D1=0 D2=106300 D3=0 D4=1040000F D5=80410012 D6=FFFF D7=101900 A0=108584 A1=108920 A2=534F4 A3=10880A A4=101900 A5=108000 A6=10BA1E PC=48FA -- 0048FA: tst.b   ($77,A4)
D0=3F D1=0 D2=106300 D3=0 D4=1040000F D5=80410012 D6=FFFF D7=101900 A0=108584 A1=108920 A2=534F4 A3=10880A A4=101900 A5=108000 A6=10BA1E PC=48FE -- 0048FE: bne     $495c
D0=3F D1=0 D2=106300 D3=0 D4=1040000F D5=80410012 D6=FFFF D7=101900 A0=108584 A1=108920 A2=534F4 A3=10880A A4=101900 A5=108000 A6=10BA1E PC=4900 -- 004900: tst.b   ($7a,A4)
D0=3F D1=0 D2=106300 D3=0 D4=1040000F D5=80410012 D6=FFFF D7=101900 A0=108584 A1=108920 A2=534F4 A3=10880A A4=101900 A5=108000 A6=10BA1E PC=4904 -- 004904: bmi     $491a
D0=3F D1=0 D2=106300 D3=0 D4=1040000F D5=80410012 D6=FFFF D7=101900 A0=108584 A1=108920 A2=534F4 A3=10880A A4=101900 A5=108000 A6=10BA1E PC=491A -- 00491A: rts
D0=3F D1=0 D2=106300 D3=0 D4=1040000F D5=80410012 D6=FFFF D7=101900 A0=108584 A1=108920 A2=534F4 A3=10880A A4=101900 A5=108000 A6=10BA1E PC=36EB0 -- 036EB0: jmp     $3e2e.w
D0=3F D1=0 D2=106300 D3=0 D4=1040000F D5=80410012 D6=FFFF D7=101900 A0=108584 A1=108920 A2=534F4 A3=10880A A4=101900 A5=108000 A6=10BA1E PC=3E2E -- 003E2E: tst.w   ($74,A4)
D0=3F D1=0 D2=106300 D3=0 D4=1040000F D5=80410012 D6=FFFF D7=101900 A0=108584 A1=108920 A2=534F4 A3=10880A A4=101900 A5=108000 A6=10BA1E PC=3E32 -- 003E32: bmi     $3e80
D0=3F D1=0 D2=106300 D3=0 D4=1040000F D5=80410012 D6=FFFF D7=101900 A0=108584 A1=108920 A2=534F4 A3=10880A A4=101900 A5=108000 A6=10BA1E PC=3E34 -- 003E34: btst    #$6, ($7c,A4)
D0=3F D1=0 D2=106300 D3=0 D4=1040000F D5=80410012 D6=FFFF D7=101900 A0=108584 A1=108920 A2=534F4 A3=10880A A4=101900 A5=108000 A6=10BA1E PC=3E3A -- 003E3A: bne     $3e78
D0=3F D1=0 D2=106300 D3=0 D4=1040000F D5=80410012 D6=FFFF D7=101900 A0=108584 A1=108920 A2=534F4 A3=10880A A4=101900 A5=108000 A6=10BA1E PC=3E3E -- 003E3E: moveq   #$0, D3
D0=3F D1=0 D2=106300 D3=0 D4=1040000F D5=80410012 D6=FFFF D7=101900 A0=108584 A1=108920 A2=534F4 A3=10880A A4=101900 A5=108000 A6=10BA1E PC=3E40 -- 003E40: move.b  ($82,A4), D3
D0=3F D1=0 D2=106300 D3=0 D4=1040000F D5=80410012 D6=FFFF D7=101900 A0=108584 A1=108920 A2=534F4 A3=10880A A4=101900 A5=108000 A6=10BA1E PC=3E44 -- 003E44: add.w   D3, D3
D0=3F D1=0 D2=106300 D3=0 D4=1040000F D5=80410012 D6=FFFF D7=101900 A0=108584 A1=108920 A2=534F4 A3=10880A A4=101900 A5=108000 A6=10BA1E PC=3E46 -- 003E46: add.w   D3, D3
D0=3F D1=0 D2=106300 D3=0 D4=1040000F D5=80410012 D6=FFFF D7=101900 A0=108584 A1=108920 A2=534F4 A3=10880A A4=101900 A5=108000 A6=10BA1E PC=3E48 -- 003E48: move.w  ($18,A4), D0
D0=90 D1=0 D2=106300 D3=0 D4=1040000F D5=80410012 D6=FFFF D7=101900 A0=108584 A1=108920 A2=534F4 A3=10880A A4=101900 A5=108000 A6=10BA1E PC=3E4C -- 003E4C: lea     ($104c,A5), A0
D0=90 D1=0 D2=106300 D3=0 D4=1040000F D5=80410012 D6=FFFF D7=101900 A0=10904C A1=108920 A2=534F4 A3=10880A A4=101900 A5=108000 A6=10BA1E PC=3E50 -- 003E50: sub.w   (A0,D3.w), D0
D0=90 D1=0 D2=106300 D3=0 D4=1040000F D5=80410012 D6=FFFF D7=101900 A0=10904C A1=108920 A2=534F4 A3=10880A A4=101900 A5=108000 A6=10BA1E PC=3E54 -- 003E54: addi.w  #$30, D0
D0=C0 D1=0 D2=106300 D3=0 D4=1040000F D5=80410012 D6=FFFF D7=101900 A0=10904C A1=108920 A2=534F4 A3=10880A A4=101900 A5=108000 A6=10BA1E PC=3E58 -- 003E58: cmpi.w  #$1a0, D0
D0=C0 D1=0 D2=106300 D3=0 D4=1040000F D5=80410012 D6=FFFF D7=101900 A0=10904C A1=108920 A2=534F4 A3=10880A A4=101900 A5=108000 A6=10BA1E PC=3E5C -- 003E5C: bls     $3e60
D0=C0 D1=0 D2=106300 D3=0 D4=1040000F D5=80410012 D6=FFFF D7=101900 A0=10904C A1=108920 A2=534F4 A3=10880A A4=101900 A5=108000 A6=10BA1E PC=3E60 -- 003E60: move.w  ($1c,A4), D0
D0=C8 D1=0 D2=106300 D3=0 D4=1040000F D5=80410012 D6=FFFF D7=101900 A0=10904C A1=108920 A2=534F4 A3=10880A A4=101900 A5=108000 A6=10BA1E PC=3E64 -- 003E64: sub.w   ($20,A4), D0
D0=C8 D1=0 D2=106300 D3=0 D4=1040000F D5=80410012 D6=FFFF D7=101900 A0=10904C A1=108920 A2=534F4 A3=10880A A4=101900 A5=108000 A6=10BA1E PC=3E68 -- 003E68: lea     ($1058,A5), A0
D0=C8 D1=0 D2=106300 D3=0 D4=1040000F D5=80410012 D6=FFFF D7=101900 A0=109058 A1=108920 A2=534F4 A3=10880A A4=101900 A5=108000 A6=10BA1E PC=3E6C -- 003E6C: sub.w   (A0,D3.w), D0
D0=C8 D1=0 D2=106300 D3=0 D4=1040000F D5=80410012 D6=FFFF D7=101900 A0=109058 A1=108920 A2=534F4 A3=10880A A4=101900 A5=108000 A6=10BA1E PC=3E70 -- 003E70: cmpi.w  #$1c0, D0
D0=C8 D1=0 D2=106300 D3=0 D4=1040000F D5=80410012 D6=FFFF D7=101900 A0=109058 A1=108920 A2=534F4 A3=10880A A4=101900 A5=108000 A6=10BA1E PC=3E74 -- 003E74: bls     $3e78
D0=C8 D1=0 D2=106300 D3=0 D4=1040000F D5=80410012 D6=FFFF D7=101900 A0=109058 A1=108920 A2=534F4 A3=10880A A4=101900 A5=108000 A6=10BA1E PC=3E78 -- 003E78: bsr     $4860
D0=C8 D1=0 D2=106300 D3=0 D4=1040000F D5=80410012 D6=FFFF D7=101900 A0=109058 A1=108920 A2=534F4 A3=10880A A4=101900 A5=108000 A6=10BA1E PC=4860 -- 004860: lea     $7bf48.l, A0
D0=C8 D1=0 D2=106300 D3=0 D4=1040000F D5=80410012 D6=FFFF D7=101900 A0=7BF48 A1=108920 A2=534F4 A3=10880A A4=101900 A5=108000 A6=10BA1E PC=4866 -- 004866: move.w  ($70,A4), D0
D0=1B D1=0 D2=106300 D3=0 D4=1040000F D5=80410012 D6=FFFF D7=101900 A0=7BF48 A1=108920 A2=534F4 A3=10880A A4=101900 A5=108000 A6=10BA1E PC=486A -- 00486A: add.w   D0, D0
D0=36 D1=0 D2=106300 D3=0 D4=1040000F D5=80410012 D6=FFFF D7=101900 A0=7BF48 A1=108920 A2=534F4 A3=10880A A4=101900 A5=108000 A6=10BA1E PC=486C -- 00486C: add.w   D0, D0
D0=6C D1=0 D2=106300 D3=0 D4=1040000F D5=80410012 D6=FFFF D7=101900 A0=7BF48 A1=108920 A2=534F4 A3=10880A A4=101900 A5=108000 A6=10BA1E PC=486E -- 00486E: movea.l (A0,D0.w), A0
D0=6C D1=0 D2=106300 D3=0 D4=1040000F D5=80410012 D6=FFFF D7=101900 A0=7F5E0 A1=108920 A2=534F4 A3=10880A A4=101900 A5=108000 A6=10BA1E PC=4872 -- 004872: move.w  ($72,A4), D0
D0=3F D1=0 D2=106300 D3=0 D4=1040000F D5=80410012 D6=FFFF D7=101900 A0=7F5E0 A1=108920 A2=534F4 A3=10880A A4=101900 A5=108000 A6=10BA1E PC=4876 -- 004876: add.w   D0, D0
D0=7E D1=0 D2=106300 D3=0 D4=1040000F D5=80410012 D6=FFFF D7=101900 A0=7F5E0 A1=108920 A2=534F4 A3=10880A A4=101900 A5=108000 A6=10BA1E PC=4878 -- 004878: move.w  (A0,D0.w), D1
D0=7E D1=3F3F D2=106300 D3=0 D4=1040000F D5=80410012 D6=FFFF D7=101900 A0=7F5E0 A1=108920 A2=534F4 A3=10880A A4=101900 A5=108000 A6=10BA1E PC=487C -- 00487C: move.w  D1, ($46de,A5)
D0=7E D1=3F3F D2=106300 D3=0 D4=1040000F D5=80410012 D6=FFFF D7=101900 A0=7F5E0 A1=108920 A2=534F4 A3=10880A A4=101900 A5=108000 A6=10BA1E PC=4880 -- 004880: lea     $80000.l, A0
D0=7E D1=3F3F D2=106300 D3=0 D4=1040000F D5=80410012 D6=FFFF D7=101900 A0=80000 A1=108920 A2=534F4 A3=10880A A4=101900 A5=108000 A6=10BA1E PC=4886 -- 004886: move.w  ($70,A4), D0
D0=1B D1=3F3F D2=106300 D3=0 D4=1040000F D5=80410012 D6=FFFF D7=101900 A0=80000 A1=108920 A2=534F4 A3=10880A A4=101900 A5=108000 A6=10BA1E PC=488A -- 00488A: add.w   D0, D0
D0=36 D1=3F3F D2=106300 D3=0 D4=1040000F D5=80410012 D6=FFFF D7=101900 A0=80000 A1=108920 A2=534F4 A3=10880A A4=101900 A5=108000 A6=10BA1E PC=488C -- 00488C: add.w   D0, D0
D0=6C D1=3F3F D2=106300 D3=0 D4=1040000F D5=80410012 D6=FFFF D7=101900 A0=80000 A1=108920 A2=534F4 A3=10880A A4=101900 A5=108000 A6=10BA1E PC=488E -- 00488E: movea.l (A0,D0.w), A0
D0=6C D1=3F3F D2=106300 D3=0 D4=1040000F D5=80410012 D6=FFFF D7=101900 A0=86E00 A1=108920 A2=534F4 A3=10880A A4=101900 A5=108000 A6=10BA1E PC=4892 -- 004892: move.w  ($46de,A5), D0
D0=3F3F D1=3F3F D2=106300 D3=0 D4=1040000F D5=80410012 D6=FFFF D7=101900 A0=86E00 A1=108920 A2=534F4 A3=10880A A4=101900 A5=108000 A6=10BA1E PC=4896 -- 004896: tst.b   ($46e2,A5)
D0=3F3F D1=3F3F D2=106300 D3=0 D4=1040000F D5=80410012 D6=FFFF D7=101900 A0=86E00 A1=108920 A2=534F4 A3=10880A A4=101900 A5=108000 A6=10BA1E PC=489A -- 00489A: beq     $48a0
D0=3F3F D1=3F3F D2=106300 D3=0 D4=1040000F D5=80410012 D6=FFFF D7=101900 A0=86E00 A1=108920 A2=534F4 A3=10880A A4=101900 A5=108000 A6=10BA1E PC=48A0 -- 0048A0: andi.w  #$ff, D0
D0=3F D1=3F3F D2=106300 D3=0 D4=1040000F D5=80410012 D6=FFFF D7=101900 A0=86E00 A1=108920 A2=534F4 A3=10880A A4=101900 A5=108000 A6=10BA1E PC=48A4 -- 0048A4: add.w   D0, D0
D0=7E D1=3F3F D2=106300 D3=0 D4=1040000F D5=80410012 D6=FFFF D7=101900 A0=86E00 A1=108920 A2=534F4 A3=10880A A4=101900 A5=108000 A6=10BA1E PC=48A6 -- 0048A6: add.w   D0, D0
D0=FC D1=3F3F D2=106300 D3=0 D4=1040000F D5=80410012 D6=FFFF D7=101900 A0=86E00 A1=108920 A2=534F4 A3=10880A A4=101900 A5=108000 A6=10BA1E PC=48A8 -- 0048A8: movea.l (A0,D0.w), A0
D0=FC D1=3F3F D2=106300 D3=0 D4=1040000F D5=80410012 D6=FFFF D7=101900 A0=F314A A1=108920 A2=534F4 A3=10880A A4=101900 A5=108000 A6=10BA1E PC=48AC -- 0048AC: move.w  ($74,A4), D0
D0=0 D1=3F3F D2=106300 D3=0 D4=1040000F D5=80410012 D6=FFFF D7=101900 A0=F314A A1=108920 A2=534F4 A3=10880A A4=101900 A5=108000 A6=10BA1E PC=48B0 -- 0048B0: adda.w  D0, A0
D0=0 D1=3F3F D2=106300 D3=0 D4=1040000F D5=80410012 D6=FFFF D7=101900 A0=F314A A1=108920 A2=534F4 A3=10880A A4=101900 A5=108000 A6=10BA1E PC=48B2 -- 0048B2: move.l  (A0), D0
D0=10F113A D1=3F3F D2=106300 D3=0 D4=1040000F D5=80410012 D6=FFFF D7=101900 A0=F314A A1=108920 A2=534F4 A3=10880A A4=101900 A5=108000 A6=10BA1E PC=48B4 -- 0048B4: andi.l  #$ffffff, D0
D0=F113A D1=3F3F D2=106300 D3=0 D4=1040000F D5=80410012 D6=FFFF D7=101900 A0=F314A A1=108920 A2=534F4 A3=10880A A4=101900 A5=108000 A6=10BA1E PC=48BA -- 0048BA: movea.l D0, A0
D0=F113A D1=3F3F D2=106300 D3=0 D4=1040000F D5=80410012 D6=FFFF D7=101900 A0=F113A A1=108920 A2=534F4 A3=10880A A4=101900 A5=108000 A6=10BA1E PC=48BC -- 0048BC: move.w  ($4,A0), D0
D0=F007A D1=3F3F D2=106300 D3=0 D4=1040000F D5=80410012 D6=FFFF D7=101900 A0=F113A A1=108920 A2=534F4 A3=10880A A4=101900 A5=108000 A6=10BA1E PC=48C0 -- 0048C0: andi.w  #$1fff, D0
D0=F007A D1=3F3F D2=106300 D3=0 D4=1040000F D5=80410012 D6=FFFF D7=101900 A0=F113A A1=108920 A2=534F4 A3=10880A A4=101900 A5=108000 A6=10BA1E PC=48C4 -- 0048C4: move.w  D0, ($46e0,A5)
D0=F007A D1=3F3F D2=106300 D3=0 D4=1040000F D5=80410012 D6=FFFF D7=101900 A0=F113A A1=108920 A2=534F4 A3=10880A A4=101900 A5=108000 A6=10BA1E PC=48C8 -- 0048C8: lea     $80080.l, A0
D0=F007A D1=3F3F D2=106300 D3=0 D4=1040000F D5=80410012 D6=FFFF D7=101900 A0=80080 A1=108920 A2=534F4 A3=10880A A4=101900 A5=108000 A6=10BA1E PC=48CE -- 0048CE: move.w  ($70,A4), D1
D0=F007A D1=1B D2=106300 D3=0 D4=1040000F D5=80410012 D6=FFFF D7=101900 A0=80080 A1=108920 A2=534F4 A3=10880A A4=101900 A5=108000 A6=10BA1E PC=48D2 -- 0048D2: add.w   D1, D1
D0=F007A D1=36 D2=106300 D3=0 D4=1040000F D5=80410012 D6=FFFF D7=101900 A0=80080 A1=108920 A2=534F4 A3=10880A A4=101900 A5=108000 A6=10BA1E PC=48D4 -- 0048D4: add.w   D1, D1
D0=F007A D1=6C D2=106300 D3=0 D4=1040000F D5=80410012 D6=FFFF D7=101900 A0=80080 A1=108920 A2=534F4 A3=10880A A4=101900 A5=108000 A6=10BA1E PC=48D6 -- 0048D6: movea.l (A0,D1.w), A0
D0=F007A D1=6C D2=106300 D3=0 D4=1040000F D5=80410012 D6=FFFF D7=101900 A0=95200 A1=108920 A2=534F4 A3=10880A A4=101900 A5=108000 A6=10BA1E PC=48DA -- 0048DA: add.w   D0, D0
D0=F00F4 D1=6C D2=106300 D3=0 D4=1040000F D5=80410012 D6=FFFF D7=101900 A0=95200 A1=108920 A2=534F4 A3=10880A A4=101900 A5=108000 A6=10BA1E PC=48DC -- 0048DC: add.w   D0, D0
D0=F01E8 D1=6C D2=106300 D3=0 D4=1040000F D5=80410012 D6=FFFF D7=101900 A0=95200 A1=108920 A2=534F4 A3=10880A A4=101900 A5=108000 A6=10BA1E PC=48DE -- 0048DE: move.l  (A0,D0.w), ($28,A4)
D0=F01E8 D1=6C D2=106300 D3=0 D4=1040000F D5=80410012 D6=FFFF D7=101900 A0=95200 A1=108920 A2=534F4 A3=10880A A4=101900 A5=108000 A6=10BA1E PC=48E4 -- 0048E4: rts
D0=F01E8 D1=6C D2=106300 D3=0 D4=1040000F D5=80410012 D6=FFFF D7=101900 A0=95200 A1=108920 A2=534F4 A3=10880A A4=101900 A5=108000 A6=10BA1E PC=3E7C -- 003E7C: bra     $481a
D0=F01E8 D1=6C D2=106300 D3=0 D4=1040000F D5=80410012 D6=FFFF D7=101900 A0=95200 A1=108920 A2=534F4 A3=10880A A4=101900 A5=108000 A6=10BA1E PC=481A -- 00481A: addq.w  #1, ($e3a,A5)
D0=F01E8 D1=6C D2=106300 D3=0 D4=1040000F D5=80410012 D6=FFFF D7=101900 A0=95200 A1=108920 A2=534F4 A3=10880A A4=101900 A5=108000 A6=10BA1E PC=481E -- 00481E: lea     ($838,A5), A1
D0=F01E8 D1=6C D2=106300 D3=0 D4=1040000F D5=80410012 D6=FFFF D7=101900 A0=95200 A1=108838 A2=534F4 A3=10880A A4=101900 A5=108000 A6=10BA1E PC=4822 -- 004822: move.w  ($2c,A4), D0
D0=F0073 D1=6C D2=106300 D3=0 D4=1040000F D5=80410012 D6=FFFF D7=101900 A0=95200 A1=108838 A2=534F4 A3=10880A A4=101900 A5=108000 A6=10BA1E PC=4826 -- 004826: move.w  D0, D1
D0=F0073 D1=73 D2=106300 D3=0 D4=1040000F D5=80410012 D6=FFFF D7=101900 A0=95200 A1=108838 A2=534F4 A3=10880A A4=101900 A5=108000 A6=10BA1E PC=4828 -- 004828: add.w   D1, D1
D0=F0073 D1=E6 D2=106300 D3=0 D4=1040000F D5=80410012 D6=FFFF D7=101900 A0=95200 A1=108838 A2=534F4 A3=10880A A4=101900 A5=108000 A6=10BA1E PC=482A -- 00482A: adda.w  D1, A1
D0=F0073 D1=E6 D2=106300 D3=0 D4=1040000F D5=80410012 D6=FFFF D7=101900 A0=95200 A1=10891E A2=534F4 A3=10880A A4=101900 A5=108000 A6=10BA1E PC=482C -- 00482C: cmp.w   ($e38,A5), D1
D0=F0073 D1=E6 D2=106300 D3=0 D4=1040000F D5=80410012 D6=FFFF D7=101900 A0=95200 A1=10891E A2=534F4 A3=10880A A4=101900 A5=108000 A6=10BA1E PC=4830 -- 004830: bhi     $4836
D0=F0073 D1=E6 D2=106300 D3=0 D4=1040000F D5=80410012 D6=FFFF D7=101900 A0=95200 A1=10891E A2=534F4 A3=10880A A4=101900 A5=108000 A6=10BA1E PC=4836 -- 004836: move.w  (A1)+, D1
D0=F0073 D1=1700 D2=106300 D3=0 D4=1040000F D5=80410012 D6=FFFF D7=101900 A0=95200 A1=108920 A2=534F4 A3=10880A A4=101900 A5=108000 A6=10BA1E PC=4838 -- 004838: beq     $485a
D0=F0073 D1=1700 D2=106300 D3=0 D4=1040000F D5=80410012 D6=FFFF D7=101900 A0=95200 A1=108920 A2=534F4 A3=10880A A4=101900 A5=108000 A6=10BA1E PC=483A -- 00483A: move.l  #$100000, D2
D0=F0073 D1=1700 D2=100000 D3=0 D4=1040000F D5=80410012 D6=FFFF D7=101900 A0=95200 A1=108920 A2=534F4 A3=10880A A4=101900 A5=108000 A6=10BA1E PC=4840 -- 004840: move.w  D1, D2
D0=F0073 D1=1700 D2=101700 D3=0 D4=1040000F D5=80410012 D6=FFFF D7=101900 A0=95200 A1=108920 A2=534F4 A3=10880A A4=101900 A5=108000 A6=10BA1E PC=4842 -- 004842: movea.l D2, A0
D0=F0073 D1=1700 D2=101700 D3=0 D4=1040000F D5=80410012 D6=FFFF D7=101900 A0=101700 A1=108920 A2=534F4 A3=10880A A4=101900 A5=108000 A6=10BA1E PC=4844 -- 004844: cmp.w   ($2c,A0), D0
D0=F0073 D1=1700 D2=101700 D3=0 D4=1040000F D5=80410012 D6=FFFF D7=101900 A0=101700 A1=108920 A2=534F4 A3=10880A A4=101900 A5=108000 A6=10BA1E PC=4848 -- 004848: bcc     $4836
D0=F0073 D1=1700 D2=101700 D3=0 D4=1040000F D5=80410012 D6=FFFF D7=101900 A0=101700 A1=108920 A2=534F4 A3=10880A A4=101900 A5=108000 A6=10BA1E PC=4836 -- 004836: move.w  (A1)+, D1
D0=F0073 D1=0 D2=101700 D3=0 D4=1040000F D5=80410012 D6=FFFF D7=101900 A0=101700 A1=108922 A2=534F4 A3=10880A A4=101900 A5=108000 A6=10BA1E PC=4838 -- 004838: beq     $485a
D0=F0073 D1=0 D2=101700 D3=0 D4=1040000F D5=80410012 D6=FFFF D7=101900 A0=101700 A1=108922 A2=534F4 A3=10880A A4=101900 A5=108000 A6=10BA1E PC=485A -- 00485A: move.w  A4, (-$2,A1)
D0=F0073 D1=0 D2=101700 D3=0 D4=1040000F D5=80410012 D6=FFFF D7=101900 A0=101700 A1=108922 A2=534F4 A3=10880A A4=101900 A5=108000 A6=10BA1E PC=485E -- 00485E: rts
D0=F0073 D1=0 D2=101700 D3=0 D4=1040000F D5=80410012 D6=FFFF D7=101900 A0=101700 A1=108922 A2=534F4 A3=10880A A4=101900 A5=108000 A6=10BA1E PC=32B3C -- 032B3C: move.l  A4, D7
D0=F0073 D1=0 D2=101700 D3=0 D4=1040000F D5=80410012 D6=FFFF D7=101900 A0=101700 A1=108922 A2=534F4 A3=10880A A4=101900 A5=108000 A6=10BA1E PC=32B3E -- 032B3E: move.w  ($4,A4), D7
D0=F0073 D1=0 D2=101700 D3=0 D4=1040000F D5=80410012 D6=FFFF D7=101B00 A0=101700 A1=108922 A2=534F4 A3=10880A A4=101900 A5=108000 A6=10BA1E PC=32B42 -- 032B42: bpl     $32b36
D0=F0073 D1=0 D2=101700 D3=0 D4=1040000F D5=80410012 D6=FFFF D7=101B00 A0=101700 A1=108922 A2=534F4 A3=10880A A4=101900 A5=108000 A6=10BA1E PC=32B36 -- 032B36: movea.l D7, A4
D0=F0073 D1=0 D2=101700 D3=0 D4=1040000F D5=80410012 D6=FFFF D7=101B00 A0=101700 A1=108922 A2=534F4 A3=10880A A4=101B00 A5=108000 A6=10BA1E PC=32B38 -- 032B38: movea.l (A4), A0
D0=F0073 D1=0 D2=101700 D3=0 D4=1040000F D5=80410012 D6=FFFF D7=101B00 A0=37DBA A1=108922 A2=534F4 A3=10880A A4=101B00 A5=108000 A6=10BA1E PC=32B3A -- 032B3A: jsr     (A0)
D0=F0073 D1=0 D2=101700 D3=0 D4=1040000F D5=80410012 D6=FFFF D7=101B00 A0=37DBA A1=108922 A2=534F4 A3=10880A A4=101B00 A5=108000 A6=10BA1E PC=37DBA -- 037DBA: clr.b   ($80,A4)
D0=F0073 D1=0 D2=101700 D3=0 D4=1040000F D5=80410012 D6=FFFF D7=101B00 A0=37DBA A1=108922 A2=534F4 A3=10880A A4=101B00 A5=108000 A6=10BA1E PC=37DBE -- 037DBE: moveq   #$0, D0
D0=0 D1=0 D2=101700 D3=0 D4=1040000F D5=80410012 D6=FFFF D7=101B00 A0=37DBA A1=108922 A2=534F4 A3=10880A A4=101B00 A5=108000 A6=10BA1E PC=37DC0 -- 037DC0: move.b  ($131,A4), D0
D0=0 D1=0 D2=101700 D3=0 D4=1040000F D5=80410012 D6=FFFF D7=101B00 A0=37DBA A1=108922 A2=534F4 A3=10880A A4=101B00 A5=108000 A6=10BA1E PC=37DC4 -- 037DC4: btst    D0, ($7df,A5)
D0=0 D1=0 D2=101700 D3=0 D4=1040000F D5=80410012 D6=FFFF D7=101B00 A0=37DBA A1=108922 A2=534F4 A3=10880A A4=101B00 A5=108000 A6=10BA1E PC=37DC8 -- 037DC8: beq     $37dec
D0=0 D1=0 D2=101700 D3=0 D4=1040000F D5=80410012 D6=FFFF D7=101B00 A0=37DBA A1=108922 A2=534F4 A3=10880A A4=101B00 A5=108000 A6=10BA1E PC=37DEC -- 037DEC: move.w  ($d0,A4), D0
D0=5 D1=0 D2=101700 D3=0 D4=1040000F D5=80410012 D6=FFFF D7=101B00 A0=37DBA A1=108922 A2=534F4 A3=10880A A4=101B00 A5=108000 A6=10BA1E PC=37DF0 -- 037DF0: movea.l ($84,A4), A0
D0=5 D1=0 D2=101700 D3=0 D4=1040000F D5=80410012 D6=FFFF D7=101B00 A0=108584 A1=108922 A2=534F4 A3=10880A A4=101B00 A5=108000 A6=10BA1E PC=37DF4 -- 037DF4: btst    D0, ($cf,A0)
D0=5 D1=0 D2=101700 D3=0 D4=1040000F D5=80410012 D6=FFFF D7=101B00 A0=108584 A1=108922 A2=534F4 A3=10880A A4=101B00 A5=108000 A6=10BA1E PC=37DF8 -- 037DF8: beq     $36eac
D0=5 D1=0 D2=101700 D3=0 D4=1040000F D5=80410012 D6=FFFF D7=101B00 A0=108584 A1=108922 A2=534F4 A3=10880A A4=101B00 A5=108000 A6=10BA1E PC=36EAC -- 036EAC: jsr     $48e6.w
D0=5 D1=0 D2=101700 D3=0 D4=1040000F D5=80410012 D6=FFFF D7=101B00 A0=108584 A1=108922 A2=534F4 A3=10880A A4=101B00 A5=108000 A6=10BA1E PC=48E6 -- 0048E6: move.w  ($70,A4), D0
D0=1B D1=0 D2=101700 D3=0 D4=1040000F D5=80410012 D6=FFFF D7=101B00 A0=108584 A1=108922 A2=534F4 A3=10880A A4=101B00 A5=108000 A6=10BA1E PC=48EA -- 0048EA: cmp.b   ($78,A4), D0
D0=1B D1=0 D2=101700 D3=0 D4=1040000F D5=80410012 D6=FFFF D7=101B00 A0=108584 A1=108922 A2=534F4 A3=10880A A4=101B00 A5=108000 A6=10BA1E PC=48EE -- 0048EE: bne     $491c
D0=1B D1=0 D2=101700 D3=0 D4=1040000F D5=80410012 D6=FFFF D7=101B00 A0=108584 A1=108922 A2=534F4 A3=10880A A4=101B00 A5=108000 A6=10BA1E PC=48F0 -- 0048F0: move.w  ($72,A4), D0
D0=3E D1=0 D2=101700 D3=0 D4=1040000F D5=80410012 D6=FFFF D7=101B00 A0=108584 A1=108922 A2=534F4 A3=10880A A4=101B00 A5=108000 A6=10BA1E PC=48F4 -- 0048F4: cmp.b   ($79,A4), D0
D0=3E D1=0 D2=101700 D3=0 D4=1040000F D5=80410012 D6=FFFF D7=101B00 A0=108584 A1=108922 A2=534F4 A3=10880A A4=101B00 A5=108000 A6=10BA1E PC=48F8 -- 0048F8: bne     $493c
D0=3E D1=0 D2=101700 D3=0 D4=1040000F D5=80410012 D6=FFFF D7=101B00 A0=108584 A1=108922 A2=534F4 A3=10880A A4=101B00 A5=108000 A6=10BA1E PC=48FA -- 0048FA: tst.b   ($77,A4)
D0=3E D1=0 D2=101700 D3=0 D4=1040000F D5=80410012 D6=FFFF D7=101B00 A0=108584 A1=108922 A2=534F4 A3=10880A A4=101B00 A5=108000 A6=10BA1E PC=48FE -- 0048FE: bne     $495c
D0=3E D1=0 D2=101700 D3=0 D4=1040000F D5=80410012 D6=FFFF D7=101B00 A0=108584 A1=108922 A2=534F4 A3=10880A A4=101B00 A5=108000 A6=10BA1E PC=4900 -- 004900: tst.b   ($7a,A4)
D0=3E D1=0 D2=101700 D3=0 D4=1040000F D5=80410012 D6=FFFF D7=101B00 A0=108584 A1=108922 A2=534F4 A3=10880A A4=101B00 A5=108000 A6=10BA1E PC=4904 -- 004904: bmi     $491a
D0=3E D1=0 D2=101700 D3=0 D4=1040000F D5=80410012 D6=FFFF D7=101B00 A0=108584 A1=108922 A2=534F4 A3=10880A A4=101B00 A5=108000 A6=10BA1E PC=491A -- 00491A: rts
D0=3E D1=0 D2=101700 D3=0 D4=1040000F D5=80410012 D6=FFFF D7=101B00 A0=108584 A1=108922 A2=534F4 A3=10880A A4=101B00 A5=108000 A6=10BA1E PC=36EB0 -- 036EB0: jmp     $3e2e.w
D0=3E D1=0 D2=101700 D3=0 D4=1040000F D5=80410012 D6=FFFF D7=101B00 A0=108584 A1=108922 A2=534F4 A3=10880A A4=101B00 A5=108000 A6=10BA1E PC=3E2E -- 003E2E: tst.w   ($74,A4)
D0=3E D1=0 D2=101700 D3=0 D4=1040000F D5=80410012 D6=FFFF D7=101B00 A0=108584 A1=108922 A2=534F4 A3=10880A A4=101B00 A5=108000 A6=10BA1E PC=3E32 -- 003E32: bmi     $3e80
D0=3E D1=0 D2=101700 D3=0 D4=1040000F D5=80410012 D6=FFFF D7=101B00 A0=108584 A1=108922 A2=534F4 A3=10880A A4=101B00 A5=108000 A6=10BA1E PC=3E34 -- 003E34: btst    #$6, ($7c,A4)
D0=3E D1=0 D2=101700 D3=0 D4=1040000F D5=80410012 D6=FFFF D7=101B00 A0=108584 A1=108922 A2=534F4 A3=10880A A4=101B00 A5=108000 A6=10BA1E PC=3E3A -- 003E3A: bne     $3e78
D0=3E D1=0 D2=101700 D3=0 D4=1040000F D5=80410012 D6=FFFF D7=101B00 A0=108584 A1=108922 A2=534F4 A3=10880A A4=101B00 A5=108000 A6=10BA1E PC=3E3E -- 003E3E: moveq   #$0, D3
D0=3E D1=0 D2=101700 D3=0 D4=1040000F D5=80410012 D6=FFFF D7=101B00 A0=108584 A1=108922 A2=534F4 A3=10880A A4=101B00 A5=108000 A6=10BA1E PC=3E40 -- 003E40: move.b  ($82,A4), D3
D0=3E D1=0 D2=101700 D3=0 D4=1040000F D5=80410012 D6=FFFF D7=101B00 A0=108584 A1=108922 A2=534F4 A3=10880A A4=101B00 A5=108000 A6=10BA1E PC=3E44 -- 003E44: add.w   D3, D3
D0=3E D1=0 D2=101700 D3=0 D4=1040000F D5=80410012 D6=FFFF D7=101B00 A0=108584 A1=108922 A2=534F4 A3=10880A A4=101B00 A5=108000 A6=10BA1E PC=3E46 -- 003E46: add.w   D3, D3
D0=3E D1=0 D2=101700 D3=0 D4=1040000F D5=80410012 D6=FFFF D7=101B00 A0=108584 A1=108922 A2=534F4 A3=10880A A4=101B00 A5=108000 A6=10BA1E PC=3E48 -- 003E48: move.w  ($18,A4), D0
D0=90 D1=0 D2=101700 D3=0 D4=1040000F D5=80410012 D6=FFFF D7=101B00 A0=108584 A1=108922 A2=534F4 A3=10880A A4=101B00 A5=108000 A6=10BA1E PC=3E4C -- 003E4C: lea     ($104c,A5), A0
D0=90 D1=0 D2=101700 D3=0 D4=1040000F D5=80410012 D6=FFFF D7=101B00 A0=10904C A1=108922 A2=534F4 A3=10880A A4=101B00 A5=108000 A6=10BA1E PC=3E50 -- 003E50: sub.w   (A0,D3.w), D0
D0=90 D1=0 D2=101700 D3=0 D4=1040000F D5=80410012 D6=FFFF D7=101B00 A0=10904C A1=108922 A2=534F4 A3=10880A A4=101B00 A5=108000 A6=10BA1E PC=3E54 -- 003E54: addi.w  #$30, D0
D0=C0 D1=0 D2=101700 D3=0 D4=1040000F D5=80410012 D6=FFFF D7=101B00 A0=10904C A1=108922 A2=534F4 A3=10880A A4=101B00 A5=108000 A6=10BA1E PC=3E58 -- 003E58: cmpi.w  #$1a0, D0
D0=C0 D1=0 D2=101700 D3=0 D4=1040000F D5=80410012 D6=FFFF D7=101B00 A0=10904C A1=108922 A2=534F4 A3=10880A A4=101B00 A5=108000 A6=10BA1E PC=3E5C -- 003E5C: bls     $3e60
D0=C0 D1=0 D2=101700 D3=0 D4=1040000F D5=80410012 D6=FFFF D7=101B00 A0=10904C A1=108922 A2=534F4 A3=10880A A4=101B00 A5=108000 A6=10BA1E PC=3E60 -- 003E60: move.w  ($1c,A4), D0
D0=C8 D1=0 D2=101700 D3=0 D4=1040000F D5=80410012 D6=FFFF D7=101B00 A0=10904C A1=108922 A2=534F4 A3=10880A A4=101B00 A5=108000 A6=10BA1E PC=3E64 -- 003E64: sub.w   ($20,A4), D0
D0=C8 D1=0 D2=101700 D3=0 D4=1040000F D5=80410012 D6=FFFF D7=101B00 A0=10904C A1=108922 A2=534F4 A3=10880A A4=101B00 A5=108000 A6=10BA1E PC=3E68 -- 003E68: lea     ($1058,A5), A0
D0=C8 D1=0 D2=101700 D3=0 D4=1040000F D5=80410012 D6=FFFF D7=101B00 A0=109058 A1=108922 A2=534F4 A3=10880A A4=101B00 A5=108000 A6=10BA1E PC=3E6C -- 003E6C: sub.w   (A0,D3.w), D0
D0=C8 D1=0 D2=101700 D3=0 D4=1040000F D5=80410012 D6=FFFF D7=101B00 A0=109058 A1=108922 A2=534F4 A3=10880A A4=101B00 A5=108000 A6=10BA1E PC=3E70 -- 003E70: cmpi.w  #$1c0, D0
D0=C8 D1=0 D2=101700 D3=0 D4=1040000F D5=80410012 D6=FFFF D7=101B00 A0=109058 A1=108922 A2=534F4 A3=10880A A4=101B00 A5=108000 A6=10BA1E PC=3E74 -- 003E74: bls     $3e78
D0=C8 D1=0 D2=101700 D3=0 D4=1040000F D5=80410012 D6=FFFF D7=101B00 A0=109058 A1=108922 A2=534F4 A3=10880A A4=101B00 A5=108000 A6=10BA1E PC=3E78 -- 003E78: bsr     $4860
D0=C8 D1=0 D2=101700 D3=0 D4=1040000F D5=80410012 D6=FFFF D7=101B00 A0=109058 A1=108922 A2=534F4 A3=10880A A4=101B00 A5=108000 A6=10BA1E PC=4860 -- 004860: lea     $7bf48.l, A0
D0=C8 D1=0 D2=101700 D3=0 D4=1040000F D5=80410012 D6=FFFF D7=101B00 A0=7BF48 A1=108922 A2=534F4 A3=10880A A4=101B00 A5=108000 A6=10BA1E PC=4866 -- 004866: move.w  ($70,A4), D0
D0=1B D1=0 D2=101700 D3=0 D4=1040000F D5=80410012 D6=FFFF D7=101B00 A0=7BF48 A1=108922 A2=534F4 A3=10880A A4=101B00 A5=108000 A6=10BA1E PC=486A -- 00486A: add.w   D0, D0
D0=36 D1=0 D2=101700 D3=0 D4=1040000F D5=80410012 D6=FFFF D7=101B00 A0=7BF48 A1=108922 A2=534F4 A3=10880A A4=101B00 A5=108000 A6=10BA1E PC=486C -- 00486C: add.w   D0, D0
D0=6C D1=0 D2=101700 D3=0 D4=1040000F D5=80410012 D6=FFFF D7=101B00 A0=7BF48 A1=108922 A2=534F4 A3=10880A A4=101B00 A5=108000 A6=10BA1E PC=486E -- 00486E: movea.l (A0,D0.w), A0
D0=6C D1=0 D2=101700 D3=0 D4=1040000F D5=80410012 D6=FFFF D7=101B00 A0=7F5E0 A1=108922 A2=534F4 A3=10880A A4=101B00 A5=108000 A6=10BA1E PC=4872 -- 004872: move.w  ($72,A4), D0
D0=3E D1=0 D2=101700 D3=0 D4=1040000F D5=80410012 D6=FFFF D7=101B00 A0=7F5E0 A1=108922 A2=534F4 A3=10880A A4=101B00 A5=108000 A6=10BA1E PC=4876 -- 004876: add.w   D0, D0
D0=7C D1=0 D2=101700 D3=0 D4=1040000F D5=80410012 D6=FFFF D7=101B00 A0=7F5E0 A1=108922 A2=534F4 A3=10880A A4=101B00 A5=108000 A6=10BA1E PC=4878 -- 004878: move.w  (A0,D0.w), D1
D0=7C D1=3E3E D2=101700 D3=0 D4=1040000F D5=80410012 D6=FFFF D7=101B00 A0=7F5E0 A1=108922 A2=534F4 A3=10880A A4=101B00 A5=108000 A6=10BA1E PC=487C -- 00487C: move.w  D1, ($46de,A5)
D0=7C D1=3E3E D2=101700 D3=0 D4=1040000F D5=80410012 D6=FFFF D7=101B00 A0=7F5E0 A1=108922 A2=534F4 A3=10880A A4=101B00 A5=108000 A6=10BA1E PC=4880 -- 004880: lea     $80000.l, A0
D0=7C D1=3E3E D2=101700 D3=0 D4=1040000F D5=80410012 D6=FFFF D7=101B00 A0=80000 A1=108922 A2=534F4 A3=10880A A4=101B00 A5=108000 A6=10BA1E PC=4886 -- 004886: move.w  ($70,A4), D0
D0=1B D1=3E3E D2=101700 D3=0 D4=1040000F D5=80410012 D6=FFFF D7=101B00 A0=80000 A1=108922 A2=534F4 A3=10880A A4=101B00 A5=108000 A6=10BA1E PC=488A -- 00488A: add.w   D0, D0
D0=36 D1=3E3E D2=101700 D3=0 D4=1040000F D5=80410012 D6=FFFF D7=101B00 A0=80000 A1=108922 A2=534F4 A3=10880A A4=101B00 A5=108000 A6=10BA1E PC=488C -- 00488C: add.w   D0, D0
D0=6C D1=3E3E D2=101700 D3=0 D4=1040000F D5=80410012 D6=FFFF D7=101B00 A0=80000 A1=108922 A2=534F4 A3=10880A A4=101B00 A5=108000 A6=10BA1E PC=488E -- 00488E: movea.l (A0,D0.w), A0
D0=6C D1=3E3E D2=101700 D3=0 D4=1040000F D5=80410012 D6=FFFF D7=101B00 A0=86E00 A1=108922 A2=534F4 A3=10880A A4=101B00 A5=108000 A6=10BA1E PC=4892 -- 004892: move.w  ($46de,A5), D0
D0=3E3E D1=3E3E D2=101700 D3=0 D4=1040000F D5=80410012 D6=FFFF D7=101B00 A0=86E00 A1=108922 A2=534F4 A3=10880A A4=101B00 A5=108000 A6=10BA1E PC=4896 -- 004896: tst.b   ($46e2,A5)
D0=3E3E D1=3E3E D2=101700 D3=0 D4=1040000F D5=80410012 D6=FFFF D7=101B00 A0=86E00 A1=108922 A2=534F4 A3=10880A A4=101B00 A5=108000 A6=10BA1E PC=489A -- 00489A: beq     $48a0
D0=3E3E D1=3E3E D2=101700 D3=0 D4=1040000F D5=80410012 D6=FFFF D7=101B00 A0=86E00 A1=108922 A2=534F4 A3=10880A A4=101B00 A5=108000 A6=10BA1E PC=48A0 -- 0048A0: andi.w  #$ff, D0
D0=3E D1=3E3E D2=101700 D3=0 D4=1040000F D5=80410012 D6=FFFF D7=101B00 A0=86E00 A1=108922 A2=534F4 A3=10880A A4=101B00 A5=108000 A6=10BA1E PC=48A4 -- 0048A4: add.w   D0, D0
D0=7C D1=3E3E D2=101700 D3=0 D4=1040000F D5=80410012 D6=FFFF D7=101B00 A0=86E00 A1=108922 A2=534F4 A3=10880A A4=101B00 A5=108000 A6=10BA1E PC=48A6 -- 0048A6: add.w   D0, D0
D0=F8 D1=3E3E D2=101700 D3=0 D4=1040000F D5=80410012 D6=FFFF D7=101B00 A0=86E00 A1=108922 A2=534F4 A3=10880A A4=101B00 A5=108000 A6=10BA1E PC=48A8 -- 0048A8: movea.l (A0,D0.w), A0
D0=F8 D1=3E3E D2=101700 D3=0 D4=1040000F D5=80410012 D6=FFFF D7=101B00 A0=F3142 A1=108922 A2=534F4 A3=10880A A4=101B00 A5=108000 A6=10BA1E PC=48AC -- 0048AC: move.w  ($74,A4), D0
D0=0 D1=3E3E D2=101700 D3=0 D4=1040000F D5=80410012 D6=FFFF D7=101B00 A0=F3142 A1=108922 A2=534F4 A3=10880A A4=101B00 A5=108000 A6=10BA1E PC=48B0 -- 0048B0: adda.w  D0, A0
D0=0 D1=3E3E D2=101700 D3=0 D4=1040000F D5=80410012 D6=FFFF D7=101B00 A0=F3142 A1=108922 A2=534F4 A3=10880A A4=101B00 A5=108000 A6=10BA1E PC=48B2 -- 0048B2: move.l  (A0), D0
D0=10F1134 D1=3E3E D2=101700 D3=0 D4=1040000F D5=80410012 D6=FFFF D7=101B00 A0=F3142 A1=108922 A2=534F4 A3=10880A A4=101B00 A5=108000 A6=10BA1E PC=48B4 -- 0048B4: andi.l  #$ffffff, D0
D0=F1134 D1=3E3E D2=101700 D3=0 D4=1040000F D5=80410012 D6=FFFF D7=101B00 A0=F3142 A1=108922 A2=534F4 A3=10880A A4=101B00 A5=108000 A6=10BA1E PC=48BA -- 0048BA: movea.l D0, A0
D0=F1134 D1=3E3E D2=101700 D3=0 D4=1040000F D5=80410012 D6=FFFF D7=101B00 A0=F1134 A1=108922 A2=534F4 A3=10880A A4=101B00 A5=108000 A6=10BA1E PC=48BC -- 0048BC: move.w  ($4,A0), D0
D0=F0079 D1=3E3E D2=101700 D3=0 D4=1040000F D5=80410012 D6=FFFF D7=101B00 A0=F1134 A1=108922 A2=534F4 A3=10880A A4=101B00 A5=108000 A6=10BA1E PC=48C0 -- 0048C0: andi.w  #$1fff, D0
D0=F0079 D1=3E3E D2=101700 D3=0 D4=1040000F D5=80410012 D6=FFFF D7=101B00 A0=F1134 A1=108922 A2=534F4 A3=10880A A4=101B00 A5=108000 A6=10BA1E PC=48C4 -- 0048C4: move.w  D0, ($46e0,A5)
D0=F0079 D1=3E3E D2=101700 D3=0 D4=1040000F D5=80410012 D6=FFFF D7=101B00 A0=F1134 A1=108922 A2=534F4 A3=10880A A4=101B00 A5=108000 A6=10BA1E PC=48C8 -- 0048C8: lea     $80080.l, A0
D0=F0079 D1=3E3E D2=101700 D3=0 D4=1040000F D5=80410012 D6=FFFF D7=101B00 A0=80080 A1=108922 A2=534F4 A3=10880A A4=101B00 A5=108000 A6=10BA1E PC=48CE -- 0048CE: move.w  ($70,A4), D1
D0=F0079 D1=1B D2=101700 D3=0 D4=1040000F D5=80410012 D6=FFFF D7=101B00 A0=80080 A1=108922 A2=534F4 A3=10880A A4=101B00 A5=108000 A6=10BA1E PC=48D2 -- 0048D2: add.w   D1, D1
D0=F0079 D1=36 D2=101700 D3=0 D4=1040000F D5=80410012 D6=FFFF D7=101B00 A0=80080 A1=108922 A2=534F4 A3=10880A A4=101B00 A5=108000 A6=10BA1E PC=48D4 -- 0048D4: add.w   D1, D1
D0=F0079 D1=6C D2=101700 D3=0 D4=1040000F D5=80410012 D6=FFFF D7=101B00 A0=80080 A1=108922 A2=534F4 A3=10880A A4=101B00 A5=108000 A6=10BA1E PC=48D6 -- 0048D6: movea.l (A0,D1.w), A0
D0=F0079 D1=6C D2=101700 D3=0 D4=1040000F D5=80410012 D6=FFFF D7=101B00 A0=95200 A1=108922 A2=534F4 A3=10880A A4=101B00 A5=108000 A6=10BA1E PC=48DA -- 0048DA: add.w   D0, D0
D0=F00F2 D1=6C D2=101700 D3=0 D4=1040000F D5=80410012 D6=FFFF D7=101B00 A0=95200 A1=108922 A2=534F4 A3=10880A A4=101B00 A5=108000 A6=10BA1E PC=48DC -- 0048DC: add.w   D0, D0
D0=F01E4 D1=6C D2=101700 D3=0 D4=1040000F D5=80410012 D6=FFFF D7=101B00 A0=95200 A1=108922 A2=534F4 A3=10880A A4=101B00 A5=108000 A6=10BA1E PC=48DE -- 0048DE: move.l  (A0,D0.w), ($28,A4)
D0=F01E4 D1=6C D2=101700 D3=0 D4=1040000F D5=80410012 D6=FFFF D7=101B00 A0=95200 A1=108922 A2=534F4 A3=10880A A4=101B00 A5=108000 A6=10BA1E PC=48E4 -- 0048E4: rts
D0=F01E4 D1=6C D2=101700 D3=0 D4=1040000F D5=80410012 D6=FFFF D7=101B00 A0=95200 A1=108922 A2=534F4 A3=10880A A4=101B00 A5=108000 A6=10BA1E PC=3E7C -- 003E7C: bra     $481a
D0=F01E4 D1=6C D2=101700 D3=0 D4=1040000F D5=80410012 D6=FFFF D7=101B00 A0=95200 A1=108922 A2=534F4 A3=10880A A4=101B00 A5=108000 A6=10BA1E PC=481A -- 00481A: addq.w  #1, ($e3a,A5)
D0=F01E4 D1=6C D2=101700 D3=0 D4=1040000F D5=80410012 D6=FFFF D7=101B00 A0=95200 A1=108922 A2=534F4 A3=10880A A4=101B00 A5=108000 A6=10BA1E PC=481E -- 00481E: lea     ($838,A5), A1
D0=F01E4 D1=6C D2=101700 D3=0 D4=1040000F D5=80410012 D6=FFFF D7=101B00 A0=95200 A1=108838 A2=534F4 A3=10880A A4=101B00 A5=108000 A6=10BA1E PC=4822 -- 004822: move.w  ($2c,A4), D0
D0=F0073 D1=6C D2=101700 D3=0 D4=1040000F D5=80410012 D6=FFFF D7=101B00 A0=95200 A1=108838 A2=534F4 A3=10880A A4=101B00 A5=108000 A6=10BA1E PC=4826 -- 004826: move.w  D0, D1
D0=F0073 D1=73 D2=101700 D3=0 D4=1040000F D5=80410012 D6=FFFF D7=101B00 A0=95200 A1=108838 A2=534F4 A3=10880A A4=101B00 A5=108000 A6=10BA1E PC=4828 -- 004828: add.w   D1, D1
D0=F0073 D1=E6 D2=101700 D3=0 D4=1040000F D5=80410012 D6=FFFF D7=101B00 A0=95200 A1=108838 A2=534F4 A3=10880A A4=101B00 A5=108000 A6=10BA1E PC=482A -- 00482A: adda.w  D1, A1
D0=F0073 D1=E6 D2=101700 D3=0 D4=1040000F D5=80410012 D6=FFFF D7=101B00 A0=95200 A1=10891E A2=534F4 A3=10880A A4=101B00 A5=108000 A6=10BA1E PC=482C -- 00482C: cmp.w   ($e38,A5), D1
D0=F0073 D1=E6 D2=101700 D3=0 D4=1040000F D5=80410012 D6=FFFF D7=101B00 A0=95200 A1=10891E A2=534F4 A3=10880A A4=101B00 A5=108000 A6=10BA1E PC=4830 -- 004830: bhi     $4836
D0=F0073 D1=E6 D2=101700 D3=0 D4=1040000F D5=80410012 D6=FFFF D7=101B00 A0=95200 A1=10891E A2=534F4 A3=10880A A4=101B00 A5=108000 A6=10BA1E PC=4836 -- 004836: move.w  (A1)+, D1
D0=F0073 D1=1700 D2=101700 D3=0 D4=1040000F D5=80410012 D6=FFFF D7=101B00 A0=95200 A1=108920 A2=534F4 A3=10880A A4=101B00 A5=108000 A6=10BA1E PC=4838 -- 004838: beq     $485a
D0=F0073 D1=1700 D2=101700 D3=0 D4=1040000F D5=80410012 D6=FFFF D7=101B00 A0=95200 A1=108920 A2=534F4 A3=10880A A4=101B00 A5=108000 A6=10BA1E PC=483A -- 00483A: move.l  #$100000, D2
D0=F0073 D1=1700 D2=100000 D3=0 D4=1040000F D5=80410012 D6=FFFF D7=101B00 A0=95200 A1=108920 A2=534F4 A3=10880A A4=101B00 A5=108000 A6=10BA1E PC=4840 -- 004840: move.w  D1, D2
D0=F0073 D1=1700 D2=101700 D3=0 D4=1040000F D5=80410012 D6=FFFF D7=101B00 A0=95200 A1=108920 A2=534F4 A3=10880A A4=101B00 A5=108000 A6=10BA1E PC=4842 -- 004842: movea.l D2, A0
D0=F0073 D1=1700 D2=101700 D3=0 D4=1040000F D5=80410012 D6=FFFF D7=101B00 A0=101700 A1=108920 A2=534F4 A3=10880A A4=101B00 A5=108000 A6=10BA1E PC=4844 -- 004844: cmp.w   ($2c,A0), D0
D0=F0073 D1=1700 D2=101700 D3=0 D4=1040000F D5=80410012 D6=FFFF D7=101B00 A0=101700 A1=108920 A2=534F4 A3=10880A A4=101B00 A5=108000 A6=10BA1E PC=4848 -- 004848: bcc     $4836
D0=F0073 D1=1700 D2=101700 D3=0 D4=1040000F D5=80410012 D6=FFFF D7=101B00 A0=101700 A1=108920 A2=534F4 A3=10880A A4=101B00 A5=108000 A6=10BA1E PC=4836 -- 004836: move.w  (A1)+, D1
D0=F0073 D1=1900 D2=101700 D3=0 D4=1040000F D5=80410012 D6=FFFF D7=101B00 A0=101700 A1=108922 A2=534F4 A3=10880A A4=101B00 A5=108000 A6=10BA1E PC=4838 -- 004838: beq     $485a
D0=F0073 D1=1900 D2=101700 D3=0 D4=1040000F D5=80410012 D6=FFFF D7=101B00 A0=101700 A1=108922 A2=534F4 A3=10880A A4=101B00 A5=108000 A6=10BA1E PC=483A -- 00483A: move.l  #$100000, D2
D0=F0073 D1=1900 D2=100000 D3=0 D4=1040000F D5=80410012 D6=FFFF D7=101B00 A0=101700 A1=108922 A2=534F4 A3=10880A A4=101B00 A5=108000 A6=10BA1E PC=4840 -- 004840: move.w  D1, D2
D0=F0073 D1=1900 D2=101900 D3=0 D4=1040000F D5=80410012 D6=FFFF D7=101B00 A0=101700 A1=108922 A2=534F4 A3=10880A A4=101B00 A5=108000 A6=10BA1E PC=4842 -- 004842: movea.l D2, A0
D0=F0073 D1=1900 D2=101900 D3=0 D4=1040000F D5=80410012 D6=FFFF D7=101B00 A0=101900 A1=108922 A2=534F4 A3=10880A A4=101B00 A5=108000 A6=10BA1E PC=4844 -- 004844: cmp.w   ($2c,A0), D0
D0=F0073 D1=1900 D2=101900 D3=0 D4=1040000F D5=80410012 D6=FFFF D7=101B00 A0=101900 A1=108922 A2=534F4 A3=10880A A4=101B00 A5=108000 A6=10BA1E PC=4848 -- 004848: bcc     $4836

   (loops for 2 instructions)

D0=F0073 D1=0 D2=101900 D3=0 D4=1040000F D5=80410012 D6=FFFF D7=101B00 A0=101900 A1=108924 A2=534F4 A3=10880A A4=101B00 A5=108000 A6=10BA1E PC=485A -- 00485A: move.w  A4, (-$2,A1)
D0=F0073 D1=0 D2=101900 D3=0 D4=1040000F D5=80410012 D6=FFFF D7=101B00 A0=101900 A1=108924 A2=534F4 A3=10880A A4=101B00 A5=108000 A6=10BA1E PC=485E -- 00485E: rts
D0=F0073 D1=0 D2=101900 D3=0 D4=1040000F D5=80410012 D6=FFFF D7=101B00 A0=101900 A1=108924 A2=534F4 A3=10880A A4=101B00 A5=108000 A6=10BA1E PC=32B3C -- 032B3C: move.l  A4, D7
D0=F0073 D1=0 D2=101900 D3=0 D4=1040000F D5=80410012 D6=FFFF D7=101B00 A0=101900 A1=108924 A2=534F4 A3=10880A A4=101B00 A5=108000 A6=10BA1E PC=32B3E -- 032B3E: move.w  ($4,A4), D7
D0=F0073 D1=0 D2=101900 D3=0 D4=1040000F D5=80410012 D6=FFFF D7=101D00 A0=101900 A1=108924 A2=534F4 A3=10880A A4=101B00 A5=108000 A6=10BA1E PC=32B42 -- 032B42: bpl     $32b36
D0=F0073 D1=0 D2=101900 D3=0 D4=1040000F D5=80410012 D6=FFFF D7=101D00 A0=101900 A1=108924 A2=534F4 A3=10880A A4=101B00 A5=108000 A6=10BA1E PC=32B36 -- 032B36: movea.l D7, A4
D0=F0073 D1=0 D2=101900 D3=0 D4=1040000F D5=80410012 D6=FFFF D7=101D00 A0=101900 A1=108924 A2=534F4 A3=10880A A4=101D00 A5=108000 A6=10BA1E PC=32B38 -- 032B38: movea.l (A4), A0
D0=F0073 D1=0 D2=101900 D3=0 D4=1040000F D5=80410012 D6=FFFF D7=101D00 A0=37DBA A1=108924 A2=534F4 A3=10880A A4=101D00 A5=108000 A6=10BA1E PC=32B3A -- 032B3A: jsr     (A0)
D0=F0073 D1=0 D2=101900 D3=0 D4=1040000F D5=80410012 D6=FFFF D7=101D00 A0=37DBA A1=108924 A2=534F4 A3=10880A A4=101D00 A5=108000 A6=10BA1E PC=37DBA -- 037DBA: clr.b   ($80,A4)
D0=F0073 D1=0 D2=101900 D3=0 D4=1040000F D5=80410012 D6=FFFF D7=101D00 A0=37DBA A1=108924 A2=534F4 A3=10880A A4=101D00 A5=108000 A6=10BA1E PC=37DBE -- 037DBE: moveq   #$0, D0
D0=0 D1=0 D2=101900 D3=0 D4=1040000F D5=80410012 D6=FFFF D7=101D00 A0=37DBA A1=108924 A2=534F4 A3=10880A A4=101D00 A5=108000 A6=10BA1E PC=37DC0 -- 037DC0: move.b  ($131,A4), D0
D0=4 D1=0 D2=101900 D3=0 D4=1040000F D5=80410012 D6=FFFF D7=101D00 A0=37DBA A1=108924 A2=534F4 A3=10880A A4=101D00 A5=108000 A6=10BA1E PC=37DC4 -- 037DC4: btst    D0, ($7df,A5)
D0=4 D1=0 D2=101900 D3=0 D4=1040000F D5=80410012 D6=FFFF D7=101D00 A0=37DBA A1=108924 A2=534F4 A3=10880A A4=101D00 A5=108000 A6=10BA1E PC=37DC8 -- 037DC8: beq     $37dec
D0=4 D1=0 D2=101900 D3=0 D4=1040000F D5=80410012 D6=FFFF D7=101D00 A0=37DBA A1=108924 A2=534F4 A3=10880A A4=101D00 A5=108000 A6=10BA1E PC=37DEC -- 037DEC: move.w  ($d0,A4), D0
D0=5 D1=0 D2=101900 D3=0 D4=1040000F D5=80410012 D6=FFFF D7=101D00 A0=37DBA A1=108924 A2=534F4 A3=10880A A4=101D00 A5=108000 A6=10BA1E PC=37DF0 -- 037DF0: movea.l ($84,A4), A0
D0=5 D1=0 D2=101900 D3=0 D4=1040000F D5=80410012 D6=FFFF D7=101D00 A0=108584 A1=108924 A2=534F4 A3=10880A A4=101D00 A5=108000 A6=10BA1E PC=37DF4 -- 037DF4: btst    D0, ($cf,A0)
D0=5 D1=0 D2=101900 D3=0 D4=1040000F D5=80410012 D6=FFFF D7=101D00 A0=108584 A1=108924 A2=534F4 A3=10880A A4=101D00 A5=108000 A6=10BA1E PC=37DF8 -- 037DF8: beq     $36eac
D0=5 D1=0 D2=101900 D3=0 D4=1040000F D5=80410012 D6=FFFF D7=101D00 A0=108584 A1=108924 A2=534F4 A3=10880A A4=101D00 A5=108000 A6=10BA1E PC=36EAC -- 036EAC: jsr     $48e6.w
D0=5 D1=0 D2=101900 D3=0 D4=1040000F D5=80410012 D6=FFFF D7=101D00 A0=108584 A1=108924 A2=534F4 A3=10880A A4=101D00 A5=108000 A6=10BA1E PC=48E6 -- 0048E6: move.w  ($70,A4), D0
D0=1B D1=0 D2=101900 D3=0 D4=1040000F D5=80410012 D6=FFFF D7=101D00 A0=108584 A1=108924 A2=534F4 A3=10880A A4=101D00 A5=108000 A6=10BA1E PC=48EA -- 0048EA: cmp.b   ($78,A4), D0
D0=1B D1=0 D2=101900 D3=0 D4=1040000F D5=80410012 D6=FFFF D7=101D00 A0=108584 A1=108924 A2=534F4 A3=10880A A4=101D00 A5=108000 A6=10BA1E PC=48EE -- 0048EE: bne     $491c
D0=1B D1=0 D2=101900 D3=0 D4=1040000F D5=80410012 D6=FFFF D7=101D00 A0=108584 A1=108924 A2=534F4 A3=10880A A4=101D00 A5=108000 A6=10BA1E PC=48F0 -- 0048F0: move.w  ($72,A4), D0
D0=3D D1=0 D2=101900 D3=0 D4=1040000F D5=80410012 D6=FFFF D7=101D00 A0=108584 A1=108924 A2=534F4 A3=10880A A4=101D00 A5=108000 A6=10BA1E PC=48F4 -- 0048F4: cmp.b   ($79,A4), D0
D0=3D D1=0 D2=101900 D3=0 D4=1040000F D5=80410012 D6=FFFF D7=101D00 A0=108584 A1=108924 A2=534F4 A3=10880A A4=101D00 A5=108000 A6=10BA1E PC=48F8 -- 0048F8: bne     $493c
D0=3D D1=0 D2=101900 D3=0 D4=1040000F D5=80410012 D6=FFFF D7=101D00 A0=108584 A1=108924 A2=534F4 A3=10880A A4=101D00 A5=108000 A6=10BA1E PC=48FA -- 0048FA: tst.b   ($77,A4)
D0=3D D1=0 D2=101900 D3=0 D4=1040000F D5=80410012 D6=FFFF D7=101D00 A0=108584 A1=108924 A2=534F4 A3=10880A A4=101D00 A5=108000 A6=10BA1E PC=48FE -- 0048FE: bne     $495c
D0=3D D1=0 D2=101900 D3=0 D4=1040000F D5=80410012 D6=FFFF D7=101D00 A0=108584 A1=108924 A2=534F4 A3=10880A A4=101D00 A5=108000 A6=10BA1E PC=4900 -- 004900: tst.b   ($7a,A4)
D0=3D D1=0 D2=101900 D3=0 D4=1040000F D5=80410012 D6=FFFF D7=101D00 A0=108584 A1=108924 A2=534F4 A3=10880A A4=101D00 A5=108000 A6=10BA1E PC=4904 -- 004904: bmi     $491a
D0=3D D1=0 D2=101900 D3=0 D4=1040000F D5=80410012 D6=FFFF D7=101D00 A0=108584 A1=108924 A2=534F4 A3=10880A A4=101D00 A5=108000 A6=10BA1E PC=491A -- 00491A: rts
D0=3D D1=0 D2=101900 D3=0 D4=1040000F D5=80410012 D6=FFFF D7=101D00 A0=108584 A1=108924 A2=534F4 A3=10880A A4=101D00 A5=108000 A6=10BA1E PC=36EB0 -- 036EB0: jmp     $3e2e.w
D0=3D D1=0 D2=101900 D3=0 D4=1040000F D5=80410012 D6=FFFF D7=101D00 A0=108584 A1=108924 A2=534F4 A3=10880A A4=101D00 A5=108000 A6=10BA1E PC=3E2E -- 003E2E: tst.w   ($74,A4)
D0=3D D1=0 D2=101900 D3=0 D4=1040000F D5=80410012 D6=FFFF D7=101D00 A0=108584 A1=108924 A2=534F4 A3=10880A A4=101D00 A5=108000 A6=10BA1E PC=3E32 -- 003E32: bmi     $3e80
D0=3D D1=0 D2=101900 D3=0 D4=1040000F D5=80410012 D6=FFFF D7=101D00 A0=108584 A1=108924 A2=534F4 A3=10880A A4=101D00 A5=108000 A6=10BA1E PC=3E34 -- 003E34: btst    #$6, ($7c,A4)
D0=3D D1=0 D2=101900 D3=0 D4=1040000F D5=80410012 D6=FFFF D7=101D00 A0=108584 A1=108924 A2=534F4 A3=10880A A4=101D00 A5=108000 A6=10BA1E PC=3E3A -- 003E3A: bne     $3e78
D0=3D D1=0 D2=101900 D3=0 D4=1040000F D5=80410012 D6=FFFF D7=101D00 A0=108584 A1=108924 A2=534F4 A3=10880A A4=101D00 A5=108000 A6=10BA1E PC=3E3E -- 003E3E: moveq   #$0, D3
D0=3D D1=0 D2=101900 D3=0 D4=1040000F D5=80410012 D6=FFFF D7=101D00 A0=108584 A1=108924 A2=534F4 A3=10880A A4=101D00 A5=108000 A6=10BA1E PC=3E40 -- 003E40: move.b  ($82,A4), D3
D0=3D D1=0 D2=101900 D3=0 D4=1040000F D5=80410012 D6=FFFF D7=101D00 A0=108584 A1=108924 A2=534F4 A3=10880A A4=101D00 A5=108000 A6=10BA1E PC=3E44 -- 003E44: add.w   D3, D3
D0=3D D1=0 D2=101900 D3=0 D4=1040000F D5=80410012 D6=FFFF D7=101D00 A0=108584 A1=108924 A2=534F4 A3=10880A A4=101D00 A5=108000 A6=10BA1E PC=3E46 -- 003E46: add.w   D3, D3
D0=3D D1=0 D2=101900 D3=0 D4=1040000F D5=80410012 D6=FFFF D7=101D00 A0=108584 A1=108924 A2=534F4 A3=10880A A4=101D00 A5=108000 A6=10BA1E PC=3E48 -- 003E48: move.w  ($18,A4), D0
D0=90 D1=0 D2=101900 D3=0 D4=1040000F D5=80410012 D6=FFFF D7=101D00 A0=108584 A1=108924 A2=534F4 A3=10880A A4=101D00 A5=108000 A6=10BA1E PC=3E4C -- 003E4C: lea     ($104c,A5), A0
D0=90 D1=0 D2=101900 D3=0 D4=1040000F D5=80410012 D6=FFFF D7=101D00 A0=10904C A1=108924 A2=534F4 A3=10880A A4=101D00 A5=108000 A6=10BA1E PC=3E50 -- 003E50: sub.w   (A0,D3.w), D0
D0=90 D1=0 D2=101900 D3=0 D4=1040000F D5=80410012 D6=FFFF D7=101D00 A0=10904C A1=108924 A2=534F4 A3=10880A A4=101D00 A5=108000 A6=10BA1E PC=3E54 -- 003E54: addi.w  #$30, D0
D0=C0 D1=0 D2=101900 D3=0 D4=1040000F D5=80410012 D6=FFFF D7=101D00 A0=10904C A1=108924 A2=534F4 A3=10880A A4=101D00 A5=108000 A6=10BA1E PC=3E58 -- 003E58: cmpi.w  #$1a0, D0
D0=C0 D1=0 D2=101900 D3=0 D4=1040000F D5=80410012 D6=FFFF D7=101D00 A0=10904C A1=108924 A2=534F4 A3=10880A A4=101D00 A5=108000 A6=10BA1E PC=3E5C -- 003E5C: bls     $3e60
D0=C0 D1=0 D2=101900 D3=0 D4=1040000F D5=80410012 D6=FFFF D7=101D00 A0=10904C A1=108924 A2=534F4 A3=10880A A4=101D00 A5=108000 A6=10BA1E PC=3E60 -- 003E60: move.w  ($1c,A4), D0
D0=C8 D1=0 D2=101900 D3=0 D4=1040000F D5=80410012 D6=FFFF D7=101D00 A0=10904C A1=108924 A2=534F4 A3=10880A A4=101D00 A5=108000 A6=10BA1E PC=3E64 -- 003E64: sub.w   ($20,A4), D0
D0=C8 D1=0 D2=101900 D3=0 D4=1040000F D5=80410012 D6=FFFF D7=101D00 A0=10904C A1=108924 A2=534F4 A3=10880A A4=101D00 A5=108000 A6=10BA1E PC=3E68 -- 003E68: lea     ($1058,A5), A0
D0=C8 D1=0 D2=101900 D3=0 D4=1040000F D5=80410012 D6=FFFF D7=101D00 A0=109058 A1=108924 A2=534F4 A3=10880A A4=101D00 A5=108000 A6=10BA1E PC=3E6C -- 003E6C: sub.w   (A0,D3.w), D0
D0=C8 D1=0 D2=101900 D3=0 D4=1040000F D5=80410012 D6=FFFF D7=101D00 A0=109058 A1=108924 A2=534F4 A3=10880A A4=101D00 A5=108000 A6=10BA1E PC=3E70 -- 003E70: cmpi.w  #$1c0, D0
D0=C8 D1=0 D2=101900 D3=0 D4=1040000F D5=80410012 D6=FFFF D7=101D00 A0=109058 A1=108924 A2=534F4 A3=10880A A4=101D00 A5=108000 A6=10BA1E PC=3E74 -- 003E74: bls     $3e78
D0=C8 D1=0 D2=101900 D3=0 D4=1040000F D5=80410012 D6=FFFF D7=101D00 A0=109058 A1=108924 A2=534F4 A3=10880A A4=101D00 A5=108000 A6=10BA1E PC=3E78 -- 003E78: bsr     $4860
D0=C8 D1=0 D2=101900 D3=0 D4=1040000F D5=80410012 D6=FFFF D7=101D00 A0=109058 A1=108924 A2=534F4 A3=10880A A4=101D00 A5=108000 A6=10BA1E PC=4860 -- 004860: lea     $7bf48.l, A0
D0=C8 D1=0 D2=101900 D3=0 D4=1040000F D5=80410012 D6=FFFF D7=101D00 A0=7BF48 A1=108924 A2=534F4 A3=10880A A4=101D00 A5=108000 A6=10BA1E PC=4866 -- 004866: move.w  ($70,A4), D0
D0=1B D1=0 D2=101900 D3=0 D4=1040000F D5=80410012 D6=FFFF D7=101D00 A0=7BF48 A1=108924 A2=534F4 A3=10880A A4=101D00 A5=108000 A6=10BA1E PC=486A -- 00486A: add.w   D0, D0
D0=36 D1=0 D2=101900 D3=0 D4=1040000F D5=80410012 D6=FFFF D7=101D00 A0=7BF48 A1=108924 A2=534F4 A3=10880A A4=101D00 A5=108000 A6=10BA1E PC=486C -- 00486C: add.w   D0, D0
D0=6C D1=0 D2=101900 D3=0 D4=1040000F D5=80410012 D6=FFFF D7=101D00 A0=7BF48 A1=108924 A2=534F4 A3=10880A A4=101D00 A5=108000 A6=10BA1E PC=486E -- 00486E: movea.l (A0,D0.w), A0
D0=6C D1=0 D2=101900 D3=0 D4=1040000F D5=80410012 D6=FFFF D7=101D00 A0=7F5E0 A1=108924 A2=534F4 A3=10880A A4=101D00 A5=108000 A6=10BA1E PC=4872 -- 004872: move.w  ($72,A4), D0
D0=3D D1=0 D2=101900 D3=0 D4=1040000F D5=80410012 D6=FFFF D7=101D00 A0=7F5E0 A1=108924 A2=534F4 A3=10880A A4=101D00 A5=108000 A6=10BA1E PC=4876 -- 004876: add.w   D0, D0
D0=7A D1=0 D2=101900 D3=0 D4=1040000F D5=80410012 D6=FFFF D7=101D00 A0=7F5E0 A1=108924 A2=534F4 A3=10880A A4=101D00 A5=108000 A6=10BA1E PC=4878 -- 004878: move.w  (A0,D0.w), D1
D0=7A D1=3D3D D2=101900 D3=0 D4=1040000F D5=80410012 D6=FFFF D7=101D00 A0=7F5E0 A1=108924 A2=534F4 A3=10880A A4=101D00 A5=108000 A6=10BA1E PC=487C -- 00487C: move.w  D1, ($46de,A5)
D0=7A D1=3D3D D2=101900 D3=0 D4=1040000F D5=80410012 D6=FFFF D7=101D00 A0=7F5E0 A1=108924 A2=534F4 A3=10880A A4=101D00 A5=108000 A6=10BA1E PC=4880 -- 004880: lea     $80000.l, A0
D0=7A D1=3D3D D2=101900 D3=0 D4=1040000F D5=80410012 D6=FFFF D7=101D00 A0=80000 A1=108924 A2=534F4 A3=10880A A4=101D00 A5=108000 A6=10BA1E PC=4886 -- 004886: move.w  ($70,A4), D0
D0=1B D1=3D3D D2=101900 D3=0 D4=1040000F D5=80410012 D6=FFFF D7=101D00 A0=80000 A1=108924 A2=534F4 A3=10880A A4=101D00 A5=108000 A6=10BA1E PC=488A -- 00488A: add.w   D0, D0
D0=36 D1=3D3D D2=101900 D3=0 D4=1040000F D5=80410012 D6=FFFF D7=101D00 A0=80000 A1=108924 A2=534F4 A3=10880A A4=101D00 A5=108000 A6=10BA1E PC=488C -- 00488C: add.w   D0, D0
D0=6C D1=3D3D D2=101900 D3=0 D4=1040000F D5=80410012 D6=FFFF D7=101D00 A0=80000 A1=108924 A2=534F4 A3=10880A A4=101D00 A5=108000 A6=10BA1E PC=488E -- 00488E: movea.l (A0,D0.w), A0
D0=6C D1=3D3D D2=101900 D3=0 D4=1040000F D5=80410012 D6=FFFF D7=101D00 A0=86E00 A1=108924 A2=534F4 A3=10880A A4=101D00 A5=108000 A6=10BA1E PC=4892 -- 004892: move.w  ($46de,A5), D0
D0=3D3D D1=3D3D D2=101900 D3=0 D4=1040000F D5=80410012 D6=FFFF D7=101D00 A0=86E00 A1=108924 A2=534F4 A3=10880A A4=101D00 A5=108000 A6=10BA1E PC=4896 -- 004896: tst.b   ($46e2,A5)
D0=3D3D D1=3D3D D2=101900 D3=0 D4=1040000F D5=80410012 D6=FFFF D7=101D00 A0=86E00 A1=108924 A2=534F4 A3=10880A A4=101D00 A5=108000 A6=10BA1E PC=489A -- 00489A: beq     $48a0
D0=3D3D D1=3D3D D2=101900 D3=0 D4=1040000F D5=80410012 D6=FFFF D7=101D00 A0=86E00 A1=108924 A2=534F4 A3=10880A A4=101D00 A5=108000 A6=10BA1E PC=48A0 -- 0048A0: andi.w  #$ff, D0
D0=3D D1=3D3D D2=101900 D3=0 D4=1040000F D5=80410012 D6=FFFF D7=101D00 A0=86E00 A1=108924 A2=534F4 A3=10880A A4=101D00 A5=108000 A6=10BA1E PC=48A4 -- 0048A4: add.w   D0, D0
D0=7A D1=3D3D D2=101900 D3=0 D4=1040000F D5=80410012 D6=FFFF D7=101D00 A0=86E00 A1=108924 A2=534F4 A3=10880A A4=101D00 A5=108000 A6=10BA1E PC=48A6 -- 0048A6: add.w   D0, D0
D0=F4 D1=3D3D D2=101900 D3=0 D4=1040000F D5=80410012 D6=FFFF D7=101D00 A0=86E00 A1=108924 A2=534F4 A3=10880A A4=101D00 A5=108000 A6=10BA1E PC=48A8 -- 0048A8: movea.l (A0,D0.w), A0
D0=F4 D1=3D3D D2=101900 D3=0 D4=1040000F D5=80410012 D6=FFFF D7=101D00 A0=F313A A1=108924 A2=534F4 A3=10880A A4=101D00 A5=108000 A6=10BA1E PC=48AC -- 0048AC: move.w  ($74,A4), D0
D0=0 D1=3D3D D2=101900 D3=0 D4=1040000F D5=80410012 D6=FFFF D7=101D00 A0=F313A A1=108924 A2=534F4 A3=10880A A4=101D00 A5=108000 A6=10BA1E PC=48B0 -- 0048B0: adda.w  D0, A0
D0=0 D1=3D3D D2=101900 D3=0 D4=1040000F D5=80410012 D6=FFFF D7=101D00 A0=F313A A1=108924 A2=534F4 A3=10880A A4=101D00 A5=108000 A6=10BA1E PC=48B2 -- 0048B2: move.l  (A0), D0
D0=10F112E D1=3D3D D2=101900 D3=0 D4=1040000F D5=80410012 D6=FFFF D7=101D00 A0=F313A A1=108924 A2=534F4 A3=10880A A4=101D00 A5=108000 A6=10BA1E PC=48B4 -- 0048B4: andi.l  #$ffffff, D0
D0=F112E D1=3D3D D2=101900 D3=0 D4=1040000F D5=80410012 D6=FFFF D7=101D00 A0=F313A A1=108924 A2=534F4 A3=10880A A4=101D00 A5=108000 A6=10BA1E PC=48BA -- 0048BA: movea.l D0, A0
D0=F112E D1=3D3D D2=101900 D3=0 D4=1040000F D5=80410012 D6=FFFF D7=101D00 A0=F112E A1=108924 A2=534F4 A3=10880A A4=101D00 A5=108000 A6=10BA1E PC=48BC -- 0048BC: move.w  ($4,A0), D0
D0=F0078 D1=3D3D D2=101900 D3=0 D4=1040000F D5=80410012 D6=FFFF D7=101D00 A0=F112E A1=108924 A2=534F4 A3=10880A A4=101D00 A5=108000 A6=10BA1E PC=48C0 -- 0048C0: andi.w  #$1fff, D0
D0=F0078 D1=3D3D D2=101900 D3=0 D4=1040000F D5=80410012 D6=FFFF D7=101D00 A0=F112E A1=108924 A2=534F4 A3=10880A A4=101D00 A5=108000 A6=10BA1E PC=48C4 -- 0048C4: move.w  D0, ($46e0,A5)
D0=F0078 D1=3D3D D2=101900 D3=0 D4=1040000F D5=80410012 D6=FFFF D7=101D00 A0=F112E A1=108924 A2=534F4 A3=10880A A4=101D00 A5=108000 A6=10BA1E PC=48C8 -- 0048C8: lea     $80080.l, A0
D0=F0078 D1=3D3D D2=101900 D3=0 D4=1040000F D5=80410012 D6=FFFF D7=101D00 A0=80080 A1=108924 A2=534F4 A3=10880A A4=101D00 A5=108000 A6=10BA1E PC=48CE -- 0048CE: move.w  ($70,A4), D1
D0=F0078 D1=1B D2=101900 D3=0 D4=1040000F D5=80410012 D6=FFFF D7=101D00 A0=80080 A1=108924 A2=534F4 A3=10880A A4=101D00 A5=108000 A6=10BA1E PC=48D2 -- 0048D2: add.w   D1, D1
D0=F0078 D1=36 D2=101900 D3=0 D4=1040000F D5=80410012 D6=FFFF D7=101D00 A0=80080 A1=108924 A2=534F4 A3=10880A A4=101D00 A5=108000 A6=10BA1E PC=48D4 -- 0048D4: add.w   D1, D1
D0=F0078 D1=6C D2=101900 D3=0 D4=1040000F D5=80410012 D6=FFFF D7=101D00 A0=80080 A1=108924 A2=534F4 A3=10880A A4=101D00 A5=108000 A6=10BA1E PC=48D6 -- 0048D6: movea.l (A0,D1.w), A0
D0=F0078 D1=6C D2=101900 D3=0 D4=1040000F D5=80410012 D6=FFFF D7=101D00 A0=95200 A1=108924 A2=534F4 A3=10880A A4=101D00 A5=108000 A6=10BA1E PC=48DA -- 0048DA: add.w   D0, D0
D0=F00F0 D1=6C D2=101900 D3=0 D4=1040000F D5=80410012 D6=FFFF D7=101D00 A0=95200 A1=108924 A2=534F4 A3=10880A A4=101D00 A5=108000 A6=10BA1E PC=48DC -- 0048DC: add.w   D0, D0
D0=F01E0 D1=6C D2=101900 D3=0 D4=1040000F D5=80410012 D6=FFFF D7=101D00 A0=95200 A1=108924 A2=534F4 A3=10880A A4=101D00 A5=108000 A6=10BA1E PC=48DE -- 0048DE: move.l  (A0,D0.w), ($28,A4)
D0=F01E0 D1=6C D2=101900 D3=0 D4=1040000F D5=80410012 D6=FFFF D7=101D00 A0=95200 A1=108924 A2=534F4 A3=10880A A4=101D00 A5=108000 A6=10BA1E PC=48E4 -- 0048E4: rts
D0=F01E0 D1=6C D2=101900 D3=0 D4=1040000F D5=80410012 D6=FFFF D7=101D00 A0=95200 A1=108924 A2=534F4 A3=10880A A4=101D00 A5=108000 A6=10BA1E PC=3E7C -- 003E7C: bra     $481a
D0=F01E0 D1=6C D2=101900 D3=0 D4=1040000F D5=80410012 D6=FFFF D7=101D00 A0=95200 A1=108924 A2=534F4 A3=10880A A4=101D00 A5=108000 A6=10BA1E PC=481A -- 00481A: addq.w  #1, ($e3a,A5)
D0=F01E0 D1=6C D2=101900 D3=0 D4=1040000F D5=80410012 D6=FFFF D7=101D00 A0=95200 A1=108924 A2=534F4 A3=10880A A4=101D00 A5=108000 A6=10BA1E PC=481E -- 00481E: lea     ($838,A5), A1
D0=F01E0 D1=6C D2=101900 D3=0 D4=1040000F D5=80410012 D6=FFFF D7=101D00 A0=95200 A1=108838 A2=534F4 A3=10880A A4=101D00 A5=108000 A6=10BA1E PC=4822 -- 004822: move.w  ($2c,A4), D0
D0=F0073 D1=6C D2=101900 D3=0 D4=1040000F D5=80410012 D6=FFFF D7=101D00 A0=95200 A1=108838 A2=534F4 A3=10880A A4=101D00 A5=108000 A6=10BA1E PC=4826 -- 004826: move.w  D0, D1
D0=F0073 D1=73 D2=101900 D3=0 D4=1040000F D5=80410012 D6=FFFF D7=101D00 A0=95200 A1=108838 A2=534F4 A3=10880A A4=101D00 A5=108000 A6=10BA1E PC=4828 -- 004828: add.w   D1, D1
D0=F0073 D1=E6 D2=101900 D3=0 D4=1040000F D5=80410012 D6=FFFF D7=101D00 A0=95200 A1=108838 A2=534F4 A3=10880A A4=101D00 A5=108000 A6=10BA1E PC=482A -- 00482A: adda.w  D1, A1
D0=F0073 D1=E6 D2=101900 D3=0 D4=1040000F D5=80410012 D6=FFFF D7=101D00 A0=95200 A1=10891E A2=534F4 A3=10880A A4=101D00 A5=108000 A6=10BA1E PC=482C -- 00482C: cmp.w   ($e38,A5), D1
D0=F0073 D1=E6 D2=101900 D3=0 D4=1040000F D5=80410012 D6=FFFF D7=101D00 A0=95200 A1=10891E A2=534F4 A3=10880A A4=101D00 A5=108000 A6=10BA1E PC=4830 -- 004830: bhi     $4836
D0=F0073 D1=E6 D2=101900 D3=0 D4=1040000F D5=80410012 D6=FFFF D7=101D00 A0=95200 A1=10891E A2=534F4 A3=10880A A4=101D00 A5=108000 A6=10BA1E PC=4836 -- 004836: move.w  (A1)+, D1
D0=F0073 D1=1700 D2=101900 D3=0 D4=1040000F D5=80410012 D6=FFFF D7=101D00 A0=95200 A1=108920 A2=534F4 A3=10880A A4=101D00 A5=108000 A6=10BA1E PC=4838 -- 004838: beq     $485a
D0=F0073 D1=1700 D2=101900 D3=0 D4=1040000F D5=80410012 D6=FFFF D7=101D00 A0=95200 A1=108920 A2=534F4 A3=10880A A4=101D00 A5=108000 A6=10BA1E PC=483A -- 00483A: move.l  #$100000, D2
D0=F0073 D1=1700 D2=100000 D3=0 D4=1040000F D5=80410012 D6=FFFF D7=101D00 A0=95200 A1=108920 A2=534F4 A3=10880A A4=101D00 A5=108000 A6=10BA1E PC=4840 -- 004840: move.w  D1, D2
D0=F0073 D1=1700 D2=101700 D3=0 D4=1040000F D5=80410012 D6=FFFF D7=101D00 A0=95200 A1=108920 A2=534F4 A3=10880A A4=101D00 A5=108000 A6=10BA1E PC=4842 -- 004842: movea.l D2, A0
D0=F0073 D1=1700 D2=101700 D3=0 D4=1040000F D5=80410012 D6=FFFF D7=101D00 A0=101700 A1=108920 A2=534F4 A3=10880A A4=101D00 A5=108000 A6=10BA1E PC=4844 -- 004844: cmp.w   ($2c,A0), D0
D0=F0073 D1=1700 D2=101700 D3=0 D4=1040000F D5=80410012 D6=FFFF D7=101D00 A0=101700 A1=108920 A2=534F4 A3=10880A A4=101D00 A5=108000 A6=10BA1E PC=4848 -- 004848: bcc     $4836
D0=F0073 D1=1700 D2=101700 D3=0 D4=1040000F D5=80410012 D6=FFFF D7=101D00 A0=101700 A1=108920 A2=534F4 A3=10880A A4=101D00 A5=108000 A6=10BA1E PC=4836 -- 004836: move.w  (A1)+, D1
D0=F0073 D1=1900 D2=101700 D3=0 D4=1040000F D5=80410012 D6=FFFF D7=101D00 A0=101700 A1=108922 A2=534F4 A3=10880A A4=101D00 A5=108000 A6=10BA1E PC=4838 -- 004838: beq     $485a
D0=F0073 D1=1900 D2=101700 D3=0 D4=1040000F D5=80410012 D6=FFFF D7=101D00 A0=101700 A1=108922 A2=534F4 A3=10880A A4=101D00 A5=108000 A6=10BA1E PC=483A -- 00483A: move.l  #$100000, D2
D0=F0073 D1=1900 D2=100000 D3=0 D4=1040000F D5=80410012 D6=FFFF D7=101D00 A0=101700 A1=108922 A2=534F4 A3=10880A A4=101D00 A5=108000 A6=10BA1E PC=4840 -- 004840: move.w  D1, D2
D0=F0073 D1=1900 D2=101900 D3=0 D4=1040000F D5=80410012 D6=FFFF D7=101D00 A0=101700 A1=108922 A2=534F4 A3=10880A A4=101D00 A5=108000 A6=10BA1E PC=4842 -- 004842: movea.l D2, A0
D0=F0073 D1=1900 D2=101900 D3=0 D4=1040000F D5=80410012 D6=FFFF D7=101D00 A0=101900 A1=108922 A2=534F4 A3=10880A A4=101D00 A5=108000 A6=10BA1E PC=4844 -- 004844: cmp.w   ($2c,A0), D0
D0=F0073 D1=1900 D2=101900 D3=0 D4=1040000F D5=80410012 D6=FFFF D7=101D00 A0=101900 A1=108922 A2=534F4 A3=10880A A4=101D00 A5=108000 A6=10BA1E PC=4848 -- 004848: bcc     $4836

   (loops for 9 instructions)

D0=F0073 D1=0 D2=101B00 D3=0 D4=1040000F D5=80410012 D6=FFFF D7=101D00 A0=101B00 A1=108926 A2=534F4 A3=10880A A4=101D00 A5=108000 A6=10BA1E PC=485A -- 00485A: move.w  A4, (-$2,A1)
D0=F0073 D1=0 D2=101B00 D3=0 D4=1040000F D5=80410012 D6=FFFF D7=101D00 A0=101B00 A1=108926 A2=534F4 A3=10880A A4=101D00 A5=108000 A6=10BA1E PC=485E -- 00485E: rts
D0=F0073 D1=0 D2=101B00 D3=0 D4=1040000F D5=80410012 D6=FFFF D7=101D00 A0=101B00 A1=108926 A2=534F4 A3=10880A A4=101D00 A5=108000 A6=10BA1E PC=32B3C -- 032B3C: move.l  A4, D7
D0=F0073 D1=0 D2=101B00 D3=0 D4=1040000F D5=80410012 D6=FFFF D7=101D00 A0=101B00 A1=108926 A2=534F4 A3=10880A A4=101D00 A5=108000 A6=10BA1E PC=32B3E -- 032B3E: move.w  ($4,A4), D7
D0=F0073 D1=0 D2=101B00 D3=0 D4=1040000F D5=80410012 D6=FFFF D7=101F00 A0=101B00 A1=108926 A2=534F4 A3=10880A A4=101D00 A5=108000 A6=10BA1E PC=32B42 -- 032B42: bpl     $32b36
D0=F0073 D1=0 D2=101B00 D3=0 D4=1040000F D5=80410012 D6=FFFF D7=101F00 A0=101B00 A1=108926 A2=534F4 A3=10880A A4=101D00 A5=108000 A6=10BA1E PC=32B36 -- 032B36: movea.l D7, A4
D0=F0073 D1=0 D2=101B00 D3=0 D4=1040000F D5=80410012 D6=FFFF D7=101F00 A0=101B00 A1=108926 A2=534F4 A3=10880A A4=101F00 A5=108000 A6=10BA1E PC=32B38 -- 032B38: movea.l (A4), A0
D0=F0073 D1=0 D2=101B00 D3=0 D4=1040000F D5=80410012 D6=FFFF D7=101F00 A0=37DBA A1=108926 A2=534F4 A3=10880A A4=101F00 A5=108000 A6=10BA1E PC=32B3A -- 032B3A: jsr     (A0)
D0=F0073 D1=0 D2=101B00 D3=0 D4=1040000F D5=80410012 D6=FFFF D7=101F00 A0=37DBA A1=108926 A2=534F4 A3=10880A A4=101F00 A5=108000 A6=10BA1E PC=37DBA -- 037DBA: clr.b   ($80,A4)
D0=F0073 D1=0 D2=101B00 D3=0 D4=1040000F D5=80410012 D6=FFFF D7=101F00 A0=37DBA A1=108926 A2=534F4 A3=10880A A4=101F00 A5=108000 A6=10BA1E PC=37DBE -- 037DBE: moveq   #$0, D0
D0=0 D1=0 D2=101B00 D3=0 D4=1040000F D5=80410012 D6=FFFF D7=101F00 A0=37DBA A1=108926 A2=534F4 A3=10880A A4=101F00 A5=108000 A6=10BA1E PC=37DC0 -- 037DC0: move.b  ($131,A4), D0
D0=3 D1=0 D2=101B00 D3=0 D4=1040000F D5=80410012 D6=FFFF D7=101F00 A0=37DBA A1=108926 A2=534F4 A3=10880A A4=101F00 A5=108000 A6=10BA1E PC=37DC4 -- 037DC4: btst    D0, ($7df,A5)
D0=3 D1=0 D2=101B00 D3=0 D4=1040000F D5=80410012 D6=FFFF D7=101F00 A0=37DBA A1=108926 A2=534F4 A3=10880A A4=101F00 A5=108000 A6=10BA1E PC=37DC8 -- 037DC8: beq     $37dec
D0=3 D1=0 D2=101B00 D3=0 D4=1040000F D5=80410012 D6=FFFF D7=101F00 A0=37DBA A1=108926 A2=534F4 A3=10880A A4=101F00 A5=108000 A6=10BA1E PC=37DEC -- 037DEC: move.w  ($d0,A4), D0
D0=5 D1=0 D2=101B00 D3=0 D4=1040000F D5=80410012 D6=FFFF D7=101F00 A0=37DBA A1=108926 A2=534F4 A3=10880A A4=101F00 A5=108000 A6=10BA1E PC=37DF0 -- 037DF0: movea.l ($84,A4), A0
D0=5 D1=0 D2=101B00 D3=0 D4=1040000F D5=80410012 D6=FFFF D7=101F00 A0=108584 A1=108926 A2=534F4 A3=10880A A4=101F00 A5=108000 A6=10BA1E PC=37DF4 -- 037DF4: btst    D0, ($cf,A0)
D0=5 D1=0 D2=101B00 D3=0 D4=1040000F D5=80410012 D6=FFFF D7=101F00 A0=108584 A1=108926 A2=534F4 A3=10880A A4=101F00 A5=108000 A6=10BA1E PC=37DF8 -- 037DF8: beq     $36eac
D0=5 D1=0 D2=101B00 D3=0 D4=1040000F D5=80410012 D6=FFFF D7=101F00 A0=108584 A1=108926 A2=534F4 A3=10880A A4=101F00 A5=108000 A6=10BA1E PC=36EAC -- 036EAC: jsr     $48e6.w
D0=5 D1=0 D2=101B00 D3=0 D4=1040000F D5=80410012 D6=FFFF D7=101F00 A0=108584 A1=108926 A2=534F4 A3=10880A A4=101F00 A5=108000 A6=10BA1E PC=48E6 -- 0048E6: move.w  ($70,A4), D0
D0=1B D1=0 D2=101B00 D3=0 D4=1040000F D5=80410012 D6=FFFF D7=101F00 A0=108584 A1=108926 A2=534F4 A3=10880A A4=101F00 A5=108000 A6=10BA1E PC=48EA -- 0048EA: cmp.b   ($78,A4), D0
D0=1B D1=0 D2=101B00 D3=0 D4=1040000F D5=80410012 D6=FFFF D7=101F00 A0=108584 A1=108926 A2=534F4 A3=10880A A4=101F00 A5=108000 A6=10BA1E PC=48EE -- 0048EE: bne     $491c
D0=1B D1=0 D2=101B00 D3=0 D4=1040000F D5=80410012 D6=FFFF D7=101F00 A0=108584 A1=108926 A2=534F4 A3=10880A A4=101F00 A5=108000 A6=10BA1E PC=48F0 -- 0048F0: move.w  ($72,A4), D0
D0=3C D1=0 D2=101B00 D3=0 D4=1040000F D5=80410012 D6=FFFF D7=101F00 A0=108584 A1=108926 A2=534F4 A3=10880A A4=101F00 A5=108000 A6=10BA1E PC=48F4 -- 0048F4: cmp.b   ($79,A4), D0
D0=3C D1=0 D2=101B00 D3=0 D4=1040000F D5=80410012 D6=FFFF D7=101F00 A0=108584 A1=108926 A2=534F4 A3=10880A A4=101F00 A5=108000 A6=10BA1E PC=48F8 -- 0048F8: bne     $493c
D0=3C D1=0 D2=101B00 D3=0 D4=1040000F D5=80410012 D6=FFFF D7=101F00 A0=108584 A1=108926 A2=534F4 A3=10880A A4=101F00 A5=108000 A6=10BA1E PC=48FA -- 0048FA: tst.b   ($77,A4)
D0=3C D1=0 D2=101B00 D3=0 D4=1040000F D5=80410012 D6=FFFF D7=101F00 A0=108584 A1=108926 A2=534F4 A3=10880A A4=101F00 A5=108000 A6=10BA1E PC=48FE -- 0048FE: bne     $495c
D0=3C D1=0 D2=101B00 D3=0 D4=1040000F D5=80410012 D6=FFFF D7=101F00 A0=108584 A1=108926 A2=534F4 A3=10880A A4=101F00 A5=108000 A6=10BA1E PC=4900 -- 004900: tst.b   ($7a,A4)
D0=3C D1=0 D2=101B00 D3=0 D4=1040000F D5=80410012 D6=FFFF D7=101F00 A0=108584 A1=108926 A2=534F4 A3=10880A A4=101F00 A5=108000 A6=10BA1E PC=4904 -- 004904: bmi     $491a
D0=3C D1=0 D2=101B00 D3=0 D4=1040000F D5=80410012 D6=FFFF D7=101F00 A0=108584 A1=108926 A2=534F4 A3=10880A A4=101F00 A5=108000 A6=10BA1E PC=491A -- 00491A: rts
D0=3C D1=0 D2=101B00 D3=0 D4=1040000F D5=80410012 D6=FFFF D7=101F00 A0=108584 A1=108926 A2=534F4 A3=10880A A4=101F00 A5=108000 A6=10BA1E PC=36EB0 -- 036EB0: jmp     $3e2e.w
D0=3C D1=0 D2=101B00 D3=0 D4=1040000F D5=80410012 D6=FFFF D7=101F00 A0=108584 A1=108926 A2=534F4 A3=10880A A4=101F00 A5=108000 A6=10BA1E PC=3E2E -- 003E2E: tst.w   ($74,A4)
D0=3C D1=0 D2=101B00 D3=0 D4=1040000F D5=80410012 D6=FFFF D7=101F00 A0=108584 A1=108926 A2=534F4 A3=10880A A4=101F00 A5=108000 A6=10BA1E PC=3E32 -- 003E32: bmi     $3e80
D0=3C D1=0 D2=101B00 D3=0 D4=1040000F D5=80410012 D6=FFFF D7=101F00 A0=108584 A1=108926 A2=534F4 A3=10880A A4=101F00 A5=108000 A6=10BA1E PC=3E34 -- 003E34: btst    #$6, ($7c,A4)
D0=3C D1=0 D2=101B00 D3=0 D4=1040000F D5=80410012 D6=FFFF D7=101F00 A0=108584 A1=108926 A2=534F4 A3=10880A A4=101F00 A5=108000 A6=10BA1E PC=3E3A -- 003E3A: bne     $3e78
D0=3C D1=0 D2=101B00 D3=0 D4=1040000F D5=80410012 D6=FFFF D7=101F00 A0=108584 A1=108926 A2=534F4 A3=10880A A4=101F00 A5=108000 A6=10BA1E PC=3E3E -- 003E3E: moveq   #$0, D3
D0=3C D1=0 D2=101B00 D3=0 D4=1040000F D5=80410012 D6=FFFF D7=101F00 A0=108584 A1=108926 A2=534F4 A3=10880A A4=101F00 A5=108000 A6=10BA1E PC=3E40 -- 003E40: move.b  ($82,A4), D3
D0=3C D1=0 D2=101B00 D3=0 D4=1040000F D5=80410012 D6=FFFF D7=101F00 A0=108584 A1=108926 A2=534F4 A3=10880A A4=101F00 A5=108000 A6=10BA1E PC=3E44 -- 003E44: add.w   D3, D3
D0=3C D1=0 D2=101B00 D3=0 D4=1040000F D5=80410012 D6=FFFF D7=101F00 A0=108584 A1=108926 A2=534F4 A3=10880A A4=101F00 A5=108000 A6=10BA1E PC=3E46 -- 003E46: add.w   D3, D3
D0=3C D1=0 D2=101B00 D3=0 D4=1040000F D5=80410012 D6=FFFF D7=101F00 A0=108584 A1=108926 A2=534F4 A3=10880A A4=101F00 A5=108000 A6=10BA1E PC=3E48 -- 003E48: move.w  ($18,A4), D0
D0=90 D1=0 D2=101B00 D3=0 D4=1040000F D5=80410012 D6=FFFF D7=101F00 A0=108584 A1=108926 A2=534F4 A3=10880A A4=101F00 A5=108000 A6=10BA1E PC=3E4C -- 003E4C: lea     ($104c,A5), A0
D0=90 D1=0 D2=101B00 D3=0 D4=1040000F D5=80410012 D6=FFFF D7=101F00 A0=10904C A1=108926 A2=534F4 A3=10880A A4=101F00 A5=108000 A6=10BA1E PC=3E50 -- 003E50: sub.w   (A0,D3.w), D0
D0=90 D1=0 D2=101B00 D3=0 D4=1040000F D5=80410012 D6=FFFF D7=101F00 A0=10904C A1=108926 A2=534F4 A3=10880A A4=101F00 A5=108000 A6=10BA1E PC=3E54 -- 003E54: addi.w  #$30, D0
D0=C0 D1=0 D2=101B00 D3=0 D4=1040000F D5=80410012 D6=FFFF D7=101F00 A0=10904C A1=108926 A2=534F4 A3=10880A A4=101F00 A5=108000 A6=10BA1E PC=3E58 -- 003E58: cmpi.w  #$1a0, D0
D0=C0 D1=0 D2=101B00 D3=0 D4=1040000F D5=80410012 D6=FFFF D7=101F00 A0=10904C A1=108926 A2=534F4 A3=10880A A4=101F00 A5=108000 A6=10BA1E PC=3E5C -- 003E5C: bls     $3e60
D0=C0 D1=0 D2=101B00 D3=0 D4=1040000F D5=80410012 D6=FFFF D7=101F00 A0=10904C A1=108926 A2=534F4 A3=10880A A4=101F00 A5=108000 A6=10BA1E PC=3E60 -- 003E60: move.w  ($1c,A4), D0
D0=C8 D1=0 D2=101B00 D3=0 D4=1040000F D5=80410012 D6=FFFF D7=101F00 A0=10904C A1=108926 A2=534F4 A3=10880A A4=101F00 A5=108000 A6=10BA1E PC=3E64 -- 003E64: sub.w   ($20,A4), D0
D0=C8 D1=0 D2=101B00 D3=0 D4=1040000F D5=80410012 D6=FFFF D7=101F00 A0=10904C A1=108926 A2=534F4 A3=10880A A4=101F00 A5=108000 A6=10BA1E PC=3E68 -- 003E68: lea     ($1058,A5), A0
D0=C8 D1=0 D2=101B00 D3=0 D4=1040000F D5=80410012 D6=FFFF D7=101F00 A0=109058 A1=108926 A2=534F4 A3=10880A A4=101F00 A5=108000 A6=10BA1E PC=3E6C -- 003E6C: sub.w   (A0,D3.w), D0
D0=C8 D1=0 D2=101B00 D3=0 D4=1040000F D5=80410012 D6=FFFF D7=101F00 A0=109058 A1=108926 A2=534F4 A3=10880A A4=101F00 A5=108000 A6=10BA1E PC=3E70 -- 003E70: cmpi.w  #$1c0, D0
D0=C8 D1=0 D2=101B00 D3=0 D4=1040000F D5=80410012 D6=FFFF D7=101F00 A0=109058 A1=108926 A2=534F4 A3=10880A A4=101F00 A5=108000 A6=10BA1E PC=3E74 -- 003E74: bls     $3e78
D0=C8 D1=0 D2=101B00 D3=0 D4=1040000F D5=80410012 D6=FFFF D7=101F00 A0=109058 A1=108926 A2=534F4 A3=10880A A4=101F00 A5=108000 A6=10BA1E PC=3E78 -- 003E78: bsr     $4860
D0=C8 D1=0 D2=101B00 D3=0 D4=1040000F D5=80410012 D6=FFFF D7=101F00 A0=109058 A1=108926 A2=534F4 A3=10880A A4=101F00 A5=108000 A6=10BA1E PC=4860 -- 004860: lea     $7bf48.l, A0
D0=C8 D1=0 D2=101B00 D3=0 D4=1040000F D5=80410012 D6=FFFF D7=101F00 A0=7BF48 A1=108926 A2=534F4 A3=10880A A4=101F00 A5=108000 A6=10BA1E PC=4866 -- 004866: move.w  ($70,A4), D0
D0=1B D1=0 D2=101B00 D3=0 D4=1040000F D5=80410012 D6=FFFF D7=101F00 A0=7BF48 A1=108926 A2=534F4 A3=10880A A4=101F00 A5=108000 A6=10BA1E PC=486A -- 00486A: add.w   D0, D0
D0=36 D1=0 D2=101B00 D3=0 D4=1040000F D5=80410012 D6=FFFF D7=101F00 A0=7BF48 A1=108926 A2=534F4 A3=10880A A4=101F00 A5=108000 A6=10BA1E PC=486C -- 00486C: add.w   D0, D0
D0=6C D1=0 D2=101B00 D3=0 D4=1040000F D5=80410012 D6=FFFF D7=101F00 A0=7BF48 A1=108926 A2=534F4 A3=10880A A4=101F00 A5=108000 A6=10BA1E PC=486E -- 00486E: movea.l (A0,D0.w), A0
D0=6C D1=0 D2=101B00 D3=0 D4=1040000F D5=80410012 D6=FFFF D7=101F00 A0=7F5E0 A1=108926 A2=534F4 A3=10880A A4=101F00 A5=108000 A6=10BA1E PC=4872 -- 004872: move.w  ($72,A4), D0
D0=3C D1=0 D2=101B00 D3=0 D4=1040000F D5=80410012 D6=FFFF D7=101F00 A0=7F5E0 A1=108926 A2=534F4 A3=10880A A4=101F00 A5=108000 A6=10BA1E PC=4876 -- 004876: add.w   D0, D0
D0=78 D1=0 D2=101B00 D3=0 D4=1040000F D5=80410012 D6=FFFF D7=101F00 A0=7F5E0 A1=108926 A2=534F4 A3=10880A A4=101F00 A5=108000 A6=10BA1E PC=4878 -- 004878: move.w  (A0,D0.w), D1
D0=78 D1=3C3C D2=101B00 D3=0 D4=1040000F D5=80410012 D6=FFFF D7=101F00 A0=7F5E0 A1=108926 A2=534F4 A3=10880A A4=101F00 A5=108000 A6=10BA1E PC=487C -- 00487C: move.w  D1, ($46de,A5)
D0=78 D1=3C3C D2=101B00 D3=0 D4=1040000F D5=80410012 D6=FFFF D7=101F00 A0=7F5E0 A1=108926 A2=534F4 A3=10880A A4=101F00 A5=108000 A6=10BA1E PC=4880 -- 004880: lea     $80000.l, A0
D0=78 D1=3C3C D2=101B00 D3=0 D4=1040000F D5=80410012 D6=FFFF D7=101F00 A0=80000 A1=108926 A2=534F4 A3=10880A A4=101F00 A5=108000 A6=10BA1E PC=4886 -- 004886: move.w  ($70,A4), D0
D0=1B D1=3C3C D2=101B00 D3=0 D4=1040000F D5=80410012 D6=FFFF D7=101F00 A0=80000 A1=108926 A2=534F4 A3=10880A A4=101F00 A5=108000 A6=10BA1E PC=488A -- 00488A: add.w   D0, D0
D0=36 D1=3C3C D2=101B00 D3=0 D4=1040000F D5=80410012 D6=FFFF D7=101F00 A0=80000 A1=108926 A2=534F4 A3=10880A A4=101F00 A5=108000 A6=10BA1E PC=488C -- 00488C: add.w   D0, D0
D0=6C D1=3C3C D2=101B00 D3=0 D4=1040000F D5=80410012 D6=FFFF D7=101F00 A0=80000 A1=108926 A2=534F4 A3=10880A A4=101F00 A5=108000 A6=10BA1E PC=488E -- 00488E: movea.l (A0,D0.w), A0
D0=6C D1=3C3C D2=101B00 D3=0 D4=1040000F D5=80410012 D6=FFFF D7=101F00 A0=86E00 A1=108926 A2=534F4 A3=10880A A4=101F00 A5=108000 A6=10BA1E PC=4892 -- 004892: move.w  ($46de,A5), D0
D0=3C3C D1=3C3C D2=101B00 D3=0 D4=1040000F D5=80410012 D6=FFFF D7=101F00 A0=86E00 A1=108926 A2=534F4 A3=10880A A4=101F00 A5=108000 A6=10BA1E PC=4896 -- 004896: tst.b   ($46e2,A5)
D0=3C3C D1=3C3C D2=101B00 D3=0 D4=1040000F D5=80410012 D6=FFFF D7=101F00 A0=86E00 A1=108926 A2=534F4 A3=10880A A4=101F00 A5=108000 A6=10BA1E PC=489A -- 00489A: beq     $48a0
D0=3C3C D1=3C3C D2=101B00 D3=0 D4=1040000F D5=80410012 D6=FFFF D7=101F00 A0=86E00 A1=108926 A2=534F4 A3=10880A A4=101F00 A5=108000 A6=10BA1E PC=48A0 -- 0048A0: andi.w  #$ff, D0
D0=3C D1=3C3C D2=101B00 D3=0 D4=1040000F D5=80410012 D6=FFFF D7=101F00 A0=86E00 A1=108926 A2=534F4 A3=10880A A4=101F00 A5=108000 A6=10BA1E PC=48A4 -- 0048A4: add.w   D0, D0
D0=78 D1=3C3C D2=101B00 D3=0 D4=1040000F D5=80410012 D6=FFFF D7=101F00 A0=86E00 A1=108926 A2=534F4 A3=10880A A4=101F00 A5=108000 A6=10BA1E PC=48A6 -- 0048A6: add.w   D0, D0
D0=F0 D1=3C3C D2=101B00 D3=0 D4=1040000F D5=80410012 D6=FFFF D7=101F00 A0=86E00 A1=108926 A2=534F4 A3=10880A A4=101F00 A5=108000 A6=10BA1E PC=48A8 -- 0048A8: movea.l (A0,D0.w), A0
D0=F0 D1=3C3C D2=101B00 D3=0 D4=1040000F D5=80410012 D6=FFFF D7=101F00 A0=F3132 A1=108926 A2=534F4 A3=10880A A4=101F00 A5=108000 A6=10BA1E PC=48AC -- 0048AC: move.w  ($74,A4), D0
D0=0 D1=3C3C D2=101B00 D3=0 D4=1040000F D5=80410012 D6=FFFF D7=101F00 A0=F3132 A1=108926 A2=534F4 A3=10880A A4=101F00 A5=108000 A6=10BA1E PC=48B0 -- 0048B0: adda.w  D0, A0
D0=0 D1=3C3C D2=101B00 D3=0 D4=1040000F D5=80410012 D6=FFFF D7=101F00 A0=F3132 A1=108926 A2=534F4 A3=10880A A4=101F00 A5=108000 A6=10BA1E PC=48B2 -- 0048B2: move.l  (A0), D0
D0=10F1128 D1=3C3C D2=101B00 D3=0 D4=1040000F D5=80410012 D6=FFFF D7=101F00 A0=F3132 A1=108926 A2=534F4 A3=10880A A4=101F00 A5=108000 A6=10BA1E PC=48B4 -- 0048B4: andi.l  #$ffffff, D0
D0=F1128 D1=3C3C D2=101B00 D3=0 D4=1040000F D5=80410012 D6=FFFF D7=101F00 A0=F3132 A1=108926 A2=534F4 A3=10880A A4=101F00 A5=108000 A6=10BA1E PC=48BA -- 0048BA: movea.l D0, A0
D0=F1128 D1=3C3C D2=101B00 D3=0 D4=1040000F D5=80410012 D6=FFFF D7=101F00 A0=F1128 A1=108926 A2=534F4 A3=10880A A4=101F00 A5=108000 A6=10BA1E PC=48BC -- 0048BC: move.w  ($4,A0), D0
D0=F0077 D1=3C3C D2=101B00 D3=0 D4=1040000F D5=80410012 D6=FFFF D7=101F00 A0=F1128 A1=108926 A2=534F4 A3=10880A A4=101F00 A5=108000 A6=10BA1E PC=48C0 -- 0048C0: andi.w  #$1fff, D0
D0=F0077 D1=3C3C D2=101B00 D3=0 D4=1040000F D5=80410012 D6=FFFF D7=101F00 A0=F1128 A1=108926 A2=534F4 A3=10880A A4=101F00 A5=108000 A6=10BA1E PC=48C4 -- 0048C4: move.w  D0, ($46e0,A5)
D0=F0077 D1=3C3C D2=101B00 D3=0 D4=1040000F D5=80410012 D6=FFFF D7=101F00 A0=F1128 A1=108926 A2=534F4 A3=10880A A4=101F00 A5=108000 A6=10BA1E PC=48C8 -- 0048C8: lea     $80080.l, A0
D0=F0077 D1=3C3C D2=101B00 D3=0 D4=1040000F D5=80410012 D6=FFFF D7=101F00 A0=80080 A1=108926 A2=534F4 A3=10880A A4=101F00 A5=108000 A6=10BA1E PC=48CE -- 0048CE: move.w  ($70,A4), D1
D0=F0077 D1=1B D2=101B00 D3=0 D4=1040000F D5=80410012 D6=FFFF D7=101F00 A0=80080 A1=108926 A2=534F4 A3=10880A A4=101F00 A5=108000 A6=10BA1E PC=48D2 -- 0048D2: add.w   D1, D1
D0=F0077 D1=36 D2=101B00 D3=0 D4=1040000F D5=80410012 D6=FFFF D7=101F00 A0=80080 A1=108926 A2=534F4 A3=10880A A4=101F00 A5=108000 A6=10BA1E PC=48D4 -- 0048D4: add.w   D1, D1
D0=F0077 D1=6C D2=101B00 D3=0 D4=1040000F D5=80410012 D6=FFFF D7=101F00 A0=80080 A1=108926 A2=534F4 A3=10880A A4=101F00 A5=108000 A6=10BA1E PC=48D6 -- 0048D6: movea.l (A0,D1.w), A0
D0=F0077 D1=6C D2=101B00 D3=0 D4=1040000F D5=80410012 D6=FFFF D7=101F00 A0=95200 A1=108926 A2=534F4 A3=10880A A4=101F00 A5=108000 A6=10BA1E PC=48DA -- 0048DA: add.w   D0, D0
D0=F00EE D1=6C D2=101B00 D3=0 D4=1040000F D5=80410012 D6=FFFF D7=101F00 A0=95200 A1=108926 A2=534F4 A3=10880A A4=101F00 A5=108000 A6=10BA1E PC=48DC -- 0048DC: add.w   D0, D0
D0=F01DC D1=6C D2=101B00 D3=0 D4=1040000F D5=80410012 D6=FFFF D7=101F00 A0=95200 A1=108926 A2=534F4 A3=10880A A4=101F00 A5=108000 A6=10BA1E PC=48DE -- 0048DE: move.l  (A0,D0.w), ($28,A4)
D0=F01DC D1=6C D2=101B00 D3=0 D4=1040000F D5=80410012 D6=FFFF D7=101F00 A0=95200 A1=108926 A2=534F4 A3=10880A A4=101F00 A5=108000 A6=10BA1E PC=48E4 -- 0048E4: rts
D0=F01DC D1=6C D2=101B00 D3=0 D4=1040000F D5=80410012 D6=FFFF D7=101F00 A0=95200 A1=108926 A2=534F4 A3=10880A A4=101F00 A5=108000 A6=10BA1E PC=3E7C -- 003E7C: bra     $481a
D0=F01DC D1=6C D2=101B00 D3=0 D4=1040000F D5=80410012 D6=FFFF D7=101F00 A0=95200 A1=108926 A2=534F4 A3=10880A A4=101F00 A5=108000 A6=10BA1E PC=481A -- 00481A: addq.w  #1, ($e3a,A5)
D0=F01DC D1=6C D2=101B00 D3=0 D4=1040000F D5=80410012 D6=FFFF D7=101F00 A0=95200 A1=108926 A2=534F4 A3=10880A A4=101F00 A5=108000 A6=10BA1E PC=481E -- 00481E: lea     ($838,A5), A1
D0=F01DC D1=6C D2=101B00 D3=0 D4=1040000F D5=80410012 D6=FFFF D7=101F00 A0=95200 A1=108838 A2=534F4 A3=10880A A4=101F00 A5=108000 A6=10BA1E PC=4822 -- 004822: move.w  ($2c,A4), D0
D0=F0073 D1=6C D2=101B00 D3=0 D4=1040000F D5=80410012 D6=FFFF D7=101F00 A0=95200 A1=108838 A2=534F4 A3=10880A A4=101F00 A5=108000 A6=10BA1E PC=4826 -- 004826: move.w  D0, D1
D0=F0073 D1=73 D2=101B00 D3=0 D4=1040000F D5=80410012 D6=FFFF D7=101F00 A0=95200 A1=108838 A2=534F4 A3=10880A A4=101F00 A5=108000 A6=10BA1E PC=4828 -- 004828: add.w   D1, D1
D0=F0073 D1=E6 D2=101B00 D3=0 D4=1040000F D5=80410012 D6=FFFF D7=101F00 A0=95200 A1=108838 A2=534F4 A3=10880A A4=101F00 A5=108000 A6=10BA1E PC=482A -- 00482A: adda.w  D1, A1
D0=F0073 D1=E6 D2=101B00 D3=0 D4=1040000F D5=80410012 D6=FFFF D7=101F00 A0=95200 A1=10891E A2=534F4 A3=10880A A4=101F00 A5=108000 A6=10BA1E PC=482C -- 00482C: cmp.w   ($e38,A5), D1
D0=F0073 D1=E6 D2=101B00 D3=0 D4=1040000F D5=80410012 D6=FFFF D7=101F00 A0=95200 A1=10891E A2=534F4 A3=10880A A4=101F00 A5=108000 A6=10BA1E PC=4830 -- 004830: bhi     $4836
D0=F0073 D1=E6 D2=101B00 D3=0 D4=1040000F D5=80410012 D6=FFFF D7=101F00 A0=95200 A1=10891E A2=534F4 A3=10880A A4=101F00 A5=108000 A6=10BA1E PC=4836 -- 004836: move.w  (A1)+, D1
D0=F0073 D1=1700 D2=101B00 D3=0 D4=1040000F D5=80410012 D6=FFFF D7=101F00 A0=95200 A1=108920 A2=534F4 A3=10880A A4=101F00 A5=108000 A6=10BA1E PC=4838 -- 004838: beq     $485a
D0=F0073 D1=1700 D2=101B00 D3=0 D4=1040000F D5=80410012 D6=FFFF D7=101F00 A0=95200 A1=108920 A2=534F4 A3=10880A A4=101F00 A5=108000 A6=10BA1E PC=483A -- 00483A: move.l  #$100000, D2
D0=F0073 D1=1700 D2=100000 D3=0 D4=1040000F D5=80410012 D6=FFFF D7=101F00 A0=95200 A1=108920 A2=534F4 A3=10880A A4=101F00 A5=108000 A6=10BA1E PC=4840 -- 004840: move.w  D1, D2
D0=F0073 D1=1700 D2=101700 D3=0 D4=1040000F D5=80410012 D6=FFFF D7=101F00 A0=95200 A1=108920 A2=534F4 A3=10880A A4=101F00 A5=108000 A6=10BA1E PC=4842 -- 004842: movea.l D2, A0
D0=F0073 D1=1700 D2=101700 D3=0 D4=1040000F D5=80410012 D6=FFFF D7=101F00 A0=101700 A1=108920 A2=534F4 A3=10880A A4=101F00 A5=108000 A6=10BA1E PC=4844 -- 004844: cmp.w   ($2c,A0), D0
D0=F0073 D1=1700 D2=101700 D3=0 D4=1040000F D5=80410012 D6=FFFF D7=101F00 A0=101700 A1=108920 A2=534F4 A3=10880A A4=101F00 A5=108000 A6=10BA1E PC=4848 -- 004848: bcc     $4836
D0=F0073 D1=1700 D2=101700 D3=0 D4=1040000F D5=80410012 D6=FFFF D7=101F00 A0=101700 A1=108920 A2=534F4 A3=10880A A4=101F00 A5=108000 A6=10BA1E PC=4836 -- 004836: move.w  (A1)+, D1
D0=F0073 D1=1900 D2=101700 D3=0 D4=1040000F D5=80410012 D6=FFFF D7=101F00 A0=101700 A1=108922 A2=534F4 A3=10880A A4=101F00 A5=108000 A6=10BA1E PC=4838 -- 004838: beq     $485a
D0=F0073 D1=1900 D2=101700 D3=0 D4=1040000F D5=80410012 D6=FFFF D7=101F00 A0=101700 A1=108922 A2=534F4 A3=10880A A4=101F00 A5=108000 A6=10BA1E PC=483A -- 00483A: move.l  #$100000, D2
D0=F0073 D1=1900 D2=100000 D3=0 D4=1040000F D5=80410012 D6=FFFF D7=101F00 A0=101700 A1=108922 A2=534F4 A3=10880A A4=101F00 A5=108000 A6=10BA1E PC=4840 -- 004840: move.w  D1, D2
D0=F0073 D1=1900 D2=101900 D3=0 D4=1040000F D5=80410012 D6=FFFF D7=101F00 A0=101700 A1=108922 A2=534F4 A3=10880A A4=101F00 A5=108000 A6=10BA1E PC=4842 -- 004842: movea.l D2, A0
D0=F0073 D1=1900 D2=101900 D3=0 D4=1040000F D5=80410012 D6=FFFF D7=101F00 A0=101900 A1=108922 A2=534F4 A3=10880A A4=101F00 A5=108000 A6=10BA1E PC=4844 -- 004844: cmp.w   ($2c,A0), D0
D0=F0073 D1=1900 D2=101900 D3=0 D4=1040000F D5=80410012 D6=FFFF D7=101F00 A0=101900 A1=108922 A2=534F4 A3=10880A A4=101F00 A5=108000 A6=10BA1E PC=4848 -- 004848: bcc     $4836

   (loops for 16 instructions)

D0=F0073 D1=0 D2=101D00 D3=0 D4=1040000F D5=80410012 D6=FFFF D7=101F00 A0=101D00 A1=108928 A2=534F4 A3=10880A A4=101F00 A5=108000 A6=10BA1E PC=485A -- 00485A: move.w  A4, (-$2,A1)
D0=F0073 D1=0 D2=101D00 D3=0 D4=1040000F D5=80410012 D6=FFFF D7=101F00 A0=101D00 A1=108928 A2=534F4 A3=10880A A4=101F00 A5=108000 A6=10BA1E PC=485E -- 00485E: rts
D0=F0073 D1=0 D2=101D00 D3=0 D4=1040000F D5=80410012 D6=FFFF D7=101F00 A0=101D00 A1=108928 A2=534F4 A3=10880A A4=101F00 A5=108000 A6=10BA1E PC=32B3C -- 032B3C: move.l  A4, D7
D0=F0073 D1=0 D2=101D00 D3=0 D4=1040000F D5=80410012 D6=FFFF D7=101F00 A0=101D00 A1=108928 A2=534F4 A3=10880A A4=101F00 A5=108000 A6=10BA1E PC=32B3E -- 032B3E: move.w  ($4,A4), D7
D0=F0073 D1=0 D2=101D00 D3=0 D4=1040000F D5=80410012 D6=FFFF D7=102100 A0=101D00 A1=108928 A2=534F4 A3=10880A A4=101F00 A5=108000 A6=10BA1E PC=32B42 -- 032B42: bpl     $32b36
D0=F0073 D1=0 D2=101D00 D3=0 D4=1040000F D5=80410012 D6=FFFF D7=102100 A0=101D00 A1=108928 A2=534F4 A3=10880A A4=101F00 A5=108000 A6=10BA1E PC=32B36 -- 032B36: movea.l D7, A4
D0=F0073 D1=0 D2=101D00 D3=0 D4=1040000F D5=80410012 D6=FFFF D7=102100 A0=101D00 A1=108928 A2=534F4 A3=10880A A4=102100 A5=108000 A6=10BA1E PC=32B38 -- 032B38: movea.l (A4), A0
D0=F0073 D1=0 D2=101D00 D3=0 D4=1040000F D5=80410012 D6=FFFF D7=102100 A0=37DBA A1=108928 A2=534F4 A3=10880A A4=102100 A5=108000 A6=10BA1E PC=32B3A -- 032B3A: jsr     (A0)
D0=F0073 D1=0 D2=101D00 D3=0 D4=1040000F D5=80410012 D6=FFFF D7=102100 A0=37DBA A1=108928 A2=534F4 A3=10880A A4=102100 A5=108000 A6=10BA1E PC=37DBA -- 037DBA: clr.b   ($80,A4)
D0=F0073 D1=0 D2=101D00 D3=0 D4=1040000F D5=80410012 D6=FFFF D7=102100 A0=37DBA A1=108928 A2=534F4 A3=10880A A4=102100 A5=108000 A6=10BA1E PC=37DBE -- 037DBE: moveq   #$0, D0
D0=0 D1=0 D2=101D00 D3=0 D4=1040000F D5=80410012 D6=FFFF D7=102100 A0=37DBA A1=108928 A2=534F4 A3=10880A A4=102100 A5=108000 A6=10BA1E PC=37DC0 -- 037DC0: move.b  ($131,A4), D0
D0=2 D1=0 D2=101D00 D3=0 D4=1040000F D5=80410012 D6=FFFF D7=102100 A0=37DBA A1=108928 A2=534F4 A3=10880A A4=102100 A5=108000 A6=10BA1E PC=37DC4 -- 037DC4: btst    D0, ($7df,A5)
D0=2 D1=0 D2=101D00 D3=0 D4=1040000F D5=80410012 D6=FFFF D7=102100 A0=37DBA A1=108928 A2=534F4 A3=10880A A4=102100 A5=108000 A6=10BA1E PC=37DC8 -- 037DC8: beq     $37dec
D0=2 D1=0 D2=101D00 D3=0 D4=1040000F D5=80410012 D6=FFFF D7=102100 A0=37DBA A1=108928 A2=534F4 A3=10880A A4=102100 A5=108000 A6=10BA1E PC=37DEC -- 037DEC: move.w  ($d0,A4), D0
D0=5 D1=0 D2=101D00 D3=0 D4=1040000F D5=80410012 D6=FFFF D7=102100 A0=37DBA A1=108928 A2=534F4 A3=10880A A4=102100 A5=108000 A6=10BA1E PC=37DF0 -- 037DF0: movea.l ($84,A4), A0
D0=5 D1=0 D2=101D00 D3=0 D4=1040000F D5=80410012 D6=FFFF D7=102100 A0=108584 A1=108928 A2=534F4 A3=10880A A4=102100 A5=108000 A6=10BA1E PC=37DF4 -- 037DF4: btst    D0, ($cf,A0)
D0=5 D1=0 D2=101D00 D3=0 D4=1040000F D5=80410012 D6=FFFF D7=102100 A0=108584 A1=108928 A2=534F4 A3=10880A A4=102100 A5=108000 A6=10BA1E PC=37DF8 -- 037DF8: beq     $36eac
D0=5 D1=0 D2=101D00 D3=0 D4=1040000F D5=80410012 D6=FFFF D7=102100 A0=108584 A1=108928 A2=534F4 A3=10880A A4=102100 A5=108000 A6=10BA1E PC=36EAC -- 036EAC: jsr     $48e6.w
D0=5 D1=0 D2=101D00 D3=0 D4=1040000F D5=80410012 D6=FFFF D7=102100 A0=108584 A1=108928 A2=534F4 A3=10880A A4=102100 A5=108000 A6=10BA1E PC=48E6 -- 0048E6: move.w  ($70,A4), D0
D0=1B D1=0 D2=101D00 D3=0 D4=1040000F D5=80410012 D6=FFFF D7=102100 A0=108584 A1=108928 A2=534F4 A3=10880A A4=102100 A5=108000 A6=10BA1E PC=48EA -- 0048EA: cmp.b   ($78,A4), D0
D0=1B D1=0 D2=101D00 D3=0 D4=1040000F D5=80410012 D6=FFFF D7=102100 A0=108584 A1=108928 A2=534F4 A3=10880A A4=102100 A5=108000 A6=10BA1E PC=48EE -- 0048EE: bne     $491c
D0=1B D1=0 D2=101D00 D3=0 D4=1040000F D5=80410012 D6=FFFF D7=102100 A0=108584 A1=108928 A2=534F4 A3=10880A A4=102100 A5=108000 A6=10BA1E PC=48F0 -- 0048F0: move.w  ($72,A4), D0
D0=3B D1=0 D2=101D00 D3=0 D4=1040000F D5=80410012 D6=FFFF D7=102100 A0=108584 A1=108928 A2=534F4 A3=10880A A4=102100 A5=108000 A6=10BA1E PC=48F4 -- 0048F4: cmp.b   ($79,A4), D0
D0=3B D1=0 D2=101D00 D3=0 D4=1040000F D5=80410012 D6=FFFF D7=102100 A0=108584 A1=108928 A2=534F4 A3=10880A A4=102100 A5=108000 A6=10BA1E PC=48F8 -- 0048F8: bne     $493c
D0=3B D1=0 D2=101D00 D3=0 D4=1040000F D5=80410012 D6=FFFF D7=102100 A0=108584 A1=108928 A2=534F4 A3=10880A A4=102100 A5=108000 A6=10BA1E PC=48FA -- 0048FA: tst.b   ($77,A4)
D0=3B D1=0 D2=101D00 D3=0 D4=1040000F D5=80410012 D6=FFFF D7=102100 A0=108584 A1=108928 A2=534F4 A3=10880A A4=102100 A5=108000 A6=10BA1E PC=48FE -- 0048FE: bne     $495c
D0=3B D1=0 D2=101D00 D3=0 D4=1040000F D5=80410012 D6=FFFF D7=102100 A0=108584 A1=108928 A2=534F4 A3=10880A A4=102100 A5=108000 A6=10BA1E PC=4900 -- 004900: tst.b   ($7a,A4)
D0=3B D1=0 D2=101D00 D3=0 D4=1040000F D5=80410012 D6=FFFF D7=102100 A0=108584 A1=108928 A2=534F4 A3=10880A A4=102100 A5=108000 A6=10BA1E PC=4904 -- 004904: bmi     $491a
D0=3B D1=0 D2=101D00 D3=0 D4=1040000F D5=80410012 D6=FFFF D7=102100 A0=108584 A1=108928 A2=534F4 A3=10880A A4=102100 A5=108000 A6=10BA1E PC=491A -- 00491A: rts
D0=3B D1=0 D2=101D00 D3=0 D4=1040000F D5=80410012 D6=FFFF D7=102100 A0=108584 A1=108928 A2=534F4 A3=10880A A4=102100 A5=108000 A6=10BA1E PC=36EB0 -- 036EB0: jmp     $3e2e.w
D0=3B D1=0 D2=101D00 D3=0 D4=1040000F D5=80410012 D6=FFFF D7=102100 A0=108584 A1=108928 A2=534F4 A3=10880A A4=102100 A5=108000 A6=10BA1E PC=3E2E -- 003E2E: tst.w   ($74,A4)
D0=3B D1=0 D2=101D00 D3=0 D4=1040000F D5=80410012 D6=FFFF D7=102100 A0=108584 A1=108928 A2=534F4 A3=10880A A4=102100 A5=108000 A6=10BA1E PC=3E32 -- 003E32: bmi     $3e80
D0=3B D1=0 D2=101D00 D3=0 D4=1040000F D5=80410012 D6=FFFF D7=102100 A0=108584 A1=108928 A2=534F4 A3=10880A A4=102100 A5=108000 A6=10BA1E PC=3E34 -- 003E34: btst    #$6, ($7c,A4)
D0=3B D1=0 D2=101D00 D3=0 D4=1040000F D5=80410012 D6=FFFF D7=102100 A0=108584 A1=108928 A2=534F4 A3=10880A A4=102100 A5=108000 A6=10BA1E PC=3E3A -- 003E3A: bne     $3e78
D0=3B D1=0 D2=101D00 D3=0 D4=1040000F D5=80410012 D6=FFFF D7=102100 A0=108584 A1=108928 A2=534F4 A3=10880A A4=102100 A5=108000 A6=10BA1E PC=3E3E -- 003E3E: moveq   #$0, D3
D0=3B D1=0 D2=101D00 D3=0 D4=1040000F D5=80410012 D6=FFFF D7=102100 A0=108584 A1=108928 A2=534F4 A3=10880A A4=102100 A5=108000 A6=10BA1E PC=3E40 -- 003E40: move.b  ($82,A4), D3
D0=3B D1=0 D2=101D00 D3=0 D4=1040000F D5=80410012 D6=FFFF D7=102100 A0=108584 A1=108928 A2=534F4 A3=10880A A4=102100 A5=108000 A6=10BA1E PC=3E44 -- 003E44: add.w   D3, D3
D0=3B D1=0 D2=101D00 D3=0 D4=1040000F D5=80410012 D6=FFFF D7=102100 A0=108584 A1=108928 A2=534F4 A3=10880A A4=102100 A5=108000 A6=10BA1E PC=3E46 -- 003E46: add.w   D3, D3
D0=3B D1=0 D2=101D00 D3=0 D4=1040000F D5=80410012 D6=FFFF D7=102100 A0=108584 A1=108928 A2=534F4 A3=10880A A4=102100 A5=108000 A6=10BA1E PC=3E48 -- 003E48: move.w  ($18,A4), D0
D0=90 D1=0 D2=101D00 D3=0 D4=1040000F D5=80410012 D6=FFFF D7=102100 A0=108584 A1=108928 A2=534F4 A3=10880A A4=102100 A5=108000 A6=10BA1E PC=3E4C -- 003E4C: lea     ($104c,A5), A0
D0=90 D1=0 D2=101D00 D3=0 D4=1040000F D5=80410012 D6=FFFF D7=102100 A0=10904C A1=108928 A2=534F4 A3=10880A A4=102100 A5=108000 A6=10BA1E PC=3E50 -- 003E50: sub.w   (A0,D3.w), D0
D0=90 D1=0 D2=101D00 D3=0 D4=1040000F D5=80410012 D6=FFFF D7=102100 A0=10904C A1=108928 A2=534F4 A3=10880A A4=102100 A5=108000 A6=10BA1E PC=3E54 -- 003E54: addi.w  #$30, D0
D0=C0 D1=0 D2=101D00 D3=0 D4=1040000F D5=80410012 D6=FFFF D7=102100 A0=10904C A1=108928 A2=534F4 A3=10880A A4=102100 A5=108000 A6=10BA1E PC=3E58 -- 003E58: cmpi.w  #$1a0, D0
D0=C0 D1=0 D2=101D00 D3=0 D4=1040000F D5=80410012 D6=FFFF D7=102100 A0=10904C A1=108928 A2=534F4 A3=10880A A4=102100 A5=108000 A6=10BA1E PC=3E5C -- 003E5C: bls     $3e60
D0=C0 D1=0 D2=101D00 D3=0 D4=1040000F D5=80410012 D6=FFFF D7=102100 A0=10904C A1=108928 A2=534F4 A3=10880A A4=102100 A5=108000 A6=10BA1E PC=3E60 -- 003E60: move.w  ($1c,A4), D0
D0=C8 D1=0 D2=101D00 D3=0 D4=1040000F D5=80410012 D6=FFFF D7=102100 A0=10904C A1=108928 A2=534F4 A3=10880A A4=102100 A5=108000 A6=10BA1E PC=3E64 -- 003E64: sub.w   ($20,A4), D0
D0=C8 D1=0 D2=101D00 D3=0 D4=1040000F D5=80410012 D6=FFFF D7=102100 A0=10904C A1=108928 A2=534F4 A3=10880A A4=102100 A5=108000 A6=10BA1E PC=3E68 -- 003E68: lea     ($1058,A5), A0
D0=C8 D1=0 D2=101D00 D3=0 D4=1040000F D5=80410012 D6=FFFF D7=102100 A0=109058 A1=108928 A2=534F4 A3=10880A A4=102100 A5=108000 A6=10BA1E PC=3E6C -- 003E6C: sub.w   (A0,D3.w), D0
D0=C8 D1=0 D2=101D00 D3=0 D4=1040000F D5=80410012 D6=FFFF D7=102100 A0=109058 A1=108928 A2=534F4 A3=10880A A4=102100 A5=108000 A6=10BA1E PC=3E70 -- 003E70: cmpi.w  #$1c0, D0
D0=C8 D1=0 D2=101D00 D3=0 D4=1040000F D5=80410012 D6=FFFF D7=102100 A0=109058 A1=108928 A2=534F4 A3=10880A A4=102100 A5=108000 A6=10BA1E PC=3E74 -- 003E74: bls     $3e78
D0=C8 D1=0 D2=101D00 D3=0 D4=1040000F D5=80410012 D6=FFFF D7=102100 A0=109058 A1=108928 A2=534F4 A3=10880A A4=102100 A5=108000 A6=10BA1E PC=3E78 -- 003E78: bsr     $4860
D0=C8 D1=0 D2=101D00 D3=0 D4=1040000F D5=80410012 D6=FFFF D7=102100 A0=109058 A1=108928 A2=534F4 A3=10880A A4=102100 A5=108000 A6=10BA1E PC=4860 -- 004860: lea     $7bf48.l, A0
D0=C8 D1=0 D2=101D00 D3=0 D4=1040000F D5=80410012 D6=FFFF D7=102100 A0=7BF48 A1=108928 A2=534F4 A3=10880A A4=102100 A5=108000 A6=10BA1E PC=4866 -- 004866: move.w  ($70,A4), D0
D0=1B D1=0 D2=101D00 D3=0 D4=1040000F D5=80410012 D6=FFFF D7=102100 A0=7BF48 A1=108928 A2=534F4 A3=10880A A4=102100 A5=108000 A6=10BA1E PC=486A -- 00486A: add.w   D0, D0
D0=36 D1=0 D2=101D00 D3=0 D4=1040000F D5=80410012 D6=FFFF D7=102100 A0=7BF48 A1=108928 A2=534F4 A3=10880A A4=102100 A5=108000 A6=10BA1E PC=486C -- 00486C: add.w   D0, D0
D0=6C D1=0 D2=101D00 D3=0 D4=1040000F D5=80410012 D6=FFFF D7=102100 A0=7BF48 A1=108928 A2=534F4 A3=10880A A4=102100 A5=108000 A6=10BA1E PC=486E -- 00486E: movea.l (A0,D0.w), A0
D0=6C D1=0 D2=101D00 D3=0 D4=1040000F D5=80410012 D6=FFFF D7=102100 A0=7F5E0 A1=108928 A2=534F4 A3=10880A A4=102100 A5=108000 A6=10BA1E PC=4872 -- 004872: move.w  ($72,A4), D0
D0=3B D1=0 D2=101D00 D3=0 D4=1040000F D5=80410012 D6=FFFF D7=102100 A0=7F5E0 A1=108928 A2=534F4 A3=10880A A4=102100 A5=108000 A6=10BA1E PC=4876 -- 004876: add.w   D0, D0
D0=76 D1=0 D2=101D00 D3=0 D4=1040000F D5=80410012 D6=FFFF D7=102100 A0=7F5E0 A1=108928 A2=534F4 A3=10880A A4=102100 A5=108000 A6=10BA1E PC=4878 -- 004878: move.w  (A0,D0.w), D1
D0=76 D1=3B3B D2=101D00 D3=0 D4=1040000F D5=80410012 D6=FFFF D7=102100 A0=7F5E0 A1=108928 A2=534F4 A3=10880A A4=102100 A5=108000 A6=10BA1E PC=487C -- 00487C: move.w  D1, ($46de,A5)
D0=76 D1=3B3B D2=101D00 D3=0 D4=1040000F D5=80410012 D6=FFFF D7=102100 A0=7F5E0 A1=108928 A2=534F4 A3=10880A A4=102100 A5=108000 A6=10BA1E PC=4880 -- 004880: lea     $80000.l, A0
D0=76 D1=3B3B D2=101D00 D3=0 D4=1040000F D5=80410012 D6=FFFF D7=102100 A0=80000 A1=108928 A2=534F4 A3=10880A A4=102100 A5=108000 A6=10BA1E PC=4886 -- 004886: move.w  ($70,A4), D0
D0=1B D1=3B3B D2=101D00 D3=0 D4=1040000F D5=80410012 D6=FFFF D7=102100 A0=80000 A1=108928 A2=534F4 A3=10880A A4=102100 A5=108000 A6=10BA1E PC=488A -- 00488A: add.w   D0, D0
D0=36 D1=3B3B D2=101D00 D3=0 D4=1040000F D5=80410012 D6=FFFF D7=102100 A0=80000 A1=108928 A2=534F4 A3=10880A A4=102100 A5=108000 A6=10BA1E PC=488C -- 00488C: add.w   D0, D0
D0=6C D1=3B3B D2=101D00 D3=0 D4=1040000F D5=80410012 D6=FFFF D7=102100 A0=80000 A1=108928 A2=534F4 A3=10880A A4=102100 A5=108000 A6=10BA1E PC=488E -- 00488E: movea.l (A0,D0.w), A0
D0=6C D1=3B3B D2=101D00 D3=0 D4=1040000F D5=80410012 D6=FFFF D7=102100 A0=86E00 A1=108928 A2=534F4 A3=10880A A4=102100 A5=108000 A6=10BA1E PC=4892 -- 004892: move.w  ($46de,A5), D0
D0=3B3B D1=3B3B D2=101D00 D3=0 D4=1040000F D5=80410012 D6=FFFF D7=102100 A0=86E00 A1=108928 A2=534F4 A3=10880A A4=102100 A5=108000 A6=10BA1E PC=4896 -- 004896: tst.b   ($46e2,A5)
D0=3B3B D1=3B3B D2=101D00 D3=0 D4=1040000F D5=80410012 D6=FFFF D7=102100 A0=86E00 A1=108928 A2=534F4 A3=10880A A4=102100 A5=108000 A6=10BA1E PC=489A -- 00489A: beq     $48a0
D0=3B3B D1=3B3B D2=101D00 D3=0 D4=1040000F D5=80410012 D6=FFFF D7=102100 A0=86E00 A1=108928 A2=534F4 A3=10880A A4=102100 A5=108000 A6=10BA1E PC=48A0 -- 0048A0: andi.w  #$ff, D0
D0=3B D1=3B3B D2=101D00 D3=0 D4=1040000F D5=80410012 D6=FFFF D7=102100 A0=86E00 A1=108928 A2=534F4 A3=10880A A4=102100 A5=108000 A6=10BA1E PC=48A4 -- 0048A4: add.w   D0, D0
D0=76 D1=3B3B D2=101D00 D3=0 D4=1040000F D5=80410012 D6=FFFF D7=102100 A0=86E00 A1=108928 A2=534F4 A3=10880A A4=102100 A5=108000 A6=10BA1E PC=48A6 -- 0048A6: add.w   D0, D0
D0=EC D1=3B3B D2=101D00 D3=0 D4=1040000F D5=80410012 D6=FFFF D7=102100 A0=86E00 A1=108928 A2=534F4 A3=10880A A4=102100 A5=108000 A6=10BA1E PC=48A8 -- 0048A8: movea.l (A0,D0.w), A0
D0=EC D1=3B3B D2=101D00 D3=0 D4=1040000F D5=80410012 D6=FFFF D7=102100 A0=F312A A1=108928 A2=534F4 A3=10880A A4=102100 A5=108000 A6=10BA1E PC=48AC -- 0048AC: move.w  ($74,A4), D0
D0=0 D1=3B3B D2=101D00 D3=0 D4=1040000F D5=80410012 D6=FFFF D7=102100 A0=F312A A1=108928 A2=534F4 A3=10880A A4=102100 A5=108000 A6=10BA1E PC=48B0 -- 0048B0: adda.w  D0, A0
D0=0 D1=3B3B D2=101D00 D3=0 D4=1040000F D5=80410012 D6=FFFF D7=102100 A0=F312A A1=108928 A2=534F4 A3=10880A A4=102100 A5=108000 A6=10BA1E PC=48B2 -- 0048B2: move.l  (A0), D0
D0=10F1122 D1=3B3B D2=101D00 D3=0 D4=1040000F D5=80410012 D6=FFFF D7=102100 A0=F312A A1=108928 A2=534F4 A3=10880A A4=102100 A5=108000 A6=10BA1E PC=48B4 -- 0048B4: andi.l  #$ffffff, D0
D0=F1122 D1=3B3B D2=101D00 D3=0 D4=1040000F D5=80410012 D6=FFFF D7=102100 A0=F312A A1=108928 A2=534F4 A3=10880A A4=102100 A5=108000 A6=10BA1E PC=48BA -- 0048BA: movea.l D0, A0
D0=F1122 D1=3B3B D2=101D00 D3=0 D4=1040000F D5=80410012 D6=FFFF D7=102100 A0=F1122 A1=108928 A2=534F4 A3=10880A A4=102100 A5=108000 A6=10BA1E PC=48BC -- 0048BC: move.w  ($4,A0), D0
D0=F0076 D1=3B3B D2=101D00 D3=0 D4=1040000F D5=80410012 D6=FFFF D7=102100 A0=F1122 A1=108928 A2=534F4 A3=10880A A4=102100 A5=108000 A6=10BA1E PC=48C0 -- 0048C0: andi.w  #$1fff, D0
D0=F0076 D1=3B3B D2=101D00 D3=0 D4=1040000F D5=80410012 D6=FFFF D7=102100 A0=F1122 A1=108928 A2=534F4 A3=10880A A4=102100 A5=108000 A6=10BA1E PC=48C4 -- 0048C4: move.w  D0, ($46e0,A5)
D0=F0076 D1=3B3B D2=101D00 D3=0 D4=1040000F D5=80410012 D6=FFFF D7=102100 A0=F1122 A1=108928 A2=534F4 A3=10880A A4=102100 A5=108000 A6=10BA1E PC=48C8 -- 0048C8: lea     $80080.l, A0
D0=F0076 D1=3B3B D2=101D00 D3=0 D4=1040000F D5=80410012 D6=FFFF D7=102100 A0=80080 A1=108928 A2=534F4 A3=10880A A4=102100 A5=108000 A6=10BA1E PC=48CE -- 0048CE: move.w  ($70,A4), D1
D0=F0076 D1=1B D2=101D00 D3=0 D4=1040000F D5=80410012 D6=FFFF D7=102100 A0=80080 A1=108928 A2=534F4 A3=10880A A4=102100 A5=108000 A6=10BA1E PC=48D2 -- 0048D2: add.w   D1, D1
D0=F0076 D1=36 D2=101D00 D3=0 D4=1040000F D5=80410012 D6=FFFF D7=102100 A0=80080 A1=108928 A2=534F4 A3=10880A A4=102100 A5=108000 A6=10BA1E PC=48D4 -- 0048D4: add.w   D1, D1
D0=F0076 D1=6C D2=101D00 D3=0 D4=1040000F D5=80410012 D6=FFFF D7=102100 A0=80080 A1=108928 A2=534F4 A3=10880A A4=102100 A5=108000 A6=10BA1E PC=48D6 -- 0048D6: movea.l (A0,D1.w), A0
D0=F0076 D1=6C D2=101D00 D3=0 D4=1040000F D5=80410012 D6=FFFF D7=102100 A0=95200 A1=108928 A2=534F4 A3=10880A A4=102100 A5=108000 A6=10BA1E PC=48DA -- 0048DA: add.w   D0, D0
D0=F00EC D1=6C D2=101D00 D3=0 D4=1040000F D5=80410012 D6=FFFF D7=102100 A0=95200 A1=108928 A2=534F4 A3=10880A A4=102100 A5=108000 A6=10BA1E PC=48DC -- 0048DC: add.w   D0, D0
D0=F01D8 D1=6C D2=101D00 D3=0 D4=1040000F D5=80410012 D6=FFFF D7=102100 A0=95200 A1=108928 A2=534F4 A3=10880A A4=102100 A5=108000 A6=10BA1E PC=48DE -- 0048DE: move.l  (A0,D0.w), ($28,A4)
D0=F01D8 D1=6C D2=101D00 D3=0 D4=1040000F D5=80410012 D6=FFFF D7=102100 A0=95200 A1=108928 A2=534F4 A3=10880A A4=102100 A5=108000 A6=10BA1E PC=48E4 -- 0048E4: rts
D0=F01D8 D1=6C D2=101D00 D3=0 D4=1040000F D5=80410012 D6=FFFF D7=102100 A0=95200 A1=108928 A2=534F4 A3=10880A A4=102100 A5=108000 A6=10BA1E PC=3E7C -- 003E7C: bra     $481a
D0=F01D8 D1=6C D2=101D00 D3=0 D4=1040000F D5=80410012 D6=FFFF D7=102100 A0=95200 A1=108928 A2=534F4 A3=10880A A4=102100 A5=108000 A6=10BA1E PC=481A -- 00481A: addq.w  #1, ($e3a,A5)
D0=F01D8 D1=6C D2=101D00 D3=0 D4=1040000F D5=80410012 D6=FFFF D7=102100 A0=95200 A1=108928 A2=534F4 A3=10880A A4=102100 A5=108000 A6=10BA1E PC=481E -- 00481E: lea     ($838,A5), A1
D0=F01D8 D1=6C D2=101D00 D3=0 D4=1040000F D5=80410012 D6=FFFF D7=102100 A0=95200 A1=108838 A2=534F4 A3=10880A A4=102100 A5=108000 A6=10BA1E PC=4822 -- 004822: move.w  ($2c,A4), D0
D0=F0073 D1=6C D2=101D00 D3=0 D4=1040000F D5=80410012 D6=FFFF D7=102100 A0=95200 A1=108838 A2=534F4 A3=10880A A4=102100 A5=108000 A6=10BA1E PC=4826 -- 004826: move.w  D0, D1
D0=F0073 D1=73 D2=101D00 D3=0 D4=1040000F D5=80410012 D6=FFFF D7=102100 A0=95200 A1=108838 A2=534F4 A3=10880A A4=102100 A5=108000 A6=10BA1E PC=4828 -- 004828: add.w   D1, D1
D0=F0073 D1=E6 D2=101D00 D3=0 D4=1040000F D5=80410012 D6=FFFF D7=102100 A0=95200 A1=108838 A2=534F4 A3=10880A A4=102100 A5=108000 A6=10BA1E PC=482A -- 00482A: adda.w  D1, A1
D0=F0073 D1=E6 D2=101D00 D3=0 D4=1040000F D5=80410012 D6=FFFF D7=102100 A0=95200 A1=10891E A2=534F4 A3=10880A A4=102100 A5=108000 A6=10BA1E PC=482C -- 00482C: cmp.w   ($e38,A5), D1
D0=F0073 D1=E6 D2=101D00 D3=0 D4=1040000F D5=80410012 D6=FFFF D7=102100 A0=95200 A1=10891E A2=534F4 A3=10880A A4=102100 A5=108000 A6=10BA1E PC=4830 -- 004830: bhi     $4836
D0=F0073 D1=E6 D2=101D00 D3=0 D4=1040000F D5=80410012 D6=FFFF D7=102100 A0=95200 A1=10891E A2=534F4 A3=10880A A4=102100 A5=108000 A6=10BA1E PC=4836 -- 004836: move.w  (A1)+, D1
D0=F0073 D1=1700 D2=101D00 D3=0 D4=1040000F D5=80410012 D6=FFFF D7=102100 A0=95200 A1=108920 A2=534F4 A3=10880A A4=102100 A5=108000 A6=10BA1E PC=4838 -- 004838: beq     $485a
D0=F0073 D1=1700 D2=101D00 D3=0 D4=1040000F D5=80410012 D6=FFFF D7=102100 A0=95200 A1=108920 A2=534F4 A3=10880A A4=102100 A5=108000 A6=10BA1E PC=483A -- 00483A: move.l  #$100000, D2
D0=F0073 D1=1700 D2=100000 D3=0 D4=1040000F D5=80410012 D6=FFFF D7=102100 A0=95200 A1=108920 A2=534F4 A3=10880A A4=102100 A5=108000 A6=10BA1E PC=4840 -- 004840: move.w  D1, D2
D0=F0073 D1=1700 D2=101700 D3=0 D4=1040000F D5=80410012 D6=FFFF D7=102100 A0=95200 A1=108920 A2=534F4 A3=10880A A4=102100 A5=108000 A6=10BA1E PC=4842 -- 004842: movea.l D2, A0
D0=F0073 D1=1700 D2=101700 D3=0 D4=1040000F D5=80410012 D6=FFFF D7=102100 A0=101700 A1=108920 A2=534F4 A3=10880A A4=102100 A5=108000 A6=10BA1E PC=4844 -- 004844: cmp.w   ($2c,A0), D0
D0=F0073 D1=1700 D2=101700 D3=0 D4=1040000F D5=80410012 D6=FFFF D7=102100 A0=101700 A1=108920 A2=534F4 A3=10880A A4=102100 A5=108000 A6=10BA1E PC=4848 -- 004848: bcc     $4836
D0=F0073 D1=1700 D2=101700 D3=0 D4=1040000F D5=80410012 D6=FFFF D7=102100 A0=101700 A1=108920 A2=534F4 A3=10880A A4=102100 A5=108000 A6=10BA1E PC=4836 -- 004836: move.w  (A1)+, D1
D0=F0073 D1=1900 D2=101700 D3=0 D4=1040000F D5=80410012 D6=FFFF D7=102100 A0=101700 A1=108922 A2=534F4 A3=10880A A4=102100 A5=108000 A6=10BA1E PC=4838 -- 004838: beq     $485a
D0=F0073 D1=1900 D2=101700 D3=0 D4=1040000F D5=80410012 D6=FFFF D7=102100 A0=101700 A1=108922 A2=534F4 A3=10880A A4=102100 A5=108000 A6=10BA1E PC=483A -- 00483A: move.l  #$100000, D2
D0=F0073 D1=1900 D2=100000 D3=0 D4=1040000F D5=80410012 D6=FFFF D7=102100 A0=101700 A1=108922 A2=534F4 A3=10880A A4=102100 A5=108000 A6=10BA1E PC=4840 -- 004840: move.w  D1, D2
D0=F0073 D1=1900 D2=101900 D3=0 D4=1040000F D5=80410012 D6=FFFF D7=102100 A0=101700 A1=108922 A2=534F4 A3=10880A A4=102100 A5=108000 A6=10BA1E PC=4842 -- 004842: movea.l D2, A0
D0=F0073 D1=1900 D2=101900 D3=0 D4=1040000F D5=80410012 D6=FFFF D7=102100 A0=101900 A1=108922 A2=534F4 A3=10880A A4=102100 A5=108000 A6=10BA1E PC=4844 -- 004844: cmp.w   ($2c,A0), D0
D0=F0073 D1=1900 D2=101900 D3=0 D4=1040000F D5=80410012 D6=FFFF D7=102100 A0=101900 A1=108922 A2=534F4 A3=10880A A4=102100 A5=108000 A6=10BA1E PC=4848 -- 004848: bcc     $4836

   (loops for 28 instructions)

D0=F0073 D1=8100 D2=108100 D3=0 D4=1040000F D5=80410012 D6=FFFF D7=102100 A0=108100 A1=10892A A2=534F4 A3=10880A A4=102100 A5=108000 A6=10BA1E PC=484A -- 00484A: move.w  A4, (-$2,A1)
D0=F0073 D1=8100 D2=108100 D3=0 D4=1040000F D5=80410012 D6=FFFF D7=102100 A0=108100 A1=10892A A2=534F4 A3=10880A A4=102100 A5=108000 A6=10BA1E PC=484E -- 00484E: move.w  (A1)+, D0
D0=F8300 D1=8100 D2=108100 D3=0 D4=1040000F D5=80410012 D6=FFFF D7=102100 A0=108100 A1=10892C A2=534F4 A3=10880A A4=102100 A5=108000 A6=10BA1E PC=4850 -- 004850: move.w  D1, (-$2,A1)
D0=F8300 D1=8100 D2=108100 D3=0 D4=1040000F D5=80410012 D6=FFFF D7=102100 A0=108100 A1=10892C A2=534F4 A3=10880A A4=102100 A5=108000 A6=10BA1E PC=4854 -- 004854: move.w  D0, D1
D0=F8300 D1=8300 D2=108100 D3=0 D4=1040000F D5=80410012 D6=FFFF D7=102100 A0=108100 A1=10892C A2=534F4 A3=10880A A4=102100 A5=108000 A6=10BA1E PC=4856 -- 004856: bne     $484e
D0=F8300 D1=8300 D2=108100 D3=0 D4=1040000F D5=80410012 D6=FFFF D7=102100 A0=108100 A1=10892C A2=534F4 A3=10880A A4=102100 A5=108000 A6=10BA1E PC=484E -- 00484E: move.w  (A1)+, D0
D0=F0000 D1=8300 D2=108100 D3=0 D4=1040000F D5=80410012 D6=FFFF D7=102100 A0=108100 A1=10892E A2=534F4 A3=10880A A4=102100 A5=108000 A6=10BA1E PC=4850 -- 004850: move.w  D1, (-$2,A1)
D0=F0000 D1=8300 D2=108100 D3=0 D4=1040000F D5=80410012 D6=FFFF D7=102100 A0=108100 A1=10892E A2=534F4 A3=10880A A4=102100 A5=108000 A6=10BA1E PC=4854 -- 004854: move.w  D0, D1
D0=F0000 D1=0 D2=108100 D3=0 D4=1040000F D5=80410012 D6=FFFF D7=102100 A0=108100 A1=10892E A2=534F4 A3=10880A A4=102100 A5=108000 A6=10BA1E PC=4856 -- 004856: bne     $484e
D0=F0000 D1=0 D2=108100 D3=0 D4=1040000F D5=80410012 D6=FFFF D7=102100 A0=108100 A1=10892E A2=534F4 A3=10880A A4=102100 A5=108000 A6=10BA1E PC=4858 -- 004858: rts
D0=F0000 D1=0 D2=108100 D3=0 D4=1040000F D5=80410012 D6=FFFF D7=102100 A0=108100 A1=10892E A2=534F4 A3=10880A A4=102100 A5=108000 A6=10BA1E PC=32B3C -- 032B3C: move.l  A4, D7
D0=F0000 D1=0 D2=108100 D3=0 D4=1040000F D5=80410012 D6=FFFF D7=102100 A0=108100 A1=10892E A2=534F4 A3=10880A A4=102100 A5=108000 A6=10BA1E PC=32B3E -- 032B3E: move.w  ($4,A4), D7
D0=F0000 D1=0 D2=108100 D3=0 D4=1040000F D5=80410012 D6=FFFF D7=102300 A0=108100 A1=10892E A2=534F4 A3=10880A A4=102100 A5=108000 A6=10BA1E PC=32B42 -- 032B42: bpl     $32b36
D0=F0000 D1=0 D2=108100 D3=0 D4=1040000F D5=80410012 D6=FFFF D7=102300 A0=108100 A1=10892E A2=534F4 A3=10880A A4=102100 A5=108000 A6=10BA1E PC=32B36 -- 032B36: movea.l D7, A4
D0=F0000 D1=0 D2=108100 D3=0 D4=1040000F D5=80410012 D6=FFFF D7=102300 A0=108100 A1=10892E A2=534F4 A3=10880A A4=102300 A5=108000 A6=10BA1E PC=32B38 -- 032B38: movea.l (A4), A0
D0=F0000 D1=0 D2=108100 D3=0 D4=1040000F D5=80410012 D6=FFFF D7=102300 A0=37DBA A1=10892E A2=534F4 A3=10880A A4=102300 A5=108000 A6=10BA1E PC=32B3A -- 032B3A: jsr     (A0)
D0=F0000 D1=0 D2=108100 D3=0 D4=1040000F D5=80410012 D6=FFFF D7=102300 A0=37DBA A1=10892E A2=534F4 A3=10880A A4=102300 A5=108000 A6=10BA1E PC=37DBA -- 037DBA: clr.b   ($80,A4)
D0=F0000 D1=0 D2=108100 D3=0 D4=1040000F D5=80410012 D6=FFFF D7=102300 A0=37DBA A1=10892E A2=534F4 A3=10880A A4=102300 A5=108000 A6=10BA1E PC=37DBE -- 037DBE: moveq   #$0, D0
D0=0 D1=0 D2=108100 D3=0 D4=1040000F D5=80410012 D6=FFFF D7=102300 A0=37DBA A1=10892E A2=534F4 A3=10880A A4=102300 A5=108000 A6=10BA1E PC=37DC0 -- 037DC0: move.b  ($131,A4), D0
D0=1 D1=0 D2=108100 D3=0 D4=1040000F D5=80410012 D6=FFFF D7=102300 A0=37DBA A1=10892E A2=534F4 A3=10880A A4=102300 A5=108000 A6=10BA1E PC=37DC4 -- 037DC4: btst    D0, ($7df,A5)
D0=1 D1=0 D2=108100 D3=0 D4=1040000F D5=80410012 D6=FFFF D7=102300 A0=37DBA A1=10892E A2=534F4 A3=10880A A4=102300 A5=108000 A6=10BA1E PC=37DC8 -- 037DC8: beq     $37dec
D0=1 D1=0 D2=108100 D3=0 D4=1040000F D5=80410012 D6=FFFF D7=102300 A0=37DBA A1=10892E A2=534F4 A3=10880A A4=102300 A5=108000 A6=10BA1E PC=37DEC -- 037DEC: move.w  ($d0,A4), D0
D0=5 D1=0 D2=108100 D3=0 D4=1040000F D5=80410012 D6=FFFF D7=102300 A0=37DBA A1=10892E A2=534F4 A3=10880A A4=102300 A5=108000 A6=10BA1E PC=37DF0 -- 037DF0: movea.l ($84,A4), A0
D0=5 D1=0 D2=108100 D3=0 D4=1040000F D5=80410012 D6=FFFF D7=102300 A0=108584 A1=10892E A2=534F4 A3=10880A A4=102300 A5=108000 A6=10BA1E PC=37DF4 -- 037DF4: btst    D0, ($cf,A0)
D0=5 D1=0 D2=108100 D3=0 D4=1040000F D5=80410012 D6=FFFF D7=102300 A0=108584 A1=10892E A2=534F4 A3=10880A A4=102300 A5=108000 A6=10BA1E PC=37DF8 -- 037DF8: beq     $36eac
D0=5 D1=0 D2=108100 D3=0 D4=1040000F D5=80410012 D6=FFFF D7=102300 A0=108584 A1=10892E A2=534F4 A3=10880A A4=102300 A5=108000 A6=10BA1E PC=36EAC -- 036EAC: jsr     $48e6.w
D0=5 D1=0 D2=108100 D3=0 D4=1040000F D5=80410012 D6=FFFF D7=102300 A0=108584 A1=10892E A2=534F4 A3=10880A A4=102300 A5=108000 A6=10BA1E PC=48E6 -- 0048E6: move.w  ($70,A4), D0
D0=1B D1=0 D2=108100 D3=0 D4=1040000F D5=80410012 D6=FFFF D7=102300 A0=108584 A1=10892E A2=534F4 A3=10880A A4=102300 A5=108000 A6=10BA1E PC=48EA -- 0048EA: cmp.b   ($78,A4), D0
D0=1B D1=0 D2=108100 D3=0 D4=1040000F D5=80410012 D6=FFFF D7=102300 A0=108584 A1=10892E A2=534F4 A3=10880A A4=102300 A5=108000 A6=10BA1E PC=48EE -- 0048EE: bne     $491c
D0=1B D1=0 D2=108100 D3=0 D4=1040000F D5=80410012 D6=FFFF D7=102300 A0=108584 A1=10892E A2=534F4 A3=10880A A4=102300 A5=108000 A6=10BA1E PC=48F0 -- 0048F0: move.w  ($72,A4), D0
D0=3A D1=0 D2=108100 D3=0 D4=1040000F D5=80410012 D6=FFFF D7=102300 A0=108584 A1=10892E A2=534F4 A3=10880A A4=102300 A5=108000 A6=10BA1E PC=48F4 -- 0048F4: cmp.b   ($79,A4), D0
D0=3A D1=0 D2=108100 D3=0 D4=1040000F D5=80410012 D6=FFFF D7=102300 A0=108584 A1=10892E A2=534F4 A3=10880A A4=102300 A5=108000 A6=10BA1E PC=48F8 -- 0048F8: bne     $493c
D0=3A D1=0 D2=108100 D3=0 D4=1040000F D5=80410012 D6=FFFF D7=102300 A0=108584 A1=10892E A2=534F4 A3=10880A A4=102300 A5=108000 A6=10BA1E PC=48FA -- 0048FA: tst.b   ($77,A4)
D0=3A D1=0 D2=108100 D3=0 D4=1040000F D5=80410012 D6=FFFF D7=102300 A0=108584 A1=10892E A2=534F4 A3=10880A A4=102300 A5=108000 A6=10BA1E PC=48FE -- 0048FE: bne     $495c
D0=3A D1=0 D2=108100 D3=0 D4=1040000F D5=80410012 D6=FFFF D7=102300 A0=108584 A1=10892E A2=534F4 A3=10880A A4=102300 A5=108000 A6=10BA1E PC=4900 -- 004900: tst.b   ($7a,A4)
D0=3A D1=0 D2=108100 D3=0 D4=1040000F D5=80410012 D6=FFFF D7=102300 A0=108584 A1=10892E A2=534F4 A3=10880A A4=102300 A5=108000 A6=10BA1E PC=4904 -- 004904: bmi     $491a
D0=3A D1=0 D2=108100 D3=0 D4=1040000F D5=80410012 D6=FFFF D7=102300 A0=108584 A1=10892E A2=534F4 A3=10880A A4=102300 A5=108000 A6=10BA1E PC=491A -- 00491A: rts
D0=3A D1=0 D2=108100 D3=0 D4=1040000F D5=80410012 D6=FFFF D7=102300 A0=108584 A1=10892E A2=534F4 A3=10880A A4=102300 A5=108000 A6=10BA1E PC=36EB0 -- 036EB0: jmp     $3e2e.w
D0=3A D1=0 D2=108100 D3=0 D4=1040000F D5=80410012 D6=FFFF D7=102300 A0=108584 A1=10892E A2=534F4 A3=10880A A4=102300 A5=108000 A6=10BA1E PC=3E2E -- 003E2E: tst.w   ($74,A4)
D0=3A D1=0 D2=108100 D3=0 D4=1040000F D5=80410012 D6=FFFF D7=102300 A0=108584 A1=10892E A2=534F4 A3=10880A A4=102300 A5=108000 A6=10BA1E PC=3E32 -- 003E32: bmi     $3e80
D0=3A D1=0 D2=108100 D3=0 D4=1040000F D5=80410012 D6=FFFF D7=102300 A0=108584 A1=10892E A2=534F4 A3=10880A A4=102300 A5=108000 A6=10BA1E PC=3E34 -- 003E34: btst    #$6, ($7c,A4)
D0=3A D1=0 D2=108100 D3=0 D4=1040000F D5=80410012 D6=FFFF D7=102300 A0=108584 A1=10892E A2=534F4 A3=10880A A4=102300 A5=108000 A6=10BA1E PC=3E3A -- 003E3A: bne     $3e78
D0=3A D1=0 D2=108100 D3=0 D4=1040000F D5=80410012 D6=FFFF D7=102300 A0=108584 A1=10892E A2=534F4 A3=10880A A4=102300 A5=108000 A6=10BA1E PC=3E3E -- 003E3E: moveq   #$0, D3
D0=3A D1=0 D2=108100 D3=0 D4=1040000F D5=80410012 D6=FFFF D7=102300 A0=108584 A1=10892E A2=534F4 A3=10880A A4=102300 A5=108000 A6=10BA1E PC=3E40 -- 003E40: move.b  ($82,A4), D3
D0=3A D1=0 D2=108100 D3=0 D4=1040000F D5=80410012 D6=FFFF D7=102300 A0=108584 A1=10892E A2=534F4 A3=10880A A4=102300 A5=108000 A6=10BA1E PC=3E44 -- 003E44: add.w   D3, D3
D0=3A D1=0 D2=108100 D3=0 D4=1040000F D5=80410012 D6=FFFF D7=102300 A0=108584 A1=10892E A2=534F4 A3=10880A A4=102300 A5=108000 A6=10BA1E PC=3E46 -- 003E46: add.w   D3, D3
D0=3A D1=0 D2=108100 D3=0 D4=1040000F D5=80410012 D6=FFFF D7=102300 A0=108584 A1=10892E A2=534F4 A3=10880A A4=102300 A5=108000 A6=10BA1E PC=3E48 -- 003E48: move.w  ($18,A4), D0
D0=90 D1=0 D2=108100 D3=0 D4=1040000F D5=80410012 D6=FFFF D7=102300 A0=108584 A1=10892E A2=534F4 A3=10880A A4=102300 A5=108000 A6=10BA1E PC=3E4C -- 003E4C: lea     ($104c,A5), A0
D0=90 D1=0 D2=108100 D3=0 D4=1040000F D5=80410012 D6=FFFF D7=102300 A0=10904C A1=10892E A2=534F4 A3=10880A A4=102300 A5=108000 A6=10BA1E PC=3E50 -- 003E50: sub.w   (A0,D3.w), D0
D0=90 D1=0 D2=108100 D3=0 D4=1040000F D5=80410012 D6=FFFF D7=102300 A0=10904C A1=10892E A2=534F4 A3=10880A A4=102300 A5=108000 A6=10BA1E PC=3E54 -- 003E54: addi.w  #$30, D0
D0=C0 D1=0 D2=108100 D3=0 D4=1040000F D5=80410012 D6=FFFF D7=102300 A0=10904C A1=10892E A2=534F4 A3=10880A A4=102300 A5=108000 A6=10BA1E PC=3E58 -- 003E58: cmpi.w  #$1a0, D0
D0=C0 D1=0 D2=108100 D3=0 D4=1040000F D5=80410012 D6=FFFF D7=102300 A0=10904C A1=10892E A2=534F4 A3=10880A A4=102300 A5=108000 A6=10BA1E PC=3E5C -- 003E5C: bls     $3e60
D0=C0 D1=0 D2=108100 D3=0 D4=1040000F D5=80410012 D6=FFFF D7=102300 A0=10904C A1=10892E A2=534F4 A3=10880A A4=102300 A5=108000 A6=10BA1E PC=3E60 -- 003E60: move.w  ($1c,A4), D0
D0=C8 D1=0 D2=108100 D3=0 D4=1040000F D5=80410012 D6=FFFF D7=102300 A0=10904C A1=10892E A2=534F4 A3=10880A A4=102300 A5=108000 A6=10BA1E PC=3E64 -- 003E64: sub.w   ($20,A4), D0
D0=C8 D1=0 D2=108100 D3=0 D4=1040000F D5=80410012 D6=FFFF D7=102300 A0=10904C A1=10892E A2=534F4 A3=10880A A4=102300 A5=108000 A6=10BA1E PC=3E68 -- 003E68: lea     ($1058,A5), A0
D0=C8 D1=0 D2=108100 D3=0 D4=1040000F D5=80410012 D6=FFFF D7=102300 A0=109058 A1=10892E A2=534F4 A3=10880A A4=102300 A5=108000 A6=10BA1E PC=3E6C -- 003E6C: sub.w   (A0,D3.w), D0
D0=C8 D1=0 D2=108100 D3=0 D4=1040000F D5=80410012 D6=FFFF D7=102300 A0=109058 A1=10892E A2=534F4 A3=10880A A4=102300 A5=108000 A6=10BA1E PC=3E70 -- 003E70: cmpi.w  #$1c0, D0
D0=C8 D1=0 D2=108100 D3=0 D4=1040000F D5=80410012 D6=FFFF D7=102300 A0=109058 A1=10892E A2=534F4 A3=10880A A4=102300 A5=108000 A6=10BA1E PC=3E74 -- 003E74: bls     $3e78
D0=C8 D1=0 D2=108100 D3=0 D4=1040000F D5=80410012 D6=FFFF D7=102300 A0=109058 A1=10892E A2=534F4 A3=10880A A4=102300 A5=108000 A6=10BA1E PC=3E78 -- 003E78: bsr     $4860
D0=C8 D1=0 D2=108100 D3=0 D4=1040000F D5=80410012 D6=FFFF D7=102300 A0=109058 A1=10892E A2=534F4 A3=10880A A4=102300 A5=108000 A6=10BA1E PC=4860 -- 004860: lea     $7bf48.l, A0
D0=C8 D1=0 D2=108100 D3=0 D4=1040000F D5=80410012 D6=FFFF D7=102300 A0=7BF48 A1=10892E A2=534F4 A3=10880A A4=102300 A5=108000 A6=10BA1E PC=4866 -- 004866: move.w  ($70,A4), D0
D0=1B D1=0 D2=108100 D3=0 D4=1040000F D5=80410012 D6=FFFF D7=102300 A0=7BF48 A1=10892E A2=534F4 A3=10880A A4=102300 A5=108000 A6=10BA1E PC=486A -- 00486A: add.w   D0, D0
D0=36 D1=0 D2=108100 D3=0 D4=1040000F D5=80410012 D6=FFFF D7=102300 A0=7BF48 A1=10892E A2=534F4 A3=10880A A4=102300 A5=108000 A6=10BA1E PC=486C -- 00486C: add.w   D0, D0
D0=6C D1=0 D2=108100 D3=0 D4=1040000F D5=80410012 D6=FFFF D7=102300 A0=7BF48 A1=10892E A2=534F4 A3=10880A A4=102300 A5=108000 A6=10BA1E PC=486E -- 00486E: movea.l (A0,D0.w), A0
D0=6C D1=0 D2=108100 D3=0 D4=1040000F D5=80410012 D6=FFFF D7=102300 A0=7F5E0 A1=10892E A2=534F4 A3=10880A A4=102300 A5=108000 A6=10BA1E PC=4872 -- 004872: move.w  ($72,A4), D0
D0=3A D1=0 D2=108100 D3=0 D4=1040000F D5=80410012 D6=FFFF D7=102300 A0=7F5E0 A1=10892E A2=534F4 A3=10880A A4=102300 A5=108000 A6=10BA1E PC=4876 -- 004876: add.w   D0, D0
D0=74 D1=0 D2=108100 D3=0 D4=1040000F D5=80410012 D6=FFFF D7=102300 A0=7F5E0 A1=10892E A2=534F4 A3=10880A A4=102300 A5=108000 A6=10BA1E PC=4878 -- 004878: move.w  (A0,D0.w), D1
D0=74 D1=3A3A D2=108100 D3=0 D4=1040000F D5=80410012 D6=FFFF D7=102300 A0=7F5E0 A1=10892E A2=534F4 A3=10880A A4=102300 A5=108000 A6=10BA1E PC=487C -- 00487C: move.w  D1, ($46de,A5)
D0=74 D1=3A3A D2=108100 D3=0 D4=1040000F D5=80410012 D6=FFFF D7=102300 A0=7F5E0 A1=10892E A2=534F4 A3=10880A A4=102300 A5=108000 A6=10BA1E PC=4880 -- 004880: lea     $80000.l, A0
D0=74 D1=3A3A D2=108100 D3=0 D4=1040000F D5=80410012 D6=FFFF D7=102300 A0=80000 A1=10892E A2=534F4 A3=10880A A4=102300 A5=108000 A6=10BA1E PC=4886 -- 004886: move.w  ($70,A4), D0
D0=1B D1=3A3A D2=108100 D3=0 D4=1040000F D5=80410012 D6=FFFF D7=102300 A0=80000 A1=10892E A2=534F4 A3=10880A A4=102300 A5=108000 A6=10BA1E PC=488A -- 00488A: add.w   D0, D0
D0=36 D1=3A3A D2=108100 D3=0 D4=1040000F D5=80410012 D6=FFFF D7=102300 A0=80000 A1=10892E A2=534F4 A3=10880A A4=102300 A5=108000 A6=10BA1E PC=488C -- 00488C: add.w   D0, D0
D0=6C D1=3A3A D2=108100 D3=0 D4=1040000F D5=80410012 D6=FFFF D7=102300 A0=80000 A1=10892E A2=534F4 A3=10880A A4=102300 A5=108000 A6=10BA1E PC=488E -- 00488E: movea.l (A0,D0.w), A0
D0=6C D1=3A3A D2=108100 D3=0 D4=1040000F D5=80410012 D6=FFFF D7=102300 A0=86E00 A1=10892E A2=534F4 A3=10880A A4=102300 A5=108000 A6=10BA1E PC=4892 -- 004892: move.w  ($46de,A5), D0
D0=3A3A D1=3A3A D2=108100 D3=0 D4=1040000F D5=80410012 D6=FFFF D7=102300 A0=86E00 A1=10892E A2=534F4 A3=10880A A4=102300 A5=108000 A6=10BA1E PC=4896 -- 004896: tst.b   ($46e2,A5)
D0=3A3A D1=3A3A D2=108100 D3=0 D4=1040000F D5=80410012 D6=FFFF D7=102300 A0=86E00 A1=10892E A2=534F4 A3=10880A A4=102300 A5=108000 A6=10BA1E PC=489A -- 00489A: beq     $48a0
D0=3A3A D1=3A3A D2=108100 D3=0 D4=1040000F D5=80410012 D6=FFFF D7=102300 A0=86E00 A1=10892E A2=534F4 A3=10880A A4=102300 A5=108000 A6=10BA1E PC=48A0 -- 0048A0: andi.w  #$ff, D0
D0=3A D1=3A3A D2=108100 D3=0 D4=1040000F D5=80410012 D6=FFFF D7=102300 A0=86E00 A1=10892E A2=534F4 A3=10880A A4=102300 A5=108000 A6=10BA1E PC=48A4 -- 0048A4: add.w   D0, D0
D0=74 D1=3A3A D2=108100 D3=0 D4=1040000F D5=80410012 D6=FFFF D7=102300 A0=86E00 A1=10892E A2=534F4 A3=10880A A4=102300 A5=108000 A6=10BA1E PC=48A6 -- 0048A6: add.w   D0, D0
D0=E8 D1=3A3A D2=108100 D3=0 D4=1040000F D5=80410012 D6=FFFF D7=102300 A0=86E00 A1=10892E A2=534F4 A3=10880A A4=102300 A5=108000 A6=10BA1E PC=48A8 -- 0048A8: movea.l (A0,D0.w), A0
D0=E8 D1=3A3A D2=108100 D3=0 D4=1040000F D5=80410012 D6=FFFF D7=102300 A0=F3122 A1=10892E A2=534F4 A3=10880A A4=102300 A5=108000 A6=10BA1E PC=48AC -- 0048AC: move.w  ($74,A4), D0
D0=0 D1=3A3A D2=108100 D3=0 D4=1040000F D5=80410012 D6=FFFF D7=102300 A0=F3122 A1=10892E A2=534F4 A3=10880A A4=102300 A5=108000 A6=10BA1E PC=48B0 -- 0048B0: adda.w  D0, A0
D0=0 D1=3A3A D2=108100 D3=0 D4=1040000F D5=80410012 D6=FFFF D7=102300 A0=F3122 A1=10892E A2=534F4 A3=10880A A4=102300 A5=108000 A6=10BA1E PC=48B2 -- 0048B2: move.l  (A0), D0
D0=10F111C D1=3A3A D2=108100 D3=0 D4=1040000F D5=80410012 D6=FFFF D7=102300 A0=F3122 A1=10892E A2=534F4 A3=10880A A4=102300 A5=108000 A6=10BA1E PC=48B4 -- 0048B4: andi.l  #$ffffff, D0
D0=F111C D1=3A3A D2=108100 D3=0 D4=1040000F D5=80410012 D6=FFFF D7=102300 A0=F3122 A1=10892E A2=534F4 A3=10880A A4=102300 A5=108000 A6=10BA1E PC=48BA -- 0048BA: movea.l D0, A0
D0=F111C D1=3A3A D2=108100 D3=0 D4=1040000F D5=80410012 D6=FFFF D7=102300 A0=F111C A1=10892E A2=534F4 A3=10880A A4=102300 A5=108000 A6=10BA1E PC=48BC -- 0048BC: move.w  ($4,A0), D0
D0=F0075 D1=3A3A D2=108100 D3=0 D4=1040000F D5=80410012 D6=FFFF D7=102300 A0=F111C A1=10892E A2=534F4 A3=10880A A4=102300 A5=108000 A6=10BA1E PC=48C0 -- 0048C0: andi.w  #$1fff, D0
D0=F0075 D1=3A3A D2=108100 D3=0 D4=1040000F D5=80410012 D6=FFFF D7=102300 A0=F111C A1=10892E A2=534F4 A3=10880A A4=102300 A5=108000 A6=10BA1E PC=48C4 -- 0048C4: move.w  D0, ($46e0,A5)
D0=F0075 D1=3A3A D2=108100 D3=0 D4=1040000F D5=80410012 D6=FFFF D7=102300 A0=F111C A1=10892E A2=534F4 A3=10880A A4=102300 A5=108000 A6=10BA1E PC=48C8 -- 0048C8: lea     $80080.l, A0
D0=F0075 D1=3A3A D2=108100 D3=0 D4=1040000F D5=80410012 D6=FFFF D7=102300 A0=80080 A1=10892E A2=534F4 A3=10880A A4=102300 A5=108000 A6=10BA1E PC=48CE -- 0048CE: move.w  ($70,A4), D1
D0=F0075 D1=1B D2=108100 D3=0 D4=1040000F D5=80410012 D6=FFFF D7=102300 A0=80080 A1=10892E A2=534F4 A3=10880A A4=102300 A5=108000 A6=10BA1E PC=48D2 -- 0048D2: add.w   D1, D1
D0=F0075 D1=36 D2=108100 D3=0 D4=1040000F D5=80410012 D6=FFFF D7=102300 A0=80080 A1=10892E A2=534F4 A3=10880A A4=102300 A5=108000 A6=10BA1E PC=48D4 -- 0048D4: add.w   D1, D1
D0=F0075 D1=6C D2=108100 D3=0 D4=1040000F D5=80410012 D6=FFFF D7=102300 A0=80080 A1=10892E A2=534F4 A3=10880A A4=102300 A5=108000 A6=10BA1E PC=48D6 -- 0048D6: movea.l (A0,D1.w), A0
D0=F0075 D1=6C D2=108100 D3=0 D4=1040000F D5=80410012 D6=FFFF D7=102300 A0=95200 A1=10892E A2=534F4 A3=10880A A4=102300 A5=108000 A6=10BA1E PC=48DA -- 0048DA: add.w   D0, D0
D0=F00EA D1=6C D2=108100 D3=0 D4=1040000F D5=80410012 D6=FFFF D7=102300 A0=95200 A1=10892E A2=534F4 A3=10880A A4=102300 A5=108000 A6=10BA1E PC=48DC -- 0048DC: add.w   D0, D0
D0=F01D4 D1=6C D2=108100 D3=0 D4=1040000F D5=80410012 D6=FFFF D7=102300 A0=95200 A1=10892E A2=534F4 A3=10880A A4=102300 A5=108000 A6=10BA1E PC=48DE -- 0048DE: move.l  (A0,D0.w), ($28,A4)
D0=F01D4 D1=6C D2=108100 D3=0 D4=1040000F D5=80410012 D6=FFFF D7=102300 A0=95200 A1=10892E A2=534F4 A3=10880A A4=102300 A5=108000 A6=10BA1E PC=48E4 -- 0048E4: rts
D0=F01D4 D1=6C D2=108100 D3=0 D4=1040000F D5=80410012 D6=FFFF D7=102300 A0=95200 A1=10892E A2=534F4 A3=10880A A4=102300 A5=108000 A6=10BA1E PC=3E7C -- 003E7C: bra     $481a
D0=F01D4 D1=6C D2=108100 D3=0 D4=1040000F D5=80410012 D6=FFFF D7=102300 A0=95200 A1=10892E A2=534F4 A3=10880A A4=102300 A5=108000 A6=10BA1E PC=481A -- 00481A: addq.w  #1, ($e3a,A5)
D0=F01D4 D1=6C D2=108100 D3=0 D4=1040000F D5=80410012 D6=FFFF D7=102300 A0=95200 A1=10892E A2=534F4 A3=10880A A4=102300 A5=108000 A6=10BA1E PC=481E -- 00481E: lea     ($838,A5), A1
D0=F01D4 D1=6C D2=108100 D3=0 D4=1040000F D5=80410012 D6=FFFF D7=102300 A0=95200 A1=108838 A2=534F4 A3=10880A A4=102300 A5=108000 A6=10BA1E PC=4822 -- 004822: move.w  ($2c,A4), D0
D0=F0073 D1=6C D2=108100 D3=0 D4=1040000F D5=80410012 D6=FFFF D7=102300 A0=95200 A1=108838 A2=534F4 A3=10880A A4=102300 A5=108000 A6=10BA1E PC=4826 -- 004826: move.w  D0, D1
D0=F0073 D1=73 D2=108100 D3=0 D4=1040000F D5=80410012 D6=FFFF D7=102300 A0=95200 A1=108838 A2=534F4 A3=10880A A4=102300 A5=108000 A6=10BA1E PC=4828 -- 004828: add.w   D1, D1
D0=F0073 D1=E6 D2=108100 D3=0 D4=1040000F D5=80410012 D6=FFFF D7=102300 A0=95200 A1=108838 A2=534F4 A3=10880A A4=102300 A5=108000 A6=10BA1E PC=482A -- 00482A: adda.w  D1, A1
D0=F0073 D1=E6 D2=108100 D3=0 D4=1040000F D5=80410012 D6=FFFF D7=102300 A0=95200 A1=10891E A2=534F4 A3=10880A A4=102300 A5=108000 A6=10BA1E PC=482C -- 00482C: cmp.w   ($e38,A5), D1
D0=F0073 D1=E6 D2=108100 D3=0 D4=1040000F D5=80410012 D6=FFFF D7=102300 A0=95200 A1=10891E A2=534F4 A3=10880A A4=102300 A5=108000 A6=10BA1E PC=4830 -- 004830: bhi     $4836
D0=F0073 D1=E6 D2=108100 D3=0 D4=1040000F D5=80410012 D6=FFFF D7=102300 A0=95200 A1=10891E A2=534F4 A3=10880A A4=102300 A5=108000 A6=10BA1E PC=4836 -- 004836: move.w  (A1)+, D1
D0=F0073 D1=1700 D2=108100 D3=0 D4=1040000F D5=80410012 D6=FFFF D7=102300 A0=95200 A1=108920 A2=534F4 A3=10880A A4=102300 A5=108000 A6=10BA1E PC=4838 -- 004838: beq     $485a
D0=F0073 D1=1700 D2=108100 D3=0 D4=1040000F D5=80410012 D6=FFFF D7=102300 A0=95200 A1=108920 A2=534F4 A3=10880A A4=102300 A5=108000 A6=10BA1E PC=483A -- 00483A: move.l  #$100000, D2
D0=F0073 D1=1700 D2=100000 D3=0 D4=1040000F D5=80410012 D6=FFFF D7=102300 A0=95200 A1=108920 A2=534F4 A3=10880A A4=102300 A5=108000 A6=10BA1E PC=4840 -- 004840: move.w  D1, D2
D0=F0073 D1=1700 D2=101700 D3=0 D4=1040000F D5=80410012 D6=FFFF D7=102300 A0=95200 A1=108920 A2=534F4 A3=10880A A4=102300 A5=108000 A6=10BA1E PC=4842 -- 004842: movea.l D2, A0
D0=F0073 D1=1700 D2=101700 D3=0 D4=1040000F D5=80410012 D6=FFFF D7=102300 A0=101700 A1=108920 A2=534F4 A3=10880A A4=102300 A5=108000 A6=10BA1E PC=4844 -- 004844: cmp.w   ($2c,A0), D0
D0=F0073 D1=1700 D2=101700 D3=0 D4=1040000F D5=80410012 D6=FFFF D7=102300 A0=101700 A1=108920 A2=534F4 A3=10880A A4=102300 A5=108000 A6=10BA1E PC=4848 -- 004848: bcc     $4836
D0=F0073 D1=1700 D2=101700 D3=0 D4=1040000F D5=80410012 D6=FFFF D7=102300 A0=101700 A1=108920 A2=534F4 A3=10880A A4=102300 A5=108000 A6=10BA1E PC=4836 -- 004836: move.w  (A1)+, D1
D0=F0073 D1=1900 D2=101700 D3=0 D4=1040000F D5=80410012 D6=FFFF D7=102300 A0=101700 A1=108922 A2=534F4 A3=10880A A4=102300 A5=108000 A6=10BA1E PC=4838 -- 004838: beq     $485a
D0=F0073 D1=1900 D2=101700 D3=0 D4=1040000F D5=80410012 D6=FFFF D7=102300 A0=101700 A1=108922 A2=534F4 A3=10880A A4=102300 A5=108000 A6=10BA1E PC=483A -- 00483A: move.l  #$100000, D2
D0=F0073 D1=1900 D2=100000 D3=0 D4=1040000F D5=80410012 D6=FFFF D7=102300 A0=101700 A1=108922 A2=534F4 A3=10880A A4=102300 A5=108000 A6=10BA1E PC=4840 -- 004840: move.w  D1, D2
D0=F0073 D1=1900 D2=101900 D3=0 D4=1040000F D5=80410012 D6=FFFF D7=102300 A0=101700 A1=108922 A2=534F4 A3=10880A A4=102300 A5=108000 A6=10BA1E PC=4842 -- 004842: movea.l D2, A0
D0=F0073 D1=1900 D2=101900 D3=0 D4=1040000F D5=80410012 D6=FFFF D7=102300 A0=101900 A1=108922 A2=534F4 A3=10880A A4=102300 A5=108000 A6=10BA1E PC=4844 -- 004844: cmp.w   ($2c,A0), D0
D0=F0073 D1=1900 D2=101900 D3=0 D4=1040000F D5=80410012 D6=FFFF D7=102300 A0=101900 A1=108922 A2=534F4 A3=10880A A4=102300 A5=108000 A6=10BA1E PC=4848 -- 004848: bcc     $4836

   (loops for 35 instructions)

D0=F0073 D1=8100 D2=108100 D3=0 D4=1040000F D5=80410012 D6=FFFF D7=102300 A0=108100 A1=10892C A2=534F4 A3=10880A A4=102300 A5=108000 A6=10BA1E PC=484A -- 00484A: move.w  A4, (-$2,A1)
D0=F0073 D1=8100 D2=108100 D3=0 D4=1040000F D5=80410012 D6=FFFF D7=102300 A0=108100 A1=10892C A2=534F4 A3=10880A A4=102300 A5=108000 A6=10BA1E PC=484E -- 00484E: move.w  (A1)+, D0
D0=F8300 D1=8100 D2=108100 D3=0 D4=1040000F D5=80410012 D6=FFFF D7=102300 A0=108100 A1=10892E A2=534F4 A3=10880A A4=102300 A5=108000 A6=10BA1E PC=4850 -- 004850: move.w  D1, (-$2,A1)
D0=F8300 D1=8100 D2=108100 D3=0 D4=1040000F D5=80410012 D6=FFFF D7=102300 A0=108100 A1=10892E A2=534F4 A3=10880A A4=102300 A5=108000 A6=10BA1E PC=4854 -- 004854: move.w  D0, D1
D0=F8300 D1=8300 D2=108100 D3=0 D4=1040000F D5=80410012 D6=FFFF D7=102300 A0=108100 A1=10892E A2=534F4 A3=10880A A4=102300 A5=108000 A6=10BA1E PC=4856 -- 004856: bne     $484e
D0=F8300 D1=8300 D2=108100 D3=0 D4=1040000F D5=80410012 D6=FFFF D7=102300 A0=108100 A1=10892E A2=534F4 A3=10880A A4=102300 A5=108000 A6=10BA1E PC=484E -- 00484E: move.w  (A1)+, D0
D0=F0000 D1=8300 D2=108100 D3=0 D4=1040000F D5=80410012 D6=FFFF D7=102300 A0=108100 A1=108930 A2=534F4 A3=10880A A4=102300 A5=108000 A6=10BA1E PC=4850 -- 004850: move.w  D1, (-$2,A1)
D0=F0000 D1=8300 D2=108100 D3=0 D4=1040000F D5=80410012 D6=FFFF D7=102300 A0=108100 A1=108930 A2=534F4 A3=10880A A4=102300 A5=108000 A6=10BA1E PC=4854 -- 004854: move.w  D0, D1
D0=F0000 D1=0 D2=108100 D3=0 D4=1040000F D5=80410012 D6=FFFF D7=102300 A0=108100 A1=108930 A2=534F4 A3=10880A A4=102300 A5=108000 A6=10BA1E PC=4856 -- 004856: bne     $484e
D0=F0000 D1=0 D2=108100 D3=0 D4=1040000F D5=80410012 D6=FFFF D7=102300 A0=108100 A1=108930 A2=534F4 A3=10880A A4=102300 A5=108000 A6=10BA1E PC=4858 -- 004858: rts
D0=F0000 D1=0 D2=108100 D3=0 D4=1040000F D5=80410012 D6=FFFF D7=102300 A0=108100 A1=108930 A2=534F4 A3=10880A A4=102300 A5=108000 A6=10BA1E PC=32B3C -- 032B3C: move.l  A4, D7
D0=F0000 D1=0 D2=108100 D3=0 D4=1040000F D5=80410012 D6=FFFF D7=102300 A0=108100 A1=108930 A2=534F4 A3=10880A A4=102300 A5=108000 A6=10BA1E PC=32B3E -- 032B3E: move.w  ($4,A4), D7
D0=F0000 D1=0 D2=108100 D3=0 D4=1040000F D5=80410012 D6=FFFF D7=102500 A0=108100 A1=108930 A2=534F4 A3=10880A A4=102300 A5=108000 A6=10BA1E PC=32B42 -- 032B42: bpl     $32b36
D0=F0000 D1=0 D2=108100 D3=0 D4=1040000F D5=80410012 D6=FFFF D7=102500 A0=108100 A1=108930 A2=534F4 A3=10880A A4=102300 A5=108000 A6=10BA1E PC=32B36 -- 032B36: movea.l D7, A4
D0=F0000 D1=0 D2=108100 D3=0 D4=1040000F D5=80410012 D6=FFFF D7=102500 A0=108100 A1=108930 A2=534F4 A3=10880A A4=102500 A5=108000 A6=10BA1E PC=32B38 -- 032B38: movea.l (A4), A0
D0=F0000 D1=0 D2=108100 D3=0 D4=1040000F D5=80410012 D6=FFFF D7=102500 A0=37DBA A1=108930 A2=534F4 A3=10880A A4=102500 A5=108000 A6=10BA1E PC=32B3A -- 032B3A: jsr     (A0)
D0=F0000 D1=0 D2=108100 D3=0 D4=1040000F D5=80410012 D6=FFFF D7=102500 A0=37DBA A1=108930 A2=534F4 A3=10880A A4=102500 A5=108000 A6=10BA1E PC=37DBA -- 037DBA: clr.b   ($80,A4)
D0=F0000 D1=0 D2=108100 D3=0 D4=1040000F D5=80410012 D6=FFFF D7=102500 A0=37DBA A1=108930 A2=534F4 A3=10880A A4=102500 A5=108000 A6=10BA1E PC=37DBE -- 037DBE: moveq   #$0, D0
D0=0 D1=0 D2=108100 D3=0 D4=1040000F D5=80410012 D6=FFFF D7=102500 A0=37DBA A1=108930 A2=534F4 A3=10880A A4=102500 A5=108000 A6=10BA1E PC=37DC0 -- 037DC0: move.b  ($131,A4), D0
D0=5 D1=0 D2=108100 D3=0 D4=1040000F D5=80410012 D6=FFFF D7=102500 A0=37DBA A1=108930 A2=534F4 A3=10880A A4=102500 A5=108000 A6=10BA1E PC=37DC4 -- 037DC4: btst    D0, ($7df,A5)
D0=5 D1=0 D2=108100 D3=0 D4=1040000F D5=80410012 D6=FFFF D7=102500 A0=37DBA A1=108930 A2=534F4 A3=10880A A4=102500 A5=108000 A6=10BA1E PC=37DC8 -- 037DC8: beq     $37dec
D0=5 D1=0 D2=108100 D3=0 D4=1040000F D5=80410012 D6=FFFF D7=102500 A0=37DBA A1=108930 A2=534F4 A3=10880A A4=102500 A5=108000 A6=10BA1E PC=37DEC -- 037DEC: move.w  ($d0,A4), D0
D0=5 D1=0 D2=108100 D3=0 D4=1040000F D5=80410012 D6=FFFF D7=102500 A0=37DBA A1=108930 A2=534F4 A3=10880A A4=102500 A5=108000 A6=10BA1E PC=37DF0 -- 037DF0: movea.l ($84,A4), A0
D0=5 D1=0 D2=108100 D3=0 D4=1040000F D5=80410012 D6=FFFF D7=102500 A0=108584 A1=108930 A2=534F4 A3=10880A A4=102500 A5=108000 A6=10BA1E PC=37DF4 -- 037DF4: btst    D0, ($cf,A0)
D0=5 D1=0 D2=108100 D3=0 D4=1040000F D5=80410012 D6=FFFF D7=102500 A0=108584 A1=108930 A2=534F4 A3=10880A A4=102500 A5=108000 A6=10BA1E PC=37DF8 -- 037DF8: beq     $36eac
D0=5 D1=0 D2=108100 D3=0 D4=1040000F D5=80410012 D6=FFFF D7=102500 A0=108584 A1=108930 A2=534F4 A3=10880A A4=102500 A5=108000 A6=10BA1E PC=36EAC -- 036EAC: jsr     $48e6.w
D0=5 D1=0 D2=108100 D3=0 D4=1040000F D5=80410012 D6=FFFF D7=102500 A0=108584 A1=108930 A2=534F4 A3=10880A A4=102500 A5=108000 A6=10BA1E PC=48E6 -- 0048E6: move.w  ($70,A4), D0
D0=1B D1=0 D2=108100 D3=0 D4=1040000F D5=80410012 D6=FFFF D7=102500 A0=108584 A1=108930 A2=534F4 A3=10880A A4=102500 A5=108000 A6=10BA1E PC=48EA -- 0048EA: cmp.b   ($78,A4), D0
D0=1B D1=0 D2=108100 D3=0 D4=1040000F D5=80410012 D6=FFFF D7=102500 A0=108584 A1=108930 A2=534F4 A3=10880A A4=102500 A5=108000 A6=10BA1E PC=48EE -- 0048EE: bne     $491c
D0=1B D1=0 D2=108100 D3=0 D4=1040000F D5=80410012 D6=FFFF D7=102500 A0=108584 A1=108930 A2=534F4 A3=10880A A4=102500 A5=108000 A6=10BA1E PC=48F0 -- 0048F0: move.w  ($72,A4), D0
D0=39 D1=0 D2=108100 D3=0 D4=1040000F D5=80410012 D6=FFFF D7=102500 A0=108584 A1=108930 A2=534F4 A3=10880A A4=102500 A5=108000 A6=10BA1E PC=48F4 -- 0048F4: cmp.b   ($79,A4), D0
D0=39 D1=0 D2=108100 D3=0 D4=1040000F D5=80410012 D6=FFFF D7=102500 A0=108584 A1=108930 A2=534F4 A3=10880A A4=102500 A5=108000 A6=10BA1E PC=48F8 -- 0048F8: bne     $493c
D0=39 D1=0 D2=108100 D3=0 D4=1040000F D5=80410012 D6=FFFF D7=102500 A0=108584 A1=108930 A2=534F4 A3=10880A A4=102500 A5=108000 A6=10BA1E PC=48FA -- 0048FA: tst.b   ($77,A4)
D0=39 D1=0 D2=108100 D3=0 D4=1040000F D5=80410012 D6=FFFF D7=102500 A0=108584 A1=108930 A2=534F4 A3=10880A A4=102500 A5=108000 A6=10BA1E PC=48FE -- 0048FE: bne     $495c
D0=39 D1=0 D2=108100 D3=0 D4=1040000F D5=80410012 D6=FFFF D7=102500 A0=108584 A1=108930 A2=534F4 A3=10880A A4=102500 A5=108000 A6=10BA1E PC=4900 -- 004900: tst.b   ($7a,A4)
D0=39 D1=0 D2=108100 D3=0 D4=1040000F D5=80410012 D6=FFFF D7=102500 A0=108584 A1=108930 A2=534F4 A3=10880A A4=102500 A5=108000 A6=10BA1E PC=4904 -- 004904: bmi     $491a
D0=39 D1=0 D2=108100 D3=0 D4=1040000F D5=80410012 D6=FFFF D7=102500 A0=108584 A1=108930 A2=534F4 A3=10880A A4=102500 A5=108000 A6=10BA1E PC=491A -- 00491A: rts
D0=39 D1=0 D2=108100 D3=0 D4=1040000F D5=80410012 D6=FFFF D7=102500 A0=108584 A1=108930 A2=534F4 A3=10880A A4=102500 A5=108000 A6=10BA1E PC=36EB0 -- 036EB0: jmp     $3e2e.w
D0=39 D1=0 D2=108100 D3=0 D4=1040000F D5=80410012 D6=FFFF D7=102500 A0=108584 A1=108930 A2=534F4 A3=10880A A4=102500 A5=108000 A6=10BA1E PC=3E2E -- 003E2E: tst.w   ($74,A4)
D0=39 D1=0 D2=108100 D3=0 D4=1040000F D5=80410012 D6=FFFF D7=102500 A0=108584 A1=108930 A2=534F4 A3=10880A A4=102500 A5=108000 A6=10BA1E PC=3E32 -- 003E32: bmi     $3e80
D0=39 D1=0 D2=108100 D3=0 D4=1040000F D5=80410012 D6=FFFF D7=102500 A0=108584 A1=108930 A2=534F4 A3=10880A A4=102500 A5=108000 A6=10BA1E PC=3E34 -- 003E34: btst    #$6, ($7c,A4)
D0=39 D1=0 D2=108100 D3=0 D4=1040000F D5=80410012 D6=FFFF D7=102500 A0=108584 A1=108930 A2=534F4 A3=10880A A4=102500 A5=108000 A6=10BA1E PC=3E3A -- 003E3A: bne     $3e78
D0=39 D1=0 D2=108100 D3=0 D4=1040000F D5=80410012 D6=FFFF D7=102500 A0=108584 A1=108930 A2=534F4 A3=10880A A4=102500 A5=108000 A6=10BA1E PC=3E3E -- 003E3E: moveq   #$0, D3
D0=39 D1=0 D2=108100 D3=0 D4=1040000F D5=80410012 D6=FFFF D7=102500 A0=108584 A1=108930 A2=534F4 A3=10880A A4=102500 A5=108000 A6=10BA1E PC=3E40 -- 003E40: move.b  ($82,A4), D3
D0=39 D1=0 D2=108100 D3=0 D4=1040000F D5=80410012 D6=FFFF D7=102500 A0=108584 A1=108930 A2=534F4 A3=10880A A4=102500 A5=108000 A6=10BA1E PC=3E44 -- 003E44: add.w   D3, D3
D0=39 D1=0 D2=108100 D3=0 D4=1040000F D5=80410012 D6=FFFF D7=102500 A0=108584 A1=108930 A2=534F4 A3=10880A A4=102500 A5=108000 A6=10BA1E PC=3E46 -- 003E46: add.w   D3, D3
D0=39 D1=0 D2=108100 D3=0 D4=1040000F D5=80410012 D6=FFFF D7=102500 A0=108584 A1=108930 A2=534F4 A3=10880A A4=102500 A5=108000 A6=10BA1E PC=3E48 -- 003E48: move.w  ($18,A4), D0
D0=90 D1=0 D2=108100 D3=0 D4=1040000F D5=80410012 D6=FFFF D7=102500 A0=108584 A1=108930 A2=534F4 A3=10880A A4=102500 A5=108000 A6=10BA1E PC=3E4C -- 003E4C: lea     ($104c,A5), A0
D0=90 D1=0 D2=108100 D3=0 D4=1040000F D5=80410012 D6=FFFF D7=102500 A0=10904C A1=108930 A2=534F4 A3=10880A A4=102500 A5=108000 A6=10BA1E PC=3E50 -- 003E50: sub.w   (A0,D3.w), D0
D0=90 D1=0 D2=108100 D3=0 D4=1040000F D5=80410012 D6=FFFF D7=102500 A0=10904C A1=108930 A2=534F4 A3=10880A A4=102500 A5=108000 A6=10BA1E PC=3E54 -- 003E54: addi.w  #$30, D0
D0=C0 D1=0 D2=108100 D3=0 D4=1040000F D5=80410012 D6=FFFF D7=102500 A0=10904C A1=108930 A2=534F4 A3=10880A A4=102500 A5=108000 A6=10BA1E PC=3E58 -- 003E58: cmpi.w  #$1a0, D0
D0=C0 D1=0 D2=108100 D3=0 D4=1040000F D5=80410012 D6=FFFF D7=102500 A0=10904C A1=108930 A2=534F4 A3=10880A A4=102500 A5=108000 A6=10BA1E PC=3E5C -- 003E5C: bls     $3e60
D0=C0 D1=0 D2=108100 D3=0 D4=1040000F D5=80410012 D6=FFFF D7=102500 A0=10904C A1=108930 A2=534F4 A3=10880A A4=102500 A5=108000 A6=10BA1E PC=3E60 -- 003E60: move.w  ($1c,A4), D0
D0=C8 D1=0 D2=108100 D3=0 D4=1040000F D5=80410012 D6=FFFF D7=102500 A0=10904C A1=108930 A2=534F4 A3=10880A A4=102500 A5=108000 A6=10BA1E PC=3E64 -- 003E64: sub.w   ($20,A4), D0
D0=C8 D1=0 D2=108100 D3=0 D4=1040000F D5=80410012 D6=FFFF D7=102500 A0=10904C A1=108930 A2=534F4 A3=10880A A4=102500 A5=108000 A6=10BA1E PC=3E68 -- 003E68: lea     ($1058,A5), A0
D0=C8 D1=0 D2=108100 D3=0 D4=1040000F D5=80410012 D6=FFFF D7=102500 A0=109058 A1=108930 A2=534F4 A3=10880A A4=102500 A5=108000 A6=10BA1E PC=3E6C -- 003E6C: sub.w   (A0,D3.w), D0
D0=C8 D1=0 D2=108100 D3=0 D4=1040000F D5=80410012 D6=FFFF D7=102500 A0=109058 A1=108930 A2=534F4 A3=10880A A4=102500 A5=108000 A6=10BA1E PC=3E70 -- 003E70: cmpi.w  #$1c0, D0
D0=C8 D1=0 D2=108100 D3=0 D4=1040000F D5=80410012 D6=FFFF D7=102500 A0=109058 A1=108930 A2=534F4 A3=10880A A4=102500 A5=108000 A6=10BA1E PC=3E74 -- 003E74: bls     $3e78
D0=C8 D1=0 D2=108100 D3=0 D4=1040000F D5=80410012 D6=FFFF D7=102500 A0=109058 A1=108930 A2=534F4 A3=10880A A4=102500 A5=108000 A6=10BA1E PC=3E78 -- 003E78: bsr     $4860
D0=C8 D1=0 D2=108100 D3=0 D4=1040000F D5=80410012 D6=FFFF D7=102500 A0=109058 A1=108930 A2=534F4 A3=10880A A4=102500 A5=108000 A6=10BA1E PC=4860 -- 004860: lea     $7bf48.l, A0
D0=C8 D1=0 D2=108100 D3=0 D4=1040000F D5=80410012 D6=FFFF D7=102500 A0=7BF48 A1=108930 A2=534F4 A3=10880A A4=102500 A5=108000 A6=10BA1E PC=4866 -- 004866: move.w  ($70,A4), D0
D0=1B D1=0 D2=108100 D3=0 D4=1040000F D5=80410012 D6=FFFF D7=102500 A0=7BF48 A1=108930 A2=534F4 A3=10880A A4=102500 A5=108000 A6=10BA1E PC=486A -- 00486A: add.w   D0, D0
D0=36 D1=0 D2=108100 D3=0 D4=1040000F D5=80410012 D6=FFFF D7=102500 A0=7BF48 A1=108930 A2=534F4 A3=10880A A4=102500 A5=108000 A6=10BA1E PC=486C -- 00486C: add.w   D0, D0
D0=6C D1=0 D2=108100 D3=0 D4=1040000F D5=80410012 D6=FFFF D7=102500 A0=7BF48 A1=108930 A2=534F4 A3=10880A A4=102500 A5=108000 A6=10BA1E PC=486E -- 00486E: movea.l (A0,D0.w), A0
D0=6C D1=0 D2=108100 D3=0 D4=1040000F D5=80410012 D6=FFFF D7=102500 A0=7F5E0 A1=108930 A2=534F4 A3=10880A A4=102500 A5=108000 A6=10BA1E PC=4872 -- 004872: move.w  ($72,A4), D0
D0=39 D1=0 D2=108100 D3=0 D4=1040000F D5=80410012 D6=FFFF D7=102500 A0=7F5E0 A1=108930 A2=534F4 A3=10880A A4=102500 A5=108000 A6=10BA1E PC=4876 -- 004876: add.w   D0, D0
D0=72 D1=0 D2=108100 D3=0 D4=1040000F D5=80410012 D6=FFFF D7=102500 A0=7F5E0 A1=108930 A2=534F4 A3=10880A A4=102500 A5=108000 A6=10BA1E PC=4878 -- 004878: move.w  (A0,D0.w), D1
D0=72 D1=3939 D2=108100 D3=0 D4=1040000F D5=80410012 D6=FFFF D7=102500 A0=7F5E0 A1=108930 A2=534F4 A3=10880A A4=102500 A5=108000 A6=10BA1E PC=487C -- 00487C: move.w  D1, ($46de,A5)
D0=72 D1=3939 D2=108100 D3=0 D4=1040000F D5=80410012 D6=FFFF D7=102500 A0=7F5E0 A1=108930 A2=534F4 A3=10880A A4=102500 A5=108000 A6=10BA1E PC=4880 -- 004880: lea     $80000.l, A0
D0=72 D1=3939 D2=108100 D3=0 D4=1040000F D5=80410012 D6=FFFF D7=102500 A0=80000 A1=108930 A2=534F4 A3=10880A A4=102500 A5=108000 A6=10BA1E PC=4886 -- 004886: move.w  ($70,A4), D0
D0=1B D1=3939 D2=108100 D3=0 D4=1040000F D5=80410012 D6=FFFF D7=102500 A0=80000 A1=108930 A2=534F4 A3=10880A A4=102500 A5=108000 A6=10BA1E PC=488A -- 00488A: add.w   D0, D0
D0=36 D1=3939 D2=108100 D3=0 D4=1040000F D5=80410012 D6=FFFF D7=102500 A0=80000 A1=108930 A2=534F4 A3=10880A A4=102500 A5=108000 A6=10BA1E PC=488C -- 00488C: add.w   D0, D0
D0=6C D1=3939 D2=108100 D3=0 D4=1040000F D5=80410012 D6=FFFF D7=102500 A0=80000 A1=108930 A2=534F4 A3=10880A A4=102500 A5=108000 A6=10BA1E PC=488E -- 00488E: movea.l (A0,D0.w), A0
D0=6C D1=3939 D2=108100 D3=0 D4=1040000F D5=80410012 D6=FFFF D7=102500 A0=86E00 A1=108930 A2=534F4 A3=10880A A4=102500 A5=108000 A6=10BA1E PC=4892 -- 004892: move.w  ($46de,A5), D0
D0=3939 D1=3939 D2=108100 D3=0 D4=1040000F D5=80410012 D6=FFFF D7=102500 A0=86E00 A1=108930 A2=534F4 A3=10880A A4=102500 A5=108000 A6=10BA1E PC=4896 -- 004896: tst.b   ($46e2,A5)
D0=3939 D1=3939 D2=108100 D3=0 D4=1040000F D5=80410012 D6=FFFF D7=102500 A0=86E00 A1=108930 A2=534F4 A3=10880A A4=102500 A5=108000 A6=10BA1E PC=489A -- 00489A: beq     $48a0
D0=3939 D1=3939 D2=108100 D3=0 D4=1040000F D5=80410012 D6=FFFF D7=102500 A0=86E00 A1=108930 A2=534F4 A3=10880A A4=102500 A5=108000 A6=10BA1E PC=48A0 -- 0048A0: andi.w  #$ff, D0
D0=39 D1=3939 D2=108100 D3=0 D4=1040000F D5=80410012 D6=FFFF D7=102500 A0=86E00 A1=108930 A2=534F4 A3=10880A A4=102500 A5=108000 A6=10BA1E PC=48A4 -- 0048A4: add.w   D0, D0
D0=72 D1=3939 D2=108100 D3=0 D4=1040000F D5=80410012 D6=FFFF D7=102500 A0=86E00 A1=108930 A2=534F4 A3=10880A A4=102500 A5=108000 A6=10BA1E PC=48A6 -- 0048A6: add.w   D0, D0
D0=E4 D1=3939 D2=108100 D3=0 D4=1040000F D5=80410012 D6=FFFF D7=102500 A0=86E00 A1=108930 A2=534F4 A3=10880A A4=102500 A5=108000 A6=10BA1E PC=48A8 -- 0048A8: movea.l (A0,D0.w), A0
D0=E4 D1=3939 D2=108100 D3=0 D4=1040000F D5=80410012 D6=FFFF D7=102500 A0=F311A A1=108930 A2=534F4 A3=10880A A4=102500 A5=108000 A6=10BA1E PC=48AC -- 0048AC: move.w  ($74,A4), D0
D0=0 D1=3939 D2=108100 D3=0 D4=1040000F D5=80410012 D6=FFFF D7=102500 A0=F311A A1=108930 A2=534F4 A3=10880A A4=102500 A5=108000 A6=10BA1E PC=48B0 -- 0048B0: adda.w  D0, A0
D0=0 D1=3939 D2=108100 D3=0 D4=1040000F D5=80410012 D6=FFFF D7=102500 A0=F311A A1=108930 A2=534F4 A3=10880A A4=102500 A5=108000 A6=10BA1E PC=48B2 -- 0048B2: move.l  (A0), D0
D0=10F1116 D1=3939 D2=108100 D3=0 D4=1040000F D5=80410012 D6=FFFF D7=102500 A0=F311A A1=108930 A2=534F4 A3=10880A A4=102500 A5=108000 A6=10BA1E PC=48B4 -- 0048B4: andi.l  #$ffffff, D0
D0=F1116 D1=3939 D2=108100 D3=0 D4=1040000F D5=80410012 D6=FFFF D7=102500 A0=F311A A1=108930 A2=534F4 A3=10880A A4=102500 A5=108000 A6=10BA1E PC=48BA -- 0048BA: movea.l D0, A0
D0=F1116 D1=3939 D2=108100 D3=0 D4=1040000F D5=80410012 D6=FFFF D7=102500 A0=F1116 A1=108930 A2=534F4 A3=10880A A4=102500 A5=108000 A6=10BA1E PC=48BC -- 0048BC: move.w  ($4,A0), D0
D0=F0074 D1=3939 D2=108100 D3=0 D4=1040000F D5=80410012 D6=FFFF D7=102500 A0=F1116 A1=108930 A2=534F4 A3=10880A A4=102500 A5=108000 A6=10BA1E PC=48C0 -- 0048C0: andi.w  #$1fff, D0
D0=F0074 D1=3939 D2=108100 D3=0 D4=1040000F D5=80410012 D6=FFFF D7=102500 A0=F1116 A1=108930 A2=534F4 A3=10880A A4=102500 A5=108000 A6=10BA1E PC=48C4 -- 0048C4: move.w  D0, ($46e0,A5)
D0=F0074 D1=3939 D2=108100 D3=0 D4=1040000F D5=80410012 D6=FFFF D7=102500 A0=F1116 A1=108930 A2=534F4 A3=10880A A4=102500 A5=108000 A6=10BA1E PC=48C8 -- 0048C8: lea     $80080.l, A0
D0=F0074 D1=3939 D2=108100 D3=0 D4=1040000F D5=80410012 D6=FFFF D7=102500 A0=80080 A1=108930 A2=534F4 A3=10880A A4=102500 A5=108000 A6=10BA1E PC=48CE -- 0048CE: move.w  ($70,A4), D1
D0=F0074 D1=1B D2=108100 D3=0 D4=1040000F D5=80410012 D6=FFFF D7=102500 A0=80080 A1=108930 A2=534F4 A3=10880A A4=102500 A5=108000 A6=10BA1E PC=48D2 -- 0048D2: add.w   D1, D1
D0=F0074 D1=36 D2=108100 D3=0 D4=1040000F D5=80410012 D6=FFFF D7=102500 A0=80080 A1=108930 A2=534F4 A3=10880A A4=102500 A5=108000 A6=10BA1E PC=48D4 -- 0048D4: add.w   D1, D1
D0=F0074 D1=6C D2=108100 D3=0 D4=1040000F D5=80410012 D6=FFFF D7=102500 A0=80080 A1=108930 A2=534F4 A3=10880A A4=102500 A5=108000 A6=10BA1E PC=48D6 -- 0048D6: movea.l (A0,D1.w), A0
D0=F0074 D1=6C D2=108100 D3=0 D4=1040000F D5=80410012 D6=FFFF D7=102500 A0=95200 A1=108930 A2=534F4 A3=10880A A4=102500 A5=108000 A6=10BA1E PC=48DA -- 0048DA: add.w   D0, D0
D0=F00E8 D1=6C D2=108100 D3=0 D4=1040000F D5=80410012 D6=FFFF D7=102500 A0=95200 A1=108930 A2=534F4 A3=10880A A4=102500 A5=108000 A6=10BA1E PC=48DC -- 0048DC: add.w   D0, D0
D0=F01D0 D1=6C D2=108100 D3=0 D4=1040000F D5=80410012 D6=FFFF D7=102500 A0=95200 A1=108930 A2=534F4 A3=10880A A4=102500 A5=108000 A6=10BA1E PC=48DE -- 0048DE: move.l  (A0,D0.w), ($28,A4)
D0=F01D0 D1=6C D2=108100 D3=0 D4=1040000F D5=80410012 D6=FFFF D7=102500 A0=95200 A1=108930 A2=534F4 A3=10880A A4=102500 A5=108000 A6=10BA1E PC=48E4 -- 0048E4: rts
D0=F01D0 D1=6C D2=108100 D3=0 D4=1040000F D5=80410012 D6=FFFF D7=102500 A0=95200 A1=108930 A2=534F4 A3=10880A A4=102500 A5=108000 A6=10BA1E PC=3E7C -- 003E7C: bra     $481a
D0=F01D0 D1=6C D2=108100 D3=0 D4=1040000F D5=80410012 D6=FFFF D7=102500 A0=95200 A1=108930 A2=534F4 A3=10880A A4=102500 A5=108000 A6=10BA1E PC=481A -- 00481A: addq.w  #1, ($e3a,A5)
D0=F01D0 D1=6C D2=108100 D3=0 D4=1040000F D5=80410012 D6=FFFF D7=102500 A0=95200 A1=108930 A2=534F4 A3=10880A A4=102500 A5=108000 A6=10BA1E PC=481E -- 00481E: lea     ($838,A5), A1
D0=F01D0 D1=6C D2=108100 D3=0 D4=1040000F D5=80410012 D6=FFFF D7=102500 A0=95200 A1=108838 A2=534F4 A3=10880A A4=102500 A5=108000 A6=10BA1E PC=4822 -- 004822: move.w  ($2c,A4), D0
D0=F0073 D1=6C D2=108100 D3=0 D4=1040000F D5=80410012 D6=FFFF D7=102500 A0=95200 A1=108838 A2=534F4 A3=10880A A4=102500 A5=108000 A6=10BA1E PC=4826 -- 004826: move.w  D0, D1
D0=F0073 D1=73 D2=108100 D3=0 D4=1040000F D5=80410012 D6=FFFF D7=102500 A0=95200 A1=108838 A2=534F4 A3=10880A A4=102500 A5=108000 A6=10BA1E PC=4828 -- 004828: add.w   D1, D1
D0=F0073 D1=E6 D2=108100 D3=0 D4=1040000F D5=80410012 D6=FFFF D7=102500 A0=95200 A1=108838 A2=534F4 A3=10880A A4=102500 A5=108000 A6=10BA1E PC=482A -- 00482A: adda.w  D1, A1
D0=F0073 D1=E6 D2=108100 D3=0 D4=1040000F D5=80410012 D6=FFFF D7=102500 A0=95200 A1=10891E A2=534F4 A3=10880A A4=102500 A5=108000 A6=10BA1E PC=482C -- 00482C: cmp.w   ($e38,A5), D1
D0=F0073 D1=E6 D2=108100 D3=0 D4=1040000F D5=80410012 D6=FFFF D7=102500 A0=95200 A1=10891E A2=534F4 A3=10880A A4=102500 A5=108000 A6=10BA1E PC=4830 -- 004830: bhi     $4836
D0=F0073 D1=E6 D2=108100 D3=0 D4=1040000F D5=80410012 D6=FFFF D7=102500 A0=95200 A1=10891E A2=534F4 A3=10880A A4=102500 A5=108000 A6=10BA1E PC=4836 -- 004836: move.w  (A1)+, D1
D0=F0073 D1=1700 D2=108100 D3=0 D4=1040000F D5=80410012 D6=FFFF D7=102500 A0=95200 A1=108920 A2=534F4 A3=10880A A4=102500 A5=108000 A6=10BA1E PC=4838 -- 004838: beq     $485a
D0=F0073 D1=1700 D2=108100 D3=0 D4=1040000F D5=80410012 D6=FFFF D7=102500 A0=95200 A1=108920 A2=534F4 A3=10880A A4=102500 A5=108000 A6=10BA1E PC=483A -- 00483A: move.l  #$100000, D2
D0=F0073 D1=1700 D2=100000 D3=0 D4=1040000F D5=80410012 D6=FFFF D7=102500 A0=95200 A1=108920 A2=534F4 A3=10880A A4=102500 A5=108000 A6=10BA1E PC=4840 -- 004840: move.w  D1, D2
D0=F0073 D1=1700 D2=101700 D3=0 D4=1040000F D5=80410012 D6=FFFF D7=102500 A0=95200 A1=108920 A2=534F4 A3=10880A A4=102500 A5=108000 A6=10BA1E PC=4842 -- 004842: movea.l D2, A0
D0=F0073 D1=1700 D2=101700 D3=0 D4=1040000F D5=80410012 D6=FFFF D7=102500 A0=101700 A1=108920 A2=534F4 A3=10880A A4=102500 A5=108000 A6=10BA1E PC=4844 -- 004844: cmp.w   ($2c,A0), D0
D0=F0073 D1=1700 D2=101700 D3=0 D4=1040000F D5=80410012 D6=FFFF D7=102500 A0=101700 A1=108920 A2=534F4 A3=10880A A4=102500 A5=108000 A6=10BA1E PC=4848 -- 004848: bcc     $4836
D0=F0073 D1=1700 D2=101700 D3=0 D4=1040000F D5=80410012 D6=FFFF D7=102500 A0=101700 A1=108920 A2=534F4 A3=10880A A4=102500 A5=108000 A6=10BA1E PC=4836 -- 004836: move.w  (A1)+, D1
D0=F0073 D1=1900 D2=101700 D3=0 D4=1040000F D5=80410012 D6=FFFF D7=102500 A0=101700 A1=108922 A2=534F4 A3=10880A A4=102500 A5=108000 A6=10BA1E PC=4838 -- 004838: beq     $485a
D0=F0073 D1=1900 D2=101700 D3=0 D4=1040000F D5=80410012 D6=FFFF D7=102500 A0=101700 A1=108922 A2=534F4 A3=10880A A4=102500 A5=108000 A6=10BA1E PC=483A -- 00483A: move.l  #$100000, D2
D0=F0073 D1=1900 D2=100000 D3=0 D4=1040000F D5=80410012 D6=FFFF D7=102500 A0=101700 A1=108922 A2=534F4 A3=10880A A4=102500 A5=108000 A6=10BA1E PC=4840 -- 004840: move.w  D1, D2
D0=F0073 D1=1900 D2=101900 D3=0 D4=1040000F D5=80410012 D6=FFFF D7=102500 A0=101700 A1=108922 A2=534F4 A3=10880A A4=102500 A5=108000 A6=10BA1E PC=4842 -- 004842: movea.l D2, A0
D0=F0073 D1=1900 D2=101900 D3=0 D4=1040000F D5=80410012 D6=FFFF D7=102500 A0=101900 A1=108922 A2=534F4 A3=10880A A4=102500 A5=108000 A6=10BA1E PC=4844 -- 004844: cmp.w   ($2c,A0), D0
D0=F0073 D1=1900 D2=101900 D3=0 D4=1040000F D5=80410012 D6=FFFF D7=102500 A0=101900 A1=108922 A2=534F4 A3=10880A A4=102500 A5=108000 A6=10BA1E PC=4848 -- 004848: bcc     $4836

   (loops for 42 instructions)

D0=F0073 D1=8100 D2=108100 D3=0 D4=1040000F D5=80410012 D6=FFFF D7=102500 A0=108100 A1=10892E A2=534F4 A3=10880A A4=102500 A5=108000 A6=10BA1E PC=484A -- 00484A: move.w  A4, (-$2,A1)
D0=F0073 D1=8100 D2=108100 D3=0 D4=1040000F D5=80410012 D6=FFFF D7=102500 A0=108100 A1=10892E A2=534F4 A3=10880A A4=102500 A5=108000 A6=10BA1E PC=484E -- 00484E: move.w  (A1)+, D0
D0=F8300 D1=8100 D2=108100 D3=0 D4=1040000F D5=80410012 D6=FFFF D7=102500 A0=108100 A1=108930 A2=534F4 A3=10880A A4=102500 A5=108000 A6=10BA1E PC=4850 -- 004850: move.w  D1, (-$2,A1)
D0=F8300 D1=8100 D2=108100 D3=0 D4=1040000F D5=80410012 D6=FFFF D7=102500 A0=108100 A1=108930 A2=534F4 A3=10880A A4=102500 A5=108000 A6=10BA1E PC=4854 -- 004854: move.w  D0, D1
D0=F8300 D1=8300 D2=108100 D3=0 D4=1040000F D5=80410012 D6=FFFF D7=102500 A0=108100 A1=108930 A2=534F4 A3=10880A A4=102500 A5=108000 A6=10BA1E PC=4856 -- 004856: bne     $484e
D0=F8300 D1=8300 D2=108100 D3=0 D4=1040000F D5=80410012 D6=FFFF D7=102500 A0=108100 A1=108930 A2=534F4 A3=10880A A4=102500 A5=108000 A6=10BA1E PC=484E -- 00484E: move.w  (A1)+, D0
D0=F0000 D1=8300 D2=108100 D3=0 D4=1040000F D5=80410012 D6=FFFF D7=102500 A0=108100 A1=108932 A2=534F4 A3=10880A A4=102500 A5=108000 A6=10BA1E PC=4850 -- 004850: move.w  D1, (-$2,A1)
D0=F0000 D1=8300 D2=108100 D3=0 D4=1040000F D5=80410012 D6=FFFF D7=102500 A0=108100 A1=108932 A2=534F4 A3=10880A A4=102500 A5=108000 A6=10BA1E PC=4854 -- 004854: move.w  D0, D1
D0=F0000 D1=0 D2=108100 D3=0 D4=1040000F D5=80410012 D6=FFFF D7=102500 A0=108100 A1=108932 A2=534F4 A3=10880A A4=102500 A5=108000 A6=10BA1E PC=4856 -- 004856: bne     $484e
D0=F0000 D1=0 D2=108100 D3=0 D4=1040000F D5=80410012 D6=FFFF D7=102500 A0=108100 A1=108932 A2=534F4 A3=10880A A4=102500 A5=108000 A6=10BA1E PC=4858 -- 004858: rts
D0=F0000 D1=0 D2=108100 D3=0 D4=1040000F D5=80410012 D6=FFFF D7=102500 A0=108100 A1=108932 A2=534F4 A3=10880A A4=102500 A5=108000 A6=10BA1E PC=32B3C -- 032B3C: move.l  A4, D7
D0=F0000 D1=0 D2=108100 D3=0 D4=1040000F D5=80410012 D6=FFFF D7=102500 A0=108100 A1=108932 A2=534F4 A3=10880A A4=102500 A5=108000 A6=10BA1E PC=32B3E -- 032B3E: move.w  ($4,A4), D7
D0=F0000 D1=0 D2=108100 D3=0 D4=1040000F D5=80410012 D6=FFFF D7=102700 A0=108100 A1=108932 A2=534F4 A3=10880A A4=102500 A5=108000 A6=10BA1E PC=32B42 -- 032B42: bpl     $32b36
D0=F0000 D1=0 D2=108100 D3=0 D4=1040000F D5=80410012 D6=FFFF D7=102700 A0=108100 A1=108932 A2=534F4 A3=10880A A4=102500 A5=108000 A6=10BA1E PC=32B36 -- 032B36: movea.l D7, A4
D0=F0000 D1=0 D2=108100 D3=0 D4=1040000F D5=80410012 D6=FFFF D7=102700 A0=108100 A1=108932 A2=534F4 A3=10880A A4=102700 A5=108000 A6=10BA1E PC=32B38 -- 032B38: movea.l (A4), A0
D0=F0000 D1=0 D2=108100 D3=0 D4=1040000F D5=80410012 D6=FFFF D7=102700 A0=37E3E A1=108932 A2=534F4 A3=10880A A4=102700 A5=108000 A6=10BA1E PC=32B3A -- 032B3A: jsr     (A0)
D0=F0000 D1=0 D2=108100 D3=0 D4=1040000F D5=80410012 D6=FFFF D7=102700 A0=37E3E A1=108932 A2=534F4 A3=10880A A4=102700 A5=108000 A6=10BA1E PC=37E3E -- 037E3E: move.w  ($d0,A4), D0
D0=F0006 D1=0 D2=108100 D3=0 D4=1040000F D5=80410012 D6=FFFF D7=102700 A0=37E3E A1=108932 A2=534F4 A3=10880A A4=102700 A5=108000 A6=10BA1E PC=37E42 -- 037E42: movea.l ($84,A4), A0
D0=F0006 D1=0 D2=108100 D3=0 D4=1040000F D5=80410012 D6=FFFF D7=102700 A0=108584 A1=108932 A2=534F4 A3=10880A A4=102700 A5=108000 A6=10BA1E PC=37E46 -- 037E46: btst    D0, ($cf,A0)
D0=F0006 D1=0 D2=108100 D3=0 D4=1040000F D5=80410012 D6=FFFF D7=102700 A0=108584 A1=108932 A2=534F4 A3=10880A A4=102700 A5=108000 A6=10BA1E PC=37E4A -- 037E4A: beq     $36eaa
D0=F0006 D1=0 D2=108100 D3=0 D4=1040000F D5=80410012 D6=FFFF D7=102700 A0=108584 A1=108932 A2=534F4 A3=10880A A4=102700 A5=108000 A6=10BA1E PC=36EAA -- 036EAA: rts
D0=F0006 D1=0 D2=108100 D3=0 D4=1040000F D5=80410012 D6=FFFF D7=102700 A0=108584 A1=108932 A2=534F4 A3=10880A A4=102700 A5=108000 A6=10BA1E PC=32B3C -- 032B3C: move.l  A4, D7
D0=F0006 D1=0 D2=108100 D3=0 D4=1040000F D5=80410012 D6=FFFF D7=102700 A0=108584 A1=108932 A2=534F4 A3=10880A A4=102700 A5=108000 A6=10BA1E PC=32B3E -- 032B3E: move.w  ($4,A4), D7
D0=F0006 D1=0 D2=108100 D3=0 D4=1040000F D5=80410012 D6=FFFF D7=102900 A0=108584 A1=108932 A2=534F4 A3=10880A A4=102700 A5=108000 A6=10BA1E PC=32B42 -- 032B42: bpl     $32b36
D0=F0006 D1=0 D2=108100 D3=0 D4=1040000F D5=80410012 D6=FFFF D7=102900 A0=108584 A1=108932 A2=534F4 A3=10880A A4=102700 A5=108000 A6=10BA1E PC=32B36 -- 032B36: movea.l D7, A4
D0=F0006 D1=0 D2=108100 D3=0 D4=1040000F D5=80410012 D6=FFFF D7=102900 A0=108584 A1=108932 A2=534F4 A3=10880A A4=102900 A5=108000 A6=10BA1E PC=32B38 -- 032B38: movea.l (A4), A0
D0=F0006 D1=0 D2=108100 D3=0 D4=1040000F D5=80410012 D6=FFFF D7=102900 A0=37962 A1=108932 A2=534F4 A3=10880A A4=102900 A5=108000 A6=10BA1E PC=32B3A -- 032B3A: jsr     (A0)
D0=F0006 D1=0 D2=108100 D3=0 D4=1040000F D5=80410012 D6=FFFF D7=102900 A0=37962 A1=108932 A2=534F4 A3=10880A A4=102900 A5=108000 A6=10BA1E PC=37962 -- 037962: move.w  #$0, ($72,A4)
D0=F0006 D1=0 D2=108100 D3=0 D4=1040000F D5=80410012 D6=FFFF D7=102900 A0=37962 A1=108932 A2=534F4 A3=10880A A4=102900 A5=108000 A6=10BA1E PC=37968 -- 037968: ori.b   #$1, ($31,A4)
D0=F0006 D1=0 D2=108100 D3=0 D4=1040000F D5=80410012 D6=FFFF D7=102900 A0=37962 A1=108932 A2=534F4 A3=10880A A4=102900 A5=108000 A6=10BA1E PC=3796E -- 03796E: cmpi.l  #$108100, ($84,A4)
D0=F0006 D1=0 D2=108100 D3=0 D4=1040000F D5=80410012 D6=FFFF D7=102900 A0=37962 A1=108932 A2=534F4 A3=10880A A4=102900 A5=108000 A6=10BA1E PC=37976 -- 037976: beq     $3797e
D0=F0006 D1=0 D2=108100 D3=0 D4=1040000F D5=80410012 D6=FFFF D7=102900 A0=37962 A1=108932 A2=534F4 A3=10880A A4=102900 A5=108000 A6=10BA1E PC=3797E -- 03797E: move.l  ($104c,A5), ($18,A4)
D0=F0006 D1=0 D2=108100 D3=0 D4=1040000F D5=80410012 D6=FFFF D7=102900 A0=37962 A1=108932 A2=534F4 A3=10880A A4=102900 A5=108000 A6=10BA1E PC=37984 -- 037984: move.l  ($1058,A5), ($1c,A4)
D0=F0006 D1=0 D2=108100 D3=0 D4=1040000F D5=80410012 D6=FFFF D7=102900 A0=37962 A1=108932 A2=534F4 A3=10880A A4=102900 A5=108000 A6=10BA1E PC=3798A -- 03798A: move.w  ($24,A4), D0
D0=F0028 D1=0 D2=108100 D3=0 D4=1040000F D5=80410012 D6=FFFF D7=102900 A0=37962 A1=108932 A2=534F4 A3=10880A A4=102900 A5=108000 A6=10BA1E PC=3798E -- 03798E: add.w   D0, ($18,A4)
D0=F0028 D1=0 D2=108100 D3=0 D4=1040000F D5=80410012 D6=FFFF D7=102900 A0=37962 A1=108932 A2=534F4 A3=10880A A4=102900 A5=108000 A6=10BA1E PC=37992 -- 037992: move.w  ($26,A4), D0
D0=F00B8 D1=0 D2=108100 D3=0 D4=1040000F D5=80410012 D6=FFFF D7=102900 A0=37962 A1=108932 A2=534F4 A3=10880A A4=102900 A5=108000 A6=10BA1E PC=37996 -- 037996: add.w   D0, ($1c,A4)
D0=F00B8 D1=0 D2=108100 D3=0 D4=1040000F D5=80410012 D6=FFFF D7=102900 A0=37962 A1=108932 A2=534F4 A3=10880A A4=102900 A5=108000 A6=10BA1E PC=3799A -- 03799A: move.l  #$379a2, (A4)
D0=F00B8 D1=0 D2=108100 D3=0 D4=1040000F D5=80410012 D6=FFFF D7=102900 A0=37962 A1=108932 A2=534F4 A3=10880A A4=102900 A5=108000 A6=10BA1E PC=379A0 -- 0379A0: rts

   (loops for 6 instructions)

D0=F00B8 D1=0 D2=108100 D3=0 D4=1040000F D5=80410012 D6=FFFF D7=102B00 A0=37962 A1=108932 A2=534F4 A3=10880A A4=102B00 A5=108000 A6=10BA1E PC=37962 -- 037962: move.w  #$0, ($72,A4)
D0=F00B8 D1=0 D2=108100 D3=0 D4=1040000F D5=80410012 D6=FFFF D7=102B00 A0=37962 A1=108932 A2=534F4 A3=10880A A4=102B00 A5=108000 A6=10BA1E PC=37968 -- 037968: ori.b   #$1, ($31,A4)
D0=F00B8 D1=0 D2=108100 D3=0 D4=1040000F D5=80410012 D6=FFFF D7=102B00 A0=37962 A1=108932 A2=534F4 A3=10880A A4=102B00 A5=108000 A6=10BA1E PC=3796E -- 03796E: cmpi.l  #$108100, ($84,A4)
D0=F00B8 D1=0 D2=108100 D3=0 D4=1040000F D5=80410012 D6=FFFF D7=102B00 A0=37962 A1=108932 A2=534F4 A3=10880A A4=102B00 A5=108000 A6=10BA1E PC=37976 -- 037976: beq     $3797e
D0=F00B8 D1=0 D2=108100 D3=0 D4=1040000F D5=80410012 D6=FFFF D7=102B00 A0=37962 A1=108932 A2=534F4 A3=10880A A4=102B00 A5=108000 A6=10BA1E PC=3797E -- 03797E: move.l  ($104c,A5), ($18,A4)
D0=F00B8 D1=0 D2=108100 D3=0 D4=1040000F D5=80410012 D6=FFFF D7=102B00 A0=37962 A1=108932 A2=534F4 A3=10880A A4=102B00 A5=108000 A6=10BA1E PC=37984 -- 037984: move.l  ($1058,A5), ($1c,A4)
D0=F00B8 D1=0 D2=108100 D3=0 D4=1040000F D5=80410012 D6=FFFF D7=102B00 A0=37962 A1=108932 A2=534F4 A3=10880A A4=102B00 A5=108000 A6=10BA1E PC=3798A -- 03798A: move.w  ($24,A4), D0
D0=F0048 D1=0 D2=108100 D3=0 D4=1040000F D5=80410012 D6=FFFF D7=102B00 A0=37962 A1=108932 A2=534F4 A3=10880A A4=102B00 A5=108000 A6=10BA1E PC=3798E -- 03798E: add.w   D0, ($18,A4)
D0=F0048 D1=0 D2=108100 D3=0 D4=1040000F D5=80410012 D6=FFFF D7=102B00 A0=37962 A1=108932 A2=534F4 A3=10880A A4=102B00 A5=108000 A6=10BA1E PC=37992 -- 037992: move.w  ($26,A4), D0
D0=F00B8 D1=0 D2=108100 D3=0 D4=1040000F D5=80410012 D6=FFFF D7=102B00 A0=37962 A1=108932 A2=534F4 A3=10880A A4=102B00 A5=108000 A6=10BA1E PC=37996 -- 037996: add.w   D0, ($1c,A4)
D0=F00B8 D1=0 D2=108100 D3=0 D4=1040000F D5=80410012 D6=FFFF D7=102B00 A0=37962 A1=108932 A2=534F4 A3=10880A A4=102B00 A5=108000 A6=10BA1E PC=3799A -- 03799A: move.l  #$379a2, (A4)
D0=F00B8 D1=0 D2=108100 D3=0 D4=1040000F D5=80410012 D6=FFFF D7=102B00 A0=37962 A1=108932 A2=534F4 A3=10880A A4=102B00 A5=108000 A6=10BA1E PC=379A0 -- 0379A0: rts

   (loops for 28 instructions)

D0=F00B8 D1=0 D2=108100 D3=0 D4=1040000F D5=80410012 D6=FFFF D7=102F00 A0=37962 A1=108932 A2=534F4 A3=10880A A4=102F00 A5=108000 A6=10BA1E PC=37978 -- 037978: andi.b  #$fe, ($31,A4)

   (loops for 18 instructions)

D0=F00B8 D1=0 D2=108100 D3=0 D4=1040000F D5=80410012 D6=FFFF D7=103100 A0=37962 A1=108932 A2=534F4 A3=10880A A4=103100 A5=108000 A6=10BA1E PC=37978 -- 037978: andi.b  #$fe, ($31,A4)

   (loops for 33 instructions)

D0=F00B8 D1=0 D2=108100 D3=0 D4=1040000F D5=80410012 D6=FFFF D7=100300 A0=25A8 A1=108932 A2=534F4 A3=10880A A4=100300 A5=108000 A6=10BA1E PC=25A8 -- 0025A8: rts

   (loops for 3 instructions)

D0=F00B8 D1=0 D2=108100 D3=0 D4=1040000F D5=80410012 D6=FFFF D7=10FFFF A0=25A8 A1=108932 A2=534F4 A3=10880A A4=100300 A5=108000 A6=10BA1E PC=32B44 -- 032B44: jsr     $29d6.l
D0=F00B8 D1=0 D2=108100 D3=0 D4=1040000F D5=80410012 D6=FFFF D7=10FFFF A0=25A8 A1=108932 A2=534F4 A3=10880A A4=100300 A5=108000 A6=10BA1E PC=29D6 -- 0029D6: tst.w   ($18a2,A5)
D0=F00B8 D1=0 D2=108100 D3=0 D4=1040000F D5=80410012 D6=FFFF D7=10FFFF A0=25A8 A1=108932 A2=534F4 A3=10880A A4=100300 A5=108000 A6=10BA1E PC=29DA -- 0029DA: bne     $29de
D0=F00B8 D1=0 D2=108100 D3=0 D4=1040000F D5=80410012 D6=FFFF D7=10FFFF A0=25A8 A1=108932 A2=534F4 A3=10880A A4=100300 A5=108000 A6=10BA1E PC=29DC -- 0029DC: rts
D0=F00B8 D1=0 D2=108100 D3=0 D4=1040000F D5=80410012 D6=FFFF D7=10FFFF A0=25A8 A1=108932 A2=534F4 A3=10880A A4=100300 A5=108000 A6=10BA1E PC=32B4A -- 032B4A: jsr     $2c5c.l
D0=F00B8 D1=0 D2=108100 D3=0 D4=1040000F D5=80410012 D6=FFFF D7=10FFFF A0=25A8 A1=108932 A2=534F4 A3=10880A A4=100300 A5=108000 A6=10BA1E PC=2C5C -- 002C5C: tst.w   ($18a2,A5)
D0=F00B8 D1=0 D2=108100 D3=0 D4=1040000F D5=80410012 D6=FFFF D7=10FFFF A0=25A8 A1=108932 A2=534F4 A3=10880A A4=100300 A5=108000 A6=10BA1E PC=2C60 -- 002C60: beq     $2cd2
D0=F00B8 D1=0 D2=108100 D3=0 D4=1040000F D5=80410012 D6=FFFF D7=10FFFF A0=25A8 A1=108932 A2=534F4 A3=10880A A4=100300 A5=108000 A6=10BA1E PC=2CD2 -- 002CD2: clr.w   ($18a2,A5)
D0=F00B8 D1=0 D2=108100 D3=0 D4=1040000F D5=80410012 D6=FFFF D7=10FFFF A0=25A8 A1=108932 A2=534F4 A3=10880A A4=100300 A5=108000 A6=10BA1E PC=2CD6 -- 002CD6: clr.w   ($18a4,A5)
D0=F00B8 D1=0 D2=108100 D3=0 D4=1040000F D5=80410012 D6=FFFF D7=10FFFF A0=25A8 A1=108932 A2=534F4 A3=10880A A4=100300 A5=108000 A6=10BA1E PC=2CDA -- 002CDA: rts
D0=F00B8 D1=0 D2=108100 D3=0 D4=1040000F D5=80410012 D6=FFFF D7=10FFFF A0=25A8 A1=108932 A2=534F4 A3=10880A A4=100300 A5=108000 A6=10BA1E PC=32B50 -- 032B50: jsr     ($10f6,PC) ; ($33c48)
D0=F00B8 D1=0 D2=108100 D3=0 D4=1040000F D5=80410012 D6=FFFF D7=10FFFF A0=25A8 A1=108932 A2=534F4 A3=10880A A4=100300 A5=108000 A6=10BA1E PC=33C48 -- 033C48: lea     ($179a,A5), A0
D0=F00B8 D1=0 D2=108100 D3=0 D4=1040000F D5=80410012 D6=FFFF D7=10FFFF A0=10979A A1=108932 A2=534F4 A3=10880A A4=100300 A5=108000 A6=10BA1E PC=33C4C -- 033C4C: lea     ($100,A5), A1
D0=F00B8 D1=0 D2=108100 D3=0 D4=1040000F D5=80410012 D6=FFFF D7=10FFFF A0=10979A A1=108100 A2=534F4 A3=10880A A4=100300 A5=108000 A6=10BA1E PC=33C50 -- 033C50: moveq   #$1, D0
D0=1 D1=0 D2=108100 D3=0 D4=1040000F D5=80410012 D6=FFFF D7=10FFFF A0=10979A A1=108100 A2=534F4 A3=10880A A4=100300 A5=108000 A6=10BA1E PC=33C52 -- 033C52: move.l  ($18,A1), D1
D0=1 D1=300000 D2=108100 D3=0 D4=1040000F D5=80410012 D6=FFFF D7=10FFFF A0=10979A A1=108100 A2=534F4 A3=10880A A4=100300 A5=108000 A6=10BA1E PC=33C56 -- 033C56: sub.l   (A0)+, D1
D0=1 D1=300000 D2=108100 D3=0 D4=1040000F D5=80410012 D6=FFFF D7=10FFFF A0=10979E A1=108100 A2=534F4 A3=10880A A4=100300 A5=108000 A6=10BA1E PC=33C58 -- 033C58: move.l  D1, ($44,A1)
D0=1 D1=300000 D2=108100 D3=0 D4=1040000F D5=80410012 D6=FFFF D7=10FFFF A0=10979E A1=108100 A2=534F4 A3=10880A A4=100300 A5=108000 A6=10BA1E PC=33C5C -- 033C5C: lea     ($200,A1), A1
D0=1 D1=300000 D2=108100 D3=0 D4=1040000F D5=80410012 D6=FFFF D7=10FFFF A0=10979E A1=108300 A2=534F4 A3=10880A A4=100300 A5=108000 A6=10BA1E PC=33C60 -- 033C60: dbra    D0, $33c52
D0=0 D1=300000 D2=108100 D3=0 D4=1040000F D5=80410012 D6=FFFF D7=10FFFF A0=10979E A1=108300 A2=534F4 A3=10880A A4=100300 A5=108000 A6=10BA1E PC=33C52 -- 033C52: move.l  ($18,A1), D1
D0=0 D1=1100000 D2=108100 D3=0 D4=1040000F D5=80410012 D6=FFFF D7=10FFFF A0=10979E A1=108300 A2=534F4 A3=10880A A4=100300 A5=108000 A6=10BA1E PC=33C56 -- 033C56: sub.l   (A0)+, D1
D0=0 D1=1100000 D2=108100 D3=0 D4=1040000F D5=80410012 D6=FFFF D7=10FFFF A0=1097A2 A1=108300 A2=534F4 A3=10880A A4=100300 A5=108000 A6=10BA1E PC=33C58 -- 033C58: move.l  D1, ($44,A1)
D0=0 D1=1100000 D2=108100 D3=0 D4=1040000F D5=80410012 D6=FFFF D7=10FFFF A0=1097A2 A1=108300 A2=534F4 A3=10880A A4=100300 A5=108000 A6=10BA1E PC=33C5C -- 033C5C: lea     ($200,A1), A1
D0=0 D1=1100000 D2=108100 D3=0 D4=1040000F D5=80410012 D6=FFFF D7=10FFFF A0=1097A2 A1=108500 A2=534F4 A3=10880A A4=100300 A5=108000 A6=10BA1E PC=33C60 -- 033C60: dbra    D0, $33c52
D0=FFFF D1=1100000 D2=108100 D3=0 D4=1040000F D5=80410012 D6=FFFF D7=10FFFF A0=1097A2 A1=108500 A2=534F4 A3=10880A A4=100300 A5=108000 A6=10BA1E PC=33C64 -- 033C64: rts
D0=FFFF D1=1100000 D2=108100 D3=0 D4=1040000F D5=80410012 D6=FFFF D7=10FFFF A0=1097A2 A1=108500 A2=534F4 A3=10880A A4=100300 A5=108000 A6=10BA1E PC=32B54 -- 032B54: nop
D0=FFFF D1=1100000 D2=108100 D3=0 D4=1040000F D5=80410012 D6=FFFF D7=10FFFF A0=1097A2 A1=108500 A2=534F4 A3=10880A A4=100300 A5=108000 A6=10BA1E PC=32B56 -- 032B56: lea     $10907c.l, A4
D0=FFFF D1=1100000 D2=108100 D3=0 D4=1040000F D5=80410012 D6=FFFF D7=10FFFF A0=1097A2 A1=108500 A2=534F4 A3=10880A A4=10907C A5=108000 A6=10BA1E PC=32B5C -- 032B5C: move.b  #$4, ($147c,A5)
D0=FFFF D1=1100000 D2=108100 D3=0 D4=1040000F D5=80410012 D6=FFFF D7=10FFFF A0=1097A2 A1=108500 A2=534F4 A3=10880A A4=10907C A5=108000 A6=10BA1E PC=32B62 -- 032B62: tst.b   ($6e,A4)
D0=FFFF D1=1100000 D2=108100 D3=0 D4=1040000F D5=80410012 D6=FFFF D7=10FFFF A0=1097A2 A1=108500 A2=534F4 A3=10880A A4=10907C A5=108000 A6=10BA1E PC=32B66 -- 032B66: bpl     $32b6c
D0=FFFF D1=1100000 D2=108100 D3=0 D4=1040000F D5=80410012 D6=FFFF D7=10FFFF A0=1097A2 A1=108500 A2=534F4 A3=10880A A4=10907C A5=108000 A6=10BA1E PC=32B68 -- 032B68: movea.l (A4), A0
D0=FFFF D1=1100000 D2=108100 D3=0 D4=1040000F D5=80410012 D6=FFFF D7=10FFFF A0=37B86 A1=108500 A2=534F4 A3=10880A A4=10907C A5=108000 A6=10BA1E PC=32B6A -- 032B6A: jsr     (A0)
D0=FFFF D1=1100000 D2=108100 D3=0 D4=1040000F D5=80410012 D6=FFFF D7=10FFFF A0=37B86 A1=108500 A2=534F4 A3=10880A A4=10907C A5=108000 A6=10BA1E PC=37B86 -- 037B86: move.w  ($d0,A4), D0
D0=0 D1=1100000 D2=108100 D3=0 D4=1040000F D5=80410012 D6=FFFF D7=10FFFF A0=37B86 A1=108500 A2=534F4 A3=10880A A4=10907C A5=108000 A6=10BA1E PC=37B8A -- 037B8A: movea.l ($84,A4), A0
D0=0 D1=1100000 D2=108100 D3=0 D4=1040000F D5=80410012 D6=FFFF D7=10FFFF A0=108584 A1=108500 A2=534F4 A3=10880A A4=10907C A5=108000 A6=10BA1E PC=37B8E -- 037B8E: btst    D0, ($cf,A0)
D0=0 D1=1100000 D2=108100 D3=0 D4=1040000F D5=80410012 D6=FFFF D7=10FFFF A0=108584 A1=108500 A2=534F4 A3=10880A A4=10907C A5=108000 A6=10BA1E PC=37B92 -- 037B92: beq     $36eaa
D0=0 D1=1100000 D2=108100 D3=0 D4=1040000F D5=80410012 D6=FFFF D7=10FFFF A0=108584 A1=108500 A2=534F4 A3=10880A A4=10907C A5=108000 A6=10BA1E PC=36EAA -- 036EAA: rts
D0=0 D1=1100000 D2=108100 D3=0 D4=1040000F D5=80410012 D6=FFFF D7=10FFFF A0=108584 A1=108500 A2=534F4 A3=10880A A4=10907C A5=108000 A6=10BA1E PC=32B6C -- 032B6C: lea     ($100,A4), A4
D0=0 D1=1100000 D2=108100 D3=0 D4=1040000F D5=80410012 D6=FFFF D7=10FFFF A0=108584 A1=108500 A2=534F4 A3=10880A A4=10917C A5=108000 A6=10BA1E PC=32B70 -- 032B70: subq.b  #1, ($147c,A5)
D0=0 D1=1100000 D2=108100 D3=0 D4=1040000F D5=80410012 D6=FFFF D7=10FFFF A0=108584 A1=108500 A2=534F4 A3=10880A A4=10917C A5=108000 A6=10BA1E PC=32B74 -- 032B74: bne     $32b62
D0=0 D1=1100000 D2=108100 D3=0 D4=1040000F D5=80410012 D6=FFFF D7=10FFFF A0=108584 A1=108500 A2=534F4 A3=10880A A4=10917C A5=108000 A6=10BA1E PC=32B62 -- 032B62: tst.b   ($6e,A4)
D0=0 D1=1100000 D2=108100 D3=0 D4=1040000F D5=80410012 D6=FFFF D7=10FFFF A0=108584 A1=108500 A2=534F4 A3=10880A A4=10917C A5=108000 A6=10BA1E PC=32B66 -- 032B66: bpl     $32b6c
D0=0 D1=1100000 D2=108100 D3=0 D4=1040000F D5=80410012 D6=FFFF D7=10FFFF A0=108584 A1=108500 A2=534F4 A3=10880A A4=10917C A5=108000 A6=10BA1E PC=32B68 -- 032B68: movea.l (A4), A0
D0=0 D1=1100000 D2=108100 D3=0 D4=1040000F D5=80410012 D6=FFFF D7=10FFFF A0=37C20 A1=108500 A2=534F4 A3=10880A A4=10917C A5=108000 A6=10BA1E PC=32B6A -- 032B6A: jsr     (A0)
D0=0 D1=1100000 D2=108100 D3=0 D4=1040000F D5=80410012 D6=FFFF D7=10FFFF A0=37C20 A1=108500 A2=534F4 A3=10880A A4=10917C A5=108000 A6=10BA1E PC=37C20 -- 037C20: move.w  ($d0,A4), D0
D0=1 D1=1100000 D2=108100 D3=0 D4=1040000F D5=80410012 D6=FFFF D7=10FFFF A0=37C20 A1=108500 A2=534F4 A3=10880A A4=10917C A5=108000 A6=10BA1E PC=37C24 -- 037C24: movea.l ($84,A4), A0
D0=1 D1=1100000 D2=108100 D3=0 D4=1040000F D5=80410012 D6=FFFF D7=10FFFF A0=108584 A1=108500 A2=534F4 A3=10880A A4=10917C A5=108000 A6=10BA1E PC=37C28 -- 037C28: btst    D0, ($cf,A0)
D0=1 D1=1100000 D2=108100 D3=0 D4=1040000F D5=80410012 D6=FFFF D7=10FFFF A0=108584 A1=108500 A2=534F4 A3=10880A A4=10917C A5=108000 A6=10BA1E PC=37C2C -- 037C2C: beq     $36eaa
D0=1 D1=1100000 D2=108100 D3=0 D4=1040000F D5=80410012 D6=FFFF D7=10FFFF A0=108584 A1=108500 A2=534F4 A3=10880A A4=10917C A5=108000 A6=10BA1E PC=36EAA -- 036EAA: rts
D0=1 D1=1100000 D2=108100 D3=0 D4=1040000F D5=80410012 D6=FFFF D7=10FFFF A0=108584 A1=108500 A2=534F4 A3=10880A A4=10917C A5=108000 A6=10BA1E PC=32B6C -- 032B6C: lea     ($100,A4), A4
D0=1 D1=1100000 D2=108100 D3=0 D4=1040000F D5=80410012 D6=FFFF D7=10FFFF A0=108584 A1=108500 A2=534F4 A3=10880A A4=10927C A5=108000 A6=10BA1E PC=32B70 -- 032B70: subq.b  #1, ($147c,A5)
D0=1 D1=1100000 D2=108100 D3=0 D4=1040000F D5=80410012 D6=FFFF D7=10FFFF A0=108584 A1=108500 A2=534F4 A3=10880A A4=10927C A5=108000 A6=10BA1E PC=32B74 -- 032B74: bne     $32b62

   (loops for 10 instructions)

D0=1 D1=1100000 D2=108100 D3=0 D4=1040000F D5=80410012 D6=FFFF D7=10FFFF A0=108584 A1=108500 A2=534F4 A3=10880A A4=10947C A5=108000 A6=10BA1E PC=32B76 -- 032B76: rts
D0=1 D1=1100000 D2=108100 D3=0 D4=1040000F D5=80410012 D6=FFFF D7=10FFFF A0=108584 A1=108500 A2=534F4 A3=10880A A4=10947C A5=108000 A6=10BA1E PC=32A8A -- 032A8A: btst    #$6, ($785,A5)
D0=1 D1=1100000 D2=108100 D3=0 D4=1040000F D5=80410012 D6=FFFF D7=10FFFF A0=108584 A1=108500 A2=534F4 A3=10880A A4=10947C A5=108000 A6=10BA1E PC=32A90 -- 032A90: beq     $32ae4
D0=1 D1=1100000 D2=108100 D3=0 D4=1040000F D5=80410012 D6=FFFF D7=10FFFF A0=108584 A1=108500 A2=534F4 A3=10880A A4=10947C A5=108000 A6=10BA1E PC=32AE4 -- 032AE4: jsr     $87e.l
D0=1 D1=1100000 D2=108100 D3=0 D4=1040000F D5=80410012 D6=FFFF D7=10FFFF A0=108584 A1=108500 A2=534F4 A3=10880A A4=10947C A5=108000 A6=10BA1E PC=87E -- 00087E: tst.b   $10fdaf.l
D0=1 D1=1100000 D2=108100 D3=0 D4=1040000F D5=80410012 D6=FFFF D7=10FFFF A0=108584 A1=108500 A2=534F4 A3=10880A A4=10947C A5=108000 A6=10BA1E PC=884 -- 000884: beq     $8d0
D0=1 D1=1100000 D2=108100 D3=0 D4=1040000F D5=80410012 D6=FFFF D7=10FFFF A0=108584 A1=108500 A2=534F4 A3=10880A A4=10947C A5=108000 A6=10BA1E PC=888 -- 000888: btst    #$1, ($785,A5)
D0=1 D1=1100000 D2=108100 D3=0 D4=1040000F D5=80410012 D6=FFFF D7=10FFFF A0=108584 A1=108500 A2=534F4 A3=10880A A4=10947C A5=108000 A6=10BA1E PC=88E -- 00088E: bne     $8d0
D0=1 D1=1100000 D2=108100 D3=0 D4=1040000F D5=80410012 D6=FFFF D7=10FFFF A0=108584 A1=108500 A2=534F4 A3=10880A A4=10947C A5=108000 A6=10BA1E PC=892 -- 000892: cmpi.b  #$1, $10fdaf.l
D0=1 D1=1100000 D2=108100 D3=0 D4=1040000F D5=80410012 D6=FFFF D7=10FFFF A0=108584 A1=108500 A2=534F4 A3=10880A A4=10947C A5=108000 A6=10BA1E PC=89A -- 00089A: bne     $8ac
D0=1 D1=1100000 D2=108100 D3=0 D4=1040000F D5=80410012 D6=FFFF D7=10FFFF A0=108584 A1=108500 A2=534F4 A3=10880A A4=10947C A5=108000 A6=10BA1E PC=8AC -- 0008AC: btst    #$0, ($80c,A5)
D0=1 D1=1100000 D2=108100 D3=0 D4=1040000F D5=80410012 D6=FFFF D7=10FFFF A0=108584 A1=108500 A2=534F4 A3=10880A A4=10947C A5=108000 A6=10BA1E PC=8B2 -- 0008B2: bne     $8c4
D0=1 D1=1100000 D2=108100 D3=0 D4=1040000F D5=80410012 D6=FFFF D7=10FFFF A0=108584 A1=108500 A2=534F4 A3=10880A A4=10947C A5=108000 A6=10BA1E PC=8B6 -- 0008B6: lea     $10881e.l, A4
D0=1 D1=1100000 D2=108100 D3=0 D4=1040000F D5=80410012 D6=FFFF D7=10FFFF A0=108584 A1=108500 A2=534F4 A3=10880A A4=10881E A5=108000 A6=10BA1E PC=8BC -- 0008BC: jsr     ($14,PC) ; ($8d2)
D0=1 D1=1100000 D2=108100 D3=0 D4=1040000F D5=80410012 D6=FFFF D7=10FFFF A0=108584 A1=108500 A2=534F4 A3=10880A A4=10881E A5=108000 A6=10BA1E PC=8D2 -- 0008D2: jsr     ($11e,PC) ; ($9f2)
D0=1 D1=1100000 D2=108100 D3=0 D4=1040000F D5=80410012 D6=FFFF D7=10FFFF A0=108584 A1=108500 A2=534F4 A3=10880A A4=10881E A5=108000 A6=10BA1E PC=9F2 -- 0009F2: moveq   #$0, D0
D0=0 D1=1100000 D2=108100 D3=0 D4=1040000F D5=80410012 D6=FFFF D7=10FFFF A0=108584 A1=108500 A2=534F4 A3=10880A A4=10881E A5=108000 A6=10BA1E PC=9F4 -- 0009F4: move.b  ($7e5,A5), D0
D0=1 D1=1100000 D2=108100 D3=0 D4=1040000F D5=80410012 D6=FFFF D7=10FFFF A0=108584 A1=108500 A2=534F4 A3=10880A A4=10881E A5=108000 A6=10BA1E PC=9F8 -- 0009F8: add.w   D0, D0
D0=2 D1=1100000 D2=108100 D3=0 D4=1040000F D5=80410012 D6=FFFF D7=10FFFF A0=108584 A1=108500 A2=534F4 A3=10880A A4=10881E A5=108000 A6=10BA1E PC=9FA -- 0009FA: add.w   D0, D0
D0=4 D1=1100000 D2=108100 D3=0 D4=1040000F D5=80410012 D6=FFFF D7=10FFFF A0=108584 A1=108500 A2=534F4 A3=10880A A4=10881E A5=108000 A6=10BA1E PC=9FC -- 0009FC: lea     ($c,PC) ; ($a0a), A0
D0=4 D1=1100000 D2=108100 D3=0 D4=1040000F D5=80410012 D6=FFFF D7=10FFFF A0=A0A A1=108500 A2=534F4 A3=10880A A4=10881E A5=108000 A6=10BA1E PC=A00 -- 000A00: nop
D0=4 D1=1100000 D2=108100 D3=0 D4=1040000F D5=80410012 D6=FFFF D7=10FFFF A0=A0A A1=108500 A2=534F4 A3=10880A A4=10881E A5=108000 A6=10BA1E PC=A02 -- 000A02: movea.l (A0,D0.w), A0
D0=4 D1=1100000 D2=108100 D3=0 D4=1040000F D5=80410012 D6=FFFF D7=10FFFF A0=A1E A1=108500 A2=534F4 A3=10880A A4=10881E A5=108000 A6=10BA1E PC=A06 -- 000A06: jsr     (A0)
D0=4 D1=1100000 D2=108100 D3=0 D4=1040000F D5=80410012 D6=FFFF D7=10FFFF A0=A1E A1=108500 A2=534F4 A3=10880A A4=10881E A5=108000 A6=10BA1E PC=A1E -- 000A1E: move.w  #$17, (A4)
D0=4 D1=1100000 D2=108100 D3=0 D4=1040000F D5=80410012 D6=FFFF D7=10FFFF A0=A1E A1=108500 A2=534F4 A3=10880A A4=10881E A5=108000 A6=10BA1E PC=A22 -- 000A22: move.w  #$1, ($2,A4)
D0=4 D1=1100000 D2=108100 D3=0 D4=1040000F D5=80410012 D6=FFFF D7=10FFFF A0=A1E A1=108500 A2=534F4 A3=10880A A4=10881E A5=108000 A6=10BA1E PC=A28 -- 000A28: moveq   #$0, D0
D0=0 D1=1100000 D2=108100 D3=0 D4=1040000F D5=80410012 D6=FFFF D7=10FFFF A0=A1E A1=108500 A2=534F4 A3=10880A A4=10881E A5=108000 A6=10BA1E PC=A2A -- 000A2A: rts
D0=0 D1=1100000 D2=108100 D3=0 D4=1040000F D5=80410012 D6=FFFF D7=10FFFF A0=A1E A1=108500 A2=534F4 A3=10880A A4=10881E A5=108000 A6=10BA1E PC=A08 -- 000A08: rts
D0=0 D1=1100000 D2=108100 D3=0 D4=1040000F D5=80410012 D6=FFFF D7=10FFFF A0=A1E A1=108500 A2=534F4 A3=10880A A4=10881E A5=108000 A6=10BA1E PC=8D6 -- 0008D6: nop
D0=0 D1=1100000 D2=108100 D3=0 D4=1040000F D5=80410012 D6=FFFF D7=10FFFF A0=A1E A1=108500 A2=534F4 A3=10880A A4=10881E A5=108000 A6=10BA1E PC=8D8 -- 0008D8: bmi     $9f0
D0=0 D1=1100000 D2=108100 D3=0 D4=1040000F D5=80410012 D6=FFFF D7=10FFFF A0=A1E A1=108500 A2=534F4 A3=10880A A4=10881E A5=108000 A6=10BA1E PC=8DC -- 0008DC: move.b  ($80a,A5), D2
D0=0 D1=1100000 D2=108104 D3=0 D4=1040000F D5=80410012 D6=FFFF D7=10FFFF A0=A1E A1=108500 A2=534F4 A3=10880A A4=10881E A5=108000 A6=10BA1E PC=8E0 -- 0008E0: move.b  ($80b,A5), D3
D0=0 D1=1100000 D2=108104 D3=4 D4=1040000F D5=80410012 D6=FFFF D7=10FFFF A0=A1E A1=108500 A2=534F4 A3=10880A A4=10881E A5=108000 A6=10BA1E PC=8E4 -- 0008E4: tst.b   $10fd82.l
D0=0 D1=1100000 D2=108104 D3=4 D4=1040000F D5=80410012 D6=FFFF D7=10FFFF A0=A1E A1=108500 A2=534F4 A3=10880A A4=10881E A5=108000 A6=10BA1E PC=8EA -- 0008EA: beq     $90a
D0=0 D1=1100000 D2=108104 D3=4 D4=1040000F D5=80410012 D6=FFFF D7=10FFFF A0=A1E A1=108500 A2=534F4 A3=10880A A4=10881E A5=108000 A6=10BA1E PC=8EE -- 0008EE: jsr     ($438,PC) ; ($d28)
D0=0 D1=1100000 D2=108104 D3=4 D4=1040000F D5=80410012 D6=FFFF D7=10FFFF A0=A1E A1=108500 A2=534F4 A3=10880A A4=10881E A5=108000 A6=10BA1E PC=D28 -- 000D28: move.w  #$100, $10fdb0.l
D0=0 D1=1100000 D2=108104 D3=4 D4=1040000F D5=80410012 D6=FFFF D7=10FFFF A0=A1E A1=108500 A2=534F4 A3=10880A A4=10881E A5=108000 A6=10BA1E PC=D30 -- 000D30: movem.l D0-D7/A0-A6, -(A7)
D0=0 D1=1100000 D2=108104 D3=4 D4=1040000F D5=80410012 D6=FFFF D7=10FFFF A0=A1E A1=108500 A2=534F4 A3=10880A A4=10881E A5=108000 A6=10BA1E PC=D34 -- 000D34: jsr     $c00450.l
D0=0 D1=1100000 D2=108104 D3=4 D4=1040000F D5=80410012 D6=FFFF D7=10FFFF A0=A1E A1=108500 A2=534F4 A3=10880A A4=10881E A5=108000 A6=10BA1E PC=C00450 -- C00450: jmp     $c117ce.l
D0=0 D1=1100000 D2=108104 D3=4 D4=1040000F D5=80410012 D6=FFFF D7=10FFFF A0=A1E A1=108500 A2=534F4 A3=10880A A4=10881E A5=108000 A6=10BA1E PC=C117CE -- C117CE: jmp     $c1f7c0.l
D0=0 D1=1100000 D2=108104 D3=4 D4=1040000F D5=80410012 D6=FFFF D7=10FFFF A0=A1E A1=108500 A2=534F4 A3=10880A A4=10881E A5=108000 A6=10BA1E PC=C1F7C0 -- C1F7C0: lea     $10f300.l, A5
D0=0 D1=1100000 D2=108104 D3=4 D4=1040000F D5=80410012 D6=FFFF D7=10FFFF A0=A1E A1=108500 A2=534F4 A3=10880A A4=10881E A5=10F300 A6=10BA1E PC=C1F7C6 -- C1F7C6: cmpi.b  #$1, ($a83,A5)
D0=0 D1=1100000 D2=108104 D3=4 D4=1040000F D5=80410012 D6=FFFF D7=10FFFF A0=A1E A1=108500 A2=534F4 A3=10880A A4=10881E A5=10F300 A6=10BA1E PC=C1F7CC -- C1F7CC: beq     $c1f7da
D0=0 D1=1100000 D2=108104 D3=4 D4=1040000F D5=80410012 D6=FFFF D7=10FFFF A0=A1E A1=108500 A2=534F4 A3=10880A A4=10881E A5=10F300 A6=10BA1E PC=C1F7DA -- C1F7DA: tst.b   ($a82,A5)
D0=0 D1=1100000 D2=108104 D3=4 D4=1040000F D5=80410012 D6=FFFF D7=10FFFF A0=A1E A1=108500 A2=534F4 A3=10880A A4=10881E A5=10F300 A6=10BA1E PC=C1F7DE -- C1F7DE: beq     $c1f810
D0=0 D1=1100000 D2=108104 D3=4 D4=1040000F D5=80410012 D6=FFFF D7=10FFFF A0=A1E A1=108500 A2=534F4 A3=10880A A4=10881E A5=10F300 A6=10BA1E PC=C1F7E0 -- C1F7E0: clr.w   ($ab2,A5)
D0=0 D1=1100000 D2=108104 D3=4 D4=1040000F D5=80410012 D6=FFFF D7=10FFFF A0=A1E A1=108500 A2=534F4 A3=10880A A4=10881E A5=10F300 A6=10BA1E PC=C1F7E4 -- C1F7E4: jsr     $c1bac0.l
D0=0 D1=1100000 D2=108104 D3=4 D4=1040000F D5=80410012 D6=FFFF D7=10FFFF A0=A1E A1=108500 A2=534F4 A3=10880A A4=10881E A5=10F300 A6=10BA1E PC=C1BAC0 -- C1BAC0: btst    #$2, $10fe35.l
D0=0 D1=1100000 D2=108104 D3=4 D4=1040000F D5=80410012 D6=FFFF D7=10FFFF A0=A1E A1=108500 A2=534F4 A3=10880A A4=10881E A5=10F300 A6=10BA1E PC=C1BAC8 -- C1BAC8: bne     $c1bad2
D0=0 D1=1100000 D2=108104 D3=4 D4=1040000F D5=80410012 D6=FFFF D7=10FFFF A0=A1E A1=108500 A2=534F4 A3=10880A A4=10881E A5=10F300 A6=10BA1E PC=C1BACA -- C1BACA: move.b  $300001.l, D0
D0=FF D1=1100000 D2=108104 D3=4 D4=1040000F D5=80410012 D6=FFFF D7=10FFFF A0=A1E A1=108500 A2=534F4 A3=10880A A4=10881E A5=10F300 A6=10BA1E PC=C1BAD0 -- C1BAD0: rts
D0=FF D1=1100000 D2=108104 D3=4 D4=1040000F D5=80410012 D6=FFFF D7=10FFFF A0=A1E A1=108500 A2=534F4 A3=10880A A4=10881E A5=10F300 A6=10BA1E PC=C1F7EA -- C1F7EA: andi.b  #$40, D0
D0=40 D1=1100000 D2=108104 D3=4 D4=1040000F D5=80410012 D6=FFFF D7=10FFFF A0=A1E A1=108500 A2=534F4 A3=10880A A4=10881E A5=10F300 A6=10BA1E PC=C1F7EE -- C1F7EE: beq     $c1f810
D0=40 D1=1100000 D2=108104 D3=4 D4=1040000F D5=80410012 D6=FFFF D7=10FFFF A0=A1E A1=108500 A2=534F4 A3=10880A A4=10881E A5=10F300 A6=10BA1E PC=C1F7F0 -- C1F7F0: lea     $10fe00.l, A1
D0=40 D1=1100000 D2=108104 D3=4 D4=1040000F D5=80410012 D6=FFFF D7=10FFFF A0=A1E A1=10FE00 A2=534F4 A3=10880A A4=10881E A5=10F300 A6=10BA1E PC=C1F7F6 -- C1F7F6: lea     ($ab0,A5), A0
D0=40 D1=1100000 D2=108104 D3=4 D4=1040000F D5=80410012 D6=FFFF D7=10FFFF A0=10FDB0 A1=10FE00 A2=534F4 A3=10880A A4=10881E A5=10F300 A6=10BA1E PC=C1F7FA -- C1F7FA: bsr     $c1f802
D0=40 D1=1100000 D2=108104 D3=4 D4=1040000F D5=80410012 D6=FFFF D7=10FFFF A0=10FDB0 A1=10FE00 A2=534F4 A3=10880A A4=10881E A5=10F300 A6=10BA1E PC=C1F802 -- C1F802: move.b  (A0), D1
D0=40 D1=1100001 D2=108104 D3=4 D4=1040000F D5=80410012 D6=FFFF D7=10FFFF A0=10FDB0 A1=10FE00 A2=534F4 A3=10880A A4=10881E A5=10F300 A6=10BA1E PC=C1F804 -- C1F804: sub.b   D2, D2
D0=40 D1=1100001 D2=108100 D3=4 D4=1040000F D5=80410012 D6=FFFF D7=10FFFF A0=10FDB0 A1=10FE00 A2=534F4 A3=10880A A4=10881E A5=10F300 A6=10BA1E PC=C1F806 -- C1F806: move.b  (A1), D0
D0=0 D1=1100001 D2=108100 D3=4 D4=1040000F D5=80410012 D6=FFFF D7=10FFFF A0=10FDB0 A1=10FE00 A2=534F4 A3=10880A A4=10881E A5=10F300 A6=10BA1E PC=C1F808 -- C1F808: sbcd    D1, D0
D0=99 D1=1100001 D2=108100 D3=4 D4=1040000F D5=80410012 D6=FFFF D7=10FFFF A0=10FDB0 A1=10FE00 A2=534F4 A3=10880A A4=10881E A5=10F300 A6=10BA1E PC=C1F80A -- C1F80A: bcc     $c1f810
D0=99 D1=1100001 D2=108100 D3=4 D4=1040000F D5=80410012 D6=FFFF D7=10FFFF A0=10FDB0 A1=10FE00 A2=534F4 A3=10880A A4=10881E A5=10F300 A6=10BA1E PC=C1F80C -- C1F80C: move.b  #$0, (A0)
D0=99 D1=1100001 D2=108100 D3=4 D4=1040000F D5=80410012 D6=FFFF D7=10FFFF A0=10FDB0 A1=10FE00 A2=534F4 A3=10880A A4=10881E A5=10F300 A6=10BA1E PC=C1F810 -- C1F810: rts
D0=99 D1=1100001 D2=108100 D3=4 D4=1040000F D5=80410012 D6=FFFF D7=10FFFF A0=10FDB0 A1=10FE00 A2=534F4 A3=10880A A4=10881E A5=10F300 A6=10BA1E PC=C1F7FE -- C1F7FE: addq.l  #1, A0
D0=99 D1=1100001 D2=108100 D3=4 D4=1040000F D5=80410012 D6=FFFF D7=10FFFF A0=10FDB1 A1=10FE00 A2=534F4 A3=10880A A4=10881E A5=10F300 A6=10BA1E PC=C1F800 -- C1F800: addq.l  #1, A1
D0=99 D1=1100001 D2=108100 D3=4 D4=1040000F D5=80410012 D6=FFFF D7=10FFFF A0=10FDB1 A1=10FE01 A2=534F4 A3=10880A A4=10881E A5=10F300 A6=10BA1E PC=C1F802 -- C1F802: move.b  (A0), D1
D0=99 D1=1100000 D2=108100 D3=4 D4=1040000F D5=80410012 D6=FFFF D7=10FFFF A0=10FDB1 A1=10FE01 A2=534F4 A3=10880A A4=10881E A5=10F300 A6=10BA1E PC=C1F804 -- C1F804: sub.b   D2, D2
D0=99 D1=1100000 D2=108100 D3=4 D4=1040000F D5=80410012 D6=FFFF D7=10FFFF A0=10FDB1 A1=10FE01 A2=534F4 A3=10880A A4=10881E A5=10F300 A6=10BA1E PC=C1F806 -- C1F806: move.b  (A1), D0
D0=0 D1=1100000 D2=108100 D3=4 D4=1040000F D5=80410012 D6=FFFF D7=10FFFF A0=10FDB1 A1=10FE01 A2=534F4 A3=10880A A4=10881E A5=10F300 A6=10BA1E PC=C1F808 -- C1F808: sbcd    D1, D0
D0=0 D1=1100000 D2=108100 D3=4 D4=1040000F D5=80410012 D6=FFFF D7=10FFFF A0=10FDB1 A1=10FE01 A2=534F4 A3=10880A A4=10881E A5=10F300 A6=10BA1E PC=C1F80A -- C1F80A: bcc     $c1f810
D0=0 D1=1100000 D2=108100 D3=4 D4=1040000F D5=80410012 D6=FFFF D7=10FFFF A0=10FDB1 A1=10FE01 A2=534F4 A3=10880A A4=10881E A5=10F300 A6=10BA1E PC=C1F810 -- C1F810: rts
D0=0 D1=1100000 D2=108100 D3=4 D4=1040000F D5=80410012 D6=FFFF D7=10FFFF A0=10FDB1 A1=10FE01 A2=534F4 A3=10880A A4=10881E A5=10F300 A6=10BA1E PC=D3A -- 000D3A: movem.l (A7)+, D0-D7/A0-A6
D0=0 D1=1100000 D2=108104 D3=4 D4=1040000F D5=80410012 D6=FFFF D7=10FFFF A0=A1E A1=108500 A2=534F4 A3=10880A A4=10881E A5=108000 A6=10BA1E PC=D3E -- 000D3E: move.w  $10fdb0.l, D0
D0=0 D1=1100000 D2=108104 D3=4 D4=1040000F D5=80410012 D6=FFFF D7=10FFFF A0=A1E A1=108500 A2=534F4 A3=10880A A4=10881E A5=108000 A6=10BA1E PC=D44 -- 000D44: lsr.w   #8, D0
D0=0 D1=1100000 D2=108104 D3=4 D4=1040000F D5=80410012 D6=FFFF D7=10FFFF A0=A1E A1=108500 A2=534F4 A3=10880A A4=10881E A5=108000 A6=10BA1E PC=D46 -- 000D46: rts
D0=0 D1=1100000 D2=108104 D3=4 D4=1040000F D5=80410012 D6=FFFF D7=10FFFF A0=A1E A1=108500 A2=534F4 A3=10880A A4=10881E A5=108000 A6=10BA1E PC=8F2 -- 0008F2: nop
D0=0 D1=1100000 D2=108104 D3=4 D4=1040000F D5=80410012 D6=FFFF D7=10FFFF A0=A1E A1=108500 A2=534F4 A3=10880A A4=10881E A5=108000 A6=10BA1E PC=8F4 -- 0008F4: cmpi.b  #$1, ($836,A5)
D0=0 D1=1100000 D2=108104 D3=4 D4=1040000F D5=80410012 D6=FFFF D7=10FFFF A0=A1E A1=108500 A2=534F4 A3=10880A A4=10881E A5=108000 A6=10BA1E PC=8FA -- 0008FA: bne     $98a
D0=0 D1=1100000 D2=108104 D3=4 D4=1040000F D5=80410012 D6=FFFF D7=10FFFF A0=A1E A1=108500 A2=534F4 A3=10880A A4=10881E A5=108000 A6=10BA1E PC=8FE -- 0008FE: move.w  D0, -(A7)
D0=0 D1=1100000 D2=108104 D3=4 D4=1040000F D5=80410012 D6=FFFF D7=10FFFF A0=A1E A1=108500 A2=534F4 A3=10880A A4=10881E A5=108000 A6=10BA1E PC=900 -- 000900: jsr     ($446,PC) ; ($d48)
D0=0 D1=1100000 D2=108104 D3=4 D4=1040000F D5=80410012 D6=FFFF D7=10FFFF A0=A1E A1=108500 A2=534F4 A3=10880A A4=10881E A5=108000 A6=10BA1E PC=D48 -- 000D48: move.w  #$1, $10fdb0.l
D0=0 D1=1100000 D2=108104 D3=4 D4=1040000F D5=80410012 D6=FFFF D7=10FFFF A0=A1E A1=108500 A2=534F4 A3=10880A A4=10881E A5=108000 A6=10BA1E PC=D50 -- 000D50: movem.l D0-D7/A0-A6, -(A7)
D0=0 D1=1100000 D2=108104 D3=4 D4=1040000F D5=80410012 D6=FFFF D7=10FFFF A0=A1E A1=108500 A2=534F4 A3=10880A A4=10881E A5=108000 A6=10BA1E PC=D54 -- 000D54: jsr     $c00450.l
D0=0 D1=1100000 D2=108104 D3=4 D4=1040000F D5=80410012 D6=FFFF D7=10FFFF A0=A1E A1=108500 A2=534F4 A3=10880A A4=10881E A5=108000 A6=10BA1E PC=C00450 -- C00450: jmp     $c117ce.l
D0=0 D1=1100000 D2=108104 D3=4 D4=1040000F D5=80410012 D6=FFFF D7=10FFFF A0=A1E A1=108500 A2=534F4 A3=10880A A4=10881E A5=108000 A6=10BA1E PC=C117CE -- C117CE: jmp     $c1f7c0.l
D0=0 D1=1100000 D2=108104 D3=4 D4=1040000F D5=80410012 D6=FFFF D7=10FFFF A0=A1E A1=108500 A2=534F4 A3=10880A A4=10881E A5=108000 A6=10BA1E PC=C1F7C0 -- C1F7C0: lea     $10f300.l, A5
D0=0 D1=1100000 D2=108104 D3=4 D4=1040000F D5=80410012 D6=FFFF D7=10FFFF A0=A1E A1=108500 A2=534F4 A3=10880A A4=10881E A5=10F300 A6=10BA1E PC=C1F7C6 -- C1F7C6: cmpi.b  #$1, ($a83,A5)
D0=0 D1=1100000 D2=108104 D3=4 D4=1040000F D5=80410012 D6=FFFF D7=10FFFF A0=A1E A1=108500 A2=534F4 A3=10880A A4=10881E A5=10F300 A6=10BA1E PC=C1F7CC -- C1F7CC: beq     $c1f7da
D0=0 D1=1100000 D2=108104 D3=4 D4=1040000F D5=80410012 D6=FFFF D7=10FFFF A0=A1E A1=108500 A2=534F4 A3=10880A A4=10881E A5=10F300 A6=10BA1E PC=C1F7DA -- C1F7DA: tst.b   ($a82,A5)
D0=0 D1=1100000 D2=108104 D3=4 D4=1040000F D5=80410012 D6=FFFF D7=10FFFF A0=A1E A1=108500 A2=534F4 A3=10880A A4=10881E A5=10F300 A6=10BA1E PC=C1F7DE -- C1F7DE: beq     $c1f810
D0=0 D1=1100000 D2=108104 D3=4 D4=1040000F D5=80410012 D6=FFFF D7=10FFFF A0=A1E A1=108500 A2=534F4 A3=10880A A4=10881E A5=10F300 A6=10BA1E PC=C1F7E0 -- C1F7E0: clr.w   ($ab2,A5)
D0=0 D1=1100000 D2=108104 D3=4 D4=1040000F D5=80410012 D6=FFFF D7=10FFFF A0=A1E A1=108500 A2=534F4 A3=10880A A4=10881E A5=10F300 A6=10BA1E PC=C1F7E4 -- C1F7E4: jsr     $c1bac0.l
D0=0 D1=1100000 D2=108104 D3=4 D4=1040000F D5=80410012 D6=FFFF D7=10FFFF A0=A1E A1=108500 A2=534F4 A3=10880A A4=10881E A5=10F300 A6=10BA1E PC=C1BAC0 -- C1BAC0: btst    #$2, $10fe35.l
D0=0 D1=1100000 D2=108104 D3=4 D4=1040000F D5=80410012 D6=FFFF D7=10FFFF A0=A1E A1=108500 A2=534F4 A3=10880A A4=10881E A5=10F300 A6=10BA1E PC=C1BAC8 -- C1BAC8: bne     $c1bad2
D0=0 D1=1100000 D2=108104 D3=4 D4=1040000F D5=80410012 D6=FFFF D7=10FFFF A0=A1E A1=108500 A2=534F4 A3=10880A A4=10881E A5=10F300 A6=10BA1E PC=C1BACA -- C1BACA: move.b  $300001.l, D0
D0=FF D1=1100000 D2=108104 D3=4 D4=1040000F D5=80410012 D6=FFFF D7=10FFFF A0=A1E A1=108500 A2=534F4 A3=10880A A4=10881E A5=10F300 A6=10BA1E PC=C1BAD0 -- C1BAD0: rts
D0=FF D1=1100000 D2=108104 D3=4 D4=1040000F D5=80410012 D6=FFFF D7=10FFFF A0=A1E A1=108500 A2=534F4 A3=10880A A4=10881E A5=10F300 A6=10BA1E PC=C1F7EA -- C1F7EA: andi.b  #$40, D0
D0=40 D1=1100000 D2=108104 D3=4 D4=1040000F D5=80410012 D6=FFFF D7=10FFFF A0=A1E A1=108500 A2=534F4 A3=10880A A4=10881E A5=10F300 A6=10BA1E PC=C1F7EE -- C1F7EE: beq     $c1f810
D0=40 D1=1100000 D2=108104 D3=4 D4=1040000F D5=80410012 D6=FFFF D7=10FFFF A0=A1E A1=108500 A2=534F4 A3=10880A A4=10881E A5=10F300 A6=10BA1E PC=C1F7F0 -- C1F7F0: lea     $10fe00.l, A1
D0=40 D1=1100000 D2=108104 D3=4 D4=1040000F D5=80410012 D6=FFFF D7=10FFFF A0=A1E A1=10FE00 A2=534F4 A3=10880A A4=10881E A5=10F300 A6=10BA1E PC=C1F7F6 -- C1F7F6: lea     ($ab0,A5), A0
D0=40 D1=1100000 D2=108104 D3=4 D4=1040000F D5=80410012 D6=FFFF D7=10FFFF A0=10FDB0 A1=10FE00 A2=534F4 A3=10880A A4=10881E A5=10F300 A6=10BA1E PC=C1F7FA -- C1F7FA: bsr     $c1f802

   (loops for 6 instructions)

D0=0 D1=1100000 D2=108100 D3=4 D4=1040000F D5=80410012 D6=FFFF D7=10FFFF A0=10FDB0 A1=10FE00 A2=534F4 A3=10880A A4=10881E A5=10F300 A6=10BA1E PC=C1F7FE -- C1F7FE: addq.l  #1, A0
D0=0 D1=1100000 D2=108100 D3=4 D4=1040000F D5=80410012 D6=FFFF D7=10FFFF A0=10FDB1 A1=10FE00 A2=534F4 A3=10880A A4=10881E A5=10F300 A6=10BA1E PC=C1F800 -- C1F800: addq.l  #1, A1

   (loops for 5 instructions)

D0=99 D1=1100001 D2=108100 D3=4 D4=1040000F D5=80410012 D6=FFFF D7=10FFFF A0=10FDB1 A1=10FE01 A2=534F4 A3=10880A A4=10881E A5=10F300 A6=10BA1E PC=C1F80C -- C1F80C: move.b  #$0, (A0)

   (loops for 1 instructions)

D0=99 D1=1100001 D2=108100 D3=4 D4=1040000F D5=80410012 D6=FFFF D7=10FFFF A0=10FDB1 A1=10FE01 A2=534F4 A3=10880A A4=10881E A5=10F300 A6=10BA1E PC=D5A -- 000D5A: movem.l (A7)+, D0-D7/A0-A6
D0=0 D1=1100000 D2=108104 D3=4 D4=1040000F D5=80410012 D6=FFFF D7=10FFFF A0=A1E A1=108500 A2=534F4 A3=10880A A4=10881E A5=108000 A6=10BA1E PC=D5E -- 000D5E: move.w  $10fdb0.l, D0
D0=0 D1=1100000 D2=108104 D3=4 D4=1040000F D5=80410012 D6=FFFF D7=10FFFF A0=A1E A1=108500 A2=534F4 A3=10880A A4=10881E A5=108000 A6=10BA1E PC=D64 -- 000D64: rts
D0=0 D1=1100000 D2=108104 D3=4 D4=1040000F D5=80410012 D6=FFFF D7=10FFFF A0=A1E A1=108500 A2=534F4 A3=10880A A4=10881E A5=108000 A6=10BA1E PC=904 -- 000904: nop
D0=0 D1=1100000 D2=108104 D3=4 D4=1040000F D5=80410012 D6=FFFF D7=10FFFF A0=A1E A1=108500 A2=534F4 A3=10880A A4=10881E A5=108000 A6=10BA1E PC=906 -- 000906: move.w  (A7)+, D2
D0=0 D1=1100000 D2=100000 D3=4 D4=1040000F D5=80410012 D6=FFFF D7=10FFFF A0=A1E A1=108500 A2=534F4 A3=10880A A4=10881E A5=108000 A6=10BA1E PC=908 -- 000908: move.w  D0, D3
D0=0 D1=1100000 D2=100000 D3=0 D4=1040000F D5=80410012 D6=FFFF D7=10FFFF A0=A1E A1=108500 A2=534F4 A3=10880A A4=10881E A5=108000 A6=10BA1E PC=90A -- 00090A: moveq   #$0, D0
D0=0 D1=1100000 D2=100000 D3=0 D4=1040000F D5=80410012 D6=FFFF D7=10FFFF A0=A1E A1=108500 A2=534F4 A3=10880A A4=10881E A5=108000 A6=10BA1E PC=90C -- 00090C: moveq   #$0, D1
D0=0 D1=0 D2=100000 D3=0 D4=1040000F D5=80410012 D6=FFFF D7=10FFFF A0=A1E A1=108500 A2=534F4 A3=10880A A4=10881E A5=108000 A6=10BA1E PC=90E -- 00090E: tst.b   D2
D0=0 D1=0 D2=100000 D3=0 D4=1040000F D5=80410012 D6=FFFF D7=10FFFF A0=A1E A1=108500 A2=534F4 A3=10880A A4=10881E A5=108000 A6=10BA1E PC=910 -- 000910: beq     $916
D0=0 D1=0 D2=100000 D3=0 D4=1040000F D5=80410012 D6=FFFF D7=10FFFF A0=A1E A1=108500 A2=534F4 A3=10880A A4=10881E A5=108000 A6=10BA1E PC=916 -- 000916: tst.b   D3
D0=0 D1=0 D2=100000 D3=0 D4=1040000F D5=80410012 D6=FFFF D7=10FFFF A0=A1E A1=108500 A2=534F4 A3=10880A A4=10881E A5=108000 A6=10BA1E PC=918 -- 000918: beq     $91e
D0=0 D1=0 D2=100000 D3=0 D4=1040000F D5=80410012 D6=FFFF D7=10FFFF A0=A1E A1=108500 A2=534F4 A3=10880A A4=10881E A5=108000 A6=10BA1E PC=91E -- 00091E: move.w  D0, D2
D0=0 D1=0 D2=100000 D3=0 D4=1040000F D5=80410012 D6=FFFF D7=10FFFF A0=A1E A1=108500 A2=534F4 A3=10880A A4=10881E A5=108000 A6=10BA1E PC=920 -- 000920: move.w  D1, D3
D0=0 D1=0 D2=100000 D3=0 D4=1040000F D5=80410012 D6=FFFF D7=10FFFF A0=A1E A1=108500 A2=534F4 A3=10880A A4=10881E A5=108000 A6=10BA1E PC=922 -- 000922: add.w   D3, D2
D0=0 D1=0 D2=100000 D3=0 D4=1040000F D5=80410012 D6=FFFF D7=10FFFF A0=A1E A1=108500 A2=534F4 A3=10880A A4=10881E A5=108000 A6=10BA1E PC=924 -- 000924: move.l  #$4f88a, ($8,A4)
D0=0 D1=0 D2=100000 D3=0 D4=1040000F D5=80410012 D6=FFFF D7=10FFFF A0=A1E A1=108500 A2=534F4 A3=10880A A4=10881E A5=108000 A6=10BA1E PC=92C -- 00092C: cmpi.b  #$2, D2
D0=0 D1=0 D2=100000 D3=0 D4=1040000F D5=80410012 D6=FFFF D7=10FFFF A0=A1E A1=108500 A2=534F4 A3=10880A A4=10881E A5=108000 A6=10BA1E PC=930 -- 000930: beq     $9a0
D0=0 D1=0 D2=100000 D3=0 D4=1040000F D5=80410012 D6=FFFF D7=10FFFF A0=A1E A1=108500 A2=534F4 A3=10880A A4=10881E A5=108000 A6=10BA1E PC=934 -- 000934: move.l  #$4f896, ($8,A4)
D0=0 D1=0 D2=100000 D3=0 D4=1040000F D5=80410012 D6=FFFF D7=10FFFF A0=A1E A1=108500 A2=534F4 A3=10880A A4=10881E A5=108000 A6=10BA1E PC=93C -- 00093C: tst.b   D2
D0=0 D1=0 D2=100000 D3=0 D4=1040000F D5=80410012 D6=FFFF D7=10FFFF A0=A1E A1=108500 A2=534F4 A3=10880A A4=10881E A5=108000 A6=10BA1E PC=93E -- 00093E: beq     $974
D0=0 D1=0 D2=100000 D3=0 D4=1040000F D5=80410012 D6=FFFF D7=10FFFF A0=A1E A1=108500 A2=534F4 A3=10880A A4=10881E A5=108000 A6=10BA1E PC=974 -- 000974: tst.b   $10fd82.l
D0=0 D1=0 D2=100000 D3=0 D4=1040000F D5=80410012 D6=FFFF D7=10FFFF A0=A1E A1=108500 A2=534F4 A3=10880A A4=10881E A5=108000 A6=10BA1E PC=97A -- 00097A: bne     $9a0
D0=0 D1=0 D2=100000 D3=0 D4=1040000F D5=80410012 D6=FFFF D7=10FFFF A0=A1E A1=108500 A2=534F4 A3=10880A A4=10881E A5=108000 A6=10BA1E PC=9A0 -- 0009A0: move.b  (-$7f79,A5), D0
D0=AE D1=0 D2=100000 D3=0 D4=1040000F D5=80410012 D6=FFFF D7=10FFFF A0=A1E A1=108500 A2=534F4 A3=10880A A4=10881E A5=108000 A6=10BA1E PC=9A4 -- 0009A4: andi.b  #$f, D0
D0=E D1=0 D2=100000 D3=0 D4=1040000F D5=80410012 D6=FFFF D7=10FFFF A0=A1E A1=108500 A2=534F4 A3=10880A A4=10881E A5=108000 A6=10BA1E PC=9A8 -- 0009A8: bne     $9b0
D0=E D1=0 D2=100000 D3=0 D4=1040000F D5=80410012 D6=FFFF D7=10FFFF A0=A1E A1=108500 A2=534F4 A3=10880A A4=10881E A5=108000 A6=10BA1E PC=9B0 -- 0009B0: btst    #$0, ($4,A4)
D0=E D1=0 D2=100000 D3=0 D4=1040000F D5=80410012 D6=FFFF D7=10FFFF A0=A1E A1=108500 A2=534F4 A3=10880A A4=10881E A5=108000 A6=10BA1E PC=9B6 -- 0009B6: beq     $9dc
D0=E D1=0 D2=100000 D3=0 D4=1040000F D5=80410012 D6=FFFF D7=10FFFF A0=A1E A1=108500 A2=534F4 A3=10880A A4=10881E A5=108000 A6=10BA1E PC=9BA -- 0009BA: move.w  (A4), D0
D0=17 D1=0 D2=100000 D3=0 D4=1040000F D5=80410012 D6=FFFF D7=10FFFF A0=A1E A1=108500 A2=534F4 A3=10880A A4=10881E A5=108000 A6=10BA1E PC=9BC -- 0009BC: move.w  ($2,A4), D1
D0=17 D1=1 D2=100000 D3=0 D4=1040000F D5=80410012 D6=FFFF D7=10FFFF A0=A1E A1=108500 A2=534F4 A3=10880A A4=10881E A5=108000 A6=10BA1E PC=9C0 -- 0009C0: jsr     $5fde.l
D0=17 D1=1 D2=100000 D3=0 D4=1040000F D5=80410012 D6=FFFF D7=10FFFF A0=A1E A1=108500 A2=534F4 A3=10880A A4=10881E A5=108000 A6=10BA1E PC=5FDE -- 005FDE: lsl.w   #5, D0
D0=2E0 D1=1 D2=100000 D3=0 D4=1040000F D5=80410012 D6=FFFF D7=10FFFF A0=A1E A1=108500 A2=534F4 A3=10880A A4=10881E A5=108000 A6=10BA1E PC=5FE0 -- 005FE0: add.w   D1, D0
D0=2E1 D1=1 D2=100000 D3=0 D4=1040000F D5=80410012 D6=FFFF D7=10FFFF A0=A1E A1=108500 A2=534F4 A3=10880A A4=10881E A5=108000 A6=10BA1E PC=5FE2 -- 005FE2: addi.w  #$7002, D0
D0=72E3 D1=1 D2=100000 D3=0 D4=1040000F D5=80410012 D6=FFFF D7=10FFFF A0=A1E A1=108500 A2=534F4 A3=10880A A4=10881E A5=108000 A6=10BA1E PC=5FE6 -- 005FE6: swap    D0
D0=72E30000 D1=1 D2=100000 D3=0 D4=1040000F D5=80410012 D6=FFFF D7=10FFFF A0=A1E A1=108500 A2=534F4 A3=10880A A4=10881E A5=108000 A6=10BA1E PC=5FE8 -- 005FE8: rts
D0=72E30000 D1=1 D2=100000 D3=0 D4=1040000F D5=80410012 D6=FFFF D7=10FFFF A0=A1E A1=108500 A2=534F4 A3=10880A A4=10881E A5=108000 A6=10BA1E PC=9C6 -- 0009C6: movea.l ($8,A4), A0
D0=72E30000 D1=1 D2=100000 D3=0 D4=1040000F D5=80410012 D6=FFFF D7=10FFFF A0=4F896 A1=108500 A2=534F4 A3=10880A A4=10881E A5=108000 A6=10BA1E PC=9CA -- 0009CA: move.w  #$1300, D0
D0=72E31300 D1=1 D2=100000 D3=0 D4=1040000F D5=80410012 D6=FFFF D7=10FFFF A0=4F896 A1=108500 A2=534F4 A3=10880A A4=10881E A5=108000 A6=10BA1E PC=9CE -- 0009CE: move.l  #$200000, D1
D0=72E31300 D1=200000 D2=100000 D3=0 D4=1040000F D5=80410012 D6=FFFF D7=10FFFF A0=4F896 A1=108500 A2=534F4 A3=10880A A4=10881E A5=108000 A6=10BA1E PC=9D4 -- 0009D4: jsr     $5f0c.l
D0=72E31300 D1=200000 D2=100000 D3=0 D4=1040000F D5=80410012 D6=FFFF D7=10FFFF A0=4F896 A1=108500 A2=534F4 A3=10880A A4=10881E A5=108000 A6=10BA1E PC=5F0C -- 005F0C: move.b  (A0)+, D0
D0=72E31349 D1=200000 D2=100000 D3=0 D4=1040000F D5=80410012 D6=FFFF D7=10FFFF A0=4F897 A1=108500 A2=534F4 A3=10880A A4=10881E A5=108000 A6=10BA1E PC=5F0E -- 005F0E: cmpi.b  #-$1, D0
D0=72E31349 D1=200000 D2=100000 D3=0 D4=1040000F D5=80410012 D6=FFFF D7=10FFFF A0=4F897 A1=108500 A2=534F4 A3=10880A A4=10881E A5=108000 A6=10BA1E PC=5F12 -- 005F12: beq     $5f20
D0=72E31349 D1=200000 D2=100000 D3=0 D4=1040000F D5=80410012 D6=FFFF D7=10FFFF A0=4F897 A1=108500 A2=534F4 A3=10880A A4=10881E A5=108000 A6=10BA1E PC=5F16 -- 005F16: move.l  D0, $3c0000.l
D0=72E31349 D1=200000 D2=100000 D3=0 D4=1040000F D5=80410012 D6=FFFF D7=10FFFF A0=4F897 A1=108500 A2=534F4 A3=10880A A4=10881E A5=108000 A6=10BA1E PC=5F1C -- 005F1C: add.l   D1, D0
D0=73031349 D1=200000 D2=100000 D3=0 D4=1040000F D5=80410012 D6=FFFF D7=10FFFF A0=4F897 A1=108500 A2=534F4 A3=10880A A4=10881E A5=108000 A6=10BA1E PC=5F1E -- 005F1E: bra     $5f0c
D0=73031349 D1=200000 D2=100000 D3=0 D4=1040000F D5=80410012 D6=FFFF D7=10FFFF A0=4F897 A1=108500 A2=534F4 A3=10880A A4=10881E A5=108000 A6=10BA1E PC=5F0C -- 005F0C: move.b  (A0)+, D0
D0=7303134E D1=200000 D2=100000 D3=0 D4=1040000F D5=80410012 D6=FFFF D7=10FFFF A0=4F898 A1=108500 A2=534F4 A3=10880A A4=10881E A5=108000 A6=10BA1E PC=5F0E -- 005F0E: cmpi.b  #-$1, D0
D0=7303134E D1=200000 D2=100000 D3=0 D4=1040000F D5=80410012 D6=FFFF D7=10FFFF A0=4F898 A1=108500 A2=534F4 A3=10880A A4=10881E A5=108000 A6=10BA1E PC=5F12 -- 005F12: beq     $5f20
D0=7303134E D1=200000 D2=100000 D3=0 D4=1040000F D5=80410012 D6=FFFF D7=10FFFF A0=4F898 A1=108500 A2=534F4 A3=10880A A4=10881E A5=108000 A6=10BA1E PC=5F16 -- 005F16: move.l  D0, $3c0000.l
D0=7303134E D1=200000 D2=100000 D3=0 D4=1040000F D5=80410012 D6=FFFF D7=10FFFF A0=4F898 A1=108500 A2=534F4 A3=10880A A4=10881E A5=108000 A6=10BA1E PC=5F1C -- 005F1C: add.l   D1, D0
D0=7323134E D1=200000 D2=100000 D3=0 D4=1040000F D5=80410012 D6=FFFF D7=10FFFF A0=4F898 A1=108500 A2=534F4 A3=10880A A4=10881E A5=108000 A6=10BA1E PC=5F1E -- 005F1E: bra     $5f0c

   (loops for 57 instructions)

D0=744313FF D1=200000 D2=100000 D3=0 D4=1040000F D5=80410012 D6=FFFF D7=10FFFF A0=4F8A2 A1=108500 A2=534F4 A3=10880A A4=10881E A5=108000 A6=10BA1E PC=5F20 -- 005F20: rts
D0=744313FF D1=200000 D2=100000 D3=0 D4=1040000F D5=80410012 D6=FFFF D7=10FFFF A0=4F8A2 A1=108500 A2=534F4 A3=10880A A4=10881E A5=108000 A6=10BA1E PC=9DA -- 0009DA: rts
D0=744313FF D1=200000 D2=100000 D3=0 D4=1040000F D5=80410012 D6=FFFF D7=10FFFF A0=4F8A2 A1=108500 A2=534F4 A3=10880A A4=10881E A5=108000 A6=10BA1E PC=8C0 -- 0008C0: nop
D0=744313FF D1=200000 D2=100000 D3=0 D4=1040000F D5=80410012 D6=FFFF D7=10FFFF A0=4F8A2 A1=108500 A2=534F4 A3=10880A A4=10881E A5=108000 A6=10BA1E PC=8C2 -- 0008C2: rts
D0=744313FF D1=200000 D2=100000 D3=0 D4=1040000F D5=80410012 D6=FFFF D7=10FFFF A0=4F8A2 A1=108500 A2=534F4 A3=10880A A4=10881E A5=108000 A6=10BA1E PC=32AEA -- 032AEA: jsr     $45e3e.l
D0=744313FF D1=200000 D2=100000 D3=0 D4=1040000F D5=80410012 D6=FFFF D7=10FFFF A0=4F8A2 A1=108500 A2=534F4 A3=10880A A4=10881E A5=108000 A6=10BA1E PC=45E3E -- 045E3E: btst    #$3, ($80c,A5)
D0=744313FF D1=200000 D2=100000 D3=0 D4=1040000F D5=80410012 D6=FFFF D7=10FFFF A0=4F8A2 A1=108500 A2=534F4 A3=10880A A4=10881E A5=108000 A6=10BA1E PC=45E44 -- 045E44: beq     $45e54
D0=744313FF D1=200000 D2=100000 D3=0 D4=1040000F D5=80410012 D6=FFFF D7=10FFFF A0=4F8A2 A1=108500 A2=534F4 A3=10880A A4=10881E A5=108000 A6=10BA1E PC=45E54 -- 045E54: btst    #$4, ($80c,A5)
D0=744313FF D1=200000 D2=100000 D3=0 D4=1040000F D5=80410012 D6=FFFF D7=10FFFF A0=4F8A2 A1=108500 A2=534F4 A3=10880A A4=10881E A5=108000 A6=10BA1E PC=45E5A -- 045E5A: beq     $45e6a
D0=744313FF D1=200000 D2=100000 D3=0 D4=1040000F D5=80410012 D6=FFFF D7=10FFFF A0=4F8A2 A1=108500 A2=534F4 A3=10880A A4=10881E A5=108000 A6=10BA1E PC=45E6A -- 045E6A: rts
D0=744313FF D1=200000 D2=100000 D3=0 D4=1040000F D5=80410012 D6=FFFF D7=10FFFF A0=4F8A2 A1=108500 A2=534F4 A3=10880A A4=10881E A5=108000 A6=10BA1E PC=32AF0 -- 032AF0: jsr     $3e82.w
D0=744313FF D1=200000 D2=100000 D3=0 D4=1040000F D5=80410012 D6=FFFF D7=10FFFF A0=4F8A2 A1=108500 A2=534F4 A3=10880A A4=10881E A5=108000 A6=10BA1E PC=3E82 -- 003E82: moveq   #$0, D0
D0=0 D1=200000 D2=100000 D3=0 D4=1040000F D5=80410012 D6=FFFF D7=10FFFF A0=4F8A2 A1=108500 A2=534F4 A3=10880A A4=10881E A5=108000 A6=10BA1E PC=3E84 -- 003E84: move.l  D0, D1
D0=0 D1=0 D2=100000 D3=0 D4=1040000F D5=80410012 D6=FFFF D7=10FFFF A0=4F8A2 A1=108500 A2=534F4 A3=10880A A4=10881E A5=108000 A6=10BA1E PC=3E86 -- 003E86: move.l  D0, D2
D0=0 D1=0 D2=0 D3=0 D4=1040000F D5=80410012 D6=FFFF D7=10FFFF A0=4F8A2 A1=108500 A2=534F4 A3=10880A A4=10881E A5=108000 A6=10BA1E PC=3E88 -- 003E88: move.l  D0, D3
D0=0 D1=0 D2=0 D3=0 D4=1040000F D5=80410012 D6=FFFF D7=10FFFF A0=4F8A2 A1=108500 A2=534F4 A3=10880A A4=10881E A5=108000 A6=10BA1E PC=3E8A -- 003E8A: move.l  D0, D4
D0=0 D1=0 D2=0 D3=0 D4=0 D5=80410012 D6=FFFF D7=10FFFF A0=4F8A2 A1=108500 A2=534F4 A3=10880A A4=10881E A5=108000 A6=10BA1E PC=3E8C -- 003E8C: move.l  D0, D5
D0=0 D1=0 D2=0 D3=0 D4=0 D5=0 D6=FFFF D7=10FFFF A0=4F8A2 A1=108500 A2=534F4 A3=10880A A4=10881E A5=108000 A6=10BA1E PC=3E8E -- 003E8E: move.l  D0, D6
D0=0 D1=0 D2=0 D3=0 D4=0 D5=0 D6=0 D7=10FFFF A0=4F8A2 A1=108500 A2=534F4 A3=10880A A4=10881E A5=108000 A6=10BA1E PC=3E90 -- 003E90: move.l  D0, D7
D0=0 D1=0 D2=0 D3=0 D4=0 D5=0 D6=0 D7=0 A0=4F8A2 A1=108500 A2=534F4 A3=10880A A4=10881E A5=108000 A6=10BA1E PC=3E92 -- 003E92: lea     ($f3c,A5), A0
D0=0 D1=0 D2=0 D3=0 D4=0 D5=0 D6=0 D7=0 A0=108F3C A1=108500 A2=534F4 A3=10880A A4=10881E A5=108000 A6=10BA1E PC=3E96 -- 003E96: movem.l D0-D7, -(A0)
D0=0 D1=0 D2=0 D3=0 D4=0 D5=0 D6=0 D7=0 A0=108F1C A1=108500 A2=534F4 A3=10880A A4=10881E A5=108000 A6=10BA1E PC=3E9A -- 003E9A: movem.l D0-D7, -(A0)
D0=0 D1=0 D2=0 D3=0 D4=0 D5=0 D6=0 D7=0 A0=108EFC A1=108500 A2=534F4 A3=10880A A4=10881E A5=108000 A6=10BA1E PC=3E9E -- 003E9E: movem.l D0-D7, -(A0)
D0=0 D1=0 D2=0 D3=0 D4=0 D5=0 D6=0 D7=0 A0=108EDC A1=108500 A2=534F4 A3=10880A A4=10881E A5=108000 A6=10BA1E PC=3EA2 -- 003EA2: movem.l D0-D7, -(A0)
D0=0 D1=0 D2=0 D3=0 D4=0 D5=0 D6=0 D7=0 A0=108EBC A1=108500 A2=534F4 A3=10880A A4=10881E A5=108000 A6=10BA1E PC=3EA6 -- 003EA6: movem.l D0-D7, -(A0)
D0=0 D1=0 D2=0 D3=0 D4=0 D5=0 D6=0 D7=0 A0=108E9C A1=108500 A2=534F4 A3=10880A A4=10881E A5=108000 A6=10BA1E PC=3EAA -- 003EAA: movem.l D0-D7, -(A0)
D0=0 D1=0 D2=0 D3=0 D4=0 D5=0 D6=0 D7=0 A0=108E7C A1=108500 A2=534F4 A3=10880A A4=10881E A5=108000 A6=10BA1E PC=3EAE -- 003EAE: movem.l D0-D7, -(A0)
D0=0 D1=0 D2=0 D3=0 D4=0 D5=0 D6=0 D7=0 A0=108E5C A1=108500 A2=534F4 A3=10880A A4=10881E A5=108000 A6=10BA1E PC=3EB2 -- 003EB2: movem.l D0-D7, -(A0)
D0=0 D1=0 D2=0 D3=0 D4=0 D5=0 D6=0 D7=0 A0=108E3C A1=108500 A2=534F4 A3=10880A A4=10881E A5=108000 A6=10BA1E PC=3EB6 -- 003EB6: lea     ($103c,A5), A0
D0=0 D1=0 D2=0 D3=0 D4=0 D5=0 D6=0 D7=0 A0=10903C A1=108500 A2=534F4 A3=10880A A4=10881E A5=108000 A6=10BA1E PC=3EBA -- 003EBA: movem.l D0-D7, -(A0)
D0=0 D1=0 D2=0 D3=0 D4=0 D5=0 D6=0 D7=0 A0=10901C A1=108500 A2=534F4 A3=10880A A4=10881E A5=108000 A6=10BA1E PC=3EBE -- 003EBE: movem.l D0-D7, -(A0)
D0=0 D1=0 D2=0 D3=0 D4=0 D5=0 D6=0 D7=0 A0=108FFC A1=108500 A2=534F4 A3=10880A A4=10881E A5=108000 A6=10BA1E PC=3EC2 -- 003EC2: movem.l D0-D7, -(A0)
D0=0 D1=0 D2=0 D3=0 D4=0 D5=0 D6=0 D7=0 A0=108FDC A1=108500 A2=534F4 A3=10880A A4=10881E A5=108000 A6=10BA1E PC=3EC6 -- 003EC6: movem.l D0-D7, -(A0)
D0=0 D1=0 D2=0 D3=0 D4=0 D5=0 D6=0 D7=0 A0=108FBC A1=108500 A2=534F4 A3=10880A A4=10881E A5=108000 A6=10BA1E PC=3ECA -- 003ECA: movem.l D0-D7, -(A0)
D0=0 D1=0 D2=0 D3=0 D4=0 D5=0 D6=0 D7=0 A0=108F9C A1=108500 A2=534F4 A3=10880A A4=10881E A5=108000 A6=10BA1E PC=3ECE -- 003ECE: movem.l D0-D7, -(A0)
D0=0 D1=0 D2=0 D3=0 D4=0 D5=0 D6=0 D7=0 A0=108F7C A1=108500 A2=534F4 A3=10880A A4=10881E A5=108000 A6=10BA1E PC=3ED2 -- 003ED2: movem.l D0-D7, -(A0)
D0=0 D1=0 D2=0 D3=0 D4=0 D5=0 D6=0 D7=0 A0=108F5C A1=108500 A2=534F4 A3=10880A A4=10881E A5=108000 A6=10BA1E PC=3ED6 -- 003ED6: movem.l D0-D7, -(A0)
D0=0 D1=0 D2=0 D3=0 D4=0 D5=0 D6=0 D7=0 A0=108F3C A1=108500 A2=534F4 A3=10880A A4=10881E A5=108000 A6=10BA1E PC=3EDA -- 003EDA: tst.w   ($e3a,A5)
D0=0 D1=0 D2=0 D3=0 D4=0 D5=0 D6=0 D7=0 A0=108F3C A1=108500 A2=534F4 A3=10880A A4=10881E A5=108000 A6=10BA1E PC=3EDE -- 003EDE: beq     $406e
D0=0 D1=0 D2=0 D3=0 D4=0 D5=0 D6=0 D7=0 A0=108F3C A1=108500 A2=534F4 A3=10880A A4=10881E A5=108000 A6=10BA1E PC=3EE2 -- 003EE2: move.w  ($1048,A5), ($792,A5)
D0=0 D1=0 D2=0 D3=0 D4=0 D5=0 D6=0 D7=0 A0=108F3C A1=108500 A2=534F4 A3=10880A A4=10881E A5=108000 A6=10BA1E PC=3EE8 -- 003EE8: move.w  ($104a,A5), ($794,A5)
D0=0 D1=0 D2=0 D3=0 D4=0 D5=0 D6=0 D7=0 A0=108F3C A1=108500 A2=534F4 A3=10880A A4=10881E A5=108000 A6=10BA1E PC=3EEE -- 003EEE: lea     ($e3c,A5), A6
D0=0 D1=0 D2=0 D3=0 D4=0 D5=0 D6=0 D7=0 A0=108F3C A1=108500 A2=534F4 A3=10880A A4=10881E A5=108000 A6=108E3C PC=3EF2 -- 003EF2: lea     ($f3c,A5), A3
D0=0 D1=0 D2=0 D3=0 D4=0 D5=0 D6=0 D7=0 A0=108F3C A1=108500 A2=534F4 A3=108F3C A4=10881E A5=108000 A6=108E3C PC=3EF6 -- 003EF6: move.w  ($1044,A5), D4
D0=0 D1=0 D2=0 D3=0 D4=21 D5=0 D6=0 D7=0 A0=108F3C A1=108500 A2=534F4 A3=108F3C A4=10881E A5=108000 A6=108E3C PC=3EFA -- 003EFA: add.w   ($103c,A5), D4
D0=0 D1=0 D2=0 D3=0 D4=21 D5=0 D6=0 D7=0 A0=108F3C A1=108500 A2=534F4 A3=108F3C A4=10881E A5=108000 A6=108E3C PC=3EFE -- 003EFE: move.w  D4, D5
D0=0 D1=0 D2=0 D3=0 D4=21 D5=21 D6=0 D7=0 A0=108F3C A1=108500 A2=534F4 A3=108F3C A4=10881E A5=108000 A6=108E3C PC=3F00 -- 003F00: move.w  D5, D6
D0=0 D1=0 D2=0 D3=0 D4=21 D5=21 D6=21 D7=0 A0=108F3C A1=108500 A2=534F4 A3=108F3C A4=10881E A5=108000 A6=108E3C PC=3F02 -- 003F02: lsl.w   #6, D4
D0=0 D1=0 D2=0 D3=0 D4=840 D5=21 D6=21 D7=0 A0=108F3C A1=108500 A2=534F4 A3=108F3C A4=10881E A5=108000 A6=108E3C PC=3F04 -- 003F04: addi.w  #-$8000, D5
D0=0 D1=0 D2=0 D3=0 D4=840 D5=8021 D6=21 D7=0 A0=108F3C A1=108500 A2=534F4 A3=108F3C A4=10881E A5=108000 A6=108E3C PC=3F08 -- 003F08: addi.w  #-$7c00, D6
D0=0 D1=0 D2=0 D3=0 D4=840 D5=8021 D6=8421 D7=0 A0=108F3C A1=108500 A2=534F4 A3=108F3C A4=10881E A5=108000 A6=108E3C PC=3F0C -- 003F0C: swap    D4
D0=0 D1=0 D2=0 D3=0 D4=8400000 D5=8021 D6=8421 D7=0 A0=108F3C A1=108500 A2=534F4 A3=108F3C A4=10881E A5=108000 A6=108E3C PC=3F0E -- 003F0E: swap    D5
D0=0 D1=0 D2=0 D3=0 D4=8400000 D5=80210000 D6=8421 D7=0 A0=108F3C A1=108500 A2=534F4 A3=108F3C A4=10881E A5=108000 A6=108E3C PC=3F10 -- 003F10: swap    D6
D0=0 D1=0 D2=0 D3=0 D4=8400000 D5=80210000 D6=84210000 D7=0 A0=108F3C A1=108500 A2=534F4 A3=108F3C A4=10881E A5=108000 A6=108E3C PC=3F12 -- 003F12: move.w  ($1046,A5), D4
D0=0 D1=0 D2=0 D3=0 D4=84000A1 D5=80210000 D6=84210000 D7=0 A0=108F3C A1=108500 A2=534F4 A3=108F3C A4=10881E A5=108000 A6=108E3C PC=3F16 -- 003F16: add.w   ($103e,A5), D4
D0=0 D1=0 D2=0 D3=0 D4=84000A1 D5=80210000 D6=84210000 D7=0 A0=108F3C A1=108500 A2=534F4 A3=108F3C A4=10881E A5=108000 A6=108E3C PC=3F1A -- 003F1A: move.w  D4, D5
D0=0 D1=0 D2=0 D3=0 D4=84000A1 D5=802100A1 D6=84210000 D7=0 A0=108F3C A1=108500 A2=534F4 A3=108F3C A4=10881E A5=108000 A6=108E3C PC=3F1C -- 003F1C: move.w  D5, D6
D0=0 D1=0 D2=0 D3=0 D4=84000A1 D5=802100A1 D6=842100A1 D7=0 A0=108F3C A1=108500 A2=534F4 A3=108F3C A4=10881E A5=108000 A6=108E3C PC=3F1E -- 003F1E: lsl.w   #6, D4
D0=0 D1=0 D2=0 D3=0 D4=8402840 D5=802100A1 D6=842100A1 D7=0 A0=108F3C A1=108500 A2=534F4 A3=108F3C A4=10881E A5=108000 A6=108E3C PC=3F20 -- 003F20: addi.w  #-$8000, D5
D0=0 D1=0 D2=0 D3=0 D4=8402840 D5=802180A1 D6=842100A1 D7=0 A0=108F3C A1=108500 A2=534F4 A3=108F3C A4=10881E A5=108000 A6=108E3C PC=3F24 -- 003F24: addi.w  #-$7c00, D6
D0=0 D1=0 D2=0 D3=0 D4=8402840 D5=802180A1 D6=842184A1 D7=0 A0=108F3C A1=108500 A2=534F4 A3=108F3C A4=10881E A5=108000 A6=108E3C PC=3F28 -- 003F28: lea     ($838,A5), A0
D0=0 D1=0 D2=0 D3=0 D4=8402840 D5=802180A1 D6=842184A1 D7=0 A0=108838 A1=108500 A2=534F4 A3=108F3C A4=10881E A5=108000 A6=108E3C PC=3F2C -- 003F2C: move.w  ($e38,A5), D0
D0=C8 D1=0 D2=0 D3=0 D4=8402840 D5=802180A1 D6=842184A1 D7=0 A0=108838 A1=108500 A2=534F4 A3=108F3C A4=10881E A5=108000 A6=108E3C PC=3F30 -- 003F30: adda.w  D0, A0
D0=C8 D1=0 D2=0 D3=0 D4=8402840 D5=802180A1 D6=842184A1 D7=0 A0=108900 A1=108500 A2=534F4 A3=108F3C A4=10881E A5=108000 A6=108E3C PC=3F32 -- 003F32: move.w  (A0)+, D0
D0=1300 D1=0 D2=0 D3=0 D4=8402840 D5=802180A1 D6=842184A1 D7=0 A0=108902 A1=108500 A2=534F4 A3=108F3C A4=10881E A5=108000 A6=108E3C PC=3F34 -- 003F34: beq     $3f32
D0=1300 D1=0 D2=0 D3=0 D4=8402840 D5=802180A1 D6=842184A1 D7=0 A0=108902 A1=108500 A2=534F4 A3=108F3C A4=10881E A5=108000 A6=108E3C PC=3F36 -- 003F36: clr.w   (-$2,A0)
D0=1300 D1=0 D2=0 D3=0 D4=8402840 D5=802180A1 D6=842184A1 D7=0 A0=108902 A1=108500 A2=534F4 A3=108F3C A4=10881E A5=108000 A6=108E3C PC=3F3A -- 003F3A: move.l  A5, D1
D0=1300 D1=108000 D2=0 D3=0 D4=8402840 D5=802180A1 D6=842184A1 D7=0 A0=108902 A1=108500 A2=534F4 A3=108F3C A4=10881E A5=108000 A6=108E3C PC=3F3C -- 003F3C: move.w  D0, D1
D0=1300 D1=101300 D2=0 D3=0 D4=8402840 D5=802180A1 D6=842184A1 D7=0 A0=108902 A1=108500 A2=534F4 A3=108F3C A4=10881E A5=108000 A6=108E3C PC=3F3E -- 003F3E: movea.l D1, A1
D0=1300 D1=101300 D2=0 D3=0 D4=8402840 D5=802180A1 D6=842184A1 D7=0 A0=108902 A1=101300 A2=534F4 A3=108F3C A4=10881E A5=108000 A6=108E3C PC=3F40 -- 003F40: movea.l ($28,A1), A2
D0=1300 D1=101300 D2=0 D3=0 D4=8402840 D5=802180A1 D6=842184A1 D7=0 A0=108902 A1=101300 A2=F6CD0 A3=108F3C A4=10881E A5=108000 A6=108E3C PC=3F44 -- 003F44: lea     $7bf48.l, A4
D0=1300 D1=101300 D2=0 D3=0 D4=8402840 D5=802180A1 D6=842184A1 D7=0 A0=108902 A1=101300 A2=F6CD0 A3=108F3C A4=7BF48 A5=108000 A6=108E3C PC=3F4A -- 003F4A: move.w  ($70,A1), D0
D0=1B D1=101300 D2=0 D3=0 D4=8402840 D5=802180A1 D6=842184A1 D7=0 A0=108902 A1=101300 A2=F6CD0 A3=108F3C A4=7BF48 A5=108000 A6=108E3C PC=3F4E -- 003F4E: add.w   D0, D0
D0=36 D1=101300 D2=0 D3=0 D4=8402840 D5=802180A1 D6=842184A1 D7=0 A0=108902 A1=101300 A2=F6CD0 A3=108F3C A4=7BF48 A5=108000 A6=108E3C PC=3F50 -- 003F50: add.w   D0, D0
D0=6C D1=101300 D2=0 D3=0 D4=8402840 D5=802180A1 D6=842184A1 D7=0 A0=108902 A1=101300 A2=F6CD0 A3=108F3C A4=7BF48 A5=108000 A6=108E3C PC=3F52 -- 003F52: movea.l (A4,D0.w), A4
D0=6C D1=101300 D2=0 D3=0 D4=8402840 D5=802180A1 D6=842184A1 D7=0 A0=108902 A1=101300 A2=F6CD0 A3=108F3C A4=7F5E0 A5=108000 A6=108E3C PC=3F56 -- 003F56: move.w  ($72,A1), D0
D0=31 D1=101300 D2=0 D3=0 D4=8402840 D5=802180A1 D6=842184A1 D7=0 A0=108902 A1=101300 A2=F6CD0 A3=108F3C A4=7F5E0 A5=108000 A6=108E3C PC=3F5A -- 003F5A: add.w   D0, D0
D0=62 D1=101300 D2=0 D3=0 D4=8402840 D5=802180A1 D6=842184A1 D7=0 A0=108902 A1=101300 A2=F6CD0 A3=108F3C A4=7F5E0 A5=108000 A6=108E3C PC=3F5C -- 003F5C: move.w  (A4,D0.w), ($46de,A5)
D0=62 D1=101300 D2=0 D3=0 D4=8402840 D5=802180A1 D6=842184A1 D7=0 A0=108902 A1=101300 A2=F6CD0 A3=108F3C A4=7F5E0 A5=108000 A6=108E3C PC=3F62 -- 003F62: lea     $80000.l, A4
D0=62 D1=101300 D2=0 D3=0 D4=8402840 D5=802180A1 D6=842184A1 D7=0 A0=108902 A1=101300 A2=F6CD0 A3=108F3C A4=80000 A5=108000 A6=108E3C PC=3F68 -- 003F68: move.w  ($70,A1), D0
D0=1B D1=101300 D2=0 D3=0 D4=8402840 D5=802180A1 D6=842184A1 D7=0 A0=108902 A1=101300 A2=F6CD0 A3=108F3C A4=80000 A5=108000 A6=108E3C PC=3F6C -- 003F6C: add.w   D0, D0
D0=36 D1=101300 D2=0 D3=0 D4=8402840 D5=802180A1 D6=842184A1 D7=0 A0=108902 A1=101300 A2=F6CD0 A3=108F3C A4=80000 A5=108000 A6=108E3C PC=3F6E -- 003F6E: add.w   D0, D0
D0=6C D1=101300 D2=0 D3=0 D4=8402840 D5=802180A1 D6=842184A1 D7=0 A0=108902 A1=101300 A2=F6CD0 A3=108F3C A4=80000 A5=108000 A6=108E3C PC=3F70 -- 003F70: movea.l (A4,D0.w), A4
D0=6C D1=101300 D2=0 D3=0 D4=8402840 D5=802180A1 D6=842184A1 D7=0 A0=108902 A1=101300 A2=F6CD0 A3=108F3C A4=86E00 A5=108000 A6=108E3C PC=3F74 -- 003F74: move.w  ($46de,A5), D0
D0=3131 D1=101300 D2=0 D3=0 D4=8402840 D5=802180A1 D6=842184A1 D7=0 A0=108902 A1=101300 A2=F6CD0 A3=108F3C A4=86E00 A5=108000 A6=108E3C PC=3F78 -- 003F78: tst.b   ($46e2,A5)
D0=3131 D1=101300 D2=0 D3=0 D4=8402840 D5=802180A1 D6=842184A1 D7=0 A0=108902 A1=101300 A2=F6CD0 A3=108F3C A4=86E00 A5=108000 A6=108E3C PC=3F7C -- 003F7C: beq     $3f82
D0=3131 D1=101300 D2=0 D3=0 D4=8402840 D5=802180A1 D6=842184A1 D7=0 A0=108902 A1=101300 A2=F6CD0 A3=108F3C A4=86E00 A5=108000 A6=108E3C PC=3F82 -- 003F82: andi.w  #$ff, D0
D0=31 D1=101300 D2=0 D3=0 D4=8402840 D5=802180A1 D6=842184A1 D7=0 A0=108902 A1=101300 A2=F6CD0 A3=108F3C A4=86E00 A5=108000 A6=108E3C PC=3F86 -- 003F86: add.w   D0, D0
D0=62 D1=101300 D2=0 D3=0 D4=8402840 D5=802180A1 D6=842184A1 D7=0 A0=108902 A1=101300 A2=F6CD0 A3=108F3C A4=86E00 A5=108000 A6=108E3C PC=3F88 -- 003F88: add.w   D0, D0
D0=C4 D1=101300 D2=0 D3=0 D4=8402840 D5=802180A1 D6=842184A1 D7=0 A0=108902 A1=101300 A2=F6CD0 A3=108F3C A4=86E00 A5=108000 A6=108E3C PC=3F8A -- 003F8A: movea.l (A4,D0.w), A4
D0=C4 D1=101300 D2=0 D3=0 D4=8402840 D5=802180A1 D6=842184A1 D7=0 A0=108902 A1=101300 A2=F6CD0 A3=108F3C A4=F30DA A5=108000 A6=108E3C PC=3F8E -- 003F8E: move.w  ($74,A1), D0
D0=0 D1=101300 D2=0 D3=0 D4=8402840 D5=802180A1 D6=842184A1 D7=0 A0=108902 A1=101300 A2=F6CD0 A3=108F3C A4=F30DA A5=108000 A6=108E3C PC=3F92 -- 003F92: adda.w  D0, A4
D0=0 D1=101300 D2=0 D3=0 D4=8402840 D5=802180A1 D6=842184A1 D7=0 A0=108902 A1=101300 A2=F6CD0 A3=108F3C A4=F30DA A5=108000 A6=108E3C PC=3F94 -- 003F94: move.l  (A4), D0
D0=10F10E6 D1=101300 D2=0 D3=0 D4=8402840 D5=802180A1 D6=842184A1 D7=0 A0=108902 A1=101300 A2=F6CD0 A3=108F3C A4=F30DA A5=108000 A6=108E3C PC=3F96 -- 003F96: movea.l D0, A4
D0=10F10E6 D1=101300 D2=0 D3=0 D4=8402840 D5=802180A1 D6=842184A1 D7=0 A0=108902 A1=101300 A2=F6CD0 A3=108F3C A4=10F10E6 A5=108000 A6=108E3C PC=3F98 -- 003F98: move.l  A0, -(A7)
D0=10F10E6 D1=101300 D2=0 D3=0 D4=8402840 D5=802180A1 D6=842184A1 D7=0 A0=108902 A1=101300 A2=F6CD0 A3=108F3C A4=10F10E6 A5=108000 A6=108E3C PC=3F9A -- 003F9A: lea     $3c0002.l, A0
D0=10F10E6 D1=101300 D2=0 D3=0 D4=8402840 D5=802180A1 D6=842184A1 D7=0 A0=3C0002 A1=101300 A2=F6CD0 A3=108F3C A4=10F10E6 A5=108000 A6=108E3C PC=3FA0 -- 003FA0: tst.b   ($7c,A1)
D0=10F10E6 D1=101300 D2=0 D3=0 D4=8402840 D5=802180A1 D6=842184A1 D7=0 A0=3C0002 A1=101300 A2=F6CD0 A3=108F3C A4=10F10E6 A5=108000 A6=108E3C PC=3FA4 -- 003FA4: bpl     $3fc0
D0=10F10E6 D1=101300 D2=0 D3=0 D4=8402840 D5=802180A1 D6=842184A1 D7=0 A0=3C0002 A1=101300 A2=F6CD0 A3=108F3C A4=10F10E6 A5=108000 A6=108E3C PC=3FC0 -- 003FC0: moveq   #$0, D0
D0=0 D1=101300 D2=0 D3=0 D4=8402840 D5=802180A1 D6=842184A1 D7=0 A0=3C0002 A1=101300 A2=F6CD0 A3=108F3C A4=10F10E6 A5=108000 A6=108E3C PC=3FC2 -- 003FC2: move.b  (A2), D0
D0=1 D1=101300 D2=0 D3=0 D4=8402840 D5=802180A1 D6=842184A1 D7=0 A0=3C0002 A1=101300 A2=F6CD0 A3=108F3C A4=10F10E6 A5=108000 A6=108E3C PC=3FC4 -- 003FC4: sub.w   D0, ($794,A5)
D0=1 D1=101300 D2=0 D3=0 D4=8402840 D5=802180A1 D6=842184A1 D7=0 A0=3C0002 A1=101300 A2=F6CD0 A3=108F3C A4=10F10E6 A5=108000 A6=108E3C PC=3FC8 -- 003FC8: bcc     $3fd2
D0=1 D1=101300 D2=0 D3=0 D4=8402840 D5=802180A1 D6=842184A1 D7=0 A0=3C0002 A1=101300 A2=F6CD0 A3=108F3C A4=10F10E6 A5=108000 A6=108E3C PC=3FD2 -- 003FD2: move.l  A6, -(A7)
D0=1 D1=101300 D2=0 D3=0 D4=8402840 D5=802180A1 D6=842184A1 D7=0 A0=3C0002 A1=101300 A2=F6CD0 A3=108F3C A4=10F10E6 A5=108000 A6=108E3C PC=3FD4 -- 003FD4: btst    #$6, ($7c,A1)
D0=1 D1=101300 D2=0 D3=0 D4=8402840 D5=802180A1 D6=842184A1 D7=0 A0=3C0002 A1=101300 A2=F6CD0 A3=108F3C A4=10F10E6 A5=108000 A6=108E3C PC=3FDA -- 003FDA: bne     $400c
D0=1 D1=101300 D2=0 D3=0 D4=8402840 D5=802180A1 D6=842184A1 D7=0 A0=3C0002 A1=101300 A2=F6CD0 A3=108F3C A4=10F10E6 A5=108000 A6=108E3C PC=3FDE -- 003FDE: moveq   #$0, D1
D0=1 D1=0 D2=0 D3=0 D4=8402840 D5=802180A1 D6=842184A1 D7=0 A0=3C0002 A1=101300 A2=F6CD0 A3=108F3C A4=10F10E6 A5=108000 A6=108E3C PC=3FE0 -- 003FE0: move.b  ($82,A1), D1
D0=1 D1=0 D2=0 D3=0 D4=8402840 D5=802180A1 D6=842184A1 D7=0 A0=3C0002 A1=101300 A2=F6CD0 A3=108F3C A4=10F10E6 A5=108000 A6=108E3C PC=3FE4 -- 003FE4: add.w   D1, D1
D0=1 D1=0 D2=0 D3=0 D4=8402840 D5=802180A1 D6=842184A1 D7=0 A0=3C0002 A1=101300 A2=F6CD0 A3=108F3C A4=10F10E6 A5=108000 A6=108E3C PC=3FE6 -- 003FE6: add.w   D1, D1
D0=1 D1=0 D2=0 D3=0 D4=8402840 D5=802180A1 D6=842184A1 D7=0 A0=3C0002 A1=101300 A2=F6CD0 A3=108F3C A4=10F10E6 A5=108000 A6=108E3C PC=3FE8 -- 003FE8: move.w  ($18,A1), D0
D0=20 D1=0 D2=0 D3=0 D4=8402840 D5=802180A1 D6=842184A1 D7=0 A0=3C0002 A1=101300 A2=F6CD0 A3=108F3C A4=10F10E6 A5=108000 A6=108E3C PC=3FEC -- 003FEC: lea     ($104c,A5), A6
D0=20 D1=0 D2=0 D3=0 D4=8402840 D5=802180A1 D6=842184A1 D7=0 A0=3C0002 A1=101300 A2=F6CD0 A3=108F3C A4=10F10E6 A5=108000 A6=10904C PC=3FF0 -- 003FF0: sub.w   (A6,D1.w), D0
D0=20 D1=0 D2=0 D3=0 D4=8402840 D5=802180A1 D6=842184A1 D7=0 A0=3C0002 A1=101300 A2=F6CD0 A3=108F3C A4=10F10E6 A5=108000 A6=10904C PC=3FF4 -- 003FF4: move.w  D0, ($24,A1)
D0=20 D1=0 D2=0 D3=0 D4=8402840 D5=802180A1 D6=842184A1 D7=0 A0=3C0002 A1=101300 A2=F6CD0 A3=108F3C A4=10F10E6 A5=108000 A6=10904C PC=3FF8 -- 003FF8: move.w  ($1c,A1), D0
D0=60 D1=0 D2=0 D3=0 D4=8402840 D5=802180A1 D6=842184A1 D7=0 A0=3C0002 A1=101300 A2=F6CD0 A3=108F3C A4=10F10E6 A5=108000 A6=10904C PC=3FFC -- 003FFC: sub.w   ($20,A1), D0
D0=60 D1=0 D2=0 D3=0 D4=8402840 D5=802180A1 D6=842184A1 D7=0 A0=3C0002 A1=101300 A2=F6CD0 A3=108F3C A4=10F10E6 A5=108000 A6=10904C PC=4000 -- 004000: lea     ($1058,A5), A6
D0=60 D1=0 D2=0 D3=0 D4=8402840 D5=802180A1 D6=842184A1 D7=0 A0=3C0002 A1=101300 A2=F6CD0 A3=108F3C A4=10F10E6 A5=108000 A6=109058 PC=4004 -- 004004: sub.w   (A6,D1.w), D0
D0=60 D1=0 D2=0 D3=0 D4=8402840 D5=802180A1 D6=842184A1 D7=0 A0=3C0002 A1=101300 A2=F6CD0 A3=108F3C A4=10F10E6 A5=108000 A6=109058 PC=4008 -- 004008: move.w  D0, ($26,A1)
D0=60 D1=0 D2=0 D3=0 D4=8402840 D5=802180A1 D6=842184A1 D7=0 A0=3C0002 A1=101300 A2=F6CD0 A3=108F3C A4=10F10E6 A5=108000 A6=109058 PC=400C -- 00400C: tst.b   ($3a66,A5)
D0=60 D1=0 D2=0 D3=0 D4=8402840 D5=802180A1 D6=842184A1 D7=0 A0=3C0002 A1=101300 A2=F6CD0 A3=108F3C A4=10F10E6 A5=108000 A6=109058 PC=4010 -- 004010: bmi     $4018
D0=60 D1=0 D2=0 D3=0 D4=8402840 D5=802180A1 D6=842184A1 D7=0 A0=3C0002 A1=101300 A2=F6CD0 A3=108F3C A4=10F10E6 A5=108000 A6=109058 PC=4012 -- 004012: bsr     $4088
D0=60 D1=0 D2=0 D3=0 D4=8402840 D5=802180A1 D6=842184A1 D7=0 A0=3C0002 A1=101300 A2=F6CD0 A3=108F3C A4=10F10E6 A5=108000 A6=109058 PC=4088 -- 004088: move.w  (A4), D0
D0=0 D1=0 D2=0 D3=0 D4=8402840 D5=802180A1 D6=842184A1 D7=0 A0=3C0002 A1=101300 A2=F6CD0 A3=108F3C A4=10F10E6 A5=108000 A6=109058 PC=408A -- 00408A: move.b  ($31,A1), D1
D0=0 D1=0 D2=0 D3=0 D4=8402840 D5=802180A1 D6=842184A1 D7=0 A0=3C0002 A1=101300 A2=F6CD0 A3=108F3C A4=10F10E6 A5=108000 A6=109058 PC=408E -- 00408E: move.b  ($4,A4), D2
D0=0 D1=0 D2=0 D3=0 D4=8402840 D5=802180A1 D6=842184A1 D7=0 A0=3C0002 A1=101300 A2=F6CD0 A3=108F3C A4=10F10E6 A5=108000 A6=109058 PC=4092 -- 004092: rol.b   #2, D2
D0=0 D1=0 D2=0 D3=0 D4=8402840 D5=802180A1 D6=842184A1 D7=0 A0=3C0002 A1=101300 A2=F6CD0 A3=108F3C A4=10F10E6 A5=108000 A6=109058 PC=4094 -- 004094: eor.w   D2, D1
D0=0 D1=0 D2=0 D3=0 D4=8402840 D5=802180A1 D6=842184A1 D7=0 A0=3C0002 A1=101300 A2=F6CD0 A3=108F3C A4=10F10E6 A5=108000 A6=109058 PC=4096 -- 004096: andi.w  #$3, D1
D0=0 D1=0 D2=0 D3=0 D4=8402840 D5=802180A1 D6=842184A1 D7=0 A0=3C0002 A1=101300 A2=F6CD0 A3=108F3C A4=10F10E6 A5=108000 A6=109058 PC=409A -- 00409A: move.w  D1, ($790,A5)
D0=0 D1=0 D2=0 D3=0 D4=8402840 D5=802180A1 D6=842184A1 D7=0 A0=3C0002 A1=101300 A2=F6CD0 A3=108F3C A4=10F10E6 A5=108000 A6=109058 PC=409E -- 00409E: andi.w  #$1, D1
D0=0 D1=0 D2=0 D3=0 D4=8402840 D5=802180A1 D6=842184A1 D7=0 A0=3C0002 A1=101300 A2=F6CD0 A3=108F3C A4=10F10E6 A5=108000 A6=109058 PC=40A2 -- 0040A2: beq     $40ae
D0=0 D1=0 D2=0 D3=0 D4=8402840 D5=802180A1 D6=842184A1 D7=0 A0=3C0002 A1=101300 A2=F6CD0 A3=108F3C A4=10F10E6 A5=108000 A6=109058 PC=40AE -- 0040AE: moveq   #$0, D1
D0=0 D1=0 D2=0 D3=0 D4=8402840 D5=802180A1 D6=842184A1 D7=0 A0=3C0002 A1=101300 A2=F6CD0 A3=108F3C A4=10F10E6 A5=108000 A6=109058 PC=40B0 -- 0040B0: move.b  ($68,A1), D1
D0=0 D1=FF D2=0 D3=0 D4=8402840 D5=802180A1 D6=842184A1 D7=0 A0=3C0002 A1=101300 A2=F6CD0 A3=108F3C A4=10F10E6 A5=108000 A6=109058 PC=40B4 -- 0040B4: addq.w  #1, D1
D0=0 D1=100 D2=0 D3=0 D4=8402840 D5=802180A1 D6=842184A1 D7=0 A0=3C0002 A1=101300 A2=F6CD0 A3=108F3C A4=10F10E6 A5=108000 A6=109058 PC=40B6 -- 0040B6: muls.w  D1, D0
D0=0 D1=100 D2=0 D3=0 D4=8402840 D5=802180A1 D6=842184A1 D7=0 A0=3C0002 A1=101300 A2=F6CD0 A3=108F3C A4=10F10E6 A5=108000 A6=109058 PC=40B8 -- 0040B8: lsr.l   #8, D0
D0=0 D1=100 D2=0 D3=0 D4=8402840 D5=802180A1 D6=842184A1 D7=0 A0=3C0002 A1=101300 A2=F6CD0 A3=108F3C A4=10F10E6 A5=108000 A6=109058 PC=40BA -- 0040BA: add.w   ($24,A1), D0
D0=20 D1=100 D2=0 D3=0 D4=8402840 D5=802180A1 D6=842184A1 D7=0 A0=3C0002 A1=101300 A2=F6CD0 A3=108F3C A4=10F10E6 A5=108000 A6=109058 PC=40BE -- 0040BE: lsl.w   #7, D0
D0=1000 D1=100 D2=0 D3=0 D4=8402840 D5=802180A1 D6=842184A1 D7=0 A0=3C0002 A1=101300 A2=F6CD0 A3=108F3C A4=10F10E6 A5=108000 A6=109058 PC=40C0 -- 0040C0: move.w  D6, (-$2,A0)
D0=1000 D1=100 D2=0 D3=0 D4=8402840 D5=802180A1 D6=842184A1 D7=0 A0=3C0002 A1=101300 A2=F6CD0 A3=108F3C A4=10F10E6 A5=108000 A6=109058 PC=40C4 -- 0040C4: move.w  D0, (A0)
D0=1000 D1=100 D2=0 D3=0 D4=8402840 D5=802180A1 D6=842184A1 D7=0 A0=3C0002 A1=101300 A2=F6CD0 A3=108F3C A4=10F10E6 A5=108000 A6=109058 PC=40C6 -- 0040C6: moveq   #$0, D0
D0=0 D1=100 D2=0 D3=0 D4=8402840 D5=802180A1 D6=842184A1 D7=0 A0=3C0002 A1=101300 A2=F6CD0 A3=108F3C A4=10F10E6 A5=108000 A6=109058 PC=40C8 -- 0040C8: move.b  (A2), D0
D0=1 D1=100 D2=0 D3=0 D4=8402840 D5=802180A1 D6=842184A1 D7=0 A0=3C0002 A1=101300 A2=F6CD0 A3=108F3C A4=10F10E6 A5=108000 A6=109058 PC=40CA -- 0040CA: add.w   D0, D6
D0=1 D1=100 D2=0 D3=0 D4=8402840 D5=802180A1 D6=842184A2 D7=0 A0=3C0002 A1=101300 A2=F6CD0 A3=108F3C A4=10F10E6 A5=108000 A6=109058 PC=40CC -- 0040CC: move.w  ($2,A4), D0
D0=FFFF D1=100 D2=0 D3=0 D4=8402840 D5=802180A1 D6=842184A2 D7=0 A0=3C0002 A1=101300 A2=F6CD0 A3=108F3C A4=10F10E6 A5=108000 A6=109058 PC=40D0 -- 0040D0: btst    #$1, ($791,A5)
D0=FFFF D1=100 D2=0 D3=0 D4=8402840 D5=802180A1 D6=842184A2 D7=0 A0=3C0002 A1=101300 A2=F6CD0 A3=108F3C A4=10F10E6 A5=108000 A6=109058 PC=40D6 -- 0040D6: beq     $40e4
D0=FFFF D1=100 D2=0 D3=0 D4=8402840 D5=802180A1 D6=842184A2 D7=0 A0=3C0002 A1=101300 A2=F6CD0 A3=108F3C A4=10F10E6 A5=108000 A6=109058 PC=40E4 -- 0040E4: moveq   #$0, D1
D0=FFFF D1=0 D2=0 D3=0 D4=8402840 D5=802180A1 D6=842184A2 D7=0 A0=3C0002 A1=101300 A2=F6CD0 A3=108F3C A4=10F10E6 A5=108000 A6=109058 PC=40E6 -- 0040E6: move.b  ($69,A1), D1
D0=FFFF D1=FF D2=0 D3=0 D4=8402840 D5=802180A1 D6=842184A2 D7=0 A0=3C0002 A1=101300 A2=F6CD0 A3=108F3C A4=10F10E6 A5=108000 A6=109058 PC=40EA -- 0040EA: addq.w  #1, D1
D0=FFFF D1=100 D2=0 D3=0 D4=8402840 D5=802180A1 D6=842184A2 D7=0 A0=3C0002 A1=101300 A2=F6CD0 A3=108F3C A4=10F10E6 A5=108000 A6=109058 PC=40EC -- 0040EC: muls.w  D1, D0
D0=FFFFFF00 D1=100 D2=0 D3=0 D4=8402840 D5=802180A1 D6=842184A2 D7=0 A0=3C0002 A1=101300 A2=F6CD0 A3=108F3C A4=10F10E6 A5=108000 A6=109058 PC=40EE -- 0040EE: lsr.l   #8, D0
D0=FFFFFF D1=100 D2=0 D3=0 D4=8402840 D5=802180A1 D6=842184A2 D7=0 A0=3C0002 A1=101300 A2=F6CD0 A3=108F3C A4=10F10E6 A5=108000 A6=109058 PC=40F0 -- 0040F0: add.w   ($26,A1), D0
D0=FF005F D1=100 D2=0 D3=0 D4=8402840 D5=802180A1 D6=842184A2 D7=0 A0=3C0002 A1=101300 A2=F6CD0 A3=108F3C A4=10F10E6 A5=108000 A6=109058 PC=40F4 -- 0040F4: neg.w   D0
D0=FFFFA1 D1=100 D2=0 D3=0 D4=8402840 D5=802180A1 D6=842184A2 D7=0 A0=3C0002 A1=101300 A2=F6CD0 A3=108F3C A4=10F10E6 A5=108000 A6=109058 PC=40F6 -- 0040F6: addi.w  #$1ff, D0
D0=FF01A0 D1=100 D2=0 D3=0 D4=8402840 D5=802180A1 D6=842184A2 D7=0 A0=3C0002 A1=101300 A2=F6CD0 A3=108F3C A4=10F10E6 A5=108000 A6=109058 PC=40FA -- 0040FA: lsl.w   #7, D0
D0=FFD000 D1=100 D2=0 D3=0 D4=8402840 D5=802180A1 D6=842184A2 D7=0 A0=3C0002 A1=101300 A2=F6CD0 A3=108F3C A4=10F10E6 A5=108000 A6=109058 PC=40FC -- 0040FC: bsr     $4772
D0=FFD000 D1=100 D2=0 D3=0 D4=8402840 D5=802180A1 D6=842184A2 D7=0 A0=3C0002 A1=101300 A2=F6CD0 A3=108F3C A4=10F10E6 A5=108000 A6=109058 PC=4772 -- 004772: move.w  D0, -(A7)
D0=FFD000 D1=100 D2=0 D3=0 D4=8402840 D5=802180A1 D6=842184A2 D7=0 A0=3C0002 A1=101300 A2=F6CD0 A3=108F3C A4=10F10E6 A5=108000 A6=109058 PC=4774 -- 004774: moveq   #-$1, D0
D0=FFFFFFFF D1=100 D2=0 D3=0 D4=8402840 D5=802180A1 D6=842184A2 D7=0 A0=3C0002 A1=101300 A2=F6CD0 A3=108F3C A4=10F10E6 A5=108000 A6=109058 PC=4776 -- 004776: moveq   #$0, D1
D0=FFFFFFFF D1=0 D2=0 D3=0 D4=8402840 D5=802180A1 D6=842184A2 D7=0 A0=3C0002 A1=101300 A2=F6CD0 A3=108F3C A4=10F10E6 A5=108000 A6=109058 PC=4778 -- 004778: move.b  ($1,A2), D1
D0=FFFFFFFF D1=1 D2=0 D3=0 D4=8402840 D5=802180A1 D6=842184A2 D7=0 A0=3C0002 A1=101300 A2=F6CD0 A3=108F3C A4=10F10E6 A5=108000 A6=109058 PC=477C -- 00477C: cmpi.b  #-$1, ($69,A1)
D0=FFFFFFFF D1=1 D2=0 D3=0 D4=8402840 D5=802180A1 D6=842184A2 D7=0 A0=3C0002 A1=101300 A2=F6CD0 A3=108F3C A4=10F10E6 A5=108000 A6=109058 PC=4782 -- 004782: beq     $47b4
D0=FFFFFFFF D1=1 D2=0 D3=0 D4=8402840 D5=802180A1 D6=842184A2 D7=0 A0=3C0002 A1=101300 A2=F6CD0 A3=108F3C A4=10F10E6 A5=108000 A6=109058 PC=47B4 -- 0047B4: move.b  D0, ($78f,A5)
D0=FFFFFFFF D1=1 D2=0 D3=0 D4=8402840 D5=802180A1 D6=842184A2 D7=0 A0=3C0002 A1=101300 A2=F6CD0 A3=108F3C A4=10F10E6 A5=108000 A6=109058 PC=47B8 -- 0047B8: move.b  D1, ($78e,A5)
D0=FFFFFFFF D1=1 D2=0 D3=0 D4=8402840 D5=802180A1 D6=842184A2 D7=0 A0=3C0002 A1=101300 A2=F6CD0 A3=108F3C A4=10F10E6 A5=108000 A6=109058 PC=47BC -- 0047BC: move.w  (A7)+, D0
D0=FFFFD000 D1=1 D2=0 D3=0 D4=8402840 D5=802180A1 D6=842184A2 D7=0 A0=3C0002 A1=101300 A2=F6CD0 A3=108F3C A4=10F10E6 A5=108000 A6=109058 PC=47BE -- 0047BE: rts
D0=FFFFD000 D1=1 D2=0 D3=0 D4=8402840 D5=802180A1 D6=842184A2 D7=0 A0=3C0002 A1=101300 A2=F6CD0 A3=108F3C A4=10F10E6 A5=108000 A6=109058 PC=4100 -- 004100: add.b   ($78e,A5), D0
D0=FFFFD001 D1=1 D2=0 D3=0 D4=8402840 D5=802180A1 D6=842184A2 D7=0 A0=3C0002 A1=101300 A2=F6CD0 A3=108F3C A4=10F10E6 A5=108000 A6=109058 PC=4104 -- 004104: move.w  D0, (A3)+
D0=FFFFD001 D1=1 D2=0 D3=0 D4=8402840 D5=802180A1 D6=842184A2 D7=0 A0=3C0002 A1=101300 A2=F6CD0 A3=108F3E A4=10F10E6 A5=108000 A6=109058 PC=4106 -- 004106: moveq   #$0, D0
D0=0 D1=1 D2=0 D3=0 D4=8402840 D5=802180A1 D6=842184A2 D7=0 A0=3C0002 A1=101300 A2=F6CD0 A3=108F3E A4=10F10E6 A5=108000 A6=109058 PC=4108 -- 004108: move.b  (A2), D0
D0=1 D1=1 D2=0 D3=0 D4=8402840 D5=802180A1 D6=842184A2 D7=0 A0=3C0002 A1=101300 A2=F6CD0 A3=108F3E A4=10F10E6 A5=108000 A6=109058 PC=410A -- 00410A: subq.b  #2, D0
D0=FF D1=1 D2=0 D3=0 D4=8402840 D5=802180A1 D6=842184A2 D7=0 A0=3C0002 A1=101300 A2=F6CD0 A3=108F3E A4=10F10E6 A5=108000 A6=109058 PC=410C -- 00410C: bmi     $4118
D0=FF D1=1 D2=0 D3=0 D4=8402840 D5=802180A1 D6=842184A2 D7=0 A0=3C0002 A1=101300 A2=F6CD0 A3=108F3E A4=10F10E6 A5=108000 A6=109058 PC=4118 -- 004118: move.w  #$1, ($2,A0)
D0=FF D1=1 D2=0 D3=0 D4=8402840 D5=802180A1 D6=842184A2 D7=0 A0=3C0002 A1=101300 A2=F6CD0 A3=108F3E A4=10F10E6 A5=108000 A6=109058 PC=411E -- 00411E: move.w  D5, (-$2,A0)
D0=FF D1=1 D2=0 D3=0 D4=8402840 D5=802180A1 D6=842184A2 D7=0 A0=3C0002 A1=101300 A2=F6CD0 A3=108F3E A4=10F10E6 A5=108000 A6=109058 PC=4122 -- 004122: moveq   #$0, D1
D0=FF D1=0 D2=0 D3=0 D4=8402840 D5=802180A1 D6=842184A2 D7=0 A0=3C0002 A1=101300 A2=F6CD0 A3=108F3E A4=10F10E6 A5=108000 A6=109058 PC=4124 -- 004124: move.b  ($68,A1), D0
D0=FF D1=0 D2=0 D3=0 D4=8402840 D5=802180A1 D6=842184A2 D7=0 A0=3C0002 A1=101300 A2=F6CD0 A3=108F3E A4=10F10E6 A5=108000 A6=109058 PC=4128 -- 004128: move.b  D0, D1
D0=FF D1=FF D2=0 D3=0 D4=8402840 D5=802180A1 D6=842184A2 D7=0 A0=3C0002 A1=101300 A2=F6CD0 A3=108F3E A4=10F10E6 A5=108000 A6=109058 PC=412A -- 00412A: andi.w  #$f, D0
D0=F D1=FF D2=0 D3=0 D4=8402840 D5=802180A1 D6=842184A2 D7=0 A0=3C0002 A1=101300 A2=F6CD0 A3=108F3E A4=10F10E6 A5=108000 A6=109058 PC=412E -- 00412E: lsr.b   #4, D1
D0=F D1=F D2=0 D3=0 D4=8402840 D5=802180A1 D6=842184A2 D7=0 A0=3C0002 A1=101300 A2=F6CD0 A3=108F3E A4=10F10E6 A5=108000 A6=109058 PC=4130 -- 004130: tst.b   D1
D0=F D1=F D2=0 D3=0 D4=8402840 D5=802180A1 D6=842184A2 D7=0 A0=3C0002 A1=101300 A2=F6CD0 A3=108F3E A4=10F10E6 A5=108000 A6=109058 PC=4132 -- 004132: beq     $4164
D0=F D1=F D2=0 D3=0 D4=8402840 D5=802180A1 D6=842184A2 D7=0 A0=3C0002 A1=101300 A2=F6CD0 A3=108F3E A4=10F10E6 A5=108000 A6=109058 PC=4134 -- 004134: lea     $4f9d2.l, A6
D0=F D1=F D2=0 D3=0 D4=8402840 D5=802180A1 D6=842184A2 D7=0 A0=3C0002 A1=101300 A2=F6CD0 A3=108F3E A4=10F10E6 A5=108000 A6=4F9D2 PC=413A -- 00413A: lsl.w   #5, D0
D0=1E0 D1=F D2=0 D3=0 D4=8402840 D5=802180A1 D6=842184A2 D7=0 A0=3C0002 A1=101300 A2=F6CD0 A3=108F3E A4=10F10E6 A5=108000 A6=4F9D2 PC=413C -- 00413C: adda.w  D0, A6
D0=1E0 D1=F D2=0 D3=0 D4=8402840 D5=802180A1 D6=842184A2 D7=0 A0=3C0002 A1=101300 A2=F6CD0 A3=108F3E A4=10F10E6 A5=108000 A6=4FBB2 PC=413E -- 00413E: moveq   #$f, D0
D0=F D1=F D2=0 D3=0 D4=8402840 D5=802180A1 D6=842184A2 D7=0 A0=3C0002 A1=101300 A2=F6CD0 A3=108F3E A4=10F10E6 A5=108000 A6=4FBB2 PC=4140 -- 004140: moveq   #$0, D2
D0=F D1=F D2=0 D3=0 D4=8402840 D5=802180A1 D6=842184A2 D7=0 A0=3C0002 A1=101300 A2=F6CD0 A3=108F3E A4=10F10E6 A5=108000 A6=4FBB2 PC=4142 -- 004142: move.b  (A2), D2
D0=F D1=F D2=1 D3=0 D4=8402840 D5=802180A1 D6=842184A2 D7=0 A0=3C0002 A1=101300 A2=F6CD0 A3=108F3E A4=10F10E6 A5=108000 A6=4FBB2 PC=4144 -- 004144: lsr.w   #1, D2
D0=F D1=F D2=0 D3=0 D4=8402840 D5=802180A1 D6=842184A2 D7=0 A0=3C0002 A1=101300 A2=F6CD0 A3=108F3E A4=10F10E6 A5=108000 A6=4FBB2 PC=4146 -- 004146: sub.w   D2, D0
D0=F D1=F D2=0 D3=0 D4=8402840 D5=802180A1 D6=842184A2 D7=0 A0=3C0002 A1=101300 A2=F6CD0 A3=108F3E A4=10F10E6 A5=108000 A6=4FBB2 PC=4148 -- 004148: adda.l  D0, A6
D0=F D1=F D2=0 D3=0 D4=8402840 D5=802180A1 D6=842184A2 D7=0 A0=3C0002 A1=101300 A2=F6CD0 A3=108F3E A4=10F10E6 A5=108000 A6=4FBC1 PC=414A -- 00414A: move.b  (A2), D0
D0=1 D1=F D2=0 D3=0 D4=8402840 D5=802180A1 D6=842184A2 D7=0 A0=3C0002 A1=101300 A2=F6CD0 A3=108F3E A4=10F10E6 A5=108000 A6=4FBC1 PC=414C -- 00414C: add.w   D0, D5
D0=1 D1=F D2=0 D3=0 D4=8402840 D5=802180A2 D6=842184A2 D7=0 A0=3C0002 A1=101300 A2=F6CD0 A3=108F3E A4=10F10E6 A5=108000 A6=4FBC1 PC=414E -- 00414E: subq.b  #1, D0
D0=0 D1=F D2=0 D3=0 D4=8402840 D5=802180A2 D6=842184A2 D7=0 A0=3C0002 A1=101300 A2=F6CD0 A3=108F3E A4=10F10E6 A5=108000 A6=4FBC1 PC=4150 -- 004150: move.b  D1, D2
D0=0 D1=F D2=F D3=0 D4=8402840 D5=802180A2 D6=842184A2 D7=0 A0=3C0002 A1=101300 A2=F6CD0 A3=108F3E A4=10F10E6 A5=108000 A6=4FBC1 PC=4152 -- 004152: sub.b   (A6)+, D2
D0=0 D1=F D2=F D3=0 D4=8402840 D5=802180A2 D6=842184A2 D7=0 A0=3C0002 A1=101300 A2=F6CD0 A3=108F3E A4=10F10E6 A5=108000 A6=4FBC2 PC=4154 -- 004154: lsl.w   #8, D2
D0=0 D1=F D2=F00 D3=0 D4=8402840 D5=802180A2 D6=842184A2 D7=0 A0=3C0002 A1=101300 A2=F6CD0 A3=108F3E A4=10F10E6 A5=108000 A6=4FBC2 PC=4156 -- 004156: move.b  ($69,A1), D2
D0=0 D1=F D2=FFF D3=0 D4=8402840 D5=802180A2 D6=842184A2 D7=0 A0=3C0002 A1=101300 A2=F6CD0 A3=108F3E A4=10F10E6 A5=108000 A6=4FBC2 PC=415A -- 00415A: move.w  D2, (A0)
D0=0 D1=F D2=FFF D3=0 D4=8402840 D5=802180A2 D6=842184A2 D7=0 A0=3C0002 A1=101300 A2=F6CD0 A3=108F3E A4=10F10E6 A5=108000 A6=4FBC2 PC=415C -- 00415C: dbra    D0, $4150
D0=FFFF D1=F D2=FFF D3=0 D4=8402840 D5=802180A2 D6=842184A2 D7=0 A0=3C0002 A1=101300 A2=F6CD0 A3=108F3E A4=10F10E6 A5=108000 A6=4FBC2 PC=4160 -- 004160: bra     $4178
D0=FFFF D1=F D2=FFF D3=0 D4=8402840 D5=802180A2 D6=842184A2 D7=0 A0=3C0002 A1=101300 A2=F6CD0 A3=108F3E A4=10F10E6 A5=108000 A6=4FBC2 PC=4178 -- 004178: move.b  ($2,A2), D0
D0=FFC7 D1=F D2=FFF D3=0 D4=8402840 D5=802180A2 D6=842184A2 D7=0 A0=3C0002 A1=101300 A2=F6CD0 A3=108F3E A4=10F10E6 A5=108000 A6=4FBC2 PC=417C -- 00417C: tst.b   ($80,A1)
D0=FFC7 D1=F D2=FFF D3=0 D4=8402840 D5=802180A2 D6=842184A2 D7=0 A0=3C0002 A1=101300 A2=F6CD0 A3=108F3E A4=10F10E6 A5=108000 A6=4FBC2 PC=4180 -- 004180: beq     $4188
D0=FFC7 D1=F D2=FFF D3=0 D4=8402840 D5=802180A2 D6=842184A2 D7=0 A0=3C0002 A1=101300 A2=F6CD0 A3=108F3E A4=10F10E6 A5=108000 A6=4FBC2 PC=4188 -- 004188: add.b   ($30,A1), D0
D0=FFC7 D1=F D2=FFF D3=0 D4=8402840 D5=802180A2 D6=842184A2 D7=0 A0=3C0002 A1=101300 A2=F6CD0 A3=108F3E A4=10F10E6 A5=108000 A6=4FBC2 PC=418C -- 00418C: lsl.w   #8, D0
D0=C700 D1=F D2=FFF D3=0 D4=8402840 D5=802180A2 D6=842184A2 D7=0 A0=3C0002 A1=101300 A2=F6CD0 A3=108F3E A4=10F10E6 A5=108000 A6=4FBC2 PC=418E -- 00418E: tst.b   ($3,A2)
D0=C700 D1=F D2=FFF D3=0 D4=8402840 D5=802180A2 D6=842184A2 D7=0 A0=3C0002 A1=101300 A2=F6CD0 A3=108F3E A4=10F10E6 A5=108000 A6=4FBC2 PC=4192 -- 004192: beq     $4198
D0=C700 D1=F D2=FFF D3=0 D4=8402840 D5=802180A2 D6=842184A2 D7=0 A0=3C0002 A1=101300 A2=F6CD0 A3=108F3E A4=10F10E6 A5=108000 A6=4FBC2 PC=4194 -- 004194: move.b  #$10, D0
D0=C710 D1=F D2=FFF D3=0 D4=8402840 D5=802180A2 D6=842184A2 D7=0 A0=3C0002 A1=101300 A2=F6CD0 A3=108F3E A4=10F10E6 A5=108000 A6=4FBC2 PC=4198 -- 004198: move.w  ($4,A2), D1
D0=C710 D1=DCA4 D2=FFF D3=0 D4=8402840 D5=802180A2 D6=842184A2 D7=0 A0=3C0002 A1=101300 A2=F6CD0 A3=108F3E A4=10F10E6 A5=108000 A6=4FBC2 PC=419C -- 00419C: moveq   #$0, D3
D0=C710 D1=DCA4 D2=FFF D3=0 D4=8402840 D5=802180A2 D6=842184A2 D7=0 A0=3C0002 A1=101300 A2=F6CD0 A3=108F3E A4=10F10E6 A5=108000 A6=4FBC2 PC=419E -- 00419E: move.b  (A2), D3
D0=C710 D1=DCA4 D2=FFF D3=1 D4=8402840 D5=802180A2 D6=842184A2 D7=0 A0=3C0002 A1=101300 A2=F6CD0 A3=108F3E A4=10F10E6 A5=108000 A6=4FBC2 PC=41A0 -- 0041A0: subq.b  #1, D3
D0=C710 D1=DCA4 D2=FFF D3=0 D4=8402840 D5=802180A2 D6=842184A2 D7=0 A0=3C0002 A1=101300 A2=F6CD0 A3=108F3E A4=10F10E6 A5=108000 A6=4FBC2 PC=41A2 -- 0041A2: move.w  ($790,A5), D7
D0=C710 D1=DCA4 D2=FFF D3=0 D4=8402840 D5=802180A2 D6=842184A2 D7=0 A0=3C0002 A1=101300 A2=F6CD0 A3=108F3E A4=10F10E6 A5=108000 A6=4FBC2 PC=41A6 -- 0041A6: add.w   D7, D7
D0=C710 D1=DCA4 D2=FFF D3=0 D4=8402840 D5=802180A2 D6=842184A2 D7=0 A0=3C0002 A1=101300 A2=F6CD0 A3=108F3E A4=10F10E6 A5=108000 A6=4FBC2 PC=41A8 -- 0041A8: add.w   D7, D7
D0=C710 D1=DCA4 D2=FFF D3=0 D4=8402840 D5=802180A2 D6=842184A2 D7=0 A0=3C0002 A1=101300 A2=F6CD0 A3=108F3E A4=10F10E6 A5=108000 A6=4FBC2 PC=41AA -- 0041AA: movea.l ($4,PC,D7.w), A6
D0=C710 D1=DCA4 D2=FFF D3=0 D4=8402840 D5=802180A2 D6=842184A2 D7=0 A0=3C0002 A1=101300 A2=F6CD0 A3=108F3E A4=10F10E6 A5=108000 A6=428C PC=41AE -- 0041AE: jmp     (A6)
D0=C710 D1=DCA4 D2=FFF D3=0 D4=8402840 D5=802180A2 D6=842184A2 D7=0 A0=3C0002 A1=101300 A2=F6CD0 A3=108F3E A4=10F10E6 A5=108000 A6=428C PC=428C -- 00428C: lea     ($6,A2), A6
D0=C710 D1=DCA4 D2=FFF D3=0 D4=8402840 D5=802180A2 D6=842184A2 D7=0 A0=3C0002 A1=101300 A2=F6CD0 A3=108F3E A4=10F10E6 A5=108000 A6=F6CD6 PC=4290 -- 004290: move.w  #$1, ($2,A0)
D0=C710 D1=DCA4 D2=FFF D3=0 D4=8402840 D5=802180A2 D6=842184A2 D7=0 A0=3C0002 A1=101300 A2=F6CD0 A3=108F3E A4=10F10E6 A5=108000 A6=F6CD6 PC=4296 -- 004296: moveq   #$0, D7
D0=C710 D1=DCA4 D2=FFF D3=0 D4=8402840 D5=802180A2 D6=842184A2 D7=0 A0=3C0002 A1=101300 A2=F6CD0 A3=108F3E A4=10F10E6 A5=108000 A6=F6CD6 PC=4298 -- 004298: move.b  ($1,A2), D7
D0=C710 D1=DCA4 D2=FFF D3=0 D4=8402840 D5=802180A2 D6=842184A2 D7=1 A0=3C0002 A1=101300 A2=F6CD0 A3=108F3E A4=10F10E6 A5=108000 A6=F6CD6 PC=429C -- 00429C: subq.b  #1, D7
D0=C710 D1=DCA4 D2=FFF D3=0 D4=8402840 D5=802180A2 D6=842184A2 D7=0 A0=3C0002 A1=101300 A2=F6CD0 A3=108F3E A4=10F10E6 A5=108000 A6=F6CD6 PC=429E -- 00429E: move.w  (A6)+, D2
D0=C710 D1=DCA4 D2=8000 D3=0 D4=8402840 D5=802180A2 D6=842184A2 D7=0 A0=3C0002 A1=101300 A2=F6CD0 A3=108F3E A4=10F10E6 A5=108000 A6=F6CD8 PC=42A0 -- 0042A0: move.w  D4, (-$2,A0)
D0=C710 D1=DCA4 D2=8000 D3=0 D4=8402840 D5=802180A2 D6=842184A2 D7=0 A0=3C0002 A1=101300 A2=F6CD0 A3=108F3E A4=10F10E6 A5=108000 A6=F6CD8 PC=42A4 -- 0042A4: add.w   D2, D2
D0=C710 D1=DCA4 D2=0 D3=0 D4=8402840 D5=802180A2 D6=842184A2 D7=0 A0=3C0002 A1=101300 A2=F6CD0 A3=108F3E A4=10F10E6 A5=108000 A6=F6CD8 PC=42A6 -- 0042A6: bcc     $42b8
D0=C710 D1=DCA4 D2=0 D3=0 D4=8402840 D5=802180A2 D6=842184A2 D7=0 A0=3C0002 A1=101300 A2=F6CD0 A3=108F3E A4=10F10E6 A5=108000 A6=F6CD8 PC=42A8 -- 0042A8: move.w  D1, (A0)
D0=C710 D1=DCA4 D2=0 D3=0 D4=8402840 D5=802180A2 D6=842184A2 D7=0 A0=3C0002 A1=101300 A2=F6CD0 A3=108F3E A4=10F10E6 A5=108000 A6=F6CD8 PC=42AA -- 0042AA: nop
D0=C710 D1=DCA4 D2=0 D3=0 D4=8402840 D5=802180A2 D6=842184A2 D7=0 A0=3C0002 A1=101300 A2=F6CD0 A3=108F3E A4=10F10E6 A5=108000 A6=F6CD8 PC=42AC -- 0042AC: move.w  D0, (A0)
D0=C710 D1=DCA4 D2=0 D3=0 D4=8402840 D5=802180A2 D6=842184A2 D7=0 A0=3C0002 A1=101300 A2=F6CD0 A3=108F3E A4=10F10E6 A5=108000 A6=F6CD8 PC=42AE -- 0042AE: addq.w  #1, D1
D0=C710 D1=DCA5 D2=0 D3=0 D4=8402840 D5=802180A2 D6=842184A2 D7=0 A0=3C0002 A1=101300 A2=F6CD0 A3=108F3E A4=10F10E6 A5=108000 A6=F6CD8 PC=42B0 -- 0042B0: bcc     $42c0
D0=C710 D1=DCA5 D2=0 D3=0 D4=8402840 D5=802180A2 D6=842184A2 D7=0 A0=3C0002 A1=101300 A2=F6CD0 A3=108F3E A4=10F10E6 A5=108000 A6=F6CD8 PC=42C0 -- 0042C0: dbra    D7, $42a4
D0=C710 D1=DCA5 D2=0 D3=0 D4=8402840 D5=802180A2 D6=842184A2 D7=FFFF A0=3C0002 A1=101300 A2=F6CD0 A3=108F3E A4=10F10E6 A5=108000 A6=F6CD8 PC=42C4 -- 0042C4: bsr     $47c0
D0=C710 D1=DCA5 D2=0 D3=0 D4=8402840 D5=802180A2 D6=842184A2 D7=FFFF A0=3C0002 A1=101300 A2=F6CD0 A3=108F3E A4=10F10E6 A5=108000 A6=F6CD8 PC=47C0 -- 0047C0: tst.b   ($78f,A5)
D0=C710 D1=DCA5 D2=0 D3=0 D4=8402840 D5=802180A2 D6=842184A2 D7=FFFF A0=3C0002 A1=101300 A2=F6CD0 A3=108F3E A4=10F10E6 A5=108000 A6=F6CD8 PC=47C4 -- 0047C4: bpl     $47c8
D0=C710 D1=DCA5 D2=0 D3=0 D4=8402840 D5=802180A2 D6=842184A2 D7=FFFF A0=3C0002 A1=101300 A2=F6CD0 A3=108F3E A4=10F10E6 A5=108000 A6=F6CD8 PC=47C6 -- 0047C6: rts
D0=C710 D1=DCA5 D2=0 D3=0 D4=8402840 D5=802180A2 D6=842184A2 D7=FFFF A0=3C0002 A1=101300 A2=F6CD0 A3=108F3E A4=10F10E6 A5=108000 A6=F6CD8 PC=42C8 -- 0042C8: addi.w  #$40, D4
D0=C710 D1=DCA5 D2=0 D3=0 D4=8402880 D5=802180A2 D6=842184A2 D7=FFFF A0=3C0002 A1=101300 A2=F6CD0 A3=108F3E A4=10F10E6 A5=108000 A6=F6CD8 PC=42CC -- 0042CC: dbra    D3, $4296
D0=C710 D1=DCA5 D2=0 D3=FFFF D4=8402880 D5=802180A2 D6=842184A2 D7=FFFF A0=3C0002 A1=101300 A2=F6CD0 A3=108F3E A4=10F10E6 A5=108000 A6=F6CD8 PC=42D0 -- 0042D0: rts
D0=C710 D1=DCA5 D2=0 D3=FFFF D4=8402880 D5=802180A2 D6=842184A2 D7=FFFF A0=3C0002 A1=101300 A2=F6CD0 A3=108F3E A4=10F10E6 A5=108000 A6=F6CD8 PC=4016 -- 004016: bra     $401c
D0=C710 D1=DCA5 D2=0 D3=FFFF D4=8402880 D5=802180A2 D6=842184A2 D7=FFFF A0=3C0002 A1=101300 A2=F6CD0 A3=108F3E A4=10F10E6 A5=108000 A6=F6CD8 PC=401C -- 00401C: movea.l (A7)+, A6
D0=C710 D1=DCA5 D2=0 D3=FFFF D4=8402880 D5=802180A2 D6=842184A2 D7=FFFF A0=3C0002 A1=101300 A2=F6CD0 A3=108F3E A4=10F10E6 A5=108000 A6=108E3C PC=401E -- 00401E: btst    #$5, ($4,A4)
D0=C710 D1=DCA5 D2=0 D3=FFFF D4=8402880 D5=802180A2 D6=842184A2 D7=FFFF A0=3C0002 A1=101300 A2=F6CD0 A3=108F3E A4=10F10E6 A5=108000 A6=108E3C PC=4024 -- 004024: beq     $4056
D0=C710 D1=DCA5 D2=0 D3=FFFF D4=8402880 D5=802180A2 D6=842184A2 D7=FFFF A0=3C0002 A1=101300 A2=F6CD0 A3=108F3E A4=10F10E6 A5=108000 A6=108E3C PC=4056 -- 004056: tst.b   ($7c,A1)
D0=C710 D1=DCA5 D2=0 D3=FFFF D4=8402880 D5=802180A2 D6=842184A2 D7=FFFF A0=3C0002 A1=101300 A2=F6CD0 A3=108F3E A4=10F10E6 A5=108000 A6=108E3C PC=405A -- 00405A: bpl     $4064
D0=C710 D1=DCA5 D2=0 D3=FFFF D4=8402880 D5=802180A2 D6=842184A2 D7=FFFF A0=3C0002 A1=101300 A2=F6CD0 A3=108F3E A4=10F10E6 A5=108000 A6=108E3C PC=4064 -- 004064: movea.l (A7)+, A0
D0=C710 D1=DCA5 D2=0 D3=FFFF D4=8402880 D5=802180A2 D6=842184A2 D7=FFFF A0=108902 A1=101300 A2=F6CD0 A3=108F3E A4=10F10E6 A5=108000 A6=108E3C PC=4066 -- 004066: subq.w  #1, ($e3a,A5)
D0=C710 D1=DCA5 D2=0 D3=FFFF D4=8402880 D5=802180A2 D6=842184A2 D7=FFFF A0=108902 A1=101300 A2=F6CD0 A3=108F3E A4=10F10E6 A5=108000 A6=108E3C PC=406A -- 00406A: bne     $3f32
D0=C710 D1=DCA5 D2=0 D3=FFFF D4=8402880 D5=802180A2 D6=842184A2 D7=FFFF A0=108902 A1=101300 A2=F6CD0 A3=108F3E A4=10F10E6 A5=108000 A6=108E3C PC=3F32 -- 003F32: move.w  (A0)+, D0
D0=1100 D1=DCA5 D2=0 D3=FFFF D4=8402880 D5=802180A2 D6=842184A2 D7=FFFF A0=108904 A1=101300 A2=F6CD0 A3=108F3E A4=10F10E6 A5=108000 A6=108E3C PC=3F34 -- 003F34: beq     $3f32
D0=1100 D1=DCA5 D2=0 D3=FFFF D4=8402880 D5=802180A2 D6=842184A2 D7=FFFF A0=108904 A1=101300 A2=F6CD0 A3=108F3E A4=10F10E6 A5=108000 A6=108E3C PC=3F36 -- 003F36: clr.w   (-$2,A0)
D0=1100 D1=DCA5 D2=0 D3=FFFF D4=8402880 D5=802180A2 D6=842184A2 D7=FFFF A0=108904 A1=101300 A2=F6CD0 A3=108F3E A4=10F10E6 A5=108000 A6=108E3C PC=3F3A -- 003F3A: move.l  A5, D1
D0=1100 D1=108000 D2=0 D3=FFFF D4=8402880 D5=802180A2 D6=842184A2 D7=FFFF A0=108904 A1=101300 A2=F6CD0 A3=108F3E A4=10F10E6 A5=108000 A6=108E3C PC=3F3C -- 003F3C: move.w  D0, D1
D0=1100 D1=101100 D2=0 D3=FFFF D4=8402880 D5=802180A2 D6=842184A2 D7=FFFF A0=108904 A1=101300 A2=F6CD0 A3=108F3E A4=10F10E6 A5=108000 A6=108E3C PC=3F3E -- 003F3E: movea.l D1, A1
D0=1100 D1=101100 D2=0 D3=FFFF D4=8402880 D5=802180A2 D6=842184A2 D7=FFFF A0=108904 A1=101100 A2=F6CD0 A3=108F3E A4=10F10E6 A5=108000 A6=108E3C PC=3F40 -- 003F40: movea.l ($28,A1), A2
D0=1100 D1=101100 D2=0 D3=FFFF D4=8402880 D5=802180A2 D6=842184A2 D7=FFFF A0=108904 A1=101100 A2=F6D00 A3=108F3E A4=10F10E6 A5=108000 A6=108E3C PC=3F44 -- 003F44: lea     $7bf48.l, A4
D0=1100 D1=101100 D2=0 D3=FFFF D4=8402880 D5=802180A2 D6=842184A2 D7=FFFF A0=108904 A1=101100 A2=F6D00 A3=108F3E A4=7BF48 A5=108000 A6=108E3C PC=3F4A -- 003F4A: move.w  ($70,A1), D0
D0=1B D1=101100 D2=0 D3=FFFF D4=8402880 D5=802180A2 D6=842184A2 D7=FFFF A0=108904 A1=101100 A2=F6D00 A3=108F3E A4=7BF48 A5=108000 A6=108E3C PC=3F4E -- 003F4E: add.w   D0, D0
D0=36 D1=101100 D2=0 D3=FFFF D4=8402880 D5=802180A2 D6=842184A2 D7=FFFF A0=108904 A1=101100 A2=F6D00 A3=108F3E A4=7BF48 A5=108000 A6=108E3C PC=3F50 -- 003F50: add.w   D0, D0
D0=6C D1=101100 D2=0 D3=FFFF D4=8402880 D5=802180A2 D6=842184A2 D7=FFFF A0=108904 A1=101100 A2=F6D00 A3=108F3E A4=7BF48 A5=108000 A6=108E3C PC=3F52 -- 003F52: movea.l (A4,D0.w), A4
D0=6C D1=101100 D2=0 D3=FFFF D4=8402880 D5=802180A2 D6=842184A2 D7=FFFF A0=108904 A1=101100 A2=F6D00 A3=108F3E A4=7F5E0 A5=108000 A6=108E3C PC=3F56 -- 003F56: move.w  ($72,A1), D0
D0=32 D1=101100 D2=0 D3=FFFF D4=8402880 D5=802180A2 D6=842184A2 D7=FFFF A0=108904 A1=101100 A2=F6D00 A3=108F3E A4=7F5E0 A5=108000 A6=108E3C PC=3F5A -- 003F5A: add.w   D0, D0
D0=64 D1=101100 D2=0 D3=FFFF D4=8402880 D5=802180A2 D6=842184A2 D7=FFFF A0=108904 A1=101100 A2=F6D00 A3=108F3E A4=7F5E0 A5=108000 A6=108E3C PC=3F5C -- 003F5C: move.w  (A4,D0.w), ($46de,A5)
D0=64 D1=101100 D2=0 D3=FFFF D4=8402880 D5=802180A2 D6=842184A2 D7=FFFF A0=108904 A1=101100 A2=F6D00 A3=108F3E A4=7F5E0 A5=108000 A6=108E3C PC=3F62 -- 003F62: lea     $80000.l, A4
D0=64 D1=101100 D2=0 D3=FFFF D4=8402880 D5=802180A2 D6=842184A2 D7=FFFF A0=108904 A1=101100 A2=F6D00 A3=108F3E A4=80000 A5=108000 A6=108E3C PC=3F68 -- 003F68: move.w  ($70,A1), D0
D0=1B D1=101100 D2=0 D3=FFFF D4=8402880 D5=802180A2 D6=842184A2 D7=FFFF A0=108904 A1=101100 A2=F6D00 A3=108F3E A4=80000 A5=108000 A6=108E3C PC=3F6C -- 003F6C: add.w   D0, D0
D0=36 D1=101100 D2=0 D3=FFFF D4=8402880 D5=802180A2 D6=842184A2 D7=FFFF A0=108904 A1=101100 A2=F6D00 A3=108F3E A4=80000 A5=108000 A6=108E3C PC=3F6E -- 003F6E: add.w   D0, D0
D0=6C D1=101100 D2=0 D3=FFFF D4=8402880 D5=802180A2 D6=842184A2 D7=FFFF A0=108904 A1=101100 A2=F6D00 A3=108F3E A4=80000 A5=108000 A6=108E3C PC=3F70 -- 003F70: movea.l (A4,D0.w), A4
D0=6C D1=101100 D2=0 D3=FFFF D4=8402880 D5=802180A2 D6=842184A2 D7=FFFF A0=108904 A1=101100 A2=F6D00 A3=108F3E A4=86E00 A5=108000 A6=108E3C PC=3F74 -- 003F74: move.w  ($46de,A5), D0
D0=3232 D1=101100 D2=0 D3=FFFF D4=8402880 D5=802180A2 D6=842184A2 D7=FFFF A0=108904 A1=101100 A2=F6D00 A3=108F3E A4=86E00 A5=108000 A6=108E3C PC=3F78 -- 003F78: tst.b   ($46e2,A5)
D0=3232 D1=101100 D2=0 D3=FFFF D4=8402880 D5=802180A2 D6=842184A2 D7=FFFF A0=108904 A1=101100 A2=F6D00 A3=108F3E A4=86E00 A5=108000 A6=108E3C PC=3F7C -- 003F7C: beq     $3f82
D0=3232 D1=101100 D2=0 D3=FFFF D4=8402880 D5=802180A2 D6=842184A2 D7=FFFF A0=108904 A1=101100 A2=F6D00 A3=108F3E A4=86E00 A5=108000 A6=108E3C PC=3F82 -- 003F82: andi.w  #$ff, D0
D0=32 D1=101100 D2=0 D3=FFFF D4=8402880 D5=802180A2 D6=842184A2 D7=FFFF A0=108904 A1=101100 A2=F6D00 A3=108F3E A4=86E00 A5=108000 A6=108E3C PC=3F86 -- 003F86: add.w   D0, D0
D0=64 D1=101100 D2=0 D3=FFFF D4=8402880 D5=802180A2 D6=842184A2 D7=FFFF A0=108904 A1=101100 A2=F6D00 A3=108F3E A4=86E00 A5=108000 A6=108E3C PC=3F88 -- 003F88: add.w   D0, D0
D0=C8 D1=101100 D2=0 D3=FFFF D4=8402880 D5=802180A2 D6=842184A2 D7=FFFF A0=108904 A1=101100 A2=F6D00 A3=108F3E A4=86E00 A5=108000 A6=108E3C PC=3F8A -- 003F8A: movea.l (A4,D0.w), A4
D0=C8 D1=101100 D2=0 D3=FFFF D4=8402880 D5=802180A2 D6=842184A2 D7=FFFF A0=108904 A1=101100 A2=F6D00 A3=108F3E A4=F30E2 A5=108000 A6=108E3C PC=3F8E -- 003F8E: move.w  ($74,A1), D0
D0=0 D1=101100 D2=0 D3=FFFF D4=8402880 D5=802180A2 D6=842184A2 D7=FFFF A0=108904 A1=101100 A2=F6D00 A3=108F3E A4=F30E2 A5=108000 A6=108E3C PC=3F92 -- 003F92: adda.w  D0, A4
D0=0 D1=101100 D2=0 D3=FFFF D4=8402880 D5=802180A2 D6=842184A2 D7=FFFF A0=108904 A1=101100 A2=F6D00 A3=108F3E A4=F30E2 A5=108000 A6=108E3C PC=3F94 -- 003F94: move.l  (A4), D0
D0=10F110A D1=101100 D2=0 D3=FFFF D4=8402880 D5=802180A2 D6=842184A2 D7=FFFF A0=108904 A1=101100 A2=F6D00 A3=108F3E A4=F30E2 A5=108000 A6=108E3C PC=3F96 -- 003F96: movea.l D0, A4
D0=10F110A D1=101100 D2=0 D3=FFFF D4=8402880 D5=802180A2 D6=842184A2 D7=FFFF A0=108904 A1=101100 A2=F6D00 A3=108F3E A4=10F110A A5=108000 A6=108E3C PC=3F98 -- 003F98: move.l  A0, -(A7)
D0=10F110A D1=101100 D2=0 D3=FFFF D4=8402880 D5=802180A2 D6=842184A2 D7=FFFF A0=108904 A1=101100 A2=F6D00 A3=108F3E A4=10F110A A5=108000 A6=108E3C PC=3F9A -- 003F9A: lea     $3c0002.l, A0
D0=10F110A D1=101100 D2=0 D3=FFFF D4=8402880 D5=802180A2 D6=842184A2 D7=FFFF A0=3C0002 A1=101100 A2=F6D00 A3=108F3E A4=10F110A A5=108000 A6=108E3C PC=3FA0 -- 003FA0: tst.b   ($7c,A1)
D0=10F110A D1=101100 D2=0 D3=FFFF D4=8402880 D5=802180A2 D6=842184A2 D7=FFFF A0=3C0002 A1=101100 A2=F6D00 A3=108F3E A4=10F110A A5=108000 A6=108E3C PC=3FA4 -- 003FA4: bpl     $3fc0
D0=10F110A D1=101100 D2=0 D3=FFFF D4=8402880 D5=802180A2 D6=842184A2 D7=FFFF A0=3C0002 A1=101100 A2=F6D00 A3=108F3E A4=10F110A A5=108000 A6=108E3C PC=3FC0 -- 003FC0: moveq   #$0, D0
D0=0 D1=101100 D2=0 D3=FFFF D4=8402880 D5=802180A2 D6=842184A2 D7=FFFF A0=3C0002 A1=101100 A2=F6D00 A3=108F3E A4=10F110A A5=108000 A6=108E3C PC=3FC2 -- 003FC2: move.b  (A2), D0
D0=1 D1=101100 D2=0 D3=FFFF D4=8402880 D5=802180A2 D6=842184A2 D7=FFFF A0=3C0002 A1=101100 A2=F6D00 A3=108F3E A4=10F110A A5=108000 A6=108E3C PC=3FC4 -- 003FC4: sub.w   D0, ($794,A5)
D0=1 D1=101100 D2=0 D3=FFFF D4=8402880 D5=802180A2 D6=842184A2 D7=FFFF A0=3C0002 A1=101100 A2=F6D00 A3=108F3E A4=10F110A A5=108000 A6=108E3C PC=3FC8 -- 003FC8: bcc     $3fd2
D0=1 D1=101100 D2=0 D3=FFFF D4=8402880 D5=802180A2 D6=842184A2 D7=FFFF A0=3C0002 A1=101100 A2=F6D00 A3=108F3E A4=10F110A A5=108000 A6=108E3C PC=3FD2 -- 003FD2: move.l  A6, -(A7)
D0=1 D1=101100 D2=0 D3=FFFF D4=8402880 D5=802180A2 D6=842184A2 D7=FFFF A0=3C0002 A1=101100 A2=F6D00 A3=108F3E A4=10F110A A5=108000 A6=108E3C PC=3FD4 -- 003FD4: btst    #$6, ($7c,A1)
D0=1 D1=101100 D2=0 D3=FFFF D4=8402880 D5=802180A2 D6=842184A2 D7=FFFF A0=3C0002 A1=101100 A2=F6D00 A3=108F3E A4=10F110A A5=108000 A6=108E3C PC=3FDA -- 003FDA: bne     $400c
D0=1 D1=101100 D2=0 D3=FFFF D4=8402880 D5=802180A2 D6=842184A2 D7=FFFF A0=3C0002 A1=101100 A2=F6D00 A3=108F3E A4=10F110A A5=108000 A6=108E3C PC=3FDE -- 003FDE: moveq   #$0, D1
D0=1 D1=0 D2=0 D3=FFFF D4=8402880 D5=802180A2 D6=842184A2 D7=FFFF A0=3C0002 A1=101100 A2=F6D00 A3=108F3E A4=10F110A A5=108000 A6=108E3C PC=3FE0 -- 003FE0: move.b  ($82,A1), D1
D0=1 D1=0 D2=0 D3=FFFF D4=8402880 D5=802180A2 D6=842184A2 D7=FFFF A0=3C0002 A1=101100 A2=F6D00 A3=108F3E A4=10F110A A5=108000 A6=108E3C PC=3FE4 -- 003FE4: add.w   D1, D1
D0=1 D1=0 D2=0 D3=FFFF D4=8402880 D5=802180A2 D6=842184A2 D7=FFFF A0=3C0002 A1=101100 A2=F6D00 A3=108F3E A4=10F110A A5=108000 A6=108E3C PC=3FE6 -- 003FE6: add.w   D1, D1
D0=1 D1=0 D2=0 D3=FFFF D4=8402880 D5=802180A2 D6=842184A2 D7=FFFF A0=3C0002 A1=101100 A2=F6D00 A3=108F3E A4=10F110A A5=108000 A6=108E3C PC=3FE8 -- 003FE8: move.w  ($18,A1), D0
D0=56 D1=0 D2=0 D3=FFFF D4=8402880 D5=802180A2 D6=842184A2 D7=FFFF A0=3C0002 A1=101100 A2=F6D00 A3=108F3E A4=10F110A A5=108000 A6=108E3C PC=3FEC -- 003FEC: lea     ($104c,A5), A6
D0=56 D1=0 D2=0 D3=FFFF D4=8402880 D5=802180A2 D6=842184A2 D7=FFFF A0=3C0002 A1=101100 A2=F6D00 A3=108F3E A4=10F110A A5=108000 A6=10904C PC=3FF0 -- 003FF0: sub.w   (A6,D1.w), D0
D0=56 D1=0 D2=0 D3=FFFF D4=8402880 D5=802180A2 D6=842184A2 D7=FFFF A0=3C0002 A1=101100 A2=F6D00 A3=108F3E A4=10F110A A5=108000 A6=10904C PC=3FF4 -- 003FF4: move.w  D0, ($24,A1)
D0=56 D1=0 D2=0 D3=FFFF D4=8402880 D5=802180A2 D6=842184A2 D7=FFFF A0=3C0002 A1=101100 A2=F6D00 A3=108F3E A4=10F110A A5=108000 A6=10904C PC=3FF8 -- 003FF8: move.w  ($1c,A1), D0
D0=58 D1=0 D2=0 D3=FFFF D4=8402880 D5=802180A2 D6=842184A2 D7=FFFF A0=3C0002 A1=101100 A2=F6D00 A3=108F3E A4=10F110A A5=108000 A6=10904C PC=3FFC -- 003FFC: sub.w   ($20,A1), D0
D0=58 D1=0 D2=0 D3=FFFF D4=8402880 D5=802180A2 D6=842184A2 D7=FFFF A0=3C0002 A1=101100 A2=F6D00 A3=108F3E A4=10F110A A5=108000 A6=10904C PC=4000 -- 004000: lea     ($1058,A5), A6
D0=58 D1=0 D2=0 D3=FFFF D4=8402880 D5=802180A2 D6=842184A2 D7=FFFF A0=3C0002 A1=101100 A2=F6D00 A3=108F3E A4=10F110A A5=108000 A6=109058 PC=4004 -- 004004: sub.w   (A6,D1.w), D0
D0=58 D1=0 D2=0 D3=FFFF D4=8402880 D5=802180A2 D6=842184A2 D7=FFFF A0=3C0002 A1=101100 A2=F6D00 A3=108F3E A4=10F110A A5=108000 A6=109058 PC=4008 -- 004008: move.w  D0, ($26,A1)
D0=58 D1=0 D2=0 D3=FFFF D4=8402880 D5=802180A2 D6=842184A2 D7=FFFF A0=3C0002 A1=101100 A2=F6D00 A3=108F3E A4=10F110A A5=108000 A6=109058 PC=400C -- 00400C: tst.b   ($3a66,A5)
D0=58 D1=0 D2=0 D3=FFFF D4=8402880 D5=802180A2 D6=842184A2 D7=FFFF A0=3C0002 A1=101100 A2=F6D00 A3=108F3E A4=10F110A A5=108000 A6=109058 PC=4010 -- 004010: bmi     $4018
D0=58 D1=0 D2=0 D3=FFFF D4=8402880 D5=802180A2 D6=842184A2 D7=FFFF A0=3C0002 A1=101100 A2=F6D00 A3=108F3E A4=10F110A A5=108000 A6=109058 PC=4012 -- 004012: bsr     $4088
D0=58 D1=0 D2=0 D3=FFFF D4=8402880 D5=802180A2 D6=842184A2 D7=FFFF A0=3C0002 A1=101100 A2=F6D00 A3=108F3E A4=10F110A A5=108000 A6=109058 PC=4088 -- 004088: move.w  (A4), D0
D0=FFE2 D1=0 D2=0 D3=FFFF D4=8402880 D5=802180A2 D6=842184A2 D7=FFFF A0=3C0002 A1=101100 A2=F6D00 A3=108F3E A4=10F110A A5=108000 A6=109058 PC=408A -- 00408A: move.b  ($31,A1), D1
D0=FFE2 D1=0 D2=0 D3=FFFF D4=8402880 D5=802180A2 D6=842184A2 D7=FFFF A0=3C0002 A1=101100 A2=F6D00 A3=108F3E A4=10F110A A5=108000 A6=109058 PC=408E -- 00408E: move.b  ($4,A4), D2
D0=FFE2 D1=0 D2=0 D3=FFFF D4=8402880 D5=802180A2 D6=842184A2 D7=FFFF A0=3C0002 A1=101100 A2=F6D00 A3=108F3E A4=10F110A A5=108000 A6=109058 PC=4092 -- 004092: rol.b   #2, D2
D0=FFE2 D1=0 D2=0 D3=FFFF D4=8402880 D5=802180A2 D6=842184A2 D7=FFFF A0=3C0002 A1=101100 A2=F6D00 A3=108F3E A4=10F110A A5=108000 A6=109058 PC=4094 -- 004094: eor.w   D2, D1
D0=FFE2 D1=0 D2=0 D3=FFFF D4=8402880 D5=802180A2 D6=842184A2 D7=FFFF A0=3C0002 A1=101100 A2=F6D00 A3=108F3E A4=10F110A A5=108000 A6=109058 PC=4096 -- 004096: andi.w  #$3, D1
D0=FFE2 D1=0 D2=0 D3=FFFF D4=8402880 D5=802180A2 D6=842184A2 D7=FFFF A0=3C0002 A1=101100 A2=F6D00 A3=108F3E A4=10F110A A5=108000 A6=109058 PC=409A -- 00409A: move.w  D1, ($790,A5)
D0=FFE2 D1=0 D2=0 D3=FFFF D4=8402880 D5=802180A2 D6=842184A2 D7=FFFF A0=3C0002 A1=101100 A2=F6D00 A3=108F3E A4=10F110A A5=108000 A6=109058 PC=409E -- 00409E: andi.w  #$1, D1
D0=FFE2 D1=0 D2=0 D3=FFFF D4=8402880 D5=802180A2 D6=842184A2 D7=FFFF A0=3C0002 A1=101100 A2=F6D00 A3=108F3E A4=10F110A A5=108000 A6=109058 PC=40A2 -- 0040A2: beq     $40ae
D0=FFE2 D1=0 D2=0 D3=FFFF D4=8402880 D5=802180A2 D6=842184A2 D7=FFFF A0=3C0002 A1=101100 A2=F6D00 A3=108F3E A4=10F110A A5=108000 A6=109058 PC=40AE -- 0040AE: moveq   #$0, D1
D0=FFE2 D1=0 D2=0 D3=FFFF D4=8402880 D5=802180A2 D6=842184A2 D7=FFFF A0=3C0002 A1=101100 A2=F6D00 A3=108F3E A4=10F110A A5=108000 A6=109058 PC=40B0 -- 0040B0: move.b  ($68,A1), D1
D0=FFE2 D1=FF D2=0 D3=FFFF D4=8402880 D5=802180A2 D6=842184A2 D7=FFFF A0=3C0002 A1=101100 A2=F6D00 A3=108F3E A4=10F110A A5=108000 A6=109058 PC=40B4 -- 0040B4: addq.w  #1, D1
D0=FFE2 D1=100 D2=0 D3=FFFF D4=8402880 D5=802180A2 D6=842184A2 D7=FFFF A0=3C0002 A1=101100 A2=F6D00 A3=108F3E A4=10F110A A5=108000 A6=109058 PC=40B6 -- 0040B6: muls.w  D1, D0
D0=FFFFE200 D1=100 D2=0 D3=FFFF D4=8402880 D5=802180A2 D6=842184A2 D7=FFFF A0=3C0002 A1=101100 A2=F6D00 A3=108F3E A4=10F110A A5=108000 A6=109058 PC=40B8 -- 0040B8: lsr.l   #8, D0
D0=FFFFE2 D1=100 D2=0 D3=FFFF D4=8402880 D5=802180A2 D6=842184A2 D7=FFFF A0=3C0002 A1=101100 A2=F6D00 A3=108F3E A4=10F110A A5=108000 A6=109058 PC=40BA -- 0040BA: add.w   ($24,A1), D0
D0=FF0038 D1=100 D2=0 D3=FFFF D4=8402880 D5=802180A2 D6=842184A2 D7=FFFF A0=3C0002 A1=101100 A2=F6D00 A3=108F3E A4=10F110A A5=108000 A6=109058 PC=40BE -- 0040BE: lsl.w   #7, D0
D0=FF1C00 D1=100 D2=0 D3=FFFF D4=8402880 D5=802180A2 D6=842184A2 D7=FFFF A0=3C0002 A1=101100 A2=F6D00 A3=108F3E A4=10F110A A5=108000 A6=109058 PC=40C0 -- 0040C0: move.w  D6, (-$2,A0)
D0=FF1C00 D1=100 D2=0 D3=FFFF D4=8402880 D5=802180A2 D6=842184A2 D7=FFFF A0=3C0002 A1=101100 A2=F6D00 A3=108F3E A4=10F110A A5=108000 A6=109058 PC=40C4 -- 0040C4: move.w  D0, (A0)
D0=FF1C00 D1=100 D2=0 D3=FFFF D4=8402880 D5=802180A2 D6=842184A2 D7=FFFF A0=3C0002 A1=101100 A2=F6D00 A3=108F3E A4=10F110A A5=108000 A6=109058 PC=40C6 -- 0040C6: moveq   #$0, D0
D0=0 D1=100 D2=0 D3=FFFF D4=8402880 D5=802180A2 D6=842184A2 D7=FFFF A0=3C0002 A1=101100 A2=F6D00 A3=108F3E A4=10F110A A5=108000 A6=109058 PC=40C8 -- 0040C8: move.b  (A2), D0
D0=1 D1=100 D2=0 D3=FFFF D4=8402880 D5=802180A2 D6=842184A2 D7=FFFF A0=3C0002 A1=101100 A2=F6D00 A3=108F3E A4=10F110A A5=108000 A6=109058 PC=40CA -- 0040CA: add.w   D0, D6
D0=1 D1=100 D2=0 D3=FFFF D4=8402880 D5=802180A2 D6=842184A3 D7=FFFF A0=3C0002 A1=101100 A2=F6D00 A3=108F3E A4=10F110A A5=108000 A6=109058 PC=40CC -- 0040CC: move.w  ($2,A4), D0
D0=FFFF D1=100 D2=0 D3=FFFF D4=8402880 D5=802180A2 D6=842184A3 D7=FFFF A0=3C0002 A1=101100 A2=F6D00 A3=108F3E A4=10F110A A5=108000 A6=109058 PC=40D0 -- 0040D0: btst    #$1, ($791,A5)
D0=FFFF D1=100 D2=0 D3=FFFF D4=8402880 D5=802180A2 D6=842184A3 D7=FFFF A0=3C0002 A1=101100 A2=F6D00 A3=108F3E A4=10F110A A5=108000 A6=109058 PC=40D6 -- 0040D6: beq     $40e4
D0=FFFF D1=100 D2=0 D3=FFFF D4=8402880 D5=802180A2 D6=842184A3 D7=FFFF A0=3C0002 A1=101100 A2=F6D00 A3=108F3E A4=10F110A A5=108000 A6=109058 PC=40E4 -- 0040E4: moveq   #$0, D1
D0=FFFF D1=0 D2=0 D3=FFFF D4=8402880 D5=802180A2 D6=842184A3 D7=FFFF A0=3C0002 A1=101100 A2=F6D00 A3=108F3E A4=10F110A A5=108000 A6=109058 PC=40E6 -- 0040E6: move.b  ($69,A1), D1
D0=FFFF D1=FF D2=0 D3=FFFF D4=8402880 D5=802180A2 D6=842184A3 D7=FFFF A0=3C0002 A1=101100 A2=F6D00 A3=108F3E A4=10F110A A5=108000 A6=109058 PC=40EA -- 0040EA: addq.w  #1, D1
D0=FFFF D1=100 D2=0 D3=FFFF D4=8402880 D5=802180A2 D6=842184A3 D7=FFFF A0=3C0002 A1=101100 A2=F6D00 A3=108F3E A4=10F110A A5=108000 A6=109058 PC=40EC -- 0040EC: muls.w  D1, D0
D0=FFFFFF00 D1=100 D2=0 D3=FFFF D4=8402880 D5=802180A2 D6=842184A3 D7=FFFF A0=3C0002 A1=101100 A2=F6D00 A3=108F3E A4=10F110A A5=108000 A6=109058 PC=40EE -- 0040EE: lsr.l   #8, D0
D0=FFFFFF D1=100 D2=0 D3=FFFF D4=8402880 D5=802180A2 D6=842184A3 D7=FFFF A0=3C0002 A1=101100 A2=F6D00 A3=108F3E A4=10F110A A5=108000 A6=109058 PC=40F0 -- 0040F0: add.w   ($26,A1), D0
D0=FF0057 D1=100 D2=0 D3=FFFF D4=8402880 D5=802180A2 D6=842184A3 D7=FFFF A0=3C0002 A1=101100 A2=F6D00 A3=108F3E A4=10F110A A5=108000 A6=109058 PC=40F4 -- 0040F4: neg.w   D0
D0=FFFFA9 D1=100 D2=0 D3=FFFF D4=8402880 D5=802180A2 D6=842184A3 D7=FFFF A0=3C0002 A1=101100 A2=F6D00 A3=108F3E A4=10F110A A5=108000 A6=109058 PC=40F6 -- 0040F6: addi.w  #$1ff, D0
D0=FF01A8 D1=100 D2=0 D3=FFFF D4=8402880 D5=802180A2 D6=842184A3 D7=FFFF A0=3C0002 A1=101100 A2=F6D00 A3=108F3E A4=10F110A A5=108000 A6=109058 PC=40FA -- 0040FA: lsl.w   #7, D0
D0=FFD400 D1=100 D2=0 D3=FFFF D4=8402880 D5=802180A2 D6=842184A3 D7=FFFF A0=3C0002 A1=101100 A2=F6D00 A3=108F3E A4=10F110A A5=108000 A6=109058 PC=40FC -- 0040FC: bsr     $4772
D0=FFD400 D1=100 D2=0 D3=FFFF D4=8402880 D5=802180A2 D6=842184A3 D7=FFFF A0=3C0002 A1=101100 A2=F6D00 A3=108F3E A4=10F110A A5=108000 A6=109058 PC=4772 -- 004772: move.w  D0, -(A7)
D0=FFD400 D1=100 D2=0 D3=FFFF D4=8402880 D5=802180A2 D6=842184A3 D7=FFFF A0=3C0002 A1=101100 A2=F6D00 A3=108F3E A4=10F110A A5=108000 A6=109058 PC=4774 -- 004774: moveq   #-$1, D0
D0=FFFFFFFF D1=100 D2=0 D3=FFFF D4=8402880 D5=802180A2 D6=842184A3 D7=FFFF A0=3C0002 A1=101100 A2=F6D00 A3=108F3E A4=10F110A A5=108000 A6=109058 PC=4776 -- 004776: moveq   #$0, D1
D0=FFFFFFFF D1=0 D2=0 D3=FFFF D4=8402880 D5=802180A2 D6=842184A3 D7=FFFF A0=3C0002 A1=101100 A2=F6D00 A3=108F3E A4=10F110A A5=108000 A6=109058 PC=4778 -- 004778: move.b  ($1,A2), D1
D0=FFFFFFFF D1=1 D2=0 D3=FFFF D4=8402880 D5=802180A2 D6=842184A3 D7=FFFF A0=3C0002 A1=101100 A2=F6D00 A3=108F3E A4=10F110A A5=108000 A6=109058 PC=477C -- 00477C: cmpi.b  #-$1, ($69,A1)
D0=FFFFFFFF D1=1 D2=0 D3=FFFF D4=8402880 D5=802180A2 D6=842184A3 D7=FFFF A0=3C0002 A1=101100 A2=F6D00 A3=108F3E A4=10F110A A5=108000 A6=109058 PC=4782 -- 004782: beq     $47b4
D0=FFFFFFFF D1=1 D2=0 D3=FFFF D4=8402880 D5=802180A2 D6=842184A3 D7=FFFF A0=3C0002 A1=101100 A2=F6D00 A3=108F3E A4=10F110A A5=108000 A6=109058 PC=47B4 -- 0047B4: move.b  D0, ($78f,A5)
D0=FFFFFFFF D1=1 D2=0 D3=FFFF D4=8402880 D5=802180A2 D6=842184A3 D7=FFFF A0=3C0002 A1=101100 A2=F6D00 A3=108F3E A4=10F110A A5=108000 A6=109058 PC=47B8 -- 0047B8: move.b  D1, ($78e,A5)
D0=FFFFFFFF D1=1 D2=0 D3=FFFF D4=8402880 D5=802180A2 D6=842184A3 D7=FFFF A0=3C0002 A1=101100 A2=F6D00 A3=108F3E A4=10F110A A5=108000 A6=109058 PC=47BC -- 0047BC: move.w  (A7)+, D0
D0=FFFFD400 D1=1 D2=0 D3=FFFF D4=8402880 D5=802180A2 D6=842184A3 D7=FFFF A0=3C0002 A1=101100 A2=F6D00 A3=108F3E A4=10F110A A5=108000 A6=109058 PC=47BE -- 0047BE: rts
D0=FFFFD400 D1=1 D2=0 D3=FFFF D4=8402880 D5=802180A2 D6=842184A3 D7=FFFF A0=3C0002 A1=101100 A2=F6D00 A3=108F3E A4=10F110A A5=108000 A6=109058 PC=4100 -- 004100: add.b   ($78e,A5), D0
D0=FFFFD401 D1=1 D2=0 D3=FFFF D4=8402880 D5=802180A2 D6=842184A3 D7=FFFF A0=3C0002 A1=101100 A2=F6D00 A3=108F3E A4=10F110A A5=108000 A6=109058 PC=4104 -- 004104: move.w  D0, (A3)+
D0=FFFFD401 D1=1 D2=0 D3=FFFF D4=8402880 D5=802180A2 D6=842184A3 D7=FFFF A0=3C0002 A1=101100 A2=F6D00 A3=108F40 A4=10F110A A5=108000 A6=109058 PC=4106 -- 004106: moveq   #$0, D0
D0=0 D1=1 D2=0 D3=FFFF D4=8402880 D5=802180A2 D6=842184A3 D7=FFFF A0=3C0002 A1=101100 A2=F6D00 A3=108F40 A4=10F110A A5=108000 A6=109058 PC=4108 -- 004108: move.b  (A2), D0
D0=1 D1=1 D2=0 D3=FFFF D4=8402880 D5=802180A2 D6=842184A3 D7=FFFF A0=3C0002 A1=101100 A2=F6D00 A3=108F40 A4=10F110A A5=108000 A6=109058 PC=410A -- 00410A: subq.b  #2, D0
D0=FF D1=1 D2=0 D3=FFFF D4=8402880 D5=802180A2 D6=842184A3 D7=FFFF A0=3C0002 A1=101100 A2=F6D00 A3=108F40 A4=10F110A A5=108000 A6=109058 PC=410C -- 00410C: bmi     $4118
D0=FF D1=1 D2=0 D3=FFFF D4=8402880 D5=802180A2 D6=842184A3 D7=FFFF A0=3C0002 A1=101100 A2=F6D00 A3=108F40 A4=10F110A A5=108000 A6=109058 PC=4118 -- 004118: move.w  #$1, ($2,A0)
D0=FF D1=1 D2=0 D3=FFFF D4=8402880 D5=802180A2 D6=842184A3 D7=FFFF A0=3C0002 A1=101100 A2=F6D00 A3=108F40 A4=10F110A A5=108000 A6=109058 PC=411E -- 00411E: move.w  D5, (-$2,A0)
D0=FF D1=1 D2=0 D3=FFFF D4=8402880 D5=802180A2 D6=842184A3 D7=FFFF A0=3C0002 A1=101100 A2=F6D00 A3=108F40 A4=10F110A A5=108000 A6=109058 PC=4122 -- 004122: moveq   #$0, D1
D0=FF D1=0 D2=0 D3=FFFF D4=8402880 D5=802180A2 D6=842184A3 D7=FFFF A0=3C0002 A1=101100 A2=F6D00 A3=108F40 A4=10F110A A5=108000 A6=109058 PC=4124 -- 004124: move.b  ($68,A1), D0
D0=FF D1=0 D2=0 D3=FFFF D4=8402880 D5=802180A2 D6=842184A3 D7=FFFF A0=3C0002 A1=101100 A2=F6D00 A3=108F40 A4=10F110A A5=108000 A6=109058 PC=4128 -- 004128: move.b  D0, D1
D0=FF D1=FF D2=0 D3=FFFF D4=8402880 D5=802180A2 D6=842184A3 D7=FFFF A0=3C0002 A1=101100 A2=F6D00 A3=108F40 A4=10F110A A5=108000 A6=109058 PC=412A -- 00412A: andi.w  #$f, D0
D0=F D1=FF D2=0 D3=FFFF D4=8402880 D5=802180A2 D6=842184A3 D7=FFFF A0=3C0002 A1=101100 A2=F6D00 A3=108F40 A4=10F110A A5=108000 A6=109058 PC=412E -- 00412E: lsr.b   #4, D1
D0=F D1=F D2=0 D3=FFFF D4=8402880 D5=802180A2 D6=842184A3 D7=FFFF A0=3C0002 A1=101100 A2=F6D00 A3=108F40 A4=10F110A A5=108000 A6=109058 PC=4130 -- 004130: tst.b   D1
D0=F D1=F D2=0 D3=FFFF D4=8402880 D5=802180A2 D6=842184A3 D7=FFFF A0=3C0002 A1=101100 A2=F6D00 A3=108F40 A4=10F110A A5=108000 A6=109058 PC=4132 -- 004132: beq     $4164
D0=F D1=F D2=0 D3=FFFF D4=8402880 D5=802180A2 D6=842184A3 D7=FFFF A0=3C0002 A1=101100 A2=F6D00 A3=108F40 A4=10F110A A5=108000 A6=109058 PC=4134 -- 004134: lea     $4f9d2.l, A6
D0=F D1=F D2=0 D3=FFFF D4=8402880 D5=802180A2 D6=842184A3 D7=FFFF A0=3C0002 A1=101100 A2=F6D00 A3=108F40 A4=10F110A A5=108000 A6=4F9D2 PC=413A -- 00413A: lsl.w   #5, D0
D0=1E0 D1=F D2=0 D3=FFFF D4=8402880 D5=802180A2 D6=842184A3 D7=FFFF A0=3C0002 A1=101100 A2=F6D00 A3=108F40 A4=10F110A A5=108000 A6=4F9D2 PC=413C -- 00413C: adda.w  D0, A6
D0=1E0 D1=F D2=0 D3=FFFF D4=8402880 D5=802180A2 D6=842184A3 D7=FFFF A0=3C0002 A1=101100 A2=F6D00 A3=108F40 A4=10F110A A5=108000 A6=4FBB2 PC=413E -- 00413E: moveq   #$f, D0
D0=F D1=F D2=0 D3=FFFF D4=8402880 D5=802180A2 D6=842184A3 D7=FFFF A0=3C0002 A1=101100 A2=F6D00 A3=108F40 A4=10F110A A5=108000 A6=4FBB2 PC=4140 -- 004140: moveq   #$0, D2
D0=F D1=F D2=0 D3=FFFF D4=8402880 D5=802180A2 D6=842184A3 D7=FFFF A0=3C0002 A1=101100 A2=F6D00 A3=108F40 A4=10F110A A5=108000 A6=4FBB2 PC=4142 -- 004142: move.b  (A2), D2
D0=F D1=F D2=1 D3=FFFF D4=8402880 D5=802180A2 D6=842184A3 D7=FFFF A0=3C0002 A1=101100 A2=F6D00 A3=108F40 A4=10F110A A5=108000 A6=4FBB2 PC=4144 -- 004144: lsr.w   #1, D2
D0=F D1=F D2=0 D3=FFFF D4=8402880 D5=802180A2 D6=842184A3 D7=FFFF A0=3C0002 A1=101100 A2=F6D00 A3=108F40 A4=10F110A A5=108000 A6=4FBB2 PC=4146 -- 004146: sub.w   D2, D0
D0=F D1=F D2=0 D3=FFFF D4=8402880 D5=802180A2 D6=842184A3 D7=FFFF A0=3C0002 A1=101100 A2=F6D00 A3=108F40 A4=10F110A A5=108000 A6=4FBB2 PC=4148 -- 004148: adda.l  D0, A6
D0=F D1=F D2=0 D3=FFFF D4=8402880 D5=802180A2 D6=842184A3 D7=FFFF A0=3C0002 A1=101100 A2=F6D00 A3=108F40 A4=10F110A A5=108000 A6=4FBC1 PC=414A -- 00414A: move.b  (A2), D0
D0=1 D1=F D2=0 D3=FFFF D4=8402880 D5=802180A2 D6=842184A3 D7=FFFF A0=3C0002 A1=101100 A2=F6D00 A3=108F40 A4=10F110A A5=108000 A6=4FBC1 PC=414C -- 00414C: add.w   D0, D5
D0=1 D1=F D2=0 D3=FFFF D4=8402880 D5=802180A3 D6=842184A3 D7=FFFF A0=3C0002 A1=101100 A2=F6D00 A3=108F40 A4=10F110A A5=108000 A6=4FBC1 PC=414E -- 00414E: subq.b  #1, D0
D0=0 D1=F D2=0 D3=FFFF D4=8402880 D5=802180A3 D6=842184A3 D7=FFFF A0=3C0002 A1=101100 A2=F6D00 A3=108F40 A4=10F110A A5=108000 A6=4FBC1 PC=4150 -- 004150: move.b  D1, D2
D0=0 D1=F D2=F D3=FFFF D4=8402880 D5=802180A3 D6=842184A3 D7=FFFF A0=3C0002 A1=101100 A2=F6D00 A3=108F40 A4=10F110A A5=108000 A6=4FBC1 PC=4152 -- 004152: sub.b   (A6)+, D2
D0=0 D1=F D2=F D3=FFFF D4=8402880 D5=802180A3 D6=842184A3 D7=FFFF A0=3C0002 A1=101100 A2=F6D00 A3=108F40 A4=10F110A A5=108000 A6=4FBC2 PC=4154 -- 004154: lsl.w   #8, D2
D0=0 D1=F D2=F00 D3=FFFF D4=8402880 D5=802180A3 D6=842184A3 D7=FFFF A0=3C0002 A1=101100 A2=F6D00 A3=108F40 A4=10F110A A5=108000 A6=4FBC2 PC=4156 -- 004156: move.b  ($69,A1), D2
D0=0 D1=F D2=FFF D3=FFFF D4=8402880 D5=802180A3 D6=842184A3 D7=FFFF A0=3C0002 A1=101100 A2=F6D00 A3=108F40 A4=10F110A A5=108000 A6=4FBC2 PC=415A -- 00415A: move.w  D2, (A0)
D0=0 D1=F D2=FFF D3=FFFF D4=8402880 D5=802180A3 D6=842184A3 D7=FFFF A0=3C0002 A1=101100 A2=F6D00 A3=108F40 A4=10F110A A5=108000 A6=4FBC2 PC=415C -- 00415C: dbra    D0, $4150
D0=FFFF D1=F D2=FFF D3=FFFF D4=8402880 D5=802180A3 D6=842184A3 D7=FFFF A0=3C0002 A1=101100 A2=F6D00 A3=108F40 A4=10F110A A5=108000 A6=4FBC2 PC=4160 -- 004160: bra     $4178
D0=FFFF D1=F D2=FFF D3=FFFF D4=8402880 D5=802180A3 D6=842184A3 D7=FFFF A0=3C0002 A1=101100 A2=F6D00 A3=108F40 A4=10F110A A5=108000 A6=4FBC2 PC=4178 -- 004178: move.b  ($2,A2), D0
D0=FFDF D1=F D2=FFF D3=FFFF D4=8402880 D5=802180A3 D6=842184A3 D7=FFFF A0=3C0002 A1=101100 A2=F6D00 A3=108F40 A4=10F110A A5=108000 A6=4FBC2 PC=417C -- 00417C: tst.b   ($80,A1)
D0=FFDF D1=F D2=FFF D3=FFFF D4=8402880 D5=802180A3 D6=842184A3 D7=FFFF A0=3C0002 A1=101100 A2=F6D00 A3=108F40 A4=10F110A A5=108000 A6=4FBC2 PC=4180 -- 004180: beq     $4188
D0=FFDF D1=F D2=FFF D3=FFFF D4=8402880 D5=802180A3 D6=842184A3 D7=FFFF A0=3C0002 A1=101100 A2=F6D00 A3=108F40 A4=10F110A A5=108000 A6=4FBC2 PC=4188 -- 004188: add.b   ($30,A1), D0
D0=FFDF D1=F D2=FFF D3=FFFF D4=8402880 D5=802180A3 D6=842184A3 D7=FFFF A0=3C0002 A1=101100 A2=F6D00 A3=108F40 A4=10F110A A5=108000 A6=4FBC2 PC=418C -- 00418C: lsl.w   #8, D0
D0=DF00 D1=F D2=FFF D3=FFFF D4=8402880 D5=802180A3 D6=842184A3 D7=FFFF A0=3C0002 A1=101100 A2=F6D00 A3=108F40 A4=10F110A A5=108000 A6=4FBC2 PC=418E -- 00418E: tst.b   ($3,A2)
D0=DF00 D1=F D2=FFF D3=FFFF D4=8402880 D5=802180A3 D6=842184A3 D7=FFFF A0=3C0002 A1=101100 A2=F6D00 A3=108F40 A4=10F110A A5=108000 A6=4FBC2 PC=4192 -- 004192: beq     $4198
D0=DF00 D1=F D2=FFF D3=FFFF D4=8402880 D5=802180A3 D6=842184A3 D7=FFFF A0=3C0002 A1=101100 A2=F6D00 A3=108F40 A4=10F110A A5=108000 A6=4FBC2 PC=4194 -- 004194: move.b  #$10, D0
D0=DF10 D1=F D2=FFF D3=FFFF D4=8402880 D5=802180A3 D6=842184A3 D7=FFFF A0=3C0002 A1=101100 A2=F6D00 A3=108F40 A4=10F110A A5=108000 A6=4FBC2 PC=4198 -- 004198: move.w  ($4,A2), D1
D0=DF10 D1=DCAA D2=FFF D3=FFFF D4=8402880 D5=802180A3 D6=842184A3 D7=FFFF A0=3C0002 A1=101100 A2=F6D00 A3=108F40 A4=10F110A A5=108000 A6=4FBC2 PC=419C -- 00419C: moveq   #$0, D3
D0=DF10 D1=DCAA D2=FFF D3=0 D4=8402880 D5=802180A3 D6=842184A3 D7=FFFF A0=3C0002 A1=101100 A2=F6D00 A3=108F40 A4=10F110A A5=108000 A6=4FBC2 PC=419E -- 00419E: move.b  (A2), D3
D0=DF10 D1=DCAA D2=FFF D3=1 D4=8402880 D5=802180A3 D6=842184A3 D7=FFFF A0=3C0002 A1=101100 A2=F6D00 A3=108F40 A4=10F110A A5=108000 A6=4FBC2 PC=41A0 -- 0041A0: subq.b  #1, D3
D0=DF10 D1=DCAA D2=FFF D3=0 D4=8402880 D5=802180A3 D6=842184A3 D7=FFFF A0=3C0002 A1=101100 A2=F6D00 A3=108F40 A4=10F110A A5=108000 A6=4FBC2 PC=41A2 -- 0041A2: move.w  ($790,A5), D7
D0=DF10 D1=DCAA D2=FFF D3=0 D4=8402880 D5=802180A3 D6=842184A3 D7=0 A0=3C0002 A1=101100 A2=F6D00 A3=108F40 A4=10F110A A5=108000 A6=4FBC2 PC=41A6 -- 0041A6: add.w   D7, D7
D0=DF10 D1=DCAA D2=FFF D3=0 D4=8402880 D5=802180A3 D6=842184A3 D7=0 A0=3C0002 A1=101100 A2=F6D00 A3=108F40 A4=10F110A A5=108000 A6=4FBC2 PC=41A8 -- 0041A8: add.w   D7, D7
D0=DF10 D1=DCAA D2=FFF D3=0 D4=8402880 D5=802180A3 D6=842184A3 D7=0 A0=3C0002 A1=101100 A2=F6D00 A3=108F40 A4=10F110A A5=108000 A6=4FBC2 PC=41AA -- 0041AA: movea.l ($4,PC,D7.w), A6
D0=DF10 D1=DCAA D2=FFF D3=0 D4=8402880 D5=802180A3 D6=842184A3 D7=0 A0=3C0002 A1=101100 A2=F6D00 A3=108F40 A4=10F110A A5=108000 A6=428C PC=41AE -- 0041AE: jmp     (A6)
D0=DF10 D1=DCAA D2=FFF D3=0 D4=8402880 D5=802180A3 D6=842184A3 D7=0 A0=3C0002 A1=101100 A2=F6D00 A3=108F40 A4=10F110A A5=108000 A6=428C PC=428C -- 00428C: lea     ($6,A2), A6
D0=DF10 D1=DCAA D2=FFF D3=0 D4=8402880 D5=802180A3 D6=842184A3 D7=0 A0=3C0002 A1=101100 A2=F6D00 A3=108F40 A4=10F110A A5=108000 A6=F6D06 PC=4290 -- 004290: move.w  #$1, ($2,A0)
D0=DF10 D1=DCAA D2=FFF D3=0 D4=8402880 D5=802180A3 D6=842184A3 D7=0 A0=3C0002 A1=101100 A2=F6D00 A3=108F40 A4=10F110A A5=108000 A6=F6D06 PC=4296 -- 004296: moveq   #$0, D7
D0=DF10 D1=DCAA D2=FFF D3=0 D4=8402880 D5=802180A3 D6=842184A3 D7=0 A0=3C0002 A1=101100 A2=F6D00 A3=108F40 A4=10F110A A5=108000 A6=F6D06 PC=4298 -- 004298: move.b  ($1,A2), D7
D0=DF10 D1=DCAA D2=FFF D3=0 D4=8402880 D5=802180A3 D6=842184A3 D7=1 A0=3C0002 A1=101100 A2=F6D00 A3=108F40 A4=10F110A A5=108000 A6=F6D06 PC=429C -- 00429C: subq.b  #1, D7
D0=DF10 D1=DCAA D2=FFF D3=0 D4=8402880 D5=802180A3 D6=842184A3 D7=0 A0=3C0002 A1=101100 A2=F6D00 A3=108F40 A4=10F110A A5=108000 A6=F6D06 PC=429E -- 00429E: move.w  (A6)+, D2
D0=DF10 D1=DCAA D2=8000 D3=0 D4=8402880 D5=802180A3 D6=842184A3 D7=0 A0=3C0002 A1=101100 A2=F6D00 A3=108F40 A4=10F110A A5=108000 A6=F6D08 PC=42A0 -- 0042A0: move.w  D4, (-$2,A0)
D0=DF10 D1=DCAA D2=8000 D3=0 D4=8402880 D5=802180A3 D6=842184A3 D7=0 A0=3C0002 A1=101100 A2=F6D00 A3=108F40 A4=10F110A A5=108000 A6=F6D08 PC=42A4 -- 0042A4: add.w   D2, D2
D0=DF10 D1=DCAA D2=0 D3=0 D4=8402880 D5=802180A3 D6=842184A3 D7=0 A0=3C0002 A1=101100 A2=F6D00 A3=108F40 A4=10F110A A5=108000 A6=F6D08 PC=42A6 -- 0042A6: bcc     $42b8
D0=DF10 D1=DCAA D2=0 D3=0 D4=8402880 D5=802180A3 D6=842184A3 D7=0 A0=3C0002 A1=101100 A2=F6D00 A3=108F40 A4=10F110A A5=108000 A6=F6D08 PC=42A8 -- 0042A8: move.w  D1, (A0)
D0=DF10 D1=DCAA D2=0 D3=0 D4=8402880 D5=802180A3 D6=842184A3 D7=0 A0=3C0002 A1=101100 A2=F6D00 A3=108F40 A4=10F110A A5=108000 A6=F6D08 PC=42AA -- 0042AA: nop
D0=DF10 D1=DCAA D2=0 D3=0 D4=8402880 D5=802180A3 D6=842184A3 D7=0 A0=3C0002 A1=101100 A2=F6D00 A3=108F40 A4=10F110A A5=108000 A6=F6D08 PC=42AC -- 0042AC: move.w  D0, (A0)
D0=DF10 D1=DCAA D2=0 D3=0 D4=8402880 D5=802180A3 D6=842184A3 D7=0 A0=3C0002 A1=101100 A2=F6D00 A3=108F40 A4=10F110A A5=108000 A6=F6D08 PC=42AE -- 0042AE: addq.w  #1, D1
D0=DF10 D1=DCAB D2=0 D3=0 D4=8402880 D5=802180A3 D6=842184A3 D7=0 A0=3C0002 A1=101100 A2=F6D00 A3=108F40 A4=10F110A A5=108000 A6=F6D08 PC=42B0 -- 0042B0: bcc     $42c0
D0=DF10 D1=DCAB D2=0 D3=0 D4=8402880 D5=802180A3 D6=842184A3 D7=0 A0=3C0002 A1=101100 A2=F6D00 A3=108F40 A4=10F110A A5=108000 A6=F6D08 PC=42C0 -- 0042C0: dbra    D7, $42a4
D0=DF10 D1=DCAB D2=0 D3=0 D4=8402880 D5=802180A3 D6=842184A3 D7=FFFF A0=3C0002 A1=101100 A2=F6D00 A3=108F40 A4=10F110A A5=108000 A6=F6D08 PC=42C4 -- 0042C4: bsr     $47c0
D0=DF10 D1=DCAB D2=0 D3=0 D4=8402880 D5=802180A3 D6=842184A3 D7=FFFF A0=3C0002 A1=101100 A2=F6D00 A3=108F40 A4=10F110A A5=108000 A6=F6D08 PC=47C0 -- 0047C0: tst.b   ($78f,A5)
D0=DF10 D1=DCAB D2=0 D3=0 D4=8402880 D5=802180A3 D6=842184A3 D7=FFFF A0=3C0002 A1=101100 A2=F6D00 A3=108F40 A4=10F110A A5=108000 A6=F6D08 PC=47C4 -- 0047C4: bpl     $47c8
D0=DF10 D1=DCAB D2=0 D3=0 D4=8402880 D5=802180A3 D6=842184A3 D7=FFFF A0=3C0002 A1=101100 A2=F6D00 A3=108F40 A4=10F110A A5=108000 A6=F6D08 PC=47C6 -- 0047C6: rts
D0=DF10 D1=DCAB D2=0 D3=0 D4=8402880 D5=802180A3 D6=842184A3 D7=FFFF A0=3C0002 A1=101100 A2=F6D00 A3=108F40 A4=10F110A A5=108000 A6=F6D08 PC=42C8 -- 0042C8: addi.w  #$40, D4
D0=DF10 D1=DCAB D2=0 D3=0 D4=84028C0 D5=802180A3 D6=842184A3 D7=FFFF A0=3C0002 A1=101100 A2=F6D00 A3=108F40 A4=10F110A A5=108000 A6=F6D08 PC=42CC -- 0042CC: dbra    D3, $4296
D0=DF10 D1=DCAB D2=0 D3=FFFF D4=84028C0 D5=802180A3 D6=842184A3 D7=FFFF A0=3C0002 A1=101100 A2=F6D00 A3=108F40 A4=10F110A A5=108000 A6=F6D08 PC=42D0 -- 0042D0: rts
D0=DF10 D1=DCAB D2=0 D3=FFFF D4=84028C0 D5=802180A3 D6=842184A3 D7=FFFF A0=3C0002 A1=101100 A2=F6D00 A3=108F40 A4=10F110A A5=108000 A6=F6D08 PC=4016 -- 004016: bra     $401c
D0=DF10 D1=DCAB D2=0 D3=FFFF D4=84028C0 D5=802180A3 D6=842184A3 D7=FFFF A0=3C0002 A1=101100 A2=F6D00 A3=108F40 A4=10F110A A5=108000 A6=F6D08 PC=401C -- 00401C: movea.l (A7)+, A6
D0=DF10 D1=DCAB D2=0 D3=FFFF D4=84028C0 D5=802180A3 D6=842184A3 D7=FFFF A0=3C0002 A1=101100 A2=F6D00 A3=108F40 A4=10F110A A5=108000 A6=108E3C PC=401E -- 00401E: btst    #$5, ($4,A4)
D0=DF10 D1=DCAB D2=0 D3=FFFF D4=84028C0 D5=802180A3 D6=842184A3 D7=FFFF A0=3C0002 A1=101100 A2=F6D00 A3=108F40 A4=10F110A A5=108000 A6=108E3C PC=4024 -- 004024: beq     $4056
D0=DF10 D1=DCAB D2=0 D3=FFFF D4=84028C0 D5=802180A3 D6=842184A3 D7=FFFF A0=3C0002 A1=101100 A2=F6D00 A3=108F40 A4=10F110A A5=108000 A6=108E3C PC=4056 -- 004056: tst.b   ($7c,A1)
D0=DF10 D1=DCAB D2=0 D3=FFFF D4=84028C0 D5=802180A3 D6=842184A3 D7=FFFF A0=3C0002 A1=101100 A2=F6D00 A3=108F40 A4=10F110A A5=108000 A6=108E3C PC=405A -- 00405A: bpl     $4064
D0=DF10 D1=DCAB D2=0 D3=FFFF D4=84028C0 D5=802180A3 D6=842184A3 D7=FFFF A0=3C0002 A1=101100 A2=F6D00 A3=108F40 A4=10F110A A5=108000 A6=108E3C PC=4064 -- 004064: movea.l (A7)+, A0
D0=DF10 D1=DCAB D2=0 D3=FFFF D4=84028C0 D5=802180A3 D6=842184A3 D7=FFFF A0=108904 A1=101100 A2=F6D00 A3=108F40 A4=10F110A A5=108000 A6=108E3C PC=4066 -- 004066: subq.w  #1, ($e3a,A5)
D0=DF10 D1=DCAB D2=0 D3=FFFF D4=84028C0 D5=802180A3 D6=842184A3 D7=FFFF A0=108904 A1=101100 A2=F6D00 A3=108F40 A4=10F110A A5=108000 A6=108E3C PC=406A -- 00406A: bne     $3f32
D0=DF10 D1=DCAB D2=0 D3=FFFF D4=84028C0 D5=802180A3 D6=842184A3 D7=FFFF A0=108904 A1=101100 A2=F6D00 A3=108F40 A4=10F110A A5=108000 A6=108E3C PC=3F32 -- 003F32: move.w  (A0)+, D0
D0=F00 D1=DCAB D2=0 D3=FFFF D4=84028C0 D5=802180A3 D6=842184A3 D7=FFFF A0=108906 A1=101100 A2=F6D00 A3=108F40 A4=10F110A A5=108000 A6=108E3C PC=3F34 -- 003F34: beq     $3f32
D0=F00 D1=DCAB D2=0 D3=FFFF D4=84028C0 D5=802180A3 D6=842184A3 D7=FFFF A0=108906 A1=101100 A2=F6D00 A3=108F40 A4=10F110A A5=108000 A6=108E3C PC=3F36 -- 003F36: clr.w   (-$2,A0)
D0=F00 D1=DCAB D2=0 D3=FFFF D4=84028C0 D5=802180A3 D6=842184A3 D7=FFFF A0=108906 A1=101100 A2=F6D00 A3=108F40 A4=10F110A A5=108000 A6=108E3C PC=3F3A -- 003F3A: move.l  A5, D1
D0=F00 D1=108000 D2=0 D3=FFFF D4=84028C0 D5=802180A3 D6=842184A3 D7=FFFF A0=108906 A1=101100 A2=F6D00 A3=108F40 A4=10F110A A5=108000 A6=108E3C PC=3F3C -- 003F3C: move.w  D0, D1
D0=F00 D1=100F00 D2=0 D3=FFFF D4=84028C0 D5=802180A3 D6=842184A3 D7=FFFF A0=108906 A1=101100 A2=F6D00 A3=108F40 A4=10F110A A5=108000 A6=108E3C PC=3F3E -- 003F3E: movea.l D1, A1
D0=F00 D1=100F00 D2=0 D3=FFFF D4=84028C0 D5=802180A3 D6=842184A3 D7=FFFF A0=108906 A1=100F00 A2=F6D00 A3=108F40 A4=10F110A A5=108000 A6=108E3C PC=3F40 -- 003F40: movea.l ($28,A1), A2
D0=F00 D1=100F00 D2=0 D3=FFFF D4=84028C0 D5=802180A3 D6=842184A3 D7=FFFF A0=108906 A1=100F00 A2=F6CD8 A3=108F40 A4=10F110A A5=108000 A6=108E3C PC=3F44 -- 003F44: lea     $7bf48.l, A4
D0=F00 D1=100F00 D2=0 D3=FFFF D4=84028C0 D5=802180A3 D6=842184A3 D7=FFFF A0=108906 A1=100F00 A2=F6CD8 A3=108F40 A4=7BF48 A5=108000 A6=108E3C PC=3F4A -- 003F4A: move.w  ($70,A1), D0
D0=1B D1=100F00 D2=0 D3=FFFF D4=84028C0 D5=802180A3 D6=842184A3 D7=FFFF A0=108906 A1=100F00 A2=F6CD8 A3=108F40 A4=7BF48 A5=108000 A6=108E3C PC=3F4E -- 003F4E: add.w   D0, D0
D0=36 D1=100F00 D2=0 D3=FFFF D4=84028C0 D5=802180A3 D6=842184A3 D7=FFFF A0=108906 A1=100F00 A2=F6CD8 A3=108F40 A4=7BF48 A5=108000 A6=108E3C PC=3F50 -- 003F50: add.w   D0, D0
D0=6C D1=100F00 D2=0 D3=FFFF D4=84028C0 D5=802180A3 D6=842184A3 D7=FFFF A0=108906 A1=100F00 A2=F6CD8 A3=108F40 A4=7BF48 A5=108000 A6=108E3C PC=3F52 -- 003F52: movea.l (A4,D0.w), A4
D0=6C D1=100F00 D2=0 D3=FFFF D4=84028C0 D5=802180A3 D6=842184A3 D7=FFFF A0=108906 A1=100F00 A2=F6CD8 A3=108F40 A4=7F5E0 A5=108000 A6=108E3C PC=3F56 -- 003F56: move.w  ($72,A1), D0
D0=33 D1=100F00 D2=0 D3=FFFF D4=84028C0 D5=802180A3 D6=842184A3 D7=FFFF A0=108906 A1=100F00 A2=F6CD8 A3=108F40 A4=7F5E0 A5=108000 A6=108E3C PC=3F5A -- 003F5A: add.w   D0, D0
D0=66 D1=100F00 D2=0 D3=FFFF D4=84028C0 D5=802180A3 D6=842184A3 D7=FFFF A0=108906 A1=100F00 A2=F6CD8 A3=108F40 A4=7F5E0 A5=108000 A6=108E3C PC=3F5C -- 003F5C: move.w  (A4,D0.w), ($46de,A5)
D0=66 D1=100F00 D2=0 D3=FFFF D4=84028C0 D5=802180A3 D6=842184A3 D7=FFFF A0=108906 A1=100F00 A2=F6CD8 A3=108F40 A4=7F5E0 A5=108000 A6=108E3C PC=3F62 -- 003F62: lea     $80000.l, A4
D0=66 D1=100F00 D2=0 D3=FFFF D4=84028C0 D5=802180A3 D6=842184A3 D7=FFFF A0=108906 A1=100F00 A2=F6CD8 A3=108F40 A4=80000 A5=108000 A6=108E3C PC=3F68 -- 003F68: move.w  ($70,A1), D0
D0=1B D1=100F00 D2=0 D3=FFFF D4=84028C0 D5=802180A3 D6=842184A3 D7=FFFF A0=108906 A1=100F00 A2=F6CD8 A3=108F40 A4=80000 A5=108000 A6=108E3C PC=3F6C -- 003F6C: add.w   D0, D0
D0=36 D1=100F00 D2=0 D3=FFFF D4=84028C0 D5=802180A3 D6=842184A3 D7=FFFF A0=108906 A1=100F00 A2=F6CD8 A3=108F40 A4=80000 A5=108000 A6=108E3C PC=3F6E -- 003F6E: add.w   D0, D0
D0=6C D1=100F00 D2=0 D3=FFFF D4=84028C0 D5=802180A3 D6=842184A3 D7=FFFF A0=108906 A1=100F00 A2=F6CD8 A3=108F40 A4=80000 A5=108000 A6=108E3C PC=3F70 -- 003F70: movea.l (A4,D0.w), A4
D0=6C D1=100F00 D2=0 D3=FFFF D4=84028C0 D5=802180A3 D6=842184A3 D7=FFFF A0=108906 A1=100F00 A2=F6CD8 A3=108F40 A4=86E00 A5=108000 A6=108E3C PC=3F74 -- 003F74: move.w  ($46de,A5), D0
D0=3333 D1=100F00 D2=0 D3=FFFF D4=84028C0 D5=802180A3 D6=842184A3 D7=FFFF A0=108906 A1=100F00 A2=F6CD8 A3=108F40 A4=86E00 A5=108000 A6=108E3C PC=3F78 -- 003F78: tst.b   ($46e2,A5)
D0=3333 D1=100F00 D2=0 D3=FFFF D4=84028C0 D5=802180A3 D6=842184A3 D7=FFFF A0=108906 A1=100F00 A2=F6CD8 A3=108F40 A4=86E00 A5=108000 A6=108E3C PC=3F7C -- 003F7C: beq     $3f82
D0=3333 D1=100F00 D2=0 D3=FFFF D4=84028C0 D5=802180A3 D6=842184A3 D7=FFFF A0=108906 A1=100F00 A2=F6CD8 A3=108F40 A4=86E00 A5=108000 A6=108E3C PC=3F82 -- 003F82: andi.w  #$ff, D0
D0=33 D1=100F00 D2=0 D3=FFFF D4=84028C0 D5=802180A3 D6=842184A3 D7=FFFF A0=108906 A1=100F00 A2=F6CD8 A3=108F40 A4=86E00 A5=108000 A6=108E3C PC=3F86 -- 003F86: add.w   D0, D0
D0=66 D1=100F00 D2=0 D3=FFFF D4=84028C0 D5=802180A3 D6=842184A3 D7=FFFF A0=108906 A1=100F00 A2=F6CD8 A3=108F40 A4=86E00 A5=108000 A6=108E3C PC=3F88 -- 003F88: add.w   D0, D0
D0=CC D1=100F00 D2=0 D3=FFFF D4=84028C0 D5=802180A3 D6=842184A3 D7=FFFF A0=108906 A1=100F00 A2=F6CD8 A3=108F40 A4=86E00 A5=108000 A6=108E3C PC=3F8A -- 003F8A: movea.l (A4,D0.w), A4
D0=CC D1=100F00 D2=0 D3=FFFF D4=84028C0 D5=802180A3 D6=842184A3 D7=FFFF A0=108906 A1=100F00 A2=F6CD8 A3=108F40 A4=F30EA A5=108000 A6=108E3C PC=3F8E -- 003F8E: move.w  ($74,A1), D0
D0=0 D1=100F00 D2=0 D3=FFFF D4=84028C0 D5=802180A3 D6=842184A3 D7=FFFF A0=108906 A1=100F00 A2=F6CD8 A3=108F40 A4=F30EA A5=108000 A6=108E3C PC=3F92 -- 003F92: adda.w  D0, A4
D0=0 D1=100F00 D2=0 D3=FFFF D4=84028C0 D5=802180A3 D6=842184A3 D7=FFFF A0=108906 A1=100F00 A2=F6CD8 A3=108F40 A4=F30EA A5=108000 A6=108E3C PC=3F94 -- 003F94: move.l  (A4), D0
D0=710F10EC D1=100F00 D2=0 D3=FFFF D4=84028C0 D5=802180A3 D6=842184A3 D7=FFFF A0=108906 A1=100F00 A2=F6CD8 A3=108F40 A4=F30EA A5=108000 A6=108E3C PC=3F96 -- 003F96: movea.l D0, A4
D0=710F10EC D1=100F00 D2=0 D3=FFFF D4=84028C0 D5=802180A3 D6=842184A3 D7=FFFF A0=108906 A1=100F00 A2=F6CD8 A3=108F40 A4=710F10EC A5=108000 A6=108E3C PC=3F98 -- 003F98: move.l  A0, -(A7)
D0=710F10EC D1=100F00 D2=0 D3=FFFF D4=84028C0 D5=802180A3 D6=842184A3 D7=FFFF A0=108906 A1=100F00 A2=F6CD8 A3=108F40 A4=710F10EC A5=108000 A6=108E3C PC=3F9A -- 003F9A: lea     $3c0002.l, A0
D0=710F10EC D1=100F00 D2=0 D3=FFFF D4=84028C0 D5=802180A3 D6=842184A3 D7=FFFF A0=3C0002 A1=100F00 A2=F6CD8 A3=108F40 A4=710F10EC A5=108000 A6=108E3C PC=3FA0 -- 003FA0: tst.b   ($7c,A1)
D0=710F10EC D1=100F00 D2=0 D3=FFFF D4=84028C0 D5=802180A3 D6=842184A3 D7=FFFF A0=3C0002 A1=100F00 A2=F6CD8 A3=108F40 A4=710F10EC A5=108000 A6=108E3C PC=3FA4 -- 003FA4: bpl     $3fc0
D0=710F10EC D1=100F00 D2=0 D3=FFFF D4=84028C0 D5=802180A3 D6=842184A3 D7=FFFF A0=3C0002 A1=100F00 A2=F6CD8 A3=108F40 A4=710F10EC A5=108000 A6=108E3C PC=3FC0 -- 003FC0: moveq   #$0, D0
D0=0 D1=100F00 D2=0 D3=FFFF D4=84028C0 D5=802180A3 D6=842184A3 D7=FFFF A0=3C0002 A1=100F00 A2=F6CD8 A3=108F40 A4=710F10EC A5=108000 A6=108E3C PC=3FC2 -- 003FC2: move.b  (A2), D0
D0=1 D1=100F00 D2=0 D3=FFFF D4=84028C0 D5=802180A3 D6=842184A3 D7=FFFF A0=3C0002 A1=100F00 A2=F6CD8 A3=108F40 A4=710F10EC A5=108000 A6=108E3C PC=3FC4 -- 003FC4: sub.w   D0, ($794,A5)
D0=1 D1=100F00 D2=0 D3=FFFF D4=84028C0 D5=802180A3 D6=842184A3 D7=FFFF A0=3C0002 A1=100F00 A2=F6CD8 A3=108F40 A4=710F10EC A5=108000 A6=108E3C PC=3FC8 -- 003FC8: bcc     $3fd2
D0=1 D1=100F00 D2=0 D3=FFFF D4=84028C0 D5=802180A3 D6=842184A3 D7=FFFF A0=3C0002 A1=100F00 A2=F6CD8 A3=108F40 A4=710F10EC A5=108000 A6=108E3C PC=3FD2 -- 003FD2: move.l  A6, -(A7)
D0=1 D1=100F00 D2=0 D3=FFFF D4=84028C0 D5=802180A3 D6=842184A3 D7=FFFF A0=3C0002 A1=100F00 A2=F6CD8 A3=108F40 A4=710F10EC A5=108000 A6=108E3C PC=3FD4 -- 003FD4: btst    #$6, ($7c,A1)
D0=1 D1=100F00 D2=0 D3=FFFF D4=84028C0 D5=802180A3 D6=842184A3 D7=FFFF A0=3C0002 A1=100F00 A2=F6CD8 A3=108F40 A4=710F10EC A5=108000 A6=108E3C PC=3FDA -- 003FDA: bne     $400c
D0=1 D1=100F00 D2=0 D3=FFFF D4=84028C0 D5=802180A3 D6=842184A3 D7=FFFF A0=3C0002 A1=100F00 A2=F6CD8 A3=108F40 A4=710F10EC A5=108000 A6=108E3C PC=3FDE -- 003FDE: moveq   #$0, D1
D0=1 D1=0 D2=0 D3=FFFF D4=84028C0 D5=802180A3 D6=842184A3 D7=FFFF A0=3C0002 A1=100F00 A2=F6CD8 A3=108F40 A4=710F10EC A5=108000 A6=108E3C PC=3FE0 -- 003FE0: move.b  ($82,A1), D1
D0=1 D1=0 D2=0 D3=FFFF D4=84028C0 D5=802180A3 D6=842184A3 D7=FFFF A0=3C0002 A1=100F00 A2=F6CD8 A3=108F40 A4=710F10EC A5=108000 A6=108E3C PC=3FE4 -- 003FE4: add.w   D1, D1
D0=1 D1=0 D2=0 D3=FFFF D4=84028C0 D5=802180A3 D6=842184A3 D7=FFFF A0=3C0002 A1=100F00 A2=F6CD8 A3=108F40 A4=710F10EC A5=108000 A6=108E3C PC=3FE6 -- 003FE6: add.w   D1, D1
D0=1 D1=0 D2=0 D3=FFFF D4=84028C0 D5=802180A3 D6=842184A3 D7=FFFF A0=3C0002 A1=100F00 A2=F6CD8 A3=108F40 A4=710F10EC A5=108000 A6=108E3C PC=3FE8 -- 003FE8: move.w  ($18,A1), D0
D0=68 D1=0 D2=0 D3=FFFF D4=84028C0 D5=802180A3 D6=842184A3 D7=FFFF A0=3C0002 A1=100F00 A2=F6CD8 A3=108F40 A4=710F10EC A5=108000 A6=108E3C PC=3FEC -- 003FEC: lea     ($104c,A5), A6
D0=68 D1=0 D2=0 D3=FFFF D4=84028C0 D5=802180A3 D6=842184A3 D7=FFFF A0=3C0002 A1=100F00 A2=F6CD8 A3=108F40 A4=710F10EC A5=108000 A6=10904C PC=3FF0 -- 003FF0: sub.w   (A6,D1.w), D0
D0=68 D1=0 D2=0 D3=FFFF D4=84028C0 D5=802180A3 D6=842184A3 D7=FFFF A0=3C0002 A1=100F00 A2=F6CD8 A3=108F40 A4=710F10EC A5=108000 A6=10904C PC=3FF4 -- 003FF4: move.w  D0, ($24,A1)
D0=68 D1=0 D2=0 D3=FFFF D4=84028C0 D5=802180A3 D6=842184A3 D7=FFFF A0=3C0002 A1=100F00 A2=F6CD8 A3=108F40 A4=710F10EC A5=108000 A6=10904C PC=3FF8 -- 003FF8: move.w  ($1c,A1), D0
D0=70 D1=0 D2=0 D3=FFFF D4=84028C0 D5=802180A3 D6=842184A3 D7=FFFF A0=3C0002 A1=100F00 A2=F6CD8 A3=108F40 A4=710F10EC A5=108000 A6=10904C PC=3FFC -- 003FFC: sub.w   ($20,A1), D0
D0=70 D1=0 D2=0 D3=FFFF D4=84028C0 D5=802180A3 D6=842184A3 D7=FFFF A0=3C0002 A1=100F00 A2=F6CD8 A3=108F40 A4=710F10EC A5=108000 A6=10904C PC=4000 -- 004000: lea     ($1058,A5), A6
D0=70 D1=0 D2=0 D3=FFFF D4=84028C0 D5=802180A3 D6=842184A3 D7=FFFF A0=3C0002 A1=100F00 A2=F6CD8 A3=108F40 A4=710F10EC A5=108000 A6=109058 PC=4004 -- 004004: sub.w   (A6,D1.w), D0
D0=70 D1=0 D2=0 D3=FFFF D4=84028C0 D5=802180A3 D6=842184A3 D7=FFFF A0=3C0002 A1=100F00 A2=F6CD8 A3=108F40 A4=710F10EC A5=108000 A6=109058 PC=4008 -- 004008: move.w  D0, ($26,A1)
D0=70 D1=0 D2=0 D3=FFFF D4=84028C0 D5=802180A3 D6=842184A3 D7=FFFF A0=3C0002 A1=100F00 A2=F6CD8 A3=108F40 A4=710F10EC A5=108000 A6=109058 PC=400C -- 00400C: tst.b   ($3a66,A5)
D0=70 D1=0 D2=0 D3=FFFF D4=84028C0 D5=802180A3 D6=842184A3 D7=FFFF A0=3C0002 A1=100F00 A2=F6CD8 A3=108F40 A4=710F10EC A5=108000 A6=109058 PC=4010 -- 004010: bmi     $4018
D0=70 D1=0 D2=0 D3=FFFF D4=84028C0 D5=802180A3 D6=842184A3 D7=FFFF A0=3C0002 A1=100F00 A2=F6CD8 A3=108F40 A4=710F10EC A5=108000 A6=109058 PC=4012 -- 004012: bsr     $4088
D0=70 D1=0 D2=0 D3=FFFF D4=84028C0 D5=802180A3 D6=842184A3 D7=FFFF A0=3C0002 A1=100F00 A2=F6CD8 A3=108F40 A4=710F10EC A5=108000 A6=109058 PC=4088 -- 004088: move.w  (A4), D0
D0=0 D1=0 D2=0 D3=FFFF D4=84028C0 D5=802180A3 D6=842184A3 D7=FFFF A0=3C0002 A1=100F00 A2=F6CD8 A3=108F40 A4=710F10EC A5=108000 A6=109058 PC=408A -- 00408A: move.b  ($31,A1), D1
D0=0 D1=0 D2=0 D3=FFFF D4=84028C0 D5=802180A3 D6=842184A3 D7=FFFF A0=3C0002 A1=100F00 A2=F6CD8 A3=108F40 A4=710F10EC A5=108000 A6=109058 PC=408E -- 00408E: move.b  ($4,A4), D2
D0=0 D1=0 D2=0 D3=FFFF D4=84028C0 D5=802180A3 D6=842184A3 D7=FFFF A0=3C0002 A1=100F00 A2=F6CD8 A3=108F40 A4=710F10EC A5=108000 A6=109058 PC=4092 -- 004092: rol.b   #2, D2
D0=0 D1=0 D2=0 D3=FFFF D4=84028C0 D5=802180A3 D6=842184A3 D7=FFFF A0=3C0002 A1=100F00 A2=F6CD8 A3=108F40 A4=710F10EC A5=108000 A6=109058 PC=4094 -- 004094: eor.w   D2, D1
D0=0 D1=0 D2=0 D3=FFFF D4=84028C0 D5=802180A3 D6=842184A3 D7=FFFF A0=3C0002 A1=100F00 A2=F6CD8 A3=108F40 A4=710F10EC A5=108000 A6=109058 PC=4096 -- 004096: andi.w  #$3, D1
D0=0 D1=0 D2=0 D3=FFFF D4=84028C0 D5=802180A3 D6=842184A3 D7=FFFF A0=3C0002 A1=100F00 A2=F6CD8 A3=108F40 A4=710F10EC A5=108000 A6=109058 PC=409A -- 00409A: move.w  D1, ($790,A5)
D0=0 D1=0 D2=0 D3=FFFF D4=84028C0 D5=802180A3 D6=842184A3 D7=FFFF A0=3C0002 A1=100F00 A2=F6CD8 A3=108F40 A4=710F10EC A5=108000 A6=109058 PC=409E -- 00409E: andi.w  #$1, D1
D0=0 D1=0 D2=0 D3=FFFF D4=84028C0 D5=802180A3 D6=842184A3 D7=FFFF A0=3C0002 A1=100F00 A2=F6CD8 A3=108F40 A4=710F10EC A5=108000 A6=109058 PC=40A2 -- 0040A2: beq     $40ae
D0=0 D1=0 D2=0 D3=FFFF D4=84028C0 D5=802180A3 D6=842184A3 D7=FFFF A0=3C0002 A1=100F00 A2=F6CD8 A3=108F40 A4=710F10EC A5=108000 A6=109058 PC=40AE -- 0040AE: moveq   #$0, D1
D0=0 D1=0 D2=0 D3=FFFF D4=84028C0 D5=802180A3 D6=842184A3 D7=FFFF A0=3C0002 A1=100F00 A2=F6CD8 A3=108F40 A4=710F10EC A5=108000 A6=109058 PC=40B0 -- 0040B0: move.b  ($68,A1), D1
D0=0 D1=FF D2=0 D3=FFFF D4=84028C0 D5=802180A3 D6=842184A3 D7=FFFF A0=3C0002 A1=100F00 A2=F6CD8 A3=108F40 A4=710F10EC A5=108000 A6=109058 PC=40B4 -- 0040B4: addq.w  #1, D1
D0=0 D1=100 D2=0 D3=FFFF D4=84028C0 D5=802180A3 D6=842184A3 D7=FFFF A0=3C0002 A1=100F00 A2=F6CD8 A3=108F40 A4=710F10EC A5=108000 A6=109058 PC=40B6 -- 0040B6: muls.w  D1, D0
D0=0 D1=100 D2=0 D3=FFFF D4=84028C0 D5=802180A3 D6=842184A3 D7=FFFF A0=3C0002 A1=100F00 A2=F6CD8 A3=108F40 A4=710F10EC A5=108000 A6=109058 PC=40B8 -- 0040B8: lsr.l   #8, D0
D0=0 D1=100 D2=0 D3=FFFF D4=84028C0 D5=802180A3 D6=842184A3 D7=FFFF A0=3C0002 A1=100F00 A2=F6CD8 A3=108F40 A4=710F10EC A5=108000 A6=109058 PC=40BA -- 0040BA: add.w   ($24,A1), D0
D0=68 D1=100 D2=0 D3=FFFF D4=84028C0 D5=802180A3 D6=842184A3 D7=FFFF A0=3C0002 A1=100F00 A2=F6CD8 A3=108F40 A4=710F10EC A5=108000 A6=109058 PC=40BE -- 0040BE: lsl.w   #7, D0
D0=3400 D1=100 D2=0 D3=FFFF D4=84028C0 D5=802180A3 D6=842184A3 D7=FFFF A0=3C0002 A1=100F00 A2=F6CD8 A3=108F40 A4=710F10EC A5=108000 A6=109058 PC=40C0 -- 0040C0: move.w  D6, (-$2,A0)
D0=3400 D1=100 D2=0 D3=FFFF D4=84028C0 D5=802180A3 D6=842184A3 D7=FFFF A0=3C0002 A1=100F00 A2=F6CD8 A3=108F40 A4=710F10EC A5=108000 A6=109058 PC=40C4 -- 0040C4: move.w  D0, (A0)
D0=3400 D1=100 D2=0 D3=FFFF D4=84028C0 D5=802180A3 D6=842184A3 D7=FFFF A0=3C0002 A1=100F00 A2=F6CD8 A3=108F40 A4=710F10EC A5=108000 A6=109058 PC=40C6 -- 0040C6: moveq   #$0, D0
D0=0 D1=100 D2=0 D3=FFFF D4=84028C0 D5=802180A3 D6=842184A3 D7=FFFF A0=3C0002 A1=100F00 A2=F6CD8 A3=108F40 A4=710F10EC A5=108000 A6=109058 PC=40C8 -- 0040C8: move.b  (A2), D0
D0=1 D1=100 D2=0 D3=FFFF D4=84028C0 D5=802180A3 D6=842184A3 D7=FFFF A0=3C0002 A1=100F00 A2=F6CD8 A3=108F40 A4=710F10EC A5=108000 A6=109058 PC=40CA -- 0040CA: add.w   D0, D6
D0=1 D1=100 D2=0 D3=FFFF D4=84028C0 D5=802180A3 D6=842184A4 D7=FFFF A0=3C0002 A1=100F00 A2=F6CD8 A3=108F40 A4=710F10EC A5=108000 A6=109058 PC=40CC -- 0040CC: move.w  ($2,A4), D0
D0=FFFF D1=100 D2=0 D3=FFFF D4=84028C0 D5=802180A3 D6=842184A4 D7=FFFF A0=3C0002 A1=100F00 A2=F6CD8 A3=108F40 A4=710F10EC A5=108000 A6=109058 PC=40D0 -- 0040D0: btst    #$1, ($791,A5)
D0=FFFF D1=100 D2=0 D3=FFFF D4=84028C0 D5=802180A3 D6=842184A4 D7=FFFF A0=3C0002 A1=100F00 A2=F6CD8 A3=108F40 A4=710F10EC A5=108000 A6=109058 PC=40D6 -- 0040D6: beq     $40e4
D0=FFFF D1=100 D2=0 D3=FFFF D4=84028C0 D5=802180A3 D6=842184A4 D7=FFFF A0=3C0002 A1=100F00 A2=F6CD8 A3=108F40 A4=710F10EC A5=108000 A6=109058 PC=40E4 -- 0040E4: moveq   #$0, D1
D0=FFFF D1=0 D2=0 D3=FFFF D4=84028C0 D5=802180A3 D6=842184A4 D7=FFFF A0=3C0002 A1=100F00 A2=F6CD8 A3=108F40 A4=710F10EC A5=108000 A6=109058 PC=40E6 -- 0040E6: move.b  ($69,A1), D1
D0=FFFF D1=FF D2=0 D3=FFFF D4=84028C0 D5=802180A3 D6=842184A4 D7=FFFF A0=3C0002 A1=100F00 A2=F6CD8 A3=108F40 A4=710F10EC A5=108000 A6=109058 PC=40EA -- 0040EA: addq.w  #1, D1
D0=FFFF D1=100 D2=0 D3=FFFF D4=84028C0 D5=802180A3 D6=842184A4 D7=FFFF A0=3C0002 A1=100F00 A2=F6CD8 A3=108F40 A4=710F10EC A5=108000 A6=109058 PC=40EC -- 0040EC: muls.w  D1, D0
D0=FFFFFF00 D1=100 D2=0 D3=FFFF D4=84028C0 D5=802180A3 D6=842184A4 D7=FFFF A0=3C0002 A1=100F00 A2=F6CD8 A3=108F40 A4=710F10EC A5=108000 A6=109058 PC=40EE -- 0040EE: lsr.l   #8, D0
D0=FFFFFF D1=100 D2=0 D3=FFFF D4=84028C0 D5=802180A3 D6=842184A4 D7=FFFF A0=3C0002 A1=100F00 A2=F6CD8 A3=108F40 A4=710F10EC A5=108000 A6=109058 PC=40F0 -- 0040F0: add.w   ($26,A1), D0
D0=FF006F D1=100 D2=0 D3=FFFF D4=84028C0 D5=802180A3 D6=842184A4 D7=FFFF A0=3C0002 A1=100F00 A2=F6CD8 A3=108F40 A4=710F10EC A5=108000 A6=109058 PC=40F4 -- 0040F4: neg.w   D0
D0=FFFF91 D1=100 D2=0 D3=FFFF D4=84028C0 D5=802180A3 D6=842184A4 D7=FFFF A0=3C0002 A1=100F00 A2=F6CD8 A3=108F40 A4=710F10EC A5=108000 A6=109058 PC=40F6 -- 0040F6: addi.w  #$1ff, D0
D0=FF0190 D1=100 D2=0 D3=FFFF D4=84028C0 D5=802180A3 D6=842184A4 D7=FFFF A0=3C0002 A1=100F00 A2=F6CD8 A3=108F40 A4=710F10EC A5=108000 A6=109058 PC=40FA -- 0040FA: lsl.w   #7, D0
D0=FFC800 D1=100 D2=0 D3=FFFF D4=84028C0 D5=802180A3 D6=842184A4 D7=FFFF A0=3C0002 A1=100F00 A2=F6CD8 A3=108F40 A4=710F10EC A5=108000 A6=109058 PC=40FC -- 0040FC: bsr     $4772
D0=FFC800 D1=100 D2=0 D3=FFFF D4=84028C0 D5=802180A3 D6=842184A4 D7=FFFF A0=3C0002 A1=100F00 A2=F6CD8 A3=108F40 A4=710F10EC A5=108000 A6=109058 PC=4772 -- 004772: move.w  D0, -(A7)
D0=FFC800 D1=100 D2=0 D3=FFFF D4=84028C0 D5=802180A3 D6=842184A4 D7=FFFF A0=3C0002 A1=100F00 A2=F6CD8 A3=108F40 A4=710F10EC A5=108000 A6=109058 PC=4774 -- 004774: moveq   #-$1, D0
D0=FFFFFFFF D1=100 D2=0 D3=FFFF D4=84028C0 D5=802180A3 D6=842184A4 D7=FFFF A0=3C0002 A1=100F00 A2=F6CD8 A3=108F40 A4=710F10EC A5=108000 A6=109058 PC=4776 -- 004776: moveq   #$0, D1
D0=FFFFFFFF D1=0 D2=0 D3=FFFF D4=84028C0 D5=802180A3 D6=842184A4 D7=FFFF A0=3C0002 A1=100F00 A2=F6CD8 A3=108F40 A4=710F10EC A5=108000 A6=109058 PC=4778 -- 004778: move.b  ($1,A2), D1
D0=FFFFFFFF D1=1 D2=0 D3=FFFF D4=84028C0 D5=802180A3 D6=842184A4 D7=FFFF A0=3C0002 A1=100F00 A2=F6CD8 A3=108F40 A4=710F10EC A5=108000 A6=109058 PC=477C -- 00477C: cmpi.b  #-$1, ($69,A1)
D0=FFFFFFFF D1=1 D2=0 D3=FFFF D4=84028C0 D5=802180A3 D6=842184A4 D7=FFFF A0=3C0002 A1=100F00 A2=F6CD8 A3=108F40 A4=710F10EC A5=108000 A6=109058 PC=4782 -- 004782: beq     $47b4
D0=FFFFFFFF D1=1 D2=0 D3=FFFF D4=84028C0 D5=802180A3 D6=842184A4 D7=FFFF A0=3C0002 A1=100F00 A2=F6CD8 A3=108F40 A4=710F10EC A5=108000 A6=109058 PC=47B4 -- 0047B4: move.b  D0, ($78f,A5)
D0=FFFFFFFF D1=1 D2=0 D3=FFFF D4=84028C0 D5=802180A3 D6=842184A4 D7=FFFF A0=3C0002 A1=100F00 A2=F6CD8 A3=108F40 A4=710F10EC A5=108000 A6=109058 PC=47B8 -- 0047B8: move.b  D1, ($78e,A5)
D0=FFFFFFFF D1=1 D2=0 D3=FFFF D4=84028C0 D5=802180A3 D6=842184A4 D7=FFFF A0=3C0002 A1=100F00 A2=F6CD8 A3=108F40 A4=710F10EC A5=108000 A6=109058 PC=47BC -- 0047BC: move.w  (A7)+, D0
D0=FFFFC800 D1=1 D2=0 D3=FFFF D4=84028C0 D5=802180A3 D6=842184A4 D7=FFFF A0=3C0002 A1=100F00 A2=F6CD8 A3=108F40 A4=710F10EC A5=108000 A6=109058 PC=47BE -- 0047BE: rts
D0=FFFFC800 D1=1 D2=0 D3=FFFF D4=84028C0 D5=802180A3 D6=842184A4 D7=FFFF A0=3C0002 A1=100F00 A2=F6CD8 A3=108F40 A4=710F10EC A5=108000 A6=109058 PC=4100 -- 004100: add.b   ($78e,A5), D0
D0=FFFFC801 D1=1 D2=0 D3=FFFF D4=84028C0 D5=802180A3 D6=842184A4 D7=FFFF A0=3C0002 A1=100F00 A2=F6CD8 A3=108F40 A4=710F10EC A5=108000 A6=109058 PC=4104 -- 004104: move.w  D0, (A3)+
D0=FFFFC801 D1=1 D2=0 D3=FFFF D4=84028C0 D5=802180A3 D6=842184A4 D7=FFFF A0=3C0002 A1=100F00 A2=F6CD8 A3=108F42 A4=710F10EC A5=108000 A6=109058 PC=4106 -- 004106: moveq   #$0, D0
D0=0 D1=1 D2=0 D3=FFFF D4=84028C0 D5=802180A3 D6=842184A4 D7=FFFF A0=3C0002 A1=100F00 A2=F6CD8 A3=108F42 A4=710F10EC A5=108000 A6=109058 PC=4108 -- 004108: move.b  (A2), D0
D0=1 D1=1 D2=0 D3=FFFF D4=84028C0 D5=802180A3 D6=842184A4 D7=FFFF A0=3C0002 A1=100F00 A2=F6CD8 A3=108F42 A4=710F10EC A5=108000 A6=109058 PC=410A -- 00410A: subq.b  #2, D0
D0=FF D1=1 D2=0 D3=FFFF D4=84028C0 D5=802180A3 D6=842184A4 D7=FFFF A0=3C0002 A1=100F00 A2=F6CD8 A3=108F42 A4=710F10EC A5=108000 A6=109058 PC=410C -- 00410C: bmi     $4118
D0=FF D1=1 D2=0 D3=FFFF D4=84028C0 D5=802180A3 D6=842184A4 D7=FFFF A0=3C0002 A1=100F00 A2=F6CD8 A3=108F42 A4=710F10EC A5=108000 A6=109058 PC=4118 -- 004118: move.w  #$1, ($2,A0)
D0=FF D1=1 D2=0 D3=FFFF D4=84028C0 D5=802180A3 D6=842184A4 D7=FFFF A0=3C0002 A1=100F00 A2=F6CD8 A3=108F42 A4=710F10EC A5=108000 A6=109058 PC=411E -- 00411E: move.w  D5, (-$2,A0)
D0=FF D1=1 D2=0 D3=FFFF D4=84028C0 D5=802180A3 D6=842184A4 D7=FFFF A0=3C0002 A1=100F00 A2=F6CD8 A3=108F42 A4=710F10EC A5=108000 A6=109058 PC=4122 -- 004122: moveq   #$0, D1
D0=FF D1=0 D2=0 D3=FFFF D4=84028C0 D5=802180A3 D6=842184A4 D7=FFFF A0=3C0002 A1=100F00 A2=F6CD8 A3=108F42 A4=710F10EC A5=108000 A6=109058 PC=4124 -- 004124: move.b  ($68,A1), D0
D0=FF D1=0 D2=0 D3=FFFF D4=84028C0 D5=802180A3 D6=842184A4 D7=FFFF A0=3C0002 A1=100F00 A2=F6CD8 A3=108F42 A4=710F10EC A5=108000 A6=109058 PC=4128 -- 004128: move.b  D0, D1
D0=FF D1=FF D2=0 D3=FFFF D4=84028C0 D5=802180A3 D6=842184A4 D7=FFFF A0=3C0002 A1=100F00 A2=F6CD8 A3=108F42 A4=710F10EC A5=108000 A6=109058 PC=412A -- 00412A: andi.w  #$f, D0
D0=F D1=FF D2=0 D3=FFFF D4=84028C0 D5=802180A3 D6=842184A4 D7=FFFF A0=3C0002 A1=100F00 A2=F6CD8 A3=108F42 A4=710F10EC A5=108000 A6=109058 PC=412E -- 00412E: lsr.b   #4, D1
D0=F D1=F D2=0 D3=FFFF D4=84028C0 D5=802180A3 D6=842184A4 D7=FFFF A0=3C0002 A1=100F00 A2=F6CD8 A3=108F42 A4=710F10EC A5=108000 A6=109058 PC=4130 -- 004130: tst.b   D1
D0=F D1=F D2=0 D3=FFFF D4=84028C0 D5=802180A3 D6=842184A4 D7=FFFF A0=3C0002 A1=100F00 A2=F6CD8 A3=108F42 A4=710F10EC A5=108000 A6=109058 PC=4132 -- 004132: beq     $4164
D0=F D1=F D2=0 D3=FFFF D4=84028C0 D5=802180A3 D6=842184A4 D7=FFFF A0=3C0002 A1=100F00 A2=F6CD8 A3=108F42 A4=710F10EC A5=108000 A6=109058 PC=4134 -- 004134: lea     $4f9d2.l, A6
D0=F D1=F D2=0 D3=FFFF D4=84028C0 D5=802180A3 D6=842184A4 D7=FFFF A0=3C0002 A1=100F00 A2=F6CD8 A3=108F42 A4=710F10EC A5=108000 A6=4F9D2 PC=413A -- 00413A: lsl.w   #5, D0
D0=1E0 D1=F D2=0 D3=FFFF D4=84028C0 D5=802180A3 D6=842184A4 D7=FFFF A0=3C0002 A1=100F00 A2=F6CD8 A3=108F42 A4=710F10EC A5=108000 A6=4F9D2 PC=413C -- 00413C: adda.w  D0, A6
D0=1E0 D1=F D2=0 D3=FFFF D4=84028C0 D5=802180A3 D6=842184A4 D7=FFFF A0=3C0002 A1=100F00 A2=F6CD8 A3=108F42 A4=710F10EC A5=108000 A6=4FBB2 PC=413E -- 00413E: moveq   #$f, D0
D0=F D1=F D2=0 D3=FFFF D4=84028C0 D5=802180A3 D6=842184A4 D7=FFFF A0=3C0002 A1=100F00 A2=F6CD8 A3=108F42 A4=710F10EC A5=108000 A6=4FBB2 PC=4140 -- 004140: moveq   #$0, D2
D0=F D1=F D2=0 D3=FFFF D4=84028C0 D5=802180A3 D6=842184A4 D7=FFFF A0=3C0002 A1=100F00 A2=F6CD8 A3=108F42 A4=710F10EC A5=108000 A6=4FBB2 PC=4142 -- 004142: move.b  (A2), D2
D0=F D1=F D2=1 D3=FFFF D4=84028C0 D5=802180A3 D6=842184A4 D7=FFFF A0=3C0002 A1=100F00 A2=F6CD8 A3=108F42 A4=710F10EC A5=108000 A6=4FBB2 PC=4144 -- 004144: lsr.w   #1, D2
D0=F D1=F D2=0 D3=FFFF D4=84028C0 D5=802180A3 D6=842184A4 D7=FFFF A0=3C0002 A1=100F00 A2=F6CD8 A3=108F42 A4=710F10EC A5=108000 A6=4FBB2 PC=4146 -- 004146: sub.w   D2, D0
D0=F D1=F D2=0 D3=FFFF D4=84028C0 D5=802180A3 D6=842184A4 D7=FFFF A0=3C0002 A1=100F00 A2=F6CD8 A3=108F42 A4=710F10EC A5=108000 A6=4FBB2 PC=4148 -- 004148: adda.l  D0, A6
D0=F D1=F D2=0 D3=FFFF D4=84028C0 D5=802180A3 D6=842184A4 D7=FFFF A0=3C0002 A1=100F00 A2=F6CD8 A3=108F42 A4=710F10EC A5=108000 A6=4FBC1 PC=414A -- 00414A: move.b  (A2), D0
D0=1 D1=F D2=0 D3=FFFF D4=84028C0 D5=802180A3 D6=842184A4 D7=FFFF A0=3C0002 A1=100F00 A2=F6CD8 A3=108F42 A4=710F10EC A5=108000 A6=4FBC1 PC=414C -- 00414C: add.w   D0, D5
D0=1 D1=F D2=0 D3=FFFF D4=84028C0 D5=802180A4 D6=842184A4 D7=FFFF A0=3C0002 A1=100F00 A2=F6CD8 A3=108F42 A4=710F10EC A5=108000 A6=4FBC1 PC=414E -- 00414E: subq.b  #1, D0
D0=0 D1=F D2=0 D3=FFFF D4=84028C0 D5=802180A4 D6=842184A4 D7=FFFF A0=3C0002 A1=100F00 A2=F6CD8 A3=108F42 A4=710F10EC A5=108000 A6=4FBC1 PC=4150 -- 004150: move.b  D1, D2
D0=0 D1=F D2=F D3=FFFF D4=84028C0 D5=802180A4 D6=842184A4 D7=FFFF A0=3C0002 A1=100F00 A2=F6CD8 A3=108F42 A4=710F10EC A5=108000 A6=4FBC1 PC=4152 -- 004152: sub.b   (A6)+, D2
D0=0 D1=F D2=F D3=FFFF D4=84028C0 D5=802180A4 D6=842184A4 D7=FFFF A0=3C0002 A1=100F00 A2=F6CD8 A3=108F42 A4=710F10EC A5=108000 A6=4FBC2 PC=4154 -- 004154: lsl.w   #8, D2
D0=0 D1=F D2=F00 D3=FFFF D4=84028C0 D5=802180A4 D6=842184A4 D7=FFFF A0=3C0002 A1=100F00 A2=F6CD8 A3=108F42 A4=710F10EC A5=108000 A6=4FBC2 PC=4156 -- 004156: move.b  ($69,A1), D2
D0=0 D1=F D2=FFF D3=FFFF D4=84028C0 D5=802180A4 D6=842184A4 D7=FFFF A0=3C0002 A1=100F00 A2=F6CD8 A3=108F42 A4=710F10EC A5=108000 A6=4FBC2 PC=415A -- 00415A: move.w  D2, (A0)
D0=0 D1=F D2=FFF D3=FFFF D4=84028C0 D5=802180A4 D6=842184A4 D7=FFFF A0=3C0002 A1=100F00 A2=F6CD8 A3=108F42 A4=710F10EC A5=108000 A6=4FBC2 PC=415C -- 00415C: dbra    D0, $4150
D0=FFFF D1=F D2=FFF D3=FFFF D4=84028C0 D5=802180A4 D6=842184A4 D7=FFFF A0=3C0002 A1=100F00 A2=F6CD8 A3=108F42 A4=710F10EC A5=108000 A6=4FBC2 PC=4160 -- 004160: bra     $4178
D0=FFFF D1=F D2=FFF D3=FFFF D4=84028C0 D5=802180A4 D6=842184A4 D7=FFFF A0=3C0002 A1=100F00 A2=F6CD8 A3=108F42 A4=710F10EC A5=108000 A6=4FBC2 PC=4178 -- 004178: move.b  ($2,A2), D0
D0=FFC6 D1=F D2=FFF D3=FFFF D4=84028C0 D5=802180A4 D6=842184A4 D7=FFFF A0=3C0002 A1=100F00 A2=F6CD8 A3=108F42 A4=710F10EC A5=108000 A6=4FBC2 PC=417C -- 00417C: tst.b   ($80,A1)
D0=FFC6 D1=F D2=FFF D3=FFFF D4=84028C0 D5=802180A4 D6=842184A4 D7=FFFF A0=3C0002 A1=100F00 A2=F6CD8 A3=108F42 A4=710F10EC A5=108000 A6=4FBC2 PC=4180 -- 004180: beq     $4188
D0=FFC6 D1=F D2=FFF D3=FFFF D4=84028C0 D5=802180A4 D6=842184A4 D7=FFFF A0=3C0002 A1=100F00 A2=F6CD8 A3=108F42 A4=710F10EC A5=108000 A6=4FBC2 PC=4188 -- 004188: add.b   ($30,A1), D0
D0=FFC6 D1=F D2=FFF D3=FFFF D4=84028C0 D5=802180A4 D6=842184A4 D7=FFFF A0=3C0002 A1=100F00 A2=F6CD8 A3=108F42 A4=710F10EC A5=108000 A6=4FBC2 PC=418C -- 00418C: lsl.w   #8, D0
D0=C600 D1=F D2=FFF D3=FFFF D4=84028C0 D5=802180A4 D6=842184A4 D7=FFFF A0=3C0002 A1=100F00 A2=F6CD8 A3=108F42 A4=710F10EC A5=108000 A6=4FBC2 PC=418E -- 00418E: tst.b   ($3,A2)
D0=C600 D1=F D2=FFF D3=FFFF D4=84028C0 D5=802180A4 D6=842184A4 D7=FFFF A0=3C0002 A1=100F00 A2=F6CD8 A3=108F42 A4=710F10EC A5=108000 A6=4FBC2 PC=4192 -- 004192: beq     $4198
D0=C600 D1=F D2=FFF D3=FFFF D4=84028C0 D5=802180A4 D6=842184A4 D7=FFFF A0=3C0002 A1=100F00 A2=F6CD8 A3=108F42 A4=710F10EC A5=108000 A6=4FBC2 PC=4194 -- 004194: move.b  #$10, D0
D0=C610 D1=F D2=FFF D3=FFFF D4=84028C0 D5=802180A4 D6=842184A4 D7=FFFF A0=3C0002 A1=100F00 A2=F6CD8 A3=108F42 A4=710F10EC A5=108000 A6=4FBC2 PC=4198 -- 004198: move.w  ($4,A2), D1
D0=C610 D1=DCA5 D2=FFF D3=FFFF D4=84028C0 D5=802180A4 D6=842184A4 D7=FFFF A0=3C0002 A1=100F00 A2=F6CD8 A3=108F42 A4=710F10EC A5=108000 A6=4FBC2 PC=419C -- 00419C: moveq   #$0, D3
D0=C610 D1=DCA5 D2=FFF D3=0 D4=84028C0 D5=802180A4 D6=842184A4 D7=FFFF A0=3C0002 A1=100F00 A2=F6CD8 A3=108F42 A4=710F10EC A5=108000 A6=4FBC2 PC=419E -- 00419E: move.b  (A2), D3
D0=C610 D1=DCA5 D2=FFF D3=1 D4=84028C0 D5=802180A4 D6=842184A4 D7=FFFF A0=3C0002 A1=100F00 A2=F6CD8 A3=108F42 A4=710F10EC A5=108000 A6=4FBC2 PC=41A0 -- 0041A0: subq.b  #1, D3
D0=C610 D1=DCA5 D2=FFF D3=0 D4=84028C0 D5=802180A4 D6=842184A4 D7=FFFF A0=3C0002 A1=100F00 A2=F6CD8 A3=108F42 A4=710F10EC A5=108000 A6=4FBC2 PC=41A2 -- 0041A2: move.w  ($790,A5), D7
D0=C610 D1=DCA5 D2=FFF D3=0 D4=84028C0 D5=802180A4 D6=842184A4 D7=0 A0=3C0002 A1=100F00 A2=F6CD8 A3=108F42 A4=710F10EC A5=108000 A6=4FBC2 PC=41A6 -- 0041A6: add.w   D7, D7
D0=C610 D1=DCA5 D2=FFF D3=0 D4=84028C0 D5=802180A4 D6=842184A4 D7=0 A0=3C0002 A1=100F00 A2=F6CD8 A3=108F42 A4=710F10EC A5=108000 A6=4FBC2 PC=41A8 -- 0041A8: add.w   D7, D7
D0=C610 D1=DCA5 D2=FFF D3=0 D4=84028C0 D5=802180A4 D6=842184A4 D7=0 A0=3C0002 A1=100F00 A2=F6CD8 A3=108F42 A4=710F10EC A5=108000 A6=4FBC2 PC=41AA -- 0041AA: movea.l ($4,PC,D7.w), A6
D0=C610 D1=DCA5 D2=FFF D3=0 D4=84028C0 D5=802180A4 D6=842184A4 D7=0 A0=3C0002 A1=100F00 A2=F6CD8 A3=108F42 A4=710F10EC A5=108000 A6=428C PC=41AE -- 0041AE: jmp     (A6)
D0=C610 D1=DCA5 D2=FFF D3=0 D4=84028C0 D5=802180A4 D6=842184A4 D7=0 A0=3C0002 A1=100F00 A2=F6CD8 A3=108F42 A4=710F10EC A5=108000 A6=428C PC=428C -- 00428C: lea     ($6,A2), A6
D0=C610 D1=DCA5 D2=FFF D3=0 D4=84028C0 D5=802180A4 D6=842184A4 D7=0 A0=3C0002 A1=100F00 A2=F6CD8 A3=108F42 A4=710F10EC A5=108000 A6=F6CDE PC=4290 -- 004290: move.w  #$1, ($2,A0)
D0=C610 D1=DCA5 D2=FFF D3=0 D4=84028C0 D5=802180A4 D6=842184A4 D7=0 A0=3C0002 A1=100F00 A2=F6CD8 A3=108F42 A4=710F10EC A5=108000 A6=F6CDE PC=4296 -- 004296: moveq   #$0, D7
D0=C610 D1=DCA5 D2=FFF D3=0 D4=84028C0 D5=802180A4 D6=842184A4 D7=0 A0=3C0002 A1=100F00 A2=F6CD8 A3=108F42 A4=710F10EC A5=108000 A6=F6CDE PC=4298 -- 004298: move.b  ($1,A2), D7
D0=C610 D1=DCA5 D2=FFF D3=0 D4=84028C0 D5=802180A4 D6=842184A4 D7=1 A0=3C0002 A1=100F00 A2=F6CD8 A3=108F42 A4=710F10EC A5=108000 A6=F6CDE PC=429C -- 00429C: subq.b  #1, D7
D0=C610 D1=DCA5 D2=FFF D3=0 D4=84028C0 D5=802180A4 D6=842184A4 D7=0 A0=3C0002 A1=100F00 A2=F6CD8 A3=108F42 A4=710F10EC A5=108000 A6=F6CDE PC=429E -- 00429E: move.w  (A6)+, D2
D0=C610 D1=DCA5 D2=8000 D3=0 D4=84028C0 D5=802180A4 D6=842184A4 D7=0 A0=3C0002 A1=100F00 A2=F6CD8 A3=108F42 A4=710F10EC A5=108000 A6=F6CE0 PC=42A0 -- 0042A0: move.w  D4, (-$2,A0)
D0=C610 D1=DCA5 D2=8000 D3=0 D4=84028C0 D5=802180A4 D6=842184A4 D7=0 A0=3C0002 A1=100F00 A2=F6CD8 A3=108F42 A4=710F10EC A5=108000 A6=F6CE0 PC=42A4 -- 0042A4: add.w   D2, D2
D0=C610 D1=DCA5 D2=0 D3=0 D4=84028C0 D5=802180A4 D6=842184A4 D7=0 A0=3C0002 A1=100F00 A2=F6CD8 A3=108F42 A4=710F10EC A5=108000 A6=F6CE0 PC=42A6 -- 0042A6: bcc     $42b8
D0=C610 D1=DCA5 D2=0 D3=0 D4=84028C0 D5=802180A4 D6=842184A4 D7=0 A0=3C0002 A1=100F00 A2=F6CD8 A3=108F42 A4=710F10EC A5=108000 A6=F6CE0 PC=42A8 -- 0042A8: move.w  D1, (A0)
D0=C610 D1=DCA5 D2=0 D3=0 D4=84028C0 D5=802180A4 D6=842184A4 D7=0 A0=3C0002 A1=100F00 A2=F6CD8 A3=108F42 A4=710F10EC A5=108000 A6=F6CE0 PC=42AA -- 0042AA: nop
D0=C610 D1=DCA5 D2=0 D3=0 D4=84028C0 D5=802180A4 D6=842184A4 D7=0 A0=3C0002 A1=100F00 A2=F6CD8 A3=108F42 A4=710F10EC A5=108000 A6=F6CE0 PC=42AC -- 0042AC: move.w  D0, (A0)
D0=C610 D1=DCA5 D2=0 D3=0 D4=84028C0 D5=802180A4 D6=842184A4 D7=0 A0=3C0002 A1=100F00 A2=F6CD8 A3=108F42 A4=710F10EC A5=108000 A6=F6CE0 PC=42AE -- 0042AE: addq.w  #1, D1
D0=C610 D1=DCA6 D2=0 D3=0 D4=84028C0 D5=802180A4 D6=842184A4 D7=0 A0=3C0002 A1=100F00 A2=F6CD8 A3=108F42 A4=710F10EC A5=108000 A6=F6CE0 PC=42B0 -- 0042B0: bcc     $42c0
D0=C610 D1=DCA6 D2=0 D3=0 D4=84028C0 D5=802180A4 D6=842184A4 D7=0 A0=3C0002 A1=100F00 A2=F6CD8 A3=108F42 A4=710F10EC A5=108000 A6=F6CE0 PC=42C0 -- 0042C0: dbra    D7, $42a4
D0=C610 D1=DCA6 D2=0 D3=0 D4=84028C0 D5=802180A4 D6=842184A4 D7=FFFF A0=3C0002 A1=100F00 A2=F6CD8 A3=108F42 A4=710F10EC A5=108000 A6=F6CE0 PC=42C4 -- 0042C4: bsr     $47c0
D0=C610 D1=DCA6 D2=0 D3=0 D4=84028C0 D5=802180A4 D6=842184A4 D7=FFFF A0=3C0002 A1=100F00 A2=F6CD8 A3=108F42 A4=710F10EC A5=108000 A6=F6CE0 PC=47C0 -- 0047C0: tst.b   ($78f,A5)
D0=C610 D1=DCA6 D2=0 D3=0 D4=84028C0 D5=802180A4 D6=842184A4 D7=FFFF A0=3C0002 A1=100F00 A2=F6CD8 A3=108F42 A4=710F10EC A5=108000 A6=F6CE0 PC=47C4 -- 0047C4: bpl     $47c8
D0=C610 D1=DCA6 D2=0 D3=0 D4=84028C0 D5=802180A4 D6=842184A4 D7=FFFF A0=3C0002 A1=100F00 A2=F6CD8 A3=108F42 A4=710F10EC A5=108000 A6=F6CE0 PC=47C6 -- 0047C6: rts
D0=C610 D1=DCA6 D2=0 D3=0 D4=84028C0 D5=802180A4 D6=842184A4 D7=FFFF A0=3C0002 A1=100F00 A2=F6CD8 A3=108F42 A4=710F10EC A5=108000 A6=F6CE0 PC=42C8 -- 0042C8: addi.w  #$40, D4
D0=C610 D1=DCA6 D2=0 D3=0 D4=8402900 D5=802180A4 D6=842184A4 D7=FFFF A0=3C0002 A1=100F00 A2=F6CD8 A3=108F42 A4=710F10EC A5=108000 A6=F6CE0 PC=42CC -- 0042CC: dbra    D3, $4296
D0=C610 D1=DCA6 D2=0 D3=FFFF D4=8402900 D5=802180A4 D6=842184A4 D7=FFFF A0=3C0002 A1=100F00 A2=F6CD8 A3=108F42 A4=710F10EC A5=108000 A6=F6CE0 PC=42D0 -- 0042D0: rts
D0=C610 D1=DCA6 D2=0 D3=FFFF D4=8402900 D5=802180A4 D6=842184A4 D7=FFFF A0=3C0002 A1=100F00 A2=F6CD8 A3=108F42 A4=710F10EC A5=108000 A6=F6CE0 PC=4016 -- 004016: bra     $401c
D0=C610 D1=DCA6 D2=0 D3=FFFF D4=8402900 D5=802180A4 D6=842184A4 D7=FFFF A0=3C0002 A1=100F00 A2=F6CD8 A3=108F42 A4=710F10EC A5=108000 A6=F6CE0 PC=401C -- 00401C: movea.l (A7)+, A6
D0=C610 D1=DCA6 D2=0 D3=FFFF D4=8402900 D5=802180A4 D6=842184A4 D7=FFFF A0=3C0002 A1=100F00 A2=F6CD8 A3=108F42 A4=710F10EC A5=108000 A6=108E3C PC=401E -- 00401E: btst    #$5, ($4,A4)
D0=C610 D1=DCA6 D2=0 D3=FFFF D4=8402900 D5=802180A4 D6=842184A4 D7=FFFF A0=3C0002 A1=100F00 A2=F6CD8 A3=108F42 A4=710F10EC A5=108000 A6=108E3C PC=4024 -- 004024: beq     $4056
D0=C610 D1=DCA6 D2=0 D3=FFFF D4=8402900 D5=802180A4 D6=842184A4 D7=FFFF A0=3C0002 A1=100F00 A2=F6CD8 A3=108F42 A4=710F10EC A5=108000 A6=108E3C PC=4056 -- 004056: tst.b   ($7c,A1)
D0=C610 D1=DCA6 D2=0 D3=FFFF D4=8402900 D5=802180A4 D6=842184A4 D7=FFFF A0=3C0002 A1=100F00 A2=F6CD8 A3=108F42 A4=710F10EC A5=108000 A6=108E3C PC=405A -- 00405A: bpl     $4064
D0=C610 D1=DCA6 D2=0 D3=FFFF D4=8402900 D5=802180A4 D6=842184A4 D7=FFFF A0=3C0002 A1=100F00 A2=F6CD8 A3=108F42 A4=710F10EC A5=108000 A6=108E3C PC=4064 -- 004064: movea.l (A7)+, A0
D0=C610 D1=DCA6 D2=0 D3=FFFF D4=8402900 D5=802180A4 D6=842184A4 D7=FFFF A0=108906 A1=100F00 A2=F6CD8 A3=108F42 A4=710F10EC A5=108000 A6=108E3C PC=4066 -- 004066: subq.w  #1, ($e3a,A5)
D0=C610 D1=DCA6 D2=0 D3=FFFF D4=8402900 D5=802180A4 D6=842184A4 D7=FFFF A0=108906 A1=100F00 A2=F6CD8 A3=108F42 A4=710F10EC A5=108000 A6=108E3C PC=406A -- 00406A: bne     $3f32
D0=C610 D1=DCA6 D2=0 D3=FFFF D4=8402900 D5=802180A4 D6=842184A4 D7=FFFF A0=108906 A1=100F00 A2=F6CD8 A3=108F42 A4=710F10EC A5=108000 A6=108E3C PC=3F32 -- 003F32: move.w  (A0)+, D0
D0=D00 D1=DCA6 D2=0 D3=FFFF D4=8402900 D5=802180A4 D6=842184A4 D7=FFFF A0=108908 A1=100F00 A2=F6CD8 A3=108F42 A4=710F10EC A5=108000 A6=108E3C PC=3F34 -- 003F34: beq     $3f32
D0=D00 D1=DCA6 D2=0 D3=FFFF D4=8402900 D5=802180A4 D6=842184A4 D7=FFFF A0=108908 A1=100F00 A2=F6CD8 A3=108F42 A4=710F10EC A5=108000 A6=108E3C PC=3F36 -- 003F36: clr.w   (-$2,A0)
D0=D00 D1=DCA6 D2=0 D3=FFFF D4=8402900 D5=802180A4 D6=842184A4 D7=FFFF A0=108908 A1=100F00 A2=F6CD8 A3=108F42 A4=710F10EC A5=108000 A6=108E3C PC=3F3A -- 003F3A: move.l  A5, D1
D0=D00 D1=108000 D2=0 D3=FFFF D4=8402900 D5=802180A4 D6=842184A4 D7=FFFF A0=108908 A1=100F00 A2=F6CD8 A3=108F42 A4=710F10EC A5=108000 A6=108E3C PC=3F3C -- 003F3C: move.w  D0, D1
D0=D00 D1=100D00 D2=0 D3=FFFF D4=8402900 D5=802180A4 D6=842184A4 D7=FFFF A0=108908 A1=100F00 A2=F6CD8 A3=108F42 A4=710F10EC A5=108000 A6=108E3C PC=3F3E -- 003F3E: movea.l D1, A1
D0=D00 D1=100D00 D2=0 D3=FFFF D4=8402900 D5=802180A4 D6=842184A4 D7=FFFF A0=108908 A1=100D00 A2=F6CD8 A3=108F42 A4=710F10EC A5=108000 A6=108E3C PC=3F40 -- 003F40: movea.l ($28,A1), A2
D0=D00 D1=100D00 D2=0 D3=FFFF D4=8402900 D5=802180A4 D6=842184A4 D7=FFFF A0=108908 A1=100D00 A2=F6CF0 A3=108F42 A4=710F10EC A5=108000 A6=108E3C PC=3F44 -- 003F44: lea     $7bf48.l, A4
D0=D00 D1=100D00 D2=0 D3=FFFF D4=8402900 D5=802180A4 D6=842184A4 D7=FFFF A0=108908 A1=100D00 A2=F6CF0 A3=108F42 A4=7BF48 A5=108000 A6=108E3C PC=3F4A -- 003F4A: move.w  ($70,A1), D0
D0=1B D1=100D00 D2=0 D3=FFFF D4=8402900 D5=802180A4 D6=842184A4 D7=FFFF A0=108908 A1=100D00 A2=F6CF0 A3=108F42 A4=7BF48 A5=108000 A6=108E3C PC=3F4E -- 003F4E: add.w   D0, D0
D0=36 D1=100D00 D2=0 D3=FFFF D4=8402900 D5=802180A4 D6=842184A4 D7=FFFF A0=108908 A1=100D00 A2=F6CF0 A3=108F42 A4=7BF48 A5=108000 A6=108E3C PC=3F50 -- 003F50: add.w   D0, D0
D0=6C D1=100D00 D2=0 D3=FFFF D4=8402900 D5=802180A4 D6=842184A4 D7=FFFF A0=108908 A1=100D00 A2=F6CF0 A3=108F42 A4=7BF48 A5=108000 A6=108E3C PC=3F52 -- 003F52: movea.l (A4,D0.w), A4
D0=6C D1=100D00 D2=0 D3=FFFF D4=8402900 D5=802180A4 D6=842184A4 D7=FFFF A0=108908 A1=100D00 A2=F6CF0 A3=108F42 A4=7F5E0 A5=108000 A6=108E3C PC=3F56 -- 003F56: move.w  ($72,A1), D0
D0=34 D1=100D00 D2=0 D3=FFFF D4=8402900 D5=802180A4 D6=842184A4 D7=FFFF A0=108908 A1=100D00 A2=F6CF0 A3=108F42 A4=7F5E0 A5=108000 A6=108E3C PC=3F5A -- 003F5A: add.w   D0, D0
D0=68 D1=100D00 D2=0 D3=FFFF D4=8402900 D5=802180A4 D6=842184A4 D7=FFFF A0=108908 A1=100D00 A2=F6CF0 A3=108F42 A4=7F5E0 A5=108000 A6=108E3C PC=3F5C -- 003F5C: move.w  (A4,D0.w), ($46de,A5)
D0=68 D1=100D00 D2=0 D3=FFFF D4=8402900 D5=802180A4 D6=842184A4 D7=FFFF A0=108908 A1=100D00 A2=F6CF0 A3=108F42 A4=7F5E0 A5=108000 A6=108E3C PC=3F62 -- 003F62: lea     $80000.l, A4
D0=68 D1=100D00 D2=0 D3=FFFF D4=8402900 D5=802180A4 D6=842184A4 D7=FFFF A0=108908 A1=100D00 A2=F6CF0 A3=108F42 A4=80000 A5=108000 A6=108E3C PC=3F68 -- 003F68: move.w  ($70,A1), D0
D0=1B D1=100D00 D2=0 D3=FFFF D4=8402900 D5=802180A4 D6=842184A4 D7=FFFF A0=108908 A1=100D00 A2=F6CF0 A3=108F42 A4=80000 A5=108000 A6=108E3C PC=3F6C -- 003F6C: add.w   D0, D0
D0=36 D1=100D00 D2=0 D3=FFFF D4=8402900 D5=802180A4 D6=842184A4 D7=FFFF A0=108908 A1=100D00 A2=F6CF0 A3=108F42 A4=80000 A5=108000 A6=108E3C PC=3F6E -- 003F6E: add.w   D0, D0
D0=6C D1=100D00 D2=0 D3=FFFF D4=8402900 D5=802180A4 D6=842184A4 D7=FFFF A0=108908 A1=100D00 A2=F6CF0 A3=108F42 A4=80000 A5=108000 A6=108E3C PC=3F70 -- 003F70: movea.l (A4,D0.w), A4
D0=6C D1=100D00 D2=0 D3=FFFF D4=8402900 D5=802180A4 D6=842184A4 D7=FFFF A0=108908 A1=100D00 A2=F6CF0 A3=108F42 A4=86E00 A5=108000 A6=108E3C PC=3F74 -- 003F74: move.w  ($46de,A5), D0
D0=3434 D1=100D00 D2=0 D3=FFFF D4=8402900 D5=802180A4 D6=842184A4 D7=FFFF A0=108908 A1=100D00 A2=F6CF0 A3=108F42 A4=86E00 A5=108000 A6=108E3C PC=3F78 -- 003F78: tst.b   ($46e2,A5)
D0=3434 D1=100D00 D2=0 D3=FFFF D4=8402900 D5=802180A4 D6=842184A4 D7=FFFF A0=108908 A1=100D00 A2=F6CF0 A3=108F42 A4=86E00 A5=108000 A6=108E3C PC=3F7C -- 003F7C: beq     $3f82
D0=3434 D1=100D00 D2=0 D3=FFFF D4=8402900 D5=802180A4 D6=842184A4 D7=FFFF A0=108908 A1=100D00 A2=F6CF0 A3=108F42 A4=86E00 A5=108000 A6=108E3C PC=3F82 -- 003F82: andi.w  #$ff, D0
D0=34 D1=100D00 D2=0 D3=FFFF D4=8402900 D5=802180A4 D6=842184A4 D7=FFFF A0=108908 A1=100D00 A2=F6CF0 A3=108F42 A4=86E00 A5=108000 A6=108E3C PC=3F86 -- 003F86: add.w   D0, D0
D0=68 D1=100D00 D2=0 D3=FFFF D4=8402900 D5=802180A4 D6=842184A4 D7=FFFF A0=108908 A1=100D00 A2=F6CF0 A3=108F42 A4=86E00 A5=108000 A6=108E3C PC=3F88 -- 003F88: add.w   D0, D0
D0=D0 D1=100D00 D2=0 D3=FFFF D4=8402900 D5=802180A4 D6=842184A4 D7=FFFF A0=108908 A1=100D00 A2=F6CF0 A3=108F42 A4=86E00 A5=108000 A6=108E3C PC=3F8A -- 003F8A: movea.l (A4,D0.w), A4
D0=D0 D1=100D00 D2=0 D3=FFFF D4=8402900 D5=802180A4 D6=842184A4 D7=FFFF A0=108908 A1=100D00 A2=F6CF0 A3=108F42 A4=F30F2 A5=108000 A6=108E3C PC=3F8E -- 003F8E: move.w  ($74,A1), D0
D0=0 D1=100D00 D2=0 D3=FFFF D4=8402900 D5=802180A4 D6=842184A4 D7=FFFF A0=108908 A1=100D00 A2=F6CF0 A3=108F42 A4=F30F2 A5=108000 A6=108E3C PC=3F92 -- 003F92: adda.w  D0, A4
D0=0 D1=100D00 D2=0 D3=FFFF D4=8402900 D5=802180A4 D6=842184A4 D7=FFFF A0=108908 A1=100D00 A2=F6CF0 A3=108F42 A4=F30F2 A5=108000 A6=108E3C PC=3F94 -- 003F94: move.l  (A4), D0
D0=10F10FE D1=100D00 D2=0 D3=FFFF D4=8402900 D5=802180A4 D6=842184A4 D7=FFFF A0=108908 A1=100D00 A2=F6CF0 A3=108F42 A4=F30F2 A5=108000 A6=108E3C PC=3F96 -- 003F96: movea.l D0, A4
D0=10F10FE D1=100D00 D2=0 D3=FFFF D4=8402900 D5=802180A4 D6=842184A4 D7=FFFF A0=108908 A1=100D00 A2=F6CF0 A3=108F42 A4=10F10FE A5=108000 A6=108E3C PC=3F98 -- 003F98: move.l  A0, -(A7)
D0=10F10FE D1=100D00 D2=0 D3=FFFF D4=8402900 D5=802180A4 D6=842184A4 D7=FFFF A0=108908 A1=100D00 A2=F6CF0 A3=108F42 A4=10F10FE A5=108000 A6=108E3C PC=3F9A -- 003F9A: lea     $3c0002.l, A0
D0=10F10FE D1=100D00 D2=0 D3=FFFF D4=8402900 D5=802180A4 D6=842184A4 D7=FFFF A0=3C0002 A1=100D00 A2=F6CF0 A3=108F42 A4=10F10FE A5=108000 A6=108E3C PC=3FA0 -- 003FA0: tst.b   ($7c,A1)
D0=10F10FE D1=100D00 D2=0 D3=FFFF D4=8402900 D5=802180A4 D6=842184A4 D7=FFFF A0=3C0002 A1=100D00 A2=F6CF0 A3=108F42 A4=10F10FE A5=108000 A6=108E3C PC=3FA4 -- 003FA4: bpl     $3fc0
D0=10F10FE D1=100D00 D2=0 D3=FFFF D4=8402900 D5=802180A4 D6=842184A4 D7=FFFF A0=3C0002 A1=100D00 A2=F6CF0 A3=108F42 A4=10F10FE A5=108000 A6=108E3C PC=3FC0 -- 003FC0: moveq   #$0, D0
D0=0 D1=100D00 D2=0 D3=FFFF D4=8402900 D5=802180A4 D6=842184A4 D7=FFFF A0=3C0002 A1=100D00 A2=F6CF0 A3=108F42 A4=10F10FE A5=108000 A6=108E3C PC=3FC2 -- 003FC2: move.b  (A2), D0
D0=1 D1=100D00 D2=0 D3=FFFF D4=8402900 D5=802180A4 D6=842184A4 D7=FFFF A0=3C0002 A1=100D00 A2=F6CF0 A3=108F42 A4=10F10FE A5=108000 A6=108E3C PC=3FC4 -- 003FC4: sub.w   D0, ($794,A5)
D0=1 D1=100D00 D2=0 D3=FFFF D4=8402900 D5=802180A4 D6=842184A4 D7=FFFF A0=3C0002 A1=100D00 A2=F6CF0 A3=108F42 A4=10F10FE A5=108000 A6=108E3C PC=3FC8 -- 003FC8: bcc     $3fd2
D0=1 D1=100D00 D2=0 D3=FFFF D4=8402900 D5=802180A4 D6=842184A4 D7=FFFF A0=3C0002 A1=100D00 A2=F6CF0 A3=108F42 A4=10F10FE A5=108000 A6=108E3C PC=3FD2 -- 003FD2: move.l  A6, -(A7)
D0=1 D1=100D00 D2=0 D3=FFFF D4=8402900 D5=802180A4 D6=842184A4 D7=FFFF A0=3C0002 A1=100D00 A2=F6CF0 A3=108F42 A4=10F10FE A5=108000 A6=108E3C PC=3FD4 -- 003FD4: btst    #$6, ($7c,A1)
D0=1 D1=100D00 D2=0 D3=FFFF D4=8402900 D5=802180A4 D6=842184A4 D7=FFFF A0=3C0002 A1=100D00 A2=F6CF0 A3=108F42 A4=10F10FE A5=108000 A6=108E3C PC=3FDA -- 003FDA: bne     $400c
D0=1 D1=100D00 D2=0 D3=FFFF D4=8402900 D5=802180A4 D6=842184A4 D7=FFFF A0=3C0002 A1=100D00 A2=F6CF0 A3=108F42 A4=10F10FE A5=108000 A6=108E3C PC=3FDE -- 003FDE: moveq   #$0, D1
D0=1 D1=0 D2=0 D3=FFFF D4=8402900 D5=802180A4 D6=842184A4 D7=FFFF A0=3C0002 A1=100D00 A2=F6CF0 A3=108F42 A4=10F10FE A5=108000 A6=108E3C PC=3FE0 -- 003FE0: move.b  ($82,A1), D1
D0=1 D1=0 D2=0 D3=FFFF D4=8402900 D5=802180A4 D6=842184A4 D7=FFFF A0=3C0002 A1=100D00 A2=F6CF0 A3=108F42 A4=10F10FE A5=108000 A6=108E3C PC=3FE4 -- 003FE4: add.w   D1, D1
D0=1 D1=0 D2=0 D3=FFFF D4=8402900 D5=802180A4 D6=842184A4 D7=FFFF A0=3C0002 A1=100D00 A2=F6CF0 A3=108F42 A4=10F10FE A5=108000 A6=108E3C PC=3FE6 -- 003FE6: add.w   D1, D1
D0=1 D1=0 D2=0 D3=FFFF D4=8402900 D5=802180A4 D6=842184A4 D7=FFFF A0=3C0002 A1=100D00 A2=F6CF0 A3=108F42 A4=10F10FE A5=108000 A6=108E3C PC=3FE8 -- 003FE8: move.w  ($18,A1), D0
D0=80 D1=0 D2=0 D3=FFFF D4=8402900 D5=802180A4 D6=842184A4 D7=FFFF A0=3C0002 A1=100D00 A2=F6CF0 A3=108F42 A4=10F10FE A5=108000 A6=108E3C PC=3FEC -- 003FEC: lea     ($104c,A5), A6
D0=80 D1=0 D2=0 D3=FFFF D4=8402900 D5=802180A4 D6=842184A4 D7=FFFF A0=3C0002 A1=100D00 A2=F6CF0 A3=108F42 A4=10F10FE A5=108000 A6=10904C PC=3FF0 -- 003FF0: sub.w   (A6,D1.w), D0
D0=80 D1=0 D2=0 D3=FFFF D4=8402900 D5=802180A4 D6=842184A4 D7=FFFF A0=3C0002 A1=100D00 A2=F6CF0 A3=108F42 A4=10F10FE A5=108000 A6=10904C PC=3FF4 -- 003FF4: move.w  D0, ($24,A1)
D0=80 D1=0 D2=0 D3=FFFF D4=8402900 D5=802180A4 D6=842184A4 D7=FFFF A0=3C0002 A1=100D00 A2=F6CF0 A3=108F42 A4=10F10FE A5=108000 A6=10904C PC=3FF8 -- 003FF8: move.w  ($1c,A1), D0
D0=68 D1=0 D2=0 D3=FFFF D4=8402900 D5=802180A4 D6=842184A4 D7=FFFF A0=3C0002 A1=100D00 A2=F6CF0 A3=108F42 A4=10F10FE A5=108000 A6=10904C PC=3FFC -- 003FFC: sub.w   ($20,A1), D0
D0=68 D1=0 D2=0 D3=FFFF D4=8402900 D5=802180A4 D6=842184A4 D7=FFFF A0=3C0002 A1=100D00 A2=F6CF0 A3=108F42 A4=10F10FE A5=108000 A6=10904C PC=4000 -- 004000: lea     ($1058,A5), A6
D0=68 D1=0 D2=0 D3=FFFF D4=8402900 D5=802180A4 D6=842184A4 D7=FFFF A0=3C0002 A1=100D00 A2=F6CF0 A3=108F42 A4=10F10FE A5=108000 A6=109058 PC=4004 -- 004004: sub.w   (A6,D1.w), D0
D0=68 D1=0 D2=0 D3=FFFF D4=8402900 D5=802180A4 D6=842184A4 D7=FFFF A0=3C0002 A1=100D00 A2=F6CF0 A3=108F42 A4=10F10FE A5=108000 A6=109058 PC=4008 -- 004008: move.w  D0, ($26,A1)
D0=68 D1=0 D2=0 D3=FFFF D4=8402900 D5=802180A4 D6=842184A4 D7=FFFF A0=3C0002 A1=100D00 A2=F6CF0 A3=108F42 A4=10F10FE A5=108000 A6=109058 PC=400C -- 00400C: tst.b   ($3a66,A5)
D0=68 D1=0 D2=0 D3=FFFF D4=8402900 D5=802180A4 D6=842184A4 D7=FFFF A0=3C0002 A1=100D00 A2=F6CF0 A3=108F42 A4=10F10FE A5=108000 A6=109058 PC=4010 -- 004010: bmi     $4018
D0=68 D1=0 D2=0 D3=FFFF D4=8402900 D5=802180A4 D6=842184A4 D7=FFFF A0=3C0002 A1=100D00 A2=F6CF0 A3=108F42 A4=10F10FE A5=108000 A6=109058 PC=4012 -- 004012: bsr     $4088
D0=68 D1=0 D2=0 D3=FFFF D4=8402900 D5=802180A4 D6=842184A4 D7=FFFF A0=3C0002 A1=100D00 A2=F6CF0 A3=108F42 A4=10F10FE A5=108000 A6=109058 PC=4088 -- 004088: move.w  (A4), D0
D0=0 D1=0 D2=0 D3=FFFF D4=8402900 D5=802180A4 D6=842184A4 D7=FFFF A0=3C0002 A1=100D00 A2=F6CF0 A3=108F42 A4=10F10FE A5=108000 A6=109058 PC=408A -- 00408A: move.b  ($31,A1), D1
D0=0 D1=0 D2=0 D3=FFFF D4=8402900 D5=802180A4 D6=842184A4 D7=FFFF A0=3C0002 A1=100D00 A2=F6CF0 A3=108F42 A4=10F10FE A5=108000 A6=109058 PC=408E -- 00408E: move.b  ($4,A4), D2
D0=0 D1=0 D2=0 D3=FFFF D4=8402900 D5=802180A4 D6=842184A4 D7=FFFF A0=3C0002 A1=100D00 A2=F6CF0 A3=108F42 A4=10F10FE A5=108000 A6=109058 PC=4092 -- 004092: rol.b   #2, D2
D0=0 D1=0 D2=0 D3=FFFF D4=8402900 D5=802180A4 D6=842184A4 D7=FFFF A0=3C0002 A1=100D00 A2=F6CF0 A3=108F42 A4=10F10FE A5=108000 A6=109058 PC=4094 -- 004094: eor.w   D2, D1
D0=0 D1=0 D2=0 D3=FFFF D4=8402900 D5=802180A4 D6=842184A4 D7=FFFF A0=3C0002 A1=100D00 A2=F6CF0 A3=108F42 A4=10F10FE A5=108000 A6=109058 PC=4096 -- 004096: andi.w  #$3, D1
D0=0 D1=0 D2=0 D3=FFFF D4=8402900 D5=802180A4 D6=842184A4 D7=FFFF A0=3C0002 A1=100D00 A2=F6CF0 A3=108F42 A4=10F10FE A5=108000 A6=109058 PC=409A -- 00409A: move.w  D1, ($790,A5)
D0=0 D1=0 D2=0 D3=FFFF D4=8402900 D5=802180A4 D6=842184A4 D7=FFFF A0=3C0002 A1=100D00 A2=F6CF0 A3=108F42 A4=10F10FE A5=108000 A6=109058 PC=409E -- 00409E: andi.w  #$1, D1
D0=0 D1=0 D2=0 D3=FFFF D4=8402900 D5=802180A4 D6=842184A4 D7=FFFF A0=3C0002 A1=100D00 A2=F6CF0 A3=108F42 A4=10F10FE A5=108000 A6=109058 PC=40A2 -- 0040A2: beq     $40ae
D0=0 D1=0 D2=0 D3=FFFF D4=8402900 D5=802180A4 D6=842184A4 D7=FFFF A0=3C0002 A1=100D00 A2=F6CF0 A3=108F42 A4=10F10FE A5=108000 A6=109058 PC=40AE -- 0040AE: moveq   #$0, D1
D0=0 D1=0 D2=0 D3=FFFF D4=8402900 D5=802180A4 D6=842184A4 D7=FFFF A0=3C0002 A1=100D00 A2=F6CF0 A3=108F42 A4=10F10FE A5=108000 A6=109058 PC=40B0 -- 0040B0: move.b  ($68,A1), D1
D0=0 D1=FF D2=0 D3=FFFF D4=8402900 D5=802180A4 D6=842184A4 D7=FFFF A0=3C0002 A1=100D00 A2=F6CF0 A3=108F42 A4=10F10FE A5=108000 A6=109058 PC=40B4 -- 0040B4: addq.w  #1, D1
D0=0 D1=100 D2=0 D3=FFFF D4=8402900 D5=802180A4 D6=842184A4 D7=FFFF A0=3C0002 A1=100D00 A2=F6CF0 A3=108F42 A4=10F10FE A5=108000 A6=109058 PC=40B6 -- 0040B6: muls.w  D1, D0
D0=0 D1=100 D2=0 D3=FFFF D4=8402900 D5=802180A4 D6=842184A4 D7=FFFF A0=3C0002 A1=100D00 A2=F6CF0 A3=108F42 A4=10F10FE A5=108000 A6=109058 PC=40B8 -- 0040B8: lsr.l   #8, D0
D0=0 D1=100 D2=0 D3=FFFF D4=8402900 D5=802180A4 D6=842184A4 D7=FFFF A0=3C0002 A1=100D00 A2=F6CF0 A3=108F42 A4=10F10FE A5=108000 A6=109058 PC=40BA -- 0040BA: add.w   ($24,A1), D0
D0=80 D1=100 D2=0 D3=FFFF D4=8402900 D5=802180A4 D6=842184A4 D7=FFFF A0=3C0002 A1=100D00 A2=F6CF0 A3=108F42 A4=10F10FE A5=108000 A6=109058 PC=40BE -- 0040BE: lsl.w   #7, D0
D0=4000 D1=100 D2=0 D3=FFFF D4=8402900 D5=802180A4 D6=842184A4 D7=FFFF A0=3C0002 A1=100D00 A2=F6CF0 A3=108F42 A4=10F10FE A5=108000 A6=109058 PC=40C0 -- 0040C0: move.w  D6, (-$2,A0)
D0=4000 D1=100 D2=0 D3=FFFF D4=8402900 D5=802180A4 D6=842184A4 D7=FFFF A0=3C0002 A1=100D00 A2=F6CF0 A3=108F42 A4=10F10FE A5=108000 A6=109058 PC=40C4 -- 0040C4: move.w  D0, (A0)
D0=4000 D1=100 D2=0 D3=FFFF D4=8402900 D5=802180A4 D6=842184A4 D7=FFFF A0=3C0002 A1=100D00 A2=F6CF0 A3=108F42 A4=10F10FE A5=108000 A6=109058 PC=40C6 -- 0040C6: moveq   #$0, D0
D0=0 D1=100 D2=0 D3=FFFF D4=8402900 D5=802180A4 D6=842184A4 D7=FFFF A0=3C0002 A1=100D00 A2=F6CF0 A3=108F42 A4=10F10FE A5=108000 A6=109058 PC=40C8 -- 0040C8: move.b  (A2), D0
D0=1 D1=100 D2=0 D3=FFFF D4=8402900 D5=802180A4 D6=842184A4 D7=FFFF A0=3C0002 A1=100D00 A2=F6CF0 A3=108F42 A4=10F10FE A5=108000 A6=109058 PC=40CA -- 0040CA: add.w   D0, D6
D0=1 D1=100 D2=0 D3=FFFF D4=8402900 D5=802180A4 D6=842184A5 D7=FFFF A0=3C0002 A1=100D00 A2=F6CF0 A3=108F42 A4=10F10FE A5=108000 A6=109058 PC=40CC -- 0040CC: move.w  ($2,A4), D0
D0=FFFF D1=100 D2=0 D3=FFFF D4=8402900 D5=802180A4 D6=842184A5 D7=FFFF A0=3C0002 A1=100D00 A2=F6CF0 A3=108F42 A4=10F10FE A5=108000 A6=109058 PC=40D0 -- 0040D0: btst    #$1, ($791,A5)
D0=FFFF D1=100 D2=0 D3=FFFF D4=8402900 D5=802180A4 D6=842184A5 D7=FFFF A0=3C0002 A1=100D00 A2=F6CF0 A3=108F42 A4=10F10FE A5=108000 A6=109058 PC=40D6 -- 0040D6: beq     $40e4
D0=FFFF D1=100 D2=0 D3=FFFF D4=8402900 D5=802180A4 D6=842184A5 D7=FFFF A0=3C0002 A1=100D00 A2=F6CF0 A3=108F42 A4=10F10FE A5=108000 A6=109058 PC=40E4 -- 0040E4: moveq   #$0, D1
D0=FFFF D1=0 D2=0 D3=FFFF D4=8402900 D5=802180A4 D6=842184A5 D7=FFFF A0=3C0002 A1=100D00 A2=F6CF0 A3=108F42 A4=10F10FE A5=108000 A6=109058 PC=40E6 -- 0040E6: move.b  ($69,A1), D1
D0=FFFF D1=FF D2=0 D3=FFFF D4=8402900 D5=802180A4 D6=842184A5 D7=FFFF A0=3C0002 A1=100D00 A2=F6CF0 A3=108F42 A4=10F10FE A5=108000 A6=109058 PC=40EA -- 0040EA: addq.w  #1, D1
D0=FFFF D1=100 D2=0 D3=FFFF D4=8402900 D5=802180A4 D6=842184A5 D7=FFFF A0=3C0002 A1=100D00 A2=F6CF0 A3=108F42 A4=10F10FE A5=108000 A6=109058 PC=40EC -- 0040EC: muls.w  D1, D0
D0=FFFFFF00 D1=100 D2=0 D3=FFFF D4=8402900 D5=802180A4 D6=842184A5 D7=FFFF A0=3C0002 A1=100D00 A2=F6CF0 A3=108F42 A4=10F10FE A5=108000 A6=109058 PC=40EE -- 0040EE: lsr.l   #8, D0
D0=FFFFFF D1=100 D2=0 D3=FFFF D4=8402900 D5=802180A4 D6=842184A5 D7=FFFF A0=3C0002 A1=100D00 A2=F6CF0 A3=108F42 A4=10F10FE A5=108000 A6=109058 PC=40F0 -- 0040F0: add.w   ($26,A1), D0
D0=FF0067 D1=100 D2=0 D3=FFFF D4=8402900 D5=802180A4 D6=842184A5 D7=FFFF A0=3C0002 A1=100D00 A2=F6CF0 A3=108F42 A4=10F10FE A5=108000 A6=109058 PC=40F4 -- 0040F4: neg.w   D0
D0=FFFF99 D1=100 D2=0 D3=FFFF D4=8402900 D5=802180A4 D6=842184A5 D7=FFFF A0=3C0002 A1=100D00 A2=F6CF0 A3=108F42 A4=10F10FE A5=108000 A6=109058 PC=40F6 -- 0040F6: addi.w  #$1ff, D0
D0=FF0198 D1=100 D2=0 D3=FFFF D4=8402900 D5=802180A4 D6=842184A5 D7=FFFF A0=3C0002 A1=100D00 A2=F6CF0 A3=108F42 A4=10F10FE A5=108000 A6=109058 PC=40FA -- 0040FA: lsl.w   #7, D0
D0=FFCC00 D1=100 D2=0 D3=FFFF D4=8402900 D5=802180A4 D6=842184A5 D7=FFFF A0=3C0002 A1=100D00 A2=F6CF0 A3=108F42 A4=10F10FE A5=108000 A6=109058 PC=40FC -- 0040FC: bsr     $4772
D0=FFCC00 D1=100 D2=0 D3=FFFF D4=8402900 D5=802180A4 D6=842184A5 D7=FFFF A0=3C0002 A1=100D00 A2=F6CF0 A3=108F42 A4=10F10FE A5=108000 A6=109058 PC=4772 -- 004772: move.w  D0, -(A7)
D0=FFCC00 D1=100 D2=0 D3=FFFF D4=8402900 D5=802180A4 D6=842184A5 D7=FFFF A0=3C0002 A1=100D00 A2=F6CF0 A3=108F42 A4=10F10FE A5=108000 A6=109058 PC=4774 -- 004774: moveq   #-$1, D0
D0=FFFFFFFF D1=100 D2=0 D3=FFFF D4=8402900 D5=802180A4 D6=842184A5 D7=FFFF A0=3C0002 A1=100D00 A2=F6CF0 A3=108F42 A4=10F10FE A5=108000 A6=109058 PC=4776 -- 004776: moveq   #$0, D1
D0=FFFFFFFF D1=0 D2=0 D3=FFFF D4=8402900 D5=802180A4 D6=842184A5 D7=FFFF A0=3C0002 A1=100D00 A2=F6CF0 A3=108F42 A4=10F10FE A5=108000 A6=109058 PC=4778 -- 004778: move.b  ($1,A2), D1
D0=FFFFFFFF D1=1 D2=0 D3=FFFF D4=8402900 D5=802180A4 D6=842184A5 D7=FFFF A0=3C0002 A1=100D00 A2=F6CF0 A3=108F42 A4=10F10FE A5=108000 A6=109058 PC=477C -- 00477C: cmpi.b  #-$1, ($69,A1)
D0=FFFFFFFF D1=1 D2=0 D3=FFFF D4=8402900 D5=802180A4 D6=842184A5 D7=FFFF A0=3C0002 A1=100D00 A2=F6CF0 A3=108F42 A4=10F10FE A5=108000 A6=109058 PC=4782 -- 004782: beq     $47b4
D0=FFFFFFFF D1=1 D2=0 D3=FFFF D4=8402900 D5=802180A4 D6=842184A5 D7=FFFF A0=3C0002 A1=100D00 A2=F6CF0 A3=108F42 A4=10F10FE A5=108000 A6=109058 PC=47B4 -- 0047B4: move.b  D0, ($78f,A5)
D0=FFFFFFFF D1=1 D2=0 D3=FFFF D4=8402900 D5=802180A4 D6=842184A5 D7=FFFF A0=3C0002 A1=100D00 A2=F6CF0 A3=108F42 A4=10F10FE A5=108000 A6=109058 PC=47B8 -- 0047B8: move.b  D1, ($78e,A5)
D0=FFFFFFFF D1=1 D2=0 D3=FFFF D4=8402900 D5=802180A4 D6=842184A5 D7=FFFF A0=3C0002 A1=100D00 A2=F6CF0 A3=108F42 A4=10F10FE A5=108000 A6=109058 PC=47BC -- 0047BC: move.w  (A7)+, D0
D0=FFFFCC00 D1=1 D2=0 D3=FFFF D4=8402900 D5=802180A4 D6=842184A5 D7=FFFF A0=3C0002 A1=100D00 A2=F6CF0 A3=108F42 A4=10F10FE A5=108000 A6=109058 PC=47BE -- 0047BE: rts
D0=FFFFCC00 D1=1 D2=0 D3=FFFF D4=8402900 D5=802180A4 D6=842184A5 D7=FFFF A0=3C0002 A1=100D00 A2=F6CF0 A3=108F42 A4=10F10FE A5=108000 A6=109058 PC=4100 -- 004100: add.b   ($78e,A5), D0
D0=FFFFCC01 D1=1 D2=0 D3=FFFF D4=8402900 D5=802180A4 D6=842184A5 D7=FFFF A0=3C0002 A1=100D00 A2=F6CF0 A3=108F42 A4=10F10FE A5=108000 A6=109058 PC=4104 -- 004104: move.w  D0, (A3)+
D0=FFFFCC01 D1=1 D2=0 D3=FFFF D4=8402900 D5=802180A4 D6=842184A5 D7=FFFF A0=3C0002 A1=100D00 A2=F6CF0 A3=108F44 A4=10F10FE A5=108000 A6=109058 PC=4106 -- 004106: moveq   #$0, D0
D0=0 D1=1 D2=0 D3=FFFF D4=8402900 D5=802180A4 D6=842184A5 D7=FFFF A0=3C0002 A1=100D00 A2=F6CF0 A3=108F44 A4=10F10FE A5=108000 A6=109058 PC=4108 -- 004108: move.b  (A2), D0
D0=1 D1=1 D2=0 D3=FFFF D4=8402900 D5=802180A4 D6=842184A5 D7=FFFF A0=3C0002 A1=100D00 A2=F6CF0 A3=108F44 A4=10F10FE A5=108000 A6=109058 PC=410A -- 00410A: subq.b  #2, D0
D0=FF D1=1 D2=0 D3=FFFF D4=8402900 D5=802180A4 D6=842184A5 D7=FFFF A0=3C0002 A1=100D00 A2=F6CF0 A3=108F44 A4=10F10FE A5=108000 A6=109058 PC=410C -- 00410C: bmi     $4118
D0=FF D1=1 D2=0 D3=FFFF D4=8402900 D5=802180A4 D6=842184A5 D7=FFFF A0=3C0002 A1=100D00 A2=F6CF0 A3=108F44 A4=10F10FE A5=108000 A6=109058 PC=4118 -- 004118: move.w  #$1, ($2,A0)
D0=FF D1=1 D2=0 D3=FFFF D4=8402900 D5=802180A4 D6=842184A5 D7=FFFF A0=3C0002 A1=100D00 A2=F6CF0 A3=108F44 A4=10F10FE A5=108000 A6=109058 PC=411E -- 00411E: move.w  D5, (-$2,A0)
D0=FF D1=1 D2=0 D3=FFFF D4=8402900 D5=802180A4 D6=842184A5 D7=FFFF A0=3C0002 A1=100D00 A2=F6CF0 A3=108F44 A4=10F10FE A5=108000 A6=109058 PC=4122 -- 004122: moveq   #$0, D1
D0=FF D1=0 D2=0 D3=FFFF D4=8402900 D5=802180A4 D6=842184A5 D7=FFFF A0=3C0002 A1=100D00 A2=F6CF0 A3=108F44 A4=10F10FE A5=108000 A6=109058 PC=4124 -- 004124: move.b  ($68,A1), D0
D0=FF D1=0 D2=0 D3=FFFF D4=8402900 D5=802180A4 D6=842184A5 D7=FFFF A0=3C0002 A1=100D00 A2=F6CF0 A3=108F44 A4=10F10FE A5=108000 A6=109058 PC=4128 -- 004128: move.b  D0, D1
D0=FF D1=FF D2=0 D3=FFFF D4=8402900 D5=802180A4 D6=842184A5 D7=FFFF A0=3C0002 A1=100D00 A2=F6CF0 A3=108F44 A4=10F10FE A5=108000 A6=109058 PC=412A -- 00412A: andi.w  #$f, D0
D0=F D1=FF D2=0 D3=FFFF D4=8402900 D5=802180A4 D6=842184A5 D7=FFFF A0=3C0002 A1=100D00 A2=F6CF0 A3=108F44 A4=10F10FE A5=108000 A6=109058 PC=412E -- 00412E: lsr.b   #4, D1
D0=F D1=F D2=0 D3=FFFF D4=8402900 D5=802180A4 D6=842184A5 D7=FFFF A0=3C0002 A1=100D00 A2=F6CF0 A3=108F44 A4=10F10FE A5=108000 A6=109058 PC=4130 -- 004130: tst.b   D1
D0=F D1=F D2=0 D3=FFFF D4=8402900 D5=802180A4 D6=842184A5 D7=FFFF A0=3C0002 A1=100D00 A2=F6CF0 A3=108F44 A4=10F10FE A5=108000 A6=109058 PC=4132 -- 004132: beq     $4164
D0=F D1=F D2=0 D3=FFFF D4=8402900 D5=802180A4 D6=842184A5 D7=FFFF A0=3C0002 A1=100D00 A2=F6CF0 A3=108F44 A4=10F10FE A5=108000 A6=109058 PC=4134 -- 004134: lea     $4f9d2.l, A6
D0=F D1=F D2=0 D3=FFFF D4=8402900 D5=802180A4 D6=842184A5 D7=FFFF A0=3C0002 A1=100D00 A2=F6CF0 A3=108F44 A4=10F10FE A5=108000 A6=4F9D2 PC=413A -- 00413A: lsl.w   #5, D0
D0=1E0 D1=F D2=0 D3=FFFF D4=8402900 D5=802180A4 D6=842184A5 D7=FFFF A0=3C0002 A1=100D00 A2=F6CF0 A3=108F44 A4=10F10FE A5=108000 A6=4F9D2 PC=413C -- 00413C: adda.w  D0, A6
D0=1E0 D1=F D2=0 D3=FFFF D4=8402900 D5=802180A4 D6=842184A5 D7=FFFF A0=3C0002 A1=100D00 A2=F6CF0 A3=108F44 A4=10F10FE A5=108000 A6=4FBB2 PC=413E -- 00413E: moveq   #$f, D0
D0=F D1=F D2=0 D3=FFFF D4=8402900 D5=802180A4 D6=842184A5 D7=FFFF A0=3C0002 A1=100D00 A2=F6CF0 A3=108F44 A4=10F10FE A5=108000 A6=4FBB2 PC=4140 -- 004140: moveq   #$0, D2
D0=F D1=F D2=0 D3=FFFF D4=8402900 D5=802180A4 D6=842184A5 D7=FFFF A0=3C0002 A1=100D00 A2=F6CF0 A3=108F44 A4=10F10FE A5=108000 A6=4FBB2 PC=4142 -- 004142: move.b  (A2), D2
D0=F D1=F D2=1 D3=FFFF D4=8402900 D5=802180A4 D6=842184A5 D7=FFFF A0=3C0002 A1=100D00 A2=F6CF0 A3=108F44 A4=10F10FE A5=108000 A6=4FBB2 PC=4144 -- 004144: lsr.w   #1, D2
D0=F D1=F D2=0 D3=FFFF D4=8402900 D5=802180A4 D6=842184A5 D7=FFFF A0=3C0002 A1=100D00 A2=F6CF0 A3=108F44 A4=10F10FE A5=108000 A6=4FBB2 PC=4146 -- 004146: sub.w   D2, D0
D0=F D1=F D2=0 D3=FFFF D4=8402900 D5=802180A4 D6=842184A5 D7=FFFF A0=3C0002 A1=100D00 A2=F6CF0 A3=108F44 A4=10F10FE A5=108000 A6=4FBB2 PC=4148 -- 004148: adda.l  D0, A6
D0=F D1=F D2=0 D3=FFFF D4=8402900 D5=802180A4 D6=842184A5 D7=FFFF A0=3C0002 A1=100D00 A2=F6CF0 A3=108F44 A4=10F10FE A5=108000 A6=4FBC1 PC=414A -- 00414A: move.b  (A2), D0
D0=1 D1=F D2=0 D3=FFFF D4=8402900 D5=802180A4 D6=842184A5 D7=FFFF A0=3C0002 A1=100D00 A2=F6CF0 A3=108F44 A4=10F10FE A5=108000 A6=4FBC1 PC=414C -- 00414C: add.w   D0, D5
D0=1 D1=F D2=0 D3=FFFF D4=8402900 D5=802180A5 D6=842184A5 D7=FFFF A0=3C0002 A1=100D00 A2=F6CF0 A3=108F44 A4=10F10FE A5=108000 A6=4FBC1 PC=414E -- 00414E: subq.b  #1, D0
D0=0 D1=F D2=0 D3=FFFF D4=8402900 D5=802180A5 D6=842184A5 D7=FFFF A0=3C0002 A1=100D00 A2=F6CF0 A3=108F44 A4=10F10FE A5=108000 A6=4FBC1 PC=4150 -- 004150: move.b  D1, D2
D0=0 D1=F D2=F D3=FFFF D4=8402900 D5=802180A5 D6=842184A5 D7=FFFF A0=3C0002 A1=100D00 A2=F6CF0 A3=108F44 A4=10F10FE A5=108000 A6=4FBC1 PC=4152 -- 004152: sub.b   (A6)+, D2
D0=0 D1=F D2=F D3=FFFF D4=8402900 D5=802180A5 D6=842184A5 D7=FFFF A0=3C0002 A1=100D00 A2=F6CF0 A3=108F44 A4=10F10FE A5=108000 A6=4FBC2 PC=4154 -- 004154: lsl.w   #8, D2
D0=0 D1=F D2=F00 D3=FFFF D4=8402900 D5=802180A5 D6=842184A5 D7=FFFF A0=3C0002 A1=100D00 A2=F6CF0 A3=108F44 A4=10F10FE A5=108000 A6=4FBC2 PC=4156 -- 004156: move.b  ($69,A1), D2
D0=0 D1=F D2=FFF D3=FFFF D4=8402900 D5=802180A5 D6=842184A5 D7=FFFF A0=3C0002 A1=100D00 A2=F6CF0 A3=108F44 A4=10F10FE A5=108000 A6=4FBC2 PC=415A -- 00415A: move.w  D2, (A0)
D0=0 D1=F D2=FFF D3=FFFF D4=8402900 D5=802180A5 D6=842184A5 D7=FFFF A0=3C0002 A1=100D00 A2=F6CF0 A3=108F44 A4=10F10FE A5=108000 A6=4FBC2 PC=415C -- 00415C: dbra    D0, $4150
D0=FFFF D1=F D2=FFF D3=FFFF D4=8402900 D5=802180A5 D6=842184A5 D7=FFFF A0=3C0002 A1=100D00 A2=F6CF0 A3=108F44 A4=10F10FE A5=108000 A6=4FBC2 PC=4160 -- 004160: bra     $4178
D0=FFFF D1=F D2=FFF D3=FFFF D4=8402900 D5=802180A5 D6=842184A5 D7=FFFF A0=3C0002 A1=100D00 A2=F6CF0 A3=108F44 A4=10F10FE A5=108000 A6=4FBC2 PC=4178 -- 004178: move.b  ($2,A2), D0
D0=FFC4 D1=F D2=FFF D3=FFFF D4=8402900 D5=802180A5 D6=842184A5 D7=FFFF A0=3C0002 A1=100D00 A2=F6CF0 A3=108F44 A4=10F10FE A5=108000 A6=4FBC2 PC=417C -- 00417C: tst.b   ($80,A1)
D0=FFC4 D1=F D2=FFF D3=FFFF D4=8402900 D5=802180A5 D6=842184A5 D7=FFFF A0=3C0002 A1=100D00 A2=F6CF0 A3=108F44 A4=10F10FE A5=108000 A6=4FBC2 PC=4180 -- 004180: beq     $4188
D0=FFC4 D1=F D2=FFF D3=FFFF D4=8402900 D5=802180A5 D6=842184A5 D7=FFFF A0=3C0002 A1=100D00 A2=F6CF0 A3=108F44 A4=10F10FE A5=108000 A6=4FBC2 PC=4188 -- 004188: add.b   ($30,A1), D0
D0=FFC4 D1=F D2=FFF D3=FFFF D4=8402900 D5=802180A5 D6=842184A5 D7=FFFF A0=3C0002 A1=100D00 A2=F6CF0 A3=108F44 A4=10F10FE A5=108000 A6=4FBC2 PC=418C -- 00418C: lsl.w   #8, D0
D0=C400 D1=F D2=FFF D3=FFFF D4=8402900 D5=802180A5 D6=842184A5 D7=FFFF A0=3C0002 A1=100D00 A2=F6CF0 A3=108F44 A4=10F10FE A5=108000 A6=4FBC2 PC=418E -- 00418E: tst.b   ($3,A2)
D0=C400 D1=F D2=FFF D3=FFFF D4=8402900 D5=802180A5 D6=842184A5 D7=FFFF A0=3C0002 A1=100D00 A2=F6CF0 A3=108F44 A4=10F10FE A5=108000 A6=4FBC2 PC=4192 -- 004192: beq     $4198
D0=C400 D1=F D2=FFF D3=FFFF D4=8402900 D5=802180A5 D6=842184A5 D7=FFFF A0=3C0002 A1=100D00 A2=F6CF0 A3=108F44 A4=10F10FE A5=108000 A6=4FBC2 PC=4194 -- 004194: move.b  #$10, D0
D0=C410 D1=F D2=FFF D3=FFFF D4=8402900 D5=802180A5 D6=842184A5 D7=FFFF A0=3C0002 A1=100D00 A2=F6CF0 A3=108F44 A4=10F10FE A5=108000 A6=4FBC2 PC=4198 -- 004198: move.w  ($4,A2), D1
D0=C410 D1=DCA8 D2=FFF D3=FFFF D4=8402900 D5=802180A5 D6=842184A5 D7=FFFF A0=3C0002 A1=100D00 A2=F6CF0 A3=108F44 A4=10F10FE A5=108000 A6=4FBC2 PC=419C -- 00419C: moveq   #$0, D3
D0=C410 D1=DCA8 D2=FFF D3=0 D4=8402900 D5=802180A5 D6=842184A5 D7=FFFF A0=3C0002 A1=100D00 A2=F6CF0 A3=108F44 A4=10F10FE A5=108000 A6=4FBC2 PC=419E -- 00419E: move.b  (A2), D3
D0=C410 D1=DCA8 D2=FFF D3=1 D4=8402900 D5=802180A5 D6=842184A5 D7=FFFF A0=3C0002 A1=100D00 A2=F6CF0 A3=108F44 A4=10F10FE A5=108000 A6=4FBC2 PC=41A0 -- 0041A0: subq.b  #1, D3
D0=C410 D1=DCA8 D2=FFF D3=0 D4=8402900 D5=802180A5 D6=842184A5 D7=FFFF A0=3C0002 A1=100D00 A2=F6CF0 A3=108F44 A4=10F10FE A5=108000 A6=4FBC2 PC=41A2 -- 0041A2: move.w  ($790,A5), D7
D0=C410 D1=DCA8 D2=FFF D3=0 D4=8402900 D5=802180A5 D6=842184A5 D7=0 A0=3C0002 A1=100D00 A2=F6CF0 A3=108F44 A4=10F10FE A5=108000 A6=4FBC2 PC=41A6 -- 0041A6: add.w   D7, D7
D0=C410 D1=DCA8 D2=FFF D3=0 D4=8402900 D5=802180A5 D6=842184A5 D7=0 A0=3C0002 A1=100D00 A2=F6CF0 A3=108F44 A4=10F10FE A5=108000 A6=4FBC2 PC=41A8 -- 0041A8: add.w   D7, D7
D0=C410 D1=DCA8 D2=FFF D3=0 D4=8402900 D5=802180A5 D6=842184A5 D7=0 A0=3C0002 A1=100D00 A2=F6CF0 A3=108F44 A4=10F10FE A5=108000 A6=4FBC2 PC=41AA -- 0041AA: movea.l ($4,PC,D7.w), A6
D0=C410 D1=DCA8 D2=FFF D3=0 D4=8402900 D5=802180A5 D6=842184A5 D7=0 A0=3C0002 A1=100D00 A2=F6CF0 A3=108F44 A4=10F10FE A5=108000 A6=428C PC=41AE -- 0041AE: jmp     (A6)
D0=C410 D1=DCA8 D2=FFF D3=0 D4=8402900 D5=802180A5 D6=842184A5 D7=0 A0=3C0002 A1=100D00 A2=F6CF0 A3=108F44 A4=10F10FE A5=108000 A6=428C PC=428C -- 00428C: lea     ($6,A2), A6
D0=C410 D1=DCA8 D2=FFF D3=0 D4=8402900 D5=802180A5 D6=842184A5 D7=0 A0=3C0002 A1=100D00 A2=F6CF0 A3=108F44 A4=10F10FE A5=108000 A6=F6CF6 PC=4290 -- 004290: move.w  #$1, ($2,A0)
D0=C410 D1=DCA8 D2=FFF D3=0 D4=8402900 D5=802180A5 D6=842184A5 D7=0 A0=3C0002 A1=100D00 A2=F6CF0 A3=108F44 A4=10F10FE A5=108000 A6=F6CF6 PC=4296 -- 004296: moveq   #$0, D7
D0=C410 D1=DCA8 D2=FFF D3=0 D4=8402900 D5=802180A5 D6=842184A5 D7=0 A0=3C0002 A1=100D00 A2=F6CF0 A3=108F44 A4=10F10FE A5=108000 A6=F6CF6 PC=4298 -- 004298: move.b  ($1,A2), D7
D0=C410 D1=DCA8 D2=FFF D3=0 D4=8402900 D5=802180A5 D6=842184A5 D7=1 A0=3C0002 A1=100D00 A2=F6CF0 A3=108F44 A4=10F10FE A5=108000 A6=F6CF6 PC=429C -- 00429C: subq.b  #1, D7
D0=C410 D1=DCA8 D2=FFF D3=0 D4=8402900 D5=802180A5 D6=842184A5 D7=0 A0=3C0002 A1=100D00 A2=F6CF0 A3=108F44 A4=10F10FE A5=108000 A6=F6CF6 PC=429E -- 00429E: move.w  (A6)+, D2
D0=C410 D1=DCA8 D2=8000 D3=0 D4=8402900 D5=802180A5 D6=842184A5 D7=0 A0=3C0002 A1=100D00 A2=F6CF0 A3=108F44 A4=10F10FE A5=108000 A6=F6CF8 PC=42A0 -- 0042A0: move.w  D4, (-$2,A0)
D0=C410 D1=DCA8 D2=8000 D3=0 D4=8402900 D5=802180A5 D6=842184A5 D7=0 A0=3C0002 A1=100D00 A2=F6CF0 A3=108F44 A4=10F10FE A5=108000 A6=F6CF8 PC=42A4 -- 0042A4: add.w   D2, D2
D0=C410 D1=DCA8 D2=0 D3=0 D4=8402900 D5=802180A5 D6=842184A5 D7=0 A0=3C0002 A1=100D00 A2=F6CF0 A3=108F44 A4=10F10FE A5=108000 A6=F6CF8 PC=42A6 -- 0042A6: bcc     $42b8
D0=C410 D1=DCA8 D2=0 D3=0 D4=8402900 D5=802180A5 D6=842184A5 D7=0 A0=3C0002 A1=100D00 A2=F6CF0 A3=108F44 A4=10F10FE A5=108000 A6=F6CF8 PC=42A8 -- 0042A8: move.w  D1, (A0)
D0=C410 D1=DCA8 D2=0 D3=0 D4=8402900 D5=802180A5 D6=842184A5 D7=0 A0=3C0002 A1=100D00 A2=F6CF0 A3=108F44 A4=10F10FE A5=108000 A6=F6CF8 PC=42AA -- 0042AA: nop
D0=C410 D1=DCA8 D2=0 D3=0 D4=8402900 D5=802180A5 D6=842184A5 D7=0 A0=3C0002 A1=100D00 A2=F6CF0 A3=108F44 A4=10F10FE A5=108000 A6=F6CF8 PC=42AC -- 0042AC: move.w  D0, (A0)
D0=C410 D1=DCA8 D2=0 D3=0 D4=8402900 D5=802180A5 D6=842184A5 D7=0 A0=3C0002 A1=100D00 A2=F6CF0 A3=108F44 A4=10F10FE A5=108000 A6=F6CF8 PC=42AE -- 0042AE: addq.w  #1, D1
D0=C410 D1=DCA9 D2=0 D3=0 D4=8402900 D5=802180A5 D6=842184A5 D7=0 A0=3C0002 A1=100D00 A2=F6CF0 A3=108F44 A4=10F10FE A5=108000 A6=F6CF8 PC=42B0 -- 0042B0: bcc     $42c0
D0=C410 D1=DCA9 D2=0 D3=0 D4=8402900 D5=802180A5 D6=842184A5 D7=0 A0=3C0002 A1=100D00 A2=F6CF0 A3=108F44 A4=10F10FE A5=108000 A6=F6CF8 PC=42C0 -- 0042C0: dbra    D7, $42a4
D0=C410 D1=DCA9 D2=0 D3=0 D4=8402900 D5=802180A5 D6=842184A5 D7=FFFF A0=3C0002 A1=100D00 A2=F6CF0 A3=108F44 A4=10F10FE A5=108000 A6=F6CF8 PC=42C4 -- 0042C4: bsr     $47c0
D0=C410 D1=DCA9 D2=0 D3=0 D4=8402900 D5=802180A5 D6=842184A5 D7=FFFF A0=3C0002 A1=100D00 A2=F6CF0 A3=108F44 A4=10F10FE A5=108000 A6=F6CF8 PC=47C0 -- 0047C0: tst.b   ($78f,A5)
D0=C410 D1=DCA9 D2=0 D3=0 D4=8402900 D5=802180A5 D6=842184A5 D7=FFFF A0=3C0002 A1=100D00 A2=F6CF0 A3=108F44 A4=10F10FE A5=108000 A6=F6CF8 PC=47C4 -- 0047C4: bpl     $47c8
D0=C410 D1=DCA9 D2=0 D3=0 D4=8402900 D5=802180A5 D6=842184A5 D7=FFFF A0=3C0002 A1=100D00 A2=F6CF0 A3=108F44 A4=10F10FE A5=108000 A6=F6CF8 PC=47C6 -- 0047C6: rts
D0=C410 D1=DCA9 D2=0 D3=0 D4=8402900 D5=802180A5 D6=842184A5 D7=FFFF A0=3C0002 A1=100D00 A2=F6CF0 A3=108F44 A4=10F10FE A5=108000 A6=F6CF8 PC=42C8 -- 0042C8: addi.w  #$40, D4
D0=C410 D1=DCA9 D2=0 D3=0 D4=8402940 D5=802180A5 D6=842184A5 D7=FFFF A0=3C0002 A1=100D00 A2=F6CF0 A3=108F44 A4=10F10FE A5=108000 A6=F6CF8 PC=42CC -- 0042CC: dbra    D3, $4296
D0=C410 D1=DCA9 D2=0 D3=FFFF D4=8402940 D5=802180A5 D6=842184A5 D7=FFFF A0=3C0002 A1=100D00 A2=F6CF0 A3=108F44 A4=10F10FE A5=108000 A6=F6CF8 PC=42D0 -- 0042D0: rts
D0=C410 D1=DCA9 D2=0 D3=FFFF D4=8402940 D5=802180A5 D6=842184A5 D7=FFFF A0=3C0002 A1=100D00 A2=F6CF0 A3=108F44 A4=10F10FE A5=108000 A6=F6CF8 PC=4016 -- 004016: bra     $401c
D0=C410 D1=DCA9 D2=0 D3=FFFF D4=8402940 D5=802180A5 D6=842184A5 D7=FFFF A0=3C0002 A1=100D00 A2=F6CF0 A3=108F44 A4=10F10FE A5=108000 A6=F6CF8 PC=401C -- 00401C: movea.l (A7)+, A6
D0=C410 D1=DCA9 D2=0 D3=FFFF D4=8402940 D5=802180A5 D6=842184A5 D7=FFFF A0=3C0002 A1=100D00 A2=F6CF0 A3=108F44 A4=10F10FE A5=108000 A6=108E3C PC=401E -- 00401E: btst    #$5, ($4,A4)
D0=C410 D1=DCA9 D2=0 D3=FFFF D4=8402940 D5=802180A5 D6=842184A5 D7=FFFF A0=3C0002 A1=100D00 A2=F6CF0 A3=108F44 A4=10F10FE A5=108000 A6=108E3C PC=4024 -- 004024: beq     $4056
D0=C410 D1=DCA9 D2=0 D3=FFFF D4=8402940 D5=802180A5 D6=842184A5 D7=FFFF A0=3C0002 A1=100D00 A2=F6CF0 A3=108F44 A4=10F10FE A5=108000 A6=108E3C PC=4056 -- 004056: tst.b   ($7c,A1)
D0=C410 D1=DCA9 D2=0 D3=FFFF D4=8402940 D5=802180A5 D6=842184A5 D7=FFFF A0=3C0002 A1=100D00 A2=F6CF0 A3=108F44 A4=10F10FE A5=108000 A6=108E3C PC=405A -- 00405A: bpl     $4064
D0=C410 D1=DCA9 D2=0 D3=FFFF D4=8402940 D5=802180A5 D6=842184A5 D7=FFFF A0=3C0002 A1=100D00 A2=F6CF0 A3=108F44 A4=10F10FE A5=108000 A6=108E3C PC=4064 -- 004064: movea.l (A7)+, A0
D0=C410 D1=DCA9 D2=0 D3=FFFF D4=8402940 D5=802180A5 D6=842184A5 D7=FFFF A0=108908 A1=100D00 A2=F6CF0 A3=108F44 A4=10F10FE A5=108000 A6=108E3C PC=4066 -- 004066: subq.w  #1, ($e3a,A5)
D0=C410 D1=DCA9 D2=0 D3=FFFF D4=8402940 D5=802180A5 D6=842184A5 D7=FFFF A0=108908 A1=100D00 A2=F6CF0 A3=108F44 A4=10F10FE A5=108000 A6=108E3C PC=406A -- 00406A: bne     $3f32
D0=C410 D1=DCA9 D2=0 D3=FFFF D4=8402940 D5=802180A5 D6=842184A5 D7=FFFF A0=108908 A1=100D00 A2=F6CF0 A3=108F44 A4=10F10FE A5=108000 A6=108E3C PC=3F32 -- 003F32: move.w  (A0)+, D0
D0=B00 D1=DCA9 D2=0 D3=FFFF D4=8402940 D5=802180A5 D6=842184A5 D7=FFFF A0=10890A A1=100D00 A2=F6CF0 A3=108F44 A4=10F10FE A5=108000 A6=108E3C PC=3F34 -- 003F34: beq     $3f32
D0=B00 D1=DCA9 D2=0 D3=FFFF D4=8402940 D5=802180A5 D6=842184A5 D7=FFFF A0=10890A A1=100D00 A2=F6CF0 A3=108F44 A4=10F10FE A5=108000 A6=108E3C PC=3F36 -- 003F36: clr.w   (-$2,A0)
D0=B00 D1=DCA9 D2=0 D3=FFFF D4=8402940 D5=802180A5 D6=842184A5 D7=FFFF A0=10890A A1=100D00 A2=F6CF0 A3=108F44 A4=10F10FE A5=108000 A6=108E3C PC=3F3A -- 003F3A: move.l  A5, D1
D0=B00 D1=108000 D2=0 D3=FFFF D4=8402940 D5=802180A5 D6=842184A5 D7=FFFF A0=10890A A1=100D00 A2=F6CF0 A3=108F44 A4=10F10FE A5=108000 A6=108E3C PC=3F3C -- 003F3C: move.w  D0, D1
D0=B00 D1=100B00 D2=0 D3=FFFF D4=8402940 D5=802180A5 D6=842184A5 D7=FFFF A0=10890A A1=100D00 A2=F6CF0 A3=108F44 A4=10F10FE A5=108000 A6=108E3C PC=3F3E -- 003F3E: movea.l D1, A1
D0=B00 D1=100B00 D2=0 D3=FFFF D4=8402940 D5=802180A5 D6=842184A5 D7=FFFF A0=10890A A1=100B00 A2=F6CF0 A3=108F44 A4=10F10FE A5=108000 A6=108E3C PC=3F40 -- 003F40: movea.l ($28,A1), A2
D0=B00 D1=100B00 D2=0 D3=FFFF D4=8402940 D5=802180A5 D6=842184A5 D7=FFFF A0=10890A A1=100B00 A2=F6CE0 A3=108F44 A4=10F10FE A5=108000 A6=108E3C PC=3F44 -- 003F44: lea     $7bf48.l, A4
D0=B00 D1=100B00 D2=0 D3=FFFF D4=8402940 D5=802180A5 D6=842184A5 D7=FFFF A0=10890A A1=100B00 A2=F6CE0 A3=108F44 A4=7BF48 A5=108000 A6=108E3C PC=3F4A -- 003F4A: move.w  ($70,A1), D0
D0=1B D1=100B00 D2=0 D3=FFFF D4=8402940 D5=802180A5 D6=842184A5 D7=FFFF A0=10890A A1=100B00 A2=F6CE0 A3=108F44 A4=7BF48 A5=108000 A6=108E3C PC=3F4E -- 003F4E: add.w   D0, D0
D0=36 D1=100B00 D2=0 D3=FFFF D4=8402940 D5=802180A5 D6=842184A5 D7=FFFF A0=10890A A1=100B00 A2=F6CE0 A3=108F44 A4=7BF48 A5=108000 A6=108E3C PC=3F50 -- 003F50: add.w   D0, D0
D0=6C D1=100B00 D2=0 D3=FFFF D4=8402940 D5=802180A5 D6=842184A5 D7=FFFF A0=10890A A1=100B00 A2=F6CE0 A3=108F44 A4=7BF48 A5=108000 A6=108E3C PC=3F52 -- 003F52: movea.l (A4,D0.w), A4
D0=6C D1=100B00 D2=0 D3=FFFF D4=8402940 D5=802180A5 D6=842184A5 D7=FFFF A0=10890A A1=100B00 A2=F6CE0 A3=108F44 A4=7F5E0 A5=108000 A6=108E3C PC=3F56 -- 003F56: move.w  ($72,A1), D0
D0=35 D1=100B00 D2=0 D3=FFFF D4=8402940 D5=802180A5 D6=842184A5 D7=FFFF A0=10890A A1=100B00 A2=F6CE0 A3=108F44 A4=7F5E0 A5=108000 A6=108E3C PC=3F5A -- 003F5A: add.w   D0, D0
D0=6A D1=100B00 D2=0 D3=FFFF D4=8402940 D5=802180A5 D6=842184A5 D7=FFFF A0=10890A A1=100B00 A2=F6CE0 A3=108F44 A4=7F5E0 A5=108000 A6=108E3C PC=3F5C -- 003F5C: move.w  (A4,D0.w), ($46de,A5)
D0=6A D1=100B00 D2=0 D3=FFFF D4=8402940 D5=802180A5 D6=842184A5 D7=FFFF A0=10890A A1=100B00 A2=F6CE0 A3=108F44 A4=7F5E0 A5=108000 A6=108E3C PC=3F62 -- 003F62: lea     $80000.l, A4
D0=6A D1=100B00 D2=0 D3=FFFF D4=8402940 D5=802180A5 D6=842184A5 D7=FFFF A0=10890A A1=100B00 A2=F6CE0 A3=108F44 A4=80000 A5=108000 A6=108E3C PC=3F68 -- 003F68: move.w  ($70,A1), D0
D0=1B D1=100B00 D2=0 D3=FFFF D4=8402940 D5=802180A5 D6=842184A5 D7=FFFF A0=10890A A1=100B00 A2=F6CE0 A3=108F44 A4=80000 A5=108000 A6=108E3C PC=3F6C -- 003F6C: add.w   D0, D0
D0=36 D1=100B00 D2=0 D3=FFFF D4=8402940 D5=802180A5 D6=842184A5 D7=FFFF A0=10890A A1=100B00 A2=F6CE0 A3=108F44 A4=80000 A5=108000 A6=108E3C PC=3F6E -- 003F6E: add.w   D0, D0
D0=6C D1=100B00 D2=0 D3=FFFF D4=8402940 D5=802180A5 D6=842184A5 D7=FFFF A0=10890A A1=100B00 A2=F6CE0 A3=108F44 A4=80000 A5=108000 A6=108E3C PC=3F70 -- 003F70: movea.l (A4,D0.w), A4
D0=6C D1=100B00 D2=0 D3=FFFF D4=8402940 D5=802180A5 D6=842184A5 D7=FFFF A0=10890A A1=100B00 A2=F6CE0 A3=108F44 A4=86E00 A5=108000 A6=108E3C PC=3F74 -- 003F74: move.w  ($46de,A5), D0
D0=3535 D1=100B00 D2=0 D3=FFFF D4=8402940 D5=802180A5 D6=842184A5 D7=FFFF A0=10890A A1=100B00 A2=F6CE0 A3=108F44 A4=86E00 A5=108000 A6=108E3C PC=3F78 -- 003F78: tst.b   ($46e2,A5)
D0=3535 D1=100B00 D2=0 D3=FFFF D4=8402940 D5=802180A5 D6=842184A5 D7=FFFF A0=10890A A1=100B00 A2=F6CE0 A3=108F44 A4=86E00 A5=108000 A6=108E3C PC=3F7C -- 003F7C: beq     $3f82
D0=3535 D1=100B00 D2=0 D3=FFFF D4=8402940 D5=802180A5 D6=842184A5 D7=FFFF A0=10890A A1=100B00 A2=F6CE0 A3=108F44 A4=86E00 A5=108000 A6=108E3C PC=3F82 -- 003F82: andi.w  #$ff, D0
D0=35 D1=100B00 D2=0 D3=FFFF D4=8402940 D5=802180A5 D6=842184A5 D7=FFFF A0=10890A A1=100B00 A2=F6CE0 A3=108F44 A4=86E00 A5=108000 A6=108E3C PC=3F86 -- 003F86: add.w   D0, D0
D0=6A D1=100B00 D2=0 D3=FFFF D4=8402940 D5=802180A5 D6=842184A5 D7=FFFF A0=10890A A1=100B00 A2=F6CE0 A3=108F44 A4=86E00 A5=108000 A6=108E3C PC=3F88 -- 003F88: add.w   D0, D0
D0=D4 D1=100B00 D2=0 D3=FFFF D4=8402940 D5=802180A5 D6=842184A5 D7=FFFF A0=10890A A1=100B00 A2=F6CE0 A3=108F44 A4=86E00 A5=108000 A6=108E3C PC=3F8A -- 003F8A: movea.l (A4,D0.w), A4
D0=D4 D1=100B00 D2=0 D3=FFFF D4=8402940 D5=802180A5 D6=842184A5 D7=FFFF A0=10890A A1=100B00 A2=F6CE0 A3=108F44 A4=F30FA A5=108000 A6=108E3C PC=3F8E -- 003F8E: move.w  ($74,A1), D0
D0=0 D1=100B00 D2=0 D3=FFFF D4=8402940 D5=802180A5 D6=842184A5 D7=FFFF A0=10890A A1=100B00 A2=F6CE0 A3=108F44 A4=F30FA A5=108000 A6=108E3C PC=3F92 -- 003F92: adda.w  D0, A4
D0=0 D1=100B00 D2=0 D3=FFFF D4=8402940 D5=802180A5 D6=842184A5 D7=FFFF A0=10890A A1=100B00 A2=F6CE0 A3=108F44 A4=F30FA A5=108000 A6=108E3C PC=3F94 -- 003F94: move.l  (A4), D0
D0=10F10F2 D1=100B00 D2=0 D3=FFFF D4=8402940 D5=802180A5 D6=842184A5 D7=FFFF A0=10890A A1=100B00 A2=F6CE0 A3=108F44 A4=F30FA A5=108000 A6=108E3C PC=3F96 -- 003F96: movea.l D0, A4
D0=10F10F2 D1=100B00 D2=0 D3=FFFF D4=8402940 D5=802180A5 D6=842184A5 D7=FFFF A0=10890A A1=100B00 A2=F6CE0 A3=108F44 A4=10F10F2 A5=108000 A6=108E3C PC=3F98 -- 003F98: move.l  A0, -(A7)
D0=10F10F2 D1=100B00 D2=0 D3=FFFF D4=8402940 D5=802180A5 D6=842184A5 D7=FFFF A0=10890A A1=100B00 A2=F6CE0 A3=108F44 A4=10F10F2 A5=108000 A6=108E3C PC=3F9A -- 003F9A: lea     $3c0002.l, A0
D0=10F10F2 D1=100B00 D2=0 D3=FFFF D4=8402940 D5=802180A5 D6=842184A5 D7=FFFF A0=3C0002 A1=100B00 A2=F6CE0 A3=108F44 A4=10F10F2 A5=108000 A6=108E3C PC=3FA0 -- 003FA0: tst.b   ($7c,A1)
D0=10F10F2 D1=100B00 D2=0 D3=FFFF D4=8402940 D5=802180A5 D6=842184A5 D7=FFFF A0=3C0002 A1=100B00 A2=F6CE0 A3=108F44 A4=10F10F2 A5=108000 A6=108E3C PC=3FA4 -- 003FA4: bpl     $3fc0
D0=10F10F2 D1=100B00 D2=0 D3=FFFF D4=8402940 D5=802180A5 D6=842184A5 D7=FFFF A0=3C0002 A1=100B00 A2=F6CE0 A3=108F44 A4=10F10F2 A5=108000 A6=108E3C PC=3FC0 -- 003FC0: moveq   #$0, D0
D0=0 D1=100B00 D2=0 D3=FFFF D4=8402940 D5=802180A5 D6=842184A5 D7=FFFF A0=3C0002 A1=100B00 A2=F6CE0 A3=108F44 A4=10F10F2 A5=108000 A6=108E3C PC=3FC2 -- 003FC2: move.b  (A2), D0
D0=1 D1=100B00 D2=0 D3=FFFF D4=8402940 D5=802180A5 D6=842184A5 D7=FFFF A0=3C0002 A1=100B00 A2=F6CE0 A3=108F44 A4=10F10F2 A5=108000 A6=108E3C PC=3FC4 -- 003FC4: sub.w   D0, ($794,A5)
D0=1 D1=100B00 D2=0 D3=FFFF D4=8402940 D5=802180A5 D6=842184A5 D7=FFFF A0=3C0002 A1=100B00 A2=F6CE0 A3=108F44 A4=10F10F2 A5=108000 A6=108E3C PC=3FC8 -- 003FC8: bcc     $3fd2
D0=1 D1=100B00 D2=0 D3=FFFF D4=8402940 D5=802180A5 D6=842184A5 D7=FFFF A0=3C0002 A1=100B00 A2=F6CE0 A3=108F44 A4=10F10F2 A5=108000 A6=108E3C PC=3FD2 -- 003FD2: move.l  A6, -(A7)
D0=1 D1=100B00 D2=0 D3=FFFF D4=8402940 D5=802180A5 D6=842184A5 D7=FFFF A0=3C0002 A1=100B00 A2=F6CE0 A3=108F44 A4=10F10F2 A5=108000 A6=108E3C PC=3FD4 -- 003FD4: btst    #$6, ($7c,A1)
D0=1 D1=100B00 D2=0 D3=FFFF D4=8402940 D5=802180A5 D6=842184A5 D7=FFFF A0=3C0002 A1=100B00 A2=F6CE0 A3=108F44 A4=10F10F2 A5=108000 A6=108E3C PC=3FDA -- 003FDA: bne     $400c
D0=1 D1=100B00 D2=0 D3=FFFF D4=8402940 D5=802180A5 D6=842184A5 D7=FFFF A0=3C0002 A1=100B00 A2=F6CE0 A3=108F44 A4=10F10F2 A5=108000 A6=108E3C PC=3FDE -- 003FDE: moveq   #$0, D1
D0=1 D1=0 D2=0 D3=FFFF D4=8402940 D5=802180A5 D6=842184A5 D7=FFFF A0=3C0002 A1=100B00 A2=F6CE0 A3=108F44 A4=10F10F2 A5=108000 A6=108E3C PC=3FE0 -- 003FE0: move.b  ($82,A1), D1
D0=1 D1=0 D2=0 D3=FFFF D4=8402940 D5=802180A5 D6=842184A5 D7=FFFF A0=3C0002 A1=100B00 A2=F6CE0 A3=108F44 A4=10F10F2 A5=108000 A6=108E3C PC=3FE4 -- 003FE4: add.w   D1, D1
D0=1 D1=0 D2=0 D3=FFFF D4=8402940 D5=802180A5 D6=842184A5 D7=FFFF A0=3C0002 A1=100B00 A2=F6CE0 A3=108F44 A4=10F10F2 A5=108000 A6=108E3C PC=3FE6 -- 003FE6: add.w   D1, D1
D0=1 D1=0 D2=0 D3=FFFF D4=8402940 D5=802180A5 D6=842184A5 D7=FFFF A0=3C0002 A1=100B00 A2=F6CE0 A3=108F44 A4=10F10F2 A5=108000 A6=108E3C PC=3FE8 -- 003FE8: move.w  ($18,A1), D0
D0=90 D1=0 D2=0 D3=FFFF D4=8402940 D5=802180A5 D6=842184A5 D7=FFFF A0=3C0002 A1=100B00 A2=F6CE0 A3=108F44 A4=10F10F2 A5=108000 A6=108E3C PC=3FEC -- 003FEC: lea     ($104c,A5), A6
D0=90 D1=0 D2=0 D3=FFFF D4=8402940 D5=802180A5 D6=842184A5 D7=FFFF A0=3C0002 A1=100B00 A2=F6CE0 A3=108F44 A4=10F10F2 A5=108000 A6=10904C PC=3FF0 -- 003FF0: sub.w   (A6,D1.w), D0
D0=90 D1=0 D2=0 D3=FFFF D4=8402940 D5=802180A5 D6=842184A5 D7=FFFF A0=3C0002 A1=100B00 A2=F6CE0 A3=108F44 A4=10F10F2 A5=108000 A6=10904C PC=3FF4 -- 003FF4: move.w  D0, ($24,A1)
D0=90 D1=0 D2=0 D3=FFFF D4=8402940 D5=802180A5 D6=842184A5 D7=FFFF A0=3C0002 A1=100B00 A2=F6CE0 A3=108F44 A4=10F10F2 A5=108000 A6=10904C PC=3FF8 -- 003FF8: move.w  ($1c,A1), D0
D0=70 D1=0 D2=0 D3=FFFF D4=8402940 D5=802180A5 D6=842184A5 D7=FFFF A0=3C0002 A1=100B00 A2=F6CE0 A3=108F44 A4=10F10F2 A5=108000 A6=10904C PC=3FFC -- 003FFC: sub.w   ($20,A1), D0
D0=70 D1=0 D2=0 D3=FFFF D4=8402940 D5=802180A5 D6=842184A5 D7=FFFF A0=3C0002 A1=100B00 A2=F6CE0 A3=108F44 A4=10F10F2 A5=108000 A6=10904C PC=4000 -- 004000: lea     ($1058,A5), A6
D0=70 D1=0 D2=0 D3=FFFF D4=8402940 D5=802180A5 D6=842184A5 D7=FFFF A0=3C0002 A1=100B00 A2=F6CE0 A3=108F44 A4=10F10F2 A5=108000 A6=109058 PC=4004 -- 004004: sub.w   (A6,D1.w), D0
D0=70 D1=0 D2=0 D3=FFFF D4=8402940 D5=802180A5 D6=842184A5 D7=FFFF A0=3C0002 A1=100B00 A2=F6CE0 A3=108F44 A4=10F10F2 A5=108000 A6=109058 PC=4008 -- 004008: move.w  D0, ($26,A1)
D0=70 D1=0 D2=0 D3=FFFF D4=8402940 D5=802180A5 D6=842184A5 D7=FFFF A0=3C0002 A1=100B00 A2=F6CE0 A3=108F44 A4=10F10F2 A5=108000 A6=109058 PC=400C -- 00400C: tst.b   ($3a66,A5)
D0=70 D1=0 D2=0 D3=FFFF D4=8402940 D5=802180A5 D6=842184A5 D7=FFFF A0=3C0002 A1=100B00 A2=F6CE0 A3=108F44 A4=10F10F2 A5=108000 A6=109058 PC=4010 -- 004010: bmi     $4018
D0=70 D1=0 D2=0 D3=FFFF D4=8402940 D5=802180A5 D6=842184A5 D7=FFFF A0=3C0002 A1=100B00 A2=F6CE0 A3=108F44 A4=10F10F2 A5=108000 A6=109058 PC=4012 -- 004012: bsr     $4088
D0=70 D1=0 D2=0 D3=FFFF D4=8402940 D5=802180A5 D6=842184A5 D7=FFFF A0=3C0002 A1=100B00 A2=F6CE0 A3=108F44 A4=10F10F2 A5=108000 A6=109058 PC=4088 -- 004088: move.w  (A4), D0
D0=0 D1=0 D2=0 D3=FFFF D4=8402940 D5=802180A5 D6=842184A5 D7=FFFF A0=3C0002 A1=100B00 A2=F6CE0 A3=108F44 A4=10F10F2 A5=108000 A6=109058 PC=408A -- 00408A: move.b  ($31,A1), D1
D0=0 D1=0 D2=0 D3=FFFF D4=8402940 D5=802180A5 D6=842184A5 D7=FFFF A0=3C0002 A1=100B00 A2=F6CE0 A3=108F44 A4=10F10F2 A5=108000 A6=109058 PC=408E -- 00408E: move.b  ($4,A4), D2
D0=0 D1=0 D2=0 D3=FFFF D4=8402940 D5=802180A5 D6=842184A5 D7=FFFF A0=3C0002 A1=100B00 A2=F6CE0 A3=108F44 A4=10F10F2 A5=108000 A6=109058 PC=4092 -- 004092: rol.b   #2, D2
D0=0 D1=0 D2=0 D3=FFFF D4=8402940 D5=802180A5 D6=842184A5 D7=FFFF A0=3C0002 A1=100B00 A2=F6CE0 A3=108F44 A4=10F10F2 A5=108000 A6=109058 PC=4094 -- 004094: eor.w   D2, D1
D0=0 D1=0 D2=0 D3=FFFF D4=8402940 D5=802180A5 D6=842184A5 D7=FFFF A0=3C0002 A1=100B00 A2=F6CE0 A3=108F44 A4=10F10F2 A5=108000 A6=109058 PC=4096 -- 004096: andi.w  #$3, D1
D0=0 D1=0 D2=0 D3=FFFF D4=8402940 D5=802180A5 D6=842184A5 D7=FFFF A0=3C0002 A1=100B00 A2=F6CE0 A3=108F44 A4=10F10F2 A5=108000 A6=109058 PC=409A -- 00409A: move.w  D1, ($790,A5)
D0=0 D1=0 D2=0 D3=FFFF D4=8402940 D5=802180A5 D6=842184A5 D7=FFFF A0=3C0002 A1=100B00 A2=F6CE0 A3=108F44 A4=10F10F2 A5=108000 A6=109058 PC=409E -- 00409E: andi.w  #$1, D1
D0=0 D1=0 D2=0 D3=FFFF D4=8402940 D5=802180A5 D6=842184A5 D7=FFFF A0=3C0002 A1=100B00 A2=F6CE0 A3=108F44 A4=10F10F2 A5=108000 A6=109058 PC=40A2 -- 0040A2: beq     $40ae
D0=0 D1=0 D2=0 D3=FFFF D4=8402940 D5=802180A5 D6=842184A5 D7=FFFF A0=3C0002 A1=100B00 A2=F6CE0 A3=108F44 A4=10F10F2 A5=108000 A6=109058 PC=40AE -- 0040AE: moveq   #$0, D1
D0=0 D1=0 D2=0 D3=FFFF D4=8402940 D5=802180A5 D6=842184A5 D7=FFFF A0=3C0002 A1=100B00 A2=F6CE0 A3=108F44 A4=10F10F2 A5=108000 A6=109058 PC=40B0 -- 0040B0: move.b  ($68,A1), D1
D0=0 D1=FF D2=0 D3=FFFF D4=8402940 D5=802180A5 D6=842184A5 D7=FFFF A0=3C0002 A1=100B00 A2=F6CE0 A3=108F44 A4=10F10F2 A5=108000 A6=109058 PC=40B4 -- 0040B4: addq.w  #1, D1
D0=0 D1=100 D2=0 D3=FFFF D4=8402940 D5=802180A5 D6=842184A5 D7=FFFF A0=3C0002 A1=100B00 A2=F6CE0 A3=108F44 A4=10F10F2 A5=108000 A6=109058 PC=40B6 -- 0040B6: muls.w  D1, D0
D0=0 D1=100 D2=0 D3=FFFF D4=8402940 D5=802180A5 D6=842184A5 D7=FFFF A0=3C0002 A1=100B00 A2=F6CE0 A3=108F44 A4=10F10F2 A5=108000 A6=109058 PC=40B8 -- 0040B8: lsr.l   #8, D0
D0=0 D1=100 D2=0 D3=FFFF D4=8402940 D5=802180A5 D6=842184A5 D7=FFFF A0=3C0002 A1=100B00 A2=F6CE0 A3=108F44 A4=10F10F2 A5=108000 A6=109058 PC=40BA -- 0040BA: add.w   ($24,A1), D0
D0=90 D1=100 D2=0 D3=FFFF D4=8402940 D5=802180A5 D6=842184A5 D7=FFFF A0=3C0002 A1=100B00 A2=F6CE0 A3=108F44 A4=10F10F2 A5=108000 A6=109058 PC=40BE -- 0040BE: lsl.w   #7, D0
D0=4800 D1=100 D2=0 D3=FFFF D4=8402940 D5=802180A5 D6=842184A5 D7=FFFF A0=3C0002 A1=100B00 A2=F6CE0 A3=108F44 A4=10F10F2 A5=108000 A6=109058 PC=40C0 -- 0040C0: move.w  D6, (-$2,A0)
D0=4800 D1=100 D2=0 D3=FFFF D4=8402940 D5=802180A5 D6=842184A5 D7=FFFF A0=3C0002 A1=100B00 A2=F6CE0 A3=108F44 A4=10F10F2 A5=108000 A6=109058 PC=40C4 -- 0040C4: move.w  D0, (A0)
D0=4800 D1=100 D2=0 D3=FFFF D4=8402940 D5=802180A5 D6=842184A5 D7=FFFF A0=3C0002 A1=100B00 A2=F6CE0 A3=108F44 A4=10F10F2 A5=108000 A6=109058 PC=40C6 -- 0040C6: moveq   #$0, D0
D0=0 D1=100 D2=0 D3=FFFF D4=8402940 D5=802180A5 D6=842184A5 D7=FFFF A0=3C0002 A1=100B00 A2=F6CE0 A3=108F44 A4=10F10F2 A5=108000 A6=109058 PC=40C8 -- 0040C8: move.b  (A2), D0
D0=1 D1=100 D2=0 D3=FFFF D4=8402940 D5=802180A5 D6=842184A5 D7=FFFF A0=3C0002 A1=100B00 A2=F6CE0 A3=108F44 A4=10F10F2 A5=108000 A6=109058 PC=40CA -- 0040CA: add.w   D0, D6
D0=1 D1=100 D2=0 D3=FFFF D4=8402940 D5=802180A5 D6=842184A6 D7=FFFF A0=3C0002 A1=100B00 A2=F6CE0 A3=108F44 A4=10F10F2 A5=108000 A6=109058 PC=40CC -- 0040CC: move.w  ($2,A4), D0
D0=FFFF D1=100 D2=0 D3=FFFF D4=8402940 D5=802180A5 D6=842184A6 D7=FFFF A0=3C0002 A1=100B00 A2=F6CE0 A3=108F44 A4=10F10F2 A5=108000 A6=109058 PC=40D0 -- 0040D0: btst    #$1, ($791,A5)
D0=FFFF D1=100 D2=0 D3=FFFF D4=8402940 D5=802180A5 D6=842184A6 D7=FFFF A0=3C0002 A1=100B00 A2=F6CE0 A3=108F44 A4=10F10F2 A5=108000 A6=109058 PC=40D6 -- 0040D6: beq     $40e4
D0=FFFF D1=100 D2=0 D3=FFFF D4=8402940 D5=802180A5 D6=842184A6 D7=FFFF A0=3C0002 A1=100B00 A2=F6CE0 A3=108F44 A4=10F10F2 A5=108000 A6=109058 PC=40E4 -- 0040E4: moveq   #$0, D1
D0=FFFF D1=0 D2=0 D3=FFFF D4=8402940 D5=802180A5 D6=842184A6 D7=FFFF A0=3C0002 A1=100B00 A2=F6CE0 A3=108F44 A4=10F10F2 A5=108000 A6=109058 PC=40E6 -- 0040E6: move.b  ($69,A1), D1
D0=FFFF D1=FF D2=0 D3=FFFF D4=8402940 D5=802180A5 D6=842184A6 D7=FFFF A0=3C0002 A1=100B00 A2=F6CE0 A3=108F44 A4=10F10F2 A5=108000 A6=109058 PC=40EA -- 0040EA: addq.w  #1, D1
D0=FFFF D1=100 D2=0 D3=FFFF D4=8402940 D5=802180A5 D6=842184A6 D7=FFFF A0=3C0002 A1=100B00 A2=F6CE0 A3=108F44 A4=10F10F2 A5=108000 A6=109058 PC=40EC -- 0040EC: muls.w  D1, D0
D0=FFFFFF00 D1=100 D2=0 D3=FFFF D4=8402940 D5=802180A5 D6=842184A6 D7=FFFF A0=3C0002 A1=100B00 A2=F6CE0 A3=108F44 A4=10F10F2 A5=108000 A6=109058 PC=40EE -- 0040EE: lsr.l   #8, D0
D0=FFFFFF D1=100 D2=0 D3=FFFF D4=8402940 D5=802180A5 D6=842184A6 D7=FFFF A0=3C0002 A1=100B00 A2=F6CE0 A3=108F44 A4=10F10F2 A5=108000 A6=109058 PC=40F0 -- 0040F0: add.w   ($26,A1), D0
D0=FF006F D1=100 D2=0 D3=FFFF D4=8402940 D5=802180A5 D6=842184A6 D7=FFFF A0=3C0002 A1=100B00 A2=F6CE0 A3=108F44 A4=10F10F2 A5=108000 A6=109058 PC=40F4 -- 0040F4: neg.w   D0
D0=FFFF91 D1=100 D2=0 D3=FFFF D4=8402940 D5=802180A5 D6=842184A6 D7=FFFF A0=3C0002 A1=100B00 A2=F6CE0 A3=108F44 A4=10F10F2 A5=108000 A6=109058 PC=40F6 -- 0040F6: addi.w  #$1ff, D0
D0=FF0190 D1=100 D2=0 D3=FFFF D4=8402940 D5=802180A5 D6=842184A6 D7=FFFF A0=3C0002 A1=100B00 A2=F6CE0 A3=108F44 A4=10F10F2 A5=108000 A6=109058 PC=40FA -- 0040FA: lsl.w   #7, D0
D0=FFC800 D1=100 D2=0 D3=FFFF D4=8402940 D5=802180A5 D6=842184A6 D7=FFFF A0=3C0002 A1=100B00 A2=F6CE0 A3=108F44 A4=10F10F2 A5=108000 A6=109058 PC=40FC -- 0040FC: bsr     $4772
D0=FFC800 D1=100 D2=0 D3=FFFF D4=8402940 D5=802180A5 D6=842184A6 D7=FFFF A0=3C0002 A1=100B00 A2=F6CE0 A3=108F44 A4=10F10F2 A5=108000 A6=109058 PC=4772 -- 004772: move.w  D0, -(A7)
D0=FFC800 D1=100 D2=0 D3=FFFF D4=8402940 D5=802180A5 D6=842184A6 D7=FFFF A0=3C0002 A1=100B00 A2=F6CE0 A3=108F44 A4=10F10F2 A5=108000 A6=109058 PC=4774 -- 004774: moveq   #-$1, D0
D0=FFFFFFFF D1=100 D2=0 D3=FFFF D4=8402940 D5=802180A5 D6=842184A6 D7=FFFF A0=3C0002 A1=100B00 A2=F6CE0 A3=108F44 A4=10F10F2 A5=108000 A6=109058 PC=4776 -- 004776: moveq   #$0, D1
D0=FFFFFFFF D1=0 D2=0 D3=FFFF D4=8402940 D5=802180A5 D6=842184A6 D7=FFFF A0=3C0002 A1=100B00 A2=F6CE0 A3=108F44 A4=10F10F2 A5=108000 A6=109058 PC=4778 -- 004778: move.b  ($1,A2), D1
D0=FFFFFFFF D1=1 D2=0 D3=FFFF D4=8402940 D5=802180A5 D6=842184A6 D7=FFFF A0=3C0002 A1=100B00 A2=F6CE0 A3=108F44 A4=10F10F2 A5=108000 A6=109058 PC=477C -- 00477C: cmpi.b  #-$1, ($69,A1)
D0=FFFFFFFF D1=1 D2=0 D3=FFFF D4=8402940 D5=802180A5 D6=842184A6 D7=FFFF A0=3C0002 A1=100B00 A2=F6CE0 A3=108F44 A4=10F10F2 A5=108000 A6=109058 PC=4782 -- 004782: beq     $47b4
D0=FFFFFFFF D1=1 D2=0 D3=FFFF D4=8402940 D5=802180A5 D6=842184A6 D7=FFFF A0=3C0002 A1=100B00 A2=F6CE0 A3=108F44 A4=10F10F2 A5=108000 A6=109058 PC=47B4 -- 0047B4: move.b  D0, ($78f,A5)
D0=FFFFFFFF D1=1 D2=0 D3=FFFF D4=8402940 D5=802180A5 D6=842184A6 D7=FFFF A0=3C0002 A1=100B00 A2=F6CE0 A3=108F44 A4=10F10F2 A5=108000 A6=109058 PC=47B8 -- 0047B8: move.b  D1, ($78e,A5)
D0=FFFFFFFF D1=1 D2=0 D3=FFFF D4=8402940 D5=802180A5 D6=842184A6 D7=FFFF A0=3C0002 A1=100B00 A2=F6CE0 A3=108F44 A4=10F10F2 A5=108000 A6=109058 PC=47BC -- 0047BC: move.w  (A7)+, D0
D0=FFFFC800 D1=1 D2=0 D3=FFFF D4=8402940 D5=802180A5 D6=842184A6 D7=FFFF A0=3C0002 A1=100B00 A2=F6CE0 A3=108F44 A4=10F10F2 A5=108000 A6=109058 PC=47BE -- 0047BE: rts
D0=FFFFC800 D1=1 D2=0 D3=FFFF D4=8402940 D5=802180A5 D6=842184A6 D7=FFFF A0=3C0002 A1=100B00 A2=F6CE0 A3=108F44 A4=10F10F2 A5=108000 A6=109058 PC=4100 -- 004100: add.b   ($78e,A5), D0
D0=FFFFC801 D1=1 D2=0 D3=FFFF D4=8402940 D5=802180A5 D6=842184A6 D7=FFFF A0=3C0002 A1=100B00 A2=F6CE0 A3=108F44 A4=10F10F2 A5=108000 A6=109058 PC=4104 -- 004104: move.w  D0, (A3)+
D0=FFFFC801 D1=1 D2=0 D3=FFFF D4=8402940 D5=802180A5 D6=842184A6 D7=FFFF A0=3C0002 A1=100B00 A2=F6CE0 A3=108F46 A4=10F10F2 A5=108000 A6=109058 PC=4106 -- 004106: moveq   #$0, D0
D0=0 D1=1 D2=0 D3=FFFF D4=8402940 D5=802180A5 D6=842184A6 D7=FFFF A0=3C0002 A1=100B00 A2=F6CE0 A3=108F46 A4=10F10F2 A5=108000 A6=109058 PC=4108 -- 004108: move.b  (A2), D0
D0=1 D1=1 D2=0 D3=FFFF D4=8402940 D5=802180A5 D6=842184A6 D7=FFFF A0=3C0002 A1=100B00 A2=F6CE0 A3=108F46 A4=10F10F2 A5=108000 A6=109058 PC=410A -- 00410A: subq.b  #2, D0
D0=FF D1=1 D2=0 D3=FFFF D4=8402940 D5=802180A5 D6=842184A6 D7=FFFF A0=3C0002 A1=100B00 A2=F6CE0 A3=108F46 A4=10F10F2 A5=108000 A6=109058 PC=410C -- 00410C: bmi     $4118
D0=FF D1=1 D2=0 D3=FFFF D4=8402940 D5=802180A5 D6=842184A6 D7=FFFF A0=3C0002 A1=100B00 A2=F6CE0 A3=108F46 A4=10F10F2 A5=108000 A6=109058 PC=4118 -- 004118: move.w  #$1, ($2,A0)
D0=FF D1=1 D2=0 D3=FFFF D4=8402940 D5=802180A5 D6=842184A6 D7=FFFF A0=3C0002 A1=100B00 A2=F6CE0 A3=108F46 A4=10F10F2 A5=108000 A6=109058 PC=411E -- 00411E: move.w  D5, (-$2,A0)
D0=FF D1=1 D2=0 D3=FFFF D4=8402940 D5=802180A5 D6=842184A6 D7=FFFF A0=3C0002 A1=100B00 A2=F6CE0 A3=108F46 A4=10F10F2 A5=108000 A6=109058 PC=4122 -- 004122: moveq   #$0, D1
D0=FF D1=0 D2=0 D3=FFFF D4=8402940 D5=802180A5 D6=842184A6 D7=FFFF A0=3C0002 A1=100B00 A2=F6CE0 A3=108F46 A4=10F10F2 A5=108000 A6=109058 PC=4124 -- 004124: move.b  ($68,A1), D0
D0=FF D1=0 D2=0 D3=FFFF D4=8402940 D5=802180A5 D6=842184A6 D7=FFFF A0=3C0002 A1=100B00 A2=F6CE0 A3=108F46 A4=10F10F2 A5=108000 A6=109058 PC=4128 -- 004128: move.b  D0, D1
D0=FF D1=FF D2=0 D3=FFFF D4=8402940 D5=802180A5 D6=842184A6 D7=FFFF A0=3C0002 A1=100B00 A2=F6CE0 A3=108F46 A4=10F10F2 A5=108000 A6=109058 PC=412A -- 00412A: andi.w  #$f, D0
D0=F D1=FF D2=0 D3=FFFF D4=8402940 D5=802180A5 D6=842184A6 D7=FFFF A0=3C0002 A1=100B00 A2=F6CE0 A3=108F46 A4=10F10F2 A5=108000 A6=109058 PC=412E -- 00412E: lsr.b   #4, D1
D0=F D1=F D2=0 D3=FFFF D4=8402940 D5=802180A5 D6=842184A6 D7=FFFF A0=3C0002 A1=100B00 A2=F6CE0 A3=108F46 A4=10F10F2 A5=108000 A6=109058 PC=4130 -- 004130: tst.b   D1
D0=F D1=F D2=0 D3=FFFF D4=8402940 D5=802180A5 D6=842184A6 D7=FFFF A0=3C0002 A1=100B00 A2=F6CE0 A3=108F46 A4=10F10F2 A5=108000 A6=109058 PC=4132 -- 004132: beq     $4164
D0=F D1=F D2=0 D3=FFFF D4=8402940 D5=802180A5 D6=842184A6 D7=FFFF A0=3C0002 A1=100B00 A2=F6CE0 A3=108F46 A4=10F10F2 A5=108000 A6=109058 PC=4134 -- 004134: lea     $4f9d2.l, A6
D0=F D1=F D2=0 D3=FFFF D4=8402940 D5=802180A5 D6=842184A6 D7=FFFF A0=3C0002 A1=100B00 A2=F6CE0 A3=108F46 A4=10F10F2 A5=108000 A6=4F9D2 PC=413A -- 00413A: lsl.w   #5, D0
D0=1E0 D1=F D2=0 D3=FFFF D4=8402940 D5=802180A5 D6=842184A6 D7=FFFF A0=3C0002 A1=100B00 A2=F6CE0 A3=108F46 A4=10F10F2 A5=108000 A6=4F9D2 PC=413C -- 00413C: adda.w  D0, A6
D0=1E0 D1=F D2=0 D3=FFFF D4=8402940 D5=802180A5 D6=842184A6 D7=FFFF A0=3C0002 A1=100B00 A2=F6CE0 A3=108F46 A4=10F10F2 A5=108000 A6=4FBB2 PC=413E -- 00413E: moveq   #$f, D0
D0=F D1=F D2=0 D3=FFFF D4=8402940 D5=802180A5 D6=842184A6 D7=FFFF A0=3C0002 A1=100B00 A2=F6CE0 A3=108F46 A4=10F10F2 A5=108000 A6=4FBB2 PC=4140 -- 004140: moveq   #$0, D2
D0=F D1=F D2=0 D3=FFFF D4=8402940 D5=802180A5 D6=842184A6 D7=FFFF A0=3C0002 A1=100B00 A2=F6CE0 A3=108F46 A4=10F10F2 A5=108000 A6=4FBB2 PC=4142 -- 004142: move.b  (A2), D2
D0=F D1=F D2=1 D3=FFFF D4=8402940 D5=802180A5 D6=842184A6 D7=FFFF A0=3C0002 A1=100B00 A2=F6CE0 A3=108F46 A4=10F10F2 A5=108000 A6=4FBB2 PC=4144 -- 004144: lsr.w   #1, D2
D0=F D1=F D2=0 D3=FFFF D4=8402940 D5=802180A5 D6=842184A6 D7=FFFF A0=3C0002 A1=100B00 A2=F6CE0 A3=108F46 A4=10F10F2 A5=108000 A6=4FBB2 PC=4146 -- 004146: sub.w   D2, D0
D0=F D1=F D2=0 D3=FFFF D4=8402940 D5=802180A5 D6=842184A6 D7=FFFF A0=3C0002 A1=100B00 A2=F6CE0 A3=108F46 A4=10F10F2 A5=108000 A6=4FBB2 PC=4148 -- 004148: adda.l  D0, A6
D0=F D1=F D2=0 D3=FFFF D4=8402940 D5=802180A5 D6=842184A6 D7=FFFF A0=3C0002 A1=100B00 A2=F6CE0 A3=108F46 A4=10F10F2 A5=108000 A6=4FBC1 PC=414A -- 00414A: move.b  (A2), D0
D0=1 D1=F D2=0 D3=FFFF D4=8402940 D5=802180A5 D6=842184A6 D7=FFFF A0=3C0002 A1=100B00 A2=F6CE0 A3=108F46 A4=10F10F2 A5=108000 A6=4FBC1 PC=414C -- 00414C: add.w   D0, D5
D0=1 D1=F D2=0 D3=FFFF D4=8402940 D5=802180A6 D6=842184A6 D7=FFFF A0=3C0002 A1=100B00 A2=F6CE0 A3=108F46 A4=10F10F2 A5=108000 A6=4FBC1 PC=414E -- 00414E: subq.b  #1, D0
D0=0 D1=F D2=0 D3=FFFF D4=8402940 D5=802180A6 D6=842184A6 D7=FFFF A0=3C0002 A1=100B00 A2=F6CE0 A3=108F46 A4=10F10F2 A5=108000 A6=4FBC1 PC=4150 -- 004150: move.b  D1, D2
D0=0 D1=F D2=F D3=FFFF D4=8402940 D5=802180A6 D6=842184A6 D7=FFFF A0=3C0002 A1=100B00 A2=F6CE0 A3=108F46 A4=10F10F2 A5=108000 A6=4FBC1 PC=4152 -- 004152: sub.b   (A6)+, D2
D0=0 D1=F D2=F D3=FFFF D4=8402940 D5=802180A6 D6=842184A6 D7=FFFF A0=3C0002 A1=100B00 A2=F6CE0 A3=108F46 A4=10F10F2 A5=108000 A6=4FBC2 PC=4154 -- 004154: lsl.w   #8, D2
D0=0 D1=F D2=F00 D3=FFFF D4=8402940 D5=802180A6 D6=842184A6 D7=FFFF A0=3C0002 A1=100B00 A2=F6CE0 A3=108F46 A4=10F10F2 A5=108000 A6=4FBC2 PC=4156 -- 004156: move.b  ($69,A1), D2
D0=0 D1=F D2=FFF D3=FFFF D4=8402940 D5=802180A6 D6=842184A6 D7=FFFF A0=3C0002 A1=100B00 A2=F6CE0 A3=108F46 A4=10F10F2 A5=108000 A6=4FBC2 PC=415A -- 00415A: move.w  D2, (A0)
D0=0 D1=F D2=FFF D3=FFFF D4=8402940 D5=802180A6 D6=842184A6 D7=FFFF A0=3C0002 A1=100B00 A2=F6CE0 A3=108F46 A4=10F10F2 A5=108000 A6=4FBC2 PC=415C -- 00415C: dbra    D0, $4150
D0=FFFF D1=F D2=FFF D3=FFFF D4=8402940 D5=802180A6 D6=842184A6 D7=FFFF A0=3C0002 A1=100B00 A2=F6CE0 A3=108F46 A4=10F10F2 A5=108000 A6=4FBC2 PC=4160 -- 004160: bra     $4178
D0=FFFF D1=F D2=FFF D3=FFFF D4=8402940 D5=802180A6 D6=842184A6 D7=FFFF A0=3C0002 A1=100B00 A2=F6CE0 A3=108F46 A4=10F10F2 A5=108000 A6=4FBC2 PC=4178 -- 004178: move.b  ($2,A2), D0
D0=FFC3 D1=F D2=FFF D3=FFFF D4=8402940 D5=802180A6 D6=842184A6 D7=FFFF A0=3C0002 A1=100B00 A2=F6CE0 A3=108F46 A4=10F10F2 A5=108000 A6=4FBC2 PC=417C -- 00417C: tst.b   ($80,A1)
D0=FFC3 D1=F D2=FFF D3=FFFF D4=8402940 D5=802180A6 D6=842184A6 D7=FFFF A0=3C0002 A1=100B00 A2=F6CE0 A3=108F46 A4=10F10F2 A5=108000 A6=4FBC2 PC=4180 -- 004180: beq     $4188
D0=FFC3 D1=F D2=FFF D3=FFFF D4=8402940 D5=802180A6 D6=842184A6 D7=FFFF A0=3C0002 A1=100B00 A2=F6CE0 A3=108F46 A4=10F10F2 A5=108000 A6=4FBC2 PC=4188 -- 004188: add.b   ($30,A1), D0
D0=FFC3 D1=F D2=FFF D3=FFFF D4=8402940 D5=802180A6 D6=842184A6 D7=FFFF A0=3C0002 A1=100B00 A2=F6CE0 A3=108F46 A4=10F10F2 A5=108000 A6=4FBC2 PC=418C -- 00418C: lsl.w   #8, D0
D0=C300 D1=F D2=FFF D3=FFFF D4=8402940 D5=802180A6 D6=842184A6 D7=FFFF A0=3C0002 A1=100B00 A2=F6CE0 A3=108F46 A4=10F10F2 A5=108000 A6=4FBC2 PC=418E -- 00418E: tst.b   ($3,A2)
D0=C300 D1=F D2=FFF D3=FFFF D4=8402940 D5=802180A6 D6=842184A6 D7=FFFF A0=3C0002 A1=100B00 A2=F6CE0 A3=108F46 A4=10F10F2 A5=108000 A6=4FBC2 PC=4192 -- 004192: beq     $4198
D0=C300 D1=F D2=FFF D3=FFFF D4=8402940 D5=802180A6 D6=842184A6 D7=FFFF A0=3C0002 A1=100B00 A2=F6CE0 A3=108F46 A4=10F10F2 A5=108000 A6=4FBC2 PC=4194 -- 004194: move.b  #$10, D0
D0=C310 D1=F D2=FFF D3=FFFF D4=8402940 D5=802180A6 D6=842184A6 D7=FFFF A0=3C0002 A1=100B00 A2=F6CE0 A3=108F46 A4=10F10F2 A5=108000 A6=4FBC2 PC=4198 -- 004198: move.w  ($4,A2), D1
D0=C310 D1=DCA6 D2=FFF D3=FFFF D4=8402940 D5=802180A6 D6=842184A6 D7=FFFF A0=3C0002 A1=100B00 A2=F6CE0 A3=108F46 A4=10F10F2 A5=108000 A6=4FBC2 PC=419C -- 00419C: moveq   #$0, D3
D0=C310 D1=DCA6 D2=FFF D3=0 D4=8402940 D5=802180A6 D6=842184A6 D7=FFFF A0=3C0002 A1=100B00 A2=F6CE0 A3=108F46 A4=10F10F2 A5=108000 A6=4FBC2 PC=419E -- 00419E: move.b  (A2), D3
D0=C310 D1=DCA6 D2=FFF D3=1 D4=8402940 D5=802180A6 D6=842184A6 D7=FFFF A0=3C0002 A1=100B00 A2=F6CE0 A3=108F46 A4=10F10F2 A5=108000 A6=4FBC2 PC=41A0 -- 0041A0: subq.b  #1, D3
D0=C310 D1=DCA6 D2=FFF D3=0 D4=8402940 D5=802180A6 D6=842184A6 D7=FFFF A0=3C0002 A1=100B00 A2=F6CE0 A3=108F46 A4=10F10F2 A5=108000 A6=4FBC2 PC=41A2 -- 0041A2: move.w  ($790,A5), D7
D0=C310 D1=DCA6 D2=FFF D3=0 D4=8402940 D5=802180A6 D6=842184A6 D7=0 A0=3C0002 A1=100B00 A2=F6CE0 A3=108F46 A4=10F10F2 A5=108000 A6=4FBC2 PC=41A6 -- 0041A6: add.w   D7, D7
D0=C310 D1=DCA6 D2=FFF D3=0 D4=8402940 D5=802180A6 D6=842184A6 D7=0 A0=3C0002 A1=100B00 A2=F6CE0 A3=108F46 A4=10F10F2 A5=108000 A6=4FBC2 PC=41A8 -- 0041A8: add.w   D7, D7
D0=C310 D1=DCA6 D2=FFF D3=0 D4=8402940 D5=802180A6 D6=842184A6 D7=0 A0=3C0002 A1=100B00 A2=F6CE0 A3=108F46 A4=10F10F2 A5=108000 A6=4FBC2 PC=41AA -- 0041AA: movea.l ($4,PC,D7.w), A6
D0=C310 D1=DCA6 D2=FFF D3=0 D4=8402940 D5=802180A6 D6=842184A6 D7=0 A0=3C0002 A1=100B00 A2=F6CE0 A3=108F46 A4=10F10F2 A5=108000 A6=428C PC=41AE -- 0041AE: jmp     (A6)
D0=C310 D1=DCA6 D2=FFF D3=0 D4=8402940 D5=802180A6 D6=842184A6 D7=0 A0=3C0002 A1=100B00 A2=F6CE0 A3=108F46 A4=10F10F2 A5=108000 A6=428C PC=428C -- 00428C: lea     ($6,A2), A6
D0=C310 D1=DCA6 D2=FFF D3=0 D4=8402940 D5=802180A6 D6=842184A6 D7=0 A0=3C0002 A1=100B00 A2=F6CE0 A3=108F46 A4=10F10F2 A5=108000 A6=F6CE6 PC=4290 -- 004290: move.w  #$1, ($2,A0)
D0=C310 D1=DCA6 D2=FFF D3=0 D4=8402940 D5=802180A6 D6=842184A6 D7=0 A0=3C0002 A1=100B00 A2=F6CE0 A3=108F46 A4=10F10F2 A5=108000 A6=F6CE6 PC=4296 -- 004296: moveq   #$0, D7
D0=C310 D1=DCA6 D2=FFF D3=0 D4=8402940 D5=802180A6 D6=842184A6 D7=0 A0=3C0002 A1=100B00 A2=F6CE0 A3=108F46 A4=10F10F2 A5=108000 A6=F6CE6 PC=4298 -- 004298: move.b  ($1,A2), D7
D0=C310 D1=DCA6 D2=FFF D3=0 D4=8402940 D5=802180A6 D6=842184A6 D7=1 A0=3C0002 A1=100B00 A2=F6CE0 A3=108F46 A4=10F10F2 A5=108000 A6=F6CE6 PC=429C -- 00429C: subq.b  #1, D7
D0=C310 D1=DCA6 D2=FFF D3=0 D4=8402940 D5=802180A6 D6=842184A6 D7=0 A0=3C0002 A1=100B00 A2=F6CE0 A3=108F46 A4=10F10F2 A5=108000 A6=F6CE6 PC=429E -- 00429E: move.w  (A6)+, D2
D0=C310 D1=DCA6 D2=8000 D3=0 D4=8402940 D5=802180A6 D6=842184A6 D7=0 A0=3C0002 A1=100B00 A2=F6CE0 A3=108F46 A4=10F10F2 A5=108000 A6=F6CE8 PC=42A0 -- 0042A0: move.w  D4, (-$2,A0)
D0=C310 D1=DCA6 D2=8000 D3=0 D4=8402940 D5=802180A6 D6=842184A6 D7=0 A0=3C0002 A1=100B00 A2=F6CE0 A3=108F46 A4=10F10F2 A5=108000 A6=F6CE8 PC=42A4 -- 0042A4: add.w   D2, D2
D0=C310 D1=DCA6 D2=0 D3=0 D4=8402940 D5=802180A6 D6=842184A6 D7=0 A0=3C0002 A1=100B00 A2=F6CE0 A3=108F46 A4=10F10F2 A5=108000 A6=F6CE8 PC=42A6 -- 0042A6: bcc     $42b8
D0=C310 D1=DCA6 D2=0 D3=0 D4=8402940 D5=802180A6 D6=842184A6 D7=0 A0=3C0002 A1=100B00 A2=F6CE0 A3=108F46 A4=10F10F2 A5=108000 A6=F6CE8 PC=42A8 -- 0042A8: move.w  D1, (A0)
D0=C310 D1=DCA6 D2=0 D3=0 D4=8402940 D5=802180A6 D6=842184A6 D7=0 A0=3C0002 A1=100B00 A2=F6CE0 A3=108F46 A4=10F10F2 A5=108000 A6=F6CE8 PC=42AA -- 0042AA: nop
D0=C310 D1=DCA6 D2=0 D3=0 D4=8402940 D5=802180A6 D6=842184A6 D7=0 A0=3C0002 A1=100B00 A2=F6CE0 A3=108F46 A4=10F10F2 A5=108000 A6=F6CE8 PC=42AC -- 0042AC: move.w  D0, (A0)
D0=C310 D1=DCA6 D2=0 D3=0 D4=8402940 D5=802180A6 D6=842184A6 D7=0 A0=3C0002 A1=100B00 A2=F6CE0 A3=108F46 A4=10F10F2 A5=108000 A6=F6CE8 PC=42AE -- 0042AE: addq.w  #1, D1
D0=C310 D1=DCA7 D2=0 D3=0 D4=8402940 D5=802180A6 D6=842184A6 D7=0 A0=3C0002 A1=100B00 A2=F6CE0 A3=108F46 A4=10F10F2 A5=108000 A6=F6CE8 PC=42B0 -- 0042B0: bcc     $42c0
D0=C310 D1=DCA7 D2=0 D3=0 D4=8402940 D5=802180A6 D6=842184A6 D7=0 A0=3C0002 A1=100B00 A2=F6CE0 A3=108F46 A4=10F10F2 A5=108000 A6=F6CE8 PC=42C0 -- 0042C0: dbra    D7, $42a4
D0=C310 D1=DCA7 D2=0 D3=0 D4=8402940 D5=802180A6 D6=842184A6 D7=FFFF A0=3C0002 A1=100B00 A2=F6CE0 A3=108F46 A4=10F10F2 A5=108000 A6=F6CE8 PC=42C4 -- 0042C4: bsr     $47c0
D0=C310 D1=DCA7 D2=0 D3=0 D4=8402940 D5=802180A6 D6=842184A6 D7=FFFF A0=3C0002 A1=100B00 A2=F6CE0 A3=108F46 A4=10F10F2 A5=108000 A6=F6CE8 PC=47C0 -- 0047C0: tst.b   ($78f,A5)
D0=C310 D1=DCA7 D2=0 D3=0 D4=8402940 D5=802180A6 D6=842184A6 D7=FFFF A0=3C0002 A1=100B00 A2=F6CE0 A3=108F46 A4=10F10F2 A5=108000 A6=F6CE8 PC=47C4 -- 0047C4: bpl     $47c8
D0=C310 D1=DCA7 D2=0 D3=0 D4=8402940 D5=802180A6 D6=842184A6 D7=FFFF A0=3C0002 A1=100B00 A2=F6CE0 A3=108F46 A4=10F10F2 A5=108000 A6=F6CE8 PC=47C6 -- 0047C6: rts
D0=C310 D1=DCA7 D2=0 D3=0 D4=8402940 D5=802180A6 D6=842184A6 D7=FFFF A0=3C0002 A1=100B00 A2=F6CE0 A3=108F46 A4=10F10F2 A5=108000 A6=F6CE8 PC=42C8 -- 0042C8: addi.w  #$40, D4
D0=C310 D1=DCA7 D2=0 D3=0 D4=8402980 D5=802180A6 D6=842184A6 D7=FFFF A0=3C0002 A1=100B00 A2=F6CE0 A3=108F46 A4=10F10F2 A5=108000 A6=F6CE8 PC=42CC -- 0042CC: dbra    D3, $4296
D0=C310 D1=DCA7 D2=0 D3=FFFF D4=8402980 D5=802180A6 D6=842184A6 D7=FFFF A0=3C0002 A1=100B00 A2=F6CE0 A3=108F46 A4=10F10F2 A5=108000 A6=F6CE8 PC=42D0 -- 0042D0: rts
D0=C310 D1=DCA7 D2=0 D3=FFFF D4=8402980 D5=802180A6 D6=842184A6 D7=FFFF A0=3C0002 A1=100B00 A2=F6CE0 A3=108F46 A4=10F10F2 A5=108000 A6=F6CE8 PC=4016 -- 004016: bra     $401c
D0=C310 D1=DCA7 D2=0 D3=FFFF D4=8402980 D5=802180A6 D6=842184A6 D7=FFFF A0=3C0002 A1=100B00 A2=F6CE0 A3=108F46 A4=10F10F2 A5=108000 A6=F6CE8 PC=401C -- 00401C: movea.l (A7)+, A6
D0=C310 D1=DCA7 D2=0 D3=FFFF D4=8402980 D5=802180A6 D6=842184A6 D7=FFFF A0=3C0002 A1=100B00 A2=F6CE0 A3=108F46 A4=10F10F2 A5=108000 A6=108E3C PC=401E -- 00401E: btst    #$5, ($4,A4)
D0=C310 D1=DCA7 D2=0 D3=FFFF D4=8402980 D5=802180A6 D6=842184A6 D7=FFFF A0=3C0002 A1=100B00 A2=F6CE0 A3=108F46 A4=10F10F2 A5=108000 A6=108E3C PC=4024 -- 004024: beq     $4056
D0=C310 D1=DCA7 D2=0 D3=FFFF D4=8402980 D5=802180A6 D6=842184A6 D7=FFFF A0=3C0002 A1=100B00 A2=F6CE0 A3=108F46 A4=10F10F2 A5=108000 A6=108E3C PC=4056 -- 004056: tst.b   ($7c,A1)
D0=C310 D1=DCA7 D2=0 D3=FFFF D4=8402980 D5=802180A6 D6=842184A6 D7=FFFF A0=3C0002 A1=100B00 A2=F6CE0 A3=108F46 A4=10F10F2 A5=108000 A6=108E3C PC=405A -- 00405A: bpl     $4064
D0=C310 D1=DCA7 D2=0 D3=FFFF D4=8402980 D5=802180A6 D6=842184A6 D7=FFFF A0=3C0002 A1=100B00 A2=F6CE0 A3=108F46 A4=10F10F2 A5=108000 A6=108E3C PC=4064 -- 004064: movea.l (A7)+, A0
D0=C310 D1=DCA7 D2=0 D3=FFFF D4=8402980 D5=802180A6 D6=842184A6 D7=FFFF A0=10890A A1=100B00 A2=F6CE0 A3=108F46 A4=10F10F2 A5=108000 A6=108E3C PC=4066 -- 004066: subq.w  #1, ($e3a,A5)
D0=C310 D1=DCA7 D2=0 D3=FFFF D4=8402980 D5=802180A6 D6=842184A6 D7=FFFF A0=10890A A1=100B00 A2=F6CE0 A3=108F46 A4=10F10F2 A5=108000 A6=108E3C PC=406A -- 00406A: bne     $3f32
D0=C310 D1=DCA7 D2=0 D3=FFFF D4=8402980 D5=802180A6 D6=842184A6 D7=FFFF A0=10890A A1=100B00 A2=F6CE0 A3=108F46 A4=10F10F2 A5=108000 A6=108E3C PC=3F32 -- 003F32: move.w  (A0)+, D0
D0=900 D1=DCA7 D2=0 D3=FFFF D4=8402980 D5=802180A6 D6=842184A6 D7=FFFF A0=10890C A1=100B00 A2=F6CE0 A3=108F46 A4=10F10F2 A5=108000 A6=108E3C PC=3F34 -- 003F34: beq     $3f32
D0=900 D1=DCA7 D2=0 D3=FFFF D4=8402980 D5=802180A6 D6=842184A6 D7=FFFF A0=10890C A1=100B00 A2=F6CE0 A3=108F46 A4=10F10F2 A5=108000 A6=108E3C PC=3F36 -- 003F36: clr.w   (-$2,A0)
D0=900 D1=DCA7 D2=0 D3=FFFF D4=8402980 D5=802180A6 D6=842184A6 D7=FFFF A0=10890C A1=100B00 A2=F6CE0 A3=108F46 A4=10F10F2 A5=108000 A6=108E3C PC=3F3A -- 003F3A: move.l  A5, D1
D0=900 D1=108000 D2=0 D3=FFFF D4=8402980 D5=802180A6 D6=842184A6 D7=FFFF A0=10890C A1=100B00 A2=F6CE0 A3=108F46 A4=10F10F2 A5=108000 A6=108E3C PC=3F3C -- 003F3C: move.w  D0, D1
D0=900 D1=100900 D2=0 D3=FFFF D4=8402980 D5=802180A6 D6=842184A6 D7=FFFF A0=10890C A1=100B00 A2=F6CE0 A3=108F46 A4=10F10F2 A5=108000 A6=108E3C PC=3F3E -- 003F3E: movea.l D1, A1
D0=900 D1=100900 D2=0 D3=FFFF D4=8402980 D5=802180A6 D6=842184A6 D7=FFFF A0=10890C A1=100900 A2=F6CE0 A3=108F46 A4=10F10F2 A5=108000 A6=108E3C PC=3F40 -- 003F40: movea.l ($28,A1), A2
D0=900 D1=100900 D2=0 D3=FFFF D4=8402980 D5=802180A6 D6=842184A6 D7=FFFF A0=10890C A1=100900 A2=F6CE8 A3=108F46 A4=10F10F2 A5=108000 A6=108E3C PC=3F44 -- 003F44: lea     $7bf48.l, A4
D0=900 D1=100900 D2=0 D3=FFFF D4=8402980 D5=802180A6 D6=842184A6 D7=FFFF A0=10890C A1=100900 A2=F6CE8 A3=108F46 A4=7BF48 A5=108000 A6=108E3C PC=3F4A -- 003F4A: move.w  ($70,A1), D0
D0=1B D1=100900 D2=0 D3=FFFF D4=8402980 D5=802180A6 D6=842184A6 D7=FFFF A0=10890C A1=100900 A2=F6CE8 A3=108F46 A4=7BF48 A5=108000 A6=108E3C PC=3F4E -- 003F4E: add.w   D0, D0
D0=36 D1=100900 D2=0 D3=FFFF D4=8402980 D5=802180A6 D6=842184A6 D7=FFFF A0=10890C A1=100900 A2=F6CE8 A3=108F46 A4=7BF48 A5=108000 A6=108E3C PC=3F50 -- 003F50: add.w   D0, D0
D0=6C D1=100900 D2=0 D3=FFFF D4=8402980 D5=802180A6 D6=842184A6 D7=FFFF A0=10890C A1=100900 A2=F6CE8 A3=108F46 A4=7BF48 A5=108000 A6=108E3C PC=3F52 -- 003F52: movea.l (A4,D0.w), A4
D0=6C D1=100900 D2=0 D3=FFFF D4=8402980 D5=802180A6 D6=842184A6 D7=FFFF A0=10890C A1=100900 A2=F6CE8 A3=108F46 A4=7F5E0 A5=108000 A6=108E3C PC=3F56 -- 003F56: move.w  ($72,A1), D0
D0=36 D1=100900 D2=0 D3=FFFF D4=8402980 D5=802180A6 D6=842184A6 D7=FFFF A0=10890C A1=100900 A2=F6CE8 A3=108F46 A4=7F5E0 A5=108000 A6=108E3C PC=3F5A -- 003F5A: add.w   D0, D0
D0=6C D1=100900 D2=0 D3=FFFF D4=8402980 D5=802180A6 D6=842184A6 D7=FFFF A0=10890C A1=100900 A2=F6CE8 A3=108F46 A4=7F5E0 A5=108000 A6=108E3C PC=3F5C -- 003F5C: move.w  (A4,D0.w), ($46de,A5)
D0=6C D1=100900 D2=0 D3=FFFF D4=8402980 D5=802180A6 D6=842184A6 D7=FFFF A0=10890C A1=100900 A2=F6CE8 A3=108F46 A4=7F5E0 A5=108000 A6=108E3C PC=3F62 -- 003F62: lea     $80000.l, A4
D0=6C D1=100900 D2=0 D3=FFFF D4=8402980 D5=802180A6 D6=842184A6 D7=FFFF A0=10890C A1=100900 A2=F6CE8 A3=108F46 A4=80000 A5=108000 A6=108E3C PC=3F68 -- 003F68: move.w  ($70,A1), D0
D0=1B D1=100900 D2=0 D3=FFFF D4=8402980 D5=802180A6 D6=842184A6 D7=FFFF A0=10890C A1=100900 A2=F6CE8 A3=108F46 A4=80000 A5=108000 A6=108E3C PC=3F6C -- 003F6C: add.w   D0, D0
D0=36 D1=100900 D2=0 D3=FFFF D4=8402980 D5=802180A6 D6=842184A6 D7=FFFF A0=10890C A1=100900 A2=F6CE8 A3=108F46 A4=80000 A5=108000 A6=108E3C PC=3F6E -- 003F6E: add.w   D0, D0
D0=6C D1=100900 D2=0 D3=FFFF D4=8402980 D5=802180A6 D6=842184A6 D7=FFFF A0=10890C A1=100900 A2=F6CE8 A3=108F46 A4=80000 A5=108000 A6=108E3C PC=3F70 -- 003F70: movea.l (A4,D0.w), A4
D0=6C D1=100900 D2=0 D3=FFFF D4=8402980 D5=802180A6 D6=842184A6 D7=FFFF A0=10890C A1=100900 A2=F6CE8 A3=108F46 A4=86E00 A5=108000 A6=108E3C PC=3F74 -- 003F74: move.w  ($46de,A5), D0
D0=3636 D1=100900 D2=0 D3=FFFF D4=8402980 D5=802180A6 D6=842184A6 D7=FFFF A0=10890C A1=100900 A2=F6CE8 A3=108F46 A4=86E00 A5=108000 A6=108E3C PC=3F78 -- 003F78: tst.b   ($46e2,A5)
D0=3636 D1=100900 D2=0 D3=FFFF D4=8402980 D5=802180A6 D6=842184A6 D7=FFFF A0=10890C A1=100900 A2=F6CE8 A3=108F46 A4=86E00 A5=108000 A6=108E3C PC=3F7C -- 003F7C: beq     $3f82
D0=3636 D1=100900 D2=0 D3=FFFF D4=8402980 D5=802180A6 D6=842184A6 D7=FFFF A0=10890C A1=100900 A2=F6CE8 A3=108F46 A4=86E00 A5=108000 A6=108E3C PC=3F82 -- 003F82: andi.w  #$ff, D0
D0=36 D1=100900 D2=0 D3=FFFF D4=8402980 D5=802180A6 D6=842184A6 D7=FFFF A0=10890C A1=100900 A2=F6CE8 A3=108F46 A4=86E00 A5=108000 A6=108E3C PC=3F86 -- 003F86: add.w   D0, D0
D0=6C D1=100900 D2=0 D3=FFFF D4=8402980 D5=802180A6 D6=842184A6 D7=FFFF A0=10890C A1=100900 A2=F6CE8 A3=108F46 A4=86E00 A5=108000 A6=108E3C PC=3F88 -- 003F88: add.w   D0, D0
D0=D8 D1=100900 D2=0 D3=FFFF D4=8402980 D5=802180A6 D6=842184A6 D7=FFFF A0=10890C A1=100900 A2=F6CE8 A3=108F46 A4=86E00 A5=108000 A6=108E3C PC=3F8A -- 003F8A: movea.l (A4,D0.w), A4
D0=D8 D1=100900 D2=0 D3=FFFF D4=8402980 D5=802180A6 D6=842184A6 D7=FFFF A0=10890C A1=100900 A2=F6CE8 A3=108F46 A4=F3102 A5=108000 A6=108E3C PC=3F8E -- 003F8E: move.w  ($74,A1), D0
D0=0 D1=100900 D2=0 D3=FFFF D4=8402980 D5=802180A6 D6=842184A6 D7=FFFF A0=10890C A1=100900 A2=F6CE8 A3=108F46 A4=F3102 A5=108000 A6=108E3C PC=3F92 -- 003F92: adda.w  D0, A4
D0=0 D1=100900 D2=0 D3=FFFF D4=8402980 D5=802180A6 D6=842184A6 D7=FFFF A0=10890C A1=100900 A2=F6CE8 A3=108F46 A4=F3102 A5=108000 A6=108E3C PC=3F94 -- 003F94: move.l  (A4), D0
D0=10F10F8 D1=100900 D2=0 D3=FFFF D4=8402980 D5=802180A6 D6=842184A6 D7=FFFF A0=10890C A1=100900 A2=F6CE8 A3=108F46 A4=F3102 A5=108000 A6=108E3C PC=3F96 -- 003F96: movea.l D0, A4
D0=10F10F8 D1=100900 D2=0 D3=FFFF D4=8402980 D5=802180A6 D6=842184A6 D7=FFFF A0=10890C A1=100900 A2=F6CE8 A3=108F46 A4=10F10F8 A5=108000 A6=108E3C PC=3F98 -- 003F98: move.l  A0, -(A7)
D0=10F10F8 D1=100900 D2=0 D3=FFFF D4=8402980 D5=802180A6 D6=842184A6 D7=FFFF A0=10890C A1=100900 A2=F6CE8 A3=108F46 A4=10F10F8 A5=108000 A6=108E3C PC=3F9A -- 003F9A: lea     $3c0002.l, A0
D0=10F10F8 D1=100900 D2=0 D3=FFFF D4=8402980 D5=802180A6 D6=842184A6 D7=FFFF A0=3C0002 A1=100900 A2=F6CE8 A3=108F46 A4=10F10F8 A5=108000 A6=108E3C PC=3FA0 -- 003FA0: tst.b   ($7c,A1)
D0=10F10F8 D1=100900 D2=0 D3=FFFF D4=8402980 D5=802180A6 D6=842184A6 D7=FFFF A0=3C0002 A1=100900 A2=F6CE8 A3=108F46 A4=10F10F8 A5=108000 A6=108E3C PC=3FA4 -- 003FA4: bpl     $3fc0
D0=10F10F8 D1=100900 D2=0 D3=FFFF D4=8402980 D5=802180A6 D6=842184A6 D7=FFFF A0=3C0002 A1=100900 A2=F6CE8 A3=108F46 A4=10F10F8 A5=108000 A6=108E3C PC=3FC0 -- 003FC0: moveq   #$0, D0
D0=0 D1=100900 D2=0 D3=FFFF D4=8402980 D5=802180A6 D6=842184A6 D7=FFFF A0=3C0002 A1=100900 A2=F6CE8 A3=108F46 A4=10F10F8 A5=108000 A6=108E3C PC=3FC2 -- 003FC2: move.b  (A2), D0
D0=1 D1=100900 D2=0 D3=FFFF D4=8402980 D5=802180A6 D6=842184A6 D7=FFFF A0=3C0002 A1=100900 A2=F6CE8 A3=108F46 A4=10F10F8 A5=108000 A6=108E3C PC=3FC4 -- 003FC4: sub.w   D0, ($794,A5)
D0=1 D1=100900 D2=0 D3=FFFF D4=8402980 D5=802180A6 D6=842184A6 D7=FFFF A0=3C0002 A1=100900 A2=F6CE8 A3=108F46 A4=10F10F8 A5=108000 A6=108E3C PC=3FC8 -- 003FC8: bcc     $3fd2
D0=1 D1=100900 D2=0 D3=FFFF D4=8402980 D5=802180A6 D6=842184A6 D7=FFFF A0=3C0002 A1=100900 A2=F6CE8 A3=108F46 A4=10F10F8 A5=108000 A6=108E3C PC=3FD2 -- 003FD2: move.l  A6, -(A7)
D0=1 D1=100900 D2=0 D3=FFFF D4=8402980 D5=802180A6 D6=842184A6 D7=FFFF A0=3C0002 A1=100900 A2=F6CE8 A3=108F46 A4=10F10F8 A5=108000 A6=108E3C PC=3FD4 -- 003FD4: btst    #$6, ($7c,A1)
D0=1 D1=100900 D2=0 D3=FFFF D4=8402980 D5=802180A6 D6=842184A6 D7=FFFF A0=3C0002 A1=100900 A2=F6CE8 A3=108F46 A4=10F10F8 A5=108000 A6=108E3C PC=3FDA -- 003FDA: bne     $400c
D0=1 D1=100900 D2=0 D3=FFFF D4=8402980 D5=802180A6 D6=842184A6 D7=FFFF A0=3C0002 A1=100900 A2=F6CE8 A3=108F46 A4=10F10F8 A5=108000 A6=108E3C PC=3FDE -- 003FDE: moveq   #$0, D1
D0=1 D1=0 D2=0 D3=FFFF D4=8402980 D5=802180A6 D6=842184A6 D7=FFFF A0=3C0002 A1=100900 A2=F6CE8 A3=108F46 A4=10F10F8 A5=108000 A6=108E3C PC=3FE0 -- 003FE0: move.b  ($82,A1), D1
D0=1 D1=0 D2=0 D3=FFFF D4=8402980 D5=802180A6 D6=842184A6 D7=FFFF A0=3C0002 A1=100900 A2=F6CE8 A3=108F46 A4=10F10F8 A5=108000 A6=108E3C PC=3FE4 -- 003FE4: add.w   D1, D1
D0=1 D1=0 D2=0 D3=FFFF D4=8402980 D5=802180A6 D6=842184A6 D7=FFFF A0=3C0002 A1=100900 A2=F6CE8 A3=108F46 A4=10F10F8 A5=108000 A6=108E3C PC=3FE6 -- 003FE6: add.w   D1, D1
D0=1 D1=0 D2=0 D3=FFFF D4=8402980 D5=802180A6 D6=842184A6 D7=FFFF A0=3C0002 A1=100900 A2=F6CE8 A3=108F46 A4=10F10F8 A5=108000 A6=108E3C PC=3FE8 -- 003FE8: move.w  ($18,A1), D0
D0=F0 D1=0 D2=0 D3=FFFF D4=8402980 D5=802180A6 D6=842184A6 D7=FFFF A0=3C0002 A1=100900 A2=F6CE8 A3=108F46 A4=10F10F8 A5=108000 A6=108E3C PC=3FEC -- 003FEC: lea     ($104c,A5), A6
D0=F0 D1=0 D2=0 D3=FFFF D4=8402980 D5=802180A6 D6=842184A6 D7=FFFF A0=3C0002 A1=100900 A2=F6CE8 A3=108F46 A4=10F10F8 A5=108000 A6=10904C PC=3FF0 -- 003FF0: sub.w   (A6,D1.w), D0
D0=F0 D1=0 D2=0 D3=FFFF D4=8402980 D5=802180A6 D6=842184A6 D7=FFFF A0=3C0002 A1=100900 A2=F6CE8 A3=108F46 A4=10F10F8 A5=108000 A6=10904C PC=3FF4 -- 003FF4: move.w  D0, ($24,A1)
D0=F0 D1=0 D2=0 D3=FFFF D4=8402980 D5=802180A6 D6=842184A6 D7=FFFF A0=3C0002 A1=100900 A2=F6CE8 A3=108F46 A4=10F10F8 A5=108000 A6=10904C PC=3FF8 -- 003FF8: move.w  ($1c,A1), D0
D0=68 D1=0 D2=0 D3=FFFF D4=8402980 D5=802180A6 D6=842184A6 D7=FFFF A0=3C0002 A1=100900 A2=F6CE8 A3=108F46 A4=10F10F8 A5=108000 A6=10904C PC=3FFC -- 003FFC: sub.w   ($20,A1), D0
D0=68 D1=0 D2=0 D3=FFFF D4=8402980 D5=802180A6 D6=842184A6 D7=FFFF A0=3C0002 A1=100900 A2=F6CE8 A3=108F46 A4=10F10F8 A5=108000 A6=10904C PC=4000 -- 004000: lea     ($1058,A5), A6
D0=68 D1=0 D2=0 D3=FFFF D4=8402980 D5=802180A6 D6=842184A6 D7=FFFF A0=3C0002 A1=100900 A2=F6CE8 A3=108F46 A4=10F10F8 A5=108000 A6=109058 PC=4004 -- 004004: sub.w   (A6,D1.w), D0
D0=68 D1=0 D2=0 D3=FFFF D4=8402980 D5=802180A6 D6=842184A6 D7=FFFF A0=3C0002 A1=100900 A2=F6CE8 A3=108F46 A4=10F10F8 A5=108000 A6=109058 PC=4008 -- 004008: move.w  D0, ($26,A1)
D0=68 D1=0 D2=0 D3=FFFF D4=8402980 D5=802180A6 D6=842184A6 D7=FFFF A0=3C0002 A1=100900 A2=F6CE8 A3=108F46 A4=10F10F8 A5=108000 A6=109058 PC=400C -- 00400C: tst.b   ($3a66,A5)
D0=68 D1=0 D2=0 D3=FFFF D4=8402980 D5=802180A6 D6=842184A6 D7=FFFF A0=3C0002 A1=100900 A2=F6CE8 A3=108F46 A4=10F10F8 A5=108000 A6=109058 PC=4010 -- 004010: bmi     $4018
D0=68 D1=0 D2=0 D3=FFFF D4=8402980 D5=802180A6 D6=842184A6 D7=FFFF A0=3C0002 A1=100900 A2=F6CE8 A3=108F46 A4=10F10F8 A5=108000 A6=109058 PC=4012 -- 004012: bsr     $4088
D0=68 D1=0 D2=0 D3=FFFF D4=8402980 D5=802180A6 D6=842184A6 D7=FFFF A0=3C0002 A1=100900 A2=F6CE8 A3=108F46 A4=10F10F8 A5=108000 A6=109058 PC=4088 -- 004088: move.w  (A4), D0
D0=0 D1=0 D2=0 D3=FFFF D4=8402980 D5=802180A6 D6=842184A6 D7=FFFF A0=3C0002 A1=100900 A2=F6CE8 A3=108F46 A4=10F10F8 A5=108000 A6=109058 PC=408A -- 00408A: move.b  ($31,A1), D1
D0=0 D1=0 D2=0 D3=FFFF D4=8402980 D5=802180A6 D6=842184A6 D7=FFFF A0=3C0002 A1=100900 A2=F6CE8 A3=108F46 A4=10F10F8 A5=108000 A6=109058 PC=408E -- 00408E: move.b  ($4,A4), D2
D0=0 D1=0 D2=0 D3=FFFF D4=8402980 D5=802180A6 D6=842184A6 D7=FFFF A0=3C0002 A1=100900 A2=F6CE8 A3=108F46 A4=10F10F8 A5=108000 A6=109058 PC=4092 -- 004092: rol.b   #2, D2
D0=0 D1=0 D2=0 D3=FFFF D4=8402980 D5=802180A6 D6=842184A6 D7=FFFF A0=3C0002 A1=100900 A2=F6CE8 A3=108F46 A4=10F10F8 A5=108000 A6=109058 PC=4094 -- 004094: eor.w   D2, D1
D0=0 D1=0 D2=0 D3=FFFF D4=8402980 D5=802180A6 D6=842184A6 D7=FFFF A0=3C0002 A1=100900 A2=F6CE8 A3=108F46 A4=10F10F8 A5=108000 A6=109058 PC=4096 -- 004096: andi.w  #$3, D1
D0=0 D1=0 D2=0 D3=FFFF D4=8402980 D5=802180A6 D6=842184A6 D7=FFFF A0=3C0002 A1=100900 A2=F6CE8 A3=108F46 A4=10F10F8 A5=108000 A6=109058 PC=409A -- 00409A: move.w  D1, ($790,A5)
D0=0 D1=0 D2=0 D3=FFFF D4=8402980 D5=802180A6 D6=842184A6 D7=FFFF A0=3C0002 A1=100900 A2=F6CE8 A3=108F46 A4=10F10F8 A5=108000 A6=109058 PC=409E -- 00409E: andi.w  #$1, D1
D0=0 D1=0 D2=0 D3=FFFF D4=8402980 D5=802180A6 D6=842184A6 D7=FFFF A0=3C0002 A1=100900 A2=F6CE8 A3=108F46 A4=10F10F8 A5=108000 A6=109058 PC=40A2 -- 0040A2: beq     $40ae
D0=0 D1=0 D2=0 D3=FFFF D4=8402980 D5=802180A6 D6=842184A6 D7=FFFF A0=3C0002 A1=100900 A2=F6CE8 A3=108F46 A4=10F10F8 A5=108000 A6=109058 PC=40AE -- 0040AE: moveq   #$0, D1
D0=0 D1=0 D2=0 D3=FFFF D4=8402980 D5=802180A6 D6=842184A6 D7=FFFF A0=3C0002 A1=100900 A2=F6CE8 A3=108F46 A4=10F10F8 A5=108000 A6=109058 PC=40B0 -- 0040B0: move.b  ($68,A1), D1
D0=0 D1=FF D2=0 D3=FFFF D4=8402980 D5=802180A6 D6=842184A6 D7=FFFF A0=3C0002 A1=100900 A2=F6CE8 A3=108F46 A4=10F10F8 A5=108000 A6=109058 PC=40B4 -- 0040B4: addq.w  #1, D1
D0=0 D1=100 D2=0 D3=FFFF D4=8402980 D5=802180A6 D6=842184A6 D7=FFFF A0=3C0002 A1=100900 A2=F6CE8 A3=108F46 A4=10F10F8 A5=108000 A6=109058 PC=40B6 -- 0040B6: muls.w  D1, D0
D0=0 D1=100 D2=0 D3=FFFF D4=8402980 D5=802180A6 D6=842184A6 D7=FFFF A0=3C0002 A1=100900 A2=F6CE8 A3=108F46 A4=10F10F8 A5=108000 A6=109058 PC=40B8 -- 0040B8: lsr.l   #8, D0
D0=0 D1=100 D2=0 D3=FFFF D4=8402980 D5=802180A6 D6=842184A6 D7=FFFF A0=3C0002 A1=100900 A2=F6CE8 A3=108F46 A4=10F10F8 A5=108000 A6=109058 PC=40BA -- 0040BA: add.w   ($24,A1), D0
D0=F0 D1=100 D2=0 D3=FFFF D4=8402980 D5=802180A6 D6=842184A6 D7=FFFF A0=3C0002 A1=100900 A2=F6CE8 A3=108F46 A4=10F10F8 A5=108000 A6=109058 PC=40BE -- 0040BE: lsl.w   #7, D0
D0=7800 D1=100 D2=0 D3=FFFF D4=8402980 D5=802180A6 D6=842184A6 D7=FFFF A0=3C0002 A1=100900 A2=F6CE8 A3=108F46 A4=10F10F8 A5=108000 A6=109058 PC=40C0 -- 0040C0: move.w  D6, (-$2,A0)
D0=7800 D1=100 D2=0 D3=FFFF D4=8402980 D5=802180A6 D6=842184A6 D7=FFFF A0=3C0002 A1=100900 A2=F6CE8 A3=108F46 A4=10F10F8 A5=108000 A6=109058 PC=40C4 -- 0040C4: move.w  D0, (A0)
D0=7800 D1=100 D2=0 D3=FFFF D4=8402980 D5=802180A6 D6=842184A6 D7=FFFF A0=3C0002 A1=100900 A2=F6CE8 A3=108F46 A4=10F10F8 A5=108000 A6=109058 PC=40C6 -- 0040C6: moveq   #$0, D0
D0=0 D1=100 D2=0 D3=FFFF D4=8402980 D5=802180A6 D6=842184A6 D7=FFFF A0=3C0002 A1=100900 A2=F6CE8 A3=108F46 A4=10F10F8 A5=108000 A6=109058 PC=40C8 -- 0040C8: move.b  (A2), D0
D0=1 D1=100 D2=0 D3=FFFF D4=8402980 D5=802180A6 D6=842184A6 D7=FFFF A0=3C0002 A1=100900 A2=F6CE8 A3=108F46 A4=10F10F8 A5=108000 A6=109058 PC=40CA -- 0040CA: add.w   D0, D6
D0=1 D1=100 D2=0 D3=FFFF D4=8402980 D5=802180A6 D6=842184A7 D7=FFFF A0=3C0002 A1=100900 A2=F6CE8 A3=108F46 A4=10F10F8 A5=108000 A6=109058 PC=40CC -- 0040CC: move.w  ($2,A4), D0
D0=FFFF D1=100 D2=0 D3=FFFF D4=8402980 D5=802180A6 D6=842184A7 D7=FFFF A0=3C0002 A1=100900 A2=F6CE8 A3=108F46 A4=10F10F8 A5=108000 A6=109058 PC=40D0 -- 0040D0: btst    #$1, ($791,A5)
D0=FFFF D1=100 D2=0 D3=FFFF D4=8402980 D5=802180A6 D6=842184A7 D7=FFFF A0=3C0002 A1=100900 A2=F6CE8 A3=108F46 A4=10F10F8 A5=108000 A6=109058 PC=40D6 -- 0040D6: beq     $40e4
D0=FFFF D1=100 D2=0 D3=FFFF D4=8402980 D5=802180A6 D6=842184A7 D7=FFFF A0=3C0002 A1=100900 A2=F6CE8 A3=108F46 A4=10F10F8 A5=108000 A6=109058 PC=40E4 -- 0040E4: moveq   #$0, D1
D0=FFFF D1=0 D2=0 D3=FFFF D4=8402980 D5=802180A6 D6=842184A7 D7=FFFF A0=3C0002 A1=100900 A2=F6CE8 A3=108F46 A4=10F10F8 A5=108000 A6=109058 PC=40E6 -- 0040E6: move.b  ($69,A1), D1
D0=FFFF D1=FF D2=0 D3=FFFF D4=8402980 D5=802180A6 D6=842184A7 D7=FFFF A0=3C0002 A1=100900 A2=F6CE8 A3=108F46 A4=10F10F8 A5=108000 A6=109058 PC=40EA -- 0040EA: addq.w  #1, D1
D0=FFFF D1=100 D2=0 D3=FFFF D4=8402980 D5=802180A6 D6=842184A7 D7=FFFF A0=3C0002 A1=100900 A2=F6CE8 A3=108F46 A4=10F10F8 A5=108000 A6=109058 PC=40EC -- 0040EC: muls.w  D1, D0
D0=FFFFFF00 D1=100 D2=0 D3=FFFF D4=8402980 D5=802180A6 D6=842184A7 D7=FFFF A0=3C0002 A1=100900 A2=F6CE8 A3=108F46 A4=10F10F8 A5=108000 A6=109058 PC=40EE -- 0040EE: lsr.l   #8, D0
D0=FFFFFF D1=100 D2=0 D3=FFFF D4=8402980 D5=802180A6 D6=842184A7 D7=FFFF A0=3C0002 A1=100900 A2=F6CE8 A3=108F46 A4=10F10F8 A5=108000 A6=109058 PC=40F0 -- 0040F0: add.w   ($26,A1), D0
D0=FF0067 D1=100 D2=0 D3=FFFF D4=8402980 D5=802180A6 D6=842184A7 D7=FFFF A0=3C0002 A1=100900 A2=F6CE8 A3=108F46 A4=10F10F8 A5=108000 A6=109058 PC=40F4 -- 0040F4: neg.w   D0
D0=FFFF99 D1=100 D2=0 D3=FFFF D4=8402980 D5=802180A6 D6=842184A7 D7=FFFF A0=3C0002 A1=100900 A2=F6CE8 A3=108F46 A4=10F10F8 A5=108000 A6=109058 PC=40F6 -- 0040F6: addi.w  #$1ff, D0
D0=FF0198 D1=100 D2=0 D3=FFFF D4=8402980 D5=802180A6 D6=842184A7 D7=FFFF A0=3C0002 A1=100900 A2=F6CE8 A3=108F46 A4=10F10F8 A5=108000 A6=109058 PC=40FA -- 0040FA: lsl.w   #7, D0
D0=FFCC00 D1=100 D2=0 D3=FFFF D4=8402980 D5=802180A6 D6=842184A7 D7=FFFF A0=3C0002 A1=100900 A2=F6CE8 A3=108F46 A4=10F10F8 A5=108000 A6=109058 PC=40FC -- 0040FC: bsr     $4772
D0=FFCC00 D1=100 D2=0 D3=FFFF D4=8402980 D5=802180A6 D6=842184A7 D7=FFFF A0=3C0002 A1=100900 A2=F6CE8 A3=108F46 A4=10F10F8 A5=108000 A6=109058 PC=4772 -- 004772: move.w  D0, -(A7)
D0=FFCC00 D1=100 D2=0 D3=FFFF D4=8402980 D5=802180A6 D6=842184A7 D7=FFFF A0=3C0002 A1=100900 A2=F6CE8 A3=108F46 A4=10F10F8 A5=108000 A6=109058 PC=4774 -- 004774: moveq   #-$1, D0
D0=FFFFFFFF D1=100 D2=0 D3=FFFF D4=8402980 D5=802180A6 D6=842184A7 D7=FFFF A0=3C0002 A1=100900 A2=F6CE8 A3=108F46 A4=10F10F8 A5=108000 A6=109058 PC=4776 -- 004776: moveq   #$0, D1
D0=FFFFFFFF D1=0 D2=0 D3=FFFF D4=8402980 D5=802180A6 D6=842184A7 D7=FFFF A0=3C0002 A1=100900 A2=F6CE8 A3=108F46 A4=10F10F8 A5=108000 A6=109058 PC=4778 -- 004778: move.b  ($1,A2), D1
D0=FFFFFFFF D1=1 D2=0 D3=FFFF D4=8402980 D5=802180A6 D6=842184A7 D7=FFFF A0=3C0002 A1=100900 A2=F6CE8 A3=108F46 A4=10F10F8 A5=108000 A6=109058 PC=477C -- 00477C: cmpi.b  #-$1, ($69,A1)
D0=FFFFFFFF D1=1 D2=0 D3=FFFF D4=8402980 D5=802180A6 D6=842184A7 D7=FFFF A0=3C0002 A1=100900 A2=F6CE8 A3=108F46 A4=10F10F8 A5=108000 A6=109058 PC=4782 -- 004782: beq     $47b4
D0=FFFFFFFF D1=1 D2=0 D3=FFFF D4=8402980 D5=802180A6 D6=842184A7 D7=FFFF A0=3C0002 A1=100900 A2=F6CE8 A3=108F46 A4=10F10F8 A5=108000 A6=109058 PC=47B4 -- 0047B4: move.b  D0, ($78f,A5)
D0=FFFFFFFF D1=1 D2=0 D3=FFFF D4=8402980 D5=802180A6 D6=842184A7 D7=FFFF A0=3C0002 A1=100900 A2=F6CE8 A3=108F46 A4=10F10F8 A5=108000 A6=109058 PC=47B8 -- 0047B8: move.b  D1, ($78e,A5)
D0=FFFFFFFF D1=1 D2=0 D3=FFFF D4=8402980 D5=802180A6 D6=842184A7 D7=FFFF A0=3C0002 A1=100900 A2=F6CE8 A3=108F46 A4=10F10F8 A5=108000 A6=109058 PC=47BC -- 0047BC: move.w  (A7)+, D0
D0=FFFFCC00 D1=1 D2=0 D3=FFFF D4=8402980 D5=802180A6 D6=842184A7 D7=FFFF A0=3C0002 A1=100900 A2=F6CE8 A3=108F46 A4=10F10F8 A5=108000 A6=109058 PC=47BE -- 0047BE: rts
D0=FFFFCC00 D1=1 D2=0 D3=FFFF D4=8402980 D5=802180A6 D6=842184A7 D7=FFFF A0=3C0002 A1=100900 A2=F6CE8 A3=108F46 A4=10F10F8 A5=108000 A6=109058 PC=4100 -- 004100: add.b   ($78e,A5), D0
D0=FFFFCC01 D1=1 D2=0 D3=FFFF D4=8402980 D5=802180A6 D6=842184A7 D7=FFFF A0=3C0002 A1=100900 A2=F6CE8 A3=108F46 A4=10F10F8 A5=108000 A6=109058 PC=4104 -- 004104: move.w  D0, (A3)+
D0=FFFFCC01 D1=1 D2=0 D3=FFFF D4=8402980 D5=802180A6 D6=842184A7 D7=FFFF A0=3C0002 A1=100900 A2=F6CE8 A3=108F48 A4=10F10F8 A5=108000 A6=109058 PC=4106 -- 004106: moveq   #$0, D0
D0=0 D1=1 D2=0 D3=FFFF D4=8402980 D5=802180A6 D6=842184A7 D7=FFFF A0=3C0002 A1=100900 A2=F6CE8 A3=108F48 A4=10F10F8 A5=108000 A6=109058 PC=4108 -- 004108: move.b  (A2), D0
D0=1 D1=1 D2=0 D3=FFFF D4=8402980 D5=802180A6 D6=842184A7 D7=FFFF A0=3C0002 A1=100900 A2=F6CE8 A3=108F48 A4=10F10F8 A5=108000 A6=109058 PC=410A -- 00410A: subq.b  #2, D0
D0=FF D1=1 D2=0 D3=FFFF D4=8402980 D5=802180A6 D6=842184A7 D7=FFFF A0=3C0002 A1=100900 A2=F6CE8 A3=108F48 A4=10F10F8 A5=108000 A6=109058 PC=410C -- 00410C: bmi     $4118
D0=FF D1=1 D2=0 D3=FFFF D4=8402980 D5=802180A6 D6=842184A7 D7=FFFF A0=3C0002 A1=100900 A2=F6CE8 A3=108F48 A4=10F10F8 A5=108000 A6=109058 PC=4118 -- 004118: move.w  #$1, ($2,A0)
D0=FF D1=1 D2=0 D3=FFFF D4=8402980 D5=802180A6 D6=842184A7 D7=FFFF A0=3C0002 A1=100900 A2=F6CE8 A3=108F48 A4=10F10F8 A5=108000 A6=109058 PC=411E -- 00411E: move.w  D5, (-$2,A0)
D0=FF D1=1 D2=0 D3=FFFF D4=8402980 D5=802180A6 D6=842184A7 D7=FFFF A0=3C0002 A1=100900 A2=F6CE8 A3=108F48 A4=10F10F8 A5=108000 A6=109058 PC=4122 -- 004122: moveq   #$0, D1
D0=FF D1=0 D2=0 D3=FFFF D4=8402980 D5=802180A6 D6=842184A7 D7=FFFF A0=3C0002 A1=100900 A2=F6CE8 A3=108F48 A4=10F10F8 A5=108000 A6=109058 PC=4124 -- 004124: move.b  ($68,A1), D0
D0=FF D1=0 D2=0 D3=FFFF D4=8402980 D5=802180A6 D6=842184A7 D7=FFFF A0=3C0002 A1=100900 A2=F6CE8 A3=108F48 A4=10F10F8 A5=108000 A6=109058 PC=4128 -- 004128: move.b  D0, D1
D0=FF D1=FF D2=0 D3=FFFF D4=8402980 D5=802180A6 D6=842184A7 D7=FFFF A0=3C0002 A1=100900 A2=F6CE8 A3=108F48 A4=10F10F8 A5=108000 A6=109058 PC=412A -- 00412A: andi.w  #$f, D0
D0=F D1=FF D2=0 D3=FFFF D4=8402980 D5=802180A6 D6=842184A7 D7=FFFF A0=3C0002 A1=100900 A2=F6CE8 A3=108F48 A4=10F10F8 A5=108000 A6=109058 PC=412E -- 00412E: lsr.b   #4, D1
D0=F D1=F D2=0 D3=FFFF D4=8402980 D5=802180A6 D6=842184A7 D7=FFFF A0=3C0002 A1=100900 A2=F6CE8 A3=108F48 A4=10F10F8 A5=108000 A6=109058 PC=4130 -- 004130: tst.b   D1
D0=F D1=F D2=0 D3=FFFF D4=8402980 D5=802180A6 D6=842184A7 D7=FFFF A0=3C0002 A1=100900 A2=F6CE8 A3=108F48 A4=10F10F8 A5=108000 A6=109058 PC=4132 -- 004132: beq     $4164
D0=F D1=F D2=0 D3=FFFF D4=8402980 D5=802180A6 D6=842184A7 D7=FFFF A0=3C0002 A1=100900 A2=F6CE8 A3=108F48 A4=10F10F8 A5=108000 A6=109058 PC=4134 -- 004134: lea     $4f9d2.l, A6
D0=F D1=F D2=0 D3=FFFF D4=8402980 D5=802180A6 D6=842184A7 D7=FFFF A0=3C0002 A1=100900 A2=F6CE8 A3=108F48 A4=10F10F8 A5=108000 A6=4F9D2 PC=413A -- 00413A: lsl.w   #5, D0
D0=1E0 D1=F D2=0 D3=FFFF D4=8402980 D5=802180A6 D6=842184A7 D7=FFFF A0=3C0002 A1=100900 A2=F6CE8 A3=108F48 A4=10F10F8 A5=108000 A6=4F9D2 PC=413C -- 00413C: adda.w  D0, A6
D0=1E0 D1=F D2=0 D3=FFFF D4=8402980 D5=802180A6 D6=842184A7 D7=FFFF A0=3C0002 A1=100900 A2=F6CE8 A3=108F48 A4=10F10F8 A5=108000 A6=4FBB2 PC=413E -- 00413E: moveq   #$f, D0
D0=F D1=F D2=0 D3=FFFF D4=8402980 D5=802180A6 D6=842184A7 D7=FFFF A0=3C0002 A1=100900 A2=F6CE8 A3=108F48 A4=10F10F8 A5=108000 A6=4FBB2 PC=4140 -- 004140: moveq   #$0, D2
D0=F D1=F D2=0 D3=FFFF D4=8402980 D5=802180A6 D6=842184A7 D7=FFFF A0=3C0002 A1=100900 A2=F6CE8 A3=108F48 A4=10F10F8 A5=108000 A6=4FBB2 PC=4142 -- 004142: move.b  (A2), D2
D0=F D1=F D2=1 D3=FFFF D4=8402980 D5=802180A6 D6=842184A7 D7=FFFF A0=3C0002 A1=100900 A2=F6CE8 A3=108F48 A4=10F10F8 A5=108000 A6=4FBB2 PC=4144 -- 004144: lsr.w   #1, D2
D0=F D1=F D2=0 D3=FFFF D4=8402980 D5=802180A6 D6=842184A7 D7=FFFF A0=3C0002 A1=100900 A2=F6CE8 A3=108F48 A4=10F10F8 A5=108000 A6=4FBB2 PC=4146 -- 004146: sub.w   D2, D0
D0=F D1=F D2=0 D3=FFFF D4=8402980 D5=802180A6 D6=842184A7 D7=FFFF A0=3C0002 A1=100900 A2=F6CE8 A3=108F48 A4=10F10F8 A5=108000 A6=4FBB2 PC=4148 -- 004148: adda.l  D0, A6
D0=F D1=F D2=0 D3=FFFF D4=8402980 D5=802180A6 D6=842184A7 D7=FFFF A0=3C0002 A1=100900 A2=F6CE8 A3=108F48 A4=10F10F8 A5=108000 A6=4FBC1 PC=414A -- 00414A: move.b  (A2), D0
D0=1 D1=F D2=0 D3=FFFF D4=8402980 D5=802180A6 D6=842184A7 D7=FFFF A0=3C0002 A1=100900 A2=F6CE8 A3=108F48 A4=10F10F8 A5=108000 A6=4FBC1 PC=414C -- 00414C: add.w   D0, D5
D0=1 D1=F D2=0 D3=FFFF D4=8402980 D5=802180A7 D6=842184A7 D7=FFFF A0=3C0002 A1=100900 A2=F6CE8 A3=108F48 A4=10F10F8 A5=108000 A6=4FBC1 PC=414E -- 00414E: subq.b  #1, D0
D0=0 D1=F D2=0 D3=FFFF D4=8402980 D5=802180A7 D6=842184A7 D7=FFFF A0=3C0002 A1=100900 A2=F6CE8 A3=108F48 A4=10F10F8 A5=108000 A6=4FBC1 PC=4150 -- 004150: move.b  D1, D2
D0=0 D1=F D2=F D3=FFFF D4=8402980 D5=802180A7 D6=842184A7 D7=FFFF A0=3C0002 A1=100900 A2=F6CE8 A3=108F48 A4=10F10F8 A5=108000 A6=4FBC1 PC=4152 -- 004152: sub.b   (A6)+, D2
D0=0 D1=F D2=F D3=FFFF D4=8402980 D5=802180A7 D6=842184A7 D7=FFFF A0=3C0002 A1=100900 A2=F6CE8 A3=108F48 A4=10F10F8 A5=108000 A6=4FBC2 PC=4154 -- 004154: lsl.w   #8, D2
D0=0 D1=F D2=F00 D3=FFFF D4=8402980 D5=802180A7 D6=842184A7 D7=FFFF A0=3C0002 A1=100900 A2=F6CE8 A3=108F48 A4=10F10F8 A5=108000 A6=4FBC2 PC=4156 -- 004156: move.b  ($69,A1), D2
D0=0 D1=F D2=FFF D3=FFFF D4=8402980 D5=802180A7 D6=842184A7 D7=FFFF A0=3C0002 A1=100900 A2=F6CE8 A3=108F48 A4=10F10F8 A5=108000 A6=4FBC2 PC=415A -- 00415A: move.w  D2, (A0)
D0=0 D1=F D2=FFF D3=FFFF D4=8402980 D5=802180A7 D6=842184A7 D7=FFFF A0=3C0002 A1=100900 A2=F6CE8 A3=108F48 A4=10F10F8 A5=108000 A6=4FBC2 PC=415C -- 00415C: dbra    D0, $4150
D0=FFFF D1=F D2=FFF D3=FFFF D4=8402980 D5=802180A7 D6=842184A7 D7=FFFF A0=3C0002 A1=100900 A2=F6CE8 A3=108F48 A4=10F10F8 A5=108000 A6=4FBC2 PC=4160 -- 004160: bra     $4178
D0=FFFF D1=F D2=FFF D3=FFFF D4=8402980 D5=802180A7 D6=842184A7 D7=FFFF A0=3C0002 A1=100900 A2=F6CE8 A3=108F48 A4=10F10F8 A5=108000 A6=4FBC2 PC=4178 -- 004178: move.b  ($2,A2), D0
D0=FFDE D1=F D2=FFF D3=FFFF D4=8402980 D5=802180A7 D6=842184A7 D7=FFFF A0=3C0002 A1=100900 A2=F6CE8 A3=108F48 A4=10F10F8 A5=108000 A6=4FBC2 PC=417C -- 00417C: tst.b   ($80,A1)
D0=FFDE D1=F D2=FFF D3=FFFF D4=8402980 D5=802180A7 D6=842184A7 D7=FFFF A0=3C0002 A1=100900 A2=F6CE8 A3=108F48 A4=10F10F8 A5=108000 A6=4FBC2 PC=4180 -- 004180: beq     $4188
D0=FFDE D1=F D2=FFF D3=FFFF D4=8402980 D5=802180A7 D6=842184A7 D7=FFFF A0=3C0002 A1=100900 A2=F6CE8 A3=108F48 A4=10F10F8 A5=108000 A6=4FBC2 PC=4188 -- 004188: add.b   ($30,A1), D0
D0=FFDE D1=F D2=FFF D3=FFFF D4=8402980 D5=802180A7 D6=842184A7 D7=FFFF A0=3C0002 A1=100900 A2=F6CE8 A3=108F48 A4=10F10F8 A5=108000 A6=4FBC2 PC=418C -- 00418C: lsl.w   #8, D0
D0=DE00 D1=F D2=FFF D3=FFFF D4=8402980 D5=802180A7 D6=842184A7 D7=FFFF A0=3C0002 A1=100900 A2=F6CE8 A3=108F48 A4=10F10F8 A5=108000 A6=4FBC2 PC=418E -- 00418E: tst.b   ($3,A2)
D0=DE00 D1=F D2=FFF D3=FFFF D4=8402980 D5=802180A7 D6=842184A7 D7=FFFF A0=3C0002 A1=100900 A2=F6CE8 A3=108F48 A4=10F10F8 A5=108000 A6=4FBC2 PC=4192 -- 004192: beq     $4198
D0=DE00 D1=F D2=FFF D3=FFFF D4=8402980 D5=802180A7 D6=842184A7 D7=FFFF A0=3C0002 A1=100900 A2=F6CE8 A3=108F48 A4=10F10F8 A5=108000 A6=4FBC2 PC=4194 -- 004194: move.b  #$10, D0
D0=DE10 D1=F D2=FFF D3=FFFF D4=8402980 D5=802180A7 D6=842184A7 D7=FFFF A0=3C0002 A1=100900 A2=F6CE8 A3=108F48 A4=10F10F8 A5=108000 A6=4FBC2 PC=4198 -- 004198: move.w  ($4,A2), D1
D0=DE10 D1=DCA7 D2=FFF D3=FFFF D4=8402980 D5=802180A7 D6=842184A7 D7=FFFF A0=3C0002 A1=100900 A2=F6CE8 A3=108F48 A4=10F10F8 A5=108000 A6=4FBC2 PC=419C -- 00419C: moveq   #$0, D3
D0=DE10 D1=DCA7 D2=FFF D3=0 D4=8402980 D5=802180A7 D6=842184A7 D7=FFFF A0=3C0002 A1=100900 A2=F6CE8 A3=108F48 A4=10F10F8 A5=108000 A6=4FBC2 PC=419E -- 00419E: move.b  (A2), D3
D0=DE10 D1=DCA7 D2=FFF D3=1 D4=8402980 D5=802180A7 D6=842184A7 D7=FFFF A0=3C0002 A1=100900 A2=F6CE8 A3=108F48 A4=10F10F8 A5=108000 A6=4FBC2 PC=41A0 -- 0041A0: subq.b  #1, D3
D0=DE10 D1=DCA7 D2=FFF D3=0 D4=8402980 D5=802180A7 D6=842184A7 D7=FFFF A0=3C0002 A1=100900 A2=F6CE8 A3=108F48 A4=10F10F8 A5=108000 A6=4FBC2 PC=41A2 -- 0041A2: move.w  ($790,A5), D7
D0=DE10 D1=DCA7 D2=FFF D3=0 D4=8402980 D5=802180A7 D6=842184A7 D7=0 A0=3C0002 A1=100900 A2=F6CE8 A3=108F48 A4=10F10F8 A5=108000 A6=4FBC2 PC=41A6 -- 0041A6: add.w   D7, D7
D0=DE10 D1=DCA7 D2=FFF D3=0 D4=8402980 D5=802180A7 D6=842184A7 D7=0 A0=3C0002 A1=100900 A2=F6CE8 A3=108F48 A4=10F10F8 A5=108000 A6=4FBC2 PC=41A8 -- 0041A8: add.w   D7, D7
D0=DE10 D1=DCA7 D2=FFF D3=0 D4=8402980 D5=802180A7 D6=842184A7 D7=0 A0=3C0002 A1=100900 A2=F6CE8 A3=108F48 A4=10F10F8 A5=108000 A6=4FBC2 PC=41AA -- 0041AA: movea.l ($4,PC,D7.w), A6
D0=DE10 D1=DCA7 D2=FFF D3=0 D4=8402980 D5=802180A7 D6=842184A7 D7=0 A0=3C0002 A1=100900 A2=F6CE8 A3=108F48 A4=10F10F8 A5=108000 A6=428C PC=41AE -- 0041AE: jmp     (A6)
D0=DE10 D1=DCA7 D2=FFF D3=0 D4=8402980 D5=802180A7 D6=842184A7 D7=0 A0=3C0002 A1=100900 A2=F6CE8 A3=108F48 A4=10F10F8 A5=108000 A6=428C PC=428C -- 00428C: lea     ($6,A2), A6
D0=DE10 D1=DCA7 D2=FFF D3=0 D4=8402980 D5=802180A7 D6=842184A7 D7=0 A0=3C0002 A1=100900 A2=F6CE8 A3=108F48 A4=10F10F8 A5=108000 A6=F6CEE PC=4290 -- 004290: move.w  #$1, ($2,A0)
D0=DE10 D1=DCA7 D2=FFF D3=0 D4=8402980 D5=802180A7 D6=842184A7 D7=0 A0=3C0002 A1=100900 A2=F6CE8 A3=108F48 A4=10F10F8 A5=108000 A6=F6CEE PC=4296 -- 004296: moveq   #$0, D7
D0=DE10 D1=DCA7 D2=FFF D3=0 D4=8402980 D5=802180A7 D6=842184A7 D7=0 A0=3C0002 A1=100900 A2=F6CE8 A3=108F48 A4=10F10F8 A5=108000 A6=F6CEE PC=4298 -- 004298: move.b  ($1,A2), D7
D0=DE10 D1=DCA7 D2=FFF D3=0 D4=8402980 D5=802180A7 D6=842184A7 D7=1 A0=3C0002 A1=100900 A2=F6CE8 A3=108F48 A4=10F10F8 A5=108000 A6=F6CEE PC=429C -- 00429C: subq.b  #1, D7
D0=DE10 D1=DCA7 D2=FFF D3=0 D4=8402980 D5=802180A7 D6=842184A7 D7=0 A0=3C0002 A1=100900 A2=F6CE8 A3=108F48 A4=10F10F8 A5=108000 A6=F6CEE PC=429E -- 00429E: move.w  (A6)+, D2
D0=DE10 D1=DCA7 D2=8000 D3=0 D4=8402980 D5=802180A7 D6=842184A7 D7=0 A0=3C0002 A1=100900 A2=F6CE8 A3=108F48 A4=10F10F8 A5=108000 A6=F6CF0 PC=42A0 -- 0042A0: move.w  D4, (-$2,A0)
D0=DE10 D1=DCA7 D2=8000 D3=0 D4=8402980 D5=802180A7 D6=842184A7 D7=0 A0=3C0002 A1=100900 A2=F6CE8 A3=108F48 A4=10F10F8 A5=108000 A6=F6CF0 PC=42A4 -- 0042A4: add.w   D2, D2
D0=DE10 D1=DCA7 D2=0 D3=0 D4=8402980 D5=802180A7 D6=842184A7 D7=0 A0=3C0002 A1=100900 A2=F6CE8 A3=108F48 A4=10F10F8 A5=108000 A6=F6CF0 PC=42A6 -- 0042A6: bcc     $42b8
D0=DE10 D1=DCA7 D2=0 D3=0 D4=8402980 D5=802180A7 D6=842184A7 D7=0 A0=3C0002 A1=100900 A2=F6CE8 A3=108F48 A4=10F10F8 A5=108000 A6=F6CF0 PC=42A8 -- 0042A8: move.w  D1, (A0)
D0=DE10 D1=DCA7 D2=0 D3=0 D4=8402980 D5=802180A7 D6=842184A7 D7=0 A0=3C0002 A1=100900 A2=F6CE8 A3=108F48 A4=10F10F8 A5=108000 A6=F6CF0 PC=42AA -- 0042AA: nop
D0=DE10 D1=DCA7 D2=0 D3=0 D4=8402980 D5=802180A7 D6=842184A7 D7=0 A0=3C0002 A1=100900 A2=F6CE8 A3=108F48 A4=10F10F8 A5=108000 A6=F6CF0 PC=42AC -- 0042AC: move.w  D0, (A0)
D0=DE10 D1=DCA7 D2=0 D3=0 D4=8402980 D5=802180A7 D6=842184A7 D7=0 A0=3C0002 A1=100900 A2=F6CE8 A3=108F48 A4=10F10F8 A5=108000 A6=F6CF0 PC=42AE -- 0042AE: addq.w  #1, D1
D0=DE10 D1=DCA8 D2=0 D3=0 D4=8402980 D5=802180A7 D6=842184A7 D7=0 A0=3C0002 A1=100900 A2=F6CE8 A3=108F48 A4=10F10F8 A5=108000 A6=F6CF0 PC=42B0 -- 0042B0: bcc     $42c0
D0=DE10 D1=DCA8 D2=0 D3=0 D4=8402980 D5=802180A7 D6=842184A7 D7=0 A0=3C0002 A1=100900 A2=F6CE8 A3=108F48 A4=10F10F8 A5=108000 A6=F6CF0 PC=42C0 -- 0042C0: dbra    D7, $42a4
D0=DE10 D1=DCA8 D2=0 D3=0 D4=8402980 D5=802180A7 D6=842184A7 D7=FFFF A0=3C0002 A1=100900 A2=F6CE8 A3=108F48 A4=10F10F8 A5=108000 A6=F6CF0 PC=42C4 -- 0042C4: bsr     $47c0
D0=DE10 D1=DCA8 D2=0 D3=0 D4=8402980 D5=802180A7 D6=842184A7 D7=FFFF A0=3C0002 A1=100900 A2=F6CE8 A3=108F48 A4=10F10F8 A5=108000 A6=F6CF0 PC=47C0 -- 0047C0: tst.b   ($78f,A5)
D0=DE10 D1=DCA8 D2=0 D3=0 D4=8402980 D5=802180A7 D6=842184A7 D7=FFFF A0=3C0002 A1=100900 A2=F6CE8 A3=108F48 A4=10F10F8 A5=108000 A6=F6CF0 PC=47C4 -- 0047C4: bpl     $47c8
D0=DE10 D1=DCA8 D2=0 D3=0 D4=8402980 D5=802180A7 D6=842184A7 D7=FFFF A0=3C0002 A1=100900 A2=F6CE8 A3=108F48 A4=10F10F8 A5=108000 A6=F6CF0 PC=47C6 -- 0047C6: rts
D0=DE10 D1=DCA8 D2=0 D3=0 D4=8402980 D5=802180A7 D6=842184A7 D7=FFFF A0=3C0002 A1=100900 A2=F6CE8 A3=108F48 A4=10F10F8 A5=108000 A6=F6CF0 PC=42C8 -- 0042C8: addi.w  #$40, D4
D0=DE10 D1=DCA8 D2=0 D3=0 D4=84029C0 D5=802180A7 D6=842184A7 D7=FFFF A0=3C0002 A1=100900 A2=F6CE8 A3=108F48 A4=10F10F8 A5=108000 A6=F6CF0 PC=42CC -- 0042CC: dbra    D3, $4296
D0=DE10 D1=DCA8 D2=0 D3=FFFF D4=84029C0 D5=802180A7 D6=842184A7 D7=FFFF A0=3C0002 A1=100900 A2=F6CE8 A3=108F48 A4=10F10F8 A5=108000 A6=F6CF0 PC=42D0 -- 0042D0: rts
D0=DE10 D1=DCA8 D2=0 D3=FFFF D4=84029C0 D5=802180A7 D6=842184A7 D7=FFFF A0=3C0002 A1=100900 A2=F6CE8 A3=108F48 A4=10F10F8 A5=108000 A6=F6CF0 PC=4016 -- 004016: bra     $401c
D0=DE10 D1=DCA8 D2=0 D3=FFFF D4=84029C0 D5=802180A7 D6=842184A7 D7=FFFF A0=3C0002 A1=100900 A2=F6CE8 A3=108F48 A4=10F10F8 A5=108000 A6=F6CF0 PC=401C -- 00401C: movea.l (A7)+, A6
D0=DE10 D1=DCA8 D2=0 D3=FFFF D4=84029C0 D5=802180A7 D6=842184A7 D7=FFFF A0=3C0002 A1=100900 A2=F6CE8 A3=108F48 A4=10F10F8 A5=108000 A6=108E3C PC=401E -- 00401E: btst    #$5, ($4,A4)
D0=DE10 D1=DCA8 D2=0 D3=FFFF D4=84029C0 D5=802180A7 D6=842184A7 D7=FFFF A0=3C0002 A1=100900 A2=F6CE8 A3=108F48 A4=10F10F8 A5=108000 A6=108E3C PC=4024 -- 004024: beq     $4056
D0=DE10 D1=DCA8 D2=0 D3=FFFF D4=84029C0 D5=802180A7 D6=842184A7 D7=FFFF A0=3C0002 A1=100900 A2=F6CE8 A3=108F48 A4=10F10F8 A5=108000 A6=108E3C PC=4056 -- 004056: tst.b   ($7c,A1)
D0=DE10 D1=DCA8 D2=0 D3=FFFF D4=84029C0 D5=802180A7 D6=842184A7 D7=FFFF A0=3C0002 A1=100900 A2=F6CE8 A3=108F48 A4=10F10F8 A5=108000 A6=108E3C PC=405A -- 00405A: bpl     $4064
D0=DE10 D1=DCA8 D2=0 D3=FFFF D4=84029C0 D5=802180A7 D6=842184A7 D7=FFFF A0=3C0002 A1=100900 A2=F6CE8 A3=108F48 A4=10F10F8 A5=108000 A6=108E3C PC=4064 -- 004064: movea.l (A7)+, A0
D0=DE10 D1=DCA8 D2=0 D3=FFFF D4=84029C0 D5=802180A7 D6=842184A7 D7=FFFF A0=10890C A1=100900 A2=F6CE8 A3=108F48 A4=10F10F8 A5=108000 A6=108E3C PC=4066 -- 004066: subq.w  #1, ($e3a,A5)
D0=DE10 D1=DCA8 D2=0 D3=FFFF D4=84029C0 D5=802180A7 D6=842184A7 D7=FFFF A0=10890C A1=100900 A2=F6CE8 A3=108F48 A4=10F10F8 A5=108000 A6=108E3C PC=406A -- 00406A: bne     $3f32
D0=DE10 D1=DCA8 D2=0 D3=FFFF D4=84029C0 D5=802180A7 D6=842184A7 D7=FFFF A0=10890C A1=100900 A2=F6CE8 A3=108F48 A4=10F10F8 A5=108000 A6=108E3C PC=3F32 -- 003F32: move.w  (A0)+, D0
D0=700 D1=DCA8 D2=0 D3=FFFF D4=84029C0 D5=802180A7 D6=842184A7 D7=FFFF A0=10890E A1=100900 A2=F6CE8 A3=108F48 A4=10F10F8 A5=108000 A6=108E3C PC=3F34 -- 003F34: beq     $3f32
D0=700 D1=DCA8 D2=0 D3=FFFF D4=84029C0 D5=802180A7 D6=842184A7 D7=FFFF A0=10890E A1=100900 A2=F6CE8 A3=108F48 A4=10F10F8 A5=108000 A6=108E3C PC=3F36 -- 003F36: clr.w   (-$2,A0)
D0=700 D1=DCA8 D2=0 D3=FFFF D4=84029C0 D5=802180A7 D6=842184A7 D7=FFFF A0=10890E A1=100900 A2=F6CE8 A3=108F48 A4=10F10F8 A5=108000 A6=108E3C PC=3F3A -- 003F3A: move.l  A5, D1
D0=700 D1=108000 D2=0 D3=FFFF D4=84029C0 D5=802180A7 D6=842184A7 D7=FFFF A0=10890E A1=100900 A2=F6CE8 A3=108F48 A4=10F10F8 A5=108000 A6=108E3C PC=3F3C -- 003F3C: move.w  D0, D1
D0=700 D1=100700 D2=0 D3=FFFF D4=84029C0 D5=802180A7 D6=842184A7 D7=FFFF A0=10890E A1=100900 A2=F6CE8 A3=108F48 A4=10F10F8 A5=108000 A6=108E3C PC=3F3E -- 003F3E: movea.l D1, A1
D0=700 D1=100700 D2=0 D3=FFFF D4=84029C0 D5=802180A7 D6=842184A7 D7=FFFF A0=10890E A1=100700 A2=F6CE8 A3=108F48 A4=10F10F8 A5=108000 A6=108E3C PC=3F40 -- 003F40: movea.l ($28,A1), A2
D0=700 D1=100700 D2=0 D3=FFFF D4=84029C0 D5=802180A7 D6=842184A7 D7=FFFF A0=10890E A1=100700 A2=F6D08 A3=108F48 A4=10F10F8 A5=108000 A6=108E3C PC=3F44 -- 003F44: lea     $7bf48.l, A4
D0=700 D1=100700 D2=0 D3=FFFF D4=84029C0 D5=802180A7 D6=842184A7 D7=FFFF A0=10890E A1=100700 A2=F6D08 A3=108F48 A4=7BF48 A5=108000 A6=108E3C PC=3F4A -- 003F4A: move.w  ($70,A1), D0
D0=1B D1=100700 D2=0 D3=FFFF D4=84029C0 D5=802180A7 D6=842184A7 D7=FFFF A0=10890E A1=100700 A2=F6D08 A3=108F48 A4=7BF48 A5=108000 A6=108E3C PC=3F4E -- 003F4E: add.w   D0, D0
D0=36 D1=100700 D2=0 D3=FFFF D4=84029C0 D5=802180A7 D6=842184A7 D7=FFFF A0=10890E A1=100700 A2=F6D08 A3=108F48 A4=7BF48 A5=108000 A6=108E3C PC=3F50 -- 003F50: add.w   D0, D0
D0=6C D1=100700 D2=0 D3=FFFF D4=84029C0 D5=802180A7 D6=842184A7 D7=FFFF A0=10890E A1=100700 A2=F6D08 A3=108F48 A4=7BF48 A5=108000 A6=108E3C PC=3F52 -- 003F52: movea.l (A4,D0.w), A4
D0=6C D1=100700 D2=0 D3=FFFF D4=84029C0 D5=802180A7 D6=842184A7 D7=FFFF A0=10890E A1=100700 A2=F6D08 A3=108F48 A4=7F5E0 A5=108000 A6=108E3C PC=3F56 -- 003F56: move.w  ($72,A1), D0
D0=37 D1=100700 D2=0 D3=FFFF D4=84029C0 D5=802180A7 D6=842184A7 D7=FFFF A0=10890E A1=100700 A2=F6D08 A3=108F48 A4=7F5E0 A5=108000 A6=108E3C PC=3F5A -- 003F5A: add.w   D0, D0
D0=6E D1=100700 D2=0 D3=FFFF D4=84029C0 D5=802180A7 D6=842184A7 D7=FFFF A0=10890E A1=100700 A2=F6D08 A3=108F48 A4=7F5E0 A5=108000 A6=108E3C PC=3F5C -- 003F5C: move.w  (A4,D0.w), ($46de,A5)
D0=6E D1=100700 D2=0 D3=FFFF D4=84029C0 D5=802180A7 D6=842184A7 D7=FFFF A0=10890E A1=100700 A2=F6D08 A3=108F48 A4=7F5E0 A5=108000 A6=108E3C PC=3F62 -- 003F62: lea     $80000.l, A4
D0=6E D1=100700 D2=0 D3=FFFF D4=84029C0 D5=802180A7 D6=842184A7 D7=FFFF A0=10890E A1=100700 A2=F6D08 A3=108F48 A4=80000 A5=108000 A6=108E3C PC=3F68 -- 003F68: move.w  ($70,A1), D0
D0=1B D1=100700 D2=0 D3=FFFF D4=84029C0 D5=802180A7 D6=842184A7 D7=FFFF A0=10890E A1=100700 A2=F6D08 A3=108F48 A4=80000 A5=108000 A6=108E3C PC=3F6C -- 003F6C: add.w   D0, D0
D0=36 D1=100700 D2=0 D3=FFFF D4=84029C0 D5=802180A7 D6=842184A7 D7=FFFF A0=10890E A1=100700 A2=F6D08 A3=108F48 A4=80000 A5=108000 A6=108E3C PC=3F6E -- 003F6E: add.w   D0, D0
D0=6C D1=100700 D2=0 D3=FFFF D4=84029C0 D5=802180A7 D6=842184A7 D7=FFFF A0=10890E A1=100700 A2=F6D08 A3=108F48 A4=80000 A5=108000 A6=108E3C PC=3F70 -- 003F70: movea.l (A4,D0.w), A4
D0=6C D1=100700 D2=0 D3=FFFF D4=84029C0 D5=802180A7 D6=842184A7 D7=FFFF A0=10890E A1=100700 A2=F6D08 A3=108F48 A4=86E00 A5=108000 A6=108E3C PC=3F74 -- 003F74: move.w  ($46de,A5), D0
D0=3737 D1=100700 D2=0 D3=FFFF D4=84029C0 D5=802180A7 D6=842184A7 D7=FFFF A0=10890E A1=100700 A2=F6D08 A3=108F48 A4=86E00 A5=108000 A6=108E3C PC=3F78 -- 003F78: tst.b   ($46e2,A5)
D0=3737 D1=100700 D2=0 D3=FFFF D4=84029C0 D5=802180A7 D6=842184A7 D7=FFFF A0=10890E A1=100700 A2=F6D08 A3=108F48 A4=86E00 A5=108000 A6=108E3C PC=3F7C -- 003F7C: beq     $3f82
D0=3737 D1=100700 D2=0 D3=FFFF D4=84029C0 D5=802180A7 D6=842184A7 D7=FFFF A0=10890E A1=100700 A2=F6D08 A3=108F48 A4=86E00 A5=108000 A6=108E3C PC=3F82 -- 003F82: andi.w  #$ff, D0
D0=37 D1=100700 D2=0 D3=FFFF D4=84029C0 D5=802180A7 D6=842184A7 D7=FFFF A0=10890E A1=100700 A2=F6D08 A3=108F48 A4=86E00 A5=108000 A6=108E3C PC=3F86 -- 003F86: add.w   D0, D0
D0=6E D1=100700 D2=0 D3=FFFF D4=84029C0 D5=802180A7 D6=842184A7 D7=FFFF A0=10890E A1=100700 A2=F6D08 A3=108F48 A4=86E00 A5=108000 A6=108E3C PC=3F88 -- 003F88: add.w   D0, D0
D0=DC D1=100700 D2=0 D3=FFFF D4=84029C0 D5=802180A7 D6=842184A7 D7=FFFF A0=10890E A1=100700 A2=F6D08 A3=108F48 A4=86E00 A5=108000 A6=108E3C PC=3F8A -- 003F8A: movea.l (A4,D0.w), A4
D0=DC D1=100700 D2=0 D3=FFFF D4=84029C0 D5=802180A7 D6=842184A7 D7=FFFF A0=10890E A1=100700 A2=F6D08 A3=108F48 A4=F310A A5=108000 A6=108E3C PC=3F8E -- 003F8E: move.w  ($74,A1), D0
D0=0 D1=100700 D2=0 D3=FFFF D4=84029C0 D5=802180A7 D6=842184A7 D7=FFFF A0=10890E A1=100700 A2=F6D08 A3=108F48 A4=F310A A5=108000 A6=108E3C PC=3F92 -- 003F92: adda.w  D0, A4
D0=0 D1=100700 D2=0 D3=FFFF D4=84029C0 D5=802180A7 D6=842184A7 D7=FFFF A0=10890E A1=100700 A2=F6D08 A3=108F48 A4=F310A A5=108000 A6=108E3C PC=3F94 -- 003F94: move.l  (A4), D0
D0=10F1104 D1=100700 D2=0 D3=FFFF D4=84029C0 D5=802180A7 D6=842184A7 D7=FFFF A0=10890E A1=100700 A2=F6D08 A3=108F48 A4=F310A A5=108000 A6=108E3C PC=3F96 -- 003F96: movea.l D0, A4
D0=10F1104 D1=100700 D2=0 D3=FFFF D4=84029C0 D5=802180A7 D6=842184A7 D7=FFFF A0=10890E A1=100700 A2=F6D08 A3=108F48 A4=10F1104 A5=108000 A6=108E3C PC=3F98 -- 003F98: move.l  A0, -(A7)
D0=10F1104 D1=100700 D2=0 D3=FFFF D4=84029C0 D5=802180A7 D6=842184A7 D7=FFFF A0=10890E A1=100700 A2=F6D08 A3=108F48 A4=10F1104 A5=108000 A6=108E3C PC=3F9A -- 003F9A: lea     $3c0002.l, A0
D0=10F1104 D1=100700 D2=0 D3=FFFF D4=84029C0 D5=802180A7 D6=842184A7 D7=FFFF A0=3C0002 A1=100700 A2=F6D08 A3=108F48 A4=10F1104 A5=108000 A6=108E3C PC=3FA0 -- 003FA0: tst.b   ($7c,A1)
D0=10F1104 D1=100700 D2=0 D3=FFFF D4=84029C0 D5=802180A7 D6=842184A7 D7=FFFF A0=3C0002 A1=100700 A2=F6D08 A3=108F48 A4=10F1104 A5=108000 A6=108E3C PC=3FA4 -- 003FA4: bpl     $3fc0
D0=10F1104 D1=100700 D2=0 D3=FFFF D4=84029C0 D5=802180A7 D6=842184A7 D7=FFFF A0=3C0002 A1=100700 A2=F6D08 A3=108F48 A4=10F1104 A5=108000 A6=108E3C PC=3FC0 -- 003FC0: moveq   #$0, D0
D0=0 D1=100700 D2=0 D3=FFFF D4=84029C0 D5=802180A7 D6=842184A7 D7=FFFF A0=3C0002 A1=100700 A2=F6D08 A3=108F48 A4=10F1104 A5=108000 A6=108E3C PC=3FC2 -- 003FC2: move.b  (A2), D0
D0=1 D1=100700 D2=0 D3=FFFF D4=84029C0 D5=802180A7 D6=842184A7 D7=FFFF A0=3C0002 A1=100700 A2=F6D08 A3=108F48 A4=10F1104 A5=108000 A6=108E3C PC=3FC4 -- 003FC4: sub.w   D0, ($794,A5)
D0=1 D1=100700 D2=0 D3=FFFF D4=84029C0 D5=802180A7 D6=842184A7 D7=FFFF A0=3C0002 A1=100700 A2=F6D08 A3=108F48 A4=10F1104 A5=108000 A6=108E3C PC=3FC8 -- 003FC8: bcc     $3fd2
D0=1 D1=100700 D2=0 D3=FFFF D4=84029C0 D5=802180A7 D6=842184A7 D7=FFFF A0=3C0002 A1=100700 A2=F6D08 A3=108F48 A4=10F1104 A5=108000 A6=108E3C PC=3FD2 -- 003FD2: move.l  A6, -(A7)
D0=1 D1=100700 D2=0 D3=FFFF D4=84029C0 D5=802180A7 D6=842184A7 D7=FFFF A0=3C0002 A1=100700 A2=F6D08 A3=108F48 A4=10F1104 A5=108000 A6=108E3C PC=3FD4 -- 003FD4: btst    #$6, ($7c,A1)
D0=1 D1=100700 D2=0 D3=FFFF D4=84029C0 D5=802180A7 D6=842184A7 D7=FFFF A0=3C0002 A1=100700 A2=F6D08 A3=108F48 A4=10F1104 A5=108000 A6=108E3C PC=3FDA -- 003FDA: bne     $400c
D0=1 D1=100700 D2=0 D3=FFFF D4=84029C0 D5=802180A7 D6=842184A7 D7=FFFF A0=3C0002 A1=100700 A2=F6D08 A3=108F48 A4=10F1104 A5=108000 A6=108E3C PC=3FDE -- 003FDE: moveq   #$0, D1
D0=1 D1=0 D2=0 D3=FFFF D4=84029C0 D5=802180A7 D6=842184A7 D7=FFFF A0=3C0002 A1=100700 A2=F6D08 A3=108F48 A4=10F1104 A5=108000 A6=108E3C PC=3FE0 -- 003FE0: move.b  ($82,A1), D1
D0=1 D1=0 D2=0 D3=FFFF D4=84029C0 D5=802180A7 D6=842184A7 D7=FFFF A0=3C0002 A1=100700 A2=F6D08 A3=108F48 A4=10F1104 A5=108000 A6=108E3C PC=3FE4 -- 003FE4: add.w   D1, D1
D0=1 D1=0 D2=0 D3=FFFF D4=84029C0 D5=802180A7 D6=842184A7 D7=FFFF A0=3C0002 A1=100700 A2=F6D08 A3=108F48 A4=10F1104 A5=108000 A6=108E3C PC=3FE6 -- 003FE6: add.w   D1, D1
D0=1 D1=0 D2=0 D3=FFFF D4=84029C0 D5=802180A7 D6=842184A7 D7=FFFF A0=3C0002 A1=100700 A2=F6D08 A3=108F48 A4=10F1104 A5=108000 A6=108E3C PC=3FE8 -- 003FE8: move.w  ($18,A1), D0
D0=F0 D1=0 D2=0 D3=FFFF D4=84029C0 D5=802180A7 D6=842184A7 D7=FFFF A0=3C0002 A1=100700 A2=F6D08 A3=108F48 A4=10F1104 A5=108000 A6=108E3C PC=3FEC -- 003FEC: lea     ($104c,A5), A6
D0=F0 D1=0 D2=0 D3=FFFF D4=84029C0 D5=802180A7 D6=842184A7 D7=FFFF A0=3C0002 A1=100700 A2=F6D08 A3=108F48 A4=10F1104 A5=108000 A6=10904C PC=3FF0 -- 003FF0: sub.w   (A6,D1.w), D0
D0=F0 D1=0 D2=0 D3=FFFF D4=84029C0 D5=802180A7 D6=842184A7 D7=FFFF A0=3C0002 A1=100700 A2=F6D08 A3=108F48 A4=10F1104 A5=108000 A6=10904C PC=3FF4 -- 003FF4: move.w  D0, ($24,A1)
D0=F0 D1=0 D2=0 D3=FFFF D4=84029C0 D5=802180A7 D6=842184A7 D7=FFFF A0=3C0002 A1=100700 A2=F6D08 A3=108F48 A4=10F1104 A5=108000 A6=10904C PC=3FF8 -- 003FF8: move.w  ($1c,A1), D0
D0=78 D1=0 D2=0 D3=FFFF D4=84029C0 D5=802180A7 D6=842184A7 D7=FFFF A0=3C0002 A1=100700 A2=F6D08 A3=108F48 A4=10F1104 A5=108000 A6=10904C PC=3FFC -- 003FFC: sub.w   ($20,A1), D0
D0=78 D1=0 D2=0 D3=FFFF D4=84029C0 D5=802180A7 D6=842184A7 D7=FFFF A0=3C0002 A1=100700 A2=F6D08 A3=108F48 A4=10F1104 A5=108000 A6=10904C PC=4000 -- 004000: lea     ($1058,A5), A6
D0=78 D1=0 D2=0 D3=FFFF D4=84029C0 D5=802180A7 D6=842184A7 D7=FFFF A0=3C0002 A1=100700 A2=F6D08 A3=108F48 A4=10F1104 A5=108000 A6=109058 PC=4004 -- 004004: sub.w   (A6,D1.w), D0
D0=78 D1=0 D2=0 D3=FFFF D4=84029C0 D5=802180A7 D6=842184A7 D7=FFFF A0=3C0002 A1=100700 A2=F6D08 A3=108F48 A4=10F1104 A5=108000 A6=109058 PC=4008 -- 004008: move.w  D0, ($26,A1)
D0=78 D1=0 D2=0 D3=FFFF D4=84029C0 D5=802180A7 D6=842184A7 D7=FFFF A0=3C0002 A1=100700 A2=F6D08 A3=108F48 A4=10F1104 A5=108000 A6=109058 PC=400C -- 00400C: tst.b   ($3a66,A5)
D0=78 D1=0 D2=0 D3=FFFF D4=84029C0 D5=802180A7 D6=842184A7 D7=FFFF A0=3C0002 A1=100700 A2=F6D08 A3=108F48 A4=10F1104 A5=108000 A6=109058 PC=4010 -- 004010: bmi     $4018
D0=78 D1=0 D2=0 D3=FFFF D4=84029C0 D5=802180A7 D6=842184A7 D7=FFFF A0=3C0002 A1=100700 A2=F6D08 A3=108F48 A4=10F1104 A5=108000 A6=109058 PC=4012 -- 004012: bsr     $4088
D0=78 D1=0 D2=0 D3=FFFF D4=84029C0 D5=802180A7 D6=842184A7 D7=FFFF A0=3C0002 A1=100700 A2=F6D08 A3=108F48 A4=10F1104 A5=108000 A6=109058 PC=4088 -- 004088: move.w  (A4), D0
D0=0 D1=0 D2=0 D3=FFFF D4=84029C0 D5=802180A7 D6=842184A7 D7=FFFF A0=3C0002 A1=100700 A2=F6D08 A3=108F48 A4=10F1104 A5=108000 A6=109058 PC=408A -- 00408A: move.b  ($31,A1), D1
D0=0 D1=0 D2=0 D3=FFFF D4=84029C0 D5=802180A7 D6=842184A7 D7=FFFF A0=3C0002 A1=100700 A2=F6D08 A3=108F48 A4=10F1104 A5=108000 A6=109058 PC=408E -- 00408E: move.b  ($4,A4), D2
D0=0 D1=0 D2=0 D3=FFFF D4=84029C0 D5=802180A7 D6=842184A7 D7=FFFF A0=3C0002 A1=100700 A2=F6D08 A3=108F48 A4=10F1104 A5=108000 A6=109058 PC=4092 -- 004092: rol.b   #2, D2
D0=0 D1=0 D2=0 D3=FFFF D4=84029C0 D5=802180A7 D6=842184A7 D7=FFFF A0=3C0002 A1=100700 A2=F6D08 A3=108F48 A4=10F1104 A5=108000 A6=109058 PC=4094 -- 004094: eor.w   D2, D1
D0=0 D1=0 D2=0 D3=FFFF D4=84029C0 D5=802180A7 D6=842184A7 D7=FFFF A0=3C0002 A1=100700 A2=F6D08 A3=108F48 A4=10F1104 A5=108000 A6=109058 PC=4096 -- 004096: andi.w  #$3, D1
D0=0 D1=0 D2=0 D3=FFFF D4=84029C0 D5=802180A7 D6=842184A7 D7=FFFF A0=3C0002 A1=100700 A2=F6D08 A3=108F48 A4=10F1104 A5=108000 A6=109058 PC=409A -- 00409A: move.w  D1, ($790,A5)
D0=0 D1=0 D2=0 D3=FFFF D4=84029C0 D5=802180A7 D6=842184A7 D7=FFFF A0=3C0002 A1=100700 A2=F6D08 A3=108F48 A4=10F1104 A5=108000 A6=109058 PC=409E -- 00409E: andi.w  #$1, D1
D0=0 D1=0 D2=0 D3=FFFF D4=84029C0 D5=802180A7 D6=842184A7 D7=FFFF A0=3C0002 A1=100700 A2=F6D08 A3=108F48 A4=10F1104 A5=108000 A6=109058 PC=40A2 -- 0040A2: beq     $40ae
D0=0 D1=0 D2=0 D3=FFFF D4=84029C0 D5=802180A7 D6=842184A7 D7=FFFF A0=3C0002 A1=100700 A2=F6D08 A3=108F48 A4=10F1104 A5=108000 A6=109058 PC=40AE -- 0040AE: moveq   #$0, D1
D0=0 D1=0 D2=0 D3=FFFF D4=84029C0 D5=802180A7 D6=842184A7 D7=FFFF A0=3C0002 A1=100700 A2=F6D08 A3=108F48 A4=10F1104 A5=108000 A6=109058 PC=40B0 -- 0040B0: move.b  ($68,A1), D1
D0=0 D1=FF D2=0 D3=FFFF D4=84029C0 D5=802180A7 D6=842184A7 D7=FFFF A0=3C0002 A1=100700 A2=F6D08 A3=108F48 A4=10F1104 A5=108000 A6=109058 PC=40B4 -- 0040B4: addq.w  #1, D1
D0=0 D1=100 D2=0 D3=FFFF D4=84029C0 D5=802180A7 D6=842184A7 D7=FFFF A0=3C0002 A1=100700 A2=F6D08 A3=108F48 A4=10F1104 A5=108000 A6=109058 PC=40B6 -- 0040B6: muls.w  D1, D0
D0=0 D1=100 D2=0 D3=FFFF D4=84029C0 D5=802180A7 D6=842184A7 D7=FFFF A0=3C0002 A1=100700 A2=F6D08 A3=108F48 A4=10F1104 A5=108000 A6=109058 PC=40B8 -- 0040B8: lsr.l   #8, D0
D0=0 D1=100 D2=0 D3=FFFF D4=84029C0 D5=802180A7 D6=842184A7 D7=FFFF A0=3C0002 A1=100700 A2=F6D08 A3=108F48 A4=10F1104 A5=108000 A6=109058 PC=40BA -- 0040BA: add.w   ($24,A1), D0
D0=F0 D1=100 D2=0 D3=FFFF D4=84029C0 D5=802180A7 D6=842184A7 D7=FFFF A0=3C0002 A1=100700 A2=F6D08 A3=108F48 A4=10F1104 A5=108000 A6=109058 PC=40BE -- 0040BE: lsl.w   #7, D0
D0=7800 D1=100 D2=0 D3=FFFF D4=84029C0 D5=802180A7 D6=842184A7 D7=FFFF A0=3C0002 A1=100700 A2=F6D08 A3=108F48 A4=10F1104 A5=108000 A6=109058 PC=40C0 -- 0040C0: move.w  D6, (-$2,A0)
D0=7800 D1=100 D2=0 D3=FFFF D4=84029C0 D5=802180A7 D6=842184A7 D7=FFFF A0=3C0002 A1=100700 A2=F6D08 A3=108F48 A4=10F1104 A5=108000 A6=109058 PC=40C4 -- 0040C4: move.w  D0, (A0)
D0=7800 D1=100 D2=0 D3=FFFF D4=84029C0 D5=802180A7 D6=842184A7 D7=FFFF A0=3C0002 A1=100700 A2=F6D08 A3=108F48 A4=10F1104 A5=108000 A6=109058 PC=40C6 -- 0040C6: moveq   #$0, D0
D0=0 D1=100 D2=0 D3=FFFF D4=84029C0 D5=802180A7 D6=842184A7 D7=FFFF A0=3C0002 A1=100700 A2=F6D08 A3=108F48 A4=10F1104 A5=108000 A6=109058 PC=40C8 -- 0040C8: move.b  (A2), D0
D0=1 D1=100 D2=0 D3=FFFF D4=84029C0 D5=802180A7 D6=842184A7 D7=FFFF A0=3C0002 A1=100700 A2=F6D08 A3=108F48 A4=10F1104 A5=108000 A6=109058 PC=40CA -- 0040CA: add.w   D0, D6
D0=1 D1=100 D2=0 D3=FFFF D4=84029C0 D5=802180A7 D6=842184A8 D7=FFFF A0=3C0002 A1=100700 A2=F6D08 A3=108F48 A4=10F1104 A5=108000 A6=109058 PC=40CC -- 0040CC: move.w  ($2,A4), D0
D0=FFFF D1=100 D2=0 D3=FFFF D4=84029C0 D5=802180A7 D6=842184A8 D7=FFFF A0=3C0002 A1=100700 A2=F6D08 A3=108F48 A4=10F1104 A5=108000 A6=109058 PC=40D0 -- 0040D0: btst    #$1, ($791,A5)
D0=FFFF D1=100 D2=0 D3=FFFF D4=84029C0 D5=802180A7 D6=842184A8 D7=FFFF A0=3C0002 A1=100700 A2=F6D08 A3=108F48 A4=10F1104 A5=108000 A6=109058 PC=40D6 -- 0040D6: beq     $40e4
D0=FFFF D1=100 D2=0 D3=FFFF D4=84029C0 D5=802180A7 D6=842184A8 D7=FFFF A0=3C0002 A1=100700 A2=F6D08 A3=108F48 A4=10F1104 A5=108000 A6=109058 PC=40E4 -- 0040E4: moveq   #$0, D1
D0=FFFF D1=0 D2=0 D3=FFFF D4=84029C0 D5=802180A7 D6=842184A8 D7=FFFF A0=3C0002 A1=100700 A2=F6D08 A3=108F48 A4=10F1104 A5=108000 A6=109058 PC=40E6 -- 0040E6: move.b  ($69,A1), D1
D0=FFFF D1=FF D2=0 D3=FFFF D4=84029C0 D5=802180A7 D6=842184A8 D7=FFFF A0=3C0002 A1=100700 A2=F6D08 A3=108F48 A4=10F1104 A5=108000 A6=109058 PC=40EA -- 0040EA: addq.w  #1, D1
D0=FFFF D1=100 D2=0 D3=FFFF D4=84029C0 D5=802180A7 D6=842184A8 D7=FFFF A0=3C0002 A1=100700 A2=F6D08 A3=108F48 A4=10F1104 A5=108000 A6=109058 PC=40EC -- 0040EC: muls.w  D1, D0
D0=FFFFFF00 D1=100 D2=0 D3=FFFF D4=84029C0 D5=802180A7 D6=842184A8 D7=FFFF A0=3C0002 A1=100700 A2=F6D08 A3=108F48 A4=10F1104 A5=108000 A6=109058 PC=40EE -- 0040EE: lsr.l   #8, D0
D0=FFFFFF D1=100 D2=0 D3=FFFF D4=84029C0 D5=802180A7 D6=842184A8 D7=FFFF A0=3C0002 A1=100700 A2=F6D08 A3=108F48 A4=10F1104 A5=108000 A6=109058 PC=40F0 -- 0040F0: add.w   ($26,A1), D0
D0=FF0077 D1=100 D2=0 D3=FFFF D4=84029C0 D5=802180A7 D6=842184A8 D7=FFFF A0=3C0002 A1=100700 A2=F6D08 A3=108F48 A4=10F1104 A5=108000 A6=109058 PC=40F4 -- 0040F4: neg.w   D0
D0=FFFF89 D1=100 D2=0 D3=FFFF D4=84029C0 D5=802180A7 D6=842184A8 D7=FFFF A0=3C0002 A1=100700 A2=F6D08 A3=108F48 A4=10F1104 A5=108000 A6=109058 PC=40F6 -- 0040F6: addi.w  #$1ff, D0
D0=FF0188 D1=100 D2=0 D3=FFFF D4=84029C0 D5=802180A7 D6=842184A8 D7=FFFF A0=3C0002 A1=100700 A2=F6D08 A3=108F48 A4=10F1104 A5=108000 A6=109058 PC=40FA -- 0040FA: lsl.w   #7, D0
D0=FFC400 D1=100 D2=0 D3=FFFF D4=84029C0 D5=802180A7 D6=842184A8 D7=FFFF A0=3C0002 A1=100700 A2=F6D08 A3=108F48 A4=10F1104 A5=108000 A6=109058 PC=40FC -- 0040FC: bsr     $4772
D0=FFC400 D1=100 D2=0 D3=FFFF D4=84029C0 D5=802180A7 D6=842184A8 D7=FFFF A0=3C0002 A1=100700 A2=F6D08 A3=108F48 A4=10F1104 A5=108000 A6=109058 PC=4772 -- 004772: move.w  D0, -(A7)
D0=FFC400 D1=100 D2=0 D3=FFFF D4=84029C0 D5=802180A7 D6=842184A8 D7=FFFF A0=3C0002 A1=100700 A2=F6D08 A3=108F48 A4=10F1104 A5=108000 A6=109058 PC=4774 -- 004774: moveq   #-$1, D0
D0=FFFFFFFF D1=100 D2=0 D3=FFFF D4=84029C0 D5=802180A7 D6=842184A8 D7=FFFF A0=3C0002 A1=100700 A2=F6D08 A3=108F48 A4=10F1104 A5=108000 A6=109058 PC=4776 -- 004776: moveq   #$0, D1
D0=FFFFFFFF D1=0 D2=0 D3=FFFF D4=84029C0 D5=802180A7 D6=842184A8 D7=FFFF A0=3C0002 A1=100700 A2=F6D08 A3=108F48 A4=10F1104 A5=108000 A6=109058 PC=4778 -- 004778: move.b  ($1,A2), D1
D0=FFFFFFFF D1=1 D2=0 D3=FFFF D4=84029C0 D5=802180A7 D6=842184A8 D7=FFFF A0=3C0002 A1=100700 A2=F6D08 A3=108F48 A4=10F1104 A5=108000 A6=109058 PC=477C -- 00477C: cmpi.b  #-$1, ($69,A1)
D0=FFFFFFFF D1=1 D2=0 D3=FFFF D4=84029C0 D5=802180A7 D6=842184A8 D7=FFFF A0=3C0002 A1=100700 A2=F6D08 A3=108F48 A4=10F1104 A5=108000 A6=109058 PC=4782 -- 004782: beq     $47b4
D0=FFFFFFFF D1=1 D2=0 D3=FFFF D4=84029C0 D5=802180A7 D6=842184A8 D7=FFFF A0=3C0002 A1=100700 A2=F6D08 A3=108F48 A4=10F1104 A5=108000 A6=109058 PC=47B4 -- 0047B4: move.b  D0, ($78f,A5)
D0=FFFFFFFF D1=1 D2=0 D3=FFFF D4=84029C0 D5=802180A7 D6=842184A8 D7=FFFF A0=3C0002 A1=100700 A2=F6D08 A3=108F48 A4=10F1104 A5=108000 A6=109058 PC=47B8 -- 0047B8: move.b  D1, ($78e,A5)
D0=FFFFFFFF D1=1 D2=0 D3=FFFF D4=84029C0 D5=802180A7 D6=842184A8 D7=FFFF A0=3C0002 A1=100700 A2=F6D08 A3=108F48 A4=10F1104 A5=108000 A6=109058 PC=47BC -- 0047BC: move.w  (A7)+, D0
D0=FFFFC400 D1=1 D2=0 D3=FFFF D4=84029C0 D5=802180A7 D6=842184A8 D7=FFFF A0=3C0002 A1=100700 A2=F6D08 A3=108F48 A4=10F1104 A5=108000 A6=109058 PC=47BE -- 0047BE: rts
D0=FFFFC400 D1=1 D2=0 D3=FFFF D4=84029C0 D5=802180A7 D6=842184A8 D7=FFFF A0=3C0002 A1=100700 A2=F6D08 A3=108F48 A4=10F1104 A5=108000 A6=109058 PC=4100 -- 004100: add.b   ($78e,A5), D0
D0=FFFFC401 D1=1 D2=0 D3=FFFF D4=84029C0 D5=802180A7 D6=842184A8 D7=FFFF A0=3C0002 A1=100700 A2=F6D08 A3=108F48 A4=10F1104 A5=108000 A6=109058 PC=4104 -- 004104: move.w  D0, (A3)+
D0=FFFFC401 D1=1 D2=0 D3=FFFF D4=84029C0 D5=802180A7 D6=842184A8 D7=FFFF A0=3C0002 A1=100700 A2=F6D08 A3=108F4A A4=10F1104 A5=108000 A6=109058 PC=4106 -- 004106: moveq   #$0, D0
D0=0 D1=1 D2=0 D3=FFFF D4=84029C0 D5=802180A7 D6=842184A8 D7=FFFF A0=3C0002 A1=100700 A2=F6D08 A3=108F4A A4=10F1104 A5=108000 A6=109058 PC=4108 -- 004108: move.b  (A2), D0
D0=1 D1=1 D2=0 D3=FFFF D4=84029C0 D5=802180A7 D6=842184A8 D7=FFFF A0=3C0002 A1=100700 A2=F6D08 A3=108F4A A4=10F1104 A5=108000 A6=109058 PC=410A -- 00410A: subq.b  #2, D0
D0=FF D1=1 D2=0 D3=FFFF D4=84029C0 D5=802180A7 D6=842184A8 D7=FFFF A0=3C0002 A1=100700 A2=F6D08 A3=108F4A A4=10F1104 A5=108000 A6=109058 PC=410C -- 00410C: bmi     $4118
D0=FF D1=1 D2=0 D3=FFFF D4=84029C0 D5=802180A7 D6=842184A8 D7=FFFF A0=3C0002 A1=100700 A2=F6D08 A3=108F4A A4=10F1104 A5=108000 A6=109058 PC=4118 -- 004118: move.w  #$1, ($2,A0)
D0=FF D1=1 D2=0 D3=FFFF D4=84029C0 D5=802180A7 D6=842184A8 D7=FFFF A0=3C0002 A1=100700 A2=F6D08 A3=108F4A A4=10F1104 A5=108000 A6=109058 PC=411E -- 00411E: move.w  D5, (-$2,A0)
D0=FF D1=1 D2=0 D3=FFFF D4=84029C0 D5=802180A7 D6=842184A8 D7=FFFF A0=3C0002 A1=100700 A2=F6D08 A3=108F4A A4=10F1104 A5=108000 A6=109058 PC=4122 -- 004122: moveq   #$0, D1
D0=FF D1=0 D2=0 D3=FFFF D4=84029C0 D5=802180A7 D6=842184A8 D7=FFFF A0=3C0002 A1=100700 A2=F6D08 A3=108F4A A4=10F1104 A5=108000 A6=109058 PC=4124 -- 004124: move.b  ($68,A1), D0
D0=FF D1=0 D2=0 D3=FFFF D4=84029C0 D5=802180A7 D6=842184A8 D7=FFFF A0=3C0002 A1=100700 A2=F6D08 A3=108F4A A4=10F1104 A5=108000 A6=109058 PC=4128 -- 004128: move.b  D0, D1
D0=FF D1=FF D2=0 D3=FFFF D4=84029C0 D5=802180A7 D6=842184A8 D7=FFFF A0=3C0002 A1=100700 A2=F6D08 A3=108F4A A4=10F1104 A5=108000 A6=109058 PC=412A -- 00412A: andi.w  #$f, D0
D0=F D1=FF D2=0 D3=FFFF D4=84029C0 D5=802180A7 D6=842184A8 D7=FFFF A0=3C0002 A1=100700 A2=F6D08 A3=108F4A A4=10F1104 A5=108000 A6=109058 PC=412E -- 00412E: lsr.b   #4, D1
D0=F D1=F D2=0 D3=FFFF D4=84029C0 D5=802180A7 D6=842184A8 D7=FFFF A0=3C0002 A1=100700 A2=F6D08 A3=108F4A A4=10F1104 A5=108000 A6=109058 PC=4130 -- 004130: tst.b   D1
D0=F D1=F D2=0 D3=FFFF D4=84029C0 D5=802180A7 D6=842184A8 D7=FFFF A0=3C0002 A1=100700 A2=F6D08 A3=108F4A A4=10F1104 A5=108000 A6=109058 PC=4132 -- 004132: beq     $4164
D0=F D1=F D2=0 D3=FFFF D4=84029C0 D5=802180A7 D6=842184A8 D7=FFFF A0=3C0002 A1=100700 A2=F6D08 A3=108F4A A4=10F1104 A5=108000 A6=109058 PC=4134 -- 004134: lea     $4f9d2.l, A6
D0=F D1=F D2=0 D3=FFFF D4=84029C0 D5=802180A7 D6=842184A8 D7=FFFF A0=3C0002 A1=100700 A2=F6D08 A3=108F4A A4=10F1104 A5=108000 A6=4F9D2 PC=413A -- 00413A: lsl.w   #5, D0
D0=1E0 D1=F D2=0 D3=FFFF D4=84029C0 D5=802180A7 D6=842184A8 D7=FFFF A0=3C0002 A1=100700 A2=F6D08 A3=108F4A A4=10F1104 A5=108000 A6=4F9D2 PC=413C -- 00413C: adda.w  D0, A6
D0=1E0 D1=F D2=0 D3=FFFF D4=84029C0 D5=802180A7 D6=842184A8 D7=FFFF A0=3C0002 A1=100700 A2=F6D08 A3=108F4A A4=10F1104 A5=108000 A6=4FBB2 PC=413E -- 00413E: moveq   #$f, D0
D0=F D1=F D2=0 D3=FFFF D4=84029C0 D5=802180A7 D6=842184A8 D7=FFFF A0=3C0002 A1=100700 A2=F6D08 A3=108F4A A4=10F1104 A5=108000 A6=4FBB2 PC=4140 -- 004140: moveq   #$0, D2
D0=F D1=F D2=0 D3=FFFF D4=84029C0 D5=802180A7 D6=842184A8 D7=FFFF A0=3C0002 A1=100700 A2=F6D08 A3=108F4A A4=10F1104 A5=108000 A6=4FBB2 PC=4142 -- 004142: move.b  (A2), D2
D0=F D1=F D2=1 D3=FFFF D4=84029C0 D5=802180A7 D6=842184A8 D7=FFFF A0=3C0002 A1=100700 A2=F6D08 A3=108F4A A4=10F1104 A5=108000 A6=4FBB2 PC=4144 -- 004144: lsr.w   #1, D2
D0=F D1=F D2=0 D3=FFFF D4=84029C0 D5=802180A7 D6=842184A8 D7=FFFF A0=3C0002 A1=100700 A2=F6D08 A3=108F4A A4=10F1104 A5=108000 A6=4FBB2 PC=4146 -- 004146: sub.w   D2, D0
D0=F D1=F D2=0 D3=FFFF D4=84029C0 D5=802180A7 D6=842184A8 D7=FFFF A0=3C0002 A1=100700 A2=F6D08 A3=108F4A A4=10F1104 A5=108000 A6=4FBB2 PC=4148 -- 004148: adda.l  D0, A6
D0=F D1=F D2=0 D3=FFFF D4=84029C0 D5=802180A7 D6=842184A8 D7=FFFF A0=3C0002 A1=100700 A2=F6D08 A3=108F4A A4=10F1104 A5=108000 A6=4FBC1 PC=414A -- 00414A: move.b  (A2), D0
D0=1 D1=F D2=0 D3=FFFF D4=84029C0 D5=802180A7 D6=842184A8 D7=FFFF A0=3C0002 A1=100700 A2=F6D08 A3=108F4A A4=10F1104 A5=108000 A6=4FBC1 PC=414C -- 00414C: add.w   D0, D5
D0=1 D1=F D2=0 D3=FFFF D4=84029C0 D5=802180A8 D6=842184A8 D7=FFFF A0=3C0002 A1=100700 A2=F6D08 A3=108F4A A4=10F1104 A5=108000 A6=4FBC1 PC=414E -- 00414E: subq.b  #1, D0
D0=0 D1=F D2=0 D3=FFFF D4=84029C0 D5=802180A8 D6=842184A8 D7=FFFF A0=3C0002 A1=100700 A2=F6D08 A3=108F4A A4=10F1104 A5=108000 A6=4FBC1 PC=4150 -- 004150: move.b  D1, D2
D0=0 D1=F D2=F D3=FFFF D4=84029C0 D5=802180A8 D6=842184A8 D7=FFFF A0=3C0002 A1=100700 A2=F6D08 A3=108F4A A4=10F1104 A5=108000 A6=4FBC1 PC=4152 -- 004152: sub.b   (A6)+, D2
D0=0 D1=F D2=F D3=FFFF D4=84029C0 D5=802180A8 D6=842184A8 D7=FFFF A0=3C0002 A1=100700 A2=F6D08 A3=108F4A A4=10F1104 A5=108000 A6=4FBC2 PC=4154 -- 004154: lsl.w   #8, D2
D0=0 D1=F D2=F00 D3=FFFF D4=84029C0 D5=802180A8 D6=842184A8 D7=FFFF A0=3C0002 A1=100700 A2=F6D08 A3=108F4A A4=10F1104 A5=108000 A6=4FBC2 PC=4156 -- 004156: move.b  ($69,A1), D2
D0=0 D1=F D2=FFF D3=FFFF D4=84029C0 D5=802180A8 D6=842184A8 D7=FFFF A0=3C0002 A1=100700 A2=F6D08 A3=108F4A A4=10F1104 A5=108000 A6=4FBC2 PC=415A -- 00415A: move.w  D2, (A0)
D0=0 D1=F D2=FFF D3=FFFF D4=84029C0 D5=802180A8 D6=842184A8 D7=FFFF A0=3C0002 A1=100700 A2=F6D08 A3=108F4A A4=10F1104 A5=108000 A6=4FBC2 PC=415C -- 00415C: dbra    D0, $4150
D0=FFFF D1=F D2=FFF D3=FFFF D4=84029C0 D5=802180A8 D6=842184A8 D7=FFFF A0=3C0002 A1=100700 A2=F6D08 A3=108F4A A4=10F1104 A5=108000 A6=4FBC2 PC=4160 -- 004160: bra     $4178
D0=FFFF D1=F D2=FFF D3=FFFF D4=84029C0 D5=802180A8 D6=842184A8 D7=FFFF A0=3C0002 A1=100700 A2=F6D08 A3=108F4A A4=10F1104 A5=108000 A6=4FBC2 PC=4178 -- 004178: move.b  ($2,A2), D0
D0=FFE0 D1=F D2=FFF D3=FFFF D4=84029C0 D5=802180A8 D6=842184A8 D7=FFFF A0=3C0002 A1=100700 A2=F6D08 A3=108F4A A4=10F1104 A5=108000 A6=4FBC2 PC=417C -- 00417C: tst.b   ($80,A1)
D0=FFE0 D1=F D2=FFF D3=FFFF D4=84029C0 D5=802180A8 D6=842184A8 D7=FFFF A0=3C0002 A1=100700 A2=F6D08 A3=108F4A A4=10F1104 A5=108000 A6=4FBC2 PC=4180 -- 004180: beq     $4188
D0=FFE0 D1=F D2=FFF D3=FFFF D4=84029C0 D5=802180A8 D6=842184A8 D7=FFFF A0=3C0002 A1=100700 A2=F6D08 A3=108F4A A4=10F1104 A5=108000 A6=4FBC2 PC=4188 -- 004188: add.b   ($30,A1), D0
D0=FFE0 D1=F D2=FFF D3=FFFF D4=84029C0 D5=802180A8 D6=842184A8 D7=FFFF A0=3C0002 A1=100700 A2=F6D08 A3=108F4A A4=10F1104 A5=108000 A6=4FBC2 PC=418C -- 00418C: lsl.w   #8, D0
D0=E000 D1=F D2=FFF D3=FFFF D4=84029C0 D5=802180A8 D6=842184A8 D7=FFFF A0=3C0002 A1=100700 A2=F6D08 A3=108F4A A4=10F1104 A5=108000 A6=4FBC2 PC=418E -- 00418E: tst.b   ($3,A2)
D0=E000 D1=F D2=FFF D3=FFFF D4=84029C0 D5=802180A8 D6=842184A8 D7=FFFF A0=3C0002 A1=100700 A2=F6D08 A3=108F4A A4=10F1104 A5=108000 A6=4FBC2 PC=4192 -- 004192: beq     $4198
D0=E000 D1=F D2=FFF D3=FFFF D4=84029C0 D5=802180A8 D6=842184A8 D7=FFFF A0=3C0002 A1=100700 A2=F6D08 A3=108F4A A4=10F1104 A5=108000 A6=4FBC2 PC=4194 -- 004194: move.b  #$10, D0
D0=E010 D1=F D2=FFF D3=FFFF D4=84029C0 D5=802180A8 D6=842184A8 D7=FFFF A0=3C0002 A1=100700 A2=F6D08 A3=108F4A A4=10F1104 A5=108000 A6=4FBC2 PC=4198 -- 004198: move.w  ($4,A2), D1
D0=E010 D1=DCAB D2=FFF D3=FFFF D4=84029C0 D5=802180A8 D6=842184A8 D7=FFFF A0=3C0002 A1=100700 A2=F6D08 A3=108F4A A4=10F1104 A5=108000 A6=4FBC2 PC=419C -- 00419C: moveq   #$0, D3
D0=E010 D1=DCAB D2=FFF D3=0 D4=84029C0 D5=802180A8 D6=842184A8 D7=FFFF A0=3C0002 A1=100700 A2=F6D08 A3=108F4A A4=10F1104 A5=108000 A6=4FBC2 PC=419E -- 00419E: move.b  (A2), D3
D0=E010 D1=DCAB D2=FFF D3=1 D4=84029C0 D5=802180A8 D6=842184A8 D7=FFFF A0=3C0002 A1=100700 A2=F6D08 A3=108F4A A4=10F1104 A5=108000 A6=4FBC2 PC=41A0 -- 0041A0: subq.b  #1, D3
D0=E010 D1=DCAB D2=FFF D3=0 D4=84029C0 D5=802180A8 D6=842184A8 D7=FFFF A0=3C0002 A1=100700 A2=F6D08 A3=108F4A A4=10F1104 A5=108000 A6=4FBC2 PC=41A2 -- 0041A2: move.w  ($790,A5), D7
D0=E010 D1=DCAB D2=FFF D3=0 D4=84029C0 D5=802180A8 D6=842184A8 D7=0 A0=3C0002 A1=100700 A2=F6D08 A3=108F4A A4=10F1104 A5=108000 A6=4FBC2 PC=41A6 -- 0041A6: add.w   D7, D7
D0=E010 D1=DCAB D2=FFF D3=0 D4=84029C0 D5=802180A8 D6=842184A8 D7=0 A0=3C0002 A1=100700 A2=F6D08 A3=108F4A A4=10F1104 A5=108000 A6=4FBC2 PC=41A8 -- 0041A8: add.w   D7, D7
D0=E010 D1=DCAB D2=FFF D3=0 D4=84029C0 D5=802180A8 D6=842184A8 D7=0 A0=3C0002 A1=100700 A2=F6D08 A3=108F4A A4=10F1104 A5=108000 A6=4FBC2 PC=41AA -- 0041AA: movea.l ($4,PC,D7.w), A6
D0=E010 D1=DCAB D2=FFF D3=0 D4=84029C0 D5=802180A8 D6=842184A8 D7=0 A0=3C0002 A1=100700 A2=F6D08 A3=108F4A A4=10F1104 A5=108000 A6=428C PC=41AE -- 0041AE: jmp     (A6)
D0=E010 D1=DCAB D2=FFF D3=0 D4=84029C0 D5=802180A8 D6=842184A8 D7=0 A0=3C0002 A1=100700 A2=F6D08 A3=108F4A A4=10F1104 A5=108000 A6=428C PC=428C -- 00428C: lea     ($6,A2), A6
D0=E010 D1=DCAB D2=FFF D3=0 D4=84029C0 D5=802180A8 D6=842184A8 D7=0 A0=3C0002 A1=100700 A2=F6D08 A3=108F4A A4=10F1104 A5=108000 A6=F6D0E PC=4290 -- 004290: move.w  #$1, ($2,A0)
D0=E010 D1=DCAB D2=FFF D3=0 D4=84029C0 D5=802180A8 D6=842184A8 D7=0 A0=3C0002 A1=100700 A2=F6D08 A3=108F4A A4=10F1104 A5=108000 A6=F6D0E PC=4296 -- 004296: moveq   #$0, D7
D0=E010 D1=DCAB D2=FFF D3=0 D4=84029C0 D5=802180A8 D6=842184A8 D7=0 A0=3C0002 A1=100700 A2=F6D08 A3=108F4A A4=10F1104 A5=108000 A6=F6D0E PC=4298 -- 004298: move.b  ($1,A2), D7
D0=E010 D1=DCAB D2=FFF D3=0 D4=84029C0 D5=802180A8 D6=842184A8 D7=1 A0=3C0002 A1=100700 A2=F6D08 A3=108F4A A4=10F1104 A5=108000 A6=F6D0E PC=429C -- 00429C: subq.b  #1, D7
D0=E010 D1=DCAB D2=FFF D3=0 D4=84029C0 D5=802180A8 D6=842184A8 D7=0 A0=3C0002 A1=100700 A2=F6D08 A3=108F4A A4=10F1104 A5=108000 A6=F6D0E PC=429E -- 00429E: move.w  (A6)+, D2
D0=E010 D1=DCAB D2=8000 D3=0 D4=84029C0 D5=802180A8 D6=842184A8 D7=0 A0=3C0002 A1=100700 A2=F6D08 A3=108F4A A4=10F1104 A5=108000 A6=F6D10 PC=42A0 -- 0042A0: move.w  D4, (-$2,A0)
D0=E010 D1=DCAB D2=8000 D3=0 D4=84029C0 D5=802180A8 D6=842184A8 D7=0 A0=3C0002 A1=100700 A2=F6D08 A3=108F4A A4=10F1104 A5=108000 A6=F6D10 PC=42A4 -- 0042A4: add.w   D2, D2
D0=E010 D1=DCAB D2=0 D3=0 D4=84029C0 D5=802180A8 D6=842184A8 D7=0 A0=3C0002 A1=100700 A2=F6D08 A3=108F4A A4=10F1104 A5=108000 A6=F6D10 PC=42A6 -- 0042A6: bcc     $42b8
D0=E010 D1=DCAB D2=0 D3=0 D4=84029C0 D5=802180A8 D6=842184A8 D7=0 A0=3C0002 A1=100700 A2=F6D08 A3=108F4A A4=10F1104 A5=108000 A6=F6D10 PC=42A8 -- 0042A8: move.w  D1, (A0)
D0=E010 D1=DCAB D2=0 D3=0 D4=84029C0 D5=802180A8 D6=842184A8 D7=0 A0=3C0002 A1=100700 A2=F6D08 A3=108F4A A4=10F1104 A5=108000 A6=F6D10 PC=42AA -- 0042AA: nop
D0=E010 D1=DCAB D2=0 D3=0 D4=84029C0 D5=802180A8 D6=842184A8 D7=0 A0=3C0002 A1=100700 A2=F6D08 A3=108F4A A4=10F1104 A5=108000 A6=F6D10 PC=42AC -- 0042AC: move.w  D0, (A0)
D0=E010 D1=DCAB D2=0 D3=0 D4=84029C0 D5=802180A8 D6=842184A8 D7=0 A0=3C0002 A1=100700 A2=F6D08 A3=108F4A A4=10F1104 A5=108000 A6=F6D10 PC=42AE -- 0042AE: addq.w  #1, D1
D0=E010 D1=DCAC D2=0 D3=0 D4=84029C0 D5=802180A8 D6=842184A8 D7=0 A0=3C0002 A1=100700 A2=F6D08 A3=108F4A A4=10F1104 A5=108000 A6=F6D10 PC=42B0 -- 0042B0: bcc     $42c0
D0=E010 D1=DCAC D2=0 D3=0 D4=84029C0 D5=802180A8 D6=842184A8 D7=0 A0=3C0002 A1=100700 A2=F6D08 A3=108F4A A4=10F1104 A5=108000 A6=F6D10 PC=42C0 -- 0042C0: dbra    D7, $42a4
D0=E010 D1=DCAC D2=0 D3=0 D4=84029C0 D5=802180A8 D6=842184A8 D7=FFFF A0=3C0002 A1=100700 A2=F6D08 A3=108F4A A4=10F1104 A5=108000 A6=F6D10 PC=42C4 -- 0042C4: bsr     $47c0
D0=E010 D1=DCAC D2=0 D3=0 D4=84029C0 D5=802180A8 D6=842184A8 D7=FFFF A0=3C0002 A1=100700 A2=F6D08 A3=108F4A A4=10F1104 A5=108000 A6=F6D10 PC=47C0 -- 0047C0: tst.b   ($78f,A5)
D0=E010 D1=DCAC D2=0 D3=0 D4=84029C0 D5=802180A8 D6=842184A8 D7=FFFF A0=3C0002 A1=100700 A2=F6D08 A3=108F4A A4=10F1104 A5=108000 A6=F6D10 PC=47C4 -- 0047C4: bpl     $47c8
D0=E010 D1=DCAC D2=0 D3=0 D4=84029C0 D5=802180A8 D6=842184A8 D7=FFFF A0=3C0002 A1=100700 A2=F6D08 A3=108F4A A4=10F1104 A5=108000 A6=F6D10 PC=47C6 -- 0047C6: rts
D0=E010 D1=DCAC D2=0 D3=0 D4=84029C0 D5=802180A8 D6=842184A8 D7=FFFF A0=3C0002 A1=100700 A2=F6D08 A3=108F4A A4=10F1104 A5=108000 A6=F6D10 PC=42C8 -- 0042C8: addi.w  #$40, D4
D0=E010 D1=DCAC D2=0 D3=0 D4=8402A00 D5=802180A8 D6=842184A8 D7=FFFF A0=3C0002 A1=100700 A2=F6D08 A3=108F4A A4=10F1104 A5=108000 A6=F6D10 PC=42CC -- 0042CC: dbra    D3, $4296
D0=E010 D1=DCAC D2=0 D3=FFFF D4=8402A00 D5=802180A8 D6=842184A8 D7=FFFF A0=3C0002 A1=100700 A2=F6D08 A3=108F4A A4=10F1104 A5=108000 A6=F6D10 PC=42D0 -- 0042D0: rts
D0=E010 D1=DCAC D2=0 D3=FFFF D4=8402A00 D5=802180A8 D6=842184A8 D7=FFFF A0=3C0002 A1=100700 A2=F6D08 A3=108F4A A4=10F1104 A5=108000 A6=F6D10 PC=4016 -- 004016: bra     $401c
D0=E010 D1=DCAC D2=0 D3=FFFF D4=8402A00 D5=802180A8 D6=842184A8 D7=FFFF A0=3C0002 A1=100700 A2=F6D08 A3=108F4A A4=10F1104 A5=108000 A6=F6D10 PC=401C -- 00401C: movea.l (A7)+, A6
D0=E010 D1=DCAC D2=0 D3=FFFF D4=8402A00 D5=802180A8 D6=842184A8 D7=FFFF A0=3C0002 A1=100700 A2=F6D08 A3=108F4A A4=10F1104 A5=108000 A6=108E3C PC=401E -- 00401E: btst    #$5, ($4,A4)
D0=E010 D1=DCAC D2=0 D3=FFFF D4=8402A00 D5=802180A8 D6=842184A8 D7=FFFF A0=3C0002 A1=100700 A2=F6D08 A3=108F4A A4=10F1104 A5=108000 A6=108E3C PC=4024 -- 004024: beq     $4056
D0=E010 D1=DCAC D2=0 D3=FFFF D4=8402A00 D5=802180A8 D6=842184A8 D7=FFFF A0=3C0002 A1=100700 A2=F6D08 A3=108F4A A4=10F1104 A5=108000 A6=108E3C PC=4056 -- 004056: tst.b   ($7c,A1)
D0=E010 D1=DCAC D2=0 D3=FFFF D4=8402A00 D5=802180A8 D6=842184A8 D7=FFFF A0=3C0002 A1=100700 A2=F6D08 A3=108F4A A4=10F1104 A5=108000 A6=108E3C PC=405A -- 00405A: bpl     $4064
D0=E010 D1=DCAC D2=0 D3=FFFF D4=8402A00 D5=802180A8 D6=842184A8 D7=FFFF A0=3C0002 A1=100700 A2=F6D08 A3=108F4A A4=10F1104 A5=108000 A6=108E3C PC=4064 -- 004064: movea.l (A7)+, A0
D0=E010 D1=DCAC D2=0 D3=FFFF D4=8402A00 D5=802180A8 D6=842184A8 D7=FFFF A0=10890E A1=100700 A2=F6D08 A3=108F4A A4=10F1104 A5=108000 A6=108E3C PC=4066 -- 004066: subq.w  #1, ($e3a,A5)
D0=E010 D1=DCAC D2=0 D3=FFFF D4=8402A00 D5=802180A8 D6=842184A8 D7=FFFF A0=10890E A1=100700 A2=F6D08 A3=108F4A A4=10F1104 A5=108000 A6=108E3C PC=406A -- 00406A: bne     $3f32
D0=E010 D1=DCAC D2=0 D3=FFFF D4=8402A00 D5=802180A8 D6=842184A8 D7=FFFF A0=10890E A1=100700 A2=F6D08 A3=108F4A A4=10F1104 A5=108000 A6=108E3C PC=3F32 -- 003F32: move.w  (A0)+, D0
D0=500 D1=DCAC D2=0 D3=FFFF D4=8402A00 D5=802180A8 D6=842184A8 D7=FFFF A0=108910 A1=100700 A2=F6D08 A3=108F4A A4=10F1104 A5=108000 A6=108E3C PC=3F34 -- 003F34: beq     $3f32
D0=500 D1=DCAC D2=0 D3=FFFF D4=8402A00 D5=802180A8 D6=842184A8 D7=FFFF A0=108910 A1=100700 A2=F6D08 A3=108F4A A4=10F1104 A5=108000 A6=108E3C PC=3F36 -- 003F36: clr.w   (-$2,A0)
D0=500 D1=DCAC D2=0 D3=FFFF D4=8402A00 D5=802180A8 D6=842184A8 D7=FFFF A0=108910 A1=100700 A2=F6D08 A3=108F4A A4=10F1104 A5=108000 A6=108E3C PC=3F3A -- 003F3A: move.l  A5, D1
D0=500 D1=108000 D2=0 D3=FFFF D4=8402A00 D5=802180A8 D6=842184A8 D7=FFFF A0=108910 A1=100700 A2=F6D08 A3=108F4A A4=10F1104 A5=108000 A6=108E3C PC=3F3C -- 003F3C: move.w  D0, D1
D0=500 D1=100500 D2=0 D3=FFFF D4=8402A00 D5=802180A8 D6=842184A8 D7=FFFF A0=108910 A1=100700 A2=F6D08 A3=108F4A A4=10F1104 A5=108000 A6=108E3C PC=3F3E -- 003F3E: movea.l D1, A1
D0=500 D1=100500 D2=0 D3=FFFF D4=8402A00 D5=802180A8 D6=842184A8 D7=FFFF A0=108910 A1=100500 A2=F6D08 A3=108F4A A4=10F1104 A5=108000 A6=108E3C PC=3F40 -- 003F40: movea.l ($28,A1), A2
D0=500 D1=100500 D2=0 D3=FFFF D4=8402A00 D5=802180A8 D6=842184A8 D7=FFFF A0=108910 A1=100500 A2=F6CF8 A3=108F4A A4=10F1104 A5=108000 A6=108E3C PC=3F44 -- 003F44: lea     $7bf48.l, A4
D0=500 D1=100500 D2=0 D3=FFFF D4=8402A00 D5=802180A8 D6=842184A8 D7=FFFF A0=108910 A1=100500 A2=F6CF8 A3=108F4A A4=7BF48 A5=108000 A6=108E3C PC=3F4A -- 003F4A: move.w  ($70,A1), D0
D0=1B D1=100500 D2=0 D3=FFFF D4=8402A00 D5=802180A8 D6=842184A8 D7=FFFF A0=108910 A1=100500 A2=F6CF8 A3=108F4A A4=7BF48 A5=108000 A6=108E3C PC=3F4E -- 003F4E: add.w   D0, D0
D0=36 D1=100500 D2=0 D3=FFFF D4=8402A00 D5=802180A8 D6=842184A8 D7=FFFF A0=108910 A1=100500 A2=F6CF8 A3=108F4A A4=7BF48 A5=108000 A6=108E3C PC=3F50 -- 003F50: add.w   D0, D0
D0=6C D1=100500 D2=0 D3=FFFF D4=8402A00 D5=802180A8 D6=842184A8 D7=FFFF A0=108910 A1=100500 A2=F6CF8 A3=108F4A A4=7BF48 A5=108000 A6=108E3C PC=3F52 -- 003F52: movea.l (A4,D0.w), A4
D0=6C D1=100500 D2=0 D3=FFFF D4=8402A00 D5=802180A8 D6=842184A8 D7=FFFF A0=108910 A1=100500 A2=F6CF8 A3=108F4A A4=7F5E0 A5=108000 A6=108E3C PC=3F56 -- 003F56: move.w  ($72,A1), D0
D0=38 D1=100500 D2=0 D3=FFFF D4=8402A00 D5=802180A8 D6=842184A8 D7=FFFF A0=108910 A1=100500 A2=F6CF8 A3=108F4A A4=7F5E0 A5=108000 A6=108E3C PC=3F5A -- 003F5A: add.w   D0, D0
D0=70 D1=100500 D2=0 D3=FFFF D4=8402A00 D5=802180A8 D6=842184A8 D7=FFFF A0=108910 A1=100500 A2=F6CF8 A3=108F4A A4=7F5E0 A5=108000 A6=108E3C PC=3F5C -- 003F5C: move.w  (A4,D0.w), ($46de,A5)
D0=70 D1=100500 D2=0 D3=FFFF D4=8402A00 D5=802180A8 D6=842184A8 D7=FFFF A0=108910 A1=100500 A2=F6CF8 A3=108F4A A4=7F5E0 A5=108000 A6=108E3C PC=3F62 -- 003F62: lea     $80000.l, A4
D0=70 D1=100500 D2=0 D3=FFFF D4=8402A00 D5=802180A8 D6=842184A8 D7=FFFF A0=108910 A1=100500 A2=F6CF8 A3=108F4A A4=80000 A5=108000 A6=108E3C PC=3F68 -- 003F68: move.w  ($70,A1), D0
D0=1B D1=100500 D2=0 D3=FFFF D4=8402A00 D5=802180A8 D6=842184A8 D7=FFFF A0=108910 A1=100500 A2=F6CF8 A3=108F4A A4=80000 A5=108000 A6=108E3C PC=3F6C -- 003F6C: add.w   D0, D0
D0=36 D1=100500 D2=0 D3=FFFF D4=8402A00 D5=802180A8 D6=842184A8 D7=FFFF A0=108910 A1=100500 A2=F6CF8 A3=108F4A A4=80000 A5=108000 A6=108E3C PC=3F6E -- 003F6E: add.w   D0, D0
D0=6C D1=100500 D2=0 D3=FFFF D4=8402A00 D5=802180A8 D6=842184A8 D7=FFFF A0=108910 A1=100500 A2=F6CF8 A3=108F4A A4=80000 A5=108000 A6=108E3C PC=3F70 -- 003F70: movea.l (A4,D0.w), A4
D0=6C D1=100500 D2=0 D3=FFFF D4=8402A00 D5=802180A8 D6=842184A8 D7=FFFF A0=108910 A1=100500 A2=F6CF8 A3=108F4A A4=86E00 A5=108000 A6=108E3C PC=3F74 -- 003F74: move.w  ($46de,A5), D0
D0=3838 D1=100500 D2=0 D3=FFFF D4=8402A00 D5=802180A8 D6=842184A8 D7=FFFF A0=108910 A1=100500 A2=F6CF8 A3=108F4A A4=86E00 A5=108000 A6=108E3C PC=3F78 -- 003F78: tst.b   ($46e2,A5)
D0=3838 D1=100500 D2=0 D3=FFFF D4=8402A00 D5=802180A8 D6=842184A8 D7=FFFF A0=108910 A1=100500 A2=F6CF8 A3=108F4A A4=86E00 A5=108000 A6=108E3C PC=3F7C -- 003F7C: beq     $3f82
D0=3838 D1=100500 D2=0 D3=FFFF D4=8402A00 D5=802180A8 D6=842184A8 D7=FFFF A0=108910 A1=100500 A2=F6CF8 A3=108F4A A4=86E00 A5=108000 A6=108E3C PC=3F82 -- 003F82: andi.w  #$ff, D0
D0=38 D1=100500 D2=0 D3=FFFF D4=8402A00 D5=802180A8 D6=842184A8 D7=FFFF A0=108910 A1=100500 A2=F6CF8 A3=108F4A A4=86E00 A5=108000 A6=108E3C PC=3F86 -- 003F86: add.w   D0, D0
D0=70 D1=100500 D2=0 D3=FFFF D4=8402A00 D5=802180A8 D6=842184A8 D7=FFFF A0=108910 A1=100500 A2=F6CF8 A3=108F4A A4=86E00 A5=108000 A6=108E3C PC=3F88 -- 003F88: add.w   D0, D0
D0=E0 D1=100500 D2=0 D3=FFFF D4=8402A00 D5=802180A8 D6=842184A8 D7=FFFF A0=108910 A1=100500 A2=F6CF8 A3=108F4A A4=86E00 A5=108000 A6=108E3C PC=3F8A -- 003F8A: movea.l (A4,D0.w), A4
D0=E0 D1=100500 D2=0 D3=FFFF D4=8402A00 D5=802180A8 D6=842184A8 D7=FFFF A0=108910 A1=100500 A2=F6CF8 A3=108F4A A4=F3112 A5=108000 A6=108E3C PC=3F8E -- 003F8E: move.w  ($74,A1), D0
D0=0 D1=100500 D2=0 D3=FFFF D4=8402A00 D5=802180A8 D6=842184A8 D7=FFFF A0=108910 A1=100500 A2=F6CF8 A3=108F4A A4=F3112 A5=108000 A6=108E3C PC=3F92 -- 003F92: adda.w  D0, A4
D0=0 D1=100500 D2=0 D3=FFFF D4=8402A00 D5=802180A8 D6=842184A8 D7=FFFF A0=108910 A1=100500 A2=F6CF8 A3=108F4A A4=F3112 A5=108000 A6=108E3C PC=3F94 -- 003F94: move.l  (A4), D0
D0=10F1110 D1=100500 D2=0 D3=FFFF D4=8402A00 D5=802180A8 D6=842184A8 D7=FFFF A0=108910 A1=100500 A2=F6CF8 A3=108F4A A4=F3112 A5=108000 A6=108E3C PC=3F96 -- 003F96: movea.l D0, A4
D0=10F1110 D1=100500 D2=0 D3=FFFF D4=8402A00 D5=802180A8 D6=842184A8 D7=FFFF A0=108910 A1=100500 A2=F6CF8 A3=108F4A A4=10F1110 A5=108000 A6=108E3C PC=3F98 -- 003F98: move.l  A0, -(A7)
D0=10F1110 D1=100500 D2=0 D3=FFFF D4=8402A00 D5=802180A8 D6=842184A8 D7=FFFF A0=108910 A1=100500 A2=F6CF8 A3=108F4A A4=10F1110 A5=108000 A6=108E3C PC=3F9A -- 003F9A: lea     $3c0002.l, A0
D0=10F1110 D1=100500 D2=0 D3=FFFF D4=8402A00 D5=802180A8 D6=842184A8 D7=FFFF A0=3C0002 A1=100500 A2=F6CF8 A3=108F4A A4=10F1110 A5=108000 A6=108E3C PC=3FA0 -- 003FA0: tst.b   ($7c,A1)
D0=10F1110 D1=100500 D2=0 D3=FFFF D4=8402A00 D5=802180A8 D6=842184A8 D7=FFFF A0=3C0002 A1=100500 A2=F6CF8 A3=108F4A A4=10F1110 A5=108000 A6=108E3C PC=3FA4 -- 003FA4: bpl     $3fc0
D0=10F1110 D1=100500 D2=0 D3=FFFF D4=8402A00 D5=802180A8 D6=842184A8 D7=FFFF A0=3C0002 A1=100500 A2=F6CF8 A3=108F4A A4=10F1110 A5=108000 A6=108E3C PC=3FC0 -- 003FC0: moveq   #$0, D0
D0=0 D1=100500 D2=0 D3=FFFF D4=8402A00 D5=802180A8 D6=842184A8 D7=FFFF A0=3C0002 A1=100500 A2=F6CF8 A3=108F4A A4=10F1110 A5=108000 A6=108E3C PC=3FC2 -- 003FC2: move.b  (A2), D0
D0=1 D1=100500 D2=0 D3=FFFF D4=8402A00 D5=802180A8 D6=842184A8 D7=FFFF A0=3C0002 A1=100500 A2=F6CF8 A3=108F4A A4=10F1110 A5=108000 A6=108E3C PC=3FC4 -- 003FC4: sub.w   D0, ($794,A5)
D0=1 D1=100500 D2=0 D3=FFFF D4=8402A00 D5=802180A8 D6=842184A8 D7=FFFF A0=3C0002 A1=100500 A2=F6CF8 A3=108F4A A4=10F1110 A5=108000 A6=108E3C PC=3FC8 -- 003FC8: bcc     $3fd2
D0=1 D1=100500 D2=0 D3=FFFF D4=8402A00 D5=802180A8 D6=842184A8 D7=FFFF A0=3C0002 A1=100500 A2=F6CF8 A3=108F4A A4=10F1110 A5=108000 A6=108E3C PC=3FD2 -- 003FD2: move.l  A6, -(A7)
D0=1 D1=100500 D2=0 D3=FFFF D4=8402A00 D5=802180A8 D6=842184A8 D7=FFFF A0=3C0002 A1=100500 A2=F6CF8 A3=108F4A A4=10F1110 A5=108000 A6=108E3C PC=3FD4 -- 003FD4: btst    #$6, ($7c,A1)
D0=1 D1=100500 D2=0 D3=FFFF D4=8402A00 D5=802180A8 D6=842184A8 D7=FFFF A0=3C0002 A1=100500 A2=F6CF8 A3=108F4A A4=10F1110 A5=108000 A6=108E3C PC=3FDA -- 003FDA: bne     $400c
D0=1 D1=100500 D2=0 D3=FFFF D4=8402A00 D5=802180A8 D6=842184A8 D7=FFFF A0=3C0002 A1=100500 A2=F6CF8 A3=108F4A A4=10F1110 A5=108000 A6=108E3C PC=3FDE -- 003FDE: moveq   #$0, D1
D0=1 D1=0 D2=0 D3=FFFF D4=8402A00 D5=802180A8 D6=842184A8 D7=FFFF A0=3C0002 A1=100500 A2=F6CF8 A3=108F4A A4=10F1110 A5=108000 A6=108E3C PC=3FE0 -- 003FE0: move.b  ($82,A1), D1
D0=1 D1=0 D2=0 D3=FFFF D4=8402A00 D5=802180A8 D6=842184A8 D7=FFFF A0=3C0002 A1=100500 A2=F6CF8 A3=108F4A A4=10F1110 A5=108000 A6=108E3C PC=3FE4 -- 003FE4: add.w   D1, D1
D0=1 D1=0 D2=0 D3=FFFF D4=8402A00 D5=802180A8 D6=842184A8 D7=FFFF A0=3C0002 A1=100500 A2=F6CF8 A3=108F4A A4=10F1110 A5=108000 A6=108E3C PC=3FE6 -- 003FE6: add.w   D1, D1
D0=1 D1=0 D2=0 D3=FFFF D4=8402A00 D5=802180A8 D6=842184A8 D7=FFFF A0=3C0002 A1=100500 A2=F6CF8 A3=108F4A A4=10F1110 A5=108000 A6=108E3C PC=3FE8 -- 003FE8: move.w  ($18,A1), D0
D0=100 D1=0 D2=0 D3=FFFF D4=8402A00 D5=802180A8 D6=842184A8 D7=FFFF A0=3C0002 A1=100500 A2=F6CF8 A3=108F4A A4=10F1110 A5=108000 A6=108E3C PC=3FEC -- 003FEC: lea     ($104c,A5), A6
D0=100 D1=0 D2=0 D3=FFFF D4=8402A00 D5=802180A8 D6=842184A8 D7=FFFF A0=3C0002 A1=100500 A2=F6CF8 A3=108F4A A4=10F1110 A5=108000 A6=10904C PC=3FF0 -- 003FF0: sub.w   (A6,D1.w), D0
D0=100 D1=0 D2=0 D3=FFFF D4=8402A00 D5=802180A8 D6=842184A8 D7=FFFF A0=3C0002 A1=100500 A2=F6CF8 A3=108F4A A4=10F1110 A5=108000 A6=10904C PC=3FF4 -- 003FF4: move.w  D0, ($24,A1)
D0=100 D1=0 D2=0 D3=FFFF D4=8402A00 D5=802180A8 D6=842184A8 D7=FFFF A0=3C0002 A1=100500 A2=F6CF8 A3=108F4A A4=10F1110 A5=108000 A6=10904C PC=3FF8 -- 003FF8: move.w  ($1c,A1), D0
D0=88 D1=0 D2=0 D3=FFFF D4=8402A00 D5=802180A8 D6=842184A8 D7=FFFF A0=3C0002 A1=100500 A2=F6CF8 A3=108F4A A4=10F1110 A5=108000 A6=10904C PC=3FFC -- 003FFC: sub.w   ($20,A1), D0
D0=88 D1=0 D2=0 D3=FFFF D4=8402A00 D5=802180A8 D6=842184A8 D7=FFFF A0=3C0002 A1=100500 A2=F6CF8 A3=108F4A A4=10F1110 A5=108000 A6=10904C PC=4000 -- 004000: lea     ($1058,A5), A6
D0=88 D1=0 D2=0 D3=FFFF D4=8402A00 D5=802180A8 D6=842184A8 D7=FFFF A0=3C0002 A1=100500 A2=F6CF8 A3=108F4A A4=10F1110 A5=108000 A6=109058 PC=4004 -- 004004: sub.w   (A6,D1.w), D0
D0=88 D1=0 D2=0 D3=FFFF D4=8402A00 D5=802180A8 D6=842184A8 D7=FFFF A0=3C0002 A1=100500 A2=F6CF8 A3=108F4A A4=10F1110 A5=108000 A6=109058 PC=4008 -- 004008: move.w  D0, ($26,A1)
D0=88 D1=0 D2=0 D3=FFFF D4=8402A00 D5=802180A8 D6=842184A8 D7=FFFF A0=3C0002 A1=100500 A2=F6CF8 A3=108F4A A4=10F1110 A5=108000 A6=109058 PC=400C -- 00400C: tst.b   ($3a66,A5)
D0=88 D1=0 D2=0 D3=FFFF D4=8402A00 D5=802180A8 D6=842184A8 D7=FFFF A0=3C0002 A1=100500 A2=F6CF8 A3=108F4A A4=10F1110 A5=108000 A6=109058 PC=4010 -- 004010: bmi     $4018
D0=88 D1=0 D2=0 D3=FFFF D4=8402A00 D5=802180A8 D6=842184A8 D7=FFFF A0=3C0002 A1=100500 A2=F6CF8 A3=108F4A A4=10F1110 A5=108000 A6=109058 PC=4012 -- 004012: bsr     $4088
D0=88 D1=0 D2=0 D3=FFFF D4=8402A00 D5=802180A8 D6=842184A8 D7=FFFF A0=3C0002 A1=100500 A2=F6CF8 A3=108F4A A4=10F1110 A5=108000 A6=109058 PC=4088 -- 004088: move.w  (A4), D0
D0=0 D1=0 D2=0 D3=FFFF D4=8402A00 D5=802180A8 D6=842184A8 D7=FFFF A0=3C0002 A1=100500 A2=F6CF8 A3=108F4A A4=10F1110 A5=108000 A6=109058 PC=408A -- 00408A: move.b  ($31,A1), D1
D0=0 D1=0 D2=0 D3=FFFF D4=8402A00 D5=802180A8 D6=842184A8 D7=FFFF A0=3C0002 A1=100500 A2=F6CF8 A3=108F4A A4=10F1110 A5=108000 A6=109058 PC=408E -- 00408E: move.b  ($4,A4), D2
D0=0 D1=0 D2=0 D3=FFFF D4=8402A00 D5=802180A8 D6=842184A8 D7=FFFF A0=3C0002 A1=100500 A2=F6CF8 A3=108F4A A4=10F1110 A5=108000 A6=109058 PC=4092 -- 004092: rol.b   #2, D2
D0=0 D1=0 D2=0 D3=FFFF D4=8402A00 D5=802180A8 D6=842184A8 D7=FFFF A0=3C0002 A1=100500 A2=F6CF8 A3=108F4A A4=10F1110 A5=108000 A6=109058 PC=4094 -- 004094: eor.w   D2, D1
D0=0 D1=0 D2=0 D3=FFFF D4=8402A00 D5=802180A8 D6=842184A8 D7=FFFF A0=3C0002 A1=100500 A2=F6CF8 A3=108F4A A4=10F1110 A5=108000 A6=109058 PC=4096 -- 004096: andi.w  #$3, D1
D0=0 D1=0 D2=0 D3=FFFF D4=8402A00 D5=802180A8 D6=842184A8 D7=FFFF A0=3C0002 A1=100500 A2=F6CF8 A3=108F4A A4=10F1110 A5=108000 A6=109058 PC=409A -- 00409A: move.w  D1, ($790,A5)
D0=0 D1=0 D2=0 D3=FFFF D4=8402A00 D5=802180A8 D6=842184A8 D7=FFFF A0=3C0002 A1=100500 A2=F6CF8 A3=108F4A A4=10F1110 A5=108000 A6=109058 PC=409E -- 00409E: andi.w  #$1, D1
D0=0 D1=0 D2=0 D3=FFFF D4=8402A00 D5=802180A8 D6=842184A8 D7=FFFF A0=3C0002 A1=100500 A2=F6CF8 A3=108F4A A4=10F1110 A5=108000 A6=109058 PC=40A2 -- 0040A2: beq     $40ae
D0=0 D1=0 D2=0 D3=FFFF D4=8402A00 D5=802180A8 D6=842184A8 D7=FFFF A0=3C0002 A1=100500 A2=F6CF8 A3=108F4A A4=10F1110 A5=108000 A6=109058 PC=40AE -- 0040AE: moveq   #$0, D1
D0=0 D1=0 D2=0 D3=FFFF D4=8402A00 D5=802180A8 D6=842184A8 D7=FFFF A0=3C0002 A1=100500 A2=F6CF8 A3=108F4A A4=10F1110 A5=108000 A6=109058 PC=40B0 -- 0040B0: move.b  ($68,A1), D1
D0=0 D1=FF D2=0 D3=FFFF D4=8402A00 D5=802180A8 D6=842184A8 D7=FFFF A0=3C0002 A1=100500 A2=F6CF8 A3=108F4A A4=10F1110 A5=108000 A6=109058 PC=40B4 -- 0040B4: addq.w  #1, D1
D0=0 D1=100 D2=0 D3=FFFF D4=8402A00 D5=802180A8 D6=842184A8 D7=FFFF A0=3C0002 A1=100500 A2=F6CF8 A3=108F4A A4=10F1110 A5=108000 A6=109058 PC=40B6 -- 0040B6: muls.w  D1, D0
D0=0 D1=100 D2=0 D3=FFFF D4=8402A00 D5=802180A8 D6=842184A8 D7=FFFF A0=3C0002 A1=100500 A2=F6CF8 A3=108F4A A4=10F1110 A5=108000 A6=109058 PC=40B8 -- 0040B8: lsr.l   #8, D0
D0=0 D1=100 D2=0 D3=FFFF D4=8402A00 D5=802180A8 D6=842184A8 D7=FFFF A0=3C0002 A1=100500 A2=F6CF8 A3=108F4A A4=10F1110 A5=108000 A6=109058 PC=40BA -- 0040BA: add.w   ($24,A1), D0
D0=100 D1=100 D2=0 D3=FFFF D4=8402A00 D5=802180A8 D6=842184A8 D7=FFFF A0=3C0002 A1=100500 A2=F6CF8 A3=108F4A A4=10F1110 A5=108000 A6=109058 PC=40BE -- 0040BE: lsl.w   #7, D0
D0=8000 D1=100 D2=0 D3=FFFF D4=8402A00 D5=802180A8 D6=842184A8 D7=FFFF A0=3C0002 A1=100500 A2=F6CF8 A3=108F4A A4=10F1110 A5=108000 A6=109058 PC=40C0 -- 0040C0: move.w  D6, (-$2,A0)
D0=8000 D1=100 D2=0 D3=FFFF D4=8402A00 D5=802180A8 D6=842184A8 D7=FFFF A0=3C0002 A1=100500 A2=F6CF8 A3=108F4A A4=10F1110 A5=108000 A6=109058 PC=40C4 -- 0040C4: move.w  D0, (A0)
D0=8000 D1=100 D2=0 D3=FFFF D4=8402A00 D5=802180A8 D6=842184A8 D7=FFFF A0=3C0002 A1=100500 A2=F6CF8 A3=108F4A A4=10F1110 A5=108000 A6=109058 PC=40C6 -- 0040C6: moveq   #$0, D0
D0=0 D1=100 D2=0 D3=FFFF D4=8402A00 D5=802180A8 D6=842184A8 D7=FFFF A0=3C0002 A1=100500 A2=F6CF8 A3=108F4A A4=10F1110 A5=108000 A6=109058 PC=40C8 -- 0040C8: move.b  (A2), D0
D0=1 D1=100 D2=0 D3=FFFF D4=8402A00 D5=802180A8 D6=842184A8 D7=FFFF A0=3C0002 A1=100500 A2=F6CF8 A3=108F4A A4=10F1110 A5=108000 A6=109058 PC=40CA -- 0040CA: add.w   D0, D6
D0=1 D1=100 D2=0 D3=FFFF D4=8402A00 D5=802180A8 D6=842184A9 D7=FFFF A0=3C0002 A1=100500 A2=F6CF8 A3=108F4A A4=10F1110 A5=108000 A6=109058 PC=40CC -- 0040CC: move.w  ($2,A4), D0
D0=FFFF D1=100 D2=0 D3=FFFF D4=8402A00 D5=802180A8 D6=842184A9 D7=FFFF A0=3C0002 A1=100500 A2=F6CF8 A3=108F4A A4=10F1110 A5=108000 A6=109058 PC=40D0 -- 0040D0: btst    #$1, ($791,A5)
D0=FFFF D1=100 D2=0 D3=FFFF D4=8402A00 D5=802180A8 D6=842184A9 D7=FFFF A0=3C0002 A1=100500 A2=F6CF8 A3=108F4A A4=10F1110 A5=108000 A6=109058 PC=40D6 -- 0040D6: beq     $40e4
D0=FFFF D1=100 D2=0 D3=FFFF D4=8402A00 D5=802180A8 D6=842184A9 D7=FFFF A0=3C0002 A1=100500 A2=F6CF8 A3=108F4A A4=10F1110 A5=108000 A6=109058 PC=40E4 -- 0040E4: moveq   #$0, D1
D0=FFFF D1=0 D2=0 D3=FFFF D4=8402A00 D5=802180A8 D6=842184A9 D7=FFFF A0=3C0002 A1=100500 A2=F6CF8 A3=108F4A A4=10F1110 A5=108000 A6=109058 PC=40E6 -- 0040E6: move.b  ($69,A1), D1
D0=FFFF D1=FF D2=0 D3=FFFF D4=8402A00 D5=802180A8 D6=842184A9 D7=FFFF A0=3C0002 A1=100500 A2=F6CF8 A3=108F4A A4=10F1110 A5=108000 A6=109058 PC=40EA -- 0040EA: addq.w  #1, D1
D0=FFFF D1=100 D2=0 D3=FFFF D4=8402A00 D5=802180A8 D6=842184A9 D7=FFFF A0=3C0002 A1=100500 A2=F6CF8 A3=108F4A A4=10F1110 A5=108000 A6=109058 PC=40EC -- 0040EC: muls.w  D1, D0
D0=FFFFFF00 D1=100 D2=0 D3=FFFF D4=8402A00 D5=802180A8 D6=842184A9 D7=FFFF A0=3C0002 A1=100500 A2=F6CF8 A3=108F4A A4=10F1110 A5=108000 A6=109058 PC=40EE -- 0040EE: lsr.l   #8, D0
D0=FFFFFF D1=100 D2=0 D3=FFFF D4=8402A00 D5=802180A8 D6=842184A9 D7=FFFF A0=3C0002 A1=100500 A2=F6CF8 A3=108F4A A4=10F1110 A5=108000 A6=109058 PC=40F0 -- 0040F0: add.w   ($26,A1), D0
D0=FF0087 D1=100 D2=0 D3=FFFF D4=8402A00 D5=802180A8 D6=842184A9 D7=FFFF A0=3C0002 A1=100500 A2=F6CF8 A3=108F4A A4=10F1110 A5=108000 A6=109058 PC=40F4 -- 0040F4: neg.w   D0
D0=FFFF79 D1=100 D2=0 D3=FFFF D4=8402A00 D5=802180A8 D6=842184A9 D7=FFFF A0=3C0002 A1=100500 A2=F6CF8 A3=108F4A A4=10F1110 A5=108000 A6=109058 PC=40F6 -- 0040F6: addi.w  #$1ff, D0
D0=FF0178 D1=100 D2=0 D3=FFFF D4=8402A00 D5=802180A8 D6=842184A9 D7=FFFF A0=3C0002 A1=100500 A2=F6CF8 A3=108F4A A4=10F1110 A5=108000 A6=109058 PC=40FA -- 0040FA: lsl.w   #7, D0
D0=FFBC00 D1=100 D2=0 D3=FFFF D4=8402A00 D5=802180A8 D6=842184A9 D7=FFFF A0=3C0002 A1=100500 A2=F6CF8 A3=108F4A A4=10F1110 A5=108000 A6=109058 PC=40FC -- 0040FC: bsr     $4772
D0=FFBC00 D1=100 D2=0 D3=FFFF D4=8402A00 D5=802180A8 D6=842184A9 D7=FFFF A0=3C0002 A1=100500 A2=F6CF8 A3=108F4A A4=10F1110 A5=108000 A6=109058 PC=4772 -- 004772: move.w  D0, -(A7)
D0=FFBC00 D1=100 D2=0 D3=FFFF D4=8402A00 D5=802180A8 D6=842184A9 D7=FFFF A0=3C0002 A1=100500 A2=F6CF8 A3=108F4A A4=10F1110 A5=108000 A6=109058 PC=4774 -- 004774: moveq   #-$1, D0
D0=FFFFFFFF D1=100 D2=0 D3=FFFF D4=8402A00 D5=802180A8 D6=842184A9 D7=FFFF A0=3C0002 A1=100500 A2=F6CF8 A3=108F4A A4=10F1110 A5=108000 A6=109058 PC=4776 -- 004776: moveq   #$0, D1
D0=FFFFFFFF D1=0 D2=0 D3=FFFF D4=8402A00 D5=802180A8 D6=842184A9 D7=FFFF A0=3C0002 A1=100500 A2=F6CF8 A3=108F4A A4=10F1110 A5=108000 A6=109058 PC=4778 -- 004778: move.b  ($1,A2), D1
D0=FFFFFFFF D1=1 D2=0 D3=FFFF D4=8402A00 D5=802180A8 D6=842184A9 D7=FFFF A0=3C0002 A1=100500 A2=F6CF8 A3=108F4A A4=10F1110 A5=108000 A6=109058 PC=477C -- 00477C: cmpi.b  #-$1, ($69,A1)
D0=FFFFFFFF D1=1 D2=0 D3=FFFF D4=8402A00 D5=802180A8 D6=842184A9 D7=FFFF A0=3C0002 A1=100500 A2=F6CF8 A3=108F4A A4=10F1110 A5=108000 A6=109058 PC=4782 -- 004782: beq     $47b4
D0=FFFFFFFF D1=1 D2=0 D3=FFFF D4=8402A00 D5=802180A8 D6=842184A9 D7=FFFF A0=3C0002 A1=100500 A2=F6CF8 A3=108F4A A4=10F1110 A5=108000 A6=109058 PC=47B4 -- 0047B4: move.b  D0, ($78f,A5)
D0=FFFFFFFF D1=1 D2=0 D3=FFFF D4=8402A00 D5=802180A8 D6=842184A9 D7=FFFF A0=3C0002 A1=100500 A2=F6CF8 A3=108F4A A4=10F1110 A5=108000 A6=109058 PC=47B8 -- 0047B8: move.b  D1, ($78e,A5)
D0=FFFFFFFF D1=1 D2=0 D3=FFFF D4=8402A00 D5=802180A8 D6=842184A9 D7=FFFF A0=3C0002 A1=100500 A2=F6CF8 A3=108F4A A4=10F1110 A5=108000 A6=109058 PC=47BC -- 0047BC: move.w  (A7)+, D0
D0=FFFFBC00 D1=1 D2=0 D3=FFFF D4=8402A00 D5=802180A8 D6=842184A9 D7=FFFF A0=3C0002 A1=100500 A2=F6CF8 A3=108F4A A4=10F1110 A5=108000 A6=109058 PC=47BE -- 0047BE: rts
D0=FFFFBC00 D1=1 D2=0 D3=FFFF D4=8402A00 D5=802180A8 D6=842184A9 D7=FFFF A0=3C0002 A1=100500 A2=F6CF8 A3=108F4A A4=10F1110 A5=108000 A6=109058 PC=4100 -- 004100: add.b   ($78e,A5), D0
D0=FFFFBC01 D1=1 D2=0 D3=FFFF D4=8402A00 D5=802180A8 D6=842184A9 D7=FFFF A0=3C0002 A1=100500 A2=F6CF8 A3=108F4A A4=10F1110 A5=108000 A6=109058 PC=4104 -- 004104: move.w  D0, (A3)+
D0=FFFFBC01 D1=1 D2=0 D3=FFFF D4=8402A00 D5=802180A8 D6=842184A9 D7=FFFF A0=3C0002 A1=100500 A2=F6CF8 A3=108F4C A4=10F1110 A5=108000 A6=109058 PC=4106 -- 004106: moveq   #$0, D0
D0=0 D1=1 D2=0 D3=FFFF D4=8402A00 D5=802180A8 D6=842184A9 D7=FFFF A0=3C0002 A1=100500 A2=F6CF8 A3=108F4C A4=10F1110 A5=108000 A6=109058 PC=4108 -- 004108: move.b  (A2), D0
D0=1 D1=1 D2=0 D3=FFFF D4=8402A00 D5=802180A8 D6=842184A9 D7=FFFF A0=3C0002 A1=100500 A2=F6CF8 A3=108F4C A4=10F1110 A5=108000 A6=109058 PC=410A -- 00410A: subq.b  #2, D0
D0=FF D1=1 D2=0 D3=FFFF D4=8402A00 D5=802180A8 D6=842184A9 D7=FFFF A0=3C0002 A1=100500 A2=F6CF8 A3=108F4C A4=10F1110 A5=108000 A6=109058 PC=410C -- 00410C: bmi     $4118
D0=FF D1=1 D2=0 D3=FFFF D4=8402A00 D5=802180A8 D6=842184A9 D7=FFFF A0=3C0002 A1=100500 A2=F6CF8 A3=108F4C A4=10F1110 A5=108000 A6=109058 PC=4118 -- 004118: move.w  #$1, ($2,A0)
D0=FF D1=1 D2=0 D3=FFFF D4=8402A00 D5=802180A8 D6=842184A9 D7=FFFF A0=3C0002 A1=100500 A2=F6CF8 A3=108F4C A4=10F1110 A5=108000 A6=109058 PC=411E -- 00411E: move.w  D5, (-$2,A0)
D0=FF D1=1 D2=0 D3=FFFF D4=8402A00 D5=802180A8 D6=842184A9 D7=FFFF A0=3C0002 A1=100500 A2=F6CF8 A3=108F4C A4=10F1110 A5=108000 A6=109058 PC=4122 -- 004122: moveq   #$0, D1
D0=FF D1=0 D2=0 D3=FFFF D4=8402A00 D5=802180A8 D6=842184A9 D7=FFFF A0=3C0002 A1=100500 A2=F6CF8 A3=108F4C A4=10F1110 A5=108000 A6=109058 PC=4124 -- 004124: move.b  ($68,A1), D0
D0=FF D1=0 D2=0 D3=FFFF D4=8402A00 D5=802180A8 D6=842184A9 D7=FFFF A0=3C0002 A1=100500 A2=F6CF8 A3=108F4C A4=10F1110 A5=108000 A6=109058 PC=4128 -- 004128: move.b  D0, D1
D0=FF D1=FF D2=0 D3=FFFF D4=8402A00 D5=802180A8 D6=842184A9 D7=FFFF A0=3C0002 A1=100500 A2=F6CF8 A3=108F4C A4=10F1110 A5=108000 A6=109058 PC=412A -- 00412A: andi.w  #$f, D0
D0=F D1=FF D2=0 D3=FFFF D4=8402A00 D5=802180A8 D6=842184A9 D7=FFFF A0=3C0002 A1=100500 A2=F6CF8 A3=108F4C A4=10F1110 A5=108000 A6=109058 PC=412E -- 00412E: lsr.b   #4, D1
D0=F D1=F D2=0 D3=FFFF D4=8402A00 D5=802180A8 D6=842184A9 D7=FFFF A0=3C0002 A1=100500 A2=F6CF8 A3=108F4C A4=10F1110 A5=108000 A6=109058 PC=4130 -- 004130: tst.b   D1
D0=F D1=F D2=0 D3=FFFF D4=8402A00 D5=802180A8 D6=842184A9 D7=FFFF A0=3C0002 A1=100500 A2=F6CF8 A3=108F4C A4=10F1110 A5=108000 A6=109058 PC=4132 -- 004132: beq     $4164
D0=F D1=F D2=0 D3=FFFF D4=8402A00 D5=802180A8 D6=842184A9 D7=FFFF A0=3C0002 A1=100500 A2=F6CF8 A3=108F4C A4=10F1110 A5=108000 A6=109058 PC=4134 -- 004134: lea     $4f9d2.l, A6
D0=F D1=F D2=0 D3=FFFF D4=8402A00 D5=802180A8 D6=842184A9 D7=FFFF A0=3C0002 A1=100500 A2=F6CF8 A3=108F4C A4=10F1110 A5=108000 A6=4F9D2 PC=413A -- 00413A: lsl.w   #5, D0
D0=1E0 D1=F D2=0 D3=FFFF D4=8402A00 D5=802180A8 D6=842184A9 D7=FFFF A0=3C0002 A1=100500 A2=F6CF8 A3=108F4C A4=10F1110 A5=108000 A6=4F9D2 PC=413C -- 00413C: adda.w  D0, A6
D0=1E0 D1=F D2=0 D3=FFFF D4=8402A00 D5=802180A8 D6=842184A9 D7=FFFF A0=3C0002 A1=100500 A2=F6CF8 A3=108F4C A4=10F1110 A5=108000 A6=4FBB2 PC=413E -- 00413E: moveq   #$f, D0
D0=F D1=F D2=0 D3=FFFF D4=8402A00 D5=802180A8 D6=842184A9 D7=FFFF A0=3C0002 A1=100500 A2=F6CF8 A3=108F4C A4=10F1110 A5=108000 A6=4FBB2 PC=4140 -- 004140: moveq   #$0, D2
D0=F D1=F D2=0 D3=FFFF D4=8402A00 D5=802180A8 D6=842184A9 D7=FFFF A0=3C0002 A1=100500 A2=F6CF8 A3=108F4C A4=10F1110 A5=108000 A6=4FBB2 PC=4142 -- 004142: move.b  (A2), D2
D0=F D1=F D2=1 D3=FFFF D4=8402A00 D5=802180A8 D6=842184A9 D7=FFFF A0=3C0002 A1=100500 A2=F6CF8 A3=108F4C A4=10F1110 A5=108000 A6=4FBB2 PC=4144 -- 004144: lsr.w   #1, D2
D0=F D1=F D2=0 D3=FFFF D4=8402A00 D5=802180A8 D6=842184A9 D7=FFFF A0=3C0002 A1=100500 A2=F6CF8 A3=108F4C A4=10F1110 A5=108000 A6=4FBB2 PC=4146 -- 004146: sub.w   D2, D0
D0=F D1=F D2=0 D3=FFFF D4=8402A00 D5=802180A8 D6=842184A9 D7=FFFF A0=3C0002 A1=100500 A2=F6CF8 A3=108F4C A4=10F1110 A5=108000 A6=4FBB2 PC=4148 -- 004148: adda.l  D0, A6
D0=F D1=F D2=0 D3=FFFF D4=8402A00 D5=802180A8 D6=842184A9 D7=FFFF A0=3C0002 A1=100500 A2=F6CF8 A3=108F4C A4=10F1110 A5=108000 A6=4FBC1 PC=414A -- 00414A: move.b  (A2), D0
D0=1 D1=F D2=0 D3=FFFF D4=8402A00 D5=802180A8 D6=842184A9 D7=FFFF A0=3C0002 A1=100500 A2=F6CF8 A3=108F4C A4=10F1110 A5=108000 A6=4FBC1 PC=414C -- 00414C: add.w   D0, D5
D0=1 D1=F D2=0 D3=FFFF D4=8402A00 D5=802180A9 D6=842184A9 D7=FFFF A0=3C0002 A1=100500 A2=F6CF8 A3=108F4C A4=10F1110 A5=108000 A6=4FBC1 PC=414E -- 00414E: subq.b  #1, D0
D0=0 D1=F D2=0 D3=FFFF D4=8402A00 D5=802180A9 D6=842184A9 D7=FFFF A0=3C0002 A1=100500 A2=F6CF8 A3=108F4C A4=10F1110 A5=108000 A6=4FBC1 PC=4150 -- 004150: move.b  D1, D2
D0=0 D1=F D2=F D3=FFFF D4=8402A00 D5=802180A9 D6=842184A9 D7=FFFF A0=3C0002 A1=100500 A2=F6CF8 A3=108F4C A4=10F1110 A5=108000 A6=4FBC1 PC=4152 -- 004152: sub.b   (A6)+, D2
D0=0 D1=F D2=F D3=FFFF D4=8402A00 D5=802180A9 D6=842184A9 D7=FFFF A0=3C0002 A1=100500 A2=F6CF8 A3=108F4C A4=10F1110 A5=108000 A6=4FBC2 PC=4154 -- 004154: lsl.w   #8, D2
D0=0 D1=F D2=F00 D3=FFFF D4=8402A00 D5=802180A9 D6=842184A9 D7=FFFF A0=3C0002 A1=100500 A2=F6CF8 A3=108F4C A4=10F1110 A5=108000 A6=4FBC2 PC=4156 -- 004156: move.b  ($69,A1), D2
D0=0 D1=F D2=FFF D3=FFFF D4=8402A00 D5=802180A9 D6=842184A9 D7=FFFF A0=3C0002 A1=100500 A2=F6CF8 A3=108F4C A4=10F1110 A5=108000 A6=4FBC2 PC=415A -- 00415A: move.w  D2, (A0)
D0=0 D1=F D2=FFF D3=FFFF D4=8402A00 D5=802180A9 D6=842184A9 D7=FFFF A0=3C0002 A1=100500 A2=F6CF8 A3=108F4C A4=10F1110 A5=108000 A6=4FBC2 PC=415C -- 00415C: dbra    D0, $4150
D0=FFFF D1=F D2=FFF D3=FFFF D4=8402A00 D5=802180A9 D6=842184A9 D7=FFFF A0=3C0002 A1=100500 A2=F6CF8 A3=108F4C A4=10F1110 A5=108000 A6=4FBC2 PC=4160 -- 004160: bra     $4178
D0=FFFF D1=F D2=FFF D3=FFFF D4=8402A00 D5=802180A9 D6=842184A9 D7=FFFF A0=3C0002 A1=100500 A2=F6CF8 A3=108F4C A4=10F1110 A5=108000 A6=4FBC2 PC=4178 -- 004178: move.b  ($2,A2), D0
D0=FFC5 D1=F D2=FFF D3=FFFF D4=8402A00 D5=802180A9 D6=842184A9 D7=FFFF A0=3C0002 A1=100500 A2=F6CF8 A3=108F4C A4=10F1110 A5=108000 A6=4FBC2 PC=417C -- 00417C: tst.b   ($80,A1)
D0=FFC5 D1=F D2=FFF D3=FFFF D4=8402A00 D5=802180A9 D6=842184A9 D7=FFFF A0=3C0002 A1=100500 A2=F6CF8 A3=108F4C A4=10F1110 A5=108000 A6=4FBC2 PC=4180 -- 004180: beq     $4188
D0=FFC5 D1=F D2=FFF D3=FFFF D4=8402A00 D5=802180A9 D6=842184A9 D7=FFFF A0=3C0002 A1=100500 A2=F6CF8 A3=108F4C A4=10F1110 A5=108000 A6=4FBC2 PC=4188 -- 004188: add.b   ($30,A1), D0
D0=FFC5 D1=F D2=FFF D3=FFFF D4=8402A00 D5=802180A9 D6=842184A9 D7=FFFF A0=3C0002 A1=100500 A2=F6CF8 A3=108F4C A4=10F1110 A5=108000 A6=4FBC2 PC=418C -- 00418C: lsl.w   #8, D0
D0=C500 D1=F D2=FFF D3=FFFF D4=8402A00 D5=802180A9 D6=842184A9 D7=FFFF A0=3C0002 A1=100500 A2=F6CF8 A3=108F4C A4=10F1110 A5=108000 A6=4FBC2 PC=418E -- 00418E: tst.b   ($3,A2)
D0=C500 D1=F D2=FFF D3=FFFF D4=8402A00 D5=802180A9 D6=842184A9 D7=FFFF A0=3C0002 A1=100500 A2=F6CF8 A3=108F4C A4=10F1110 A5=108000 A6=4FBC2 PC=4192 -- 004192: beq     $4198
D0=C500 D1=F D2=FFF D3=FFFF D4=8402A00 D5=802180A9 D6=842184A9 D7=FFFF A0=3C0002 A1=100500 A2=F6CF8 A3=108F4C A4=10F1110 A5=108000 A6=4FBC2 PC=4194 -- 004194: move.b  #$10, D0
D0=C510 D1=F D2=FFF D3=FFFF D4=8402A00 D5=802180A9 D6=842184A9 D7=FFFF A0=3C0002 A1=100500 A2=F6CF8 A3=108F4C A4=10F1110 A5=108000 A6=4FBC2 PC=4198 -- 004198: move.w  ($4,A2), D1
D0=C510 D1=DCA9 D2=FFF D3=FFFF D4=8402A00 D5=802180A9 D6=842184A9 D7=FFFF A0=3C0002 A1=100500 A2=F6CF8 A3=108F4C A4=10F1110 A5=108000 A6=4FBC2 PC=419C -- 00419C: moveq   #$0, D3
D0=C510 D1=DCA9 D2=FFF D3=0 D4=8402A00 D5=802180A9 D6=842184A9 D7=FFFF A0=3C0002 A1=100500 A2=F6CF8 A3=108F4C A4=10F1110 A5=108000 A6=4FBC2 PC=419E -- 00419E: move.b  (A2), D3
D0=C510 D1=DCA9 D2=FFF D3=1 D4=8402A00 D5=802180A9 D6=842184A9 D7=FFFF A0=3C0002 A1=100500 A2=F6CF8 A3=108F4C A4=10F1110 A5=108000 A6=4FBC2 PC=41A0 -- 0041A0: subq.b  #1, D3
D0=C510 D1=DCA9 D2=FFF D3=0 D4=8402A00 D5=802180A9 D6=842184A9 D7=FFFF A0=3C0002 A1=100500 A2=F6CF8 A3=108F4C A4=10F1110 A5=108000 A6=4FBC2 PC=41A2 -- 0041A2: move.w  ($790,A5), D7
D0=C510 D1=DCA9 D2=FFF D3=0 D4=8402A00 D5=802180A9 D6=842184A9 D7=0 A0=3C0002 A1=100500 A2=F6CF8 A3=108F4C A4=10F1110 A5=108000 A6=4FBC2 PC=41A6 -- 0041A6: add.w   D7, D7
D0=C510 D1=DCA9 D2=FFF D3=0 D4=8402A00 D5=802180A9 D6=842184A9 D7=0 A0=3C0002 A1=100500 A2=F6CF8 A3=108F4C A4=10F1110 A5=108000 A6=4FBC2 PC=41A8 -- 0041A8: add.w   D7, D7
D0=C510 D1=DCA9 D2=FFF D3=0 D4=8402A00 D5=802180A9 D6=842184A9 D7=0 A0=3C0002 A1=100500 A2=F6CF8 A3=108F4C A4=10F1110 A5=108000 A6=4FBC2 PC=41AA -- 0041AA: movea.l ($4,PC,D7.w), A6
D0=C510 D1=DCA9 D2=FFF D3=0 D4=8402A00 D5=802180A9 D6=842184A9 D7=0 A0=3C0002 A1=100500 A2=F6CF8 A3=108F4C A4=10F1110 A5=108000 A6=428C PC=41AE -- 0041AE: jmp     (A6)
D0=C510 D1=DCA9 D2=FFF D3=0 D4=8402A00 D5=802180A9 D6=842184A9 D7=0 A0=3C0002 A1=100500 A2=F6CF8 A3=108F4C A4=10F1110 A5=108000 A6=428C PC=428C -- 00428C: lea     ($6,A2), A6
D0=C510 D1=DCA9 D2=FFF D3=0 D4=8402A00 D5=802180A9 D6=842184A9 D7=0 A0=3C0002 A1=100500 A2=F6CF8 A3=108F4C A4=10F1110 A5=108000 A6=F6CFE PC=4290 -- 004290: move.w  #$1, ($2,A0)
D0=C510 D1=DCA9 D2=FFF D3=0 D4=8402A00 D5=802180A9 D6=842184A9 D7=0 A0=3C0002 A1=100500 A2=F6CF8 A3=108F4C A4=10F1110 A5=108000 A6=F6CFE PC=4296 -- 004296: moveq   #$0, D7
D0=C510 D1=DCA9 D2=FFF D3=0 D4=8402A00 D5=802180A9 D6=842184A9 D7=0 A0=3C0002 A1=100500 A2=F6CF8 A3=108F4C A4=10F1110 A5=108000 A6=F6CFE PC=4298 -- 004298: move.b  ($1,A2), D7
D0=C510 D1=DCA9 D2=FFF D3=0 D4=8402A00 D5=802180A9 D6=842184A9 D7=1 A0=3C0002 A1=100500 A2=F6CF8 A3=108F4C A4=10F1110 A5=108000 A6=F6CFE PC=429C -- 00429C: subq.b  #1, D7
D0=C510 D1=DCA9 D2=FFF D3=0 D4=8402A00 D5=802180A9 D6=842184A9 D7=0 A0=3C0002 A1=100500 A2=F6CF8 A3=108F4C A4=10F1110 A5=108000 A6=F6CFE PC=429E -- 00429E: move.w  (A6)+, D2
D0=C510 D1=DCA9 D2=8000 D3=0 D4=8402A00 D5=802180A9 D6=842184A9 D7=0 A0=3C0002 A1=100500 A2=F6CF8 A3=108F4C A4=10F1110 A5=108000 A6=F6D00 PC=42A0 -- 0042A0: move.w  D4, (-$2,A0)
D0=C510 D1=DCA9 D2=8000 D3=0 D4=8402A00 D5=802180A9 D6=842184A9 D7=0 A0=3C0002 A1=100500 A2=F6CF8 A3=108F4C A4=10F1110 A5=108000 A6=F6D00 PC=42A4 -- 0042A4: add.w   D2, D2
D0=C510 D1=DCA9 D2=0 D3=0 D4=8402A00 D5=802180A9 D6=842184A9 D7=0 A0=3C0002 A1=100500 A2=F6CF8 A3=108F4C A4=10F1110 A5=108000 A6=F6D00 PC=42A6 -- 0042A6: bcc     $42b8
D0=C510 D1=DCA9 D2=0 D3=0 D4=8402A00 D5=802180A9 D6=842184A9 D7=0 A0=3C0002 A1=100500 A2=F6CF8 A3=108F4C A4=10F1110 A5=108000 A6=F6D00 PC=42A8 -- 0042A8: move.w  D1, (A0)
D0=C510 D1=DCA9 D2=0 D3=0 D4=8402A00 D5=802180A9 D6=842184A9 D7=0 A0=3C0002 A1=100500 A2=F6CF8 A3=108F4C A4=10F1110 A5=108000 A6=F6D00 PC=42AA -- 0042AA: nop
D0=C510 D1=DCA9 D2=0 D3=0 D4=8402A00 D5=802180A9 D6=842184A9 D7=0 A0=3C0002 A1=100500 A2=F6CF8 A3=108F4C A4=10F1110 A5=108000 A6=F6D00 PC=42AC -- 0042AC: move.w  D0, (A0)
D0=C510 D1=DCA9 D2=0 D3=0 D4=8402A00 D5=802180A9 D6=842184A9 D7=0 A0=3C0002 A1=100500 A2=F6CF8 A3=108F4C A4=10F1110 A5=108000 A6=F6D00 PC=42AE -- 0042AE: addq.w  #1, D1
D0=C510 D1=DCAA D2=0 D3=0 D4=8402A00 D5=802180A9 D6=842184A9 D7=0 A0=3C0002 A1=100500 A2=F6CF8 A3=108F4C A4=10F1110 A5=108000 A6=F6D00 PC=42B0 -- 0042B0: bcc     $42c0
D0=C510 D1=DCAA D2=0 D3=0 D4=8402A00 D5=802180A9 D6=842184A9 D7=0 A0=3C0002 A1=100500 A2=F6CF8 A3=108F4C A4=10F1110 A5=108000 A6=F6D00 PC=42C0 -- 0042C0: dbra    D7, $42a4
D0=C510 D1=DCAA D2=0 D3=0 D4=8402A00 D5=802180A9 D6=842184A9 D7=FFFF A0=3C0002 A1=100500 A2=F6CF8 A3=108F4C A4=10F1110 A5=108000 A6=F6D00 PC=42C4 -- 0042C4: bsr     $47c0
D0=C510 D1=DCAA D2=0 D3=0 D4=8402A00 D5=802180A9 D6=842184A9 D7=FFFF A0=3C0002 A1=100500 A2=F6CF8 A3=108F4C A4=10F1110 A5=108000 A6=F6D00 PC=47C0 -- 0047C0: tst.b   ($78f,A5)
D0=C510 D1=DCAA D2=0 D3=0 D4=8402A00 D5=802180A9 D6=842184A9 D7=FFFF A0=3C0002 A1=100500 A2=F6CF8 A3=108F4C A4=10F1110 A5=108000 A6=F6D00 PC=47C4 -- 0047C4: bpl     $47c8
D0=C510 D1=DCAA D2=0 D3=0 D4=8402A00 D5=802180A9 D6=842184A9 D7=FFFF A0=3C0002 A1=100500 A2=F6CF8 A3=108F4C A4=10F1110 A5=108000 A6=F6D00 PC=47C6 -- 0047C6: rts
D0=C510 D1=DCAA D2=0 D3=0 D4=8402A00 D5=802180A9 D6=842184A9 D7=FFFF A0=3C0002 A1=100500 A2=F6CF8 A3=108F4C A4=10F1110 A5=108000 A6=F6D00 PC=42C8 -- 0042C8: addi.w  #$40, D4
D0=C510 D1=DCAA D2=0 D3=0 D4=8402A40 D5=802180A9 D6=842184A9 D7=FFFF A0=3C0002 A1=100500 A2=F6CF8 A3=108F4C A4=10F1110 A5=108000 A6=F6D00 PC=42CC -- 0042CC: dbra    D3, $4296
D0=C510 D1=DCAA D2=0 D3=FFFF D4=8402A40 D5=802180A9 D6=842184A9 D7=FFFF A0=3C0002 A1=100500 A2=F6CF8 A3=108F4C A4=10F1110 A5=108000 A6=F6D00 PC=42D0 -- 0042D0: rts
D0=C510 D1=DCAA D2=0 D3=FFFF D4=8402A40 D5=802180A9 D6=842184A9 D7=FFFF A0=3C0002 A1=100500 A2=F6CF8 A3=108F4C A4=10F1110 A5=108000 A6=F6D00 PC=4016 -- 004016: bra     $401c
D0=C510 D1=DCAA D2=0 D3=FFFF D4=8402A40 D5=802180A9 D6=842184A9 D7=FFFF A0=3C0002 A1=100500 A2=F6CF8 A3=108F4C A4=10F1110 A5=108000 A6=F6D00 PC=401C -- 00401C: movea.l (A7)+, A6
D0=C510 D1=DCAA D2=0 D3=FFFF D4=8402A40 D5=802180A9 D6=842184A9 D7=FFFF A0=3C0002 A1=100500 A2=F6CF8 A3=108F4C A4=10F1110 A5=108000 A6=108E3C PC=401E -- 00401E: btst    #$5, ($4,A4)
D0=C510 D1=DCAA D2=0 D3=FFFF D4=8402A40 D5=802180A9 D6=842184A9 D7=FFFF A0=3C0002 A1=100500 A2=F6CF8 A3=108F4C A4=10F1110 A5=108000 A6=108E3C PC=4024 -- 004024: beq     $4056
D0=C510 D1=DCAA D2=0 D3=FFFF D4=8402A40 D5=802180A9 D6=842184A9 D7=FFFF A0=3C0002 A1=100500 A2=F6CF8 A3=108F4C A4=10F1110 A5=108000 A6=108E3C PC=4056 -- 004056: tst.b   ($7c,A1)
D0=C510 D1=DCAA D2=0 D3=FFFF D4=8402A40 D5=802180A9 D6=842184A9 D7=FFFF A0=3C0002 A1=100500 A2=F6CF8 A3=108F4C A4=10F1110 A5=108000 A6=108E3C PC=405A -- 00405A: bpl     $4064
D0=C510 D1=DCAA D2=0 D3=FFFF D4=8402A40 D5=802180A9 D6=842184A9 D7=FFFF A0=3C0002 A1=100500 A2=F6CF8 A3=108F4C A4=10F1110 A5=108000 A6=108E3C PC=4064 -- 004064: movea.l (A7)+, A0
D0=C510 D1=DCAA D2=0 D3=FFFF D4=8402A40 D5=802180A9 D6=842184A9 D7=FFFF A0=108910 A1=100500 A2=F6CF8 A3=108F4C A4=10F1110 A5=108000 A6=108E3C PC=4066 -- 004066: subq.w  #1, ($e3a,A5)
D0=C510 D1=DCAA D2=0 D3=FFFF D4=8402A40 D5=802180A9 D6=842184A9 D7=FFFF A0=108910 A1=100500 A2=F6CF8 A3=108F4C A4=10F1110 A5=108000 A6=108E3C PC=406A -- 00406A: bne     $3f32
D0=C510 D1=DCAA D2=0 D3=FFFF D4=8402A40 D5=802180A9 D6=842184A9 D7=FFFF A0=108910 A1=100500 A2=F6CF8 A3=108F4C A4=10F1110 A5=108000 A6=108E3C PC=3F32 -- 003F32: move.w  (A0)+, D0
D0=0 D1=DCAA D2=0 D3=FFFF D4=8402A40 D5=802180A9 D6=842184A9 D7=FFFF A0=108912 A1=100500 A2=F6CF8 A3=108F4C A4=10F1110 A5=108000 A6=108E3C PC=3F34 -- 003F34: beq     $3f32
D0=0 D1=DCAA D2=0 D3=FFFF D4=8402A40 D5=802180A9 D6=842184A9 D7=FFFF A0=108912 A1=100500 A2=F6CF8 A3=108F4C A4=10F1110 A5=108000 A6=108E3C PC=3F32 -- 003F32: move.w  (A0)+, D0
D0=0 D1=DCAA D2=0 D3=FFFF D4=8402A40 D5=802180A9 D6=842184A9 D7=FFFF A0=108914 A1=100500 A2=F6CF8 A3=108F4C A4=10F1110 A5=108000 A6=108E3C PC=3F34 -- 003F34: beq     $3f32

   (loops for 12 instructions)

D0=1700 D1=DCAA D2=0 D3=FFFF D4=8402A40 D5=802180A9 D6=842184A9 D7=FFFF A0=108920 A1=100500 A2=F6CF8 A3=108F4C A4=10F1110 A5=108000 A6=108E3C PC=3F36 -- 003F36: clr.w   (-$2,A0)
D0=1700 D1=DCAA D2=0 D3=FFFF D4=8402A40 D5=802180A9 D6=842184A9 D7=FFFF A0=108920 A1=100500 A2=F6CF8 A3=108F4C A4=10F1110 A5=108000 A6=108E3C PC=3F3A -- 003F3A: move.l  A5, D1
D0=1700 D1=108000 D2=0 D3=FFFF D4=8402A40 D5=802180A9 D6=842184A9 D7=FFFF A0=108920 A1=100500 A2=F6CF8 A3=108F4C A4=10F1110 A5=108000 A6=108E3C PC=3F3C -- 003F3C: move.w  D0, D1
D0=1700 D1=101700 D2=0 D3=FFFF D4=8402A40 D5=802180A9 D6=842184A9 D7=FFFF A0=108920 A1=100500 A2=F6CF8 A3=108F4C A4=10F1110 A5=108000 A6=108E3C PC=3F3E -- 003F3E: movea.l D1, A1
D0=1700 D1=101700 D2=0 D3=FFFF D4=8402A40 D5=802180A9 D6=842184A9 D7=FFFF A0=108920 A1=101700 A2=F6CF8 A3=108F4C A4=10F1110 A5=108000 A6=108E3C PC=3F40 -- 003F40: movea.l ($28,A1), A2
D0=1700 D1=101700 D2=0 D3=FFFF D4=8402A40 D5=802180A9 D6=842184A9 D7=FFFF A0=108920 A1=101700 A2=F6D56 A3=108F4C A4=10F1110 A5=108000 A6=108E3C PC=3F44 -- 003F44: lea     $7bf48.l, A4
D0=1700 D1=101700 D2=0 D3=FFFF D4=8402A40 D5=802180A9 D6=842184A9 D7=FFFF A0=108920 A1=101700 A2=F6D56 A3=108F4C A4=7BF48 A5=108000 A6=108E3C PC=3F4A -- 003F4A: move.w  ($70,A1), D0
D0=1B D1=101700 D2=0 D3=FFFF D4=8402A40 D5=802180A9 D6=842184A9 D7=FFFF A0=108920 A1=101700 A2=F6D56 A3=108F4C A4=7BF48 A5=108000 A6=108E3C PC=3F4E -- 003F4E: add.w   D0, D0
D0=36 D1=101700 D2=0 D3=FFFF D4=8402A40 D5=802180A9 D6=842184A9 D7=FFFF A0=108920 A1=101700 A2=F6D56 A3=108F4C A4=7BF48 A5=108000 A6=108E3C PC=3F50 -- 003F50: add.w   D0, D0
D0=6C D1=101700 D2=0 D3=FFFF D4=8402A40 D5=802180A9 D6=842184A9 D7=FFFF A0=108920 A1=101700 A2=F6D56 A3=108F4C A4=7BF48 A5=108000 A6=108E3C PC=3F52 -- 003F52: movea.l (A4,D0.w), A4
D0=6C D1=101700 D2=0 D3=FFFF D4=8402A40 D5=802180A9 D6=842184A9 D7=FFFF A0=108920 A1=101700 A2=F6D56 A3=108F4C A4=7F5E0 A5=108000 A6=108E3C PC=3F56 -- 003F56: move.w  ($72,A1), D0
D0=40 D1=101700 D2=0 D3=FFFF D4=8402A40 D5=802180A9 D6=842184A9 D7=FFFF A0=108920 A1=101700 A2=F6D56 A3=108F4C A4=7F5E0 A5=108000 A6=108E3C PC=3F5A -- 003F5A: add.w   D0, D0
D0=80 D1=101700 D2=0 D3=FFFF D4=8402A40 D5=802180A9 D6=842184A9 D7=FFFF A0=108920 A1=101700 A2=F6D56 A3=108F4C A4=7F5E0 A5=108000 A6=108E3C PC=3F5C -- 003F5C: move.w  (A4,D0.w), ($46de,A5)
D0=80 D1=101700 D2=0 D3=FFFF D4=8402A40 D5=802180A9 D6=842184A9 D7=FFFF A0=108920 A1=101700 A2=F6D56 A3=108F4C A4=7F5E0 A5=108000 A6=108E3C PC=3F62 -- 003F62: lea     $80000.l, A4
D0=80 D1=101700 D2=0 D3=FFFF D4=8402A40 D5=802180A9 D6=842184A9 D7=FFFF A0=108920 A1=101700 A2=F6D56 A3=108F4C A4=80000 A5=108000 A6=108E3C PC=3F68 -- 003F68: move.w  ($70,A1), D0
D0=1B D1=101700 D2=0 D3=FFFF D4=8402A40 D5=802180A9 D6=842184A9 D7=FFFF A0=108920 A1=101700 A2=F6D56 A3=108F4C A4=80000 A5=108000 A6=108E3C PC=3F6C -- 003F6C: add.w   D0, D0
D0=36 D1=101700 D2=0 D3=FFFF D4=8402A40 D5=802180A9 D6=842184A9 D7=FFFF A0=108920 A1=101700 A2=F6D56 A3=108F4C A4=80000 A5=108000 A6=108E3C PC=3F6E -- 003F6E: add.w   D0, D0
D0=6C D1=101700 D2=0 D3=FFFF D4=8402A40 D5=802180A9 D6=842184A9 D7=FFFF A0=108920 A1=101700 A2=F6D56 A3=108F4C A4=80000 A5=108000 A6=108E3C PC=3F70 -- 003F70: movea.l (A4,D0.w), A4
D0=6C D1=101700 D2=0 D3=FFFF D4=8402A40 D5=802180A9 D6=842184A9 D7=FFFF A0=108920 A1=101700 A2=F6D56 A3=108F4C A4=86E00 A5=108000 A6=108E3C PC=3F74 -- 003F74: move.w  ($46de,A5), D0
D0=4040 D1=101700 D2=0 D3=FFFF D4=8402A40 D5=802180A9 D6=842184A9 D7=FFFF A0=108920 A1=101700 A2=F6D56 A3=108F4C A4=86E00 A5=108000 A6=108E3C PC=3F78 -- 003F78: tst.b   ($46e2,A5)
D0=4040 D1=101700 D2=0 D3=FFFF D4=8402A40 D5=802180A9 D6=842184A9 D7=FFFF A0=108920 A1=101700 A2=F6D56 A3=108F4C A4=86E00 A5=108000 A6=108E3C PC=3F7C -- 003F7C: beq     $3f82
D0=4040 D1=101700 D2=0 D3=FFFF D4=8402A40 D5=802180A9 D6=842184A9 D7=FFFF A0=108920 A1=101700 A2=F6D56 A3=108F4C A4=86E00 A5=108000 A6=108E3C PC=3F82 -- 003F82: andi.w  #$ff, D0
D0=40 D1=101700 D2=0 D3=FFFF D4=8402A40 D5=802180A9 D6=842184A9 D7=FFFF A0=108920 A1=101700 A2=F6D56 A3=108F4C A4=86E00 A5=108000 A6=108E3C PC=3F86 -- 003F86: add.w   D0, D0
D0=80 D1=101700 D2=0 D3=FFFF D4=8402A40 D5=802180A9 D6=842184A9 D7=FFFF A0=108920 A1=101700 A2=F6D56 A3=108F4C A4=86E00 A5=108000 A6=108E3C PC=3F88 -- 003F88: add.w   D0, D0
D0=100 D1=101700 D2=0 D3=FFFF D4=8402A40 D5=802180A9 D6=842184A9 D7=FFFF A0=108920 A1=101700 A2=F6D56 A3=108F4C A4=86E00 A5=108000 A6=108E3C PC=3F8A -- 003F8A: movea.l (A4,D0.w), A4
D0=100 D1=101700 D2=0 D3=FFFF D4=8402A40 D5=802180A9 D6=842184A9 D7=FFFF A0=108920 A1=101700 A2=F6D56 A3=108F4C A4=F3152 A5=108000 A6=108E3C PC=3F8E -- 003F8E: move.w  ($74,A1), D0
D0=0 D1=101700 D2=0 D3=FFFF D4=8402A40 D5=802180A9 D6=842184A9 D7=FFFF A0=108920 A1=101700 A2=F6D56 A3=108F4C A4=F3152 A5=108000 A6=108E3C PC=3F92 -- 003F92: adda.w  D0, A4
D0=0 D1=101700 D2=0 D3=FFFF D4=8402A40 D5=802180A9 D6=842184A9 D7=FFFF A0=108920 A1=101700 A2=F6D56 A3=108F4C A4=F3152 A5=108000 A6=108E3C PC=3F94 -- 003F94: move.l  (A4), D0
D0=10F1140 D1=101700 D2=0 D3=FFFF D4=8402A40 D5=802180A9 D6=842184A9 D7=FFFF A0=108920 A1=101700 A2=F6D56 A3=108F4C A4=F3152 A5=108000 A6=108E3C PC=3F96 -- 003F96: movea.l D0, A4
D0=10F1140 D1=101700 D2=0 D3=FFFF D4=8402A40 D5=802180A9 D6=842184A9 D7=FFFF A0=108920 A1=101700 A2=F6D56 A3=108F4C A4=10F1140 A5=108000 A6=108E3C PC=3F98 -- 003F98: move.l  A0, -(A7)
D0=10F1140 D1=101700 D2=0 D3=FFFF D4=8402A40 D5=802180A9 D6=842184A9 D7=FFFF A0=108920 A1=101700 A2=F6D56 A3=108F4C A4=10F1140 A5=108000 A6=108E3C PC=3F9A -- 003F9A: lea     $3c0002.l, A0
D0=10F1140 D1=101700 D2=0 D3=FFFF D4=8402A40 D5=802180A9 D6=842184A9 D7=FFFF A0=3C0002 A1=101700 A2=F6D56 A3=108F4C A4=10F1140 A5=108000 A6=108E3C PC=3FA0 -- 003FA0: tst.b   ($7c,A1)
D0=10F1140 D1=101700 D2=0 D3=FFFF D4=8402A40 D5=802180A9 D6=842184A9 D7=FFFF A0=3C0002 A1=101700 A2=F6D56 A3=108F4C A4=10F1140 A5=108000 A6=108E3C PC=3FA4 -- 003FA4: bpl     $3fc0
D0=10F1140 D1=101700 D2=0 D3=FFFF D4=8402A40 D5=802180A9 D6=842184A9 D7=FFFF A0=3C0002 A1=101700 A2=F6D56 A3=108F4C A4=10F1140 A5=108000 A6=108E3C PC=3FC0 -- 003FC0: moveq   #$0, D0
D0=0 D1=101700 D2=0 D3=FFFF D4=8402A40 D5=802180A9 D6=842184A9 D7=FFFF A0=3C0002 A1=101700 A2=F6D56 A3=108F4C A4=10F1140 A5=108000 A6=108E3C PC=3FC2 -- 003FC2: move.b  (A2), D0
D0=2 D1=101700 D2=0 D3=FFFF D4=8402A40 D5=802180A9 D6=842184A9 D7=FFFF A0=3C0002 A1=101700 A2=F6D56 A3=108F4C A4=10F1140 A5=108000 A6=108E3C PC=3FC4 -- 003FC4: sub.w   D0, ($794,A5)
D0=2 D1=101700 D2=0 D3=FFFF D4=8402A40 D5=802180A9 D6=842184A9 D7=FFFF A0=3C0002 A1=101700 A2=F6D56 A3=108F4C A4=10F1140 A5=108000 A6=108E3C PC=3FC8 -- 003FC8: bcc     $3fd2
D0=2 D1=101700 D2=0 D3=FFFF D4=8402A40 D5=802180A9 D6=842184A9 D7=FFFF A0=3C0002 A1=101700 A2=F6D56 A3=108F4C A4=10F1140 A5=108000 A6=108E3C PC=3FD2 -- 003FD2: move.l  A6, -(A7)
D0=2 D1=101700 D2=0 D3=FFFF D4=8402A40 D5=802180A9 D6=842184A9 D7=FFFF A0=3C0002 A1=101700 A2=F6D56 A3=108F4C A4=10F1140 A5=108000 A6=108E3C PC=3FD4 -- 003FD4: btst    #$6, ($7c,A1)
D0=2 D1=101700 D2=0 D3=FFFF D4=8402A40 D5=802180A9 D6=842184A9 D7=FFFF A0=3C0002 A1=101700 A2=F6D56 A3=108F4C A4=10F1140 A5=108000 A6=108E3C PC=3FDA -- 003FDA: bne     $400c
D0=2 D1=101700 D2=0 D3=FFFF D4=8402A40 D5=802180A9 D6=842184A9 D7=FFFF A0=3C0002 A1=101700 A2=F6D56 A3=108F4C A4=10F1140 A5=108000 A6=108E3C PC=3FDE -- 003FDE: moveq   #$0, D1
D0=2 D1=0 D2=0 D3=FFFF D4=8402A40 D5=802180A9 D6=842184A9 D7=FFFF A0=3C0002 A1=101700 A2=F6D56 A3=108F4C A4=10F1140 A5=108000 A6=108E3C PC=3FE0 -- 003FE0: move.b  ($82,A1), D1
D0=2 D1=0 D2=0 D3=FFFF D4=8402A40 D5=802180A9 D6=842184A9 D7=FFFF A0=3C0002 A1=101700 A2=F6D56 A3=108F4C A4=10F1140 A5=108000 A6=108E3C PC=3FE4 -- 003FE4: add.w   D1, D1
D0=2 D1=0 D2=0 D3=FFFF D4=8402A40 D5=802180A9 D6=842184A9 D7=FFFF A0=3C0002 A1=101700 A2=F6D56 A3=108F4C A4=10F1140 A5=108000 A6=108E3C PC=3FE6 -- 003FE6: add.w   D1, D1
D0=2 D1=0 D2=0 D3=FFFF D4=8402A40 D5=802180A9 D6=842184A9 D7=FFFF A0=3C0002 A1=101700 A2=F6D56 A3=108F4C A4=10F1140 A5=108000 A6=108E3C PC=3FE8 -- 003FE8: move.w  ($18,A1), D0
D0=90 D1=0 D2=0 D3=FFFF D4=8402A40 D5=802180A9 D6=842184A9 D7=FFFF A0=3C0002 A1=101700 A2=F6D56 A3=108F4C A4=10F1140 A5=108000 A6=108E3C PC=3FEC -- 003FEC: lea     ($104c,A5), A6
D0=90 D1=0 D2=0 D3=FFFF D4=8402A40 D5=802180A9 D6=842184A9 D7=FFFF A0=3C0002 A1=101700 A2=F6D56 A3=108F4C A4=10F1140 A5=108000 A6=10904C PC=3FF0 -- 003FF0: sub.w   (A6,D1.w), D0
D0=90 D1=0 D2=0 D3=FFFF D4=8402A40 D5=802180A9 D6=842184A9 D7=FFFF A0=3C0002 A1=101700 A2=F6D56 A3=108F4C A4=10F1140 A5=108000 A6=10904C PC=3FF4 -- 003FF4: move.w  D0, ($24,A1)
D0=90 D1=0 D2=0 D3=FFFF D4=8402A40 D5=802180A9 D6=842184A9 D7=FFFF A0=3C0002 A1=101700 A2=F6D56 A3=108F4C A4=10F1140 A5=108000 A6=10904C PC=3FF8 -- 003FF8: move.w  ($1c,A1), D0
D0=C8 D1=0 D2=0 D3=FFFF D4=8402A40 D5=802180A9 D6=842184A9 D7=FFFF A0=3C0002 A1=101700 A2=F6D56 A3=108F4C A4=10F1140 A5=108000 A6=10904C PC=3FFC -- 003FFC: sub.w   ($20,A1), D0
D0=C8 D1=0 D2=0 D3=FFFF D4=8402A40 D5=802180A9 D6=842184A9 D7=FFFF A0=3C0002 A1=101700 A2=F6D56 A3=108F4C A4=10F1140 A5=108000 A6=10904C PC=4000 -- 004000: lea     ($1058,A5), A6
D0=C8 D1=0 D2=0 D3=FFFF D4=8402A40 D5=802180A9 D6=842184A9 D7=FFFF A0=3C0002 A1=101700 A2=F6D56 A3=108F4C A4=10F1140 A5=108000 A6=109058 PC=4004 -- 004004: sub.w   (A6,D1.w), D0
D0=C8 D1=0 D2=0 D3=FFFF D4=8402A40 D5=802180A9 D6=842184A9 D7=FFFF A0=3C0002 A1=101700 A2=F6D56 A3=108F4C A4=10F1140 A5=108000 A6=109058 PC=4008 -- 004008: move.w  D0, ($26,A1)
D0=C8 D1=0 D2=0 D3=FFFF D4=8402A40 D5=802180A9 D6=842184A9 D7=FFFF A0=3C0002 A1=101700 A2=F6D56 A3=108F4C A4=10F1140 A5=108000 A6=109058 PC=400C -- 00400C: tst.b   ($3a66,A5)
D0=C8 D1=0 D2=0 D3=FFFF D4=8402A40 D5=802180A9 D6=842184A9 D7=FFFF A0=3C0002 A1=101700 A2=F6D56 A3=108F4C A4=10F1140 A5=108000 A6=109058 PC=4010 -- 004010: bmi     $4018
D0=C8 D1=0 D2=0 D3=FFFF D4=8402A40 D5=802180A9 D6=842184A9 D7=FFFF A0=3C0002 A1=101700 A2=F6D56 A3=108F4C A4=10F1140 A5=108000 A6=109058 PC=4012 -- 004012: bsr     $4088
D0=C8 D1=0 D2=0 D3=FFFF D4=8402A40 D5=802180A9 D6=842184A9 D7=FFFF A0=3C0002 A1=101700 A2=F6D56 A3=108F4C A4=10F1140 A5=108000 A6=109058 PC=4088 -- 004088: move.w  (A4), D0
D0=70 D1=0 D2=0 D3=FFFF D4=8402A40 D5=802180A9 D6=842184A9 D7=FFFF A0=3C0002 A1=101700 A2=F6D56 A3=108F4C A4=10F1140 A5=108000 A6=109058 PC=408A -- 00408A: move.b  ($31,A1), D1
D0=70 D1=0 D2=0 D3=FFFF D4=8402A40 D5=802180A9 D6=842184A9 D7=FFFF A0=3C0002 A1=101700 A2=F6D56 A3=108F4C A4=10F1140 A5=108000 A6=109058 PC=408E -- 00408E: move.b  ($4,A4), D2
D0=70 D1=0 D2=0 D3=FFFF D4=8402A40 D5=802180A9 D6=842184A9 D7=FFFF A0=3C0002 A1=101700 A2=F6D56 A3=108F4C A4=10F1140 A5=108000 A6=109058 PC=4092 -- 004092: rol.b   #2, D2
D0=70 D1=0 D2=0 D3=FFFF D4=8402A40 D5=802180A9 D6=842184A9 D7=FFFF A0=3C0002 A1=101700 A2=F6D56 A3=108F4C A4=10F1140 A5=108000 A6=109058 PC=4094 -- 004094: eor.w   D2, D1
D0=70 D1=0 D2=0 D3=FFFF D4=8402A40 D5=802180A9 D6=842184A9 D7=FFFF A0=3C0002 A1=101700 A2=F6D56 A3=108F4C A4=10F1140 A5=108000 A6=109058 PC=4096 -- 004096: andi.w  #$3, D1
D0=70 D1=0 D2=0 D3=FFFF D4=8402A40 D5=802180A9 D6=842184A9 D7=FFFF A0=3C0002 A1=101700 A2=F6D56 A3=108F4C A4=10F1140 A5=108000 A6=109058 PC=409A -- 00409A: move.w  D1, ($790,A5)
D0=70 D1=0 D2=0 D3=FFFF D4=8402A40 D5=802180A9 D6=842184A9 D7=FFFF A0=3C0002 A1=101700 A2=F6D56 A3=108F4C A4=10F1140 A5=108000 A6=109058 PC=409E -- 00409E: andi.w  #$1, D1
D0=70 D1=0 D2=0 D3=FFFF D4=8402A40 D5=802180A9 D6=842184A9 D7=FFFF A0=3C0002 A1=101700 A2=F6D56 A3=108F4C A4=10F1140 A5=108000 A6=109058 PC=40A2 -- 0040A2: beq     $40ae
D0=70 D1=0 D2=0 D3=FFFF D4=8402A40 D5=802180A9 D6=842184A9 D7=FFFF A0=3C0002 A1=101700 A2=F6D56 A3=108F4C A4=10F1140 A5=108000 A6=109058 PC=40AE -- 0040AE: moveq   #$0, D1
D0=70 D1=0 D2=0 D3=FFFF D4=8402A40 D5=802180A9 D6=842184A9 D7=FFFF A0=3C0002 A1=101700 A2=F6D56 A3=108F4C A4=10F1140 A5=108000 A6=109058 PC=40B0 -- 0040B0: move.b  ($68,A1), D1
D0=70 D1=FF D2=0 D3=FFFF D4=8402A40 D5=802180A9 D6=842184A9 D7=FFFF A0=3C0002 A1=101700 A2=F6D56 A3=108F4C A4=10F1140 A5=108000 A6=109058 PC=40B4 -- 0040B4: addq.w  #1, D1
D0=70 D1=100 D2=0 D3=FFFF D4=8402A40 D5=802180A9 D6=842184A9 D7=FFFF A0=3C0002 A1=101700 A2=F6D56 A3=108F4C A4=10F1140 A5=108000 A6=109058 PC=40B6 -- 0040B6: muls.w  D1, D0
D0=7000 D1=100 D2=0 D3=FFFF D4=8402A40 D5=802180A9 D6=842184A9 D7=FFFF A0=3C0002 A1=101700 A2=F6D56 A3=108F4C A4=10F1140 A5=108000 A6=109058 PC=40B8 -- 0040B8: lsr.l   #8, D0
D0=70 D1=100 D2=0 D3=FFFF D4=8402A40 D5=802180A9 D6=842184A9 D7=FFFF A0=3C0002 A1=101700 A2=F6D56 A3=108F4C A4=10F1140 A5=108000 A6=109058 PC=40BA -- 0040BA: add.w   ($24,A1), D0
D0=100 D1=100 D2=0 D3=FFFF D4=8402A40 D5=802180A9 D6=842184A9 D7=FFFF A0=3C0002 A1=101700 A2=F6D56 A3=108F4C A4=10F1140 A5=108000 A6=109058 PC=40BE -- 0040BE: lsl.w   #7, D0
D0=8000 D1=100 D2=0 D3=FFFF D4=8402A40 D5=802180A9 D6=842184A9 D7=FFFF A0=3C0002 A1=101700 A2=F6D56 A3=108F4C A4=10F1140 A5=108000 A6=109058 PC=40C0 -- 0040C0: move.w  D6, (-$2,A0)
D0=8000 D1=100 D2=0 D3=FFFF D4=8402A40 D5=802180A9 D6=842184A9 D7=FFFF A0=3C0002 A1=101700 A2=F6D56 A3=108F4C A4=10F1140 A5=108000 A6=109058 PC=40C4 -- 0040C4: move.w  D0, (A0)
D0=8000 D1=100 D2=0 D3=FFFF D4=8402A40 D5=802180A9 D6=842184A9 D7=FFFF A0=3C0002 A1=101700 A2=F6D56 A3=108F4C A4=10F1140 A5=108000 A6=109058 PC=40C6 -- 0040C6: moveq   #$0, D0
D0=0 D1=100 D2=0 D3=FFFF D4=8402A40 D5=802180A9 D6=842184A9 D7=FFFF A0=3C0002 A1=101700 A2=F6D56 A3=108F4C A4=10F1140 A5=108000 A6=109058 PC=40C8 -- 0040C8: move.b  (A2), D0
D0=2 D1=100 D2=0 D3=FFFF D4=8402A40 D5=802180A9 D6=842184A9 D7=FFFF A0=3C0002 A1=101700 A2=F6D56 A3=108F4C A4=10F1140 A5=108000 A6=109058 PC=40CA -- 0040CA: add.w   D0, D6
D0=2 D1=100 D2=0 D3=FFFF D4=8402A40 D5=802180A9 D6=842184AB D7=FFFF A0=3C0002 A1=101700 A2=F6D56 A3=108F4C A4=10F1140 A5=108000 A6=109058 PC=40CC -- 0040CC: move.w  ($2,A4), D0
D0=FFF7 D1=100 D2=0 D3=FFFF D4=8402A40 D5=802180A9 D6=842184AB D7=FFFF A0=3C0002 A1=101700 A2=F6D56 A3=108F4C A4=10F1140 A5=108000 A6=109058 PC=40D0 -- 0040D0: btst    #$1, ($791,A5)
D0=FFF7 D1=100 D2=0 D3=FFFF D4=8402A40 D5=802180A9 D6=842184AB D7=FFFF A0=3C0002 A1=101700 A2=F6D56 A3=108F4C A4=10F1140 A5=108000 A6=109058 PC=40D6 -- 0040D6: beq     $40e4
D0=FFF7 D1=100 D2=0 D3=FFFF D4=8402A40 D5=802180A9 D6=842184AB D7=FFFF A0=3C0002 A1=101700 A2=F6D56 A3=108F4C A4=10F1140 A5=108000 A6=109058 PC=40E4 -- 0040E4: moveq   #$0, D1
D0=FFF7 D1=0 D2=0 D3=FFFF D4=8402A40 D5=802180A9 D6=842184AB D7=FFFF A0=3C0002 A1=101700 A2=F6D56 A3=108F4C A4=10F1140 A5=108000 A6=109058 PC=40E6 -- 0040E6: move.b  ($69,A1), D1
D0=FFF7 D1=FF D2=0 D3=FFFF D4=8402A40 D5=802180A9 D6=842184AB D7=FFFF A0=3C0002 A1=101700 A2=F6D56 A3=108F4C A4=10F1140 A5=108000 A6=109058 PC=40EA -- 0040EA: addq.w  #1, D1
D0=FFF7 D1=100 D2=0 D3=FFFF D4=8402A40 D5=802180A9 D6=842184AB D7=FFFF A0=3C0002 A1=101700 A2=F6D56 A3=108F4C A4=10F1140 A5=108000 A6=109058 PC=40EC -- 0040EC: muls.w  D1, D0
D0=FFFFF700 D1=100 D2=0 D3=FFFF D4=8402A40 D5=802180A9 D6=842184AB D7=FFFF A0=3C0002 A1=101700 A2=F6D56 A3=108F4C A4=10F1140 A5=108000 A6=109058 PC=40EE -- 0040EE: lsr.l   #8, D0
D0=FFFFF7 D1=100 D2=0 D3=FFFF D4=8402A40 D5=802180A9 D6=842184AB D7=FFFF A0=3C0002 A1=101700 A2=F6D56 A3=108F4C A4=10F1140 A5=108000 A6=109058 PC=40F0 -- 0040F0: add.w   ($26,A1), D0
D0=FF00BF D1=100 D2=0 D3=FFFF D4=8402A40 D5=802180A9 D6=842184AB D7=FFFF A0=3C0002 A1=101700 A2=F6D56 A3=108F4C A4=10F1140 A5=108000 A6=109058 PC=40F4 -- 0040F4: neg.w   D0
D0=FFFF41 D1=100 D2=0 D3=FFFF D4=8402A40 D5=802180A9 D6=842184AB D7=FFFF A0=3C0002 A1=101700 A2=F6D56 A3=108F4C A4=10F1140 A5=108000 A6=109058 PC=40F6 -- 0040F6: addi.w  #$1ff, D0
D0=FF0140 D1=100 D2=0 D3=FFFF D4=8402A40 D5=802180A9 D6=842184AB D7=FFFF A0=3C0002 A1=101700 A2=F6D56 A3=108F4C A4=10F1140 A5=108000 A6=109058 PC=40FA -- 0040FA: lsl.w   #7, D0
D0=FFA000 D1=100 D2=0 D3=FFFF D4=8402A40 D5=802180A9 D6=842184AB D7=FFFF A0=3C0002 A1=101700 A2=F6D56 A3=108F4C A4=10F1140 A5=108000 A6=109058 PC=40FC -- 0040FC: bsr     $4772
D0=FFA000 D1=100 D2=0 D3=FFFF D4=8402A40 D5=802180A9 D6=842184AB D7=FFFF A0=3C0002 A1=101700 A2=F6D56 A3=108F4C A4=10F1140 A5=108000 A6=109058 PC=4772 -- 004772: move.w  D0, -(A7)
D0=FFA000 D1=100 D2=0 D3=FFFF D4=8402A40 D5=802180A9 D6=842184AB D7=FFFF A0=3C0002 A1=101700 A2=F6D56 A3=108F4C A4=10F1140 A5=108000 A6=109058 PC=4774 -- 004774: moveq   #-$1, D0
D0=FFFFFFFF D1=100 D2=0 D3=FFFF D4=8402A40 D5=802180A9 D6=842184AB D7=FFFF A0=3C0002 A1=101700 A2=F6D56 A3=108F4C A4=10F1140 A5=108000 A6=109058 PC=4776 -- 004776: moveq   #$0, D1
D0=FFFFFFFF D1=0 D2=0 D3=FFFF D4=8402A40 D5=802180A9 D6=842184AB D7=FFFF A0=3C0002 A1=101700 A2=F6D56 A3=108F4C A4=10F1140 A5=108000 A6=109058 PC=4778 -- 004778: move.b  ($1,A2), D1
D0=FFFFFFFF D1=2 D2=0 D3=FFFF D4=8402A40 D5=802180A9 D6=842184AB D7=FFFF A0=3C0002 A1=101700 A2=F6D56 A3=108F4C A4=10F1140 A5=108000 A6=109058 PC=477C -- 00477C: cmpi.b  #-$1, ($69,A1)
D0=FFFFFFFF D1=2 D2=0 D3=FFFF D4=8402A40 D5=802180A9 D6=842184AB D7=FFFF A0=3C0002 A1=101700 A2=F6D56 A3=108F4C A4=10F1140 A5=108000 A6=109058 PC=4782 -- 004782: beq     $47b4
D0=FFFFFFFF D1=2 D2=0 D3=FFFF D4=8402A40 D5=802180A9 D6=842184AB D7=FFFF A0=3C0002 A1=101700 A2=F6D56 A3=108F4C A4=10F1140 A5=108000 A6=109058 PC=47B4 -- 0047B4: move.b  D0, ($78f,A5)
D0=FFFFFFFF D1=2 D2=0 D3=FFFF D4=8402A40 D5=802180A9 D6=842184AB D7=FFFF A0=3C0002 A1=101700 A2=F6D56 A3=108F4C A4=10F1140 A5=108000 A6=109058 PC=47B8 -- 0047B8: move.b  D1, ($78e,A5)
D0=FFFFFFFF D1=2 D2=0 D3=FFFF D4=8402A40 D5=802180A9 D6=842184AB D7=FFFF A0=3C0002 A1=101700 A2=F6D56 A3=108F4C A4=10F1140 A5=108000 A6=109058 PC=47BC -- 0047BC: move.w  (A7)+, D0
D0=FFFFA000 D1=2 D2=0 D3=FFFF D4=8402A40 D5=802180A9 D6=842184AB D7=FFFF A0=3C0002 A1=101700 A2=F6D56 A3=108F4C A4=10F1140 A5=108000 A6=109058 PC=47BE -- 0047BE: rts
D0=FFFFA000 D1=2 D2=0 D3=FFFF D4=8402A40 D5=802180A9 D6=842184AB D7=FFFF A0=3C0002 A1=101700 A2=F6D56 A3=108F4C A4=10F1140 A5=108000 A6=109058 PC=4100 -- 004100: add.b   ($78e,A5), D0
D0=FFFFA002 D1=2 D2=0 D3=FFFF D4=8402A40 D5=802180A9 D6=842184AB D7=FFFF A0=3C0002 A1=101700 A2=F6D56 A3=108F4C A4=10F1140 A5=108000 A6=109058 PC=4104 -- 004104: move.w  D0, (A3)+
D0=FFFFA002 D1=2 D2=0 D3=FFFF D4=8402A40 D5=802180A9 D6=842184AB D7=FFFF A0=3C0002 A1=101700 A2=F6D56 A3=108F4E A4=10F1140 A5=108000 A6=109058 PC=4106 -- 004106: moveq   #$0, D0
D0=0 D1=2 D2=0 D3=FFFF D4=8402A40 D5=802180A9 D6=842184AB D7=FFFF A0=3C0002 A1=101700 A2=F6D56 A3=108F4E A4=10F1140 A5=108000 A6=109058 PC=4108 -- 004108: move.b  (A2), D0
D0=2 D1=2 D2=0 D3=FFFF D4=8402A40 D5=802180A9 D6=842184AB D7=FFFF A0=3C0002 A1=101700 A2=F6D56 A3=108F4E A4=10F1140 A5=108000 A6=109058 PC=410A -- 00410A: subq.b  #2, D0
D0=0 D1=2 D2=0 D3=FFFF D4=8402A40 D5=802180A9 D6=842184AB D7=FFFF A0=3C0002 A1=101700 A2=F6D56 A3=108F4E A4=10F1140 A5=108000 A6=109058 PC=410C -- 00410C: bmi     $4118
D0=0 D1=2 D2=0 D3=FFFF D4=8402A40 D5=802180A9 D6=842184AB D7=FFFF A0=3C0002 A1=101700 A2=F6D56 A3=108F4E A4=10F1140 A5=108000 A6=109058 PC=410E -- 00410E: move.w  #$40, D1
D0=0 D1=40 D2=0 D3=FFFF D4=8402A40 D5=802180A9 D6=842184AB D7=FFFF A0=3C0002 A1=101700 A2=F6D56 A3=108F4E A4=10F1140 A5=108000 A6=109058 PC=4112 -- 004112: move.w  D1, (A3)+
D0=0 D1=40 D2=0 D3=FFFF D4=8402A40 D5=802180A9 D6=842184AB D7=FFFF A0=3C0002 A1=101700 A2=F6D56 A3=108F50 A4=10F1140 A5=108000 A6=109058 PC=4114 -- 004114: dbra    D0, $4112
D0=FFFF D1=40 D2=0 D3=FFFF D4=8402A40 D5=802180A9 D6=842184AB D7=FFFF A0=3C0002 A1=101700 A2=F6D56 A3=108F50 A4=10F1140 A5=108000 A6=109058 PC=4118 -- 004118: move.w  #$1, ($2,A0)
D0=FFFF D1=40 D2=0 D3=FFFF D4=8402A40 D5=802180A9 D6=842184AB D7=FFFF A0=3C0002 A1=101700 A2=F6D56 A3=108F50 A4=10F1140 A5=108000 A6=109058 PC=411E -- 00411E: move.w  D5, (-$2,A0)
D0=FFFF D1=40 D2=0 D3=FFFF D4=8402A40 D5=802180A9 D6=842184AB D7=FFFF A0=3C0002 A1=101700 A2=F6D56 A3=108F50 A4=10F1140 A5=108000 A6=109058 PC=4122 -- 004122: moveq   #$0, D1
D0=FFFF D1=0 D2=0 D3=FFFF D4=8402A40 D5=802180A9 D6=842184AB D7=FFFF A0=3C0002 A1=101700 A2=F6D56 A3=108F50 A4=10F1140 A5=108000 A6=109058 PC=4124 -- 004124: move.b  ($68,A1), D0
D0=FFFF D1=0 D2=0 D3=FFFF D4=8402A40 D5=802180A9 D6=842184AB D7=FFFF A0=3C0002 A1=101700 A2=F6D56 A3=108F50 A4=10F1140 A5=108000 A6=109058 PC=4128 -- 004128: move.b  D0, D1
D0=FFFF D1=FF D2=0 D3=FFFF D4=8402A40 D5=802180A9 D6=842184AB D7=FFFF A0=3C0002 A1=101700 A2=F6D56 A3=108F50 A4=10F1140 A5=108000 A6=109058 PC=412A -- 00412A: andi.w  #$f, D0
D0=F D1=FF D2=0 D3=FFFF D4=8402A40 D5=802180A9 D6=842184AB D7=FFFF A0=3C0002 A1=101700 A2=F6D56 A3=108F50 A4=10F1140 A5=108000 A6=109058 PC=412E -- 00412E: lsr.b   #4, D1
D0=F D1=F D2=0 D3=FFFF D4=8402A40 D5=802180A9 D6=842184AB D7=FFFF A0=3C0002 A1=101700 A2=F6D56 A3=108F50 A4=10F1140 A5=108000 A6=109058 PC=4130 -- 004130: tst.b   D1
D0=F D1=F D2=0 D3=FFFF D4=8402A40 D5=802180A9 D6=842184AB D7=FFFF A0=3C0002 A1=101700 A2=F6D56 A3=108F50 A4=10F1140 A5=108000 A6=109058 PC=4132 -- 004132: beq     $4164
D0=F D1=F D2=0 D3=FFFF D4=8402A40 D5=802180A9 D6=842184AB D7=FFFF A0=3C0002 A1=101700 A2=F6D56 A3=108F50 A4=10F1140 A5=108000 A6=109058 PC=4134 -- 004134: lea     $4f9d2.l, A6
D0=F D1=F D2=0 D3=FFFF D4=8402A40 D5=802180A9 D6=842184AB D7=FFFF A0=3C0002 A1=101700 A2=F6D56 A3=108F50 A4=10F1140 A5=108000 A6=4F9D2 PC=413A -- 00413A: lsl.w   #5, D0
D0=1E0 D1=F D2=0 D3=FFFF D4=8402A40 D5=802180A9 D6=842184AB D7=FFFF A0=3C0002 A1=101700 A2=F6D56 A3=108F50 A4=10F1140 A5=108000 A6=4F9D2 PC=413C -- 00413C: adda.w  D0, A6
D0=1E0 D1=F D2=0 D3=FFFF D4=8402A40 D5=802180A9 D6=842184AB D7=FFFF A0=3C0002 A1=101700 A2=F6D56 A3=108F50 A4=10F1140 A5=108000 A6=4FBB2 PC=413E -- 00413E: moveq   #$f, D0
D0=F D1=F D2=0 D3=FFFF D4=8402A40 D5=802180A9 D6=842184AB D7=FFFF A0=3C0002 A1=101700 A2=F6D56 A3=108F50 A4=10F1140 A5=108000 A6=4FBB2 PC=4140 -- 004140: moveq   #$0, D2
D0=F D1=F D2=0 D3=FFFF D4=8402A40 D5=802180A9 D6=842184AB D7=FFFF A0=3C0002 A1=101700 A2=F6D56 A3=108F50 A4=10F1140 A5=108000 A6=4FBB2 PC=4142 -- 004142: move.b  (A2), D2
D0=F D1=F D2=2 D3=FFFF D4=8402A40 D5=802180A9 D6=842184AB D7=FFFF A0=3C0002 A1=101700 A2=F6D56 A3=108F50 A4=10F1140 A5=108000 A6=4FBB2 PC=4144 -- 004144: lsr.w   #1, D2
D0=F D1=F D2=1 D3=FFFF D4=8402A40 D5=802180A9 D6=842184AB D7=FFFF A0=3C0002 A1=101700 A2=F6D56 A3=108F50 A4=10F1140 A5=108000 A6=4FBB2 PC=4146 -- 004146: sub.w   D2, D0
D0=E D1=F D2=1 D3=FFFF D4=8402A40 D5=802180A9 D6=842184AB D7=FFFF A0=3C0002 A1=101700 A2=F6D56 A3=108F50 A4=10F1140 A5=108000 A6=4FBB2 PC=4148 -- 004148: adda.l  D0, A6
D0=E D1=F D2=1 D3=FFFF D4=8402A40 D5=802180A9 D6=842184AB D7=FFFF A0=3C0002 A1=101700 A2=F6D56 A3=108F50 A4=10F1140 A5=108000 A6=4FBC0 PC=414A -- 00414A: move.b  (A2), D0
D0=2 D1=F D2=1 D3=FFFF D4=8402A40 D5=802180A9 D6=842184AB D7=FFFF A0=3C0002 A1=101700 A2=F6D56 A3=108F50 A4=10F1140 A5=108000 A6=4FBC0 PC=414C -- 00414C: add.w   D0, D5
D0=2 D1=F D2=1 D3=FFFF D4=8402A40 D5=802180AB D6=842184AB D7=FFFF A0=3C0002 A1=101700 A2=F6D56 A3=108F50 A4=10F1140 A5=108000 A6=4FBC0 PC=414E -- 00414E: subq.b  #1, D0
D0=1 D1=F D2=1 D3=FFFF D4=8402A40 D5=802180AB D6=842184AB D7=FFFF A0=3C0002 A1=101700 A2=F6D56 A3=108F50 A4=10F1140 A5=108000 A6=4FBC0 PC=4150 -- 004150: move.b  D1, D2
D0=1 D1=F D2=F D3=FFFF D4=8402A40 D5=802180AB D6=842184AB D7=FFFF A0=3C0002 A1=101700 A2=F6D56 A3=108F50 A4=10F1140 A5=108000 A6=4FBC0 PC=4152 -- 004152: sub.b   (A6)+, D2
D0=1 D1=F D2=F D3=FFFF D4=8402A40 D5=802180AB D6=842184AB D7=FFFF A0=3C0002 A1=101700 A2=F6D56 A3=108F50 A4=10F1140 A5=108000 A6=4FBC1 PC=4154 -- 004154: lsl.w   #8, D2
D0=1 D1=F D2=F00 D3=FFFF D4=8402A40 D5=802180AB D6=842184AB D7=FFFF A0=3C0002 A1=101700 A2=F6D56 A3=108F50 A4=10F1140 A5=108000 A6=4FBC1 PC=4156 -- 004156: move.b  ($69,A1), D2
D0=1 D1=F D2=FFF D3=FFFF D4=8402A40 D5=802180AB D6=842184AB D7=FFFF A0=3C0002 A1=101700 A2=F6D56 A3=108F50 A4=10F1140 A5=108000 A6=4FBC1 PC=415A -- 00415A: move.w  D2, (A0)
D0=1 D1=F D2=FFF D3=FFFF D4=8402A40 D5=802180AB D6=842184AB D7=FFFF A0=3C0002 A1=101700 A2=F6D56 A3=108F50 A4=10F1140 A5=108000 A6=4FBC1 PC=415C -- 00415C: dbra    D0, $4150
D0=0 D1=F D2=FFF D3=FFFF D4=8402A40 D5=802180AB D6=842184AB D7=FFFF A0=3C0002 A1=101700 A2=F6D56 A3=108F50 A4=10F1140 A5=108000 A6=4FBC1 PC=4150 -- 004150: move.b  D1, D2
D0=0 D1=F D2=F0F D3=FFFF D4=8402A40 D5=802180AB D6=842184AB D7=FFFF A0=3C0002 A1=101700 A2=F6D56 A3=108F50 A4=10F1140 A5=108000 A6=4FBC1 PC=4152 -- 004152: sub.b   (A6)+, D2
D0=0 D1=F D2=F0F D3=FFFF D4=8402A40 D5=802180AB D6=842184AB D7=FFFF A0=3C0002 A1=101700 A2=F6D56 A3=108F50 A4=10F1140 A5=108000 A6=4FBC2 PC=4154 -- 004154: lsl.w   #8, D2
D0=0 D1=F D2=F00 D3=FFFF D4=8402A40 D5=802180AB D6=842184AB D7=FFFF A0=3C0002 A1=101700 A2=F6D56 A3=108F50 A4=10F1140 A5=108000 A6=4FBC2 PC=4156 -- 004156: move.b  ($69,A1), D2
D0=0 D1=F D2=FFF D3=FFFF D4=8402A40 D5=802180AB D6=842184AB D7=FFFF A0=3C0002 A1=101700 A2=F6D56 A3=108F50 A4=10F1140 A5=108000 A6=4FBC2 PC=415A -- 00415A: move.w  D2, (A0)
D0=0 D1=F D2=FFF D3=FFFF D4=8402A40 D5=802180AB D6=842184AB D7=FFFF A0=3C0002 A1=101700 A2=F6D56 A3=108F50 A4=10F1140 A5=108000 A6=4FBC2 PC=415C -- 00415C: dbra    D0, $4150
D0=FFFF D1=F D2=FFF D3=FFFF D4=8402A40 D5=802180AB D6=842184AB D7=FFFF A0=3C0002 A1=101700 A2=F6D56 A3=108F50 A4=10F1140 A5=108000 A6=4FBC2 PC=4160 -- 004160: bra     $4178
D0=FFFF D1=F D2=FFF D3=FFFF D4=8402A40 D5=802180AB D6=842184AB D7=FFFF A0=3C0002 A1=101700 A2=F6D56 A3=108F50 A4=10F1140 A5=108000 A6=4FBC2 PC=4178 -- 004178: move.b  ($2,A2), D0
D0=FFE0 D1=F D2=FFF D3=FFFF D4=8402A40 D5=802180AB D6=842184AB D7=FFFF A0=3C0002 A1=101700 A2=F6D56 A3=108F50 A4=10F1140 A5=108000 A6=4FBC2 PC=417C -- 00417C: tst.b   ($80,A1)
D0=FFE0 D1=F D2=FFF D3=FFFF D4=8402A40 D5=802180AB D6=842184AB D7=FFFF A0=3C0002 A1=101700 A2=F6D56 A3=108F50 A4=10F1140 A5=108000 A6=4FBC2 PC=4180 -- 004180: beq     $4188
D0=FFE0 D1=F D2=FFF D3=FFFF D4=8402A40 D5=802180AB D6=842184AB D7=FFFF A0=3C0002 A1=101700 A2=F6D56 A3=108F50 A4=10F1140 A5=108000 A6=4FBC2 PC=4188 -- 004188: add.b   ($30,A1), D0
D0=FFE0 D1=F D2=FFF D3=FFFF D4=8402A40 D5=802180AB D6=842184AB D7=FFFF A0=3C0002 A1=101700 A2=F6D56 A3=108F50 A4=10F1140 A5=108000 A6=4FBC2 PC=418C -- 00418C: lsl.w   #8, D0
D0=E000 D1=F D2=FFF D3=FFFF D4=8402A40 D5=802180AB D6=842184AB D7=FFFF A0=3C0002 A1=101700 A2=F6D56 A3=108F50 A4=10F1140 A5=108000 A6=4FBC2 PC=418E -- 00418E: tst.b   ($3,A2)
D0=E000 D1=F D2=FFF D3=FFFF D4=8402A40 D5=802180AB D6=842184AB D7=FFFF A0=3C0002 A1=101700 A2=F6D56 A3=108F50 A4=10F1140 A5=108000 A6=4FBC2 PC=4192 -- 004192: beq     $4198
D0=E000 D1=F D2=FFF D3=FFFF D4=8402A40 D5=802180AB D6=842184AB D7=FFFF A0=3C0002 A1=101700 A2=F6D56 A3=108F50 A4=10F1140 A5=108000 A6=4FBC2 PC=4194 -- 004194: move.b  #$10, D0
D0=E010 D1=F D2=FFF D3=FFFF D4=8402A40 D5=802180AB D6=842184AB D7=FFFF A0=3C0002 A1=101700 A2=F6D56 A3=108F50 A4=10F1140 A5=108000 A6=4FBC2 PC=4198 -- 004198: move.w  ($4,A2), D1
D0=E010 D1=DCC8 D2=FFF D3=FFFF D4=8402A40 D5=802180AB D6=842184AB D7=FFFF A0=3C0002 A1=101700 A2=F6D56 A3=108F50 A4=10F1140 A5=108000 A6=4FBC2 PC=419C -- 00419C: moveq   #$0, D3
D0=E010 D1=DCC8 D2=FFF D3=0 D4=8402A40 D5=802180AB D6=842184AB D7=FFFF A0=3C0002 A1=101700 A2=F6D56 A3=108F50 A4=10F1140 A5=108000 A6=4FBC2 PC=419E -- 00419E: move.b  (A2), D3
D0=E010 D1=DCC8 D2=FFF D3=2 D4=8402A40 D5=802180AB D6=842184AB D7=FFFF A0=3C0002 A1=101700 A2=F6D56 A3=108F50 A4=10F1140 A5=108000 A6=4FBC2 PC=41A0 -- 0041A0: subq.b  #1, D3
D0=E010 D1=DCC8 D2=FFF D3=1 D4=8402A40 D5=802180AB D6=842184AB D7=FFFF A0=3C0002 A1=101700 A2=F6D56 A3=108F50 A4=10F1140 A5=108000 A6=4FBC2 PC=41A2 -- 0041A2: move.w  ($790,A5), D7
D0=E010 D1=DCC8 D2=FFF D3=1 D4=8402A40 D5=802180AB D6=842184AB D7=0 A0=3C0002 A1=101700 A2=F6D56 A3=108F50 A4=10F1140 A5=108000 A6=4FBC2 PC=41A6 -- 0041A6: add.w   D7, D7
D0=E010 D1=DCC8 D2=FFF D3=1 D4=8402A40 D5=802180AB D6=842184AB D7=0 A0=3C0002 A1=101700 A2=F6D56 A3=108F50 A4=10F1140 A5=108000 A6=4FBC2 PC=41A8 -- 0041A8: add.w   D7, D7
D0=E010 D1=DCC8 D2=FFF D3=1 D4=8402A40 D5=802180AB D6=842184AB D7=0 A0=3C0002 A1=101700 A2=F6D56 A3=108F50 A4=10F1140 A5=108000 A6=4FBC2 PC=41AA -- 0041AA: movea.l ($4,PC,D7.w), A6
D0=E010 D1=DCC8 D2=FFF D3=1 D4=8402A40 D5=802180AB D6=842184AB D7=0 A0=3C0002 A1=101700 A2=F6D56 A3=108F50 A4=10F1140 A5=108000 A6=428C PC=41AE -- 0041AE: jmp     (A6)
D0=E010 D1=DCC8 D2=FFF D3=1 D4=8402A40 D5=802180AB D6=842184AB D7=0 A0=3C0002 A1=101700 A2=F6D56 A3=108F50 A4=10F1140 A5=108000 A6=428C PC=428C -- 00428C: lea     ($6,A2), A6
D0=E010 D1=DCC8 D2=FFF D3=1 D4=8402A40 D5=802180AB D6=842184AB D7=0 A0=3C0002 A1=101700 A2=F6D56 A3=108F50 A4=10F1140 A5=108000 A6=F6D5C PC=4290 -- 004290: move.w  #$1, ($2,A0)
D0=E010 D1=DCC8 D2=FFF D3=1 D4=8402A40 D5=802180AB D6=842184AB D7=0 A0=3C0002 A1=101700 A2=F6D56 A3=108F50 A4=10F1140 A5=108000 A6=F6D5C PC=4296 -- 004296: moveq   #$0, D7
D0=E010 D1=DCC8 D2=FFF D3=1 D4=8402A40 D5=802180AB D6=842184AB D7=0 A0=3C0002 A1=101700 A2=F6D56 A3=108F50 A4=10F1140 A5=108000 A6=F6D5C PC=4298 -- 004298: move.b  ($1,A2), D7
D0=E010 D1=DCC8 D2=FFF D3=1 D4=8402A40 D5=802180AB D6=842184AB D7=2 A0=3C0002 A1=101700 A2=F6D56 A3=108F50 A4=10F1140 A5=108000 A6=F6D5C PC=429C -- 00429C: subq.b  #1, D7
D0=E010 D1=DCC8 D2=FFF D3=1 D4=8402A40 D5=802180AB D6=842184AB D7=1 A0=3C0002 A1=101700 A2=F6D56 A3=108F50 A4=10F1140 A5=108000 A6=F6D5C PC=429E -- 00429E: move.w  (A6)+, D2
D0=E010 D1=DCC8 D2=C000 D3=1 D4=8402A40 D5=802180AB D6=842184AB D7=1 A0=3C0002 A1=101700 A2=F6D56 A3=108F50 A4=10F1140 A5=108000 A6=F6D5E PC=42A0 -- 0042A0: move.w  D4, (-$2,A0)
D0=E010 D1=DCC8 D2=C000 D3=1 D4=8402A40 D5=802180AB D6=842184AB D7=1 A0=3C0002 A1=101700 A2=F6D56 A3=108F50 A4=10F1140 A5=108000 A6=F6D5E PC=42A4 -- 0042A4: add.w   D2, D2
D0=E010 D1=DCC8 D2=8000 D3=1 D4=8402A40 D5=802180AB D6=842184AB D7=1 A0=3C0002 A1=101700 A2=F6D56 A3=108F50 A4=10F1140 A5=108000 A6=F6D5E PC=42A6 -- 0042A6: bcc     $42b8
D0=E010 D1=DCC8 D2=8000 D3=1 D4=8402A40 D5=802180AB D6=842184AB D7=1 A0=3C0002 A1=101700 A2=F6D56 A3=108F50 A4=10F1140 A5=108000 A6=F6D5E PC=42A8 -- 0042A8: move.w  D1, (A0)
D0=E010 D1=DCC8 D2=8000 D3=1 D4=8402A40 D5=802180AB D6=842184AB D7=1 A0=3C0002 A1=101700 A2=F6D56 A3=108F50 A4=10F1140 A5=108000 A6=F6D5E PC=42AA -- 0042AA: nop
D0=E010 D1=DCC8 D2=8000 D3=1 D4=8402A40 D5=802180AB D6=842184AB D7=1 A0=3C0002 A1=101700 A2=F6D56 A3=108F50 A4=10F1140 A5=108000 A6=F6D5E PC=42AC -- 0042AC: move.w  D0, (A0)
D0=E010 D1=DCC8 D2=8000 D3=1 D4=8402A40 D5=802180AB D6=842184AB D7=1 A0=3C0002 A1=101700 A2=F6D56 A3=108F50 A4=10F1140 A5=108000 A6=F6D5E PC=42AE -- 0042AE: addq.w  #1, D1
D0=E010 D1=DCC9 D2=8000 D3=1 D4=8402A40 D5=802180AB D6=842184AB D7=1 A0=3C0002 A1=101700 A2=F6D56 A3=108F50 A4=10F1140 A5=108000 A6=F6D5E PC=42B0 -- 0042B0: bcc     $42c0
D0=E010 D1=DCC9 D2=8000 D3=1 D4=8402A40 D5=802180AB D6=842184AB D7=1 A0=3C0002 A1=101700 A2=F6D56 A3=108F50 A4=10F1140 A5=108000 A6=F6D5E PC=42C0 -- 0042C0: dbra    D7, $42a4
D0=E010 D1=DCC9 D2=8000 D3=1 D4=8402A40 D5=802180AB D6=842184AB D7=0 A0=3C0002 A1=101700 A2=F6D56 A3=108F50 A4=10F1140 A5=108000 A6=F6D5E PC=42A4 -- 0042A4: add.w   D2, D2
D0=E010 D1=DCC9 D2=0 D3=1 D4=8402A40 D5=802180AB D6=842184AB D7=0 A0=3C0002 A1=101700 A2=F6D56 A3=108F50 A4=10F1140 A5=108000 A6=F6D5E PC=42A6 -- 0042A6: bcc     $42b8
D0=E010 D1=DCC9 D2=0 D3=1 D4=8402A40 D5=802180AB D6=842184AB D7=0 A0=3C0002 A1=101700 A2=F6D56 A3=108F50 A4=10F1140 A5=108000 A6=F6D5E PC=42A8 -- 0042A8: move.w  D1, (A0)
D0=E010 D1=DCC9 D2=0 D3=1 D4=8402A40 D5=802180AB D6=842184AB D7=0 A0=3C0002 A1=101700 A2=F6D56 A3=108F50 A4=10F1140 A5=108000 A6=F6D5E PC=42AA -- 0042AA: nop
D0=E010 D1=DCC9 D2=0 D3=1 D4=8402A40 D5=802180AB D6=842184AB D7=0 A0=3C0002 A1=101700 A2=F6D56 A3=108F50 A4=10F1140 A5=108000 A6=F6D5E PC=42AC -- 0042AC: move.w  D0, (A0)
D0=E010 D1=DCC9 D2=0 D3=1 D4=8402A40 D5=802180AB D6=842184AB D7=0 A0=3C0002 A1=101700 A2=F6D56 A3=108F50 A4=10F1140 A5=108000 A6=F6D5E PC=42AE -- 0042AE: addq.w  #1, D1
D0=E010 D1=DCCA D2=0 D3=1 D4=8402A40 D5=802180AB D6=842184AB D7=0 A0=3C0002 A1=101700 A2=F6D56 A3=108F50 A4=10F1140 A5=108000 A6=F6D5E PC=42B0 -- 0042B0: bcc     $42c0
D0=E010 D1=DCCA D2=0 D3=1 D4=8402A40 D5=802180AB D6=842184AB D7=0 A0=3C0002 A1=101700 A2=F6D56 A3=108F50 A4=10F1140 A5=108000 A6=F6D5E PC=42C0 -- 0042C0: dbra    D7, $42a4
D0=E010 D1=DCCA D2=0 D3=1 D4=8402A40 D5=802180AB D6=842184AB D7=FFFF A0=3C0002 A1=101700 A2=F6D56 A3=108F50 A4=10F1140 A5=108000 A6=F6D5E PC=42C4 -- 0042C4: bsr     $47c0
D0=E010 D1=DCCA D2=0 D3=1 D4=8402A40 D5=802180AB D6=842184AB D7=FFFF A0=3C0002 A1=101700 A2=F6D56 A3=108F50 A4=10F1140 A5=108000 A6=F6D5E PC=47C0 -- 0047C0: tst.b   ($78f,A5)
D0=E010 D1=DCCA D2=0 D3=1 D4=8402A40 D5=802180AB D6=842184AB D7=FFFF A0=3C0002 A1=101700 A2=F6D56 A3=108F50 A4=10F1140 A5=108000 A6=F6D5E PC=47C4 -- 0047C4: bpl     $47c8
D0=E010 D1=DCCA D2=0 D3=1 D4=8402A40 D5=802180AB D6=842184AB D7=FFFF A0=3C0002 A1=101700 A2=F6D56 A3=108F50 A4=10F1140 A5=108000 A6=F6D5E PC=47C6 -- 0047C6: rts
D0=E010 D1=DCCA D2=0 D3=1 D4=8402A40 D5=802180AB D6=842184AB D7=FFFF A0=3C0002 A1=101700 A2=F6D56 A3=108F50 A4=10F1140 A5=108000 A6=F6D5E PC=42C8 -- 0042C8: addi.w  #$40, D4
D0=E010 D1=DCCA D2=0 D3=1 D4=8402A80 D5=802180AB D6=842184AB D7=FFFF A0=3C0002 A1=101700 A2=F6D56 A3=108F50 A4=10F1140 A5=108000 A6=F6D5E PC=42CC -- 0042CC: dbra    D3, $4296
D0=E010 D1=DCCA D2=0 D3=0 D4=8402A80 D5=802180AB D6=842184AB D7=FFFF A0=3C0002 A1=101700 A2=F6D56 A3=108F50 A4=10F1140 A5=108000 A6=F6D5E PC=4296 -- 004296: moveq   #$0, D7
D0=E010 D1=DCCA D2=0 D3=0 D4=8402A80 D5=802180AB D6=842184AB D7=0 A0=3C0002 A1=101700 A2=F6D56 A3=108F50 A4=10F1140 A5=108000 A6=F6D5E PC=4298 -- 004298: move.b  ($1,A2), D7
D0=E010 D1=DCCA D2=0 D3=0 D4=8402A80 D5=802180AB D6=842184AB D7=2 A0=3C0002 A1=101700 A2=F6D56 A3=108F50 A4=10F1140 A5=108000 A6=F6D5E PC=429C -- 00429C: subq.b  #1, D7
D0=E010 D1=DCCA D2=0 D3=0 D4=8402A80 D5=802180AB D6=842184AB D7=1 A0=3C0002 A1=101700 A2=F6D56 A3=108F50 A4=10F1140 A5=108000 A6=F6D5E PC=429E -- 00429E: move.w  (A6)+, D2
D0=E010 D1=DCCA D2=C000 D3=0 D4=8402A80 D5=802180AB D6=842184AB D7=1 A0=3C0002 A1=101700 A2=F6D56 A3=108F50 A4=10F1140 A5=108000 A6=F6D60 PC=42A0 -- 0042A0: move.w  D4, (-$2,A0)

   (loops for 16 instructions)

D0=E010 D1=DCCC D2=0 D3=0 D4=8402A80 D5=802180AB D6=842184AB D7=FFFF A0=3C0002 A1=101700 A2=F6D56 A3=108F50 A4=10F1140 A5=108000 A6=F6D60 PC=42C4 -- 0042C4: bsr     $47c0
D0=E010 D1=DCCC D2=0 D3=0 D4=8402A80 D5=802180AB D6=842184AB D7=FFFF A0=3C0002 A1=101700 A2=F6D56 A3=108F50 A4=10F1140 A5=108000 A6=F6D60 PC=47C0 -- 0047C0: tst.b   ($78f,A5)
D0=E010 D1=DCCC D2=0 D3=0 D4=8402A80 D5=802180AB D6=842184AB D7=FFFF A0=3C0002 A1=101700 A2=F6D56 A3=108F50 A4=10F1140 A5=108000 A6=F6D60 PC=47C4 -- 0047C4: bpl     $47c8
D0=E010 D1=DCCC D2=0 D3=0 D4=8402A80 D5=802180AB D6=842184AB D7=FFFF A0=3C0002 A1=101700 A2=F6D56 A3=108F50 A4=10F1140 A5=108000 A6=F6D60 PC=47C6 -- 0047C6: rts
D0=E010 D1=DCCC D2=0 D3=0 D4=8402A80 D5=802180AB D6=842184AB D7=FFFF A0=3C0002 A1=101700 A2=F6D56 A3=108F50 A4=10F1140 A5=108000 A6=F6D60 PC=42C8 -- 0042C8: addi.w  #$40, D4
D0=E010 D1=DCCC D2=0 D3=0 D4=8402AC0 D5=802180AB D6=842184AB D7=FFFF A0=3C0002 A1=101700 A2=F6D56 A3=108F50 A4=10F1140 A5=108000 A6=F6D60 PC=42CC -- 0042CC: dbra    D3, $4296
D0=E010 D1=DCCC D2=0 D3=FFFF D4=8402AC0 D5=802180AB D6=842184AB D7=FFFF A0=3C0002 A1=101700 A2=F6D56 A3=108F50 A4=10F1140 A5=108000 A6=F6D60 PC=42D0 -- 0042D0: rts
D0=E010 D1=DCCC D2=0 D3=FFFF D4=8402AC0 D5=802180AB D6=842184AB D7=FFFF A0=3C0002 A1=101700 A2=F6D56 A3=108F50 A4=10F1140 A5=108000 A6=F6D60 PC=4016 -- 004016: bra     $401c
D0=E010 D1=DCCC D2=0 D3=FFFF D4=8402AC0 D5=802180AB D6=842184AB D7=FFFF A0=3C0002 A1=101700 A2=F6D56 A3=108F50 A4=10F1140 A5=108000 A6=F6D60 PC=401C -- 00401C: movea.l (A7)+, A6
D0=E010 D1=DCCC D2=0 D3=FFFF D4=8402AC0 D5=802180AB D6=842184AB D7=FFFF A0=3C0002 A1=101700 A2=F6D56 A3=108F50 A4=10F1140 A5=108000 A6=108E3C PC=401E -- 00401E: btst    #$5, ($4,A4)
D0=E010 D1=DCCC D2=0 D3=FFFF D4=8402AC0 D5=802180AB D6=842184AB D7=FFFF A0=3C0002 A1=101700 A2=F6D56 A3=108F50 A4=10F1140 A5=108000 A6=108E3C PC=4024 -- 004024: beq     $4056
D0=E010 D1=DCCC D2=0 D3=FFFF D4=8402AC0 D5=802180AB D6=842184AB D7=FFFF A0=3C0002 A1=101700 A2=F6D56 A3=108F50 A4=10F1140 A5=108000 A6=108E3C PC=4056 -- 004056: tst.b   ($7c,A1)
D0=E010 D1=DCCC D2=0 D3=FFFF D4=8402AC0 D5=802180AB D6=842184AB D7=FFFF A0=3C0002 A1=101700 A2=F6D56 A3=108F50 A4=10F1140 A5=108000 A6=108E3C PC=405A -- 00405A: bpl     $4064
D0=E010 D1=DCCC D2=0 D3=FFFF D4=8402AC0 D5=802180AB D6=842184AB D7=FFFF A0=3C0002 A1=101700 A2=F6D56 A3=108F50 A4=10F1140 A5=108000 A6=108E3C PC=4064 -- 004064: movea.l (A7)+, A0
D0=E010 D1=DCCC D2=0 D3=FFFF D4=8402AC0 D5=802180AB D6=842184AB D7=FFFF A0=108920 A1=101700 A2=F6D56 A3=108F50 A4=10F1140 A5=108000 A6=108E3C PC=4066 -- 004066: subq.w  #1, ($e3a,A5)
D0=E010 D1=DCCC D2=0 D3=FFFF D4=8402AC0 D5=802180AB D6=842184AB D7=FFFF A0=108920 A1=101700 A2=F6D56 A3=108F50 A4=10F1140 A5=108000 A6=108E3C PC=406A -- 00406A: bne     $3f32
D0=E010 D1=DCCC D2=0 D3=FFFF D4=8402AC0 D5=802180AB D6=842184AB D7=FFFF A0=108920 A1=101700 A2=F6D56 A3=108F50 A4=10F1140 A5=108000 A6=108E3C PC=3F32 -- 003F32: move.w  (A0)+, D0
D0=1900 D1=DCCC D2=0 D3=FFFF D4=8402AC0 D5=802180AB D6=842184AB D7=FFFF A0=108922 A1=101700 A2=F6D56 A3=108F50 A4=10F1140 A5=108000 A6=108E3C PC=3F34 -- 003F34: beq     $3f32
D0=1900 D1=DCCC D2=0 D3=FFFF D4=8402AC0 D5=802180AB D6=842184AB D7=FFFF A0=108922 A1=101700 A2=F6D56 A3=108F50 A4=10F1140 A5=108000 A6=108E3C PC=3F36 -- 003F36: clr.w   (-$2,A0)
D0=1900 D1=DCCC D2=0 D3=FFFF D4=8402AC0 D5=802180AB D6=842184AB D7=FFFF A0=108922 A1=101700 A2=F6D56 A3=108F50 A4=10F1140 A5=108000 A6=108E3C PC=3F3A -- 003F3A: move.l  A5, D1
D0=1900 D1=108000 D2=0 D3=FFFF D4=8402AC0 D5=802180AB D6=842184AB D7=FFFF A0=108922 A1=101700 A2=F6D56 A3=108F50 A4=10F1140 A5=108000 A6=108E3C PC=3F3C -- 003F3C: move.w  D0, D1
D0=1900 D1=101900 D2=0 D3=FFFF D4=8402AC0 D5=802180AB D6=842184AB D7=FFFF A0=108922 A1=101700 A2=F6D56 A3=108F50 A4=10F1140 A5=108000 A6=108E3C PC=3F3E -- 003F3E: movea.l D1, A1
D0=1900 D1=101900 D2=0 D3=FFFF D4=8402AC0 D5=802180AB D6=842184AB D7=FFFF A0=108922 A1=101900 A2=F6D56 A3=108F50 A4=10F1140 A5=108000 A6=108E3C PC=3F40 -- 003F40: movea.l ($28,A1), A2
D0=1900 D1=101900 D2=0 D3=FFFF D4=8402AC0 D5=802180AB D6=842184AB D7=FFFF A0=108922 A1=101900 A2=F6D4C A3=108F50 A4=10F1140 A5=108000 A6=108E3C PC=3F44 -- 003F44: lea     $7bf48.l, A4
D0=1900 D1=101900 D2=0 D3=FFFF D4=8402AC0 D5=802180AB D6=842184AB D7=FFFF A0=108922 A1=101900 A2=F6D4C A3=108F50 A4=7BF48 A5=108000 A6=108E3C PC=3F4A -- 003F4A: move.w  ($70,A1), D0
D0=1B D1=101900 D2=0 D3=FFFF D4=8402AC0 D5=802180AB D6=842184AB D7=FFFF A0=108922 A1=101900 A2=F6D4C A3=108F50 A4=7BF48 A5=108000 A6=108E3C PC=3F4E -- 003F4E: add.w   D0, D0
D0=36 D1=101900 D2=0 D3=FFFF D4=8402AC0 D5=802180AB D6=842184AB D7=FFFF A0=108922 A1=101900 A2=F6D4C A3=108F50 A4=7BF48 A5=108000 A6=108E3C PC=3F50 -- 003F50: add.w   D0, D0
D0=6C D1=101900 D2=0 D3=FFFF D4=8402AC0 D5=802180AB D6=842184AB D7=FFFF A0=108922 A1=101900 A2=F6D4C A3=108F50 A4=7BF48 A5=108000 A6=108E3C PC=3F52 -- 003F52: movea.l (A4,D0.w), A4
D0=6C D1=101900 D2=0 D3=FFFF D4=8402AC0 D5=802180AB D6=842184AB D7=FFFF A0=108922 A1=101900 A2=F6D4C A3=108F50 A4=7F5E0 A5=108000 A6=108E3C PC=3F56 -- 003F56: move.w  ($72,A1), D0
D0=3F D1=101900 D2=0 D3=FFFF D4=8402AC0 D5=802180AB D6=842184AB D7=FFFF A0=108922 A1=101900 A2=F6D4C A3=108F50 A4=7F5E0 A5=108000 A6=108E3C PC=3F5A -- 003F5A: add.w   D0, D0
D0=7E D1=101900 D2=0 D3=FFFF D4=8402AC0 D5=802180AB D6=842184AB D7=FFFF A0=108922 A1=101900 A2=F6D4C A3=108F50 A4=7F5E0 A5=108000 A6=108E3C PC=3F5C -- 003F5C: move.w  (A4,D0.w), ($46de,A5)
D0=7E D1=101900 D2=0 D3=FFFF D4=8402AC0 D5=802180AB D6=842184AB D7=FFFF A0=108922 A1=101900 A2=F6D4C A3=108F50 A4=7F5E0 A5=108000 A6=108E3C PC=3F62 -- 003F62: lea     $80000.l, A4
D0=7E D1=101900 D2=0 D3=FFFF D4=8402AC0 D5=802180AB D6=842184AB D7=FFFF A0=108922 A1=101900 A2=F6D4C A3=108F50 A4=80000 A5=108000 A6=108E3C PC=3F68 -- 003F68: move.w  ($70,A1), D0
D0=1B D1=101900 D2=0 D3=FFFF D4=8402AC0 D5=802180AB D6=842184AB D7=FFFF A0=108922 A1=101900 A2=F6D4C A3=108F50 A4=80000 A5=108000 A6=108E3C PC=3F6C -- 003F6C: add.w   D0, D0
D0=36 D1=101900 D2=0 D3=FFFF D4=8402AC0 D5=802180AB D6=842184AB D7=FFFF A0=108922 A1=101900 A2=F6D4C A3=108F50 A4=80000 A5=108000 A6=108E3C PC=3F6E -- 003F6E: add.w   D0, D0
D0=6C D1=101900 D2=0 D3=FFFF D4=8402AC0 D5=802180AB D6=842184AB D7=FFFF A0=108922 A1=101900 A2=F6D4C A3=108F50 A4=80000 A5=108000 A6=108E3C PC=3F70 -- 003F70: movea.l (A4,D0.w), A4
D0=6C D1=101900 D2=0 D3=FFFF D4=8402AC0 D5=802180AB D6=842184AB D7=FFFF A0=108922 A1=101900 A2=F6D4C A3=108F50 A4=86E00 A5=108000 A6=108E3C PC=3F74 -- 003F74: move.w  ($46de,A5), D0
D0=3F3F D1=101900 D2=0 D3=FFFF D4=8402AC0 D5=802180AB D6=842184AB D7=FFFF A0=108922 A1=101900 A2=F6D4C A3=108F50 A4=86E00 A5=108000 A6=108E3C PC=3F78 -- 003F78: tst.b   ($46e2,A5)
D0=3F3F D1=101900 D2=0 D3=FFFF D4=8402AC0 D5=802180AB D6=842184AB D7=FFFF A0=108922 A1=101900 A2=F6D4C A3=108F50 A4=86E00 A5=108000 A6=108E3C PC=3F7C -- 003F7C: beq     $3f82
D0=3F3F D1=101900 D2=0 D3=FFFF D4=8402AC0 D5=802180AB D6=842184AB D7=FFFF A0=108922 A1=101900 A2=F6D4C A3=108F50 A4=86E00 A5=108000 A6=108E3C PC=3F82 -- 003F82: andi.w  #$ff, D0
D0=3F D1=101900 D2=0 D3=FFFF D4=8402AC0 D5=802180AB D6=842184AB D7=FFFF A0=108922 A1=101900 A2=F6D4C A3=108F50 A4=86E00 A5=108000 A6=108E3C PC=3F86 -- 003F86: add.w   D0, D0
D0=7E D1=101900 D2=0 D3=FFFF D4=8402AC0 D5=802180AB D6=842184AB D7=FFFF A0=108922 A1=101900 A2=F6D4C A3=108F50 A4=86E00 A5=108000 A6=108E3C PC=3F88 -- 003F88: add.w   D0, D0
D0=FC D1=101900 D2=0 D3=FFFF D4=8402AC0 D5=802180AB D6=842184AB D7=FFFF A0=108922 A1=101900 A2=F6D4C A3=108F50 A4=86E00 A5=108000 A6=108E3C PC=3F8A -- 003F8A: movea.l (A4,D0.w), A4
D0=FC D1=101900 D2=0 D3=FFFF D4=8402AC0 D5=802180AB D6=842184AB D7=FFFF A0=108922 A1=101900 A2=F6D4C A3=108F50 A4=F314A A5=108000 A6=108E3C PC=3F8E -- 003F8E: move.w  ($74,A1), D0
D0=0 D1=101900 D2=0 D3=FFFF D4=8402AC0 D5=802180AB D6=842184AB D7=FFFF A0=108922 A1=101900 A2=F6D4C A3=108F50 A4=F314A A5=108000 A6=108E3C PC=3F92 -- 003F92: adda.w  D0, A4
D0=0 D1=101900 D2=0 D3=FFFF D4=8402AC0 D5=802180AB D6=842184AB D7=FFFF A0=108922 A1=101900 A2=F6D4C A3=108F50 A4=F314A A5=108000 A6=108E3C PC=3F94 -- 003F94: move.l  (A4), D0
D0=10F113A D1=101900 D2=0 D3=FFFF D4=8402AC0 D5=802180AB D6=842184AB D7=FFFF A0=108922 A1=101900 A2=F6D4C A3=108F50 A4=F314A A5=108000 A6=108E3C PC=3F96 -- 003F96: movea.l D0, A4
D0=10F113A D1=101900 D2=0 D3=FFFF D4=8402AC0 D5=802180AB D6=842184AB D7=FFFF A0=108922 A1=101900 A2=F6D4C A3=108F50 A4=10F113A A5=108000 A6=108E3C PC=3F98 -- 003F98: move.l  A0, -(A7)
D0=10F113A D1=101900 D2=0 D3=FFFF D4=8402AC0 D5=802180AB D6=842184AB D7=FFFF A0=108922 A1=101900 A2=F6D4C A3=108F50 A4=10F113A A5=108000 A6=108E3C PC=3F9A -- 003F9A: lea     $3c0002.l, A0
D0=10F113A D1=101900 D2=0 D3=FFFF D4=8402AC0 D5=802180AB D6=842184AB D7=FFFF A0=3C0002 A1=101900 A2=F6D4C A3=108F50 A4=10F113A A5=108000 A6=108E3C PC=3FA0 -- 003FA0: tst.b   ($7c,A1)
D0=10F113A D1=101900 D2=0 D3=FFFF D4=8402AC0 D5=802180AB D6=842184AB D7=FFFF A0=3C0002 A1=101900 A2=F6D4C A3=108F50 A4=10F113A A5=108000 A6=108E3C PC=3FA4 -- 003FA4: bpl     $3fc0
D0=10F113A D1=101900 D2=0 D3=FFFF D4=8402AC0 D5=802180AB D6=842184AB D7=FFFF A0=3C0002 A1=101900 A2=F6D4C A3=108F50 A4=10F113A A5=108000 A6=108E3C PC=3FC0 -- 003FC0: moveq   #$0, D0
D0=0 D1=101900 D2=0 D3=FFFF D4=8402AC0 D5=802180AB D6=842184AB D7=FFFF A0=3C0002 A1=101900 A2=F6D4C A3=108F50 A4=10F113A A5=108000 A6=108E3C PC=3FC2 -- 003FC2: move.b  (A2), D0
D0=2 D1=101900 D2=0 D3=FFFF D4=8402AC0 D5=802180AB D6=842184AB D7=FFFF A0=3C0002 A1=101900 A2=F6D4C A3=108F50 A4=10F113A A5=108000 A6=108E3C PC=3FC4 -- 003FC4: sub.w   D0, ($794,A5)
D0=2 D1=101900 D2=0 D3=FFFF D4=8402AC0 D5=802180AB D6=842184AB D7=FFFF A0=3C0002 A1=101900 A2=F6D4C A3=108F50 A4=10F113A A5=108000 A6=108E3C PC=3FC8 -- 003FC8: bcc     $3fd2
D0=2 D1=101900 D2=0 D3=FFFF D4=8402AC0 D5=802180AB D6=842184AB D7=FFFF A0=3C0002 A1=101900 A2=F6D4C A3=108F50 A4=10F113A A5=108000 A6=108E3C PC=3FD2 -- 003FD2: move.l  A6, -(A7)
D0=2 D1=101900 D2=0 D3=FFFF D4=8402AC0 D5=802180AB D6=842184AB D7=FFFF A0=3C0002 A1=101900 A2=F6D4C A3=108F50 A4=10F113A A5=108000 A6=108E3C PC=3FD4 -- 003FD4: btst    #$6, ($7c,A1)
D0=2 D1=101900 D2=0 D3=FFFF D4=8402AC0 D5=802180AB D6=842184AB D7=FFFF A0=3C0002 A1=101900 A2=F6D4C A3=108F50 A4=10F113A A5=108000 A6=108E3C PC=3FDA -- 003FDA: bne     $400c
D0=2 D1=101900 D2=0 D3=FFFF D4=8402AC0 D5=802180AB D6=842184AB D7=FFFF A0=3C0002 A1=101900 A2=F6D4C A3=108F50 A4=10F113A A5=108000 A6=108E3C PC=3FDE -- 003FDE: moveq   #$0, D1
D0=2 D1=0 D2=0 D3=FFFF D4=8402AC0 D5=802180AB D6=842184AB D7=FFFF A0=3C0002 A1=101900 A2=F6D4C A3=108F50 A4=10F113A A5=108000 A6=108E3C PC=3FE0 -- 003FE0: move.b  ($82,A1), D1
D0=2 D1=0 D2=0 D3=FFFF D4=8402AC0 D5=802180AB D6=842184AB D7=FFFF A0=3C0002 A1=101900 A2=F6D4C A3=108F50 A4=10F113A A5=108000 A6=108E3C PC=3FE4 -- 003FE4: add.w   D1, D1
D0=2 D1=0 D2=0 D3=FFFF D4=8402AC0 D5=802180AB D6=842184AB D7=FFFF A0=3C0002 A1=101900 A2=F6D4C A3=108F50 A4=10F113A A5=108000 A6=108E3C PC=3FE6 -- 003FE6: add.w   D1, D1
D0=2 D1=0 D2=0 D3=FFFF D4=8402AC0 D5=802180AB D6=842184AB D7=FFFF A0=3C0002 A1=101900 A2=F6D4C A3=108F50 A4=10F113A A5=108000 A6=108E3C PC=3FE8 -- 003FE8: move.w  ($18,A1), D0
D0=90 D1=0 D2=0 D3=FFFF D4=8402AC0 D5=802180AB D6=842184AB D7=FFFF A0=3C0002 A1=101900 A2=F6D4C A3=108F50 A4=10F113A A5=108000 A6=108E3C PC=3FEC -- 003FEC: lea     ($104c,A5), A6
D0=90 D1=0 D2=0 D3=FFFF D4=8402AC0 D5=802180AB D6=842184AB D7=FFFF A0=3C0002 A1=101900 A2=F6D4C A3=108F50 A4=10F113A A5=108000 A6=10904C PC=3FF0 -- 003FF0: sub.w   (A6,D1.w), D0
D0=90 D1=0 D2=0 D3=FFFF D4=8402AC0 D5=802180AB D6=842184AB D7=FFFF A0=3C0002 A1=101900 A2=F6D4C A3=108F50 A4=10F113A A5=108000 A6=10904C PC=3FF4 -- 003FF4: move.w  D0, ($24,A1)
D0=90 D1=0 D2=0 D3=FFFF D4=8402AC0 D5=802180AB D6=842184AB D7=FFFF A0=3C0002 A1=101900 A2=F6D4C A3=108F50 A4=10F113A A5=108000 A6=10904C PC=3FF8 -- 003FF8: move.w  ($1c,A1), D0
D0=C8 D1=0 D2=0 D3=FFFF D4=8402AC0 D5=802180AB D6=842184AB D7=FFFF A0=3C0002 A1=101900 A2=F6D4C A3=108F50 A4=10F113A A5=108000 A6=10904C PC=3FFC -- 003FFC: sub.w   ($20,A1), D0
D0=C8 D1=0 D2=0 D3=FFFF D4=8402AC0 D5=802180AB D6=842184AB D7=FFFF A0=3C0002 A1=101900 A2=F6D4C A3=108F50 A4=10F113A A5=108000 A6=10904C PC=4000 -- 004000: lea     ($1058,A5), A6
D0=C8 D1=0 D2=0 D3=FFFF D4=8402AC0 D5=802180AB D6=842184AB D7=FFFF A0=3C0002 A1=101900 A2=F6D4C A3=108F50 A4=10F113A A5=108000 A6=109058 PC=4004 -- 004004: sub.w   (A6,D1.w), D0
D0=C8 D1=0 D2=0 D3=FFFF D4=8402AC0 D5=802180AB D6=842184AB D7=FFFF A0=3C0002 A1=101900 A2=F6D4C A3=108F50 A4=10F113A A5=108000 A6=109058 PC=4008 -- 004008: move.w  D0, ($26,A1)
D0=C8 D1=0 D2=0 D3=FFFF D4=8402AC0 D5=802180AB D6=842184AB D7=FFFF A0=3C0002 A1=101900 A2=F6D4C A3=108F50 A4=10F113A A5=108000 A6=109058 PC=400C -- 00400C: tst.b   ($3a66,A5)
D0=C8 D1=0 D2=0 D3=FFFF D4=8402AC0 D5=802180AB D6=842184AB D7=FFFF A0=3C0002 A1=101900 A2=F6D4C A3=108F50 A4=10F113A A5=108000 A6=109058 PC=4010 -- 004010: bmi     $4018
D0=C8 D1=0 D2=0 D3=FFFF D4=8402AC0 D5=802180AB D6=842184AB D7=FFFF A0=3C0002 A1=101900 A2=F6D4C A3=108F50 A4=10F113A A5=108000 A6=109058 PC=4012 -- 004012: bsr     $4088
D0=C8 D1=0 D2=0 D3=FFFF D4=8402AC0 D5=802180AB D6=842184AB D7=FFFF A0=3C0002 A1=101900 A2=F6D4C A3=108F50 A4=10F113A A5=108000 A6=109058 PC=4088 -- 004088: move.w  (A4), D0
D0=50 D1=0 D2=0 D3=FFFF D4=8402AC0 D5=802180AB D6=842184AB D7=FFFF A0=3C0002 A1=101900 A2=F6D4C A3=108F50 A4=10F113A A5=108000 A6=109058 PC=408A -- 00408A: move.b  ($31,A1), D1
D0=50 D1=0 D2=0 D3=FFFF D4=8402AC0 D5=802180AB D6=842184AB D7=FFFF A0=3C0002 A1=101900 A2=F6D4C A3=108F50 A4=10F113A A5=108000 A6=109058 PC=408E -- 00408E: move.b  ($4,A4), D2
D0=50 D1=0 D2=0 D3=FFFF D4=8402AC0 D5=802180AB D6=842184AB D7=FFFF A0=3C0002 A1=101900 A2=F6D4C A3=108F50 A4=10F113A A5=108000 A6=109058 PC=4092 -- 004092: rol.b   #2, D2
D0=50 D1=0 D2=0 D3=FFFF D4=8402AC0 D5=802180AB D6=842184AB D7=FFFF A0=3C0002 A1=101900 A2=F6D4C A3=108F50 A4=10F113A A5=108000 A6=109058 PC=4094 -- 004094: eor.w   D2, D1
D0=50 D1=0 D2=0 D3=FFFF D4=8402AC0 D5=802180AB D6=842184AB D7=FFFF A0=3C0002 A1=101900 A2=F6D4C A3=108F50 A4=10F113A A5=108000 A6=109058 PC=4096 -- 004096: andi.w  #$3, D1
D0=50 D1=0 D2=0 D3=FFFF D4=8402AC0 D5=802180AB D6=842184AB D7=FFFF A0=3C0002 A1=101900 A2=F6D4C A3=108F50 A4=10F113A A5=108000 A6=109058 PC=409A -- 00409A: move.w  D1, ($790,A5)
D0=50 D1=0 D2=0 D3=FFFF D4=8402AC0 D5=802180AB D6=842184AB D7=FFFF A0=3C0002 A1=101900 A2=F6D4C A3=108F50 A4=10F113A A5=108000 A6=109058 PC=409E -- 00409E: andi.w  #$1, D1
D0=50 D1=0 D2=0 D3=FFFF D4=8402AC0 D5=802180AB D6=842184AB D7=FFFF A0=3C0002 A1=101900 A2=F6D4C A3=108F50 A4=10F113A A5=108000 A6=109058 PC=40A2 -- 0040A2: beq     $40ae
D0=50 D1=0 D2=0 D3=FFFF D4=8402AC0 D5=802180AB D6=842184AB D7=FFFF A0=3C0002 A1=101900 A2=F6D4C A3=108F50 A4=10F113A A5=108000 A6=109058 PC=40AE -- 0040AE: moveq   #$0, D1
D0=50 D1=0 D2=0 D3=FFFF D4=8402AC0 D5=802180AB D6=842184AB D7=FFFF A0=3C0002 A1=101900 A2=F6D4C A3=108F50 A4=10F113A A5=108000 A6=109058 PC=40B0 -- 0040B0: move.b  ($68,A1), D1
D0=50 D1=FF D2=0 D3=FFFF D4=8402AC0 D5=802180AB D6=842184AB D7=FFFF A0=3C0002 A1=101900 A2=F6D4C A3=108F50 A4=10F113A A5=108000 A6=109058 PC=40B4 -- 0040B4: addq.w  #1, D1
D0=50 D1=100 D2=0 D3=FFFF D4=8402AC0 D5=802180AB D6=842184AB D7=FFFF A0=3C0002 A1=101900 A2=F6D4C A3=108F50 A4=10F113A A5=108000 A6=109058 PC=40B6 -- 0040B6: muls.w  D1, D0
D0=5000 D1=100 D2=0 D3=FFFF D4=8402AC0 D5=802180AB D6=842184AB D7=FFFF A0=3C0002 A1=101900 A2=F6D4C A3=108F50 A4=10F113A A5=108000 A6=109058 PC=40B8 -- 0040B8: lsr.l   #8, D0
D0=50 D1=100 D2=0 D3=FFFF D4=8402AC0 D5=802180AB D6=842184AB D7=FFFF A0=3C0002 A1=101900 A2=F6D4C A3=108F50 A4=10F113A A5=108000 A6=109058 PC=40BA -- 0040BA: add.w   ($24,A1), D0
D0=E0 D1=100 D2=0 D3=FFFF D4=8402AC0 D5=802180AB D6=842184AB D7=FFFF A0=3C0002 A1=101900 A2=F6D4C A3=108F50 A4=10F113A A5=108000 A6=109058 PC=40BE -- 0040BE: lsl.w   #7, D0
D0=7000 D1=100 D2=0 D3=FFFF D4=8402AC0 D5=802180AB D6=842184AB D7=FFFF A0=3C0002 A1=101900 A2=F6D4C A3=108F50 A4=10F113A A5=108000 A6=109058 PC=40C0 -- 0040C0: move.w  D6, (-$2,A0)
D0=7000 D1=100 D2=0 D3=FFFF D4=8402AC0 D5=802180AB D6=842184AB D7=FFFF A0=3C0002 A1=101900 A2=F6D4C A3=108F50 A4=10F113A A5=108000 A6=109058 PC=40C4 -- 0040C4: move.w  D0, (A0)
D0=7000 D1=100 D2=0 D3=FFFF D4=8402AC0 D5=802180AB D6=842184AB D7=FFFF A0=3C0002 A1=101900 A2=F6D4C A3=108F50 A4=10F113A A5=108000 A6=109058 PC=40C6 -- 0040C6: moveq   #$0, D0
D0=0 D1=100 D2=0 D3=FFFF D4=8402AC0 D5=802180AB D6=842184AB D7=FFFF A0=3C0002 A1=101900 A2=F6D4C A3=108F50 A4=10F113A A5=108000 A6=109058 PC=40C8 -- 0040C8: move.b  (A2), D0
D0=2 D1=100 D2=0 D3=FFFF D4=8402AC0 D5=802180AB D6=842184AB D7=FFFF A0=3C0002 A1=101900 A2=F6D4C A3=108F50 A4=10F113A A5=108000 A6=109058 PC=40CA -- 0040CA: add.w   D0, D6
D0=2 D1=100 D2=0 D3=FFFF D4=8402AC0 D5=802180AB D6=842184AD D7=FFFF A0=3C0002 A1=101900 A2=F6D4C A3=108F50 A4=10F113A A5=108000 A6=109058 PC=40CC -- 0040CC: move.w  ($2,A4), D0
D0=FFF7 D1=100 D2=0 D3=FFFF D4=8402AC0 D5=802180AB D6=842184AD D7=FFFF A0=3C0002 A1=101900 A2=F6D4C A3=108F50 A4=10F113A A5=108000 A6=109058 PC=40D0 -- 0040D0: btst    #$1, ($791,A5)
D0=FFF7 D1=100 D2=0 D3=FFFF D4=8402AC0 D5=802180AB D6=842184AD D7=FFFF A0=3C0002 A1=101900 A2=F6D4C A3=108F50 A4=10F113A A5=108000 A6=109058 PC=40D6 -- 0040D6: beq     $40e4
D0=FFF7 D1=100 D2=0 D3=FFFF D4=8402AC0 D5=802180AB D6=842184AD D7=FFFF A0=3C0002 A1=101900 A2=F6D4C A3=108F50 A4=10F113A A5=108000 A6=109058 PC=40E4 -- 0040E4: moveq   #$0, D1
D0=FFF7 D1=0 D2=0 D3=FFFF D4=8402AC0 D5=802180AB D6=842184AD D7=FFFF A0=3C0002 A1=101900 A2=F6D4C A3=108F50 A4=10F113A A5=108000 A6=109058 PC=40E6 -- 0040E6: move.b  ($69,A1), D1
D0=FFF7 D1=FF D2=0 D3=FFFF D4=8402AC0 D5=802180AB D6=842184AD D7=FFFF A0=3C0002 A1=101900 A2=F6D4C A3=108F50 A4=10F113A A5=108000 A6=109058 PC=40EA -- 0040EA: addq.w  #1, D1
D0=FFF7 D1=100 D2=0 D3=FFFF D4=8402AC0 D5=802180AB D6=842184AD D7=FFFF A0=3C0002 A1=101900 A2=F6D4C A3=108F50 A4=10F113A A5=108000 A6=109058 PC=40EC -- 0040EC: muls.w  D1, D0
D0=FFFFF700 D1=100 D2=0 D3=FFFF D4=8402AC0 D5=802180AB D6=842184AD D7=FFFF A0=3C0002 A1=101900 A2=F6D4C A3=108F50 A4=10F113A A5=108000 A6=109058 PC=40EE -- 0040EE: lsr.l   #8, D0
D0=FFFFF7 D1=100 D2=0 D3=FFFF D4=8402AC0 D5=802180AB D6=842184AD D7=FFFF A0=3C0002 A1=101900 A2=F6D4C A3=108F50 A4=10F113A A5=108000 A6=109058 PC=40F0 -- 0040F0: add.w   ($26,A1), D0
D0=FF00BF D1=100 D2=0 D3=FFFF D4=8402AC0 D5=802180AB D6=842184AD D7=FFFF A0=3C0002 A1=101900 A2=F6D4C A3=108F50 A4=10F113A A5=108000 A6=109058 PC=40F4 -- 0040F4: neg.w   D0
D0=FFFF41 D1=100 D2=0 D3=FFFF D4=8402AC0 D5=802180AB D6=842184AD D7=FFFF A0=3C0002 A1=101900 A2=F6D4C A3=108F50 A4=10F113A A5=108000 A6=109058 PC=40F6 -- 0040F6: addi.w  #$1ff, D0
D0=FF0140 D1=100 D2=0 D3=FFFF D4=8402AC0 D5=802180AB D6=842184AD D7=FFFF A0=3C0002 A1=101900 A2=F6D4C A3=108F50 A4=10F113A A5=108000 A6=109058 PC=40FA -- 0040FA: lsl.w   #7, D0
D0=FFA000 D1=100 D2=0 D3=FFFF D4=8402AC0 D5=802180AB D6=842184AD D7=FFFF A0=3C0002 A1=101900 A2=F6D4C A3=108F50 A4=10F113A A5=108000 A6=109058 PC=40FC -- 0040FC: bsr     $4772
D0=FFA000 D1=100 D2=0 D3=FFFF D4=8402AC0 D5=802180AB D6=842184AD D7=FFFF A0=3C0002 A1=101900 A2=F6D4C A3=108F50 A4=10F113A A5=108000 A6=109058 PC=4772 -- 004772: move.w  D0, -(A7)
D0=FFA000 D1=100 D2=0 D3=FFFF D4=8402AC0 D5=802180AB D6=842184AD D7=FFFF A0=3C0002 A1=101900 A2=F6D4C A3=108F50 A4=10F113A A5=108000 A6=109058 PC=4774 -- 004774: moveq   #-$1, D0
D0=FFFFFFFF D1=100 D2=0 D3=FFFF D4=8402AC0 D5=802180AB D6=842184AD D7=FFFF A0=3C0002 A1=101900 A2=F6D4C A3=108F50 A4=10F113A A5=108000 A6=109058 PC=4776 -- 004776: moveq   #$0, D1
D0=FFFFFFFF D1=0 D2=0 D3=FFFF D4=8402AC0 D5=802180AB D6=842184AD D7=FFFF A0=3C0002 A1=101900 A2=F6D4C A3=108F50 A4=10F113A A5=108000 A6=109058 PC=4778 -- 004778: move.b  ($1,A2), D1
D0=FFFFFFFF D1=2 D2=0 D3=FFFF D4=8402AC0 D5=802180AB D6=842184AD D7=FFFF A0=3C0002 A1=101900 A2=F6D4C A3=108F50 A4=10F113A A5=108000 A6=109058 PC=477C -- 00477C: cmpi.b  #-$1, ($69,A1)
D0=FFFFFFFF D1=2 D2=0 D3=FFFF D4=8402AC0 D5=802180AB D6=842184AD D7=FFFF A0=3C0002 A1=101900 A2=F6D4C A3=108F50 A4=10F113A A5=108000 A6=109058 PC=4782 -- 004782: beq     $47b4
D0=FFFFFFFF D1=2 D2=0 D3=FFFF D4=8402AC0 D5=802180AB D6=842184AD D7=FFFF A0=3C0002 A1=101900 A2=F6D4C A3=108F50 A4=10F113A A5=108000 A6=109058 PC=47B4 -- 0047B4: move.b  D0, ($78f,A5)
D0=FFFFFFFF D1=2 D2=0 D3=FFFF D4=8402AC0 D5=802180AB D6=842184AD D7=FFFF A0=3C0002 A1=101900 A2=F6D4C A3=108F50 A4=10F113A A5=108000 A6=109058 PC=47B8 -- 0047B8: move.b  D1, ($78e,A5)
D0=FFFFFFFF D1=2 D2=0 D3=FFFF D4=8402AC0 D5=802180AB D6=842184AD D7=FFFF A0=3C0002 A1=101900 A2=F6D4C A3=108F50 A4=10F113A A5=108000 A6=109058 PC=47BC -- 0047BC: move.w  (A7)+, D0
D0=FFFFA000 D1=2 D2=0 D3=FFFF D4=8402AC0 D5=802180AB D6=842184AD D7=FFFF A0=3C0002 A1=101900 A2=F6D4C A3=108F50 A4=10F113A A5=108000 A6=109058 PC=47BE -- 0047BE: rts
D0=FFFFA000 D1=2 D2=0 D3=FFFF D4=8402AC0 D5=802180AB D6=842184AD D7=FFFF A0=3C0002 A1=101900 A2=F6D4C A3=108F50 A4=10F113A A5=108000 A6=109058 PC=4100 -- 004100: add.b   ($78e,A5), D0
D0=FFFFA002 D1=2 D2=0 D3=FFFF D4=8402AC0 D5=802180AB D6=842184AD D7=FFFF A0=3C0002 A1=101900 A2=F6D4C A3=108F50 A4=10F113A A5=108000 A6=109058 PC=4104 -- 004104: move.w  D0, (A3)+
D0=FFFFA002 D1=2 D2=0 D3=FFFF D4=8402AC0 D5=802180AB D6=842184AD D7=FFFF A0=3C0002 A1=101900 A2=F6D4C A3=108F52 A4=10F113A A5=108000 A6=109058 PC=4106 -- 004106: moveq   #$0, D0
D0=0 D1=2 D2=0 D3=FFFF D4=8402AC0 D5=802180AB D6=842184AD D7=FFFF A0=3C0002 A1=101900 A2=F6D4C A3=108F52 A4=10F113A A5=108000 A6=109058 PC=4108 -- 004108: move.b  (A2), D0
D0=2 D1=2 D2=0 D3=FFFF D4=8402AC0 D5=802180AB D6=842184AD D7=FFFF A0=3C0002 A1=101900 A2=F6D4C A3=108F52 A4=10F113A A5=108000 A6=109058 PC=410A -- 00410A: subq.b  #2, D0
D0=0 D1=2 D2=0 D3=FFFF D4=8402AC0 D5=802180AB D6=842184AD D7=FFFF A0=3C0002 A1=101900 A2=F6D4C A3=108F52 A4=10F113A A5=108000 A6=109058 PC=410C -- 00410C: bmi     $4118
D0=0 D1=2 D2=0 D3=FFFF D4=8402AC0 D5=802180AB D6=842184AD D7=FFFF A0=3C0002 A1=101900 A2=F6D4C A3=108F52 A4=10F113A A5=108000 A6=109058 PC=410E -- 00410E: move.w  #$40, D1
D0=0 D1=40 D2=0 D3=FFFF D4=8402AC0 D5=802180AB D6=842184AD D7=FFFF A0=3C0002 A1=101900 A2=F6D4C A3=108F52 A4=10F113A A5=108000 A6=109058 PC=4112 -- 004112: move.w  D1, (A3)+
D0=0 D1=40 D2=0 D3=FFFF D4=8402AC0 D5=802180AB D6=842184AD D7=FFFF A0=3C0002 A1=101900 A2=F6D4C A3=108F54 A4=10F113A A5=108000 A6=109058 PC=4114 -- 004114: dbra    D0, $4112
D0=FFFF D1=40 D2=0 D3=FFFF D4=8402AC0 D5=802180AB D6=842184AD D7=FFFF A0=3C0002 A1=101900 A2=F6D4C A3=108F54 A4=10F113A A5=108000 A6=109058 PC=4118 -- 004118: move.w  #$1, ($2,A0)
D0=FFFF D1=40 D2=0 D3=FFFF D4=8402AC0 D5=802180AB D6=842184AD D7=FFFF A0=3C0002 A1=101900 A2=F6D4C A3=108F54 A4=10F113A A5=108000 A6=109058 PC=411E -- 00411E: move.w  D5, (-$2,A0)
D0=FFFF D1=40 D2=0 D3=FFFF D4=8402AC0 D5=802180AB D6=842184AD D7=FFFF A0=3C0002 A1=101900 A2=F6D4C A3=108F54 A4=10F113A A5=108000 A6=109058 PC=4122 -- 004122: moveq   #$0, D1
D0=FFFF D1=0 D2=0 D3=FFFF D4=8402AC0 D5=802180AB D6=842184AD D7=FFFF A0=3C0002 A1=101900 A2=F6D4C A3=108F54 A4=10F113A A5=108000 A6=109058 PC=4124 -- 004124: move.b  ($68,A1), D0
D0=FFFF D1=0 D2=0 D3=FFFF D4=8402AC0 D5=802180AB D6=842184AD D7=FFFF A0=3C0002 A1=101900 A2=F6D4C A3=108F54 A4=10F113A A5=108000 A6=109058 PC=4128 -- 004128: move.b  D0, D1
D0=FFFF D1=FF D2=0 D3=FFFF D4=8402AC0 D5=802180AB D6=842184AD D7=FFFF A0=3C0002 A1=101900 A2=F6D4C A3=108F54 A4=10F113A A5=108000 A6=109058 PC=412A -- 00412A: andi.w  #$f, D0
D0=F D1=FF D2=0 D3=FFFF D4=8402AC0 D5=802180AB D6=842184AD D7=FFFF A0=3C0002 A1=101900 A2=F6D4C A3=108F54 A4=10F113A A5=108000 A6=109058 PC=412E -- 00412E: lsr.b   #4, D1
D0=F D1=F D2=0 D3=FFFF D4=8402AC0 D5=802180AB D6=842184AD D7=FFFF A0=3C0002 A1=101900 A2=F6D4C A3=108F54 A4=10F113A A5=108000 A6=109058 PC=4130 -- 004130: tst.b   D1
D0=F D1=F D2=0 D3=FFFF D4=8402AC0 D5=802180AB D6=842184AD D7=FFFF A0=3C0002 A1=101900 A2=F6D4C A3=108F54 A4=10F113A A5=108000 A6=109058 PC=4132 -- 004132: beq     $4164
D0=F D1=F D2=0 D3=FFFF D4=8402AC0 D5=802180AB D6=842184AD D7=FFFF A0=3C0002 A1=101900 A2=F6D4C A3=108F54 A4=10F113A A5=108000 A6=109058 PC=4134 -- 004134: lea     $4f9d2.l, A6
D0=F D1=F D2=0 D3=FFFF D4=8402AC0 D5=802180AB D6=842184AD D7=FFFF A0=3C0002 A1=101900 A2=F6D4C A3=108F54 A4=10F113A A5=108000 A6=4F9D2 PC=413A -- 00413A: lsl.w   #5, D0
D0=1E0 D1=F D2=0 D3=FFFF D4=8402AC0 D5=802180AB D6=842184AD D7=FFFF A0=3C0002 A1=101900 A2=F6D4C A3=108F54 A4=10F113A A5=108000 A6=4F9D2 PC=413C -- 00413C: adda.w  D0, A6
D0=1E0 D1=F D2=0 D3=FFFF D4=8402AC0 D5=802180AB D6=842184AD D7=FFFF A0=3C0002 A1=101900 A2=F6D4C A3=108F54 A4=10F113A A5=108000 A6=4FBB2 PC=413E -- 00413E: moveq   #$f, D0
D0=F D1=F D2=0 D3=FFFF D4=8402AC0 D5=802180AB D6=842184AD D7=FFFF A0=3C0002 A1=101900 A2=F6D4C A3=108F54 A4=10F113A A5=108000 A6=4FBB2 PC=4140 -- 004140: moveq   #$0, D2
D0=F D1=F D2=0 D3=FFFF D4=8402AC0 D5=802180AB D6=842184AD D7=FFFF A0=3C0002 A1=101900 A2=F6D4C A3=108F54 A4=10F113A A5=108000 A6=4FBB2 PC=4142 -- 004142: move.b  (A2), D2
D0=F D1=F D2=2 D3=FFFF D4=8402AC0 D5=802180AB D6=842184AD D7=FFFF A0=3C0002 A1=101900 A2=F6D4C A3=108F54 A4=10F113A A5=108000 A6=4FBB2 PC=4144 -- 004144: lsr.w   #1, D2
D0=F D1=F D2=1 D3=FFFF D4=8402AC0 D5=802180AB D6=842184AD D7=FFFF A0=3C0002 A1=101900 A2=F6D4C A3=108F54 A4=10F113A A5=108000 A6=4FBB2 PC=4146 -- 004146: sub.w   D2, D0
D0=E D1=F D2=1 D3=FFFF D4=8402AC0 D5=802180AB D6=842184AD D7=FFFF A0=3C0002 A1=101900 A2=F6D4C A3=108F54 A4=10F113A A5=108000 A6=4FBB2 PC=4148 -- 004148: adda.l  D0, A6
D0=E D1=F D2=1 D3=FFFF D4=8402AC0 D5=802180AB D6=842184AD D7=FFFF A0=3C0002 A1=101900 A2=F6D4C A3=108F54 A4=10F113A A5=108000 A6=4FBC0 PC=414A -- 00414A: move.b  (A2), D0
D0=2 D1=F D2=1 D3=FFFF D4=8402AC0 D5=802180AB D6=842184AD D7=FFFF A0=3C0002 A1=101900 A2=F6D4C A3=108F54 A4=10F113A A5=108000 A6=4FBC0 PC=414C -- 00414C: add.w   D0, D5
D0=2 D1=F D2=1 D3=FFFF D4=8402AC0 D5=802180AD D6=842184AD D7=FFFF A0=3C0002 A1=101900 A2=F6D4C A3=108F54 A4=10F113A A5=108000 A6=4FBC0 PC=414E -- 00414E: subq.b  #1, D0
D0=1 D1=F D2=1 D3=FFFF D4=8402AC0 D5=802180AD D6=842184AD D7=FFFF A0=3C0002 A1=101900 A2=F6D4C A3=108F54 A4=10F113A A5=108000 A6=4FBC0 PC=4150 -- 004150: move.b  D1, D2
D0=1 D1=F D2=F D3=FFFF D4=8402AC0 D5=802180AD D6=842184AD D7=FFFF A0=3C0002 A1=101900 A2=F6D4C A3=108F54 A4=10F113A A5=108000 A6=4FBC0 PC=4152 -- 004152: sub.b   (A6)+, D2
D0=1 D1=F D2=F D3=FFFF D4=8402AC0 D5=802180AD D6=842184AD D7=FFFF A0=3C0002 A1=101900 A2=F6D4C A3=108F54 A4=10F113A A5=108000 A6=4FBC1 PC=4154 -- 004154: lsl.w   #8, D2
D0=1 D1=F D2=F00 D3=FFFF D4=8402AC0 D5=802180AD D6=842184AD D7=FFFF A0=3C0002 A1=101900 A2=F6D4C A3=108F54 A4=10F113A A5=108000 A6=4FBC1 PC=4156 -- 004156: move.b  ($69,A1), D2
D0=1 D1=F D2=FFF D3=FFFF D4=8402AC0 D5=802180AD D6=842184AD D7=FFFF A0=3C0002 A1=101900 A2=F6D4C A3=108F54 A4=10F113A A5=108000 A6=4FBC1 PC=415A -- 00415A: move.w  D2, (A0)
D0=1 D1=F D2=FFF D3=FFFF D4=8402AC0 D5=802180AD D6=842184AD D7=FFFF A0=3C0002 A1=101900 A2=F6D4C A3=108F54 A4=10F113A A5=108000 A6=4FBC1 PC=415C -- 00415C: dbra    D0, $4150
D0=0 D1=F D2=FFF D3=FFFF D4=8402AC0 D5=802180AD D6=842184AD D7=FFFF A0=3C0002 A1=101900 A2=F6D4C A3=108F54 A4=10F113A A5=108000 A6=4FBC1 PC=4150 -- 004150: move.b  D1, D2
D0=0 D1=F D2=F0F D3=FFFF D4=8402AC0 D5=802180AD D6=842184AD D7=FFFF A0=3C0002 A1=101900 A2=F6D4C A3=108F54 A4=10F113A A5=108000 A6=4FBC1 PC=4152 -- 004152: sub.b   (A6)+, D2
D0=0 D1=F D2=F0F D3=FFFF D4=8402AC0 D5=802180AD D6=842184AD D7=FFFF A0=3C0002 A1=101900 A2=F6D4C A3=108F54 A4=10F113A A5=108000 A6=4FBC2 PC=4154 -- 004154: lsl.w   #8, D2
D0=0 D1=F D2=F00 D3=FFFF D4=8402AC0 D5=802180AD D6=842184AD D7=FFFF A0=3C0002 A1=101900 A2=F6D4C A3=108F54 A4=10F113A A5=108000 A6=4FBC2 PC=4156 -- 004156: move.b  ($69,A1), D2
D0=0 D1=F D2=FFF D3=FFFF D4=8402AC0 D5=802180AD D6=842184AD D7=FFFF A0=3C0002 A1=101900 A2=F6D4C A3=108F54 A4=10F113A A5=108000 A6=4FBC2 PC=415A -- 00415A: move.w  D2, (A0)
D0=0 D1=F D2=FFF D3=FFFF D4=8402AC0 D5=802180AD D6=842184AD D7=FFFF A0=3C0002 A1=101900 A2=F6D4C A3=108F54 A4=10F113A A5=108000 A6=4FBC2 PC=415C -- 00415C: dbra    D0, $4150
D0=FFFF D1=F D2=FFF D3=FFFF D4=8402AC0 D5=802180AD D6=842184AD D7=FFFF A0=3C0002 A1=101900 A2=F6D4C A3=108F54 A4=10F113A A5=108000 A6=4FBC2 PC=4160 -- 004160: bra     $4178
D0=FFFF D1=F D2=FFF D3=FFFF D4=8402AC0 D5=802180AD D6=842184AD D7=FFFF A0=3C0002 A1=101900 A2=F6D4C A3=108F54 A4=10F113A A5=108000 A6=4FBC2 PC=4178 -- 004178: move.b  ($2,A2), D0
D0=FFDF D1=F D2=FFF D3=FFFF D4=8402AC0 D5=802180AD D6=842184AD D7=FFFF A0=3C0002 A1=101900 A2=F6D4C A3=108F54 A4=10F113A A5=108000 A6=4FBC2 PC=417C -- 00417C: tst.b   ($80,A1)
D0=FFDF D1=F D2=FFF D3=FFFF D4=8402AC0 D5=802180AD D6=842184AD D7=FFFF A0=3C0002 A1=101900 A2=F6D4C A3=108F54 A4=10F113A A5=108000 A6=4FBC2 PC=4180 -- 004180: beq     $4188
D0=FFDF D1=F D2=FFF D3=FFFF D4=8402AC0 D5=802180AD D6=842184AD D7=FFFF A0=3C0002 A1=101900 A2=F6D4C A3=108F54 A4=10F113A A5=108000 A6=4FBC2 PC=4188 -- 004188: add.b   ($30,A1), D0
D0=FFDF D1=F D2=FFF D3=FFFF D4=8402AC0 D5=802180AD D6=842184AD D7=FFFF A0=3C0002 A1=101900 A2=F6D4C A3=108F54 A4=10F113A A5=108000 A6=4FBC2 PC=418C -- 00418C: lsl.w   #8, D0
D0=DF00 D1=F D2=FFF D3=FFFF D4=8402AC0 D5=802180AD D6=842184AD D7=FFFF A0=3C0002 A1=101900 A2=F6D4C A3=108F54 A4=10F113A A5=108000 A6=4FBC2 PC=418E -- 00418E: tst.b   ($3,A2)
D0=DF00 D1=F D2=FFF D3=FFFF D4=8402AC0 D5=802180AD D6=842184AD D7=FFFF A0=3C0002 A1=101900 A2=F6D4C A3=108F54 A4=10F113A A5=108000 A6=4FBC2 PC=4192 -- 004192: beq     $4198
D0=DF00 D1=F D2=FFF D3=FFFF D4=8402AC0 D5=802180AD D6=842184AD D7=FFFF A0=3C0002 A1=101900 A2=F6D4C A3=108F54 A4=10F113A A5=108000 A6=4FBC2 PC=4194 -- 004194: move.b  #$10, D0
D0=DF10 D1=F D2=FFF D3=FFFF D4=8402AC0 D5=802180AD D6=842184AD D7=FFFF A0=3C0002 A1=101900 A2=F6D4C A3=108F54 A4=10F113A A5=108000 A6=4FBC2 PC=4198 -- 004198: move.w  ($4,A2), D1
D0=DF10 D1=DCC4 D2=FFF D3=FFFF D4=8402AC0 D5=802180AD D6=842184AD D7=FFFF A0=3C0002 A1=101900 A2=F6D4C A3=108F54 A4=10F113A A5=108000 A6=4FBC2 PC=419C -- 00419C: moveq   #$0, D3
D0=DF10 D1=DCC4 D2=FFF D3=0 D4=8402AC0 D5=802180AD D6=842184AD D7=FFFF A0=3C0002 A1=101900 A2=F6D4C A3=108F54 A4=10F113A A5=108000 A6=4FBC2 PC=419E -- 00419E: move.b  (A2), D3
D0=DF10 D1=DCC4 D2=FFF D3=2 D4=8402AC0 D5=802180AD D6=842184AD D7=FFFF A0=3C0002 A1=101900 A2=F6D4C A3=108F54 A4=10F113A A5=108000 A6=4FBC2 PC=41A0 -- 0041A0: subq.b  #1, D3
D0=DF10 D1=DCC4 D2=FFF D3=1 D4=8402AC0 D5=802180AD D6=842184AD D7=FFFF A0=3C0002 A1=101900 A2=F6D4C A3=108F54 A4=10F113A A5=108000 A6=4FBC2 PC=41A2 -- 0041A2: move.w  ($790,A5), D7
D0=DF10 D1=DCC4 D2=FFF D3=1 D4=8402AC0 D5=802180AD D6=842184AD D7=0 A0=3C0002 A1=101900 A2=F6D4C A3=108F54 A4=10F113A A5=108000 A6=4FBC2 PC=41A6 -- 0041A6: add.w   D7, D7
D0=DF10 D1=DCC4 D2=FFF D3=1 D4=8402AC0 D5=802180AD D6=842184AD D7=0 A0=3C0002 A1=101900 A2=F6D4C A3=108F54 A4=10F113A A5=108000 A6=4FBC2 PC=41A8 -- 0041A8: add.w   D7, D7
D0=DF10 D1=DCC4 D2=FFF D3=1 D4=8402AC0 D5=802180AD D6=842184AD D7=0 A0=3C0002 A1=101900 A2=F6D4C A3=108F54 A4=10F113A A5=108000 A6=4FBC2 PC=41AA -- 0041AA: movea.l ($4,PC,D7.w), A6
D0=DF10 D1=DCC4 D2=FFF D3=1 D4=8402AC0 D5=802180AD D6=842184AD D7=0 A0=3C0002 A1=101900 A2=F6D4C A3=108F54 A4=10F113A A5=108000 A6=428C PC=41AE -- 0041AE: jmp     (A6)
D0=DF10 D1=DCC4 D2=FFF D3=1 D4=8402AC0 D5=802180AD D6=842184AD D7=0 A0=3C0002 A1=101900 A2=F6D4C A3=108F54 A4=10F113A A5=108000 A6=428C PC=428C -- 00428C: lea     ($6,A2), A6
D0=DF10 D1=DCC4 D2=FFF D3=1 D4=8402AC0 D5=802180AD D6=842184AD D7=0 A0=3C0002 A1=101900 A2=F6D4C A3=108F54 A4=10F113A A5=108000 A6=F6D52 PC=4290 -- 004290: move.w  #$1, ($2,A0)
D0=DF10 D1=DCC4 D2=FFF D3=1 D4=8402AC0 D5=802180AD D6=842184AD D7=0 A0=3C0002 A1=101900 A2=F6D4C A3=108F54 A4=10F113A A5=108000 A6=F6D52 PC=4296 -- 004296: moveq   #$0, D7
D0=DF10 D1=DCC4 D2=FFF D3=1 D4=8402AC0 D5=802180AD D6=842184AD D7=0 A0=3C0002 A1=101900 A2=F6D4C A3=108F54 A4=10F113A A5=108000 A6=F6D52 PC=4298 -- 004298: move.b  ($1,A2), D7
D0=DF10 D1=DCC4 D2=FFF D3=1 D4=8402AC0 D5=802180AD D6=842184AD D7=2 A0=3C0002 A1=101900 A2=F6D4C A3=108F54 A4=10F113A A5=108000 A6=F6D52 PC=429C -- 00429C: subq.b  #1, D7
D0=DF10 D1=DCC4 D2=FFF D3=1 D4=8402AC0 D5=802180AD D6=842184AD D7=1 A0=3C0002 A1=101900 A2=F6D4C A3=108F54 A4=10F113A A5=108000 A6=F6D52 PC=429E -- 00429E: move.w  (A6)+, D2
D0=DF10 D1=DCC4 D2=C000 D3=1 D4=8402AC0 D5=802180AD D6=842184AD D7=1 A0=3C0002 A1=101900 A2=F6D4C A3=108F54 A4=10F113A A5=108000 A6=F6D54 PC=42A0 -- 0042A0: move.w  D4, (-$2,A0)
D0=DF10 D1=DCC4 D2=C000 D3=1 D4=8402AC0 D5=802180AD D6=842184AD D7=1 A0=3C0002 A1=101900 A2=F6D4C A3=108F54 A4=10F113A A5=108000 A6=F6D54 PC=42A4 -- 0042A4: add.w   D2, D2
D0=DF10 D1=DCC4 D2=8000 D3=1 D4=8402AC0 D5=802180AD D6=842184AD D7=1 A0=3C0002 A1=101900 A2=F6D4C A3=108F54 A4=10F113A A5=108000 A6=F6D54 PC=42A6 -- 0042A6: bcc     $42b8
D0=DF10 D1=DCC4 D2=8000 D3=1 D4=8402AC0 D5=802180AD D6=842184AD D7=1 A0=3C0002 A1=101900 A2=F6D4C A3=108F54 A4=10F113A A5=108000 A6=F6D54 PC=42A8 -- 0042A8: move.w  D1, (A0)
D0=DF10 D1=DCC4 D2=8000 D3=1 D4=8402AC0 D5=802180AD D6=842184AD D7=1 A0=3C0002 A1=101900 A2=F6D4C A3=108F54 A4=10F113A A5=108000 A6=F6D54 PC=42AA -- 0042AA: nop
D0=DF10 D1=DCC4 D2=8000 D3=1 D4=8402AC0 D5=802180AD D6=842184AD D7=1 A0=3C0002 A1=101900 A2=F6D4C A3=108F54 A4=10F113A A5=108000 A6=F6D54 PC=42AC -- 0042AC: move.w  D0, (A0)
D0=DF10 D1=DCC4 D2=8000 D3=1 D4=8402AC0 D5=802180AD D6=842184AD D7=1 A0=3C0002 A1=101900 A2=F6D4C A3=108F54 A4=10F113A A5=108000 A6=F6D54 PC=42AE -- 0042AE: addq.w  #1, D1
D0=DF10 D1=DCC5 D2=8000 D3=1 D4=8402AC0 D5=802180AD D6=842184AD D7=1 A0=3C0002 A1=101900 A2=F6D4C A3=108F54 A4=10F113A A5=108000 A6=F6D54 PC=42B0 -- 0042B0: bcc     $42c0
D0=DF10 D1=DCC5 D2=8000 D3=1 D4=8402AC0 D5=802180AD D6=842184AD D7=1 A0=3C0002 A1=101900 A2=F6D4C A3=108F54 A4=10F113A A5=108000 A6=F6D54 PC=42C0 -- 0042C0: dbra    D7, $42a4
D0=DF10 D1=DCC5 D2=8000 D3=1 D4=8402AC0 D5=802180AD D6=842184AD D7=0 A0=3C0002 A1=101900 A2=F6D4C A3=108F54 A4=10F113A A5=108000 A6=F6D54 PC=42A4 -- 0042A4: add.w   D2, D2
D0=DF10 D1=DCC5 D2=0 D3=1 D4=8402AC0 D5=802180AD D6=842184AD D7=0 A0=3C0002 A1=101900 A2=F6D4C A3=108F54 A4=10F113A A5=108000 A6=F6D54 PC=42A6 -- 0042A6: bcc     $42b8
D0=DF10 D1=DCC5 D2=0 D3=1 D4=8402AC0 D5=802180AD D6=842184AD D7=0 A0=3C0002 A1=101900 A2=F6D4C A3=108F54 A4=10F113A A5=108000 A6=F6D54 PC=42A8 -- 0042A8: move.w  D1, (A0)
D0=DF10 D1=DCC5 D2=0 D3=1 D4=8402AC0 D5=802180AD D6=842184AD D7=0 A0=3C0002 A1=101900 A2=F6D4C A3=108F54 A4=10F113A A5=108000 A6=F6D54 PC=42AA -- 0042AA: nop
D0=DF10 D1=DCC5 D2=0 D3=1 D4=8402AC0 D5=802180AD D6=842184AD D7=0 A0=3C0002 A1=101900 A2=F6D4C A3=108F54 A4=10F113A A5=108000 A6=F6D54 PC=42AC -- 0042AC: move.w  D0, (A0)
D0=DF10 D1=DCC5 D2=0 D3=1 D4=8402AC0 D5=802180AD D6=842184AD D7=0 A0=3C0002 A1=101900 A2=F6D4C A3=108F54 A4=10F113A A5=108000 A6=F6D54 PC=42AE -- 0042AE: addq.w  #1, D1
D0=DF10 D1=DCC6 D2=0 D3=1 D4=8402AC0 D5=802180AD D6=842184AD D7=0 A0=3C0002 A1=101900 A2=F6D4C A3=108F54 A4=10F113A A5=108000 A6=F6D54 PC=42B0 -- 0042B0: bcc     $42c0
D0=DF10 D1=DCC6 D2=0 D3=1 D4=8402AC0 D5=802180AD D6=842184AD D7=0 A0=3C0002 A1=101900 A2=F6D4C A3=108F54 A4=10F113A A5=108000 A6=F6D54 PC=42C0 -- 0042C0: dbra    D7, $42a4
D0=DF10 D1=DCC6 D2=0 D3=1 D4=8402AC0 D5=802180AD D6=842184AD D7=FFFF A0=3C0002 A1=101900 A2=F6D4C A3=108F54 A4=10F113A A5=108000 A6=F6D54 PC=42C4 -- 0042C4: bsr     $47c0
D0=DF10 D1=DCC6 D2=0 D3=1 D4=8402AC0 D5=802180AD D6=842184AD D7=FFFF A0=3C0002 A1=101900 A2=F6D4C A3=108F54 A4=10F113A A5=108000 A6=F6D54 PC=47C0 -- 0047C0: tst.b   ($78f,A5)
D0=DF10 D1=DCC6 D2=0 D3=1 D4=8402AC0 D5=802180AD D6=842184AD D7=FFFF A0=3C0002 A1=101900 A2=F6D4C A3=108F54 A4=10F113A A5=108000 A6=F6D54 PC=47C4 -- 0047C4: bpl     $47c8
D0=DF10 D1=DCC6 D2=0 D3=1 D4=8402AC0 D5=802180AD D6=842184AD D7=FFFF A0=3C0002 A1=101900 A2=F6D4C A3=108F54 A4=10F113A A5=108000 A6=F6D54 PC=47C6 -- 0047C6: rts
D0=DF10 D1=DCC6 D2=0 D3=1 D4=8402AC0 D5=802180AD D6=842184AD D7=FFFF A0=3C0002 A1=101900 A2=F6D4C A3=108F54 A4=10F113A A5=108000 A6=F6D54 PC=42C8 -- 0042C8: addi.w  #$40, D4
D0=DF10 D1=DCC6 D2=0 D3=1 D4=8402B00 D5=802180AD D6=842184AD D7=FFFF A0=3C0002 A1=101900 A2=F6D4C A3=108F54 A4=10F113A A5=108000 A6=F6D54 PC=42CC -- 0042CC: dbra    D3, $4296
D0=DF10 D1=DCC6 D2=0 D3=0 D4=8402B00 D5=802180AD D6=842184AD D7=FFFF A0=3C0002 A1=101900 A2=F6D4C A3=108F54 A4=10F113A A5=108000 A6=F6D54 PC=4296 -- 004296: moveq   #$0, D7
D0=DF10 D1=DCC6 D2=0 D3=0 D4=8402B00 D5=802180AD D6=842184AD D7=0 A0=3C0002 A1=101900 A2=F6D4C A3=108F54 A4=10F113A A5=108000 A6=F6D54 PC=4298 -- 004298: move.b  ($1,A2), D7
D0=DF10 D1=DCC6 D2=0 D3=0 D4=8402B00 D5=802180AD D6=842184AD D7=2 A0=3C0002 A1=101900 A2=F6D4C A3=108F54 A4=10F113A A5=108000 A6=F6D54 PC=429C -- 00429C: subq.b  #1, D7
D0=DF10 D1=DCC6 D2=0 D3=0 D4=8402B00 D5=802180AD D6=842184AD D7=1 A0=3C0002 A1=101900 A2=F6D4C A3=108F54 A4=10F113A A5=108000 A6=F6D54 PC=429E -- 00429E: move.w  (A6)+, D2
D0=DF10 D1=DCC6 D2=C000 D3=0 D4=8402B00 D5=802180AD D6=842184AD D7=1 A0=3C0002 A1=101900 A2=F6D4C A3=108F54 A4=10F113A A5=108000 A6=F6D56 PC=42A0 -- 0042A0: move.w  D4, (-$2,A0)

   (loops for 16 instructions)

D0=DF10 D1=DCC8 D2=0 D3=0 D4=8402B00 D5=802180AD D6=842184AD D7=FFFF A0=3C0002 A1=101900 A2=F6D4C A3=108F54 A4=10F113A A5=108000 A6=F6D56 PC=42C4 -- 0042C4: bsr     $47c0
D0=DF10 D1=DCC8 D2=0 D3=0 D4=8402B00 D5=802180AD D6=842184AD D7=FFFF A0=3C0002 A1=101900 A2=F6D4C A3=108F54 A4=10F113A A5=108000 A6=F6D56 PC=47C0 -- 0047C0: tst.b   ($78f,A5)
D0=DF10 D1=DCC8 D2=0 D3=0 D4=8402B00 D5=802180AD D6=842184AD D7=FFFF A0=3C0002 A1=101900 A2=F6D4C A3=108F54 A4=10F113A A5=108000 A6=F6D56 PC=47C4 -- 0047C4: bpl     $47c8
D0=DF10 D1=DCC8 D2=0 D3=0 D4=8402B00 D5=802180AD D6=842184AD D7=FFFF A0=3C0002 A1=101900 A2=F6D4C A3=108F54 A4=10F113A A5=108000 A6=F6D56 PC=47C6 -- 0047C6: rts
D0=DF10 D1=DCC8 D2=0 D3=0 D4=8402B00 D5=802180AD D6=842184AD D7=FFFF A0=3C0002 A1=101900 A2=F6D4C A3=108F54 A4=10F113A A5=108000 A6=F6D56 PC=42C8 -- 0042C8: addi.w  #$40, D4
D0=DF10 D1=DCC8 D2=0 D3=0 D4=8402B40 D5=802180AD D6=842184AD D7=FFFF A0=3C0002 A1=101900 A2=F6D4C A3=108F54 A4=10F113A A5=108000 A6=F6D56 PC=42CC -- 0042CC: dbra    D3, $4296
D0=DF10 D1=DCC8 D2=0 D3=FFFF D4=8402B40 D5=802180AD D6=842184AD D7=FFFF A0=3C0002 A1=101900 A2=F6D4C A3=108F54 A4=10F113A A5=108000 A6=F6D56 PC=42D0 -- 0042D0: rts
D0=DF10 D1=DCC8 D2=0 D3=FFFF D4=8402B40 D5=802180AD D6=842184AD D7=FFFF A0=3C0002 A1=101900 A2=F6D4C A3=108F54 A4=10F113A A5=108000 A6=F6D56 PC=4016 -- 004016: bra     $401c
D0=DF10 D1=DCC8 D2=0 D3=FFFF D4=8402B40 D5=802180AD D6=842184AD D7=FFFF A0=3C0002 A1=101900 A2=F6D4C A3=108F54 A4=10F113A A5=108000 A6=F6D56 PC=401C -- 00401C: movea.l (A7)+, A6
D0=DF10 D1=DCC8 D2=0 D3=FFFF D4=8402B40 D5=802180AD D6=842184AD D7=FFFF A0=3C0002 A1=101900 A2=F6D4C A3=108F54 A4=10F113A A5=108000 A6=108E3C PC=401E -- 00401E: btst    #$5, ($4,A4)
D0=DF10 D1=DCC8 D2=0 D3=FFFF D4=8402B40 D5=802180AD D6=842184AD D7=FFFF A0=3C0002 A1=101900 A2=F6D4C A3=108F54 A4=10F113A A5=108000 A6=108E3C PC=4024 -- 004024: beq     $4056
D0=DF10 D1=DCC8 D2=0 D3=FFFF D4=8402B40 D5=802180AD D6=842184AD D7=FFFF A0=3C0002 A1=101900 A2=F6D4C A3=108F54 A4=10F113A A5=108000 A6=108E3C PC=4056 -- 004056: tst.b   ($7c,A1)
D0=DF10 D1=DCC8 D2=0 D3=FFFF D4=8402B40 D5=802180AD D6=842184AD D7=FFFF A0=3C0002 A1=101900 A2=F6D4C A3=108F54 A4=10F113A A5=108000 A6=108E3C PC=405A -- 00405A: bpl     $4064
D0=DF10 D1=DCC8 D2=0 D3=FFFF D4=8402B40 D5=802180AD D6=842184AD D7=FFFF A0=3C0002 A1=101900 A2=F6D4C A3=108F54 A4=10F113A A5=108000 A6=108E3C PC=4064 -- 004064: movea.l (A7)+, A0
D0=DF10 D1=DCC8 D2=0 D3=FFFF D4=8402B40 D5=802180AD D6=842184AD D7=FFFF A0=108922 A1=101900 A2=F6D4C A3=108F54 A4=10F113A A5=108000 A6=108E3C PC=4066 -- 004066: subq.w  #1, ($e3a,A5)
D0=DF10 D1=DCC8 D2=0 D3=FFFF D4=8402B40 D5=802180AD D6=842184AD D7=FFFF A0=108922 A1=101900 A2=F6D4C A3=108F54 A4=10F113A A5=108000 A6=108E3C PC=406A -- 00406A: bne     $3f32
D0=DF10 D1=DCC8 D2=0 D3=FFFF D4=8402B40 D5=802180AD D6=842184AD D7=FFFF A0=108922 A1=101900 A2=F6D4C A3=108F54 A4=10F113A A5=108000 A6=108E3C PC=3F32 -- 003F32: move.w  (A0)+, D0
D0=1B00 D1=DCC8 D2=0 D3=FFFF D4=8402B40 D5=802180AD D6=842184AD D7=FFFF A0=108924 A1=101900 A2=F6D4C A3=108F54 A4=10F113A A5=108000 A6=108E3C PC=3F34 -- 003F34: beq     $3f32
D0=1B00 D1=DCC8 D2=0 D3=FFFF D4=8402B40 D5=802180AD D6=842184AD D7=FFFF A0=108924 A1=101900 A2=F6D4C A3=108F54 A4=10F113A A5=108000 A6=108E3C PC=3F36 -- 003F36: clr.w   (-$2,A0)
D0=1B00 D1=DCC8 D2=0 D3=FFFF D4=8402B40 D5=802180AD D6=842184AD D7=FFFF A0=108924 A1=101900 A2=F6D4C A3=108F54 A4=10F113A A5=108000 A6=108E3C PC=3F3A -- 003F3A: move.l  A5, D1
D0=1B00 D1=108000 D2=0 D3=FFFF D4=8402B40 D5=802180AD D6=842184AD D7=FFFF A0=108924 A1=101900 A2=F6D4C A3=108F54 A4=10F113A A5=108000 A6=108E3C PC=3F3C -- 003F3C: move.w  D0, D1
D0=1B00 D1=101B00 D2=0 D3=FFFF D4=8402B40 D5=802180AD D6=842184AD D7=FFFF A0=108924 A1=101900 A2=F6D4C A3=108F54 A4=10F113A A5=108000 A6=108E3C PC=3F3E -- 003F3E: movea.l D1, A1
D0=1B00 D1=101B00 D2=0 D3=FFFF D4=8402B40 D5=802180AD D6=842184AD D7=FFFF A0=108924 A1=101B00 A2=F6D4C A3=108F54 A4=10F113A A5=108000 A6=108E3C PC=3F40 -- 003F40: movea.l ($28,A1), A2
D0=1B00 D1=101B00 D2=0 D3=FFFF D4=8402B40 D5=802180AD D6=842184AD D7=FFFF A0=108924 A1=101B00 A2=F6D42 A3=108F54 A4=10F113A A5=108000 A6=108E3C PC=3F44 -- 003F44: lea     $7bf48.l, A4
D0=1B00 D1=101B00 D2=0 D3=FFFF D4=8402B40 D5=802180AD D6=842184AD D7=FFFF A0=108924 A1=101B00 A2=F6D42 A3=108F54 A4=7BF48 A5=108000 A6=108E3C PC=3F4A -- 003F4A: move.w  ($70,A1), D0
D0=1B D1=101B00 D2=0 D3=FFFF D4=8402B40 D5=802180AD D6=842184AD D7=FFFF A0=108924 A1=101B00 A2=F6D42 A3=108F54 A4=7BF48 A5=108000 A6=108E3C PC=3F4E -- 003F4E: add.w   D0, D0
D0=36 D1=101B00 D2=0 D3=FFFF D4=8402B40 D5=802180AD D6=842184AD D7=FFFF A0=108924 A1=101B00 A2=F6D42 A3=108F54 A4=7BF48 A5=108000 A6=108E3C PC=3F50 -- 003F50: add.w   D0, D0
D0=6C D1=101B00 D2=0 D3=FFFF D4=8402B40 D5=802180AD D6=842184AD D7=FFFF A0=108924 A1=101B00 A2=F6D42 A3=108F54 A4=7BF48 A5=108000 A6=108E3C PC=3F52 -- 003F52: movea.l (A4,D0.w), A4
D0=6C D1=101B00 D2=0 D3=FFFF D4=8402B40 D5=802180AD D6=842184AD D7=FFFF A0=108924 A1=101B00 A2=F6D42 A3=108F54 A4=7F5E0 A5=108000 A6=108E3C PC=3F56 -- 003F56: move.w  ($72,A1), D0
D0=3E D1=101B00 D2=0 D3=FFFF D4=8402B40 D5=802180AD D6=842184AD D7=FFFF A0=108924 A1=101B00 A2=F6D42 A3=108F54 A4=7F5E0 A5=108000 A6=108E3C PC=3F5A -- 003F5A: add.w   D0, D0
D0=7C D1=101B00 D2=0 D3=FFFF D4=8402B40 D5=802180AD D6=842184AD D7=FFFF A0=108924 A1=101B00 A2=F6D42 A3=108F54 A4=7F5E0 A5=108000 A6=108E3C PC=3F5C -- 003F5C: move.w  (A4,D0.w), ($46de,A5)
D0=7C D1=101B00 D2=0 D3=FFFF D4=8402B40 D5=802180AD D6=842184AD D7=FFFF A0=108924 A1=101B00 A2=F6D42 A3=108F54 A4=7F5E0 A5=108000 A6=108E3C PC=3F62 -- 003F62: lea     $80000.l, A4
D0=7C D1=101B00 D2=0 D3=FFFF D4=8402B40 D5=802180AD D6=842184AD D7=FFFF A0=108924 A1=101B00 A2=F6D42 A3=108F54 A4=80000 A5=108000 A6=108E3C PC=3F68 -- 003F68: move.w  ($70,A1), D0
D0=1B D1=101B00 D2=0 D3=FFFF D4=8402B40 D5=802180AD D6=842184AD D7=FFFF A0=108924 A1=101B00 A2=F6D42 A3=108F54 A4=80000 A5=108000 A6=108E3C PC=3F6C -- 003F6C: add.w   D0, D0
D0=36 D1=101B00 D2=0 D3=FFFF D4=8402B40 D5=802180AD D6=842184AD D7=FFFF A0=108924 A1=101B00 A2=F6D42 A3=108F54 A4=80000 A5=108000 A6=108E3C PC=3F6E -- 003F6E: add.w   D0, D0
D0=6C D1=101B00 D2=0 D3=FFFF D4=8402B40 D5=802180AD D6=842184AD D7=FFFF A0=108924 A1=101B00 A2=F6D42 A3=108F54 A4=80000 A5=108000 A6=108E3C PC=3F70 -- 003F70: movea.l (A4,D0.w), A4
D0=6C D1=101B00 D2=0 D3=FFFF D4=8402B40 D5=802180AD D6=842184AD D7=FFFF A0=108924 A1=101B00 A2=F6D42 A3=108F54 A4=86E00 A5=108000 A6=108E3C PC=3F74 -- 003F74: move.w  ($46de,A5), D0
D0=3E3E D1=101B00 D2=0 D3=FFFF D4=8402B40 D5=802180AD D6=842184AD D7=FFFF A0=108924 A1=101B00 A2=F6D42 A3=108F54 A4=86E00 A5=108000 A6=108E3C PC=3F78 -- 003F78: tst.b   ($46e2,A5)
D0=3E3E D1=101B00 D2=0 D3=FFFF D4=8402B40 D5=802180AD D6=842184AD D7=FFFF A0=108924 A1=101B00 A2=F6D42 A3=108F54 A4=86E00 A5=108000 A6=108E3C PC=3F7C -- 003F7C: beq     $3f82
D0=3E3E D1=101B00 D2=0 D3=FFFF D4=8402B40 D5=802180AD D6=842184AD D7=FFFF A0=108924 A1=101B00 A2=F6D42 A3=108F54 A4=86E00 A5=108000 A6=108E3C PC=3F82 -- 003F82: andi.w  #$ff, D0
D0=3E D1=101B00 D2=0 D3=FFFF D4=8402B40 D5=802180AD D6=842184AD D7=FFFF A0=108924 A1=101B00 A2=F6D42 A3=108F54 A4=86E00 A5=108000 A6=108E3C PC=3F86 -- 003F86: add.w   D0, D0
D0=7C D1=101B00 D2=0 D3=FFFF D4=8402B40 D5=802180AD D6=842184AD D7=FFFF A0=108924 A1=101B00 A2=F6D42 A3=108F54 A4=86E00 A5=108000 A6=108E3C PC=3F88 -- 003F88: add.w   D0, D0
D0=F8 D1=101B00 D2=0 D3=FFFF D4=8402B40 D5=802180AD D6=842184AD D7=FFFF A0=108924 A1=101B00 A2=F6D42 A3=108F54 A4=86E00 A5=108000 A6=108E3C PC=3F8A -- 003F8A: movea.l (A4,D0.w), A4
D0=F8 D1=101B00 D2=0 D3=FFFF D4=8402B40 D5=802180AD D6=842184AD D7=FFFF A0=108924 A1=101B00 A2=F6D42 A3=108F54 A4=F3142 A5=108000 A6=108E3C PC=3F8E -- 003F8E: move.w  ($74,A1), D0
D0=0 D1=101B00 D2=0 D3=FFFF D4=8402B40 D5=802180AD D6=842184AD D7=FFFF A0=108924 A1=101B00 A2=F6D42 A3=108F54 A4=F3142 A5=108000 A6=108E3C PC=3F92 -- 003F92: adda.w  D0, A4
D0=0 D1=101B00 D2=0 D3=FFFF D4=8402B40 D5=802180AD D6=842184AD D7=FFFF A0=108924 A1=101B00 A2=F6D42 A3=108F54 A4=F3142 A5=108000 A6=108E3C PC=3F94 -- 003F94: move.l  (A4), D0
D0=10F1134 D1=101B00 D2=0 D3=FFFF D4=8402B40 D5=802180AD D6=842184AD D7=FFFF A0=108924 A1=101B00 A2=F6D42 A3=108F54 A4=F3142 A5=108000 A6=108E3C PC=3F96 -- 003F96: movea.l D0, A4
D0=10F1134 D1=101B00 D2=0 D3=FFFF D4=8402B40 D5=802180AD D6=842184AD D7=FFFF A0=108924 A1=101B00 A2=F6D42 A3=108F54 A4=10F1134 A5=108000 A6=108E3C PC=3F98 -- 003F98: move.l  A0, -(A7)
D0=10F1134 D1=101B00 D2=0 D3=FFFF D4=8402B40 D5=802180AD D6=842184AD D7=FFFF A0=108924 A1=101B00 A2=F6D42 A3=108F54 A4=10F1134 A5=108000 A6=108E3C PC=3F9A -- 003F9A: lea     $3c0002.l, A0
D0=10F1134 D1=101B00 D2=0 D3=FFFF D4=8402B40 D5=802180AD D6=842184AD D7=FFFF A0=3C0002 A1=101B00 A2=F6D42 A3=108F54 A4=10F1134 A5=108000 A6=108E3C PC=3FA0 -- 003FA0: tst.b   ($7c,A1)
D0=10F1134 D1=101B00 D2=0 D3=FFFF D4=8402B40 D5=802180AD D6=842184AD D7=FFFF A0=3C0002 A1=101B00 A2=F6D42 A3=108F54 A4=10F1134 A5=108000 A6=108E3C PC=3FA4 -- 003FA4: bpl     $3fc0
D0=10F1134 D1=101B00 D2=0 D3=FFFF D4=8402B40 D5=802180AD D6=842184AD D7=FFFF A0=3C0002 A1=101B00 A2=F6D42 A3=108F54 A4=10F1134 A5=108000 A6=108E3C PC=3FC0 -- 003FC0: moveq   #$0, D0
D0=0 D1=101B00 D2=0 D3=FFFF D4=8402B40 D5=802180AD D6=842184AD D7=FFFF A0=3C0002 A1=101B00 A2=F6D42 A3=108F54 A4=10F1134 A5=108000 A6=108E3C PC=3FC2 -- 003FC2: move.b  (A2), D0
D0=2 D1=101B00 D2=0 D3=FFFF D4=8402B40 D5=802180AD D6=842184AD D7=FFFF A0=3C0002 A1=101B00 A2=F6D42 A3=108F54 A4=10F1134 A5=108000 A6=108E3C PC=3FC4 -- 003FC4: sub.w   D0, ($794,A5)
D0=2 D1=101B00 D2=0 D3=FFFF D4=8402B40 D5=802180AD D6=842184AD D7=FFFF A0=3C0002 A1=101B00 A2=F6D42 A3=108F54 A4=10F1134 A5=108000 A6=108E3C PC=3FC8 -- 003FC8: bcc     $3fd2
D0=2 D1=101B00 D2=0 D3=FFFF D4=8402B40 D5=802180AD D6=842184AD D7=FFFF A0=3C0002 A1=101B00 A2=F6D42 A3=108F54 A4=10F1134 A5=108000 A6=108E3C PC=3FD2 -- 003FD2: move.l  A6, -(A7)
D0=2 D1=101B00 D2=0 D3=FFFF D4=8402B40 D5=802180AD D6=842184AD D7=FFFF A0=3C0002 A1=101B00 A2=F6D42 A3=108F54 A4=10F1134 A5=108000 A6=108E3C PC=3FD4 -- 003FD4: btst    #$6, ($7c,A1)
D0=2 D1=101B00 D2=0 D3=FFFF D4=8402B40 D5=802180AD D6=842184AD D7=FFFF A0=3C0002 A1=101B00 A2=F6D42 A3=108F54 A4=10F1134 A5=108000 A6=108E3C PC=3FDA -- 003FDA: bne     $400c
D0=2 D1=101B00 D2=0 D3=FFFF D4=8402B40 D5=802180AD D6=842184AD D7=FFFF A0=3C0002 A1=101B00 A2=F6D42 A3=108F54 A4=10F1134 A5=108000 A6=108E3C PC=3FDE -- 003FDE: moveq   #$0, D1
D0=2 D1=0 D2=0 D3=FFFF D4=8402B40 D5=802180AD D6=842184AD D7=FFFF A0=3C0002 A1=101B00 A2=F6D42 A3=108F54 A4=10F1134 A5=108000 A6=108E3C PC=3FE0 -- 003FE0: move.b  ($82,A1), D1
D0=2 D1=0 D2=0 D3=FFFF D4=8402B40 D5=802180AD D6=842184AD D7=FFFF A0=3C0002 A1=101B00 A2=F6D42 A3=108F54 A4=10F1134 A5=108000 A6=108E3C PC=3FE4 -- 003FE4: add.w   D1, D1
D0=2 D1=0 D2=0 D3=FFFF D4=8402B40 D5=802180AD D6=842184AD D7=FFFF A0=3C0002 A1=101B00 A2=F6D42 A3=108F54 A4=10F1134 A5=108000 A6=108E3C PC=3FE6 -- 003FE6: add.w   D1, D1
D0=2 D1=0 D2=0 D3=FFFF D4=8402B40 D5=802180AD D6=842184AD D7=FFFF A0=3C0002 A1=101B00 A2=F6D42 A3=108F54 A4=10F1134 A5=108000 A6=108E3C PC=3FE8 -- 003FE8: move.w  ($18,A1), D0
D0=90 D1=0 D2=0 D3=FFFF D4=8402B40 D5=802180AD D6=842184AD D7=FFFF A0=3C0002 A1=101B00 A2=F6D42 A3=108F54 A4=10F1134 A5=108000 A6=108E3C PC=3FEC -- 003FEC: lea     ($104c,A5), A6
D0=90 D1=0 D2=0 D3=FFFF D4=8402B40 D5=802180AD D6=842184AD D7=FFFF A0=3C0002 A1=101B00 A2=F6D42 A3=108F54 A4=10F1134 A5=108000 A6=10904C PC=3FF0 -- 003FF0: sub.w   (A6,D1.w), D0
D0=90 D1=0 D2=0 D3=FFFF D4=8402B40 D5=802180AD D6=842184AD D7=FFFF A0=3C0002 A1=101B00 A2=F6D42 A3=108F54 A4=10F1134 A5=108000 A6=10904C PC=3FF4 -- 003FF4: move.w  D0, ($24,A1)
D0=90 D1=0 D2=0 D3=FFFF D4=8402B40 D5=802180AD D6=842184AD D7=FFFF A0=3C0002 A1=101B00 A2=F6D42 A3=108F54 A4=10F1134 A5=108000 A6=10904C PC=3FF8 -- 003FF8: move.w  ($1c,A1), D0
D0=C8 D1=0 D2=0 D3=FFFF D4=8402B40 D5=802180AD D6=842184AD D7=FFFF A0=3C0002 A1=101B00 A2=F6D42 A3=108F54 A4=10F1134 A5=108000 A6=10904C PC=3FFC -- 003FFC: sub.w   ($20,A1), D0
D0=C8 D1=0 D2=0 D3=FFFF D4=8402B40 D5=802180AD D6=842184AD D7=FFFF A0=3C0002 A1=101B00 A2=F6D42 A3=108F54 A4=10F1134 A5=108000 A6=10904C PC=4000 -- 004000: lea     ($1058,A5), A6
D0=C8 D1=0 D2=0 D3=FFFF D4=8402B40 D5=802180AD D6=842184AD D7=FFFF A0=3C0002 A1=101B00 A2=F6D42 A3=108F54 A4=10F1134 A5=108000 A6=109058 PC=4004 -- 004004: sub.w   (A6,D1.w), D0
D0=C8 D1=0 D2=0 D3=FFFF D4=8402B40 D5=802180AD D6=842184AD D7=FFFF A0=3C0002 A1=101B00 A2=F6D42 A3=108F54 A4=10F1134 A5=108000 A6=109058 PC=4008 -- 004008: move.w  D0, ($26,A1)
D0=C8 D1=0 D2=0 D3=FFFF D4=8402B40 D5=802180AD D6=842184AD D7=FFFF A0=3C0002 A1=101B00 A2=F6D42 A3=108F54 A4=10F1134 A5=108000 A6=109058 PC=400C -- 00400C: tst.b   ($3a66,A5)
D0=C8 D1=0 D2=0 D3=FFFF D4=8402B40 D5=802180AD D6=842184AD D7=FFFF A0=3C0002 A1=101B00 A2=F6D42 A3=108F54 A4=10F1134 A5=108000 A6=109058 PC=4010 -- 004010: bmi     $4018
D0=C8 D1=0 D2=0 D3=FFFF D4=8402B40 D5=802180AD D6=842184AD D7=FFFF A0=3C0002 A1=101B00 A2=F6D42 A3=108F54 A4=10F1134 A5=108000 A6=109058 PC=4012 -- 004012: bsr     $4088
D0=C8 D1=0 D2=0 D3=FFFF D4=8402B40 D5=802180AD D6=842184AD D7=FFFF A0=3C0002 A1=101B00 A2=F6D42 A3=108F54 A4=10F1134 A5=108000 A6=109058 PC=4088 -- 004088: move.w  (A4), D0
D0=30 D1=0 D2=0 D3=FFFF D4=8402B40 D5=802180AD D6=842184AD D7=FFFF A0=3C0002 A1=101B00 A2=F6D42 A3=108F54 A4=10F1134 A5=108000 A6=109058 PC=408A -- 00408A: move.b  ($31,A1), D1
D0=30 D1=0 D2=0 D3=FFFF D4=8402B40 D5=802180AD D6=842184AD D7=FFFF A0=3C0002 A1=101B00 A2=F6D42 A3=108F54 A4=10F1134 A5=108000 A6=109058 PC=408E -- 00408E: move.b  ($4,A4), D2
D0=30 D1=0 D2=0 D3=FFFF D4=8402B40 D5=802180AD D6=842184AD D7=FFFF A0=3C0002 A1=101B00 A2=F6D42 A3=108F54 A4=10F1134 A5=108000 A6=109058 PC=4092 -- 004092: rol.b   #2, D2
D0=30 D1=0 D2=0 D3=FFFF D4=8402B40 D5=802180AD D6=842184AD D7=FFFF A0=3C0002 A1=101B00 A2=F6D42 A3=108F54 A4=10F1134 A5=108000 A6=109058 PC=4094 -- 004094: eor.w   D2, D1
D0=30 D1=0 D2=0 D3=FFFF D4=8402B40 D5=802180AD D6=842184AD D7=FFFF A0=3C0002 A1=101B00 A2=F6D42 A3=108F54 A4=10F1134 A5=108000 A6=109058 PC=4096 -- 004096: andi.w  #$3, D1
D0=30 D1=0 D2=0 D3=FFFF D4=8402B40 D5=802180AD D6=842184AD D7=FFFF A0=3C0002 A1=101B00 A2=F6D42 A3=108F54 A4=10F1134 A5=108000 A6=109058 PC=409A -- 00409A: move.w  D1, ($790,A5)
D0=30 D1=0 D2=0 D3=FFFF D4=8402B40 D5=802180AD D6=842184AD D7=FFFF A0=3C0002 A1=101B00 A2=F6D42 A3=108F54 A4=10F1134 A5=108000 A6=109058 PC=409E -- 00409E: andi.w  #$1, D1
D0=30 D1=0 D2=0 D3=FFFF D4=8402B40 D5=802180AD D6=842184AD D7=FFFF A0=3C0002 A1=101B00 A2=F6D42 A3=108F54 A4=10F1134 A5=108000 A6=109058 PC=40A2 -- 0040A2: beq     $40ae
D0=30 D1=0 D2=0 D3=FFFF D4=8402B40 D5=802180AD D6=842184AD D7=FFFF A0=3C0002 A1=101B00 A2=F6D42 A3=108F54 A4=10F1134 A5=108000 A6=109058 PC=40AE -- 0040AE: moveq   #$0, D1
D0=30 D1=0 D2=0 D3=FFFF D4=8402B40 D5=802180AD D6=842184AD D7=FFFF A0=3C0002 A1=101B00 A2=F6D42 A3=108F54 A4=10F1134 A5=108000 A6=109058 PC=40B0 -- 0040B0: move.b  ($68,A1), D1
D0=30 D1=FF D2=0 D3=FFFF D4=8402B40 D5=802180AD D6=842184AD D7=FFFF A0=3C0002 A1=101B00 A2=F6D42 A3=108F54 A4=10F1134 A5=108000 A6=109058 PC=40B4 -- 0040B4: addq.w  #1, D1
D0=30 D1=100 D2=0 D3=FFFF D4=8402B40 D5=802180AD D6=842184AD D7=FFFF A0=3C0002 A1=101B00 A2=F6D42 A3=108F54 A4=10F1134 A5=108000 A6=109058 PC=40B6 -- 0040B6: muls.w  D1, D0
D0=3000 D1=100 D2=0 D3=FFFF D4=8402B40 D5=802180AD D6=842184AD D7=FFFF A0=3C0002 A1=101B00 A2=F6D42 A3=108F54 A4=10F1134 A5=108000 A6=109058 PC=40B8 -- 0040B8: lsr.l   #8, D0
D0=30 D1=100 D2=0 D3=FFFF D4=8402B40 D5=802180AD D6=842184AD D7=FFFF A0=3C0002 A1=101B00 A2=F6D42 A3=108F54 A4=10F1134 A5=108000 A6=109058 PC=40BA -- 0040BA: add.w   ($24,A1), D0
D0=C0 D1=100 D2=0 D3=FFFF D4=8402B40 D5=802180AD D6=842184AD D7=FFFF A0=3C0002 A1=101B00 A2=F6D42 A3=108F54 A4=10F1134 A5=108000 A6=109058 PC=40BE -- 0040BE: lsl.w   #7, D0
D0=6000 D1=100 D2=0 D3=FFFF D4=8402B40 D5=802180AD D6=842184AD D7=FFFF A0=3C0002 A1=101B00 A2=F6D42 A3=108F54 A4=10F1134 A5=108000 A6=109058 PC=40C0 -- 0040C0: move.w  D6, (-$2,A0)
D0=6000 D1=100 D2=0 D3=FFFF D4=8402B40 D5=802180AD D6=842184AD D7=FFFF A0=3C0002 A1=101B00 A2=F6D42 A3=108F54 A4=10F1134 A5=108000 A6=109058 PC=40C4 -- 0040C4: move.w  D0, (A0)
D0=6000 D1=100 D2=0 D3=FFFF D4=8402B40 D5=802180AD D6=842184AD D7=FFFF A0=3C0002 A1=101B00 A2=F6D42 A3=108F54 A4=10F1134 A5=108000 A6=109058 PC=40C6 -- 0040C6: moveq   #$0, D0
D0=0 D1=100 D2=0 D3=FFFF D4=8402B40 D5=802180AD D6=842184AD D7=FFFF A0=3C0002 A1=101B00 A2=F6D42 A3=108F54 A4=10F1134 A5=108000 A6=109058 PC=40C8 -- 0040C8: move.b  (A2), D0
D0=2 D1=100 D2=0 D3=FFFF D4=8402B40 D5=802180AD D6=842184AD D7=FFFF A0=3C0002 A1=101B00 A2=F6D42 A3=108F54 A4=10F1134 A5=108000 A6=109058 PC=40CA -- 0040CA: add.w   D0, D6
D0=2 D1=100 D2=0 D3=FFFF D4=8402B40 D5=802180AD D6=842184AF D7=FFFF A0=3C0002 A1=101B00 A2=F6D42 A3=108F54 A4=10F1134 A5=108000 A6=109058 PC=40CC -- 0040CC: move.w  ($2,A4), D0
D0=FFF7 D1=100 D2=0 D3=FFFF D4=8402B40 D5=802180AD D6=842184AF D7=FFFF A0=3C0002 A1=101B00 A2=F6D42 A3=108F54 A4=10F1134 A5=108000 A6=109058 PC=40D0 -- 0040D0: btst    #$1, ($791,A5)
D0=FFF7 D1=100 D2=0 D3=FFFF D4=8402B40 D5=802180AD D6=842184AF D7=FFFF A0=3C0002 A1=101B00 A2=F6D42 A3=108F54 A4=10F1134 A5=108000 A6=109058 PC=40D6 -- 0040D6: beq     $40e4
D0=FFF7 D1=100 D2=0 D3=FFFF D4=8402B40 D5=802180AD D6=842184AF D7=FFFF A0=3C0002 A1=101B00 A2=F6D42 A3=108F54 A4=10F1134 A5=108000 A6=109058 PC=40E4 -- 0040E4: moveq   #$0, D1
D0=FFF7 D1=0 D2=0 D3=FFFF D4=8402B40 D5=802180AD D6=842184AF D7=FFFF A0=3C0002 A1=101B00 A2=F6D42 A3=108F54 A4=10F1134 A5=108000 A6=109058 PC=40E6 -- 0040E6: move.b  ($69,A1), D1
D0=FFF7 D1=FF D2=0 D3=FFFF D4=8402B40 D5=802180AD D6=842184AF D7=FFFF A0=3C0002 A1=101B00 A2=F6D42 A3=108F54 A4=10F1134 A5=108000 A6=109058 PC=40EA -- 0040EA: addq.w  #1, D1
D0=FFF7 D1=100 D2=0 D3=FFFF D4=8402B40 D5=802180AD D6=842184AF D7=FFFF A0=3C0002 A1=101B00 A2=F6D42 A3=108F54 A4=10F1134 A5=108000 A6=109058 PC=40EC -- 0040EC: muls.w  D1, D0
D0=FFFFF700 D1=100 D2=0 D3=FFFF D4=8402B40 D5=802180AD D6=842184AF D7=FFFF A0=3C0002 A1=101B00 A2=F6D42 A3=108F54 A4=10F1134 A5=108000 A6=109058 PC=40EE -- 0040EE: lsr.l   #8, D0
D0=FFFFF7 D1=100 D2=0 D3=FFFF D4=8402B40 D5=802180AD D6=842184AF D7=FFFF A0=3C0002 A1=101B00 A2=F6D42 A3=108F54 A4=10F1134 A5=108000 A6=109058 PC=40F0 -- 0040F0: add.w   ($26,A1), D0
D0=FF00BF D1=100 D2=0 D3=FFFF D4=8402B40 D5=802180AD D6=842184AF D7=FFFF A0=3C0002 A1=101B00 A2=F6D42 A3=108F54 A4=10F1134 A5=108000 A6=109058 PC=40F4 -- 0040F4: neg.w   D0
D0=FFFF41 D1=100 D2=0 D3=FFFF D4=8402B40 D5=802180AD D6=842184AF D7=FFFF A0=3C0002 A1=101B00 A2=F6D42 A3=108F54 A4=10F1134 A5=108000 A6=109058 PC=40F6 -- 0040F6: addi.w  #$1ff, D0
D0=FF0140 D1=100 D2=0 D3=FFFF D4=8402B40 D5=802180AD D6=842184AF D7=FFFF A0=3C0002 A1=101B00 A2=F6D42 A3=108F54 A4=10F1134 A5=108000 A6=109058 PC=40FA -- 0040FA: lsl.w   #7, D0
D0=FFA000 D1=100 D2=0 D3=FFFF D4=8402B40 D5=802180AD D6=842184AF D7=FFFF A0=3C0002 A1=101B00 A2=F6D42 A3=108F54 A4=10F1134 A5=108000 A6=109058 PC=40FC -- 0040FC: bsr     $4772
D0=FFA000 D1=100 D2=0 D3=FFFF D4=8402B40 D5=802180AD D6=842184AF D7=FFFF A0=3C0002 A1=101B00 A2=F6D42 A3=108F54 A4=10F1134 A5=108000 A6=109058 PC=4772 -- 004772: move.w  D0, -(A7)
D0=FFA000 D1=100 D2=0 D3=FFFF D4=8402B40 D5=802180AD D6=842184AF D7=FFFF A0=3C0002 A1=101B00 A2=F6D42 A3=108F54 A4=10F1134 A5=108000 A6=109058 PC=4774 -- 004774: moveq   #-$1, D0
D0=FFFFFFFF D1=100 D2=0 D3=FFFF D4=8402B40 D5=802180AD D6=842184AF D7=FFFF A0=3C0002 A1=101B00 A2=F6D42 A3=108F54 A4=10F1134 A5=108000 A6=109058 PC=4776 -- 004776: moveq   #$0, D1
D0=FFFFFFFF D1=0 D2=0 D3=FFFF D4=8402B40 D5=802180AD D6=842184AF D7=FFFF A0=3C0002 A1=101B00 A2=F6D42 A3=108F54 A4=10F1134 A5=108000 A6=109058 PC=4778 -- 004778: move.b  ($1,A2), D1
D0=FFFFFFFF D1=2 D2=0 D3=FFFF D4=8402B40 D5=802180AD D6=842184AF D7=FFFF A0=3C0002 A1=101B00 A2=F6D42 A3=108F54 A4=10F1134 A5=108000 A6=109058 PC=477C -- 00477C: cmpi.b  #-$1, ($69,A1)
D0=FFFFFFFF D1=2 D2=0 D3=FFFF D4=8402B40 D5=802180AD D6=842184AF D7=FFFF A0=3C0002 A1=101B00 A2=F6D42 A3=108F54 A4=10F1134 A5=108000 A6=109058 PC=4782 -- 004782: beq     $47b4
D0=FFFFFFFF D1=2 D2=0 D3=FFFF D4=8402B40 D5=802180AD D6=842184AF D7=FFFF A0=3C0002 A1=101B00 A2=F6D42 A3=108F54 A4=10F1134 A5=108000 A6=109058 PC=47B4 -- 0047B4: move.b  D0, ($78f,A5)
D0=FFFFFFFF D1=2 D2=0 D3=FFFF D4=8402B40 D5=802180AD D6=842184AF D7=FFFF A0=3C0002 A1=101B00 A2=F6D42 A3=108F54 A4=10F1134 A5=108000 A6=109058 PC=47B8 -- 0047B8: move.b  D1, ($78e,A5)
D0=FFFFFFFF D1=2 D2=0 D3=FFFF D4=8402B40 D5=802180AD D6=842184AF D7=FFFF A0=3C0002 A1=101B00 A2=F6D42 A3=108F54 A4=10F1134 A5=108000 A6=109058 PC=47BC -- 0047BC: move.w  (A7)+, D0
D0=FFFFA000 D1=2 D2=0 D3=FFFF D4=8402B40 D5=802180AD D6=842184AF D7=FFFF A0=3C0002 A1=101B00 A2=F6D42 A3=108F54 A4=10F1134 A5=108000 A6=109058 PC=47BE -- 0047BE: rts
D0=FFFFA000 D1=2 D2=0 D3=FFFF D4=8402B40 D5=802180AD D6=842184AF D7=FFFF A0=3C0002 A1=101B00 A2=F6D42 A3=108F54 A4=10F1134 A5=108000 A6=109058 PC=4100 -- 004100: add.b   ($78e,A5), D0
D0=FFFFA002 D1=2 D2=0 D3=FFFF D4=8402B40 D5=802180AD D6=842184AF D7=FFFF A0=3C0002 A1=101B00 A2=F6D42 A3=108F54 A4=10F1134 A5=108000 A6=109058 PC=4104 -- 004104: move.w  D0, (A3)+
D0=FFFFA002 D1=2 D2=0 D3=FFFF D4=8402B40 D5=802180AD D6=842184AF D7=FFFF A0=3C0002 A1=101B00 A2=F6D42 A3=108F56 A4=10F1134 A5=108000 A6=109058 PC=4106 -- 004106: moveq   #$0, D0
D0=0 D1=2 D2=0 D3=FFFF D4=8402B40 D5=802180AD D6=842184AF D7=FFFF A0=3C0002 A1=101B00 A2=F6D42 A3=108F56 A4=10F1134 A5=108000 A6=109058 PC=4108 -- 004108: move.b  (A2), D0
D0=2 D1=2 D2=0 D3=FFFF D4=8402B40 D5=802180AD D6=842184AF D7=FFFF A0=3C0002 A1=101B00 A2=F6D42 A3=108F56 A4=10F1134 A5=108000 A6=109058 PC=410A -- 00410A: subq.b  #2, D0
D0=0 D1=2 D2=0 D3=FFFF D4=8402B40 D5=802180AD D6=842184AF D7=FFFF A0=3C0002 A1=101B00 A2=F6D42 A3=108F56 A4=10F1134 A5=108000 A6=109058 PC=410C -- 00410C: bmi     $4118
D0=0 D1=2 D2=0 D3=FFFF D4=8402B40 D5=802180AD D6=842184AF D7=FFFF A0=3C0002 A1=101B00 A2=F6D42 A3=108F56 A4=10F1134 A5=108000 A6=109058 PC=410E -- 00410E: move.w  #$40, D1
D0=0 D1=40 D2=0 D3=FFFF D4=8402B40 D5=802180AD D6=842184AF D7=FFFF A0=3C0002 A1=101B00 A2=F6D42 A3=108F56 A4=10F1134 A5=108000 A6=109058 PC=4112 -- 004112: move.w  D1, (A3)+
D0=0 D1=40 D2=0 D3=FFFF D4=8402B40 D5=802180AD D6=842184AF D7=FFFF A0=3C0002 A1=101B00 A2=F6D42 A3=108F58 A4=10F1134 A5=108000 A6=109058 PC=4114 -- 004114: dbra    D0, $4112
D0=FFFF D1=40 D2=0 D3=FFFF D4=8402B40 D5=802180AD D6=842184AF D7=FFFF A0=3C0002 A1=101B00 A2=F6D42 A3=108F58 A4=10F1134 A5=108000 A6=109058 PC=4118 -- 004118: move.w  #$1, ($2,A0)
D0=FFFF D1=40 D2=0 D3=FFFF D4=8402B40 D5=802180AD D6=842184AF D7=FFFF A0=3C0002 A1=101B00 A2=F6D42 A3=108F58 A4=10F1134 A5=108000 A6=109058 PC=411E -- 00411E: move.w  D5, (-$2,A0)
D0=FFFF D1=40 D2=0 D3=FFFF D4=8402B40 D5=802180AD D6=842184AF D7=FFFF A0=3C0002 A1=101B00 A2=F6D42 A3=108F58 A4=10F1134 A5=108000 A6=109058 PC=4122 -- 004122: moveq   #$0, D1
D0=FFFF D1=0 D2=0 D3=FFFF D4=8402B40 D5=802180AD D6=842184AF D7=FFFF A0=3C0002 A1=101B00 A2=F6D42 A3=108F58 A4=10F1134 A5=108000 A6=109058 PC=4124 -- 004124: move.b  ($68,A1), D0
D0=FFFF D1=0 D2=0 D3=FFFF D4=8402B40 D5=802180AD D6=842184AF D7=FFFF A0=3C0002 A1=101B00 A2=F6D42 A3=108F58 A4=10F1134 A5=108000 A6=109058 PC=4128 -- 004128: move.b  D0, D1
D0=FFFF D1=FF D2=0 D3=FFFF D4=8402B40 D5=802180AD D6=842184AF D7=FFFF A0=3C0002 A1=101B00 A2=F6D42 A3=108F58 A4=10F1134 A5=108000 A6=109058 PC=412A -- 00412A: andi.w  #$f, D0
D0=F D1=FF D2=0 D3=FFFF D4=8402B40 D5=802180AD D6=842184AF D7=FFFF A0=3C0002 A1=101B00 A2=F6D42 A3=108F58 A4=10F1134 A5=108000 A6=109058 PC=412E -- 00412E: lsr.b   #4, D1
D0=F D1=F D2=0 D3=FFFF D4=8402B40 D5=802180AD D6=842184AF D7=FFFF A0=3C0002 A1=101B00 A2=F6D42 A3=108F58 A4=10F1134 A5=108000 A6=109058 PC=4130 -- 004130: tst.b   D1
D0=F D1=F D2=0 D3=FFFF D4=8402B40 D5=802180AD D6=842184AF D7=FFFF A0=3C0002 A1=101B00 A2=F6D42 A3=108F58 A4=10F1134 A5=108000 A6=109058 PC=4132 -- 004132: beq     $4164
D0=F D1=F D2=0 D3=FFFF D4=8402B40 D5=802180AD D6=842184AF D7=FFFF A0=3C0002 A1=101B00 A2=F6D42 A3=108F58 A4=10F1134 A5=108000 A6=109058 PC=4134 -- 004134: lea     $4f9d2.l, A6
D0=F D1=F D2=0 D3=FFFF D4=8402B40 D5=802180AD D6=842184AF D7=FFFF A0=3C0002 A1=101B00 A2=F6D42 A3=108F58 A4=10F1134 A5=108000 A6=4F9D2 PC=413A -- 00413A: lsl.w   #5, D0
D0=1E0 D1=F D2=0 D3=FFFF D4=8402B40 D5=802180AD D6=842184AF D7=FFFF A0=3C0002 A1=101B00 A2=F6D42 A3=108F58 A4=10F1134 A5=108000 A6=4F9D2 PC=413C -- 00413C: adda.w  D0, A6
D0=1E0 D1=F D2=0 D3=FFFF D4=8402B40 D5=802180AD D6=842184AF D7=FFFF A0=3C0002 A1=101B00 A2=F6D42 A3=108F58 A4=10F1134 A5=108000 A6=4FBB2 PC=413E -- 00413E: moveq   #$f, D0
D0=F D1=F D2=0 D3=FFFF D4=8402B40 D5=802180AD D6=842184AF D7=FFFF A0=3C0002 A1=101B00 A2=F6D42 A3=108F58 A4=10F1134 A5=108000 A6=4FBB2 PC=4140 -- 004140: moveq   #$0, D2
D0=F D1=F D2=0 D3=FFFF D4=8402B40 D5=802180AD D6=842184AF D7=FFFF A0=3C0002 A1=101B00 A2=F6D42 A3=108F58 A4=10F1134 A5=108000 A6=4FBB2 PC=4142 -- 004142: move.b  (A2), D2
D0=F D1=F D2=2 D3=FFFF D4=8402B40 D5=802180AD D6=842184AF D7=FFFF A0=3C0002 A1=101B00 A2=F6D42 A3=108F58 A4=10F1134 A5=108000 A6=4FBB2 PC=4144 -- 004144: lsr.w   #1, D2
D0=F D1=F D2=1 D3=FFFF D4=8402B40 D5=802180AD D6=842184AF D7=FFFF A0=3C0002 A1=101B00 A2=F6D42 A3=108F58 A4=10F1134 A5=108000 A6=4FBB2 PC=4146 -- 004146: sub.w   D2, D0
D0=E D1=F D2=1 D3=FFFF D4=8402B40 D5=802180AD D6=842184AF D7=FFFF A0=3C0002 A1=101B00 A2=F6D42 A3=108F58 A4=10F1134 A5=108000 A6=4FBB2 PC=4148 -- 004148: adda.l  D0, A6
D0=E D1=F D2=1 D3=FFFF D4=8402B40 D5=802180AD D6=842184AF D7=FFFF A0=3C0002 A1=101B00 A2=F6D42 A3=108F58 A4=10F1134 A5=108000 A6=4FBC0 PC=414A -- 00414A: move.b  (A2), D0
D0=2 D1=F D2=1 D3=FFFF D4=8402B40 D5=802180AD D6=842184AF D7=FFFF A0=3C0002 A1=101B00 A2=F6D42 A3=108F58 A4=10F1134 A5=108000 A6=4FBC0 PC=414C -- 00414C: add.w   D0, D5
D0=2 D1=F D2=1 D3=FFFF D4=8402B40 D5=802180AF D6=842184AF D7=FFFF A0=3C0002 A1=101B00 A2=F6D42 A3=108F58 A4=10F1134 A5=108000 A6=4FBC0 PC=414E -- 00414E: subq.b  #1, D0
D0=1 D1=F D2=1 D3=FFFF D4=8402B40 D5=802180AF D6=842184AF D7=FFFF A0=3C0002 A1=101B00 A2=F6D42 A3=108F58 A4=10F1134 A5=108000 A6=4FBC0 PC=4150 -- 004150: move.b  D1, D2
D0=1 D1=F D2=F D3=FFFF D4=8402B40 D5=802180AF D6=842184AF D7=FFFF A0=3C0002 A1=101B00 A2=F6D42 A3=108F58 A4=10F1134 A5=108000 A6=4FBC0 PC=4152 -- 004152: sub.b   (A6)+, D2
D0=1 D1=F D2=F D3=FFFF D4=8402B40 D5=802180AF D6=842184AF D7=FFFF A0=3C0002 A1=101B00 A2=F6D42 A3=108F58 A4=10F1134 A5=108000 A6=4FBC1 PC=4154 -- 004154: lsl.w   #8, D2
D0=1 D1=F D2=F00 D3=FFFF D4=8402B40 D5=802180AF D6=842184AF D7=FFFF A0=3C0002 A1=101B00 A2=F6D42 A3=108F58 A4=10F1134 A5=108000 A6=4FBC1 PC=4156 -- 004156: move.b  ($69,A1), D2
D0=1 D1=F D2=FFF D3=FFFF D4=8402B40 D5=802180AF D6=842184AF D7=FFFF A0=3C0002 A1=101B00 A2=F6D42 A3=108F58 A4=10F1134 A5=108000 A6=4FBC1 PC=415A -- 00415A: move.w  D2, (A0)
D0=1 D1=F D2=FFF D3=FFFF D4=8402B40 D5=802180AF D6=842184AF D7=FFFF A0=3C0002 A1=101B00 A2=F6D42 A3=108F58 A4=10F1134 A5=108000 A6=4FBC1 PC=415C -- 00415C: dbra    D0, $4150
D0=0 D1=F D2=FFF D3=FFFF D4=8402B40 D5=802180AF D6=842184AF D7=FFFF A0=3C0002 A1=101B00 A2=F6D42 A3=108F58 A4=10F1134 A5=108000 A6=4FBC1 PC=4150 -- 004150: move.b  D1, D2
D0=0 D1=F D2=F0F D3=FFFF D4=8402B40 D5=802180AF D6=842184AF D7=FFFF A0=3C0002 A1=101B00 A2=F6D42 A3=108F58 A4=10F1134 A5=108000 A6=4FBC1 PC=4152 -- 004152: sub.b   (A6)+, D2
D0=0 D1=F D2=F0F D3=FFFF D4=8402B40 D5=802180AF D6=842184AF D7=FFFF A0=3C0002 A1=101B00 A2=F6D42 A3=108F58 A4=10F1134 A5=108000 A6=4FBC2 PC=4154 -- 004154: lsl.w   #8, D2
D0=0 D1=F D2=F00 D3=FFFF D4=8402B40 D5=802180AF D6=842184AF D7=FFFF A0=3C0002 A1=101B00 A2=F6D42 A3=108F58 A4=10F1134 A5=108000 A6=4FBC2 PC=4156 -- 004156: move.b  ($69,A1), D2
D0=0 D1=F D2=FFF D3=FFFF D4=8402B40 D5=802180AF D6=842184AF D7=FFFF A0=3C0002 A1=101B00 A2=F6D42 A3=108F58 A4=10F1134 A5=108000 A6=4FBC2 PC=415A -- 00415A: move.w  D2, (A0)
D0=0 D1=F D2=FFF D3=FFFF D4=8402B40 D5=802180AF D6=842184AF D7=FFFF A0=3C0002 A1=101B00 A2=F6D42 A3=108F58 A4=10F1134 A5=108000 A6=4FBC2 PC=415C -- 00415C: dbra    D0, $4150
D0=FFFF D1=F D2=FFF D3=FFFF D4=8402B40 D5=802180AF D6=842184AF D7=FFFF A0=3C0002 A1=101B00 A2=F6D42 A3=108F58 A4=10F1134 A5=108000 A6=4FBC2 PC=4160 -- 004160: bra     $4178
D0=FFFF D1=F D2=FFF D3=FFFF D4=8402B40 D5=802180AF D6=842184AF D7=FFFF A0=3C0002 A1=101B00 A2=F6D42 A3=108F58 A4=10F1134 A5=108000 A6=4FBC2 PC=4178 -- 004178: move.b  ($2,A2), D0
D0=FFC5 D1=F D2=FFF D3=FFFF D4=8402B40 D5=802180AF D6=842184AF D7=FFFF A0=3C0002 A1=101B00 A2=F6D42 A3=108F58 A4=10F1134 A5=108000 A6=4FBC2 PC=417C -- 00417C: tst.b   ($80,A1)
D0=FFC5 D1=F D2=FFF D3=FFFF D4=8402B40 D5=802180AF D6=842184AF D7=FFFF A0=3C0002 A1=101B00 A2=F6D42 A3=108F58 A4=10F1134 A5=108000 A6=4FBC2 PC=4180 -- 004180: beq     $4188
D0=FFC5 D1=F D2=FFF D3=FFFF D4=8402B40 D5=802180AF D6=842184AF D7=FFFF A0=3C0002 A1=101B00 A2=F6D42 A3=108F58 A4=10F1134 A5=108000 A6=4FBC2 PC=4188 -- 004188: add.b   ($30,A1), D0
D0=FFC5 D1=F D2=FFF D3=FFFF D4=8402B40 D5=802180AF D6=842184AF D7=FFFF A0=3C0002 A1=101B00 A2=F6D42 A3=108F58 A4=10F1134 A5=108000 A6=4FBC2 PC=418C -- 00418C: lsl.w   #8, D0
D0=C500 D1=F D2=FFF D3=FFFF D4=8402B40 D5=802180AF D6=842184AF D7=FFFF A0=3C0002 A1=101B00 A2=F6D42 A3=108F58 A4=10F1134 A5=108000 A6=4FBC2 PC=418E -- 00418E: tst.b   ($3,A2)
D0=C500 D1=F D2=FFF D3=FFFF D4=8402B40 D5=802180AF D6=842184AF D7=FFFF A0=3C0002 A1=101B00 A2=F6D42 A3=108F58 A4=10F1134 A5=108000 A6=4FBC2 PC=4192 -- 004192: beq     $4198
D0=C500 D1=F D2=FFF D3=FFFF D4=8402B40 D5=802180AF D6=842184AF D7=FFFF A0=3C0002 A1=101B00 A2=F6D42 A3=108F58 A4=10F1134 A5=108000 A6=4FBC2 PC=4194 -- 004194: move.b  #$10, D0
D0=C510 D1=F D2=FFF D3=FFFF D4=8402B40 D5=802180AF D6=842184AF D7=FFFF A0=3C0002 A1=101B00 A2=F6D42 A3=108F58 A4=10F1134 A5=108000 A6=4FBC2 PC=4198 -- 004198: move.w  ($4,A2), D1
D0=C510 D1=DCC0 D2=FFF D3=FFFF D4=8402B40 D5=802180AF D6=842184AF D7=FFFF A0=3C0002 A1=101B00 A2=F6D42 A3=108F58 A4=10F1134 A5=108000 A6=4FBC2 PC=419C -- 00419C: moveq   #$0, D3
D0=C510 D1=DCC0 D2=FFF D3=0 D4=8402B40 D5=802180AF D6=842184AF D7=FFFF A0=3C0002 A1=101B00 A2=F6D42 A3=108F58 A4=10F1134 A5=108000 A6=4FBC2 PC=419E -- 00419E: move.b  (A2), D3
D0=C510 D1=DCC0 D2=FFF D3=2 D4=8402B40 D5=802180AF D6=842184AF D7=FFFF A0=3C0002 A1=101B00 A2=F6D42 A3=108F58 A4=10F1134 A5=108000 A6=4FBC2 PC=41A0 -- 0041A0: subq.b  #1, D3
D0=C510 D1=DCC0 D2=FFF D3=1 D4=8402B40 D5=802180AF D6=842184AF D7=FFFF A0=3C0002 A1=101B00 A2=F6D42 A3=108F58 A4=10F1134 A5=108000 A6=4FBC2 PC=41A2 -- 0041A2: move.w  ($790,A5), D7
D0=C510 D1=DCC0 D2=FFF D3=1 D4=8402B40 D5=802180AF D6=842184AF D7=0 A0=3C0002 A1=101B00 A2=F6D42 A3=108F58 A4=10F1134 A5=108000 A6=4FBC2 PC=41A6 -- 0041A6: add.w   D7, D7
D0=C510 D1=DCC0 D2=FFF D3=1 D4=8402B40 D5=802180AF D6=842184AF D7=0 A0=3C0002 A1=101B00 A2=F6D42 A3=108F58 A4=10F1134 A5=108000 A6=4FBC2 PC=41A8 -- 0041A8: add.w   D7, D7
D0=C510 D1=DCC0 D2=FFF D3=1 D4=8402B40 D5=802180AF D6=842184AF D7=0 A0=3C0002 A1=101B00 A2=F6D42 A3=108F58 A4=10F1134 A5=108000 A6=4FBC2 PC=41AA -- 0041AA: movea.l ($4,PC,D7.w), A6
D0=C510 D1=DCC0 D2=FFF D3=1 D4=8402B40 D5=802180AF D6=842184AF D7=0 A0=3C0002 A1=101B00 A2=F6D42 A3=108F58 A4=10F1134 A5=108000 A6=428C PC=41AE -- 0041AE: jmp     (A6)
D0=C510 D1=DCC0 D2=FFF D3=1 D4=8402B40 D5=802180AF D6=842184AF D7=0 A0=3C0002 A1=101B00 A2=F6D42 A3=108F58 A4=10F1134 A5=108000 A6=428C PC=428C -- 00428C: lea     ($6,A2), A6
D0=C510 D1=DCC0 D2=FFF D3=1 D4=8402B40 D5=802180AF D6=842184AF D7=0 A0=3C0002 A1=101B00 A2=F6D42 A3=108F58 A4=10F1134 A5=108000 A6=F6D48 PC=4290 -- 004290: move.w  #$1, ($2,A0)
D0=C510 D1=DCC0 D2=FFF D3=1 D4=8402B40 D5=802180AF D6=842184AF D7=0 A0=3C0002 A1=101B00 A2=F6D42 A3=108F58 A4=10F1134 A5=108000 A6=F6D48 PC=4296 -- 004296: moveq   #$0, D7
D0=C510 D1=DCC0 D2=FFF D3=1 D4=8402B40 D5=802180AF D6=842184AF D7=0 A0=3C0002 A1=101B00 A2=F6D42 A3=108F58 A4=10F1134 A5=108000 A6=F6D48 PC=4298 -- 004298: move.b  ($1,A2), D7
D0=C510 D1=DCC0 D2=FFF D3=1 D4=8402B40 D5=802180AF D6=842184AF D7=2 A0=3C0002 A1=101B00 A2=F6D42 A3=108F58 A4=10F1134 A5=108000 A6=F6D48 PC=429C -- 00429C: subq.b  #1, D7
D0=C510 D1=DCC0 D2=FFF D3=1 D4=8402B40 D5=802180AF D6=842184AF D7=1 A0=3C0002 A1=101B00 A2=F6D42 A3=108F58 A4=10F1134 A5=108000 A6=F6D48 PC=429E -- 00429E: move.w  (A6)+, D2
D0=C510 D1=DCC0 D2=C000 D3=1 D4=8402B40 D5=802180AF D6=842184AF D7=1 A0=3C0002 A1=101B00 A2=F6D42 A3=108F58 A4=10F1134 A5=108000 A6=F6D4A PC=42A0 -- 0042A0: move.w  D4, (-$2,A0)
D0=C510 D1=DCC0 D2=C000 D3=1 D4=8402B40 D5=802180AF D6=842184AF D7=1 A0=3C0002 A1=101B00 A2=F6D42 A3=108F58 A4=10F1134 A5=108000 A6=F6D4A PC=42A4 -- 0042A4: add.w   D2, D2
D0=C510 D1=DCC0 D2=8000 D3=1 D4=8402B40 D5=802180AF D6=842184AF D7=1 A0=3C0002 A1=101B00 A2=F6D42 A3=108F58 A4=10F1134 A5=108000 A6=F6D4A PC=42A6 -- 0042A6: bcc     $42b8
D0=C510 D1=DCC0 D2=8000 D3=1 D4=8402B40 D5=802180AF D6=842184AF D7=1 A0=3C0002 A1=101B00 A2=F6D42 A3=108F58 A4=10F1134 A5=108000 A6=F6D4A PC=42A8 -- 0042A8: move.w  D1, (A0)
D0=C510 D1=DCC0 D2=8000 D3=1 D4=8402B40 D5=802180AF D6=842184AF D7=1 A0=3C0002 A1=101B00 A2=F6D42 A3=108F58 A4=10F1134 A5=108000 A6=F6D4A PC=42AA -- 0042AA: nop
D0=C510 D1=DCC0 D2=8000 D3=1 D4=8402B40 D5=802180AF D6=842184AF D7=1 A0=3C0002 A1=101B00 A2=F6D42 A3=108F58 A4=10F1134 A5=108000 A6=F6D4A PC=42AC -- 0042AC: move.w  D0, (A0)
D0=C510 D1=DCC0 D2=8000 D3=1 D4=8402B40 D5=802180AF D6=842184AF D7=1 A0=3C0002 A1=101B00 A2=F6D42 A3=108F58 A4=10F1134 A5=108000 A6=F6D4A PC=42AE -- 0042AE: addq.w  #1, D1
D0=C510 D1=DCC1 D2=8000 D3=1 D4=8402B40 D5=802180AF D6=842184AF D7=1 A0=3C0002 A1=101B00 A2=F6D42 A3=108F58 A4=10F1134 A5=108000 A6=F6D4A PC=42B0 -- 0042B0: bcc     $42c0
D0=C510 D1=DCC1 D2=8000 D3=1 D4=8402B40 D5=802180AF D6=842184AF D7=1 A0=3C0002 A1=101B00 A2=F6D42 A3=108F58 A4=10F1134 A5=108000 A6=F6D4A PC=42C0 -- 0042C0: dbra    D7, $42a4
D0=C510 D1=DCC1 D2=8000 D3=1 D4=8402B40 D5=802180AF D6=842184AF D7=0 A0=3C0002 A1=101B00 A2=F6D42 A3=108F58 A4=10F1134 A5=108000 A6=F6D4A PC=42A4 -- 0042A4: add.w   D2, D2
D0=C510 D1=DCC1 D2=0 D3=1 D4=8402B40 D5=802180AF D6=842184AF D7=0 A0=3C0002 A1=101B00 A2=F6D42 A3=108F58 A4=10F1134 A5=108000 A6=F6D4A PC=42A6 -- 0042A6: bcc     $42b8
D0=C510 D1=DCC1 D2=0 D3=1 D4=8402B40 D5=802180AF D6=842184AF D7=0 A0=3C0002 A1=101B00 A2=F6D42 A3=108F58 A4=10F1134 A5=108000 A6=F6D4A PC=42A8 -- 0042A8: move.w  D1, (A0)
D0=C510 D1=DCC1 D2=0 D3=1 D4=8402B40 D5=802180AF D6=842184AF D7=0 A0=3C0002 A1=101B00 A2=F6D42 A3=108F58 A4=10F1134 A5=108000 A6=F6D4A PC=42AA -- 0042AA: nop
D0=C510 D1=DCC1 D2=0 D3=1 D4=8402B40 D5=802180AF D6=842184AF D7=0 A0=3C0002 A1=101B00 A2=F6D42 A3=108F58 A4=10F1134 A5=108000 A6=F6D4A PC=42AC -- 0042AC: move.w  D0, (A0)
D0=C510 D1=DCC1 D2=0 D3=1 D4=8402B40 D5=802180AF D6=842184AF D7=0 A0=3C0002 A1=101B00 A2=F6D42 A3=108F58 A4=10F1134 A5=108000 A6=F6D4A PC=42AE -- 0042AE: addq.w  #1, D1
D0=C510 D1=DCC2 D2=0 D3=1 D4=8402B40 D5=802180AF D6=842184AF D7=0 A0=3C0002 A1=101B00 A2=F6D42 A3=108F58 A4=10F1134 A5=108000 A6=F6D4A PC=42B0 -- 0042B0: bcc     $42c0
D0=C510 D1=DCC2 D2=0 D3=1 D4=8402B40 D5=802180AF D6=842184AF D7=0 A0=3C0002 A1=101B00 A2=F6D42 A3=108F58 A4=10F1134 A5=108000 A6=F6D4A PC=42C0 -- 0042C0: dbra    D7, $42a4
D0=C510 D1=DCC2 D2=0 D3=1 D4=8402B40 D5=802180AF D6=842184AF D7=FFFF A0=3C0002 A1=101B00 A2=F6D42 A3=108F58 A4=10F1134 A5=108000 A6=F6D4A PC=42C4 -- 0042C4: bsr     $47c0
D0=C510 D1=DCC2 D2=0 D3=1 D4=8402B40 D5=802180AF D6=842184AF D7=FFFF A0=3C0002 A1=101B00 A2=F6D42 A3=108F58 A4=10F1134 A5=108000 A6=F6D4A PC=47C0 -- 0047C0: tst.b   ($78f,A5)
D0=C510 D1=DCC2 D2=0 D3=1 D4=8402B40 D5=802180AF D6=842184AF D7=FFFF A0=3C0002 A1=101B00 A2=F6D42 A3=108F58 A4=10F1134 A5=108000 A6=F6D4A PC=47C4 -- 0047C4: bpl     $47c8
D0=C510 D1=DCC2 D2=0 D3=1 D4=8402B40 D5=802180AF D6=842184AF D7=FFFF A0=3C0002 A1=101B00 A2=F6D42 A3=108F58 A4=10F1134 A5=108000 A6=F6D4A PC=47C6 -- 0047C6: rts
D0=C510 D1=DCC2 D2=0 D3=1 D4=8402B40 D5=802180AF D6=842184AF D7=FFFF A0=3C0002 A1=101B00 A2=F6D42 A3=108F58 A4=10F1134 A5=108000 A6=F6D4A PC=42C8 -- 0042C8: addi.w  #$40, D4
D0=C510 D1=DCC2 D2=0 D3=1 D4=8402B80 D5=802180AF D6=842184AF D7=FFFF A0=3C0002 A1=101B00 A2=F6D42 A3=108F58 A4=10F1134 A5=108000 A6=F6D4A PC=42CC -- 0042CC: dbra    D3, $4296
D0=C510 D1=DCC2 D2=0 D3=0 D4=8402B80 D5=802180AF D6=842184AF D7=FFFF A0=3C0002 A1=101B00 A2=F6D42 A3=108F58 A4=10F1134 A5=108000 A6=F6D4A PC=4296 -- 004296: moveq   #$0, D7
D0=C510 D1=DCC2 D2=0 D3=0 D4=8402B80 D5=802180AF D6=842184AF D7=0 A0=3C0002 A1=101B00 A2=F6D42 A3=108F58 A4=10F1134 A5=108000 A6=F6D4A PC=4298 -- 004298: move.b  ($1,A2), D7
D0=C510 D1=DCC2 D2=0 D3=0 D4=8402B80 D5=802180AF D6=842184AF D7=2 A0=3C0002 A1=101B00 A2=F6D42 A3=108F58 A4=10F1134 A5=108000 A6=F6D4A PC=429C -- 00429C: subq.b  #1, D7
D0=C510 D1=DCC2 D2=0 D3=0 D4=8402B80 D5=802180AF D6=842184AF D7=1 A0=3C0002 A1=101B00 A2=F6D42 A3=108F58 A4=10F1134 A5=108000 A6=F6D4A PC=429E -- 00429E: move.w  (A6)+, D2
D0=C510 D1=DCC2 D2=C000 D3=0 D4=8402B80 D5=802180AF D6=842184AF D7=1 A0=3C0002 A1=101B00 A2=F6D42 A3=108F58 A4=10F1134 A5=108000 A6=F6D4C PC=42A0 -- 0042A0: move.w  D4, (-$2,A0)

   (loops for 16 instructions)

D0=C510 D1=DCC4 D2=0 D3=0 D4=8402B80 D5=802180AF D6=842184AF D7=FFFF A0=3C0002 A1=101B00 A2=F6D42 A3=108F58 A4=10F1134 A5=108000 A6=F6D4C PC=42C4 -- 0042C4: bsr     $47c0
D0=C510 D1=DCC4 D2=0 D3=0 D4=8402B80 D5=802180AF D6=842184AF D7=FFFF A0=3C0002 A1=101B00 A2=F6D42 A3=108F58 A4=10F1134 A5=108000 A6=F6D4C PC=47C0 -- 0047C0: tst.b   ($78f,A5)
D0=C510 D1=DCC4 D2=0 D3=0 D4=8402B80 D5=802180AF D6=842184AF D7=FFFF A0=3C0002 A1=101B00 A2=F6D42 A3=108F58 A4=10F1134 A5=108000 A6=F6D4C PC=47C4 -- 0047C4: bpl     $47c8
D0=C510 D1=DCC4 D2=0 D3=0 D4=8402B80 D5=802180AF D6=842184AF D7=FFFF A0=3C0002 A1=101B00 A2=F6D42 A3=108F58 A4=10F1134 A5=108000 A6=F6D4C PC=47C6 -- 0047C6: rts
D0=C510 D1=DCC4 D2=0 D3=0 D4=8402B80 D5=802180AF D6=842184AF D7=FFFF A0=3C0002 A1=101B00 A2=F6D42 A3=108F58 A4=10F1134 A5=108000 A6=F6D4C PC=42C8 -- 0042C8: addi.w  #$40, D4
D0=C510 D1=DCC4 D2=0 D3=0 D4=8402BC0 D5=802180AF D6=842184AF D7=FFFF A0=3C0002 A1=101B00 A2=F6D42 A3=108F58 A4=10F1134 A5=108000 A6=F6D4C PC=42CC -- 0042CC: dbra    D3, $4296
D0=C510 D1=DCC4 D2=0 D3=FFFF D4=8402BC0 D5=802180AF D6=842184AF D7=FFFF A0=3C0002 A1=101B00 A2=F6D42 A3=108F58 A4=10F1134 A5=108000 A6=F6D4C PC=42D0 -- 0042D0: rts
D0=C510 D1=DCC4 D2=0 D3=FFFF D4=8402BC0 D5=802180AF D6=842184AF D7=FFFF A0=3C0002 A1=101B00 A2=F6D42 A3=108F58 A4=10F1134 A5=108000 A6=F6D4C PC=4016 -- 004016: bra     $401c
D0=C510 D1=DCC4 D2=0 D3=FFFF D4=8402BC0 D5=802180AF D6=842184AF D7=FFFF A0=3C0002 A1=101B00 A2=F6D42 A3=108F58 A4=10F1134 A5=108000 A6=F6D4C PC=401C -- 00401C: movea.l (A7)+, A6
D0=C510 D1=DCC4 D2=0 D3=FFFF D4=8402BC0 D5=802180AF D6=842184AF D7=FFFF A0=3C0002 A1=101B00 A2=F6D42 A3=108F58 A4=10F1134 A5=108000 A6=108E3C PC=401E -- 00401E: btst    #$5, ($4,A4)
D0=C510 D1=DCC4 D2=0 D3=FFFF D4=8402BC0 D5=802180AF D6=842184AF D7=FFFF A0=3C0002 A1=101B00 A2=F6D42 A3=108F58 A4=10F1134 A5=108000 A6=108E3C PC=4024 -- 004024: beq     $4056
D0=C510 D1=DCC4 D2=0 D3=FFFF D4=8402BC0 D5=802180AF D6=842184AF D7=FFFF A0=3C0002 A1=101B00 A2=F6D42 A3=108F58 A4=10F1134 A5=108000 A6=108E3C PC=4056 -- 004056: tst.b   ($7c,A1)
D0=C510 D1=DCC4 D2=0 D3=FFFF D4=8402BC0 D5=802180AF D6=842184AF D7=FFFF A0=3C0002 A1=101B00 A2=F6D42 A3=108F58 A4=10F1134 A5=108000 A6=108E3C PC=405A -- 00405A: bpl     $4064
D0=C510 D1=DCC4 D2=0 D3=FFFF D4=8402BC0 D5=802180AF D6=842184AF D7=FFFF A0=3C0002 A1=101B00 A2=F6D42 A3=108F58 A4=10F1134 A5=108000 A6=108E3C PC=4064 -- 004064: movea.l (A7)+, A0
D0=C510 D1=DCC4 D2=0 D3=FFFF D4=8402BC0 D5=802180AF D6=842184AF D7=FFFF A0=108924 A1=101B00 A2=F6D42 A3=108F58 A4=10F1134 A5=108000 A6=108E3C PC=4066 -- 004066: subq.w  #1, ($e3a,A5)
D0=C510 D1=DCC4 D2=0 D3=FFFF D4=8402BC0 D5=802180AF D6=842184AF D7=FFFF A0=108924 A1=101B00 A2=F6D42 A3=108F58 A4=10F1134 A5=108000 A6=108E3C PC=406A -- 00406A: bne     $3f32
D0=C510 D1=DCC4 D2=0 D3=FFFF D4=8402BC0 D5=802180AF D6=842184AF D7=FFFF A0=108924 A1=101B00 A2=F6D42 A3=108F58 A4=10F1134 A5=108000 A6=108E3C PC=3F32 -- 003F32: move.w  (A0)+, D0
D0=1D00 D1=DCC4 D2=0 D3=FFFF D4=8402BC0 D5=802180AF D6=842184AF D7=FFFF A0=108926 A1=101B00 A2=F6D42 A3=108F58 A4=10F1134 A5=108000 A6=108E3C PC=3F34 -- 003F34: beq     $3f32
D0=1D00 D1=DCC4 D2=0 D3=FFFF D4=8402BC0 D5=802180AF D6=842184AF D7=FFFF A0=108926 A1=101B00 A2=F6D42 A3=108F58 A4=10F1134 A5=108000 A6=108E3C PC=3F36 -- 003F36: clr.w   (-$2,A0)
D0=1D00 D1=DCC4 D2=0 D3=FFFF D4=8402BC0 D5=802180AF D6=842184AF D7=FFFF A0=108926 A1=101B00 A2=F6D42 A3=108F58 A4=10F1134 A5=108000 A6=108E3C PC=3F3A -- 003F3A: move.l  A5, D1
D0=1D00 D1=108000 D2=0 D3=FFFF D4=8402BC0 D5=802180AF D6=842184AF D7=FFFF A0=108926 A1=101B00 A2=F6D42 A3=108F58 A4=10F1134 A5=108000 A6=108E3C PC=3F3C -- 003F3C: move.w  D0, D1
D0=1D00 D1=101D00 D2=0 D3=FFFF D4=8402BC0 D5=802180AF D6=842184AF D7=FFFF A0=108926 A1=101B00 A2=F6D42 A3=108F58 A4=10F1134 A5=108000 A6=108E3C PC=3F3E -- 003F3E: movea.l D1, A1
D0=1D00 D1=101D00 D2=0 D3=FFFF D4=8402BC0 D5=802180AF D6=842184AF D7=FFFF A0=108926 A1=101D00 A2=F6D42 A3=108F58 A4=10F1134 A5=108000 A6=108E3C PC=3F40 -- 003F40: movea.l ($28,A1), A2
D0=1D00 D1=101D00 D2=0 D3=FFFF D4=8402BC0 D5=802180AF D6=842184AF D7=FFFF A0=108926 A1=101D00 A2=F6D38 A3=108F58 A4=10F1134 A5=108000 A6=108E3C PC=3F44 -- 003F44: lea     $7bf48.l, A4
D0=1D00 D1=101D00 D2=0 D3=FFFF D4=8402BC0 D5=802180AF D6=842184AF D7=FFFF A0=108926 A1=101D00 A2=F6D38 A3=108F58 A4=7BF48 A5=108000 A6=108E3C PC=3F4A -- 003F4A: move.w  ($70,A1), D0
D0=1B D1=101D00 D2=0 D3=FFFF D4=8402BC0 D5=802180AF D6=842184AF D7=FFFF A0=108926 A1=101D00 A2=F6D38 A3=108F58 A4=7BF48 A5=108000 A6=108E3C PC=3F4E -- 003F4E: add.w   D0, D0
D0=36 D1=101D00 D2=0 D3=FFFF D4=8402BC0 D5=802180AF D6=842184AF D7=FFFF A0=108926 A1=101D00 A2=F6D38 A3=108F58 A4=7BF48 A5=108000 A6=108E3C PC=3F50 -- 003F50: add.w   D0, D0
D0=6C D1=101D00 D2=0 D3=FFFF D4=8402BC0 D5=802180AF D6=842184AF D7=FFFF A0=108926 A1=101D00 A2=F6D38 A3=108F58 A4=7BF48 A5=108000 A6=108E3C PC=3F52 -- 003F52: movea.l (A4,D0.w), A4
D0=6C D1=101D00 D2=0 D3=FFFF D4=8402BC0 D5=802180AF D6=842184AF D7=FFFF A0=108926 A1=101D00 A2=F6D38 A3=108F58 A4=7F5E0 A5=108000 A6=108E3C PC=3F56 -- 003F56: move.w  ($72,A1), D0
D0=3D D1=101D00 D2=0 D3=FFFF D4=8402BC0 D5=802180AF D6=842184AF D7=FFFF A0=108926 A1=101D00 A2=F6D38 A3=108F58 A4=7F5E0 A5=108000 A6=108E3C PC=3F5A -- 003F5A: add.w   D0, D0
D0=7A D1=101D00 D2=0 D3=FFFF D4=8402BC0 D5=802180AF D6=842184AF D7=FFFF A0=108926 A1=101D00 A2=F6D38 A3=108F58 A4=7F5E0 A5=108000 A6=108E3C PC=3F5C -- 003F5C: move.w  (A4,D0.w), ($46de,A5)
D0=7A D1=101D00 D2=0 D3=FFFF D4=8402BC0 D5=802180AF D6=842184AF D7=FFFF A0=108926 A1=101D00 A2=F6D38 A3=108F58 A4=7F5E0 A5=108000 A6=108E3C PC=3F62 -- 003F62: lea     $80000.l, A4
D0=7A D1=101D00 D2=0 D3=FFFF D4=8402BC0 D5=802180AF D6=842184AF D7=FFFF A0=108926 A1=101D00 A2=F6D38 A3=108F58 A4=80000 A5=108000 A6=108E3C PC=3F68 -- 003F68: move.w  ($70,A1), D0
D0=1B D1=101D00 D2=0 D3=FFFF D4=8402BC0 D5=802180AF D6=842184AF D7=FFFF A0=108926 A1=101D00 A2=F6D38 A3=108F58 A4=80000 A5=108000 A6=108E3C PC=3F6C -- 003F6C: add.w   D0, D0
D0=36 D1=101D00 D2=0 D3=FFFF D4=8402BC0 D5=802180AF D6=842184AF D7=FFFF A0=108926 A1=101D00 A2=F6D38 A3=108F58 A4=80000 A5=108000 A6=108E3C PC=3F6E -- 003F6E: add.w   D0, D0
D0=6C D1=101D00 D2=0 D3=FFFF D4=8402BC0 D5=802180AF D6=842184AF D7=FFFF A0=108926 A1=101D00 A2=F6D38 A3=108F58 A4=80000 A5=108000 A6=108E3C PC=3F70 -- 003F70: movea.l (A4,D0.w), A4
D0=6C D1=101D00 D2=0 D3=FFFF D4=8402BC0 D5=802180AF D6=842184AF D7=FFFF A0=108926 A1=101D00 A2=F6D38 A3=108F58 A4=86E00 A5=108000 A6=108E3C PC=3F74 -- 003F74: move.w  ($46de,A5), D0
D0=3D3D D1=101D00 D2=0 D3=FFFF D4=8402BC0 D5=802180AF D6=842184AF D7=FFFF A0=108926 A1=101D00 A2=F6D38 A3=108F58 A4=86E00 A5=108000 A6=108E3C PC=3F78 -- 003F78: tst.b   ($46e2,A5)
D0=3D3D D1=101D00 D2=0 D3=FFFF D4=8402BC0 D5=802180AF D6=842184AF D7=FFFF A0=108926 A1=101D00 A2=F6D38 A3=108F58 A4=86E00 A5=108000 A6=108E3C PC=3F7C -- 003F7C: beq     $3f82
D0=3D3D D1=101D00 D2=0 D3=FFFF D4=8402BC0 D5=802180AF D6=842184AF D7=FFFF A0=108926 A1=101D00 A2=F6D38 A3=108F58 A4=86E00 A5=108000 A6=108E3C PC=3F82 -- 003F82: andi.w  #$ff, D0
D0=3D D1=101D00 D2=0 D3=FFFF D4=8402BC0 D5=802180AF D6=842184AF D7=FFFF A0=108926 A1=101D00 A2=F6D38 A3=108F58 A4=86E00 A5=108000 A6=108E3C PC=3F86 -- 003F86: add.w   D0, D0
D0=7A D1=101D00 D2=0 D3=FFFF D4=8402BC0 D5=802180AF D6=842184AF D7=FFFF A0=108926 A1=101D00 A2=F6D38 A3=108F58 A4=86E00 A5=108000 A6=108E3C PC=3F88 -- 003F88: add.w   D0, D0
D0=F4 D1=101D00 D2=0 D3=FFFF D4=8402BC0 D5=802180AF D6=842184AF D7=FFFF A0=108926 A1=101D00 A2=F6D38 A3=108F58 A4=86E00 A5=108000 A6=108E3C PC=3F8A -- 003F8A: movea.l (A4,D0.w), A4
D0=F4 D1=101D00 D2=0 D3=FFFF D4=8402BC0 D5=802180AF D6=842184AF D7=FFFF A0=108926 A1=101D00 A2=F6D38 A3=108F58 A4=F313A A5=108000 A6=108E3C PC=3F8E -- 003F8E: move.w  ($74,A1), D0
D0=0 D1=101D00 D2=0 D3=FFFF D4=8402BC0 D5=802180AF D6=842184AF D7=FFFF A0=108926 A1=101D00 A2=F6D38 A3=108F58 A4=F313A A5=108000 A6=108E3C PC=3F92 -- 003F92: adda.w  D0, A4
D0=0 D1=101D00 D2=0 D3=FFFF D4=8402BC0 D5=802180AF D6=842184AF D7=FFFF A0=108926 A1=101D00 A2=F6D38 A3=108F58 A4=F313A A5=108000 A6=108E3C PC=3F94 -- 003F94: move.l  (A4), D0
D0=10F112E D1=101D00 D2=0 D3=FFFF D4=8402BC0 D5=802180AF D6=842184AF D7=FFFF A0=108926 A1=101D00 A2=F6D38 A3=108F58 A4=F313A A5=108000 A6=108E3C PC=3F96 -- 003F96: movea.l D0, A4
D0=10F112E D1=101D00 D2=0 D3=FFFF D4=8402BC0 D5=802180AF D6=842184AF D7=FFFF A0=108926 A1=101D00 A2=F6D38 A3=108F58 A4=10F112E A5=108000 A6=108E3C PC=3F98 -- 003F98: move.l  A0, -(A7)
D0=10F112E D1=101D00 D2=0 D3=FFFF D4=8402BC0 D5=802180AF D6=842184AF D7=FFFF A0=108926 A1=101D00 A2=F6D38 A3=108F58 A4=10F112E A5=108000 A6=108E3C PC=3F9A -- 003F9A: lea     $3c0002.l, A0
D0=10F112E D1=101D00 D2=0 D3=FFFF D4=8402BC0 D5=802180AF D6=842184AF D7=FFFF A0=3C0002 A1=101D00 A2=F6D38 A3=108F58 A4=10F112E A5=108000 A6=108E3C PC=3FA0 -- 003FA0: tst.b   ($7c,A1)
D0=10F112E D1=101D00 D2=0 D3=FFFF D4=8402BC0 D5=802180AF D6=842184AF D7=FFFF A0=3C0002 A1=101D00 A2=F6D38 A3=108F58 A4=10F112E A5=108000 A6=108E3C PC=3FA4 -- 003FA4: bpl     $3fc0
D0=10F112E D1=101D00 D2=0 D3=FFFF D4=8402BC0 D5=802180AF D6=842184AF D7=FFFF A0=3C0002 A1=101D00 A2=F6D38 A3=108F58 A4=10F112E A5=108000 A6=108E3C PC=3FC0 -- 003FC0: moveq   #$0, D0
D0=0 D1=101D00 D2=0 D3=FFFF D4=8402BC0 D5=802180AF D6=842184AF D7=FFFF A0=3C0002 A1=101D00 A2=F6D38 A3=108F58 A4=10F112E A5=108000 A6=108E3C PC=3FC2 -- 003FC2: move.b  (A2), D0
D0=2 D1=101D00 D2=0 D3=FFFF D4=8402BC0 D5=802180AF D6=842184AF D7=FFFF A0=3C0002 A1=101D00 A2=F6D38 A3=108F58 A4=10F112E A5=108000 A6=108E3C PC=3FC4 -- 003FC4: sub.w   D0, ($794,A5)
D0=2 D1=101D00 D2=0 D3=FFFF D4=8402BC0 D5=802180AF D6=842184AF D7=FFFF A0=3C0002 A1=101D00 A2=F6D38 A3=108F58 A4=10F112E A5=108000 A6=108E3C PC=3FC8 -- 003FC8: bcc     $3fd2
D0=2 D1=101D00 D2=0 D3=FFFF D4=8402BC0 D5=802180AF D6=842184AF D7=FFFF A0=3C0002 A1=101D00 A2=F6D38 A3=108F58 A4=10F112E A5=108000 A6=108E3C PC=3FD2 -- 003FD2: move.l  A6, -(A7)
D0=2 D1=101D00 D2=0 D3=FFFF D4=8402BC0 D5=802180AF D6=842184AF D7=FFFF A0=3C0002 A1=101D00 A2=F6D38 A3=108F58 A4=10F112E A5=108000 A6=108E3C PC=3FD4 -- 003FD4: btst    #$6, ($7c,A1)
D0=2 D1=101D00 D2=0 D3=FFFF D4=8402BC0 D5=802180AF D6=842184AF D7=FFFF A0=3C0002 A1=101D00 A2=F6D38 A3=108F58 A4=10F112E A5=108000 A6=108E3C PC=3FDA -- 003FDA: bne     $400c
D0=2 D1=101D00 D2=0 D3=FFFF D4=8402BC0 D5=802180AF D6=842184AF D7=FFFF A0=3C0002 A1=101D00 A2=F6D38 A3=108F58 A4=10F112E A5=108000 A6=108E3C PC=3FDE -- 003FDE: moveq   #$0, D1
D0=2 D1=0 D2=0 D3=FFFF D4=8402BC0 D5=802180AF D6=842184AF D7=FFFF A0=3C0002 A1=101D00 A2=F6D38 A3=108F58 A4=10F112E A5=108000 A6=108E3C PC=3FE0 -- 003FE0: move.b  ($82,A1), D1
D0=2 D1=0 D2=0 D3=FFFF D4=8402BC0 D5=802180AF D6=842184AF D7=FFFF A0=3C0002 A1=101D00 A2=F6D38 A3=108F58 A4=10F112E A5=108000 A6=108E3C PC=3FE4 -- 003FE4: add.w   D1, D1
D0=2 D1=0 D2=0 D3=FFFF D4=8402BC0 D5=802180AF D6=842184AF D7=FFFF A0=3C0002 A1=101D00 A2=F6D38 A3=108F58 A4=10F112E A5=108000 A6=108E3C PC=3FE6 -- 003FE6: add.w   D1, D1
D0=2 D1=0 D2=0 D3=FFFF D4=8402BC0 D5=802180AF D6=842184AF D7=FFFF A0=3C0002 A1=101D00 A2=F6D38 A3=108F58 A4=10F112E A5=108000 A6=108E3C PC=3FE8 -- 003FE8: move.w  ($18,A1), D0
D0=90 D1=0 D2=0 D3=FFFF D4=8402BC0 D5=802180AF D6=842184AF D7=FFFF A0=3C0002 A1=101D00 A2=F6D38 A3=108F58 A4=10F112E A5=108000 A6=108E3C PC=3FEC -- 003FEC: lea     ($104c,A5), A6
D0=90 D1=0 D2=0 D3=FFFF D4=8402BC0 D5=802180AF D6=842184AF D7=FFFF A0=3C0002 A1=101D00 A2=F6D38 A3=108F58 A4=10F112E A5=108000 A6=10904C PC=3FF0 -- 003FF0: sub.w   (A6,D1.w), D0
D0=90 D1=0 D2=0 D3=FFFF D4=8402BC0 D5=802180AF D6=842184AF D7=FFFF A0=3C0002 A1=101D00 A2=F6D38 A3=108F58 A4=10F112E A5=108000 A6=10904C PC=3FF4 -- 003FF4: move.w  D0, ($24,A1)
D0=90 D1=0 D2=0 D3=FFFF D4=8402BC0 D5=802180AF D6=842184AF D7=FFFF A0=3C0002 A1=101D00 A2=F6D38 A3=108F58 A4=10F112E A5=108000 A6=10904C PC=3FF8 -- 003FF8: move.w  ($1c,A1), D0
D0=C8 D1=0 D2=0 D3=FFFF D4=8402BC0 D5=802180AF D6=842184AF D7=FFFF A0=3C0002 A1=101D00 A2=F6D38 A3=108F58 A4=10F112E A5=108000 A6=10904C PC=3FFC -- 003FFC: sub.w   ($20,A1), D0
D0=C8 D1=0 D2=0 D3=FFFF D4=8402BC0 D5=802180AF D6=842184AF D7=FFFF A0=3C0002 A1=101D00 A2=F6D38 A3=108F58 A4=10F112E A5=108000 A6=10904C PC=4000 -- 004000: lea     ($1058,A5), A6
D0=C8 D1=0 D2=0 D3=FFFF D4=8402BC0 D5=802180AF D6=842184AF D7=FFFF A0=3C0002 A1=101D00 A2=F6D38 A3=108F58 A4=10F112E A5=108000 A6=109058 PC=4004 -- 004004: sub.w   (A6,D1.w), D0
D0=C8 D1=0 D2=0 D3=FFFF D4=8402BC0 D5=802180AF D6=842184AF D7=FFFF A0=3C0002 A1=101D00 A2=F6D38 A3=108F58 A4=10F112E A5=108000 A6=109058 PC=4008 -- 004008: move.w  D0, ($26,A1)
D0=C8 D1=0 D2=0 D3=FFFF D4=8402BC0 D5=802180AF D6=842184AF D7=FFFF A0=3C0002 A1=101D00 A2=F6D38 A3=108F58 A4=10F112E A5=108000 A6=109058 PC=400C -- 00400C: tst.b   ($3a66,A5)
D0=C8 D1=0 D2=0 D3=FFFF D4=8402BC0 D5=802180AF D6=842184AF D7=FFFF A0=3C0002 A1=101D00 A2=F6D38 A3=108F58 A4=10F112E A5=108000 A6=109058 PC=4010 -- 004010: bmi     $4018
D0=C8 D1=0 D2=0 D3=FFFF D4=8402BC0 D5=802180AF D6=842184AF D7=FFFF A0=3C0002 A1=101D00 A2=F6D38 A3=108F58 A4=10F112E A5=108000 A6=109058 PC=4012 -- 004012: bsr     $4088
D0=C8 D1=0 D2=0 D3=FFFF D4=8402BC0 D5=802180AF D6=842184AF D7=FFFF A0=3C0002 A1=101D00 A2=F6D38 A3=108F58 A4=10F112E A5=108000 A6=109058 PC=4088 -- 004088: move.w  (A4), D0
D0=10 D1=0 D2=0 D3=FFFF D4=8402BC0 D5=802180AF D6=842184AF D7=FFFF A0=3C0002 A1=101D00 A2=F6D38 A3=108F58 A4=10F112E A5=108000 A6=109058 PC=408A -- 00408A: move.b  ($31,A1), D1
D0=10 D1=0 D2=0 D3=FFFF D4=8402BC0 D5=802180AF D6=842184AF D7=FFFF A0=3C0002 A1=101D00 A2=F6D38 A3=108F58 A4=10F112E A5=108000 A6=109058 PC=408E -- 00408E: move.b  ($4,A4), D2
D0=10 D1=0 D2=0 D3=FFFF D4=8402BC0 D5=802180AF D6=842184AF D7=FFFF A0=3C0002 A1=101D00 A2=F6D38 A3=108F58 A4=10F112E A5=108000 A6=109058 PC=4092 -- 004092: rol.b   #2, D2
D0=10 D1=0 D2=0 D3=FFFF D4=8402BC0 D5=802180AF D6=842184AF D7=FFFF A0=3C0002 A1=101D00 A2=F6D38 A3=108F58 A4=10F112E A5=108000 A6=109058 PC=4094 -- 004094: eor.w   D2, D1
D0=10 D1=0 D2=0 D3=FFFF D4=8402BC0 D5=802180AF D6=842184AF D7=FFFF A0=3C0002 A1=101D00 A2=F6D38 A3=108F58 A4=10F112E A5=108000 A6=109058 PC=4096 -- 004096: andi.w  #$3, D1
D0=10 D1=0 D2=0 D3=FFFF D4=8402BC0 D5=802180AF D6=842184AF D7=FFFF A0=3C0002 A1=101D00 A2=F6D38 A3=108F58 A4=10F112E A5=108000 A6=109058 PC=409A -- 00409A: move.w  D1, ($790,A5)
D0=10 D1=0 D2=0 D3=FFFF D4=8402BC0 D5=802180AF D6=842184AF D7=FFFF A0=3C0002 A1=101D00 A2=F6D38 A3=108F58 A4=10F112E A5=108000 A6=109058 PC=409E -- 00409E: andi.w  #$1, D1
D0=10 D1=0 D2=0 D3=FFFF D4=8402BC0 D5=802180AF D6=842184AF D7=FFFF A0=3C0002 A1=101D00 A2=F6D38 A3=108F58 A4=10F112E A5=108000 A6=109058 PC=40A2 -- 0040A2: beq     $40ae
D0=10 D1=0 D2=0 D3=FFFF D4=8402BC0 D5=802180AF D6=842184AF D7=FFFF A0=3C0002 A1=101D00 A2=F6D38 A3=108F58 A4=10F112E A5=108000 A6=109058 PC=40AE -- 0040AE: moveq   #$0, D1
D0=10 D1=0 D2=0 D3=FFFF D4=8402BC0 D5=802180AF D6=842184AF D7=FFFF A0=3C0002 A1=101D00 A2=F6D38 A3=108F58 A4=10F112E A5=108000 A6=109058 PC=40B0 -- 0040B0: move.b  ($68,A1), D1
D0=10 D1=FF D2=0 D3=FFFF D4=8402BC0 D5=802180AF D6=842184AF D7=FFFF A0=3C0002 A1=101D00 A2=F6D38 A3=108F58 A4=10F112E A5=108000 A6=109058 PC=40B4 -- 0040B4: addq.w  #1, D1
D0=10 D1=100 D2=0 D3=FFFF D4=8402BC0 D5=802180AF D6=842184AF D7=FFFF A0=3C0002 A1=101D00 A2=F6D38 A3=108F58 A4=10F112E A5=108000 A6=109058 PC=40B6 -- 0040B6: muls.w  D1, D0
D0=1000 D1=100 D2=0 D3=FFFF D4=8402BC0 D5=802180AF D6=842184AF D7=FFFF A0=3C0002 A1=101D00 A2=F6D38 A3=108F58 A4=10F112E A5=108000 A6=109058 PC=40B8 -- 0040B8: lsr.l   #8, D0
D0=10 D1=100 D2=0 D3=FFFF D4=8402BC0 D5=802180AF D6=842184AF D7=FFFF A0=3C0002 A1=101D00 A2=F6D38 A3=108F58 A4=10F112E A5=108000 A6=109058 PC=40BA -- 0040BA: add.w   ($24,A1), D0
D0=A0 D1=100 D2=0 D3=FFFF D4=8402BC0 D5=802180AF D6=842184AF D7=FFFF A0=3C0002 A1=101D00 A2=F6D38 A3=108F58 A4=10F112E A5=108000 A6=109058 PC=40BE -- 0040BE: lsl.w   #7, D0
D0=5000 D1=100 D2=0 D3=FFFF D4=8402BC0 D5=802180AF D6=842184AF D7=FFFF A0=3C0002 A1=101D00 A2=F6D38 A3=108F58 A4=10F112E A5=108000 A6=109058 PC=40C0 -- 0040C0: move.w  D6, (-$2,A0)
D0=5000 D1=100 D2=0 D3=FFFF D4=8402BC0 D5=802180AF D6=842184AF D7=FFFF A0=3C0002 A1=101D00 A2=F6D38 A3=108F58 A4=10F112E A5=108000 A6=109058 PC=40C4 -- 0040C4: move.w  D0, (A0)
D0=5000 D1=100 D2=0 D3=FFFF D4=8402BC0 D5=802180AF D6=842184AF D7=FFFF A0=3C0002 A1=101D00 A2=F6D38 A3=108F58 A4=10F112E A5=108000 A6=109058 PC=40C6 -- 0040C6: moveq   #$0, D0
D0=0 D1=100 D2=0 D3=FFFF D4=8402BC0 D5=802180AF D6=842184AF D7=FFFF A0=3C0002 A1=101D00 A2=F6D38 A3=108F58 A4=10F112E A5=108000 A6=109058 PC=40C8 -- 0040C8: move.b  (A2), D0
D0=2 D1=100 D2=0 D3=FFFF D4=8402BC0 D5=802180AF D6=842184AF D7=FFFF A0=3C0002 A1=101D00 A2=F6D38 A3=108F58 A4=10F112E A5=108000 A6=109058 PC=40CA -- 0040CA: add.w   D0, D6
D0=2 D1=100 D2=0 D3=FFFF D4=8402BC0 D5=802180AF D6=842184B1 D7=FFFF A0=3C0002 A1=101D00 A2=F6D38 A3=108F58 A4=10F112E A5=108000 A6=109058 PC=40CC -- 0040CC: move.w  ($2,A4), D0
D0=FFF7 D1=100 D2=0 D3=FFFF D4=8402BC0 D5=802180AF D6=842184B1 D7=FFFF A0=3C0002 A1=101D00 A2=F6D38 A3=108F58 A4=10F112E A5=108000 A6=109058 PC=40D0 -- 0040D0: btst    #$1, ($791,A5)
D0=FFF7 D1=100 D2=0 D3=FFFF D4=8402BC0 D5=802180AF D6=842184B1 D7=FFFF A0=3C0002 A1=101D00 A2=F6D38 A3=108F58 A4=10F112E A5=108000 A6=109058 PC=40D6 -- 0040D6: beq     $40e4
D0=FFF7 D1=100 D2=0 D3=FFFF D4=8402BC0 D5=802180AF D6=842184B1 D7=FFFF A0=3C0002 A1=101D00 A2=F6D38 A3=108F58 A4=10F112E A5=108000 A6=109058 PC=40E4 -- 0040E4: moveq   #$0, D1
D0=FFF7 D1=0 D2=0 D3=FFFF D4=8402BC0 D5=802180AF D6=842184B1 D7=FFFF A0=3C0002 A1=101D00 A2=F6D38 A3=108F58 A4=10F112E A5=108000 A6=109058 PC=40E6 -- 0040E6: move.b  ($69,A1), D1
D0=FFF7 D1=FF D2=0 D3=FFFF D4=8402BC0 D5=802180AF D6=842184B1 D7=FFFF A0=3C0002 A1=101D00 A2=F6D38 A3=108F58 A4=10F112E A5=108000 A6=109058 PC=40EA -- 0040EA: addq.w  #1, D1
D0=FFF7 D1=100 D2=0 D3=FFFF D4=8402BC0 D5=802180AF D6=842184B1 D7=FFFF A0=3C0002 A1=101D00 A2=F6D38 A3=108F58 A4=10F112E A5=108000 A6=109058 PC=40EC -- 0040EC: muls.w  D1, D0
D0=FFFFF700 D1=100 D2=0 D3=FFFF D4=8402BC0 D5=802180AF D6=842184B1 D7=FFFF A0=3C0002 A1=101D00 A2=F6D38 A3=108F58 A4=10F112E A5=108000 A6=109058 PC=40EE -- 0040EE: lsr.l   #8, D0
D0=FFFFF7 D1=100 D2=0 D3=FFFF D4=8402BC0 D5=802180AF D6=842184B1 D7=FFFF A0=3C0002 A1=101D00 A2=F6D38 A3=108F58 A4=10F112E A5=108000 A6=109058 PC=40F0 -- 0040F0: add.w   ($26,A1), D0
D0=FF00BF D1=100 D2=0 D3=FFFF D4=8402BC0 D5=802180AF D6=842184B1 D7=FFFF A0=3C0002 A1=101D00 A2=F6D38 A3=108F58 A4=10F112E A5=108000 A6=109058 PC=40F4 -- 0040F4: neg.w   D0
D0=FFFF41 D1=100 D2=0 D3=FFFF D4=8402BC0 D5=802180AF D6=842184B1 D7=FFFF A0=3C0002 A1=101D00 A2=F6D38 A3=108F58 A4=10F112E A5=108000 A6=109058 PC=40F6 -- 0040F6: addi.w  #$1ff, D0
D0=FF0140 D1=100 D2=0 D3=FFFF D4=8402BC0 D5=802180AF D6=842184B1 D7=FFFF A0=3C0002 A1=101D00 A2=F6D38 A3=108F58 A4=10F112E A5=108000 A6=109058 PC=40FA -- 0040FA: lsl.w   #7, D0
D0=FFA000 D1=100 D2=0 D3=FFFF D4=8402BC0 D5=802180AF D6=842184B1 D7=FFFF A0=3C0002 A1=101D00 A2=F6D38 A3=108F58 A4=10F112E A5=108000 A6=109058 PC=40FC -- 0040FC: bsr     $4772
D0=FFA000 D1=100 D2=0 D3=FFFF D4=8402BC0 D5=802180AF D6=842184B1 D7=FFFF A0=3C0002 A1=101D00 A2=F6D38 A3=108F58 A4=10F112E A5=108000 A6=109058 PC=4772 -- 004772: move.w  D0, -(A7)
D0=FFA000 D1=100 D2=0 D3=FFFF D4=8402BC0 D5=802180AF D6=842184B1 D7=FFFF A0=3C0002 A1=101D00 A2=F6D38 A3=108F58 A4=10F112E A5=108000 A6=109058 PC=4774 -- 004774: moveq   #-$1, D0
D0=FFFFFFFF D1=100 D2=0 D3=FFFF D4=8402BC0 D5=802180AF D6=842184B1 D7=FFFF A0=3C0002 A1=101D00 A2=F6D38 A3=108F58 A4=10F112E A5=108000 A6=109058 PC=4776 -- 004776: moveq   #$0, D1
D0=FFFFFFFF D1=0 D2=0 D3=FFFF D4=8402BC0 D5=802180AF D6=842184B1 D7=FFFF A0=3C0002 A1=101D00 A2=F6D38 A3=108F58 A4=10F112E A5=108000 A6=109058 PC=4778 -- 004778: move.b  ($1,A2), D1
D0=FFFFFFFF D1=2 D2=0 D3=FFFF D4=8402BC0 D5=802180AF D6=842184B1 D7=FFFF A0=3C0002 A1=101D00 A2=F6D38 A3=108F58 A4=10F112E A5=108000 A6=109058 PC=477C -- 00477C: cmpi.b  #-$1, ($69,A1)
D0=FFFFFFFF D1=2 D2=0 D3=FFFF D4=8402BC0 D5=802180AF D6=842184B1 D7=FFFF A0=3C0002 A1=101D00 A2=F6D38 A3=108F58 A4=10F112E A5=108000 A6=109058 PC=4782 -- 004782: beq     $47b4
D0=FFFFFFFF D1=2 D2=0 D3=FFFF D4=8402BC0 D5=802180AF D6=842184B1 D7=FFFF A0=3C0002 A1=101D00 A2=F6D38 A3=108F58 A4=10F112E A5=108000 A6=109058 PC=47B4 -- 0047B4: move.b  D0, ($78f,A5)
D0=FFFFFFFF D1=2 D2=0 D3=FFFF D4=8402BC0 D5=802180AF D6=842184B1 D7=FFFF A0=3C0002 A1=101D00 A2=F6D38 A3=108F58 A4=10F112E A5=108000 A6=109058 PC=47B8 -- 0047B8: move.b  D1, ($78e,A5)
D0=FFFFFFFF D1=2 D2=0 D3=FFFF D4=8402BC0 D5=802180AF D6=842184B1 D7=FFFF A0=3C0002 A1=101D00 A2=F6D38 A3=108F58 A4=10F112E A5=108000 A6=109058 PC=47BC -- 0047BC: move.w  (A7)+, D0
D0=FFFFA000 D1=2 D2=0 D3=FFFF D4=8402BC0 D5=802180AF D6=842184B1 D7=FFFF A0=3C0002 A1=101D00 A2=F6D38 A3=108F58 A4=10F112E A5=108000 A6=109058 PC=47BE -- 0047BE: rts
D0=FFFFA000 D1=2 D2=0 D3=FFFF D4=8402BC0 D5=802180AF D6=842184B1 D7=FFFF A0=3C0002 A1=101D00 A2=F6D38 A3=108F58 A4=10F112E A5=108000 A6=109058 PC=4100 -- 004100: add.b   ($78e,A5), D0
D0=FFFFA002 D1=2 D2=0 D3=FFFF D4=8402BC0 D5=802180AF D6=842184B1 D7=FFFF A0=3C0002 A1=101D00 A2=F6D38 A3=108F58 A4=10F112E A5=108000 A6=109058 PC=4104 -- 004104: move.w  D0, (A3)+
D0=FFFFA002 D1=2 D2=0 D3=FFFF D4=8402BC0 D5=802180AF D6=842184B1 D7=FFFF A0=3C0002 A1=101D00 A2=F6D38 A3=108F5A A4=10F112E A5=108000 A6=109058 PC=4106 -- 004106: moveq   #$0, D0
D0=0 D1=2 D2=0 D3=FFFF D4=8402BC0 D5=802180AF D6=842184B1 D7=FFFF A0=3C0002 A1=101D00 A2=F6D38 A3=108F5A A4=10F112E A5=108000 A6=109058 PC=4108 -- 004108: move.b  (A2), D0
D0=2 D1=2 D2=0 D3=FFFF D4=8402BC0 D5=802180AF D6=842184B1 D7=FFFF A0=3C0002 A1=101D00 A2=F6D38 A3=108F5A A4=10F112E A5=108000 A6=109058 PC=410A -- 00410A: subq.b  #2, D0
D0=0 D1=2 D2=0 D3=FFFF D4=8402BC0 D5=802180AF D6=842184B1 D7=FFFF A0=3C0002 A1=101D00 A2=F6D38 A3=108F5A A4=10F112E A5=108000 A6=109058 PC=410C -- 00410C: bmi     $4118
D0=0 D1=2 D2=0 D3=FFFF D4=8402BC0 D5=802180AF D6=842184B1 D7=FFFF A0=3C0002 A1=101D00 A2=F6D38 A3=108F5A A4=10F112E A5=108000 A6=109058 PC=410E -- 00410E: move.w  #$40, D1
D0=0 D1=40 D2=0 D3=FFFF D4=8402BC0 D5=802180AF D6=842184B1 D7=FFFF A0=3C0002 A1=101D00 A2=F6D38 A3=108F5A A4=10F112E A5=108000 A6=109058 PC=4112 -- 004112: move.w  D1, (A3)+
D0=0 D1=40 D2=0 D3=FFFF D4=8402BC0 D5=802180AF D6=842184B1 D7=FFFF A0=3C0002 A1=101D00 A2=F6D38 A3=108F5C A4=10F112E A5=108000 A6=109058 PC=4114 -- 004114: dbra    D0, $4112
D0=FFFF D1=40 D2=0 D3=FFFF D4=8402BC0 D5=802180AF D6=842184B1 D7=FFFF A0=3C0002 A1=101D00 A2=F6D38 A3=108F5C A4=10F112E A5=108000 A6=109058 PC=4118 -- 004118: move.w  #$1, ($2,A0)
D0=FFFF D1=40 D2=0 D3=FFFF D4=8402BC0 D5=802180AF D6=842184B1 D7=FFFF A0=3C0002 A1=101D00 A2=F6D38 A3=108F5C A4=10F112E A5=108000 A6=109058 PC=411E -- 00411E: move.w  D5, (-$2,A0)
D0=FFFF D1=40 D2=0 D3=FFFF D4=8402BC0 D5=802180AF D6=842184B1 D7=FFFF A0=3C0002 A1=101D00 A2=F6D38 A3=108F5C A4=10F112E A5=108000 A6=109058 PC=4122 -- 004122: moveq   #$0, D1
D0=FFFF D1=0 D2=0 D3=FFFF D4=8402BC0 D5=802180AF D6=842184B1 D7=FFFF A0=3C0002 A1=101D00 A2=F6D38 A3=108F5C A4=10F112E A5=108000 A6=109058 PC=4124 -- 004124: move.b  ($68,A1), D0
D0=FFFF D1=0 D2=0 D3=FFFF D4=8402BC0 D5=802180AF D6=842184B1 D7=FFFF A0=3C0002 A1=101D00 A2=F6D38 A3=108F5C A4=10F112E A5=108000 A6=109058 PC=4128 -- 004128: move.b  D0, D1
D0=FFFF D1=FF D2=0 D3=FFFF D4=8402BC0 D5=802180AF D6=842184B1 D7=FFFF A0=3C0002 A1=101D00 A2=F6D38 A3=108F5C A4=10F112E A5=108000 A6=109058 PC=412A -- 00412A: andi.w  #$f, D0
D0=F D1=FF D2=0 D3=FFFF D4=8402BC0 D5=802180AF D6=842184B1 D7=FFFF A0=3C0002 A1=101D00 A2=F6D38 A3=108F5C A4=10F112E A5=108000 A6=109058 PC=412E -- 00412E: lsr.b   #4, D1
D0=F D1=F D2=0 D3=FFFF D4=8402BC0 D5=802180AF D6=842184B1 D7=FFFF A0=3C0002 A1=101D00 A2=F6D38 A3=108F5C A4=10F112E A5=108000 A6=109058 PC=4130 -- 004130: tst.b   D1
D0=F D1=F D2=0 D3=FFFF D4=8402BC0 D5=802180AF D6=842184B1 D7=FFFF A0=3C0002 A1=101D00 A2=F6D38 A3=108F5C A4=10F112E A5=108000 A6=109058 PC=4132 -- 004132: beq     $4164
D0=F D1=F D2=0 D3=FFFF D4=8402BC0 D5=802180AF D6=842184B1 D7=FFFF A0=3C0002 A1=101D00 A2=F6D38 A3=108F5C A4=10F112E A5=108000 A6=109058 PC=4134 -- 004134: lea     $4f9d2.l, A6
D0=F D1=F D2=0 D3=FFFF D4=8402BC0 D5=802180AF D6=842184B1 D7=FFFF A0=3C0002 A1=101D00 A2=F6D38 A3=108F5C A4=10F112E A5=108000 A6=4F9D2 PC=413A -- 00413A: lsl.w   #5, D0
D0=1E0 D1=F D2=0 D3=FFFF D4=8402BC0 D5=802180AF D6=842184B1 D7=FFFF A0=3C0002 A1=101D00 A2=F6D38 A3=108F5C A4=10F112E A5=108000 A6=4F9D2 PC=413C -- 00413C: adda.w  D0, A6
D0=1E0 D1=F D2=0 D3=FFFF D4=8402BC0 D5=802180AF D6=842184B1 D7=FFFF A0=3C0002 A1=101D00 A2=F6D38 A3=108F5C A4=10F112E A5=108000 A6=4FBB2 PC=413E -- 00413E: moveq   #$f, D0
D0=F D1=F D2=0 D3=FFFF D4=8402BC0 D5=802180AF D6=842184B1 D7=FFFF A0=3C0002 A1=101D00 A2=F6D38 A3=108F5C A4=10F112E A5=108000 A6=4FBB2 PC=4140 -- 004140: moveq   #$0, D2
D0=F D1=F D2=0 D3=FFFF D4=8402BC0 D5=802180AF D6=842184B1 D7=FFFF A0=3C0002 A1=101D00 A2=F6D38 A3=108F5C A4=10F112E A5=108000 A6=4FBB2 PC=4142 -- 004142: move.b  (A2), D2
D0=F D1=F D2=2 D3=FFFF D4=8402BC0 D5=802180AF D6=842184B1 D7=FFFF A0=3C0002 A1=101D00 A2=F6D38 A3=108F5C A4=10F112E A5=108000 A6=4FBB2 PC=4144 -- 004144: lsr.w   #1, D2
D0=F D1=F D2=1 D3=FFFF D4=8402BC0 D5=802180AF D6=842184B1 D7=FFFF A0=3C0002 A1=101D00 A2=F6D38 A3=108F5C A4=10F112E A5=108000 A6=4FBB2 PC=4146 -- 004146: sub.w   D2, D0
D0=E D1=F D2=1 D3=FFFF D4=8402BC0 D5=802180AF D6=842184B1 D7=FFFF A0=3C0002 A1=101D00 A2=F6D38 A3=108F5C A4=10F112E A5=108000 A6=4FBB2 PC=4148 -- 004148: adda.l  D0, A6
D0=E D1=F D2=1 D3=FFFF D4=8402BC0 D5=802180AF D6=842184B1 D7=FFFF A0=3C0002 A1=101D00 A2=F6D38 A3=108F5C A4=10F112E A5=108000 A6=4FBC0 PC=414A -- 00414A: move.b  (A2), D0
D0=2 D1=F D2=1 D3=FFFF D4=8402BC0 D5=802180AF D6=842184B1 D7=FFFF A0=3C0002 A1=101D00 A2=F6D38 A3=108F5C A4=10F112E A5=108000 A6=4FBC0 PC=414C -- 00414C: add.w   D0, D5
D0=2 D1=F D2=1 D3=FFFF D4=8402BC0 D5=802180B1 D6=842184B1 D7=FFFF A0=3C0002 A1=101D00 A2=F6D38 A3=108F5C A4=10F112E A5=108000 A6=4FBC0 PC=414E -- 00414E: subq.b  #1, D0
D0=1 D1=F D2=1 D3=FFFF D4=8402BC0 D5=802180B1 D6=842184B1 D7=FFFF A0=3C0002 A1=101D00 A2=F6D38 A3=108F5C A4=10F112E A5=108000 A6=4FBC0 PC=4150 -- 004150: move.b  D1, D2
D0=1 D1=F D2=F D3=FFFF D4=8402BC0 D5=802180B1 D6=842184B1 D7=FFFF A0=3C0002 A1=101D00 A2=F6D38 A3=108F5C A4=10F112E A5=108000 A6=4FBC0 PC=4152 -- 004152: sub.b   (A6)+, D2
D0=1 D1=F D2=F D3=FFFF D4=8402BC0 D5=802180B1 D6=842184B1 D7=FFFF A0=3C0002 A1=101D00 A2=F6D38 A3=108F5C A4=10F112E A5=108000 A6=4FBC1 PC=4154 -- 004154: lsl.w   #8, D2
D0=1 D1=F D2=F00 D3=FFFF D4=8402BC0 D5=802180B1 D6=842184B1 D7=FFFF A0=3C0002 A1=101D00 A2=F6D38 A3=108F5C A4=10F112E A5=108000 A6=4FBC1 PC=4156 -- 004156: move.b  ($69,A1), D2
D0=1 D1=F D2=FFF D3=FFFF D4=8402BC0 D5=802180B1 D6=842184B1 D7=FFFF A0=3C0002 A1=101D00 A2=F6D38 A3=108F5C A4=10F112E A5=108000 A6=4FBC1 PC=415A -- 00415A: move.w  D2, (A0)
D0=1 D1=F D2=FFF D3=FFFF D4=8402BC0 D5=802180B1 D6=842184B1 D7=FFFF A0=3C0002 A1=101D00 A2=F6D38 A3=108F5C A4=10F112E A5=108000 A6=4FBC1 PC=415C -- 00415C: dbra    D0, $4150
D0=0 D1=F D2=FFF D3=FFFF D4=8402BC0 D5=802180B1 D6=842184B1 D7=FFFF A0=3C0002 A1=101D00 A2=F6D38 A3=108F5C A4=10F112E A5=108000 A6=4FBC1 PC=4150 -- 004150: move.b  D1, D2
D0=0 D1=F D2=F0F D3=FFFF D4=8402BC0 D5=802180B1 D6=842184B1 D7=FFFF A0=3C0002 A1=101D00 A2=F6D38 A3=108F5C A4=10F112E A5=108000 A6=4FBC1 PC=4152 -- 004152: sub.b   (A6)+, D2
D0=0 D1=F D2=F0F D3=FFFF D4=8402BC0 D5=802180B1 D6=842184B1 D7=FFFF A0=3C0002 A1=101D00 A2=F6D38 A3=108F5C A4=10F112E A5=108000 A6=4FBC2 PC=4154 -- 004154: lsl.w   #8, D2
D0=0 D1=F D2=F00 D3=FFFF D4=8402BC0 D5=802180B1 D6=842184B1 D7=FFFF A0=3C0002 A1=101D00 A2=F6D38 A3=108F5C A4=10F112E A5=108000 A6=4FBC2 PC=4156 -- 004156: move.b  ($69,A1), D2
D0=0 D1=F D2=FFF D3=FFFF D4=8402BC0 D5=802180B1 D6=842184B1 D7=FFFF A0=3C0002 A1=101D00 A2=F6D38 A3=108F5C A4=10F112E A5=108000 A6=4FBC2 PC=415A -- 00415A: move.w  D2, (A0)
D0=0 D1=F D2=FFF D3=FFFF D4=8402BC0 D5=802180B1 D6=842184B1 D7=FFFF A0=3C0002 A1=101D00 A2=F6D38 A3=108F5C A4=10F112E A5=108000 A6=4FBC2 PC=415C -- 00415C: dbra    D0, $4150
D0=FFFF D1=F D2=FFF D3=FFFF D4=8402BC0 D5=802180B1 D6=842184B1 D7=FFFF A0=3C0002 A1=101D00 A2=F6D38 A3=108F5C A4=10F112E A5=108000 A6=4FBC2 PC=4160 -- 004160: bra     $4178
D0=FFFF D1=F D2=FFF D3=FFFF D4=8402BC0 D5=802180B1 D6=842184B1 D7=FFFF A0=3C0002 A1=101D00 A2=F6D38 A3=108F5C A4=10F112E A5=108000 A6=4FBC2 PC=4178 -- 004178: move.b  ($2,A2), D0
D0=FFC4 D1=F D2=FFF D3=FFFF D4=8402BC0 D5=802180B1 D6=842184B1 D7=FFFF A0=3C0002 A1=101D00 A2=F6D38 A3=108F5C A4=10F112E A5=108000 A6=4FBC2 PC=417C -- 00417C: tst.b   ($80,A1)
D0=FFC4 D1=F D2=FFF D3=FFFF D4=8402BC0 D5=802180B1 D6=842184B1 D7=FFFF A0=3C0002 A1=101D00 A2=F6D38 A3=108F5C A4=10F112E A5=108000 A6=4FBC2 PC=4180 -- 004180: beq     $4188
D0=FFC4 D1=F D2=FFF D3=FFFF D4=8402BC0 D5=802180B1 D6=842184B1 D7=FFFF A0=3C0002 A1=101D00 A2=F6D38 A3=108F5C A4=10F112E A5=108000 A6=4FBC2 PC=4188 -- 004188: add.b   ($30,A1), D0
D0=FFC4 D1=F D2=FFF D3=FFFF D4=8402BC0 D5=802180B1 D6=842184B1 D7=FFFF A0=3C0002 A1=101D00 A2=F6D38 A3=108F5C A4=10F112E A5=108000 A6=4FBC2 PC=418C -- 00418C: lsl.w   #8, D0
D0=C400 D1=F D2=FFF D3=FFFF D4=8402BC0 D5=802180B1 D6=842184B1 D7=FFFF A0=3C0002 A1=101D00 A2=F6D38 A3=108F5C A4=10F112E A5=108000 A6=4FBC2 PC=418E -- 00418E: tst.b   ($3,A2)
D0=C400 D1=F D2=FFF D3=FFFF D4=8402BC0 D5=802180B1 D6=842184B1 D7=FFFF A0=3C0002 A1=101D00 A2=F6D38 A3=108F5C A4=10F112E A5=108000 A6=4FBC2 PC=4192 -- 004192: beq     $4198
D0=C400 D1=F D2=FFF D3=FFFF D4=8402BC0 D5=802180B1 D6=842184B1 D7=FFFF A0=3C0002 A1=101D00 A2=F6D38 A3=108F5C A4=10F112E A5=108000 A6=4FBC2 PC=4194 -- 004194: move.b  #$10, D0
D0=C410 D1=F D2=FFF D3=FFFF D4=8402BC0 D5=802180B1 D6=842184B1 D7=FFFF A0=3C0002 A1=101D00 A2=F6D38 A3=108F5C A4=10F112E A5=108000 A6=4FBC2 PC=4198 -- 004198: move.w  ($4,A2), D1
D0=C410 D1=DCBC D2=FFF D3=FFFF D4=8402BC0 D5=802180B1 D6=842184B1 D7=FFFF A0=3C0002 A1=101D00 A2=F6D38 A3=108F5C A4=10F112E A5=108000 A6=4FBC2 PC=419C -- 00419C: moveq   #$0, D3
D0=C410 D1=DCBC D2=FFF D3=0 D4=8402BC0 D5=802180B1 D6=842184B1 D7=FFFF A0=3C0002 A1=101D00 A2=F6D38 A3=108F5C A4=10F112E A5=108000 A6=4FBC2 PC=419E -- 00419E: move.b  (A2), D3
D0=C410 D1=DCBC D2=FFF D3=2 D4=8402BC0 D5=802180B1 D6=842184B1 D7=FFFF A0=3C0002 A1=101D00 A2=F6D38 A3=108F5C A4=10F112E A5=108000 A6=4FBC2 PC=41A0 -- 0041A0: subq.b  #1, D3
D0=C410 D1=DCBC D2=FFF D3=1 D4=8402BC0 D5=802180B1 D6=842184B1 D7=FFFF A0=3C0002 A1=101D00 A2=F6D38 A3=108F5C A4=10F112E A5=108000 A6=4FBC2 PC=41A2 -- 0041A2: move.w  ($790,A5), D7
D0=C410 D1=DCBC D2=FFF D3=1 D4=8402BC0 D5=802180B1 D6=842184B1 D7=0 A0=3C0002 A1=101D00 A2=F6D38 A3=108F5C A4=10F112E A5=108000 A6=4FBC2 PC=41A6 -- 0041A6: add.w   D7, D7
D0=C410 D1=DCBC D2=FFF D3=1 D4=8402BC0 D5=802180B1 D6=842184B1 D7=0 A0=3C0002 A1=101D00 A2=F6D38 A3=108F5C A4=10F112E A5=108000 A6=4FBC2 PC=41A8 -- 0041A8: add.w   D7, D7
D0=C410 D1=DCBC D2=FFF D3=1 D4=8402BC0 D5=802180B1 D6=842184B1 D7=0 A0=3C0002 A1=101D00 A2=F6D38 A3=108F5C A4=10F112E A5=108000 A6=4FBC2 PC=41AA -- 0041AA: movea.l ($4,PC,D7.w), A6
D0=C410 D1=DCBC D2=FFF D3=1 D4=8402BC0 D5=802180B1 D6=842184B1 D7=0 A0=3C0002 A1=101D00 A2=F6D38 A3=108F5C A4=10F112E A5=108000 A6=428C PC=41AE -- 0041AE: jmp     (A6)
D0=C410 D1=DCBC D2=FFF D3=1 D4=8402BC0 D5=802180B1 D6=842184B1 D7=0 A0=3C0002 A1=101D00 A2=F6D38 A3=108F5C A4=10F112E A5=108000 A6=428C PC=428C -- 00428C: lea     ($6,A2), A6
D0=C410 D1=DCBC D2=FFF D3=1 D4=8402BC0 D5=802180B1 D6=842184B1 D7=0 A0=3C0002 A1=101D00 A2=F6D38 A3=108F5C A4=10F112E A5=108000 A6=F6D3E PC=4290 -- 004290: move.w  #$1, ($2,A0)
D0=C410 D1=DCBC D2=FFF D3=1 D4=8402BC0 D5=802180B1 D6=842184B1 D7=0 A0=3C0002 A1=101D00 A2=F6D38 A3=108F5C A4=10F112E A5=108000 A6=F6D3E PC=4296 -- 004296: moveq   #$0, D7
D0=C410 D1=DCBC D2=FFF D3=1 D4=8402BC0 D5=802180B1 D6=842184B1 D7=0 A0=3C0002 A1=101D00 A2=F6D38 A3=108F5C A4=10F112E A5=108000 A6=F6D3E PC=4298 -- 004298: move.b  ($1,A2), D7
D0=C410 D1=DCBC D2=FFF D3=1 D4=8402BC0 D5=802180B1 D6=842184B1 D7=2 A0=3C0002 A1=101D00 A2=F6D38 A3=108F5C A4=10F112E A5=108000 A6=F6D3E PC=429C -- 00429C: subq.b  #1, D7
D0=C410 D1=DCBC D2=FFF D3=1 D4=8402BC0 D5=802180B1 D6=842184B1 D7=1 A0=3C0002 A1=101D00 A2=F6D38 A3=108F5C A4=10F112E A5=108000 A6=F6D3E PC=429E -- 00429E: move.w  (A6)+, D2
D0=C410 D1=DCBC D2=C000 D3=1 D4=8402BC0 D5=802180B1 D6=842184B1 D7=1 A0=3C0002 A1=101D00 A2=F6D38 A3=108F5C A4=10F112E A5=108000 A6=F6D40 PC=42A0 -- 0042A0: move.w  D4, (-$2,A0)
D0=C410 D1=DCBC D2=C000 D3=1 D4=8402BC0 D5=802180B1 D6=842184B1 D7=1 A0=3C0002 A1=101D00 A2=F6D38 A3=108F5C A4=10F112E A5=108000 A6=F6D40 PC=42A4 -- 0042A4: add.w   D2, D2
D0=C410 D1=DCBC D2=8000 D3=1 D4=8402BC0 D5=802180B1 D6=842184B1 D7=1 A0=3C0002 A1=101D00 A2=F6D38 A3=108F5C A4=10F112E A5=108000 A6=F6D40 PC=42A6 -- 0042A6: bcc     $42b8
D0=C410 D1=DCBC D2=8000 D3=1 D4=8402BC0 D5=802180B1 D6=842184B1 D7=1 A0=3C0002 A1=101D00 A2=F6D38 A3=108F5C A4=10F112E A5=108000 A6=F6D40 PC=42A8 -- 0042A8: move.w  D1, (A0)
D0=C410 D1=DCBC D2=8000 D3=1 D4=8402BC0 D5=802180B1 D6=842184B1 D7=1 A0=3C0002 A1=101D00 A2=F6D38 A3=108F5C A4=10F112E A5=108000 A6=F6D40 PC=42AA -- 0042AA: nop
D0=C410 D1=DCBC D2=8000 D3=1 D4=8402BC0 D5=802180B1 D6=842184B1 D7=1 A0=3C0002 A1=101D00 A2=F6D38 A3=108F5C A4=10F112E A5=108000 A6=F6D40 PC=42AC -- 0042AC: move.w  D0, (A0)
D0=C410 D1=DCBC D2=8000 D3=1 D4=8402BC0 D5=802180B1 D6=842184B1 D7=1 A0=3C0002 A1=101D00 A2=F6D38 A3=108F5C A4=10F112E A5=108000 A6=F6D40 PC=42AE -- 0042AE: addq.w  #1, D1
D0=C410 D1=DCBD D2=8000 D3=1 D4=8402BC0 D5=802180B1 D6=842184B1 D7=1 A0=3C0002 A1=101D00 A2=F6D38 A3=108F5C A4=10F112E A5=108000 A6=F6D40 PC=42B0 -- 0042B0: bcc     $42c0
D0=C410 D1=DCBD D2=8000 D3=1 D4=8402BC0 D5=802180B1 D6=842184B1 D7=1 A0=3C0002 A1=101D00 A2=F6D38 A3=108F5C A4=10F112E A5=108000 A6=F6D40 PC=42C0 -- 0042C0: dbra    D7, $42a4
D0=C410 D1=DCBD D2=8000 D3=1 D4=8402BC0 D5=802180B1 D6=842184B1 D7=0 A0=3C0002 A1=101D00 A2=F6D38 A3=108F5C A4=10F112E A5=108000 A6=F6D40 PC=42A4 -- 0042A4: add.w   D2, D2
D0=C410 D1=DCBD D2=0 D3=1 D4=8402BC0 D5=802180B1 D6=842184B1 D7=0 A0=3C0002 A1=101D00 A2=F6D38 A3=108F5C A4=10F112E A5=108000 A6=F6D40 PC=42A6 -- 0042A6: bcc     $42b8
D0=C410 D1=DCBD D2=0 D3=1 D4=8402BC0 D5=802180B1 D6=842184B1 D7=0 A0=3C0002 A1=101D00 A2=F6D38 A3=108F5C A4=10F112E A5=108000 A6=F6D40 PC=42A8 -- 0042A8: move.w  D1, (A0)
D0=C410 D1=DCBD D2=0 D3=1 D4=8402BC0 D5=802180B1 D6=842184B1 D7=0 A0=3C0002 A1=101D00 A2=F6D38 A3=108F5C A4=10F112E A5=108000 A6=F6D40 PC=42AA -- 0042AA: nop
D0=C410 D1=DCBD D2=0 D3=1 D4=8402BC0 D5=802180B1 D6=842184B1 D7=0 A0=3C0002 A1=101D00 A2=F6D38 A3=108F5C A4=10F112E A5=108000 A6=F6D40 PC=42AC -- 0042AC: move.w  D0, (A0)
D0=C410 D1=DCBD D2=0 D3=1 D4=8402BC0 D5=802180B1 D6=842184B1 D7=0 A0=3C0002 A1=101D00 A2=F6D38 A3=108F5C A4=10F112E A5=108000 A6=F6D40 PC=42AE -- 0042AE: addq.w  #1, D1
D0=C410 D1=DCBE D2=0 D3=1 D4=8402BC0 D5=802180B1 D6=842184B1 D7=0 A0=3C0002 A1=101D00 A2=F6D38 A3=108F5C A4=10F112E A5=108000 A6=F6D40 PC=42B0 -- 0042B0: bcc     $42c0
D0=C410 D1=DCBE D2=0 D3=1 D4=8402BC0 D5=802180B1 D6=842184B1 D7=0 A0=3C0002 A1=101D00 A2=F6D38 A3=108F5C A4=10F112E A5=108000 A6=F6D40 PC=42C0 -- 0042C0: dbra    D7, $42a4
D0=C410 D1=DCBE D2=0 D3=1 D4=8402BC0 D5=802180B1 D6=842184B1 D7=FFFF A0=3C0002 A1=101D00 A2=F6D38 A3=108F5C A4=10F112E A5=108000 A6=F6D40 PC=42C4 -- 0042C4: bsr     $47c0
D0=C410 D1=DCBE D2=0 D3=1 D4=8402BC0 D5=802180B1 D6=842184B1 D7=FFFF A0=3C0002 A1=101D00 A2=F6D38 A3=108F5C A4=10F112E A5=108000 A6=F6D40 PC=47C0 -- 0047C0: tst.b   ($78f,A5)
D0=C410 D1=DCBE D2=0 D3=1 D4=8402BC0 D5=802180B1 D6=842184B1 D7=FFFF A0=3C0002 A1=101D00 A2=F6D38 A3=108F5C A4=10F112E A5=108000 A6=F6D40 PC=47C4 -- 0047C4: bpl     $47c8
D0=C410 D1=DCBE D2=0 D3=1 D4=8402BC0 D5=802180B1 D6=842184B1 D7=FFFF A0=3C0002 A1=101D00 A2=F6D38 A3=108F5C A4=10F112E A5=108000 A6=F6D40 PC=47C6 -- 0047C6: rts
D0=C410 D1=DCBE D2=0 D3=1 D4=8402BC0 D5=802180B1 D6=842184B1 D7=FFFF A0=3C0002 A1=101D00 A2=F6D38 A3=108F5C A4=10F112E A5=108000 A6=F6D40 PC=42C8 -- 0042C8: addi.w  #$40, D4
D0=C410 D1=DCBE D2=0 D3=1 D4=8402C00 D5=802180B1 D6=842184B1 D7=FFFF A0=3C0002 A1=101D00 A2=F6D38 A3=108F5C A4=10F112E A5=108000 A6=F6D40 PC=42CC -- 0042CC: dbra    D3, $4296
D0=C410 D1=DCBE D2=0 D3=0 D4=8402C00 D5=802180B1 D6=842184B1 D7=FFFF A0=3C0002 A1=101D00 A2=F6D38 A3=108F5C A4=10F112E A5=108000 A6=F6D40 PC=4296 -- 004296: moveq   #$0, D7
D0=C410 D1=DCBE D2=0 D3=0 D4=8402C00 D5=802180B1 D6=842184B1 D7=0 A0=3C0002 A1=101D00 A2=F6D38 A3=108F5C A4=10F112E A5=108000 A6=F6D40 PC=4298 -- 004298: move.b  ($1,A2), D7
D0=C410 D1=DCBE D2=0 D3=0 D4=8402C00 D5=802180B1 D6=842184B1 D7=2 A0=3C0002 A1=101D00 A2=F6D38 A3=108F5C A4=10F112E A5=108000 A6=F6D40 PC=429C -- 00429C: subq.b  #1, D7
D0=C410 D1=DCBE D2=0 D3=0 D4=8402C00 D5=802180B1 D6=842184B1 D7=1 A0=3C0002 A1=101D00 A2=F6D38 A3=108F5C A4=10F112E A5=108000 A6=F6D40 PC=429E -- 00429E: move.w  (A6)+, D2
D0=C410 D1=DCBE D2=C000 D3=0 D4=8402C00 D5=802180B1 D6=842184B1 D7=1 A0=3C0002 A1=101D00 A2=F6D38 A3=108F5C A4=10F112E A5=108000 A6=F6D42 PC=42A0 -- 0042A0: move.w  D4, (-$2,A0)

   (loops for 16 instructions)

D0=C410 D1=DCC0 D2=0 D3=0 D4=8402C00 D5=802180B1 D6=842184B1 D7=FFFF A0=3C0002 A1=101D00 A2=F6D38 A3=108F5C A4=10F112E A5=108000 A6=F6D42 PC=42C4 -- 0042C4: bsr     $47c0
D0=C410 D1=DCC0 D2=0 D3=0 D4=8402C00 D5=802180B1 D6=842184B1 D7=FFFF A0=3C0002 A1=101D00 A2=F6D38 A3=108F5C A4=10F112E A5=108000 A6=F6D42 PC=47C0 -- 0047C0: tst.b   ($78f,A5)
D0=C410 D1=DCC0 D2=0 D3=0 D4=8402C00 D5=802180B1 D6=842184B1 D7=FFFF A0=3C0002 A1=101D00 A2=F6D38 A3=108F5C A4=10F112E A5=108000 A6=F6D42 PC=47C4 -- 0047C4: bpl     $47c8
D0=C410 D1=DCC0 D2=0 D3=0 D4=8402C00 D5=802180B1 D6=842184B1 D7=FFFF A0=3C0002 A1=101D00 A2=F6D38 A3=108F5C A4=10F112E A5=108000 A6=F6D42 PC=47C6 -- 0047C6: rts
D0=C410 D1=DCC0 D2=0 D3=0 D4=8402C00 D5=802180B1 D6=842184B1 D7=FFFF A0=3C0002 A1=101D00 A2=F6D38 A3=108F5C A4=10F112E A5=108000 A6=F6D42 PC=42C8 -- 0042C8: addi.w  #$40, D4
D0=C410 D1=DCC0 D2=0 D3=0 D4=8402C40 D5=802180B1 D6=842184B1 D7=FFFF A0=3C0002 A1=101D00 A2=F6D38 A3=108F5C A4=10F112E A5=108000 A6=F6D42 PC=42CC -- 0042CC: dbra    D3, $4296
D0=C410 D1=DCC0 D2=0 D3=FFFF D4=8402C40 D5=802180B1 D6=842184B1 D7=FFFF A0=3C0002 A1=101D00 A2=F6D38 A3=108F5C A4=10F112E A5=108000 A6=F6D42 PC=42D0 -- 0042D0: rts
D0=C410 D1=DCC0 D2=0 D3=FFFF D4=8402C40 D5=802180B1 D6=842184B1 D7=FFFF A0=3C0002 A1=101D00 A2=F6D38 A3=108F5C A4=10F112E A5=108000 A6=F6D42 PC=4016 -- 004016: bra     $401c
D0=C410 D1=DCC0 D2=0 D3=FFFF D4=8402C40 D5=802180B1 D6=842184B1 D7=FFFF A0=3C0002 A1=101D00 A2=F6D38 A3=108F5C A4=10F112E A5=108000 A6=F6D42 PC=401C -- 00401C: movea.l (A7)+, A6
D0=C410 D1=DCC0 D2=0 D3=FFFF D4=8402C40 D5=802180B1 D6=842184B1 D7=FFFF A0=3C0002 A1=101D00 A2=F6D38 A3=108F5C A4=10F112E A5=108000 A6=108E3C PC=401E -- 00401E: btst    #$5, ($4,A4)
D0=C410 D1=DCC0 D2=0 D3=FFFF D4=8402C40 D5=802180B1 D6=842184B1 D7=FFFF A0=3C0002 A1=101D00 A2=F6D38 A3=108F5C A4=10F112E A5=108000 A6=108E3C PC=4024 -- 004024: beq     $4056
D0=C410 D1=DCC0 D2=0 D3=FFFF D4=8402C40 D5=802180B1 D6=842184B1 D7=FFFF A0=3C0002 A1=101D00 A2=F6D38 A3=108F5C A4=10F112E A5=108000 A6=108E3C PC=4056 -- 004056: tst.b   ($7c,A1)
D0=C410 D1=DCC0 D2=0 D3=FFFF D4=8402C40 D5=802180B1 D6=842184B1 D7=FFFF A0=3C0002 A1=101D00 A2=F6D38 A3=108F5C A4=10F112E A5=108000 A6=108E3C PC=405A -- 00405A: bpl     $4064
D0=C410 D1=DCC0 D2=0 D3=FFFF D4=8402C40 D5=802180B1 D6=842184B1 D7=FFFF A0=3C0002 A1=101D00 A2=F6D38 A3=108F5C A4=10F112E A5=108000 A6=108E3C PC=4064 -- 004064: movea.l (A7)+, A0
D0=C410 D1=DCC0 D2=0 D3=FFFF D4=8402C40 D5=802180B1 D6=842184B1 D7=FFFF A0=108926 A1=101D00 A2=F6D38 A3=108F5C A4=10F112E A5=108000 A6=108E3C PC=4066 -- 004066: subq.w  #1, ($e3a,A5)
D0=C410 D1=DCC0 D2=0 D3=FFFF D4=8402C40 D5=802180B1 D6=842184B1 D7=FFFF A0=108926 A1=101D00 A2=F6D38 A3=108F5C A4=10F112E A5=108000 A6=108E3C PC=406A -- 00406A: bne     $3f32
D0=C410 D1=DCC0 D2=0 D3=FFFF D4=8402C40 D5=802180B1 D6=842184B1 D7=FFFF A0=108926 A1=101D00 A2=F6D38 A3=108F5C A4=10F112E A5=108000 A6=108E3C PC=3F32 -- 003F32: move.w  (A0)+, D0
D0=1F00 D1=DCC0 D2=0 D3=FFFF D4=8402C40 D5=802180B1 D6=842184B1 D7=FFFF A0=108928 A1=101D00 A2=F6D38 A3=108F5C A4=10F112E A5=108000 A6=108E3C PC=3F34 -- 003F34: beq     $3f32
D0=1F00 D1=DCC0 D2=0 D3=FFFF D4=8402C40 D5=802180B1 D6=842184B1 D7=FFFF A0=108928 A1=101D00 A2=F6D38 A3=108F5C A4=10F112E A5=108000 A6=108E3C PC=3F36 -- 003F36: clr.w   (-$2,A0)
D0=1F00 D1=DCC0 D2=0 D3=FFFF D4=8402C40 D5=802180B1 D6=842184B1 D7=FFFF A0=108928 A1=101D00 A2=F6D38 A3=108F5C A4=10F112E A5=108000 A6=108E3C PC=3F3A -- 003F3A: move.l  A5, D1
D0=1F00 D1=108000 D2=0 D3=FFFF D4=8402C40 D5=802180B1 D6=842184B1 D7=FFFF A0=108928 A1=101D00 A2=F6D38 A3=108F5C A4=10F112E A5=108000 A6=108E3C PC=3F3C -- 003F3C: move.w  D0, D1
D0=1F00 D1=101F00 D2=0 D3=FFFF D4=8402C40 D5=802180B1 D6=842184B1 D7=FFFF A0=108928 A1=101D00 A2=F6D38 A3=108F5C A4=10F112E A5=108000 A6=108E3C PC=3F3E -- 003F3E: movea.l D1, A1
D0=1F00 D1=101F00 D2=0 D3=FFFF D4=8402C40 D5=802180B1 D6=842184B1 D7=FFFF A0=108928 A1=101F00 A2=F6D38 A3=108F5C A4=10F112E A5=108000 A6=108E3C PC=3F40 -- 003F40: movea.l ($28,A1), A2
D0=1F00 D1=101F00 D2=0 D3=FFFF D4=8402C40 D5=802180B1 D6=842184B1 D7=FFFF A0=108928 A1=101F00 A2=F6D2E A3=108F5C A4=10F112E A5=108000 A6=108E3C PC=3F44 -- 003F44: lea     $7bf48.l, A4
D0=1F00 D1=101F00 D2=0 D3=FFFF D4=8402C40 D5=802180B1 D6=842184B1 D7=FFFF A0=108928 A1=101F00 A2=F6D2E A3=108F5C A4=7BF48 A5=108000 A6=108E3C PC=3F4A -- 003F4A: move.w  ($70,A1), D0
D0=1B D1=101F00 D2=0 D3=FFFF D4=8402C40 D5=802180B1 D6=842184B1 D7=FFFF A0=108928 A1=101F00 A2=F6D2E A3=108F5C A4=7BF48 A5=108000 A6=108E3C PC=3F4E -- 003F4E: add.w   D0, D0
D0=36 D1=101F00 D2=0 D3=FFFF D4=8402C40 D5=802180B1 D6=842184B1 D7=FFFF A0=108928 A1=101F00 A2=F6D2E A3=108F5C A4=7BF48 A5=108000 A6=108E3C PC=3F50 -- 003F50: add.w   D0, D0
D0=6C D1=101F00 D2=0 D3=FFFF D4=8402C40 D5=802180B1 D6=842184B1 D7=FFFF A0=108928 A1=101F00 A2=F6D2E A3=108F5C A4=7BF48 A5=108000 A6=108E3C PC=3F52 -- 003F52: movea.l (A4,D0.w), A4
D0=6C D1=101F00 D2=0 D3=FFFF D4=8402C40 D5=802180B1 D6=842184B1 D7=FFFF A0=108928 A1=101F00 A2=F6D2E A3=108F5C A4=7F5E0 A5=108000 A6=108E3C PC=3F56 -- 003F56: move.w  ($72,A1), D0
D0=3C D1=101F00 D2=0 D3=FFFF D4=8402C40 D5=802180B1 D6=842184B1 D7=FFFF A0=108928 A1=101F00 A2=F6D2E A3=108F5C A4=7F5E0 A5=108000 A6=108E3C PC=3F5A -- 003F5A: add.w   D0, D0
D0=78 D1=101F00 D2=0 D3=FFFF D4=8402C40 D5=802180B1 D6=842184B1 D7=FFFF A0=108928 A1=101F00 A2=F6D2E A3=108F5C A4=7F5E0 A5=108000 A6=108E3C PC=3F5C -- 003F5C: move.w  (A4,D0.w), ($46de,A5)
D0=78 D1=101F00 D2=0 D3=FFFF D4=8402C40 D5=802180B1 D6=842184B1 D7=FFFF A0=108928 A1=101F00 A2=F6D2E A3=108F5C A4=7F5E0 A5=108000 A6=108E3C PC=3F62 -- 003F62: lea     $80000.l, A4
D0=78 D1=101F00 D2=0 D3=FFFF D4=8402C40 D5=802180B1 D6=842184B1 D7=FFFF A0=108928 A1=101F00 A2=F6D2E A3=108F5C A4=80000 A5=108000 A6=108E3C PC=3F68 -- 003F68: move.w  ($70,A1), D0
D0=1B D1=101F00 D2=0 D3=FFFF D4=8402C40 D5=802180B1 D6=842184B1 D7=FFFF A0=108928 A1=101F00 A2=F6D2E A3=108F5C A4=80000 A5=108000 A6=108E3C PC=3F6C -- 003F6C: add.w   D0, D0
D0=36 D1=101F00 D2=0 D3=FFFF D4=8402C40 D5=802180B1 D6=842184B1 D7=FFFF A0=108928 A1=101F00 A2=F6D2E A3=108F5C A4=80000 A5=108000 A6=108E3C PC=3F6E -- 003F6E: add.w   D0, D0
D0=6C D1=101F00 D2=0 D3=FFFF D4=8402C40 D5=802180B1 D6=842184B1 D7=FFFF A0=108928 A1=101F00 A2=F6D2E A3=108F5C A4=80000 A5=108000 A6=108E3C PC=3F70 -- 003F70: movea.l (A4,D0.w), A4
D0=6C D1=101F00 D2=0 D3=FFFF D4=8402C40 D5=802180B1 D6=842184B1 D7=FFFF A0=108928 A1=101F00 A2=F6D2E A3=108F5C A4=86E00 A5=108000 A6=108E3C PC=3F74 -- 003F74: move.w  ($46de,A5), D0
D0=3C3C D1=101F00 D2=0 D3=FFFF D4=8402C40 D5=802180B1 D6=842184B1 D7=FFFF A0=108928 A1=101F00 A2=F6D2E A3=108F5C A4=86E00 A5=108000 A6=108E3C PC=3F78 -- 003F78: tst.b   ($46e2,A5)
D0=3C3C D1=101F00 D2=0 D3=FFFF D4=8402C40 D5=802180B1 D6=842184B1 D7=FFFF A0=108928 A1=101F00 A2=F6D2E A3=108F5C A4=86E00 A5=108000 A6=108E3C PC=3F7C -- 003F7C: beq     $3f82
D0=3C3C D1=101F00 D2=0 D3=FFFF D4=8402C40 D5=802180B1 D6=842184B1 D7=FFFF A0=108928 A1=101F00 A2=F6D2E A3=108F5C A4=86E00 A5=108000 A6=108E3C PC=3F82 -- 003F82: andi.w  #$ff, D0
D0=3C D1=101F00 D2=0 D3=FFFF D4=8402C40 D5=802180B1 D6=842184B1 D7=FFFF A0=108928 A1=101F00 A2=F6D2E A3=108F5C A4=86E00 A5=108000 A6=108E3C PC=3F86 -- 003F86: add.w   D0, D0
D0=78 D1=101F00 D2=0 D3=FFFF D4=8402C40 D5=802180B1 D6=842184B1 D7=FFFF A0=108928 A1=101F00 A2=F6D2E A3=108F5C A4=86E00 A5=108000 A6=108E3C PC=3F88 -- 003F88: add.w   D0, D0
D0=F0 D1=101F00 D2=0 D3=FFFF D4=8402C40 D5=802180B1 D6=842184B1 D7=FFFF A0=108928 A1=101F00 A2=F6D2E A3=108F5C A4=86E00 A5=108000 A6=108E3C PC=3F8A -- 003F8A: movea.l (A4,D0.w), A4
D0=F0 D1=101F00 D2=0 D3=FFFF D4=8402C40 D5=802180B1 D6=842184B1 D7=FFFF A0=108928 A1=101F00 A2=F6D2E A3=108F5C A4=F3132 A5=108000 A6=108E3C PC=3F8E -- 003F8E: move.w  ($74,A1), D0
D0=0 D1=101F00 D2=0 D3=FFFF D4=8402C40 D5=802180B1 D6=842184B1 D7=FFFF A0=108928 A1=101F00 A2=F6D2E A3=108F5C A4=F3132 A5=108000 A6=108E3C PC=3F92 -- 003F92: adda.w  D0, A4
D0=0 D1=101F00 D2=0 D3=FFFF D4=8402C40 D5=802180B1 D6=842184B1 D7=FFFF A0=108928 A1=101F00 A2=F6D2E A3=108F5C A4=F3132 A5=108000 A6=108E3C PC=3F94 -- 003F94: move.l  (A4), D0
D0=10F1128 D1=101F00 D2=0 D3=FFFF D4=8402C40 D5=802180B1 D6=842184B1 D7=FFFF A0=108928 A1=101F00 A2=F6D2E A3=108F5C A4=F3132 A5=108000 A6=108E3C PC=3F96 -- 003F96: movea.l D0, A4
D0=10F1128 D1=101F00 D2=0 D3=FFFF D4=8402C40 D5=802180B1 D6=842184B1 D7=FFFF A0=108928 A1=101F00 A2=F6D2E A3=108F5C A4=10F1128 A5=108000 A6=108E3C PC=3F98 -- 003F98: move.l  A0, -(A7)
D0=10F1128 D1=101F00 D2=0 D3=FFFF D4=8402C40 D5=802180B1 D6=842184B1 D7=FFFF A0=108928 A1=101F00 A2=F6D2E A3=108F5C A4=10F1128 A5=108000 A6=108E3C PC=3F9A -- 003F9A: lea     $3c0002.l, A0
D0=10F1128 D1=101F00 D2=0 D3=FFFF D4=8402C40 D5=802180B1 D6=842184B1 D7=FFFF A0=3C0002 A1=101F00 A2=F6D2E A3=108F5C A4=10F1128 A5=108000 A6=108E3C PC=3FA0 -- 003FA0: tst.b   ($7c,A1)
D0=10F1128 D1=101F00 D2=0 D3=FFFF D4=8402C40 D5=802180B1 D6=842184B1 D7=FFFF A0=3C0002 A1=101F00 A2=F6D2E A3=108F5C A4=10F1128 A5=108000 A6=108E3C PC=3FA4 -- 003FA4: bpl     $3fc0
D0=10F1128 D1=101F00 D2=0 D3=FFFF D4=8402C40 D5=802180B1 D6=842184B1 D7=FFFF A0=3C0002 A1=101F00 A2=F6D2E A3=108F5C A4=10F1128 A5=108000 A6=108E3C PC=3FC0 -- 003FC0: moveq   #$0, D0
D0=0 D1=101F00 D2=0 D3=FFFF D4=8402C40 D5=802180B1 D6=842184B1 D7=FFFF A0=3C0002 A1=101F00 A2=F6D2E A3=108F5C A4=10F1128 A5=108000 A6=108E3C PC=3FC2 -- 003FC2: move.b  (A2), D0
D0=2 D1=101F00 D2=0 D3=FFFF D4=8402C40 D5=802180B1 D6=842184B1 D7=FFFF A0=3C0002 A1=101F00 A2=F6D2E A3=108F5C A4=10F1128 A5=108000 A6=108E3C PC=3FC4 -- 003FC4: sub.w   D0, ($794,A5)
D0=2 D1=101F00 D2=0 D3=FFFF D4=8402C40 D5=802180B1 D6=842184B1 D7=FFFF A0=3C0002 A1=101F00 A2=F6D2E A3=108F5C A4=10F1128 A5=108000 A6=108E3C PC=3FC8 -- 003FC8: bcc     $3fd2
D0=2 D1=101F00 D2=0 D3=FFFF D4=8402C40 D5=802180B1 D6=842184B1 D7=FFFF A0=3C0002 A1=101F00 A2=F6D2E A3=108F5C A4=10F1128 A5=108000 A6=108E3C PC=3FD2 -- 003FD2: move.l  A6, -(A7)
D0=2 D1=101F00 D2=0 D3=FFFF D4=8402C40 D5=802180B1 D6=842184B1 D7=FFFF A0=3C0002 A1=101F00 A2=F6D2E A3=108F5C A4=10F1128 A5=108000 A6=108E3C PC=3FD4 -- 003FD4: btst    #$6, ($7c,A1)
D0=2 D1=101F00 D2=0 D3=FFFF D4=8402C40 D5=802180B1 D6=842184B1 D7=FFFF A0=3C0002 A1=101F00 A2=F6D2E A3=108F5C A4=10F1128 A5=108000 A6=108E3C PC=3FDA -- 003FDA: bne     $400c
D0=2 D1=101F00 D2=0 D3=FFFF D4=8402C40 D5=802180B1 D6=842184B1 D7=FFFF A0=3C0002 A1=101F00 A2=F6D2E A3=108F5C A4=10F1128 A5=108000 A6=108E3C PC=3FDE -- 003FDE: moveq   #$0, D1
D0=2 D1=0 D2=0 D3=FFFF D4=8402C40 D5=802180B1 D6=842184B1 D7=FFFF A0=3C0002 A1=101F00 A2=F6D2E A3=108F5C A4=10F1128 A5=108000 A6=108E3C PC=3FE0 -- 003FE0: move.b  ($82,A1), D1
D0=2 D1=0 D2=0 D3=FFFF D4=8402C40 D5=802180B1 D6=842184B1 D7=FFFF A0=3C0002 A1=101F00 A2=F6D2E A3=108F5C A4=10F1128 A5=108000 A6=108E3C PC=3FE4 -- 003FE4: add.w   D1, D1
D0=2 D1=0 D2=0 D3=FFFF D4=8402C40 D5=802180B1 D6=842184B1 D7=FFFF A0=3C0002 A1=101F00 A2=F6D2E A3=108F5C A4=10F1128 A5=108000 A6=108E3C PC=3FE6 -- 003FE6: add.w   D1, D1
D0=2 D1=0 D2=0 D3=FFFF D4=8402C40 D5=802180B1 D6=842184B1 D7=FFFF A0=3C0002 A1=101F00 A2=F6D2E A3=108F5C A4=10F1128 A5=108000 A6=108E3C PC=3FE8 -- 003FE8: move.w  ($18,A1), D0
D0=90 D1=0 D2=0 D3=FFFF D4=8402C40 D5=802180B1 D6=842184B1 D7=FFFF A0=3C0002 A1=101F00 A2=F6D2E A3=108F5C A4=10F1128 A5=108000 A6=108E3C PC=3FEC -- 003FEC: lea     ($104c,A5), A6
D0=90 D1=0 D2=0 D3=FFFF D4=8402C40 D5=802180B1 D6=842184B1 D7=FFFF A0=3C0002 A1=101F00 A2=F6D2E A3=108F5C A4=10F1128 A5=108000 A6=10904C PC=3FF0 -- 003FF0: sub.w   (A6,D1.w), D0
D0=90 D1=0 D2=0 D3=FFFF D4=8402C40 D5=802180B1 D6=842184B1 D7=FFFF A0=3C0002 A1=101F00 A2=F6D2E A3=108F5C A4=10F1128 A5=108000 A6=10904C PC=3FF4 -- 003FF4: move.w  D0, ($24,A1)
D0=90 D1=0 D2=0 D3=FFFF D4=8402C40 D5=802180B1 D6=842184B1 D7=FFFF A0=3C0002 A1=101F00 A2=F6D2E A3=108F5C A4=10F1128 A5=108000 A6=10904C PC=3FF8 -- 003FF8: move.w  ($1c,A1), D0
D0=C8 D1=0 D2=0 D3=FFFF D4=8402C40 D5=802180B1 D6=842184B1 D7=FFFF A0=3C0002 A1=101F00 A2=F6D2E A3=108F5C A4=10F1128 A5=108000 A6=10904C PC=3FFC -- 003FFC: sub.w   ($20,A1), D0
D0=C8 D1=0 D2=0 D3=FFFF D4=8402C40 D5=802180B1 D6=842184B1 D7=FFFF A0=3C0002 A1=101F00 A2=F6D2E A3=108F5C A4=10F1128 A5=108000 A6=10904C PC=4000 -- 004000: lea     ($1058,A5), A6
D0=C8 D1=0 D2=0 D3=FFFF D4=8402C40 D5=802180B1 D6=842184B1 D7=FFFF A0=3C0002 A1=101F00 A2=F6D2E A3=108F5C A4=10F1128 A5=108000 A6=109058 PC=4004 -- 004004: sub.w   (A6,D1.w), D0
D0=C8 D1=0 D2=0 D3=FFFF D4=8402C40 D5=802180B1 D6=842184B1 D7=FFFF A0=3C0002 A1=101F00 A2=F6D2E A3=108F5C A4=10F1128 A5=108000 A6=109058 PC=4008 -- 004008: move.w  D0, ($26,A1)
D0=C8 D1=0 D2=0 D3=FFFF D4=8402C40 D5=802180B1 D6=842184B1 D7=FFFF A0=3C0002 A1=101F00 A2=F6D2E A3=108F5C A4=10F1128 A5=108000 A6=109058 PC=400C -- 00400C: tst.b   ($3a66,A5)
D0=C8 D1=0 D2=0 D3=FFFF D4=8402C40 D5=802180B1 D6=842184B1 D7=FFFF A0=3C0002 A1=101F00 A2=F6D2E A3=108F5C A4=10F1128 A5=108000 A6=109058 PC=4010 -- 004010: bmi     $4018
D0=C8 D1=0 D2=0 D3=FFFF D4=8402C40 D5=802180B1 D6=842184B1 D7=FFFF A0=3C0002 A1=101F00 A2=F6D2E A3=108F5C A4=10F1128 A5=108000 A6=109058 PC=4012 -- 004012: bsr     $4088
D0=C8 D1=0 D2=0 D3=FFFF D4=8402C40 D5=802180B1 D6=842184B1 D7=FFFF A0=3C0002 A1=101F00 A2=F6D2E A3=108F5C A4=10F1128 A5=108000 A6=109058 PC=4088 -- 004088: move.w  (A4), D0
D0=FFF0 D1=0 D2=0 D3=FFFF D4=8402C40 D5=802180B1 D6=842184B1 D7=FFFF A0=3C0002 A1=101F00 A2=F6D2E A3=108F5C A4=10F1128 A5=108000 A6=109058 PC=408A -- 00408A: move.b  ($31,A1), D1
D0=FFF0 D1=0 D2=0 D3=FFFF D4=8402C40 D5=802180B1 D6=842184B1 D7=FFFF A0=3C0002 A1=101F00 A2=F6D2E A3=108F5C A4=10F1128 A5=108000 A6=109058 PC=408E -- 00408E: move.b  ($4,A4), D2
D0=FFF0 D1=0 D2=0 D3=FFFF D4=8402C40 D5=802180B1 D6=842184B1 D7=FFFF A0=3C0002 A1=101F00 A2=F6D2E A3=108F5C A4=10F1128 A5=108000 A6=109058 PC=4092 -- 004092: rol.b   #2, D2
D0=FFF0 D1=0 D2=0 D3=FFFF D4=8402C40 D5=802180B1 D6=842184B1 D7=FFFF A0=3C0002 A1=101F00 A2=F6D2E A3=108F5C A4=10F1128 A5=108000 A6=109058 PC=4094 -- 004094: eor.w   D2, D1
D0=FFF0 D1=0 D2=0 D3=FFFF D4=8402C40 D5=802180B1 D6=842184B1 D7=FFFF A0=3C0002 A1=101F00 A2=F6D2E A3=108F5C A4=10F1128 A5=108000 A6=109058 PC=4096 -- 004096: andi.w  #$3, D1
D0=FFF0 D1=0 D2=0 D3=FFFF D4=8402C40 D5=802180B1 D6=842184B1 D7=FFFF A0=3C0002 A1=101F00 A2=F6D2E A3=108F5C A4=10F1128 A5=108000 A6=109058 PC=409A -- 00409A: move.w  D1, ($790,A5)
D0=FFF0 D1=0 D2=0 D3=FFFF D4=8402C40 D5=802180B1 D6=842184B1 D7=FFFF A0=3C0002 A1=101F00 A2=F6D2E A3=108F5C A4=10F1128 A5=108000 A6=109058 PC=409E -- 00409E: andi.w  #$1, D1
D0=FFF0 D1=0 D2=0 D3=FFFF D4=8402C40 D5=802180B1 D6=842184B1 D7=FFFF A0=3C0002 A1=101F00 A2=F6D2E A3=108F5C A4=10F1128 A5=108000 A6=109058 PC=40A2 -- 0040A2: beq     $40ae
D0=FFF0 D1=0 D2=0 D3=FFFF D4=8402C40 D5=802180B1 D6=842184B1 D7=FFFF A0=3C0002 A1=101F00 A2=F6D2E A3=108F5C A4=10F1128 A5=108000 A6=109058 PC=40AE -- 0040AE: moveq   #$0, D1
D0=FFF0 D1=0 D2=0 D3=FFFF D4=8402C40 D5=802180B1 D6=842184B1 D7=FFFF A0=3C0002 A1=101F00 A2=F6D2E A3=108F5C A4=10F1128 A5=108000 A6=109058 PC=40B0 -- 0040B0: move.b  ($68,A1), D1
D0=FFF0 D1=FF D2=0 D3=FFFF D4=8402C40 D5=802180B1 D6=842184B1 D7=FFFF A0=3C0002 A1=101F00 A2=F6D2E A3=108F5C A4=10F1128 A5=108000 A6=109058 PC=40B4 -- 0040B4: addq.w  #1, D1
D0=FFF0 D1=100 D2=0 D3=FFFF D4=8402C40 D5=802180B1 D6=842184B1 D7=FFFF A0=3C0002 A1=101F00 A2=F6D2E A3=108F5C A4=10F1128 A5=108000 A6=109058 PC=40B6 -- 0040B6: muls.w  D1, D0
D0=FFFFF000 D1=100 D2=0 D3=FFFF D4=8402C40 D5=802180B1 D6=842184B1 D7=FFFF A0=3C0002 A1=101F00 A2=F6D2E A3=108F5C A4=10F1128 A5=108000 A6=109058 PC=40B8 -- 0040B8: lsr.l   #8, D0
D0=FFFFF0 D1=100 D2=0 D3=FFFF D4=8402C40 D5=802180B1 D6=842184B1 D7=FFFF A0=3C0002 A1=101F00 A2=F6D2E A3=108F5C A4=10F1128 A5=108000 A6=109058 PC=40BA -- 0040BA: add.w   ($24,A1), D0
D0=FF0080 D1=100 D2=0 D3=FFFF D4=8402C40 D5=802180B1 D6=842184B1 D7=FFFF A0=3C0002 A1=101F00 A2=F6D2E A3=108F5C A4=10F1128 A5=108000 A6=109058 PC=40BE -- 0040BE: lsl.w   #7, D0
D0=FF4000 D1=100 D2=0 D3=FFFF D4=8402C40 D5=802180B1 D6=842184B1 D7=FFFF A0=3C0002 A1=101F00 A2=F6D2E A3=108F5C A4=10F1128 A5=108000 A6=109058 PC=40C0 -- 0040C0: move.w  D6, (-$2,A0)
D0=FF4000 D1=100 D2=0 D3=FFFF D4=8402C40 D5=802180B1 D6=842184B1 D7=FFFF A0=3C0002 A1=101F00 A2=F6D2E A3=108F5C A4=10F1128 A5=108000 A6=109058 PC=40C4 -- 0040C4: move.w  D0, (A0)
D0=FF4000 D1=100 D2=0 D3=FFFF D4=8402C40 D5=802180B1 D6=842184B1 D7=FFFF A0=3C0002 A1=101F00 A2=F6D2E A3=108F5C A4=10F1128 A5=108000 A6=109058 PC=40C6 -- 0040C6: moveq   #$0, D0
D0=0 D1=100 D2=0 D3=FFFF D4=8402C40 D5=802180B1 D6=842184B1 D7=FFFF A0=3C0002 A1=101F00 A2=F6D2E A3=108F5C A4=10F1128 A5=108000 A6=109058 PC=40C8 -- 0040C8: move.b  (A2), D0
D0=2 D1=100 D2=0 D3=FFFF D4=8402C40 D5=802180B1 D6=842184B1 D7=FFFF A0=3C0002 A1=101F00 A2=F6D2E A3=108F5C A4=10F1128 A5=108000 A6=109058 PC=40CA -- 0040CA: add.w   D0, D6
D0=2 D1=100 D2=0 D3=FFFF D4=8402C40 D5=802180B1 D6=842184B3 D7=FFFF A0=3C0002 A1=101F00 A2=F6D2E A3=108F5C A4=10F1128 A5=108000 A6=109058 PC=40CC -- 0040CC: move.w  ($2,A4), D0
D0=FFF7 D1=100 D2=0 D3=FFFF D4=8402C40 D5=802180B1 D6=842184B3 D7=FFFF A0=3C0002 A1=101F00 A2=F6D2E A3=108F5C A4=10F1128 A5=108000 A6=109058 PC=40D0 -- 0040D0: btst    #$1, ($791,A5)
D0=FFF7 D1=100 D2=0 D3=FFFF D4=8402C40 D5=802180B1 D6=842184B3 D7=FFFF A0=3C0002 A1=101F00 A2=F6D2E A3=108F5C A4=10F1128 A5=108000 A6=109058 PC=40D6 -- 0040D6: beq     $40e4
D0=FFF7 D1=100 D2=0 D3=FFFF D4=8402C40 D5=802180B1 D6=842184B3 D7=FFFF A0=3C0002 A1=101F00 A2=F6D2E A3=108F5C A4=10F1128 A5=108000 A6=109058 PC=40E4 -- 0040E4: moveq   #$0, D1
D0=FFF7 D1=0 D2=0 D3=FFFF D4=8402C40 D5=802180B1 D6=842184B3 D7=FFFF A0=3C0002 A1=101F00 A2=F6D2E A3=108F5C A4=10F1128 A5=108000 A6=109058 PC=40E6 -- 0040E6: move.b  ($69,A1), D1
D0=FFF7 D1=FF D2=0 D3=FFFF D4=8402C40 D5=802180B1 D6=842184B3 D7=FFFF A0=3C0002 A1=101F00 A2=F6D2E A3=108F5C A4=10F1128 A5=108000 A6=109058 PC=40EA -- 0040EA: addq.w  #1, D1
D0=FFF7 D1=100 D2=0 D3=FFFF D4=8402C40 D5=802180B1 D6=842184B3 D7=FFFF A0=3C0002 A1=101F00 A2=F6D2E A3=108F5C A4=10F1128 A5=108000 A6=109058 PC=40EC -- 0040EC: muls.w  D1, D0
D0=FFFFF700 D1=100 D2=0 D3=FFFF D4=8402C40 D5=802180B1 D6=842184B3 D7=FFFF A0=3C0002 A1=101F00 A2=F6D2E A3=108F5C A4=10F1128 A5=108000 A6=109058 PC=40EE -- 0040EE: lsr.l   #8, D0
D0=FFFFF7 D1=100 D2=0 D3=FFFF D4=8402C40 D5=802180B1 D6=842184B3 D7=FFFF A0=3C0002 A1=101F00 A2=F6D2E A3=108F5C A4=10F1128 A5=108000 A6=109058 PC=40F0 -- 0040F0: add.w   ($26,A1), D0
D0=FF00BF D1=100 D2=0 D3=FFFF D4=8402C40 D5=802180B1 D6=842184B3 D7=FFFF A0=3C0002 A1=101F00 A2=F6D2E A3=108F5C A4=10F1128 A5=108000 A6=109058 PC=40F4 -- 0040F4: neg.w   D0
D0=FFFF41 D1=100 D2=0 D3=FFFF D4=8402C40 D5=802180B1 D6=842184B3 D7=FFFF A0=3C0002 A1=101F00 A2=F6D2E A3=108F5C A4=10F1128 A5=108000 A6=109058 PC=40F6 -- 0040F6: addi.w  #$1ff, D0
D0=FF0140 D1=100 D2=0 D3=FFFF D4=8402C40 D5=802180B1 D6=842184B3 D7=FFFF A0=3C0002 A1=101F00 A2=F6D2E A3=108F5C A4=10F1128 A5=108000 A6=109058 PC=40FA -- 0040FA: lsl.w   #7, D0
D0=FFA000 D1=100 D2=0 D3=FFFF D4=8402C40 D5=802180B1 D6=842184B3 D7=FFFF A0=3C0002 A1=101F00 A2=F6D2E A3=108F5C A4=10F1128 A5=108000 A6=109058 PC=40FC -- 0040FC: bsr     $4772
D0=FFA000 D1=100 D2=0 D3=FFFF D4=8402C40 D5=802180B1 D6=842184B3 D7=FFFF A0=3C0002 A1=101F00 A2=F6D2E A3=108F5C A4=10F1128 A5=108000 A6=109058 PC=4772 -- 004772: move.w  D0, -(A7)
D0=FFA000 D1=100 D2=0 D3=FFFF D4=8402C40 D5=802180B1 D6=842184B3 D7=FFFF A0=3C0002 A1=101F00 A2=F6D2E A3=108F5C A4=10F1128 A5=108000 A6=109058 PC=4774 -- 004774: moveq   #-$1, D0
D0=FFFFFFFF D1=100 D2=0 D3=FFFF D4=8402C40 D5=802180B1 D6=842184B3 D7=FFFF A0=3C0002 A1=101F00 A2=F6D2E A3=108F5C A4=10F1128 A5=108000 A6=109058 PC=4776 -- 004776: moveq   #$0, D1
D0=FFFFFFFF D1=0 D2=0 D3=FFFF D4=8402C40 D5=802180B1 D6=842184B3 D7=FFFF A0=3C0002 A1=101F00 A2=F6D2E A3=108F5C A4=10F1128 A5=108000 A6=109058 PC=4778 -- 004778: move.b  ($1,A2), D1
D0=FFFFFFFF D1=2 D2=0 D3=FFFF D4=8402C40 D5=802180B1 D6=842184B3 D7=FFFF A0=3C0002 A1=101F00 A2=F6D2E A3=108F5C A4=10F1128 A5=108000 A6=109058 PC=477C -- 00477C: cmpi.b  #-$1, ($69,A1)
D0=FFFFFFFF D1=2 D2=0 D3=FFFF D4=8402C40 D5=802180B1 D6=842184B3 D7=FFFF A0=3C0002 A1=101F00 A2=F6D2E A3=108F5C A4=10F1128 A5=108000 A6=109058 PC=4782 -- 004782: beq     $47b4
D0=FFFFFFFF D1=2 D2=0 D3=FFFF D4=8402C40 D5=802180B1 D6=842184B3 D7=FFFF A0=3C0002 A1=101F00 A2=F6D2E A3=108F5C A4=10F1128 A5=108000 A6=109058 PC=47B4 -- 0047B4: move.b  D0, ($78f,A5)
D0=FFFFFFFF D1=2 D2=0 D3=FFFF D4=8402C40 D5=802180B1 D6=842184B3 D7=FFFF A0=3C0002 A1=101F00 A2=F6D2E A3=108F5C A4=10F1128 A5=108000 A6=109058 PC=47B8 -- 0047B8: move.b  D1, ($78e,A5)
D0=FFFFFFFF D1=2 D2=0 D3=FFFF D4=8402C40 D5=802180B1 D6=842184B3 D7=FFFF A0=3C0002 A1=101F00 A2=F6D2E A3=108F5C A4=10F1128 A5=108000 A6=109058 PC=47BC -- 0047BC: move.w  (A7)+, D0
D0=FFFFA000 D1=2 D2=0 D3=FFFF D4=8402C40 D5=802180B1 D6=842184B3 D7=FFFF A0=3C0002 A1=101F00 A2=F6D2E A3=108F5C A4=10F1128 A5=108000 A6=109058 PC=47BE -- 0047BE: rts
D0=FFFFA000 D1=2 D2=0 D3=FFFF D4=8402C40 D5=802180B1 D6=842184B3 D7=FFFF A0=3C0002 A1=101F00 A2=F6D2E A3=108F5C A4=10F1128 A5=108000 A6=109058 PC=4100 -- 004100: add.b   ($78e,A5), D0
D0=FFFFA002 D1=2 D2=0 D3=FFFF D4=8402C40 D5=802180B1 D6=842184B3 D7=FFFF A0=3C0002 A1=101F00 A2=F6D2E A3=108F5C A4=10F1128 A5=108000 A6=109058 PC=4104 -- 004104: move.w  D0, (A3)+
D0=FFFFA002 D1=2 D2=0 D3=FFFF D4=8402C40 D5=802180B1 D6=842184B3 D7=FFFF A0=3C0002 A1=101F00 A2=F6D2E A3=108F5E A4=10F1128 A5=108000 A6=109058 PC=4106 -- 004106: moveq   #$0, D0
D0=0 D1=2 D2=0 D3=FFFF D4=8402C40 D5=802180B1 D6=842184B3 D7=FFFF A0=3C0002 A1=101F00 A2=F6D2E A3=108F5E A4=10F1128 A5=108000 A6=109058 PC=4108 -- 004108: move.b  (A2), D0
D0=2 D1=2 D2=0 D3=FFFF D4=8402C40 D5=802180B1 D6=842184B3 D7=FFFF A0=3C0002 A1=101F00 A2=F6D2E A3=108F5E A4=10F1128 A5=108000 A6=109058 PC=410A -- 00410A: subq.b  #2, D0
D0=0 D1=2 D2=0 D3=FFFF D4=8402C40 D5=802180B1 D6=842184B3 D7=FFFF A0=3C0002 A1=101F00 A2=F6D2E A3=108F5E A4=10F1128 A5=108000 A6=109058 PC=410C -- 00410C: bmi     $4118
D0=0 D1=2 D2=0 D3=FFFF D4=8402C40 D5=802180B1 D6=842184B3 D7=FFFF A0=3C0002 A1=101F00 A2=F6D2E A3=108F5E A4=10F1128 A5=108000 A6=109058 PC=410E -- 00410E: move.w  #$40, D1
D0=0 D1=40 D2=0 D3=FFFF D4=8402C40 D5=802180B1 D6=842184B3 D7=FFFF A0=3C0002 A1=101F00 A2=F6D2E A3=108F5E A4=10F1128 A5=108000 A6=109058 PC=4112 -- 004112: move.w  D1, (A3)+
D0=0 D1=40 D2=0 D3=FFFF D4=8402C40 D5=802180B1 D6=842184B3 D7=FFFF A0=3C0002 A1=101F00 A2=F6D2E A3=108F60 A4=10F1128 A5=108000 A6=109058 PC=4114 -- 004114: dbra    D0, $4112
D0=FFFF D1=40 D2=0 D3=FFFF D4=8402C40 D5=802180B1 D6=842184B3 D7=FFFF A0=3C0002 A1=101F00 A2=F6D2E A3=108F60 A4=10F1128 A5=108000 A6=109058 PC=4118 -- 004118: move.w  #$1, ($2,A0)
D0=FFFF D1=40 D2=0 D3=FFFF D4=8402C40 D5=802180B1 D6=842184B3 D7=FFFF A0=3C0002 A1=101F00 A2=F6D2E A3=108F60 A4=10F1128 A5=108000 A6=109058 PC=411E -- 00411E: move.w  D5, (-$2,A0)
D0=FFFF D1=40 D2=0 D3=FFFF D4=8402C40 D5=802180B1 D6=842184B3 D7=FFFF A0=3C0002 A1=101F00 A2=F6D2E A3=108F60 A4=10F1128 A5=108000 A6=109058 PC=4122 -- 004122: moveq   #$0, D1
D0=FFFF D1=0 D2=0 D3=FFFF D4=8402C40 D5=802180B1 D6=842184B3 D7=FFFF A0=3C0002 A1=101F00 A2=F6D2E A3=108F60 A4=10F1128 A5=108000 A6=109058 PC=4124 -- 004124: move.b  ($68,A1), D0
D0=FFFF D1=0 D2=0 D3=FFFF D4=8402C40 D5=802180B1 D6=842184B3 D7=FFFF A0=3C0002 A1=101F00 A2=F6D2E A3=108F60 A4=10F1128 A5=108000 A6=109058 PC=4128 -- 004128: move.b  D0, D1
D0=FFFF D1=FF D2=0 D3=FFFF D4=8402C40 D5=802180B1 D6=842184B3 D7=FFFF A0=3C0002 A1=101F00 A2=F6D2E A3=108F60 A4=10F1128 A5=108000 A6=109058 PC=412A -- 00412A: andi.w  #$f, D0
D0=F D1=FF D2=0 D3=FFFF D4=8402C40 D5=802180B1 D6=842184B3 D7=FFFF A0=3C0002 A1=101F00 A2=F6D2E A3=108F60 A4=10F1128 A5=108000 A6=109058 PC=412E -- 00412E: lsr.b   #4, D1
D0=F D1=F D2=0 D3=FFFF D4=8402C40 D5=802180B1 D6=842184B3 D7=FFFF A0=3C0002 A1=101F00 A2=F6D2E A3=108F60 A4=10F1128 A5=108000 A6=109058 PC=4130 -- 004130: tst.b   D1
D0=F D1=F D2=0 D3=FFFF D4=8402C40 D5=802180B1 D6=842184B3 D7=FFFF A0=3C0002 A1=101F00 A2=F6D2E A3=108F60 A4=10F1128 A5=108000 A6=109058 PC=4132 -- 004132: beq     $4164
D0=F D1=F D2=0 D3=FFFF D4=8402C40 D5=802180B1 D6=842184B3 D7=FFFF A0=3C0002 A1=101F00 A2=F6D2E A3=108F60 A4=10F1128 A5=108000 A6=109058 PC=4134 -- 004134: lea     $4f9d2.l, A6
D0=F D1=F D2=0 D3=FFFF D4=8402C40 D5=802180B1 D6=842184B3 D7=FFFF A0=3C0002 A1=101F00 A2=F6D2E A3=108F60 A4=10F1128 A5=108000 A6=4F9D2 PC=413A -- 00413A: lsl.w   #5, D0
D0=1E0 D1=F D2=0 D3=FFFF D4=8402C40 D5=802180B1 D6=842184B3 D7=FFFF A0=3C0002 A1=101F00 A2=F6D2E A3=108F60 A4=10F1128 A5=108000 A6=4F9D2 PC=413C -- 00413C: adda.w  D0, A6
D0=1E0 D1=F D2=0 D3=FFFF D4=8402C40 D5=802180B1 D6=842184B3 D7=FFFF A0=3C0002 A1=101F00 A2=F6D2E A3=108F60 A4=10F1128 A5=108000 A6=4FBB2 PC=413E -- 00413E: moveq   #$f, D0
D0=F D1=F D2=0 D3=FFFF D4=8402C40 D5=802180B1 D6=842184B3 D7=FFFF A0=3C0002 A1=101F00 A2=F6D2E A3=108F60 A4=10F1128 A5=108000 A6=4FBB2 PC=4140 -- 004140: moveq   #$0, D2
D0=F D1=F D2=0 D3=FFFF D4=8402C40 D5=802180B1 D6=842184B3 D7=FFFF A0=3C0002 A1=101F00 A2=F6D2E A3=108F60 A4=10F1128 A5=108000 A6=4FBB2 PC=4142 -- 004142: move.b  (A2), D2
D0=F D1=F D2=2 D3=FFFF D4=8402C40 D5=802180B1 D6=842184B3 D7=FFFF A0=3C0002 A1=101F00 A2=F6D2E A3=108F60 A4=10F1128 A5=108000 A6=4FBB2 PC=4144 -- 004144: lsr.w   #1, D2
D0=F D1=F D2=1 D3=FFFF D4=8402C40 D5=802180B1 D6=842184B3 D7=FFFF A0=3C0002 A1=101F00 A2=F6D2E A3=108F60 A4=10F1128 A5=108000 A6=4FBB2 PC=4146 -- 004146: sub.w   D2, D0
D0=E D1=F D2=1 D3=FFFF D4=8402C40 D5=802180B1 D6=842184B3 D7=FFFF A0=3C0002 A1=101F00 A2=F6D2E A3=108F60 A4=10F1128 A5=108000 A6=4FBB2 PC=4148 -- 004148: adda.l  D0, A6
D0=E D1=F D2=1 D3=FFFF D4=8402C40 D5=802180B1 D6=842184B3 D7=FFFF A0=3C0002 A1=101F00 A2=F6D2E A3=108F60 A4=10F1128 A5=108000 A6=4FBC0 PC=414A -- 00414A: move.b  (A2), D0
D0=2 D1=F D2=1 D3=FFFF D4=8402C40 D5=802180B1 D6=842184B3 D7=FFFF A0=3C0002 A1=101F00 A2=F6D2E A3=108F60 A4=10F1128 A5=108000 A6=4FBC0 PC=414C -- 00414C: add.w   D0, D5
D0=2 D1=F D2=1 D3=FFFF D4=8402C40 D5=802180B3 D6=842184B3 D7=FFFF A0=3C0002 A1=101F00 A2=F6D2E A3=108F60 A4=10F1128 A5=108000 A6=4FBC0 PC=414E -- 00414E: subq.b  #1, D0
D0=1 D1=F D2=1 D3=FFFF D4=8402C40 D5=802180B3 D6=842184B3 D7=FFFF A0=3C0002 A1=101F00 A2=F6D2E A3=108F60 A4=10F1128 A5=108000 A6=4FBC0 PC=4150 -- 004150: move.b  D1, D2
D0=1 D1=F D2=F D3=FFFF D4=8402C40 D5=802180B3 D6=842184B3 D7=FFFF A0=3C0002 A1=101F00 A2=F6D2E A3=108F60 A4=10F1128 A5=108000 A6=4FBC0 PC=4152 -- 004152: sub.b   (A6)+, D2
D0=1 D1=F D2=F D3=FFFF D4=8402C40 D5=802180B3 D6=842184B3 D7=FFFF A0=3C0002 A1=101F00 A2=F6D2E A3=108F60 A4=10F1128 A5=108000 A6=4FBC1 PC=4154 -- 004154: lsl.w   #8, D2
D0=1 D1=F D2=F00 D3=FFFF D4=8402C40 D5=802180B3 D6=842184B3 D7=FFFF A0=3C0002 A1=101F00 A2=F6D2E A3=108F60 A4=10F1128 A5=108000 A6=4FBC1 PC=4156 -- 004156: move.b  ($69,A1), D2
D0=1 D1=F D2=FFF D3=FFFF D4=8402C40 D5=802180B3 D6=842184B3 D7=FFFF A0=3C0002 A1=101F00 A2=F6D2E A3=108F60 A4=10F1128 A5=108000 A6=4FBC1 PC=415A -- 00415A: move.w  D2, (A0)
D0=1 D1=F D2=FFF D3=FFFF D4=8402C40 D5=802180B3 D6=842184B3 D7=FFFF A0=3C0002 A1=101F00 A2=F6D2E A3=108F60 A4=10F1128 A5=108000 A6=4FBC1 PC=415C -- 00415C: dbra    D0, $4150
D0=0 D1=F D2=FFF D3=FFFF D4=8402C40 D5=802180B3 D6=842184B3 D7=FFFF A0=3C0002 A1=101F00 A2=F6D2E A3=108F60 A4=10F1128 A5=108000 A6=4FBC1 PC=4150 -- 004150: move.b  D1, D2
D0=0 D1=F D2=F0F D3=FFFF D4=8402C40 D5=802180B3 D6=842184B3 D7=FFFF A0=3C0002 A1=101F00 A2=F6D2E A3=108F60 A4=10F1128 A5=108000 A6=4FBC1 PC=4152 -- 004152: sub.b   (A6)+, D2
D0=0 D1=F D2=F0F D3=FFFF D4=8402C40 D5=802180B3 D6=842184B3 D7=FFFF A0=3C0002 A1=101F00 A2=F6D2E A3=108F60 A4=10F1128 A5=108000 A6=4FBC2 PC=4154 -- 004154: lsl.w   #8, D2
D0=0 D1=F D2=F00 D3=FFFF D4=8402C40 D5=802180B3 D6=842184B3 D7=FFFF A0=3C0002 A1=101F00 A2=F6D2E A3=108F60 A4=10F1128 A5=108000 A6=4FBC2 PC=4156 -- 004156: move.b  ($69,A1), D2
D0=0 D1=F D2=FFF D3=FFFF D4=8402C40 D5=802180B3 D6=842184B3 D7=FFFF A0=3C0002 A1=101F00 A2=F6D2E A3=108F60 A4=10F1128 A5=108000 A6=4FBC2 PC=415A -- 00415A: move.w  D2, (A0)
D0=0 D1=F D2=FFF D3=FFFF D4=8402C40 D5=802180B3 D6=842184B3 D7=FFFF A0=3C0002 A1=101F00 A2=F6D2E A3=108F60 A4=10F1128 A5=108000 A6=4FBC2 PC=415C -- 00415C: dbra    D0, $4150
D0=FFFF D1=F D2=FFF D3=FFFF D4=8402C40 D5=802180B3 D6=842184B3 D7=FFFF A0=3C0002 A1=101F00 A2=F6D2E A3=108F60 A4=10F1128 A5=108000 A6=4FBC2 PC=4160 -- 004160: bra     $4178
D0=FFFF D1=F D2=FFF D3=FFFF D4=8402C40 D5=802180B3 D6=842184B3 D7=FFFF A0=3C0002 A1=101F00 A2=F6D2E A3=108F60 A4=10F1128 A5=108000 A6=4FBC2 PC=4178 -- 004178: move.b  ($2,A2), D0
D0=FFDE D1=F D2=FFF D3=FFFF D4=8402C40 D5=802180B3 D6=842184B3 D7=FFFF A0=3C0002 A1=101F00 A2=F6D2E A3=108F60 A4=10F1128 A5=108000 A6=4FBC2 PC=417C -- 00417C: tst.b   ($80,A1)
D0=FFDE D1=F D2=FFF D3=FFFF D4=8402C40 D5=802180B3 D6=842184B3 D7=FFFF A0=3C0002 A1=101F00 A2=F6D2E A3=108F60 A4=10F1128 A5=108000 A6=4FBC2 PC=4180 -- 004180: beq     $4188
D0=FFDE D1=F D2=FFF D3=FFFF D4=8402C40 D5=802180B3 D6=842184B3 D7=FFFF A0=3C0002 A1=101F00 A2=F6D2E A3=108F60 A4=10F1128 A5=108000 A6=4FBC2 PC=4188 -- 004188: add.b   ($30,A1), D0
D0=FFDE D1=F D2=FFF D3=FFFF D4=8402C40 D5=802180B3 D6=842184B3 D7=FFFF A0=3C0002 A1=101F00 A2=F6D2E A3=108F60 A4=10F1128 A5=108000 A6=4FBC2 PC=418C -- 00418C: lsl.w   #8, D0
D0=DE00 D1=F D2=FFF D3=FFFF D4=8402C40 D5=802180B3 D6=842184B3 D7=FFFF A0=3C0002 A1=101F00 A2=F6D2E A3=108F60 A4=10F1128 A5=108000 A6=4FBC2 PC=418E -- 00418E: tst.b   ($3,A2)
D0=DE00 D1=F D2=FFF D3=FFFF D4=8402C40 D5=802180B3 D6=842184B3 D7=FFFF A0=3C0002 A1=101F00 A2=F6D2E A3=108F60 A4=10F1128 A5=108000 A6=4FBC2 PC=4192 -- 004192: beq     $4198
D0=DE00 D1=F D2=FFF D3=FFFF D4=8402C40 D5=802180B3 D6=842184B3 D7=FFFF A0=3C0002 A1=101F00 A2=F6D2E A3=108F60 A4=10F1128 A5=108000 A6=4FBC2 PC=4194 -- 004194: move.b  #$10, D0
D0=DE10 D1=F D2=FFF D3=FFFF D4=8402C40 D5=802180B3 D6=842184B3 D7=FFFF A0=3C0002 A1=101F00 A2=F6D2E A3=108F60 A4=10F1128 A5=108000 A6=4FBC2 PC=4198 -- 004198: move.w  ($4,A2), D1
D0=DE10 D1=DCB8 D2=FFF D3=FFFF D4=8402C40 D5=802180B3 D6=842184B3 D7=FFFF A0=3C0002 A1=101F00 A2=F6D2E A3=108F60 A4=10F1128 A5=108000 A6=4FBC2 PC=419C -- 00419C: moveq   #$0, D3
D0=DE10 D1=DCB8 D2=FFF D3=0 D4=8402C40 D5=802180B3 D6=842184B3 D7=FFFF A0=3C0002 A1=101F00 A2=F6D2E A3=108F60 A4=10F1128 A5=108000 A6=4FBC2 PC=419E -- 00419E: move.b  (A2), D3
D0=DE10 D1=DCB8 D2=FFF D3=2 D4=8402C40 D5=802180B3 D6=842184B3 D7=FFFF A0=3C0002 A1=101F00 A2=F6D2E A3=108F60 A4=10F1128 A5=108000 A6=4FBC2 PC=41A0 -- 0041A0: subq.b  #1, D3
D0=DE10 D1=DCB8 D2=FFF D3=1 D4=8402C40 D5=802180B3 D6=842184B3 D7=FFFF A0=3C0002 A1=101F00 A2=F6D2E A3=108F60 A4=10F1128 A5=108000 A6=4FBC2 PC=41A2 -- 0041A2: move.w  ($790,A5), D7
D0=DE10 D1=DCB8 D2=FFF D3=1 D4=8402C40 D5=802180B3 D6=842184B3 D7=0 A0=3C0002 A1=101F00 A2=F6D2E A3=108F60 A4=10F1128 A5=108000 A6=4FBC2 PC=41A6 -- 0041A6: add.w   D7, D7
D0=DE10 D1=DCB8 D2=FFF D3=1 D4=8402C40 D5=802180B3 D6=842184B3 D7=0 A0=3C0002 A1=101F00 A2=F6D2E A3=108F60 A4=10F1128 A5=108000 A6=4FBC2 PC=41A8 -- 0041A8: add.w   D7, D7
D0=DE10 D1=DCB8 D2=FFF D3=1 D4=8402C40 D5=802180B3 D6=842184B3 D7=0 A0=3C0002 A1=101F00 A2=F6D2E A3=108F60 A4=10F1128 A5=108000 A6=4FBC2 PC=41AA -- 0041AA: movea.l ($4,PC,D7.w), A6
D0=DE10 D1=DCB8 D2=FFF D3=1 D4=8402C40 D5=802180B3 D6=842184B3 D7=0 A0=3C0002 A1=101F00 A2=F6D2E A3=108F60 A4=10F1128 A5=108000 A6=428C PC=41AE -- 0041AE: jmp     (A6)
D0=DE10 D1=DCB8 D2=FFF D3=1 D4=8402C40 D5=802180B3 D6=842184B3 D7=0 A0=3C0002 A1=101F00 A2=F6D2E A3=108F60 A4=10F1128 A5=108000 A6=428C PC=428C -- 00428C: lea     ($6,A2), A6
D0=DE10 D1=DCB8 D2=FFF D3=1 D4=8402C40 D5=802180B3 D6=842184B3 D7=0 A0=3C0002 A1=101F00 A2=F6D2E A3=108F60 A4=10F1128 A5=108000 A6=F6D34 PC=4290 -- 004290: move.w  #$1, ($2,A0)
D0=DE10 D1=DCB8 D2=FFF D3=1 D4=8402C40 D5=802180B3 D6=842184B3 D7=0 A0=3C0002 A1=101F00 A2=F6D2E A3=108F60 A4=10F1128 A5=108000 A6=F6D34 PC=4296 -- 004296: moveq   #$0, D7
D0=DE10 D1=DCB8 D2=FFF D3=1 D4=8402C40 D5=802180B3 D6=842184B3 D7=0 A0=3C0002 A1=101F00 A2=F6D2E A3=108F60 A4=10F1128 A5=108000 A6=F6D34 PC=4298 -- 004298: move.b  ($1,A2), D7
D0=DE10 D1=DCB8 D2=FFF D3=1 D4=8402C40 D5=802180B3 D6=842184B3 D7=2 A0=3C0002 A1=101F00 A2=F6D2E A3=108F60 A4=10F1128 A5=108000 A6=F6D34 PC=429C -- 00429C: subq.b  #1, D7
D0=DE10 D1=DCB8 D2=FFF D3=1 D4=8402C40 D5=802180B3 D6=842184B3 D7=1 A0=3C0002 A1=101F00 A2=F6D2E A3=108F60 A4=10F1128 A5=108000 A6=F6D34 PC=429E -- 00429E: move.w  (A6)+, D2
D0=DE10 D1=DCB8 D2=C000 D3=1 D4=8402C40 D5=802180B3 D6=842184B3 D7=1 A0=3C0002 A1=101F00 A2=F6D2E A3=108F60 A4=10F1128 A5=108000 A6=F6D36 PC=42A0 -- 0042A0: move.w  D4, (-$2,A0)
D0=DE10 D1=DCB8 D2=C000 D3=1 D4=8402C40 D5=802180B3 D6=842184B3 D7=1 A0=3C0002 A1=101F00 A2=F6D2E A3=108F60 A4=10F1128 A5=108000 A6=F6D36 PC=42A4 -- 0042A4: add.w   D2, D2
D0=DE10 D1=DCB8 D2=8000 D3=1 D4=8402C40 D5=802180B3 D6=842184B3 D7=1 A0=3C0002 A1=101F00 A2=F6D2E A3=108F60 A4=10F1128 A5=108000 A6=F6D36 PC=42A6 -- 0042A6: bcc     $42b8
D0=DE10 D1=DCB8 D2=8000 D3=1 D4=8402C40 D5=802180B3 D6=842184B3 D7=1 A0=3C0002 A1=101F00 A2=F6D2E A3=108F60 A4=10F1128 A5=108000 A6=F6D36 PC=42A8 -- 0042A8: move.w  D1, (A0)
D0=DE10 D1=DCB8 D2=8000 D3=1 D4=8402C40 D5=802180B3 D6=842184B3 D7=1 A0=3C0002 A1=101F00 A2=F6D2E A3=108F60 A4=10F1128 A5=108000 A6=F6D36 PC=42AA -- 0042AA: nop
D0=DE10 D1=DCB8 D2=8000 D3=1 D4=8402C40 D5=802180B3 D6=842184B3 D7=1 A0=3C0002 A1=101F00 A2=F6D2E A3=108F60 A4=10F1128 A5=108000 A6=F6D36 PC=42AC -- 0042AC: move.w  D0, (A0)
D0=DE10 D1=DCB8 D2=8000 D3=1 D4=8402C40 D5=802180B3 D6=842184B3 D7=1 A0=3C0002 A1=101F00 A2=F6D2E A3=108F60 A4=10F1128 A5=108000 A6=F6D36 PC=42AE -- 0042AE: addq.w  #1, D1
D0=DE10 D1=DCB9 D2=8000 D3=1 D4=8402C40 D5=802180B3 D6=842184B3 D7=1 A0=3C0002 A1=101F00 A2=F6D2E A3=108F60 A4=10F1128 A5=108000 A6=F6D36 PC=42B0 -- 0042B0: bcc     $42c0
D0=DE10 D1=DCB9 D2=8000 D3=1 D4=8402C40 D5=802180B3 D6=842184B3 D7=1 A0=3C0002 A1=101F00 A2=F6D2E A3=108F60 A4=10F1128 A5=108000 A6=F6D36 PC=42C0 -- 0042C0: dbra    D7, $42a4
D0=DE10 D1=DCB9 D2=8000 D3=1 D4=8402C40 D5=802180B3 D6=842184B3 D7=0 A0=3C0002 A1=101F00 A2=F6D2E A3=108F60 A4=10F1128 A5=108000 A6=F6D36 PC=42A4 -- 0042A4: add.w   D2, D2
D0=DE10 D1=DCB9 D2=0 D3=1 D4=8402C40 D5=802180B3 D6=842184B3 D7=0 A0=3C0002 A1=101F00 A2=F6D2E A3=108F60 A4=10F1128 A5=108000 A6=F6D36 PC=42A6 -- 0042A6: bcc     $42b8
D0=DE10 D1=DCB9 D2=0 D3=1 D4=8402C40 D5=802180B3 D6=842184B3 D7=0 A0=3C0002 A1=101F00 A2=F6D2E A3=108F60 A4=10F1128 A5=108000 A6=F6D36 PC=42A8 -- 0042A8: move.w  D1, (A0)
D0=DE10 D1=DCB9 D2=0 D3=1 D4=8402C40 D5=802180B3 D6=842184B3 D7=0 A0=3C0002 A1=101F00 A2=F6D2E A3=108F60 A4=10F1128 A5=108000 A6=F6D36 PC=42AA -- 0042AA: nop
D0=DE10 D1=DCB9 D2=0 D3=1 D4=8402C40 D5=802180B3 D6=842184B3 D7=0 A0=3C0002 A1=101F00 A2=F6D2E A3=108F60 A4=10F1128 A5=108000 A6=F6D36 PC=42AC -- 0042AC: move.w  D0, (A0)
D0=DE10 D1=DCB9 D2=0 D3=1 D4=8402C40 D5=802180B3 D6=842184B3 D7=0 A0=3C0002 A1=101F00 A2=F6D2E A3=108F60 A4=10F1128 A5=108000 A6=F6D36 PC=42AE -- 0042AE: addq.w  #1, D1
D0=DE10 D1=DCBA D2=0 D3=1 D4=8402C40 D5=802180B3 D6=842184B3 D7=0 A0=3C0002 A1=101F00 A2=F6D2E A3=108F60 A4=10F1128 A5=108000 A6=F6D36 PC=42B0 -- 0042B0: bcc     $42c0
D0=DE10 D1=DCBA D2=0 D3=1 D4=8402C40 D5=802180B3 D6=842184B3 D7=0 A0=3C0002 A1=101F00 A2=F6D2E A3=108F60 A4=10F1128 A5=108000 A6=F6D36 PC=42C0 -- 0042C0: dbra    D7, $42a4
D0=DE10 D1=DCBA D2=0 D3=1 D4=8402C40 D5=802180B3 D6=842184B3 D7=FFFF A0=3C0002 A1=101F00 A2=F6D2E A3=108F60 A4=10F1128 A5=108000 A6=F6D36 PC=42C4 -- 0042C4: bsr     $47c0
D0=DE10 D1=DCBA D2=0 D3=1 D4=8402C40 D5=802180B3 D6=842184B3 D7=FFFF A0=3C0002 A1=101F00 A2=F6D2E A3=108F60 A4=10F1128 A5=108000 A6=F6D36 PC=47C0 -- 0047C0: tst.b   ($78f,A5)
D0=DE10 D1=DCBA D2=0 D3=1 D4=8402C40 D5=802180B3 D6=842184B3 D7=FFFF A0=3C0002 A1=101F00 A2=F6D2E A3=108F60 A4=10F1128 A5=108000 A6=F6D36 PC=47C4 -- 0047C4: bpl     $47c8
D0=DE10 D1=DCBA D2=0 D3=1 D4=8402C40 D5=802180B3 D6=842184B3 D7=FFFF A0=3C0002 A1=101F00 A2=F6D2E A3=108F60 A4=10F1128 A5=108000 A6=F6D36 PC=47C6 -- 0047C6: rts
D0=DE10 D1=DCBA D2=0 D3=1 D4=8402C40 D5=802180B3 D6=842184B3 D7=FFFF A0=3C0002 A1=101F00 A2=F6D2E A3=108F60 A4=10F1128 A5=108000 A6=F6D36 PC=42C8 -- 0042C8: addi.w  #$40, D4
D0=DE10 D1=DCBA D2=0 D3=1 D4=8402C80 D5=802180B3 D6=842184B3 D7=FFFF A0=3C0002 A1=101F00 A2=F6D2E A3=108F60 A4=10F1128 A5=108000 A6=F6D36 PC=42CC -- 0042CC: dbra    D3, $4296
D0=DE10 D1=DCBA D2=0 D3=0 D4=8402C80 D5=802180B3 D6=842184B3 D7=FFFF A0=3C0002 A1=101F00 A2=F6D2E A3=108F60 A4=10F1128 A5=108000 A6=F6D36 PC=4296 -- 004296: moveq   #$0, D7
D0=DE10 D1=DCBA D2=0 D3=0 D4=8402C80 D5=802180B3 D6=842184B3 D7=0 A0=3C0002 A1=101F00 A2=F6D2E A3=108F60 A4=10F1128 A5=108000 A6=F6D36 PC=4298 -- 004298: move.b  ($1,A2), D7
D0=DE10 D1=DCBA D2=0 D3=0 D4=8402C80 D5=802180B3 D6=842184B3 D7=2 A0=3C0002 A1=101F00 A2=F6D2E A3=108F60 A4=10F1128 A5=108000 A6=F6D36 PC=429C -- 00429C: subq.b  #1, D7
D0=DE10 D1=DCBA D2=0 D3=0 D4=8402C80 D5=802180B3 D6=842184B3 D7=1 A0=3C0002 A1=101F00 A2=F6D2E A3=108F60 A4=10F1128 A5=108000 A6=F6D36 PC=429E -- 00429E: move.w  (A6)+, D2
D0=DE10 D1=DCBA D2=C000 D3=0 D4=8402C80 D5=802180B3 D6=842184B3 D7=1 A0=3C0002 A1=101F00 A2=F6D2E A3=108F60 A4=10F1128 A5=108000 A6=F6D38 PC=42A0 -- 0042A0: move.w  D4, (-$2,A0)

   (loops for 16 instructions)

D0=DE10 D1=DCBC D2=0 D3=0 D4=8402C80 D5=802180B3 D6=842184B3 D7=FFFF A0=3C0002 A1=101F00 A2=F6D2E A3=108F60 A4=10F1128 A5=108000 A6=F6D38 PC=42C4 -- 0042C4: bsr     $47c0
D0=DE10 D1=DCBC D2=0 D3=0 D4=8402C80 D5=802180B3 D6=842184B3 D7=FFFF A0=3C0002 A1=101F00 A2=F6D2E A3=108F60 A4=10F1128 A5=108000 A6=F6D38 PC=47C0 -- 0047C0: tst.b   ($78f,A5)
D0=DE10 D1=DCBC D2=0 D3=0 D4=8402C80 D5=802180B3 D6=842184B3 D7=FFFF A0=3C0002 A1=101F00 A2=F6D2E A3=108F60 A4=10F1128 A5=108000 A6=F6D38 PC=47C4 -- 0047C4: bpl     $47c8
D0=DE10 D1=DCBC D2=0 D3=0 D4=8402C80 D5=802180B3 D6=842184B3 D7=FFFF A0=3C0002 A1=101F00 A2=F6D2E A3=108F60 A4=10F1128 A5=108000 A6=F6D38 PC=47C6 -- 0047C6: rts
D0=DE10 D1=DCBC D2=0 D3=0 D4=8402C80 D5=802180B3 D6=842184B3 D7=FFFF A0=3C0002 A1=101F00 A2=F6D2E A3=108F60 A4=10F1128 A5=108000 A6=F6D38 PC=42C8 -- 0042C8: addi.w  #$40, D4
D0=DE10 D1=DCBC D2=0 D3=0 D4=8402CC0 D5=802180B3 D6=842184B3 D7=FFFF A0=3C0002 A1=101F00 A2=F6D2E A3=108F60 A4=10F1128 A5=108000 A6=F6D38 PC=42CC -- 0042CC: dbra    D3, $4296
D0=DE10 D1=DCBC D2=0 D3=FFFF D4=8402CC0 D5=802180B3 D6=842184B3 D7=FFFF A0=3C0002 A1=101F00 A2=F6D2E A3=108F60 A4=10F1128 A5=108000 A6=F6D38 PC=42D0 -- 0042D0: rts
D0=DE10 D1=DCBC D2=0 D3=FFFF D4=8402CC0 D5=802180B3 D6=842184B3 D7=FFFF A0=3C0002 A1=101F00 A2=F6D2E A3=108F60 A4=10F1128 A5=108000 A6=F6D38 PC=4016 -- 004016: bra     $401c
D0=DE10 D1=DCBC D2=0 D3=FFFF D4=8402CC0 D5=802180B3 D6=842184B3 D7=FFFF A0=3C0002 A1=101F00 A2=F6D2E A3=108F60 A4=10F1128 A5=108000 A6=F6D38 PC=401C -- 00401C: movea.l (A7)+, A6
D0=DE10 D1=DCBC D2=0 D3=FFFF D4=8402CC0 D5=802180B3 D6=842184B3 D7=FFFF A0=3C0002 A1=101F00 A2=F6D2E A3=108F60 A4=10F1128 A5=108000 A6=108E3C PC=401E -- 00401E: btst    #$5, ($4,A4)
D0=DE10 D1=DCBC D2=0 D3=FFFF D4=8402CC0 D5=802180B3 D6=842184B3 D7=FFFF A0=3C0002 A1=101F00 A2=F6D2E A3=108F60 A4=10F1128 A5=108000 A6=108E3C PC=4024 -- 004024: beq     $4056
D0=DE10 D1=DCBC D2=0 D3=FFFF D4=8402CC0 D5=802180B3 D6=842184B3 D7=FFFF A0=3C0002 A1=101F00 A2=F6D2E A3=108F60 A4=10F1128 A5=108000 A6=108E3C PC=4056 -- 004056: tst.b   ($7c,A1)
D0=DE10 D1=DCBC D2=0 D3=FFFF D4=8402CC0 D5=802180B3 D6=842184B3 D7=FFFF A0=3C0002 A1=101F00 A2=F6D2E A3=108F60 A4=10F1128 A5=108000 A6=108E3C PC=405A -- 00405A: bpl     $4064
D0=DE10 D1=DCBC D2=0 D3=FFFF D4=8402CC0 D5=802180B3 D6=842184B3 D7=FFFF A0=3C0002 A1=101F00 A2=F6D2E A3=108F60 A4=10F1128 A5=108000 A6=108E3C PC=4064 -- 004064: movea.l (A7)+, A0
D0=DE10 D1=DCBC D2=0 D3=FFFF D4=8402CC0 D5=802180B3 D6=842184B3 D7=FFFF A0=108928 A1=101F00 A2=F6D2E A3=108F60 A4=10F1128 A5=108000 A6=108E3C PC=4066 -- 004066: subq.w  #1, ($e3a,A5)
D0=DE10 D1=DCBC D2=0 D3=FFFF D4=8402CC0 D5=802180B3 D6=842184B3 D7=FFFF A0=108928 A1=101F00 A2=F6D2E A3=108F60 A4=10F1128 A5=108000 A6=108E3C PC=406A -- 00406A: bne     $3f32
D0=DE10 D1=DCBC D2=0 D3=FFFF D4=8402CC0 D5=802180B3 D6=842184B3 D7=FFFF A0=108928 A1=101F00 A2=F6D2E A3=108F60 A4=10F1128 A5=108000 A6=108E3C PC=3F32 -- 003F32: move.w  (A0)+, D0
D0=2100 D1=DCBC D2=0 D3=FFFF D4=8402CC0 D5=802180B3 D6=842184B3 D7=FFFF A0=10892A A1=101F00 A2=F6D2E A3=108F60 A4=10F1128 A5=108000 A6=108E3C PC=3F34 -- 003F34: beq     $3f32
D0=2100 D1=DCBC D2=0 D3=FFFF D4=8402CC0 D5=802180B3 D6=842184B3 D7=FFFF A0=10892A A1=101F00 A2=F6D2E A3=108F60 A4=10F1128 A5=108000 A6=108E3C PC=3F36 -- 003F36: clr.w   (-$2,A0)
D0=2100 D1=DCBC D2=0 D3=FFFF D4=8402CC0 D5=802180B3 D6=842184B3 D7=FFFF A0=10892A A1=101F00 A2=F6D2E A3=108F60 A4=10F1128 A5=108000 A6=108E3C PC=3F3A -- 003F3A: move.l  A5, D1
D0=2100 D1=108000 D2=0 D3=FFFF D4=8402CC0 D5=802180B3 D6=842184B3 D7=FFFF A0=10892A A1=101F00 A2=F6D2E A3=108F60 A4=10F1128 A5=108000 A6=108E3C PC=3F3C -- 003F3C: move.w  D0, D1
D0=2100 D1=102100 D2=0 D3=FFFF D4=8402CC0 D5=802180B3 D6=842184B3 D7=FFFF A0=10892A A1=101F00 A2=F6D2E A3=108F60 A4=10F1128 A5=108000 A6=108E3C PC=3F3E -- 003F3E: movea.l D1, A1
D0=2100 D1=102100 D2=0 D3=FFFF D4=8402CC0 D5=802180B3 D6=842184B3 D7=FFFF A0=10892A A1=102100 A2=F6D2E A3=108F60 A4=10F1128 A5=108000 A6=108E3C PC=3F40 -- 003F40: movea.l ($28,A1), A2
D0=2100 D1=102100 D2=0 D3=FFFF D4=8402CC0 D5=802180B3 D6=842184B3 D7=FFFF A0=10892A A1=102100 A2=F6D24 A3=108F60 A4=10F1128 A5=108000 A6=108E3C PC=3F44 -- 003F44: lea     $7bf48.l, A4
D0=2100 D1=102100 D2=0 D3=FFFF D4=8402CC0 D5=802180B3 D6=842184B3 D7=FFFF A0=10892A A1=102100 A2=F6D24 A3=108F60 A4=7BF48 A5=108000 A6=108E3C PC=3F4A -- 003F4A: move.w  ($70,A1), D0
D0=1B D1=102100 D2=0 D3=FFFF D4=8402CC0 D5=802180B3 D6=842184B3 D7=FFFF A0=10892A A1=102100 A2=F6D24 A3=108F60 A4=7BF48 A5=108000 A6=108E3C PC=3F4E -- 003F4E: add.w   D0, D0
D0=36 D1=102100 D2=0 D3=FFFF D4=8402CC0 D5=802180B3 D6=842184B3 D7=FFFF A0=10892A A1=102100 A2=F6D24 A3=108F60 A4=7BF48 A5=108000 A6=108E3C PC=3F50 -- 003F50: add.w   D0, D0
D0=6C D1=102100 D2=0 D3=FFFF D4=8402CC0 D5=802180B3 D6=842184B3 D7=FFFF A0=10892A A1=102100 A2=F6D24 A3=108F60 A4=7BF48 A5=108000 A6=108E3C PC=3F52 -- 003F52: movea.l (A4,D0.w), A4
D0=6C D1=102100 D2=0 D3=FFFF D4=8402CC0 D5=802180B3 D6=842184B3 D7=FFFF A0=10892A A1=102100 A2=F6D24 A3=108F60 A4=7F5E0 A5=108000 A6=108E3C PC=3F56 -- 003F56: move.w  ($72,A1), D0
D0=3B D1=102100 D2=0 D3=FFFF D4=8402CC0 D5=802180B3 D6=842184B3 D7=FFFF A0=10892A A1=102100 A2=F6D24 A3=108F60 A4=7F5E0 A5=108000 A6=108E3C PC=3F5A -- 003F5A: add.w   D0, D0
D0=76 D1=102100 D2=0 D3=FFFF D4=8402CC0 D5=802180B3 D6=842184B3 D7=FFFF A0=10892A A1=102100 A2=F6D24 A3=108F60 A4=7F5E0 A5=108000 A6=108E3C PC=3F5C -- 003F5C: move.w  (A4,D0.w), ($46de,A5)
D0=76 D1=102100 D2=0 D3=FFFF D4=8402CC0 D5=802180B3 D6=842184B3 D7=FFFF A0=10892A A1=102100 A2=F6D24 A3=108F60 A4=7F5E0 A5=108000 A6=108E3C PC=3F62 -- 003F62: lea     $80000.l, A4
D0=76 D1=102100 D2=0 D3=FFFF D4=8402CC0 D5=802180B3 D6=842184B3 D7=FFFF A0=10892A A1=102100 A2=F6D24 A3=108F60 A4=80000 A5=108000 A6=108E3C PC=3F68 -- 003F68: move.w  ($70,A1), D0
D0=1B D1=102100 D2=0 D3=FFFF D4=8402CC0 D5=802180B3 D6=842184B3 D7=FFFF A0=10892A A1=102100 A2=F6D24 A3=108F60 A4=80000 A5=108000 A6=108E3C PC=3F6C -- 003F6C: add.w   D0, D0
D0=36 D1=102100 D2=0 D3=FFFF D4=8402CC0 D5=802180B3 D6=842184B3 D7=FFFF A0=10892A A1=102100 A2=F6D24 A3=108F60 A4=80000 A5=108000 A6=108E3C PC=3F6E -- 003F6E: add.w   D0, D0
D0=6C D1=102100 D2=0 D3=FFFF D4=8402CC0 D5=802180B3 D6=842184B3 D7=FFFF A0=10892A A1=102100 A2=F6D24 A3=108F60 A4=80000 A5=108000 A6=108E3C PC=3F70 -- 003F70: movea.l (A4,D0.w), A4
D0=6C D1=102100 D2=0 D3=FFFF D4=8402CC0 D5=802180B3 D6=842184B3 D7=FFFF A0=10892A A1=102100 A2=F6D24 A3=108F60 A4=86E00 A5=108000 A6=108E3C PC=3F74 -- 003F74: move.w  ($46de,A5), D0
D0=3B3B D1=102100 D2=0 D3=FFFF D4=8402CC0 D5=802180B3 D6=842184B3 D7=FFFF A0=10892A A1=102100 A2=F6D24 A3=108F60 A4=86E00 A5=108000 A6=108E3C PC=3F78 -- 003F78: tst.b   ($46e2,A5)
D0=3B3B D1=102100 D2=0 D3=FFFF D4=8402CC0 D5=802180B3 D6=842184B3 D7=FFFF A0=10892A A1=102100 A2=F6D24 A3=108F60 A4=86E00 A5=108000 A6=108E3C PC=3F7C -- 003F7C: beq     $3f82
D0=3B3B D1=102100 D2=0 D3=FFFF D4=8402CC0 D5=802180B3 D6=842184B3 D7=FFFF A0=10892A A1=102100 A2=F6D24 A3=108F60 A4=86E00 A5=108000 A6=108E3C PC=3F82 -- 003F82: andi.w  #$ff, D0
D0=3B D1=102100 D2=0 D3=FFFF D4=8402CC0 D5=802180B3 D6=842184B3 D7=FFFF A0=10892A A1=102100 A2=F6D24 A3=108F60 A4=86E00 A5=108000 A6=108E3C PC=3F86 -- 003F86: add.w   D0, D0
D0=76 D1=102100 D2=0 D3=FFFF D4=8402CC0 D5=802180B3 D6=842184B3 D7=FFFF A0=10892A A1=102100 A2=F6D24 A3=108F60 A4=86E00 A5=108000 A6=108E3C PC=3F88 -- 003F88: add.w   D0, D0
D0=EC D1=102100 D2=0 D3=FFFF D4=8402CC0 D5=802180B3 D6=842184B3 D7=FFFF A0=10892A A1=102100 A2=F6D24 A3=108F60 A4=86E00 A5=108000 A6=108E3C PC=3F8A -- 003F8A: movea.l (A4,D0.w), A4
D0=EC D1=102100 D2=0 D3=FFFF D4=8402CC0 D5=802180B3 D6=842184B3 D7=FFFF A0=10892A A1=102100 A2=F6D24 A3=108F60 A4=F312A A5=108000 A6=108E3C PC=3F8E -- 003F8E: move.w  ($74,A1), D0
D0=0 D1=102100 D2=0 D3=FFFF D4=8402CC0 D5=802180B3 D6=842184B3 D7=FFFF A0=10892A A1=102100 A2=F6D24 A3=108F60 A4=F312A A5=108000 A6=108E3C PC=3F92 -- 003F92: adda.w  D0, A4
D0=0 D1=102100 D2=0 D3=FFFF D4=8402CC0 D5=802180B3 D6=842184B3 D7=FFFF A0=10892A A1=102100 A2=F6D24 A3=108F60 A4=F312A A5=108000 A6=108E3C PC=3F94 -- 003F94: move.l  (A4), D0
D0=10F1122 D1=102100 D2=0 D3=FFFF D4=8402CC0 D5=802180B3 D6=842184B3 D7=FFFF A0=10892A A1=102100 A2=F6D24 A3=108F60 A4=F312A A5=108000 A6=108E3C PC=3F96 -- 003F96: movea.l D0, A4
D0=10F1122 D1=102100 D2=0 D3=FFFF D4=8402CC0 D5=802180B3 D6=842184B3 D7=FFFF A0=10892A A1=102100 A2=F6D24 A3=108F60 A4=10F1122 A5=108000 A6=108E3C PC=3F98 -- 003F98: move.l  A0, -(A7)
D0=10F1122 D1=102100 D2=0 D3=FFFF D4=8402CC0 D5=802180B3 D6=842184B3 D7=FFFF A0=10892A A1=102100 A2=F6D24 A3=108F60 A4=10F1122 A5=108000 A6=108E3C PC=3F9A -- 003F9A: lea     $3c0002.l, A0
D0=10F1122 D1=102100 D2=0 D3=FFFF D4=8402CC0 D5=802180B3 D6=842184B3 D7=FFFF A0=3C0002 A1=102100 A2=F6D24 A3=108F60 A4=10F1122 A5=108000 A6=108E3C PC=3FA0 -- 003FA0: tst.b   ($7c,A1)
D0=10F1122 D1=102100 D2=0 D3=FFFF D4=8402CC0 D5=802180B3 D6=842184B3 D7=FFFF A0=3C0002 A1=102100 A2=F6D24 A3=108F60 A4=10F1122 A5=108000 A6=108E3C PC=3FA4 -- 003FA4: bpl     $3fc0
D0=10F1122 D1=102100 D2=0 D3=FFFF D4=8402CC0 D5=802180B3 D6=842184B3 D7=FFFF A0=3C0002 A1=102100 A2=F6D24 A3=108F60 A4=10F1122 A5=108000 A6=108E3C PC=3FC0 -- 003FC0: moveq   #$0, D0
D0=0 D1=102100 D2=0 D3=FFFF D4=8402CC0 D5=802180B3 D6=842184B3 D7=FFFF A0=3C0002 A1=102100 A2=F6D24 A3=108F60 A4=10F1122 A5=108000 A6=108E3C PC=3FC2 -- 003FC2: move.b  (A2), D0
D0=2 D1=102100 D2=0 D3=FFFF D4=8402CC0 D5=802180B3 D6=842184B3 D7=FFFF A0=3C0002 A1=102100 A2=F6D24 A3=108F60 A4=10F1122 A5=108000 A6=108E3C PC=3FC4 -- 003FC4: sub.w   D0, ($794,A5)
D0=2 D1=102100 D2=0 D3=FFFF D4=8402CC0 D5=802180B3 D6=842184B3 D7=FFFF A0=3C0002 A1=102100 A2=F6D24 A3=108F60 A4=10F1122 A5=108000 A6=108E3C PC=3FC8 -- 003FC8: bcc     $3fd2
D0=2 D1=102100 D2=0 D3=FFFF D4=8402CC0 D5=802180B3 D6=842184B3 D7=FFFF A0=3C0002 A1=102100 A2=F6D24 A3=108F60 A4=10F1122 A5=108000 A6=108E3C PC=3FD2 -- 003FD2: move.l  A6, -(A7)
D0=2 D1=102100 D2=0 D3=FFFF D4=8402CC0 D5=802180B3 D6=842184B3 D7=FFFF A0=3C0002 A1=102100 A2=F6D24 A3=108F60 A4=10F1122 A5=108000 A6=108E3C PC=3FD4 -- 003FD4: btst    #$6, ($7c,A1)
D0=2 D1=102100 D2=0 D3=FFFF D4=8402CC0 D5=802180B3 D6=842184B3 D7=FFFF A0=3C0002 A1=102100 A2=F6D24 A3=108F60 A4=10F1122 A5=108000 A6=108E3C PC=3FDA -- 003FDA: bne     $400c
D0=2 D1=102100 D2=0 D3=FFFF D4=8402CC0 D5=802180B3 D6=842184B3 D7=FFFF A0=3C0002 A1=102100 A2=F6D24 A3=108F60 A4=10F1122 A5=108000 A6=108E3C PC=3FDE -- 003FDE: moveq   #$0, D1
D0=2 D1=0 D2=0 D3=FFFF D4=8402CC0 D5=802180B3 D6=842184B3 D7=FFFF A0=3C0002 A1=102100 A2=F6D24 A3=108F60 A4=10F1122 A5=108000 A6=108E3C PC=3FE0 -- 003FE0: move.b  ($82,A1), D1
D0=2 D1=0 D2=0 D3=FFFF D4=8402CC0 D5=802180B3 D6=842184B3 D7=FFFF A0=3C0002 A1=102100 A2=F6D24 A3=108F60 A4=10F1122 A5=108000 A6=108E3C PC=3FE4 -- 003FE4: add.w   D1, D1
D0=2 D1=0 D2=0 D3=FFFF D4=8402CC0 D5=802180B3 D6=842184B3 D7=FFFF A0=3C0002 A1=102100 A2=F6D24 A3=108F60 A4=10F1122 A5=108000 A6=108E3C PC=3FE6 -- 003FE6: add.w   D1, D1
D0=2 D1=0 D2=0 D3=FFFF D4=8402CC0 D5=802180B3 D6=842184B3 D7=FFFF A0=3C0002 A1=102100 A2=F6D24 A3=108F60 A4=10F1122 A5=108000 A6=108E3C PC=3FE8 -- 003FE8: move.w  ($18,A1), D0
D0=90 D1=0 D2=0 D3=FFFF D4=8402CC0 D5=802180B3 D6=842184B3 D7=FFFF A0=3C0002 A1=102100 A2=F6D24 A3=108F60 A4=10F1122 A5=108000 A6=108E3C PC=3FEC -- 003FEC: lea     ($104c,A5), A6
D0=90 D1=0 D2=0 D3=FFFF D4=8402CC0 D5=802180B3 D6=842184B3 D7=FFFF A0=3C0002 A1=102100 A2=F6D24 A3=108F60 A4=10F1122 A5=108000 A6=10904C PC=3FF0 -- 003FF0: sub.w   (A6,D1.w), D0
D0=90 D1=0 D2=0 D3=FFFF D4=8402CC0 D5=802180B3 D6=842184B3 D7=FFFF A0=3C0002 A1=102100 A2=F6D24 A3=108F60 A4=10F1122 A5=108000 A6=10904C PC=3FF4 -- 003FF4: move.w  D0, ($24,A1)
D0=90 D1=0 D2=0 D3=FFFF D4=8402CC0 D5=802180B3 D6=842184B3 D7=FFFF A0=3C0002 A1=102100 A2=F6D24 A3=108F60 A4=10F1122 A5=108000 A6=10904C PC=3FF8 -- 003FF8: move.w  ($1c,A1), D0
D0=C8 D1=0 D2=0 D3=FFFF D4=8402CC0 D5=802180B3 D6=842184B3 D7=FFFF A0=3C0002 A1=102100 A2=F6D24 A3=108F60 A4=10F1122 A5=108000 A6=10904C PC=3FFC -- 003FFC: sub.w   ($20,A1), D0
D0=C8 D1=0 D2=0 D3=FFFF D4=8402CC0 D5=802180B3 D6=842184B3 D7=FFFF A0=3C0002 A1=102100 A2=F6D24 A3=108F60 A4=10F1122 A5=108000 A6=10904C PC=4000 -- 004000: lea     ($1058,A5), A6
D0=C8 D1=0 D2=0 D3=FFFF D4=8402CC0 D5=802180B3 D6=842184B3 D7=FFFF A0=3C0002 A1=102100 A2=F6D24 A3=108F60 A4=10F1122 A5=108000 A6=109058 PC=4004 -- 004004: sub.w   (A6,D1.w), D0
D0=C8 D1=0 D2=0 D3=FFFF D4=8402CC0 D5=802180B3 D6=842184B3 D7=FFFF A0=3C0002 A1=102100 A2=F6D24 A3=108F60 A4=10F1122 A5=108000 A6=109058 PC=4008 -- 004008: move.w  D0, ($26,A1)
D0=C8 D1=0 D2=0 D3=FFFF D4=8402CC0 D5=802180B3 D6=842184B3 D7=FFFF A0=3C0002 A1=102100 A2=F6D24 A3=108F60 A4=10F1122 A5=108000 A6=109058 PC=400C -- 00400C: tst.b   ($3a66,A5)
D0=C8 D1=0 D2=0 D3=FFFF D4=8402CC0 D5=802180B3 D6=842184B3 D7=FFFF A0=3C0002 A1=102100 A2=F6D24 A3=108F60 A4=10F1122 A5=108000 A6=109058 PC=4010 -- 004010: bmi     $4018
D0=C8 D1=0 D2=0 D3=FFFF D4=8402CC0 D5=802180B3 D6=842184B3 D7=FFFF A0=3C0002 A1=102100 A2=F6D24 A3=108F60 A4=10F1122 A5=108000 A6=109058 PC=4012 -- 004012: bsr     $4088
D0=C8 D1=0 D2=0 D3=FFFF D4=8402CC0 D5=802180B3 D6=842184B3 D7=FFFF A0=3C0002 A1=102100 A2=F6D24 A3=108F60 A4=10F1122 A5=108000 A6=109058 PC=4088 -- 004088: move.w  (A4), D0
D0=FFD0 D1=0 D2=0 D3=FFFF D4=8402CC0 D5=802180B3 D6=842184B3 D7=FFFF A0=3C0002 A1=102100 A2=F6D24 A3=108F60 A4=10F1122 A5=108000 A6=109058 PC=408A -- 00408A: move.b  ($31,A1), D1
D0=FFD0 D1=0 D2=0 D3=FFFF D4=8402CC0 D5=802180B3 D6=842184B3 D7=FFFF A0=3C0002 A1=102100 A2=F6D24 A3=108F60 A4=10F1122 A5=108000 A6=109058 PC=408E -- 00408E: move.b  ($4,A4), D2
D0=FFD0 D1=0 D2=0 D3=FFFF D4=8402CC0 D5=802180B3 D6=842184B3 D7=FFFF A0=3C0002 A1=102100 A2=F6D24 A3=108F60 A4=10F1122 A5=108000 A6=109058 PC=4092 -- 004092: rol.b   #2, D2
D0=FFD0 D1=0 D2=0 D3=FFFF D4=8402CC0 D5=802180B3 D6=842184B3 D7=FFFF A0=3C0002 A1=102100 A2=F6D24 A3=108F60 A4=10F1122 A5=108000 A6=109058 PC=4094 -- 004094: eor.w   D2, D1
D0=FFD0 D1=0 D2=0 D3=FFFF D4=8402CC0 D5=802180B3 D6=842184B3 D7=FFFF A0=3C0002 A1=102100 A2=F6D24 A3=108F60 A4=10F1122 A5=108000 A6=109058 PC=4096 -- 004096: andi.w  #$3, D1
D0=FFD0 D1=0 D2=0 D3=FFFF D4=8402CC0 D5=802180B3 D6=842184B3 D7=FFFF A0=3C0002 A1=102100 A2=F6D24 A3=108F60 A4=10F1122 A5=108000 A6=109058 PC=409A -- 00409A: move.w  D1, ($790,A5)
D0=FFD0 D1=0 D2=0 D3=FFFF D4=8402CC0 D5=802180B3 D6=842184B3 D7=FFFF A0=3C0002 A1=102100 A2=F6D24 A3=108F60 A4=10F1122 A5=108000 A6=109058 PC=409E -- 00409E: andi.w  #$1, D1
D0=FFD0 D1=0 D2=0 D3=FFFF D4=8402CC0 D5=802180B3 D6=842184B3 D7=FFFF A0=3C0002 A1=102100 A2=F6D24 A3=108F60 A4=10F1122 A5=108000 A6=109058 PC=40A2 -- 0040A2: beq     $40ae
D0=FFD0 D1=0 D2=0 D3=FFFF D4=8402CC0 D5=802180B3 D6=842184B3 D7=FFFF A0=3C0002 A1=102100 A2=F6D24 A3=108F60 A4=10F1122 A5=108000 A6=109058 PC=40AE -- 0040AE: moveq   #$0, D1
D0=FFD0 D1=0 D2=0 D3=FFFF D4=8402CC0 D5=802180B3 D6=842184B3 D7=FFFF A0=3C0002 A1=102100 A2=F6D24 A3=108F60 A4=10F1122 A5=108000 A6=109058 PC=40B0 -- 0040B0: move.b  ($68,A1), D1
D0=FFD0 D1=FF D2=0 D3=FFFF D4=8402CC0 D5=802180B3 D6=842184B3 D7=FFFF A0=3C0002 A1=102100 A2=F6D24 A3=108F60 A4=10F1122 A5=108000 A6=109058 PC=40B4 -- 0040B4: addq.w  #1, D1
D0=FFD0 D1=100 D2=0 D3=FFFF D4=8402CC0 D5=802180B3 D6=842184B3 D7=FFFF A0=3C0002 A1=102100 A2=F6D24 A3=108F60 A4=10F1122 A5=108000 A6=109058 PC=40B6 -- 0040B6: muls.w  D1, D0
D0=FFFFD000 D1=100 D2=0 D3=FFFF D4=8402CC0 D5=802180B3 D6=842184B3 D7=FFFF A0=3C0002 A1=102100 A2=F6D24 A3=108F60 A4=10F1122 A5=108000 A6=109058 PC=40B8 -- 0040B8: lsr.l   #8, D0
D0=FFFFD0 D1=100 D2=0 D3=FFFF D4=8402CC0 D5=802180B3 D6=842184B3 D7=FFFF A0=3C0002 A1=102100 A2=F6D24 A3=108F60 A4=10F1122 A5=108000 A6=109058 PC=40BA -- 0040BA: add.w   ($24,A1), D0
D0=FF0060 D1=100 D2=0 D3=FFFF D4=8402CC0 D5=802180B3 D6=842184B3 D7=FFFF A0=3C0002 A1=102100 A2=F6D24 A3=108F60 A4=10F1122 A5=108000 A6=109058 PC=40BE -- 0040BE: lsl.w   #7, D0
D0=FF3000 D1=100 D2=0 D3=FFFF D4=8402CC0 D5=802180B3 D6=842184B3 D7=FFFF A0=3C0002 A1=102100 A2=F6D24 A3=108F60 A4=10F1122 A5=108000 A6=109058 PC=40C0 -- 0040C0: move.w  D6, (-$2,A0)
D0=FF3000 D1=100 D2=0 D3=FFFF D4=8402CC0 D5=802180B3 D6=842184B3 D7=FFFF A0=3C0002 A1=102100 A2=F6D24 A3=108F60 A4=10F1122 A5=108000 A6=109058 PC=40C4 -- 0040C4: move.w  D0, (A0)
D0=FF3000 D1=100 D2=0 D3=FFFF D4=8402CC0 D5=802180B3 D6=842184B3 D7=FFFF A0=3C0002 A1=102100 A2=F6D24 A3=108F60 A4=10F1122 A5=108000 A6=109058 PC=40C6 -- 0040C6: moveq   #$0, D0
D0=0 D1=100 D2=0 D3=FFFF D4=8402CC0 D5=802180B3 D6=842184B3 D7=FFFF A0=3C0002 A1=102100 A2=F6D24 A3=108F60 A4=10F1122 A5=108000 A6=109058 PC=40C8 -- 0040C8: move.b  (A2), D0
D0=2 D1=100 D2=0 D3=FFFF D4=8402CC0 D5=802180B3 D6=842184B3 D7=FFFF A0=3C0002 A1=102100 A2=F6D24 A3=108F60 A4=10F1122 A5=108000 A6=109058 PC=40CA -- 0040CA: add.w   D0, D6
D0=2 D1=100 D2=0 D3=FFFF D4=8402CC0 D5=802180B3 D6=842184B5 D7=FFFF A0=3C0002 A1=102100 A2=F6D24 A3=108F60 A4=10F1122 A5=108000 A6=109058 PC=40CC -- 0040CC: move.w  ($2,A4), D0
D0=FFF7 D1=100 D2=0 D3=FFFF D4=8402CC0 D5=802180B3 D6=842184B5 D7=FFFF A0=3C0002 A1=102100 A2=F6D24 A3=108F60 A4=10F1122 A5=108000 A6=109058 PC=40D0 -- 0040D0: btst    #$1, ($791,A5)
D0=FFF7 D1=100 D2=0 D3=FFFF D4=8402CC0 D5=802180B3 D6=842184B5 D7=FFFF A0=3C0002 A1=102100 A2=F6D24 A3=108F60 A4=10F1122 A5=108000 A6=109058 PC=40D6 -- 0040D6: beq     $40e4
D0=FFF7 D1=100 D2=0 D3=FFFF D4=8402CC0 D5=802180B3 D6=842184B5 D7=FFFF A0=3C0002 A1=102100 A2=F6D24 A3=108F60 A4=10F1122 A5=108000 A6=109058 PC=40E4 -- 0040E4: moveq   #$0, D1
D0=FFF7 D1=0 D2=0 D3=FFFF D4=8402CC0 D5=802180B3 D6=842184B5 D7=FFFF A0=3C0002 A1=102100 A2=F6D24 A3=108F60 A4=10F1122 A5=108000 A6=109058 PC=40E6 -- 0040E6: move.b  ($69,A1), D1
D0=FFF7 D1=FF D2=0 D3=FFFF D4=8402CC0 D5=802180B3 D6=842184B5 D7=FFFF A0=3C0002 A1=102100 A2=F6D24 A3=108F60 A4=10F1122 A5=108000 A6=109058 PC=40EA -- 0040EA: addq.w  #1, D1
D0=FFF7 D1=100 D2=0 D3=FFFF D4=8402CC0 D5=802180B3 D6=842184B5 D7=FFFF A0=3C0002 A1=102100 A2=F6D24 A3=108F60 A4=10F1122 A5=108000 A6=109058 PC=40EC -- 0040EC: muls.w  D1, D0
D0=FFFFF700 D1=100 D2=0 D3=FFFF D4=8402CC0 D5=802180B3 D6=842184B5 D7=FFFF A0=3C0002 A1=102100 A2=F6D24 A3=108F60 A4=10F1122 A5=108000 A6=109058 PC=40EE -- 0040EE: lsr.l   #8, D0
D0=FFFFF7 D1=100 D2=0 D3=FFFF D4=8402CC0 D5=802180B3 D6=842184B5 D7=FFFF A0=3C0002 A1=102100 A2=F6D24 A3=108F60 A4=10F1122 A5=108000 A6=109058 PC=40F0 -- 0040F0: add.w   ($26,A1), D0
D0=FF00BF D1=100 D2=0 D3=FFFF D4=8402CC0 D5=802180B3 D6=842184B5 D7=FFFF A0=3C0002 A1=102100 A2=F6D24 A3=108F60 A4=10F1122 A5=108000 A6=109058 PC=40F4 -- 0040F4: neg.w   D0
D0=FFFF41 D1=100 D2=0 D3=FFFF D4=8402CC0 D5=802180B3 D6=842184B5 D7=FFFF A0=3C0002 A1=102100 A2=F6D24 A3=108F60 A4=10F1122 A5=108000 A6=109058 PC=40F6 -- 0040F6: addi.w  #$1ff, D0
D0=FF0140 D1=100 D2=0 D3=FFFF D4=8402CC0 D5=802180B3 D6=842184B5 D7=FFFF A0=3C0002 A1=102100 A2=F6D24 A3=108F60 A4=10F1122 A5=108000 A6=109058 PC=40FA -- 0040FA: lsl.w   #7, D0
D0=FFA000 D1=100 D2=0 D3=FFFF D4=8402CC0 D5=802180B3 D6=842184B5 D7=FFFF A0=3C0002 A1=102100 A2=F6D24 A3=108F60 A4=10F1122 A5=108000 A6=109058 PC=40FC -- 0040FC: bsr     $4772
D0=FFA000 D1=100 D2=0 D3=FFFF D4=8402CC0 D5=802180B3 D6=842184B5 D7=FFFF A0=3C0002 A1=102100 A2=F6D24 A3=108F60 A4=10F1122 A5=108000 A6=109058 PC=4772 -- 004772: move.w  D0, -(A7)
D0=FFA000 D1=100 D2=0 D3=FFFF D4=8402CC0 D5=802180B3 D6=842184B5 D7=FFFF A0=3C0002 A1=102100 A2=F6D24 A3=108F60 A4=10F1122 A5=108000 A6=109058 PC=4774 -- 004774: moveq   #-$1, D0
D0=FFFFFFFF D1=100 D2=0 D3=FFFF D4=8402CC0 D5=802180B3 D6=842184B5 D7=FFFF A0=3C0002 A1=102100 A2=F6D24 A3=108F60 A4=10F1122 A5=108000 A6=109058 PC=4776 -- 004776: moveq   #$0, D1
D0=FFFFFFFF D1=0 D2=0 D3=FFFF D4=8402CC0 D5=802180B3 D6=842184B5 D7=FFFF A0=3C0002 A1=102100 A2=F6D24 A3=108F60 A4=10F1122 A5=108000 A6=109058 PC=4778 -- 004778: move.b  ($1,A2), D1
D0=FFFFFFFF D1=2 D2=0 D3=FFFF D4=8402CC0 D5=802180B3 D6=842184B5 D7=FFFF A0=3C0002 A1=102100 A2=F6D24 A3=108F60 A4=10F1122 A5=108000 A6=109058 PC=477C -- 00477C: cmpi.b  #-$1, ($69,A1)
D0=FFFFFFFF D1=2 D2=0 D3=FFFF D4=8402CC0 D5=802180B3 D6=842184B5 D7=FFFF A0=3C0002 A1=102100 A2=F6D24 A3=108F60 A4=10F1122 A5=108000 A6=109058 PC=4782 -- 004782: beq     $47b4
D0=FFFFFFFF D1=2 D2=0 D3=FFFF D4=8402CC0 D5=802180B3 D6=842184B5 D7=FFFF A0=3C0002 A1=102100 A2=F6D24 A3=108F60 A4=10F1122 A5=108000 A6=109058 PC=47B4 -- 0047B4: move.b  D0, ($78f,A5)
D0=FFFFFFFF D1=2 D2=0 D3=FFFF D4=8402CC0 D5=802180B3 D6=842184B5 D7=FFFF A0=3C0002 A1=102100 A2=F6D24 A3=108F60 A4=10F1122 A5=108000 A6=109058 PC=47B8 -- 0047B8: move.b  D1, ($78e,A5)
D0=FFFFFFFF D1=2 D2=0 D3=FFFF D4=8402CC0 D5=802180B3 D6=842184B5 D7=FFFF A0=3C0002 A1=102100 A2=F6D24 A3=108F60 A4=10F1122 A5=108000 A6=109058 PC=47BC -- 0047BC: move.w  (A7)+, D0
D0=FFFFA000 D1=2 D2=0 D3=FFFF D4=8402CC0 D5=802180B3 D6=842184B5 D7=FFFF A0=3C0002 A1=102100 A2=F6D24 A3=108F60 A4=10F1122 A5=108000 A6=109058 PC=47BE -- 0047BE: rts
D0=FFFFA000 D1=2 D2=0 D3=FFFF D4=8402CC0 D5=802180B3 D6=842184B5 D7=FFFF A0=3C0002 A1=102100 A2=F6D24 A3=108F60 A4=10F1122 A5=108000 A6=109058 PC=4100 -- 004100: add.b   ($78e,A5), D0
D0=FFFFA002 D1=2 D2=0 D3=FFFF D4=8402CC0 D5=802180B3 D6=842184B5 D7=FFFF A0=3C0002 A1=102100 A2=F6D24 A3=108F60 A4=10F1122 A5=108000 A6=109058 PC=4104 -- 004104: move.w  D0, (A3)+
D0=FFFFA002 D1=2 D2=0 D3=FFFF D4=8402CC0 D5=802180B3 D6=842184B5 D7=FFFF A0=3C0002 A1=102100 A2=F6D24 A3=108F62 A4=10F1122 A5=108000 A6=109058 PC=4106 -- 004106: moveq   #$0, D0
D0=0 D1=2 D2=0 D3=FFFF D4=8402CC0 D5=802180B3 D6=842184B5 D7=FFFF A0=3C0002 A1=102100 A2=F6D24 A3=108F62 A4=10F1122 A5=108000 A6=109058 PC=4108 -- 004108: move.b  (A2), D0
D0=2 D1=2 D2=0 D3=FFFF D4=8402CC0 D5=802180B3 D6=842184B5 D7=FFFF A0=3C0002 A1=102100 A2=F6D24 A3=108F62 A4=10F1122 A5=108000 A6=109058 PC=410A -- 00410A: subq.b  #2, D0
D0=0 D1=2 D2=0 D3=FFFF D4=8402CC0 D5=802180B3 D6=842184B5 D7=FFFF A0=3C0002 A1=102100 A2=F6D24 A3=108F62 A4=10F1122 A5=108000 A6=109058 PC=410C -- 00410C: bmi     $4118
D0=0 D1=2 D2=0 D3=FFFF D4=8402CC0 D5=802180B3 D6=842184B5 D7=FFFF A0=3C0002 A1=102100 A2=F6D24 A3=108F62 A4=10F1122 A5=108000 A6=109058 PC=410E -- 00410E: move.w  #$40, D1
D0=0 D1=40 D2=0 D3=FFFF D4=8402CC0 D5=802180B3 D6=842184B5 D7=FFFF A0=3C0002 A1=102100 A2=F6D24 A3=108F62 A4=10F1122 A5=108000 A6=109058 PC=4112 -- 004112: move.w  D1, (A3)+
D0=0 D1=40 D2=0 D3=FFFF D4=8402CC0 D5=802180B3 D6=842184B5 D7=FFFF A0=3C0002 A1=102100 A2=F6D24 A3=108F64 A4=10F1122 A5=108000 A6=109058 PC=4114 -- 004114: dbra    D0, $4112
D0=FFFF D1=40 D2=0 D3=FFFF D4=8402CC0 D5=802180B3 D6=842184B5 D7=FFFF A0=3C0002 A1=102100 A2=F6D24 A3=108F64 A4=10F1122 A5=108000 A6=109058 PC=4118 -- 004118: move.w  #$1, ($2,A0)
D0=FFFF D1=40 D2=0 D3=FFFF D4=8402CC0 D5=802180B3 D6=842184B5 D7=FFFF A0=3C0002 A1=102100 A2=F6D24 A3=108F64 A4=10F1122 A5=108000 A6=109058 PC=411E -- 00411E: move.w  D5, (-$2,A0)
D0=FFFF D1=40 D2=0 D3=FFFF D4=8402CC0 D5=802180B3 D6=842184B5 D7=FFFF A0=3C0002 A1=102100 A2=F6D24 A3=108F64 A4=10F1122 A5=108000 A6=109058 PC=4122 -- 004122: moveq   #$0, D1
D0=FFFF D1=0 D2=0 D3=FFFF D4=8402CC0 D5=802180B3 D6=842184B5 D7=FFFF A0=3C0002 A1=102100 A2=F6D24 A3=108F64 A4=10F1122 A5=108000 A6=109058 PC=4124 -- 004124: move.b  ($68,A1), D0
D0=FFFF D1=0 D2=0 D3=FFFF D4=8402CC0 D5=802180B3 D6=842184B5 D7=FFFF A0=3C0002 A1=102100 A2=F6D24 A3=108F64 A4=10F1122 A5=108000 A6=109058 PC=4128 -- 004128: move.b  D0, D1
D0=FFFF D1=FF D2=0 D3=FFFF D4=8402CC0 D5=802180B3 D6=842184B5 D7=FFFF A0=3C0002 A1=102100 A2=F6D24 A3=108F64 A4=10F1122 A5=108000 A6=109058 PC=412A -- 00412A: andi.w  #$f, D0
D0=F D1=FF D2=0 D3=FFFF D4=8402CC0 D5=802180B3 D6=842184B5 D7=FFFF A0=3C0002 A1=102100 A2=F6D24 A3=108F64 A4=10F1122 A5=108000 A6=109058 PC=412E -- 00412E: lsr.b   #4, D1
D0=F D1=F D2=0 D3=FFFF D4=8402CC0 D5=802180B3 D6=842184B5 D7=FFFF A0=3C0002 A1=102100 A2=F6D24 A3=108F64 A4=10F1122 A5=108000 A6=109058 PC=4130 -- 004130: tst.b   D1
D0=F D1=F D2=0 D3=FFFF D4=8402CC0 D5=802180B3 D6=842184B5 D7=FFFF A0=3C0002 A1=102100 A2=F6D24 A3=108F64 A4=10F1122 A5=108000 A6=109058 PC=4132 -- 004132: beq     $4164
D0=F D1=F D2=0 D3=FFFF D4=8402CC0 D5=802180B3 D6=842184B5 D7=FFFF A0=3C0002 A1=102100 A2=F6D24 A3=108F64 A4=10F1122 A5=108000 A6=109058 PC=4134 -- 004134: lea     $4f9d2.l, A6
D0=F D1=F D2=0 D3=FFFF D4=8402CC0 D5=802180B3 D6=842184B5 D7=FFFF A0=3C0002 A1=102100 A2=F6D24 A3=108F64 A4=10F1122 A5=108000 A6=4F9D2 PC=413A -- 00413A: lsl.w   #5, D0
D0=1E0 D1=F D2=0 D3=FFFF D4=8402CC0 D5=802180B3 D6=842184B5 D7=FFFF A0=3C0002 A1=102100 A2=F6D24 A3=108F64 A4=10F1122 A5=108000 A6=4F9D2 PC=413C -- 00413C: adda.w  D0, A6
D0=1E0 D1=F D2=0 D3=FFFF D4=8402CC0 D5=802180B3 D6=842184B5 D7=FFFF A0=3C0002 A1=102100 A2=F6D24 A3=108F64 A4=10F1122 A5=108000 A6=4FBB2 PC=413E -- 00413E: moveq   #$f, D0
D0=F D1=F D2=0 D3=FFFF D4=8402CC0 D5=802180B3 D6=842184B5 D7=FFFF A0=3C0002 A1=102100 A2=F6D24 A3=108F64 A4=10F1122 A5=108000 A6=4FBB2 PC=4140 -- 004140: moveq   #$0, D2
D0=F D1=F D2=0 D3=FFFF D4=8402CC0 D5=802180B3 D6=842184B5 D7=FFFF A0=3C0002 A1=102100 A2=F6D24 A3=108F64 A4=10F1122 A5=108000 A6=4FBB2 PC=4142 -- 004142: move.b  (A2), D2
D0=F D1=F D2=2 D3=FFFF D4=8402CC0 D5=802180B3 D6=842184B5 D7=FFFF A0=3C0002 A1=102100 A2=F6D24 A3=108F64 A4=10F1122 A5=108000 A6=4FBB2 PC=4144 -- 004144: lsr.w   #1, D2
D0=F D1=F D2=1 D3=FFFF D4=8402CC0 D5=802180B3 D6=842184B5 D7=FFFF A0=3C0002 A1=102100 A2=F6D24 A3=108F64 A4=10F1122 A5=108000 A6=4FBB2 PC=4146 -- 004146: sub.w   D2, D0
D0=E D1=F D2=1 D3=FFFF D4=8402CC0 D5=802180B3 D6=842184B5 D7=FFFF A0=3C0002 A1=102100 A2=F6D24 A3=108F64 A4=10F1122 A5=108000 A6=4FBB2 PC=4148 -- 004148: adda.l  D0, A6
D0=E D1=F D2=1 D3=FFFF D4=8402CC0 D5=802180B3 D6=842184B5 D7=FFFF A0=3C0002 A1=102100 A2=F6D24 A3=108F64 A4=10F1122 A5=108000 A6=4FBC0 PC=414A -- 00414A: move.b  (A2), D0
D0=2 D1=F D2=1 D3=FFFF D4=8402CC0 D5=802180B3 D6=842184B5 D7=FFFF A0=3C0002 A1=102100 A2=F6D24 A3=108F64 A4=10F1122 A5=108000 A6=4FBC0 PC=414C -- 00414C: add.w   D0, D5
D0=2 D1=F D2=1 D3=FFFF D4=8402CC0 D5=802180B5 D6=842184B5 D7=FFFF A0=3C0002 A1=102100 A2=F6D24 A3=108F64 A4=10F1122 A5=108000 A6=4FBC0 PC=414E -- 00414E: subq.b  #1, D0
D0=1 D1=F D2=1 D3=FFFF D4=8402CC0 D5=802180B5 D6=842184B5 D7=FFFF A0=3C0002 A1=102100 A2=F6D24 A3=108F64 A4=10F1122 A5=108000 A6=4FBC0 PC=4150 -- 004150: move.b  D1, D2
D0=1 D1=F D2=F D3=FFFF D4=8402CC0 D5=802180B5 D6=842184B5 D7=FFFF A0=3C0002 A1=102100 A2=F6D24 A3=108F64 A4=10F1122 A5=108000 A6=4FBC0 PC=4152 -- 004152: sub.b   (A6)+, D2
D0=1 D1=F D2=F D3=FFFF D4=8402CC0 D5=802180B5 D6=842184B5 D7=FFFF A0=3C0002 A1=102100 A2=F6D24 A3=108F64 A4=10F1122 A5=108000 A6=4FBC1 PC=4154 -- 004154: lsl.w   #8, D2
D0=1 D1=F D2=F00 D3=FFFF D4=8402CC0 D5=802180B5 D6=842184B5 D7=FFFF A0=3C0002 A1=102100 A2=F6D24 A3=108F64 A4=10F1122 A5=108000 A6=4FBC1 PC=4156 -- 004156: move.b  ($69,A1), D2
D0=1 D1=F D2=FFF D3=FFFF D4=8402CC0 D5=802180B5 D6=842184B5 D7=FFFF A0=3C0002 A1=102100 A2=F6D24 A3=108F64 A4=10F1122 A5=108000 A6=4FBC1 PC=415A -- 00415A: move.w  D2, (A0)
D0=1 D1=F D2=FFF D3=FFFF D4=8402CC0 D5=802180B5 D6=842184B5 D7=FFFF A0=3C0002 A1=102100 A2=F6D24 A3=108F64 A4=10F1122 A5=108000 A6=4FBC1 PC=415C -- 00415C: dbra    D0, $4150
D0=0 D1=F D2=FFF D3=FFFF D4=8402CC0 D5=802180B5 D6=842184B5 D7=FFFF A0=3C0002 A1=102100 A2=F6D24 A3=108F64 A4=10F1122 A5=108000 A6=4FBC1 PC=4150 -- 004150: move.b  D1, D2
D0=0 D1=F D2=F0F D3=FFFF D4=8402CC0 D5=802180B5 D6=842184B5 D7=FFFF A0=3C0002 A1=102100 A2=F6D24 A3=108F64 A4=10F1122 A5=108000 A6=4FBC1 PC=4152 -- 004152: sub.b   (A6)+, D2
D0=0 D1=F D2=F0F D3=FFFF D4=8402CC0 D5=802180B5 D6=842184B5 D7=FFFF A0=3C0002 A1=102100 A2=F6D24 A3=108F64 A4=10F1122 A5=108000 A6=4FBC2 PC=4154 -- 004154: lsl.w   #8, D2
D0=0 D1=F D2=F00 D3=FFFF D4=8402CC0 D5=802180B5 D6=842184B5 D7=FFFF A0=3C0002 A1=102100 A2=F6D24 A3=108F64 A4=10F1122 A5=108000 A6=4FBC2 PC=4156 -- 004156: move.b  ($69,A1), D2
D0=0 D1=F D2=FFF D3=FFFF D4=8402CC0 D5=802180B5 D6=842184B5 D7=FFFF A0=3C0002 A1=102100 A2=F6D24 A3=108F64 A4=10F1122 A5=108000 A6=4FBC2 PC=415A -- 00415A: move.w  D2, (A0)
D0=0 D1=F D2=FFF D3=FFFF D4=8402CC0 D5=802180B5 D6=842184B5 D7=FFFF A0=3C0002 A1=102100 A2=F6D24 A3=108F64 A4=10F1122 A5=108000 A6=4FBC2 PC=415C -- 00415C: dbra    D0, $4150
D0=FFFF D1=F D2=FFF D3=FFFF D4=8402CC0 D5=802180B5 D6=842184B5 D7=FFFF A0=3C0002 A1=102100 A2=F6D24 A3=108F64 A4=10F1122 A5=108000 A6=4FBC2 PC=4160 -- 004160: bra     $4178
D0=FFFF D1=F D2=FFF D3=FFFF D4=8402CC0 D5=802180B5 D6=842184B5 D7=FFFF A0=3C0002 A1=102100 A2=F6D24 A3=108F64 A4=10F1122 A5=108000 A6=4FBC2 PC=4178 -- 004178: move.b  ($2,A2), D0
D0=FFC3 D1=F D2=FFF D3=FFFF D4=8402CC0 D5=802180B5 D6=842184B5 D7=FFFF A0=3C0002 A1=102100 A2=F6D24 A3=108F64 A4=10F1122 A5=108000 A6=4FBC2 PC=417C -- 00417C: tst.b   ($80,A1)
D0=FFC3 D1=F D2=FFF D3=FFFF D4=8402CC0 D5=802180B5 D6=842184B5 D7=FFFF A0=3C0002 A1=102100 A2=F6D24 A3=108F64 A4=10F1122 A5=108000 A6=4FBC2 PC=4180 -- 004180: beq     $4188
D0=FFC3 D1=F D2=FFF D3=FFFF D4=8402CC0 D5=802180B5 D6=842184B5 D7=FFFF A0=3C0002 A1=102100 A2=F6D24 A3=108F64 A4=10F1122 A5=108000 A6=4FBC2 PC=4188 -- 004188: add.b   ($30,A1), D0
D0=FFC3 D1=F D2=FFF D3=FFFF D4=8402CC0 D5=802180B5 D6=842184B5 D7=FFFF A0=3C0002 A1=102100 A2=F6D24 A3=108F64 A4=10F1122 A5=108000 A6=4FBC2 PC=418C -- 00418C: lsl.w   #8, D0
D0=C300 D1=F D2=FFF D3=FFFF D4=8402CC0 D5=802180B5 D6=842184B5 D7=FFFF A0=3C0002 A1=102100 A2=F6D24 A3=108F64 A4=10F1122 A5=108000 A6=4FBC2 PC=418E -- 00418E: tst.b   ($3,A2)
D0=C300 D1=F D2=FFF D3=FFFF D4=8402CC0 D5=802180B5 D6=842184B5 D7=FFFF A0=3C0002 A1=102100 A2=F6D24 A3=108F64 A4=10F1122 A5=108000 A6=4FBC2 PC=4192 -- 004192: beq     $4198
D0=C300 D1=F D2=FFF D3=FFFF D4=8402CC0 D5=802180B5 D6=842184B5 D7=FFFF A0=3C0002 A1=102100 A2=F6D24 A3=108F64 A4=10F1122 A5=108000 A6=4FBC2 PC=4194 -- 004194: move.b  #$10, D0
D0=C310 D1=F D2=FFF D3=FFFF D4=8402CC0 D5=802180B5 D6=842184B5 D7=FFFF A0=3C0002 A1=102100 A2=F6D24 A3=108F64 A4=10F1122 A5=108000 A6=4FBC2 PC=4198 -- 004198: move.w  ($4,A2), D1
D0=C310 D1=DCB4 D2=FFF D3=FFFF D4=8402CC0 D5=802180B5 D6=842184B5 D7=FFFF A0=3C0002 A1=102100 A2=F6D24 A3=108F64 A4=10F1122 A5=108000 A6=4FBC2 PC=419C -- 00419C: moveq   #$0, D3
D0=C310 D1=DCB4 D2=FFF D3=0 D4=8402CC0 D5=802180B5 D6=842184B5 D7=FFFF A0=3C0002 A1=102100 A2=F6D24 A3=108F64 A4=10F1122 A5=108000 A6=4FBC2 PC=419E -- 00419E: move.b  (A2), D3
D0=C310 D1=DCB4 D2=FFF D3=2 D4=8402CC0 D5=802180B5 D6=842184B5 D7=FFFF A0=3C0002 A1=102100 A2=F6D24 A3=108F64 A4=10F1122 A5=108000 A6=4FBC2 PC=41A0 -- 0041A0: subq.b  #1, D3
D0=C310 D1=DCB4 D2=FFF D3=1 D4=8402CC0 D5=802180B5 D6=842184B5 D7=FFFF A0=3C0002 A1=102100 A2=F6D24 A3=108F64 A4=10F1122 A5=108000 A6=4FBC2 PC=41A2 -- 0041A2: move.w  ($790,A5), D7
D0=C310 D1=DCB4 D2=FFF D3=1 D4=8402CC0 D5=802180B5 D6=842184B5 D7=0 A0=3C0002 A1=102100 A2=F6D24 A3=108F64 A4=10F1122 A5=108000 A6=4FBC2 PC=41A6 -- 0041A6: add.w   D7, D7
D0=C310 D1=DCB4 D2=FFF D3=1 D4=8402CC0 D5=802180B5 D6=842184B5 D7=0 A0=3C0002 A1=102100 A2=F6D24 A3=108F64 A4=10F1122 A5=108000 A6=4FBC2 PC=41A8 -- 0041A8: add.w   D7, D7
D0=C310 D1=DCB4 D2=FFF D3=1 D4=8402CC0 D5=802180B5 D6=842184B5 D7=0 A0=3C0002 A1=102100 A2=F6D24 A3=108F64 A4=10F1122 A5=108000 A6=4FBC2 PC=41AA -- 0041AA: movea.l ($4,PC,D7.w), A6
D0=C310 D1=DCB4 D2=FFF D3=1 D4=8402CC0 D5=802180B5 D6=842184B5 D7=0 A0=3C0002 A1=102100 A2=F6D24 A3=108F64 A4=10F1122 A5=108000 A6=428C PC=41AE -- 0041AE: jmp     (A6)
D0=C310 D1=DCB4 D2=FFF D3=1 D4=8402CC0 D5=802180B5 D6=842184B5 D7=0 A0=3C0002 A1=102100 A2=F6D24 A3=108F64 A4=10F1122 A5=108000 A6=428C PC=428C -- 00428C: lea     ($6,A2), A6
D0=C310 D1=DCB4 D2=FFF D3=1 D4=8402CC0 D5=802180B5 D6=842184B5 D7=0 A0=3C0002 A1=102100 A2=F6D24 A3=108F64 A4=10F1122 A5=108000 A6=F6D2A PC=4290 -- 004290: move.w  #$1, ($2,A0)
D0=C310 D1=DCB4 D2=FFF D3=1 D4=8402CC0 D5=802180B5 D6=842184B5 D7=0 A0=3C0002 A1=102100 A2=F6D24 A3=108F64 A4=10F1122 A5=108000 A6=F6D2A PC=4296 -- 004296: moveq   #$0, D7
D0=C310 D1=DCB4 D2=FFF D3=1 D4=8402CC0 D5=802180B5 D6=842184B5 D7=0 A0=3C0002 A1=102100 A2=F6D24 A3=108F64 A4=10F1122 A5=108000 A6=F6D2A PC=4298 -- 004298: move.b  ($1,A2), D7
D0=C310 D1=DCB4 D2=FFF D3=1 D4=8402CC0 D5=802180B5 D6=842184B5 D7=2 A0=3C0002 A1=102100 A2=F6D24 A3=108F64 A4=10F1122 A5=108000 A6=F6D2A PC=429C -- 00429C: subq.b  #1, D7
D0=C310 D1=DCB4 D2=FFF D3=1 D4=8402CC0 D5=802180B5 D6=842184B5 D7=1 A0=3C0002 A1=102100 A2=F6D24 A3=108F64 A4=10F1122 A5=108000 A6=F6D2A PC=429E -- 00429E: move.w  (A6)+, D2
D0=C310 D1=DCB4 D2=C000 D3=1 D4=8402CC0 D5=802180B5 D6=842184B5 D7=1 A0=3C0002 A1=102100 A2=F6D24 A3=108F64 A4=10F1122 A5=108000 A6=F6D2C PC=42A0 -- 0042A0: move.w  D4, (-$2,A0)
D0=C310 D1=DCB4 D2=C000 D3=1 D4=8402CC0 D5=802180B5 D6=842184B5 D7=1 A0=3C0002 A1=102100 A2=F6D24 A3=108F64 A4=10F1122 A5=108000 A6=F6D2C PC=42A4 -- 0042A4: add.w   D2, D2
D0=C310 D1=DCB4 D2=8000 D3=1 D4=8402CC0 D5=802180B5 D6=842184B5 D7=1 A0=3C0002 A1=102100 A2=F6D24 A3=108F64 A4=10F1122 A5=108000 A6=F6D2C PC=42A6 -- 0042A6: bcc     $42b8
D0=C310 D1=DCB4 D2=8000 D3=1 D4=8402CC0 D5=802180B5 D6=842184B5 D7=1 A0=3C0002 A1=102100 A2=F6D24 A3=108F64 A4=10F1122 A5=108000 A6=F6D2C PC=42A8 -- 0042A8: move.w  D1, (A0)
D0=C310 D1=DCB4 D2=8000 D3=1 D4=8402CC0 D5=802180B5 D6=842184B5 D7=1 A0=3C0002 A1=102100 A2=F6D24 A3=108F64 A4=10F1122 A5=108000 A6=F6D2C PC=42AA -- 0042AA: nop
D0=C310 D1=DCB4 D2=8000 D3=1 D4=8402CC0 D5=802180B5 D6=842184B5 D7=1 A0=3C0002 A1=102100 A2=F6D24 A3=108F64 A4=10F1122 A5=108000 A6=F6D2C PC=42AC -- 0042AC: move.w  D0, (A0)
D0=C310 D1=DCB4 D2=8000 D3=1 D4=8402CC0 D5=802180B5 D6=842184B5 D7=1 A0=3C0002 A1=102100 A2=F6D24 A3=108F64 A4=10F1122 A5=108000 A6=F6D2C PC=42AE -- 0042AE: addq.w  #1, D1
D0=C310 D1=DCB5 D2=8000 D3=1 D4=8402CC0 D5=802180B5 D6=842184B5 D7=1 A0=3C0002 A1=102100 A2=F6D24 A3=108F64 A4=10F1122 A5=108000 A6=F6D2C PC=42B0 -- 0042B0: bcc     $42c0
D0=C310 D1=DCB5 D2=8000 D3=1 D4=8402CC0 D5=802180B5 D6=842184B5 D7=1 A0=3C0002 A1=102100 A2=F6D24 A3=108F64 A4=10F1122 A5=108000 A6=F6D2C PC=42C0 -- 0042C0: dbra    D7, $42a4
D0=C310 D1=DCB5 D2=8000 D3=1 D4=8402CC0 D5=802180B5 D6=842184B5 D7=0 A0=3C0002 A1=102100 A2=F6D24 A3=108F64 A4=10F1122 A5=108000 A6=F6D2C PC=42A4 -- 0042A4: add.w   D2, D2
D0=C310 D1=DCB5 D2=0 D3=1 D4=8402CC0 D5=802180B5 D6=842184B5 D7=0 A0=3C0002 A1=102100 A2=F6D24 A3=108F64 A4=10F1122 A5=108000 A6=F6D2C PC=42A6 -- 0042A6: bcc     $42b8
D0=C310 D1=DCB5 D2=0 D3=1 D4=8402CC0 D5=802180B5 D6=842184B5 D7=0 A0=3C0002 A1=102100 A2=F6D24 A3=108F64 A4=10F1122 A5=108000 A6=F6D2C PC=42A8 -- 0042A8: move.w  D1, (A0)
D0=C310 D1=DCB5 D2=0 D3=1 D4=8402CC0 D5=802180B5 D6=842184B5 D7=0 A0=3C0002 A1=102100 A2=F6D24 A3=108F64 A4=10F1122 A5=108000 A6=F6D2C PC=42AA -- 0042AA: nop
D0=C310 D1=DCB5 D2=0 D3=1 D4=8402CC0 D5=802180B5 D6=842184B5 D7=0 A0=3C0002 A1=102100 A2=F6D24 A3=108F64 A4=10F1122 A5=108000 A6=F6D2C PC=42AC -- 0042AC: move.w  D0, (A0)
D0=C310 D1=DCB5 D2=0 D3=1 D4=8402CC0 D5=802180B5 D6=842184B5 D7=0 A0=3C0002 A1=102100 A2=F6D24 A3=108F64 A4=10F1122 A5=108000 A6=F6D2C PC=42AE -- 0042AE: addq.w  #1, D1
D0=C310 D1=DCB6 D2=0 D3=1 D4=8402CC0 D5=802180B5 D6=842184B5 D7=0 A0=3C0002 A1=102100 A2=F6D24 A3=108F64 A4=10F1122 A5=108000 A6=F6D2C PC=42B0 -- 0042B0: bcc     $42c0
D0=C310 D1=DCB6 D2=0 D3=1 D4=8402CC0 D5=802180B5 D6=842184B5 D7=0 A0=3C0002 A1=102100 A2=F6D24 A3=108F64 A4=10F1122 A5=108000 A6=F6D2C PC=42C0 -- 0042C0: dbra    D7, $42a4
D0=C310 D1=DCB6 D2=0 D3=1 D4=8402CC0 D5=802180B5 D6=842184B5 D7=FFFF A0=3C0002 A1=102100 A2=F6D24 A3=108F64 A4=10F1122 A5=108000 A6=F6D2C PC=42C4 -- 0042C4: bsr     $47c0
D0=C310 D1=DCB6 D2=0 D3=1 D4=8402CC0 D5=802180B5 D6=842184B5 D7=FFFF A0=3C0002 A1=102100 A2=F6D24 A3=108F64 A4=10F1122 A5=108000 A6=F6D2C PC=47C0 -- 0047C0: tst.b   ($78f,A5)
D0=C310 D1=DCB6 D2=0 D3=1 D4=8402CC0 D5=802180B5 D6=842184B5 D7=FFFF A0=3C0002 A1=102100 A2=F6D24 A3=108F64 A4=10F1122 A5=108000 A6=F6D2C PC=47C4 -- 0047C4: bpl     $47c8
D0=C310 D1=DCB6 D2=0 D3=1 D4=8402CC0 D5=802180B5 D6=842184B5 D7=FFFF A0=3C0002 A1=102100 A2=F6D24 A3=108F64 A4=10F1122 A5=108000 A6=F6D2C PC=47C6 -- 0047C6: rts
D0=C310 D1=DCB6 D2=0 D3=1 D4=8402CC0 D5=802180B5 D6=842184B5 D7=FFFF A0=3C0002 A1=102100 A2=F6D24 A3=108F64 A4=10F1122 A5=108000 A6=F6D2C PC=42C8 -- 0042C8: addi.w  #$40, D4
D0=C310 D1=DCB6 D2=0 D3=1 D4=8402D00 D5=802180B5 D6=842184B5 D7=FFFF A0=3C0002 A1=102100 A2=F6D24 A3=108F64 A4=10F1122 A5=108000 A6=F6D2C PC=42CC -- 0042CC: dbra    D3, $4296
D0=C310 D1=DCB6 D2=0 D3=0 D4=8402D00 D5=802180B5 D6=842184B5 D7=FFFF A0=3C0002 A1=102100 A2=F6D24 A3=108F64 A4=10F1122 A5=108000 A6=F6D2C PC=4296 -- 004296: moveq   #$0, D7
D0=C310 D1=DCB6 D2=0 D3=0 D4=8402D00 D5=802180B5 D6=842184B5 D7=0 A0=3C0002 A1=102100 A2=F6D24 A3=108F64 A4=10F1122 A5=108000 A6=F6D2C PC=4298 -- 004298: move.b  ($1,A2), D7
D0=C310 D1=DCB6 D2=0 D3=0 D4=8402D00 D5=802180B5 D6=842184B5 D7=2 A0=3C0002 A1=102100 A2=F6D24 A3=108F64 A4=10F1122 A5=108000 A6=F6D2C PC=429C -- 00429C: subq.b  #1, D7
D0=C310 D1=DCB6 D2=0 D3=0 D4=8402D00 D5=802180B5 D6=842184B5 D7=1 A0=3C0002 A1=102100 A2=F6D24 A3=108F64 A4=10F1122 A5=108000 A6=F6D2C PC=429E -- 00429E: move.w  (A6)+, D2
D0=C310 D1=DCB6 D2=C000 D3=0 D4=8402D00 D5=802180B5 D6=842184B5 D7=1 A0=3C0002 A1=102100 A2=F6D24 A3=108F64 A4=10F1122 A5=108000 A6=F6D2E PC=42A0 -- 0042A0: move.w  D4, (-$2,A0)

   (loops for 16 instructions)

D0=C310 D1=DCB8 D2=0 D3=0 D4=8402D00 D5=802180B5 D6=842184B5 D7=FFFF A0=3C0002 A1=102100 A2=F6D24 A3=108F64 A4=10F1122 A5=108000 A6=F6D2E PC=42C4 -- 0042C4: bsr     $47c0
D0=C310 D1=DCB8 D2=0 D3=0 D4=8402D00 D5=802180B5 D6=842184B5 D7=FFFF A0=3C0002 A1=102100 A2=F6D24 A3=108F64 A4=10F1122 A5=108000 A6=F6D2E PC=47C0 -- 0047C0: tst.b   ($78f,A5)
D0=C310 D1=DCB8 D2=0 D3=0 D4=8402D00 D5=802180B5 D6=842184B5 D7=FFFF A0=3C0002 A1=102100 A2=F6D24 A3=108F64 A4=10F1122 A5=108000 A6=F6D2E PC=47C4 -- 0047C4: bpl     $47c8
D0=C310 D1=DCB8 D2=0 D3=0 D4=8402D00 D5=802180B5 D6=842184B5 D7=FFFF A0=3C0002 A1=102100 A2=F6D24 A3=108F64 A4=10F1122 A5=108000 A6=F6D2E PC=47C6 -- 0047C6: rts
D0=C310 D1=DCB8 D2=0 D3=0 D4=8402D00 D5=802180B5 D6=842184B5 D7=FFFF A0=3C0002 A1=102100 A2=F6D24 A3=108F64 A4=10F1122 A5=108000 A6=F6D2E PC=42C8 -- 0042C8: addi.w  #$40, D4
D0=C310 D1=DCB8 D2=0 D3=0 D4=8402D40 D5=802180B5 D6=842184B5 D7=FFFF A0=3C0002 A1=102100 A2=F6D24 A3=108F64 A4=10F1122 A5=108000 A6=F6D2E PC=42CC -- 0042CC: dbra    D3, $4296
D0=C310 D1=DCB8 D2=0 D3=FFFF D4=8402D40 D5=802180B5 D6=842184B5 D7=FFFF A0=3C0002 A1=102100 A2=F6D24 A3=108F64 A4=10F1122 A5=108000 A6=F6D2E PC=42D0 -- 0042D0: rts
D0=C310 D1=DCB8 D2=0 D3=FFFF D4=8402D40 D5=802180B5 D6=842184B5 D7=FFFF A0=3C0002 A1=102100 A2=F6D24 A3=108F64 A4=10F1122 A5=108000 A6=F6D2E PC=4016 -- 004016: bra     $401c
D0=C310 D1=DCB8 D2=0 D3=FFFF D4=8402D40 D5=802180B5 D6=842184B5 D7=FFFF A0=3C0002 A1=102100 A2=F6D24 A3=108F64 A4=10F1122 A5=108000 A6=F6D2E PC=401C -- 00401C: movea.l (A7)+, A6
D0=C310 D1=DCB8 D2=0 D3=FFFF D4=8402D40 D5=802180B5 D6=842184B5 D7=FFFF A0=3C0002 A1=102100 A2=F6D24 A3=108F64 A4=10F1122 A5=108000 A6=108E3C PC=401E -- 00401E: btst    #$5, ($4,A4)
D0=C310 D1=DCB8 D2=0 D3=FFFF D4=8402D40 D5=802180B5 D6=842184B5 D7=FFFF A0=3C0002 A1=102100 A2=F6D24 A3=108F64 A4=10F1122 A5=108000 A6=108E3C PC=4024 -- 004024: beq     $4056
D0=C310 D1=DCB8 D2=0 D3=FFFF D4=8402D40 D5=802180B5 D6=842184B5 D7=FFFF A0=3C0002 A1=102100 A2=F6D24 A3=108F64 A4=10F1122 A5=108000 A6=108E3C PC=4056 -- 004056: tst.b   ($7c,A1)
D0=C310 D1=DCB8 D2=0 D3=FFFF D4=8402D40 D5=802180B5 D6=842184B5 D7=FFFF A0=3C0002 A1=102100 A2=F6D24 A3=108F64 A4=10F1122 A5=108000 A6=108E3C PC=405A -- 00405A: bpl     $4064
D0=C310 D1=DCB8 D2=0 D3=FFFF D4=8402D40 D5=802180B5 D6=842184B5 D7=FFFF A0=3C0002 A1=102100 A2=F6D24 A3=108F64 A4=10F1122 A5=108000 A6=108E3C PC=4064 -- 004064: movea.l (A7)+, A0
D0=C310 D1=DCB8 D2=0 D3=FFFF D4=8402D40 D5=802180B5 D6=842184B5 D7=FFFF A0=10892A A1=102100 A2=F6D24 A3=108F64 A4=10F1122 A5=108000 A6=108E3C PC=4066 -- 004066: subq.w  #1, ($e3a,A5)
D0=C310 D1=DCB8 D2=0 D3=FFFF D4=8402D40 D5=802180B5 D6=842184B5 D7=FFFF A0=10892A A1=102100 A2=F6D24 A3=108F64 A4=10F1122 A5=108000 A6=108E3C PC=406A -- 00406A: bne     $3f32
D0=C310 D1=DCB8 D2=0 D3=FFFF D4=8402D40 D5=802180B5 D6=842184B5 D7=FFFF A0=10892A A1=102100 A2=F6D24 A3=108F64 A4=10F1122 A5=108000 A6=108E3C PC=3F32 -- 003F32: move.w  (A0)+, D0
D0=2300 D1=DCB8 D2=0 D3=FFFF D4=8402D40 D5=802180B5 D6=842184B5 D7=FFFF A0=10892C A1=102100 A2=F6D24 A3=108F64 A4=10F1122 A5=108000 A6=108E3C PC=3F34 -- 003F34: beq     $3f32
D0=2300 D1=DCB8 D2=0 D3=FFFF D4=8402D40 D5=802180B5 D6=842184B5 D7=FFFF A0=10892C A1=102100 A2=F6D24 A3=108F64 A4=10F1122 A5=108000 A6=108E3C PC=3F36 -- 003F36: clr.w   (-$2,A0)
D0=2300 D1=DCB8 D2=0 D3=FFFF D4=8402D40 D5=802180B5 D6=842184B5 D7=FFFF A0=10892C A1=102100 A2=F6D24 A3=108F64 A4=10F1122 A5=108000 A6=108E3C PC=3F3A -- 003F3A: move.l  A5, D1
D0=2300 D1=108000 D2=0 D3=FFFF D4=8402D40 D5=802180B5 D6=842184B5 D7=FFFF A0=10892C A1=102100 A2=F6D24 A3=108F64 A4=10F1122 A5=108000 A6=108E3C PC=3F3C -- 003F3C: move.w  D0, D1
D0=2300 D1=102300 D2=0 D3=FFFF D4=8402D40 D5=802180B5 D6=842184B5 D7=FFFF A0=10892C A1=102100 A2=F6D24 A3=108F64 A4=10F1122 A5=108000 A6=108E3C PC=3F3E -- 003F3E: movea.l D1, A1
D0=2300 D1=102300 D2=0 D3=FFFF D4=8402D40 D5=802180B5 D6=842184B5 D7=FFFF A0=10892C A1=102300 A2=F6D24 A3=108F64 A4=10F1122 A5=108000 A6=108E3C PC=3F40 -- 003F40: movea.l ($28,A1), A2
D0=2300 D1=102300 D2=0 D3=FFFF D4=8402D40 D5=802180B5 D6=842184B5 D7=FFFF A0=10892C A1=102300 A2=F6D1A A3=108F64 A4=10F1122 A5=108000 A6=108E3C PC=3F44 -- 003F44: lea     $7bf48.l, A4
D0=2300 D1=102300 D2=0 D3=FFFF D4=8402D40 D5=802180B5 D6=842184B5 D7=FFFF A0=10892C A1=102300 A2=F6D1A A3=108F64 A4=7BF48 A5=108000 A6=108E3C PC=3F4A -- 003F4A: move.w  ($70,A1), D0
D0=1B D1=102300 D2=0 D3=FFFF D4=8402D40 D5=802180B5 D6=842184B5 D7=FFFF A0=10892C A1=102300 A2=F6D1A A3=108F64 A4=7BF48 A5=108000 A6=108E3C PC=3F4E -- 003F4E: add.w   D0, D0
D0=36 D1=102300 D2=0 D3=FFFF D4=8402D40 D5=802180B5 D6=842184B5 D7=FFFF A0=10892C A1=102300 A2=F6D1A A3=108F64 A4=7BF48 A5=108000 A6=108E3C PC=3F50 -- 003F50: add.w   D0, D0
D0=6C D1=102300 D2=0 D3=FFFF D4=8402D40 D5=802180B5 D6=842184B5 D7=FFFF A0=10892C A1=102300 A2=F6D1A A3=108F64 A4=7BF48 A5=108000 A6=108E3C PC=3F52 -- 003F52: movea.l (A4,D0.w), A4
D0=6C D1=102300 D2=0 D3=FFFF D4=8402D40 D5=802180B5 D6=842184B5 D7=FFFF A0=10892C A1=102300 A2=F6D1A A3=108F64 A4=7F5E0 A5=108000 A6=108E3C PC=3F56 -- 003F56: move.w  ($72,A1), D0
D0=3A D1=102300 D2=0 D3=FFFF D4=8402D40 D5=802180B5 D6=842184B5 D7=FFFF A0=10892C A1=102300 A2=F6D1A A3=108F64 A4=7F5E0 A5=108000 A6=108E3C PC=3F5A -- 003F5A: add.w   D0, D0
D0=74 D1=102300 D2=0 D3=FFFF D4=8402D40 D5=802180B5 D6=842184B5 D7=FFFF A0=10892C A1=102300 A2=F6D1A A3=108F64 A4=7F5E0 A5=108000 A6=108E3C PC=3F5C -- 003F5C: move.w  (A4,D0.w), ($46de,A5)
D0=74 D1=102300 D2=0 D3=FFFF D4=8402D40 D5=802180B5 D6=842184B5 D7=FFFF A0=10892C A1=102300 A2=F6D1A A3=108F64 A4=7F5E0 A5=108000 A6=108E3C PC=3F62 -- 003F62: lea     $80000.l, A4
D0=74 D1=102300 D2=0 D3=FFFF D4=8402D40 D5=802180B5 D6=842184B5 D7=FFFF A0=10892C A1=102300 A2=F6D1A A3=108F64 A4=80000 A5=108000 A6=108E3C PC=3F68 -- 003F68: move.w  ($70,A1), D0
D0=1B D1=102300 D2=0 D3=FFFF D4=8402D40 D5=802180B5 D6=842184B5 D7=FFFF A0=10892C A1=102300 A2=F6D1A A3=108F64 A4=80000 A5=108000 A6=108E3C PC=3F6C -- 003F6C: add.w   D0, D0
D0=36 D1=102300 D2=0 D3=FFFF D4=8402D40 D5=802180B5 D6=842184B5 D7=FFFF A0=10892C A1=102300 A2=F6D1A A3=108F64 A4=80000 A5=108000 A6=108E3C PC=3F6E -- 003F6E: add.w   D0, D0
D0=6C D1=102300 D2=0 D3=FFFF D4=8402D40 D5=802180B5 D6=842184B5 D7=FFFF A0=10892C A1=102300 A2=F6D1A A3=108F64 A4=80000 A5=108000 A6=108E3C PC=3F70 -- 003F70: movea.l (A4,D0.w), A4
D0=6C D1=102300 D2=0 D3=FFFF D4=8402D40 D5=802180B5 D6=842184B5 D7=FFFF A0=10892C A1=102300 A2=F6D1A A3=108F64 A4=86E00 A5=108000 A6=108E3C PC=3F74 -- 003F74: move.w  ($46de,A5), D0
D0=3A3A D1=102300 D2=0 D3=FFFF D4=8402D40 D5=802180B5 D6=842184B5 D7=FFFF A0=10892C A1=102300 A2=F6D1A A3=108F64 A4=86E00 A5=108000 A6=108E3C PC=3F78 -- 003F78: tst.b   ($46e2,A5)
D0=3A3A D1=102300 D2=0 D3=FFFF D4=8402D40 D5=802180B5 D6=842184B5 D7=FFFF A0=10892C A1=102300 A2=F6D1A A3=108F64 A4=86E00 A5=108000 A6=108E3C PC=3F7C -- 003F7C: beq     $3f82
D0=3A3A D1=102300 D2=0 D3=FFFF D4=8402D40 D5=802180B5 D6=842184B5 D7=FFFF A0=10892C A1=102300 A2=F6D1A A3=108F64 A4=86E00 A5=108000 A6=108E3C PC=3F82 -- 003F82: andi.w  #$ff, D0
D0=3A D1=102300 D2=0 D3=FFFF D4=8402D40 D5=802180B5 D6=842184B5 D7=FFFF A0=10892C A1=102300 A2=F6D1A A3=108F64 A4=86E00 A5=108000 A6=108E3C PC=3F86 -- 003F86: add.w   D0, D0
D0=74 D1=102300 D2=0 D3=FFFF D4=8402D40 D5=802180B5 D6=842184B5 D7=FFFF A0=10892C A1=102300 A2=F6D1A A3=108F64 A4=86E00 A5=108000 A6=108E3C PC=3F88 -- 003F88: add.w   D0, D0
D0=E8 D1=102300 D2=0 D3=FFFF D4=8402D40 D5=802180B5 D6=842184B5 D7=FFFF A0=10892C A1=102300 A2=F6D1A A3=108F64 A4=86E00 A5=108000 A6=108E3C PC=3F8A -- 003F8A: movea.l (A4,D0.w), A4
D0=E8 D1=102300 D2=0 D3=FFFF D4=8402D40 D5=802180B5 D6=842184B5 D7=FFFF A0=10892C A1=102300 A2=F6D1A A3=108F64 A4=F3122 A5=108000 A6=108E3C PC=3F8E -- 003F8E: move.w  ($74,A1), D0
D0=0 D1=102300 D2=0 D3=FFFF D4=8402D40 D5=802180B5 D6=842184B5 D7=FFFF A0=10892C A1=102300 A2=F6D1A A3=108F64 A4=F3122 A5=108000 A6=108E3C PC=3F92 -- 003F92: adda.w  D0, A4
D0=0 D1=102300 D2=0 D3=FFFF D4=8402D40 D5=802180B5 D6=842184B5 D7=FFFF A0=10892C A1=102300 A2=F6D1A A3=108F64 A4=F3122 A5=108000 A6=108E3C PC=3F94 -- 003F94: move.l  (A4), D0
D0=10F111C D1=102300 D2=0 D3=FFFF D4=8402D40 D5=802180B5 D6=842184B5 D7=FFFF A0=10892C A1=102300 A2=F6D1A A3=108F64 A4=F3122 A5=108000 A6=108E3C PC=3F96 -- 003F96: movea.l D0, A4
D0=10F111C D1=102300 D2=0 D3=FFFF D4=8402D40 D5=802180B5 D6=842184B5 D7=FFFF A0=10892C A1=102300 A2=F6D1A A3=108F64 A4=10F111C A5=108000 A6=108E3C PC=3F98 -- 003F98: move.l  A0, -(A7)
D0=10F111C D1=102300 D2=0 D3=FFFF D4=8402D40 D5=802180B5 D6=842184B5 D7=FFFF A0=10892C A1=102300 A2=F6D1A A3=108F64 A4=10F111C A5=108000 A6=108E3C PC=3F9A -- 003F9A: lea     $3c0002.l, A0
D0=10F111C D1=102300 D2=0 D3=FFFF D4=8402D40 D5=802180B5 D6=842184B5 D7=FFFF A0=3C0002 A1=102300 A2=F6D1A A3=108F64 A4=10F111C A5=108000 A6=108E3C PC=3FA0 -- 003FA0: tst.b   ($7c,A1)
D0=10F111C D1=102300 D2=0 D3=FFFF D4=8402D40 D5=802180B5 D6=842184B5 D7=FFFF A0=3C0002 A1=102300 A2=F6D1A A3=108F64 A4=10F111C A5=108000 A6=108E3C PC=3FA4 -- 003FA4: bpl     $3fc0
D0=10F111C D1=102300 D2=0 D3=FFFF D4=8402D40 D5=802180B5 D6=842184B5 D7=FFFF A0=3C0002 A1=102300 A2=F6D1A A3=108F64 A4=10F111C A5=108000 A6=108E3C PC=3FC0 -- 003FC0: moveq   #$0, D0
D0=0 D1=102300 D2=0 D3=FFFF D4=8402D40 D5=802180B5 D6=842184B5 D7=FFFF A0=3C0002 A1=102300 A2=F6D1A A3=108F64 A4=10F111C A5=108000 A6=108E3C PC=3FC2 -- 003FC2: move.b  (A2), D0
D0=2 D1=102300 D2=0 D3=FFFF D4=8402D40 D5=802180B5 D6=842184B5 D7=FFFF A0=3C0002 A1=102300 A2=F6D1A A3=108F64 A4=10F111C A5=108000 A6=108E3C PC=3FC4 -- 003FC4: sub.w   D0, ($794,A5)
D0=2 D1=102300 D2=0 D3=FFFF D4=8402D40 D5=802180B5 D6=842184B5 D7=FFFF A0=3C0002 A1=102300 A2=F6D1A A3=108F64 A4=10F111C A5=108000 A6=108E3C PC=3FC8 -- 003FC8: bcc     $3fd2
D0=2 D1=102300 D2=0 D3=FFFF D4=8402D40 D5=802180B5 D6=842184B5 D7=FFFF A0=3C0002 A1=102300 A2=F6D1A A3=108F64 A4=10F111C A5=108000 A6=108E3C PC=3FD2 -- 003FD2: move.l  A6, -(A7)
D0=2 D1=102300 D2=0 D3=FFFF D4=8402D40 D5=802180B5 D6=842184B5 D7=FFFF A0=3C0002 A1=102300 A2=F6D1A A3=108F64 A4=10F111C A5=108000 A6=108E3C PC=3FD4 -- 003FD4: btst    #$6, ($7c,A1)
D0=2 D1=102300 D2=0 D3=FFFF D4=8402D40 D5=802180B5 D6=842184B5 D7=FFFF A0=3C0002 A1=102300 A2=F6D1A A3=108F64 A4=10F111C A5=108000 A6=108E3C PC=3FDA -- 003FDA: bne     $400c
D0=2 D1=102300 D2=0 D3=FFFF D4=8402D40 D5=802180B5 D6=842184B5 D7=FFFF A0=3C0002 A1=102300 A2=F6D1A A3=108F64 A4=10F111C A5=108000 A6=108E3C PC=3FDE -- 003FDE: moveq   #$0, D1
D0=2 D1=0 D2=0 D3=FFFF D4=8402D40 D5=802180B5 D6=842184B5 D7=FFFF A0=3C0002 A1=102300 A2=F6D1A A3=108F64 A4=10F111C A5=108000 A6=108E3C PC=3FE0 -- 003FE0: move.b  ($82,A1), D1
D0=2 D1=0 D2=0 D3=FFFF D4=8402D40 D5=802180B5 D6=842184B5 D7=FFFF A0=3C0002 A1=102300 A2=F6D1A A3=108F64 A4=10F111C A5=108000 A6=108E3C PC=3FE4 -- 003FE4: add.w   D1, D1
D0=2 D1=0 D2=0 D3=FFFF D4=8402D40 D5=802180B5 D6=842184B5 D7=FFFF A0=3C0002 A1=102300 A2=F6D1A A3=108F64 A4=10F111C A5=108000 A6=108E3C PC=3FE6 -- 003FE6: add.w   D1, D1
D0=2 D1=0 D2=0 D3=FFFF D4=8402D40 D5=802180B5 D6=842184B5 D7=FFFF A0=3C0002 A1=102300 A2=F6D1A A3=108F64 A4=10F111C A5=108000 A6=108E3C PC=3FE8 -- 003FE8: move.w  ($18,A1), D0
D0=90 D1=0 D2=0 D3=FFFF D4=8402D40 D5=802180B5 D6=842184B5 D7=FFFF A0=3C0002 A1=102300 A2=F6D1A A3=108F64 A4=10F111C A5=108000 A6=108E3C PC=3FEC -- 003FEC: lea     ($104c,A5), A6
D0=90 D1=0 D2=0 D3=FFFF D4=8402D40 D5=802180B5 D6=842184B5 D7=FFFF A0=3C0002 A1=102300 A2=F6D1A A3=108F64 A4=10F111C A5=108000 A6=10904C PC=3FF0 -- 003FF0: sub.w   (A6,D1.w), D0
D0=90 D1=0 D2=0 D3=FFFF D4=8402D40 D5=802180B5 D6=842184B5 D7=FFFF A0=3C0002 A1=102300 A2=F6D1A A3=108F64 A4=10F111C A5=108000 A6=10904C PC=3FF4 -- 003FF4: move.w  D0, ($24,A1)
D0=90 D1=0 D2=0 D3=FFFF D4=8402D40 D5=802180B5 D6=842184B5 D7=FFFF A0=3C0002 A1=102300 A2=F6D1A A3=108F64 A4=10F111C A5=108000 A6=10904C PC=3FF8 -- 003FF8: move.w  ($1c,A1), D0
D0=C8 D1=0 D2=0 D3=FFFF D4=8402D40 D5=802180B5 D6=842184B5 D7=FFFF A0=3C0002 A1=102300 A2=F6D1A A3=108F64 A4=10F111C A5=108000 A6=10904C PC=3FFC -- 003FFC: sub.w   ($20,A1), D0
D0=C8 D1=0 D2=0 D3=FFFF D4=8402D40 D5=802180B5 D6=842184B5 D7=FFFF A0=3C0002 A1=102300 A2=F6D1A A3=108F64 A4=10F111C A5=108000 A6=10904C PC=4000 -- 004000: lea     ($1058,A5), A6
D0=C8 D1=0 D2=0 D3=FFFF D4=8402D40 D5=802180B5 D6=842184B5 D7=FFFF A0=3C0002 A1=102300 A2=F6D1A A3=108F64 A4=10F111C A5=108000 A6=109058 PC=4004 -- 004004: sub.w   (A6,D1.w), D0
D0=C8 D1=0 D2=0 D3=FFFF D4=8402D40 D5=802180B5 D6=842184B5 D7=FFFF A0=3C0002 A1=102300 A2=F6D1A A3=108F64 A4=10F111C A5=108000 A6=109058 PC=4008 -- 004008: move.w  D0, ($26,A1)
D0=C8 D1=0 D2=0 D3=FFFF D4=8402D40 D5=802180B5 D6=842184B5 D7=FFFF A0=3C0002 A1=102300 A2=F6D1A A3=108F64 A4=10F111C A5=108000 A6=109058 PC=400C -- 00400C: tst.b   ($3a66,A5)
D0=C8 D1=0 D2=0 D3=FFFF D4=8402D40 D5=802180B5 D6=842184B5 D7=FFFF A0=3C0002 A1=102300 A2=F6D1A A3=108F64 A4=10F111C A5=108000 A6=109058 PC=4010 -- 004010: bmi     $4018
D0=C8 D1=0 D2=0 D3=FFFF D4=8402D40 D5=802180B5 D6=842184B5 D7=FFFF A0=3C0002 A1=102300 A2=F6D1A A3=108F64 A4=10F111C A5=108000 A6=109058 PC=4012 -- 004012: bsr     $4088
D0=C8 D1=0 D2=0 D3=FFFF D4=8402D40 D5=802180B5 D6=842184B5 D7=FFFF A0=3C0002 A1=102300 A2=F6D1A A3=108F64 A4=10F111C A5=108000 A6=109058 PC=4088 -- 004088: move.w  (A4), D0
D0=FFB0 D1=0 D2=0 D3=FFFF D4=8402D40 D5=802180B5 D6=842184B5 D7=FFFF A0=3C0002 A1=102300 A2=F6D1A A3=108F64 A4=10F111C A5=108000 A6=109058 PC=408A -- 00408A: move.b  ($31,A1), D1
D0=FFB0 D1=0 D2=0 D3=FFFF D4=8402D40 D5=802180B5 D6=842184B5 D7=FFFF A0=3C0002 A1=102300 A2=F6D1A A3=108F64 A4=10F111C A5=108000 A6=109058 PC=408E -- 00408E: move.b  ($4,A4), D2
D0=FFB0 D1=0 D2=0 D3=FFFF D4=8402D40 D5=802180B5 D6=842184B5 D7=FFFF A0=3C0002 A1=102300 A2=F6D1A A3=108F64 A4=10F111C A5=108000 A6=109058 PC=4092 -- 004092: rol.b   #2, D2
D0=FFB0 D1=0 D2=0 D3=FFFF D4=8402D40 D5=802180B5 D6=842184B5 D7=FFFF A0=3C0002 A1=102300 A2=F6D1A A3=108F64 A4=10F111C A5=108000 A6=109058 PC=4094 -- 004094: eor.w   D2, D1
D0=FFB0 D1=0 D2=0 D3=FFFF D4=8402D40 D5=802180B5 D6=842184B5 D7=FFFF A0=3C0002 A1=102300 A2=F6D1A A3=108F64 A4=10F111C A5=108000 A6=109058 PC=4096 -- 004096: andi.w  #$3, D1
D0=FFB0 D1=0 D2=0 D3=FFFF D4=8402D40 D5=802180B5 D6=842184B5 D7=FFFF A0=3C0002 A1=102300 A2=F6D1A A3=108F64 A4=10F111C A5=108000 A6=109058 PC=409A -- 00409A: move.w  D1, ($790,A5)
D0=FFB0 D1=0 D2=0 D3=FFFF D4=8402D40 D5=802180B5 D6=842184B5 D7=FFFF A0=3C0002 A1=102300 A2=F6D1A A3=108F64 A4=10F111C A5=108000 A6=109058 PC=409E -- 00409E: andi.w  #$1, D1
D0=FFB0 D1=0 D2=0 D3=FFFF D4=8402D40 D5=802180B5 D6=842184B5 D7=FFFF A0=3C0002 A1=102300 A2=F6D1A A3=108F64 A4=10F111C A5=108000 A6=109058 PC=40A2 -- 0040A2: beq     $40ae
D0=FFB0 D1=0 D2=0 D3=FFFF D4=8402D40 D5=802180B5 D6=842184B5 D7=FFFF A0=3C0002 A1=102300 A2=F6D1A A3=108F64 A4=10F111C A5=108000 A6=109058 PC=40AE -- 0040AE: moveq   #$0, D1
D0=FFB0 D1=0 D2=0 D3=FFFF D4=8402D40 D5=802180B5 D6=842184B5 D7=FFFF A0=3C0002 A1=102300 A2=F6D1A A3=108F64 A4=10F111C A5=108000 A6=109058 PC=40B0 -- 0040B0: move.b  ($68,A1), D1
D0=FFB0 D1=FF D2=0 D3=FFFF D4=8402D40 D5=802180B5 D6=842184B5 D7=FFFF A0=3C0002 A1=102300 A2=F6D1A A3=108F64 A4=10F111C A5=108000 A6=109058 PC=40B4 -- 0040B4: addq.w  #1, D1
D0=FFB0 D1=100 D2=0 D3=FFFF D4=8402D40 D5=802180B5 D6=842184B5 D7=FFFF A0=3C0002 A1=102300 A2=F6D1A A3=108F64 A4=10F111C A5=108000 A6=109058 PC=40B6 -- 0040B6: muls.w  D1, D0
D0=FFFFB000 D1=100 D2=0 D3=FFFF D4=8402D40 D5=802180B5 D6=842184B5 D7=FFFF A0=3C0002 A1=102300 A2=F6D1A A3=108F64 A4=10F111C A5=108000 A6=109058 PC=40B8 -- 0040B8: lsr.l   #8, D0
D0=FFFFB0 D1=100 D2=0 D3=FFFF D4=8402D40 D5=802180B5 D6=842184B5 D7=FFFF A0=3C0002 A1=102300 A2=F6D1A A3=108F64 A4=10F111C A5=108000 A6=109058 PC=40BA -- 0040BA: add.w   ($24,A1), D0
D0=FF0040 D1=100 D2=0 D3=FFFF D4=8402D40 D5=802180B5 D6=842184B5 D7=FFFF A0=3C0002 A1=102300 A2=F6D1A A3=108F64 A4=10F111C A5=108000 A6=109058 PC=40BE -- 0040BE: lsl.w   #7, D0
D0=FF2000 D1=100 D2=0 D3=FFFF D4=8402D40 D5=802180B5 D6=842184B5 D7=FFFF A0=3C0002 A1=102300 A2=F6D1A A3=108F64 A4=10F111C A5=108000 A6=109058 PC=40C0 -- 0040C0: move.w  D6, (-$2,A0)
D0=FF2000 D1=100 D2=0 D3=FFFF D4=8402D40 D5=802180B5 D6=842184B5 D7=FFFF A0=3C0002 A1=102300 A2=F6D1A A3=108F64 A4=10F111C A5=108000 A6=109058 PC=40C4 -- 0040C4: move.w  D0, (A0)
D0=FF2000 D1=100 D2=0 D3=FFFF D4=8402D40 D5=802180B5 D6=842184B5 D7=FFFF A0=3C0002 A1=102300 A2=F6D1A A3=108F64 A4=10F111C A5=108000 A6=109058 PC=40C6 -- 0040C6: moveq   #$0, D0
D0=0 D1=100 D2=0 D3=FFFF D4=8402D40 D5=802180B5 D6=842184B5 D7=FFFF A0=3C0002 A1=102300 A2=F6D1A A3=108F64 A4=10F111C A5=108000 A6=109058 PC=40C8 -- 0040C8: move.b  (A2), D0
D0=2 D1=100 D2=0 D3=FFFF D4=8402D40 D5=802180B5 D6=842184B5 D7=FFFF A0=3C0002 A1=102300 A2=F6D1A A3=108F64 A4=10F111C A5=108000 A6=109058 PC=40CA -- 0040CA: add.w   D0, D6
D0=2 D1=100 D2=0 D3=FFFF D4=8402D40 D5=802180B5 D6=842184B7 D7=FFFF A0=3C0002 A1=102300 A2=F6D1A A3=108F64 A4=10F111C A5=108000 A6=109058 PC=40CC -- 0040CC: move.w  ($2,A4), D0
D0=FFF7 D1=100 D2=0 D3=FFFF D4=8402D40 D5=802180B5 D6=842184B7 D7=FFFF A0=3C0002 A1=102300 A2=F6D1A A3=108F64 A4=10F111C A5=108000 A6=109058 PC=40D0 -- 0040D0: btst    #$1, ($791,A5)
D0=FFF7 D1=100 D2=0 D3=FFFF D4=8402D40 D5=802180B5 D6=842184B7 D7=FFFF A0=3C0002 A1=102300 A2=F6D1A A3=108F64 A4=10F111C A5=108000 A6=109058 PC=40D6 -- 0040D6: beq     $40e4
D0=FFF7 D1=100 D2=0 D3=FFFF D4=8402D40 D5=802180B5 D6=842184B7 D7=FFFF A0=3C0002 A1=102300 A2=F6D1A A3=108F64 A4=10F111C A5=108000 A6=109058 PC=40E4 -- 0040E4: moveq   #$0, D1
D0=FFF7 D1=0 D2=0 D3=FFFF D4=8402D40 D5=802180B5 D6=842184B7 D7=FFFF A0=3C0002 A1=102300 A2=F6D1A A3=108F64 A4=10F111C A5=108000 A6=109058 PC=40E6 -- 0040E6: move.b  ($69,A1), D1
D0=FFF7 D1=FF D2=0 D3=FFFF D4=8402D40 D5=802180B5 D6=842184B7 D7=FFFF A0=3C0002 A1=102300 A2=F6D1A A3=108F64 A4=10F111C A5=108000 A6=109058 PC=40EA -- 0040EA: addq.w  #1, D1
D0=FFF7 D1=100 D2=0 D3=FFFF D4=8402D40 D5=802180B5 D6=842184B7 D7=FFFF A0=3C0002 A1=102300 A2=F6D1A A3=108F64 A4=10F111C A5=108000 A6=109058 PC=40EC -- 0040EC: muls.w  D1, D0
D0=FFFFF700 D1=100 D2=0 D3=FFFF D4=8402D40 D5=802180B5 D6=842184B7 D7=FFFF A0=3C0002 A1=102300 A2=F6D1A A3=108F64 A4=10F111C A5=108000 A6=109058 PC=40EE -- 0040EE: lsr.l   #8, D0
D0=FFFFF7 D1=100 D2=0 D3=FFFF D4=8402D40 D5=802180B5 D6=842184B7 D7=FFFF A0=3C0002 A1=102300 A2=F6D1A A3=108F64 A4=10F111C A5=108000 A6=109058 PC=40F0 -- 0040F0: add.w   ($26,A1), D0
D0=FF00BF D1=100 D2=0 D3=FFFF D4=8402D40 D5=802180B5 D6=842184B7 D7=FFFF A0=3C0002 A1=102300 A2=F6D1A A3=108F64 A4=10F111C A5=108000 A6=109058 PC=40F4 -- 0040F4: neg.w   D0
D0=FFFF41 D1=100 D2=0 D3=FFFF D4=8402D40 D5=802180B5 D6=842184B7 D7=FFFF A0=3C0002 A1=102300 A2=F6D1A A3=108F64 A4=10F111C A5=108000 A6=109058 PC=40F6 -- 0040F6: addi.w  #$1ff, D0
D0=FF0140 D1=100 D2=0 D3=FFFF D4=8402D40 D5=802180B5 D6=842184B7 D7=FFFF A0=3C0002 A1=102300 A2=F6D1A A3=108F64 A4=10F111C A5=108000 A6=109058 PC=40FA -- 0040FA: lsl.w   #7, D0
D0=FFA000 D1=100 D2=0 D3=FFFF D4=8402D40 D5=802180B5 D6=842184B7 D7=FFFF A0=3C0002 A1=102300 A2=F6D1A A3=108F64 A4=10F111C A5=108000 A6=109058 PC=40FC -- 0040FC: bsr     $4772
D0=FFA000 D1=100 D2=0 D3=FFFF D4=8402D40 D5=802180B5 D6=842184B7 D7=FFFF A0=3C0002 A1=102300 A2=F6D1A A3=108F64 A4=10F111C A5=108000 A6=109058 PC=4772 -- 004772: move.w  D0, -(A7)
D0=FFA000 D1=100 D2=0 D3=FFFF D4=8402D40 D5=802180B5 D6=842184B7 D7=FFFF A0=3C0002 A1=102300 A2=F6D1A A3=108F64 A4=10F111C A5=108000 A6=109058 PC=4774 -- 004774: moveq   #-$1, D0
D0=FFFFFFFF D1=100 D2=0 D3=FFFF D4=8402D40 D5=802180B5 D6=842184B7 D7=FFFF A0=3C0002 A1=102300 A2=F6D1A A3=108F64 A4=10F111C A5=108000 A6=109058 PC=4776 -- 004776: moveq   #$0, D1
D0=FFFFFFFF D1=0 D2=0 D3=FFFF D4=8402D40 D5=802180B5 D6=842184B7 D7=FFFF A0=3C0002 A1=102300 A2=F6D1A A3=108F64 A4=10F111C A5=108000 A6=109058 PC=4778 -- 004778: move.b  ($1,A2), D1
D0=FFFFFFFF D1=2 D2=0 D3=FFFF D4=8402D40 D5=802180B5 D6=842184B7 D7=FFFF A0=3C0002 A1=102300 A2=F6D1A A3=108F64 A4=10F111C A5=108000 A6=109058 PC=477C -- 00477C: cmpi.b  #-$1, ($69,A1)
D0=FFFFFFFF D1=2 D2=0 D3=FFFF D4=8402D40 D5=802180B5 D6=842184B7 D7=FFFF A0=3C0002 A1=102300 A2=F6D1A A3=108F64 A4=10F111C A5=108000 A6=109058 PC=4782 -- 004782: beq     $47b4
D0=FFFFFFFF D1=2 D2=0 D3=FFFF D4=8402D40 D5=802180B5 D6=842184B7 D7=FFFF A0=3C0002 A1=102300 A2=F6D1A A3=108F64 A4=10F111C A5=108000 A6=109058 PC=47B4 -- 0047B4: move.b  D0, ($78f,A5)
D0=FFFFFFFF D1=2 D2=0 D3=FFFF D4=8402D40 D5=802180B5 D6=842184B7 D7=FFFF A0=3C0002 A1=102300 A2=F6D1A A3=108F64 A4=10F111C A5=108000 A6=109058 PC=47B8 -- 0047B8: move.b  D1, ($78e,A5)
D0=FFFFFFFF D1=2 D2=0 D3=FFFF D4=8402D40 D5=802180B5 D6=842184B7 D7=FFFF A0=3C0002 A1=102300 A2=F6D1A A3=108F64 A4=10F111C A5=108000 A6=109058 PC=47BC -- 0047BC: move.w  (A7)+, D0
D0=FFFFA000 D1=2 D2=0 D3=FFFF D4=8402D40 D5=802180B5 D6=842184B7 D7=FFFF A0=3C0002 A1=102300 A2=F6D1A A3=108F64 A4=10F111C A5=108000 A6=109058 PC=47BE -- 0047BE: rts
D0=FFFFA000 D1=2 D2=0 D3=FFFF D4=8402D40 D5=802180B5 D6=842184B7 D7=FFFF A0=3C0002 A1=102300 A2=F6D1A A3=108F64 A4=10F111C A5=108000 A6=109058 PC=4100 -- 004100: add.b   ($78e,A5), D0
D0=FFFFA002 D1=2 D2=0 D3=FFFF D4=8402D40 D5=802180B5 D6=842184B7 D7=FFFF A0=3C0002 A1=102300 A2=F6D1A A3=108F64 A4=10F111C A5=108000 A6=109058 PC=4104 -- 004104: move.w  D0, (A3)+
D0=FFFFA002 D1=2 D2=0 D3=FFFF D4=8402D40 D5=802180B5 D6=842184B7 D7=FFFF A0=3C0002 A1=102300 A2=F6D1A A3=108F66 A4=10F111C A5=108000 A6=109058 PC=4106 -- 004106: moveq   #$0, D0
D0=0 D1=2 D2=0 D3=FFFF D4=8402D40 D5=802180B5 D6=842184B7 D7=FFFF A0=3C0002 A1=102300 A2=F6D1A A3=108F66 A4=10F111C A5=108000 A6=109058 PC=4108 -- 004108: move.b  (A2), D0
D0=2 D1=2 D2=0 D3=FFFF D4=8402D40 D5=802180B5 D6=842184B7 D7=FFFF A0=3C0002 A1=102300 A2=F6D1A A3=108F66 A4=10F111C A5=108000 A6=109058 PC=410A -- 00410A: subq.b  #2, D0
D0=0 D1=2 D2=0 D3=FFFF D4=8402D40 D5=802180B5 D6=842184B7 D7=FFFF A0=3C0002 A1=102300 A2=F6D1A A3=108F66 A4=10F111C A5=108000 A6=109058 PC=410C -- 00410C: bmi     $4118
D0=0 D1=2 D2=0 D3=FFFF D4=8402D40 D5=802180B5 D6=842184B7 D7=FFFF A0=3C0002 A1=102300 A2=F6D1A A3=108F66 A4=10F111C A5=108000 A6=109058 PC=410E -- 00410E: move.w  #$40, D1
D0=0 D1=40 D2=0 D3=FFFF D4=8402D40 D5=802180B5 D6=842184B7 D7=FFFF A0=3C0002 A1=102300 A2=F6D1A A3=108F66 A4=10F111C A5=108000 A6=109058 PC=4112 -- 004112: move.w  D1, (A3)+
D0=0 D1=40 D2=0 D3=FFFF D4=8402D40 D5=802180B5 D6=842184B7 D7=FFFF A0=3C0002 A1=102300 A2=F6D1A A3=108F68 A4=10F111C A5=108000 A6=109058 PC=4114 -- 004114: dbra    D0, $4112
D0=FFFF D1=40 D2=0 D3=FFFF D4=8402D40 D5=802180B5 D6=842184B7 D7=FFFF A0=3C0002 A1=102300 A2=F6D1A A3=108F68 A4=10F111C A5=108000 A6=109058 PC=4118 -- 004118: move.w  #$1, ($2,A0)
D0=FFFF D1=40 D2=0 D3=FFFF D4=8402D40 D5=802180B5 D6=842184B7 D7=FFFF A0=3C0002 A1=102300 A2=F6D1A A3=108F68 A4=10F111C A5=108000 A6=109058 PC=411E -- 00411E: move.w  D5, (-$2,A0)
D0=FFFF D1=40 D2=0 D3=FFFF D4=8402D40 D5=802180B5 D6=842184B7 D7=FFFF A0=3C0002 A1=102300 A2=F6D1A A3=108F68 A4=10F111C A5=108000 A6=109058 PC=4122 -- 004122: moveq   #$0, D1
D0=FFFF D1=0 D2=0 D3=FFFF D4=8402D40 D5=802180B5 D6=842184B7 D7=FFFF A0=3C0002 A1=102300 A2=F6D1A A3=108F68 A4=10F111C A5=108000 A6=109058 PC=4124 -- 004124: move.b  ($68,A1), D0
D0=FFFF D1=0 D2=0 D3=FFFF D4=8402D40 D5=802180B5 D6=842184B7 D7=FFFF A0=3C0002 A1=102300 A2=F6D1A A3=108F68 A4=10F111C A5=108000 A6=109058 PC=4128 -- 004128: move.b  D0, D1
D0=FFFF D1=FF D2=0 D3=FFFF D4=8402D40 D5=802180B5 D6=842184B7 D7=FFFF A0=3C0002 A1=102300 A2=F6D1A A3=108F68 A4=10F111C A5=108000 A6=109058 PC=412A -- 00412A: andi.w  #$f, D0
D0=F D1=FF D2=0 D3=FFFF D4=8402D40 D5=802180B5 D6=842184B7 D7=FFFF A0=3C0002 A1=102300 A2=F6D1A A3=108F68 A4=10F111C A5=108000 A6=109058 PC=412E -- 00412E: lsr.b   #4, D1
D0=F D1=F D2=0 D3=FFFF D4=8402D40 D5=802180B5 D6=842184B7 D7=FFFF A0=3C0002 A1=102300 A2=F6D1A A3=108F68 A4=10F111C A5=108000 A6=109058 PC=4130 -- 004130: tst.b   D1
D0=F D1=F D2=0 D3=FFFF D4=8402D40 D5=802180B5 D6=842184B7 D7=FFFF A0=3C0002 A1=102300 A2=F6D1A A3=108F68 A4=10F111C A5=108000 A6=109058 PC=4132 -- 004132: beq     $4164
D0=F D1=F D2=0 D3=FFFF D4=8402D40 D5=802180B5 D6=842184B7 D7=FFFF A0=3C0002 A1=102300 A2=F6D1A A3=108F68 A4=10F111C A5=108000 A6=109058 PC=4134 -- 004134: lea     $4f9d2.l, A6
D0=F D1=F D2=0 D3=FFFF D4=8402D40 D5=802180B5 D6=842184B7 D7=FFFF A0=3C0002 A1=102300 A2=F6D1A A3=108F68 A4=10F111C A5=108000 A6=4F9D2 PC=413A -- 00413A: lsl.w   #5, D0
D0=1E0 D1=F D2=0 D3=FFFF D4=8402D40 D5=802180B5 D6=842184B7 D7=FFFF A0=3C0002 A1=102300 A2=F6D1A A3=108F68 A4=10F111C A5=108000 A6=4F9D2 PC=413C -- 00413C: adda.w  D0, A6
D0=1E0 D1=F D2=0 D3=FFFF D4=8402D40 D5=802180B5 D6=842184B7 D7=FFFF A0=3C0002 A1=102300 A2=F6D1A A3=108F68 A4=10F111C A5=108000 A6=4FBB2 PC=413E -- 00413E: moveq   #$f, D0
D0=F D1=F D2=0 D3=FFFF D4=8402D40 D5=802180B5 D6=842184B7 D7=FFFF A0=3C0002 A1=102300 A2=F6D1A A3=108F68 A4=10F111C A5=108000 A6=4FBB2 PC=4140 -- 004140: moveq   #$0, D2
D0=F D1=F D2=0 D3=FFFF D4=8402D40 D5=802180B5 D6=842184B7 D7=FFFF A0=3C0002 A1=102300 A2=F6D1A A3=108F68 A4=10F111C A5=108000 A6=4FBB2 PC=4142 -- 004142: move.b  (A2), D2
D0=F D1=F D2=2 D3=FFFF D4=8402D40 D5=802180B5 D6=842184B7 D7=FFFF A0=3C0002 A1=102300 A2=F6D1A A3=108F68 A4=10F111C A5=108000 A6=4FBB2 PC=4144 -- 004144: lsr.w   #1, D2
D0=F D1=F D2=1 D3=FFFF D4=8402D40 D5=802180B5 D6=842184B7 D7=FFFF A0=3C0002 A1=102300 A2=F6D1A A3=108F68 A4=10F111C A5=108000 A6=4FBB2 PC=4146 -- 004146: sub.w   D2, D0
D0=E D1=F D2=1 D3=FFFF D4=8402D40 D5=802180B5 D6=842184B7 D7=FFFF A0=3C0002 A1=102300 A2=F6D1A A3=108F68 A4=10F111C A5=108000 A6=4FBB2 PC=4148 -- 004148: adda.l  D0, A6
D0=E D1=F D2=1 D3=FFFF D4=8402D40 D5=802180B5 D6=842184B7 D7=FFFF A0=3C0002 A1=102300 A2=F6D1A A3=108F68 A4=10F111C A5=108000 A6=4FBC0 PC=414A -- 00414A: move.b  (A2), D0
D0=2 D1=F D2=1 D3=FFFF D4=8402D40 D5=802180B5 D6=842184B7 D7=FFFF A0=3C0002 A1=102300 A2=F6D1A A3=108F68 A4=10F111C A5=108000 A6=4FBC0 PC=414C -- 00414C: add.w   D0, D5
D0=2 D1=F D2=1 D3=FFFF D4=8402D40 D5=802180B7 D6=842184B7 D7=FFFF A0=3C0002 A1=102300 A2=F6D1A A3=108F68 A4=10F111C A5=108000 A6=4FBC0 PC=414E -- 00414E: subq.b  #1, D0
D0=1 D1=F D2=1 D3=FFFF D4=8402D40 D5=802180B7 D6=842184B7 D7=FFFF A0=3C0002 A1=102300 A2=F6D1A A3=108F68 A4=10F111C A5=108000 A6=4FBC0 PC=4150 -- 004150: move.b  D1, D2
D0=1 D1=F D2=F D3=FFFF D4=8402D40 D5=802180B7 D6=842184B7 D7=FFFF A0=3C0002 A1=102300 A2=F6D1A A3=108F68 A4=10F111C A5=108000 A6=4FBC0 PC=4152 -- 004152: sub.b   (A6)+, D2
D0=1 D1=F D2=F D3=FFFF D4=8402D40 D5=802180B7 D6=842184B7 D7=FFFF A0=3C0002 A1=102300 A2=F6D1A A3=108F68 A4=10F111C A5=108000 A6=4FBC1 PC=4154 -- 004154: lsl.w   #8, D2
D0=1 D1=F D2=F00 D3=FFFF D4=8402D40 D5=802180B7 D6=842184B7 D7=FFFF A0=3C0002 A1=102300 A2=F6D1A A3=108F68 A4=10F111C A5=108000 A6=4FBC1 PC=4156 -- 004156: move.b  ($69,A1), D2
D0=1 D1=F D2=FFF D3=FFFF D4=8402D40 D5=802180B7 D6=842184B7 D7=FFFF A0=3C0002 A1=102300 A2=F6D1A A3=108F68 A4=10F111C A5=108000 A6=4FBC1 PC=415A -- 00415A: move.w  D2, (A0)
D0=1 D1=F D2=FFF D3=FFFF D4=8402D40 D5=802180B7 D6=842184B7 D7=FFFF A0=3C0002 A1=102300 A2=F6D1A A3=108F68 A4=10F111C A5=108000 A6=4FBC1 PC=415C -- 00415C: dbra    D0, $4150
D0=0 D1=F D2=FFF D3=FFFF D4=8402D40 D5=802180B7 D6=842184B7 D7=FFFF A0=3C0002 A1=102300 A2=F6D1A A3=108F68 A4=10F111C A5=108000 A6=4FBC1 PC=4150 -- 004150: move.b  D1, D2
D0=0 D1=F D2=F0F D3=FFFF D4=8402D40 D5=802180B7 D6=842184B7 D7=FFFF A0=3C0002 A1=102300 A2=F6D1A A3=108F68 A4=10F111C A5=108000 A6=4FBC1 PC=4152 -- 004152: sub.b   (A6)+, D2
D0=0 D1=F D2=F0F D3=FFFF D4=8402D40 D5=802180B7 D6=842184B7 D7=FFFF A0=3C0002 A1=102300 A2=F6D1A A3=108F68 A4=10F111C A5=108000 A6=4FBC2 PC=4154 -- 004154: lsl.w   #8, D2
D0=0 D1=F D2=F00 D3=FFFF D4=8402D40 D5=802180B7 D6=842184B7 D7=FFFF A0=3C0002 A1=102300 A2=F6D1A A3=108F68 A4=10F111C A5=108000 A6=4FBC2 PC=4156 -- 004156: move.b  ($69,A1), D2
D0=0 D1=F D2=FFF D3=FFFF D4=8402D40 D5=802180B7 D6=842184B7 D7=FFFF A0=3C0002 A1=102300 A2=F6D1A A3=108F68 A4=10F111C A5=108000 A6=4FBC2 PC=415A -- 00415A: move.w  D2, (A0)
D0=0 D1=F D2=FFF D3=FFFF D4=8402D40 D5=802180B7 D6=842184B7 D7=FFFF A0=3C0002 A1=102300 A2=F6D1A A3=108F68 A4=10F111C A5=108000 A6=4FBC2 PC=415C -- 00415C: dbra    D0, $4150
D0=FFFF D1=F D2=FFF D3=FFFF D4=8402D40 D5=802180B7 D6=842184B7 D7=FFFF A0=3C0002 A1=102300 A2=F6D1A A3=108F68 A4=10F111C A5=108000 A6=4FBC2 PC=4160 -- 004160: bra     $4178
D0=FFFF D1=F D2=FFF D3=FFFF D4=8402D40 D5=802180B7 D6=842184B7 D7=FFFF A0=3C0002 A1=102300 A2=F6D1A A3=108F68 A4=10F111C A5=108000 A6=4FBC2 PC=4178 -- 004178: move.b  ($2,A2), D0
D0=FFC6 D1=F D2=FFF D3=FFFF D4=8402D40 D5=802180B7 D6=842184B7 D7=FFFF A0=3C0002 A1=102300 A2=F6D1A A3=108F68 A4=10F111C A5=108000 A6=4FBC2 PC=417C -- 00417C: tst.b   ($80,A1)
D0=FFC6 D1=F D2=FFF D3=FFFF D4=8402D40 D5=802180B7 D6=842184B7 D7=FFFF A0=3C0002 A1=102300 A2=F6D1A A3=108F68 A4=10F111C A5=108000 A6=4FBC2 PC=4180 -- 004180: beq     $4188
D0=FFC6 D1=F D2=FFF D3=FFFF D4=8402D40 D5=802180B7 D6=842184B7 D7=FFFF A0=3C0002 A1=102300 A2=F6D1A A3=108F68 A4=10F111C A5=108000 A6=4FBC2 PC=4188 -- 004188: add.b   ($30,A1), D0
D0=FFC6 D1=F D2=FFF D3=FFFF D4=8402D40 D5=802180B7 D6=842184B7 D7=FFFF A0=3C0002 A1=102300 A2=F6D1A A3=108F68 A4=10F111C A5=108000 A6=4FBC2 PC=418C -- 00418C: lsl.w   #8, D0
D0=C600 D1=F D2=FFF D3=FFFF D4=8402D40 D5=802180B7 D6=842184B7 D7=FFFF A0=3C0002 A1=102300 A2=F6D1A A3=108F68 A4=10F111C A5=108000 A6=4FBC2 PC=418E -- 00418E: tst.b   ($3,A2)
D0=C600 D1=F D2=FFF D3=FFFF D4=8402D40 D5=802180B7 D6=842184B7 D7=FFFF A0=3C0002 A1=102300 A2=F6D1A A3=108F68 A4=10F111C A5=108000 A6=4FBC2 PC=4192 -- 004192: beq     $4198
D0=C600 D1=F D2=FFF D3=FFFF D4=8402D40 D5=802180B7 D6=842184B7 D7=FFFF A0=3C0002 A1=102300 A2=F6D1A A3=108F68 A4=10F111C A5=108000 A6=4FBC2 PC=4194 -- 004194: move.b  #$10, D0
D0=C610 D1=F D2=FFF D3=FFFF D4=8402D40 D5=802180B7 D6=842184B7 D7=FFFF A0=3C0002 A1=102300 A2=F6D1A A3=108F68 A4=10F111C A5=108000 A6=4FBC2 PC=4198 -- 004198: move.w  ($4,A2), D1
D0=C610 D1=DCB0 D2=FFF D3=FFFF D4=8402D40 D5=802180B7 D6=842184B7 D7=FFFF A0=3C0002 A1=102300 A2=F6D1A A3=108F68 A4=10F111C A5=108000 A6=4FBC2 PC=419C -- 00419C: moveq   #$0, D3
D0=C610 D1=DCB0 D2=FFF D3=0 D4=8402D40 D5=802180B7 D6=842184B7 D7=FFFF A0=3C0002 A1=102300 A2=F6D1A A3=108F68 A4=10F111C A5=108000 A6=4FBC2 PC=419E -- 00419E: move.b  (A2), D3
D0=C610 D1=DCB0 D2=FFF D3=2 D4=8402D40 D5=802180B7 D6=842184B7 D7=FFFF A0=3C0002 A1=102300 A2=F6D1A A3=108F68 A4=10F111C A5=108000 A6=4FBC2 PC=41A0 -- 0041A0: subq.b  #1, D3
D0=C610 D1=DCB0 D2=FFF D3=1 D4=8402D40 D5=802180B7 D6=842184B7 D7=FFFF A0=3C0002 A1=102300 A2=F6D1A A3=108F68 A4=10F111C A5=108000 A6=4FBC2 PC=41A2 -- 0041A2: move.w  ($790,A5), D7
D0=C610 D1=DCB0 D2=FFF D3=1 D4=8402D40 D5=802180B7 D6=842184B7 D7=0 A0=3C0002 A1=102300 A2=F6D1A A3=108F68 A4=10F111C A5=108000 A6=4FBC2 PC=41A6 -- 0041A6: add.w   D7, D7
D0=C610 D1=DCB0 D2=FFF D3=1 D4=8402D40 D5=802180B7 D6=842184B7 D7=0 A0=3C0002 A1=102300 A2=F6D1A A3=108F68 A4=10F111C A5=108000 A6=4FBC2 PC=41A8 -- 0041A8: add.w   D7, D7
D0=C610 D1=DCB0 D2=FFF D3=1 D4=8402D40 D5=802180B7 D6=842184B7 D7=0 A0=3C0002 A1=102300 A2=F6D1A A3=108F68 A4=10F111C A5=108000 A6=4FBC2 PC=41AA -- 0041AA: movea.l ($4,PC,D7.w), A6
D0=C610 D1=DCB0 D2=FFF D3=1 D4=8402D40 D5=802180B7 D6=842184B7 D7=0 A0=3C0002 A1=102300 A2=F6D1A A3=108F68 A4=10F111C A5=108000 A6=428C PC=41AE -- 0041AE: jmp     (A6)
D0=C610 D1=DCB0 D2=FFF D3=1 D4=8402D40 D5=802180B7 D6=842184B7 D7=0 A0=3C0002 A1=102300 A2=F6D1A A3=108F68 A4=10F111C A5=108000 A6=428C PC=428C -- 00428C: lea     ($6,A2), A6
D0=C610 D1=DCB0 D2=FFF D3=1 D4=8402D40 D5=802180B7 D6=842184B7 D7=0 A0=3C0002 A1=102300 A2=F6D1A A3=108F68 A4=10F111C A5=108000 A6=F6D20 PC=4290 -- 004290: move.w  #$1, ($2,A0)
D0=C610 D1=DCB0 D2=FFF D3=1 D4=8402D40 D5=802180B7 D6=842184B7 D7=0 A0=3C0002 A1=102300 A2=F6D1A A3=108F68 A4=10F111C A5=108000 A6=F6D20 PC=4296 -- 004296: moveq   #$0, D7
D0=C610 D1=DCB0 D2=FFF D3=1 D4=8402D40 D5=802180B7 D6=842184B7 D7=0 A0=3C0002 A1=102300 A2=F6D1A A3=108F68 A4=10F111C A5=108000 A6=F6D20 PC=4298 -- 004298: move.b  ($1,A2), D7
D0=C610 D1=DCB0 D2=FFF D3=1 D4=8402D40 D5=802180B7 D6=842184B7 D7=2 A0=3C0002 A1=102300 A2=F6D1A A3=108F68 A4=10F111C A5=108000 A6=F6D20 PC=429C -- 00429C: subq.b  #1, D7
D0=C610 D1=DCB0 D2=FFF D3=1 D4=8402D40 D5=802180B7 D6=842184B7 D7=1 A0=3C0002 A1=102300 A2=F6D1A A3=108F68 A4=10F111C A5=108000 A6=F6D20 PC=429E -- 00429E: move.w  (A6)+, D2
D0=C610 D1=DCB0 D2=C000 D3=1 D4=8402D40 D5=802180B7 D6=842184B7 D7=1 A0=3C0002 A1=102300 A2=F6D1A A3=108F68 A4=10F111C A5=108000 A6=F6D22 PC=42A0 -- 0042A0: move.w  D4, (-$2,A0)
D0=C610 D1=DCB0 D2=C000 D3=1 D4=8402D40 D5=802180B7 D6=842184B7 D7=1 A0=3C0002 A1=102300 A2=F6D1A A3=108F68 A4=10F111C A5=108000 A6=F6D22 PC=42A4 -- 0042A4: add.w   D2, D2
D0=C610 D1=DCB0 D2=8000 D3=1 D4=8402D40 D5=802180B7 D6=842184B7 D7=1 A0=3C0002 A1=102300 A2=F6D1A A3=108F68 A4=10F111C A5=108000 A6=F6D22 PC=42A6 -- 0042A6: bcc     $42b8
D0=C610 D1=DCB0 D2=8000 D3=1 D4=8402D40 D5=802180B7 D6=842184B7 D7=1 A0=3C0002 A1=102300 A2=F6D1A A3=108F68 A4=10F111C A5=108000 A6=F6D22 PC=42A8 -- 0042A8: move.w  D1, (A0)
D0=C610 D1=DCB0 D2=8000 D3=1 D4=8402D40 D5=802180B7 D6=842184B7 D7=1 A0=3C0002 A1=102300 A2=F6D1A A3=108F68 A4=10F111C A5=108000 A6=F6D22 PC=42AA -- 0042AA: nop
D0=C610 D1=DCB0 D2=8000 D3=1 D4=8402D40 D5=802180B7 D6=842184B7 D7=1 A0=3C0002 A1=102300 A2=F6D1A A3=108F68 A4=10F111C A5=108000 A6=F6D22 PC=42AC -- 0042AC: move.w  D0, (A0)
D0=C610 D1=DCB0 D2=8000 D3=1 D4=8402D40 D5=802180B7 D6=842184B7 D7=1 A0=3C0002 A1=102300 A2=F6D1A A3=108F68 A4=10F111C A5=108000 A6=F6D22 PC=42AE -- 0042AE: addq.w  #1, D1
D0=C610 D1=DCB1 D2=8000 D3=1 D4=8402D40 D5=802180B7 D6=842184B7 D7=1 A0=3C0002 A1=102300 A2=F6D1A A3=108F68 A4=10F111C A5=108000 A6=F6D22 PC=42B0 -- 0042B0: bcc     $42c0
D0=C610 D1=DCB1 D2=8000 D3=1 D4=8402D40 D5=802180B7 D6=842184B7 D7=1 A0=3C0002 A1=102300 A2=F6D1A A3=108F68 A4=10F111C A5=108000 A6=F6D22 PC=42C0 -- 0042C0: dbra    D7, $42a4
D0=C610 D1=DCB1 D2=8000 D3=1 D4=8402D40 D5=802180B7 D6=842184B7 D7=0 A0=3C0002 A1=102300 A2=F6D1A A3=108F68 A4=10F111C A5=108000 A6=F6D22 PC=42A4 -- 0042A4: add.w   D2, D2
D0=C610 D1=DCB1 D2=0 D3=1 D4=8402D40 D5=802180B7 D6=842184B7 D7=0 A0=3C0002 A1=102300 A2=F6D1A A3=108F68 A4=10F111C A5=108000 A6=F6D22 PC=42A6 -- 0042A6: bcc     $42b8
D0=C610 D1=DCB1 D2=0 D3=1 D4=8402D40 D5=802180B7 D6=842184B7 D7=0 A0=3C0002 A1=102300 A2=F6D1A A3=108F68 A4=10F111C A5=108000 A6=F6D22 PC=42A8 -- 0042A8: move.w  D1, (A0)
D0=C610 D1=DCB1 D2=0 D3=1 D4=8402D40 D5=802180B7 D6=842184B7 D7=0 A0=3C0002 A1=102300 A2=F6D1A A3=108F68 A4=10F111C A5=108000 A6=F6D22 PC=42AA -- 0042AA: nop
D0=C610 D1=DCB1 D2=0 D3=1 D4=8402D40 D5=802180B7 D6=842184B7 D7=0 A0=3C0002 A1=102300 A2=F6D1A A3=108F68 A4=10F111C A5=108000 A6=F6D22 PC=42AC -- 0042AC: move.w  D0, (A0)
D0=C610 D1=DCB1 D2=0 D3=1 D4=8402D40 D5=802180B7 D6=842184B7 D7=0 A0=3C0002 A1=102300 A2=F6D1A A3=108F68 A4=10F111C A5=108000 A6=F6D22 PC=42AE -- 0042AE: addq.w  #1, D1
D0=C610 D1=DCB2 D2=0 D3=1 D4=8402D40 D5=802180B7 D6=842184B7 D7=0 A0=3C0002 A1=102300 A2=F6D1A A3=108F68 A4=10F111C A5=108000 A6=F6D22 PC=42B0 -- 0042B0: bcc     $42c0
D0=C610 D1=DCB2 D2=0 D3=1 D4=8402D40 D5=802180B7 D6=842184B7 D7=0 A0=3C0002 A1=102300 A2=F6D1A A3=108F68 A4=10F111C A5=108000 A6=F6D22 PC=42C0 -- 0042C0: dbra    D7, $42a4
D0=C610 D1=DCB2 D2=0 D3=1 D4=8402D40 D5=802180B7 D6=842184B7 D7=FFFF A0=3C0002 A1=102300 A2=F6D1A A3=108F68 A4=10F111C A5=108000 A6=F6D22 PC=42C4 -- 0042C4: bsr     $47c0
D0=C610 D1=DCB2 D2=0 D3=1 D4=8402D40 D5=802180B7 D6=842184B7 D7=FFFF A0=3C0002 A1=102300 A2=F6D1A A3=108F68 A4=10F111C A5=108000 A6=F6D22 PC=47C0 -- 0047C0: tst.b   ($78f,A5)
D0=C610 D1=DCB2 D2=0 D3=1 D4=8402D40 D5=802180B7 D6=842184B7 D7=FFFF A0=3C0002 A1=102300 A2=F6D1A A3=108F68 A4=10F111C A5=108000 A6=F6D22 PC=47C4 -- 0047C4: bpl     $47c8
D0=C610 D1=DCB2 D2=0 D3=1 D4=8402D40 D5=802180B7 D6=842184B7 D7=FFFF A0=3C0002 A1=102300 A2=F6D1A A3=108F68 A4=10F111C A5=108000 A6=F6D22 PC=47C6 -- 0047C6: rts
D0=C610 D1=DCB2 D2=0 D3=1 D4=8402D40 D5=802180B7 D6=842184B7 D7=FFFF A0=3C0002 A1=102300 A2=F6D1A A3=108F68 A4=10F111C A5=108000 A6=F6D22 PC=42C8 -- 0042C8: addi.w  #$40, D4
D0=C610 D1=DCB2 D2=0 D3=1 D4=8402D80 D5=802180B7 D6=842184B7 D7=FFFF A0=3C0002 A1=102300 A2=F6D1A A3=108F68 A4=10F111C A5=108000 A6=F6D22 PC=42CC -- 0042CC: dbra    D3, $4296
D0=C610 D1=DCB2 D2=0 D3=0 D4=8402D80 D5=802180B7 D6=842184B7 D7=FFFF A0=3C0002 A1=102300 A2=F6D1A A3=108F68 A4=10F111C A5=108000 A6=F6D22 PC=4296 -- 004296: moveq   #$0, D7
D0=C610 D1=DCB2 D2=0 D3=0 D4=8402D80 D5=802180B7 D6=842184B7 D7=0 A0=3C0002 A1=102300 A2=F6D1A A3=108F68 A4=10F111C A5=108000 A6=F6D22 PC=4298 -- 004298: move.b  ($1,A2), D7
D0=C610 D1=DCB2 D2=0 D3=0 D4=8402D80 D5=802180B7 D6=842184B7 D7=2 A0=3C0002 A1=102300 A2=F6D1A A3=108F68 A4=10F111C A5=108000 A6=F6D22 PC=429C -- 00429C: subq.b  #1, D7
D0=C610 D1=DCB2 D2=0 D3=0 D4=8402D80 D5=802180B7 D6=842184B7 D7=1 A0=3C0002 A1=102300 A2=F6D1A A3=108F68 A4=10F111C A5=108000 A6=F6D22 PC=429E -- 00429E: move.w  (A6)+, D2
D0=C610 D1=DCB2 D2=C000 D3=0 D4=8402D80 D5=802180B7 D6=842184B7 D7=1 A0=3C0002 A1=102300 A2=F6D1A A3=108F68 A4=10F111C A5=108000 A6=F6D24 PC=42A0 -- 0042A0: move.w  D4, (-$2,A0)

   (loops for 16 instructions)

D0=C610 D1=DCB4 D2=0 D3=0 D4=8402D80 D5=802180B7 D6=842184B7 D7=FFFF A0=3C0002 A1=102300 A2=F6D1A A3=108F68 A4=10F111C A5=108000 A6=F6D24 PC=42C4 -- 0042C4: bsr     $47c0
D0=C610 D1=DCB4 D2=0 D3=0 D4=8402D80 D5=802180B7 D6=842184B7 D7=FFFF A0=3C0002 A1=102300 A2=F6D1A A3=108F68 A4=10F111C A5=108000 A6=F6D24 PC=47C0 -- 0047C0: tst.b   ($78f,A5)
D0=C610 D1=DCB4 D2=0 D3=0 D4=8402D80 D5=802180B7 D6=842184B7 D7=FFFF A0=3C0002 A1=102300 A2=F6D1A A3=108F68 A4=10F111C A5=108000 A6=F6D24 PC=47C4 -- 0047C4: bpl     $47c8
D0=C610 D1=DCB4 D2=0 D3=0 D4=8402D80 D5=802180B7 D6=842184B7 D7=FFFF A0=3C0002 A1=102300 A2=F6D1A A3=108F68 A4=10F111C A5=108000 A6=F6D24 PC=47C6 -- 0047C6: rts
D0=C610 D1=DCB4 D2=0 D3=0 D4=8402D80 D5=802180B7 D6=842184B7 D7=FFFF A0=3C0002 A1=102300 A2=F6D1A A3=108F68 A4=10F111C A5=108000 A6=F6D24 PC=42C8 -- 0042C8: addi.w  #$40, D4
D0=C610 D1=DCB4 D2=0 D3=0 D4=8402DC0 D5=802180B7 D6=842184B7 D7=FFFF A0=3C0002 A1=102300 A2=F6D1A A3=108F68 A4=10F111C A5=108000 A6=F6D24 PC=42CC -- 0042CC: dbra    D3, $4296
D0=C610 D1=DCB4 D2=0 D3=FFFF D4=8402DC0 D5=802180B7 D6=842184B7 D7=FFFF A0=3C0002 A1=102300 A2=F6D1A A3=108F68 A4=10F111C A5=108000 A6=F6D24 PC=42D0 -- 0042D0: rts
D0=C610 D1=DCB4 D2=0 D3=FFFF D4=8402DC0 D5=802180B7 D6=842184B7 D7=FFFF A0=3C0002 A1=102300 A2=F6D1A A3=108F68 A4=10F111C A5=108000 A6=F6D24 PC=4016 -- 004016: bra     $401c
D0=C610 D1=DCB4 D2=0 D3=FFFF D4=8402DC0 D5=802180B7 D6=842184B7 D7=FFFF A0=3C0002 A1=102300 A2=F6D1A A3=108F68 A4=10F111C A5=108000 A6=F6D24 PC=401C -- 00401C: movea.l (A7)+, A6
D0=C610 D1=DCB4 D2=0 D3=FFFF D4=8402DC0 D5=802180B7 D6=842184B7 D7=FFFF A0=3C0002 A1=102300 A2=F6D1A A3=108F68 A4=10F111C A5=108000 A6=108E3C PC=401E -- 00401E: btst    #$5, ($4,A4)
D0=C610 D1=DCB4 D2=0 D3=FFFF D4=8402DC0 D5=802180B7 D6=842184B7 D7=FFFF A0=3C0002 A1=102300 A2=F6D1A A3=108F68 A4=10F111C A5=108000 A6=108E3C PC=4024 -- 004024: beq     $4056
D0=C610 D1=DCB4 D2=0 D3=FFFF D4=8402DC0 D5=802180B7 D6=842184B7 D7=FFFF A0=3C0002 A1=102300 A2=F6D1A A3=108F68 A4=10F111C A5=108000 A6=108E3C PC=4056 -- 004056: tst.b   ($7c,A1)
D0=C610 D1=DCB4 D2=0 D3=FFFF D4=8402DC0 D5=802180B7 D6=842184B7 D7=FFFF A0=3C0002 A1=102300 A2=F6D1A A3=108F68 A4=10F111C A5=108000 A6=108E3C PC=405A -- 00405A: bpl     $4064
D0=C610 D1=DCB4 D2=0 D3=FFFF D4=8402DC0 D5=802180B7 D6=842184B7 D7=FFFF A0=3C0002 A1=102300 A2=F6D1A A3=108F68 A4=10F111C A5=108000 A6=108E3C PC=4064 -- 004064: movea.l (A7)+, A0
D0=C610 D1=DCB4 D2=0 D3=FFFF D4=8402DC0 D5=802180B7 D6=842184B7 D7=FFFF A0=10892C A1=102300 A2=F6D1A A3=108F68 A4=10F111C A5=108000 A6=108E3C PC=4066 -- 004066: subq.w  #1, ($e3a,A5)
D0=C610 D1=DCB4 D2=0 D3=FFFF D4=8402DC0 D5=802180B7 D6=842184B7 D7=FFFF A0=10892C A1=102300 A2=F6D1A A3=108F68 A4=10F111C A5=108000 A6=108E3C PC=406A -- 00406A: bne     $3f32
D0=C610 D1=DCB4 D2=0 D3=FFFF D4=8402DC0 D5=802180B7 D6=842184B7 D7=FFFF A0=10892C A1=102300 A2=F6D1A A3=108F68 A4=10F111C A5=108000 A6=108E3C PC=3F32 -- 003F32: move.w  (A0)+, D0
D0=2500 D1=DCB4 D2=0 D3=FFFF D4=8402DC0 D5=802180B7 D6=842184B7 D7=FFFF A0=10892E A1=102300 A2=F6D1A A3=108F68 A4=10F111C A5=108000 A6=108E3C PC=3F34 -- 003F34: beq     $3f32
D0=2500 D1=DCB4 D2=0 D3=FFFF D4=8402DC0 D5=802180B7 D6=842184B7 D7=FFFF A0=10892E A1=102300 A2=F6D1A A3=108F68 A4=10F111C A5=108000 A6=108E3C PC=3F36 -- 003F36: clr.w   (-$2,A0)
D0=2500 D1=DCB4 D2=0 D3=FFFF D4=8402DC0 D5=802180B7 D6=842184B7 D7=FFFF A0=10892E A1=102300 A2=F6D1A A3=108F68 A4=10F111C A5=108000 A6=108E3C PC=3F3A -- 003F3A: move.l  A5, D1
D0=2500 D1=108000 D2=0 D3=FFFF D4=8402DC0 D5=802180B7 D6=842184B7 D7=FFFF A0=10892E A1=102300 A2=F6D1A A3=108F68 A4=10F111C A5=108000 A6=108E3C PC=3F3C -- 003F3C: move.w  D0, D1
D0=2500 D1=102500 D2=0 D3=FFFF D4=8402DC0 D5=802180B7 D6=842184B7 D7=FFFF A0=10892E A1=102300 A2=F6D1A A3=108F68 A4=10F111C A5=108000 A6=108E3C PC=3F3E -- 003F3E: movea.l D1, A1
D0=2500 D1=102500 D2=0 D3=FFFF D4=8402DC0 D5=802180B7 D6=842184B7 D7=FFFF A0=10892E A1=102500 A2=F6D1A A3=108F68 A4=10F111C A5=108000 A6=108E3C PC=3F40 -- 003F40: movea.l ($28,A1), A2
D0=2500 D1=102500 D2=0 D3=FFFF D4=8402DC0 D5=802180B7 D6=842184B7 D7=FFFF A0=10892E A1=102500 A2=F6D10 A3=108F68 A4=10F111C A5=108000 A6=108E3C PC=3F44 -- 003F44: lea     $7bf48.l, A4
D0=2500 D1=102500 D2=0 D3=FFFF D4=8402DC0 D5=802180B7 D6=842184B7 D7=FFFF A0=10892E A1=102500 A2=F6D10 A3=108F68 A4=7BF48 A5=108000 A6=108E3C PC=3F4A -- 003F4A: move.w  ($70,A1), D0
D0=1B D1=102500 D2=0 D3=FFFF D4=8402DC0 D5=802180B7 D6=842184B7 D7=FFFF A0=10892E A1=102500 A2=F6D10 A3=108F68 A4=7BF48 A5=108000 A6=108E3C PC=3F4E -- 003F4E: add.w   D0, D0
D0=36 D1=102500 D2=0 D3=FFFF D4=8402DC0 D5=802180B7 D6=842184B7 D7=FFFF A0=10892E A1=102500 A2=F6D10 A3=108F68 A4=7BF48 A5=108000 A6=108E3C PC=3F50 -- 003F50: add.w   D0, D0
D0=6C D1=102500 D2=0 D3=FFFF D4=8402DC0 D5=802180B7 D6=842184B7 D7=FFFF A0=10892E A1=102500 A2=F6D10 A3=108F68 A4=7BF48 A5=108000 A6=108E3C PC=3F52 -- 003F52: movea.l (A4,D0.w), A4
D0=6C D1=102500 D2=0 D3=FFFF D4=8402DC0 D5=802180B7 D6=842184B7 D7=FFFF A0=10892E A1=102500 A2=F6D10 A3=108F68 A4=7F5E0 A5=108000 A6=108E3C PC=3F56 -- 003F56: move.w  ($72,A1), D0
D0=39 D1=102500 D2=0 D3=FFFF D4=8402DC0 D5=802180B7 D6=842184B7 D7=FFFF A0=10892E A1=102500 A2=F6D10 A3=108F68 A4=7F5E0 A5=108000 A6=108E3C PC=3F5A -- 003F5A: add.w   D0, D0
D0=72 D1=102500 D2=0 D3=FFFF D4=8402DC0 D5=802180B7 D6=842184B7 D7=FFFF A0=10892E A1=102500 A2=F6D10 A3=108F68 A4=7F5E0 A5=108000 A6=108E3C PC=3F5C -- 003F5C: move.w  (A4,D0.w), ($46de,A5)
D0=72 D1=102500 D2=0 D3=FFFF D4=8402DC0 D5=802180B7 D6=842184B7 D7=FFFF A0=10892E A1=102500 A2=F6D10 A3=108F68 A4=7F5E0 A5=108000 A6=108E3C PC=3F62 -- 003F62: lea     $80000.l, A4
D0=72 D1=102500 D2=0 D3=FFFF D4=8402DC0 D5=802180B7 D6=842184B7 D7=FFFF A0=10892E A1=102500 A2=F6D10 A3=108F68 A4=80000 A5=108000 A6=108E3C PC=3F68 -- 003F68: move.w  ($70,A1), D0
D0=1B D1=102500 D2=0 D3=FFFF D4=8402DC0 D5=802180B7 D6=842184B7 D7=FFFF A0=10892E A1=102500 A2=F6D10 A3=108F68 A4=80000 A5=108000 A6=108E3C PC=3F6C -- 003F6C: add.w   D0, D0
D0=36 D1=102500 D2=0 D3=FFFF D4=8402DC0 D5=802180B7 D6=842184B7 D7=FFFF A0=10892E A1=102500 A2=F6D10 A3=108F68 A4=80000 A5=108000 A6=108E3C PC=3F6E -- 003F6E: add.w   D0, D0
D0=6C D1=102500 D2=0 D3=FFFF D4=8402DC0 D5=802180B7 D6=842184B7 D7=FFFF A0=10892E A1=102500 A2=F6D10 A3=108F68 A4=80000 A5=108000 A6=108E3C PC=3F70 -- 003F70: movea.l (A4,D0.w), A4
D0=6C D1=102500 D2=0 D3=FFFF D4=8402DC0 D5=802180B7 D6=842184B7 D7=FFFF A0=10892E A1=102500 A2=F6D10 A3=108F68 A4=86E00 A5=108000 A6=108E3C PC=3F74 -- 003F74: move.w  ($46de,A5), D0
D0=3939 D1=102500 D2=0 D3=FFFF D4=8402DC0 D5=802180B7 D6=842184B7 D7=FFFF A0=10892E A1=102500 A2=F6D10 A3=108F68 A4=86E00 A5=108000 A6=108E3C PC=3F78 -- 003F78: tst.b   ($46e2,A5)
D0=3939 D1=102500 D2=0 D3=FFFF D4=8402DC0 D5=802180B7 D6=842184B7 D7=FFFF A0=10892E A1=102500 A2=F6D10 A3=108F68 A4=86E00 A5=108000 A6=108E3C PC=3F7C -- 003F7C: beq     $3f82
D0=3939 D1=102500 D2=0 D3=FFFF D4=8402DC0 D5=802180B7 D6=842184B7 D7=FFFF A0=10892E A1=102500 A2=F6D10 A3=108F68 A4=86E00 A5=108000 A6=108E3C PC=3F82 -- 003F82: andi.w  #$ff, D0
D0=39 D1=102500 D2=0 D3=FFFF D4=8402DC0 D5=802180B7 D6=842184B7 D7=FFFF A0=10892E A1=102500 A2=F6D10 A3=108F68 A4=86E00 A5=108000 A6=108E3C PC=3F86 -- 003F86: add.w   D0, D0
D0=72 D1=102500 D2=0 D3=FFFF D4=8402DC0 D5=802180B7 D6=842184B7 D7=FFFF A0=10892E A1=102500 A2=F6D10 A3=108F68 A4=86E00 A5=108000 A6=108E3C PC=3F88 -- 003F88: add.w   D0, D0
D0=E4 D1=102500 D2=0 D3=FFFF D4=8402DC0 D5=802180B7 D6=842184B7 D7=FFFF A0=10892E A1=102500 A2=F6D10 A3=108F68 A4=86E00 A5=108000 A6=108E3C PC=3F8A -- 003F8A: movea.l (A4,D0.w), A4
D0=E4 D1=102500 D2=0 D3=FFFF D4=8402DC0 D5=802180B7 D6=842184B7 D7=FFFF A0=10892E A1=102500 A2=F6D10 A3=108F68 A4=F311A A5=108000 A6=108E3C PC=3F8E -- 003F8E: move.w  ($74,A1), D0
D0=0 D1=102500 D2=0 D3=FFFF D4=8402DC0 D5=802180B7 D6=842184B7 D7=FFFF A0=10892E A1=102500 A2=F6D10 A3=108F68 A4=F311A A5=108000 A6=108E3C PC=3F92 -- 003F92: adda.w  D0, A4
D0=0 D1=102500 D2=0 D3=FFFF D4=8402DC0 D5=802180B7 D6=842184B7 D7=FFFF A0=10892E A1=102500 A2=F6D10 A3=108F68 A4=F311A A5=108000 A6=108E3C PC=3F94 -- 003F94: move.l  (A4), D0
D0=10F1116 D1=102500 D2=0 D3=FFFF D4=8402DC0 D5=802180B7 D6=842184B7 D7=FFFF A0=10892E A1=102500 A2=F6D10 A3=108F68 A4=F311A A5=108000 A6=108E3C PC=3F96 -- 003F96: movea.l D0, A4
D0=10F1116 D1=102500 D2=0 D3=FFFF D4=8402DC0 D5=802180B7 D6=842184B7 D7=FFFF A0=10892E A1=102500 A2=F6D10 A3=108F68 A4=10F1116 A5=108000 A6=108E3C PC=3F98 -- 003F98: move.l  A0, -(A7)
D0=10F1116 D1=102500 D2=0 D3=FFFF D4=8402DC0 D5=802180B7 D6=842184B7 D7=FFFF A0=10892E A1=102500 A2=F6D10 A3=108F68 A4=10F1116 A5=108000 A6=108E3C PC=3F9A -- 003F9A: lea     $3c0002.l, A0
D0=10F1116 D1=102500 D2=0 D3=FFFF D4=8402DC0 D5=802180B7 D6=842184B7 D7=FFFF A0=3C0002 A1=102500 A2=F6D10 A3=108F68 A4=10F1116 A5=108000 A6=108E3C PC=3FA0 -- 003FA0: tst.b   ($7c,A1)
D0=10F1116 D1=102500 D2=0 D3=FFFF D4=8402DC0 D5=802180B7 D6=842184B7 D7=FFFF A0=3C0002 A1=102500 A2=F6D10 A3=108F68 A4=10F1116 A5=108000 A6=108E3C PC=3FA4 -- 003FA4: bpl     $3fc0
D0=10F1116 D1=102500 D2=0 D3=FFFF D4=8402DC0 D5=802180B7 D6=842184B7 D7=FFFF A0=3C0002 A1=102500 A2=F6D10 A3=108F68 A4=10F1116 A5=108000 A6=108E3C PC=3FC0 -- 003FC0: moveq   #$0, D0
D0=0 D1=102500 D2=0 D3=FFFF D4=8402DC0 D5=802180B7 D6=842184B7 D7=FFFF A0=3C0002 A1=102500 A2=F6D10 A3=108F68 A4=10F1116 A5=108000 A6=108E3C PC=3FC2 -- 003FC2: move.b  (A2), D0
D0=2 D1=102500 D2=0 D3=FFFF D4=8402DC0 D5=802180B7 D6=842184B7 D7=FFFF A0=3C0002 A1=102500 A2=F6D10 A3=108F68 A4=10F1116 A5=108000 A6=108E3C PC=3FC4 -- 003FC4: sub.w   D0, ($794,A5)
D0=2 D1=102500 D2=0 D3=FFFF D4=8402DC0 D5=802180B7 D6=842184B7 D7=FFFF A0=3C0002 A1=102500 A2=F6D10 A3=108F68 A4=10F1116 A5=108000 A6=108E3C PC=3FC8 -- 003FC8: bcc     $3fd2
D0=2 D1=102500 D2=0 D3=FFFF D4=8402DC0 D5=802180B7 D6=842184B7 D7=FFFF A0=3C0002 A1=102500 A2=F6D10 A3=108F68 A4=10F1116 A5=108000 A6=108E3C PC=3FD2 -- 003FD2: move.l  A6, -(A7)
D0=2 D1=102500 D2=0 D3=FFFF D4=8402DC0 D5=802180B7 D6=842184B7 D7=FFFF A0=3C0002 A1=102500 A2=F6D10 A3=108F68 A4=10F1116 A5=108000 A6=108E3C PC=3FD4 -- 003FD4: btst    #$6, ($7c,A1)
D0=2 D1=102500 D2=0 D3=FFFF D4=8402DC0 D5=802180B7 D6=842184B7 D7=FFFF A0=3C0002 A1=102500 A2=F6D10 A3=108F68 A4=10F1116 A5=108000 A6=108E3C PC=3FDA -- 003FDA: bne     $400c
D0=2 D1=102500 D2=0 D3=FFFF D4=8402DC0 D5=802180B7 D6=842184B7 D7=FFFF A0=3C0002 A1=102500 A2=F6D10 A3=108F68 A4=10F1116 A5=108000 A6=108E3C PC=3FDE -- 003FDE: moveq   #$0, D1
D0=2 D1=0 D2=0 D3=FFFF D4=8402DC0 D5=802180B7 D6=842184B7 D7=FFFF A0=3C0002 A1=102500 A2=F6D10 A3=108F68 A4=10F1116 A5=108000 A6=108E3C PC=3FE0 -- 003FE0: move.b  ($82,A1), D1
D0=2 D1=0 D2=0 D3=FFFF D4=8402DC0 D5=802180B7 D6=842184B7 D7=FFFF A0=3C0002 A1=102500 A2=F6D10 A3=108F68 A4=10F1116 A5=108000 A6=108E3C PC=3FE4 -- 003FE4: add.w   D1, D1
D0=2 D1=0 D2=0 D3=FFFF D4=8402DC0 D5=802180B7 D6=842184B7 D7=FFFF A0=3C0002 A1=102500 A2=F6D10 A3=108F68 A4=10F1116 A5=108000 A6=108E3C PC=3FE6 -- 003FE6: add.w   D1, D1
D0=2 D1=0 D2=0 D3=FFFF D4=8402DC0 D5=802180B7 D6=842184B7 D7=FFFF A0=3C0002 A1=102500 A2=F6D10 A3=108F68 A4=10F1116 A5=108000 A6=108E3C PC=3FE8 -- 003FE8: move.w  ($18,A1), D0
D0=90 D1=0 D2=0 D3=FFFF D4=8402DC0 D5=802180B7 D6=842184B7 D7=FFFF A0=3C0002 A1=102500 A2=F6D10 A3=108F68 A4=10F1116 A5=108000 A6=108E3C PC=3FEC -- 003FEC: lea     ($104c,A5), A6
D0=90 D1=0 D2=0 D3=FFFF D4=8402DC0 D5=802180B7 D6=842184B7 D7=FFFF A0=3C0002 A1=102500 A2=F6D10 A3=108F68 A4=10F1116 A5=108000 A6=10904C PC=3FF0 -- 003FF0: sub.w   (A6,D1.w), D0
D0=90 D1=0 D2=0 D3=FFFF D4=8402DC0 D5=802180B7 D6=842184B7 D7=FFFF A0=3C0002 A1=102500 A2=F6D10 A3=108F68 A4=10F1116 A5=108000 A6=10904C PC=3FF4 -- 003FF4: move.w  D0, ($24,A1)
D0=90 D1=0 D2=0 D3=FFFF D4=8402DC0 D5=802180B7 D6=842184B7 D7=FFFF A0=3C0002 A1=102500 A2=F6D10 A3=108F68 A4=10F1116 A5=108000 A6=10904C PC=3FF8 -- 003FF8: move.w  ($1c,A1), D0
D0=C8 D1=0 D2=0 D3=FFFF D4=8402DC0 D5=802180B7 D6=842184B7 D7=FFFF A0=3C0002 A1=102500 A2=F6D10 A3=108F68 A4=10F1116 A5=108000 A6=10904C PC=3FFC -- 003FFC: sub.w   ($20,A1), D0
D0=C8 D1=0 D2=0 D3=FFFF D4=8402DC0 D5=802180B7 D6=842184B7 D7=FFFF A0=3C0002 A1=102500 A2=F6D10 A3=108F68 A4=10F1116 A5=108000 A6=10904C PC=4000 -- 004000: lea     ($1058,A5), A6
D0=C8 D1=0 D2=0 D3=FFFF D4=8402DC0 D5=802180B7 D6=842184B7 D7=FFFF A0=3C0002 A1=102500 A2=F6D10 A3=108F68 A4=10F1116 A5=108000 A6=109058 PC=4004 -- 004004: sub.w   (A6,D1.w), D0
D0=C8 D1=0 D2=0 D3=FFFF D4=8402DC0 D5=802180B7 D6=842184B7 D7=FFFF A0=3C0002 A1=102500 A2=F6D10 A3=108F68 A4=10F1116 A5=108000 A6=109058 PC=4008 -- 004008: move.w  D0, ($26,A1)
D0=C8 D1=0 D2=0 D3=FFFF D4=8402DC0 D5=802180B7 D6=842184B7 D7=FFFF A0=3C0002 A1=102500 A2=F6D10 A3=108F68 A4=10F1116 A5=108000 A6=109058 PC=400C -- 00400C: tst.b   ($3a66,A5)
D0=C8 D1=0 D2=0 D3=FFFF D4=8402DC0 D5=802180B7 D6=842184B7 D7=FFFF A0=3C0002 A1=102500 A2=F6D10 A3=108F68 A4=10F1116 A5=108000 A6=109058 PC=4010 -- 004010: bmi     $4018
D0=C8 D1=0 D2=0 D3=FFFF D4=8402DC0 D5=802180B7 D6=842184B7 D7=FFFF A0=3C0002 A1=102500 A2=F6D10 A3=108F68 A4=10F1116 A5=108000 A6=109058 PC=4012 -- 004012: bsr     $4088
D0=C8 D1=0 D2=0 D3=FFFF D4=8402DC0 D5=802180B7 D6=842184B7 D7=FFFF A0=3C0002 A1=102500 A2=F6D10 A3=108F68 A4=10F1116 A5=108000 A6=109058 PC=4088 -- 004088: move.w  (A4), D0
D0=FF90 D1=0 D2=0 D3=FFFF D4=8402DC0 D5=802180B7 D6=842184B7 D7=FFFF A0=3C0002 A1=102500 A2=F6D10 A3=108F68 A4=10F1116 A5=108000 A6=109058 PC=408A -- 00408A: move.b  ($31,A1), D1
D0=FF90 D1=0 D2=0 D3=FFFF D4=8402DC0 D5=802180B7 D6=842184B7 D7=FFFF A0=3C0002 A1=102500 A2=F6D10 A3=108F68 A4=10F1116 A5=108000 A6=109058 PC=408E -- 00408E: move.b  ($4,A4), D2
D0=FF90 D1=0 D2=0 D3=FFFF D4=8402DC0 D5=802180B7 D6=842184B7 D7=FFFF A0=3C0002 A1=102500 A2=F6D10 A3=108F68 A4=10F1116 A5=108000 A6=109058 PC=4092 -- 004092: rol.b   #2, D2
D0=FF90 D1=0 D2=0 D3=FFFF D4=8402DC0 D5=802180B7 D6=842184B7 D7=FFFF A0=3C0002 A1=102500 A2=F6D10 A3=108F68 A4=10F1116 A5=108000 A6=109058 PC=4094 -- 004094: eor.w   D2, D1
D0=FF90 D1=0 D2=0 D3=FFFF D4=8402DC0 D5=802180B7 D6=842184B7 D7=FFFF A0=3C0002 A1=102500 A2=F6D10 A3=108F68 A4=10F1116 A5=108000 A6=109058 PC=4096 -- 004096: andi.w  #$3, D1
D0=FF90 D1=0 D2=0 D3=FFFF D4=8402DC0 D5=802180B7 D6=842184B7 D7=FFFF A0=3C0002 A1=102500 A2=F6D10 A3=108F68 A4=10F1116 A5=108000 A6=109058 PC=409A -- 00409A: move.w  D1, ($790,A5)
D0=FF90 D1=0 D2=0 D3=FFFF D4=8402DC0 D5=802180B7 D6=842184B7 D7=FFFF A0=3C0002 A1=102500 A2=F6D10 A3=108F68 A4=10F1116 A5=108000 A6=109058 PC=409E -- 00409E: andi.w  #$1, D1
D0=FF90 D1=0 D2=0 D3=FFFF D4=8402DC0 D5=802180B7 D6=842184B7 D7=FFFF A0=3C0002 A1=102500 A2=F6D10 A3=108F68 A4=10F1116 A5=108000 A6=109058 PC=40A2 -- 0040A2: beq     $40ae
D0=FF90 D1=0 D2=0 D3=FFFF D4=8402DC0 D5=802180B7 D6=842184B7 D7=FFFF A0=3C0002 A1=102500 A2=F6D10 A3=108F68 A4=10F1116 A5=108000 A6=109058 PC=40AE -- 0040AE: moveq   #$0, D1
D0=FF90 D1=0 D2=0 D3=FFFF D4=8402DC0 D5=802180B7 D6=842184B7 D7=FFFF A0=3C0002 A1=102500 A2=F6D10 A3=108F68 A4=10F1116 A5=108000 A6=109058 PC=40B0 -- 0040B0: move.b  ($68,A1), D1
D0=FF90 D1=FF D2=0 D3=FFFF D4=8402DC0 D5=802180B7 D6=842184B7 D7=FFFF A0=3C0002 A1=102500 A2=F6D10 A3=108F68 A4=10F1116 A5=108000 A6=109058 PC=40B4 -- 0040B4: addq.w  #1, D1
D0=FF90 D1=100 D2=0 D3=FFFF D4=8402DC0 D5=802180B7 D6=842184B7 D7=FFFF A0=3C0002 A1=102500 A2=F6D10 A3=108F68 A4=10F1116 A5=108000 A6=109058 PC=40B6 -- 0040B6: muls.w  D1, D0
D0=FFFF9000 D1=100 D2=0 D3=FFFF D4=8402DC0 D5=802180B7 D6=842184B7 D7=FFFF A0=3C0002 A1=102500 A2=F6D10 A3=108F68 A4=10F1116 A5=108000 A6=109058 PC=40B8 -- 0040B8: lsr.l   #8, D0
D0=FFFF90 D1=100 D2=0 D3=FFFF D4=8402DC0 D5=802180B7 D6=842184B7 D7=FFFF A0=3C0002 A1=102500 A2=F6D10 A3=108F68 A4=10F1116 A5=108000 A6=109058 PC=40BA -- 0040BA: add.w   ($24,A1), D0
D0=FF0020 D1=100 D2=0 D3=FFFF D4=8402DC0 D5=802180B7 D6=842184B7 D7=FFFF A0=3C0002 A1=102500 A2=F6D10 A3=108F68 A4=10F1116 A5=108000 A6=109058 PC=40BE -- 0040BE: lsl.w   #7, D0
D0=FF1000 D1=100 D2=0 D3=FFFF D4=8402DC0 D5=802180B7 D6=842184B7 D7=FFFF A0=3C0002 A1=102500 A2=F6D10 A3=108F68 A4=10F1116 A5=108000 A6=109058 PC=40C0 -- 0040C0: move.w  D6, (-$2,A0)
D0=FF1000 D1=100 D2=0 D3=FFFF D4=8402DC0 D5=802180B7 D6=842184B7 D7=FFFF A0=3C0002 A1=102500 A2=F6D10 A3=108F68 A4=10F1116 A5=108000 A6=109058 PC=40C4 -- 0040C4: move.w  D0, (A0)
D0=FF1000 D1=100 D2=0 D3=FFFF D4=8402DC0 D5=802180B7 D6=842184B7 D7=FFFF A0=3C0002 A1=102500 A2=F6D10 A3=108F68 A4=10F1116 A5=108000 A6=109058 PC=40C6 -- 0040C6: moveq   #$0, D0
D0=0 D1=100 D2=0 D3=FFFF D4=8402DC0 D5=802180B7 D6=842184B7 D7=FFFF A0=3C0002 A1=102500 A2=F6D10 A3=108F68 A4=10F1116 A5=108000 A6=109058 PC=40C8 -- 0040C8: move.b  (A2), D0
D0=2 D1=100 D2=0 D3=FFFF D4=8402DC0 D5=802180B7 D6=842184B7 D7=FFFF A0=3C0002 A1=102500 A2=F6D10 A3=108F68 A4=10F1116 A5=108000 A6=109058 PC=40CA -- 0040CA: add.w   D0, D6
D0=2 D1=100 D2=0 D3=FFFF D4=8402DC0 D5=802180B7 D6=842184B9 D7=FFFF A0=3C0002 A1=102500 A2=F6D10 A3=108F68 A4=10F1116 A5=108000 A6=109058 PC=40CC -- 0040CC: move.w  ($2,A4), D0
D0=FFF7 D1=100 D2=0 D3=FFFF D4=8402DC0 D5=802180B7 D6=842184B9 D7=FFFF A0=3C0002 A1=102500 A2=F6D10 A3=108F68 A4=10F1116 A5=108000 A6=109058 PC=40D0 -- 0040D0: btst    #$1, ($791,A5)
D0=FFF7 D1=100 D2=0 D3=FFFF D4=8402DC0 D5=802180B7 D6=842184B9 D7=FFFF A0=3C0002 A1=102500 A2=F6D10 A3=108F68 A4=10F1116 A5=108000 A6=109058 PC=40D6 -- 0040D6: beq     $40e4
D0=FFF7 D1=100 D2=0 D3=FFFF D4=8402DC0 D5=802180B7 D6=842184B9 D7=FFFF A0=3C0002 A1=102500 A2=F6D10 A3=108F68 A4=10F1116 A5=108000 A6=109058 PC=40E4 -- 0040E4: moveq   #$0, D1
D0=FFF7 D1=0 D2=0 D3=FFFF D4=8402DC0 D5=802180B7 D6=842184B9 D7=FFFF A0=3C0002 A1=102500 A2=F6D10 A3=108F68 A4=10F1116 A5=108000 A6=109058 PC=40E6 -- 0040E6: move.b  ($69,A1), D1
D0=FFF7 D1=FF D2=0 D3=FFFF D4=8402DC0 D5=802180B7 D6=842184B9 D7=FFFF A0=3C0002 A1=102500 A2=F6D10 A3=108F68 A4=10F1116 A5=108000 A6=109058 PC=40EA -- 0040EA: addq.w  #1, D1
D0=FFF7 D1=100 D2=0 D3=FFFF D4=8402DC0 D5=802180B7 D6=842184B9 D7=FFFF A0=3C0002 A1=102500 A2=F6D10 A3=108F68 A4=10F1116 A5=108000 A6=109058 PC=40EC -- 0040EC: muls.w  D1, D0
D0=FFFFF700 D1=100 D2=0 D3=FFFF D4=8402DC0 D5=802180B7 D6=842184B9 D7=FFFF A0=3C0002 A1=102500 A2=F6D10 A3=108F68 A4=10F1116 A5=108000 A6=109058 PC=40EE -- 0040EE: lsr.l   #8, D0
D0=FFFFF7 D1=100 D2=0 D3=FFFF D4=8402DC0 D5=802180B7 D6=842184B9 D7=FFFF A0=3C0002 A1=102500 A2=F6D10 A3=108F68 A4=10F1116 A5=108000 A6=109058 PC=40F0 -- 0040F0: add.w   ($26,A1), D0
D0=FF00BF D1=100 D2=0 D3=FFFF D4=8402DC0 D5=802180B7 D6=842184B9 D7=FFFF A0=3C0002 A1=102500 A2=F6D10 A3=108F68 A4=10F1116 A5=108000 A6=109058 PC=40F4 -- 0040F4: neg.w   D0
D0=FFFF41 D1=100 D2=0 D3=FFFF D4=8402DC0 D5=802180B7 D6=842184B9 D7=FFFF A0=3C0002 A1=102500 A2=F6D10 A3=108F68 A4=10F1116 A5=108000 A6=109058 PC=40F6 -- 0040F6: addi.w  #$1ff, D0
D0=FF0140 D1=100 D2=0 D3=FFFF D4=8402DC0 D5=802180B7 D6=842184B9 D7=FFFF A0=3C0002 A1=102500 A2=F6D10 A3=108F68 A4=10F1116 A5=108000 A6=109058 PC=40FA -- 0040FA: lsl.w   #7, D0
D0=FFA000 D1=100 D2=0 D3=FFFF D4=8402DC0 D5=802180B7 D6=842184B9 D7=FFFF A0=3C0002 A1=102500 A2=F6D10 A3=108F68 A4=10F1116 A5=108000 A6=109058 PC=40FC -- 0040FC: bsr     $4772
D0=FFA000 D1=100 D2=0 D3=FFFF D4=8402DC0 D5=802180B7 D6=842184B9 D7=FFFF A0=3C0002 A1=102500 A2=F6D10 A3=108F68 A4=10F1116 A5=108000 A6=109058 PC=4772 -- 004772: move.w  D0, -(A7)
D0=FFA000 D1=100 D2=0 D3=FFFF D4=8402DC0 D5=802180B7 D6=842184B9 D7=FFFF A0=3C0002 A1=102500 A2=F6D10 A3=108F68 A4=10F1116 A5=108000 A6=109058 PC=4774 -- 004774: moveq   #-$1, D0
D0=FFFFFFFF D1=100 D2=0 D3=FFFF D4=8402DC0 D5=802180B7 D6=842184B9 D7=FFFF A0=3C0002 A1=102500 A2=F6D10 A3=108F68 A4=10F1116 A5=108000 A6=109058 PC=4776 -- 004776: moveq   #$0, D1
D0=FFFFFFFF D1=0 D2=0 D3=FFFF D4=8402DC0 D5=802180B7 D6=842184B9 D7=FFFF A0=3C0002 A1=102500 A2=F6D10 A3=108F68 A4=10F1116 A5=108000 A6=109058 PC=4778 -- 004778: move.b  ($1,A2), D1
D0=FFFFFFFF D1=2 D2=0 D3=FFFF D4=8402DC0 D5=802180B7 D6=842184B9 D7=FFFF A0=3C0002 A1=102500 A2=F6D10 A3=108F68 A4=10F1116 A5=108000 A6=109058 PC=477C -- 00477C: cmpi.b  #-$1, ($69,A1)
D0=FFFFFFFF D1=2 D2=0 D3=FFFF D4=8402DC0 D5=802180B7 D6=842184B9 D7=FFFF A0=3C0002 A1=102500 A2=F6D10 A3=108F68 A4=10F1116 A5=108000 A6=109058 PC=4782 -- 004782: beq     $47b4
D0=FFFFFFFF D1=2 D2=0 D3=FFFF D4=8402DC0 D5=802180B7 D6=842184B9 D7=FFFF A0=3C0002 A1=102500 A2=F6D10 A3=108F68 A4=10F1116 A5=108000 A6=109058 PC=47B4 -- 0047B4: move.b  D0, ($78f,A5)
D0=FFFFFFFF D1=2 D2=0 D3=FFFF D4=8402DC0 D5=802180B7 D6=842184B9 D7=FFFF A0=3C0002 A1=102500 A2=F6D10 A3=108F68 A4=10F1116 A5=108000 A6=109058 PC=47B8 -- 0047B8: move.b  D1, ($78e,A5)
D0=FFFFFFFF D1=2 D2=0 D3=FFFF D4=8402DC0 D5=802180B7 D6=842184B9 D7=FFFF A0=3C0002 A1=102500 A2=F6D10 A3=108F68 A4=10F1116 A5=108000 A6=109058 PC=47BC -- 0047BC: move.w  (A7)+, D0
D0=FFFFA000 D1=2 D2=0 D3=FFFF D4=8402DC0 D5=802180B7 D6=842184B9 D7=FFFF A0=3C0002 A1=102500 A2=F6D10 A3=108F68 A4=10F1116 A5=108000 A6=109058 PC=47BE -- 0047BE: rts
D0=FFFFA000 D1=2 D2=0 D3=FFFF D4=8402DC0 D5=802180B7 D6=842184B9 D7=FFFF A0=3C0002 A1=102500 A2=F6D10 A3=108F68 A4=10F1116 A5=108000 A6=109058 PC=4100 -- 004100: add.b   ($78e,A5), D0
D0=FFFFA002 D1=2 D2=0 D3=FFFF D4=8402DC0 D5=802180B7 D6=842184B9 D7=FFFF A0=3C0002 A1=102500 A2=F6D10 A3=108F68 A4=10F1116 A5=108000 A6=109058 PC=4104 -- 004104: move.w  D0, (A3)+
D0=FFFFA002 D1=2 D2=0 D3=FFFF D4=8402DC0 D5=802180B7 D6=842184B9 D7=FFFF A0=3C0002 A1=102500 A2=F6D10 A3=108F6A A4=10F1116 A5=108000 A6=109058 PC=4106 -- 004106: moveq   #$0, D0
D0=0 D1=2 D2=0 D3=FFFF D4=8402DC0 D5=802180B7 D6=842184B9 D7=FFFF A0=3C0002 A1=102500 A2=F6D10 A3=108F6A A4=10F1116 A5=108000 A6=109058 PC=4108 -- 004108: move.b  (A2), D0
D0=2 D1=2 D2=0 D3=FFFF D4=8402DC0 D5=802180B7 D6=842184B9 D7=FFFF A0=3C0002 A1=102500 A2=F6D10 A3=108F6A A4=10F1116 A5=108000 A6=109058 PC=410A -- 00410A: subq.b  #2, D0
D0=0 D1=2 D2=0 D3=FFFF D4=8402DC0 D5=802180B7 D6=842184B9 D7=FFFF A0=3C0002 A1=102500 A2=F6D10 A3=108F6A A4=10F1116 A5=108000 A6=109058 PC=410C -- 00410C: bmi     $4118
D0=0 D1=2 D2=0 D3=FFFF D4=8402DC0 D5=802180B7 D6=842184B9 D7=FFFF A0=3C0002 A1=102500 A2=F6D10 A3=108F6A A4=10F1116 A5=108000 A6=109058 PC=410E -- 00410E: move.w  #$40, D1
D0=0 D1=40 D2=0 D3=FFFF D4=8402DC0 D5=802180B7 D6=842184B9 D7=FFFF A0=3C0002 A1=102500 A2=F6D10 A3=108F6A A4=10F1116 A5=108000 A6=109058 PC=4112 -- 004112: move.w  D1, (A3)+
D0=0 D1=40 D2=0 D3=FFFF D4=8402DC0 D5=802180B7 D6=842184B9 D7=FFFF A0=3C0002 A1=102500 A2=F6D10 A3=108F6C A4=10F1116 A5=108000 A6=109058 PC=4114 -- 004114: dbra    D0, $4112
D0=FFFF D1=40 D2=0 D3=FFFF D4=8402DC0 D5=802180B7 D6=842184B9 D7=FFFF A0=3C0002 A1=102500 A2=F6D10 A3=108F6C A4=10F1116 A5=108000 A6=109058 PC=4118 -- 004118: move.w  #$1, ($2,A0)
D0=FFFF D1=40 D2=0 D3=FFFF D4=8402DC0 D5=802180B7 D6=842184B9 D7=FFFF A0=3C0002 A1=102500 A2=F6D10 A3=108F6C A4=10F1116 A5=108000 A6=109058 PC=411E -- 00411E: move.w  D5, (-$2,A0)
D0=FFFF D1=40 D2=0 D3=FFFF D4=8402DC0 D5=802180B7 D6=842184B9 D7=FFFF A0=3C0002 A1=102500 A2=F6D10 A3=108F6C A4=10F1116 A5=108000 A6=109058 PC=4122 -- 004122: moveq   #$0, D1
D0=FFFF D1=0 D2=0 D3=FFFF D4=8402DC0 D5=802180B7 D6=842184B9 D7=FFFF A0=3C0002 A1=102500 A2=F6D10 A3=108F6C A4=10F1116 A5=108000 A6=109058 PC=4124 -- 004124: move.b  ($68,A1), D0
D0=FFFF D1=0 D2=0 D3=FFFF D4=8402DC0 D5=802180B7 D6=842184B9 D7=FFFF A0=3C0002 A1=102500 A2=F6D10 A3=108F6C A4=10F1116 A5=108000 A6=109058 PC=4128 -- 004128: move.b  D0, D1
D0=FFFF D1=FF D2=0 D3=FFFF D4=8402DC0 D5=802180B7 D6=842184B9 D7=FFFF A0=3C0002 A1=102500 A2=F6D10 A3=108F6C A4=10F1116 A5=108000 A6=109058 PC=412A -- 00412A: andi.w  #$f, D0
D0=F D1=FF D2=0 D3=FFFF D4=8402DC0 D5=802180B7 D6=842184B9 D7=FFFF A0=3C0002 A1=102500 A2=F6D10 A3=108F6C A4=10F1116 A5=108000 A6=109058 PC=412E -- 00412E: lsr.b   #4, D1
D0=F D1=F D2=0 D3=FFFF D4=8402DC0 D5=802180B7 D6=842184B9 D7=FFFF A0=3C0002 A1=102500 A2=F6D10 A3=108F6C A4=10F1116 A5=108000 A6=109058 PC=4130 -- 004130: tst.b   D1
D0=F D1=F D2=0 D3=FFFF D4=8402DC0 D5=802180B7 D6=842184B9 D7=FFFF A0=3C0002 A1=102500 A2=F6D10 A3=108F6C A4=10F1116 A5=108000 A6=109058 PC=4132 -- 004132: beq     $4164
D0=F D1=F D2=0 D3=FFFF D4=8402DC0 D5=802180B7 D6=842184B9 D7=FFFF A0=3C0002 A1=102500 A2=F6D10 A3=108F6C A4=10F1116 A5=108000 A6=109058 PC=4134 -- 004134: lea     $4f9d2.l, A6
D0=F D1=F D2=0 D3=FFFF D4=8402DC0 D5=802180B7 D6=842184B9 D7=FFFF A0=3C0002 A1=102500 A2=F6D10 A3=108F6C A4=10F1116 A5=108000 A6=4F9D2 PC=413A -- 00413A: lsl.w   #5, D0
D0=1E0 D1=F D2=0 D3=FFFF D4=8402DC0 D5=802180B7 D6=842184B9 D7=FFFF A0=3C0002 A1=102500 A2=F6D10 A3=108F6C A4=10F1116 A5=108000 A6=4F9D2 PC=413C -- 00413C: adda.w  D0, A6
D0=1E0 D1=F D2=0 D3=FFFF D4=8402DC0 D5=802180B7 D6=842184B9 D7=FFFF A0=3C0002 A1=102500 A2=F6D10 A3=108F6C A4=10F1116 A5=108000 A6=4FBB2 PC=413E -- 00413E: moveq   #$f, D0
D0=F D1=F D2=0 D3=FFFF D4=8402DC0 D5=802180B7 D6=842184B9 D7=FFFF A0=3C0002 A1=102500 A2=F6D10 A3=108F6C A4=10F1116 A5=108000 A6=4FBB2 PC=4140 -- 004140: moveq   #$0, D2
D0=F D1=F D2=0 D3=FFFF D4=8402DC0 D5=802180B7 D6=842184B9 D7=FFFF A0=3C0002 A1=102500 A2=F6D10 A3=108F6C A4=10F1116 A5=108000 A6=4FBB2 PC=4142 -- 004142: move.b  (A2), D2
D0=F D1=F D2=2 D3=FFFF D4=8402DC0 D5=802180B7 D6=842184B9 D7=FFFF A0=3C0002 A1=102500 A2=F6D10 A3=108F6C A4=10F1116 A5=108000 A6=4FBB2 PC=4144 -- 004144: lsr.w   #1, D2
D0=F D1=F D2=1 D3=FFFF D4=8402DC0 D5=802180B7 D6=842184B9 D7=FFFF A0=3C0002 A1=102500 A2=F6D10 A3=108F6C A4=10F1116 A5=108000 A6=4FBB2 PC=4146 -- 004146: sub.w   D2, D0
D0=E D1=F D2=1 D3=FFFF D4=8402DC0 D5=802180B7 D6=842184B9 D7=FFFF A0=3C0002 A1=102500 A2=F6D10 A3=108F6C A4=10F1116 A5=108000 A6=4FBB2 PC=4148 -- 004148: adda.l  D0, A6
D0=E D1=F D2=1 D3=FFFF D4=8402DC0 D5=802180B7 D6=842184B9 D7=FFFF A0=3C0002 A1=102500 A2=F6D10 A3=108F6C A4=10F1116 A5=108000 A6=4FBC0 PC=414A -- 00414A: move.b  (A2), D0
D0=2 D1=F D2=1 D3=FFFF D4=8402DC0 D5=802180B7 D6=842184B9 D7=FFFF A0=3C0002 A1=102500 A2=F6D10 A3=108F6C A4=10F1116 A5=108000 A6=4FBC0 PC=414C -- 00414C: add.w   D0, D5
D0=2 D1=F D2=1 D3=FFFF D4=8402DC0 D5=802180B9 D6=842184B9 D7=FFFF A0=3C0002 A1=102500 A2=F6D10 A3=108F6C A4=10F1116 A5=108000 A6=4FBC0 PC=414E -- 00414E: subq.b  #1, D0
D0=1 D1=F D2=1 D3=FFFF D4=8402DC0 D5=802180B9 D6=842184B9 D7=FFFF A0=3C0002 A1=102500 A2=F6D10 A3=108F6C A4=10F1116 A5=108000 A6=4FBC0 PC=4150 -- 004150: move.b  D1, D2
D0=1 D1=F D2=F D3=FFFF D4=8402DC0 D5=802180B9 D6=842184B9 D7=FFFF A0=3C0002 A1=102500 A2=F6D10 A3=108F6C A4=10F1116 A5=108000 A6=4FBC0 PC=4152 -- 004152: sub.b   (A6)+, D2
D0=1 D1=F D2=F D3=FFFF D4=8402DC0 D5=802180B9 D6=842184B9 D7=FFFF A0=3C0002 A1=102500 A2=F6D10 A3=108F6C A4=10F1116 A5=108000 A6=4FBC1 PC=4154 -- 004154: lsl.w   #8, D2
D0=1 D1=F D2=F00 D3=FFFF D4=8402DC0 D5=802180B9 D6=842184B9 D7=FFFF A0=3C0002 A1=102500 A2=F6D10 A3=108F6C A4=10F1116 A5=108000 A6=4FBC1 PC=4156 -- 004156: move.b  ($69,A1), D2
D0=1 D1=F D2=FFF D3=FFFF D4=8402DC0 D5=802180B9 D6=842184B9 D7=FFFF A0=3C0002 A1=102500 A2=F6D10 A3=108F6C A4=10F1116 A5=108000 A6=4FBC1 PC=415A -- 00415A: move.w  D2, (A0)
D0=1 D1=F D2=FFF D3=FFFF D4=8402DC0 D5=802180B9 D6=842184B9 D7=FFFF A0=3C0002 A1=102500 A2=F6D10 A3=108F6C A4=10F1116 A5=108000 A6=4FBC1 PC=415C -- 00415C: dbra    D0, $4150
D0=0 D1=F D2=FFF D3=FFFF D4=8402DC0 D5=802180B9 D6=842184B9 D7=FFFF A0=3C0002 A1=102500 A2=F6D10 A3=108F6C A4=10F1116 A5=108000 A6=4FBC1 PC=4150 -- 004150: move.b  D1, D2
D0=0 D1=F D2=F0F D3=FFFF D4=8402DC0 D5=802180B9 D6=842184B9 D7=FFFF A0=3C0002 A1=102500 A2=F6D10 A3=108F6C A4=10F1116 A5=108000 A6=4FBC1 PC=4152 -- 004152: sub.b   (A6)+, D2
D0=0 D1=F D2=F0F D3=FFFF D4=8402DC0 D5=802180B9 D6=842184B9 D7=FFFF A0=3C0002 A1=102500 A2=F6D10 A3=108F6C A4=10F1116 A5=108000 A6=4FBC2 PC=4154 -- 004154: lsl.w   #8, D2
D0=0 D1=F D2=F00 D3=FFFF D4=8402DC0 D5=802180B9 D6=842184B9 D7=FFFF A0=3C0002 A1=102500 A2=F6D10 A3=108F6C A4=10F1116 A5=108000 A6=4FBC2 PC=4156 -- 004156: move.b  ($69,A1), D2
D0=0 D1=F D2=FFF D3=FFFF D4=8402DC0 D5=802180B9 D6=842184B9 D7=FFFF A0=3C0002 A1=102500 A2=F6D10 A3=108F6C A4=10F1116 A5=108000 A6=4FBC2 PC=415A -- 00415A: move.w  D2, (A0)
D0=0 D1=F D2=FFF D3=FFFF D4=8402DC0 D5=802180B9 D6=842184B9 D7=FFFF A0=3C0002 A1=102500 A2=F6D10 A3=108F6C A4=10F1116 A5=108000 A6=4FBC2 PC=415C -- 00415C: dbra    D0, $4150
D0=FFFF D1=F D2=FFF D3=FFFF D4=8402DC0 D5=802180B9 D6=842184B9 D7=FFFF A0=3C0002 A1=102500 A2=F6D10 A3=108F6C A4=10F1116 A5=108000 A6=4FBC2 PC=4160 -- 004160: bra     $4178
D0=FFFF D1=F D2=FFF D3=FFFF D4=8402DC0 D5=802180B9 D6=842184B9 D7=FFFF A0=3C0002 A1=102500 A2=F6D10 A3=108F6C A4=10F1116 A5=108000 A6=4FBC2 PC=4178 -- 004178: move.b  ($2,A2), D0
D0=FFC7 D1=F D2=FFF D3=FFFF D4=8402DC0 D5=802180B9 D6=842184B9 D7=FFFF A0=3C0002 A1=102500 A2=F6D10 A3=108F6C A4=10F1116 A5=108000 A6=4FBC2 PC=417C -- 00417C: tst.b   ($80,A1)
D0=FFC7 D1=F D2=FFF D3=FFFF D4=8402DC0 D5=802180B9 D6=842184B9 D7=FFFF A0=3C0002 A1=102500 A2=F6D10 A3=108F6C A4=10F1116 A5=108000 A6=4FBC2 PC=4180 -- 004180: beq     $4188
D0=FFC7 D1=F D2=FFF D3=FFFF D4=8402DC0 D5=802180B9 D6=842184B9 D7=FFFF A0=3C0002 A1=102500 A2=F6D10 A3=108F6C A4=10F1116 A5=108000 A6=4FBC2 PC=4188 -- 004188: add.b   ($30,A1), D0
D0=FFC7 D1=F D2=FFF D3=FFFF D4=8402DC0 D5=802180B9 D6=842184B9 D7=FFFF A0=3C0002 A1=102500 A2=F6D10 A3=108F6C A4=10F1116 A5=108000 A6=4FBC2 PC=418C -- 00418C: lsl.w   #8, D0
D0=C700 D1=F D2=FFF D3=FFFF D4=8402DC0 D5=802180B9 D6=842184B9 D7=FFFF A0=3C0002 A1=102500 A2=F6D10 A3=108F6C A4=10F1116 A5=108000 A6=4FBC2 PC=418E -- 00418E: tst.b   ($3,A2)
D0=C700 D1=F D2=FFF D3=FFFF D4=8402DC0 D5=802180B9 D6=842184B9 D7=FFFF A0=3C0002 A1=102500 A2=F6D10 A3=108F6C A4=10F1116 A5=108000 A6=4FBC2 PC=4192 -- 004192: beq     $4198
D0=C700 D1=F D2=FFF D3=FFFF D4=8402DC0 D5=802180B9 D6=842184B9 D7=FFFF A0=3C0002 A1=102500 A2=F6D10 A3=108F6C A4=10F1116 A5=108000 A6=4FBC2 PC=4194 -- 004194: move.b  #$10, D0
D0=C710 D1=F D2=FFF D3=FFFF D4=8402DC0 D5=802180B9 D6=842184B9 D7=FFFF A0=3C0002 A1=102500 A2=F6D10 A3=108F6C A4=10F1116 A5=108000 A6=4FBC2 PC=4198 -- 004198: move.w  ($4,A2), D1
D0=C710 D1=DCAC D2=FFF D3=FFFF D4=8402DC0 D5=802180B9 D6=842184B9 D7=FFFF A0=3C0002 A1=102500 A2=F6D10 A3=108F6C A4=10F1116 A5=108000 A6=4FBC2 PC=419C -- 00419C: moveq   #$0, D3
D0=C710 D1=DCAC D2=FFF D3=0 D4=8402DC0 D5=802180B9 D6=842184B9 D7=FFFF A0=3C0002 A1=102500 A2=F6D10 A3=108F6C A4=10F1116 A5=108000 A6=4FBC2 PC=419E -- 00419E: move.b  (A2), D3
D0=C710 D1=DCAC D2=FFF D3=2 D4=8402DC0 D5=802180B9 D6=842184B9 D7=FFFF A0=3C0002 A1=102500 A2=F6D10 A3=108F6C A4=10F1116 A5=108000 A6=4FBC2 PC=41A0 -- 0041A0: subq.b  #1, D3
D0=C710 D1=DCAC D2=FFF D3=1 D4=8402DC0 D5=802180B9 D6=842184B9 D7=FFFF A0=3C0002 A1=102500 A2=F6D10 A3=108F6C A4=10F1116 A5=108000 A6=4FBC2 PC=41A2 -- 0041A2: move.w  ($790,A5), D7
D0=C710 D1=DCAC D2=FFF D3=1 D4=8402DC0 D5=802180B9 D6=842184B9 D7=0 A0=3C0002 A1=102500 A2=F6D10 A3=108F6C A4=10F1116 A5=108000 A6=4FBC2 PC=41A6 -- 0041A6: add.w   D7, D7
D0=C710 D1=DCAC D2=FFF D3=1 D4=8402DC0 D5=802180B9 D6=842184B9 D7=0 A0=3C0002 A1=102500 A2=F6D10 A3=108F6C A4=10F1116 A5=108000 A6=4FBC2 PC=41A8 -- 0041A8: add.w   D7, D7
D0=C710 D1=DCAC D2=FFF D3=1 D4=8402DC0 D5=802180B9 D6=842184B9 D7=0 A0=3C0002 A1=102500 A2=F6D10 A3=108F6C A4=10F1116 A5=108000 A6=4FBC2 PC=41AA -- 0041AA: movea.l ($4,PC,D7.w), A6
D0=C710 D1=DCAC D2=FFF D3=1 D4=8402DC0 D5=802180B9 D6=842184B9 D7=0 A0=3C0002 A1=102500 A2=F6D10 A3=108F6C A4=10F1116 A5=108000 A6=428C PC=41AE -- 0041AE: jmp     (A6)
D0=C710 D1=DCAC D2=FFF D3=1 D4=8402DC0 D5=802180B9 D6=842184B9 D7=0 A0=3C0002 A1=102500 A2=F6D10 A3=108F6C A4=10F1116 A5=108000 A6=428C PC=428C -- 00428C: lea     ($6,A2), A6
D0=C710 D1=DCAC D2=FFF D3=1 D4=8402DC0 D5=802180B9 D6=842184B9 D7=0 A0=3C0002 A1=102500 A2=F6D10 A3=108F6C A4=10F1116 A5=108000 A6=F6D16 PC=4290 -- 004290: move.w  #$1, ($2,A0)
D0=C710 D1=DCAC D2=FFF D3=1 D4=8402DC0 D5=802180B9 D6=842184B9 D7=0 A0=3C0002 A1=102500 A2=F6D10 A3=108F6C A4=10F1116 A5=108000 A6=F6D16 PC=4296 -- 004296: moveq   #$0, D7
D0=C710 D1=DCAC D2=FFF D3=1 D4=8402DC0 D5=802180B9 D6=842184B9 D7=0 A0=3C0002 A1=102500 A2=F6D10 A3=108F6C A4=10F1116 A5=108000 A6=F6D16 PC=4298 -- 004298: move.b  ($1,A2), D7
D0=C710 D1=DCAC D2=FFF D3=1 D4=8402DC0 D5=802180B9 D6=842184B9 D7=2 A0=3C0002 A1=102500 A2=F6D10 A3=108F6C A4=10F1116 A5=108000 A6=F6D16 PC=429C -- 00429C: subq.b  #1, D7
D0=C710 D1=DCAC D2=FFF D3=1 D4=8402DC0 D5=802180B9 D6=842184B9 D7=1 A0=3C0002 A1=102500 A2=F6D10 A3=108F6C A4=10F1116 A5=108000 A6=F6D16 PC=429E -- 00429E: move.w  (A6)+, D2
D0=C710 D1=DCAC D2=C000 D3=1 D4=8402DC0 D5=802180B9 D6=842184B9 D7=1 A0=3C0002 A1=102500 A2=F6D10 A3=108F6C A4=10F1116 A5=108000 A6=F6D18 PC=42A0 -- 0042A0: move.w  D4, (-$2,A0)
D0=C710 D1=DCAC D2=C000 D3=1 D4=8402DC0 D5=802180B9 D6=842184B9 D7=1 A0=3C0002 A1=102500 A2=F6D10 A3=108F6C A4=10F1116 A5=108000 A6=F6D18 PC=42A4 -- 0042A4: add.w   D2, D2
D0=C710 D1=DCAC D2=8000 D3=1 D4=8402DC0 D5=802180B9 D6=842184B9 D7=1 A0=3C0002 A1=102500 A2=F6D10 A3=108F6C A4=10F1116 A5=108000 A6=F6D18 PC=42A6 -- 0042A6: bcc     $42b8
D0=C710 D1=DCAC D2=8000 D3=1 D4=8402DC0 D5=802180B9 D6=842184B9 D7=1 A0=3C0002 A1=102500 A2=F6D10 A3=108F6C A4=10F1116 A5=108000 A6=F6D18 PC=42A8 -- 0042A8: move.w  D1, (A0)
D0=C710 D1=DCAC D2=8000 D3=1 D4=8402DC0 D5=802180B9 D6=842184B9 D7=1 A0=3C0002 A1=102500 A2=F6D10 A3=108F6C A4=10F1116 A5=108000 A6=F6D18 PC=42AA -- 0042AA: nop
D0=C710 D1=DCAC D2=8000 D3=1 D4=8402DC0 D5=802180B9 D6=842184B9 D7=1 A0=3C0002 A1=102500 A2=F6D10 A3=108F6C A4=10F1116 A5=108000 A6=F6D18 PC=42AC -- 0042AC: move.w  D0, (A0)
D0=C710 D1=DCAC D2=8000 D3=1 D4=8402DC0 D5=802180B9 D6=842184B9 D7=1 A0=3C0002 A1=102500 A2=F6D10 A3=108F6C A4=10F1116 A5=108000 A6=F6D18 PC=42AE -- 0042AE: addq.w  #1, D1
D0=C710 D1=DCAD D2=8000 D3=1 D4=8402DC0 D5=802180B9 D6=842184B9 D7=1 A0=3C0002 A1=102500 A2=F6D10 A3=108F6C A4=10F1116 A5=108000 A6=F6D18 PC=42B0 -- 0042B0: bcc     $42c0
D0=C710 D1=DCAD D2=8000 D3=1 D4=8402DC0 D5=802180B9 D6=842184B9 D7=1 A0=3C0002 A1=102500 A2=F6D10 A3=108F6C A4=10F1116 A5=108000 A6=F6D18 PC=42C0 -- 0042C0: dbra    D7, $42a4
D0=C710 D1=DCAD D2=8000 D3=1 D4=8402DC0 D5=802180B9 D6=842184B9 D7=0 A0=3C0002 A1=102500 A2=F6D10 A3=108F6C A4=10F1116 A5=108000 A6=F6D18 PC=42A4 -- 0042A4: add.w   D2, D2
D0=C710 D1=DCAD D2=0 D3=1 D4=8402DC0 D5=802180B9 D6=842184B9 D7=0 A0=3C0002 A1=102500 A2=F6D10 A3=108F6C A4=10F1116 A5=108000 A6=F6D18 PC=42A6 -- 0042A6: bcc     $42b8
D0=C710 D1=DCAD D2=0 D3=1 D4=8402DC0 D5=802180B9 D6=842184B9 D7=0 A0=3C0002 A1=102500 A2=F6D10 A3=108F6C A4=10F1116 A5=108000 A6=F6D18 PC=42A8 -- 0042A8: move.w  D1, (A0)
D0=C710 D1=DCAD D2=0 D3=1 D4=8402DC0 D5=802180B9 D6=842184B9 D7=0 A0=3C0002 A1=102500 A2=F6D10 A3=108F6C A4=10F1116 A5=108000 A6=F6D18 PC=42AA -- 0042AA: nop
D0=C710 D1=DCAD D2=0 D3=1 D4=8402DC0 D5=802180B9 D6=842184B9 D7=0 A0=3C0002 A1=102500 A2=F6D10 A3=108F6C A4=10F1116 A5=108000 A6=F6D18 PC=42AC -- 0042AC: move.w  D0, (A0)
D0=C710 D1=DCAD D2=0 D3=1 D4=8402DC0 D5=802180B9 D6=842184B9 D7=0 A0=3C0002 A1=102500 A2=F6D10 A3=108F6C A4=10F1116 A5=108000 A6=F6D18 PC=42AE -- 0042AE: addq.w  #1, D1
D0=C710 D1=DCAE D2=0 D3=1 D4=8402DC0 D5=802180B9 D6=842184B9 D7=0 A0=3C0002 A1=102500 A2=F6D10 A3=108F6C A4=10F1116 A5=108000 A6=F6D18 PC=42B0 -- 0042B0: bcc     $42c0
D0=C710 D1=DCAE D2=0 D3=1 D4=8402DC0 D5=802180B9 D6=842184B9 D7=0 A0=3C0002 A1=102500 A2=F6D10 A3=108F6C A4=10F1116 A5=108000 A6=F6D18 PC=42C0 -- 0042C0: dbra    D7, $42a4
D0=C710 D1=DCAE D2=0 D3=1 D4=8402DC0 D5=802180B9 D6=842184B9 D7=FFFF A0=3C0002 A1=102500 A2=F6D10 A3=108F6C A4=10F1116 A5=108000 A6=F6D18 PC=42C4 -- 0042C4: bsr     $47c0
D0=C710 D1=DCAE D2=0 D3=1 D4=8402DC0 D5=802180B9 D6=842184B9 D7=FFFF A0=3C0002 A1=102500 A2=F6D10 A3=108F6C A4=10F1116 A5=108000 A6=F6D18 PC=47C0 -- 0047C0: tst.b   ($78f,A5)
D0=C710 D1=DCAE D2=0 D3=1 D4=8402DC0 D5=802180B9 D6=842184B9 D7=FFFF A0=3C0002 A1=102500 A2=F6D10 A3=108F6C A4=10F1116 A5=108000 A6=F6D18 PC=47C4 -- 0047C4: bpl     $47c8
D0=C710 D1=DCAE D2=0 D3=1 D4=8402DC0 D5=802180B9 D6=842184B9 D7=FFFF A0=3C0002 A1=102500 A2=F6D10 A3=108F6C A4=10F1116 A5=108000 A6=F6D18 PC=47C6 -- 0047C6: rts
D0=C710 D1=DCAE D2=0 D3=1 D4=8402DC0 D5=802180B9 D6=842184B9 D7=FFFF A0=3C0002 A1=102500 A2=F6D10 A3=108F6C A4=10F1116 A5=108000 A6=F6D18 PC=42C8 -- 0042C8: addi.w  #$40, D4
D0=C710 D1=DCAE D2=0 D3=1 D4=8402E00 D5=802180B9 D6=842184B9 D7=FFFF A0=3C0002 A1=102500 A2=F6D10 A3=108F6C A4=10F1116 A5=108000 A6=F6D18 PC=42CC -- 0042CC: dbra    D3, $4296
D0=C710 D1=DCAE D2=0 D3=0 D4=8402E00 D5=802180B9 D6=842184B9 D7=FFFF A0=3C0002 A1=102500 A2=F6D10 A3=108F6C A4=10F1116 A5=108000 A6=F6D18 PC=4296 -- 004296: moveq   #$0, D7
D0=C710 D1=DCAE D2=0 D3=0 D4=8402E00 D5=802180B9 D6=842184B9 D7=0 A0=3C0002 A1=102500 A2=F6D10 A3=108F6C A4=10F1116 A5=108000 A6=F6D18 PC=4298 -- 004298: move.b  ($1,A2), D7
D0=C710 D1=DCAE D2=0 D3=0 D4=8402E00 D5=802180B9 D6=842184B9 D7=2 A0=3C0002 A1=102500 A2=F6D10 A3=108F6C A4=10F1116 A5=108000 A6=F6D18 PC=429C -- 00429C: subq.b  #1, D7
D0=C710 D1=DCAE D2=0 D3=0 D4=8402E00 D5=802180B9 D6=842184B9 D7=1 A0=3C0002 A1=102500 A2=F6D10 A3=108F6C A4=10F1116 A5=108000 A6=F6D18 PC=429E -- 00429E: move.w  (A6)+, D2
D0=C710 D1=DCAE D2=C000 D3=0 D4=8402E00 D5=802180B9 D6=842184B9 D7=1 A0=3C0002 A1=102500 A2=F6D10 A3=108F6C A4=10F1116 A5=108000 A6=F6D1A PC=42A0 -- 0042A0: move.w  D4, (-$2,A0)

   (loops for 16 instructions)

D0=C710 D1=DCB0 D2=0 D3=0 D4=8402E00 D5=802180B9 D6=842184B9 D7=FFFF A0=3C0002 A1=102500 A2=F6D10 A3=108F6C A4=10F1116 A5=108000 A6=F6D1A PC=42C4 -- 0042C4: bsr     $47c0
D0=C710 D1=DCB0 D2=0 D3=0 D4=8402E00 D5=802180B9 D6=842184B9 D7=FFFF A0=3C0002 A1=102500 A2=F6D10 A3=108F6C A4=10F1116 A5=108000 A6=F6D1A PC=47C0 -- 0047C0: tst.b   ($78f,A5)
D0=C710 D1=DCB0 D2=0 D3=0 D4=8402E00 D5=802180B9 D6=842184B9 D7=FFFF A0=3C0002 A1=102500 A2=F6D10 A3=108F6C A4=10F1116 A5=108000 A6=F6D1A PC=47C4 -- 0047C4: bpl     $47c8
D0=C710 D1=DCB0 D2=0 D3=0 D4=8402E00 D5=802180B9 D6=842184B9 D7=FFFF A0=3C0002 A1=102500 A2=F6D10 A3=108F6C A4=10F1116 A5=108000 A6=F6D1A PC=47C6 -- 0047C6: rts
D0=C710 D1=DCB0 D2=0 D3=0 D4=8402E00 D5=802180B9 D6=842184B9 D7=FFFF A0=3C0002 A1=102500 A2=F6D10 A3=108F6C A4=10F1116 A5=108000 A6=F6D1A PC=42C8 -- 0042C8: addi.w  #$40, D4
D0=C710 D1=DCB0 D2=0 D3=0 D4=8402E40 D5=802180B9 D6=842184B9 D7=FFFF A0=3C0002 A1=102500 A2=F6D10 A3=108F6C A4=10F1116 A5=108000 A6=F6D1A PC=42CC -- 0042CC: dbra    D3, $4296
D0=C710 D1=DCB0 D2=0 D3=FFFF D4=8402E40 D5=802180B9 D6=842184B9 D7=FFFF A0=3C0002 A1=102500 A2=F6D10 A3=108F6C A4=10F1116 A5=108000 A6=F6D1A PC=42D0 -- 0042D0: rts
D0=C710 D1=DCB0 D2=0 D3=FFFF D4=8402E40 D5=802180B9 D6=842184B9 D7=FFFF A0=3C0002 A1=102500 A2=F6D10 A3=108F6C A4=10F1116 A5=108000 A6=F6D1A PC=4016 -- 004016: bra     $401c
D0=C710 D1=DCB0 D2=0 D3=FFFF D4=8402E40 D5=802180B9 D6=842184B9 D7=FFFF A0=3C0002 A1=102500 A2=F6D10 A3=108F6C A4=10F1116 A5=108000 A6=F6D1A PC=401C -- 00401C: movea.l (A7)+, A6
D0=C710 D1=DCB0 D2=0 D3=FFFF D4=8402E40 D5=802180B9 D6=842184B9 D7=FFFF A0=3C0002 A1=102500 A2=F6D10 A3=108F6C A4=10F1116 A5=108000 A6=108E3C PC=401E -- 00401E: btst    #$5, ($4,A4)
D0=C710 D1=DCB0 D2=0 D3=FFFF D4=8402E40 D5=802180B9 D6=842184B9 D7=FFFF A0=3C0002 A1=102500 A2=F6D10 A3=108F6C A4=10F1116 A5=108000 A6=108E3C PC=4024 -- 004024: beq     $4056
D0=C710 D1=DCB0 D2=0 D3=FFFF D4=8402E40 D5=802180B9 D6=842184B9 D7=FFFF A0=3C0002 A1=102500 A2=F6D10 A3=108F6C A4=10F1116 A5=108000 A6=108E3C PC=4056 -- 004056: tst.b   ($7c,A1)
D0=C710 D1=DCB0 D2=0 D3=FFFF D4=8402E40 D5=802180B9 D6=842184B9 D7=FFFF A0=3C0002 A1=102500 A2=F6D10 A3=108F6C A4=10F1116 A5=108000 A6=108E3C PC=405A -- 00405A: bpl     $4064
D0=C710 D1=DCB0 D2=0 D3=FFFF D4=8402E40 D5=802180B9 D6=842184B9 D7=FFFF A0=3C0002 A1=102500 A2=F6D10 A3=108F6C A4=10F1116 A5=108000 A6=108E3C PC=4064 -- 004064: movea.l (A7)+, A0
D0=C710 D1=DCB0 D2=0 D3=FFFF D4=8402E40 D5=802180B9 D6=842184B9 D7=FFFF A0=10892E A1=102500 A2=F6D10 A3=108F6C A4=10F1116 A5=108000 A6=108E3C PC=4066 -- 004066: subq.w  #1, ($e3a,A5)
D0=C710 D1=DCB0 D2=0 D3=FFFF D4=8402E40 D5=802180B9 D6=842184B9 D7=FFFF A0=10892E A1=102500 A2=F6D10 A3=108F6C A4=10F1116 A5=108000 A6=108E3C PC=406A -- 00406A: bne     $3f32
D0=C710 D1=DCB0 D2=0 D3=FFFF D4=8402E40 D5=802180B9 D6=842184B9 D7=FFFF A0=10892E A1=102500 A2=F6D10 A3=108F6C A4=10F1116 A5=108000 A6=108E3C PC=3F32 -- 003F32: move.w  (A0)+, D0
D0=8100 D1=DCB0 D2=0 D3=FFFF D4=8402E40 D5=802180B9 D6=842184B9 D7=FFFF A0=108930 A1=102500 A2=F6D10 A3=108F6C A4=10F1116 A5=108000 A6=108E3C PC=3F34 -- 003F34: beq     $3f32
D0=8100 D1=DCB0 D2=0 D3=FFFF D4=8402E40 D5=802180B9 D6=842184B9 D7=FFFF A0=108930 A1=102500 A2=F6D10 A3=108F6C A4=10F1116 A5=108000 A6=108E3C PC=3F36 -- 003F36: clr.w   (-$2,A0)
D0=8100 D1=DCB0 D2=0 D3=FFFF D4=8402E40 D5=802180B9 D6=842184B9 D7=FFFF A0=108930 A1=102500 A2=F6D10 A3=108F6C A4=10F1116 A5=108000 A6=108E3C PC=3F3A -- 003F3A: move.l  A5, D1
D0=8100 D1=108000 D2=0 D3=FFFF D4=8402E40 D5=802180B9 D6=842184B9 D7=FFFF A0=108930 A1=102500 A2=F6D10 A3=108F6C A4=10F1116 A5=108000 A6=108E3C PC=3F3C -- 003F3C: move.w  D0, D1
D0=8100 D1=108100 D2=0 D3=FFFF D4=8402E40 D5=802180B9 D6=842184B9 D7=FFFF A0=108930 A1=102500 A2=F6D10 A3=108F6C A4=10F1116 A5=108000 A6=108E3C PC=3F3E -- 003F3E: movea.l D1, A1
D0=8100 D1=108100 D2=0 D3=FFFF D4=8402E40 D5=802180B9 D6=842184B9 D7=FFFF A0=108930 A1=108100 A2=F6D10 A3=108F6C A4=10F1116 A5=108000 A6=108E3C PC=3F40 -- 003F40: movea.l ($28,A1), A2
D0=8100 D1=108100 D2=0 D3=FFFF D4=8402E40 D5=802180B9 D6=842184B9 D7=FFFF A0=108930 A1=108100 A2=F6DA2 A3=108F6C A4=10F1116 A5=108000 A6=108E3C PC=3F44 -- 003F44: lea     $7bf48.l, A4
D0=8100 D1=108100 D2=0 D3=FFFF D4=8402E40 D5=802180B9 D6=842184B9 D7=FFFF A0=108930 A1=108100 A2=F6DA2 A3=108F6C A4=7BF48 A5=108000 A6=108E3C PC=3F4A -- 003F4A: move.w  ($70,A1), D0
D0=1B D1=108100 D2=0 D3=FFFF D4=8402E40 D5=802180B9 D6=842184B9 D7=FFFF A0=108930 A1=108100 A2=F6DA2 A3=108F6C A4=7BF48 A5=108000 A6=108E3C PC=3F4E -- 003F4E: add.w   D0, D0
D0=36 D1=108100 D2=0 D3=FFFF D4=8402E40 D5=802180B9 D6=842184B9 D7=FFFF A0=108930 A1=108100 A2=F6DA2 A3=108F6C A4=7BF48 A5=108000 A6=108E3C PC=3F50 -- 003F50: add.w   D0, D0
D0=6C D1=108100 D2=0 D3=FFFF D4=8402E40 D5=802180B9 D6=842184B9 D7=FFFF A0=108930 A1=108100 A2=F6DA2 A3=108F6C A4=7BF48 A5=108000 A6=108E3C PC=3F52 -- 003F52: movea.l (A4,D0.w), A4
D0=6C D1=108100 D2=0 D3=FFFF D4=8402E40 D5=802180B9 D6=842184B9 D7=FFFF A0=108930 A1=108100 A2=F6DA2 A3=108F6C A4=7F5E0 A5=108000 A6=108E3C PC=3F56 -- 003F56: move.w  ($72,A1), D0
D0=43 D1=108100 D2=0 D3=FFFF D4=8402E40 D5=802180B9 D6=842184B9 D7=FFFF A0=108930 A1=108100 A2=F6DA2 A3=108F6C A4=7F5E0 A5=108000 A6=108E3C PC=3F5A -- 003F5A: add.w   D0, D0
D0=86 D1=108100 D2=0 D3=FFFF D4=8402E40 D5=802180B9 D6=842184B9 D7=FFFF A0=108930 A1=108100 A2=F6DA2 A3=108F6C A4=7F5E0 A5=108000 A6=108E3C PC=3F5C -- 003F5C: move.w  (A4,D0.w), ($46de,A5)
D0=86 D1=108100 D2=0 D3=FFFF D4=8402E40 D5=802180B9 D6=842184B9 D7=FFFF A0=108930 A1=108100 A2=F6DA2 A3=108F6C A4=7F5E0 A5=108000 A6=108E3C PC=3F62 -- 003F62: lea     $80000.l, A4
D0=86 D1=108100 D2=0 D3=FFFF D4=8402E40 D5=802180B9 D6=842184B9 D7=FFFF A0=108930 A1=108100 A2=F6DA2 A3=108F6C A4=80000 A5=108000 A6=108E3C PC=3F68 -- 003F68: move.w  ($70,A1), D0
D0=1B D1=108100 D2=0 D3=FFFF D4=8402E40 D5=802180B9 D6=842184B9 D7=FFFF A0=108930 A1=108100 A2=F6DA2 A3=108F6C A4=80000 A5=108000 A6=108E3C PC=3F6C -- 003F6C: add.w   D0, D0
D0=36 D1=108100 D2=0 D3=FFFF D4=8402E40 D5=802180B9 D6=842184B9 D7=FFFF A0=108930 A1=108100 A2=F6DA2 A3=108F6C A4=80000 A5=108000 A6=108E3C PC=3F6E -- 003F6E: add.w   D0, D0
D0=6C D1=108100 D2=0 D3=FFFF D4=8402E40 D5=802180B9 D6=842184B9 D7=FFFF A0=108930 A1=108100 A2=F6DA2 A3=108F6C A4=80000 A5=108000 A6=108E3C PC=3F70 -- 003F70: movea.l (A4,D0.w), A4
D0=6C D1=108100 D2=0 D3=FFFF D4=8402E40 D5=802180B9 D6=842184B9 D7=FFFF A0=108930 A1=108100 A2=F6DA2 A3=108F6C A4=86E00 A5=108000 A6=108E3C PC=3F74 -- 003F74: move.w  ($46de,A5), D0
D0=4343 D1=108100 D2=0 D3=FFFF D4=8402E40 D5=802180B9 D6=842184B9 D7=FFFF A0=108930 A1=108100 A2=F6DA2 A3=108F6C A4=86E00 A5=108000 A6=108E3C PC=3F78 -- 003F78: tst.b   ($46e2,A5)
D0=4343 D1=108100 D2=0 D3=FFFF D4=8402E40 D5=802180B9 D6=842184B9 D7=FFFF A0=108930 A1=108100 A2=F6DA2 A3=108F6C A4=86E00 A5=108000 A6=108E3C PC=3F7C -- 003F7C: beq     $3f82
D0=4343 D1=108100 D2=0 D3=FFFF D4=8402E40 D5=802180B9 D6=842184B9 D7=FFFF A0=108930 A1=108100 A2=F6DA2 A3=108F6C A4=86E00 A5=108000 A6=108E3C PC=3F82 -- 003F82: andi.w  #$ff, D0
D0=43 D1=108100 D2=0 D3=FFFF D4=8402E40 D5=802180B9 D6=842184B9 D7=FFFF A0=108930 A1=108100 A2=F6DA2 A3=108F6C A4=86E00 A5=108000 A6=108E3C PC=3F86 -- 003F86: add.w   D0, D0
D0=86 D1=108100 D2=0 D3=FFFF D4=8402E40 D5=802180B9 D6=842184B9 D7=FFFF A0=108930 A1=108100 A2=F6DA2 A3=108F6C A4=86E00 A5=108000 A6=108E3C PC=3F88 -- 003F88: add.w   D0, D0
D0=10C D1=108100 D2=0 D3=FFFF D4=8402E40 D5=802180B9 D6=842184B9 D7=FFFF A0=108930 A1=108100 A2=F6DA2 A3=108F6C A4=86E00 A5=108000 A6=108E3C PC=3F8A -- 003F8A: movea.l (A4,D0.w), A4
D0=10C D1=108100 D2=0 D3=FFFF D4=8402E40 D5=802180B9 D6=842184B9 D7=FFFF A0=108930 A1=108100 A2=F6DA2 A3=108F6C A4=F3194 A5=108000 A6=108E3C PC=3F8E -- 003F8E: move.w  ($74,A1), D0
D0=0 D1=108100 D2=0 D3=FFFF D4=8402E40 D5=802180B9 D6=842184B9 D7=FFFF A0=108930 A1=108100 A2=F6DA2 A3=108F6C A4=F3194 A5=108000 A6=108E3C PC=3F92 -- 003F92: adda.w  D0, A4
D0=0 D1=108100 D2=0 D3=FFFF D4=8402E40 D5=802180B9 D6=842184B9 D7=FFFF A0=108930 A1=108100 A2=F6DA2 A3=108F6C A4=F3194 A5=108000 A6=108E3C PC=3F94 -- 003F94: move.l  (A4), D0
D0=30F12C0 D1=108100 D2=0 D3=FFFF D4=8402E40 D5=802180B9 D6=842184B9 D7=FFFF A0=108930 A1=108100 A2=F6DA2 A3=108F6C A4=F3194 A5=108000 A6=108E3C PC=3F96 -- 003F96: movea.l D0, A4
D0=30F12C0 D1=108100 D2=0 D3=FFFF D4=8402E40 D5=802180B9 D6=842184B9 D7=FFFF A0=108930 A1=108100 A2=F6DA2 A3=108F6C A4=30F12C0 A5=108000 A6=108E3C PC=3F98 -- 003F98: move.l  A0, -(A7)
D0=30F12C0 D1=108100 D2=0 D3=FFFF D4=8402E40 D5=802180B9 D6=842184B9 D7=FFFF A0=108930 A1=108100 A2=F6DA2 A3=108F6C A4=30F12C0 A5=108000 A6=108E3C PC=3F9A -- 003F9A: lea     $3c0002.l, A0
D0=30F12C0 D1=108100 D2=0 D3=FFFF D4=8402E40 D5=802180B9 D6=842184B9 D7=FFFF A0=3C0002 A1=108100 A2=F6DA2 A3=108F6C A4=30F12C0 A5=108000 A6=108E3C PC=3FA0 -- 003FA0: tst.b   ($7c,A1)
D0=30F12C0 D1=108100 D2=0 D3=FFFF D4=8402E40 D5=802180B9 D6=842184B9 D7=FFFF A0=3C0002 A1=108100 A2=F6DA2 A3=108F6C A4=30F12C0 A5=108000 A6=108E3C PC=3FA4 -- 003FA4: bpl     $3fc0
D0=30F12C0 D1=108100 D2=0 D3=FFFF D4=8402E40 D5=802180B9 D6=842184B9 D7=FFFF A0=3C0002 A1=108100 A2=F6DA2 A3=108F6C A4=30F12C0 A5=108000 A6=108E3C PC=3FC0 -- 003FC0: moveq   #$0, D0
D0=0 D1=108100 D2=0 D3=FFFF D4=8402E40 D5=802180B9 D6=842184B9 D7=FFFF A0=3C0002 A1=108100 A2=F6DA2 A3=108F6C A4=30F12C0 A5=108000 A6=108E3C PC=3FC2 -- 003FC2: move.b  (A2), D0
D0=3 D1=108100 D2=0 D3=FFFF D4=8402E40 D5=802180B9 D6=842184B9 D7=FFFF A0=3C0002 A1=108100 A2=F6DA2 A3=108F6C A4=30F12C0 A5=108000 A6=108E3C PC=3FC4 -- 003FC4: sub.w   D0, ($794,A5)
D0=3 D1=108100 D2=0 D3=FFFF D4=8402E40 D5=802180B9 D6=842184B9 D7=FFFF A0=3C0002 A1=108100 A2=F6DA2 A3=108F6C A4=30F12C0 A5=108000 A6=108E3C PC=3FC8 -- 003FC8: bcc     $3fd2
D0=3 D1=108100 D2=0 D3=FFFF D4=8402E40 D5=802180B9 D6=842184B9 D7=FFFF A0=3C0002 A1=108100 A2=F6DA2 A3=108F6C A4=30F12C0 A5=108000 A6=108E3C PC=3FD2 -- 003FD2: move.l  A6, -(A7)
D0=3 D1=108100 D2=0 D3=FFFF D4=8402E40 D5=802180B9 D6=842184B9 D7=FFFF A0=3C0002 A1=108100 A2=F6DA2 A3=108F6C A4=30F12C0 A5=108000 A6=108E3C PC=3FD4 -- 003FD4: btst    #$6, ($7c,A1)
D0=3 D1=108100 D2=0 D3=FFFF D4=8402E40 D5=802180B9 D6=842184B9 D7=FFFF A0=3C0002 A1=108100 A2=F6DA2 A3=108F6C A4=30F12C0 A5=108000 A6=108E3C PC=3FDA -- 003FDA: bne     $400c
D0=3 D1=108100 D2=0 D3=FFFF D4=8402E40 D5=802180B9 D6=842184B9 D7=FFFF A0=3C0002 A1=108100 A2=F6DA2 A3=108F6C A4=30F12C0 A5=108000 A6=108E3C PC=3FDE -- 003FDE: moveq   #$0, D1
D0=3 D1=0 D2=0 D3=FFFF D4=8402E40 D5=802180B9 D6=842184B9 D7=FFFF A0=3C0002 A1=108100 A2=F6DA2 A3=108F6C A4=30F12C0 A5=108000 A6=108E3C PC=3FE0 -- 003FE0: move.b  ($82,A1), D1
D0=3 D1=0 D2=0 D3=FFFF D4=8402E40 D5=802180B9 D6=842184B9 D7=FFFF A0=3C0002 A1=108100 A2=F6DA2 A3=108F6C A4=30F12C0 A5=108000 A6=108E3C PC=3FE4 -- 003FE4: add.w   D1, D1
D0=3 D1=0 D2=0 D3=FFFF D4=8402E40 D5=802180B9 D6=842184B9 D7=FFFF A0=3C0002 A1=108100 A2=F6DA2 A3=108F6C A4=30F12C0 A5=108000 A6=108E3C PC=3FE6 -- 003FE6: add.w   D1, D1
D0=3 D1=0 D2=0 D3=FFFF D4=8402E40 D5=802180B9 D6=842184B9 D7=FFFF A0=3C0002 A1=108100 A2=F6DA2 A3=108F6C A4=30F12C0 A5=108000 A6=108E3C PC=3FE8 -- 003FE8: move.w  ($18,A1), D0
D0=30 D1=0 D2=0 D3=FFFF D4=8402E40 D5=802180B9 D6=842184B9 D7=FFFF A0=3C0002 A1=108100 A2=F6DA2 A3=108F6C A4=30F12C0 A5=108000 A6=108E3C PC=3FEC -- 003FEC: lea     ($104c,A5), A6
D0=30 D1=0 D2=0 D3=FFFF D4=8402E40 D5=802180B9 D6=842184B9 D7=FFFF A0=3C0002 A1=108100 A2=F6DA2 A3=108F6C A4=30F12C0 A5=108000 A6=10904C PC=3FF0 -- 003FF0: sub.w   (A6,D1.w), D0
D0=30 D1=0 D2=0 D3=FFFF D4=8402E40 D5=802180B9 D6=842184B9 D7=FFFF A0=3C0002 A1=108100 A2=F6DA2 A3=108F6C A4=30F12C0 A5=108000 A6=10904C PC=3FF4 -- 003FF4: move.w  D0, ($24,A1)
D0=30 D1=0 D2=0 D3=FFFF D4=8402E40 D5=802180B9 D6=842184B9 D7=FFFF A0=3C0002 A1=108100 A2=F6DA2 A3=108F6C A4=30F12C0 A5=108000 A6=10904C PC=3FF8 -- 003FF8: move.w  ($1c,A1), D0
D0=CB D1=0 D2=0 D3=FFFF D4=8402E40 D5=802180B9 D6=842184B9 D7=FFFF A0=3C0002 A1=108100 A2=F6DA2 A3=108F6C A4=30F12C0 A5=108000 A6=10904C PC=3FFC -- 003FFC: sub.w   ($20,A1), D0
D0=CB D1=0 D2=0 D3=FFFF D4=8402E40 D5=802180B9 D6=842184B9 D7=FFFF A0=3C0002 A1=108100 A2=F6DA2 A3=108F6C A4=30F12C0 A5=108000 A6=10904C PC=4000 -- 004000: lea     ($1058,A5), A6
D0=CB D1=0 D2=0 D3=FFFF D4=8402E40 D5=802180B9 D6=842184B9 D7=FFFF A0=3C0002 A1=108100 A2=F6DA2 A3=108F6C A4=30F12C0 A5=108000 A6=109058 PC=4004 -- 004004: sub.w   (A6,D1.w), D0
D0=CB D1=0 D2=0 D3=FFFF D4=8402E40 D5=802180B9 D6=842184B9 D7=FFFF A0=3C0002 A1=108100 A2=F6DA2 A3=108F6C A4=30F12C0 A5=108000 A6=109058 PC=4008 -- 004008: move.w  D0, ($26,A1)
D0=CB D1=0 D2=0 D3=FFFF D4=8402E40 D5=802180B9 D6=842184B9 D7=FFFF A0=3C0002 A1=108100 A2=F6DA2 A3=108F6C A4=30F12C0 A5=108000 A6=109058 PC=400C -- 00400C: tst.b   ($3a66,A5)
D0=CB D1=0 D2=0 D3=FFFF D4=8402E40 D5=802180B9 D6=842184B9 D7=FFFF A0=3C0002 A1=108100 A2=F6DA2 A3=108F6C A4=30F12C0 A5=108000 A6=109058 PC=4010 -- 004010: bmi     $4018
D0=CB D1=0 D2=0 D3=FFFF D4=8402E40 D5=802180B9 D6=842184B9 D7=FFFF A0=3C0002 A1=108100 A2=F6DA2 A3=108F6C A4=30F12C0 A5=108000 A6=109058 PC=4012 -- 004012: bsr     $4088
D0=CB D1=0 D2=0 D3=FFFF D4=8402E40 D5=802180B9 D6=842184B9 D7=FFFF A0=3C0002 A1=108100 A2=F6DA2 A3=108F6C A4=30F12C0 A5=108000 A6=109058 PC=4088 -- 004088: move.w  (A4), D0
D0=FFE8 D1=0 D2=0 D3=FFFF D4=8402E40 D5=802180B9 D6=842184B9 D7=FFFF A0=3C0002 A1=108100 A2=F6DA2 A3=108F6C A4=30F12C0 A5=108000 A6=109058 PC=408A -- 00408A: move.b  ($31,A1), D1
D0=FFE8 D1=0 D2=0 D3=FFFF D4=8402E40 D5=802180B9 D6=842184B9 D7=FFFF A0=3C0002 A1=108100 A2=F6DA2 A3=108F6C A4=30F12C0 A5=108000 A6=109058 PC=408E -- 00408E: move.b  ($4,A4), D2
D0=FFE8 D1=0 D2=0 D3=FFFF D4=8402E40 D5=802180B9 D6=842184B9 D7=FFFF A0=3C0002 A1=108100 A2=F6DA2 A3=108F6C A4=30F12C0 A5=108000 A6=109058 PC=4092 -- 004092: rol.b   #2, D2
D0=FFE8 D1=0 D2=0 D3=FFFF D4=8402E40 D5=802180B9 D6=842184B9 D7=FFFF A0=3C0002 A1=108100 A2=F6DA2 A3=108F6C A4=30F12C0 A5=108000 A6=109058 PC=4094 -- 004094: eor.w   D2, D1
D0=FFE8 D1=0 D2=0 D3=FFFF D4=8402E40 D5=802180B9 D6=842184B9 D7=FFFF A0=3C0002 A1=108100 A2=F6DA2 A3=108F6C A4=30F12C0 A5=108000 A6=109058 PC=4096 -- 004096: andi.w  #$3, D1
D0=FFE8 D1=0 D2=0 D3=FFFF D4=8402E40 D5=802180B9 D6=842184B9 D7=FFFF A0=3C0002 A1=108100 A2=F6DA2 A3=108F6C A4=30F12C0 A5=108000 A6=109058 PC=409A -- 00409A: move.w  D1, ($790,A5)
D0=FFE8 D1=0 D2=0 D3=FFFF D4=8402E40 D5=802180B9 D6=842184B9 D7=FFFF A0=3C0002 A1=108100 A2=F6DA2 A3=108F6C A4=30F12C0 A5=108000 A6=109058 PC=409E -- 00409E: andi.w  #$1, D1
D0=FFE8 D1=0 D2=0 D3=FFFF D4=8402E40 D5=802180B9 D6=842184B9 D7=FFFF A0=3C0002 A1=108100 A2=F6DA2 A3=108F6C A4=30F12C0 A5=108000 A6=109058 PC=40A2 -- 0040A2: beq     $40ae
D0=FFE8 D1=0 D2=0 D3=FFFF D4=8402E40 D5=802180B9 D6=842184B9 D7=FFFF A0=3C0002 A1=108100 A2=F6DA2 A3=108F6C A4=30F12C0 A5=108000 A6=109058 PC=40AE -- 0040AE: moveq   #$0, D1
D0=FFE8 D1=0 D2=0 D3=FFFF D4=8402E40 D5=802180B9 D6=842184B9 D7=FFFF A0=3C0002 A1=108100 A2=F6DA2 A3=108F6C A4=30F12C0 A5=108000 A6=109058 PC=40B0 -- 0040B0: move.b  ($68,A1), D1
D0=FFE8 D1=FF D2=0 D3=FFFF D4=8402E40 D5=802180B9 D6=842184B9 D7=FFFF A0=3C0002 A1=108100 A2=F6DA2 A3=108F6C A4=30F12C0 A5=108000 A6=109058 PC=40B4 -- 0040B4: addq.w  #1, D1
D0=FFE8 D1=100 D2=0 D3=FFFF D4=8402E40 D5=802180B9 D6=842184B9 D7=FFFF A0=3C0002 A1=108100 A2=F6DA2 A3=108F6C A4=30F12C0 A5=108000 A6=109058 PC=40B6 -- 0040B6: muls.w  D1, D0
D0=FFFFE800 D1=100 D2=0 D3=FFFF D4=8402E40 D5=802180B9 D6=842184B9 D7=FFFF A0=3C0002 A1=108100 A2=F6DA2 A3=108F6C A4=30F12C0 A5=108000 A6=109058 PC=40B8 -- 0040B8: lsr.l   #8, D0
D0=FFFFE8 D1=100 D2=0 D3=FFFF D4=8402E40 D5=802180B9 D6=842184B9 D7=FFFF A0=3C0002 A1=108100 A2=F6DA2 A3=108F6C A4=30F12C0 A5=108000 A6=109058 PC=40BA -- 0040BA: add.w   ($24,A1), D0
D0=FF0018 D1=100 D2=0 D3=FFFF D4=8402E40 D5=802180B9 D6=842184B9 D7=FFFF A0=3C0002 A1=108100 A2=F6DA2 A3=108F6C A4=30F12C0 A5=108000 A6=109058 PC=40BE -- 0040BE: lsl.w   #7, D0
D0=FF0C00 D1=100 D2=0 D3=FFFF D4=8402E40 D5=802180B9 D6=842184B9 D7=FFFF A0=3C0002 A1=108100 A2=F6DA2 A3=108F6C A4=30F12C0 A5=108000 A6=109058 PC=40C0 -- 0040C0: move.w  D6, (-$2,A0)
D0=FF0C00 D1=100 D2=0 D3=FFFF D4=8402E40 D5=802180B9 D6=842184B9 D7=FFFF A0=3C0002 A1=108100 A2=F6DA2 A3=108F6C A4=30F12C0 A5=108000 A6=109058 PC=40C4 -- 0040C4: move.w  D0, (A0)
D0=FF0C00 D1=100 D2=0 D3=FFFF D4=8402E40 D5=802180B9 D6=842184B9 D7=FFFF A0=3C0002 A1=108100 A2=F6DA2 A3=108F6C A4=30F12C0 A5=108000 A6=109058 PC=40C6 -- 0040C6: moveq   #$0, D0
D0=0 D1=100 D2=0 D3=FFFF D4=8402E40 D5=802180B9 D6=842184B9 D7=FFFF A0=3C0002 A1=108100 A2=F6DA2 A3=108F6C A4=30F12C0 A5=108000 A6=109058 PC=40C8 -- 0040C8: move.b  (A2), D0
D0=3 D1=100 D2=0 D3=FFFF D4=8402E40 D5=802180B9 D6=842184B9 D7=FFFF A0=3C0002 A1=108100 A2=F6DA2 A3=108F6C A4=30F12C0 A5=108000 A6=109058 PC=40CA -- 0040CA: add.w   D0, D6
D0=3 D1=100 D2=0 D3=FFFF D4=8402E40 D5=802180B9 D6=842184BC D7=FFFF A0=3C0002 A1=108100 A2=F6DA2 A3=108F6C A4=30F12C0 A5=108000 A6=109058 PC=40CC -- 0040CC: move.w  ($2,A4), D0
D0=FFEA D1=100 D2=0 D3=FFFF D4=8402E40 D5=802180B9 D6=842184BC D7=FFFF A0=3C0002 A1=108100 A2=F6DA2 A3=108F6C A4=30F12C0 A5=108000 A6=109058 PC=40D0 -- 0040D0: btst    #$1, ($791,A5)
D0=FFEA D1=100 D2=0 D3=FFFF D4=8402E40 D5=802180B9 D6=842184BC D7=FFFF A0=3C0002 A1=108100 A2=F6DA2 A3=108F6C A4=30F12C0 A5=108000 A6=109058 PC=40D6 -- 0040D6: beq     $40e4
D0=FFEA D1=100 D2=0 D3=FFFF D4=8402E40 D5=802180B9 D6=842184BC D7=FFFF A0=3C0002 A1=108100 A2=F6DA2 A3=108F6C A4=30F12C0 A5=108000 A6=109058 PC=40E4 -- 0040E4: moveq   #$0, D1
D0=FFEA D1=0 D2=0 D3=FFFF D4=8402E40 D5=802180B9 D6=842184BC D7=FFFF A0=3C0002 A1=108100 A2=F6DA2 A3=108F6C A4=30F12C0 A5=108000 A6=109058 PC=40E6 -- 0040E6: move.b  ($69,A1), D1
D0=FFEA D1=FF D2=0 D3=FFFF D4=8402E40 D5=802180B9 D6=842184BC D7=FFFF A0=3C0002 A1=108100 A2=F6DA2 A3=108F6C A4=30F12C0 A5=108000 A6=109058 PC=40EA -- 0040EA: addq.w  #1, D1
D0=FFEA D1=100 D2=0 D3=FFFF D4=8402E40 D5=802180B9 D6=842184BC D7=FFFF A0=3C0002 A1=108100 A2=F6DA2 A3=108F6C A4=30F12C0 A5=108000 A6=109058 PC=40EC -- 0040EC: muls.w  D1, D0
D0=FFFFEA00 D1=100 D2=0 D3=FFFF D4=8402E40 D5=802180B9 D6=842184BC D7=FFFF A0=3C0002 A1=108100 A2=F6DA2 A3=108F6C A4=30F12C0 A5=108000 A6=109058 PC=40EE -- 0040EE: lsr.l   #8, D0
D0=FFFFEA D1=100 D2=0 D3=FFFF D4=8402E40 D5=802180B9 D6=842184BC D7=FFFF A0=3C0002 A1=108100 A2=F6DA2 A3=108F6C A4=30F12C0 A5=108000 A6=109058 PC=40F0 -- 0040F0: add.w   ($26,A1), D0
D0=FF00B5 D1=100 D2=0 D3=FFFF D4=8402E40 D5=802180B9 D6=842184BC D7=FFFF A0=3C0002 A1=108100 A2=F6DA2 A3=108F6C A4=30F12C0 A5=108000 A6=109058 PC=40F4 -- 0040F4: neg.w   D0
D0=FFFF4B D1=100 D2=0 D3=FFFF D4=8402E40 D5=802180B9 D6=842184BC D7=FFFF A0=3C0002 A1=108100 A2=F6DA2 A3=108F6C A4=30F12C0 A5=108000 A6=109058 PC=40F6 -- 0040F6: addi.w  #$1ff, D0
D0=FF014A D1=100 D2=0 D3=FFFF D4=8402E40 D5=802180B9 D6=842184BC D7=FFFF A0=3C0002 A1=108100 A2=F6DA2 A3=108F6C A4=30F12C0 A5=108000 A6=109058 PC=40FA -- 0040FA: lsl.w   #7, D0
D0=FFA500 D1=100 D2=0 D3=FFFF D4=8402E40 D5=802180B9 D6=842184BC D7=FFFF A0=3C0002 A1=108100 A2=F6DA2 A3=108F6C A4=30F12C0 A5=108000 A6=109058 PC=40FC -- 0040FC: bsr     $4772
D0=FFA500 D1=100 D2=0 D3=FFFF D4=8402E40 D5=802180B9 D6=842184BC D7=FFFF A0=3C0002 A1=108100 A2=F6DA2 A3=108F6C A4=30F12C0 A5=108000 A6=109058 PC=4772 -- 004772: move.w  D0, -(A7)
D0=FFA500 D1=100 D2=0 D3=FFFF D4=8402E40 D5=802180B9 D6=842184BC D7=FFFF A0=3C0002 A1=108100 A2=F6DA2 A3=108F6C A4=30F12C0 A5=108000 A6=109058 PC=4774 -- 004774: moveq   #-$1, D0
D0=FFFFFFFF D1=100 D2=0 D3=FFFF D4=8402E40 D5=802180B9 D6=842184BC D7=FFFF A0=3C0002 A1=108100 A2=F6DA2 A3=108F6C A4=30F12C0 A5=108000 A6=109058 PC=4776 -- 004776: moveq   #$0, D1
D0=FFFFFFFF D1=0 D2=0 D3=FFFF D4=8402E40 D5=802180B9 D6=842184BC D7=FFFF A0=3C0002 A1=108100 A2=F6DA2 A3=108F6C A4=30F12C0 A5=108000 A6=109058 PC=4778 -- 004778: move.b  ($1,A2), D1
D0=FFFFFFFF D1=3 D2=0 D3=FFFF D4=8402E40 D5=802180B9 D6=842184BC D7=FFFF A0=3C0002 A1=108100 A2=F6DA2 A3=108F6C A4=30F12C0 A5=108000 A6=109058 PC=477C -- 00477C: cmpi.b  #-$1, ($69,A1)
D0=FFFFFFFF D1=3 D2=0 D3=FFFF D4=8402E40 D5=802180B9 D6=842184BC D7=FFFF A0=3C0002 A1=108100 A2=F6DA2 A3=108F6C A4=30F12C0 A5=108000 A6=109058 PC=4782 -- 004782: beq     $47b4
D0=FFFFFFFF D1=3 D2=0 D3=FFFF D4=8402E40 D5=802180B9 D6=842184BC D7=FFFF A0=3C0002 A1=108100 A2=F6DA2 A3=108F6C A4=30F12C0 A5=108000 A6=109058 PC=47B4 -- 0047B4: move.b  D0, ($78f,A5)
D0=FFFFFFFF D1=3 D2=0 D3=FFFF D4=8402E40 D5=802180B9 D6=842184BC D7=FFFF A0=3C0002 A1=108100 A2=F6DA2 A3=108F6C A4=30F12C0 A5=108000 A6=109058 PC=47B8 -- 0047B8: move.b  D1, ($78e,A5)
D0=FFFFFFFF D1=3 D2=0 D3=FFFF D4=8402E40 D5=802180B9 D6=842184BC D7=FFFF A0=3C0002 A1=108100 A2=F6DA2 A3=108F6C A4=30F12C0 A5=108000 A6=109058 PC=47BC -- 0047BC: move.w  (A7)+, D0
D0=FFFFA500 D1=3 D2=0 D3=FFFF D4=8402E40 D5=802180B9 D6=842184BC D7=FFFF A0=3C0002 A1=108100 A2=F6DA2 A3=108F6C A4=30F12C0 A5=108000 A6=109058 PC=47BE -- 0047BE: rts
D0=FFFFA500 D1=3 D2=0 D3=FFFF D4=8402E40 D5=802180B9 D6=842184BC D7=FFFF A0=3C0002 A1=108100 A2=F6DA2 A3=108F6C A4=30F12C0 A5=108000 A6=109058 PC=4100 -- 004100: add.b   ($78e,A5), D0
D0=FFFFA503 D1=3 D2=0 D3=FFFF D4=8402E40 D5=802180B9 D6=842184BC D7=FFFF A0=3C0002 A1=108100 A2=F6DA2 A3=108F6C A4=30F12C0 A5=108000 A6=109058 PC=4104 -- 004104: move.w  D0, (A3)+
D0=FFFFA503 D1=3 D2=0 D3=FFFF D4=8402E40 D5=802180B9 D6=842184BC D7=FFFF A0=3C0002 A1=108100 A2=F6DA2 A3=108F6E A4=30F12C0 A5=108000 A6=109058 PC=4106 -- 004106: moveq   #$0, D0
D0=0 D1=3 D2=0 D3=FFFF D4=8402E40 D5=802180B9 D6=842184BC D7=FFFF A0=3C0002 A1=108100 A2=F6DA2 A3=108F6E A4=30F12C0 A5=108000 A6=109058 PC=4108 -- 004108: move.b  (A2), D0
D0=3 D1=3 D2=0 D3=FFFF D4=8402E40 D5=802180B9 D6=842184BC D7=FFFF A0=3C0002 A1=108100 A2=F6DA2 A3=108F6E A4=30F12C0 A5=108000 A6=109058 PC=410A -- 00410A: subq.b  #2, D0
D0=1 D1=3 D2=0 D3=FFFF D4=8402E40 D5=802180B9 D6=842184BC D7=FFFF A0=3C0002 A1=108100 A2=F6DA2 A3=108F6E A4=30F12C0 A5=108000 A6=109058 PC=410C -- 00410C: bmi     $4118
D0=1 D1=3 D2=0 D3=FFFF D4=8402E40 D5=802180B9 D6=842184BC D7=FFFF A0=3C0002 A1=108100 A2=F6DA2 A3=108F6E A4=30F12C0 A5=108000 A6=109058 PC=410E -- 00410E: move.w  #$40, D1
D0=1 D1=40 D2=0 D3=FFFF D4=8402E40 D5=802180B9 D6=842184BC D7=FFFF A0=3C0002 A1=108100 A2=F6DA2 A3=108F6E A4=30F12C0 A5=108000 A6=109058 PC=4112 -- 004112: move.w  D1, (A3)+
D0=1 D1=40 D2=0 D3=FFFF D4=8402E40 D5=802180B9 D6=842184BC D7=FFFF A0=3C0002 A1=108100 A2=F6DA2 A3=108F70 A4=30F12C0 A5=108000 A6=109058 PC=4114 -- 004114: dbra    D0, $4112
D0=0 D1=40 D2=0 D3=FFFF D4=8402E40 D5=802180B9 D6=842184BC D7=FFFF A0=3C0002 A1=108100 A2=F6DA2 A3=108F70 A4=30F12C0 A5=108000 A6=109058 PC=4112 -- 004112: move.w  D1, (A3)+
D0=0 D1=40 D2=0 D3=FFFF D4=8402E40 D5=802180B9 D6=842184BC D7=FFFF A0=3C0002 A1=108100 A2=F6DA2 A3=108F72 A4=30F12C0 A5=108000 A6=109058 PC=4114 -- 004114: dbra    D0, $4112
D0=FFFF D1=40 D2=0 D3=FFFF D4=8402E40 D5=802180B9 D6=842184BC D7=FFFF A0=3C0002 A1=108100 A2=F6DA2 A3=108F72 A4=30F12C0 A5=108000 A6=109058 PC=4118 -- 004118: move.w  #$1, ($2,A0)
D0=FFFF D1=40 D2=0 D3=FFFF D4=8402E40 D5=802180B9 D6=842184BC D7=FFFF A0=3C0002 A1=108100 A2=F6DA2 A3=108F72 A4=30F12C0 A5=108000 A6=109058 PC=411E -- 00411E: move.w  D5, (-$2,A0)
D0=FFFF D1=40 D2=0 D3=FFFF D4=8402E40 D5=802180B9 D6=842184BC D7=FFFF A0=3C0002 A1=108100 A2=F6DA2 A3=108F72 A4=30F12C0 A5=108000 A6=109058 PC=4122 -- 004122: moveq   #$0, D1
D0=FFFF D1=0 D2=0 D3=FFFF D4=8402E40 D5=802180B9 D6=842184BC D7=FFFF A0=3C0002 A1=108100 A2=F6DA2 A3=108F72 A4=30F12C0 A5=108000 A6=109058 PC=4124 -- 004124: move.b  ($68,A1), D0
D0=FFFF D1=0 D2=0 D3=FFFF D4=8402E40 D5=802180B9 D6=842184BC D7=FFFF A0=3C0002 A1=108100 A2=F6DA2 A3=108F72 A4=30F12C0 A5=108000 A6=109058 PC=4128 -- 004128: move.b  D0, D1
D0=FFFF D1=FF D2=0 D3=FFFF D4=8402E40 D5=802180B9 D6=842184BC D7=FFFF A0=3C0002 A1=108100 A2=F6DA2 A3=108F72 A4=30F12C0 A5=108000 A6=109058 PC=412A -- 00412A: andi.w  #$f, D0
D0=F D1=FF D2=0 D3=FFFF D4=8402E40 D5=802180B9 D6=842184BC D7=FFFF A0=3C0002 A1=108100 A2=F6DA2 A3=108F72 A4=30F12C0 A5=108000 A6=109058 PC=412E -- 00412E: lsr.b   #4, D1
D0=F D1=F D2=0 D3=FFFF D4=8402E40 D5=802180B9 D6=842184BC D7=FFFF A0=3C0002 A1=108100 A2=F6DA2 A3=108F72 A4=30F12C0 A5=108000 A6=109058 PC=4130 -- 004130: tst.b   D1
D0=F D1=F D2=0 D3=FFFF D4=8402E40 D5=802180B9 D6=842184BC D7=FFFF A0=3C0002 A1=108100 A2=F6DA2 A3=108F72 A4=30F12C0 A5=108000 A6=109058 PC=4132 -- 004132: beq     $4164
D0=F D1=F D2=0 D3=FFFF D4=8402E40 D5=802180B9 D6=842184BC D7=FFFF A0=3C0002 A1=108100 A2=F6DA2 A3=108F72 A4=30F12C0 A5=108000 A6=109058 PC=4134 -- 004134: lea     $4f9d2.l, A6
D0=F D1=F D2=0 D3=FFFF D4=8402E40 D5=802180B9 D6=842184BC D7=FFFF A0=3C0002 A1=108100 A2=F6DA2 A3=108F72 A4=30F12C0 A5=108000 A6=4F9D2 PC=413A -- 00413A: lsl.w   #5, D0
D0=1E0 D1=F D2=0 D3=FFFF D4=8402E40 D5=802180B9 D6=842184BC D7=FFFF A0=3C0002 A1=108100 A2=F6DA2 A3=108F72 A4=30F12C0 A5=108000 A6=4F9D2 PC=413C -- 00413C: adda.w  D0, A6
D0=1E0 D1=F D2=0 D3=FFFF D4=8402E40 D5=802180B9 D6=842184BC D7=FFFF A0=3C0002 A1=108100 A2=F6DA2 A3=108F72 A4=30F12C0 A5=108000 A6=4FBB2 PC=413E -- 00413E: moveq   #$f, D0
D0=F D1=F D2=0 D3=FFFF D4=8402E40 D5=802180B9 D6=842184BC D7=FFFF A0=3C0002 A1=108100 A2=F6DA2 A3=108F72 A4=30F12C0 A5=108000 A6=4FBB2 PC=4140 -- 004140: moveq   #$0, D2
D0=F D1=F D2=0 D3=FFFF D4=8402E40 D5=802180B9 D6=842184BC D7=FFFF A0=3C0002 A1=108100 A2=F6DA2 A3=108F72 A4=30F12C0 A5=108000 A6=4FBB2 PC=4142 -- 004142: move.b  (A2), D2
D0=F D1=F D2=3 D3=FFFF D4=8402E40 D5=802180B9 D6=842184BC D7=FFFF A0=3C0002 A1=108100 A2=F6DA2 A3=108F72 A4=30F12C0 A5=108000 A6=4FBB2 PC=4144 -- 004144: lsr.w   #1, D2
D0=F D1=F D2=1 D3=FFFF D4=8402E40 D5=802180B9 D6=842184BC D7=FFFF A0=3C0002 A1=108100 A2=F6DA2 A3=108F72 A4=30F12C0 A5=108000 A6=4FBB2 PC=4146 -- 004146: sub.w   D2, D0
D0=E D1=F D2=1 D3=FFFF D4=8402E40 D5=802180B9 D6=842184BC D7=FFFF A0=3C0002 A1=108100 A2=F6DA2 A3=108F72 A4=30F12C0 A5=108000 A6=4FBB2 PC=4148 -- 004148: adda.l  D0, A6
D0=E D1=F D2=1 D3=FFFF D4=8402E40 D5=802180B9 D6=842184BC D7=FFFF A0=3C0002 A1=108100 A2=F6DA2 A3=108F72 A4=30F12C0 A5=108000 A6=4FBC0 PC=414A -- 00414A: move.b  (A2), D0
D0=3 D1=F D2=1 D3=FFFF D4=8402E40 D5=802180B9 D6=842184BC D7=FFFF A0=3C0002 A1=108100 A2=F6DA2 A3=108F72 A4=30F12C0 A5=108000 A6=4FBC0 PC=414C -- 00414C: add.w   D0, D5
D0=3 D1=F D2=1 D3=FFFF D4=8402E40 D5=802180BC D6=842184BC D7=FFFF A0=3C0002 A1=108100 A2=F6DA2 A3=108F72 A4=30F12C0 A5=108000 A6=4FBC0 PC=414E -- 00414E: subq.b  #1, D0
D0=2 D1=F D2=1 D3=FFFF D4=8402E40 D5=802180BC D6=842184BC D7=FFFF A0=3C0002 A1=108100 A2=F6DA2 A3=108F72 A4=30F12C0 A5=108000 A6=4FBC0 PC=4150 -- 004150: move.b  D1, D2
D0=2 D1=F D2=F D3=FFFF D4=8402E40 D5=802180BC D6=842184BC D7=FFFF A0=3C0002 A1=108100 A2=F6DA2 A3=108F72 A4=30F12C0 A5=108000 A6=4FBC0 PC=4152 -- 004152: sub.b   (A6)+, D2
D0=2 D1=F D2=F D3=FFFF D4=8402E40 D5=802180BC D6=842184BC D7=FFFF A0=3C0002 A1=108100 A2=F6DA2 A3=108F72 A4=30F12C0 A5=108000 A6=4FBC1 PC=4154 -- 004154: lsl.w   #8, D2
D0=2 D1=F D2=F00 D3=FFFF D4=8402E40 D5=802180BC D6=842184BC D7=FFFF A0=3C0002 A1=108100 A2=F6DA2 A3=108F72 A4=30F12C0 A5=108000 A6=4FBC1 PC=4156 -- 004156: move.b  ($69,A1), D2
D0=2 D1=F D2=FFF D3=FFFF D4=8402E40 D5=802180BC D6=842184BC D7=FFFF A0=3C0002 A1=108100 A2=F6DA2 A3=108F72 A4=30F12C0 A5=108000 A6=4FBC1 PC=415A -- 00415A: move.w  D2, (A0)
D0=2 D1=F D2=FFF D3=FFFF D4=8402E40 D5=802180BC D6=842184BC D7=FFFF A0=3C0002 A1=108100 A2=F6DA2 A3=108F72 A4=30F12C0 A5=108000 A6=4FBC1 PC=415C -- 00415C: dbra    D0, $4150
D0=1 D1=F D2=FFF D3=FFFF D4=8402E40 D5=802180BC D6=842184BC D7=FFFF A0=3C0002 A1=108100 A2=F6DA2 A3=108F72 A4=30F12C0 A5=108000 A6=4FBC1 PC=4150 -- 004150: move.b  D1, D2
D0=1 D1=F D2=F0F D3=FFFF D4=8402E40 D5=802180BC D6=842184BC D7=FFFF A0=3C0002 A1=108100 A2=F6DA2 A3=108F72 A4=30F12C0 A5=108000 A6=4FBC1 PC=4152 -- 004152: sub.b   (A6)+, D2
D0=1 D1=F D2=F0F D3=FFFF D4=8402E40 D5=802180BC D6=842184BC D7=FFFF A0=3C0002 A1=108100 A2=F6DA2 A3=108F72 A4=30F12C0 A5=108000 A6=4FBC2 PC=4154 -- 004154: lsl.w   #8, D2
D0=1 D1=F D2=F00 D3=FFFF D4=8402E40 D5=802180BC D6=842184BC D7=FFFF A0=3C0002 A1=108100 A2=F6DA2 A3=108F72 A4=30F12C0 A5=108000 A6=4FBC2 PC=4156 -- 004156: move.b  ($69,A1), D2
D0=1 D1=F D2=FFF D3=FFFF D4=8402E40 D5=802180BC D6=842184BC D7=FFFF A0=3C0002 A1=108100 A2=F6DA2 A3=108F72 A4=30F12C0 A5=108000 A6=4FBC2 PC=415A -- 00415A: move.w  D2, (A0)
D0=1 D1=F D2=FFF D3=FFFF D4=8402E40 D5=802180BC D6=842184BC D7=FFFF A0=3C0002 A1=108100 A2=F6DA2 A3=108F72 A4=30F12C0 A5=108000 A6=4FBC2 PC=415C -- 00415C: dbra    D0, $4150

   (loops for 6 instructions)

D0=FFFF D1=F D2=FFF D3=FFFF D4=8402E40 D5=802180BC D6=842184BC D7=FFFF A0=3C0002 A1=108100 A2=F6DA2 A3=108F72 A4=30F12C0 A5=108000 A6=4FBC3 PC=4160 -- 004160: bra     $4178
D0=FFFF D1=F D2=FFF D3=FFFF D4=8402E40 D5=802180BC D6=842184BC D7=FFFF A0=3C0002 A1=108100 A2=F6DA2 A3=108F72 A4=30F12C0 A5=108000 A6=4FBC3 PC=4178 -- 004178: move.b  ($2,A2), D0
D0=FFCD D1=F D2=FFF D3=FFFF D4=8402E40 D5=802180BC D6=842184BC D7=FFFF A0=3C0002 A1=108100 A2=F6DA2 A3=108F72 A4=30F12C0 A5=108000 A6=4FBC3 PC=417C -- 00417C: tst.b   ($80,A1)
D0=FFCD D1=F D2=FFF D3=FFFF D4=8402E40 D5=802180BC D6=842184BC D7=FFFF A0=3C0002 A1=108100 A2=F6DA2 A3=108F72 A4=30F12C0 A5=108000 A6=4FBC3 PC=4180 -- 004180: beq     $4188
D0=FFCD D1=F D2=FFF D3=FFFF D4=8402E40 D5=802180BC D6=842184BC D7=FFFF A0=3C0002 A1=108100 A2=F6DA2 A3=108F72 A4=30F12C0 A5=108000 A6=4FBC3 PC=4188 -- 004188: add.b   ($30,A1), D0
D0=FFCD D1=F D2=FFF D3=FFFF D4=8402E40 D5=802180BC D6=842184BC D7=FFFF A0=3C0002 A1=108100 A2=F6DA2 A3=108F72 A4=30F12C0 A5=108000 A6=4FBC3 PC=418C -- 00418C: lsl.w   #8, D0
D0=CD00 D1=F D2=FFF D3=FFFF D4=8402E40 D5=802180BC D6=842184BC D7=FFFF A0=3C0002 A1=108100 A2=F6DA2 A3=108F72 A4=30F12C0 A5=108000 A6=4FBC3 PC=418E -- 00418E: tst.b   ($3,A2)
D0=CD00 D1=F D2=FFF D3=FFFF D4=8402E40 D5=802180BC D6=842184BC D7=FFFF A0=3C0002 A1=108100 A2=F6DA2 A3=108F72 A4=30F12C0 A5=108000 A6=4FBC3 PC=4192 -- 004192: beq     $4198
D0=CD00 D1=F D2=FFF D3=FFFF D4=8402E40 D5=802180BC D6=842184BC D7=FFFF A0=3C0002 A1=108100 A2=F6DA2 A3=108F72 A4=30F12C0 A5=108000 A6=4FBC3 PC=4194 -- 004194: move.b  #$10, D0
D0=CD10 D1=F D2=FFF D3=FFFF D4=8402E40 D5=802180BC D6=842184BC D7=FFFF A0=3C0002 A1=108100 A2=F6DA2 A3=108F72 A4=30F12C0 A5=108000 A6=4FBC3 PC=4198 -- 004198: move.w  ($4,A2), D1
D0=CD10 D1=DD52 D2=FFF D3=FFFF D4=8402E40 D5=802180BC D6=842184BC D7=FFFF A0=3C0002 A1=108100 A2=F6DA2 A3=108F72 A4=30F12C0 A5=108000 A6=4FBC3 PC=419C -- 00419C: moveq   #$0, D3
D0=CD10 D1=DD52 D2=FFF D3=0 D4=8402E40 D5=802180BC D6=842184BC D7=FFFF A0=3C0002 A1=108100 A2=F6DA2 A3=108F72 A4=30F12C0 A5=108000 A6=4FBC3 PC=419E -- 00419E: move.b  (A2), D3
D0=CD10 D1=DD52 D2=FFF D3=3 D4=8402E40 D5=802180BC D6=842184BC D7=FFFF A0=3C0002 A1=108100 A2=F6DA2 A3=108F72 A4=30F12C0 A5=108000 A6=4FBC3 PC=41A0 -- 0041A0: subq.b  #1, D3
D0=CD10 D1=DD52 D2=FFF D3=2 D4=8402E40 D5=802180BC D6=842184BC D7=FFFF A0=3C0002 A1=108100 A2=F6DA2 A3=108F72 A4=30F12C0 A5=108000 A6=4FBC3 PC=41A2 -- 0041A2: move.w  ($790,A5), D7
D0=CD10 D1=DD52 D2=FFF D3=2 D4=8402E40 D5=802180BC D6=842184BC D7=0 A0=3C0002 A1=108100 A2=F6DA2 A3=108F72 A4=30F12C0 A5=108000 A6=4FBC3 PC=41A6 -- 0041A6: add.w   D7, D7
D0=CD10 D1=DD52 D2=FFF D3=2 D4=8402E40 D5=802180BC D6=842184BC D7=0 A0=3C0002 A1=108100 A2=F6DA2 A3=108F72 A4=30F12C0 A5=108000 A6=4FBC3 PC=41A8 -- 0041A8: add.w   D7, D7
D0=CD10 D1=DD52 D2=FFF D3=2 D4=8402E40 D5=802180BC D6=842184BC D7=0 A0=3C0002 A1=108100 A2=F6DA2 A3=108F72 A4=30F12C0 A5=108000 A6=4FBC3 PC=41AA -- 0041AA: movea.l ($4,PC,D7.w), A6
D0=CD10 D1=DD52 D2=FFF D3=2 D4=8402E40 D5=802180BC D6=842184BC D7=0 A0=3C0002 A1=108100 A2=F6DA2 A3=108F72 A4=30F12C0 A5=108000 A6=428C PC=41AE -- 0041AE: jmp     (A6)
D0=CD10 D1=DD52 D2=FFF D3=2 D4=8402E40 D5=802180BC D6=842184BC D7=0 A0=3C0002 A1=108100 A2=F6DA2 A3=108F72 A4=30F12C0 A5=108000 A6=428C PC=428C -- 00428C: lea     ($6,A2), A6
D0=CD10 D1=DD52 D2=FFF D3=2 D4=8402E40 D5=802180BC D6=842184BC D7=0 A0=3C0002 A1=108100 A2=F6DA2 A3=108F72 A4=30F12C0 A5=108000 A6=F6DA8 PC=4290 -- 004290: move.w  #$1, ($2,A0)
D0=CD10 D1=DD52 D2=FFF D3=2 D4=8402E40 D5=802180BC D6=842184BC D7=0 A0=3C0002 A1=108100 A2=F6DA2 A3=108F72 A4=30F12C0 A5=108000 A6=F6DA8 PC=4296 -- 004296: moveq   #$0, D7
D0=CD10 D1=DD52 D2=FFF D3=2 D4=8402E40 D5=802180BC D6=842184BC D7=0 A0=3C0002 A1=108100 A2=F6DA2 A3=108F72 A4=30F12C0 A5=108000 A6=F6DA8 PC=4298 -- 004298: move.b  ($1,A2), D7
D0=CD10 D1=DD52 D2=FFF D3=2 D4=8402E40 D5=802180BC D6=842184BC D7=3 A0=3C0002 A1=108100 A2=F6DA2 A3=108F72 A4=30F12C0 A5=108000 A6=F6DA8 PC=429C -- 00429C: subq.b  #1, D7
D0=CD10 D1=DD52 D2=FFF D3=2 D4=8402E40 D5=802180BC D6=842184BC D7=2 A0=3C0002 A1=108100 A2=F6DA2 A3=108F72 A4=30F12C0 A5=108000 A6=F6DA8 PC=429E -- 00429E: move.w  (A6)+, D2
D0=CD10 D1=DD52 D2=C000 D3=2 D4=8402E40 D5=802180BC D6=842184BC D7=2 A0=3C0002 A1=108100 A2=F6DA2 A3=108F72 A4=30F12C0 A5=108000 A6=F6DAA PC=42A0 -- 0042A0: move.w  D4, (-$2,A0)
D0=CD10 D1=DD52 D2=C000 D3=2 D4=8402E40 D5=802180BC D6=842184BC D7=2 A0=3C0002 A1=108100 A2=F6DA2 A3=108F72 A4=30F12C0 A5=108000 A6=F6DAA PC=42A4 -- 0042A4: add.w   D2, D2
D0=CD10 D1=DD52 D2=8000 D3=2 D4=8402E40 D5=802180BC D6=842184BC D7=2 A0=3C0002 A1=108100 A2=F6DA2 A3=108F72 A4=30F12C0 A5=108000 A6=F6DAA PC=42A6 -- 0042A6: bcc     $42b8
D0=CD10 D1=DD52 D2=8000 D3=2 D4=8402E40 D5=802180BC D6=842184BC D7=2 A0=3C0002 A1=108100 A2=F6DA2 A3=108F72 A4=30F12C0 A5=108000 A6=F6DAA PC=42A8 -- 0042A8: move.w  D1, (A0)
D0=CD10 D1=DD52 D2=8000 D3=2 D4=8402E40 D5=802180BC D6=842184BC D7=2 A0=3C0002 A1=108100 A2=F6DA2 A3=108F72 A4=30F12C0 A5=108000 A6=F6DAA PC=42AA -- 0042AA: nop
D0=CD10 D1=DD52 D2=8000 D3=2 D4=8402E40 D5=802180BC D6=842184BC D7=2 A0=3C0002 A1=108100 A2=F6DA2 A3=108F72 A4=30F12C0 A5=108000 A6=F6DAA PC=42AC -- 0042AC: move.w  D0, (A0)
D0=CD10 D1=DD52 D2=8000 D3=2 D4=8402E40 D5=802180BC D6=842184BC D7=2 A0=3C0002 A1=108100 A2=F6DA2 A3=108F72 A4=30F12C0 A5=108000 A6=F6DAA PC=42AE -- 0042AE: addq.w  #1, D1
D0=CD10 D1=DD53 D2=8000 D3=2 D4=8402E40 D5=802180BC D6=842184BC D7=2 A0=3C0002 A1=108100 A2=F6DA2 A3=108F72 A4=30F12C0 A5=108000 A6=F6DAA PC=42B0 -- 0042B0: bcc     $42c0
D0=CD10 D1=DD53 D2=8000 D3=2 D4=8402E40 D5=802180BC D6=842184BC D7=2 A0=3C0002 A1=108100 A2=F6DA2 A3=108F72 A4=30F12C0 A5=108000 A6=F6DAA PC=42C0 -- 0042C0: dbra    D7, $42a4
D0=CD10 D1=DD53 D2=8000 D3=2 D4=8402E40 D5=802180BC D6=842184BC D7=1 A0=3C0002 A1=108100 A2=F6DA2 A3=108F72 A4=30F12C0 A5=108000 A6=F6DAA PC=42A4 -- 0042A4: add.w   D2, D2
D0=CD10 D1=DD53 D2=0 D3=2 D4=8402E40 D5=802180BC D6=842184BC D7=1 A0=3C0002 A1=108100 A2=F6DA2 A3=108F72 A4=30F12C0 A5=108000 A6=F6DAA PC=42A6 -- 0042A6: bcc     $42b8
D0=CD10 D1=DD53 D2=0 D3=2 D4=8402E40 D5=802180BC D6=842184BC D7=1 A0=3C0002 A1=108100 A2=F6DA2 A3=108F72 A4=30F12C0 A5=108000 A6=F6DAA PC=42A8 -- 0042A8: move.w  D1, (A0)
D0=CD10 D1=DD53 D2=0 D3=2 D4=8402E40 D5=802180BC D6=842184BC D7=1 A0=3C0002 A1=108100 A2=F6DA2 A3=108F72 A4=30F12C0 A5=108000 A6=F6DAA PC=42AA -- 0042AA: nop
D0=CD10 D1=DD53 D2=0 D3=2 D4=8402E40 D5=802180BC D6=842184BC D7=1 A0=3C0002 A1=108100 A2=F6DA2 A3=108F72 A4=30F12C0 A5=108000 A6=F6DAA PC=42AC -- 0042AC: move.w  D0, (A0)
D0=CD10 D1=DD53 D2=0 D3=2 D4=8402E40 D5=802180BC D6=842184BC D7=1 A0=3C0002 A1=108100 A2=F6DA2 A3=108F72 A4=30F12C0 A5=108000 A6=F6DAA PC=42AE -- 0042AE: addq.w  #1, D1
D0=CD10 D1=DD54 D2=0 D3=2 D4=8402E40 D5=802180BC D6=842184BC D7=1 A0=3C0002 A1=108100 A2=F6DA2 A3=108F72 A4=30F12C0 A5=108000 A6=F6DAA PC=42B0 -- 0042B0: bcc     $42c0
D0=CD10 D1=DD54 D2=0 D3=2 D4=8402E40 D5=802180BC D6=842184BC D7=1 A0=3C0002 A1=108100 A2=F6DA2 A3=108F72 A4=30F12C0 A5=108000 A6=F6DAA PC=42C0 -- 0042C0: dbra    D7, $42a4

   (loops for 2 instructions)

D0=CD10 D1=DD54 D2=0 D3=2 D4=8402E40 D5=802180BC D6=842184BC D7=0 A0=3C0002 A1=108100 A2=F6DA2 A3=108F72 A4=30F12C0 A5=108000 A6=F6DAA PC=42B8 -- 0042B8: move.w  #$0, (A0)
D0=CD10 D1=DD54 D2=0 D3=2 D4=8402E40 D5=802180BC D6=842184BC D7=0 A0=3C0002 A1=108100 A2=F6DA2 A3=108F72 A4=30F12C0 A5=108000 A6=F6DAA PC=42BC -- 0042BC: move.w  #$0, (A0)

   (loops for 1 instructions)

D0=CD10 D1=DD54 D2=0 D3=2 D4=8402E40 D5=802180BC D6=842184BC D7=FFFF A0=3C0002 A1=108100 A2=F6DA2 A3=108F72 A4=30F12C0 A5=108000 A6=F6DAA PC=42C4 -- 0042C4: bsr     $47c0
D0=CD10 D1=DD54 D2=0 D3=2 D4=8402E40 D5=802180BC D6=842184BC D7=FFFF A0=3C0002 A1=108100 A2=F6DA2 A3=108F72 A4=30F12C0 A5=108000 A6=F6DAA PC=47C0 -- 0047C0: tst.b   ($78f,A5)
D0=CD10 D1=DD54 D2=0 D3=2 D4=8402E40 D5=802180BC D6=842184BC D7=FFFF A0=3C0002 A1=108100 A2=F6DA2 A3=108F72 A4=30F12C0 A5=108000 A6=F6DAA PC=47C4 -- 0047C4: bpl     $47c8
D0=CD10 D1=DD54 D2=0 D3=2 D4=8402E40 D5=802180BC D6=842184BC D7=FFFF A0=3C0002 A1=108100 A2=F6DA2 A3=108F72 A4=30F12C0 A5=108000 A6=F6DAA PC=47C6 -- 0047C6: rts
D0=CD10 D1=DD54 D2=0 D3=2 D4=8402E40 D5=802180BC D6=842184BC D7=FFFF A0=3C0002 A1=108100 A2=F6DA2 A3=108F72 A4=30F12C0 A5=108000 A6=F6DAA PC=42C8 -- 0042C8: addi.w  #$40, D4
D0=CD10 D1=DD54 D2=0 D3=2 D4=8402E80 D5=802180BC D6=842184BC D7=FFFF A0=3C0002 A1=108100 A2=F6DA2 A3=108F72 A4=30F12C0 A5=108000 A6=F6DAA PC=42CC -- 0042CC: dbra    D3, $4296
D0=CD10 D1=DD54 D2=0 D3=1 D4=8402E80 D5=802180BC D6=842184BC D7=FFFF A0=3C0002 A1=108100 A2=F6DA2 A3=108F72 A4=30F12C0 A5=108000 A6=F6DAA PC=4296 -- 004296: moveq   #$0, D7
D0=CD10 D1=DD54 D2=0 D3=1 D4=8402E80 D5=802180BC D6=842184BC D7=0 A0=3C0002 A1=108100 A2=F6DA2 A3=108F72 A4=30F12C0 A5=108000 A6=F6DAA PC=4298 -- 004298: move.b  ($1,A2), D7
D0=CD10 D1=DD54 D2=0 D3=1 D4=8402E80 D5=802180BC D6=842184BC D7=3 A0=3C0002 A1=108100 A2=F6DA2 A3=108F72 A4=30F12C0 A5=108000 A6=F6DAA PC=429C -- 00429C: subq.b  #1, D7
D0=CD10 D1=DD54 D2=0 D3=1 D4=8402E80 D5=802180BC D6=842184BC D7=2 A0=3C0002 A1=108100 A2=F6DA2 A3=108F72 A4=30F12C0 A5=108000 A6=F6DAA PC=429E -- 00429E: move.w  (A6)+, D2
D0=CD10 D1=DD54 D2=A000 D3=1 D4=8402E80 D5=802180BC D6=842184BC D7=2 A0=3C0002 A1=108100 A2=F6DA2 A3=108F72 A4=30F12C0 A5=108000 A6=F6DAC PC=42A0 -- 0042A0: move.w  D4, (-$2,A0)

   (loops for 10 instructions)

D0=CD10 D1=DD55 D2=8000 D3=1 D4=8402E80 D5=802180BC D6=842184BC D7=1 A0=3C0002 A1=108100 A2=F6DA2 A3=108F72 A4=30F12C0 A5=108000 A6=F6DAC PC=42B8 -- 0042B8: move.w  #$0, (A0)
D0=CD10 D1=DD55 D2=8000 D3=1 D4=8402E80 D5=802180BC D6=842184BC D7=1 A0=3C0002 A1=108100 A2=F6DA2 A3=108F72 A4=30F12C0 A5=108000 A6=F6DAC PC=42BC -- 0042BC: move.w  #$0, (A0)

   (loops for 9 instructions)

D0=CD10 D1=DD56 D2=0 D3=1 D4=8402E80 D5=802180BC D6=842184BC D7=FFFF A0=3C0002 A1=108100 A2=F6DA2 A3=108F72 A4=30F12C0 A5=108000 A6=F6DAC PC=42C4 -- 0042C4: bsr     $47c0
D0=CD10 D1=DD56 D2=0 D3=1 D4=8402E80 D5=802180BC D6=842184BC D7=FFFF A0=3C0002 A1=108100 A2=F6DA2 A3=108F72 A4=30F12C0 A5=108000 A6=F6DAC PC=47C0 -- 0047C0: tst.b   ($78f,A5)
D0=CD10 D1=DD56 D2=0 D3=1 D4=8402E80 D5=802180BC D6=842184BC D7=FFFF A0=3C0002 A1=108100 A2=F6DA2 A3=108F72 A4=30F12C0 A5=108000 A6=F6DAC PC=47C4 -- 0047C4: bpl     $47c8
D0=CD10 D1=DD56 D2=0 D3=1 D4=8402E80 D5=802180BC D6=842184BC D7=FFFF A0=3C0002 A1=108100 A2=F6DA2 A3=108F72 A4=30F12C0 A5=108000 A6=F6DAC PC=47C6 -- 0047C6: rts
D0=CD10 D1=DD56 D2=0 D3=1 D4=8402E80 D5=802180BC D6=842184BC D7=FFFF A0=3C0002 A1=108100 A2=F6DA2 A3=108F72 A4=30F12C0 A5=108000 A6=F6DAC PC=42C8 -- 0042C8: addi.w  #$40, D4
D0=CD10 D1=DD56 D2=0 D3=1 D4=8402EC0 D5=802180BC D6=842184BC D7=FFFF A0=3C0002 A1=108100 A2=F6DA2 A3=108F72 A4=30F12C0 A5=108000 A6=F6DAC PC=42CC -- 0042CC: dbra    D3, $4296

   (loops for 32 instructions)

D0=CD10 D1=DD58 D2=0 D3=FFFF D4=8402F00 D5=802180BC D6=842184BC D7=FFFF A0=3C0002 A1=108100 A2=F6DA2 A3=108F72 A4=30F12C0 A5=108000 A6=F6DAE PC=42D0 -- 0042D0: rts
D0=CD10 D1=DD58 D2=0 D3=FFFF D4=8402F00 D5=802180BC D6=842184BC D7=FFFF A0=3C0002 A1=108100 A2=F6DA2 A3=108F72 A4=30F12C0 A5=108000 A6=F6DAE PC=4016 -- 004016: bra     $401c
D0=CD10 D1=DD58 D2=0 D3=FFFF D4=8402F00 D5=802180BC D6=842184BC D7=FFFF A0=3C0002 A1=108100 A2=F6DA2 A3=108F72 A4=30F12C0 A5=108000 A6=F6DAE PC=401C -- 00401C: movea.l (A7)+, A6
D0=CD10 D1=DD58 D2=0 D3=FFFF D4=8402F00 D5=802180BC D6=842184BC D7=FFFF A0=3C0002 A1=108100 A2=F6DA2 A3=108F72 A4=30F12C0 A5=108000 A6=108E3C PC=401E -- 00401E: btst    #$5, ($4,A4)
D0=CD10 D1=DD58 D2=0 D3=FFFF D4=8402F00 D5=802180BC D6=842184BC D7=FFFF A0=3C0002 A1=108100 A2=F6DA2 A3=108F72 A4=30F12C0 A5=108000 A6=108E3C PC=4024 -- 004024: beq     $4056
D0=CD10 D1=DD58 D2=0 D3=FFFF D4=8402F00 D5=802180BC D6=842184BC D7=FFFF A0=3C0002 A1=108100 A2=F6DA2 A3=108F72 A4=30F12C0 A5=108000 A6=108E3C PC=4056 -- 004056: tst.b   ($7c,A1)
D0=CD10 D1=DD58 D2=0 D3=FFFF D4=8402F00 D5=802180BC D6=842184BC D7=FFFF A0=3C0002 A1=108100 A2=F6DA2 A3=108F72 A4=30F12C0 A5=108000 A6=108E3C PC=405A -- 00405A: bpl     $4064
D0=CD10 D1=DD58 D2=0 D3=FFFF D4=8402F00 D5=802180BC D6=842184BC D7=FFFF A0=3C0002 A1=108100 A2=F6DA2 A3=108F72 A4=30F12C0 A5=108000 A6=108E3C PC=4064 -- 004064: movea.l (A7)+, A0
D0=CD10 D1=DD58 D2=0 D3=FFFF D4=8402F00 D5=802180BC D6=842184BC D7=FFFF A0=108930 A1=108100 A2=F6DA2 A3=108F72 A4=30F12C0 A5=108000 A6=108E3C PC=4066 -- 004066: subq.w  #1, ($e3a,A5)
D0=CD10 D1=DD58 D2=0 D3=FFFF D4=8402F00 D5=802180BC D6=842184BC D7=FFFF A0=108930 A1=108100 A2=F6DA2 A3=108F72 A4=30F12C0 A5=108000 A6=108E3C PC=406A -- 00406A: bne     $3f32
D0=CD10 D1=DD58 D2=0 D3=FFFF D4=8402F00 D5=802180BC D6=842184BC D7=FFFF A0=108930 A1=108100 A2=F6DA2 A3=108F72 A4=30F12C0 A5=108000 A6=108E3C PC=3F32 -- 003F32: move.w  (A0)+, D0
D0=8300 D1=DD58 D2=0 D3=FFFF D4=8402F00 D5=802180BC D6=842184BC D7=FFFF A0=108932 A1=108100 A2=F6DA2 A3=108F72 A4=30F12C0 A5=108000 A6=108E3C PC=3F34 -- 003F34: beq     $3f32
D0=8300 D1=DD58 D2=0 D3=FFFF D4=8402F00 D5=802180BC D6=842184BC D7=FFFF A0=108932 A1=108100 A2=F6DA2 A3=108F72 A4=30F12C0 A5=108000 A6=108E3C PC=3F36 -- 003F36: clr.w   (-$2,A0)
D0=8300 D1=DD58 D2=0 D3=FFFF D4=8402F00 D5=802180BC D6=842184BC D7=FFFF A0=108932 A1=108100 A2=F6DA2 A3=108F72 A4=30F12C0 A5=108000 A6=108E3C PC=3F3A -- 003F3A: move.l  A5, D1
D0=8300 D1=108000 D2=0 D3=FFFF D4=8402F00 D5=802180BC D6=842184BC D7=FFFF A0=108932 A1=108100 A2=F6DA2 A3=108F72 A4=30F12C0 A5=108000 A6=108E3C PC=3F3C -- 003F3C: move.w  D0, D1
D0=8300 D1=108300 D2=0 D3=FFFF D4=8402F00 D5=802180BC D6=842184BC D7=FFFF A0=108932 A1=108100 A2=F6DA2 A3=108F72 A4=30F12C0 A5=108000 A6=108E3C PC=3F3E -- 003F3E: movea.l D1, A1
D0=8300 D1=108300 D2=0 D3=FFFF D4=8402F00 D5=802180BC D6=842184BC D7=FFFF A0=108932 A1=108300 A2=F6DA2 A3=108F72 A4=30F12C0 A5=108000 A6=108E3C PC=3F40 -- 003F40: movea.l ($28,A1), A2
D0=8300 D1=108300 D2=0 D3=FFFF D4=8402F00 D5=802180BC D6=842184BC D7=FFFF A0=108932 A1=108300 A2=F703C A3=108F72 A4=30F12C0 A5=108000 A6=108E3C PC=3F44 -- 003F44: lea     $7bf48.l, A4
D0=8300 D1=108300 D2=0 D3=FFFF D4=8402F00 D5=802180BC D6=842184BC D7=FFFF A0=108932 A1=108300 A2=F703C A3=108F72 A4=7BF48 A5=108000 A6=108E3C PC=3F4A -- 003F4A: move.w  ($70,A1), D0
D0=1B D1=108300 D2=0 D3=FFFF D4=8402F00 D5=802180BC D6=842184BC D7=FFFF A0=108932 A1=108300 A2=F703C A3=108F72 A4=7BF48 A5=108000 A6=108E3C PC=3F4E -- 003F4E: add.w   D0, D0
D0=36 D1=108300 D2=0 D3=FFFF D4=8402F00 D5=802180BC D6=842184BC D7=FFFF A0=108932 A1=108300 A2=F703C A3=108F72 A4=7BF48 A5=108000 A6=108E3C PC=3F50 -- 003F50: add.w   D0, D0
D0=6C D1=108300 D2=0 D3=FFFF D4=8402F00 D5=802180BC D6=842184BC D7=FFFF A0=108932 A1=108300 A2=F703C A3=108F72 A4=7BF48 A5=108000 A6=108E3C PC=3F52 -- 003F52: movea.l (A4,D0.w), A4
D0=6C D1=108300 D2=0 D3=FFFF D4=8402F00 D5=802180BC D6=842184BC D7=FFFF A0=108932 A1=108300 A2=F703C A3=108F72 A4=7F5E0 A5=108000 A6=108E3C PC=3F56 -- 003F56: move.w  ($72,A1), D0
D0=4A D1=108300 D2=0 D3=FFFF D4=8402F00 D5=802180BC D6=842184BC D7=FFFF A0=108932 A1=108300 A2=F703C A3=108F72 A4=7F5E0 A5=108000 A6=108E3C PC=3F5A -- 003F5A: add.w   D0, D0
D0=94 D1=108300 D2=0 D3=FFFF D4=8402F00 D5=802180BC D6=842184BC D7=FFFF A0=108932 A1=108300 A2=F703C A3=108F72 A4=7F5E0 A5=108000 A6=108E3C PC=3F5C -- 003F5C: move.w  (A4,D0.w), ($46de,A5)
D0=94 D1=108300 D2=0 D3=FFFF D4=8402F00 D5=802180BC D6=842184BC D7=FFFF A0=108932 A1=108300 A2=F703C A3=108F72 A4=7F5E0 A5=108000 A6=108E3C PC=3F62 -- 003F62: lea     $80000.l, A4
D0=94 D1=108300 D2=0 D3=FFFF D4=8402F00 D5=802180BC D6=842184BC D7=FFFF A0=108932 A1=108300 A2=F703C A3=108F72 A4=80000 A5=108000 A6=108E3C PC=3F68 -- 003F68: move.w  ($70,A1), D0
D0=1B D1=108300 D2=0 D3=FFFF D4=8402F00 D5=802180BC D6=842184BC D7=FFFF A0=108932 A1=108300 A2=F703C A3=108F72 A4=80000 A5=108000 A6=108E3C PC=3F6C -- 003F6C: add.w   D0, D0
D0=36 D1=108300 D2=0 D3=FFFF D4=8402F00 D5=802180BC D6=842184BC D7=FFFF A0=108932 A1=108300 A2=F703C A3=108F72 A4=80000 A5=108000 A6=108E3C PC=3F6E -- 003F6E: add.w   D0, D0
D0=6C D1=108300 D2=0 D3=FFFF D4=8402F00 D5=802180BC D6=842184BC D7=FFFF A0=108932 A1=108300 A2=F703C A3=108F72 A4=80000 A5=108000 A6=108E3C PC=3F70 -- 003F70: movea.l (A4,D0.w), A4
D0=6C D1=108300 D2=0 D3=FFFF D4=8402F00 D5=802180BC D6=842184BC D7=FFFF A0=108932 A1=108300 A2=F703C A3=108F72 A4=86E00 A5=108000 A6=108E3C PC=3F74 -- 003F74: move.w  ($46de,A5), D0
D0=4A4A D1=108300 D2=0 D3=FFFF D4=8402F00 D5=802180BC D6=842184BC D7=FFFF A0=108932 A1=108300 A2=F703C A3=108F72 A4=86E00 A5=108000 A6=108E3C PC=3F78 -- 003F78: tst.b   ($46e2,A5)
D0=4A4A D1=108300 D2=0 D3=FFFF D4=8402F00 D5=802180BC D6=842184BC D7=FFFF A0=108932 A1=108300 A2=F703C A3=108F72 A4=86E00 A5=108000 A6=108E3C PC=3F7C -- 003F7C: beq     $3f82
D0=4A4A D1=108300 D2=0 D3=FFFF D4=8402F00 D5=802180BC D6=842184BC D7=FFFF A0=108932 A1=108300 A2=F703C A3=108F72 A4=86E00 A5=108000 A6=108E3C PC=3F82 -- 003F82: andi.w  #$ff, D0
D0=4A D1=108300 D2=0 D3=FFFF D4=8402F00 D5=802180BC D6=842184BC D7=FFFF A0=108932 A1=108300 A2=F703C A3=108F72 A4=86E00 A5=108000 A6=108E3C PC=3F86 -- 003F86: add.w   D0, D0
D0=94 D1=108300 D2=0 D3=FFFF D4=8402F00 D5=802180BC D6=842184BC D7=FFFF A0=108932 A1=108300 A2=F703C A3=108F72 A4=86E00 A5=108000 A6=108E3C PC=3F88 -- 003F88: add.w   D0, D0
D0=128 D1=108300 D2=0 D3=FFFF D4=8402F00 D5=802180BC D6=842184BC D7=FFFF A0=108932 A1=108300 A2=F703C A3=108F72 A4=86E00 A5=108000 A6=108E3C PC=3F8A -- 003F8A: movea.l (A4,D0.w), A4
D0=128 D1=108300 D2=0 D3=FFFF D4=8402F00 D5=802180BC D6=842184BC D7=FFFF A0=108932 A1=108300 A2=F703C A3=108F72 A4=F31E4 A5=108000 A6=108E3C PC=3F8E -- 003F8E: move.w  ($74,A1), D0
D0=0 D1=108300 D2=0 D3=FFFF D4=8402F00 D5=802180BC D6=842184BC D7=FFFF A0=108932 A1=108300 A2=F703C A3=108F72 A4=F31E4 A5=108000 A6=108E3C PC=3F92 -- 003F92: adda.w  D0, A4
D0=0 D1=108300 D2=0 D3=FFFF D4=8402F00 D5=802180BC D6=842184BC D7=FFFF A0=108932 A1=108300 A2=F703C A3=108F72 A4=F31E4 A5=108000 A6=108E3C PC=3F94 -- 003F94: move.l  (A4), D0
D0=10F104A D1=108300 D2=0 D3=FFFF D4=8402F00 D5=802180BC D6=842184BC D7=FFFF A0=108932 A1=108300 A2=F703C A3=108F72 A4=F31E4 A5=108000 A6=108E3C PC=3F96 -- 003F96: movea.l D0, A4
D0=10F104A D1=108300 D2=0 D3=FFFF D4=8402F00 D5=802180BC D6=842184BC D7=FFFF A0=108932 A1=108300 A2=F703C A3=108F72 A4=10F104A A5=108000 A6=108E3C PC=3F98 -- 003F98: move.l  A0, -(A7)
D0=10F104A D1=108300 D2=0 D3=FFFF D4=8402F00 D5=802180BC D6=842184BC D7=FFFF A0=108932 A1=108300 A2=F703C A3=108F72 A4=10F104A A5=108000 A6=108E3C PC=3F9A -- 003F9A: lea     $3c0002.l, A0
D0=10F104A D1=108300 D2=0 D3=FFFF D4=8402F00 D5=802180BC D6=842184BC D7=FFFF A0=3C0002 A1=108300 A2=F703C A3=108F72 A4=10F104A A5=108000 A6=108E3C PC=3FA0 -- 003FA0: tst.b   ($7c,A1)
D0=10F104A D1=108300 D2=0 D3=FFFF D4=8402F00 D5=802180BC D6=842184BC D7=FFFF A0=3C0002 A1=108300 A2=F703C A3=108F72 A4=10F104A A5=108000 A6=108E3C PC=3FA4 -- 003FA4: bpl     $3fc0
D0=10F104A D1=108300 D2=0 D3=FFFF D4=8402F00 D5=802180BC D6=842184BC D7=FFFF A0=3C0002 A1=108300 A2=F703C A3=108F72 A4=10F104A A5=108000 A6=108E3C PC=3FC0 -- 003FC0: moveq   #$0, D0
D0=0 D1=108300 D2=0 D3=FFFF D4=8402F00 D5=802180BC D6=842184BC D7=FFFF A0=3C0002 A1=108300 A2=F703C A3=108F72 A4=10F104A A5=108000 A6=108E3C PC=3FC2 -- 003FC2: move.b  (A2), D0
D0=3 D1=108300 D2=0 D3=FFFF D4=8402F00 D5=802180BC D6=842184BC D7=FFFF A0=3C0002 A1=108300 A2=F703C A3=108F72 A4=10F104A A5=108000 A6=108E3C PC=3FC4 -- 003FC4: sub.w   D0, ($794,A5)
D0=3 D1=108300 D2=0 D3=FFFF D4=8402F00 D5=802180BC D6=842184BC D7=FFFF A0=3C0002 A1=108300 A2=F703C A3=108F72 A4=10F104A A5=108000 A6=108E3C PC=3FC8 -- 003FC8: bcc     $3fd2
D0=3 D1=108300 D2=0 D3=FFFF D4=8402F00 D5=802180BC D6=842184BC D7=FFFF A0=3C0002 A1=108300 A2=F703C A3=108F72 A4=10F104A A5=108000 A6=108E3C PC=3FD2 -- 003FD2: move.l  A6, -(A7)
D0=3 D1=108300 D2=0 D3=FFFF D4=8402F00 D5=802180BC D6=842184BC D7=FFFF A0=3C0002 A1=108300 A2=F703C A3=108F72 A4=10F104A A5=108000 A6=108E3C PC=3FD4 -- 003FD4: btst    #$6, ($7c,A1)
D0=3 D1=108300 D2=0 D3=FFFF D4=8402F00 D5=802180BC D6=842184BC D7=FFFF A0=3C0002 A1=108300 A2=F703C A3=108F72 A4=10F104A A5=108000 A6=108E3C PC=3FDA -- 003FDA: bne     $400c
D0=3 D1=108300 D2=0 D3=FFFF D4=8402F00 D5=802180BC D6=842184BC D7=FFFF A0=3C0002 A1=108300 A2=F703C A3=108F72 A4=10F104A A5=108000 A6=108E3C PC=3FDE -- 003FDE: moveq   #$0, D1
D0=3 D1=0 D2=0 D3=FFFF D4=8402F00 D5=802180BC D6=842184BC D7=FFFF A0=3C0002 A1=108300 A2=F703C A3=108F72 A4=10F104A A5=108000 A6=108E3C PC=3FE0 -- 003FE0: move.b  ($82,A1), D1
D0=3 D1=0 D2=0 D3=FFFF D4=8402F00 D5=802180BC D6=842184BC D7=FFFF A0=3C0002 A1=108300 A2=F703C A3=108F72 A4=10F104A A5=108000 A6=108E3C PC=3FE4 -- 003FE4: add.w   D1, D1
D0=3 D1=0 D2=0 D3=FFFF D4=8402F00 D5=802180BC D6=842184BC D7=FFFF A0=3C0002 A1=108300 A2=F703C A3=108F72 A4=10F104A A5=108000 A6=108E3C PC=3FE6 -- 003FE6: add.w   D1, D1
D0=3 D1=0 D2=0 D3=FFFF D4=8402F00 D5=802180BC D6=842184BC D7=FFFF A0=3C0002 A1=108300 A2=F703C A3=108F72 A4=10F104A A5=108000 A6=108E3C PC=3FE8 -- 003FE8: move.w  ($18,A1), D0
D0=110 D1=0 D2=0 D3=FFFF D4=8402F00 D5=802180BC D6=842184BC D7=FFFF A0=3C0002 A1=108300 A2=F703C A3=108F72 A4=10F104A A5=108000 A6=108E3C PC=3FEC -- 003FEC: lea     ($104c,A5), A6
D0=110 D1=0 D2=0 D3=FFFF D4=8402F00 D5=802180BC D6=842184BC D7=FFFF A0=3C0002 A1=108300 A2=F703C A3=108F72 A4=10F104A A5=108000 A6=10904C PC=3FF0 -- 003FF0: sub.w   (A6,D1.w), D0
D0=110 D1=0 D2=0 D3=FFFF D4=8402F00 D5=802180BC D6=842184BC D7=FFFF A0=3C0002 A1=108300 A2=F703C A3=108F72 A4=10F104A A5=108000 A6=10904C PC=3FF4 -- 003FF4: move.w  D0, ($24,A1)
D0=110 D1=0 D2=0 D3=FFFF D4=8402F00 D5=802180BC D6=842184BC D7=FFFF A0=3C0002 A1=108300 A2=F703C A3=108F72 A4=10F104A A5=108000 A6=10904C PC=3FF8 -- 003FF8: move.w  ($1c,A1), D0
D0=CB D1=0 D2=0 D3=FFFF D4=8402F00 D5=802180BC D6=842184BC D7=FFFF A0=3C0002 A1=108300 A2=F703C A3=108F72 A4=10F104A A5=108000 A6=10904C PC=3FFC -- 003FFC: sub.w   ($20,A1), D0
D0=CB D1=0 D2=0 D3=FFFF D4=8402F00 D5=802180BC D6=842184BC D7=FFFF A0=3C0002 A1=108300 A2=F703C A3=108F72 A4=10F104A A5=108000 A6=10904C PC=4000 -- 004000: lea     ($1058,A5), A6
D0=CB D1=0 D2=0 D3=FFFF D4=8402F00 D5=802180BC D6=842184BC D7=FFFF A0=3C0002 A1=108300 A2=F703C A3=108F72 A4=10F104A A5=108000 A6=109058 PC=4004 -- 004004: sub.w   (A6,D1.w), D0
D0=CB D1=0 D2=0 D3=FFFF D4=8402F00 D5=802180BC D6=842184BC D7=FFFF A0=3C0002 A1=108300 A2=F703C A3=108F72 A4=10F104A A5=108000 A6=109058 PC=4008 -- 004008: move.w  D0, ($26,A1)
D0=CB D1=0 D2=0 D3=FFFF D4=8402F00 D5=802180BC D6=842184BC D7=FFFF A0=3C0002 A1=108300 A2=F703C A3=108F72 A4=10F104A A5=108000 A6=109058 PC=400C -- 00400C: tst.b   ($3a66,A5)
D0=CB D1=0 D2=0 D3=FFFF D4=8402F00 D5=802180BC D6=842184BC D7=FFFF A0=3C0002 A1=108300 A2=F703C A3=108F72 A4=10F104A A5=108000 A6=109058 PC=4010 -- 004010: bmi     $4018
D0=CB D1=0 D2=0 D3=FFFF D4=8402F00 D5=802180BC D6=842184BC D7=FFFF A0=3C0002 A1=108300 A2=F703C A3=108F72 A4=10F104A A5=108000 A6=109058 PC=4012 -- 004012: bsr     $4088
D0=CB D1=0 D2=0 D3=FFFF D4=8402F00 D5=802180BC D6=842184BC D7=FFFF A0=3C0002 A1=108300 A2=F703C A3=108F72 A4=10F104A A5=108000 A6=109058 PC=4088 -- 004088: move.w  (A4), D0
D0=FFE8 D1=0 D2=0 D3=FFFF D4=8402F00 D5=802180BC D6=842184BC D7=FFFF A0=3C0002 A1=108300 A2=F703C A3=108F72 A4=10F104A A5=108000 A6=109058 PC=408A -- 00408A: move.b  ($31,A1), D1
D0=FFE8 D1=0 D2=0 D3=FFFF D4=8402F00 D5=802180BC D6=842184BC D7=FFFF A0=3C0002 A1=108300 A2=F703C A3=108F72 A4=10F104A A5=108000 A6=109058 PC=408E -- 00408E: move.b  ($4,A4), D2
D0=FFE8 D1=0 D2=0 D3=FFFF D4=8402F00 D5=802180BC D6=842184BC D7=FFFF A0=3C0002 A1=108300 A2=F703C A3=108F72 A4=10F104A A5=108000 A6=109058 PC=4092 -- 004092: rol.b   #2, D2
D0=FFE8 D1=0 D2=0 D3=FFFF D4=8402F00 D5=802180BC D6=842184BC D7=FFFF A0=3C0002 A1=108300 A2=F703C A3=108F72 A4=10F104A A5=108000 A6=109058 PC=4094 -- 004094: eor.w   D2, D1
D0=FFE8 D1=0 D2=0 D3=FFFF D4=8402F00 D5=802180BC D6=842184BC D7=FFFF A0=3C0002 A1=108300 A2=F703C A3=108F72 A4=10F104A A5=108000 A6=109058 PC=4096 -- 004096: andi.w  #$3, D1
D0=FFE8 D1=0 D2=0 D3=FFFF D4=8402F00 D5=802180BC D6=842184BC D7=FFFF A0=3C0002 A1=108300 A2=F703C A3=108F72 A4=10F104A A5=108000 A6=109058 PC=409A -- 00409A: move.w  D1, ($790,A5)
D0=FFE8 D1=0 D2=0 D3=FFFF D4=8402F00 D5=802180BC D6=842184BC D7=FFFF A0=3C0002 A1=108300 A2=F703C A3=108F72 A4=10F104A A5=108000 A6=109058 PC=409E -- 00409E: andi.w  #$1, D1
D0=FFE8 D1=0 D2=0 D3=FFFF D4=8402F00 D5=802180BC D6=842184BC D7=FFFF A0=3C0002 A1=108300 A2=F703C A3=108F72 A4=10F104A A5=108000 A6=109058 PC=40A2 -- 0040A2: beq     $40ae
D0=FFE8 D1=0 D2=0 D3=FFFF D4=8402F00 D5=802180BC D6=842184BC D7=FFFF A0=3C0002 A1=108300 A2=F703C A3=108F72 A4=10F104A A5=108000 A6=109058 PC=40AE -- 0040AE: moveq   #$0, D1
D0=FFE8 D1=0 D2=0 D3=FFFF D4=8402F00 D5=802180BC D6=842184BC D7=FFFF A0=3C0002 A1=108300 A2=F703C A3=108F72 A4=10F104A A5=108000 A6=109058 PC=40B0 -- 0040B0: move.b  ($68,A1), D1
D0=FFE8 D1=FF D2=0 D3=FFFF D4=8402F00 D5=802180BC D6=842184BC D7=FFFF A0=3C0002 A1=108300 A2=F703C A3=108F72 A4=10F104A A5=108000 A6=109058 PC=40B4 -- 0040B4: addq.w  #1, D1
D0=FFE8 D1=100 D2=0 D3=FFFF D4=8402F00 D5=802180BC D6=842184BC D7=FFFF A0=3C0002 A1=108300 A2=F703C A3=108F72 A4=10F104A A5=108000 A6=109058 PC=40B6 -- 0040B6: muls.w  D1, D0
D0=FFFFE800 D1=100 D2=0 D3=FFFF D4=8402F00 D5=802180BC D6=842184BC D7=FFFF A0=3C0002 A1=108300 A2=F703C A3=108F72 A4=10F104A A5=108000 A6=109058 PC=40B8 -- 0040B8: lsr.l   #8, D0
D0=FFFFE8 D1=100 D2=0 D3=FFFF D4=8402F00 D5=802180BC D6=842184BC D7=FFFF A0=3C0002 A1=108300 A2=F703C A3=108F72 A4=10F104A A5=108000 A6=109058 PC=40BA -- 0040BA: add.w   ($24,A1), D0
D0=FF00F8 D1=100 D2=0 D3=FFFF D4=8402F00 D5=802180BC D6=842184BC D7=FFFF A0=3C0002 A1=108300 A2=F703C A3=108F72 A4=10F104A A5=108000 A6=109058 PC=40BE -- 0040BE: lsl.w   #7, D0
D0=FF7C00 D1=100 D2=0 D3=FFFF D4=8402F00 D5=802180BC D6=842184BC D7=FFFF A0=3C0002 A1=108300 A2=F703C A3=108F72 A4=10F104A A5=108000 A6=109058 PC=40C0 -- 0040C0: move.w  D6, (-$2,A0)
D0=FF7C00 D1=100 D2=0 D3=FFFF D4=8402F00 D5=802180BC D6=842184BC D7=FFFF A0=3C0002 A1=108300 A2=F703C A3=108F72 A4=10F104A A5=108000 A6=109058 PC=40C4 -- 0040C4: move.w  D0, (A0)
D0=FF7C00 D1=100 D2=0 D3=FFFF D4=8402F00 D5=802180BC D6=842184BC D7=FFFF A0=3C0002 A1=108300 A2=F703C A3=108F72 A4=10F104A A5=108000 A6=109058 PC=40C6 -- 0040C6: moveq   #$0, D0
D0=0 D1=100 D2=0 D3=FFFF D4=8402F00 D5=802180BC D6=842184BC D7=FFFF A0=3C0002 A1=108300 A2=F703C A3=108F72 A4=10F104A A5=108000 A6=109058 PC=40C8 -- 0040C8: move.b  (A2), D0
D0=3 D1=100 D2=0 D3=FFFF D4=8402F00 D5=802180BC D6=842184BC D7=FFFF A0=3C0002 A1=108300 A2=F703C A3=108F72 A4=10F104A A5=108000 A6=109058 PC=40CA -- 0040CA: add.w   D0, D6
D0=3 D1=100 D2=0 D3=FFFF D4=8402F00 D5=802180BC D6=842184BF D7=FFFF A0=3C0002 A1=108300 A2=F703C A3=108F72 A4=10F104A A5=108000 A6=109058 PC=40CC -- 0040CC: move.w  ($2,A4), D0
D0=FFEA D1=100 D2=0 D3=FFFF D4=8402F00 D5=802180BC D6=842184BF D7=FFFF A0=3C0002 A1=108300 A2=F703C A3=108F72 A4=10F104A A5=108000 A6=109058 PC=40D0 -- 0040D0: btst    #$1, ($791,A5)
D0=FFEA D1=100 D2=0 D3=FFFF D4=8402F00 D5=802180BC D6=842184BF D7=FFFF A0=3C0002 A1=108300 A2=F703C A3=108F72 A4=10F104A A5=108000 A6=109058 PC=40D6 -- 0040D6: beq     $40e4
D0=FFEA D1=100 D2=0 D3=FFFF D4=8402F00 D5=802180BC D6=842184BF D7=FFFF A0=3C0002 A1=108300 A2=F703C A3=108F72 A4=10F104A A5=108000 A6=109058 PC=40E4 -- 0040E4: moveq   #$0, D1
D0=FFEA D1=0 D2=0 D3=FFFF D4=8402F00 D5=802180BC D6=842184BF D7=FFFF A0=3C0002 A1=108300 A2=F703C A3=108F72 A4=10F104A A5=108000 A6=109058 PC=40E6 -- 0040E6: move.b  ($69,A1), D1
D0=FFEA D1=FF D2=0 D3=FFFF D4=8402F00 D5=802180BC D6=842184BF D7=FFFF A0=3C0002 A1=108300 A2=F703C A3=108F72 A4=10F104A A5=108000 A6=109058 PC=40EA -- 0040EA: addq.w  #1, D1
D0=FFEA D1=100 D2=0 D3=FFFF D4=8402F00 D5=802180BC D6=842184BF D7=FFFF A0=3C0002 A1=108300 A2=F703C A3=108F72 A4=10F104A A5=108000 A6=109058 PC=40EC -- 0040EC: muls.w  D1, D0
D0=FFFFEA00 D1=100 D2=0 D3=FFFF D4=8402F00 D5=802180BC D6=842184BF D7=FFFF A0=3C0002 A1=108300 A2=F703C A3=108F72 A4=10F104A A5=108000 A6=109058 PC=40EE -- 0040EE: lsr.l   #8, D0
D0=FFFFEA D1=100 D2=0 D3=FFFF D4=8402F00 D5=802180BC D6=842184BF D7=FFFF A0=3C0002 A1=108300 A2=F703C A3=108F72 A4=10F104A A5=108000 A6=109058 PC=40F0 -- 0040F0: add.w   ($26,A1), D0
D0=FF00B5 D1=100 D2=0 D3=FFFF D4=8402F00 D5=802180BC D6=842184BF D7=FFFF A0=3C0002 A1=108300 A2=F703C A3=108F72 A4=10F104A A5=108000 A6=109058 PC=40F4 -- 0040F4: neg.w   D0
D0=FFFF4B D1=100 D2=0 D3=FFFF D4=8402F00 D5=802180BC D6=842184BF D7=FFFF A0=3C0002 A1=108300 A2=F703C A3=108F72 A4=10F104A A5=108000 A6=109058 PC=40F6 -- 0040F6: addi.w  #$1ff, D0
D0=FF014A D1=100 D2=0 D3=FFFF D4=8402F00 D5=802180BC D6=842184BF D7=FFFF A0=3C0002 A1=108300 A2=F703C A3=108F72 A4=10F104A A5=108000 A6=109058 PC=40FA -- 0040FA: lsl.w   #7, D0
D0=FFA500 D1=100 D2=0 D3=FFFF D4=8402F00 D5=802180BC D6=842184BF D7=FFFF A0=3C0002 A1=108300 A2=F703C A3=108F72 A4=10F104A A5=108000 A6=109058 PC=40FC -- 0040FC: bsr     $4772
D0=FFA500 D1=100 D2=0 D3=FFFF D4=8402F00 D5=802180BC D6=842184BF D7=FFFF A0=3C0002 A1=108300 A2=F703C A3=108F72 A4=10F104A A5=108000 A6=109058 PC=4772 -- 004772: move.w  D0, -(A7)
D0=FFA500 D1=100 D2=0 D3=FFFF D4=8402F00 D5=802180BC D6=842184BF D7=FFFF A0=3C0002 A1=108300 A2=F703C A3=108F72 A4=10F104A A5=108000 A6=109058 PC=4774 -- 004774: moveq   #-$1, D0
D0=FFFFFFFF D1=100 D2=0 D3=FFFF D4=8402F00 D5=802180BC D6=842184BF D7=FFFF A0=3C0002 A1=108300 A2=F703C A3=108F72 A4=10F104A A5=108000 A6=109058 PC=4776 -- 004776: moveq   #$0, D1
D0=FFFFFFFF D1=0 D2=0 D3=FFFF D4=8402F00 D5=802180BC D6=842184BF D7=FFFF A0=3C0002 A1=108300 A2=F703C A3=108F72 A4=10F104A A5=108000 A6=109058 PC=4778 -- 004778: move.b  ($1,A2), D1
D0=FFFFFFFF D1=3 D2=0 D3=FFFF D4=8402F00 D5=802180BC D6=842184BF D7=FFFF A0=3C0002 A1=108300 A2=F703C A3=108F72 A4=10F104A A5=108000 A6=109058 PC=477C -- 00477C: cmpi.b  #-$1, ($69,A1)
D0=FFFFFFFF D1=3 D2=0 D3=FFFF D4=8402F00 D5=802180BC D6=842184BF D7=FFFF A0=3C0002 A1=108300 A2=F703C A3=108F72 A4=10F104A A5=108000 A6=109058 PC=4782 -- 004782: beq     $47b4
D0=FFFFFFFF D1=3 D2=0 D3=FFFF D4=8402F00 D5=802180BC D6=842184BF D7=FFFF A0=3C0002 A1=108300 A2=F703C A3=108F72 A4=10F104A A5=108000 A6=109058 PC=47B4 -- 0047B4: move.b  D0, ($78f,A5)
D0=FFFFFFFF D1=3 D2=0 D3=FFFF D4=8402F00 D5=802180BC D6=842184BF D7=FFFF A0=3C0002 A1=108300 A2=F703C A3=108F72 A4=10F104A A5=108000 A6=109058 PC=47B8 -- 0047B8: move.b  D1, ($78e,A5)
D0=FFFFFFFF D1=3 D2=0 D3=FFFF D4=8402F00 D5=802180BC D6=842184BF D7=FFFF A0=3C0002 A1=108300 A2=F703C A3=108F72 A4=10F104A A5=108000 A6=109058 PC=47BC -- 0047BC: move.w  (A7)+, D0
D0=FFFFA500 D1=3 D2=0 D3=FFFF D4=8402F00 D5=802180BC D6=842184BF D7=FFFF A0=3C0002 A1=108300 A2=F703C A3=108F72 A4=10F104A A5=108000 A6=109058 PC=47BE -- 0047BE: rts
D0=FFFFA500 D1=3 D2=0 D3=FFFF D4=8402F00 D5=802180BC D6=842184BF D7=FFFF A0=3C0002 A1=108300 A2=F703C A3=108F72 A4=10F104A A5=108000 A6=109058 PC=4100 -- 004100: add.b   ($78e,A5), D0
D0=FFFFA503 D1=3 D2=0 D3=FFFF D4=8402F00 D5=802180BC D6=842184BF D7=FFFF A0=3C0002 A1=108300 A2=F703C A3=108F72 A4=10F104A A5=108000 A6=109058 PC=4104 -- 004104: move.w  D0, (A3)+
D0=FFFFA503 D1=3 D2=0 D3=FFFF D4=8402F00 D5=802180BC D6=842184BF D7=FFFF A0=3C0002 A1=108300 A2=F703C A3=108F74 A4=10F104A A5=108000 A6=109058 PC=4106 -- 004106: moveq   #$0, D0
D0=0 D1=3 D2=0 D3=FFFF D4=8402F00 D5=802180BC D6=842184BF D7=FFFF A0=3C0002 A1=108300 A2=F703C A3=108F74 A4=10F104A A5=108000 A6=109058 PC=4108 -- 004108: move.b  (A2), D0
D0=3 D1=3 D2=0 D3=FFFF D4=8402F00 D5=802180BC D6=842184BF D7=FFFF A0=3C0002 A1=108300 A2=F703C A3=108F74 A4=10F104A A5=108000 A6=109058 PC=410A -- 00410A: subq.b  #2, D0
D0=1 D1=3 D2=0 D3=FFFF D4=8402F00 D5=802180BC D6=842184BF D7=FFFF A0=3C0002 A1=108300 A2=F703C A3=108F74 A4=10F104A A5=108000 A6=109058 PC=410C -- 00410C: bmi     $4118
D0=1 D1=3 D2=0 D3=FFFF D4=8402F00 D5=802180BC D6=842184BF D7=FFFF A0=3C0002 A1=108300 A2=F703C A3=108F74 A4=10F104A A5=108000 A6=109058 PC=410E -- 00410E: move.w  #$40, D1
D0=1 D1=40 D2=0 D3=FFFF D4=8402F00 D5=802180BC D6=842184BF D7=FFFF A0=3C0002 A1=108300 A2=F703C A3=108F74 A4=10F104A A5=108000 A6=109058 PC=4112 -- 004112: move.w  D1, (A3)+
D0=1 D1=40 D2=0 D3=FFFF D4=8402F00 D5=802180BC D6=842184BF D7=FFFF A0=3C0002 A1=108300 A2=F703C A3=108F76 A4=10F104A A5=108000 A6=109058 PC=4114 -- 004114: dbra    D0, $4112
D0=0 D1=40 D2=0 D3=FFFF D4=8402F00 D5=802180BC D6=842184BF D7=FFFF A0=3C0002 A1=108300 A2=F703C A3=108F76 A4=10F104A A5=108000 A6=109058 PC=4112 -- 004112: move.w  D1, (A3)+
D0=0 D1=40 D2=0 D3=FFFF D4=8402F00 D5=802180BC D6=842184BF D7=FFFF A0=3C0002 A1=108300 A2=F703C A3=108F78 A4=10F104A A5=108000 A6=109058 PC=4114 -- 004114: dbra    D0, $4112
D0=FFFF D1=40 D2=0 D3=FFFF D4=8402F00 D5=802180BC D6=842184BF D7=FFFF A0=3C0002 A1=108300 A2=F703C A3=108F78 A4=10F104A A5=108000 A6=109058 PC=4118 -- 004118: move.w  #$1, ($2,A0)
D0=FFFF D1=40 D2=0 D3=FFFF D4=8402F00 D5=802180BC D6=842184BF D7=FFFF A0=3C0002 A1=108300 A2=F703C A3=108F78 A4=10F104A A5=108000 A6=109058 PC=411E -- 00411E: move.w  D5, (-$2,A0)
D0=FFFF D1=40 D2=0 D3=FFFF D4=8402F00 D5=802180BC D6=842184BF D7=FFFF A0=3C0002 A1=108300 A2=F703C A3=108F78 A4=10F104A A5=108000 A6=109058 PC=4122 -- 004122: moveq   #$0, D1
D0=FFFF D1=0 D2=0 D3=FFFF D4=8402F00 D5=802180BC D6=842184BF D7=FFFF A0=3C0002 A1=108300 A2=F703C A3=108F78 A4=10F104A A5=108000 A6=109058 PC=4124 -- 004124: move.b  ($68,A1), D0
D0=FFFF D1=0 D2=0 D3=FFFF D4=8402F00 D5=802180BC D6=842184BF D7=FFFF A0=3C0002 A1=108300 A2=F703C A3=108F78 A4=10F104A A5=108000 A6=109058 PC=4128 -- 004128: move.b  D0, D1
D0=FFFF D1=FF D2=0 D3=FFFF D4=8402F00 D5=802180BC D6=842184BF D7=FFFF A0=3C0002 A1=108300 A2=F703C A3=108F78 A4=10F104A A5=108000 A6=109058 PC=412A -- 00412A: andi.w  #$f, D0
D0=F D1=FF D2=0 D3=FFFF D4=8402F00 D5=802180BC D6=842184BF D7=FFFF A0=3C0002 A1=108300 A2=F703C A3=108F78 A4=10F104A A5=108000 A6=109058 PC=412E -- 00412E: lsr.b   #4, D1
D0=F D1=F D2=0 D3=FFFF D4=8402F00 D5=802180BC D6=842184BF D7=FFFF A0=3C0002 A1=108300 A2=F703C A3=108F78 A4=10F104A A5=108000 A6=109058 PC=4130 -- 004130: tst.b   D1
D0=F D1=F D2=0 D3=FFFF D4=8402F00 D5=802180BC D6=842184BF D7=FFFF A0=3C0002 A1=108300 A2=F703C A3=108F78 A4=10F104A A5=108000 A6=109058 PC=4132 -- 004132: beq     $4164
D0=F D1=F D2=0 D3=FFFF D4=8402F00 D5=802180BC D6=842184BF D7=FFFF A0=3C0002 A1=108300 A2=F703C A3=108F78 A4=10F104A A5=108000 A6=109058 PC=4134 -- 004134: lea     $4f9d2.l, A6
D0=F D1=F D2=0 D3=FFFF D4=8402F00 D5=802180BC D6=842184BF D7=FFFF A0=3C0002 A1=108300 A2=F703C A3=108F78 A4=10F104A A5=108000 A6=4F9D2 PC=413A -- 00413A: lsl.w   #5, D0
D0=1E0 D1=F D2=0 D3=FFFF D4=8402F00 D5=802180BC D6=842184BF D7=FFFF A0=3C0002 A1=108300 A2=F703C A3=108F78 A4=10F104A A5=108000 A6=4F9D2 PC=413C -- 00413C: adda.w  D0, A6
D0=1E0 D1=F D2=0 D3=FFFF D4=8402F00 D5=802180BC D6=842184BF D7=FFFF A0=3C0002 A1=108300 A2=F703C A3=108F78 A4=10F104A A5=108000 A6=4FBB2 PC=413E -- 00413E: moveq   #$f, D0
D0=F D1=F D2=0 D3=FFFF D4=8402F00 D5=802180BC D6=842184BF D7=FFFF A0=3C0002 A1=108300 A2=F703C A3=108F78 A4=10F104A A5=108000 A6=4FBB2 PC=4140 -- 004140: moveq   #$0, D2
D0=F D1=F D2=0 D3=FFFF D4=8402F00 D5=802180BC D6=842184BF D7=FFFF A0=3C0002 A1=108300 A2=F703C A3=108F78 A4=10F104A A5=108000 A6=4FBB2 PC=4142 -- 004142: move.b  (A2), D2
D0=F D1=F D2=3 D3=FFFF D4=8402F00 D5=802180BC D6=842184BF D7=FFFF A0=3C0002 A1=108300 A2=F703C A3=108F78 A4=10F104A A5=108000 A6=4FBB2 PC=4144 -- 004144: lsr.w   #1, D2
D0=F D1=F D2=1 D3=FFFF D4=8402F00 D5=802180BC D6=842184BF D7=FFFF A0=3C0002 A1=108300 A2=F703C A3=108F78 A4=10F104A A5=108000 A6=4FBB2 PC=4146 -- 004146: sub.w   D2, D0
D0=E D1=F D2=1 D3=FFFF D4=8402F00 D5=802180BC D6=842184BF D7=FFFF A0=3C0002 A1=108300 A2=F703C A3=108F78 A4=10F104A A5=108000 A6=4FBB2 PC=4148 -- 004148: adda.l  D0, A6
D0=E D1=F D2=1 D3=FFFF D4=8402F00 D5=802180BC D6=842184BF D7=FFFF A0=3C0002 A1=108300 A2=F703C A3=108F78 A4=10F104A A5=108000 A6=4FBC0 PC=414A -- 00414A: move.b  (A2), D0
D0=3 D1=F D2=1 D3=FFFF D4=8402F00 D5=802180BC D6=842184BF D7=FFFF A0=3C0002 A1=108300 A2=F703C A3=108F78 A4=10F104A A5=108000 A6=4FBC0 PC=414C -- 00414C: add.w   D0, D5
D0=3 D1=F D2=1 D3=FFFF D4=8402F00 D5=802180BF D6=842184BF D7=FFFF A0=3C0002 A1=108300 A2=F703C A3=108F78 A4=10F104A A5=108000 A6=4FBC0 PC=414E -- 00414E: subq.b  #1, D0
D0=2 D1=F D2=1 D3=FFFF D4=8402F00 D5=802180BF D6=842184BF D7=FFFF A0=3C0002 A1=108300 A2=F703C A3=108F78 A4=10F104A A5=108000 A6=4FBC0 PC=4150 -- 004150: move.b  D1, D2
D0=2 D1=F D2=F D3=FFFF D4=8402F00 D5=802180BF D6=842184BF D7=FFFF A0=3C0002 A1=108300 A2=F703C A3=108F78 A4=10F104A A5=108000 A6=4FBC0 PC=4152 -- 004152: sub.b   (A6)+, D2
D0=2 D1=F D2=F D3=FFFF D4=8402F00 D5=802180BF D6=842184BF D7=FFFF A0=3C0002 A1=108300 A2=F703C A3=108F78 A4=10F104A A5=108000 A6=4FBC1 PC=4154 -- 004154: lsl.w   #8, D2
D0=2 D1=F D2=F00 D3=FFFF D4=8402F00 D5=802180BF D6=842184BF D7=FFFF A0=3C0002 A1=108300 A2=F703C A3=108F78 A4=10F104A A5=108000 A6=4FBC1 PC=4156 -- 004156: move.b  ($69,A1), D2
D0=2 D1=F D2=FFF D3=FFFF D4=8402F00 D5=802180BF D6=842184BF D7=FFFF A0=3C0002 A1=108300 A2=F703C A3=108F78 A4=10F104A A5=108000 A6=4FBC1 PC=415A -- 00415A: move.w  D2, (A0)
D0=2 D1=F D2=FFF D3=FFFF D4=8402F00 D5=802180BF D6=842184BF D7=FFFF A0=3C0002 A1=108300 A2=F703C A3=108F78 A4=10F104A A5=108000 A6=4FBC1 PC=415C -- 00415C: dbra    D0, $4150
D0=1 D1=F D2=FFF D3=FFFF D4=8402F00 D5=802180BF D6=842184BF D7=FFFF A0=3C0002 A1=108300 A2=F703C A3=108F78 A4=10F104A A5=108000 A6=4FBC1 PC=4150 -- 004150: move.b  D1, D2
D0=1 D1=F D2=F0F D3=FFFF D4=8402F00 D5=802180BF D6=842184BF D7=FFFF A0=3C0002 A1=108300 A2=F703C A3=108F78 A4=10F104A A5=108000 A6=4FBC1 PC=4152 -- 004152: sub.b   (A6)+, D2
D0=1 D1=F D2=F0F D3=FFFF D4=8402F00 D5=802180BF D6=842184BF D7=FFFF A0=3C0002 A1=108300 A2=F703C A3=108F78 A4=10F104A A5=108000 A6=4FBC2 PC=4154 -- 004154: lsl.w   #8, D2
D0=1 D1=F D2=F00 D3=FFFF D4=8402F00 D5=802180BF D6=842184BF D7=FFFF A0=3C0002 A1=108300 A2=F703C A3=108F78 A4=10F104A A5=108000 A6=4FBC2 PC=4156 -- 004156: move.b  ($69,A1), D2
D0=1 D1=F D2=FFF D3=FFFF D4=8402F00 D5=802180BF D6=842184BF D7=FFFF A0=3C0002 A1=108300 A2=F703C A3=108F78 A4=10F104A A5=108000 A6=4FBC2 PC=415A -- 00415A: move.w  D2, (A0)
D0=1 D1=F D2=FFF D3=FFFF D4=8402F00 D5=802180BF D6=842184BF D7=FFFF A0=3C0002 A1=108300 A2=F703C A3=108F78 A4=10F104A A5=108000 A6=4FBC2 PC=415C -- 00415C: dbra    D0, $4150

   (loops for 6 instructions)

D0=FFFF D1=F D2=FFF D3=FFFF D4=8402F00 D5=802180BF D6=842184BF D7=FFFF A0=3C0002 A1=108300 A2=F703C A3=108F78 A4=10F104A A5=108000 A6=4FBC3 PC=4160 -- 004160: bra     $4178
D0=FFFF D1=F D2=FFF D3=FFFF D4=8402F00 D5=802180BF D6=842184BF D7=FFFF A0=3C0002 A1=108300 A2=F703C A3=108F78 A4=10F104A A5=108000 A6=4FBC3 PC=4178 -- 004178: move.b  ($2,A2), D0
D0=FFCD D1=F D2=FFF D3=FFFF D4=8402F00 D5=802180BF D6=842184BF D7=FFFF A0=3C0002 A1=108300 A2=F703C A3=108F78 A4=10F104A A5=108000 A6=4FBC3 PC=417C -- 00417C: tst.b   ($80,A1)
D0=FFCD D1=F D2=FFF D3=FFFF D4=8402F00 D5=802180BF D6=842184BF D7=FFFF A0=3C0002 A1=108300 A2=F703C A3=108F78 A4=10F104A A5=108000 A6=4FBC3 PC=4180 -- 004180: beq     $4188
D0=FFCD D1=F D2=FFF D3=FFFF D4=8402F00 D5=802180BF D6=842184BF D7=FFFF A0=3C0002 A1=108300 A2=F703C A3=108F78 A4=10F104A A5=108000 A6=4FBC3 PC=4188 -- 004188: add.b   ($30,A1), D0
D0=FFCD D1=F D2=FFF D3=FFFF D4=8402F00 D5=802180BF D6=842184BF D7=FFFF A0=3C0002 A1=108300 A2=F703C A3=108F78 A4=10F104A A5=108000 A6=4FBC3 PC=418C -- 00418C: lsl.w   #8, D0
D0=CD00 D1=F D2=FFF D3=FFFF D4=8402F00 D5=802180BF D6=842184BF D7=FFFF A0=3C0002 A1=108300 A2=F703C A3=108F78 A4=10F104A A5=108000 A6=4FBC3 PC=418E -- 00418E: tst.b   ($3,A2)
D0=CD00 D1=F D2=FFF D3=FFFF D4=8402F00 D5=802180BF D6=842184BF D7=FFFF A0=3C0002 A1=108300 A2=F703C A3=108F78 A4=10F104A A5=108000 A6=4FBC3 PC=4192 -- 004192: beq     $4198
D0=CD00 D1=F D2=FFF D3=FFFF D4=8402F00 D5=802180BF D6=842184BF D7=FFFF A0=3C0002 A1=108300 A2=F703C A3=108F78 A4=10F104A A5=108000 A6=4FBC3 PC=4194 -- 004194: move.b  #$10, D0
D0=CD10 D1=F D2=FFF D3=FFFF D4=8402F00 D5=802180BF D6=842184BF D7=FFFF A0=3C0002 A1=108300 A2=F703C A3=108F78 A4=10F104A A5=108000 A6=4FBC3 PC=4198 -- 004198: move.w  ($4,A2), D1
D0=CD10 D1=DF8A D2=FFF D3=FFFF D4=8402F00 D5=802180BF D6=842184BF D7=FFFF A0=3C0002 A1=108300 A2=F703C A3=108F78 A4=10F104A A5=108000 A6=4FBC3 PC=419C -- 00419C: moveq   #$0, D3
D0=CD10 D1=DF8A D2=FFF D3=0 D4=8402F00 D5=802180BF D6=842184BF D7=FFFF A0=3C0002 A1=108300 A2=F703C A3=108F78 A4=10F104A A5=108000 A6=4FBC3 PC=419E -- 00419E: move.b  (A2), D3
D0=CD10 D1=DF8A D2=FFF D3=3 D4=8402F00 D5=802180BF D6=842184BF D7=FFFF A0=3C0002 A1=108300 A2=F703C A3=108F78 A4=10F104A A5=108000 A6=4FBC3 PC=41A0 -- 0041A0: subq.b  #1, D3
D0=CD10 D1=DF8A D2=FFF D3=2 D4=8402F00 D5=802180BF D6=842184BF D7=FFFF A0=3C0002 A1=108300 A2=F703C A3=108F78 A4=10F104A A5=108000 A6=4FBC3 PC=41A2 -- 0041A2: move.w  ($790,A5), D7
D0=CD10 D1=DF8A D2=FFF D3=2 D4=8402F00 D5=802180BF D6=842184BF D7=0 A0=3C0002 A1=108300 A2=F703C A3=108F78 A4=10F104A A5=108000 A6=4FBC3 PC=41A6 -- 0041A6: add.w   D7, D7
D0=CD10 D1=DF8A D2=FFF D3=2 D4=8402F00 D5=802180BF D6=842184BF D7=0 A0=3C0002 A1=108300 A2=F703C A3=108F78 A4=10F104A A5=108000 A6=4FBC3 PC=41A8 -- 0041A8: add.w   D7, D7
D0=CD10 D1=DF8A D2=FFF D3=2 D4=8402F00 D5=802180BF D6=842184BF D7=0 A0=3C0002 A1=108300 A2=F703C A3=108F78 A4=10F104A A5=108000 A6=4FBC3 PC=41AA -- 0041AA: movea.l ($4,PC,D7.w), A6
D0=CD10 D1=DF8A D2=FFF D3=2 D4=8402F00 D5=802180BF D6=842184BF D7=0 A0=3C0002 A1=108300 A2=F703C A3=108F78 A4=10F104A A5=108000 A6=428C PC=41AE -- 0041AE: jmp     (A6)
D0=CD10 D1=DF8A D2=FFF D3=2 D4=8402F00 D5=802180BF D6=842184BF D7=0 A0=3C0002 A1=108300 A2=F703C A3=108F78 A4=10F104A A5=108000 A6=428C PC=428C -- 00428C: lea     ($6,A2), A6
D0=CD10 D1=DF8A D2=FFF D3=2 D4=8402F00 D5=802180BF D6=842184BF D7=0 A0=3C0002 A1=108300 A2=F703C A3=108F78 A4=10F104A A5=108000 A6=F7042 PC=4290 -- 004290: move.w  #$1, ($2,A0)
D0=CD10 D1=DF8A D2=FFF D3=2 D4=8402F00 D5=802180BF D6=842184BF D7=0 A0=3C0002 A1=108300 A2=F703C A3=108F78 A4=10F104A A5=108000 A6=F7042 PC=4296 -- 004296: moveq   #$0, D7
D0=CD10 D1=DF8A D2=FFF D3=2 D4=8402F00 D5=802180BF D6=842184BF D7=0 A0=3C0002 A1=108300 A2=F703C A3=108F78 A4=10F104A A5=108000 A6=F7042 PC=4298 -- 004298: move.b  ($1,A2), D7
D0=CD10 D1=DF8A D2=FFF D3=2 D4=8402F00 D5=802180BF D6=842184BF D7=3 A0=3C0002 A1=108300 A2=F703C A3=108F78 A4=10F104A A5=108000 A6=F7042 PC=429C -- 00429C: subq.b  #1, D7
D0=CD10 D1=DF8A D2=FFF D3=2 D4=8402F00 D5=802180BF D6=842184BF D7=2 A0=3C0002 A1=108300 A2=F703C A3=108F78 A4=10F104A A5=108000 A6=F7042 PC=429E -- 00429E: move.w  (A6)+, D2
D0=CD10 D1=DF8A D2=6000 D3=2 D4=8402F00 D5=802180BF D6=842184BF D7=2 A0=3C0002 A1=108300 A2=F703C A3=108F78 A4=10F104A A5=108000 A6=F7044 PC=42A0 -- 0042A0: move.w  D4, (-$2,A0)
D0=CD10 D1=DF8A D2=6000 D3=2 D4=8402F00 D5=802180BF D6=842184BF D7=2 A0=3C0002 A1=108300 A2=F703C A3=108F78 A4=10F104A A5=108000 A6=F7044 PC=42A4 -- 0042A4: add.w   D2, D2
D0=CD10 D1=DF8A D2=C000 D3=2 D4=8402F00 D5=802180BF D6=842184BF D7=2 A0=3C0002 A1=108300 A2=F703C A3=108F78 A4=10F104A A5=108000 A6=F7044 PC=42A6 -- 0042A6: bcc     $42b8
D0=CD10 D1=DF8A D2=C000 D3=2 D4=8402F00 D5=802180BF D6=842184BF D7=2 A0=3C0002 A1=108300 A2=F703C A3=108F78 A4=10F104A A5=108000 A6=F7044 PC=42B8 -- 0042B8: move.w  #$0, (A0)
D0=CD10 D1=DF8A D2=C000 D3=2 D4=8402F00 D5=802180BF D6=842184BF D7=2 A0=3C0002 A1=108300 A2=F703C A3=108F78 A4=10F104A A5=108000 A6=F7044 PC=42BC -- 0042BC: move.w  #$0, (A0)
D0=CD10 D1=DF8A D2=C000 D3=2 D4=8402F00 D5=802180BF D6=842184BF D7=2 A0=3C0002 A1=108300 A2=F703C A3=108F78 A4=10F104A A5=108000 A6=F7044 PC=42C0 -- 0042C0: dbra    D7, $42a4
D0=CD10 D1=DF8A D2=C000 D3=2 D4=8402F00 D5=802180BF D6=842184BF D7=1 A0=3C0002 A1=108300 A2=F703C A3=108F78 A4=10F104A A5=108000 A6=F7044 PC=42A4 -- 0042A4: add.w   D2, D2
D0=CD10 D1=DF8A D2=8000 D3=2 D4=8402F00 D5=802180BF D6=842184BF D7=1 A0=3C0002 A1=108300 A2=F703C A3=108F78 A4=10F104A A5=108000 A6=F7044 PC=42A6 -- 0042A6: bcc     $42b8
D0=CD10 D1=DF8A D2=8000 D3=2 D4=8402F00 D5=802180BF D6=842184BF D7=1 A0=3C0002 A1=108300 A2=F703C A3=108F78 A4=10F104A A5=108000 A6=F7044 PC=42A8 -- 0042A8: move.w  D1, (A0)
D0=CD10 D1=DF8A D2=8000 D3=2 D4=8402F00 D5=802180BF D6=842184BF D7=1 A0=3C0002 A1=108300 A2=F703C A3=108F78 A4=10F104A A5=108000 A6=F7044 PC=42AA -- 0042AA: nop
D0=CD10 D1=DF8A D2=8000 D3=2 D4=8402F00 D5=802180BF D6=842184BF D7=1 A0=3C0002 A1=108300 A2=F703C A3=108F78 A4=10F104A A5=108000 A6=F7044 PC=42AC -- 0042AC: move.w  D0, (A0)
D0=CD10 D1=DF8A D2=8000 D3=2 D4=8402F00 D5=802180BF D6=842184BF D7=1 A0=3C0002 A1=108300 A2=F703C A3=108F78 A4=10F104A A5=108000 A6=F7044 PC=42AE -- 0042AE: addq.w  #1, D1
D0=CD10 D1=DF8B D2=8000 D3=2 D4=8402F00 D5=802180BF D6=842184BF D7=1 A0=3C0002 A1=108300 A2=F703C A3=108F78 A4=10F104A A5=108000 A6=F7044 PC=42B0 -- 0042B0: bcc     $42c0
D0=CD10 D1=DF8B D2=8000 D3=2 D4=8402F00 D5=802180BF D6=842184BF D7=1 A0=3C0002 A1=108300 A2=F703C A3=108F78 A4=10F104A A5=108000 A6=F7044 PC=42C0 -- 0042C0: dbra    D7, $42a4

   (loops for 2 instructions)

D0=CD10 D1=DF8B D2=0 D3=2 D4=8402F00 D5=802180BF D6=842184BF D7=0 A0=3C0002 A1=108300 A2=F703C A3=108F78 A4=10F104A A5=108000 A6=F7044 PC=42A8 -- 0042A8: move.w  D1, (A0)
D0=CD10 D1=DF8B D2=0 D3=2 D4=8402F00 D5=802180BF D6=842184BF D7=0 A0=3C0002 A1=108300 A2=F703C A3=108F78 A4=10F104A A5=108000 A6=F7044 PC=42AA -- 0042AA: nop
D0=CD10 D1=DF8B D2=0 D3=2 D4=8402F00 D5=802180BF D6=842184BF D7=0 A0=3C0002 A1=108300 A2=F703C A3=108F78 A4=10F104A A5=108000 A6=F7044 PC=42AC -- 0042AC: move.w  D0, (A0)
D0=CD10 D1=DF8B D2=0 D3=2 D4=8402F00 D5=802180BF D6=842184BF D7=0 A0=3C0002 A1=108300 A2=F703C A3=108F78 A4=10F104A A5=108000 A6=F7044 PC=42AE -- 0042AE: addq.w  #1, D1
D0=CD10 D1=DF8C D2=0 D3=2 D4=8402F00 D5=802180BF D6=842184BF D7=0 A0=3C0002 A1=108300 A2=F703C A3=108F78 A4=10F104A A5=108000 A6=F7044 PC=42B0 -- 0042B0: bcc     $42c0

   (loops for 1 instructions)

D0=CD10 D1=DF8C D2=0 D3=2 D4=8402F00 D5=802180BF D6=842184BF D7=FFFF A0=3C0002 A1=108300 A2=F703C A3=108F78 A4=10F104A A5=108000 A6=F7044 PC=42C4 -- 0042C4: bsr     $47c0
D0=CD10 D1=DF8C D2=0 D3=2 D4=8402F00 D5=802180BF D6=842184BF D7=FFFF A0=3C0002 A1=108300 A2=F703C A3=108F78 A4=10F104A A5=108000 A6=F7044 PC=47C0 -- 0047C0: tst.b   ($78f,A5)
D0=CD10 D1=DF8C D2=0 D3=2 D4=8402F00 D5=802180BF D6=842184BF D7=FFFF A0=3C0002 A1=108300 A2=F703C A3=108F78 A4=10F104A A5=108000 A6=F7044 PC=47C4 -- 0047C4: bpl     $47c8
D0=CD10 D1=DF8C D2=0 D3=2 D4=8402F00 D5=802180BF D6=842184BF D7=FFFF A0=3C0002 A1=108300 A2=F703C A3=108F78 A4=10F104A A5=108000 A6=F7044 PC=47C6 -- 0047C6: rts
D0=CD10 D1=DF8C D2=0 D3=2 D4=8402F00 D5=802180BF D6=842184BF D7=FFFF A0=3C0002 A1=108300 A2=F703C A3=108F78 A4=10F104A A5=108000 A6=F7044 PC=42C8 -- 0042C8: addi.w  #$40, D4
D0=CD10 D1=DF8C D2=0 D3=2 D4=8402F40 D5=802180BF D6=842184BF D7=FFFF A0=3C0002 A1=108300 A2=F703C A3=108F78 A4=10F104A A5=108000 A6=F7044 PC=42CC -- 0042CC: dbra    D3, $4296
D0=CD10 D1=DF8C D2=0 D3=1 D4=8402F40 D5=802180BF D6=842184BF D7=FFFF A0=3C0002 A1=108300 A2=F703C A3=108F78 A4=10F104A A5=108000 A6=F7044 PC=4296 -- 004296: moveq   #$0, D7
D0=CD10 D1=DF8C D2=0 D3=1 D4=8402F40 D5=802180BF D6=842184BF D7=0 A0=3C0002 A1=108300 A2=F703C A3=108F78 A4=10F104A A5=108000 A6=F7044 PC=4298 -- 004298: move.b  ($1,A2), D7
D0=CD10 D1=DF8C D2=0 D3=1 D4=8402F40 D5=802180BF D6=842184BF D7=3 A0=3C0002 A1=108300 A2=F703C A3=108F78 A4=10F104A A5=108000 A6=F7044 PC=429C -- 00429C: subq.b  #1, D7
D0=CD10 D1=DF8C D2=0 D3=1 D4=8402F40 D5=802180BF D6=842184BF D7=2 A0=3C0002 A1=108300 A2=F703C A3=108F78 A4=10F104A A5=108000 A6=F7044 PC=429E -- 00429E: move.w  (A6)+, D2
D0=CD10 D1=DF8C D2=A000 D3=1 D4=8402F40 D5=802180BF D6=842184BF D7=2 A0=3C0002 A1=108300 A2=F703C A3=108F78 A4=10F104A A5=108000 A6=F7046 PC=42A0 -- 0042A0: move.w  D4, (-$2,A0)

   (loops for 10 instructions)

D0=CD10 D1=DF8D D2=8000 D3=1 D4=8402F40 D5=802180BF D6=842184BF D7=1 A0=3C0002 A1=108300 A2=F703C A3=108F78 A4=10F104A A5=108000 A6=F7046 PC=42B8 -- 0042B8: move.w  #$0, (A0)
D0=CD10 D1=DF8D D2=8000 D3=1 D4=8402F40 D5=802180BF D6=842184BF D7=1 A0=3C0002 A1=108300 A2=F703C A3=108F78 A4=10F104A A5=108000 A6=F7046 PC=42BC -- 0042BC: move.w  #$0, (A0)

   (loops for 9 instructions)

D0=CD10 D1=DF8E D2=0 D3=1 D4=8402F40 D5=802180BF D6=842184BF D7=FFFF A0=3C0002 A1=108300 A2=F703C A3=108F78 A4=10F104A A5=108000 A6=F7046 PC=42C4 -- 0042C4: bsr     $47c0
D0=CD10 D1=DF8E D2=0 D3=1 D4=8402F40 D5=802180BF D6=842184BF D7=FFFF A0=3C0002 A1=108300 A2=F703C A3=108F78 A4=10F104A A5=108000 A6=F7046 PC=47C0 -- 0047C0: tst.b   ($78f,A5)
D0=CD10 D1=DF8E D2=0 D3=1 D4=8402F40 D5=802180BF D6=842184BF D7=FFFF A0=3C0002 A1=108300 A2=F703C A3=108F78 A4=10F104A A5=108000 A6=F7046 PC=47C4 -- 0047C4: bpl     $47c8
D0=CD10 D1=DF8E D2=0 D3=1 D4=8402F40 D5=802180BF D6=842184BF D7=FFFF A0=3C0002 A1=108300 A2=F703C A3=108F78 A4=10F104A A5=108000 A6=F7046 PC=47C6 -- 0047C6: rts
D0=CD10 D1=DF8E D2=0 D3=1 D4=8402F40 D5=802180BF D6=842184BF D7=FFFF A0=3C0002 A1=108300 A2=F703C A3=108F78 A4=10F104A A5=108000 A6=F7046 PC=42C8 -- 0042C8: addi.w  #$40, D4
D0=CD10 D1=DF8E D2=0 D3=1 D4=8402F80 D5=802180BF D6=842184BF D7=FFFF A0=3C0002 A1=108300 A2=F703C A3=108F78 A4=10F104A A5=108000 A6=F7046 PC=42CC -- 0042CC: dbra    D3, $4296

   (loops for 32 instructions)

D0=CD10 D1=DF90 D2=0 D3=FFFF D4=8402FC0 D5=802180BF D6=842184BF D7=FFFF A0=3C0002 A1=108300 A2=F703C A3=108F78 A4=10F104A A5=108000 A6=F7048 PC=42D0 -- 0042D0: rts
D0=CD10 D1=DF90 D2=0 D3=FFFF D4=8402FC0 D5=802180BF D6=842184BF D7=FFFF A0=3C0002 A1=108300 A2=F703C A3=108F78 A4=10F104A A5=108000 A6=F7048 PC=4016 -- 004016: bra     $401c
D0=CD10 D1=DF90 D2=0 D3=FFFF D4=8402FC0 D5=802180BF D6=842184BF D7=FFFF A0=3C0002 A1=108300 A2=F703C A3=108F78 A4=10F104A A5=108000 A6=F7048 PC=401C -- 00401C: movea.l (A7)+, A6
D0=CD10 D1=DF90 D2=0 D3=FFFF D4=8402FC0 D5=802180BF D6=842184BF D7=FFFF A0=3C0002 A1=108300 A2=F703C A3=108F78 A4=10F104A A5=108000 A6=108E3C PC=401E -- 00401E: btst    #$5, ($4,A4)
D0=CD10 D1=DF90 D2=0 D3=FFFF D4=8402FC0 D5=802180BF D6=842184BF D7=FFFF A0=3C0002 A1=108300 A2=F703C A3=108F78 A4=10F104A A5=108000 A6=108E3C PC=4024 -- 004024: beq     $4056
D0=CD10 D1=DF90 D2=0 D3=FFFF D4=8402FC0 D5=802180BF D6=842184BF D7=FFFF A0=3C0002 A1=108300 A2=F703C A3=108F78 A4=10F104A A5=108000 A6=108E3C PC=4056 -- 004056: tst.b   ($7c,A1)
D0=CD10 D1=DF90 D2=0 D3=FFFF D4=8402FC0 D5=802180BF D6=842184BF D7=FFFF A0=3C0002 A1=108300 A2=F703C A3=108F78 A4=10F104A A5=108000 A6=108E3C PC=405A -- 00405A: bpl     $4064
D0=CD10 D1=DF90 D2=0 D3=FFFF D4=8402FC0 D5=802180BF D6=842184BF D7=FFFF A0=3C0002 A1=108300 A2=F703C A3=108F78 A4=10F104A A5=108000 A6=108E3C PC=4064 -- 004064: movea.l (A7)+, A0
D0=CD10 D1=DF90 D2=0 D3=FFFF D4=8402FC0 D5=802180BF D6=842184BF D7=FFFF A0=108932 A1=108300 A2=F703C A3=108F78 A4=10F104A A5=108000 A6=108E3C PC=4066 -- 004066: subq.w  #1, ($e3a,A5)
D0=CD10 D1=DF90 D2=0 D3=FFFF D4=8402FC0 D5=802180BF D6=842184BF D7=FFFF A0=108932 A1=108300 A2=F703C A3=108F78 A4=10F104A A5=108000 A6=108E3C PC=406A -- 00406A: bne     $3f32
D0=CD10 D1=DF90 D2=0 D3=FFFF D4=8402FC0 D5=802180BF D6=842184BF D7=FFFF A0=108932 A1=108300 A2=F703C A3=108F78 A4=10F104A A5=108000 A6=108E3C PC=406E -- 00406E: move.w  #$ffff, ($e38,A5)
D0=CD10 D1=DF90 D2=0 D3=FFFF D4=8402FC0 D5=802180BF D6=842184BF D7=FFFF A0=108932 A1=108300 A2=F703C A3=108F78 A4=10F104A A5=108000 A6=108E3C PC=4074 -- 004074: clr.w   ($e3a,A5)
D0=CD10 D1=DF90 D2=0 D3=FFFF D4=8402FC0 D5=802180BF D6=842184BF D7=FFFF A0=108932 A1=108300 A2=F703C A3=108F78 A4=10F104A A5=108000 A6=108E3C PC=4078 -- 004078: move.l  ($103c,A5), D0
D0=0 D1=DF90 D2=0 D3=FFFF D4=8402FC0 D5=802180BF D6=842184BF D7=FFFF A0=108932 A1=108300 A2=F703C A3=108F78 A4=10F104A A5=108000 A6=108E3C PC=407C -- 00407C: move.l  ($1040,A5), ($103c,A5)
D0=0 D1=DF90 D2=0 D3=FFFF D4=8402FC0 D5=802180BF D6=842184BF D7=FFFF A0=108932 A1=108300 A2=F703C A3=108F78 A4=10F104A A5=108000 A6=108E3C PC=4082 -- 004082: move.l  D0, ($1040,A5)
D0=0 D1=DF90 D2=0 D3=FFFF D4=8402FC0 D5=802180BF D6=842184BF D7=FFFF A0=108932 A1=108300 A2=F703C A3=108F78 A4=10F104A A5=108000 A6=108E3C PC=4086 -- 004086: rts
D0=0 D1=DF90 D2=0 D3=FFFF D4=8402FC0 D5=802180BF D6=842184BF D7=FFFF A0=108932 A1=108300 A2=F703C A3=108F78 A4=10F104A A5=108000 A6=108E3C PC=32AF4 -- 032AF4: move.b  #$1, $3a0001.l
D0=0 D1=DF90 D2=0 D3=FFFF D4=8402FC0 D5=802180BF D6=842184BF D7=FFFF A0=108932 A1=108300 A2=F703C A3=108F78 A4=10F104A A5=108000 A6=108E3C PC=32AFC -- 032AFC: jsr     $673e.l
D0=0 D1=DF90 D2=0 D3=FFFF D4=8402FC0 D5=802180BF D6=842184BF D7=FFFF A0=108932 A1=108300 A2=F703C A3=108F78 A4=10F104A A5=108000 A6=108E3C PC=673E -- 00673E: btst    #$4, (-$7fff,A5)
D0=0 D1=DF90 D2=0 D3=FFFF D4=8402FC0 D5=802180BF D6=842184BF D7=FFFF A0=108932 A1=108300 A2=F703C A3=108F78 A4=10F104A A5=108000 A6=108E3C PC=6744 -- 006744: bne     $6752
D0=0 D1=DF90 D2=0 D3=FFFF D4=8402FC0 D5=802180BF D6=842184BF D7=FFFF A0=108932 A1=108300 A2=F703C A3=108F78 A4=10F104A A5=108000 A6=108E3C PC=6748 -- 006748: tst.b   ($4704,A5)
D0=0 D1=DF90 D2=0 D3=FFFF D4=8402FC0 D5=802180BF D6=842184BF D7=FFFF A0=108932 A1=108300 A2=F703C A3=108F78 A4=10F104A A5=108000 A6=108E3C PC=674C -- 00674C: bmi     $68fc
D0=0 D1=DF90 D2=0 D3=FFFF D4=8402FC0 D5=802180BF D6=842184BF D7=FFFF A0=108932 A1=108300 A2=F703C A3=108F78 A4=10F104A A5=108000 A6=108E3C PC=6750 -- 006750: rts
D0=0 D1=DF90 D2=0 D3=FFFF D4=8402FC0 D5=802180BF D6=842184BF D7=FFFF A0=108932 A1=108300 A2=F703C A3=108F78 A4=10F104A A5=108000 A6=108E3C PC=32B02 -- 032B02: jsr     $6972.l
D0=0 D1=DF90 D2=0 D3=FFFF D4=8402FC0 D5=802180BF D6=842184BF D7=FFFF A0=108932 A1=108300 A2=F703C A3=108F78 A4=10F104A A5=108000 A6=108E3C PC=6972 -- 006972: btst    #$5, (-$7fff,A5)
D0=0 D1=DF90 D2=0 D3=FFFF D4=8402FC0 D5=802180BF D6=842184BF D7=FFFF A0=108932 A1=108300 A2=F703C A3=108F78 A4=10F104A A5=108000 A6=108E3C PC=6978 -- 006978: bne     $6986
D0=0 D1=DF90 D2=0 D3=FFFF D4=8402FC0 D5=802180BF D6=842184BF D7=FFFF A0=108932 A1=108300 A2=F703C A3=108F78 A4=10F104A A5=108000 A6=108E3C PC=697C -- 00697C: tst.b   ($470e,A5)
D0=0 D1=DF90 D2=0 D3=FFFF D4=8402FC0 D5=802180BF D6=842184BF D7=FFFF A0=108932 A1=108300 A2=F703C A3=108F78 A4=10F104A A5=108000 A6=108E3C PC=6980 -- 006980: bmi     $7506
D0=0 D1=DF90 D2=0 D3=FFFF D4=8402FC0 D5=802180BF D6=842184BF D7=FFFF A0=108932 A1=108300 A2=F703C A3=108F78 A4=10F104A A5=108000 A6=108E3C PC=6984 -- 006984: rts
D0=0 D1=DF90 D2=0 D3=FFFF D4=8402FC0 D5=802180BF D6=842184BF D7=FFFF A0=108932 A1=108300 A2=F703C A3=108F78 A4=10F104A A5=108000 A6=108E3C PC=32B08 -- 032B08: tst.w   (-$7f76,A5)
D0=0 D1=DF90 D2=0 D3=FFFF D4=8402FC0 D5=802180BF D6=842184BF D7=FFFF A0=108932 A1=108300 A2=F703C A3=108F78 A4=10F104A A5=108000 A6=108E3C PC=32B0C -- 032B0C: beq     $32b24
D0=0 D1=DF90 D2=0 D3=FFFF D4=8402FC0 D5=802180BF D6=842184BF D7=FFFF A0=108932 A1=108300 A2=F703C A3=108F78 A4=10F104A A5=108000 A6=108E3C PC=32B24 -- 032B24: bra     $329cc
D0=0 D1=DF90 D2=0 D3=FFFF D4=8402FC0 D5=802180BF D6=842184BF D7=FFFF A0=108932 A1=108300 A2=F703C A3=108F78 A4=10F104A A5=108000 A6=108E3C PC=329CC -- 0329CC: move.b  #$0, ($784,A5)
D0=0 D1=DF90 D2=0 D3=FFFF D4=8402FC0 D5=802180BF D6=842184BF D7=FFFF A0=108932 A1=108300 A2=F703C A3=108F78 A4=10F104A A5=108000 A6=108E3C PC=329D2 -- 0329D2: jsr     ($4d2,PC) ; ($32ea6)
D0=0 D1=DF90 D2=0 D3=FFFF D4=8402FC0 D5=802180BF D6=842184BF D7=FFFF A0=108932 A1=108300 A2=F703C A3=108F78 A4=10F104A A5=108000 A6=108E3C PC=32EA6 -- 032EA6: btst    #$7, (-$8000,A5)
D0=0 D1=DF90 D2=0 D3=FFFF D4=8402FC0 D5=802180BF D6=842184BF D7=FFFF A0=108932 A1=108300 A2=F703C A3=108F78 A4=10F104A A5=108000 A6=108E3C PC=32EAC -- 032EAC: bne     $32ed0
D0=0 D1=DF90 D2=0 D3=FFFF D4=8402FC0 D5=802180BF D6=842184BF D7=FFFF A0=108932 A1=108300 A2=F703C A3=108F78 A4=10F104A A5=108000 A6=108E3C PC=32EB0 -- 032EB0: tst.b   $10fd82.l
D0=0 D1=DF90 D2=0 D3=FFFF D4=8402FC0 D5=802180BF D6=842184BF D7=FFFF A0=108932 A1=108300 A2=F703C A3=108F78 A4=10F104A A5=108000 A6=108E3C PC=32EB6 -- 032EB6: bne     $32f16
D0=0 D1=DF90 D2=0 D3=FFFF D4=8402FC0 D5=802180BF D6=842184BF D7=FFFF A0=108932 A1=108300 A2=F703C A3=108F78 A4=10F104A A5=108000 A6=108E3C PC=32F16 -- 032F16: rts
D0=0 D1=DF90 D2=0 D3=FFFF D4=8402FC0 D5=802180BF D6=842184BF D7=FFFF A0=108932 A1=108300 A2=F703C A3=108F78 A4=10F104A A5=108000 A6=108E3C PC=329D6 -- 0329D6: nop
D0=0 D1=DF90 D2=0 D3=FFFF D4=8402FC0 D5=802180BF D6=842184BF D7=FFFF A0=108932 A1=108300 A2=F703C A3=108F78 A4=10F104A A5=108000 A6=108E3C PC=329D8 -- 0329D8: tst.b   ($784,A5)
D0=0 D1=DF90 D2=0 D3=FFFF D4=8402FC0 D5=802180BF D6=842184BF D7=FFFF A0=108932 A1=108300 A2=F703C A3=108F78 A4=10F104A A5=108000 A6=108E3C PC=329DC -- 0329DC: beq     $329d2
D0=0 D1=DF90 D2=0 D3=FFFF D4=8402FC0 D5=802180BF D6=842184BF D7=FFFF A0=108932 A1=108300 A2=F703C A3=108F78 A4=10F104A A5=108000 A6=108E3C PC=329D2 -- 0329D2: jsr     ($4d2,PC) ; ($32ea6)
D0=0 D1=DF90 D2=0 D3=FFFF D4=8402FC0 D5=802180BF D6=842184BF D7=FFFF A0=108932 A1=108300 A2=F703C A3=108F78 A4=10F104A A5=108000 A6=108E3C PC=32EA6 -- 032EA6: btst    #$7, (-$8000,A5)
D0=0 D1=DF90 D2=0 D3=FFFF D4=8402FC0 D5=802180BF D6=842184BF D7=FFFF A0=108932 A1=108300 A2=F703C A3=108F78 A4=10F104A A5=108000 A6=108E3C PC=32EAC -- 032EAC: bne     $32ed0
D0=0 D1=DF90 D2=0 D3=FFFF D4=8402FC0 D5=802180BF D6=842184BF D7=FFFF A0=108932 A1=108300 A2=F703C A3=108F78 A4=10F104A A5=108000 A6=108E3C PC=32EB0 -- 032EB0: tst.b   $10fd82.l
D0=0 D1=DF90 D2=0 D3=FFFF D4=8402FC0 D5=802180BF D6=842184BF D7=FFFF A0=108932 A1=108300 A2=F703C A3=108F78 A4=10F104A A5=108000 A6=108E3C PC=32EB6 -- 032EB6: bne     $32f16
D0=0 D1=DF90 D2=0 D3=FFFF D4=8402FC0 D5=802180BF D6=842184BF D7=FFFF A0=108932 A1=108300 A2=F703C A3=108F78 A4=10F104A A5=108000 A6=108E3C PC=32F16 -- 032F16: rts
D0=0 D1=DF90 D2=0 D3=FFFF D4=8402FC0 D5=802180BF D6=842184BF D7=FFFF A0=108932 A1=108300 A2=F703C A3=108F78 A4=10F104A A5=108000 A6=108E3C PC=329D6 -- 0329D6: nop
D0=0 D1=DF90 D2=0 D3=FFFF D4=8402FC0 D5=802180BF D6=842184BF D7=FFFF A0=108932 A1=108300 A2=F703C A3=108F78 A4=10F104A A5=108000 A6=108E3C PC=329D8 -- 0329D8: tst.b   ($784,A5)
D0=0 D1=DF90 D2=0 D3=FFFF D4=8402FC0 D5=802180BF D6=842184BF D7=FFFF A0=108932 A1=108300 A2=F703C A3=108F78 A4=10F104A A5=108000 A6=108E3C PC=329DC -- 0329DC: beq     $329d2

   (loops for 7055 instructions)

D0=0 D1=DF90 D2=0 D3=FFFF D4=8402FC0 D5=802180BF D6=842184BF D7=FFFF A0=108932 A1=108300 A2=F703C A3=108F78 A4=10F104A A5=108000 A6=108E3C PC=32B7C -- 032B7C: tst.b   $10fd80.l
D0=0 D1=DF90 D2=0 D3=FFFF D4=8402FC0 D5=802180BF D6=842184BF D7=FFFF A0=108932 A1=108300 A2=F703C A3=108F78 A4=10F104A A5=108000 A6=108E3C PC=32B82 -- 032B82: bmi     $32b8a
D0=0 D1=DF90 D2=0 D3=FFFF D4=8402FC0 D5=802180BF D6=842184BF D7=FFFF A0=108932 A1=108300 A2=F703C A3=108F78 A4=10F104A A5=108000 A6=108E3C PC=32B8A -- 032B8A: ori     #$700, SR
D0=0 D1=DF90 D2=0 D3=FFFF D4=8402FC0 D5=802180BF D6=842184BF D7=FFFF A0=108932 A1=108300 A2=F703C A3=108F78 A4=10F104A A5=108000 A6=108E3C PC=32B8E -- 032B8E: movem.l D0-D7/A0-A6, -(A7)
D0=0 D1=DF90 D2=0 D3=FFFF D4=8402FC0 D5=802180BF D6=842184BF D7=FFFF A0=108932 A1=108300 A2=F703C A3=108F78 A4=10F104A A5=108000 A6=108E3C PC=32B92 -- 032B92: move.l  ($4178,A5), D0
D0=10BA74 D1=DF90 D2=0 D3=FFFF D4=8402FC0 D5=802180BF D6=842184BF D7=FFFF A0=108932 A1=108300 A2=F703C A3=108F78 A4=10F104A A5=108000 A6=108E3C PC=32B96 -- 032B96: move.l  ($4174,A5), ($4178,A5)
D0=10BA74 D1=DF90 D2=0 D3=FFFF D4=8402FC0 D5=802180BF D6=842184BF D7=FFFF A0=108932 A1=108300 A2=F703C A3=108F78 A4=10F104A A5=108000 A6=108E3C PC=32B9C -- 032B9C: move.l  D0, ($4174,A5)
D0=10BA74 D1=DF90 D2=0 D3=FFFF D4=8402FC0 D5=802180BF D6=842184BF D7=FFFF A0=108932 A1=108300 A2=F703C A3=108F78 A4=10F104A A5=108000 A6=108E3C PC=32BA0 -- 032BA0: move.l  D0, ($417c,A5)
D0=10BA74 D1=DF90 D2=0 D3=FFFF D4=8402FC0 D5=802180BF D6=842184BF D7=FFFF A0=108932 A1=108300 A2=F703C A3=108F78 A4=10F104A A5=108000 A6=108E3C PC=32BA4 -- 032BA4: lea     $108000.l, A5
D0=10BA74 D1=DF90 D2=0 D3=FFFF D4=8402FC0 D5=802180BF D6=842184BF D7=FFFF A0=108932 A1=108300 A2=F703C A3=108F78 A4=10F104A A5=108000 A6=108E3C PC=32BAA -- 032BAA: move.b  D0, $300001.l
D0=10BA74 D1=DF90 D2=0 D3=FFFF D4=8402FC0 D5=802180BF D6=842184BF D7=FFFF A0=108932 A1=108300 A2=F703C A3=108F78 A4=10F104A A5=108000 A6=108E3C PC=32BB0 -- 032BB0: move.w  #$4, $3c000c.l
D0=10BA74 D1=DF90 D2=0 D3=FFFF D4=8402FC0 D5=802180BF D6=842184BF D7=FFFF A0=108932 A1=108300 A2=F703C A3=108F78 A4=10F104A A5=108000 A6=108E3C PC=32BB8 -- 032BB8: btst    #$1, ($38b8,A5)
D0=10BA74 D1=DF90 D2=0 D3=FFFF D4=8402FC0 D5=802180BF D6=842184BF D7=FFFF A0=108932 A1=108300 A2=F703C A3=108F78 A4=10F104A A5=108000 A6=108E3C PC=32BBE -- 032BBE: bne     $32bca
D0=10BA74 D1=DF90 D2=0 D3=FFFF D4=8402FC0 D5=802180BF D6=842184BF D7=FFFF A0=108932 A1=108300 A2=F703C A3=108F78 A4=10F104A A5=108000 A6=108E3C PC=32BC2 -- 032BC2: move.w  ($38ba,A5), $401ffe.l
D0=10BA74 D1=DF90 D2=0 D3=FFFF D4=8402FC0 D5=802180BF D6=842184BF D7=FFFF A0=108932 A1=108300 A2=F703C A3=108F78 A4=10F104A A5=108000 A6=108E3C PC=32BCA -- 032BCA: tst.b   ($784,A5)
D0=10BA74 D1=DF90 D2=0 D3=FFFF D4=8402FC0 D5=802180BF D6=842184BF D7=FFFF A0=108932 A1=108300 A2=F703C A3=108F78 A4=10F104A A5=108000 A6=108E3C PC=32BCE -- 032BCE: bne     $32bea
D0=10BA74 D1=DF90 D2=0 D3=FFFF D4=8402FC0 D5=802180BF D6=842184BF D7=FFFF A0=108932 A1=108300 A2=F703C A3=108F78 A4=10F104A A5=108000 A6=108E3C PC=32BD0 -- 032BD0: addq.l  #1, (-$7f7c,A5)
D0=10BA74 D1=DF90 D2=0 D3=FFFF D4=8402FC0 D5=802180BF D6=842184BF D7=FFFF A0=108932 A1=108300 A2=F703C A3=108F78 A4=10F104A A5=108000 A6=108E3C PC=32BD4 -- 032BD4: bsr     $33614
D0=10BA74 D1=DF90 D2=0 D3=FFFF D4=8402FC0 D5=802180BF D6=842184BF D7=FFFF A0=108932 A1=108300 A2=F703C A3=108F78 A4=10F104A A5=108000 A6=108E3C PC=33614 -- 033614: tst.b   ($38b8,A5)
D0=10BA74 D1=DF90 D2=0 D3=FFFF D4=8402FC0 D5=802180BF D6=842184BF D7=FFFF A0=108932 A1=108300 A2=F703C A3=108F78 A4=10F104A A5=108000 A6=108E3C PC=33618 -- 033618: bpl     $33632
D0=10BA74 D1=DF90 D2=0 D3=FFFF D4=8402FC0 D5=802180BF D6=842184BF D7=FFFF A0=108932 A1=108300 A2=F703C A3=108F78 A4=10F104A A5=108000 A6=108E3C PC=33632 -- 033632: andi.b  #$7f, ($38b8,A5)
D0=10BA74 D1=DF90 D2=0 D3=FFFF D4=8402FC0 D5=802180BF D6=842184BF D7=FFFF A0=108932 A1=108300 A2=F703C A3=108F78 A4=10F104A A5=108000 A6=108E3C PC=33638 -- 033638: lea     ($18a6,A5), A0
D0=10BA74 D1=DF90 D2=0 D3=FFFF D4=8402FC0 D5=802180BF D6=842184BF D7=FFFF A0=1098A6 A1=108300 A2=F703C A3=108F78 A4=10F104A A5=108000 A6=108E3C PC=3363C -- 03363C: move.w  (A0), D0
D0=10FFFF D1=DF90 D2=0 D3=FFFF D4=8402FC0 D5=802180BF D6=842184BF D7=FFFF A0=1098A6 A1=108300 A2=F703C A3=108F78 A4=10F104A A5=108000 A6=108E3C PC=3363E -- 03363E: bmi     $3365e
D0=10FFFF D1=DF90 D2=0 D3=FFFF D4=8402FC0 D5=802180BF D6=842184BF D7=FFFF A0=1098A6 A1=108300 A2=F703C A3=108F78 A4=10F104A A5=108000 A6=108E3C PC=3365E -- 03365E: move.l  #$1098a6, ($38a8,A5)
D0=10FFFF D1=DF90 D2=0 D3=FFFF D4=8402FC0 D5=802180BF D6=842184BF D7=FFFF A0=1098A6 A1=108300 A2=F703C A3=108F78 A4=10F104A A5=108000 A6=108E3C PC=33666 -- 033666: move.w  #$ffff, ($18a6,A5)
D0=10FFFF D1=DF90 D2=0 D3=FFFF D4=8402FC0 D5=802180BF D6=842184BF D7=FFFF A0=1098A6 A1=108300 A2=F703C A3=108F78 A4=10F104A A5=108000 A6=108E3C PC=3366C -- 03366C: rts
D0=10FFFF D1=DF90 D2=0 D3=FFFF D4=8402FC0 D5=802180BF D6=842184BF D7=FFFF A0=1098A6 A1=108300 A2=F703C A3=108F78 A4=10F104A A5=108000 A6=108E3C PC=32BD8 -- 032BD8: bsr     $3366e
D0=10FFFF D1=DF90 D2=0 D3=FFFF D4=8402FC0 D5=802180BF D6=842184BF D7=FFFF A0=1098A6 A1=108300 A2=F703C A3=108F78 A4=10F104A A5=108000 A6=108E3C PC=3366E -- 03366E: move.w  #$1, $3c0004.l
D0=10FFFF D1=DF90 D2=0 D3=FFFF D4=8402FC0 D5=802180BF D6=842184BF D7=FFFF A0=1098A6 A1=108300 A2=F703C A3=108F78 A4=10F104A A5=108000 A6=108E3C PC=33676 -- 033676: lea     ($e3c,A5), A0
D0=10FFFF D1=DF90 D2=0 D3=FFFF D4=8402FC0 D5=802180BF D6=842184BF D7=FFFF A0=108E3C A1=108300 A2=F703C A3=108F78 A4=10F104A A5=108000 A6=108E3C PC=3367A -- 03367A: move.w  ($1044,A5), D0
D0=100021 D1=DF90 D2=0 D3=FFFF D4=8402FC0 D5=802180BF D6=842184BF D7=FFFF A0=108E3C A1=108300 A2=F703C A3=108F78 A4=10F104A A5=108000 A6=108E3C PC=3367E -- 03367E: add.w   ($1040,A5), D0
D0=100021 D1=DF90 D2=0 D3=FFFF D4=8402FC0 D5=802180BF D6=842184BF D7=FFFF A0=108E3C A1=108300 A2=F703C A3=108F78 A4=10F104A A5=108000 A6=108E3C PC=33682 -- 033682: addi.w  #-$7e00, D0
D0=108221 D1=DF90 D2=0 D3=FFFF D4=8402FC0 D5=802180BF D6=842184BF D7=FFFF A0=108E3C A1=108300 A2=F703C A3=108F78 A4=10F104A A5=108000 A6=108E3C PC=33686 -- 033686: lea     $3c0000.l, A1
D0=108221 D1=DF90 D2=0 D3=FFFF D4=8402FC0 D5=802180BF D6=842184BF D7=FFFF A0=108E3C A1=3C0000 A2=F703C A3=108F78 A4=10F104A A5=108000 A6=108E3C PC=3368C -- 03368C: move.w  D0, (A1)+
D0=108221 D1=DF90 D2=0 D3=FFFF D4=8402FC0 D5=802180BF D6=842184BF D7=FFFF A0=108E3C A1=3C0002 A2=F703C A3=108F78 A4=10F104A A5=108000 A6=108E3C PC=3368E -- 03368E: move.w  ($1048,A5), D0
D0=10001F D1=DF90 D2=0 D3=FFFF D4=8402FC0 D5=802180BF D6=842184BF D7=FFFF A0=108E3C A1=3C0002 A2=F703C A3=108F78 A4=10F104A A5=108000 A6=108E3C PC=33692 -- 033692: addq.w  #1, D0
D0=100020 D1=DF90 D2=0 D3=FFFF D4=8402FC0 D5=802180BF D6=842184BF D7=FFFF A0=108E3C A1=3C0002 A2=F703C A3=108F78 A4=10F104A A5=108000 A6=108E3C PC=33694 -- 033694: move.w  #$80, D1
D0=100020 D1=80 D2=0 D3=FFFF D4=8402FC0 D5=802180BF D6=842184BF D7=FFFF A0=108E3C A1=3C0002 A2=F703C A3=108F78 A4=10F104A A5=108000 A6=108E3C PC=33698 -- 033698: sub.w   D0, D1
D0=100020 D1=60 D2=0 D3=FFFF D4=8402FC0 D5=802180BF D6=842184BF D7=FFFF A0=108E3C A1=3C0002 A2=F703C A3=108F78 A4=10F104A A5=108000 A6=108E3C PC=3369A -- 03369A: add.w   D1, D1
D0=100020 D1=C0 D2=0 D3=FFFF D4=8402FC0 D5=802180BF D6=842184BF D7=FFFF A0=108E3C A1=3C0002 A2=F703C A3=108F78 A4=10F104A A5=108000 A6=108E3C PC=3369C -- 03369C: jsr     $2bc5be.l
D0=100020 D1=C0 D2=0 D3=FFFF D4=8402FC0 D5=802180BF D6=842184BF D7=FFFF A0=108E3C A1=3C0002 A2=F703C A3=108F78 A4=10F104A A5=108000 A6=108E3C PC=2BC5BE -- 2BC5BE: lea     $336a6.l, A2
D0=100020 D1=C0 D2=0 D3=FFFF D4=8402FC0 D5=802180BF D6=842184BF D7=FFFF A0=108E3C A1=3C0002 A2=336A6 A3=108F78 A4=10F104A A5=108000 A6=108E3C PC=2BC5C4 -- 2BC5C4: adda.w  D1, A2
D0=100020 D1=C0 D2=0 D3=FFFF D4=8402FC0 D5=802180BF D6=842184BF D7=FFFF A0=108E3C A1=3C0002 A2=33766 A3=108F78 A4=10F104A A5=108000 A6=108E3C PC=2BC5C6 -- 2BC5C6: move.b  $10e8e5.l, D5
D0=100020 D1=C0 D2=0 D3=FFFF D4=8402FC0 D5=80218001 D6=842184BF D7=FFFF A0=108E3C A1=3C0002 A2=33766 A3=108F78 A4=10F104A A5=108000 A6=108E3C PC=2BC5CC -- 2BC5CC: cmpi.b  #$1, D5
D0=100020 D1=C0 D2=0 D3=FFFF D4=8402FC0 D5=80218001 D6=842184BF D7=FFFF A0=108E3C A1=3C0002 A2=33766 A3=108F78 A4=10F104A A5=108000 A6=108E3C PC=2BC5D0 -- 2BC5D0: bne     $2bc5da
D0=100020 D1=C0 D2=0 D3=FFFF D4=8402FC0 D5=80218001 D6=842184BF D7=FFFF A0=108E3C A1=3C0002 A2=33766 A3=108F78 A4=10F104A A5=108000 A6=108E3C PC=2BC5D4 -- 2BC5D4: lea     $337a6.l, A2
D0=100020 D1=C0 D2=0 D3=FFFF D4=8402FC0 D5=80218001 D6=842184BF D7=FFFF A0=108E3C A1=3C0002 A2=337A6 A3=108F78 A4=10F104A A5=108000 A6=108E3C PC=2BC5DA -- 2BC5DA: rts
D0=100020 D1=C0 D2=0 D3=FFFF D4=8402FC0 D5=80218001 D6=842184BF D7=FFFF A0=108E3C A1=3C0002 A2=337A6 A3=108F78 A4=10F104A A5=108000 A6=108E3C PC=336A2 -- 0336A2: nop
D0=100020 D1=C0 D2=0 D3=FFFF D4=8402FC0 D5=80218001 D6=842184BF D7=FFFF A0=108E3C A1=3C0002 A2=337A6 A3=108F78 A4=10F104A A5=108000 A6=108E3C PC=336A4 -- 0336A4: jmp     (A2)
D0=100020 D1=C0 D2=0 D3=FFFF D4=8402FC0 D5=80218001 D6=842184BF D7=FFFF A0=108E3C A1=3C0002 A2=337A6 A3=108F78 A4=10F104A A5=108000 A6=108E3C PC=337A6 -- 0337A6: lea     ($f3c,A5), A0
D0=100020 D1=C0 D2=0 D3=FFFF D4=8402FC0 D5=80218001 D6=842184BF D7=FFFF A0=108F3C A1=3C0002 A2=337A6 A3=108F78 A4=10F104A A5=108000 A6=108E3C PC=337AA -- 0337AA: move.w  ($1046,A5), D0
D0=1000A1 D1=C0 D2=0 D3=FFFF D4=8402FC0 D5=80218001 D6=842184BF D7=FFFF A0=108F3C A1=3C0002 A2=337A6 A3=108F78 A4=10F104A A5=108000 A6=108E3C PC=337AE -- 0337AE: add.w   ($1042,A5), D0
D0=1000A1 D1=C0 D2=0 D3=FFFF D4=8402FC0 D5=80218001 D6=842184BF D7=FFFF A0=108F3C A1=3C0002 A2=337A6 A3=108F78 A4=10F104A A5=108000 A6=108E3C PC=337B2 -- 0337B2: addi.w  #-$7e00, D0
D0=1082A1 D1=C0 D2=0 D3=FFFF D4=8402FC0 D5=80218001 D6=842184BF D7=FFFF A0=108F3C A1=3C0002 A2=337A6 A3=108F78 A4=10F104A A5=108000 A6=108E3C PC=337B6 -- 0337B6: lea     $3c0000.l, A1
D0=1082A1 D1=C0 D2=0 D3=FFFF D4=8402FC0 D5=80218001 D6=842184BF D7=FFFF A0=108F3C A1=3C0000 A2=337A6 A3=108F78 A4=10F104A A5=108000 A6=108E3C PC=337BC -- 0337BC: move.w  D0, (A1)+
D0=1082A1 D1=C0 D2=0 D3=FFFF D4=8402FC0 D5=80218001 D6=842184BF D7=FFFF A0=108F3C A1=3C0002 A2=337A6 A3=108F78 A4=10F104A A5=108000 A6=108E3C PC=337BE -- 0337BE: move.w  ($104a,A5), D0
D0=10006C D1=C0 D2=0 D3=FFFF D4=8402FC0 D5=80218001 D6=842184BF D7=FFFF A0=108F3C A1=3C0002 A2=337A6 A3=108F78 A4=10F104A A5=108000 A6=108E3C PC=337C2 -- 0337C2: addq.w  #1, D0
D0=10006D D1=C0 D2=0 D3=FFFF D4=8402FC0 D5=80218001 D6=842184BF D7=FFFF A0=108F3C A1=3C0002 A2=337A6 A3=108F78 A4=10F104A A5=108000 A6=108E3C PC=337C4 -- 0337C4: move.w  #$80, D1
D0=10006D D1=80 D2=0 D3=FFFF D4=8402FC0 D5=80218001 D6=842184BF D7=FFFF A0=108F3C A1=3C0002 A2=337A6 A3=108F78 A4=10F104A A5=108000 A6=108E3C PC=337C8 -- 0337C8: sub.w   D0, D1
D0=10006D D1=13 D2=0 D3=FFFF D4=8402FC0 D5=80218001 D6=842184BF D7=FFFF A0=108F3C A1=3C0002 A2=337A6 A3=108F78 A4=10F104A A5=108000 A6=108E3C PC=337CA -- 0337CA: add.w   D1, D1
D0=10006D D1=26 D2=0 D3=FFFF D4=8402FC0 D5=80218001 D6=842184BF D7=FFFF A0=108F3C A1=3C0002 A2=337A6 A3=108F78 A4=10F104A A5=108000 A6=108E3C PC=337CC -- 0337CC: jsr     $2bc5a0.l
D0=10006D D1=26 D2=0 D3=FFFF D4=8402FC0 D5=80218001 D6=842184BF D7=FFFF A0=108F3C A1=3C0002 A2=337A6 A3=108F78 A4=10F104A A5=108000 A6=108E3C PC=2BC5A0 -- 2BC5A0: lea     $337d6.l, A2
D0=10006D D1=26 D2=0 D3=FFFF D4=8402FC0 D5=80218001 D6=842184BF D7=FFFF A0=108F3C A1=3C0002 A2=337D6 A3=108F78 A4=10F104A A5=108000 A6=108E3C PC=2BC5A6 -- 2BC5A6: adda.w  D1, A2
D0=10006D D1=26 D2=0 D3=FFFF D4=8402FC0 D5=80218001 D6=842184BF D7=FFFF A0=108F3C A1=3C0002 A2=337FC A3=108F78 A4=10F104A A5=108000 A6=108E3C PC=2BC5A8 -- 2BC5A8: move.b  $10e8e5.l, D5
D0=10006D D1=26 D2=0 D3=FFFF D4=8402FC0 D5=80218001 D6=842184BF D7=FFFF A0=108F3C A1=3C0002 A2=337FC A3=108F78 A4=10F104A A5=108000 A6=108E3C PC=2BC5AE -- 2BC5AE: cmpi.b  #$1, D5
D0=10006D D1=26 D2=0 D3=FFFF D4=8402FC0 D5=80218001 D6=842184BF D7=FFFF A0=108F3C A1=3C0002 A2=337FC A3=108F78 A4=10F104A A5=108000 A6=108E3C PC=2BC5B2 -- 2BC5B2: bne     $2bc5bc
D0=10006D D1=26 D2=0 D3=FFFF D4=8402FC0 D5=80218001 D6=842184BF D7=FFFF A0=108F3C A1=3C0002 A2=337FC A3=108F78 A4=10F104A A5=108000 A6=108E3C PC=2BC5B6 -- 2BC5B6: lea     $338d6.l, A2
D0=10006D D1=26 D2=0 D3=FFFF D4=8402FC0 D5=80218001 D6=842184BF D7=FFFF A0=108F3C A1=3C0002 A2=338D6 A3=108F78 A4=10F104A A5=108000 A6=108E3C PC=2BC5BC -- 2BC5BC: rts
D0=10006D D1=26 D2=0 D3=FFFF D4=8402FC0 D5=80218001 D6=842184BF D7=FFFF A0=108F3C A1=3C0002 A2=338D6 A3=108F78 A4=10F104A A5=108000 A6=108E3C PC=337D2 -- 0337D2: nop
D0=10006D D1=26 D2=0 D3=FFFF D4=8402FC0 D5=80218001 D6=842184BF D7=FFFF A0=108F3C A1=3C0002 A2=338D6 A3=108F78 A4=10F104A A5=108000 A6=108E3C PC=337D4 -- 0337D4: jmp     (A2)
D0=10006D D1=26 D2=0 D3=FFFF D4=8402FC0 D5=80218001 D6=842184BF D7=FFFF A0=108F3C A1=3C0002 A2=338D6 A3=108F78 A4=10F104A A5=108000 A6=108E3C PC=338D6 -- 0338D6: lea     $3c0000.l, A1
D0=10006D D1=26 D2=0 D3=FFFF D4=8402FC0 D5=80218001 D6=842184BF D7=FFFF A0=108F3C A1=3C0000 A2=338D6 A3=108F78 A4=10F104A A5=108000 A6=108E3C PC=338DC -- 0338DC: move.w  ($1044,A5), D0
D0=100021 D1=26 D2=0 D3=FFFF D4=8402FC0 D5=80218001 D6=842184BF D7=FFFF A0=108F3C A1=3C0000 A2=338D6 A3=108F78 A4=10F104A A5=108000 A6=108E3C PC=338E0 -- 0338E0: add.w   ($103c,A5), D0
D0=100041 D1=26 D2=0 D3=FFFF D4=8402FC0 D5=80218001 D6=842184BF D7=FFFF A0=108F3C A1=3C0000 A2=338D6 A3=108F78 A4=10F104A A5=108000 A6=108E3C PC=338E4 -- 0338E4: addi.w  #-$7e00, D0
D0=108241 D1=26 D2=0 D3=FFFF D4=8402FC0 D5=80218001 D6=842184BF D7=FFFF A0=108F3C A1=3C0000 A2=338D6 A3=108F78 A4=10F104A A5=108000 A6=108E3C PC=338E8 -- 0338E8: move.w  D0, (A1)+
D0=108241 D1=26 D2=0 D3=FFFF D4=8402FC0 D5=80218001 D6=842184BF D7=FFFF A0=108F3C A1=3C0002 A2=338D6 A3=108F78 A4=10F104A A5=108000 A6=108E3C PC=338EA -- 0338EA: moveq   #$0, D0
D0=0 D1=26 D2=0 D3=FFFF D4=8402FC0 D5=80218001 D6=842184BF D7=FFFF A0=108F3C A1=3C0002 A2=338D6 A3=108F78 A4=10F104A A5=108000 A6=108E3C PC=338EC -- 0338EC: move.w  ($1048,A5), D1
D0=0 D1=1F D2=0 D3=FFFF D4=8402FC0 D5=80218001 D6=842184BF D7=FFFF A0=108F3C A1=3C0002 A2=338D6 A3=108F78 A4=10F104A A5=108000 A6=108E3C PC=338F0 -- 0338F0: addq.w  #1, D1
D0=0 D1=20 D2=0 D3=FFFF D4=8402FC0 D5=80218001 D6=842184BF D7=FFFF A0=108F3C A1=3C0002 A2=338D6 A3=108F78 A4=10F104A A5=108000 A6=108E3C PC=338F2 -- 0338F2: move.w  #$80, D2
D0=0 D1=20 D2=80 D3=FFFF D4=8402FC0 D5=80218001 D6=842184BF D7=FFFF A0=108F3C A1=3C0002 A2=338D6 A3=108F78 A4=10F104A A5=108000 A6=108E3C PC=338F6 -- 0338F6: sub.w   D1, D2
D0=0 D1=20 D2=60 D3=FFFF D4=8402FC0 D5=80218001 D6=842184BF D7=FFFF A0=108F3C A1=3C0002 A2=338D6 A3=108F78 A4=10F104A A5=108000 A6=108E3C PC=338F8 -- 0338F8: add.w   D2, D2
D0=0 D1=20 D2=C0 D3=FFFF D4=8402FC0 D5=80218001 D6=842184BF D7=FFFF A0=108F3C A1=3C0002 A2=338D6 A3=108F78 A4=10F104A A5=108000 A6=108E3C PC=338FA -- 0338FA: lea     ($8,PC) ; ($33904), A0
D0=0 D1=20 D2=C0 D3=FFFF D4=8402FC0 D5=80218001 D6=842184BF D7=FFFF A0=33904 A1=3C0002 A2=338D6 A3=108F78 A4=10F104A A5=108000 A6=108E3C PC=338FE -- 0338FE: nop
D0=0 D1=20 D2=C0 D3=FFFF D4=8402FC0 D5=80218001 D6=842184BF D7=FFFF A0=33904 A1=3C0002 A2=338D6 A3=108F78 A4=10F104A A5=108000 A6=108E3C PC=33900 -- 033900: adda.w  D2, A0
D0=0 D1=20 D2=C0 D3=FFFF D4=8402FC0 D5=80218001 D6=842184BF D7=FFFF A0=339C4 A1=3C0002 A2=338D6 A3=108F78 A4=10F104A A5=108000 A6=108E3C PC=33902 -- 033902: jmp     (A0)
D0=0 D1=20 D2=C0 D3=FFFF D4=8402FC0 D5=80218001 D6=842184BF D7=FFFF A0=339C4 A1=3C0002 A2=338D6 A3=108F78 A4=10F104A A5=108000 A6=108E3C PC=339C4 -- 0339C4: move.w  D0, (A1)
D0=0 D1=20 D2=C0 D3=FFFF D4=8402FC0 D5=80218001 D6=842184BF D7=FFFF A0=339C4 A1=3C0002 A2=338D6 A3=108F78 A4=10F104A A5=108000 A6=108E3C PC=339C6 -- 0339C6: move.w  D0, (A1)
D0=0 D1=20 D2=C0 D3=FFFF D4=8402FC0 D5=80218001 D6=842184BF D7=FFFF A0=339C4 A1=3C0002 A2=338D6 A3=108F78 A4=10F104A A5=108000 A6=108E3C PC=339C8 -- 0339C8: move.w  D0, (A1)
D0=0 D1=20 D2=C0 D3=FFFF D4=8402FC0 D5=80218001 D6=842184BF D7=FFFF A0=339C4 A1=3C0002 A2=338D6 A3=108F78 A4=10F104A A5=108000 A6=108E3C PC=339CA -- 0339CA: move.w  D0, (A1)
D0=0 D1=20 D2=C0 D3=FFFF D4=8402FC0 D5=80218001 D6=842184BF D7=FFFF A0=339C4 A1=3C0002 A2=338D6 A3=108F78 A4=10F104A A5=108000 A6=108E3C PC=339CC -- 0339CC: move.w  D0, (A1)
D0=0 D1=20 D2=C0 D3=FFFF D4=8402FC0 D5=80218001 D6=842184BF D7=FFFF A0=339C4 A1=3C0002 A2=338D6 A3=108F78 A4=10F104A A5=108000 A6=108E3C PC=339CE -- 0339CE: move.w  D0, (A1)
D0=0 D1=20 D2=C0 D3=FFFF D4=8402FC0 D5=80218001 D6=842184BF D7=FFFF A0=339C4 A1=3C0002 A2=338D6 A3=108F78 A4=10F104A A5=108000 A6=108E3C PC=339D0 -- 0339D0: move.w  D0, (A1)
D0=0 D1=20 D2=C0 D3=FFFF D4=8402FC0 D5=80218001 D6=842184BF D7=FFFF A0=339C4 A1=3C0002 A2=338D6 A3=108F78 A4=10F104A A5=108000 A6=108E3C PC=339D2 -- 0339D2: move.w  D0, (A1)
D0=0 D1=20 D2=C0 D3=FFFF D4=8402FC0 D5=80218001 D6=842184BF D7=FFFF A0=339C4 A1=3C0002 A2=338D6 A3=108F78 A4=10F104A A5=108000 A6=108E3C PC=339D4 -- 0339D4: move.w  D0, (A1)
D0=0 D1=20 D2=C0 D3=FFFF D4=8402FC0 D5=80218001 D6=842184BF D7=FFFF A0=339C4 A1=3C0002 A2=338D6 A3=108F78 A4=10F104A A5=108000 A6=108E3C PC=339D6 -- 0339D6: move.w  D0, (A1)
D0=0 D1=20 D2=C0 D3=FFFF D4=8402FC0 D5=80218001 D6=842184BF D7=FFFF A0=339C4 A1=3C0002 A2=338D6 A3=108F78 A4=10F104A A5=108000 A6=108E3C PC=339D8 -- 0339D8: move.w  D0, (A1)
D0=0 D1=20 D2=C0 D3=FFFF D4=8402FC0 D5=80218001 D6=842184BF D7=FFFF A0=339C4 A1=3C0002 A2=338D6 A3=108F78 A4=10F104A A5=108000 A6=108E3C PC=339DA -- 0339DA: move.w  D0, (A1)
D0=0 D1=20 D2=C0 D3=FFFF D4=8402FC0 D5=80218001 D6=842184BF D7=FFFF A0=339C4 A1=3C0002 A2=338D6 A3=108F78 A4=10F104A A5=108000 A6=108E3C PC=339DC -- 0339DC: move.w  D0, (A1)
D0=0 D1=20 D2=C0 D3=FFFF D4=8402FC0 D5=80218001 D6=842184BF D7=FFFF A0=339C4 A1=3C0002 A2=338D6 A3=108F78 A4=10F104A A5=108000 A6=108E3C PC=339DE -- 0339DE: move.w  D0, (A1)
D0=0 D1=20 D2=C0 D3=FFFF D4=8402FC0 D5=80218001 D6=842184BF D7=FFFF A0=339C4 A1=3C0002 A2=338D6 A3=108F78 A4=10F104A A5=108000 A6=108E3C PC=339E0 -- 0339E0: move.w  D0, (A1)
D0=0 D1=20 D2=C0 D3=FFFF D4=8402FC0 D5=80218001 D6=842184BF D7=FFFF A0=339C4 A1=3C0002 A2=338D6 A3=108F78 A4=10F104A A5=108000 A6=108E3C PC=339E2 -- 0339E2: move.w  D0, (A1)
D0=0 D1=20 D2=C0 D3=FFFF D4=8402FC0 D5=80218001 D6=842184BF D7=FFFF A0=339C4 A1=3C0002 A2=338D6 A3=108F78 A4=10F104A A5=108000 A6=108E3C PC=339E4 -- 0339E4: move.w  D0, (A1)
D0=0 D1=20 D2=C0 D3=FFFF D4=8402FC0 D5=80218001 D6=842184BF D7=FFFF A0=339C4 A1=3C0002 A2=338D6 A3=108F78 A4=10F104A A5=108000 A6=108E3C PC=339E6 -- 0339E6: move.w  D0, (A1)
D0=0 D1=20 D2=C0 D3=FFFF D4=8402FC0 D5=80218001 D6=842184BF D7=FFFF A0=339C4 A1=3C0002 A2=338D6 A3=108F78 A4=10F104A A5=108000 A6=108E3C PC=339E8 -- 0339E8: move.w  D0, (A1)
D0=0 D1=20 D2=C0 D3=FFFF D4=8402FC0 D5=80218001 D6=842184BF D7=FFFF A0=339C4 A1=3C0002 A2=338D6 A3=108F78 A4=10F104A A5=108000 A6=108E3C PC=339EA -- 0339EA: move.w  D0, (A1)
D0=0 D1=20 D2=C0 D3=FFFF D4=8402FC0 D5=80218001 D6=842184BF D7=FFFF A0=339C4 A1=3C0002 A2=338D6 A3=108F78 A4=10F104A A5=108000 A6=108E3C PC=339EC -- 0339EC: move.w  D0, (A1)
D0=0 D1=20 D2=C0 D3=FFFF D4=8402FC0 D5=80218001 D6=842184BF D7=FFFF A0=339C4 A1=3C0002 A2=338D6 A3=108F78 A4=10F104A A5=108000 A6=108E3C PC=339EE -- 0339EE: move.w  D0, (A1)
D0=0 D1=20 D2=C0 D3=FFFF D4=8402FC0 D5=80218001 D6=842184BF D7=FFFF A0=339C4 A1=3C0002 A2=338D6 A3=108F78 A4=10F104A A5=108000 A6=108E3C PC=339F0 -- 0339F0: move.w  D0, (A1)
D0=0 D1=20 D2=C0 D3=FFFF D4=8402FC0 D5=80218001 D6=842184BF D7=FFFF A0=339C4 A1=3C0002 A2=338D6 A3=108F78 A4=10F104A A5=108000 A6=108E3C PC=339F2 -- 0339F2: move.w  D0, (A1)
D0=0 D1=20 D2=C0 D3=FFFF D4=8402FC0 D5=80218001 D6=842184BF D7=FFFF A0=339C4 A1=3C0002 A2=338D6 A3=108F78 A4=10F104A A5=108000 A6=108E3C PC=339F4 -- 0339F4: move.w  D0, (A1)
D0=0 D1=20 D2=C0 D3=FFFF D4=8402FC0 D5=80218001 D6=842184BF D7=FFFF A0=339C4 A1=3C0002 A2=338D6 A3=108F78 A4=10F104A A5=108000 A6=108E3C PC=339F6 -- 0339F6: move.w  D0, (A1)
D0=0 D1=20 D2=C0 D3=FFFF D4=8402FC0 D5=80218001 D6=842184BF D7=FFFF A0=339C4 A1=3C0002 A2=338D6 A3=108F78 A4=10F104A A5=108000 A6=108E3C PC=339F8 -- 0339F8: move.w  D0, (A1)
D0=0 D1=20 D2=C0 D3=FFFF D4=8402FC0 D5=80218001 D6=842184BF D7=FFFF A0=339C4 A1=3C0002 A2=338D6 A3=108F78 A4=10F104A A5=108000 A6=108E3C PC=339FA -- 0339FA: move.w  D0, (A1)
D0=0 D1=20 D2=C0 D3=FFFF D4=8402FC0 D5=80218001 D6=842184BF D7=FFFF A0=339C4 A1=3C0002 A2=338D6 A3=108F78 A4=10F104A A5=108000 A6=108E3C PC=339FC -- 0339FC: move.w  D0, (A1)
D0=0 D1=20 D2=C0 D3=FFFF D4=8402FC0 D5=80218001 D6=842184BF D7=FFFF A0=339C4 A1=3C0002 A2=338D6 A3=108F78 A4=10F104A A5=108000 A6=108E3C PC=339FE -- 0339FE: move.w  D0, (A1)
D0=0 D1=20 D2=C0 D3=FFFF D4=8402FC0 D5=80218001 D6=842184BF D7=FFFF A0=339C4 A1=3C0002 A2=338D6 A3=108F78 A4=10F104A A5=108000 A6=108E3C PC=33A00 -- 033A00: move.w  D0, (A1)
D0=0 D1=20 D2=C0 D3=FFFF D4=8402FC0 D5=80218001 D6=842184BF D7=FFFF A0=339C4 A1=3C0002 A2=338D6 A3=108F78 A4=10F104A A5=108000 A6=108E3C PC=33A02 -- 033A02: move.w  D0, (A1)
D0=0 D1=20 D2=C0 D3=FFFF D4=8402FC0 D5=80218001 D6=842184BF D7=FFFF A0=339C4 A1=3C0002 A2=338D6 A3=108F78 A4=10F104A A5=108000 A6=108E3C PC=33A04 -- 033A04: lea     $3c0000.l, A1
D0=0 D1=20 D2=C0 D3=FFFF D4=8402FC0 D5=80218001 D6=842184BF D7=FFFF A0=339C4 A1=3C0000 A2=338D6 A3=108F78 A4=10F104A A5=108000 A6=108E3C PC=33A0A -- 033A0A: move.w  ($1046,A5), D0
D0=A1 D1=20 D2=C0 D3=FFFF D4=8402FC0 D5=80218001 D6=842184BF D7=FFFF A0=339C4 A1=3C0000 A2=338D6 A3=108F78 A4=10F104A A5=108000 A6=108E3C PC=33A0E -- 033A0E: add.w   ($103e,A5), D0
D0=10E D1=20 D2=C0 D3=FFFF D4=8402FC0 D5=80218001 D6=842184BF D7=FFFF A0=339C4 A1=3C0000 A2=338D6 A3=108F78 A4=10F104A A5=108000 A6=108E3C PC=33A12 -- 033A12: addi.w  #-$7e00, D0
D0=830E D1=20 D2=C0 D3=FFFF D4=8402FC0 D5=80218001 D6=842184BF D7=FFFF A0=339C4 A1=3C0000 A2=338D6 A3=108F78 A4=10F104A A5=108000 A6=108E3C PC=33A16 -- 033A16: move.w  D0, (A1)+
D0=830E D1=20 D2=C0 D3=FFFF D4=8402FC0 D5=80218001 D6=842184BF D7=FFFF A0=339C4 A1=3C0002 A2=338D6 A3=108F78 A4=10F104A A5=108000 A6=108E3C PC=33A18 -- 033A18: moveq   #$0, D0
D0=0 D1=20 D2=C0 D3=FFFF D4=8402FC0 D5=80218001 D6=842184BF D7=FFFF A0=339C4 A1=3C0002 A2=338D6 A3=108F78 A4=10F104A A5=108000 A6=108E3C PC=33A1A -- 033A1A: move.w  ($104a,A5), D1
D0=0 D1=6C D2=C0 D3=FFFF D4=8402FC0 D5=80218001 D6=842184BF D7=FFFF A0=339C4 A1=3C0002 A2=338D6 A3=108F78 A4=10F104A A5=108000 A6=108E3C PC=33A1E -- 033A1E: addq.w  #1, D1
D0=0 D1=6D D2=C0 D3=FFFF D4=8402FC0 D5=80218001 D6=842184BF D7=FFFF A0=339C4 A1=3C0002 A2=338D6 A3=108F78 A4=10F104A A5=108000 A6=108E3C PC=33A20 -- 033A20: move.w  #$80, D2
D0=0 D1=6D D2=80 D3=FFFF D4=8402FC0 D5=80218001 D6=842184BF D7=FFFF A0=339C4 A1=3C0002 A2=338D6 A3=108F78 A4=10F104A A5=108000 A6=108E3C PC=33A24 -- 033A24: sub.w   D1, D2
D0=0 D1=6D D2=13 D3=FFFF D4=8402FC0 D5=80218001 D6=842184BF D7=FFFF A0=339C4 A1=3C0002 A2=338D6 A3=108F78 A4=10F104A A5=108000 A6=108E3C PC=33A26 -- 033A26: add.w   D2, D2
D0=0 D1=6D D2=26 D3=FFFF D4=8402FC0 D5=80218001 D6=842184BF D7=FFFF A0=339C4 A1=3C0002 A2=338D6 A3=108F78 A4=10F104A A5=108000 A6=108E3C PC=33A28 -- 033A28: jsr     $2bc582.l
D0=0 D1=6D D2=26 D3=FFFF D4=8402FC0 D5=80218001 D6=842184BF D7=FFFF A0=339C4 A1=3C0002 A2=338D6 A3=108F78 A4=10F104A A5=108000 A6=108E3C PC=2BC582 -- 2BC582: lea     $33a32.l, A0
D0=0 D1=6D D2=26 D3=FFFF D4=8402FC0 D5=80218001 D6=842184BF D7=FFFF A0=33A32 A1=3C0002 A2=338D6 A3=108F78 A4=10F104A A5=108000 A6=108E3C PC=2BC588 -- 2BC588: adda.w  D2, A0
D0=0 D1=6D D2=26 D3=FFFF D4=8402FC0 D5=80218001 D6=842184BF D7=FFFF A0=33A58 A1=3C0002 A2=338D6 A3=108F78 A4=10F104A A5=108000 A6=108E3C PC=2BC58A -- 2BC58A: move.b  $10e8e5.l, D5
D0=0 D1=6D D2=26 D3=FFFF D4=8402FC0 D5=80218001 D6=842184BF D7=FFFF A0=33A58 A1=3C0002 A2=338D6 A3=108F78 A4=10F104A A5=108000 A6=108E3C PC=2BC590 -- 2BC590: cmpi.b  #$1, D5
D0=0 D1=6D D2=26 D3=FFFF D4=8402FC0 D5=80218001 D6=842184BF D7=FFFF A0=33A58 A1=3C0002 A2=338D6 A3=108F78 A4=10F104A A5=108000 A6=108E3C PC=2BC594 -- 2BC594: bne     $2bc59e
D0=0 D1=6D D2=26 D3=FFFF D4=8402FC0 D5=80218001 D6=842184BF D7=FFFF A0=33A58 A1=3C0002 A2=338D6 A3=108F78 A4=10F104A A5=108000 A6=108E3C PC=2BC598 -- 2BC598: lea     $33b32.l, A0
D0=0 D1=6D D2=26 D3=FFFF D4=8402FC0 D5=80218001 D6=842184BF D7=FFFF A0=33B32 A1=3C0002 A2=338D6 A3=108F78 A4=10F104A A5=108000 A6=108E3C PC=2BC59E -- 2BC59E: rts
D0=0 D1=6D D2=26 D3=FFFF D4=8402FC0 D5=80218001 D6=842184BF D7=FFFF A0=33B32 A1=3C0002 A2=338D6 A3=108F78 A4=10F104A A5=108000 A6=108E3C PC=33A2E -- 033A2E: nop
D0=0 D1=6D D2=26 D3=FFFF D4=8402FC0 D5=80218001 D6=842184BF D7=FFFF A0=33B32 A1=3C0002 A2=338D6 A3=108F78 A4=10F104A A5=108000 A6=108E3C PC=33A30 -- 033A30: jmp     (A0)
D0=0 D1=6D D2=26 D3=FFFF D4=8402FC0 D5=80218001 D6=842184BF D7=FFFF A0=33B32 A1=3C0002 A2=338D6 A3=108F78 A4=10F104A A5=108000 A6=108E3C PC=33B32 -- 033B32: rts
D0=0 D1=6D D2=26 D3=FFFF D4=8402FC0 D5=80218001 D6=842184BF D7=FFFF A0=33B32 A1=3C0002 A2=338D6 A3=108F78 A4=10F104A A5=108000 A6=108E3C PC=32BDC -- 032BDC: bsr     $33be2
D0=0 D1=6D D2=26 D3=FFFF D4=8402FC0 D5=80218001 D6=842184BF D7=FFFF A0=33B32 A1=3C0002 A2=338D6 A3=108F78 A4=10F104A A5=108000 A6=108E3C PC=33BE2 -- 033BE2: tst.b   ($1798,A5)
D0=0 D1=6D D2=26 D3=FFFF D4=8402FC0 D5=80218001 D6=842184BF D7=FFFF A0=33B32 A1=3C0002 A2=338D6 A3=108F78 A4=10F104A A5=108000 A6=108E3C PC=33BE6 -- 033BE6: beq     $33c46
D0=0 D1=6D D2=26 D3=FFFF D4=8402FC0 D5=80218001 D6=842184BF D7=FFFF A0=33B32 A1=3C0002 A2=338D6 A3=108F78 A4=10F104A A5=108000 A6=108E3C PC=33C46 -- 033C46: rts
D0=0 D1=6D D2=26 D3=FFFF D4=8402FC0 D5=80218001 D6=842184BF D7=FFFF A0=33B32 A1=3C0002 A2=338D6 A3=108F78 A4=10F104A A5=108000 A6=108E3C PC=32BE0 -- 032BE0: bsr     $33b34
D0=0 D1=6D D2=26 D3=FFFF D4=8402FC0 D5=80218001 D6=842184BF D7=FFFF A0=33B32 A1=3C0002 A2=338D6 A3=108F78 A4=10F104A A5=108000 A6=108E3C PC=33B34 -- 033B34: tst.b   ($168e,A5)
D0=0 D1=6D D2=26 D3=FFFF D4=8402FC0 D5=80218001 D6=842184BF D7=FFFF A0=33B32 A1=3C0002 A2=338D6 A3=108F78 A4=10F104A A5=108000 A6=108E3C PC=33B38 -- 033B38: beq     $33be0
D0=0 D1=6D D2=26 D3=FFFF D4=8402FC0 D5=80218001 D6=842184BF D7=FFFF A0=33B32 A1=3C0002 A2=338D6 A3=108F78 A4=10F104A A5=108000 A6=108E3C PC=33BE0 -- 033BE0: rts
D0=0 D1=6D D2=26 D3=FFFF D4=8402FC0 D5=80218001 D6=842184BF D7=FFFF A0=33B32 A1=3C0002 A2=338D6 A3=108F78 A4=10F104A A5=108000 A6=108E3C PC=32BE4 -- 032BE4: jsr     $6536.l
D0=0 D1=6D D2=26 D3=FFFF D4=8402FC0 D5=80218001 D6=842184BF D7=FFFF A0=33B32 A1=3C0002 A2=338D6 A3=108F78 A4=10F104A A5=108000 A6=108E3C PC=6536 -- 006536: moveq   #$0, D0
D0=0 D1=6D D2=26 D3=FFFF D4=8402FC0 D5=80218001 D6=842184BF D7=FFFF A0=33B32 A1=3C0002 A2=338D6 A3=108F78 A4=10F104A A5=108000 A6=108E3C PC=6538 -- 006538: lea     ($38c4,A5), A0
D0=0 D1=6D D2=26 D3=FFFF D4=8402FC0 D5=80218001 D6=842184BF D7=FFFF A0=10B8C4 A1=3C0002 A2=338D6 A3=108F78 A4=10F104A A5=108000 A6=108E3C PC=653C -- 00653C: move.b  ($38bd,A5), D0
D0=22 D1=6D D2=26 D3=FFFF D4=8402FC0 D5=80218001 D6=842184BF D7=FFFF A0=10B8C4 A1=3C0002 A2=338D6 A3=108F78 A4=10F104A A5=108000 A6=108E3C PC=6540 -- 006540: cmp.b   ($38bc,A5), D0
D0=22 D1=6D D2=26 D3=FFFF D4=8402FC0 D5=80218001 D6=842184BF D7=FFFF A0=10B8C4 A1=3C0002 A2=338D6 A3=108F78 A4=10F104A A5=108000 A6=108E3C PC=6544 -- 006544: beq     $655c
D0=22 D1=6D D2=26 D3=FFFF D4=8402FC0 D5=80218001 D6=842184BF D7=FFFF A0=10B8C4 A1=3C0002 A2=338D6 A3=108F78 A4=10F104A A5=108000 A6=108E3C PC=6546 -- 006546: addq.b  #1, ($38bd,A5)
D0=22 D1=6D D2=26 D3=FFFF D4=8402FC0 D5=80218001 D6=842184BF D7=FFFF A0=10B8C4 A1=3C0002 A2=338D6 A3=108F78 A4=10F104A A5=108000 A6=108E3C PC=654A -- 00654A: move.b  (A0,D0.w), D0
D0=0 D1=6D D2=26 D3=FFFF D4=8402FC0 D5=80218001 D6=842184BF D7=FFFF A0=10B8C4 A1=3C0002 A2=338D6 A3=108F78 A4=10F104A A5=108000 A6=108E3C PC=654E -- 00654E: beq     $653c
D0=0 D1=6D D2=26 D3=FFFF D4=8402FC0 D5=80218001 D6=842184BF D7=FFFF A0=10B8C4 A1=3C0002 A2=338D6 A3=108F78 A4=10F104A A5=108000 A6=108E3C PC=653C -- 00653C: move.b  ($38bd,A5), D0
D0=23 D1=6D D2=26 D3=FFFF D4=8402FC0 D5=80218001 D6=842184BF D7=FFFF A0=10B8C4 A1=3C0002 A2=338D6 A3=108F78 A4=10F104A A5=108000 A6=108E3C PC=6540 -- 006540: cmp.b   ($38bc,A5), D0
D0=23 D1=6D D2=26 D3=FFFF D4=8402FC0 D5=80218001 D6=842184BF D7=FFFF A0=10B8C4 A1=3C0002 A2=338D6 A3=108F78 A4=10F104A A5=108000 A6=108E3C PC=6544 -- 006544: beq     $655c
D0=23 D1=6D D2=26 D3=FFFF D4=8402FC0 D5=80218001 D6=842184BF D7=FFFF A0=10B8C4 A1=3C0002 A2=338D6 A3=108F78 A4=10F104A A5=108000 A6=108E3C PC=6546 -- 006546: addq.b  #1, ($38bd,A5)
D0=23 D1=6D D2=26 D3=FFFF D4=8402FC0 D5=80218001 D6=842184BF D7=FFFF A0=10B8C4 A1=3C0002 A2=338D6 A3=108F78 A4=10F104A A5=108000 A6=108E3C PC=654A -- 00654A: move.b  (A0,D0.w), D0
D0=61 D1=6D D2=26 D3=FFFF D4=8402FC0 D5=80218001 D6=842184BF D7=FFFF A0=10B8C4 A1=3C0002 A2=338D6 A3=108F78 A4=10F104A A5=108000 A6=108E3C PC=654E -- 00654E: beq     $653c
D0=61 D1=6D D2=26 D3=FFFF D4=8402FC0 D5=80218001 D6=842184BF D7=FFFF A0=10B8C4 A1=3C0002 A2=338D6 A3=108F78 A4=10F104A A5=108000 A6=108E3C PC=6550 -- 006550: cmpi.b  #$1, D0
D0=61 D1=6D D2=26 D3=FFFF D4=8402FC0 D5=80218001 D6=842184BF D7=FFFF A0=10B8C4 A1=3C0002 A2=338D6 A3=108F78 A4=10F104A A5=108000 A6=108E3C PC=6554 -- 006554: beq     $655c
D0=61 D1=6D D2=26 D3=FFFF D4=8402FC0 D5=80218001 D6=842184BF D7=FFFF A0=10B8C4 A1=3C0002 A2=338D6 A3=108F78 A4=10F104A A5=108000 A6=108E3C PC=6556 -- 006556: jsr     $2bb8bc.l
D0=61 D1=6D D2=26 D3=FFFF D4=8402FC0 D5=80218001 D6=842184BF D7=FFFF A0=10B8C4 A1=3C0002 A2=338D6 A3=108F78 A4=10F104A A5=108000 A6=108E3C PC=2BB8BC -- 2BB8BC: cmpi.b  #$1, $10e8e5.l
D0=61 D1=6D D2=26 D3=FFFF D4=8402FC0 D5=80218001 D6=842184BF D7=FFFF A0=10B8C4 A1=3C0002 A2=338D6 A3=108F78 A4=10F104A A5=108000 A6=108E3C PC=2BB8C4 -- 2BB8C4: bne     $2bb90c
D0=61 D1=6D D2=26 D3=FFFF D4=8402FC0 D5=80218001 D6=842184BF D7=FFFF A0=10B8C4 A1=3C0002 A2=338D6 A3=108F78 A4=10F104A A5=108000 A6=108E3C PC=2BB8C8 -- 2BB8C8: cmpi.b  #$3, $10eb04.l
D0=61 D1=6D D2=26 D3=FFFF D4=8402FC0 D5=80218001 D6=842184BF D7=FFFF A0=10B8C4 A1=3C0002 A2=338D6 A3=108F78 A4=10F104A A5=108000 A6=108E3C PC=2BB8D0 -- 2BB8D0: beq     $2bb90c
D0=61 D1=6D D2=26 D3=FFFF D4=8402FC0 D5=80218001 D6=842184BF D7=FFFF A0=10B8C4 A1=3C0002 A2=338D6 A3=108F78 A4=10F104A A5=108000 A6=108E3C PC=2BB8D4 -- 2BB8D4: cmpi.b  #$4, $10eb04.l
D0=61 D1=6D D2=26 D3=FFFF D4=8402FC0 D5=80218001 D6=842184BF D7=FFFF A0=10B8C4 A1=3C0002 A2=338D6 A3=108F78 A4=10F104A A5=108000 A6=108E3C PC=2BB8DC -- 2BB8DC: beq     $2bb90c
D0=61 D1=6D D2=26 D3=FFFF D4=8402FC0 D5=80218001 D6=842184BF D7=FFFF A0=10B8C4 A1=3C0002 A2=338D6 A3=108F78 A4=10F104A A5=108000 A6=108E3C PC=2BB8E0 -- 2BB8E0: cmpi.b  #$61, D0
D0=61 D1=6D D2=26 D3=FFFF D4=8402FC0 D5=80218001 D6=842184BF D7=FFFF A0=10B8C4 A1=3C0002 A2=338D6 A3=108F78 A4=10F104A A5=108000 A6=108E3C PC=2BB8E4 -- 2BB8E4: bne     $2bb8f8
D0=61 D1=6D D2=26 D3=FFFF D4=8402FC0 D5=80218001 D6=842184BF D7=FFFF A0=10B8C4 A1=3C0002 A2=338D6 A3=108F78 A4=10F104A A5=108000 A6=108E3C PC=2BB8E8 -- 2BB8E8: cmpi.b  #$1, $10e8e6.l
D0=61 D1=6D D2=26 D3=FFFF D4=8402FC0 D5=80218001 D6=842184BF D7=FFFF A0=10B8C4 A1=3C0002 A2=338D6 A3=108F78 A4=10F104A A5=108000 A6=108E3C PC=2BB8F0 -- 2BB8F0: beq     $2bb904
D0=61 D1=6D D2=26 D3=FFFF D4=8402FC0 D5=80218001 D6=842184BF D7=FFFF A0=10B8C4 A1=3C0002 A2=338D6 A3=108F78 A4=10F104A A5=108000 A6=108E3C PC=2BB8F4 -- 2BB8F4: bra     $2bb912
D0=61 D1=6D D2=26 D3=FFFF D4=8402FC0 D5=80218001 D6=842184BF D7=FFFF A0=10B8C4 A1=3C0002 A2=338D6 A3=108F78 A4=10F104A A5=108000 A6=108E3C PC=2BB912 -- 2BB912: rts
D0=61 D1=6D D2=26 D3=FFFF D4=8402FC0 D5=80218001 D6=842184BF D7=FFFF A0=10B8C4 A1=3C0002 A2=338D6 A3=108F78 A4=10F104A A5=108000 A6=108E3C PC=655C -- 00655C: rts
D0=61 D1=6D D2=26 D3=FFFF D4=8402FC0 D5=80218001 D6=842184BF D7=FFFF A0=10B8C4 A1=3C0002 A2=338D6 A3=108F78 A4=10F104A A5=108000 A6=108E3C PC=32BEA -- 032BEA: bsr     $32dca
D0=61 D1=6D D2=26 D3=FFFF D4=8402FC0 D5=80218001 D6=842184BF D7=FFFF A0=10B8C4 A1=3C0002 A2=338D6 A3=108F78 A4=10F104A A5=108000 A6=108E3C PC=32DCA -- 032DCA: move.b  $380000.l, D0
D0=FF D1=6D D2=26 D3=FFFF D4=8402FC0 D5=80218001 D6=842184BF D7=FFFF A0=10B8C4 A1=3C0002 A2=338D6 A3=108F78 A4=10F104A A5=108000 A6=108E3C PC=32DD0 -- 032DD0: not.b   D0
D0=0 D1=6D D2=26 D3=FFFF D4=8402FC0 D5=80218001 D6=842184BF D7=FFFF A0=10B8C4 A1=3C0002 A2=338D6 A3=108F78 A4=10F104A A5=108000 A6=108E3C PC=32DD2 -- 032DD2: move.b  ($39c6,A5), D1
D0=0 D1=0 D2=26 D3=FFFF D4=8402FC0 D5=80218001 D6=842184BF D7=FFFF A0=10B8C4 A1=3C0002 A2=338D6 A3=108F78 A4=10F104A A5=108000 A6=108E3C PC=32DD6 -- 032DD6: move.b  D0, ($39c6,A5)
D0=0 D1=0 D2=26 D3=FFFF D4=8402FC0 D5=80218001 D6=842184BF D7=FFFF A0=10B8C4 A1=3C0002 A2=338D6 A3=108F78 A4=10F104A A5=108000 A6=108E3C PC=32DDA -- 032DDA: move.b  D1, ($39c9,A5)
D0=0 D1=0 D2=26 D3=FFFF D4=8402FC0 D5=80218001 D6=842184BF D7=FFFF A0=10B8C4 A1=3C0002 A2=338D6 A3=108F78 A4=10F104A A5=108000 A6=108E3C PC=32DDE -- 032DDE: move.b  D1, D2
D0=0 D1=0 D2=0 D3=FFFF D4=8402FC0 D5=80218001 D6=842184BF D7=FFFF A0=10B8C4 A1=3C0002 A2=338D6 A3=108F78 A4=10F104A A5=108000 A6=108E3C PC=32DE0 -- 032DE0: and.b   D0, D1
D0=0 D1=0 D2=0 D3=FFFF D4=8402FC0 D5=80218001 D6=842184BF D7=FFFF A0=10B8C4 A1=3C0002 A2=338D6 A3=108F78 A4=10F104A A5=108000 A6=108E3C PC=32DE2 -- 032DE2: move.b  D1, ($39f5,A5)
D0=0 D1=0 D2=0 D3=FFFF D4=8402FC0 D5=80218001 D6=842184BF D7=FFFF A0=10B8C4 A1=3C0002 A2=338D6 A3=108F78 A4=10F104A A5=108000 A6=108E3C PC=32DE6 -- 032DE6: move.b  D2, D1
D0=0 D1=0 D2=0 D3=FFFF D4=8402FC0 D5=80218001 D6=842184BF D7=FFFF A0=10B8C4 A1=3C0002 A2=338D6 A3=108F78 A4=10F104A A5=108000 A6=108E3C PC=32DE8 -- 032DE8: eor.b   D0, D1
D0=0 D1=0 D2=0 D3=FFFF D4=8402FC0 D5=80218001 D6=842184BF D7=FFFF A0=10B8C4 A1=3C0002 A2=338D6 A3=108F78 A4=10F104A A5=108000 A6=108E3C PC=32DEA -- 032DEA: and.b   D1, D2
D0=0 D1=0 D2=0 D3=FFFF D4=8402FC0 D5=80218001 D6=842184BF D7=FFFF A0=10B8C4 A1=3C0002 A2=338D6 A3=108F78 A4=10F104A A5=108000 A6=108E3C PC=32DEC -- 032DEC: move.b  D2, ($39f7,A5)
D0=0 D1=0 D2=0 D3=FFFF D4=8402FC0 D5=80218001 D6=842184BF D7=FFFF A0=10B8C4 A1=3C0002 A2=338D6 A3=108F78 A4=10F104A A5=108000 A6=108E3C PC=32DF0 -- 032DF0: and.b   D1, D0
D0=0 D1=0 D2=0 D3=FFFF D4=8402FC0 D5=80218001 D6=842184BF D7=FFFF A0=10B8C4 A1=3C0002 A2=338D6 A3=108F78 A4=10F104A A5=108000 A6=108E3C PC=32DF2 -- 032DF2: move.b  D0, ($39f6,A5)
D0=0 D1=0 D2=0 D3=FFFF D4=8402FC0 D5=80218001 D6=842184BF D7=FFFF A0=10B8C4 A1=3C0002 A2=338D6 A3=108F78 A4=10F104A A5=108000 A6=108E3C PC=32DF6 -- 032DF6: lea     ($39f9,A5), A0
D0=0 D1=0 D2=0 D3=FFFF D4=8402FC0 D5=80218001 D6=842184BF D7=FFFF A0=10B9F9 A1=3C0002 A2=338D6 A3=108F78 A4=10F104A A5=108000 A6=108E3C PC=32DFA -- 032DFA: lea     ($39f8,A5), A1
D0=0 D1=0 D2=0 D3=FFFF D4=8402FC0 D5=80218001 D6=842184BF D7=FFFF A0=10B9F9 A1=10B9F8 A2=338D6 A3=108F78 A4=10F104A A5=108000 A6=108E3C PC=32DFE -- 032DFE: move.b  ($39f5,A5), D0
D0=0 D1=0 D2=0 D3=FFFF D4=8402FC0 D5=80218001 D6=842184BF D7=FFFF A0=10B9F9 A1=10B9F8 A2=338D6 A3=108F78 A4=10F104A A5=108000 A6=108E3C PC=32E02 -- 032E02: bsr     $32e08
D0=0 D1=0 D2=0 D3=FFFF D4=8402FC0 D5=80218001 D6=842184BF D7=FFFF A0=10B9F9 A1=10B9F8 A2=338D6 A3=108F78 A4=10F104A A5=108000 A6=108E3C PC=32E08 -- 032E08: moveq   #$7, D1
D0=0 D1=7 D2=0 D3=FFFF D4=8402FC0 D5=80218001 D6=842184BF D7=FFFF A0=10B9F9 A1=10B9F8 A2=338D6 A3=108F78 A4=10F104A A5=108000 A6=108E3C PC=32E0A -- 032E0A: move.b  (-$2,A1), (A1)
D0=0 D1=7 D2=0 D3=FFFF D4=8402FC0 D5=80218001 D6=842184BF D7=FFFF A0=10B9F9 A1=10B9F8 A2=338D6 A3=108F78 A4=10F104A A5=108000 A6=108E3C PC=32E0E -- 032E0E: addq.b  #1, (A0)+
D0=0 D1=7 D2=0 D3=FFFF D4=8402FC0 D5=80218001 D6=842184BF D7=FFFF A0=10B9FA A1=10B9F8 A2=338D6 A3=108F78 A4=10F104A A5=108000 A6=108E3C PC=32E10 -- 032E10: bne     $32e18
D0=0 D1=7 D2=0 D3=FFFF D4=8402FC0 D5=80218001 D6=842184BF D7=FFFF A0=10B9FA A1=10B9F8 A2=338D6 A3=108F78 A4=10F104A A5=108000 A6=108E3C PC=32E18 -- 032E18: rol.b   #1, D0
D0=0 D1=7 D2=0 D3=FFFF D4=8402FC0 D5=80218001 D6=842184BF D7=FFFF A0=10B9FA A1=10B9F8 A2=338D6 A3=108F78 A4=10F104A A5=108000 A6=108E3C PC=32E1A -- 032E1A: bcs     $32e20
D0=0 D1=7 D2=0 D3=FFFF D4=8402FC0 D5=80218001 D6=842184BF D7=FFFF A0=10B9FA A1=10B9F8 A2=338D6 A3=108F78 A4=10F104A A5=108000 A6=108E3C PC=32E1C -- 032E1C: clr.b   (-$1,A0)
D0=0 D1=7 D2=0 D3=FFFF D4=8402FC0 D5=80218001 D6=842184BF D7=FFFF A0=10B9FA A1=10B9F8 A2=338D6 A3=108F78 A4=10F104A A5=108000 A6=108E3C PC=32E20 -- 032E20: move.b  (-$1,A0), D5
D0=0 D1=7 D2=0 D3=FFFF D4=8402FC0 D5=80218000 D6=842184BF D7=FFFF A0=10B9FA A1=10B9F8 A2=338D6 A3=108F78 A4=10F104A A5=108000 A6=108E3C PC=32E24 -- 032E24: cmp.b   ($3a05,A5), D5
D0=0 D1=7 D2=0 D3=FFFF D4=8402FC0 D5=80218000 D6=842184BF D7=FFFF A0=10B9FA A1=10B9F8 A2=338D6 A3=108F78 A4=10F104A A5=108000 A6=108E3C PC=32E28 -- 032E28: bls     $32e3a
D0=0 D1=7 D2=0 D3=FFFF D4=8402FC0 D5=80218000 D6=842184BF D7=FFFF A0=10B9FA A1=10B9F8 A2=338D6 A3=108F78 A4=10F104A A5=108000 A6=108E3C PC=32E3A -- 032E3A: dbra    D1, $32e0e
D0=0 D1=6 D2=0 D3=FFFF D4=8402FC0 D5=80218000 D6=842184BF D7=FFFF A0=10B9FA A1=10B9F8 A2=338D6 A3=108F78 A4=10F104A A5=108000 A6=108E3C PC=32E0E -- 032E0E: addq.b  #1, (A0)+
D0=0 D1=6 D2=0 D3=FFFF D4=8402FC0 D5=80218000 D6=842184BF D7=FFFF A0=10B9FB A1=10B9F8 A2=338D6 A3=108F78 A4=10F104A A5=108000 A6=108E3C PC=32E10 -- 032E10: bne     $32e18
D0=0 D1=6 D2=0 D3=FFFF D4=8402FC0 D5=80218000 D6=842184BF D7=FFFF A0=10B9FB A1=10B9F8 A2=338D6 A3=108F78 A4=10F104A A5=108000 A6=108E3C PC=32E18 -- 032E18: rol.b   #1, D0
D0=0 D1=6 D2=0 D3=FFFF D4=8402FC0 D5=80218000 D6=842184BF D7=FFFF A0=10B9FB A1=10B9F8 A2=338D6 A3=108F78 A4=10F104A A5=108000 A6=108E3C PC=32E1A -- 032E1A: bcs     $32e20
D0=0 D1=6 D2=0 D3=FFFF D4=8402FC0 D5=80218000 D6=842184BF D7=FFFF A0=10B9FB A1=10B9F8 A2=338D6 A3=108F78 A4=10F104A A5=108000 A6=108E3C PC=32E1C -- 032E1C: clr.b   (-$1,A0)
D0=0 D1=6 D2=0 D3=FFFF D4=8402FC0 D5=80218000 D6=842184BF D7=FFFF A0=10B9FB A1=10B9F8 A2=338D6 A3=108F78 A4=10F104A A5=108000 A6=108E3C PC=32E20 -- 032E20: move.b  (-$1,A0), D5
D0=0 D1=6 D2=0 D3=FFFF D4=8402FC0 D5=80218000 D6=842184BF D7=FFFF A0=10B9FB A1=10B9F8 A2=338D6 A3=108F78 A4=10F104A A5=108000 A6=108E3C PC=32E24 -- 032E24: cmp.b   ($3a05,A5), D5
D0=0 D1=6 D2=0 D3=FFFF D4=8402FC0 D5=80218000 D6=842184BF D7=FFFF A0=10B9FB A1=10B9F8 A2=338D6 A3=108F78 A4=10F104A A5=108000 A6=108E3C PC=32E28 -- 032E28: bls     $32e3a
D0=0 D1=6 D2=0 D3=FFFF D4=8402FC0 D5=80218000 D6=842184BF D7=FFFF A0=10B9FB A1=10B9F8 A2=338D6 A3=108F78 A4=10F104A A5=108000 A6=108E3C PC=32E3A -- 032E3A: dbra    D1, $32e0e

   (loops for 54 instructions)

D0=0 D1=FFFF D2=0 D3=FFFF D4=8402FC0 D5=80218000 D6=842184BF D7=FFFF A0=10BA01 A1=10B9F8 A2=338D6 A3=108F78 A4=10F104A A5=108000 A6=108E3C PC=32E3E -- 032E3E: rts
D0=0 D1=FFFF D2=0 D3=FFFF D4=8402FC0 D5=80218000 D6=842184BF D7=FFFF A0=10BA01 A1=10B9F8 A2=338D6 A3=108F78 A4=10F104A A5=108000 A6=108E3C PC=32E06 -- 032E06: rts
D0=0 D1=FFFF D2=0 D3=FFFF D4=8402FC0 D5=80218000 D6=842184BF D7=FFFF A0=10BA01 A1=10B9F8 A2=338D6 A3=108F78 A4=10F104A A5=108000 A6=108E3C PC=32BEE -- 032BEE: jsr     $c0044a.l
D0=0 D1=FFFF D2=0 D3=FFFF D4=8402FC0 D5=80218000 D6=842184BF D7=FFFF A0=10BA01 A1=10B9F8 A2=338D6 A3=108F78 A4=10F104A A5=108000 A6=108E3C PC=C0044A -- C0044A: jmp     $c01fb8.l
D0=0 D1=FFFF D2=0 D3=FFFF D4=8402FC0 D5=80218000 D6=842184BF D7=FFFF A0=10BA01 A1=10B9F8 A2=338D6 A3=108F78 A4=10F104A A5=108000 A6=108E3C PC=C01FB8 -- C01FB8: bsr     $c01f80
D0=0 D1=FFFF D2=0 D3=FFFF D4=8402FC0 D5=80218000 D6=842184BF D7=FFFF A0=10BA01 A1=10B9F8 A2=338D6 A3=108F78 A4=10F104A A5=108000 A6=108E3C PC=C01F80 -- C01F80: cmpi.w  #$4, $10fe2e.l
D0=0 D1=FFFF D2=0 D3=FFFF D4=8402FC0 D5=80218000 D6=842184BF D7=FFFF A0=10BA01 A1=10B9F8 A2=338D6 A3=108F78 A4=10F104A A5=108000 A6=108E3C PC=C01F88 -- C01F88: beq     $c01fa8
D0=0 D1=FFFF D2=0 D3=FFFF D4=8402FC0 D5=80218000 D6=842184BF D7=FFFF A0=10BA01 A1=10B9F8 A2=338D6 A3=108F78 A4=10F104A A5=108000 A6=108E3C PC=C01F8A -- C01F8A: move.w  $10fe32.l, $10fd82.l
D0=0 D1=FFFF D2=0 D3=FFFF D4=8402FC0 D5=80218000 D6=842184BF D7=FFFF A0=10BA01 A1=10B9F8 A2=338D6 A3=108F78 A4=10F104A A5=108000 A6=108E3C PC=C01F94 -- C01F94: cmpi.w  #$7070, $10fe82.l
D0=0 D1=FFFF D2=0 D3=FFFF D4=8402FC0 D5=80218000 D6=842184BF D7=FFFF A0=10BA01 A1=10B9F8 A2=338D6 A3=108F78 A4=10F104A A5=108000 A6=108E3C PC=C01F9C -- C01F9C: bne     $c01fa8
D0=0 D1=FFFF D2=0 D3=FFFF D4=8402FC0 D5=80218000 D6=842184BF D7=FFFF A0=10BA01 A1=10B9F8 A2=338D6 A3=108F78 A4=10F104A A5=108000 A6=108E3C PC=C01FA8 -- C01FA8: rts
D0=0 D1=FFFF D2=0 D3=FFFF D4=8402FC0 D5=80218000 D6=842184BF D7=FFFF A0=10BA01 A1=10B9F8 A2=338D6 A3=108F78 A4=10F104A A5=108000 A6=108E3C PC=C01FBA -- C01FBA: jmp     $c1167a.l
D0=0 D1=FFFF D2=0 D3=FFFF D4=8402FC0 D5=80218000 D6=842184BF D7=FFFF A0=10BA01 A1=10B9F8 A2=338D6 A3=108F78 A4=10F104A A5=108000 A6=108E3C PC=C1167A -- C1167A: jsr     $c04300.l
D0=0 D1=FFFF D2=0 D3=FFFF D4=8402FC0 D5=80218000 D6=842184BF D7=FFFF A0=10BA01 A1=10B9F8 A2=338D6 A3=108F78 A4=10F104A A5=108000 A6=108E3C PC=C04300 -- C04300: lea     $10f300.l, A5
D0=0 D1=FFFF D2=0 D3=FFFF D4=8402FC0 D5=80218000 D6=842184BF D7=FFFF A0=10BA01 A1=10B9F8 A2=338D6 A3=108F78 A4=10F104A A5=10F300 A6=108E3C PC=C04306 -- C04306: tst.b   $10fe8d.l
D0=0 D1=FFFF D2=0 D3=FFFF D4=8402FC0 D5=80218000 D6=842184BF D7=FFFF A0=10BA01 A1=10B9F8 A2=338D6 A3=108F78 A4=10F104A A5=10F300 A6=108E3C PC=C0430C -- C0430C: bne     $c04352
D0=0 D1=FFFF D2=0 D3=FFFF D4=8402FC0 D5=80218000 D6=842184BF D7=FFFF A0=10BA01 A1=10B9F8 A2=338D6 A3=108F78 A4=10F104A A5=10F300 A6=108E3C PC=C0430E -- C0430E: move.b  $380000.l, D0
D0=FF D1=FFFF D2=0 D3=FFFF D4=8402FC0 D5=80218000 D6=842184BF D7=FFFF A0=10BA01 A1=10B9F8 A2=338D6 A3=108F78 A4=10F104A A5=10F300 A6=108E3C PC=C04314 -- C04314: andi.b  #$30, D0
D0=30 D1=FFFF D2=0 D3=FFFF D4=8402FC0 D5=80218000 D6=842184BF D7=FFFF A0=10BA01 A1=10B9F8 A2=338D6 A3=108F78 A4=10F104A A5=10F300 A6=108E3C PC=C04318 -- C04318: bne     $c04352
D0=30 D1=FFFF D2=0 D3=FFFF D4=8402FC0 D5=80218000 D6=842184BF D7=FFFF A0=10BA01 A1=10B9F8 A2=338D6 A3=108F78 A4=10F104A A5=10F300 A6=108E3C PC=C04352 -- C04352: rts
D0=30 D1=FFFF D2=0 D3=FFFF D4=8402FC0 D5=80218000 D6=842184BF D7=FFFF A0=10BA01 A1=10B9F8 A2=338D6 A3=108F78 A4=10F104A A5=10F300 A6=108E3C PC=C11680 -- C11680: addq.l  #1, ($b88,A5)
D0=30 D1=FFFF D2=0 D3=FFFF D4=8402FC0 D5=80218000 D6=842184BF D7=FFFF A0=10BA01 A1=10B9F8 A2=338D6 A3=108F78 A4=10F104A A5=10F300 A6=108E3C PC=C11684 -- C11684: jsr     ($102e,PC) ; ($c126b4)
D0=30 D1=FFFF D2=0 D3=FFFF D4=8402FC0 D5=80218000 D6=842184BF D7=FFFF A0=10BA01 A1=10B9F8 A2=338D6 A3=108F78 A4=10F104A A5=10F300 A6=108E3C PC=C126B4 -- C126B4: tst.b   ($a82,A5)
D0=30 D1=FFFF D2=0 D3=FFFF D4=8402FC0 D5=80218000 D6=842184BF D7=FFFF A0=10BA01 A1=10B9F8 A2=338D6 A3=108F78 A4=10F104A A5=10F300 A6=108E3C PC=C126B8 -- C126B8: bne     $c126bc
D0=30 D1=FFFF D2=0 D3=FFFF D4=8402FC0 D5=80218000 D6=842184BF D7=FFFF A0=10BA01 A1=10B9F8 A2=338D6 A3=108F78 A4=10F104A A5=10F300 A6=108E3C PC=C126BC -- C126BC: cmpi.b  #$1, ($a81,A5)
D0=30 D1=FFFF D2=0 D3=FFFF D4=8402FC0 D5=80218000 D6=842184BF D7=FFFF A0=10BA01 A1=10B9F8 A2=338D6 A3=108F78 A4=10F104A A5=10F300 A6=108E3C PC=C126C2 -- C126C2: bra     $c126ea
D0=30 D1=FFFF D2=0 D3=FFFF D4=8402FC0 D5=80218000 D6=842184BF D7=FFFF A0=10BA01 A1=10B9F8 A2=338D6 A3=108F78 A4=10F104A A5=10F300 A6=108E3C PC=C126EA -- C126EA: tst.b   ($bbb,A5)
D0=30 D1=FFFF D2=0 D3=FFFF D4=8402FC0 D5=80218000 D6=842184BF D7=FFFF A0=10BA01 A1=10B9F8 A2=338D6 A3=108F78 A4=10F104A A5=10F300 A6=108E3C PC=C126EE -- C126EE: bne     $c126f8
D0=30 D1=FFFF D2=0 D3=FFFF D4=8402FC0 D5=80218000 D6=842184BF D7=FFFF A0=10BA01 A1=10B9F8 A2=338D6 A3=108F78 A4=10F104A A5=10F300 A6=108E3C PC=C126F0 -- C126F0: move.b  #$ff, $380031.l
D0=30 D1=FFFF D2=0 D3=FFFF D4=8402FC0 D5=80218000 D6=842184BF D7=FFFF A0=10BA01 A1=10B9F8 A2=338D6 A3=108F78 A4=10F104A A5=10F300 A6=108E3C PC=C126F8 -- C126F8: tst.b   ($a81,A5)
D0=30 D1=FFFF D2=0 D3=FFFF D4=8402FC0 D5=80218000 D6=842184BF D7=FFFF A0=10BA01 A1=10B9F8 A2=338D6 A3=108F78 A4=10F104A A5=10F300 A6=108E3C PC=C126FC -- C126FC: beq     $c12732
D0=30 D1=FFFF D2=0 D3=FFFF D4=8402FC0 D5=80218000 D6=842184BF D7=FFFF A0=10BA01 A1=10B9F8 A2=338D6 A3=108F78 A4=10F104A A5=10F300 A6=108E3C PC=C126FE -- C126FE: btst    #$4, $d00038.l
D0=30 D1=FFFF D2=0 D3=FFFF D4=8402FC0 D5=80218000 D6=842184BF D7=FFFF A0=10BA01 A1=10B9F8 A2=338D6 A3=108F78 A4=10F104A A5=10F300 A6=108E3C PC=C12706 -- C12706: bne     $c12732
D0=30 D1=FFFF D2=0 D3=FFFF D4=8402FC0 D5=80218000 D6=842184BF D7=FFFF A0=10BA01 A1=10B9F8 A2=338D6 A3=108F78 A4=10F104A A5=10F300 A6=108E3C PC=C12708 -- C12708: jsr     ($30e,PC) ; ($c12a18)
D0=30 D1=FFFF D2=0 D3=FFFF D4=8402FC0 D5=80218000 D6=842184BF D7=FFFF A0=10BA01 A1=10B9F8 A2=338D6 A3=108F78 A4=10F104A A5=10F300 A6=108E3C PC=C12A18 -- C12A18: cmpi.b  #$1, ($a81,A5)
D0=30 D1=FFFF D2=0 D3=FFFF D4=8402FC0 D5=80218000 D6=842184BF D7=FFFF A0=10BA01 A1=10B9F8 A2=338D6 A3=108F78 A4=10F104A A5=10F300 A6=108E3C PC=C12A1E -- C12A1E: beq     $c12a28
D0=30 D1=FFFF D2=0 D3=FFFF D4=8402FC0 D5=80218000 D6=842184BF D7=FFFF A0=10BA01 A1=10B9F8 A2=338D6 A3=108F78 A4=10F104A A5=10F300 A6=108E3C PC=C12A20 -- C12A20: cmpi.b  #$1, ($aaf,A5)
D0=30 D1=FFFF D2=0 D3=FFFF D4=8402FC0 D5=80218000 D6=842184BF D7=FFFF A0=10BA01 A1=10B9F8 A2=338D6 A3=108F78 A4=10F104A A5=10F300 A6=108E3C PC=C12A26 -- C12A26: bne     $c12a34
D0=30 D1=FFFF D2=0 D3=FFFF D4=8402FC0 D5=80218000 D6=842184BF D7=FFFF A0=10BA01 A1=10B9F8 A2=338D6 A3=108F78 A4=10F104A A5=10F300 A6=108E3C PC=C12A34 -- C12A34: rts
D0=30 D1=FFFF D2=0 D3=FFFF D4=8402FC0 D5=80218000 D6=842184BF D7=FFFF A0=10BA01 A1=10B9F8 A2=338D6 A3=108F78 A4=10F104A A5=10F300 A6=108E3C PC=C1270C -- C1270C: jsr     $c1bac0.l
D0=30 D1=FFFF D2=0 D3=FFFF D4=8402FC0 D5=80218000 D6=842184BF D7=FFFF A0=10BA01 A1=10B9F8 A2=338D6 A3=108F78 A4=10F104A A5=10F300 A6=108E3C PC=C1BAC0 -- C1BAC0: btst    #$2, $10fe35.l
D0=30 D1=FFFF D2=0 D3=FFFF D4=8402FC0 D5=80218000 D6=842184BF D7=FFFF A0=10BA01 A1=10B9F8 A2=338D6 A3=108F78 A4=10F104A A5=10F300 A6=108E3C PC=C1BAC8 -- C1BAC8: bne     $c1bad2
D0=30 D1=FFFF D2=0 D3=FFFF D4=8402FC0 D5=80218000 D6=842184BF D7=FFFF A0=10BA01 A1=10B9F8 A2=338D6 A3=108F78 A4=10F104A A5=10F300 A6=108E3C PC=C1BACA -- C1BACA: move.b  $300001.l, D0
D0=FF D1=FFFF D2=0 D3=FFFF D4=8402FC0 D5=80218000 D6=842184BF D7=FFFF A0=10BA01 A1=10B9F8 A2=338D6 A3=108F78 A4=10F104A A5=10F300 A6=108E3C PC=C1BAD0 -- C1BAD0: rts
D0=FF D1=FFFF D2=0 D3=FFFF D4=8402FC0 D5=80218000 D6=842184BF D7=FFFF A0=10BA01 A1=10B9F8 A2=338D6 A3=108F78 A4=10F104A A5=10F300 A6=108E3C PC=C12712 -- C12712: andi.b  #$80, D0
D0=80 D1=FFFF D2=0 D3=FFFF D4=8402FC0 D5=80218000 D6=842184BF D7=FFFF A0=10BA01 A1=10B9F8 A2=338D6 A3=108F78 A4=10F104A A5=10F300 A6=108E3C PC=C12716 -- C12716: bne     $c12732
D0=80 D1=FFFF D2=0 D3=FFFF D4=8402FC0 D5=80218000 D6=842184BF D7=FFFF A0=10BA01 A1=10B9F8 A2=338D6 A3=108F78 A4=10F104A A5=10F300 A6=108E3C PC=C12732 -- C12732: move.b  D0, $3a001d.l
D0=80 D1=FFFF D2=0 D3=FFFF D4=8402FC0 D5=80218000 D6=842184BF D7=FFFF A0=10BA01 A1=10B9F8 A2=338D6 A3=108F78 A4=10F104A A5=10F300 A6=108E3C PC=C12738 -- C12738: lea     $d08000.l, A4
D0=80 D1=FFFF D2=0 D3=FFFF D4=8402FC0 D5=80218000 D6=842184BF D7=FFFF A0=10BA01 A1=10B9F8 A2=338D6 A3=108F78 A4=D08000 A5=10F300 A6=108E3C PC=C1273E -- C1273E: jsr     $c1bb08.l
D0=80 D1=FFFF D2=0 D3=FFFF D4=8402FC0 D5=80218000 D6=842184BF D7=FFFF A0=10BA01 A1=10B9F8 A2=338D6 A3=108F78 A4=D08000 A5=10F300 A6=108E3C PC=C1BB08 -- C1BB08: move.b  #$ff, D0
D0=FF D1=FFFF D2=0 D3=FFFF D4=8402FC0 D5=80218000 D6=842184BF D7=FFFF A0=10BA01 A1=10B9F8 A2=338D6 A3=108F78 A4=D08000 A5=10F300 A6=108E3C PC=C1BB0C -- C1BB0C: btst    #$2, $10fe35.l
D0=FF D1=FFFF D2=0 D3=FFFF D4=8402FC0 D5=80218000 D6=842184BF D7=FFFF A0=10BA01 A1=10B9F8 A2=338D6 A3=108F78 A4=D08000 A5=10F300 A6=108E3C PC=C1BB14 -- C1BB14: bne     $c1bb1c
D0=FF D1=FFFF D2=0 D3=FFFF D4=8402FC0 D5=80218000 D6=842184BF D7=FFFF A0=10BA01 A1=10B9F8 A2=338D6 A3=108F78 A4=D08000 A5=10F300 A6=108E3C PC=C1BB16 -- C1BB16: move.b  $300081.l, D0
D0=80 D1=FFFF D2=0 D3=FFFF D4=8402FC0 D5=80218000 D6=842184BF D7=FFFF A0=10BA01 A1=10B9F8 A2=338D6 A3=108F78 A4=D08000 A5=10F300 A6=108E3C PC=C1BB1C -- C1BB1C: rts
D0=80 D1=FFFF D2=0 D3=FFFF D4=8402FC0 D5=80218000 D6=842184BF D7=FFFF A0=10BA01 A1=10B9F8 A2=338D6 A3=108F78 A4=D08000 A5=10F300 A6=108E3C PC=C12744 -- C12744: not.b   D0
D0=7F D1=FFFF D2=0 D3=FFFF D4=8402FC0 D5=80218000 D6=842184BF D7=FFFF A0=10BA01 A1=10B9F8 A2=338D6 A3=108F78 A4=D08000 A5=10F300 A6=108E3C PC=C12746 -- C12746: move.b  ($bde,A5), D1
D0=7F D1=FF7F D2=0 D3=FFFF D4=8402FC0 D5=80218000 D6=842184BF D7=FFFF A0=10BA01 A1=10B9F8 A2=338D6 A3=108F78 A4=D08000 A5=10F300 A6=108E3C PC=C1274A -- C1274A: move.b  D0, ($bde,A5)
D0=7F D1=FF7F D2=0 D3=FFFF D4=8402FC0 D5=80218000 D6=842184BF D7=FFFF A0=10BA01 A1=10B9F8 A2=338D6 A3=108F78 A4=D08000 A5=10F300 A6=108E3C PC=C1274E -- C1274E: eor.b   D0, D1
D0=7F D1=FF00 D2=0 D3=FFFF D4=8402FC0 D5=80218000 D6=842184BF D7=FFFF A0=10BA01 A1=10B9F8 A2=338D6 A3=108F78 A4=D08000 A5=10F300 A6=108E3C PC=C12750 -- C12750: and.b   D0, D1
D0=7F D1=FF00 D2=0 D3=FFFF D4=8402FC0 D5=80218000 D6=842184BF D7=FFFF A0=10BA01 A1=10B9F8 A2=338D6 A3=108F78 A4=D08000 A5=10F300 A6=108E3C PC=C12752 -- C12752: move.b  D1, ($bdf,A5)
D0=7F D1=FF00 D2=0 D3=FFFF D4=8402FC0 D5=80218000 D6=842184BF D7=FFFF A0=10BA01 A1=10B9F8 A2=338D6 A3=108F78 A4=D08000 A5=10F300 A6=108E3C PC=C12756 -- C12756: tst.b   ($a81,A5)
D0=7F D1=FF00 D2=0 D3=FFFF D4=8402FC0 D5=80218000 D6=842184BF D7=FFFF A0=10BA01 A1=10B9F8 A2=338D6 A3=108F78 A4=D08000 A5=10F300 A6=108E3C PC=C1275A -- C1275A: beq     $c12768
D0=7F D1=FF00 D2=0 D3=FFFF D4=8402FC0 D5=80218000 D6=842184BF D7=FFFF A0=10BA01 A1=10B9F8 A2=338D6 A3=108F78 A4=D08000 A5=10F300 A6=108E3C PC=C1275C -- C1275C: btst    #$7, D1
D0=7F D1=FF00 D2=0 D3=FFFF D4=8402FC0 D5=80218000 D6=842184BF D7=FFFF A0=10BA01 A1=10B9F8 A2=338D6 A3=108F78 A4=D08000 A5=10F300 A6=108E3C PC=C12760 -- C12760: beq     $c12768
D0=7F D1=FF00 D2=0 D3=FFFF D4=8402FC0 D5=80218000 D6=842184BF D7=FFFF A0=10BA01 A1=10B9F8 A2=338D6 A3=108F78 A4=D08000 A5=10F300 A6=108E3C PC=C12768 -- C12768: jsr     $c1b8f8.l
D0=7F D1=FF00 D2=0 D3=FFFF D4=8402FC0 D5=80218000 D6=842184BF D7=FFFF A0=10BA01 A1=10B9F8 A2=338D6 A3=108F78 A4=D08000 A5=10F300 A6=108E3C PC=C1B8F8 -- C1B8F8: move.b  $320001.l, D0
D0=1F D1=FF00 D2=0 D3=FFFF D4=8402FC0 D5=80218000 D6=842184BF D7=FFFF A0=10BA01 A1=10B9F8 A2=338D6 A3=108F78 A4=D08000 A5=10F300 A6=108E3C PC=C1B8FE -- C1B8FE: move.w  $10fe34.l, D1
D0=1F D1=100 D2=0 D3=FFFF D4=8402FC0 D5=80218000 D6=842184BF D7=FFFF A0=10BA01 A1=10B9F8 A2=338D6 A3=108F78 A4=D08000 A5=10F300 A6=108E3C PC=C1B904 -- C1B904: btst    #$2, D1
D0=1F D1=100 D2=0 D3=FFFF D4=8402FC0 D5=80218000 D6=842184BF D7=FFFF A0=10BA01 A1=10B9F8 A2=338D6 A3=108F78 A4=D08000 A5=10F300 A6=108E3C PC=C1B908 -- C1B908: beq     $c1b90c
D0=1F D1=100 D2=0 D3=FFFF D4=8402FC0 D5=80218000 D6=842184BF D7=FFFF A0=10BA01 A1=10B9F8 A2=338D6 A3=108F78 A4=D08000 A5=10F300 A6=108E3C PC=C1B90C -- C1B90C: tst.b   $10fe8d.l
D0=1F D1=100 D2=0 D3=FFFF D4=8402FC0 D5=80218000 D6=842184BF D7=FFFF A0=10BA01 A1=10B9F8 A2=338D6 A3=108F78 A4=D08000 A5=10F300 A6=108E3C PC=C1B912 -- C1B912: bne     $c1b8f4
D0=1F D1=100 D2=0 D3=FFFF D4=8402FC0 D5=80218000 D6=842184BF D7=FFFF A0=10BA01 A1=10B9F8 A2=338D6 A3=108F78 A4=D08000 A5=10F300 A6=108E3C PC=C1B914 -- C1B914: move.b  $380000.l, D2
D0=1F D1=100 D2=FF D3=FFFF D4=8402FC0 D5=80218000 D6=842184BF D7=FFFF A0=10BA01 A1=10B9F8 A2=338D6 A3=108F78 A4=D08000 A5=10F300 A6=108E3C PC=C1B91A -- C1B91A: btst    #$9, D1
D0=1F D1=100 D2=FF D3=FFFF D4=8402FC0 D5=80218000 D6=842184BF D7=FFFF A0=10BA01 A1=10B9F8 A2=338D6 A3=108F78 A4=D08000 A5=10F300 A6=108E3C PC=C1B91E -- C1B91E: bne     $c1b92c
D0=1F D1=100 D2=FF D3=FFFF D4=8402FC0 D5=80218000 D6=842184BF D7=FFFF A0=10BA01 A1=10B9F8 A2=338D6 A3=108F78 A4=D08000 A5=10F300 A6=108E3C PC=C1B920 -- C1B920: btst    #$0, D2
D0=1F D1=100 D2=FF D3=FFFF D4=8402FC0 D5=80218000 D6=842184BF D7=FFFF A0=10BA01 A1=10B9F8 A2=338D6 A3=108F78 A4=D08000 A5=10F300 A6=108E3C PC=C1B924 -- C1B924: bne     $c1b92c
D0=1F D1=100 D2=FF D3=FFFF D4=8402FC0 D5=80218000 D6=842184BF D7=FFFF A0=10BA01 A1=10B9F8 A2=338D6 A3=108F78 A4=D08000 A5=10F300 A6=108E3C PC=C1B92C -- C1B92C: btst    #$1, D1
D0=1F D1=100 D2=FF D3=FFFF D4=8402FC0 D5=80218000 D6=842184BF D7=FFFF A0=10BA01 A1=10B9F8 A2=338D6 A3=108F78 A4=D08000 A5=10F300 A6=108E3C PC=C1B930 -- C1B930: bne     $c1b94c
D0=1F D1=100 D2=FF D3=FFFF D4=8402FC0 D5=80218000 D6=842184BF D7=FFFF A0=10BA01 A1=10B9F8 A2=338D6 A3=108F78 A4=D08000 A5=10F300 A6=108E3C PC=C1B932 -- C1B932: btst    #$a, D1
D0=1F D1=100 D2=FF D3=FFFF D4=8402FC0 D5=80218000 D6=842184BF D7=FFFF A0=10BA01 A1=10B9F8 A2=338D6 A3=108F78 A4=D08000 A5=10F300 A6=108E3C PC=C1B936 -- C1B936: bne     $c1b94c
D0=1F D1=100 D2=FF D3=FFFF D4=8402FC0 D5=80218000 D6=842184BF D7=FFFF A0=10BA01 A1=10B9F8 A2=338D6 A3=108F78 A4=D08000 A5=10F300 A6=108E3C PC=C1B938 -- C1B938: btst    #$1, D2
D0=1F D1=100 D2=FF D3=FFFF D4=8402FC0 D5=80218000 D6=842184BF D7=FFFF A0=10BA01 A1=10B9F8 A2=338D6 A3=108F78 A4=D08000 A5=10F300 A6=108E3C PC=C1B93C -- C1B93C: bne     $c1b942
D0=1F D1=100 D2=FF D3=FFFF D4=8402FC0 D5=80218000 D6=842184BF D7=FFFF A0=10BA01 A1=10B9F8 A2=338D6 A3=108F78 A4=D08000 A5=10F300 A6=108E3C PC=C1B942 -- C1B942: btst    #$3, D2
D0=1F D1=100 D2=FF D3=FFFF D4=8402FC0 D5=80218000 D6=842184BF D7=FFFF A0=10BA01 A1=10B9F8 A2=338D6 A3=108F78 A4=D08000 A5=10F300 A6=108E3C PC=C1B946 -- C1B946: bne     $c1b94c
D0=1F D1=100 D2=FF D3=FFFF D4=8402FC0 D5=80218000 D6=842184BF D7=FFFF A0=10BA01 A1=10B9F8 A2=338D6 A3=108F78 A4=D08000 A5=10F300 A6=108E3C PC=C1B94C -- C1B94C: bra     $c1c116
D0=1F D1=100 D2=FF D3=FFFF D4=8402FC0 D5=80218000 D6=842184BF D7=FFFF A0=10BA01 A1=10B9F8 A2=338D6 A3=108F78 A4=D08000 A5=10F300 A6=108E3C PC=C1C116 -- C1C116: btst    #$2, D2
D0=1F D1=100 D2=FF D3=FFFF D4=8402FC0 D5=80218000 D6=842184BF D7=FFFF A0=10BA01 A1=10B9F8 A2=338D6 A3=108F78 A4=D08000 A5=10F300 A6=108E3C PC=C1C11A -- C1C11A: bne     $c1c144
D0=1F D1=100 D2=FF D3=FFFF D4=8402FC0 D5=80218000 D6=842184BF D7=FFFF A0=10BA01 A1=10B9F8 A2=338D6 A3=108F78 A4=D08000 A5=10F300 A6=108E3C PC=C1C144 -- C1C144: rts
D0=1F D1=100 D2=FF D3=FFFF D4=8402FC0 D5=80218000 D6=842184BF D7=FFFF A0=10BA01 A1=10B9F8 A2=338D6 A3=108F78 A4=D08000 A5=10F300 A6=108E3C PC=C1276E -- C1276E: not.b   D0
D0=E0 D1=100 D2=FF D3=FFFF D4=8402FC0 D5=80218000 D6=842184BF D7=FFFF A0=10BA01 A1=10B9F8 A2=338D6 A3=108F78 A4=D08000 A5=10F300 A6=108E3C PC=C12770 -- C12770: move.b  ($b20,A5), D2
D0=E0 D1=100 D2=E0 D3=FFFF D4=8402FC0 D5=80218000 D6=842184BF D7=FFFF A0=10BA01 A1=10B9F8 A2=338D6 A3=108F78 A4=D08000 A5=10F300 A6=108E3C PC=C12774 -- C12774: move.b  ($b21,A5), D1
D0=E0 D1=1E0 D2=E0 D3=FFFF D4=8402FC0 D5=80218000 D6=842184BF D7=FFFF A0=10BA01 A1=10B9F8 A2=338D6 A3=108F78 A4=D08000 A5=10F300 A6=108E3C PC=C12778 -- C12778: move.b  D1, ($b20,A5)
D0=E0 D1=1E0 D2=E0 D3=FFFF D4=8402FC0 D5=80218000 D6=842184BF D7=FFFF A0=10BA01 A1=10B9F8 A2=338D6 A3=108F78 A4=D08000 A5=10F300 A6=108E3C PC=C1277C -- C1277C: move.b  D0, ($b21,A5)
D0=E0 D1=1E0 D2=E0 D3=FFFF D4=8402FC0 D5=80218000 D6=842184BF D7=FFFF A0=10BA01 A1=10B9F8 A2=338D6 A3=108F78 A4=D08000 A5=10F300 A6=108E3C PC=C12780 -- C12780: or.b    D1, D2
D0=E0 D1=1E0 D2=E0 D3=FFFF D4=8402FC0 D5=80218000 D6=842184BF D7=FFFF A0=10BA01 A1=10B9F8 A2=338D6 A3=108F78 A4=D08000 A5=10F300 A6=108E3C PC=C12782 -- C12782: not.b   D2
D0=E0 D1=1E0 D2=1F D3=FFFF D4=8402FC0 D5=80218000 D6=842184BF D7=FFFF A0=10BA01 A1=10B9F8 A2=338D6 A3=108F78 A4=D08000 A5=10F300 A6=108E3C PC=C12784 -- C12784: eor.b   D0, D1
D0=E0 D1=100 D2=1F D3=FFFF D4=8402FC0 D5=80218000 D6=842184BF D7=FFFF A0=10BA01 A1=10B9F8 A2=338D6 A3=108F78 A4=D08000 A5=10F300 A6=108E3C PC=C12786 -- C12786: and.b   D0, D1
D0=E0 D1=100 D2=1F D3=FFFF D4=8402FC0 D5=80218000 D6=842184BF D7=FFFF A0=10BA01 A1=10B9F8 A2=338D6 A3=108F78 A4=D08000 A5=10F300 A6=108E3C PC=C12788 -- C12788: move.b  D1, ($b22,A5)
D0=E0 D1=100 D2=1F D3=FFFF D4=8402FC0 D5=80218000 D6=842184BF D7=FFFF A0=10BA01 A1=10B9F8 A2=338D6 A3=108F78 A4=D08000 A5=10F300 A6=108E3C PC=C1278C -- C1278C: and.b   D0, D2
D0=E0 D1=100 D2=0 D3=FFFF D4=8402FC0 D5=80218000 D6=842184BF D7=FFFF A0=10BA01 A1=10B9F8 A2=338D6 A3=108F78 A4=D08000 A5=10F300 A6=108E3C PC=C1278E -- C1278E: jmp     $c1f820.l
D0=E0 D1=100 D2=0 D3=FFFF D4=8402FC0 D5=80218000 D6=842184BF D7=FFFF A0=10BA01 A1=10B9F8 A2=338D6 A3=108F78 A4=D08000 A5=10F300 A6=108E3C PC=C1F820 -- C1F820: moveq   #$0, D7
D0=E0 D1=100 D2=0 D3=FFFF D4=8402FC0 D5=80218000 D6=842184BF D7=0 A0=10BA01 A1=10B9F8 A2=338D6 A3=108F78 A4=D08000 A5=10F300 A6=108E3C PC=C1F822 -- C1F822: moveq   #$1, D3
D0=E0 D1=100 D2=0 D3=1 D4=8402FC0 D5=80218000 D6=842184BF D7=0 A0=10BA01 A1=10B9F8 A2=338D6 A3=108F78 A4=D08000 A5=10F300 A6=108E3C PC=C1F824 -- C1F824: moveq   #$0, D4
D0=E0 D1=100 D2=0 D3=1 D4=0 D5=80218000 D6=842184BF D7=0 A0=10BA01 A1=10B9F8 A2=338D6 A3=108F78 A4=D08000 A5=10F300 A6=108E3C PC=C1F826 -- C1F826: move.w  ($b00,A5), $d00034.l
D0=E0 D1=100 D2=0 D3=1 D4=0 D5=80218000 D6=842184BF D7=0 A0=10BA01 A1=10B9F8 A2=338D6 A3=108F78 A4=D08000 A5=10F300 A6=108E3C PC=C1F82E -- C1F82E: cmpi.b  #$1, ($a83,A5)
D0=E0 D1=100 D2=0 D3=1 D4=0 D5=80218000 D6=842184BF D7=0 A0=10BA01 A1=10B9F8 A2=338D6 A3=108F78 A4=D08000 A5=10F300 A6=108E3C PC=C1F834 -- C1F834: beq     $c1f842
D0=E0 D1=100 D2=0 D3=1 D4=0 D5=80218000 D6=842184BF D7=0 A0=10BA01 A1=10B9F8 A2=338D6 A3=108F78 A4=D08000 A5=10F300 A6=108E3C PC=C1F842 -- C1F842: moveq   #$0, D6
D0=E0 D1=100 D2=0 D3=1 D4=0 D5=80218000 D6=0 D7=0 A0=10BA01 A1=10B9F8 A2=338D6 A3=108F78 A4=D08000 A5=10F300 A6=108E3C PC=C1F844 -- C1F844: move.w  #$4, D5
D0=E0 D1=100 D2=0 D3=1 D4=0 D5=80210004 D6=0 D7=0 A0=10BA01 A1=10B9F8 A2=338D6 A3=108F78 A4=D08000 A5=10F300 A6=108E3C PC=C1F848 -- C1F848: lea     ($aba,A5), A0
D0=E0 D1=100 D2=0 D3=1 D4=0 D5=80210004 D6=0 D7=0 A0=10FDBA A1=10B9F8 A2=338D6 A3=108F78 A4=D08000 A5=10F300 A6=108E3C PC=C1F84C -- C1F84C: lea     ($b00,A5), A1
D0=E0 D1=100 D2=0 D3=1 D4=0 D5=80210004 D6=0 D7=0 A0=10FDBA A1=10FE00 A2=338D6 A3=108F78 A4=D08000 A5=10F300 A6=108E3C PC=C1F850 -- C1F850: lea     (-$7fdc,A4), A6
D0=E0 D1=100 D2=0 D3=1 D4=0 D5=80210004 D6=0 D7=0 A0=10FDBA A1=10FE00 A2=338D6 A3=108F78 A4=D08000 A5=10F300 A6=D00024 PC=C1F854 -- C1F854: lea     ($b50,A5), A3
D0=E0 D1=100 D2=0 D3=1 D4=0 D5=80210004 D6=0 D7=0 A0=10FDBA A1=10FE00 A2=338D6 A3=10FE50 A4=D08000 A5=10F300 A6=D00024 PC=C1F858 -- C1F858: jsr     $c128a6.l
D0=E0 D1=100 D2=0 D3=1 D4=0 D5=80210004 D6=0 D7=0 A0=10FDBA A1=10FE00 A2=338D6 A3=10FE50 A4=D08000 A5=10F300 A6=D00024 PC=C128A6 -- C128A6: jmp     $c1f8c0.l
D0=E0 D1=100 D2=0 D3=1 D4=0 D5=80210004 D6=0 D7=0 A0=10FDBA A1=10FE00 A2=338D6 A3=10FE50 A4=D08000 A5=10F300 A6=D00024 PC=C1F8C0 -- C1F8C0: and.b   D2, D3
D0=E0 D1=100 D2=0 D3=0 D4=0 D5=80210004 D6=0 D7=0 A0=10FDBA A1=10FE00 A2=338D6 A3=10FE50 A4=D08000 A5=10F300 A6=D00024 PC=C1F8C2 -- C1F8C2: beq     $c1f916
D0=E0 D1=100 D2=0 D3=0 D4=0 D5=80210004 D6=0 D7=0 A0=10FDBA A1=10FE00 A2=338D6 A3=10FE50 A4=D08000 A5=10F300 A6=D00024 PC=C1F916 -- C1F916: rts
D0=E0 D1=100 D2=0 D3=0 D4=0 D5=80210004 D6=0 D7=0 A0=10FDBA A1=10FE00 A2=338D6 A3=10FE50 A4=D08000 A5=10F300 A6=D00024 PC=C1F85E -- C1F85E: moveq   #$2, D4
D0=E0 D1=100 D2=0 D3=0 D4=2 D5=80210004 D6=0 D7=0 A0=10FDBA A1=10FE00 A2=338D6 A3=10FE50 A4=D08000 A5=10F300 A6=D00024 PC=C1F860 -- C1F860: moveq   #$1, D6
D0=E0 D1=100 D2=0 D3=0 D4=2 D5=80210004 D6=1 D7=0 A0=10FDBA A1=10FE00 A2=338D6 A3=10FE50 A4=D08000 A5=10F300 A6=D00024 PC=C1F862 -- C1F862: moveq   #$8, D3
D0=E0 D1=100 D2=0 D3=8 D4=2 D5=80210004 D6=1 D7=0 A0=10FDBA A1=10FE00 A2=338D6 A3=10FE50 A4=D08000 A5=10F300 A6=D00024 PC=C1F864 -- C1F864: move.w  #$4, D5
D0=E0 D1=100 D2=0 D3=8 D4=2 D5=80210004 D6=1 D7=0 A0=10FDBA A1=10FE00 A2=338D6 A3=10FE50 A4=D08000 A5=10F300 A6=D00024 PC=C1F868 -- C1F868: lea     ($b52,A5), A3
D0=E0 D1=100 D2=0 D3=8 D4=2 D5=80210004 D6=1 D7=0 A0=10FDBA A1=10FE00 A2=338D6 A3=10FE52 A4=D08000 A5=10F300 A6=D00024 PC=C1F86C -- C1F86C: jsr     $c128a6.l
D0=E0 D1=100 D2=0 D3=8 D4=2 D5=80210004 D6=1 D7=0 A0=10FDBA A1=10FE00 A2=338D6 A3=10FE52 A4=D08000 A5=10F300 A6=D00024 PC=C128A6 -- C128A6: jmp     $c1f8c0.l
D0=E0 D1=100 D2=0 D3=8 D4=2 D5=80210004 D6=1 D7=0 A0=10FDBA A1=10FE00 A2=338D6 A3=10FE52 A4=D08000 A5=10F300 A6=D00024 PC=C1F8C0 -- C1F8C0: and.b   D2, D3
D0=E0 D1=100 D2=0 D3=0 D4=2 D5=80210004 D6=1 D7=0 A0=10FDBA A1=10FE00 A2=338D6 A3=10FE52 A4=D08000 A5=10F300 A6=D00024 PC=C1F8C2 -- C1F8C2: beq     $c1f916
D0=E0 D1=100 D2=0 D3=0 D4=2 D5=80210004 D6=1 D7=0 A0=10FDBA A1=10FE00 A2=338D6 A3=10FE52 A4=D08000 A5=10F300 A6=D00024 PC=C1F916 -- C1F916: rts
D0=E0 D1=100 D2=0 D3=0 D4=2 D5=80210004 D6=1 D7=0 A0=10FDBA A1=10FE00 A2=338D6 A3=10FE52 A4=D08000 A5=10F300 A6=D00024 PC=C1F872 -- C1F872: addq.l  #1, A1
D0=E0 D1=100 D2=0 D3=0 D4=2 D5=80210004 D6=1 D7=0 A0=10FDBA A1=10FE01 A2=338D6 A3=10FE52 A4=D08000 A5=10F300 A6=D00024 PC=C1F874 -- C1F874: addq.l  #1, A0
D0=E0 D1=100 D2=0 D3=0 D4=2 D5=80210004 D6=1 D7=0 A0=10FDBB A1=10FE01 A2=338D6 A3=10FE52 A4=D08000 A5=10F300 A6=D00024 PC=C1F876 -- C1F876: moveq   #$1, D4
D0=E0 D1=100 D2=0 D3=0 D4=1 D5=80210004 D6=1 D7=0 A0=10FDBB A1=10FE01 A2=338D6 A3=10FE52 A4=D08000 A5=10F300 A6=D00024 PC=C1F878 -- C1F878: moveq   #$0, D6
D0=E0 D1=100 D2=0 D3=0 D4=1 D5=80210004 D6=0 D7=0 A0=10FDBB A1=10FE01 A2=338D6 A3=10FE52 A4=D08000 A5=10F300 A6=D00024 PC=C1F87A -- C1F87A: jsr     $c1bac0.l
D0=E0 D1=100 D2=0 D3=0 D4=1 D5=80210004 D6=0 D7=0 A0=10FDBB A1=10FE01 A2=338D6 A3=10FE52 A4=D08000 A5=10F300 A6=D00024 PC=C1BAC0 -- C1BAC0: btst    #$2, $10fe35.l
D0=E0 D1=100 D2=0 D3=0 D4=1 D5=80210004 D6=0 D7=0 A0=10FDBB A1=10FE01 A2=338D6 A3=10FE52 A4=D08000 A5=10F300 A6=D00024 PC=C1BAC8 -- C1BAC8: bne     $c1bad2
D0=E0 D1=100 D2=0 D3=0 D4=1 D5=80210004 D6=0 D7=0 A0=10FDBB A1=10FE01 A2=338D6 A3=10FE52 A4=D08000 A5=10F300 A6=D00024 PC=C1BACA -- C1BACA: move.b  $300001.l, D0
D0=FF D1=100 D2=0 D3=0 D4=1 D5=80210004 D6=0 D7=0 A0=10FDBB A1=10FE01 A2=338D6 A3=10FE52 A4=D08000 A5=10F300 A6=D00024 PC=C1BAD0 -- C1BAD0: rts
D0=FF D1=100 D2=0 D3=0 D4=1 D5=80210004 D6=0 D7=0 A0=10FDBB A1=10FE01 A2=338D6 A3=10FE52 A4=D08000 A5=10F300 A6=D00024 PC=C1F880 -- C1F880: andi.b  #$2, D0
D0=2 D1=100 D2=0 D3=0 D4=1 D5=80210004 D6=0 D7=0 A0=10FDBB A1=10FE01 A2=338D6 A3=10FE52 A4=D08000 A5=10F300 A6=D00024 PC=C1F884 -- C1F884: beq     $c1f888
D0=2 D1=100 D2=0 D3=0 D4=1 D5=80210004 D6=0 D7=0 A0=10FDBB A1=10FE01 A2=338D6 A3=10FE52 A4=D08000 A5=10F300 A6=D00024 PC=C1F886 -- C1F886: moveq   #$1, D6
D0=2 D1=100 D2=0 D3=0 D4=1 D5=80210004 D6=1 D7=0 A0=10FDBB A1=10FE01 A2=338D6 A3=10FE52 A4=D08000 A5=10F300 A6=D00024 PC=C1F888 -- C1F888: moveq   #$8, D5
D0=2 D1=100 D2=0 D3=0 D4=1 D5=8 D6=1 D7=0 A0=10FDBB A1=10FE01 A2=338D6 A3=10FE52 A4=D08000 A5=10F300 A6=D00024 PC=C1F88A -- C1F88A: moveq   #$2, D3
D0=2 D1=100 D2=0 D3=2 D4=1 D5=8 D6=1 D7=0 A0=10FDBB A1=10FE01 A2=338D6 A3=10FE52 A4=D08000 A5=10F300 A6=D00024 PC=C1F88C -- C1F88C: lea     ($b50,A5), A3
D0=2 D1=100 D2=0 D3=2 D4=1 D5=8 D6=1 D7=0 A0=10FDBB A1=10FE01 A2=338D6 A3=10FE50 A4=D08000 A5=10F300 A6=D00024 PC=C1F890 -- C1F890: jsr     $c128a6.l

   (loops for 4 instructions)

D0=2 D1=100 D2=0 D3=0 D4=1 D5=8 D6=1 D7=0 A0=10FDBB A1=10FE01 A2=338D6 A3=10FE50 A4=D08000 A5=10F300 A6=D00024 PC=C1F896 -- C1F896: moveq   #$3, D4
D0=2 D1=100 D2=0 D3=0 D4=3 D5=8 D6=1 D7=0 A0=10FDBB A1=10FE01 A2=338D6 A3=10FE50 A4=D08000 A5=10F300 A6=D00024 PC=C1F898 -- C1F898: moveq   #$1, D6
D0=2 D1=100 D2=0 D3=0 D4=3 D5=8 D6=1 D7=0 A0=10FDBB A1=10FE01 A2=338D6 A3=10FE50 A4=D08000 A5=10F300 A6=D00024 PC=C1F89A -- C1F89A: moveq   #$8, D5
D0=2 D1=100 D2=0 D3=0 D4=3 D5=8 D6=1 D7=0 A0=10FDBB A1=10FE01 A2=338D6 A3=10FE50 A4=D08000 A5=10F300 A6=D00024 PC=C1F89C -- C1F89C: moveq   #$10, D3
D0=2 D1=100 D2=0 D3=10 D4=3 D5=8 D6=1 D7=0 A0=10FDBB A1=10FE01 A2=338D6 A3=10FE50 A4=D08000 A5=10F300 A6=D00024 PC=C1F89E -- C1F89E: lea     ($b52,A5), A3
D0=2 D1=100 D2=0 D3=10 D4=3 D5=8 D6=1 D7=0 A0=10FDBB A1=10FE01 A2=338D6 A3=10FE52 A4=D08000 A5=10F300 A6=D00024 PC=C1F8A2 -- C1F8A2: jsr     $c128a6.l

   (loops for 4 instructions)

D0=2 D1=100 D2=0 D3=0 D4=3 D5=8 D6=1 D7=0 A0=10FDBB A1=10FE01 A2=338D6 A3=10FE52 A4=D08000 A5=10F300 A6=D00024 PC=C1F8A8 -- C1F8A8: jsr     $c128e6.l
D0=2 D1=100 D2=0 D3=0 D4=3 D5=8 D6=1 D7=0 A0=10FDBB A1=10FE01 A2=338D6 A3=10FE52 A4=D08000 A5=10F300 A6=D00024 PC=C128E6 -- C128E6: jmp     $c1f930.l
D0=2 D1=100 D2=0 D3=0 D4=3 D5=8 D6=1 D7=0 A0=10FDBB A1=10FE01 A2=338D6 A3=10FE52 A4=D08000 A5=10F300 A6=D00024 PC=C1F930 -- C1F930: btst    #$2, ($b22,A5)
D0=2 D1=100 D2=0 D3=0 D4=3 D5=8 D6=1 D7=0 A0=10FDBB A1=10FE01 A2=338D6 A3=10FE52 A4=D08000 A5=10F300 A6=D00024 PC=C1F936 -- C1F936: beq     $c1f97c
D0=2 D1=100 D2=0 D3=0 D4=3 D5=8 D6=1 D7=0 A0=10FDBB A1=10FE01 A2=338D6 A3=10FE52 A4=D08000 A5=10F300 A6=D00024 PC=C1F97C -- C1F97C: rts
D0=2 D1=100 D2=0 D3=0 D4=3 D5=8 D6=1 D7=0 A0=10FDBB A1=10FE01 A2=338D6 A3=10FE52 A4=D08000 A5=10F300 A6=D00024 PC=C1F8AE -- C1F8AE: jmp     $c127bc.l
D0=2 D1=100 D2=0 D3=0 D4=3 D5=8 D6=1 D7=0 A0=10FDBB A1=10FE01 A2=338D6 A3=10FE52 A4=D08000 A5=10F300 A6=D00024 PC=C127BC -- C127BC: tst.b   D7
D0=2 D1=100 D2=0 D3=0 D4=3 D5=8 D6=1 D7=0 A0=10FDBB A1=10FE01 A2=338D6 A3=10FE52 A4=D08000 A5=10F300 A6=D00024 PC=C127BE -- C127BE: beq     $c127ca
D0=2 D1=100 D2=0 D3=0 D4=3 D5=8 D6=1 D7=0 A0=10FDBB A1=10FE01 A2=338D6 A3=10FE52 A4=D08000 A5=10F300 A6=D00024 PC=C127CA -- C127CA: jsr     ($208,PC) ; ($c129d4)
D0=2 D1=100 D2=0 D3=0 D4=3 D5=8 D6=1 D7=0 A0=10FDBB A1=10FE01 A2=338D6 A3=10FE52 A4=D08000 A5=10F300 A6=D00024 PC=C129D4 -- C129D4: tst.b   ($be1,A5)
D0=2 D1=100 D2=0 D3=0 D4=3 D5=8 D6=1 D7=0 A0=10FDBB A1=10FE01 A2=338D6 A3=10FE52 A4=D08000 A5=10F300 A6=D00024 PC=C129D8 -- C129D8: bne     $c12a16
D0=2 D1=100 D2=0 D3=0 D4=3 D5=8 D6=1 D7=0 A0=10FDBB A1=10FE01 A2=338D6 A3=10FE52 A4=D08000 A5=10F300 A6=D00024 PC=C129DC -- C129DC: cmpi.b  #$2, ($a81,A5)
D0=2 D1=100 D2=0 D3=0 D4=3 D5=8 D6=1 D7=0 A0=10FDBB A1=10FE01 A2=338D6 A3=10FE52 A4=D08000 A5=10F300 A6=D00024 PC=C129E2 -- C129E2: bcs     $c12a16
D0=2 D1=100 D2=0 D3=0 D4=3 D5=8 D6=1 D7=0 A0=10FDBB A1=10FE01 A2=338D6 A3=10FE52 A4=D08000 A5=10F300 A6=D00024 PC=C129E6 -- C129E6: tst.b   ($bdb,A5)
D0=2 D1=100 D2=0 D3=0 D4=3 D5=8 D6=1 D7=0 A0=10FDBB A1=10FE01 A2=338D6 A3=10FE52 A4=D08000 A5=10F300 A6=D00024 PC=C129EA -- C129EA: bne     $c12a16
D0=2 D1=100 D2=0 D3=0 D4=3 D5=8 D6=1 D7=0 A0=10FDBB A1=10FE01 A2=338D6 A3=10FE52 A4=D08000 A5=10F300 A6=D00024 PC=C129EC -- C129EC: tst.b   ($be2,A5)
D0=2 D1=100 D2=0 D3=0 D4=3 D5=8 D6=1 D7=0 A0=10FDBB A1=10FE01 A2=338D6 A3=10FE52 A4=D08000 A5=10F300 A6=D00024 PC=C129F0 -- C129F0: beq     $c12a16
D0=2 D1=100 D2=0 D3=0 D4=3 D5=8 D6=1 D7=0 A0=10FDBB A1=10FE01 A2=338D6 A3=10FE52 A4=D08000 A5=10F300 A6=D00024 PC=C12A16 -- C12A16: rts
D0=2 D1=100 D2=0 D3=0 D4=3 D5=8 D6=1 D7=0 A0=10FDBB A1=10FE01 A2=338D6 A3=10FE52 A4=D08000 A5=10F300 A6=D00024 PC=C127CE -- C127CE: tst.b   ($bbc,A5)
D0=2 D1=100 D2=0 D3=0 D4=3 D5=8 D6=1 D7=0 A0=10FDBB A1=10FE01 A2=338D6 A3=10FE52 A4=D08000 A5=10F300 A6=D00024 PC=C127D2 -- C127D2: bne     $c1282a
D0=2 D1=100 D2=0 D3=0 D4=3 D5=8 D6=1 D7=0 A0=10FDBB A1=10FE01 A2=338D6 A3=10FE52 A4=D08000 A5=10F300 A6=D00024 PC=C127D6 -- C127D6: move.b  (-$7fc8,A4), D0
D0=0 D1=100 D2=0 D3=0 D4=3 D5=8 D6=1 D7=0 A0=10FDBB A1=10FE01 A2=338D6 A3=10FE52 A4=D08000 A5=10F300 A6=D00024 PC=C127DA -- C127DA: beq     $c12806
D0=0 D1=100 D2=0 D3=0 D4=3 D5=8 D6=1 D7=0 A0=10FDBB A1=10FE01 A2=338D6 A3=10FE52 A4=D08000 A5=10F300 A6=D00024 PC=C12806 -- C12806: moveq   #$0, D7
D0=0 D1=100 D2=0 D3=0 D4=3 D5=8 D6=1 D7=0 A0=10FDBB A1=10FE01 A2=338D6 A3=10FE52 A4=D08000 A5=10F300 A6=D00024 PC=C12808 -- C12808: lea     (-$7fd4,A4), A6
D0=0 D1=100 D2=0 D3=0 D4=3 D5=8 D6=1 D7=0 A0=10FDBB A1=10FE01 A2=338D6 A3=10FE52 A4=D08000 A5=10F300 A6=D0002C PC=C1280C -- C1280C: tst.b   (A6,D7.w)
D0=0 D1=100 D2=0 D3=0 D4=3 D5=8 D6=1 D7=0 A0=10FDBB A1=10FE01 A2=338D6 A3=10FE52 A4=D08000 A5=10F300 A6=D0002C PC=C12810 -- C12810: beq     $c12822
D0=0 D1=100 D2=0 D3=0 D4=3 D5=8 D6=1 D7=0 A0=10FDBB A1=10FE01 A2=338D6 A3=10FE52 A4=D08000 A5=10F300 A6=D0002C PC=C12822 -- C12822: addq.b  #1, D7
D0=0 D1=100 D2=0 D3=0 D4=3 D5=8 D6=1 D7=1 A0=10FDBB A1=10FE01 A2=338D6 A3=10FE52 A4=D08000 A5=10F300 A6=D0002C PC=C12824 -- C12824: cmpi.b  #$2, D7
D0=0 D1=100 D2=0 D3=0 D4=3 D5=8 D6=1 D7=1 A0=10FDBB A1=10FE01 A2=338D6 A3=10FE52 A4=D08000 A5=10F300 A6=D0002C PC=C12828 -- C12828: bne     $c1280c
D0=0 D1=100 D2=0 D3=0 D4=3 D5=8 D6=1 D7=1 A0=10FDBB A1=10FE01 A2=338D6 A3=10FE52 A4=D08000 A5=10F300 A6=D0002C PC=C1280C -- C1280C: tst.b   (A6,D7.w)
D0=0 D1=100 D2=0 D3=0 D4=3 D5=8 D6=1 D7=1 A0=10FDBB A1=10FE01 A2=338D6 A3=10FE52 A4=D08000 A5=10F300 A6=D0002C PC=C12810 -- C12810: beq     $c12822
D0=0 D1=100 D2=0 D3=0 D4=3 D5=8 D6=1 D7=1 A0=10FDBB A1=10FE01 A2=338D6 A3=10FE52 A4=D08000 A5=10F300 A6=D0002C PC=C12822 -- C12822: addq.b  #1, D7
D0=0 D1=100 D2=0 D3=0 D4=3 D5=8 D6=1 D7=2 A0=10FDBB A1=10FE01 A2=338D6 A3=10FE52 A4=D08000 A5=10F300 A6=D0002C PC=C12824 -- C12824: cmpi.b  #$2, D7
D0=0 D1=100 D2=0 D3=0 D4=3 D5=8 D6=1 D7=2 A0=10FDBB A1=10FE01 A2=338D6 A3=10FE52 A4=D08000 A5=10F300 A6=D0002C PC=C12828 -- C12828: bne     $c1280c
D0=0 D1=100 D2=0 D3=0 D4=3 D5=8 D6=1 D7=2 A0=10FDBB A1=10FE01 A2=338D6 A3=10FE52 A4=D08000 A5=10F300 A6=D0002C PC=C1282A -- C1282A: jsr     ($34,PC) ; ($c12860)
D0=0 D1=100 D2=0 D3=0 D4=3 D5=8 D6=1 D7=2 A0=10FDBB A1=10FE01 A2=338D6 A3=10FE52 A4=D08000 A5=10F300 A6=D0002C PC=C12860 -- C12860: subq.b  #1, (-$7fa3,A4)
D0=0 D1=100 D2=0 D3=0 D4=3 D5=8 D6=1 D7=2 A0=10FDBB A1=10FE01 A2=338D6 A3=10FE52 A4=D08000 A5=10F300 A6=D0002C PC=C12864 -- C12864: bne     $c128a4
D0=0 D1=100 D2=0 D3=0 D4=3 D5=8 D6=1 D7=2 A0=10FDBB A1=10FE01 A2=338D6 A3=10FE52 A4=D08000 A5=10F300 A6=D0002C PC=C128A4 -- C128A4: rts
D0=0 D1=100 D2=0 D3=0 D4=3 D5=8 D6=1 D7=2 A0=10FDBB A1=10FE01 A2=338D6 A3=10FE52 A4=D08000 A5=10F300 A6=D0002C PC=C1282E -- C1282E: tst.b   ($bbb,A5)
D0=0 D1=100 D2=0 D3=0 D4=3 D5=8 D6=1 D7=2 A0=10FDBB A1=10FE01 A2=338D6 A3=10FE52 A4=D08000 A5=10F300 A6=D0002C PC=C12832 -- C12832: bne     $c1285e
D0=0 D1=100 D2=0 D3=0 D4=3 D5=8 D6=1 D7=2 A0=10FDBB A1=10FE01 A2=338D6 A3=10FE52 A4=D08000 A5=10F300 A6=D0002C PC=C12834 -- C12834: move.b  ($b00,A5), D0
D0=0 D1=100 D2=0 D3=0 D4=3 D5=8 D6=1 D7=2 A0=10FDBB A1=10FE01 A2=338D6 A3=10FE52 A4=D08000 A5=10F300 A6=D0002C PC=C12838 -- C12838: move.b  #$ef, D1
D0=0 D1=1EF D2=0 D3=0 D4=3 D5=8 D6=1 D7=2 A0=10FDBB A1=10FE01 A2=338D6 A3=10FE52 A4=D08000 A5=10F300 A6=D0002C PC=C1283C -- C1283C: btst    #$0, ($b8b,A5)
D0=0 D1=1EF D2=0 D3=0 D4=3 D5=8 D6=1 D7=2 A0=10FDBB A1=10FE01 A2=338D6 A3=10FE52 A4=D08000 A5=10F300 A6=D0002C PC=C12842 -- C12842: beq     $c1284c
D0=0 D1=1EF D2=0 D3=0 D4=3 D5=8 D6=1 D7=2 A0=10FDBB A1=10FE01 A2=338D6 A3=10FE52 A4=D08000 A5=10F300 A6=D0002C PC=C12844 -- C12844: move.b  ($b01,A5), D0
D0=0 D1=1EF D2=0 D3=0 D4=3 D5=8 D6=1 D7=2 A0=10FDBB A1=10FE01 A2=338D6 A3=10FE52 A4=D08000 A5=10F300 A6=D0002C PC=C12848 -- C12848: move.b  #$df, D1
D0=0 D1=1DF D2=0 D3=0 D4=3 D5=8 D6=1 D7=2 A0=10FDBB A1=10FE01 A2=338D6 A3=10FE52 A4=D08000 A5=10F300 A6=D0002C PC=C1284C -- C1284C: not.b   D0
D0=FF D1=1DF D2=0 D3=0 D4=3 D5=8 D6=1 D7=2 A0=10FDBB A1=10FE01 A2=338D6 A3=10FE52 A4=D08000 A5=10F300 A6=D0002C PC=C1284E -- C1284E: move.b  D0, $380041.l
D0=FF D1=1DF D2=0 D3=0 D4=3 D5=8 D6=1 D7=2 A0=10FDBB A1=10FE01 A2=338D6 A3=10FE52 A4=D08000 A5=10F300 A6=D0002C PC=C12854 -- C12854: jsr     (-$690,PC) ; ($c121c6)
D0=FF D1=1DF D2=0 D3=0 D4=3 D5=8 D6=1 D7=2 A0=10FDBB A1=10FE01 A2=338D6 A3=10FE52 A4=D08000 A5=10F300 A6=D0002C PC=C121C6 -- C121C6: tst.b   $10febf.l
D0=FF D1=1DF D2=0 D3=0 D4=3 D5=8 D6=1 D7=2 A0=10FDBB A1=10FE01 A2=338D6 A3=10FE52 A4=D08000 A5=10F300 A6=D0002C PC=C121CC -- C121CC: bne     $c121d4
D0=FF D1=1DF D2=0 D3=0 D4=3 D5=8 D6=1 D7=2 A0=10FDBB A1=10FE01 A2=338D6 A3=10FE52 A4=D08000 A5=10F300 A6=D0002C PC=C121CE -- C121CE: move.b  D0, $3a000d.l
D0=FF D1=1DF D2=0 D3=0 D4=3 D5=8 D6=1 D7=2 A0=10FDBB A1=10FE01 A2=338D6 A3=10FE52 A4=D08000 A5=10F300 A6=D0002C PC=C121D4 -- C121D4: rts
D0=FF D1=1DF D2=0 D3=0 D4=3 D5=8 D6=1 D7=2 A0=10FDBB A1=10FE01 A2=338D6 A3=10FE52 A4=D08000 A5=10F300 A6=D0002C PC=C12858 -- C12858: move.b  D1, $380031.l
D0=FF D1=1DF D2=0 D3=0 D4=3 D5=8 D6=1 D7=2 A0=10FDBB A1=10FE01 A2=338D6 A3=10FE52 A4=D08000 A5=10F300 A6=D0002C PC=C1285E -- C1285E: rts
D0=FF D1=1DF D2=0 D3=0 D4=3 D5=8 D6=1 D7=2 A0=10FDBB A1=10FE01 A2=338D6 A3=10FE52 A4=D08000 A5=10F300 A6=D0002C PC=C11688 -- C11688: jsr     ($6e84,PC) ; ($c1850e)
D0=FF D1=1DF D2=0 D3=0 D4=3 D5=8 D6=1 D7=2 A0=10FDBB A1=10FE01 A2=338D6 A3=10FE52 A4=D08000 A5=10F300 A6=D0002C PC=C1850E -- C1850E: lea     $10f300.l, A5
D0=FF D1=1DF D2=0 D3=0 D4=3 D5=8 D6=1 D7=2 A0=10FDBB A1=10FE01 A2=338D6 A3=10FE52 A4=D08000 A5=10F300 A6=D0002C PC=C18514 -- C18514: lea     ($a94,A5), A0
D0=FF D1=1DF D2=0 D3=0 D4=3 D5=8 D6=1 D7=2 A0=10FD94 A1=10FE01 A2=338D6 A3=10FE52 A4=D08000 A5=10F300 A6=D0002C PC=C18518 -- C18518: lea     $380001.l, A2
D0=FF D1=1DF D2=0 D3=0 D4=3 D5=8 D6=1 D7=2 A0=10FD94 A1=10FE01 A2=380001 A3=10FE52 A4=D08000 A5=10F300 A6=D0002C PC=C1851E -- C1851E: moveq   #$0, D1
D0=FF D1=0 D2=0 D3=0 D4=3 D5=8 D6=1 D7=2 A0=10FD94 A1=10FE01 A2=380001 A3=10FE52 A4=D08000 A5=10F300 A6=D0002C PC=C18520 -- C18520: move.b  #$12, (A2)
D0=FF D1=0 D2=0 D3=0 D4=3 D5=8 D6=1 D7=2 A0=10FD94 A1=10FE01 A2=380001 A3=10FE52 A4=D08000 A5=10F300 A6=D0002C PC=C18524 -- C18524: bsr     $c184f4
D0=FF D1=0 D2=0 D3=0 D4=3 D5=8 D6=1 D7=2 A0=10FD94 A1=10FE01 A2=380001 A3=10FE52 A4=D08000 A5=10F300 A6=D0002C PC=C184F4 -- C184F4: bsr     $c18500
D0=FF D1=0 D2=0 D3=0 D4=3 D5=8 D6=1 D7=2 A0=10FD94 A1=10FE01 A2=380001 A3=10FE52 A4=D08000 A5=10F300 A6=D0002C PC=C18500 -- C18500: nop
D0=FF D1=0 D2=0 D3=0 D4=3 D5=8 D6=1 D7=2 A0=10FD94 A1=10FE01 A2=380001 A3=10FE52 A4=D08000 A5=10F300 A6=D0002C PC=C18502 -- C18502: nop
D0=FF D1=0 D2=0 D3=0 D4=3 D5=8 D6=1 D7=2 A0=10FD94 A1=10FE01 A2=380001 A3=10FE52 A4=D08000 A5=10F300 A6=D0002C PC=C18504 -- C18504: nop
D0=FF D1=0 D2=0 D3=0 D4=3 D5=8 D6=1 D7=2 A0=10FD94 A1=10FE01 A2=380001 A3=10FE52 A4=D08000 A5=10F300 A6=D0002C PC=C18506 -- C18506: nop
D0=FF D1=0 D2=0 D3=0 D4=3 D5=8 D6=1 D7=2 A0=10FD94 A1=10FE01 A2=380001 A3=10FE52 A4=D08000 A5=10F300 A6=D0002C PC=C18508 -- C18508: nop
D0=FF D1=0 D2=0 D3=0 D4=3 D5=8 D6=1 D7=2 A0=10FD94 A1=10FE01 A2=380001 A3=10FE52 A4=D08000 A5=10F300 A6=D0002C PC=C1850A -- C1850A: nop
D0=FF D1=0 D2=0 D3=0 D4=3 D5=8 D6=1 D7=2 A0=10FD94 A1=10FE01 A2=380001 A3=10FE52 A4=D08000 A5=10F300 A6=D0002C PC=C1850C -- C1850C: rts
D0=FF D1=0 D2=0 D3=0 D4=3 D5=8 D6=1 D7=2 A0=10FD94 A1=10FE01 A2=380001 A3=10FE52 A4=D08000 A5=10F300 A6=D0002C PC=C184F8 -- C184F8: bsr     $c18500
D0=FF D1=0 D2=0 D3=0 D4=3 D5=8 D6=1 D7=2 A0=10FD94 A1=10FE01 A2=380001 A3=10FE52 A4=D08000 A5=10F300 A6=D0002C PC=C18500 -- C18500: nop
D0=FF D1=0 D2=0 D3=0 D4=3 D5=8 D6=1 D7=2 A0=10FD94 A1=10FE01 A2=380001 A3=10FE52 A4=D08000 A5=10F300 A6=D0002C PC=C18502 -- C18502: nop
D0=FF D1=0 D2=0 D3=0 D4=3 D5=8 D6=1 D7=2 A0=10FD94 A1=10FE01 A2=380001 A3=10FE52 A4=D08000 A5=10F300 A6=D0002C PC=C18504 -- C18504: nop
D0=FF D1=0 D2=0 D3=0 D4=3 D5=8 D6=1 D7=2 A0=10FD94 A1=10FE01 A2=380001 A3=10FE52 A4=D08000 A5=10F300 A6=D0002C PC=C18506 -- C18506: nop
D0=FF D1=0 D2=0 D3=0 D4=3 D5=8 D6=1 D7=2 A0=10FD94 A1=10FE01 A2=380001 A3=10FE52 A4=D08000 A5=10F300 A6=D0002C PC=C18508 -- C18508: nop
D0=FF D1=0 D2=0 D3=0 D4=3 D5=8 D6=1 D7=2 A0=10FD94 A1=10FE01 A2=380001 A3=10FE52 A4=D08000 A5=10F300 A6=D0002C PC=C1850A -- C1850A: nop
D0=FF D1=0 D2=0 D3=0 D4=3 D5=8 D6=1 D7=2 A0=10FD94 A1=10FE01 A2=380001 A3=10FE52 A4=D08000 A5=10F300 A6=D0002C PC=C1850C -- C1850C: rts
D0=FF D1=0 D2=0 D3=0 D4=3 D5=8 D6=1 D7=2 A0=10FD94 A1=10FE01 A2=380001 A3=10FE52 A4=D08000 A5=10F300 A6=D0002C PC=C184FC -- C184FC: bsr     $c18500

   (loops for 14 instructions)

D0=FF D1=0 D2=0 D3=0 D4=3 D5=8 D6=1 D7=2 A0=10FD94 A1=10FE01 A2=380001 A3=10FE52 A4=D08000 A5=10F300 A6=D0002C PC=C18526 -- C18526: move.b  $380000.l, D1
D0=FF D1=FF D2=0 D3=0 D4=3 D5=8 D6=1 D7=2 A0=10FD94 A1=10FE01 A2=380001 A3=10FE52 A4=D08000 A5=10F300 A6=D0002C PC=C1852C -- C1852C: move.b  $340000.l, D5
D0=FF D1=FF D2=0 D3=0 D4=3 D5=FF D6=1 D7=2 A0=10FD94 A1=10FE01 A2=380001 A3=10FE52 A4=D08000 A5=10F300 A6=D0002C PC=C18532 -- C18532: swap    D5
D0=FF D1=FF D2=0 D3=0 D4=3 D5=FF0000 D6=1 D7=2 A0=10FD94 A1=10FE01 A2=380001 A3=10FE52 A4=D08000 A5=10F300 A6=D0002C PC=C18534 -- C18534: move.b  $300000.l, D5
D0=FF D1=FF D2=0 D3=0 D4=3 D5=FF00FF D6=1 D7=2 A0=10FD94 A1=10FE01 A2=380001 A3=10FE52 A4=D08000 A5=10F300 A6=D0002C PC=C1853A -- C1853A: lsl.b   #4, D1
D0=FF D1=F0 D2=0 D3=0 D4=3 D5=FF00FF D6=1 D7=2 A0=10FD94 A1=10FE01 A2=380001 A3=10FE52 A4=D08000 A5=10F300 A6=D0002C PC=C1853C -- C1853C: move.b  #$1b, (A2)
D0=FF D1=F0 D2=0 D3=0 D4=3 D5=FF00FF D6=1 D7=2 A0=10FD94 A1=10FE01 A2=380001 A3=10FE52 A4=D08000 A5=10F300 A6=D0002C PC=C18540 -- C18540: nop
D0=FF D1=F0 D2=0 D3=0 D4=3 D5=FF00FF D6=1 D7=2 A0=10FD94 A1=10FE01 A2=380001 A3=10FE52 A4=D08000 A5=10F300 A6=D0002C PC=C18542 -- C18542: jsr     $c1b950.l
D0=FF D1=F0 D2=0 D3=0 D4=3 D5=FF00FF D6=1 D7=2 A0=10FD94 A1=10FE01 A2=380001 A3=10FE52 A4=D08000 A5=10F300 A6=D0002C PC=C1B950 -- C1B950: bsr     $c1e32e
D0=FF D1=F0 D2=0 D3=0 D4=3 D5=FF00FF D6=1 D7=2 A0=10FD94 A1=10FE01 A2=380001 A3=10FE52 A4=D08000 A5=10F300 A6=D0002C PC=C1E32E -- C1E32E: move.b  D0, $300001.l
D0=FF D1=F0 D2=0 D3=0 D4=3 D5=FF00FF D6=1 D7=2 A0=10FD94 A1=10FE01 A2=380001 A3=10FE52 A4=D08000 A5=10F300 A6=D0002C PC=C1E334 -- C1E334: moveq   #$0, D4
D0=FF D1=F0 D2=0 D3=0 D4=0 D5=FF00FF D6=1 D7=2 A0=10FD94 A1=10FE01 A2=380001 A3=10FE52 A4=D08000 A5=10F300 A6=D0002C PC=C1E336 -- C1E336: tst.b   $10fe8d.l
D0=FF D1=F0 D2=0 D3=0 D4=0 D5=FF00FF D6=1 D7=2 A0=10FD94 A1=10FE01 A2=380001 A3=10FE52 A4=D08000 A5=10F300 A6=D0002C PC=C1E33C -- C1E33C: bne     $c1e358
D0=FF D1=F0 D2=0 D3=0 D4=0 D5=FF00FF D6=1 D7=2 A0=10FD94 A1=10FE01 A2=380001 A3=10FE52 A4=D08000 A5=10F300 A6=D0002C PC=C1E33E -- C1E33E: moveq   #$1, D4
D0=FF D1=F0 D2=0 D3=0 D4=1 D5=FF00FF D6=1 D7=2 A0=10FD94 A1=10FE01 A2=380001 A3=10FE52 A4=D08000 A5=10F300 A6=D0002C PC=C1E340 -- C1E340: btst    #$2, $10fe35.l
D0=FF D1=F0 D2=0 D3=0 D4=1 D5=FF00FF D6=1 D7=2 A0=10FD94 A1=10FE01 A2=380001 A3=10FE52 A4=D08000 A5=10F300 A6=D0002C PC=C1E348 -- C1E348: bne     $c1e364
D0=FF D1=F0 D2=0 D3=0 D4=1 D5=FF00FF D6=1 D7=2 A0=10FD94 A1=10FE01 A2=380001 A3=10FE52 A4=D08000 A5=10F300 A6=D0002C PC=C1E34A -- C1E34A: btst    #$7, $300081.l
D0=FF D1=F0 D2=0 D3=0 D4=1 D5=FF00FF D6=1 D7=2 A0=10FD94 A1=10FE01 A2=380001 A3=10FE52 A4=D08000 A5=10F300 A6=D0002C PC=C1E352 -- C1E352: beq     $c1c0da
D0=FF D1=F0 D2=0 D3=0 D4=1 D5=FF00FF D6=1 D7=2 A0=10FD94 A1=10FE01 A2=380001 A3=10FE52 A4=D08000 A5=10F300 A6=D0002C PC=C1E356 -- C1E356: bra     $c1e372
D0=FF D1=F0 D2=0 D3=0 D4=1 D5=FF00FF D6=1 D7=2 A0=10FD94 A1=10FE01 A2=380001 A3=10FE52 A4=D08000 A5=10F300 A6=D0002C PC=C1E372 -- C1E372: cmpi.l  #$1514, $10fc40.l
D0=FF D1=F0 D2=0 D3=0 D4=1 D5=FF00FF D6=1 D7=2 A0=10FD94 A1=10FE01 A2=380001 A3=10FE52 A4=D08000 A5=10F300 A6=D0002C PC=C1E37C -- C1E37C: bne     $c1e382
D0=FF D1=F0 D2=0 D3=0 D4=1 D5=FF00FF D6=1 D7=2 A0=10FD94 A1=10FE01 A2=380001 A3=10FE52 A4=D08000 A5=10F300 A6=D0002C PC=C1E382 -- C1E382: nop
D0=FF D1=F0 D2=0 D3=0 D4=1 D5=FF00FF D6=1 D7=2 A0=10FD94 A1=10FE01 A2=380001 A3=10FE52 A4=D08000 A5=10F300 A6=D0002C PC=C1E384 -- C1E384: bra     $c1e388
D0=FF D1=F0 D2=0 D3=0 D4=1 D5=FF00FF D6=1 D7=2 A0=10FD94 A1=10FE01 A2=380001 A3=10FE52 A4=D08000 A5=10F300 A6=D0002C PC=C1E388 -- C1E388: cmpi.l  #$1004dc, $10fc40.l
D0=FF D1=F0 D2=0 D3=0 D4=1 D5=FF00FF D6=1 D7=2 A0=10FD94 A1=10FE01 A2=380001 A3=10FE52 A4=D08000 A5=10F300 A6=D0002C PC=C1E392 -- C1E392: bne     $c1e398
D0=FF D1=F0 D2=0 D3=0 D4=1 D5=FF00FF D6=1 D7=2 A0=10FD94 A1=10FE01 A2=380001 A3=10FE52 A4=D08000 A5=10F300 A6=D0002C PC=C1E398 -- C1E398: nop
D0=FF D1=F0 D2=0 D3=0 D4=1 D5=FF00FF D6=1 D7=2 A0=10FD94 A1=10FE01 A2=380001 A3=10FE52 A4=D08000 A5=10F300 A6=D0002C PC=C1E39A -- C1E39A: bra     $c1e39e
D0=FF D1=F0 D2=0 D3=0 D4=1 D5=FF00FF D6=1 D7=2 A0=10FD94 A1=10FE01 A2=380001 A3=10FE52 A4=D08000 A5=10F300 A6=D0002C PC=C1E39E -- C1E39E: cmpi.l  #$100508, $10fc40.l
D0=FF D1=F0 D2=0 D3=0 D4=1 D5=FF00FF D6=1 D7=2 A0=10FD94 A1=10FE01 A2=380001 A3=10FE52 A4=D08000 A5=10F300 A6=D0002C PC=C1E3A8 -- C1E3A8: bne     $c1e3ae
D0=FF D1=F0 D2=0 D3=0 D4=1 D5=FF00FF D6=1 D7=2 A0=10FD94 A1=10FE01 A2=380001 A3=10FE52 A4=D08000 A5=10F300 A6=D0002C PC=C1E3AE -- C1E3AE: nop
D0=FF D1=F0 D2=0 D3=0 D4=1 D5=FF00FF D6=1 D7=2 A0=10FD94 A1=10FE01 A2=380001 A3=10FE52 A4=D08000 A5=10F300 A6=D0002C PC=C1E3B0 -- C1E3B0: bra     $c1e3b4
D0=FF D1=F0 D2=0 D3=0 D4=1 D5=FF00FF D6=1 D7=2 A0=10FD94 A1=10FE01 A2=380001 A3=10FE52 A4=D08000 A5=10F300 A6=D0002C PC=C1E3B4 -- C1E3B4: btst    #$1, $10fe34.l
D0=FF D1=F0 D2=0 D3=0 D4=1 D5=FF00FF D6=1 D7=2 A0=10FD94 A1=10FE01 A2=380001 A3=10FE52 A4=D08000 A5=10F300 A6=D0002C PC=C1E3BC -- C1E3BC: beq     $c1e3c2
D0=FF D1=F0 D2=0 D3=0 D4=1 D5=FF00FF D6=1 D7=2 A0=10FD94 A1=10FE01 A2=380001 A3=10FE52 A4=D08000 A5=10F300 A6=D0002C PC=C1E3C2 -- C1E3C2: nop
D0=FF D1=F0 D2=0 D3=0 D4=1 D5=FF00FF D6=1 D7=2 A0=10FD94 A1=10FE01 A2=380001 A3=10FE52 A4=D08000 A5=10F300 A6=D0002C PC=C1E3C4 -- C1E3C4: rts
D0=FF D1=F0 D2=0 D3=0 D4=1 D5=FF00FF D6=1 D7=2 A0=10FD94 A1=10FE01 A2=380001 A3=10FE52 A4=D08000 A5=10F300 A6=D0002C PC=C1B954 -- C1B954: move.b  $380000.l, D2
D0=FF D1=F0 D2=FF D3=0 D4=1 D5=FF00FF D6=1 D7=2 A0=10FD94 A1=10FE01 A2=380001 A3=10FE52 A4=D08000 A5=10F300 A6=D0002C PC=C1B95A -- C1B95A: bsr     $c1e3c6
D0=FF D1=F0 D2=FF D3=0 D4=1 D5=FF00FF D6=1 D7=2 A0=10FD94 A1=10FE01 A2=380001 A3=10FE52 A4=D08000 A5=10F300 A6=D0002C PC=C1E3C6 -- C1E3C6: cmpi.w  #$104, $10fdfe.l
D0=FF D1=F0 D2=FF D3=0 D4=1 D5=FF00FF D6=1 D7=2 A0=10FD94 A1=10FE01 A2=380001 A3=10FE52 A4=D08000 A5=10F300 A6=D0002C PC=C1E3CE -- C1E3CE: bne     $c1e3e4
D0=FF D1=F0 D2=FF D3=0 D4=1 D5=FF00FF D6=1 D7=2 A0=10FD94 A1=10FE01 A2=380001 A3=10FE52 A4=D08000 A5=10F300 A6=D0002C PC=C1E3E4 -- C1E3E4: cmpi.b  #$1, D4
D0=FF D1=F0 D2=FF D3=0 D4=1 D5=FF00FF D6=1 D7=2 A0=10FD94 A1=10FE01 A2=380001 A3=10FE52 A4=D08000 A5=10F300 A6=D0002C PC=C1E3E8 -- C1E3E8: beq     $c1e3ec
D0=FF D1=F0 D2=FF D3=0 D4=1 D5=FF00FF D6=1 D7=2 A0=10FD94 A1=10FE01 A2=380001 A3=10FE52 A4=D08000 A5=10F300 A6=D0002C PC=C1E3EC -- C1E3EC: movem.l D0-D7/A0-A6, -(A7)
D0=FF D1=F0 D2=FF D3=0 D4=1 D5=FF00FF D6=1 D7=2 A0=10FD94 A1=10FE01 A2=380001 A3=10FE52 A4=D08000 A5=10F300 A6=D0002C PC=C1E3F0 -- C1E3F0: andi.b  #$3, D2
D0=FF D1=F0 D2=3 D3=0 D4=1 D5=FF00FF D6=1 D7=2 A0=10FD94 A1=10FE01 A2=380001 A3=10FE52 A4=D08000 A5=10F300 A6=D0002C PC=C1E3F4 -- C1E3F4: beq     $c1e422
D0=FF D1=F0 D2=3 D3=0 D4=1 D5=FF00FF D6=1 D7=2 A0=10FD94 A1=10FE01 A2=380001 A3=10FE52 A4=D08000 A5=10F300 A6=D0002C PC=C1E3F6 -- C1E3F6: andi.b  #$1, D2
D0=FF D1=F0 D2=1 D3=0 D4=1 D5=FF00FF D6=1 D7=2 A0=10FD94 A1=10FE01 A2=380001 A3=10FE52 A4=D08000 A5=10F300 A6=D0002C PC=C1E3FA -- C1E3FA: bne     $c1e468
D0=FF D1=F0 D2=1 D3=0 D4=1 D5=FF00FF D6=1 D7=2 A0=10FD94 A1=10FE01 A2=380001 A3=10FE52 A4=D08000 A5=10F300 A6=D0002C PC=C1E468 -- C1E468: move.w  $108.w, D0
D0=55 D1=F0 D2=1 D3=0 D4=1 D5=FF00FF D6=1 D7=2 A0=10FD94 A1=10FE01 A2=380001 A3=10FE52 A4=D08000 A5=10F300 A6=D0002C PC=C1E46C -- C1E46C: jsr     $c05000.l
D0=55 D1=F0 D2=1 D3=0 D4=1 D5=FF00FF D6=1 D7=2 A0=10FD94 A1=10FE01 A2=380001 A3=10FE52 A4=D08000 A5=10F300 A6=D0002C PC=C05000 -- C05000: bra     $c06f98
D0=55 D1=F0 D2=1 D3=0 D4=1 D5=FF00FF D6=1 D7=2 A0=10FD94 A1=10FE01 A2=380001 A3=10FE52 A4=D08000 A5=10F300 A6=D0002C PC=C06F98 -- C06F98: lea     $10fe38.l, A0
D0=55 D1=F0 D2=1 D3=0 D4=1 D5=FF00FF D6=1 D7=2 A0=10FE38 A1=10FE01 A2=380001 A3=10FE52 A4=D08000 A5=10F300 A6=D0002C PC=C06F9E -- C06F9E: cmpi.w  #$7654, (A0)
D0=55 D1=F0 D2=1 D3=0 D4=1 D5=FF00FF D6=1 D7=2 A0=10FE38 A1=10FE01 A2=380001 A3=10FE52 A4=D08000 A5=10F300 A6=D0002C PC=C06FA2 -- C06FA2: beq     $c06fac
D0=55 D1=F0 D2=1 D3=0 D4=1 D5=FF00FF D6=1 D7=2 A0=10FE38 A1=10FE01 A2=380001 A3=10FE52 A4=D08000 A5=10F300 A6=D0002C PC=C06FAC -- C06FAC: moveq   #$0, D1
D0=55 D1=0 D2=1 D3=0 D4=1 D5=FF00FF D6=1 D7=2 A0=10FE38 A1=10FE01 A2=380001 A3=10FE52 A4=D08000 A5=10F300 A6=D0002C PC=C06FAE -- C06FAE: cmpi.w  #$236, D0
D0=55 D1=0 D2=1 D3=0 D4=1 D5=FF00FF D6=1 D7=2 A0=10FE38 A1=10FE01 A2=380001 A3=10FE52 A4=D08000 A5=10F300 A6=D0002C PC=C06FB2 -- C06FB2: beq     $c079be
D0=55 D1=0 D2=1 D3=0 D4=1 D5=FF00FF D6=1 D7=2 A0=10FE38 A1=10FE01 A2=380001 A3=10FE52 A4=D08000 A5=10F300 A6=D0002C PC=C06FB6 -- C06FB6: rts
D0=55 D1=0 D2=1 D3=0 D4=1 D5=FF00FF D6=1 D7=2 A0=10FE38 A1=10FE01 A2=380001 A3=10FE52 A4=D08000 A5=10F300 A6=D0002C PC=C1E472 -- C1E472: bsr     $c1e488
D0=55 D1=0 D2=1 D3=0 D4=1 D5=FF00FF D6=1 D7=2 A0=10FE38 A1=10FE01 A2=380001 A3=10FE52 A4=D08000 A5=10F300 A6=D0002C PC=C1E488 -- C1E488: move.w  $108.w, D0
D0=55 D1=0 D2=1 D3=0 D4=1 D5=FF00FF D6=1 D7=2 A0=10FE38 A1=10FE01 A2=380001 A3=10FE52 A4=D08000 A5=10F300 A6=D0002C PC=C1E48C -- C1E48C: cmpi.w  #$2, D0
D0=55 D1=0 D2=1 D3=0 D4=1 D5=FF00FF D6=1 D7=2 A0=10FE38 A1=10FE01 A2=380001 A3=10FE52 A4=D08000 A5=10F300 A6=D0002C PC=C1E490 -- C1E490: beq     $c1e4a8
D0=55 D1=0 D2=1 D3=0 D4=1 D5=FF00FF D6=1 D7=2 A0=10FE38 A1=10FE01 A2=380001 A3=10FE52 A4=D08000 A5=10F300 A6=D0002C PC=C1E492 -- C1E492: cmpi.w  #$71, D0
D0=55 D1=0 D2=1 D3=0 D4=1 D5=FF00FF D6=1 D7=2 A0=10FE38 A1=10FE01 A2=380001 A3=10FE52 A4=D08000 A5=10F300 A6=D0002C PC=C1E496 -- C1E496: beq     $c1e4a8
D0=55 D1=0 D2=1 D3=0 D4=1 D5=FF00FF D6=1 D7=2 A0=10FE38 A1=10FE01 A2=380001 A3=10FE52 A4=D08000 A5=10F300 A6=D0002C PC=C1E498 -- C1E498: movea.l $10e.w, A1
D0=55 D1=0 D2=1 D3=0 D4=1 D5=FF00FF D6=1 D7=2 A0=10FE38 A1=100000 A2=380001 A3=10FE52 A4=D08000 A5=10F300 A6=D0002C PC=C1E49C -- C1E49C: move.w  (A1), D0
D0=0 D1=0 D2=1 D3=0 D4=1 D5=FF00FF D6=1 D7=2 A0=10FE38 A1=100000 A2=380001 A3=10FE52 A4=D08000 A5=10F300 A6=D0002C PC=C1E49E -- C1E49E: move.w  $10fe36.l, D2
D0=0 D1=0 D2=0 D3=0 D4=1 D5=FF00FF D6=1 D7=2 A0=10FE38 A1=100000 A2=380001 A3=10FE52 A4=D08000 A5=10F300 A6=D0002C PC=C1E4A4 -- C1E4A4: or.w    D2, D0
D0=0 D1=0 D2=0 D3=0 D4=1 D5=FF00FF D6=1 D7=2 A0=10FE38 A1=100000 A2=380001 A3=10FE52 A4=D08000 A5=10F300 A6=D0002C PC=C1E4A6 -- C1E4A6: move.w  D0, (A1)
D0=0 D1=0 D2=0 D3=0 D4=1 D5=FF00FF D6=1 D7=2 A0=10FE38 A1=100000 A2=380001 A3=10FE52 A4=D08000 A5=10F300 A6=D0002C PC=C1E4A8 -- C1E4A8: rts
D0=0 D1=0 D2=0 D3=0 D4=1 D5=FF00FF D6=1 D7=2 A0=10FE38 A1=100000 A2=380001 A3=10FE52 A4=D08000 A5=10F300 A6=D0002C PC=C1E476 -- C1E476: jsr     $c05004.l
D0=0 D1=0 D2=0 D3=0 D4=1 D5=FF00FF D6=1 D7=2 A0=10FE38 A1=100000 A2=380001 A3=10FE52 A4=D08000 A5=10F300 A6=D0002C PC=C05004 -- C05004: bra     $c07c58
D0=0 D1=0 D2=0 D3=0 D4=1 D5=FF00FF D6=1 D7=2 A0=10FE38 A1=100000 A2=380001 A3=10FE52 A4=D08000 A5=10F300 A6=D0002C PC=C07C58 -- C07C58: move.w  $108.w, D0
D0=55 D1=0 D2=0 D3=0 D4=1 D5=FF00FF D6=1 D7=2 A0=10FE38 A1=100000 A2=380001 A3=10FE52 A4=D08000 A5=10F300 A6=D0002C PC=C07C5C -- C07C5C: move.w  D0, D1
D0=55 D1=55 D2=0 D3=0 D4=1 D5=FF00FF D6=1 D7=2 A0=10FE38 A1=100000 A2=380001 A3=10FE52 A4=D08000 A5=10F300 A6=D0002C PC=C07C5E -- C07C5E: cmpi.w  #$261, D0
D0=55 D1=55 D2=0 D3=0 D4=1 D5=FF00FF D6=1 D7=2 A0=10FE38 A1=100000 A2=380001 A3=10FE52 A4=D08000 A5=10F300 A6=D0002C PC=C07C62 -- C07C62: bne     $c07c76
D0=55 D1=55 D2=0 D3=0 D4=1 D5=FF00FF D6=1 D7=2 A0=10FE38 A1=100000 A2=380001 A3=10FE52 A4=D08000 A5=10F300 A6=D0002C PC=C07C76 -- C07C76: tst.b   $10fe32.l
D0=55 D1=55 D2=0 D3=0 D4=1 D5=FF00FF D6=1 D7=2 A0=10FE38 A1=100000 A2=380001 A3=10FE52 A4=D08000 A5=10F300 A6=D0002C PC=C07C7C -- C07C7C: bne     $c07c8c
D0=55 D1=55 D2=0 D3=0 D4=1 D5=FF00FF D6=1 D7=2 A0=10FE38 A1=100000 A2=380001 A3=10FE52 A4=D08000 A5=10F300 A6=D0002C PC=C07C8C -- C07C8C: cmpi.w  #$266, D0
D0=55 D1=55 D2=0 D3=0 D4=1 D5=FF00FF D6=1 D7=2 A0=10FE38 A1=100000 A2=380001 A3=10FE52 A4=D08000 A5=10F300 A6=D0002C PC=C07C90 -- C07C90: bne     $c07ca4
D0=55 D1=55 D2=0 D3=0 D4=1 D5=FF00FF D6=1 D7=2 A0=10FE38 A1=100000 A2=380001 A3=10FE52 A4=D08000 A5=10F300 A6=D0002C PC=C07CA4 -- C07CA4: cmpi.w  #$271, D0
D0=55 D1=55 D2=0 D3=0 D4=1 D5=FF00FF D6=1 D7=2 A0=10FE38 A1=100000 A2=380001 A3=10FE52 A4=D08000 A5=10F300 A6=D0002C PC=C07CA8 -- C07CA8: bne     $c07cd2
D0=55 D1=55 D2=0 D3=0 D4=1 D5=FF00FF D6=1 D7=2 A0=10FE38 A1=100000 A2=380001 A3=10FE52 A4=D08000 A5=10F300 A6=D0002C PC=C07CD2 -- C07CD2: btst    #$2, $10fe35.l
D0=55 D1=55 D2=0 D3=0 D4=1 D5=FF00FF D6=1 D7=2 A0=10FE38 A1=100000 A2=380001 A3=10FE52 A4=D08000 A5=10F300 A6=D0002C PC=C07CDA -- C07CDA: beq     $c07dae
D0=55 D1=55 D2=0 D3=0 D4=1 D5=FF00FF D6=1 D7=2 A0=10FE38 A1=100000 A2=380001 A3=10FE52 A4=D08000 A5=10F300 A6=D0002C PC=C07DAE -- C07DAE: rts
D0=55 D1=55 D2=0 D3=0 D4=1 D5=FF00FF D6=1 D7=2 A0=10FE38 A1=100000 A2=380001 A3=10FE52 A4=D08000 A5=10F300 A6=D0002C PC=C1E47C -- C1E47C: jsr     $c0500c.l
D0=55 D1=55 D2=0 D3=0 D4=1 D5=FF00FF D6=1 D7=2 A0=10FE38 A1=100000 A2=380001 A3=10FE52 A4=D08000 A5=10F300 A6=D0002C PC=C0500C -- C0500C: bra     $c06c3e
D0=55 D1=55 D2=0 D3=0 D4=1 D5=FF00FF D6=1 D7=2 A0=10FE38 A1=100000 A2=380001 A3=10FE52 A4=D08000 A5=10F300 A6=D0002C PC=C06C3E -- C06C3E: cmpi.w  #$262, $108.w
D0=55 D1=55 D2=0 D3=0 D4=1 D5=FF00FF D6=1 D7=2 A0=10FE38 A1=100000 A2=380001 A3=10FE52 A4=D08000 A5=10F300 A6=D0002C PC=C06C44 -- C06C44: bne     $c06c8a
D0=55 D1=55 D2=0 D3=0 D4=1 D5=FF00FF D6=1 D7=2 A0=10FE38 A1=100000 A2=380001 A3=10FE52 A4=D08000 A5=10F300 A6=D0002C PC=C06C8A -- C06C8A: rts
D0=55 D1=55 D2=0 D3=0 D4=1 D5=FF00FF D6=1 D7=2 A0=10FE38 A1=100000 A2=380001 A3=10FE52 A4=D08000 A5=10F300 A6=D0002C PC=C1E482 -- C1E482: movem.l (A7)+, D0-D7/A0-A6
D0=FF D1=F0 D2=FF D3=0 D4=1 D5=FF00FF D6=1 D7=2 A0=10FD94 A1=10FE01 A2=380001 A3=10FE52 A4=D08000 A5=10F300 A6=D0002C PC=C1E486 -- C1E486: rts
D0=FF D1=F0 D2=FF D3=0 D4=1 D5=FF00FF D6=1 D7=2 A0=10FD94 A1=10FE01 A2=380001 A3=10FE52 A4=D08000 A5=10F300 A6=D0002C PC=C1B95E -- C1B95E: tst.b   $10fe32.l
D0=FF D1=F0 D2=FF D3=0 D4=1 D5=FF00FF D6=1 D7=2 A0=10FD94 A1=10FE01 A2=380001 A3=10FE52 A4=D08000 A5=10F300 A6=D0002C PC=C1B964 -- C1B964: bne     $c1b9a2
D0=FF D1=F0 D2=FF D3=0 D4=1 D5=FF00FF D6=1 D7=2 A0=10FD94 A1=10FE01 A2=380001 A3=10FE52 A4=D08000 A5=10F300 A6=D0002C PC=C1B9A2 -- C1B9A2: btst    #$1, $10fe35.l
D0=FF D1=F0 D2=FF D3=0 D4=1 D5=FF00FF D6=1 D7=2 A0=10FD94 A1=10FE01 A2=380001 A3=10FE52 A4=D08000 A5=10F300 A6=D0002C PC=C1B9AA -- C1B9AA: bne     $c1b9b8
D0=FF D1=F0 D2=FF D3=0 D4=1 D5=FF00FF D6=1 D7=2 A0=10FD94 A1=10FE01 A2=380001 A3=10FE52 A4=D08000 A5=10F300 A6=D0002C PC=C1B9AC -- C1B9AC: tst.b   $10fe8d.l
D0=FF D1=F0 D2=FF D3=0 D4=1 D5=FF00FF D6=1 D7=2 A0=10FD94 A1=10FE01 A2=380001 A3=10FE52 A4=D08000 A5=10F300 A6=D0002C PC=C1B9B2 -- C1B9B2: bne     $c1b9b8
D0=FF D1=F0 D2=FF D3=0 D4=1 D5=FF00FF D6=1 D7=2 A0=10FD94 A1=10FE01 A2=380001 A3=10FE52 A4=D08000 A5=10F300 A6=D0002C PC=C1B9B4 -- C1B9B4: ori.b   #$a, D2
D0=FF D1=F0 D2=FF D3=0 D4=1 D5=FF00FF D6=1 D7=2 A0=10FD94 A1=10FE01 A2=380001 A3=10FE52 A4=D08000 A5=10F300 A6=D0002C PC=C1B9B8 -- C1B9B8: rts
D0=FF D1=F0 D2=FF D3=0 D4=1 D5=FF00FF D6=1 D7=2 A0=10FD94 A1=10FE01 A2=380001 A3=10FE52 A4=D08000 A5=10F300 A6=D0002C PC=C18548 -- C18548: move.b  $340000.l, D4
D0=FF D1=F0 D2=FF D3=0 D4=FF D5=FF00FF D6=1 D7=2 A0=10FD94 A1=10FE01 A2=380001 A3=10FE52 A4=D08000 A5=10F300 A6=D0002C PC=C1854E -- C1854E: swap    D4
D0=FF D1=F0 D2=FF D3=0 D4=FF0000 D5=FF00FF D6=1 D7=2 A0=10FD94 A1=10FE01 A2=380001 A3=10FE52 A4=D08000 A5=10F300 A6=D0002C PC=C18550 -- C18550: move.b  $300000.l, D4
D0=FF D1=F0 D2=FF D3=0 D4=FF00FF D5=FF00FF D6=1 D7=2 A0=10FD94 A1=10FE01 A2=380001 A3=10FE52 A4=D08000 A5=10F300 A6=D0002C PC=C18556 -- C18556: andi.b  #$f, D2
D0=FF D1=F0 D2=F D3=0 D4=FF00FF D5=FF00FF D6=1 D7=2 A0=10FD94 A1=10FE01 A2=380001 A3=10FE52 A4=D08000 A5=10F300 A6=D0002C PC=C1855A -- C1855A: or.b    D1, D2
D0=FF D1=F0 D2=FF D3=0 D4=FF00FF D5=FF00FF D6=1 D7=2 A0=10FD94 A1=10FE01 A2=380001 A3=10FE52 A4=D08000 A5=10F300 A6=D0002C PC=C1855C -- C1855C: not.b   D2
D0=FF D1=F0 D2=0 D3=0 D4=FF00FF D5=FF00FF D6=1 D7=2 A0=10FD94 A1=10FE01 A2=380001 A3=10FE52 A4=D08000 A5=10F300 A6=D0002C PC=C1855E -- C1855E: move.b  $10fedc.l, D3
D0=FF D1=F0 D2=0 D3=0 D4=FF00FF D5=FF00FF D6=1 D7=2 A0=10FD94 A1=10FE01 A2=380001 A3=10FE52 A4=D08000 A5=10F300 A6=D0002C PC=C18564 -- C18564: eor.b   D2, D3
D0=FF D1=F0 D2=0 D3=0 D4=FF00FF D5=FF00FF D6=1 D7=2 A0=10FD94 A1=10FE01 A2=380001 A3=10FE52 A4=D08000 A5=10F300 A6=D0002C PC=C18566 -- C18566: and.b   D2, D3
D0=FF D1=F0 D2=0 D3=0 D4=FF00FF D5=FF00FF D6=1 D7=2 A0=10FD94 A1=10FE01 A2=380001 A3=10FE52 A4=D08000 A5=10F300 A6=D0002C PC=C18568 -- C18568: cmpi.b  #$3, ($a94,A5)
D0=FF D1=F0 D2=0 D3=0 D4=FF00FF D5=FF00FF D6=1 D7=2 A0=10FD94 A1=10FE01 A2=380001 A3=10FE52 A4=D08000 A5=10F300 A6=D0002C PC=C1856E -- C1856E: beq     $c18578
D0=FF D1=F0 D2=0 D3=0 D4=FF00FF D5=FF00FF D6=1 D7=2 A0=10FD94 A1=10FE01 A2=380001 A3=10FE52 A4=D08000 A5=10F300 A6=D0002C PC=C18570 -- C18570: cmpi.b  #$3, ($a9a,A5)
D0=FF D1=F0 D2=0 D3=0 D4=FF00FF D5=FF00FF D6=1 D7=2 A0=10FD94 A1=10FE01 A2=380001 A3=10FE52 A4=D08000 A5=10F300 A6=D0002C PC=C18576 -- C18576: bne     $c1857c
D0=FF D1=F0 D2=0 D3=0 D4=FF00FF D5=FF00FF D6=1 D7=2 A0=10FD94 A1=10FE01 A2=380001 A3=10FE52 A4=D08000 A5=10F300 A6=D0002C PC=C1857C -- C1857C: move.b  #$cf, D7
D0=FF D1=F0 D2=0 D3=0 D4=FF00FF D5=FF00FF D6=1 D7=CF A0=10FD94 A1=10FE01 A2=380001 A3=10FE52 A4=D08000 A5=10F300 A6=D0002C PC=C18580 -- C18580: jsr     ($d4,PC) ; ($c18656)
D0=FF D1=F0 D2=0 D3=0 D4=FF00FF D5=FF00FF D6=1 D7=CF A0=10FD94 A1=10FE01 A2=380001 A3=10FE52 A4=D08000 A5=10F300 A6=D0002C PC=C18656 -- C18656: cmpi.b  #$3, (A0)
D0=FF D1=F0 D2=0 D3=0 D4=FF00FF D5=FF00FF D6=1 D7=CF A0=10FD94 A1=10FE01 A2=380001 A3=10FE52 A4=D08000 A5=10F300 A6=D0002C PC=C1865A -- C1865A: beq     $c186b4
D0=FF D1=F0 D2=0 D3=0 D4=FF00FF D5=FF00FF D6=1 D7=CF A0=10FD94 A1=10FE01 A2=380001 A3=10FE52 A4=D08000 A5=10F300 A6=D0002C PC=C1865C -- C1865C: move.b  D4, D0
D0=FF D1=F0 D2=0 D3=0 D4=FF00FF D5=FF00FF D6=1 D7=CF A0=10FD94 A1=10FE01 A2=380001 A3=10FE52 A4=D08000 A5=10F300 A6=D0002C PC=C1865E -- C1865E: jsr     ($c,PC) ; ($c1866c)
D0=FF D1=F0 D2=0 D3=0 D4=FF00FF D5=FF00FF D6=1 D7=CF A0=10FD94 A1=10FE01 A2=380001 A3=10FE52 A4=D08000 A5=10F300 A6=D0002C PC=C1866C -- C1866C: not.b   D0
D0=0 D1=F0 D2=0 D3=0 D4=FF00FF D5=FF00FF D6=1 D7=CF A0=10FD94 A1=10FE01 A2=380001 A3=10FE52 A4=D08000 A5=10F300 A6=D0002C PC=C1866E -- C1866E: move.b  ($2,A0), D1
D0=0 D1=0 D2=0 D3=0 D4=FF00FF D5=FF00FF D6=1 D7=CF A0=10FD94 A1=10FE01 A2=380001 A3=10FE52 A4=D08000 A5=10F300 A6=D0002C PC=C18672 -- C18672: cmp.b   D0, D1
D0=0 D1=0 D2=0 D3=0 D4=FF00FF D5=FF00FF D6=1 D7=CF A0=10FD94 A1=10FE01 A2=380001 A3=10FE52 A4=D08000 A5=10F300 A6=D0002C PC=C18674 -- C18674: bne     $c18684
D0=0 D1=0 D2=0 D3=0 D4=FF00FF D5=FF00FF D6=1 D7=CF A0=10FD94 A1=10FE01 A2=380001 A3=10FE52 A4=D08000 A5=10F300 A6=D0002C PC=C18676 -- C18676: subq.b  #1, ($5,A0)
D0=0 D1=0 D2=0 D3=0 D4=FF00FF D5=FF00FF D6=1 D7=CF A0=10FD94 A1=10FE01 A2=380001 A3=10FE52 A4=D08000 A5=10F300 A6=D0002C PC=C1867A -- C1867A: bpl     $c18690
D0=0 D1=0 D2=0 D3=0 D4=FF00FF D5=FF00FF D6=1 D7=CF A0=10FD94 A1=10FE01 A2=380001 A3=10FE52 A4=D08000 A5=10F300 A6=D0002C PC=C18690 -- C18690: clr.b   ($4,A0)
D0=0 D1=0 D2=0 D3=0 D4=FF00FF D5=FF00FF D6=1 D7=CF A0=10FD94 A1=10FE01 A2=380001 A3=10FE52 A4=D08000 A5=10F300 A6=D0002C PC=C18694 -- C18694: move.b  D1, ($1,A0)
D0=0 D1=0 D2=0 D3=0 D4=FF00FF D5=FF00FF D6=1 D7=CF A0=10FD94 A1=10FE01 A2=380001 A3=10FE52 A4=D08000 A5=10F300 A6=D0002C PC=C18698 -- C18698: move.b  D0, ($2,A0)
D0=0 D1=0 D2=0 D3=0 D4=FF00FF D5=FF00FF D6=1 D7=CF A0=10FD94 A1=10FE01 A2=380001 A3=10FE52 A4=D08000 A5=10F300 A6=D0002C PC=C1869C -- C1869C: eor.b   D0, D1
D0=0 D1=0 D2=0 D3=0 D4=FF00FF D5=FF00FF D6=1 D7=CF A0=10FD94 A1=10FE01 A2=380001 A3=10FE52 A4=D08000 A5=10F300 A6=D0002C PC=C1869E -- C1869E: and.b   D0, D1
D0=0 D1=0 D2=0 D3=0 D4=FF00FF D5=FF00FF D6=1 D7=CF A0=10FD94 A1=10FE01 A2=380001 A3=10FE52 A4=D08000 A5=10F300 A6=D0002C PC=C186A0 -- C186A0: move.b  D1, ($3,A0)
D0=0 D1=0 D2=0 D3=0 D4=FF00FF D5=FF00FF D6=1 D7=CF A0=10FD94 A1=10FE01 A2=380001 A3=10FE52 A4=D08000 A5=10F300 A6=D0002C PC=C186A4 -- C186A4: rts
D0=0 D1=0 D2=0 D3=0 D4=FF00FF D5=FF00FF D6=1 D7=CF A0=10FD94 A1=10FE01 A2=380001 A3=10FE52 A4=D08000 A5=10F300 A6=D0002C PC=C18662 -- C18662: lea     ($c,A0), A0
D0=0 D1=0 D2=0 D3=0 D4=FF00FF D5=FF00FF D6=1 D7=CF A0=10FDA0 A1=10FE01 A2=380001 A3=10FE52 A4=D08000 A5=10F300 A6=D0002C PC=C18666 -- C18666: tst.b   (A0)
D0=0 D1=0 D2=0 D3=0 D4=FF00FF D5=FF00FF D6=1 D7=CF A0=10FDA0 A1=10FE01 A2=380001 A3=10FE52 A4=D08000 A5=10F300 A6=D0002C PC=C18668 -- C18668: beq     $c186a6
D0=0 D1=0 D2=0 D3=0 D4=FF00FF D5=FF00FF D6=1 D7=CF A0=10FDA0 A1=10FE01 A2=380001 A3=10FE52 A4=D08000 A5=10F300 A6=D0002C PC=C186A6 -- C186A6: clr.b   ($1,A0)
D0=0 D1=0 D2=0 D3=0 D4=FF00FF D5=FF00FF D6=1 D7=CF A0=10FDA0 A1=10FE01 A2=380001 A3=10FE52 A4=D08000 A5=10F300 A6=D0002C PC=C186AA -- C186AA: clr.l   ($2,A0)
D0=0 D1=0 D2=0 D3=0 D4=FF00FF D5=FF00FF D6=1 D7=CF A0=10FDA0 A1=10FE01 A2=380001 A3=10FE52 A4=D08000 A5=10F300 A6=D0002C PC=C186AE -- C186AE: and.b   D7, D2
D0=0 D1=0 D2=0 D3=0 D4=FF00FF D5=FF00FF D6=1 D7=CF A0=10FDA0 A1=10FE01 A2=380001 A3=10FE52 A4=D08000 A5=10F300 A6=D0002C PC=C186B0 -- C186B0: and.b   D7, D3
D0=0 D1=0 D2=0 D3=0 D4=FF00FF D5=FF00FF D6=1 D7=CF A0=10FDA0 A1=10FE01 A2=380001 A3=10FE52 A4=D08000 A5=10F300 A6=D0002C PC=C186B2 -- C186B2: rts
D0=0 D1=0 D2=0 D3=0 D4=FF00FF D5=FF00FF D6=1 D7=CF A0=10FDA0 A1=10FE01 A2=380001 A3=10FE52 A4=D08000 A5=10F300 A6=D0002C PC=C18584 -- C18584: swap    D4
D0=0 D1=0 D2=0 D3=0 D4=FF00FF D5=FF00FF D6=1 D7=CF A0=10FDA0 A1=10FE01 A2=380001 A3=10FE52 A4=D08000 A5=10F300 A6=D0002C PC=C18586 -- C18586: swap    D5
D0=0 D1=0 D2=0 D3=0 D4=FF00FF D5=FF00FF D6=1 D7=CF A0=10FDA0 A1=10FE01 A2=380001 A3=10FE52 A4=D08000 A5=10F300 A6=D0002C PC=C18588 -- C18588: swap    D6
D0=0 D1=0 D2=0 D3=0 D4=FF00FF D5=FF00FF D6=10000 D7=CF A0=10FDA0 A1=10FE01 A2=380001 A3=10FE52 A4=D08000 A5=10F300 A6=D0002C PC=C1858A -- C1858A: lea     ($a9a,A5), A0
D0=0 D1=0 D2=0 D3=0 D4=FF00FF D5=FF00FF D6=10000 D7=CF A0=10FD9A A1=10FE01 A2=380001 A3=10FE52 A4=D08000 A5=10F300 A6=D0002C PC=C1858E -- C1858E: move.b  #$3f, D7
D0=0 D1=0 D2=0 D3=0 D4=FF00FF D5=FF00FF D6=10000 D7=3F A0=10FD9A A1=10FE01 A2=380001 A3=10FE52 A4=D08000 A5=10F300 A6=D0002C PC=C18592 -- C18592: jsr     ($c2,PC) ; ($c18656)
D0=0 D1=0 D2=0 D3=0 D4=FF00FF D5=FF00FF D6=10000 D7=3F A0=10FD9A A1=10FE01 A2=380001 A3=10FE52 A4=D08000 A5=10F300 A6=D0002C PC=C18656 -- C18656: cmpi.b  #$3, (A0)
D0=0 D1=0 D2=0 D3=0 D4=FF00FF D5=FF00FF D6=10000 D7=3F A0=10FD9A A1=10FE01 A2=380001 A3=10FE52 A4=D08000 A5=10F300 A6=D0002C PC=C1865A -- C1865A: beq     $c186b4
D0=0 D1=0 D2=0 D3=0 D4=FF00FF D5=FF00FF D6=10000 D7=3F A0=10FD9A A1=10FE01 A2=380001 A3=10FE52 A4=D08000 A5=10F300 A6=D0002C PC=C1865C -- C1865C: move.b  D4, D0
D0=FF D1=0 D2=0 D3=0 D4=FF00FF D5=FF00FF D6=10000 D7=3F A0=10FD9A A1=10FE01 A2=380001 A3=10FE52 A4=D08000 A5=10F300 A6=D0002C PC=C1865E -- C1865E: jsr     ($c,PC) ; ($c1866c)
D0=FF D1=0 D2=0 D3=0 D4=FF00FF D5=FF00FF D6=10000 D7=3F A0=10FD9A A1=10FE01 A2=380001 A3=10FE52 A4=D08000 A5=10F300 A6=D0002C PC=C1866C -- C1866C: not.b   D0
D0=0 D1=0 D2=0 D3=0 D4=FF00FF D5=FF00FF D6=10000 D7=3F A0=10FD9A A1=10FE01 A2=380001 A3=10FE52 A4=D08000 A5=10F300 A6=D0002C PC=C1866E -- C1866E: move.b  ($2,A0), D1
D0=0 D1=0 D2=0 D3=0 D4=FF00FF D5=FF00FF D6=10000 D7=3F A0=10FD9A A1=10FE01 A2=380001 A3=10FE52 A4=D08000 A5=10F300 A6=D0002C PC=C18672 -- C18672: cmp.b   D0, D1
D0=0 D1=0 D2=0 D3=0 D4=FF00FF D5=FF00FF D6=10000 D7=3F A0=10FD9A A1=10FE01 A2=380001 A3=10FE52 A4=D08000 A5=10F300 A6=D0002C PC=C18674 -- C18674: bne     $c18684
D0=0 D1=0 D2=0 D3=0 D4=FF00FF D5=FF00FF D6=10000 D7=3F A0=10FD9A A1=10FE01 A2=380001 A3=10FE52 A4=D08000 A5=10F300 A6=D0002C PC=C18676 -- C18676: subq.b  #1, ($5,A0)
D0=0 D1=0 D2=0 D3=0 D4=FF00FF D5=FF00FF D6=10000 D7=3F A0=10FD9A A1=10FE01 A2=380001 A3=10FE52 A4=D08000 A5=10F300 A6=D0002C PC=C1867A -- C1867A: bpl     $c18690
D0=0 D1=0 D2=0 D3=0 D4=FF00FF D5=FF00FF D6=10000 D7=3F A0=10FD9A A1=10FE01 A2=380001 A3=10FE52 A4=D08000 A5=10F300 A6=D0002C PC=C18690 -- C18690: clr.b   ($4,A0)
D0=0 D1=0 D2=0 D3=0 D4=FF00FF D5=FF00FF D6=10000 D7=3F A0=10FD9A A1=10FE01 A2=380001 A3=10FE52 A4=D08000 A5=10F300 A6=D0002C PC=C18694 -- C18694: move.b  D1, ($1,A0)
D0=0 D1=0 D2=0 D3=0 D4=FF00FF D5=FF00FF D6=10000 D7=3F A0=10FD9A A1=10FE01 A2=380001 A3=10FE52 A4=D08000 A5=10F300 A6=D0002C PC=C18698 -- C18698: move.b  D0, ($2,A0)
D0=0 D1=0 D2=0 D3=0 D4=FF00FF D5=FF00FF D6=10000 D7=3F A0=10FD9A A1=10FE01 A2=380001 A3=10FE52 A4=D08000 A5=10F300 A6=D0002C PC=C1869C -- C1869C: eor.b   D0, D1
D0=0 D1=0 D2=0 D3=0 D4=FF00FF D5=FF00FF D6=10000 D7=3F A0=10FD9A A1=10FE01 A2=380001 A3=10FE52 A4=D08000 A5=10F300 A6=D0002C PC=C1869E -- C1869E: and.b   D0, D1
D0=0 D1=0 D2=0 D3=0 D4=FF00FF D5=FF00FF D6=10000 D7=3F A0=10FD9A A1=10FE01 A2=380001 A3=10FE52 A4=D08000 A5=10F300 A6=D0002C PC=C186A0 -- C186A0: move.b  D1, ($3,A0)
D0=0 D1=0 D2=0 D3=0 D4=FF00FF D5=FF00FF D6=10000 D7=3F A0=10FD9A A1=10FE01 A2=380001 A3=10FE52 A4=D08000 A5=10F300 A6=D0002C PC=C186A4 -- C186A4: rts
D0=0 D1=0 D2=0 D3=0 D4=FF00FF D5=FF00FF D6=10000 D7=3F A0=10FD9A A1=10FE01 A2=380001 A3=10FE52 A4=D08000 A5=10F300 A6=D0002C PC=C18662 -- C18662: lea     ($c,A0), A0
D0=0 D1=0 D2=0 D3=0 D4=FF00FF D5=FF00FF D6=10000 D7=3F A0=10FDA6 A1=10FE01 A2=380001 A3=10FE52 A4=D08000 A5=10F300 A6=D0002C PC=C18666 -- C18666: tst.b   (A0)
D0=0 D1=0 D2=0 D3=0 D4=FF00FF D5=FF00FF D6=10000 D7=3F A0=10FDA6 A1=10FE01 A2=380001 A3=10FE52 A4=D08000 A5=10F300 A6=D0002C PC=C18668 -- C18668: beq     $c186a6
D0=0 D1=0 D2=0 D3=0 D4=FF00FF D5=FF00FF D6=10000 D7=3F A0=10FDA6 A1=10FE01 A2=380001 A3=10FE52 A4=D08000 A5=10F300 A6=D0002C PC=C186A6 -- C186A6: clr.b   ($1,A0)
D0=0 D1=0 D2=0 D3=0 D4=FF00FF D5=FF00FF D6=10000 D7=3F A0=10FDA6 A1=10FE01 A2=380001 A3=10FE52 A4=D08000 A5=10F300 A6=D0002C PC=C186AA -- C186AA: clr.l   ($2,A0)
D0=0 D1=0 D2=0 D3=0 D4=FF00FF D5=FF00FF D6=10000 D7=3F A0=10FDA6 A1=10FE01 A2=380001 A3=10FE52 A4=D08000 A5=10F300 A6=D0002C PC=C186AE -- C186AE: and.b   D7, D2
D0=0 D1=0 D2=0 D3=0 D4=FF00FF D5=FF00FF D6=10000 D7=3F A0=10FDA6 A1=10FE01 A2=380001 A3=10FE52 A4=D08000 A5=10F300 A6=D0002C PC=C186B0 -- C186B0: and.b   D7, D3
D0=0 D1=0 D2=0 D3=0 D4=FF00FF D5=FF00FF D6=10000 D7=3F A0=10FDA6 A1=10FE01 A2=380001 A3=10FE52 A4=D08000 A5=10F300 A6=D0002C PC=C186B2 -- C186B2: rts
D0=0 D1=0 D2=0 D3=0 D4=FF00FF D5=FF00FF D6=10000 D7=3F A0=10FDA6 A1=10FE01 A2=380001 A3=10FE52 A4=D08000 A5=10F300 A6=D0002C PC=C18596 -- C18596: lea     ($a94,A5), A0
D0=0 D1=0 D2=0 D3=0 D4=FF00FF D5=FF00FF D6=10000 D7=3F A0=10FD94 A1=10FE01 A2=380001 A3=10FE52 A4=D08000 A5=10F300 A6=D0002C PC=C1859A -- C1859A: moveq   #$1, D0
D0=1 D1=0 D2=0 D3=0 D4=FF00FF D5=FF00FF D6=10000 D7=3F A0=10FD94 A1=10FE01 A2=380001 A3=10FE52 A4=D08000 A5=10F300 A6=D0002C PC=C1859C -- C1859C: jsr     ($90,PC) ; ($c1862e)
D0=1 D1=0 D2=0 D3=0 D4=FF00FF D5=FF00FF D6=10000 D7=3F A0=10FD94 A1=10FE01 A2=380001 A3=10FE52 A4=D08000 A5=10F300 A6=D0002C PC=C1862E -- C1862E: cmpi.b  #$3, (A0)
D0=1 D1=0 D2=0 D3=0 D4=FF00FF D5=FF00FF D6=10000 D7=3F A0=10FD94 A1=10FE01 A2=380001 A3=10FE52 A4=D08000 A5=10F300 A6=D0002C PC=C18632 -- C18632: bne     $c18654
D0=1 D1=0 D2=0 D3=0 D4=FF00FF D5=FF00FF D6=10000 D7=3F A0=10FD94 A1=10FE01 A2=380001 A3=10FE52 A4=D08000 A5=10F300 A6=D0002C PC=C18654 -- C18654: rts
D0=1 D1=0 D2=0 D3=0 D4=FF00FF D5=FF00FF D6=10000 D7=3F A0=10FD94 A1=10FE01 A2=380001 A3=10FE52 A4=D08000 A5=10F300 A6=D0002C PC=C185A0 -- C185A0: lea     ($a9a,A5), A0
D0=1 D1=0 D2=0 D3=0 D4=FF00FF D5=FF00FF D6=10000 D7=3F A0=10FD9A A1=10FE01 A2=380001 A3=10FE52 A4=D08000 A5=10F300 A6=D0002C PC=C185A4 -- C185A4: moveq   #$3, D0
D0=3 D1=0 D2=0 D3=0 D4=FF00FF D5=FF00FF D6=10000 D7=3F A0=10FD9A A1=10FE01 A2=380001 A3=10FE52 A4=D08000 A5=10F300 A6=D0002C PC=C185A6 -- C185A6: jsr     ($86,PC) ; ($c1862e)
D0=3 D1=0 D2=0 D3=0 D4=FF00FF D5=FF00FF D6=10000 D7=3F A0=10FD9A A1=10FE01 A2=380001 A3=10FE52 A4=D08000 A5=10F300 A6=D0002C PC=C1862E -- C1862E: cmpi.b  #$3, (A0)
D0=3 D1=0 D2=0 D3=0 D4=FF00FF D5=FF00FF D6=10000 D7=3F A0=10FD9A A1=10FE01 A2=380001 A3=10FE52 A4=D08000 A5=10F300 A6=D0002C PC=C18632 -- C18632: bne     $c18654
D0=3 D1=0 D2=0 D3=0 D4=FF00FF D5=FF00FF D6=10000 D7=3F A0=10FD9A A1=10FE01 A2=380001 A3=10FE52 A4=D08000 A5=10F300 A6=D0002C PC=C18654 -- C18654: rts
D0=3 D1=0 D2=0 D3=0 D4=FF00FF D5=FF00FF D6=10000 D7=3F A0=10FD9A A1=10FE01 A2=380001 A3=10FE52 A4=D08000 A5=10F300 A6=D0002C PC=C185AA -- C185AA: jmp     $c1b9c0.l
D0=3 D1=0 D2=0 D3=0 D4=FF00FF D5=FF00FF D6=10000 D7=3F A0=10FD9A A1=10FE01 A2=380001 A3=10FE52 A4=D08000 A5=10F300 A6=D0002C PC=C1B9C0 -- C1B9C0: move.b  D2, ($bdc,A5)
D0=3 D1=0 D2=0 D3=0 D4=FF00FF D5=FF00FF D6=10000 D7=3F A0=10FD9A A1=10FE01 A2=380001 A3=10FE52 A4=D08000 A5=10F300 A6=D0002C PC=C1B9C4 -- C1B9C4: move.b  D3, ($bdd,A5)
D0=3 D1=0 D2=0 D3=0 D4=FF00FF D5=FF00FF D6=10000 D7=3F A0=10FD9A A1=10FE01 A2=380001 A3=10FE52 A4=D08000 A5=10F300 A6=D0002C PC=C1B9C8 -- C1B9C8: tst.b   $10fe8d.l
D0=3 D1=0 D2=0 D3=0 D4=FF00FF D5=FF00FF D6=10000 D7=3F A0=10FD9A A1=10FE01 A2=380001 A3=10FE52 A4=D08000 A5=10F300 A6=D0002C PC=C1B9CE -- C1B9CE: bne     $c1b9d8
D0=3 D1=0 D2=0 D3=0 D4=FF00FF D5=FF00FF D6=10000 D7=3F A0=10FD9A A1=10FE01 A2=380001 A3=10FE52 A4=D08000 A5=10F300 A6=D0002C PC=C1B9D0 -- C1B9D0: tst.b   $10fe32.l
D0=3 D1=0 D2=0 D3=0 D4=FF00FF D5=FF00FF D6=10000 D7=3F A0=10FD9A A1=10FE01 A2=380001 A3=10FE52 A4=D08000 A5=10F300 A6=D0002C PC=C1B9D6 -- C1B9D6: bne     $c1b9e6
D0=3 D1=0 D2=0 D3=0 D4=FF00FF D5=FF00FF D6=10000 D7=3F A0=10FD9A A1=10FE01 A2=380001 A3=10FE52 A4=D08000 A5=10F300 A6=D0002C PC=C1B9E6 -- C1B9E6: jmp     $c185b2.l
D0=3 D1=0 D2=0 D3=0 D4=FF00FF D5=FF00FF D6=10000 D7=3F A0=10FD9A A1=10FE01 A2=380001 A3=10FE52 A4=D08000 A5=10F300 A6=D0002C PC=C185B2 -- C185B2: andi.b  #$55, D2
D0=3 D1=0 D2=0 D3=0 D4=FF00FF D5=FF00FF D6=10000 D7=3F A0=10FD9A A1=10FE01 A2=380001 A3=10FE52 A4=D08000 A5=10F300 A6=D0002C PC=C185B6 -- C185B6: andi.b  #$55, D3
D0=3 D1=0 D2=0 D3=0 D4=FF00FF D5=FF00FF D6=10000 D7=3F A0=10FD9A A1=10FE01 A2=380001 A3=10FE52 A4=D08000 A5=10F300 A6=D0002C PC=C185BA -- C185BA: move.b  D2, ($aac,A5)
D0=3 D1=0 D2=0 D3=0 D4=FF00FF D5=FF00FF D6=10000 D7=3F A0=10FD9A A1=10FE01 A2=380001 A3=10FE52 A4=D08000 A5=10F300 A6=D0002C PC=C185BE -- C185BE: move.b  D3, ($aad,A5)
D0=3 D1=0 D2=0 D3=0 D4=FF00FF D5=FF00FF D6=10000 D7=3F A0=10FD9A A1=10FE01 A2=380001 A3=10FE52 A4=D08000 A5=10F300 A6=D0002C PC=C185C2 -- C185C2: move.b  #$0, $380001.l
D0=3 D1=0 D2=0 D3=0 D4=FF00FF D5=FF00FF D6=10000 D7=3F A0=10FD9A A1=10FE01 A2=380001 A3=10FE52 A4=D08000 A5=10F300 A6=D0002C PC=C185CA -- C185CA: lea     ($a94,A5), A0
D0=3 D1=0 D2=0 D3=0 D4=FF00FF D5=FF00FF D6=10000 D7=3F A0=10FD94 A1=10FE01 A2=380001 A3=10FE52 A4=D08000 A5=10F300 A6=D0002C PC=C185CE -- C185CE: lea     ($be8,A5), A1
D0=3 D1=0 D2=0 D3=0 D4=FF00FF D5=FF00FF D6=10000 D7=3F A0=10FD94 A1=10FEE8 A2=380001 A3=10FE52 A4=D08000 A5=10F300 A6=D0002C PC=C185D2 -- C185D2: jsr     ($a,PC) ; ($c185de)
D0=3 D1=0 D2=0 D3=0 D4=FF00FF D5=FF00FF D6=10000 D7=3F A0=10FD94 A1=10FEE8 A2=380001 A3=10FE52 A4=D08000 A5=10F300 A6=D0002C PC=C185DE -- C185DE: cmpi.b  #$3, (A0)
D0=3 D1=0 D2=0 D3=0 D4=FF00FF D5=FF00FF D6=10000 D7=3F A0=10FD94 A1=10FEE8 A2=380001 A3=10FE52 A4=D08000 A5=10F300 A6=D0002C PC=C185E2 -- C185E2: beq     $c185ee
D0=3 D1=0 D2=0 D3=0 D4=FF00FF D5=FF00FF D6=10000 D7=3F A0=10FD94 A1=10FEE8 A2=380001 A3=10FE52 A4=D08000 A5=10F300 A6=D0002C PC=C185E4 -- C185E4: move.l  (A0), (A1)
D0=3 D1=0 D2=0 D3=0 D4=FF00FF D5=FF00FF D6=10000 D7=3F A0=10FD94 A1=10FEE8 A2=380001 A3=10FE52 A4=D08000 A5=10F300 A6=D0002C PC=C185E6 -- C185E6: move.w  ($4,A0), ($4,A1)
D0=3 D1=0 D2=0 D3=0 D4=FF00FF D5=FF00FF D6=10000 D7=3F A0=10FD94 A1=10FEE8 A2=380001 A3=10FE52 A4=D08000 A5=10F300 A6=D0002C PC=C185EC -- C185EC: rts
D0=3 D1=0 D2=0 D3=0 D4=FF00FF D5=FF00FF D6=10000 D7=3F A0=10FD94 A1=10FEE8 A2=380001 A3=10FE52 A4=D08000 A5=10F300 A6=D0002C PC=C185D6 -- C185D6: lea     ($a9a,A5), A0
D0=3 D1=0 D2=0 D3=0 D4=FF00FF D5=FF00FF D6=10000 D7=3F A0=10FD9A A1=10FEE8 A2=380001 A3=10FE52 A4=D08000 A5=10F300 A6=D0002C PC=C185DA -- C185DA: lea     ($bee,A5), A1
D0=3 D1=0 D2=0 D3=0 D4=FF00FF D5=FF00FF D6=10000 D7=3F A0=10FD9A A1=10FEEE A2=380001 A3=10FE52 A4=D08000 A5=10F300 A6=D0002C PC=C185DE -- C185DE: cmpi.b  #$3, (A0)
D0=3 D1=0 D2=0 D3=0 D4=FF00FF D5=FF00FF D6=10000 D7=3F A0=10FD9A A1=10FEEE A2=380001 A3=10FE52 A4=D08000 A5=10F300 A6=D0002C PC=C185E2 -- C185E2: beq     $c185ee
D0=3 D1=0 D2=0 D3=0 D4=FF00FF D5=FF00FF D6=10000 D7=3F A0=10FD9A A1=10FEEE A2=380001 A3=10FE52 A4=D08000 A5=10F300 A6=D0002C PC=C185E4 -- C185E4: move.l  (A0), (A1)
D0=3 D1=0 D2=0 D3=0 D4=FF00FF D5=FF00FF D6=10000 D7=3F A0=10FD9A A1=10FEEE A2=380001 A3=10FE52 A4=D08000 A5=10F300 A6=D0002C PC=C185E6 -- C185E6: move.w  ($4,A0), ($4,A1)
D0=3 D1=0 D2=0 D3=0 D4=FF00FF D5=FF00FF D6=10000 D7=3F A0=10FD9A A1=10FEEE A2=380001 A3=10FE52 A4=D08000 A5=10F300 A6=D0002C PC=C185EC -- C185EC: rts
D0=3 D1=0 D2=0 D3=0 D4=FF00FF D5=FF00FF D6=10000 D7=3F A0=10FD9A A1=10FEEE A2=380001 A3=10FE52 A4=D08000 A5=10F300 A6=D0002C PC=C1168C -- C1168C: tst.w   $c116c6.l
D0=3 D1=0 D2=0 D3=0 D4=FF00FF D5=FF00FF D6=10000 D7=3F A0=10FD9A A1=10FEEE A2=380001 A3=10FE52 A4=D08000 A5=10F300 A6=D0002C PC=C11692 -- C11692: bne     $c11696
D0=3 D1=0 D2=0 D3=0 D4=FF00FF D5=FF00FF D6=10000 D7=3F A0=10FD9A A1=10FEEE A2=380001 A3=10FE52 A4=D08000 A5=10F300 A6=D0002C PC=C11696 -- C11696: tst.b   ($be1,A5)
D0=3 D1=0 D2=0 D3=0 D4=FF00FF D5=FF00FF D6=10000 D7=3F A0=10FD9A A1=10FEEE A2=380001 A3=10FE52 A4=D08000 A5=10F300 A6=D0002C PC=C1169A -- C1169A: bmi     $c116b2
D0=3 D1=0 D2=0 D3=0 D4=FF00FF D5=FF00FF D6=10000 D7=3F A0=10FD9A A1=10FEEE A2=380001 A3=10FE52 A4=D08000 A5=10F300 A6=D0002C PC=C1169C -- C1169C: beq     $c116a4
D0=3 D1=0 D2=0 D3=0 D4=FF00FF D5=FF00FF D6=10000 D7=3F A0=10FD9A A1=10FEEE A2=380001 A3=10FE52 A4=D08000 A5=10F300 A6=D0002C PC=C116A4 -- C116A4: tst.b   ($a80,A5)
D0=3 D1=0 D2=0 D3=0 D4=FF00FF D5=FF00FF D6=10000 D7=3F A0=10FD9A A1=10FEEE A2=380001 A3=10FE52 A4=D08000 A5=10F300 A6=D0002C PC=C116A8 -- C116A8: bpl     $c116b2
D0=3 D1=0 D2=0 D3=0 D4=FF00FF D5=FF00FF D6=10000 D7=3F A0=10FD9A A1=10FEEE A2=380001 A3=10FE52 A4=D08000 A5=10F300 A6=D0002C PC=C116AA -- C116AA: jsr     ($1c,PC) ; ($c116c8)
D0=3 D1=0 D2=0 D3=0 D4=FF00FF D5=FF00FF D6=10000 D7=3F A0=10FD9A A1=10FEEE A2=380001 A3=10FE52 A4=D08000 A5=10F300 A6=D0002C PC=C116C8 -- C116C8: tst.b   ($aaf,A5)
D0=3 D1=0 D2=0 D3=0 D4=FF00FF D5=FF00FF D6=10000 D7=3F A0=10FD9A A1=10FEEE A2=380001 A3=10FE52 A4=D08000 A5=10F300 A6=D0002C PC=C116CC -- C116CC: beq     $c11778
D0=3 D1=0 D2=0 D3=0 D4=FF00FF D5=FF00FF D6=10000 D7=3F A0=10FD9A A1=10FEEE A2=380001 A3=10FE52 A4=D08000 A5=10F300 A6=D0002C PC=C116D0 -- C116D0: moveq   #$0, D0
D0=0 D1=0 D2=0 D3=0 D4=FF00FF D5=FF00FF D6=10000 D7=3F A0=10FD9A A1=10FEEE A2=380001 A3=10FE52 A4=D08000 A5=10F300 A6=D0002C PC=C116D2 -- C116D2: move.b  ($aad,A5), D1
D0=0 D1=0 D2=0 D3=0 D4=FF00FF D5=FF00FF D6=10000 D7=3F A0=10FD9A A1=10FEEE A2=380001 A3=10FE52 A4=D08000 A5=10F300 A6=D0002C PC=C116D6 -- C116D6: moveq   #$3, D7
D0=0 D1=0 D2=0 D3=0 D4=FF00FF D5=FF00FF D6=10000 D7=3 A0=10FD9A A1=10FEEE A2=380001 A3=10FE52 A4=D08000 A5=10F300 A6=D0002C PC=C116D8 -- C116D8: jmp     $c1bd10.l
D0=0 D1=0 D2=0 D3=0 D4=FF00FF D5=FF00FF D6=10000 D7=3 A0=10FD9A A1=10FEEE A2=380001 A3=10FE52 A4=D08000 A5=10F300 A6=D0002C PC=C1BD10 -- C1BD10: add.b   D1, D1
D0=0 D1=0 D2=0 D3=0 D4=FF00FF D5=FF00FF D6=10000 D7=3 A0=10FD9A A1=10FEEE A2=380001 A3=10FE52 A4=D08000 A5=10F300 A6=D0002C PC=C1BD12 -- C1BD12: add.b   D1, D1
D0=0 D1=0 D2=0 D3=0 D4=FF00FF D5=FF00FF D6=10000 D7=3 A0=10FD9A A1=10FEEE A2=380001 A3=10FE52 A4=D08000 A5=10F300 A6=D0002C PC=C1BD14 -- C1BD14: addx.b  D0, D0
D0=0 D1=0 D2=0 D3=0 D4=FF00FF D5=FF00FF D6=10000 D7=3 A0=10FD9A A1=10FEEE A2=380001 A3=10FE52 A4=D08000 A5=10F300 A6=D0002C PC=C1BD16 -- C1BD16: dbra    D7, $c1bd10
D0=0 D1=0 D2=0 D3=0 D4=FF00FF D5=FF00FF D6=10000 D7=2 A0=10FD9A A1=10FEEE A2=380001 A3=10FE52 A4=D08000 A5=10F300 A6=D0002C PC=C1BD10 -- C1BD10: add.b   D1, D1
D0=0 D1=0 D2=0 D3=0 D4=FF00FF D5=FF00FF D6=10000 D7=2 A0=10FD9A A1=10FEEE A2=380001 A3=10FE52 A4=D08000 A5=10F300 A6=D0002C PC=C1BD12 -- C1BD12: add.b   D1, D1
D0=0 D1=0 D2=0 D3=0 D4=FF00FF D5=FF00FF D6=10000 D7=2 A0=10FD9A A1=10FEEE A2=380001 A3=10FE52 A4=D08000 A5=10F300 A6=D0002C PC=C1BD14 -- C1BD14: addx.b  D0, D0
D0=0 D1=0 D2=0 D3=0 D4=FF00FF D5=FF00FF D6=10000 D7=2 A0=10FD9A A1=10FEEE A2=380001 A3=10FE52 A4=D08000 A5=10F300 A6=D0002C PC=C1BD16 -- C1BD16: dbra    D7, $c1bd10

   (loops for 8 instructions)

D0=0 D1=0 D2=0 D3=0 D4=FF00FF D5=FF00FF D6=10000 D7=FFFF A0=10FD9A A1=10FEEE A2=380001 A3=10FE52 A4=D08000 A5=10F300 A6=D0002C PC=C1BD1A -- C1BD1A: tst.b   ($a82,A5)
D0=0 D1=0 D2=0 D3=0 D4=FF00FF D5=FF00FF D6=10000 D7=FFFF A0=10FD9A A1=10FEEE A2=380001 A3=10FE52 A4=D08000 A5=10F300 A6=D0002C PC=C1BD1E -- C1BD1E: beq     $c1bd26
D0=0 D1=0 D2=0 D3=0 D4=FF00FF D5=FF00FF D6=10000 D7=FFFF A0=10FD9A A1=10FEEE A2=380001 A3=10FE52 A4=D08000 A5=10F300 A6=D0002C PC=C1BD20 -- C1BD20: jmp     $c116e2.l
D0=0 D1=0 D2=0 D3=0 D4=FF00FF D5=FF00FF D6=10000 D7=FFFF A0=10FD9A A1=10FEEE A2=380001 A3=10FE52 A4=D08000 A5=10F300 A6=D0002C PC=C116E2 -- C116E2: tst.b   D0
D0=0 D1=0 D2=0 D3=0 D4=FF00FF D5=FF00FF D6=10000 D7=FFFF A0=10FD9A A1=10FEEE A2=380001 A3=10FE52 A4=D08000 A5=10F300 A6=D0002C PC=C116E4 -- C116E4: bne     $c1173a
D0=0 D1=0 D2=0 D3=0 D4=FF00FF D5=FF00FF D6=10000 D7=FFFF A0=10FD9A A1=10FEEE A2=380001 A3=10FE52 A4=D08000 A5=10F300 A6=D0002C PC=C116E6 -- C116E6: cmpi.b  #$1, ($aaf,A5)
D0=0 D1=0 D2=0 D3=0 D4=FF00FF D5=FF00FF D6=10000 D7=FFFF A0=10FD9A A1=10FEEE A2=380001 A3=10FE52 A4=D08000 A5=10F300 A6=D0002C PC=C116EC -- C116EC: bne     $c11778
D0=0 D1=0 D2=0 D3=0 D4=FF00FF D5=FF00FF D6=10000 D7=FFFF A0=10FD9A A1=10FEEE A2=380001 A3=10FE52 A4=D08000 A5=10F300 A6=D0002C PC=C11778 -- C11778: rts
D0=0 D1=0 D2=0 D3=0 D4=FF00FF D5=FF00FF D6=10000 D7=FFFF A0=10FD9A A1=10FEEE A2=380001 A3=10FE52 A4=D08000 A5=10F300 A6=D0002C PC=C116AE -- C116AE: jsr     ($18c,PC) ; ($c1183c)
D0=0 D1=0 D2=0 D3=0 D4=FF00FF D5=FF00FF D6=10000 D7=FFFF A0=10FD9A A1=10FEEE A2=380001 A3=10FE52 A4=D08000 A5=10F300 A6=D0002C PC=C1183C -- C1183C: jmp     $c1bd62.l
D0=0 D1=0 D2=0 D3=0 D4=FF00FF D5=FF00FF D6=10000 D7=FFFF A0=10FD9A A1=10FEEE A2=380001 A3=10FE52 A4=D08000 A5=10F300 A6=D0002C PC=C1BD62 -- C1BD62: btst    #$2, $10fe35.l
D0=0 D1=0 D2=0 D3=0 D4=FF00FF D5=FF00FF D6=10000 D7=FFFF A0=10FD9A A1=10FEEE A2=380001 A3=10FE52 A4=D08000 A5=10F300 A6=D0002C PC=C1BD6A -- C1BD6A: beq     $c1bd72
D0=0 D1=0 D2=0 D3=0 D4=FF00FF D5=FF00FF D6=10000 D7=FFFF A0=10FD9A A1=10FEEE A2=380001 A3=10FE52 A4=D08000 A5=10F300 A6=D0002C PC=C1BD72 -- C1BD72: tst.b   ($bbb,A5)
D0=0 D1=0 D2=0 D3=0 D4=FF00FF D5=FF00FF D6=10000 D7=FFFF A0=10FD9A A1=10FEEE A2=380001 A3=10FE52 A4=D08000 A5=10F300 A6=D0002C PC=C1BD76 -- C1BD76: bne     $c1bd80
D0=0 D1=0 D2=0 D3=0 D4=FF00FF D5=FF00FF D6=10000 D7=FFFF A0=10FD9A A1=10FEEE A2=380001 A3=10FE52 A4=D08000 A5=10F300 A6=D0002C PC=C1BD78 -- C1BD78: move.b  #$ff, $380031.l
D0=0 D1=0 D2=0 D3=0 D4=FF00FF D5=FF00FF D6=10000 D7=FFFF A0=10FD9A A1=10FEEE A2=380001 A3=10FE52 A4=D08000 A5=10F300 A6=D0002C PC=C1BD80 -- C1BD80: jmp     $c1184a.l
D0=0 D1=0 D2=0 D3=0 D4=FF00FF D5=FF00FF D6=10000 D7=FFFF A0=10FD9A A1=10FEEE A2=380001 A3=10FE52 A4=D08000 A5=10F300 A6=D0002C PC=C1184A -- C1184A: tst.b   ($be1,A5)
D0=0 D1=0 D2=0 D3=0 D4=FF00FF D5=FF00FF D6=10000 D7=FFFF A0=10FD9A A1=10FEEE A2=380001 A3=10FE52 A4=D08000 A5=10F300 A6=D0002C PC=C1184E -- C1184E: bne     $c118c8
D0=0 D1=0 D2=0 D3=0 D4=FF00FF D5=FF00FF D6=10000 D7=FFFF A0=10FD9A A1=10FEEE A2=380001 A3=10FE52 A4=D08000 A5=10F300 A6=D0002C PC=C11852 -- C11852: move.b  ($aaf,A5), D0
D0=2 D1=0 D2=0 D3=0 D4=FF00FF D5=FF00FF D6=10000 D7=FFFF A0=10FD9A A1=10FEEE A2=380001 A3=10FE52 A4=D08000 A5=10F300 A6=D0002C PC=C11856 -- C11856: cmpi.b  #$1, D0
D0=2 D1=0 D2=0 D3=0 D4=FF00FF D5=FF00FF D6=10000 D7=FFFF A0=10FD9A A1=10FEEE A2=380001 A3=10FE52 A4=D08000 A5=10F300 A6=D0002C PC=C1185A -- C1185A: bne     $c118c8
D0=2 D1=0 D2=0 D3=0 D4=FF00FF D5=FF00FF D6=10000 D7=FFFF A0=10FD9A A1=10FEEE A2=380001 A3=10FE52 A4=D08000 A5=10F300 A6=D0002C PC=C118C8 -- C118C8: rts
D0=2 D1=0 D2=0 D3=0 D4=FF00FF D5=FF00FF D6=10000 D7=FFFF A0=10FD9A A1=10FEEE A2=380001 A3=10FE52 A4=D08000 A5=10F300 A6=D0002C PC=C116B2 -- C116B2: tst.b   ($a82,A5)
D0=2 D1=0 D2=0 D3=0 D4=FF00FF D5=FF00FF D6=10000 D7=FFFF A0=10FD9A A1=10FEEE A2=380001 A3=10FE52 A4=D08000 A5=10F300 A6=D0002C PC=C116B6 -- C116B6: beq     $c116c4
D0=2 D1=0 D2=0 D3=0 D4=FF00FF D5=FF00FF D6=10000 D7=FFFF A0=10FD9A A1=10FEEE A2=380001 A3=10FE52 A4=D08000 A5=10F300 A6=D0002C PC=C116B8 -- C116B8: cmpi.b  #$2, ($aaf,A5)
D0=2 D1=0 D2=0 D3=0 D4=FF00FF D5=FF00FF D6=10000 D7=FFFF A0=10FD9A A1=10FEEE A2=380001 A3=10FE52 A4=D08000 A5=10F300 A6=D0002C PC=C116BE -- C116BE: bne     $c116c4
D0=2 D1=0 D2=0 D3=0 D4=FF00FF D5=FF00FF D6=10000 D7=FFFF A0=10FD9A A1=10FEEE A2=380001 A3=10FE52 A4=D08000 A5=10F300 A6=D0002C PC=C116C0 -- C116C0: jsr     ($1524,PC) ; ($c12be6)
D0=2 D1=0 D2=0 D3=0 D4=FF00FF D5=FF00FF D6=10000 D7=FFFF A0=10FD9A A1=10FEEE A2=380001 A3=10FE52 A4=D08000 A5=10F300 A6=D0002C PC=C12BE6 -- C12BE6: move.b  D0, $3a001d.l
D0=2 D1=0 D2=0 D3=0 D4=FF00FF D5=FF00FF D6=10000 D7=FFFF A0=10FD9A A1=10FEEE A2=380001 A3=10FE52 A4=D08000 A5=10F300 A6=D0002C PC=C12BEC -- C12BEC: lea     $d08000.l, A4
D0=2 D1=0 D2=0 D3=0 D4=FF00FF D5=FF00FF D6=10000 D7=FFFF A0=10FD9A A1=10FEEE A2=380001 A3=10FE52 A4=D08000 A5=10F300 A6=D0002C PC=C12BF2 -- C12BF2: lea     $10f300.l, A5
D0=2 D1=0 D2=0 D3=0 D4=FF00FF D5=FF00FF D6=10000 D7=FFFF A0=10FD9A A1=10FEEE A2=380001 A3=10FE52 A4=D08000 A5=10F300 A6=D0002C PC=C12BF8 -- C12BF8: cmpi.b  #$1, ($aba,A5)
D0=2 D1=0 D2=0 D3=0 D4=FF00FF D5=FF00FF D6=10000 D7=FFFF A0=10FD9A A1=10FEEE A2=380001 A3=10FE52 A4=D08000 A5=10F300 A6=D0002C PC=C12BFE -- C12BFE: beq     $c12c08
D0=2 D1=0 D2=0 D3=0 D4=FF00FF D5=FF00FF D6=10000 D7=FFFF A0=10FD9A A1=10FEEE A2=380001 A3=10FE52 A4=D08000 A5=10F300 A6=D0002C PC=C12C08 -- C12C08: subq.b  #1, (-$7fb4,A4)
D0=2 D1=0 D2=0 D3=0 D4=FF00FF D5=FF00FF D6=10000 D7=FFFF A0=10FD9A A1=10FEEE A2=380001 A3=10FE52 A4=D08000 A5=10F300 A6=D0002C PC=C12C0C -- C12C0C: bpl     $c12c18
D0=2 D1=0 D2=0 D3=0 D4=FF00FF D5=FF00FF D6=10000 D7=FFFF A0=10FD9A A1=10FEEE A2=380001 A3=10FE52 A4=D08000 A5=10F300 A6=D0002C PC=C12C18 -- C12C18: move.l  ($ab6,A5), ($aba,A5)
D0=2 D1=0 D2=0 D3=0 D4=FF00FF D5=FF00FF D6=10000 D7=FFFF A0=10FD9A A1=10FEEE A2=380001 A3=10FE52 A4=D08000 A5=10F300 A6=D0002C PC=C12C1E -- C12C1E: jsr     (-$a5a,PC) ; ($c121c6)
D0=2 D1=0 D2=0 D3=0 D4=FF00FF D5=FF00FF D6=10000 D7=FFFF A0=10FD9A A1=10FEEE A2=380001 A3=10FE52 A4=D08000 A5=10F300 A6=D0002C PC=C121C6 -- C121C6: tst.b   $10febf.l
D0=2 D1=0 D2=0 D3=0 D4=FF00FF D5=FF00FF D6=10000 D7=FFFF A0=10FD9A A1=10FEEE A2=380001 A3=10FE52 A4=D08000 A5=10F300 A6=D0002C PC=C121CC -- C121CC: bne     $c121d4
D0=2 D1=0 D2=0 D3=0 D4=FF00FF D5=FF00FF D6=10000 D7=FFFF A0=10FD9A A1=10FEEE A2=380001 A3=10FE52 A4=D08000 A5=10F300 A6=D0002C PC=C121CE -- C121CE: move.b  D0, $3a000d.l
D0=2 D1=0 D2=0 D3=0 D4=FF00FF D5=FF00FF D6=10000 D7=FFFF A0=10FD9A A1=10FEEE A2=380001 A3=10FE52 A4=D08000 A5=10F300 A6=D0002C PC=C121D4 -- C121D4: rts
D0=2 D1=0 D2=0 D3=0 D4=FF00FF D5=FF00FF D6=10000 D7=FFFF A0=10FD9A A1=10FEEE A2=380001 A3=10FE52 A4=D08000 A5=10F300 A6=D0002C PC=C12C22 -- C12C22: rts
D0=2 D1=0 D2=0 D3=0 D4=FF00FF D5=FF00FF D6=10000 D7=FFFF A0=10FD9A A1=10FEEE A2=380001 A3=10FE52 A4=D08000 A5=10F300 A6=D0002C PC=C116C4 -- C116C4: rts
D0=2 D1=0 D2=0 D3=0 D4=FF00FF D5=FF00FF D6=10000 D7=FFFF A0=10FD9A A1=10FEEE A2=380001 A3=10FE52 A4=D08000 A5=10F300 A6=D0002C PC=32BF4 -- 032BF4: lea     $108000.l, A5
D0=2 D1=0 D2=0 D3=0 D4=FF00FF D5=FF00FF D6=10000 D7=FFFF A0=10FD9A A1=10FEEE A2=380001 A3=10FE52 A4=D08000 A5=108000 A6=D0002C PC=32BFA -- 032BFA: jsr     $4abc0.l
D0=2 D1=0 D2=0 D3=0 D4=FF00FF D5=FF00FF D6=10000 D7=FFFF A0=10FD9A A1=10FEEE A2=380001 A3=10FE52 A4=D08000 A5=108000 A6=D0002C PC=4ABC0 -- 04ABC0: btst    #$0, (-$7fff,A5)
D0=2 D1=0 D2=0 D3=0 D4=FF00FF D5=FF00FF D6=10000 D7=FFFF A0=10FD9A A1=10FEEE A2=380001 A3=10FE52 A4=D08000 A5=108000 A6=D0002C PC=4ABC6 -- 04ABC6: bne     $4abd6
D0=2 D1=0 D2=0 D3=0 D4=FF00FF D5=FF00FF D6=10000 D7=FFFF A0=10FD9A A1=10FEEE A2=380001 A3=10FE52 A4=D08000 A5=108000 A6=D0002C PC=4ABCA -- 04ABCA: tst.b   ($569a,A5)
D0=2 D1=0 D2=0 D3=0 D4=FF00FF D5=FF00FF D6=10000 D7=FFFF A0=10FD9A A1=10FEEE A2=380001 A3=10FE52 A4=D08000 A5=108000 A6=D0002C PC=4ABCE -- 04ABCE: bmi     $4ade6
D0=2 D1=0 D2=0 D3=0 D4=FF00FF D5=FF00FF D6=10000 D7=FFFF A0=10FD9A A1=10FEEE A2=380001 A3=10FE52 A4=D08000 A5=108000 A6=D0002C PC=4ABD2 -- 04ABD2: bra     $4adf0
D0=2 D1=0 D2=0 D3=0 D4=FF00FF D5=FF00FF D6=10000 D7=FFFF A0=10FD9A A1=10FEEE A2=380001 A3=10FE52 A4=D08000 A5=108000 A6=D0002C PC=4ADF0 -- 04ADF0: rts
D0=2 D1=0 D2=0 D3=0 D4=FF00FF D5=FF00FF D6=10000 D7=FFFF A0=10FD9A A1=10FEEE A2=380001 A3=10FE52 A4=D08000 A5=108000 A6=D0002C PC=32C00 -- 032C00: jsr     $4b3a6.l
D0=2 D1=0 D2=0 D3=0 D4=FF00FF D5=FF00FF D6=10000 D7=FFFF A0=10FD9A A1=10FEEE A2=380001 A3=10FE52 A4=D08000 A5=108000 A6=D0002C PC=4B3A6 -- 04B3A6: tst.w   ($569c,A5)
D0=2 D1=0 D2=0 D3=0 D4=FF00FF D5=FF00FF D6=10000 D7=FFFF A0=10FD9A A1=10FEEE A2=380001 A3=10FE52 A4=D08000 A5=108000 A6=D0002C PC=4B3AA -- 04B3AA: bne     $4b3b4
D0=2 D1=0 D2=0 D3=0 D4=FF00FF D5=FF00FF D6=10000 D7=FFFF A0=10FD9A A1=10FEEE A2=380001 A3=10FE52 A4=D08000 A5=108000 A6=D0002C PC=4B3AE -- 04B3AE: clr.w   ($569e,A5)
D0=2 D1=0 D2=0 D3=0 D4=FF00FF D5=FF00FF D6=10000 D7=FFFF A0=10FD9A A1=10FEEE A2=380001 A3=10FE52 A4=D08000 A5=108000 A6=D0002C PC=4B3B2 -- 04B3B2: rts
D0=2 D1=0 D2=0 D3=0 D4=FF00FF D5=FF00FF D6=10000 D7=FFFF A0=10FD9A A1=10FEEE A2=380001 A3=10FE52 A4=D08000 A5=108000 A6=D0002C PC=32C06 -- 032C06: move.b  #$1, ($784,A5)
D0=2 D1=0 D2=0 D3=0 D4=FF00FF D5=FF00FF D6=10000 D7=FFFF A0=10FD9A A1=10FEEE A2=380001 A3=10FE52 A4=D08000 A5=108000 A6=D0002C PC=32C0C -- 032C0C: bsr     $32e40
D0=2 D1=0 D2=0 D3=0 D4=FF00FF D5=FF00FF D6=10000 D7=FFFF A0=10FD9A A1=10FEEE A2=380001 A3=10FE52 A4=D08000 A5=108000 A6=D0002C PC=32E40 -- 032E40: btst    #$7, (-$8000,A5)
D0=2 D1=0 D2=0 D3=0 D4=FF00FF D5=FF00FF D6=10000 D7=FFFF A0=10FD9A A1=10FEEE A2=380001 A3=10FE52 A4=D08000 A5=108000 A6=D0002C PC=32E46 -- 032E46: bne     $32e6a
D0=2 D1=0 D2=0 D3=0 D4=FF00FF D5=FF00FF D6=10000 D7=FFFF A0=10FD9A A1=10FEEE A2=380001 A3=10FE52 A4=D08000 A5=108000 A6=D0002C PC=32E4A -- 032E4A: tst.b   $10fd82.l
D0=2 D1=0 D2=0 D3=0 D4=FF00FF D5=FF00FF D6=10000 D7=FFFF A0=10FD9A A1=10FEEE A2=380001 A3=10FE52 A4=D08000 A5=108000 A6=D0002C PC=32E50 -- 032E50: bne     $32ea4
D0=2 D1=0 D2=0 D3=0 D4=FF00FF D5=FF00FF D6=10000 D7=FFFF A0=10FD9A A1=10FEEE A2=380001 A3=10FE52 A4=D08000 A5=108000 A6=D0002C PC=32EA4 -- 032EA4: rts
D0=2 D1=0 D2=0 D3=0 D4=FF00FF D5=FF00FF D6=10000 D7=FFFF A0=10FD9A A1=10FEEE A2=380001 A3=10FE52 A4=D08000 A5=108000 A6=D0002C PC=32C10 -- 032C10: tst.b   ($786,A5)
D0=2 D1=0 D2=0 D3=0 D4=FF00FF D5=FF00FF D6=10000 D7=FFFF A0=10FD9A A1=10FEEE A2=380001 A3=10FE52 A4=D08000 A5=108000 A6=D0002C PC=32C14 -- 032C14: bpl     $32c1e
D0=2 D1=0 D2=0 D3=0 D4=FF00FF D5=FF00FF D6=10000 D7=FFFF A0=10FD9A A1=10FEEE A2=380001 A3=10FE52 A4=D08000 A5=108000 A6=D0002C PC=32C1E -- 032C1E: move.w  ($3a6a,A5), $3c0008.l
D0=2 D1=0 D2=0 D3=0 D4=FF00FF D5=FF00FF D6=10000 D7=FFFF A0=10FD9A A1=10FEEE A2=380001 A3=10FE52 A4=D08000 A5=108000 A6=D0002C PC=32C26 -- 032C26: move.w  ($3a6c,A5), $3c000a.l
D0=2 D1=0 D2=0 D3=0 D4=FF00FF D5=FF00FF D6=10000 D7=FFFF A0=10FD9A A1=10FEEE A2=380001 A3=10FE52 A4=D08000 A5=108000 A6=D0002C PC=32C2E -- 032C2E: move.w  #$e0, ($3a68,A5)
D0=2 D1=0 D2=0 D3=0 D4=FF00FF D5=FF00FF D6=10000 D7=FFFF A0=10FD9A A1=10FEEE A2=380001 A3=10FE52 A4=D08000 A5=108000 A6=D0002C PC=32C34 -- 032C34: movem.l (A7)+, D0-D7/A0-A6
D0=0 D1=DF90 D2=0 D3=FFFF D4=8402FC0 D5=802180BF D6=842184BF D7=FFFF A0=108932 A1=108300 A2=F703C A3=108F78 A4=10F104A A5=108000 A6=108E3C PC=32C38 -- 032C38: rte
D0=0 D1=DF90 D2=0 D3=FFFF D4=8402FC0 D5=802180BF D6=842184BF D7=FFFF A0=108932 A1=108300 A2=F703C A3=108F78 A4=10F104A A5=108000 A6=108E3C PC=329DC -- 0329DC: beq     $329d2
D0=0 D1=DF90 D2=0 D3=FFFF D4=8402FC0 D5=802180BF D6=842184BF D7=FFFF A0=108932 A1=108300 A2=F703C A3=108F78 A4=10F104A A5=108000 A6=108E3C PC=329D2 -- 0329D2: jsr     ($4d2,PC) ; ($32ea6)
D0=0 D1=DF90 D2=0 D3=FFFF D4=8402FC0 D5=802180BF D6=842184BF D7=FFFF A0=108932 A1=108300 A2=F703C A3=108F78 A4=10F104A A5=108000 A6=108E3C PC=32EA6 -- 032EA6: btst    #$7, (-$8000,A5)
D0=0 D1=DF90 D2=0 D3=FFFF D4=8402FC0 D5=802180BF D6=842184BF D7=FFFF A0=108932 A1=108300 A2=F703C A3=108F78 A4=10F104A A5=108000 A6=108E3C PC=32EAC -- 032EAC: bne     $32ed0
D0=0 D1=DF90 D2=0 D3=FFFF D4=8402FC0 D5=802180BF D6=842184BF D7=FFFF A0=108932 A1=108300 A2=F703C A3=108F78 A4=10F104A A5=108000 A6=108E3C PC=32EB0 -- 032EB0: tst.b   $10fd82.l
D0=0 D1=DF90 D2=0 D3=FFFF D4=8402FC0 D5=802180BF D6=842184BF D7=FFFF A0=108932 A1=108300 A2=F703C A3=108F78 A4=10F104A A5=108000 A6=108E3C PC=32EB6 -- 032EB6: bne     $32f16
D0=0 D1=DF90 D2=0 D3=FFFF D4=8402FC0 D5=802180BF D6=842184BF D7=FFFF A0=108932 A1=108300 A2=F703C A3=108F78 A4=10F104A A5=108000 A6=108E3C PC=32F16 -- 032F16: rts
D0=0 D1=DF90 D2=0 D3=FFFF D4=8402FC0 D5=802180BF D6=842184BF D7=FFFF A0=108932 A1=108300 A2=F703C A3=108F78 A4=10F104A A5=108000 A6=108E3C PC=329D6 -- 0329D6: nop
D0=0 D1=DF90 D2=0 D3=FFFF D4=8402FC0 D5=802180BF D6=842184BF D7=FFFF A0=108932 A1=108300 A2=F703C A3=108F78 A4=10F104A A5=108000 A6=108E3C PC=329D8 -- 0329D8: tst.b   ($784,A5)
D0=0 D1=DF90 D2=0 D3=FFFF D4=8402FC0 D5=802180BF D6=842184BF D7=FFFF A0=108932 A1=108300 A2=F703C A3=108F78 A4=10F104A A5=108000 A6=108E3C PC=329DC -- 0329DC: beq     $329d2
D0=0 D1=DF90 D2=0 D3=FFFF D4=8402FC0 D5=802180BF D6=842184BF D7=FFFF A0=108932 A1=108300 A2=F703C A3=108F78 A4=10F104A A5=108000 A6=108E3C PC=329DE -- 0329DE: bsr     $32c8a
D0=0 D1=DF90 D2=0 D3=FFFF D4=8402FC0 D5=802180BF D6=842184BF D7=FFFF A0=108932 A1=108300 A2=F703C A3=108F78 A4=10F104A A5=108000 A6=108E3C PC=32C8A -- 032C8A: move.b  $300000.l, D0
D0=FF D1=DF90 D2=0 D3=FFFF D4=8402FC0 D5=802180BF D6=842184BF D7=FFFF A0=108932 A1=108300 A2=F703C A3=108F78 A4=10F104A A5=108000 A6=108E3C PC=32C90 -- 032C90: move.b  $340000.l, D3
D0=FF D1=DF90 D2=0 D3=FFFF D4=8402FC0 D5=802180BF D6=842184BF D7=FFFF A0=108932 A1=108300 A2=F703C A3=108F78 A4=10F104A A5=108000 A6=108E3C PC=32C96 -- 032C96: not.b   D0
D0=0 D1=DF90 D2=0 D3=FFFF D4=8402FC0 D5=802180BF D6=842184BF D7=FFFF A0=108932 A1=108300 A2=F703C A3=108F78 A4=10F104A A5=108000 A6=108E3C PC=32C98 -- 032C98: move.b  ($39c4,A5), D1
D0=0 D1=DF00 D2=0 D3=FFFF D4=8402FC0 D5=802180BF D6=842184BF D7=FFFF A0=108932 A1=108300 A2=F703C A3=108F78 A4=10F104A A5=108000 A6=108E3C PC=32C9C -- 032C9C: move.b  D0, ($39c4,A5)
D0=0 D1=DF00 D2=0 D3=FFFF D4=8402FC0 D5=802180BF D6=842184BF D7=FFFF A0=108932 A1=108300 A2=F703C A3=108F78 A4=10F104A A5=108000 A6=108E3C PC=32CA0 -- 032CA0: move.b  D1, ($39c7,A5)
D0=0 D1=DF00 D2=0 D3=FFFF D4=8402FC0 D5=802180BF D6=842184BF D7=FFFF A0=108932 A1=108300 A2=F703C A3=108F78 A4=10F104A A5=108000 A6=108E3C PC=32CA4 -- 032CA4: move.b  D1, D2
D0=0 D1=DF00 D2=0 D3=FFFF D4=8402FC0 D5=802180BF D6=842184BF D7=FFFF A0=108932 A1=108300 A2=F703C A3=108F78 A4=10F104A A5=108000 A6=108E3C PC=32CA6 -- 032CA6: and.b   D0, D1
D0=0 D1=DF00 D2=0 D3=FFFF D4=8402FC0 D5=802180BF D6=842184BF D7=FFFF A0=108932 A1=108300 A2=F703C A3=108F78 A4=10F104A A5=108000 A6=108E3C PC=32CA8 -- 032CA8: move.b  D1, ($39ca,A5)
D0=0 D1=DF00 D2=0 D3=FFFF D4=8402FC0 D5=802180BF D6=842184BF D7=FFFF A0=108932 A1=108300 A2=F703C A3=108F78 A4=10F104A A5=108000 A6=108E3C PC=32CAC -- 032CAC: move.b  D2, D1
D0=0 D1=DF00 D2=0 D3=FFFF D4=8402FC0 D5=802180BF D6=842184BF D7=FFFF A0=108932 A1=108300 A2=F703C A3=108F78 A4=10F104A A5=108000 A6=108E3C PC=32CAE -- 032CAE: eor.b   D0, D1
D0=0 D1=DF00 D2=0 D3=FFFF D4=8402FC0 D5=802180BF D6=842184BF D7=FFFF A0=108932 A1=108300 A2=F703C A3=108F78 A4=10F104A A5=108000 A6=108E3C PC=32CB0 -- 032CB0: and.b   D1, D2
D0=0 D1=DF00 D2=0 D3=FFFF D4=8402FC0 D5=802180BF D6=842184BF D7=FFFF A0=108932 A1=108300 A2=F703C A3=108F78 A4=10F104A A5=108000 A6=108E3C PC=32CB2 -- 032CB2: move.b  D2, ($39cc,A5)
D0=0 D1=DF00 D2=0 D3=FFFF D4=8402FC0 D5=802180BF D6=842184BF D7=FFFF A0=108932 A1=108300 A2=F703C A3=108F78 A4=10F104A A5=108000 A6=108E3C PC=32CB6 -- 032CB6: lea     ($39cf,A5), A0
D0=0 D1=DF00 D2=0 D3=FFFF D4=8402FC0 D5=802180BF D6=842184BF D7=FFFF A0=10B9CF A1=108300 A2=F703C A3=108F78 A4=10F104A A5=108000 A6=108E3C PC=32CBA -- 032CBA: and.b   D1, D0
D0=0 D1=DF00 D2=0 D3=FFFF D4=8402FC0 D5=802180BF D6=842184BF D7=FFFF A0=10B9CF A1=108300 A2=F703C A3=108F78 A4=10F104A A5=108000 A6=108E3C PC=32CBC -- 032CBC: move.b  ($1,A0), ($39cb,A5)
D0=0 D1=DF00 D2=0 D3=FFFF D4=8402FC0 D5=802180BF D6=842184BF D7=FFFF A0=10B9CF A1=108300 A2=F703C A3=108F78 A4=10F104A A5=108000 A6=108E3C PC=32CC2 -- 032CC2: move.b  ($2,A0), ($1,A0)
D0=0 D1=DF00 D2=0 D3=FFFF D4=8402FC0 D5=802180BF D6=842184BF D7=FFFF A0=10B9CF A1=108300 A2=F703C A3=108F78 A4=10F104A A5=108000 A6=108E3C PC=32CC8 -- 032CC8: move.b  ($3,A0), ($2,A0)
D0=0 D1=DF00 D2=0 D3=FFFF D4=8402FC0 D5=802180BF D6=842184BF D7=FFFF A0=10B9CF A1=108300 A2=F703C A3=108F78 A4=10F104A A5=108000 A6=108E3C PC=32CCE -- 032CCE: move.b  ($4,A0), ($3,A0)
D0=0 D1=DF00 D2=0 D3=FFFF D4=8402FC0 D5=802180BF D6=842184BF D7=FFFF A0=10B9CF A1=108300 A2=F703C A3=108F78 A4=10F104A A5=108000 A6=108E3C PC=32CD4 -- 032CD4: move.b  D0, ($4,A0)
D0=0 D1=DF00 D2=0 D3=FFFF D4=8402FC0 D5=802180BF D6=842184BF D7=FFFF A0=10B9CF A1=108300 A2=F703C A3=108F78 A4=10F104A A5=108000 A6=108E3C PC=32CD8 -- 032CD8: or.b    ($1,A0), D0
D0=0 D1=DF00 D2=0 D3=FFFF D4=8402FC0 D5=802180BF D6=842184BF D7=FFFF A0=10B9CF A1=108300 A2=F703C A3=108F78 A4=10F104A A5=108000 A6=108E3C PC=32CDC -- 032CDC: or.b    ($2,A0), D0
D0=0 D1=DF00 D2=0 D3=FFFF D4=8402FC0 D5=802180BF D6=842184BF D7=FFFF A0=10B9CF A1=108300 A2=F703C A3=108F78 A4=10F104A A5=108000 A6=108E3C PC=32CE0 -- 032CE0: or.b    ($3,A0), D0
D0=0 D1=DF00 D2=0 D3=FFFF D4=8402FC0 D5=802180BF D6=842184BF D7=FFFF A0=10B9CF A1=108300 A2=F703C A3=108F78 A4=10F104A A5=108000 A6=108E3C PC=32CE4 -- 032CE4: move.b  D0, (A0)
D0=0 D1=DF00 D2=0 D3=FFFF D4=8402FC0 D5=802180BF D6=842184BF D7=FFFF A0=10B9CF A1=108300 A2=F703C A3=108F78 A4=10F104A A5=108000 A6=108E3C PC=32CE6 -- 032CE6: lea     ($39d7,A5), A0
D0=0 D1=DF00 D2=0 D3=FFFF D4=8402FC0 D5=802180BF D6=842184BF D7=FFFF A0=10B9D7 A1=108300 A2=F703C A3=108F78 A4=10F104A A5=108000 A6=108E3C PC=32CEA -- 032CEA: lea     ($39cd,A5), A1
D0=0 D1=DF00 D2=0 D3=FFFF D4=8402FC0 D5=802180BF D6=842184BF D7=FFFF A0=10B9D7 A1=10B9CD A2=F703C A3=108F78 A4=10F104A A5=108000 A6=108E3C PC=32CEE -- 032CEE: move.b  ($39ca,A5), D0
D0=0 D1=DF00 D2=0 D3=FFFF D4=8402FC0 D5=802180BF D6=842184BF D7=FFFF A0=10B9D7 A1=10B9CD A2=F703C A3=108F78 A4=10F104A A5=108000 A6=108E3C PC=32CF2 -- 032CF2: bsr     $32e08
D0=0 D1=DF00 D2=0 D3=FFFF D4=8402FC0 D5=802180BF D6=842184BF D7=FFFF A0=10B9D7 A1=10B9CD A2=F703C A3=108F78 A4=10F104A A5=108000 A6=108E3C PC=32E08 -- 032E08: moveq   #$7, D1
D0=0 D1=7 D2=0 D3=FFFF D4=8402FC0 D5=802180BF D6=842184BF D7=FFFF A0=10B9D7 A1=10B9CD A2=F703C A3=108F78 A4=10F104A A5=108000 A6=108E3C PC=32E0A -- 032E0A: move.b  (-$2,A1), (A1)
D0=0 D1=7 D2=0 D3=FFFF D4=8402FC0 D5=802180BF D6=842184BF D7=FFFF A0=10B9D7 A1=10B9CD A2=F703C A3=108F78 A4=10F104A A5=108000 A6=108E3C PC=32E0E -- 032E0E: addq.b  #1, (A0)+
D0=0 D1=7 D2=0 D3=FFFF D4=8402FC0 D5=802180BF D6=842184BF D7=FFFF A0=10B9D8 A1=10B9CD A2=F703C A3=108F78 A4=10F104A A5=108000 A6=108E3C PC=32E10 -- 032E10: bne     $32e18
D0=0 D1=7 D2=0 D3=FFFF D4=8402FC0 D5=802180BF D6=842184BF D7=FFFF A0=10B9D8 A1=10B9CD A2=F703C A3=108F78 A4=10F104A A5=108000 A6=108E3C PC=32E18 -- 032E18: rol.b   #1, D0
D0=0 D1=7 D2=0 D3=FFFF D4=8402FC0 D5=802180BF D6=842184BF D7=FFFF A0=10B9D8 A1=10B9CD A2=F703C A3=108F78 A4=10F104A A5=108000 A6=108E3C PC=32E1A -- 032E1A: bcs     $32e20
D0=0 D1=7 D2=0 D3=FFFF D4=8402FC0 D5=802180BF D6=842184BF D7=FFFF A0=10B9D8 A1=10B9CD A2=F703C A3=108F78 A4=10F104A A5=108000 A6=108E3C PC=32E1C -- 032E1C: clr.b   (-$1,A0)
D0=0 D1=7 D2=0 D3=FFFF D4=8402FC0 D5=802180BF D6=842184BF D7=FFFF A0=10B9D8 A1=10B9CD A2=F703C A3=108F78 A4=10F104A A5=108000 A6=108E3C PC=32E20 -- 032E20: move.b  (-$1,A0), D5
D0=0 D1=7 D2=0 D3=FFFF D4=8402FC0 D5=80218000 D6=842184BF D7=FFFF A0=10B9D8 A1=10B9CD A2=F703C A3=108F78 A4=10F104A A5=108000 A6=108E3C PC=32E24 -- 032E24: cmp.b   ($3a05,A5), D5
D0=0 D1=7 D2=0 D3=FFFF D4=8402FC0 D5=80218000 D6=842184BF D7=FFFF A0=10B9D8 A1=10B9CD A2=F703C A3=108F78 A4=10F104A A5=108000 A6=108E3C PC=32E28 -- 032E28: bls     $32e3a
D0=0 D1=7 D2=0 D3=FFFF D4=8402FC0 D5=80218000 D6=842184BF D7=FFFF A0=10B9D8 A1=10B9CD A2=F703C A3=108F78 A4=10F104A A5=108000 A6=108E3C PC=32E3A -- 032E3A: dbra    D1, $32e0e
D0=0 D1=6 D2=0 D3=FFFF D4=8402FC0 D5=80218000 D6=842184BF D7=FFFF A0=10B9D8 A1=10B9CD A2=F703C A3=108F78 A4=10F104A A5=108000 A6=108E3C PC=32E0E -- 032E0E: addq.b  #1, (A0)+
D0=0 D1=6 D2=0 D3=FFFF D4=8402FC0 D5=80218000 D6=842184BF D7=FFFF A0=10B9D9 A1=10B9CD A2=F703C A3=108F78 A4=10F104A A5=108000 A6=108E3C PC=32E10 -- 032E10: bne     $32e18
D0=0 D1=6 D2=0 D3=FFFF D4=8402FC0 D5=80218000 D6=842184BF D7=FFFF A0=10B9D9 A1=10B9CD A2=F703C A3=108F78 A4=10F104A A5=108000 A6=108E3C PC=32E18 -- 032E18: rol.b   #1, D0
D0=0 D1=6 D2=0 D3=FFFF D4=8402FC0 D5=80218000 D6=842184BF D7=FFFF A0=10B9D9 A1=10B9CD A2=F703C A3=108F78 A4=10F104A A5=108000 A6=108E3C PC=32E1A -- 032E1A: bcs     $32e20
D0=0 D1=6 D2=0 D3=FFFF D4=8402FC0 D5=80218000 D6=842184BF D7=FFFF A0=10B9D9 A1=10B9CD A2=F703C A3=108F78 A4=10F104A A5=108000 A6=108E3C PC=32E1C -- 032E1C: clr.b   (-$1,A0)
D0=0 D1=6 D2=0 D3=FFFF D4=8402FC0 D5=80218000 D6=842184BF D7=FFFF A0=10B9D9 A1=10B9CD A2=F703C A3=108F78 A4=10F104A A5=108000 A6=108E3C PC=32E20 -- 032E20: move.b  (-$1,A0), D5
D0=0 D1=6 D2=0 D3=FFFF D4=8402FC0 D5=80218000 D6=842184BF D7=FFFF A0=10B9D9 A1=10B9CD A2=F703C A3=108F78 A4=10F104A A5=108000 A6=108E3C PC=32E24 -- 032E24: cmp.b   ($3a05,A5), D5
D0=0 D1=6 D2=0 D3=FFFF D4=8402FC0 D5=80218000 D6=842184BF D7=FFFF A0=10B9D9 A1=10B9CD A2=F703C A3=108F78 A4=10F104A A5=108000 A6=108E3C PC=32E28 -- 032E28: bls     $32e3a
D0=0 D1=6 D2=0 D3=FFFF D4=8402FC0 D5=80218000 D6=842184BF D7=FFFF A0=10B9D9 A1=10B9CD A2=F703C A3=108F78 A4=10F104A A5=108000 A6=108E3C PC=32E3A -- 032E3A: dbra    D1, $32e0e

   (loops for 54 instructions)

D0=0 D1=FFFF D2=0 D3=FFFF D4=8402FC0 D5=80218000 D6=842184BF D7=FFFF A0=10B9DF A1=10B9CD A2=F703C A3=108F78 A4=10F104A A5=108000 A6=108E3C PC=32E3E -- 032E3E: rts
D0=0 D1=FFFF D2=0 D3=FFFF D4=8402FC0 D5=80218000 D6=842184BF D7=FFFF A0=10B9DF A1=10B9CD A2=F703C A3=108F78 A4=10F104A A5=108000 A6=108E3C PC=32CF6 -- 032CF6: move.b  D3, D0
D0=FF D1=FFFF D2=0 D3=FFFF D4=8402FC0 D5=80218000 D6=842184BF D7=FFFF A0=10B9DF A1=10B9CD A2=F703C A3=108F78 A4=10F104A A5=108000 A6=108E3C PC=32CF8 -- 032CF8: not.b   D0
D0=0 D1=FFFF D2=0 D3=FFFF D4=8402FC0 D5=80218000 D6=842184BF D7=FFFF A0=10B9DF A1=10B9CD A2=F703C A3=108F78 A4=10F104A A5=108000 A6=108E3C PC=32CFA -- 032CFA: move.b  ($39c5,A5), D1
D0=0 D1=FF00 D2=0 D3=FFFF D4=8402FC0 D5=80218000 D6=842184BF D7=FFFF A0=10B9DF A1=10B9CD A2=F703C A3=108F78 A4=10F104A A5=108000 A6=108E3C PC=32CFE -- 032CFE: move.b  D0, ($39c5,A5)
D0=0 D1=FF00 D2=0 D3=FFFF D4=8402FC0 D5=80218000 D6=842184BF D7=FFFF A0=10B9DF A1=10B9CD A2=F703C A3=108F78 A4=10F104A A5=108000 A6=108E3C PC=32D02 -- 032D02: move.b  D1, ($39c8,A5)
D0=0 D1=FF00 D2=0 D3=FFFF D4=8402FC0 D5=80218000 D6=842184BF D7=FFFF A0=10B9DF A1=10B9CD A2=F703C A3=108F78 A4=10F104A A5=108000 A6=108E3C PC=32D06 -- 032D06: move.b  D1, D2
D0=0 D1=FF00 D2=0 D3=FFFF D4=8402FC0 D5=80218000 D6=842184BF D7=FFFF A0=10B9DF A1=10B9CD A2=F703C A3=108F78 A4=10F104A A5=108000 A6=108E3C PC=32D08 -- 032D08: and.b   D0, D1
D0=0 D1=FF00 D2=0 D3=FFFF D4=8402FC0 D5=80218000 D6=842184BF D7=FFFF A0=10B9DF A1=10B9CD A2=F703C A3=108F78 A4=10F104A A5=108000 A6=108E3C PC=32D0A -- 032D0A: move.b  D1, ($39e0,A5)
D0=0 D1=FF00 D2=0 D3=FFFF D4=8402FC0 D5=80218000 D6=842184BF D7=FFFF A0=10B9DF A1=10B9CD A2=F703C A3=108F78 A4=10F104A A5=108000 A6=108E3C PC=32D0E -- 032D0E: move.b  D2, D1
D0=0 D1=FF00 D2=0 D3=FFFF D4=8402FC0 D5=80218000 D6=842184BF D7=FFFF A0=10B9DF A1=10B9CD A2=F703C A3=108F78 A4=10F104A A5=108000 A6=108E3C PC=32D10 -- 032D10: eor.b   D0, D1
D0=0 D1=FF00 D2=0 D3=FFFF D4=8402FC0 D5=80218000 D6=842184BF D7=FFFF A0=10B9DF A1=10B9CD A2=F703C A3=108F78 A4=10F104A A5=108000 A6=108E3C PC=32D12 -- 032D12: and.b   D1, D2
D0=0 D1=FF00 D2=0 D3=FFFF D4=8402FC0 D5=80218000 D6=842184BF D7=FFFF A0=10B9DF A1=10B9CD A2=F703C A3=108F78 A4=10F104A A5=108000 A6=108E3C PC=32D14 -- 032D14: move.b  D2, ($39e2,A5)
D0=0 D1=FF00 D2=0 D3=FFFF D4=8402FC0 D5=80218000 D6=842184BF D7=FFFF A0=10B9DF A1=10B9CD A2=F703C A3=108F78 A4=10F104A A5=108000 A6=108E3C PC=32D18 -- 032D18: lea     ($39e5,A5), A0
D0=0 D1=FF00 D2=0 D3=FFFF D4=8402FC0 D5=80218000 D6=842184BF D7=FFFF A0=10B9E5 A1=10B9CD A2=F703C A3=108F78 A4=10F104A A5=108000 A6=108E3C PC=32D1C -- 032D1C: and.b   D1, D0
D0=0 D1=FF00 D2=0 D3=FFFF D4=8402FC0 D5=80218000 D6=842184BF D7=FFFF A0=10B9E5 A1=10B9CD A2=F703C A3=108F78 A4=10F104A A5=108000 A6=108E3C PC=32D1E -- 032D1E: move.b  ($1,A0), ($39e1,A5)
D0=0 D1=FF00 D2=0 D3=FFFF D4=8402FC0 D5=80218000 D6=842184BF D7=FFFF A0=10B9E5 A1=10B9CD A2=F703C A3=108F78 A4=10F104A A5=108000 A6=108E3C PC=32D24 -- 032D24: move.b  ($2,A0), ($1,A0)
D0=0 D1=FF00 D2=0 D3=FFFF D4=8402FC0 D5=80218000 D6=842184BF D7=FFFF A0=10B9E5 A1=10B9CD A2=F703C A3=108F78 A4=10F104A A5=108000 A6=108E3C PC=32D2A -- 032D2A: move.b  ($3,A0), ($2,A0)
D0=0 D1=FF00 D2=0 D3=FFFF D4=8402FC0 D5=80218000 D6=842184BF D7=FFFF A0=10B9E5 A1=10B9CD A2=F703C A3=108F78 A4=10F104A A5=108000 A6=108E3C PC=32D30 -- 032D30: move.b  ($4,A0), ($3,A0)
D0=0 D1=FF00 D2=0 D3=FFFF D4=8402FC0 D5=80218000 D6=842184BF D7=FFFF A0=10B9E5 A1=10B9CD A2=F703C A3=108F78 A4=10F104A A5=108000 A6=108E3C PC=32D36 -- 032D36: move.b  D0, ($4,A0)
D0=0 D1=FF00 D2=0 D3=FFFF D4=8402FC0 D5=80218000 D6=842184BF D7=FFFF A0=10B9E5 A1=10B9CD A2=F703C A3=108F78 A4=10F104A A5=108000 A6=108E3C PC=32D3A -- 032D3A: or.b    ($1,A0), D0
D0=0 D1=FF00 D2=0 D3=FFFF D4=8402FC0 D5=80218000 D6=842184BF D7=FFFF A0=10B9E5 A1=10B9CD A2=F703C A3=108F78 A4=10F104A A5=108000 A6=108E3C PC=32D3E -- 032D3E: or.b    ($2,A0), D0
D0=0 D1=FF00 D2=0 D3=FFFF D4=8402FC0 D5=80218000 D6=842184BF D7=FFFF A0=10B9E5 A1=10B9CD A2=F703C A3=108F78 A4=10F104A A5=108000 A6=108E3C PC=32D42 -- 032D42: or.b    ($3,A0), D0
D0=0 D1=FF00 D2=0 D3=FFFF D4=8402FC0 D5=80218000 D6=842184BF D7=FFFF A0=10B9E5 A1=10B9CD A2=F703C A3=108F78 A4=10F104A A5=108000 A6=108E3C PC=32D46 -- 032D46: move.b  D0, (A0)
D0=0 D1=FF00 D2=0 D3=FFFF D4=8402FC0 D5=80218000 D6=842184BF D7=FFFF A0=10B9E5 A1=10B9CD A2=F703C A3=108F78 A4=10F104A A5=108000 A6=108E3C PC=32D48 -- 032D48: lea     ($39ed,A5), A0
D0=0 D1=FF00 D2=0 D3=FFFF D4=8402FC0 D5=80218000 D6=842184BF D7=FFFF A0=10B9ED A1=10B9CD A2=F703C A3=108F78 A4=10F104A A5=108000 A6=108E3C PC=32D4C -- 032D4C: lea     ($39e3,A5), A1
D0=0 D1=FF00 D2=0 D3=FFFF D4=8402FC0 D5=80218000 D6=842184BF D7=FFFF A0=10B9ED A1=10B9E3 A2=F703C A3=108F78 A4=10F104A A5=108000 A6=108E3C PC=32D50 -- 032D50: move.b  ($39e0,A5), D0
D0=0 D1=FF00 D2=0 D3=FFFF D4=8402FC0 D5=80218000 D6=842184BF D7=FFFF A0=10B9ED A1=10B9E3 A2=F703C A3=108F78 A4=10F104A A5=108000 A6=108E3C PC=32D54 -- 032D54: bsr     $32e08
D0=0 D1=FF00 D2=0 D3=FFFF D4=8402FC0 D5=80218000 D6=842184BF D7=FFFF A0=10B9ED A1=10B9E3 A2=F703C A3=108F78 A4=10F104A A5=108000 A6=108E3C PC=32E08 -- 032E08: moveq   #$7, D1
D0=0 D1=7 D2=0 D3=FFFF D4=8402FC0 D5=80218000 D6=842184BF D7=FFFF A0=10B9ED A1=10B9E3 A2=F703C A3=108F78 A4=10F104A A5=108000 A6=108E3C PC=32E0A -- 032E0A: move.b  (-$2,A1), (A1)

   (loops for 72 instructions)

D0=0 D1=FFFF D2=0 D3=FFFF D4=8402FC0 D5=80218000 D6=842184BF D7=FFFF A0=10B9F5 A1=10B9E3 A2=F703C A3=108F78 A4=10F104A A5=108000 A6=108E3C PC=32E3E -- 032E3E: rts
D0=0 D1=FFFF D2=0 D3=FFFF D4=8402FC0 D5=80218000 D6=842184BF D7=FFFF A0=10B9F5 A1=10B9E3 A2=F703C A3=108F78 A4=10F104A A5=108000 A6=108E3C PC=32D58 -- 032D58: clr.b   ($3a01,A5)
D0=0 D1=FFFF D2=0 D3=FFFF D4=8402FC0 D5=80218000 D6=842184BF D7=FFFF A0=10B9F5 A1=10B9E3 A2=F703C A3=108F78 A4=10F104A A5=108000 A6=108E3C PC=32D5C -- 032D5C: clr.b   ($3a02,A5)
D0=0 D1=FFFF D2=0 D3=FFFF D4=8402FC0 D5=80218000 D6=842184BF D7=FFFF A0=10B9F5 A1=10B9E3 A2=F703C A3=108F78 A4=10F104A A5=108000 A6=108E3C PC=32D60 -- 032D60: clr.b   ($3a03,A5)
D0=0 D1=FFFF D2=0 D3=FFFF D4=8402FC0 D5=80218000 D6=842184BF D7=FFFF A0=10B9F5 A1=10B9E3 A2=F703C A3=108F78 A4=10F104A A5=108000 A6=108E3C PC=32D64 -- 032D64: move.b  ($7e5,A5), D0
D0=1 D1=FFFF D2=0 D3=FFFF D4=8402FC0 D5=80218000 D6=842184BF D7=FFFF A0=10B9F5 A1=10B9E3 A2=F703C A3=108F78 A4=10F104A A5=108000 A6=108E3C PC=32D68 -- 032D68: beq     $32d9e
D0=1 D1=FFFF D2=0 D3=FFFF D4=8402FC0 D5=80218000 D6=842184BF D7=FFFF A0=10B9F5 A1=10B9E3 A2=F703C A3=108F78 A4=10F104A A5=108000 A6=108E3C PC=32D6A -- 032D6A: move    D0, CCR
D0=1 D1=FFFF D2=0 D3=FFFF D4=8402FC0 D5=80218000 D6=842184BF D7=FFFF A0=10B9F5 A1=10B9E3 A2=F703C A3=108F78 A4=10F104A A5=108000 A6=108E3C PC=32D6C -- 032D6C: bcc     $32d80
D0=1 D1=FFFF D2=0 D3=FFFF D4=8402FC0 D5=80218000 D6=842184BF D7=FFFF A0=10B9F5 A1=10B9E3 A2=F703C A3=108F78 A4=10F104A A5=108000 A6=108E3C PC=32D6E -- 032D6E: move.b  ($39ca,A5), ($3a01,A5)
D0=1 D1=FFFF D2=0 D3=FFFF D4=8402FC0 D5=80218000 D6=842184BF D7=FFFF A0=10B9F5 A1=10B9E3 A2=F703C A3=108F78 A4=10F104A A5=108000 A6=108E3C PC=32D74 -- 032D74: move.b  ($39cb,A5), ($3a02,A5)
D0=1 D1=FFFF D2=0 D3=FFFF D4=8402FC0 D5=80218000 D6=842184BF D7=FFFF A0=10B9F5 A1=10B9E3 A2=F703C A3=108F78 A4=10F104A A5=108000 A6=108E3C PC=32D7A -- 032D7A: move.b  ($39cc,A5), ($3a03,A5)
D0=1 D1=FFFF D2=0 D3=FFFF D4=8402FC0 D5=80218000 D6=842184BF D7=FFFF A0=10B9F5 A1=10B9E3 A2=F703C A3=108F78 A4=10F104A A5=108000 A6=108E3C PC=32D80 -- 032D80: move    D0, CCR
D0=1 D1=FFFF D2=0 D3=FFFF D4=8402FC0 D5=80218000 D6=842184BF D7=FFFF A0=10B9F5 A1=10B9E3 A2=F703C A3=108F78 A4=10F104A A5=108000 A6=108E3C PC=32D82 -- 032D82: bvc     $32d9c
D0=1 D1=FFFF D2=0 D3=FFFF D4=8402FC0 D5=80218000 D6=842184BF D7=FFFF A0=10B9F5 A1=10B9E3 A2=F703C A3=108F78 A4=10F104A A5=108000 A6=108E3C PC=32D9C -- 032D9C: rts
D0=1 D1=FFFF D2=0 D3=FFFF D4=8402FC0 D5=80218000 D6=842184BF D7=FFFF A0=10B9F5 A1=10B9E3 A2=F703C A3=108F78 A4=10F104A A5=108000 A6=108E3C PC=329E2 -- 0329E2: btst    #$5, ($785,A5)
D0=1 D1=FFFF D2=0 D3=FFFF D4=8402FC0 D5=80218000 D6=842184BF D7=FFFF A0=10B9F5 A1=10B9E3 A2=F703C A3=108F78 A4=10F104A A5=108000 A6=108E3C PC=329E8 -- 0329E8: beq     $329fe
D0=1 D1=FFFF D2=0 D3=FFFF D4=8402FC0 D5=80218000 D6=842184BF D7=FFFF A0=10B9F5 A1=10B9E3 A2=F703C A3=108F78 A4=10F104A A5=108000 A6=108E3C PC=329FE -- 0329FE: tst.b   ($785,A5)
D0=1 D1=FFFF D2=0 D3=FFFF D4=8402FC0 D5=80218000 D6=842184BF D7=FFFF A0=10B9F5 A1=10B9E3 A2=F703C A3=108F78 A4=10F104A A5=108000 A6=108E3C PC=32A02 -- 032A02: bpl     $32a5c
D0=1 D1=FFFF D2=0 D3=FFFF D4=8402FC0 D5=80218000 D6=842184BF D7=FFFF A0=10B9F5 A1=10B9E3 A2=F703C A3=108F78 A4=10F104A A5=108000 A6=108E3C PC=32A5C -- 032A5C: bsr     $32f2a
D0=1 D1=FFFF D2=0 D3=FFFF D4=8402FC0 D5=80218000 D6=842184BF D7=FFFF A0=10B9F5 A1=10B9E3 A2=F703C A3=108F78 A4=10F104A A5=108000 A6=108E3C PC=32F2A -- 032F2A: tst.b   (-$8000,A5)
D0=1 D1=FFFF D2=0 D3=FFFF D4=8402FC0 D5=80218000 D6=842184BF D7=FFFF A0=10B9F5 A1=10B9E3 A2=F703C A3=108F78 A4=10F104A A5=108000 A6=108E3C PC=32F2E -- 032F2E: bpl     $32f38
D0=1 D1=FFFF D2=0 D3=FFFF D4=8402FC0 D5=80218000 D6=842184BF D7=FFFF A0=10B9F5 A1=10B9E3 A2=F703C A3=108F78 A4=10F104A A5=108000 A6=108E3C PC=32F38 -- 032F38: rts
D0=1 D1=FFFF D2=0 D3=FFFF D4=8402FC0 D5=80218000 D6=842184BF D7=FFFF A0=10B9F5 A1=10B9E3 A2=F703C A3=108F78 A4=10F104A A5=108000 A6=108E3C PC=32A60 -- 032A60: bsr     $32f3a
D0=1 D1=FFFF D2=0 D3=FFFF D4=8402FC0 D5=80218000 D6=842184BF D7=FFFF A0=10B9F5 A1=10B9E3 A2=F703C A3=108F78 A4=10F104A A5=108000 A6=108E3C PC=32F3A -- 032F3A: btst    #$0, (-$8000,A5)
D0=1 D1=FFFF D2=0 D3=FFFF D4=8402FC0 D5=80218000 D6=842184BF D7=FFFF A0=10B9F5 A1=10B9E3 A2=F703C A3=108F78 A4=10F104A A5=108000 A6=108E3C PC=32F40 -- 032F40: beq     $32f4e
D0=1 D1=FFFF D2=0 D3=FFFF D4=8402FC0 D5=80218000 D6=842184BF D7=FFFF A0=10B9F5 A1=10B9E3 A2=F703C A3=108F78 A4=10F104A A5=108000 A6=108E3C PC=32F4E -- 032F4E: rts
D0=1 D1=FFFF D2=0 D3=FFFF D4=8402FC0 D5=80218000 D6=842184BF D7=FFFF A0=10B9F5 A1=10B9E3 A2=F703C A3=108F78 A4=10F104A A5=108000 A6=108E3C PC=32A64 -- 032A64: bsr     $32f50
D0=1 D1=FFFF D2=0 D3=FFFF D4=8402FC0 D5=80218000 D6=842184BF D7=FFFF A0=10B9F5 A1=10B9E3 A2=F703C A3=108F78 A4=10F104A A5=108000 A6=108E3C PC=32F50 -- 032F50: btst    #$1, (-$7fff,A5)
D0=1 D1=FFFF D2=0 D3=FFFF D4=8402FC0 D5=80218000 D6=842184BF D7=FFFF A0=10B9F5 A1=10B9E3 A2=F703C A3=108F78 A4=10F104A A5=108000 A6=108E3C PC=32F56 -- 032F56: beq     $32f6a
D0=1 D1=FFFF D2=0 D3=FFFF D4=8402FC0 D5=80218000 D6=842184BF D7=FFFF A0=10B9F5 A1=10B9E3 A2=F703C A3=108F78 A4=10F104A A5=108000 A6=108E3C PC=32F6A -- 032F6A: rts
D0=1 D1=FFFF D2=0 D3=FFFF D4=8402FC0 D5=80218000 D6=842184BF D7=FFFF A0=10B9F5 A1=10B9E3 A2=F703C A3=108F78 A4=10F104A A5=108000 A6=108E3C PC=32A68 -- 032A68: bsr     $32f6c
D0=1 D1=FFFF D2=0 D3=FFFF D4=8402FC0 D5=80218000 D6=842184BF D7=FFFF A0=10B9F5 A1=10B9E3 A2=F703C A3=108F78 A4=10F104A A5=108000 A6=108E3C PC=32F6C -- 032F6C: btst    #$7, (-$7fff,A5)
D0=1 D1=FFFF D2=0 D3=FFFF D4=8402FC0 D5=80218000 D6=842184BF D7=FFFF A0=10B9F5 A1=10B9E3 A2=F703C A3=108F78 A4=10F104A A5=108000 A6=108E3C PC=32F72 -- 032F72: beq     $32f86
D0=1 D1=FFFF D2=0 D3=FFFF D4=8402FC0 D5=80218000 D6=842184BF D7=FFFF A0=10B9F5 A1=10B9E3 A2=F703C A3=108F78 A4=10F104A A5=108000 A6=108E3C PC=32F86 -- 032F86: rts
D0=1 D1=FFFF D2=0 D3=FFFF D4=8402FC0 D5=80218000 D6=842184BF D7=FFFF A0=10B9F5 A1=10B9E3 A2=F703C A3=108F78 A4=10F104A A5=108000 A6=108E3C PC=32A6C -- 032A6C: bsr     $32f88
D0=1 D1=FFFF D2=0 D3=FFFF D4=8402FC0 D5=80218000 D6=842184BF D7=FFFF A0=10B9F5 A1=10B9E3 A2=F703C A3=108F78 A4=10F104A A5=108000 A6=108E3C PC=32F88 -- 032F88: btst    #$6, (-$7fff,A5)
D0=1 D1=FFFF D2=0 D3=FFFF D4=8402FC0 D5=80218000 D6=842184BF D7=FFFF A0=10B9F5 A1=10B9E3 A2=F703C A3=108F78 A4=10F104A A5=108000 A6=108E3C PC=32F8E -- 032F8E: beq     $32fb4
D0=1 D1=FFFF D2=0 D3=FFFF D4=8402FC0 D5=80218000 D6=842184BF D7=FFFF A0=10B9F5 A1=10B9E3 A2=F703C A3=108F78 A4=10F104A A5=108000 A6=108E3C PC=32FB4 -- 032FB4: rts
D0=1 D1=FFFF D2=0 D3=FFFF D4=8402FC0 D5=80218000 D6=842184BF D7=FFFF A0=10B9F5 A1=10B9E3 A2=F703C A3=108F78 A4=10F104A A5=108000 A6=108E3C PC=32A70 -- 032A70: btst    #$3, ($785,A5)
D0=1 D1=FFFF D2=0 D3=FFFF D4=8402FC0 D5=80218000 D6=842184BF D7=FFFF A0=10B9F5 A1=10B9E3 A2=F703C A3=108F78 A4=10F104A A5=108000 A6=108E3C PC=32A76 -- 032A76: bne     $32a86
D0=1 D1=FFFF D2=0 D3=FFFF D4=8402FC0 D5=80218000 D6=842184BF D7=FFFF A0=10B9F5 A1=10B9E3 A2=F703C A3=108F78 A4=10F104A A5=108000 A6=108E3C PC=32A7A -- 032A7A: jsr     $4aafc.l
D0=1 D1=FFFF D2=0 D3=FFFF D4=8402FC0 D5=80218000 D6=842184BF D7=FFFF A0=10B9F5 A1=10B9E3 A2=F703C A3=108F78 A4=10F104A A5=108000 A6=108E3C PC=4AAFC -- 04AAFC: lea     ($80a,A5), A1
D0=1 D1=FFFF D2=0 D3=FFFF D4=8402FC0 D5=80218000 D6=842184BF D7=FFFF A0=10B9F5 A1=10880A A2=F703C A3=108F78 A4=10F104A A5=108000 A6=108E3C PC=4AB00 -- 04AB00: move.w  #$707d, D2
D0=1 D1=FFFF D2=707D D3=FFFF D4=8402FC0 D5=80218000 D6=842184BF D7=FFFF A0=10B9F5 A1=10880A A2=F703C A3=108F78 A4=10F104A A5=108000 A6=108E3C PC=4AB04 -- 04AB04: swap    D2
D0=1 D1=FFFF D2=707D0000 D3=FFFF D4=8402FC0 D5=80218000 D6=842184BF D7=FFFF A0=10B9F5 A1=10880A A2=F703C A3=108F78 A4=10F104A A5=108000 A6=108E3C PC=4AB06 -- 04AB06: tst.b   $10fd82.l
D0=1 D1=FFFF D2=707D0000 D3=FFFF D4=8402FC0 D5=80218000 D6=842184BF D7=FFFF A0=10B9F5 A1=10880A A2=F703C A3=108F78 A4=10F104A A5=108000 A6=108E3C PC=4AB0C -- 04AB0C: beq     $4ab4a
D0=1 D1=FFFF D2=707D0000 D3=FFFF D4=8402FC0 D5=80218000 D6=842184BF D7=FFFF A0=10B9F5 A1=10880A A2=F703C A3=108F78 A4=10F104A A5=108000 A6=108E3C PC=4AB10 -- 04AB10: cmpi.b  #$1, $10fd8f.l
D0=1 D1=FFFF D2=707D0000 D3=FFFF D4=8402FC0 D5=80218000 D6=842184BF D7=FFFF A0=10B9F5 A1=10880A A2=F703C A3=108F78 A4=10F104A A5=108000 A6=108E3C PC=4AB18 -- 04AB18: beq     $4ab2c
D0=1 D1=FFFF D2=707D0000 D3=FFFF D4=8402FC0 D5=80218000 D6=842184BF D7=FFFF A0=10B9F5 A1=10880A A2=F703C A3=108F78 A4=10F104A A5=108000 A6=108E3C PC=4AB1C -- 04AB1C: cmpi.b  #$3, $10fd8f.l
D0=1 D1=FFFF D2=707D0000 D3=FFFF D4=8402FC0 D5=80218000 D6=842184BF D7=FFFF A0=10B9F5 A1=10880A A2=F703C A3=108F78 A4=10F104A A5=108000 A6=108E3C PC=4AB24 -- 04AB24: beq     $4ab2c
D0=1 D1=FFFF D2=707D0000 D3=FFFF D4=8402FC0 D5=80218000 D6=842184BF D7=FFFF A0=10B9F5 A1=10880A A2=F703C A3=108F78 A4=10F104A A5=108000 A6=108E3C PC=4AB2C -- 04AB2C: lea     $10fe00.l, A1
D0=1 D1=FFFF D2=707D0000 D3=FFFF D4=8402FC0 D5=80218000 D6=842184BF D7=FFFF A0=10B9F5 A1=10FE00 A2=F703C A3=108F78 A4=10F104A A5=108000 A6=108E3C PC=4AB32 -- 04AB32: tst.w   $10fe80.l
D0=1 D1=FFFF D2=707D0000 D3=FFFF D4=8402FC0 D5=80218000 D6=842184BF D7=FFFF A0=10B9F5 A1=10FE00 A2=F703C A3=108F78 A4=10F104A A5=108000 A6=108E3C PC=4AB38 -- 04AB38: bne     $4ab40
D0=1 D1=FFFF D2=707D0000 D3=FFFF D4=8402FC0 D5=80218000 D6=842184BF D7=FFFF A0=10B9F5 A1=10FE00 A2=F703C A3=108F78 A4=10F104A A5=108000 A6=108E3C PC=4AB3A -- 04AB3A: lea     $d00034.l, A1
D0=1 D1=FFFF D2=707D0000 D3=FFFF D4=8402FC0 D5=80218000 D6=842184BF D7=FFFF A0=10B9F5 A1=D00034 A2=F703C A3=108F78 A4=10F104A A5=108000 A6=108E3C PC=4AB40 -- 04AB40: cmpi.b  #$1, $10fd83.l
D0=1 D1=FFFF D2=707D0000 D3=FFFF D4=8402FC0 D5=80218000 D6=842184BF D7=FFFF A0=10B9F5 A1=D00034 A2=F703C A3=108F78 A4=10F104A A5=108000 A6=108E3C PC=4AB48 -- 04AB48: bne     $4ab50
D0=1 D1=FFFF D2=707D0000 D3=FFFF D4=8402FC0 D5=80218000 D6=842184BF D7=FFFF A0=10B9F5 A1=D00034 A2=F703C A3=108F78 A4=10F104A A5=108000 A6=108E3C PC=4AB4A -- 04AB4A: bsr     $4ab56
D0=1 D1=FFFF D2=707D0000 D3=FFFF D4=8402FC0 D5=80218000 D6=842184BF D7=FFFF A0=10B9F5 A1=D00034 A2=F703C A3=108F78 A4=10F104A A5=108000 A6=108E3C PC=4AB56 -- 04AB56: lea     ($5c,PC) ; ($4abb4), A2
D0=1 D1=FFFF D2=707D0000 D3=FFFF D4=8402FC0 D5=80218000 D6=842184BF D7=FFFF A0=10B9F5 A1=D00034 A2=4ABB4 A3=108F78 A4=10F104A A5=108000 A6=108E3C PC=4AB5A -- 04AB5A: move.b  (A1), D0
D0=0 D1=FFFF D2=707D0000 D3=FFFF D4=8402FC0 D5=80218000 D6=842184BF D7=FFFF A0=10B9F5 A1=D00034 A2=4ABB4 A3=108F78 A4=10F104A A5=108000 A6=108E3C PC=4AB5C -- 04AB5C: cmpi.b  #$2, D0
D0=0 D1=FFFF D2=707D0000 D3=FFFF D4=8402FC0 D5=80218000 D6=842184BF D7=FFFF A0=10B9F5 A1=D00034 A2=4ABB4 A3=108F78 A4=10F104A A5=108000 A6=108E3C PC=4AB60 -- 04AB60: bcc     $4ab66
D0=0 D1=FFFF D2=707D0000 D3=FFFF D4=8402FC0 D5=80218000 D6=842184BF D7=FFFF A0=10B9F5 A1=D00034 A2=4ABB4 A3=108F78 A4=10F104A A5=108000 A6=108E3C PC=4AB62 -- 04AB62: lea     ($44,PC) ; ($4aba8), A2
D0=0 D1=FFFF D2=707D0000 D3=FFFF D4=8402FC0 D5=80218000 D6=842184BF D7=FFFF A0=10B9F5 A1=D00034 A2=4ABA8 A3=108F78 A4=10F104A A5=108000 A6=108E3C PC=4AB66 -- 04AB66: moveq   #$5, D7
D0=0 D1=FFFF D2=707D0000 D3=FFFF D4=8402FC0 D5=80218000 D6=842184BF D7=5 A0=10B9F5 A1=D00034 A2=4ABA8 A3=108F78 A4=10F104A A5=108000 A6=108E3C PC=4AB68 -- 04AB68: move.w  (A2)+, D2
D0=0 D1=FFFF D2=707D0367 D3=FFFF D4=8402FC0 D5=80218000 D6=842184BF D7=5 A0=10B9F5 A1=D00034 A2=4ABAA A3=108F78 A4=10F104A A5=108000 A6=108E3C PC=4AB6A -- 04AB6A: move.l  D2, $3c0000.l
D0=0 D1=FFFF D2=707D0367 D3=FFFF D4=8402FC0 D5=80218000 D6=842184BF D7=5 A0=10B9F5 A1=D00034 A2=4ABAA A3=108F78 A4=10F104A A5=108000 A6=108E3C PC=4AB70 -- 04AB70: addi.l  #$200000, D2
D0=0 D1=FFFF D2=709D0367 D3=FFFF D4=8402FC0 D5=80218000 D6=842184BF D7=5 A0=10B9F5 A1=D00034 A2=4ABAA A3=108F78 A4=10F104A A5=108000 A6=108E3C PC=4AB76 -- 04AB76: dbra    D7, $4ab68
D0=0 D1=FFFF D2=709D0367 D3=FFFF D4=8402FC0 D5=80218000 D6=842184BF D7=4 A0=10B9F5 A1=D00034 A2=4ABAA A3=108F78 A4=10F104A A5=108000 A6=108E3C PC=4AB68 -- 04AB68: move.w  (A2)+, D2
D0=0 D1=FFFF D2=709D0368 D3=FFFF D4=8402FC0 D5=80218000 D6=842184BF D7=4 A0=10B9F5 A1=D00034 A2=4ABAC A3=108F78 A4=10F104A A5=108000 A6=108E3C PC=4AB6A -- 04AB6A: move.l  D2, $3c0000.l
D0=0 D1=FFFF D2=709D0368 D3=FFFF D4=8402FC0 D5=80218000 D6=842184BF D7=4 A0=10B9F5 A1=D00034 A2=4ABAC A3=108F78 A4=10F104A A5=108000 A6=108E3C PC=4AB70 -- 04AB70: addi.l  #$200000, D2
D0=0 D1=FFFF D2=70BD0368 D3=FFFF D4=8402FC0 D5=80218000 D6=842184BF D7=4 A0=10B9F5 A1=D00034 A2=4ABAC A3=108F78 A4=10F104A A5=108000 A6=108E3C PC=4AB76 -- 04AB76: dbra    D7, $4ab68

   (loops for 16 instructions)

D0=0 D1=FFFF D2=713D0F20 D3=FFFF D4=8402FC0 D5=80218000 D6=842184BF D7=FFFF A0=10B9F5 A1=D00034 A2=4ABB4 A3=108F78 A4=10F104A A5=108000 A6=108E3C PC=4AB7A -- 04AB7A: move.b  (A1), D0
D0=0 D1=FFFF D2=713D0F20 D3=FFFF D4=8402FC0 D5=80218000 D6=842184BF D7=FFFF A0=10B9F5 A1=D00034 A2=4ABB4 A3=108F78 A4=10F104A A5=108000 A6=108E3C PC=4AB7C -- 04AB7C: andi.w  #$ff, D0
D0=0 D1=FFFF D2=713D0F20 D3=FFFF D4=8402FC0 D5=80218000 D6=842184BF D7=FFFF A0=10B9F5 A1=D00034 A2=4ABB4 A3=108F78 A4=10F104A A5=108000 A6=108E3C PC=4AB80 -- 04AB80: move.w  D0, D1
D0=0 D1=0 D2=713D0F20 D3=FFFF D4=8402FC0 D5=80218000 D6=842184BF D7=FFFF A0=10B9F5 A1=D00034 A2=4ABB4 A3=108F78 A4=10F104A A5=108000 A6=108E3C PC=4AB82 -- 04AB82: lsr.w   #4, D1
D0=0 D1=0 D2=713D0F20 D3=FFFF D4=8402FC0 D5=80218000 D6=842184BF D7=FFFF A0=10B9F5 A1=D00034 A2=4ABB4 A3=108F78 A4=10F104A A5=108000 A6=108E3C PC=4AB84 -- 04AB84: addi.w  #$370, D1
D0=0 D1=370 D2=713D0F20 D3=FFFF D4=8402FC0 D5=80218000 D6=842184BF D7=FFFF A0=10B9F5 A1=D00034 A2=4ABB4 A3=108F78 A4=10F104A A5=108000 A6=108E3C PC=4AB88 -- 04AB88: move.w  D1, D2
D0=0 D1=370 D2=713D0370 D3=FFFF D4=8402FC0 D5=80218000 D6=842184BF D7=FFFF A0=10B9F5 A1=D00034 A2=4ABB4 A3=108F78 A4=10F104A A5=108000 A6=108E3C PC=4AB8A -- 04AB8A: move.l  D2, $3c0000.l
D0=0 D1=370 D2=713D0370 D3=FFFF D4=8402FC0 D5=80218000 D6=842184BF D7=FFFF A0=10B9F5 A1=D00034 A2=4ABB4 A3=108F78 A4=10F104A A5=108000 A6=108E3C PC=4AB90 -- 04AB90: addi.l  #$200000, D2
D0=0 D1=370 D2=715D0370 D3=FFFF D4=8402FC0 D5=80218000 D6=842184BF D7=FFFF A0=10B9F5 A1=D00034 A2=4ABB4 A3=108F78 A4=10F104A A5=108000 A6=108E3C PC=4AB96 -- 04AB96: andi.w  #$f, D0
D0=0 D1=370 D2=715D0370 D3=FFFF D4=8402FC0 D5=80218000 D6=842184BF D7=FFFF A0=10B9F5 A1=D00034 A2=4ABB4 A3=108F78 A4=10F104A A5=108000 A6=108E3C PC=4AB9A -- 04AB9A: addi.w  #$370, D0
D0=370 D1=370 D2=715D0370 D3=FFFF D4=8402FC0 D5=80218000 D6=842184BF D7=FFFF A0=10B9F5 A1=D00034 A2=4ABB4 A3=108F78 A4=10F104A A5=108000 A6=108E3C PC=4AB9E -- 04AB9E: move.w  D0, D2
D0=370 D1=370 D2=715D0370 D3=FFFF D4=8402FC0 D5=80218000 D6=842184BF D7=FFFF A0=10B9F5 A1=D00034 A2=4ABB4 A3=108F78 A4=10F104A A5=108000 A6=108E3C PC=4ABA0 -- 04ABA0: move.l  D2, $3c0000.l
D0=370 D1=370 D2=715D0370 D3=FFFF D4=8402FC0 D5=80218000 D6=842184BF D7=FFFF A0=10B9F5 A1=D00034 A2=4ABB4 A3=108F78 A4=10F104A A5=108000 A6=108E3C PC=4ABA6 -- 04ABA6: rts
D0=370 D1=370 D2=715D0370 D3=FFFF D4=8402FC0 D5=80218000 D6=842184BF D7=FFFF A0=10B9F5 A1=D00034 A2=4ABB4 A3=108F78 A4=10F104A A5=108000 A6=108E3C PC=4AB4E -- 04AB4E: addq.l  #1, A1
D0=370 D1=370 D2=715D0370 D3=FFFF D4=8402FC0 D5=80218000 D6=842184BF D7=FFFF A0=10B9F5 A1=D00035 A2=4ABB4 A3=108F78 A4=10F104A A5=108000 A6=108E3C PC=4AB50 -- 04AB50: move.w  #$73bd, D2
D0=370 D1=370 D2=715D73BD D3=FFFF D4=8402FC0 D5=80218000 D6=842184BF D7=FFFF A0=10B9F5 A1=D00035 A2=4ABB4 A3=108F78 A4=10F104A A5=108000 A6=108E3C PC=4AB54 -- 04AB54: swap    D2
D0=370 D1=370 D2=73BD715D D3=FFFF D4=8402FC0 D5=80218000 D6=842184BF D7=FFFF A0=10B9F5 A1=D00035 A2=4ABB4 A3=108F78 A4=10F104A A5=108000 A6=108E3C PC=4AB56 -- 04AB56: lea     ($5c,PC) ; ($4abb4), A2
D0=370 D1=370 D2=73BD715D D3=FFFF D4=8402FC0 D5=80218000 D6=842184BF D7=FFFF A0=10B9F5 A1=D00035 A2=4ABB4 A3=108F78 A4=10F104A A5=108000 A6=108E3C PC=4AB5A -- 04AB5A: move.b  (A1), D0
D0=300 D1=370 D2=73BD715D D3=FFFF D4=8402FC0 D5=80218000 D6=842184BF D7=FFFF A0=10B9F5 A1=D00035 A2=4ABB4 A3=108F78 A4=10F104A A5=108000 A6=108E3C PC=4AB5C -- 04AB5C: cmpi.b  #$2, D0
D0=300 D1=370 D2=73BD715D D3=FFFF D4=8402FC0 D5=80218000 D6=842184BF D7=FFFF A0=10B9F5 A1=D00035 A2=4ABB4 A3=108F78 A4=10F104A A5=108000 A6=108E3C PC=4AB60 -- 04AB60: bcc     $4ab66
D0=300 D1=370 D2=73BD715D D3=FFFF D4=8402FC0 D5=80218000 D6=842184BF D7=FFFF A0=10B9F5 A1=D00035 A2=4ABB4 A3=108F78 A4=10F104A A5=108000 A6=108E3C PC=4AB62 -- 04AB62: lea     ($44,PC) ; ($4aba8), A2
D0=300 D1=370 D2=73BD715D D3=FFFF D4=8402FC0 D5=80218000 D6=842184BF D7=FFFF A0=10B9F5 A1=D00035 A2=4ABA8 A3=108F78 A4=10F104A A5=108000 A6=108E3C PC=4AB66 -- 04AB66: moveq   #$5, D7

   (loops for 24 instructions)

D0=300 D1=370 D2=747D0F20 D3=FFFF D4=8402FC0 D5=80218000 D6=842184BF D7=FFFF A0=10B9F5 A1=D00035 A2=4ABB4 A3=108F78 A4=10F104A A5=108000 A6=108E3C PC=4AB7A -- 04AB7A: move.b  (A1), D0
D0=300 D1=370 D2=747D0F20 D3=FFFF D4=8402FC0 D5=80218000 D6=842184BF D7=FFFF A0=10B9F5 A1=D00035 A2=4ABB4 A3=108F78 A4=10F104A A5=108000 A6=108E3C PC=4AB7C -- 04AB7C: andi.w  #$ff, D0
D0=0 D1=370 D2=747D0F20 D3=FFFF D4=8402FC0 D5=80218000 D6=842184BF D7=FFFF A0=10B9F5 A1=D00035 A2=4ABB4 A3=108F78 A4=10F104A A5=108000 A6=108E3C PC=4AB80 -- 04AB80: move.w  D0, D1
D0=0 D1=0 D2=747D0F20 D3=FFFF D4=8402FC0 D5=80218000 D6=842184BF D7=FFFF A0=10B9F5 A1=D00035 A2=4ABB4 A3=108F78 A4=10F104A A5=108000 A6=108E3C PC=4AB82 -- 04AB82: lsr.w   #4, D1
D0=0 D1=0 D2=747D0F20 D3=FFFF D4=8402FC0 D5=80218000 D6=842184BF D7=FFFF A0=10B9F5 A1=D00035 A2=4ABB4 A3=108F78 A4=10F104A A5=108000 A6=108E3C PC=4AB84 -- 04AB84: addi.w  #$370, D1
D0=0 D1=370 D2=747D0F20 D3=FFFF D4=8402FC0 D5=80218000 D6=842184BF D7=FFFF A0=10B9F5 A1=D00035 A2=4ABB4 A3=108F78 A4=10F104A A5=108000 A6=108E3C PC=4AB88 -- 04AB88: move.w  D1, D2
D0=0 D1=370 D2=747D0370 D3=FFFF D4=8402FC0 D5=80218000 D6=842184BF D7=FFFF A0=10B9F5 A1=D00035 A2=4ABB4 A3=108F78 A4=10F104A A5=108000 A6=108E3C PC=4AB8A -- 04AB8A: move.l  D2, $3c0000.l
D0=0 D1=370 D2=747D0370 D3=FFFF D4=8402FC0 D5=80218000 D6=842184BF D7=FFFF A0=10B9F5 A1=D00035 A2=4ABB4 A3=108F78 A4=10F104A A5=108000 A6=108E3C PC=4AB90 -- 04AB90: addi.l  #$200000, D2
D0=0 D1=370 D2=749D0370 D3=FFFF D4=8402FC0 D5=80218000 D6=842184BF D7=FFFF A0=10B9F5 A1=D00035 A2=4ABB4 A3=108F78 A4=10F104A A5=108000 A6=108E3C PC=4AB96 -- 04AB96: andi.w  #$f, D0
D0=0 D1=370 D2=749D0370 D3=FFFF D4=8402FC0 D5=80218000 D6=842184BF D7=FFFF A0=10B9F5 A1=D00035 A2=4ABB4 A3=108F78 A4=10F104A A5=108000 A6=108E3C PC=4AB9A -- 04AB9A: addi.w  #$370, D0
D0=370 D1=370 D2=749D0370 D3=FFFF D4=8402FC0 D5=80218000 D6=842184BF D7=FFFF A0=10B9F5 A1=D00035 A2=4ABB4 A3=108F78 A4=10F104A A5=108000 A6=108E3C PC=4AB9E -- 04AB9E: move.w  D0, D2
D0=370 D1=370 D2=749D0370 D3=FFFF D4=8402FC0 D5=80218000 D6=842184BF D7=FFFF A0=10B9F5 A1=D00035 A2=4ABB4 A3=108F78 A4=10F104A A5=108000 A6=108E3C PC=4ABA0 -- 04ABA0: move.l  D2, $3c0000.l
D0=370 D1=370 D2=749D0370 D3=FFFF D4=8402FC0 D5=80218000 D6=842184BF D7=FFFF A0=10B9F5 A1=D00035 A2=4ABB4 A3=108F78 A4=10F104A A5=108000 A6=108E3C PC=4ABA6 -- 04ABA6: rts
D0=370 D1=370 D2=749D0370 D3=FFFF D4=8402FC0 D5=80218000 D6=842184BF D7=FFFF A0=10B9F5 A1=D00035 A2=4ABB4 A3=108F78 A4=10F104A A5=108000 A6=108E3C PC=32A80 -- 032A80: jsr     $13b2.l
D0=370 D1=370 D2=749D0370 D3=FFFF D4=8402FC0 D5=80218000 D6=842184BF D7=FFFF A0=10B9F5 A1=D00035 A2=4ABB4 A3=108F78 A4=10F104A A5=108000 A6=108E3C PC=13B2 -- 0013B2: cmpi.b  #$2, $10fd8f.l
D0=370 D1=370 D2=749D0370 D3=FFFF D4=8402FC0 D5=80218000 D6=842184BF D7=FFFF A0=10B9F5 A1=D00035 A2=4ABB4 A3=108F78 A4=10F104A A5=108000 A6=108E3C PC=13BA -- 0013BA: bcs     $1416
D0=370 D1=370 D2=749D0370 D3=FFFF D4=8402FC0 D5=80218000 D6=842184BF D7=FFFF A0=10B9F5 A1=D00035 A2=4ABB4 A3=108F78 A4=10F104A A5=108000 A6=108E3C PC=13BE -- 0013BE: tst.b   $10fd82.l
D0=370 D1=370 D2=749D0370 D3=FFFF D4=8402FC0 D5=80218000 D6=842184BF D7=FFFF A0=10B9F5 A1=D00035 A2=4ABB4 A3=108F78 A4=10F104A A5=108000 A6=108E3C PC=13C4 -- 0013C4: beq     $1416
D0=370 D1=370 D2=749D0370 D3=FFFF D4=8402FC0 D5=80218000 D6=842184BF D7=FFFF A0=10B9F5 A1=D00035 A2=4ABB4 A3=108F78 A4=10F104A A5=108000 A6=108E3C PC=13C8 -- 0013C8: move.w  #$10, D0
D0=10 D1=370 D2=749D0370 D3=FFFF D4=8402FC0 D5=80218000 D6=842184BF D7=FFFF A0=10B9F5 A1=D00035 A2=4ABB4 A3=108F78 A4=10F104A A5=108000 A6=108E3C PC=13CC -- 0013CC: move.w  #$1b, D1
D0=10 D1=1B D2=749D0370 D3=FFFF D4=8402FC0 D5=80218000 D6=842184BF D7=FFFF A0=10B9F5 A1=D00035 A2=4ABB4 A3=108F78 A4=10F104A A5=108000 A6=108E3C PC=13D0 -- 0013D0: jsr     $5fde.l
D0=10 D1=1B D2=749D0370 D3=FFFF D4=8402FC0 D5=80218000 D6=842184BF D7=FFFF A0=10B9F5 A1=D00035 A2=4ABB4 A3=108F78 A4=10F104A A5=108000 A6=108E3C PC=5FDE -- 005FDE: lsl.w   #5, D0
D0=200 D1=1B D2=749D0370 D3=FFFF D4=8402FC0 D5=80218000 D6=842184BF D7=FFFF A0=10B9F5 A1=D00035 A2=4ABB4 A3=108F78 A4=10F104A A5=108000 A6=108E3C PC=5FE0 -- 005FE0: add.w   D1, D0
D0=21B D1=1B D2=749D0370 D3=FFFF D4=8402FC0 D5=80218000 D6=842184BF D7=FFFF A0=10B9F5 A1=D00035 A2=4ABB4 A3=108F78 A4=10F104A A5=108000 A6=108E3C PC=5FE2 -- 005FE2: addi.w  #$7002, D0
D0=721D D1=1B D2=749D0370 D3=FFFF D4=8402FC0 D5=80218000 D6=842184BF D7=FFFF A0=10B9F5 A1=D00035 A2=4ABB4 A3=108F78 A4=10F104A A5=108000 A6=108E3C PC=5FE6 -- 005FE6: swap    D0
D0=721D0000 D1=1B D2=749D0370 D3=FFFF D4=8402FC0 D5=80218000 D6=842184BF D7=FFFF A0=10B9F5 A1=D00035 A2=4ABB4 A3=108F78 A4=10F104A A5=108000 A6=108E3C PC=5FE8 -- 005FE8: rts
D0=721D0000 D1=1B D2=749D0370 D3=FFFF D4=8402FC0 D5=80218000 D6=842184BF D7=FFFF A0=10B9F5 A1=D00035 A2=4ABB4 A3=108F78 A4=10F104A A5=108000 A6=108E3C PC=13D6 -- 0013D6: move.w  #$300, D0
D0=721D0300 D1=1B D2=749D0370 D3=FFFF D4=8402FC0 D5=80218000 D6=842184BF D7=FFFF A0=10B9F5 A1=D00035 A2=4ABB4 A3=108F78 A4=10F104A A5=108000 A6=108E3C PC=13DA -- 0013DA: lea     $4f8fa.l, A0
D0=721D0300 D1=1B D2=749D0370 D3=FFFF D4=8402FC0 D5=80218000 D6=842184BF D7=FFFF A0=4F8FA A1=D00035 A2=4ABB4 A3=108F78 A4=10F104A A5=108000 A6=108E3C PC=13E0 -- 0013E0: moveq   #$4, D1
D0=721D0300 D1=4 D2=749D0370 D3=FFFF D4=8402FC0 D5=80218000 D6=842184BF D7=FFFF A0=4F8FA A1=D00035 A2=4ABB4 A3=108F78 A4=10F104A A5=108000 A6=108E3C PC=13E2 -- 0013E2: move.b  (A0)+, D0
D0=721D0380 D1=4 D2=749D0370 D3=FFFF D4=8402FC0 D5=80218000 D6=842184BF D7=FFFF A0=4F8FB A1=D00035 A2=4ABB4 A3=108F78 A4=10F104A A5=108000 A6=108E3C PC=13E4 -- 0013E4: move.l  D0, $3c0000.l
D0=721D0380 D1=4 D2=749D0370 D3=FFFF D4=8402FC0 D5=80218000 D6=842184BF D7=FFFF A0=4F8FB A1=D00035 A2=4ABB4 A3=108F78 A4=10F104A A5=108000 A6=108E3C PC=13EA -- 0013EA: addi.l  #$200000, D0
D0=723D0380 D1=4 D2=749D0370 D3=FFFF D4=8402FC0 D5=80218000 D6=842184BF D7=FFFF A0=4F8FB A1=D00035 A2=4ABB4 A3=108F78 A4=10F104A A5=108000 A6=108E3C PC=13F0 -- 0013F0: dbra    D1, $13e2
D0=723D0380 D1=3 D2=749D0370 D3=FFFF D4=8402FC0 D5=80218000 D6=842184BF D7=FFFF A0=4F8FB A1=D00035 A2=4ABB4 A3=108F78 A4=10F104A A5=108000 A6=108E3C PC=13E2 -- 0013E2: move.b  (A0)+, D0
D0=723D0381 D1=3 D2=749D0370 D3=FFFF D4=8402FC0 D5=80218000 D6=842184BF D7=FFFF A0=4F8FC A1=D00035 A2=4ABB4 A3=108F78 A4=10F104A A5=108000 A6=108E3C PC=13E4 -- 0013E4: move.l  D0, $3c0000.l
D0=723D0381 D1=3 D2=749D0370 D3=FFFF D4=8402FC0 D5=80218000 D6=842184BF D7=FFFF A0=4F8FC A1=D00035 A2=4ABB4 A3=108F78 A4=10F104A A5=108000 A6=108E3C PC=13EA -- 0013EA: addi.l  #$200000, D0
D0=725D0381 D1=3 D2=749D0370 D3=FFFF D4=8402FC0 D5=80218000 D6=842184BF D7=FFFF A0=4F8FC A1=D00035 A2=4ABB4 A3=108F78 A4=10F104A A5=108000 A6=108E3C PC=13F0 -- 0013F0: dbra    D1, $13e2

   (loops for 12 instructions)

D0=72BD0384 D1=FFFF D2=749D0370 D3=FFFF D4=8402FC0 D5=80218000 D6=842184BF D7=FFFF A0=4F8FF A1=D00035 A2=4ABB4 A3=108F78 A4=10F104A A5=108000 A6=108E3C PC=13F4 -- 0013F4: move.w  #$16, D0
D0=72BD0016 D1=FFFF D2=749D0370 D3=FFFF D4=8402FC0 D5=80218000 D6=842184BF D7=FFFF A0=4F8FF A1=D00035 A2=4ABB4 A3=108F78 A4=10F104A A5=108000 A6=108E3C PC=13F8 -- 0013F8: move.w  #$1b, D1
D0=72BD0016 D1=1B D2=749D0370 D3=FFFF D4=8402FC0 D5=80218000 D6=842184BF D7=FFFF A0=4F8FF A1=D00035 A2=4ABB4 A3=108F78 A4=10F104A A5=108000 A6=108E3C PC=13FC -- 0013FC: jsr     $5fde.l
D0=72BD0016 D1=1B D2=749D0370 D3=FFFF D4=8402FC0 D5=80218000 D6=842184BF D7=FFFF A0=4F8FF A1=D00035 A2=4ABB4 A3=108F78 A4=10F104A A5=108000 A6=108E3C PC=5FDE -- 005FDE: lsl.w   #5, D0
D0=72BD02C0 D1=1B D2=749D0370 D3=FFFF D4=8402FC0 D5=80218000 D6=842184BF D7=FFFF A0=4F8FF A1=D00035 A2=4ABB4 A3=108F78 A4=10F104A A5=108000 A6=108E3C PC=5FE0 -- 005FE0: add.w   D1, D0
D0=72BD02DB D1=1B D2=749D0370 D3=FFFF D4=8402FC0 D5=80218000 D6=842184BF D7=FFFF A0=4F8FF A1=D00035 A2=4ABB4 A3=108F78 A4=10F104A A5=108000 A6=108E3C PC=5FE2 -- 005FE2: addi.w  #$7002, D0
D0=72BD72DD D1=1B D2=749D0370 D3=FFFF D4=8402FC0 D5=80218000 D6=842184BF D7=FFFF A0=4F8FF A1=D00035 A2=4ABB4 A3=108F78 A4=10F104A A5=108000 A6=108E3C PC=5FE6 -- 005FE6: swap    D0
D0=72DD72BD D1=1B D2=749D0370 D3=FFFF D4=8402FC0 D5=80218000 D6=842184BF D7=FFFF A0=4F8FF A1=D00035 A2=4ABB4 A3=108F78 A4=10F104A A5=108000 A6=108E3C PC=5FE8 -- 005FE8: rts
D0=72DD72BD D1=1B D2=749D0370 D3=FFFF D4=8402FC0 D5=80218000 D6=842184BF D7=FFFF A0=4F8FF A1=D00035 A2=4ABB4 A3=108F78 A4=10F104A A5=108000 A6=108E3C PC=1402 -- 001402: clr.w   D0
D0=72DD0000 D1=1B D2=749D0370 D3=FFFF D4=8402FC0 D5=80218000 D6=842184BF D7=FFFF A0=4F8FF A1=D00035 A2=4ABB4 A3=108F78 A4=10F104A A5=108000 A6=108E3C PC=1404 -- 001404: move.b  $10fd8e.l, D0
D0=72DD0000 D1=1B D2=749D0370 D3=FFFF D4=8402FC0 D5=80218000 D6=842184BF D7=FFFF A0=4F8FF A1=D00035 A2=4ABB4 A3=108F78 A4=10F104A A5=108000 A6=108E3C PC=140A -- 00140A: addq.b  #1, D0
D0=72DD0001 D1=1B D2=749D0370 D3=FFFF D4=8402FC0 D5=80218000 D6=842184BF D7=FFFF A0=4F8FF A1=D00035 A2=4ABB4 A3=108F78 A4=10F104A A5=108000 A6=108E3C PC=140C -- 00140C: addi.w  #$370, D0
D0=72DD0371 D1=1B D2=749D0370 D3=FFFF D4=8402FC0 D5=80218000 D6=842184BF D7=FFFF A0=4F8FF A1=D00035 A2=4ABB4 A3=108F78 A4=10F104A A5=108000 A6=108E3C PC=1410 -- 001410: move.l  D0, $3c0000.l
D0=72DD0371 D1=1B D2=749D0370 D3=FFFF D4=8402FC0 D5=80218000 D6=842184BF D7=FFFF A0=4F8FF A1=D00035 A2=4ABB4 A3=108F78 A4=10F104A A5=108000 A6=108E3C PC=1416 -- 001416: rts
D0=72DD0371 D1=1B D2=749D0370 D3=FFFF D4=8402FC0 D5=80218000 D6=842184BF D7=FFFF A0=4F8FF A1=D00035 A2=4ABB4 A3=108F78 A4=10F104A A5=108000 A6=108E3C PC=32A86 -- 032A86: bsr     $32b28
D0=72DD0371 D1=1B D2=749D0370 D3=FFFF D4=8402FC0 D5=80218000 D6=842184BF D7=FFFF A0=4F8FF A1=D00035 A2=4ABB4 A3=108F78 A4=10F104A A5=108000 A6=108E3C PC=32B28 -- 032B28: lea     ($584,A5), A4
D0=72DD0371 D1=1B D2=749D0370 D3=FFFF D4=8402FC0 D5=80218000 D6=842184BF D7=FFFF A0=4F8FF A1=D00035 A2=4ABB4 A3=108F78 A4=108584 A5=108000 A6=108E3C PC=32B2C -- 032B2C: movea.l (A4), A0
D0=72DD0371 D1=1B D2=749D0370 D3=FFFF D4=8402FC0 D5=80218000 D6=842184BF D7=FFFF A0=37046 A1=D00035 A2=4ABB4 A3=108F78 A4=108584 A5=108000 A6=108E3C PC=32B2E -- 032B2E: jsr     (A0)
D0=72DD0371 D1=1B D2=749D0370 D3=FFFF D4=8402FC0 D5=80218000 D6=842184BF D7=FFFF A0=37046 A1=D00035 A2=4ABB4 A3=108F78 A4=108584 A5=108000 A6=108E3C PC=37046 -- 037046: bsr     $371fe
