D0=1 D1=99 D2=108100 D3=0 D4=8403600 D5=842184D8 D6=842184D8 D7=FFFF A0=108100 A1=10892C A2=4ABB4 A3=108FAA A4=108300 A5=108000 A6=10BA1E PC=3706C -- 03706C: bcs     $3707c
D0=1 D1=99 D2=108100 D3=0 D4=8403600 D5=842184D8 D6=842184D8 D7=FFFF A0=108100 A1=10892C A2=4ABB4 A3=108FAA A4=108300 A5=108000 A6=10BA1E PC=3707C -- 03707C: move.l  #$37086, ($584,A5)
D0=1 D1=99 D2=108100 D3=0 D4=8403600 D5=842184D8 D6=842184D8 D7=FFFF A0=108100 A1=10892C A2=4ABB4 A3=108FAA A4=108300 A5=108000 A6=10BA1E PC=37084 -- 037084: rts
D0=1 D1=99 D2=108100 D3=0 D4=8403600 D5=842184D8 D6=842184D8 D7=FFFF A0=108100 A1=10892C A2=4ABB4 A3=108FAA A4=108300 A5=108000 A6=10BA1E PC=32B30 -- 032B30: move.l  #$100100, D7
D0=1 D1=99 D2=108100 D3=0 D4=8403600 D5=842184D8 D6=842184D8 D7=100100 A0=108100 A1=10892C A2=4ABB4 A3=108FAA A4=108300 A5=108000 A6=10BA1E PC=32B36 -- 032B36: movea.l D7, A4
D0=1 D1=99 D2=108100 D3=0 D4=8403600 D5=842184D8 D6=842184D8 D7=100100 A0=108100 A1=10892C A2=4ABB4 A3=108FAA A4=100100 A5=108000 A6=10BA1E PC=32B38 -- 032B38: movea.l (A4), A0
D0=1 D1=99 D2=108100 D3=0 D4=8403600 D5=842184D8 D6=842184D8 D7=100100 A0=25A8 A1=10892C A2=4ABB4 A3=108FAA A4=100100 A5=108000 A6=10BA1E PC=32B3A -- 032B3A: jsr     (A0)
D0=1 D1=99 D2=108100 D3=0 D4=8403600 D5=842184D8 D6=842184D8 D7=100100 A0=25A8 A1=10892C A2=4ABB4 A3=108FAA A4=100100 A5=108000 A6=10BA1E PC=25A8 -- 0025A8: rts
D0=1 D1=99 D2=108100 D3=0 D4=8403600 D5=842184D8 D6=842184D8 D7=100100 A0=25A8 A1=10892C A2=4ABB4 A3=108FAA A4=100100 A5=108000 A6=10BA1E PC=32B3C -- 032B3C: move.l  A4, D7
D0=1 D1=99 D2=108100 D3=0 D4=8403600 D5=842184D8 D6=842184D8 D7=100100 A0=25A8 A1=10892C A2=4ABB4 A3=108FAA A4=100100 A5=108000 A6=10BA1E PC=32B3E -- 032B3E: move.w  ($4,A4), D7
D0=1 D1=99 D2=108100 D3=0 D4=8403600 D5=842184D8 D6=842184D8 D7=100500 A0=25A8 A1=10892C A2=4ABB4 A3=108FAA A4=100100 A5=108000 A6=10BA1E PC=32B42 -- 032B42: bpl     $32b36
D0=1 D1=99 D2=108100 D3=0 D4=8403600 D5=842184D8 D6=842184D8 D7=100500 A0=25A8 A1=10892C A2=4ABB4 A3=108FAA A4=100100 A5=108000 A6=10BA1E PC=32B36 -- 032B36: movea.l D7, A4
D0=1 D1=99 D2=108100 D3=0 D4=8403600 D5=842184D8 D6=842184D8 D7=100500 A0=25A8 A1=10892C A2=4ABB4 A3=108FAA A4=100500 A5=108000 A6=10BA1E PC=32B38 -- 032B38: movea.l (A4), A0
D0=1 D1=99 D2=108100 D3=0 D4=8403600 D5=842184D8 D6=842184D8 D7=100500 A0=37CBA A1=10892C A2=4ABB4 A3=108FAA A4=100500 A5=108000 A6=10BA1E PC=32B3A -- 032B3A: jsr     (A0)
D0=1 D1=99 D2=108100 D3=0 D4=8403600 D5=842184D8 D6=842184D8 D7=100500 A0=37CBA A1=10892C A2=4ABB4 A3=108FAA A4=100500 A5=108000 A6=10BA1E PC=37CBA -- 037CBA: move.w  ($d0,A4), D0
D0=3 D1=99 D2=108100 D3=0 D4=8403600 D5=842184D8 D6=842184D8 D7=100500 A0=37CBA A1=10892C A2=4ABB4 A3=108FAA A4=100500 A5=108000 A6=10BA1E PC=37CBE -- 037CBE: movea.l ($84,A4), A0
D0=3 D1=99 D2=108100 D3=0 D4=8403600 D5=842184D8 D6=842184D8 D7=100500 A0=108584 A1=10892C A2=4ABB4 A3=108FAA A4=100500 A5=108000 A6=10BA1E PC=37CC2 -- 037CC2: btst    D0, ($cf,A0)
D0=3 D1=99 D2=108100 D3=0 D4=8403600 D5=842184D8 D6=842184D8 D7=100500 A0=108584 A1=10892C A2=4ABB4 A3=108FAA A4=100500 A5=108000 A6=10BA1E PC=37CC6 -- 037CC6: beq     $36eac
D0=3 D1=99 D2=108100 D3=0 D4=8403600 D5=842184D8 D6=842184D8 D7=100500 A0=108584 A1=10892C A2=4ABB4 A3=108FAA A4=100500 A5=108000 A6=10BA1E PC=36EAC -- 036EAC: jsr     $48e6.w
D0=3 D1=99 D2=108100 D3=0 D4=8403600 D5=842184D8 D6=842184D8 D7=100500 A0=108584 A1=10892C A2=4ABB4 A3=108FAA A4=100500 A5=108000 A6=10BA1E PC=48E6 -- 0048E6: move.w  ($70,A4), D0
D0=1B D1=99 D2=108100 D3=0 D4=8403600 D5=842184D8 D6=842184D8 D7=100500 A0=108584 A1=10892C A2=4ABB4 A3=108FAA A4=100500 A5=108000 A6=10BA1E PC=48EA -- 0048EA: cmp.b   ($78,A4), D0
D0=1B D1=99 D2=108100 D3=0 D4=8403600 D5=842184D8 D6=842184D8 D7=100500 A0=108584 A1=10892C A2=4ABB4 A3=108FAA A4=100500 A5=108000 A6=10BA1E PC=48EE -- 0048EE: bne     $491c
D0=1B D1=99 D2=108100 D3=0 D4=8403600 D5=842184D8 D6=842184D8 D7=100500 A0=108584 A1=10892C A2=4ABB4 A3=108FAA A4=100500 A5=108000 A6=10BA1E PC=48F0 -- 0048F0: move.w  ($72,A4), D0
D0=38 D1=99 D2=108100 D3=0 D4=8403600 D5=842184D8 D6=842184D8 D7=100500 A0=108584 A1=10892C A2=4ABB4 A3=108FAA A4=100500 A5=108000 A6=10BA1E PC=48F4 -- 0048F4: cmp.b   ($79,A4), D0
D0=38 D1=99 D2=108100 D3=0 D4=8403600 D5=842184D8 D6=842184D8 D7=100500 A0=108584 A1=10892C A2=4ABB4 A3=108FAA A4=100500 A5=108000 A6=10BA1E PC=48F8 -- 0048F8: bne     $493c
D0=38 D1=99 D2=108100 D3=0 D4=8403600 D5=842184D8 D6=842184D8 D7=100500 A0=108584 A1=10892C A2=4ABB4 A3=108FAA A4=100500 A5=108000 A6=10BA1E PC=48FA -- 0048FA: tst.b   ($77,A4)
D0=38 D1=99 D2=108100 D3=0 D4=8403600 D5=842184D8 D6=842184D8 D7=100500 A0=108584 A1=10892C A2=4ABB4 A3=108FAA A4=100500 A5=108000 A6=10BA1E PC=48FE -- 0048FE: bne     $495c
D0=38 D1=99 D2=108100 D3=0 D4=8403600 D5=842184D8 D6=842184D8 D7=100500 A0=108584 A1=10892C A2=4ABB4 A3=108FAA A4=100500 A5=108000 A6=10BA1E PC=4900 -- 004900: tst.b   ($7a,A4)
D0=38 D1=99 D2=108100 D3=0 D4=8403600 D5=842184D8 D6=842184D8 D7=100500 A0=108584 A1=10892C A2=4ABB4 A3=108FAA A4=100500 A5=108000 A6=10BA1E PC=4904 -- 004904: bmi     $491a
D0=38 D1=99 D2=108100 D3=0 D4=8403600 D5=842184D8 D6=842184D8 D7=100500 A0=108584 A1=10892C A2=4ABB4 A3=108FAA A4=100500 A5=108000 A6=10BA1E PC=491A -- 00491A: rts
D0=38 D1=99 D2=108100 D3=0 D4=8403600 D5=842184D8 D6=842184D8 D7=100500 A0=108584 A1=10892C A2=4ABB4 A3=108FAA A4=100500 A5=108000 A6=10BA1E PC=36EB0 -- 036EB0: jmp     $3e2e.w
D0=38 D1=99 D2=108100 D3=0 D4=8403600 D5=842184D8 D6=842184D8 D7=100500 A0=108584 A1=10892C A2=4ABB4 A3=108FAA A4=100500 A5=108000 A6=10BA1E PC=3E2E -- 003E2E: tst.w   ($74,A4)
D0=38 D1=99 D2=108100 D3=0 D4=8403600 D5=842184D8 D6=842184D8 D7=100500 A0=108584 A1=10892C A2=4ABB4 A3=108FAA A4=100500 A5=108000 A6=10BA1E PC=3E32 -- 003E32: bmi     $3e80
D0=38 D1=99 D2=108100 D3=0 D4=8403600 D5=842184D8 D6=842184D8 D7=100500 A0=108584 A1=10892C A2=4ABB4 A3=108FAA A4=100500 A5=108000 A6=10BA1E PC=3E34 -- 003E34: btst    #$6, ($7c,A4)
D0=38 D1=99 D2=108100 D3=0 D4=8403600 D5=842184D8 D6=842184D8 D7=100500 A0=108584 A1=10892C A2=4ABB4 A3=108FAA A4=100500 A5=108000 A6=10BA1E PC=3E3A -- 003E3A: bne     $3e78
D0=38 D1=99 D2=108100 D3=0 D4=8403600 D5=842184D8 D6=842184D8 D7=100500 A0=108584 A1=10892C A2=4ABB4 A3=108FAA A4=100500 A5=108000 A6=10BA1E PC=3E3E -- 003E3E: moveq   #$0, D3
D0=38 D1=99 D2=108100 D3=0 D4=8403600 D5=842184D8 D6=842184D8 D7=100500 A0=108584 A1=10892C A2=4ABB4 A3=108FAA A4=100500 A5=108000 A6=10BA1E PC=3E40 -- 003E40: move.b  ($82,A4), D3
D0=38 D1=99 D2=108100 D3=0 D4=8403600 D5=842184D8 D6=842184D8 D7=100500 A0=108584 A1=10892C A2=4ABB4 A3=108FAA A4=100500 A5=108000 A6=10BA1E PC=3E44 -- 003E44: add.w   D3, D3
D0=38 D1=99 D2=108100 D3=0 D4=8403600 D5=842184D8 D6=842184D8 D7=100500 A0=108584 A1=10892C A2=4ABB4 A3=108FAA A4=100500 A5=108000 A6=10BA1E PC=3E46 -- 003E46: add.w   D3, D3
D0=38 D1=99 D2=108100 D3=0 D4=8403600 D5=842184D8 D6=842184D8 D7=100500 A0=108584 A1=10892C A2=4ABB4 A3=108FAA A4=100500 A5=108000 A6=10BA1E PC=3E48 -- 003E48: move.w  ($18,A4), D0
D0=100 D1=99 D2=108100 D3=0 D4=8403600 D5=842184D8 D6=842184D8 D7=100500 A0=108584 A1=10892C A2=4ABB4 A3=108FAA A4=100500 A5=108000 A6=10BA1E PC=3E4C -- 003E4C: lea     ($104c,A5), A0
D0=100 D1=99 D2=108100 D3=0 D4=8403600 D5=842184D8 D6=842184D8 D7=100500 A0=10904C A1=10892C A2=4ABB4 A3=108FAA A4=100500 A5=108000 A6=10BA1E PC=3E50 -- 003E50: sub.w   (A0,D3.w), D0
D0=100 D1=99 D2=108100 D3=0 D4=8403600 D5=842184D8 D6=842184D8 D7=100500 A0=10904C A1=10892C A2=4ABB4 A3=108FAA A4=100500 A5=108000 A6=10BA1E PC=3E54 -- 003E54: addi.w  #$30, D0
D0=130 D1=99 D2=108100 D3=0 D4=8403600 D5=842184D8 D6=842184D8 D7=100500 A0=10904C A1=10892C A2=4ABB4 A3=108FAA A4=100500 A5=108000 A6=10BA1E PC=3E58 -- 003E58: cmpi.w  #$1a0, D0
D0=130 D1=99 D2=108100 D3=0 D4=8403600 D5=842184D8 D6=842184D8 D7=100500 A0=10904C A1=10892C A2=4ABB4 A3=108FAA A4=100500 A5=108000 A6=10BA1E PC=3E5C -- 003E5C: bls     $3e60
D0=130 D1=99 D2=108100 D3=0 D4=8403600 D5=842184D8 D6=842184D8 D7=100500 A0=10904C A1=10892C A2=4ABB4 A3=108FAA A4=100500 A5=108000 A6=10BA1E PC=3E60 -- 003E60: move.w  ($1c,A4), D0
D0=88 D1=99 D2=108100 D3=0 D4=8403600 D5=842184D8 D6=842184D8 D7=100500 A0=10904C A1=10892C A2=4ABB4 A3=108FAA A4=100500 A5=108000 A6=10BA1E PC=3E64 -- 003E64: sub.w   ($20,A4), D0
D0=88 D1=99 D2=108100 D3=0 D4=8403600 D5=842184D8 D6=842184D8 D7=100500 A0=10904C A1=10892C A2=4ABB4 A3=108FAA A4=100500 A5=108000 A6=10BA1E PC=3E68 -- 003E68: lea     ($1058,A5), A0
D0=88 D1=99 D2=108100 D3=0 D4=8403600 D5=842184D8 D6=842184D8 D7=100500 A0=109058 A1=10892C A2=4ABB4 A3=108FAA A4=100500 A5=108000 A6=10BA1E PC=3E6C -- 003E6C: sub.w   (A0,D3.w), D0
D0=88 D1=99 D2=108100 D3=0 D4=8403600 D5=842184D8 D6=842184D8 D7=100500 A0=109058 A1=10892C A2=4ABB4 A3=108FAA A4=100500 A5=108000 A6=10BA1E PC=3E70 -- 003E70: cmpi.w  #$1c0, D0
D0=88 D1=99 D2=108100 D3=0 D4=8403600 D5=842184D8 D6=842184D8 D7=100500 A0=109058 A1=10892C A2=4ABB4 A3=108FAA A4=100500 A5=108000 A6=10BA1E PC=3E74 -- 003E74: bls     $3e78
D0=88 D1=99 D2=108100 D3=0 D4=8403600 D5=842184D8 D6=842184D8 D7=100500 A0=109058 A1=10892C A2=4ABB4 A3=108FAA A4=100500 A5=108000 A6=10BA1E PC=3E78 -- 003E78: bsr     $4860
D0=88 D1=99 D2=108100 D3=0 D4=8403600 D5=842184D8 D6=842184D8 D7=100500 A0=109058 A1=10892C A2=4ABB4 A3=108FAA A4=100500 A5=108000 A6=10BA1E PC=4860 -- 004860: lea     $7bf48.l, A0
D0=88 D1=99 D2=108100 D3=0 D4=8403600 D5=842184D8 D6=842184D8 D7=100500 A0=7BF48 A1=10892C A2=4ABB4 A3=108FAA A4=100500 A5=108000 A6=10BA1E PC=4866 -- 004866: move.w  ($70,A4), D0
D0=1B D1=99 D2=108100 D3=0 D4=8403600 D5=842184D8 D6=842184D8 D7=100500 A0=7BF48 A1=10892C A2=4ABB4 A3=108FAA A4=100500 A5=108000 A6=10BA1E PC=486A -- 00486A: add.w   D0, D0
D0=36 D1=99 D2=108100 D3=0 D4=8403600 D5=842184D8 D6=842184D8 D7=100500 A0=7BF48 A1=10892C A2=4ABB4 A3=108FAA A4=100500 A5=108000 A6=10BA1E PC=486C -- 00486C: add.w   D0, D0
D0=6C D1=99 D2=108100 D3=0 D4=8403600 D5=842184D8 D6=842184D8 D7=100500 A0=7BF48 A1=10892C A2=4ABB4 A3=108FAA A4=100500 A5=108000 A6=10BA1E PC=486E -- 00486E: movea.l (A0,D0.w), A0
D0=6C D1=99 D2=108100 D3=0 D4=8403600 D5=842184D8 D6=842184D8 D7=100500 A0=7F5E0 A1=10892C A2=4ABB4 A3=108FAA A4=100500 A5=108000 A6=10BA1E PC=4872 -- 004872: move.w  ($72,A4), D0
D0=38 D1=99 D2=108100 D3=0 D4=8403600 D5=842184D8 D6=842184D8 D7=100500 A0=7F5E0 A1=10892C A2=4ABB4 A3=108FAA A4=100500 A5=108000 A6=10BA1E PC=4876 -- 004876: add.w   D0, D0
D0=70 D1=99 D2=108100 D3=0 D4=8403600 D5=842184D8 D6=842184D8 D7=100500 A0=7F5E0 A1=10892C A2=4ABB4 A3=108FAA A4=100500 A5=108000 A6=10BA1E PC=4878 -- 004878: move.w  (A0,D0.w), D1
D0=70 D1=3838 D2=108100 D3=0 D4=8403600 D5=842184D8 D6=842184D8 D7=100500 A0=7F5E0 A1=10892C A2=4ABB4 A3=108FAA A4=100500 A5=108000 A6=10BA1E PC=487C -- 00487C: move.w  D1, ($46de,A5)
D0=70 D1=3838 D2=108100 D3=0 D4=8403600 D5=842184D8 D6=842184D8 D7=100500 A0=7F5E0 A1=10892C A2=4ABB4 A3=108FAA A4=100500 A5=108000 A6=10BA1E PC=4880 -- 004880: lea     $80000.l, A0
D0=70 D1=3838 D2=108100 D3=0 D4=8403600 D5=842184D8 D6=842184D8 D7=100500 A0=80000 A1=10892C A2=4ABB4 A3=108FAA A4=100500 A5=108000 A6=10BA1E PC=4886 -- 004886: move.w  ($70,A4), D0
D0=1B D1=3838 D2=108100 D3=0 D4=8403600 D5=842184D8 D6=842184D8 D7=100500 A0=80000 A1=10892C A2=4ABB4 A3=108FAA A4=100500 A5=108000 A6=10BA1E PC=488A -- 00488A: add.w   D0, D0
D0=36 D1=3838 D2=108100 D3=0 D4=8403600 D5=842184D8 D6=842184D8 D7=100500 A0=80000 A1=10892C A2=4ABB4 A3=108FAA A4=100500 A5=108000 A6=10BA1E PC=488C -- 00488C: add.w   D0, D0
D0=6C D1=3838 D2=108100 D3=0 D4=8403600 D5=842184D8 D6=842184D8 D7=100500 A0=80000 A1=10892C A2=4ABB4 A3=108FAA A4=100500 A5=108000 A6=10BA1E PC=488E -- 00488E: movea.l (A0,D0.w), A0
D0=6C D1=3838 D2=108100 D3=0 D4=8403600 D5=842184D8 D6=842184D8 D7=100500 A0=86E00 A1=10892C A2=4ABB4 A3=108FAA A4=100500 A5=108000 A6=10BA1E PC=4892 -- 004892: move.w  ($46de,A5), D0
D0=3838 D1=3838 D2=108100 D3=0 D4=8403600 D5=842184D8 D6=842184D8 D7=100500 A0=86E00 A1=10892C A2=4ABB4 A3=108FAA A4=100500 A5=108000 A6=10BA1E PC=4896 -- 004896: tst.b   ($46e2,A5)
D0=3838 D1=3838 D2=108100 D3=0 D4=8403600 D5=842184D8 D6=842184D8 D7=100500 A0=86E00 A1=10892C A2=4ABB4 A3=108FAA A4=100500 A5=108000 A6=10BA1E PC=489A -- 00489A: beq     $48a0
D0=3838 D1=3838 D2=108100 D3=0 D4=8403600 D5=842184D8 D6=842184D8 D7=100500 A0=86E00 A1=10892C A2=4ABB4 A3=108FAA A4=100500 A5=108000 A6=10BA1E PC=48A0 -- 0048A0: andi.w  #$ff, D0
D0=38 D1=3838 D2=108100 D3=0 D4=8403600 D5=842184D8 D6=842184D8 D7=100500 A0=86E00 A1=10892C A2=4ABB4 A3=108FAA A4=100500 A5=108000 A6=10BA1E PC=48A4 -- 0048A4: add.w   D0, D0
D0=70 D1=3838 D2=108100 D3=0 D4=8403600 D5=842184D8 D6=842184D8 D7=100500 A0=86E00 A1=10892C A2=4ABB4 A3=108FAA A4=100500 A5=108000 A6=10BA1E PC=48A6 -- 0048A6: add.w   D0, D0
D0=E0 D1=3838 D2=108100 D3=0 D4=8403600 D5=842184D8 D6=842184D8 D7=100500 A0=86E00 A1=10892C A2=4ABB4 A3=108FAA A4=100500 A5=108000 A6=10BA1E PC=48A8 -- 0048A8: movea.l (A0,D0.w), A0
D0=E0 D1=3838 D2=108100 D3=0 D4=8403600 D5=842184D8 D6=842184D8 D7=100500 A0=F3112 A1=10892C A2=4ABB4 A3=108FAA A4=100500 A5=108000 A6=10BA1E PC=48AC -- 0048AC: move.w  ($74,A4), D0
D0=0 D1=3838 D2=108100 D3=0 D4=8403600 D5=842184D8 D6=842184D8 D7=100500 A0=F3112 A1=10892C A2=4ABB4 A3=108FAA A4=100500 A5=108000 A6=10BA1E PC=48B0 -- 0048B0: adda.w  D0, A0
D0=0 D1=3838 D2=108100 D3=0 D4=8403600 D5=842184D8 D6=842184D8 D7=100500 A0=F3112 A1=10892C A2=4ABB4 A3=108FAA A4=100500 A5=108000 A6=10BA1E PC=48B2 -- 0048B2: move.l  (A0), D0
D0=10F1110 D1=3838 D2=108100 D3=0 D4=8403600 D5=842184D8 D6=842184D8 D7=100500 A0=F3112 A1=10892C A2=4ABB4 A3=108FAA A4=100500 A5=108000 A6=10BA1E PC=48B4 -- 0048B4: andi.l  #$ffffff, D0
D0=F1110 D1=3838 D2=108100 D3=0 D4=8403600 D5=842184D8 D6=842184D8 D7=100500 A0=F3112 A1=10892C A2=4ABB4 A3=108FAA A4=100500 A5=108000 A6=10BA1E PC=48BA -- 0048BA: movea.l D0, A0
D0=F1110 D1=3838 D2=108100 D3=0 D4=8403600 D5=842184D8 D6=842184D8 D7=100500 A0=F1110 A1=10892C A2=4ABB4 A3=108FAA A4=100500 A5=108000 A6=10BA1E PC=48BC -- 0048BC: move.w  ($4,A0), D0
D0=F0071 D1=3838 D2=108100 D3=0 D4=8403600 D5=842184D8 D6=842184D8 D7=100500 A0=F1110 A1=10892C A2=4ABB4 A3=108FAA A4=100500 A5=108000 A6=10BA1E PC=48C0 -- 0048C0: andi.w  #$1fff, D0
D0=F0071 D1=3838 D2=108100 D3=0 D4=8403600 D5=842184D8 D6=842184D8 D7=100500 A0=F1110 A1=10892C A2=4ABB4 A3=108FAA A4=100500 A5=108000 A6=10BA1E PC=48C4 -- 0048C4: move.w  D0, ($46e0,A5)
D0=F0071 D1=3838 D2=108100 D3=0 D4=8403600 D5=842184D8 D6=842184D8 D7=100500 A0=F1110 A1=10892C A2=4ABB4 A3=108FAA A4=100500 A5=108000 A6=10BA1E PC=48C8 -- 0048C8: lea     $80080.l, A0
D0=F0071 D1=3838 D2=108100 D3=0 D4=8403600 D5=842184D8 D6=842184D8 D7=100500 A0=80080 A1=10892C A2=4ABB4 A3=108FAA A4=100500 A5=108000 A6=10BA1E PC=48CE -- 0048CE: move.w  ($70,A4), D1
D0=F0071 D1=1B D2=108100 D3=0 D4=8403600 D5=842184D8 D6=842184D8 D7=100500 A0=80080 A1=10892C A2=4ABB4 A3=108FAA A4=100500 A5=108000 A6=10BA1E PC=48D2 -- 0048D2: add.w   D1, D1
D0=F0071 D1=36 D2=108100 D3=0 D4=8403600 D5=842184D8 D6=842184D8 D7=100500 A0=80080 A1=10892C A2=4ABB4 A3=108FAA A4=100500 A5=108000 A6=10BA1E PC=48D4 -- 0048D4: add.w   D1, D1
D0=F0071 D1=6C D2=108100 D3=0 D4=8403600 D5=842184D8 D6=842184D8 D7=100500 A0=80080 A1=10892C A2=4ABB4 A3=108FAA A4=100500 A5=108000 A6=10BA1E PC=48D6 -- 0048D6: movea.l (A0,D1.w), A0
D0=F0071 D1=6C D2=108100 D3=0 D4=8403600 D5=842184D8 D6=842184D8 D7=100500 A0=95200 A1=10892C A2=4ABB4 A3=108FAA A4=100500 A5=108000 A6=10BA1E PC=48DA -- 0048DA: add.w   D0, D0
D0=F00E2 D1=6C D2=108100 D3=0 D4=8403600 D5=842184D8 D6=842184D8 D7=100500 A0=95200 A1=10892C A2=4ABB4 A3=108FAA A4=100500 A5=108000 A6=10BA1E PC=48DC -- 0048DC: add.w   D0, D0
D0=F01C4 D1=6C D2=108100 D3=0 D4=8403600 D5=842184D8 D6=842184D8 D7=100500 A0=95200 A1=10892C A2=4ABB4 A3=108FAA A4=100500 A5=108000 A6=10BA1E PC=48DE -- 0048DE: move.l  (A0,D0.w), ($28,A4)
D0=F01C4 D1=6C D2=108100 D3=0 D4=8403600 D5=842184D8 D6=842184D8 D7=100500 A0=95200 A1=10892C A2=4ABB4 A3=108FAA A4=100500 A5=108000 A6=10BA1E PC=48E4 -- 0048E4: rts
D0=F01C4 D1=6C D2=108100 D3=0 D4=8403600 D5=842184D8 D6=842184D8 D7=100500 A0=95200 A1=10892C A2=4ABB4 A3=108FAA A4=100500 A5=108000 A6=10BA1E PC=3E7C -- 003E7C: bra     $481a
D0=F01C4 D1=6C D2=108100 D3=0 D4=8403600 D5=842184D8 D6=842184D8 D7=100500 A0=95200 A1=10892C A2=4ABB4 A3=108FAA A4=100500 A5=108000 A6=10BA1E PC=481A -- 00481A: addq.w  #1, ($e3a,A5)
D0=F01C4 D1=6C D2=108100 D3=0 D4=8403600 D5=842184D8 D6=842184D8 D7=100500 A0=95200 A1=10892C A2=4ABB4 A3=108FAA A4=100500 A5=108000 A6=10BA1E PC=481E -- 00481E: lea     ($838,A5), A1
D0=F01C4 D1=6C D2=108100 D3=0 D4=8403600 D5=842184D8 D6=842184D8 D7=100500 A0=95200 A1=108838 A2=4ABB4 A3=108FAA A4=100500 A5=108000 A6=10BA1E PC=4822 -- 004822: move.w  ($2c,A4), D0
D0=F006B D1=6C D2=108100 D3=0 D4=8403600 D5=842184D8 D6=842184D8 D7=100500 A0=95200 A1=108838 A2=4ABB4 A3=108FAA A4=100500 A5=108000 A6=10BA1E PC=4826 -- 004826: move.w  D0, D1
D0=F006B D1=6B D2=108100 D3=0 D4=8403600 D5=842184D8 D6=842184D8 D7=100500 A0=95200 A1=108838 A2=4ABB4 A3=108FAA A4=100500 A5=108000 A6=10BA1E PC=4828 -- 004828: add.w   D1, D1
D0=F006B D1=D6 D2=108100 D3=0 D4=8403600 D5=842184D8 D6=842184D8 D7=100500 A0=95200 A1=108838 A2=4ABB4 A3=108FAA A4=100500 A5=108000 A6=10BA1E PC=482A -- 00482A: adda.w  D1, A1
D0=F006B D1=D6 D2=108100 D3=0 D4=8403600 D5=842184D8 D6=842184D8 D7=100500 A0=95200 A1=10890E A2=4ABB4 A3=108FAA A4=100500 A5=108000 A6=10BA1E PC=482C -- 00482C: cmp.w   ($e38,A5), D1
D0=F006B D1=D6 D2=108100 D3=0 D4=8403600 D5=842184D8 D6=842184D8 D7=100500 A0=95200 A1=10890E A2=4ABB4 A3=108FAA A4=100500 A5=108000 A6=10BA1E PC=4830 -- 004830: bhi     $4836
D0=F006B D1=D6 D2=108100 D3=0 D4=8403600 D5=842184D8 D6=842184D8 D7=100500 A0=95200 A1=10890E A2=4ABB4 A3=108FAA A4=100500 A5=108000 A6=10BA1E PC=4832 -- 004832: move.w  D1, ($e38,A5)
D0=F006B D1=D6 D2=108100 D3=0 D4=8403600 D5=842184D8 D6=842184D8 D7=100500 A0=95200 A1=10890E A2=4ABB4 A3=108FAA A4=100500 A5=108000 A6=10BA1E PC=4836 -- 004836: move.w  (A1)+, D1
D0=F006B D1=0 D2=108100 D3=0 D4=8403600 D5=842184D8 D6=842184D8 D7=100500 A0=95200 A1=108910 A2=4ABB4 A3=108FAA A4=100500 A5=108000 A6=10BA1E PC=4838 -- 004838: beq     $485a
D0=F006B D1=0 D2=108100 D3=0 D4=8403600 D5=842184D8 D6=842184D8 D7=100500 A0=95200 A1=108910 A2=4ABB4 A3=108FAA A4=100500 A5=108000 A6=10BA1E PC=485A -- 00485A: move.w  A4, (-$2,A1)
D0=F006B D1=0 D2=108100 D3=0 D4=8403600 D5=842184D8 D6=842184D8 D7=100500 A0=95200 A1=108910 A2=4ABB4 A3=108FAA A4=100500 A5=108000 A6=10BA1E PC=485E -- 00485E: rts
D0=F006B D1=0 D2=108100 D3=0 D4=8403600 D5=842184D8 D6=842184D8 D7=100500 A0=95200 A1=108910 A2=4ABB4 A3=108FAA A4=100500 A5=108000 A6=10BA1E PC=32B3C -- 032B3C: move.l  A4, D7
D0=F006B D1=0 D2=108100 D3=0 D4=8403600 D5=842184D8 D6=842184D8 D7=100500 A0=95200 A1=108910 A2=4ABB4 A3=108FAA A4=100500 A5=108000 A6=10BA1E PC=32B3E -- 032B3E: move.w  ($4,A4), D7
D0=F006B D1=0 D2=108100 D3=0 D4=8403600 D5=842184D8 D6=842184D8 D7=100700 A0=95200 A1=108910 A2=4ABB4 A3=108FAA A4=100500 A5=108000 A6=10BA1E PC=32B42 -- 032B42: bpl     $32b36
D0=F006B D1=0 D2=108100 D3=0 D4=8403600 D5=842184D8 D6=842184D8 D7=100700 A0=95200 A1=108910 A2=4ABB4 A3=108FAA A4=100500 A5=108000 A6=10BA1E PC=32B36 -- 032B36: movea.l D7, A4
D0=F006B D1=0 D2=108100 D3=0 D4=8403600 D5=842184D8 D6=842184D8 D7=100700 A0=95200 A1=108910 A2=4ABB4 A3=108FAA A4=100700 A5=108000 A6=10BA1E PC=32B38 -- 032B38: movea.l (A4), A0
D0=F006B D1=0 D2=108100 D3=0 D4=8403600 D5=842184D8 D6=842184D8 D7=100700 A0=37CBA A1=108910 A2=4ABB4 A3=108FAA A4=100700 A5=108000 A6=10BA1E PC=32B3A -- 032B3A: jsr     (A0)
D0=F006B D1=0 D2=108100 D3=0 D4=8403600 D5=842184D8 D6=842184D8 D7=100700 A0=37CBA A1=108910 A2=4ABB4 A3=108FAA A4=100700 A5=108000 A6=10BA1E PC=37CBA -- 037CBA: move.w  ($d0,A4), D0
D0=F0003 D1=0 D2=108100 D3=0 D4=8403600 D5=842184D8 D6=842184D8 D7=100700 A0=37CBA A1=108910 A2=4ABB4 A3=108FAA A4=100700 A5=108000 A6=10BA1E PC=37CBE -- 037CBE: movea.l ($84,A4), A0
D0=F0003 D1=0 D2=108100 D3=0 D4=8403600 D5=842184D8 D6=842184D8 D7=100700 A0=108584 A1=108910 A2=4ABB4 A3=108FAA A4=100700 A5=108000 A6=10BA1E PC=37CC2 -- 037CC2: btst    D0, ($cf,A0)
D0=F0003 D1=0 D2=108100 D3=0 D4=8403600 D5=842184D8 D6=842184D8 D7=100700 A0=108584 A1=108910 A2=4ABB4 A3=108FAA A4=100700 A5=108000 A6=10BA1E PC=37CC6 -- 037CC6: beq     $36eac
D0=F0003 D1=0 D2=108100 D3=0 D4=8403600 D5=842184D8 D6=842184D8 D7=100700 A0=108584 A1=108910 A2=4ABB4 A3=108FAA A4=100700 A5=108000 A6=10BA1E PC=36EAC -- 036EAC: jsr     $48e6.w
D0=F0003 D1=0 D2=108100 D3=0 D4=8403600 D5=842184D8 D6=842184D8 D7=100700 A0=108584 A1=108910 A2=4ABB4 A3=108FAA A4=100700 A5=108000 A6=10BA1E PC=48E6 -- 0048E6: move.w  ($70,A4), D0
D0=F001B D1=0 D2=108100 D3=0 D4=8403600 D5=842184D8 D6=842184D8 D7=100700 A0=108584 A1=108910 A2=4ABB4 A3=108FAA A4=100700 A5=108000 A6=10BA1E PC=48EA -- 0048EA: cmp.b   ($78,A4), D0
D0=F001B D1=0 D2=108100 D3=0 D4=8403600 D5=842184D8 D6=842184D8 D7=100700 A0=108584 A1=108910 A2=4ABB4 A3=108FAA A4=100700 A5=108000 A6=10BA1E PC=48EE -- 0048EE: bne     $491c
D0=F001B D1=0 D2=108100 D3=0 D4=8403600 D5=842184D8 D6=842184D8 D7=100700 A0=108584 A1=108910 A2=4ABB4 A3=108FAA A4=100700 A5=108000 A6=10BA1E PC=48F0 -- 0048F0: move.w  ($72,A4), D0
D0=F0037 D1=0 D2=108100 D3=0 D4=8403600 D5=842184D8 D6=842184D8 D7=100700 A0=108584 A1=108910 A2=4ABB4 A3=108FAA A4=100700 A5=108000 A6=10BA1E PC=48F4 -- 0048F4: cmp.b   ($79,A4), D0
D0=F0037 D1=0 D2=108100 D3=0 D4=8403600 D5=842184D8 D6=842184D8 D7=100700 A0=108584 A1=108910 A2=4ABB4 A3=108FAA A4=100700 A5=108000 A6=10BA1E PC=48F8 -- 0048F8: bne     $493c
D0=F0037 D1=0 D2=108100 D3=0 D4=8403600 D5=842184D8 D6=842184D8 D7=100700 A0=108584 A1=108910 A2=4ABB4 A3=108FAA A4=100700 A5=108000 A6=10BA1E PC=48FA -- 0048FA: tst.b   ($77,A4)
D0=F0037 D1=0 D2=108100 D3=0 D4=8403600 D5=842184D8 D6=842184D8 D7=100700 A0=108584 A1=108910 A2=4ABB4 A3=108FAA A4=100700 A5=108000 A6=10BA1E PC=48FE -- 0048FE: bne     $495c
D0=F0037 D1=0 D2=108100 D3=0 D4=8403600 D5=842184D8 D6=842184D8 D7=100700 A0=108584 A1=108910 A2=4ABB4 A3=108FAA A4=100700 A5=108000 A6=10BA1E PC=4900 -- 004900: tst.b   ($7a,A4)
D0=F0037 D1=0 D2=108100 D3=0 D4=8403600 D5=842184D8 D6=842184D8 D7=100700 A0=108584 A1=108910 A2=4ABB4 A3=108FAA A4=100700 A5=108000 A6=10BA1E PC=4904 -- 004904: bmi     $491a
D0=F0037 D1=0 D2=108100 D3=0 D4=8403600 D5=842184D8 D6=842184D8 D7=100700 A0=108584 A1=108910 A2=4ABB4 A3=108FAA A4=100700 A5=108000 A6=10BA1E PC=491A -- 00491A: rts
D0=F0037 D1=0 D2=108100 D3=0 D4=8403600 D5=842184D8 D6=842184D8 D7=100700 A0=108584 A1=108910 A2=4ABB4 A3=108FAA A4=100700 A5=108000 A6=10BA1E PC=36EB0 -- 036EB0: jmp     $3e2e.w
D0=F0037 D1=0 D2=108100 D3=0 D4=8403600 D5=842184D8 D6=842184D8 D7=100700 A0=108584 A1=108910 A2=4ABB4 A3=108FAA A4=100700 A5=108000 A6=10BA1E PC=3E2E -- 003E2E: tst.w   ($74,A4)
D0=F0037 D1=0 D2=108100 D3=0 D4=8403600 D5=842184D8 D6=842184D8 D7=100700 A0=108584 A1=108910 A2=4ABB4 A3=108FAA A4=100700 A5=108000 A6=10BA1E PC=3E32 -- 003E32: bmi     $3e80
D0=F0037 D1=0 D2=108100 D3=0 D4=8403600 D5=842184D8 D6=842184D8 D7=100700 A0=108584 A1=108910 A2=4ABB4 A3=108FAA A4=100700 A5=108000 A6=10BA1E PC=3E34 -- 003E34: btst    #$6, ($7c,A4)
D0=F0037 D1=0 D2=108100 D3=0 D4=8403600 D5=842184D8 D6=842184D8 D7=100700 A0=108584 A1=108910 A2=4ABB4 A3=108FAA A4=100700 A5=108000 A6=10BA1E PC=3E3A -- 003E3A: bne     $3e78
D0=F0037 D1=0 D2=108100 D3=0 D4=8403600 D5=842184D8 D6=842184D8 D7=100700 A0=108584 A1=108910 A2=4ABB4 A3=108FAA A4=100700 A5=108000 A6=10BA1E PC=3E3E -- 003E3E: moveq   #$0, D3
D0=F0037 D1=0 D2=108100 D3=0 D4=8403600 D5=842184D8 D6=842184D8 D7=100700 A0=108584 A1=108910 A2=4ABB4 A3=108FAA A4=100700 A5=108000 A6=10BA1E PC=3E40 -- 003E40: move.b  ($82,A4), D3
D0=F0037 D1=0 D2=108100 D3=0 D4=8403600 D5=842184D8 D6=842184D8 D7=100700 A0=108584 A1=108910 A2=4ABB4 A3=108FAA A4=100700 A5=108000 A6=10BA1E PC=3E44 -- 003E44: add.w   D3, D3
D0=F0037 D1=0 D2=108100 D3=0 D4=8403600 D5=842184D8 D6=842184D8 D7=100700 A0=108584 A1=108910 A2=4ABB4 A3=108FAA A4=100700 A5=108000 A6=10BA1E PC=3E46 -- 003E46: add.w   D3, D3
D0=F0037 D1=0 D2=108100 D3=0 D4=8403600 D5=842184D8 D6=842184D8 D7=100700 A0=108584 A1=108910 A2=4ABB4 A3=108FAA A4=100700 A5=108000 A6=10BA1E PC=3E48 -- 003E48: move.w  ($18,A4), D0
D0=F00F0 D1=0 D2=108100 D3=0 D4=8403600 D5=842184D8 D6=842184D8 D7=100700 A0=108584 A1=108910 A2=4ABB4 A3=108FAA A4=100700 A5=108000 A6=10BA1E PC=3E4C -- 003E4C: lea     ($104c,A5), A0
D0=F00F0 D1=0 D2=108100 D3=0 D4=8403600 D5=842184D8 D6=842184D8 D7=100700 A0=10904C A1=108910 A2=4ABB4 A3=108FAA A4=100700 A5=108000 A6=10BA1E PC=3E50 -- 003E50: sub.w   (A0,D3.w), D0
D0=F00F0 D1=0 D2=108100 D3=0 D4=8403600 D5=842184D8 D6=842184D8 D7=100700 A0=10904C A1=108910 A2=4ABB4 A3=108FAA A4=100700 A5=108000 A6=10BA1E PC=3E54 -- 003E54: addi.w  #$30, D0
D0=F0120 D1=0 D2=108100 D3=0 D4=8403600 D5=842184D8 D6=842184D8 D7=100700 A0=10904C A1=108910 A2=4ABB4 A3=108FAA A4=100700 A5=108000 A6=10BA1E PC=3E58 -- 003E58: cmpi.w  #$1a0, D0
D0=F0120 D1=0 D2=108100 D3=0 D4=8403600 D5=842184D8 D6=842184D8 D7=100700 A0=10904C A1=108910 A2=4ABB4 A3=108FAA A4=100700 A5=108000 A6=10BA1E PC=3E5C -- 003E5C: bls     $3e60
D0=F0120 D1=0 D2=108100 D3=0 D4=8403600 D5=842184D8 D6=842184D8 D7=100700 A0=10904C A1=108910 A2=4ABB4 A3=108FAA A4=100700 A5=108000 A6=10BA1E PC=3E60 -- 003E60: move.w  ($1c,A4), D0
D0=F0078 D1=0 D2=108100 D3=0 D4=8403600 D5=842184D8 D6=842184D8 D7=100700 A0=10904C A1=108910 A2=4ABB4 A3=108FAA A4=100700 A5=108000 A6=10BA1E PC=3E64 -- 003E64: sub.w   ($20,A4), D0
D0=F0078 D1=0 D2=108100 D3=0 D4=8403600 D5=842184D8 D6=842184D8 D7=100700 A0=10904C A1=108910 A2=4ABB4 A3=108FAA A4=100700 A5=108000 A6=10BA1E PC=3E68 -- 003E68: lea     ($1058,A5), A0
D0=F0078 D1=0 D2=108100 D3=0 D4=8403600 D5=842184D8 D6=842184D8 D7=100700 A0=109058 A1=108910 A2=4ABB4 A3=108FAA A4=100700 A5=108000 A6=10BA1E PC=3E6C -- 003E6C: sub.w   (A0,D3.w), D0
D0=F0078 D1=0 D2=108100 D3=0 D4=8403600 D5=842184D8 D6=842184D8 D7=100700 A0=109058 A1=108910 A2=4ABB4 A3=108FAA A4=100700 A5=108000 A6=10BA1E PC=3E70 -- 003E70: cmpi.w  #$1c0, D0
D0=F0078 D1=0 D2=108100 D3=0 D4=8403600 D5=842184D8 D6=842184D8 D7=100700 A0=109058 A1=108910 A2=4ABB4 A3=108FAA A4=100700 A5=108000 A6=10BA1E PC=3E74 -- 003E74: bls     $3e78
D0=F0078 D1=0 D2=108100 D3=0 D4=8403600 D5=842184D8 D6=842184D8 D7=100700 A0=109058 A1=108910 A2=4ABB4 A3=108FAA A4=100700 A5=108000 A6=10BA1E PC=3E78 -- 003E78: bsr     $4860
D0=F0078 D1=0 D2=108100 D3=0 D4=8403600 D5=842184D8 D6=842184D8 D7=100700 A0=109058 A1=108910 A2=4ABB4 A3=108FAA A4=100700 A5=108000 A6=10BA1E PC=4860 -- 004860: lea     $7bf48.l, A0
D0=F0078 D1=0 D2=108100 D3=0 D4=8403600 D5=842184D8 D6=842184D8 D7=100700 A0=7BF48 A1=108910 A2=4ABB4 A3=108FAA A4=100700 A5=108000 A6=10BA1E PC=4866 -- 004866: move.w  ($70,A4), D0
D0=F001B D1=0 D2=108100 D3=0 D4=8403600 D5=842184D8 D6=842184D8 D7=100700 A0=7BF48 A1=108910 A2=4ABB4 A3=108FAA A4=100700 A5=108000 A6=10BA1E PC=486A -- 00486A: add.w   D0, D0
D0=F0036 D1=0 D2=108100 D3=0 D4=8403600 D5=842184D8 D6=842184D8 D7=100700 A0=7BF48 A1=108910 A2=4ABB4 A3=108FAA A4=100700 A5=108000 A6=10BA1E PC=486C -- 00486C: add.w   D0, D0
D0=F006C D1=0 D2=108100 D3=0 D4=8403600 D5=842184D8 D6=842184D8 D7=100700 A0=7BF48 A1=108910 A2=4ABB4 A3=108FAA A4=100700 A5=108000 A6=10BA1E PC=486E -- 00486E: movea.l (A0,D0.w), A0
D0=F006C D1=0 D2=108100 D3=0 D4=8403600 D5=842184D8 D6=842184D8 D7=100700 A0=7F5E0 A1=108910 A2=4ABB4 A3=108FAA A4=100700 A5=108000 A6=10BA1E PC=4872 -- 004872: move.w  ($72,A4), D0
D0=F0037 D1=0 D2=108100 D3=0 D4=8403600 D5=842184D8 D6=842184D8 D7=100700 A0=7F5E0 A1=108910 A2=4ABB4 A3=108FAA A4=100700 A5=108000 A6=10BA1E PC=4876 -- 004876: add.w   D0, D0
D0=F006E D1=0 D2=108100 D3=0 D4=8403600 D5=842184D8 D6=842184D8 D7=100700 A0=7F5E0 A1=108910 A2=4ABB4 A3=108FAA A4=100700 A5=108000 A6=10BA1E PC=4878 -- 004878: move.w  (A0,D0.w), D1
D0=F006E D1=3737 D2=108100 D3=0 D4=8403600 D5=842184D8 D6=842184D8 D7=100700 A0=7F5E0 A1=108910 A2=4ABB4 A3=108FAA A4=100700 A5=108000 A6=10BA1E PC=487C -- 00487C: move.w  D1, ($46de,A5)
D0=F006E D1=3737 D2=108100 D3=0 D4=8403600 D5=842184D8 D6=842184D8 D7=100700 A0=7F5E0 A1=108910 A2=4ABB4 A3=108FAA A4=100700 A5=108000 A6=10BA1E PC=4880 -- 004880: lea     $80000.l, A0
D0=F006E D1=3737 D2=108100 D3=0 D4=8403600 D5=842184D8 D6=842184D8 D7=100700 A0=80000 A1=108910 A2=4ABB4 A3=108FAA A4=100700 A5=108000 A6=10BA1E PC=4886 -- 004886: move.w  ($70,A4), D0
D0=F001B D1=3737 D2=108100 D3=0 D4=8403600 D5=842184D8 D6=842184D8 D7=100700 A0=80000 A1=108910 A2=4ABB4 A3=108FAA A4=100700 A5=108000 A6=10BA1E PC=488A -- 00488A: add.w   D0, D0
D0=F0036 D1=3737 D2=108100 D3=0 D4=8403600 D5=842184D8 D6=842184D8 D7=100700 A0=80000 A1=108910 A2=4ABB4 A3=108FAA A4=100700 A5=108000 A6=10BA1E PC=488C -- 00488C: add.w   D0, D0
D0=F006C D1=3737 D2=108100 D3=0 D4=8403600 D5=842184D8 D6=842184D8 D7=100700 A0=80000 A1=108910 A2=4ABB4 A3=108FAA A4=100700 A5=108000 A6=10BA1E PC=488E -- 00488E: movea.l (A0,D0.w), A0
D0=F006C D1=3737 D2=108100 D3=0 D4=8403600 D5=842184D8 D6=842184D8 D7=100700 A0=86E00 A1=108910 A2=4ABB4 A3=108FAA A4=100700 A5=108000 A6=10BA1E PC=4892 -- 004892: move.w  ($46de,A5), D0
D0=F3737 D1=3737 D2=108100 D3=0 D4=8403600 D5=842184D8 D6=842184D8 D7=100700 A0=86E00 A1=108910 A2=4ABB4 A3=108FAA A4=100700 A5=108000 A6=10BA1E PC=4896 -- 004896: tst.b   ($46e2,A5)
D0=F3737 D1=3737 D2=108100 D3=0 D4=8403600 D5=842184D8 D6=842184D8 D7=100700 A0=86E00 A1=108910 A2=4ABB4 A3=108FAA A4=100700 A5=108000 A6=10BA1E PC=489A -- 00489A: beq     $48a0
D0=F3737 D1=3737 D2=108100 D3=0 D4=8403600 D5=842184D8 D6=842184D8 D7=100700 A0=86E00 A1=108910 A2=4ABB4 A3=108FAA A4=100700 A5=108000 A6=10BA1E PC=48A0 -- 0048A0: andi.w  #$ff, D0
D0=F0037 D1=3737 D2=108100 D3=0 D4=8403600 D5=842184D8 D6=842184D8 D7=100700 A0=86E00 A1=108910 A2=4ABB4 A3=108FAA A4=100700 A5=108000 A6=10BA1E PC=48A4 -- 0048A4: add.w   D0, D0
D0=F006E D1=3737 D2=108100 D3=0 D4=8403600 D5=842184D8 D6=842184D8 D7=100700 A0=86E00 A1=108910 A2=4ABB4 A3=108FAA A4=100700 A5=108000 A6=10BA1E PC=48A6 -- 0048A6: add.w   D0, D0
D0=F00DC D1=3737 D2=108100 D3=0 D4=8403600 D5=842184D8 D6=842184D8 D7=100700 A0=86E00 A1=108910 A2=4ABB4 A3=108FAA A4=100700 A5=108000 A6=10BA1E PC=48A8 -- 0048A8: movea.l (A0,D0.w), A0
D0=F00DC D1=3737 D2=108100 D3=0 D4=8403600 D5=842184D8 D6=842184D8 D7=100700 A0=F310A A1=108910 A2=4ABB4 A3=108FAA A4=100700 A5=108000 A6=10BA1E PC=48AC -- 0048AC: move.w  ($74,A4), D0
D0=F0000 D1=3737 D2=108100 D3=0 D4=8403600 D5=842184D8 D6=842184D8 D7=100700 A0=F310A A1=108910 A2=4ABB4 A3=108FAA A4=100700 A5=108000 A6=10BA1E PC=48B0 -- 0048B0: adda.w  D0, A0
D0=F0000 D1=3737 D2=108100 D3=0 D4=8403600 D5=842184D8 D6=842184D8 D7=100700 A0=F310A A1=108910 A2=4ABB4 A3=108FAA A4=100700 A5=108000 A6=10BA1E PC=48B2 -- 0048B2: move.l  (A0), D0
D0=10F1104 D1=3737 D2=108100 D3=0 D4=8403600 D5=842184D8 D6=842184D8 D7=100700 A0=F310A A1=108910 A2=4ABB4 A3=108FAA A4=100700 A5=108000 A6=10BA1E PC=48B4 -- 0048B4: andi.l  #$ffffff, D0
D0=F1104 D1=3737 D2=108100 D3=0 D4=8403600 D5=842184D8 D6=842184D8 D7=100700 A0=F310A A1=108910 A2=4ABB4 A3=108FAA A4=100700 A5=108000 A6=10BA1E PC=48BA -- 0048BA: movea.l D0, A0
D0=F1104 D1=3737 D2=108100 D3=0 D4=8403600 D5=842184D8 D6=842184D8 D7=100700 A0=F1104 A1=108910 A2=4ABB4 A3=108FAA A4=100700 A5=108000 A6=10BA1E PC=48BC -- 0048BC: move.w  ($4,A0), D0
D0=F0073 D1=3737 D2=108100 D3=0 D4=8403600 D5=842184D8 D6=842184D8 D7=100700 A0=F1104 A1=108910 A2=4ABB4 A3=108FAA A4=100700 A5=108000 A6=10BA1E PC=48C0 -- 0048C0: andi.w  #$1fff, D0
D0=F0073 D1=3737 D2=108100 D3=0 D4=8403600 D5=842184D8 D6=842184D8 D7=100700 A0=F1104 A1=108910 A2=4ABB4 A3=108FAA A4=100700 A5=108000 A6=10BA1E PC=48C4 -- 0048C4: move.w  D0, ($46e0,A5)
D0=F0073 D1=3737 D2=108100 D3=0 D4=8403600 D5=842184D8 D6=842184D8 D7=100700 A0=F1104 A1=108910 A2=4ABB4 A3=108FAA A4=100700 A5=108000 A6=10BA1E PC=48C8 -- 0048C8: lea     $80080.l, A0
D0=F0073 D1=3737 D2=108100 D3=0 D4=8403600 D5=842184D8 D6=842184D8 D7=100700 A0=80080 A1=108910 A2=4ABB4 A3=108FAA A4=100700 A5=108000 A6=10BA1E PC=48CE -- 0048CE: move.w  ($70,A4), D1
D0=F0073 D1=1B D2=108100 D3=0 D4=8403600 D5=842184D8 D6=842184D8 D7=100700 A0=80080 A1=108910 A2=4ABB4 A3=108FAA A4=100700 A5=108000 A6=10BA1E PC=48D2 -- 0048D2: add.w   D1, D1
D0=F0073 D1=36 D2=108100 D3=0 D4=8403600 D5=842184D8 D6=842184D8 D7=100700 A0=80080 A1=108910 A2=4ABB4 A3=108FAA A4=100700 A5=108000 A6=10BA1E PC=48D4 -- 0048D4: add.w   D1, D1
D0=F0073 D1=6C D2=108100 D3=0 D4=8403600 D5=842184D8 D6=842184D8 D7=100700 A0=80080 A1=108910 A2=4ABB4 A3=108FAA A4=100700 A5=108000 A6=10BA1E PC=48D6 -- 0048D6: movea.l (A0,D1.w), A0
D0=F0073 D1=6C D2=108100 D3=0 D4=8403600 D5=842184D8 D6=842184D8 D7=100700 A0=95200 A1=108910 A2=4ABB4 A3=108FAA A4=100700 A5=108000 A6=10BA1E PC=48DA -- 0048DA: add.w   D0, D0
D0=F00E6 D1=6C D2=108100 D3=0 D4=8403600 D5=842184D8 D6=842184D8 D7=100700 A0=95200 A1=108910 A2=4ABB4 A3=108FAA A4=100700 A5=108000 A6=10BA1E PC=48DC -- 0048DC: add.w   D0, D0
D0=F01CC D1=6C D2=108100 D3=0 D4=8403600 D5=842184D8 D6=842184D8 D7=100700 A0=95200 A1=108910 A2=4ABB4 A3=108FAA A4=100700 A5=108000 A6=10BA1E PC=48DE -- 0048DE: move.l  (A0,D0.w), ($28,A4)
D0=F01CC D1=6C D2=108100 D3=0 D4=8403600 D5=842184D8 D6=842184D8 D7=100700 A0=95200 A1=108910 A2=4ABB4 A3=108FAA A4=100700 A5=108000 A6=10BA1E PC=48E4 -- 0048E4: rts
D0=F01CC D1=6C D2=108100 D3=0 D4=8403600 D5=842184D8 D6=842184D8 D7=100700 A0=95200 A1=108910 A2=4ABB4 A3=108FAA A4=100700 A5=108000 A6=10BA1E PC=3E7C -- 003E7C: bra     $481a
D0=F01CC D1=6C D2=108100 D3=0 D4=8403600 D5=842184D8 D6=842184D8 D7=100700 A0=95200 A1=108910 A2=4ABB4 A3=108FAA A4=100700 A5=108000 A6=10BA1E PC=481A -- 00481A: addq.w  #1, ($e3a,A5)
D0=F01CC D1=6C D2=108100 D3=0 D4=8403600 D5=842184D8 D6=842184D8 D7=100700 A0=95200 A1=108910 A2=4ABB4 A3=108FAA A4=100700 A5=108000 A6=10BA1E PC=481E -- 00481E: lea     ($838,A5), A1
D0=F01CC D1=6C D2=108100 D3=0 D4=8403600 D5=842184D8 D6=842184D8 D7=100700 A0=95200 A1=108838 A2=4ABB4 A3=108FAA A4=100700 A5=108000 A6=10BA1E PC=4822 -- 004822: move.w  ($2c,A4), D0
D0=F006A D1=6C D2=108100 D3=0 D4=8403600 D5=842184D8 D6=842184D8 D7=100700 A0=95200 A1=108838 A2=4ABB4 A3=108FAA A4=100700 A5=108000 A6=10BA1E PC=4826 -- 004826: move.w  D0, D1
D0=F006A D1=6A D2=108100 D3=0 D4=8403600 D5=842184D8 D6=842184D8 D7=100700 A0=95200 A1=108838 A2=4ABB4 A3=108FAA A4=100700 A5=108000 A6=10BA1E PC=4828 -- 004828: add.w   D1, D1
D0=F006A D1=D4 D2=108100 D3=0 D4=8403600 D5=842184D8 D6=842184D8 D7=100700 A0=95200 A1=108838 A2=4ABB4 A3=108FAA A4=100700 A5=108000 A6=10BA1E PC=482A -- 00482A: adda.w  D1, A1
D0=F006A D1=D4 D2=108100 D3=0 D4=8403600 D5=842184D8 D6=842184D8 D7=100700 A0=95200 A1=10890C A2=4ABB4 A3=108FAA A4=100700 A5=108000 A6=10BA1E PC=482C -- 00482C: cmp.w   ($e38,A5), D1
D0=F006A D1=D4 D2=108100 D3=0 D4=8403600 D5=842184D8 D6=842184D8 D7=100700 A0=95200 A1=10890C A2=4ABB4 A3=108FAA A4=100700 A5=108000 A6=10BA1E PC=4830 -- 004830: bhi     $4836
D0=F006A D1=D4 D2=108100 D3=0 D4=8403600 D5=842184D8 D6=842184D8 D7=100700 A0=95200 A1=10890C A2=4ABB4 A3=108FAA A4=100700 A5=108000 A6=10BA1E PC=4832 -- 004832: move.w  D1, ($e38,A5)
D0=F006A D1=D4 D2=108100 D3=0 D4=8403600 D5=842184D8 D6=842184D8 D7=100700 A0=95200 A1=10890C A2=4ABB4 A3=108FAA A4=100700 A5=108000 A6=10BA1E PC=4836 -- 004836: move.w  (A1)+, D1
D0=F006A D1=0 D2=108100 D3=0 D4=8403600 D5=842184D8 D6=842184D8 D7=100700 A0=95200 A1=10890E A2=4ABB4 A3=108FAA A4=100700 A5=108000 A6=10BA1E PC=4838 -- 004838: beq     $485a
D0=F006A D1=0 D2=108100 D3=0 D4=8403600 D5=842184D8 D6=842184D8 D7=100700 A0=95200 A1=10890E A2=4ABB4 A3=108FAA A4=100700 A5=108000 A6=10BA1E PC=485A -- 00485A: move.w  A4, (-$2,A1)
D0=F006A D1=0 D2=108100 D3=0 D4=8403600 D5=842184D8 D6=842184D8 D7=100700 A0=95200 A1=10890E A2=4ABB4 A3=108FAA A4=100700 A5=108000 A6=10BA1E PC=485E -- 00485E: rts
D0=F006A D1=0 D2=108100 D3=0 D4=8403600 D5=842184D8 D6=842184D8 D7=100700 A0=95200 A1=10890E A2=4ABB4 A3=108FAA A4=100700 A5=108000 A6=10BA1E PC=32B3C -- 032B3C: move.l  A4, D7
D0=F006A D1=0 D2=108100 D3=0 D4=8403600 D5=842184D8 D6=842184D8 D7=100700 A0=95200 A1=10890E A2=4ABB4 A3=108FAA A4=100700 A5=108000 A6=10BA1E PC=32B3E -- 032B3E: move.w  ($4,A4), D7
D0=F006A D1=0 D2=108100 D3=0 D4=8403600 D5=842184D8 D6=842184D8 D7=100900 A0=95200 A1=10890E A2=4ABB4 A3=108FAA A4=100700 A5=108000 A6=10BA1E PC=32B42 -- 032B42: bpl     $32b36
D0=F006A D1=0 D2=108100 D3=0 D4=8403600 D5=842184D8 D6=842184D8 D7=100900 A0=95200 A1=10890E A2=4ABB4 A3=108FAA A4=100700 A5=108000 A6=10BA1E PC=32B36 -- 032B36: movea.l D7, A4
D0=F006A D1=0 D2=108100 D3=0 D4=8403600 D5=842184D8 D6=842184D8 D7=100900 A0=95200 A1=10890E A2=4ABB4 A3=108FAA A4=100900 A5=108000 A6=10BA1E PC=32B38 -- 032B38: movea.l (A4), A0
D0=F006A D1=0 D2=108100 D3=0 D4=8403600 D5=842184D8 D6=842184D8 D7=100900 A0=37CBA A1=10890E A2=4ABB4 A3=108FAA A4=100900 A5=108000 A6=10BA1E PC=32B3A -- 032B3A: jsr     (A0)
D0=F006A D1=0 D2=108100 D3=0 D4=8403600 D5=842184D8 D6=842184D8 D7=100900 A0=37CBA A1=10890E A2=4ABB4 A3=108FAA A4=100900 A5=108000 A6=10BA1E PC=37CBA -- 037CBA: move.w  ($d0,A4), D0
D0=F0003 D1=0 D2=108100 D3=0 D4=8403600 D5=842184D8 D6=842184D8 D7=100900 A0=37CBA A1=10890E A2=4ABB4 A3=108FAA A4=100900 A5=108000 A6=10BA1E PC=37CBE -- 037CBE: movea.l ($84,A4), A0
D0=F0003 D1=0 D2=108100 D3=0 D4=8403600 D5=842184D8 D6=842184D8 D7=100900 A0=108584 A1=10890E A2=4ABB4 A3=108FAA A4=100900 A5=108000 A6=10BA1E PC=37CC2 -- 037CC2: btst    D0, ($cf,A0)
D0=F0003 D1=0 D2=108100 D3=0 D4=8403600 D5=842184D8 D6=842184D8 D7=100900 A0=108584 A1=10890E A2=4ABB4 A3=108FAA A4=100900 A5=108000 A6=10BA1E PC=37CC6 -- 037CC6: beq     $36eac
D0=F0003 D1=0 D2=108100 D3=0 D4=8403600 D5=842184D8 D6=842184D8 D7=100900 A0=108584 A1=10890E A2=4ABB4 A3=108FAA A4=100900 A5=108000 A6=10BA1E PC=36EAC -- 036EAC: jsr     $48e6.w
D0=F0003 D1=0 D2=108100 D3=0 D4=8403600 D5=842184D8 D6=842184D8 D7=100900 A0=108584 A1=10890E A2=4ABB4 A3=108FAA A4=100900 A5=108000 A6=10BA1E PC=48E6 -- 0048E6: move.w  ($70,A4), D0
D0=F001B D1=0 D2=108100 D3=0 D4=8403600 D5=842184D8 D6=842184D8 D7=100900 A0=108584 A1=10890E A2=4ABB4 A3=108FAA A4=100900 A5=108000 A6=10BA1E PC=48EA -- 0048EA: cmp.b   ($78,A4), D0
D0=F001B D1=0 D2=108100 D3=0 D4=8403600 D5=842184D8 D6=842184D8 D7=100900 A0=108584 A1=10890E A2=4ABB4 A3=108FAA A4=100900 A5=108000 A6=10BA1E PC=48EE -- 0048EE: bne     $491c
D0=F001B D1=0 D2=108100 D3=0 D4=8403600 D5=842184D8 D6=842184D8 D7=100900 A0=108584 A1=10890E A2=4ABB4 A3=108FAA A4=100900 A5=108000 A6=10BA1E PC=48F0 -- 0048F0: move.w  ($72,A4), D0
D0=F0036 D1=0 D2=108100 D3=0 D4=8403600 D5=842184D8 D6=842184D8 D7=100900 A0=108584 A1=10890E A2=4ABB4 A3=108FAA A4=100900 A5=108000 A6=10BA1E PC=48F4 -- 0048F4: cmp.b   ($79,A4), D0
D0=F0036 D1=0 D2=108100 D3=0 D4=8403600 D5=842184D8 D6=842184D8 D7=100900 A0=108584 A1=10890E A2=4ABB4 A3=108FAA A4=100900 A5=108000 A6=10BA1E PC=48F8 -- 0048F8: bne     $493c
D0=F0036 D1=0 D2=108100 D3=0 D4=8403600 D5=842184D8 D6=842184D8 D7=100900 A0=108584 A1=10890E A2=4ABB4 A3=108FAA A4=100900 A5=108000 A6=10BA1E PC=48FA -- 0048FA: tst.b   ($77,A4)
D0=F0036 D1=0 D2=108100 D3=0 D4=8403600 D5=842184D8 D6=842184D8 D7=100900 A0=108584 A1=10890E A2=4ABB4 A3=108FAA A4=100900 A5=108000 A6=10BA1E PC=48FE -- 0048FE: bne     $495c
D0=F0036 D1=0 D2=108100 D3=0 D4=8403600 D5=842184D8 D6=842184D8 D7=100900 A0=108584 A1=10890E A2=4ABB4 A3=108FAA A4=100900 A5=108000 A6=10BA1E PC=4900 -- 004900: tst.b   ($7a,A4)
D0=F0036 D1=0 D2=108100 D3=0 D4=8403600 D5=842184D8 D6=842184D8 D7=100900 A0=108584 A1=10890E A2=4ABB4 A3=108FAA A4=100900 A5=108000 A6=10BA1E PC=4904 -- 004904: bmi     $491a
D0=F0036 D1=0 D2=108100 D3=0 D4=8403600 D5=842184D8 D6=842184D8 D7=100900 A0=108584 A1=10890E A2=4ABB4 A3=108FAA A4=100900 A5=108000 A6=10BA1E PC=491A -- 00491A: rts
D0=F0036 D1=0 D2=108100 D3=0 D4=8403600 D5=842184D8 D6=842184D8 D7=100900 A0=108584 A1=10890E A2=4ABB4 A3=108FAA A4=100900 A5=108000 A6=10BA1E PC=36EB0 -- 036EB0: jmp     $3e2e.w
D0=F0036 D1=0 D2=108100 D3=0 D4=8403600 D5=842184D8 D6=842184D8 D7=100900 A0=108584 A1=10890E A2=4ABB4 A3=108FAA A4=100900 A5=108000 A6=10BA1E PC=3E2E -- 003E2E: tst.w   ($74,A4)
D0=F0036 D1=0 D2=108100 D3=0 D4=8403600 D5=842184D8 D6=842184D8 D7=100900 A0=108584 A1=10890E A2=4ABB4 A3=108FAA A4=100900 A5=108000 A6=10BA1E PC=3E32 -- 003E32: bmi     $3e80
D0=F0036 D1=0 D2=108100 D3=0 D4=8403600 D5=842184D8 D6=842184D8 D7=100900 A0=108584 A1=10890E A2=4ABB4 A3=108FAA A4=100900 A5=108000 A6=10BA1E PC=3E34 -- 003E34: btst    #$6, ($7c,A4)
D0=F0036 D1=0 D2=108100 D3=0 D4=8403600 D5=842184D8 D6=842184D8 D7=100900 A0=108584 A1=10890E A2=4ABB4 A3=108FAA A4=100900 A5=108000 A6=10BA1E PC=3E3A -- 003E3A: bne     $3e78
D0=F0036 D1=0 D2=108100 D3=0 D4=8403600 D5=842184D8 D6=842184D8 D7=100900 A0=108584 A1=10890E A2=4ABB4 A3=108FAA A4=100900 A5=108000 A6=10BA1E PC=3E3E -- 003E3E: moveq   #$0, D3
D0=F0036 D1=0 D2=108100 D3=0 D4=8403600 D5=842184D8 D6=842184D8 D7=100900 A0=108584 A1=10890E A2=4ABB4 A3=108FAA A4=100900 A5=108000 A6=10BA1E PC=3E40 -- 003E40: move.b  ($82,A4), D3
D0=F0036 D1=0 D2=108100 D3=0 D4=8403600 D5=842184D8 D6=842184D8 D7=100900 A0=108584 A1=10890E A2=4ABB4 A3=108FAA A4=100900 A5=108000 A6=10BA1E PC=3E44 -- 003E44: add.w   D3, D3
D0=F0036 D1=0 D2=108100 D3=0 D4=8403600 D5=842184D8 D6=842184D8 D7=100900 A0=108584 A1=10890E A2=4ABB4 A3=108FAA A4=100900 A5=108000 A6=10BA1E PC=3E46 -- 003E46: add.w   D3, D3
D0=F0036 D1=0 D2=108100 D3=0 D4=8403600 D5=842184D8 D6=842184D8 D7=100900 A0=108584 A1=10890E A2=4ABB4 A3=108FAA A4=100900 A5=108000 A6=10BA1E PC=3E48 -- 003E48: move.w  ($18,A4), D0
D0=F00F0 D1=0 D2=108100 D3=0 D4=8403600 D5=842184D8 D6=842184D8 D7=100900 A0=108584 A1=10890E A2=4ABB4 A3=108FAA A4=100900 A5=108000 A6=10BA1E PC=3E4C -- 003E4C: lea     ($104c,A5), A0
D0=F00F0 D1=0 D2=108100 D3=0 D4=8403600 D5=842184D8 D6=842184D8 D7=100900 A0=10904C A1=10890E A2=4ABB4 A3=108FAA A4=100900 A5=108000 A6=10BA1E PC=3E50 -- 003E50: sub.w   (A0,D3.w), D0
D0=F00F0 D1=0 D2=108100 D3=0 D4=8403600 D5=842184D8 D6=842184D8 D7=100900 A0=10904C A1=10890E A2=4ABB4 A3=108FAA A4=100900 A5=108000 A6=10BA1E PC=3E54 -- 003E54: addi.w  #$30, D0
D0=F0120 D1=0 D2=108100 D3=0 D4=8403600 D5=842184D8 D6=842184D8 D7=100900 A0=10904C A1=10890E A2=4ABB4 A3=108FAA A4=100900 A5=108000 A6=10BA1E PC=3E58 -- 003E58: cmpi.w  #$1a0, D0
D0=F0120 D1=0 D2=108100 D3=0 D4=8403600 D5=842184D8 D6=842184D8 D7=100900 A0=10904C A1=10890E A2=4ABB4 A3=108FAA A4=100900 A5=108000 A6=10BA1E PC=3E5C -- 003E5C: bls     $3e60
D0=F0120 D1=0 D2=108100 D3=0 D4=8403600 D5=842184D8 D6=842184D8 D7=100900 A0=10904C A1=10890E A2=4ABB4 A3=108FAA A4=100900 A5=108000 A6=10BA1E PC=3E60 -- 003E60: move.w  ($1c,A4), D0
D0=F0068 D1=0 D2=108100 D3=0 D4=8403600 D5=842184D8 D6=842184D8 D7=100900 A0=10904C A1=10890E A2=4ABB4 A3=108FAA A4=100900 A5=108000 A6=10BA1E PC=3E64 -- 003E64: sub.w   ($20,A4), D0
D0=F0068 D1=0 D2=108100 D3=0 D4=8403600 D5=842184D8 D6=842184D8 D7=100900 A0=10904C A1=10890E A2=4ABB4 A3=108FAA A4=100900 A5=108000 A6=10BA1E PC=3E68 -- 003E68: lea     ($1058,A5), A0
D0=F0068 D1=0 D2=108100 D3=0 D4=8403600 D5=842184D8 D6=842184D8 D7=100900 A0=109058 A1=10890E A2=4ABB4 A3=108FAA A4=100900 A5=108000 A6=10BA1E PC=3E6C -- 003E6C: sub.w   (A0,D3.w), D0
D0=F0068 D1=0 D2=108100 D3=0 D4=8403600 D5=842184D8 D6=842184D8 D7=100900 A0=109058 A1=10890E A2=4ABB4 A3=108FAA A4=100900 A5=108000 A6=10BA1E PC=3E70 -- 003E70: cmpi.w  #$1c0, D0
D0=F0068 D1=0 D2=108100 D3=0 D4=8403600 D5=842184D8 D6=842184D8 D7=100900 A0=109058 A1=10890E A2=4ABB4 A3=108FAA A4=100900 A5=108000 A6=10BA1E PC=3E74 -- 003E74: bls     $3e78
D0=F0068 D1=0 D2=108100 D3=0 D4=8403600 D5=842184D8 D6=842184D8 D7=100900 A0=109058 A1=10890E A2=4ABB4 A3=108FAA A4=100900 A5=108000 A6=10BA1E PC=3E78 -- 003E78: bsr     $4860
D0=F0068 D1=0 D2=108100 D3=0 D4=8403600 D5=842184D8 D6=842184D8 D7=100900 A0=109058 A1=10890E A2=4ABB4 A3=108FAA A4=100900 A5=108000 A6=10BA1E PC=4860 -- 004860: lea     $7bf48.l, A0
D0=F0068 D1=0 D2=108100 D3=0 D4=8403600 D5=842184D8 D6=842184D8 D7=100900 A0=7BF48 A1=10890E A2=4ABB4 A3=108FAA A4=100900 A5=108000 A6=10BA1E PC=4866 -- 004866: move.w  ($70,A4), D0
D0=F001B D1=0 D2=108100 D3=0 D4=8403600 D5=842184D8 D6=842184D8 D7=100900 A0=7BF48 A1=10890E A2=4ABB4 A3=108FAA A4=100900 A5=108000 A6=10BA1E PC=486A -- 00486A: add.w   D0, D0
D0=F0036 D1=0 D2=108100 D3=0 D4=8403600 D5=842184D8 D6=842184D8 D7=100900 A0=7BF48 A1=10890E A2=4ABB4 A3=108FAA A4=100900 A5=108000 A6=10BA1E PC=486C -- 00486C: add.w   D0, D0
D0=F006C D1=0 D2=108100 D3=0 D4=8403600 D5=842184D8 D6=842184D8 D7=100900 A0=7BF48 A1=10890E A2=4ABB4 A3=108FAA A4=100900 A5=108000 A6=10BA1E PC=486E -- 00486E: movea.l (A0,D0.w), A0
D0=F006C D1=0 D2=108100 D3=0 D4=8403600 D5=842184D8 D6=842184D8 D7=100900 A0=7F5E0 A1=10890E A2=4ABB4 A3=108FAA A4=100900 A5=108000 A6=10BA1E PC=4872 -- 004872: move.w  ($72,A4), D0
D0=F0036 D1=0 D2=108100 D3=0 D4=8403600 D5=842184D8 D6=842184D8 D7=100900 A0=7F5E0 A1=10890E A2=4ABB4 A3=108FAA A4=100900 A5=108000 A6=10BA1E PC=4876 -- 004876: add.w   D0, D0
D0=F006C D1=0 D2=108100 D3=0 D4=8403600 D5=842184D8 D6=842184D8 D7=100900 A0=7F5E0 A1=10890E A2=4ABB4 A3=108FAA A4=100900 A5=108000 A6=10BA1E PC=4878 -- 004878: move.w  (A0,D0.w), D1
D0=F006C D1=3636 D2=108100 D3=0 D4=8403600 D5=842184D8 D6=842184D8 D7=100900 A0=7F5E0 A1=10890E A2=4ABB4 A3=108FAA A4=100900 A5=108000 A6=10BA1E PC=487C -- 00487C: move.w  D1, ($46de,A5)
D0=F006C D1=3636 D2=108100 D3=0 D4=8403600 D5=842184D8 D6=842184D8 D7=100900 A0=7F5E0 A1=10890E A2=4ABB4 A3=108FAA A4=100900 A5=108000 A6=10BA1E PC=4880 -- 004880: lea     $80000.l, A0
D0=F006C D1=3636 D2=108100 D3=0 D4=8403600 D5=842184D8 D6=842184D8 D7=100900 A0=80000 A1=10890E A2=4ABB4 A3=108FAA A4=100900 A5=108000 A6=10BA1E PC=4886 -- 004886: move.w  ($70,A4), D0
D0=F001B D1=3636 D2=108100 D3=0 D4=8403600 D5=842184D8 D6=842184D8 D7=100900 A0=80000 A1=10890E A2=4ABB4 A3=108FAA A4=100900 A5=108000 A6=10BA1E PC=488A -- 00488A: add.w   D0, D0
D0=F0036 D1=3636 D2=108100 D3=0 D4=8403600 D5=842184D8 D6=842184D8 D7=100900 A0=80000 A1=10890E A2=4ABB4 A3=108FAA A4=100900 A5=108000 A6=10BA1E PC=488C -- 00488C: add.w   D0, D0
D0=F006C D1=3636 D2=108100 D3=0 D4=8403600 D5=842184D8 D6=842184D8 D7=100900 A0=80000 A1=10890E A2=4ABB4 A3=108FAA A4=100900 A5=108000 A6=10BA1E PC=488E -- 00488E: movea.l (A0,D0.w), A0
D0=F006C D1=3636 D2=108100 D3=0 D4=8403600 D5=842184D8 D6=842184D8 D7=100900 A0=86E00 A1=10890E A2=4ABB4 A3=108FAA A4=100900 A5=108000 A6=10BA1E PC=4892 -- 004892: move.w  ($46de,A5), D0
D0=F3636 D1=3636 D2=108100 D3=0 D4=8403600 D5=842184D8 D6=842184D8 D7=100900 A0=86E00 A1=10890E A2=4ABB4 A3=108FAA A4=100900 A5=108000 A6=10BA1E PC=4896 -- 004896: tst.b   ($46e2,A5)
D0=F3636 D1=3636 D2=108100 D3=0 D4=8403600 D5=842184D8 D6=842184D8 D7=100900 A0=86E00 A1=10890E A2=4ABB4 A3=108FAA A4=100900 A5=108000 A6=10BA1E PC=489A -- 00489A: beq     $48a0
D0=F3636 D1=3636 D2=108100 D3=0 D4=8403600 D5=842184D8 D6=842184D8 D7=100900 A0=86E00 A1=10890E A2=4ABB4 A3=108FAA A4=100900 A5=108000 A6=10BA1E PC=48A0 -- 0048A0: andi.w  #$ff, D0
D0=F0036 D1=3636 D2=108100 D3=0 D4=8403600 D5=842184D8 D6=842184D8 D7=100900 A0=86E00 A1=10890E A2=4ABB4 A3=108FAA A4=100900 A5=108000 A6=10BA1E PC=48A4 -- 0048A4: add.w   D0, D0
D0=F006C D1=3636 D2=108100 D3=0 D4=8403600 D5=842184D8 D6=842184D8 D7=100900 A0=86E00 A1=10890E A2=4ABB4 A3=108FAA A4=100900 A5=108000 A6=10BA1E PC=48A6 -- 0048A6: add.w   D0, D0
D0=F00D8 D1=3636 D2=108100 D3=0 D4=8403600 D5=842184D8 D6=842184D8 D7=100900 A0=86E00 A1=10890E A2=4ABB4 A3=108FAA A4=100900 A5=108000 A6=10BA1E PC=48A8 -- 0048A8: movea.l (A0,D0.w), A0
D0=F00D8 D1=3636 D2=108100 D3=0 D4=8403600 D5=842184D8 D6=842184D8 D7=100900 A0=F3102 A1=10890E A2=4ABB4 A3=108FAA A4=100900 A5=108000 A6=10BA1E PC=48AC -- 0048AC: move.w  ($74,A4), D0
D0=F0000 D1=3636 D2=108100 D3=0 D4=8403600 D5=842184D8 D6=842184D8 D7=100900 A0=F3102 A1=10890E A2=4ABB4 A3=108FAA A4=100900 A5=108000 A6=10BA1E PC=48B0 -- 0048B0: adda.w  D0, A0
D0=F0000 D1=3636 D2=108100 D3=0 D4=8403600 D5=842184D8 D6=842184D8 D7=100900 A0=F3102 A1=10890E A2=4ABB4 A3=108FAA A4=100900 A5=108000 A6=10BA1E PC=48B2 -- 0048B2: move.l  (A0), D0
D0=10F10F8 D1=3636 D2=108100 D3=0 D4=8403600 D5=842184D8 D6=842184D8 D7=100900 A0=F3102 A1=10890E A2=4ABB4 A3=108FAA A4=100900 A5=108000 A6=10BA1E PC=48B4 -- 0048B4: andi.l  #$ffffff, D0
D0=F10F8 D1=3636 D2=108100 D3=0 D4=8403600 D5=842184D8 D6=842184D8 D7=100900 A0=F3102 A1=10890E A2=4ABB4 A3=108FAA A4=100900 A5=108000 A6=10BA1E PC=48BA -- 0048BA: movea.l D0, A0
D0=F10F8 D1=3636 D2=108100 D3=0 D4=8403600 D5=842184D8 D6=842184D8 D7=100900 A0=F10F8 A1=10890E A2=4ABB4 A3=108FAA A4=100900 A5=108000 A6=10BA1E PC=48BC -- 0048BC: move.w  ($4,A0), D0
D0=F006F D1=3636 D2=108100 D3=0 D4=8403600 D5=842184D8 D6=842184D8 D7=100900 A0=F10F8 A1=10890E A2=4ABB4 A3=108FAA A4=100900 A5=108000 A6=10BA1E PC=48C0 -- 0048C0: andi.w  #$1fff, D0
D0=F006F D1=3636 D2=108100 D3=0 D4=8403600 D5=842184D8 D6=842184D8 D7=100900 A0=F10F8 A1=10890E A2=4ABB4 A3=108FAA A4=100900 A5=108000 A6=10BA1E PC=48C4 -- 0048C4: move.w  D0, ($46e0,A5)
D0=F006F D1=3636 D2=108100 D3=0 D4=8403600 D5=842184D8 D6=842184D8 D7=100900 A0=F10F8 A1=10890E A2=4ABB4 A3=108FAA A4=100900 A5=108000 A6=10BA1E PC=48C8 -- 0048C8: lea     $80080.l, A0
D0=F006F D1=3636 D2=108100 D3=0 D4=8403600 D5=842184D8 D6=842184D8 D7=100900 A0=80080 A1=10890E A2=4ABB4 A3=108FAA A4=100900 A5=108000 A6=10BA1E PC=48CE -- 0048CE: move.w  ($70,A4), D1
D0=F006F D1=1B D2=108100 D3=0 D4=8403600 D5=842184D8 D6=842184D8 D7=100900 A0=80080 A1=10890E A2=4ABB4 A3=108FAA A4=100900 A5=108000 A6=10BA1E PC=48D2 -- 0048D2: add.w   D1, D1
D0=F006F D1=36 D2=108100 D3=0 D4=8403600 D5=842184D8 D6=842184D8 D7=100900 A0=80080 A1=10890E A2=4ABB4 A3=108FAA A4=100900 A5=108000 A6=10BA1E PC=48D4 -- 0048D4: add.w   D1, D1
D0=F006F D1=6C D2=108100 D3=0 D4=8403600 D5=842184D8 D6=842184D8 D7=100900 A0=80080 A1=10890E A2=4ABB4 A3=108FAA A4=100900 A5=108000 A6=10BA1E PC=48D6 -- 0048D6: movea.l (A0,D1.w), A0
D0=F006F D1=6C D2=108100 D3=0 D4=8403600 D5=842184D8 D6=842184D8 D7=100900 A0=95200 A1=10890E A2=4ABB4 A3=108FAA A4=100900 A5=108000 A6=10BA1E PC=48DA -- 0048DA: add.w   D0, D0
D0=F00DE D1=6C D2=108100 D3=0 D4=8403600 D5=842184D8 D6=842184D8 D7=100900 A0=95200 A1=10890E A2=4ABB4 A3=108FAA A4=100900 A5=108000 A6=10BA1E PC=48DC -- 0048DC: add.w   D0, D0
D0=F01BC D1=6C D2=108100 D3=0 D4=8403600 D5=842184D8 D6=842184D8 D7=100900 A0=95200 A1=10890E A2=4ABB4 A3=108FAA A4=100900 A5=108000 A6=10BA1E PC=48DE -- 0048DE: move.l  (A0,D0.w), ($28,A4)
D0=F01BC D1=6C D2=108100 D3=0 D4=8403600 D5=842184D8 D6=842184D8 D7=100900 A0=95200 A1=10890E A2=4ABB4 A3=108FAA A4=100900 A5=108000 A6=10BA1E PC=48E4 -- 0048E4: rts
D0=F01BC D1=6C D2=108100 D3=0 D4=8403600 D5=842184D8 D6=842184D8 D7=100900 A0=95200 A1=10890E A2=4ABB4 A3=108FAA A4=100900 A5=108000 A6=10BA1E PC=3E7C -- 003E7C: bra     $481a
D0=F01BC D1=6C D2=108100 D3=0 D4=8403600 D5=842184D8 D6=842184D8 D7=100900 A0=95200 A1=10890E A2=4ABB4 A3=108FAA A4=100900 A5=108000 A6=10BA1E PC=481A -- 00481A: addq.w  #1, ($e3a,A5)
D0=F01BC D1=6C D2=108100 D3=0 D4=8403600 D5=842184D8 D6=842184D8 D7=100900 A0=95200 A1=10890E A2=4ABB4 A3=108FAA A4=100900 A5=108000 A6=10BA1E PC=481E -- 00481E: lea     ($838,A5), A1
D0=F01BC D1=6C D2=108100 D3=0 D4=8403600 D5=842184D8 D6=842184D8 D7=100900 A0=95200 A1=108838 A2=4ABB4 A3=108FAA A4=100900 A5=108000 A6=10BA1E PC=4822 -- 004822: move.w  ($2c,A4), D0
D0=F0069 D1=6C D2=108100 D3=0 D4=8403600 D5=842184D8 D6=842184D8 D7=100900 A0=95200 A1=108838 A2=4ABB4 A3=108FAA A4=100900 A5=108000 A6=10BA1E PC=4826 -- 004826: move.w  D0, D1
D0=F0069 D1=69 D2=108100 D3=0 D4=8403600 D5=842184D8 D6=842184D8 D7=100900 A0=95200 A1=108838 A2=4ABB4 A3=108FAA A4=100900 A5=108000 A6=10BA1E PC=4828 -- 004828: add.w   D1, D1
D0=F0069 D1=D2 D2=108100 D3=0 D4=8403600 D5=842184D8 D6=842184D8 D7=100900 A0=95200 A1=108838 A2=4ABB4 A3=108FAA A4=100900 A5=108000 A6=10BA1E PC=482A -- 00482A: adda.w  D1, A1
D0=F0069 D1=D2 D2=108100 D3=0 D4=8403600 D5=842184D8 D6=842184D8 D7=100900 A0=95200 A1=10890A A2=4ABB4 A3=108FAA A4=100900 A5=108000 A6=10BA1E PC=482C -- 00482C: cmp.w   ($e38,A5), D1
D0=F0069 D1=D2 D2=108100 D3=0 D4=8403600 D5=842184D8 D6=842184D8 D7=100900 A0=95200 A1=10890A A2=4ABB4 A3=108FAA A4=100900 A5=108000 A6=10BA1E PC=4830 -- 004830: bhi     $4836
D0=F0069 D1=D2 D2=108100 D3=0 D4=8403600 D5=842184D8 D6=842184D8 D7=100900 A0=95200 A1=10890A A2=4ABB4 A3=108FAA A4=100900 A5=108000 A6=10BA1E PC=4832 -- 004832: move.w  D1, ($e38,A5)
D0=F0069 D1=D2 D2=108100 D3=0 D4=8403600 D5=842184D8 D6=842184D8 D7=100900 A0=95200 A1=10890A A2=4ABB4 A3=108FAA A4=100900 A5=108000 A6=10BA1E PC=4836 -- 004836: move.w  (A1)+, D1
D0=F0069 D1=0 D2=108100 D3=0 D4=8403600 D5=842184D8 D6=842184D8 D7=100900 A0=95200 A1=10890C A2=4ABB4 A3=108FAA A4=100900 A5=108000 A6=10BA1E PC=4838 -- 004838: beq     $485a
D0=F0069 D1=0 D2=108100 D3=0 D4=8403600 D5=842184D8 D6=842184D8 D7=100900 A0=95200 A1=10890C A2=4ABB4 A3=108FAA A4=100900 A5=108000 A6=10BA1E PC=485A -- 00485A: move.w  A4, (-$2,A1)
D0=F0069 D1=0 D2=108100 D3=0 D4=8403600 D5=842184D8 D6=842184D8 D7=100900 A0=95200 A1=10890C A2=4ABB4 A3=108FAA A4=100900 A5=108000 A6=10BA1E PC=485E -- 00485E: rts
D0=F0069 D1=0 D2=108100 D3=0 D4=8403600 D5=842184D8 D6=842184D8 D7=100900 A0=95200 A1=10890C A2=4ABB4 A3=108FAA A4=100900 A5=108000 A6=10BA1E PC=32B3C -- 032B3C: move.l  A4, D7
D0=F0069 D1=0 D2=108100 D3=0 D4=8403600 D5=842184D8 D6=842184D8 D7=100900 A0=95200 A1=10890C A2=4ABB4 A3=108FAA A4=100900 A5=108000 A6=10BA1E PC=32B3E -- 032B3E: move.w  ($4,A4), D7
D0=F0069 D1=0 D2=108100 D3=0 D4=8403600 D5=842184D8 D6=842184D8 D7=100B00 A0=95200 A1=10890C A2=4ABB4 A3=108FAA A4=100900 A5=108000 A6=10BA1E PC=32B42 -- 032B42: bpl     $32b36
D0=F0069 D1=0 D2=108100 D3=0 D4=8403600 D5=842184D8 D6=842184D8 D7=100B00 A0=95200 A1=10890C A2=4ABB4 A3=108FAA A4=100900 A5=108000 A6=10BA1E PC=32B36 -- 032B36: movea.l D7, A4
D0=F0069 D1=0 D2=108100 D3=0 D4=8403600 D5=842184D8 D6=842184D8 D7=100B00 A0=95200 A1=10890C A2=4ABB4 A3=108FAA A4=100B00 A5=108000 A6=10BA1E PC=32B38 -- 032B38: movea.l (A4), A0
D0=F0069 D1=0 D2=108100 D3=0 D4=8403600 D5=842184D8 D6=842184D8 D7=100B00 A0=37CBA A1=10890C A2=4ABB4 A3=108FAA A4=100B00 A5=108000 A6=10BA1E PC=32B3A -- 032B3A: jsr     (A0)
D0=F0069 D1=0 D2=108100 D3=0 D4=8403600 D5=842184D8 D6=842184D8 D7=100B00 A0=37CBA A1=10890C A2=4ABB4 A3=108FAA A4=100B00 A5=108000 A6=10BA1E PC=37CBA -- 037CBA: move.w  ($d0,A4), D0
D0=F0003 D1=0 D2=108100 D3=0 D4=8403600 D5=842184D8 D6=842184D8 D7=100B00 A0=37CBA A1=10890C A2=4ABB4 A3=108FAA A4=100B00 A5=108000 A6=10BA1E PC=37CBE -- 037CBE: movea.l ($84,A4), A0
D0=F0003 D1=0 D2=108100 D3=0 D4=8403600 D5=842184D8 D6=842184D8 D7=100B00 A0=108584 A1=10890C A2=4ABB4 A3=108FAA A4=100B00 A5=108000 A6=10BA1E PC=37CC2 -- 037CC2: btst    D0, ($cf,A0)
D0=F0003 D1=0 D2=108100 D3=0 D4=8403600 D5=842184D8 D6=842184D8 D7=100B00 A0=108584 A1=10890C A2=4ABB4 A3=108FAA A4=100B00 A5=108000 A6=10BA1E PC=37CC6 -- 037CC6: beq     $36eac
D0=F0003 D1=0 D2=108100 D3=0 D4=8403600 D5=842184D8 D6=842184D8 D7=100B00 A0=108584 A1=10890C A2=4ABB4 A3=108FAA A4=100B00 A5=108000 A6=10BA1E PC=36EAC -- 036EAC: jsr     $48e6.w
D0=F0003 D1=0 D2=108100 D3=0 D4=8403600 D5=842184D8 D6=842184D8 D7=100B00 A0=108584 A1=10890C A2=4ABB4 A3=108FAA A4=100B00 A5=108000 A6=10BA1E PC=48E6 -- 0048E6: move.w  ($70,A4), D0
D0=F001B D1=0 D2=108100 D3=0 D4=8403600 D5=842184D8 D6=842184D8 D7=100B00 A0=108584 A1=10890C A2=4ABB4 A3=108FAA A4=100B00 A5=108000 A6=10BA1E PC=48EA -- 0048EA: cmp.b   ($78,A4), D0
D0=F001B D1=0 D2=108100 D3=0 D4=8403600 D5=842184D8 D6=842184D8 D7=100B00 A0=108584 A1=10890C A2=4ABB4 A3=108FAA A4=100B00 A5=108000 A6=10BA1E PC=48EE -- 0048EE: bne     $491c
D0=F001B D1=0 D2=108100 D3=0 D4=8403600 D5=842184D8 D6=842184D8 D7=100B00 A0=108584 A1=10890C A2=4ABB4 A3=108FAA A4=100B00 A5=108000 A6=10BA1E PC=48F0 -- 0048F0: move.w  ($72,A4), D0
D0=F0035 D1=0 D2=108100 D3=0 D4=8403600 D5=842184D8 D6=842184D8 D7=100B00 A0=108584 A1=10890C A2=4ABB4 A3=108FAA A4=100B00 A5=108000 A6=10BA1E PC=48F4 -- 0048F4: cmp.b   ($79,A4), D0
D0=F0035 D1=0 D2=108100 D3=0 D4=8403600 D5=842184D8 D6=842184D8 D7=100B00 A0=108584 A1=10890C A2=4ABB4 A3=108FAA A4=100B00 A5=108000 A6=10BA1E PC=48F8 -- 0048F8: bne     $493c
D0=F0035 D1=0 D2=108100 D3=0 D4=8403600 D5=842184D8 D6=842184D8 D7=100B00 A0=108584 A1=10890C A2=4ABB4 A3=108FAA A4=100B00 A5=108000 A6=10BA1E PC=48FA -- 0048FA: tst.b   ($77,A4)
D0=F0035 D1=0 D2=108100 D3=0 D4=8403600 D5=842184D8 D6=842184D8 D7=100B00 A0=108584 A1=10890C A2=4ABB4 A3=108FAA A4=100B00 A5=108000 A6=10BA1E PC=48FE -- 0048FE: bne     $495c
D0=F0035 D1=0 D2=108100 D3=0 D4=8403600 D5=842184D8 D6=842184D8 D7=100B00 A0=108584 A1=10890C A2=4ABB4 A3=108FAA A4=100B00 A5=108000 A6=10BA1E PC=4900 -- 004900: tst.b   ($7a,A4)
D0=F0035 D1=0 D2=108100 D3=0 D4=8403600 D5=842184D8 D6=842184D8 D7=100B00 A0=108584 A1=10890C A2=4ABB4 A3=108FAA A4=100B00 A5=108000 A6=10BA1E PC=4904 -- 004904: bmi     $491a
D0=F0035 D1=0 D2=108100 D3=0 D4=8403600 D5=842184D8 D6=842184D8 D7=100B00 A0=108584 A1=10890C A2=4ABB4 A3=108FAA A4=100B00 A5=108000 A6=10BA1E PC=491A -- 00491A: rts
D0=F0035 D1=0 D2=108100 D3=0 D4=8403600 D5=842184D8 D6=842184D8 D7=100B00 A0=108584 A1=10890C A2=4ABB4 A3=108FAA A4=100B00 A5=108000 A6=10BA1E PC=36EB0 -- 036EB0: jmp     $3e2e.w
D0=F0035 D1=0 D2=108100 D3=0 D4=8403600 D5=842184D8 D6=842184D8 D7=100B00 A0=108584 A1=10890C A2=4ABB4 A3=108FAA A4=100B00 A5=108000 A6=10BA1E PC=3E2E -- 003E2E: tst.w   ($74,A4)
D0=F0035 D1=0 D2=108100 D3=0 D4=8403600 D5=842184D8 D6=842184D8 D7=100B00 A0=108584 A1=10890C A2=4ABB4 A3=108FAA A4=100B00 A5=108000 A6=10BA1E PC=3E32 -- 003E32: bmi     $3e80
D0=F0035 D1=0 D2=108100 D3=0 D4=8403600 D5=842184D8 D6=842184D8 D7=100B00 A0=108584 A1=10890C A2=4ABB4 A3=108FAA A4=100B00 A5=108000 A6=10BA1E PC=3E34 -- 003E34: btst    #$6, ($7c,A4)
D0=F0035 D1=0 D2=108100 D3=0 D4=8403600 D5=842184D8 D6=842184D8 D7=100B00 A0=108584 A1=10890C A2=4ABB4 A3=108FAA A4=100B00 A5=108000 A6=10BA1E PC=3E3A -- 003E3A: bne     $3e78
D0=F0035 D1=0 D2=108100 D3=0 D4=8403600 D5=842184D8 D6=842184D8 D7=100B00 A0=108584 A1=10890C A2=4ABB4 A3=108FAA A4=100B00 A5=108000 A6=10BA1E PC=3E3E -- 003E3E: moveq   #$0, D3
D0=F0035 D1=0 D2=108100 D3=0 D4=8403600 D5=842184D8 D6=842184D8 D7=100B00 A0=108584 A1=10890C A2=4ABB4 A3=108FAA A4=100B00 A5=108000 A6=10BA1E PC=3E40 -- 003E40: move.b  ($82,A4), D3
D0=F0035 D1=0 D2=108100 D3=0 D4=8403600 D5=842184D8 D6=842184D8 D7=100B00 A0=108584 A1=10890C A2=4ABB4 A3=108FAA A4=100B00 A5=108000 A6=10BA1E PC=3E44 -- 003E44: add.w   D3, D3
D0=F0035 D1=0 D2=108100 D3=0 D4=8403600 D5=842184D8 D6=842184D8 D7=100B00 A0=108584 A1=10890C A2=4ABB4 A3=108FAA A4=100B00 A5=108000 A6=10BA1E PC=3E46 -- 003E46: add.w   D3, D3
D0=F0035 D1=0 D2=108100 D3=0 D4=8403600 D5=842184D8 D6=842184D8 D7=100B00 A0=108584 A1=10890C A2=4ABB4 A3=108FAA A4=100B00 A5=108000 A6=10BA1E PC=3E48 -- 003E48: move.w  ($18,A4), D0
D0=F0090 D1=0 D2=108100 D3=0 D4=8403600 D5=842184D8 D6=842184D8 D7=100B00 A0=108584 A1=10890C A2=4ABB4 A3=108FAA A4=100B00 A5=108000 A6=10BA1E PC=3E4C -- 003E4C: lea     ($104c,A5), A0
D0=F0090 D1=0 D2=108100 D3=0 D4=8403600 D5=842184D8 D6=842184D8 D7=100B00 A0=10904C A1=10890C A2=4ABB4 A3=108FAA A4=100B00 A5=108000 A6=10BA1E PC=3E50 -- 003E50: sub.w   (A0,D3.w), D0
D0=F0090 D1=0 D2=108100 D3=0 D4=8403600 D5=842184D8 D6=842184D8 D7=100B00 A0=10904C A1=10890C A2=4ABB4 A3=108FAA A4=100B00 A5=108000 A6=10BA1E PC=3E54 -- 003E54: addi.w  #$30, D0
D0=F00C0 D1=0 D2=108100 D3=0 D4=8403600 D5=842184D8 D6=842184D8 D7=100B00 A0=10904C A1=10890C A2=4ABB4 A3=108FAA A4=100B00 A5=108000 A6=10BA1E PC=3E58 -- 003E58: cmpi.w  #$1a0, D0
D0=F00C0 D1=0 D2=108100 D3=0 D4=8403600 D5=842184D8 D6=842184D8 D7=100B00 A0=10904C A1=10890C A2=4ABB4 A3=108FAA A4=100B00 A5=108000 A6=10BA1E PC=3E5C -- 003E5C: bls     $3e60
D0=F00C0 D1=0 D2=108100 D3=0 D4=8403600 D5=842184D8 D6=842184D8 D7=100B00 A0=10904C A1=10890C A2=4ABB4 A3=108FAA A4=100B00 A5=108000 A6=10BA1E PC=3E60 -- 003E60: move.w  ($1c,A4), D0
D0=F0070 D1=0 D2=108100 D3=0 D4=8403600 D5=842184D8 D6=842184D8 D7=100B00 A0=10904C A1=10890C A2=4ABB4 A3=108FAA A4=100B00 A5=108000 A6=10BA1E PC=3E64 -- 003E64: sub.w   ($20,A4), D0
D0=F0070 D1=0 D2=108100 D3=0 D4=8403600 D5=842184D8 D6=842184D8 D7=100B00 A0=10904C A1=10890C A2=4ABB4 A3=108FAA A4=100B00 A5=108000 A6=10BA1E PC=3E68 -- 003E68: lea     ($1058,A5), A0
D0=F0070 D1=0 D2=108100 D3=0 D4=8403600 D5=842184D8 D6=842184D8 D7=100B00 A0=109058 A1=10890C A2=4ABB4 A3=108FAA A4=100B00 A5=108000 A6=10BA1E PC=3E6C -- 003E6C: sub.w   (A0,D3.w), D0
D0=F0070 D1=0 D2=108100 D3=0 D4=8403600 D5=842184D8 D6=842184D8 D7=100B00 A0=109058 A1=10890C A2=4ABB4 A3=108FAA A4=100B00 A5=108000 A6=10BA1E PC=3E70 -- 003E70: cmpi.w  #$1c0, D0
D0=F0070 D1=0 D2=108100 D3=0 D4=8403600 D5=842184D8 D6=842184D8 D7=100B00 A0=109058 A1=10890C A2=4ABB4 A3=108FAA A4=100B00 A5=108000 A6=10BA1E PC=3E74 -- 003E74: bls     $3e78
D0=F0070 D1=0 D2=108100 D3=0 D4=8403600 D5=842184D8 D6=842184D8 D7=100B00 A0=109058 A1=10890C A2=4ABB4 A3=108FAA A4=100B00 A5=108000 A6=10BA1E PC=3E78 -- 003E78: bsr     $4860
D0=F0070 D1=0 D2=108100 D3=0 D4=8403600 D5=842184D8 D6=842184D8 D7=100B00 A0=109058 A1=10890C A2=4ABB4 A3=108FAA A4=100B00 A5=108000 A6=10BA1E PC=4860 -- 004860: lea     $7bf48.l, A0
D0=F0070 D1=0 D2=108100 D3=0 D4=8403600 D5=842184D8 D6=842184D8 D7=100B00 A0=7BF48 A1=10890C A2=4ABB4 A3=108FAA A4=100B00 A5=108000 A6=10BA1E PC=4866 -- 004866: move.w  ($70,A4), D0
D0=F001B D1=0 D2=108100 D3=0 D4=8403600 D5=842184D8 D6=842184D8 D7=100B00 A0=7BF48 A1=10890C A2=4ABB4 A3=108FAA A4=100B00 A5=108000 A6=10BA1E PC=486A -- 00486A: add.w   D0, D0
D0=F0036 D1=0 D2=108100 D3=0 D4=8403600 D5=842184D8 D6=842184D8 D7=100B00 A0=7BF48 A1=10890C A2=4ABB4 A3=108FAA A4=100B00 A5=108000 A6=10BA1E PC=486C -- 00486C: add.w   D0, D0
D0=F006C D1=0 D2=108100 D3=0 D4=8403600 D5=842184D8 D6=842184D8 D7=100B00 A0=7BF48 A1=10890C A2=4ABB4 A3=108FAA A4=100B00 A5=108000 A6=10BA1E PC=486E -- 00486E: movea.l (A0,D0.w), A0
D0=F006C D1=0 D2=108100 D3=0 D4=8403600 D5=842184D8 D6=842184D8 D7=100B00 A0=7F5E0 A1=10890C A2=4ABB4 A3=108FAA A4=100B00 A5=108000 A6=10BA1E PC=4872 -- 004872: move.w  ($72,A4), D0
D0=F0035 D1=0 D2=108100 D3=0 D4=8403600 D5=842184D8 D6=842184D8 D7=100B00 A0=7F5E0 A1=10890C A2=4ABB4 A3=108FAA A4=100B00 A5=108000 A6=10BA1E PC=4876 -- 004876: add.w   D0, D0
D0=F006A D1=0 D2=108100 D3=0 D4=8403600 D5=842184D8 D6=842184D8 D7=100B00 A0=7F5E0 A1=10890C A2=4ABB4 A3=108FAA A4=100B00 A5=108000 A6=10BA1E PC=4878 -- 004878: move.w  (A0,D0.w), D1
D0=F006A D1=3535 D2=108100 D3=0 D4=8403600 D5=842184D8 D6=842184D8 D7=100B00 A0=7F5E0 A1=10890C A2=4ABB4 A3=108FAA A4=100B00 A5=108000 A6=10BA1E PC=487C -- 00487C: move.w  D1, ($46de,A5)
D0=F006A D1=3535 D2=108100 D3=0 D4=8403600 D5=842184D8 D6=842184D8 D7=100B00 A0=7F5E0 A1=10890C A2=4ABB4 A3=108FAA A4=100B00 A5=108000 A6=10BA1E PC=4880 -- 004880: lea     $80000.l, A0
D0=F006A D1=3535 D2=108100 D3=0 D4=8403600 D5=842184D8 D6=842184D8 D7=100B00 A0=80000 A1=10890C A2=4ABB4 A3=108FAA A4=100B00 A5=108000 A6=10BA1E PC=4886 -- 004886: move.w  ($70,A4), D0
D0=F001B D1=3535 D2=108100 D3=0 D4=8403600 D5=842184D8 D6=842184D8 D7=100B00 A0=80000 A1=10890C A2=4ABB4 A3=108FAA A4=100B00 A5=108000 A6=10BA1E PC=488A -- 00488A: add.w   D0, D0
D0=F0036 D1=3535 D2=108100 D3=0 D4=8403600 D5=842184D8 D6=842184D8 D7=100B00 A0=80000 A1=10890C A2=4ABB4 A3=108FAA A4=100B00 A5=108000 A6=10BA1E PC=488C -- 00488C: add.w   D0, D0
D0=F006C D1=3535 D2=108100 D3=0 D4=8403600 D5=842184D8 D6=842184D8 D7=100B00 A0=80000 A1=10890C A2=4ABB4 A3=108FAA A4=100B00 A5=108000 A6=10BA1E PC=488E -- 00488E: movea.l (A0,D0.w), A0
D0=F006C D1=3535 D2=108100 D3=0 D4=8403600 D5=842184D8 D6=842184D8 D7=100B00 A0=86E00 A1=10890C A2=4ABB4 A3=108FAA A4=100B00 A5=108000 A6=10BA1E PC=4892 -- 004892: move.w  ($46de,A5), D0
D0=F3535 D1=3535 D2=108100 D3=0 D4=8403600 D5=842184D8 D6=842184D8 D7=100B00 A0=86E00 A1=10890C A2=4ABB4 A3=108FAA A4=100B00 A5=108000 A6=10BA1E PC=4896 -- 004896: tst.b   ($46e2,A5)
D0=F3535 D1=3535 D2=108100 D3=0 D4=8403600 D5=842184D8 D6=842184D8 D7=100B00 A0=86E00 A1=10890C A2=4ABB4 A3=108FAA A4=100B00 A5=108000 A6=10BA1E PC=489A -- 00489A: beq     $48a0
D0=F3535 D1=3535 D2=108100 D3=0 D4=8403600 D5=842184D8 D6=842184D8 D7=100B00 A0=86E00 A1=10890C A2=4ABB4 A3=108FAA A4=100B00 A5=108000 A6=10BA1E PC=48A0 -- 0048A0: andi.w  #$ff, D0
D0=F0035 D1=3535 D2=108100 D3=0 D4=8403600 D5=842184D8 D6=842184D8 D7=100B00 A0=86E00 A1=10890C A2=4ABB4 A3=108FAA A4=100B00 A5=108000 A6=10BA1E PC=48A4 -- 0048A4: add.w   D0, D0
D0=F006A D1=3535 D2=108100 D3=0 D4=8403600 D5=842184D8 D6=842184D8 D7=100B00 A0=86E00 A1=10890C A2=4ABB4 A3=108FAA A4=100B00 A5=108000 A6=10BA1E PC=48A6 -- 0048A6: add.w   D0, D0
D0=F00D4 D1=3535 D2=108100 D3=0 D4=8403600 D5=842184D8 D6=842184D8 D7=100B00 A0=86E00 A1=10890C A2=4ABB4 A3=108FAA A4=100B00 A5=108000 A6=10BA1E PC=48A8 -- 0048A8: movea.l (A0,D0.w), A0
D0=F00D4 D1=3535 D2=108100 D3=0 D4=8403600 D5=842184D8 D6=842184D8 D7=100B00 A0=F30FA A1=10890C A2=4ABB4 A3=108FAA A4=100B00 A5=108000 A6=10BA1E PC=48AC -- 0048AC: move.w  ($74,A4), D0
D0=F0000 D1=3535 D2=108100 D3=0 D4=8403600 D5=842184D8 D6=842184D8 D7=100B00 A0=F30FA A1=10890C A2=4ABB4 A3=108FAA A4=100B00 A5=108000 A6=10BA1E PC=48B0 -- 0048B0: adda.w  D0, A0
D0=F0000 D1=3535 D2=108100 D3=0 D4=8403600 D5=842184D8 D6=842184D8 D7=100B00 A0=F30FA A1=10890C A2=4ABB4 A3=108FAA A4=100B00 A5=108000 A6=10BA1E PC=48B2 -- 0048B2: move.l  (A0), D0
D0=10F10F2 D1=3535 D2=108100 D3=0 D4=8403600 D5=842184D8 D6=842184D8 D7=100B00 A0=F30FA A1=10890C A2=4ABB4 A3=108FAA A4=100B00 A5=108000 A6=10BA1E PC=48B4 -- 0048B4: andi.l  #$ffffff, D0
D0=F10F2 D1=3535 D2=108100 D3=0 D4=8403600 D5=842184D8 D6=842184D8 D7=100B00 A0=F30FA A1=10890C A2=4ABB4 A3=108FAA A4=100B00 A5=108000 A6=10BA1E PC=48BA -- 0048BA: movea.l D0, A0
D0=F10F2 D1=3535 D2=108100 D3=0 D4=8403600 D5=842184D8 D6=842184D8 D7=100B00 A0=F10F2 A1=10890C A2=4ABB4 A3=108FAA A4=100B00 A5=108000 A6=10BA1E PC=48BC -- 0048BC: move.w  ($4,A0), D0
D0=F006E D1=3535 D2=108100 D3=0 D4=8403600 D5=842184D8 D6=842184D8 D7=100B00 A0=F10F2 A1=10890C A2=4ABB4 A3=108FAA A4=100B00 A5=108000 A6=10BA1E PC=48C0 -- 0048C0: andi.w  #$1fff, D0
D0=F006E D1=3535 D2=108100 D3=0 D4=8403600 D5=842184D8 D6=842184D8 D7=100B00 A0=F10F2 A1=10890C A2=4ABB4 A3=108FAA A4=100B00 A5=108000 A6=10BA1E PC=48C4 -- 0048C4: move.w  D0, ($46e0,A5)
D0=F006E D1=3535 D2=108100 D3=0 D4=8403600 D5=842184D8 D6=842184D8 D7=100B00 A0=F10F2 A1=10890C A2=4ABB4 A3=108FAA A4=100B00 A5=108000 A6=10BA1E PC=48C8 -- 0048C8: lea     $80080.l, A0
D0=F006E D1=3535 D2=108100 D3=0 D4=8403600 D5=842184D8 D6=842184D8 D7=100B00 A0=80080 A1=10890C A2=4ABB4 A3=108FAA A4=100B00 A5=108000 A6=10BA1E PC=48CE -- 0048CE: move.w  ($70,A4), D1
D0=F006E D1=1B D2=108100 D3=0 D4=8403600 D5=842184D8 D6=842184D8 D7=100B00 A0=80080 A1=10890C A2=4ABB4 A3=108FAA A4=100B00 A5=108000 A6=10BA1E PC=48D2 -- 0048D2: add.w   D1, D1
D0=F006E D1=36 D2=108100 D3=0 D4=8403600 D5=842184D8 D6=842184D8 D7=100B00 A0=80080 A1=10890C A2=4ABB4 A3=108FAA A4=100B00 A5=108000 A6=10BA1E PC=48D4 -- 0048D4: add.w   D1, D1
D0=F006E D1=6C D2=108100 D3=0 D4=8403600 D5=842184D8 D6=842184D8 D7=100B00 A0=80080 A1=10890C A2=4ABB4 A3=108FAA A4=100B00 A5=108000 A6=10BA1E PC=48D6 -- 0048D6: movea.l (A0,D1.w), A0
D0=F006E D1=6C D2=108100 D3=0 D4=8403600 D5=842184D8 D6=842184D8 D7=100B00 A0=95200 A1=10890C A2=4ABB4 A3=108FAA A4=100B00 A5=108000 A6=10BA1E PC=48DA -- 0048DA: add.w   D0, D0
D0=F00DC D1=6C D2=108100 D3=0 D4=8403600 D5=842184D8 D6=842184D8 D7=100B00 A0=95200 A1=10890C A2=4ABB4 A3=108FAA A4=100B00 A5=108000 A6=10BA1E PC=48DC -- 0048DC: add.w   D0, D0
D0=F01B8 D1=6C D2=108100 D3=0 D4=8403600 D5=842184D8 D6=842184D8 D7=100B00 A0=95200 A1=10890C A2=4ABB4 A3=108FAA A4=100B00 A5=108000 A6=10BA1E PC=48DE -- 0048DE: move.l  (A0,D0.w), ($28,A4)
D0=F01B8 D1=6C D2=108100 D3=0 D4=8403600 D5=842184D8 D6=842184D8 D7=100B00 A0=95200 A1=10890C A2=4ABB4 A3=108FAA A4=100B00 A5=108000 A6=10BA1E PC=48E4 -- 0048E4: rts
D0=F01B8 D1=6C D2=108100 D3=0 D4=8403600 D5=842184D8 D6=842184D8 D7=100B00 A0=95200 A1=10890C A2=4ABB4 A3=108FAA A4=100B00 A5=108000 A6=10BA1E PC=3E7C -- 003E7C: bra     $481a
D0=F01B8 D1=6C D2=108100 D3=0 D4=8403600 D5=842184D8 D6=842184D8 D7=100B00 A0=95200 A1=10890C A2=4ABB4 A3=108FAA A4=100B00 A5=108000 A6=10BA1E PC=481A -- 00481A: addq.w  #1, ($e3a,A5)
D0=F01B8 D1=6C D2=108100 D3=0 D4=8403600 D5=842184D8 D6=842184D8 D7=100B00 A0=95200 A1=10890C A2=4ABB4 A3=108FAA A4=100B00 A5=108000 A6=10BA1E PC=481E -- 00481E: lea     ($838,A5), A1
D0=F01B8 D1=6C D2=108100 D3=0 D4=8403600 D5=842184D8 D6=842184D8 D7=100B00 A0=95200 A1=108838 A2=4ABB4 A3=108FAA A4=100B00 A5=108000 A6=10BA1E PC=4822 -- 004822: move.w  ($2c,A4), D0
D0=F0068 D1=6C D2=108100 D3=0 D4=8403600 D5=842184D8 D6=842184D8 D7=100B00 A0=95200 A1=108838 A2=4ABB4 A3=108FAA A4=100B00 A5=108000 A6=10BA1E PC=4826 -- 004826: move.w  D0, D1
D0=F0068 D1=68 D2=108100 D3=0 D4=8403600 D5=842184D8 D6=842184D8 D7=100B00 A0=95200 A1=108838 A2=4ABB4 A3=108FAA A4=100B00 A5=108000 A6=10BA1E PC=4828 -- 004828: add.w   D1, D1
D0=F0068 D1=D0 D2=108100 D3=0 D4=8403600 D5=842184D8 D6=842184D8 D7=100B00 A0=95200 A1=108838 A2=4ABB4 A3=108FAA A4=100B00 A5=108000 A6=10BA1E PC=482A -- 00482A: adda.w  D1, A1
D0=F0068 D1=D0 D2=108100 D3=0 D4=8403600 D5=842184D8 D6=842184D8 D7=100B00 A0=95200 A1=108908 A2=4ABB4 A3=108FAA A4=100B00 A5=108000 A6=10BA1E PC=482C -- 00482C: cmp.w   ($e38,A5), D1
D0=F0068 D1=D0 D2=108100 D3=0 D4=8403600 D5=842184D8 D6=842184D8 D7=100B00 A0=95200 A1=108908 A2=4ABB4 A3=108FAA A4=100B00 A5=108000 A6=10BA1E PC=4830 -- 004830: bhi     $4836
D0=F0068 D1=D0 D2=108100 D3=0 D4=8403600 D5=842184D8 D6=842184D8 D7=100B00 A0=95200 A1=108908 A2=4ABB4 A3=108FAA A4=100B00 A5=108000 A6=10BA1E PC=4832 -- 004832: move.w  D1, ($e38,A5)
D0=F0068 D1=D0 D2=108100 D3=0 D4=8403600 D5=842184D8 D6=842184D8 D7=100B00 A0=95200 A1=108908 A2=4ABB4 A3=108FAA A4=100B00 A5=108000 A6=10BA1E PC=4836 -- 004836: move.w  (A1)+, D1
D0=F0068 D1=0 D2=108100 D3=0 D4=8403600 D5=842184D8 D6=842184D8 D7=100B00 A0=95200 A1=10890A A2=4ABB4 A3=108FAA A4=100B00 A5=108000 A6=10BA1E PC=4838 -- 004838: beq     $485a
D0=F0068 D1=0 D2=108100 D3=0 D4=8403600 D5=842184D8 D6=842184D8 D7=100B00 A0=95200 A1=10890A A2=4ABB4 A3=108FAA A4=100B00 A5=108000 A6=10BA1E PC=485A -- 00485A: move.w  A4, (-$2,A1)
D0=F0068 D1=0 D2=108100 D3=0 D4=8403600 D5=842184D8 D6=842184D8 D7=100B00 A0=95200 A1=10890A A2=4ABB4 A3=108FAA A4=100B00 A5=108000 A6=10BA1E PC=485E -- 00485E: rts
D0=F0068 D1=0 D2=108100 D3=0 D4=8403600 D5=842184D8 D6=842184D8 D7=100B00 A0=95200 A1=10890A A2=4ABB4 A3=108FAA A4=100B00 A5=108000 A6=10BA1E PC=32B3C -- 032B3C: move.l  A4, D7
D0=F0068 D1=0 D2=108100 D3=0 D4=8403600 D5=842184D8 D6=842184D8 D7=100B00 A0=95200 A1=10890A A2=4ABB4 A3=108FAA A4=100B00 A5=108000 A6=10BA1E PC=32B3E -- 032B3E: move.w  ($4,A4), D7
D0=F0068 D1=0 D2=108100 D3=0 D4=8403600 D5=842184D8 D6=842184D8 D7=100D00 A0=95200 A1=10890A A2=4ABB4 A3=108FAA A4=100B00 A5=108000 A6=10BA1E PC=32B42 -- 032B42: bpl     $32b36
D0=F0068 D1=0 D2=108100 D3=0 D4=8403600 D5=842184D8 D6=842184D8 D7=100D00 A0=95200 A1=10890A A2=4ABB4 A3=108FAA A4=100B00 A5=108000 A6=10BA1E PC=32B36 -- 032B36: movea.l D7, A4
D0=F0068 D1=0 D2=108100 D3=0 D4=8403600 D5=842184D8 D6=842184D8 D7=100D00 A0=95200 A1=10890A A2=4ABB4 A3=108FAA A4=100D00 A5=108000 A6=10BA1E PC=32B38 -- 032B38: movea.l (A4), A0
D0=F0068 D1=0 D2=108100 D3=0 D4=8403600 D5=842184D8 D6=842184D8 D7=100D00 A0=37CBA A1=10890A A2=4ABB4 A3=108FAA A4=100D00 A5=108000 A6=10BA1E PC=32B3A -- 032B3A: jsr     (A0)
D0=F0068 D1=0 D2=108100 D3=0 D4=8403600 D5=842184D8 D6=842184D8 D7=100D00 A0=37CBA A1=10890A A2=4ABB4 A3=108FAA A4=100D00 A5=108000 A6=10BA1E PC=37CBA -- 037CBA: move.w  ($d0,A4), D0
D0=F0003 D1=0 D2=108100 D3=0 D4=8403600 D5=842184D8 D6=842184D8 D7=100D00 A0=37CBA A1=10890A A2=4ABB4 A3=108FAA A4=100D00 A5=108000 A6=10BA1E PC=37CBE -- 037CBE: movea.l ($84,A4), A0
D0=F0003 D1=0 D2=108100 D3=0 D4=8403600 D5=842184D8 D6=842184D8 D7=100D00 A0=108584 A1=10890A A2=4ABB4 A3=108FAA A4=100D00 A5=108000 A6=10BA1E PC=37CC2 -- 037CC2: btst    D0, ($cf,A0)
D0=F0003 D1=0 D2=108100 D3=0 D4=8403600 D5=842184D8 D6=842184D8 D7=100D00 A0=108584 A1=10890A A2=4ABB4 A3=108FAA A4=100D00 A5=108000 A6=10BA1E PC=37CC6 -- 037CC6: beq     $36eac
D0=F0003 D1=0 D2=108100 D3=0 D4=8403600 D5=842184D8 D6=842184D8 D7=100D00 A0=108584 A1=10890A A2=4ABB4 A3=108FAA A4=100D00 A5=108000 A6=10BA1E PC=36EAC -- 036EAC: jsr     $48e6.w
D0=F0003 D1=0 D2=108100 D3=0 D4=8403600 D5=842184D8 D6=842184D8 D7=100D00 A0=108584 A1=10890A A2=4ABB4 A3=108FAA A4=100D00 A5=108000 A6=10BA1E PC=48E6 -- 0048E6: move.w  ($70,A4), D0
D0=F001B D1=0 D2=108100 D3=0 D4=8403600 D5=842184D8 D6=842184D8 D7=100D00 A0=108584 A1=10890A A2=4ABB4 A3=108FAA A4=100D00 A5=108000 A6=10BA1E PC=48EA -- 0048EA: cmp.b   ($78,A4), D0
D0=F001B D1=0 D2=108100 D3=0 D4=8403600 D5=842184D8 D6=842184D8 D7=100D00 A0=108584 A1=10890A A2=4ABB4 A3=108FAA A4=100D00 A5=108000 A6=10BA1E PC=48EE -- 0048EE: bne     $491c
D0=F001B D1=0 D2=108100 D3=0 D4=8403600 D5=842184D8 D6=842184D8 D7=100D00 A0=108584 A1=10890A A2=4ABB4 A3=108FAA A4=100D00 A5=108000 A6=10BA1E PC=48F0 -- 0048F0: move.w  ($72,A4), D0
D0=F0034 D1=0 D2=108100 D3=0 D4=8403600 D5=842184D8 D6=842184D8 D7=100D00 A0=108584 A1=10890A A2=4ABB4 A3=108FAA A4=100D00 A5=108000 A6=10BA1E PC=48F4 -- 0048F4: cmp.b   ($79,A4), D0
D0=F0034 D1=0 D2=108100 D3=0 D4=8403600 D5=842184D8 D6=842184D8 D7=100D00 A0=108584 A1=10890A A2=4ABB4 A3=108FAA A4=100D00 A5=108000 A6=10BA1E PC=48F8 -- 0048F8: bne     $493c
D0=F0034 D1=0 D2=108100 D3=0 D4=8403600 D5=842184D8 D6=842184D8 D7=100D00 A0=108584 A1=10890A A2=4ABB4 A3=108FAA A4=100D00 A5=108000 A6=10BA1E PC=48FA -- 0048FA: tst.b   ($77,A4)
D0=F0034 D1=0 D2=108100 D3=0 D4=8403600 D5=842184D8 D6=842184D8 D7=100D00 A0=108584 A1=10890A A2=4ABB4 A3=108FAA A4=100D00 A5=108000 A6=10BA1E PC=48FE -- 0048FE: bne     $495c
D0=F0034 D1=0 D2=108100 D3=0 D4=8403600 D5=842184D8 D6=842184D8 D7=100D00 A0=108584 A1=10890A A2=4ABB4 A3=108FAA A4=100D00 A5=108000 A6=10BA1E PC=4900 -- 004900: tst.b   ($7a,A4)
D0=F0034 D1=0 D2=108100 D3=0 D4=8403600 D5=842184D8 D6=842184D8 D7=100D00 A0=108584 A1=10890A A2=4ABB4 A3=108FAA A4=100D00 A5=108000 A6=10BA1E PC=4904 -- 004904: bmi     $491a
D0=F0034 D1=0 D2=108100 D3=0 D4=8403600 D5=842184D8 D6=842184D8 D7=100D00 A0=108584 A1=10890A A2=4ABB4 A3=108FAA A4=100D00 A5=108000 A6=10BA1E PC=491A -- 00491A: rts
D0=F0034 D1=0 D2=108100 D3=0 D4=8403600 D5=842184D8 D6=842184D8 D7=100D00 A0=108584 A1=10890A A2=4ABB4 A3=108FAA A4=100D00 A5=108000 A6=10BA1E PC=36EB0 -- 036EB0: jmp     $3e2e.w
D0=F0034 D1=0 D2=108100 D3=0 D4=8403600 D5=842184D8 D6=842184D8 D7=100D00 A0=108584 A1=10890A A2=4ABB4 A3=108FAA A4=100D00 A5=108000 A6=10BA1E PC=3E2E -- 003E2E: tst.w   ($74,A4)
D0=F0034 D1=0 D2=108100 D3=0 D4=8403600 D5=842184D8 D6=842184D8 D7=100D00 A0=108584 A1=10890A A2=4ABB4 A3=108FAA A4=100D00 A5=108000 A6=10BA1E PC=3E32 -- 003E32: bmi     $3e80
D0=F0034 D1=0 D2=108100 D3=0 D4=8403600 D5=842184D8 D6=842184D8 D7=100D00 A0=108584 A1=10890A A2=4ABB4 A3=108FAA A4=100D00 A5=108000 A6=10BA1E PC=3E34 -- 003E34: btst    #$6, ($7c,A4)
D0=F0034 D1=0 D2=108100 D3=0 D4=8403600 D5=842184D8 D6=842184D8 D7=100D00 A0=108584 A1=10890A A2=4ABB4 A3=108FAA A4=100D00 A5=108000 A6=10BA1E PC=3E3A -- 003E3A: bne     $3e78
D0=F0034 D1=0 D2=108100 D3=0 D4=8403600 D5=842184D8 D6=842184D8 D7=100D00 A0=108584 A1=10890A A2=4ABB4 A3=108FAA A4=100D00 A5=108000 A6=10BA1E PC=3E3E -- 003E3E: moveq   #$0, D3
D0=F0034 D1=0 D2=108100 D3=0 D4=8403600 D5=842184D8 D6=842184D8 D7=100D00 A0=108584 A1=10890A A2=4ABB4 A3=108FAA A4=100D00 A5=108000 A6=10BA1E PC=3E40 -- 003E40: move.b  ($82,A4), D3
D0=F0034 D1=0 D2=108100 D3=0 D4=8403600 D5=842184D8 D6=842184D8 D7=100D00 A0=108584 A1=10890A A2=4ABB4 A3=108FAA A4=100D00 A5=108000 A6=10BA1E PC=3E44 -- 003E44: add.w   D3, D3
D0=F0034 D1=0 D2=108100 D3=0 D4=8403600 D5=842184D8 D6=842184D8 D7=100D00 A0=108584 A1=10890A A2=4ABB4 A3=108FAA A4=100D00 A5=108000 A6=10BA1E PC=3E46 -- 003E46: add.w   D3, D3
D0=F0034 D1=0 D2=108100 D3=0 D4=8403600 D5=842184D8 D6=842184D8 D7=100D00 A0=108584 A1=10890A A2=4ABB4 A3=108FAA A4=100D00 A5=108000 A6=10BA1E PC=3E48 -- 003E48: move.w  ($18,A4), D0
D0=F0080 D1=0 D2=108100 D3=0 D4=8403600 D5=842184D8 D6=842184D8 D7=100D00 A0=108584 A1=10890A A2=4ABB4 A3=108FAA A4=100D00 A5=108000 A6=10BA1E PC=3E4C -- 003E4C: lea     ($104c,A5), A0
D0=F0080 D1=0 D2=108100 D3=0 D4=8403600 D5=842184D8 D6=842184D8 D7=100D00 A0=10904C A1=10890A A2=4ABB4 A3=108FAA A4=100D00 A5=108000 A6=10BA1E PC=3E50 -- 003E50: sub.w   (A0,D3.w), D0
D0=F0080 D1=0 D2=108100 D3=0 D4=8403600 D5=842184D8 D6=842184D8 D7=100D00 A0=10904C A1=10890A A2=4ABB4 A3=108FAA A4=100D00 A5=108000 A6=10BA1E PC=3E54 -- 003E54: addi.w  #$30, D0
D0=F00B0 D1=0 D2=108100 D3=0 D4=8403600 D5=842184D8 D6=842184D8 D7=100D00 A0=10904C A1=10890A A2=4ABB4 A3=108FAA A4=100D00 A5=108000 A6=10BA1E PC=3E58 -- 003E58: cmpi.w  #$1a0, D0
D0=F00B0 D1=0 D2=108100 D3=0 D4=8403600 D5=842184D8 D6=842184D8 D7=100D00 A0=10904C A1=10890A A2=4ABB4 A3=108FAA A4=100D00 A5=108000 A6=10BA1E PC=3E5C -- 003E5C: bls     $3e60
D0=F00B0 D1=0 D2=108100 D3=0 D4=8403600 D5=842184D8 D6=842184D8 D7=100D00 A0=10904C A1=10890A A2=4ABB4 A3=108FAA A4=100D00 A5=108000 A6=10BA1E PC=3E60 -- 003E60: move.w  ($1c,A4), D0
D0=F0068 D1=0 D2=108100 D3=0 D4=8403600 D5=842184D8 D6=842184D8 D7=100D00 A0=10904C A1=10890A A2=4ABB4 A3=108FAA A4=100D00 A5=108000 A6=10BA1E PC=3E64 -- 003E64: sub.w   ($20,A4), D0
D0=F0068 D1=0 D2=108100 D3=0 D4=8403600 D5=842184D8 D6=842184D8 D7=100D00 A0=10904C A1=10890A A2=4ABB4 A3=108FAA A4=100D00 A5=108000 A6=10BA1E PC=3E68 -- 003E68: lea     ($1058,A5), A0
D0=F0068 D1=0 D2=108100 D3=0 D4=8403600 D5=842184D8 D6=842184D8 D7=100D00 A0=109058 A1=10890A A2=4ABB4 A3=108FAA A4=100D00 A5=108000 A6=10BA1E PC=3E6C -- 003E6C: sub.w   (A0,D3.w), D0
D0=F0068 D1=0 D2=108100 D3=0 D4=8403600 D5=842184D8 D6=842184D8 D7=100D00 A0=109058 A1=10890A A2=4ABB4 A3=108FAA A4=100D00 A5=108000 A6=10BA1E PC=3E70 -- 003E70: cmpi.w  #$1c0, D0
D0=F0068 D1=0 D2=108100 D3=0 D4=8403600 D5=842184D8 D6=842184D8 D7=100D00 A0=109058 A1=10890A A2=4ABB4 A3=108FAA A4=100D00 A5=108000 A6=10BA1E PC=3E74 -- 003E74: bls     $3e78
D0=F0068 D1=0 D2=108100 D3=0 D4=8403600 D5=842184D8 D6=842184D8 D7=100D00 A0=109058 A1=10890A A2=4ABB4 A3=108FAA A4=100D00 A5=108000 A6=10BA1E PC=3E78 -- 003E78: bsr     $4860
D0=F0068 D1=0 D2=108100 D3=0 D4=8403600 D5=842184D8 D6=842184D8 D7=100D00 A0=109058 A1=10890A A2=4ABB4 A3=108FAA A4=100D00 A5=108000 A6=10BA1E PC=4860 -- 004860: lea     $7bf48.l, A0
D0=F0068 D1=0 D2=108100 D3=0 D4=8403600 D5=842184D8 D6=842184D8 D7=100D00 A0=7BF48 A1=10890A A2=4ABB4 A3=108FAA A4=100D00 A5=108000 A6=10BA1E PC=4866 -- 004866: move.w  ($70,A4), D0
D0=F001B D1=0 D2=108100 D3=0 D4=8403600 D5=842184D8 D6=842184D8 D7=100D00 A0=7BF48 A1=10890A A2=4ABB4 A3=108FAA A4=100D00 A5=108000 A6=10BA1E PC=486A -- 00486A: add.w   D0, D0
D0=F0036 D1=0 D2=108100 D3=0 D4=8403600 D5=842184D8 D6=842184D8 D7=100D00 A0=7BF48 A1=10890A A2=4ABB4 A3=108FAA A4=100D00 A5=108000 A6=10BA1E PC=486C -- 00486C: add.w   D0, D0
D0=F006C D1=0 D2=108100 D3=0 D4=8403600 D5=842184D8 D6=842184D8 D7=100D00 A0=7BF48 A1=10890A A2=4ABB4 A3=108FAA A4=100D00 A5=108000 A6=10BA1E PC=486E -- 00486E: movea.l (A0,D0.w), A0
D0=F006C D1=0 D2=108100 D3=0 D4=8403600 D5=842184D8 D6=842184D8 D7=100D00 A0=7F5E0 A1=10890A A2=4ABB4 A3=108FAA A4=100D00 A5=108000 A6=10BA1E PC=4872 -- 004872: move.w  ($72,A4), D0
D0=F0034 D1=0 D2=108100 D3=0 D4=8403600 D5=842184D8 D6=842184D8 D7=100D00 A0=7F5E0 A1=10890A A2=4ABB4 A3=108FAA A4=100D00 A5=108000 A6=10BA1E PC=4876 -- 004876: add.w   D0, D0
D0=F0068 D1=0 D2=108100 D3=0 D4=8403600 D5=842184D8 D6=842184D8 D7=100D00 A0=7F5E0 A1=10890A A2=4ABB4 A3=108FAA A4=100D00 A5=108000 A6=10BA1E PC=4878 -- 004878: move.w  (A0,D0.w), D1
D0=F0068 D1=3434 D2=108100 D3=0 D4=8403600 D5=842184D8 D6=842184D8 D7=100D00 A0=7F5E0 A1=10890A A2=4ABB4 A3=108FAA A4=100D00 A5=108000 A6=10BA1E PC=487C -- 00487C: move.w  D1, ($46de,A5)
D0=F0068 D1=3434 D2=108100 D3=0 D4=8403600 D5=842184D8 D6=842184D8 D7=100D00 A0=7F5E0 A1=10890A A2=4ABB4 A3=108FAA A4=100D00 A5=108000 A6=10BA1E PC=4880 -- 004880: lea     $80000.l, A0
D0=F0068 D1=3434 D2=108100 D3=0 D4=8403600 D5=842184D8 D6=842184D8 D7=100D00 A0=80000 A1=10890A A2=4ABB4 A3=108FAA A4=100D00 A5=108000 A6=10BA1E PC=4886 -- 004886: move.w  ($70,A4), D0
D0=F001B D1=3434 D2=108100 D3=0 D4=8403600 D5=842184D8 D6=842184D8 D7=100D00 A0=80000 A1=10890A A2=4ABB4 A3=108FAA A4=100D00 A5=108000 A6=10BA1E PC=488A -- 00488A: add.w   D0, D0
D0=F0036 D1=3434 D2=108100 D3=0 D4=8403600 D5=842184D8 D6=842184D8 D7=100D00 A0=80000 A1=10890A A2=4ABB4 A3=108FAA A4=100D00 A5=108000 A6=10BA1E PC=488C -- 00488C: add.w   D0, D0
D0=F006C D1=3434 D2=108100 D3=0 D4=8403600 D5=842184D8 D6=842184D8 D7=100D00 A0=80000 A1=10890A A2=4ABB4 A3=108FAA A4=100D00 A5=108000 A6=10BA1E PC=488E -- 00488E: movea.l (A0,D0.w), A0
D0=F006C D1=3434 D2=108100 D3=0 D4=8403600 D5=842184D8 D6=842184D8 D7=100D00 A0=86E00 A1=10890A A2=4ABB4 A3=108FAA A4=100D00 A5=108000 A6=10BA1E PC=4892 -- 004892: move.w  ($46de,A5), D0
D0=F3434 D1=3434 D2=108100 D3=0 D4=8403600 D5=842184D8 D6=842184D8 D7=100D00 A0=86E00 A1=10890A A2=4ABB4 A3=108FAA A4=100D00 A5=108000 A6=10BA1E PC=4896 -- 004896: tst.b   ($46e2,A5)
D0=F3434 D1=3434 D2=108100 D3=0 D4=8403600 D5=842184D8 D6=842184D8 D7=100D00 A0=86E00 A1=10890A A2=4ABB4 A3=108FAA A4=100D00 A5=108000 A6=10BA1E PC=489A -- 00489A: beq     $48a0
D0=F3434 D1=3434 D2=108100 D3=0 D4=8403600 D5=842184D8 D6=842184D8 D7=100D00 A0=86E00 A1=10890A A2=4ABB4 A3=108FAA A4=100D00 A5=108000 A6=10BA1E PC=48A0 -- 0048A0: andi.w  #$ff, D0
D0=F0034 D1=3434 D2=108100 D3=0 D4=8403600 D5=842184D8 D6=842184D8 D7=100D00 A0=86E00 A1=10890A A2=4ABB4 A3=108FAA A4=100D00 A5=108000 A6=10BA1E PC=48A4 -- 0048A4: add.w   D0, D0
D0=F0068 D1=3434 D2=108100 D3=0 D4=8403600 D5=842184D8 D6=842184D8 D7=100D00 A0=86E00 A1=10890A A2=4ABB4 A3=108FAA A4=100D00 A5=108000 A6=10BA1E PC=48A6 -- 0048A6: add.w   D0, D0
D0=F00D0 D1=3434 D2=108100 D3=0 D4=8403600 D5=842184D8 D6=842184D8 D7=100D00 A0=86E00 A1=10890A A2=4ABB4 A3=108FAA A4=100D00 A5=108000 A6=10BA1E PC=48A8 -- 0048A8: movea.l (A0,D0.w), A0
D0=F00D0 D1=3434 D2=108100 D3=0 D4=8403600 D5=842184D8 D6=842184D8 D7=100D00 A0=F30F2 A1=10890A A2=4ABB4 A3=108FAA A4=100D00 A5=108000 A6=10BA1E PC=48AC -- 0048AC: move.w  ($74,A4), D0
D0=F0000 D1=3434 D2=108100 D3=0 D4=8403600 D5=842184D8 D6=842184D8 D7=100D00 A0=F30F2 A1=10890A A2=4ABB4 A3=108FAA A4=100D00 A5=108000 A6=10BA1E PC=48B0 -- 0048B0: adda.w  D0, A0
D0=F0000 D1=3434 D2=108100 D3=0 D4=8403600 D5=842184D8 D6=842184D8 D7=100D00 A0=F30F2 A1=10890A A2=4ABB4 A3=108FAA A4=100D00 A5=108000 A6=10BA1E PC=48B2 -- 0048B2: move.l  (A0), D0
D0=10F10FE D1=3434 D2=108100 D3=0 D4=8403600 D5=842184D8 D6=842184D8 D7=100D00 A0=F30F2 A1=10890A A2=4ABB4 A3=108FAA A4=100D00 A5=108000 A6=10BA1E PC=48B4 -- 0048B4: andi.l  #$ffffff, D0
D0=F10FE D1=3434 D2=108100 D3=0 D4=8403600 D5=842184D8 D6=842184D8 D7=100D00 A0=F30F2 A1=10890A A2=4ABB4 A3=108FAA A4=100D00 A5=108000 A6=10BA1E PC=48BA -- 0048BA: movea.l D0, A0
D0=F10FE D1=3434 D2=108100 D3=0 D4=8403600 D5=842184D8 D6=842184D8 D7=100D00 A0=F10FE A1=10890A A2=4ABB4 A3=108FAA A4=100D00 A5=108000 A6=10BA1E PC=48BC -- 0048BC: move.w  ($4,A0), D0
D0=F0070 D1=3434 D2=108100 D3=0 D4=8403600 D5=842184D8 D6=842184D8 D7=100D00 A0=F10FE A1=10890A A2=4ABB4 A3=108FAA A4=100D00 A5=108000 A6=10BA1E PC=48C0 -- 0048C0: andi.w  #$1fff, D0
D0=F0070 D1=3434 D2=108100 D3=0 D4=8403600 D5=842184D8 D6=842184D8 D7=100D00 A0=F10FE A1=10890A A2=4ABB4 A3=108FAA A4=100D00 A5=108000 A6=10BA1E PC=48C4 -- 0048C4: move.w  D0, ($46e0,A5)
D0=F0070 D1=3434 D2=108100 D3=0 D4=8403600 D5=842184D8 D6=842184D8 D7=100D00 A0=F10FE A1=10890A A2=4ABB4 A3=108FAA A4=100D00 A5=108000 A6=10BA1E PC=48C8 -- 0048C8: lea     $80080.l, A0
D0=F0070 D1=3434 D2=108100 D3=0 D4=8403600 D5=842184D8 D6=842184D8 D7=100D00 A0=80080 A1=10890A A2=4ABB4 A3=108FAA A4=100D00 A5=108000 A6=10BA1E PC=48CE -- 0048CE: move.w  ($70,A4), D1
D0=F0070 D1=1B D2=108100 D3=0 D4=8403600 D5=842184D8 D6=842184D8 D7=100D00 A0=80080 A1=10890A A2=4ABB4 A3=108FAA A4=100D00 A5=108000 A6=10BA1E PC=48D2 -- 0048D2: add.w   D1, D1
D0=F0070 D1=36 D2=108100 D3=0 D4=8403600 D5=842184D8 D6=842184D8 D7=100D00 A0=80080 A1=10890A A2=4ABB4 A3=108FAA A4=100D00 A5=108000 A6=10BA1E PC=48D4 -- 0048D4: add.w   D1, D1
D0=F0070 D1=6C D2=108100 D3=0 D4=8403600 D5=842184D8 D6=842184D8 D7=100D00 A0=80080 A1=10890A A2=4ABB4 A3=108FAA A4=100D00 A5=108000 A6=10BA1E PC=48D6 -- 0048D6: movea.l (A0,D1.w), A0
D0=F0070 D1=6C D2=108100 D3=0 D4=8403600 D5=842184D8 D6=842184D8 D7=100D00 A0=95200 A1=10890A A2=4ABB4 A3=108FAA A4=100D00 A5=108000 A6=10BA1E PC=48DA -- 0048DA: add.w   D0, D0
D0=F00E0 D1=6C D2=108100 D3=0 D4=8403600 D5=842184D8 D6=842184D8 D7=100D00 A0=95200 A1=10890A A2=4ABB4 A3=108FAA A4=100D00 A5=108000 A6=10BA1E PC=48DC -- 0048DC: add.w   D0, D0
D0=F01C0 D1=6C D2=108100 D3=0 D4=8403600 D5=842184D8 D6=842184D8 D7=100D00 A0=95200 A1=10890A A2=4ABB4 A3=108FAA A4=100D00 A5=108000 A6=10BA1E PC=48DE -- 0048DE: move.l  (A0,D0.w), ($28,A4)
D0=F01C0 D1=6C D2=108100 D3=0 D4=8403600 D5=842184D8 D6=842184D8 D7=100D00 A0=95200 A1=10890A A2=4ABB4 A3=108FAA A4=100D00 A5=108000 A6=10BA1E PC=48E4 -- 0048E4: rts
D0=F01C0 D1=6C D2=108100 D3=0 D4=8403600 D5=842184D8 D6=842184D8 D7=100D00 A0=95200 A1=10890A A2=4ABB4 A3=108FAA A4=100D00 A5=108000 A6=10BA1E PC=3E7C -- 003E7C: bra     $481a
D0=F01C0 D1=6C D2=108100 D3=0 D4=8403600 D5=842184D8 D6=842184D8 D7=100D00 A0=95200 A1=10890A A2=4ABB4 A3=108FAA A4=100D00 A5=108000 A6=10BA1E PC=481A -- 00481A: addq.w  #1, ($e3a,A5)
D0=F01C0 D1=6C D2=108100 D3=0 D4=8403600 D5=842184D8 D6=842184D8 D7=100D00 A0=95200 A1=10890A A2=4ABB4 A3=108FAA A4=100D00 A5=108000 A6=10BA1E PC=481E -- 00481E: lea     ($838,A5), A1
D0=F01C0 D1=6C D2=108100 D3=0 D4=8403600 D5=842184D8 D6=842184D8 D7=100D00 A0=95200 A1=108838 A2=4ABB4 A3=108FAA A4=100D00 A5=108000 A6=10BA1E PC=4822 -- 004822: move.w  ($2c,A4), D0
D0=F0067 D1=6C D2=108100 D3=0 D4=8403600 D5=842184D8 D6=842184D8 D7=100D00 A0=95200 A1=108838 A2=4ABB4 A3=108FAA A4=100D00 A5=108000 A6=10BA1E PC=4826 -- 004826: move.w  D0, D1
D0=F0067 D1=67 D2=108100 D3=0 D4=8403600 D5=842184D8 D6=842184D8 D7=100D00 A0=95200 A1=108838 A2=4ABB4 A3=108FAA A4=100D00 A5=108000 A6=10BA1E PC=4828 -- 004828: add.w   D1, D1
D0=F0067 D1=CE D2=108100 D3=0 D4=8403600 D5=842184D8 D6=842184D8 D7=100D00 A0=95200 A1=108838 A2=4ABB4 A3=108FAA A4=100D00 A5=108000 A6=10BA1E PC=482A -- 00482A: adda.w  D1, A1
D0=F0067 D1=CE D2=108100 D3=0 D4=8403600 D5=842184D8 D6=842184D8 D7=100D00 A0=95200 A1=108906 A2=4ABB4 A3=108FAA A4=100D00 A5=108000 A6=10BA1E PC=482C -- 00482C: cmp.w   ($e38,A5), D1
D0=F0067 D1=CE D2=108100 D3=0 D4=8403600 D5=842184D8 D6=842184D8 D7=100D00 A0=95200 A1=108906 A2=4ABB4 A3=108FAA A4=100D00 A5=108000 A6=10BA1E PC=4830 -- 004830: bhi     $4836
D0=F0067 D1=CE D2=108100 D3=0 D4=8403600 D5=842184D8 D6=842184D8 D7=100D00 A0=95200 A1=108906 A2=4ABB4 A3=108FAA A4=100D00 A5=108000 A6=10BA1E PC=4832 -- 004832: move.w  D1, ($e38,A5)
D0=F0067 D1=CE D2=108100 D3=0 D4=8403600 D5=842184D8 D6=842184D8 D7=100D00 A0=95200 A1=108906 A2=4ABB4 A3=108FAA A4=100D00 A5=108000 A6=10BA1E PC=4836 -- 004836: move.w  (A1)+, D1
D0=F0067 D1=0 D2=108100 D3=0 D4=8403600 D5=842184D8 D6=842184D8 D7=100D00 A0=95200 A1=108908 A2=4ABB4 A3=108FAA A4=100D00 A5=108000 A6=10BA1E PC=4838 -- 004838: beq     $485a
D0=F0067 D1=0 D2=108100 D3=0 D4=8403600 D5=842184D8 D6=842184D8 D7=100D00 A0=95200 A1=108908 A2=4ABB4 A3=108FAA A4=100D00 A5=108000 A6=10BA1E PC=485A -- 00485A: move.w  A4, (-$2,A1)
D0=F0067 D1=0 D2=108100 D3=0 D4=8403600 D5=842184D8 D6=842184D8 D7=100D00 A0=95200 A1=108908 A2=4ABB4 A3=108FAA A4=100D00 A5=108000 A6=10BA1E PC=485E -- 00485E: rts
D0=F0067 D1=0 D2=108100 D3=0 D4=8403600 D5=842184D8 D6=842184D8 D7=100D00 A0=95200 A1=108908 A2=4ABB4 A3=108FAA A4=100D00 A5=108000 A6=10BA1E PC=32B3C -- 032B3C: move.l  A4, D7
D0=F0067 D1=0 D2=108100 D3=0 D4=8403600 D5=842184D8 D6=842184D8 D7=100D00 A0=95200 A1=108908 A2=4ABB4 A3=108FAA A4=100D00 A5=108000 A6=10BA1E PC=32B3E -- 032B3E: move.w  ($4,A4), D7
D0=F0067 D1=0 D2=108100 D3=0 D4=8403600 D5=842184D8 D6=842184D8 D7=100F00 A0=95200 A1=108908 A2=4ABB4 A3=108FAA A4=100D00 A5=108000 A6=10BA1E PC=32B42 -- 032B42: bpl     $32b36
D0=F0067 D1=0 D2=108100 D3=0 D4=8403600 D5=842184D8 D6=842184D8 D7=100F00 A0=95200 A1=108908 A2=4ABB4 A3=108FAA A4=100D00 A5=108000 A6=10BA1E PC=32B36 -- 032B36: movea.l D7, A4
D0=F0067 D1=0 D2=108100 D3=0 D4=8403600 D5=842184D8 D6=842184D8 D7=100F00 A0=95200 A1=108908 A2=4ABB4 A3=108FAA A4=100F00 A5=108000 A6=10BA1E PC=32B38 -- 032B38: movea.l (A4), A0
D0=F0067 D1=0 D2=108100 D3=0 D4=8403600 D5=842184D8 D6=842184D8 D7=100F00 A0=37CBA A1=108908 A2=4ABB4 A3=108FAA A4=100F00 A5=108000 A6=10BA1E PC=32B3A -- 032B3A: jsr     (A0)
D0=F0067 D1=0 D2=108100 D3=0 D4=8403600 D5=842184D8 D6=842184D8 D7=100F00 A0=37CBA A1=108908 A2=4ABB4 A3=108FAA A4=100F00 A5=108000 A6=10BA1E PC=37CBA -- 037CBA: move.w  ($d0,A4), D0
D0=F0003 D1=0 D2=108100 D3=0 D4=8403600 D5=842184D8 D6=842184D8 D7=100F00 A0=37CBA A1=108908 A2=4ABB4 A3=108FAA A4=100F00 A5=108000 A6=10BA1E PC=37CBE -- 037CBE: movea.l ($84,A4), A0
D0=F0003 D1=0 D2=108100 D3=0 D4=8403600 D5=842184D8 D6=842184D8 D7=100F00 A0=108584 A1=108908 A2=4ABB4 A3=108FAA A4=100F00 A5=108000 A6=10BA1E PC=37CC2 -- 037CC2: btst    D0, ($cf,A0)
D0=F0003 D1=0 D2=108100 D3=0 D4=8403600 D5=842184D8 D6=842184D8 D7=100F00 A0=108584 A1=108908 A2=4ABB4 A3=108FAA A4=100F00 A5=108000 A6=10BA1E PC=37CC6 -- 037CC6: beq     $36eac
D0=F0003 D1=0 D2=108100 D3=0 D4=8403600 D5=842184D8 D6=842184D8 D7=100F00 A0=108584 A1=108908 A2=4ABB4 A3=108FAA A4=100F00 A5=108000 A6=10BA1E PC=36EAC -- 036EAC: jsr     $48e6.w
D0=F0003 D1=0 D2=108100 D3=0 D4=8403600 D5=842184D8 D6=842184D8 D7=100F00 A0=108584 A1=108908 A2=4ABB4 A3=108FAA A4=100F00 A5=108000 A6=10BA1E PC=48E6 -- 0048E6: move.w  ($70,A4), D0
D0=F001B D1=0 D2=108100 D3=0 D4=8403600 D5=842184D8 D6=842184D8 D7=100F00 A0=108584 A1=108908 A2=4ABB4 A3=108FAA A4=100F00 A5=108000 A6=10BA1E PC=48EA -- 0048EA: cmp.b   ($78,A4), D0
D0=F001B D1=0 D2=108100 D3=0 D4=8403600 D5=842184D8 D6=842184D8 D7=100F00 A0=108584 A1=108908 A2=4ABB4 A3=108FAA A4=100F00 A5=108000 A6=10BA1E PC=48EE -- 0048EE: bne     $491c
D0=F001B D1=0 D2=108100 D3=0 D4=8403600 D5=842184D8 D6=842184D8 D7=100F00 A0=108584 A1=108908 A2=4ABB4 A3=108FAA A4=100F00 A5=108000 A6=10BA1E PC=48F0 -- 0048F0: move.w  ($72,A4), D0
D0=F0033 D1=0 D2=108100 D3=0 D4=8403600 D5=842184D8 D6=842184D8 D7=100F00 A0=108584 A1=108908 A2=4ABB4 A3=108FAA A4=100F00 A5=108000 A6=10BA1E PC=48F4 -- 0048F4: cmp.b   ($79,A4), D0
D0=F0033 D1=0 D2=108100 D3=0 D4=8403600 D5=842184D8 D6=842184D8 D7=100F00 A0=108584 A1=108908 A2=4ABB4 A3=108FAA A4=100F00 A5=108000 A6=10BA1E PC=48F8 -- 0048F8: bne     $493c
D0=F0033 D1=0 D2=108100 D3=0 D4=8403600 D5=842184D8 D6=842184D8 D7=100F00 A0=108584 A1=108908 A2=4ABB4 A3=108FAA A4=100F00 A5=108000 A6=10BA1E PC=48FA -- 0048FA: tst.b   ($77,A4)
D0=F0033 D1=0 D2=108100 D3=0 D4=8403600 D5=842184D8 D6=842184D8 D7=100F00 A0=108584 A1=108908 A2=4ABB4 A3=108FAA A4=100F00 A5=108000 A6=10BA1E PC=48FE -- 0048FE: bne     $495c
D0=F0033 D1=0 D2=108100 D3=0 D4=8403600 D5=842184D8 D6=842184D8 D7=100F00 A0=108584 A1=108908 A2=4ABB4 A3=108FAA A4=100F00 A5=108000 A6=10BA1E PC=4900 -- 004900: tst.b   ($7a,A4)
D0=F0033 D1=0 D2=108100 D3=0 D4=8403600 D5=842184D8 D6=842184D8 D7=100F00 A0=108584 A1=108908 A2=4ABB4 A3=108FAA A4=100F00 A5=108000 A6=10BA1E PC=4904 -- 004904: bmi     $491a
D0=F0033 D1=0 D2=108100 D3=0 D4=8403600 D5=842184D8 D6=842184D8 D7=100F00 A0=108584 A1=108908 A2=4ABB4 A3=108FAA A4=100F00 A5=108000 A6=10BA1E PC=491A -- 00491A: rts
D0=F0033 D1=0 D2=108100 D3=0 D4=8403600 D5=842184D8 D6=842184D8 D7=100F00 A0=108584 A1=108908 A2=4ABB4 A3=108FAA A4=100F00 A5=108000 A6=10BA1E PC=36EB0 -- 036EB0: jmp     $3e2e.w
D0=F0033 D1=0 D2=108100 D3=0 D4=8403600 D5=842184D8 D6=842184D8 D7=100F00 A0=108584 A1=108908 A2=4ABB4 A3=108FAA A4=100F00 A5=108000 A6=10BA1E PC=3E2E -- 003E2E: tst.w   ($74,A4)
D0=F0033 D1=0 D2=108100 D3=0 D4=8403600 D5=842184D8 D6=842184D8 D7=100F00 A0=108584 A1=108908 A2=4ABB4 A3=108FAA A4=100F00 A5=108000 A6=10BA1E PC=3E32 -- 003E32: bmi     $3e80
D0=F0033 D1=0 D2=108100 D3=0 D4=8403600 D5=842184D8 D6=842184D8 D7=100F00 A0=108584 A1=108908 A2=4ABB4 A3=108FAA A4=100F00 A5=108000 A6=10BA1E PC=3E34 -- 003E34: btst    #$6, ($7c,A4)
D0=F0033 D1=0 D2=108100 D3=0 D4=8403600 D5=842184D8 D6=842184D8 D7=100F00 A0=108584 A1=108908 A2=4ABB4 A3=108FAA A4=100F00 A5=108000 A6=10BA1E PC=3E3A -- 003E3A: bne     $3e78
D0=F0033 D1=0 D2=108100 D3=0 D4=8403600 D5=842184D8 D6=842184D8 D7=100F00 A0=108584 A1=108908 A2=4ABB4 A3=108FAA A4=100F00 A5=108000 A6=10BA1E PC=3E3E -- 003E3E: moveq   #$0, D3
D0=F0033 D1=0 D2=108100 D3=0 D4=8403600 D5=842184D8 D6=842184D8 D7=100F00 A0=108584 A1=108908 A2=4ABB4 A3=108FAA A4=100F00 A5=108000 A6=10BA1E PC=3E40 -- 003E40: move.b  ($82,A4), D3
D0=F0033 D1=0 D2=108100 D3=0 D4=8403600 D5=842184D8 D6=842184D8 D7=100F00 A0=108584 A1=108908 A2=4ABB4 A3=108FAA A4=100F00 A5=108000 A6=10BA1E PC=3E44 -- 003E44: add.w   D3, D3
D0=F0033 D1=0 D2=108100 D3=0 D4=8403600 D5=842184D8 D6=842184D8 D7=100F00 A0=108584 A1=108908 A2=4ABB4 A3=108FAA A4=100F00 A5=108000 A6=10BA1E PC=3E46 -- 003E46: add.w   D3, D3
D0=F0033 D1=0 D2=108100 D3=0 D4=8403600 D5=842184D8 D6=842184D8 D7=100F00 A0=108584 A1=108908 A2=4ABB4 A3=108FAA A4=100F00 A5=108000 A6=10BA1E PC=3E48 -- 003E48: move.w  ($18,A4), D0
D0=F0068 D1=0 D2=108100 D3=0 D4=8403600 D5=842184D8 D6=842184D8 D7=100F00 A0=108584 A1=108908 A2=4ABB4 A3=108FAA A4=100F00 A5=108000 A6=10BA1E PC=3E4C -- 003E4C: lea     ($104c,A5), A0
D0=F0068 D1=0 D2=108100 D3=0 D4=8403600 D5=842184D8 D6=842184D8 D7=100F00 A0=10904C A1=108908 A2=4ABB4 A3=108FAA A4=100F00 A5=108000 A6=10BA1E PC=3E50 -- 003E50: sub.w   (A0,D3.w), D0
D0=F0068 D1=0 D2=108100 D3=0 D4=8403600 D5=842184D8 D6=842184D8 D7=100F00 A0=10904C A1=108908 A2=4ABB4 A3=108FAA A4=100F00 A5=108000 A6=10BA1E PC=3E54 -- 003E54: addi.w  #$30, D0
D0=F0098 D1=0 D2=108100 D3=0 D4=8403600 D5=842184D8 D6=842184D8 D7=100F00 A0=10904C A1=108908 A2=4ABB4 A3=108FAA A4=100F00 A5=108000 A6=10BA1E PC=3E58 -- 003E58: cmpi.w  #$1a0, D0
D0=F0098 D1=0 D2=108100 D3=0 D4=8403600 D5=842184D8 D6=842184D8 D7=100F00 A0=10904C A1=108908 A2=4ABB4 A3=108FAA A4=100F00 A5=108000 A6=10BA1E PC=3E5C -- 003E5C: bls     $3e60
D0=F0098 D1=0 D2=108100 D3=0 D4=8403600 D5=842184D8 D6=842184D8 D7=100F00 A0=10904C A1=108908 A2=4ABB4 A3=108FAA A4=100F00 A5=108000 A6=10BA1E PC=3E60 -- 003E60: move.w  ($1c,A4), D0
D0=F0070 D1=0 D2=108100 D3=0 D4=8403600 D5=842184D8 D6=842184D8 D7=100F00 A0=10904C A1=108908 A2=4ABB4 A3=108FAA A4=100F00 A5=108000 A6=10BA1E PC=3E64 -- 003E64: sub.w   ($20,A4), D0
D0=F0070 D1=0 D2=108100 D3=0 D4=8403600 D5=842184D8 D6=842184D8 D7=100F00 A0=10904C A1=108908 A2=4ABB4 A3=108FAA A4=100F00 A5=108000 A6=10BA1E PC=3E68 -- 003E68: lea     ($1058,A5), A0
D0=F0070 D1=0 D2=108100 D3=0 D4=8403600 D5=842184D8 D6=842184D8 D7=100F00 A0=109058 A1=108908 A2=4ABB4 A3=108FAA A4=100F00 A5=108000 A6=10BA1E PC=3E6C -- 003E6C: sub.w   (A0,D3.w), D0
D0=F0070 D1=0 D2=108100 D3=0 D4=8403600 D5=842184D8 D6=842184D8 D7=100F00 A0=109058 A1=108908 A2=4ABB4 A3=108FAA A4=100F00 A5=108000 A6=10BA1E PC=3E70 -- 003E70: cmpi.w  #$1c0, D0
D0=F0070 D1=0 D2=108100 D3=0 D4=8403600 D5=842184D8 D6=842184D8 D7=100F00 A0=109058 A1=108908 A2=4ABB4 A3=108FAA A4=100F00 A5=108000 A6=10BA1E PC=3E74 -- 003E74: bls     $3e78
D0=F0070 D1=0 D2=108100 D3=0 D4=8403600 D5=842184D8 D6=842184D8 D7=100F00 A0=109058 A1=108908 A2=4ABB4 A3=108FAA A4=100F00 A5=108000 A6=10BA1E PC=3E78 -- 003E78: bsr     $4860
D0=F0070 D1=0 D2=108100 D3=0 D4=8403600 D5=842184D8 D6=842184D8 D7=100F00 A0=109058 A1=108908 A2=4ABB4 A3=108FAA A4=100F00 A5=108000 A6=10BA1E PC=4860 -- 004860: lea     $7bf48.l, A0
D0=F0070 D1=0 D2=108100 D3=0 D4=8403600 D5=842184D8 D6=842184D8 D7=100F00 A0=7BF48 A1=108908 A2=4ABB4 A3=108FAA A4=100F00 A5=108000 A6=10BA1E PC=4866 -- 004866: move.w  ($70,A4), D0
D0=F001B D1=0 D2=108100 D3=0 D4=8403600 D5=842184D8 D6=842184D8 D7=100F00 A0=7BF48 A1=108908 A2=4ABB4 A3=108FAA A4=100F00 A5=108000 A6=10BA1E PC=486A -- 00486A: add.w   D0, D0
D0=F0036 D1=0 D2=108100 D3=0 D4=8403600 D5=842184D8 D6=842184D8 D7=100F00 A0=7BF48 A1=108908 A2=4ABB4 A3=108FAA A4=100F00 A5=108000 A6=10BA1E PC=486C -- 00486C: add.w   D0, D0
D0=F006C D1=0 D2=108100 D3=0 D4=8403600 D5=842184D8 D6=842184D8 D7=100F00 A0=7BF48 A1=108908 A2=4ABB4 A3=108FAA A4=100F00 A5=108000 A6=10BA1E PC=486E -- 00486E: movea.l (A0,D0.w), A0
D0=F006C D1=0 D2=108100 D3=0 D4=8403600 D5=842184D8 D6=842184D8 D7=100F00 A0=7F5E0 A1=108908 A2=4ABB4 A3=108FAA A4=100F00 A5=108000 A6=10BA1E PC=4872 -- 004872: move.w  ($72,A4), D0
D0=F0033 D1=0 D2=108100 D3=0 D4=8403600 D5=842184D8 D6=842184D8 D7=100F00 A0=7F5E0 A1=108908 A2=4ABB4 A3=108FAA A4=100F00 A5=108000 A6=10BA1E PC=4876 -- 004876: add.w   D0, D0
D0=F0066 D1=0 D2=108100 D3=0 D4=8403600 D5=842184D8 D6=842184D8 D7=100F00 A0=7F5E0 A1=108908 A2=4ABB4 A3=108FAA A4=100F00 A5=108000 A6=10BA1E PC=4878 -- 004878: move.w  (A0,D0.w), D1
D0=F0066 D1=3333 D2=108100 D3=0 D4=8403600 D5=842184D8 D6=842184D8 D7=100F00 A0=7F5E0 A1=108908 A2=4ABB4 A3=108FAA A4=100F00 A5=108000 A6=10BA1E PC=487C -- 00487C: move.w  D1, ($46de,A5)
D0=F0066 D1=3333 D2=108100 D3=0 D4=8403600 D5=842184D8 D6=842184D8 D7=100F00 A0=7F5E0 A1=108908 A2=4ABB4 A3=108FAA A4=100F00 A5=108000 A6=10BA1E PC=4880 -- 004880: lea     $80000.l, A0
D0=F0066 D1=3333 D2=108100 D3=0 D4=8403600 D5=842184D8 D6=842184D8 D7=100F00 A0=80000 A1=108908 A2=4ABB4 A3=108FAA A4=100F00 A5=108000 A6=10BA1E PC=4886 -- 004886: move.w  ($70,A4), D0
D0=F001B D1=3333 D2=108100 D3=0 D4=8403600 D5=842184D8 D6=842184D8 D7=100F00 A0=80000 A1=108908 A2=4ABB4 A3=108FAA A4=100F00 A5=108000 A6=10BA1E PC=488A -- 00488A: add.w   D0, D0
D0=F0036 D1=3333 D2=108100 D3=0 D4=8403600 D5=842184D8 D6=842184D8 D7=100F00 A0=80000 A1=108908 A2=4ABB4 A3=108FAA A4=100F00 A5=108000 A6=10BA1E PC=488C -- 00488C: add.w   D0, D0
D0=F006C D1=3333 D2=108100 D3=0 D4=8403600 D5=842184D8 D6=842184D8 D7=100F00 A0=80000 A1=108908 A2=4ABB4 A3=108FAA A4=100F00 A5=108000 A6=10BA1E PC=488E -- 00488E: movea.l (A0,D0.w), A0
D0=F006C D1=3333 D2=108100 D3=0 D4=8403600 D5=842184D8 D6=842184D8 D7=100F00 A0=86E00 A1=108908 A2=4ABB4 A3=108FAA A4=100F00 A5=108000 A6=10BA1E PC=4892 -- 004892: move.w  ($46de,A5), D0
D0=F3333 D1=3333 D2=108100 D3=0 D4=8403600 D5=842184D8 D6=842184D8 D7=100F00 A0=86E00 A1=108908 A2=4ABB4 A3=108FAA A4=100F00 A5=108000 A6=10BA1E PC=4896 -- 004896: tst.b   ($46e2,A5)
D0=F3333 D1=3333 D2=108100 D3=0 D4=8403600 D5=842184D8 D6=842184D8 D7=100F00 A0=86E00 A1=108908 A2=4ABB4 A3=108FAA A4=100F00 A5=108000 A6=10BA1E PC=489A -- 00489A: beq     $48a0
D0=F3333 D1=3333 D2=108100 D3=0 D4=8403600 D5=842184D8 D6=842184D8 D7=100F00 A0=86E00 A1=108908 A2=4ABB4 A3=108FAA A4=100F00 A5=108000 A6=10BA1E PC=48A0 -- 0048A0: andi.w  #$ff, D0
D0=F0033 D1=3333 D2=108100 D3=0 D4=8403600 D5=842184D8 D6=842184D8 D7=100F00 A0=86E00 A1=108908 A2=4ABB4 A3=108FAA A4=100F00 A5=108000 A6=10BA1E PC=48A4 -- 0048A4: add.w   D0, D0
D0=F0066 D1=3333 D2=108100 D3=0 D4=8403600 D5=842184D8 D6=842184D8 D7=100F00 A0=86E00 A1=108908 A2=4ABB4 A3=108FAA A4=100F00 A5=108000 A6=10BA1E PC=48A6 -- 0048A6: add.w   D0, D0
D0=F00CC D1=3333 D2=108100 D3=0 D4=8403600 D5=842184D8 D6=842184D8 D7=100F00 A0=86E00 A1=108908 A2=4ABB4 A3=108FAA A4=100F00 A5=108000 A6=10BA1E PC=48A8 -- 0048A8: movea.l (A0,D0.w), A0
D0=F00CC D1=3333 D2=108100 D3=0 D4=8403600 D5=842184D8 D6=842184D8 D7=100F00 A0=F30EA A1=108908 A2=4ABB4 A3=108FAA A4=100F00 A5=108000 A6=10BA1E PC=48AC -- 0048AC: move.w  ($74,A4), D0
D0=F0000 D1=3333 D2=108100 D3=0 D4=8403600 D5=842184D8 D6=842184D8 D7=100F00 A0=F30EA A1=108908 A2=4ABB4 A3=108FAA A4=100F00 A5=108000 A6=10BA1E PC=48B0 -- 0048B0: adda.w  D0, A0
D0=F0000 D1=3333 D2=108100 D3=0 D4=8403600 D5=842184D8 D6=842184D8 D7=100F00 A0=F30EA A1=108908 A2=4ABB4 A3=108FAA A4=100F00 A5=108000 A6=10BA1E PC=48B2 -- 0048B2: move.l  (A0), D0
D0=710F10EC D1=3333 D2=108100 D3=0 D4=8403600 D5=842184D8 D6=842184D8 D7=100F00 A0=F30EA A1=108908 A2=4ABB4 A3=108FAA A4=100F00 A5=108000 A6=10BA1E PC=48B4 -- 0048B4: andi.l  #$ffffff, D0
D0=F10EC D1=3333 D2=108100 D3=0 D4=8403600 D5=842184D8 D6=842184D8 D7=100F00 A0=F30EA A1=108908 A2=4ABB4 A3=108FAA A4=100F00 A5=108000 A6=10BA1E PC=48BA -- 0048BA: movea.l D0, A0
D0=F10EC D1=3333 D2=108100 D3=0 D4=8403600 D5=842184D8 D6=842184D8 D7=100F00 A0=F10EC A1=108908 A2=4ABB4 A3=108FAA A4=100F00 A5=108000 A6=10BA1E PC=48BC -- 0048BC: move.w  ($4,A0), D0
D0=F006D D1=3333 D2=108100 D3=0 D4=8403600 D5=842184D8 D6=842184D8 D7=100F00 A0=F10EC A1=108908 A2=4ABB4 A3=108FAA A4=100F00 A5=108000 A6=10BA1E PC=48C0 -- 0048C0: andi.w  #$1fff, D0
D0=F006D D1=3333 D2=108100 D3=0 D4=8403600 D5=842184D8 D6=842184D8 D7=100F00 A0=F10EC A1=108908 A2=4ABB4 A3=108FAA A4=100F00 A5=108000 A6=10BA1E PC=48C4 -- 0048C4: move.w  D0, ($46e0,A5)
D0=F006D D1=3333 D2=108100 D3=0 D4=8403600 D5=842184D8 D6=842184D8 D7=100F00 A0=F10EC A1=108908 A2=4ABB4 A3=108FAA A4=100F00 A5=108000 A6=10BA1E PC=48C8 -- 0048C8: lea     $80080.l, A0
D0=F006D D1=3333 D2=108100 D3=0 D4=8403600 D5=842184D8 D6=842184D8 D7=100F00 A0=80080 A1=108908 A2=4ABB4 A3=108FAA A4=100F00 A5=108000 A6=10BA1E PC=48CE -- 0048CE: move.w  ($70,A4), D1
D0=F006D D1=1B D2=108100 D3=0 D4=8403600 D5=842184D8 D6=842184D8 D7=100F00 A0=80080 A1=108908 A2=4ABB4 A3=108FAA A4=100F00 A5=108000 A6=10BA1E PC=48D2 -- 0048D2: add.w   D1, D1
D0=F006D D1=36 D2=108100 D3=0 D4=8403600 D5=842184D8 D6=842184D8 D7=100F00 A0=80080 A1=108908 A2=4ABB4 A3=108FAA A4=100F00 A5=108000 A6=10BA1E PC=48D4 -- 0048D4: add.w   D1, D1
D0=F006D D1=6C D2=108100 D3=0 D4=8403600 D5=842184D8 D6=842184D8 D7=100F00 A0=80080 A1=108908 A2=4ABB4 A3=108FAA A4=100F00 A5=108000 A6=10BA1E PC=48D6 -- 0048D6: movea.l (A0,D1.w), A0
D0=F006D D1=6C D2=108100 D3=0 D4=8403600 D5=842184D8 D6=842184D8 D7=100F00 A0=95200 A1=108908 A2=4ABB4 A3=108FAA A4=100F00 A5=108000 A6=10BA1E PC=48DA -- 0048DA: add.w   D0, D0
D0=F00DA D1=6C D2=108100 D3=0 D4=8403600 D5=842184D8 D6=842184D8 D7=100F00 A0=95200 A1=108908 A2=4ABB4 A3=108FAA A4=100F00 A5=108000 A6=10BA1E PC=48DC -- 0048DC: add.w   D0, D0
D0=F01B4 D1=6C D2=108100 D3=0 D4=8403600 D5=842184D8 D6=842184D8 D7=100F00 A0=95200 A1=108908 A2=4ABB4 A3=108FAA A4=100F00 A5=108000 A6=10BA1E PC=48DE -- 0048DE: move.l  (A0,D0.w), ($28,A4)
D0=F01B4 D1=6C D2=108100 D3=0 D4=8403600 D5=842184D8 D6=842184D8 D7=100F00 A0=95200 A1=108908 A2=4ABB4 A3=108FAA A4=100F00 A5=108000 A6=10BA1E PC=48E4 -- 0048E4: rts
D0=F01B4 D1=6C D2=108100 D3=0 D4=8403600 D5=842184D8 D6=842184D8 D7=100F00 A0=95200 A1=108908 A2=4ABB4 A3=108FAA A4=100F00 A5=108000 A6=10BA1E PC=3E7C -- 003E7C: bra     $481a
D0=F01B4 D1=6C D2=108100 D3=0 D4=8403600 D5=842184D8 D6=842184D8 D7=100F00 A0=95200 A1=108908 A2=4ABB4 A3=108FAA A4=100F00 A5=108000 A6=10BA1E PC=481A -- 00481A: addq.w  #1, ($e3a,A5)
D0=F01B4 D1=6C D2=108100 D3=0 D4=8403600 D5=842184D8 D6=842184D8 D7=100F00 A0=95200 A1=108908 A2=4ABB4 A3=108FAA A4=100F00 A5=108000 A6=10BA1E PC=481E -- 00481E: lea     ($838,A5), A1
D0=F01B4 D1=6C D2=108100 D3=0 D4=8403600 D5=842184D8 D6=842184D8 D7=100F00 A0=95200 A1=108838 A2=4ABB4 A3=108FAA A4=100F00 A5=108000 A6=10BA1E PC=4822 -- 004822: move.w  ($2c,A4), D0
D0=F0066 D1=6C D2=108100 D3=0 D4=8403600 D5=842184D8 D6=842184D8 D7=100F00 A0=95200 A1=108838 A2=4ABB4 A3=108FAA A4=100F00 A5=108000 A6=10BA1E PC=4826 -- 004826: move.w  D0, D1
D0=F0066 D1=66 D2=108100 D3=0 D4=8403600 D5=842184D8 D6=842184D8 D7=100F00 A0=95200 A1=108838 A2=4ABB4 A3=108FAA A4=100F00 A5=108000 A6=10BA1E PC=4828 -- 004828: add.w   D1, D1
D0=F0066 D1=CC D2=108100 D3=0 D4=8403600 D5=842184D8 D6=842184D8 D7=100F00 A0=95200 A1=108838 A2=4ABB4 A3=108FAA A4=100F00 A5=108000 A6=10BA1E PC=482A -- 00482A: adda.w  D1, A1
D0=F0066 D1=CC D2=108100 D3=0 D4=8403600 D5=842184D8 D6=842184D8 D7=100F00 A0=95200 A1=108904 A2=4ABB4 A3=108FAA A4=100F00 A5=108000 A6=10BA1E PC=482C -- 00482C: cmp.w   ($e38,A5), D1
D0=F0066 D1=CC D2=108100 D3=0 D4=8403600 D5=842184D8 D6=842184D8 D7=100F00 A0=95200 A1=108904 A2=4ABB4 A3=108FAA A4=100F00 A5=108000 A6=10BA1E PC=4830 -- 004830: bhi     $4836
D0=F0066 D1=CC D2=108100 D3=0 D4=8403600 D5=842184D8 D6=842184D8 D7=100F00 A0=95200 A1=108904 A2=4ABB4 A3=108FAA A4=100F00 A5=108000 A6=10BA1E PC=4832 -- 004832: move.w  D1, ($e38,A5)
D0=F0066 D1=CC D2=108100 D3=0 D4=8403600 D5=842184D8 D6=842184D8 D7=100F00 A0=95200 A1=108904 A2=4ABB4 A3=108FAA A4=100F00 A5=108000 A6=10BA1E PC=4836 -- 004836: move.w  (A1)+, D1
D0=F0066 D1=0 D2=108100 D3=0 D4=8403600 D5=842184D8 D6=842184D8 D7=100F00 A0=95200 A1=108906 A2=4ABB4 A3=108FAA A4=100F00 A5=108000 A6=10BA1E PC=4838 -- 004838: beq     $485a
D0=F0066 D1=0 D2=108100 D3=0 D4=8403600 D5=842184D8 D6=842184D8 D7=100F00 A0=95200 A1=108906 A2=4ABB4 A3=108FAA A4=100F00 A5=108000 A6=10BA1E PC=485A -- 00485A: move.w  A4, (-$2,A1)
D0=F0066 D1=0 D2=108100 D3=0 D4=8403600 D5=842184D8 D6=842184D8 D7=100F00 A0=95200 A1=108906 A2=4ABB4 A3=108FAA A4=100F00 A5=108000 A6=10BA1E PC=485E -- 00485E: rts
D0=F0066 D1=0 D2=108100 D3=0 D4=8403600 D5=842184D8 D6=842184D8 D7=100F00 A0=95200 A1=108906 A2=4ABB4 A3=108FAA A4=100F00 A5=108000 A6=10BA1E PC=32B3C -- 032B3C: move.l  A4, D7
D0=F0066 D1=0 D2=108100 D3=0 D4=8403600 D5=842184D8 D6=842184D8 D7=100F00 A0=95200 A1=108906 A2=4ABB4 A3=108FAA A4=100F00 A5=108000 A6=10BA1E PC=32B3E -- 032B3E: move.w  ($4,A4), D7
D0=F0066 D1=0 D2=108100 D3=0 D4=8403600 D5=842184D8 D6=842184D8 D7=101100 A0=95200 A1=108906 A2=4ABB4 A3=108FAA A4=100F00 A5=108000 A6=10BA1E PC=32B42 -- 032B42: bpl     $32b36
D0=F0066 D1=0 D2=108100 D3=0 D4=8403600 D5=842184D8 D6=842184D8 D7=101100 A0=95200 A1=108906 A2=4ABB4 A3=108FAA A4=100F00 A5=108000 A6=10BA1E PC=32B36 -- 032B36: movea.l D7, A4
D0=F0066 D1=0 D2=108100 D3=0 D4=8403600 D5=842184D8 D6=842184D8 D7=101100 A0=95200 A1=108906 A2=4ABB4 A3=108FAA A4=101100 A5=108000 A6=10BA1E PC=32B38 -- 032B38: movea.l (A4), A0
D0=F0066 D1=0 D2=108100 D3=0 D4=8403600 D5=842184D8 D6=842184D8 D7=101100 A0=37CBA A1=108906 A2=4ABB4 A3=108FAA A4=101100 A5=108000 A6=10BA1E PC=32B3A -- 032B3A: jsr     (A0)
D0=F0066 D1=0 D2=108100 D3=0 D4=8403600 D5=842184D8 D6=842184D8 D7=101100 A0=37CBA A1=108906 A2=4ABB4 A3=108FAA A4=101100 A5=108000 A6=10BA1E PC=37CBA -- 037CBA: move.w  ($d0,A4), D0
D0=F0003 D1=0 D2=108100 D3=0 D4=8403600 D5=842184D8 D6=842184D8 D7=101100 A0=37CBA A1=108906 A2=4ABB4 A3=108FAA A4=101100 A5=108000 A6=10BA1E PC=37CBE -- 037CBE: movea.l ($84,A4), A0
D0=F0003 D1=0 D2=108100 D3=0 D4=8403600 D5=842184D8 D6=842184D8 D7=101100 A0=108584 A1=108906 A2=4ABB4 A3=108FAA A4=101100 A5=108000 A6=10BA1E PC=37CC2 -- 037CC2: btst    D0, ($cf,A0)
D0=F0003 D1=0 D2=108100 D3=0 D4=8403600 D5=842184D8 D6=842184D8 D7=101100 A0=108584 A1=108906 A2=4ABB4 A3=108FAA A4=101100 A5=108000 A6=10BA1E PC=37CC6 -- 037CC6: beq     $36eac
D0=F0003 D1=0 D2=108100 D3=0 D4=8403600 D5=842184D8 D6=842184D8 D7=101100 A0=108584 A1=108906 A2=4ABB4 A3=108FAA A4=101100 A5=108000 A6=10BA1E PC=36EAC -- 036EAC: jsr     $48e6.w
D0=F0003 D1=0 D2=108100 D3=0 D4=8403600 D5=842184D8 D6=842184D8 D7=101100 A0=108584 A1=108906 A2=4ABB4 A3=108FAA A4=101100 A5=108000 A6=10BA1E PC=48E6 -- 0048E6: move.w  ($70,A4), D0
D0=F001B D1=0 D2=108100 D3=0 D4=8403600 D5=842184D8 D6=842184D8 D7=101100 A0=108584 A1=108906 A2=4ABB4 A3=108FAA A4=101100 A5=108000 A6=10BA1E PC=48EA -- 0048EA: cmp.b   ($78,A4), D0
D0=F001B D1=0 D2=108100 D3=0 D4=8403600 D5=842184D8 D6=842184D8 D7=101100 A0=108584 A1=108906 A2=4ABB4 A3=108FAA A4=101100 A5=108000 A6=10BA1E PC=48EE -- 0048EE: bne     $491c
D0=F001B D1=0 D2=108100 D3=0 D4=8403600 D5=842184D8 D6=842184D8 D7=101100 A0=108584 A1=108906 A2=4ABB4 A3=108FAA A4=101100 A5=108000 A6=10BA1E PC=48F0 -- 0048F0: move.w  ($72,A4), D0
D0=F0032 D1=0 D2=108100 D3=0 D4=8403600 D5=842184D8 D6=842184D8 D7=101100 A0=108584 A1=108906 A2=4ABB4 A3=108FAA A4=101100 A5=108000 A6=10BA1E PC=48F4 -- 0048F4: cmp.b   ($79,A4), D0
D0=F0032 D1=0 D2=108100 D3=0 D4=8403600 D5=842184D8 D6=842184D8 D7=101100 A0=108584 A1=108906 A2=4ABB4 A3=108FAA A4=101100 A5=108000 A6=10BA1E PC=48F8 -- 0048F8: bne     $493c
D0=F0032 D1=0 D2=108100 D3=0 D4=8403600 D5=842184D8 D6=842184D8 D7=101100 A0=108584 A1=108906 A2=4ABB4 A3=108FAA A4=101100 A5=108000 A6=10BA1E PC=48FA -- 0048FA: tst.b   ($77,A4)
D0=F0032 D1=0 D2=108100 D3=0 D4=8403600 D5=842184D8 D6=842184D8 D7=101100 A0=108584 A1=108906 A2=4ABB4 A3=108FAA A4=101100 A5=108000 A6=10BA1E PC=48FE -- 0048FE: bne     $495c
D0=F0032 D1=0 D2=108100 D3=0 D4=8403600 D5=842184D8 D6=842184D8 D7=101100 A0=108584 A1=108906 A2=4ABB4 A3=108FAA A4=101100 A5=108000 A6=10BA1E PC=4900 -- 004900: tst.b   ($7a,A4)
D0=F0032 D1=0 D2=108100 D3=0 D4=8403600 D5=842184D8 D6=842184D8 D7=101100 A0=108584 A1=108906 A2=4ABB4 A3=108FAA A4=101100 A5=108000 A6=10BA1E PC=4904 -- 004904: bmi     $491a
D0=F0032 D1=0 D2=108100 D3=0 D4=8403600 D5=842184D8 D6=842184D8 D7=101100 A0=108584 A1=108906 A2=4ABB4 A3=108FAA A4=101100 A5=108000 A6=10BA1E PC=491A -- 00491A: rts
D0=F0032 D1=0 D2=108100 D3=0 D4=8403600 D5=842184D8 D6=842184D8 D7=101100 A0=108584 A1=108906 A2=4ABB4 A3=108FAA A4=101100 A5=108000 A6=10BA1E PC=36EB0 -- 036EB0: jmp     $3e2e.w
D0=F0032 D1=0 D2=108100 D3=0 D4=8403600 D5=842184D8 D6=842184D8 D7=101100 A0=108584 A1=108906 A2=4ABB4 A3=108FAA A4=101100 A5=108000 A6=10BA1E PC=3E2E -- 003E2E: tst.w   ($74,A4)
D0=F0032 D1=0 D2=108100 D3=0 D4=8403600 D5=842184D8 D6=842184D8 D7=101100 A0=108584 A1=108906 A2=4ABB4 A3=108FAA A4=101100 A5=108000 A6=10BA1E PC=3E32 -- 003E32: bmi     $3e80
D0=F0032 D1=0 D2=108100 D3=0 D4=8403600 D5=842184D8 D6=842184D8 D7=101100 A0=108584 A1=108906 A2=4ABB4 A3=108FAA A4=101100 A5=108000 A6=10BA1E PC=3E34 -- 003E34: btst    #$6, ($7c,A4)
D0=F0032 D1=0 D2=108100 D3=0 D4=8403600 D5=842184D8 D6=842184D8 D7=101100 A0=108584 A1=108906 A2=4ABB4 A3=108FAA A4=101100 A5=108000 A6=10BA1E PC=3E3A -- 003E3A: bne     $3e78
D0=F0032 D1=0 D2=108100 D3=0 D4=8403600 D5=842184D8 D6=842184D8 D7=101100 A0=108584 A1=108906 A2=4ABB4 A3=108FAA A4=101100 A5=108000 A6=10BA1E PC=3E3E -- 003E3E: moveq   #$0, D3
D0=F0032 D1=0 D2=108100 D3=0 D4=8403600 D5=842184D8 D6=842184D8 D7=101100 A0=108584 A1=108906 A2=4ABB4 A3=108FAA A4=101100 A5=108000 A6=10BA1E PC=3E40 -- 003E40: move.b  ($82,A4), D3
D0=F0032 D1=0 D2=108100 D3=0 D4=8403600 D5=842184D8 D6=842184D8 D7=101100 A0=108584 A1=108906 A2=4ABB4 A3=108FAA A4=101100 A5=108000 A6=10BA1E PC=3E44 -- 003E44: add.w   D3, D3
D0=F0032 D1=0 D2=108100 D3=0 D4=8403600 D5=842184D8 D6=842184D8 D7=101100 A0=108584 A1=108906 A2=4ABB4 A3=108FAA A4=101100 A5=108000 A6=10BA1E PC=3E46 -- 003E46: add.w   D3, D3
D0=F0032 D1=0 D2=108100 D3=0 D4=8403600 D5=842184D8 D6=842184D8 D7=101100 A0=108584 A1=108906 A2=4ABB4 A3=108FAA A4=101100 A5=108000 A6=10BA1E PC=3E48 -- 003E48: move.w  ($18,A4), D0
D0=F0056 D1=0 D2=108100 D3=0 D4=8403600 D5=842184D8 D6=842184D8 D7=101100 A0=108584 A1=108906 A2=4ABB4 A3=108FAA A4=101100 A5=108000 A6=10BA1E PC=3E4C -- 003E4C: lea     ($104c,A5), A0
D0=F0056 D1=0 D2=108100 D3=0 D4=8403600 D5=842184D8 D6=842184D8 D7=101100 A0=10904C A1=108906 A2=4ABB4 A3=108FAA A4=101100 A5=108000 A6=10BA1E PC=3E50 -- 003E50: sub.w   (A0,D3.w), D0
D0=F0056 D1=0 D2=108100 D3=0 D4=8403600 D5=842184D8 D6=842184D8 D7=101100 A0=10904C A1=108906 A2=4ABB4 A3=108FAA A4=101100 A5=108000 A6=10BA1E PC=3E54 -- 003E54: addi.w  #$30, D0
D0=F0086 D1=0 D2=108100 D3=0 D4=8403600 D5=842184D8 D6=842184D8 D7=101100 A0=10904C A1=108906 A2=4ABB4 A3=108FAA A4=101100 A5=108000 A6=10BA1E PC=3E58 -- 003E58: cmpi.w  #$1a0, D0
D0=F0086 D1=0 D2=108100 D3=0 D4=8403600 D5=842184D8 D6=842184D8 D7=101100 A0=10904C A1=108906 A2=4ABB4 A3=108FAA A4=101100 A5=108000 A6=10BA1E PC=3E5C -- 003E5C: bls     $3e60
D0=F0086 D1=0 D2=108100 D3=0 D4=8403600 D5=842184D8 D6=842184D8 D7=101100 A0=10904C A1=108906 A2=4ABB4 A3=108FAA A4=101100 A5=108000 A6=10BA1E PC=3E60 -- 003E60: move.w  ($1c,A4), D0
D0=F0058 D1=0 D2=108100 D3=0 D4=8403600 D5=842184D8 D6=842184D8 D7=101100 A0=10904C A1=108906 A2=4ABB4 A3=108FAA A4=101100 A5=108000 A6=10BA1E PC=3E64 -- 003E64: sub.w   ($20,A4), D0
D0=F0058 D1=0 D2=108100 D3=0 D4=8403600 D5=842184D8 D6=842184D8 D7=101100 A0=10904C A1=108906 A2=4ABB4 A3=108FAA A4=101100 A5=108000 A6=10BA1E PC=3E68 -- 003E68: lea     ($1058,A5), A0
D0=F0058 D1=0 D2=108100 D3=0 D4=8403600 D5=842184D8 D6=842184D8 D7=101100 A0=109058 A1=108906 A2=4ABB4 A3=108FAA A4=101100 A5=108000 A6=10BA1E PC=3E6C -- 003E6C: sub.w   (A0,D3.w), D0
D0=F0058 D1=0 D2=108100 D3=0 D4=8403600 D5=842184D8 D6=842184D8 D7=101100 A0=109058 A1=108906 A2=4ABB4 A3=108FAA A4=101100 A5=108000 A6=10BA1E PC=3E70 -- 003E70: cmpi.w  #$1c0, D0
D0=F0058 D1=0 D2=108100 D3=0 D4=8403600 D5=842184D8 D6=842184D8 D7=101100 A0=109058 A1=108906 A2=4ABB4 A3=108FAA A4=101100 A5=108000 A6=10BA1E PC=3E74 -- 003E74: bls     $3e78
D0=F0058 D1=0 D2=108100 D3=0 D4=8403600 D5=842184D8 D6=842184D8 D7=101100 A0=109058 A1=108906 A2=4ABB4 A3=108FAA A4=101100 A5=108000 A6=10BA1E PC=3E78 -- 003E78: bsr     $4860
D0=F0058 D1=0 D2=108100 D3=0 D4=8403600 D5=842184D8 D6=842184D8 D7=101100 A0=109058 A1=108906 A2=4ABB4 A3=108FAA A4=101100 A5=108000 A6=10BA1E PC=4860 -- 004860: lea     $7bf48.l, A0
D0=F0058 D1=0 D2=108100 D3=0 D4=8403600 D5=842184D8 D6=842184D8 D7=101100 A0=7BF48 A1=108906 A2=4ABB4 A3=108FAA A4=101100 A5=108000 A6=10BA1E PC=4866 -- 004866: move.w  ($70,A4), D0
D0=F001B D1=0 D2=108100 D3=0 D4=8403600 D5=842184D8 D6=842184D8 D7=101100 A0=7BF48 A1=108906 A2=4ABB4 A3=108FAA A4=101100 A5=108000 A6=10BA1E PC=486A -- 00486A: add.w   D0, D0
D0=F0036 D1=0 D2=108100 D3=0 D4=8403600 D5=842184D8 D6=842184D8 D7=101100 A0=7BF48 A1=108906 A2=4ABB4 A3=108FAA A4=101100 A5=108000 A6=10BA1E PC=486C -- 00486C: add.w   D0, D0
D0=F006C D1=0 D2=108100 D3=0 D4=8403600 D5=842184D8 D6=842184D8 D7=101100 A0=7BF48 A1=108906 A2=4ABB4 A3=108FAA A4=101100 A5=108000 A6=10BA1E PC=486E -- 00486E: movea.l (A0,D0.w), A0
D0=F006C D1=0 D2=108100 D3=0 D4=8403600 D5=842184D8 D6=842184D8 D7=101100 A0=7F5E0 A1=108906 A2=4ABB4 A3=108FAA A4=101100 A5=108000 A6=10BA1E PC=4872 -- 004872: move.w  ($72,A4), D0
D0=F0032 D1=0 D2=108100 D3=0 D4=8403600 D5=842184D8 D6=842184D8 D7=101100 A0=7F5E0 A1=108906 A2=4ABB4 A3=108FAA A4=101100 A5=108000 A6=10BA1E PC=4876 -- 004876: add.w   D0, D0
D0=F0064 D1=0 D2=108100 D3=0 D4=8403600 D5=842184D8 D6=842184D8 D7=101100 A0=7F5E0 A1=108906 A2=4ABB4 A3=108FAA A4=101100 A5=108000 A6=10BA1E PC=4878 -- 004878: move.w  (A0,D0.w), D1
D0=F0064 D1=3232 D2=108100 D3=0 D4=8403600 D5=842184D8 D6=842184D8 D7=101100 A0=7F5E0 A1=108906 A2=4ABB4 A3=108FAA A4=101100 A5=108000 A6=10BA1E PC=487C -- 00487C: move.w  D1, ($46de,A5)
D0=F0064 D1=3232 D2=108100 D3=0 D4=8403600 D5=842184D8 D6=842184D8 D7=101100 A0=7F5E0 A1=108906 A2=4ABB4 A3=108FAA A4=101100 A5=108000 A6=10BA1E PC=4880 -- 004880: lea     $80000.l, A0
D0=F0064 D1=3232 D2=108100 D3=0 D4=8403600 D5=842184D8 D6=842184D8 D7=101100 A0=80000 A1=108906 A2=4ABB4 A3=108FAA A4=101100 A5=108000 A6=10BA1E PC=4886 -- 004886: move.w  ($70,A4), D0
D0=F001B D1=3232 D2=108100 D3=0 D4=8403600 D5=842184D8 D6=842184D8 D7=101100 A0=80000 A1=108906 A2=4ABB4 A3=108FAA A4=101100 A5=108000 A6=10BA1E PC=488A -- 00488A: add.w   D0, D0
D0=F0036 D1=3232 D2=108100 D3=0 D4=8403600 D5=842184D8 D6=842184D8 D7=101100 A0=80000 A1=108906 A2=4ABB4 A3=108FAA A4=101100 A5=108000 A6=10BA1E PC=488C -- 00488C: add.w   D0, D0
D0=F006C D1=3232 D2=108100 D3=0 D4=8403600 D5=842184D8 D6=842184D8 D7=101100 A0=80000 A1=108906 A2=4ABB4 A3=108FAA A4=101100 A5=108000 A6=10BA1E PC=488E -- 00488E: movea.l (A0,D0.w), A0
D0=F006C D1=3232 D2=108100 D3=0 D4=8403600 D5=842184D8 D6=842184D8 D7=101100 A0=86E00 A1=108906 A2=4ABB4 A3=108FAA A4=101100 A5=108000 A6=10BA1E PC=4892 -- 004892: move.w  ($46de,A5), D0
D0=F3232 D1=3232 D2=108100 D3=0 D4=8403600 D5=842184D8 D6=842184D8 D7=101100 A0=86E00 A1=108906 A2=4ABB4 A3=108FAA A4=101100 A5=108000 A6=10BA1E PC=4896 -- 004896: tst.b   ($46e2,A5)
D0=F3232 D1=3232 D2=108100 D3=0 D4=8403600 D5=842184D8 D6=842184D8 D7=101100 A0=86E00 A1=108906 A2=4ABB4 A3=108FAA A4=101100 A5=108000 A6=10BA1E PC=489A -- 00489A: beq     $48a0
D0=F3232 D1=3232 D2=108100 D3=0 D4=8403600 D5=842184D8 D6=842184D8 D7=101100 A0=86E00 A1=108906 A2=4ABB4 A3=108FAA A4=101100 A5=108000 A6=10BA1E PC=48A0 -- 0048A0: andi.w  #$ff, D0
D0=F0032 D1=3232 D2=108100 D3=0 D4=8403600 D5=842184D8 D6=842184D8 D7=101100 A0=86E00 A1=108906 A2=4ABB4 A3=108FAA A4=101100 A5=108000 A6=10BA1E PC=48A4 -- 0048A4: add.w   D0, D0
D0=F0064 D1=3232 D2=108100 D3=0 D4=8403600 D5=842184D8 D6=842184D8 D7=101100 A0=86E00 A1=108906 A2=4ABB4 A3=108FAA A4=101100 A5=108000 A6=10BA1E PC=48A6 -- 0048A6: add.w   D0, D0
D0=F00C8 D1=3232 D2=108100 D3=0 D4=8403600 D5=842184D8 D6=842184D8 D7=101100 A0=86E00 A1=108906 A2=4ABB4 A3=108FAA A4=101100 A5=108000 A6=10BA1E PC=48A8 -- 0048A8: movea.l (A0,D0.w), A0
D0=F00C8 D1=3232 D2=108100 D3=0 D4=8403600 D5=842184D8 D6=842184D8 D7=101100 A0=F30E2 A1=108906 A2=4ABB4 A3=108FAA A4=101100 A5=108000 A6=10BA1E PC=48AC -- 0048AC: move.w  ($74,A4), D0
D0=F0000 D1=3232 D2=108100 D3=0 D4=8403600 D5=842184D8 D6=842184D8 D7=101100 A0=F30E2 A1=108906 A2=4ABB4 A3=108FAA A4=101100 A5=108000 A6=10BA1E PC=48B0 -- 0048B0: adda.w  D0, A0
D0=F0000 D1=3232 D2=108100 D3=0 D4=8403600 D5=842184D8 D6=842184D8 D7=101100 A0=F30E2 A1=108906 A2=4ABB4 A3=108FAA A4=101100 A5=108000 A6=10BA1E PC=48B2 -- 0048B2: move.l  (A0), D0
D0=10F110A D1=3232 D2=108100 D3=0 D4=8403600 D5=842184D8 D6=842184D8 D7=101100 A0=F30E2 A1=108906 A2=4ABB4 A3=108FAA A4=101100 A5=108000 A6=10BA1E PC=48B4 -- 0048B4: andi.l  #$ffffff, D0
D0=F110A D1=3232 D2=108100 D3=0 D4=8403600 D5=842184D8 D6=842184D8 D7=101100 A0=F30E2 A1=108906 A2=4ABB4 A3=108FAA A4=101100 A5=108000 A6=10BA1E PC=48BA -- 0048BA: movea.l D0, A0
D0=F110A D1=3232 D2=108100 D3=0 D4=8403600 D5=842184D8 D6=842184D8 D7=101100 A0=F110A A1=108906 A2=4ABB4 A3=108FAA A4=101100 A5=108000 A6=10BA1E PC=48BC -- 0048BC: move.w  ($4,A0), D0
D0=F0072 D1=3232 D2=108100 D3=0 D4=8403600 D5=842184D8 D6=842184D8 D7=101100 A0=F110A A1=108906 A2=4ABB4 A3=108FAA A4=101100 A5=108000 A6=10BA1E PC=48C0 -- 0048C0: andi.w  #$1fff, D0
D0=F0072 D1=3232 D2=108100 D3=0 D4=8403600 D5=842184D8 D6=842184D8 D7=101100 A0=F110A A1=108906 A2=4ABB4 A3=108FAA A4=101100 A5=108000 A6=10BA1E PC=48C4 -- 0048C4: move.w  D0, ($46e0,A5)
D0=F0072 D1=3232 D2=108100 D3=0 D4=8403600 D5=842184D8 D6=842184D8 D7=101100 A0=F110A A1=108906 A2=4ABB4 A3=108FAA A4=101100 A5=108000 A6=10BA1E PC=48C8 -- 0048C8: lea     $80080.l, A0
D0=F0072 D1=3232 D2=108100 D3=0 D4=8403600 D5=842184D8 D6=842184D8 D7=101100 A0=80080 A1=108906 A2=4ABB4 A3=108FAA A4=101100 A5=108000 A6=10BA1E PC=48CE -- 0048CE: move.w  ($70,A4), D1
D0=F0072 D1=1B D2=108100 D3=0 D4=8403600 D5=842184D8 D6=842184D8 D7=101100 A0=80080 A1=108906 A2=4ABB4 A3=108FAA A4=101100 A5=108000 A6=10BA1E PC=48D2 -- 0048D2: add.w   D1, D1
D0=F0072 D1=36 D2=108100 D3=0 D4=8403600 D5=842184D8 D6=842184D8 D7=101100 A0=80080 A1=108906 A2=4ABB4 A3=108FAA A4=101100 A5=108000 A6=10BA1E PC=48D4 -- 0048D4: add.w   D1, D1
D0=F0072 D1=6C D2=108100 D3=0 D4=8403600 D5=842184D8 D6=842184D8 D7=101100 A0=80080 A1=108906 A2=4ABB4 A3=108FAA A4=101100 A5=108000 A6=10BA1E PC=48D6 -- 0048D6: movea.l (A0,D1.w), A0
D0=F0072 D1=6C D2=108100 D3=0 D4=8403600 D5=842184D8 D6=842184D8 D7=101100 A0=95200 A1=108906 A2=4ABB4 A3=108FAA A4=101100 A5=108000 A6=10BA1E PC=48DA -- 0048DA: add.w   D0, D0
D0=F00E4 D1=6C D2=108100 D3=0 D4=8403600 D5=842184D8 D6=842184D8 D7=101100 A0=95200 A1=108906 A2=4ABB4 A3=108FAA A4=101100 A5=108000 A6=10BA1E PC=48DC -- 0048DC: add.w   D0, D0
D0=F01C8 D1=6C D2=108100 D3=0 D4=8403600 D5=842184D8 D6=842184D8 D7=101100 A0=95200 A1=108906 A2=4ABB4 A3=108FAA A4=101100 A5=108000 A6=10BA1E PC=48DE -- 0048DE: move.l  (A0,D0.w), ($28,A4)
D0=F01C8 D1=6C D2=108100 D3=0 D4=8403600 D5=842184D8 D6=842184D8 D7=101100 A0=95200 A1=108906 A2=4ABB4 A3=108FAA A4=101100 A5=108000 A6=10BA1E PC=48E4 -- 0048E4: rts
D0=F01C8 D1=6C D2=108100 D3=0 D4=8403600 D5=842184D8 D6=842184D8 D7=101100 A0=95200 A1=108906 A2=4ABB4 A3=108FAA A4=101100 A5=108000 A6=10BA1E PC=3E7C -- 003E7C: bra     $481a
D0=F01C8 D1=6C D2=108100 D3=0 D4=8403600 D5=842184D8 D6=842184D8 D7=101100 A0=95200 A1=108906 A2=4ABB4 A3=108FAA A4=101100 A5=108000 A6=10BA1E PC=481A -- 00481A: addq.w  #1, ($e3a,A5)
D0=F01C8 D1=6C D2=108100 D3=0 D4=8403600 D5=842184D8 D6=842184D8 D7=101100 A0=95200 A1=108906 A2=4ABB4 A3=108FAA A4=101100 A5=108000 A6=10BA1E PC=481E -- 00481E: lea     ($838,A5), A1
D0=F01C8 D1=6C D2=108100 D3=0 D4=8403600 D5=842184D8 D6=842184D8 D7=101100 A0=95200 A1=108838 A2=4ABB4 A3=108FAA A4=101100 A5=108000 A6=10BA1E PC=4822 -- 004822: move.w  ($2c,A4), D0
D0=F0065 D1=6C D2=108100 D3=0 D4=8403600 D5=842184D8 D6=842184D8 D7=101100 A0=95200 A1=108838 A2=4ABB4 A3=108FAA A4=101100 A5=108000 A6=10BA1E PC=4826 -- 004826: move.w  D0, D1
D0=F0065 D1=65 D2=108100 D3=0 D4=8403600 D5=842184D8 D6=842184D8 D7=101100 A0=95200 A1=108838 A2=4ABB4 A3=108FAA A4=101100 A5=108000 A6=10BA1E PC=4828 -- 004828: add.w   D1, D1
D0=F0065 D1=CA D2=108100 D3=0 D4=8403600 D5=842184D8 D6=842184D8 D7=101100 A0=95200 A1=108838 A2=4ABB4 A3=108FAA A4=101100 A5=108000 A6=10BA1E PC=482A -- 00482A: adda.w  D1, A1
D0=F0065 D1=CA D2=108100 D3=0 D4=8403600 D5=842184D8 D6=842184D8 D7=101100 A0=95200 A1=108902 A2=4ABB4 A3=108FAA A4=101100 A5=108000 A6=10BA1E PC=482C -- 00482C: cmp.w   ($e38,A5), D1
D0=F0065 D1=CA D2=108100 D3=0 D4=8403600 D5=842184D8 D6=842184D8 D7=101100 A0=95200 A1=108902 A2=4ABB4 A3=108FAA A4=101100 A5=108000 A6=10BA1E PC=4830 -- 004830: bhi     $4836
D0=F0065 D1=CA D2=108100 D3=0 D4=8403600 D5=842184D8 D6=842184D8 D7=101100 A0=95200 A1=108902 A2=4ABB4 A3=108FAA A4=101100 A5=108000 A6=10BA1E PC=4832 -- 004832: move.w  D1, ($e38,A5)
D0=F0065 D1=CA D2=108100 D3=0 D4=8403600 D5=842184D8 D6=842184D8 D7=101100 A0=95200 A1=108902 A2=4ABB4 A3=108FAA A4=101100 A5=108000 A6=10BA1E PC=4836 -- 004836: move.w  (A1)+, D1
D0=F0065 D1=0 D2=108100 D3=0 D4=8403600 D5=842184D8 D6=842184D8 D7=101100 A0=95200 A1=108904 A2=4ABB4 A3=108FAA A4=101100 A5=108000 A6=10BA1E PC=4838 -- 004838: beq     $485a
D0=F0065 D1=0 D2=108100 D3=0 D4=8403600 D5=842184D8 D6=842184D8 D7=101100 A0=95200 A1=108904 A2=4ABB4 A3=108FAA A4=101100 A5=108000 A6=10BA1E PC=485A -- 00485A: move.w  A4, (-$2,A1)
D0=F0065 D1=0 D2=108100 D3=0 D4=8403600 D5=842184D8 D6=842184D8 D7=101100 A0=95200 A1=108904 A2=4ABB4 A3=108FAA A4=101100 A5=108000 A6=10BA1E PC=485E -- 00485E: rts
D0=F0065 D1=0 D2=108100 D3=0 D4=8403600 D5=842184D8 D6=842184D8 D7=101100 A0=95200 A1=108904 A2=4ABB4 A3=108FAA A4=101100 A5=108000 A6=10BA1E PC=32B3C -- 032B3C: move.l  A4, D7
D0=F0065 D1=0 D2=108100 D3=0 D4=8403600 D5=842184D8 D6=842184D8 D7=101100 A0=95200 A1=108904 A2=4ABB4 A3=108FAA A4=101100 A5=108000 A6=10BA1E PC=32B3E -- 032B3E: move.w  ($4,A4), D7
D0=F0065 D1=0 D2=108100 D3=0 D4=8403600 D5=842184D8 D6=842184D8 D7=101300 A0=95200 A1=108904 A2=4ABB4 A3=108FAA A4=101100 A5=108000 A6=10BA1E PC=32B42 -- 032B42: bpl     $32b36
D0=F0065 D1=0 D2=108100 D3=0 D4=8403600 D5=842184D8 D6=842184D8 D7=101300 A0=95200 A1=108904 A2=4ABB4 A3=108FAA A4=101100 A5=108000 A6=10BA1E PC=32B36 -- 032B36: movea.l D7, A4
D0=F0065 D1=0 D2=108100 D3=0 D4=8403600 D5=842184D8 D6=842184D8 D7=101300 A0=95200 A1=108904 A2=4ABB4 A3=108FAA A4=101300 A5=108000 A6=10BA1E PC=32B38 -- 032B38: movea.l (A4), A0
D0=F0065 D1=0 D2=108100 D3=0 D4=8403600 D5=842184D8 D6=842184D8 D7=101300 A0=37CBA A1=108904 A2=4ABB4 A3=108FAA A4=101300 A5=108000 A6=10BA1E PC=32B3A -- 032B3A: jsr     (A0)
D0=F0065 D1=0 D2=108100 D3=0 D4=8403600 D5=842184D8 D6=842184D8 D7=101300 A0=37CBA A1=108904 A2=4ABB4 A3=108FAA A4=101300 A5=108000 A6=10BA1E PC=37CBA -- 037CBA: move.w  ($d0,A4), D0
D0=F0003 D1=0 D2=108100 D3=0 D4=8403600 D5=842184D8 D6=842184D8 D7=101300 A0=37CBA A1=108904 A2=4ABB4 A3=108FAA A4=101300 A5=108000 A6=10BA1E PC=37CBE -- 037CBE: movea.l ($84,A4), A0
D0=F0003 D1=0 D2=108100 D3=0 D4=8403600 D5=842184D8 D6=842184D8 D7=101300 A0=108584 A1=108904 A2=4ABB4 A3=108FAA A4=101300 A5=108000 A6=10BA1E PC=37CC2 -- 037CC2: btst    D0, ($cf,A0)
D0=F0003 D1=0 D2=108100 D3=0 D4=8403600 D5=842184D8 D6=842184D8 D7=101300 A0=108584 A1=108904 A2=4ABB4 A3=108FAA A4=101300 A5=108000 A6=10BA1E PC=37CC6 -- 037CC6: beq     $36eac
D0=F0003 D1=0 D2=108100 D3=0 D4=8403600 D5=842184D8 D6=842184D8 D7=101300 A0=108584 A1=108904 A2=4ABB4 A3=108FAA A4=101300 A5=108000 A6=10BA1E PC=36EAC -- 036EAC: jsr     $48e6.w
D0=F0003 D1=0 D2=108100 D3=0 D4=8403600 D5=842184D8 D6=842184D8 D7=101300 A0=108584 A1=108904 A2=4ABB4 A3=108FAA A4=101300 A5=108000 A6=10BA1E PC=48E6 -- 0048E6: move.w  ($70,A4), D0
D0=F001B D1=0 D2=108100 D3=0 D4=8403600 D5=842184D8 D6=842184D8 D7=101300 A0=108584 A1=108904 A2=4ABB4 A3=108FAA A4=101300 A5=108000 A6=10BA1E PC=48EA -- 0048EA: cmp.b   ($78,A4), D0
D0=F001B D1=0 D2=108100 D3=0 D4=8403600 D5=842184D8 D6=842184D8 D7=101300 A0=108584 A1=108904 A2=4ABB4 A3=108FAA A4=101300 A5=108000 A6=10BA1E PC=48EE -- 0048EE: bne     $491c
D0=F001B D1=0 D2=108100 D3=0 D4=8403600 D5=842184D8 D6=842184D8 D7=101300 A0=108584 A1=108904 A2=4ABB4 A3=108FAA A4=101300 A5=108000 A6=10BA1E PC=48F0 -- 0048F0: move.w  ($72,A4), D0
D0=F0031 D1=0 D2=108100 D3=0 D4=8403600 D5=842184D8 D6=842184D8 D7=101300 A0=108584 A1=108904 A2=4ABB4 A3=108FAA A4=101300 A5=108000 A6=10BA1E PC=48F4 -- 0048F4: cmp.b   ($79,A4), D0
D0=F0031 D1=0 D2=108100 D3=0 D4=8403600 D5=842184D8 D6=842184D8 D7=101300 A0=108584 A1=108904 A2=4ABB4 A3=108FAA A4=101300 A5=108000 A6=10BA1E PC=48F8 -- 0048F8: bne     $493c
D0=F0031 D1=0 D2=108100 D3=0 D4=8403600 D5=842184D8 D6=842184D8 D7=101300 A0=108584 A1=108904 A2=4ABB4 A3=108FAA A4=101300 A5=108000 A6=10BA1E PC=48FA -- 0048FA: tst.b   ($77,A4)
D0=F0031 D1=0 D2=108100 D3=0 D4=8403600 D5=842184D8 D6=842184D8 D7=101300 A0=108584 A1=108904 A2=4ABB4 A3=108FAA A4=101300 A5=108000 A6=10BA1E PC=48FE -- 0048FE: bne     $495c
D0=F0031 D1=0 D2=108100 D3=0 D4=8403600 D5=842184D8 D6=842184D8 D7=101300 A0=108584 A1=108904 A2=4ABB4 A3=108FAA A4=101300 A5=108000 A6=10BA1E PC=4900 -- 004900: tst.b   ($7a,A4)
D0=F0031 D1=0 D2=108100 D3=0 D4=8403600 D5=842184D8 D6=842184D8 D7=101300 A0=108584 A1=108904 A2=4ABB4 A3=108FAA A4=101300 A5=108000 A6=10BA1E PC=4904 -- 004904: bmi     $491a
D0=F0031 D1=0 D2=108100 D3=0 D4=8403600 D5=842184D8 D6=842184D8 D7=101300 A0=108584 A1=108904 A2=4ABB4 A3=108FAA A4=101300 A5=108000 A6=10BA1E PC=491A -- 00491A: rts
D0=F0031 D1=0 D2=108100 D3=0 D4=8403600 D5=842184D8 D6=842184D8 D7=101300 A0=108584 A1=108904 A2=4ABB4 A3=108FAA A4=101300 A5=108000 A6=10BA1E PC=36EB0 -- 036EB0: jmp     $3e2e.w
D0=F0031 D1=0 D2=108100 D3=0 D4=8403600 D5=842184D8 D6=842184D8 D7=101300 A0=108584 A1=108904 A2=4ABB4 A3=108FAA A4=101300 A5=108000 A6=10BA1E PC=3E2E -- 003E2E: tst.w   ($74,A4)
D0=F0031 D1=0 D2=108100 D3=0 D4=8403600 D5=842184D8 D6=842184D8 D7=101300 A0=108584 A1=108904 A2=4ABB4 A3=108FAA A4=101300 A5=108000 A6=10BA1E PC=3E32 -- 003E32: bmi     $3e80
D0=F0031 D1=0 D2=108100 D3=0 D4=8403600 D5=842184D8 D6=842184D8 D7=101300 A0=108584 A1=108904 A2=4ABB4 A3=108FAA A4=101300 A5=108000 A6=10BA1E PC=3E34 -- 003E34: btst    #$6, ($7c,A4)
D0=F0031 D1=0 D2=108100 D3=0 D4=8403600 D5=842184D8 D6=842184D8 D7=101300 A0=108584 A1=108904 A2=4ABB4 A3=108FAA A4=101300 A5=108000 A6=10BA1E PC=3E3A -- 003E3A: bne     $3e78
D0=F0031 D1=0 D2=108100 D3=0 D4=8403600 D5=842184D8 D6=842184D8 D7=101300 A0=108584 A1=108904 A2=4ABB4 A3=108FAA A4=101300 A5=108000 A6=10BA1E PC=3E3E -- 003E3E: moveq   #$0, D3
D0=F0031 D1=0 D2=108100 D3=0 D4=8403600 D5=842184D8 D6=842184D8 D7=101300 A0=108584 A1=108904 A2=4ABB4 A3=108FAA A4=101300 A5=108000 A6=10BA1E PC=3E40 -- 003E40: move.b  ($82,A4), D3
D0=F0031 D1=0 D2=108100 D3=0 D4=8403600 D5=842184D8 D6=842184D8 D7=101300 A0=108584 A1=108904 A2=4ABB4 A3=108FAA A4=101300 A5=108000 A6=10BA1E PC=3E44 -- 003E44: add.w   D3, D3
D0=F0031 D1=0 D2=108100 D3=0 D4=8403600 D5=842184D8 D6=842184D8 D7=101300 A0=108584 A1=108904 A2=4ABB4 A3=108FAA A4=101300 A5=108000 A6=10BA1E PC=3E46 -- 003E46: add.w   D3, D3
D0=F0031 D1=0 D2=108100 D3=0 D4=8403600 D5=842184D8 D6=842184D8 D7=101300 A0=108584 A1=108904 A2=4ABB4 A3=108FAA A4=101300 A5=108000 A6=10BA1E PC=3E48 -- 003E48: move.w  ($18,A4), D0
D0=F0020 D1=0 D2=108100 D3=0 D4=8403600 D5=842184D8 D6=842184D8 D7=101300 A0=108584 A1=108904 A2=4ABB4 A3=108FAA A4=101300 A5=108000 A6=10BA1E PC=3E4C -- 003E4C: lea     ($104c,A5), A0
D0=F0020 D1=0 D2=108100 D3=0 D4=8403600 D5=842184D8 D6=842184D8 D7=101300 A0=10904C A1=108904 A2=4ABB4 A3=108FAA A4=101300 A5=108000 A6=10BA1E PC=3E50 -- 003E50: sub.w   (A0,D3.w), D0
D0=F0020 D1=0 D2=108100 D3=0 D4=8403600 D5=842184D8 D6=842184D8 D7=101300 A0=10904C A1=108904 A2=4ABB4 A3=108FAA A4=101300 A5=108000 A6=10BA1E PC=3E54 -- 003E54: addi.w  #$30, D0
D0=F0050 D1=0 D2=108100 D3=0 D4=8403600 D5=842184D8 D6=842184D8 D7=101300 A0=10904C A1=108904 A2=4ABB4 A3=108FAA A4=101300 A5=108000 A6=10BA1E PC=3E58 -- 003E58: cmpi.w  #$1a0, D0
D0=F0050 D1=0 D2=108100 D3=0 D4=8403600 D5=842184D8 D6=842184D8 D7=101300 A0=10904C A1=108904 A2=4ABB4 A3=108FAA A4=101300 A5=108000 A6=10BA1E PC=3E5C -- 003E5C: bls     $3e60
D0=F0050 D1=0 D2=108100 D3=0 D4=8403600 D5=842184D8 D6=842184D8 D7=101300 A0=10904C A1=108904 A2=4ABB4 A3=108FAA A4=101300 A5=108000 A6=10BA1E PC=3E60 -- 003E60: move.w  ($1c,A4), D0
D0=F0060 D1=0 D2=108100 D3=0 D4=8403600 D5=842184D8 D6=842184D8 D7=101300 A0=10904C A1=108904 A2=4ABB4 A3=108FAA A4=101300 A5=108000 A6=10BA1E PC=3E64 -- 003E64: sub.w   ($20,A4), D0
D0=F0060 D1=0 D2=108100 D3=0 D4=8403600 D5=842184D8 D6=842184D8 D7=101300 A0=10904C A1=108904 A2=4ABB4 A3=108FAA A4=101300 A5=108000 A6=10BA1E PC=3E68 -- 003E68: lea     ($1058,A5), A0
D0=F0060 D1=0 D2=108100 D3=0 D4=8403600 D5=842184D8 D6=842184D8 D7=101300 A0=109058 A1=108904 A2=4ABB4 A3=108FAA A4=101300 A5=108000 A6=10BA1E PC=3E6C -- 003E6C: sub.w   (A0,D3.w), D0
D0=F0060 D1=0 D2=108100 D3=0 D4=8403600 D5=842184D8 D6=842184D8 D7=101300 A0=109058 A1=108904 A2=4ABB4 A3=108FAA A4=101300 A5=108000 A6=10BA1E PC=3E70 -- 003E70: cmpi.w  #$1c0, D0
D0=F0060 D1=0 D2=108100 D3=0 D4=8403600 D5=842184D8 D6=842184D8 D7=101300 A0=109058 A1=108904 A2=4ABB4 A3=108FAA A4=101300 A5=108000 A6=10BA1E PC=3E74 -- 003E74: bls     $3e78
D0=F0060 D1=0 D2=108100 D3=0 D4=8403600 D5=842184D8 D6=842184D8 D7=101300 A0=109058 A1=108904 A2=4ABB4 A3=108FAA A4=101300 A5=108000 A6=10BA1E PC=3E78 -- 003E78: bsr     $4860
D0=F0060 D1=0 D2=108100 D3=0 D4=8403600 D5=842184D8 D6=842184D8 D7=101300 A0=109058 A1=108904 A2=4ABB4 A3=108FAA A4=101300 A5=108000 A6=10BA1E PC=4860 -- 004860: lea     $7bf48.l, A0
D0=F0060 D1=0 D2=108100 D3=0 D4=8403600 D5=842184D8 D6=842184D8 D7=101300 A0=7BF48 A1=108904 A2=4ABB4 A3=108FAA A4=101300 A5=108000 A6=10BA1E PC=4866 -- 004866: move.w  ($70,A4), D0
D0=F001B D1=0 D2=108100 D3=0 D4=8403600 D5=842184D8 D6=842184D8 D7=101300 A0=7BF48 A1=108904 A2=4ABB4 A3=108FAA A4=101300 A5=108000 A6=10BA1E PC=486A -- 00486A: add.w   D0, D0
D0=F0036 D1=0 D2=108100 D3=0 D4=8403600 D5=842184D8 D6=842184D8 D7=101300 A0=7BF48 A1=108904 A2=4ABB4 A3=108FAA A4=101300 A5=108000 A6=10BA1E PC=486C -- 00486C: add.w   D0, D0
D0=F006C D1=0 D2=108100 D3=0 D4=8403600 D5=842184D8 D6=842184D8 D7=101300 A0=7BF48 A1=108904 A2=4ABB4 A3=108FAA A4=101300 A5=108000 A6=10BA1E PC=486E -- 00486E: movea.l (A0,D0.w), A0
D0=F006C D1=0 D2=108100 D3=0 D4=8403600 D5=842184D8 D6=842184D8 D7=101300 A0=7F5E0 A1=108904 A2=4ABB4 A3=108FAA A4=101300 A5=108000 A6=10BA1E PC=4872 -- 004872: move.w  ($72,A4), D0
D0=F0031 D1=0 D2=108100 D3=0 D4=8403600 D5=842184D8 D6=842184D8 D7=101300 A0=7F5E0 A1=108904 A2=4ABB4 A3=108FAA A4=101300 A5=108000 A6=10BA1E PC=4876 -- 004876: add.w   D0, D0
D0=F0062 D1=0 D2=108100 D3=0 D4=8403600 D5=842184D8 D6=842184D8 D7=101300 A0=7F5E0 A1=108904 A2=4ABB4 A3=108FAA A4=101300 A5=108000 A6=10BA1E PC=4878 -- 004878: move.w  (A0,D0.w), D1
D0=F0062 D1=3131 D2=108100 D3=0 D4=8403600 D5=842184D8 D6=842184D8 D7=101300 A0=7F5E0 A1=108904 A2=4ABB4 A3=108FAA A4=101300 A5=108000 A6=10BA1E PC=487C -- 00487C: move.w  D1, ($46de,A5)
D0=F0062 D1=3131 D2=108100 D3=0 D4=8403600 D5=842184D8 D6=842184D8 D7=101300 A0=7F5E0 A1=108904 A2=4ABB4 A3=108FAA A4=101300 A5=108000 A6=10BA1E PC=4880 -- 004880: lea     $80000.l, A0
D0=F0062 D1=3131 D2=108100 D3=0 D4=8403600 D5=842184D8 D6=842184D8 D7=101300 A0=80000 A1=108904 A2=4ABB4 A3=108FAA A4=101300 A5=108000 A6=10BA1E PC=4886 -- 004886: move.w  ($70,A4), D0
D0=F001B D1=3131 D2=108100 D3=0 D4=8403600 D5=842184D8 D6=842184D8 D7=101300 A0=80000 A1=108904 A2=4ABB4 A3=108FAA A4=101300 A5=108000 A6=10BA1E PC=488A -- 00488A: add.w   D0, D0
D0=F0036 D1=3131 D2=108100 D3=0 D4=8403600 D5=842184D8 D6=842184D8 D7=101300 A0=80000 A1=108904 A2=4ABB4 A3=108FAA A4=101300 A5=108000 A6=10BA1E PC=488C -- 00488C: add.w   D0, D0
D0=F006C D1=3131 D2=108100 D3=0 D4=8403600 D5=842184D8 D6=842184D8 D7=101300 A0=80000 A1=108904 A2=4ABB4 A3=108FAA A4=101300 A5=108000 A6=10BA1E PC=488E -- 00488E: movea.l (A0,D0.w), A0
D0=F006C D1=3131 D2=108100 D3=0 D4=8403600 D5=842184D8 D6=842184D8 D7=101300 A0=86E00 A1=108904 A2=4ABB4 A3=108FAA A4=101300 A5=108000 A6=10BA1E PC=4892 -- 004892: move.w  ($46de,A5), D0
D0=F3131 D1=3131 D2=108100 D3=0 D4=8403600 D5=842184D8 D6=842184D8 D7=101300 A0=86E00 A1=108904 A2=4ABB4 A3=108FAA A4=101300 A5=108000 A6=10BA1E PC=4896 -- 004896: tst.b   ($46e2,A5)
D0=F3131 D1=3131 D2=108100 D3=0 D4=8403600 D5=842184D8 D6=842184D8 D7=101300 A0=86E00 A1=108904 A2=4ABB4 A3=108FAA A4=101300 A5=108000 A6=10BA1E PC=489A -- 00489A: beq     $48a0
D0=F3131 D1=3131 D2=108100 D3=0 D4=8403600 D5=842184D8 D6=842184D8 D7=101300 A0=86E00 A1=108904 A2=4ABB4 A3=108FAA A4=101300 A5=108000 A6=10BA1E PC=48A0 -- 0048A0: andi.w  #$ff, D0
D0=F0031 D1=3131 D2=108100 D3=0 D4=8403600 D5=842184D8 D6=842184D8 D7=101300 A0=86E00 A1=108904 A2=4ABB4 A3=108FAA A4=101300 A5=108000 A6=10BA1E PC=48A4 -- 0048A4: add.w   D0, D0
D0=F0062 D1=3131 D2=108100 D3=0 D4=8403600 D5=842184D8 D6=842184D8 D7=101300 A0=86E00 A1=108904 A2=4ABB4 A3=108FAA A4=101300 A5=108000 A6=10BA1E PC=48A6 -- 0048A6: add.w   D0, D0
D0=F00C4 D1=3131 D2=108100 D3=0 D4=8403600 D5=842184D8 D6=842184D8 D7=101300 A0=86E00 A1=108904 A2=4ABB4 A3=108FAA A4=101300 A5=108000 A6=10BA1E PC=48A8 -- 0048A8: movea.l (A0,D0.w), A0
D0=F00C4 D1=3131 D2=108100 D3=0 D4=8403600 D5=842184D8 D6=842184D8 D7=101300 A0=F30DA A1=108904 A2=4ABB4 A3=108FAA A4=101300 A5=108000 A6=10BA1E PC=48AC -- 0048AC: move.w  ($74,A4), D0
D0=F0000 D1=3131 D2=108100 D3=0 D4=8403600 D5=842184D8 D6=842184D8 D7=101300 A0=F30DA A1=108904 A2=4ABB4 A3=108FAA A4=101300 A5=108000 A6=10BA1E PC=48B0 -- 0048B0: adda.w  D0, A0
D0=F0000 D1=3131 D2=108100 D3=0 D4=8403600 D5=842184D8 D6=842184D8 D7=101300 A0=F30DA A1=108904 A2=4ABB4 A3=108FAA A4=101300 A5=108000 A6=10BA1E PC=48B2 -- 0048B2: move.l  (A0), D0
D0=10F10E6 D1=3131 D2=108100 D3=0 D4=8403600 D5=842184D8 D6=842184D8 D7=101300 A0=F30DA A1=108904 A2=4ABB4 A3=108FAA A4=101300 A5=108000 A6=10BA1E PC=48B4 -- 0048B4: andi.l  #$ffffff, D0
D0=F10E6 D1=3131 D2=108100 D3=0 D4=8403600 D5=842184D8 D6=842184D8 D7=101300 A0=F30DA A1=108904 A2=4ABB4 A3=108FAA A4=101300 A5=108000 A6=10BA1E PC=48BA -- 0048BA: movea.l D0, A0
D0=F10E6 D1=3131 D2=108100 D3=0 D4=8403600 D5=842184D8 D6=842184D8 D7=101300 A0=F10E6 A1=108904 A2=4ABB4 A3=108FAA A4=101300 A5=108000 A6=10BA1E PC=48BC -- 0048BC: move.w  ($4,A0), D0
D0=F006C D1=3131 D2=108100 D3=0 D4=8403600 D5=842184D8 D6=842184D8 D7=101300 A0=F10E6 A1=108904 A2=4ABB4 A3=108FAA A4=101300 A5=108000 A6=10BA1E PC=48C0 -- 0048C0: andi.w  #$1fff, D0
D0=F006C D1=3131 D2=108100 D3=0 D4=8403600 D5=842184D8 D6=842184D8 D7=101300 A0=F10E6 A1=108904 A2=4ABB4 A3=108FAA A4=101300 A5=108000 A6=10BA1E PC=48C4 -- 0048C4: move.w  D0, ($46e0,A5)
D0=F006C D1=3131 D2=108100 D3=0 D4=8403600 D5=842184D8 D6=842184D8 D7=101300 A0=F10E6 A1=108904 A2=4ABB4 A3=108FAA A4=101300 A5=108000 A6=10BA1E PC=48C8 -- 0048C8: lea     $80080.l, A0
D0=F006C D1=3131 D2=108100 D3=0 D4=8403600 D5=842184D8 D6=842184D8 D7=101300 A0=80080 A1=108904 A2=4ABB4 A3=108FAA A4=101300 A5=108000 A6=10BA1E PC=48CE -- 0048CE: move.w  ($70,A4), D1
D0=F006C D1=1B D2=108100 D3=0 D4=8403600 D5=842184D8 D6=842184D8 D7=101300 A0=80080 A1=108904 A2=4ABB4 A3=108FAA A4=101300 A5=108000 A6=10BA1E PC=48D2 -- 0048D2: add.w   D1, D1
D0=F006C D1=36 D2=108100 D3=0 D4=8403600 D5=842184D8 D6=842184D8 D7=101300 A0=80080 A1=108904 A2=4ABB4 A3=108FAA A4=101300 A5=108000 A6=10BA1E PC=48D4 -- 0048D4: add.w   D1, D1
D0=F006C D1=6C D2=108100 D3=0 D4=8403600 D5=842184D8 D6=842184D8 D7=101300 A0=80080 A1=108904 A2=4ABB4 A3=108FAA A4=101300 A5=108000 A6=10BA1E PC=48D6 -- 0048D6: movea.l (A0,D1.w), A0
D0=F006C D1=6C D2=108100 D3=0 D4=8403600 D5=842184D8 D6=842184D8 D7=101300 A0=95200 A1=108904 A2=4ABB4 A3=108FAA A4=101300 A5=108000 A6=10BA1E PC=48DA -- 0048DA: add.w   D0, D0
D0=F00D8 D1=6C D2=108100 D3=0 D4=8403600 D5=842184D8 D6=842184D8 D7=101300 A0=95200 A1=108904 A2=4ABB4 A3=108FAA A4=101300 A5=108000 A6=10BA1E PC=48DC -- 0048DC: add.w   D0, D0
D0=F01B0 D1=6C D2=108100 D3=0 D4=8403600 D5=842184D8 D6=842184D8 D7=101300 A0=95200 A1=108904 A2=4ABB4 A3=108FAA A4=101300 A5=108000 A6=10BA1E PC=48DE -- 0048DE: move.l  (A0,D0.w), ($28,A4)
D0=F01B0 D1=6C D2=108100 D3=0 D4=8403600 D5=842184D8 D6=842184D8 D7=101300 A0=95200 A1=108904 A2=4ABB4 A3=108FAA A4=101300 A5=108000 A6=10BA1E PC=48E4 -- 0048E4: rts
D0=F01B0 D1=6C D2=108100 D3=0 D4=8403600 D5=842184D8 D6=842184D8 D7=101300 A0=95200 A1=108904 A2=4ABB4 A3=108FAA A4=101300 A5=108000 A6=10BA1E PC=3E7C -- 003E7C: bra     $481a
D0=F01B0 D1=6C D2=108100 D3=0 D4=8403600 D5=842184D8 D6=842184D8 D7=101300 A0=95200 A1=108904 A2=4ABB4 A3=108FAA A4=101300 A5=108000 A6=10BA1E PC=481A -- 00481A: addq.w  #1, ($e3a,A5)
D0=F01B0 D1=6C D2=108100 D3=0 D4=8403600 D5=842184D8 D6=842184D8 D7=101300 A0=95200 A1=108904 A2=4ABB4 A3=108FAA A4=101300 A5=108000 A6=10BA1E PC=481E -- 00481E: lea     ($838,A5), A1
D0=F01B0 D1=6C D2=108100 D3=0 D4=8403600 D5=842184D8 D6=842184D8 D7=101300 A0=95200 A1=108838 A2=4ABB4 A3=108FAA A4=101300 A5=108000 A6=10BA1E PC=4822 -- 004822: move.w  ($2c,A4), D0
D0=F0064 D1=6C D2=108100 D3=0 D4=8403600 D5=842184D8 D6=842184D8 D7=101300 A0=95200 A1=108838 A2=4ABB4 A3=108FAA A4=101300 A5=108000 A6=10BA1E PC=4826 -- 004826: move.w  D0, D1
D0=F0064 D1=64 D2=108100 D3=0 D4=8403600 D5=842184D8 D6=842184D8 D7=101300 A0=95200 A1=108838 A2=4ABB4 A3=108FAA A4=101300 A5=108000 A6=10BA1E PC=4828 -- 004828: add.w   D1, D1
D0=F0064 D1=C8 D2=108100 D3=0 D4=8403600 D5=842184D8 D6=842184D8 D7=101300 A0=95200 A1=108838 A2=4ABB4 A3=108FAA A4=101300 A5=108000 A6=10BA1E PC=482A -- 00482A: adda.w  D1, A1
D0=F0064 D1=C8 D2=108100 D3=0 D4=8403600 D5=842184D8 D6=842184D8 D7=101300 A0=95200 A1=108900 A2=4ABB4 A3=108FAA A4=101300 A5=108000 A6=10BA1E PC=482C -- 00482C: cmp.w   ($e38,A5), D1
D0=F0064 D1=C8 D2=108100 D3=0 D4=8403600 D5=842184D8 D6=842184D8 D7=101300 A0=95200 A1=108900 A2=4ABB4 A3=108FAA A4=101300 A5=108000 A6=10BA1E PC=4830 -- 004830: bhi     $4836
D0=F0064 D1=C8 D2=108100 D3=0 D4=8403600 D5=842184D8 D6=842184D8 D7=101300 A0=95200 A1=108900 A2=4ABB4 A3=108FAA A4=101300 A5=108000 A6=10BA1E PC=4832 -- 004832: move.w  D1, ($e38,A5)
D0=F0064 D1=C8 D2=108100 D3=0 D4=8403600 D5=842184D8 D6=842184D8 D7=101300 A0=95200 A1=108900 A2=4ABB4 A3=108FAA A4=101300 A5=108000 A6=10BA1E PC=4836 -- 004836: move.w  (A1)+, D1
D0=F0064 D1=0 D2=108100 D3=0 D4=8403600 D5=842184D8 D6=842184D8 D7=101300 A0=95200 A1=108902 A2=4ABB4 A3=108FAA A4=101300 A5=108000 A6=10BA1E PC=4838 -- 004838: beq     $485a
D0=F0064 D1=0 D2=108100 D3=0 D4=8403600 D5=842184D8 D6=842184D8 D7=101300 A0=95200 A1=108902 A2=4ABB4 A3=108FAA A4=101300 A5=108000 A6=10BA1E PC=485A -- 00485A: move.w  A4, (-$2,A1)
D0=F0064 D1=0 D2=108100 D3=0 D4=8403600 D5=842184D8 D6=842184D8 D7=101300 A0=95200 A1=108902 A2=4ABB4 A3=108FAA A4=101300 A5=108000 A6=10BA1E PC=485E -- 00485E: rts
D0=F0064 D1=0 D2=108100 D3=0 D4=8403600 D5=842184D8 D6=842184D8 D7=101300 A0=95200 A1=108902 A2=4ABB4 A3=108FAA A4=101300 A5=108000 A6=10BA1E PC=32B3C -- 032B3C: move.l  A4, D7
D0=F0064 D1=0 D2=108100 D3=0 D4=8403600 D5=842184D8 D6=842184D8 D7=101300 A0=95200 A1=108902 A2=4ABB4 A3=108FAA A4=101300 A5=108000 A6=10BA1E PC=32B3E -- 032B3E: move.w  ($4,A4), D7
D0=F0064 D1=0 D2=108100 D3=0 D4=8403600 D5=842184D8 D6=842184D8 D7=101500 A0=95200 A1=108902 A2=4ABB4 A3=108FAA A4=101300 A5=108000 A6=10BA1E PC=32B42 -- 032B42: bpl     $32b36
D0=F0064 D1=0 D2=108100 D3=0 D4=8403600 D5=842184D8 D6=842184D8 D7=101500 A0=95200 A1=108902 A2=4ABB4 A3=108FAA A4=101300 A5=108000 A6=10BA1E PC=32B36 -- 032B36: movea.l D7, A4
D0=F0064 D1=0 D2=108100 D3=0 D4=8403600 D5=842184D8 D6=842184D8 D7=101500 A0=95200 A1=108902 A2=4ABB4 A3=108FAA A4=101500 A5=108000 A6=10BA1E PC=32B38 -- 032B38: movea.l (A4), A0
D0=F0064 D1=0 D2=108100 D3=0 D4=8403600 D5=842184D8 D6=842184D8 D7=101500 A0=37D04 A1=108902 A2=4ABB4 A3=108FAA A4=101500 A5=108000 A6=10BA1E PC=32B3A -- 032B3A: jsr     (A0)
D0=F0064 D1=0 D2=108100 D3=0 D4=8403600 D5=842184D8 D6=842184D8 D7=101500 A0=37D04 A1=108902 A2=4ABB4 A3=108FAA A4=101500 A5=108000 A6=10BA1E PC=37D04 -- 037D04: move.w  ($d0,A4), D0
D0=F0004 D1=0 D2=108100 D3=0 D4=8403600 D5=842184D8 D6=842184D8 D7=101500 A0=37D04 A1=108902 A2=4ABB4 A3=108FAA A4=101500 A5=108000 A6=10BA1E PC=37D08 -- 037D08: movea.l ($84,A4), A0
D0=F0004 D1=0 D2=108100 D3=0 D4=8403600 D5=842184D8 D6=842184D8 D7=101500 A0=108584 A1=108902 A2=4ABB4 A3=108FAA A4=101500 A5=108000 A6=10BA1E PC=37D0C -- 037D0C: btst    D0, ($cf,A0)
D0=F0004 D1=0 D2=108100 D3=0 D4=8403600 D5=842184D8 D6=842184D8 D7=101500 A0=108584 A1=108902 A2=4ABB4 A3=108FAA A4=101500 A5=108000 A6=10BA1E PC=37D10 -- 037D10: bne     $37d60
D0=F0004 D1=0 D2=108100 D3=0 D4=8403600 D5=842184D8 D6=842184D8 D7=101500 A0=108584 A1=108902 A2=4ABB4 A3=108FAA A4=101500 A5=108000 A6=10BA1E PC=37D12 -- 037D12: move.b  (-$7f79,A5), D0
D0=F00A3 D1=0 D2=108100 D3=0 D4=8403600 D5=842184D8 D6=842184D8 D7=101500 A0=108584 A1=108902 A2=4ABB4 A3=108FAA A4=101500 A5=108000 A6=10BA1E PC=37D16 -- 037D16: andi.b  #$f, D0
D0=F0003 D1=0 D2=108100 D3=0 D4=8403600 D5=842184D8 D6=842184D8 D7=101500 A0=108584 A1=108902 A2=4ABB4 A3=108FAA A4=101500 A5=108000 A6=10BA1E PC=37D1A -- 037D1A: bne     $37d22
D0=F0003 D1=0 D2=108100 D3=0 D4=8403600 D5=842184D8 D6=842184D8 D7=101500 A0=108584 A1=108902 A2=4ABB4 A3=108FAA A4=101500 A5=108000 A6=10BA1E PC=37D22 -- 037D22: btst    #$0, ($d2,A4)
D0=F0003 D1=0 D2=108100 D3=0 D4=8403600 D5=842184D8 D6=842184D8 D7=101500 A0=108584 A1=108902 A2=4ABB4 A3=108FAA A4=101500 A5=108000 A6=10BA1E PC=37D28 -- 037D28: beq     $37d48
D0=F0003 D1=0 D2=108100 D3=0 D4=8403600 D5=842184D8 D6=842184D8 D7=101500 A0=108584 A1=108902 A2=4ABB4 A3=108FAA A4=101500 A5=108000 A6=10BA1E PC=37D2A -- 037D2A: move.w  ($18,A4), D0
D0=F000F D1=0 D2=108100 D3=0 D4=8403600 D5=842184D8 D6=842184D8 D7=101500 A0=108584 A1=108902 A2=4ABB4 A3=108FAA A4=101500 A5=108000 A6=10BA1E PC=37D2E -- 037D2E: move.w  ($1c,A4), D1
D0=F000F D1=11 D2=108100 D3=0 D4=8403600 D5=842184D8 D6=842184D8 D7=101500 A0=108584 A1=108902 A2=4ABB4 A3=108FAA A4=101500 A5=108000 A6=10BA1E PC=37D32 -- 037D32: movea.l #$53500, A0
D0=F000F D1=11 D2=108100 D3=0 D4=8403600 D5=842184D8 D6=842184D8 D7=101500 A0=53500 A1=108902 A2=4ABB4 A3=108FAA A4=101500 A5=108000 A6=10BA1E PC=37D38 -- 037D38: move.w  #$6300, D2
D0=F000F D1=11 D2=106300 D3=0 D4=8403600 D5=842184D8 D6=842184D8 D7=101500 A0=53500 A1=108902 A2=4ABB4 A3=108FAA A4=101500 A5=108000 A6=10BA1E PC=37D3C -- 037D3C: move.w  #$1, D3
D0=F000F D1=11 D2=106300 D3=1 D4=8403600 D5=842184D8 D6=842184D8 D7=101500 A0=53500 A1=108902 A2=4ABB4 A3=108FAA A4=101500 A5=108000 A6=10BA1E PC=37D40 -- 037D40: jsr     $5f22.l
D0=F000F D1=11 D2=106300 D3=1 D4=8403600 D5=842184D8 D6=842184D8 D7=101500 A0=53500 A1=108902 A2=4ABB4 A3=108FAA A4=101500 A5=108000 A6=10BA1E PC=5F22 -- 005F22: move.w  D0, D4
D0=F000F D1=11 D2=106300 D3=1 D4=840000F D5=842184D8 D6=842184D8 D7=101500 A0=53500 A1=108902 A2=4ABB4 A3=108FAA A4=101500 A5=108000 A6=10BA1E PC=5F24 -- 005F24: move.w  D1, D5
D0=F000F D1=11 D2=106300 D3=1 D4=840000F D5=842184D8 D6=842184D8 D7=101500 A0=53500 A1=108902 A2=4ABB4 A3=108FAA A4=101500 A5=108000 A6=10BA1E PC=5F26 -- 005F26: jsr     ($b6,PC) ; ($5fde)
D0=F000F D1=11 D2=106300 D3=1 D4=840000F D5=842184D8 D6=842184D8 D7=101500 A0=53500 A1=108902 A2=4ABB4 A3=108FAA A4=101500 A5=108000 A6=10BA1E PC=5FDE -- 005FDE: lsl.w   #5, D0
D0=F01E0 D1=11 D2=106300 D3=1 D4=840000F D5=842184D8 D6=842184D8 D7=101500 A0=53500 A1=108902 A2=4ABB4 A3=108FAA A4=101500 A5=108000 A6=10BA1E PC=5FE0 -- 005FE0: add.w   D1, D0
D0=F01F1 D1=11 D2=106300 D3=1 D4=840000F D5=842184D8 D6=842184D8 D7=101500 A0=53500 A1=108902 A2=4ABB4 A3=108FAA A4=101500 A5=108000 A6=10BA1E PC=5FE2 -- 005FE2: addi.w  #$7002, D0
D0=F71F3 D1=11 D2=106300 D3=1 D4=840000F D5=842184D8 D6=842184D8 D7=101500 A0=53500 A1=108902 A2=4ABB4 A3=108FAA A4=101500 A5=108000 A6=10BA1E PC=5FE6 -- 005FE6: swap    D0
D0=71F3000F D1=11 D2=106300 D3=1 D4=840000F D5=842184D8 D6=842184D8 D7=101500 A0=53500 A1=108902 A2=4ABB4 A3=108FAA A4=101500 A5=108000 A6=10BA1E PC=5FE8 -- 005FE8: rts
D0=71F3000F D1=11 D2=106300 D3=1 D4=840000F D5=842184D8 D6=842184D8 D7=101500 A0=53500 A1=108902 A2=4ABB4 A3=108FAA A4=101500 A5=108000 A6=10BA1E PC=5F2A -- 005F2A: nop
D0=71F3000F D1=11 D2=106300 D3=1 D4=840000F D5=842184D8 D6=842184D8 D7=101500 A0=53500 A1=108902 A2=4ABB4 A3=108FAA A4=101500 A5=108000 A6=10BA1E PC=5F2C -- 005F2C: move.w  D2, D0
D0=71F36300 D1=11 D2=106300 D3=1 D4=840000F D5=842184D8 D6=842184D8 D7=101500 A0=53500 A1=108902 A2=4ABB4 A3=108FAA A4=101500 A5=108000 A6=10BA1E PC=5F2E -- 005F2E: move.b  (A0)+, D0
D0=71F363A0 D1=11 D2=106300 D3=1 D4=840000F D5=842184D8 D6=842184D8 D7=101500 A0=53501 A1=108902 A2=4ABB4 A3=108FAA A4=101500 A5=108000 A6=10BA1E PC=5F30 -- 005F30: cmpi.b  #-$1, D0
D0=71F363A0 D1=11 D2=106300 D3=1 D4=840000F D5=842184D8 D6=842184D8 D7=101500 A0=53501 A1=108902 A2=4ABB4 A3=108FAA A4=101500 A5=108000 A6=10BA1E PC=5F34 -- 005F34: beq     $5f5e
D0=71F363A0 D1=11 D2=106300 D3=1 D4=840000F D5=842184D8 D6=842184D8 D7=101500 A0=53501 A1=108902 A2=4ABB4 A3=108FAA A4=101500 A5=108000 A6=10BA1E PC=5F38 -- 005F38: cmpi.b  #$d, D0
D0=71F363A0 D1=11 D2=106300 D3=1 D4=840000F D5=842184D8 D6=842184D8 D7=101500 A0=53501 A1=108902 A2=4ABB4 A3=108FAA A4=101500 A5=108000 A6=10BA1E PC=5F3C -- 005F3C: bne     $5f50
D0=71F363A0 D1=11 D2=106300 D3=1 D4=840000F D5=842184D8 D6=842184D8 D7=101500 A0=53501 A1=108902 A2=4ABB4 A3=108FAA A4=101500 A5=108000 A6=10BA1E PC=5F50 -- 005F50: move.l  D0, $3c0000.l
D0=71F363A0 D1=11 D2=106300 D3=1 D4=840000F D5=842184D8 D6=842184D8 D7=101500 A0=53501 A1=108902 A2=4ABB4 A3=108FAA A4=101500 A5=108000 A6=10BA1E PC=5F56 -- 005F56: addi.l  #$200000, D0
D0=721363A0 D1=11 D2=106300 D3=1 D4=840000F D5=842184D8 D6=842184D8 D7=101500 A0=53501 A1=108902 A2=4ABB4 A3=108FAA A4=101500 A5=108000 A6=10BA1E PC=5F5C -- 005F5C: bra     $5f2e
D0=721363A0 D1=11 D2=106300 D3=1 D4=840000F D5=842184D8 D6=842184D8 D7=101500 A0=53501 A1=108902 A2=4ABB4 A3=108FAA A4=101500 A5=108000 A6=10BA1E PC=5F2E -- 005F2E: move.b  (A0)+, D0
D0=721363A1 D1=11 D2=106300 D3=1 D4=840000F D5=842184D8 D6=842184D8 D7=101500 A0=53502 A1=108902 A2=4ABB4 A3=108FAA A4=101500 A5=108000 A6=10BA1E PC=5F30 -- 005F30: cmpi.b  #-$1, D0
D0=721363A1 D1=11 D2=106300 D3=1 D4=840000F D5=842184D8 D6=842184D8 D7=101500 A0=53502 A1=108902 A2=4ABB4 A3=108FAA A4=101500 A5=108000 A6=10BA1E PC=5F34 -- 005F34: beq     $5f5e
D0=721363A1 D1=11 D2=106300 D3=1 D4=840000F D5=842184D8 D6=842184D8 D7=101500 A0=53502 A1=108902 A2=4ABB4 A3=108FAA A4=101500 A5=108000 A6=10BA1E PC=5F38 -- 005F38: cmpi.b  #$d, D0
D0=721363A1 D1=11 D2=106300 D3=1 D4=840000F D5=842184D8 D6=842184D8 D7=101500 A0=53502 A1=108902 A2=4ABB4 A3=108FAA A4=101500 A5=108000 A6=10BA1E PC=5F3C -- 005F3C: bne     $5f50
D0=721363A1 D1=11 D2=106300 D3=1 D4=840000F D5=842184D8 D6=842184D8 D7=101500 A0=53502 A1=108902 A2=4ABB4 A3=108FAA A4=101500 A5=108000 A6=10BA1E PC=5F50 -- 005F50: move.l  D0, $3c0000.l
D0=721363A1 D1=11 D2=106300 D3=1 D4=840000F D5=842184D8 D6=842184D8 D7=101500 A0=53502 A1=108902 A2=4ABB4 A3=108FAA A4=101500 A5=108000 A6=10BA1E PC=5F56 -- 005F56: addi.l  #$200000, D0
D0=723363A1 D1=11 D2=106300 D3=1 D4=840000F D5=842184D8 D6=842184D8 D7=101500 A0=53502 A1=108902 A2=4ABB4 A3=108FAA A4=101500 A5=108000 A6=10BA1E PC=5F5C -- 005F5C: bra     $5f2e

   (loops for 69 instructions)

D0=7333630D D1=11 D2=106300 D3=1 D4=840000F D5=842184D8 D6=842184D8 D7=101500 A0=5350B A1=108902 A2=4ABB4 A3=108FAA A4=101500 A5=108000 A6=10BA1E PC=5F40 -- 005F40: add.w   D3, D5
D0=7333630D D1=11 D2=106300 D3=1 D4=840000F D5=842184D8 D6=842184D8 D7=101500 A0=5350B A1=108902 A2=4ABB4 A3=108FAA A4=101500 A5=108000 A6=10BA1E PC=5F42 -- 005F42: move.w  D4, D0
D0=7333000F D1=11 D2=106300 D3=1 D4=840000F D5=842184D8 D6=842184D8 D7=101500 A0=5350B A1=108902 A2=4ABB4 A3=108FAA A4=101500 A5=108000 A6=10BA1E PC=5F44 -- 005F44: move.w  D5, D1
D0=7333000F D1=12 D2=106300 D3=1 D4=840000F D5=842184D8 D6=842184D8 D7=101500 A0=5350B A1=108902 A2=4ABB4 A3=108FAA A4=101500 A5=108000 A6=10BA1E PC=5F46 -- 005F46: jsr     ($96,PC) ; ($5fde)
D0=7333000F D1=12 D2=106300 D3=1 D4=840000F D5=842184D8 D6=842184D8 D7=101500 A0=5350B A1=108902 A2=4ABB4 A3=108FAA A4=101500 A5=108000 A6=10BA1E PC=5FDE -- 005FDE: lsl.w   #5, D0
D0=733301E0 D1=12 D2=106300 D3=1 D4=840000F D5=842184D8 D6=842184D8 D7=101500 A0=5350B A1=108902 A2=4ABB4 A3=108FAA A4=101500 A5=108000 A6=10BA1E PC=5FE0 -- 005FE0: add.w   D1, D0
D0=733301F2 D1=12 D2=106300 D3=1 D4=840000F D5=842184D8 D6=842184D8 D7=101500 A0=5350B A1=108902 A2=4ABB4 A3=108FAA A4=101500 A5=108000 A6=10BA1E PC=5FE2 -- 005FE2: addi.w  #$7002, D0
D0=733371F4 D1=12 D2=106300 D3=1 D4=840000F D5=842184D8 D6=842184D8 D7=101500 A0=5350B A1=108902 A2=4ABB4 A3=108FAA A4=101500 A5=108000 A6=10BA1E PC=5FE6 -- 005FE6: swap    D0
D0=71F47333 D1=12 D2=106300 D3=1 D4=840000F D5=842184D8 D6=842184D8 D7=101500 A0=5350B A1=108902 A2=4ABB4 A3=108FAA A4=101500 A5=108000 A6=10BA1E PC=5FE8 -- 005FE8: rts
D0=71F47333 D1=12 D2=106300 D3=1 D4=840000F D5=842184D8 D6=842184D8 D7=101500 A0=5350B A1=108902 A2=4ABB4 A3=108FAA A4=101500 A5=108000 A6=10BA1E PC=5F4A -- 005F4A: nop
D0=71F47333 D1=12 D2=106300 D3=1 D4=840000F D5=842184D8 D6=842184D8 D7=101500 A0=5350B A1=108902 A2=4ABB4 A3=108FAA A4=101500 A5=108000 A6=10BA1E PC=5F4C -- 005F4C: move.w  D2, D0
D0=71F46300 D1=12 D2=106300 D3=1 D4=840000F D5=842184D8 D6=842184D8 D7=101500 A0=5350B A1=108902 A2=4ABB4 A3=108FAA A4=101500 A5=108000 A6=10BA1E PC=5F4E -- 005F4E: bra     $5f2e

   (loops for 83 instructions)

D0=733463FF D1=12 D2=106300 D3=1 D4=840000F D5=842184D8 D6=842184D8 D7=101500 A0=53516 A1=108902 A2=4ABB4 A3=108FAA A4=101500 A5=108000 A6=10BA1E PC=5F5E -- 005F5E: rts
D0=733463FF D1=12 D2=106300 D3=1 D4=840000F D5=842184D8 D6=842184D8 D7=101500 A0=53516 A1=108902 A2=4ABB4 A3=108FAA A4=101500 A5=108000 A6=10BA1E PC=37D46 -- 037D46: bra     $37d5e
D0=733463FF D1=12 D2=106300 D3=1 D4=840000F D5=842184D8 D6=842184D8 D7=101500 A0=53516 A1=108902 A2=4ABB4 A3=108FAA A4=101500 A5=108000 A6=10BA1E PC=37D5E -- 037D5E: rts
D0=733463FF D1=12 D2=106300 D3=1 D4=840000F D5=842184D8 D6=842184D8 D7=101500 A0=53516 A1=108902 A2=4ABB4 A3=108FAA A4=101500 A5=108000 A6=10BA1E PC=32B3C -- 032B3C: move.l  A4, D7
D0=733463FF D1=12 D2=106300 D3=1 D4=840000F D5=842184D8 D6=842184D8 D7=101500 A0=53516 A1=108902 A2=4ABB4 A3=108FAA A4=101500 A5=108000 A6=10BA1E PC=32B3E -- 032B3E: move.w  ($4,A4), D7
D0=733463FF D1=12 D2=106300 D3=1 D4=840000F D5=842184D8 D6=842184D8 D7=101700 A0=53516 A1=108902 A2=4ABB4 A3=108FAA A4=101500 A5=108000 A6=10BA1E PC=32B42 -- 032B42: bpl     $32b36
D0=733463FF D1=12 D2=106300 D3=1 D4=840000F D5=842184D8 D6=842184D8 D7=101700 A0=53516 A1=108902 A2=4ABB4 A3=108FAA A4=101500 A5=108000 A6=10BA1E PC=32B36 -- 032B36: movea.l D7, A4
D0=733463FF D1=12 D2=106300 D3=1 D4=840000F D5=842184D8 D6=842184D8 D7=101700 A0=53516 A1=108902 A2=4ABB4 A3=108FAA A4=101700 A5=108000 A6=10BA1E PC=32B38 -- 032B38: movea.l (A4), A0
D0=733463FF D1=12 D2=106300 D3=1 D4=840000F D5=842184D8 D6=842184D8 D7=101700 A0=37DBA A1=108902 A2=4ABB4 A3=108FAA A4=101700 A5=108000 A6=10BA1E PC=32B3A -- 032B3A: jsr     (A0)
D0=733463FF D1=12 D2=106300 D3=1 D4=840000F D5=842184D8 D6=842184D8 D7=101700 A0=37DBA A1=108902 A2=4ABB4 A3=108FAA A4=101700 A5=108000 A6=10BA1E PC=37DBA -- 037DBA: clr.b   ($80,A4)
D0=733463FF D1=12 D2=106300 D3=1 D4=840000F D5=842184D8 D6=842184D8 D7=101700 A0=37DBA A1=108902 A2=4ABB4 A3=108FAA A4=101700 A5=108000 A6=10BA1E PC=37DBE -- 037DBE: moveq   #$0, D0
D0=0 D1=12 D2=106300 D3=1 D4=840000F D5=842184D8 D6=842184D8 D7=101700 A0=37DBA A1=108902 A2=4ABB4 A3=108FAA A4=101700 A5=108000 A6=10BA1E PC=37DC0 -- 037DC0: move.b  ($131,A4), D0
D0=6 D1=12 D2=106300 D3=1 D4=840000F D5=842184D8 D6=842184D8 D7=101700 A0=37DBA A1=108902 A2=4ABB4 A3=108FAA A4=101700 A5=108000 A6=10BA1E PC=37DC4 -- 037DC4: btst    D0, ($7df,A5)
D0=6 D1=12 D2=106300 D3=1 D4=840000F D5=842184D8 D6=842184D8 D7=101700 A0=37DBA A1=108902 A2=4ABB4 A3=108FAA A4=101700 A5=108000 A6=10BA1E PC=37DC8 -- 037DC8: beq     $37dec
D0=6 D1=12 D2=106300 D3=1 D4=840000F D5=842184D8 D6=842184D8 D7=101700 A0=37DBA A1=108902 A2=4ABB4 A3=108FAA A4=101700 A5=108000 A6=10BA1E PC=37DEC -- 037DEC: move.w  ($d0,A4), D0
D0=5 D1=12 D2=106300 D3=1 D4=840000F D5=842184D8 D6=842184D8 D7=101700 A0=37DBA A1=108902 A2=4ABB4 A3=108FAA A4=101700 A5=108000 A6=10BA1E PC=37DF0 -- 037DF0: movea.l ($84,A4), A0
D0=5 D1=12 D2=106300 D3=1 D4=840000F D5=842184D8 D6=842184D8 D7=101700 A0=108584 A1=108902 A2=4ABB4 A3=108FAA A4=101700 A5=108000 A6=10BA1E PC=37DF4 -- 037DF4: btst    D0, ($cf,A0)
D0=5 D1=12 D2=106300 D3=1 D4=840000F D5=842184D8 D6=842184D8 D7=101700 A0=108584 A1=108902 A2=4ABB4 A3=108FAA A4=101700 A5=108000 A6=10BA1E PC=37DF8 -- 037DF8: beq     $36eac
D0=5 D1=12 D2=106300 D3=1 D4=840000F D5=842184D8 D6=842184D8 D7=101700 A0=108584 A1=108902 A2=4ABB4 A3=108FAA A4=101700 A5=108000 A6=10BA1E PC=36EAC -- 036EAC: jsr     $48e6.w
D0=5 D1=12 D2=106300 D3=1 D4=840000F D5=842184D8 D6=842184D8 D7=101700 A0=108584 A1=108902 A2=4ABB4 A3=108FAA A4=101700 A5=108000 A6=10BA1E PC=48E6 -- 0048E6: move.w  ($70,A4), D0
D0=1B D1=12 D2=106300 D3=1 D4=840000F D5=842184D8 D6=842184D8 D7=101700 A0=108584 A1=108902 A2=4ABB4 A3=108FAA A4=101700 A5=108000 A6=10BA1E PC=48EA -- 0048EA: cmp.b   ($78,A4), D0
D0=1B D1=12 D2=106300 D3=1 D4=840000F D5=842184D8 D6=842184D8 D7=101700 A0=108584 A1=108902 A2=4ABB4 A3=108FAA A4=101700 A5=108000 A6=10BA1E PC=48EE -- 0048EE: bne     $491c
D0=1B D1=12 D2=106300 D3=1 D4=840000F D5=842184D8 D6=842184D8 D7=101700 A0=108584 A1=108902 A2=4ABB4 A3=108FAA A4=101700 A5=108000 A6=10BA1E PC=48F0 -- 0048F0: move.w  ($72,A4), D0
D0=40 D1=12 D2=106300 D3=1 D4=840000F D5=842184D8 D6=842184D8 D7=101700 A0=108584 A1=108902 A2=4ABB4 A3=108FAA A4=101700 A5=108000 A6=10BA1E PC=48F4 -- 0048F4: cmp.b   ($79,A4), D0
D0=40 D1=12 D2=106300 D3=1 D4=840000F D5=842184D8 D6=842184D8 D7=101700 A0=108584 A1=108902 A2=4ABB4 A3=108FAA A4=101700 A5=108000 A6=10BA1E PC=48F8 -- 0048F8: bne     $493c
D0=40 D1=12 D2=106300 D3=1 D4=840000F D5=842184D8 D6=842184D8 D7=101700 A0=108584 A1=108902 A2=4ABB4 A3=108FAA A4=101700 A5=108000 A6=10BA1E PC=48FA -- 0048FA: tst.b   ($77,A4)
D0=40 D1=12 D2=106300 D3=1 D4=840000F D5=842184D8 D6=842184D8 D7=101700 A0=108584 A1=108902 A2=4ABB4 A3=108FAA A4=101700 A5=108000 A6=10BA1E PC=48FE -- 0048FE: bne     $495c
D0=40 D1=12 D2=106300 D3=1 D4=840000F D5=842184D8 D6=842184D8 D7=101700 A0=108584 A1=108902 A2=4ABB4 A3=108FAA A4=101700 A5=108000 A6=10BA1E PC=4900 -- 004900: tst.b   ($7a,A4)
D0=40 D1=12 D2=106300 D3=1 D4=840000F D5=842184D8 D6=842184D8 D7=101700 A0=108584 A1=108902 A2=4ABB4 A3=108FAA A4=101700 A5=108000 A6=10BA1E PC=4904 -- 004904: bmi     $491a
D0=40 D1=12 D2=106300 D3=1 D4=840000F D5=842184D8 D6=842184D8 D7=101700 A0=108584 A1=108902 A2=4ABB4 A3=108FAA A4=101700 A5=108000 A6=10BA1E PC=491A -- 00491A: rts
D0=40 D1=12 D2=106300 D3=1 D4=840000F D5=842184D8 D6=842184D8 D7=101700 A0=108584 A1=108902 A2=4ABB4 A3=108FAA A4=101700 A5=108000 A6=10BA1E PC=36EB0 -- 036EB0: jmp     $3e2e.w
D0=40 D1=12 D2=106300 D3=1 D4=840000F D5=842184D8 D6=842184D8 D7=101700 A0=108584 A1=108902 A2=4ABB4 A3=108FAA A4=101700 A5=108000 A6=10BA1E PC=3E2E -- 003E2E: tst.w   ($74,A4)
D0=40 D1=12 D2=106300 D3=1 D4=840000F D5=842184D8 D6=842184D8 D7=101700 A0=108584 A1=108902 A2=4ABB4 A3=108FAA A4=101700 A5=108000 A6=10BA1E PC=3E32 -- 003E32: bmi     $3e80
D0=40 D1=12 D2=106300 D3=1 D4=840000F D5=842184D8 D6=842184D8 D7=101700 A0=108584 A1=108902 A2=4ABB4 A3=108FAA A4=101700 A5=108000 A6=10BA1E PC=3E34 -- 003E34: btst    #$6, ($7c,A4)
D0=40 D1=12 D2=106300 D3=1 D4=840000F D5=842184D8 D6=842184D8 D7=101700 A0=108584 A1=108902 A2=4ABB4 A3=108FAA A4=101700 A5=108000 A6=10BA1E PC=3E3A -- 003E3A: bne     $3e78
D0=40 D1=12 D2=106300 D3=1 D4=840000F D5=842184D8 D6=842184D8 D7=101700 A0=108584 A1=108902 A2=4ABB4 A3=108FAA A4=101700 A5=108000 A6=10BA1E PC=3E3E -- 003E3E: moveq   #$0, D3
D0=40 D1=12 D2=106300 D3=0 D4=840000F D5=842184D8 D6=842184D8 D7=101700 A0=108584 A1=108902 A2=4ABB4 A3=108FAA A4=101700 A5=108000 A6=10BA1E PC=3E40 -- 003E40: move.b  ($82,A4), D3
D0=40 D1=12 D2=106300 D3=0 D4=840000F D5=842184D8 D6=842184D8 D7=101700 A0=108584 A1=108902 A2=4ABB4 A3=108FAA A4=101700 A5=108000 A6=10BA1E PC=3E44 -- 003E44: add.w   D3, D3
D0=40 D1=12 D2=106300 D3=0 D4=840000F D5=842184D8 D6=842184D8 D7=101700 A0=108584 A1=108902 A2=4ABB4 A3=108FAA A4=101700 A5=108000 A6=10BA1E PC=3E46 -- 003E46: add.w   D3, D3
D0=40 D1=12 D2=106300 D3=0 D4=840000F D5=842184D8 D6=842184D8 D7=101700 A0=108584 A1=108902 A2=4ABB4 A3=108FAA A4=101700 A5=108000 A6=10BA1E PC=3E48 -- 003E48: move.w  ($18,A4), D0
D0=90 D1=12 D2=106300 D3=0 D4=840000F D5=842184D8 D6=842184D8 D7=101700 A0=108584 A1=108902 A2=4ABB4 A3=108FAA A4=101700 A5=108000 A6=10BA1E PC=3E4C -- 003E4C: lea     ($104c,A5), A0
D0=90 D1=12 D2=106300 D3=0 D4=840000F D5=842184D8 D6=842184D8 D7=101700 A0=10904C A1=108902 A2=4ABB4 A3=108FAA A4=101700 A5=108000 A6=10BA1E PC=3E50 -- 003E50: sub.w   (A0,D3.w), D0
D0=90 D1=12 D2=106300 D3=0 D4=840000F D5=842184D8 D6=842184D8 D7=101700 A0=10904C A1=108902 A2=4ABB4 A3=108FAA A4=101700 A5=108000 A6=10BA1E PC=3E54 -- 003E54: addi.w  #$30, D0
D0=C0 D1=12 D2=106300 D3=0 D4=840000F D5=842184D8 D6=842184D8 D7=101700 A0=10904C A1=108902 A2=4ABB4 A3=108FAA A4=101700 A5=108000 A6=10BA1E PC=3E58 -- 003E58: cmpi.w  #$1a0, D0
D0=C0 D1=12 D2=106300 D3=0 D4=840000F D5=842184D8 D6=842184D8 D7=101700 A0=10904C A1=108902 A2=4ABB4 A3=108FAA A4=101700 A5=108000 A6=10BA1E PC=3E5C -- 003E5C: bls     $3e60
D0=C0 D1=12 D2=106300 D3=0 D4=840000F D5=842184D8 D6=842184D8 D7=101700 A0=10904C A1=108902 A2=4ABB4 A3=108FAA A4=101700 A5=108000 A6=10BA1E PC=3E60 -- 003E60: move.w  ($1c,A4), D0
D0=C8 D1=12 D2=106300 D3=0 D4=840000F D5=842184D8 D6=842184D8 D7=101700 A0=10904C A1=108902 A2=4ABB4 A3=108FAA A4=101700 A5=108000 A6=10BA1E PC=3E64 -- 003E64: sub.w   ($20,A4), D0
D0=C8 D1=12 D2=106300 D3=0 D4=840000F D5=842184D8 D6=842184D8 D7=101700 A0=10904C A1=108902 A2=4ABB4 A3=108FAA A4=101700 A5=108000 A6=10BA1E PC=3E68 -- 003E68: lea     ($1058,A5), A0
D0=C8 D1=12 D2=106300 D3=0 D4=840000F D5=842184D8 D6=842184D8 D7=101700 A0=109058 A1=108902 A2=4ABB4 A3=108FAA A4=101700 A5=108000 A6=10BA1E PC=3E6C -- 003E6C: sub.w   (A0,D3.w), D0
D0=C8 D1=12 D2=106300 D3=0 D4=840000F D5=842184D8 D6=842184D8 D7=101700 A0=109058 A1=108902 A2=4ABB4 A3=108FAA A4=101700 A5=108000 A6=10BA1E PC=3E70 -- 003E70: cmpi.w  #$1c0, D0
D0=C8 D1=12 D2=106300 D3=0 D4=840000F D5=842184D8 D6=842184D8 D7=101700 A0=109058 A1=108902 A2=4ABB4 A3=108FAA A4=101700 A5=108000 A6=10BA1E PC=3E74 -- 003E74: bls     $3e78
D0=C8 D1=12 D2=106300 D3=0 D4=840000F D5=842184D8 D6=842184D8 D7=101700 A0=109058 A1=108902 A2=4ABB4 A3=108FAA A4=101700 A5=108000 A6=10BA1E PC=3E78 -- 003E78: bsr     $4860
D0=C8 D1=12 D2=106300 D3=0 D4=840000F D5=842184D8 D6=842184D8 D7=101700 A0=109058 A1=108902 A2=4ABB4 A3=108FAA A4=101700 A5=108000 A6=10BA1E PC=4860 -- 004860: lea     $7bf48.l, A0
D0=C8 D1=12 D2=106300 D3=0 D4=840000F D5=842184D8 D6=842184D8 D7=101700 A0=7BF48 A1=108902 A2=4ABB4 A3=108FAA A4=101700 A5=108000 A6=10BA1E PC=4866 -- 004866: move.w  ($70,A4), D0
D0=1B D1=12 D2=106300 D3=0 D4=840000F D5=842184D8 D6=842184D8 D7=101700 A0=7BF48 A1=108902 A2=4ABB4 A3=108FAA A4=101700 A5=108000 A6=10BA1E PC=486A -- 00486A: add.w   D0, D0
D0=36 D1=12 D2=106300 D3=0 D4=840000F D5=842184D8 D6=842184D8 D7=101700 A0=7BF48 A1=108902 A2=4ABB4 A3=108FAA A4=101700 A5=108000 A6=10BA1E PC=486C -- 00486C: add.w   D0, D0
D0=6C D1=12 D2=106300 D3=0 D4=840000F D5=842184D8 D6=842184D8 D7=101700 A0=7BF48 A1=108902 A2=4ABB4 A3=108FAA A4=101700 A5=108000 A6=10BA1E PC=486E -- 00486E: movea.l (A0,D0.w), A0
D0=6C D1=12 D2=106300 D3=0 D4=840000F D5=842184D8 D6=842184D8 D7=101700 A0=7F5E0 A1=108902 A2=4ABB4 A3=108FAA A4=101700 A5=108000 A6=10BA1E PC=4872 -- 004872: move.w  ($72,A4), D0
D0=40 D1=12 D2=106300 D3=0 D4=840000F D5=842184D8 D6=842184D8 D7=101700 A0=7F5E0 A1=108902 A2=4ABB4 A3=108FAA A4=101700 A5=108000 A6=10BA1E PC=4876 -- 004876: add.w   D0, D0
D0=80 D1=12 D2=106300 D3=0 D4=840000F D5=842184D8 D6=842184D8 D7=101700 A0=7F5E0 A1=108902 A2=4ABB4 A3=108FAA A4=101700 A5=108000 A6=10BA1E PC=4878 -- 004878: move.w  (A0,D0.w), D1
D0=80 D1=4040 D2=106300 D3=0 D4=840000F D5=842184D8 D6=842184D8 D7=101700 A0=7F5E0 A1=108902 A2=4ABB4 A3=108FAA A4=101700 A5=108000 A6=10BA1E PC=487C -- 00487C: move.w  D1, ($46de,A5)
D0=80 D1=4040 D2=106300 D3=0 D4=840000F D5=842184D8 D6=842184D8 D7=101700 A0=7F5E0 A1=108902 A2=4ABB4 A3=108FAA A4=101700 A5=108000 A6=10BA1E PC=4880 -- 004880: lea     $80000.l, A0
D0=80 D1=4040 D2=106300 D3=0 D4=840000F D5=842184D8 D6=842184D8 D7=101700 A0=80000 A1=108902 A2=4ABB4 A3=108FAA A4=101700 A5=108000 A6=10BA1E PC=4886 -- 004886: move.w  ($70,A4), D0
D0=1B D1=4040 D2=106300 D3=0 D4=840000F D5=842184D8 D6=842184D8 D7=101700 A0=80000 A1=108902 A2=4ABB4 A3=108FAA A4=101700 A5=108000 A6=10BA1E PC=488A -- 00488A: add.w   D0, D0
D0=36 D1=4040 D2=106300 D3=0 D4=840000F D5=842184D8 D6=842184D8 D7=101700 A0=80000 A1=108902 A2=4ABB4 A3=108FAA A4=101700 A5=108000 A6=10BA1E PC=488C -- 00488C: add.w   D0, D0
D0=6C D1=4040 D2=106300 D3=0 D4=840000F D5=842184D8 D6=842184D8 D7=101700 A0=80000 A1=108902 A2=4ABB4 A3=108FAA A4=101700 A5=108000 A6=10BA1E PC=488E -- 00488E: movea.l (A0,D0.w), A0
D0=6C D1=4040 D2=106300 D3=0 D4=840000F D5=842184D8 D6=842184D8 D7=101700 A0=86E00 A1=108902 A2=4ABB4 A3=108FAA A4=101700 A5=108000 A6=10BA1E PC=4892 -- 004892: move.w  ($46de,A5), D0
D0=4040 D1=4040 D2=106300 D3=0 D4=840000F D5=842184D8 D6=842184D8 D7=101700 A0=86E00 A1=108902 A2=4ABB4 A3=108FAA A4=101700 A5=108000 A6=10BA1E PC=4896 -- 004896: tst.b   ($46e2,A5)
D0=4040 D1=4040 D2=106300 D3=0 D4=840000F D5=842184D8 D6=842184D8 D7=101700 A0=86E00 A1=108902 A2=4ABB4 A3=108FAA A4=101700 A5=108000 A6=10BA1E PC=489A -- 00489A: beq     $48a0
D0=4040 D1=4040 D2=106300 D3=0 D4=840000F D5=842184D8 D6=842184D8 D7=101700 A0=86E00 A1=108902 A2=4ABB4 A3=108FAA A4=101700 A5=108000 A6=10BA1E PC=48A0 -- 0048A0: andi.w  #$ff, D0
D0=40 D1=4040 D2=106300 D3=0 D4=840000F D5=842184D8 D6=842184D8 D7=101700 A0=86E00 A1=108902 A2=4ABB4 A3=108FAA A4=101700 A5=108000 A6=10BA1E PC=48A4 -- 0048A4: add.w   D0, D0
D0=80 D1=4040 D2=106300 D3=0 D4=840000F D5=842184D8 D6=842184D8 D7=101700 A0=86E00 A1=108902 A2=4ABB4 A3=108FAA A4=101700 A5=108000 A6=10BA1E PC=48A6 -- 0048A6: add.w   D0, D0
D0=100 D1=4040 D2=106300 D3=0 D4=840000F D5=842184D8 D6=842184D8 D7=101700 A0=86E00 A1=108902 A2=4ABB4 A3=108FAA A4=101700 A5=108000 A6=10BA1E PC=48A8 -- 0048A8: movea.l (A0,D0.w), A0
D0=100 D1=4040 D2=106300 D3=0 D4=840000F D5=842184D8 D6=842184D8 D7=101700 A0=F3152 A1=108902 A2=4ABB4 A3=108FAA A4=101700 A5=108000 A6=10BA1E PC=48AC -- 0048AC: move.w  ($74,A4), D0
D0=0 D1=4040 D2=106300 D3=0 D4=840000F D5=842184D8 D6=842184D8 D7=101700 A0=F3152 A1=108902 A2=4ABB4 A3=108FAA A4=101700 A5=108000 A6=10BA1E PC=48B0 -- 0048B0: adda.w  D0, A0
D0=0 D1=4040 D2=106300 D3=0 D4=840000F D5=842184D8 D6=842184D8 D7=101700 A0=F3152 A1=108902 A2=4ABB4 A3=108FAA A4=101700 A5=108000 A6=10BA1E PC=48B2 -- 0048B2: move.l  (A0), D0
D0=10F1140 D1=4040 D2=106300 D3=0 D4=840000F D5=842184D8 D6=842184D8 D7=101700 A0=F3152 A1=108902 A2=4ABB4 A3=108FAA A4=101700 A5=108000 A6=10BA1E PC=48B4 -- 0048B4: andi.l  #$ffffff, D0
D0=F1140 D1=4040 D2=106300 D3=0 D4=840000F D5=842184D8 D6=842184D8 D7=101700 A0=F3152 A1=108902 A2=4ABB4 A3=108FAA A4=101700 A5=108000 A6=10BA1E PC=48BA -- 0048BA: movea.l D0, A0
D0=F1140 D1=4040 D2=106300 D3=0 D4=840000F D5=842184D8 D6=842184D8 D7=101700 A0=F1140 A1=108902 A2=4ABB4 A3=108FAA A4=101700 A5=108000 A6=10BA1E PC=48BC -- 0048BC: move.w  ($4,A0), D0
D0=F007B D1=4040 D2=106300 D3=0 D4=840000F D5=842184D8 D6=842184D8 D7=101700 A0=F1140 A1=108902 A2=4ABB4 A3=108FAA A4=101700 A5=108000 A6=10BA1E PC=48C0 -- 0048C0: andi.w  #$1fff, D0
D0=F007B D1=4040 D2=106300 D3=0 D4=840000F D5=842184D8 D6=842184D8 D7=101700 A0=F1140 A1=108902 A2=4ABB4 A3=108FAA A4=101700 A5=108000 A6=10BA1E PC=48C4 -- 0048C4: move.w  D0, ($46e0,A5)
D0=F007B D1=4040 D2=106300 D3=0 D4=840000F D5=842184D8 D6=842184D8 D7=101700 A0=F1140 A1=108902 A2=4ABB4 A3=108FAA A4=101700 A5=108000 A6=10BA1E PC=48C8 -- 0048C8: lea     $80080.l, A0
D0=F007B D1=4040 D2=106300 D3=0 D4=840000F D5=842184D8 D6=842184D8 D7=101700 A0=80080 A1=108902 A2=4ABB4 A3=108FAA A4=101700 A5=108000 A6=10BA1E PC=48CE -- 0048CE: move.w  ($70,A4), D1
D0=F007B D1=1B D2=106300 D3=0 D4=840000F D5=842184D8 D6=842184D8 D7=101700 A0=80080 A1=108902 A2=4ABB4 A3=108FAA A4=101700 A5=108000 A6=10BA1E PC=48D2 -- 0048D2: add.w   D1, D1
D0=F007B D1=36 D2=106300 D3=0 D4=840000F D5=842184D8 D6=842184D8 D7=101700 A0=80080 A1=108902 A2=4ABB4 A3=108FAA A4=101700 A5=108000 A6=10BA1E PC=48D4 -- 0048D4: add.w   D1, D1
D0=F007B D1=6C D2=106300 D3=0 D4=840000F D5=842184D8 D6=842184D8 D7=101700 A0=80080 A1=108902 A2=4ABB4 A3=108FAA A4=101700 A5=108000 A6=10BA1E PC=48D6 -- 0048D6: movea.l (A0,D1.w), A0
D0=F007B D1=6C D2=106300 D3=0 D4=840000F D5=842184D8 D6=842184D8 D7=101700 A0=95200 A1=108902 A2=4ABB4 A3=108FAA A4=101700 A5=108000 A6=10BA1E PC=48DA -- 0048DA: add.w   D0, D0
D0=F00F6 D1=6C D2=106300 D3=0 D4=840000F D5=842184D8 D6=842184D8 D7=101700 A0=95200 A1=108902 A2=4ABB4 A3=108FAA A4=101700 A5=108000 A6=10BA1E PC=48DC -- 0048DC: add.w   D0, D0
D0=F01EC D1=6C D2=106300 D3=0 D4=840000F D5=842184D8 D6=842184D8 D7=101700 A0=95200 A1=108902 A2=4ABB4 A3=108FAA A4=101700 A5=108000 A6=10BA1E PC=48DE -- 0048DE: move.l  (A0,D0.w), ($28,A4)
D0=F01EC D1=6C D2=106300 D3=0 D4=840000F D5=842184D8 D6=842184D8 D7=101700 A0=95200 A1=108902 A2=4ABB4 A3=108FAA A4=101700 A5=108000 A6=10BA1E PC=48E4 -- 0048E4: rts
D0=F01EC D1=6C D2=106300 D3=0 D4=840000F D5=842184D8 D6=842184D8 D7=101700 A0=95200 A1=108902 A2=4ABB4 A3=108FAA A4=101700 A5=108000 A6=10BA1E PC=3E7C -- 003E7C: bra     $481a
D0=F01EC D1=6C D2=106300 D3=0 D4=840000F D5=842184D8 D6=842184D8 D7=101700 A0=95200 A1=108902 A2=4ABB4 A3=108FAA A4=101700 A5=108000 A6=10BA1E PC=481A -- 00481A: addq.w  #1, ($e3a,A5)
D0=F01EC D1=6C D2=106300 D3=0 D4=840000F D5=842184D8 D6=842184D8 D7=101700 A0=95200 A1=108902 A2=4ABB4 A3=108FAA A4=101700 A5=108000 A6=10BA1E PC=481E -- 00481E: lea     ($838,A5), A1
D0=F01EC D1=6C D2=106300 D3=0 D4=840000F D5=842184D8 D6=842184D8 D7=101700 A0=95200 A1=108838 A2=4ABB4 A3=108FAA A4=101700 A5=108000 A6=10BA1E PC=4822 -- 004822: move.w  ($2c,A4), D0
D0=F0073 D1=6C D2=106300 D3=0 D4=840000F D5=842184D8 D6=842184D8 D7=101700 A0=95200 A1=108838 A2=4ABB4 A3=108FAA A4=101700 A5=108000 A6=10BA1E PC=4826 -- 004826: move.w  D0, D1
D0=F0073 D1=73 D2=106300 D3=0 D4=840000F D5=842184D8 D6=842184D8 D7=101700 A0=95200 A1=108838 A2=4ABB4 A3=108FAA A4=101700 A5=108000 A6=10BA1E PC=4828 -- 004828: add.w   D1, D1
D0=F0073 D1=E6 D2=106300 D3=0 D4=840000F D5=842184D8 D6=842184D8 D7=101700 A0=95200 A1=108838 A2=4ABB4 A3=108FAA A4=101700 A5=108000 A6=10BA1E PC=482A -- 00482A: adda.w  D1, A1
D0=F0073 D1=E6 D2=106300 D3=0 D4=840000F D5=842184D8 D6=842184D8 D7=101700 A0=95200 A1=10891E A2=4ABB4 A3=108FAA A4=101700 A5=108000 A6=10BA1E PC=482C -- 00482C: cmp.w   ($e38,A5), D1
D0=F0073 D1=E6 D2=106300 D3=0 D4=840000F D5=842184D8 D6=842184D8 D7=101700 A0=95200 A1=10891E A2=4ABB4 A3=108FAA A4=101700 A5=108000 A6=10BA1E PC=4830 -- 004830: bhi     $4836
D0=F0073 D1=E6 D2=106300 D3=0 D4=840000F D5=842184D8 D6=842184D8 D7=101700 A0=95200 A1=10891E A2=4ABB4 A3=108FAA A4=101700 A5=108000 A6=10BA1E PC=4836 -- 004836: move.w  (A1)+, D1
D0=F0073 D1=0 D2=106300 D3=0 D4=840000F D5=842184D8 D6=842184D8 D7=101700 A0=95200 A1=108920 A2=4ABB4 A3=108FAA A4=101700 A5=108000 A6=10BA1E PC=4838 -- 004838: beq     $485a
D0=F0073 D1=0 D2=106300 D3=0 D4=840000F D5=842184D8 D6=842184D8 D7=101700 A0=95200 A1=108920 A2=4ABB4 A3=108FAA A4=101700 A5=108000 A6=10BA1E PC=485A -- 00485A: move.w  A4, (-$2,A1)
D0=F0073 D1=0 D2=106300 D3=0 D4=840000F D5=842184D8 D6=842184D8 D7=101700 A0=95200 A1=108920 A2=4ABB4 A3=108FAA A4=101700 A5=108000 A6=10BA1E PC=485E -- 00485E: rts
D0=F0073 D1=0 D2=106300 D3=0 D4=840000F D5=842184D8 D6=842184D8 D7=101700 A0=95200 A1=108920 A2=4ABB4 A3=108FAA A4=101700 A5=108000 A6=10BA1E PC=32B3C -- 032B3C: move.l  A4, D7
D0=F0073 D1=0 D2=106300 D3=0 D4=840000F D5=842184D8 D6=842184D8 D7=101700 A0=95200 A1=108920 A2=4ABB4 A3=108FAA A4=101700 A5=108000 A6=10BA1E PC=32B3E -- 032B3E: move.w  ($4,A4), D7
D0=F0073 D1=0 D2=106300 D3=0 D4=840000F D5=842184D8 D6=842184D8 D7=101900 A0=95200 A1=108920 A2=4ABB4 A3=108FAA A4=101700 A5=108000 A6=10BA1E PC=32B42 -- 032B42: bpl     $32b36
D0=F0073 D1=0 D2=106300 D3=0 D4=840000F D5=842184D8 D6=842184D8 D7=101900 A0=95200 A1=108920 A2=4ABB4 A3=108FAA A4=101700 A5=108000 A6=10BA1E PC=32B36 -- 032B36: movea.l D7, A4
D0=F0073 D1=0 D2=106300 D3=0 D4=840000F D5=842184D8 D6=842184D8 D7=101900 A0=95200 A1=108920 A2=4ABB4 A3=108FAA A4=101900 A5=108000 A6=10BA1E PC=32B38 -- 032B38: movea.l (A4), A0
D0=F0073 D1=0 D2=106300 D3=0 D4=840000F D5=842184D8 D6=842184D8 D7=101900 A0=37DBA A1=108920 A2=4ABB4 A3=108FAA A4=101900 A5=108000 A6=10BA1E PC=32B3A -- 032B3A: jsr     (A0)
D0=F0073 D1=0 D2=106300 D3=0 D4=840000F D5=842184D8 D6=842184D8 D7=101900 A0=37DBA A1=108920 A2=4ABB4 A3=108FAA A4=101900 A5=108000 A6=10BA1E PC=37DBA -- 037DBA: clr.b   ($80,A4)
D0=F0073 D1=0 D2=106300 D3=0 D4=840000F D5=842184D8 D6=842184D8 D7=101900 A0=37DBA A1=108920 A2=4ABB4 A3=108FAA A4=101900 A5=108000 A6=10BA1E PC=37DBE -- 037DBE: moveq   #$0, D0
D0=0 D1=0 D2=106300 D3=0 D4=840000F D5=842184D8 D6=842184D8 D7=101900 A0=37DBA A1=108920 A2=4ABB4 A3=108FAA A4=101900 A5=108000 A6=10BA1E PC=37DC0 -- 037DC0: move.b  ($131,A4), D0
D0=7 D1=0 D2=106300 D3=0 D4=840000F D5=842184D8 D6=842184D8 D7=101900 A0=37DBA A1=108920 A2=4ABB4 A3=108FAA A4=101900 A5=108000 A6=10BA1E PC=37DC4 -- 037DC4: btst    D0, ($7df,A5)
D0=7 D1=0 D2=106300 D3=0 D4=840000F D5=842184D8 D6=842184D8 D7=101900 A0=37DBA A1=108920 A2=4ABB4 A3=108FAA A4=101900 A5=108000 A6=10BA1E PC=37DC8 -- 037DC8: beq     $37dec
D0=7 D1=0 D2=106300 D3=0 D4=840000F D5=842184D8 D6=842184D8 D7=101900 A0=37DBA A1=108920 A2=4ABB4 A3=108FAA A4=101900 A5=108000 A6=10BA1E PC=37DEC -- 037DEC: move.w  ($d0,A4), D0
D0=5 D1=0 D2=106300 D3=0 D4=840000F D5=842184D8 D6=842184D8 D7=101900 A0=37DBA A1=108920 A2=4ABB4 A3=108FAA A4=101900 A5=108000 A6=10BA1E PC=37DF0 -- 037DF0: movea.l ($84,A4), A0
D0=5 D1=0 D2=106300 D3=0 D4=840000F D5=842184D8 D6=842184D8 D7=101900 A0=108584 A1=108920 A2=4ABB4 A3=108FAA A4=101900 A5=108000 A6=10BA1E PC=37DF4 -- 037DF4: btst    D0, ($cf,A0)
D0=5 D1=0 D2=106300 D3=0 D4=840000F D5=842184D8 D6=842184D8 D7=101900 A0=108584 A1=108920 A2=4ABB4 A3=108FAA A4=101900 A5=108000 A6=10BA1E PC=37DF8 -- 037DF8: beq     $36eac
D0=5 D1=0 D2=106300 D3=0 D4=840000F D5=842184D8 D6=842184D8 D7=101900 A0=108584 A1=108920 A2=4ABB4 A3=108FAA A4=101900 A5=108000 A6=10BA1E PC=36EAC -- 036EAC: jsr     $48e6.w
D0=5 D1=0 D2=106300 D3=0 D4=840000F D5=842184D8 D6=842184D8 D7=101900 A0=108584 A1=108920 A2=4ABB4 A3=108FAA A4=101900 A5=108000 A6=10BA1E PC=48E6 -- 0048E6: move.w  ($70,A4), D0
D0=1B D1=0 D2=106300 D3=0 D4=840000F D5=842184D8 D6=842184D8 D7=101900 A0=108584 A1=108920 A2=4ABB4 A3=108FAA A4=101900 A5=108000 A6=10BA1E PC=48EA -- 0048EA: cmp.b   ($78,A4), D0
D0=1B D1=0 D2=106300 D3=0 D4=840000F D5=842184D8 D6=842184D8 D7=101900 A0=108584 A1=108920 A2=4ABB4 A3=108FAA A4=101900 A5=108000 A6=10BA1E PC=48EE -- 0048EE: bne     $491c
D0=1B D1=0 D2=106300 D3=0 D4=840000F D5=842184D8 D6=842184D8 D7=101900 A0=108584 A1=108920 A2=4ABB4 A3=108FAA A4=101900 A5=108000 A6=10BA1E PC=48F0 -- 0048F0: move.w  ($72,A4), D0
D0=3F D1=0 D2=106300 D3=0 D4=840000F D5=842184D8 D6=842184D8 D7=101900 A0=108584 A1=108920 A2=4ABB4 A3=108FAA A4=101900 A5=108000 A6=10BA1E PC=48F4 -- 0048F4: cmp.b   ($79,A4), D0
D0=3F D1=0 D2=106300 D3=0 D4=840000F D5=842184D8 D6=842184D8 D7=101900 A0=108584 A1=108920 A2=4ABB4 A3=108FAA A4=101900 A5=108000 A6=10BA1E PC=48F8 -- 0048F8: bne     $493c
D0=3F D1=0 D2=106300 D3=0 D4=840000F D5=842184D8 D6=842184D8 D7=101900 A0=108584 A1=108920 A2=4ABB4 A3=108FAA A4=101900 A5=108000 A6=10BA1E PC=48FA -- 0048FA: tst.b   ($77,A4)
D0=3F D1=0 D2=106300 D3=0 D4=840000F D5=842184D8 D6=842184D8 D7=101900 A0=108584 A1=108920 A2=4ABB4 A3=108FAA A4=101900 A5=108000 A6=10BA1E PC=48FE -- 0048FE: bne     $495c
D0=3F D1=0 D2=106300 D3=0 D4=840000F D5=842184D8 D6=842184D8 D7=101900 A0=108584 A1=108920 A2=4ABB4 A3=108FAA A4=101900 A5=108000 A6=10BA1E PC=4900 -- 004900: tst.b   ($7a,A4)
D0=3F D1=0 D2=106300 D3=0 D4=840000F D5=842184D8 D6=842184D8 D7=101900 A0=108584 A1=108920 A2=4ABB4 A3=108FAA A4=101900 A5=108000 A6=10BA1E PC=4904 -- 004904: bmi     $491a
D0=3F D1=0 D2=106300 D3=0 D4=840000F D5=842184D8 D6=842184D8 D7=101900 A0=108584 A1=108920 A2=4ABB4 A3=108FAA A4=101900 A5=108000 A6=10BA1E PC=491A -- 00491A: rts
D0=3F D1=0 D2=106300 D3=0 D4=840000F D5=842184D8 D6=842184D8 D7=101900 A0=108584 A1=108920 A2=4ABB4 A3=108FAA A4=101900 A5=108000 A6=10BA1E PC=36EB0 -- 036EB0: jmp     $3e2e.w
D0=3F D1=0 D2=106300 D3=0 D4=840000F D5=842184D8 D6=842184D8 D7=101900 A0=108584 A1=108920 A2=4ABB4 A3=108FAA A4=101900 A5=108000 A6=10BA1E PC=3E2E -- 003E2E: tst.w   ($74,A4)
D0=3F D1=0 D2=106300 D3=0 D4=840000F D5=842184D8 D6=842184D8 D7=101900 A0=108584 A1=108920 A2=4ABB4 A3=108FAA A4=101900 A5=108000 A6=10BA1E PC=3E32 -- 003E32: bmi     $3e80
D0=3F D1=0 D2=106300 D3=0 D4=840000F D5=842184D8 D6=842184D8 D7=101900 A0=108584 A1=108920 A2=4ABB4 A3=108FAA A4=101900 A5=108000 A6=10BA1E PC=3E34 -- 003E34: btst    #$6, ($7c,A4)
D0=3F D1=0 D2=106300 D3=0 D4=840000F D5=842184D8 D6=842184D8 D7=101900 A0=108584 A1=108920 A2=4ABB4 A3=108FAA A4=101900 A5=108000 A6=10BA1E PC=3E3A -- 003E3A: bne     $3e78
D0=3F D1=0 D2=106300 D3=0 D4=840000F D5=842184D8 D6=842184D8 D7=101900 A0=108584 A1=108920 A2=4ABB4 A3=108FAA A4=101900 A5=108000 A6=10BA1E PC=3E3E -- 003E3E: moveq   #$0, D3
D0=3F D1=0 D2=106300 D3=0 D4=840000F D5=842184D8 D6=842184D8 D7=101900 A0=108584 A1=108920 A2=4ABB4 A3=108FAA A4=101900 A5=108000 A6=10BA1E PC=3E40 -- 003E40: move.b  ($82,A4), D3
D0=3F D1=0 D2=106300 D3=0 D4=840000F D5=842184D8 D6=842184D8 D7=101900 A0=108584 A1=108920 A2=4ABB4 A3=108FAA A4=101900 A5=108000 A6=10BA1E PC=3E44 -- 003E44: add.w   D3, D3
D0=3F D1=0 D2=106300 D3=0 D4=840000F D5=842184D8 D6=842184D8 D7=101900 A0=108584 A1=108920 A2=4ABB4 A3=108FAA A4=101900 A5=108000 A6=10BA1E PC=3E46 -- 003E46: add.w   D3, D3
D0=3F D1=0 D2=106300 D3=0 D4=840000F D5=842184D8 D6=842184D8 D7=101900 A0=108584 A1=108920 A2=4ABB4 A3=108FAA A4=101900 A5=108000 A6=10BA1E PC=3E48 -- 003E48: move.w  ($18,A4), D0
D0=90 D1=0 D2=106300 D3=0 D4=840000F D5=842184D8 D6=842184D8 D7=101900 A0=108584 A1=108920 A2=4ABB4 A3=108FAA A4=101900 A5=108000 A6=10BA1E PC=3E4C -- 003E4C: lea     ($104c,A5), A0
D0=90 D1=0 D2=106300 D3=0 D4=840000F D5=842184D8 D6=842184D8 D7=101900 A0=10904C A1=108920 A2=4ABB4 A3=108FAA A4=101900 A5=108000 A6=10BA1E PC=3E50 -- 003E50: sub.w   (A0,D3.w), D0
D0=90 D1=0 D2=106300 D3=0 D4=840000F D5=842184D8 D6=842184D8 D7=101900 A0=10904C A1=108920 A2=4ABB4 A3=108FAA A4=101900 A5=108000 A6=10BA1E PC=3E54 -- 003E54: addi.w  #$30, D0
D0=C0 D1=0 D2=106300 D3=0 D4=840000F D5=842184D8 D6=842184D8 D7=101900 A0=10904C A1=108920 A2=4ABB4 A3=108FAA A4=101900 A5=108000 A6=10BA1E PC=3E58 -- 003E58: cmpi.w  #$1a0, D0
D0=C0 D1=0 D2=106300 D3=0 D4=840000F D5=842184D8 D6=842184D8 D7=101900 A0=10904C A1=108920 A2=4ABB4 A3=108FAA A4=101900 A5=108000 A6=10BA1E PC=3E5C -- 003E5C: bls     $3e60
D0=C0 D1=0 D2=106300 D3=0 D4=840000F D5=842184D8 D6=842184D8 D7=101900 A0=10904C A1=108920 A2=4ABB4 A3=108FAA A4=101900 A5=108000 A6=10BA1E PC=3E60 -- 003E60: move.w  ($1c,A4), D0
D0=C8 D1=0 D2=106300 D3=0 D4=840000F D5=842184D8 D6=842184D8 D7=101900 A0=10904C A1=108920 A2=4ABB4 A3=108FAA A4=101900 A5=108000 A6=10BA1E PC=3E64 -- 003E64: sub.w   ($20,A4), D0
D0=C8 D1=0 D2=106300 D3=0 D4=840000F D5=842184D8 D6=842184D8 D7=101900 A0=10904C A1=108920 A2=4ABB4 A3=108FAA A4=101900 A5=108000 A6=10BA1E PC=3E68 -- 003E68: lea     ($1058,A5), A0
D0=C8 D1=0 D2=106300 D3=0 D4=840000F D5=842184D8 D6=842184D8 D7=101900 A0=109058 A1=108920 A2=4ABB4 A3=108FAA A4=101900 A5=108000 A6=10BA1E PC=3E6C -- 003E6C: sub.w   (A0,D3.w), D0
D0=C8 D1=0 D2=106300 D3=0 D4=840000F D5=842184D8 D6=842184D8 D7=101900 A0=109058 A1=108920 A2=4ABB4 A3=108FAA A4=101900 A5=108000 A6=10BA1E PC=3E70 -- 003E70: cmpi.w  #$1c0, D0
D0=C8 D1=0 D2=106300 D3=0 D4=840000F D5=842184D8 D6=842184D8 D7=101900 A0=109058 A1=108920 A2=4ABB4 A3=108FAA A4=101900 A5=108000 A6=10BA1E PC=3E74 -- 003E74: bls     $3e78
D0=C8 D1=0 D2=106300 D3=0 D4=840000F D5=842184D8 D6=842184D8 D7=101900 A0=109058 A1=108920 A2=4ABB4 A3=108FAA A4=101900 A5=108000 A6=10BA1E PC=3E78 -- 003E78: bsr     $4860
D0=C8 D1=0 D2=106300 D3=0 D4=840000F D5=842184D8 D6=842184D8 D7=101900 A0=109058 A1=108920 A2=4ABB4 A3=108FAA A4=101900 A5=108000 A6=10BA1E PC=4860 -- 004860: lea     $7bf48.l, A0
D0=C8 D1=0 D2=106300 D3=0 D4=840000F D5=842184D8 D6=842184D8 D7=101900 A0=7BF48 A1=108920 A2=4ABB4 A3=108FAA A4=101900 A5=108000 A6=10BA1E PC=4866 -- 004866: move.w  ($70,A4), D0
D0=1B D1=0 D2=106300 D3=0 D4=840000F D5=842184D8 D6=842184D8 D7=101900 A0=7BF48 A1=108920 A2=4ABB4 A3=108FAA A4=101900 A5=108000 A6=10BA1E PC=486A -- 00486A: add.w   D0, D0
D0=36 D1=0 D2=106300 D3=0 D4=840000F D5=842184D8 D6=842184D8 D7=101900 A0=7BF48 A1=108920 A2=4ABB4 A3=108FAA A4=101900 A5=108000 A6=10BA1E PC=486C -- 00486C: add.w   D0, D0
D0=6C D1=0 D2=106300 D3=0 D4=840000F D5=842184D8 D6=842184D8 D7=101900 A0=7BF48 A1=108920 A2=4ABB4 A3=108FAA A4=101900 A5=108000 A6=10BA1E PC=486E -- 00486E: movea.l (A0,D0.w), A0
D0=6C D1=0 D2=106300 D3=0 D4=840000F D5=842184D8 D6=842184D8 D7=101900 A0=7F5E0 A1=108920 A2=4ABB4 A3=108FAA A4=101900 A5=108000 A6=10BA1E PC=4872 -- 004872: move.w  ($72,A4), D0
D0=3F D1=0 D2=106300 D3=0 D4=840000F D5=842184D8 D6=842184D8 D7=101900 A0=7F5E0 A1=108920 A2=4ABB4 A3=108FAA A4=101900 A5=108000 A6=10BA1E PC=4876 -- 004876: add.w   D0, D0
D0=7E D1=0 D2=106300 D3=0 D4=840000F D5=842184D8 D6=842184D8 D7=101900 A0=7F5E0 A1=108920 A2=4ABB4 A3=108FAA A4=101900 A5=108000 A6=10BA1E PC=4878 -- 004878: move.w  (A0,D0.w), D1
D0=7E D1=3F3F D2=106300 D3=0 D4=840000F D5=842184D8 D6=842184D8 D7=101900 A0=7F5E0 A1=108920 A2=4ABB4 A3=108FAA A4=101900 A5=108000 A6=10BA1E PC=487C -- 00487C: move.w  D1, ($46de,A5)
D0=7E D1=3F3F D2=106300 D3=0 D4=840000F D5=842184D8 D6=842184D8 D7=101900 A0=7F5E0 A1=108920 A2=4ABB4 A3=108FAA A4=101900 A5=108000 A6=10BA1E PC=4880 -- 004880: lea     $80000.l, A0
D0=7E D1=3F3F D2=106300 D3=0 D4=840000F D5=842184D8 D6=842184D8 D7=101900 A0=80000 A1=108920 A2=4ABB4 A3=108FAA A4=101900 A5=108000 A6=10BA1E PC=4886 -- 004886: move.w  ($70,A4), D0
D0=1B D1=3F3F D2=106300 D3=0 D4=840000F D5=842184D8 D6=842184D8 D7=101900 A0=80000 A1=108920 A2=4ABB4 A3=108FAA A4=101900 A5=108000 A6=10BA1E PC=488A -- 00488A: add.w   D0, D0
D0=36 D1=3F3F D2=106300 D3=0 D4=840000F D5=842184D8 D6=842184D8 D7=101900 A0=80000 A1=108920 A2=4ABB4 A3=108FAA A4=101900 A5=108000 A6=10BA1E PC=488C -- 00488C: add.w   D0, D0
D0=6C D1=3F3F D2=106300 D3=0 D4=840000F D5=842184D8 D6=842184D8 D7=101900 A0=80000 A1=108920 A2=4ABB4 A3=108FAA A4=101900 A5=108000 A6=10BA1E PC=488E -- 00488E: movea.l (A0,D0.w), A0
D0=6C D1=3F3F D2=106300 D3=0 D4=840000F D5=842184D8 D6=842184D8 D7=101900 A0=86E00 A1=108920 A2=4ABB4 A3=108FAA A4=101900 A5=108000 A6=10BA1E PC=4892 -- 004892: move.w  ($46de,A5), D0
D0=3F3F D1=3F3F D2=106300 D3=0 D4=840000F D5=842184D8 D6=842184D8 D7=101900 A0=86E00 A1=108920 A2=4ABB4 A3=108FAA A4=101900 A5=108000 A6=10BA1E PC=4896 -- 004896: tst.b   ($46e2,A5)
D0=3F3F D1=3F3F D2=106300 D3=0 D4=840000F D5=842184D8 D6=842184D8 D7=101900 A0=86E00 A1=108920 A2=4ABB4 A3=108FAA A4=101900 A5=108000 A6=10BA1E PC=489A -- 00489A: beq     $48a0
D0=3F3F D1=3F3F D2=106300 D3=0 D4=840000F D5=842184D8 D6=842184D8 D7=101900 A0=86E00 A1=108920 A2=4ABB4 A3=108FAA A4=101900 A5=108000 A6=10BA1E PC=48A0 -- 0048A0: andi.w  #$ff, D0
D0=3F D1=3F3F D2=106300 D3=0 D4=840000F D5=842184D8 D6=842184D8 D7=101900 A0=86E00 A1=108920 A2=4ABB4 A3=108FAA A4=101900 A5=108000 A6=10BA1E PC=48A4 -- 0048A4: add.w   D0, D0
D0=7E D1=3F3F D2=106300 D3=0 D4=840000F D5=842184D8 D6=842184D8 D7=101900 A0=86E00 A1=108920 A2=4ABB4 A3=108FAA A4=101900 A5=108000 A6=10BA1E PC=48A6 -- 0048A6: add.w   D0, D0
D0=FC D1=3F3F D2=106300 D3=0 D4=840000F D5=842184D8 D6=842184D8 D7=101900 A0=86E00 A1=108920 A2=4ABB4 A3=108FAA A4=101900 A5=108000 A6=10BA1E PC=48A8 -- 0048A8: movea.l (A0,D0.w), A0
D0=FC D1=3F3F D2=106300 D3=0 D4=840000F D5=842184D8 D6=842184D8 D7=101900 A0=F314A A1=108920 A2=4ABB4 A3=108FAA A4=101900 A5=108000 A6=10BA1E PC=48AC -- 0048AC: move.w  ($74,A4), D0
D0=0 D1=3F3F D2=106300 D3=0 D4=840000F D5=842184D8 D6=842184D8 D7=101900 A0=F314A A1=108920 A2=4ABB4 A3=108FAA A4=101900 A5=108000 A6=10BA1E PC=48B0 -- 0048B0: adda.w  D0, A0
D0=0 D1=3F3F D2=106300 D3=0 D4=840000F D5=842184D8 D6=842184D8 D7=101900 A0=F314A A1=108920 A2=4ABB4 A3=108FAA A4=101900 A5=108000 A6=10BA1E PC=48B2 -- 0048B2: move.l  (A0), D0
D0=10F113A D1=3F3F D2=106300 D3=0 D4=840000F D5=842184D8 D6=842184D8 D7=101900 A0=F314A A1=108920 A2=4ABB4 A3=108FAA A4=101900 A5=108000 A6=10BA1E PC=48B4 -- 0048B4: andi.l  #$ffffff, D0
D0=F113A D1=3F3F D2=106300 D3=0 D4=840000F D5=842184D8 D6=842184D8 D7=101900 A0=F314A A1=108920 A2=4ABB4 A3=108FAA A4=101900 A5=108000 A6=10BA1E PC=48BA -- 0048BA: movea.l D0, A0
D0=F113A D1=3F3F D2=106300 D3=0 D4=840000F D5=842184D8 D6=842184D8 D7=101900 A0=F113A A1=108920 A2=4ABB4 A3=108FAA A4=101900 A5=108000 A6=10BA1E PC=48BC -- 0048BC: move.w  ($4,A0), D0
D0=F007A D1=3F3F D2=106300 D3=0 D4=840000F D5=842184D8 D6=842184D8 D7=101900 A0=F113A A1=108920 A2=4ABB4 A3=108FAA A4=101900 A5=108000 A6=10BA1E PC=48C0 -- 0048C0: andi.w  #$1fff, D0
D0=F007A D1=3F3F D2=106300 D3=0 D4=840000F D5=842184D8 D6=842184D8 D7=101900 A0=F113A A1=108920 A2=4ABB4 A3=108FAA A4=101900 A5=108000 A6=10BA1E PC=48C4 -- 0048C4: move.w  D0, ($46e0,A5)
D0=F007A D1=3F3F D2=106300 D3=0 D4=840000F D5=842184D8 D6=842184D8 D7=101900 A0=F113A A1=108920 A2=4ABB4 A3=108FAA A4=101900 A5=108000 A6=10BA1E PC=48C8 -- 0048C8: lea     $80080.l, A0
D0=F007A D1=3F3F D2=106300 D3=0 D4=840000F D5=842184D8 D6=842184D8 D7=101900 A0=80080 A1=108920 A2=4ABB4 A3=108FAA A4=101900 A5=108000 A6=10BA1E PC=48CE -- 0048CE: move.w  ($70,A4), D1
D0=F007A D1=1B D2=106300 D3=0 D4=840000F D5=842184D8 D6=842184D8 D7=101900 A0=80080 A1=108920 A2=4ABB4 A3=108FAA A4=101900 A5=108000 A6=10BA1E PC=48D2 -- 0048D2: add.w   D1, D1
D0=F007A D1=36 D2=106300 D3=0 D4=840000F D5=842184D8 D6=842184D8 D7=101900 A0=80080 A1=108920 A2=4ABB4 A3=108FAA A4=101900 A5=108000 A6=10BA1E PC=48D4 -- 0048D4: add.w   D1, D1
D0=F007A D1=6C D2=106300 D3=0 D4=840000F D5=842184D8 D6=842184D8 D7=101900 A0=80080 A1=108920 A2=4ABB4 A3=108FAA A4=101900 A5=108000 A6=10BA1E PC=48D6 -- 0048D6: movea.l (A0,D1.w), A0
D0=F007A D1=6C D2=106300 D3=0 D4=840000F D5=842184D8 D6=842184D8 D7=101900 A0=95200 A1=108920 A2=4ABB4 A3=108FAA A4=101900 A5=108000 A6=10BA1E PC=48DA -- 0048DA: add.w   D0, D0
D0=F00F4 D1=6C D2=106300 D3=0 D4=840000F D5=842184D8 D6=842184D8 D7=101900 A0=95200 A1=108920 A2=4ABB4 A3=108FAA A4=101900 A5=108000 A6=10BA1E PC=48DC -- 0048DC: add.w   D0, D0
D0=F01E8 D1=6C D2=106300 D3=0 D4=840000F D5=842184D8 D6=842184D8 D7=101900 A0=95200 A1=108920 A2=4ABB4 A3=108FAA A4=101900 A5=108000 A6=10BA1E PC=48DE -- 0048DE: move.l  (A0,D0.w), ($28,A4)
D0=F01E8 D1=6C D2=106300 D3=0 D4=840000F D5=842184D8 D6=842184D8 D7=101900 A0=95200 A1=108920 A2=4ABB4 A3=108FAA A4=101900 A5=108000 A6=10BA1E PC=48E4 -- 0048E4: rts
D0=F01E8 D1=6C D2=106300 D3=0 D4=840000F D5=842184D8 D6=842184D8 D7=101900 A0=95200 A1=108920 A2=4ABB4 A3=108FAA A4=101900 A5=108000 A6=10BA1E PC=3E7C -- 003E7C: bra     $481a
D0=F01E8 D1=6C D2=106300 D3=0 D4=840000F D5=842184D8 D6=842184D8 D7=101900 A0=95200 A1=108920 A2=4ABB4 A3=108FAA A4=101900 A5=108000 A6=10BA1E PC=481A -- 00481A: addq.w  #1, ($e3a,A5)
D0=F01E8 D1=6C D2=106300 D3=0 D4=840000F D5=842184D8 D6=842184D8 D7=101900 A0=95200 A1=108920 A2=4ABB4 A3=108FAA A4=101900 A5=108000 A6=10BA1E PC=481E -- 00481E: lea     ($838,A5), A1
D0=F01E8 D1=6C D2=106300 D3=0 D4=840000F D5=842184D8 D6=842184D8 D7=101900 A0=95200 A1=108838 A2=4ABB4 A3=108FAA A4=101900 A5=108000 A6=10BA1E PC=4822 -- 004822: move.w  ($2c,A4), D0
D0=F0073 D1=6C D2=106300 D3=0 D4=840000F D5=842184D8 D6=842184D8 D7=101900 A0=95200 A1=108838 A2=4ABB4 A3=108FAA A4=101900 A5=108000 A6=10BA1E PC=4826 -- 004826: move.w  D0, D1
D0=F0073 D1=73 D2=106300 D3=0 D4=840000F D5=842184D8 D6=842184D8 D7=101900 A0=95200 A1=108838 A2=4ABB4 A3=108FAA A4=101900 A5=108000 A6=10BA1E PC=4828 -- 004828: add.w   D1, D1
D0=F0073 D1=E6 D2=106300 D3=0 D4=840000F D5=842184D8 D6=842184D8 D7=101900 A0=95200 A1=108838 A2=4ABB4 A3=108FAA A4=101900 A5=108000 A6=10BA1E PC=482A -- 00482A: adda.w  D1, A1
D0=F0073 D1=E6 D2=106300 D3=0 D4=840000F D5=842184D8 D6=842184D8 D7=101900 A0=95200 A1=10891E A2=4ABB4 A3=108FAA A4=101900 A5=108000 A6=10BA1E PC=482C -- 00482C: cmp.w   ($e38,A5), D1
D0=F0073 D1=E6 D2=106300 D3=0 D4=840000F D5=842184D8 D6=842184D8 D7=101900 A0=95200 A1=10891E A2=4ABB4 A3=108FAA A4=101900 A5=108000 A6=10BA1E PC=4830 -- 004830: bhi     $4836
D0=F0073 D1=E6 D2=106300 D3=0 D4=840000F D5=842184D8 D6=842184D8 D7=101900 A0=95200 A1=10891E A2=4ABB4 A3=108FAA A4=101900 A5=108000 A6=10BA1E PC=4836 -- 004836: move.w  (A1)+, D1
D0=F0073 D1=1700 D2=106300 D3=0 D4=840000F D5=842184D8 D6=842184D8 D7=101900 A0=95200 A1=108920 A2=4ABB4 A3=108FAA A4=101900 A5=108000 A6=10BA1E PC=4838 -- 004838: beq     $485a
D0=F0073 D1=1700 D2=106300 D3=0 D4=840000F D5=842184D8 D6=842184D8 D7=101900 A0=95200 A1=108920 A2=4ABB4 A3=108FAA A4=101900 A5=108000 A6=10BA1E PC=483A -- 00483A: move.l  #$100000, D2
D0=F0073 D1=1700 D2=100000 D3=0 D4=840000F D5=842184D8 D6=842184D8 D7=101900 A0=95200 A1=108920 A2=4ABB4 A3=108FAA A4=101900 A5=108000 A6=10BA1E PC=4840 -- 004840: move.w  D1, D2
D0=F0073 D1=1700 D2=101700 D3=0 D4=840000F D5=842184D8 D6=842184D8 D7=101900 A0=95200 A1=108920 A2=4ABB4 A3=108FAA A4=101900 A5=108000 A6=10BA1E PC=4842 -- 004842: movea.l D2, A0
D0=F0073 D1=1700 D2=101700 D3=0 D4=840000F D5=842184D8 D6=842184D8 D7=101900 A0=101700 A1=108920 A2=4ABB4 A3=108FAA A4=101900 A5=108000 A6=10BA1E PC=4844 -- 004844: cmp.w   ($2c,A0), D0
D0=F0073 D1=1700 D2=101700 D3=0 D4=840000F D5=842184D8 D6=842184D8 D7=101900 A0=101700 A1=108920 A2=4ABB4 A3=108FAA A4=101900 A5=108000 A6=10BA1E PC=4848 -- 004848: bcc     $4836
D0=F0073 D1=1700 D2=101700 D3=0 D4=840000F D5=842184D8 D6=842184D8 D7=101900 A0=101700 A1=108920 A2=4ABB4 A3=108FAA A4=101900 A5=108000 A6=10BA1E PC=4836 -- 004836: move.w  (A1)+, D1
D0=F0073 D1=0 D2=101700 D3=0 D4=840000F D5=842184D8 D6=842184D8 D7=101900 A0=101700 A1=108922 A2=4ABB4 A3=108FAA A4=101900 A5=108000 A6=10BA1E PC=4838 -- 004838: beq     $485a
D0=F0073 D1=0 D2=101700 D3=0 D4=840000F D5=842184D8 D6=842184D8 D7=101900 A0=101700 A1=108922 A2=4ABB4 A3=108FAA A4=101900 A5=108000 A6=10BA1E PC=485A -- 00485A: move.w  A4, (-$2,A1)
D0=F0073 D1=0 D2=101700 D3=0 D4=840000F D5=842184D8 D6=842184D8 D7=101900 A0=101700 A1=108922 A2=4ABB4 A3=108FAA A4=101900 A5=108000 A6=10BA1E PC=485E -- 00485E: rts
D0=F0073 D1=0 D2=101700 D3=0 D4=840000F D5=842184D8 D6=842184D8 D7=101900 A0=101700 A1=108922 A2=4ABB4 A3=108FAA A4=101900 A5=108000 A6=10BA1E PC=32B3C -- 032B3C: move.l  A4, D7
D0=F0073 D1=0 D2=101700 D3=0 D4=840000F D5=842184D8 D6=842184D8 D7=101900 A0=101700 A1=108922 A2=4ABB4 A3=108FAA A4=101900 A5=108000 A6=10BA1E PC=32B3E -- 032B3E: move.w  ($4,A4), D7
D0=F0073 D1=0 D2=101700 D3=0 D4=840000F D5=842184D8 D6=842184D8 D7=101B00 A0=101700 A1=108922 A2=4ABB4 A3=108FAA A4=101900 A5=108000 A6=10BA1E PC=32B42 -- 032B42: bpl     $32b36
D0=F0073 D1=0 D2=101700 D3=0 D4=840000F D5=842184D8 D6=842184D8 D7=101B00 A0=101700 A1=108922 A2=4ABB4 A3=108FAA A4=101900 A5=108000 A6=10BA1E PC=32B36 -- 032B36: movea.l D7, A4
D0=F0073 D1=0 D2=101700 D3=0 D4=840000F D5=842184D8 D6=842184D8 D7=101B00 A0=101700 A1=108922 A2=4ABB4 A3=108FAA A4=101B00 A5=108000 A6=10BA1E PC=32B38 -- 032B38: movea.l (A4), A0
D0=F0073 D1=0 D2=101700 D3=0 D4=840000F D5=842184D8 D6=842184D8 D7=101B00 A0=37DBA A1=108922 A2=4ABB4 A3=108FAA A4=101B00 A5=108000 A6=10BA1E PC=32B3A -- 032B3A: jsr     (A0)
D0=F0073 D1=0 D2=101700 D3=0 D4=840000F D5=842184D8 D6=842184D8 D7=101B00 A0=37DBA A1=108922 A2=4ABB4 A3=108FAA A4=101B00 A5=108000 A6=10BA1E PC=37DBA -- 037DBA: clr.b   ($80,A4)
D0=F0073 D1=0 D2=101700 D3=0 D4=840000F D5=842184D8 D6=842184D8 D7=101B00 A0=37DBA A1=108922 A2=4ABB4 A3=108FAA A4=101B00 A5=108000 A6=10BA1E PC=37DBE -- 037DBE: moveq   #$0, D0
D0=0 D1=0 D2=101700 D3=0 D4=840000F D5=842184D8 D6=842184D8 D7=101B00 A0=37DBA A1=108922 A2=4ABB4 A3=108FAA A4=101B00 A5=108000 A6=10BA1E PC=37DC0 -- 037DC0: move.b  ($131,A4), D0
D0=0 D1=0 D2=101700 D3=0 D4=840000F D5=842184D8 D6=842184D8 D7=101B00 A0=37DBA A1=108922 A2=4ABB4 A3=108FAA A4=101B00 A5=108000 A6=10BA1E PC=37DC4 -- 037DC4: btst    D0, ($7df,A5)
D0=0 D1=0 D2=101700 D3=0 D4=840000F D5=842184D8 D6=842184D8 D7=101B00 A0=37DBA A1=108922 A2=4ABB4 A3=108FAA A4=101B00 A5=108000 A6=10BA1E PC=37DC8 -- 037DC8: beq     $37dec
D0=0 D1=0 D2=101700 D3=0 D4=840000F D5=842184D8 D6=842184D8 D7=101B00 A0=37DBA A1=108922 A2=4ABB4 A3=108FAA A4=101B00 A5=108000 A6=10BA1E PC=37DEC -- 037DEC: move.w  ($d0,A4), D0
D0=5 D1=0 D2=101700 D3=0 D4=840000F D5=842184D8 D6=842184D8 D7=101B00 A0=37DBA A1=108922 A2=4ABB4 A3=108FAA A4=101B00 A5=108000 A6=10BA1E PC=37DF0 -- 037DF0: movea.l ($84,A4), A0
D0=5 D1=0 D2=101700 D3=0 D4=840000F D5=842184D8 D6=842184D8 D7=101B00 A0=108584 A1=108922 A2=4ABB4 A3=108FAA A4=101B00 A5=108000 A6=10BA1E PC=37DF4 -- 037DF4: btst    D0, ($cf,A0)
D0=5 D1=0 D2=101700 D3=0 D4=840000F D5=842184D8 D6=842184D8 D7=101B00 A0=108584 A1=108922 A2=4ABB4 A3=108FAA A4=101B00 A5=108000 A6=10BA1E PC=37DF8 -- 037DF8: beq     $36eac
D0=5 D1=0 D2=101700 D3=0 D4=840000F D5=842184D8 D6=842184D8 D7=101B00 A0=108584 A1=108922 A2=4ABB4 A3=108FAA A4=101B00 A5=108000 A6=10BA1E PC=36EAC -- 036EAC: jsr     $48e6.w
D0=5 D1=0 D2=101700 D3=0 D4=840000F D5=842184D8 D6=842184D8 D7=101B00 A0=108584 A1=108922 A2=4ABB4 A3=108FAA A4=101B00 A5=108000 A6=10BA1E PC=48E6 -- 0048E6: move.w  ($70,A4), D0
D0=1B D1=0 D2=101700 D3=0 D4=840000F D5=842184D8 D6=842184D8 D7=101B00 A0=108584 A1=108922 A2=4ABB4 A3=108FAA A4=101B00 A5=108000 A6=10BA1E PC=48EA -- 0048EA: cmp.b   ($78,A4), D0
D0=1B D1=0 D2=101700 D3=0 D4=840000F D5=842184D8 D6=842184D8 D7=101B00 A0=108584 A1=108922 A2=4ABB4 A3=108FAA A4=101B00 A5=108000 A6=10BA1E PC=48EE -- 0048EE: bne     $491c
D0=1B D1=0 D2=101700 D3=0 D4=840000F D5=842184D8 D6=842184D8 D7=101B00 A0=108584 A1=108922 A2=4ABB4 A3=108FAA A4=101B00 A5=108000 A6=10BA1E PC=48F0 -- 0048F0: move.w  ($72,A4), D0
D0=3E D1=0 D2=101700 D3=0 D4=840000F D5=842184D8 D6=842184D8 D7=101B00 A0=108584 A1=108922 A2=4ABB4 A3=108FAA A4=101B00 A5=108000 A6=10BA1E PC=48F4 -- 0048F4: cmp.b   ($79,A4), D0
D0=3E D1=0 D2=101700 D3=0 D4=840000F D5=842184D8 D6=842184D8 D7=101B00 A0=108584 A1=108922 A2=4ABB4 A3=108FAA A4=101B00 A5=108000 A6=10BA1E PC=48F8 -- 0048F8: bne     $493c
D0=3E D1=0 D2=101700 D3=0 D4=840000F D5=842184D8 D6=842184D8 D7=101B00 A0=108584 A1=108922 A2=4ABB4 A3=108FAA A4=101B00 A5=108000 A6=10BA1E PC=48FA -- 0048FA: tst.b   ($77,A4)
D0=3E D1=0 D2=101700 D3=0 D4=840000F D5=842184D8 D6=842184D8 D7=101B00 A0=108584 A1=108922 A2=4ABB4 A3=108FAA A4=101B00 A5=108000 A6=10BA1E PC=48FE -- 0048FE: bne     $495c
D0=3E D1=0 D2=101700 D3=0 D4=840000F D5=842184D8 D6=842184D8 D7=101B00 A0=108584 A1=108922 A2=4ABB4 A3=108FAA A4=101B00 A5=108000 A6=10BA1E PC=4900 -- 004900: tst.b   ($7a,A4)
D0=3E D1=0 D2=101700 D3=0 D4=840000F D5=842184D8 D6=842184D8 D7=101B00 A0=108584 A1=108922 A2=4ABB4 A3=108FAA A4=101B00 A5=108000 A6=10BA1E PC=4904 -- 004904: bmi     $491a
D0=3E D1=0 D2=101700 D3=0 D4=840000F D5=842184D8 D6=842184D8 D7=101B00 A0=108584 A1=108922 A2=4ABB4 A3=108FAA A4=101B00 A5=108000 A6=10BA1E PC=491A -- 00491A: rts
D0=3E D1=0 D2=101700 D3=0 D4=840000F D5=842184D8 D6=842184D8 D7=101B00 A0=108584 A1=108922 A2=4ABB4 A3=108FAA A4=101B00 A5=108000 A6=10BA1E PC=36EB0 -- 036EB0: jmp     $3e2e.w
D0=3E D1=0 D2=101700 D3=0 D4=840000F D5=842184D8 D6=842184D8 D7=101B00 A0=108584 A1=108922 A2=4ABB4 A3=108FAA A4=101B00 A5=108000 A6=10BA1E PC=3E2E -- 003E2E: tst.w   ($74,A4)
D0=3E D1=0 D2=101700 D3=0 D4=840000F D5=842184D8 D6=842184D8 D7=101B00 A0=108584 A1=108922 A2=4ABB4 A3=108FAA A4=101B00 A5=108000 A6=10BA1E PC=3E32 -- 003E32: bmi     $3e80
D0=3E D1=0 D2=101700 D3=0 D4=840000F D5=842184D8 D6=842184D8 D7=101B00 A0=108584 A1=108922 A2=4ABB4 A3=108FAA A4=101B00 A5=108000 A6=10BA1E PC=3E34 -- 003E34: btst    #$6, ($7c,A4)
D0=3E D1=0 D2=101700 D3=0 D4=840000F D5=842184D8 D6=842184D8 D7=101B00 A0=108584 A1=108922 A2=4ABB4 A3=108FAA A4=101B00 A5=108000 A6=10BA1E PC=3E3A -- 003E3A: bne     $3e78
D0=3E D1=0 D2=101700 D3=0 D4=840000F D5=842184D8 D6=842184D8 D7=101B00 A0=108584 A1=108922 A2=4ABB4 A3=108FAA A4=101B00 A5=108000 A6=10BA1E PC=3E3E -- 003E3E: moveq   #$0, D3
D0=3E D1=0 D2=101700 D3=0 D4=840000F D5=842184D8 D6=842184D8 D7=101B00 A0=108584 A1=108922 A2=4ABB4 A3=108FAA A4=101B00 A5=108000 A6=10BA1E PC=3E40 -- 003E40: move.b  ($82,A4), D3
D0=3E D1=0 D2=101700 D3=0 D4=840000F D5=842184D8 D6=842184D8 D7=101B00 A0=108584 A1=108922 A2=4ABB4 A3=108FAA A4=101B00 A5=108000 A6=10BA1E PC=3E44 -- 003E44: add.w   D3, D3
D0=3E D1=0 D2=101700 D3=0 D4=840000F D5=842184D8 D6=842184D8 D7=101B00 A0=108584 A1=108922 A2=4ABB4 A3=108FAA A4=101B00 A5=108000 A6=10BA1E PC=3E46 -- 003E46: add.w   D3, D3
D0=3E D1=0 D2=101700 D3=0 D4=840000F D5=842184D8 D6=842184D8 D7=101B00 A0=108584 A1=108922 A2=4ABB4 A3=108FAA A4=101B00 A5=108000 A6=10BA1E PC=3E48 -- 003E48: move.w  ($18,A4), D0
D0=90 D1=0 D2=101700 D3=0 D4=840000F D5=842184D8 D6=842184D8 D7=101B00 A0=108584 A1=108922 A2=4ABB4 A3=108FAA A4=101B00 A5=108000 A6=10BA1E PC=3E4C -- 003E4C: lea     ($104c,A5), A0
D0=90 D1=0 D2=101700 D3=0 D4=840000F D5=842184D8 D6=842184D8 D7=101B00 A0=10904C A1=108922 A2=4ABB4 A3=108FAA A4=101B00 A5=108000 A6=10BA1E PC=3E50 -- 003E50: sub.w   (A0,D3.w), D0
D0=90 D1=0 D2=101700 D3=0 D4=840000F D5=842184D8 D6=842184D8 D7=101B00 A0=10904C A1=108922 A2=4ABB4 A3=108FAA A4=101B00 A5=108000 A6=10BA1E PC=3E54 -- 003E54: addi.w  #$30, D0
D0=C0 D1=0 D2=101700 D3=0 D4=840000F D5=842184D8 D6=842184D8 D7=101B00 A0=10904C A1=108922 A2=4ABB4 A3=108FAA A4=101B00 A5=108000 A6=10BA1E PC=3E58 -- 003E58: cmpi.w  #$1a0, D0
D0=C0 D1=0 D2=101700 D3=0 D4=840000F D5=842184D8 D6=842184D8 D7=101B00 A0=10904C A1=108922 A2=4ABB4 A3=108FAA A4=101B00 A5=108000 A6=10BA1E PC=3E5C -- 003E5C: bls     $3e60
D0=C0 D1=0 D2=101700 D3=0 D4=840000F D5=842184D8 D6=842184D8 D7=101B00 A0=10904C A1=108922 A2=4ABB4 A3=108FAA A4=101B00 A5=108000 A6=10BA1E PC=3E60 -- 003E60: move.w  ($1c,A4), D0
D0=C8 D1=0 D2=101700 D3=0 D4=840000F D5=842184D8 D6=842184D8 D7=101B00 A0=10904C A1=108922 A2=4ABB4 A3=108FAA A4=101B00 A5=108000 A6=10BA1E PC=3E64 -- 003E64: sub.w   ($20,A4), D0
D0=C8 D1=0 D2=101700 D3=0 D4=840000F D5=842184D8 D6=842184D8 D7=101B00 A0=10904C A1=108922 A2=4ABB4 A3=108FAA A4=101B00 A5=108000 A6=10BA1E PC=3E68 -- 003E68: lea     ($1058,A5), A0
D0=C8 D1=0 D2=101700 D3=0 D4=840000F D5=842184D8 D6=842184D8 D7=101B00 A0=109058 A1=108922 A2=4ABB4 A3=108FAA A4=101B00 A5=108000 A6=10BA1E PC=3E6C -- 003E6C: sub.w   (A0,D3.w), D0
D0=C8 D1=0 D2=101700 D3=0 D4=840000F D5=842184D8 D6=842184D8 D7=101B00 A0=109058 A1=108922 A2=4ABB4 A3=108FAA A4=101B00 A5=108000 A6=10BA1E PC=3E70 -- 003E70: cmpi.w  #$1c0, D0
D0=C8 D1=0 D2=101700 D3=0 D4=840000F D5=842184D8 D6=842184D8 D7=101B00 A0=109058 A1=108922 A2=4ABB4 A3=108FAA A4=101B00 A5=108000 A6=10BA1E PC=3E74 -- 003E74: bls     $3e78
D0=C8 D1=0 D2=101700 D3=0 D4=840000F D5=842184D8 D6=842184D8 D7=101B00 A0=109058 A1=108922 A2=4ABB4 A3=108FAA A4=101B00 A5=108000 A6=10BA1E PC=3E78 -- 003E78: bsr     $4860
D0=C8 D1=0 D2=101700 D3=0 D4=840000F D5=842184D8 D6=842184D8 D7=101B00 A0=109058 A1=108922 A2=4ABB4 A3=108FAA A4=101B00 A5=108000 A6=10BA1E PC=4860 -- 004860: lea     $7bf48.l, A0
D0=C8 D1=0 D2=101700 D3=0 D4=840000F D5=842184D8 D6=842184D8 D7=101B00 A0=7BF48 A1=108922 A2=4ABB4 A3=108FAA A4=101B00 A5=108000 A6=10BA1E PC=4866 -- 004866: move.w  ($70,A4), D0
D0=1B D1=0 D2=101700 D3=0 D4=840000F D5=842184D8 D6=842184D8 D7=101B00 A0=7BF48 A1=108922 A2=4ABB4 A3=108FAA A4=101B00 A5=108000 A6=10BA1E PC=486A -- 00486A: add.w   D0, D0
D0=36 D1=0 D2=101700 D3=0 D4=840000F D5=842184D8 D6=842184D8 D7=101B00 A0=7BF48 A1=108922 A2=4ABB4 A3=108FAA A4=101B00 A5=108000 A6=10BA1E PC=486C -- 00486C: add.w   D0, D0
D0=6C D1=0 D2=101700 D3=0 D4=840000F D5=842184D8 D6=842184D8 D7=101B00 A0=7BF48 A1=108922 A2=4ABB4 A3=108FAA A4=101B00 A5=108000 A6=10BA1E PC=486E -- 00486E: movea.l (A0,D0.w), A0
D0=6C D1=0 D2=101700 D3=0 D4=840000F D5=842184D8 D6=842184D8 D7=101B00 A0=7F5E0 A1=108922 A2=4ABB4 A3=108FAA A4=101B00 A5=108000 A6=10BA1E PC=4872 -- 004872: move.w  ($72,A4), D0
D0=3E D1=0 D2=101700 D3=0 D4=840000F D5=842184D8 D6=842184D8 D7=101B00 A0=7F5E0 A1=108922 A2=4ABB4 A3=108FAA A4=101B00 A5=108000 A6=10BA1E PC=4876 -- 004876: add.w   D0, D0
D0=7C D1=0 D2=101700 D3=0 D4=840000F D5=842184D8 D6=842184D8 D7=101B00 A0=7F5E0 A1=108922 A2=4ABB4 A3=108FAA A4=101B00 A5=108000 A6=10BA1E PC=4878 -- 004878: move.w  (A0,D0.w), D1
D0=7C D1=3E3E D2=101700 D3=0 D4=840000F D5=842184D8 D6=842184D8 D7=101B00 A0=7F5E0 A1=108922 A2=4ABB4 A3=108FAA A4=101B00 A5=108000 A6=10BA1E PC=487C -- 00487C: move.w  D1, ($46de,A5)
D0=7C D1=3E3E D2=101700 D3=0 D4=840000F D5=842184D8 D6=842184D8 D7=101B00 A0=7F5E0 A1=108922 A2=4ABB4 A3=108FAA A4=101B00 A5=108000 A6=10BA1E PC=4880 -- 004880: lea     $80000.l, A0
D0=7C D1=3E3E D2=101700 D3=0 D4=840000F D5=842184D8 D6=842184D8 D7=101B00 A0=80000 A1=108922 A2=4ABB4 A3=108FAA A4=101B00 A5=108000 A6=10BA1E PC=4886 -- 004886: move.w  ($70,A4), D0
D0=1B D1=3E3E D2=101700 D3=0 D4=840000F D5=842184D8 D6=842184D8 D7=101B00 A0=80000 A1=108922 A2=4ABB4 A3=108FAA A4=101B00 A5=108000 A6=10BA1E PC=488A -- 00488A: add.w   D0, D0
D0=36 D1=3E3E D2=101700 D3=0 D4=840000F D5=842184D8 D6=842184D8 D7=101B00 A0=80000 A1=108922 A2=4ABB4 A3=108FAA A4=101B00 A5=108000 A6=10BA1E PC=488C -- 00488C: add.w   D0, D0
D0=6C D1=3E3E D2=101700 D3=0 D4=840000F D5=842184D8 D6=842184D8 D7=101B00 A0=80000 A1=108922 A2=4ABB4 A3=108FAA A4=101B00 A5=108000 A6=10BA1E PC=488E -- 00488E: movea.l (A0,D0.w), A0
D0=6C D1=3E3E D2=101700 D3=0 D4=840000F D5=842184D8 D6=842184D8 D7=101B00 A0=86E00 A1=108922 A2=4ABB4 A3=108FAA A4=101B00 A5=108000 A6=10BA1E PC=4892 -- 004892: move.w  ($46de,A5), D0
D0=3E3E D1=3E3E D2=101700 D3=0 D4=840000F D5=842184D8 D6=842184D8 D7=101B00 A0=86E00 A1=108922 A2=4ABB4 A3=108FAA A4=101B00 A5=108000 A6=10BA1E PC=4896 -- 004896: tst.b   ($46e2,A5)
D0=3E3E D1=3E3E D2=101700 D3=0 D4=840000F D5=842184D8 D6=842184D8 D7=101B00 A0=86E00 A1=108922 A2=4ABB4 A3=108FAA A4=101B00 A5=108000 A6=10BA1E PC=489A -- 00489A: beq     $48a0
D0=3E3E D1=3E3E D2=101700 D3=0 D4=840000F D5=842184D8 D6=842184D8 D7=101B00 A0=86E00 A1=108922 A2=4ABB4 A3=108FAA A4=101B00 A5=108000 A6=10BA1E PC=48A0 -- 0048A0: andi.w  #$ff, D0
D0=3E D1=3E3E D2=101700 D3=0 D4=840000F D5=842184D8 D6=842184D8 D7=101B00 A0=86E00 A1=108922 A2=4ABB4 A3=108FAA A4=101B00 A5=108000 A6=10BA1E PC=48A4 -- 0048A4: add.w   D0, D0
D0=7C D1=3E3E D2=101700 D3=0 D4=840000F D5=842184D8 D6=842184D8 D7=101B00 A0=86E00 A1=108922 A2=4ABB4 A3=108FAA A4=101B00 A5=108000 A6=10BA1E PC=48A6 -- 0048A6: add.w   D0, D0
D0=F8 D1=3E3E D2=101700 D3=0 D4=840000F D5=842184D8 D6=842184D8 D7=101B00 A0=86E00 A1=108922 A2=4ABB4 A3=108FAA A4=101B00 A5=108000 A6=10BA1E PC=48A8 -- 0048A8: movea.l (A0,D0.w), A0
D0=F8 D1=3E3E D2=101700 D3=0 D4=840000F D5=842184D8 D6=842184D8 D7=101B00 A0=F3142 A1=108922 A2=4ABB4 A3=108FAA A4=101B00 A5=108000 A6=10BA1E PC=48AC -- 0048AC: move.w  ($74,A4), D0
D0=0 D1=3E3E D2=101700 D3=0 D4=840000F D5=842184D8 D6=842184D8 D7=101B00 A0=F3142 A1=108922 A2=4ABB4 A3=108FAA A4=101B00 A5=108000 A6=10BA1E PC=48B0 -- 0048B0: adda.w  D0, A0
D0=0 D1=3E3E D2=101700 D3=0 D4=840000F D5=842184D8 D6=842184D8 D7=101B00 A0=F3142 A1=108922 A2=4ABB4 A3=108FAA A4=101B00 A5=108000 A6=10BA1E PC=48B2 -- 0048B2: move.l  (A0), D0
D0=10F1134 D1=3E3E D2=101700 D3=0 D4=840000F D5=842184D8 D6=842184D8 D7=101B00 A0=F3142 A1=108922 A2=4ABB4 A3=108FAA A4=101B00 A5=108000 A6=10BA1E PC=48B4 -- 0048B4: andi.l  #$ffffff, D0
D0=F1134 D1=3E3E D2=101700 D3=0 D4=840000F D5=842184D8 D6=842184D8 D7=101B00 A0=F3142 A1=108922 A2=4ABB4 A3=108FAA A4=101B00 A5=108000 A6=10BA1E PC=48BA -- 0048BA: movea.l D0, A0
D0=F1134 D1=3E3E D2=101700 D3=0 D4=840000F D5=842184D8 D6=842184D8 D7=101B00 A0=F1134 A1=108922 A2=4ABB4 A3=108FAA A4=101B00 A5=108000 A6=10BA1E PC=48BC -- 0048BC: move.w  ($4,A0), D0
D0=F0079 D1=3E3E D2=101700 D3=0 D4=840000F D5=842184D8 D6=842184D8 D7=101B00 A0=F1134 A1=108922 A2=4ABB4 A3=108FAA A4=101B00 A5=108000 A6=10BA1E PC=48C0 -- 0048C0: andi.w  #$1fff, D0
D0=F0079 D1=3E3E D2=101700 D3=0 D4=840000F D5=842184D8 D6=842184D8 D7=101B00 A0=F1134 A1=108922 A2=4ABB4 A3=108FAA A4=101B00 A5=108000 A6=10BA1E PC=48C4 -- 0048C4: move.w  D0, ($46e0,A5)
D0=F0079 D1=3E3E D2=101700 D3=0 D4=840000F D5=842184D8 D6=842184D8 D7=101B00 A0=F1134 A1=108922 A2=4ABB4 A3=108FAA A4=101B00 A5=108000 A6=10BA1E PC=48C8 -- 0048C8: lea     $80080.l, A0
D0=F0079 D1=3E3E D2=101700 D3=0 D4=840000F D5=842184D8 D6=842184D8 D7=101B00 A0=80080 A1=108922 A2=4ABB4 A3=108FAA A4=101B00 A5=108000 A6=10BA1E PC=48CE -- 0048CE: move.w  ($70,A4), D1
D0=F0079 D1=1B D2=101700 D3=0 D4=840000F D5=842184D8 D6=842184D8 D7=101B00 A0=80080 A1=108922 A2=4ABB4 A3=108FAA A4=101B00 A5=108000 A6=10BA1E PC=48D2 -- 0048D2: add.w   D1, D1
D0=F0079 D1=36 D2=101700 D3=0 D4=840000F D5=842184D8 D6=842184D8 D7=101B00 A0=80080 A1=108922 A2=4ABB4 A3=108FAA A4=101B00 A5=108000 A6=10BA1E PC=48D4 -- 0048D4: add.w   D1, D1
D0=F0079 D1=6C D2=101700 D3=0 D4=840000F D5=842184D8 D6=842184D8 D7=101B00 A0=80080 A1=108922 A2=4ABB4 A3=108FAA A4=101B00 A5=108000 A6=10BA1E PC=48D6 -- 0048D6: movea.l (A0,D1.w), A0
D0=F0079 D1=6C D2=101700 D3=0 D4=840000F D5=842184D8 D6=842184D8 D7=101B00 A0=95200 A1=108922 A2=4ABB4 A3=108FAA A4=101B00 A5=108000 A6=10BA1E PC=48DA -- 0048DA: add.w   D0, D0
D0=F00F2 D1=6C D2=101700 D3=0 D4=840000F D5=842184D8 D6=842184D8 D7=101B00 A0=95200 A1=108922 A2=4ABB4 A3=108FAA A4=101B00 A5=108000 A6=10BA1E PC=48DC -- 0048DC: add.w   D0, D0
D0=F01E4 D1=6C D2=101700 D3=0 D4=840000F D5=842184D8 D6=842184D8 D7=101B00 A0=95200 A1=108922 A2=4ABB4 A3=108FAA A4=101B00 A5=108000 A6=10BA1E PC=48DE -- 0048DE: move.l  (A0,D0.w), ($28,A4)
D0=F01E4 D1=6C D2=101700 D3=0 D4=840000F D5=842184D8 D6=842184D8 D7=101B00 A0=95200 A1=108922 A2=4ABB4 A3=108FAA A4=101B00 A5=108000 A6=10BA1E PC=48E4 -- 0048E4: rts
D0=F01E4 D1=6C D2=101700 D3=0 D4=840000F D5=842184D8 D6=842184D8 D7=101B00 A0=95200 A1=108922 A2=4ABB4 A3=108FAA A4=101B00 A5=108000 A6=10BA1E PC=3E7C -- 003E7C: bra     $481a
D0=F01E4 D1=6C D2=101700 D3=0 D4=840000F D5=842184D8 D6=842184D8 D7=101B00 A0=95200 A1=108922 A2=4ABB4 A3=108FAA A4=101B00 A5=108000 A6=10BA1E PC=481A -- 00481A: addq.w  #1, ($e3a,A5)
D0=F01E4 D1=6C D2=101700 D3=0 D4=840000F D5=842184D8 D6=842184D8 D7=101B00 A0=95200 A1=108922 A2=4ABB4 A3=108FAA A4=101B00 A5=108000 A6=10BA1E PC=481E -- 00481E: lea     ($838,A5), A1
D0=F01E4 D1=6C D2=101700 D3=0 D4=840000F D5=842184D8 D6=842184D8 D7=101B00 A0=95200 A1=108838 A2=4ABB4 A3=108FAA A4=101B00 A5=108000 A6=10BA1E PC=4822 -- 004822: move.w  ($2c,A4), D0
D0=F0073 D1=6C D2=101700 D3=0 D4=840000F D5=842184D8 D6=842184D8 D7=101B00 A0=95200 A1=108838 A2=4ABB4 A3=108FAA A4=101B00 A5=108000 A6=10BA1E PC=4826 -- 004826: move.w  D0, D1
D0=F0073 D1=73 D2=101700 D3=0 D4=840000F D5=842184D8 D6=842184D8 D7=101B00 A0=95200 A1=108838 A2=4ABB4 A3=108FAA A4=101B00 A5=108000 A6=10BA1E PC=4828 -- 004828: add.w   D1, D1
D0=F0073 D1=E6 D2=101700 D3=0 D4=840000F D5=842184D8 D6=842184D8 D7=101B00 A0=95200 A1=108838 A2=4ABB4 A3=108FAA A4=101B00 A5=108000 A6=10BA1E PC=482A -- 00482A: adda.w  D1, A1
D0=F0073 D1=E6 D2=101700 D3=0 D4=840000F D5=842184D8 D6=842184D8 D7=101B00 A0=95200 A1=10891E A2=4ABB4 A3=108FAA A4=101B00 A5=108000 A6=10BA1E PC=482C -- 00482C: cmp.w   ($e38,A5), D1
D0=F0073 D1=E6 D2=101700 D3=0 D4=840000F D5=842184D8 D6=842184D8 D7=101B00 A0=95200 A1=10891E A2=4ABB4 A3=108FAA A4=101B00 A5=108000 A6=10BA1E PC=4830 -- 004830: bhi     $4836
D0=F0073 D1=E6 D2=101700 D3=0 D4=840000F D5=842184D8 D6=842184D8 D7=101B00 A0=95200 A1=10891E A2=4ABB4 A3=108FAA A4=101B00 A5=108000 A6=10BA1E PC=4836 -- 004836: move.w  (A1)+, D1
D0=F0073 D1=1700 D2=101700 D3=0 D4=840000F D5=842184D8 D6=842184D8 D7=101B00 A0=95200 A1=108920 A2=4ABB4 A3=108FAA A4=101B00 A5=108000 A6=10BA1E PC=4838 -- 004838: beq     $485a
D0=F0073 D1=1700 D2=101700 D3=0 D4=840000F D5=842184D8 D6=842184D8 D7=101B00 A0=95200 A1=108920 A2=4ABB4 A3=108FAA A4=101B00 A5=108000 A6=10BA1E PC=483A -- 00483A: move.l  #$100000, D2
D0=F0073 D1=1700 D2=100000 D3=0 D4=840000F D5=842184D8 D6=842184D8 D7=101B00 A0=95200 A1=108920 A2=4ABB4 A3=108FAA A4=101B00 A5=108000 A6=10BA1E PC=4840 -- 004840: move.w  D1, D2
D0=F0073 D1=1700 D2=101700 D3=0 D4=840000F D5=842184D8 D6=842184D8 D7=101B00 A0=95200 A1=108920 A2=4ABB4 A3=108FAA A4=101B00 A5=108000 A6=10BA1E PC=4842 -- 004842: movea.l D2, A0
D0=F0073 D1=1700 D2=101700 D3=0 D4=840000F D5=842184D8 D6=842184D8 D7=101B00 A0=101700 A1=108920 A2=4ABB4 A3=108FAA A4=101B00 A5=108000 A6=10BA1E PC=4844 -- 004844: cmp.w   ($2c,A0), D0
D0=F0073 D1=1700 D2=101700 D3=0 D4=840000F D5=842184D8 D6=842184D8 D7=101B00 A0=101700 A1=108920 A2=4ABB4 A3=108FAA A4=101B00 A5=108000 A6=10BA1E PC=4848 -- 004848: bcc     $4836
D0=F0073 D1=1700 D2=101700 D3=0 D4=840000F D5=842184D8 D6=842184D8 D7=101B00 A0=101700 A1=108920 A2=4ABB4 A3=108FAA A4=101B00 A5=108000 A6=10BA1E PC=4836 -- 004836: move.w  (A1)+, D1
D0=F0073 D1=1900 D2=101700 D3=0 D4=840000F D5=842184D8 D6=842184D8 D7=101B00 A0=101700 A1=108922 A2=4ABB4 A3=108FAA A4=101B00 A5=108000 A6=10BA1E PC=4838 -- 004838: beq     $485a
D0=F0073 D1=1900 D2=101700 D3=0 D4=840000F D5=842184D8 D6=842184D8 D7=101B00 A0=101700 A1=108922 A2=4ABB4 A3=108FAA A4=101B00 A5=108000 A6=10BA1E PC=483A -- 00483A: move.l  #$100000, D2
D0=F0073 D1=1900 D2=100000 D3=0 D4=840000F D5=842184D8 D6=842184D8 D7=101B00 A0=101700 A1=108922 A2=4ABB4 A3=108FAA A4=101B00 A5=108000 A6=10BA1E PC=4840 -- 004840: move.w  D1, D2
D0=F0073 D1=1900 D2=101900 D3=0 D4=840000F D5=842184D8 D6=842184D8 D7=101B00 A0=101700 A1=108922 A2=4ABB4 A3=108FAA A4=101B00 A5=108000 A6=10BA1E PC=4842 -- 004842: movea.l D2, A0
D0=F0073 D1=1900 D2=101900 D3=0 D4=840000F D5=842184D8 D6=842184D8 D7=101B00 A0=101900 A1=108922 A2=4ABB4 A3=108FAA A4=101B00 A5=108000 A6=10BA1E PC=4844 -- 004844: cmp.w   ($2c,A0), D0
D0=F0073 D1=1900 D2=101900 D3=0 D4=840000F D5=842184D8 D6=842184D8 D7=101B00 A0=101900 A1=108922 A2=4ABB4 A3=108FAA A4=101B00 A5=108000 A6=10BA1E PC=4848 -- 004848: bcc     $4836

   (loops for 2 instructions)

D0=F0073 D1=0 D2=101900 D3=0 D4=840000F D5=842184D8 D6=842184D8 D7=101B00 A0=101900 A1=108924 A2=4ABB4 A3=108FAA A4=101B00 A5=108000 A6=10BA1E PC=485A -- 00485A: move.w  A4, (-$2,A1)
D0=F0073 D1=0 D2=101900 D3=0 D4=840000F D5=842184D8 D6=842184D8 D7=101B00 A0=101900 A1=108924 A2=4ABB4 A3=108FAA A4=101B00 A5=108000 A6=10BA1E PC=485E -- 00485E: rts
D0=F0073 D1=0 D2=101900 D3=0 D4=840000F D5=842184D8 D6=842184D8 D7=101B00 A0=101900 A1=108924 A2=4ABB4 A3=108FAA A4=101B00 A5=108000 A6=10BA1E PC=32B3C -- 032B3C: move.l  A4, D7
D0=F0073 D1=0 D2=101900 D3=0 D4=840000F D5=842184D8 D6=842184D8 D7=101B00 A0=101900 A1=108924 A2=4ABB4 A3=108FAA A4=101B00 A5=108000 A6=10BA1E PC=32B3E -- 032B3E: move.w  ($4,A4), D7
D0=F0073 D1=0 D2=101900 D3=0 D4=840000F D5=842184D8 D6=842184D8 D7=101D00 A0=101900 A1=108924 A2=4ABB4 A3=108FAA A4=101B00 A5=108000 A6=10BA1E PC=32B42 -- 032B42: bpl     $32b36
D0=F0073 D1=0 D2=101900 D3=0 D4=840000F D5=842184D8 D6=842184D8 D7=101D00 A0=101900 A1=108924 A2=4ABB4 A3=108FAA A4=101B00 A5=108000 A6=10BA1E PC=32B36 -- 032B36: movea.l D7, A4
D0=F0073 D1=0 D2=101900 D3=0 D4=840000F D5=842184D8 D6=842184D8 D7=101D00 A0=101900 A1=108924 A2=4ABB4 A3=108FAA A4=101D00 A5=108000 A6=10BA1E PC=32B38 -- 032B38: movea.l (A4), A0
D0=F0073 D1=0 D2=101900 D3=0 D4=840000F D5=842184D8 D6=842184D8 D7=101D00 A0=37DBA A1=108924 A2=4ABB4 A3=108FAA A4=101D00 A5=108000 A6=10BA1E PC=32B3A -- 032B3A: jsr     (A0)
D0=F0073 D1=0 D2=101900 D3=0 D4=840000F D5=842184D8 D6=842184D8 D7=101D00 A0=37DBA A1=108924 A2=4ABB4 A3=108FAA A4=101D00 A5=108000 A6=10BA1E PC=37DBA -- 037DBA: clr.b   ($80,A4)
D0=F0073 D1=0 D2=101900 D3=0 D4=840000F D5=842184D8 D6=842184D8 D7=101D00 A0=37DBA A1=108924 A2=4ABB4 A3=108FAA A4=101D00 A5=108000 A6=10BA1E PC=37DBE -- 037DBE: moveq   #$0, D0
D0=0 D1=0 D2=101900 D3=0 D4=840000F D5=842184D8 D6=842184D8 D7=101D00 A0=37DBA A1=108924 A2=4ABB4 A3=108FAA A4=101D00 A5=108000 A6=10BA1E PC=37DC0 -- 037DC0: move.b  ($131,A4), D0
D0=4 D1=0 D2=101900 D3=0 D4=840000F D5=842184D8 D6=842184D8 D7=101D00 A0=37DBA A1=108924 A2=4ABB4 A3=108FAA A4=101D00 A5=108000 A6=10BA1E PC=37DC4 -- 037DC4: btst    D0, ($7df,A5)
D0=4 D1=0 D2=101900 D3=0 D4=840000F D5=842184D8 D6=842184D8 D7=101D00 A0=37DBA A1=108924 A2=4ABB4 A3=108FAA A4=101D00 A5=108000 A6=10BA1E PC=37DC8 -- 037DC8: beq     $37dec
D0=4 D1=0 D2=101900 D3=0 D4=840000F D5=842184D8 D6=842184D8 D7=101D00 A0=37DBA A1=108924 A2=4ABB4 A3=108FAA A4=101D00 A5=108000 A6=10BA1E PC=37DEC -- 037DEC: move.w  ($d0,A4), D0
D0=5 D1=0 D2=101900 D3=0 D4=840000F D5=842184D8 D6=842184D8 D7=101D00 A0=37DBA A1=108924 A2=4ABB4 A3=108FAA A4=101D00 A5=108000 A6=10BA1E PC=37DF0 -- 037DF0: movea.l ($84,A4), A0
D0=5 D1=0 D2=101900 D3=0 D4=840000F D5=842184D8 D6=842184D8 D7=101D00 A0=108584 A1=108924 A2=4ABB4 A3=108FAA A4=101D00 A5=108000 A6=10BA1E PC=37DF4 -- 037DF4: btst    D0, ($cf,A0)
D0=5 D1=0 D2=101900 D3=0 D4=840000F D5=842184D8 D6=842184D8 D7=101D00 A0=108584 A1=108924 A2=4ABB4 A3=108FAA A4=101D00 A5=108000 A6=10BA1E PC=37DF8 -- 037DF8: beq     $36eac
D0=5 D1=0 D2=101900 D3=0 D4=840000F D5=842184D8 D6=842184D8 D7=101D00 A0=108584 A1=108924 A2=4ABB4 A3=108FAA A4=101D00 A5=108000 A6=10BA1E PC=36EAC -- 036EAC: jsr     $48e6.w
D0=5 D1=0 D2=101900 D3=0 D4=840000F D5=842184D8 D6=842184D8 D7=101D00 A0=108584 A1=108924 A2=4ABB4 A3=108FAA A4=101D00 A5=108000 A6=10BA1E PC=48E6 -- 0048E6: move.w  ($70,A4), D0
D0=1B D1=0 D2=101900 D3=0 D4=840000F D5=842184D8 D6=842184D8 D7=101D00 A0=108584 A1=108924 A2=4ABB4 A3=108FAA A4=101D00 A5=108000 A6=10BA1E PC=48EA -- 0048EA: cmp.b   ($78,A4), D0
D0=1B D1=0 D2=101900 D3=0 D4=840000F D5=842184D8 D6=842184D8 D7=101D00 A0=108584 A1=108924 A2=4ABB4 A3=108FAA A4=101D00 A5=108000 A6=10BA1E PC=48EE -- 0048EE: bne     $491c
D0=1B D1=0 D2=101900 D3=0 D4=840000F D5=842184D8 D6=842184D8 D7=101D00 A0=108584 A1=108924 A2=4ABB4 A3=108FAA A4=101D00 A5=108000 A6=10BA1E PC=48F0 -- 0048F0: move.w  ($72,A4), D0
D0=3D D1=0 D2=101900 D3=0 D4=840000F D5=842184D8 D6=842184D8 D7=101D00 A0=108584 A1=108924 A2=4ABB4 A3=108FAA A4=101D00 A5=108000 A6=10BA1E PC=48F4 -- 0048F4: cmp.b   ($79,A4), D0
D0=3D D1=0 D2=101900 D3=0 D4=840000F D5=842184D8 D6=842184D8 D7=101D00 A0=108584 A1=108924 A2=4ABB4 A3=108FAA A4=101D00 A5=108000 A6=10BA1E PC=48F8 -- 0048F8: bne     $493c
D0=3D D1=0 D2=101900 D3=0 D4=840000F D5=842184D8 D6=842184D8 D7=101D00 A0=108584 A1=108924 A2=4ABB4 A3=108FAA A4=101D00 A5=108000 A6=10BA1E PC=48FA -- 0048FA: tst.b   ($77,A4)
D0=3D D1=0 D2=101900 D3=0 D4=840000F D5=842184D8 D6=842184D8 D7=101D00 A0=108584 A1=108924 A2=4ABB4 A3=108FAA A4=101D00 A5=108000 A6=10BA1E PC=48FE -- 0048FE: bne     $495c
D0=3D D1=0 D2=101900 D3=0 D4=840000F D5=842184D8 D6=842184D8 D7=101D00 A0=108584 A1=108924 A2=4ABB4 A3=108FAA A4=101D00 A5=108000 A6=10BA1E PC=4900 -- 004900: tst.b   ($7a,A4)
D0=3D D1=0 D2=101900 D3=0 D4=840000F D5=842184D8 D6=842184D8 D7=101D00 A0=108584 A1=108924 A2=4ABB4 A3=108FAA A4=101D00 A5=108000 A6=10BA1E PC=4904 -- 004904: bmi     $491a
D0=3D D1=0 D2=101900 D3=0 D4=840000F D5=842184D8 D6=842184D8 D7=101D00 A0=108584 A1=108924 A2=4ABB4 A3=108FAA A4=101D00 A5=108000 A6=10BA1E PC=491A -- 00491A: rts
D0=3D D1=0 D2=101900 D3=0 D4=840000F D5=842184D8 D6=842184D8 D7=101D00 A0=108584 A1=108924 A2=4ABB4 A3=108FAA A4=101D00 A5=108000 A6=10BA1E PC=36EB0 -- 036EB0: jmp     $3e2e.w
D0=3D D1=0 D2=101900 D3=0 D4=840000F D5=842184D8 D6=842184D8 D7=101D00 A0=108584 A1=108924 A2=4ABB4 A3=108FAA A4=101D00 A5=108000 A6=10BA1E PC=3E2E -- 003E2E: tst.w   ($74,A4)
D0=3D D1=0 D2=101900 D3=0 D4=840000F D5=842184D8 D6=842184D8 D7=101D00 A0=108584 A1=108924 A2=4ABB4 A3=108FAA A4=101D00 A5=108000 A6=10BA1E PC=3E32 -- 003E32: bmi     $3e80
D0=3D D1=0 D2=101900 D3=0 D4=840000F D5=842184D8 D6=842184D8 D7=101D00 A0=108584 A1=108924 A2=4ABB4 A3=108FAA A4=101D00 A5=108000 A6=10BA1E PC=3E34 -- 003E34: btst    #$6, ($7c,A4)
D0=3D D1=0 D2=101900 D3=0 D4=840000F D5=842184D8 D6=842184D8 D7=101D00 A0=108584 A1=108924 A2=4ABB4 A3=108FAA A4=101D00 A5=108000 A6=10BA1E PC=3E3A -- 003E3A: bne     $3e78
D0=3D D1=0 D2=101900 D3=0 D4=840000F D5=842184D8 D6=842184D8 D7=101D00 A0=108584 A1=108924 A2=4ABB4 A3=108FAA A4=101D00 A5=108000 A6=10BA1E PC=3E3E -- 003E3E: moveq   #$0, D3
D0=3D D1=0 D2=101900 D3=0 D4=840000F D5=842184D8 D6=842184D8 D7=101D00 A0=108584 A1=108924 A2=4ABB4 A3=108FAA A4=101D00 A5=108000 A6=10BA1E PC=3E40 -- 003E40: move.b  ($82,A4), D3
D0=3D D1=0 D2=101900 D3=0 D4=840000F D5=842184D8 D6=842184D8 D7=101D00 A0=108584 A1=108924 A2=4ABB4 A3=108FAA A4=101D00 A5=108000 A6=10BA1E PC=3E44 -- 003E44: add.w   D3, D3
D0=3D D1=0 D2=101900 D3=0 D4=840000F D5=842184D8 D6=842184D8 D7=101D00 A0=108584 A1=108924 A2=4ABB4 A3=108FAA A4=101D00 A5=108000 A6=10BA1E PC=3E46 -- 003E46: add.w   D3, D3
D0=3D D1=0 D2=101900 D3=0 D4=840000F D5=842184D8 D6=842184D8 D7=101D00 A0=108584 A1=108924 A2=4ABB4 A3=108FAA A4=101D00 A5=108000 A6=10BA1E PC=3E48 -- 003E48: move.w  ($18,A4), D0
D0=90 D1=0 D2=101900 D3=0 D4=840000F D5=842184D8 D6=842184D8 D7=101D00 A0=108584 A1=108924 A2=4ABB4 A3=108FAA A4=101D00 A5=108000 A6=10BA1E PC=3E4C -- 003E4C: lea     ($104c,A5), A0
D0=90 D1=0 D2=101900 D3=0 D4=840000F D5=842184D8 D6=842184D8 D7=101D00 A0=10904C A1=108924 A2=4ABB4 A3=108FAA A4=101D00 A5=108000 A6=10BA1E PC=3E50 -- 003E50: sub.w   (A0,D3.w), D0
D0=90 D1=0 D2=101900 D3=0 D4=840000F D5=842184D8 D6=842184D8 D7=101D00 A0=10904C A1=108924 A2=4ABB4 A3=108FAA A4=101D00 A5=108000 A6=10BA1E PC=3E54 -- 003E54: addi.w  #$30, D0
D0=C0 D1=0 D2=101900 D3=0 D4=840000F D5=842184D8 D6=842184D8 D7=101D00 A0=10904C A1=108924 A2=4ABB4 A3=108FAA A4=101D00 A5=108000 A6=10BA1E PC=3E58 -- 003E58: cmpi.w  #$1a0, D0
D0=C0 D1=0 D2=101900 D3=0 D4=840000F D5=842184D8 D6=842184D8 D7=101D00 A0=10904C A1=108924 A2=4ABB4 A3=108FAA A4=101D00 A5=108000 A6=10BA1E PC=3E5C -- 003E5C: bls     $3e60
D0=C0 D1=0 D2=101900 D3=0 D4=840000F D5=842184D8 D6=842184D8 D7=101D00 A0=10904C A1=108924 A2=4ABB4 A3=108FAA A4=101D00 A5=108000 A6=10BA1E PC=3E60 -- 003E60: move.w  ($1c,A4), D0
D0=C8 D1=0 D2=101900 D3=0 D4=840000F D5=842184D8 D6=842184D8 D7=101D00 A0=10904C A1=108924 A2=4ABB4 A3=108FAA A4=101D00 A5=108000 A6=10BA1E PC=3E64 -- 003E64: sub.w   ($20,A4), D0
D0=C8 D1=0 D2=101900 D3=0 D4=840000F D5=842184D8 D6=842184D8 D7=101D00 A0=10904C A1=108924 A2=4ABB4 A3=108FAA A4=101D00 A5=108000 A6=10BA1E PC=3E68 -- 003E68: lea     ($1058,A5), A0
D0=C8 D1=0 D2=101900 D3=0 D4=840000F D5=842184D8 D6=842184D8 D7=101D00 A0=109058 A1=108924 A2=4ABB4 A3=108FAA A4=101D00 A5=108000 A6=10BA1E PC=3E6C -- 003E6C: sub.w   (A0,D3.w), D0
D0=C8 D1=0 D2=101900 D3=0 D4=840000F D5=842184D8 D6=842184D8 D7=101D00 A0=109058 A1=108924 A2=4ABB4 A3=108FAA A4=101D00 A5=108000 A6=10BA1E PC=3E70 -- 003E70: cmpi.w  #$1c0, D0
D0=C8 D1=0 D2=101900 D3=0 D4=840000F D5=842184D8 D6=842184D8 D7=101D00 A0=109058 A1=108924 A2=4ABB4 A3=108FAA A4=101D00 A5=108000 A6=10BA1E PC=3E74 -- 003E74: bls     $3e78
D0=C8 D1=0 D2=101900 D3=0 D4=840000F D5=842184D8 D6=842184D8 D7=101D00 A0=109058 A1=108924 A2=4ABB4 A3=108FAA A4=101D00 A5=108000 A6=10BA1E PC=3E78 -- 003E78: bsr     $4860
D0=C8 D1=0 D2=101900 D3=0 D4=840000F D5=842184D8 D6=842184D8 D7=101D00 A0=109058 A1=108924 A2=4ABB4 A3=108FAA A4=101D00 A5=108000 A6=10BA1E PC=4860 -- 004860: lea     $7bf48.l, A0
D0=C8 D1=0 D2=101900 D3=0 D4=840000F D5=842184D8 D6=842184D8 D7=101D00 A0=7BF48 A1=108924 A2=4ABB4 A3=108FAA A4=101D00 A5=108000 A6=10BA1E PC=4866 -- 004866: move.w  ($70,A4), D0
D0=1B D1=0 D2=101900 D3=0 D4=840000F D5=842184D8 D6=842184D8 D7=101D00 A0=7BF48 A1=108924 A2=4ABB4 A3=108FAA A4=101D00 A5=108000 A6=10BA1E PC=486A -- 00486A: add.w   D0, D0
D0=36 D1=0 D2=101900 D3=0 D4=840000F D5=842184D8 D6=842184D8 D7=101D00 A0=7BF48 A1=108924 A2=4ABB4 A3=108FAA A4=101D00 A5=108000 A6=10BA1E PC=486C -- 00486C: add.w   D0, D0
D0=6C D1=0 D2=101900 D3=0 D4=840000F D5=842184D8 D6=842184D8 D7=101D00 A0=7BF48 A1=108924 A2=4ABB4 A3=108FAA A4=101D00 A5=108000 A6=10BA1E PC=486E -- 00486E: movea.l (A0,D0.w), A0
D0=6C D1=0 D2=101900 D3=0 D4=840000F D5=842184D8 D6=842184D8 D7=101D00 A0=7F5E0 A1=108924 A2=4ABB4 A3=108FAA A4=101D00 A5=108000 A6=10BA1E PC=4872 -- 004872: move.w  ($72,A4), D0
D0=3D D1=0 D2=101900 D3=0 D4=840000F D5=842184D8 D6=842184D8 D7=101D00 A0=7F5E0 A1=108924 A2=4ABB4 A3=108FAA A4=101D00 A5=108000 A6=10BA1E PC=4876 -- 004876: add.w   D0, D0
D0=7A D1=0 D2=101900 D3=0 D4=840000F D5=842184D8 D6=842184D8 D7=101D00 A0=7F5E0 A1=108924 A2=4ABB4 A3=108FAA A4=101D00 A5=108000 A6=10BA1E PC=4878 -- 004878: move.w  (A0,D0.w), D1
D0=7A D1=3D3D D2=101900 D3=0 D4=840000F D5=842184D8 D6=842184D8 D7=101D00 A0=7F5E0 A1=108924 A2=4ABB4 A3=108FAA A4=101D00 A5=108000 A6=10BA1E PC=487C -- 00487C: move.w  D1, ($46de,A5)
D0=7A D1=3D3D D2=101900 D3=0 D4=840000F D5=842184D8 D6=842184D8 D7=101D00 A0=7F5E0 A1=108924 A2=4ABB4 A3=108FAA A4=101D00 A5=108000 A6=10BA1E PC=4880 -- 004880: lea     $80000.l, A0
D0=7A D1=3D3D D2=101900 D3=0 D4=840000F D5=842184D8 D6=842184D8 D7=101D00 A0=80000 A1=108924 A2=4ABB4 A3=108FAA A4=101D00 A5=108000 A6=10BA1E PC=4886 -- 004886: move.w  ($70,A4), D0
D0=1B D1=3D3D D2=101900 D3=0 D4=840000F D5=842184D8 D6=842184D8 D7=101D00 A0=80000 A1=108924 A2=4ABB4 A3=108FAA A4=101D00 A5=108000 A6=10BA1E PC=488A -- 00488A: add.w   D0, D0
D0=36 D1=3D3D D2=101900 D3=0 D4=840000F D5=842184D8 D6=842184D8 D7=101D00 A0=80000 A1=108924 A2=4ABB4 A3=108FAA A4=101D00 A5=108000 A6=10BA1E PC=488C -- 00488C: add.w   D0, D0
D0=6C D1=3D3D D2=101900 D3=0 D4=840000F D5=842184D8 D6=842184D8 D7=101D00 A0=80000 A1=108924 A2=4ABB4 A3=108FAA A4=101D00 A5=108000 A6=10BA1E PC=488E -- 00488E: movea.l (A0,D0.w), A0
D0=6C D1=3D3D D2=101900 D3=0 D4=840000F D5=842184D8 D6=842184D8 D7=101D00 A0=86E00 A1=108924 A2=4ABB4 A3=108FAA A4=101D00 A5=108000 A6=10BA1E PC=4892 -- 004892: move.w  ($46de,A5), D0
D0=3D3D D1=3D3D D2=101900 D3=0 D4=840000F D5=842184D8 D6=842184D8 D7=101D00 A0=86E00 A1=108924 A2=4ABB4 A3=108FAA A4=101D00 A5=108000 A6=10BA1E PC=4896 -- 004896: tst.b   ($46e2,A5)
D0=3D3D D1=3D3D D2=101900 D3=0 D4=840000F D5=842184D8 D6=842184D8 D7=101D00 A0=86E00 A1=108924 A2=4ABB4 A3=108FAA A4=101D00 A5=108000 A6=10BA1E PC=489A -- 00489A: beq     $48a0
D0=3D3D D1=3D3D D2=101900 D3=0 D4=840000F D5=842184D8 D6=842184D8 D7=101D00 A0=86E00 A1=108924 A2=4ABB4 A3=108FAA A4=101D00 A5=108000 A6=10BA1E PC=48A0 -- 0048A0: andi.w  #$ff, D0
D0=3D D1=3D3D D2=101900 D3=0 D4=840000F D5=842184D8 D6=842184D8 D7=101D00 A0=86E00 A1=108924 A2=4ABB4 A3=108FAA A4=101D00 A5=108000 A6=10BA1E PC=48A4 -- 0048A4: add.w   D0, D0
D0=7A D1=3D3D D2=101900 D3=0 D4=840000F D5=842184D8 D6=842184D8 D7=101D00 A0=86E00 A1=108924 A2=4ABB4 A3=108FAA A4=101D00 A5=108000 A6=10BA1E PC=48A6 -- 0048A6: add.w   D0, D0
D0=F4 D1=3D3D D2=101900 D3=0 D4=840000F D5=842184D8 D6=842184D8 D7=101D00 A0=86E00 A1=108924 A2=4ABB4 A3=108FAA A4=101D00 A5=108000 A6=10BA1E PC=48A8 -- 0048A8: movea.l (A0,D0.w), A0
D0=F4 D1=3D3D D2=101900 D3=0 D4=840000F D5=842184D8 D6=842184D8 D7=101D00 A0=F313A A1=108924 A2=4ABB4 A3=108FAA A4=101D00 A5=108000 A6=10BA1E PC=48AC -- 0048AC: move.w  ($74,A4), D0
D0=0 D1=3D3D D2=101900 D3=0 D4=840000F D5=842184D8 D6=842184D8 D7=101D00 A0=F313A A1=108924 A2=4ABB4 A3=108FAA A4=101D00 A5=108000 A6=10BA1E PC=48B0 -- 0048B0: adda.w  D0, A0
D0=0 D1=3D3D D2=101900 D3=0 D4=840000F D5=842184D8 D6=842184D8 D7=101D00 A0=F313A A1=108924 A2=4ABB4 A3=108FAA A4=101D00 A5=108000 A6=10BA1E PC=48B2 -- 0048B2: move.l  (A0), D0
D0=10F112E D1=3D3D D2=101900 D3=0 D4=840000F D5=842184D8 D6=842184D8 D7=101D00 A0=F313A A1=108924 A2=4ABB4 A3=108FAA A4=101D00 A5=108000 A6=10BA1E PC=48B4 -- 0048B4: andi.l  #$ffffff, D0
D0=F112E D1=3D3D D2=101900 D3=0 D4=840000F D5=842184D8 D6=842184D8 D7=101D00 A0=F313A A1=108924 A2=4ABB4 A3=108FAA A4=101D00 A5=108000 A6=10BA1E PC=48BA -- 0048BA: movea.l D0, A0
D0=F112E D1=3D3D D2=101900 D3=0 D4=840000F D5=842184D8 D6=842184D8 D7=101D00 A0=F112E A1=108924 A2=4ABB4 A3=108FAA A4=101D00 A5=108000 A6=10BA1E PC=48BC -- 0048BC: move.w  ($4,A0), D0
D0=F0078 D1=3D3D D2=101900 D3=0 D4=840000F D5=842184D8 D6=842184D8 D7=101D00 A0=F112E A1=108924 A2=4ABB4 A3=108FAA A4=101D00 A5=108000 A6=10BA1E PC=48C0 -- 0048C0: andi.w  #$1fff, D0
D0=F0078 D1=3D3D D2=101900 D3=0 D4=840000F D5=842184D8 D6=842184D8 D7=101D00 A0=F112E A1=108924 A2=4ABB4 A3=108FAA A4=101D00 A5=108000 A6=10BA1E PC=48C4 -- 0048C4: move.w  D0, ($46e0,A5)
D0=F0078 D1=3D3D D2=101900 D3=0 D4=840000F D5=842184D8 D6=842184D8 D7=101D00 A0=F112E A1=108924 A2=4ABB4 A3=108FAA A4=101D00 A5=108000 A6=10BA1E PC=48C8 -- 0048C8: lea     $80080.l, A0
D0=F0078 D1=3D3D D2=101900 D3=0 D4=840000F D5=842184D8 D6=842184D8 D7=101D00 A0=80080 A1=108924 A2=4ABB4 A3=108FAA A4=101D00 A5=108000 A6=10BA1E PC=48CE -- 0048CE: move.w  ($70,A4), D1
D0=F0078 D1=1B D2=101900 D3=0 D4=840000F D5=842184D8 D6=842184D8 D7=101D00 A0=80080 A1=108924 A2=4ABB4 A3=108FAA A4=101D00 A5=108000 A6=10BA1E PC=48D2 -- 0048D2: add.w   D1, D1
D0=F0078 D1=36 D2=101900 D3=0 D4=840000F D5=842184D8 D6=842184D8 D7=101D00 A0=80080 A1=108924 A2=4ABB4 A3=108FAA A4=101D00 A5=108000 A6=10BA1E PC=48D4 -- 0048D4: add.w   D1, D1
D0=F0078 D1=6C D2=101900 D3=0 D4=840000F D5=842184D8 D6=842184D8 D7=101D00 A0=80080 A1=108924 A2=4ABB4 A3=108FAA A4=101D00 A5=108000 A6=10BA1E PC=48D6 -- 0048D6: movea.l (A0,D1.w), A0
D0=F0078 D1=6C D2=101900 D3=0 D4=840000F D5=842184D8 D6=842184D8 D7=101D00 A0=95200 A1=108924 A2=4ABB4 A3=108FAA A4=101D00 A5=108000 A6=10BA1E PC=48DA -- 0048DA: add.w   D0, D0
D0=F00F0 D1=6C D2=101900 D3=0 D4=840000F D5=842184D8 D6=842184D8 D7=101D00 A0=95200 A1=108924 A2=4ABB4 A3=108FAA A4=101D00 A5=108000 A6=10BA1E PC=48DC -- 0048DC: add.w   D0, D0
D0=F01E0 D1=6C D2=101900 D3=0 D4=840000F D5=842184D8 D6=842184D8 D7=101D00 A0=95200 A1=108924 A2=4ABB4 A3=108FAA A4=101D00 A5=108000 A6=10BA1E PC=48DE -- 0048DE: move.l  (A0,D0.w), ($28,A4)
D0=F01E0 D1=6C D2=101900 D3=0 D4=840000F D5=842184D8 D6=842184D8 D7=101D00 A0=95200 A1=108924 A2=4ABB4 A3=108FAA A4=101D00 A5=108000 A6=10BA1E PC=48E4 -- 0048E4: rts
D0=F01E0 D1=6C D2=101900 D3=0 D4=840000F D5=842184D8 D6=842184D8 D7=101D00 A0=95200 A1=108924 A2=4ABB4 A3=108FAA A4=101D00 A5=108000 A6=10BA1E PC=3E7C -- 003E7C: bra     $481a
D0=F01E0 D1=6C D2=101900 D3=0 D4=840000F D5=842184D8 D6=842184D8 D7=101D00 A0=95200 A1=108924 A2=4ABB4 A3=108FAA A4=101D00 A5=108000 A6=10BA1E PC=481A -- 00481A: addq.w  #1, ($e3a,A5)
D0=F01E0 D1=6C D2=101900 D3=0 D4=840000F D5=842184D8 D6=842184D8 D7=101D00 A0=95200 A1=108924 A2=4ABB4 A3=108FAA A4=101D00 A5=108000 A6=10BA1E PC=481E -- 00481E: lea     ($838,A5), A1
D0=F01E0 D1=6C D2=101900 D3=0 D4=840000F D5=842184D8 D6=842184D8 D7=101D00 A0=95200 A1=108838 A2=4ABB4 A3=108FAA A4=101D00 A5=108000 A6=10BA1E PC=4822 -- 004822: move.w  ($2c,A4), D0
D0=F0073 D1=6C D2=101900 D3=0 D4=840000F D5=842184D8 D6=842184D8 D7=101D00 A0=95200 A1=108838 A2=4ABB4 A3=108FAA A4=101D00 A5=108000 A6=10BA1E PC=4826 -- 004826: move.w  D0, D1
D0=F0073 D1=73 D2=101900 D3=0 D4=840000F D5=842184D8 D6=842184D8 D7=101D00 A0=95200 A1=108838 A2=4ABB4 A3=108FAA A4=101D00 A5=108000 A6=10BA1E PC=4828 -- 004828: add.w   D1, D1
D0=F0073 D1=E6 D2=101900 D3=0 D4=840000F D5=842184D8 D6=842184D8 D7=101D00 A0=95200 A1=108838 A2=4ABB4 A3=108FAA A4=101D00 A5=108000 A6=10BA1E PC=482A -- 00482A: adda.w  D1, A1
D0=F0073 D1=E6 D2=101900 D3=0 D4=840000F D5=842184D8 D6=842184D8 D7=101D00 A0=95200 A1=10891E A2=4ABB4 A3=108FAA A4=101D00 A5=108000 A6=10BA1E PC=482C -- 00482C: cmp.w   ($e38,A5), D1
D0=F0073 D1=E6 D2=101900 D3=0 D4=840000F D5=842184D8 D6=842184D8 D7=101D00 A0=95200 A1=10891E A2=4ABB4 A3=108FAA A4=101D00 A5=108000 A6=10BA1E PC=4830 -- 004830: bhi     $4836
D0=F0073 D1=E6 D2=101900 D3=0 D4=840000F D5=842184D8 D6=842184D8 D7=101D00 A0=95200 A1=10891E A2=4ABB4 A3=108FAA A4=101D00 A5=108000 A6=10BA1E PC=4836 -- 004836: move.w  (A1)+, D1
D0=F0073 D1=1700 D2=101900 D3=0 D4=840000F D5=842184D8 D6=842184D8 D7=101D00 A0=95200 A1=108920 A2=4ABB4 A3=108FAA A4=101D00 A5=108000 A6=10BA1E PC=4838 -- 004838: beq     $485a
D0=F0073 D1=1700 D2=101900 D3=0 D4=840000F D5=842184D8 D6=842184D8 D7=101D00 A0=95200 A1=108920 A2=4ABB4 A3=108FAA A4=101D00 A5=108000 A6=10BA1E PC=483A -- 00483A: move.l  #$100000, D2
D0=F0073 D1=1700 D2=100000 D3=0 D4=840000F D5=842184D8 D6=842184D8 D7=101D00 A0=95200 A1=108920 A2=4ABB4 A3=108FAA A4=101D00 A5=108000 A6=10BA1E PC=4840 -- 004840: move.w  D1, D2
D0=F0073 D1=1700 D2=101700 D3=0 D4=840000F D5=842184D8 D6=842184D8 D7=101D00 A0=95200 A1=108920 A2=4ABB4 A3=108FAA A4=101D00 A5=108000 A6=10BA1E PC=4842 -- 004842: movea.l D2, A0
D0=F0073 D1=1700 D2=101700 D3=0 D4=840000F D5=842184D8 D6=842184D8 D7=101D00 A0=101700 A1=108920 A2=4ABB4 A3=108FAA A4=101D00 A5=108000 A6=10BA1E PC=4844 -- 004844: cmp.w   ($2c,A0), D0
D0=F0073 D1=1700 D2=101700 D3=0 D4=840000F D5=842184D8 D6=842184D8 D7=101D00 A0=101700 A1=108920 A2=4ABB4 A3=108FAA A4=101D00 A5=108000 A6=10BA1E PC=4848 -- 004848: bcc     $4836
D0=F0073 D1=1700 D2=101700 D3=0 D4=840000F D5=842184D8 D6=842184D8 D7=101D00 A0=101700 A1=108920 A2=4ABB4 A3=108FAA A4=101D00 A5=108000 A6=10BA1E PC=4836 -- 004836: move.w  (A1)+, D1
D0=F0073 D1=1900 D2=101700 D3=0 D4=840000F D5=842184D8 D6=842184D8 D7=101D00 A0=101700 A1=108922 A2=4ABB4 A3=108FAA A4=101D00 A5=108000 A6=10BA1E PC=4838 -- 004838: beq     $485a
D0=F0073 D1=1900 D2=101700 D3=0 D4=840000F D5=842184D8 D6=842184D8 D7=101D00 A0=101700 A1=108922 A2=4ABB4 A3=108FAA A4=101D00 A5=108000 A6=10BA1E PC=483A -- 00483A: move.l  #$100000, D2
D0=F0073 D1=1900 D2=100000 D3=0 D4=840000F D5=842184D8 D6=842184D8 D7=101D00 A0=101700 A1=108922 A2=4ABB4 A3=108FAA A4=101D00 A5=108000 A6=10BA1E PC=4840 -- 004840: move.w  D1, D2
D0=F0073 D1=1900 D2=101900 D3=0 D4=840000F D5=842184D8 D6=842184D8 D7=101D00 A0=101700 A1=108922 A2=4ABB4 A3=108FAA A4=101D00 A5=108000 A6=10BA1E PC=4842 -- 004842: movea.l D2, A0
D0=F0073 D1=1900 D2=101900 D3=0 D4=840000F D5=842184D8 D6=842184D8 D7=101D00 A0=101900 A1=108922 A2=4ABB4 A3=108FAA A4=101D00 A5=108000 A6=10BA1E PC=4844 -- 004844: cmp.w   ($2c,A0), D0
D0=F0073 D1=1900 D2=101900 D3=0 D4=840000F D5=842184D8 D6=842184D8 D7=101D00 A0=101900 A1=108922 A2=4ABB4 A3=108FAA A4=101D00 A5=108000 A6=10BA1E PC=4848 -- 004848: bcc     $4836

   (loops for 9 instructions)

D0=F0073 D1=0 D2=101B00 D3=0 D4=840000F D5=842184D8 D6=842184D8 D7=101D00 A0=101B00 A1=108926 A2=4ABB4 A3=108FAA A4=101D00 A5=108000 A6=10BA1E PC=485A -- 00485A: move.w  A4, (-$2,A1)
D0=F0073 D1=0 D2=101B00 D3=0 D4=840000F D5=842184D8 D6=842184D8 D7=101D00 A0=101B00 A1=108926 A2=4ABB4 A3=108FAA A4=101D00 A5=108000 A6=10BA1E PC=485E -- 00485E: rts
D0=F0073 D1=0 D2=101B00 D3=0 D4=840000F D5=842184D8 D6=842184D8 D7=101D00 A0=101B00 A1=108926 A2=4ABB4 A3=108FAA A4=101D00 A5=108000 A6=10BA1E PC=32B3C -- 032B3C: move.l  A4, D7
D0=F0073 D1=0 D2=101B00 D3=0 D4=840000F D5=842184D8 D6=842184D8 D7=101D00 A0=101B00 A1=108926 A2=4ABB4 A3=108FAA A4=101D00 A5=108000 A6=10BA1E PC=32B3E -- 032B3E: move.w  ($4,A4), D7
D0=F0073 D1=0 D2=101B00 D3=0 D4=840000F D5=842184D8 D6=842184D8 D7=101F00 A0=101B00 A1=108926 A2=4ABB4 A3=108FAA A4=101D00 A5=108000 A6=10BA1E PC=32B42 -- 032B42: bpl     $32b36
D0=F0073 D1=0 D2=101B00 D3=0 D4=840000F D5=842184D8 D6=842184D8 D7=101F00 A0=101B00 A1=108926 A2=4ABB4 A3=108FAA A4=101D00 A5=108000 A6=10BA1E PC=32B36 -- 032B36: movea.l D7, A4
D0=F0073 D1=0 D2=101B00 D3=0 D4=840000F D5=842184D8 D6=842184D8 D7=101F00 A0=101B00 A1=108926 A2=4ABB4 A3=108FAA A4=101F00 A5=108000 A6=10BA1E PC=32B38 -- 032B38: movea.l (A4), A0
D0=F0073 D1=0 D2=101B00 D3=0 D4=840000F D5=842184D8 D6=842184D8 D7=101F00 A0=37DBA A1=108926 A2=4ABB4 A3=108FAA A4=101F00 A5=108000 A6=10BA1E PC=32B3A -- 032B3A: jsr     (A0)
D0=F0073 D1=0 D2=101B00 D3=0 D4=840000F D5=842184D8 D6=842184D8 D7=101F00 A0=37DBA A1=108926 A2=4ABB4 A3=108FAA A4=101F00 A5=108000 A6=10BA1E PC=37DBA -- 037DBA: clr.b   ($80,A4)
D0=F0073 D1=0 D2=101B00 D3=0 D4=840000F D5=842184D8 D6=842184D8 D7=101F00 A0=37DBA A1=108926 A2=4ABB4 A3=108FAA A4=101F00 A5=108000 A6=10BA1E PC=37DBE -- 037DBE: moveq   #$0, D0
D0=0 D1=0 D2=101B00 D3=0 D4=840000F D5=842184D8 D6=842184D8 D7=101F00 A0=37DBA A1=108926 A2=4ABB4 A3=108FAA A4=101F00 A5=108000 A6=10BA1E PC=37DC0 -- 037DC0: move.b  ($131,A4), D0
D0=3 D1=0 D2=101B00 D3=0 D4=840000F D5=842184D8 D6=842184D8 D7=101F00 A0=37DBA A1=108926 A2=4ABB4 A3=108FAA A4=101F00 A5=108000 A6=10BA1E PC=37DC4 -- 037DC4: btst    D0, ($7df,A5)
D0=3 D1=0 D2=101B00 D3=0 D4=840000F D5=842184D8 D6=842184D8 D7=101F00 A0=37DBA A1=108926 A2=4ABB4 A3=108FAA A4=101F00 A5=108000 A6=10BA1E PC=37DC8 -- 037DC8: beq     $37dec
D0=3 D1=0 D2=101B00 D3=0 D4=840000F D5=842184D8 D6=842184D8 D7=101F00 A0=37DBA A1=108926 A2=4ABB4 A3=108FAA A4=101F00 A5=108000 A6=10BA1E PC=37DEC -- 037DEC: move.w  ($d0,A4), D0
D0=5 D1=0 D2=101B00 D3=0 D4=840000F D5=842184D8 D6=842184D8 D7=101F00 A0=37DBA A1=108926 A2=4ABB4 A3=108FAA A4=101F00 A5=108000 A6=10BA1E PC=37DF0 -- 037DF0: movea.l ($84,A4), A0
D0=5 D1=0 D2=101B00 D3=0 D4=840000F D5=842184D8 D6=842184D8 D7=101F00 A0=108584 A1=108926 A2=4ABB4 A3=108FAA A4=101F00 A5=108000 A6=10BA1E PC=37DF4 -- 037DF4: btst    D0, ($cf,A0)
D0=5 D1=0 D2=101B00 D3=0 D4=840000F D5=842184D8 D6=842184D8 D7=101F00 A0=108584 A1=108926 A2=4ABB4 A3=108FAA A4=101F00 A5=108000 A6=10BA1E PC=37DF8 -- 037DF8: beq     $36eac
D0=5 D1=0 D2=101B00 D3=0 D4=840000F D5=842184D8 D6=842184D8 D7=101F00 A0=108584 A1=108926 A2=4ABB4 A3=108FAA A4=101F00 A5=108000 A6=10BA1E PC=36EAC -- 036EAC: jsr     $48e6.w
D0=5 D1=0 D2=101B00 D3=0 D4=840000F D5=842184D8 D6=842184D8 D7=101F00 A0=108584 A1=108926 A2=4ABB4 A3=108FAA A4=101F00 A5=108000 A6=10BA1E PC=48E6 -- 0048E6: move.w  ($70,A4), D0
D0=1B D1=0 D2=101B00 D3=0 D4=840000F D5=842184D8 D6=842184D8 D7=101F00 A0=108584 A1=108926 A2=4ABB4 A3=108FAA A4=101F00 A5=108000 A6=10BA1E PC=48EA -- 0048EA: cmp.b   ($78,A4), D0
D0=1B D1=0 D2=101B00 D3=0 D4=840000F D5=842184D8 D6=842184D8 D7=101F00 A0=108584 A1=108926 A2=4ABB4 A3=108FAA A4=101F00 A5=108000 A6=10BA1E PC=48EE -- 0048EE: bne     $491c
D0=1B D1=0 D2=101B00 D3=0 D4=840000F D5=842184D8 D6=842184D8 D7=101F00 A0=108584 A1=108926 A2=4ABB4 A3=108FAA A4=101F00 A5=108000 A6=10BA1E PC=48F0 -- 0048F0: move.w  ($72,A4), D0
D0=3C D1=0 D2=101B00 D3=0 D4=840000F D5=842184D8 D6=842184D8 D7=101F00 A0=108584 A1=108926 A2=4ABB4 A3=108FAA A4=101F00 A5=108000 A6=10BA1E PC=48F4 -- 0048F4: cmp.b   ($79,A4), D0
D0=3C D1=0 D2=101B00 D3=0 D4=840000F D5=842184D8 D6=842184D8 D7=101F00 A0=108584 A1=108926 A2=4ABB4 A3=108FAA A4=101F00 A5=108000 A6=10BA1E PC=48F8 -- 0048F8: bne     $493c
D0=3C D1=0 D2=101B00 D3=0 D4=840000F D5=842184D8 D6=842184D8 D7=101F00 A0=108584 A1=108926 A2=4ABB4 A3=108FAA A4=101F00 A5=108000 A6=10BA1E PC=48FA -- 0048FA: tst.b   ($77,A4)
D0=3C D1=0 D2=101B00 D3=0 D4=840000F D5=842184D8 D6=842184D8 D7=101F00 A0=108584 A1=108926 A2=4ABB4 A3=108FAA A4=101F00 A5=108000 A6=10BA1E PC=48FE -- 0048FE: bne     $495c
D0=3C D1=0 D2=101B00 D3=0 D4=840000F D5=842184D8 D6=842184D8 D7=101F00 A0=108584 A1=108926 A2=4ABB4 A3=108FAA A4=101F00 A5=108000 A6=10BA1E PC=4900 -- 004900: tst.b   ($7a,A4)
D0=3C D1=0 D2=101B00 D3=0 D4=840000F D5=842184D8 D6=842184D8 D7=101F00 A0=108584 A1=108926 A2=4ABB4 A3=108FAA A4=101F00 A5=108000 A6=10BA1E PC=4904 -- 004904: bmi     $491a
D0=3C D1=0 D2=101B00 D3=0 D4=840000F D5=842184D8 D6=842184D8 D7=101F00 A0=108584 A1=108926 A2=4ABB4 A3=108FAA A4=101F00 A5=108000 A6=10BA1E PC=491A -- 00491A: rts
D0=3C D1=0 D2=101B00 D3=0 D4=840000F D5=842184D8 D6=842184D8 D7=101F00 A0=108584 A1=108926 A2=4ABB4 A3=108FAA A4=101F00 A5=108000 A6=10BA1E PC=36EB0 -- 036EB0: jmp     $3e2e.w
D0=3C D1=0 D2=101B00 D3=0 D4=840000F D5=842184D8 D6=842184D8 D7=101F00 A0=108584 A1=108926 A2=4ABB4 A3=108FAA A4=101F00 A5=108000 A6=10BA1E PC=3E2E -- 003E2E: tst.w   ($74,A4)
D0=3C D1=0 D2=101B00 D3=0 D4=840000F D5=842184D8 D6=842184D8 D7=101F00 A0=108584 A1=108926 A2=4ABB4 A3=108FAA A4=101F00 A5=108000 A6=10BA1E PC=3E32 -- 003E32: bmi     $3e80
D0=3C D1=0 D2=101B00 D3=0 D4=840000F D5=842184D8 D6=842184D8 D7=101F00 A0=108584 A1=108926 A2=4ABB4 A3=108FAA A4=101F00 A5=108000 A6=10BA1E PC=3E34 -- 003E34: btst    #$6, ($7c,A4)
D0=3C D1=0 D2=101B00 D3=0 D4=840000F D5=842184D8 D6=842184D8 D7=101F00 A0=108584 A1=108926 A2=4ABB4 A3=108FAA A4=101F00 A5=108000 A6=10BA1E PC=3E3A -- 003E3A: bne     $3e78
D0=3C D1=0 D2=101B00 D3=0 D4=840000F D5=842184D8 D6=842184D8 D7=101F00 A0=108584 A1=108926 A2=4ABB4 A3=108FAA A4=101F00 A5=108000 A6=10BA1E PC=3E3E -- 003E3E: moveq   #$0, D3
D0=3C D1=0 D2=101B00 D3=0 D4=840000F D5=842184D8 D6=842184D8 D7=101F00 A0=108584 A1=108926 A2=4ABB4 A3=108FAA A4=101F00 A5=108000 A6=10BA1E PC=3E40 -- 003E40: move.b  ($82,A4), D3
D0=3C D1=0 D2=101B00 D3=0 D4=840000F D5=842184D8 D6=842184D8 D7=101F00 A0=108584 A1=108926 A2=4ABB4 A3=108FAA A4=101F00 A5=108000 A6=10BA1E PC=3E44 -- 003E44: add.w   D3, D3
D0=3C D1=0 D2=101B00 D3=0 D4=840000F D5=842184D8 D6=842184D8 D7=101F00 A0=108584 A1=108926 A2=4ABB4 A3=108FAA A4=101F00 A5=108000 A6=10BA1E PC=3E46 -- 003E46: add.w   D3, D3
D0=3C D1=0 D2=101B00 D3=0 D4=840000F D5=842184D8 D6=842184D8 D7=101F00 A0=108584 A1=108926 A2=4ABB4 A3=108FAA A4=101F00 A5=108000 A6=10BA1E PC=3E48 -- 003E48: move.w  ($18,A4), D0
D0=90 D1=0 D2=101B00 D3=0 D4=840000F D5=842184D8 D6=842184D8 D7=101F00 A0=108584 A1=108926 A2=4ABB4 A3=108FAA A4=101F00 A5=108000 A6=10BA1E PC=3E4C -- 003E4C: lea     ($104c,A5), A0
D0=90 D1=0 D2=101B00 D3=0 D4=840000F D5=842184D8 D6=842184D8 D7=101F00 A0=10904C A1=108926 A2=4ABB4 A3=108FAA A4=101F00 A5=108000 A6=10BA1E PC=3E50 -- 003E50: sub.w   (A0,D3.w), D0
D0=90 D1=0 D2=101B00 D3=0 D4=840000F D5=842184D8 D6=842184D8 D7=101F00 A0=10904C A1=108926 A2=4ABB4 A3=108FAA A4=101F00 A5=108000 A6=10BA1E PC=3E54 -- 003E54: addi.w  #$30, D0
D0=C0 D1=0 D2=101B00 D3=0 D4=840000F D5=842184D8 D6=842184D8 D7=101F00 A0=10904C A1=108926 A2=4ABB4 A3=108FAA A4=101F00 A5=108000 A6=10BA1E PC=3E58 -- 003E58: cmpi.w  #$1a0, D0
D0=C0 D1=0 D2=101B00 D3=0 D4=840000F D5=842184D8 D6=842184D8 D7=101F00 A0=10904C A1=108926 A2=4ABB4 A3=108FAA A4=101F00 A5=108000 A6=10BA1E PC=3E5C -- 003E5C: bls     $3e60
D0=C0 D1=0 D2=101B00 D3=0 D4=840000F D5=842184D8 D6=842184D8 D7=101F00 A0=10904C A1=108926 A2=4ABB4 A3=108FAA A4=101F00 A5=108000 A6=10BA1E PC=3E60 -- 003E60: move.w  ($1c,A4), D0
D0=C8 D1=0 D2=101B00 D3=0 D4=840000F D5=842184D8 D6=842184D8 D7=101F00 A0=10904C A1=108926 A2=4ABB4 A3=108FAA A4=101F00 A5=108000 A6=10BA1E PC=3E64 -- 003E64: sub.w   ($20,A4), D0
D0=C8 D1=0 D2=101B00 D3=0 D4=840000F D5=842184D8 D6=842184D8 D7=101F00 A0=10904C A1=108926 A2=4ABB4 A3=108FAA A4=101F00 A5=108000 A6=10BA1E PC=3E68 -- 003E68: lea     ($1058,A5), A0
D0=C8 D1=0 D2=101B00 D3=0 D4=840000F D5=842184D8 D6=842184D8 D7=101F00 A0=109058 A1=108926 A2=4ABB4 A3=108FAA A4=101F00 A5=108000 A6=10BA1E PC=3E6C -- 003E6C: sub.w   (A0,D3.w), D0
D0=C8 D1=0 D2=101B00 D3=0 D4=840000F D5=842184D8 D6=842184D8 D7=101F00 A0=109058 A1=108926 A2=4ABB4 A3=108FAA A4=101F00 A5=108000 A6=10BA1E PC=3E70 -- 003E70: cmpi.w  #$1c0, D0
D0=C8 D1=0 D2=101B00 D3=0 D4=840000F D5=842184D8 D6=842184D8 D7=101F00 A0=109058 A1=108926 A2=4ABB4 A3=108FAA A4=101F00 A5=108000 A6=10BA1E PC=3E74 -- 003E74: bls     $3e78
D0=C8 D1=0 D2=101B00 D3=0 D4=840000F D5=842184D8 D6=842184D8 D7=101F00 A0=109058 A1=108926 A2=4ABB4 A3=108FAA A4=101F00 A5=108000 A6=10BA1E PC=3E78 -- 003E78: bsr     $4860
D0=C8 D1=0 D2=101B00 D3=0 D4=840000F D5=842184D8 D6=842184D8 D7=101F00 A0=109058 A1=108926 A2=4ABB4 A3=108FAA A4=101F00 A5=108000 A6=10BA1E PC=4860 -- 004860: lea     $7bf48.l, A0
D0=C8 D1=0 D2=101B00 D3=0 D4=840000F D5=842184D8 D6=842184D8 D7=101F00 A0=7BF48 A1=108926 A2=4ABB4 A3=108FAA A4=101F00 A5=108000 A6=10BA1E PC=4866 -- 004866: move.w  ($70,A4), D0
D0=1B D1=0 D2=101B00 D3=0 D4=840000F D5=842184D8 D6=842184D8 D7=101F00 A0=7BF48 A1=108926 A2=4ABB4 A3=108FAA A4=101F00 A5=108000 A6=10BA1E PC=486A -- 00486A: add.w   D0, D0
D0=36 D1=0 D2=101B00 D3=0 D4=840000F D5=842184D8 D6=842184D8 D7=101F00 A0=7BF48 A1=108926 A2=4ABB4 A3=108FAA A4=101F00 A5=108000 A6=10BA1E PC=486C -- 00486C: add.w   D0, D0
D0=6C D1=0 D2=101B00 D3=0 D4=840000F D5=842184D8 D6=842184D8 D7=101F00 A0=7BF48 A1=108926 A2=4ABB4 A3=108FAA A4=101F00 A5=108000 A6=10BA1E PC=486E -- 00486E: movea.l (A0,D0.w), A0
D0=6C D1=0 D2=101B00 D3=0 D4=840000F D5=842184D8 D6=842184D8 D7=101F00 A0=7F5E0 A1=108926 A2=4ABB4 A3=108FAA A4=101F00 A5=108000 A6=10BA1E PC=4872 -- 004872: move.w  ($72,A4), D0
D0=3C D1=0 D2=101B00 D3=0 D4=840000F D5=842184D8 D6=842184D8 D7=101F00 A0=7F5E0 A1=108926 A2=4ABB4 A3=108FAA A4=101F00 A5=108000 A6=10BA1E PC=4876 -- 004876: add.w   D0, D0
D0=78 D1=0 D2=101B00 D3=0 D4=840000F D5=842184D8 D6=842184D8 D7=101F00 A0=7F5E0 A1=108926 A2=4ABB4 A3=108FAA A4=101F00 A5=108000 A6=10BA1E PC=4878 -- 004878: move.w  (A0,D0.w), D1
D0=78 D1=3C3C D2=101B00 D3=0 D4=840000F D5=842184D8 D6=842184D8 D7=101F00 A0=7F5E0 A1=108926 A2=4ABB4 A3=108FAA A4=101F00 A5=108000 A6=10BA1E PC=487C -- 00487C: move.w  D1, ($46de,A5)
D0=78 D1=3C3C D2=101B00 D3=0 D4=840000F D5=842184D8 D6=842184D8 D7=101F00 A0=7F5E0 A1=108926 A2=4ABB4 A3=108FAA A4=101F00 A5=108000 A6=10BA1E PC=4880 -- 004880: lea     $80000.l, A0
D0=78 D1=3C3C D2=101B00 D3=0 D4=840000F D5=842184D8 D6=842184D8 D7=101F00 A0=80000 A1=108926 A2=4ABB4 A3=108FAA A4=101F00 A5=108000 A6=10BA1E PC=4886 -- 004886: move.w  ($70,A4), D0
D0=1B D1=3C3C D2=101B00 D3=0 D4=840000F D5=842184D8 D6=842184D8 D7=101F00 A0=80000 A1=108926 A2=4ABB4 A3=108FAA A4=101F00 A5=108000 A6=10BA1E PC=488A -- 00488A: add.w   D0, D0
D0=36 D1=3C3C D2=101B00 D3=0 D4=840000F D5=842184D8 D6=842184D8 D7=101F00 A0=80000 A1=108926 A2=4ABB4 A3=108FAA A4=101F00 A5=108000 A6=10BA1E PC=488C -- 00488C: add.w   D0, D0
D0=6C D1=3C3C D2=101B00 D3=0 D4=840000F D5=842184D8 D6=842184D8 D7=101F00 A0=80000 A1=108926 A2=4ABB4 A3=108FAA A4=101F00 A5=108000 A6=10BA1E PC=488E -- 00488E: movea.l (A0,D0.w), A0
D0=6C D1=3C3C D2=101B00 D3=0 D4=840000F D5=842184D8 D6=842184D8 D7=101F00 A0=86E00 A1=108926 A2=4ABB4 A3=108FAA A4=101F00 A5=108000 A6=10BA1E PC=4892 -- 004892: move.w  ($46de,A5), D0
D0=3C3C D1=3C3C D2=101B00 D3=0 D4=840000F D5=842184D8 D6=842184D8 D7=101F00 A0=86E00 A1=108926 A2=4ABB4 A3=108FAA A4=101F00 A5=108000 A6=10BA1E PC=4896 -- 004896: tst.b   ($46e2,A5)
D0=3C3C D1=3C3C D2=101B00 D3=0 D4=840000F D5=842184D8 D6=842184D8 D7=101F00 A0=86E00 A1=108926 A2=4ABB4 A3=108FAA A4=101F00 A5=108000 A6=10BA1E PC=489A -- 00489A: beq     $48a0
D0=3C3C D1=3C3C D2=101B00 D3=0 D4=840000F D5=842184D8 D6=842184D8 D7=101F00 A0=86E00 A1=108926 A2=4ABB4 A3=108FAA A4=101F00 A5=108000 A6=10BA1E PC=48A0 -- 0048A0: andi.w  #$ff, D0
D0=3C D1=3C3C D2=101B00 D3=0 D4=840000F D5=842184D8 D6=842184D8 D7=101F00 A0=86E00 A1=108926 A2=4ABB4 A3=108FAA A4=101F00 A5=108000 A6=10BA1E PC=48A4 -- 0048A4: add.w   D0, D0
D0=78 D1=3C3C D2=101B00 D3=0 D4=840000F D5=842184D8 D6=842184D8 D7=101F00 A0=86E00 A1=108926 A2=4ABB4 A3=108FAA A4=101F00 A5=108000 A6=10BA1E PC=48A6 -- 0048A6: add.w   D0, D0
D0=F0 D1=3C3C D2=101B00 D3=0 D4=840000F D5=842184D8 D6=842184D8 D7=101F00 A0=86E00 A1=108926 A2=4ABB4 A3=108FAA A4=101F00 A5=108000 A6=10BA1E PC=48A8 -- 0048A8: movea.l (A0,D0.w), A0
D0=F0 D1=3C3C D2=101B00 D3=0 D4=840000F D5=842184D8 D6=842184D8 D7=101F00 A0=F3132 A1=108926 A2=4ABB4 A3=108FAA A4=101F00 A5=108000 A6=10BA1E PC=48AC -- 0048AC: move.w  ($74,A4), D0
D0=0 D1=3C3C D2=101B00 D3=0 D4=840000F D5=842184D8 D6=842184D8 D7=101F00 A0=F3132 A1=108926 A2=4ABB4 A3=108FAA A4=101F00 A5=108000 A6=10BA1E PC=48B0 -- 0048B0: adda.w  D0, A0
D0=0 D1=3C3C D2=101B00 D3=0 D4=840000F D5=842184D8 D6=842184D8 D7=101F00 A0=F3132 A1=108926 A2=4ABB4 A3=108FAA A4=101F00 A5=108000 A6=10BA1E PC=48B2 -- 0048B2: move.l  (A0), D0
D0=10F1128 D1=3C3C D2=101B00 D3=0 D4=840000F D5=842184D8 D6=842184D8 D7=101F00 A0=F3132 A1=108926 A2=4ABB4 A3=108FAA A4=101F00 A5=108000 A6=10BA1E PC=48B4 -- 0048B4: andi.l  #$ffffff, D0
D0=F1128 D1=3C3C D2=101B00 D3=0 D4=840000F D5=842184D8 D6=842184D8 D7=101F00 A0=F3132 A1=108926 A2=4ABB4 A3=108FAA A4=101F00 A5=108000 A6=10BA1E PC=48BA -- 0048BA: movea.l D0, A0
D0=F1128 D1=3C3C D2=101B00 D3=0 D4=840000F D5=842184D8 D6=842184D8 D7=101F00 A0=F1128 A1=108926 A2=4ABB4 A3=108FAA A4=101F00 A5=108000 A6=10BA1E PC=48BC -- 0048BC: move.w  ($4,A0), D0
D0=F0077 D1=3C3C D2=101B00 D3=0 D4=840000F D5=842184D8 D6=842184D8 D7=101F00 A0=F1128 A1=108926 A2=4ABB4 A3=108FAA A4=101F00 A5=108000 A6=10BA1E PC=48C0 -- 0048C0: andi.w  #$1fff, D0
D0=F0077 D1=3C3C D2=101B00 D3=0 D4=840000F D5=842184D8 D6=842184D8 D7=101F00 A0=F1128 A1=108926 A2=4ABB4 A3=108FAA A4=101F00 A5=108000 A6=10BA1E PC=48C4 -- 0048C4: move.w  D0, ($46e0,A5)
D0=F0077 D1=3C3C D2=101B00 D3=0 D4=840000F D5=842184D8 D6=842184D8 D7=101F00 A0=F1128 A1=108926 A2=4ABB4 A3=108FAA A4=101F00 A5=108000 A6=10BA1E PC=48C8 -- 0048C8: lea     $80080.l, A0
D0=F0077 D1=3C3C D2=101B00 D3=0 D4=840000F D5=842184D8 D6=842184D8 D7=101F00 A0=80080 A1=108926 A2=4ABB4 A3=108FAA A4=101F00 A5=108000 A6=10BA1E PC=48CE -- 0048CE: move.w  ($70,A4), D1
D0=F0077 D1=1B D2=101B00 D3=0 D4=840000F D5=842184D8 D6=842184D8 D7=101F00 A0=80080 A1=108926 A2=4ABB4 A3=108FAA A4=101F00 A5=108000 A6=10BA1E PC=48D2 -- 0048D2: add.w   D1, D1
D0=F0077 D1=36 D2=101B00 D3=0 D4=840000F D5=842184D8 D6=842184D8 D7=101F00 A0=80080 A1=108926 A2=4ABB4 A3=108FAA A4=101F00 A5=108000 A6=10BA1E PC=48D4 -- 0048D4: add.w   D1, D1
D0=F0077 D1=6C D2=101B00 D3=0 D4=840000F D5=842184D8 D6=842184D8 D7=101F00 A0=80080 A1=108926 A2=4ABB4 A3=108FAA A4=101F00 A5=108000 A6=10BA1E PC=48D6 -- 0048D6: movea.l (A0,D1.w), A0
D0=F0077 D1=6C D2=101B00 D3=0 D4=840000F D5=842184D8 D6=842184D8 D7=101F00 A0=95200 A1=108926 A2=4ABB4 A3=108FAA A4=101F00 A5=108000 A6=10BA1E PC=48DA -- 0048DA: add.w   D0, D0
D0=F00EE D1=6C D2=101B00 D3=0 D4=840000F D5=842184D8 D6=842184D8 D7=101F00 A0=95200 A1=108926 A2=4ABB4 A3=108FAA A4=101F00 A5=108000 A6=10BA1E PC=48DC -- 0048DC: add.w   D0, D0
D0=F01DC D1=6C D2=101B00 D3=0 D4=840000F D5=842184D8 D6=842184D8 D7=101F00 A0=95200 A1=108926 A2=4ABB4 A3=108FAA A4=101F00 A5=108000 A6=10BA1E PC=48DE -- 0048DE: move.l  (A0,D0.w), ($28,A4)
D0=F01DC D1=6C D2=101B00 D3=0 D4=840000F D5=842184D8 D6=842184D8 D7=101F00 A0=95200 A1=108926 A2=4ABB4 A3=108FAA A4=101F00 A5=108000 A6=10BA1E PC=48E4 -- 0048E4: rts
D0=F01DC D1=6C D2=101B00 D3=0 D4=840000F D5=842184D8 D6=842184D8 D7=101F00 A0=95200 A1=108926 A2=4ABB4 A3=108FAA A4=101F00 A5=108000 A6=10BA1E PC=3E7C -- 003E7C: bra     $481a
D0=F01DC D1=6C D2=101B00 D3=0 D4=840000F D5=842184D8 D6=842184D8 D7=101F00 A0=95200 A1=108926 A2=4ABB4 A3=108FAA A4=101F00 A5=108000 A6=10BA1E PC=481A -- 00481A: addq.w  #1, ($e3a,A5)
D0=F01DC D1=6C D2=101B00 D3=0 D4=840000F D5=842184D8 D6=842184D8 D7=101F00 A0=95200 A1=108926 A2=4ABB4 A3=108FAA A4=101F00 A5=108000 A6=10BA1E PC=481E -- 00481E: lea     ($838,A5), A1
D0=F01DC D1=6C D2=101B00 D3=0 D4=840000F D5=842184D8 D6=842184D8 D7=101F00 A0=95200 A1=108838 A2=4ABB4 A3=108FAA A4=101F00 A5=108000 A6=10BA1E PC=4822 -- 004822: move.w  ($2c,A4), D0
D0=F0073 D1=6C D2=101B00 D3=0 D4=840000F D5=842184D8 D6=842184D8 D7=101F00 A0=95200 A1=108838 A2=4ABB4 A3=108FAA A4=101F00 A5=108000 A6=10BA1E PC=4826 -- 004826: move.w  D0, D1
D0=F0073 D1=73 D2=101B00 D3=0 D4=840000F D5=842184D8 D6=842184D8 D7=101F00 A0=95200 A1=108838 A2=4ABB4 A3=108FAA A4=101F00 A5=108000 A6=10BA1E PC=4828 -- 004828: add.w   D1, D1
D0=F0073 D1=E6 D2=101B00 D3=0 D4=840000F D5=842184D8 D6=842184D8 D7=101F00 A0=95200 A1=108838 A2=4ABB4 A3=108FAA A4=101F00 A5=108000 A6=10BA1E PC=482A -- 00482A: adda.w  D1, A1
D0=F0073 D1=E6 D2=101B00 D3=0 D4=840000F D5=842184D8 D6=842184D8 D7=101F00 A0=95200 A1=10891E A2=4ABB4 A3=108FAA A4=101F00 A5=108000 A6=10BA1E PC=482C -- 00482C: cmp.w   ($e38,A5), D1
D0=F0073 D1=E6 D2=101B00 D3=0 D4=840000F D5=842184D8 D6=842184D8 D7=101F00 A0=95200 A1=10891E A2=4ABB4 A3=108FAA A4=101F00 A5=108000 A6=10BA1E PC=4830 -- 004830: bhi     $4836
D0=F0073 D1=E6 D2=101B00 D3=0 D4=840000F D5=842184D8 D6=842184D8 D7=101F00 A0=95200 A1=10891E A2=4ABB4 A3=108FAA A4=101F00 A5=108000 A6=10BA1E PC=4836 -- 004836: move.w  (A1)+, D1
D0=F0073 D1=1700 D2=101B00 D3=0 D4=840000F D5=842184D8 D6=842184D8 D7=101F00 A0=95200 A1=108920 A2=4ABB4 A3=108FAA A4=101F00 A5=108000 A6=10BA1E PC=4838 -- 004838: beq     $485a
D0=F0073 D1=1700 D2=101B00 D3=0 D4=840000F D5=842184D8 D6=842184D8 D7=101F00 A0=95200 A1=108920 A2=4ABB4 A3=108FAA A4=101F00 A5=108000 A6=10BA1E PC=483A -- 00483A: move.l  #$100000, D2
D0=F0073 D1=1700 D2=100000 D3=0 D4=840000F D5=842184D8 D6=842184D8 D7=101F00 A0=95200 A1=108920 A2=4ABB4 A3=108FAA A4=101F00 A5=108000 A6=10BA1E PC=4840 -- 004840: move.w  D1, D2
D0=F0073 D1=1700 D2=101700 D3=0 D4=840000F D5=842184D8 D6=842184D8 D7=101F00 A0=95200 A1=108920 A2=4ABB4 A3=108FAA A4=101F00 A5=108000 A6=10BA1E PC=4842 -- 004842: movea.l D2, A0
D0=F0073 D1=1700 D2=101700 D3=0 D4=840000F D5=842184D8 D6=842184D8 D7=101F00 A0=101700 A1=108920 A2=4ABB4 A3=108FAA A4=101F00 A5=108000 A6=10BA1E PC=4844 -- 004844: cmp.w   ($2c,A0), D0
D0=F0073 D1=1700 D2=101700 D3=0 D4=840000F D5=842184D8 D6=842184D8 D7=101F00 A0=101700 A1=108920 A2=4ABB4 A3=108FAA A4=101F00 A5=108000 A6=10BA1E PC=4848 -- 004848: bcc     $4836
D0=F0073 D1=1700 D2=101700 D3=0 D4=840000F D5=842184D8 D6=842184D8 D7=101F00 A0=101700 A1=108920 A2=4ABB4 A3=108FAA A4=101F00 A5=108000 A6=10BA1E PC=4836 -- 004836: move.w  (A1)+, D1
D0=F0073 D1=1900 D2=101700 D3=0 D4=840000F D5=842184D8 D6=842184D8 D7=101F00 A0=101700 A1=108922 A2=4ABB4 A3=108FAA A4=101F00 A5=108000 A6=10BA1E PC=4838 -- 004838: beq     $485a
D0=F0073 D1=1900 D2=101700 D3=0 D4=840000F D5=842184D8 D6=842184D8 D7=101F00 A0=101700 A1=108922 A2=4ABB4 A3=108FAA A4=101F00 A5=108000 A6=10BA1E PC=483A -- 00483A: move.l  #$100000, D2
D0=F0073 D1=1900 D2=100000 D3=0 D4=840000F D5=842184D8 D6=842184D8 D7=101F00 A0=101700 A1=108922 A2=4ABB4 A3=108FAA A4=101F00 A5=108000 A6=10BA1E PC=4840 -- 004840: move.w  D1, D2
D0=F0073 D1=1900 D2=101900 D3=0 D4=840000F D5=842184D8 D6=842184D8 D7=101F00 A0=101700 A1=108922 A2=4ABB4 A3=108FAA A4=101F00 A5=108000 A6=10BA1E PC=4842 -- 004842: movea.l D2, A0
D0=F0073 D1=1900 D2=101900 D3=0 D4=840000F D5=842184D8 D6=842184D8 D7=101F00 A0=101900 A1=108922 A2=4ABB4 A3=108FAA A4=101F00 A5=108000 A6=10BA1E PC=4844 -- 004844: cmp.w   ($2c,A0), D0
D0=F0073 D1=1900 D2=101900 D3=0 D4=840000F D5=842184D8 D6=842184D8 D7=101F00 A0=101900 A1=108922 A2=4ABB4 A3=108FAA A4=101F00 A5=108000 A6=10BA1E PC=4848 -- 004848: bcc     $4836

   (loops for 16 instructions)

D0=F0073 D1=0 D2=101D00 D3=0 D4=840000F D5=842184D8 D6=842184D8 D7=101F00 A0=101D00 A1=108928 A2=4ABB4 A3=108FAA A4=101F00 A5=108000 A6=10BA1E PC=485A -- 00485A: move.w  A4, (-$2,A1)
D0=F0073 D1=0 D2=101D00 D3=0 D4=840000F D5=842184D8 D6=842184D8 D7=101F00 A0=101D00 A1=108928 A2=4ABB4 A3=108FAA A4=101F00 A5=108000 A6=10BA1E PC=485E -- 00485E: rts
D0=F0073 D1=0 D2=101D00 D3=0 D4=840000F D5=842184D8 D6=842184D8 D7=101F00 A0=101D00 A1=108928 A2=4ABB4 A3=108FAA A4=101F00 A5=108000 A6=10BA1E PC=32B3C -- 032B3C: move.l  A4, D7
D0=F0073 D1=0 D2=101D00 D3=0 D4=840000F D5=842184D8 D6=842184D8 D7=101F00 A0=101D00 A1=108928 A2=4ABB4 A3=108FAA A4=101F00 A5=108000 A6=10BA1E PC=32B3E -- 032B3E: move.w  ($4,A4), D7
D0=F0073 D1=0 D2=101D00 D3=0 D4=840000F D5=842184D8 D6=842184D8 D7=102100 A0=101D00 A1=108928 A2=4ABB4 A3=108FAA A4=101F00 A5=108000 A6=10BA1E PC=32B42 -- 032B42: bpl     $32b36
D0=F0073 D1=0 D2=101D00 D3=0 D4=840000F D5=842184D8 D6=842184D8 D7=102100 A0=101D00 A1=108928 A2=4ABB4 A3=108FAA A4=101F00 A5=108000 A6=10BA1E PC=32B36 -- 032B36: movea.l D7, A4
D0=F0073 D1=0 D2=101D00 D3=0 D4=840000F D5=842184D8 D6=842184D8 D7=102100 A0=101D00 A1=108928 A2=4ABB4 A3=108FAA A4=102100 A5=108000 A6=10BA1E PC=32B38 -- 032B38: movea.l (A4), A0
D0=F0073 D1=0 D2=101D00 D3=0 D4=840000F D5=842184D8 D6=842184D8 D7=102100 A0=37DBA A1=108928 A2=4ABB4 A3=108FAA A4=102100 A5=108000 A6=10BA1E PC=32B3A -- 032B3A: jsr     (A0)
D0=F0073 D1=0 D2=101D00 D3=0 D4=840000F D5=842184D8 D6=842184D8 D7=102100 A0=37DBA A1=108928 A2=4ABB4 A3=108FAA A4=102100 A5=108000 A6=10BA1E PC=37DBA -- 037DBA: clr.b   ($80,A4)
D0=F0073 D1=0 D2=101D00 D3=0 D4=840000F D5=842184D8 D6=842184D8 D7=102100 A0=37DBA A1=108928 A2=4ABB4 A3=108FAA A4=102100 A5=108000 A6=10BA1E PC=37DBE -- 037DBE: moveq   #$0, D0
D0=0 D1=0 D2=101D00 D3=0 D4=840000F D5=842184D8 D6=842184D8 D7=102100 A0=37DBA A1=108928 A2=4ABB4 A3=108FAA A4=102100 A5=108000 A6=10BA1E PC=37DC0 -- 037DC0: move.b  ($131,A4), D0
D0=2 D1=0 D2=101D00 D3=0 D4=840000F D5=842184D8 D6=842184D8 D7=102100 A0=37DBA A1=108928 A2=4ABB4 A3=108FAA A4=102100 A5=108000 A6=10BA1E PC=37DC4 -- 037DC4: btst    D0, ($7df,A5)
D0=2 D1=0 D2=101D00 D3=0 D4=840000F D5=842184D8 D6=842184D8 D7=102100 A0=37DBA A1=108928 A2=4ABB4 A3=108FAA A4=102100 A5=108000 A6=10BA1E PC=37DC8 -- 037DC8: beq     $37dec
D0=2 D1=0 D2=101D00 D3=0 D4=840000F D5=842184D8 D6=842184D8 D7=102100 A0=37DBA A1=108928 A2=4ABB4 A3=108FAA A4=102100 A5=108000 A6=10BA1E PC=37DEC -- 037DEC: move.w  ($d0,A4), D0
D0=5 D1=0 D2=101D00 D3=0 D4=840000F D5=842184D8 D6=842184D8 D7=102100 A0=37DBA A1=108928 A2=4ABB4 A3=108FAA A4=102100 A5=108000 A6=10BA1E PC=37DF0 -- 037DF0: movea.l ($84,A4), A0
D0=5 D1=0 D2=101D00 D3=0 D4=840000F D5=842184D8 D6=842184D8 D7=102100 A0=108584 A1=108928 A2=4ABB4 A3=108FAA A4=102100 A5=108000 A6=10BA1E PC=37DF4 -- 037DF4: btst    D0, ($cf,A0)
D0=5 D1=0 D2=101D00 D3=0 D4=840000F D5=842184D8 D6=842184D8 D7=102100 A0=108584 A1=108928 A2=4ABB4 A3=108FAA A4=102100 A5=108000 A6=10BA1E PC=37DF8 -- 037DF8: beq     $36eac
D0=5 D1=0 D2=101D00 D3=0 D4=840000F D5=842184D8 D6=842184D8 D7=102100 A0=108584 A1=108928 A2=4ABB4 A3=108FAA A4=102100 A5=108000 A6=10BA1E PC=36EAC -- 036EAC: jsr     $48e6.w
D0=5 D1=0 D2=101D00 D3=0 D4=840000F D5=842184D8 D6=842184D8 D7=102100 A0=108584 A1=108928 A2=4ABB4 A3=108FAA A4=102100 A5=108000 A6=10BA1E PC=48E6 -- 0048E6: move.w  ($70,A4), D0
D0=1B D1=0 D2=101D00 D3=0 D4=840000F D5=842184D8 D6=842184D8 D7=102100 A0=108584 A1=108928 A2=4ABB4 A3=108FAA A4=102100 A5=108000 A6=10BA1E PC=48EA -- 0048EA: cmp.b   ($78,A4), D0
D0=1B D1=0 D2=101D00 D3=0 D4=840000F D5=842184D8 D6=842184D8 D7=102100 A0=108584 A1=108928 A2=4ABB4 A3=108FAA A4=102100 A5=108000 A6=10BA1E PC=48EE -- 0048EE: bne     $491c
D0=1B D1=0 D2=101D00 D3=0 D4=840000F D5=842184D8 D6=842184D8 D7=102100 A0=108584 A1=108928 A2=4ABB4 A3=108FAA A4=102100 A5=108000 A6=10BA1E PC=48F0 -- 0048F0: move.w  ($72,A4), D0
D0=3B D1=0 D2=101D00 D3=0 D4=840000F D5=842184D8 D6=842184D8 D7=102100 A0=108584 A1=108928 A2=4ABB4 A3=108FAA A4=102100 A5=108000 A6=10BA1E PC=48F4 -- 0048F4: cmp.b   ($79,A4), D0
D0=3B D1=0 D2=101D00 D3=0 D4=840000F D5=842184D8 D6=842184D8 D7=102100 A0=108584 A1=108928 A2=4ABB4 A3=108FAA A4=102100 A5=108000 A6=10BA1E PC=48F8 -- 0048F8: bne     $493c
D0=3B D1=0 D2=101D00 D3=0 D4=840000F D5=842184D8 D6=842184D8 D7=102100 A0=108584 A1=108928 A2=4ABB4 A3=108FAA A4=102100 A5=108000 A6=10BA1E PC=48FA -- 0048FA: tst.b   ($77,A4)
D0=3B D1=0 D2=101D00 D3=0 D4=840000F D5=842184D8 D6=842184D8 D7=102100 A0=108584 A1=108928 A2=4ABB4 A3=108FAA A4=102100 A5=108000 A6=10BA1E PC=48FE -- 0048FE: bne     $495c
D0=3B D1=0 D2=101D00 D3=0 D4=840000F D5=842184D8 D6=842184D8 D7=102100 A0=108584 A1=108928 A2=4ABB4 A3=108FAA A4=102100 A5=108000 A6=10BA1E PC=4900 -- 004900: tst.b   ($7a,A4)
D0=3B D1=0 D2=101D00 D3=0 D4=840000F D5=842184D8 D6=842184D8 D7=102100 A0=108584 A1=108928 A2=4ABB4 A3=108FAA A4=102100 A5=108000 A6=10BA1E PC=4904 -- 004904: bmi     $491a
D0=3B D1=0 D2=101D00 D3=0 D4=840000F D5=842184D8 D6=842184D8 D7=102100 A0=108584 A1=108928 A2=4ABB4 A3=108FAA A4=102100 A5=108000 A6=10BA1E PC=491A -- 00491A: rts
D0=3B D1=0 D2=101D00 D3=0 D4=840000F D5=842184D8 D6=842184D8 D7=102100 A0=108584 A1=108928 A2=4ABB4 A3=108FAA A4=102100 A5=108000 A6=10BA1E PC=36EB0 -- 036EB0: jmp     $3e2e.w
D0=3B D1=0 D2=101D00 D3=0 D4=840000F D5=842184D8 D6=842184D8 D7=102100 A0=108584 A1=108928 A2=4ABB4 A3=108FAA A4=102100 A5=108000 A6=10BA1E PC=3E2E -- 003E2E: tst.w   ($74,A4)
D0=3B D1=0 D2=101D00 D3=0 D4=840000F D5=842184D8 D6=842184D8 D7=102100 A0=108584 A1=108928 A2=4ABB4 A3=108FAA A4=102100 A5=108000 A6=10BA1E PC=3E32 -- 003E32: bmi     $3e80
D0=3B D1=0 D2=101D00 D3=0 D4=840000F D5=842184D8 D6=842184D8 D7=102100 A0=108584 A1=108928 A2=4ABB4 A3=108FAA A4=102100 A5=108000 A6=10BA1E PC=3E34 -- 003E34: btst    #$6, ($7c,A4)
D0=3B D1=0 D2=101D00 D3=0 D4=840000F D5=842184D8 D6=842184D8 D7=102100 A0=108584 A1=108928 A2=4ABB4 A3=108FAA A4=102100 A5=108000 A6=10BA1E PC=3E3A -- 003E3A: bne     $3e78
D0=3B D1=0 D2=101D00 D3=0 D4=840000F D5=842184D8 D6=842184D8 D7=102100 A0=108584 A1=108928 A2=4ABB4 A3=108FAA A4=102100 A5=108000 A6=10BA1E PC=3E3E -- 003E3E: moveq   #$0, D3
D0=3B D1=0 D2=101D00 D3=0 D4=840000F D5=842184D8 D6=842184D8 D7=102100 A0=108584 A1=108928 A2=4ABB4 A3=108FAA A4=102100 A5=108000 A6=10BA1E PC=3E40 -- 003E40: move.b  ($82,A4), D3
D0=3B D1=0 D2=101D00 D3=0 D4=840000F D5=842184D8 D6=842184D8 D7=102100 A0=108584 A1=108928 A2=4ABB4 A3=108FAA A4=102100 A5=108000 A6=10BA1E PC=3E44 -- 003E44: add.w   D3, D3
D0=3B D1=0 D2=101D00 D3=0 D4=840000F D5=842184D8 D6=842184D8 D7=102100 A0=108584 A1=108928 A2=4ABB4 A3=108FAA A4=102100 A5=108000 A6=10BA1E PC=3E46 -- 003E46: add.w   D3, D3
D0=3B D1=0 D2=101D00 D3=0 D4=840000F D5=842184D8 D6=842184D8 D7=102100 A0=108584 A1=108928 A2=4ABB4 A3=108FAA A4=102100 A5=108000 A6=10BA1E PC=3E48 -- 003E48: move.w  ($18,A4), D0
D0=90 D1=0 D2=101D00 D3=0 D4=840000F D5=842184D8 D6=842184D8 D7=102100 A0=108584 A1=108928 A2=4ABB4 A3=108FAA A4=102100 A5=108000 A6=10BA1E PC=3E4C -- 003E4C: lea     ($104c,A5), A0
D0=90 D1=0 D2=101D00 D3=0 D4=840000F D5=842184D8 D6=842184D8 D7=102100 A0=10904C A1=108928 A2=4ABB4 A3=108FAA A4=102100 A5=108000 A6=10BA1E PC=3E50 -- 003E50: sub.w   (A0,D3.w), D0
D0=90 D1=0 D2=101D00 D3=0 D4=840000F D5=842184D8 D6=842184D8 D7=102100 A0=10904C A1=108928 A2=4ABB4 A3=108FAA A4=102100 A5=108000 A6=10BA1E PC=3E54 -- 003E54: addi.w  #$30, D0
D0=C0 D1=0 D2=101D00 D3=0 D4=840000F D5=842184D8 D6=842184D8 D7=102100 A0=10904C A1=108928 A2=4ABB4 A3=108FAA A4=102100 A5=108000 A6=10BA1E PC=3E58 -- 003E58: cmpi.w  #$1a0, D0
D0=C0 D1=0 D2=101D00 D3=0 D4=840000F D5=842184D8 D6=842184D8 D7=102100 A0=10904C A1=108928 A2=4ABB4 A3=108FAA A4=102100 A5=108000 A6=10BA1E PC=3E5C -- 003E5C: bls     $3e60
D0=C0 D1=0 D2=101D00 D3=0 D4=840000F D5=842184D8 D6=842184D8 D7=102100 A0=10904C A1=108928 A2=4ABB4 A3=108FAA A4=102100 A5=108000 A6=10BA1E PC=3E60 -- 003E60: move.w  ($1c,A4), D0
D0=C8 D1=0 D2=101D00 D3=0 D4=840000F D5=842184D8 D6=842184D8 D7=102100 A0=10904C A1=108928 A2=4ABB4 A3=108FAA A4=102100 A5=108000 A6=10BA1E PC=3E64 -- 003E64: sub.w   ($20,A4), D0
D0=C8 D1=0 D2=101D00 D3=0 D4=840000F D5=842184D8 D6=842184D8 D7=102100 A0=10904C A1=108928 A2=4ABB4 A3=108FAA A4=102100 A5=108000 A6=10BA1E PC=3E68 -- 003E68: lea     ($1058,A5), A0
D0=C8 D1=0 D2=101D00 D3=0 D4=840000F D5=842184D8 D6=842184D8 D7=102100 A0=109058 A1=108928 A2=4ABB4 A3=108FAA A4=102100 A5=108000 A6=10BA1E PC=3E6C -- 003E6C: sub.w   (A0,D3.w), D0
D0=C8 D1=0 D2=101D00 D3=0 D4=840000F D5=842184D8 D6=842184D8 D7=102100 A0=109058 A1=108928 A2=4ABB4 A3=108FAA A4=102100 A5=108000 A6=10BA1E PC=3E70 -- 003E70: cmpi.w  #$1c0, D0
D0=C8 D1=0 D2=101D00 D3=0 D4=840000F D5=842184D8 D6=842184D8 D7=102100 A0=109058 A1=108928 A2=4ABB4 A3=108FAA A4=102100 A5=108000 A6=10BA1E PC=3E74 -- 003E74: bls     $3e78
D0=C8 D1=0 D2=101D00 D3=0 D4=840000F D5=842184D8 D6=842184D8 D7=102100 A0=109058 A1=108928 A2=4ABB4 A3=108FAA A4=102100 A5=108000 A6=10BA1E PC=3E78 -- 003E78: bsr     $4860
D0=C8 D1=0 D2=101D00 D3=0 D4=840000F D5=842184D8 D6=842184D8 D7=102100 A0=109058 A1=108928 A2=4ABB4 A3=108FAA A4=102100 A5=108000 A6=10BA1E PC=4860 -- 004860: lea     $7bf48.l, A0
D0=C8 D1=0 D2=101D00 D3=0 D4=840000F D5=842184D8 D6=842184D8 D7=102100 A0=7BF48 A1=108928 A2=4ABB4 A3=108FAA A4=102100 A5=108000 A6=10BA1E PC=4866 -- 004866: move.w  ($70,A4), D0
D0=1B D1=0 D2=101D00 D3=0 D4=840000F D5=842184D8 D6=842184D8 D7=102100 A0=7BF48 A1=108928 A2=4ABB4 A3=108FAA A4=102100 A5=108000 A6=10BA1E PC=486A -- 00486A: add.w   D0, D0
D0=36 D1=0 D2=101D00 D3=0 D4=840000F D5=842184D8 D6=842184D8 D7=102100 A0=7BF48 A1=108928 A2=4ABB4 A3=108FAA A4=102100 A5=108000 A6=10BA1E PC=486C -- 00486C: add.w   D0, D0
D0=6C D1=0 D2=101D00 D3=0 D4=840000F D5=842184D8 D6=842184D8 D7=102100 A0=7BF48 A1=108928 A2=4ABB4 A3=108FAA A4=102100 A5=108000 A6=10BA1E PC=486E -- 00486E: movea.l (A0,D0.w), A0
D0=6C D1=0 D2=101D00 D3=0 D4=840000F D5=842184D8 D6=842184D8 D7=102100 A0=7F5E0 A1=108928 A2=4ABB4 A3=108FAA A4=102100 A5=108000 A6=10BA1E PC=4872 -- 004872: move.w  ($72,A4), D0
D0=3B D1=0 D2=101D00 D3=0 D4=840000F D5=842184D8 D6=842184D8 D7=102100 A0=7F5E0 A1=108928 A2=4ABB4 A3=108FAA A4=102100 A5=108000 A6=10BA1E PC=4876 -- 004876: add.w   D0, D0
D0=76 D1=0 D2=101D00 D3=0 D4=840000F D5=842184D8 D6=842184D8 D7=102100 A0=7F5E0 A1=108928 A2=4ABB4 A3=108FAA A4=102100 A5=108000 A6=10BA1E PC=4878 -- 004878: move.w  (A0,D0.w), D1
D0=76 D1=3B3B D2=101D00 D3=0 D4=840000F D5=842184D8 D6=842184D8 D7=102100 A0=7F5E0 A1=108928 A2=4ABB4 A3=108FAA A4=102100 A5=108000 A6=10BA1E PC=487C -- 00487C: move.w  D1, ($46de,A5)
D0=76 D1=3B3B D2=101D00 D3=0 D4=840000F D5=842184D8 D6=842184D8 D7=102100 A0=7F5E0 A1=108928 A2=4ABB4 A3=108FAA A4=102100 A5=108000 A6=10BA1E PC=4880 -- 004880: lea     $80000.l, A0
D0=76 D1=3B3B D2=101D00 D3=0 D4=840000F D5=842184D8 D6=842184D8 D7=102100 A0=80000 A1=108928 A2=4ABB4 A3=108FAA A4=102100 A5=108000 A6=10BA1E PC=4886 -- 004886: move.w  ($70,A4), D0
D0=1B D1=3B3B D2=101D00 D3=0 D4=840000F D5=842184D8 D6=842184D8 D7=102100 A0=80000 A1=108928 A2=4ABB4 A3=108FAA A4=102100 A5=108000 A6=10BA1E PC=488A -- 00488A: add.w   D0, D0
D0=36 D1=3B3B D2=101D00 D3=0 D4=840000F D5=842184D8 D6=842184D8 D7=102100 A0=80000 A1=108928 A2=4ABB4 A3=108FAA A4=102100 A5=108000 A6=10BA1E PC=488C -- 00488C: add.w   D0, D0
D0=6C D1=3B3B D2=101D00 D3=0 D4=840000F D5=842184D8 D6=842184D8 D7=102100 A0=80000 A1=108928 A2=4ABB4 A3=108FAA A4=102100 A5=108000 A6=10BA1E PC=488E -- 00488E: movea.l (A0,D0.w), A0
D0=6C D1=3B3B D2=101D00 D3=0 D4=840000F D5=842184D8 D6=842184D8 D7=102100 A0=86E00 A1=108928 A2=4ABB4 A3=108FAA A4=102100 A5=108000 A6=10BA1E PC=4892 -- 004892: move.w  ($46de,A5), D0
D0=3B3B D1=3B3B D2=101D00 D3=0 D4=840000F D5=842184D8 D6=842184D8 D7=102100 A0=86E00 A1=108928 A2=4ABB4 A3=108FAA A4=102100 A5=108000 A6=10BA1E PC=4896 -- 004896: tst.b   ($46e2,A5)
D0=3B3B D1=3B3B D2=101D00 D3=0 D4=840000F D5=842184D8 D6=842184D8 D7=102100 A0=86E00 A1=108928 A2=4ABB4 A3=108FAA A4=102100 A5=108000 A6=10BA1E PC=489A -- 00489A: beq     $48a0
D0=3B3B D1=3B3B D2=101D00 D3=0 D4=840000F D5=842184D8 D6=842184D8 D7=102100 A0=86E00 A1=108928 A2=4ABB4 A3=108FAA A4=102100 A5=108000 A6=10BA1E PC=48A0 -- 0048A0: andi.w  #$ff, D0
D0=3B D1=3B3B D2=101D00 D3=0 D4=840000F D5=842184D8 D6=842184D8 D7=102100 A0=86E00 A1=108928 A2=4ABB4 A3=108FAA A4=102100 A5=108000 A6=10BA1E PC=48A4 -- 0048A4: add.w   D0, D0
D0=76 D1=3B3B D2=101D00 D3=0 D4=840000F D5=842184D8 D6=842184D8 D7=102100 A0=86E00 A1=108928 A2=4ABB4 A3=108FAA A4=102100 A5=108000 A6=10BA1E PC=48A6 -- 0048A6: add.w   D0, D0
D0=EC D1=3B3B D2=101D00 D3=0 D4=840000F D5=842184D8 D6=842184D8 D7=102100 A0=86E00 A1=108928 A2=4ABB4 A3=108FAA A4=102100 A5=108000 A6=10BA1E PC=48A8 -- 0048A8: movea.l (A0,D0.w), A0
D0=EC D1=3B3B D2=101D00 D3=0 D4=840000F D5=842184D8 D6=842184D8 D7=102100 A0=F312A A1=108928 A2=4ABB4 A3=108FAA A4=102100 A5=108000 A6=10BA1E PC=48AC -- 0048AC: move.w  ($74,A4), D0
D0=0 D1=3B3B D2=101D00 D3=0 D4=840000F D5=842184D8 D6=842184D8 D7=102100 A0=F312A A1=108928 A2=4ABB4 A3=108FAA A4=102100 A5=108000 A6=10BA1E PC=48B0 -- 0048B0: adda.w  D0, A0
D0=0 D1=3B3B D2=101D00 D3=0 D4=840000F D5=842184D8 D6=842184D8 D7=102100 A0=F312A A1=108928 A2=4ABB4 A3=108FAA A4=102100 A5=108000 A6=10BA1E PC=48B2 -- 0048B2: move.l  (A0), D0
D0=10F1122 D1=3B3B D2=101D00 D3=0 D4=840000F D5=842184D8 D6=842184D8 D7=102100 A0=F312A A1=108928 A2=4ABB4 A3=108FAA A4=102100 A5=108000 A6=10BA1E PC=48B4 -- 0048B4: andi.l  #$ffffff, D0
D0=F1122 D1=3B3B D2=101D00 D3=0 D4=840000F D5=842184D8 D6=842184D8 D7=102100 A0=F312A A1=108928 A2=4ABB4 A3=108FAA A4=102100 A5=108000 A6=10BA1E PC=48BA -- 0048BA: movea.l D0, A0
D0=F1122 D1=3B3B D2=101D00 D3=0 D4=840000F D5=842184D8 D6=842184D8 D7=102100 A0=F1122 A1=108928 A2=4ABB4 A3=108FAA A4=102100 A5=108000 A6=10BA1E PC=48BC -- 0048BC: move.w  ($4,A0), D0
D0=F0076 D1=3B3B D2=101D00 D3=0 D4=840000F D5=842184D8 D6=842184D8 D7=102100 A0=F1122 A1=108928 A2=4ABB4 A3=108FAA A4=102100 A5=108000 A6=10BA1E PC=48C0 -- 0048C0: andi.w  #$1fff, D0
D0=F0076 D1=3B3B D2=101D00 D3=0 D4=840000F D5=842184D8 D6=842184D8 D7=102100 A0=F1122 A1=108928 A2=4ABB4 A3=108FAA A4=102100 A5=108000 A6=10BA1E PC=48C4 -- 0048C4: move.w  D0, ($46e0,A5)
D0=F0076 D1=3B3B D2=101D00 D3=0 D4=840000F D5=842184D8 D6=842184D8 D7=102100 A0=F1122 A1=108928 A2=4ABB4 A3=108FAA A4=102100 A5=108000 A6=10BA1E PC=48C8 -- 0048C8: lea     $80080.l, A0
D0=F0076 D1=3B3B D2=101D00 D3=0 D4=840000F D5=842184D8 D6=842184D8 D7=102100 A0=80080 A1=108928 A2=4ABB4 A3=108FAA A4=102100 A5=108000 A6=10BA1E PC=48CE -- 0048CE: move.w  ($70,A4), D1
D0=F0076 D1=1B D2=101D00 D3=0 D4=840000F D5=842184D8 D6=842184D8 D7=102100 A0=80080 A1=108928 A2=4ABB4 A3=108FAA A4=102100 A5=108000 A6=10BA1E PC=48D2 -- 0048D2: add.w   D1, D1
D0=F0076 D1=36 D2=101D00 D3=0 D4=840000F D5=842184D8 D6=842184D8 D7=102100 A0=80080 A1=108928 A2=4ABB4 A3=108FAA A4=102100 A5=108000 A6=10BA1E PC=48D4 -- 0048D4: add.w   D1, D1
D0=F0076 D1=6C D2=101D00 D3=0 D4=840000F D5=842184D8 D6=842184D8 D7=102100 A0=80080 A1=108928 A2=4ABB4 A3=108FAA A4=102100 A5=108000 A6=10BA1E PC=48D6 -- 0048D6: movea.l (A0,D1.w), A0
D0=F0076 D1=6C D2=101D00 D3=0 D4=840000F D5=842184D8 D6=842184D8 D7=102100 A0=95200 A1=108928 A2=4ABB4 A3=108FAA A4=102100 A5=108000 A6=10BA1E PC=48DA -- 0048DA: add.w   D0, D0
D0=F00EC D1=6C D2=101D00 D3=0 D4=840000F D5=842184D8 D6=842184D8 D7=102100 A0=95200 A1=108928 A2=4ABB4 A3=108FAA A4=102100 A5=108000 A6=10BA1E PC=48DC -- 0048DC: add.w   D0, D0
D0=F01D8 D1=6C D2=101D00 D3=0 D4=840000F D5=842184D8 D6=842184D8 D7=102100 A0=95200 A1=108928 A2=4ABB4 A3=108FAA A4=102100 A5=108000 A6=10BA1E PC=48DE -- 0048DE: move.l  (A0,D0.w), ($28,A4)
D0=F01D8 D1=6C D2=101D00 D3=0 D4=840000F D5=842184D8 D6=842184D8 D7=102100 A0=95200 A1=108928 A2=4ABB4 A3=108FAA A4=102100 A5=108000 A6=10BA1E PC=48E4 -- 0048E4: rts
D0=F01D8 D1=6C D2=101D00 D3=0 D4=840000F D5=842184D8 D6=842184D8 D7=102100 A0=95200 A1=108928 A2=4ABB4 A3=108FAA A4=102100 A5=108000 A6=10BA1E PC=3E7C -- 003E7C: bra     $481a
D0=F01D8 D1=6C D2=101D00 D3=0 D4=840000F D5=842184D8 D6=842184D8 D7=102100 A0=95200 A1=108928 A2=4ABB4 A3=108FAA A4=102100 A5=108000 A6=10BA1E PC=481A -- 00481A: addq.w  #1, ($e3a,A5)
D0=F01D8 D1=6C D2=101D00 D3=0 D4=840000F D5=842184D8 D6=842184D8 D7=102100 A0=95200 A1=108928 A2=4ABB4 A3=108FAA A4=102100 A5=108000 A6=10BA1E PC=481E -- 00481E: lea     ($838,A5), A1
D0=F01D8 D1=6C D2=101D00 D3=0 D4=840000F D5=842184D8 D6=842184D8 D7=102100 A0=95200 A1=108838 A2=4ABB4 A3=108FAA A4=102100 A5=108000 A6=10BA1E PC=4822 -- 004822: move.w  ($2c,A4), D0
D0=F0073 D1=6C D2=101D00 D3=0 D4=840000F D5=842184D8 D6=842184D8 D7=102100 A0=95200 A1=108838 A2=4ABB4 A3=108FAA A4=102100 A5=108000 A6=10BA1E PC=4826 -- 004826: move.w  D0, D1
D0=F0073 D1=73 D2=101D00 D3=0 D4=840000F D5=842184D8 D6=842184D8 D7=102100 A0=95200 A1=108838 A2=4ABB4 A3=108FAA A4=102100 A5=108000 A6=10BA1E PC=4828 -- 004828: add.w   D1, D1
D0=F0073 D1=E6 D2=101D00 D3=0 D4=840000F D5=842184D8 D6=842184D8 D7=102100 A0=95200 A1=108838 A2=4ABB4 A3=108FAA A4=102100 A5=108000 A6=10BA1E PC=482A -- 00482A: adda.w  D1, A1
D0=F0073 D1=E6 D2=101D00 D3=0 D4=840000F D5=842184D8 D6=842184D8 D7=102100 A0=95200 A1=10891E A2=4ABB4 A3=108FAA A4=102100 A5=108000 A6=10BA1E PC=482C -- 00482C: cmp.w   ($e38,A5), D1
D0=F0073 D1=E6 D2=101D00 D3=0 D4=840000F D5=842184D8 D6=842184D8 D7=102100 A0=95200 A1=10891E A2=4ABB4 A3=108FAA A4=102100 A5=108000 A6=10BA1E PC=4830 -- 004830: bhi     $4836
D0=F0073 D1=E6 D2=101D00 D3=0 D4=840000F D5=842184D8 D6=842184D8 D7=102100 A0=95200 A1=10891E A2=4ABB4 A3=108FAA A4=102100 A5=108000 A6=10BA1E PC=4836 -- 004836: move.w  (A1)+, D1
D0=F0073 D1=1700 D2=101D00 D3=0 D4=840000F D5=842184D8 D6=842184D8 D7=102100 A0=95200 A1=108920 A2=4ABB4 A3=108FAA A4=102100 A5=108000 A6=10BA1E PC=4838 -- 004838: beq     $485a
D0=F0073 D1=1700 D2=101D00 D3=0 D4=840000F D5=842184D8 D6=842184D8 D7=102100 A0=95200 A1=108920 A2=4ABB4 A3=108FAA A4=102100 A5=108000 A6=10BA1E PC=483A -- 00483A: move.l  #$100000, D2
D0=F0073 D1=1700 D2=100000 D3=0 D4=840000F D5=842184D8 D6=842184D8 D7=102100 A0=95200 A1=108920 A2=4ABB4 A3=108FAA A4=102100 A5=108000 A6=10BA1E PC=4840 -- 004840: move.w  D1, D2
D0=F0073 D1=1700 D2=101700 D3=0 D4=840000F D5=842184D8 D6=842184D8 D7=102100 A0=95200 A1=108920 A2=4ABB4 A3=108FAA A4=102100 A5=108000 A6=10BA1E PC=4842 -- 004842: movea.l D2, A0
D0=F0073 D1=1700 D2=101700 D3=0 D4=840000F D5=842184D8 D6=842184D8 D7=102100 A0=101700 A1=108920 A2=4ABB4 A3=108FAA A4=102100 A5=108000 A6=10BA1E PC=4844 -- 004844: cmp.w   ($2c,A0), D0
D0=F0073 D1=1700 D2=101700 D3=0 D4=840000F D5=842184D8 D6=842184D8 D7=102100 A0=101700 A1=108920 A2=4ABB4 A3=108FAA A4=102100 A5=108000 A6=10BA1E PC=4848 -- 004848: bcc     $4836
D0=F0073 D1=1700 D2=101700 D3=0 D4=840000F D5=842184D8 D6=842184D8 D7=102100 A0=101700 A1=108920 A2=4ABB4 A3=108FAA A4=102100 A5=108000 A6=10BA1E PC=4836 -- 004836: move.w  (A1)+, D1
D0=F0073 D1=1900 D2=101700 D3=0 D4=840000F D5=842184D8 D6=842184D8 D7=102100 A0=101700 A1=108922 A2=4ABB4 A3=108FAA A4=102100 A5=108000 A6=10BA1E PC=4838 -- 004838: beq     $485a
D0=F0073 D1=1900 D2=101700 D3=0 D4=840000F D5=842184D8 D6=842184D8 D7=102100 A0=101700 A1=108922 A2=4ABB4 A3=108FAA A4=102100 A5=108000 A6=10BA1E PC=483A -- 00483A: move.l  #$100000, D2
D0=F0073 D1=1900 D2=100000 D3=0 D4=840000F D5=842184D8 D6=842184D8 D7=102100 A0=101700 A1=108922 A2=4ABB4 A3=108FAA A4=102100 A5=108000 A6=10BA1E PC=4840 -- 004840: move.w  D1, D2
D0=F0073 D1=1900 D2=101900 D3=0 D4=840000F D5=842184D8 D6=842184D8 D7=102100 A0=101700 A1=108922 A2=4ABB4 A3=108FAA A4=102100 A5=108000 A6=10BA1E PC=4842 -- 004842: movea.l D2, A0
D0=F0073 D1=1900 D2=101900 D3=0 D4=840000F D5=842184D8 D6=842184D8 D7=102100 A0=101900 A1=108922 A2=4ABB4 A3=108FAA A4=102100 A5=108000 A6=10BA1E PC=4844 -- 004844: cmp.w   ($2c,A0), D0
D0=F0073 D1=1900 D2=101900 D3=0 D4=840000F D5=842184D8 D6=842184D8 D7=102100 A0=101900 A1=108922 A2=4ABB4 A3=108FAA A4=102100 A5=108000 A6=10BA1E PC=4848 -- 004848: bcc     $4836

   (loops for 28 instructions)

D0=F0073 D1=8100 D2=108100 D3=0 D4=840000F D5=842184D8 D6=842184D8 D7=102100 A0=108100 A1=10892A A2=4ABB4 A3=108FAA A4=102100 A5=108000 A6=10BA1E PC=484A -- 00484A: move.w  A4, (-$2,A1)
D0=F0073 D1=8100 D2=108100 D3=0 D4=840000F D5=842184D8 D6=842184D8 D7=102100 A0=108100 A1=10892A A2=4ABB4 A3=108FAA A4=102100 A5=108000 A6=10BA1E PC=484E -- 00484E: move.w  (A1)+, D0
D0=F8300 D1=8100 D2=108100 D3=0 D4=840000F D5=842184D8 D6=842184D8 D7=102100 A0=108100 A1=10892C A2=4ABB4 A3=108FAA A4=102100 A5=108000 A6=10BA1E PC=4850 -- 004850: move.w  D1, (-$2,A1)
D0=F8300 D1=8100 D2=108100 D3=0 D4=840000F D5=842184D8 D6=842184D8 D7=102100 A0=108100 A1=10892C A2=4ABB4 A3=108FAA A4=102100 A5=108000 A6=10BA1E PC=4854 -- 004854: move.w  D0, D1
D0=F8300 D1=8300 D2=108100 D3=0 D4=840000F D5=842184D8 D6=842184D8 D7=102100 A0=108100 A1=10892C A2=4ABB4 A3=108FAA A4=102100 A5=108000 A6=10BA1E PC=4856 -- 004856: bne     $484e
D0=F8300 D1=8300 D2=108100 D3=0 D4=840000F D5=842184D8 D6=842184D8 D7=102100 A0=108100 A1=10892C A2=4ABB4 A3=108FAA A4=102100 A5=108000 A6=10BA1E PC=484E -- 00484E: move.w  (A1)+, D0
D0=F0000 D1=8300 D2=108100 D3=0 D4=840000F D5=842184D8 D6=842184D8 D7=102100 A0=108100 A1=10892E A2=4ABB4 A3=108FAA A4=102100 A5=108000 A6=10BA1E PC=4850 -- 004850: move.w  D1, (-$2,A1)
D0=F0000 D1=8300 D2=108100 D3=0 D4=840000F D5=842184D8 D6=842184D8 D7=102100 A0=108100 A1=10892E A2=4ABB4 A3=108FAA A4=102100 A5=108000 A6=10BA1E PC=4854 -- 004854: move.w  D0, D1
D0=F0000 D1=0 D2=108100 D3=0 D4=840000F D5=842184D8 D6=842184D8 D7=102100 A0=108100 A1=10892E A2=4ABB4 A3=108FAA A4=102100 A5=108000 A6=10BA1E PC=4856 -- 004856: bne     $484e
D0=F0000 D1=0 D2=108100 D3=0 D4=840000F D5=842184D8 D6=842184D8 D7=102100 A0=108100 A1=10892E A2=4ABB4 A3=108FAA A4=102100 A5=108000 A6=10BA1E PC=4858 -- 004858: rts
D0=F0000 D1=0 D2=108100 D3=0 D4=840000F D5=842184D8 D6=842184D8 D7=102100 A0=108100 A1=10892E A2=4ABB4 A3=108FAA A4=102100 A5=108000 A6=10BA1E PC=32B3C -- 032B3C: move.l  A4, D7
D0=F0000 D1=0 D2=108100 D3=0 D4=840000F D5=842184D8 D6=842184D8 D7=102100 A0=108100 A1=10892E A2=4ABB4 A3=108FAA A4=102100 A5=108000 A6=10BA1E PC=32B3E -- 032B3E: move.w  ($4,A4), D7
D0=F0000 D1=0 D2=108100 D3=0 D4=840000F D5=842184D8 D6=842184D8 D7=102300 A0=108100 A1=10892E A2=4ABB4 A3=108FAA A4=102100 A5=108000 A6=10BA1E PC=32B42 -- 032B42: bpl     $32b36
D0=F0000 D1=0 D2=108100 D3=0 D4=840000F D5=842184D8 D6=842184D8 D7=102300 A0=108100 A1=10892E A2=4ABB4 A3=108FAA A4=102100 A5=108000 A6=10BA1E PC=32B36 -- 032B36: movea.l D7, A4
D0=F0000 D1=0 D2=108100 D3=0 D4=840000F D5=842184D8 D6=842184D8 D7=102300 A0=108100 A1=10892E A2=4ABB4 A3=108FAA A4=102300 A5=108000 A6=10BA1E PC=32B38 -- 032B38: movea.l (A4), A0
D0=F0000 D1=0 D2=108100 D3=0 D4=840000F D5=842184D8 D6=842184D8 D7=102300 A0=37DBA A1=10892E A2=4ABB4 A3=108FAA A4=102300 A5=108000 A6=10BA1E PC=32B3A -- 032B3A: jsr     (A0)
D0=F0000 D1=0 D2=108100 D3=0 D4=840000F D5=842184D8 D6=842184D8 D7=102300 A0=37DBA A1=10892E A2=4ABB4 A3=108FAA A4=102300 A5=108000 A6=10BA1E PC=37DBA -- 037DBA: clr.b   ($80,A4)
D0=F0000 D1=0 D2=108100 D3=0 D4=840000F D5=842184D8 D6=842184D8 D7=102300 A0=37DBA A1=10892E A2=4ABB4 A3=108FAA A4=102300 A5=108000 A6=10BA1E PC=37DBE -- 037DBE: moveq   #$0, D0
D0=0 D1=0 D2=108100 D3=0 D4=840000F D5=842184D8 D6=842184D8 D7=102300 A0=37DBA A1=10892E A2=4ABB4 A3=108FAA A4=102300 A5=108000 A6=10BA1E PC=37DC0 -- 037DC0: move.b  ($131,A4), D0
D0=1 D1=0 D2=108100 D3=0 D4=840000F D5=842184D8 D6=842184D8 D7=102300 A0=37DBA A1=10892E A2=4ABB4 A3=108FAA A4=102300 A5=108000 A6=10BA1E PC=37DC4 -- 037DC4: btst    D0, ($7df,A5)
D0=1 D1=0 D2=108100 D3=0 D4=840000F D5=842184D8 D6=842184D8 D7=102300 A0=37DBA A1=10892E A2=4ABB4 A3=108FAA A4=102300 A5=108000 A6=10BA1E PC=37DC8 -- 037DC8: beq     $37dec
D0=1 D1=0 D2=108100 D3=0 D4=840000F D5=842184D8 D6=842184D8 D7=102300 A0=37DBA A1=10892E A2=4ABB4 A3=108FAA A4=102300 A5=108000 A6=10BA1E PC=37DEC -- 037DEC: move.w  ($d0,A4), D0
D0=5 D1=0 D2=108100 D3=0 D4=840000F D5=842184D8 D6=842184D8 D7=102300 A0=37DBA A1=10892E A2=4ABB4 A3=108FAA A4=102300 A5=108000 A6=10BA1E PC=37DF0 -- 037DF0: movea.l ($84,A4), A0
D0=5 D1=0 D2=108100 D3=0 D4=840000F D5=842184D8 D6=842184D8 D7=102300 A0=108584 A1=10892E A2=4ABB4 A3=108FAA A4=102300 A5=108000 A6=10BA1E PC=37DF4 -- 037DF4: btst    D0, ($cf,A0)
D0=5 D1=0 D2=108100 D3=0 D4=840000F D5=842184D8 D6=842184D8 D7=102300 A0=108584 A1=10892E A2=4ABB4 A3=108FAA A4=102300 A5=108000 A6=10BA1E PC=37DF8 -- 037DF8: beq     $36eac
D0=5 D1=0 D2=108100 D3=0 D4=840000F D5=842184D8 D6=842184D8 D7=102300 A0=108584 A1=10892E A2=4ABB4 A3=108FAA A4=102300 A5=108000 A6=10BA1E PC=36EAC -- 036EAC: jsr     $48e6.w
D0=5 D1=0 D2=108100 D3=0 D4=840000F D5=842184D8 D6=842184D8 D7=102300 A0=108584 A1=10892E A2=4ABB4 A3=108FAA A4=102300 A5=108000 A6=10BA1E PC=48E6 -- 0048E6: move.w  ($70,A4), D0
D0=1B D1=0 D2=108100 D3=0 D4=840000F D5=842184D8 D6=842184D8 D7=102300 A0=108584 A1=10892E A2=4ABB4 A3=108FAA A4=102300 A5=108000 A6=10BA1E PC=48EA -- 0048EA: cmp.b   ($78,A4), D0
D0=1B D1=0 D2=108100 D3=0 D4=840000F D5=842184D8 D6=842184D8 D7=102300 A0=108584 A1=10892E A2=4ABB4 A3=108FAA A4=102300 A5=108000 A6=10BA1E PC=48EE -- 0048EE: bne     $491c
D0=1B D1=0 D2=108100 D3=0 D4=840000F D5=842184D8 D6=842184D8 D7=102300 A0=108584 A1=10892E A2=4ABB4 A3=108FAA A4=102300 A5=108000 A6=10BA1E PC=48F0 -- 0048F0: move.w  ($72,A4), D0
D0=3A D1=0 D2=108100 D3=0 D4=840000F D5=842184D8 D6=842184D8 D7=102300 A0=108584 A1=10892E A2=4ABB4 A3=108FAA A4=102300 A5=108000 A6=10BA1E PC=48F4 -- 0048F4: cmp.b   ($79,A4), D0
D0=3A D1=0 D2=108100 D3=0 D4=840000F D5=842184D8 D6=842184D8 D7=102300 A0=108584 A1=10892E A2=4ABB4 A3=108FAA A4=102300 A5=108000 A6=10BA1E PC=48F8 -- 0048F8: bne     $493c
D0=3A D1=0 D2=108100 D3=0 D4=840000F D5=842184D8 D6=842184D8 D7=102300 A0=108584 A1=10892E A2=4ABB4 A3=108FAA A4=102300 A5=108000 A6=10BA1E PC=48FA -- 0048FA: tst.b   ($77,A4)
D0=3A D1=0 D2=108100 D3=0 D4=840000F D5=842184D8 D6=842184D8 D7=102300 A0=108584 A1=10892E A2=4ABB4 A3=108FAA A4=102300 A5=108000 A6=10BA1E PC=48FE -- 0048FE: bne     $495c
D0=3A D1=0 D2=108100 D3=0 D4=840000F D5=842184D8 D6=842184D8 D7=102300 A0=108584 A1=10892E A2=4ABB4 A3=108FAA A4=102300 A5=108000 A6=10BA1E PC=4900 -- 004900: tst.b   ($7a,A4)
D0=3A D1=0 D2=108100 D3=0 D4=840000F D5=842184D8 D6=842184D8 D7=102300 A0=108584 A1=10892E A2=4ABB4 A3=108FAA A4=102300 A5=108000 A6=10BA1E PC=4904 -- 004904: bmi     $491a
D0=3A D1=0 D2=108100 D3=0 D4=840000F D5=842184D8 D6=842184D8 D7=102300 A0=108584 A1=10892E A2=4ABB4 A3=108FAA A4=102300 A5=108000 A6=10BA1E PC=491A -- 00491A: rts
D0=3A D1=0 D2=108100 D3=0 D4=840000F D5=842184D8 D6=842184D8 D7=102300 A0=108584 A1=10892E A2=4ABB4 A3=108FAA A4=102300 A5=108000 A6=10BA1E PC=36EB0 -- 036EB0: jmp     $3e2e.w
D0=3A D1=0 D2=108100 D3=0 D4=840000F D5=842184D8 D6=842184D8 D7=102300 A0=108584 A1=10892E A2=4ABB4 A3=108FAA A4=102300 A5=108000 A6=10BA1E PC=3E2E -- 003E2E: tst.w   ($74,A4)
D0=3A D1=0 D2=108100 D3=0 D4=840000F D5=842184D8 D6=842184D8 D7=102300 A0=108584 A1=10892E A2=4ABB4 A3=108FAA A4=102300 A5=108000 A6=10BA1E PC=3E32 -- 003E32: bmi     $3e80
D0=3A D1=0 D2=108100 D3=0 D4=840000F D5=842184D8 D6=842184D8 D7=102300 A0=108584 A1=10892E A2=4ABB4 A3=108FAA A4=102300 A5=108000 A6=10BA1E PC=3E34 -- 003E34: btst    #$6, ($7c,A4)
D0=3A D1=0 D2=108100 D3=0 D4=840000F D5=842184D8 D6=842184D8 D7=102300 A0=108584 A1=10892E A2=4ABB4 A3=108FAA A4=102300 A5=108000 A6=10BA1E PC=3E3A -- 003E3A: bne     $3e78
D0=3A D1=0 D2=108100 D3=0 D4=840000F D5=842184D8 D6=842184D8 D7=102300 A0=108584 A1=10892E A2=4ABB4 A3=108FAA A4=102300 A5=108000 A6=10BA1E PC=3E3E -- 003E3E: moveq   #$0, D3
D0=3A D1=0 D2=108100 D3=0 D4=840000F D5=842184D8 D6=842184D8 D7=102300 A0=108584 A1=10892E A2=4ABB4 A3=108FAA A4=102300 A5=108000 A6=10BA1E PC=3E40 -- 003E40: move.b  ($82,A4), D3
D0=3A D1=0 D2=108100 D3=0 D4=840000F D5=842184D8 D6=842184D8 D7=102300 A0=108584 A1=10892E A2=4ABB4 A3=108FAA A4=102300 A5=108000 A6=10BA1E PC=3E44 -- 003E44: add.w   D3, D3
D0=3A D1=0 D2=108100 D3=0 D4=840000F D5=842184D8 D6=842184D8 D7=102300 A0=108584 A1=10892E A2=4ABB4 A3=108FAA A4=102300 A5=108000 A6=10BA1E PC=3E46 -- 003E46: add.w   D3, D3
D0=3A D1=0 D2=108100 D3=0 D4=840000F D5=842184D8 D6=842184D8 D7=102300 A0=108584 A1=10892E A2=4ABB4 A3=108FAA A4=102300 A5=108000 A6=10BA1E PC=3E48 -- 003E48: move.w  ($18,A4), D0
D0=90 D1=0 D2=108100 D3=0 D4=840000F D5=842184D8 D6=842184D8 D7=102300 A0=108584 A1=10892E A2=4ABB4 A3=108FAA A4=102300 A5=108000 A6=10BA1E PC=3E4C -- 003E4C: lea     ($104c,A5), A0
D0=90 D1=0 D2=108100 D3=0 D4=840000F D5=842184D8 D6=842184D8 D7=102300 A0=10904C A1=10892E A2=4ABB4 A3=108FAA A4=102300 A5=108000 A6=10BA1E PC=3E50 -- 003E50: sub.w   (A0,D3.w), D0
D0=90 D1=0 D2=108100 D3=0 D4=840000F D5=842184D8 D6=842184D8 D7=102300 A0=10904C A1=10892E A2=4ABB4 A3=108FAA A4=102300 A5=108000 A6=10BA1E PC=3E54 -- 003E54: addi.w  #$30, D0
D0=C0 D1=0 D2=108100 D3=0 D4=840000F D5=842184D8 D6=842184D8 D7=102300 A0=10904C A1=10892E A2=4ABB4 A3=108FAA A4=102300 A5=108000 A6=10BA1E PC=3E58 -- 003E58: cmpi.w  #$1a0, D0
D0=C0 D1=0 D2=108100 D3=0 D4=840000F D5=842184D8 D6=842184D8 D7=102300 A0=10904C A1=10892E A2=4ABB4 A3=108FAA A4=102300 A5=108000 A6=10BA1E PC=3E5C -- 003E5C: bls     $3e60
D0=C0 D1=0 D2=108100 D3=0 D4=840000F D5=842184D8 D6=842184D8 D7=102300 A0=10904C A1=10892E A2=4ABB4 A3=108FAA A4=102300 A5=108000 A6=10BA1E PC=3E60 -- 003E60: move.w  ($1c,A4), D0
D0=C8 D1=0 D2=108100 D3=0 D4=840000F D5=842184D8 D6=842184D8 D7=102300 A0=10904C A1=10892E A2=4ABB4 A3=108FAA A4=102300 A5=108000 A6=10BA1E PC=3E64 -- 003E64: sub.w   ($20,A4), D0
D0=C8 D1=0 D2=108100 D3=0 D4=840000F D5=842184D8 D6=842184D8 D7=102300 A0=10904C A1=10892E A2=4ABB4 A3=108FAA A4=102300 A5=108000 A6=10BA1E PC=3E68 -- 003E68: lea     ($1058,A5), A0
D0=C8 D1=0 D2=108100 D3=0 D4=840000F D5=842184D8 D6=842184D8 D7=102300 A0=109058 A1=10892E A2=4ABB4 A3=108FAA A4=102300 A5=108000 A6=10BA1E PC=3E6C -- 003E6C: sub.w   (A0,D3.w), D0
D0=C8 D1=0 D2=108100 D3=0 D4=840000F D5=842184D8 D6=842184D8 D7=102300 A0=109058 A1=10892E A2=4ABB4 A3=108FAA A4=102300 A5=108000 A6=10BA1E PC=3E70 -- 003E70: cmpi.w  #$1c0, D0
D0=C8 D1=0 D2=108100 D3=0 D4=840000F D5=842184D8 D6=842184D8 D7=102300 A0=109058 A1=10892E A2=4ABB4 A3=108FAA A4=102300 A5=108000 A6=10BA1E PC=3E74 -- 003E74: bls     $3e78
D0=C8 D1=0 D2=108100 D3=0 D4=840000F D5=842184D8 D6=842184D8 D7=102300 A0=109058 A1=10892E A2=4ABB4 A3=108FAA A4=102300 A5=108000 A6=10BA1E PC=3E78 -- 003E78: bsr     $4860
D0=C8 D1=0 D2=108100 D3=0 D4=840000F D5=842184D8 D6=842184D8 D7=102300 A0=109058 A1=10892E A2=4ABB4 A3=108FAA A4=102300 A5=108000 A6=10BA1E PC=4860 -- 004860: lea     $7bf48.l, A0
D0=C8 D1=0 D2=108100 D3=0 D4=840000F D5=842184D8 D6=842184D8 D7=102300 A0=7BF48 A1=10892E A2=4ABB4 A3=108FAA A4=102300 A5=108000 A6=10BA1E PC=4866 -- 004866: move.w  ($70,A4), D0
D0=1B D1=0 D2=108100 D3=0 D4=840000F D5=842184D8 D6=842184D8 D7=102300 A0=7BF48 A1=10892E A2=4ABB4 A3=108FAA A4=102300 A5=108000 A6=10BA1E PC=486A -- 00486A: add.w   D0, D0
D0=36 D1=0 D2=108100 D3=0 D4=840000F D5=842184D8 D6=842184D8 D7=102300 A0=7BF48 A1=10892E A2=4ABB4 A3=108FAA A4=102300 A5=108000 A6=10BA1E PC=486C -- 00486C: add.w   D0, D0
D0=6C D1=0 D2=108100 D3=0 D4=840000F D5=842184D8 D6=842184D8 D7=102300 A0=7BF48 A1=10892E A2=4ABB4 A3=108FAA A4=102300 A5=108000 A6=10BA1E PC=486E -- 00486E: movea.l (A0,D0.w), A0
D0=6C D1=0 D2=108100 D3=0 D4=840000F D5=842184D8 D6=842184D8 D7=102300 A0=7F5E0 A1=10892E A2=4ABB4 A3=108FAA A4=102300 A5=108000 A6=10BA1E PC=4872 -- 004872: move.w  ($72,A4), D0
D0=3A D1=0 D2=108100 D3=0 D4=840000F D5=842184D8 D6=842184D8 D7=102300 A0=7F5E0 A1=10892E A2=4ABB4 A3=108FAA A4=102300 A5=108000 A6=10BA1E PC=4876 -- 004876: add.w   D0, D0
D0=74 D1=0 D2=108100 D3=0 D4=840000F D5=842184D8 D6=842184D8 D7=102300 A0=7F5E0 A1=10892E A2=4ABB4 A3=108FAA A4=102300 A5=108000 A6=10BA1E PC=4878 -- 004878: move.w  (A0,D0.w), D1
D0=74 D1=3A3A D2=108100 D3=0 D4=840000F D5=842184D8 D6=842184D8 D7=102300 A0=7F5E0 A1=10892E A2=4ABB4 A3=108FAA A4=102300 A5=108000 A6=10BA1E PC=487C -- 00487C: move.w  D1, ($46de,A5)
D0=74 D1=3A3A D2=108100 D3=0 D4=840000F D5=842184D8 D6=842184D8 D7=102300 A0=7F5E0 A1=10892E A2=4ABB4 A3=108FAA A4=102300 A5=108000 A6=10BA1E PC=4880 -- 004880: lea     $80000.l, A0
D0=74 D1=3A3A D2=108100 D3=0 D4=840000F D5=842184D8 D6=842184D8 D7=102300 A0=80000 A1=10892E A2=4ABB4 A3=108FAA A4=102300 A5=108000 A6=10BA1E PC=4886 -- 004886: move.w  ($70,A4), D0
D0=1B D1=3A3A D2=108100 D3=0 D4=840000F D5=842184D8 D6=842184D8 D7=102300 A0=80000 A1=10892E A2=4ABB4 A3=108FAA A4=102300 A5=108000 A6=10BA1E PC=488A -- 00488A: add.w   D0, D0
D0=36 D1=3A3A D2=108100 D3=0 D4=840000F D5=842184D8 D6=842184D8 D7=102300 A0=80000 A1=10892E A2=4ABB4 A3=108FAA A4=102300 A5=108000 A6=10BA1E PC=488C -- 00488C: add.w   D0, D0
D0=6C D1=3A3A D2=108100 D3=0 D4=840000F D5=842184D8 D6=842184D8 D7=102300 A0=80000 A1=10892E A2=4ABB4 A3=108FAA A4=102300 A5=108000 A6=10BA1E PC=488E -- 00488E: movea.l (A0,D0.w), A0
D0=6C D1=3A3A D2=108100 D3=0 D4=840000F D5=842184D8 D6=842184D8 D7=102300 A0=86E00 A1=10892E A2=4ABB4 A3=108FAA A4=102300 A5=108000 A6=10BA1E PC=4892 -- 004892: move.w  ($46de,A5), D0
D0=3A3A D1=3A3A D2=108100 D3=0 D4=840000F D5=842184D8 D6=842184D8 D7=102300 A0=86E00 A1=10892E A2=4ABB4 A3=108FAA A4=102300 A5=108000 A6=10BA1E PC=4896 -- 004896: tst.b   ($46e2,A5)
D0=3A3A D1=3A3A D2=108100 D3=0 D4=840000F D5=842184D8 D6=842184D8 D7=102300 A0=86E00 A1=10892E A2=4ABB4 A3=108FAA A4=102300 A5=108000 A6=10BA1E PC=489A -- 00489A: beq     $48a0
D0=3A3A D1=3A3A D2=108100 D3=0 D4=840000F D5=842184D8 D6=842184D8 D7=102300 A0=86E00 A1=10892E A2=4ABB4 A3=108FAA A4=102300 A5=108000 A6=10BA1E PC=48A0 -- 0048A0: andi.w  #$ff, D0
D0=3A D1=3A3A D2=108100 D3=0 D4=840000F D5=842184D8 D6=842184D8 D7=102300 A0=86E00 A1=10892E A2=4ABB4 A3=108FAA A4=102300 A5=108000 A6=10BA1E PC=48A4 -- 0048A4: add.w   D0, D0
D0=74 D1=3A3A D2=108100 D3=0 D4=840000F D5=842184D8 D6=842184D8 D7=102300 A0=86E00 A1=10892E A2=4ABB4 A3=108FAA A4=102300 A5=108000 A6=10BA1E PC=48A6 -- 0048A6: add.w   D0, D0
D0=E8 D1=3A3A D2=108100 D3=0 D4=840000F D5=842184D8 D6=842184D8 D7=102300 A0=86E00 A1=10892E A2=4ABB4 A3=108FAA A4=102300 A5=108000 A6=10BA1E PC=48A8 -- 0048A8: movea.l (A0,D0.w), A0
D0=E8 D1=3A3A D2=108100 D3=0 D4=840000F D5=842184D8 D6=842184D8 D7=102300 A0=F3122 A1=10892E A2=4ABB4 A3=108FAA A4=102300 A5=108000 A6=10BA1E PC=48AC -- 0048AC: move.w  ($74,A4), D0
D0=0 D1=3A3A D2=108100 D3=0 D4=840000F D5=842184D8 D6=842184D8 D7=102300 A0=F3122 A1=10892E A2=4ABB4 A3=108FAA A4=102300 A5=108000 A6=10BA1E PC=48B0 -- 0048B0: adda.w  D0, A0
D0=0 D1=3A3A D2=108100 D3=0 D4=840000F D5=842184D8 D6=842184D8 D7=102300 A0=F3122 A1=10892E A2=4ABB4 A3=108FAA A4=102300 A5=108000 A6=10BA1E PC=48B2 -- 0048B2: move.l  (A0), D0
D0=10F111C D1=3A3A D2=108100 D3=0 D4=840000F D5=842184D8 D6=842184D8 D7=102300 A0=F3122 A1=10892E A2=4ABB4 A3=108FAA A4=102300 A5=108000 A6=10BA1E PC=48B4 -- 0048B4: andi.l  #$ffffff, D0
D0=F111C D1=3A3A D2=108100 D3=0 D4=840000F D5=842184D8 D6=842184D8 D7=102300 A0=F3122 A1=10892E A2=4ABB4 A3=108FAA A4=102300 A5=108000 A6=10BA1E PC=48BA -- 0048BA: movea.l D0, A0
D0=F111C D1=3A3A D2=108100 D3=0 D4=840000F D5=842184D8 D6=842184D8 D7=102300 A0=F111C A1=10892E A2=4ABB4 A3=108FAA A4=102300 A5=108000 A6=10BA1E PC=48BC -- 0048BC: move.w  ($4,A0), D0
D0=F0075 D1=3A3A D2=108100 D3=0 D4=840000F D5=842184D8 D6=842184D8 D7=102300 A0=F111C A1=10892E A2=4ABB4 A3=108FAA A4=102300 A5=108000 A6=10BA1E PC=48C0 -- 0048C0: andi.w  #$1fff, D0
D0=F0075 D1=3A3A D2=108100 D3=0 D4=840000F D5=842184D8 D6=842184D8 D7=102300 A0=F111C A1=10892E A2=4ABB4 A3=108FAA A4=102300 A5=108000 A6=10BA1E PC=48C4 -- 0048C4: move.w  D0, ($46e0,A5)
D0=F0075 D1=3A3A D2=108100 D3=0 D4=840000F D5=842184D8 D6=842184D8 D7=102300 A0=F111C A1=10892E A2=4ABB4 A3=108FAA A4=102300 A5=108000 A6=10BA1E PC=48C8 -- 0048C8: lea     $80080.l, A0
D0=F0075 D1=3A3A D2=108100 D3=0 D4=840000F D5=842184D8 D6=842184D8 D7=102300 A0=80080 A1=10892E A2=4ABB4 A3=108FAA A4=102300 A5=108000 A6=10BA1E PC=48CE -- 0048CE: move.w  ($70,A4), D1
D0=F0075 D1=1B D2=108100 D3=0 D4=840000F D5=842184D8 D6=842184D8 D7=102300 A0=80080 A1=10892E A2=4ABB4 A3=108FAA A4=102300 A5=108000 A6=10BA1E PC=48D2 -- 0048D2: add.w   D1, D1
D0=F0075 D1=36 D2=108100 D3=0 D4=840000F D5=842184D8 D6=842184D8 D7=102300 A0=80080 A1=10892E A2=4ABB4 A3=108FAA A4=102300 A5=108000 A6=10BA1E PC=48D4 -- 0048D4: add.w   D1, D1
D0=F0075 D1=6C D2=108100 D3=0 D4=840000F D5=842184D8 D6=842184D8 D7=102300 A0=80080 A1=10892E A2=4ABB4 A3=108FAA A4=102300 A5=108000 A6=10BA1E PC=48D6 -- 0048D6: movea.l (A0,D1.w), A0
D0=F0075 D1=6C D2=108100 D3=0 D4=840000F D5=842184D8 D6=842184D8 D7=102300 A0=95200 A1=10892E A2=4ABB4 A3=108FAA A4=102300 A5=108000 A6=10BA1E PC=48DA -- 0048DA: add.w   D0, D0
D0=F00EA D1=6C D2=108100 D3=0 D4=840000F D5=842184D8 D6=842184D8 D7=102300 A0=95200 A1=10892E A2=4ABB4 A3=108FAA A4=102300 A5=108000 A6=10BA1E PC=48DC -- 0048DC: add.w   D0, D0
D0=F01D4 D1=6C D2=108100 D3=0 D4=840000F D5=842184D8 D6=842184D8 D7=102300 A0=95200 A1=10892E A2=4ABB4 A3=108FAA A4=102300 A5=108000 A6=10BA1E PC=48DE -- 0048DE: move.l  (A0,D0.w), ($28,A4)
D0=F01D4 D1=6C D2=108100 D3=0 D4=840000F D5=842184D8 D6=842184D8 D7=102300 A0=95200 A1=10892E A2=4ABB4 A3=108FAA A4=102300 A5=108000 A6=10BA1E PC=48E4 -- 0048E4: rts
D0=F01D4 D1=6C D2=108100 D3=0 D4=840000F D5=842184D8 D6=842184D8 D7=102300 A0=95200 A1=10892E A2=4ABB4 A3=108FAA A4=102300 A5=108000 A6=10BA1E PC=3E7C -- 003E7C: bra     $481a
D0=F01D4 D1=6C D2=108100 D3=0 D4=840000F D5=842184D8 D6=842184D8 D7=102300 A0=95200 A1=10892E A2=4ABB4 A3=108FAA A4=102300 A5=108000 A6=10BA1E PC=481A -- 00481A: addq.w  #1, ($e3a,A5)
D0=F01D4 D1=6C D2=108100 D3=0 D4=840000F D5=842184D8 D6=842184D8 D7=102300 A0=95200 A1=10892E A2=4ABB4 A3=108FAA A4=102300 A5=108000 A6=10BA1E PC=481E -- 00481E: lea     ($838,A5), A1
D0=F01D4 D1=6C D2=108100 D3=0 D4=840000F D5=842184D8 D6=842184D8 D7=102300 A0=95200 A1=108838 A2=4ABB4 A3=108FAA A4=102300 A5=108000 A6=10BA1E PC=4822 -- 004822: move.w  ($2c,A4), D0
D0=F0073 D1=6C D2=108100 D3=0 D4=840000F D5=842184D8 D6=842184D8 D7=102300 A0=95200 A1=108838 A2=4ABB4 A3=108FAA A4=102300 A5=108000 A6=10BA1E PC=4826 -- 004826: move.w  D0, D1
D0=F0073 D1=73 D2=108100 D3=0 D4=840000F D5=842184D8 D6=842184D8 D7=102300 A0=95200 A1=108838 A2=4ABB4 A3=108FAA A4=102300 A5=108000 A6=10BA1E PC=4828 -- 004828: add.w   D1, D1
D0=F0073 D1=E6 D2=108100 D3=0 D4=840000F D5=842184D8 D6=842184D8 D7=102300 A0=95200 A1=108838 A2=4ABB4 A3=108FAA A4=102300 A5=108000 A6=10BA1E PC=482A -- 00482A: adda.w  D1, A1
D0=F0073 D1=E6 D2=108100 D3=0 D4=840000F D5=842184D8 D6=842184D8 D7=102300 A0=95200 A1=10891E A2=4ABB4 A3=108FAA A4=102300 A5=108000 A6=10BA1E PC=482C -- 00482C: cmp.w   ($e38,A5), D1
D0=F0073 D1=E6 D2=108100 D3=0 D4=840000F D5=842184D8 D6=842184D8 D7=102300 A0=95200 A1=10891E A2=4ABB4 A3=108FAA A4=102300 A5=108000 A6=10BA1E PC=4830 -- 004830: bhi     $4836
D0=F0073 D1=E6 D2=108100 D3=0 D4=840000F D5=842184D8 D6=842184D8 D7=102300 A0=95200 A1=10891E A2=4ABB4 A3=108FAA A4=102300 A5=108000 A6=10BA1E PC=4836 -- 004836: move.w  (A1)+, D1
D0=F0073 D1=1700 D2=108100 D3=0 D4=840000F D5=842184D8 D6=842184D8 D7=102300 A0=95200 A1=108920 A2=4ABB4 A3=108FAA A4=102300 A5=108000 A6=10BA1E PC=4838 -- 004838: beq     $485a
D0=F0073 D1=1700 D2=108100 D3=0 D4=840000F D5=842184D8 D6=842184D8 D7=102300 A0=95200 A1=108920 A2=4ABB4 A3=108FAA A4=102300 A5=108000 A6=10BA1E PC=483A -- 00483A: move.l  #$100000, D2
D0=F0073 D1=1700 D2=100000 D3=0 D4=840000F D5=842184D8 D6=842184D8 D7=102300 A0=95200 A1=108920 A2=4ABB4 A3=108FAA A4=102300 A5=108000 A6=10BA1E PC=4840 -- 004840: move.w  D1, D2
D0=F0073 D1=1700 D2=101700 D3=0 D4=840000F D5=842184D8 D6=842184D8 D7=102300 A0=95200 A1=108920 A2=4ABB4 A3=108FAA A4=102300 A5=108000 A6=10BA1E PC=4842 -- 004842: movea.l D2, A0
D0=F0073 D1=1700 D2=101700 D3=0 D4=840000F D5=842184D8 D6=842184D8 D7=102300 A0=101700 A1=108920 A2=4ABB4 A3=108FAA A4=102300 A5=108000 A6=10BA1E PC=4844 -- 004844: cmp.w   ($2c,A0), D0
D0=F0073 D1=1700 D2=101700 D3=0 D4=840000F D5=842184D8 D6=842184D8 D7=102300 A0=101700 A1=108920 A2=4ABB4 A3=108FAA A4=102300 A5=108000 A6=10BA1E PC=4848 -- 004848: bcc     $4836
D0=F0073 D1=1700 D2=101700 D3=0 D4=840000F D5=842184D8 D6=842184D8 D7=102300 A0=101700 A1=108920 A2=4ABB4 A3=108FAA A4=102300 A5=108000 A6=10BA1E PC=4836 -- 004836: move.w  (A1)+, D1
D0=F0073 D1=1900 D2=101700 D3=0 D4=840000F D5=842184D8 D6=842184D8 D7=102300 A0=101700 A1=108922 A2=4ABB4 A3=108FAA A4=102300 A5=108000 A6=10BA1E PC=4838 -- 004838: beq     $485a
D0=F0073 D1=1900 D2=101700 D3=0 D4=840000F D5=842184D8 D6=842184D8 D7=102300 A0=101700 A1=108922 A2=4ABB4 A3=108FAA A4=102300 A5=108000 A6=10BA1E PC=483A -- 00483A: move.l  #$100000, D2
D0=F0073 D1=1900 D2=100000 D3=0 D4=840000F D5=842184D8 D6=842184D8 D7=102300 A0=101700 A1=108922 A2=4ABB4 A3=108FAA A4=102300 A5=108000 A6=10BA1E PC=4840 -- 004840: move.w  D1, D2
D0=F0073 D1=1900 D2=101900 D3=0 D4=840000F D5=842184D8 D6=842184D8 D7=102300 A0=101700 A1=108922 A2=4ABB4 A3=108FAA A4=102300 A5=108000 A6=10BA1E PC=4842 -- 004842: movea.l D2, A0
D0=F0073 D1=1900 D2=101900 D3=0 D4=840000F D5=842184D8 D6=842184D8 D7=102300 A0=101900 A1=108922 A2=4ABB4 A3=108FAA A4=102300 A5=108000 A6=10BA1E PC=4844 -- 004844: cmp.w   ($2c,A0), D0
D0=F0073 D1=1900 D2=101900 D3=0 D4=840000F D5=842184D8 D6=842184D8 D7=102300 A0=101900 A1=108922 A2=4ABB4 A3=108FAA A4=102300 A5=108000 A6=10BA1E PC=4848 -- 004848: bcc     $4836

   (loops for 35 instructions)

D0=F0073 D1=8100 D2=108100 D3=0 D4=840000F D5=842184D8 D6=842184D8 D7=102300 A0=108100 A1=10892C A2=4ABB4 A3=108FAA A4=102300 A5=108000 A6=10BA1E PC=484A -- 00484A: move.w  A4, (-$2,A1)
D0=F0073 D1=8100 D2=108100 D3=0 D4=840000F D5=842184D8 D6=842184D8 D7=102300 A0=108100 A1=10892C A2=4ABB4 A3=108FAA A4=102300 A5=108000 A6=10BA1E PC=484E -- 00484E: move.w  (A1)+, D0
D0=F8300 D1=8100 D2=108100 D3=0 D4=840000F D5=842184D8 D6=842184D8 D7=102300 A0=108100 A1=10892E A2=4ABB4 A3=108FAA A4=102300 A5=108000 A6=10BA1E PC=4850 -- 004850: move.w  D1, (-$2,A1)
D0=F8300 D1=8100 D2=108100 D3=0 D4=840000F D5=842184D8 D6=842184D8 D7=102300 A0=108100 A1=10892E A2=4ABB4 A3=108FAA A4=102300 A5=108000 A6=10BA1E PC=4854 -- 004854: move.w  D0, D1
D0=F8300 D1=8300 D2=108100 D3=0 D4=840000F D5=842184D8 D6=842184D8 D7=102300 A0=108100 A1=10892E A2=4ABB4 A3=108FAA A4=102300 A5=108000 A6=10BA1E PC=4856 -- 004856: bne     $484e
D0=F8300 D1=8300 D2=108100 D3=0 D4=840000F D5=842184D8 D6=842184D8 D7=102300 A0=108100 A1=10892E A2=4ABB4 A3=108FAA A4=102300 A5=108000 A6=10BA1E PC=484E -- 00484E: move.w  (A1)+, D0
D0=F0000 D1=8300 D2=108100 D3=0 D4=840000F D5=842184D8 D6=842184D8 D7=102300 A0=108100 A1=108930 A2=4ABB4 A3=108FAA A4=102300 A5=108000 A6=10BA1E PC=4850 -- 004850: move.w  D1, (-$2,A1)
D0=F0000 D1=8300 D2=108100 D3=0 D4=840000F D5=842184D8 D6=842184D8 D7=102300 A0=108100 A1=108930 A2=4ABB4 A3=108FAA A4=102300 A5=108000 A6=10BA1E PC=4854 -- 004854: move.w  D0, D1
D0=F0000 D1=0 D2=108100 D3=0 D4=840000F D5=842184D8 D6=842184D8 D7=102300 A0=108100 A1=108930 A2=4ABB4 A3=108FAA A4=102300 A5=108000 A6=10BA1E PC=4856 -- 004856: bne     $484e
D0=F0000 D1=0 D2=108100 D3=0 D4=840000F D5=842184D8 D6=842184D8 D7=102300 A0=108100 A1=108930 A2=4ABB4 A3=108FAA A4=102300 A5=108000 A6=10BA1E PC=4858 -- 004858: rts
D0=F0000 D1=0 D2=108100 D3=0 D4=840000F D5=842184D8 D6=842184D8 D7=102300 A0=108100 A1=108930 A2=4ABB4 A3=108FAA A4=102300 A5=108000 A6=10BA1E PC=32B3C -- 032B3C: move.l  A4, D7
D0=F0000 D1=0 D2=108100 D3=0 D4=840000F D5=842184D8 D6=842184D8 D7=102300 A0=108100 A1=108930 A2=4ABB4 A3=108FAA A4=102300 A5=108000 A6=10BA1E PC=32B3E -- 032B3E: move.w  ($4,A4), D7
D0=F0000 D1=0 D2=108100 D3=0 D4=840000F D5=842184D8 D6=842184D8 D7=102500 A0=108100 A1=108930 A2=4ABB4 A3=108FAA A4=102300 A5=108000 A6=10BA1E PC=32B42 -- 032B42: bpl     $32b36
D0=F0000 D1=0 D2=108100 D3=0 D4=840000F D5=842184D8 D6=842184D8 D7=102500 A0=108100 A1=108930 A2=4ABB4 A3=108FAA A4=102300 A5=108000 A6=10BA1E PC=32B36 -- 032B36: movea.l D7, A4
D0=F0000 D1=0 D2=108100 D3=0 D4=840000F D5=842184D8 D6=842184D8 D7=102500 A0=108100 A1=108930 A2=4ABB4 A3=108FAA A4=102500 A5=108000 A6=10BA1E PC=32B38 -- 032B38: movea.l (A4), A0
D0=F0000 D1=0 D2=108100 D3=0 D4=840000F D5=842184D8 D6=842184D8 D7=102500 A0=37DBA A1=108930 A2=4ABB4 A3=108FAA A4=102500 A5=108000 A6=10BA1E PC=32B3A -- 032B3A: jsr     (A0)
D0=F0000 D1=0 D2=108100 D3=0 D4=840000F D5=842184D8 D6=842184D8 D7=102500 A0=37DBA A1=108930 A2=4ABB4 A3=108FAA A4=102500 A5=108000 A6=10BA1E PC=37DBA -- 037DBA: clr.b   ($80,A4)
D0=F0000 D1=0 D2=108100 D3=0 D4=840000F D5=842184D8 D6=842184D8 D7=102500 A0=37DBA A1=108930 A2=4ABB4 A3=108FAA A4=102500 A5=108000 A6=10BA1E PC=37DBE -- 037DBE: moveq   #$0, D0
D0=0 D1=0 D2=108100 D3=0 D4=840000F D5=842184D8 D6=842184D8 D7=102500 A0=37DBA A1=108930 A2=4ABB4 A3=108FAA A4=102500 A5=108000 A6=10BA1E PC=37DC0 -- 037DC0: move.b  ($131,A4), D0
D0=5 D1=0 D2=108100 D3=0 D4=840000F D5=842184D8 D6=842184D8 D7=102500 A0=37DBA A1=108930 A2=4ABB4 A3=108FAA A4=102500 A5=108000 A6=10BA1E PC=37DC4 -- 037DC4: btst    D0, ($7df,A5)
D0=5 D1=0 D2=108100 D3=0 D4=840000F D5=842184D8 D6=842184D8 D7=102500 A0=37DBA A1=108930 A2=4ABB4 A3=108FAA A4=102500 A5=108000 A6=10BA1E PC=37DC8 -- 037DC8: beq     $37dec
D0=5 D1=0 D2=108100 D3=0 D4=840000F D5=842184D8 D6=842184D8 D7=102500 A0=37DBA A1=108930 A2=4ABB4 A3=108FAA A4=102500 A5=108000 A6=10BA1E PC=37DEC -- 037DEC: move.w  ($d0,A4), D0
D0=5 D1=0 D2=108100 D3=0 D4=840000F D5=842184D8 D6=842184D8 D7=102500 A0=37DBA A1=108930 A2=4ABB4 A3=108FAA A4=102500 A5=108000 A6=10BA1E PC=37DF0 -- 037DF0: movea.l ($84,A4), A0
D0=5 D1=0 D2=108100 D3=0 D4=840000F D5=842184D8 D6=842184D8 D7=102500 A0=108584 A1=108930 A2=4ABB4 A3=108FAA A4=102500 A5=108000 A6=10BA1E PC=37DF4 -- 037DF4: btst    D0, ($cf,A0)
D0=5 D1=0 D2=108100 D3=0 D4=840000F D5=842184D8 D6=842184D8 D7=102500 A0=108584 A1=108930 A2=4ABB4 A3=108FAA A4=102500 A5=108000 A6=10BA1E PC=37DF8 -- 037DF8: beq     $36eac
D0=5 D1=0 D2=108100 D3=0 D4=840000F D5=842184D8 D6=842184D8 D7=102500 A0=108584 A1=108930 A2=4ABB4 A3=108FAA A4=102500 A5=108000 A6=10BA1E PC=36EAC -- 036EAC: jsr     $48e6.w
D0=5 D1=0 D2=108100 D3=0 D4=840000F D5=842184D8 D6=842184D8 D7=102500 A0=108584 A1=108930 A2=4ABB4 A3=108FAA A4=102500 A5=108000 A6=10BA1E PC=48E6 -- 0048E6: move.w  ($70,A4), D0
D0=1B D1=0 D2=108100 D3=0 D4=840000F D5=842184D8 D6=842184D8 D7=102500 A0=108584 A1=108930 A2=4ABB4 A3=108FAA A4=102500 A5=108000 A6=10BA1E PC=48EA -- 0048EA: cmp.b   ($78,A4), D0
D0=1B D1=0 D2=108100 D3=0 D4=840000F D5=842184D8 D6=842184D8 D7=102500 A0=108584 A1=108930 A2=4ABB4 A3=108FAA A4=102500 A5=108000 A6=10BA1E PC=48EE -- 0048EE: bne     $491c
D0=1B D1=0 D2=108100 D3=0 D4=840000F D5=842184D8 D6=842184D8 D7=102500 A0=108584 A1=108930 A2=4ABB4 A3=108FAA A4=102500 A5=108000 A6=10BA1E PC=48F0 -- 0048F0: move.w  ($72,A4), D0
D0=39 D1=0 D2=108100 D3=0 D4=840000F D5=842184D8 D6=842184D8 D7=102500 A0=108584 A1=108930 A2=4ABB4 A3=108FAA A4=102500 A5=108000 A6=10BA1E PC=48F4 -- 0048F4: cmp.b   ($79,A4), D0
D0=39 D1=0 D2=108100 D3=0 D4=840000F D5=842184D8 D6=842184D8 D7=102500 A0=108584 A1=108930 A2=4ABB4 A3=108FAA A4=102500 A5=108000 A6=10BA1E PC=48F8 -- 0048F8: bne     $493c
D0=39 D1=0 D2=108100 D3=0 D4=840000F D5=842184D8 D6=842184D8 D7=102500 A0=108584 A1=108930 A2=4ABB4 A3=108FAA A4=102500 A5=108000 A6=10BA1E PC=48FA -- 0048FA: tst.b   ($77,A4)
D0=39 D1=0 D2=108100 D3=0 D4=840000F D5=842184D8 D6=842184D8 D7=102500 A0=108584 A1=108930 A2=4ABB4 A3=108FAA A4=102500 A5=108000 A6=10BA1E PC=48FE -- 0048FE: bne     $495c
D0=39 D1=0 D2=108100 D3=0 D4=840000F D5=842184D8 D6=842184D8 D7=102500 A0=108584 A1=108930 A2=4ABB4 A3=108FAA A4=102500 A5=108000 A6=10BA1E PC=4900 -- 004900: tst.b   ($7a,A4)
D0=39 D1=0 D2=108100 D3=0 D4=840000F D5=842184D8 D6=842184D8 D7=102500 A0=108584 A1=108930 A2=4ABB4 A3=108FAA A4=102500 A5=108000 A6=10BA1E PC=4904 -- 004904: bmi     $491a
D0=39 D1=0 D2=108100 D3=0 D4=840000F D5=842184D8 D6=842184D8 D7=102500 A0=108584 A1=108930 A2=4ABB4 A3=108FAA A4=102500 A5=108000 A6=10BA1E PC=491A -- 00491A: rts
D0=39 D1=0 D2=108100 D3=0 D4=840000F D5=842184D8 D6=842184D8 D7=102500 A0=108584 A1=108930 A2=4ABB4 A3=108FAA A4=102500 A5=108000 A6=10BA1E PC=36EB0 -- 036EB0: jmp     $3e2e.w
D0=39 D1=0 D2=108100 D3=0 D4=840000F D5=842184D8 D6=842184D8 D7=102500 A0=108584 A1=108930 A2=4ABB4 A3=108FAA A4=102500 A5=108000 A6=10BA1E PC=3E2E -- 003E2E: tst.w   ($74,A4)
D0=39 D1=0 D2=108100 D3=0 D4=840000F D5=842184D8 D6=842184D8 D7=102500 A0=108584 A1=108930 A2=4ABB4 A3=108FAA A4=102500 A5=108000 A6=10BA1E PC=3E32 -- 003E32: bmi     $3e80
D0=39 D1=0 D2=108100 D3=0 D4=840000F D5=842184D8 D6=842184D8 D7=102500 A0=108584 A1=108930 A2=4ABB4 A3=108FAA A4=102500 A5=108000 A6=10BA1E PC=3E34 -- 003E34: btst    #$6, ($7c,A4)
D0=39 D1=0 D2=108100 D3=0 D4=840000F D5=842184D8 D6=842184D8 D7=102500 A0=108584 A1=108930 A2=4ABB4 A3=108FAA A4=102500 A5=108000 A6=10BA1E PC=3E3A -- 003E3A: bne     $3e78
D0=39 D1=0 D2=108100 D3=0 D4=840000F D5=842184D8 D6=842184D8 D7=102500 A0=108584 A1=108930 A2=4ABB4 A3=108FAA A4=102500 A5=108000 A6=10BA1E PC=3E3E -- 003E3E: moveq   #$0, D3
D0=39 D1=0 D2=108100 D3=0 D4=840000F D5=842184D8 D6=842184D8 D7=102500 A0=108584 A1=108930 A2=4ABB4 A3=108FAA A4=102500 A5=108000 A6=10BA1E PC=3E40 -- 003E40: move.b  ($82,A4), D3
D0=39 D1=0 D2=108100 D3=0 D4=840000F D5=842184D8 D6=842184D8 D7=102500 A0=108584 A1=108930 A2=4ABB4 A3=108FAA A4=102500 A5=108000 A6=10BA1E PC=3E44 -- 003E44: add.w   D3, D3
D0=39 D1=0 D2=108100 D3=0 D4=840000F D5=842184D8 D6=842184D8 D7=102500 A0=108584 A1=108930 A2=4ABB4 A3=108FAA A4=102500 A5=108000 A6=10BA1E PC=3E46 -- 003E46: add.w   D3, D3
D0=39 D1=0 D2=108100 D3=0 D4=840000F D5=842184D8 D6=842184D8 D7=102500 A0=108584 A1=108930 A2=4ABB4 A3=108FAA A4=102500 A5=108000 A6=10BA1E PC=3E48 -- 003E48: move.w  ($18,A4), D0
D0=90 D1=0 D2=108100 D3=0 D4=840000F D5=842184D8 D6=842184D8 D7=102500 A0=108584 A1=108930 A2=4ABB4 A3=108FAA A4=102500 A5=108000 A6=10BA1E PC=3E4C -- 003E4C: lea     ($104c,A5), A0
D0=90 D1=0 D2=108100 D3=0 D4=840000F D5=842184D8 D6=842184D8 D7=102500 A0=10904C A1=108930 A2=4ABB4 A3=108FAA A4=102500 A5=108000 A6=10BA1E PC=3E50 -- 003E50: sub.w   (A0,D3.w), D0
D0=90 D1=0 D2=108100 D3=0 D4=840000F D5=842184D8 D6=842184D8 D7=102500 A0=10904C A1=108930 A2=4ABB4 A3=108FAA A4=102500 A5=108000 A6=10BA1E PC=3E54 -- 003E54: addi.w  #$30, D0
D0=C0 D1=0 D2=108100 D3=0 D4=840000F D5=842184D8 D6=842184D8 D7=102500 A0=10904C A1=108930 A2=4ABB4 A3=108FAA A4=102500 A5=108000 A6=10BA1E PC=3E58 -- 003E58: cmpi.w  #$1a0, D0
D0=C0 D1=0 D2=108100 D3=0 D4=840000F D5=842184D8 D6=842184D8 D7=102500 A0=10904C A1=108930 A2=4ABB4 A3=108FAA A4=102500 A5=108000 A6=10BA1E PC=3E5C -- 003E5C: bls     $3e60
D0=C0 D1=0 D2=108100 D3=0 D4=840000F D5=842184D8 D6=842184D8 D7=102500 A0=10904C A1=108930 A2=4ABB4 A3=108FAA A4=102500 A5=108000 A6=10BA1E PC=3E60 -- 003E60: move.w  ($1c,A4), D0
D0=C8 D1=0 D2=108100 D3=0 D4=840000F D5=842184D8 D6=842184D8 D7=102500 A0=10904C A1=108930 A2=4ABB4 A3=108FAA A4=102500 A5=108000 A6=10BA1E PC=3E64 -- 003E64: sub.w   ($20,A4), D0
D0=C8 D1=0 D2=108100 D3=0 D4=840000F D5=842184D8 D6=842184D8 D7=102500 A0=10904C A1=108930 A2=4ABB4 A3=108FAA A4=102500 A5=108000 A6=10BA1E PC=3E68 -- 003E68: lea     ($1058,A5), A0
D0=C8 D1=0 D2=108100 D3=0 D4=840000F D5=842184D8 D6=842184D8 D7=102500 A0=109058 A1=108930 A2=4ABB4 A3=108FAA A4=102500 A5=108000 A6=10BA1E PC=3E6C -- 003E6C: sub.w   (A0,D3.w), D0
D0=C8 D1=0 D2=108100 D3=0 D4=840000F D5=842184D8 D6=842184D8 D7=102500 A0=109058 A1=108930 A2=4ABB4 A3=108FAA A4=102500 A5=108000 A6=10BA1E PC=3E70 -- 003E70: cmpi.w  #$1c0, D0
D0=C8 D1=0 D2=108100 D3=0 D4=840000F D5=842184D8 D6=842184D8 D7=102500 A0=109058 A1=108930 A2=4ABB4 A3=108FAA A4=102500 A5=108000 A6=10BA1E PC=3E74 -- 003E74: bls     $3e78
D0=C8 D1=0 D2=108100 D3=0 D4=840000F D5=842184D8 D6=842184D8 D7=102500 A0=109058 A1=108930 A2=4ABB4 A3=108FAA A4=102500 A5=108000 A6=10BA1E PC=3E78 -- 003E78: bsr     $4860
D0=C8 D1=0 D2=108100 D3=0 D4=840000F D5=842184D8 D6=842184D8 D7=102500 A0=109058 A1=108930 A2=4ABB4 A3=108FAA A4=102500 A5=108000 A6=10BA1E PC=4860 -- 004860: lea     $7bf48.l, A0
D0=C8 D1=0 D2=108100 D3=0 D4=840000F D5=842184D8 D6=842184D8 D7=102500 A0=7BF48 A1=108930 A2=4ABB4 A3=108FAA A4=102500 A5=108000 A6=10BA1E PC=4866 -- 004866: move.w  ($70,A4), D0
D0=1B D1=0 D2=108100 D3=0 D4=840000F D5=842184D8 D6=842184D8 D7=102500 A0=7BF48 A1=108930 A2=4ABB4 A3=108FAA A4=102500 A5=108000 A6=10BA1E PC=486A -- 00486A: add.w   D0, D0
D0=36 D1=0 D2=108100 D3=0 D4=840000F D5=842184D8 D6=842184D8 D7=102500 A0=7BF48 A1=108930 A2=4ABB4 A3=108FAA A4=102500 A5=108000 A6=10BA1E PC=486C -- 00486C: add.w   D0, D0
D0=6C D1=0 D2=108100 D3=0 D4=840000F D5=842184D8 D6=842184D8 D7=102500 A0=7BF48 A1=108930 A2=4ABB4 A3=108FAA A4=102500 A5=108000 A6=10BA1E PC=486E -- 00486E: movea.l (A0,D0.w), A0
D0=6C D1=0 D2=108100 D3=0 D4=840000F D5=842184D8 D6=842184D8 D7=102500 A0=7F5E0 A1=108930 A2=4ABB4 A3=108FAA A4=102500 A5=108000 A6=10BA1E PC=4872 -- 004872: move.w  ($72,A4), D0
D0=39 D1=0 D2=108100 D3=0 D4=840000F D5=842184D8 D6=842184D8 D7=102500 A0=7F5E0 A1=108930 A2=4ABB4 A3=108FAA A4=102500 A5=108000 A6=10BA1E PC=4876 -- 004876: add.w   D0, D0
D0=72 D1=0 D2=108100 D3=0 D4=840000F D5=842184D8 D6=842184D8 D7=102500 A0=7F5E0 A1=108930 A2=4ABB4 A3=108FAA A4=102500 A5=108000 A6=10BA1E PC=4878 -- 004878: move.w  (A0,D0.w), D1
D0=72 D1=3939 D2=108100 D3=0 D4=840000F D5=842184D8 D6=842184D8 D7=102500 A0=7F5E0 A1=108930 A2=4ABB4 A3=108FAA A4=102500 A5=108000 A6=10BA1E PC=487C -- 00487C: move.w  D1, ($46de,A5)
D0=72 D1=3939 D2=108100 D3=0 D4=840000F D5=842184D8 D6=842184D8 D7=102500 A0=7F5E0 A1=108930 A2=4ABB4 A3=108FAA A4=102500 A5=108000 A6=10BA1E PC=4880 -- 004880: lea     $80000.l, A0
D0=72 D1=3939 D2=108100 D3=0 D4=840000F D5=842184D8 D6=842184D8 D7=102500 A0=80000 A1=108930 A2=4ABB4 A3=108FAA A4=102500 A5=108000 A6=10BA1E PC=4886 -- 004886: move.w  ($70,A4), D0
D0=1B D1=3939 D2=108100 D3=0 D4=840000F D5=842184D8 D6=842184D8 D7=102500 A0=80000 A1=108930 A2=4ABB4 A3=108FAA A4=102500 A5=108000 A6=10BA1E PC=488A -- 00488A: add.w   D0, D0
D0=36 D1=3939 D2=108100 D3=0 D4=840000F D5=842184D8 D6=842184D8 D7=102500 A0=80000 A1=108930 A2=4ABB4 A3=108FAA A4=102500 A5=108000 A6=10BA1E PC=488C -- 00488C: add.w   D0, D0
D0=6C D1=3939 D2=108100 D3=0 D4=840000F D5=842184D8 D6=842184D8 D7=102500 A0=80000 A1=108930 A2=4ABB4 A3=108FAA A4=102500 A5=108000 A6=10BA1E PC=488E -- 00488E: movea.l (A0,D0.w), A0
D0=6C D1=3939 D2=108100 D3=0 D4=840000F D5=842184D8 D6=842184D8 D7=102500 A0=86E00 A1=108930 A2=4ABB4 A3=108FAA A4=102500 A5=108000 A6=10BA1E PC=4892 -- 004892: move.w  ($46de,A5), D0
D0=3939 D1=3939 D2=108100 D3=0 D4=840000F D5=842184D8 D6=842184D8 D7=102500 A0=86E00 A1=108930 A2=4ABB4 A3=108FAA A4=102500 A5=108000 A6=10BA1E PC=4896 -- 004896: tst.b   ($46e2,A5)
D0=3939 D1=3939 D2=108100 D3=0 D4=840000F D5=842184D8 D6=842184D8 D7=102500 A0=86E00 A1=108930 A2=4ABB4 A3=108FAA A4=102500 A5=108000 A6=10BA1E PC=489A -- 00489A: beq     $48a0
D0=3939 D1=3939 D2=108100 D3=0 D4=840000F D5=842184D8 D6=842184D8 D7=102500 A0=86E00 A1=108930 A2=4ABB4 A3=108FAA A4=102500 A5=108000 A6=10BA1E PC=48A0 -- 0048A0: andi.w  #$ff, D0
D0=39 D1=3939 D2=108100 D3=0 D4=840000F D5=842184D8 D6=842184D8 D7=102500 A0=86E00 A1=108930 A2=4ABB4 A3=108FAA A4=102500 A5=108000 A6=10BA1E PC=48A4 -- 0048A4: add.w   D0, D0
D0=72 D1=3939 D2=108100 D3=0 D4=840000F D5=842184D8 D6=842184D8 D7=102500 A0=86E00 A1=108930 A2=4ABB4 A3=108FAA A4=102500 A5=108000 A6=10BA1E PC=48A6 -- 0048A6: add.w   D0, D0
D0=E4 D1=3939 D2=108100 D3=0 D4=840000F D5=842184D8 D6=842184D8 D7=102500 A0=86E00 A1=108930 A2=4ABB4 A3=108FAA A4=102500 A5=108000 A6=10BA1E PC=48A8 -- 0048A8: movea.l (A0,D0.w), A0
D0=E4 D1=3939 D2=108100 D3=0 D4=840000F D5=842184D8 D6=842184D8 D7=102500 A0=F311A A1=108930 A2=4ABB4 A3=108FAA A4=102500 A5=108000 A6=10BA1E PC=48AC -- 0048AC: move.w  ($74,A4), D0
D0=0 D1=3939 D2=108100 D3=0 D4=840000F D5=842184D8 D6=842184D8 D7=102500 A0=F311A A1=108930 A2=4ABB4 A3=108FAA A4=102500 A5=108000 A6=10BA1E PC=48B0 -- 0048B0: adda.w  D0, A0
D0=0 D1=3939 D2=108100 D3=0 D4=840000F D5=842184D8 D6=842184D8 D7=102500 A0=F311A A1=108930 A2=4ABB4 A3=108FAA A4=102500 A5=108000 A6=10BA1E PC=48B2 -- 0048B2: move.l  (A0), D0
D0=10F1116 D1=3939 D2=108100 D3=0 D4=840000F D5=842184D8 D6=842184D8 D7=102500 A0=F311A A1=108930 A2=4ABB4 A3=108FAA A4=102500 A5=108000 A6=10BA1E PC=48B4 -- 0048B4: andi.l  #$ffffff, D0
D0=F1116 D1=3939 D2=108100 D3=0 D4=840000F D5=842184D8 D6=842184D8 D7=102500 A0=F311A A1=108930 A2=4ABB4 A3=108FAA A4=102500 A5=108000 A6=10BA1E PC=48BA -- 0048BA: movea.l D0, A0
D0=F1116 D1=3939 D2=108100 D3=0 D4=840000F D5=842184D8 D6=842184D8 D7=102500 A0=F1116 A1=108930 A2=4ABB4 A3=108FAA A4=102500 A5=108000 A6=10BA1E PC=48BC -- 0048BC: move.w  ($4,A0), D0
D0=F0074 D1=3939 D2=108100 D3=0 D4=840000F D5=842184D8 D6=842184D8 D7=102500 A0=F1116 A1=108930 A2=4ABB4 A3=108FAA A4=102500 A5=108000 A6=10BA1E PC=48C0 -- 0048C0: andi.w  #$1fff, D0
D0=F0074 D1=3939 D2=108100 D3=0 D4=840000F D5=842184D8 D6=842184D8 D7=102500 A0=F1116 A1=108930 A2=4ABB4 A3=108FAA A4=102500 A5=108000 A6=10BA1E PC=48C4 -- 0048C4: move.w  D0, ($46e0,A5)
D0=F0074 D1=3939 D2=108100 D3=0 D4=840000F D5=842184D8 D6=842184D8 D7=102500 A0=F1116 A1=108930 A2=4ABB4 A3=108FAA A4=102500 A5=108000 A6=10BA1E PC=48C8 -- 0048C8: lea     $80080.l, A0
D0=F0074 D1=3939 D2=108100 D3=0 D4=840000F D5=842184D8 D6=842184D8 D7=102500 A0=80080 A1=108930 A2=4ABB4 A3=108FAA A4=102500 A5=108000 A6=10BA1E PC=48CE -- 0048CE: move.w  ($70,A4), D1
D0=F0074 D1=1B D2=108100 D3=0 D4=840000F D5=842184D8 D6=842184D8 D7=102500 A0=80080 A1=108930 A2=4ABB4 A3=108FAA A4=102500 A5=108000 A6=10BA1E PC=48D2 -- 0048D2: add.w   D1, D1
D0=F0074 D1=36 D2=108100 D3=0 D4=840000F D5=842184D8 D6=842184D8 D7=102500 A0=80080 A1=108930 A2=4ABB4 A3=108FAA A4=102500 A5=108000 A6=10BA1E PC=48D4 -- 0048D4: add.w   D1, D1
D0=F0074 D1=6C D2=108100 D3=0 D4=840000F D5=842184D8 D6=842184D8 D7=102500 A0=80080 A1=108930 A2=4ABB4 A3=108FAA A4=102500 A5=108000 A6=10BA1E PC=48D6 -- 0048D6: movea.l (A0,D1.w), A0
D0=F0074 D1=6C D2=108100 D3=0 D4=840000F D5=842184D8 D6=842184D8 D7=102500 A0=95200 A1=108930 A2=4ABB4 A3=108FAA A4=102500 A5=108000 A6=10BA1E PC=48DA -- 0048DA: add.w   D0, D0
D0=F00E8 D1=6C D2=108100 D3=0 D4=840000F D5=842184D8 D6=842184D8 D7=102500 A0=95200 A1=108930 A2=4ABB4 A3=108FAA A4=102500 A5=108000 A6=10BA1E PC=48DC -- 0048DC: add.w   D0, D0
D0=F01D0 D1=6C D2=108100 D3=0 D4=840000F D5=842184D8 D6=842184D8 D7=102500 A0=95200 A1=108930 A2=4ABB4 A3=108FAA A4=102500 A5=108000 A6=10BA1E PC=48DE -- 0048DE: move.l  (A0,D0.w), ($28,A4)
D0=F01D0 D1=6C D2=108100 D3=0 D4=840000F D5=842184D8 D6=842184D8 D7=102500 A0=95200 A1=108930 A2=4ABB4 A3=108FAA A4=102500 A5=108000 A6=10BA1E PC=48E4 -- 0048E4: rts
D0=F01D0 D1=6C D2=108100 D3=0 D4=840000F D5=842184D8 D6=842184D8 D7=102500 A0=95200 A1=108930 A2=4ABB4 A3=108FAA A4=102500 A5=108000 A6=10BA1E PC=3E7C -- 003E7C: bra     $481a
D0=F01D0 D1=6C D2=108100 D3=0 D4=840000F D5=842184D8 D6=842184D8 D7=102500 A0=95200 A1=108930 A2=4ABB4 A3=108FAA A4=102500 A5=108000 A6=10BA1E PC=481A -- 00481A: addq.w  #1, ($e3a,A5)
D0=F01D0 D1=6C D2=108100 D3=0 D4=840000F D5=842184D8 D6=842184D8 D7=102500 A0=95200 A1=108930 A2=4ABB4 A3=108FAA A4=102500 A5=108000 A6=10BA1E PC=481E -- 00481E: lea     ($838,A5), A1
D0=F01D0 D1=6C D2=108100 D3=0 D4=840000F D5=842184D8 D6=842184D8 D7=102500 A0=95200 A1=108838 A2=4ABB4 A3=108FAA A4=102500 A5=108000 A6=10BA1E PC=4822 -- 004822: move.w  ($2c,A4), D0
D0=F0073 D1=6C D2=108100 D3=0 D4=840000F D5=842184D8 D6=842184D8 D7=102500 A0=95200 A1=108838 A2=4ABB4 A3=108FAA A4=102500 A5=108000 A6=10BA1E PC=4826 -- 004826: move.w  D0, D1
D0=F0073 D1=73 D2=108100 D3=0 D4=840000F D5=842184D8 D6=842184D8 D7=102500 A0=95200 A1=108838 A2=4ABB4 A3=108FAA A4=102500 A5=108000 A6=10BA1E PC=4828 -- 004828: add.w   D1, D1
D0=F0073 D1=E6 D2=108100 D3=0 D4=840000F D5=842184D8 D6=842184D8 D7=102500 A0=95200 A1=108838 A2=4ABB4 A3=108FAA A4=102500 A5=108000 A6=10BA1E PC=482A -- 00482A: adda.w  D1, A1
D0=F0073 D1=E6 D2=108100 D3=0 D4=840000F D5=842184D8 D6=842184D8 D7=102500 A0=95200 A1=10891E A2=4ABB4 A3=108FAA A4=102500 A5=108000 A6=10BA1E PC=482C -- 00482C: cmp.w   ($e38,A5), D1
D0=F0073 D1=E6 D2=108100 D3=0 D4=840000F D5=842184D8 D6=842184D8 D7=102500 A0=95200 A1=10891E A2=4ABB4 A3=108FAA A4=102500 A5=108000 A6=10BA1E PC=4830 -- 004830: bhi     $4836
D0=F0073 D1=E6 D2=108100 D3=0 D4=840000F D5=842184D8 D6=842184D8 D7=102500 A0=95200 A1=10891E A2=4ABB4 A3=108FAA A4=102500 A5=108000 A6=10BA1E PC=4836 -- 004836: move.w  (A1)+, D1
D0=F0073 D1=1700 D2=108100 D3=0 D4=840000F D5=842184D8 D6=842184D8 D7=102500 A0=95200 A1=108920 A2=4ABB4 A3=108FAA A4=102500 A5=108000 A6=10BA1E PC=4838 -- 004838: beq     $485a
D0=F0073 D1=1700 D2=108100 D3=0 D4=840000F D5=842184D8 D6=842184D8 D7=102500 A0=95200 A1=108920 A2=4ABB4 A3=108FAA A4=102500 A5=108000 A6=10BA1E PC=483A -- 00483A: move.l  #$100000, D2
D0=F0073 D1=1700 D2=100000 D3=0 D4=840000F D5=842184D8 D6=842184D8 D7=102500 A0=95200 A1=108920 A2=4ABB4 A3=108FAA A4=102500 A5=108000 A6=10BA1E PC=4840 -- 004840: move.w  D1, D2
D0=F0073 D1=1700 D2=101700 D3=0 D4=840000F D5=842184D8 D6=842184D8 D7=102500 A0=95200 A1=108920 A2=4ABB4 A3=108FAA A4=102500 A5=108000 A6=10BA1E PC=4842 -- 004842: movea.l D2, A0
D0=F0073 D1=1700 D2=101700 D3=0 D4=840000F D5=842184D8 D6=842184D8 D7=102500 A0=101700 A1=108920 A2=4ABB4 A3=108FAA A4=102500 A5=108000 A6=10BA1E PC=4844 -- 004844: cmp.w   ($2c,A0), D0
D0=F0073 D1=1700 D2=101700 D3=0 D4=840000F D5=842184D8 D6=842184D8 D7=102500 A0=101700 A1=108920 A2=4ABB4 A3=108FAA A4=102500 A5=108000 A6=10BA1E PC=4848 -- 004848: bcc     $4836
D0=F0073 D1=1700 D2=101700 D3=0 D4=840000F D5=842184D8 D6=842184D8 D7=102500 A0=101700 A1=108920 A2=4ABB4 A3=108FAA A4=102500 A5=108000 A6=10BA1E PC=4836 -- 004836: move.w  (A1)+, D1
D0=F0073 D1=1900 D2=101700 D3=0 D4=840000F D5=842184D8 D6=842184D8 D7=102500 A0=101700 A1=108922 A2=4ABB4 A3=108FAA A4=102500 A5=108000 A6=10BA1E PC=4838 -- 004838: beq     $485a
D0=F0073 D1=1900 D2=101700 D3=0 D4=840000F D5=842184D8 D6=842184D8 D7=102500 A0=101700 A1=108922 A2=4ABB4 A3=108FAA A4=102500 A5=108000 A6=10BA1E PC=483A -- 00483A: move.l  #$100000, D2
D0=F0073 D1=1900 D2=100000 D3=0 D4=840000F D5=842184D8 D6=842184D8 D7=102500 A0=101700 A1=108922 A2=4ABB4 A3=108FAA A4=102500 A5=108000 A6=10BA1E PC=4840 -- 004840: move.w  D1, D2
D0=F0073 D1=1900 D2=101900 D3=0 D4=840000F D5=842184D8 D6=842184D8 D7=102500 A0=101700 A1=108922 A2=4ABB4 A3=108FAA A4=102500 A5=108000 A6=10BA1E PC=4842 -- 004842: movea.l D2, A0
D0=F0073 D1=1900 D2=101900 D3=0 D4=840000F D5=842184D8 D6=842184D8 D7=102500 A0=101900 A1=108922 A2=4ABB4 A3=108FAA A4=102500 A5=108000 A6=10BA1E PC=4844 -- 004844: cmp.w   ($2c,A0), D0
D0=F0073 D1=1900 D2=101900 D3=0 D4=840000F D5=842184D8 D6=842184D8 D7=102500 A0=101900 A1=108922 A2=4ABB4 A3=108FAA A4=102500 A5=108000 A6=10BA1E PC=4848 -- 004848: bcc     $4836

   (loops for 42 instructions)

D0=F0073 D1=8100 D2=108100 D3=0 D4=840000F D5=842184D8 D6=842184D8 D7=102500 A0=108100 A1=10892E A2=4ABB4 A3=108FAA A4=102500 A5=108000 A6=10BA1E PC=484A -- 00484A: move.w  A4, (-$2,A1)
D0=F0073 D1=8100 D2=108100 D3=0 D4=840000F D5=842184D8 D6=842184D8 D7=102500 A0=108100 A1=10892E A2=4ABB4 A3=108FAA A4=102500 A5=108000 A6=10BA1E PC=484E -- 00484E: move.w  (A1)+, D0
D0=F8300 D1=8100 D2=108100 D3=0 D4=840000F D5=842184D8 D6=842184D8 D7=102500 A0=108100 A1=108930 A2=4ABB4 A3=108FAA A4=102500 A5=108000 A6=10BA1E PC=4850 -- 004850: move.w  D1, (-$2,A1)
D0=F8300 D1=8100 D2=108100 D3=0 D4=840000F D5=842184D8 D6=842184D8 D7=102500 A0=108100 A1=108930 A2=4ABB4 A3=108FAA A4=102500 A5=108000 A6=10BA1E PC=4854 -- 004854: move.w  D0, D1
D0=F8300 D1=8300 D2=108100 D3=0 D4=840000F D5=842184D8 D6=842184D8 D7=102500 A0=108100 A1=108930 A2=4ABB4 A3=108FAA A4=102500 A5=108000 A6=10BA1E PC=4856 -- 004856: bne     $484e
D0=F8300 D1=8300 D2=108100 D3=0 D4=840000F D5=842184D8 D6=842184D8 D7=102500 A0=108100 A1=108930 A2=4ABB4 A3=108FAA A4=102500 A5=108000 A6=10BA1E PC=484E -- 00484E: move.w  (A1)+, D0
D0=F0000 D1=8300 D2=108100 D3=0 D4=840000F D5=842184D8 D6=842184D8 D7=102500 A0=108100 A1=108932 A2=4ABB4 A3=108FAA A4=102500 A5=108000 A6=10BA1E PC=4850 -- 004850: move.w  D1, (-$2,A1)
D0=F0000 D1=8300 D2=108100 D3=0 D4=840000F D5=842184D8 D6=842184D8 D7=102500 A0=108100 A1=108932 A2=4ABB4 A3=108FAA A4=102500 A5=108000 A6=10BA1E PC=4854 -- 004854: move.w  D0, D1
D0=F0000 D1=0 D2=108100 D3=0 D4=840000F D5=842184D8 D6=842184D8 D7=102500 A0=108100 A1=108932 A2=4ABB4 A3=108FAA A4=102500 A5=108000 A6=10BA1E PC=4856 -- 004856: bne     $484e
D0=F0000 D1=0 D2=108100 D3=0 D4=840000F D5=842184D8 D6=842184D8 D7=102500 A0=108100 A1=108932 A2=4ABB4 A3=108FAA A4=102500 A5=108000 A6=10BA1E PC=4858 -- 004858: rts
D0=F0000 D1=0 D2=108100 D3=0 D4=840000F D5=842184D8 D6=842184D8 D7=102500 A0=108100 A1=108932 A2=4ABB4 A3=108FAA A4=102500 A5=108000 A6=10BA1E PC=32B3C -- 032B3C: move.l  A4, D7
D0=F0000 D1=0 D2=108100 D3=0 D4=840000F D5=842184D8 D6=842184D8 D7=102500 A0=108100 A1=108932 A2=4ABB4 A3=108FAA A4=102500 A5=108000 A6=10BA1E PC=32B3E -- 032B3E: move.w  ($4,A4), D7
D0=F0000 D1=0 D2=108100 D3=0 D4=840000F D5=842184D8 D6=842184D8 D7=102700 A0=108100 A1=108932 A2=4ABB4 A3=108FAA A4=102500 A5=108000 A6=10BA1E PC=32B42 -- 032B42: bpl     $32b36
D0=F0000 D1=0 D2=108100 D3=0 D4=840000F D5=842184D8 D6=842184D8 D7=102700 A0=108100 A1=108932 A2=4ABB4 A3=108FAA A4=102500 A5=108000 A6=10BA1E PC=32B36 -- 032B36: movea.l D7, A4
D0=F0000 D1=0 D2=108100 D3=0 D4=840000F D5=842184D8 D6=842184D8 D7=102700 A0=108100 A1=108932 A2=4ABB4 A3=108FAA A4=102700 A5=108000 A6=10BA1E PC=32B38 -- 032B38: movea.l (A4), A0
D0=F0000 D1=0 D2=108100 D3=0 D4=840000F D5=842184D8 D6=842184D8 D7=102700 A0=37E3E A1=108932 A2=4ABB4 A3=108FAA A4=102700 A5=108000 A6=10BA1E PC=32B3A -- 032B3A: jsr     (A0)
D0=F0000 D1=0 D2=108100 D3=0 D4=840000F D5=842184D8 D6=842184D8 D7=102700 A0=37E3E A1=108932 A2=4ABB4 A3=108FAA A4=102700 A5=108000 A6=10BA1E PC=37E3E -- 037E3E: move.w  ($d0,A4), D0
D0=F0006 D1=0 D2=108100 D3=0 D4=840000F D5=842184D8 D6=842184D8 D7=102700 A0=37E3E A1=108932 A2=4ABB4 A3=108FAA A4=102700 A5=108000 A6=10BA1E PC=37E42 -- 037E42: movea.l ($84,A4), A0
D0=F0006 D1=0 D2=108100 D3=0 D4=840000F D5=842184D8 D6=842184D8 D7=102700 A0=108584 A1=108932 A2=4ABB4 A3=108FAA A4=102700 A5=108000 A6=10BA1E PC=37E46 -- 037E46: btst    D0, ($cf,A0)
D0=F0006 D1=0 D2=108100 D3=0 D4=840000F D5=842184D8 D6=842184D8 D7=102700 A0=108584 A1=108932 A2=4ABB4 A3=108FAA A4=102700 A5=108000 A6=10BA1E PC=37E4A -- 037E4A: beq     $36eaa
D0=F0006 D1=0 D2=108100 D3=0 D4=840000F D5=842184D8 D6=842184D8 D7=102700 A0=108584 A1=108932 A2=4ABB4 A3=108FAA A4=102700 A5=108000 A6=10BA1E PC=36EAA -- 036EAA: rts
D0=F0006 D1=0 D2=108100 D3=0 D4=840000F D5=842184D8 D6=842184D8 D7=102700 A0=108584 A1=108932 A2=4ABB4 A3=108FAA A4=102700 A5=108000 A6=10BA1E PC=32B3C -- 032B3C: move.l  A4, D7
D0=F0006 D1=0 D2=108100 D3=0 D4=840000F D5=842184D8 D6=842184D8 D7=102700 A0=108584 A1=108932 A2=4ABB4 A3=108FAA A4=102700 A5=108000 A6=10BA1E PC=32B3E -- 032B3E: move.w  ($4,A4), D7
D0=F0006 D1=0 D2=108100 D3=0 D4=840000F D5=842184D8 D6=842184D8 D7=102900 A0=108584 A1=108932 A2=4ABB4 A3=108FAA A4=102700 A5=108000 A6=10BA1E PC=32B42 -- 032B42: bpl     $32b36
D0=F0006 D1=0 D2=108100 D3=0 D4=840000F D5=842184D8 D6=842184D8 D7=102900 A0=108584 A1=108932 A2=4ABB4 A3=108FAA A4=102700 A5=108000 A6=10BA1E PC=32B36 -- 032B36: movea.l D7, A4
D0=F0006 D1=0 D2=108100 D3=0 D4=840000F D5=842184D8 D6=842184D8 D7=102900 A0=108584 A1=108932 A2=4ABB4 A3=108FAA A4=102900 A5=108000 A6=10BA1E PC=32B38 -- 032B38: movea.l (A4), A0
D0=F0006 D1=0 D2=108100 D3=0 D4=840000F D5=842184D8 D6=842184D8 D7=102900 A0=379A2 A1=108932 A2=4ABB4 A3=108FAA A4=102900 A5=108000 A6=10BA1E PC=32B3A -- 032B3A: jsr     (A0)
D0=F0006 D1=0 D2=108100 D3=0 D4=840000F D5=842184D8 D6=842184D8 D7=102900 A0=379A2 A1=108932 A2=4ABB4 A3=108FAA A4=102900 A5=108000 A6=10BA1E PC=379A2 -- 0379A2: btst    #$0, ($cf,A4)
D0=F0006 D1=0 D2=108100 D3=0 D4=840000F D5=842184D8 D6=842184D8 D7=102900 A0=379A2 A1=108932 A2=4ABB4 A3=108FAA A4=102900 A5=108000 A6=10BA1E PC=379A8 -- 0379A8: bne     $379f4
D0=F0006 D1=0 D2=108100 D3=0 D4=840000F D5=842184D8 D6=842184D8 D7=102900 A0=379A2 A1=108932 A2=4ABB4 A3=108FAA A4=102900 A5=108000 A6=10BA1E PC=379AA -- 0379AA: moveq   #$0, D0
D0=0 D1=0 D2=108100 D3=0 D4=840000F D5=842184D8 D6=842184D8 D7=102900 A0=379A2 A1=108932 A2=4ABB4 A3=108FAA A4=102900 A5=108000 A6=10BA1E PC=379AC -- 0379AC: move.b  ($231,A5), D0
D0=5 D1=0 D2=108100 D3=0 D4=840000F D5=842184D8 D6=842184D8 D7=102900 A0=379A2 A1=108932 A2=4ABB4 A3=108FAA A4=102900 A5=108000 A6=10BA1E PC=379B0 -- 0379B0: move.b  ($501c,A5), ($d8,A4)
D0=5 D1=0 D2=108100 D3=0 D4=840000F D5=842184D8 D6=842184D8 D7=102900 A0=379A2 A1=108932 A2=4ABB4 A3=108FAA A4=102900 A5=108000 A6=10BA1E PC=379B6 -- 0379B6: cmpi.l  #$108100, ($84,A4)
D0=5 D1=0 D2=108100 D3=0 D4=840000F D5=842184D8 D6=842184D8 D7=102900 A0=379A2 A1=108932 A2=4ABB4 A3=108FAA A4=102900 A5=108000 A6=10BA1E PC=379BE -- 0379BE: beq     $379ca
D0=5 D1=0 D2=108100 D3=0 D4=840000F D5=842184D8 D6=842184D8 D7=102900 A0=379A2 A1=108932 A2=4ABB4 A3=108FAA A4=102900 A5=108000 A6=10BA1E PC=379CA -- 0379CA: bsr     $3790e
D0=5 D1=0 D2=108100 D3=0 D4=840000F D5=842184D8 D6=842184D8 D7=102900 A0=379A2 A1=108932 A2=4ABB4 A3=108FAA A4=102900 A5=108000 A6=10BA1E PC=3790E -- 03790E: add.w   D0, D0
D0=A D1=0 D2=108100 D3=0 D4=840000F D5=842184D8 D6=842184D8 D7=102900 A0=379A2 A1=108932 A2=4ABB4 A3=108FAA A4=102900 A5=108000 A6=10BA1E PC=37910 -- 037910: add.w   D0, D0
D0=14 D1=0 D2=108100 D3=0 D4=840000F D5=842184D8 D6=842184D8 D7=102900 A0=379A2 A1=108932 A2=4ABB4 A3=108FAA A4=102900 A5=108000 A6=10BA1E PC=37912 -- 037912: lea     $534dc.l, A2
D0=14 D1=0 D2=108100 D3=0 D4=840000F D5=842184D8 D6=842184D8 D7=102900 A0=379A2 A1=108932 A2=534DC A3=108FAA A4=102900 A5=108000 A6=10BA1E PC=37918 -- 037918: adda.w  D0, A2
D0=14 D1=0 D2=108100 D3=0 D4=840000F D5=842184D8 D6=842184D8 D7=102900 A0=379A2 A1=108932 A2=534F0 A3=108FAA A4=102900 A5=108000 A6=10BA1E PC=3791A -- 03791A: rts
D0=14 D1=0 D2=108100 D3=0 D4=840000F D5=842184D8 D6=842184D8 D7=102900 A0=379A2 A1=108932 A2=534F0 A3=108FAA A4=102900 A5=108000 A6=10BA1E PC=379CE -- 0379CE: move.w  ($d0,A4), D0
D0=0 D1=0 D2=108100 D3=0 D4=840000F D5=842184D8 D6=842184D8 D7=102900 A0=379A2 A1=108932 A2=534F0 A3=108FAA A4=102900 A5=108000 A6=10BA1E PC=379D2 -- 0379D2: move.b  (A2,D0.w), ($71,A4)
D0=0 D1=0 D2=108100 D3=0 D4=840000F D5=842184D8 D6=842184D8 D7=102900 A0=379A2 A1=108932 A2=534F0 A3=108FAA A4=102900 A5=108000 A6=10BA1E PC=379D8 -- 0379D8: move.b  #$ff, ($78,A4)
D0=0 D1=0 D2=108100 D3=0 D4=840000F D5=842184D8 D6=842184D8 D7=102900 A0=379A2 A1=108932 A2=534F0 A3=108FAA A4=102900 A5=108000 A6=10BA1E PC=379DE -- 0379DE: jsr     $48e6.w
D0=0 D1=0 D2=108100 D3=0 D4=840000F D5=842184D8 D6=842184D8 D7=102900 A0=379A2 A1=108932 A2=534F0 A3=108FAA A4=102900 A5=108000 A6=10BA1E PC=48E6 -- 0048E6: move.w  ($70,A4), D0
D0=F D1=0 D2=108100 D3=0 D4=840000F D5=842184D8 D6=842184D8 D7=102900 A0=379A2 A1=108932 A2=534F0 A3=108FAA A4=102900 A5=108000 A6=10BA1E PC=48EA -- 0048EA: cmp.b   ($78,A4), D0
D0=F D1=0 D2=108100 D3=0 D4=840000F D5=842184D8 D6=842184D8 D7=102900 A0=379A2 A1=108932 A2=534F0 A3=108FAA A4=102900 A5=108000 A6=10BA1E PC=48EE -- 0048EE: bne     $491c
D0=F D1=0 D2=108100 D3=0 D4=840000F D5=842184D8 D6=842184D8 D7=102900 A0=379A2 A1=108932 A2=534F0 A3=108FAA A4=102900 A5=108000 A6=10BA1E PC=491C -- 00491C: move.b  D0, ($78,A4)
D0=F D1=0 D2=108100 D3=0 D4=840000F D5=842184D8 D6=842184D8 D7=102900 A0=379A2 A1=108932 A2=534F0 A3=108FAA A4=102900 A5=108000 A6=10BA1E PC=4920 -- 004920: clr.w   ($74,A4)
D0=F D1=0 D2=108100 D3=0 D4=840000F D5=842184D8 D6=842184D8 D7=102900 A0=379A2 A1=108932 A2=534F0 A3=108FAA A4=102900 A5=108000 A6=10BA1E PC=4924 -- 004924: clr.w   ($7e,A4)
D0=F D1=0 D2=108100 D3=0 D4=840000F D5=842184D8 D6=842184D8 D7=102900 A0=379A2 A1=108932 A2=534F0 A3=108FAA A4=102900 A5=108000 A6=10BA1E PC=4928 -- 004928: clr.b   ($7d,A4)
D0=F D1=0 D2=108100 D3=0 D4=840000F D5=842184D8 D6=842184D8 D7=102900 A0=379A2 A1=108932 A2=534F0 A3=108FAA A4=102900 A5=108000 A6=10BA1E PC=492C -- 00492C: andi.w  #$efff, ($e6,A4)
D0=F D1=0 D2=108100 D3=0 D4=840000F D5=842184D8 D6=842184D8 D7=102900 A0=379A2 A1=108932 A2=534F0 A3=108FAA A4=102900 A5=108000 A6=10BA1E PC=4932 -- 004932: bsr     $49f8
D0=F D1=0 D2=108100 D3=0 D4=840000F D5=842184D8 D6=842184D8 D7=102900 A0=379A2 A1=108932 A2=534F0 A3=108FAA A4=102900 A5=108000 A6=10BA1E PC=49F8 -- 0049F8: lea     ($90,A4), A0
D0=F D1=0 D2=108100 D3=0 D4=840000F D5=842184D8 D6=842184D8 D7=102900 A0=102990 A1=108932 A2=534F0 A3=108FAA A4=102900 A5=108000 A6=10BA1E PC=49FC -- 0049FC: clr.b   (A0)
D0=F D1=0 D2=108100 D3=0 D4=840000F D5=842184D8 D6=842184D8 D7=102900 A0=102990 A1=108932 A2=534F0 A3=108FAA A4=102900 A5=108000 A6=10BA1E PC=49FE -- 0049FE: clr.b   ($5,A0)
D0=F D1=0 D2=108100 D3=0 D4=840000F D5=842184D8 D6=842184D8 D7=102900 A0=102990 A1=108932 A2=534F0 A3=108FAA A4=102900 A5=108000 A6=10BA1E PC=4A02 -- 004A02: clr.b   ($a,A0)
D0=F D1=0 D2=108100 D3=0 D4=840000F D5=842184D8 D6=842184D8 D7=102900 A0=102990 A1=108932 A2=534F0 A3=108FAA A4=102900 A5=108000 A6=10BA1E PC=4A06 -- 004A06: clr.b   ($f,A0)
D0=F D1=0 D2=108100 D3=0 D4=840000F D5=842184D8 D6=842184D8 D7=102900 A0=102990 A1=108932 A2=534F0 A3=108FAA A4=102900 A5=108000 A6=10BA1E PC=4A0A -- 004A0A: rts
D0=F D1=0 D2=108100 D3=0 D4=840000F D5=842184D8 D6=842184D8 D7=102900 A0=102990 A1=108932 A2=534F0 A3=108FAA A4=102900 A5=108000 A6=10BA1E PC=4936 -- 004936: bsr     $4962
D0=F D1=0 D2=108100 D3=0 D4=840000F D5=842184D8 D6=842184D8 D7=102900 A0=102990 A1=108932 A2=534F0 A3=108FAA A4=102900 A5=108000 A6=10BA1E PC=4962 -- 004962: lea     $7bf48.l, A0
D0=F D1=0 D2=108100 D3=0 D4=840000F D5=842184D8 D6=842184D8 D7=102900 A0=7BF48 A1=108932 A2=534F0 A3=108FAA A4=102900 A5=108000 A6=10BA1E PC=4968 -- 004968: move.w  ($70,A4), D0
D0=F D1=0 D2=108100 D3=0 D4=840000F D5=842184D8 D6=842184D8 D7=102900 A0=7BF48 A1=108932 A2=534F0 A3=108FAA A4=102900 A5=108000 A6=10BA1E PC=496C -- 00496C: add.w   D0, D0
D0=1E D1=0 D2=108100 D3=0 D4=840000F D5=842184D8 D6=842184D8 D7=102900 A0=7BF48 A1=108932 A2=534F0 A3=108FAA A4=102900 A5=108000 A6=10BA1E PC=496E -- 00496E: add.w   D0, D0
D0=3C D1=0 D2=108100 D3=0 D4=840000F D5=842184D8 D6=842184D8 D7=102900 A0=7BF48 A1=108932 A2=534F0 A3=108FAA A4=102900 A5=108000 A6=10BA1E PC=4970 -- 004970: movea.l (A0,D0.w), A0
D0=3C D1=0 D2=108100 D3=0 D4=840000F D5=842184D8 D6=842184D8 D7=102900 A0=7DDC0 A1=108932 A2=534F0 A3=108FAA A4=102900 A5=108000 A6=10BA1E PC=4974 -- 004974: move.w  ($72,A4), D0
D0=0 D1=0 D2=108100 D3=0 D4=840000F D5=842184D8 D6=842184D8 D7=102900 A0=7DDC0 A1=108932 A2=534F0 A3=108FAA A4=102900 A5=108000 A6=10BA1E PC=4978 -- 004978: add.w   D0, D0
D0=0 D1=0 D2=108100 D3=0 D4=840000F D5=842184D8 D6=842184D8 D7=102900 A0=7DDC0 A1=108932 A2=534F0 A3=108FAA A4=102900 A5=108000 A6=10BA1E PC=497A -- 00497A: move.w  (A0,D0.w), ($46de,A5)
D0=0 D1=0 D2=108100 D3=0 D4=840000F D5=842184D8 D6=842184D8 D7=102900 A0=7DDC0 A1=108932 A2=534F0 A3=108FAA A4=102900 A5=108000 A6=10BA1E PC=4980 -- 004980: lea     $80000.l, A0
D0=0 D1=0 D2=108100 D3=0 D4=840000F D5=842184D8 D6=842184D8 D7=102900 A0=80000 A1=108932 A2=534F0 A3=108FAA A4=102900 A5=108000 A6=10BA1E PC=4986 -- 004986: move.w  ($70,A4), D0
D0=F D1=0 D2=108100 D3=0 D4=840000F D5=842184D8 D6=842184D8 D7=102900 A0=80000 A1=108932 A2=534F0 A3=108FAA A4=102900 A5=108000 A6=10BA1E PC=498A -- 00498A: add.w   D0, D0
D0=1E D1=0 D2=108100 D3=0 D4=840000F D5=842184D8 D6=842184D8 D7=102900 A0=80000 A1=108932 A2=534F0 A3=108FAA A4=102900 A5=108000 A6=10BA1E PC=498C -- 00498C: add.w   D0, D0
D0=3C D1=0 D2=108100 D3=0 D4=840000F D5=842184D8 D6=842184D8 D7=102900 A0=80000 A1=108932 A2=534F0 A3=108FAA A4=102900 A5=108000 A6=10BA1E PC=498E -- 00498E: movea.l (A0,D0.w), A0
D0=3C D1=0 D2=108100 D3=0 D4=840000F D5=842184D8 D6=842184D8 D7=102900 A0=83E00 A1=108932 A2=534F0 A3=108FAA A4=102900 A5=108000 A6=10BA1E PC=4992 -- 004992: move.w  ($46de,A5), D0
D0=0 D1=0 D2=108100 D3=0 D4=840000F D5=842184D8 D6=842184D8 D7=102900 A0=83E00 A1=108932 A2=534F0 A3=108FAA A4=102900 A5=108000 A6=10BA1E PC=4996 -- 004996: tst.b   ($46e2,A5)
D0=0 D1=0 D2=108100 D3=0 D4=840000F D5=842184D8 D6=842184D8 D7=102900 A0=83E00 A1=108932 A2=534F0 A3=108FAA A4=102900 A5=108000 A6=10BA1E PC=499A -- 00499A: beq     $49a0
D0=0 D1=0 D2=108100 D3=0 D4=840000F D5=842184D8 D6=842184D8 D7=102900 A0=83E00 A1=108932 A2=534F0 A3=108FAA A4=102900 A5=108000 A6=10BA1E PC=49A0 -- 0049A0: andi.w  #$ff, D0
D0=0 D1=0 D2=108100 D3=0 D4=840000F D5=842184D8 D6=842184D8 D7=102900 A0=83E00 A1=108932 A2=534F0 A3=108FAA A4=102900 A5=108000 A6=10BA1E PC=49A4 -- 0049A4: add.w   D0, D0
D0=0 D1=0 D2=108100 D3=0 D4=840000F D5=842184D8 D6=842184D8 D7=102900 A0=83E00 A1=108932 A2=534F0 A3=108FAA A4=102900 A5=108000 A6=10BA1E PC=49A6 -- 0049A6: add.w   D0, D0
D0=0 D1=0 D2=108100 D3=0 D4=840000F D5=842184D8 D6=842184D8 D7=102900 A0=83E00 A1=108932 A2=534F0 A3=108FAA A4=102900 A5=108000 A6=10BA1E PC=49A8 -- 0049A8: movea.l (A0,D0.w), A0
D0=0 D1=0 D2=108100 D3=0 D4=840000F D5=842184D8 D6=842184D8 D7=102900 A0=CC3A8 A1=108932 A2=534F0 A3=108FAA A4=102900 A5=108000 A6=10BA1E PC=49AC -- 0049AC: move.w  ($74,A4), D0
D0=0 D1=0 D2=108100 D3=0 D4=840000F D5=842184D8 D6=842184D8 D7=102900 A0=CC3A8 A1=108932 A2=534F0 A3=108FAA A4=102900 A5=108000 A6=10BA1E PC=49B0 -- 0049B0: adda.w  D0, A0
D0=0 D1=0 D2=108100 D3=0 D4=840000F D5=842184D8 D6=842184D8 D7=102900 A0=CC3A8 A1=108932 A2=534F0 A3=108FAA A4=102900 A5=108000 A6=10BA1E PC=49B2 -- 0049B2: move.b  (A0), ($76,A4)
D0=0 D1=0 D2=108100 D3=0 D4=840000F D5=842184D8 D6=842184D8 D7=102900 A0=CC3A8 A1=108932 A2=534F0 A3=108FAA A4=102900 A5=108000 A6=10BA1E PC=49B6 -- 0049B6: bmi     $4a22
D0=0 D1=0 D2=108100 D3=0 D4=840000F D5=842184D8 D6=842184D8 D7=102900 A0=CC3A8 A1=108932 A2=534F0 A3=108FAA A4=102900 A5=108000 A6=10BA1E PC=4A22 -- 004A22: addq.w  #6, ($74,A4)
D0=0 D1=0 D2=108100 D3=0 D4=840000F D5=842184D8 D6=842184D8 D7=102900 A0=CC3A8 A1=108932 A2=534F0 A3=108FAA A4=102900 A5=108000 A6=10BA1E PC=4A26 -- 004A26: moveq   #$0, D0
D0=0 D1=0 D2=108100 D3=0 D4=840000F D5=842184D8 D6=842184D8 D7=102900 A0=CC3A8 A1=108932 A2=534F0 A3=108FAA A4=102900 A5=108000 A6=10BA1E PC=4A28 -- 004A28: move.b  (A0), D0
D0=FD D1=0 D2=108100 D3=0 D4=840000F D5=842184D8 D6=842184D8 D7=102900 A0=CC3A8 A1=108932 A2=534F0 A3=108FAA A4=102900 A5=108000 A6=10BA1E PC=4A2A -- 004A2A: neg.b   D0
D0=3 D1=0 D2=108100 D3=0 D4=840000F D5=842184D8 D6=842184D8 D7=102900 A0=CC3A8 A1=108932 A2=534F0 A3=108FAA A4=102900 A5=108000 A6=10BA1E PC=4A2C -- 004A2C: subq.b  #1, D0
D0=2 D1=0 D2=108100 D3=0 D4=840000F D5=842184D8 D6=842184D8 D7=102900 A0=CC3A8 A1=108932 A2=534F0 A3=108FAA A4=102900 A5=108000 A6=10BA1E PC=4A2E -- 004A2E: add.w   D0, D0
D0=4 D1=0 D2=108100 D3=0 D4=840000F D5=842184D8 D6=842184D8 D7=102900 A0=CC3A8 A1=108932 A2=534F0 A3=108FAA A4=102900 A5=108000 A6=10BA1E PC=4A30 -- 004A30: add.w   D0, D0
D0=8 D1=0 D2=108100 D3=0 D4=840000F D5=842184D8 D6=842184D8 D7=102900 A0=CC3A8 A1=108932 A2=534F0 A3=108FAA A4=102900 A5=108000 A6=10BA1E PC=4A32 -- 004A32: lea     ($e,PC) ; ($4a42), A1
D0=8 D1=0 D2=108100 D3=0 D4=840000F D5=842184D8 D6=842184D8 D7=102900 A0=CC3A8 A1=4A42 A2=534F0 A3=108FAA A4=102900 A5=108000 A6=10BA1E PC=4A36 -- 004A36: nop
D0=8 D1=0 D2=108100 D3=0 D4=840000F D5=842184D8 D6=842184D8 D7=102900 A0=CC3A8 A1=4A42 A2=534F0 A3=108FAA A4=102900 A5=108000 A6=10BA1E PC=4A38 -- 004A38: movea.l (A1,D0.w), A1
D0=8 D1=0 D2=108100 D3=0 D4=840000F D5=842184D8 D6=842184D8 D7=102900 A0=CC3A8 A1=4A74 A2=534F0 A3=108FAA A4=102900 A5=108000 A6=10BA1E PC=4A3C -- 004A3C: jsr     (A1)
D0=8 D1=0 D2=108100 D3=0 D4=840000F D5=842184D8 D6=842184D8 D7=102900 A0=CC3A8 A1=4A74 A2=534F0 A3=108FAA A4=102900 A5=108000 A6=10BA1E PC=4A74 -- 004A74: addq.l  #1, A0
D0=8 D1=0 D2=108100 D3=0 D4=840000F D5=842184D8 D6=842184D8 D7=102900 A0=CC3A9 A1=4A74 A2=534F0 A3=108FAA A4=102900 A5=108000 A6=10BA1E PC=4A76 -- 004A76: move.b  (A0)+, D0
D0=30 D1=0 D2=108100 D3=0 D4=840000F D5=842184D8 D6=842184D8 D7=102900 A0=CC3AA A1=4A74 A2=534F0 A3=108FAA A4=102900 A5=108000 A6=10BA1E PC=4A78 -- 004A78: move.b  D0, D1
D0=30 D1=30 D2=108100 D3=0 D4=840000F D5=842184D8 D6=842184D8 D7=102900 A0=CC3AA A1=4A74 A2=534F0 A3=108FAA A4=102900 A5=108000 A6=10BA1E PC=4A7A -- 004A7A: andi.w  #$f, D1
D0=30 D1=0 D2=108100 D3=0 D4=840000F D5=842184D8 D6=842184D8 D7=102900 A0=CC3AA A1=4A74 A2=534F0 A3=108FAA A4=102900 A5=108000 A6=10BA1E PC=4A7E -- 004A7E: lea     ($90,A4), A1
D0=30 D1=0 D2=108100 D3=0 D4=840000F D5=842184D8 D6=842184D8 D7=102900 A0=CC3AA A1=102990 A2=534F0 A3=108FAA A4=102900 A5=108000 A6=10BA1E PC=4A82 -- 004A82: mulu.w  #$5, D1
D0=30 D1=0 D2=108100 D3=0 D4=840000F D5=842184D8 D6=842184D8 D7=102900 A0=CC3AA A1=102990 A2=534F0 A3=108FAA A4=102900 A5=108000 A6=10BA1E PC=4A86 -- 004A86: adda.l  D1, A1
D0=30 D1=0 D2=108100 D3=0 D4=840000F D5=842184D8 D6=842184D8 D7=102900 A0=CC3AA A1=102990 A2=534F0 A3=108FAA A4=102900 A5=108000 A6=10BA1E PC=4A88 -- 004A88: lsr.b   #4, D0
D0=3 D1=0 D2=108100 D3=0 D4=840000F D5=842184D8 D6=842184D8 D7=102900 A0=CC3AA A1=102990 A2=534F0 A3=108FAA A4=102900 A5=108000 A6=10BA1E PC=4A8A -- 004A8A: move.b  D0, (A1)+
D0=3 D1=0 D2=108100 D3=0 D4=840000F D5=842184D8 D6=842184D8 D7=102900 A0=CC3AA A1=102991 A2=534F0 A3=108FAA A4=102900 A5=108000 A6=10BA1E PC=4A8C -- 004A8C: move.b  (A0)+, (A1)+
D0=3 D1=0 D2=108100 D3=0 D4=840000F D5=842184D8 D6=842184D8 D7=102900 A0=CC3AB A1=102992 A2=534F0 A3=108FAA A4=102900 A5=108000 A6=10BA1E PC=4A8E -- 004A8E: move.b  (A0)+, (A1)+
D0=3 D1=0 D2=108100 D3=0 D4=840000F D5=842184D8 D6=842184D8 D7=102900 A0=CC3AC A1=102993 A2=534F0 A3=108FAA A4=102900 A5=108000 A6=10BA1E PC=4A90 -- 004A90: move.b  (A0)+, (A1)+
D0=3 D1=0 D2=108100 D3=0 D4=840000F D5=842184D8 D6=842184D8 D7=102900 A0=CC3AD A1=102994 A2=534F0 A3=108FAA A4=102900 A5=108000 A6=10BA1E PC=4A92 -- 004A92: move.b  (A0), (A1)+
D0=3 D1=0 D2=108100 D3=0 D4=840000F D5=842184D8 D6=842184D8 D7=102900 A0=CC3AD A1=102995 A2=534F0 A3=108FAA A4=102900 A5=108000 A6=10BA1E PC=4A94 -- 004A94: rts
D0=3 D1=0 D2=108100 D3=0 D4=840000F D5=842184D8 D6=842184D8 D7=102900 A0=CC3AD A1=102995 A2=534F0 A3=108FAA A4=102900 A5=108000 A6=10BA1E PC=4A3E -- 004A3E: bra     $4962
D0=3 D1=0 D2=108100 D3=0 D4=840000F D5=842184D8 D6=842184D8 D7=102900 A0=CC3AD A1=102995 A2=534F0 A3=108FAA A4=102900 A5=108000 A6=10BA1E PC=4962 -- 004962: lea     $7bf48.l, A0
D0=3 D1=0 D2=108100 D3=0 D4=840000F D5=842184D8 D6=842184D8 D7=102900 A0=7BF48 A1=102995 A2=534F0 A3=108FAA A4=102900 A5=108000 A6=10BA1E PC=4968 -- 004968: move.w  ($70,A4), D0
D0=F D1=0 D2=108100 D3=0 D4=840000F D5=842184D8 D6=842184D8 D7=102900 A0=7BF48 A1=102995 A2=534F0 A3=108FAA A4=102900 A5=108000 A6=10BA1E PC=496C -- 00496C: add.w   D0, D0
D0=1E D1=0 D2=108100 D3=0 D4=840000F D5=842184D8 D6=842184D8 D7=102900 A0=7BF48 A1=102995 A2=534F0 A3=108FAA A4=102900 A5=108000 A6=10BA1E PC=496E -- 00496E: add.w   D0, D0
D0=3C D1=0 D2=108100 D3=0 D4=840000F D5=842184D8 D6=842184D8 D7=102900 A0=7BF48 A1=102995 A2=534F0 A3=108FAA A4=102900 A5=108000 A6=10BA1E PC=4970 -- 004970: movea.l (A0,D0.w), A0
D0=3C D1=0 D2=108100 D3=0 D4=840000F D5=842184D8 D6=842184D8 D7=102900 A0=7DDC0 A1=102995 A2=534F0 A3=108FAA A4=102900 A5=108000 A6=10BA1E PC=4974 -- 004974: move.w  ($72,A4), D0
D0=0 D1=0 D2=108100 D3=0 D4=840000F D5=842184D8 D6=842184D8 D7=102900 A0=7DDC0 A1=102995 A2=534F0 A3=108FAA A4=102900 A5=108000 A6=10BA1E PC=4978 -- 004978: add.w   D0, D0
D0=0 D1=0 D2=108100 D3=0 D4=840000F D5=842184D8 D6=842184D8 D7=102900 A0=7DDC0 A1=102995 A2=534F0 A3=108FAA A4=102900 A5=108000 A6=10BA1E PC=497A -- 00497A: move.w  (A0,D0.w), ($46de,A5)
D0=0 D1=0 D2=108100 D3=0 D4=840000F D5=842184D8 D6=842184D8 D7=102900 A0=7DDC0 A1=102995 A2=534F0 A3=108FAA A4=102900 A5=108000 A6=10BA1E PC=4980 -- 004980: lea     $80000.l, A0
D0=0 D1=0 D2=108100 D3=0 D4=840000F D5=842184D8 D6=842184D8 D7=102900 A0=80000 A1=102995 A2=534F0 A3=108FAA A4=102900 A5=108000 A6=10BA1E PC=4986 -- 004986: move.w  ($70,A4), D0
D0=F D1=0 D2=108100 D3=0 D4=840000F D5=842184D8 D6=842184D8 D7=102900 A0=80000 A1=102995 A2=534F0 A3=108FAA A4=102900 A5=108000 A6=10BA1E PC=498A -- 00498A: add.w   D0, D0
D0=1E D1=0 D2=108100 D3=0 D4=840000F D5=842184D8 D6=842184D8 D7=102900 A0=80000 A1=102995 A2=534F0 A3=108FAA A4=102900 A5=108000 A6=10BA1E PC=498C -- 00498C: add.w   D0, D0
D0=3C D1=0 D2=108100 D3=0 D4=840000F D5=842184D8 D6=842184D8 D7=102900 A0=80000 A1=102995 A2=534F0 A3=108FAA A4=102900 A5=108000 A6=10BA1E PC=498E -- 00498E: movea.l (A0,D0.w), A0
D0=3C D1=0 D2=108100 D3=0 D4=840000F D5=842184D8 D6=842184D8 D7=102900 A0=83E00 A1=102995 A2=534F0 A3=108FAA A4=102900 A5=108000 A6=10BA1E PC=4992 -- 004992: move.w  ($46de,A5), D0
D0=0 D1=0 D2=108100 D3=0 D4=840000F D5=842184D8 D6=842184D8 D7=102900 A0=83E00 A1=102995 A2=534F0 A3=108FAA A4=102900 A5=108000 A6=10BA1E PC=4996 -- 004996: tst.b   ($46e2,A5)
D0=0 D1=0 D2=108100 D3=0 D4=840000F D5=842184D8 D6=842184D8 D7=102900 A0=83E00 A1=102995 A2=534F0 A3=108FAA A4=102900 A5=108000 A6=10BA1E PC=499A -- 00499A: beq     $49a0
D0=0 D1=0 D2=108100 D3=0 D4=840000F D5=842184D8 D6=842184D8 D7=102900 A0=83E00 A1=102995 A2=534F0 A3=108FAA A4=102900 A5=108000 A6=10BA1E PC=49A0 -- 0049A0: andi.w  #$ff, D0
D0=0 D1=0 D2=108100 D3=0 D4=840000F D5=842184D8 D6=842184D8 D7=102900 A0=83E00 A1=102995 A2=534F0 A3=108FAA A4=102900 A5=108000 A6=10BA1E PC=49A4 -- 0049A4: add.w   D0, D0
D0=0 D1=0 D2=108100 D3=0 D4=840000F D5=842184D8 D6=842184D8 D7=102900 A0=83E00 A1=102995 A2=534F0 A3=108FAA A4=102900 A5=108000 A6=10BA1E PC=49A6 -- 0049A6: add.w   D0, D0
D0=0 D1=0 D2=108100 D3=0 D4=840000F D5=842184D8 D6=842184D8 D7=102900 A0=83E00 A1=102995 A2=534F0 A3=108FAA A4=102900 A5=108000 A6=10BA1E PC=49A8 -- 0049A8: movea.l (A0,D0.w), A0
D0=0 D1=0 D2=108100 D3=0 D4=840000F D5=842184D8 D6=842184D8 D7=102900 A0=CC3A8 A1=102995 A2=534F0 A3=108FAA A4=102900 A5=108000 A6=10BA1E PC=49AC -- 0049AC: move.w  ($74,A4), D0
D0=6 D1=0 D2=108100 D3=0 D4=840000F D5=842184D8 D6=842184D8 D7=102900 A0=CC3A8 A1=102995 A2=534F0 A3=108FAA A4=102900 A5=108000 A6=10BA1E PC=49B0 -- 0049B0: adda.w  D0, A0
D0=6 D1=0 D2=108100 D3=0 D4=840000F D5=842184D8 D6=842184D8 D7=102900 A0=CC3AE A1=102995 A2=534F0 A3=108FAA A4=102900 A5=108000 A6=10BA1E PC=49B2 -- 0049B2: move.b  (A0), ($76,A4)
D0=6 D1=0 D2=108100 D3=0 D4=840000F D5=842184D8 D6=842184D8 D7=102900 A0=CC3AE A1=102995 A2=534F0 A3=108FAA A4=102900 A5=108000 A6=10BA1E PC=49B6 -- 0049B6: bmi     $4a22
D0=6 D1=0 D2=108100 D3=0 D4=840000F D5=842184D8 D6=842184D8 D7=102900 A0=CC3AE A1=102995 A2=534F0 A3=108FAA A4=102900 A5=108000 A6=10BA1E PC=4A22 -- 004A22: addq.w  #6, ($74,A4)
D0=6 D1=0 D2=108100 D3=0 D4=840000F D5=842184D8 D6=842184D8 D7=102900 A0=CC3AE A1=102995 A2=534F0 A3=108FAA A4=102900 A5=108000 A6=10BA1E PC=4A26 -- 004A26: moveq   #$0, D0
D0=0 D1=0 D2=108100 D3=0 D4=840000F D5=842184D8 D6=842184D8 D7=102900 A0=CC3AE A1=102995 A2=534F0 A3=108FAA A4=102900 A5=108000 A6=10BA1E PC=4A28 -- 004A28: move.b  (A0), D0
D0=FD D1=0 D2=108100 D3=0 D4=840000F D5=842184D8 D6=842184D8 D7=102900 A0=CC3AE A1=102995 A2=534F0 A3=108FAA A4=102900 A5=108000 A6=10BA1E PC=4A2A -- 004A2A: neg.b   D0
D0=3 D1=0 D2=108100 D3=0 D4=840000F D5=842184D8 D6=842184D8 D7=102900 A0=CC3AE A1=102995 A2=534F0 A3=108FAA A4=102900 A5=108000 A6=10BA1E PC=4A2C -- 004A2C: subq.b  #1, D0
D0=2 D1=0 D2=108100 D3=0 D4=840000F D5=842184D8 D6=842184D8 D7=102900 A0=CC3AE A1=102995 A2=534F0 A3=108FAA A4=102900 A5=108000 A6=10BA1E PC=4A2E -- 004A2E: add.w   D0, D0
D0=4 D1=0 D2=108100 D3=0 D4=840000F D5=842184D8 D6=842184D8 D7=102900 A0=CC3AE A1=102995 A2=534F0 A3=108FAA A4=102900 A5=108000 A6=10BA1E PC=4A30 -- 004A30: add.w   D0, D0
D0=8 D1=0 D2=108100 D3=0 D4=840000F D5=842184D8 D6=842184D8 D7=102900 A0=CC3AE A1=102995 A2=534F0 A3=108FAA A4=102900 A5=108000 A6=10BA1E PC=4A32 -- 004A32: lea     ($e,PC) ; ($4a42), A1
D0=8 D1=0 D2=108100 D3=0 D4=840000F D5=842184D8 D6=842184D8 D7=102900 A0=CC3AE A1=4A42 A2=534F0 A3=108FAA A4=102900 A5=108000 A6=10BA1E PC=4A36 -- 004A36: nop
D0=8 D1=0 D2=108100 D3=0 D4=840000F D5=842184D8 D6=842184D8 D7=102900 A0=CC3AE A1=4A42 A2=534F0 A3=108FAA A4=102900 A5=108000 A6=10BA1E PC=4A38 -- 004A38: movea.l (A1,D0.w), A1
D0=8 D1=0 D2=108100 D3=0 D4=840000F D5=842184D8 D6=842184D8 D7=102900 A0=CC3AE A1=4A74 A2=534F0 A3=108FAA A4=102900 A5=108000 A6=10BA1E PC=4A3C -- 004A3C: jsr     (A1)
D0=8 D1=0 D2=108100 D3=0 D4=840000F D5=842184D8 D6=842184D8 D7=102900 A0=CC3AE A1=4A74 A2=534F0 A3=108FAA A4=102900 A5=108000 A6=10BA1E PC=4A74 -- 004A74: addq.l  #1, A0
D0=8 D1=0 D2=108100 D3=0 D4=840000F D5=842184D8 D6=842184D8 D7=102900 A0=CC3AF A1=4A74 A2=534F0 A3=108FAA A4=102900 A5=108000 A6=10BA1E PC=4A76 -- 004A76: move.b  (A0)+, D0
D0=41 D1=0 D2=108100 D3=0 D4=840000F D5=842184D8 D6=842184D8 D7=102900 A0=CC3B0 A1=4A74 A2=534F0 A3=108FAA A4=102900 A5=108000 A6=10BA1E PC=4A78 -- 004A78: move.b  D0, D1
D0=41 D1=41 D2=108100 D3=0 D4=840000F D5=842184D8 D6=842184D8 D7=102900 A0=CC3B0 A1=4A74 A2=534F0 A3=108FAA A4=102900 A5=108000 A6=10BA1E PC=4A7A -- 004A7A: andi.w  #$f, D1
D0=41 D1=1 D2=108100 D3=0 D4=840000F D5=842184D8 D6=842184D8 D7=102900 A0=CC3B0 A1=4A74 A2=534F0 A3=108FAA A4=102900 A5=108000 A6=10BA1E PC=4A7E -- 004A7E: lea     ($90,A4), A1
D0=41 D1=1 D2=108100 D3=0 D4=840000F D5=842184D8 D6=842184D8 D7=102900 A0=CC3B0 A1=102990 A2=534F0 A3=108FAA A4=102900 A5=108000 A6=10BA1E PC=4A82 -- 004A82: mulu.w  #$5, D1
D0=41 D1=5 D2=108100 D3=0 D4=840000F D5=842184D8 D6=842184D8 D7=102900 A0=CC3B0 A1=102990 A2=534F0 A3=108FAA A4=102900 A5=108000 A6=10BA1E PC=4A86 -- 004A86: adda.l  D1, A1
D0=41 D1=5 D2=108100 D3=0 D4=840000F D5=842184D8 D6=842184D8 D7=102900 A0=CC3B0 A1=102995 A2=534F0 A3=108FAA A4=102900 A5=108000 A6=10BA1E PC=4A88 -- 004A88: lsr.b   #4, D0
D0=4 D1=5 D2=108100 D3=0 D4=840000F D5=842184D8 D6=842184D8 D7=102900 A0=CC3B0 A1=102995 A2=534F0 A3=108FAA A4=102900 A5=108000 A6=10BA1E PC=4A8A -- 004A8A: move.b  D0, (A1)+
D0=4 D1=5 D2=108100 D3=0 D4=840000F D5=842184D8 D6=842184D8 D7=102900 A0=CC3B0 A1=102996 A2=534F0 A3=108FAA A4=102900 A5=108000 A6=10BA1E PC=4A8C -- 004A8C: move.b  (A0)+, (A1)+
D0=4 D1=5 D2=108100 D3=0 D4=840000F D5=842184D8 D6=842184D8 D7=102900 A0=CC3B1 A1=102997 A2=534F0 A3=108FAA A4=102900 A5=108000 A6=10BA1E PC=4A8E -- 004A8E: move.b  (A0)+, (A1)+
D0=4 D1=5 D2=108100 D3=0 D4=840000F D5=842184D8 D6=842184D8 D7=102900 A0=CC3B2 A1=102998 A2=534F0 A3=108FAA A4=102900 A5=108000 A6=10BA1E PC=4A90 -- 004A90: move.b  (A0)+, (A1)+
D0=4 D1=5 D2=108100 D3=0 D4=840000F D5=842184D8 D6=842184D8 D7=102900 A0=CC3B3 A1=102999 A2=534F0 A3=108FAA A4=102900 A5=108000 A6=10BA1E PC=4A92 -- 004A92: move.b  (A0), (A1)+
D0=4 D1=5 D2=108100 D3=0 D4=840000F D5=842184D8 D6=842184D8 D7=102900 A0=CC3B3 A1=10299A A2=534F0 A3=108FAA A4=102900 A5=108000 A6=10BA1E PC=4A94 -- 004A94: rts
D0=4 D1=5 D2=108100 D3=0 D4=840000F D5=842184D8 D6=842184D8 D7=102900 A0=CC3B3 A1=10299A A2=534F0 A3=108FAA A4=102900 A5=108000 A6=10BA1E PC=4A3E -- 004A3E: bra     $4962
D0=4 D1=5 D2=108100 D3=0 D4=840000F D5=842184D8 D6=842184D8 D7=102900 A0=CC3B3 A1=10299A A2=534F0 A3=108FAA A4=102900 A5=108000 A6=10BA1E PC=4962 -- 004962: lea     $7bf48.l, A0
D0=4 D1=5 D2=108100 D3=0 D4=840000F D5=842184D8 D6=842184D8 D7=102900 A0=7BF48 A1=10299A A2=534F0 A3=108FAA A4=102900 A5=108000 A6=10BA1E PC=4968 -- 004968: move.w  ($70,A4), D0
D0=F D1=5 D2=108100 D3=0 D4=840000F D5=842184D8 D6=842184D8 D7=102900 A0=7BF48 A1=10299A A2=534F0 A3=108FAA A4=102900 A5=108000 A6=10BA1E PC=496C -- 00496C: add.w   D0, D0
D0=1E D1=5 D2=108100 D3=0 D4=840000F D5=842184D8 D6=842184D8 D7=102900 A0=7BF48 A1=10299A A2=534F0 A3=108FAA A4=102900 A5=108000 A6=10BA1E PC=496E -- 00496E: add.w   D0, D0
D0=3C D1=5 D2=108100 D3=0 D4=840000F D5=842184D8 D6=842184D8 D7=102900 A0=7BF48 A1=10299A A2=534F0 A3=108FAA A4=102900 A5=108000 A6=10BA1E PC=4970 -- 004970: movea.l (A0,D0.w), A0
D0=3C D1=5 D2=108100 D3=0 D4=840000F D5=842184D8 D6=842184D8 D7=102900 A0=7DDC0 A1=10299A A2=534F0 A3=108FAA A4=102900 A5=108000 A6=10BA1E PC=4974 -- 004974: move.w  ($72,A4), D0
D0=0 D1=5 D2=108100 D3=0 D4=840000F D5=842184D8 D6=842184D8 D7=102900 A0=7DDC0 A1=10299A A2=534F0 A3=108FAA A4=102900 A5=108000 A6=10BA1E PC=4978 -- 004978: add.w   D0, D0
D0=0 D1=5 D2=108100 D3=0 D4=840000F D5=842184D8 D6=842184D8 D7=102900 A0=7DDC0 A1=10299A A2=534F0 A3=108FAA A4=102900 A5=108000 A6=10BA1E PC=497A -- 00497A: move.w  (A0,D0.w), ($46de,A5)
D0=0 D1=5 D2=108100 D3=0 D4=840000F D5=842184D8 D6=842184D8 D7=102900 A0=7DDC0 A1=10299A A2=534F0 A3=108FAA A4=102900 A5=108000 A6=10BA1E PC=4980 -- 004980: lea     $80000.l, A0
D0=0 D1=5 D2=108100 D3=0 D4=840000F D5=842184D8 D6=842184D8 D7=102900 A0=80000 A1=10299A A2=534F0 A3=108FAA A4=102900 A5=108000 A6=10BA1E PC=4986 -- 004986: move.w  ($70,A4), D0
D0=F D1=5 D2=108100 D3=0 D4=840000F D5=842184D8 D6=842184D8 D7=102900 A0=80000 A1=10299A A2=534F0 A3=108FAA A4=102900 A5=108000 A6=10BA1E PC=498A -- 00498A: add.w   D0, D0
D0=1E D1=5 D2=108100 D3=0 D4=840000F D5=842184D8 D6=842184D8 D7=102900 A0=80000 A1=10299A A2=534F0 A3=108FAA A4=102900 A5=108000 A6=10BA1E PC=498C -- 00498C: add.w   D0, D0
D0=3C D1=5 D2=108100 D3=0 D4=840000F D5=842184D8 D6=842184D8 D7=102900 A0=80000 A1=10299A A2=534F0 A3=108FAA A4=102900 A5=108000 A6=10BA1E PC=498E -- 00498E: movea.l (A0,D0.w), A0
D0=3C D1=5 D2=108100 D3=0 D4=840000F D5=842184D8 D6=842184D8 D7=102900 A0=83E00 A1=10299A A2=534F0 A3=108FAA A4=102900 A5=108000 A6=10BA1E PC=4992 -- 004992: move.w  ($46de,A5), D0
D0=0 D1=5 D2=108100 D3=0 D4=840000F D5=842184D8 D6=842184D8 D7=102900 A0=83E00 A1=10299A A2=534F0 A3=108FAA A4=102900 A5=108000 A6=10BA1E PC=4996 -- 004996: tst.b   ($46e2,A5)
D0=0 D1=5 D2=108100 D3=0 D4=840000F D5=842184D8 D6=842184D8 D7=102900 A0=83E00 A1=10299A A2=534F0 A3=108FAA A4=102900 A5=108000 A6=10BA1E PC=499A -- 00499A: beq     $49a0
D0=0 D1=5 D2=108100 D3=0 D4=840000F D5=842184D8 D6=842184D8 D7=102900 A0=83E00 A1=10299A A2=534F0 A3=108FAA A4=102900 A5=108000 A6=10BA1E PC=49A0 -- 0049A0: andi.w  #$ff, D0
D0=0 D1=5 D2=108100 D3=0 D4=840000F D5=842184D8 D6=842184D8 D7=102900 A0=83E00 A1=10299A A2=534F0 A3=108FAA A4=102900 A5=108000 A6=10BA1E PC=49A4 -- 0049A4: add.w   D0, D0
D0=0 D1=5 D2=108100 D3=0 D4=840000F D5=842184D8 D6=842184D8 D7=102900 A0=83E00 A1=10299A A2=534F0 A3=108FAA A4=102900 A5=108000 A6=10BA1E PC=49A6 -- 0049A6: add.w   D0, D0
D0=0 D1=5 D2=108100 D3=0 D4=840000F D5=842184D8 D6=842184D8 D7=102900 A0=83E00 A1=10299A A2=534F0 A3=108FAA A4=102900 A5=108000 A6=10BA1E PC=49A8 -- 0049A8: movea.l (A0,D0.w), A0
D0=0 D1=5 D2=108100 D3=0 D4=840000F D5=842184D8 D6=842184D8 D7=102900 A0=CC3A8 A1=10299A A2=534F0 A3=108FAA A4=102900 A5=108000 A6=10BA1E PC=49AC -- 0049AC: move.w  ($74,A4), D0
D0=C D1=5 D2=108100 D3=0 D4=840000F D5=842184D8 D6=842184D8 D7=102900 A0=CC3A8 A1=10299A A2=534F0 A3=108FAA A4=102900 A5=108000 A6=10BA1E PC=49B0 -- 0049B0: adda.w  D0, A0
D0=C D1=5 D2=108100 D3=0 D4=840000F D5=842184D8 D6=842184D8 D7=102900 A0=CC3B4 A1=10299A A2=534F0 A3=108FAA A4=102900 A5=108000 A6=10BA1E PC=49B2 -- 0049B2: move.b  (A0), ($76,A4)
D0=C D1=5 D2=108100 D3=0 D4=840000F D5=842184D8 D6=842184D8 D7=102900 A0=CC3B4 A1=10299A A2=534F0 A3=108FAA A4=102900 A5=108000 A6=10BA1E PC=49B6 -- 0049B6: bmi     $4a22
D0=C D1=5 D2=108100 D3=0 D4=840000F D5=842184D8 D6=842184D8 D7=102900 A0=CC3B4 A1=10299A A2=534F0 A3=108FAA A4=102900 A5=108000 A6=10BA1E PC=49BA -- 0049BA: move.b  ($81,A4), D0
D0=0 D1=5 D2=108100 D3=0 D4=840000F D5=842184D8 D6=842184D8 D7=102900 A0=CC3B4 A1=10299A A2=534F0 A3=108FAA A4=102900 A5=108000 A6=10BA1E PC=49BE -- 0049BE: tst.b   ($7d,A4)
D0=0 D1=5 D2=108100 D3=0 D4=840000F D5=842184D8 D6=842184D8 D7=102900 A0=CC3B4 A1=10299A A2=534F0 A3=108FAA A4=102900 A5=108000 A6=10BA1E PC=49C2 -- 0049C2: beq     $49c8
D0=0 D1=5 D2=108100 D3=0 D4=840000F D5=842184D8 D6=842184D8 D7=102900 A0=CC3B4 A1=10299A A2=534F0 A3=108FAA A4=102900 A5=108000 A6=10BA1E PC=49C8 -- 0049C8: add.b   ($7d,A4), D0
D0=0 D1=5 D2=108100 D3=0 D4=840000F D5=842184D8 D6=842184D8 D7=102900 A0=CC3B4 A1=10299A A2=534F0 A3=108FAA A4=102900 A5=108000 A6=10BA1E PC=49CC -- 0049CC: add.b   D0, ($76,A4)
D0=0 D1=5 D2=108100 D3=0 D4=840000F D5=842184D8 D6=842184D8 D7=102900 A0=CC3B4 A1=10299A A2=534F0 A3=108FAA A4=102900 A5=108000 A6=10BA1E PC=49D0 -- 0049D0: bgt     $49d8
D0=0 D1=5 D2=108100 D3=0 D4=840000F D5=842184D8 D6=842184D8 D7=102900 A0=CC3B4 A1=10299A A2=534F0 A3=108FAA A4=102900 A5=108000 A6=10BA1E PC=49D8 -- 0049D8: addq.w  #1, ($7e,A4)
D0=0 D1=5 D2=108100 D3=0 D4=840000F D5=842184D8 D6=842184D8 D7=102900 A0=CC3B4 A1=10299A A2=534F0 A3=108FAA A4=102900 A5=108000 A6=10BA1E PC=49DC -- 0049DC: move.b  ($4,A0), ($7a,A4)
D0=0 D1=5 D2=108100 D3=0 D4=840000F D5=842184D8 D6=842184D8 D7=102900 A0=CC3B4 A1=10299A A2=534F0 A3=108FAA A4=102900 A5=108000 A6=10BA1E PC=49E2 -- 0049E2: move.b  ($5,A0), ($7b,A4)
D0=0 D1=5 D2=108100 D3=0 D4=840000F D5=842184D8 D6=842184D8 D7=102900 A0=CC3B4 A1=10299A A2=534F0 A3=108FAA A4=102900 A5=108000 A6=10BA1E PC=49E8 -- 0049E8: move.l  (A0), D0
D0=80CAD5E D1=5 D2=108100 D3=0 D4=840000F D5=842184D8 D6=842184D8 D7=102900 A0=CC3B4 A1=10299A A2=534F0 A3=108FAA A4=102900 A5=108000 A6=10BA1E PC=49EA -- 0049EA: movea.l D0, A0
D0=80CAD5E D1=5 D2=108100 D3=0 D4=840000F D5=842184D8 D6=842184D8 D7=102900 A0=80CAD5E A1=10299A A2=534F0 A3=108FAA A4=102900 A5=108000 A6=10BA1E PC=49EC -- 0049EC: move.w  (A0), ($6a,A4)
D0=80CAD5E D1=5 D2=108100 D3=0 D4=840000F D5=842184D8 D6=842184D8 D7=102900 A0=80CAD5E A1=10299A A2=534F0 A3=108FAA A4=102900 A5=108000 A6=10BA1E PC=49F0 -- 0049F0: move.w  ($2,A0), ($6c,A4)
D0=80CAD5E D1=5 D2=108100 D3=0 D4=840000F D5=842184D8 D6=842184D8 D7=102900 A0=80CAD5E A1=10299A A2=534F0 A3=108FAA A4=102900 A5=108000 A6=10BA1E PC=49F6 -- 0049F6: rts
D0=80CAD5E D1=5 D2=108100 D3=0 D4=840000F D5=842184D8 D6=842184D8 D7=102900 A0=80CAD5E A1=10299A A2=534F0 A3=108FAA A4=102900 A5=108000 A6=10BA1E PC=493A -- 00493A: bra     $4906
D0=80CAD5E D1=5 D2=108100 D3=0 D4=840000F D5=842184D8 D6=842184D8 D7=102900 A0=80CAD5E A1=10299A A2=534F0 A3=108FAA A4=102900 A5=108000 A6=10BA1E PC=4906 -- 004906: subq.b  #1, ($76,A4)
D0=80CAD5E D1=5 D2=108100 D3=0 D4=840000F D5=842184D8 D6=842184D8 D7=102900 A0=80CAD5E A1=10299A A2=534F0 A3=108FAA A4=102900 A5=108000 A6=10BA1E PC=490A -- 00490A: bhi     $491a
D0=80CAD5E D1=5 D2=108100 D3=0 D4=840000F D5=842184D8 D6=842184D8 D7=102900 A0=80CAD5E A1=10299A A2=534F0 A3=108FAA A4=102900 A5=108000 A6=10BA1E PC=491A -- 00491A: rts
D0=80CAD5E D1=5 D2=108100 D3=0 D4=840000F D5=842184D8 D6=842184D8 D7=102900 A0=80CAD5E A1=10299A A2=534F0 A3=108FAA A4=102900 A5=108000 A6=10BA1E PC=379E2 -- 0379E2: jsr     $32e4.w
D0=80CAD5E D1=5 D2=108100 D3=0 D4=840000F D5=842184D8 D6=842184D8 D7=102900 A0=80CAD5E A1=10299A A2=534F0 A3=108FAA A4=102900 A5=108000 A6=10BA1E PC=32E4 -- 0032E4: moveq   #$d, D3
D0=80CAD5E D1=5 D2=108100 D3=D D4=840000F D5=842184D8 D6=842184D8 D7=102900 A0=80CAD5E A1=10299A A2=534F0 A3=108FAA A4=102900 A5=108000 A6=10BA1E PC=32E6 -- 0032E6: move.w  ($70,A4), D0
D0=80C000F D1=5 D2=108100 D3=D D4=840000F D5=842184D8 D6=842184D8 D7=102900 A0=80CAD5E A1=10299A A2=534F0 A3=108FAA A4=102900 A5=108000 A6=10BA1E PC=32EA -- 0032EA: add.w   D0, D0
D0=80C001E D1=5 D2=108100 D3=D D4=840000F D5=842184D8 D6=842184D8 D7=102900 A0=80CAD5E A1=10299A A2=534F0 A3=108FAA A4=102900 A5=108000 A6=10BA1E PC=32EC -- 0032EC: add.w   D0, D0
D0=80C003C D1=5 D2=108100 D3=D D4=840000F D5=842184D8 D6=842184D8 D7=102900 A0=80CAD5E A1=10299A A2=534F0 A3=108FAA A4=102900 A5=108000 A6=10BA1E PC=32EE -- 0032EE: moveq   #$0, D1
D0=80C003C D1=0 D2=108100 D3=D D4=840000F D5=842184D8 D6=842184D8 D7=102900 A0=80CAD5E A1=10299A A2=534F0 A3=108FAA A4=102900 A5=108000 A6=10BA1E PC=32F0 -- 0032F0: move.b  ($d8,A4), D1
D0=80C003C D1=0 D2=108100 D3=D D4=840000F D5=842184D8 D6=842184D8 D7=102900 A0=80CAD5E A1=10299A A2=534F0 A3=108FAA A4=102900 A5=108000 A6=10BA1E PC=32F4 -- 0032F4: add.w   D1, D1
D0=80C003C D1=0 D2=108100 D3=D D4=840000F D5=842184D8 D6=842184D8 D7=102900 A0=80CAD5E A1=10299A A2=534F0 A3=108FAA A4=102900 A5=108000 A6=10BA1E PC=32F6 -- 0032F6: add.w   D1, D0
D0=80C003C D1=0 D2=108100 D3=D D4=840000F D5=842184D8 D6=842184D8 D7=102900 A0=80CAD5E A1=10299A A2=534F0 A3=108FAA A4=102900 A5=108000 A6=10BA1E PC=32F8 -- 0032F8: lea     ($d8,PC) ; ($33d2), A0
D0=80C003C D1=0 D2=108100 D3=D D4=840000F D5=842184D8 D6=842184D8 D7=102900 A0=33D2 A1=10299A A2=534F0 A3=108FAA A4=102900 A5=108000 A6=10BA1E PC=32FC -- 0032FC: move.w  (A0,D0.w), D1
D0=80C003C D1=524 D2=108100 D3=D D4=840000F D5=842184D8 D6=842184D8 D7=102900 A0=33D2 A1=10299A A2=534F0 A3=108FAA A4=102900 A5=108000 A6=10BA1E PC=3300 -- 003300: moveq   #$0, D2
D0=80C003C D1=524 D2=0 D3=D D4=840000F D5=842184D8 D6=842184D8 D7=102900 A0=33D2 A1=10299A A2=534F0 A3=108FAA A4=102900 A5=108000 A6=10BA1E PC=3302 -- 003302: move.b  ($30,A4), D2
D0=80C003C D1=524 D2=0 D3=D D4=840000F D5=842184D8 D6=842184D8 D7=102900 A0=33D2 A1=10299A A2=534F0 A3=108FAA A4=102900 A5=108000 A6=10BA1E PC=3306 -- 003306: addi.w  #$10, D2
D0=80C003C D1=524 D2=10 D3=D D4=840000F D5=842184D8 D6=842184D8 D7=102900 A0=33D2 A1=10299A A2=534F0 A3=108FAA A4=102900 A5=108000 A6=10BA1E PC=330A -- 00330A: bra     $3512
D0=80C003C D1=524 D2=10 D3=D D4=840000F D5=842184D8 D6=842184D8 D7=102900 A0=33D2 A1=10299A A2=534F0 A3=108FAA A4=102900 A5=108000 A6=10BA1E PC=3512 -- 003512: movea.l ($38a8,A5), A2
D0=80C003C D1=524 D2=10 D3=D D4=840000F D5=842184D8 D6=842184D8 D7=102900 A0=33D2 A1=10299A A2=1098A6 A3=108FAA A4=102900 A5=108000 A6=10BA1E PC=3516 -- 003516: moveq   #$0, D0
D0=0 D1=524 D2=10 D3=D D4=840000F D5=842184D8 D6=842184D8 D7=102900 A0=33D2 A1=10299A A2=1098A6 A3=108FAA A4=102900 A5=108000 A6=10BA1E PC=3518 -- 003518: move.w  D1, D0
D0=524 D1=524 D2=10 D3=D D4=840000F D5=842184D8 D6=842184D8 D7=102900 A0=33D2 A1=10299A A2=1098A6 A3=108FAA A4=102900 A5=108000 A6=10BA1E PC=351A -- 00351A: addq.w  #1, D1
D0=524 D1=525 D2=10 D3=D D4=840000F D5=842184D8 D6=842184D8 D7=102900 A0=33D2 A1=10299A A2=1098A6 A3=108FAA A4=102900 A5=108000 A6=10BA1E PC=351C -- 00351C: andi.w  #$ff, D2
D0=524 D1=525 D2=10 D3=D D4=840000F D5=842184D8 D6=842184D8 D7=102900 A0=33D2 A1=10299A A2=1098A6 A3=108FAA A4=102900 A5=108000 A6=10BA1E PC=3520 -- 003520: move.w  D2, (A2)+
D0=524 D1=525 D2=10 D3=D D4=840000F D5=842184D8 D6=842184D8 D7=102900 A0=33D2 A1=10299A A2=1098A8 A3=108FAA A4=102900 A5=108000 A6=10BA1E PC=3522 -- 003522: addq.w  #1, D2
D0=524 D1=525 D2=11 D3=D D4=840000F D5=842184D8 D6=842184D8 D7=102900 A0=33D2 A1=10299A A2=1098A8 A3=108FAA A4=102900 A5=108000 A6=10BA1E PC=3524 -- 003524: lea     $6f000.l, A3
D0=524 D1=525 D2=11 D3=D D4=840000F D5=842184D8 D6=842184D8 D7=102900 A0=33D2 A1=10299A A2=1098A8 A3=6F000 A4=102900 A5=108000 A6=10BA1E PC=352A -- 00352A: lsl.l   #5, D0
D0=A480 D1=525 D2=11 D3=D D4=840000F D5=842184D8 D6=842184D8 D7=102900 A0=33D2 A1=10299A A2=1098A8 A3=6F000 A4=102900 A5=108000 A6=10BA1E PC=352C -- 00352C: adda.l  D0, A3
D0=A480 D1=525 D2=11 D3=D D4=840000F D5=842184D8 D6=842184D8 D7=102900 A0=33D2 A1=10299A A2=1098A8 A3=79480 A4=102900 A5=108000 A6=10BA1E PC=352E -- 00352E: addq.l  #2, A3
D0=A480 D1=525 D2=11 D3=D D4=840000F D5=842184D8 D6=842184D8 D7=102900 A0=33D2 A1=10299A A2=1098A8 A3=79482 A4=102900 A5=108000 A6=10BA1E PC=3530 -- 003530: move.w  (A3)+, (A2)+
D0=A480 D1=525 D2=11 D3=D D4=840000F D5=842184D8 D6=842184D8 D7=102900 A0=33D2 A1=10299A A2=1098AA A3=79484 A4=102900 A5=108000 A6=10BA1E PC=3532 -- 003532: move.l  (A3)+, (A2)+
D0=A480 D1=525 D2=11 D3=D D4=840000F D5=842184D8 D6=842184D8 D7=102900 A0=33D2 A1=10299A A2=1098AE A3=79488 A4=102900 A5=108000 A6=10BA1E PC=3534 -- 003534: move.l  (A3)+, (A2)+
D0=A480 D1=525 D2=11 D3=D D4=840000F D5=842184D8 D6=842184D8 D7=102900 A0=33D2 A1=10299A A2=1098B2 A3=7948C A4=102900 A5=108000 A6=10BA1E PC=3536 -- 003536: move.l  (A3)+, (A2)+
D0=A480 D1=525 D2=11 D3=D D4=840000F D5=842184D8 D6=842184D8 D7=102900 A0=33D2 A1=10299A A2=1098B6 A3=79490 A4=102900 A5=108000 A6=10BA1E PC=3538 -- 003538: move.l  (A3)+, (A2)+
D0=A480 D1=525 D2=11 D3=D D4=840000F D5=842184D8 D6=842184D8 D7=102900 A0=33D2 A1=10299A A2=1098BA A3=79494 A4=102900 A5=108000 A6=10BA1E PC=353A -- 00353A: move.l  (A3)+, (A2)+
D0=A480 D1=525 D2=11 D3=D D4=840000F D5=842184D8 D6=842184D8 D7=102900 A0=33D2 A1=10299A A2=1098BE A3=79498 A4=102900 A5=108000 A6=10BA1E PC=353C -- 00353C: move.l  (A3)+, (A2)+
D0=A480 D1=525 D2=11 D3=D D4=840000F D5=842184D8 D6=842184D8 D7=102900 A0=33D2 A1=10299A A2=1098C2 A3=7949C A4=102900 A5=108000 A6=10BA1E PC=353E -- 00353E: move.l  (A3)+, (A2)+
D0=A480 D1=525 D2=11 D3=D D4=840000F D5=842184D8 D6=842184D8 D7=102900 A0=33D2 A1=10299A A2=1098C6 A3=794A0 A4=102900 A5=108000 A6=10BA1E PC=3540 -- 003540: dbra    D3, $3516
D0=A480 D1=525 D2=11 D3=C D4=840000F D5=842184D8 D6=842184D8 D7=102900 A0=33D2 A1=10299A A2=1098C6 A3=794A0 A4=102900 A5=108000 A6=10BA1E PC=3516 -- 003516: moveq   #$0, D0
D0=0 D1=525 D2=11 D3=C D4=840000F D5=842184D8 D6=842184D8 D7=102900 A0=33D2 A1=10299A A2=1098C6 A3=794A0 A4=102900 A5=108000 A6=10BA1E PC=3518 -- 003518: move.w  D1, D0
D0=525 D1=525 D2=11 D3=C D4=840000F D5=842184D8 D6=842184D8 D7=102900 A0=33D2 A1=10299A A2=1098C6 A3=794A0 A4=102900 A5=108000 A6=10BA1E PC=351A -- 00351A: addq.w  #1, D1
D0=525 D1=526 D2=11 D3=C D4=840000F D5=842184D8 D6=842184D8 D7=102900 A0=33D2 A1=10299A A2=1098C6 A3=794A0 A4=102900 A5=108000 A6=10BA1E PC=351C -- 00351C: andi.w  #$ff, D2
D0=525 D1=526 D2=11 D3=C D4=840000F D5=842184D8 D6=842184D8 D7=102900 A0=33D2 A1=10299A A2=1098C6 A3=794A0 A4=102900 A5=108000 A6=10BA1E PC=3520 -- 003520: move.w  D2, (A2)+
D0=525 D1=526 D2=11 D3=C D4=840000F D5=842184D8 D6=842184D8 D7=102900 A0=33D2 A1=10299A A2=1098C8 A3=794A0 A4=102900 A5=108000 A6=10BA1E PC=3522 -- 003522: addq.w  #1, D2
D0=525 D1=526 D2=12 D3=C D4=840000F D5=842184D8 D6=842184D8 D7=102900 A0=33D2 A1=10299A A2=1098C8 A3=794A0 A4=102900 A5=108000 A6=10BA1E PC=3524 -- 003524: lea     $6f000.l, A3
D0=525 D1=526 D2=12 D3=C D4=840000F D5=842184D8 D6=842184D8 D7=102900 A0=33D2 A1=10299A A2=1098C8 A3=6F000 A4=102900 A5=108000 A6=10BA1E PC=352A -- 00352A: lsl.l   #5, D0
D0=A4A0 D1=526 D2=12 D3=C D4=840000F D5=842184D8 D6=842184D8 D7=102900 A0=33D2 A1=10299A A2=1098C8 A3=6F000 A4=102900 A5=108000 A6=10BA1E PC=352C -- 00352C: adda.l  D0, A3
D0=A4A0 D1=526 D2=12 D3=C D4=840000F D5=842184D8 D6=842184D8 D7=102900 A0=33D2 A1=10299A A2=1098C8 A3=794A0 A4=102900 A5=108000 A6=10BA1E PC=352E -- 00352E: addq.l  #2, A3
D0=A4A0 D1=526 D2=12 D3=C D4=840000F D5=842184D8 D6=842184D8 D7=102900 A0=33D2 A1=10299A A2=1098C8 A3=794A2 A4=102900 A5=108000 A6=10BA1E PC=3530 -- 003530: move.w  (A3)+, (A2)+
D0=A4A0 D1=526 D2=12 D3=C D4=840000F D5=842184D8 D6=842184D8 D7=102900 A0=33D2 A1=10299A A2=1098CA A3=794A4 A4=102900 A5=108000 A6=10BA1E PC=3532 -- 003532: move.l  (A3)+, (A2)+
D0=A4A0 D1=526 D2=12 D3=C D4=840000F D5=842184D8 D6=842184D8 D7=102900 A0=33D2 A1=10299A A2=1098CE A3=794A8 A4=102900 A5=108000 A6=10BA1E PC=3534 -- 003534: move.l  (A3)+, (A2)+
D0=A4A0 D1=526 D2=12 D3=C D4=840000F D5=842184D8 D6=842184D8 D7=102900 A0=33D2 A1=10299A A2=1098D2 A3=794AC A4=102900 A5=108000 A6=10BA1E PC=3536 -- 003536: move.l  (A3)+, (A2)+
D0=A4A0 D1=526 D2=12 D3=C D4=840000F D5=842184D8 D6=842184D8 D7=102900 A0=33D2 A1=10299A A2=1098D6 A3=794B0 A4=102900 A5=108000 A6=10BA1E PC=3538 -- 003538: move.l  (A3)+, (A2)+
D0=A4A0 D1=526 D2=12 D3=C D4=840000F D5=842184D8 D6=842184D8 D7=102900 A0=33D2 A1=10299A A2=1098DA A3=794B4 A4=102900 A5=108000 A6=10BA1E PC=353A -- 00353A: move.l  (A3)+, (A2)+
D0=A4A0 D1=526 D2=12 D3=C D4=840000F D5=842184D8 D6=842184D8 D7=102900 A0=33D2 A1=10299A A2=1098DE A3=794B8 A4=102900 A5=108000 A6=10BA1E PC=353C -- 00353C: move.l  (A3)+, (A2)+
D0=A4A0 D1=526 D2=12 D3=C D4=840000F D5=842184D8 D6=842184D8 D7=102900 A0=33D2 A1=10299A A2=1098E2 A3=794BC A4=102900 A5=108000 A6=10BA1E PC=353E -- 00353E: move.l  (A3)+, (A2)+
D0=A4A0 D1=526 D2=12 D3=C D4=840000F D5=842184D8 D6=842184D8 D7=102900 A0=33D2 A1=10299A A2=1098E6 A3=794C0 A4=102900 A5=108000 A6=10BA1E PC=3540 -- 003540: dbra    D3, $3516

   (loops for 228 instructions)

D0=A620 D1=532 D2=1E D3=FFFF D4=840000F D5=842184D8 D6=842184D8 D7=102900 A0=33D2 A1=10299A A2=109A66 A3=79640 A4=102900 A5=108000 A6=10BA1E PC=3544 -- 003544: bra     $3478
D0=A620 D1=532 D2=1E D3=FFFF D4=840000F D5=842184D8 D6=842184D8 D7=102900 A0=33D2 A1=10299A A2=109A66 A3=79640 A4=102900 A5=108000 A6=10BA1E PC=3478 -- 003478: move.w  #$ffff, (A2)
D0=A620 D1=532 D2=1E D3=FFFF D4=840000F D5=842184D8 D6=842184D8 D7=102900 A0=33D2 A1=10299A A2=109A66 A3=79640 A4=102900 A5=108000 A6=10BA1E PC=347C -- 00347C: move.l  A2, ($38a8,A5)
D0=A620 D1=532 D2=1E D3=FFFF D4=840000F D5=842184D8 D6=842184D8 D7=102900 A0=33D2 A1=10299A A2=109A66 A3=79640 A4=102900 A5=108000 A6=10BA1E PC=3480 -- 003480: rts
D0=A620 D1=532 D2=1E D3=FFFF D4=840000F D5=842184D8 D6=842184D8 D7=102900 A0=33D2 A1=10299A A2=109A66 A3=79640 A4=102900 A5=108000 A6=10BA1E PC=379E6 -- 0379E6: jsr     ($11a,PC) ; ($37b02)
D0=A620 D1=532 D2=1E D3=FFFF D4=840000F D5=842184D8 D6=842184D8 D7=102900 A0=33D2 A1=10299A A2=109A66 A3=79640 A4=102900 A5=108000 A6=10BA1E PC=37B02 -- 037B02: cmpi.b  #$19, ($71,A4)
D0=A620 D1=532 D2=1E D3=FFFF D4=840000F D5=842184D8 D6=842184D8 D7=102900 A0=33D2 A1=10299A A2=109A66 A3=79640 A4=102900 A5=108000 A6=10BA1E PC=37B08 -- 037B08: beq     $37b1a
D0=A620 D1=532 D2=1E D3=FFFF D4=840000F D5=842184D8 D6=842184D8 D7=102900 A0=33D2 A1=10299A A2=109A66 A3=79640 A4=102900 A5=108000 A6=10BA1E PC=37B0C -- 037B0C: cmpi.b  #-$1, ($71,A4)
D0=A620 D1=532 D2=1E D3=FFFF D4=840000F D5=842184D8 D6=842184D8 D7=102900 A0=33D2 A1=10299A A2=109A66 A3=79640 A4=102900 A5=108000 A6=10BA1E PC=37B12 -- 037B12: beq     $37b1a
D0=A620 D1=532 D2=1E D3=FFFF D4=840000F D5=842184D8 D6=842184D8 D7=102900 A0=33D2 A1=10299A A2=109A66 A3=79640 A4=102900 A5=108000 A6=10BA1E PC=37B16 -- 037B16: moveq   #-$1, D7
D0=A620 D1=532 D2=1E D3=FFFF D4=840000F D5=842184D8 D6=842184D8 D7=FFFFFFFF A0=33D2 A1=10299A A2=109A66 A3=79640 A4=102900 A5=108000 A6=10BA1E PC=37B18 -- 037B18: rts
D0=A620 D1=532 D2=1E D3=FFFF D4=840000F D5=842184D8 D6=842184D8 D7=FFFFFFFF A0=33D2 A1=10299A A2=109A66 A3=79640 A4=102900 A5=108000 A6=10BA1E PC=379EA -- 0379EA: nop
D0=A620 D1=532 D2=1E D3=FFFF D4=840000F D5=842184D8 D6=842184D8 D7=FFFFFFFF A0=33D2 A1=10299A A2=109A66 A3=79640 A4=102900 A5=108000 A6=10BA1E PC=379EC -- 0379EC: beq     $36eaa
D0=A620 D1=532 D2=1E D3=FFFF D4=840000F D5=842184D8 D6=842184D8 D7=FFFFFFFF A0=33D2 A1=10299A A2=109A66 A3=79640 A4=102900 A5=108000 A6=10BA1E PC=379F0 -- 0379F0: bra     $36eb0
D0=A620 D1=532 D2=1E D3=FFFF D4=840000F D5=842184D8 D6=842184D8 D7=FFFFFFFF A0=33D2 A1=10299A A2=109A66 A3=79640 A4=102900 A5=108000 A6=10BA1E PC=36EB0 -- 036EB0: jmp     $3e2e.w
D0=A620 D1=532 D2=1E D3=FFFF D4=840000F D5=842184D8 D6=842184D8 D7=FFFFFFFF A0=33D2 A1=10299A A2=109A66 A3=79640 A4=102900 A5=108000 A6=10BA1E PC=3E2E -- 003E2E: tst.w   ($74,A4)
D0=A620 D1=532 D2=1E D3=FFFF D4=840000F D5=842184D8 D6=842184D8 D7=FFFFFFFF A0=33D2 A1=10299A A2=109A66 A3=79640 A4=102900 A5=108000 A6=10BA1E PC=3E32 -- 003E32: bmi     $3e80
D0=A620 D1=532 D2=1E D3=FFFF D4=840000F D5=842184D8 D6=842184D8 D7=FFFFFFFF A0=33D2 A1=10299A A2=109A66 A3=79640 A4=102900 A5=108000 A6=10BA1E PC=3E34 -- 003E34: btst    #$6, ($7c,A4)
D0=A620 D1=532 D2=1E D3=FFFF D4=840000F D5=842184D8 D6=842184D8 D7=FFFFFFFF A0=33D2 A1=10299A A2=109A66 A3=79640 A4=102900 A5=108000 A6=10BA1E PC=3E3A -- 003E3A: bne     $3e78
D0=A620 D1=532 D2=1E D3=FFFF D4=840000F D5=842184D8 D6=842184D8 D7=FFFFFFFF A0=33D2 A1=10299A A2=109A66 A3=79640 A4=102900 A5=108000 A6=10BA1E PC=3E3E -- 003E3E: moveq   #$0, D3
D0=A620 D1=532 D2=1E D3=0 D4=840000F D5=842184D8 D6=842184D8 D7=FFFFFFFF A0=33D2 A1=10299A A2=109A66 A3=79640 A4=102900 A5=108000 A6=10BA1E PC=3E40 -- 003E40: move.b  ($82,A4), D3
D0=A620 D1=532 D2=1E D3=0 D4=840000F D5=842184D8 D6=842184D8 D7=FFFFFFFF A0=33D2 A1=10299A A2=109A66 A3=79640 A4=102900 A5=108000 A6=10BA1E PC=3E44 -- 003E44: add.w   D3, D3
D0=A620 D1=532 D2=1E D3=0 D4=840000F D5=842184D8 D6=842184D8 D7=FFFFFFFF A0=33D2 A1=10299A A2=109A66 A3=79640 A4=102900 A5=108000 A6=10BA1E PC=3E46 -- 003E46: add.w   D3, D3
D0=A620 D1=532 D2=1E D3=0 D4=840000F D5=842184D8 D6=842184D8 D7=FFFFFFFF A0=33D2 A1=10299A A2=109A66 A3=79640 A4=102900 A5=108000 A6=10BA1E PC=3E48 -- 003E48: move.w  ($18,A4), D0
D0=28 D1=532 D2=1E D3=0 D4=840000F D5=842184D8 D6=842184D8 D7=FFFFFFFF A0=33D2 A1=10299A A2=109A66 A3=79640 A4=102900 A5=108000 A6=10BA1E PC=3E4C -- 003E4C: lea     ($104c,A5), A0
D0=28 D1=532 D2=1E D3=0 D4=840000F D5=842184D8 D6=842184D8 D7=FFFFFFFF A0=10904C A1=10299A A2=109A66 A3=79640 A4=102900 A5=108000 A6=10BA1E PC=3E50 -- 003E50: sub.w   (A0,D3.w), D0
D0=28 D1=532 D2=1E D3=0 D4=840000F D5=842184D8 D6=842184D8 D7=FFFFFFFF A0=10904C A1=10299A A2=109A66 A3=79640 A4=102900 A5=108000 A6=10BA1E PC=3E54 -- 003E54: addi.w  #$30, D0
D0=58 D1=532 D2=1E D3=0 D4=840000F D5=842184D8 D6=842184D8 D7=FFFFFFFF A0=10904C A1=10299A A2=109A66 A3=79640 A4=102900 A5=108000 A6=10BA1E PC=3E58 -- 003E58: cmpi.w  #$1a0, D0
D0=58 D1=532 D2=1E D3=0 D4=840000F D5=842184D8 D6=842184D8 D7=FFFFFFFF A0=10904C A1=10299A A2=109A66 A3=79640 A4=102900 A5=108000 A6=10BA1E PC=3E5C -- 003E5C: bls     $3e60
D0=58 D1=532 D2=1E D3=0 D4=840000F D5=842184D8 D6=842184D8 D7=FFFFFFFF A0=10904C A1=10299A A2=109A66 A3=79640 A4=102900 A5=108000 A6=10BA1E PC=3E60 -- 003E60: move.w  ($1c,A4), D0
D0=B8 D1=532 D2=1E D3=0 D4=840000F D5=842184D8 D6=842184D8 D7=FFFFFFFF A0=10904C A1=10299A A2=109A66 A3=79640 A4=102900 A5=108000 A6=10BA1E PC=3E64 -- 003E64: sub.w   ($20,A4), D0
D0=B8 D1=532 D2=1E D3=0 D4=840000F D5=842184D8 D6=842184D8 D7=FFFFFFFF A0=10904C A1=10299A A2=109A66 A3=79640 A4=102900 A5=108000 A6=10BA1E PC=3E68 -- 003E68: lea     ($1058,A5), A0
D0=B8 D1=532 D2=1E D3=0 D4=840000F D5=842184D8 D6=842184D8 D7=FFFFFFFF A0=109058 A1=10299A A2=109A66 A3=79640 A4=102900 A5=108000 A6=10BA1E PC=3E6C -- 003E6C: sub.w   (A0,D3.w), D0
D0=B8 D1=532 D2=1E D3=0 D4=840000F D5=842184D8 D6=842184D8 D7=FFFFFFFF A0=109058 A1=10299A A2=109A66 A3=79640 A4=102900 A5=108000 A6=10BA1E PC=3E70 -- 003E70: cmpi.w  #$1c0, D0
D0=B8 D1=532 D2=1E D3=0 D4=840000F D5=842184D8 D6=842184D8 D7=FFFFFFFF A0=109058 A1=10299A A2=109A66 A3=79640 A4=102900 A5=108000 A6=10BA1E PC=3E74 -- 003E74: bls     $3e78
D0=B8 D1=532 D2=1E D3=0 D4=840000F D5=842184D8 D6=842184D8 D7=FFFFFFFF A0=109058 A1=10299A A2=109A66 A3=79640 A4=102900 A5=108000 A6=10BA1E PC=3E78 -- 003E78: bsr     $4860
D0=B8 D1=532 D2=1E D3=0 D4=840000F D5=842184D8 D6=842184D8 D7=FFFFFFFF A0=109058 A1=10299A A2=109A66 A3=79640 A4=102900 A5=108000 A6=10BA1E PC=4860 -- 004860: lea     $7bf48.l, A0
D0=B8 D1=532 D2=1E D3=0 D4=840000F D5=842184D8 D6=842184D8 D7=FFFFFFFF A0=7BF48 A1=10299A A2=109A66 A3=79640 A4=102900 A5=108000 A6=10BA1E PC=4866 -- 004866: move.w  ($70,A4), D0
D0=F D1=532 D2=1E D3=0 D4=840000F D5=842184D8 D6=842184D8 D7=FFFFFFFF A0=7BF48 A1=10299A A2=109A66 A3=79640 A4=102900 A5=108000 A6=10BA1E PC=486A -- 00486A: add.w   D0, D0
D0=1E D1=532 D2=1E D3=0 D4=840000F D5=842184D8 D6=842184D8 D7=FFFFFFFF A0=7BF48 A1=10299A A2=109A66 A3=79640 A4=102900 A5=108000 A6=10BA1E PC=486C -- 00486C: add.w   D0, D0
D0=3C D1=532 D2=1E D3=0 D4=840000F D5=842184D8 D6=842184D8 D7=FFFFFFFF A0=7BF48 A1=10299A A2=109A66 A3=79640 A4=102900 A5=108000 A6=10BA1E PC=486E -- 00486E: movea.l (A0,D0.w), A0
D0=3C D1=532 D2=1E D3=0 D4=840000F D5=842184D8 D6=842184D8 D7=FFFFFFFF A0=7DDC0 A1=10299A A2=109A66 A3=79640 A4=102900 A5=108000 A6=10BA1E PC=4872 -- 004872: move.w  ($72,A4), D0
D0=0 D1=532 D2=1E D3=0 D4=840000F D5=842184D8 D6=842184D8 D7=FFFFFFFF A0=7DDC0 A1=10299A A2=109A66 A3=79640 A4=102900 A5=108000 A6=10BA1E PC=4876 -- 004876: add.w   D0, D0
D0=0 D1=532 D2=1E D3=0 D4=840000F D5=842184D8 D6=842184D8 D7=FFFFFFFF A0=7DDC0 A1=10299A A2=109A66 A3=79640 A4=102900 A5=108000 A6=10BA1E PC=4878 -- 004878: move.w  (A0,D0.w), D1
D0=0 D1=0 D2=1E D3=0 D4=840000F D5=842184D8 D6=842184D8 D7=FFFFFFFF A0=7DDC0 A1=10299A A2=109A66 A3=79640 A4=102900 A5=108000 A6=10BA1E PC=487C -- 00487C: move.w  D1, ($46de,A5)
D0=0 D1=0 D2=1E D3=0 D4=840000F D5=842184D8 D6=842184D8 D7=FFFFFFFF A0=7DDC0 A1=10299A A2=109A66 A3=79640 A4=102900 A5=108000 A6=10BA1E PC=4880 -- 004880: lea     $80000.l, A0
D0=0 D1=0 D2=1E D3=0 D4=840000F D5=842184D8 D6=842184D8 D7=FFFFFFFF A0=80000 A1=10299A A2=109A66 A3=79640 A4=102900 A5=108000 A6=10BA1E PC=4886 -- 004886: move.w  ($70,A4), D0
D0=F D1=0 D2=1E D3=0 D4=840000F D5=842184D8 D6=842184D8 D7=FFFFFFFF A0=80000 A1=10299A A2=109A66 A3=79640 A4=102900 A5=108000 A6=10BA1E PC=488A -- 00488A: add.w   D0, D0
D0=1E D1=0 D2=1E D3=0 D4=840000F D5=842184D8 D6=842184D8 D7=FFFFFFFF A0=80000 A1=10299A A2=109A66 A3=79640 A4=102900 A5=108000 A6=10BA1E PC=488C -- 00488C: add.w   D0, D0
D0=3C D1=0 D2=1E D3=0 D4=840000F D5=842184D8 D6=842184D8 D7=FFFFFFFF A0=80000 A1=10299A A2=109A66 A3=79640 A4=102900 A5=108000 A6=10BA1E PC=488E -- 00488E: movea.l (A0,D0.w), A0
D0=3C D1=0 D2=1E D3=0 D4=840000F D5=842184D8 D6=842184D8 D7=FFFFFFFF A0=83E00 A1=10299A A2=109A66 A3=79640 A4=102900 A5=108000 A6=10BA1E PC=4892 -- 004892: move.w  ($46de,A5), D0
D0=0 D1=0 D2=1E D3=0 D4=840000F D5=842184D8 D6=842184D8 D7=FFFFFFFF A0=83E00 A1=10299A A2=109A66 A3=79640 A4=102900 A5=108000 A6=10BA1E PC=4896 -- 004896: tst.b   ($46e2,A5)
D0=0 D1=0 D2=1E D3=0 D4=840000F D5=842184D8 D6=842184D8 D7=FFFFFFFF A0=83E00 A1=10299A A2=109A66 A3=79640 A4=102900 A5=108000 A6=10BA1E PC=489A -- 00489A: beq     $48a0
D0=0 D1=0 D2=1E D3=0 D4=840000F D5=842184D8 D6=842184D8 D7=FFFFFFFF A0=83E00 A1=10299A A2=109A66 A3=79640 A4=102900 A5=108000 A6=10BA1E PC=48A0 -- 0048A0: andi.w  #$ff, D0
D0=0 D1=0 D2=1E D3=0 D4=840000F D5=842184D8 D6=842184D8 D7=FFFFFFFF A0=83E00 A1=10299A A2=109A66 A3=79640 A4=102900 A5=108000 A6=10BA1E PC=48A4 -- 0048A4: add.w   D0, D0
D0=0 D1=0 D2=1E D3=0 D4=840000F D5=842184D8 D6=842184D8 D7=FFFFFFFF A0=83E00 A1=10299A A2=109A66 A3=79640 A4=102900 A5=108000 A6=10BA1E PC=48A6 -- 0048A6: add.w   D0, D0
D0=0 D1=0 D2=1E D3=0 D4=840000F D5=842184D8 D6=842184D8 D7=FFFFFFFF A0=83E00 A1=10299A A2=109A66 A3=79640 A4=102900 A5=108000 A6=10BA1E PC=48A8 -- 0048A8: movea.l (A0,D0.w), A0
D0=0 D1=0 D2=1E D3=0 D4=840000F D5=842184D8 D6=842184D8 D7=FFFFFFFF A0=CC3A8 A1=10299A A2=109A66 A3=79640 A4=102900 A5=108000 A6=10BA1E PC=48AC -- 0048AC: move.w  ($74,A4), D0
D0=C D1=0 D2=1E D3=0 D4=840000F D5=842184D8 D6=842184D8 D7=FFFFFFFF A0=CC3A8 A1=10299A A2=109A66 A3=79640 A4=102900 A5=108000 A6=10BA1E PC=48B0 -- 0048B0: adda.w  D0, A0
D0=C D1=0 D2=1E D3=0 D4=840000F D5=842184D8 D6=842184D8 D7=FFFFFFFF A0=CC3B4 A1=10299A A2=109A66 A3=79640 A4=102900 A5=108000 A6=10BA1E PC=48B2 -- 0048B2: move.l  (A0), D0
D0=80CAD5E D1=0 D2=1E D3=0 D4=840000F D5=842184D8 D6=842184D8 D7=FFFFFFFF A0=CC3B4 A1=10299A A2=109A66 A3=79640 A4=102900 A5=108000 A6=10BA1E PC=48B4 -- 0048B4: andi.l  #$ffffff, D0
D0=CAD5E D1=0 D2=1E D3=0 D4=840000F D5=842184D8 D6=842184D8 D7=FFFFFFFF A0=CC3B4 A1=10299A A2=109A66 A3=79640 A4=102900 A5=108000 A6=10BA1E PC=48BA -- 0048BA: movea.l D0, A0
D0=CAD5E D1=0 D2=1E D3=0 D4=840000F D5=842184D8 D6=842184D8 D7=FFFFFFFF A0=CAD5E A1=10299A A2=109A66 A3=79640 A4=102900 A5=108000 A6=10BA1E PC=48BC -- 0048BC: move.w  ($4,A0), D0
D0=C0000 D1=0 D2=1E D3=0 D4=840000F D5=842184D8 D6=842184D8 D7=FFFFFFFF A0=CAD5E A1=10299A A2=109A66 A3=79640 A4=102900 A5=108000 A6=10BA1E PC=48C0 -- 0048C0: andi.w  #$1fff, D0
D0=C0000 D1=0 D2=1E D3=0 D4=840000F D5=842184D8 D6=842184D8 D7=FFFFFFFF A0=CAD5E A1=10299A A2=109A66 A3=79640 A4=102900 A5=108000 A6=10BA1E PC=48C4 -- 0048C4: move.w  D0, ($46e0,A5)
D0=C0000 D1=0 D2=1E D3=0 D4=840000F D5=842184D8 D6=842184D8 D7=FFFFFFFF A0=CAD5E A1=10299A A2=109A66 A3=79640 A4=102900 A5=108000 A6=10BA1E PC=48C8 -- 0048C8: lea     $80080.l, A0
D0=C0000 D1=0 D2=1E D3=0 D4=840000F D5=842184D8 D6=842184D8 D7=FFFFFFFF A0=80080 A1=10299A A2=109A66 A3=79640 A4=102900 A5=108000 A6=10BA1E PC=48CE -- 0048CE: move.w  ($70,A4), D1
D0=C0000 D1=F D2=1E D3=0 D4=840000F D5=842184D8 D6=842184D8 D7=FFFFFFFF A0=80080 A1=10299A A2=109A66 A3=79640 A4=102900 A5=108000 A6=10BA1E PC=48D2 -- 0048D2: add.w   D1, D1
D0=C0000 D1=1E D2=1E D3=0 D4=840000F D5=842184D8 D6=842184D8 D7=FFFFFFFF A0=80080 A1=10299A A2=109A66 A3=79640 A4=102900 A5=108000 A6=10BA1E PC=48D4 -- 0048D4: add.w   D1, D1
D0=C0000 D1=3C D2=1E D3=0 D4=840000F D5=842184D8 D6=842184D8 D7=FFFFFFFF A0=80080 A1=10299A A2=109A66 A3=79640 A4=102900 A5=108000 A6=10BA1E PC=48D6 -- 0048D6: movea.l (A0,D1.w), A0
D0=C0000 D1=3C D2=1E D3=0 D4=840000F D5=842184D8 D6=842184D8 D7=FFFFFFFF A0=8F200 A1=10299A A2=109A66 A3=79640 A4=102900 A5=108000 A6=10BA1E PC=48DA -- 0048DA: add.w   D0, D0
D0=C0000 D1=3C D2=1E D3=0 D4=840000F D5=842184D8 D6=842184D8 D7=FFFFFFFF A0=8F200 A1=10299A A2=109A66 A3=79640 A4=102900 A5=108000 A6=10BA1E PC=48DC -- 0048DC: add.w   D0, D0
D0=C0000 D1=3C D2=1E D3=0 D4=840000F D5=842184D8 D6=842184D8 D7=FFFFFFFF A0=8F200 A1=10299A A2=109A66 A3=79640 A4=102900 A5=108000 A6=10BA1E PC=48DE -- 0048DE: move.l  (A0,D0.w), ($28,A4)
D0=C0000 D1=3C D2=1E D3=0 D4=840000F D5=842184D8 D6=842184D8 D7=FFFFFFFF A0=8F200 A1=10299A A2=109A66 A3=79640 A4=102900 A5=108000 A6=10BA1E PC=48E4 -- 0048E4: rts
D0=C0000 D1=3C D2=1E D3=0 D4=840000F D5=842184D8 D6=842184D8 D7=FFFFFFFF A0=8F200 A1=10299A A2=109A66 A3=79640 A4=102900 A5=108000 A6=10BA1E PC=3E7C -- 003E7C: bra     $481a
D0=C0000 D1=3C D2=1E D3=0 D4=840000F D5=842184D8 D6=842184D8 D7=FFFFFFFF A0=8F200 A1=10299A A2=109A66 A3=79640 A4=102900 A5=108000 A6=10BA1E PC=481A -- 00481A: addq.w  #1, ($e3a,A5)
D0=C0000 D1=3C D2=1E D3=0 D4=840000F D5=842184D8 D6=842184D8 D7=FFFFFFFF A0=8F200 A1=10299A A2=109A66 A3=79640 A4=102900 A5=108000 A6=10BA1E PC=481E -- 00481E: lea     ($838,A5), A1
D0=C0000 D1=3C D2=1E D3=0 D4=840000F D5=842184D8 D6=842184D8 D7=FFFFFFFF A0=8F200 A1=108838 A2=109A66 A3=79640 A4=102900 A5=108000 A6=10BA1E PC=4822 -- 004822: move.w  ($2c,A4), D0
D0=C0070 D1=3C D2=1E D3=0 D4=840000F D5=842184D8 D6=842184D8 D7=FFFFFFFF A0=8F200 A1=108838 A2=109A66 A3=79640 A4=102900 A5=108000 A6=10BA1E PC=4826 -- 004826: move.w  D0, D1
D0=C0070 D1=70 D2=1E D3=0 D4=840000F D5=842184D8 D6=842184D8 D7=FFFFFFFF A0=8F200 A1=108838 A2=109A66 A3=79640 A4=102900 A5=108000 A6=10BA1E PC=4828 -- 004828: add.w   D1, D1
D0=C0070 D1=E0 D2=1E D3=0 D4=840000F D5=842184D8 D6=842184D8 D7=FFFFFFFF A0=8F200 A1=108838 A2=109A66 A3=79640 A4=102900 A5=108000 A6=10BA1E PC=482A -- 00482A: adda.w  D1, A1
D0=C0070 D1=E0 D2=1E D3=0 D4=840000F D5=842184D8 D6=842184D8 D7=FFFFFFFF A0=8F200 A1=108918 A2=109A66 A3=79640 A4=102900 A5=108000 A6=10BA1E PC=482C -- 00482C: cmp.w   ($e38,A5), D1
D0=C0070 D1=E0 D2=1E D3=0 D4=840000F D5=842184D8 D6=842184D8 D7=FFFFFFFF A0=8F200 A1=108918 A2=109A66 A3=79640 A4=102900 A5=108000 A6=10BA1E PC=4830 -- 004830: bhi     $4836
D0=C0070 D1=E0 D2=1E D3=0 D4=840000F D5=842184D8 D6=842184D8 D7=FFFFFFFF A0=8F200 A1=108918 A2=109A66 A3=79640 A4=102900 A5=108000 A6=10BA1E PC=4836 -- 004836: move.w  (A1)+, D1
D0=C0070 D1=0 D2=1E D3=0 D4=840000F D5=842184D8 D6=842184D8 D7=FFFFFFFF A0=8F200 A1=10891A A2=109A66 A3=79640 A4=102900 A5=108000 A6=10BA1E PC=4838 -- 004838: beq     $485a
D0=C0070 D1=0 D2=1E D3=0 D4=840000F D5=842184D8 D6=842184D8 D7=FFFFFFFF A0=8F200 A1=10891A A2=109A66 A3=79640 A4=102900 A5=108000 A6=10BA1E PC=485A -- 00485A: move.w  A4, (-$2,A1)
D0=C0070 D1=0 D2=1E D3=0 D4=840000F D5=842184D8 D6=842184D8 D7=FFFFFFFF A0=8F200 A1=10891A A2=109A66 A3=79640 A4=102900 A5=108000 A6=10BA1E PC=485E -- 00485E: rts
D0=C0070 D1=0 D2=1E D3=0 D4=840000F D5=842184D8 D6=842184D8 D7=FFFFFFFF A0=8F200 A1=10891A A2=109A66 A3=79640 A4=102900 A5=108000 A6=10BA1E PC=32B3C -- 032B3C: move.l  A4, D7
D0=C0070 D1=0 D2=1E D3=0 D4=840000F D5=842184D8 D6=842184D8 D7=102900 A0=8F200 A1=10891A A2=109A66 A3=79640 A4=102900 A5=108000 A6=10BA1E PC=32B3E -- 032B3E: move.w  ($4,A4), D7
D0=C0070 D1=0 D2=1E D3=0 D4=840000F D5=842184D8 D6=842184D8 D7=102B00 A0=8F200 A1=10891A A2=109A66 A3=79640 A4=102900 A5=108000 A6=10BA1E PC=32B42 -- 032B42: bpl     $32b36
D0=C0070 D1=0 D2=1E D3=0 D4=840000F D5=842184D8 D6=842184D8 D7=102B00 A0=8F200 A1=10891A A2=109A66 A3=79640 A4=102900 A5=108000 A6=10BA1E PC=32B36 -- 032B36: movea.l D7, A4
D0=C0070 D1=0 D2=1E D3=0 D4=840000F D5=842184D8 D6=842184D8 D7=102B00 A0=8F200 A1=10891A A2=109A66 A3=79640 A4=102B00 A5=108000 A6=10BA1E PC=32B38 -- 032B38: movea.l (A4), A0
D0=C0070 D1=0 D2=1E D3=0 D4=840000F D5=842184D8 D6=842184D8 D7=102B00 A0=379A2 A1=10891A A2=109A66 A3=79640 A4=102B00 A5=108000 A6=10BA1E PC=32B3A -- 032B3A: jsr     (A0)
D0=C0070 D1=0 D2=1E D3=0 D4=840000F D5=842184D8 D6=842184D8 D7=102B00 A0=379A2 A1=10891A A2=109A66 A3=79640 A4=102B00 A5=108000 A6=10BA1E PC=379A2 -- 0379A2: btst    #$0, ($cf,A4)
D0=C0070 D1=0 D2=1E D3=0 D4=840000F D5=842184D8 D6=842184D8 D7=102B00 A0=379A2 A1=10891A A2=109A66 A3=79640 A4=102B00 A5=108000 A6=10BA1E PC=379A8 -- 0379A8: bne     $379f4
D0=C0070 D1=0 D2=1E D3=0 D4=840000F D5=842184D8 D6=842184D8 D7=102B00 A0=379A2 A1=10891A A2=109A66 A3=79640 A4=102B00 A5=108000 A6=10BA1E PC=379AA -- 0379AA: moveq   #$0, D0
D0=0 D1=0 D2=1E D3=0 D4=840000F D5=842184D8 D6=842184D8 D7=102B00 A0=379A2 A1=10891A A2=109A66 A3=79640 A4=102B00 A5=108000 A6=10BA1E PC=379AC -- 0379AC: move.b  ($231,A5), D0
D0=5 D1=0 D2=1E D3=0 D4=840000F D5=842184D8 D6=842184D8 D7=102B00 A0=379A2 A1=10891A A2=109A66 A3=79640 A4=102B00 A5=108000 A6=10BA1E PC=379B0 -- 0379B0: move.b  ($501c,A5), ($d8,A4)
D0=5 D1=0 D2=1E D3=0 D4=840000F D5=842184D8 D6=842184D8 D7=102B00 A0=379A2 A1=10891A A2=109A66 A3=79640 A4=102B00 A5=108000 A6=10BA1E PC=379B6 -- 0379B6: cmpi.l  #$108100, ($84,A4)
D0=5 D1=0 D2=1E D3=0 D4=840000F D5=842184D8 D6=842184D8 D7=102B00 A0=379A2 A1=10891A A2=109A66 A3=79640 A4=102B00 A5=108000 A6=10BA1E PC=379BE -- 0379BE: beq     $379ca
D0=5 D1=0 D2=1E D3=0 D4=840000F D5=842184D8 D6=842184D8 D7=102B00 A0=379A2 A1=10891A A2=109A66 A3=79640 A4=102B00 A5=108000 A6=10BA1E PC=379CA -- 0379CA: bsr     $3790e
D0=5 D1=0 D2=1E D3=0 D4=840000F D5=842184D8 D6=842184D8 D7=102B00 A0=379A2 A1=10891A A2=109A66 A3=79640 A4=102B00 A5=108000 A6=10BA1E PC=3790E -- 03790E: add.w   D0, D0
D0=A D1=0 D2=1E D3=0 D4=840000F D5=842184D8 D6=842184D8 D7=102B00 A0=379A2 A1=10891A A2=109A66 A3=79640 A4=102B00 A5=108000 A6=10BA1E PC=37910 -- 037910: add.w   D0, D0
D0=14 D1=0 D2=1E D3=0 D4=840000F D5=842184D8 D6=842184D8 D7=102B00 A0=379A2 A1=10891A A2=109A66 A3=79640 A4=102B00 A5=108000 A6=10BA1E PC=37912 -- 037912: lea     $534dc.l, A2
D0=14 D1=0 D2=1E D3=0 D4=840000F D5=842184D8 D6=842184D8 D7=102B00 A0=379A2 A1=10891A A2=534DC A3=79640 A4=102B00 A5=108000 A6=10BA1E PC=37918 -- 037918: adda.w  D0, A2
D0=14 D1=0 D2=1E D3=0 D4=840000F D5=842184D8 D6=842184D8 D7=102B00 A0=379A2 A1=10891A A2=534F0 A3=79640 A4=102B00 A5=108000 A6=10BA1E PC=3791A -- 03791A: rts
D0=14 D1=0 D2=1E D3=0 D4=840000F D5=842184D8 D6=842184D8 D7=102B00 A0=379A2 A1=10891A A2=534F0 A3=79640 A4=102B00 A5=108000 A6=10BA1E PC=379CE -- 0379CE: move.w  ($d0,A4), D0
D0=1 D1=0 D2=1E D3=0 D4=840000F D5=842184D8 D6=842184D8 D7=102B00 A0=379A2 A1=10891A A2=534F0 A3=79640 A4=102B00 A5=108000 A6=10BA1E PC=379D2 -- 0379D2: move.b  (A2,D0.w), ($71,A4)
D0=1 D1=0 D2=1E D3=0 D4=840000F D5=842184D8 D6=842184D8 D7=102B00 A0=379A2 A1=10891A A2=534F0 A3=79640 A4=102B00 A5=108000 A6=10BA1E PC=379D8 -- 0379D8: move.b  #$ff, ($78,A4)
D0=1 D1=0 D2=1E D3=0 D4=840000F D5=842184D8 D6=842184D8 D7=102B00 A0=379A2 A1=10891A A2=534F0 A3=79640 A4=102B00 A5=108000 A6=10BA1E PC=379DE -- 0379DE: jsr     $48e6.w
D0=1 D1=0 D2=1E D3=0 D4=840000F D5=842184D8 D6=842184D8 D7=102B00 A0=379A2 A1=10891A A2=534F0 A3=79640 A4=102B00 A5=108000 A6=10BA1E PC=48E6 -- 0048E6: move.w  ($70,A4), D0
D0=10 D1=0 D2=1E D3=0 D4=840000F D5=842184D8 D6=842184D8 D7=102B00 A0=379A2 A1=10891A A2=534F0 A3=79640 A4=102B00 A5=108000 A6=10BA1E PC=48EA -- 0048EA: cmp.b   ($78,A4), D0
D0=10 D1=0 D2=1E D3=0 D4=840000F D5=842184D8 D6=842184D8 D7=102B00 A0=379A2 A1=10891A A2=534F0 A3=79640 A4=102B00 A5=108000 A6=10BA1E PC=48EE -- 0048EE: bne     $491c
D0=10 D1=0 D2=1E D3=0 D4=840000F D5=842184D8 D6=842184D8 D7=102B00 A0=379A2 A1=10891A A2=534F0 A3=79640 A4=102B00 A5=108000 A6=10BA1E PC=491C -- 00491C: move.b  D0, ($78,A4)
D0=10 D1=0 D2=1E D3=0 D4=840000F D5=842184D8 D6=842184D8 D7=102B00 A0=379A2 A1=10891A A2=534F0 A3=79640 A4=102B00 A5=108000 A6=10BA1E PC=4920 -- 004920: clr.w   ($74,A4)
D0=10 D1=0 D2=1E D3=0 D4=840000F D5=842184D8 D6=842184D8 D7=102B00 A0=379A2 A1=10891A A2=534F0 A3=79640 A4=102B00 A5=108000 A6=10BA1E PC=4924 -- 004924: clr.w   ($7e,A4)
D0=10 D1=0 D2=1E D3=0 D4=840000F D5=842184D8 D6=842184D8 D7=102B00 A0=379A2 A1=10891A A2=534F0 A3=79640 A4=102B00 A5=108000 A6=10BA1E PC=4928 -- 004928: clr.b   ($7d,A4)
D0=10 D1=0 D2=1E D3=0 D4=840000F D5=842184D8 D6=842184D8 D7=102B00 A0=379A2 A1=10891A A2=534F0 A3=79640 A4=102B00 A5=108000 A6=10BA1E PC=492C -- 00492C: andi.w  #$efff, ($e6,A4)
D0=10 D1=0 D2=1E D3=0 D4=840000F D5=842184D8 D6=842184D8 D7=102B00 A0=379A2 A1=10891A A2=534F0 A3=79640 A4=102B00 A5=108000 A6=10BA1E PC=4932 -- 004932: bsr     $49f8
D0=10 D1=0 D2=1E D3=0 D4=840000F D5=842184D8 D6=842184D8 D7=102B00 A0=379A2 A1=10891A A2=534F0 A3=79640 A4=102B00 A5=108000 A6=10BA1E PC=49F8 -- 0049F8: lea     ($90,A4), A0
D0=10 D1=0 D2=1E D3=0 D4=840000F D5=842184D8 D6=842184D8 D7=102B00 A0=102B90 A1=10891A A2=534F0 A3=79640 A4=102B00 A5=108000 A6=10BA1E PC=49FC -- 0049FC: clr.b   (A0)
D0=10 D1=0 D2=1E D3=0 D4=840000F D5=842184D8 D6=842184D8 D7=102B00 A0=102B90 A1=10891A A2=534F0 A3=79640 A4=102B00 A5=108000 A6=10BA1E PC=49FE -- 0049FE: clr.b   ($5,A0)
D0=10 D1=0 D2=1E D3=0 D4=840000F D5=842184D8 D6=842184D8 D7=102B00 A0=102B90 A1=10891A A2=534F0 A3=79640 A4=102B00 A5=108000 A6=10BA1E PC=4A02 -- 004A02: clr.b   ($a,A0)
D0=10 D1=0 D2=1E D3=0 D4=840000F D5=842184D8 D6=842184D8 D7=102B00 A0=102B90 A1=10891A A2=534F0 A3=79640 A4=102B00 A5=108000 A6=10BA1E PC=4A06 -- 004A06: clr.b   ($f,A0)
D0=10 D1=0 D2=1E D3=0 D4=840000F D5=842184D8 D6=842184D8 D7=102B00 A0=102B90 A1=10891A A2=534F0 A3=79640 A4=102B00 A5=108000 A6=10BA1E PC=4A0A -- 004A0A: rts
D0=10 D1=0 D2=1E D3=0 D4=840000F D5=842184D8 D6=842184D8 D7=102B00 A0=102B90 A1=10891A A2=534F0 A3=79640 A4=102B00 A5=108000 A6=10BA1E PC=4936 -- 004936: bsr     $4962
D0=10 D1=0 D2=1E D3=0 D4=840000F D5=842184D8 D6=842184D8 D7=102B00 A0=102B90 A1=10891A A2=534F0 A3=79640 A4=102B00 A5=108000 A6=10BA1E PC=4962 -- 004962: lea     $7bf48.l, A0
D0=10 D1=0 D2=1E D3=0 D4=840000F D5=842184D8 D6=842184D8 D7=102B00 A0=7BF48 A1=10891A A2=534F0 A3=79640 A4=102B00 A5=108000 A6=10BA1E PC=4968 -- 004968: move.w  ($70,A4), D0
D0=10 D1=0 D2=1E D3=0 D4=840000F D5=842184D8 D6=842184D8 D7=102B00 A0=7BF48 A1=10891A A2=534F0 A3=79640 A4=102B00 A5=108000 A6=10BA1E PC=496C -- 00496C: add.w   D0, D0
D0=20 D1=0 D2=1E D3=0 D4=840000F D5=842184D8 D6=842184D8 D7=102B00 A0=7BF48 A1=10891A A2=534F0 A3=79640 A4=102B00 A5=108000 A6=10BA1E PC=496E -- 00496E: add.w   D0, D0
D0=40 D1=0 D2=1E D3=0 D4=840000F D5=842184D8 D6=842184D8 D7=102B00 A0=7BF48 A1=10891A A2=534F0 A3=79640 A4=102B00 A5=108000 A6=10BA1E PC=4970 -- 004970: movea.l (A0,D0.w), A0
D0=40 D1=0 D2=1E D3=0 D4=840000F D5=842184D8 D6=842184D8 D7=102B00 A0=7DFC0 A1=10891A A2=534F0 A3=79640 A4=102B00 A5=108000 A6=10BA1E PC=4974 -- 004974: move.w  ($72,A4), D0
D0=0 D1=0 D2=1E D3=0 D4=840000F D5=842184D8 D6=842184D8 D7=102B00 A0=7DFC0 A1=10891A A2=534F0 A3=79640 A4=102B00 A5=108000 A6=10BA1E PC=4978 -- 004978: add.w   D0, D0
D0=0 D1=0 D2=1E D3=0 D4=840000F D5=842184D8 D6=842184D8 D7=102B00 A0=7DFC0 A1=10891A A2=534F0 A3=79640 A4=102B00 A5=108000 A6=10BA1E PC=497A -- 00497A: move.w  (A0,D0.w), ($46de,A5)
D0=0 D1=0 D2=1E D3=0 D4=840000F D5=842184D8 D6=842184D8 D7=102B00 A0=7DFC0 A1=10891A A2=534F0 A3=79640 A4=102B00 A5=108000 A6=10BA1E PC=4980 -- 004980: lea     $80000.l, A0
D0=0 D1=0 D2=1E D3=0 D4=840000F D5=842184D8 D6=842184D8 D7=102B00 A0=80000 A1=10891A A2=534F0 A3=79640 A4=102B00 A5=108000 A6=10BA1E PC=4986 -- 004986: move.w  ($70,A4), D0
D0=10 D1=0 D2=1E D3=0 D4=840000F D5=842184D8 D6=842184D8 D7=102B00 A0=80000 A1=10891A A2=534F0 A3=79640 A4=102B00 A5=108000 A6=10BA1E PC=498A -- 00498A: add.w   D0, D0
D0=20 D1=0 D2=1E D3=0 D4=840000F D5=842184D8 D6=842184D8 D7=102B00 A0=80000 A1=10891A A2=534F0 A3=79640 A4=102B00 A5=108000 A6=10BA1E PC=498C -- 00498C: add.w   D0, D0
D0=40 D1=0 D2=1E D3=0 D4=840000F D5=842184D8 D6=842184D8 D7=102B00 A0=80000 A1=10891A A2=534F0 A3=79640 A4=102B00 A5=108000 A6=10BA1E PC=498E -- 00498E: movea.l (A0,D0.w), A0
D0=40 D1=0 D2=1E D3=0 D4=840000F D5=842184D8 D6=842184D8 D7=102B00 A0=84200 A1=10891A A2=534F0 A3=79640 A4=102B00 A5=108000 A6=10BA1E PC=4992 -- 004992: move.w  ($46de,A5), D0
D0=0 D1=0 D2=1E D3=0 D4=840000F D5=842184D8 D6=842184D8 D7=102B00 A0=84200 A1=10891A A2=534F0 A3=79640 A4=102B00 A5=108000 A6=10BA1E PC=4996 -- 004996: tst.b   ($46e2,A5)
D0=0 D1=0 D2=1E D3=0 D4=840000F D5=842184D8 D6=842184D8 D7=102B00 A0=84200 A1=10891A A2=534F0 A3=79640 A4=102B00 A5=108000 A6=10BA1E PC=499A -- 00499A: beq     $49a0
D0=0 D1=0 D2=1E D3=0 D4=840000F D5=842184D8 D6=842184D8 D7=102B00 A0=84200 A1=10891A A2=534F0 A3=79640 A4=102B00 A5=108000 A6=10BA1E PC=49A0 -- 0049A0: andi.w  #$ff, D0
D0=0 D1=0 D2=1E D3=0 D4=840000F D5=842184D8 D6=842184D8 D7=102B00 A0=84200 A1=10891A A2=534F0 A3=79640 A4=102B00 A5=108000 A6=10BA1E PC=49A4 -- 0049A4: add.w   D0, D0
D0=0 D1=0 D2=1E D3=0 D4=840000F D5=842184D8 D6=842184D8 D7=102B00 A0=84200 A1=10891A A2=534F0 A3=79640 A4=102B00 A5=108000 A6=10BA1E PC=49A6 -- 0049A6: add.w   D0, D0
D0=0 D1=0 D2=1E D3=0 D4=840000F D5=842184D8 D6=842184D8 D7=102B00 A0=84200 A1=10891A A2=534F0 A3=79640 A4=102B00 A5=108000 A6=10BA1E PC=49A8 -- 0049A8: movea.l (A0,D0.w), A0
D0=0 D1=0 D2=1E D3=0 D4=840000F D5=842184D8 D6=842184D8 D7=102B00 A0=CE0CC A1=10891A A2=534F0 A3=79640 A4=102B00 A5=108000 A6=10BA1E PC=49AC -- 0049AC: move.w  ($74,A4), D0
D0=0 D1=0 D2=1E D3=0 D4=840000F D5=842184D8 D6=842184D8 D7=102B00 A0=CE0CC A1=10891A A2=534F0 A3=79640 A4=102B00 A5=108000 A6=10BA1E PC=49B0 -- 0049B0: adda.w  D0, A0
D0=0 D1=0 D2=1E D3=0 D4=840000F D5=842184D8 D6=842184D8 D7=102B00 A0=CE0CC A1=10891A A2=534F0 A3=79640 A4=102B00 A5=108000 A6=10BA1E PC=49B2 -- 0049B2: move.b  (A0), ($76,A4)
D0=0 D1=0 D2=1E D3=0 D4=840000F D5=842184D8 D6=842184D8 D7=102B00 A0=CE0CC A1=10891A A2=534F0 A3=79640 A4=102B00 A5=108000 A6=10BA1E PC=49B6 -- 0049B6: bmi     $4a22
D0=0 D1=0 D2=1E D3=0 D4=840000F D5=842184D8 D6=842184D8 D7=102B00 A0=CE0CC A1=10891A A2=534F0 A3=79640 A4=102B00 A5=108000 A6=10BA1E PC=4A22 -- 004A22: addq.w  #6, ($74,A4)
D0=0 D1=0 D2=1E D3=0 D4=840000F D5=842184D8 D6=842184D8 D7=102B00 A0=CE0CC A1=10891A A2=534F0 A3=79640 A4=102B00 A5=108000 A6=10BA1E PC=4A26 -- 004A26: moveq   #$0, D0
D0=0 D1=0 D2=1E D3=0 D4=840000F D5=842184D8 D6=842184D8 D7=102B00 A0=CE0CC A1=10891A A2=534F0 A3=79640 A4=102B00 A5=108000 A6=10BA1E PC=4A28 -- 004A28: move.b  (A0), D0
D0=FD D1=0 D2=1E D3=0 D4=840000F D5=842184D8 D6=842184D8 D7=102B00 A0=CE0CC A1=10891A A2=534F0 A3=79640 A4=102B00 A5=108000 A6=10BA1E PC=4A2A -- 004A2A: neg.b   D0
D0=3 D1=0 D2=1E D3=0 D4=840000F D5=842184D8 D6=842184D8 D7=102B00 A0=CE0CC A1=10891A A2=534F0 A3=79640 A4=102B00 A5=108000 A6=10BA1E PC=4A2C -- 004A2C: subq.b  #1, D0
D0=2 D1=0 D2=1E D3=0 D4=840000F D5=842184D8 D6=842184D8 D7=102B00 A0=CE0CC A1=10891A A2=534F0 A3=79640 A4=102B00 A5=108000 A6=10BA1E PC=4A2E -- 004A2E: add.w   D0, D0
D0=4 D1=0 D2=1E D3=0 D4=840000F D5=842184D8 D6=842184D8 D7=102B00 A0=CE0CC A1=10891A A2=534F0 A3=79640 A4=102B00 A5=108000 A6=10BA1E PC=4A30 -- 004A30: add.w   D0, D0
D0=8 D1=0 D2=1E D3=0 D4=840000F D5=842184D8 D6=842184D8 D7=102B00 A0=CE0CC A1=10891A A2=534F0 A3=79640 A4=102B00 A5=108000 A6=10BA1E PC=4A32 -- 004A32: lea     ($e,PC) ; ($4a42), A1
D0=8 D1=0 D2=1E D3=0 D4=840000F D5=842184D8 D6=842184D8 D7=102B00 A0=CE0CC A1=4A42 A2=534F0 A3=79640 A4=102B00 A5=108000 A6=10BA1E PC=4A36 -- 004A36: nop
D0=8 D1=0 D2=1E D3=0 D4=840000F D5=842184D8 D6=842184D8 D7=102B00 A0=CE0CC A1=4A42 A2=534F0 A3=79640 A4=102B00 A5=108000 A6=10BA1E PC=4A38 -- 004A38: movea.l (A1,D0.w), A1
D0=8 D1=0 D2=1E D3=0 D4=840000F D5=842184D8 D6=842184D8 D7=102B00 A0=CE0CC A1=4A74 A2=534F0 A3=79640 A4=102B00 A5=108000 A6=10BA1E PC=4A3C -- 004A3C: jsr     (A1)
D0=8 D1=0 D2=1E D3=0 D4=840000F D5=842184D8 D6=842184D8 D7=102B00 A0=CE0CC A1=4A74 A2=534F0 A3=79640 A4=102B00 A5=108000 A6=10BA1E PC=4A74 -- 004A74: addq.l  #1, A0
D0=8 D1=0 D2=1E D3=0 D4=840000F D5=842184D8 D6=842184D8 D7=102B00 A0=CE0CD A1=4A74 A2=534F0 A3=79640 A4=102B00 A5=108000 A6=10BA1E PC=4A76 -- 004A76: move.b  (A0)+, D0
D0=30 D1=0 D2=1E D3=0 D4=840000F D5=842184D8 D6=842184D8 D7=102B00 A0=CE0CE A1=4A74 A2=534F0 A3=79640 A4=102B00 A5=108000 A6=10BA1E PC=4A78 -- 004A78: move.b  D0, D1
D0=30 D1=30 D2=1E D3=0 D4=840000F D5=842184D8 D6=842184D8 D7=102B00 A0=CE0CE A1=4A74 A2=534F0 A3=79640 A4=102B00 A5=108000 A6=10BA1E PC=4A7A -- 004A7A: andi.w  #$f, D1
D0=30 D1=0 D2=1E D3=0 D4=840000F D5=842184D8 D6=842184D8 D7=102B00 A0=CE0CE A1=4A74 A2=534F0 A3=79640 A4=102B00 A5=108000 A6=10BA1E PC=4A7E -- 004A7E: lea     ($90,A4), A1
D0=30 D1=0 D2=1E D3=0 D4=840000F D5=842184D8 D6=842184D8 D7=102B00 A0=CE0CE A1=102B90 A2=534F0 A3=79640 A4=102B00 A5=108000 A6=10BA1E PC=4A82 -- 004A82: mulu.w  #$5, D1
D0=30 D1=0 D2=1E D3=0 D4=840000F D5=842184D8 D6=842184D8 D7=102B00 A0=CE0CE A1=102B90 A2=534F0 A3=79640 A4=102B00 A5=108000 A6=10BA1E PC=4A86 -- 004A86: adda.l  D1, A1
D0=30 D1=0 D2=1E D3=0 D4=840000F D5=842184D8 D6=842184D8 D7=102B00 A0=CE0CE A1=102B90 A2=534F0 A3=79640 A4=102B00 A5=108000 A6=10BA1E PC=4A88 -- 004A88: lsr.b   #4, D0
D0=3 D1=0 D2=1E D3=0 D4=840000F D5=842184D8 D6=842184D8 D7=102B00 A0=CE0CE A1=102B90 A2=534F0 A3=79640 A4=102B00 A5=108000 A6=10BA1E PC=4A8A -- 004A8A: move.b  D0, (A1)+
D0=3 D1=0 D2=1E D3=0 D4=840000F D5=842184D8 D6=842184D8 D7=102B00 A0=CE0CE A1=102B91 A2=534F0 A3=79640 A4=102B00 A5=108000 A6=10BA1E PC=4A8C -- 004A8C: move.b  (A0)+, (A1)+
D0=3 D1=0 D2=1E D3=0 D4=840000F D5=842184D8 D6=842184D8 D7=102B00 A0=CE0CF A1=102B92 A2=534F0 A3=79640 A4=102B00 A5=108000 A6=10BA1E PC=4A8E -- 004A8E: move.b  (A0)+, (A1)+
D0=3 D1=0 D2=1E D3=0 D4=840000F D5=842184D8 D6=842184D8 D7=102B00 A0=CE0D0 A1=102B93 A2=534F0 A3=79640 A4=102B00 A5=108000 A6=10BA1E PC=4A90 -- 004A90: move.b  (A0)+, (A1)+
D0=3 D1=0 D2=1E D3=0 D4=840000F D5=842184D8 D6=842184D8 D7=102B00 A0=CE0D1 A1=102B94 A2=534F0 A3=79640 A4=102B00 A5=108000 A6=10BA1E PC=4A92 -- 004A92: move.b  (A0), (A1)+
D0=3 D1=0 D2=1E D3=0 D4=840000F D5=842184D8 D6=842184D8 D7=102B00 A0=CE0D1 A1=102B95 A2=534F0 A3=79640 A4=102B00 A5=108000 A6=10BA1E PC=4A94 -- 004A94: rts
D0=3 D1=0 D2=1E D3=0 D4=840000F D5=842184D8 D6=842184D8 D7=102B00 A0=CE0D1 A1=102B95 A2=534F0 A3=79640 A4=102B00 A5=108000 A6=10BA1E PC=4A3E -- 004A3E: bra     $4962
D0=3 D1=0 D2=1E D3=0 D4=840000F D5=842184D8 D6=842184D8 D7=102B00 A0=CE0D1 A1=102B95 A2=534F0 A3=79640 A4=102B00 A5=108000 A6=10BA1E PC=4962 -- 004962: lea     $7bf48.l, A0
D0=3 D1=0 D2=1E D3=0 D4=840000F D5=842184D8 D6=842184D8 D7=102B00 A0=7BF48 A1=102B95 A2=534F0 A3=79640 A4=102B00 A5=108000 A6=10BA1E PC=4968 -- 004968: move.w  ($70,A4), D0
D0=10 D1=0 D2=1E D3=0 D4=840000F D5=842184D8 D6=842184D8 D7=102B00 A0=7BF48 A1=102B95 A2=534F0 A3=79640 A4=102B00 A5=108000 A6=10BA1E PC=496C -- 00496C: add.w   D0, D0
D0=20 D1=0 D2=1E D3=0 D4=840000F D5=842184D8 D6=842184D8 D7=102B00 A0=7BF48 A1=102B95 A2=534F0 A3=79640 A4=102B00 A5=108000 A6=10BA1E PC=496E -- 00496E: add.w   D0, D0
D0=40 D1=0 D2=1E D3=0 D4=840000F D5=842184D8 D6=842184D8 D7=102B00 A0=7BF48 A1=102B95 A2=534F0 A3=79640 A4=102B00 A5=108000 A6=10BA1E PC=4970 -- 004970: movea.l (A0,D0.w), A0
D0=40 D1=0 D2=1E D3=0 D4=840000F D5=842184D8 D6=842184D8 D7=102B00 A0=7DFC0 A1=102B95 A2=534F0 A3=79640 A4=102B00 A5=108000 A6=10BA1E PC=4974 -- 004974: move.w  ($72,A4), D0
D0=0 D1=0 D2=1E D3=0 D4=840000F D5=842184D8 D6=842184D8 D7=102B00 A0=7DFC0 A1=102B95 A2=534F0 A3=79640 A4=102B00 A5=108000 A6=10BA1E PC=4978 -- 004978: add.w   D0, D0
D0=0 D1=0 D2=1E D3=0 D4=840000F D5=842184D8 D6=842184D8 D7=102B00 A0=7DFC0 A1=102B95 A2=534F0 A3=79640 A4=102B00 A5=108000 A6=10BA1E PC=497A -- 00497A: move.w  (A0,D0.w), ($46de,A5)
D0=0 D1=0 D2=1E D3=0 D4=840000F D5=842184D8 D6=842184D8 D7=102B00 A0=7DFC0 A1=102B95 A2=534F0 A3=79640 A4=102B00 A5=108000 A6=10BA1E PC=4980 -- 004980: lea     $80000.l, A0
D0=0 D1=0 D2=1E D3=0 D4=840000F D5=842184D8 D6=842184D8 D7=102B00 A0=80000 A1=102B95 A2=534F0 A3=79640 A4=102B00 A5=108000 A6=10BA1E PC=4986 -- 004986: move.w  ($70,A4), D0
D0=10 D1=0 D2=1E D3=0 D4=840000F D5=842184D8 D6=842184D8 D7=102B00 A0=80000 A1=102B95 A2=534F0 A3=79640 A4=102B00 A5=108000 A6=10BA1E PC=498A -- 00498A: add.w   D0, D0
D0=20 D1=0 D2=1E D3=0 D4=840000F D5=842184D8 D6=842184D8 D7=102B00 A0=80000 A1=102B95 A2=534F0 A3=79640 A4=102B00 A5=108000 A6=10BA1E PC=498C -- 00498C: add.w   D0, D0
D0=40 D1=0 D2=1E D3=0 D4=840000F D5=842184D8 D6=842184D8 D7=102B00 A0=80000 A1=102B95 A2=534F0 A3=79640 A4=102B00 A5=108000 A6=10BA1E PC=498E -- 00498E: movea.l (A0,D0.w), A0
D0=40 D1=0 D2=1E D3=0 D4=840000F D5=842184D8 D6=842184D8 D7=102B00 A0=84200 A1=102B95 A2=534F0 A3=79640 A4=102B00 A5=108000 A6=10BA1E PC=4992 -- 004992: move.w  ($46de,A5), D0
D0=0 D1=0 D2=1E D3=0 D4=840000F D5=842184D8 D6=842184D8 D7=102B00 A0=84200 A1=102B95 A2=534F0 A3=79640 A4=102B00 A5=108000 A6=10BA1E PC=4996 -- 004996: tst.b   ($46e2,A5)
D0=0 D1=0 D2=1E D3=0 D4=840000F D5=842184D8 D6=842184D8 D7=102B00 A0=84200 A1=102B95 A2=534F0 A3=79640 A4=102B00 A5=108000 A6=10BA1E PC=499A -- 00499A: beq     $49a0
D0=0 D1=0 D2=1E D3=0 D4=840000F D5=842184D8 D6=842184D8 D7=102B00 A0=84200 A1=102B95 A2=534F0 A3=79640 A4=102B00 A5=108000 A6=10BA1E PC=49A0 -- 0049A0: andi.w  #$ff, D0
D0=0 D1=0 D2=1E D3=0 D4=840000F D5=842184D8 D6=842184D8 D7=102B00 A0=84200 A1=102B95 A2=534F0 A3=79640 A4=102B00 A5=108000 A6=10BA1E PC=49A4 -- 0049A4: add.w   D0, D0
D0=0 D1=0 D2=1E D3=0 D4=840000F D5=842184D8 D6=842184D8 D7=102B00 A0=84200 A1=102B95 A2=534F0 A3=79640 A4=102B00 A5=108000 A6=10BA1E PC=49A6 -- 0049A6: add.w   D0, D0
D0=0 D1=0 D2=1E D3=0 D4=840000F D5=842184D8 D6=842184D8 D7=102B00 A0=84200 A1=102B95 A2=534F0 A3=79640 A4=102B00 A5=108000 A6=10BA1E PC=49A8 -- 0049A8: movea.l (A0,D0.w), A0
D0=0 D1=0 D2=1E D3=0 D4=840000F D5=842184D8 D6=842184D8 D7=102B00 A0=CE0CC A1=102B95 A2=534F0 A3=79640 A4=102B00 A5=108000 A6=10BA1E PC=49AC -- 0049AC: move.w  ($74,A4), D0
D0=6 D1=0 D2=1E D3=0 D4=840000F D5=842184D8 D6=842184D8 D7=102B00 A0=CE0CC A1=102B95 A2=534F0 A3=79640 A4=102B00 A5=108000 A6=10BA1E PC=49B0 -- 0049B0: adda.w  D0, A0
D0=6 D1=0 D2=1E D3=0 D4=840000F D5=842184D8 D6=842184D8 D7=102B00 A0=CE0D2 A1=102B95 A2=534F0 A3=79640 A4=102B00 A5=108000 A6=10BA1E PC=49B2 -- 0049B2: move.b  (A0), ($76,A4)
D0=6 D1=0 D2=1E D3=0 D4=840000F D5=842184D8 D6=842184D8 D7=102B00 A0=CE0D2 A1=102B95 A2=534F0 A3=79640 A4=102B00 A5=108000 A6=10BA1E PC=49B6 -- 0049B6: bmi     $4a22
D0=6 D1=0 D2=1E D3=0 D4=840000F D5=842184D8 D6=842184D8 D7=102B00 A0=CE0D2 A1=102B95 A2=534F0 A3=79640 A4=102B00 A5=108000 A6=10BA1E PC=4A22 -- 004A22: addq.w  #6, ($74,A4)
D0=6 D1=0 D2=1E D3=0 D4=840000F D5=842184D8 D6=842184D8 D7=102B00 A0=CE0D2 A1=102B95 A2=534F0 A3=79640 A4=102B00 A5=108000 A6=10BA1E PC=4A26 -- 004A26: moveq   #$0, D0
D0=0 D1=0 D2=1E D3=0 D4=840000F D5=842184D8 D6=842184D8 D7=102B00 A0=CE0D2 A1=102B95 A2=534F0 A3=79640 A4=102B00 A5=108000 A6=10BA1E PC=4A28 -- 004A28: move.b  (A0), D0
D0=FD D1=0 D2=1E D3=0 D4=840000F D5=842184D8 D6=842184D8 D7=102B00 A0=CE0D2 A1=102B95 A2=534F0 A3=79640 A4=102B00 A5=108000 A6=10BA1E PC=4A2A -- 004A2A: neg.b   D0
D0=3 D1=0 D2=1E D3=0 D4=840000F D5=842184D8 D6=842184D8 D7=102B00 A0=CE0D2 A1=102B95 A2=534F0 A3=79640 A4=102B00 A5=108000 A6=10BA1E PC=4A2C -- 004A2C: subq.b  #1, D0
D0=2 D1=0 D2=1E D3=0 D4=840000F D5=842184D8 D6=842184D8 D7=102B00 A0=CE0D2 A1=102B95 A2=534F0 A3=79640 A4=102B00 A5=108000 A6=10BA1E PC=4A2E -- 004A2E: add.w   D0, D0
D0=4 D1=0 D2=1E D3=0 D4=840000F D5=842184D8 D6=842184D8 D7=102B00 A0=CE0D2 A1=102B95 A2=534F0 A3=79640 A4=102B00 A5=108000 A6=10BA1E PC=4A30 -- 004A30: add.w   D0, D0
D0=8 D1=0 D2=1E D3=0 D4=840000F D5=842184D8 D6=842184D8 D7=102B00 A0=CE0D2 A1=102B95 A2=534F0 A3=79640 A4=102B00 A5=108000 A6=10BA1E PC=4A32 -- 004A32: lea     ($e,PC) ; ($4a42), A1
D0=8 D1=0 D2=1E D3=0 D4=840000F D5=842184D8 D6=842184D8 D7=102B00 A0=CE0D2 A1=4A42 A2=534F0 A3=79640 A4=102B00 A5=108000 A6=10BA1E PC=4A36 -- 004A36: nop
D0=8 D1=0 D2=1E D3=0 D4=840000F D5=842184D8 D6=842184D8 D7=102B00 A0=CE0D2 A1=4A42 A2=534F0 A3=79640 A4=102B00 A5=108000 A6=10BA1E PC=4A38 -- 004A38: movea.l (A1,D0.w), A1
D0=8 D1=0 D2=1E D3=0 D4=840000F D5=842184D8 D6=842184D8 D7=102B00 A0=CE0D2 A1=4A74 A2=534F0 A3=79640 A4=102B00 A5=108000 A6=10BA1E PC=4A3C -- 004A3C: jsr     (A1)
D0=8 D1=0 D2=1E D3=0 D4=840000F D5=842184D8 D6=842184D8 D7=102B00 A0=CE0D2 A1=4A74 A2=534F0 A3=79640 A4=102B00 A5=108000 A6=10BA1E PC=4A74 -- 004A74: addq.l  #1, A0
D0=8 D1=0 D2=1E D3=0 D4=840000F D5=842184D8 D6=842184D8 D7=102B00 A0=CE0D3 A1=4A74 A2=534F0 A3=79640 A4=102B00 A5=108000 A6=10BA1E PC=4A76 -- 004A76: move.b  (A0)+, D0
D0=41 D1=0 D2=1E D3=0 D4=840000F D5=842184D8 D6=842184D8 D7=102B00 A0=CE0D4 A1=4A74 A2=534F0 A3=79640 A4=102B00 A5=108000 A6=10BA1E PC=4A78 -- 004A78: move.b  D0, D1
D0=41 D1=41 D2=1E D3=0 D4=840000F D5=842184D8 D6=842184D8 D7=102B00 A0=CE0D4 A1=4A74 A2=534F0 A3=79640 A4=102B00 A5=108000 A6=10BA1E PC=4A7A -- 004A7A: andi.w  #$f, D1
D0=41 D1=1 D2=1E D3=0 D4=840000F D5=842184D8 D6=842184D8 D7=102B00 A0=CE0D4 A1=4A74 A2=534F0 A3=79640 A4=102B00 A5=108000 A6=10BA1E PC=4A7E -- 004A7E: lea     ($90,A4), A1
D0=41 D1=1 D2=1E D3=0 D4=840000F D5=842184D8 D6=842184D8 D7=102B00 A0=CE0D4 A1=102B90 A2=534F0 A3=79640 A4=102B00 A5=108000 A6=10BA1E PC=4A82 -- 004A82: mulu.w  #$5, D1
D0=41 D1=5 D2=1E D3=0 D4=840000F D5=842184D8 D6=842184D8 D7=102B00 A0=CE0D4 A1=102B90 A2=534F0 A3=79640 A4=102B00 A5=108000 A6=10BA1E PC=4A86 -- 004A86: adda.l  D1, A1
D0=41 D1=5 D2=1E D3=0 D4=840000F D5=842184D8 D6=842184D8 D7=102B00 A0=CE0D4 A1=102B95 A2=534F0 A3=79640 A4=102B00 A5=108000 A6=10BA1E PC=4A88 -- 004A88: lsr.b   #4, D0
D0=4 D1=5 D2=1E D3=0 D4=840000F D5=842184D8 D6=842184D8 D7=102B00 A0=CE0D4 A1=102B95 A2=534F0 A3=79640 A4=102B00 A5=108000 A6=10BA1E PC=4A8A -- 004A8A: move.b  D0, (A1)+
D0=4 D1=5 D2=1E D3=0 D4=840000F D5=842184D8 D6=842184D8 D7=102B00 A0=CE0D4 A1=102B96 A2=534F0 A3=79640 A4=102B00 A5=108000 A6=10BA1E PC=4A8C -- 004A8C: move.b  (A0)+, (A1)+
D0=4 D1=5 D2=1E D3=0 D4=840000F D5=842184D8 D6=842184D8 D7=102B00 A0=CE0D5 A1=102B97 A2=534F0 A3=79640 A4=102B00 A5=108000 A6=10BA1E PC=4A8E -- 004A8E: move.b  (A0)+, (A1)+
D0=4 D1=5 D2=1E D3=0 D4=840000F D5=842184D8 D6=842184D8 D7=102B00 A0=CE0D6 A1=102B98 A2=534F0 A3=79640 A4=102B00 A5=108000 A6=10BA1E PC=4A90 -- 004A90: move.b  (A0)+, (A1)+
D0=4 D1=5 D2=1E D3=0 D4=840000F D5=842184D8 D6=842184D8 D7=102B00 A0=CE0D7 A1=102B99 A2=534F0 A3=79640 A4=102B00 A5=108000 A6=10BA1E PC=4A92 -- 004A92: move.b  (A0), (A1)+
D0=4 D1=5 D2=1E D3=0 D4=840000F D5=842184D8 D6=842184D8 D7=102B00 A0=CE0D7 A1=102B9A A2=534F0 A3=79640 A4=102B00 A5=108000 A6=10BA1E PC=4A94 -- 004A94: rts
D0=4 D1=5 D2=1E D3=0 D4=840000F D5=842184D8 D6=842184D8 D7=102B00 A0=CE0D7 A1=102B9A A2=534F0 A3=79640 A4=102B00 A5=108000 A6=10BA1E PC=4A3E -- 004A3E: bra     $4962
D0=4 D1=5 D2=1E D3=0 D4=840000F D5=842184D8 D6=842184D8 D7=102B00 A0=CE0D7 A1=102B9A A2=534F0 A3=79640 A4=102B00 A5=108000 A6=10BA1E PC=4962 -- 004962: lea     $7bf48.l, A0
D0=4 D1=5 D2=1E D3=0 D4=840000F D5=842184D8 D6=842184D8 D7=102B00 A0=7BF48 A1=102B9A A2=534F0 A3=79640 A4=102B00 A5=108000 A6=10BA1E PC=4968 -- 004968: move.w  ($70,A4), D0
D0=10 D1=5 D2=1E D3=0 D4=840000F D5=842184D8 D6=842184D8 D7=102B00 A0=7BF48 A1=102B9A A2=534F0 A3=79640 A4=102B00 A5=108000 A6=10BA1E PC=496C -- 00496C: add.w   D0, D0
D0=20 D1=5 D2=1E D3=0 D4=840000F D5=842184D8 D6=842184D8 D7=102B00 A0=7BF48 A1=102B9A A2=534F0 A3=79640 A4=102B00 A5=108000 A6=10BA1E PC=496E -- 00496E: add.w   D0, D0
D0=40 D1=5 D2=1E D3=0 D4=840000F D5=842184D8 D6=842184D8 D7=102B00 A0=7BF48 A1=102B9A A2=534F0 A3=79640 A4=102B00 A5=108000 A6=10BA1E PC=4970 -- 004970: movea.l (A0,D0.w), A0
D0=40 D1=5 D2=1E D3=0 D4=840000F D5=842184D8 D6=842184D8 D7=102B00 A0=7DFC0 A1=102B9A A2=534F0 A3=79640 A4=102B00 A5=108000 A6=10BA1E PC=4974 -- 004974: move.w  ($72,A4), D0
D0=0 D1=5 D2=1E D3=0 D4=840000F D5=842184D8 D6=842184D8 D7=102B00 A0=7DFC0 A1=102B9A A2=534F0 A3=79640 A4=102B00 A5=108000 A6=10BA1E PC=4978 -- 004978: add.w   D0, D0
D0=0 D1=5 D2=1E D3=0 D4=840000F D5=842184D8 D6=842184D8 D7=102B00 A0=7DFC0 A1=102B9A A2=534F0 A3=79640 A4=102B00 A5=108000 A6=10BA1E PC=497A -- 00497A: move.w  (A0,D0.w), ($46de,A5)
D0=0 D1=5 D2=1E D3=0 D4=840000F D5=842184D8 D6=842184D8 D7=102B00 A0=7DFC0 A1=102B9A A2=534F0 A3=79640 A4=102B00 A5=108000 A6=10BA1E PC=4980 -- 004980: lea     $80000.l, A0
D0=0 D1=5 D2=1E D3=0 D4=840000F D5=842184D8 D6=842184D8 D7=102B00 A0=80000 A1=102B9A A2=534F0 A3=79640 A4=102B00 A5=108000 A6=10BA1E PC=4986 -- 004986: move.w  ($70,A4), D0
D0=10 D1=5 D2=1E D3=0 D4=840000F D5=842184D8 D6=842184D8 D7=102B00 A0=80000 A1=102B9A A2=534F0 A3=79640 A4=102B00 A5=108000 A6=10BA1E PC=498A -- 00498A: add.w   D0, D0
D0=20 D1=5 D2=1E D3=0 D4=840000F D5=842184D8 D6=842184D8 D7=102B00 A0=80000 A1=102B9A A2=534F0 A3=79640 A4=102B00 A5=108000 A6=10BA1E PC=498C -- 00498C: add.w   D0, D0
D0=40 D1=5 D2=1E D3=0 D4=840000F D5=842184D8 D6=842184D8 D7=102B00 A0=80000 A1=102B9A A2=534F0 A3=79640 A4=102B00 A5=108000 A6=10BA1E PC=498E -- 00498E: movea.l (A0,D0.w), A0
D0=40 D1=5 D2=1E D3=0 D4=840000F D5=842184D8 D6=842184D8 D7=102B00 A0=84200 A1=102B9A A2=534F0 A3=79640 A4=102B00 A5=108000 A6=10BA1E PC=4992 -- 004992: move.w  ($46de,A5), D0
D0=0 D1=5 D2=1E D3=0 D4=840000F D5=842184D8 D6=842184D8 D7=102B00 A0=84200 A1=102B9A A2=534F0 A3=79640 A4=102B00 A5=108000 A6=10BA1E PC=4996 -- 004996: tst.b   ($46e2,A5)
D0=0 D1=5 D2=1E D3=0 D4=840000F D5=842184D8 D6=842184D8 D7=102B00 A0=84200 A1=102B9A A2=534F0 A3=79640 A4=102B00 A5=108000 A6=10BA1E PC=499A -- 00499A: beq     $49a0
D0=0 D1=5 D2=1E D3=0 D4=840000F D5=842184D8 D6=842184D8 D7=102B00 A0=84200 A1=102B9A A2=534F0 A3=79640 A4=102B00 A5=108000 A6=10BA1E PC=49A0 -- 0049A0: andi.w  #$ff, D0
D0=0 D1=5 D2=1E D3=0 D4=840000F D5=842184D8 D6=842184D8 D7=102B00 A0=84200 A1=102B9A A2=534F0 A3=79640 A4=102B00 A5=108000 A6=10BA1E PC=49A4 -- 0049A4: add.w   D0, D0
D0=0 D1=5 D2=1E D3=0 D4=840000F D5=842184D8 D6=842184D8 D7=102B00 A0=84200 A1=102B9A A2=534F0 A3=79640 A4=102B00 A5=108000 A6=10BA1E PC=49A6 -- 0049A6: add.w   D0, D0
D0=0 D1=5 D2=1E D3=0 D4=840000F D5=842184D8 D6=842184D8 D7=102B00 A0=84200 A1=102B9A A2=534F0 A3=79640 A4=102B00 A5=108000 A6=10BA1E PC=49A8 -- 0049A8: movea.l (A0,D0.w), A0
D0=0 D1=5 D2=1E D3=0 D4=840000F D5=842184D8 D6=842184D8 D7=102B00 A0=CE0CC A1=102B9A A2=534F0 A3=79640 A4=102B00 A5=108000 A6=10BA1E PC=49AC -- 0049AC: move.w  ($74,A4), D0
D0=C D1=5 D2=1E D3=0 D4=840000F D5=842184D8 D6=842184D8 D7=102B00 A0=CE0CC A1=102B9A A2=534F0 A3=79640 A4=102B00 A5=108000 A6=10BA1E PC=49B0 -- 0049B0: adda.w  D0, A0
D0=C D1=5 D2=1E D3=0 D4=840000F D5=842184D8 D6=842184D8 D7=102B00 A0=CE0D8 A1=102B9A A2=534F0 A3=79640 A4=102B00 A5=108000 A6=10BA1E PC=49B2 -- 0049B2: move.b  (A0), ($76,A4)
D0=C D1=5 D2=1E D3=0 D4=840000F D5=842184D8 D6=842184D8 D7=102B00 A0=CE0D8 A1=102B9A A2=534F0 A3=79640 A4=102B00 A5=108000 A6=10BA1E PC=49B6 -- 0049B6: bmi     $4a22
D0=C D1=5 D2=1E D3=0 D4=840000F D5=842184D8 D6=842184D8 D7=102B00 A0=CE0D8 A1=102B9A A2=534F0 A3=79640 A4=102B00 A5=108000 A6=10BA1E PC=49BA -- 0049BA: move.b  ($81,A4), D0
D0=0 D1=5 D2=1E D3=0 D4=840000F D5=842184D8 D6=842184D8 D7=102B00 A0=CE0D8 A1=102B9A A2=534F0 A3=79640 A4=102B00 A5=108000 A6=10BA1E PC=49BE -- 0049BE: tst.b   ($7d,A4)
D0=0 D1=5 D2=1E D3=0 D4=840000F D5=842184D8 D6=842184D8 D7=102B00 A0=CE0D8 A1=102B9A A2=534F0 A3=79640 A4=102B00 A5=108000 A6=10BA1E PC=49C2 -- 0049C2: beq     $49c8
D0=0 D1=5 D2=1E D3=0 D4=840000F D5=842184D8 D6=842184D8 D7=102B00 A0=CE0D8 A1=102B9A A2=534F0 A3=79640 A4=102B00 A5=108000 A6=10BA1E PC=49C8 -- 0049C8: add.b   ($7d,A4), D0
D0=0 D1=5 D2=1E D3=0 D4=840000F D5=842184D8 D6=842184D8 D7=102B00 A0=CE0D8 A1=102B9A A2=534F0 A3=79640 A4=102B00 A5=108000 A6=10BA1E PC=49CC -- 0049CC: add.b   D0, ($76,A4)
D0=0 D1=5 D2=1E D3=0 D4=840000F D5=842184D8 D6=842184D8 D7=102B00 A0=CE0D8 A1=102B9A A2=534F0 A3=79640 A4=102B00 A5=108000 A6=10BA1E PC=49D0 -- 0049D0: bgt     $49d8
D0=0 D1=5 D2=1E D3=0 D4=840000F D5=842184D8 D6=842184D8 D7=102B00 A0=CE0D8 A1=102B9A A2=534F0 A3=79640 A4=102B00 A5=108000 A6=10BA1E PC=49D8 -- 0049D8: addq.w  #1, ($7e,A4)
D0=0 D1=5 D2=1E D3=0 D4=840000F D5=842184D8 D6=842184D8 D7=102B00 A0=CE0D8 A1=102B9A A2=534F0 A3=79640 A4=102B00 A5=108000 A6=10BA1E PC=49DC -- 0049DC: move.b  ($4,A0), ($7a,A4)
D0=0 D1=5 D2=1E D3=0 D4=840000F D5=842184D8 D6=842184D8 D7=102B00 A0=CE0D8 A1=102B9A A2=534F0 A3=79640 A4=102B00 A5=108000 A6=10BA1E PC=49E2 -- 0049E2: move.b  ($5,A0), ($7b,A4)
D0=0 D1=5 D2=1E D3=0 D4=840000F D5=842184D8 D6=842184D8 D7=102B00 A0=CE0D8 A1=102B9A A2=534F0 A3=79640 A4=102B00 A5=108000 A6=10BA1E PC=49E8 -- 0049E8: move.l  (A0), D0
D0=50CB52C D1=5 D2=1E D3=0 D4=840000F D5=842184D8 D6=842184D8 D7=102B00 A0=CE0D8 A1=102B9A A2=534F0 A3=79640 A4=102B00 A5=108000 A6=10BA1E PC=49EA -- 0049EA: movea.l D0, A0
D0=50CB52C D1=5 D2=1E D3=0 D4=840000F D5=842184D8 D6=842184D8 D7=102B00 A0=50CB52C A1=102B9A A2=534F0 A3=79640 A4=102B00 A5=108000 A6=10BA1E PC=49EC -- 0049EC: move.w  (A0), ($6a,A4)
D0=50CB52C D1=5 D2=1E D3=0 D4=840000F D5=842184D8 D6=842184D8 D7=102B00 A0=50CB52C A1=102B9A A2=534F0 A3=79640 A4=102B00 A5=108000 A6=10BA1E PC=49F0 -- 0049F0: move.w  ($2,A0), ($6c,A4)
D0=50CB52C D1=5 D2=1E D3=0 D4=840000F D5=842184D8 D6=842184D8 D7=102B00 A0=50CB52C A1=102B9A A2=534F0 A3=79640 A4=102B00 A5=108000 A6=10BA1E PC=49F6 -- 0049F6: rts
D0=50CB52C D1=5 D2=1E D3=0 D4=840000F D5=842184D8 D6=842184D8 D7=102B00 A0=50CB52C A1=102B9A A2=534F0 A3=79640 A4=102B00 A5=108000 A6=10BA1E PC=493A -- 00493A: bra     $4906
D0=50CB52C D1=5 D2=1E D3=0 D4=840000F D5=842184D8 D6=842184D8 D7=102B00 A0=50CB52C A1=102B9A A2=534F0 A3=79640 A4=102B00 A5=108000 A6=10BA1E PC=4906 -- 004906: subq.b  #1, ($76,A4)
D0=50CB52C D1=5 D2=1E D3=0 D4=840000F D5=842184D8 D6=842184D8 D7=102B00 A0=50CB52C A1=102B9A A2=534F0 A3=79640 A4=102B00 A5=108000 A6=10BA1E PC=490A -- 00490A: bhi     $491a
D0=50CB52C D1=5 D2=1E D3=0 D4=840000F D5=842184D8 D6=842184D8 D7=102B00 A0=50CB52C A1=102B9A A2=534F0 A3=79640 A4=102B00 A5=108000 A6=10BA1E PC=491A -- 00491A: rts
D0=50CB52C D1=5 D2=1E D3=0 D4=840000F D5=842184D8 D6=842184D8 D7=102B00 A0=50CB52C A1=102B9A A2=534F0 A3=79640 A4=102B00 A5=108000 A6=10BA1E PC=379E2 -- 0379E2: jsr     $32e4.w
D0=50CB52C D1=5 D2=1E D3=0 D4=840000F D5=842184D8 D6=842184D8 D7=102B00 A0=50CB52C A1=102B9A A2=534F0 A3=79640 A4=102B00 A5=108000 A6=10BA1E PC=32E4 -- 0032E4: moveq   #$d, D3
D0=50CB52C D1=5 D2=1E D3=D D4=840000F D5=842184D8 D6=842184D8 D7=102B00 A0=50CB52C A1=102B9A A2=534F0 A3=79640 A4=102B00 A5=108000 A6=10BA1E PC=32E6 -- 0032E6: move.w  ($70,A4), D0
D0=50C0010 D1=5 D2=1E D3=D D4=840000F D5=842184D8 D6=842184D8 D7=102B00 A0=50CB52C A1=102B9A A2=534F0 A3=79640 A4=102B00 A5=108000 A6=10BA1E PC=32EA -- 0032EA: add.w   D0, D0
D0=50C0020 D1=5 D2=1E D3=D D4=840000F D5=842184D8 D6=842184D8 D7=102B00 A0=50CB52C A1=102B9A A2=534F0 A3=79640 A4=102B00 A5=108000 A6=10BA1E PC=32EC -- 0032EC: add.w   D0, D0
D0=50C0040 D1=5 D2=1E D3=D D4=840000F D5=842184D8 D6=842184D8 D7=102B00 A0=50CB52C A1=102B9A A2=534F0 A3=79640 A4=102B00 A5=108000 A6=10BA1E PC=32EE -- 0032EE: moveq   #$0, D1
D0=50C0040 D1=0 D2=1E D3=D D4=840000F D5=842184D8 D6=842184D8 D7=102B00 A0=50CB52C A1=102B9A A2=534F0 A3=79640 A4=102B00 A5=108000 A6=10BA1E PC=32F0 -- 0032F0: move.b  ($d8,A4), D1
D0=50C0040 D1=0 D2=1E D3=D D4=840000F D5=842184D8 D6=842184D8 D7=102B00 A0=50CB52C A1=102B9A A2=534F0 A3=79640 A4=102B00 A5=108000 A6=10BA1E PC=32F4 -- 0032F4: add.w   D1, D1
D0=50C0040 D1=0 D2=1E D3=D D4=840000F D5=842184D8 D6=842184D8 D7=102B00 A0=50CB52C A1=102B9A A2=534F0 A3=79640 A4=102B00 A5=108000 A6=10BA1E PC=32F6 -- 0032F6: add.w   D1, D0
D0=50C0040 D1=0 D2=1E D3=D D4=840000F D5=842184D8 D6=842184D8 D7=102B00 A0=50CB52C A1=102B9A A2=534F0 A3=79640 A4=102B00 A5=108000 A6=10BA1E PC=32F8 -- 0032F8: lea     ($d8,PC) ; ($33d2), A0
D0=50C0040 D1=0 D2=1E D3=D D4=840000F D5=842184D8 D6=842184D8 D7=102B00 A0=33D2 A1=102B9A A2=534F0 A3=79640 A4=102B00 A5=108000 A6=10BA1E PC=32FC -- 0032FC: move.w  (A0,D0.w), D1
D0=50C0040 D1=540 D2=1E D3=D D4=840000F D5=842184D8 D6=842184D8 D7=102B00 A0=33D2 A1=102B9A A2=534F0 A3=79640 A4=102B00 A5=108000 A6=10BA1E PC=3300 -- 003300: moveq   #$0, D2
D0=50C0040 D1=540 D2=0 D3=D D4=840000F D5=842184D8 D6=842184D8 D7=102B00 A0=33D2 A1=102B9A A2=534F0 A3=79640 A4=102B00 A5=108000 A6=10BA1E PC=3302 -- 003302: move.b  ($30,A4), D2
D0=50C0040 D1=540 D2=E D3=D D4=840000F D5=842184D8 D6=842184D8 D7=102B00 A0=33D2 A1=102B9A A2=534F0 A3=79640 A4=102B00 A5=108000 A6=10BA1E PC=3306 -- 003306: addi.w  #$10, D2
D0=50C0040 D1=540 D2=1E D3=D D4=840000F D5=842184D8 D6=842184D8 D7=102B00 A0=33D2 A1=102B9A A2=534F0 A3=79640 A4=102B00 A5=108000 A6=10BA1E PC=330A -- 00330A: bra     $3512
D0=50C0040 D1=540 D2=1E D3=D D4=840000F D5=842184D8 D6=842184D8 D7=102B00 A0=33D2 A1=102B9A A2=534F0 A3=79640 A4=102B00 A5=108000 A6=10BA1E PC=3512 -- 003512: movea.l ($38a8,A5), A2
D0=50C0040 D1=540 D2=1E D3=D D4=840000F D5=842184D8 D6=842184D8 D7=102B00 A0=33D2 A1=102B9A A2=109A66 A3=79640 A4=102B00 A5=108000 A6=10BA1E PC=3516 -- 003516: moveq   #$0, D0
D0=0 D1=540 D2=1E D3=D D4=840000F D5=842184D8 D6=842184D8 D7=102B00 A0=33D2 A1=102B9A A2=109A66 A3=79640 A4=102B00 A5=108000 A6=10BA1E PC=3518 -- 003518: move.w  D1, D0
D0=540 D1=540 D2=1E D3=D D4=840000F D5=842184D8 D6=842184D8 D7=102B00 A0=33D2 A1=102B9A A2=109A66 A3=79640 A4=102B00 A5=108000 A6=10BA1E PC=351A -- 00351A: addq.w  #1, D1
D0=540 D1=541 D2=1E D3=D D4=840000F D5=842184D8 D6=842184D8 D7=102B00 A0=33D2 A1=102B9A A2=109A66 A3=79640 A4=102B00 A5=108000 A6=10BA1E PC=351C -- 00351C: andi.w  #$ff, D2
D0=540 D1=541 D2=1E D3=D D4=840000F D5=842184D8 D6=842184D8 D7=102B00 A0=33D2 A1=102B9A A2=109A66 A3=79640 A4=102B00 A5=108000 A6=10BA1E PC=3520 -- 003520: move.w  D2, (A2)+
D0=540 D1=541 D2=1E D3=D D4=840000F D5=842184D8 D6=842184D8 D7=102B00 A0=33D2 A1=102B9A A2=109A68 A3=79640 A4=102B00 A5=108000 A6=10BA1E PC=3522 -- 003522: addq.w  #1, D2
D0=540 D1=541 D2=1F D3=D D4=840000F D5=842184D8 D6=842184D8 D7=102B00 A0=33D2 A1=102B9A A2=109A68 A3=79640 A4=102B00 A5=108000 A6=10BA1E PC=3524 -- 003524: lea     $6f000.l, A3
D0=540 D1=541 D2=1F D3=D D4=840000F D5=842184D8 D6=842184D8 D7=102B00 A0=33D2 A1=102B9A A2=109A68 A3=6F000 A4=102B00 A5=108000 A6=10BA1E PC=352A -- 00352A: lsl.l   #5, D0
D0=A800 D1=541 D2=1F D3=D D4=840000F D5=842184D8 D6=842184D8 D7=102B00 A0=33D2 A1=102B9A A2=109A68 A3=6F000 A4=102B00 A5=108000 A6=10BA1E PC=352C -- 00352C: adda.l  D0, A3
D0=A800 D1=541 D2=1F D3=D D4=840000F D5=842184D8 D6=842184D8 D7=102B00 A0=33D2 A1=102B9A A2=109A68 A3=79800 A4=102B00 A5=108000 A6=10BA1E PC=352E -- 00352E: addq.l  #2, A3
D0=A800 D1=541 D2=1F D3=D D4=840000F D5=842184D8 D6=842184D8 D7=102B00 A0=33D2 A1=102B9A A2=109A68 A3=79802 A4=102B00 A5=108000 A6=10BA1E PC=3530 -- 003530: move.w  (A3)+, (A2)+
D0=A800 D1=541 D2=1F D3=D D4=840000F D5=842184D8 D6=842184D8 D7=102B00 A0=33D2 A1=102B9A A2=109A6A A3=79804 A4=102B00 A5=108000 A6=10BA1E PC=3532 -- 003532: move.l  (A3)+, (A2)+
D0=A800 D1=541 D2=1F D3=D D4=840000F D5=842184D8 D6=842184D8 D7=102B00 A0=33D2 A1=102B9A A2=109A6E A3=79808 A4=102B00 A5=108000 A6=10BA1E PC=3534 -- 003534: move.l  (A3)+, (A2)+
D0=A800 D1=541 D2=1F D3=D D4=840000F D5=842184D8 D6=842184D8 D7=102B00 A0=33D2 A1=102B9A A2=109A72 A3=7980C A4=102B00 A5=108000 A6=10BA1E PC=3536 -- 003536: move.l  (A3)+, (A2)+
D0=A800 D1=541 D2=1F D3=D D4=840000F D5=842184D8 D6=842184D8 D7=102B00 A0=33D2 A1=102B9A A2=109A76 A3=79810 A4=102B00 A5=108000 A6=10BA1E PC=3538 -- 003538: move.l  (A3)+, (A2)+
D0=A800 D1=541 D2=1F D3=D D4=840000F D5=842184D8 D6=842184D8 D7=102B00 A0=33D2 A1=102B9A A2=109A7A A3=79814 A4=102B00 A5=108000 A6=10BA1E PC=353A -- 00353A: move.l  (A3)+, (A2)+
D0=A800 D1=541 D2=1F D3=D D4=840000F D5=842184D8 D6=842184D8 D7=102B00 A0=33D2 A1=102B9A A2=109A7E A3=79818 A4=102B00 A5=108000 A6=10BA1E PC=353C -- 00353C: move.l  (A3)+, (A2)+
D0=A800 D1=541 D2=1F D3=D D4=840000F D5=842184D8 D6=842184D8 D7=102B00 A0=33D2 A1=102B9A A2=109A82 A3=7981C A4=102B00 A5=108000 A6=10BA1E PC=353E -- 00353E: move.l  (A3)+, (A2)+
D0=A800 D1=541 D2=1F D3=D D4=840000F D5=842184D8 D6=842184D8 D7=102B00 A0=33D2 A1=102B9A A2=109A86 A3=79820 A4=102B00 A5=108000 A6=10BA1E PC=3540 -- 003540: dbra    D3, $3516
D0=A800 D1=541 D2=1F D3=C D4=840000F D5=842184D8 D6=842184D8 D7=102B00 A0=33D2 A1=102B9A A2=109A86 A3=79820 A4=102B00 A5=108000 A6=10BA1E PC=3516 -- 003516: moveq   #$0, D0
D0=0 D1=541 D2=1F D3=C D4=840000F D5=842184D8 D6=842184D8 D7=102B00 A0=33D2 A1=102B9A A2=109A86 A3=79820 A4=102B00 A5=108000 A6=10BA1E PC=3518 -- 003518: move.w  D1, D0
D0=541 D1=541 D2=1F D3=C D4=840000F D5=842184D8 D6=842184D8 D7=102B00 A0=33D2 A1=102B9A A2=109A86 A3=79820 A4=102B00 A5=108000 A6=10BA1E PC=351A -- 00351A: addq.w  #1, D1
D0=541 D1=542 D2=1F D3=C D4=840000F D5=842184D8 D6=842184D8 D7=102B00 A0=33D2 A1=102B9A A2=109A86 A3=79820 A4=102B00 A5=108000 A6=10BA1E PC=351C -- 00351C: andi.w  #$ff, D2
D0=541 D1=542 D2=1F D3=C D4=840000F D5=842184D8 D6=842184D8 D7=102B00 A0=33D2 A1=102B9A A2=109A86 A3=79820 A4=102B00 A5=108000 A6=10BA1E PC=3520 -- 003520: move.w  D2, (A2)+
D0=541 D1=542 D2=1F D3=C D4=840000F D5=842184D8 D6=842184D8 D7=102B00 A0=33D2 A1=102B9A A2=109A88 A3=79820 A4=102B00 A5=108000 A6=10BA1E PC=3522 -- 003522: addq.w  #1, D2
D0=541 D1=542 D2=20 D3=C D4=840000F D5=842184D8 D6=842184D8 D7=102B00 A0=33D2 A1=102B9A A2=109A88 A3=79820 A4=102B00 A5=108000 A6=10BA1E PC=3524 -- 003524: lea     $6f000.l, A3
D0=541 D1=542 D2=20 D3=C D4=840000F D5=842184D8 D6=842184D8 D7=102B00 A0=33D2 A1=102B9A A2=109A88 A3=6F000 A4=102B00 A5=108000 A6=10BA1E PC=352A -- 00352A: lsl.l   #5, D0
D0=A820 D1=542 D2=20 D3=C D4=840000F D5=842184D8 D6=842184D8 D7=102B00 A0=33D2 A1=102B9A A2=109A88 A3=6F000 A4=102B00 A5=108000 A6=10BA1E PC=352C -- 00352C: adda.l  D0, A3
D0=A820 D1=542 D2=20 D3=C D4=840000F D5=842184D8 D6=842184D8 D7=102B00 A0=33D2 A1=102B9A A2=109A88 A3=79820 A4=102B00 A5=108000 A6=10BA1E PC=352E -- 00352E: addq.l  #2, A3
D0=A820 D1=542 D2=20 D3=C D4=840000F D5=842184D8 D6=842184D8 D7=102B00 A0=33D2 A1=102B9A A2=109A88 A3=79822 A4=102B00 A5=108000 A6=10BA1E PC=3530 -- 003530: move.w  (A3)+, (A2)+
D0=A820 D1=542 D2=20 D3=C D4=840000F D5=842184D8 D6=842184D8 D7=102B00 A0=33D2 A1=102B9A A2=109A8A A3=79824 A4=102B00 A5=108000 A6=10BA1E PC=3532 -- 003532: move.l  (A3)+, (A2)+
D0=A820 D1=542 D2=20 D3=C D4=840000F D5=842184D8 D6=842184D8 D7=102B00 A0=33D2 A1=102B9A A2=109A8E A3=79828 A4=102B00 A5=108000 A6=10BA1E PC=3534 -- 003534: move.l  (A3)+, (A2)+
D0=A820 D1=542 D2=20 D3=C D4=840000F D5=842184D8 D6=842184D8 D7=102B00 A0=33D2 A1=102B9A A2=109A92 A3=7982C A4=102B00 A5=108000 A6=10BA1E PC=3536 -- 003536: move.l  (A3)+, (A2)+
D0=A820 D1=542 D2=20 D3=C D4=840000F D5=842184D8 D6=842184D8 D7=102B00 A0=33D2 A1=102B9A A2=109A96 A3=79830 A4=102B00 A5=108000 A6=10BA1E PC=3538 -- 003538: move.l  (A3)+, (A2)+
D0=A820 D1=542 D2=20 D3=C D4=840000F D5=842184D8 D6=842184D8 D7=102B00 A0=33D2 A1=102B9A A2=109A9A A3=79834 A4=102B00 A5=108000 A6=10BA1E PC=353A -- 00353A: move.l  (A3)+, (A2)+
D0=A820 D1=542 D2=20 D3=C D4=840000F D5=842184D8 D6=842184D8 D7=102B00 A0=33D2 A1=102B9A A2=109A9E A3=79838 A4=102B00 A5=108000 A6=10BA1E PC=353C -- 00353C: move.l  (A3)+, (A2)+
D0=A820 D1=542 D2=20 D3=C D4=840000F D5=842184D8 D6=842184D8 D7=102B00 A0=33D2 A1=102B9A A2=109AA2 A3=7983C A4=102B00 A5=108000 A6=10BA1E PC=353E -- 00353E: move.l  (A3)+, (A2)+
D0=A820 D1=542 D2=20 D3=C D4=840000F D5=842184D8 D6=842184D8 D7=102B00 A0=33D2 A1=102B9A A2=109AA6 A3=79840 A4=102B00 A5=108000 A6=10BA1E PC=3540 -- 003540: dbra    D3, $3516

   (loops for 228 instructions)

D0=A9A0 D1=54E D2=2C D3=FFFF D4=840000F D5=842184D8 D6=842184D8 D7=102B00 A0=33D2 A1=102B9A A2=109C26 A3=799C0 A4=102B00 A5=108000 A6=10BA1E PC=3544 -- 003544: bra     $3478
D0=A9A0 D1=54E D2=2C D3=FFFF D4=840000F D5=842184D8 D6=842184D8 D7=102B00 A0=33D2 A1=102B9A A2=109C26 A3=799C0 A4=102B00 A5=108000 A6=10BA1E PC=3478 -- 003478: move.w  #$ffff, (A2)
D0=A9A0 D1=54E D2=2C D3=FFFF D4=840000F D5=842184D8 D6=842184D8 D7=102B00 A0=33D2 A1=102B9A A2=109C26 A3=799C0 A4=102B00 A5=108000 A6=10BA1E PC=347C -- 00347C: move.l  A2, ($38a8,A5)
D0=A9A0 D1=54E D2=2C D3=FFFF D4=840000F D5=842184D8 D6=842184D8 D7=102B00 A0=33D2 A1=102B9A A2=109C26 A3=799C0 A4=102B00 A5=108000 A6=10BA1E PC=3480 -- 003480: rts
D0=A9A0 D1=54E D2=2C D3=FFFF D4=840000F D5=842184D8 D6=842184D8 D7=102B00 A0=33D2 A1=102B9A A2=109C26 A3=799C0 A4=102B00 A5=108000 A6=10BA1E PC=379E6 -- 0379E6: jsr     ($11a,PC) ; ($37b02)
D0=A9A0 D1=54E D2=2C D3=FFFF D4=840000F D5=842184D8 D6=842184D8 D7=102B00 A0=33D2 A1=102B9A A2=109C26 A3=799C0 A4=102B00 A5=108000 A6=10BA1E PC=37B02 -- 037B02: cmpi.b  #$19, ($71,A4)
D0=A9A0 D1=54E D2=2C D3=FFFF D4=840000F D5=842184D8 D6=842184D8 D7=102B00 A0=33D2 A1=102B9A A2=109C26 A3=799C0 A4=102B00 A5=108000 A6=10BA1E PC=37B08 -- 037B08: beq     $37b1a
D0=A9A0 D1=54E D2=2C D3=FFFF D4=840000F D5=842184D8 D6=842184D8 D7=102B00 A0=33D2 A1=102B9A A2=109C26 A3=799C0 A4=102B00 A5=108000 A6=10BA1E PC=37B0C -- 037B0C: cmpi.b  #-$1, ($71,A4)
D0=A9A0 D1=54E D2=2C D3=FFFF D4=840000F D5=842184D8 D6=842184D8 D7=102B00 A0=33D2 A1=102B9A A2=109C26 A3=799C0 A4=102B00 A5=108000 A6=10BA1E PC=37B12 -- 037B12: beq     $37b1a
D0=A9A0 D1=54E D2=2C D3=FFFF D4=840000F D5=842184D8 D6=842184D8 D7=102B00 A0=33D2 A1=102B9A A2=109C26 A3=799C0 A4=102B00 A5=108000 A6=10BA1E PC=37B16 -- 037B16: moveq   #-$1, D7
D0=A9A0 D1=54E D2=2C D3=FFFF D4=840000F D5=842184D8 D6=842184D8 D7=FFFFFFFF A0=33D2 A1=102B9A A2=109C26 A3=799C0 A4=102B00 A5=108000 A6=10BA1E PC=37B18 -- 037B18: rts
D0=A9A0 D1=54E D2=2C D3=FFFF D4=840000F D5=842184D8 D6=842184D8 D7=FFFFFFFF A0=33D2 A1=102B9A A2=109C26 A3=799C0 A4=102B00 A5=108000 A6=10BA1E PC=379EA -- 0379EA: nop
D0=A9A0 D1=54E D2=2C D3=FFFF D4=840000F D5=842184D8 D6=842184D8 D7=FFFFFFFF A0=33D2 A1=102B9A A2=109C26 A3=799C0 A4=102B00 A5=108000 A6=10BA1E PC=379EC -- 0379EC: beq     $36eaa
D0=A9A0 D1=54E D2=2C D3=FFFF D4=840000F D5=842184D8 D6=842184D8 D7=FFFFFFFF A0=33D2 A1=102B9A A2=109C26 A3=799C0 A4=102B00 A5=108000 A6=10BA1E PC=379F0 -- 0379F0: bra     $36eb0
D0=A9A0 D1=54E D2=2C D3=FFFF D4=840000F D5=842184D8 D6=842184D8 D7=FFFFFFFF A0=33D2 A1=102B9A A2=109C26 A3=799C0 A4=102B00 A5=108000 A6=10BA1E PC=36EB0 -- 036EB0: jmp     $3e2e.w
D0=A9A0 D1=54E D2=2C D3=FFFF D4=840000F D5=842184D8 D6=842184D8 D7=FFFFFFFF A0=33D2 A1=102B9A A2=109C26 A3=799C0 A4=102B00 A5=108000 A6=10BA1E PC=3E2E -- 003E2E: tst.w   ($74,A4)
D0=A9A0 D1=54E D2=2C D3=FFFF D4=840000F D5=842184D8 D6=842184D8 D7=FFFFFFFF A0=33D2 A1=102B9A A2=109C26 A3=799C0 A4=102B00 A5=108000 A6=10BA1E PC=3E32 -- 003E32: bmi     $3e80
D0=A9A0 D1=54E D2=2C D3=FFFF D4=840000F D5=842184D8 D6=842184D8 D7=FFFFFFFF A0=33D2 A1=102B9A A2=109C26 A3=799C0 A4=102B00 A5=108000 A6=10BA1E PC=3E34 -- 003E34: btst    #$6, ($7c,A4)
D0=A9A0 D1=54E D2=2C D3=FFFF D4=840000F D5=842184D8 D6=842184D8 D7=FFFFFFFF A0=33D2 A1=102B9A A2=109C26 A3=799C0 A4=102B00 A5=108000 A6=10BA1E PC=3E3A -- 003E3A: bne     $3e78
D0=A9A0 D1=54E D2=2C D3=FFFF D4=840000F D5=842184D8 D6=842184D8 D7=FFFFFFFF A0=33D2 A1=102B9A A2=109C26 A3=799C0 A4=102B00 A5=108000 A6=10BA1E PC=3E3E -- 003E3E: moveq   #$0, D3
D0=A9A0 D1=54E D2=2C D3=0 D4=840000F D5=842184D8 D6=842184D8 D7=FFFFFFFF A0=33D2 A1=102B9A A2=109C26 A3=799C0 A4=102B00 A5=108000 A6=10BA1E PC=3E40 -- 003E40: move.b  ($82,A4), D3
D0=A9A0 D1=54E D2=2C D3=0 D4=840000F D5=842184D8 D6=842184D8 D7=FFFFFFFF A0=33D2 A1=102B9A A2=109C26 A3=799C0 A4=102B00 A5=108000 A6=10BA1E PC=3E44 -- 003E44: add.w   D3, D3
D0=A9A0 D1=54E D2=2C D3=0 D4=840000F D5=842184D8 D6=842184D8 D7=FFFFFFFF A0=33D2 A1=102B9A A2=109C26 A3=799C0 A4=102B00 A5=108000 A6=10BA1E PC=3E46 -- 003E46: add.w   D3, D3
D0=A9A0 D1=54E D2=2C D3=0 D4=840000F D5=842184D8 D6=842184D8 D7=FFFFFFFF A0=33D2 A1=102B9A A2=109C26 A3=799C0 A4=102B00 A5=108000 A6=10BA1E PC=3E48 -- 003E48: move.w  ($18,A4), D0
D0=48 D1=54E D2=2C D3=0 D4=840000F D5=842184D8 D6=842184D8 D7=FFFFFFFF A0=33D2 A1=102B9A A2=109C26 A3=799C0 A4=102B00 A5=108000 A6=10BA1E PC=3E4C -- 003E4C: lea     ($104c,A5), A0
D0=48 D1=54E D2=2C D3=0 D4=840000F D5=842184D8 D6=842184D8 D7=FFFFFFFF A0=10904C A1=102B9A A2=109C26 A3=799C0 A4=102B00 A5=108000 A6=10BA1E PC=3E50 -- 003E50: sub.w   (A0,D3.w), D0
D0=48 D1=54E D2=2C D3=0 D4=840000F D5=842184D8 D6=842184D8 D7=FFFFFFFF A0=10904C A1=102B9A A2=109C26 A3=799C0 A4=102B00 A5=108000 A6=10BA1E PC=3E54 -- 003E54: addi.w  #$30, D0
D0=78 D1=54E D2=2C D3=0 D4=840000F D5=842184D8 D6=842184D8 D7=FFFFFFFF A0=10904C A1=102B9A A2=109C26 A3=799C0 A4=102B00 A5=108000 A6=10BA1E PC=3E58 -- 003E58: cmpi.w  #$1a0, D0
D0=78 D1=54E D2=2C D3=0 D4=840000F D5=842184D8 D6=842184D8 D7=FFFFFFFF A0=10904C A1=102B9A A2=109C26 A3=799C0 A4=102B00 A5=108000 A6=10BA1E PC=3E5C -- 003E5C: bls     $3e60
D0=78 D1=54E D2=2C D3=0 D4=840000F D5=842184D8 D6=842184D8 D7=FFFFFFFF A0=10904C A1=102B9A A2=109C26 A3=799C0 A4=102B00 A5=108000 A6=10BA1E PC=3E60 -- 003E60: move.w  ($1c,A4), D0
D0=B8 D1=54E D2=2C D3=0 D4=840000F D5=842184D8 D6=842184D8 D7=FFFFFFFF A0=10904C A1=102B9A A2=109C26 A3=799C0 A4=102B00 A5=108000 A6=10BA1E PC=3E64 -- 003E64: sub.w   ($20,A4), D0
D0=B8 D1=54E D2=2C D3=0 D4=840000F D5=842184D8 D6=842184D8 D7=FFFFFFFF A0=10904C A1=102B9A A2=109C26 A3=799C0 A4=102B00 A5=108000 A6=10BA1E PC=3E68 -- 003E68: lea     ($1058,A5), A0
D0=B8 D1=54E D2=2C D3=0 D4=840000F D5=842184D8 D6=842184D8 D7=FFFFFFFF A0=109058 A1=102B9A A2=109C26 A3=799C0 A4=102B00 A5=108000 A6=10BA1E PC=3E6C -- 003E6C: sub.w   (A0,D3.w), D0
D0=B8 D1=54E D2=2C D3=0 D4=840000F D5=842184D8 D6=842184D8 D7=FFFFFFFF A0=109058 A1=102B9A A2=109C26 A3=799C0 A4=102B00 A5=108000 A6=10BA1E PC=3E70 -- 003E70: cmpi.w  #$1c0, D0
D0=B8 D1=54E D2=2C D3=0 D4=840000F D5=842184D8 D6=842184D8 D7=FFFFFFFF A0=109058 A1=102B9A A2=109C26 A3=799C0 A4=102B00 A5=108000 A6=10BA1E PC=3E74 -- 003E74: bls     $3e78
D0=B8 D1=54E D2=2C D3=0 D4=840000F D5=842184D8 D6=842184D8 D7=FFFFFFFF A0=109058 A1=102B9A A2=109C26 A3=799C0 A4=102B00 A5=108000 A6=10BA1E PC=3E78 -- 003E78: bsr     $4860
D0=B8 D1=54E D2=2C D3=0 D4=840000F D5=842184D8 D6=842184D8 D7=FFFFFFFF A0=109058 A1=102B9A A2=109C26 A3=799C0 A4=102B00 A5=108000 A6=10BA1E PC=4860 -- 004860: lea     $7bf48.l, A0
D0=B8 D1=54E D2=2C D3=0 D4=840000F D5=842184D8 D6=842184D8 D7=FFFFFFFF A0=7BF48 A1=102B9A A2=109C26 A3=799C0 A4=102B00 A5=108000 A6=10BA1E PC=4866 -- 004866: move.w  ($70,A4), D0
D0=10 D1=54E D2=2C D3=0 D4=840000F D5=842184D8 D6=842184D8 D7=FFFFFFFF A0=7BF48 A1=102B9A A2=109C26 A3=799C0 A4=102B00 A5=108000 A6=10BA1E PC=486A -- 00486A: add.w   D0, D0
D0=20 D1=54E D2=2C D3=0 D4=840000F D5=842184D8 D6=842184D8 D7=FFFFFFFF A0=7BF48 A1=102B9A A2=109C26 A3=799C0 A4=102B00 A5=108000 A6=10BA1E PC=486C -- 00486C: add.w   D0, D0
D0=40 D1=54E D2=2C D3=0 D4=840000F D5=842184D8 D6=842184D8 D7=FFFFFFFF A0=7BF48 A1=102B9A A2=109C26 A3=799C0 A4=102B00 A5=108000 A6=10BA1E PC=486E -- 00486E: movea.l (A0,D0.w), A0
D0=40 D1=54E D2=2C D3=0 D4=840000F D5=842184D8 D6=842184D8 D7=FFFFFFFF A0=7DFC0 A1=102B9A A2=109C26 A3=799C0 A4=102B00 A5=108000 A6=10BA1E PC=4872 -- 004872: move.w  ($72,A4), D0
D0=0 D1=54E D2=2C D3=0 D4=840000F D5=842184D8 D6=842184D8 D7=FFFFFFFF A0=7DFC0 A1=102B9A A2=109C26 A3=799C0 A4=102B00 A5=108000 A6=10BA1E PC=4876 -- 004876: add.w   D0, D0
D0=0 D1=54E D2=2C D3=0 D4=840000F D5=842184D8 D6=842184D8 D7=FFFFFFFF A0=7DFC0 A1=102B9A A2=109C26 A3=799C0 A4=102B00 A5=108000 A6=10BA1E PC=4878 -- 004878: move.w  (A0,D0.w), D1
D0=0 D1=0 D2=2C D3=0 D4=840000F D5=842184D8 D6=842184D8 D7=FFFFFFFF A0=7DFC0 A1=102B9A A2=109C26 A3=799C0 A4=102B00 A5=108000 A6=10BA1E PC=487C -- 00487C: move.w  D1, ($46de,A5)
D0=0 D1=0 D2=2C D3=0 D4=840000F D5=842184D8 D6=842184D8 D7=FFFFFFFF A0=7DFC0 A1=102B9A A2=109C26 A3=799C0 A4=102B00 A5=108000 A6=10BA1E PC=4880 -- 004880: lea     $80000.l, A0
D0=0 D1=0 D2=2C D3=0 D4=840000F D5=842184D8 D6=842184D8 D7=FFFFFFFF A0=80000 A1=102B9A A2=109C26 A3=799C0 A4=102B00 A5=108000 A6=10BA1E PC=4886 -- 004886: move.w  ($70,A4), D0
D0=10 D1=0 D2=2C D3=0 D4=840000F D5=842184D8 D6=842184D8 D7=FFFFFFFF A0=80000 A1=102B9A A2=109C26 A3=799C0 A4=102B00 A5=108000 A6=10BA1E PC=488A -- 00488A: add.w   D0, D0
D0=20 D1=0 D2=2C D3=0 D4=840000F D5=842184D8 D6=842184D8 D7=FFFFFFFF A0=80000 A1=102B9A A2=109C26 A3=799C0 A4=102B00 A5=108000 A6=10BA1E PC=488C -- 00488C: add.w   D0, D0
D0=40 D1=0 D2=2C D3=0 D4=840000F D5=842184D8 D6=842184D8 D7=FFFFFFFF A0=80000 A1=102B9A A2=109C26 A3=799C0 A4=102B00 A5=108000 A6=10BA1E PC=488E -- 00488E: movea.l (A0,D0.w), A0
D0=40 D1=0 D2=2C D3=0 D4=840000F D5=842184D8 D6=842184D8 D7=FFFFFFFF A0=84200 A1=102B9A A2=109C26 A3=799C0 A4=102B00 A5=108000 A6=10BA1E PC=4892 -- 004892: move.w  ($46de,A5), D0
D0=0 D1=0 D2=2C D3=0 D4=840000F D5=842184D8 D6=842184D8 D7=FFFFFFFF A0=84200 A1=102B9A A2=109C26 A3=799C0 A4=102B00 A5=108000 A6=10BA1E PC=4896 -- 004896: tst.b   ($46e2,A5)
D0=0 D1=0 D2=2C D3=0 D4=840000F D5=842184D8 D6=842184D8 D7=FFFFFFFF A0=84200 A1=102B9A A2=109C26 A3=799C0 A4=102B00 A5=108000 A6=10BA1E PC=489A -- 00489A: beq     $48a0
D0=0 D1=0 D2=2C D3=0 D4=840000F D5=842184D8 D6=842184D8 D7=FFFFFFFF A0=84200 A1=102B9A A2=109C26 A3=799C0 A4=102B00 A5=108000 A6=10BA1E PC=48A0 -- 0048A0: andi.w  #$ff, D0
D0=0 D1=0 D2=2C D3=0 D4=840000F D5=842184D8 D6=842184D8 D7=FFFFFFFF A0=84200 A1=102B9A A2=109C26 A3=799C0 A4=102B00 A5=108000 A6=10BA1E PC=48A4 -- 0048A4: add.w   D0, D0
D0=0 D1=0 D2=2C D3=0 D4=840000F D5=842184D8 D6=842184D8 D7=FFFFFFFF A0=84200 A1=102B9A A2=109C26 A3=799C0 A4=102B00 A5=108000 A6=10BA1E PC=48A6 -- 0048A6: add.w   D0, D0
D0=0 D1=0 D2=2C D3=0 D4=840000F D5=842184D8 D6=842184D8 D7=FFFFFFFF A0=84200 A1=102B9A A2=109C26 A3=799C0 A4=102B00 A5=108000 A6=10BA1E PC=48A8 -- 0048A8: movea.l (A0,D0.w), A0
D0=0 D1=0 D2=2C D3=0 D4=840000F D5=842184D8 D6=842184D8 D7=FFFFFFFF A0=CE0CC A1=102B9A A2=109C26 A3=799C0 A4=102B00 A5=108000 A6=10BA1E PC=48AC -- 0048AC: move.w  ($74,A4), D0
D0=C D1=0 D2=2C D3=0 D4=840000F D5=842184D8 D6=842184D8 D7=FFFFFFFF A0=CE0CC A1=102B9A A2=109C26 A3=799C0 A4=102B00 A5=108000 A6=10BA1E PC=48B0 -- 0048B0: adda.w  D0, A0
D0=C D1=0 D2=2C D3=0 D4=840000F D5=842184D8 D6=842184D8 D7=FFFFFFFF A0=CE0D8 A1=102B9A A2=109C26 A3=799C0 A4=102B00 A5=108000 A6=10BA1E PC=48B2 -- 0048B2: move.l  (A0), D0
D0=50CB52C D1=0 D2=2C D3=0 D4=840000F D5=842184D8 D6=842184D8 D7=FFFFFFFF A0=CE0D8 A1=102B9A A2=109C26 A3=799C0 A4=102B00 A5=108000 A6=10BA1E PC=48B4 -- 0048B4: andi.l  #$ffffff, D0
D0=CB52C D1=0 D2=2C D3=0 D4=840000F D5=842184D8 D6=842184D8 D7=FFFFFFFF A0=CE0D8 A1=102B9A A2=109C26 A3=799C0 A4=102B00 A5=108000 A6=10BA1E PC=48BA -- 0048BA: movea.l D0, A0
D0=CB52C D1=0 D2=2C D3=0 D4=840000F D5=842184D8 D6=842184D8 D7=FFFFFFFF A0=CB52C A1=102B9A A2=109C26 A3=799C0 A4=102B00 A5=108000 A6=10BA1E PC=48BC -- 0048BC: move.w  ($4,A0), D0
D0=C0000 D1=0 D2=2C D3=0 D4=840000F D5=842184D8 D6=842184D8 D7=FFFFFFFF A0=CB52C A1=102B9A A2=109C26 A3=799C0 A4=102B00 A5=108000 A6=10BA1E PC=48C0 -- 0048C0: andi.w  #$1fff, D0
D0=C0000 D1=0 D2=2C D3=0 D4=840000F D5=842184D8 D6=842184D8 D7=FFFFFFFF A0=CB52C A1=102B9A A2=109C26 A3=799C0 A4=102B00 A5=108000 A6=10BA1E PC=48C4 -- 0048C4: move.w  D0, ($46e0,A5)
D0=C0000 D1=0 D2=2C D3=0 D4=840000F D5=842184D8 D6=842184D8 D7=FFFFFFFF A0=CB52C A1=102B9A A2=109C26 A3=799C0 A4=102B00 A5=108000 A6=10BA1E PC=48C8 -- 0048C8: lea     $80080.l, A0
D0=C0000 D1=0 D2=2C D3=0 D4=840000F D5=842184D8 D6=842184D8 D7=FFFFFFFF A0=80080 A1=102B9A A2=109C26 A3=799C0 A4=102B00 A5=108000 A6=10BA1E PC=48CE -- 0048CE: move.w  ($70,A4), D1
D0=C0000 D1=10 D2=2C D3=0 D4=840000F D5=842184D8 D6=842184D8 D7=FFFFFFFF A0=80080 A1=102B9A A2=109C26 A3=799C0 A4=102B00 A5=108000 A6=10BA1E PC=48D2 -- 0048D2: add.w   D1, D1
D0=C0000 D1=20 D2=2C D3=0 D4=840000F D5=842184D8 D6=842184D8 D7=FFFFFFFF A0=80080 A1=102B9A A2=109C26 A3=799C0 A4=102B00 A5=108000 A6=10BA1E PC=48D4 -- 0048D4: add.w   D1, D1
D0=C0000 D1=40 D2=2C D3=0 D4=840000F D5=842184D8 D6=842184D8 D7=FFFFFFFF A0=80080 A1=102B9A A2=109C26 A3=799C0 A4=102B00 A5=108000 A6=10BA1E PC=48D6 -- 0048D6: movea.l (A0,D1.w), A0
D0=C0000 D1=40 D2=2C D3=0 D4=840000F D5=842184D8 D6=842184D8 D7=FFFFFFFF A0=8FA00 A1=102B9A A2=109C26 A3=799C0 A4=102B00 A5=108000 A6=10BA1E PC=48DA -- 0048DA: add.w   D0, D0
D0=C0000 D1=40 D2=2C D3=0 D4=840000F D5=842184D8 D6=842184D8 D7=FFFFFFFF A0=8FA00 A1=102B9A A2=109C26 A3=799C0 A4=102B00 A5=108000 A6=10BA1E PC=48DC -- 0048DC: add.w   D0, D0
D0=C0000 D1=40 D2=2C D3=0 D4=840000F D5=842184D8 D6=842184D8 D7=FFFFFFFF A0=8FA00 A1=102B9A A2=109C26 A3=799C0 A4=102B00 A5=108000 A6=10BA1E PC=48DE -- 0048DE: move.l  (A0,D0.w), ($28,A4)
D0=C0000 D1=40 D2=2C D3=0 D4=840000F D5=842184D8 D6=842184D8 D7=FFFFFFFF A0=8FA00 A1=102B9A A2=109C26 A3=799C0 A4=102B00 A5=108000 A6=10BA1E PC=48E4 -- 0048E4: rts
D0=C0000 D1=40 D2=2C D3=0 D4=840000F D5=842184D8 D6=842184D8 D7=FFFFFFFF A0=8FA00 A1=102B9A A2=109C26 A3=799C0 A4=102B00 A5=108000 A6=10BA1E PC=3E7C -- 003E7C: bra     $481a
D0=C0000 D1=40 D2=2C D3=0 D4=840000F D5=842184D8 D6=842184D8 D7=FFFFFFFF A0=8FA00 A1=102B9A A2=109C26 A3=799C0 A4=102B00 A5=108000 A6=10BA1E PC=481A -- 00481A: addq.w  #1, ($e3a,A5)
D0=C0000 D1=40 D2=2C D3=0 D4=840000F D5=842184D8 D6=842184D8 D7=FFFFFFFF A0=8FA00 A1=102B9A A2=109C26 A3=799C0 A4=102B00 A5=108000 A6=10BA1E PC=481E -- 00481E: lea     ($838,A5), A1
D0=C0000 D1=40 D2=2C D3=0 D4=840000F D5=842184D8 D6=842184D8 D7=FFFFFFFF A0=8FA00 A1=108838 A2=109C26 A3=799C0 A4=102B00 A5=108000 A6=10BA1E PC=4822 -- 004822: move.w  ($2c,A4), D0
D0=C006F D1=40 D2=2C D3=0 D4=840000F D5=842184D8 D6=842184D8 D7=FFFFFFFF A0=8FA00 A1=108838 A2=109C26 A3=799C0 A4=102B00 A5=108000 A6=10BA1E PC=4826 -- 004826: move.w  D0, D1
D0=C006F D1=6F D2=2C D3=0 D4=840000F D5=842184D8 D6=842184D8 D7=FFFFFFFF A0=8FA00 A1=108838 A2=109C26 A3=799C0 A4=102B00 A5=108000 A6=10BA1E PC=4828 -- 004828: add.w   D1, D1
D0=C006F D1=DE D2=2C D3=0 D4=840000F D5=842184D8 D6=842184D8 D7=FFFFFFFF A0=8FA00 A1=108838 A2=109C26 A3=799C0 A4=102B00 A5=108000 A6=10BA1E PC=482A -- 00482A: adda.w  D1, A1
D0=C006F D1=DE D2=2C D3=0 D4=840000F D5=842184D8 D6=842184D8 D7=FFFFFFFF A0=8FA00 A1=108916 A2=109C26 A3=799C0 A4=102B00 A5=108000 A6=10BA1E PC=482C -- 00482C: cmp.w   ($e38,A5), D1
D0=C006F D1=DE D2=2C D3=0 D4=840000F D5=842184D8 D6=842184D8 D7=FFFFFFFF A0=8FA00 A1=108916 A2=109C26 A3=799C0 A4=102B00 A5=108000 A6=10BA1E PC=4830 -- 004830: bhi     $4836
D0=C006F D1=DE D2=2C D3=0 D4=840000F D5=842184D8 D6=842184D8 D7=FFFFFFFF A0=8FA00 A1=108916 A2=109C26 A3=799C0 A4=102B00 A5=108000 A6=10BA1E PC=4836 -- 004836: move.w  (A1)+, D1
D0=C006F D1=0 D2=2C D3=0 D4=840000F D5=842184D8 D6=842184D8 D7=FFFFFFFF A0=8FA00 A1=108918 A2=109C26 A3=799C0 A4=102B00 A5=108000 A6=10BA1E PC=4838 -- 004838: beq     $485a
D0=C006F D1=0 D2=2C D3=0 D4=840000F D5=842184D8 D6=842184D8 D7=FFFFFFFF A0=8FA00 A1=108918 A2=109C26 A3=799C0 A4=102B00 A5=108000 A6=10BA1E PC=485A -- 00485A: move.w  A4, (-$2,A1)
D0=C006F D1=0 D2=2C D3=0 D4=840000F D5=842184D8 D6=842184D8 D7=FFFFFFFF A0=8FA00 A1=108918 A2=109C26 A3=799C0 A4=102B00 A5=108000 A6=10BA1E PC=485E -- 00485E: rts
D0=C006F D1=0 D2=2C D3=0 D4=840000F D5=842184D8 D6=842184D8 D7=FFFFFFFF A0=8FA00 A1=108918 A2=109C26 A3=799C0 A4=102B00 A5=108000 A6=10BA1E PC=32B3C -- 032B3C: move.l  A4, D7
D0=C006F D1=0 D2=2C D3=0 D4=840000F D5=842184D8 D6=842184D8 D7=102B00 A0=8FA00 A1=108918 A2=109C26 A3=799C0 A4=102B00 A5=108000 A6=10BA1E PC=32B3E -- 032B3E: move.w  ($4,A4), D7
D0=C006F D1=0 D2=2C D3=0 D4=840000F D5=842184D8 D6=842184D8 D7=102D00 A0=8FA00 A1=108918 A2=109C26 A3=799C0 A4=102B00 A5=108000 A6=10BA1E PC=32B42 -- 032B42: bpl     $32b36
D0=C006F D1=0 D2=2C D3=0 D4=840000F D5=842184D8 D6=842184D8 D7=102D00 A0=8FA00 A1=108918 A2=109C26 A3=799C0 A4=102B00 A5=108000 A6=10BA1E PC=32B36 -- 032B36: movea.l D7, A4
D0=C006F D1=0 D2=2C D3=0 D4=840000F D5=842184D8 D6=842184D8 D7=102D00 A0=8FA00 A1=108918 A2=109C26 A3=799C0 A4=102D00 A5=108000 A6=10BA1E PC=32B38 -- 032B38: movea.l (A4), A0
D0=C006F D1=0 D2=2C D3=0 D4=840000F D5=842184D8 D6=842184D8 D7=102D00 A0=379A2 A1=108918 A2=109C26 A3=799C0 A4=102D00 A5=108000 A6=10BA1E PC=32B3A -- 032B3A: jsr     (A0)
D0=C006F D1=0 D2=2C D3=0 D4=840000F D5=842184D8 D6=842184D8 D7=102D00 A0=379A2 A1=108918 A2=109C26 A3=799C0 A4=102D00 A5=108000 A6=10BA1E PC=379A2 -- 0379A2: btst    #$0, ($cf,A4)
D0=C006F D1=0 D2=2C D3=0 D4=840000F D5=842184D8 D6=842184D8 D7=102D00 A0=379A2 A1=108918 A2=109C26 A3=799C0 A4=102D00 A5=108000 A6=10BA1E PC=379A8 -- 0379A8: bne     $379f4
D0=C006F D1=0 D2=2C D3=0 D4=840000F D5=842184D8 D6=842184D8 D7=102D00 A0=379A2 A1=108918 A2=109C26 A3=799C0 A4=102D00 A5=108000 A6=10BA1E PC=379AA -- 0379AA: moveq   #$0, D0
D0=0 D1=0 D2=2C D3=0 D4=840000F D5=842184D8 D6=842184D8 D7=102D00 A0=379A2 A1=108918 A2=109C26 A3=799C0 A4=102D00 A5=108000 A6=10BA1E PC=379AC -- 0379AC: move.b  ($231,A5), D0
D0=5 D1=0 D2=2C D3=0 D4=840000F D5=842184D8 D6=842184D8 D7=102D00 A0=379A2 A1=108918 A2=109C26 A3=799C0 A4=102D00 A5=108000 A6=10BA1E PC=379B0 -- 0379B0: move.b  ($501c,A5), ($d8,A4)
D0=5 D1=0 D2=2C D3=0 D4=840000F D5=842184D8 D6=842184D8 D7=102D00 A0=379A2 A1=108918 A2=109C26 A3=799C0 A4=102D00 A5=108000 A6=10BA1E PC=379B6 -- 0379B6: cmpi.l  #$108100, ($84,A4)
D0=5 D1=0 D2=2C D3=0 D4=840000F D5=842184D8 D6=842184D8 D7=102D00 A0=379A2 A1=108918 A2=109C26 A3=799C0 A4=102D00 A5=108000 A6=10BA1E PC=379BE -- 0379BE: beq     $379ca
D0=5 D1=0 D2=2C D3=0 D4=840000F D5=842184D8 D6=842184D8 D7=102D00 A0=379A2 A1=108918 A2=109C26 A3=799C0 A4=102D00 A5=108000 A6=10BA1E PC=379CA -- 0379CA: bsr     $3790e
D0=5 D1=0 D2=2C D3=0 D4=840000F D5=842184D8 D6=842184D8 D7=102D00 A0=379A2 A1=108918 A2=109C26 A3=799C0 A4=102D00 A5=108000 A6=10BA1E PC=3790E -- 03790E: add.w   D0, D0
D0=A D1=0 D2=2C D3=0 D4=840000F D5=842184D8 D6=842184D8 D7=102D00 A0=379A2 A1=108918 A2=109C26 A3=799C0 A4=102D00 A5=108000 A6=10BA1E PC=37910 -- 037910: add.w   D0, D0
D0=14 D1=0 D2=2C D3=0 D4=840000F D5=842184D8 D6=842184D8 D7=102D00 A0=379A2 A1=108918 A2=109C26 A3=799C0 A4=102D00 A5=108000 A6=10BA1E PC=37912 -- 037912: lea     $534dc.l, A2
D0=14 D1=0 D2=2C D3=0 D4=840000F D5=842184D8 D6=842184D8 D7=102D00 A0=379A2 A1=108918 A2=534DC A3=799C0 A4=102D00 A5=108000 A6=10BA1E PC=37918 -- 037918: adda.w  D0, A2
D0=14 D1=0 D2=2C D3=0 D4=840000F D5=842184D8 D6=842184D8 D7=102D00 A0=379A2 A1=108918 A2=534F0 A3=799C0 A4=102D00 A5=108000 A6=10BA1E PC=3791A -- 03791A: rts
D0=14 D1=0 D2=2C D3=0 D4=840000F D5=842184D8 D6=842184D8 D7=102D00 A0=379A2 A1=108918 A2=534F0 A3=799C0 A4=102D00 A5=108000 A6=10BA1E PC=379CE -- 0379CE: move.w  ($d0,A4), D0
D0=2 D1=0 D2=2C D3=0 D4=840000F D5=842184D8 D6=842184D8 D7=102D00 A0=379A2 A1=108918 A2=534F0 A3=799C0 A4=102D00 A5=108000 A6=10BA1E PC=379D2 -- 0379D2: move.b  (A2,D0.w), ($71,A4)
D0=2 D1=0 D2=2C D3=0 D4=840000F D5=842184D8 D6=842184D8 D7=102D00 A0=379A2 A1=108918 A2=534F0 A3=799C0 A4=102D00 A5=108000 A6=10BA1E PC=379D8 -- 0379D8: move.b  #$ff, ($78,A4)
D0=2 D1=0 D2=2C D3=0 D4=840000F D5=842184D8 D6=842184D8 D7=102D00 A0=379A2 A1=108918 A2=534F0 A3=799C0 A4=102D00 A5=108000 A6=10BA1E PC=379DE -- 0379DE: jsr     $48e6.w
D0=2 D1=0 D2=2C D3=0 D4=840000F D5=842184D8 D6=842184D8 D7=102D00 A0=379A2 A1=108918 A2=534F0 A3=799C0 A4=102D00 A5=108000 A6=10BA1E PC=48E6 -- 0048E6: move.w  ($70,A4), D0
D0=11 D1=0 D2=2C D3=0 D4=840000F D5=842184D8 D6=842184D8 D7=102D00 A0=379A2 A1=108918 A2=534F0 A3=799C0 A4=102D00 A5=108000 A6=10BA1E PC=48EA -- 0048EA: cmp.b   ($78,A4), D0
D0=11 D1=0 D2=2C D3=0 D4=840000F D5=842184D8 D6=842184D8 D7=102D00 A0=379A2 A1=108918 A2=534F0 A3=799C0 A4=102D00 A5=108000 A6=10BA1E PC=48EE -- 0048EE: bne     $491c
D0=11 D1=0 D2=2C D3=0 D4=840000F D5=842184D8 D6=842184D8 D7=102D00 A0=379A2 A1=108918 A2=534F0 A3=799C0 A4=102D00 A5=108000 A6=10BA1E PC=491C -- 00491C: move.b  D0, ($78,A4)
D0=11 D1=0 D2=2C D3=0 D4=840000F D5=842184D8 D6=842184D8 D7=102D00 A0=379A2 A1=108918 A2=534F0 A3=799C0 A4=102D00 A5=108000 A6=10BA1E PC=4920 -- 004920: clr.w   ($74,A4)
D0=11 D1=0 D2=2C D3=0 D4=840000F D5=842184D8 D6=842184D8 D7=102D00 A0=379A2 A1=108918 A2=534F0 A3=799C0 A4=102D00 A5=108000 A6=10BA1E PC=4924 -- 004924: clr.w   ($7e,A4)
D0=11 D1=0 D2=2C D3=0 D4=840000F D5=842184D8 D6=842184D8 D7=102D00 A0=379A2 A1=108918 A2=534F0 A3=799C0 A4=102D00 A5=108000 A6=10BA1E PC=4928 -- 004928: clr.b   ($7d,A4)
D0=11 D1=0 D2=2C D3=0 D4=840000F D5=842184D8 D6=842184D8 D7=102D00 A0=379A2 A1=108918 A2=534F0 A3=799C0 A4=102D00 A5=108000 A6=10BA1E PC=492C -- 00492C: andi.w  #$efff, ($e6,A4)
D0=11 D1=0 D2=2C D3=0 D4=840000F D5=842184D8 D6=842184D8 D7=102D00 A0=379A2 A1=108918 A2=534F0 A3=799C0 A4=102D00 A5=108000 A6=10BA1E PC=4932 -- 004932: bsr     $49f8
D0=11 D1=0 D2=2C D3=0 D4=840000F D5=842184D8 D6=842184D8 D7=102D00 A0=379A2 A1=108918 A2=534F0 A3=799C0 A4=102D00 A5=108000 A6=10BA1E PC=49F8 -- 0049F8: lea     ($90,A4), A0
D0=11 D1=0 D2=2C D3=0 D4=840000F D5=842184D8 D6=842184D8 D7=102D00 A0=102D90 A1=108918 A2=534F0 A3=799C0 A4=102D00 A5=108000 A6=10BA1E PC=49FC -- 0049FC: clr.b   (A0)
D0=11 D1=0 D2=2C D3=0 D4=840000F D5=842184D8 D6=842184D8 D7=102D00 A0=102D90 A1=108918 A2=534F0 A3=799C0 A4=102D00 A5=108000 A6=10BA1E PC=49FE -- 0049FE: clr.b   ($5,A0)
D0=11 D1=0 D2=2C D3=0 D4=840000F D5=842184D8 D6=842184D8 D7=102D00 A0=102D90 A1=108918 A2=534F0 A3=799C0 A4=102D00 A5=108000 A6=10BA1E PC=4A02 -- 004A02: clr.b   ($a,A0)
D0=11 D1=0 D2=2C D3=0 D4=840000F D5=842184D8 D6=842184D8 D7=102D00 A0=102D90 A1=108918 A2=534F0 A3=799C0 A4=102D00 A5=108000 A6=10BA1E PC=4A06 -- 004A06: clr.b   ($f,A0)
D0=11 D1=0 D2=2C D3=0 D4=840000F D5=842184D8 D6=842184D8 D7=102D00 A0=102D90 A1=108918 A2=534F0 A3=799C0 A4=102D00 A5=108000 A6=10BA1E PC=4A0A -- 004A0A: rts
D0=11 D1=0 D2=2C D3=0 D4=840000F D5=842184D8 D6=842184D8 D7=102D00 A0=102D90 A1=108918 A2=534F0 A3=799C0 A4=102D00 A5=108000 A6=10BA1E PC=4936 -- 004936: bsr     $4962
D0=11 D1=0 D2=2C D3=0 D4=840000F D5=842184D8 D6=842184D8 D7=102D00 A0=102D90 A1=108918 A2=534F0 A3=799C0 A4=102D00 A5=108000 A6=10BA1E PC=4962 -- 004962: lea     $7bf48.l, A0
D0=11 D1=0 D2=2C D3=0 D4=840000F D5=842184D8 D6=842184D8 D7=102D00 A0=7BF48 A1=108918 A2=534F0 A3=799C0 A4=102D00 A5=108000 A6=10BA1E PC=4968 -- 004968: move.w  ($70,A4), D0
D0=11 D1=0 D2=2C D3=0 D4=840000F D5=842184D8 D6=842184D8 D7=102D00 A0=7BF48 A1=108918 A2=534F0 A3=799C0 A4=102D00 A5=108000 A6=10BA1E PC=496C -- 00496C: add.w   D0, D0
D0=22 D1=0 D2=2C D3=0 D4=840000F D5=842184D8 D6=842184D8 D7=102D00 A0=7BF48 A1=108918 A2=534F0 A3=799C0 A4=102D00 A5=108000 A6=10BA1E PC=496E -- 00496E: add.w   D0, D0
D0=44 D1=0 D2=2C D3=0 D4=840000F D5=842184D8 D6=842184D8 D7=102D00 A0=7BF48 A1=108918 A2=534F0 A3=799C0 A4=102D00 A5=108000 A6=10BA1E PC=4970 -- 004970: movea.l (A0,D0.w), A0
D0=44 D1=0 D2=2C D3=0 D4=840000F D5=842184D8 D6=842184D8 D7=102D00 A0=7E1C0 A1=108918 A2=534F0 A3=799C0 A4=102D00 A5=108000 A6=10BA1E PC=4974 -- 004974: move.w  ($72,A4), D0
D0=0 D1=0 D2=2C D3=0 D4=840000F D5=842184D8 D6=842184D8 D7=102D00 A0=7E1C0 A1=108918 A2=534F0 A3=799C0 A4=102D00 A5=108000 A6=10BA1E PC=4978 -- 004978: add.w   D0, D0
D0=0 D1=0 D2=2C D3=0 D4=840000F D5=842184D8 D6=842184D8 D7=102D00 A0=7E1C0 A1=108918 A2=534F0 A3=799C0 A4=102D00 A5=108000 A6=10BA1E PC=497A -- 00497A: move.w  (A0,D0.w), ($46de,A5)
D0=0 D1=0 D2=2C D3=0 D4=840000F D5=842184D8 D6=842184D8 D7=102D00 A0=7E1C0 A1=108918 A2=534F0 A3=799C0 A4=102D00 A5=108000 A6=10BA1E PC=4980 -- 004980: lea     $80000.l, A0
D0=0 D1=0 D2=2C D3=0 D4=840000F D5=842184D8 D6=842184D8 D7=102D00 A0=80000 A1=108918 A2=534F0 A3=799C0 A4=102D00 A5=108000 A6=10BA1E PC=4986 -- 004986: move.w  ($70,A4), D0
D0=11 D1=0 D2=2C D3=0 D4=840000F D5=842184D8 D6=842184D8 D7=102D00 A0=80000 A1=108918 A2=534F0 A3=799C0 A4=102D00 A5=108000 A6=10BA1E PC=498A -- 00498A: add.w   D0, D0
D0=22 D1=0 D2=2C D3=0 D4=840000F D5=842184D8 D6=842184D8 D7=102D00 A0=80000 A1=108918 A2=534F0 A3=799C0 A4=102D00 A5=108000 A6=10BA1E PC=498C -- 00498C: add.w   D0, D0
D0=44 D1=0 D2=2C D3=0 D4=840000F D5=842184D8 D6=842184D8 D7=102D00 A0=80000 A1=108918 A2=534F0 A3=799C0 A4=102D00 A5=108000 A6=10BA1E PC=498E -- 00498E: movea.l (A0,D0.w), A0
D0=44 D1=0 D2=2C D3=0 D4=840000F D5=842184D8 D6=842184D8 D7=102D00 A0=84600 A1=108918 A2=534F0 A3=799C0 A4=102D00 A5=108000 A6=10BA1E PC=4992 -- 004992: move.w  ($46de,A5), D0
D0=0 D1=0 D2=2C D3=0 D4=840000F D5=842184D8 D6=842184D8 D7=102D00 A0=84600 A1=108918 A2=534F0 A3=799C0 A4=102D00 A5=108000 A6=10BA1E PC=4996 -- 004996: tst.b   ($46e2,A5)
D0=0 D1=0 D2=2C D3=0 D4=840000F D5=842184D8 D6=842184D8 D7=102D00 A0=84600 A1=108918 A2=534F0 A3=799C0 A4=102D00 A5=108000 A6=10BA1E PC=499A -- 00499A: beq     $49a0
D0=0 D1=0 D2=2C D3=0 D4=840000F D5=842184D8 D6=842184D8 D7=102D00 A0=84600 A1=108918 A2=534F0 A3=799C0 A4=102D00 A5=108000 A6=10BA1E PC=49A0 -- 0049A0: andi.w  #$ff, D0
D0=0 D1=0 D2=2C D3=0 D4=840000F D5=842184D8 D6=842184D8 D7=102D00 A0=84600 A1=108918 A2=534F0 A3=799C0 A4=102D00 A5=108000 A6=10BA1E PC=49A4 -- 0049A4: add.w   D0, D0
D0=0 D1=0 D2=2C D3=0 D4=840000F D5=842184D8 D6=842184D8 D7=102D00 A0=84600 A1=108918 A2=534F0 A3=799C0 A4=102D00 A5=108000 A6=10BA1E PC=49A6 -- 0049A6: add.w   D0, D0
D0=0 D1=0 D2=2C D3=0 D4=840000F D5=842184D8 D6=842184D8 D7=102D00 A0=84600 A1=108918 A2=534F0 A3=799C0 A4=102D00 A5=108000 A6=10BA1E PC=49A8 -- 0049A8: movea.l (A0,D0.w), A0
D0=0 D1=0 D2=2C D3=0 D4=840000F D5=842184D8 D6=842184D8 D7=102D00 A0=CFCB2 A1=108918 A2=534F0 A3=799C0 A4=102D00 A5=108000 A6=10BA1E PC=49AC -- 0049AC: move.w  ($74,A4), D0
D0=0 D1=0 D2=2C D3=0 D4=840000F D5=842184D8 D6=842184D8 D7=102D00 A0=CFCB2 A1=108918 A2=534F0 A3=799C0 A4=102D00 A5=108000 A6=10BA1E PC=49B0 -- 0049B0: adda.w  D0, A0
D0=0 D1=0 D2=2C D3=0 D4=840000F D5=842184D8 D6=842184D8 D7=102D00 A0=CFCB2 A1=108918 A2=534F0 A3=799C0 A4=102D00 A5=108000 A6=10BA1E PC=49B2 -- 0049B2: move.b  (A0), ($76,A4)
D0=0 D1=0 D2=2C D3=0 D4=840000F D5=842184D8 D6=842184D8 D7=102D00 A0=CFCB2 A1=108918 A2=534F0 A3=799C0 A4=102D00 A5=108000 A6=10BA1E PC=49B6 -- 0049B6: bmi     $4a22
D0=0 D1=0 D2=2C D3=0 D4=840000F D5=842184D8 D6=842184D8 D7=102D00 A0=CFCB2 A1=108918 A2=534F0 A3=799C0 A4=102D00 A5=108000 A6=10BA1E PC=4A22 -- 004A22: addq.w  #6, ($74,A4)
D0=0 D1=0 D2=2C D3=0 D4=840000F D5=842184D8 D6=842184D8 D7=102D00 A0=CFCB2 A1=108918 A2=534F0 A3=799C0 A4=102D00 A5=108000 A6=10BA1E PC=4A26 -- 004A26: moveq   #$0, D0
D0=0 D1=0 D2=2C D3=0 D4=840000F D5=842184D8 D6=842184D8 D7=102D00 A0=CFCB2 A1=108918 A2=534F0 A3=799C0 A4=102D00 A5=108000 A6=10BA1E PC=4A28 -- 004A28: move.b  (A0), D0
D0=FD D1=0 D2=2C D3=0 D4=840000F D5=842184D8 D6=842184D8 D7=102D00 A0=CFCB2 A1=108918 A2=534F0 A3=799C0 A4=102D00 A5=108000 A6=10BA1E PC=4A2A -- 004A2A: neg.b   D0
D0=3 D1=0 D2=2C D3=0 D4=840000F D5=842184D8 D6=842184D8 D7=102D00 A0=CFCB2 A1=108918 A2=534F0 A3=799C0 A4=102D00 A5=108000 A6=10BA1E PC=4A2C -- 004A2C: subq.b  #1, D0
D0=2 D1=0 D2=2C D3=0 D4=840000F D5=842184D8 D6=842184D8 D7=102D00 A0=CFCB2 A1=108918 A2=534F0 A3=799C0 A4=102D00 A5=108000 A6=10BA1E PC=4A2E -- 004A2E: add.w   D0, D0
D0=4 D1=0 D2=2C D3=0 D4=840000F D5=842184D8 D6=842184D8 D7=102D00 A0=CFCB2 A1=108918 A2=534F0 A3=799C0 A4=102D00 A5=108000 A6=10BA1E PC=4A30 -- 004A30: add.w   D0, D0
D0=8 D1=0 D2=2C D3=0 D4=840000F D5=842184D8 D6=842184D8 D7=102D00 A0=CFCB2 A1=108918 A2=534F0 A3=799C0 A4=102D00 A5=108000 A6=10BA1E PC=4A32 -- 004A32: lea     ($e,PC) ; ($4a42), A1
D0=8 D1=0 D2=2C D3=0 D4=840000F D5=842184D8 D6=842184D8 D7=102D00 A0=CFCB2 A1=4A42 A2=534F0 A3=799C0 A4=102D00 A5=108000 A6=10BA1E PC=4A36 -- 004A36: nop
D0=8 D1=0 D2=2C D3=0 D4=840000F D5=842184D8 D6=842184D8 D7=102D00 A0=CFCB2 A1=4A42 A2=534F0 A3=799C0 A4=102D00 A5=108000 A6=10BA1E PC=4A38 -- 004A38: movea.l (A1,D0.w), A1
D0=8 D1=0 D2=2C D3=0 D4=840000F D5=842184D8 D6=842184D8 D7=102D00 A0=CFCB2 A1=4A74 A2=534F0 A3=799C0 A4=102D00 A5=108000 A6=10BA1E PC=4A3C -- 004A3C: jsr     (A1)
D0=8 D1=0 D2=2C D3=0 D4=840000F D5=842184D8 D6=842184D8 D7=102D00 A0=CFCB2 A1=4A74 A2=534F0 A3=799C0 A4=102D00 A5=108000 A6=10BA1E PC=4A74 -- 004A74: addq.l  #1, A0
D0=8 D1=0 D2=2C D3=0 D4=840000F D5=842184D8 D6=842184D8 D7=102D00 A0=CFCB3 A1=4A74 A2=534F0 A3=799C0 A4=102D00 A5=108000 A6=10BA1E PC=4A76 -- 004A76: move.b  (A0)+, D0
D0=30 D1=0 D2=2C D3=0 D4=840000F D5=842184D8 D6=842184D8 D7=102D00 A0=CFCB4 A1=4A74 A2=534F0 A3=799C0 A4=102D00 A5=108000 A6=10BA1E PC=4A78 -- 004A78: move.b  D0, D1
D0=30 D1=30 D2=2C D3=0 D4=840000F D5=842184D8 D6=842184D8 D7=102D00 A0=CFCB4 A1=4A74 A2=534F0 A3=799C0 A4=102D00 A5=108000 A6=10BA1E PC=4A7A -- 004A7A: andi.w  #$f, D1
D0=30 D1=0 D2=2C D3=0 D4=840000F D5=842184D8 D6=842184D8 D7=102D00 A0=CFCB4 A1=4A74 A2=534F0 A3=799C0 A4=102D00 A5=108000 A6=10BA1E PC=4A7E -- 004A7E: lea     ($90,A4), A1
D0=30 D1=0 D2=2C D3=0 D4=840000F D5=842184D8 D6=842184D8 D7=102D00 A0=CFCB4 A1=102D90 A2=534F0 A3=799C0 A4=102D00 A5=108000 A6=10BA1E PC=4A82 -- 004A82: mulu.w  #$5, D1
D0=30 D1=0 D2=2C D3=0 D4=840000F D5=842184D8 D6=842184D8 D7=102D00 A0=CFCB4 A1=102D90 A2=534F0 A3=799C0 A4=102D00 A5=108000 A6=10BA1E PC=4A86 -- 004A86: adda.l  D1, A1
D0=30 D1=0 D2=2C D3=0 D4=840000F D5=842184D8 D6=842184D8 D7=102D00 A0=CFCB4 A1=102D90 A2=534F0 A3=799C0 A4=102D00 A5=108000 A6=10BA1E PC=4A88 -- 004A88: lsr.b   #4, D0
D0=3 D1=0 D2=2C D3=0 D4=840000F D5=842184D8 D6=842184D8 D7=102D00 A0=CFCB4 A1=102D90 A2=534F0 A3=799C0 A4=102D00 A5=108000 A6=10BA1E PC=4A8A -- 004A8A: move.b  D0, (A1)+
D0=3 D1=0 D2=2C D3=0 D4=840000F D5=842184D8 D6=842184D8 D7=102D00 A0=CFCB4 A1=102D91 A2=534F0 A3=799C0 A4=102D00 A5=108000 A6=10BA1E PC=4A8C -- 004A8C: move.b  (A0)+, (A1)+
D0=3 D1=0 D2=2C D3=0 D4=840000F D5=842184D8 D6=842184D8 D7=102D00 A0=CFCB5 A1=102D92 A2=534F0 A3=799C0 A4=102D00 A5=108000 A6=10BA1E PC=4A8E -- 004A8E: move.b  (A0)+, (A1)+
D0=3 D1=0 D2=2C D3=0 D4=840000F D5=842184D8 D6=842184D8 D7=102D00 A0=CFCB6 A1=102D93 A2=534F0 A3=799C0 A4=102D00 A5=108000 A6=10BA1E PC=4A90 -- 004A90: move.b  (A0)+, (A1)+
D0=3 D1=0 D2=2C D3=0 D4=840000F D5=842184D8 D6=842184D8 D7=102D00 A0=CFCB7 A1=102D94 A2=534F0 A3=799C0 A4=102D00 A5=108000 A6=10BA1E PC=4A92 -- 004A92: move.b  (A0), (A1)+
D0=3 D1=0 D2=2C D3=0 D4=840000F D5=842184D8 D6=842184D8 D7=102D00 A0=CFCB7 A1=102D95 A2=534F0 A3=799C0 A4=102D00 A5=108000 A6=10BA1E PC=4A94 -- 004A94: rts
D0=3 D1=0 D2=2C D3=0 D4=840000F D5=842184D8 D6=842184D8 D7=102D00 A0=CFCB7 A1=102D95 A2=534F0 A3=799C0 A4=102D00 A5=108000 A6=10BA1E PC=4A3E -- 004A3E: bra     $4962
D0=3 D1=0 D2=2C D3=0 D4=840000F D5=842184D8 D6=842184D8 D7=102D00 A0=CFCB7 A1=102D95 A2=534F0 A3=799C0 A4=102D00 A5=108000 A6=10BA1E PC=4962 -- 004962: lea     $7bf48.l, A0
D0=3 D1=0 D2=2C D3=0 D4=840000F D5=842184D8 D6=842184D8 D7=102D00 A0=7BF48 A1=102D95 A2=534F0 A3=799C0 A4=102D00 A5=108000 A6=10BA1E PC=4968 -- 004968: move.w  ($70,A4), D0
D0=11 D1=0 D2=2C D3=0 D4=840000F D5=842184D8 D6=842184D8 D7=102D00 A0=7BF48 A1=102D95 A2=534F0 A3=799C0 A4=102D00 A5=108000 A6=10BA1E PC=496C -- 00496C: add.w   D0, D0
D0=22 D1=0 D2=2C D3=0 D4=840000F D5=842184D8 D6=842184D8 D7=102D00 A0=7BF48 A1=102D95 A2=534F0 A3=799C0 A4=102D00 A5=108000 A6=10BA1E PC=496E -- 00496E: add.w   D0, D0
D0=44 D1=0 D2=2C D3=0 D4=840000F D5=842184D8 D6=842184D8 D7=102D00 A0=7BF48 A1=102D95 A2=534F0 A3=799C0 A4=102D00 A5=108000 A6=10BA1E PC=4970 -- 004970: movea.l (A0,D0.w), A0
D0=44 D1=0 D2=2C D3=0 D4=840000F D5=842184D8 D6=842184D8 D7=102D00 A0=7E1C0 A1=102D95 A2=534F0 A3=799C0 A4=102D00 A5=108000 A6=10BA1E PC=4974 -- 004974: move.w  ($72,A4), D0
D0=0 D1=0 D2=2C D3=0 D4=840000F D5=842184D8 D6=842184D8 D7=102D00 A0=7E1C0 A1=102D95 A2=534F0 A3=799C0 A4=102D00 A5=108000 A6=10BA1E PC=4978 -- 004978: add.w   D0, D0
D0=0 D1=0 D2=2C D3=0 D4=840000F D5=842184D8 D6=842184D8 D7=102D00 A0=7E1C0 A1=102D95 A2=534F0 A3=799C0 A4=102D00 A5=108000 A6=10BA1E PC=497A -- 00497A: move.w  (A0,D0.w), ($46de,A5)
D0=0 D1=0 D2=2C D3=0 D4=840000F D5=842184D8 D6=842184D8 D7=102D00 A0=7E1C0 A1=102D95 A2=534F0 A3=799C0 A4=102D00 A5=108000 A6=10BA1E PC=4980 -- 004980: lea     $80000.l, A0
D0=0 D1=0 D2=2C D3=0 D4=840000F D5=842184D8 D6=842184D8 D7=102D00 A0=80000 A1=102D95 A2=534F0 A3=799C0 A4=102D00 A5=108000 A6=10BA1E PC=4986 -- 004986: move.w  ($70,A4), D0
D0=11 D1=0 D2=2C D3=0 D4=840000F D5=842184D8 D6=842184D8 D7=102D00 A0=80000 A1=102D95 A2=534F0 A3=799C0 A4=102D00 A5=108000 A6=10BA1E PC=498A -- 00498A: add.w   D0, D0
D0=22 D1=0 D2=2C D3=0 D4=840000F D5=842184D8 D6=842184D8 D7=102D00 A0=80000 A1=102D95 A2=534F0 A3=799C0 A4=102D00 A5=108000 A6=10BA1E PC=498C -- 00498C: add.w   D0, D0
D0=44 D1=0 D2=2C D3=0 D4=840000F D5=842184D8 D6=842184D8 D7=102D00 A0=80000 A1=102D95 A2=534F0 A3=799C0 A4=102D00 A5=108000 A6=10BA1E PC=498E -- 00498E: movea.l (A0,D0.w), A0
D0=44 D1=0 D2=2C D3=0 D4=840000F D5=842184D8 D6=842184D8 D7=102D00 A0=84600 A1=102D95 A2=534F0 A3=799C0 A4=102D00 A5=108000 A6=10BA1E PC=4992 -- 004992: move.w  ($46de,A5), D0
D0=0 D1=0 D2=2C D3=0 D4=840000F D5=842184D8 D6=842184D8 D7=102D00 A0=84600 A1=102D95 A2=534F0 A3=799C0 A4=102D00 A5=108000 A6=10BA1E PC=4996 -- 004996: tst.b   ($46e2,A5)
D0=0 D1=0 D2=2C D3=0 D4=840000F D5=842184D8 D6=842184D8 D7=102D00 A0=84600 A1=102D95 A2=534F0 A3=799C0 A4=102D00 A5=108000 A6=10BA1E PC=499A -- 00499A: beq     $49a0
D0=0 D1=0 D2=2C D3=0 D4=840000F D5=842184D8 D6=842184D8 D7=102D00 A0=84600 A1=102D95 A2=534F0 A3=799C0 A4=102D00 A5=108000 A6=10BA1E PC=49A0 -- 0049A0: andi.w  #$ff, D0
D0=0 D1=0 D2=2C D3=0 D4=840000F D5=842184D8 D6=842184D8 D7=102D00 A0=84600 A1=102D95 A2=534F0 A3=799C0 A4=102D00 A5=108000 A6=10BA1E PC=49A4 -- 0049A4: add.w   D0, D0
D0=0 D1=0 D2=2C D3=0 D4=840000F D5=842184D8 D6=842184D8 D7=102D00 A0=84600 A1=102D95 A2=534F0 A3=799C0 A4=102D00 A5=108000 A6=10BA1E PC=49A6 -- 0049A6: add.w   D0, D0
D0=0 D1=0 D2=2C D3=0 D4=840000F D5=842184D8 D6=842184D8 D7=102D00 A0=84600 A1=102D95 A2=534F0 A3=799C0 A4=102D00 A5=108000 A6=10BA1E PC=49A8 -- 0049A8: movea.l (A0,D0.w), A0
D0=0 D1=0 D2=2C D3=0 D4=840000F D5=842184D8 D6=842184D8 D7=102D00 A0=CFCB2 A1=102D95 A2=534F0 A3=799C0 A4=102D00 A5=108000 A6=10BA1E PC=49AC -- 0049AC: move.w  ($74,A4), D0
D0=6 D1=0 D2=2C D3=0 D4=840000F D5=842184D8 D6=842184D8 D7=102D00 A0=CFCB2 A1=102D95 A2=534F0 A3=799C0 A4=102D00 A5=108000 A6=10BA1E PC=49B0 -- 0049B0: adda.w  D0, A0
D0=6 D1=0 D2=2C D3=0 D4=840000F D5=842184D8 D6=842184D8 D7=102D00 A0=CFCB8 A1=102D95 A2=534F0 A3=799C0 A4=102D00 A5=108000 A6=10BA1E PC=49B2 -- 0049B2: move.b  (A0), ($76,A4)
D0=6 D1=0 D2=2C D3=0 D4=840000F D5=842184D8 D6=842184D8 D7=102D00 A0=CFCB8 A1=102D95 A2=534F0 A3=799C0 A4=102D00 A5=108000 A6=10BA1E PC=49B6 -- 0049B6: bmi     $4a22
D0=6 D1=0 D2=2C D3=0 D4=840000F D5=842184D8 D6=842184D8 D7=102D00 A0=CFCB8 A1=102D95 A2=534F0 A3=799C0 A4=102D00 A5=108000 A6=10BA1E PC=4A22 -- 004A22: addq.w  #6, ($74,A4)
D0=6 D1=0 D2=2C D3=0 D4=840000F D5=842184D8 D6=842184D8 D7=102D00 A0=CFCB8 A1=102D95 A2=534F0 A3=799C0 A4=102D00 A5=108000 A6=10BA1E PC=4A26 -- 004A26: moveq   #$0, D0
D0=0 D1=0 D2=2C D3=0 D4=840000F D5=842184D8 D6=842184D8 D7=102D00 A0=CFCB8 A1=102D95 A2=534F0 A3=799C0 A4=102D00 A5=108000 A6=10BA1E PC=4A28 -- 004A28: move.b  (A0), D0
D0=FD D1=0 D2=2C D3=0 D4=840000F D5=842184D8 D6=842184D8 D7=102D00 A0=CFCB8 A1=102D95 A2=534F0 A3=799C0 A4=102D00 A5=108000 A6=10BA1E PC=4A2A -- 004A2A: neg.b   D0
D0=3 D1=0 D2=2C D3=0 D4=840000F D5=842184D8 D6=842184D8 D7=102D00 A0=CFCB8 A1=102D95 A2=534F0 A3=799C0 A4=102D00 A5=108000 A6=10BA1E PC=4A2C -- 004A2C: subq.b  #1, D0
D0=2 D1=0 D2=2C D3=0 D4=840000F D5=842184D8 D6=842184D8 D7=102D00 A0=CFCB8 A1=102D95 A2=534F0 A3=799C0 A4=102D00 A5=108000 A6=10BA1E PC=4A2E -- 004A2E: add.w   D0, D0
D0=4 D1=0 D2=2C D3=0 D4=840000F D5=842184D8 D6=842184D8 D7=102D00 A0=CFCB8 A1=102D95 A2=534F0 A3=799C0 A4=102D00 A5=108000 A6=10BA1E PC=4A30 -- 004A30: add.w   D0, D0
D0=8 D1=0 D2=2C D3=0 D4=840000F D5=842184D8 D6=842184D8 D7=102D00 A0=CFCB8 A1=102D95 A2=534F0 A3=799C0 A4=102D00 A5=108000 A6=10BA1E PC=4A32 -- 004A32: lea     ($e,PC) ; ($4a42), A1
D0=8 D1=0 D2=2C D3=0 D4=840000F D5=842184D8 D6=842184D8 D7=102D00 A0=CFCB8 A1=4A42 A2=534F0 A3=799C0 A4=102D00 A5=108000 A6=10BA1E PC=4A36 -- 004A36: nop
D0=8 D1=0 D2=2C D3=0 D4=840000F D5=842184D8 D6=842184D8 D7=102D00 A0=CFCB8 A1=4A42 A2=534F0 A3=799C0 A4=102D00 A5=108000 A6=10BA1E PC=4A38 -- 004A38: movea.l (A1,D0.w), A1
D0=8 D1=0 D2=2C D3=0 D4=840000F D5=842184D8 D6=842184D8 D7=102D00 A0=CFCB8 A1=4A74 A2=534F0 A3=799C0 A4=102D00 A5=108000 A6=10BA1E PC=4A3C -- 004A3C: jsr     (A1)
D0=8 D1=0 D2=2C D3=0 D4=840000F D5=842184D8 D6=842184D8 D7=102D00 A0=CFCB8 A1=4A74 A2=534F0 A3=799C0 A4=102D00 A5=108000 A6=10BA1E PC=4A74 -- 004A74: addq.l  #1, A0
D0=8 D1=0 D2=2C D3=0 D4=840000F D5=842184D8 D6=842184D8 D7=102D00 A0=CFCB9 A1=4A74 A2=534F0 A3=799C0 A4=102D00 A5=108000 A6=10BA1E PC=4A76 -- 004A76: move.b  (A0)+, D0
D0=41 D1=0 D2=2C D3=0 D4=840000F D5=842184D8 D6=842184D8 D7=102D00 A0=CFCBA A1=4A74 A2=534F0 A3=799C0 A4=102D00 A5=108000 A6=10BA1E PC=4A78 -- 004A78: move.b  D0, D1
D0=41 D1=41 D2=2C D3=0 D4=840000F D5=842184D8 D6=842184D8 D7=102D00 A0=CFCBA A1=4A74 A2=534F0 A3=799C0 A4=102D00 A5=108000 A6=10BA1E PC=4A7A -- 004A7A: andi.w  #$f, D1
D0=41 D1=1 D2=2C D3=0 D4=840000F D5=842184D8 D6=842184D8 D7=102D00 A0=CFCBA A1=4A74 A2=534F0 A3=799C0 A4=102D00 A5=108000 A6=10BA1E PC=4A7E -- 004A7E: lea     ($90,A4), A1
D0=41 D1=1 D2=2C D3=0 D4=840000F D5=842184D8 D6=842184D8 D7=102D00 A0=CFCBA A1=102D90 A2=534F0 A3=799C0 A4=102D00 A5=108000 A6=10BA1E PC=4A82 -- 004A82: mulu.w  #$5, D1
D0=41 D1=5 D2=2C D3=0 D4=840000F D5=842184D8 D6=842184D8 D7=102D00 A0=CFCBA A1=102D90 A2=534F0 A3=799C0 A4=102D00 A5=108000 A6=10BA1E PC=4A86 -- 004A86: adda.l  D1, A1
D0=41 D1=5 D2=2C D3=0 D4=840000F D5=842184D8 D6=842184D8 D7=102D00 A0=CFCBA A1=102D95 A2=534F0 A3=799C0 A4=102D00 A5=108000 A6=10BA1E PC=4A88 -- 004A88: lsr.b   #4, D0
D0=4 D1=5 D2=2C D3=0 D4=840000F D5=842184D8 D6=842184D8 D7=102D00 A0=CFCBA A1=102D95 A2=534F0 A3=799C0 A4=102D00 A5=108000 A6=10BA1E PC=4A8A -- 004A8A: move.b  D0, (A1)+
D0=4 D1=5 D2=2C D3=0 D4=840000F D5=842184D8 D6=842184D8 D7=102D00 A0=CFCBA A1=102D96 A2=534F0 A3=799C0 A4=102D00 A5=108000 A6=10BA1E PC=4A8C -- 004A8C: move.b  (A0)+, (A1)+
D0=4 D1=5 D2=2C D3=0 D4=840000F D5=842184D8 D6=842184D8 D7=102D00 A0=CFCBB A1=102D97 A2=534F0 A3=799C0 A4=102D00 A5=108000 A6=10BA1E PC=4A8E -- 004A8E: move.b  (A0)+, (A1)+
D0=4 D1=5 D2=2C D3=0 D4=840000F D5=842184D8 D6=842184D8 D7=102D00 A0=CFCBC A1=102D98 A2=534F0 A3=799C0 A4=102D00 A5=108000 A6=10BA1E PC=4A90 -- 004A90: move.b  (A0)+, (A1)+
D0=4 D1=5 D2=2C D3=0 D4=840000F D5=842184D8 D6=842184D8 D7=102D00 A0=CFCBD A1=102D99 A2=534F0 A3=799C0 A4=102D00 A5=108000 A6=10BA1E PC=4A92 -- 004A92: move.b  (A0), (A1)+
D0=4 D1=5 D2=2C D3=0 D4=840000F D5=842184D8 D6=842184D8 D7=102D00 A0=CFCBD A1=102D9A A2=534F0 A3=799C0 A4=102D00 A5=108000 A6=10BA1E PC=4A94 -- 004A94: rts
D0=4 D1=5 D2=2C D3=0 D4=840000F D5=842184D8 D6=842184D8 D7=102D00 A0=CFCBD A1=102D9A A2=534F0 A3=799C0 A4=102D00 A5=108000 A6=10BA1E PC=4A3E -- 004A3E: bra     $4962
D0=4 D1=5 D2=2C D3=0 D4=840000F D5=842184D8 D6=842184D8 D7=102D00 A0=CFCBD A1=102D9A A2=534F0 A3=799C0 A4=102D00 A5=108000 A6=10BA1E PC=4962 -- 004962: lea     $7bf48.l, A0
D0=4 D1=5 D2=2C D3=0 D4=840000F D5=842184D8 D6=842184D8 D7=102D00 A0=7BF48 A1=102D9A A2=534F0 A3=799C0 A4=102D00 A5=108000 A6=10BA1E PC=4968 -- 004968: move.w  ($70,A4), D0
D0=11 D1=5 D2=2C D3=0 D4=840000F D5=842184D8 D6=842184D8 D7=102D00 A0=7BF48 A1=102D9A A2=534F0 A3=799C0 A4=102D00 A5=108000 A6=10BA1E PC=496C -- 00496C: add.w   D0, D0
D0=22 D1=5 D2=2C D3=0 D4=840000F D5=842184D8 D6=842184D8 D7=102D00 A0=7BF48 A1=102D9A A2=534F0 A3=799C0 A4=102D00 A5=108000 A6=10BA1E PC=496E -- 00496E: add.w   D0, D0
D0=44 D1=5 D2=2C D3=0 D4=840000F D5=842184D8 D6=842184D8 D7=102D00 A0=7BF48 A1=102D9A A2=534F0 A3=799C0 A4=102D00 A5=108000 A6=10BA1E PC=4970 -- 004970: movea.l (A0,D0.w), A0
D0=44 D1=5 D2=2C D3=0 D4=840000F D5=842184D8 D6=842184D8 D7=102D00 A0=7E1C0 A1=102D9A A2=534F0 A3=799C0 A4=102D00 A5=108000 A6=10BA1E PC=4974 -- 004974: move.w  ($72,A4), D0
D0=0 D1=5 D2=2C D3=0 D4=840000F D5=842184D8 D6=842184D8 D7=102D00 A0=7E1C0 A1=102D9A A2=534F0 A3=799C0 A4=102D00 A5=108000 A6=10BA1E PC=4978 -- 004978: add.w   D0, D0
D0=0 D1=5 D2=2C D3=0 D4=840000F D5=842184D8 D6=842184D8 D7=102D00 A0=7E1C0 A1=102D9A A2=534F0 A3=799C0 A4=102D00 A5=108000 A6=10BA1E PC=497A -- 00497A: move.w  (A0,D0.w), ($46de,A5)
D0=0 D1=5 D2=2C D3=0 D4=840000F D5=842184D8 D6=842184D8 D7=102D00 A0=7E1C0 A1=102D9A A2=534F0 A3=799C0 A4=102D00 A5=108000 A6=10BA1E PC=4980 -- 004980: lea     $80000.l, A0
D0=0 D1=5 D2=2C D3=0 D4=840000F D5=842184D8 D6=842184D8 D7=102D00 A0=80000 A1=102D9A A2=534F0 A3=799C0 A4=102D00 A5=108000 A6=10BA1E PC=4986 -- 004986: move.w  ($70,A4), D0
D0=11 D1=5 D2=2C D3=0 D4=840000F D5=842184D8 D6=842184D8 D7=102D00 A0=80000 A1=102D9A A2=534F0 A3=799C0 A4=102D00 A5=108000 A6=10BA1E PC=498A -- 00498A: add.w   D0, D0
D0=22 D1=5 D2=2C D3=0 D4=840000F D5=842184D8 D6=842184D8 D7=102D00 A0=80000 A1=102D9A A2=534F0 A3=799C0 A4=102D00 A5=108000 A6=10BA1E PC=498C -- 00498C: add.w   D0, D0
D0=44 D1=5 D2=2C D3=0 D4=840000F D5=842184D8 D6=842184D8 D7=102D00 A0=80000 A1=102D9A A2=534F0 A3=799C0 A4=102D00 A5=108000 A6=10BA1E PC=498E -- 00498E: movea.l (A0,D0.w), A0
D0=44 D1=5 D2=2C D3=0 D4=840000F D5=842184D8 D6=842184D8 D7=102D00 A0=84600 A1=102D9A A2=534F0 A3=799C0 A4=102D00 A5=108000 A6=10BA1E PC=4992 -- 004992: move.w  ($46de,A5), D0
D0=0 D1=5 D2=2C D3=0 D4=840000F D5=842184D8 D6=842184D8 D7=102D00 A0=84600 A1=102D9A A2=534F0 A3=799C0 A4=102D00 A5=108000 A6=10BA1E PC=4996 -- 004996: tst.b   ($46e2,A5)
D0=0 D1=5 D2=2C D3=0 D4=840000F D5=842184D8 D6=842184D8 D7=102D00 A0=84600 A1=102D9A A2=534F0 A3=799C0 A4=102D00 A5=108000 A6=10BA1E PC=499A -- 00499A: beq     $49a0
D0=0 D1=5 D2=2C D3=0 D4=840000F D5=842184D8 D6=842184D8 D7=102D00 A0=84600 A1=102D9A A2=534F0 A3=799C0 A4=102D00 A5=108000 A6=10BA1E PC=49A0 -- 0049A0: andi.w  #$ff, D0
D0=0 D1=5 D2=2C D3=0 D4=840000F D5=842184D8 D6=842184D8 D7=102D00 A0=84600 A1=102D9A A2=534F0 A3=799C0 A4=102D00 A5=108000 A6=10BA1E PC=49A4 -- 0049A4: add.w   D0, D0
D0=0 D1=5 D2=2C D3=0 D4=840000F D5=842184D8 D6=842184D8 D7=102D00 A0=84600 A1=102D9A A2=534F0 A3=799C0 A4=102D00 A5=108000 A6=10BA1E PC=49A6 -- 0049A6: add.w   D0, D0
D0=0 D1=5 D2=2C D3=0 D4=840000F D5=842184D8 D6=842184D8 D7=102D00 A0=84600 A1=102D9A A2=534F0 A3=799C0 A4=102D00 A5=108000 A6=10BA1E PC=49A8 -- 0049A8: movea.l (A0,D0.w), A0
D0=0 D1=5 D2=2C D3=0 D4=840000F D5=842184D8 D6=842184D8 D7=102D00 A0=CFCB2 A1=102D9A A2=534F0 A3=799C0 A4=102D00 A5=108000 A6=10BA1E PC=49AC -- 0049AC: move.w  ($74,A4), D0
D0=C D1=5 D2=2C D3=0 D4=840000F D5=842184D8 D6=842184D8 D7=102D00 A0=CFCB2 A1=102D9A A2=534F0 A3=799C0 A4=102D00 A5=108000 A6=10BA1E PC=49B0 -- 0049B0: adda.w  D0, A0
D0=C D1=5 D2=2C D3=0 D4=840000F D5=842184D8 D6=842184D8 D7=102D00 A0=CFCBE A1=102D9A A2=534F0 A3=799C0 A4=102D00 A5=108000 A6=10BA1E PC=49B2 -- 0049B2: move.b  (A0), ($76,A4)
D0=C D1=5 D2=2C D3=0 D4=840000F D5=842184D8 D6=842184D8 D7=102D00 A0=CFCBE A1=102D9A A2=534F0 A3=799C0 A4=102D00 A5=108000 A6=10BA1E PC=49B6 -- 0049B6: bmi     $4a22
D0=C D1=5 D2=2C D3=0 D4=840000F D5=842184D8 D6=842184D8 D7=102D00 A0=CFCBE A1=102D9A A2=534F0 A3=799C0 A4=102D00 A5=108000 A6=10BA1E PC=49BA -- 0049BA: move.b  ($81,A4), D0
D0=0 D1=5 D2=2C D3=0 D4=840000F D5=842184D8 D6=842184D8 D7=102D00 A0=CFCBE A1=102D9A A2=534F0 A3=799C0 A4=102D00 A5=108000 A6=10BA1E PC=49BE -- 0049BE: tst.b   ($7d,A4)
D0=0 D1=5 D2=2C D3=0 D4=840000F D5=842184D8 D6=842184D8 D7=102D00 A0=CFCBE A1=102D9A A2=534F0 A3=799C0 A4=102D00 A5=108000 A6=10BA1E PC=49C2 -- 0049C2: beq     $49c8
D0=0 D1=5 D2=2C D3=0 D4=840000F D5=842184D8 D6=842184D8 D7=102D00 A0=CFCBE A1=102D9A A2=534F0 A3=799C0 A4=102D00 A5=108000 A6=10BA1E PC=49C8 -- 0049C8: add.b   ($7d,A4), D0
D0=0 D1=5 D2=2C D3=0 D4=840000F D5=842184D8 D6=842184D8 D7=102D00 A0=CFCBE A1=102D9A A2=534F0 A3=799C0 A4=102D00 A5=108000 A6=10BA1E PC=49CC -- 0049CC: add.b   D0, ($76,A4)
D0=0 D1=5 D2=2C D3=0 D4=840000F D5=842184D8 D6=842184D8 D7=102D00 A0=CFCBE A1=102D9A A2=534F0 A3=799C0 A4=102D00 A5=108000 A6=10BA1E PC=49D0 -- 0049D0: bgt     $49d8
D0=0 D1=5 D2=2C D3=0 D4=840000F D5=842184D8 D6=842184D8 D7=102D00 A0=CFCBE A1=102D9A A2=534F0 A3=799C0 A4=102D00 A5=108000 A6=10BA1E PC=49D8 -- 0049D8: addq.w  #1, ($7e,A4)
D0=0 D1=5 D2=2C D3=0 D4=840000F D5=842184D8 D6=842184D8 D7=102D00 A0=CFCBE A1=102D9A A2=534F0 A3=799C0 A4=102D00 A5=108000 A6=10BA1E PC=49DC -- 0049DC: move.b  ($4,A0), ($7a,A4)
D0=0 D1=5 D2=2C D3=0 D4=840000F D5=842184D8 D6=842184D8 D7=102D00 A0=CFCBE A1=102D9A A2=534F0 A3=799C0 A4=102D00 A5=108000 A6=10BA1E PC=49E2 -- 0049E2: move.b  ($5,A0), ($7b,A4)
D0=0 D1=5 D2=2C D3=0 D4=840000F D5=842184D8 D6=842184D8 D7=102D00 A0=CFCBE A1=102D9A A2=534F0 A3=799C0 A4=102D00 A5=108000 A6=10BA1E PC=49E8 -- 0049E8: move.l  (A0), D0
D0=50CBB86 D1=5 D2=2C D3=0 D4=840000F D5=842184D8 D6=842184D8 D7=102D00 A0=CFCBE A1=102D9A A2=534F0 A3=799C0 A4=102D00 A5=108000 A6=10BA1E PC=49EA -- 0049EA: movea.l D0, A0
D0=50CBB86 D1=5 D2=2C D3=0 D4=840000F D5=842184D8 D6=842184D8 D7=102D00 A0=50CBB86 A1=102D9A A2=534F0 A3=799C0 A4=102D00 A5=108000 A6=10BA1E PC=49EC -- 0049EC: move.w  (A0), ($6a,A4)
D0=50CBB86 D1=5 D2=2C D3=0 D4=840000F D5=842184D8 D6=842184D8 D7=102D00 A0=50CBB86 A1=102D9A A2=534F0 A3=799C0 A4=102D00 A5=108000 A6=10BA1E PC=49F0 -- 0049F0: move.w  ($2,A0), ($6c,A4)
D0=50CBB86 D1=5 D2=2C D3=0 D4=840000F D5=842184D8 D6=842184D8 D7=102D00 A0=50CBB86 A1=102D9A A2=534F0 A3=799C0 A4=102D00 A5=108000 A6=10BA1E PC=49F6 -- 0049F6: rts
D0=50CBB86 D1=5 D2=2C D3=0 D4=840000F D5=842184D8 D6=842184D8 D7=102D00 A0=50CBB86 A1=102D9A A2=534F0 A3=799C0 A4=102D00 A5=108000 A6=10BA1E PC=493A -- 00493A: bra     $4906
D0=50CBB86 D1=5 D2=2C D3=0 D4=840000F D5=842184D8 D6=842184D8 D7=102D00 A0=50CBB86 A1=102D9A A2=534F0 A3=799C0 A4=102D00 A5=108000 A6=10BA1E PC=4906 -- 004906: subq.b  #1, ($76,A4)
D0=50CBB86 D1=5 D2=2C D3=0 D4=840000F D5=842184D8 D6=842184D8 D7=102D00 A0=50CBB86 A1=102D9A A2=534F0 A3=799C0 A4=102D00 A5=108000 A6=10BA1E PC=490A -- 00490A: bhi     $491a
D0=50CBB86 D1=5 D2=2C D3=0 D4=840000F D5=842184D8 D6=842184D8 D7=102D00 A0=50CBB86 A1=102D9A A2=534F0 A3=799C0 A4=102D00 A5=108000 A6=10BA1E PC=491A -- 00491A: rts
D0=50CBB86 D1=5 D2=2C D3=0 D4=840000F D5=842184D8 D6=842184D8 D7=102D00 A0=50CBB86 A1=102D9A A2=534F0 A3=799C0 A4=102D00 A5=108000 A6=10BA1E PC=379E2 -- 0379E2: jsr     $32e4.w
D0=50CBB86 D1=5 D2=2C D3=0 D4=840000F D5=842184D8 D6=842184D8 D7=102D00 A0=50CBB86 A1=102D9A A2=534F0 A3=799C0 A4=102D00 A5=108000 A6=10BA1E PC=32E4 -- 0032E4: moveq   #$d, D3
D0=50CBB86 D1=5 D2=2C D3=D D4=840000F D5=842184D8 D6=842184D8 D7=102D00 A0=50CBB86 A1=102D9A A2=534F0 A3=799C0 A4=102D00 A5=108000 A6=10BA1E PC=32E6 -- 0032E6: move.w  ($70,A4), D0
D0=50C0011 D1=5 D2=2C D3=D D4=840000F D5=842184D8 D6=842184D8 D7=102D00 A0=50CBB86 A1=102D9A A2=534F0 A3=799C0 A4=102D00 A5=108000 A6=10BA1E PC=32EA -- 0032EA: add.w   D0, D0
D0=50C0022 D1=5 D2=2C D3=D D4=840000F D5=842184D8 D6=842184D8 D7=102D00 A0=50CBB86 A1=102D9A A2=534F0 A3=799C0 A4=102D00 A5=108000 A6=10BA1E PC=32EC -- 0032EC: add.w   D0, D0
D0=50C0044 D1=5 D2=2C D3=D D4=840000F D5=842184D8 D6=842184D8 D7=102D00 A0=50CBB86 A1=102D9A A2=534F0 A3=799C0 A4=102D00 A5=108000 A6=10BA1E PC=32EE -- 0032EE: moveq   #$0, D1
D0=50C0044 D1=0 D2=2C D3=D D4=840000F D5=842184D8 D6=842184D8 D7=102D00 A0=50CBB86 A1=102D9A A2=534F0 A3=799C0 A4=102D00 A5=108000 A6=10BA1E PC=32F0 -- 0032F0: move.b  ($d8,A4), D1
D0=50C0044 D1=0 D2=2C D3=D D4=840000F D5=842184D8 D6=842184D8 D7=102D00 A0=50CBB86 A1=102D9A A2=534F0 A3=799C0 A4=102D00 A5=108000 A6=10BA1E PC=32F4 -- 0032F4: add.w   D1, D1
D0=50C0044 D1=0 D2=2C D3=D D4=840000F D5=842184D8 D6=842184D8 D7=102D00 A0=50CBB86 A1=102D9A A2=534F0 A3=799C0 A4=102D00 A5=108000 A6=10BA1E PC=32F6 -- 0032F6: add.w   D1, D0
D0=50C0044 D1=0 D2=2C D3=D D4=840000F D5=842184D8 D6=842184D8 D7=102D00 A0=50CBB86 A1=102D9A A2=534F0 A3=799C0 A4=102D00 A5=108000 A6=10BA1E PC=32F8 -- 0032F8: lea     ($d8,PC) ; ($33d2), A0
D0=50C0044 D1=0 D2=2C D3=D D4=840000F D5=842184D8 D6=842184D8 D7=102D00 A0=33D2 A1=102D9A A2=534F0 A3=799C0 A4=102D00 A5=108000 A6=10BA1E PC=32FC -- 0032FC: move.w  (A0,D0.w), D1
D0=50C0044 D1=55C D2=2C D3=D D4=840000F D5=842184D8 D6=842184D8 D7=102D00 A0=33D2 A1=102D9A A2=534F0 A3=799C0 A4=102D00 A5=108000 A6=10BA1E PC=3300 -- 003300: moveq   #$0, D2
D0=50C0044 D1=55C D2=0 D3=D D4=840000F D5=842184D8 D6=842184D8 D7=102D00 A0=33D2 A1=102D9A A2=534F0 A3=799C0 A4=102D00 A5=108000 A6=10BA1E PC=3302 -- 003302: move.b  ($30,A4), D2
D0=50C0044 D1=55C D2=1C D3=D D4=840000F D5=842184D8 D6=842184D8 D7=102D00 A0=33D2 A1=102D9A A2=534F0 A3=799C0 A4=102D00 A5=108000 A6=10BA1E PC=3306 -- 003306: addi.w  #$10, D2
D0=50C0044 D1=55C D2=2C D3=D D4=840000F D5=842184D8 D6=842184D8 D7=102D00 A0=33D2 A1=102D9A A2=534F0 A3=799C0 A4=102D00 A5=108000 A6=10BA1E PC=330A -- 00330A: bra     $3512
D0=50C0044 D1=55C D2=2C D3=D D4=840000F D5=842184D8 D6=842184D8 D7=102D00 A0=33D2 A1=102D9A A2=534F0 A3=799C0 A4=102D00 A5=108000 A6=10BA1E PC=3512 -- 003512: movea.l ($38a8,A5), A2
D0=50C0044 D1=55C D2=2C D3=D D4=840000F D5=842184D8 D6=842184D8 D7=102D00 A0=33D2 A1=102D9A A2=109C26 A3=799C0 A4=102D00 A5=108000 A6=10BA1E PC=3516 -- 003516: moveq   #$0, D0
D0=0 D1=55C D2=2C D3=D D4=840000F D5=842184D8 D6=842184D8 D7=102D00 A0=33D2 A1=102D9A A2=109C26 A3=799C0 A4=102D00 A5=108000 A6=10BA1E PC=3518 -- 003518: move.w  D1, D0
D0=55C D1=55C D2=2C D3=D D4=840000F D5=842184D8 D6=842184D8 D7=102D00 A0=33D2 A1=102D9A A2=109C26 A3=799C0 A4=102D00 A5=108000 A6=10BA1E PC=351A -- 00351A: addq.w  #1, D1
D0=55C D1=55D D2=2C D3=D D4=840000F D5=842184D8 D6=842184D8 D7=102D00 A0=33D2 A1=102D9A A2=109C26 A3=799C0 A4=102D00 A5=108000 A6=10BA1E PC=351C -- 00351C: andi.w  #$ff, D2
D0=55C D1=55D D2=2C D3=D D4=840000F D5=842184D8 D6=842184D8 D7=102D00 A0=33D2 A1=102D9A A2=109C26 A3=799C0 A4=102D00 A5=108000 A6=10BA1E PC=3520 -- 003520: move.w  D2, (A2)+
D0=55C D1=55D D2=2C D3=D D4=840000F D5=842184D8 D6=842184D8 D7=102D00 A0=33D2 A1=102D9A A2=109C28 A3=799C0 A4=102D00 A5=108000 A6=10BA1E PC=3522 -- 003522: addq.w  #1, D2
D0=55C D1=55D D2=2D D3=D D4=840000F D5=842184D8 D6=842184D8 D7=102D00 A0=33D2 A1=102D9A A2=109C28 A3=799C0 A4=102D00 A5=108000 A6=10BA1E PC=3524 -- 003524: lea     $6f000.l, A3
D0=55C D1=55D D2=2D D3=D D4=840000F D5=842184D8 D6=842184D8 D7=102D00 A0=33D2 A1=102D9A A2=109C28 A3=6F000 A4=102D00 A5=108000 A6=10BA1E PC=352A -- 00352A: lsl.l   #5, D0
D0=AB80 D1=55D D2=2D D3=D D4=840000F D5=842184D8 D6=842184D8 D7=102D00 A0=33D2 A1=102D9A A2=109C28 A3=6F000 A4=102D00 A5=108000 A6=10BA1E PC=352C -- 00352C: adda.l  D0, A3
D0=AB80 D1=55D D2=2D D3=D D4=840000F D5=842184D8 D6=842184D8 D7=102D00 A0=33D2 A1=102D9A A2=109C28 A3=79B80 A4=102D00 A5=108000 A6=10BA1E PC=352E -- 00352E: addq.l  #2, A3
D0=AB80 D1=55D D2=2D D3=D D4=840000F D5=842184D8 D6=842184D8 D7=102D00 A0=33D2 A1=102D9A A2=109C28 A3=79B82 A4=102D00 A5=108000 A6=10BA1E PC=3530 -- 003530: move.w  (A3)+, (A2)+
D0=AB80 D1=55D D2=2D D3=D D4=840000F D5=842184D8 D6=842184D8 D7=102D00 A0=33D2 A1=102D9A A2=109C2A A3=79B84 A4=102D00 A5=108000 A6=10BA1E PC=3532 -- 003532: move.l  (A3)+, (A2)+
D0=AB80 D1=55D D2=2D D3=D D4=840000F D5=842184D8 D6=842184D8 D7=102D00 A0=33D2 A1=102D9A A2=109C2E A3=79B88 A4=102D00 A5=108000 A6=10BA1E PC=3534 -- 003534: move.l  (A3)+, (A2)+
D0=AB80 D1=55D D2=2D D3=D D4=840000F D5=842184D8 D6=842184D8 D7=102D00 A0=33D2 A1=102D9A A2=109C32 A3=79B8C A4=102D00 A5=108000 A6=10BA1E PC=3536 -- 003536: move.l  (A3)+, (A2)+
D0=AB80 D1=55D D2=2D D3=D D4=840000F D5=842184D8 D6=842184D8 D7=102D00 A0=33D2 A1=102D9A A2=109C36 A3=79B90 A4=102D00 A5=108000 A6=10BA1E PC=3538 -- 003538: move.l  (A3)+, (A2)+
D0=AB80 D1=55D D2=2D D3=D D4=840000F D5=842184D8 D6=842184D8 D7=102D00 A0=33D2 A1=102D9A A2=109C3A A3=79B94 A4=102D00 A5=108000 A6=10BA1E PC=353A -- 00353A: move.l  (A3)+, (A2)+
D0=AB80 D1=55D D2=2D D3=D D4=840000F D5=842184D8 D6=842184D8 D7=102D00 A0=33D2 A1=102D9A A2=109C3E A3=79B98 A4=102D00 A5=108000 A6=10BA1E PC=353C -- 00353C: move.l  (A3)+, (A2)+
D0=AB80 D1=55D D2=2D D3=D D4=840000F D5=842184D8 D6=842184D8 D7=102D00 A0=33D2 A1=102D9A A2=109C42 A3=79B9C A4=102D00 A5=108000 A6=10BA1E PC=353E -- 00353E: move.l  (A3)+, (A2)+
D0=AB80 D1=55D D2=2D D3=D D4=840000F D5=842184D8 D6=842184D8 D7=102D00 A0=33D2 A1=102D9A A2=109C46 A3=79BA0 A4=102D00 A5=108000 A6=10BA1E PC=3540 -- 003540: dbra    D3, $3516
D0=AB80 D1=55D D2=2D D3=C D4=840000F D5=842184D8 D6=842184D8 D7=102D00 A0=33D2 A1=102D9A A2=109C46 A3=79BA0 A4=102D00 A5=108000 A6=10BA1E PC=3516 -- 003516: moveq   #$0, D0
D0=0 D1=55D D2=2D D3=C D4=840000F D5=842184D8 D6=842184D8 D7=102D00 A0=33D2 A1=102D9A A2=109C46 A3=79BA0 A4=102D00 A5=108000 A6=10BA1E PC=3518 -- 003518: move.w  D1, D0
D0=55D D1=55D D2=2D D3=C D4=840000F D5=842184D8 D6=842184D8 D7=102D00 A0=33D2 A1=102D9A A2=109C46 A3=79BA0 A4=102D00 A5=108000 A6=10BA1E PC=351A -- 00351A: addq.w  #1, D1
D0=55D D1=55E D2=2D D3=C D4=840000F D5=842184D8 D6=842184D8 D7=102D00 A0=33D2 A1=102D9A A2=109C46 A3=79BA0 A4=102D00 A5=108000 A6=10BA1E PC=351C -- 00351C: andi.w  #$ff, D2
D0=55D D1=55E D2=2D D3=C D4=840000F D5=842184D8 D6=842184D8 D7=102D00 A0=33D2 A1=102D9A A2=109C46 A3=79BA0 A4=102D00 A5=108000 A6=10BA1E PC=3520 -- 003520: move.w  D2, (A2)+
D0=55D D1=55E D2=2D D3=C D4=840000F D5=842184D8 D6=842184D8 D7=102D00 A0=33D2 A1=102D9A A2=109C48 A3=79BA0 A4=102D00 A5=108000 A6=10BA1E PC=3522 -- 003522: addq.w  #1, D2
D0=55D D1=55E D2=2E D3=C D4=840000F D5=842184D8 D6=842184D8 D7=102D00 A0=33D2 A1=102D9A A2=109C48 A3=79BA0 A4=102D00 A5=108000 A6=10BA1E PC=3524 -- 003524: lea     $6f000.l, A3
D0=55D D1=55E D2=2E D3=C D4=840000F D5=842184D8 D6=842184D8 D7=102D00 A0=33D2 A1=102D9A A2=109C48 A3=6F000 A4=102D00 A5=108000 A6=10BA1E PC=352A -- 00352A: lsl.l   #5, D0
D0=ABA0 D1=55E D2=2E D3=C D4=840000F D5=842184D8 D6=842184D8 D7=102D00 A0=33D2 A1=102D9A A2=109C48 A3=6F000 A4=102D00 A5=108000 A6=10BA1E PC=352C -- 00352C: adda.l  D0, A3
D0=ABA0 D1=55E D2=2E D3=C D4=840000F D5=842184D8 D6=842184D8 D7=102D00 A0=33D2 A1=102D9A A2=109C48 A3=79BA0 A4=102D00 A5=108000 A6=10BA1E PC=352E -- 00352E: addq.l  #2, A3
D0=ABA0 D1=55E D2=2E D3=C D4=840000F D5=842184D8 D6=842184D8 D7=102D00 A0=33D2 A1=102D9A A2=109C48 A3=79BA2 A4=102D00 A5=108000 A6=10BA1E PC=3530 -- 003530: move.w  (A3)+, (A2)+
D0=ABA0 D1=55E D2=2E D3=C D4=840000F D5=842184D8 D6=842184D8 D7=102D00 A0=33D2 A1=102D9A A2=109C4A A3=79BA4 A4=102D00 A5=108000 A6=10BA1E PC=3532 -- 003532: move.l  (A3)+, (A2)+
D0=ABA0 D1=55E D2=2E D3=C D4=840000F D5=842184D8 D6=842184D8 D7=102D00 A0=33D2 A1=102D9A A2=109C4E A3=79BA8 A4=102D00 A5=108000 A6=10BA1E PC=3534 -- 003534: move.l  (A3)+, (A2)+
D0=ABA0 D1=55E D2=2E D3=C D4=840000F D5=842184D8 D6=842184D8 D7=102D00 A0=33D2 A1=102D9A A2=109C52 A3=79BAC A4=102D00 A5=108000 A6=10BA1E PC=3536 -- 003536: move.l  (A3)+, (A2)+
D0=ABA0 D1=55E D2=2E D3=C D4=840000F D5=842184D8 D6=842184D8 D7=102D00 A0=33D2 A1=102D9A A2=109C56 A3=79BB0 A4=102D00 A5=108000 A6=10BA1E PC=3538 -- 003538: move.l  (A3)+, (A2)+
D0=ABA0 D1=55E D2=2E D3=C D4=840000F D5=842184D8 D6=842184D8 D7=102D00 A0=33D2 A1=102D9A A2=109C5A A3=79BB4 A4=102D00 A5=108000 A6=10BA1E PC=353A -- 00353A: move.l  (A3)+, (A2)+
D0=ABA0 D1=55E D2=2E D3=C D4=840000F D5=842184D8 D6=842184D8 D7=102D00 A0=33D2 A1=102D9A A2=109C5E A3=79BB8 A4=102D00 A5=108000 A6=10BA1E PC=353C -- 00353C: move.l  (A3)+, (A2)+
D0=ABA0 D1=55E D2=2E D3=C D4=840000F D5=842184D8 D6=842184D8 D7=102D00 A0=33D2 A1=102D9A A2=109C62 A3=79BBC A4=102D00 A5=108000 A6=10BA1E PC=353E -- 00353E: move.l  (A3)+, (A2)+
D0=ABA0 D1=55E D2=2E D3=C D4=840000F D5=842184D8 D6=842184D8 D7=102D00 A0=33D2 A1=102D9A A2=109C66 A3=79BC0 A4=102D00 A5=108000 A6=10BA1E PC=3540 -- 003540: dbra    D3, $3516

   (loops for 228 instructions)

D0=AD20 D1=56A D2=3A D3=FFFF D4=840000F D5=842184D8 D6=842184D8 D7=102D00 A0=33D2 A1=102D9A A2=109DE6 A3=79D40 A4=102D00 A5=108000 A6=10BA1E PC=3544 -- 003544: bra     $3478
D0=AD20 D1=56A D2=3A D3=FFFF D4=840000F D5=842184D8 D6=842184D8 D7=102D00 A0=33D2 A1=102D9A A2=109DE6 A3=79D40 A4=102D00 A5=108000 A6=10BA1E PC=3478 -- 003478: move.w  #$ffff, (A2)
D0=AD20 D1=56A D2=3A D3=FFFF D4=840000F D5=842184D8 D6=842184D8 D7=102D00 A0=33D2 A1=102D9A A2=109DE6 A3=79D40 A4=102D00 A5=108000 A6=10BA1E PC=347C -- 00347C: move.l  A2, ($38a8,A5)
D0=AD20 D1=56A D2=3A D3=FFFF D4=840000F D5=842184D8 D6=842184D8 D7=102D00 A0=33D2 A1=102D9A A2=109DE6 A3=79D40 A4=102D00 A5=108000 A6=10BA1E PC=3480 -- 003480: rts
D0=AD20 D1=56A D2=3A D3=FFFF D4=840000F D5=842184D8 D6=842184D8 D7=102D00 A0=33D2 A1=102D9A A2=109DE6 A3=79D40 A4=102D00 A5=108000 A6=10BA1E PC=379E6 -- 0379E6: jsr     ($11a,PC) ; ($37b02)
D0=AD20 D1=56A D2=3A D3=FFFF D4=840000F D5=842184D8 D6=842184D8 D7=102D00 A0=33D2 A1=102D9A A2=109DE6 A3=79D40 A4=102D00 A5=108000 A6=10BA1E PC=37B02 -- 037B02: cmpi.b  #$19, ($71,A4)
D0=AD20 D1=56A D2=3A D3=FFFF D4=840000F D5=842184D8 D6=842184D8 D7=102D00 A0=33D2 A1=102D9A A2=109DE6 A3=79D40 A4=102D00 A5=108000 A6=10BA1E PC=37B08 -- 037B08: beq     $37b1a
D0=AD20 D1=56A D2=3A D3=FFFF D4=840000F D5=842184D8 D6=842184D8 D7=102D00 A0=33D2 A1=102D9A A2=109DE6 A3=79D40 A4=102D00 A5=108000 A6=10BA1E PC=37B0C -- 037B0C: cmpi.b  #-$1, ($71,A4)
D0=AD20 D1=56A D2=3A D3=FFFF D4=840000F D5=842184D8 D6=842184D8 D7=102D00 A0=33D2 A1=102D9A A2=109DE6 A3=79D40 A4=102D00 A5=108000 A6=10BA1E PC=37B12 -- 037B12: beq     $37b1a
D0=AD20 D1=56A D2=3A D3=FFFF D4=840000F D5=842184D8 D6=842184D8 D7=102D00 A0=33D2 A1=102D9A A2=109DE6 A3=79D40 A4=102D00 A5=108000 A6=10BA1E PC=37B16 -- 037B16: moveq   #-$1, D7
D0=AD20 D1=56A D2=3A D3=FFFF D4=840000F D5=842184D8 D6=842184D8 D7=FFFFFFFF A0=33D2 A1=102D9A A2=109DE6 A3=79D40 A4=102D00 A5=108000 A6=10BA1E PC=37B18 -- 037B18: rts
D0=AD20 D1=56A D2=3A D3=FFFF D4=840000F D5=842184D8 D6=842184D8 D7=FFFFFFFF A0=33D2 A1=102D9A A2=109DE6 A3=79D40 A4=102D00 A5=108000 A6=10BA1E PC=379EA -- 0379EA: nop
D0=AD20 D1=56A D2=3A D3=FFFF D4=840000F D5=842184D8 D6=842184D8 D7=FFFFFFFF A0=33D2 A1=102D9A A2=109DE6 A3=79D40 A4=102D00 A5=108000 A6=10BA1E PC=379EC -- 0379EC: beq     $36eaa
D0=AD20 D1=56A D2=3A D3=FFFF D4=840000F D5=842184D8 D6=842184D8 D7=FFFFFFFF A0=33D2 A1=102D9A A2=109DE6 A3=79D40 A4=102D00 A5=108000 A6=10BA1E PC=379F0 -- 0379F0: bra     $36eb0
D0=AD20 D1=56A D2=3A D3=FFFF D4=840000F D5=842184D8 D6=842184D8 D7=FFFFFFFF A0=33D2 A1=102D9A A2=109DE6 A3=79D40 A4=102D00 A5=108000 A6=10BA1E PC=36EB0 -- 036EB0: jmp     $3e2e.w
D0=AD20 D1=56A D2=3A D3=FFFF D4=840000F D5=842184D8 D6=842184D8 D7=FFFFFFFF A0=33D2 A1=102D9A A2=109DE6 A3=79D40 A4=102D00 A5=108000 A6=10BA1E PC=3E2E -- 003E2E: tst.w   ($74,A4)
D0=AD20 D1=56A D2=3A D3=FFFF D4=840000F D5=842184D8 D6=842184D8 D7=FFFFFFFF A0=33D2 A1=102D9A A2=109DE6 A3=79D40 A4=102D00 A5=108000 A6=10BA1E PC=3E32 -- 003E32: bmi     $3e80
D0=AD20 D1=56A D2=3A D3=FFFF D4=840000F D5=842184D8 D6=842184D8 D7=FFFFFFFF A0=33D2 A1=102D9A A2=109DE6 A3=79D40 A4=102D00 A5=108000 A6=10BA1E PC=3E34 -- 003E34: btst    #$6, ($7c,A4)
D0=AD20 D1=56A D2=3A D3=FFFF D4=840000F D5=842184D8 D6=842184D8 D7=FFFFFFFF A0=33D2 A1=102D9A A2=109DE6 A3=79D40 A4=102D00 A5=108000 A6=10BA1E PC=3E3A -- 003E3A: bne     $3e78
D0=AD20 D1=56A D2=3A D3=FFFF D4=840000F D5=842184D8 D6=842184D8 D7=FFFFFFFF A0=33D2 A1=102D9A A2=109DE6 A3=79D40 A4=102D00 A5=108000 A6=10BA1E PC=3E3E -- 003E3E: moveq   #$0, D3
D0=AD20 D1=56A D2=3A D3=0 D4=840000F D5=842184D8 D6=842184D8 D7=FFFFFFFF A0=33D2 A1=102D9A A2=109DE6 A3=79D40 A4=102D00 A5=108000 A6=10BA1E PC=3E40 -- 003E40: move.b  ($82,A4), D3
D0=AD20 D1=56A D2=3A D3=0 D4=840000F D5=842184D8 D6=842184D8 D7=FFFFFFFF A0=33D2 A1=102D9A A2=109DE6 A3=79D40 A4=102D00 A5=108000 A6=10BA1E PC=3E44 -- 003E44: add.w   D3, D3
D0=AD20 D1=56A D2=3A D3=0 D4=840000F D5=842184D8 D6=842184D8 D7=FFFFFFFF A0=33D2 A1=102D9A A2=109DE6 A3=79D40 A4=102D00 A5=108000 A6=10BA1E PC=3E46 -- 003E46: add.w   D3, D3
D0=AD20 D1=56A D2=3A D3=0 D4=840000F D5=842184D8 D6=842184D8 D7=FFFFFFFF A0=33D2 A1=102D9A A2=109DE6 A3=79D40 A4=102D00 A5=108000 A6=10BA1E PC=3E48 -- 003E48: move.w  ($18,A4), D0
D0=68 D1=56A D2=3A D3=0 D4=840000F D5=842184D8 D6=842184D8 D7=FFFFFFFF A0=33D2 A1=102D9A A2=109DE6 A3=79D40 A4=102D00 A5=108000 A6=10BA1E PC=3E4C -- 003E4C: lea     ($104c,A5), A0
D0=68 D1=56A D2=3A D3=0 D4=840000F D5=842184D8 D6=842184D8 D7=FFFFFFFF A0=10904C A1=102D9A A2=109DE6 A3=79D40 A4=102D00 A5=108000 A6=10BA1E PC=3E50 -- 003E50: sub.w   (A0,D3.w), D0
D0=68 D1=56A D2=3A D3=0 D4=840000F D5=842184D8 D6=842184D8 D7=FFFFFFFF A0=10904C A1=102D9A A2=109DE6 A3=79D40 A4=102D00 A5=108000 A6=10BA1E PC=3E54 -- 003E54: addi.w  #$30, D0
D0=98 D1=56A D2=3A D3=0 D4=840000F D5=842184D8 D6=842184D8 D7=FFFFFFFF A0=10904C A1=102D9A A2=109DE6 A3=79D40 A4=102D00 A5=108000 A6=10BA1E PC=3E58 -- 003E58: cmpi.w  #$1a0, D0
D0=98 D1=56A D2=3A D3=0 D4=840000F D5=842184D8 D6=842184D8 D7=FFFFFFFF A0=10904C A1=102D9A A2=109DE6 A3=79D40 A4=102D00 A5=108000 A6=10BA1E PC=3E5C -- 003E5C: bls     $3e60
D0=98 D1=56A D2=3A D3=0 D4=840000F D5=842184D8 D6=842184D8 D7=FFFFFFFF A0=10904C A1=102D9A A2=109DE6 A3=79D40 A4=102D00 A5=108000 A6=10BA1E PC=3E60 -- 003E60: move.w  ($1c,A4), D0
D0=B8 D1=56A D2=3A D3=0 D4=840000F D5=842184D8 D6=842184D8 D7=FFFFFFFF A0=10904C A1=102D9A A2=109DE6 A3=79D40 A4=102D00 A5=108000 A6=10BA1E PC=3E64 -- 003E64: sub.w   ($20,A4), D0
D0=B8 D1=56A D2=3A D3=0 D4=840000F D5=842184D8 D6=842184D8 D7=FFFFFFFF A0=10904C A1=102D9A A2=109DE6 A3=79D40 A4=102D00 A5=108000 A6=10BA1E PC=3E68 -- 003E68: lea     ($1058,A5), A0
D0=B8 D1=56A D2=3A D3=0 D4=840000F D5=842184D8 D6=842184D8 D7=FFFFFFFF A0=109058 A1=102D9A A2=109DE6 A3=79D40 A4=102D00 A5=108000 A6=10BA1E PC=3E6C -- 003E6C: sub.w   (A0,D3.w), D0
D0=B8 D1=56A D2=3A D3=0 D4=840000F D5=842184D8 D6=842184D8 D7=FFFFFFFF A0=109058 A1=102D9A A2=109DE6 A3=79D40 A4=102D00 A5=108000 A6=10BA1E PC=3E70 -- 003E70: cmpi.w  #$1c0, D0
D0=B8 D1=56A D2=3A D3=0 D4=840000F D5=842184D8 D6=842184D8 D7=FFFFFFFF A0=109058 A1=102D9A A2=109DE6 A3=79D40 A4=102D00 A5=108000 A6=10BA1E PC=3E74 -- 003E74: bls     $3e78
D0=B8 D1=56A D2=3A D3=0 D4=840000F D5=842184D8 D6=842184D8 D7=FFFFFFFF A0=109058 A1=102D9A A2=109DE6 A3=79D40 A4=102D00 A5=108000 A6=10BA1E PC=3E78 -- 003E78: bsr     $4860
D0=B8 D1=56A D2=3A D3=0 D4=840000F D5=842184D8 D6=842184D8 D7=FFFFFFFF A0=109058 A1=102D9A A2=109DE6 A3=79D40 A4=102D00 A5=108000 A6=10BA1E PC=4860 -- 004860: lea     $7bf48.l, A0
D0=B8 D1=56A D2=3A D3=0 D4=840000F D5=842184D8 D6=842184D8 D7=FFFFFFFF A0=7BF48 A1=102D9A A2=109DE6 A3=79D40 A4=102D00 A5=108000 A6=10BA1E PC=4866 -- 004866: move.w  ($70,A4), D0
D0=11 D1=56A D2=3A D3=0 D4=840000F D5=842184D8 D6=842184D8 D7=FFFFFFFF A0=7BF48 A1=102D9A A2=109DE6 A3=79D40 A4=102D00 A5=108000 A6=10BA1E PC=486A -- 00486A: add.w   D0, D0
D0=22 D1=56A D2=3A D3=0 D4=840000F D5=842184D8 D6=842184D8 D7=FFFFFFFF A0=7BF48 A1=102D9A A2=109DE6 A3=79D40 A4=102D00 A5=108000 A6=10BA1E PC=486C -- 00486C: add.w   D0, D0
D0=44 D1=56A D2=3A D3=0 D4=840000F D5=842184D8 D6=842184D8 D7=FFFFFFFF A0=7BF48 A1=102D9A A2=109DE6 A3=79D40 A4=102D00 A5=108000 A6=10BA1E PC=486E -- 00486E: movea.l (A0,D0.w), A0
D0=44 D1=56A D2=3A D3=0 D4=840000F D5=842184D8 D6=842184D8 D7=FFFFFFFF A0=7E1C0 A1=102D9A A2=109DE6 A3=79D40 A4=102D00 A5=108000 A6=10BA1E PC=4872 -- 004872: move.w  ($72,A4), D0
D0=0 D1=56A D2=3A D3=0 D4=840000F D5=842184D8 D6=842184D8 D7=FFFFFFFF A0=7E1C0 A1=102D9A A2=109DE6 A3=79D40 A4=102D00 A5=108000 A6=10BA1E PC=4876 -- 004876: add.w   D0, D0
D0=0 D1=56A D2=3A D3=0 D4=840000F D5=842184D8 D6=842184D8 D7=FFFFFFFF A0=7E1C0 A1=102D9A A2=109DE6 A3=79D40 A4=102D00 A5=108000 A6=10BA1E PC=4878 -- 004878: move.w  (A0,D0.w), D1
D0=0 D1=0 D2=3A D3=0 D4=840000F D5=842184D8 D6=842184D8 D7=FFFFFFFF A0=7E1C0 A1=102D9A A2=109DE6 A3=79D40 A4=102D00 A5=108000 A6=10BA1E PC=487C -- 00487C: move.w  D1, ($46de,A5)
D0=0 D1=0 D2=3A D3=0 D4=840000F D5=842184D8 D6=842184D8 D7=FFFFFFFF A0=7E1C0 A1=102D9A A2=109DE6 A3=79D40 A4=102D00 A5=108000 A6=10BA1E PC=4880 -- 004880: lea     $80000.l, A0
D0=0 D1=0 D2=3A D3=0 D4=840000F D5=842184D8 D6=842184D8 D7=FFFFFFFF A0=80000 A1=102D9A A2=109DE6 A3=79D40 A4=102D00 A5=108000 A6=10BA1E PC=4886 -- 004886: move.w  ($70,A4), D0
D0=11 D1=0 D2=3A D3=0 D4=840000F D5=842184D8 D6=842184D8 D7=FFFFFFFF A0=80000 A1=102D9A A2=109DE6 A3=79D40 A4=102D00 A5=108000 A6=10BA1E PC=488A -- 00488A: add.w   D0, D0
D0=22 D1=0 D2=3A D3=0 D4=840000F D5=842184D8 D6=842184D8 D7=FFFFFFFF A0=80000 A1=102D9A A2=109DE6 A3=79D40 A4=102D00 A5=108000 A6=10BA1E PC=488C -- 00488C: add.w   D0, D0
D0=44 D1=0 D2=3A D3=0 D4=840000F D5=842184D8 D6=842184D8 D7=FFFFFFFF A0=80000 A1=102D9A A2=109DE6 A3=79D40 A4=102D00 A5=108000 A6=10BA1E PC=488E -- 00488E: movea.l (A0,D0.w), A0
D0=44 D1=0 D2=3A D3=0 D4=840000F D5=842184D8 D6=842184D8 D7=FFFFFFFF A0=84600 A1=102D9A A2=109DE6 A3=79D40 A4=102D00 A5=108000 A6=10BA1E PC=4892 -- 004892: move.w  ($46de,A5), D0
D0=0 D1=0 D2=3A D3=0 D4=840000F D5=842184D8 D6=842184D8 D7=FFFFFFFF A0=84600 A1=102D9A A2=109DE6 A3=79D40 A4=102D00 A5=108000 A6=10BA1E PC=4896 -- 004896: tst.b   ($46e2,A5)
D0=0 D1=0 D2=3A D3=0 D4=840000F D5=842184D8 D6=842184D8 D7=FFFFFFFF A0=84600 A1=102D9A A2=109DE6 A3=79D40 A4=102D00 A5=108000 A6=10BA1E PC=489A -- 00489A: beq     $48a0
D0=0 D1=0 D2=3A D3=0 D4=840000F D5=842184D8 D6=842184D8 D7=FFFFFFFF A0=84600 A1=102D9A A2=109DE6 A3=79D40 A4=102D00 A5=108000 A6=10BA1E PC=48A0 -- 0048A0: andi.w  #$ff, D0
D0=0 D1=0 D2=3A D3=0 D4=840000F D5=842184D8 D6=842184D8 D7=FFFFFFFF A0=84600 A1=102D9A A2=109DE6 A3=79D40 A4=102D00 A5=108000 A6=10BA1E PC=48A4 -- 0048A4: add.w   D0, D0
D0=0 D1=0 D2=3A D3=0 D4=840000F D5=842184D8 D6=842184D8 D7=FFFFFFFF A0=84600 A1=102D9A A2=109DE6 A3=79D40 A4=102D00 A5=108000 A6=10BA1E PC=48A6 -- 0048A6: add.w   D0, D0
D0=0 D1=0 D2=3A D3=0 D4=840000F D5=842184D8 D6=842184D8 D7=FFFFFFFF A0=84600 A1=102D9A A2=109DE6 A3=79D40 A4=102D00 A5=108000 A6=10BA1E PC=48A8 -- 0048A8: movea.l (A0,D0.w), A0
D0=0 D1=0 D2=3A D3=0 D4=840000F D5=842184D8 D6=842184D8 D7=FFFFFFFF A0=CFCB2 A1=102D9A A2=109DE6 A3=79D40 A4=102D00 A5=108000 A6=10BA1E PC=48AC -- 0048AC: move.w  ($74,A4), D0
D0=C D1=0 D2=3A D3=0 D4=840000F D5=842184D8 D6=842184D8 D7=FFFFFFFF A0=CFCB2 A1=102D9A A2=109DE6 A3=79D40 A4=102D00 A5=108000 A6=10BA1E PC=48B0 -- 0048B0: adda.w  D0, A0
D0=C D1=0 D2=3A D3=0 D4=840000F D5=842184D8 D6=842184D8 D7=FFFFFFFF A0=CFCBE A1=102D9A A2=109DE6 A3=79D40 A4=102D00 A5=108000 A6=10BA1E PC=48B2 -- 0048B2: move.l  (A0), D0
D0=50CBB86 D1=0 D2=3A D3=0 D4=840000F D5=842184D8 D6=842184D8 D7=FFFFFFFF A0=CFCBE A1=102D9A A2=109DE6 A3=79D40 A4=102D00 A5=108000 A6=10BA1E PC=48B4 -- 0048B4: andi.l  #$ffffff, D0
D0=CBB86 D1=0 D2=3A D3=0 D4=840000F D5=842184D8 D6=842184D8 D7=FFFFFFFF A0=CFCBE A1=102D9A A2=109DE6 A3=79D40 A4=102D00 A5=108000 A6=10BA1E PC=48BA -- 0048BA: movea.l D0, A0
D0=CBB86 D1=0 D2=3A D3=0 D4=840000F D5=842184D8 D6=842184D8 D7=FFFFFFFF A0=CBB86 A1=102D9A A2=109DE6 A3=79D40 A4=102D00 A5=108000 A6=10BA1E PC=48BC -- 0048BC: move.w  ($4,A0), D0
D0=C0000 D1=0 D2=3A D3=0 D4=840000F D5=842184D8 D6=842184D8 D7=FFFFFFFF A0=CBB86 A1=102D9A A2=109DE6 A3=79D40 A4=102D00 A5=108000 A6=10BA1E PC=48C0 -- 0048C0: andi.w  #$1fff, D0
D0=C0000 D1=0 D2=3A D3=0 D4=840000F D5=842184D8 D6=842184D8 D7=FFFFFFFF A0=CBB86 A1=102D9A A2=109DE6 A3=79D40 A4=102D00 A5=108000 A6=10BA1E PC=48C4 -- 0048C4: move.w  D0, ($46e0,A5)
D0=C0000 D1=0 D2=3A D3=0 D4=840000F D5=842184D8 D6=842184D8 D7=FFFFFFFF A0=CBB86 A1=102D9A A2=109DE6 A3=79D40 A4=102D00 A5=108000 A6=10BA1E PC=48C8 -- 0048C8: lea     $80080.l, A0
D0=C0000 D1=0 D2=3A D3=0 D4=840000F D5=842184D8 D6=842184D8 D7=FFFFFFFF A0=80080 A1=102D9A A2=109DE6 A3=79D40 A4=102D00 A5=108000 A6=10BA1E PC=48CE -- 0048CE: move.w  ($70,A4), D1
D0=C0000 D1=11 D2=3A D3=0 D4=840000F D5=842184D8 D6=842184D8 D7=FFFFFFFF A0=80080 A1=102D9A A2=109DE6 A3=79D40 A4=102D00 A5=108000 A6=10BA1E PC=48D2 -- 0048D2: add.w   D1, D1
D0=C0000 D1=22 D2=3A D3=0 D4=840000F D5=842184D8 D6=842184D8 D7=FFFFFFFF A0=80080 A1=102D9A A2=109DE6 A3=79D40 A4=102D00 A5=108000 A6=10BA1E PC=48D4 -- 0048D4: add.w   D1, D1
D0=C0000 D1=44 D2=3A D3=0 D4=840000F D5=842184D8 D6=842184D8 D7=FFFFFFFF A0=80080 A1=102D9A A2=109DE6 A3=79D40 A4=102D00 A5=108000 A6=10BA1E PC=48D6 -- 0048D6: movea.l (A0,D1.w), A0
D0=C0000 D1=44 D2=3A D3=0 D4=840000F D5=842184D8 D6=842184D8 D7=FFFFFFFF A0=90200 A1=102D9A A2=109DE6 A3=79D40 A4=102D00 A5=108000 A6=10BA1E PC=48DA -- 0048DA: add.w   D0, D0
D0=C0000 D1=44 D2=3A D3=0 D4=840000F D5=842184D8 D6=842184D8 D7=FFFFFFFF A0=90200 A1=102D9A A2=109DE6 A3=79D40 A4=102D00 A5=108000 A6=10BA1E PC=48DC -- 0048DC: add.w   D0, D0
D0=C0000 D1=44 D2=3A D3=0 D4=840000F D5=842184D8 D6=842184D8 D7=FFFFFFFF A0=90200 A1=102D9A A2=109DE6 A3=79D40 A4=102D00 A5=108000 A6=10BA1E PC=48DE -- 0048DE: move.l  (A0,D0.w), ($28,A4)
D0=C0000 D1=44 D2=3A D3=0 D4=840000F D5=842184D8 D6=842184D8 D7=FFFFFFFF A0=90200 A1=102D9A A2=109DE6 A3=79D40 A4=102D00 A5=108000 A6=10BA1E PC=48E4 -- 0048E4: rts
D0=C0000 D1=44 D2=3A D3=0 D4=840000F D5=842184D8 D6=842184D8 D7=FFFFFFFF A0=90200 A1=102D9A A2=109DE6 A3=79D40 A4=102D00 A5=108000 A6=10BA1E PC=3E7C -- 003E7C: bra     $481a
D0=C0000 D1=44 D2=3A D3=0 D4=840000F D5=842184D8 D6=842184D8 D7=FFFFFFFF A0=90200 A1=102D9A A2=109DE6 A3=79D40 A4=102D00 A5=108000 A6=10BA1E PC=481A -- 00481A: addq.w  #1, ($e3a,A5)
D0=C0000 D1=44 D2=3A D3=0 D4=840000F D5=842184D8 D6=842184D8 D7=FFFFFFFF A0=90200 A1=102D9A A2=109DE6 A3=79D40 A4=102D00 A5=108000 A6=10BA1E PC=481E -- 00481E: lea     ($838,A5), A1
D0=C0000 D1=44 D2=3A D3=0 D4=840000F D5=842184D8 D6=842184D8 D7=FFFFFFFF A0=90200 A1=108838 A2=109DE6 A3=79D40 A4=102D00 A5=108000 A6=10BA1E PC=4822 -- 004822: move.w  ($2c,A4), D0
D0=C006E D1=44 D2=3A D3=0 D4=840000F D5=842184D8 D6=842184D8 D7=FFFFFFFF A0=90200 A1=108838 A2=109DE6 A3=79D40 A4=102D00 A5=108000 A6=10BA1E PC=4826 -- 004826: move.w  D0, D1
D0=C006E D1=6E D2=3A D3=0 D4=840000F D5=842184D8 D6=842184D8 D7=FFFFFFFF A0=90200 A1=108838 A2=109DE6 A3=79D40 A4=102D00 A5=108000 A6=10BA1E PC=4828 -- 004828: add.w   D1, D1
D0=C006E D1=DC D2=3A D3=0 D4=840000F D5=842184D8 D6=842184D8 D7=FFFFFFFF A0=90200 A1=108838 A2=109DE6 A3=79D40 A4=102D00 A5=108000 A6=10BA1E PC=482A -- 00482A: adda.w  D1, A1
D0=C006E D1=DC D2=3A D3=0 D4=840000F D5=842184D8 D6=842184D8 D7=FFFFFFFF A0=90200 A1=108914 A2=109DE6 A3=79D40 A4=102D00 A5=108000 A6=10BA1E PC=482C -- 00482C: cmp.w   ($e38,A5), D1
D0=C006E D1=DC D2=3A D3=0 D4=840000F D5=842184D8 D6=842184D8 D7=FFFFFFFF A0=90200 A1=108914 A2=109DE6 A3=79D40 A4=102D00 A5=108000 A6=10BA1E PC=4830 -- 004830: bhi     $4836
D0=C006E D1=DC D2=3A D3=0 D4=840000F D5=842184D8 D6=842184D8 D7=FFFFFFFF A0=90200 A1=108914 A2=109DE6 A3=79D40 A4=102D00 A5=108000 A6=10BA1E PC=4836 -- 004836: move.w  (A1)+, D1
D0=C006E D1=0 D2=3A D3=0 D4=840000F D5=842184D8 D6=842184D8 D7=FFFFFFFF A0=90200 A1=108916 A2=109DE6 A3=79D40 A4=102D00 A5=108000 A6=10BA1E PC=4838 -- 004838: beq     $485a
D0=C006E D1=0 D2=3A D3=0 D4=840000F D5=842184D8 D6=842184D8 D7=FFFFFFFF A0=90200 A1=108916 A2=109DE6 A3=79D40 A4=102D00 A5=108000 A6=10BA1E PC=485A -- 00485A: move.w  A4, (-$2,A1)
D0=C006E D1=0 D2=3A D3=0 D4=840000F D5=842184D8 D6=842184D8 D7=FFFFFFFF A0=90200 A1=108916 A2=109DE6 A3=79D40 A4=102D00 A5=108000 A6=10BA1E PC=485E -- 00485E: rts
D0=C006E D1=0 D2=3A D3=0 D4=840000F D5=842184D8 D6=842184D8 D7=FFFFFFFF A0=90200 A1=108916 A2=109DE6 A3=79D40 A4=102D00 A5=108000 A6=10BA1E PC=32B3C -- 032B3C: move.l  A4, D7
D0=C006E D1=0 D2=3A D3=0 D4=840000F D5=842184D8 D6=842184D8 D7=102D00 A0=90200 A1=108916 A2=109DE6 A3=79D40 A4=102D00 A5=108000 A6=10BA1E PC=32B3E -- 032B3E: move.w  ($4,A4), D7
D0=C006E D1=0 D2=3A D3=0 D4=840000F D5=842184D8 D6=842184D8 D7=102F00 A0=90200 A1=108916 A2=109DE6 A3=79D40 A4=102D00 A5=108000 A6=10BA1E PC=32B42 -- 032B42: bpl     $32b36
D0=C006E D1=0 D2=3A D3=0 D4=840000F D5=842184D8 D6=842184D8 D7=102F00 A0=90200 A1=108916 A2=109DE6 A3=79D40 A4=102D00 A5=108000 A6=10BA1E PC=32B36 -- 032B36: movea.l D7, A4
D0=C006E D1=0 D2=3A D3=0 D4=840000F D5=842184D8 D6=842184D8 D7=102F00 A0=90200 A1=108916 A2=109DE6 A3=79D40 A4=102F00 A5=108000 A6=10BA1E PC=32B38 -- 032B38: movea.l (A4), A0
D0=C006E D1=0 D2=3A D3=0 D4=840000F D5=842184D8 D6=842184D8 D7=102F00 A0=379A2 A1=108916 A2=109DE6 A3=79D40 A4=102F00 A5=108000 A6=10BA1E PC=32B3A -- 032B3A: jsr     (A0)
D0=C006E D1=0 D2=3A D3=0 D4=840000F D5=842184D8 D6=842184D8 D7=102F00 A0=379A2 A1=108916 A2=109DE6 A3=79D40 A4=102F00 A5=108000 A6=10BA1E PC=379A2 -- 0379A2: btst    #$0, ($cf,A4)
D0=C006E D1=0 D2=3A D3=0 D4=840000F D5=842184D8 D6=842184D8 D7=102F00 A0=379A2 A1=108916 A2=109DE6 A3=79D40 A4=102F00 A5=108000 A6=10BA1E PC=379A8 -- 0379A8: bne     $379f4
D0=C006E D1=0 D2=3A D3=0 D4=840000F D5=842184D8 D6=842184D8 D7=102F00 A0=379A2 A1=108916 A2=109DE6 A3=79D40 A4=102F00 A5=108000 A6=10BA1E PC=379AA -- 0379AA: moveq   #$0, D0
D0=0 D1=0 D2=3A D3=0 D4=840000F D5=842184D8 D6=842184D8 D7=102F00 A0=379A2 A1=108916 A2=109DE6 A3=79D40 A4=102F00 A5=108000 A6=10BA1E PC=379AC -- 0379AC: move.b  ($231,A5), D0
D0=5 D1=0 D2=3A D3=0 D4=840000F D5=842184D8 D6=842184D8 D7=102F00 A0=379A2 A1=108916 A2=109DE6 A3=79D40 A4=102F00 A5=108000 A6=10BA1E PC=379B0 -- 0379B0: move.b  ($501c,A5), ($d8,A4)
D0=5 D1=0 D2=3A D3=0 D4=840000F D5=842184D8 D6=842184D8 D7=102F00 A0=379A2 A1=108916 A2=109DE6 A3=79D40 A4=102F00 A5=108000 A6=10BA1E PC=379B6 -- 0379B6: cmpi.l  #$108100, ($84,A4)
D0=5 D1=0 D2=3A D3=0 D4=840000F D5=842184D8 D6=842184D8 D7=102F00 A0=379A2 A1=108916 A2=109DE6 A3=79D40 A4=102F00 A5=108000 A6=10BA1E PC=379BE -- 0379BE: beq     $379ca
D0=5 D1=0 D2=3A D3=0 D4=840000F D5=842184D8 D6=842184D8 D7=102F00 A0=379A2 A1=108916 A2=109DE6 A3=79D40 A4=102F00 A5=108000 A6=10BA1E PC=379C0 -- 0379C0: move.b  ($431,A5), D0
D0=6 D1=0 D2=3A D3=0 D4=840000F D5=842184D8 D6=842184D8 D7=102F00 A0=379A2 A1=108916 A2=109DE6 A3=79D40 A4=102F00 A5=108000 A6=10BA1E PC=379C4 -- 0379C4: move.b  ($501d,A5), ($d8,A4)
D0=6 D1=0 D2=3A D3=0 D4=840000F D5=842184D8 D6=842184D8 D7=102F00 A0=379A2 A1=108916 A2=109DE6 A3=79D40 A4=102F00 A5=108000 A6=10BA1E PC=379CA -- 0379CA: bsr     $3790e
D0=6 D1=0 D2=3A D3=0 D4=840000F D5=842184D8 D6=842184D8 D7=102F00 A0=379A2 A1=108916 A2=109DE6 A3=79D40 A4=102F00 A5=108000 A6=10BA1E PC=3790E -- 03790E: add.w   D0, D0
D0=C D1=0 D2=3A D3=0 D4=840000F D5=842184D8 D6=842184D8 D7=102F00 A0=379A2 A1=108916 A2=109DE6 A3=79D40 A4=102F00 A5=108000 A6=10BA1E PC=37910 -- 037910: add.w   D0, D0
D0=18 D1=0 D2=3A D3=0 D4=840000F D5=842184D8 D6=842184D8 D7=102F00 A0=379A2 A1=108916 A2=109DE6 A3=79D40 A4=102F00 A5=108000 A6=10BA1E PC=37912 -- 037912: lea     $534dc.l, A2
D0=18 D1=0 D2=3A D3=0 D4=840000F D5=842184D8 D6=842184D8 D7=102F00 A0=379A2 A1=108916 A2=534DC A3=79D40 A4=102F00 A5=108000 A6=10BA1E PC=37918 -- 037918: adda.w  D0, A2
D0=18 D1=0 D2=3A D3=0 D4=840000F D5=842184D8 D6=842184D8 D7=102F00 A0=379A2 A1=108916 A2=534F4 A3=79D40 A4=102F00 A5=108000 A6=10BA1E PC=3791A -- 03791A: rts
D0=18 D1=0 D2=3A D3=0 D4=840000F D5=842184D8 D6=842184D8 D7=102F00 A0=379A2 A1=108916 A2=534F4 A3=79D40 A4=102F00 A5=108000 A6=10BA1E PC=379CE -- 0379CE: move.w  ($d0,A4), D0
D0=2 D1=0 D2=3A D3=0 D4=840000F D5=842184D8 D6=842184D8 D7=102F00 A0=379A2 A1=108916 A2=534F4 A3=79D40 A4=102F00 A5=108000 A6=10BA1E PC=379D2 -- 0379D2: move.b  (A2,D0.w), ($71,A4)
D0=2 D1=0 D2=3A D3=0 D4=840000F D5=842184D8 D6=842184D8 D7=102F00 A0=379A2 A1=108916 A2=534F4 A3=79D40 A4=102F00 A5=108000 A6=10BA1E PC=379D8 -- 0379D8: move.b  #$ff, ($78,A4)
D0=2 D1=0 D2=3A D3=0 D4=840000F D5=842184D8 D6=842184D8 D7=102F00 A0=379A2 A1=108916 A2=534F4 A3=79D40 A4=102F00 A5=108000 A6=10BA1E PC=379DE -- 0379DE: jsr     $48e6.w
D0=2 D1=0 D2=3A D3=0 D4=840000F D5=842184D8 D6=842184D8 D7=102F00 A0=379A2 A1=108916 A2=534F4 A3=79D40 A4=102F00 A5=108000 A6=10BA1E PC=48E6 -- 0048E6: move.w  ($70,A4), D0
D0=14 D1=0 D2=3A D3=0 D4=840000F D5=842184D8 D6=842184D8 D7=102F00 A0=379A2 A1=108916 A2=534F4 A3=79D40 A4=102F00 A5=108000 A6=10BA1E PC=48EA -- 0048EA: cmp.b   ($78,A4), D0
D0=14 D1=0 D2=3A D3=0 D4=840000F D5=842184D8 D6=842184D8 D7=102F00 A0=379A2 A1=108916 A2=534F4 A3=79D40 A4=102F00 A5=108000 A6=10BA1E PC=48EE -- 0048EE: bne     $491c
D0=14 D1=0 D2=3A D3=0 D4=840000F D5=842184D8 D6=842184D8 D7=102F00 A0=379A2 A1=108916 A2=534F4 A3=79D40 A4=102F00 A5=108000 A6=10BA1E PC=491C -- 00491C: move.b  D0, ($78,A4)
D0=14 D1=0 D2=3A D3=0 D4=840000F D5=842184D8 D6=842184D8 D7=102F00 A0=379A2 A1=108916 A2=534F4 A3=79D40 A4=102F00 A5=108000 A6=10BA1E PC=4920 -- 004920: clr.w   ($74,A4)
D0=14 D1=0 D2=3A D3=0 D4=840000F D5=842184D8 D6=842184D8 D7=102F00 A0=379A2 A1=108916 A2=534F4 A3=79D40 A4=102F00 A5=108000 A6=10BA1E PC=4924 -- 004924: clr.w   ($7e,A4)
D0=14 D1=0 D2=3A D3=0 D4=840000F D5=842184D8 D6=842184D8 D7=102F00 A0=379A2 A1=108916 A2=534F4 A3=79D40 A4=102F00 A5=108000 A6=10BA1E PC=4928 -- 004928: clr.b   ($7d,A4)
D0=14 D1=0 D2=3A D3=0 D4=840000F D5=842184D8 D6=842184D8 D7=102F00 A0=379A2 A1=108916 A2=534F4 A3=79D40 A4=102F00 A5=108000 A6=10BA1E PC=492C -- 00492C: andi.w  #$efff, ($e6,A4)
D0=14 D1=0 D2=3A D3=0 D4=840000F D5=842184D8 D6=842184D8 D7=102F00 A0=379A2 A1=108916 A2=534F4 A3=79D40 A4=102F00 A5=108000 A6=10BA1E PC=4932 -- 004932: bsr     $49f8
D0=14 D1=0 D2=3A D3=0 D4=840000F D5=842184D8 D6=842184D8 D7=102F00 A0=379A2 A1=108916 A2=534F4 A3=79D40 A4=102F00 A5=108000 A6=10BA1E PC=49F8 -- 0049F8: lea     ($90,A4), A0
D0=14 D1=0 D2=3A D3=0 D4=840000F D5=842184D8 D6=842184D8 D7=102F00 A0=102F90 A1=108916 A2=534F4 A3=79D40 A4=102F00 A5=108000 A6=10BA1E PC=49FC -- 0049FC: clr.b   (A0)
D0=14 D1=0 D2=3A D3=0 D4=840000F D5=842184D8 D6=842184D8 D7=102F00 A0=102F90 A1=108916 A2=534F4 A3=79D40 A4=102F00 A5=108000 A6=10BA1E PC=49FE -- 0049FE: clr.b   ($5,A0)
D0=14 D1=0 D2=3A D3=0 D4=840000F D5=842184D8 D6=842184D8 D7=102F00 A0=102F90 A1=108916 A2=534F4 A3=79D40 A4=102F00 A5=108000 A6=10BA1E PC=4A02 -- 004A02: clr.b   ($a,A0)
D0=14 D1=0 D2=3A D3=0 D4=840000F D5=842184D8 D6=842184D8 D7=102F00 A0=102F90 A1=108916 A2=534F4 A3=79D40 A4=102F00 A5=108000 A6=10BA1E PC=4A06 -- 004A06: clr.b   ($f,A0)
D0=14 D1=0 D2=3A D3=0 D4=840000F D5=842184D8 D6=842184D8 D7=102F00 A0=102F90 A1=108916 A2=534F4 A3=79D40 A4=102F00 A5=108000 A6=10BA1E PC=4A0A -- 004A0A: rts
D0=14 D1=0 D2=3A D3=0 D4=840000F D5=842184D8 D6=842184D8 D7=102F00 A0=102F90 A1=108916 A2=534F4 A3=79D40 A4=102F00 A5=108000 A6=10BA1E PC=4936 -- 004936: bsr     $4962
D0=14 D1=0 D2=3A D3=0 D4=840000F D5=842184D8 D6=842184D8 D7=102F00 A0=102F90 A1=108916 A2=534F4 A3=79D40 A4=102F00 A5=108000 A6=10BA1E PC=4962 -- 004962: lea     $7bf48.l, A0
D0=14 D1=0 D2=3A D3=0 D4=840000F D5=842184D8 D6=842184D8 D7=102F00 A0=7BF48 A1=108916 A2=534F4 A3=79D40 A4=102F00 A5=108000 A6=10BA1E PC=4968 -- 004968: move.w  ($70,A4), D0
D0=14 D1=0 D2=3A D3=0 D4=840000F D5=842184D8 D6=842184D8 D7=102F00 A0=7BF48 A1=108916 A2=534F4 A3=79D40 A4=102F00 A5=108000 A6=10BA1E PC=496C -- 00496C: add.w   D0, D0
D0=28 D1=0 D2=3A D3=0 D4=840000F D5=842184D8 D6=842184D8 D7=102F00 A0=7BF48 A1=108916 A2=534F4 A3=79D40 A4=102F00 A5=108000 A6=10BA1E PC=496E -- 00496E: add.w   D0, D0
D0=50 D1=0 D2=3A D3=0 D4=840000F D5=842184D8 D6=842184D8 D7=102F00 A0=7BF48 A1=108916 A2=534F4 A3=79D40 A4=102F00 A5=108000 A6=10BA1E PC=4970 -- 004970: movea.l (A0,D0.w), A0
D0=50 D1=0 D2=3A D3=0 D4=840000F D5=842184D8 D6=842184D8 D7=102F00 A0=7E7C0 A1=108916 A2=534F4 A3=79D40 A4=102F00 A5=108000 A6=10BA1E PC=4974 -- 004974: move.w  ($72,A4), D0
D0=0 D1=0 D2=3A D3=0 D4=840000F D5=842184D8 D6=842184D8 D7=102F00 A0=7E7C0 A1=108916 A2=534F4 A3=79D40 A4=102F00 A5=108000 A6=10BA1E PC=4978 -- 004978: add.w   D0, D0
D0=0 D1=0 D2=3A D3=0 D4=840000F D5=842184D8 D6=842184D8 D7=102F00 A0=7E7C0 A1=108916 A2=534F4 A3=79D40 A4=102F00 A5=108000 A6=10BA1E PC=497A -- 00497A: move.w  (A0,D0.w), ($46de,A5)
D0=0 D1=0 D2=3A D3=0 D4=840000F D5=842184D8 D6=842184D8 D7=102F00 A0=7E7C0 A1=108916 A2=534F4 A3=79D40 A4=102F00 A5=108000 A6=10BA1E PC=4980 -- 004980: lea     $80000.l, A0
D0=0 D1=0 D2=3A D3=0 D4=840000F D5=842184D8 D6=842184D8 D7=102F00 A0=80000 A1=108916 A2=534F4 A3=79D40 A4=102F00 A5=108000 A6=10BA1E PC=4986 -- 004986: move.w  ($70,A4), D0
D0=14 D1=0 D2=3A D3=0 D4=840000F D5=842184D8 D6=842184D8 D7=102F00 A0=80000 A1=108916 A2=534F4 A3=79D40 A4=102F00 A5=108000 A6=10BA1E PC=498A -- 00498A: add.w   D0, D0
D0=28 D1=0 D2=3A D3=0 D4=840000F D5=842184D8 D6=842184D8 D7=102F00 A0=80000 A1=108916 A2=534F4 A3=79D40 A4=102F00 A5=108000 A6=10BA1E PC=498C -- 00498C: add.w   D0, D0
D0=50 D1=0 D2=3A D3=0 D4=840000F D5=842184D8 D6=842184D8 D7=102F00 A0=80000 A1=108916 A2=534F4 A3=79D40 A4=102F00 A5=108000 A6=10BA1E PC=498E -- 00498E: movea.l (A0,D0.w), A0
D0=50 D1=0 D2=3A D3=0 D4=840000F D5=842184D8 D6=842184D8 D7=102F00 A0=85200 A1=108916 A2=534F4 A3=79D40 A4=102F00 A5=108000 A6=10BA1E PC=4992 -- 004992: move.w  ($46de,A5), D0
D0=0 D1=0 D2=3A D3=0 D4=840000F D5=842184D8 D6=842184D8 D7=102F00 A0=85200 A1=108916 A2=534F4 A3=79D40 A4=102F00 A5=108000 A6=10BA1E PC=4996 -- 004996: tst.b   ($46e2,A5)
D0=0 D1=0 D2=3A D3=0 D4=840000F D5=842184D8 D6=842184D8 D7=102F00 A0=85200 A1=108916 A2=534F4 A3=79D40 A4=102F00 A5=108000 A6=10BA1E PC=499A -- 00499A: beq     $49a0
D0=0 D1=0 D2=3A D3=0 D4=840000F D5=842184D8 D6=842184D8 D7=102F00 A0=85200 A1=108916 A2=534F4 A3=79D40 A4=102F00 A5=108000 A6=10BA1E PC=49A0 -- 0049A0: andi.w  #$ff, D0
D0=0 D1=0 D2=3A D3=0 D4=840000F D5=842184D8 D6=842184D8 D7=102F00 A0=85200 A1=108916 A2=534F4 A3=79D40 A4=102F00 A5=108000 A6=10BA1E PC=49A4 -- 0049A4: add.w   D0, D0
D0=0 D1=0 D2=3A D3=0 D4=840000F D5=842184D8 D6=842184D8 D7=102F00 A0=85200 A1=108916 A2=534F4 A3=79D40 A4=102F00 A5=108000 A6=10BA1E PC=49A6 -- 0049A6: add.w   D0, D0
D0=0 D1=0 D2=3A D3=0 D4=840000F D5=842184D8 D6=842184D8 D7=102F00 A0=85200 A1=108916 A2=534F4 A3=79D40 A4=102F00 A5=108000 A6=10BA1E PC=49A8 -- 0049A8: movea.l (A0,D0.w), A0
D0=0 D1=0 D2=3A D3=0 D4=840000F D5=842184D8 D6=842184D8 D7=102F00 A0=D9208 A1=108916 A2=534F4 A3=79D40 A4=102F00 A5=108000 A6=10BA1E PC=49AC -- 0049AC: move.w  ($74,A4), D0
D0=0 D1=0 D2=3A D3=0 D4=840000F D5=842184D8 D6=842184D8 D7=102F00 A0=D9208 A1=108916 A2=534F4 A3=79D40 A4=102F00 A5=108000 A6=10BA1E PC=49B0 -- 0049B0: adda.w  D0, A0
D0=0 D1=0 D2=3A D3=0 D4=840000F D5=842184D8 D6=842184D8 D7=102F00 A0=D9208 A1=108916 A2=534F4 A3=79D40 A4=102F00 A5=108000 A6=10BA1E PC=49B2 -- 0049B2: move.b  (A0), ($76,A4)
D0=0 D1=0 D2=3A D3=0 D4=840000F D5=842184D8 D6=842184D8 D7=102F00 A0=D9208 A1=108916 A2=534F4 A3=79D40 A4=102F00 A5=108000 A6=10BA1E PC=49B6 -- 0049B6: bmi     $4a22
D0=0 D1=0 D2=3A D3=0 D4=840000F D5=842184D8 D6=842184D8 D7=102F00 A0=D9208 A1=108916 A2=534F4 A3=79D40 A4=102F00 A5=108000 A6=10BA1E PC=4A22 -- 004A22: addq.w  #6, ($74,A4)
D0=0 D1=0 D2=3A D3=0 D4=840000F D5=842184D8 D6=842184D8 D7=102F00 A0=D9208 A1=108916 A2=534F4 A3=79D40 A4=102F00 A5=108000 A6=10BA1E PC=4A26 -- 004A26: moveq   #$0, D0
D0=0 D1=0 D2=3A D3=0 D4=840000F D5=842184D8 D6=842184D8 D7=102F00 A0=D9208 A1=108916 A2=534F4 A3=79D40 A4=102F00 A5=108000 A6=10BA1E PC=4A28 -- 004A28: move.b  (A0), D0
D0=FD D1=0 D2=3A D3=0 D4=840000F D5=842184D8 D6=842184D8 D7=102F00 A0=D9208 A1=108916 A2=534F4 A3=79D40 A4=102F00 A5=108000 A6=10BA1E PC=4A2A -- 004A2A: neg.b   D0
D0=3 D1=0 D2=3A D3=0 D4=840000F D5=842184D8 D6=842184D8 D7=102F00 A0=D9208 A1=108916 A2=534F4 A3=79D40 A4=102F00 A5=108000 A6=10BA1E PC=4A2C -- 004A2C: subq.b  #1, D0
D0=2 D1=0 D2=3A D3=0 D4=840000F D5=842184D8 D6=842184D8 D7=102F00 A0=D9208 A1=108916 A2=534F4 A3=79D40 A4=102F00 A5=108000 A6=10BA1E PC=4A2E -- 004A2E: add.w   D0, D0
D0=4 D1=0 D2=3A D3=0 D4=840000F D5=842184D8 D6=842184D8 D7=102F00 A0=D9208 A1=108916 A2=534F4 A3=79D40 A4=102F00 A5=108000 A6=10BA1E PC=4A30 -- 004A30: add.w   D0, D0
D0=8 D1=0 D2=3A D3=0 D4=840000F D5=842184D8 D6=842184D8 D7=102F00 A0=D9208 A1=108916 A2=534F4 A3=79D40 A4=102F00 A5=108000 A6=10BA1E PC=4A32 -- 004A32: lea     ($e,PC) ; ($4a42), A1
D0=8 D1=0 D2=3A D3=0 D4=840000F D5=842184D8 D6=842184D8 D7=102F00 A0=D9208 A1=4A42 A2=534F4 A3=79D40 A4=102F00 A5=108000 A6=10BA1E PC=4A36 -- 004A36: nop
D0=8 D1=0 D2=3A D3=0 D4=840000F D5=842184D8 D6=842184D8 D7=102F00 A0=D9208 A1=4A42 A2=534F4 A3=79D40 A4=102F00 A5=108000 A6=10BA1E PC=4A38 -- 004A38: movea.l (A1,D0.w), A1
D0=8 D1=0 D2=3A D3=0 D4=840000F D5=842184D8 D6=842184D8 D7=102F00 A0=D9208 A1=4A74 A2=534F4 A3=79D40 A4=102F00 A5=108000 A6=10BA1E PC=4A3C -- 004A3C: jsr     (A1)
D0=8 D1=0 D2=3A D3=0 D4=840000F D5=842184D8 D6=842184D8 D7=102F00 A0=D9208 A1=4A74 A2=534F4 A3=79D40 A4=102F00 A5=108000 A6=10BA1E PC=4A74 -- 004A74: addq.l  #1, A0
D0=8 D1=0 D2=3A D3=0 D4=840000F D5=842184D8 D6=842184D8 D7=102F00 A0=D9209 A1=4A74 A2=534F4 A3=79D40 A4=102F00 A5=108000 A6=10BA1E PC=4A76 -- 004A76: move.b  (A0)+, D0
D0=30 D1=0 D2=3A D3=0 D4=840000F D5=842184D8 D6=842184D8 D7=102F00 A0=D920A A1=4A74 A2=534F4 A3=79D40 A4=102F00 A5=108000 A6=10BA1E PC=4A78 -- 004A78: move.b  D0, D1
D0=30 D1=30 D2=3A D3=0 D4=840000F D5=842184D8 D6=842184D8 D7=102F00 A0=D920A A1=4A74 A2=534F4 A3=79D40 A4=102F00 A5=108000 A6=10BA1E PC=4A7A -- 004A7A: andi.w  #$f, D1
D0=30 D1=0 D2=3A D3=0 D4=840000F D5=842184D8 D6=842184D8 D7=102F00 A0=D920A A1=4A74 A2=534F4 A3=79D40 A4=102F00 A5=108000 A6=10BA1E PC=4A7E -- 004A7E: lea     ($90,A4), A1
D0=30 D1=0 D2=3A D3=0 D4=840000F D5=842184D8 D6=842184D8 D7=102F00 A0=D920A A1=102F90 A2=534F4 A3=79D40 A4=102F00 A5=108000 A6=10BA1E PC=4A82 -- 004A82: mulu.w  #$5, D1
D0=30 D1=0 D2=3A D3=0 D4=840000F D5=842184D8 D6=842184D8 D7=102F00 A0=D920A A1=102F90 A2=534F4 A3=79D40 A4=102F00 A5=108000 A6=10BA1E PC=4A86 -- 004A86: adda.l  D1, A1
D0=30 D1=0 D2=3A D3=0 D4=840000F D5=842184D8 D6=842184D8 D7=102F00 A0=D920A A1=102F90 A2=534F4 A3=79D40 A4=102F00 A5=108000 A6=10BA1E PC=4A88 -- 004A88: lsr.b   #4, D0
D0=3 D1=0 D2=3A D3=0 D4=840000F D5=842184D8 D6=842184D8 D7=102F00 A0=D920A A1=102F90 A2=534F4 A3=79D40 A4=102F00 A5=108000 A6=10BA1E PC=4A8A -- 004A8A: move.b  D0, (A1)+
D0=3 D1=0 D2=3A D3=0 D4=840000F D5=842184D8 D6=842184D8 D7=102F00 A0=D920A A1=102F91 A2=534F4 A3=79D40 A4=102F00 A5=108000 A6=10BA1E PC=4A8C -- 004A8C: move.b  (A0)+, (A1)+
D0=3 D1=0 D2=3A D3=0 D4=840000F D5=842184D8 D6=842184D8 D7=102F00 A0=D920B A1=102F92 A2=534F4 A3=79D40 A4=102F00 A5=108000 A6=10BA1E PC=4A8E -- 004A8E: move.b  (A0)+, (A1)+
D0=3 D1=0 D2=3A D3=0 D4=840000F D5=842184D8 D6=842184D8 D7=102F00 A0=D920C A1=102F93 A2=534F4 A3=79D40 A4=102F00 A5=108000 A6=10BA1E PC=4A90 -- 004A90: move.b  (A0)+, (A1)+
D0=3 D1=0 D2=3A D3=0 D4=840000F D5=842184D8 D6=842184D8 D7=102F00 A0=D920D A1=102F94 A2=534F4 A3=79D40 A4=102F00 A5=108000 A6=10BA1E PC=4A92 -- 004A92: move.b  (A0), (A1)+
D0=3 D1=0 D2=3A D3=0 D4=840000F D5=842184D8 D6=842184D8 D7=102F00 A0=D920D A1=102F95 A2=534F4 A3=79D40 A4=102F00 A5=108000 A6=10BA1E PC=4A94 -- 004A94: rts
D0=3 D1=0 D2=3A D3=0 D4=840000F D5=842184D8 D6=842184D8 D7=102F00 A0=D920D A1=102F95 A2=534F4 A3=79D40 A4=102F00 A5=108000 A6=10BA1E PC=4A3E -- 004A3E: bra     $4962
D0=3 D1=0 D2=3A D3=0 D4=840000F D5=842184D8 D6=842184D8 D7=102F00 A0=D920D A1=102F95 A2=534F4 A3=79D40 A4=102F00 A5=108000 A6=10BA1E PC=4962 -- 004962: lea     $7bf48.l, A0
D0=3 D1=0 D2=3A D3=0 D4=840000F D5=842184D8 D6=842184D8 D7=102F00 A0=7BF48 A1=102F95 A2=534F4 A3=79D40 A4=102F00 A5=108000 A6=10BA1E PC=4968 -- 004968: move.w  ($70,A4), D0
D0=14 D1=0 D2=3A D3=0 D4=840000F D5=842184D8 D6=842184D8 D7=102F00 A0=7BF48 A1=102F95 A2=534F4 A3=79D40 A4=102F00 A5=108000 A6=10BA1E PC=496C -- 00496C: add.w   D0, D0
D0=28 D1=0 D2=3A D3=0 D4=840000F D5=842184D8 D6=842184D8 D7=102F00 A0=7BF48 A1=102F95 A2=534F4 A3=79D40 A4=102F00 A5=108000 A6=10BA1E PC=496E -- 00496E: add.w   D0, D0
D0=50 D1=0 D2=3A D3=0 D4=840000F D5=842184D8 D6=842184D8 D7=102F00 A0=7BF48 A1=102F95 A2=534F4 A3=79D40 A4=102F00 A5=108000 A6=10BA1E PC=4970 -- 004970: movea.l (A0,D0.w), A0
D0=50 D1=0 D2=3A D3=0 D4=840000F D5=842184D8 D6=842184D8 D7=102F00 A0=7E7C0 A1=102F95 A2=534F4 A3=79D40 A4=102F00 A5=108000 A6=10BA1E PC=4974 -- 004974: move.w  ($72,A4), D0
D0=0 D1=0 D2=3A D3=0 D4=840000F D5=842184D8 D6=842184D8 D7=102F00 A0=7E7C0 A1=102F95 A2=534F4 A3=79D40 A4=102F00 A5=108000 A6=10BA1E PC=4978 -- 004978: add.w   D0, D0
D0=0 D1=0 D2=3A D3=0 D4=840000F D5=842184D8 D6=842184D8 D7=102F00 A0=7E7C0 A1=102F95 A2=534F4 A3=79D40 A4=102F00 A5=108000 A6=10BA1E PC=497A -- 00497A: move.w  (A0,D0.w), ($46de,A5)
D0=0 D1=0 D2=3A D3=0 D4=840000F D5=842184D8 D6=842184D8 D7=102F00 A0=7E7C0 A1=102F95 A2=534F4 A3=79D40 A4=102F00 A5=108000 A6=10BA1E PC=4980 -- 004980: lea     $80000.l, A0
D0=0 D1=0 D2=3A D3=0 D4=840000F D5=842184D8 D6=842184D8 D7=102F00 A0=80000 A1=102F95 A2=534F4 A3=79D40 A4=102F00 A5=108000 A6=10BA1E PC=4986 -- 004986: move.w  ($70,A4), D0
D0=14 D1=0 D2=3A D3=0 D4=840000F D5=842184D8 D6=842184D8 D7=102F00 A0=80000 A1=102F95 A2=534F4 A3=79D40 A4=102F00 A5=108000 A6=10BA1E PC=498A -- 00498A: add.w   D0, D0
D0=28 D1=0 D2=3A D3=0 D4=840000F D5=842184D8 D6=842184D8 D7=102F00 A0=80000 A1=102F95 A2=534F4 A3=79D40 A4=102F00 A5=108000 A6=10BA1E PC=498C -- 00498C: add.w   D0, D0
D0=50 D1=0 D2=3A D3=0 D4=840000F D5=842184D8 D6=842184D8 D7=102F00 A0=80000 A1=102F95 A2=534F4 A3=79D40 A4=102F00 A5=108000 A6=10BA1E PC=498E -- 00498E: movea.l (A0,D0.w), A0
D0=50 D1=0 D2=3A D3=0 D4=840000F D5=842184D8 D6=842184D8 D7=102F00 A0=85200 A1=102F95 A2=534F4 A3=79D40 A4=102F00 A5=108000 A6=10BA1E PC=4992 -- 004992: move.w  ($46de,A5), D0
D0=0 D1=0 D2=3A D3=0 D4=840000F D5=842184D8 D6=842184D8 D7=102F00 A0=85200 A1=102F95 A2=534F4 A3=79D40 A4=102F00 A5=108000 A6=10BA1E PC=4996 -- 004996: tst.b   ($46e2,A5)
D0=0 D1=0 D2=3A D3=0 D4=840000F D5=842184D8 D6=842184D8 D7=102F00 A0=85200 A1=102F95 A2=534F4 A3=79D40 A4=102F00 A5=108000 A6=10BA1E PC=499A -- 00499A: beq     $49a0
D0=0 D1=0 D2=3A D3=0 D4=840000F D5=842184D8 D6=842184D8 D7=102F00 A0=85200 A1=102F95 A2=534F4 A3=79D40 A4=102F00 A5=108000 A6=10BA1E PC=49A0 -- 0049A0: andi.w  #$ff, D0
D0=0 D1=0 D2=3A D3=0 D4=840000F D5=842184D8 D6=842184D8 D7=102F00 A0=85200 A1=102F95 A2=534F4 A3=79D40 A4=102F00 A5=108000 A6=10BA1E PC=49A4 -- 0049A4: add.w   D0, D0
D0=0 D1=0 D2=3A D3=0 D4=840000F D5=842184D8 D6=842184D8 D7=102F00 A0=85200 A1=102F95 A2=534F4 A3=79D40 A4=102F00 A5=108000 A6=10BA1E PC=49A6 -- 0049A6: add.w   D0, D0
D0=0 D1=0 D2=3A D3=0 D4=840000F D5=842184D8 D6=842184D8 D7=102F00 A0=85200 A1=102F95 A2=534F4 A3=79D40 A4=102F00 A5=108000 A6=10BA1E PC=49A8 -- 0049A8: movea.l (A0,D0.w), A0
D0=0 D1=0 D2=3A D3=0 D4=840000F D5=842184D8 D6=842184D8 D7=102F00 A0=D9208 A1=102F95 A2=534F4 A3=79D40 A4=102F00 A5=108000 A6=10BA1E PC=49AC -- 0049AC: move.w  ($74,A4), D0
D0=6 D1=0 D2=3A D3=0 D4=840000F D5=842184D8 D6=842184D8 D7=102F00 A0=D9208 A1=102F95 A2=534F4 A3=79D40 A4=102F00 A5=108000 A6=10BA1E PC=49B0 -- 0049B0: adda.w  D0, A0
D0=6 D1=0 D2=3A D3=0 D4=840000F D5=842184D8 D6=842184D8 D7=102F00 A0=D920E A1=102F95 A2=534F4 A3=79D40 A4=102F00 A5=108000 A6=10BA1E PC=49B2 -- 0049B2: move.b  (A0), ($76,A4)
D0=6 D1=0 D2=3A D3=0 D4=840000F D5=842184D8 D6=842184D8 D7=102F00 A0=D920E A1=102F95 A2=534F4 A3=79D40 A4=102F00 A5=108000 A6=10BA1E PC=49B6 -- 0049B6: bmi     $4a22
D0=6 D1=0 D2=3A D3=0 D4=840000F D5=842184D8 D6=842184D8 D7=102F00 A0=D920E A1=102F95 A2=534F4 A3=79D40 A4=102F00 A5=108000 A6=10BA1E PC=4A22 -- 004A22: addq.w  #6, ($74,A4)
D0=6 D1=0 D2=3A D3=0 D4=840000F D5=842184D8 D6=842184D8 D7=102F00 A0=D920E A1=102F95 A2=534F4 A3=79D40 A4=102F00 A5=108000 A6=10BA1E PC=4A26 -- 004A26: moveq   #$0, D0
D0=0 D1=0 D2=3A D3=0 D4=840000F D5=842184D8 D6=842184D8 D7=102F00 A0=D920E A1=102F95 A2=534F4 A3=79D40 A4=102F00 A5=108000 A6=10BA1E PC=4A28 -- 004A28: move.b  (A0), D0
D0=FD D1=0 D2=3A D3=0 D4=840000F D5=842184D8 D6=842184D8 D7=102F00 A0=D920E A1=102F95 A2=534F4 A3=79D40 A4=102F00 A5=108000 A6=10BA1E PC=4A2A -- 004A2A: neg.b   D0
D0=3 D1=0 D2=3A D3=0 D4=840000F D5=842184D8 D6=842184D8 D7=102F00 A0=D920E A1=102F95 A2=534F4 A3=79D40 A4=102F00 A5=108000 A6=10BA1E PC=4A2C -- 004A2C: subq.b  #1, D0
D0=2 D1=0 D2=3A D3=0 D4=840000F D5=842184D8 D6=842184D8 D7=102F00 A0=D920E A1=102F95 A2=534F4 A3=79D40 A4=102F00 A5=108000 A6=10BA1E PC=4A2E -- 004A2E: add.w   D0, D0
D0=4 D1=0 D2=3A D3=0 D4=840000F D5=842184D8 D6=842184D8 D7=102F00 A0=D920E A1=102F95 A2=534F4 A3=79D40 A4=102F00 A5=108000 A6=10BA1E PC=4A30 -- 004A30: add.w   D0, D0
D0=8 D1=0 D2=3A D3=0 D4=840000F D5=842184D8 D6=842184D8 D7=102F00 A0=D920E A1=102F95 A2=534F4 A3=79D40 A4=102F00 A5=108000 A6=10BA1E PC=4A32 -- 004A32: lea     ($e,PC) ; ($4a42), A1
D0=8 D1=0 D2=3A D3=0 D4=840000F D5=842184D8 D6=842184D8 D7=102F00 A0=D920E A1=4A42 A2=534F4 A3=79D40 A4=102F00 A5=108000 A6=10BA1E PC=4A36 -- 004A36: nop
D0=8 D1=0 D2=3A D3=0 D4=840000F D5=842184D8 D6=842184D8 D7=102F00 A0=D920E A1=4A42 A2=534F4 A3=79D40 A4=102F00 A5=108000 A6=10BA1E PC=4A38 -- 004A38: movea.l (A1,D0.w), A1
D0=8 D1=0 D2=3A D3=0 D4=840000F D5=842184D8 D6=842184D8 D7=102F00 A0=D920E A1=4A74 A2=534F4 A3=79D40 A4=102F00 A5=108000 A6=10BA1E PC=4A3C -- 004A3C: jsr     (A1)
D0=8 D1=0 D2=3A D3=0 D4=840000F D5=842184D8 D6=842184D8 D7=102F00 A0=D920E A1=4A74 A2=534F4 A3=79D40 A4=102F00 A5=108000 A6=10BA1E PC=4A74 -- 004A74: addq.l  #1, A0
D0=8 D1=0 D2=3A D3=0 D4=840000F D5=842184D8 D6=842184D8 D7=102F00 A0=D920F A1=4A74 A2=534F4 A3=79D40 A4=102F00 A5=108000 A6=10BA1E PC=4A76 -- 004A76: move.b  (A0)+, D0
D0=41 D1=0 D2=3A D3=0 D4=840000F D5=842184D8 D6=842184D8 D7=102F00 A0=D9210 A1=4A74 A2=534F4 A3=79D40 A4=102F00 A5=108000 A6=10BA1E PC=4A78 -- 004A78: move.b  D0, D1
D0=41 D1=41 D2=3A D3=0 D4=840000F D5=842184D8 D6=842184D8 D7=102F00 A0=D9210 A1=4A74 A2=534F4 A3=79D40 A4=102F00 A5=108000 A6=10BA1E PC=4A7A -- 004A7A: andi.w  #$f, D1
D0=41 D1=1 D2=3A D3=0 D4=840000F D5=842184D8 D6=842184D8 D7=102F00 A0=D9210 A1=4A74 A2=534F4 A3=79D40 A4=102F00 A5=108000 A6=10BA1E PC=4A7E -- 004A7E: lea     ($90,A4), A1
D0=41 D1=1 D2=3A D3=0 D4=840000F D5=842184D8 D6=842184D8 D7=102F00 A0=D9210 A1=102F90 A2=534F4 A3=79D40 A4=102F00 A5=108000 A6=10BA1E PC=4A82 -- 004A82: mulu.w  #$5, D1
D0=41 D1=5 D2=3A D3=0 D4=840000F D5=842184D8 D6=842184D8 D7=102F00 A0=D9210 A1=102F90 A2=534F4 A3=79D40 A4=102F00 A5=108000 A6=10BA1E PC=4A86 -- 004A86: adda.l  D1, A1
D0=41 D1=5 D2=3A D3=0 D4=840000F D5=842184D8 D6=842184D8 D7=102F00 A0=D9210 A1=102F95 A2=534F4 A3=79D40 A4=102F00 A5=108000 A6=10BA1E PC=4A88 -- 004A88: lsr.b   #4, D0
D0=4 D1=5 D2=3A D3=0 D4=840000F D5=842184D8 D6=842184D8 D7=102F00 A0=D9210 A1=102F95 A2=534F4 A3=79D40 A4=102F00 A5=108000 A6=10BA1E PC=4A8A -- 004A8A: move.b  D0, (A1)+
D0=4 D1=5 D2=3A D3=0 D4=840000F D5=842184D8 D6=842184D8 D7=102F00 A0=D9210 A1=102F96 A2=534F4 A3=79D40 A4=102F00 A5=108000 A6=10BA1E PC=4A8C -- 004A8C: move.b  (A0)+, (A1)+
D0=4 D1=5 D2=3A D3=0 D4=840000F D5=842184D8 D6=842184D8 D7=102F00 A0=D9211 A1=102F97 A2=534F4 A3=79D40 A4=102F00 A5=108000 A6=10BA1E PC=4A8E -- 004A8E: move.b  (A0)+, (A1)+
D0=4 D1=5 D2=3A D3=0 D4=840000F D5=842184D8 D6=842184D8 D7=102F00 A0=D9212 A1=102F98 A2=534F4 A3=79D40 A4=102F00 A5=108000 A6=10BA1E PC=4A90 -- 004A90: move.b  (A0)+, (A1)+
D0=4 D1=5 D2=3A D3=0 D4=840000F D5=842184D8 D6=842184D8 D7=102F00 A0=D9213 A1=102F99 A2=534F4 A3=79D40 A4=102F00 A5=108000 A6=10BA1E PC=4A92 -- 004A92: move.b  (A0), (A1)+
D0=4 D1=5 D2=3A D3=0 D4=840000F D5=842184D8 D6=842184D8 D7=102F00 A0=D9213 A1=102F9A A2=534F4 A3=79D40 A4=102F00 A5=108000 A6=10BA1E PC=4A94 -- 004A94: rts
D0=4 D1=5 D2=3A D3=0 D4=840000F D5=842184D8 D6=842184D8 D7=102F00 A0=D9213 A1=102F9A A2=534F4 A3=79D40 A4=102F00 A5=108000 A6=10BA1E PC=4A3E -- 004A3E: bra     $4962
D0=4 D1=5 D2=3A D3=0 D4=840000F D5=842184D8 D6=842184D8 D7=102F00 A0=D9213 A1=102F9A A2=534F4 A3=79D40 A4=102F00 A5=108000 A6=10BA1E PC=4962 -- 004962: lea     $7bf48.l, A0
D0=4 D1=5 D2=3A D3=0 D4=840000F D5=842184D8 D6=842184D8 D7=102F00 A0=7BF48 A1=102F9A A2=534F4 A3=79D40 A4=102F00 A5=108000 A6=10BA1E PC=4968 -- 004968: move.w  ($70,A4), D0
D0=14 D1=5 D2=3A D3=0 D4=840000F D5=842184D8 D6=842184D8 D7=102F00 A0=7BF48 A1=102F9A A2=534F4 A3=79D40 A4=102F00 A5=108000 A6=10BA1E PC=496C -- 00496C: add.w   D0, D0
D0=28 D1=5 D2=3A D3=0 D4=840000F D5=842184D8 D6=842184D8 D7=102F00 A0=7BF48 A1=102F9A A2=534F4 A3=79D40 A4=102F00 A5=108000 A6=10BA1E PC=496E -- 00496E: add.w   D0, D0
D0=50 D1=5 D2=3A D3=0 D4=840000F D5=842184D8 D6=842184D8 D7=102F00 A0=7BF48 A1=102F9A A2=534F4 A3=79D40 A4=102F00 A5=108000 A6=10BA1E PC=4970 -- 004970: movea.l (A0,D0.w), A0
D0=50 D1=5 D2=3A D3=0 D4=840000F D5=842184D8 D6=842184D8 D7=102F00 A0=7E7C0 A1=102F9A A2=534F4 A3=79D40 A4=102F00 A5=108000 A6=10BA1E PC=4974 -- 004974: move.w  ($72,A4), D0
D0=0 D1=5 D2=3A D3=0 D4=840000F D5=842184D8 D6=842184D8 D7=102F00 A0=7E7C0 A1=102F9A A2=534F4 A3=79D40 A4=102F00 A5=108000 A6=10BA1E PC=4978 -- 004978: add.w   D0, D0
D0=0 D1=5 D2=3A D3=0 D4=840000F D5=842184D8 D6=842184D8 D7=102F00 A0=7E7C0 A1=102F9A A2=534F4 A3=79D40 A4=102F00 A5=108000 A6=10BA1E PC=497A -- 00497A: move.w  (A0,D0.w), ($46de,A5)
D0=0 D1=5 D2=3A D3=0 D4=840000F D5=842184D8 D6=842184D8 D7=102F00 A0=7E7C0 A1=102F9A A2=534F4 A3=79D40 A4=102F00 A5=108000 A6=10BA1E PC=4980 -- 004980: lea     $80000.l, A0
D0=0 D1=5 D2=3A D3=0 D4=840000F D5=842184D8 D6=842184D8 D7=102F00 A0=80000 A1=102F9A A2=534F4 A3=79D40 A4=102F00 A5=108000 A6=10BA1E PC=4986 -- 004986: move.w  ($70,A4), D0
D0=14 D1=5 D2=3A D3=0 D4=840000F D5=842184D8 D6=842184D8 D7=102F00 A0=80000 A1=102F9A A2=534F4 A3=79D40 A4=102F00 A5=108000 A6=10BA1E PC=498A -- 00498A: add.w   D0, D0
D0=28 D1=5 D2=3A D3=0 D4=840000F D5=842184D8 D6=842184D8 D7=102F00 A0=80000 A1=102F9A A2=534F4 A3=79D40 A4=102F00 A5=108000 A6=10BA1E PC=498C -- 00498C: add.w   D0, D0
D0=50 D1=5 D2=3A D3=0 D4=840000F D5=842184D8 D6=842184D8 D7=102F00 A0=80000 A1=102F9A A2=534F4 A3=79D40 A4=102F00 A5=108000 A6=10BA1E PC=498E -- 00498E: movea.l (A0,D0.w), A0
D0=50 D1=5 D2=3A D3=0 D4=840000F D5=842184D8 D6=842184D8 D7=102F00 A0=85200 A1=102F9A A2=534F4 A3=79D40 A4=102F00 A5=108000 A6=10BA1E PC=4992 -- 004992: move.w  ($46de,A5), D0
D0=0 D1=5 D2=3A D3=0 D4=840000F D5=842184D8 D6=842184D8 D7=102F00 A0=85200 A1=102F9A A2=534F4 A3=79D40 A4=102F00 A5=108000 A6=10BA1E PC=4996 -- 004996: tst.b   ($46e2,A5)
D0=0 D1=5 D2=3A D3=0 D4=840000F D5=842184D8 D6=842184D8 D7=102F00 A0=85200 A1=102F9A A2=534F4 A3=79D40 A4=102F00 A5=108000 A6=10BA1E PC=499A -- 00499A: beq     $49a0
D0=0 D1=5 D2=3A D3=0 D4=840000F D5=842184D8 D6=842184D8 D7=102F00 A0=85200 A1=102F9A A2=534F4 A3=79D40 A4=102F00 A5=108000 A6=10BA1E PC=49A0 -- 0049A0: andi.w  #$ff, D0
D0=0 D1=5 D2=3A D3=0 D4=840000F D5=842184D8 D6=842184D8 D7=102F00 A0=85200 A1=102F9A A2=534F4 A3=79D40 A4=102F00 A5=108000 A6=10BA1E PC=49A4 -- 0049A4: add.w   D0, D0
D0=0 D1=5 D2=3A D3=0 D4=840000F D5=842184D8 D6=842184D8 D7=102F00 A0=85200 A1=102F9A A2=534F4 A3=79D40 A4=102F00 A5=108000 A6=10BA1E PC=49A6 -- 0049A6: add.w   D0, D0
D0=0 D1=5 D2=3A D3=0 D4=840000F D5=842184D8 D6=842184D8 D7=102F00 A0=85200 A1=102F9A A2=534F4 A3=79D40 A4=102F00 A5=108000 A6=10BA1E PC=49A8 -- 0049A8: movea.l (A0,D0.w), A0
D0=0 D1=5 D2=3A D3=0 D4=840000F D5=842184D8 D6=842184D8 D7=102F00 A0=D9208 A1=102F9A A2=534F4 A3=79D40 A4=102F00 A5=108000 A6=10BA1E PC=49AC -- 0049AC: move.w  ($74,A4), D0
D0=C D1=5 D2=3A D3=0 D4=840000F D5=842184D8 D6=842184D8 D7=102F00 A0=D9208 A1=102F9A A2=534F4 A3=79D40 A4=102F00 A5=108000 A6=10BA1E PC=49B0 -- 0049B0: adda.w  D0, A0
D0=C D1=5 D2=3A D3=0 D4=840000F D5=842184D8 D6=842184D8 D7=102F00 A0=D9214 A1=102F9A A2=534F4 A3=79D40 A4=102F00 A5=108000 A6=10BA1E PC=49B2 -- 0049B2: move.b  (A0), ($76,A4)
D0=C D1=5 D2=3A D3=0 D4=840000F D5=842184D8 D6=842184D8 D7=102F00 A0=D9214 A1=102F9A A2=534F4 A3=79D40 A4=102F00 A5=108000 A6=10BA1E PC=49B6 -- 0049B6: bmi     $4a22
D0=C D1=5 D2=3A D3=0 D4=840000F D5=842184D8 D6=842184D8 D7=102F00 A0=D9214 A1=102F9A A2=534F4 A3=79D40 A4=102F00 A5=108000 A6=10BA1E PC=49BA -- 0049BA: move.b  ($81,A4), D0
D0=0 D1=5 D2=3A D3=0 D4=840000F D5=842184D8 D6=842184D8 D7=102F00 A0=D9214 A1=102F9A A2=534F4 A3=79D40 A4=102F00 A5=108000 A6=10BA1E PC=49BE -- 0049BE: tst.b   ($7d,A4)
D0=0 D1=5 D2=3A D3=0 D4=840000F D5=842184D8 D6=842184D8 D7=102F00 A0=D9214 A1=102F9A A2=534F4 A3=79D40 A4=102F00 A5=108000 A6=10BA1E PC=49C2 -- 0049C2: beq     $49c8
D0=0 D1=5 D2=3A D3=0 D4=840000F D5=842184D8 D6=842184D8 D7=102F00 A0=D9214 A1=102F9A A2=534F4 A3=79D40 A4=102F00 A5=108000 A6=10BA1E PC=49C8 -- 0049C8: add.b   ($7d,A4), D0
D0=0 D1=5 D2=3A D3=0 D4=840000F D5=842184D8 D6=842184D8 D7=102F00 A0=D9214 A1=102F9A A2=534F4 A3=79D40 A4=102F00 A5=108000 A6=10BA1E PC=49CC -- 0049CC: add.b   D0, ($76,A4)
D0=0 D1=5 D2=3A D3=0 D4=840000F D5=842184D8 D6=842184D8 D7=102F00 A0=D9214 A1=102F9A A2=534F4 A3=79D40 A4=102F00 A5=108000 A6=10BA1E PC=49D0 -- 0049D0: bgt     $49d8
D0=0 D1=5 D2=3A D3=0 D4=840000F D5=842184D8 D6=842184D8 D7=102F00 A0=D9214 A1=102F9A A2=534F4 A3=79D40 A4=102F00 A5=108000 A6=10BA1E PC=49D8 -- 0049D8: addq.w  #1, ($7e,A4)
D0=0 D1=5 D2=3A D3=0 D4=840000F D5=842184D8 D6=842184D8 D7=102F00 A0=D9214 A1=102F9A A2=534F4 A3=79D40 A4=102F00 A5=108000 A6=10BA1E PC=49DC -- 0049DC: move.b  ($4,A0), ($7a,A4)
D0=0 D1=5 D2=3A D3=0 D4=840000F D5=842184D8 D6=842184D8 D7=102F00 A0=D9214 A1=102F9A A2=534F4 A3=79D40 A4=102F00 A5=108000 A6=10BA1E PC=49E2 -- 0049E2: move.b  ($5,A0), ($7b,A4)
D0=0 D1=5 D2=3A D3=0 D4=840000F D5=842184D8 D6=842184D8 D7=102F00 A0=D9214 A1=102F9A A2=534F4 A3=79D40 A4=102F00 A5=108000 A6=10BA1E PC=49E8 -- 0049E8: move.l  (A0), D0
D0=70D4AE8 D1=5 D2=3A D3=0 D4=840000F D5=842184D8 D6=842184D8 D7=102F00 A0=D9214 A1=102F9A A2=534F4 A3=79D40 A4=102F00 A5=108000 A6=10BA1E PC=49EA -- 0049EA: movea.l D0, A0
D0=70D4AE8 D1=5 D2=3A D3=0 D4=840000F D5=842184D8 D6=842184D8 D7=102F00 A0=70D4AE8 A1=102F9A A2=534F4 A3=79D40 A4=102F00 A5=108000 A6=10BA1E PC=49EC -- 0049EC: move.w  (A0), ($6a,A4)
D0=70D4AE8 D1=5 D2=3A D3=0 D4=840000F D5=842184D8 D6=842184D8 D7=102F00 A0=70D4AE8 A1=102F9A A2=534F4 A3=79D40 A4=102F00 A5=108000 A6=10BA1E PC=49F0 -- 0049F0: move.w  ($2,A0), ($6c,A4)
D0=70D4AE8 D1=5 D2=3A D3=0 D4=840000F D5=842184D8 D6=842184D8 D7=102F00 A0=70D4AE8 A1=102F9A A2=534F4 A3=79D40 A4=102F00 A5=108000 A6=10BA1E PC=49F6 -- 0049F6: rts
D0=70D4AE8 D1=5 D2=3A D3=0 D4=840000F D5=842184D8 D6=842184D8 D7=102F00 A0=70D4AE8 A1=102F9A A2=534F4 A3=79D40 A4=102F00 A5=108000 A6=10BA1E PC=493A -- 00493A: bra     $4906
D0=70D4AE8 D1=5 D2=3A D3=0 D4=840000F D5=842184D8 D6=842184D8 D7=102F00 A0=70D4AE8 A1=102F9A A2=534F4 A3=79D40 A4=102F00 A5=108000 A6=10BA1E PC=4906 -- 004906: subq.b  #1, ($76,A4)
D0=70D4AE8 D1=5 D2=3A D3=0 D4=840000F D5=842184D8 D6=842184D8 D7=102F00 A0=70D4AE8 A1=102F9A A2=534F4 A3=79D40 A4=102F00 A5=108000 A6=10BA1E PC=490A -- 00490A: bhi     $491a
D0=70D4AE8 D1=5 D2=3A D3=0 D4=840000F D5=842184D8 D6=842184D8 D7=102F00 A0=70D4AE8 A1=102F9A A2=534F4 A3=79D40 A4=102F00 A5=108000 A6=10BA1E PC=491A -- 00491A: rts
D0=70D4AE8 D1=5 D2=3A D3=0 D4=840000F D5=842184D8 D6=842184D8 D7=102F00 A0=70D4AE8 A1=102F9A A2=534F4 A3=79D40 A4=102F00 A5=108000 A6=10BA1E PC=379E2 -- 0379E2: jsr     $32e4.w
D0=70D4AE8 D1=5 D2=3A D3=0 D4=840000F D5=842184D8 D6=842184D8 D7=102F00 A0=70D4AE8 A1=102F9A A2=534F4 A3=79D40 A4=102F00 A5=108000 A6=10BA1E PC=32E4 -- 0032E4: moveq   #$d, D3
D0=70D4AE8 D1=5 D2=3A D3=D D4=840000F D5=842184D8 D6=842184D8 D7=102F00 A0=70D4AE8 A1=102F9A A2=534F4 A3=79D40 A4=102F00 A5=108000 A6=10BA1E PC=32E6 -- 0032E6: move.w  ($70,A4), D0
D0=70D0014 D1=5 D2=3A D3=D D4=840000F D5=842184D8 D6=842184D8 D7=102F00 A0=70D4AE8 A1=102F9A A2=534F4 A3=79D40 A4=102F00 A5=108000 A6=10BA1E PC=32EA -- 0032EA: add.w   D0, D0
D0=70D0028 D1=5 D2=3A D3=D D4=840000F D5=842184D8 D6=842184D8 D7=102F00 A0=70D4AE8 A1=102F9A A2=534F4 A3=79D40 A4=102F00 A5=108000 A6=10BA1E PC=32EC -- 0032EC: add.w   D0, D0
D0=70D0050 D1=5 D2=3A D3=D D4=840000F D5=842184D8 D6=842184D8 D7=102F00 A0=70D4AE8 A1=102F9A A2=534F4 A3=79D40 A4=102F00 A5=108000 A6=10BA1E PC=32EE -- 0032EE: moveq   #$0, D1
D0=70D0050 D1=0 D2=3A D3=D D4=840000F D5=842184D8 D6=842184D8 D7=102F00 A0=70D4AE8 A1=102F9A A2=534F4 A3=79D40 A4=102F00 A5=108000 A6=10BA1E PC=32F0 -- 0032F0: move.b  ($d8,A4), D1
D0=70D0050 D1=0 D2=3A D3=D D4=840000F D5=842184D8 D6=842184D8 D7=102F00 A0=70D4AE8 A1=102F9A A2=534F4 A3=79D40 A4=102F00 A5=108000 A6=10BA1E PC=32F4 -- 0032F4: add.w   D1, D1
D0=70D0050 D1=0 D2=3A D3=D D4=840000F D5=842184D8 D6=842184D8 D7=102F00 A0=70D4AE8 A1=102F9A A2=534F4 A3=79D40 A4=102F00 A5=108000 A6=10BA1E PC=32F6 -- 0032F6: add.w   D1, D0
D0=70D0050 D1=0 D2=3A D3=D D4=840000F D5=842184D8 D6=842184D8 D7=102F00 A0=70D4AE8 A1=102F9A A2=534F4 A3=79D40 A4=102F00 A5=108000 A6=10BA1E PC=32F8 -- 0032F8: lea     ($d8,PC) ; ($33d2), A0
D0=70D0050 D1=0 D2=3A D3=D D4=840000F D5=842184D8 D6=842184D8 D7=102F00 A0=33D2 A1=102F9A A2=534F4 A3=79D40 A4=102F00 A5=108000 A6=10BA1E PC=32FC -- 0032FC: move.w  (A0,D0.w), D1
D0=70D0050 D1=5B0 D2=3A D3=D D4=840000F D5=842184D8 D6=842184D8 D7=102F00 A0=33D2 A1=102F9A A2=534F4 A3=79D40 A4=102F00 A5=108000 A6=10BA1E PC=3300 -- 003300: moveq   #$0, D2
D0=70D0050 D1=5B0 D2=0 D3=D D4=840000F D5=842184D8 D6=842184D8 D7=102F00 A0=33D2 A1=102F9A A2=534F4 A3=79D40 A4=102F00 A5=108000 A6=10BA1E PC=3302 -- 003302: move.b  ($30,A4), D2
D0=70D0050 D1=5B0 D2=46 D3=D D4=840000F D5=842184D8 D6=842184D8 D7=102F00 A0=33D2 A1=102F9A A2=534F4 A3=79D40 A4=102F00 A5=108000 A6=10BA1E PC=3306 -- 003306: addi.w  #$10, D2
D0=70D0050 D1=5B0 D2=56 D3=D D4=840000F D5=842184D8 D6=842184D8 D7=102F00 A0=33D2 A1=102F9A A2=534F4 A3=79D40 A4=102F00 A5=108000 A6=10BA1E PC=330A -- 00330A: bra     $3512
D0=70D0050 D1=5B0 D2=56 D3=D D4=840000F D5=842184D8 D6=842184D8 D7=102F00 A0=33D2 A1=102F9A A2=534F4 A3=79D40 A4=102F00 A5=108000 A6=10BA1E PC=3512 -- 003512: movea.l ($38a8,A5), A2
D0=70D0050 D1=5B0 D2=56 D3=D D4=840000F D5=842184D8 D6=842184D8 D7=102F00 A0=33D2 A1=102F9A A2=109DE6 A3=79D40 A4=102F00 A5=108000 A6=10BA1E PC=3516 -- 003516: moveq   #$0, D0
D0=0 D1=5B0 D2=56 D3=D D4=840000F D5=842184D8 D6=842184D8 D7=102F00 A0=33D2 A1=102F9A A2=109DE6 A3=79D40 A4=102F00 A5=108000 A6=10BA1E PC=3518 -- 003518: move.w  D1, D0
D0=5B0 D1=5B0 D2=56 D3=D D4=840000F D5=842184D8 D6=842184D8 D7=102F00 A0=33D2 A1=102F9A A2=109DE6 A3=79D40 A4=102F00 A5=108000 A6=10BA1E PC=351A -- 00351A: addq.w  #1, D1
D0=5B0 D1=5B1 D2=56 D3=D D4=840000F D5=842184D8 D6=842184D8 D7=102F00 A0=33D2 A1=102F9A A2=109DE6 A3=79D40 A4=102F00 A5=108000 A6=10BA1E PC=351C -- 00351C: andi.w  #$ff, D2
D0=5B0 D1=5B1 D2=56 D3=D D4=840000F D5=842184D8 D6=842184D8 D7=102F00 A0=33D2 A1=102F9A A2=109DE6 A3=79D40 A4=102F00 A5=108000 A6=10BA1E PC=3520 -- 003520: move.w  D2, (A2)+
D0=5B0 D1=5B1 D2=56 D3=D D4=840000F D5=842184D8 D6=842184D8 D7=102F00 A0=33D2 A1=102F9A A2=109DE8 A3=79D40 A4=102F00 A5=108000 A6=10BA1E PC=3522 -- 003522: addq.w  #1, D2
D0=5B0 D1=5B1 D2=57 D3=D D4=840000F D5=842184D8 D6=842184D8 D7=102F00 A0=33D2 A1=102F9A A2=109DE8 A3=79D40 A4=102F00 A5=108000 A6=10BA1E PC=3524 -- 003524: lea     $6f000.l, A3
D0=5B0 D1=5B1 D2=57 D3=D D4=840000F D5=842184D8 D6=842184D8 D7=102F00 A0=33D2 A1=102F9A A2=109DE8 A3=6F000 A4=102F00 A5=108000 A6=10BA1E PC=352A -- 00352A: lsl.l   #5, D0
D0=B600 D1=5B1 D2=57 D3=D D4=840000F D5=842184D8 D6=842184D8 D7=102F00 A0=33D2 A1=102F9A A2=109DE8 A3=6F000 A4=102F00 A5=108000 A6=10BA1E PC=352C -- 00352C: adda.l  D0, A3
D0=B600 D1=5B1 D2=57 D3=D D4=840000F D5=842184D8 D6=842184D8 D7=102F00 A0=33D2 A1=102F9A A2=109DE8 A3=7A600 A4=102F00 A5=108000 A6=10BA1E PC=352E -- 00352E: addq.l  #2, A3
D0=B600 D1=5B1 D2=57 D3=D D4=840000F D5=842184D8 D6=842184D8 D7=102F00 A0=33D2 A1=102F9A A2=109DE8 A3=7A602 A4=102F00 A5=108000 A6=10BA1E PC=3530 -- 003530: move.w  (A3)+, (A2)+
D0=B600 D1=5B1 D2=57 D3=D D4=840000F D5=842184D8 D6=842184D8 D7=102F00 A0=33D2 A1=102F9A A2=109DEA A3=7A604 A4=102F00 A5=108000 A6=10BA1E PC=3532 -- 003532: move.l  (A3)+, (A2)+
D0=B600 D1=5B1 D2=57 D3=D D4=840000F D5=842184D8 D6=842184D8 D7=102F00 A0=33D2 A1=102F9A A2=109DEE A3=7A608 A4=102F00 A5=108000 A6=10BA1E PC=3534 -- 003534: move.l  (A3)+, (A2)+
D0=B600 D1=5B1 D2=57 D3=D D4=840000F D5=842184D8 D6=842184D8 D7=102F00 A0=33D2 A1=102F9A A2=109DF2 A3=7A60C A4=102F00 A5=108000 A6=10BA1E PC=3536 -- 003536: move.l  (A3)+, (A2)+
D0=B600 D1=5B1 D2=57 D3=D D4=840000F D5=842184D8 D6=842184D8 D7=102F00 A0=33D2 A1=102F9A A2=109DF6 A3=7A610 A4=102F00 A5=108000 A6=10BA1E PC=3538 -- 003538: move.l  (A3)+, (A2)+
D0=B600 D1=5B1 D2=57 D3=D D4=840000F D5=842184D8 D6=842184D8 D7=102F00 A0=33D2 A1=102F9A A2=109DFA A3=7A614 A4=102F00 A5=108000 A6=10BA1E PC=353A -- 00353A: move.l  (A3)+, (A2)+
D0=B600 D1=5B1 D2=57 D3=D D4=840000F D5=842184D8 D6=842184D8 D7=102F00 A0=33D2 A1=102F9A A2=109DFE A3=7A618 A4=102F00 A5=108000 A6=10BA1E PC=353C -- 00353C: move.l  (A3)+, (A2)+
D0=B600 D1=5B1 D2=57 D3=D D4=840000F D5=842184D8 D6=842184D8 D7=102F00 A0=33D2 A1=102F9A A2=109E02 A3=7A61C A4=102F00 A5=108000 A6=10BA1E PC=353E -- 00353E: move.l  (A3)+, (A2)+
D0=B600 D1=5B1 D2=57 D3=D D4=840000F D5=842184D8 D6=842184D8 D7=102F00 A0=33D2 A1=102F9A A2=109E06 A3=7A620 A4=102F00 A5=108000 A6=10BA1E PC=3540 -- 003540: dbra    D3, $3516
D0=B600 D1=5B1 D2=57 D3=C D4=840000F D5=842184D8 D6=842184D8 D7=102F00 A0=33D2 A1=102F9A A2=109E06 A3=7A620 A4=102F00 A5=108000 A6=10BA1E PC=3516 -- 003516: moveq   #$0, D0
D0=0 D1=5B1 D2=57 D3=C D4=840000F D5=842184D8 D6=842184D8 D7=102F00 A0=33D2 A1=102F9A A2=109E06 A3=7A620 A4=102F00 A5=108000 A6=10BA1E PC=3518 -- 003518: move.w  D1, D0
D0=5B1 D1=5B1 D2=57 D3=C D4=840000F D5=842184D8 D6=842184D8 D7=102F00 A0=33D2 A1=102F9A A2=109E06 A3=7A620 A4=102F00 A5=108000 A6=10BA1E PC=351A -- 00351A: addq.w  #1, D1
D0=5B1 D1=5B2 D2=57 D3=C D4=840000F D5=842184D8 D6=842184D8 D7=102F00 A0=33D2 A1=102F9A A2=109E06 A3=7A620 A4=102F00 A5=108000 A6=10BA1E PC=351C -- 00351C: andi.w  #$ff, D2
D0=5B1 D1=5B2 D2=57 D3=C D4=840000F D5=842184D8 D6=842184D8 D7=102F00 A0=33D2 A1=102F9A A2=109E06 A3=7A620 A4=102F00 A5=108000 A6=10BA1E PC=3520 -- 003520: move.w  D2, (A2)+
D0=5B1 D1=5B2 D2=57 D3=C D4=840000F D5=842184D8 D6=842184D8 D7=102F00 A0=33D2 A1=102F9A A2=109E08 A3=7A620 A4=102F00 A5=108000 A6=10BA1E PC=3522 -- 003522: addq.w  #1, D2
D0=5B1 D1=5B2 D2=58 D3=C D4=840000F D5=842184D8 D6=842184D8 D7=102F00 A0=33D2 A1=102F9A A2=109E08 A3=7A620 A4=102F00 A5=108000 A6=10BA1E PC=3524 -- 003524: lea     $6f000.l, A3
D0=5B1 D1=5B2 D2=58 D3=C D4=840000F D5=842184D8 D6=842184D8 D7=102F00 A0=33D2 A1=102F9A A2=109E08 A3=6F000 A4=102F00 A5=108000 A6=10BA1E PC=352A -- 00352A: lsl.l   #5, D0
D0=B620 D1=5B2 D2=58 D3=C D4=840000F D5=842184D8 D6=842184D8 D7=102F00 A0=33D2 A1=102F9A A2=109E08 A3=6F000 A4=102F00 A5=108000 A6=10BA1E PC=352C -- 00352C: adda.l  D0, A3
D0=B620 D1=5B2 D2=58 D3=C D4=840000F D5=842184D8 D6=842184D8 D7=102F00 A0=33D2 A1=102F9A A2=109E08 A3=7A620 A4=102F00 A5=108000 A6=10BA1E PC=352E -- 00352E: addq.l  #2, A3
D0=B620 D1=5B2 D2=58 D3=C D4=840000F D5=842184D8 D6=842184D8 D7=102F00 A0=33D2 A1=102F9A A2=109E08 A3=7A622 A4=102F00 A5=108000 A6=10BA1E PC=3530 -- 003530: move.w  (A3)+, (A2)+
D0=B620 D1=5B2 D2=58 D3=C D4=840000F D5=842184D8 D6=842184D8 D7=102F00 A0=33D2 A1=102F9A A2=109E0A A3=7A624 A4=102F00 A5=108000 A6=10BA1E PC=3532 -- 003532: move.l  (A3)+, (A2)+
D0=B620 D1=5B2 D2=58 D3=C D4=840000F D5=842184D8 D6=842184D8 D7=102F00 A0=33D2 A1=102F9A A2=109E0E A3=7A628 A4=102F00 A5=108000 A6=10BA1E PC=3534 -- 003534: move.l  (A3)+, (A2)+
D0=B620 D1=5B2 D2=58 D3=C D4=840000F D5=842184D8 D6=842184D8 D7=102F00 A0=33D2 A1=102F9A A2=109E12 A3=7A62C A4=102F00 A5=108000 A6=10BA1E PC=3536 -- 003536: move.l  (A3)+, (A2)+
D0=B620 D1=5B2 D2=58 D3=C D4=840000F D5=842184D8 D6=842184D8 D7=102F00 A0=33D2 A1=102F9A A2=109E16 A3=7A630 A4=102F00 A5=108000 A6=10BA1E PC=3538 -- 003538: move.l  (A3)+, (A2)+
D0=B620 D1=5B2 D2=58 D3=C D4=840000F D5=842184D8 D6=842184D8 D7=102F00 A0=33D2 A1=102F9A A2=109E1A A3=7A634 A4=102F00 A5=108000 A6=10BA1E PC=353A -- 00353A: move.l  (A3)+, (A2)+
D0=B620 D1=5B2 D2=58 D3=C D4=840000F D5=842184D8 D6=842184D8 D7=102F00 A0=33D2 A1=102F9A A2=109E1E A3=7A638 A4=102F00 A5=108000 A6=10BA1E PC=353C -- 00353C: move.l  (A3)+, (A2)+
D0=B620 D1=5B2 D2=58 D3=C D4=840000F D5=842184D8 D6=842184D8 D7=102F00 A0=33D2 A1=102F9A A2=109E22 A3=7A63C A4=102F00 A5=108000 A6=10BA1E PC=353E -- 00353E: move.l  (A3)+, (A2)+
D0=B620 D1=5B2 D2=58 D3=C D4=840000F D5=842184D8 D6=842184D8 D7=102F00 A0=33D2 A1=102F9A A2=109E26 A3=7A640 A4=102F00 A5=108000 A6=10BA1E PC=3540 -- 003540: dbra    D3, $3516

   (loops for 228 instructions)

D0=B7A0 D1=5BE D2=64 D3=FFFF D4=840000F D5=842184D8 D6=842184D8 D7=102F00 A0=33D2 A1=102F9A A2=109FA6 A3=7A7C0 A4=102F00 A5=108000 A6=10BA1E PC=3544 -- 003544: bra     $3478
D0=B7A0 D1=5BE D2=64 D3=FFFF D4=840000F D5=842184D8 D6=842184D8 D7=102F00 A0=33D2 A1=102F9A A2=109FA6 A3=7A7C0 A4=102F00 A5=108000 A6=10BA1E PC=3478 -- 003478: move.w  #$ffff, (A2)
D0=B7A0 D1=5BE D2=64 D3=FFFF D4=840000F D5=842184D8 D6=842184D8 D7=102F00 A0=33D2 A1=102F9A A2=109FA6 A3=7A7C0 A4=102F00 A5=108000 A6=10BA1E PC=347C -- 00347C: move.l  A2, ($38a8,A5)
D0=B7A0 D1=5BE D2=64 D3=FFFF D4=840000F D5=842184D8 D6=842184D8 D7=102F00 A0=33D2 A1=102F9A A2=109FA6 A3=7A7C0 A4=102F00 A5=108000 A6=10BA1E PC=3480 -- 003480: rts
D0=B7A0 D1=5BE D2=64 D3=FFFF D4=840000F D5=842184D8 D6=842184D8 D7=102F00 A0=33D2 A1=102F9A A2=109FA6 A3=7A7C0 A4=102F00 A5=108000 A6=10BA1E PC=379E6 -- 0379E6: jsr     ($11a,PC) ; ($37b02)
D0=B7A0 D1=5BE D2=64 D3=FFFF D4=840000F D5=842184D8 D6=842184D8 D7=102F00 A0=33D2 A1=102F9A A2=109FA6 A3=7A7C0 A4=102F00 A5=108000 A6=10BA1E PC=37B02 -- 037B02: cmpi.b  #$19, ($71,A4)
D0=B7A0 D1=5BE D2=64 D3=FFFF D4=840000F D5=842184D8 D6=842184D8 D7=102F00 A0=33D2 A1=102F9A A2=109FA6 A3=7A7C0 A4=102F00 A5=108000 A6=10BA1E PC=37B08 -- 037B08: beq     $37b1a
D0=B7A0 D1=5BE D2=64 D3=FFFF D4=840000F D5=842184D8 D6=842184D8 D7=102F00 A0=33D2 A1=102F9A A2=109FA6 A3=7A7C0 A4=102F00 A5=108000 A6=10BA1E PC=37B0C -- 037B0C: cmpi.b  #-$1, ($71,A4)
D0=B7A0 D1=5BE D2=64 D3=FFFF D4=840000F D5=842184D8 D6=842184D8 D7=102F00 A0=33D2 A1=102F9A A2=109FA6 A3=7A7C0 A4=102F00 A5=108000 A6=10BA1E PC=37B12 -- 037B12: beq     $37b1a
D0=B7A0 D1=5BE D2=64 D3=FFFF D4=840000F D5=842184D8 D6=842184D8 D7=102F00 A0=33D2 A1=102F9A A2=109FA6 A3=7A7C0 A4=102F00 A5=108000 A6=10BA1E PC=37B16 -- 037B16: moveq   #-$1, D7
D0=B7A0 D1=5BE D2=64 D3=FFFF D4=840000F D5=842184D8 D6=842184D8 D7=FFFFFFFF A0=33D2 A1=102F9A A2=109FA6 A3=7A7C0 A4=102F00 A5=108000 A6=10BA1E PC=37B18 -- 037B18: rts
D0=B7A0 D1=5BE D2=64 D3=FFFF D4=840000F D5=842184D8 D6=842184D8 D7=FFFFFFFF A0=33D2 A1=102F9A A2=109FA6 A3=7A7C0 A4=102F00 A5=108000 A6=10BA1E PC=379EA -- 0379EA: nop
D0=B7A0 D1=5BE D2=64 D3=FFFF D4=840000F D5=842184D8 D6=842184D8 D7=FFFFFFFF A0=33D2 A1=102F9A A2=109FA6 A3=7A7C0 A4=102F00 A5=108000 A6=10BA1E PC=379EC -- 0379EC: beq     $36eaa
D0=B7A0 D1=5BE D2=64 D3=FFFF D4=840000F D5=842184D8 D6=842184D8 D7=FFFFFFFF A0=33D2 A1=102F9A A2=109FA6 A3=7A7C0 A4=102F00 A5=108000 A6=10BA1E PC=379F0 -- 0379F0: bra     $36eb0
D0=B7A0 D1=5BE D2=64 D3=FFFF D4=840000F D5=842184D8 D6=842184D8 D7=FFFFFFFF A0=33D2 A1=102F9A A2=109FA6 A3=7A7C0 A4=102F00 A5=108000 A6=10BA1E PC=36EB0 -- 036EB0: jmp     $3e2e.w
D0=B7A0 D1=5BE D2=64 D3=FFFF D4=840000F D5=842184D8 D6=842184D8 D7=FFFFFFFF A0=33D2 A1=102F9A A2=109FA6 A3=7A7C0 A4=102F00 A5=108000 A6=10BA1E PC=3E2E -- 003E2E: tst.w   ($74,A4)
D0=B7A0 D1=5BE D2=64 D3=FFFF D4=840000F D5=842184D8 D6=842184D8 D7=FFFFFFFF A0=33D2 A1=102F9A A2=109FA6 A3=7A7C0 A4=102F00 A5=108000 A6=10BA1E PC=3E32 -- 003E32: bmi     $3e80
D0=B7A0 D1=5BE D2=64 D3=FFFF D4=840000F D5=842184D8 D6=842184D8 D7=FFFFFFFF A0=33D2 A1=102F9A A2=109FA6 A3=7A7C0 A4=102F00 A5=108000 A6=10BA1E PC=3E34 -- 003E34: btst    #$6, ($7c,A4)
D0=B7A0 D1=5BE D2=64 D3=FFFF D4=840000F D5=842184D8 D6=842184D8 D7=FFFFFFFF A0=33D2 A1=102F9A A2=109FA6 A3=7A7C0 A4=102F00 A5=108000 A6=10BA1E PC=3E3A -- 003E3A: bne     $3e78
D0=B7A0 D1=5BE D2=64 D3=FFFF D4=840000F D5=842184D8 D6=842184D8 D7=FFFFFFFF A0=33D2 A1=102F9A A2=109FA6 A3=7A7C0 A4=102F00 A5=108000 A6=10BA1E PC=3E3E -- 003E3E: moveq   #$0, D3
D0=B7A0 D1=5BE D2=64 D3=0 D4=840000F D5=842184D8 D6=842184D8 D7=FFFFFFFF A0=33D2 A1=102F9A A2=109FA6 A3=7A7C0 A4=102F00 A5=108000 A6=10BA1E PC=3E40 -- 003E40: move.b  ($82,A4), D3
D0=B7A0 D1=5BE D2=64 D3=0 D4=840000F D5=842184D8 D6=842184D8 D7=FFFFFFFF A0=33D2 A1=102F9A A2=109FA6 A3=7A7C0 A4=102F00 A5=108000 A6=10BA1E PC=3E44 -- 003E44: add.w   D3, D3
D0=B7A0 D1=5BE D2=64 D3=0 D4=840000F D5=842184D8 D6=842184D8 D7=FFFFFFFF A0=33D2 A1=102F9A A2=109FA6 A3=7A7C0 A4=102F00 A5=108000 A6=10BA1E PC=3E46 -- 003E46: add.w   D3, D3
D0=B7A0 D1=5BE D2=64 D3=0 D4=840000F D5=842184D8 D6=842184D8 D7=FFFFFFFF A0=33D2 A1=102F9A A2=109FA6 A3=7A7C0 A4=102F00 A5=108000 A6=10BA1E PC=3E48 -- 003E48: move.w  ($18,A4), D0
D0=D8 D1=5BE D2=64 D3=0 D4=840000F D5=842184D8 D6=842184D8 D7=FFFFFFFF A0=33D2 A1=102F9A A2=109FA6 A3=7A7C0 A4=102F00 A5=108000 A6=10BA1E PC=3E4C -- 003E4C: lea     ($104c,A5), A0
D0=D8 D1=5BE D2=64 D3=0 D4=840000F D5=842184D8 D6=842184D8 D7=FFFFFFFF A0=10904C A1=102F9A A2=109FA6 A3=7A7C0 A4=102F00 A5=108000 A6=10BA1E PC=3E50 -- 003E50: sub.w   (A0,D3.w), D0
D0=D8 D1=5BE D2=64 D3=0 D4=840000F D5=842184D8 D6=842184D8 D7=FFFFFFFF A0=10904C A1=102F9A A2=109FA6 A3=7A7C0 A4=102F00 A5=108000 A6=10BA1E PC=3E54 -- 003E54: addi.w  #$30, D0
D0=108 D1=5BE D2=64 D3=0 D4=840000F D5=842184D8 D6=842184D8 D7=FFFFFFFF A0=10904C A1=102F9A A2=109FA6 A3=7A7C0 A4=102F00 A5=108000 A6=10BA1E PC=3E58 -- 003E58: cmpi.w  #$1a0, D0
D0=108 D1=5BE D2=64 D3=0 D4=840000F D5=842184D8 D6=842184D8 D7=FFFFFFFF A0=10904C A1=102F9A A2=109FA6 A3=7A7C0 A4=102F00 A5=108000 A6=10BA1E PC=3E5C -- 003E5C: bls     $3e60
D0=108 D1=5BE D2=64 D3=0 D4=840000F D5=842184D8 D6=842184D8 D7=FFFFFFFF A0=10904C A1=102F9A A2=109FA6 A3=7A7C0 A4=102F00 A5=108000 A6=10BA1E PC=3E60 -- 003E60: move.w  ($1c,A4), D0
D0=B8 D1=5BE D2=64 D3=0 D4=840000F D5=842184D8 D6=842184D8 D7=FFFFFFFF A0=10904C A1=102F9A A2=109FA6 A3=7A7C0 A4=102F00 A5=108000 A6=10BA1E PC=3E64 -- 003E64: sub.w   ($20,A4), D0
D0=B8 D1=5BE D2=64 D3=0 D4=840000F D5=842184D8 D6=842184D8 D7=FFFFFFFF A0=10904C A1=102F9A A2=109FA6 A3=7A7C0 A4=102F00 A5=108000 A6=10BA1E PC=3E68 -- 003E68: lea     ($1058,A5), A0
D0=B8 D1=5BE D2=64 D3=0 D4=840000F D5=842184D8 D6=842184D8 D7=FFFFFFFF A0=109058 A1=102F9A A2=109FA6 A3=7A7C0 A4=102F00 A5=108000 A6=10BA1E PC=3E6C -- 003E6C: sub.w   (A0,D3.w), D0
D0=B8 D1=5BE D2=64 D3=0 D4=840000F D5=842184D8 D6=842184D8 D7=FFFFFFFF A0=109058 A1=102F9A A2=109FA6 A3=7A7C0 A4=102F00 A5=108000 A6=10BA1E PC=3E70 -- 003E70: cmpi.w  #$1c0, D0
D0=B8 D1=5BE D2=64 D3=0 D4=840000F D5=842184D8 D6=842184D8 D7=FFFFFFFF A0=109058 A1=102F9A A2=109FA6 A3=7A7C0 A4=102F00 A5=108000 A6=10BA1E PC=3E74 -- 003E74: bls     $3e78
D0=B8 D1=5BE D2=64 D3=0 D4=840000F D5=842184D8 D6=842184D8 D7=FFFFFFFF A0=109058 A1=102F9A A2=109FA6 A3=7A7C0 A4=102F00 A5=108000 A6=10BA1E PC=3E78 -- 003E78: bsr     $4860
D0=B8 D1=5BE D2=64 D3=0 D4=840000F D5=842184D8 D6=842184D8 D7=FFFFFFFF A0=109058 A1=102F9A A2=109FA6 A3=7A7C0 A4=102F00 A5=108000 A6=10BA1E PC=4860 -- 004860: lea     $7bf48.l, A0
D0=B8 D1=5BE D2=64 D3=0 D4=840000F D5=842184D8 D6=842184D8 D7=FFFFFFFF A0=7BF48 A1=102F9A A2=109FA6 A3=7A7C0 A4=102F00 A5=108000 A6=10BA1E PC=4866 -- 004866: move.w  ($70,A4), D0
D0=14 D1=5BE D2=64 D3=0 D4=840000F D5=842184D8 D6=842184D8 D7=FFFFFFFF A0=7BF48 A1=102F9A A2=109FA6 A3=7A7C0 A4=102F00 A5=108000 A6=10BA1E PC=486A -- 00486A: add.w   D0, D0
D0=28 D1=5BE D2=64 D3=0 D4=840000F D5=842184D8 D6=842184D8 D7=FFFFFFFF A0=7BF48 A1=102F9A A2=109FA6 A3=7A7C0 A4=102F00 A5=108000 A6=10BA1E PC=486C -- 00486C: add.w   D0, D0
D0=50 D1=5BE D2=64 D3=0 D4=840000F D5=842184D8 D6=842184D8 D7=FFFFFFFF A0=7BF48 A1=102F9A A2=109FA6 A3=7A7C0 A4=102F00 A5=108000 A6=10BA1E PC=486E -- 00486E: movea.l (A0,D0.w), A0
D0=50 D1=5BE D2=64 D3=0 D4=840000F D5=842184D8 D6=842184D8 D7=FFFFFFFF A0=7E7C0 A1=102F9A A2=109FA6 A3=7A7C0 A4=102F00 A5=108000 A6=10BA1E PC=4872 -- 004872: move.w  ($72,A4), D0
D0=0 D1=5BE D2=64 D3=0 D4=840000F D5=842184D8 D6=842184D8 D7=FFFFFFFF A0=7E7C0 A1=102F9A A2=109FA6 A3=7A7C0 A4=102F00 A5=108000 A6=10BA1E PC=4876 -- 004876: add.w   D0, D0
D0=0 D1=5BE D2=64 D3=0 D4=840000F D5=842184D8 D6=842184D8 D7=FFFFFFFF A0=7E7C0 A1=102F9A A2=109FA6 A3=7A7C0 A4=102F00 A5=108000 A6=10BA1E PC=4878 -- 004878: move.w  (A0,D0.w), D1
D0=0 D1=0 D2=64 D3=0 D4=840000F D5=842184D8 D6=842184D8 D7=FFFFFFFF A0=7E7C0 A1=102F9A A2=109FA6 A3=7A7C0 A4=102F00 A5=108000 A6=10BA1E PC=487C -- 00487C: move.w  D1, ($46de,A5)
D0=0 D1=0 D2=64 D3=0 D4=840000F D5=842184D8 D6=842184D8 D7=FFFFFFFF A0=7E7C0 A1=102F9A A2=109FA6 A3=7A7C0 A4=102F00 A5=108000 A6=10BA1E PC=4880 -- 004880: lea     $80000.l, A0
D0=0 D1=0 D2=64 D3=0 D4=840000F D5=842184D8 D6=842184D8 D7=FFFFFFFF A0=80000 A1=102F9A A2=109FA6 A3=7A7C0 A4=102F00 A5=108000 A6=10BA1E PC=4886 -- 004886: move.w  ($70,A4), D0
D0=14 D1=0 D2=64 D3=0 D4=840000F D5=842184D8 D6=842184D8 D7=FFFFFFFF A0=80000 A1=102F9A A2=109FA6 A3=7A7C0 A4=102F00 A5=108000 A6=10BA1E PC=488A -- 00488A: add.w   D0, D0
D0=28 D1=0 D2=64 D3=0 D4=840000F D5=842184D8 D6=842184D8 D7=FFFFFFFF A0=80000 A1=102F9A A2=109FA6 A3=7A7C0 A4=102F00 A5=108000 A6=10BA1E PC=488C -- 00488C: add.w   D0, D0
D0=50 D1=0 D2=64 D3=0 D4=840000F D5=842184D8 D6=842184D8 D7=FFFFFFFF A0=80000 A1=102F9A A2=109FA6 A3=7A7C0 A4=102F00 A5=108000 A6=10BA1E PC=488E -- 00488E: movea.l (A0,D0.w), A0
D0=50 D1=0 D2=64 D3=0 D4=840000F D5=842184D8 D6=842184D8 D7=FFFFFFFF A0=85200 A1=102F9A A2=109FA6 A3=7A7C0 A4=102F00 A5=108000 A6=10BA1E PC=4892 -- 004892: move.w  ($46de,A5), D0
D0=0 D1=0 D2=64 D3=0 D4=840000F D5=842184D8 D6=842184D8 D7=FFFFFFFF A0=85200 A1=102F9A A2=109FA6 A3=7A7C0 A4=102F00 A5=108000 A6=10BA1E PC=4896 -- 004896: tst.b   ($46e2,A5)
D0=0 D1=0 D2=64 D3=0 D4=840000F D5=842184D8 D6=842184D8 D7=FFFFFFFF A0=85200 A1=102F9A A2=109FA6 A3=7A7C0 A4=102F00 A5=108000 A6=10BA1E PC=489A -- 00489A: beq     $48a0
D0=0 D1=0 D2=64 D3=0 D4=840000F D5=842184D8 D6=842184D8 D7=FFFFFFFF A0=85200 A1=102F9A A2=109FA6 A3=7A7C0 A4=102F00 A5=108000 A6=10BA1E PC=48A0 -- 0048A0: andi.w  #$ff, D0
D0=0 D1=0 D2=64 D3=0 D4=840000F D5=842184D8 D6=842184D8 D7=FFFFFFFF A0=85200 A1=102F9A A2=109FA6 A3=7A7C0 A4=102F00 A5=108000 A6=10BA1E PC=48A4 -- 0048A4: add.w   D0, D0
D0=0 D1=0 D2=64 D3=0 D4=840000F D5=842184D8 D6=842184D8 D7=FFFFFFFF A0=85200 A1=102F9A A2=109FA6 A3=7A7C0 A4=102F00 A5=108000 A6=10BA1E PC=48A6 -- 0048A6: add.w   D0, D0
D0=0 D1=0 D2=64 D3=0 D4=840000F D5=842184D8 D6=842184D8 D7=FFFFFFFF A0=85200 A1=102F9A A2=109FA6 A3=7A7C0 A4=102F00 A5=108000 A6=10BA1E PC=48A8 -- 0048A8: movea.l (A0,D0.w), A0
D0=0 D1=0 D2=64 D3=0 D4=840000F D5=842184D8 D6=842184D8 D7=FFFFFFFF A0=D9208 A1=102F9A A2=109FA6 A3=7A7C0 A4=102F00 A5=108000 A6=10BA1E PC=48AC -- 0048AC: move.w  ($74,A4), D0
D0=C D1=0 D2=64 D3=0 D4=840000F D5=842184D8 D6=842184D8 D7=FFFFFFFF A0=D9208 A1=102F9A A2=109FA6 A3=7A7C0 A4=102F00 A5=108000 A6=10BA1E PC=48B0 -- 0048B0: adda.w  D0, A0
D0=C D1=0 D2=64 D3=0 D4=840000F D5=842184D8 D6=842184D8 D7=FFFFFFFF A0=D9214 A1=102F9A A2=109FA6 A3=7A7C0 A4=102F00 A5=108000 A6=10BA1E PC=48B2 -- 0048B2: move.l  (A0), D0
D0=70D4AE8 D1=0 D2=64 D3=0 D4=840000F D5=842184D8 D6=842184D8 D7=FFFFFFFF A0=D9214 A1=102F9A A2=109FA6 A3=7A7C0 A4=102F00 A5=108000 A6=10BA1E PC=48B4 -- 0048B4: andi.l  #$ffffff, D0
D0=D4AE8 D1=0 D2=64 D3=0 D4=840000F D5=842184D8 D6=842184D8 D7=FFFFFFFF A0=D9214 A1=102F9A A2=109FA6 A3=7A7C0 A4=102F00 A5=108000 A6=10BA1E PC=48BA -- 0048BA: movea.l D0, A0
D0=D4AE8 D1=0 D2=64 D3=0 D4=840000F D5=842184D8 D6=842184D8 D7=FFFFFFFF A0=D4AE8 A1=102F9A A2=109FA6 A3=7A7C0 A4=102F00 A5=108000 A6=10BA1E PC=48BC -- 0048BC: move.w  ($4,A0), D0
D0=D0000 D1=0 D2=64 D3=0 D4=840000F D5=842184D8 D6=842184D8 D7=FFFFFFFF A0=D4AE8 A1=102F9A A2=109FA6 A3=7A7C0 A4=102F00 A5=108000 A6=10BA1E PC=48C0 -- 0048C0: andi.w  #$1fff, D0
D0=D0000 D1=0 D2=64 D3=0 D4=840000F D5=842184D8 D6=842184D8 D7=FFFFFFFF A0=D4AE8 A1=102F9A A2=109FA6 A3=7A7C0 A4=102F00 A5=108000 A6=10BA1E PC=48C4 -- 0048C4: move.w  D0, ($46e0,A5)
D0=D0000 D1=0 D2=64 D3=0 D4=840000F D5=842184D8 D6=842184D8 D7=FFFFFFFF A0=D4AE8 A1=102F9A A2=109FA6 A3=7A7C0 A4=102F00 A5=108000 A6=10BA1E PC=48C8 -- 0048C8: lea     $80080.l, A0
D0=D0000 D1=0 D2=64 D3=0 D4=840000F D5=842184D8 D6=842184D8 D7=FFFFFFFF A0=80080 A1=102F9A A2=109FA6 A3=7A7C0 A4=102F00 A5=108000 A6=10BA1E PC=48CE -- 0048CE: move.w  ($70,A4), D1
D0=D0000 D1=14 D2=64 D3=0 D4=840000F D5=842184D8 D6=842184D8 D7=FFFFFFFF A0=80080 A1=102F9A A2=109FA6 A3=7A7C0 A4=102F00 A5=108000 A6=10BA1E PC=48D2 -- 0048D2: add.w   D1, D1
D0=D0000 D1=28 D2=64 D3=0 D4=840000F D5=842184D8 D6=842184D8 D7=FFFFFFFF A0=80080 A1=102F9A A2=109FA6 A3=7A7C0 A4=102F00 A5=108000 A6=10BA1E PC=48D4 -- 0048D4: add.w   D1, D1
D0=D0000 D1=50 D2=64 D3=0 D4=840000F D5=842184D8 D6=842184D8 D7=FFFFFFFF A0=80080 A1=102F9A A2=109FA6 A3=7A7C0 A4=102F00 A5=108000 A6=10BA1E PC=48D6 -- 0048D6: movea.l (A0,D1.w), A0
D0=D0000 D1=50 D2=64 D3=0 D4=840000F D5=842184D8 D6=842184D8 D7=FFFFFFFF A0=91A00 A1=102F9A A2=109FA6 A3=7A7C0 A4=102F00 A5=108000 A6=10BA1E PC=48DA -- 0048DA: add.w   D0, D0
D0=D0000 D1=50 D2=64 D3=0 D4=840000F D5=842184D8 D6=842184D8 D7=FFFFFFFF A0=91A00 A1=102F9A A2=109FA6 A3=7A7C0 A4=102F00 A5=108000 A6=10BA1E PC=48DC -- 0048DC: add.w   D0, D0
D0=D0000 D1=50 D2=64 D3=0 D4=840000F D5=842184D8 D6=842184D8 D7=FFFFFFFF A0=91A00 A1=102F9A A2=109FA6 A3=7A7C0 A4=102F00 A5=108000 A6=10BA1E PC=48DE -- 0048DE: move.l  (A0,D0.w), ($28,A4)
D0=D0000 D1=50 D2=64 D3=0 D4=840000F D5=842184D8 D6=842184D8 D7=FFFFFFFF A0=91A00 A1=102F9A A2=109FA6 A3=7A7C0 A4=102F00 A5=108000 A6=10BA1E PC=48E4 -- 0048E4: rts
D0=D0000 D1=50 D2=64 D3=0 D4=840000F D5=842184D8 D6=842184D8 D7=FFFFFFFF A0=91A00 A1=102F9A A2=109FA6 A3=7A7C0 A4=102F00 A5=108000 A6=10BA1E PC=3E7C -- 003E7C: bra     $481a
D0=D0000 D1=50 D2=64 D3=0 D4=840000F D5=842184D8 D6=842184D8 D7=FFFFFFFF A0=91A00 A1=102F9A A2=109FA6 A3=7A7C0 A4=102F00 A5=108000 A6=10BA1E PC=481A -- 00481A: addq.w  #1, ($e3a,A5)
D0=D0000 D1=50 D2=64 D3=0 D4=840000F D5=842184D8 D6=842184D8 D7=FFFFFFFF A0=91A00 A1=102F9A A2=109FA6 A3=7A7C0 A4=102F00 A5=108000 A6=10BA1E PC=481E -- 00481E: lea     ($838,A5), A1
D0=D0000 D1=50 D2=64 D3=0 D4=840000F D5=842184D8 D6=842184D8 D7=FFFFFFFF A0=91A00 A1=108838 A2=109FA6 A3=7A7C0 A4=102F00 A5=108000 A6=10BA1E PC=4822 -- 004822: move.w  ($2c,A4), D0
D0=D006C D1=50 D2=64 D3=0 D4=840000F D5=842184D8 D6=842184D8 D7=FFFFFFFF A0=91A00 A1=108838 A2=109FA6 A3=7A7C0 A4=102F00 A5=108000 A6=10BA1E PC=4826 -- 004826: move.w  D0, D1
D0=D006C D1=6C D2=64 D3=0 D4=840000F D5=842184D8 D6=842184D8 D7=FFFFFFFF A0=91A00 A1=108838 A2=109FA6 A3=7A7C0 A4=102F00 A5=108000 A6=10BA1E PC=4828 -- 004828: add.w   D1, D1
D0=D006C D1=D8 D2=64 D3=0 D4=840000F D5=842184D8 D6=842184D8 D7=FFFFFFFF A0=91A00 A1=108838 A2=109FA6 A3=7A7C0 A4=102F00 A5=108000 A6=10BA1E PC=482A -- 00482A: adda.w  D1, A1
D0=D006C D1=D8 D2=64 D3=0 D4=840000F D5=842184D8 D6=842184D8 D7=FFFFFFFF A0=91A00 A1=108910 A2=109FA6 A3=7A7C0 A4=102F00 A5=108000 A6=10BA1E PC=482C -- 00482C: cmp.w   ($e38,A5), D1
D0=D006C D1=D8 D2=64 D3=0 D4=840000F D5=842184D8 D6=842184D8 D7=FFFFFFFF A0=91A00 A1=108910 A2=109FA6 A3=7A7C0 A4=102F00 A5=108000 A6=10BA1E PC=4830 -- 004830: bhi     $4836
D0=D006C D1=D8 D2=64 D3=0 D4=840000F D5=842184D8 D6=842184D8 D7=FFFFFFFF A0=91A00 A1=108910 A2=109FA6 A3=7A7C0 A4=102F00 A5=108000 A6=10BA1E PC=4836 -- 004836: move.w  (A1)+, D1
D0=D006C D1=0 D2=64 D3=0 D4=840000F D5=842184D8 D6=842184D8 D7=FFFFFFFF A0=91A00 A1=108912 A2=109FA6 A3=7A7C0 A4=102F00 A5=108000 A6=10BA1E PC=4838 -- 004838: beq     $485a
D0=D006C D1=0 D2=64 D3=0 D4=840000F D5=842184D8 D6=842184D8 D7=FFFFFFFF A0=91A00 A1=108912 A2=109FA6 A3=7A7C0 A4=102F00 A5=108000 A6=10BA1E PC=485A -- 00485A: move.w  A4, (-$2,A1)
D0=D006C D1=0 D2=64 D3=0 D4=840000F D5=842184D8 D6=842184D8 D7=FFFFFFFF A0=91A00 A1=108912 A2=109FA6 A3=7A7C0 A4=102F00 A5=108000 A6=10BA1E PC=485E -- 00485E: rts
D0=D006C D1=0 D2=64 D3=0 D4=840000F D5=842184D8 D6=842184D8 D7=FFFFFFFF A0=91A00 A1=108912 A2=109FA6 A3=7A7C0 A4=102F00 A5=108000 A6=10BA1E PC=32B3C -- 032B3C: move.l  A4, D7
D0=D006C D1=0 D2=64 D3=0 D4=840000F D5=842184D8 D6=842184D8 D7=102F00 A0=91A00 A1=108912 A2=109FA6 A3=7A7C0 A4=102F00 A5=108000 A6=10BA1E PC=32B3E -- 032B3E: move.w  ($4,A4), D7
D0=D006C D1=0 D2=64 D3=0 D4=840000F D5=842184D8 D6=842184D8 D7=103100 A0=91A00 A1=108912 A2=109FA6 A3=7A7C0 A4=102F00 A5=108000 A6=10BA1E PC=32B42 -- 032B42: bpl     $32b36
D0=D006C D1=0 D2=64 D3=0 D4=840000F D5=842184D8 D6=842184D8 D7=103100 A0=91A00 A1=108912 A2=109FA6 A3=7A7C0 A4=102F00 A5=108000 A6=10BA1E PC=32B36 -- 032B36: movea.l D7, A4
D0=D006C D1=0 D2=64 D3=0 D4=840000F D5=842184D8 D6=842184D8 D7=103100 A0=91A00 A1=108912 A2=109FA6 A3=7A7C0 A4=103100 A5=108000 A6=10BA1E PC=32B38 -- 032B38: movea.l (A4), A0
D0=D006C D1=0 D2=64 D3=0 D4=840000F D5=842184D8 D6=842184D8 D7=103100 A0=379A2 A1=108912 A2=109FA6 A3=7A7C0 A4=103100 A5=108000 A6=10BA1E PC=32B3A -- 032B3A: jsr     (A0)
D0=D006C D1=0 D2=64 D3=0 D4=840000F D5=842184D8 D6=842184D8 D7=103100 A0=379A2 A1=108912 A2=109FA6 A3=7A7C0 A4=103100 A5=108000 A6=10BA1E PC=379A2 -- 0379A2: btst    #$0, ($cf,A4)
D0=D006C D1=0 D2=64 D3=0 D4=840000F D5=842184D8 D6=842184D8 D7=103100 A0=379A2 A1=108912 A2=109FA6 A3=7A7C0 A4=103100 A5=108000 A6=10BA1E PC=379A8 -- 0379A8: bne     $379f4
D0=D006C D1=0 D2=64 D3=0 D4=840000F D5=842184D8 D6=842184D8 D7=103100 A0=379A2 A1=108912 A2=109FA6 A3=7A7C0 A4=103100 A5=108000 A6=10BA1E PC=379AA -- 0379AA: moveq   #$0, D0
D0=0 D1=0 D2=64 D3=0 D4=840000F D5=842184D8 D6=842184D8 D7=103100 A0=379A2 A1=108912 A2=109FA6 A3=7A7C0 A4=103100 A5=108000 A6=10BA1E PC=379AC -- 0379AC: move.b  ($231,A5), D0
D0=5 D1=0 D2=64 D3=0 D4=840000F D5=842184D8 D6=842184D8 D7=103100 A0=379A2 A1=108912 A2=109FA6 A3=7A7C0 A4=103100 A5=108000 A6=10BA1E PC=379B0 -- 0379B0: move.b  ($501c,A5), ($d8,A4)
D0=5 D1=0 D2=64 D3=0 D4=840000F D5=842184D8 D6=842184D8 D7=103100 A0=379A2 A1=108912 A2=109FA6 A3=7A7C0 A4=103100 A5=108000 A6=10BA1E PC=379B6 -- 0379B6: cmpi.l  #$108100, ($84,A4)
D0=5 D1=0 D2=64 D3=0 D4=840000F D5=842184D8 D6=842184D8 D7=103100 A0=379A2 A1=108912 A2=109FA6 A3=7A7C0 A4=103100 A5=108000 A6=10BA1E PC=379BE -- 0379BE: beq     $379ca
D0=5 D1=0 D2=64 D3=0 D4=840000F D5=842184D8 D6=842184D8 D7=103100 A0=379A2 A1=108912 A2=109FA6 A3=7A7C0 A4=103100 A5=108000 A6=10BA1E PC=379C0 -- 0379C0: move.b  ($431,A5), D0
D0=6 D1=0 D2=64 D3=0 D4=840000F D5=842184D8 D6=842184D8 D7=103100 A0=379A2 A1=108912 A2=109FA6 A3=7A7C0 A4=103100 A5=108000 A6=10BA1E PC=379C4 -- 0379C4: move.b  ($501d,A5), ($d8,A4)
D0=6 D1=0 D2=64 D3=0 D4=840000F D5=842184D8 D6=842184D8 D7=103100 A0=379A2 A1=108912 A2=109FA6 A3=7A7C0 A4=103100 A5=108000 A6=10BA1E PC=379CA -- 0379CA: bsr     $3790e
D0=6 D1=0 D2=64 D3=0 D4=840000F D5=842184D8 D6=842184D8 D7=103100 A0=379A2 A1=108912 A2=109FA6 A3=7A7C0 A4=103100 A5=108000 A6=10BA1E PC=3790E -- 03790E: add.w   D0, D0
D0=C D1=0 D2=64 D3=0 D4=840000F D5=842184D8 D6=842184D8 D7=103100 A0=379A2 A1=108912 A2=109FA6 A3=7A7C0 A4=103100 A5=108000 A6=10BA1E PC=37910 -- 037910: add.w   D0, D0
D0=18 D1=0 D2=64 D3=0 D4=840000F D5=842184D8 D6=842184D8 D7=103100 A0=379A2 A1=108912 A2=109FA6 A3=7A7C0 A4=103100 A5=108000 A6=10BA1E PC=37912 -- 037912: lea     $534dc.l, A2
D0=18 D1=0 D2=64 D3=0 D4=840000F D5=842184D8 D6=842184D8 D7=103100 A0=379A2 A1=108912 A2=534DC A3=7A7C0 A4=103100 A5=108000 A6=10BA1E PC=37918 -- 037918: adda.w  D0, A2
D0=18 D1=0 D2=64 D3=0 D4=840000F D5=842184D8 D6=842184D8 D7=103100 A0=379A2 A1=108912 A2=534F4 A3=7A7C0 A4=103100 A5=108000 A6=10BA1E PC=3791A -- 03791A: rts
D0=18 D1=0 D2=64 D3=0 D4=840000F D5=842184D8 D6=842184D8 D7=103100 A0=379A2 A1=108912 A2=534F4 A3=7A7C0 A4=103100 A5=108000 A6=10BA1E PC=379CE -- 0379CE: move.w  ($d0,A4), D0
D0=1 D1=0 D2=64 D3=0 D4=840000F D5=842184D8 D6=842184D8 D7=103100 A0=379A2 A1=108912 A2=534F4 A3=7A7C0 A4=103100 A5=108000 A6=10BA1E PC=379D2 -- 0379D2: move.b  (A2,D0.w), ($71,A4)
D0=1 D1=0 D2=64 D3=0 D4=840000F D5=842184D8 D6=842184D8 D7=103100 A0=379A2 A1=108912 A2=534F4 A3=7A7C0 A4=103100 A5=108000 A6=10BA1E PC=379D8 -- 0379D8: move.b  #$ff, ($78,A4)
D0=1 D1=0 D2=64 D3=0 D4=840000F D5=842184D8 D6=842184D8 D7=103100 A0=379A2 A1=108912 A2=534F4 A3=7A7C0 A4=103100 A5=108000 A6=10BA1E PC=379DE -- 0379DE: jsr     $48e6.w
D0=1 D1=0 D2=64 D3=0 D4=840000F D5=842184D8 D6=842184D8 D7=103100 A0=379A2 A1=108912 A2=534F4 A3=7A7C0 A4=103100 A5=108000 A6=10BA1E PC=48E6 -- 0048E6: move.w  ($70,A4), D0
D0=13 D1=0 D2=64 D3=0 D4=840000F D5=842184D8 D6=842184D8 D7=103100 A0=379A2 A1=108912 A2=534F4 A3=7A7C0 A4=103100 A5=108000 A6=10BA1E PC=48EA -- 0048EA: cmp.b   ($78,A4), D0
D0=13 D1=0 D2=64 D3=0 D4=840000F D5=842184D8 D6=842184D8 D7=103100 A0=379A2 A1=108912 A2=534F4 A3=7A7C0 A4=103100 A5=108000 A6=10BA1E PC=48EE -- 0048EE: bne     $491c
D0=13 D1=0 D2=64 D3=0 D4=840000F D5=842184D8 D6=842184D8 D7=103100 A0=379A2 A1=108912 A2=534F4 A3=7A7C0 A4=103100 A5=108000 A6=10BA1E PC=491C -- 00491C: move.b  D0, ($78,A4)
D0=13 D1=0 D2=64 D3=0 D4=840000F D5=842184D8 D6=842184D8 D7=103100 A0=379A2 A1=108912 A2=534F4 A3=7A7C0 A4=103100 A5=108000 A6=10BA1E PC=4920 -- 004920: clr.w   ($74,A4)
D0=13 D1=0 D2=64 D3=0 D4=840000F D5=842184D8 D6=842184D8 D7=103100 A0=379A2 A1=108912 A2=534F4 A3=7A7C0 A4=103100 A5=108000 A6=10BA1E PC=4924 -- 004924: clr.w   ($7e,A4)
D0=13 D1=0 D2=64 D3=0 D4=840000F D5=842184D8 D6=842184D8 D7=103100 A0=379A2 A1=108912 A2=534F4 A3=7A7C0 A4=103100 A5=108000 A6=10BA1E PC=4928 -- 004928: clr.b   ($7d,A4)
D0=13 D1=0 D2=64 D3=0 D4=840000F D5=842184D8 D6=842184D8 D7=103100 A0=379A2 A1=108912 A2=534F4 A3=7A7C0 A4=103100 A5=108000 A6=10BA1E PC=492C -- 00492C: andi.w  #$efff, ($e6,A4)
D0=13 D1=0 D2=64 D3=0 D4=840000F D5=842184D8 D6=842184D8 D7=103100 A0=379A2 A1=108912 A2=534F4 A3=7A7C0 A4=103100 A5=108000 A6=10BA1E PC=4932 -- 004932: bsr     $49f8
D0=13 D1=0 D2=64 D3=0 D4=840000F D5=842184D8 D6=842184D8 D7=103100 A0=379A2 A1=108912 A2=534F4 A3=7A7C0 A4=103100 A5=108000 A6=10BA1E PC=49F8 -- 0049F8: lea     ($90,A4), A0
D0=13 D1=0 D2=64 D3=0 D4=840000F D5=842184D8 D6=842184D8 D7=103100 A0=103190 A1=108912 A2=534F4 A3=7A7C0 A4=103100 A5=108000 A6=10BA1E PC=49FC -- 0049FC: clr.b   (A0)
D0=13 D1=0 D2=64 D3=0 D4=840000F D5=842184D8 D6=842184D8 D7=103100 A0=103190 A1=108912 A2=534F4 A3=7A7C0 A4=103100 A5=108000 A6=10BA1E PC=49FE -- 0049FE: clr.b   ($5,A0)
D0=13 D1=0 D2=64 D3=0 D4=840000F D5=842184D8 D6=842184D8 D7=103100 A0=103190 A1=108912 A2=534F4 A3=7A7C0 A4=103100 A5=108000 A6=10BA1E PC=4A02 -- 004A02: clr.b   ($a,A0)
D0=13 D1=0 D2=64 D3=0 D4=840000F D5=842184D8 D6=842184D8 D7=103100 A0=103190 A1=108912 A2=534F4 A3=7A7C0 A4=103100 A5=108000 A6=10BA1E PC=4A06 -- 004A06: clr.b   ($f,A0)
D0=13 D1=0 D2=64 D3=0 D4=840000F D5=842184D8 D6=842184D8 D7=103100 A0=103190 A1=108912 A2=534F4 A3=7A7C0 A4=103100 A5=108000 A6=10BA1E PC=4A0A -- 004A0A: rts
D0=13 D1=0 D2=64 D3=0 D4=840000F D5=842184D8 D6=842184D8 D7=103100 A0=103190 A1=108912 A2=534F4 A3=7A7C0 A4=103100 A5=108000 A6=10BA1E PC=4936 -- 004936: bsr     $4962
D0=13 D1=0 D2=64 D3=0 D4=840000F D5=842184D8 D6=842184D8 D7=103100 A0=103190 A1=108912 A2=534F4 A3=7A7C0 A4=103100 A5=108000 A6=10BA1E PC=4962 -- 004962: lea     $7bf48.l, A0
D0=13 D1=0 D2=64 D3=0 D4=840000F D5=842184D8 D6=842184D8 D7=103100 A0=7BF48 A1=108912 A2=534F4 A3=7A7C0 A4=103100 A5=108000 A6=10BA1E PC=4968 -- 004968: move.w  ($70,A4), D0
D0=13 D1=0 D2=64 D3=0 D4=840000F D5=842184D8 D6=842184D8 D7=103100 A0=7BF48 A1=108912 A2=534F4 A3=7A7C0 A4=103100 A5=108000 A6=10BA1E PC=496C -- 00496C: add.w   D0, D0
D0=26 D1=0 D2=64 D3=0 D4=840000F D5=842184D8 D6=842184D8 D7=103100 A0=7BF48 A1=108912 A2=534F4 A3=7A7C0 A4=103100 A5=108000 A6=10BA1E PC=496E -- 00496E: add.w   D0, D0
D0=4C D1=0 D2=64 D3=0 D4=840000F D5=842184D8 D6=842184D8 D7=103100 A0=7BF48 A1=108912 A2=534F4 A3=7A7C0 A4=103100 A5=108000 A6=10BA1E PC=4970 -- 004970: movea.l (A0,D0.w), A0
D0=4C D1=0 D2=64 D3=0 D4=840000F D5=842184D8 D6=842184D8 D7=103100 A0=7E5C0 A1=108912 A2=534F4 A3=7A7C0 A4=103100 A5=108000 A6=10BA1E PC=4974 -- 004974: move.w  ($72,A4), D0
D0=0 D1=0 D2=64 D3=0 D4=840000F D5=842184D8 D6=842184D8 D7=103100 A0=7E5C0 A1=108912 A2=534F4 A3=7A7C0 A4=103100 A5=108000 A6=10BA1E PC=4978 -- 004978: add.w   D0, D0
D0=0 D1=0 D2=64 D3=0 D4=840000F D5=842184D8 D6=842184D8 D7=103100 A0=7E5C0 A1=108912 A2=534F4 A3=7A7C0 A4=103100 A5=108000 A6=10BA1E PC=497A -- 00497A: move.w  (A0,D0.w), ($46de,A5)
D0=0 D1=0 D2=64 D3=0 D4=840000F D5=842184D8 D6=842184D8 D7=103100 A0=7E5C0 A1=108912 A2=534F4 A3=7A7C0 A4=103100 A5=108000 A6=10BA1E PC=4980 -- 004980: lea     $80000.l, A0
D0=0 D1=0 D2=64 D3=0 D4=840000F D5=842184D8 D6=842184D8 D7=103100 A0=80000 A1=108912 A2=534F4 A3=7A7C0 A4=103100 A5=108000 A6=10BA1E PC=4986 -- 004986: move.w  ($70,A4), D0
D0=13 D1=0 D2=64 D3=0 D4=840000F D5=842184D8 D6=842184D8 D7=103100 A0=80000 A1=108912 A2=534F4 A3=7A7C0 A4=103100 A5=108000 A6=10BA1E PC=498A -- 00498A: add.w   D0, D0
D0=26 D1=0 D2=64 D3=0 D4=840000F D5=842184D8 D6=842184D8 D7=103100 A0=80000 A1=108912 A2=534F4 A3=7A7C0 A4=103100 A5=108000 A6=10BA1E PC=498C -- 00498C: add.w   D0, D0
D0=4C D1=0 D2=64 D3=0 D4=840000F D5=842184D8 D6=842184D8 D7=103100 A0=80000 A1=108912 A2=534F4 A3=7A7C0 A4=103100 A5=108000 A6=10BA1E PC=498E -- 00498E: movea.l (A0,D0.w), A0
D0=4C D1=0 D2=64 D3=0 D4=840000F D5=842184D8 D6=842184D8 D7=103100 A0=84E00 A1=108912 A2=534F4 A3=7A7C0 A4=103100 A5=108000 A6=10BA1E PC=4992 -- 004992: move.w  ($46de,A5), D0
D0=0 D1=0 D2=64 D3=0 D4=840000F D5=842184D8 D6=842184D8 D7=103100 A0=84E00 A1=108912 A2=534F4 A3=7A7C0 A4=103100 A5=108000 A6=10BA1E PC=4996 -- 004996: tst.b   ($46e2,A5)
D0=0 D1=0 D2=64 D3=0 D4=840000F D5=842184D8 D6=842184D8 D7=103100 A0=84E00 A1=108912 A2=534F4 A3=7A7C0 A4=103100 A5=108000 A6=10BA1E PC=499A -- 00499A: beq     $49a0
D0=0 D1=0 D2=64 D3=0 D4=840000F D5=842184D8 D6=842184D8 D7=103100 A0=84E00 A1=108912 A2=534F4 A3=7A7C0 A4=103100 A5=108000 A6=10BA1E PC=49A0 -- 0049A0: andi.w  #$ff, D0
D0=0 D1=0 D2=64 D3=0 D4=840000F D5=842184D8 D6=842184D8 D7=103100 A0=84E00 A1=108912 A2=534F4 A3=7A7C0 A4=103100 A5=108000 A6=10BA1E PC=49A4 -- 0049A4: add.w   D0, D0
D0=0 D1=0 D2=64 D3=0 D4=840000F D5=842184D8 D6=842184D8 D7=103100 A0=84E00 A1=108912 A2=534F4 A3=7A7C0 A4=103100 A5=108000 A6=10BA1E PC=49A6 -- 0049A6: add.w   D0, D0
D0=0 D1=0 D2=64 D3=0 D4=840000F D5=842184D8 D6=842184D8 D7=103100 A0=84E00 A1=108912 A2=534F4 A3=7A7C0 A4=103100 A5=108000 A6=10BA1E PC=49A8 -- 0049A8: movea.l (A0,D0.w), A0
D0=0 D1=0 D2=64 D3=0 D4=840000F D5=842184D8 D6=842184D8 D7=103100 A0=D7184 A1=108912 A2=534F4 A3=7A7C0 A4=103100 A5=108000 A6=10BA1E PC=49AC -- 0049AC: move.w  ($74,A4), D0
D0=0 D1=0 D2=64 D3=0 D4=840000F D5=842184D8 D6=842184D8 D7=103100 A0=D7184 A1=108912 A2=534F4 A3=7A7C0 A4=103100 A5=108000 A6=10BA1E PC=49B0 -- 0049B0: adda.w  D0, A0
D0=0 D1=0 D2=64 D3=0 D4=840000F D5=842184D8 D6=842184D8 D7=103100 A0=D7184 A1=108912 A2=534F4 A3=7A7C0 A4=103100 A5=108000 A6=10BA1E PC=49B2 -- 0049B2: move.b  (A0), ($76,A4)
D0=0 D1=0 D2=64 D3=0 D4=840000F D5=842184D8 D6=842184D8 D7=103100 A0=D7184 A1=108912 A2=534F4 A3=7A7C0 A4=103100 A5=108000 A6=10BA1E PC=49B6 -- 0049B6: bmi     $4a22
D0=0 D1=0 D2=64 D3=0 D4=840000F D5=842184D8 D6=842184D8 D7=103100 A0=D7184 A1=108912 A2=534F4 A3=7A7C0 A4=103100 A5=108000 A6=10BA1E PC=4A22 -- 004A22: addq.w  #6, ($74,A4)
D0=0 D1=0 D2=64 D3=0 D4=840000F D5=842184D8 D6=842184D8 D7=103100 A0=D7184 A1=108912 A2=534F4 A3=7A7C0 A4=103100 A5=108000 A6=10BA1E PC=4A26 -- 004A26: moveq   #$0, D0
D0=0 D1=0 D2=64 D3=0 D4=840000F D5=842184D8 D6=842184D8 D7=103100 A0=D7184 A1=108912 A2=534F4 A3=7A7C0 A4=103100 A5=108000 A6=10BA1E PC=4A28 -- 004A28: move.b  (A0), D0
D0=FD D1=0 D2=64 D3=0 D4=840000F D5=842184D8 D6=842184D8 D7=103100 A0=D7184 A1=108912 A2=534F4 A3=7A7C0 A4=103100 A5=108000 A6=10BA1E PC=4A2A -- 004A2A: neg.b   D0
D0=3 D1=0 D2=64 D3=0 D4=840000F D5=842184D8 D6=842184D8 D7=103100 A0=D7184 A1=108912 A2=534F4 A3=7A7C0 A4=103100 A5=108000 A6=10BA1E PC=4A2C -- 004A2C: subq.b  #1, D0
D0=2 D1=0 D2=64 D3=0 D4=840000F D5=842184D8 D6=842184D8 D7=103100 A0=D7184 A1=108912 A2=534F4 A3=7A7C0 A4=103100 A5=108000 A6=10BA1E PC=4A2E -- 004A2E: add.w   D0, D0
D0=4 D1=0 D2=64 D3=0 D4=840000F D5=842184D8 D6=842184D8 D7=103100 A0=D7184 A1=108912 A2=534F4 A3=7A7C0 A4=103100 A5=108000 A6=10BA1E PC=4A30 -- 004A30: add.w   D0, D0
D0=8 D1=0 D2=64 D3=0 D4=840000F D5=842184D8 D6=842184D8 D7=103100 A0=D7184 A1=108912 A2=534F4 A3=7A7C0 A4=103100 A5=108000 A6=10BA1E PC=4A32 -- 004A32: lea     ($e,PC) ; ($4a42), A1
D0=8 D1=0 D2=64 D3=0 D4=840000F D5=842184D8 D6=842184D8 D7=103100 A0=D7184 A1=4A42 A2=534F4 A3=7A7C0 A4=103100 A5=108000 A6=10BA1E PC=4A36 -- 004A36: nop
D0=8 D1=0 D2=64 D3=0 D4=840000F D5=842184D8 D6=842184D8 D7=103100 A0=D7184 A1=4A42 A2=534F4 A3=7A7C0 A4=103100 A5=108000 A6=10BA1E PC=4A38 -- 004A38: movea.l (A1,D0.w), A1
D0=8 D1=0 D2=64 D3=0 D4=840000F D5=842184D8 D6=842184D8 D7=103100 A0=D7184 A1=4A74 A2=534F4 A3=7A7C0 A4=103100 A5=108000 A6=10BA1E PC=4A3C -- 004A3C: jsr     (A1)
D0=8 D1=0 D2=64 D3=0 D4=840000F D5=842184D8 D6=842184D8 D7=103100 A0=D7184 A1=4A74 A2=534F4 A3=7A7C0 A4=103100 A5=108000 A6=10BA1E PC=4A74 -- 004A74: addq.l  #1, A0
D0=8 D1=0 D2=64 D3=0 D4=840000F D5=842184D8 D6=842184D8 D7=103100 A0=D7185 A1=4A74 A2=534F4 A3=7A7C0 A4=103100 A5=108000 A6=10BA1E PC=4A76 -- 004A76: move.b  (A0)+, D0
D0=30 D1=0 D2=64 D3=0 D4=840000F D5=842184D8 D6=842184D8 D7=103100 A0=D7186 A1=4A74 A2=534F4 A3=7A7C0 A4=103100 A5=108000 A6=10BA1E PC=4A78 -- 004A78: move.b  D0, D1
D0=30 D1=30 D2=64 D3=0 D4=840000F D5=842184D8 D6=842184D8 D7=103100 A0=D7186 A1=4A74 A2=534F4 A3=7A7C0 A4=103100 A5=108000 A6=10BA1E PC=4A7A -- 004A7A: andi.w  #$f, D1
D0=30 D1=0 D2=64 D3=0 D4=840000F D5=842184D8 D6=842184D8 D7=103100 A0=D7186 A1=4A74 A2=534F4 A3=7A7C0 A4=103100 A5=108000 A6=10BA1E PC=4A7E -- 004A7E: lea     ($90,A4), A1
D0=30 D1=0 D2=64 D3=0 D4=840000F D5=842184D8 D6=842184D8 D7=103100 A0=D7186 A1=103190 A2=534F4 A3=7A7C0 A4=103100 A5=108000 A6=10BA1E PC=4A82 -- 004A82: mulu.w  #$5, D1
D0=30 D1=0 D2=64 D3=0 D4=840000F D5=842184D8 D6=842184D8 D7=103100 A0=D7186 A1=103190 A2=534F4 A3=7A7C0 A4=103100 A5=108000 A6=10BA1E PC=4A86 -- 004A86: adda.l  D1, A1
D0=30 D1=0 D2=64 D3=0 D4=840000F D5=842184D8 D6=842184D8 D7=103100 A0=D7186 A1=103190 A2=534F4 A3=7A7C0 A4=103100 A5=108000 A6=10BA1E PC=4A88 -- 004A88: lsr.b   #4, D0
D0=3 D1=0 D2=64 D3=0 D4=840000F D5=842184D8 D6=842184D8 D7=103100 A0=D7186 A1=103190 A2=534F4 A3=7A7C0 A4=103100 A5=108000 A6=10BA1E PC=4A8A -- 004A8A: move.b  D0, (A1)+
D0=3 D1=0 D2=64 D3=0 D4=840000F D5=842184D8 D6=842184D8 D7=103100 A0=D7186 A1=103191 A2=534F4 A3=7A7C0 A4=103100 A5=108000 A6=10BA1E PC=4A8C -- 004A8C: move.b  (A0)+, (A1)+
D0=3 D1=0 D2=64 D3=0 D4=840000F D5=842184D8 D6=842184D8 D7=103100 A0=D7187 A1=103192 A2=534F4 A3=7A7C0 A4=103100 A5=108000 A6=10BA1E PC=4A8E -- 004A8E: move.b  (A0)+, (A1)+
D0=3 D1=0 D2=64 D3=0 D4=840000F D5=842184D8 D6=842184D8 D7=103100 A0=D7188 A1=103193 A2=534F4 A3=7A7C0 A4=103100 A5=108000 A6=10BA1E PC=4A90 -- 004A90: move.b  (A0)+, (A1)+
D0=3 D1=0 D2=64 D3=0 D4=840000F D5=842184D8 D6=842184D8 D7=103100 A0=D7189 A1=103194 A2=534F4 A3=7A7C0 A4=103100 A5=108000 A6=10BA1E PC=4A92 -- 004A92: move.b  (A0), (A1)+
D0=3 D1=0 D2=64 D3=0 D4=840000F D5=842184D8 D6=842184D8 D7=103100 A0=D7189 A1=103195 A2=534F4 A3=7A7C0 A4=103100 A5=108000 A6=10BA1E PC=4A94 -- 004A94: rts
D0=3 D1=0 D2=64 D3=0 D4=840000F D5=842184D8 D6=842184D8 D7=103100 A0=D7189 A1=103195 A2=534F4 A3=7A7C0 A4=103100 A5=108000 A6=10BA1E PC=4A3E -- 004A3E: bra     $4962
D0=3 D1=0 D2=64 D3=0 D4=840000F D5=842184D8 D6=842184D8 D7=103100 A0=D7189 A1=103195 A2=534F4 A3=7A7C0 A4=103100 A5=108000 A6=10BA1E PC=4962 -- 004962: lea     $7bf48.l, A0
D0=3 D1=0 D2=64 D3=0 D4=840000F D5=842184D8 D6=842184D8 D7=103100 A0=7BF48 A1=103195 A2=534F4 A3=7A7C0 A4=103100 A5=108000 A6=10BA1E PC=4968 -- 004968: move.w  ($70,A4), D0
D0=13 D1=0 D2=64 D3=0 D4=840000F D5=842184D8 D6=842184D8 D7=103100 A0=7BF48 A1=103195 A2=534F4 A3=7A7C0 A4=103100 A5=108000 A6=10BA1E PC=496C -- 00496C: add.w   D0, D0
D0=26 D1=0 D2=64 D3=0 D4=840000F D5=842184D8 D6=842184D8 D7=103100 A0=7BF48 A1=103195 A2=534F4 A3=7A7C0 A4=103100 A5=108000 A6=10BA1E PC=496E -- 00496E: add.w   D0, D0
D0=4C D1=0 D2=64 D3=0 D4=840000F D5=842184D8 D6=842184D8 D7=103100 A0=7BF48 A1=103195 A2=534F4 A3=7A7C0 A4=103100 A5=108000 A6=10BA1E PC=4970 -- 004970: movea.l (A0,D0.w), A0
D0=4C D1=0 D2=64 D3=0 D4=840000F D5=842184D8 D6=842184D8 D7=103100 A0=7E5C0 A1=103195 A2=534F4 A3=7A7C0 A4=103100 A5=108000 A6=10BA1E PC=4974 -- 004974: move.w  ($72,A4), D0
D0=0 D1=0 D2=64 D3=0 D4=840000F D5=842184D8 D6=842184D8 D7=103100 A0=7E5C0 A1=103195 A2=534F4 A3=7A7C0 A4=103100 A5=108000 A6=10BA1E PC=4978 -- 004978: add.w   D0, D0
D0=0 D1=0 D2=64 D3=0 D4=840000F D5=842184D8 D6=842184D8 D7=103100 A0=7E5C0 A1=103195 A2=534F4 A3=7A7C0 A4=103100 A5=108000 A6=10BA1E PC=497A -- 00497A: move.w  (A0,D0.w), ($46de,A5)
D0=0 D1=0 D2=64 D3=0 D4=840000F D5=842184D8 D6=842184D8 D7=103100 A0=7E5C0 A1=103195 A2=534F4 A3=7A7C0 A4=103100 A5=108000 A6=10BA1E PC=4980 -- 004980: lea     $80000.l, A0
D0=0 D1=0 D2=64 D3=0 D4=840000F D5=842184D8 D6=842184D8 D7=103100 A0=80000 A1=103195 A2=534F4 A3=7A7C0 A4=103100 A5=108000 A6=10BA1E PC=4986 -- 004986: move.w  ($70,A4), D0
D0=13 D1=0 D2=64 D3=0 D4=840000F D5=842184D8 D6=842184D8 D7=103100 A0=80000 A1=103195 A2=534F4 A3=7A7C0 A4=103100 A5=108000 A6=10BA1E PC=498A -- 00498A: add.w   D0, D0
D0=26 D1=0 D2=64 D3=0 D4=840000F D5=842184D8 D6=842184D8 D7=103100 A0=80000 A1=103195 A2=534F4 A3=7A7C0 A4=103100 A5=108000 A6=10BA1E PC=498C -- 00498C: add.w   D0, D0
D0=4C D1=0 D2=64 D3=0 D4=840000F D5=842184D8 D6=842184D8 D7=103100 A0=80000 A1=103195 A2=534F4 A3=7A7C0 A4=103100 A5=108000 A6=10BA1E PC=498E -- 00498E: movea.l (A0,D0.w), A0
D0=4C D1=0 D2=64 D3=0 D4=840000F D5=842184D8 D6=842184D8 D7=103100 A0=84E00 A1=103195 A2=534F4 A3=7A7C0 A4=103100 A5=108000 A6=10BA1E PC=4992 -- 004992: move.w  ($46de,A5), D0
D0=0 D1=0 D2=64 D3=0 D4=840000F D5=842184D8 D6=842184D8 D7=103100 A0=84E00 A1=103195 A2=534F4 A3=7A7C0 A4=103100 A5=108000 A6=10BA1E PC=4996 -- 004996: tst.b   ($46e2,A5)
D0=0 D1=0 D2=64 D3=0 D4=840000F D5=842184D8 D6=842184D8 D7=103100 A0=84E00 A1=103195 A2=534F4 A3=7A7C0 A4=103100 A5=108000 A6=10BA1E PC=499A -- 00499A: beq     $49a0
D0=0 D1=0 D2=64 D3=0 D4=840000F D5=842184D8 D6=842184D8 D7=103100 A0=84E00 A1=103195 A2=534F4 A3=7A7C0 A4=103100 A5=108000 A6=10BA1E PC=49A0 -- 0049A0: andi.w  #$ff, D0
D0=0 D1=0 D2=64 D3=0 D4=840000F D5=842184D8 D6=842184D8 D7=103100 A0=84E00 A1=103195 A2=534F4 A3=7A7C0 A4=103100 A5=108000 A6=10BA1E PC=49A4 -- 0049A4: add.w   D0, D0
D0=0 D1=0 D2=64 D3=0 D4=840000F D5=842184D8 D6=842184D8 D7=103100 A0=84E00 A1=103195 A2=534F4 A3=7A7C0 A4=103100 A5=108000 A6=10BA1E PC=49A6 -- 0049A6: add.w   D0, D0
D0=0 D1=0 D2=64 D3=0 D4=840000F D5=842184D8 D6=842184D8 D7=103100 A0=84E00 A1=103195 A2=534F4 A3=7A7C0 A4=103100 A5=108000 A6=10BA1E PC=49A8 -- 0049A8: movea.l (A0,D0.w), A0
D0=0 D1=0 D2=64 D3=0 D4=840000F D5=842184D8 D6=842184D8 D7=103100 A0=D7184 A1=103195 A2=534F4 A3=7A7C0 A4=103100 A5=108000 A6=10BA1E PC=49AC -- 0049AC: move.w  ($74,A4), D0
D0=6 D1=0 D2=64 D3=0 D4=840000F D5=842184D8 D6=842184D8 D7=103100 A0=D7184 A1=103195 A2=534F4 A3=7A7C0 A4=103100 A5=108000 A6=10BA1E PC=49B0 -- 0049B0: adda.w  D0, A0
D0=6 D1=0 D2=64 D3=0 D4=840000F D5=842184D8 D6=842184D8 D7=103100 A0=D718A A1=103195 A2=534F4 A3=7A7C0 A4=103100 A5=108000 A6=10BA1E PC=49B2 -- 0049B2: move.b  (A0), ($76,A4)
D0=6 D1=0 D2=64 D3=0 D4=840000F D5=842184D8 D6=842184D8 D7=103100 A0=D718A A1=103195 A2=534F4 A3=7A7C0 A4=103100 A5=108000 A6=10BA1E PC=49B6 -- 0049B6: bmi     $4a22
D0=6 D1=0 D2=64 D3=0 D4=840000F D5=842184D8 D6=842184D8 D7=103100 A0=D718A A1=103195 A2=534F4 A3=7A7C0 A4=103100 A5=108000 A6=10BA1E PC=4A22 -- 004A22: addq.w  #6, ($74,A4)
D0=6 D1=0 D2=64 D3=0 D4=840000F D5=842184D8 D6=842184D8 D7=103100 A0=D718A A1=103195 A2=534F4 A3=7A7C0 A4=103100 A5=108000 A6=10BA1E PC=4A26 -- 004A26: moveq   #$0, D0
D0=0 D1=0 D2=64 D3=0 D4=840000F D5=842184D8 D6=842184D8 D7=103100 A0=D718A A1=103195 A2=534F4 A3=7A7C0 A4=103100 A5=108000 A6=10BA1E PC=4A28 -- 004A28: move.b  (A0), D0
D0=FD D1=0 D2=64 D3=0 D4=840000F D5=842184D8 D6=842184D8 D7=103100 A0=D718A A1=103195 A2=534F4 A3=7A7C0 A4=103100 A5=108000 A6=10BA1E PC=4A2A -- 004A2A: neg.b   D0
D0=3 D1=0 D2=64 D3=0 D4=840000F D5=842184D8 D6=842184D8 D7=103100 A0=D718A A1=103195 A2=534F4 A3=7A7C0 A4=103100 A5=108000 A6=10BA1E PC=4A2C -- 004A2C: subq.b  #1, D0
D0=2 D1=0 D2=64 D3=0 D4=840000F D5=842184D8 D6=842184D8 D7=103100 A0=D718A A1=103195 A2=534F4 A3=7A7C0 A4=103100 A5=108000 A6=10BA1E PC=4A2E -- 004A2E: add.w   D0, D0
D0=4 D1=0 D2=64 D3=0 D4=840000F D5=842184D8 D6=842184D8 D7=103100 A0=D718A A1=103195 A2=534F4 A3=7A7C0 A4=103100 A5=108000 A6=10BA1E PC=4A30 -- 004A30: add.w   D0, D0
D0=8 D1=0 D2=64 D3=0 D4=840000F D5=842184D8 D6=842184D8 D7=103100 A0=D718A A1=103195 A2=534F4 A3=7A7C0 A4=103100 A5=108000 A6=10BA1E PC=4A32 -- 004A32: lea     ($e,PC) ; ($4a42), A1
D0=8 D1=0 D2=64 D3=0 D4=840000F D5=842184D8 D6=842184D8 D7=103100 A0=D718A A1=4A42 A2=534F4 A3=7A7C0 A4=103100 A5=108000 A6=10BA1E PC=4A36 -- 004A36: nop
D0=8 D1=0 D2=64 D3=0 D4=840000F D5=842184D8 D6=842184D8 D7=103100 A0=D718A A1=4A42 A2=534F4 A3=7A7C0 A4=103100 A5=108000 A6=10BA1E PC=4A38 -- 004A38: movea.l (A1,D0.w), A1
D0=8 D1=0 D2=64 D3=0 D4=840000F D5=842184D8 D6=842184D8 D7=103100 A0=D718A A1=4A74 A2=534F4 A3=7A7C0 A4=103100 A5=108000 A6=10BA1E PC=4A3C -- 004A3C: jsr     (A1)
D0=8 D1=0 D2=64 D3=0 D4=840000F D5=842184D8 D6=842184D8 D7=103100 A0=D718A A1=4A74 A2=534F4 A3=7A7C0 A4=103100 A5=108000 A6=10BA1E PC=4A74 -- 004A74: addq.l  #1, A0
D0=8 D1=0 D2=64 D3=0 D4=840000F D5=842184D8 D6=842184D8 D7=103100 A0=D718B A1=4A74 A2=534F4 A3=7A7C0 A4=103100 A5=108000 A6=10BA1E PC=4A76 -- 004A76: move.b  (A0)+, D0
D0=41 D1=0 D2=64 D3=0 D4=840000F D5=842184D8 D6=842184D8 D7=103100 A0=D718C A1=4A74 A2=534F4 A3=7A7C0 A4=103100 A5=108000 A6=10BA1E PC=4A78 -- 004A78: move.b  D0, D1
D0=41 D1=41 D2=64 D3=0 D4=840000F D5=842184D8 D6=842184D8 D7=103100 A0=D718C A1=4A74 A2=534F4 A3=7A7C0 A4=103100 A5=108000 A6=10BA1E PC=4A7A -- 004A7A: andi.w  #$f, D1
D0=41 D1=1 D2=64 D3=0 D4=840000F D5=842184D8 D6=842184D8 D7=103100 A0=D718C A1=4A74 A2=534F4 A3=7A7C0 A4=103100 A5=108000 A6=10BA1E PC=4A7E -- 004A7E: lea     ($90,A4), A1
D0=41 D1=1 D2=64 D3=0 D4=840000F D5=842184D8 D6=842184D8 D7=103100 A0=D718C A1=103190 A2=534F4 A3=7A7C0 A4=103100 A5=108000 A6=10BA1E PC=4A82 -- 004A82: mulu.w  #$5, D1
D0=41 D1=5 D2=64 D3=0 D4=840000F D5=842184D8 D6=842184D8 D7=103100 A0=D718C A1=103190 A2=534F4 A3=7A7C0 A4=103100 A5=108000 A6=10BA1E PC=4A86 -- 004A86: adda.l  D1, A1
D0=41 D1=5 D2=64 D3=0 D4=840000F D5=842184D8 D6=842184D8 D7=103100 A0=D718C A1=103195 A2=534F4 A3=7A7C0 A4=103100 A5=108000 A6=10BA1E PC=4A88 -- 004A88: lsr.b   #4, D0
D0=4 D1=5 D2=64 D3=0 D4=840000F D5=842184D8 D6=842184D8 D7=103100 A0=D718C A1=103195 A2=534F4 A3=7A7C0 A4=103100 A5=108000 A6=10BA1E PC=4A8A -- 004A8A: move.b  D0, (A1)+
D0=4 D1=5 D2=64 D3=0 D4=840000F D5=842184D8 D6=842184D8 D7=103100 A0=D718C A1=103196 A2=534F4 A3=7A7C0 A4=103100 A5=108000 A6=10BA1E PC=4A8C -- 004A8C: move.b  (A0)+, (A1)+
D0=4 D1=5 D2=64 D3=0 D4=840000F D5=842184D8 D6=842184D8 D7=103100 A0=D718D A1=103197 A2=534F4 A3=7A7C0 A4=103100 A5=108000 A6=10BA1E PC=4A8E -- 004A8E: move.b  (A0)+, (A1)+
D0=4 D1=5 D2=64 D3=0 D4=840000F D5=842184D8 D6=842184D8 D7=103100 A0=D718E A1=103198 A2=534F4 A3=7A7C0 A4=103100 A5=108000 A6=10BA1E PC=4A90 -- 004A90: move.b  (A0)+, (A1)+
D0=4 D1=5 D2=64 D3=0 D4=840000F D5=842184D8 D6=842184D8 D7=103100 A0=D718F A1=103199 A2=534F4 A3=7A7C0 A4=103100 A5=108000 A6=10BA1E PC=4A92 -- 004A92: move.b  (A0), (A1)+
D0=4 D1=5 D2=64 D3=0 D4=840000F D5=842184D8 D6=842184D8 D7=103100 A0=D718F A1=10319A A2=534F4 A3=7A7C0 A4=103100 A5=108000 A6=10BA1E PC=4A94 -- 004A94: rts
D0=4 D1=5 D2=64 D3=0 D4=840000F D5=842184D8 D6=842184D8 D7=103100 A0=D718F A1=10319A A2=534F4 A3=7A7C0 A4=103100 A5=108000 A6=10BA1E PC=4A3E -- 004A3E: bra     $4962
D0=4 D1=5 D2=64 D3=0 D4=840000F D5=842184D8 D6=842184D8 D7=103100 A0=D718F A1=10319A A2=534F4 A3=7A7C0 A4=103100 A5=108000 A6=10BA1E PC=4962 -- 004962: lea     $7bf48.l, A0
D0=4 D1=5 D2=64 D3=0 D4=840000F D5=842184D8 D6=842184D8 D7=103100 A0=7BF48 A1=10319A A2=534F4 A3=7A7C0 A4=103100 A5=108000 A6=10BA1E PC=4968 -- 004968: move.w  ($70,A4), D0
D0=13 D1=5 D2=64 D3=0 D4=840000F D5=842184D8 D6=842184D8 D7=103100 A0=7BF48 A1=10319A A2=534F4 A3=7A7C0 A4=103100 A5=108000 A6=10BA1E PC=496C -- 00496C: add.w   D0, D0
D0=26 D1=5 D2=64 D3=0 D4=840000F D5=842184D8 D6=842184D8 D7=103100 A0=7BF48 A1=10319A A2=534F4 A3=7A7C0 A4=103100 A5=108000 A6=10BA1E PC=496E -- 00496E: add.w   D0, D0
D0=4C D1=5 D2=64 D3=0 D4=840000F D5=842184D8 D6=842184D8 D7=103100 A0=7BF48 A1=10319A A2=534F4 A3=7A7C0 A4=103100 A5=108000 A6=10BA1E PC=4970 -- 004970: movea.l (A0,D0.w), A0
D0=4C D1=5 D2=64 D3=0 D4=840000F D5=842184D8 D6=842184D8 D7=103100 A0=7E5C0 A1=10319A A2=534F4 A3=7A7C0 A4=103100 A5=108000 A6=10BA1E PC=4974 -- 004974: move.w  ($72,A4), D0
D0=0 D1=5 D2=64 D3=0 D4=840000F D5=842184D8 D6=842184D8 D7=103100 A0=7E5C0 A1=10319A A2=534F4 A3=7A7C0 A4=103100 A5=108000 A6=10BA1E PC=4978 -- 004978: add.w   D0, D0
D0=0 D1=5 D2=64 D3=0 D4=840000F D5=842184D8 D6=842184D8 D7=103100 A0=7E5C0 A1=10319A A2=534F4 A3=7A7C0 A4=103100 A5=108000 A6=10BA1E PC=497A -- 00497A: move.w  (A0,D0.w), ($46de,A5)
D0=0 D1=5 D2=64 D3=0 D4=840000F D5=842184D8 D6=842184D8 D7=103100 A0=7E5C0 A1=10319A A2=534F4 A3=7A7C0 A4=103100 A5=108000 A6=10BA1E PC=4980 -- 004980: lea     $80000.l, A0
D0=0 D1=5 D2=64 D3=0 D4=840000F D5=842184D8 D6=842184D8 D7=103100 A0=80000 A1=10319A A2=534F4 A3=7A7C0 A4=103100 A5=108000 A6=10BA1E PC=4986 -- 004986: move.w  ($70,A4), D0
D0=13 D1=5 D2=64 D3=0 D4=840000F D5=842184D8 D6=842184D8 D7=103100 A0=80000 A1=10319A A2=534F4 A3=7A7C0 A4=103100 A5=108000 A6=10BA1E PC=498A -- 00498A: add.w   D0, D0
D0=26 D1=5 D2=64 D3=0 D4=840000F D5=842184D8 D6=842184D8 D7=103100 A0=80000 A1=10319A A2=534F4 A3=7A7C0 A4=103100 A5=108000 A6=10BA1E PC=498C -- 00498C: add.w   D0, D0
D0=4C D1=5 D2=64 D3=0 D4=840000F D5=842184D8 D6=842184D8 D7=103100 A0=80000 A1=10319A A2=534F4 A3=7A7C0 A4=103100 A5=108000 A6=10BA1E PC=498E -- 00498E: movea.l (A0,D0.w), A0
D0=4C D1=5 D2=64 D3=0 D4=840000F D5=842184D8 D6=842184D8 D7=103100 A0=84E00 A1=10319A A2=534F4 A3=7A7C0 A4=103100 A5=108000 A6=10BA1E PC=4992 -- 004992: move.w  ($46de,A5), D0
D0=0 D1=5 D2=64 D3=0 D4=840000F D5=842184D8 D6=842184D8 D7=103100 A0=84E00 A1=10319A A2=534F4 A3=7A7C0 A4=103100 A5=108000 A6=10BA1E PC=4996 -- 004996: tst.b   ($46e2,A5)
D0=0 D1=5 D2=64 D3=0 D4=840000F D5=842184D8 D6=842184D8 D7=103100 A0=84E00 A1=10319A A2=534F4 A3=7A7C0 A4=103100 A5=108000 A6=10BA1E PC=499A -- 00499A: beq     $49a0
D0=0 D1=5 D2=64 D3=0 D4=840000F D5=842184D8 D6=842184D8 D7=103100 A0=84E00 A1=10319A A2=534F4 A3=7A7C0 A4=103100 A5=108000 A6=10BA1E PC=49A0 -- 0049A0: andi.w  #$ff, D0
D0=0 D1=5 D2=64 D3=0 D4=840000F D5=842184D8 D6=842184D8 D7=103100 A0=84E00 A1=10319A A2=534F4 A3=7A7C0 A4=103100 A5=108000 A6=10BA1E PC=49A4 -- 0049A4: add.w   D0, D0
D0=0 D1=5 D2=64 D3=0 D4=840000F D5=842184D8 D6=842184D8 D7=103100 A0=84E00 A1=10319A A2=534F4 A3=7A7C0 A4=103100 A5=108000 A6=10BA1E PC=49A6 -- 0049A6: add.w   D0, D0
D0=0 D1=5 D2=64 D3=0 D4=840000F D5=842184D8 D6=842184D8 D7=103100 A0=84E00 A1=10319A A2=534F4 A3=7A7C0 A4=103100 A5=108000 A6=10BA1E PC=49A8 -- 0049A8: movea.l (A0,D0.w), A0
D0=0 D1=5 D2=64 D3=0 D4=840000F D5=842184D8 D6=842184D8 D7=103100 A0=D7184 A1=10319A A2=534F4 A3=7A7C0 A4=103100 A5=108000 A6=10BA1E PC=49AC -- 0049AC: move.w  ($74,A4), D0
D0=C D1=5 D2=64 D3=0 D4=840000F D5=842184D8 D6=842184D8 D7=103100 A0=D7184 A1=10319A A2=534F4 A3=7A7C0 A4=103100 A5=108000 A6=10BA1E PC=49B0 -- 0049B0: adda.w  D0, A0
D0=C D1=5 D2=64 D3=0 D4=840000F D5=842184D8 D6=842184D8 D7=103100 A0=D7190 A1=10319A A2=534F4 A3=7A7C0 A4=103100 A5=108000 A6=10BA1E PC=49B2 -- 0049B2: move.b  (A0), ($76,A4)
D0=C D1=5 D2=64 D3=0 D4=840000F D5=842184D8 D6=842184D8 D7=103100 A0=D7190 A1=10319A A2=534F4 A3=7A7C0 A4=103100 A5=108000 A6=10BA1E PC=49B6 -- 0049B6: bmi     $4a22
D0=C D1=5 D2=64 D3=0 D4=840000F D5=842184D8 D6=842184D8 D7=103100 A0=D7190 A1=10319A A2=534F4 A3=7A7C0 A4=103100 A5=108000 A6=10BA1E PC=49BA -- 0049BA: move.b  ($81,A4), D0
D0=0 D1=5 D2=64 D3=0 D4=840000F D5=842184D8 D6=842184D8 D7=103100 A0=D7190 A1=10319A A2=534F4 A3=7A7C0 A4=103100 A5=108000 A6=10BA1E PC=49BE -- 0049BE: tst.b   ($7d,A4)
D0=0 D1=5 D2=64 D3=0 D4=840000F D5=842184D8 D6=842184D8 D7=103100 A0=D7190 A1=10319A A2=534F4 A3=7A7C0 A4=103100 A5=108000 A6=10BA1E PC=49C2 -- 0049C2: beq     $49c8
D0=0 D1=5 D2=64 D3=0 D4=840000F D5=842184D8 D6=842184D8 D7=103100 A0=D7190 A1=10319A A2=534F4 A3=7A7C0 A4=103100 A5=108000 A6=10BA1E PC=49C8 -- 0049C8: add.b   ($7d,A4), D0
D0=0 D1=5 D2=64 D3=0 D4=840000F D5=842184D8 D6=842184D8 D7=103100 A0=D7190 A1=10319A A2=534F4 A3=7A7C0 A4=103100 A5=108000 A6=10BA1E PC=49CC -- 0049CC: add.b   D0, ($76,A4)
D0=0 D1=5 D2=64 D3=0 D4=840000F D5=842184D8 D6=842184D8 D7=103100 A0=D7190 A1=10319A A2=534F4 A3=7A7C0 A4=103100 A5=108000 A6=10BA1E PC=49D0 -- 0049D0: bgt     $49d8
D0=0 D1=5 D2=64 D3=0 D4=840000F D5=842184D8 D6=842184D8 D7=103100 A0=D7190 A1=10319A A2=534F4 A3=7A7C0 A4=103100 A5=108000 A6=10BA1E PC=49D8 -- 0049D8: addq.w  #1, ($7e,A4)
D0=0 D1=5 D2=64 D3=0 D4=840000F D5=842184D8 D6=842184D8 D7=103100 A0=D7190 A1=10319A A2=534F4 A3=7A7C0 A4=103100 A5=108000 A6=10BA1E PC=49DC -- 0049DC: move.b  ($4,A0), ($7a,A4)
D0=0 D1=5 D2=64 D3=0 D4=840000F D5=842184D8 D6=842184D8 D7=103100 A0=D7190 A1=10319A A2=534F4 A3=7A7C0 A4=103100 A5=108000 A6=10BA1E PC=49E2 -- 0049E2: move.b  ($5,A0), ($7b,A4)
D0=0 D1=5 D2=64 D3=0 D4=840000F D5=842184D8 D6=842184D8 D7=103100 A0=D7190 A1=10319A A2=534F4 A3=7A7C0 A4=103100 A5=108000 A6=10BA1E PC=49E8 -- 0049E8: move.l  (A0), D0
D0=40D4338 D1=5 D2=64 D3=0 D4=840000F D5=842184D8 D6=842184D8 D7=103100 A0=D7190 A1=10319A A2=534F4 A3=7A7C0 A4=103100 A5=108000 A6=10BA1E PC=49EA -- 0049EA: movea.l D0, A0
D0=40D4338 D1=5 D2=64 D3=0 D4=840000F D5=842184D8 D6=842184D8 D7=103100 A0=40D4338 A1=10319A A2=534F4 A3=7A7C0 A4=103100 A5=108000 A6=10BA1E PC=49EC -- 0049EC: move.w  (A0), ($6a,A4)
D0=40D4338 D1=5 D2=64 D3=0 D4=840000F D5=842184D8 D6=842184D8 D7=103100 A0=40D4338 A1=10319A A2=534F4 A3=7A7C0 A4=103100 A5=108000 A6=10BA1E PC=49F0 -- 0049F0: move.w  ($2,A0), ($6c,A4)
D0=40D4338 D1=5 D2=64 D3=0 D4=840000F D5=842184D8 D6=842184D8 D7=103100 A0=40D4338 A1=10319A A2=534F4 A3=7A7C0 A4=103100 A5=108000 A6=10BA1E PC=49F6 -- 0049F6: rts
D0=40D4338 D1=5 D2=64 D3=0 D4=840000F D5=842184D8 D6=842184D8 D7=103100 A0=40D4338 A1=10319A A2=534F4 A3=7A7C0 A4=103100 A5=108000 A6=10BA1E PC=493A -- 00493A: bra     $4906
D0=40D4338 D1=5 D2=64 D3=0 D4=840000F D5=842184D8 D6=842184D8 D7=103100 A0=40D4338 A1=10319A A2=534F4 A3=7A7C0 A4=103100 A5=108000 A6=10BA1E PC=4906 -- 004906: subq.b  #1, ($76,A4)
D0=40D4338 D1=5 D2=64 D3=0 D4=840000F D5=842184D8 D6=842184D8 D7=103100 A0=40D4338 A1=10319A A2=534F4 A3=7A7C0 A4=103100 A5=108000 A6=10BA1E PC=490A -- 00490A: bhi     $491a
D0=40D4338 D1=5 D2=64 D3=0 D4=840000F D5=842184D8 D6=842184D8 D7=103100 A0=40D4338 A1=10319A A2=534F4 A3=7A7C0 A4=103100 A5=108000 A6=10BA1E PC=491A -- 00491A: rts
D0=40D4338 D1=5 D2=64 D3=0 D4=840000F D5=842184D8 D6=842184D8 D7=103100 A0=40D4338 A1=10319A A2=534F4 A3=7A7C0 A4=103100 A5=108000 A6=10BA1E PC=379E2 -- 0379E2: jsr     $32e4.w
D0=40D4338 D1=5 D2=64 D3=0 D4=840000F D5=842184D8 D6=842184D8 D7=103100 A0=40D4338 A1=10319A A2=534F4 A3=7A7C0 A4=103100 A5=108000 A6=10BA1E PC=32E4 -- 0032E4: moveq   #$d, D3
D0=40D4338 D1=5 D2=64 D3=D D4=840000F D5=842184D8 D6=842184D8 D7=103100 A0=40D4338 A1=10319A A2=534F4 A3=7A7C0 A4=103100 A5=108000 A6=10BA1E PC=32E6 -- 0032E6: move.w  ($70,A4), D0
D0=40D0013 D1=5 D2=64 D3=D D4=840000F D5=842184D8 D6=842184D8 D7=103100 A0=40D4338 A1=10319A A2=534F4 A3=7A7C0 A4=103100 A5=108000 A6=10BA1E PC=32EA -- 0032EA: add.w   D0, D0
D0=40D0026 D1=5 D2=64 D3=D D4=840000F D5=842184D8 D6=842184D8 D7=103100 A0=40D4338 A1=10319A A2=534F4 A3=7A7C0 A4=103100 A5=108000 A6=10BA1E PC=32EC -- 0032EC: add.w   D0, D0
D0=40D004C D1=5 D2=64 D3=D D4=840000F D5=842184D8 D6=842184D8 D7=103100 A0=40D4338 A1=10319A A2=534F4 A3=7A7C0 A4=103100 A5=108000 A6=10BA1E PC=32EE -- 0032EE: moveq   #$0, D1
D0=40D004C D1=0 D2=64 D3=D D4=840000F D5=842184D8 D6=842184D8 D7=103100 A0=40D4338 A1=10319A A2=534F4 A3=7A7C0 A4=103100 A5=108000 A6=10BA1E PC=32F0 -- 0032F0: move.b  ($d8,A4), D1
D0=40D004C D1=0 D2=64 D3=D D4=840000F D5=842184D8 D6=842184D8 D7=103100 A0=40D4338 A1=10319A A2=534F4 A3=7A7C0 A4=103100 A5=108000 A6=10BA1E PC=32F4 -- 0032F4: add.w   D1, D1
D0=40D004C D1=0 D2=64 D3=D D4=840000F D5=842184D8 D6=842184D8 D7=103100 A0=40D4338 A1=10319A A2=534F4 A3=7A7C0 A4=103100 A5=108000 A6=10BA1E PC=32F6 -- 0032F6: add.w   D1, D0
D0=40D004C D1=0 D2=64 D3=D D4=840000F D5=842184D8 D6=842184D8 D7=103100 A0=40D4338 A1=10319A A2=534F4 A3=7A7C0 A4=103100 A5=108000 A6=10BA1E PC=32F8 -- 0032F8: lea     ($d8,PC) ; ($33d2), A0
D0=40D004C D1=0 D2=64 D3=D D4=840000F D5=842184D8 D6=842184D8 D7=103100 A0=33D2 A1=10319A A2=534F4 A3=7A7C0 A4=103100 A5=108000 A6=10BA1E PC=32FC -- 0032FC: move.w  (A0,D0.w), D1
D0=40D004C D1=594 D2=64 D3=D D4=840000F D5=842184D8 D6=842184D8 D7=103100 A0=33D2 A1=10319A A2=534F4 A3=7A7C0 A4=103100 A5=108000 A6=10BA1E PC=3300 -- 003300: moveq   #$0, D2
D0=40D004C D1=594 D2=0 D3=D D4=840000F D5=842184D8 D6=842184D8 D7=103100 A0=33D2 A1=10319A A2=534F4 A3=7A7C0 A4=103100 A5=108000 A6=10BA1E PC=3302 -- 003302: move.b  ($30,A4), D2
D0=40D004C D1=594 D2=38 D3=D D4=840000F D5=842184D8 D6=842184D8 D7=103100 A0=33D2 A1=10319A A2=534F4 A3=7A7C0 A4=103100 A5=108000 A6=10BA1E PC=3306 -- 003306: addi.w  #$10, D2
D0=40D004C D1=594 D2=48 D3=D D4=840000F D5=842184D8 D6=842184D8 D7=103100 A0=33D2 A1=10319A A2=534F4 A3=7A7C0 A4=103100 A5=108000 A6=10BA1E PC=330A -- 00330A: bra     $3512
D0=40D004C D1=594 D2=48 D3=D D4=840000F D5=842184D8 D6=842184D8 D7=103100 A0=33D2 A1=10319A A2=534F4 A3=7A7C0 A4=103100 A5=108000 A6=10BA1E PC=3512 -- 003512: movea.l ($38a8,A5), A2
D0=40D004C D1=594 D2=48 D3=D D4=840000F D5=842184D8 D6=842184D8 D7=103100 A0=33D2 A1=10319A A2=109FA6 A3=7A7C0 A4=103100 A5=108000 A6=10BA1E PC=3516 -- 003516: moveq   #$0, D0
D0=0 D1=594 D2=48 D3=D D4=840000F D5=842184D8 D6=842184D8 D7=103100 A0=33D2 A1=10319A A2=109FA6 A3=7A7C0 A4=103100 A5=108000 A6=10BA1E PC=3518 -- 003518: move.w  D1, D0
D0=594 D1=594 D2=48 D3=D D4=840000F D5=842184D8 D6=842184D8 D7=103100 A0=33D2 A1=10319A A2=109FA6 A3=7A7C0 A4=103100 A5=108000 A6=10BA1E PC=351A -- 00351A: addq.w  #1, D1
D0=594 D1=595 D2=48 D3=D D4=840000F D5=842184D8 D6=842184D8 D7=103100 A0=33D2 A1=10319A A2=109FA6 A3=7A7C0 A4=103100 A5=108000 A6=10BA1E PC=351C -- 00351C: andi.w  #$ff, D2
D0=594 D1=595 D2=48 D3=D D4=840000F D5=842184D8 D6=842184D8 D7=103100 A0=33D2 A1=10319A A2=109FA6 A3=7A7C0 A4=103100 A5=108000 A6=10BA1E PC=3520 -- 003520: move.w  D2, (A2)+
D0=594 D1=595 D2=48 D3=D D4=840000F D5=842184D8 D6=842184D8 D7=103100 A0=33D2 A1=10319A A2=109FA8 A3=7A7C0 A4=103100 A5=108000 A6=10BA1E PC=3522 -- 003522: addq.w  #1, D2
D0=594 D1=595 D2=49 D3=D D4=840000F D5=842184D8 D6=842184D8 D7=103100 A0=33D2 A1=10319A A2=109FA8 A3=7A7C0 A4=103100 A5=108000 A6=10BA1E PC=3524 -- 003524: lea     $6f000.l, A3
D0=594 D1=595 D2=49 D3=D D4=840000F D5=842184D8 D6=842184D8 D7=103100 A0=33D2 A1=10319A A2=109FA8 A3=6F000 A4=103100 A5=108000 A6=10BA1E PC=352A -- 00352A: lsl.l   #5, D0
D0=B280 D1=595 D2=49 D3=D D4=840000F D5=842184D8 D6=842184D8 D7=103100 A0=33D2 A1=10319A A2=109FA8 A3=6F000 A4=103100 A5=108000 A6=10BA1E PC=352C -- 00352C: adda.l  D0, A3
D0=B280 D1=595 D2=49 D3=D D4=840000F D5=842184D8 D6=842184D8 D7=103100 A0=33D2 A1=10319A A2=109FA8 A3=7A280 A4=103100 A5=108000 A6=10BA1E PC=352E -- 00352E: addq.l  #2, A3
D0=B280 D1=595 D2=49 D3=D D4=840000F D5=842184D8 D6=842184D8 D7=103100 A0=33D2 A1=10319A A2=109FA8 A3=7A282 A4=103100 A5=108000 A6=10BA1E PC=3530 -- 003530: move.w  (A3)+, (A2)+
D0=B280 D1=595 D2=49 D3=D D4=840000F D5=842184D8 D6=842184D8 D7=103100 A0=33D2 A1=10319A A2=109FAA A3=7A284 A4=103100 A5=108000 A6=10BA1E PC=3532 -- 003532: move.l  (A3)+, (A2)+
D0=B280 D1=595 D2=49 D3=D D4=840000F D5=842184D8 D6=842184D8 D7=103100 A0=33D2 A1=10319A A2=109FAE A3=7A288 A4=103100 A5=108000 A6=10BA1E PC=3534 -- 003534: move.l  (A3)+, (A2)+
D0=B280 D1=595 D2=49 D3=D D4=840000F D5=842184D8 D6=842184D8 D7=103100 A0=33D2 A1=10319A A2=109FB2 A3=7A28C A4=103100 A5=108000 A6=10BA1E PC=3536 -- 003536: move.l  (A3)+, (A2)+
D0=B280 D1=595 D2=49 D3=D D4=840000F D5=842184D8 D6=842184D8 D7=103100 A0=33D2 A1=10319A A2=109FB6 A3=7A290 A4=103100 A5=108000 A6=10BA1E PC=3538 -- 003538: move.l  (A3)+, (A2)+
D0=B280 D1=595 D2=49 D3=D D4=840000F D5=842184D8 D6=842184D8 D7=103100 A0=33D2 A1=10319A A2=109FBA A3=7A294 A4=103100 A5=108000 A6=10BA1E PC=353A -- 00353A: move.l  (A3)+, (A2)+
D0=B280 D1=595 D2=49 D3=D D4=840000F D5=842184D8 D6=842184D8 D7=103100 A0=33D2 A1=10319A A2=109FBE A3=7A298 A4=103100 A5=108000 A6=10BA1E PC=353C -- 00353C: move.l  (A3)+, (A2)+
D0=B280 D1=595 D2=49 D3=D D4=840000F D5=842184D8 D6=842184D8 D7=103100 A0=33D2 A1=10319A A2=109FC2 A3=7A29C A4=103100 A5=108000 A6=10BA1E PC=353E -- 00353E: move.l  (A3)+, (A2)+
D0=B280 D1=595 D2=49 D3=D D4=840000F D5=842184D8 D6=842184D8 D7=103100 A0=33D2 A1=10319A A2=109FC6 A3=7A2A0 A4=103100 A5=108000 A6=10BA1E PC=3540 -- 003540: dbra    D3, $3516
D0=B280 D1=595 D2=49 D3=C D4=840000F D5=842184D8 D6=842184D8 D7=103100 A0=33D2 A1=10319A A2=109FC6 A3=7A2A0 A4=103100 A5=108000 A6=10BA1E PC=3516 -- 003516: moveq   #$0, D0
D0=0 D1=595 D2=49 D3=C D4=840000F D5=842184D8 D6=842184D8 D7=103100 A0=33D2 A1=10319A A2=109FC6 A3=7A2A0 A4=103100 A5=108000 A6=10BA1E PC=3518 -- 003518: move.w  D1, D0
D0=595 D1=595 D2=49 D3=C D4=840000F D5=842184D8 D6=842184D8 D7=103100 A0=33D2 A1=10319A A2=109FC6 A3=7A2A0 A4=103100 A5=108000 A6=10BA1E PC=351A -- 00351A: addq.w  #1, D1
D0=595 D1=596 D2=49 D3=C D4=840000F D5=842184D8 D6=842184D8 D7=103100 A0=33D2 A1=10319A A2=109FC6 A3=7A2A0 A4=103100 A5=108000 A6=10BA1E PC=351C -- 00351C: andi.w  #$ff, D2
D0=595 D1=596 D2=49 D3=C D4=840000F D5=842184D8 D6=842184D8 D7=103100 A0=33D2 A1=10319A A2=109FC6 A3=7A2A0 A4=103100 A5=108000 A6=10BA1E PC=3520 -- 003520: move.w  D2, (A2)+
D0=595 D1=596 D2=49 D3=C D4=840000F D5=842184D8 D6=842184D8 D7=103100 A0=33D2 A1=10319A A2=109FC8 A3=7A2A0 A4=103100 A5=108000 A6=10BA1E PC=3522 -- 003522: addq.w  #1, D2
D0=595 D1=596 D2=4A D3=C D4=840000F D5=842184D8 D6=842184D8 D7=103100 A0=33D2 A1=10319A A2=109FC8 A3=7A2A0 A4=103100 A5=108000 A6=10BA1E PC=3524 -- 003524: lea     $6f000.l, A3
D0=595 D1=596 D2=4A D3=C D4=840000F D5=842184D8 D6=842184D8 D7=103100 A0=33D2 A1=10319A A2=109FC8 A3=6F000 A4=103100 A5=108000 A6=10BA1E PC=352A -- 00352A: lsl.l   #5, D0
D0=B2A0 D1=596 D2=4A D3=C D4=840000F D5=842184D8 D6=842184D8 D7=103100 A0=33D2 A1=10319A A2=109FC8 A3=6F000 A4=103100 A5=108000 A6=10BA1E PC=352C -- 00352C: adda.l  D0, A3
D0=B2A0 D1=596 D2=4A D3=C D4=840000F D5=842184D8 D6=842184D8 D7=103100 A0=33D2 A1=10319A A2=109FC8 A3=7A2A0 A4=103100 A5=108000 A6=10BA1E PC=352E -- 00352E: addq.l  #2, A3
D0=B2A0 D1=596 D2=4A D3=C D4=840000F D5=842184D8 D6=842184D8 D7=103100 A0=33D2 A1=10319A A2=109FC8 A3=7A2A2 A4=103100 A5=108000 A6=10BA1E PC=3530 -- 003530: move.w  (A3)+, (A2)+
D0=B2A0 D1=596 D2=4A D3=C D4=840000F D5=842184D8 D6=842184D8 D7=103100 A0=33D2 A1=10319A A2=109FCA A3=7A2A4 A4=103100 A5=108000 A6=10BA1E PC=3532 -- 003532: move.l  (A3)+, (A2)+
D0=B2A0 D1=596 D2=4A D3=C D4=840000F D5=842184D8 D6=842184D8 D7=103100 A0=33D2 A1=10319A A2=109FCE A3=7A2A8 A4=103100 A5=108000 A6=10BA1E PC=3534 -- 003534: move.l  (A3)+, (A2)+
D0=B2A0 D1=596 D2=4A D3=C D4=840000F D5=842184D8 D6=842184D8 D7=103100 A0=33D2 A1=10319A A2=109FD2 A3=7A2AC A4=103100 A5=108000 A6=10BA1E PC=3536 -- 003536: move.l  (A3)+, (A2)+
D0=B2A0 D1=596 D2=4A D3=C D4=840000F D5=842184D8 D6=842184D8 D7=103100 A0=33D2 A1=10319A A2=109FD6 A3=7A2B0 A4=103100 A5=108000 A6=10BA1E PC=3538 -- 003538: move.l  (A3)+, (A2)+
D0=B2A0 D1=596 D2=4A D3=C D4=840000F D5=842184D8 D6=842184D8 D7=103100 A0=33D2 A1=10319A A2=109FDA A3=7A2B4 A4=103100 A5=108000 A6=10BA1E PC=353A -- 00353A: move.l  (A3)+, (A2)+
D0=B2A0 D1=596 D2=4A D3=C D4=840000F D5=842184D8 D6=842184D8 D7=103100 A0=33D2 A1=10319A A2=109FDE A3=7A2B8 A4=103100 A5=108000 A6=10BA1E PC=353C -- 00353C: move.l  (A3)+, (A2)+
D0=B2A0 D1=596 D2=4A D3=C D4=840000F D5=842184D8 D6=842184D8 D7=103100 A0=33D2 A1=10319A A2=109FE2 A3=7A2BC A4=103100 A5=108000 A6=10BA1E PC=353E -- 00353E: move.l  (A3)+, (A2)+
D0=B2A0 D1=596 D2=4A D3=C D4=840000F D5=842184D8 D6=842184D8 D7=103100 A0=33D2 A1=10319A A2=109FE6 A3=7A2C0 A4=103100 A5=108000 A6=10BA1E PC=3540 -- 003540: dbra    D3, $3516

   (loops for 228 instructions)

D0=B420 D1=5A2 D2=56 D3=FFFF D4=840000F D5=842184D8 D6=842184D8 D7=103100 A0=33D2 A1=10319A A2=10A166 A3=7A440 A4=103100 A5=108000 A6=10BA1E PC=3544 -- 003544: bra     $3478
D0=B420 D1=5A2 D2=56 D3=FFFF D4=840000F D5=842184D8 D6=842184D8 D7=103100 A0=33D2 A1=10319A A2=10A166 A3=7A440 A4=103100 A5=108000 A6=10BA1E PC=3478 -- 003478: move.w  #$ffff, (A2)
D0=B420 D1=5A2 D2=56 D3=FFFF D4=840000F D5=842184D8 D6=842184D8 D7=103100 A0=33D2 A1=10319A A2=10A166 A3=7A440 A4=103100 A5=108000 A6=10BA1E PC=347C -- 00347C: move.l  A2, ($38a8,A5)
D0=B420 D1=5A2 D2=56 D3=FFFF D4=840000F D5=842184D8 D6=842184D8 D7=103100 A0=33D2 A1=10319A A2=10A166 A3=7A440 A4=103100 A5=108000 A6=10BA1E PC=3480 -- 003480: rts
D0=B420 D1=5A2 D2=56 D3=FFFF D4=840000F D5=842184D8 D6=842184D8 D7=103100 A0=33D2 A1=10319A A2=10A166 A3=7A440 A4=103100 A5=108000 A6=10BA1E PC=379E6 -- 0379E6: jsr     ($11a,PC) ; ($37b02)
D0=B420 D1=5A2 D2=56 D3=FFFF D4=840000F D5=842184D8 D6=842184D8 D7=103100 A0=33D2 A1=10319A A2=10A166 A3=7A440 A4=103100 A5=108000 A6=10BA1E PC=37B02 -- 037B02: cmpi.b  #$19, ($71,A4)
D0=B420 D1=5A2 D2=56 D3=FFFF D4=840000F D5=842184D8 D6=842184D8 D7=103100 A0=33D2 A1=10319A A2=10A166 A3=7A440 A4=103100 A5=108000 A6=10BA1E PC=37B08 -- 037B08: beq     $37b1a
D0=B420 D1=5A2 D2=56 D3=FFFF D4=840000F D5=842184D8 D6=842184D8 D7=103100 A0=33D2 A1=10319A A2=10A166 A3=7A440 A4=103100 A5=108000 A6=10BA1E PC=37B0C -- 037B0C: cmpi.b  #-$1, ($71,A4)
D0=B420 D1=5A2 D2=56 D3=FFFF D4=840000F D5=842184D8 D6=842184D8 D7=103100 A0=33D2 A1=10319A A2=10A166 A3=7A440 A4=103100 A5=108000 A6=10BA1E PC=37B12 -- 037B12: beq     $37b1a
D0=B420 D1=5A2 D2=56 D3=FFFF D4=840000F D5=842184D8 D6=842184D8 D7=103100 A0=33D2 A1=10319A A2=10A166 A3=7A440 A4=103100 A5=108000 A6=10BA1E PC=37B16 -- 037B16: moveq   #-$1, D7
D0=B420 D1=5A2 D2=56 D3=FFFF D4=840000F D5=842184D8 D6=842184D8 D7=FFFFFFFF A0=33D2 A1=10319A A2=10A166 A3=7A440 A4=103100 A5=108000 A6=10BA1E PC=37B18 -- 037B18: rts
D0=B420 D1=5A2 D2=56 D3=FFFF D4=840000F D5=842184D8 D6=842184D8 D7=FFFFFFFF A0=33D2 A1=10319A A2=10A166 A3=7A440 A4=103100 A5=108000 A6=10BA1E PC=379EA -- 0379EA: nop
D0=B420 D1=5A2 D2=56 D3=FFFF D4=840000F D5=842184D8 D6=842184D8 D7=FFFFFFFF A0=33D2 A1=10319A A2=10A166 A3=7A440 A4=103100 A5=108000 A6=10BA1E PC=379EC -- 0379EC: beq     $36eaa
D0=B420 D1=5A2 D2=56 D3=FFFF D4=840000F D5=842184D8 D6=842184D8 D7=FFFFFFFF A0=33D2 A1=10319A A2=10A166 A3=7A440 A4=103100 A5=108000 A6=10BA1E PC=379F0 -- 0379F0: bra     $36eb0
D0=B420 D1=5A2 D2=56 D3=FFFF D4=840000F D5=842184D8 D6=842184D8 D7=FFFFFFFF A0=33D2 A1=10319A A2=10A166 A3=7A440 A4=103100 A5=108000 A6=10BA1E PC=36EB0 -- 036EB0: jmp     $3e2e.w
D0=B420 D1=5A2 D2=56 D3=FFFF D4=840000F D5=842184D8 D6=842184D8 D7=FFFFFFFF A0=33D2 A1=10319A A2=10A166 A3=7A440 A4=103100 A5=108000 A6=10BA1E PC=3E2E -- 003E2E: tst.w   ($74,A4)
D0=B420 D1=5A2 D2=56 D3=FFFF D4=840000F D5=842184D8 D6=842184D8 D7=FFFFFFFF A0=33D2 A1=10319A A2=10A166 A3=7A440 A4=103100 A5=108000 A6=10BA1E PC=3E32 -- 003E32: bmi     $3e80
D0=B420 D1=5A2 D2=56 D3=FFFF D4=840000F D5=842184D8 D6=842184D8 D7=FFFFFFFF A0=33D2 A1=10319A A2=10A166 A3=7A440 A4=103100 A5=108000 A6=10BA1E PC=3E34 -- 003E34: btst    #$6, ($7c,A4)
D0=B420 D1=5A2 D2=56 D3=FFFF D4=840000F D5=842184D8 D6=842184D8 D7=FFFFFFFF A0=33D2 A1=10319A A2=10A166 A3=7A440 A4=103100 A5=108000 A6=10BA1E PC=3E3A -- 003E3A: bne     $3e78
D0=B420 D1=5A2 D2=56 D3=FFFF D4=840000F D5=842184D8 D6=842184D8 D7=FFFFFFFF A0=33D2 A1=10319A A2=10A166 A3=7A440 A4=103100 A5=108000 A6=10BA1E PC=3E3E -- 003E3E: moveq   #$0, D3
D0=B420 D1=5A2 D2=56 D3=0 D4=840000F D5=842184D8 D6=842184D8 D7=FFFFFFFF A0=33D2 A1=10319A A2=10A166 A3=7A440 A4=103100 A5=108000 A6=10BA1E PC=3E40 -- 003E40: move.b  ($82,A4), D3
D0=B420 D1=5A2 D2=56 D3=0 D4=840000F D5=842184D8 D6=842184D8 D7=FFFFFFFF A0=33D2 A1=10319A A2=10A166 A3=7A440 A4=103100 A5=108000 A6=10BA1E PC=3E44 -- 003E44: add.w   D3, D3
D0=B420 D1=5A2 D2=56 D3=0 D4=840000F D5=842184D8 D6=842184D8 D7=FFFFFFFF A0=33D2 A1=10319A A2=10A166 A3=7A440 A4=103100 A5=108000 A6=10BA1E PC=3E46 -- 003E46: add.w   D3, D3
D0=B420 D1=5A2 D2=56 D3=0 D4=840000F D5=842184D8 D6=842184D8 D7=FFFFFFFF A0=33D2 A1=10319A A2=10A166 A3=7A440 A4=103100 A5=108000 A6=10BA1E PC=3E48 -- 003E48: move.w  ($18,A4), D0
D0=F8 D1=5A2 D2=56 D3=0 D4=840000F D5=842184D8 D6=842184D8 D7=FFFFFFFF A0=33D2 A1=10319A A2=10A166 A3=7A440 A4=103100 A5=108000 A6=10BA1E PC=3E4C -- 003E4C: lea     ($104c,A5), A0
D0=F8 D1=5A2 D2=56 D3=0 D4=840000F D5=842184D8 D6=842184D8 D7=FFFFFFFF A0=10904C A1=10319A A2=10A166 A3=7A440 A4=103100 A5=108000 A6=10BA1E PC=3E50 -- 003E50: sub.w   (A0,D3.w), D0
D0=F8 D1=5A2 D2=56 D3=0 D4=840000F D5=842184D8 D6=842184D8 D7=FFFFFFFF A0=10904C A1=10319A A2=10A166 A3=7A440 A4=103100 A5=108000 A6=10BA1E PC=3E54 -- 003E54: addi.w  #$30, D0
D0=128 D1=5A2 D2=56 D3=0 D4=840000F D5=842184D8 D6=842184D8 D7=FFFFFFFF A0=10904C A1=10319A A2=10A166 A3=7A440 A4=103100 A5=108000 A6=10BA1E PC=3E58 -- 003E58: cmpi.w  #$1a0, D0
D0=128 D1=5A2 D2=56 D3=0 D4=840000F D5=842184D8 D6=842184D8 D7=FFFFFFFF A0=10904C A1=10319A A2=10A166 A3=7A440 A4=103100 A5=108000 A6=10BA1E PC=3E5C -- 003E5C: bls     $3e60
D0=128 D1=5A2 D2=56 D3=0 D4=840000F D5=842184D8 D6=842184D8 D7=FFFFFFFF A0=10904C A1=10319A A2=10A166 A3=7A440 A4=103100 A5=108000 A6=10BA1E PC=3E60 -- 003E60: move.w  ($1c,A4), D0
D0=B8 D1=5A2 D2=56 D3=0 D4=840000F D5=842184D8 D6=842184D8 D7=FFFFFFFF A0=10904C A1=10319A A2=10A166 A3=7A440 A4=103100 A5=108000 A6=10BA1E PC=3E64 -- 003E64: sub.w   ($20,A4), D0
D0=B8 D1=5A2 D2=56 D3=0 D4=840000F D5=842184D8 D6=842184D8 D7=FFFFFFFF A0=10904C A1=10319A A2=10A166 A3=7A440 A4=103100 A5=108000 A6=10BA1E PC=3E68 -- 003E68: lea     ($1058,A5), A0
D0=B8 D1=5A2 D2=56 D3=0 D4=840000F D5=842184D8 D6=842184D8 D7=FFFFFFFF A0=109058 A1=10319A A2=10A166 A3=7A440 A4=103100 A5=108000 A6=10BA1E PC=3E6C -- 003E6C: sub.w   (A0,D3.w), D0
D0=B8 D1=5A2 D2=56 D3=0 D4=840000F D5=842184D8 D6=842184D8 D7=FFFFFFFF A0=109058 A1=10319A A2=10A166 A3=7A440 A4=103100 A5=108000 A6=10BA1E PC=3E70 -- 003E70: cmpi.w  #$1c0, D0
D0=B8 D1=5A2 D2=56 D3=0 D4=840000F D5=842184D8 D6=842184D8 D7=FFFFFFFF A0=109058 A1=10319A A2=10A166 A3=7A440 A4=103100 A5=108000 A6=10BA1E PC=3E74 -- 003E74: bls     $3e78
D0=B8 D1=5A2 D2=56 D3=0 D4=840000F D5=842184D8 D6=842184D8 D7=FFFFFFFF A0=109058 A1=10319A A2=10A166 A3=7A440 A4=103100 A5=108000 A6=10BA1E PC=3E78 -- 003E78: bsr     $4860
D0=B8 D1=5A2 D2=56 D3=0 D4=840000F D5=842184D8 D6=842184D8 D7=FFFFFFFF A0=109058 A1=10319A A2=10A166 A3=7A440 A4=103100 A5=108000 A6=10BA1E PC=4860 -- 004860: lea     $7bf48.l, A0
D0=B8 D1=5A2 D2=56 D3=0 D4=840000F D5=842184D8 D6=842184D8 D7=FFFFFFFF A0=7BF48 A1=10319A A2=10A166 A3=7A440 A4=103100 A5=108000 A6=10BA1E PC=4866 -- 004866: move.w  ($70,A4), D0
D0=13 D1=5A2 D2=56 D3=0 D4=840000F D5=842184D8 D6=842184D8 D7=FFFFFFFF A0=7BF48 A1=10319A A2=10A166 A3=7A440 A4=103100 A5=108000 A6=10BA1E PC=486A -- 00486A: add.w   D0, D0
D0=26 D1=5A2 D2=56 D3=0 D4=840000F D5=842184D8 D6=842184D8 D7=FFFFFFFF A0=7BF48 A1=10319A A2=10A166 A3=7A440 A4=103100 A5=108000 A6=10BA1E PC=486C -- 00486C: add.w   D0, D0
D0=4C D1=5A2 D2=56 D3=0 D4=840000F D5=842184D8 D6=842184D8 D7=FFFFFFFF A0=7BF48 A1=10319A A2=10A166 A3=7A440 A4=103100 A5=108000 A6=10BA1E PC=486E -- 00486E: movea.l (A0,D0.w), A0
D0=4C D1=5A2 D2=56 D3=0 D4=840000F D5=842184D8 D6=842184D8 D7=FFFFFFFF A0=7E5C0 A1=10319A A2=10A166 A3=7A440 A4=103100 A5=108000 A6=10BA1E PC=4872 -- 004872: move.w  ($72,A4), D0
D0=0 D1=5A2 D2=56 D3=0 D4=840000F D5=842184D8 D6=842184D8 D7=FFFFFFFF A0=7E5C0 A1=10319A A2=10A166 A3=7A440 A4=103100 A5=108000 A6=10BA1E PC=4876 -- 004876: add.w   D0, D0
D0=0 D1=5A2 D2=56 D3=0 D4=840000F D5=842184D8 D6=842184D8 D7=FFFFFFFF A0=7E5C0 A1=10319A A2=10A166 A3=7A440 A4=103100 A5=108000 A6=10BA1E PC=4878 -- 004878: move.w  (A0,D0.w), D1
D0=0 D1=0 D2=56 D3=0 D4=840000F D5=842184D8 D6=842184D8 D7=FFFFFFFF A0=7E5C0 A1=10319A A2=10A166 A3=7A440 A4=103100 A5=108000 A6=10BA1E PC=487C -- 00487C: move.w  D1, ($46de,A5)
D0=0 D1=0 D2=56 D3=0 D4=840000F D5=842184D8 D6=842184D8 D7=FFFFFFFF A0=7E5C0 A1=10319A A2=10A166 A3=7A440 A4=103100 A5=108000 A6=10BA1E PC=4880 -- 004880: lea     $80000.l, A0
D0=0 D1=0 D2=56 D3=0 D4=840000F D5=842184D8 D6=842184D8 D7=FFFFFFFF A0=80000 A1=10319A A2=10A166 A3=7A440 A4=103100 A5=108000 A6=10BA1E PC=4886 -- 004886: move.w  ($70,A4), D0
D0=13 D1=0 D2=56 D3=0 D4=840000F D5=842184D8 D6=842184D8 D7=FFFFFFFF A0=80000 A1=10319A A2=10A166 A3=7A440 A4=103100 A5=108000 A6=10BA1E PC=488A -- 00488A: add.w   D0, D0
D0=26 D1=0 D2=56 D3=0 D4=840000F D5=842184D8 D6=842184D8 D7=FFFFFFFF A0=80000 A1=10319A A2=10A166 A3=7A440 A4=103100 A5=108000 A6=10BA1E PC=488C -- 00488C: add.w   D0, D0
D0=4C D1=0 D2=56 D3=0 D4=840000F D5=842184D8 D6=842184D8 D7=FFFFFFFF A0=80000 A1=10319A A2=10A166 A3=7A440 A4=103100 A5=108000 A6=10BA1E PC=488E -- 00488E: movea.l (A0,D0.w), A0
D0=4C D1=0 D2=56 D3=0 D4=840000F D5=842184D8 D6=842184D8 D7=FFFFFFFF A0=84E00 A1=10319A A2=10A166 A3=7A440 A4=103100 A5=108000 A6=10BA1E PC=4892 -- 004892: move.w  ($46de,A5), D0
D0=0 D1=0 D2=56 D3=0 D4=840000F D5=842184D8 D6=842184D8 D7=FFFFFFFF A0=84E00 A1=10319A A2=10A166 A3=7A440 A4=103100 A5=108000 A6=10BA1E PC=4896 -- 004896: tst.b   ($46e2,A5)
D0=0 D1=0 D2=56 D3=0 D4=840000F D5=842184D8 D6=842184D8 D7=FFFFFFFF A0=84E00 A1=10319A A2=10A166 A3=7A440 A4=103100 A5=108000 A6=10BA1E PC=489A -- 00489A: beq     $48a0
D0=0 D1=0 D2=56 D3=0 D4=840000F D5=842184D8 D6=842184D8 D7=FFFFFFFF A0=84E00 A1=10319A A2=10A166 A3=7A440 A4=103100 A5=108000 A6=10BA1E PC=48A0 -- 0048A0: andi.w  #$ff, D0
D0=0 D1=0 D2=56 D3=0 D4=840000F D5=842184D8 D6=842184D8 D7=FFFFFFFF A0=84E00 A1=10319A A2=10A166 A3=7A440 A4=103100 A5=108000 A6=10BA1E PC=48A4 -- 0048A4: add.w   D0, D0
D0=0 D1=0 D2=56 D3=0 D4=840000F D5=842184D8 D6=842184D8 D7=FFFFFFFF A0=84E00 A1=10319A A2=10A166 A3=7A440 A4=103100 A5=108000 A6=10BA1E PC=48A6 -- 0048A6: add.w   D0, D0
D0=0 D1=0 D2=56 D3=0 D4=840000F D5=842184D8 D6=842184D8 D7=FFFFFFFF A0=84E00 A1=10319A A2=10A166 A3=7A440 A4=103100 A5=108000 A6=10BA1E PC=48A8 -- 0048A8: movea.l (A0,D0.w), A0
D0=0 D1=0 D2=56 D3=0 D4=840000F D5=842184D8 D6=842184D8 D7=FFFFFFFF A0=D7184 A1=10319A A2=10A166 A3=7A440 A4=103100 A5=108000 A6=10BA1E PC=48AC -- 0048AC: move.w  ($74,A4), D0
D0=C D1=0 D2=56 D3=0 D4=840000F D5=842184D8 D6=842184D8 D7=FFFFFFFF A0=D7184 A1=10319A A2=10A166 A3=7A440 A4=103100 A5=108000 A6=10BA1E PC=48B0 -- 0048B0: adda.w  D0, A0
D0=C D1=0 D2=56 D3=0 D4=840000F D5=842184D8 D6=842184D8 D7=FFFFFFFF A0=D7190 A1=10319A A2=10A166 A3=7A440 A4=103100 A5=108000 A6=10BA1E PC=48B2 -- 0048B2: move.l  (A0), D0
D0=40D4338 D1=0 D2=56 D3=0 D4=840000F D5=842184D8 D6=842184D8 D7=FFFFFFFF A0=D7190 A1=10319A A2=10A166 A3=7A440 A4=103100 A5=108000 A6=10BA1E PC=48B4 -- 0048B4: andi.l  #$ffffff, D0
D0=D4338 D1=0 D2=56 D3=0 D4=840000F D5=842184D8 D6=842184D8 D7=FFFFFFFF A0=D7190 A1=10319A A2=10A166 A3=7A440 A4=103100 A5=108000 A6=10BA1E PC=48BA -- 0048BA: movea.l D0, A0
D0=D4338 D1=0 D2=56 D3=0 D4=840000F D5=842184D8 D6=842184D8 D7=FFFFFFFF A0=D4338 A1=10319A A2=10A166 A3=7A440 A4=103100 A5=108000 A6=10BA1E PC=48BC -- 0048BC: move.w  ($4,A0), D0
D0=D0000 D1=0 D2=56 D3=0 D4=840000F D5=842184D8 D6=842184D8 D7=FFFFFFFF A0=D4338 A1=10319A A2=10A166 A3=7A440 A4=103100 A5=108000 A6=10BA1E PC=48C0 -- 0048C0: andi.w  #$1fff, D0
D0=D0000 D1=0 D2=56 D3=0 D4=840000F D5=842184D8 D6=842184D8 D7=FFFFFFFF A0=D4338 A1=10319A A2=10A166 A3=7A440 A4=103100 A5=108000 A6=10BA1E PC=48C4 -- 0048C4: move.w  D0, ($46e0,A5)
D0=D0000 D1=0 D2=56 D3=0 D4=840000F D5=842184D8 D6=842184D8 D7=FFFFFFFF A0=D4338 A1=10319A A2=10A166 A3=7A440 A4=103100 A5=108000 A6=10BA1E PC=48C8 -- 0048C8: lea     $80080.l, A0
D0=D0000 D1=0 D2=56 D3=0 D4=840000F D5=842184D8 D6=842184D8 D7=FFFFFFFF A0=80080 A1=10319A A2=10A166 A3=7A440 A4=103100 A5=108000 A6=10BA1E PC=48CE -- 0048CE: move.w  ($70,A4), D1
D0=D0000 D1=13 D2=56 D3=0 D4=840000F D5=842184D8 D6=842184D8 D7=FFFFFFFF A0=80080 A1=10319A A2=10A166 A3=7A440 A4=103100 A5=108000 A6=10BA1E PC=48D2 -- 0048D2: add.w   D1, D1
D0=D0000 D1=26 D2=56 D3=0 D4=840000F D5=842184D8 D6=842184D8 D7=FFFFFFFF A0=80080 A1=10319A A2=10A166 A3=7A440 A4=103100 A5=108000 A6=10BA1E PC=48D4 -- 0048D4: add.w   D1, D1
D0=D0000 D1=4C D2=56 D3=0 D4=840000F D5=842184D8 D6=842184D8 D7=FFFFFFFF A0=80080 A1=10319A A2=10A166 A3=7A440 A4=103100 A5=108000 A6=10BA1E PC=48D6 -- 0048D6: movea.l (A0,D1.w), A0
D0=D0000 D1=4C D2=56 D3=0 D4=840000F D5=842184D8 D6=842184D8 D7=FFFFFFFF A0=91200 A1=10319A A2=10A166 A3=7A440 A4=103100 A5=108000 A6=10BA1E PC=48DA -- 0048DA: add.w   D0, D0
D0=D0000 D1=4C D2=56 D3=0 D4=840000F D5=842184D8 D6=842184D8 D7=FFFFFFFF A0=91200 A1=10319A A2=10A166 A3=7A440 A4=103100 A5=108000 A6=10BA1E PC=48DC -- 0048DC: add.w   D0, D0
D0=D0000 D1=4C D2=56 D3=0 D4=840000F D5=842184D8 D6=842184D8 D7=FFFFFFFF A0=91200 A1=10319A A2=10A166 A3=7A440 A4=103100 A5=108000 A6=10BA1E PC=48DE -- 0048DE: move.l  (A0,D0.w), ($28,A4)
D0=D0000 D1=4C D2=56 D3=0 D4=840000F D5=842184D8 D6=842184D8 D7=FFFFFFFF A0=91200 A1=10319A A2=10A166 A3=7A440 A4=103100 A5=108000 A6=10BA1E PC=48E4 -- 0048E4: rts
D0=D0000 D1=4C D2=56 D3=0 D4=840000F D5=842184D8 D6=842184D8 D7=FFFFFFFF A0=91200 A1=10319A A2=10A166 A3=7A440 A4=103100 A5=108000 A6=10BA1E PC=3E7C -- 003E7C: bra     $481a
D0=D0000 D1=4C D2=56 D3=0 D4=840000F D5=842184D8 D6=842184D8 D7=FFFFFFFF A0=91200 A1=10319A A2=10A166 A3=7A440 A4=103100 A5=108000 A6=10BA1E PC=481A -- 00481A: addq.w  #1, ($e3a,A5)
D0=D0000 D1=4C D2=56 D3=0 D4=840000F D5=842184D8 D6=842184D8 D7=FFFFFFFF A0=91200 A1=10319A A2=10A166 A3=7A440 A4=103100 A5=108000 A6=10BA1E PC=481E -- 00481E: lea     ($838,A5), A1
D0=D0000 D1=4C D2=56 D3=0 D4=840000F D5=842184D8 D6=842184D8 D7=FFFFFFFF A0=91200 A1=108838 A2=10A166 A3=7A440 A4=103100 A5=108000 A6=10BA1E PC=4822 -- 004822: move.w  ($2c,A4), D0
D0=D006D D1=4C D2=56 D3=0 D4=840000F D5=842184D8 D6=842184D8 D7=FFFFFFFF A0=91200 A1=108838 A2=10A166 A3=7A440 A4=103100 A5=108000 A6=10BA1E PC=4826 -- 004826: move.w  D0, D1
D0=D006D D1=6D D2=56 D3=0 D4=840000F D5=842184D8 D6=842184D8 D7=FFFFFFFF A0=91200 A1=108838 A2=10A166 A3=7A440 A4=103100 A5=108000 A6=10BA1E PC=4828 -- 004828: add.w   D1, D1
D0=D006D D1=DA D2=56 D3=0 D4=840000F D5=842184D8 D6=842184D8 D7=FFFFFFFF A0=91200 A1=108838 A2=10A166 A3=7A440 A4=103100 A5=108000 A6=10BA1E PC=482A -- 00482A: adda.w  D1, A1
D0=D006D D1=DA D2=56 D3=0 D4=840000F D5=842184D8 D6=842184D8 D7=FFFFFFFF A0=91200 A1=108912 A2=10A166 A3=7A440 A4=103100 A5=108000 A6=10BA1E PC=482C -- 00482C: cmp.w   ($e38,A5), D1
D0=D006D D1=DA D2=56 D3=0 D4=840000F D5=842184D8 D6=842184D8 D7=FFFFFFFF A0=91200 A1=108912 A2=10A166 A3=7A440 A4=103100 A5=108000 A6=10BA1E PC=4830 -- 004830: bhi     $4836
D0=D006D D1=DA D2=56 D3=0 D4=840000F D5=842184D8 D6=842184D8 D7=FFFFFFFF A0=91200 A1=108912 A2=10A166 A3=7A440 A4=103100 A5=108000 A6=10BA1E PC=4836 -- 004836: move.w  (A1)+, D1
D0=D006D D1=0 D2=56 D3=0 D4=840000F D5=842184D8 D6=842184D8 D7=FFFFFFFF A0=91200 A1=108914 A2=10A166 A3=7A440 A4=103100 A5=108000 A6=10BA1E PC=4838 -- 004838: beq     $485a
D0=D006D D1=0 D2=56 D3=0 D4=840000F D5=842184D8 D6=842184D8 D7=FFFFFFFF A0=91200 A1=108914 A2=10A166 A3=7A440 A4=103100 A5=108000 A6=10BA1E PC=485A -- 00485A: move.w  A4, (-$2,A1)
D0=D006D D1=0 D2=56 D3=0 D4=840000F D5=842184D8 D6=842184D8 D7=FFFFFFFF A0=91200 A1=108914 A2=10A166 A3=7A440 A4=103100 A5=108000 A6=10BA1E PC=485E -- 00485E: rts
D0=D006D D1=0 D2=56 D3=0 D4=840000F D5=842184D8 D6=842184D8 D7=FFFFFFFF A0=91200 A1=108914 A2=10A166 A3=7A440 A4=103100 A5=108000 A6=10BA1E PC=32B3C -- 032B3C: move.l  A4, D7
D0=D006D D1=0 D2=56 D3=0 D4=840000F D5=842184D8 D6=842184D8 D7=103100 A0=91200 A1=108914 A2=10A166 A3=7A440 A4=103100 A5=108000 A6=10BA1E PC=32B3E -- 032B3E: move.w  ($4,A4), D7
D0=D006D D1=0 D2=56 D3=0 D4=840000F D5=842184D8 D6=842184D8 D7=103300 A0=91200 A1=108914 A2=10A166 A3=7A440 A4=103100 A5=108000 A6=10BA1E PC=32B42 -- 032B42: bpl     $32b36
D0=D006D D1=0 D2=56 D3=0 D4=840000F D5=842184D8 D6=842184D8 D7=103300 A0=91200 A1=108914 A2=10A166 A3=7A440 A4=103100 A5=108000 A6=10BA1E PC=32B36 -- 032B36: movea.l D7, A4
D0=D006D D1=0 D2=56 D3=0 D4=840000F D5=842184D8 D6=842184D8 D7=103300 A0=91200 A1=108914 A2=10A166 A3=7A440 A4=103300 A5=108000 A6=10BA1E PC=32B38 -- 032B38: movea.l (A4), A0
D0=D006D D1=0 D2=56 D3=0 D4=840000F D5=842184D8 D6=842184D8 D7=103300 A0=379A2 A1=108914 A2=10A166 A3=7A440 A4=103300 A5=108000 A6=10BA1E PC=32B3A -- 032B3A: jsr     (A0)
D0=D006D D1=0 D2=56 D3=0 D4=840000F D5=842184D8 D6=842184D8 D7=103300 A0=379A2 A1=108914 A2=10A166 A3=7A440 A4=103300 A5=108000 A6=10BA1E PC=379A2 -- 0379A2: btst    #$0, ($cf,A4)
D0=D006D D1=0 D2=56 D3=0 D4=840000F D5=842184D8 D6=842184D8 D7=103300 A0=379A2 A1=108914 A2=10A166 A3=7A440 A4=103300 A5=108000 A6=10BA1E PC=379A8 -- 0379A8: bne     $379f4
D0=D006D D1=0 D2=56 D3=0 D4=840000F D5=842184D8 D6=842184D8 D7=103300 A0=379A2 A1=108914 A2=10A166 A3=7A440 A4=103300 A5=108000 A6=10BA1E PC=379AA -- 0379AA: moveq   #$0, D0
D0=0 D1=0 D2=56 D3=0 D4=840000F D5=842184D8 D6=842184D8 D7=103300 A0=379A2 A1=108914 A2=10A166 A3=7A440 A4=103300 A5=108000 A6=10BA1E PC=379AC -- 0379AC: move.b  ($231,A5), D0
D0=5 D1=0 D2=56 D3=0 D4=840000F D5=842184D8 D6=842184D8 D7=103300 A0=379A2 A1=108914 A2=10A166 A3=7A440 A4=103300 A5=108000 A6=10BA1E PC=379B0 -- 0379B0: move.b  ($501c,A5), ($d8,A4)
D0=5 D1=0 D2=56 D3=0 D4=840000F D5=842184D8 D6=842184D8 D7=103300 A0=379A2 A1=108914 A2=10A166 A3=7A440 A4=103300 A5=108000 A6=10BA1E PC=379B6 -- 0379B6: cmpi.l  #$108100, ($84,A4)
D0=5 D1=0 D2=56 D3=0 D4=840000F D5=842184D8 D6=842184D8 D7=103300 A0=379A2 A1=108914 A2=10A166 A3=7A440 A4=103300 A5=108000 A6=10BA1E PC=379BE -- 0379BE: beq     $379ca
D0=5 D1=0 D2=56 D3=0 D4=840000F D5=842184D8 D6=842184D8 D7=103300 A0=379A2 A1=108914 A2=10A166 A3=7A440 A4=103300 A5=108000 A6=10BA1E PC=379C0 -- 0379C0: move.b  ($431,A5), D0
D0=6 D1=0 D2=56 D3=0 D4=840000F D5=842184D8 D6=842184D8 D7=103300 A0=379A2 A1=108914 A2=10A166 A3=7A440 A4=103300 A5=108000 A6=10BA1E PC=379C4 -- 0379C4: move.b  ($501d,A5), ($d8,A4)
D0=6 D1=0 D2=56 D3=0 D4=840000F D5=842184D8 D6=842184D8 D7=103300 A0=379A2 A1=108914 A2=10A166 A3=7A440 A4=103300 A5=108000 A6=10BA1E PC=379CA -- 0379CA: bsr     $3790e
D0=6 D1=0 D2=56 D3=0 D4=840000F D5=842184D8 D6=842184D8 D7=103300 A0=379A2 A1=108914 A2=10A166 A3=7A440 A4=103300 A5=108000 A6=10BA1E PC=3790E -- 03790E: add.w   D0, D0
D0=C D1=0 D2=56 D3=0 D4=840000F D5=842184D8 D6=842184D8 D7=103300 A0=379A2 A1=108914 A2=10A166 A3=7A440 A4=103300 A5=108000 A6=10BA1E PC=37910 -- 037910: add.w   D0, D0
D0=18 D1=0 D2=56 D3=0 D4=840000F D5=842184D8 D6=842184D8 D7=103300 A0=379A2 A1=108914 A2=10A166 A3=7A440 A4=103300 A5=108000 A6=10BA1E PC=37912 -- 037912: lea     $534dc.l, A2
D0=18 D1=0 D2=56 D3=0 D4=840000F D5=842184D8 D6=842184D8 D7=103300 A0=379A2 A1=108914 A2=534DC A3=7A440 A4=103300 A5=108000 A6=10BA1E PC=37918 -- 037918: adda.w  D0, A2
D0=18 D1=0 D2=56 D3=0 D4=840000F D5=842184D8 D6=842184D8 D7=103300 A0=379A2 A1=108914 A2=534F4 A3=7A440 A4=103300 A5=108000 A6=10BA1E PC=3791A -- 03791A: rts
D0=18 D1=0 D2=56 D3=0 D4=840000F D5=842184D8 D6=842184D8 D7=103300 A0=379A2 A1=108914 A2=534F4 A3=7A440 A4=103300 A5=108000 A6=10BA1E PC=379CE -- 0379CE: move.w  ($d0,A4), D0
D0=0 D1=0 D2=56 D3=0 D4=840000F D5=842184D8 D6=842184D8 D7=103300 A0=379A2 A1=108914 A2=534F4 A3=7A440 A4=103300 A5=108000 A6=10BA1E PC=379D2 -- 0379D2: move.b  (A2,D0.w), ($71,A4)
D0=0 D1=0 D2=56 D3=0 D4=840000F D5=842184D8 D6=842184D8 D7=103300 A0=379A2 A1=108914 A2=534F4 A3=7A440 A4=103300 A5=108000 A6=10BA1E PC=379D8 -- 0379D8: move.b  #$ff, ($78,A4)
D0=0 D1=0 D2=56 D3=0 D4=840000F D5=842184D8 D6=842184D8 D7=103300 A0=379A2 A1=108914 A2=534F4 A3=7A440 A4=103300 A5=108000 A6=10BA1E PC=379DE -- 0379DE: jsr     $48e6.w
D0=0 D1=0 D2=56 D3=0 D4=840000F D5=842184D8 D6=842184D8 D7=103300 A0=379A2 A1=108914 A2=534F4 A3=7A440 A4=103300 A5=108000 A6=10BA1E PC=48E6 -- 0048E6: move.w  ($70,A4), D0
D0=12 D1=0 D2=56 D3=0 D4=840000F D5=842184D8 D6=842184D8 D7=103300 A0=379A2 A1=108914 A2=534F4 A3=7A440 A4=103300 A5=108000 A6=10BA1E PC=48EA -- 0048EA: cmp.b   ($78,A4), D0
D0=12 D1=0 D2=56 D3=0 D4=840000F D5=842184D8 D6=842184D8 D7=103300 A0=379A2 A1=108914 A2=534F4 A3=7A440 A4=103300 A5=108000 A6=10BA1E PC=48EE -- 0048EE: bne     $491c
D0=12 D1=0 D2=56 D3=0 D4=840000F D5=842184D8 D6=842184D8 D7=103300 A0=379A2 A1=108914 A2=534F4 A3=7A440 A4=103300 A5=108000 A6=10BA1E PC=491C -- 00491C: move.b  D0, ($78,A4)
D0=12 D1=0 D2=56 D3=0 D4=840000F D5=842184D8 D6=842184D8 D7=103300 A0=379A2 A1=108914 A2=534F4 A3=7A440 A4=103300 A5=108000 A6=10BA1E PC=4920 -- 004920: clr.w   ($74,A4)
D0=12 D1=0 D2=56 D3=0 D4=840000F D5=842184D8 D6=842184D8 D7=103300 A0=379A2 A1=108914 A2=534F4 A3=7A440 A4=103300 A5=108000 A6=10BA1E PC=4924 -- 004924: clr.w   ($7e,A4)
D0=12 D1=0 D2=56 D3=0 D4=840000F D5=842184D8 D6=842184D8 D7=103300 A0=379A2 A1=108914 A2=534F4 A3=7A440 A4=103300 A5=108000 A6=10BA1E PC=4928 -- 004928: clr.b   ($7d,A4)
D0=12 D1=0 D2=56 D3=0 D4=840000F D5=842184D8 D6=842184D8 D7=103300 A0=379A2 A1=108914 A2=534F4 A3=7A440 A4=103300 A5=108000 A6=10BA1E PC=492C -- 00492C: andi.w  #$efff, ($e6,A4)
D0=12 D1=0 D2=56 D3=0 D4=840000F D5=842184D8 D6=842184D8 D7=103300 A0=379A2 A1=108914 A2=534F4 A3=7A440 A4=103300 A5=108000 A6=10BA1E PC=4932 -- 004932: bsr     $49f8
D0=12 D1=0 D2=56 D3=0 D4=840000F D5=842184D8 D6=842184D8 D7=103300 A0=379A2 A1=108914 A2=534F4 A3=7A440 A4=103300 A5=108000 A6=10BA1E PC=49F8 -- 0049F8: lea     ($90,A4), A0
D0=12 D1=0 D2=56 D3=0 D4=840000F D5=842184D8 D6=842184D8 D7=103300 A0=103390 A1=108914 A2=534F4 A3=7A440 A4=103300 A5=108000 A6=10BA1E PC=49FC -- 0049FC: clr.b   (A0)
D0=12 D1=0 D2=56 D3=0 D4=840000F D5=842184D8 D6=842184D8 D7=103300 A0=103390 A1=108914 A2=534F4 A3=7A440 A4=103300 A5=108000 A6=10BA1E PC=49FE -- 0049FE: clr.b   ($5,A0)
D0=12 D1=0 D2=56 D3=0 D4=840000F D5=842184D8 D6=842184D8 D7=103300 A0=103390 A1=108914 A2=534F4 A3=7A440 A4=103300 A5=108000 A6=10BA1E PC=4A02 -- 004A02: clr.b   ($a,A0)
D0=12 D1=0 D2=56 D3=0 D4=840000F D5=842184D8 D6=842184D8 D7=103300 A0=103390 A1=108914 A2=534F4 A3=7A440 A4=103300 A5=108000 A6=10BA1E PC=4A06 -- 004A06: clr.b   ($f,A0)
D0=12 D1=0 D2=56 D3=0 D4=840000F D5=842184D8 D6=842184D8 D7=103300 A0=103390 A1=108914 A2=534F4 A3=7A440 A4=103300 A5=108000 A6=10BA1E PC=4A0A -- 004A0A: rts
D0=12 D1=0 D2=56 D3=0 D4=840000F D5=842184D8 D6=842184D8 D7=103300 A0=103390 A1=108914 A2=534F4 A3=7A440 A4=103300 A5=108000 A6=10BA1E PC=4936 -- 004936: bsr     $4962
D0=12 D1=0 D2=56 D3=0 D4=840000F D5=842184D8 D6=842184D8 D7=103300 A0=103390 A1=108914 A2=534F4 A3=7A440 A4=103300 A5=108000 A6=10BA1E PC=4962 -- 004962: lea     $7bf48.l, A0
D0=12 D1=0 D2=56 D3=0 D4=840000F D5=842184D8 D6=842184D8 D7=103300 A0=7BF48 A1=108914 A2=534F4 A3=7A440 A4=103300 A5=108000 A6=10BA1E PC=4968 -- 004968: move.w  ($70,A4), D0
D0=12 D1=0 D2=56 D3=0 D4=840000F D5=842184D8 D6=842184D8 D7=103300 A0=7BF48 A1=108914 A2=534F4 A3=7A440 A4=103300 A5=108000 A6=10BA1E PC=496C -- 00496C: add.w   D0, D0
D0=24 D1=0 D2=56 D3=0 D4=840000F D5=842184D8 D6=842184D8 D7=103300 A0=7BF48 A1=108914 A2=534F4 A3=7A440 A4=103300 A5=108000 A6=10BA1E PC=496E -- 00496E: add.w   D0, D0
D0=48 D1=0 D2=56 D3=0 D4=840000F D5=842184D8 D6=842184D8 D7=103300 A0=7BF48 A1=108914 A2=534F4 A3=7A440 A4=103300 A5=108000 A6=10BA1E PC=4970 -- 004970: movea.l (A0,D0.w), A0
D0=48 D1=0 D2=56 D3=0 D4=840000F D5=842184D8 D6=842184D8 D7=103300 A0=7E3C0 A1=108914 A2=534F4 A3=7A440 A4=103300 A5=108000 A6=10BA1E PC=4974 -- 004974: move.w  ($72,A4), D0
D0=0 D1=0 D2=56 D3=0 D4=840000F D5=842184D8 D6=842184D8 D7=103300 A0=7E3C0 A1=108914 A2=534F4 A3=7A440 A4=103300 A5=108000 A6=10BA1E PC=4978 -- 004978: add.w   D0, D0
D0=0 D1=0 D2=56 D3=0 D4=840000F D5=842184D8 D6=842184D8 D7=103300 A0=7E3C0 A1=108914 A2=534F4 A3=7A440 A4=103300 A5=108000 A6=10BA1E PC=497A -- 00497A: move.w  (A0,D0.w), ($46de,A5)
D0=0 D1=0 D2=56 D3=0 D4=840000F D5=842184D8 D6=842184D8 D7=103300 A0=7E3C0 A1=108914 A2=534F4 A3=7A440 A4=103300 A5=108000 A6=10BA1E PC=4980 -- 004980: lea     $80000.l, A0
D0=0 D1=0 D2=56 D3=0 D4=840000F D5=842184D8 D6=842184D8 D7=103300 A0=80000 A1=108914 A2=534F4 A3=7A440 A4=103300 A5=108000 A6=10BA1E PC=4986 -- 004986: move.w  ($70,A4), D0
D0=12 D1=0 D2=56 D3=0 D4=840000F D5=842184D8 D6=842184D8 D7=103300 A0=80000 A1=108914 A2=534F4 A3=7A440 A4=103300 A5=108000 A6=10BA1E PC=498A -- 00498A: add.w   D0, D0
D0=24 D1=0 D2=56 D3=0 D4=840000F D5=842184D8 D6=842184D8 D7=103300 A0=80000 A1=108914 A2=534F4 A3=7A440 A4=103300 A5=108000 A6=10BA1E PC=498C -- 00498C: add.w   D0, D0
D0=48 D1=0 D2=56 D3=0 D4=840000F D5=842184D8 D6=842184D8 D7=103300 A0=80000 A1=108914 A2=534F4 A3=7A440 A4=103300 A5=108000 A6=10BA1E PC=498E -- 00498E: movea.l (A0,D0.w), A0
D0=48 D1=0 D2=56 D3=0 D4=840000F D5=842184D8 D6=842184D8 D7=103300 A0=84A00 A1=108914 A2=534F4 A3=7A440 A4=103300 A5=108000 A6=10BA1E PC=4992 -- 004992: move.w  ($46de,A5), D0
D0=0 D1=0 D2=56 D3=0 D4=840000F D5=842184D8 D6=842184D8 D7=103300 A0=84A00 A1=108914 A2=534F4 A3=7A440 A4=103300 A5=108000 A6=10BA1E PC=4996 -- 004996: tst.b   ($46e2,A5)
D0=0 D1=0 D2=56 D3=0 D4=840000F D5=842184D8 D6=842184D8 D7=103300 A0=84A00 A1=108914 A2=534F4 A3=7A440 A4=103300 A5=108000 A6=10BA1E PC=499A -- 00499A: beq     $49a0
D0=0 D1=0 D2=56 D3=0 D4=840000F D5=842184D8 D6=842184D8 D7=103300 A0=84A00 A1=108914 A2=534F4 A3=7A440 A4=103300 A5=108000 A6=10BA1E PC=49A0 -- 0049A0: andi.w  #$ff, D0
D0=0 D1=0 D2=56 D3=0 D4=840000F D5=842184D8 D6=842184D8 D7=103300 A0=84A00 A1=108914 A2=534F4 A3=7A440 A4=103300 A5=108000 A6=10BA1E PC=49A4 -- 0049A4: add.w   D0, D0
D0=0 D1=0 D2=56 D3=0 D4=840000F D5=842184D8 D6=842184D8 D7=103300 A0=84A00 A1=108914 A2=534F4 A3=7A440 A4=103300 A5=108000 A6=10BA1E PC=49A6 -- 0049A6: add.w   D0, D0
D0=0 D1=0 D2=56 D3=0 D4=840000F D5=842184D8 D6=842184D8 D7=103300 A0=84A00 A1=108914 A2=534F4 A3=7A440 A4=103300 A5=108000 A6=10BA1E PC=49A8 -- 0049A8: movea.l (A0,D0.w), A0
D0=0 D1=0 D2=56 D3=0 D4=840000F D5=842184D8 D6=842184D8 D7=103300 A0=D5298 A1=108914 A2=534F4 A3=7A440 A4=103300 A5=108000 A6=10BA1E PC=49AC -- 0049AC: move.w  ($74,A4), D0
D0=0 D1=0 D2=56 D3=0 D4=840000F D5=842184D8 D6=842184D8 D7=103300 A0=D5298 A1=108914 A2=534F4 A3=7A440 A4=103300 A5=108000 A6=10BA1E PC=49B0 -- 0049B0: adda.w  D0, A0
D0=0 D1=0 D2=56 D3=0 D4=840000F D5=842184D8 D6=842184D8 D7=103300 A0=D5298 A1=108914 A2=534F4 A3=7A440 A4=103300 A5=108000 A6=10BA1E PC=49B2 -- 0049B2: move.b  (A0), ($76,A4)
D0=0 D1=0 D2=56 D3=0 D4=840000F D5=842184D8 D6=842184D8 D7=103300 A0=D5298 A1=108914 A2=534F4 A3=7A440 A4=103300 A5=108000 A6=10BA1E PC=49B6 -- 0049B6: bmi     $4a22
D0=0 D1=0 D2=56 D3=0 D4=840000F D5=842184D8 D6=842184D8 D7=103300 A0=D5298 A1=108914 A2=534F4 A3=7A440 A4=103300 A5=108000 A6=10BA1E PC=4A22 -- 004A22: addq.w  #6, ($74,A4)
D0=0 D1=0 D2=56 D3=0 D4=840000F D5=842184D8 D6=842184D8 D7=103300 A0=D5298 A1=108914 A2=534F4 A3=7A440 A4=103300 A5=108000 A6=10BA1E PC=4A26 -- 004A26: moveq   #$0, D0
D0=0 D1=0 D2=56 D3=0 D4=840000F D5=842184D8 D6=842184D8 D7=103300 A0=D5298 A1=108914 A2=534F4 A3=7A440 A4=103300 A5=108000 A6=10BA1E PC=4A28 -- 004A28: move.b  (A0), D0
D0=FD D1=0 D2=56 D3=0 D4=840000F D5=842184D8 D6=842184D8 D7=103300 A0=D5298 A1=108914 A2=534F4 A3=7A440 A4=103300 A5=108000 A6=10BA1E PC=4A2A -- 004A2A: neg.b   D0
D0=3 D1=0 D2=56 D3=0 D4=840000F D5=842184D8 D6=842184D8 D7=103300 A0=D5298 A1=108914 A2=534F4 A3=7A440 A4=103300 A5=108000 A6=10BA1E PC=4A2C -- 004A2C: subq.b  #1, D0
D0=2 D1=0 D2=56 D3=0 D4=840000F D5=842184D8 D6=842184D8 D7=103300 A0=D5298 A1=108914 A2=534F4 A3=7A440 A4=103300 A5=108000 A6=10BA1E PC=4A2E -- 004A2E: add.w   D0, D0
D0=4 D1=0 D2=56 D3=0 D4=840000F D5=842184D8 D6=842184D8 D7=103300 A0=D5298 A1=108914 A2=534F4 A3=7A440 A4=103300 A5=108000 A6=10BA1E PC=4A30 -- 004A30: add.w   D0, D0
D0=8 D1=0 D2=56 D3=0 D4=840000F D5=842184D8 D6=842184D8 D7=103300 A0=D5298 A1=108914 A2=534F4 A3=7A440 A4=103300 A5=108000 A6=10BA1E PC=4A32 -- 004A32: lea     ($e,PC) ; ($4a42), A1
D0=8 D1=0 D2=56 D3=0 D4=840000F D5=842184D8 D6=842184D8 D7=103300 A0=D5298 A1=4A42 A2=534F4 A3=7A440 A4=103300 A5=108000 A6=10BA1E PC=4A36 -- 004A36: nop
D0=8 D1=0 D2=56 D3=0 D4=840000F D5=842184D8 D6=842184D8 D7=103300 A0=D5298 A1=4A42 A2=534F4 A3=7A440 A4=103300 A5=108000 A6=10BA1E PC=4A38 -- 004A38: movea.l (A1,D0.w), A1
D0=8 D1=0 D2=56 D3=0 D4=840000F D5=842184D8 D6=842184D8 D7=103300 A0=D5298 A1=4A74 A2=534F4 A3=7A440 A4=103300 A5=108000 A6=10BA1E PC=4A3C -- 004A3C: jsr     (A1)
D0=8 D1=0 D2=56 D3=0 D4=840000F D5=842184D8 D6=842184D8 D7=103300 A0=D5298 A1=4A74 A2=534F4 A3=7A440 A4=103300 A5=108000 A6=10BA1E PC=4A74 -- 004A74: addq.l  #1, A0
D0=8 D1=0 D2=56 D3=0 D4=840000F D5=842184D8 D6=842184D8 D7=103300 A0=D5299 A1=4A74 A2=534F4 A3=7A440 A4=103300 A5=108000 A6=10BA1E PC=4A76 -- 004A76: move.b  (A0)+, D0
D0=30 D1=0 D2=56 D3=0 D4=840000F D5=842184D8 D6=842184D8 D7=103300 A0=D529A A1=4A74 A2=534F4 A3=7A440 A4=103300 A5=108000 A6=10BA1E PC=4A78 -- 004A78: move.b  D0, D1
D0=30 D1=30 D2=56 D3=0 D4=840000F D5=842184D8 D6=842184D8 D7=103300 A0=D529A A1=4A74 A2=534F4 A3=7A440 A4=103300 A5=108000 A6=10BA1E PC=4A7A -- 004A7A: andi.w  #$f, D1
D0=30 D1=0 D2=56 D3=0 D4=840000F D5=842184D8 D6=842184D8 D7=103300 A0=D529A A1=4A74 A2=534F4 A3=7A440 A4=103300 A5=108000 A6=10BA1E PC=4A7E -- 004A7E: lea     ($90,A4), A1
D0=30 D1=0 D2=56 D3=0 D4=840000F D5=842184D8 D6=842184D8 D7=103300 A0=D529A A1=103390 A2=534F4 A3=7A440 A4=103300 A5=108000 A6=10BA1E PC=4A82 -- 004A82: mulu.w  #$5, D1
D0=30 D1=0 D2=56 D3=0 D4=840000F D5=842184D8 D6=842184D8 D7=103300 A0=D529A A1=103390 A2=534F4 A3=7A440 A4=103300 A5=108000 A6=10BA1E PC=4A86 -- 004A86: adda.l  D1, A1
D0=30 D1=0 D2=56 D3=0 D4=840000F D5=842184D8 D6=842184D8 D7=103300 A0=D529A A1=103390 A2=534F4 A3=7A440 A4=103300 A5=108000 A6=10BA1E PC=4A88 -- 004A88: lsr.b   #4, D0
D0=3 D1=0 D2=56 D3=0 D4=840000F D5=842184D8 D6=842184D8 D7=103300 A0=D529A A1=103390 A2=534F4 A3=7A440 A4=103300 A5=108000 A6=10BA1E PC=4A8A -- 004A8A: move.b  D0, (A1)+
D0=3 D1=0 D2=56 D3=0 D4=840000F D5=842184D8 D6=842184D8 D7=103300 A0=D529A A1=103391 A2=534F4 A3=7A440 A4=103300 A5=108000 A6=10BA1E PC=4A8C -- 004A8C: move.b  (A0)+, (A1)+
D0=3 D1=0 D2=56 D3=0 D4=840000F D5=842184D8 D6=842184D8 D7=103300 A0=D529B A1=103392 A2=534F4 A3=7A440 A4=103300 A5=108000 A6=10BA1E PC=4A8E -- 004A8E: move.b  (A0)+, (A1)+
D0=3 D1=0 D2=56 D3=0 D4=840000F D5=842184D8 D6=842184D8 D7=103300 A0=D529C A1=103393 A2=534F4 A3=7A440 A4=103300 A5=108000 A6=10BA1E PC=4A90 -- 004A90: move.b  (A0)+, (A1)+
D0=3 D1=0 D2=56 D3=0 D4=840000F D5=842184D8 D6=842184D8 D7=103300 A0=D529D A1=103394 A2=534F4 A3=7A440 A4=103300 A5=108000 A6=10BA1E PC=4A92 -- 004A92: move.b  (A0), (A1)+
D0=3 D1=0 D2=56 D3=0 D4=840000F D5=842184D8 D6=842184D8 D7=103300 A0=D529D A1=103395 A2=534F4 A3=7A440 A4=103300 A5=108000 A6=10BA1E PC=4A94 -- 004A94: rts
D0=3 D1=0 D2=56 D3=0 D4=840000F D5=842184D8 D6=842184D8 D7=103300 A0=D529D A1=103395 A2=534F4 A3=7A440 A4=103300 A5=108000 A6=10BA1E PC=4A3E -- 004A3E: bra     $4962
D0=3 D1=0 D2=56 D3=0 D4=840000F D5=842184D8 D6=842184D8 D7=103300 A0=D529D A1=103395 A2=534F4 A3=7A440 A4=103300 A5=108000 A6=10BA1E PC=4962 -- 004962: lea     $7bf48.l, A0
D0=3 D1=0 D2=56 D3=0 D4=840000F D5=842184D8 D6=842184D8 D7=103300 A0=7BF48 A1=103395 A2=534F4 A3=7A440 A4=103300 A5=108000 A6=10BA1E PC=4968 -- 004968: move.w  ($70,A4), D0
D0=12 D1=0 D2=56 D3=0 D4=840000F D5=842184D8 D6=842184D8 D7=103300 A0=7BF48 A1=103395 A2=534F4 A3=7A440 A4=103300 A5=108000 A6=10BA1E PC=496C -- 00496C: add.w   D0, D0
D0=24 D1=0 D2=56 D3=0 D4=840000F D5=842184D8 D6=842184D8 D7=103300 A0=7BF48 A1=103395 A2=534F4 A3=7A440 A4=103300 A5=108000 A6=10BA1E PC=496E -- 00496E: add.w   D0, D0
D0=48 D1=0 D2=56 D3=0 D4=840000F D5=842184D8 D6=842184D8 D7=103300 A0=7BF48 A1=103395 A2=534F4 A3=7A440 A4=103300 A5=108000 A6=10BA1E PC=4970 -- 004970: movea.l (A0,D0.w), A0
D0=48 D1=0 D2=56 D3=0 D4=840000F D5=842184D8 D6=842184D8 D7=103300 A0=7E3C0 A1=103395 A2=534F4 A3=7A440 A4=103300 A5=108000 A6=10BA1E PC=4974 -- 004974: move.w  ($72,A4), D0
D0=0 D1=0 D2=56 D3=0 D4=840000F D5=842184D8 D6=842184D8 D7=103300 A0=7E3C0 A1=103395 A2=534F4 A3=7A440 A4=103300 A5=108000 A6=10BA1E PC=4978 -- 004978: add.w   D0, D0
D0=0 D1=0 D2=56 D3=0 D4=840000F D5=842184D8 D6=842184D8 D7=103300 A0=7E3C0 A1=103395 A2=534F4 A3=7A440 A4=103300 A5=108000 A6=10BA1E PC=497A -- 00497A: move.w  (A0,D0.w), ($46de,A5)
D0=0 D1=0 D2=56 D3=0 D4=840000F D5=842184D8 D6=842184D8 D7=103300 A0=7E3C0 A1=103395 A2=534F4 A3=7A440 A4=103300 A5=108000 A6=10BA1E PC=4980 -- 004980: lea     $80000.l, A0
D0=0 D1=0 D2=56 D3=0 D4=840000F D5=842184D8 D6=842184D8 D7=103300 A0=80000 A1=103395 A2=534F4 A3=7A440 A4=103300 A5=108000 A6=10BA1E PC=4986 -- 004986: move.w  ($70,A4), D0
D0=12 D1=0 D2=56 D3=0 D4=840000F D5=842184D8 D6=842184D8 D7=103300 A0=80000 A1=103395 A2=534F4 A3=7A440 A4=103300 A5=108000 A6=10BA1E PC=498A -- 00498A: add.w   D0, D0
D0=24 D1=0 D2=56 D3=0 D4=840000F D5=842184D8 D6=842184D8 D7=103300 A0=80000 A1=103395 A2=534F4 A3=7A440 A4=103300 A5=108000 A6=10BA1E PC=498C -- 00498C: add.w   D0, D0
D0=48 D1=0 D2=56 D3=0 D4=840000F D5=842184D8 D6=842184D8 D7=103300 A0=80000 A1=103395 A2=534F4 A3=7A440 A4=103300 A5=108000 A6=10BA1E PC=498E -- 00498E: movea.l (A0,D0.w), A0
D0=48 D1=0 D2=56 D3=0 D4=840000F D5=842184D8 D6=842184D8 D7=103300 A0=84A00 A1=103395 A2=534F4 A3=7A440 A4=103300 A5=108000 A6=10BA1E PC=4992 -- 004992: move.w  ($46de,A5), D0
D0=0 D1=0 D2=56 D3=0 D4=840000F D5=842184D8 D6=842184D8 D7=103300 A0=84A00 A1=103395 A2=534F4 A3=7A440 A4=103300 A5=108000 A6=10BA1E PC=4996 -- 004996: tst.b   ($46e2,A5)
D0=0 D1=0 D2=56 D3=0 D4=840000F D5=842184D8 D6=842184D8 D7=103300 A0=84A00 A1=103395 A2=534F4 A3=7A440 A4=103300 A5=108000 A6=10BA1E PC=499A -- 00499A: beq     $49a0
D0=0 D1=0 D2=56 D3=0 D4=840000F D5=842184D8 D6=842184D8 D7=103300 A0=84A00 A1=103395 A2=534F4 A3=7A440 A4=103300 A5=108000 A6=10BA1E PC=49A0 -- 0049A0: andi.w  #$ff, D0
D0=0 D1=0 D2=56 D3=0 D4=840000F D5=842184D8 D6=842184D8 D7=103300 A0=84A00 A1=103395 A2=534F4 A3=7A440 A4=103300 A5=108000 A6=10BA1E PC=49A4 -- 0049A4: add.w   D0, D0
D0=0 D1=0 D2=56 D3=0 D4=840000F D5=842184D8 D6=842184D8 D7=103300 A0=84A00 A1=103395 A2=534F4 A3=7A440 A4=103300 A5=108000 A6=10BA1E PC=49A6 -- 0049A6: add.w   D0, D0
D0=0 D1=0 D2=56 D3=0 D4=840000F D5=842184D8 D6=842184D8 D7=103300 A0=84A00 A1=103395 A2=534F4 A3=7A440 A4=103300 A5=108000 A6=10BA1E PC=49A8 -- 0049A8: movea.l (A0,D0.w), A0
D0=0 D1=0 D2=56 D3=0 D4=840000F D5=842184D8 D6=842184D8 D7=103300 A0=D5298 A1=103395 A2=534F4 A3=7A440 A4=103300 A5=108000 A6=10BA1E PC=49AC -- 0049AC: move.w  ($74,A4), D0
D0=6 D1=0 D2=56 D3=0 D4=840000F D5=842184D8 D6=842184D8 D7=103300 A0=D5298 A1=103395 A2=534F4 A3=7A440 A4=103300 A5=108000 A6=10BA1E PC=49B0 -- 0049B0: adda.w  D0, A0
D0=6 D1=0 D2=56 D3=0 D4=840000F D5=842184D8 D6=842184D8 D7=103300 A0=D529E A1=103395 A2=534F4 A3=7A440 A4=103300 A5=108000 A6=10BA1E PC=49B2 -- 0049B2: move.b  (A0), ($76,A4)
D0=6 D1=0 D2=56 D3=0 D4=840000F D5=842184D8 D6=842184D8 D7=103300 A0=D529E A1=103395 A2=534F4 A3=7A440 A4=103300 A5=108000 A6=10BA1E PC=49B6 -- 0049B6: bmi     $4a22
D0=6 D1=0 D2=56 D3=0 D4=840000F D5=842184D8 D6=842184D8 D7=103300 A0=D529E A1=103395 A2=534F4 A3=7A440 A4=103300 A5=108000 A6=10BA1E PC=4A22 -- 004A22: addq.w  #6, ($74,A4)
D0=6 D1=0 D2=56 D3=0 D4=840000F D5=842184D8 D6=842184D8 D7=103300 A0=D529E A1=103395 A2=534F4 A3=7A440 A4=103300 A5=108000 A6=10BA1E PC=4A26 -- 004A26: moveq   #$0, D0
D0=0 D1=0 D2=56 D3=0 D4=840000F D5=842184D8 D6=842184D8 D7=103300 A0=D529E A1=103395 A2=534F4 A3=7A440 A4=103300 A5=108000 A6=10BA1E PC=4A28 -- 004A28: move.b  (A0), D0
D0=FD D1=0 D2=56 D3=0 D4=840000F D5=842184D8 D6=842184D8 D7=103300 A0=D529E A1=103395 A2=534F4 A3=7A440 A4=103300 A5=108000 A6=10BA1E PC=4A2A -- 004A2A: neg.b   D0
D0=3 D1=0 D2=56 D3=0 D4=840000F D5=842184D8 D6=842184D8 D7=103300 A0=D529E A1=103395 A2=534F4 A3=7A440 A4=103300 A5=108000 A6=10BA1E PC=4A2C -- 004A2C: subq.b  #1, D0
D0=2 D1=0 D2=56 D3=0 D4=840000F D5=842184D8 D6=842184D8 D7=103300 A0=D529E A1=103395 A2=534F4 A3=7A440 A4=103300 A5=108000 A6=10BA1E PC=4A2E -- 004A2E: add.w   D0, D0
D0=4 D1=0 D2=56 D3=0 D4=840000F D5=842184D8 D6=842184D8 D7=103300 A0=D529E A1=103395 A2=534F4 A3=7A440 A4=103300 A5=108000 A6=10BA1E PC=4A30 -- 004A30: add.w   D0, D0
D0=8 D1=0 D2=56 D3=0 D4=840000F D5=842184D8 D6=842184D8 D7=103300 A0=D529E A1=103395 A2=534F4 A3=7A440 A4=103300 A5=108000 A6=10BA1E PC=4A32 -- 004A32: lea     ($e,PC) ; ($4a42), A1
D0=8 D1=0 D2=56 D3=0 D4=840000F D5=842184D8 D6=842184D8 D7=103300 A0=D529E A1=4A42 A2=534F4 A3=7A440 A4=103300 A5=108000 A6=10BA1E PC=4A36 -- 004A36: nop
D0=8 D1=0 D2=56 D3=0 D4=840000F D5=842184D8 D6=842184D8 D7=103300 A0=D529E A1=4A42 A2=534F4 A3=7A440 A4=103300 A5=108000 A6=10BA1E PC=4A38 -- 004A38: movea.l (A1,D0.w), A1
D0=8 D1=0 D2=56 D3=0 D4=840000F D5=842184D8 D6=842184D8 D7=103300 A0=D529E A1=4A74 A2=534F4 A3=7A440 A4=103300 A5=108000 A6=10BA1E PC=4A3C -- 004A3C: jsr     (A1)
D0=8 D1=0 D2=56 D3=0 D4=840000F D5=842184D8 D6=842184D8 D7=103300 A0=D529E A1=4A74 A2=534F4 A3=7A440 A4=103300 A5=108000 A6=10BA1E PC=4A74 -- 004A74: addq.l  #1, A0
D0=8 D1=0 D2=56 D3=0 D4=840000F D5=842184D8 D6=842184D8 D7=103300 A0=D529F A1=4A74 A2=534F4 A3=7A440 A4=103300 A5=108000 A6=10BA1E PC=4A76 -- 004A76: move.b  (A0)+, D0
D0=41 D1=0 D2=56 D3=0 D4=840000F D5=842184D8 D6=842184D8 D7=103300 A0=D52A0 A1=4A74 A2=534F4 A3=7A440 A4=103300 A5=108000 A6=10BA1E PC=4A78 -- 004A78: move.b  D0, D1
D0=41 D1=41 D2=56 D3=0 D4=840000F D5=842184D8 D6=842184D8 D7=103300 A0=D52A0 A1=4A74 A2=534F4 A3=7A440 A4=103300 A5=108000 A6=10BA1E PC=4A7A -- 004A7A: andi.w  #$f, D1
D0=41 D1=1 D2=56 D3=0 D4=840000F D5=842184D8 D6=842184D8 D7=103300 A0=D52A0 A1=4A74 A2=534F4 A3=7A440 A4=103300 A5=108000 A6=10BA1E PC=4A7E -- 004A7E: lea     ($90,A4), A1
D0=41 D1=1 D2=56 D3=0 D4=840000F D5=842184D8 D6=842184D8 D7=103300 A0=D52A0 A1=103390 A2=534F4 A3=7A440 A4=103300 A5=108000 A6=10BA1E PC=4A82 -- 004A82: mulu.w  #$5, D1
D0=41 D1=5 D2=56 D3=0 D4=840000F D5=842184D8 D6=842184D8 D7=103300 A0=D52A0 A1=103390 A2=534F4 A3=7A440 A4=103300 A5=108000 A6=10BA1E PC=4A86 -- 004A86: adda.l  D1, A1
D0=41 D1=5 D2=56 D3=0 D4=840000F D5=842184D8 D6=842184D8 D7=103300 A0=D52A0 A1=103395 A2=534F4 A3=7A440 A4=103300 A5=108000 A6=10BA1E PC=4A88 -- 004A88: lsr.b   #4, D0
D0=4 D1=5 D2=56 D3=0 D4=840000F D5=842184D8 D6=842184D8 D7=103300 A0=D52A0 A1=103395 A2=534F4 A3=7A440 A4=103300 A5=108000 A6=10BA1E PC=4A8A -- 004A8A: move.b  D0, (A1)+
D0=4 D1=5 D2=56 D3=0 D4=840000F D5=842184D8 D6=842184D8 D7=103300 A0=D52A0 A1=103396 A2=534F4 A3=7A440 A4=103300 A5=108000 A6=10BA1E PC=4A8C -- 004A8C: move.b  (A0)+, (A1)+
D0=4 D1=5 D2=56 D3=0 D4=840000F D5=842184D8 D6=842184D8 D7=103300 A0=D52A1 A1=103397 A2=534F4 A3=7A440 A4=103300 A5=108000 A6=10BA1E PC=4A8E -- 004A8E: move.b  (A0)+, (A1)+
D0=4 D1=5 D2=56 D3=0 D4=840000F D5=842184D8 D6=842184D8 D7=103300 A0=D52A2 A1=103398 A2=534F4 A3=7A440 A4=103300 A5=108000 A6=10BA1E PC=4A90 -- 004A90: move.b  (A0)+, (A1)+
D0=4 D1=5 D2=56 D3=0 D4=840000F D5=842184D8 D6=842184D8 D7=103300 A0=D52A3 A1=103399 A2=534F4 A3=7A440 A4=103300 A5=108000 A6=10BA1E PC=4A92 -- 004A92: move.b  (A0), (A1)+
D0=4 D1=5 D2=56 D3=0 D4=840000F D5=842184D8 D6=842184D8 D7=103300 A0=D52A3 A1=10339A A2=534F4 A3=7A440 A4=103300 A5=108000 A6=10BA1E PC=4A94 -- 004A94: rts
D0=4 D1=5 D2=56 D3=0 D4=840000F D5=842184D8 D6=842184D8 D7=103300 A0=D52A3 A1=10339A A2=534F4 A3=7A440 A4=103300 A5=108000 A6=10BA1E PC=4A3E -- 004A3E: bra     $4962
D0=4 D1=5 D2=56 D3=0 D4=840000F D5=842184D8 D6=842184D8 D7=103300 A0=D52A3 A1=10339A A2=534F4 A3=7A440 A4=103300 A5=108000 A6=10BA1E PC=4962 -- 004962: lea     $7bf48.l, A0
D0=4 D1=5 D2=56 D3=0 D4=840000F D5=842184D8 D6=842184D8 D7=103300 A0=7BF48 A1=10339A A2=534F4 A3=7A440 A4=103300 A5=108000 A6=10BA1E PC=4968 -- 004968: move.w  ($70,A4), D0
D0=12 D1=5 D2=56 D3=0 D4=840000F D5=842184D8 D6=842184D8 D7=103300 A0=7BF48 A1=10339A A2=534F4 A3=7A440 A4=103300 A5=108000 A6=10BA1E PC=496C -- 00496C: add.w   D0, D0
D0=24 D1=5 D2=56 D3=0 D4=840000F D5=842184D8 D6=842184D8 D7=103300 A0=7BF48 A1=10339A A2=534F4 A3=7A440 A4=103300 A5=108000 A6=10BA1E PC=496E -- 00496E: add.w   D0, D0
D0=48 D1=5 D2=56 D3=0 D4=840000F D5=842184D8 D6=842184D8 D7=103300 A0=7BF48 A1=10339A A2=534F4 A3=7A440 A4=103300 A5=108000 A6=10BA1E PC=4970 -- 004970: movea.l (A0,D0.w), A0
D0=48 D1=5 D2=56 D3=0 D4=840000F D5=842184D8 D6=842184D8 D7=103300 A0=7E3C0 A1=10339A A2=534F4 A3=7A440 A4=103300 A5=108000 A6=10BA1E PC=4974 -- 004974: move.w  ($72,A4), D0
D0=0 D1=5 D2=56 D3=0 D4=840000F D5=842184D8 D6=842184D8 D7=103300 A0=7E3C0 A1=10339A A2=534F4 A3=7A440 A4=103300 A5=108000 A6=10BA1E PC=4978 -- 004978: add.w   D0, D0
D0=0 D1=5 D2=56 D3=0 D4=840000F D5=842184D8 D6=842184D8 D7=103300 A0=7E3C0 A1=10339A A2=534F4 A3=7A440 A4=103300 A5=108000 A6=10BA1E PC=497A -- 00497A: move.w  (A0,D0.w), ($46de,A5)
D0=0 D1=5 D2=56 D3=0 D4=840000F D5=842184D8 D6=842184D8 D7=103300 A0=7E3C0 A1=10339A A2=534F4 A3=7A440 A4=103300 A5=108000 A6=10BA1E PC=4980 -- 004980: lea     $80000.l, A0
D0=0 D1=5 D2=56 D3=0 D4=840000F D5=842184D8 D6=842184D8 D7=103300 A0=80000 A1=10339A A2=534F4 A3=7A440 A4=103300 A5=108000 A6=10BA1E PC=4986 -- 004986: move.w  ($70,A4), D0
D0=12 D1=5 D2=56 D3=0 D4=840000F D5=842184D8 D6=842184D8 D7=103300 A0=80000 A1=10339A A2=534F4 A3=7A440 A4=103300 A5=108000 A6=10BA1E PC=498A -- 00498A: add.w   D0, D0
D0=24 D1=5 D2=56 D3=0 D4=840000F D5=842184D8 D6=842184D8 D7=103300 A0=80000 A1=10339A A2=534F4 A3=7A440 A4=103300 A5=108000 A6=10BA1E PC=498C -- 00498C: add.w   D0, D0
D0=48 D1=5 D2=56 D3=0 D4=840000F D5=842184D8 D6=842184D8 D7=103300 A0=80000 A1=10339A A2=534F4 A3=7A440 A4=103300 A5=108000 A6=10BA1E PC=498E -- 00498E: movea.l (A0,D0.w), A0
D0=48 D1=5 D2=56 D3=0 D4=840000F D5=842184D8 D6=842184D8 D7=103300 A0=84A00 A1=10339A A2=534F4 A3=7A440 A4=103300 A5=108000 A6=10BA1E PC=4992 -- 004992: move.w  ($46de,A5), D0
D0=0 D1=5 D2=56 D3=0 D4=840000F D5=842184D8 D6=842184D8 D7=103300 A0=84A00 A1=10339A A2=534F4 A3=7A440 A4=103300 A5=108000 A6=10BA1E PC=4996 -- 004996: tst.b   ($46e2,A5)
D0=0 D1=5 D2=56 D3=0 D4=840000F D5=842184D8 D6=842184D8 D7=103300 A0=84A00 A1=10339A A2=534F4 A3=7A440 A4=103300 A5=108000 A6=10BA1E PC=499A -- 00499A: beq     $49a0
D0=0 D1=5 D2=56 D3=0 D4=840000F D5=842184D8 D6=842184D8 D7=103300 A0=84A00 A1=10339A A2=534F4 A3=7A440 A4=103300 A5=108000 A6=10BA1E PC=49A0 -- 0049A0: andi.w  #$ff, D0
D0=0 D1=5 D2=56 D3=0 D4=840000F D5=842184D8 D6=842184D8 D7=103300 A0=84A00 A1=10339A A2=534F4 A3=7A440 A4=103300 A5=108000 A6=10BA1E PC=49A4 -- 0049A4: add.w   D0, D0
D0=0 D1=5 D2=56 D3=0 D4=840000F D5=842184D8 D6=842184D8 D7=103300 A0=84A00 A1=10339A A2=534F4 A3=7A440 A4=103300 A5=108000 A6=10BA1E PC=49A6 -- 0049A6: add.w   D0, D0
D0=0 D1=5 D2=56 D3=0 D4=840000F D5=842184D8 D6=842184D8 D7=103300 A0=84A00 A1=10339A A2=534F4 A3=7A440 A4=103300 A5=108000 A6=10BA1E PC=49A8 -- 0049A8: movea.l (A0,D0.w), A0
D0=0 D1=5 D2=56 D3=0 D4=840000F D5=842184D8 D6=842184D8 D7=103300 A0=D5298 A1=10339A A2=534F4 A3=7A440 A4=103300 A5=108000 A6=10BA1E PC=49AC -- 0049AC: move.w  ($74,A4), D0
D0=C D1=5 D2=56 D3=0 D4=840000F D5=842184D8 D6=842184D8 D7=103300 A0=D5298 A1=10339A A2=534F4 A3=7A440 A4=103300 A5=108000 A6=10BA1E PC=49B0 -- 0049B0: adda.w  D0, A0
D0=C D1=5 D2=56 D3=0 D4=840000F D5=842184D8 D6=842184D8 D7=103300 A0=D52A4 A1=10339A A2=534F4 A3=7A440 A4=103300 A5=108000 A6=10BA1E PC=49B2 -- 0049B2: move.b  (A0), ($76,A4)
D0=C D1=5 D2=56 D3=0 D4=840000F D5=842184D8 D6=842184D8 D7=103300 A0=D52A4 A1=10339A A2=534F4 A3=7A440 A4=103300 A5=108000 A6=10BA1E PC=49B6 -- 0049B6: bmi     $4a22
D0=C D1=5 D2=56 D3=0 D4=840000F D5=842184D8 D6=842184D8 D7=103300 A0=D52A4 A1=10339A A2=534F4 A3=7A440 A4=103300 A5=108000 A6=10BA1E PC=49BA -- 0049BA: move.b  ($81,A4), D0
D0=0 D1=5 D2=56 D3=0 D4=840000F D5=842184D8 D6=842184D8 D7=103300 A0=D52A4 A1=10339A A2=534F4 A3=7A440 A4=103300 A5=108000 A6=10BA1E PC=49BE -- 0049BE: tst.b   ($7d,A4)
D0=0 D1=5 D2=56 D3=0 D4=840000F D5=842184D8 D6=842184D8 D7=103300 A0=D52A4 A1=10339A A2=534F4 A3=7A440 A4=103300 A5=108000 A6=10BA1E PC=49C2 -- 0049C2: beq     $49c8
D0=0 D1=5 D2=56 D3=0 D4=840000F D5=842184D8 D6=842184D8 D7=103300 A0=D52A4 A1=10339A A2=534F4 A3=7A440 A4=103300 A5=108000 A6=10BA1E PC=49C8 -- 0049C8: add.b   ($7d,A4), D0
D0=0 D1=5 D2=56 D3=0 D4=840000F D5=842184D8 D6=842184D8 D7=103300 A0=D52A4 A1=10339A A2=534F4 A3=7A440 A4=103300 A5=108000 A6=10BA1E PC=49CC -- 0049CC: add.b   D0, ($76,A4)
D0=0 D1=5 D2=56 D3=0 D4=840000F D5=842184D8 D6=842184D8 D7=103300 A0=D52A4 A1=10339A A2=534F4 A3=7A440 A4=103300 A5=108000 A6=10BA1E PC=49D0 -- 0049D0: bgt     $49d8
D0=0 D1=5 D2=56 D3=0 D4=840000F D5=842184D8 D6=842184D8 D7=103300 A0=D52A4 A1=10339A A2=534F4 A3=7A440 A4=103300 A5=108000 A6=10BA1E PC=49D8 -- 0049D8: addq.w  #1, ($7e,A4)
D0=0 D1=5 D2=56 D3=0 D4=840000F D5=842184D8 D6=842184D8 D7=103300 A0=D52A4 A1=10339A A2=534F4 A3=7A440 A4=103300 A5=108000 A6=10BA1E PC=49DC -- 0049DC: move.b  ($4,A0), ($7a,A4)
D0=0 D1=5 D2=56 D3=0 D4=840000F D5=842184D8 D6=842184D8 D7=103300 A0=D52A4 A1=10339A A2=534F4 A3=7A440 A4=103300 A5=108000 A6=10BA1E PC=49E2 -- 0049E2: move.b  ($5,A0), ($7b,A4)
D0=0 D1=5 D2=56 D3=0 D4=840000F D5=842184D8 D6=842184D8 D7=103300 A0=D52A4 A1=10339A A2=534F4 A3=7A440 A4=103300 A5=108000 A6=10BA1E PC=49E8 -- 0049E8: move.l  (A0), D0
D0=50D3B64 D1=5 D2=56 D3=0 D4=840000F D5=842184D8 D6=842184D8 D7=103300 A0=D52A4 A1=10339A A2=534F4 A3=7A440 A4=103300 A5=108000 A6=10BA1E PC=49EA -- 0049EA: movea.l D0, A0
D0=50D3B64 D1=5 D2=56 D3=0 D4=840000F D5=842184D8 D6=842184D8 D7=103300 A0=50D3B64 A1=10339A A2=534F4 A3=7A440 A4=103300 A5=108000 A6=10BA1E PC=49EC -- 0049EC: move.w  (A0), ($6a,A4)
D0=50D3B64 D1=5 D2=56 D3=0 D4=840000F D5=842184D8 D6=842184D8 D7=103300 A0=50D3B64 A1=10339A A2=534F4 A3=7A440 A4=103300 A5=108000 A6=10BA1E PC=49F0 -- 0049F0: move.w  ($2,A0), ($6c,A4)
D0=50D3B64 D1=5 D2=56 D3=0 D4=840000F D5=842184D8 D6=842184D8 D7=103300 A0=50D3B64 A1=10339A A2=534F4 A3=7A440 A4=103300 A5=108000 A6=10BA1E PC=49F6 -- 0049F6: rts
D0=50D3B64 D1=5 D2=56 D3=0 D4=840000F D5=842184D8 D6=842184D8 D7=103300 A0=50D3B64 A1=10339A A2=534F4 A3=7A440 A4=103300 A5=108000 A6=10BA1E PC=493A -- 00493A: bra     $4906
D0=50D3B64 D1=5 D2=56 D3=0 D4=840000F D5=842184D8 D6=842184D8 D7=103300 A0=50D3B64 A1=10339A A2=534F4 A3=7A440 A4=103300 A5=108000 A6=10BA1E PC=4906 -- 004906: subq.b  #1, ($76,A4)
D0=50D3B64 D1=5 D2=56 D3=0 D4=840000F D5=842184D8 D6=842184D8 D7=103300 A0=50D3B64 A1=10339A A2=534F4 A3=7A440 A4=103300 A5=108000 A6=10BA1E PC=490A -- 00490A: bhi     $491a
D0=50D3B64 D1=5 D2=56 D3=0 D4=840000F D5=842184D8 D6=842184D8 D7=103300 A0=50D3B64 A1=10339A A2=534F4 A3=7A440 A4=103300 A5=108000 A6=10BA1E PC=491A -- 00491A: rts
D0=50D3B64 D1=5 D2=56 D3=0 D4=840000F D5=842184D8 D6=842184D8 D7=103300 A0=50D3B64 A1=10339A A2=534F4 A3=7A440 A4=103300 A5=108000 A6=10BA1E PC=379E2 -- 0379E2: jsr     $32e4.w
D0=50D3B64 D1=5 D2=56 D3=0 D4=840000F D5=842184D8 D6=842184D8 D7=103300 A0=50D3B64 A1=10339A A2=534F4 A3=7A440 A4=103300 A5=108000 A6=10BA1E PC=32E4 -- 0032E4: moveq   #$d, D3
D0=50D3B64 D1=5 D2=56 D3=D D4=840000F D5=842184D8 D6=842184D8 D7=103300 A0=50D3B64 A1=10339A A2=534F4 A3=7A440 A4=103300 A5=108000 A6=10BA1E PC=32E6 -- 0032E6: move.w  ($70,A4), D0
D0=50D0012 D1=5 D2=56 D3=D D4=840000F D5=842184D8 D6=842184D8 D7=103300 A0=50D3B64 A1=10339A A2=534F4 A3=7A440 A4=103300 A5=108000 A6=10BA1E PC=32EA -- 0032EA: add.w   D0, D0
D0=50D0024 D1=5 D2=56 D3=D D4=840000F D5=842184D8 D6=842184D8 D7=103300 A0=50D3B64 A1=10339A A2=534F4 A3=7A440 A4=103300 A5=108000 A6=10BA1E PC=32EC -- 0032EC: add.w   D0, D0
D0=50D0048 D1=5 D2=56 D3=D D4=840000F D5=842184D8 D6=842184D8 D7=103300 A0=50D3B64 A1=10339A A2=534F4 A3=7A440 A4=103300 A5=108000 A6=10BA1E PC=32EE -- 0032EE: moveq   #$0, D1
D0=50D0048 D1=0 D2=56 D3=D D4=840000F D5=842184D8 D6=842184D8 D7=103300 A0=50D3B64 A1=10339A A2=534F4 A3=7A440 A4=103300 A5=108000 A6=10BA1E PC=32F0 -- 0032F0: move.b  ($d8,A4), D1
D0=50D0048 D1=0 D2=56 D3=D D4=840000F D5=842184D8 D6=842184D8 D7=103300 A0=50D3B64 A1=10339A A2=534F4 A3=7A440 A4=103300 A5=108000 A6=10BA1E PC=32F4 -- 0032F4: add.w   D1, D1
D0=50D0048 D1=0 D2=56 D3=D D4=840000F D5=842184D8 D6=842184D8 D7=103300 A0=50D3B64 A1=10339A A2=534F4 A3=7A440 A4=103300 A5=108000 A6=10BA1E PC=32F6 -- 0032F6: add.w   D1, D0
D0=50D0048 D1=0 D2=56 D3=D D4=840000F D5=842184D8 D6=842184D8 D7=103300 A0=50D3B64 A1=10339A A2=534F4 A3=7A440 A4=103300 A5=108000 A6=10BA1E PC=32F8 -- 0032F8: lea     ($d8,PC) ; ($33d2), A0
D0=50D0048 D1=0 D2=56 D3=D D4=840000F D5=842184D8 D6=842184D8 D7=103300 A0=33D2 A1=10339A A2=534F4 A3=7A440 A4=103300 A5=108000 A6=10BA1E PC=32FC -- 0032FC: move.w  (A0,D0.w), D1
D0=50D0048 D1=578 D2=56 D3=D D4=840000F D5=842184D8 D6=842184D8 D7=103300 A0=33D2 A1=10339A A2=534F4 A3=7A440 A4=103300 A5=108000 A6=10BA1E PC=3300 -- 003300: moveq   #$0, D2
D0=50D0048 D1=578 D2=0 D3=D D4=840000F D5=842184D8 D6=842184D8 D7=103300 A0=33D2 A1=10339A A2=534F4 A3=7A440 A4=103300 A5=108000 A6=10BA1E PC=3302 -- 003302: move.b  ($30,A4), D2
D0=50D0048 D1=578 D2=2A D3=D D4=840000F D5=842184D8 D6=842184D8 D7=103300 A0=33D2 A1=10339A A2=534F4 A3=7A440 A4=103300 A5=108000 A6=10BA1E PC=3306 -- 003306: addi.w  #$10, D2
D0=50D0048 D1=578 D2=3A D3=D D4=840000F D5=842184D8 D6=842184D8 D7=103300 A0=33D2 A1=10339A A2=534F4 A3=7A440 A4=103300 A5=108000 A6=10BA1E PC=330A -- 00330A: bra     $3512
D0=50D0048 D1=578 D2=3A D3=D D4=840000F D5=842184D8 D6=842184D8 D7=103300 A0=33D2 A1=10339A A2=534F4 A3=7A440 A4=103300 A5=108000 A6=10BA1E PC=3512 -- 003512: movea.l ($38a8,A5), A2
D0=50D0048 D1=578 D2=3A D3=D D4=840000F D5=842184D8 D6=842184D8 D7=103300 A0=33D2 A1=10339A A2=10A166 A3=7A440 A4=103300 A5=108000 A6=10BA1E PC=3516 -- 003516: moveq   #$0, D0
D0=0 D1=578 D2=3A D3=D D4=840000F D5=842184D8 D6=842184D8 D7=103300 A0=33D2 A1=10339A A2=10A166 A3=7A440 A4=103300 A5=108000 A6=10BA1E PC=3518 -- 003518: move.w  D1, D0
D0=578 D1=578 D2=3A D3=D D4=840000F D5=842184D8 D6=842184D8 D7=103300 A0=33D2 A1=10339A A2=10A166 A3=7A440 A4=103300 A5=108000 A6=10BA1E PC=351A -- 00351A: addq.w  #1, D1
D0=578 D1=579 D2=3A D3=D D4=840000F D5=842184D8 D6=842184D8 D7=103300 A0=33D2 A1=10339A A2=10A166 A3=7A440 A4=103300 A5=108000 A6=10BA1E PC=351C -- 00351C: andi.w  #$ff, D2
D0=578 D1=579 D2=3A D3=D D4=840000F D5=842184D8 D6=842184D8 D7=103300 A0=33D2 A1=10339A A2=10A166 A3=7A440 A4=103300 A5=108000 A6=10BA1E PC=3520 -- 003520: move.w  D2, (A2)+
D0=578 D1=579 D2=3A D3=D D4=840000F D5=842184D8 D6=842184D8 D7=103300 A0=33D2 A1=10339A A2=10A168 A3=7A440 A4=103300 A5=108000 A6=10BA1E PC=3522 -- 003522: addq.w  #1, D2
D0=578 D1=579 D2=3B D3=D D4=840000F D5=842184D8 D6=842184D8 D7=103300 A0=33D2 A1=10339A A2=10A168 A3=7A440 A4=103300 A5=108000 A6=10BA1E PC=3524 -- 003524: lea     $6f000.l, A3
D0=578 D1=579 D2=3B D3=D D4=840000F D5=842184D8 D6=842184D8 D7=103300 A0=33D2 A1=10339A A2=10A168 A3=6F000 A4=103300 A5=108000 A6=10BA1E PC=352A -- 00352A: lsl.l   #5, D0
D0=AF00 D1=579 D2=3B D3=D D4=840000F D5=842184D8 D6=842184D8 D7=103300 A0=33D2 A1=10339A A2=10A168 A3=6F000 A4=103300 A5=108000 A6=10BA1E PC=352C -- 00352C: adda.l  D0, A3
D0=AF00 D1=579 D2=3B D3=D D4=840000F D5=842184D8 D6=842184D8 D7=103300 A0=33D2 A1=10339A A2=10A168 A3=79F00 A4=103300 A5=108000 A6=10BA1E PC=352E -- 00352E: addq.l  #2, A3
D0=AF00 D1=579 D2=3B D3=D D4=840000F D5=842184D8 D6=842184D8 D7=103300 A0=33D2 A1=10339A A2=10A168 A3=79F02 A4=103300 A5=108000 A6=10BA1E PC=3530 -- 003530: move.w  (A3)+, (A2)+
D0=AF00 D1=579 D2=3B D3=D D4=840000F D5=842184D8 D6=842184D8 D7=103300 A0=33D2 A1=10339A A2=10A16A A3=79F04 A4=103300 A5=108000 A6=10BA1E PC=3532 -- 003532: move.l  (A3)+, (A2)+
D0=AF00 D1=579 D2=3B D3=D D4=840000F D5=842184D8 D6=842184D8 D7=103300 A0=33D2 A1=10339A A2=10A16E A3=79F08 A4=103300 A5=108000 A6=10BA1E PC=3534 -- 003534: move.l  (A3)+, (A2)+
D0=AF00 D1=579 D2=3B D3=D D4=840000F D5=842184D8 D6=842184D8 D7=103300 A0=33D2 A1=10339A A2=10A172 A3=79F0C A4=103300 A5=108000 A6=10BA1E PC=3536 -- 003536: move.l  (A3)+, (A2)+
D0=AF00 D1=579 D2=3B D3=D D4=840000F D5=842184D8 D6=842184D8 D7=103300 A0=33D2 A1=10339A A2=10A176 A3=79F10 A4=103300 A5=108000 A6=10BA1E PC=3538 -- 003538: move.l  (A3)+, (A2)+
D0=AF00 D1=579 D2=3B D3=D D4=840000F D5=842184D8 D6=842184D8 D7=103300 A0=33D2 A1=10339A A2=10A17A A3=79F14 A4=103300 A5=108000 A6=10BA1E PC=353A -- 00353A: move.l  (A3)+, (A2)+
D0=AF00 D1=579 D2=3B D3=D D4=840000F D5=842184D8 D6=842184D8 D7=103300 A0=33D2 A1=10339A A2=10A17E A3=79F18 A4=103300 A5=108000 A6=10BA1E PC=353C -- 00353C: move.l  (A3)+, (A2)+
D0=AF00 D1=579 D2=3B D3=D D4=840000F D5=842184D8 D6=842184D8 D7=103300 A0=33D2 A1=10339A A2=10A182 A3=79F1C A4=103300 A5=108000 A6=10BA1E PC=353E -- 00353E: move.l  (A3)+, (A2)+
D0=AF00 D1=579 D2=3B D3=D D4=840000F D5=842184D8 D6=842184D8 D7=103300 A0=33D2 A1=10339A A2=10A186 A3=79F20 A4=103300 A5=108000 A6=10BA1E PC=3540 -- 003540: dbra    D3, $3516
D0=AF00 D1=579 D2=3B D3=C D4=840000F D5=842184D8 D6=842184D8 D7=103300 A0=33D2 A1=10339A A2=10A186 A3=79F20 A4=103300 A5=108000 A6=10BA1E PC=3516 -- 003516: moveq   #$0, D0
D0=0 D1=579 D2=3B D3=C D4=840000F D5=842184D8 D6=842184D8 D7=103300 A0=33D2 A1=10339A A2=10A186 A3=79F20 A4=103300 A5=108000 A6=10BA1E PC=3518 -- 003518: move.w  D1, D0
D0=579 D1=579 D2=3B D3=C D4=840000F D5=842184D8 D6=842184D8 D7=103300 A0=33D2 A1=10339A A2=10A186 A3=79F20 A4=103300 A5=108000 A6=10BA1E PC=351A -- 00351A: addq.w  #1, D1
D0=579 D1=57A D2=3B D3=C D4=840000F D5=842184D8 D6=842184D8 D7=103300 A0=33D2 A1=10339A A2=10A186 A3=79F20 A4=103300 A5=108000 A6=10BA1E PC=351C -- 00351C: andi.w  #$ff, D2
D0=579 D1=57A D2=3B D3=C D4=840000F D5=842184D8 D6=842184D8 D7=103300 A0=33D2 A1=10339A A2=10A186 A3=79F20 A4=103300 A5=108000 A6=10BA1E PC=3520 -- 003520: move.w  D2, (A2)+
D0=579 D1=57A D2=3B D3=C D4=840000F D5=842184D8 D6=842184D8 D7=103300 A0=33D2 A1=10339A A2=10A188 A3=79F20 A4=103300 A5=108000 A6=10BA1E PC=3522 -- 003522: addq.w  #1, D2
D0=579 D1=57A D2=3C D3=C D4=840000F D5=842184D8 D6=842184D8 D7=103300 A0=33D2 A1=10339A A2=10A188 A3=79F20 A4=103300 A5=108000 A6=10BA1E PC=3524 -- 003524: lea     $6f000.l, A3
D0=579 D1=57A D2=3C D3=C D4=840000F D5=842184D8 D6=842184D8 D7=103300 A0=33D2 A1=10339A A2=10A188 A3=6F000 A4=103300 A5=108000 A6=10BA1E PC=352A -- 00352A: lsl.l   #5, D0
D0=AF20 D1=57A D2=3C D3=C D4=840000F D5=842184D8 D6=842184D8 D7=103300 A0=33D2 A1=10339A A2=10A188 A3=6F000 A4=103300 A5=108000 A6=10BA1E PC=352C -- 00352C: adda.l  D0, A3
D0=AF20 D1=57A D2=3C D3=C D4=840000F D5=842184D8 D6=842184D8 D7=103300 A0=33D2 A1=10339A A2=10A188 A3=79F20 A4=103300 A5=108000 A6=10BA1E PC=352E -- 00352E: addq.l  #2, A3
D0=AF20 D1=57A D2=3C D3=C D4=840000F D5=842184D8 D6=842184D8 D7=103300 A0=33D2 A1=10339A A2=10A188 A3=79F22 A4=103300 A5=108000 A6=10BA1E PC=3530 -- 003530: move.w  (A3)+, (A2)+
D0=AF20 D1=57A D2=3C D3=C D4=840000F D5=842184D8 D6=842184D8 D7=103300 A0=33D2 A1=10339A A2=10A18A A3=79F24 A4=103300 A5=108000 A6=10BA1E PC=3532 -- 003532: move.l  (A3)+, (A2)+
D0=AF20 D1=57A D2=3C D3=C D4=840000F D5=842184D8 D6=842184D8 D7=103300 A0=33D2 A1=10339A A2=10A18E A3=79F28 A4=103300 A5=108000 A6=10BA1E PC=3534 -- 003534: move.l  (A3)+, (A2)+
D0=AF20 D1=57A D2=3C D3=C D4=840000F D5=842184D8 D6=842184D8 D7=103300 A0=33D2 A1=10339A A2=10A192 A3=79F2C A4=103300 A5=108000 A6=10BA1E PC=3536 -- 003536: move.l  (A3)+, (A2)+
D0=AF20 D1=57A D2=3C D3=C D4=840000F D5=842184D8 D6=842184D8 D7=103300 A0=33D2 A1=10339A A2=10A196 A3=79F30 A4=103300 A5=108000 A6=10BA1E PC=3538 -- 003538: move.l  (A3)+, (A2)+
D0=AF20 D1=57A D2=3C D3=C D4=840000F D5=842184D8 D6=842184D8 D7=103300 A0=33D2 A1=10339A A2=10A19A A3=79F34 A4=103300 A5=108000 A6=10BA1E PC=353A -- 00353A: move.l  (A3)+, (A2)+
D0=AF20 D1=57A D2=3C D3=C D4=840000F D5=842184D8 D6=842184D8 D7=103300 A0=33D2 A1=10339A A2=10A19E A3=79F38 A4=103300 A5=108000 A6=10BA1E PC=353C -- 00353C: move.l  (A3)+, (A2)+
D0=AF20 D1=57A D2=3C D3=C D4=840000F D5=842184D8 D6=842184D8 D7=103300 A0=33D2 A1=10339A A2=10A1A2 A3=79F3C A4=103300 A5=108000 A6=10BA1E PC=353E -- 00353E: move.l  (A3)+, (A2)+
D0=AF20 D1=57A D2=3C D3=C D4=840000F D5=842184D8 D6=842184D8 D7=103300 A0=33D2 A1=10339A A2=10A1A6 A3=79F40 A4=103300 A5=108000 A6=10BA1E PC=3540 -- 003540: dbra    D3, $3516

   (loops for 228 instructions)

D0=B0A0 D1=586 D2=48 D3=FFFF D4=840000F D5=842184D8 D6=842184D8 D7=103300 A0=33D2 A1=10339A A2=10A326 A3=7A0C0 A4=103300 A5=108000 A6=10BA1E PC=3544 -- 003544: bra     $3478
D0=B0A0 D1=586 D2=48 D3=FFFF D4=840000F D5=842184D8 D6=842184D8 D7=103300 A0=33D2 A1=10339A A2=10A326 A3=7A0C0 A4=103300 A5=108000 A6=10BA1E PC=3478 -- 003478: move.w  #$ffff, (A2)
D0=B0A0 D1=586 D2=48 D3=FFFF D4=840000F D5=842184D8 D6=842184D8 D7=103300 A0=33D2 A1=10339A A2=10A326 A3=7A0C0 A4=103300 A5=108000 A6=10BA1E PC=347C -- 00347C: move.l  A2, ($38a8,A5)
D0=B0A0 D1=586 D2=48 D3=FFFF D4=840000F D5=842184D8 D6=842184D8 D7=103300 A0=33D2 A1=10339A A2=10A326 A3=7A0C0 A4=103300 A5=108000 A6=10BA1E PC=3480 -- 003480: rts
D0=B0A0 D1=586 D2=48 D3=FFFF D4=840000F D5=842184D8 D6=842184D8 D7=103300 A0=33D2 A1=10339A A2=10A326 A3=7A0C0 A4=103300 A5=108000 A6=10BA1E PC=379E6 -- 0379E6: jsr     ($11a,PC) ; ($37b02)
D0=B0A0 D1=586 D2=48 D3=FFFF D4=840000F D5=842184D8 D6=842184D8 D7=103300 A0=33D2 A1=10339A A2=10A326 A3=7A0C0 A4=103300 A5=108000 A6=10BA1E PC=37B02 -- 037B02: cmpi.b  #$19, ($71,A4)
D0=B0A0 D1=586 D2=48 D3=FFFF D4=840000F D5=842184D8 D6=842184D8 D7=103300 A0=33D2 A1=10339A A2=10A326 A3=7A0C0 A4=103300 A5=108000 A6=10BA1E PC=37B08 -- 037B08: beq     $37b1a
D0=B0A0 D1=586 D2=48 D3=FFFF D4=840000F D5=842184D8 D6=842184D8 D7=103300 A0=33D2 A1=10339A A2=10A326 A3=7A0C0 A4=103300 A5=108000 A6=10BA1E PC=37B0C -- 037B0C: cmpi.b  #-$1, ($71,A4)
D0=B0A0 D1=586 D2=48 D3=FFFF D4=840000F D5=842184D8 D6=842184D8 D7=103300 A0=33D2 A1=10339A A2=10A326 A3=7A0C0 A4=103300 A5=108000 A6=10BA1E PC=37B12 -- 037B12: beq     $37b1a
D0=B0A0 D1=586 D2=48 D3=FFFF D4=840000F D5=842184D8 D6=842184D8 D7=103300 A0=33D2 A1=10339A A2=10A326 A3=7A0C0 A4=103300 A5=108000 A6=10BA1E PC=37B16 -- 037B16: moveq   #-$1, D7
D0=B0A0 D1=586 D2=48 D3=FFFF D4=840000F D5=842184D8 D6=842184D8 D7=FFFFFFFF A0=33D2 A1=10339A A2=10A326 A3=7A0C0 A4=103300 A5=108000 A6=10BA1E PC=37B18 -- 037B18: rts
D0=B0A0 D1=586 D2=48 D3=FFFF D4=840000F D5=842184D8 D6=842184D8 D7=FFFFFFFF A0=33D2 A1=10339A A2=10A326 A3=7A0C0 A4=103300 A5=108000 A6=10BA1E PC=379EA -- 0379EA: nop
D0=B0A0 D1=586 D2=48 D3=FFFF D4=840000F D5=842184D8 D6=842184D8 D7=FFFFFFFF A0=33D2 A1=10339A A2=10A326 A3=7A0C0 A4=103300 A5=108000 A6=10BA1E PC=379EC -- 0379EC: beq     $36eaa
D0=B0A0 D1=586 D2=48 D3=FFFF D4=840000F D5=842184D8 D6=842184D8 D7=FFFFFFFF A0=33D2 A1=10339A A2=10A326 A3=7A0C0 A4=103300 A5=108000 A6=10BA1E PC=379F0 -- 0379F0: bra     $36eb0
D0=B0A0 D1=586 D2=48 D3=FFFF D4=840000F D5=842184D8 D6=842184D8 D7=FFFFFFFF A0=33D2 A1=10339A A2=10A326 A3=7A0C0 A4=103300 A5=108000 A6=10BA1E PC=36EB0 -- 036EB0: jmp     $3e2e.w
D0=B0A0 D1=586 D2=48 D3=FFFF D4=840000F D5=842184D8 D6=842184D8 D7=FFFFFFFF A0=33D2 A1=10339A A2=10A326 A3=7A0C0 A4=103300 A5=108000 A6=10BA1E PC=3E2E -- 003E2E: tst.w   ($74,A4)
D0=B0A0 D1=586 D2=48 D3=FFFF D4=840000F D5=842184D8 D6=842184D8 D7=FFFFFFFF A0=33D2 A1=10339A A2=10A326 A3=7A0C0 A4=103300 A5=108000 A6=10BA1E PC=3E32 -- 003E32: bmi     $3e80
D0=B0A0 D1=586 D2=48 D3=FFFF D4=840000F D5=842184D8 D6=842184D8 D7=FFFFFFFF A0=33D2 A1=10339A A2=10A326 A3=7A0C0 A4=103300 A5=108000 A6=10BA1E PC=3E34 -- 003E34: btst    #$6, ($7c,A4)
D0=B0A0 D1=586 D2=48 D3=FFFF D4=840000F D5=842184D8 D6=842184D8 D7=FFFFFFFF A0=33D2 A1=10339A A2=10A326 A3=7A0C0 A4=103300 A5=108000 A6=10BA1E PC=3E3A -- 003E3A: bne     $3e78
D0=B0A0 D1=586 D2=48 D3=FFFF D4=840000F D5=842184D8 D6=842184D8 D7=FFFFFFFF A0=33D2 A1=10339A A2=10A326 A3=7A0C0 A4=103300 A5=108000 A6=10BA1E PC=3E3E -- 003E3E: moveq   #$0, D3
D0=B0A0 D1=586 D2=48 D3=0 D4=840000F D5=842184D8 D6=842184D8 D7=FFFFFFFF A0=33D2 A1=10339A A2=10A326 A3=7A0C0 A4=103300 A5=108000 A6=10BA1E PC=3E40 -- 003E40: move.b  ($82,A4), D3
D0=B0A0 D1=586 D2=48 D3=0 D4=840000F D5=842184D8 D6=842184D8 D7=FFFFFFFF A0=33D2 A1=10339A A2=10A326 A3=7A0C0 A4=103300 A5=108000 A6=10BA1E PC=3E44 -- 003E44: add.w   D3, D3
D0=B0A0 D1=586 D2=48 D3=0 D4=840000F D5=842184D8 D6=842184D8 D7=FFFFFFFF A0=33D2 A1=10339A A2=10A326 A3=7A0C0 A4=103300 A5=108000 A6=10BA1E PC=3E46 -- 003E46: add.w   D3, D3
D0=B0A0 D1=586 D2=48 D3=0 D4=840000F D5=842184D8 D6=842184D8 D7=FFFFFFFF A0=33D2 A1=10339A A2=10A326 A3=7A0C0 A4=103300 A5=108000 A6=10BA1E PC=3E48 -- 003E48: move.w  ($18,A4), D0
D0=118 D1=586 D2=48 D3=0 D4=840000F D5=842184D8 D6=842184D8 D7=FFFFFFFF A0=33D2 A1=10339A A2=10A326 A3=7A0C0 A4=103300 A5=108000 A6=10BA1E PC=3E4C -- 003E4C: lea     ($104c,A5), A0
D0=118 D1=586 D2=48 D3=0 D4=840000F D5=842184D8 D6=842184D8 D7=FFFFFFFF A0=10904C A1=10339A A2=10A326 A3=7A0C0 A4=103300 A5=108000 A6=10BA1E PC=3E50 -- 003E50: sub.w   (A0,D3.w), D0
D0=118 D1=586 D2=48 D3=0 D4=840000F D5=842184D8 D6=842184D8 D7=FFFFFFFF A0=10904C A1=10339A A2=10A326 A3=7A0C0 A4=103300 A5=108000 A6=10BA1E PC=3E54 -- 003E54: addi.w  #$30, D0
D0=148 D1=586 D2=48 D3=0 D4=840000F D5=842184D8 D6=842184D8 D7=FFFFFFFF A0=10904C A1=10339A A2=10A326 A3=7A0C0 A4=103300 A5=108000 A6=10BA1E PC=3E58 -- 003E58: cmpi.w  #$1a0, D0
D0=148 D1=586 D2=48 D3=0 D4=840000F D5=842184D8 D6=842184D8 D7=FFFFFFFF A0=10904C A1=10339A A2=10A326 A3=7A0C0 A4=103300 A5=108000 A6=10BA1E PC=3E5C -- 003E5C: bls     $3e60
D0=148 D1=586 D2=48 D3=0 D4=840000F D5=842184D8 D6=842184D8 D7=FFFFFFFF A0=10904C A1=10339A A2=10A326 A3=7A0C0 A4=103300 A5=108000 A6=10BA1E PC=3E60 -- 003E60: move.w  ($1c,A4), D0
D0=B8 D1=586 D2=48 D3=0 D4=840000F D5=842184D8 D6=842184D8 D7=FFFFFFFF A0=10904C A1=10339A A2=10A326 A3=7A0C0 A4=103300 A5=108000 A6=10BA1E PC=3E64 -- 003E64: sub.w   ($20,A4), D0
D0=B8 D1=586 D2=48 D3=0 D4=840000F D5=842184D8 D6=842184D8 D7=FFFFFFFF A0=10904C A1=10339A A2=10A326 A3=7A0C0 A4=103300 A5=108000 A6=10BA1E PC=3E68 -- 003E68: lea     ($1058,A5), A0
D0=B8 D1=586 D2=48 D3=0 D4=840000F D5=842184D8 D6=842184D8 D7=FFFFFFFF A0=109058 A1=10339A A2=10A326 A3=7A0C0 A4=103300 A5=108000 A6=10BA1E PC=3E6C -- 003E6C: sub.w   (A0,D3.w), D0
D0=B8 D1=586 D2=48 D3=0 D4=840000F D5=842184D8 D6=842184D8 D7=FFFFFFFF A0=109058 A1=10339A A2=10A326 A3=7A0C0 A4=103300 A5=108000 A6=10BA1E PC=3E70 -- 003E70: cmpi.w  #$1c0, D0
D0=B8 D1=586 D2=48 D3=0 D4=840000F D5=842184D8 D6=842184D8 D7=FFFFFFFF A0=109058 A1=10339A A2=10A326 A3=7A0C0 A4=103300 A5=108000 A6=10BA1E PC=3E74 -- 003E74: bls     $3e78
D0=B8 D1=586 D2=48 D3=0 D4=840000F D5=842184D8 D6=842184D8 D7=FFFFFFFF A0=109058 A1=10339A A2=10A326 A3=7A0C0 A4=103300 A5=108000 A6=10BA1E PC=3E78 -- 003E78: bsr     $4860
D0=B8 D1=586 D2=48 D3=0 D4=840000F D5=842184D8 D6=842184D8 D7=FFFFFFFF A0=109058 A1=10339A A2=10A326 A3=7A0C0 A4=103300 A5=108000 A6=10BA1E PC=4860 -- 004860: lea     $7bf48.l, A0
D0=B8 D1=586 D2=48 D3=0 D4=840000F D5=842184D8 D6=842184D8 D7=FFFFFFFF A0=7BF48 A1=10339A A2=10A326 A3=7A0C0 A4=103300 A5=108000 A6=10BA1E PC=4866 -- 004866: move.w  ($70,A4), D0
D0=12 D1=586 D2=48 D3=0 D4=840000F D5=842184D8 D6=842184D8 D7=FFFFFFFF A0=7BF48 A1=10339A A2=10A326 A3=7A0C0 A4=103300 A5=108000 A6=10BA1E PC=486A -- 00486A: add.w   D0, D0
D0=24 D1=586 D2=48 D3=0 D4=840000F D5=842184D8 D6=842184D8 D7=FFFFFFFF A0=7BF48 A1=10339A A2=10A326 A3=7A0C0 A4=103300 A5=108000 A6=10BA1E PC=486C -- 00486C: add.w   D0, D0
D0=48 D1=586 D2=48 D3=0 D4=840000F D5=842184D8 D6=842184D8 D7=FFFFFFFF A0=7BF48 A1=10339A A2=10A326 A3=7A0C0 A4=103300 A5=108000 A6=10BA1E PC=486E -- 00486E: movea.l (A0,D0.w), A0
D0=48 D1=586 D2=48 D3=0 D4=840000F D5=842184D8 D6=842184D8 D7=FFFFFFFF A0=7E3C0 A1=10339A A2=10A326 A3=7A0C0 A4=103300 A5=108000 A6=10BA1E PC=4872 -- 004872: move.w  ($72,A4), D0
D0=0 D1=586 D2=48 D3=0 D4=840000F D5=842184D8 D6=842184D8 D7=FFFFFFFF A0=7E3C0 A1=10339A A2=10A326 A3=7A0C0 A4=103300 A5=108000 A6=10BA1E PC=4876 -- 004876: add.w   D0, D0
D0=0 D1=586 D2=48 D3=0 D4=840000F D5=842184D8 D6=842184D8 D7=FFFFFFFF A0=7E3C0 A1=10339A A2=10A326 A3=7A0C0 A4=103300 A5=108000 A6=10BA1E PC=4878 -- 004878: move.w  (A0,D0.w), D1
D0=0 D1=0 D2=48 D3=0 D4=840000F D5=842184D8 D6=842184D8 D7=FFFFFFFF A0=7E3C0 A1=10339A A2=10A326 A3=7A0C0 A4=103300 A5=108000 A6=10BA1E PC=487C -- 00487C: move.w  D1, ($46de,A5)
D0=0 D1=0 D2=48 D3=0 D4=840000F D5=842184D8 D6=842184D8 D7=FFFFFFFF A0=7E3C0 A1=10339A A2=10A326 A3=7A0C0 A4=103300 A5=108000 A6=10BA1E PC=4880 -- 004880: lea     $80000.l, A0
D0=0 D1=0 D2=48 D3=0 D4=840000F D5=842184D8 D6=842184D8 D7=FFFFFFFF A0=80000 A1=10339A A2=10A326 A3=7A0C0 A4=103300 A5=108000 A6=10BA1E PC=4886 -- 004886: move.w  ($70,A4), D0
D0=12 D1=0 D2=48 D3=0 D4=840000F D5=842184D8 D6=842184D8 D7=FFFFFFFF A0=80000 A1=10339A A2=10A326 A3=7A0C0 A4=103300 A5=108000 A6=10BA1E PC=488A -- 00488A: add.w   D0, D0
D0=24 D1=0 D2=48 D3=0 D4=840000F D5=842184D8 D6=842184D8 D7=FFFFFFFF A0=80000 A1=10339A A2=10A326 A3=7A0C0 A4=103300 A5=108000 A6=10BA1E PC=488C -- 00488C: add.w   D0, D0
D0=48 D1=0 D2=48 D3=0 D4=840000F D5=842184D8 D6=842184D8 D7=FFFFFFFF A0=80000 A1=10339A A2=10A326 A3=7A0C0 A4=103300 A5=108000 A6=10BA1E PC=488E -- 00488E: movea.l (A0,D0.w), A0
D0=48 D1=0 D2=48 D3=0 D4=840000F D5=842184D8 D6=842184D8 D7=FFFFFFFF A0=84A00 A1=10339A A2=10A326 A3=7A0C0 A4=103300 A5=108000 A6=10BA1E PC=4892 -- 004892: move.w  ($46de,A5), D0
D0=0 D1=0 D2=48 D3=0 D4=840000F D5=842184D8 D6=842184D8 D7=FFFFFFFF A0=84A00 A1=10339A A2=10A326 A3=7A0C0 A4=103300 A5=108000 A6=10BA1E PC=4896 -- 004896: tst.b   ($46e2,A5)
D0=0 D1=0 D2=48 D3=0 D4=840000F D5=842184D8 D6=842184D8 D7=FFFFFFFF A0=84A00 A1=10339A A2=10A326 A3=7A0C0 A4=103300 A5=108000 A6=10BA1E PC=489A -- 00489A: beq     $48a0
D0=0 D1=0 D2=48 D3=0 D4=840000F D5=842184D8 D6=842184D8 D7=FFFFFFFF A0=84A00 A1=10339A A2=10A326 A3=7A0C0 A4=103300 A5=108000 A6=10BA1E PC=48A0 -- 0048A0: andi.w  #$ff, D0
D0=0 D1=0 D2=48 D3=0 D4=840000F D5=842184D8 D6=842184D8 D7=FFFFFFFF A0=84A00 A1=10339A A2=10A326 A3=7A0C0 A4=103300 A5=108000 A6=10BA1E PC=48A4 -- 0048A4: add.w   D0, D0
D0=0 D1=0 D2=48 D3=0 D4=840000F D5=842184D8 D6=842184D8 D7=FFFFFFFF A0=84A00 A1=10339A A2=10A326 A3=7A0C0 A4=103300 A5=108000 A6=10BA1E PC=48A6 -- 0048A6: add.w   D0, D0
D0=0 D1=0 D2=48 D3=0 D4=840000F D5=842184D8 D6=842184D8 D7=FFFFFFFF A0=84A00 A1=10339A A2=10A326 A3=7A0C0 A4=103300 A5=108000 A6=10BA1E PC=48A8 -- 0048A8: movea.l (A0,D0.w), A0
D0=0 D1=0 D2=48 D3=0 D4=840000F D5=842184D8 D6=842184D8 D7=FFFFFFFF A0=D5298 A1=10339A A2=10A326 A3=7A0C0 A4=103300 A5=108000 A6=10BA1E PC=48AC -- 0048AC: move.w  ($74,A4), D0
D0=C D1=0 D2=48 D3=0 D4=840000F D5=842184D8 D6=842184D8 D7=FFFFFFFF A0=D5298 A1=10339A A2=10A326 A3=7A0C0 A4=103300 A5=108000 A6=10BA1E PC=48B0 -- 0048B0: adda.w  D0, A0
D0=C D1=0 D2=48 D3=0 D4=840000F D5=842184D8 D6=842184D8 D7=FFFFFFFF A0=D52A4 A1=10339A A2=10A326 A3=7A0C0 A4=103300 A5=108000 A6=10BA1E PC=48B2 -- 0048B2: move.l  (A0), D0
D0=50D3B64 D1=0 D2=48 D3=0 D4=840000F D5=842184D8 D6=842184D8 D7=FFFFFFFF A0=D52A4 A1=10339A A2=10A326 A3=7A0C0 A4=103300 A5=108000 A6=10BA1E PC=48B4 -- 0048B4: andi.l  #$ffffff, D0
D0=D3B64 D1=0 D2=48 D3=0 D4=840000F D5=842184D8 D6=842184D8 D7=FFFFFFFF A0=D52A4 A1=10339A A2=10A326 A3=7A0C0 A4=103300 A5=108000 A6=10BA1E PC=48BA -- 0048BA: movea.l D0, A0
D0=D3B64 D1=0 D2=48 D3=0 D4=840000F D5=842184D8 D6=842184D8 D7=FFFFFFFF A0=D3B64 A1=10339A A2=10A326 A3=7A0C0 A4=103300 A5=108000 A6=10BA1E PC=48BC -- 0048BC: move.w  ($4,A0), D0
D0=D0000 D1=0 D2=48 D3=0 D4=840000F D5=842184D8 D6=842184D8 D7=FFFFFFFF A0=D3B64 A1=10339A A2=10A326 A3=7A0C0 A4=103300 A5=108000 A6=10BA1E PC=48C0 -- 0048C0: andi.w  #$1fff, D0
D0=D0000 D1=0 D2=48 D3=0 D4=840000F D5=842184D8 D6=842184D8 D7=FFFFFFFF A0=D3B64 A1=10339A A2=10A326 A3=7A0C0 A4=103300 A5=108000 A6=10BA1E PC=48C4 -- 0048C4: move.w  D0, ($46e0,A5)
D0=D0000 D1=0 D2=48 D3=0 D4=840000F D5=842184D8 D6=842184D8 D7=FFFFFFFF A0=D3B64 A1=10339A A2=10A326 A3=7A0C0 A4=103300 A5=108000 A6=10BA1E PC=48C8 -- 0048C8: lea     $80080.l, A0
D0=D0000 D1=0 D2=48 D3=0 D4=840000F D5=842184D8 D6=842184D8 D7=FFFFFFFF A0=80080 A1=10339A A2=10A326 A3=7A0C0 A4=103300 A5=108000 A6=10BA1E PC=48CE -- 0048CE: move.w  ($70,A4), D1
D0=D0000 D1=12 D2=48 D3=0 D4=840000F D5=842184D8 D6=842184D8 D7=FFFFFFFF A0=80080 A1=10339A A2=10A326 A3=7A0C0 A4=103300 A5=108000 A6=10BA1E PC=48D2 -- 0048D2: add.w   D1, D1
D0=D0000 D1=24 D2=48 D3=0 D4=840000F D5=842184D8 D6=842184D8 D7=FFFFFFFF A0=80080 A1=10339A A2=10A326 A3=7A0C0 A4=103300 A5=108000 A6=10BA1E PC=48D4 -- 0048D4: add.w   D1, D1
D0=D0000 D1=48 D2=48 D3=0 D4=840000F D5=842184D8 D6=842184D8 D7=FFFFFFFF A0=80080 A1=10339A A2=10A326 A3=7A0C0 A4=103300 A5=108000 A6=10BA1E PC=48D6 -- 0048D6: movea.l (A0,D1.w), A0
D0=D0000 D1=48 D2=48 D3=0 D4=840000F D5=842184D8 D6=842184D8 D7=FFFFFFFF A0=90A00 A1=10339A A2=10A326 A3=7A0C0 A4=103300 A5=108000 A6=10BA1E PC=48DA -- 0048DA: add.w   D0, D0
D0=D0000 D1=48 D2=48 D3=0 D4=840000F D5=842184D8 D6=842184D8 D7=FFFFFFFF A0=90A00 A1=10339A A2=10A326 A3=7A0C0 A4=103300 A5=108000 A6=10BA1E PC=48DC -- 0048DC: add.w   D0, D0
D0=D0000 D1=48 D2=48 D3=0 D4=840000F D5=842184D8 D6=842184D8 D7=FFFFFFFF A0=90A00 A1=10339A A2=10A326 A3=7A0C0 A4=103300 A5=108000 A6=10BA1E PC=48DE -- 0048DE: move.l  (A0,D0.w), ($28,A4)
D0=D0000 D1=48 D2=48 D3=0 D4=840000F D5=842184D8 D6=842184D8 D7=FFFFFFFF A0=90A00 A1=10339A A2=10A326 A3=7A0C0 A4=103300 A5=108000 A6=10BA1E PC=48E4 -- 0048E4: rts
D0=D0000 D1=48 D2=48 D3=0 D4=840000F D5=842184D8 D6=842184D8 D7=FFFFFFFF A0=90A00 A1=10339A A2=10A326 A3=7A0C0 A4=103300 A5=108000 A6=10BA1E PC=3E7C -- 003E7C: bra     $481a
D0=D0000 D1=48 D2=48 D3=0 D4=840000F D5=842184D8 D6=842184D8 D7=FFFFFFFF A0=90A00 A1=10339A A2=10A326 A3=7A0C0 A4=103300 A5=108000 A6=10BA1E PC=481A -- 00481A: addq.w  #1, ($e3a,A5)
D0=D0000 D1=48 D2=48 D3=0 D4=840000F D5=842184D8 D6=842184D8 D7=FFFFFFFF A0=90A00 A1=10339A A2=10A326 A3=7A0C0 A4=103300 A5=108000 A6=10BA1E PC=481E -- 00481E: lea     ($838,A5), A1
D0=D0000 D1=48 D2=48 D3=0 D4=840000F D5=842184D8 D6=842184D8 D7=FFFFFFFF A0=90A00 A1=108838 A2=10A326 A3=7A0C0 A4=103300 A5=108000 A6=10BA1E PC=4822 -- 004822: move.w  ($2c,A4), D0
D0=D006E D1=48 D2=48 D3=0 D4=840000F D5=842184D8 D6=842184D8 D7=FFFFFFFF A0=90A00 A1=108838 A2=10A326 A3=7A0C0 A4=103300 A5=108000 A6=10BA1E PC=4826 -- 004826: move.w  D0, D1
D0=D006E D1=6E D2=48 D3=0 D4=840000F D5=842184D8 D6=842184D8 D7=FFFFFFFF A0=90A00 A1=108838 A2=10A326 A3=7A0C0 A4=103300 A5=108000 A6=10BA1E PC=4828 -- 004828: add.w   D1, D1
D0=D006E D1=DC D2=48 D3=0 D4=840000F D5=842184D8 D6=842184D8 D7=FFFFFFFF A0=90A00 A1=108838 A2=10A326 A3=7A0C0 A4=103300 A5=108000 A6=10BA1E PC=482A -- 00482A: adda.w  D1, A1
D0=D006E D1=DC D2=48 D3=0 D4=840000F D5=842184D8 D6=842184D8 D7=FFFFFFFF A0=90A00 A1=108914 A2=10A326 A3=7A0C0 A4=103300 A5=108000 A6=10BA1E PC=482C -- 00482C: cmp.w   ($e38,A5), D1
D0=D006E D1=DC D2=48 D3=0 D4=840000F D5=842184D8 D6=842184D8 D7=FFFFFFFF A0=90A00 A1=108914 A2=10A326 A3=7A0C0 A4=103300 A5=108000 A6=10BA1E PC=4830 -- 004830: bhi     $4836
D0=D006E D1=DC D2=48 D3=0 D4=840000F D5=842184D8 D6=842184D8 D7=FFFFFFFF A0=90A00 A1=108914 A2=10A326 A3=7A0C0 A4=103300 A5=108000 A6=10BA1E PC=4836 -- 004836: move.w  (A1)+, D1
D0=D006E D1=2D00 D2=48 D3=0 D4=840000F D5=842184D8 D6=842184D8 D7=FFFFFFFF A0=90A00 A1=108916 A2=10A326 A3=7A0C0 A4=103300 A5=108000 A6=10BA1E PC=4838 -- 004838: beq     $485a
D0=D006E D1=2D00 D2=48 D3=0 D4=840000F D5=842184D8 D6=842184D8 D7=FFFFFFFF A0=90A00 A1=108916 A2=10A326 A3=7A0C0 A4=103300 A5=108000 A6=10BA1E PC=483A -- 00483A: move.l  #$100000, D2
D0=D006E D1=2D00 D2=100000 D3=0 D4=840000F D5=842184D8 D6=842184D8 D7=FFFFFFFF A0=90A00 A1=108916 A2=10A326 A3=7A0C0 A4=103300 A5=108000 A6=10BA1E PC=4840 -- 004840: move.w  D1, D2
D0=D006E D1=2D00 D2=102D00 D3=0 D4=840000F D5=842184D8 D6=842184D8 D7=FFFFFFFF A0=90A00 A1=108916 A2=10A326 A3=7A0C0 A4=103300 A5=108000 A6=10BA1E PC=4842 -- 004842: movea.l D2, A0
D0=D006E D1=2D00 D2=102D00 D3=0 D4=840000F D5=842184D8 D6=842184D8 D7=FFFFFFFF A0=102D00 A1=108916 A2=10A326 A3=7A0C0 A4=103300 A5=108000 A6=10BA1E PC=4844 -- 004844: cmp.w   ($2c,A0), D0
D0=D006E D1=2D00 D2=102D00 D3=0 D4=840000F D5=842184D8 D6=842184D8 D7=FFFFFFFF A0=102D00 A1=108916 A2=10A326 A3=7A0C0 A4=103300 A5=108000 A6=10BA1E PC=4848 -- 004848: bcc     $4836
D0=D006E D1=2D00 D2=102D00 D3=0 D4=840000F D5=842184D8 D6=842184D8 D7=FFFFFFFF A0=102D00 A1=108916 A2=10A326 A3=7A0C0 A4=103300 A5=108000 A6=10BA1E PC=4836 -- 004836: move.w  (A1)+, D1
D0=D006E D1=2B00 D2=102D00 D3=0 D4=840000F D5=842184D8 D6=842184D8 D7=FFFFFFFF A0=102D00 A1=108918 A2=10A326 A3=7A0C0 A4=103300 A5=108000 A6=10BA1E PC=4838 -- 004838: beq     $485a
D0=D006E D1=2B00 D2=102D00 D3=0 D4=840000F D5=842184D8 D6=842184D8 D7=FFFFFFFF A0=102D00 A1=108918 A2=10A326 A3=7A0C0 A4=103300 A5=108000 A6=10BA1E PC=483A -- 00483A: move.l  #$100000, D2
D0=D006E D1=2B00 D2=100000 D3=0 D4=840000F D5=842184D8 D6=842184D8 D7=FFFFFFFF A0=102D00 A1=108918 A2=10A326 A3=7A0C0 A4=103300 A5=108000 A6=10BA1E PC=4840 -- 004840: move.w  D1, D2
D0=D006E D1=2B00 D2=102B00 D3=0 D4=840000F D5=842184D8 D6=842184D8 D7=FFFFFFFF A0=102D00 A1=108918 A2=10A326 A3=7A0C0 A4=103300 A5=108000 A6=10BA1E PC=4842 -- 004842: movea.l D2, A0
D0=D006E D1=2B00 D2=102B00 D3=0 D4=840000F D5=842184D8 D6=842184D8 D7=FFFFFFFF A0=102B00 A1=108918 A2=10A326 A3=7A0C0 A4=103300 A5=108000 A6=10BA1E PC=4844 -- 004844: cmp.w   ($2c,A0), D0
D0=D006E D1=2B00 D2=102B00 D3=0 D4=840000F D5=842184D8 D6=842184D8 D7=FFFFFFFF A0=102B00 A1=108918 A2=10A326 A3=7A0C0 A4=103300 A5=108000 A6=10BA1E PC=4848 -- 004848: bcc     $4836
D0=D006E D1=2B00 D2=102B00 D3=0 D4=840000F D5=842184D8 D6=842184D8 D7=FFFFFFFF A0=102B00 A1=108918 A2=10A326 A3=7A0C0 A4=103300 A5=108000 A6=10BA1E PC=484A -- 00484A: move.w  A4, (-$2,A1)
D0=D006E D1=2B00 D2=102B00 D3=0 D4=840000F D5=842184D8 D6=842184D8 D7=FFFFFFFF A0=102B00 A1=108918 A2=10A326 A3=7A0C0 A4=103300 A5=108000 A6=10BA1E PC=484E -- 00484E: move.w  (A1)+, D0
D0=D2900 D1=2B00 D2=102B00 D3=0 D4=840000F D5=842184D8 D6=842184D8 D7=FFFFFFFF A0=102B00 A1=10891A A2=10A326 A3=7A0C0 A4=103300 A5=108000 A6=10BA1E PC=4850 -- 004850: move.w  D1, (-$2,A1)
D0=D2900 D1=2B00 D2=102B00 D3=0 D4=840000F D5=842184D8 D6=842184D8 D7=FFFFFFFF A0=102B00 A1=10891A A2=10A326 A3=7A0C0 A4=103300 A5=108000 A6=10BA1E PC=4854 -- 004854: move.w  D0, D1
D0=D2900 D1=2900 D2=102B00 D3=0 D4=840000F D5=842184D8 D6=842184D8 D7=FFFFFFFF A0=102B00 A1=10891A A2=10A326 A3=7A0C0 A4=103300 A5=108000 A6=10BA1E PC=4856 -- 004856: bne     $484e
D0=D2900 D1=2900 D2=102B00 D3=0 D4=840000F D5=842184D8 D6=842184D8 D7=FFFFFFFF A0=102B00 A1=10891A A2=10A326 A3=7A0C0 A4=103300 A5=108000 A6=10BA1E PC=484E -- 00484E: move.w  (A1)+, D0
D0=D0000 D1=2900 D2=102B00 D3=0 D4=840000F D5=842184D8 D6=842184D8 D7=FFFFFFFF A0=102B00 A1=10891C A2=10A326 A3=7A0C0 A4=103300 A5=108000 A6=10BA1E PC=4850 -- 004850: move.w  D1, (-$2,A1)
D0=D0000 D1=2900 D2=102B00 D3=0 D4=840000F D5=842184D8 D6=842184D8 D7=FFFFFFFF A0=102B00 A1=10891C A2=10A326 A3=7A0C0 A4=103300 A5=108000 A6=10BA1E PC=4854 -- 004854: move.w  D0, D1
D0=D0000 D1=0 D2=102B00 D3=0 D4=840000F D5=842184D8 D6=842184D8 D7=FFFFFFFF A0=102B00 A1=10891C A2=10A326 A3=7A0C0 A4=103300 A5=108000 A6=10BA1E PC=4856 -- 004856: bne     $484e
D0=D0000 D1=0 D2=102B00 D3=0 D4=840000F D5=842184D8 D6=842184D8 D7=FFFFFFFF A0=102B00 A1=10891C A2=10A326 A3=7A0C0 A4=103300 A5=108000 A6=10BA1E PC=4858 -- 004858: rts
D0=D0000 D1=0 D2=102B00 D3=0 D4=840000F D5=842184D8 D6=842184D8 D7=FFFFFFFF A0=102B00 A1=10891C A2=10A326 A3=7A0C0 A4=103300 A5=108000 A6=10BA1E PC=32B3C -- 032B3C: move.l  A4, D7
D0=D0000 D1=0 D2=102B00 D3=0 D4=840000F D5=842184D8 D6=842184D8 D7=103300 A0=102B00 A1=10891C A2=10A326 A3=7A0C0 A4=103300 A5=108000 A6=10BA1E PC=32B3E -- 032B3E: move.w  ($4,A4), D7
D0=D0000 D1=0 D2=102B00 D3=0 D4=840000F D5=842184D8 D6=842184D8 D7=100300 A0=102B00 A1=10891C A2=10A326 A3=7A0C0 A4=103300 A5=108000 A6=10BA1E PC=32B42 -- 032B42: bpl     $32b36
D0=D0000 D1=0 D2=102B00 D3=0 D4=840000F D5=842184D8 D6=842184D8 D7=100300 A0=102B00 A1=10891C A2=10A326 A3=7A0C0 A4=103300 A5=108000 A6=10BA1E PC=32B36 -- 032B36: movea.l D7, A4
D0=D0000 D1=0 D2=102B00 D3=0 D4=840000F D5=842184D8 D6=842184D8 D7=100300 A0=102B00 A1=10891C A2=10A326 A3=7A0C0 A4=100300 A5=108000 A6=10BA1E PC=32B38 -- 032B38: movea.l (A4), A0
D0=D0000 D1=0 D2=102B00 D3=0 D4=840000F D5=842184D8 D6=842184D8 D7=100300 A0=25A8 A1=10891C A2=10A326 A3=7A0C0 A4=100300 A5=108000 A6=10BA1E PC=32B3A -- 032B3A: jsr     (A0)
D0=D0000 D1=0 D2=102B00 D3=0 D4=840000F D5=842184D8 D6=842184D8 D7=100300 A0=25A8 A1=10891C A2=10A326 A3=7A0C0 A4=100300 A5=108000 A6=10BA1E PC=25A8 -- 0025A8: rts
D0=D0000 D1=0 D2=102B00 D3=0 D4=840000F D5=842184D8 D6=842184D8 D7=100300 A0=25A8 A1=10891C A2=10A326 A3=7A0C0 A4=100300 A5=108000 A6=10BA1E PC=32B3C -- 032B3C: move.l  A4, D7
D0=D0000 D1=0 D2=102B00 D3=0 D4=840000F D5=842184D8 D6=842184D8 D7=100300 A0=25A8 A1=10891C A2=10A326 A3=7A0C0 A4=100300 A5=108000 A6=10BA1E PC=32B3E -- 032B3E: move.w  ($4,A4), D7
D0=D0000 D1=0 D2=102B00 D3=0 D4=840000F D5=842184D8 D6=842184D8 D7=10FFFF A0=25A8 A1=10891C A2=10A326 A3=7A0C0 A4=100300 A5=108000 A6=10BA1E PC=32B42 -- 032B42: bpl     $32b36
D0=D0000 D1=0 D2=102B00 D3=0 D4=840000F D5=842184D8 D6=842184D8 D7=10FFFF A0=25A8 A1=10891C A2=10A326 A3=7A0C0 A4=100300 A5=108000 A6=10BA1E PC=32B44 -- 032B44: jsr     $29d6.l
D0=D0000 D1=0 D2=102B00 D3=0 D4=840000F D5=842184D8 D6=842184D8 D7=10FFFF A0=25A8 A1=10891C A2=10A326 A3=7A0C0 A4=100300 A5=108000 A6=10BA1E PC=29D6 -- 0029D6: tst.w   ($18a2,A5)
D0=D0000 D1=0 D2=102B00 D3=0 D4=840000F D5=842184D8 D6=842184D8 D7=10FFFF A0=25A8 A1=10891C A2=10A326 A3=7A0C0 A4=100300 A5=108000 A6=10BA1E PC=29DA -- 0029DA: bne     $29de
D0=D0000 D1=0 D2=102B00 D3=0 D4=840000F D5=842184D8 D6=842184D8 D7=10FFFF A0=25A8 A1=10891C A2=10A326 A3=7A0C0 A4=100300 A5=108000 A6=10BA1E PC=29DC -- 0029DC: rts
D0=D0000 D1=0 D2=102B00 D3=0 D4=840000F D5=842184D8 D6=842184D8 D7=10FFFF A0=25A8 A1=10891C A2=10A326 A3=7A0C0 A4=100300 A5=108000 A6=10BA1E PC=32B4A -- 032B4A: jsr     $2c5c.l
D0=D0000 D1=0 D2=102B00 D3=0 D4=840000F D5=842184D8 D6=842184D8 D7=10FFFF A0=25A8 A1=10891C A2=10A326 A3=7A0C0 A4=100300 A5=108000 A6=10BA1E PC=2C5C -- 002C5C: tst.w   ($18a2,A5)
D0=D0000 D1=0 D2=102B00 D3=0 D4=840000F D5=842184D8 D6=842184D8 D7=10FFFF A0=25A8 A1=10891C A2=10A326 A3=7A0C0 A4=100300 A5=108000 A6=10BA1E PC=2C60 -- 002C60: beq     $2cd2
D0=D0000 D1=0 D2=102B00 D3=0 D4=840000F D5=842184D8 D6=842184D8 D7=10FFFF A0=25A8 A1=10891C A2=10A326 A3=7A0C0 A4=100300 A5=108000 A6=10BA1E PC=2CD2 -- 002CD2: clr.w   ($18a2,A5)
D0=D0000 D1=0 D2=102B00 D3=0 D4=840000F D5=842184D8 D6=842184D8 D7=10FFFF A0=25A8 A1=10891C A2=10A326 A3=7A0C0 A4=100300 A5=108000 A6=10BA1E PC=2CD6 -- 002CD6: clr.w   ($18a4,A5)
D0=D0000 D1=0 D2=102B00 D3=0 D4=840000F D5=842184D8 D6=842184D8 D7=10FFFF A0=25A8 A1=10891C A2=10A326 A3=7A0C0 A4=100300 A5=108000 A6=10BA1E PC=2CDA -- 002CDA: rts
D0=D0000 D1=0 D2=102B00 D3=0 D4=840000F D5=842184D8 D6=842184D8 D7=10FFFF A0=25A8 A1=10891C A2=10A326 A3=7A0C0 A4=100300 A5=108000 A6=10BA1E PC=32B50 -- 032B50: jsr     ($10f6,PC) ; ($33c48)
D0=D0000 D1=0 D2=102B00 D3=0 D4=840000F D5=842184D8 D6=842184D8 D7=10FFFF A0=25A8 A1=10891C A2=10A326 A3=7A0C0 A4=100300 A5=108000 A6=10BA1E PC=33C48 -- 033C48: lea     ($179a,A5), A0
D0=D0000 D1=0 D2=102B00 D3=0 D4=840000F D5=842184D8 D6=842184D8 D7=10FFFF A0=10979A A1=10891C A2=10A326 A3=7A0C0 A4=100300 A5=108000 A6=10BA1E PC=33C4C -- 033C4C: lea     ($100,A5), A1
D0=D0000 D1=0 D2=102B00 D3=0 D4=840000F D5=842184D8 D6=842184D8 D7=10FFFF A0=10979A A1=108100 A2=10A326 A3=7A0C0 A4=100300 A5=108000 A6=10BA1E PC=33C50 -- 033C50: moveq   #$1, D0
D0=1 D1=0 D2=102B00 D3=0 D4=840000F D5=842184D8 D6=842184D8 D7=10FFFF A0=10979A A1=108100 A2=10A326 A3=7A0C0 A4=100300 A5=108000 A6=10BA1E PC=33C52 -- 033C52: move.l  ($18,A1), D1
D0=1 D1=300000 D2=102B00 D3=0 D4=840000F D5=842184D8 D6=842184D8 D7=10FFFF A0=10979A A1=108100 A2=10A326 A3=7A0C0 A4=100300 A5=108000 A6=10BA1E PC=33C56 -- 033C56: sub.l   (A0)+, D1
D0=1 D1=300000 D2=102B00 D3=0 D4=840000F D5=842184D8 D6=842184D8 D7=10FFFF A0=10979E A1=108100 A2=10A326 A3=7A0C0 A4=100300 A5=108000 A6=10BA1E PC=33C58 -- 033C58: move.l  D1, ($44,A1)
D0=1 D1=300000 D2=102B00 D3=0 D4=840000F D5=842184D8 D6=842184D8 D7=10FFFF A0=10979E A1=108100 A2=10A326 A3=7A0C0 A4=100300 A5=108000 A6=10BA1E PC=33C5C -- 033C5C: lea     ($200,A1), A1
D0=1 D1=300000 D2=102B00 D3=0 D4=840000F D5=842184D8 D6=842184D8 D7=10FFFF A0=10979E A1=108300 A2=10A326 A3=7A0C0 A4=100300 A5=108000 A6=10BA1E PC=33C60 -- 033C60: dbra    D0, $33c52
D0=0 D1=300000 D2=102B00 D3=0 D4=840000F D5=842184D8 D6=842184D8 D7=10FFFF A0=10979E A1=108300 A2=10A326 A3=7A0C0 A4=100300 A5=108000 A6=10BA1E PC=33C52 -- 033C52: move.l  ($18,A1), D1
D0=0 D1=1100000 D2=102B00 D3=0 D4=840000F D5=842184D8 D6=842184D8 D7=10FFFF A0=10979E A1=108300 A2=10A326 A3=7A0C0 A4=100300 A5=108000 A6=10BA1E PC=33C56 -- 033C56: sub.l   (A0)+, D1
D0=0 D1=1100000 D2=102B00 D3=0 D4=840000F D5=842184D8 D6=842184D8 D7=10FFFF A0=1097A2 A1=108300 A2=10A326 A3=7A0C0 A4=100300 A5=108000 A6=10BA1E PC=33C58 -- 033C58: move.l  D1, ($44,A1)
D0=0 D1=1100000 D2=102B00 D3=0 D4=840000F D5=842184D8 D6=842184D8 D7=10FFFF A0=1097A2 A1=108300 A2=10A326 A3=7A0C0 A4=100300 A5=108000 A6=10BA1E PC=33C5C -- 033C5C: lea     ($200,A1), A1
D0=0 D1=1100000 D2=102B00 D3=0 D4=840000F D5=842184D8 D6=842184D8 D7=10FFFF A0=1097A2 A1=108500 A2=10A326 A3=7A0C0 A4=100300 A5=108000 A6=10BA1E PC=33C60 -- 033C60: dbra    D0, $33c52
D0=FFFF D1=1100000 D2=102B00 D3=0 D4=840000F D5=842184D8 D6=842184D8 D7=10FFFF A0=1097A2 A1=108500 A2=10A326 A3=7A0C0 A4=100300 A5=108000 A6=10BA1E PC=33C64 -- 033C64: rts
D0=FFFF D1=1100000 D2=102B00 D3=0 D4=840000F D5=842184D8 D6=842184D8 D7=10FFFF A0=1097A2 A1=108500 A2=10A326 A3=7A0C0 A4=100300 A5=108000 A6=10BA1E PC=32B54 -- 032B54: nop
D0=FFFF D1=1100000 D2=102B00 D3=0 D4=840000F D5=842184D8 D6=842184D8 D7=10FFFF A0=1097A2 A1=108500 A2=10A326 A3=7A0C0 A4=100300 A5=108000 A6=10BA1E PC=32B56 -- 032B56: lea     $10907c.l, A4
D0=FFFF D1=1100000 D2=102B00 D3=0 D4=840000F D5=842184D8 D6=842184D8 D7=10FFFF A0=1097A2 A1=108500 A2=10A326 A3=7A0C0 A4=10907C A5=108000 A6=10BA1E PC=32B5C -- 032B5C: move.b  #$4, ($147c,A5)
D0=FFFF D1=1100000 D2=102B00 D3=0 D4=840000F D5=842184D8 D6=842184D8 D7=10FFFF A0=1097A2 A1=108500 A2=10A326 A3=7A0C0 A4=10907C A5=108000 A6=10BA1E PC=32B62 -- 032B62: tst.b   ($6e,A4)
D0=FFFF D1=1100000 D2=102B00 D3=0 D4=840000F D5=842184D8 D6=842184D8 D7=10FFFF A0=1097A2 A1=108500 A2=10A326 A3=7A0C0 A4=10907C A5=108000 A6=10BA1E PC=32B66 -- 032B66: bpl     $32b6c
D0=FFFF D1=1100000 D2=102B00 D3=0 D4=840000F D5=842184D8 D6=842184D8 D7=10FFFF A0=1097A2 A1=108500 A2=10A326 A3=7A0C0 A4=10907C A5=108000 A6=10BA1E PC=32B68 -- 032B68: movea.l (A4), A0
D0=FFFF D1=1100000 D2=102B00 D3=0 D4=840000F D5=842184D8 D6=842184D8 D7=10FFFF A0=37B86 A1=108500 A2=10A326 A3=7A0C0 A4=10907C A5=108000 A6=10BA1E PC=32B6A -- 032B6A: jsr     (A0)
D0=FFFF D1=1100000 D2=102B00 D3=0 D4=840000F D5=842184D8 D6=842184D8 D7=10FFFF A0=37B86 A1=108500 A2=10A326 A3=7A0C0 A4=10907C A5=108000 A6=10BA1E PC=37B86 -- 037B86: move.w  ($d0,A4), D0
D0=0 D1=1100000 D2=102B00 D3=0 D4=840000F D5=842184D8 D6=842184D8 D7=10FFFF A0=37B86 A1=108500 A2=10A326 A3=7A0C0 A4=10907C A5=108000 A6=10BA1E PC=37B8A -- 037B8A: movea.l ($84,A4), A0
D0=0 D1=1100000 D2=102B00 D3=0 D4=840000F D5=842184D8 D6=842184D8 D7=10FFFF A0=108584 A1=108500 A2=10A326 A3=7A0C0 A4=10907C A5=108000 A6=10BA1E PC=37B8E -- 037B8E: btst    D0, ($cf,A0)
D0=0 D1=1100000 D2=102B00 D3=0 D4=840000F D5=842184D8 D6=842184D8 D7=10FFFF A0=108584 A1=108500 A2=10A326 A3=7A0C0 A4=10907C A5=108000 A6=10BA1E PC=37B92 -- 037B92: beq     $36eaa
D0=0 D1=1100000 D2=102B00 D3=0 D4=840000F D5=842184D8 D6=842184D8 D7=10FFFF A0=108584 A1=108500 A2=10A326 A3=7A0C0 A4=10907C A5=108000 A6=10BA1E PC=36EAA -- 036EAA: rts
D0=0 D1=1100000 D2=102B00 D3=0 D4=840000F D5=842184D8 D6=842184D8 D7=10FFFF A0=108584 A1=108500 A2=10A326 A3=7A0C0 A4=10907C A5=108000 A6=10BA1E PC=32B6C -- 032B6C: lea     ($100,A4), A4
D0=0 D1=1100000 D2=102B00 D3=0 D4=840000F D5=842184D8 D6=842184D8 D7=10FFFF A0=108584 A1=108500 A2=10A326 A3=7A0C0 A4=10917C A5=108000 A6=10BA1E PC=32B70 -- 032B70: subq.b  #1, ($147c,A5)
D0=0 D1=1100000 D2=102B00 D3=0 D4=840000F D5=842184D8 D6=842184D8 D7=10FFFF A0=108584 A1=108500 A2=10A326 A3=7A0C0 A4=10917C A5=108000 A6=10BA1E PC=32B74 -- 032B74: bne     $32b62
D0=0 D1=1100000 D2=102B00 D3=0 D4=840000F D5=842184D8 D6=842184D8 D7=10FFFF A0=108584 A1=108500 A2=10A326 A3=7A0C0 A4=10917C A5=108000 A6=10BA1E PC=32B62 -- 032B62: tst.b   ($6e,A4)
D0=0 D1=1100000 D2=102B00 D3=0 D4=840000F D5=842184D8 D6=842184D8 D7=10FFFF A0=108584 A1=108500 A2=10A326 A3=7A0C0 A4=10917C A5=108000 A6=10BA1E PC=32B66 -- 032B66: bpl     $32b6c
D0=0 D1=1100000 D2=102B00 D3=0 D4=840000F D5=842184D8 D6=842184D8 D7=10FFFF A0=108584 A1=108500 A2=10A326 A3=7A0C0 A4=10917C A5=108000 A6=10BA1E PC=32B68 -- 032B68: movea.l (A4), A0
D0=0 D1=1100000 D2=102B00 D3=0 D4=840000F D5=842184D8 D6=842184D8 D7=10FFFF A0=37C20 A1=108500 A2=10A326 A3=7A0C0 A4=10917C A5=108000 A6=10BA1E PC=32B6A -- 032B6A: jsr     (A0)
D0=0 D1=1100000 D2=102B00 D3=0 D4=840000F D5=842184D8 D6=842184D8 D7=10FFFF A0=37C20 A1=108500 A2=10A326 A3=7A0C0 A4=10917C A5=108000 A6=10BA1E PC=37C20 -- 037C20: move.w  ($d0,A4), D0
D0=1 D1=1100000 D2=102B00 D3=0 D4=840000F D5=842184D8 D6=842184D8 D7=10FFFF A0=37C20 A1=108500 A2=10A326 A3=7A0C0 A4=10917C A5=108000 A6=10BA1E PC=37C24 -- 037C24: movea.l ($84,A4), A0
D0=1 D1=1100000 D2=102B00 D3=0 D4=840000F D5=842184D8 D6=842184D8 D7=10FFFF A0=108584 A1=108500 A2=10A326 A3=7A0C0 A4=10917C A5=108000 A6=10BA1E PC=37C28 -- 037C28: btst    D0, ($cf,A0)
D0=1 D1=1100000 D2=102B00 D3=0 D4=840000F D5=842184D8 D6=842184D8 D7=10FFFF A0=108584 A1=108500 A2=10A326 A3=7A0C0 A4=10917C A5=108000 A6=10BA1E PC=37C2C -- 037C2C: beq     $36eaa
D0=1 D1=1100000 D2=102B00 D3=0 D4=840000F D5=842184D8 D6=842184D8 D7=10FFFF A0=108584 A1=108500 A2=10A326 A3=7A0C0 A4=10917C A5=108000 A6=10BA1E PC=36EAA -- 036EAA: rts
D0=1 D1=1100000 D2=102B00 D3=0 D4=840000F D5=842184D8 D6=842184D8 D7=10FFFF A0=108584 A1=108500 A2=10A326 A3=7A0C0 A4=10917C A5=108000 A6=10BA1E PC=32B6C -- 032B6C: lea     ($100,A4), A4
D0=1 D1=1100000 D2=102B00 D3=0 D4=840000F D5=842184D8 D6=842184D8 D7=10FFFF A0=108584 A1=108500 A2=10A326 A3=7A0C0 A4=10927C A5=108000 A6=10BA1E PC=32B70 -- 032B70: subq.b  #1, ($147c,A5)
D0=1 D1=1100000 D2=102B00 D3=0 D4=840000F D5=842184D8 D6=842184D8 D7=10FFFF A0=108584 A1=108500 A2=10A326 A3=7A0C0 A4=10927C A5=108000 A6=10BA1E PC=32B74 -- 032B74: bne     $32b62

   (loops for 10 instructions)

D0=1 D1=1100000 D2=102B00 D3=0 D4=840000F D5=842184D8 D6=842184D8 D7=10FFFF A0=108584 A1=108500 A2=10A326 A3=7A0C0 A4=10947C A5=108000 A6=10BA1E PC=32B76 -- 032B76: rts
D0=1 D1=1100000 D2=102B00 D3=0 D4=840000F D5=842184D8 D6=842184D8 D7=10FFFF A0=108584 A1=108500 A2=10A326 A3=7A0C0 A4=10947C A5=108000 A6=10BA1E PC=32A8A -- 032A8A: btst    #$6, ($785,A5)
D0=1 D1=1100000 D2=102B00 D3=0 D4=840000F D5=842184D8 D6=842184D8 D7=10FFFF A0=108584 A1=108500 A2=10A326 A3=7A0C0 A4=10947C A5=108000 A6=10BA1E PC=32A90 -- 032A90: beq     $32ae4
D0=1 D1=1100000 D2=102B00 D3=0 D4=840000F D5=842184D8 D6=842184D8 D7=10FFFF A0=108584 A1=108500 A2=10A326 A3=7A0C0 A4=10947C A5=108000 A6=10BA1E PC=32AE4 -- 032AE4: jsr     $87e.l
D0=1 D1=1100000 D2=102B00 D3=0 D4=840000F D5=842184D8 D6=842184D8 D7=10FFFF A0=108584 A1=108500 A2=10A326 A3=7A0C0 A4=10947C A5=108000 A6=10BA1E PC=87E -- 00087E: tst.b   $10fdaf.l
D0=1 D1=1100000 D2=102B00 D3=0 D4=840000F D5=842184D8 D6=842184D8 D7=10FFFF A0=108584 A1=108500 A2=10A326 A3=7A0C0 A4=10947C A5=108000 A6=10BA1E PC=884 -- 000884: beq     $8d0
D0=1 D1=1100000 D2=102B00 D3=0 D4=840000F D5=842184D8 D6=842184D8 D7=10FFFF A0=108584 A1=108500 A2=10A326 A3=7A0C0 A4=10947C A5=108000 A6=10BA1E PC=888 -- 000888: btst    #$1, ($785,A5)
D0=1 D1=1100000 D2=102B00 D3=0 D4=840000F D5=842184D8 D6=842184D8 D7=10FFFF A0=108584 A1=108500 A2=10A326 A3=7A0C0 A4=10947C A5=108000 A6=10BA1E PC=88E -- 00088E: bne     $8d0
D0=1 D1=1100000 D2=102B00 D3=0 D4=840000F D5=842184D8 D6=842184D8 D7=10FFFF A0=108584 A1=108500 A2=10A326 A3=7A0C0 A4=10947C A5=108000 A6=10BA1E PC=892 -- 000892: cmpi.b  #$1, $10fdaf.l
D0=1 D1=1100000 D2=102B00 D3=0 D4=840000F D5=842184D8 D6=842184D8 D7=10FFFF A0=108584 A1=108500 A2=10A326 A3=7A0C0 A4=10947C A5=108000 A6=10BA1E PC=89A -- 00089A: bne     $8ac
D0=1 D1=1100000 D2=102B00 D3=0 D4=840000F D5=842184D8 D6=842184D8 D7=10FFFF A0=108584 A1=108500 A2=10A326 A3=7A0C0 A4=10947C A5=108000 A6=10BA1E PC=8AC -- 0008AC: btst    #$0, ($80c,A5)
D0=1 D1=1100000 D2=102B00 D3=0 D4=840000F D5=842184D8 D6=842184D8 D7=10FFFF A0=108584 A1=108500 A2=10A326 A3=7A0C0 A4=10947C A5=108000 A6=10BA1E PC=8B2 -- 0008B2: bne     $8c4
D0=1 D1=1100000 D2=102B00 D3=0 D4=840000F D5=842184D8 D6=842184D8 D7=10FFFF A0=108584 A1=108500 A2=10A326 A3=7A0C0 A4=10947C A5=108000 A6=10BA1E PC=8B6 -- 0008B6: lea     $10881e.l, A4
D0=1 D1=1100000 D2=102B00 D3=0 D4=840000F D5=842184D8 D6=842184D8 D7=10FFFF A0=108584 A1=108500 A2=10A326 A3=7A0C0 A4=10881E A5=108000 A6=10BA1E PC=8BC -- 0008BC: jsr     ($14,PC) ; ($8d2)
D0=1 D1=1100000 D2=102B00 D3=0 D4=840000F D5=842184D8 D6=842184D8 D7=10FFFF A0=108584 A1=108500 A2=10A326 A3=7A0C0 A4=10881E A5=108000 A6=10BA1E PC=8D2 -- 0008D2: jsr     ($11e,PC) ; ($9f2)
D0=1 D1=1100000 D2=102B00 D3=0 D4=840000F D5=842184D8 D6=842184D8 D7=10FFFF A0=108584 A1=108500 A2=10A326 A3=7A0C0 A4=10881E A5=108000 A6=10BA1E PC=9F2 -- 0009F2: moveq   #$0, D0
D0=0 D1=1100000 D2=102B00 D3=0 D4=840000F D5=842184D8 D6=842184D8 D7=10FFFF A0=108584 A1=108500 A2=10A326 A3=7A0C0 A4=10881E A5=108000 A6=10BA1E PC=9F4 -- 0009F4: move.b  ($7e5,A5), D0
D0=1 D1=1100000 D2=102B00 D3=0 D4=840000F D5=842184D8 D6=842184D8 D7=10FFFF A0=108584 A1=108500 A2=10A326 A3=7A0C0 A4=10881E A5=108000 A6=10BA1E PC=9F8 -- 0009F8: add.w   D0, D0
D0=2 D1=1100000 D2=102B00 D3=0 D4=840000F D5=842184D8 D6=842184D8 D7=10FFFF A0=108584 A1=108500 A2=10A326 A3=7A0C0 A4=10881E A5=108000 A6=10BA1E PC=9FA -- 0009FA: add.w   D0, D0
D0=4 D1=1100000 D2=102B00 D3=0 D4=840000F D5=842184D8 D6=842184D8 D7=10FFFF A0=108584 A1=108500 A2=10A326 A3=7A0C0 A4=10881E A5=108000 A6=10BA1E PC=9FC -- 0009FC: lea     ($c,PC) ; ($a0a), A0
D0=4 D1=1100000 D2=102B00 D3=0 D4=840000F D5=842184D8 D6=842184D8 D7=10FFFF A0=A0A A1=108500 A2=10A326 A3=7A0C0 A4=10881E A5=108000 A6=10BA1E PC=A00 -- 000A00: nop
D0=4 D1=1100000 D2=102B00 D3=0 D4=840000F D5=842184D8 D6=842184D8 D7=10FFFF A0=A0A A1=108500 A2=10A326 A3=7A0C0 A4=10881E A5=108000 A6=10BA1E PC=A02 -- 000A02: movea.l (A0,D0.w), A0
D0=4 D1=1100000 D2=102B00 D3=0 D4=840000F D5=842184D8 D6=842184D8 D7=10FFFF A0=A1E A1=108500 A2=10A326 A3=7A0C0 A4=10881E A5=108000 A6=10BA1E PC=A06 -- 000A06: jsr     (A0)
D0=4 D1=1100000 D2=102B00 D3=0 D4=840000F D5=842184D8 D6=842184D8 D7=10FFFF A0=A1E A1=108500 A2=10A326 A3=7A0C0 A4=10881E A5=108000 A6=10BA1E PC=A1E -- 000A1E: move.w  #$17, (A4)
D0=4 D1=1100000 D2=102B00 D3=0 D4=840000F D5=842184D8 D6=842184D8 D7=10FFFF A0=A1E A1=108500 A2=10A326 A3=7A0C0 A4=10881E A5=108000 A6=10BA1E PC=A22 -- 000A22: move.w  #$1, ($2,A4)
D0=4 D1=1100000 D2=102B00 D3=0 D4=840000F D5=842184D8 D6=842184D8 D7=10FFFF A0=A1E A1=108500 A2=10A326 A3=7A0C0 A4=10881E A5=108000 A6=10BA1E PC=A28 -- 000A28: moveq   #$0, D0
D0=0 D1=1100000 D2=102B00 D3=0 D4=840000F D5=842184D8 D6=842184D8 D7=10FFFF A0=A1E A1=108500 A2=10A326 A3=7A0C0 A4=10881E A5=108000 A6=10BA1E PC=A2A -- 000A2A: rts
D0=0 D1=1100000 D2=102B00 D3=0 D4=840000F D5=842184D8 D6=842184D8 D7=10FFFF A0=A1E A1=108500 A2=10A326 A3=7A0C0 A4=10881E A5=108000 A6=10BA1E PC=A08 -- 000A08: rts
D0=0 D1=1100000 D2=102B00 D3=0 D4=840000F D5=842184D8 D6=842184D8 D7=10FFFF A0=A1E A1=108500 A2=10A326 A3=7A0C0 A4=10881E A5=108000 A6=10BA1E PC=8D6 -- 0008D6: nop
D0=0 D1=1100000 D2=102B00 D3=0 D4=840000F D5=842184D8 D6=842184D8 D7=10FFFF A0=A1E A1=108500 A2=10A326 A3=7A0C0 A4=10881E A5=108000 A6=10BA1E PC=8D8 -- 0008D8: bmi     $9f0
D0=0 D1=1100000 D2=102B00 D3=0 D4=840000F D5=842184D8 D6=842184D8 D7=10FFFF A0=A1E A1=108500 A2=10A326 A3=7A0C0 A4=10881E A5=108000 A6=10BA1E PC=8DC -- 0008DC: move.b  ($80a,A5), D2
D0=0 D1=1100000 D2=102B04 D3=0 D4=840000F D5=842184D8 D6=842184D8 D7=10FFFF A0=A1E A1=108500 A2=10A326 A3=7A0C0 A4=10881E A5=108000 A6=10BA1E PC=8E0 -- 0008E0: move.b  ($80b,A5), D3
D0=0 D1=1100000 D2=102B04 D3=4 D4=840000F D5=842184D8 D6=842184D8 D7=10FFFF A0=A1E A1=108500 A2=10A326 A3=7A0C0 A4=10881E A5=108000 A6=10BA1E PC=8E4 -- 0008E4: tst.b   $10fd82.l
D0=0 D1=1100000 D2=102B04 D3=4 D4=840000F D5=842184D8 D6=842184D8 D7=10FFFF A0=A1E A1=108500 A2=10A326 A3=7A0C0 A4=10881E A5=108000 A6=10BA1E PC=8EA -- 0008EA: beq     $90a
D0=0 D1=1100000 D2=102B04 D3=4 D4=840000F D5=842184D8 D6=842184D8 D7=10FFFF A0=A1E A1=108500 A2=10A326 A3=7A0C0 A4=10881E A5=108000 A6=10BA1E PC=8EE -- 0008EE: jsr     ($438,PC) ; ($d28)
D0=0 D1=1100000 D2=102B04 D3=4 D4=840000F D5=842184D8 D6=842184D8 D7=10FFFF A0=A1E A1=108500 A2=10A326 A3=7A0C0 A4=10881E A5=108000 A6=10BA1E PC=D28 -- 000D28: move.w  #$100, $10fdb0.l
D0=0 D1=1100000 D2=102B04 D3=4 D4=840000F D5=842184D8 D6=842184D8 D7=10FFFF A0=A1E A1=108500 A2=10A326 A3=7A0C0 A4=10881E A5=108000 A6=10BA1E PC=D30 -- 000D30: movem.l D0-D7/A0-A6, -(A7)
D0=0 D1=1100000 D2=102B04 D3=4 D4=840000F D5=842184D8 D6=842184D8 D7=10FFFF A0=A1E A1=108500 A2=10A326 A3=7A0C0 A4=10881E A5=108000 A6=10BA1E PC=D34 -- 000D34: jsr     $c00450.l
D0=0 D1=1100000 D2=102B04 D3=4 D4=840000F D5=842184D8 D6=842184D8 D7=10FFFF A0=A1E A1=108500 A2=10A326 A3=7A0C0 A4=10881E A5=108000 A6=10BA1E PC=C00450 -- C00450: jmp     $c117ce.l
D0=0 D1=1100000 D2=102B04 D3=4 D4=840000F D5=842184D8 D6=842184D8 D7=10FFFF A0=A1E A1=108500 A2=10A326 A3=7A0C0 A4=10881E A5=108000 A6=10BA1E PC=C117CE -- C117CE: jmp     $c1f764.l
D0=0 D1=1100000 D2=102B04 D3=4 D4=840000F D5=842184D8 D6=842184D8 D7=10FFFF A0=A1E A1=108500 A2=10A326 A3=7A0C0 A4=10881E A5=108000 A6=10BA1E PC=C1F764 -- C1F764: bra     $c1f7f6
D0=0 D1=1100000 D2=102B04 D3=4 D4=840000F D5=842184D8 D6=842184D8 D7=10FFFF A0=A1E A1=108500 A2=10A326 A3=7A0C0 A4=10881E A5=108000 A6=10BA1E PC=C1F7F6 -- C1F7F6: lea     $10f300.l, A5
D0=0 D1=1100000 D2=102B04 D3=4 D4=840000F D5=842184D8 D6=842184D8 D7=10FFFF A0=A1E A1=108500 A2=10A326 A3=7A0C0 A4=10881E A5=10F300 A6=10BA1E PC=C1F7FC -- C1F7FC: cmpi.b  #$1, ($a83,A5)
D0=0 D1=1100000 D2=102B04 D3=4 D4=840000F D5=842184D8 D6=842184D8 D7=10FFFF A0=A1E A1=108500 A2=10A326 A3=7A0C0 A4=10881E A5=10F300 A6=10BA1E PC=C1F802 -- C1F802: beq     $c1f810
D0=0 D1=1100000 D2=102B04 D3=4 D4=840000F D5=842184D8 D6=842184D8 D7=10FFFF A0=A1E A1=108500 A2=10A326 A3=7A0C0 A4=10881E A5=10F300 A6=10BA1E PC=C1F810 -- C1F810: tst.b   ($a82,A5)
D0=0 D1=1100000 D2=102B04 D3=4 D4=840000F D5=842184D8 D6=842184D8 D7=10FFFF A0=A1E A1=108500 A2=10A326 A3=7A0C0 A4=10881E A5=10F300 A6=10BA1E PC=C1F814 -- C1F814: beq     $c1f846
D0=0 D1=1100000 D2=102B04 D3=4 D4=840000F D5=842184D8 D6=842184D8 D7=10FFFF A0=A1E A1=108500 A2=10A326 A3=7A0C0 A4=10881E A5=10F300 A6=10BA1E PC=C1F816 -- C1F816: clr.w   ($ab2,A5)
D0=0 D1=1100000 D2=102B04 D3=4 D4=840000F D5=842184D8 D6=842184D8 D7=10FFFF A0=A1E A1=108500 A2=10A326 A3=7A0C0 A4=10881E A5=10F300 A6=10BA1E PC=C1F81A -- C1F81A: jsr     $c1bac0.l
D0=0 D1=1100000 D2=102B04 D3=4 D4=840000F D5=842184D8 D6=842184D8 D7=10FFFF A0=A1E A1=108500 A2=10A326 A3=7A0C0 A4=10881E A5=10F300 A6=10BA1E PC=C1BAC0 -- C1BAC0: btst    #$2, $10fe35.l
D0=0 D1=1100000 D2=102B04 D3=4 D4=840000F D5=842184D8 D6=842184D8 D7=10FFFF A0=A1E A1=108500 A2=10A326 A3=7A0C0 A4=10881E A5=10F300 A6=10BA1E PC=C1BAC8 -- C1BAC8: bne     $c1bad2
D0=0 D1=1100000 D2=102B04 D3=4 D4=840000F D5=842184D8 D6=842184D8 D7=10FFFF A0=A1E A1=108500 A2=10A326 A3=7A0C0 A4=10881E A5=10F300 A6=10BA1E PC=C1BACA -- C1BACA: move.b  $300001.l, D0
D0=FF D1=1100000 D2=102B04 D3=4 D4=840000F D5=842184D8 D6=842184D8 D7=10FFFF A0=A1E A1=108500 A2=10A326 A3=7A0C0 A4=10881E A5=10F300 A6=10BA1E PC=C1BAD0 -- C1BAD0: rts
D0=FF D1=1100000 D2=102B04 D3=4 D4=840000F D5=842184D8 D6=842184D8 D7=10FFFF A0=A1E A1=108500 A2=10A326 A3=7A0C0 A4=10881E A5=10F300 A6=10BA1E PC=C1F820 -- C1F820: andi.b  #$40, D0
D0=40 D1=1100000 D2=102B04 D3=4 D4=840000F D5=842184D8 D6=842184D8 D7=10FFFF A0=A1E A1=108500 A2=10A326 A3=7A0C0 A4=10881E A5=10F300 A6=10BA1E PC=C1F824 -- C1F824: beq     $c1f846
D0=40 D1=1100000 D2=102B04 D3=4 D4=840000F D5=842184D8 D6=842184D8 D7=10FFFF A0=A1E A1=108500 A2=10A326 A3=7A0C0 A4=10881E A5=10F300 A6=10BA1E PC=C1F826 -- C1F826: lea     $10fe00.l, A1
D0=40 D1=1100000 D2=102B04 D3=4 D4=840000F D5=842184D8 D6=842184D8 D7=10FFFF A0=A1E A1=10FE00 A2=10A326 A3=7A0C0 A4=10881E A5=10F300 A6=10BA1E PC=C1F82C -- C1F82C: lea     ($ab0,A5), A0
D0=40 D1=1100000 D2=102B04 D3=4 D4=840000F D5=842184D8 D6=842184D8 D7=10FFFF A0=10FDB0 A1=10FE00 A2=10A326 A3=7A0C0 A4=10881E A5=10F300 A6=10BA1E PC=C1F830 -- C1F830: bsr     $c1f838
D0=40 D1=1100000 D2=102B04 D3=4 D4=840000F D5=842184D8 D6=842184D8 D7=10FFFF A0=10FDB0 A1=10FE00 A2=10A326 A3=7A0C0 A4=10881E A5=10F300 A6=10BA1E PC=C1F838 -- C1F838: move.b  (A0), D1
D0=40 D1=1100001 D2=102B04 D3=4 D4=840000F D5=842184D8 D6=842184D8 D7=10FFFF A0=10FDB0 A1=10FE00 A2=10A326 A3=7A0C0 A4=10881E A5=10F300 A6=10BA1E PC=C1F83A -- C1F83A: sub.b   D2, D2
D0=40 D1=1100001 D2=102B00 D3=4 D4=840000F D5=842184D8 D6=842184D8 D7=10FFFF A0=10FDB0 A1=10FE00 A2=10A326 A3=7A0C0 A4=10881E A5=10F300 A6=10BA1E PC=C1F83C -- C1F83C: move.b  (A1), D0
D0=0 D1=1100001 D2=102B00 D3=4 D4=840000F D5=842184D8 D6=842184D8 D7=10FFFF A0=10FDB0 A1=10FE00 A2=10A326 A3=7A0C0 A4=10881E A5=10F300 A6=10BA1E PC=C1F83E -- C1F83E: sbcd    D1, D0
D0=99 D1=1100001 D2=102B00 D3=4 D4=840000F D5=842184D8 D6=842184D8 D7=10FFFF A0=10FDB0 A1=10FE00 A2=10A326 A3=7A0C0 A4=10881E A5=10F300 A6=10BA1E PC=C1F840 -- C1F840: bcc     $c1f846
D0=99 D1=1100001 D2=102B00 D3=4 D4=840000F D5=842184D8 D6=842184D8 D7=10FFFF A0=10FDB0 A1=10FE00 A2=10A326 A3=7A0C0 A4=10881E A5=10F300 A6=10BA1E PC=C1F842 -- C1F842: move.b  #$0, (A0)
D0=99 D1=1100001 D2=102B00 D3=4 D4=840000F D5=842184D8 D6=842184D8 D7=10FFFF A0=10FDB0 A1=10FE00 A2=10A326 A3=7A0C0 A4=10881E A5=10F300 A6=10BA1E PC=C1F846 -- C1F846: rts
D0=99 D1=1100001 D2=102B00 D3=4 D4=840000F D5=842184D8 D6=842184D8 D7=10FFFF A0=10FDB0 A1=10FE00 A2=10A326 A3=7A0C0 A4=10881E A5=10F300 A6=10BA1E PC=C1F834 -- C1F834: addq.l  #1, A0
D0=99 D1=1100001 D2=102B00 D3=4 D4=840000F D5=842184D8 D6=842184D8 D7=10FFFF A0=10FDB1 A1=10FE00 A2=10A326 A3=7A0C0 A4=10881E A5=10F300 A6=10BA1E PC=C1F836 -- C1F836: addq.l  #1, A1
D0=99 D1=1100001 D2=102B00 D3=4 D4=840000F D5=842184D8 D6=842184D8 D7=10FFFF A0=10FDB1 A1=10FE01 A2=10A326 A3=7A0C0 A4=10881E A5=10F300 A6=10BA1E PC=C1F838 -- C1F838: move.b  (A0), D1
D0=99 D1=1100000 D2=102B00 D3=4 D4=840000F D5=842184D8 D6=842184D8 D7=10FFFF A0=10FDB1 A1=10FE01 A2=10A326 A3=7A0C0 A4=10881E A5=10F300 A6=10BA1E PC=C1F83A -- C1F83A: sub.b   D2, D2
D0=99 D1=1100000 D2=102B00 D3=4 D4=840000F D5=842184D8 D6=842184D8 D7=10FFFF A0=10FDB1 A1=10FE01 A2=10A326 A3=7A0C0 A4=10881E A5=10F300 A6=10BA1E PC=C1F83C -- C1F83C: move.b  (A1), D0
D0=0 D1=1100000 D2=102B00 D3=4 D4=840000F D5=842184D8 D6=842184D8 D7=10FFFF A0=10FDB1 A1=10FE01 A2=10A326 A3=7A0C0 A4=10881E A5=10F300 A6=10BA1E PC=C1F83E -- C1F83E: sbcd    D1, D0
D0=0 D1=1100000 D2=102B00 D3=4 D4=840000F D5=842184D8 D6=842184D8 D7=10FFFF A0=10FDB1 A1=10FE01 A2=10A326 A3=7A0C0 A4=10881E A5=10F300 A6=10BA1E PC=C1F840 -- C1F840: bcc     $c1f846
D0=0 D1=1100000 D2=102B00 D3=4 D4=840000F D5=842184D8 D6=842184D8 D7=10FFFF A0=10FDB1 A1=10FE01 A2=10A326 A3=7A0C0 A4=10881E A5=10F300 A6=10BA1E PC=C1F846 -- C1F846: rts
D0=0 D1=1100000 D2=102B00 D3=4 D4=840000F D5=842184D8 D6=842184D8 D7=10FFFF A0=10FDB1 A1=10FE01 A2=10A326 A3=7A0C0 A4=10881E A5=10F300 A6=10BA1E PC=D3A -- 000D3A: movem.l (A7)+, D0-D7/A0-A6
D0=0 D1=1100000 D2=102B04 D3=4 D4=840000F D5=842184D8 D6=842184D8 D7=10FFFF A0=A1E A1=108500 A2=10A326 A3=7A0C0 A4=10881E A5=108000 A6=10BA1E PC=D3E -- 000D3E: move.w  $10fdb0.l, D0
D0=0 D1=1100000 D2=102B04 D3=4 D4=840000F D5=842184D8 D6=842184D8 D7=10FFFF A0=A1E A1=108500 A2=10A326 A3=7A0C0 A4=10881E A5=108000 A6=10BA1E PC=D44 -- 000D44: lsr.w   #8, D0
D0=0 D1=1100000 D2=102B04 D3=4 D4=840000F D5=842184D8 D6=842184D8 D7=10FFFF A0=A1E A1=108500 A2=10A326 A3=7A0C0 A4=10881E A5=108000 A6=10BA1E PC=D46 -- 000D46: rts
D0=0 D1=1100000 D2=102B04 D3=4 D4=840000F D5=842184D8 D6=842184D8 D7=10FFFF A0=A1E A1=108500 A2=10A326 A3=7A0C0 A4=10881E A5=108000 A6=10BA1E PC=8F2 -- 0008F2: nop
D0=0 D1=1100000 D2=102B04 D3=4 D4=840000F D5=842184D8 D6=842184D8 D7=10FFFF A0=A1E A1=108500 A2=10A326 A3=7A0C0 A4=10881E A5=108000 A6=10BA1E PC=8F4 -- 0008F4: cmpi.b  #$1, ($836,A5)
D0=0 D1=1100000 D2=102B04 D3=4 D4=840000F D5=842184D8 D6=842184D8 D7=10FFFF A0=A1E A1=108500 A2=10A326 A3=7A0C0 A4=10881E A5=108000 A6=10BA1E PC=8FA -- 0008FA: bne     $98a
D0=0 D1=1100000 D2=102B04 D3=4 D4=840000F D5=842184D8 D6=842184D8 D7=10FFFF A0=A1E A1=108500 A2=10A326 A3=7A0C0 A4=10881E A5=108000 A6=10BA1E PC=8FE -- 0008FE: move.w  D0, -(A7)
D0=0 D1=1100000 D2=102B04 D3=4 D4=840000F D5=842184D8 D6=842184D8 D7=10FFFF A0=A1E A1=108500 A2=10A326 A3=7A0C0 A4=10881E A5=108000 A6=10BA1E PC=900 -- 000900: jsr     ($446,PC) ; ($d48)
D0=0 D1=1100000 D2=102B04 D3=4 D4=840000F D5=842184D8 D6=842184D8 D7=10FFFF A0=A1E A1=108500 A2=10A326 A3=7A0C0 A4=10881E A5=108000 A6=10BA1E PC=D48 -- 000D48: move.w  #$1, $10fdb0.l
D0=0 D1=1100000 D2=102B04 D3=4 D4=840000F D5=842184D8 D6=842184D8 D7=10FFFF A0=A1E A1=108500 A2=10A326 A3=7A0C0 A4=10881E A5=108000 A6=10BA1E PC=D50 -- 000D50: movem.l D0-D7/A0-A6, -(A7)
D0=0 D1=1100000 D2=102B04 D3=4 D4=840000F D5=842184D8 D6=842184D8 D7=10FFFF A0=A1E A1=108500 A2=10A326 A3=7A0C0 A4=10881E A5=108000 A6=10BA1E PC=D54 -- 000D54: jsr     $c00450.l
D0=0 D1=1100000 D2=102B04 D3=4 D4=840000F D5=842184D8 D6=842184D8 D7=10FFFF A0=A1E A1=108500 A2=10A326 A3=7A0C0 A4=10881E A5=108000 A6=10BA1E PC=C00450 -- C00450: jmp     $c117ce.l
D0=0 D1=1100000 D2=102B04 D3=4 D4=840000F D5=842184D8 D6=842184D8 D7=10FFFF A0=A1E A1=108500 A2=10A326 A3=7A0C0 A4=10881E A5=108000 A6=10BA1E PC=C117CE -- C117CE: jmp     $c1f764.l
D0=0 D1=1100000 D2=102B04 D3=4 D4=840000F D5=842184D8 D6=842184D8 D7=10FFFF A0=A1E A1=108500 A2=10A326 A3=7A0C0 A4=10881E A5=108000 A6=10BA1E PC=C1F764 -- C1F764: bra     $c1f7f6
D0=0 D1=1100000 D2=102B04 D3=4 D4=840000F D5=842184D8 D6=842184D8 D7=10FFFF A0=A1E A1=108500 A2=10A326 A3=7A0C0 A4=10881E A5=108000 A6=10BA1E PC=C1F7F6 -- C1F7F6: lea     $10f300.l, A5
D0=0 D1=1100000 D2=102B04 D3=4 D4=840000F D5=842184D8 D6=842184D8 D7=10FFFF A0=A1E A1=108500 A2=10A326 A3=7A0C0 A4=10881E A5=10F300 A6=10BA1E PC=C1F7FC -- C1F7FC: cmpi.b  #$1, ($a83,A5)
D0=0 D1=1100000 D2=102B04 D3=4 D4=840000F D5=842184D8 D6=842184D8 D7=10FFFF A0=A1E A1=108500 A2=10A326 A3=7A0C0 A4=10881E A5=10F300 A6=10BA1E PC=C1F802 -- C1F802: beq     $c1f810
D0=0 D1=1100000 D2=102B04 D3=4 D4=840000F D5=842184D8 D6=842184D8 D7=10FFFF A0=A1E A1=108500 A2=10A326 A3=7A0C0 A4=10881E A5=10F300 A6=10BA1E PC=C1F810 -- C1F810: tst.b   ($a82,A5)
D0=0 D1=1100000 D2=102B04 D3=4 D4=840000F D5=842184D8 D6=842184D8 D7=10FFFF A0=A1E A1=108500 A2=10A326 A3=7A0C0 A4=10881E A5=10F300 A6=10BA1E PC=C1F814 -- C1F814: beq     $c1f846
D0=0 D1=1100000 D2=102B04 D3=4 D4=840000F D5=842184D8 D6=842184D8 D7=10FFFF A0=A1E A1=108500 A2=10A326 A3=7A0C0 A4=10881E A5=10F300 A6=10BA1E PC=C1F816 -- C1F816: clr.w   ($ab2,A5)
D0=0 D1=1100000 D2=102B04 D3=4 D4=840000F D5=842184D8 D6=842184D8 D7=10FFFF A0=A1E A1=108500 A2=10A326 A3=7A0C0 A4=10881E A5=10F300 A6=10BA1E PC=C1F81A -- C1F81A: jsr     $c1bac0.l
D0=0 D1=1100000 D2=102B04 D3=4 D4=840000F D5=842184D8 D6=842184D8 D7=10FFFF A0=A1E A1=108500 A2=10A326 A3=7A0C0 A4=10881E A5=10F300 A6=10BA1E PC=C1BAC0 -- C1BAC0: btst    #$2, $10fe35.l
D0=0 D1=1100000 D2=102B04 D3=4 D4=840000F D5=842184D8 D6=842184D8 D7=10FFFF A0=A1E A1=108500 A2=10A326 A3=7A0C0 A4=10881E A5=10F300 A6=10BA1E PC=C1BAC8 -- C1BAC8: bne     $c1bad2
D0=0 D1=1100000 D2=102B04 D3=4 D4=840000F D5=842184D8 D6=842184D8 D7=10FFFF A0=A1E A1=108500 A2=10A326 A3=7A0C0 A4=10881E A5=10F300 A6=10BA1E PC=C1BACA -- C1BACA: move.b  $300001.l, D0
D0=FF D1=1100000 D2=102B04 D3=4 D4=840000F D5=842184D8 D6=842184D8 D7=10FFFF A0=A1E A1=108500 A2=10A326 A3=7A0C0 A4=10881E A5=10F300 A6=10BA1E PC=C1BAD0 -- C1BAD0: rts
D0=FF D1=1100000 D2=102B04 D3=4 D4=840000F D5=842184D8 D6=842184D8 D7=10FFFF A0=A1E A1=108500 A2=10A326 A3=7A0C0 A4=10881E A5=10F300 A6=10BA1E PC=C1F820 -- C1F820: andi.b  #$40, D0
D0=40 D1=1100000 D2=102B04 D3=4 D4=840000F D5=842184D8 D6=842184D8 D7=10FFFF A0=A1E A1=108500 A2=10A326 A3=7A0C0 A4=10881E A5=10F300 A6=10BA1E PC=C1F824 -- C1F824: beq     $c1f846
D0=40 D1=1100000 D2=102B04 D3=4 D4=840000F D5=842184D8 D6=842184D8 D7=10FFFF A0=A1E A1=108500 A2=10A326 A3=7A0C0 A4=10881E A5=10F300 A6=10BA1E PC=C1F826 -- C1F826: lea     $10fe00.l, A1
D0=40 D1=1100000 D2=102B04 D3=4 D4=840000F D5=842184D8 D6=842184D8 D7=10FFFF A0=A1E A1=10FE00 A2=10A326 A3=7A0C0 A4=10881E A5=10F300 A6=10BA1E PC=C1F82C -- C1F82C: lea     ($ab0,A5), A0
D0=40 D1=1100000 D2=102B04 D3=4 D4=840000F D5=842184D8 D6=842184D8 D7=10FFFF A0=10FDB0 A1=10FE00 A2=10A326 A3=7A0C0 A4=10881E A5=10F300 A6=10BA1E PC=C1F830 -- C1F830: bsr     $c1f838

   (loops for 6 instructions)

D0=0 D1=1100000 D2=102B00 D3=4 D4=840000F D5=842184D8 D6=842184D8 D7=10FFFF A0=10FDB0 A1=10FE00 A2=10A326 A3=7A0C0 A4=10881E A5=10F300 A6=10BA1E PC=C1F834 -- C1F834: addq.l  #1, A0
D0=0 D1=1100000 D2=102B00 D3=4 D4=840000F D5=842184D8 D6=842184D8 D7=10FFFF A0=10FDB1 A1=10FE00 A2=10A326 A3=7A0C0 A4=10881E A5=10F300 A6=10BA1E PC=C1F836 -- C1F836: addq.l  #1, A1

   (loops for 5 instructions)

D0=99 D1=1100001 D2=102B00 D3=4 D4=840000F D5=842184D8 D6=842184D8 D7=10FFFF A0=10FDB1 A1=10FE01 A2=10A326 A3=7A0C0 A4=10881E A5=10F300 A6=10BA1E PC=C1F842 -- C1F842: move.b  #$0, (A0)

   (loops for 1 instructions)

D0=99 D1=1100001 D2=102B00 D3=4 D4=840000F D5=842184D8 D6=842184D8 D7=10FFFF A0=10FDB1 A1=10FE01 A2=10A326 A3=7A0C0 A4=10881E A5=10F300 A6=10BA1E PC=D5A -- 000D5A: movem.l (A7)+, D0-D7/A0-A6
D0=0 D1=1100000 D2=102B04 D3=4 D4=840000F D5=842184D8 D6=842184D8 D7=10FFFF A0=A1E A1=108500 A2=10A326 A3=7A0C0 A4=10881E A5=108000 A6=10BA1E PC=D5E -- 000D5E: move.w  $10fdb0.l, D0
D0=0 D1=1100000 D2=102B04 D3=4 D4=840000F D5=842184D8 D6=842184D8 D7=10FFFF A0=A1E A1=108500 A2=10A326 A3=7A0C0 A4=10881E A5=108000 A6=10BA1E PC=D64 -- 000D64: rts
D0=0 D1=1100000 D2=102B04 D3=4 D4=840000F D5=842184D8 D6=842184D8 D7=10FFFF A0=A1E A1=108500 A2=10A326 A3=7A0C0 A4=10881E A5=108000 A6=10BA1E PC=904 -- 000904: nop
D0=0 D1=1100000 D2=102B04 D3=4 D4=840000F D5=842184D8 D6=842184D8 D7=10FFFF A0=A1E A1=108500 A2=10A326 A3=7A0C0 A4=10881E A5=108000 A6=10BA1E PC=906 -- 000906: move.w  (A7)+, D2
D0=0 D1=1100000 D2=100000 D3=4 D4=840000F D5=842184D8 D6=842184D8 D7=10FFFF A0=A1E A1=108500 A2=10A326 A3=7A0C0 A4=10881E A5=108000 A6=10BA1E PC=908 -- 000908: move.w  D0, D3
D0=0 D1=1100000 D2=100000 D3=0 D4=840000F D5=842184D8 D6=842184D8 D7=10FFFF A0=A1E A1=108500 A2=10A326 A3=7A0C0 A4=10881E A5=108000 A6=10BA1E PC=90A -- 00090A: moveq   #$0, D0
D0=0 D1=1100000 D2=100000 D3=0 D4=840000F D5=842184D8 D6=842184D8 D7=10FFFF A0=A1E A1=108500 A2=10A326 A3=7A0C0 A4=10881E A5=108000 A6=10BA1E PC=90C -- 00090C: moveq   #$0, D1
D0=0 D1=0 D2=100000 D3=0 D4=840000F D5=842184D8 D6=842184D8 D7=10FFFF A0=A1E A1=108500 A2=10A326 A3=7A0C0 A4=10881E A5=108000 A6=10BA1E PC=90E -- 00090E: tst.b   D2
D0=0 D1=0 D2=100000 D3=0 D4=840000F D5=842184D8 D6=842184D8 D7=10FFFF A0=A1E A1=108500 A2=10A326 A3=7A0C0 A4=10881E A5=108000 A6=10BA1E PC=910 -- 000910: beq     $916
D0=0 D1=0 D2=100000 D3=0 D4=840000F D5=842184D8 D6=842184D8 D7=10FFFF A0=A1E A1=108500 A2=10A326 A3=7A0C0 A4=10881E A5=108000 A6=10BA1E PC=916 -- 000916: tst.b   D3
D0=0 D1=0 D2=100000 D3=0 D4=840000F D5=842184D8 D6=842184D8 D7=10FFFF A0=A1E A1=108500 A2=10A326 A3=7A0C0 A4=10881E A5=108000 A6=10BA1E PC=918 -- 000918: beq     $91e
D0=0 D1=0 D2=100000 D3=0 D4=840000F D5=842184D8 D6=842184D8 D7=10FFFF A0=A1E A1=108500 A2=10A326 A3=7A0C0 A4=10881E A5=108000 A6=10BA1E PC=91E -- 00091E: move.w  D0, D2
D0=0 D1=0 D2=100000 D3=0 D4=840000F D5=842184D8 D6=842184D8 D7=10FFFF A0=A1E A1=108500 A2=10A326 A3=7A0C0 A4=10881E A5=108000 A6=10BA1E PC=920 -- 000920: move.w  D1, D3
D0=0 D1=0 D2=100000 D3=0 D4=840000F D5=842184D8 D6=842184D8 D7=10FFFF A0=A1E A1=108500 A2=10A326 A3=7A0C0 A4=10881E A5=108000 A6=10BA1E PC=922 -- 000922: add.w   D3, D2
D0=0 D1=0 D2=100000 D3=0 D4=840000F D5=842184D8 D6=842184D8 D7=10FFFF A0=A1E A1=108500 A2=10A326 A3=7A0C0 A4=10881E A5=108000 A6=10BA1E PC=924 -- 000924: move.l  #$4f88a, ($8,A4)
D0=0 D1=0 D2=100000 D3=0 D4=840000F D5=842184D8 D6=842184D8 D7=10FFFF A0=A1E A1=108500 A2=10A326 A3=7A0C0 A4=10881E A5=108000 A6=10BA1E PC=92C -- 00092C: cmpi.b  #$2, D2
D0=0 D1=0 D2=100000 D3=0 D4=840000F D5=842184D8 D6=842184D8 D7=10FFFF A0=A1E A1=108500 A2=10A326 A3=7A0C0 A4=10881E A5=108000 A6=10BA1E PC=930 -- 000930: beq     $9a0
D0=0 D1=0 D2=100000 D3=0 D4=840000F D5=842184D8 D6=842184D8 D7=10FFFF A0=A1E A1=108500 A2=10A326 A3=7A0C0 A4=10881E A5=108000 A6=10BA1E PC=934 -- 000934: move.l  #$4f896, ($8,A4)
D0=0 D1=0 D2=100000 D3=0 D4=840000F D5=842184D8 D6=842184D8 D7=10FFFF A0=A1E A1=108500 A2=10A326 A3=7A0C0 A4=10881E A5=108000 A6=10BA1E PC=93C -- 00093C: tst.b   D2
D0=0 D1=0 D2=100000 D3=0 D4=840000F D5=842184D8 D6=842184D8 D7=10FFFF A0=A1E A1=108500 A2=10A326 A3=7A0C0 A4=10881E A5=108000 A6=10BA1E PC=93E -- 00093E: beq     $974
D0=0 D1=0 D2=100000 D3=0 D4=840000F D5=842184D8 D6=842184D8 D7=10FFFF A0=A1E A1=108500 A2=10A326 A3=7A0C0 A4=10881E A5=108000 A6=10BA1E PC=974 -- 000974: tst.b   $10fd82.l
D0=0 D1=0 D2=100000 D3=0 D4=840000F D5=842184D8 D6=842184D8 D7=10FFFF A0=A1E A1=108500 A2=10A326 A3=7A0C0 A4=10881E A5=108000 A6=10BA1E PC=97A -- 00097A: bne     $9a0
D0=0 D1=0 D2=100000 D3=0 D4=840000F D5=842184D8 D6=842184D8 D7=10FFFF A0=A1E A1=108500 A2=10A326 A3=7A0C0 A4=10881E A5=108000 A6=10BA1E PC=9A0 -- 0009A0: move.b  (-$7f79,A5), D0
D0=A3 D1=0 D2=100000 D3=0 D4=840000F D5=842184D8 D6=842184D8 D7=10FFFF A0=A1E A1=108500 A2=10A326 A3=7A0C0 A4=10881E A5=108000 A6=10BA1E PC=9A4 -- 0009A4: andi.b  #$f, D0
D0=3 D1=0 D2=100000 D3=0 D4=840000F D5=842184D8 D6=842184D8 D7=10FFFF A0=A1E A1=108500 A2=10A326 A3=7A0C0 A4=10881E A5=108000 A6=10BA1E PC=9A8 -- 0009A8: bne     $9b0
D0=3 D1=0 D2=100000 D3=0 D4=840000F D5=842184D8 D6=842184D8 D7=10FFFF A0=A1E A1=108500 A2=10A326 A3=7A0C0 A4=10881E A5=108000 A6=10BA1E PC=9B0 -- 0009B0: btst    #$0, ($4,A4)
D0=3 D1=0 D2=100000 D3=0 D4=840000F D5=842184D8 D6=842184D8 D7=10FFFF A0=A1E A1=108500 A2=10A326 A3=7A0C0 A4=10881E A5=108000 A6=10BA1E PC=9B6 -- 0009B6: beq     $9dc
D0=3 D1=0 D2=100000 D3=0 D4=840000F D5=842184D8 D6=842184D8 D7=10FFFF A0=A1E A1=108500 A2=10A326 A3=7A0C0 A4=10881E A5=108000 A6=10BA1E PC=9BA -- 0009BA: move.w  (A4), D0
D0=17 D1=0 D2=100000 D3=0 D4=840000F D5=842184D8 D6=842184D8 D7=10FFFF A0=A1E A1=108500 A2=10A326 A3=7A0C0 A4=10881E A5=108000 A6=10BA1E PC=9BC -- 0009BC: move.w  ($2,A4), D1
D0=17 D1=1 D2=100000 D3=0 D4=840000F D5=842184D8 D6=842184D8 D7=10FFFF A0=A1E A1=108500 A2=10A326 A3=7A0C0 A4=10881E A5=108000 A6=10BA1E PC=9C0 -- 0009C0: jsr     $5fde.l
D0=17 D1=1 D2=100000 D3=0 D4=840000F D5=842184D8 D6=842184D8 D7=10FFFF A0=A1E A1=108500 A2=10A326 A3=7A0C0 A4=10881E A5=108000 A6=10BA1E PC=5FDE -- 005FDE: lsl.w   #5, D0
D0=2E0 D1=1 D2=100000 D3=0 D4=840000F D5=842184D8 D6=842184D8 D7=10FFFF A0=A1E A1=108500 A2=10A326 A3=7A0C0 A4=10881E A5=108000 A6=10BA1E PC=5FE0 -- 005FE0: add.w   D1, D0
D0=2E1 D1=1 D2=100000 D3=0 D4=840000F D5=842184D8 D6=842184D8 D7=10FFFF A0=A1E A1=108500 A2=10A326 A3=7A0C0 A4=10881E A5=108000 A6=10BA1E PC=5FE2 -- 005FE2: addi.w  #$7002, D0
D0=72E3 D1=1 D2=100000 D3=0 D4=840000F D5=842184D8 D6=842184D8 D7=10FFFF A0=A1E A1=108500 A2=10A326 A3=7A0C0 A4=10881E A5=108000 A6=10BA1E PC=5FE6 -- 005FE6: swap    D0
D0=72E30000 D1=1 D2=100000 D3=0 D4=840000F D5=842184D8 D6=842184D8 D7=10FFFF A0=A1E A1=108500 A2=10A326 A3=7A0C0 A4=10881E A5=108000 A6=10BA1E PC=5FE8 -- 005FE8: rts
D0=72E30000 D1=1 D2=100000 D3=0 D4=840000F D5=842184D8 D6=842184D8 D7=10FFFF A0=A1E A1=108500 A2=10A326 A3=7A0C0 A4=10881E A5=108000 A6=10BA1E PC=9C6 -- 0009C6: movea.l ($8,A4), A0
D0=72E30000 D1=1 D2=100000 D3=0 D4=840000F D5=842184D8 D6=842184D8 D7=10FFFF A0=4F896 A1=108500 A2=10A326 A3=7A0C0 A4=10881E A5=108000 A6=10BA1E PC=9CA -- 0009CA: move.w  #$1300, D0
D0=72E31300 D1=1 D2=100000 D3=0 D4=840000F D5=842184D8 D6=842184D8 D7=10FFFF A0=4F896 A1=108500 A2=10A326 A3=7A0C0 A4=10881E A5=108000 A6=10BA1E PC=9CE -- 0009CE: move.l  #$200000, D1
D0=72E31300 D1=200000 D2=100000 D3=0 D4=840000F D5=842184D8 D6=842184D8 D7=10FFFF A0=4F896 A1=108500 A2=10A326 A3=7A0C0 A4=10881E A5=108000 A6=10BA1E PC=9D4 -- 0009D4: jsr     $5f0c.l
D0=72E31300 D1=200000 D2=100000 D3=0 D4=840000F D5=842184D8 D6=842184D8 D7=10FFFF A0=4F896 A1=108500 A2=10A326 A3=7A0C0 A4=10881E A5=108000 A6=10BA1E PC=5F0C -- 005F0C: move.b  (A0)+, D0
D0=72E31349 D1=200000 D2=100000 D3=0 D4=840000F D5=842184D8 D6=842184D8 D7=10FFFF A0=4F897 A1=108500 A2=10A326 A3=7A0C0 A4=10881E A5=108000 A6=10BA1E PC=5F0E -- 005F0E: cmpi.b  #-$1, D0
D0=72E31349 D1=200000 D2=100000 D3=0 D4=840000F D5=842184D8 D6=842184D8 D7=10FFFF A0=4F897 A1=108500 A2=10A326 A3=7A0C0 A4=10881E A5=108000 A6=10BA1E PC=5F12 -- 005F12: beq     $5f20
D0=72E31349 D1=200000 D2=100000 D3=0 D4=840000F D5=842184D8 D6=842184D8 D7=10FFFF A0=4F897 A1=108500 A2=10A326 A3=7A0C0 A4=10881E A5=108000 A6=10BA1E PC=5F16 -- 005F16: move.l  D0, $3c0000.l
D0=72E31349 D1=200000 D2=100000 D3=0 D4=840000F D5=842184D8 D6=842184D8 D7=10FFFF A0=4F897 A1=108500 A2=10A326 A3=7A0C0 A4=10881E A5=108000 A6=10BA1E PC=5F1C -- 005F1C: add.l   D1, D0
D0=73031349 D1=200000 D2=100000 D3=0 D4=840000F D5=842184D8 D6=842184D8 D7=10FFFF A0=4F897 A1=108500 A2=10A326 A3=7A0C0 A4=10881E A5=108000 A6=10BA1E PC=5F1E -- 005F1E: bra     $5f0c
D0=73031349 D1=200000 D2=100000 D3=0 D4=840000F D5=842184D8 D6=842184D8 D7=10FFFF A0=4F897 A1=108500 A2=10A326 A3=7A0C0 A4=10881E A5=108000 A6=10BA1E PC=5F0C -- 005F0C: move.b  (A0)+, D0
D0=7303134E D1=200000 D2=100000 D3=0 D4=840000F D5=842184D8 D6=842184D8 D7=10FFFF A0=4F898 A1=108500 A2=10A326 A3=7A0C0 A4=10881E A5=108000 A6=10BA1E PC=5F0E -- 005F0E: cmpi.b  #-$1, D0
D0=7303134E D1=200000 D2=100000 D3=0 D4=840000F D5=842184D8 D6=842184D8 D7=10FFFF A0=4F898 A1=108500 A2=10A326 A3=7A0C0 A4=10881E A5=108000 A6=10BA1E PC=5F12 -- 005F12: beq     $5f20
D0=7303134E D1=200000 D2=100000 D3=0 D4=840000F D5=842184D8 D6=842184D8 D7=10FFFF A0=4F898 A1=108500 A2=10A326 A3=7A0C0 A4=10881E A5=108000 A6=10BA1E PC=5F16 -- 005F16: move.l  D0, $3c0000.l
D0=7303134E D1=200000 D2=100000 D3=0 D4=840000F D5=842184D8 D6=842184D8 D7=10FFFF A0=4F898 A1=108500 A2=10A326 A3=7A0C0 A4=10881E A5=108000 A6=10BA1E PC=5F1C -- 005F1C: add.l   D1, D0
D0=7323134E D1=200000 D2=100000 D3=0 D4=840000F D5=842184D8 D6=842184D8 D7=10FFFF A0=4F898 A1=108500 A2=10A326 A3=7A0C0 A4=10881E A5=108000 A6=10BA1E PC=5F1E -- 005F1E: bra     $5f0c

   (loops for 57 instructions)

D0=744313FF D1=200000 D2=100000 D3=0 D4=840000F D5=842184D8 D6=842184D8 D7=10FFFF A0=4F8A2 A1=108500 A2=10A326 A3=7A0C0 A4=10881E A5=108000 A6=10BA1E PC=5F20 -- 005F20: rts
D0=744313FF D1=200000 D2=100000 D3=0 D4=840000F D5=842184D8 D6=842184D8 D7=10FFFF A0=4F8A2 A1=108500 A2=10A326 A3=7A0C0 A4=10881E A5=108000 A6=10BA1E PC=9DA -- 0009DA: rts
D0=744313FF D1=200000 D2=100000 D3=0 D4=840000F D5=842184D8 D6=842184D8 D7=10FFFF A0=4F8A2 A1=108500 A2=10A326 A3=7A0C0 A4=10881E A5=108000 A6=10BA1E PC=8C0 -- 0008C0: nop
D0=744313FF D1=200000 D2=100000 D3=0 D4=840000F D5=842184D8 D6=842184D8 D7=10FFFF A0=4F8A2 A1=108500 A2=10A326 A3=7A0C0 A4=10881E A5=108000 A6=10BA1E PC=8C2 -- 0008C2: rts
D0=744313FF D1=200000 D2=100000 D3=0 D4=840000F D5=842184D8 D6=842184D8 D7=10FFFF A0=4F8A2 A1=108500 A2=10A326 A3=7A0C0 A4=10881E A5=108000 A6=10BA1E PC=32AEA -- 032AEA: jsr     $45e3e.l
D0=744313FF D1=200000 D2=100000 D3=0 D4=840000F D5=842184D8 D6=842184D8 D7=10FFFF A0=4F8A2 A1=108500 A2=10A326 A3=7A0C0 A4=10881E A5=108000 A6=10BA1E PC=45E3E -- 045E3E: btst    #$3, ($80c,A5)
D0=744313FF D1=200000 D2=100000 D3=0 D4=840000F D5=842184D8 D6=842184D8 D7=10FFFF A0=4F8A2 A1=108500 A2=10A326 A3=7A0C0 A4=10881E A5=108000 A6=10BA1E PC=45E44 -- 045E44: beq     $45e54
D0=744313FF D1=200000 D2=100000 D3=0 D4=840000F D5=842184D8 D6=842184D8 D7=10FFFF A0=4F8A2 A1=108500 A2=10A326 A3=7A0C0 A4=10881E A5=108000 A6=10BA1E PC=45E54 -- 045E54: btst    #$4, ($80c,A5)
D0=744313FF D1=200000 D2=100000 D3=0 D4=840000F D5=842184D8 D6=842184D8 D7=10FFFF A0=4F8A2 A1=108500 A2=10A326 A3=7A0C0 A4=10881E A5=108000 A6=10BA1E PC=45E5A -- 045E5A: beq     $45e6a
D0=744313FF D1=200000 D2=100000 D3=0 D4=840000F D5=842184D8 D6=842184D8 D7=10FFFF A0=4F8A2 A1=108500 A2=10A326 A3=7A0C0 A4=10881E A5=108000 A6=10BA1E PC=45E6A -- 045E6A: rts
D0=744313FF D1=200000 D2=100000 D3=0 D4=840000F D5=842184D8 D6=842184D8 D7=10FFFF A0=4F8A2 A1=108500 A2=10A326 A3=7A0C0 A4=10881E A5=108000 A6=10BA1E PC=32AF0 -- 032AF0: jsr     $3e82.w
D0=744313FF D1=200000 D2=100000 D3=0 D4=840000F D5=842184D8 D6=842184D8 D7=10FFFF A0=4F8A2 A1=108500 A2=10A326 A3=7A0C0 A4=10881E A5=108000 A6=10BA1E PC=3E82 -- 003E82: moveq   #$0, D0
D0=0 D1=200000 D2=100000 D3=0 D4=840000F D5=842184D8 D6=842184D8 D7=10FFFF A0=4F8A2 A1=108500 A2=10A326 A3=7A0C0 A4=10881E A5=108000 A6=10BA1E PC=3E84 -- 003E84: move.l  D0, D1
D0=0 D1=0 D2=100000 D3=0 D4=840000F D5=842184D8 D6=842184D8 D7=10FFFF A0=4F8A2 A1=108500 A2=10A326 A3=7A0C0 A4=10881E A5=108000 A6=10BA1E PC=3E86 -- 003E86: move.l  D0, D2
D0=0 D1=0 D2=0 D3=0 D4=840000F D5=842184D8 D6=842184D8 D7=10FFFF A0=4F8A2 A1=108500 A2=10A326 A3=7A0C0 A4=10881E A5=108000 A6=10BA1E PC=3E88 -- 003E88: move.l  D0, D3
D0=0 D1=0 D2=0 D3=0 D4=840000F D5=842184D8 D6=842184D8 D7=10FFFF A0=4F8A2 A1=108500 A2=10A326 A3=7A0C0 A4=10881E A5=108000 A6=10BA1E PC=3E8A -- 003E8A: move.l  D0, D4
D0=0 D1=0 D2=0 D3=0 D4=0 D5=842184D8 D6=842184D8 D7=10FFFF A0=4F8A2 A1=108500 A2=10A326 A3=7A0C0 A4=10881E A5=108000 A6=10BA1E PC=3E8C -- 003E8C: move.l  D0, D5
D0=0 D1=0 D2=0 D3=0 D4=0 D5=842184D8 D6=842184D8 D7=10FFFF A0=4F8A2 A1=108500 A2=10A326 A3=7A0C0 A4=10881E A5=108000 A6=10BA1E PC=3E8E -- 003E8E: move.l  D0, D6
D0=0 D1=0 D2=0 D3=0 D4=0 D5=0 D6=0 D7=10FFFF A0=4F8A2 A1=108500 A2=10A326 A3=7A0C0 A4=10881E A5=108000 A6=10BA1E PC=3E90 -- 003E90: move.l  D0, D7
D0=0 D1=0 D2=0 D3=0 D4=0 D5=0 D6=0 D7=0 A0=4F8A2 A1=108500 A2=10A326 A3=7A0C0 A4=10881E A5=108000 A6=10BA1E PC=3E92 -- 003E92: lea     ($f3c,A5), A0
D0=0 D1=0 D2=0 D3=0 D4=0 D5=0 D6=0 D7=0 A0=108F3C A1=108500 A2=10A326 A3=7A0C0 A4=10881E A5=108000 A6=10BA1E PC=3E96 -- 003E96: movem.l D0-D7, -(A0)
D0=0 D1=0 D2=0 D3=0 D4=0 D5=0 D6=0 D7=0 A0=108F1C A1=108500 A2=10A326 A3=7A0C0 A4=10881E A5=108000 A6=10BA1E PC=3E9A -- 003E9A: movem.l D0-D7, -(A0)
D0=0 D1=0 D2=0 D3=0 D4=0 D5=0 D6=0 D7=0 A0=108EFC A1=108500 A2=10A326 A3=7A0C0 A4=10881E A5=108000 A6=10BA1E PC=3E9E -- 003E9E: movem.l D0-D7, -(A0)
D0=0 D1=0 D2=0 D3=0 D4=0 D5=0 D6=0 D7=0 A0=108EDC A1=108500 A2=10A326 A3=7A0C0 A4=10881E A5=108000 A6=10BA1E PC=3EA2 -- 003EA2: movem.l D0-D7, -(A0)
D0=0 D1=0 D2=0 D3=0 D4=0 D5=0 D6=0 D7=0 A0=108EBC A1=108500 A2=10A326 A3=7A0C0 A4=10881E A5=108000 A6=10BA1E PC=3EA6 -- 003EA6: movem.l D0-D7, -(A0)
D0=0 D1=0 D2=0 D3=0 D4=0 D5=0 D6=0 D7=0 A0=108E9C A1=108500 A2=10A326 A3=7A0C0 A4=10881E A5=108000 A6=10BA1E PC=3EAA -- 003EAA: movem.l D0-D7, -(A0)
D0=0 D1=0 D2=0 D3=0 D4=0 D5=0 D6=0 D7=0 A0=108E7C A1=108500 A2=10A326 A3=7A0C0 A4=10881E A5=108000 A6=10BA1E PC=3EAE -- 003EAE: movem.l D0-D7, -(A0)
D0=0 D1=0 D2=0 D3=0 D4=0 D5=0 D6=0 D7=0 A0=108E5C A1=108500 A2=10A326 A3=7A0C0 A4=10881E A5=108000 A6=10BA1E PC=3EB2 -- 003EB2: movem.l D0-D7, -(A0)
D0=0 D1=0 D2=0 D3=0 D4=0 D5=0 D6=0 D7=0 A0=108E3C A1=108500 A2=10A326 A3=7A0C0 A4=10881E A5=108000 A6=10BA1E PC=3EB6 -- 003EB6: lea     ($103c,A5), A0
D0=0 D1=0 D2=0 D3=0 D4=0 D5=0 D6=0 D7=0 A0=10903C A1=108500 A2=10A326 A3=7A0C0 A4=10881E A5=108000 A6=10BA1E PC=3EBA -- 003EBA: movem.l D0-D7, -(A0)
D0=0 D1=0 D2=0 D3=0 D4=0 D5=0 D6=0 D7=0 A0=10901C A1=108500 A2=10A326 A3=7A0C0 A4=10881E A5=108000 A6=10BA1E PC=3EBE -- 003EBE: movem.l D0-D7, -(A0)
D0=0 D1=0 D2=0 D3=0 D4=0 D5=0 D6=0 D7=0 A0=108FFC A1=108500 A2=10A326 A3=7A0C0 A4=10881E A5=108000 A6=10BA1E PC=3EC2 -- 003EC2: movem.l D0-D7, -(A0)
D0=0 D1=0 D2=0 D3=0 D4=0 D5=0 D6=0 D7=0 A0=108FDC A1=108500 A2=10A326 A3=7A0C0 A4=10881E A5=108000 A6=10BA1E PC=3EC6 -- 003EC6: movem.l D0-D7, -(A0)
D0=0 D1=0 D2=0 D3=0 D4=0 D5=0 D6=0 D7=0 A0=108FBC A1=108500 A2=10A326 A3=7A0C0 A4=10881E A5=108000 A6=10BA1E PC=3ECA -- 003ECA: movem.l D0-D7, -(A0)
D0=0 D1=0 D2=0 D3=0 D4=0 D5=0 D6=0 D7=0 A0=108F9C A1=108500 A2=10A326 A3=7A0C0 A4=10881E A5=108000 A6=10BA1E PC=3ECE -- 003ECE: movem.l D0-D7, -(A0)
D0=0 D1=0 D2=0 D3=0 D4=0 D5=0 D6=0 D7=0 A0=108F7C A1=108500 A2=10A326 A3=7A0C0 A4=10881E A5=108000 A6=10BA1E PC=3ED2 -- 003ED2: movem.l D0-D7, -(A0)
D0=0 D1=0 D2=0 D3=0 D4=0 D5=0 D6=0 D7=0 A0=108F5C A1=108500 A2=10A326 A3=7A0C0 A4=10881E A5=108000 A6=10BA1E PC=3ED6 -- 003ED6: movem.l D0-D7, -(A0)
D0=0 D1=0 D2=0 D3=0 D4=0 D5=0 D6=0 D7=0 A0=108F3C A1=108500 A2=10A326 A3=7A0C0 A4=10881E A5=108000 A6=10BA1E PC=3EDA -- 003EDA: tst.w   ($e3a,A5)
D0=0 D1=0 D2=0 D3=0 D4=0 D5=0 D6=0 D7=0 A0=108F3C A1=108500 A2=10A326 A3=7A0C0 A4=10881E A5=108000 A6=10BA1E PC=3EDE -- 003EDE: beq     $406e
D0=0 D1=0 D2=0 D3=0 D4=0 D5=0 D6=0 D7=0 A0=108F3C A1=108500 A2=10A326 A3=7A0C0 A4=10881E A5=108000 A6=10BA1E PC=3EE2 -- 003EE2: move.w  ($1048,A5), ($792,A5)
D0=0 D1=0 D2=0 D3=0 D4=0 D5=0 D6=0 D7=0 A0=108F3C A1=108500 A2=10A326 A3=7A0C0 A4=10881E A5=108000 A6=10BA1E PC=3EE8 -- 003EE8: move.w  ($104a,A5), ($794,A5)
D0=0 D1=0 D2=0 D3=0 D4=0 D5=0 D6=0 D7=0 A0=108F3C A1=108500 A2=10A326 A3=7A0C0 A4=10881E A5=108000 A6=10BA1E PC=3EEE -- 003EEE: lea     ($e3c,A5), A6
D0=0 D1=0 D2=0 D3=0 D4=0 D5=0 D6=0 D7=0 A0=108F3C A1=108500 A2=10A326 A3=7A0C0 A4=10881E A5=108000 A6=108E3C PC=3EF2 -- 003EF2: lea     ($f3c,A5), A3
D0=0 D1=0 D2=0 D3=0 D4=0 D5=0 D6=0 D7=0 A0=108F3C A1=108500 A2=10A326 A3=108F3C A4=10881E A5=108000 A6=108E3C PC=3EF6 -- 003EF6: move.w  ($1044,A5), D4
D0=0 D1=0 D2=0 D3=0 D4=21 D5=0 D6=0 D7=0 A0=108F3C A1=108500 A2=10A326 A3=108F3C A4=10881E A5=108000 A6=108E3C PC=3EFA -- 003EFA: add.w   ($103c,A5), D4
D0=0 D1=0 D2=0 D3=0 D4=41 D5=0 D6=0 D7=0 A0=108F3C A1=108500 A2=10A326 A3=108F3C A4=10881E A5=108000 A6=108E3C PC=3EFE -- 003EFE: move.w  D4, D5
D0=0 D1=0 D2=0 D3=0 D4=41 D5=0 D6=0 D7=0 A0=108F3C A1=108500 A2=10A326 A3=108F3C A4=10881E A5=108000 A6=108E3C PC=3F00 -- 003F00: move.w  D5, D6
D0=0 D1=0 D2=0 D3=0 D4=41 D5=41 D6=41 D7=0 A0=108F3C A1=108500 A2=10A326 A3=108F3C A4=10881E A5=108000 A6=108E3C PC=3F02 -- 003F02: lsl.w   #6, D4
D0=0 D1=0 D2=0 D3=0 D4=1040 D5=41 D6=41 D7=0 A0=108F3C A1=108500 A2=10A326 A3=108F3C A4=10881E A5=108000 A6=108E3C PC=3F04 -- 003F04: addi.w  #-$8000, D5
D0=0 D1=0 D2=0 D3=0 D4=1040 D5=41 D6=41 D7=0 A0=108F3C A1=108500 A2=10A326 A3=108F3C A4=10881E A5=108000 A6=108E3C PC=3F08 -- 003F08: addi.w  #-$7c00, D6
D0=0 D1=0 D2=0 D3=0 D4=1040 D5=8441 D6=8441 D7=0 A0=108F3C A1=108500 A2=10A326 A3=108F3C A4=10881E A5=108000 A6=108E3C PC=3F0C -- 003F0C: swap    D4
D0=0 D1=0 D2=0 D3=0 D4=10400000 D5=8441 D6=8441 D7=0 A0=108F3C A1=108500 A2=10A326 A3=108F3C A4=10881E A5=108000 A6=108E3C PC=3F0E -- 003F0E: swap    D5
D0=0 D1=0 D2=0 D3=0 D4=10400000 D5=8441 D6=8441 D7=0 A0=108F3C A1=108500 A2=10A326 A3=108F3C A4=10881E A5=108000 A6=108E3C PC=3F10 -- 003F10: swap    D6
D0=0 D1=0 D2=0 D3=0 D4=10400000 D5=84410000 D6=84410000 D7=0 A0=108F3C A1=108500 A2=10A326 A3=108F3C A4=10881E A5=108000 A6=108E3C PC=3F12 -- 003F12: move.w  ($1046,A5), D4
D0=0 D1=0 D2=0 D3=0 D4=104000A1 D5=84410000 D6=84410000 D7=0 A0=108F3C A1=108500 A2=10A326 A3=108F3C A4=10881E A5=108000 A6=108E3C PC=3F16 -- 003F16: add.w   ($103e,A5), D4
D0=0 D1=0 D2=0 D3=0 D4=1040010E D5=84410000 D6=84410000 D7=0 A0=108F3C A1=108500 A2=10A326 A3=108F3C A4=10881E A5=108000 A6=108E3C PC=3F1A -- 003F1A: move.w  D4, D5
D0=0 D1=0 D2=0 D3=0 D4=1040010E D5=84410000 D6=84410000 D7=0 A0=108F3C A1=108500 A2=10A326 A3=108F3C A4=10881E A5=108000 A6=108E3C PC=3F1C -- 003F1C: move.w  D5, D6
D0=0 D1=0 D2=0 D3=0 D4=1040010E D5=8441010E D6=8441010E D7=0 A0=108F3C A1=108500 A2=10A326 A3=108F3C A4=10881E A5=108000 A6=108E3C PC=3F1E -- 003F1E: lsl.w   #6, D4
D0=0 D1=0 D2=0 D3=0 D4=10404380 D5=8441010E D6=8441010E D7=0 A0=108F3C A1=108500 A2=10A326 A3=108F3C A4=10881E A5=108000 A6=108E3C PC=3F20 -- 003F20: addi.w  #-$8000, D5
D0=0 D1=0 D2=0 D3=0 D4=10404380 D5=8441010E D6=8441010E D7=0 A0=108F3C A1=108500 A2=10A326 A3=108F3C A4=10881E A5=108000 A6=108E3C PC=3F24 -- 003F24: addi.w  #-$7c00, D6
D0=0 D1=0 D2=0 D3=0 D4=10404380 D5=8441850E D6=8441850E D7=0 A0=108F3C A1=108500 A2=10A326 A3=108F3C A4=10881E A5=108000 A6=108E3C PC=3F28 -- 003F28: lea     ($838,A5), A0
D0=0 D1=0 D2=0 D3=0 D4=10404380 D5=8441850E D6=8441850E D7=0 A0=108838 A1=108500 A2=10A326 A3=108F3C A4=10881E A5=108000 A6=108E3C PC=3F2C -- 003F2C: move.w  ($e38,A5), D0
D0=C8 D1=0 D2=0 D3=0 D4=10404380 D5=8441850E D6=8441850E D7=0 A0=108838 A1=108500 A2=10A326 A3=108F3C A4=10881E A5=108000 A6=108E3C PC=3F30 -- 003F30: adda.w  D0, A0
D0=C8 D1=0 D2=0 D3=0 D4=10404380 D5=8441850E D6=8441850E D7=0 A0=108900 A1=108500 A2=10A326 A3=108F3C A4=10881E A5=108000 A6=108E3C PC=3F32 -- 003F32: move.w  (A0)+, D0
D0=1300 D1=0 D2=0 D3=0 D4=10404380 D5=8441850E D6=8441850E D7=0 A0=108902 A1=108500 A2=10A326 A3=108F3C A4=10881E A5=108000 A6=108E3C PC=3F34 -- 003F34: beq     $3f32
D0=1300 D1=0 D2=0 D3=0 D4=10404380 D5=8441850E D6=8441850E D7=0 A0=108902 A1=108500 A2=10A326 A3=108F3C A4=10881E A5=108000 A6=108E3C PC=3F36 -- 003F36: clr.w   (-$2,A0)
D0=1300 D1=0 D2=0 D3=0 D4=10404380 D5=8441850E D6=8441850E D7=0 A0=108902 A1=108500 A2=10A326 A3=108F3C A4=10881E A5=108000 A6=108E3C PC=3F3A -- 003F3A: move.l  A5, D1
D0=1300 D1=108000 D2=0 D3=0 D4=10404380 D5=8441850E D6=8441850E D7=0 A0=108902 A1=108500 A2=10A326 A3=108F3C A4=10881E A5=108000 A6=108E3C PC=3F3C -- 003F3C: move.w  D0, D1
D0=1300 D1=101300 D2=0 D3=0 D4=10404380 D5=8441850E D6=8441850E D7=0 A0=108902 A1=108500 A2=10A326 A3=108F3C A4=10881E A5=108000 A6=108E3C PC=3F3E -- 003F3E: movea.l D1, A1
D0=1300 D1=101300 D2=0 D3=0 D4=10404380 D5=8441850E D6=8441850E D7=0 A0=108902 A1=101300 A2=10A326 A3=108F3C A4=10881E A5=108000 A6=108E3C PC=3F40 -- 003F40: movea.l ($28,A1), A2
D0=1300 D1=101300 D2=0 D3=0 D4=10404380 D5=8441850E D6=8441850E D7=0 A0=108902 A1=101300 A2=F6CD0 A3=108F3C A4=10881E A5=108000 A6=108E3C PC=3F44 -- 003F44: lea     $7bf48.l, A4
D0=1300 D1=101300 D2=0 D3=0 D4=10404380 D5=8441850E D6=8441850E D7=0 A0=108902 A1=101300 A2=F6CD0 A3=108F3C A4=7BF48 A5=108000 A6=108E3C PC=3F4A -- 003F4A: move.w  ($70,A1), D0
D0=1B D1=101300 D2=0 D3=0 D4=10404380 D5=8441850E D6=8441850E D7=0 A0=108902 A1=101300 A2=F6CD0 A3=108F3C A4=7BF48 A5=108000 A6=108E3C PC=3F4E -- 003F4E: add.w   D0, D0
D0=36 D1=101300 D2=0 D3=0 D4=10404380 D5=8441850E D6=8441850E D7=0 A0=108902 A1=101300 A2=F6CD0 A3=108F3C A4=7BF48 A5=108000 A6=108E3C PC=3F50 -- 003F50: add.w   D0, D0
D0=6C D1=101300 D2=0 D3=0 D4=10404380 D5=8441850E D6=8441850E D7=0 A0=108902 A1=101300 A2=F6CD0 A3=108F3C A4=7BF48 A5=108000 A6=108E3C PC=3F52 -- 003F52: movea.l (A4,D0.w), A4
D0=6C D1=101300 D2=0 D3=0 D4=10404380 D5=8441850E D6=8441850E D7=0 A0=108902 A1=101300 A2=F6CD0 A3=108F3C A4=7F5E0 A5=108000 A6=108E3C PC=3F56 -- 003F56: move.w  ($72,A1), D0
D0=31 D1=101300 D2=0 D3=0 D4=10404380 D5=8441850E D6=8441850E D7=0 A0=108902 A1=101300 A2=F6CD0 A3=108F3C A4=7F5E0 A5=108000 A6=108E3C PC=3F5A -- 003F5A: add.w   D0, D0
D0=62 D1=101300 D2=0 D3=0 D4=10404380 D5=8441850E D6=8441850E D7=0 A0=108902 A1=101300 A2=F6CD0 A3=108F3C A4=7F5E0 A5=108000 A6=108E3C PC=3F5C -- 003F5C: move.w  (A4,D0.w), ($46de,A5)
D0=62 D1=101300 D2=0 D3=0 D4=10404380 D5=8441850E D6=8441850E D7=0 A0=108902 A1=101300 A2=F6CD0 A3=108F3C A4=7F5E0 A5=108000 A6=108E3C PC=3F62 -- 003F62: lea     $80000.l, A4
D0=62 D1=101300 D2=0 D3=0 D4=10404380 D5=8441850E D6=8441850E D7=0 A0=108902 A1=101300 A2=F6CD0 A3=108F3C A4=80000 A5=108000 A6=108E3C PC=3F68 -- 003F68: move.w  ($70,A1), D0
D0=1B D1=101300 D2=0 D3=0 D4=10404380 D5=8441850E D6=8441850E D7=0 A0=108902 A1=101300 A2=F6CD0 A3=108F3C A4=80000 A5=108000 A6=108E3C PC=3F6C -- 003F6C: add.w   D0, D0
D0=36 D1=101300 D2=0 D3=0 D4=10404380 D5=8441850E D6=8441850E D7=0 A0=108902 A1=101300 A2=F6CD0 A3=108F3C A4=80000 A5=108000 A6=108E3C PC=3F6E -- 003F6E: add.w   D0, D0
D0=6C D1=101300 D2=0 D3=0 D4=10404380 D5=8441850E D6=8441850E D7=0 A0=108902 A1=101300 A2=F6CD0 A3=108F3C A4=80000 A5=108000 A6=108E3C PC=3F70 -- 003F70: movea.l (A4,D0.w), A4
D0=6C D1=101300 D2=0 D3=0 D4=10404380 D5=8441850E D6=8441850E D7=0 A0=108902 A1=101300 A2=F6CD0 A3=108F3C A4=86E00 A5=108000 A6=108E3C PC=3F74 -- 003F74: move.w  ($46de,A5), D0
D0=3131 D1=101300 D2=0 D3=0 D4=10404380 D5=8441850E D6=8441850E D7=0 A0=108902 A1=101300 A2=F6CD0 A3=108F3C A4=86E00 A5=108000 A6=108E3C PC=3F78 -- 003F78: tst.b   ($46e2,A5)
D0=3131 D1=101300 D2=0 D3=0 D4=10404380 D5=8441850E D6=8441850E D7=0 A0=108902 A1=101300 A2=F6CD0 A3=108F3C A4=86E00 A5=108000 A6=108E3C PC=3F7C -- 003F7C: beq     $3f82
D0=3131 D1=101300 D2=0 D3=0 D4=10404380 D5=8441850E D6=8441850E D7=0 A0=108902 A1=101300 A2=F6CD0 A3=108F3C A4=86E00 A5=108000 A6=108E3C PC=3F82 -- 003F82: andi.w  #$ff, D0
D0=31 D1=101300 D2=0 D3=0 D4=10404380 D5=8441850E D6=8441850E D7=0 A0=108902 A1=101300 A2=F6CD0 A3=108F3C A4=86E00 A5=108000 A6=108E3C PC=3F86 -- 003F86: add.w   D0, D0
D0=62 D1=101300 D2=0 D3=0 D4=10404380 D5=8441850E D6=8441850E D7=0 A0=108902 A1=101300 A2=F6CD0 A3=108F3C A4=86E00 A5=108000 A6=108E3C PC=3F88 -- 003F88: add.w   D0, D0
D0=C4 D1=101300 D2=0 D3=0 D4=10404380 D5=8441850E D6=8441850E D7=0 A0=108902 A1=101300 A2=F6CD0 A3=108F3C A4=86E00 A5=108000 A6=108E3C PC=3F8A -- 003F8A: movea.l (A4,D0.w), A4
D0=C4 D1=101300 D2=0 D3=0 D4=10404380 D5=8441850E D6=8441850E D7=0 A0=108902 A1=101300 A2=F6CD0 A3=108F3C A4=F30DA A5=108000 A6=108E3C PC=3F8E -- 003F8E: move.w  ($74,A1), D0
D0=0 D1=101300 D2=0 D3=0 D4=10404380 D5=8441850E D6=8441850E D7=0 A0=108902 A1=101300 A2=F6CD0 A3=108F3C A4=F30DA A5=108000 A6=108E3C PC=3F92 -- 003F92: adda.w  D0, A4
D0=0 D1=101300 D2=0 D3=0 D4=10404380 D5=8441850E D6=8441850E D7=0 A0=108902 A1=101300 A2=F6CD0 A3=108F3C A4=F30DA A5=108000 A6=108E3C PC=3F94 -- 003F94: move.l  (A4), D0
D0=10F10E6 D1=101300 D2=0 D3=0 D4=10404380 D5=8441850E D6=8441850E D7=0 A0=108902 A1=101300 A2=F6CD0 A3=108F3C A4=F30DA A5=108000 A6=108E3C PC=3F96 -- 003F96: movea.l D0, A4
D0=10F10E6 D1=101300 D2=0 D3=0 D4=10404380 D5=8441850E D6=8441850E D7=0 A0=108902 A1=101300 A2=F6CD0 A3=108F3C A4=10F10E6 A5=108000 A6=108E3C PC=3F98 -- 003F98: move.l  A0, -(A7)
D0=10F10E6 D1=101300 D2=0 D3=0 D4=10404380 D5=8441850E D6=8441850E D7=0 A0=108902 A1=101300 A2=F6CD0 A3=108F3C A4=10F10E6 A5=108000 A6=108E3C PC=3F9A -- 003F9A: lea     $3c0002.l, A0
D0=10F10E6 D1=101300 D2=0 D3=0 D4=10404380 D5=8441850E D6=8441850E D7=0 A0=3C0002 A1=101300 A2=F6CD0 A3=108F3C A4=10F10E6 A5=108000 A6=108E3C PC=3FA0 -- 003FA0: tst.b   ($7c,A1)
D0=10F10E6 D1=101300 D2=0 D3=0 D4=10404380 D5=8441850E D6=8441850E D7=0 A0=3C0002 A1=101300 A2=F6CD0 A3=108F3C A4=10F10E6 A5=108000 A6=108E3C PC=3FA4 -- 003FA4: bpl     $3fc0
D0=10F10E6 D1=101300 D2=0 D3=0 D4=10404380 D5=8441850E D6=8441850E D7=0 A0=3C0002 A1=101300 A2=F6CD0 A3=108F3C A4=10F10E6 A5=108000 A6=108E3C PC=3FC0 -- 003FC0: moveq   #$0, D0
D0=0 D1=101300 D2=0 D3=0 D4=10404380 D5=8441850E D6=8441850E D7=0 A0=3C0002 A1=101300 A2=F6CD0 A3=108F3C A4=10F10E6 A5=108000 A6=108E3C PC=3FC2 -- 003FC2: move.b  (A2), D0
D0=1 D1=101300 D2=0 D3=0 D4=10404380 D5=8441850E D6=8441850E D7=0 A0=3C0002 A1=101300 A2=F6CD0 A3=108F3C A4=10F10E6 A5=108000 A6=108E3C PC=3FC4 -- 003FC4: sub.w   D0, ($794,A5)
D0=1 D1=101300 D2=0 D3=0 D4=10404380 D5=8441850E D6=8441850E D7=0 A0=3C0002 A1=101300 A2=F6CD0 A3=108F3C A4=10F10E6 A5=108000 A6=108E3C PC=3FC8 -- 003FC8: bcc     $3fd2
D0=1 D1=101300 D2=0 D3=0 D4=10404380 D5=8441850E D6=8441850E D7=0 A0=3C0002 A1=101300 A2=F6CD0 A3=108F3C A4=10F10E6 A5=108000 A6=108E3C PC=3FD2 -- 003FD2: move.l  A6, -(A7)
D0=1 D1=101300 D2=0 D3=0 D4=10404380 D5=8441850E D6=8441850E D7=0 A0=3C0002 A1=101300 A2=F6CD0 A3=108F3C A4=10F10E6 A5=108000 A6=108E3C PC=3FD4 -- 003FD4: btst    #$6, ($7c,A1)
D0=1 D1=101300 D2=0 D3=0 D4=10404380 D5=8441850E D6=8441850E D7=0 A0=3C0002 A1=101300 A2=F6CD0 A3=108F3C A4=10F10E6 A5=108000 A6=108E3C PC=3FDA -- 003FDA: bne     $400c
D0=1 D1=101300 D2=0 D3=0 D4=10404380 D5=8441850E D6=8441850E D7=0 A0=3C0002 A1=101300 A2=F6CD0 A3=108F3C A4=10F10E6 A5=108000 A6=108E3C PC=3FDE -- 003FDE: moveq   #$0, D1
D0=1 D1=0 D2=0 D3=0 D4=10404380 D5=8441850E D6=8441850E D7=0 A0=3C0002 A1=101300 A2=F6CD0 A3=108F3C A4=10F10E6 A5=108000 A6=108E3C PC=3FE0 -- 003FE0: move.b  ($82,A1), D1
D0=1 D1=0 D2=0 D3=0 D4=10404380 D5=8441850E D6=8441850E D7=0 A0=3C0002 A1=101300 A2=F6CD0 A3=108F3C A4=10F10E6 A5=108000 A6=108E3C PC=3FE4 -- 003FE4: add.w   D1, D1
D0=1 D1=0 D2=0 D3=0 D4=10404380 D5=8441850E D6=8441850E D7=0 A0=3C0002 A1=101300 A2=F6CD0 A3=108F3C A4=10F10E6 A5=108000 A6=108E3C PC=3FE6 -- 003FE6: add.w   D1, D1
D0=1 D1=0 D2=0 D3=0 D4=10404380 D5=8441850E D6=8441850E D7=0 A0=3C0002 A1=101300 A2=F6CD0 A3=108F3C A4=10F10E6 A5=108000 A6=108E3C PC=3FE8 -- 003FE8: move.w  ($18,A1), D0
D0=20 D1=0 D2=0 D3=0 D4=10404380 D5=8441850E D6=8441850E D7=0 A0=3C0002 A1=101300 A2=F6CD0 A3=108F3C A4=10F10E6 A5=108000 A6=108E3C PC=3FEC -- 003FEC: lea     ($104c,A5), A6
D0=20 D1=0 D2=0 D3=0 D4=10404380 D5=8441850E D6=8441850E D7=0 A0=3C0002 A1=101300 A2=F6CD0 A3=108F3C A4=10F10E6 A5=108000 A6=10904C PC=3FF0 -- 003FF0: sub.w   (A6,D1.w), D0
D0=20 D1=0 D2=0 D3=0 D4=10404380 D5=8441850E D6=8441850E D7=0 A0=3C0002 A1=101300 A2=F6CD0 A3=108F3C A4=10F10E6 A5=108000 A6=10904C PC=3FF4 -- 003FF4: move.w  D0, ($24,A1)
D0=20 D1=0 D2=0 D3=0 D4=10404380 D5=8441850E D6=8441850E D7=0 A0=3C0002 A1=101300 A2=F6CD0 A3=108F3C A4=10F10E6 A5=108000 A6=10904C PC=3FF8 -- 003FF8: move.w  ($1c,A1), D0
D0=60 D1=0 D2=0 D3=0 D4=10404380 D5=8441850E D6=8441850E D7=0 A0=3C0002 A1=101300 A2=F6CD0 A3=108F3C A4=10F10E6 A5=108000 A6=10904C PC=3FFC -- 003FFC: sub.w   ($20,A1), D0
D0=60 D1=0 D2=0 D3=0 D4=10404380 D5=8441850E D6=8441850E D7=0 A0=3C0002 A1=101300 A2=F6CD0 A3=108F3C A4=10F10E6 A5=108000 A6=10904C PC=4000 -- 004000: lea     ($1058,A5), A6
D0=60 D1=0 D2=0 D3=0 D4=10404380 D5=8441850E D6=8441850E D7=0 A0=3C0002 A1=101300 A2=F6CD0 A3=108F3C A4=10F10E6 A5=108000 A6=109058 PC=4004 -- 004004: sub.w   (A6,D1.w), D0
D0=60 D1=0 D2=0 D3=0 D4=10404380 D5=8441850E D6=8441850E D7=0 A0=3C0002 A1=101300 A2=F6CD0 A3=108F3C A4=10F10E6 A5=108000 A6=109058 PC=4008 -- 004008: move.w  D0, ($26,A1)
D0=60 D1=0 D2=0 D3=0 D4=10404380 D5=8441850E D6=8441850E D7=0 A0=3C0002 A1=101300 A2=F6CD0 A3=108F3C A4=10F10E6 A5=108000 A6=109058 PC=400C -- 00400C: tst.b   ($3a66,A5)
D0=60 D1=0 D2=0 D3=0 D4=10404380 D5=8441850E D6=8441850E D7=0 A0=3C0002 A1=101300 A2=F6CD0 A3=108F3C A4=10F10E6 A5=108000 A6=109058 PC=4010 -- 004010: bmi     $4018
D0=60 D1=0 D2=0 D3=0 D4=10404380 D5=8441850E D6=8441850E D7=0 A0=3C0002 A1=101300 A2=F6CD0 A3=108F3C A4=10F10E6 A5=108000 A6=109058 PC=4012 -- 004012: bsr     $4088
D0=60 D1=0 D2=0 D3=0 D4=10404380 D5=8441850E D6=8441850E D7=0 A0=3C0002 A1=101300 A2=F6CD0 A3=108F3C A4=10F10E6 A5=108000 A6=109058 PC=4088 -- 004088: move.w  (A4), D0
D0=0 D1=0 D2=0 D3=0 D4=10404380 D5=8441850E D6=8441850E D7=0 A0=3C0002 A1=101300 A2=F6CD0 A3=108F3C A4=10F10E6 A5=108000 A6=109058 PC=408A -- 00408A: move.b  ($31,A1), D1
D0=0 D1=0 D2=0 D3=0 D4=10404380 D5=8441850E D6=8441850E D7=0 A0=3C0002 A1=101300 A2=F6CD0 A3=108F3C A4=10F10E6 A5=108000 A6=109058 PC=408E -- 00408E: move.b  ($4,A4), D2
D0=0 D1=0 D2=0 D3=0 D4=10404380 D5=8441850E D6=8441850E D7=0 A0=3C0002 A1=101300 A2=F6CD0 A3=108F3C A4=10F10E6 A5=108000 A6=109058 PC=4092 -- 004092: rol.b   #2, D2
D0=0 D1=0 D2=0 D3=0 D4=10404380 D5=8441850E D6=8441850E D7=0 A0=3C0002 A1=101300 A2=F6CD0 A3=108F3C A4=10F10E6 A5=108000 A6=109058 PC=4094 -- 004094: eor.w   D2, D1
D0=0 D1=0 D2=0 D3=0 D4=10404380 D5=8441850E D6=8441850E D7=0 A0=3C0002 A1=101300 A2=F6CD0 A3=108F3C A4=10F10E6 A5=108000 A6=109058 PC=4096 -- 004096: andi.w  #$3, D1
D0=0 D1=0 D2=0 D3=0 D4=10404380 D5=8441850E D6=8441850E D7=0 A0=3C0002 A1=101300 A2=F6CD0 A3=108F3C A4=10F10E6 A5=108000 A6=109058 PC=409A -- 00409A: move.w  D1, ($790,A5)
D0=0 D1=0 D2=0 D3=0 D4=10404380 D5=8441850E D6=8441850E D7=0 A0=3C0002 A1=101300 A2=F6CD0 A3=108F3C A4=10F10E6 A5=108000 A6=109058 PC=409E -- 00409E: andi.w  #$1, D1
D0=0 D1=0 D2=0 D3=0 D4=10404380 D5=8441850E D6=8441850E D7=0 A0=3C0002 A1=101300 A2=F6CD0 A3=108F3C A4=10F10E6 A5=108000 A6=109058 PC=40A2 -- 0040A2: beq     $40ae
D0=0 D1=0 D2=0 D3=0 D4=10404380 D5=8441850E D6=8441850E D7=0 A0=3C0002 A1=101300 A2=F6CD0 A3=108F3C A4=10F10E6 A5=108000 A6=109058 PC=40AE -- 0040AE: moveq   #$0, D1
D0=0 D1=0 D2=0 D3=0 D4=10404380 D5=8441850E D6=8441850E D7=0 A0=3C0002 A1=101300 A2=F6CD0 A3=108F3C A4=10F10E6 A5=108000 A6=109058 PC=40B0 -- 0040B0: move.b  ($68,A1), D1
D0=0 D1=FF D2=0 D3=0 D4=10404380 D5=8441850E D6=8441850E D7=0 A0=3C0002 A1=101300 A2=F6CD0 A3=108F3C A4=10F10E6 A5=108000 A6=109058 PC=40B4 -- 0040B4: addq.w  #1, D1
D0=0 D1=100 D2=0 D3=0 D4=10404380 D5=8441850E D6=8441850E D7=0 A0=3C0002 A1=101300 A2=F6CD0 A3=108F3C A4=10F10E6 A5=108000 A6=109058 PC=40B6 -- 0040B6: muls.w  D1, D0
D0=0 D1=100 D2=0 D3=0 D4=10404380 D5=8441850E D6=8441850E D7=0 A0=3C0002 A1=101300 A2=F6CD0 A3=108F3C A4=10F10E6 A5=108000 A6=109058 PC=40B8 -- 0040B8: lsr.l   #8, D0
D0=0 D1=100 D2=0 D3=0 D4=10404380 D5=8441850E D6=8441850E D7=0 A0=3C0002 A1=101300 A2=F6CD0 A3=108F3C A4=10F10E6 A5=108000 A6=109058 PC=40BA -- 0040BA: add.w   ($24,A1), D0
D0=20 D1=100 D2=0 D3=0 D4=10404380 D5=8441850E D6=8441850E D7=0 A0=3C0002 A1=101300 A2=F6CD0 A3=108F3C A4=10F10E6 A5=108000 A6=109058 PC=40BE -- 0040BE: lsl.w   #7, D0
D0=1000 D1=100 D2=0 D3=0 D4=10404380 D5=8441850E D6=8441850E D7=0 A0=3C0002 A1=101300 A2=F6CD0 A3=108F3C A4=10F10E6 A5=108000 A6=109058 PC=40C0 -- 0040C0: move.w  D6, (-$2,A0)
D0=1000 D1=100 D2=0 D3=0 D4=10404380 D5=8441850E D6=8441850E D7=0 A0=3C0002 A1=101300 A2=F6CD0 A3=108F3C A4=10F10E6 A5=108000 A6=109058 PC=40C4 -- 0040C4: move.w  D0, (A0)
D0=1000 D1=100 D2=0 D3=0 D4=10404380 D5=8441850E D6=8441850E D7=0 A0=3C0002 A1=101300 A2=F6CD0 A3=108F3C A4=10F10E6 A5=108000 A6=109058 PC=40C6 -- 0040C6: moveq   #$0, D0
D0=0 D1=100 D2=0 D3=0 D4=10404380 D5=8441850E D6=8441850E D7=0 A0=3C0002 A1=101300 A2=F6CD0 A3=108F3C A4=10F10E6 A5=108000 A6=109058 PC=40C8 -- 0040C8: move.b  (A2), D0
D0=1 D1=100 D2=0 D3=0 D4=10404380 D5=8441850E D6=8441850E D7=0 A0=3C0002 A1=101300 A2=F6CD0 A3=108F3C A4=10F10E6 A5=108000 A6=109058 PC=40CA -- 0040CA: add.w   D0, D6
D0=1 D1=100 D2=0 D3=0 D4=10404380 D5=8441850F D6=8441850F D7=0 A0=3C0002 A1=101300 A2=F6CD0 A3=108F3C A4=10F10E6 A5=108000 A6=109058 PC=40CC -- 0040CC: move.w  ($2,A4), D0
D0=FFFF D1=100 D2=0 D3=0 D4=10404380 D5=8441850F D6=8441850F D7=0 A0=3C0002 A1=101300 A2=F6CD0 A3=108F3C A4=10F10E6 A5=108000 A6=109058 PC=40D0 -- 0040D0: btst    #$1, ($791,A5)
D0=FFFF D1=100 D2=0 D3=0 D4=10404380 D5=8441850F D6=8441850F D7=0 A0=3C0002 A1=101300 A2=F6CD0 A3=108F3C A4=10F10E6 A5=108000 A6=109058 PC=40D6 -- 0040D6: beq     $40e4
D0=FFFF D1=100 D2=0 D3=0 D4=10404380 D5=8441850F D6=8441850F D7=0 A0=3C0002 A1=101300 A2=F6CD0 A3=108F3C A4=10F10E6 A5=108000 A6=109058 PC=40E4 -- 0040E4: moveq   #$0, D1
D0=FFFF D1=0 D2=0 D3=0 D4=10404380 D5=8441850F D6=8441850F D7=0 A0=3C0002 A1=101300 A2=F6CD0 A3=108F3C A4=10F10E6 A5=108000 A6=109058 PC=40E6 -- 0040E6: move.b  ($69,A1), D1
D0=FFFF D1=FF D2=0 D3=0 D4=10404380 D5=8441850F D6=8441850F D7=0 A0=3C0002 A1=101300 A2=F6CD0 A3=108F3C A4=10F10E6 A5=108000 A6=109058 PC=40EA -- 0040EA: addq.w  #1, D1
D0=FFFF D1=100 D2=0 D3=0 D4=10404380 D5=8441850F D6=8441850F D7=0 A0=3C0002 A1=101300 A2=F6CD0 A3=108F3C A4=10F10E6 A5=108000 A6=109058 PC=40EC -- 0040EC: muls.w  D1, D0
D0=FFFFFF00 D1=100 D2=0 D3=0 D4=10404380 D5=8441850F D6=8441850F D7=0 A0=3C0002 A1=101300 A2=F6CD0 A3=108F3C A4=10F10E6 A5=108000 A6=109058 PC=40EE -- 0040EE: lsr.l   #8, D0
D0=FFFFFF D1=100 D2=0 D3=0 D4=10404380 D5=8441850F D6=8441850F D7=0 A0=3C0002 A1=101300 A2=F6CD0 A3=108F3C A4=10F10E6 A5=108000 A6=109058 PC=40F0 -- 0040F0: add.w   ($26,A1), D0
D0=FF005F D1=100 D2=0 D3=0 D4=10404380 D5=8441850F D6=8441850F D7=0 A0=3C0002 A1=101300 A2=F6CD0 A3=108F3C A4=10F10E6 A5=108000 A6=109058 PC=40F4 -- 0040F4: neg.w   D0
D0=FFFFA1 D1=100 D2=0 D3=0 D4=10404380 D5=8441850F D6=8441850F D7=0 A0=3C0002 A1=101300 A2=F6CD0 A3=108F3C A4=10F10E6 A5=108000 A6=109058 PC=40F6 -- 0040F6: addi.w  #$1ff, D0
D0=FF01A0 D1=100 D2=0 D3=0 D4=10404380 D5=8441850F D6=8441850F D7=0 A0=3C0002 A1=101300 A2=F6CD0 A3=108F3C A4=10F10E6 A5=108000 A6=109058 PC=40FA -- 0040FA: lsl.w   #7, D0
D0=FFD000 D1=100 D2=0 D3=0 D4=10404380 D5=8441850F D6=8441850F D7=0 A0=3C0002 A1=101300 A2=F6CD0 A3=108F3C A4=10F10E6 A5=108000 A6=109058 PC=40FC -- 0040FC: bsr     $4772
D0=FFD000 D1=100 D2=0 D3=0 D4=10404380 D5=8441850F D6=8441850F D7=0 A0=3C0002 A1=101300 A2=F6CD0 A3=108F3C A4=10F10E6 A5=108000 A6=109058 PC=4772 -- 004772: move.w  D0, -(A7)
D0=FFD000 D1=100 D2=0 D3=0 D4=10404380 D5=8441850F D6=8441850F D7=0 A0=3C0002 A1=101300 A2=F6CD0 A3=108F3C A4=10F10E6 A5=108000 A6=109058 PC=4774 -- 004774: moveq   #-$1, D0
D0=FFFFFFFF D1=100 D2=0 D3=0 D4=10404380 D5=8441850F D6=8441850F D7=0 A0=3C0002 A1=101300 A2=F6CD0 A3=108F3C A4=10F10E6 A5=108000 A6=109058 PC=4776 -- 004776: moveq   #$0, D1
D0=FFFFFFFF D1=0 D2=0 D3=0 D4=10404380 D5=8441850F D6=8441850F D7=0 A0=3C0002 A1=101300 A2=F6CD0 A3=108F3C A4=10F10E6 A5=108000 A6=109058 PC=4778 -- 004778: move.b  ($1,A2), D1
D0=FFFFFFFF D1=1 D2=0 D3=0 D4=10404380 D5=8441850F D6=8441850F D7=0 A0=3C0002 A1=101300 A2=F6CD0 A3=108F3C A4=10F10E6 A5=108000 A6=109058 PC=477C -- 00477C: cmpi.b  #-$1, ($69,A1)
D0=FFFFFFFF D1=1 D2=0 D3=0 D4=10404380 D5=8441850F D6=8441850F D7=0 A0=3C0002 A1=101300 A2=F6CD0 A3=108F3C A4=10F10E6 A5=108000 A6=109058 PC=4782 -- 004782: beq     $47b4
D0=FFFFFFFF D1=1 D2=0 D3=0 D4=10404380 D5=8441850F D6=8441850F D7=0 A0=3C0002 A1=101300 A2=F6CD0 A3=108F3C A4=10F10E6 A5=108000 A6=109058 PC=47B4 -- 0047B4: move.b  D0, ($78f,A5)
D0=FFFFFFFF D1=1 D2=0 D3=0 D4=10404380 D5=8441850F D6=8441850F D7=0 A0=3C0002 A1=101300 A2=F6CD0 A3=108F3C A4=10F10E6 A5=108000 A6=109058 PC=47B8 -- 0047B8: move.b  D1, ($78e,A5)
D0=FFFFFFFF D1=1 D2=0 D3=0 D4=10404380 D5=8441850F D6=8441850F D7=0 A0=3C0002 A1=101300 A2=F6CD0 A3=108F3C A4=10F10E6 A5=108000 A6=109058 PC=47BC -- 0047BC: move.w  (A7)+, D0
D0=FFFFD000 D1=1 D2=0 D3=0 D4=10404380 D5=8441850F D6=8441850F D7=0 A0=3C0002 A1=101300 A2=F6CD0 A3=108F3C A4=10F10E6 A5=108000 A6=109058 PC=47BE -- 0047BE: rts
D0=FFFFD000 D1=1 D2=0 D3=0 D4=10404380 D5=8441850F D6=8441850F D7=0 A0=3C0002 A1=101300 A2=F6CD0 A3=108F3C A4=10F10E6 A5=108000 A6=109058 PC=4100 -- 004100: add.b   ($78e,A5), D0
D0=FFFFD001 D1=1 D2=0 D3=0 D4=10404380 D5=8441850F D6=8441850F D7=0 A0=3C0002 A1=101300 A2=F6CD0 A3=108F3C A4=10F10E6 A5=108000 A6=109058 PC=4104 -- 004104: move.w  D0, (A3)+
D0=FFFFD001 D1=1 D2=0 D3=0 D4=10404380 D5=8441850F D6=8441850F D7=0 A0=3C0002 A1=101300 A2=F6CD0 A3=108F3E A4=10F10E6 A5=108000 A6=109058 PC=4106 -- 004106: moveq   #$0, D0
D0=0 D1=1 D2=0 D3=0 D4=10404380 D5=8441850F D6=8441850F D7=0 A0=3C0002 A1=101300 A2=F6CD0 A3=108F3E A4=10F10E6 A5=108000 A6=109058 PC=4108 -- 004108: move.b  (A2), D0
D0=1 D1=1 D2=0 D3=0 D4=10404380 D5=8441850F D6=8441850F D7=0 A0=3C0002 A1=101300 A2=F6CD0 A3=108F3E A4=10F10E6 A5=108000 A6=109058 PC=410A -- 00410A: subq.b  #2, D0
D0=FF D1=1 D2=0 D3=0 D4=10404380 D5=8441850F D6=8441850F D7=0 A0=3C0002 A1=101300 A2=F6CD0 A3=108F3E A4=10F10E6 A5=108000 A6=109058 PC=410C -- 00410C: bmi     $4118
D0=FF D1=1 D2=0 D3=0 D4=10404380 D5=8441850F D6=8441850F D7=0 A0=3C0002 A1=101300 A2=F6CD0 A3=108F3E A4=10F10E6 A5=108000 A6=109058 PC=4118 -- 004118: move.w  #$1, ($2,A0)
D0=FF D1=1 D2=0 D3=0 D4=10404380 D5=8441850F D6=8441850F D7=0 A0=3C0002 A1=101300 A2=F6CD0 A3=108F3E A4=10F10E6 A5=108000 A6=109058 PC=411E -- 00411E: move.w  D5, (-$2,A0)
D0=FF D1=1 D2=0 D3=0 D4=10404380 D5=8441850F D6=8441850F D7=0 A0=3C0002 A1=101300 A2=F6CD0 A3=108F3E A4=10F10E6 A5=108000 A6=109058 PC=4122 -- 004122: moveq   #$0, D1
D0=FF D1=0 D2=0 D3=0 D4=10404380 D5=8441850F D6=8441850F D7=0 A0=3C0002 A1=101300 A2=F6CD0 A3=108F3E A4=10F10E6 A5=108000 A6=109058 PC=4124 -- 004124: move.b  ($68,A1), D0
D0=FF D1=0 D2=0 D3=0 D4=10404380 D5=8441850F D6=8441850F D7=0 A0=3C0002 A1=101300 A2=F6CD0 A3=108F3E A4=10F10E6 A5=108000 A6=109058 PC=4128 -- 004128: move.b  D0, D1
D0=FF D1=FF D2=0 D3=0 D4=10404380 D5=8441850F D6=8441850F D7=0 A0=3C0002 A1=101300 A2=F6CD0 A3=108F3E A4=10F10E6 A5=108000 A6=109058 PC=412A -- 00412A: andi.w  #$f, D0
D0=F D1=FF D2=0 D3=0 D4=10404380 D5=8441850F D6=8441850F D7=0 A0=3C0002 A1=101300 A2=F6CD0 A3=108F3E A4=10F10E6 A5=108000 A6=109058 PC=412E -- 00412E: lsr.b   #4, D1
D0=F D1=F D2=0 D3=0 D4=10404380 D5=8441850F D6=8441850F D7=0 A0=3C0002 A1=101300 A2=F6CD0 A3=108F3E A4=10F10E6 A5=108000 A6=109058 PC=4130 -- 004130: tst.b   D1
D0=F D1=F D2=0 D3=0 D4=10404380 D5=8441850F D6=8441850F D7=0 A0=3C0002 A1=101300 A2=F6CD0 A3=108F3E A4=10F10E6 A5=108000 A6=109058 PC=4132 -- 004132: beq     $4164
D0=F D1=F D2=0 D3=0 D4=10404380 D5=8441850F D6=8441850F D7=0 A0=3C0002 A1=101300 A2=F6CD0 A3=108F3E A4=10F10E6 A5=108000 A6=109058 PC=4134 -- 004134: lea     $4f9d2.l, A6
D0=F D1=F D2=0 D3=0 D4=10404380 D5=8441850F D6=8441850F D7=0 A0=3C0002 A1=101300 A2=F6CD0 A3=108F3E A4=10F10E6 A5=108000 A6=4F9D2 PC=413A -- 00413A: lsl.w   #5, D0
D0=1E0 D1=F D2=0 D3=0 D4=10404380 D5=8441850F D6=8441850F D7=0 A0=3C0002 A1=101300 A2=F6CD0 A3=108F3E A4=10F10E6 A5=108000 A6=4F9D2 PC=413C -- 00413C: adda.w  D0, A6
D0=1E0 D1=F D2=0 D3=0 D4=10404380 D5=8441850F D6=8441850F D7=0 A0=3C0002 A1=101300 A2=F6CD0 A3=108F3E A4=10F10E6 A5=108000 A6=4FBB2 PC=413E -- 00413E: moveq   #$f, D0
D0=F D1=F D2=0 D3=0 D4=10404380 D5=8441850F D6=8441850F D7=0 A0=3C0002 A1=101300 A2=F6CD0 A3=108F3E A4=10F10E6 A5=108000 A6=4FBB2 PC=4140 -- 004140: moveq   #$0, D2
D0=F D1=F D2=0 D3=0 D4=10404380 D5=8441850F D6=8441850F D7=0 A0=3C0002 A1=101300 A2=F6CD0 A3=108F3E A4=10F10E6 A5=108000 A6=4FBB2 PC=4142 -- 004142: move.b  (A2), D2
D0=F D1=F D2=1 D3=0 D4=10404380 D5=8441850F D6=8441850F D7=0 A0=3C0002 A1=101300 A2=F6CD0 A3=108F3E A4=10F10E6 A5=108000 A6=4FBB2 PC=4144 -- 004144: lsr.w   #1, D2
D0=F D1=F D2=0 D3=0 D4=10404380 D5=8441850F D6=8441850F D7=0 A0=3C0002 A1=101300 A2=F6CD0 A3=108F3E A4=10F10E6 A5=108000 A6=4FBB2 PC=4146 -- 004146: sub.w   D2, D0
D0=F D1=F D2=0 D3=0 D4=10404380 D5=8441850F D6=8441850F D7=0 A0=3C0002 A1=101300 A2=F6CD0 A3=108F3E A4=10F10E6 A5=108000 A6=4FBB2 PC=4148 -- 004148: adda.l  D0, A6
D0=F D1=F D2=0 D3=0 D4=10404380 D5=8441850F D6=8441850F D7=0 A0=3C0002 A1=101300 A2=F6CD0 A3=108F3E A4=10F10E6 A5=108000 A6=4FBC1 PC=414A -- 00414A: move.b  (A2), D0
D0=1 D1=F D2=0 D3=0 D4=10404380 D5=8441850F D6=8441850F D7=0 A0=3C0002 A1=101300 A2=F6CD0 A3=108F3E A4=10F10E6 A5=108000 A6=4FBC1 PC=414C -- 00414C: add.w   D0, D5
D0=1 D1=F D2=0 D3=0 D4=10404380 D5=8441850F D6=8441850F D7=0 A0=3C0002 A1=101300 A2=F6CD0 A3=108F3E A4=10F10E6 A5=108000 A6=4FBC1 PC=414E -- 00414E: subq.b  #1, D0
D0=0 D1=F D2=0 D3=0 D4=10404380 D5=8441850F D6=8441850F D7=0 A0=3C0002 A1=101300 A2=F6CD0 A3=108F3E A4=10F10E6 A5=108000 A6=4FBC1 PC=4150 -- 004150: move.b  D1, D2
D0=0 D1=F D2=F D3=0 D4=10404380 D5=8441850F D6=8441850F D7=0 A0=3C0002 A1=101300 A2=F6CD0 A3=108F3E A4=10F10E6 A5=108000 A6=4FBC1 PC=4152 -- 004152: sub.b   (A6)+, D2
D0=0 D1=F D2=F D3=0 D4=10404380 D5=8441850F D6=8441850F D7=0 A0=3C0002 A1=101300 A2=F6CD0 A3=108F3E A4=10F10E6 A5=108000 A6=4FBC2 PC=4154 -- 004154: lsl.w   #8, D2
D0=0 D1=F D2=F00 D3=0 D4=10404380 D5=8441850F D6=8441850F D7=0 A0=3C0002 A1=101300 A2=F6CD0 A3=108F3E A4=10F10E6 A5=108000 A6=4FBC2 PC=4156 -- 004156: move.b  ($69,A1), D2
D0=0 D1=F D2=FFF D3=0 D4=10404380 D5=8441850F D6=8441850F D7=0 A0=3C0002 A1=101300 A2=F6CD0 A3=108F3E A4=10F10E6 A5=108000 A6=4FBC2 PC=415A -- 00415A: move.w  D2, (A0)
D0=0 D1=F D2=FFF D3=0 D4=10404380 D5=8441850F D6=8441850F D7=0 A0=3C0002 A1=101300 A2=F6CD0 A3=108F3E A4=10F10E6 A5=108000 A6=4FBC2 PC=415C -- 00415C: dbra    D0, $4150
D0=FFFF D1=F D2=FFF D3=0 D4=10404380 D5=8441850F D6=8441850F D7=0 A0=3C0002 A1=101300 A2=F6CD0 A3=108F3E A4=10F10E6 A5=108000 A6=4FBC2 PC=4160 -- 004160: bra     $4178
D0=FFFF D1=F D2=FFF D3=0 D4=10404380 D5=8441850F D6=8441850F D7=0 A0=3C0002 A1=101300 A2=F6CD0 A3=108F3E A4=10F10E6 A5=108000 A6=4FBC2 PC=4178 -- 004178: move.b  ($2,A2), D0
D0=FFC7 D1=F D2=FFF D3=0 D4=10404380 D5=8441850F D6=8441850F D7=0 A0=3C0002 A1=101300 A2=F6CD0 A3=108F3E A4=10F10E6 A5=108000 A6=4FBC2 PC=417C -- 00417C: tst.b   ($80,A1)
D0=FFC7 D1=F D2=FFF D3=0 D4=10404380 D5=8441850F D6=8441850F D7=0 A0=3C0002 A1=101300 A2=F6CD0 A3=108F3E A4=10F10E6 A5=108000 A6=4FBC2 PC=4180 -- 004180: beq     $4188
D0=FFC7 D1=F D2=FFF D3=0 D4=10404380 D5=8441850F D6=8441850F D7=0 A0=3C0002 A1=101300 A2=F6CD0 A3=108F3E A4=10F10E6 A5=108000 A6=4FBC2 PC=4188 -- 004188: add.b   ($30,A1), D0
D0=FFC7 D1=F D2=FFF D3=0 D4=10404380 D5=8441850F D6=8441850F D7=0 A0=3C0002 A1=101300 A2=F6CD0 A3=108F3E A4=10F10E6 A5=108000 A6=4FBC2 PC=418C -- 00418C: lsl.w   #8, D0
D0=C700 D1=F D2=FFF D3=0 D4=10404380 D5=8441850F D6=8441850F D7=0 A0=3C0002 A1=101300 A2=F6CD0 A3=108F3E A4=10F10E6 A5=108000 A6=4FBC2 PC=418E -- 00418E: tst.b   ($3,A2)
D0=C700 D1=F D2=FFF D3=0 D4=10404380 D5=8441850F D6=8441850F D7=0 A0=3C0002 A1=101300 A2=F6CD0 A3=108F3E A4=10F10E6 A5=108000 A6=4FBC2 PC=4192 -- 004192: beq     $4198
D0=C700 D1=F D2=FFF D3=0 D4=10404380 D5=8441850F D6=8441850F D7=0 A0=3C0002 A1=101300 A2=F6CD0 A3=108F3E A4=10F10E6 A5=108000 A6=4FBC2 PC=4194 -- 004194: move.b  #$10, D0
D0=C710 D1=F D2=FFF D3=0 D4=10404380 D5=8441850F D6=8441850F D7=0 A0=3C0002 A1=101300 A2=F6CD0 A3=108F3E A4=10F10E6 A5=108000 A6=4FBC2 PC=4198 -- 004198: move.w  ($4,A2), D1
D0=C710 D1=DCA4 D2=FFF D3=0 D4=10404380 D5=8441850F D6=8441850F D7=0 A0=3C0002 A1=101300 A2=F6CD0 A3=108F3E A4=10F10E6 A5=108000 A6=4FBC2 PC=419C -- 00419C: moveq   #$0, D3
D0=C710 D1=DCA4 D2=FFF D3=0 D4=10404380 D5=8441850F D6=8441850F D7=0 A0=3C0002 A1=101300 A2=F6CD0 A3=108F3E A4=10F10E6 A5=108000 A6=4FBC2 PC=419E -- 00419E: move.b  (A2), D3
D0=C710 D1=DCA4 D2=FFF D3=1 D4=10404380 D5=8441850F D6=8441850F D7=0 A0=3C0002 A1=101300 A2=F6CD0 A3=108F3E A4=10F10E6 A5=108000 A6=4FBC2 PC=41A0 -- 0041A0: subq.b  #1, D3
D0=C710 D1=DCA4 D2=FFF D3=0 D4=10404380 D5=8441850F D6=8441850F D7=0 A0=3C0002 A1=101300 A2=F6CD0 A3=108F3E A4=10F10E6 A5=108000 A6=4FBC2 PC=41A2 -- 0041A2: move.w  ($790,A5), D7
D0=C710 D1=DCA4 D2=FFF D3=0 D4=10404380 D5=8441850F D6=8441850F D7=0 A0=3C0002 A1=101300 A2=F6CD0 A3=108F3E A4=10F10E6 A5=108000 A6=4FBC2 PC=41A6 -- 0041A6: add.w   D7, D7
D0=C710 D1=DCA4 D2=FFF D3=0 D4=10404380 D5=8441850F D6=8441850F D7=0 A0=3C0002 A1=101300 A2=F6CD0 A3=108F3E A4=10F10E6 A5=108000 A6=4FBC2 PC=41A8 -- 0041A8: add.w   D7, D7
D0=C710 D1=DCA4 D2=FFF D3=0 D4=10404380 D5=8441850F D6=8441850F D7=0 A0=3C0002 A1=101300 A2=F6CD0 A3=108F3E A4=10F10E6 A5=108000 A6=4FBC2 PC=41AA -- 0041AA: movea.l ($4,PC,D7.w), A6
D0=C710 D1=DCA4 D2=FFF D3=0 D4=10404380 D5=8441850F D6=8441850F D7=0 A0=3C0002 A1=101300 A2=F6CD0 A3=108F3E A4=10F10E6 A5=108000 A6=428C PC=41AE -- 0041AE: jmp     (A6)
D0=C710 D1=DCA4 D2=FFF D3=0 D4=10404380 D5=8441850F D6=8441850F D7=0 A0=3C0002 A1=101300 A2=F6CD0 A3=108F3E A4=10F10E6 A5=108000 A6=428C PC=428C -- 00428C: lea     ($6,A2), A6
D0=C710 D1=DCA4 D2=FFF D3=0 D4=10404380 D5=8441850F D6=8441850F D7=0 A0=3C0002 A1=101300 A2=F6CD0 A3=108F3E A4=10F10E6 A5=108000 A6=F6CD6 PC=4290 -- 004290: move.w  #$1, ($2,A0)
D0=C710 D1=DCA4 D2=FFF D3=0 D4=10404380 D5=8441850F D6=8441850F D7=0 A0=3C0002 A1=101300 A2=F6CD0 A3=108F3E A4=10F10E6 A5=108000 A6=F6CD6 PC=4296 -- 004296: moveq   #$0, D7
D0=C710 D1=DCA4 D2=FFF D3=0 D4=10404380 D5=8441850F D6=8441850F D7=0 A0=3C0002 A1=101300 A2=F6CD0 A3=108F3E A4=10F10E6 A5=108000 A6=F6CD6 PC=4298 -- 004298: move.b  ($1,A2), D7
D0=C710 D1=DCA4 D2=FFF D3=0 D4=10404380 D5=8441850F D6=8441850F D7=1 A0=3C0002 A1=101300 A2=F6CD0 A3=108F3E A4=10F10E6 A5=108000 A6=F6CD6 PC=429C -- 00429C: subq.b  #1, D7
D0=C710 D1=DCA4 D2=FFF D3=0 D4=10404380 D5=8441850F D6=8441850F D7=0 A0=3C0002 A1=101300 A2=F6CD0 A3=108F3E A4=10F10E6 A5=108000 A6=F6CD6 PC=429E -- 00429E: move.w  (A6)+, D2
D0=C710 D1=DCA4 D2=8000 D3=0 D4=10404380 D5=8441850F D6=8441850F D7=0 A0=3C0002 A1=101300 A2=F6CD0 A3=108F3E A4=10F10E6 A5=108000 A6=F6CD8 PC=42A0 -- 0042A0: move.w  D4, (-$2,A0)
D0=C710 D1=DCA4 D2=8000 D3=0 D4=10404380 D5=8441850F D6=8441850F D7=0 A0=3C0002 A1=101300 A2=F6CD0 A3=108F3E A4=10F10E6 A5=108000 A6=F6CD8 PC=42A4 -- 0042A4: add.w   D2, D2
D0=C710 D1=DCA4 D2=0 D3=0 D4=10404380 D5=8441850F D6=8441850F D7=0 A0=3C0002 A1=101300 A2=F6CD0 A3=108F3E A4=10F10E6 A5=108000 A6=F6CD8 PC=42A6 -- 0042A6: bcc     $42b8
D0=C710 D1=DCA4 D2=0 D3=0 D4=10404380 D5=8441850F D6=8441850F D7=0 A0=3C0002 A1=101300 A2=F6CD0 A3=108F3E A4=10F10E6 A5=108000 A6=F6CD8 PC=42A8 -- 0042A8: move.w  D1, (A0)
D0=C710 D1=DCA4 D2=0 D3=0 D4=10404380 D5=8441850F D6=8441850F D7=0 A0=3C0002 A1=101300 A2=F6CD0 A3=108F3E A4=10F10E6 A5=108000 A6=F6CD8 PC=42AA -- 0042AA: nop
D0=C710 D1=DCA4 D2=0 D3=0 D4=10404380 D5=8441850F D6=8441850F D7=0 A0=3C0002 A1=101300 A2=F6CD0 A3=108F3E A4=10F10E6 A5=108000 A6=F6CD8 PC=42AC -- 0042AC: move.w  D0, (A0)
D0=C710 D1=DCA4 D2=0 D3=0 D4=10404380 D5=8441850F D6=8441850F D7=0 A0=3C0002 A1=101300 A2=F6CD0 A3=108F3E A4=10F10E6 A5=108000 A6=F6CD8 PC=42AE -- 0042AE: addq.w  #1, D1
D0=C710 D1=DCA5 D2=0 D3=0 D4=10404380 D5=8441850F D6=8441850F D7=0 A0=3C0002 A1=101300 A2=F6CD0 A3=108F3E A4=10F10E6 A5=108000 A6=F6CD8 PC=42B0 -- 0042B0: bcc     $42c0
D0=C710 D1=DCA5 D2=0 D3=0 D4=10404380 D5=8441850F D6=8441850F D7=0 A0=3C0002 A1=101300 A2=F6CD0 A3=108F3E A4=10F10E6 A5=108000 A6=F6CD8 PC=42C0 -- 0042C0: dbra    D7, $42a4
D0=C710 D1=DCA5 D2=0 D3=0 D4=10404380 D5=8441850F D6=8441850F D7=FFFF A0=3C0002 A1=101300 A2=F6CD0 A3=108F3E A4=10F10E6 A5=108000 A6=F6CD8 PC=42C4 -- 0042C4: bsr     $47c0
D0=C710 D1=DCA5 D2=0 D3=0 D4=10404380 D5=8441850F D6=8441850F D7=FFFF A0=3C0002 A1=101300 A2=F6CD0 A3=108F3E A4=10F10E6 A5=108000 A6=F6CD8 PC=47C0 -- 0047C0: tst.b   ($78f,A5)
D0=C710 D1=DCA5 D2=0 D3=0 D4=10404380 D5=8441850F D6=8441850F D7=FFFF A0=3C0002 A1=101300 A2=F6CD0 A3=108F3E A4=10F10E6 A5=108000 A6=F6CD8 PC=47C4 -- 0047C4: bpl     $47c8
D0=C710 D1=DCA5 D2=0 D3=0 D4=10404380 D5=8441850F D6=8441850F D7=FFFF A0=3C0002 A1=101300 A2=F6CD0 A3=108F3E A4=10F10E6 A5=108000 A6=F6CD8 PC=47C6 -- 0047C6: rts
D0=C710 D1=DCA5 D2=0 D3=0 D4=10404380 D5=8441850F D6=8441850F D7=FFFF A0=3C0002 A1=101300 A2=F6CD0 A3=108F3E A4=10F10E6 A5=108000 A6=F6CD8 PC=42C8 -- 0042C8: addi.w  #$40, D4
D0=C710 D1=DCA5 D2=0 D3=0 D4=104043C0 D5=8441850F D6=8441850F D7=FFFF A0=3C0002 A1=101300 A2=F6CD0 A3=108F3E A4=10F10E6 A5=108000 A6=F6CD8 PC=42CC -- 0042CC: dbra    D3, $4296
D0=C710 D1=DCA5 D2=0 D3=FFFF D4=104043C0 D5=8441850F D6=8441850F D7=FFFF A0=3C0002 A1=101300 A2=F6CD0 A3=108F3E A4=10F10E6 A5=108000 A6=F6CD8 PC=42D0 -- 0042D0: rts
D0=C710 D1=DCA5 D2=0 D3=FFFF D4=104043C0 D5=8441850F D6=8441850F D7=FFFF A0=3C0002 A1=101300 A2=F6CD0 A3=108F3E A4=10F10E6 A5=108000 A6=F6CD8 PC=4016 -- 004016: bra     $401c
D0=C710 D1=DCA5 D2=0 D3=FFFF D4=104043C0 D5=8441850F D6=8441850F D7=FFFF A0=3C0002 A1=101300 A2=F6CD0 A3=108F3E A4=10F10E6 A5=108000 A6=F6CD8 PC=401C -- 00401C: movea.l (A7)+, A6
D0=C710 D1=DCA5 D2=0 D3=FFFF D4=104043C0 D5=8441850F D6=8441850F D7=FFFF A0=3C0002 A1=101300 A2=F6CD0 A3=108F3E A4=10F10E6 A5=108000 A6=108E3C PC=401E -- 00401E: btst    #$5, ($4,A4)
D0=C710 D1=DCA5 D2=0 D3=FFFF D4=104043C0 D5=8441850F D6=8441850F D7=FFFF A0=3C0002 A1=101300 A2=F6CD0 A3=108F3E A4=10F10E6 A5=108000 A6=108E3C PC=4024 -- 004024: beq     $4056
D0=C710 D1=DCA5 D2=0 D3=FFFF D4=104043C0 D5=8441850F D6=8441850F D7=FFFF A0=3C0002 A1=101300 A2=F6CD0 A3=108F3E A4=10F10E6 A5=108000 A6=108E3C PC=4056 -- 004056: tst.b   ($7c,A1)
D0=C710 D1=DCA5 D2=0 D3=FFFF D4=104043C0 D5=8441850F D6=8441850F D7=FFFF A0=3C0002 A1=101300 A2=F6CD0 A3=108F3E A4=10F10E6 A5=108000 A6=108E3C PC=405A -- 00405A: bpl     $4064
D0=C710 D1=DCA5 D2=0 D3=FFFF D4=104043C0 D5=8441850F D6=8441850F D7=FFFF A0=3C0002 A1=101300 A2=F6CD0 A3=108F3E A4=10F10E6 A5=108000 A6=108E3C PC=4064 -- 004064: movea.l (A7)+, A0
D0=C710 D1=DCA5 D2=0 D3=FFFF D4=104043C0 D5=8441850F D6=8441850F D7=FFFF A0=108902 A1=101300 A2=F6CD0 A3=108F3E A4=10F10E6 A5=108000 A6=108E3C PC=4066 -- 004066: subq.w  #1, ($e3a,A5)
D0=C710 D1=DCA5 D2=0 D3=FFFF D4=104043C0 D5=8441850F D6=8441850F D7=FFFF A0=108902 A1=101300 A2=F6CD0 A3=108F3E A4=10F10E6 A5=108000 A6=108E3C PC=406A -- 00406A: bne     $3f32
D0=C710 D1=DCA5 D2=0 D3=FFFF D4=104043C0 D5=8441850F D6=8441850F D7=FFFF A0=108902 A1=101300 A2=F6CD0 A3=108F3E A4=10F10E6 A5=108000 A6=108E3C PC=3F32 -- 003F32: move.w  (A0)+, D0
D0=1100 D1=DCA5 D2=0 D3=FFFF D4=104043C0 D5=8441850F D6=8441850F D7=FFFF A0=108904 A1=101300 A2=F6CD0 A3=108F3E A4=10F10E6 A5=108000 A6=108E3C PC=3F34 -- 003F34: beq     $3f32
D0=1100 D1=DCA5 D2=0 D3=FFFF D4=104043C0 D5=8441850F D6=8441850F D7=FFFF A0=108904 A1=101300 A2=F6CD0 A3=108F3E A4=10F10E6 A5=108000 A6=108E3C PC=3F36 -- 003F36: clr.w   (-$2,A0)
D0=1100 D1=DCA5 D2=0 D3=FFFF D4=104043C0 D5=8441850F D6=8441850F D7=FFFF A0=108904 A1=101300 A2=F6CD0 A3=108F3E A4=10F10E6 A5=108000 A6=108E3C PC=3F3A -- 003F3A: move.l  A5, D1
D0=1100 D1=108000 D2=0 D3=FFFF D4=104043C0 D5=8441850F D6=8441850F D7=FFFF A0=108904 A1=101300 A2=F6CD0 A3=108F3E A4=10F10E6 A5=108000 A6=108E3C PC=3F3C -- 003F3C: move.w  D0, D1
D0=1100 D1=101100 D2=0 D3=FFFF D4=104043C0 D5=8441850F D6=8441850F D7=FFFF A0=108904 A1=101300 A2=F6CD0 A3=108F3E A4=10F10E6 A5=108000 A6=108E3C PC=3F3E -- 003F3E: movea.l D1, A1
D0=1100 D1=101100 D2=0 D3=FFFF D4=104043C0 D5=8441850F D6=8441850F D7=FFFF A0=108904 A1=101100 A2=F6CD0 A3=108F3E A4=10F10E6 A5=108000 A6=108E3C PC=3F40 -- 003F40: movea.l ($28,A1), A2
D0=1100 D1=101100 D2=0 D3=FFFF D4=104043C0 D5=8441850F D6=8441850F D7=FFFF A0=108904 A1=101100 A2=F6D00 A3=108F3E A4=10F10E6 A5=108000 A6=108E3C PC=3F44 -- 003F44: lea     $7bf48.l, A4
D0=1100 D1=101100 D2=0 D3=FFFF D4=104043C0 D5=8441850F D6=8441850F D7=FFFF A0=108904 A1=101100 A2=F6D00 A3=108F3E A4=7BF48 A5=108000 A6=108E3C PC=3F4A -- 003F4A: move.w  ($70,A1), D0
D0=1B D1=101100 D2=0 D3=FFFF D4=104043C0 D5=8441850F D6=8441850F D7=FFFF A0=108904 A1=101100 A2=F6D00 A3=108F3E A4=7BF48 A5=108000 A6=108E3C PC=3F4E -- 003F4E: add.w   D0, D0
D0=36 D1=101100 D2=0 D3=FFFF D4=104043C0 D5=8441850F D6=8441850F D7=FFFF A0=108904 A1=101100 A2=F6D00 A3=108F3E A4=7BF48 A5=108000 A6=108E3C PC=3F50 -- 003F50: add.w   D0, D0
D0=6C D1=101100 D2=0 D3=FFFF D4=104043C0 D5=8441850F D6=8441850F D7=FFFF A0=108904 A1=101100 A2=F6D00 A3=108F3E A4=7BF48 A5=108000 A6=108E3C PC=3F52 -- 003F52: movea.l (A4,D0.w), A4
D0=6C D1=101100 D2=0 D3=FFFF D4=104043C0 D5=8441850F D6=8441850F D7=FFFF A0=108904 A1=101100 A2=F6D00 A3=108F3E A4=7F5E0 A5=108000 A6=108E3C PC=3F56 -- 003F56: move.w  ($72,A1), D0
D0=32 D1=101100 D2=0 D3=FFFF D4=104043C0 D5=8441850F D6=8441850F D7=FFFF A0=108904 A1=101100 A2=F6D00 A3=108F3E A4=7F5E0 A5=108000 A6=108E3C PC=3F5A -- 003F5A: add.w   D0, D0
D0=64 D1=101100 D2=0 D3=FFFF D4=104043C0 D5=8441850F D6=8441850F D7=FFFF A0=108904 A1=101100 A2=F6D00 A3=108F3E A4=7F5E0 A5=108000 A6=108E3C PC=3F5C -- 003F5C: move.w  (A4,D0.w), ($46de,A5)
D0=64 D1=101100 D2=0 D3=FFFF D4=104043C0 D5=8441850F D6=8441850F D7=FFFF A0=108904 A1=101100 A2=F6D00 A3=108F3E A4=7F5E0 A5=108000 A6=108E3C PC=3F62 -- 003F62: lea     $80000.l, A4
D0=64 D1=101100 D2=0 D3=FFFF D4=104043C0 D5=8441850F D6=8441850F D7=FFFF A0=108904 A1=101100 A2=F6D00 A3=108F3E A4=80000 A5=108000 A6=108E3C PC=3F68 -- 003F68: move.w  ($70,A1), D0
D0=1B D1=101100 D2=0 D3=FFFF D4=104043C0 D5=8441850F D6=8441850F D7=FFFF A0=108904 A1=101100 A2=F6D00 A3=108F3E A4=80000 A5=108000 A6=108E3C PC=3F6C -- 003F6C: add.w   D0, D0
D0=36 D1=101100 D2=0 D3=FFFF D4=104043C0 D5=8441850F D6=8441850F D7=FFFF A0=108904 A1=101100 A2=F6D00 A3=108F3E A4=80000 A5=108000 A6=108E3C PC=3F6E -- 003F6E: add.w   D0, D0
D0=6C D1=101100 D2=0 D3=FFFF D4=104043C0 D5=8441850F D6=8441850F D7=FFFF A0=108904 A1=101100 A2=F6D00 A3=108F3E A4=80000 A5=108000 A6=108E3C PC=3F70 -- 003F70: movea.l (A4,D0.w), A4
D0=6C D1=101100 D2=0 D3=FFFF D4=104043C0 D5=8441850F D6=8441850F D7=FFFF A0=108904 A1=101100 A2=F6D00 A3=108F3E A4=86E00 A5=108000 A6=108E3C PC=3F74 -- 003F74: move.w  ($46de,A5), D0
D0=3232 D1=101100 D2=0 D3=FFFF D4=104043C0 D5=8441850F D6=8441850F D7=FFFF A0=108904 A1=101100 A2=F6D00 A3=108F3E A4=86E00 A5=108000 A6=108E3C PC=3F78 -- 003F78: tst.b   ($46e2,A5)
D0=3232 D1=101100 D2=0 D3=FFFF D4=104043C0 D5=8441850F D6=8441850F D7=FFFF A0=108904 A1=101100 A2=F6D00 A3=108F3E A4=86E00 A5=108000 A6=108E3C PC=3F7C -- 003F7C: beq     $3f82
D0=3232 D1=101100 D2=0 D3=FFFF D4=104043C0 D5=8441850F D6=8441850F D7=FFFF A0=108904 A1=101100 A2=F6D00 A3=108F3E A4=86E00 A5=108000 A6=108E3C PC=3F82 -- 003F82: andi.w  #$ff, D0
D0=32 D1=101100 D2=0 D3=FFFF D4=104043C0 D5=8441850F D6=8441850F D7=FFFF A0=108904 A1=101100 A2=F6D00 A3=108F3E A4=86E00 A5=108000 A6=108E3C PC=3F86 -- 003F86: add.w   D0, D0
D0=64 D1=101100 D2=0 D3=FFFF D4=104043C0 D5=8441850F D6=8441850F D7=FFFF A0=108904 A1=101100 A2=F6D00 A3=108F3E A4=86E00 A5=108000 A6=108E3C PC=3F88 -- 003F88: add.w   D0, D0
D0=C8 D1=101100 D2=0 D3=FFFF D4=104043C0 D5=8441850F D6=8441850F D7=FFFF A0=108904 A1=101100 A2=F6D00 A3=108F3E A4=86E00 A5=108000 A6=108E3C PC=3F8A -- 003F8A: movea.l (A4,D0.w), A4
D0=C8 D1=101100 D2=0 D3=FFFF D4=104043C0 D5=8441850F D6=8441850F D7=FFFF A0=108904 A1=101100 A2=F6D00 A3=108F3E A4=F30E2 A5=108000 A6=108E3C PC=3F8E -- 003F8E: move.w  ($74,A1), D0
D0=0 D1=101100 D2=0 D3=FFFF D4=104043C0 D5=8441850F D6=8441850F D7=FFFF A0=108904 A1=101100 A2=F6D00 A3=108F3E A4=F30E2 A5=108000 A6=108E3C PC=3F92 -- 003F92: adda.w  D0, A4
D0=0 D1=101100 D2=0 D3=FFFF D4=104043C0 D5=8441850F D6=8441850F D7=FFFF A0=108904 A1=101100 A2=F6D00 A3=108F3E A4=F30E2 A5=108000 A6=108E3C PC=3F94 -- 003F94: move.l  (A4), D0
D0=10F110A D1=101100 D2=0 D3=FFFF D4=104043C0 D5=8441850F D6=8441850F D7=FFFF A0=108904 A1=101100 A2=F6D00 A3=108F3E A4=F30E2 A5=108000 A6=108E3C PC=3F96 -- 003F96: movea.l D0, A4
D0=10F110A D1=101100 D2=0 D3=FFFF D4=104043C0 D5=8441850F D6=8441850F D7=FFFF A0=108904 A1=101100 A2=F6D00 A3=108F3E A4=10F110A A5=108000 A6=108E3C PC=3F98 -- 003F98: move.l  A0, -(A7)
D0=10F110A D1=101100 D2=0 D3=FFFF D4=104043C0 D5=8441850F D6=8441850F D7=FFFF A0=108904 A1=101100 A2=F6D00 A3=108F3E A4=10F110A A5=108000 A6=108E3C PC=3F9A -- 003F9A: lea     $3c0002.l, A0
D0=10F110A D1=101100 D2=0 D3=FFFF D4=104043C0 D5=8441850F D6=8441850F D7=FFFF A0=3C0002 A1=101100 A2=F6D00 A3=108F3E A4=10F110A A5=108000 A6=108E3C PC=3FA0 -- 003FA0: tst.b   ($7c,A1)
D0=10F110A D1=101100 D2=0 D3=FFFF D4=104043C0 D5=8441850F D6=8441850F D7=FFFF A0=3C0002 A1=101100 A2=F6D00 A3=108F3E A4=10F110A A5=108000 A6=108E3C PC=3FA4 -- 003FA4: bpl     $3fc0
D0=10F110A D1=101100 D2=0 D3=FFFF D4=104043C0 D5=8441850F D6=8441850F D7=FFFF A0=3C0002 A1=101100 A2=F6D00 A3=108F3E A4=10F110A A5=108000 A6=108E3C PC=3FC0 -- 003FC0: moveq   #$0, D0
D0=0 D1=101100 D2=0 D3=FFFF D4=104043C0 D5=8441850F D6=8441850F D7=FFFF A0=3C0002 A1=101100 A2=F6D00 A3=108F3E A4=10F110A A5=108000 A6=108E3C PC=3FC2 -- 003FC2: move.b  (A2), D0
D0=1 D1=101100 D2=0 D3=FFFF D4=104043C0 D5=8441850F D6=8441850F D7=FFFF A0=3C0002 A1=101100 A2=F6D00 A3=108F3E A4=10F110A A5=108000 A6=108E3C PC=3FC4 -- 003FC4: sub.w   D0, ($794,A5)
D0=1 D1=101100 D2=0 D3=FFFF D4=104043C0 D5=8441850F D6=8441850F D7=FFFF A0=3C0002 A1=101100 A2=F6D00 A3=108F3E A4=10F110A A5=108000 A6=108E3C PC=3FC8 -- 003FC8: bcc     $3fd2
D0=1 D1=101100 D2=0 D3=FFFF D4=104043C0 D5=8441850F D6=8441850F D7=FFFF A0=3C0002 A1=101100 A2=F6D00 A3=108F3E A4=10F110A A5=108000 A6=108E3C PC=3FD2 -- 003FD2: move.l  A6, -(A7)
D0=1 D1=101100 D2=0 D3=FFFF D4=104043C0 D5=8441850F D6=8441850F D7=FFFF A0=3C0002 A1=101100 A2=F6D00 A3=108F3E A4=10F110A A5=108000 A6=108E3C PC=3FD4 -- 003FD4: btst    #$6, ($7c,A1)
D0=1 D1=101100 D2=0 D3=FFFF D4=104043C0 D5=8441850F D6=8441850F D7=FFFF A0=3C0002 A1=101100 A2=F6D00 A3=108F3E A4=10F110A A5=108000 A6=108E3C PC=3FDA -- 003FDA: bne     $400c
D0=1 D1=101100 D2=0 D3=FFFF D4=104043C0 D5=8441850F D6=8441850F D7=FFFF A0=3C0002 A1=101100 A2=F6D00 A3=108F3E A4=10F110A A5=108000 A6=108E3C PC=3FDE -- 003FDE: moveq   #$0, D1
D0=1 D1=0 D2=0 D3=FFFF D4=104043C0 D5=8441850F D6=8441850F D7=FFFF A0=3C0002 A1=101100 A2=F6D00 A3=108F3E A4=10F110A A5=108000 A6=108E3C PC=3FE0 -- 003FE0: move.b  ($82,A1), D1
D0=1 D1=0 D2=0 D3=FFFF D4=104043C0 D5=8441850F D6=8441850F D7=FFFF A0=3C0002 A1=101100 A2=F6D00 A3=108F3E A4=10F110A A5=108000 A6=108E3C PC=3FE4 -- 003FE4: add.w   D1, D1
D0=1 D1=0 D2=0 D3=FFFF D4=104043C0 D5=8441850F D6=8441850F D7=FFFF A0=3C0002 A1=101100 A2=F6D00 A3=108F3E A4=10F110A A5=108000 A6=108E3C PC=3FE6 -- 003FE6: add.w   D1, D1
D0=1 D1=0 D2=0 D3=FFFF D4=104043C0 D5=8441850F D6=8441850F D7=FFFF A0=3C0002 A1=101100 A2=F6D00 A3=108F3E A4=10F110A A5=108000 A6=108E3C PC=3FE8 -- 003FE8: move.w  ($18,A1), D0
D0=56 D1=0 D2=0 D3=FFFF D4=104043C0 D5=8441850F D6=8441850F D7=FFFF A0=3C0002 A1=101100 A2=F6D00 A3=108F3E A4=10F110A A5=108000 A6=108E3C PC=3FEC -- 003FEC: lea     ($104c,A5), A6
D0=56 D1=0 D2=0 D3=FFFF D4=104043C0 D5=8441850F D6=8441850F D7=FFFF A0=3C0002 A1=101100 A2=F6D00 A3=108F3E A4=10F110A A5=108000 A6=10904C PC=3FF0 -- 003FF0: sub.w   (A6,D1.w), D0
D0=56 D1=0 D2=0 D3=FFFF D4=104043C0 D5=8441850F D6=8441850F D7=FFFF A0=3C0002 A1=101100 A2=F6D00 A3=108F3E A4=10F110A A5=108000 A6=10904C PC=3FF4 -- 003FF4: move.w  D0, ($24,A1)
D0=56 D1=0 D2=0 D3=FFFF D4=104043C0 D5=8441850F D6=8441850F D7=FFFF A0=3C0002 A1=101100 A2=F6D00 A3=108F3E A4=10F110A A5=108000 A6=10904C PC=3FF8 -- 003FF8: move.w  ($1c,A1), D0
D0=58 D1=0 D2=0 D3=FFFF D4=104043C0 D5=8441850F D6=8441850F D7=FFFF A0=3C0002 A1=101100 A2=F6D00 A3=108F3E A4=10F110A A5=108000 A6=10904C PC=3FFC -- 003FFC: sub.w   ($20,A1), D0
D0=58 D1=0 D2=0 D3=FFFF D4=104043C0 D5=8441850F D6=8441850F D7=FFFF A0=3C0002 A1=101100 A2=F6D00 A3=108F3E A4=10F110A A5=108000 A6=10904C PC=4000 -- 004000: lea     ($1058,A5), A6
D0=58 D1=0 D2=0 D3=FFFF D4=104043C0 D5=8441850F D6=8441850F D7=FFFF A0=3C0002 A1=101100 A2=F6D00 A3=108F3E A4=10F110A A5=108000 A6=109058 PC=4004 -- 004004: sub.w   (A6,D1.w), D0
D0=58 D1=0 D2=0 D3=FFFF D4=104043C0 D5=8441850F D6=8441850F D7=FFFF A0=3C0002 A1=101100 A2=F6D00 A3=108F3E A4=10F110A A5=108000 A6=109058 PC=4008 -- 004008: move.w  D0, ($26,A1)
D0=58 D1=0 D2=0 D3=FFFF D4=104043C0 D5=8441850F D6=8441850F D7=FFFF A0=3C0002 A1=101100 A2=F6D00 A3=108F3E A4=10F110A A5=108000 A6=109058 PC=400C -- 00400C: tst.b   ($3a66,A5)
D0=58 D1=0 D2=0 D3=FFFF D4=104043C0 D5=8441850F D6=8441850F D7=FFFF A0=3C0002 A1=101100 A2=F6D00 A3=108F3E A4=10F110A A5=108000 A6=109058 PC=4010 -- 004010: bmi     $4018
D0=58 D1=0 D2=0 D3=FFFF D4=104043C0 D5=8441850F D6=8441850F D7=FFFF A0=3C0002 A1=101100 A2=F6D00 A3=108F3E A4=10F110A A5=108000 A6=109058 PC=4012 -- 004012: bsr     $4088
D0=58 D1=0 D2=0 D3=FFFF D4=104043C0 D5=8441850F D6=8441850F D7=FFFF A0=3C0002 A1=101100 A2=F6D00 A3=108F3E A4=10F110A A5=108000 A6=109058 PC=4088 -- 004088: move.w  (A4), D0
D0=FFE2 D1=0 D2=0 D3=FFFF D4=104043C0 D5=8441850F D6=8441850F D7=FFFF A0=3C0002 A1=101100 A2=F6D00 A3=108F3E A4=10F110A A5=108000 A6=109058 PC=408A -- 00408A: move.b  ($31,A1), D1
D0=FFE2 D1=0 D2=0 D3=FFFF D4=104043C0 D5=8441850F D6=8441850F D7=FFFF A0=3C0002 A1=101100 A2=F6D00 A3=108F3E A4=10F110A A5=108000 A6=109058 PC=408E -- 00408E: move.b  ($4,A4), D2
D0=FFE2 D1=0 D2=0 D3=FFFF D4=104043C0 D5=8441850F D6=8441850F D7=FFFF A0=3C0002 A1=101100 A2=F6D00 A3=108F3E A4=10F110A A5=108000 A6=109058 PC=4092 -- 004092: rol.b   #2, D2
D0=FFE2 D1=0 D2=0 D3=FFFF D4=104043C0 D5=8441850F D6=8441850F D7=FFFF A0=3C0002 A1=101100 A2=F6D00 A3=108F3E A4=10F110A A5=108000 A6=109058 PC=4094 -- 004094: eor.w   D2, D1
D0=FFE2 D1=0 D2=0 D3=FFFF D4=104043C0 D5=8441850F D6=8441850F D7=FFFF A0=3C0002 A1=101100 A2=F6D00 A3=108F3E A4=10F110A A5=108000 A6=109058 PC=4096 -- 004096: andi.w  #$3, D1
D0=FFE2 D1=0 D2=0 D3=FFFF D4=104043C0 D5=8441850F D6=8441850F D7=FFFF A0=3C0002 A1=101100 A2=F6D00 A3=108F3E A4=10F110A A5=108000 A6=109058 PC=409A -- 00409A: move.w  D1, ($790,A5)
D0=FFE2 D1=0 D2=0 D3=FFFF D4=104043C0 D5=8441850F D6=8441850F D7=FFFF A0=3C0002 A1=101100 A2=F6D00 A3=108F3E A4=10F110A A5=108000 A6=109058 PC=409E -- 00409E: andi.w  #$1, D1
D0=FFE2 D1=0 D2=0 D3=FFFF D4=104043C0 D5=8441850F D6=8441850F D7=FFFF A0=3C0002 A1=101100 A2=F6D00 A3=108F3E A4=10F110A A5=108000 A6=109058 PC=40A2 -- 0040A2: beq     $40ae
D0=FFE2 D1=0 D2=0 D3=FFFF D4=104043C0 D5=8441850F D6=8441850F D7=FFFF A0=3C0002 A1=101100 A2=F6D00 A3=108F3E A4=10F110A A5=108000 A6=109058 PC=40AE -- 0040AE: moveq   #$0, D1
D0=FFE2 D1=0 D2=0 D3=FFFF D4=104043C0 D5=8441850F D6=8441850F D7=FFFF A0=3C0002 A1=101100 A2=F6D00 A3=108F3E A4=10F110A A5=108000 A6=109058 PC=40B0 -- 0040B0: move.b  ($68,A1), D1
D0=FFE2 D1=FF D2=0 D3=FFFF D4=104043C0 D5=8441850F D6=8441850F D7=FFFF A0=3C0002 A1=101100 A2=F6D00 A3=108F3E A4=10F110A A5=108000 A6=109058 PC=40B4 -- 0040B4: addq.w  #1, D1
D0=FFE2 D1=100 D2=0 D3=FFFF D4=104043C0 D5=8441850F D6=8441850F D7=FFFF A0=3C0002 A1=101100 A2=F6D00 A3=108F3E A4=10F110A A5=108000 A6=109058 PC=40B6 -- 0040B6: muls.w  D1, D0
D0=FFFFE200 D1=100 D2=0 D3=FFFF D4=104043C0 D5=8441850F D6=8441850F D7=FFFF A0=3C0002 A1=101100 A2=F6D00 A3=108F3E A4=10F110A A5=108000 A6=109058 PC=40B8 -- 0040B8: lsr.l   #8, D0
D0=FFFFE2 D1=100 D2=0 D3=FFFF D4=104043C0 D5=8441850F D6=8441850F D7=FFFF A0=3C0002 A1=101100 A2=F6D00 A3=108F3E A4=10F110A A5=108000 A6=109058 PC=40BA -- 0040BA: add.w   ($24,A1), D0
D0=FF0038 D1=100 D2=0 D3=FFFF D4=104043C0 D5=8441850F D6=8441850F D7=FFFF A0=3C0002 A1=101100 A2=F6D00 A3=108F3E A4=10F110A A5=108000 A6=109058 PC=40BE -- 0040BE: lsl.w   #7, D0
D0=FF1C00 D1=100 D2=0 D3=FFFF D4=104043C0 D5=8441850F D6=8441850F D7=FFFF A0=3C0002 A1=101100 A2=F6D00 A3=108F3E A4=10F110A A5=108000 A6=109058 PC=40C0 -- 0040C0: move.w  D6, (-$2,A0)
D0=FF1C00 D1=100 D2=0 D3=FFFF D4=104043C0 D5=8441850F D6=8441850F D7=FFFF A0=3C0002 A1=101100 A2=F6D00 A3=108F3E A4=10F110A A5=108000 A6=109058 PC=40C4 -- 0040C4: move.w  D0, (A0)
D0=FF1C00 D1=100 D2=0 D3=FFFF D4=104043C0 D5=8441850F D6=8441850F D7=FFFF A0=3C0002 A1=101100 A2=F6D00 A3=108F3E A4=10F110A A5=108000 A6=109058 PC=40C6 -- 0040C6: moveq   #$0, D0
D0=0 D1=100 D2=0 D3=FFFF D4=104043C0 D5=8441850F D6=8441850F D7=FFFF A0=3C0002 A1=101100 A2=F6D00 A3=108F3E A4=10F110A A5=108000 A6=109058 PC=40C8 -- 0040C8: move.b  (A2), D0
D0=1 D1=100 D2=0 D3=FFFF D4=104043C0 D5=8441850F D6=8441850F D7=FFFF A0=3C0002 A1=101100 A2=F6D00 A3=108F3E A4=10F110A A5=108000 A6=109058 PC=40CA -- 0040CA: add.w   D0, D6
D0=1 D1=100 D2=0 D3=FFFF D4=104043C0 D5=84418510 D6=84418510 D7=FFFF A0=3C0002 A1=101100 A2=F6D00 A3=108F3E A4=10F110A A5=108000 A6=109058 PC=40CC -- 0040CC: move.w  ($2,A4), D0
D0=FFFF D1=100 D2=0 D3=FFFF D4=104043C0 D5=84418510 D6=84418510 D7=FFFF A0=3C0002 A1=101100 A2=F6D00 A3=108F3E A4=10F110A A5=108000 A6=109058 PC=40D0 -- 0040D0: btst    #$1, ($791,A5)
D0=FFFF D1=100 D2=0 D3=FFFF D4=104043C0 D5=84418510 D6=84418510 D7=FFFF A0=3C0002 A1=101100 A2=F6D00 A3=108F3E A4=10F110A A5=108000 A6=109058 PC=40D6 -- 0040D6: beq     $40e4
D0=FFFF D1=100 D2=0 D3=FFFF D4=104043C0 D5=84418510 D6=84418510 D7=FFFF A0=3C0002 A1=101100 A2=F6D00 A3=108F3E A4=10F110A A5=108000 A6=109058 PC=40E4 -- 0040E4: moveq   #$0, D1
D0=FFFF D1=0 D2=0 D3=FFFF D4=104043C0 D5=84418510 D6=84418510 D7=FFFF A0=3C0002 A1=101100 A2=F6D00 A3=108F3E A4=10F110A A5=108000 A6=109058 PC=40E6 -- 0040E6: move.b  ($69,A1), D1
D0=FFFF D1=FF D2=0 D3=FFFF D4=104043C0 D5=84418510 D6=84418510 D7=FFFF A0=3C0002 A1=101100 A2=F6D00 A3=108F3E A4=10F110A A5=108000 A6=109058 PC=40EA -- 0040EA: addq.w  #1, D1
D0=FFFF D1=100 D2=0 D3=FFFF D4=104043C0 D5=84418510 D6=84418510 D7=FFFF A0=3C0002 A1=101100 A2=F6D00 A3=108F3E A4=10F110A A5=108000 A6=109058 PC=40EC -- 0040EC: muls.w  D1, D0
D0=FFFFFF00 D1=100 D2=0 D3=FFFF D4=104043C0 D5=84418510 D6=84418510 D7=FFFF A0=3C0002 A1=101100 A2=F6D00 A3=108F3E A4=10F110A A5=108000 A6=109058 PC=40EE -- 0040EE: lsr.l   #8, D0
D0=FFFFFF D1=100 D2=0 D3=FFFF D4=104043C0 D5=84418510 D6=84418510 D7=FFFF A0=3C0002 A1=101100 A2=F6D00 A3=108F3E A4=10F110A A5=108000 A6=109058 PC=40F0 -- 0040F0: add.w   ($26,A1), D0
D0=FF0057 D1=100 D2=0 D3=FFFF D4=104043C0 D5=84418510 D6=84418510 D7=FFFF A0=3C0002 A1=101100 A2=F6D00 A3=108F3E A4=10F110A A5=108000 A6=109058 PC=40F4 -- 0040F4: neg.w   D0
D0=FFFFA9 D1=100 D2=0 D3=FFFF D4=104043C0 D5=84418510 D6=84418510 D7=FFFF A0=3C0002 A1=101100 A2=F6D00 A3=108F3E A4=10F110A A5=108000 A6=109058 PC=40F6 -- 0040F6: addi.w  #$1ff, D0
D0=FF01A8 D1=100 D2=0 D3=FFFF D4=104043C0 D5=84418510 D6=84418510 D7=FFFF A0=3C0002 A1=101100 A2=F6D00 A3=108F3E A4=10F110A A5=108000 A6=109058 PC=40FA -- 0040FA: lsl.w   #7, D0
D0=FFD400 D1=100 D2=0 D3=FFFF D4=104043C0 D5=84418510 D6=84418510 D7=FFFF A0=3C0002 A1=101100 A2=F6D00 A3=108F3E A4=10F110A A5=108000 A6=109058 PC=40FC -- 0040FC: bsr     $4772
D0=FFD400 D1=100 D2=0 D3=FFFF D4=104043C0 D5=84418510 D6=84418510 D7=FFFF A0=3C0002 A1=101100 A2=F6D00 A3=108F3E A4=10F110A A5=108000 A6=109058 PC=4772 -- 004772: move.w  D0, -(A7)
D0=FFD400 D1=100 D2=0 D3=FFFF D4=104043C0 D5=84418510 D6=84418510 D7=FFFF A0=3C0002 A1=101100 A2=F6D00 A3=108F3E A4=10F110A A5=108000 A6=109058 PC=4774 -- 004774: moveq   #-$1, D0
D0=FFFFFFFF D1=100 D2=0 D3=FFFF D4=104043C0 D5=84418510 D6=84418510 D7=FFFF A0=3C0002 A1=101100 A2=F6D00 A3=108F3E A4=10F110A A5=108000 A6=109058 PC=4776 -- 004776: moveq   #$0, D1
D0=FFFFFFFF D1=0 D2=0 D3=FFFF D4=104043C0 D5=84418510 D6=84418510 D7=FFFF A0=3C0002 A1=101100 A2=F6D00 A3=108F3E A4=10F110A A5=108000 A6=109058 PC=4778 -- 004778: move.b  ($1,A2), D1
D0=FFFFFFFF D1=1 D2=0 D3=FFFF D4=104043C0 D5=84418510 D6=84418510 D7=FFFF A0=3C0002 A1=101100 A2=F6D00 A3=108F3E A4=10F110A A5=108000 A6=109058 PC=477C -- 00477C: cmpi.b  #-$1, ($69,A1)
D0=FFFFFFFF D1=1 D2=0 D3=FFFF D4=104043C0 D5=84418510 D6=84418510 D7=FFFF A0=3C0002 A1=101100 A2=F6D00 A3=108F3E A4=10F110A A5=108000 A6=109058 PC=4782 -- 004782: beq     $47b4
D0=FFFFFFFF D1=1 D2=0 D3=FFFF D4=104043C0 D5=84418510 D6=84418510 D7=FFFF A0=3C0002 A1=101100 A2=F6D00 A3=108F3E A4=10F110A A5=108000 A6=109058 PC=47B4 -- 0047B4: move.b  D0, ($78f,A5)
D0=FFFFFFFF D1=1 D2=0 D3=FFFF D4=104043C0 D5=84418510 D6=84418510 D7=FFFF A0=3C0002 A1=101100 A2=F6D00 A3=108F3E A4=10F110A A5=108000 A6=109058 PC=47B8 -- 0047B8: move.b  D1, ($78e,A5)
D0=FFFFFFFF D1=1 D2=0 D3=FFFF D4=104043C0 D5=84418510 D6=84418510 D7=FFFF A0=3C0002 A1=101100 A2=F6D00 A3=108F3E A4=10F110A A5=108000 A6=109058 PC=47BC -- 0047BC: move.w  (A7)+, D0
D0=FFFFD400 D1=1 D2=0 D3=FFFF D4=104043C0 D5=84418510 D6=84418510 D7=FFFF A0=3C0002 A1=101100 A2=F6D00 A3=108F3E A4=10F110A A5=108000 A6=109058 PC=47BE -- 0047BE: rts
D0=FFFFD400 D1=1 D2=0 D3=FFFF D4=104043C0 D5=84418510 D6=84418510 D7=FFFF A0=3C0002 A1=101100 A2=F6D00 A3=108F3E A4=10F110A A5=108000 A6=109058 PC=4100 -- 004100: add.b   ($78e,A5), D0
D0=FFFFD401 D1=1 D2=0 D3=FFFF D4=104043C0 D5=84418510 D6=84418510 D7=FFFF A0=3C0002 A1=101100 A2=F6D00 A3=108F3E A4=10F110A A5=108000 A6=109058 PC=4104 -- 004104: move.w  D0, (A3)+
D0=FFFFD401 D1=1 D2=0 D3=FFFF D4=104043C0 D5=84418510 D6=84418510 D7=FFFF A0=3C0002 A1=101100 A2=F6D00 A3=108F40 A4=10F110A A5=108000 A6=109058 PC=4106 -- 004106: moveq   #$0, D0
D0=0 D1=1 D2=0 D3=FFFF D4=104043C0 D5=84418510 D6=84418510 D7=FFFF A0=3C0002 A1=101100 A2=F6D00 A3=108F40 A4=10F110A A5=108000 A6=109058 PC=4108 -- 004108: move.b  (A2), D0
D0=1 D1=1 D2=0 D3=FFFF D4=104043C0 D5=84418510 D6=84418510 D7=FFFF A0=3C0002 A1=101100 A2=F6D00 A3=108F40 A4=10F110A A5=108000 A6=109058 PC=410A -- 00410A: subq.b  #2, D0
D0=FF D1=1 D2=0 D3=FFFF D4=104043C0 D5=84418510 D6=84418510 D7=FFFF A0=3C0002 A1=101100 A2=F6D00 A3=108F40 A4=10F110A A5=108000 A6=109058 PC=410C -- 00410C: bmi     $4118
D0=FF D1=1 D2=0 D3=FFFF D4=104043C0 D5=84418510 D6=84418510 D7=FFFF A0=3C0002 A1=101100 A2=F6D00 A3=108F40 A4=10F110A A5=108000 A6=109058 PC=4118 -- 004118: move.w  #$1, ($2,A0)
D0=FF D1=1 D2=0 D3=FFFF D4=104043C0 D5=84418510 D6=84418510 D7=FFFF A0=3C0002 A1=101100 A2=F6D00 A3=108F40 A4=10F110A A5=108000 A6=109058 PC=411E -- 00411E: move.w  D5, (-$2,A0)
D0=FF D1=1 D2=0 D3=FFFF D4=104043C0 D5=84418510 D6=84418510 D7=FFFF A0=3C0002 A1=101100 A2=F6D00 A3=108F40 A4=10F110A A5=108000 A6=109058 PC=4122 -- 004122: moveq   #$0, D1
D0=FF D1=0 D2=0 D3=FFFF D4=104043C0 D5=84418510 D6=84418510 D7=FFFF A0=3C0002 A1=101100 A2=F6D00 A3=108F40 A4=10F110A A5=108000 A6=109058 PC=4124 -- 004124: move.b  ($68,A1), D0
D0=FF D1=0 D2=0 D3=FFFF D4=104043C0 D5=84418510 D6=84418510 D7=FFFF A0=3C0002 A1=101100 A2=F6D00 A3=108F40 A4=10F110A A5=108000 A6=109058 PC=4128 -- 004128: move.b  D0, D1
D0=FF D1=FF D2=0 D3=FFFF D4=104043C0 D5=84418510 D6=84418510 D7=FFFF A0=3C0002 A1=101100 A2=F6D00 A3=108F40 A4=10F110A A5=108000 A6=109058 PC=412A -- 00412A: andi.w  #$f, D0
D0=F D1=FF D2=0 D3=FFFF D4=104043C0 D5=84418510 D6=84418510 D7=FFFF A0=3C0002 A1=101100 A2=F6D00 A3=108F40 A4=10F110A A5=108000 A6=109058 PC=412E -- 00412E: lsr.b   #4, D1
D0=F D1=F D2=0 D3=FFFF D4=104043C0 D5=84418510 D6=84418510 D7=FFFF A0=3C0002 A1=101100 A2=F6D00 A3=108F40 A4=10F110A A5=108000 A6=109058 PC=4130 -- 004130: tst.b   D1
D0=F D1=F D2=0 D3=FFFF D4=104043C0 D5=84418510 D6=84418510 D7=FFFF A0=3C0002 A1=101100 A2=F6D00 A3=108F40 A4=10F110A A5=108000 A6=109058 PC=4132 -- 004132: beq     $4164
D0=F D1=F D2=0 D3=FFFF D4=104043C0 D5=84418510 D6=84418510 D7=FFFF A0=3C0002 A1=101100 A2=F6D00 A3=108F40 A4=10F110A A5=108000 A6=109058 PC=4134 -- 004134: lea     $4f9d2.l, A6
D0=F D1=F D2=0 D3=FFFF D4=104043C0 D5=84418510 D6=84418510 D7=FFFF A0=3C0002 A1=101100 A2=F6D00 A3=108F40 A4=10F110A A5=108000 A6=4F9D2 PC=413A -- 00413A: lsl.w   #5, D0
D0=1E0 D1=F D2=0 D3=FFFF D4=104043C0 D5=84418510 D6=84418510 D7=FFFF A0=3C0002 A1=101100 A2=F6D00 A3=108F40 A4=10F110A A5=108000 A6=4F9D2 PC=413C -- 00413C: adda.w  D0, A6
D0=1E0 D1=F D2=0 D3=FFFF D4=104043C0 D5=84418510 D6=84418510 D7=FFFF A0=3C0002 A1=101100 A2=F6D00 A3=108F40 A4=10F110A A5=108000 A6=4FBB2 PC=413E -- 00413E: moveq   #$f, D0
D0=F D1=F D2=0 D3=FFFF D4=104043C0 D5=84418510 D6=84418510 D7=FFFF A0=3C0002 A1=101100 A2=F6D00 A3=108F40 A4=10F110A A5=108000 A6=4FBB2 PC=4140 -- 004140: moveq   #$0, D2
D0=F D1=F D2=0 D3=FFFF D4=104043C0 D5=84418510 D6=84418510 D7=FFFF A0=3C0002 A1=101100 A2=F6D00 A3=108F40 A4=10F110A A5=108000 A6=4FBB2 PC=4142 -- 004142: move.b  (A2), D2
D0=F D1=F D2=1 D3=FFFF D4=104043C0 D5=84418510 D6=84418510 D7=FFFF A0=3C0002 A1=101100 A2=F6D00 A3=108F40 A4=10F110A A5=108000 A6=4FBB2 PC=4144 -- 004144: lsr.w   #1, D2
D0=F D1=F D2=0 D3=FFFF D4=104043C0 D5=84418510 D6=84418510 D7=FFFF A0=3C0002 A1=101100 A2=F6D00 A3=108F40 A4=10F110A A5=108000 A6=4FBB2 PC=4146 -- 004146: sub.w   D2, D0
D0=F D1=F D2=0 D3=FFFF D4=104043C0 D5=84418510 D6=84418510 D7=FFFF A0=3C0002 A1=101100 A2=F6D00 A3=108F40 A4=10F110A A5=108000 A6=4FBB2 PC=4148 -- 004148: adda.l  D0, A6
D0=F D1=F D2=0 D3=FFFF D4=104043C0 D5=84418510 D6=84418510 D7=FFFF A0=3C0002 A1=101100 A2=F6D00 A3=108F40 A4=10F110A A5=108000 A6=4FBC1 PC=414A -- 00414A: move.b  (A2), D0
D0=1 D1=F D2=0 D3=FFFF D4=104043C0 D5=84418510 D6=84418510 D7=FFFF A0=3C0002 A1=101100 A2=F6D00 A3=108F40 A4=10F110A A5=108000 A6=4FBC1 PC=414C -- 00414C: add.w   D0, D5
D0=1 D1=F D2=0 D3=FFFF D4=104043C0 D5=84418510 D6=84418510 D7=FFFF A0=3C0002 A1=101100 A2=F6D00 A3=108F40 A4=10F110A A5=108000 A6=4FBC1 PC=414E -- 00414E: subq.b  #1, D0
D0=0 D1=F D2=0 D3=FFFF D4=104043C0 D5=84418510 D6=84418510 D7=FFFF A0=3C0002 A1=101100 A2=F6D00 A3=108F40 A4=10F110A A5=108000 A6=4FBC1 PC=4150 -- 004150: move.b  D1, D2
D0=0 D1=F D2=F D3=FFFF D4=104043C0 D5=84418510 D6=84418510 D7=FFFF A0=3C0002 A1=101100 A2=F6D00 A3=108F40 A4=10F110A A5=108000 A6=4FBC1 PC=4152 -- 004152: sub.b   (A6)+, D2
D0=0 D1=F D2=F D3=FFFF D4=104043C0 D5=84418510 D6=84418510 D7=FFFF A0=3C0002 A1=101100 A2=F6D00 A3=108F40 A4=10F110A A5=108000 A6=4FBC2 PC=4154 -- 004154: lsl.w   #8, D2
D0=0 D1=F D2=F00 D3=FFFF D4=104043C0 D5=84418510 D6=84418510 D7=FFFF A0=3C0002 A1=101100 A2=F6D00 A3=108F40 A4=10F110A A5=108000 A6=4FBC2 PC=4156 -- 004156: move.b  ($69,A1), D2
D0=0 D1=F D2=FFF D3=FFFF D4=104043C0 D5=84418510 D6=84418510 D7=FFFF A0=3C0002 A1=101100 A2=F6D00 A3=108F40 A4=10F110A A5=108000 A6=4FBC2 PC=415A -- 00415A: move.w  D2, (A0)
D0=0 D1=F D2=FFF D3=FFFF D4=104043C0 D5=84418510 D6=84418510 D7=FFFF A0=3C0002 A1=101100 A2=F6D00 A3=108F40 A4=10F110A A5=108000 A6=4FBC2 PC=415C -- 00415C: dbra    D0, $4150
D0=FFFF D1=F D2=FFF D3=FFFF D4=104043C0 D5=84418510 D6=84418510 D7=FFFF A0=3C0002 A1=101100 A2=F6D00 A3=108F40 A4=10F110A A5=108000 A6=4FBC2 PC=4160 -- 004160: bra     $4178
D0=FFFF D1=F D2=FFF D3=FFFF D4=104043C0 D5=84418510 D6=84418510 D7=FFFF A0=3C0002 A1=101100 A2=F6D00 A3=108F40 A4=10F110A A5=108000 A6=4FBC2 PC=4178 -- 004178: move.b  ($2,A2), D0
D0=FFDF D1=F D2=FFF D3=FFFF D4=104043C0 D5=84418510 D6=84418510 D7=FFFF A0=3C0002 A1=101100 A2=F6D00 A3=108F40 A4=10F110A A5=108000 A6=4FBC2 PC=417C -- 00417C: tst.b   ($80,A1)
D0=FFDF D1=F D2=FFF D3=FFFF D4=104043C0 D5=84418510 D6=84418510 D7=FFFF A0=3C0002 A1=101100 A2=F6D00 A3=108F40 A4=10F110A A5=108000 A6=4FBC2 PC=4180 -- 004180: beq     $4188
D0=FFDF D1=F D2=FFF D3=FFFF D4=104043C0 D5=84418510 D6=84418510 D7=FFFF A0=3C0002 A1=101100 A2=F6D00 A3=108F40 A4=10F110A A5=108000 A6=4FBC2 PC=4188 -- 004188: add.b   ($30,A1), D0
D0=FFDF D1=F D2=FFF D3=FFFF D4=104043C0 D5=84418510 D6=84418510 D7=FFFF A0=3C0002 A1=101100 A2=F6D00 A3=108F40 A4=10F110A A5=108000 A6=4FBC2 PC=418C -- 00418C: lsl.w   #8, D0
D0=DF00 D1=F D2=FFF D3=FFFF D4=104043C0 D5=84418510 D6=84418510 D7=FFFF A0=3C0002 A1=101100 A2=F6D00 A3=108F40 A4=10F110A A5=108000 A6=4FBC2 PC=418E -- 00418E: tst.b   ($3,A2)
D0=DF00 D1=F D2=FFF D3=FFFF D4=104043C0 D5=84418510 D6=84418510 D7=FFFF A0=3C0002 A1=101100 A2=F6D00 A3=108F40 A4=10F110A A5=108000 A6=4FBC2 PC=4192 -- 004192: beq     $4198
D0=DF00 D1=F D2=FFF D3=FFFF D4=104043C0 D5=84418510 D6=84418510 D7=FFFF A0=3C0002 A1=101100 A2=F6D00 A3=108F40 A4=10F110A A5=108000 A6=4FBC2 PC=4194 -- 004194: move.b  #$10, D0
D0=DF10 D1=F D2=FFF D3=FFFF D4=104043C0 D5=84418510 D6=84418510 D7=FFFF A0=3C0002 A1=101100 A2=F6D00 A3=108F40 A4=10F110A A5=108000 A6=4FBC2 PC=4198 -- 004198: move.w  ($4,A2), D1
D0=DF10 D1=DCAA D2=FFF D3=FFFF D4=104043C0 D5=84418510 D6=84418510 D7=FFFF A0=3C0002 A1=101100 A2=F6D00 A3=108F40 A4=10F110A A5=108000 A6=4FBC2 PC=419C -- 00419C: moveq   #$0, D3
D0=DF10 D1=DCAA D2=FFF D3=0 D4=104043C0 D5=84418510 D6=84418510 D7=FFFF A0=3C0002 A1=101100 A2=F6D00 A3=108F40 A4=10F110A A5=108000 A6=4FBC2 PC=419E -- 00419E: move.b  (A2), D3
D0=DF10 D1=DCAA D2=FFF D3=1 D4=104043C0 D5=84418510 D6=84418510 D7=FFFF A0=3C0002 A1=101100 A2=F6D00 A3=108F40 A4=10F110A A5=108000 A6=4FBC2 PC=41A0 -- 0041A0: subq.b  #1, D3
D0=DF10 D1=DCAA D2=FFF D3=0 D4=104043C0 D5=84418510 D6=84418510 D7=FFFF A0=3C0002 A1=101100 A2=F6D00 A3=108F40 A4=10F110A A5=108000 A6=4FBC2 PC=41A2 -- 0041A2: move.w  ($790,A5), D7
D0=DF10 D1=DCAA D2=FFF D3=0 D4=104043C0 D5=84418510 D6=84418510 D7=0 A0=3C0002 A1=101100 A2=F6D00 A3=108F40 A4=10F110A A5=108000 A6=4FBC2 PC=41A6 -- 0041A6: add.w   D7, D7
D0=DF10 D1=DCAA D2=FFF D3=0 D4=104043C0 D5=84418510 D6=84418510 D7=0 A0=3C0002 A1=101100 A2=F6D00 A3=108F40 A4=10F110A A5=108000 A6=4FBC2 PC=41A8 -- 0041A8: add.w   D7, D7
D0=DF10 D1=DCAA D2=FFF D3=0 D4=104043C0 D5=84418510 D6=84418510 D7=0 A0=3C0002 A1=101100 A2=F6D00 A3=108F40 A4=10F110A A5=108000 A6=4FBC2 PC=41AA -- 0041AA: movea.l ($4,PC,D7.w), A6
D0=DF10 D1=DCAA D2=FFF D3=0 D4=104043C0 D5=84418510 D6=84418510 D7=0 A0=3C0002 A1=101100 A2=F6D00 A3=108F40 A4=10F110A A5=108000 A6=428C PC=41AE -- 0041AE: jmp     (A6)
D0=DF10 D1=DCAA D2=FFF D3=0 D4=104043C0 D5=84418510 D6=84418510 D7=0 A0=3C0002 A1=101100 A2=F6D00 A3=108F40 A4=10F110A A5=108000 A6=428C PC=428C -- 00428C: lea     ($6,A2), A6
D0=DF10 D1=DCAA D2=FFF D3=0 D4=104043C0 D5=84418510 D6=84418510 D7=0 A0=3C0002 A1=101100 A2=F6D00 A3=108F40 A4=10F110A A5=108000 A6=F6D06 PC=4290 -- 004290: move.w  #$1, ($2,A0)
D0=DF10 D1=DCAA D2=FFF D3=0 D4=104043C0 D5=84418510 D6=84418510 D7=0 A0=3C0002 A1=101100 A2=F6D00 A3=108F40 A4=10F110A A5=108000 A6=F6D06 PC=4296 -- 004296: moveq   #$0, D7
D0=DF10 D1=DCAA D2=FFF D3=0 D4=104043C0 D5=84418510 D6=84418510 D7=0 A0=3C0002 A1=101100 A2=F6D00 A3=108F40 A4=10F110A A5=108000 A6=F6D06 PC=4298 -- 004298: move.b  ($1,A2), D7
D0=DF10 D1=DCAA D2=FFF D3=0 D4=104043C0 D5=84418510 D6=84418510 D7=1 A0=3C0002 A1=101100 A2=F6D00 A3=108F40 A4=10F110A A5=108000 A6=F6D06 PC=429C -- 00429C: subq.b  #1, D7
D0=DF10 D1=DCAA D2=FFF D3=0 D4=104043C0 D5=84418510 D6=84418510 D7=0 A0=3C0002 A1=101100 A2=F6D00 A3=108F40 A4=10F110A A5=108000 A6=F6D06 PC=429E -- 00429E: move.w  (A6)+, D2
D0=DF10 D1=DCAA D2=8000 D3=0 D4=104043C0 D5=84418510 D6=84418510 D7=0 A0=3C0002 A1=101100 A2=F6D00 A3=108F40 A4=10F110A A5=108000 A6=F6D08 PC=42A0 -- 0042A0: move.w  D4, (-$2,A0)
D0=DF10 D1=DCAA D2=8000 D3=0 D4=104043C0 D5=84418510 D6=84418510 D7=0 A0=3C0002 A1=101100 A2=F6D00 A3=108F40 A4=10F110A A5=108000 A6=F6D08 PC=42A4 -- 0042A4: add.w   D2, D2
D0=DF10 D1=DCAA D2=0 D3=0 D4=104043C0 D5=84418510 D6=84418510 D7=0 A0=3C0002 A1=101100 A2=F6D00 A3=108F40 A4=10F110A A5=108000 A6=F6D08 PC=42A6 -- 0042A6: bcc     $42b8
D0=DF10 D1=DCAA D2=0 D3=0 D4=104043C0 D5=84418510 D6=84418510 D7=0 A0=3C0002 A1=101100 A2=F6D00 A3=108F40 A4=10F110A A5=108000 A6=F6D08 PC=42A8 -- 0042A8: move.w  D1, (A0)
D0=DF10 D1=DCAA D2=0 D3=0 D4=104043C0 D5=84418510 D6=84418510 D7=0 A0=3C0002 A1=101100 A2=F6D00 A3=108F40 A4=10F110A A5=108000 A6=F6D08 PC=42AA -- 0042AA: nop
D0=DF10 D1=DCAA D2=0 D3=0 D4=104043C0 D5=84418510 D6=84418510 D7=0 A0=3C0002 A1=101100 A2=F6D00 A3=108F40 A4=10F110A A5=108000 A6=F6D08 PC=42AC -- 0042AC: move.w  D0, (A0)
D0=DF10 D1=DCAA D2=0 D3=0 D4=104043C0 D5=84418510 D6=84418510 D7=0 A0=3C0002 A1=101100 A2=F6D00 A3=108F40 A4=10F110A A5=108000 A6=F6D08 PC=42AE -- 0042AE: addq.w  #1, D1
D0=DF10 D1=DCAB D2=0 D3=0 D4=104043C0 D5=84418510 D6=84418510 D7=0 A0=3C0002 A1=101100 A2=F6D00 A3=108F40 A4=10F110A A5=108000 A6=F6D08 PC=42B0 -- 0042B0: bcc     $42c0
D0=DF10 D1=DCAB D2=0 D3=0 D4=104043C0 D5=84418510 D6=84418510 D7=0 A0=3C0002 A1=101100 A2=F6D00 A3=108F40 A4=10F110A A5=108000 A6=F6D08 PC=42C0 -- 0042C0: dbra    D7, $42a4
D0=DF10 D1=DCAB D2=0 D3=0 D4=104043C0 D5=84418510 D6=84418510 D7=FFFF A0=3C0002 A1=101100 A2=F6D00 A3=108F40 A4=10F110A A5=108000 A6=F6D08 PC=42C4 -- 0042C4: bsr     $47c0
D0=DF10 D1=DCAB D2=0 D3=0 D4=104043C0 D5=84418510 D6=84418510 D7=FFFF A0=3C0002 A1=101100 A2=F6D00 A3=108F40 A4=10F110A A5=108000 A6=F6D08 PC=47C0 -- 0047C0: tst.b   ($78f,A5)
D0=DF10 D1=DCAB D2=0 D3=0 D4=104043C0 D5=84418510 D6=84418510 D7=FFFF A0=3C0002 A1=101100 A2=F6D00 A3=108F40 A4=10F110A A5=108000 A6=F6D08 PC=47C4 -- 0047C4: bpl     $47c8
D0=DF10 D1=DCAB D2=0 D3=0 D4=104043C0 D5=84418510 D6=84418510 D7=FFFF A0=3C0002 A1=101100 A2=F6D00 A3=108F40 A4=10F110A A5=108000 A6=F6D08 PC=47C6 -- 0047C6: rts
D0=DF10 D1=DCAB D2=0 D3=0 D4=104043C0 D5=84418510 D6=84418510 D7=FFFF A0=3C0002 A1=101100 A2=F6D00 A3=108F40 A4=10F110A A5=108000 A6=F6D08 PC=42C8 -- 0042C8: addi.w  #$40, D4
D0=DF10 D1=DCAB D2=0 D3=0 D4=10404400 D5=84418510 D6=84418510 D7=FFFF A0=3C0002 A1=101100 A2=F6D00 A3=108F40 A4=10F110A A5=108000 A6=F6D08 PC=42CC -- 0042CC: dbra    D3, $4296
D0=DF10 D1=DCAB D2=0 D3=FFFF D4=10404400 D5=84418510 D6=84418510 D7=FFFF A0=3C0002 A1=101100 A2=F6D00 A3=108F40 A4=10F110A A5=108000 A6=F6D08 PC=42D0 -- 0042D0: rts
D0=DF10 D1=DCAB D2=0 D3=FFFF D4=10404400 D5=84418510 D6=84418510 D7=FFFF A0=3C0002 A1=101100 A2=F6D00 A3=108F40 A4=10F110A A5=108000 A6=F6D08 PC=4016 -- 004016: bra     $401c
D0=DF10 D1=DCAB D2=0 D3=FFFF D4=10404400 D5=84418510 D6=84418510 D7=FFFF A0=3C0002 A1=101100 A2=F6D00 A3=108F40 A4=10F110A A5=108000 A6=F6D08 PC=401C -- 00401C: movea.l (A7)+, A6
D0=DF10 D1=DCAB D2=0 D3=FFFF D4=10404400 D5=84418510 D6=84418510 D7=FFFF A0=3C0002 A1=101100 A2=F6D00 A3=108F40 A4=10F110A A5=108000 A6=108E3C PC=401E -- 00401E: btst    #$5, ($4,A4)
D0=DF10 D1=DCAB D2=0 D3=FFFF D4=10404400 D5=84418510 D6=84418510 D7=FFFF A0=3C0002 A1=101100 A2=F6D00 A3=108F40 A4=10F110A A5=108000 A6=108E3C PC=4024 -- 004024: beq     $4056
D0=DF10 D1=DCAB D2=0 D3=FFFF D4=10404400 D5=84418510 D6=84418510 D7=FFFF A0=3C0002 A1=101100 A2=F6D00 A3=108F40 A4=10F110A A5=108000 A6=108E3C PC=4056 -- 004056: tst.b   ($7c,A1)
D0=DF10 D1=DCAB D2=0 D3=FFFF D4=10404400 D5=84418510 D6=84418510 D7=FFFF A0=3C0002 A1=101100 A2=F6D00 A3=108F40 A4=10F110A A5=108000 A6=108E3C PC=405A -- 00405A: bpl     $4064
D0=DF10 D1=DCAB D2=0 D3=FFFF D4=10404400 D5=84418510 D6=84418510 D7=FFFF A0=3C0002 A1=101100 A2=F6D00 A3=108F40 A4=10F110A A5=108000 A6=108E3C PC=4064 -- 004064: movea.l (A7)+, A0
D0=DF10 D1=DCAB D2=0 D3=FFFF D4=10404400 D5=84418510 D6=84418510 D7=FFFF A0=108904 A1=101100 A2=F6D00 A3=108F40 A4=10F110A A5=108000 A6=108E3C PC=4066 -- 004066: subq.w  #1, ($e3a,A5)
D0=DF10 D1=DCAB D2=0 D3=FFFF D4=10404400 D5=84418510 D6=84418510 D7=FFFF A0=108904 A1=101100 A2=F6D00 A3=108F40 A4=10F110A A5=108000 A6=108E3C PC=406A -- 00406A: bne     $3f32
D0=DF10 D1=DCAB D2=0 D3=FFFF D4=10404400 D5=84418510 D6=84418510 D7=FFFF A0=108904 A1=101100 A2=F6D00 A3=108F40 A4=10F110A A5=108000 A6=108E3C PC=3F32 -- 003F32: move.w  (A0)+, D0
D0=F00 D1=DCAB D2=0 D3=FFFF D4=10404400 D5=84418510 D6=84418510 D7=FFFF A0=108906 A1=101100 A2=F6D00 A3=108F40 A4=10F110A A5=108000 A6=108E3C PC=3F34 -- 003F34: beq     $3f32
D0=F00 D1=DCAB D2=0 D3=FFFF D4=10404400 D5=84418510 D6=84418510 D7=FFFF A0=108906 A1=101100 A2=F6D00 A3=108F40 A4=10F110A A5=108000 A6=108E3C PC=3F36 -- 003F36: clr.w   (-$2,A0)
D0=F00 D1=DCAB D2=0 D3=FFFF D4=10404400 D5=84418510 D6=84418510 D7=FFFF A0=108906 A1=101100 A2=F6D00 A3=108F40 A4=10F110A A5=108000 A6=108E3C PC=3F3A -- 003F3A: move.l  A5, D1
D0=F00 D1=108000 D2=0 D3=FFFF D4=10404400 D5=84418510 D6=84418510 D7=FFFF A0=108906 A1=101100 A2=F6D00 A3=108F40 A4=10F110A A5=108000 A6=108E3C PC=3F3C -- 003F3C: move.w  D0, D1
D0=F00 D1=100F00 D2=0 D3=FFFF D4=10404400 D5=84418510 D6=84418510 D7=FFFF A0=108906 A1=101100 A2=F6D00 A3=108F40 A4=10F110A A5=108000 A6=108E3C PC=3F3E -- 003F3E: movea.l D1, A1
D0=F00 D1=100F00 D2=0 D3=FFFF D4=10404400 D5=84418510 D6=84418510 D7=FFFF A0=108906 A1=100F00 A2=F6D00 A3=108F40 A4=10F110A A5=108000 A6=108E3C PC=3F40 -- 003F40: movea.l ($28,A1), A2
D0=F00 D1=100F00 D2=0 D3=FFFF D4=10404400 D5=84418510 D6=84418510 D7=FFFF A0=108906 A1=100F00 A2=F6CD8 A3=108F40 A4=10F110A A5=108000 A6=108E3C PC=3F44 -- 003F44: lea     $7bf48.l, A4
D0=F00 D1=100F00 D2=0 D3=FFFF D4=10404400 D5=84418510 D6=84418510 D7=FFFF A0=108906 A1=100F00 A2=F6CD8 A3=108F40 A4=7BF48 A5=108000 A6=108E3C PC=3F4A -- 003F4A: move.w  ($70,A1), D0
D0=1B D1=100F00 D2=0 D3=FFFF D4=10404400 D5=84418510 D6=84418510 D7=FFFF A0=108906 A1=100F00 A2=F6CD8 A3=108F40 A4=7BF48 A5=108000 A6=108E3C PC=3F4E -- 003F4E: add.w   D0, D0
D0=36 D1=100F00 D2=0 D3=FFFF D4=10404400 D5=84418510 D6=84418510 D7=FFFF A0=108906 A1=100F00 A2=F6CD8 A3=108F40 A4=7BF48 A5=108000 A6=108E3C PC=3F50 -- 003F50: add.w   D0, D0
D0=6C D1=100F00 D2=0 D3=FFFF D4=10404400 D5=84418510 D6=84418510 D7=FFFF A0=108906 A1=100F00 A2=F6CD8 A3=108F40 A4=7BF48 A5=108000 A6=108E3C PC=3F52 -- 003F52: movea.l (A4,D0.w), A4
D0=6C D1=100F00 D2=0 D3=FFFF D4=10404400 D5=84418510 D6=84418510 D7=FFFF A0=108906 A1=100F00 A2=F6CD8 A3=108F40 A4=7F5E0 A5=108000 A6=108E3C PC=3F56 -- 003F56: move.w  ($72,A1), D0
D0=33 D1=100F00 D2=0 D3=FFFF D4=10404400 D5=84418510 D6=84418510 D7=FFFF A0=108906 A1=100F00 A2=F6CD8 A3=108F40 A4=7F5E0 A5=108000 A6=108E3C PC=3F5A -- 003F5A: add.w   D0, D0
D0=66 D1=100F00 D2=0 D3=FFFF D4=10404400 D5=84418510 D6=84418510 D7=FFFF A0=108906 A1=100F00 A2=F6CD8 A3=108F40 A4=7F5E0 A5=108000 A6=108E3C PC=3F5C -- 003F5C: move.w  (A4,D0.w), ($46de,A5)
D0=66 D1=100F00 D2=0 D3=FFFF D4=10404400 D5=84418510 D6=84418510 D7=FFFF A0=108906 A1=100F00 A2=F6CD8 A3=108F40 A4=7F5E0 A5=108000 A6=108E3C PC=3F62 -- 003F62: lea     $80000.l, A4
D0=66 D1=100F00 D2=0 D3=FFFF D4=10404400 D5=84418510 D6=84418510 D7=FFFF A0=108906 A1=100F00 A2=F6CD8 A3=108F40 A4=80000 A5=108000 A6=108E3C PC=3F68 -- 003F68: move.w  ($70,A1), D0
D0=1B D1=100F00 D2=0 D3=FFFF D4=10404400 D5=84418510 D6=84418510 D7=FFFF A0=108906 A1=100F00 A2=F6CD8 A3=108F40 A4=80000 A5=108000 A6=108E3C PC=3F6C -- 003F6C: add.w   D0, D0
D0=36 D1=100F00 D2=0 D3=FFFF D4=10404400 D5=84418510 D6=84418510 D7=FFFF A0=108906 A1=100F00 A2=F6CD8 A3=108F40 A4=80000 A5=108000 A6=108E3C PC=3F6E -- 003F6E: add.w   D0, D0
D0=6C D1=100F00 D2=0 D3=FFFF D4=10404400 D5=84418510 D6=84418510 D7=FFFF A0=108906 A1=100F00 A2=F6CD8 A3=108F40 A4=80000 A5=108000 A6=108E3C PC=3F70 -- 003F70: movea.l (A4,D0.w), A4
D0=6C D1=100F00 D2=0 D3=FFFF D4=10404400 D5=84418510 D6=84418510 D7=FFFF A0=108906 A1=100F00 A2=F6CD8 A3=108F40 A4=86E00 A5=108000 A6=108E3C PC=3F74 -- 003F74: move.w  ($46de,A5), D0
D0=3333 D1=100F00 D2=0 D3=FFFF D4=10404400 D5=84418510 D6=84418510 D7=FFFF A0=108906 A1=100F00 A2=F6CD8 A3=108F40 A4=86E00 A5=108000 A6=108E3C PC=3F78 -- 003F78: tst.b   ($46e2,A5)
D0=3333 D1=100F00 D2=0 D3=FFFF D4=10404400 D5=84418510 D6=84418510 D7=FFFF A0=108906 A1=100F00 A2=F6CD8 A3=108F40 A4=86E00 A5=108000 A6=108E3C PC=3F7C -- 003F7C: beq     $3f82
D0=3333 D1=100F00 D2=0 D3=FFFF D4=10404400 D5=84418510 D6=84418510 D7=FFFF A0=108906 A1=100F00 A2=F6CD8 A3=108F40 A4=86E00 A5=108000 A6=108E3C PC=3F82 -- 003F82: andi.w  #$ff, D0
D0=33 D1=100F00 D2=0 D3=FFFF D4=10404400 D5=84418510 D6=84418510 D7=FFFF A0=108906 A1=100F00 A2=F6CD8 A3=108F40 A4=86E00 A5=108000 A6=108E3C PC=3F86 -- 003F86: add.w   D0, D0
D0=66 D1=100F00 D2=0 D3=FFFF D4=10404400 D5=84418510 D6=84418510 D7=FFFF A0=108906 A1=100F00 A2=F6CD8 A3=108F40 A4=86E00 A5=108000 A6=108E3C PC=3F88 -- 003F88: add.w   D0, D0
D0=CC D1=100F00 D2=0 D3=FFFF D4=10404400 D5=84418510 D6=84418510 D7=FFFF A0=108906 A1=100F00 A2=F6CD8 A3=108F40 A4=86E00 A5=108000 A6=108E3C PC=3F8A -- 003F8A: movea.l (A4,D0.w), A4
D0=CC D1=100F00 D2=0 D3=FFFF D4=10404400 D5=84418510 D6=84418510 D7=FFFF A0=108906 A1=100F00 A2=F6CD8 A3=108F40 A4=F30EA A5=108000 A6=108E3C PC=3F8E -- 003F8E: move.w  ($74,A1), D0
D0=0 D1=100F00 D2=0 D3=FFFF D4=10404400 D5=84418510 D6=84418510 D7=FFFF A0=108906 A1=100F00 A2=F6CD8 A3=108F40 A4=F30EA A5=108000 A6=108E3C PC=3F92 -- 003F92: adda.w  D0, A4
D0=0 D1=100F00 D2=0 D3=FFFF D4=10404400 D5=84418510 D6=84418510 D7=FFFF A0=108906 A1=100F00 A2=F6CD8 A3=108F40 A4=F30EA A5=108000 A6=108E3C PC=3F94 -- 003F94: move.l  (A4), D0
D0=710F10EC D1=100F00 D2=0 D3=FFFF D4=10404400 D5=84418510 D6=84418510 D7=FFFF A0=108906 A1=100F00 A2=F6CD8 A3=108F40 A4=F30EA A5=108000 A6=108E3C PC=3F96 -- 003F96: movea.l D0, A4
D0=710F10EC D1=100F00 D2=0 D3=FFFF D4=10404400 D5=84418510 D6=84418510 D7=FFFF A0=108906 A1=100F00 A2=F6CD8 A3=108F40 A4=710F10EC A5=108000 A6=108E3C PC=3F98 -- 003F98: move.l  A0, -(A7)
D0=710F10EC D1=100F00 D2=0 D3=FFFF D4=10404400 D5=84418510 D6=84418510 D7=FFFF A0=108906 A1=100F00 A2=F6CD8 A3=108F40 A4=710F10EC A5=108000 A6=108E3C PC=3F9A -- 003F9A: lea     $3c0002.l, A0
D0=710F10EC D1=100F00 D2=0 D3=FFFF D4=10404400 D5=84418510 D6=84418510 D7=FFFF A0=3C0002 A1=100F00 A2=F6CD8 A3=108F40 A4=710F10EC A5=108000 A6=108E3C PC=3FA0 -- 003FA0: tst.b   ($7c,A1)
D0=710F10EC D1=100F00 D2=0 D3=FFFF D4=10404400 D5=84418510 D6=84418510 D7=FFFF A0=3C0002 A1=100F00 A2=F6CD8 A3=108F40 A4=710F10EC A5=108000 A6=108E3C PC=3FA4 -- 003FA4: bpl     $3fc0
D0=710F10EC D1=100F00 D2=0 D3=FFFF D4=10404400 D5=84418510 D6=84418510 D7=FFFF A0=3C0002 A1=100F00 A2=F6CD8 A3=108F40 A4=710F10EC A5=108000 A6=108E3C PC=3FC0 -- 003FC0: moveq   #$0, D0
D0=0 D1=100F00 D2=0 D3=FFFF D4=10404400 D5=84418510 D6=84418510 D7=FFFF A0=3C0002 A1=100F00 A2=F6CD8 A3=108F40 A4=710F10EC A5=108000 A6=108E3C PC=3FC2 -- 003FC2: move.b  (A2), D0
D0=1 D1=100F00 D2=0 D3=FFFF D4=10404400 D5=84418510 D6=84418510 D7=FFFF A0=3C0002 A1=100F00 A2=F6CD8 A3=108F40 A4=710F10EC A5=108000 A6=108E3C PC=3FC4 -- 003FC4: sub.w   D0, ($794,A5)
D0=1 D1=100F00 D2=0 D3=FFFF D4=10404400 D5=84418510 D6=84418510 D7=FFFF A0=3C0002 A1=100F00 A2=F6CD8 A3=108F40 A4=710F10EC A5=108000 A6=108E3C PC=3FC8 -- 003FC8: bcc     $3fd2
D0=1 D1=100F00 D2=0 D3=FFFF D4=10404400 D5=84418510 D6=84418510 D7=FFFF A0=3C0002 A1=100F00 A2=F6CD8 A3=108F40 A4=710F10EC A5=108000 A6=108E3C PC=3FD2 -- 003FD2: move.l  A6, -(A7)
D0=1 D1=100F00 D2=0 D3=FFFF D4=10404400 D5=84418510 D6=84418510 D7=FFFF A0=3C0002 A1=100F00 A2=F6CD8 A3=108F40 A4=710F10EC A5=108000 A6=108E3C PC=3FD4 -- 003FD4: btst    #$6, ($7c,A1)
D0=1 D1=100F00 D2=0 D3=FFFF D4=10404400 D5=84418510 D6=84418510 D7=FFFF A0=3C0002 A1=100F00 A2=F6CD8 A3=108F40 A4=710F10EC A5=108000 A6=108E3C PC=3FDA -- 003FDA: bne     $400c
D0=1 D1=100F00 D2=0 D3=FFFF D4=10404400 D5=84418510 D6=84418510 D7=FFFF A0=3C0002 A1=100F00 A2=F6CD8 A3=108F40 A4=710F10EC A5=108000 A6=108E3C PC=3FDE -- 003FDE: moveq   #$0, D1
D0=1 D1=0 D2=0 D3=FFFF D4=10404400 D5=84418510 D6=84418510 D7=FFFF A0=3C0002 A1=100F00 A2=F6CD8 A3=108F40 A4=710F10EC A5=108000 A6=108E3C PC=3FE0 -- 003FE0: move.b  ($82,A1), D1
D0=1 D1=0 D2=0 D3=FFFF D4=10404400 D5=84418510 D6=84418510 D7=FFFF A0=3C0002 A1=100F00 A2=F6CD8 A3=108F40 A4=710F10EC A5=108000 A6=108E3C PC=3FE4 -- 003FE4: add.w   D1, D1
D0=1 D1=0 D2=0 D3=FFFF D4=10404400 D5=84418510 D6=84418510 D7=FFFF A0=3C0002 A1=100F00 A2=F6CD8 A3=108F40 A4=710F10EC A5=108000 A6=108E3C PC=3FE6 -- 003FE6: add.w   D1, D1
D0=1 D1=0 D2=0 D3=FFFF D4=10404400 D5=84418510 D6=84418510 D7=FFFF A0=3C0002 A1=100F00 A2=F6CD8 A3=108F40 A4=710F10EC A5=108000 A6=108E3C PC=3FE8 -- 003FE8: move.w  ($18,A1), D0
D0=68 D1=0 D2=0 D3=FFFF D4=10404400 D5=84418510 D6=84418510 D7=FFFF A0=3C0002 A1=100F00 A2=F6CD8 A3=108F40 A4=710F10EC A5=108000 A6=108E3C PC=3FEC -- 003FEC: lea     ($104c,A5), A6
D0=68 D1=0 D2=0 D3=FFFF D4=10404400 D5=84418510 D6=84418510 D7=FFFF A0=3C0002 A1=100F00 A2=F6CD8 A3=108F40 A4=710F10EC A5=108000 A6=10904C PC=3FF0 -- 003FF0: sub.w   (A6,D1.w), D0
D0=68 D1=0 D2=0 D3=FFFF D4=10404400 D5=84418510 D6=84418510 D7=FFFF A0=3C0002 A1=100F00 A2=F6CD8 A3=108F40 A4=710F10EC A5=108000 A6=10904C PC=3FF4 -- 003FF4: move.w  D0, ($24,A1)
D0=68 D1=0 D2=0 D3=FFFF D4=10404400 D5=84418510 D6=84418510 D7=FFFF A0=3C0002 A1=100F00 A2=F6CD8 A3=108F40 A4=710F10EC A5=108000 A6=10904C PC=3FF8 -- 003FF8: move.w  ($1c,A1), D0
D0=70 D1=0 D2=0 D3=FFFF D4=10404400 D5=84418510 D6=84418510 D7=FFFF A0=3C0002 A1=100F00 A2=F6CD8 A3=108F40 A4=710F10EC A5=108000 A6=10904C PC=3FFC -- 003FFC: sub.w   ($20,A1), D0
D0=70 D1=0 D2=0 D3=FFFF D4=10404400 D5=84418510 D6=84418510 D7=FFFF A0=3C0002 A1=100F00 A2=F6CD8 A3=108F40 A4=710F10EC A5=108000 A6=10904C PC=4000 -- 004000: lea     ($1058,A5), A6
D0=70 D1=0 D2=0 D3=FFFF D4=10404400 D5=84418510 D6=84418510 D7=FFFF A0=3C0002 A1=100F00 A2=F6CD8 A3=108F40 A4=710F10EC A5=108000 A6=109058 PC=4004 -- 004004: sub.w   (A6,D1.w), D0
D0=70 D1=0 D2=0 D3=FFFF D4=10404400 D5=84418510 D6=84418510 D7=FFFF A0=3C0002 A1=100F00 A2=F6CD8 A3=108F40 A4=710F10EC A5=108000 A6=109058 PC=4008 -- 004008: move.w  D0, ($26,A1)
D0=70 D1=0 D2=0 D3=FFFF D4=10404400 D5=84418510 D6=84418510 D7=FFFF A0=3C0002 A1=100F00 A2=F6CD8 A3=108F40 A4=710F10EC A5=108000 A6=109058 PC=400C -- 00400C: tst.b   ($3a66,A5)
D0=70 D1=0 D2=0 D3=FFFF D4=10404400 D5=84418510 D6=84418510 D7=FFFF A0=3C0002 A1=100F00 A2=F6CD8 A3=108F40 A4=710F10EC A5=108000 A6=109058 PC=4010 -- 004010: bmi     $4018
D0=70 D1=0 D2=0 D3=FFFF D4=10404400 D5=84418510 D6=84418510 D7=FFFF A0=3C0002 A1=100F00 A2=F6CD8 A3=108F40 A4=710F10EC A5=108000 A6=109058 PC=4012 -- 004012: bsr     $4088
D0=70 D1=0 D2=0 D3=FFFF D4=10404400 D5=84418510 D6=84418510 D7=FFFF A0=3C0002 A1=100F00 A2=F6CD8 A3=108F40 A4=710F10EC A5=108000 A6=109058 PC=4088 -- 004088: move.w  (A4), D0
D0=0 D1=0 D2=0 D3=FFFF D4=10404400 D5=84418510 D6=84418510 D7=FFFF A0=3C0002 A1=100F00 A2=F6CD8 A3=108F40 A4=710F10EC A5=108000 A6=109058 PC=408A -- 00408A: move.b  ($31,A1), D1
D0=0 D1=0 D2=0 D3=FFFF D4=10404400 D5=84418510 D6=84418510 D7=FFFF A0=3C0002 A1=100F00 A2=F6CD8 A3=108F40 A4=710F10EC A5=108000 A6=109058 PC=408E -- 00408E: move.b  ($4,A4), D2
D0=0 D1=0 D2=0 D3=FFFF D4=10404400 D5=84418510 D6=84418510 D7=FFFF A0=3C0002 A1=100F00 A2=F6CD8 A3=108F40 A4=710F10EC A5=108000 A6=109058 PC=4092 -- 004092: rol.b   #2, D2
D0=0 D1=0 D2=0 D3=FFFF D4=10404400 D5=84418510 D6=84418510 D7=FFFF A0=3C0002 A1=100F00 A2=F6CD8 A3=108F40 A4=710F10EC A5=108000 A6=109058 PC=4094 -- 004094: eor.w   D2, D1
D0=0 D1=0 D2=0 D3=FFFF D4=10404400 D5=84418510 D6=84418510 D7=FFFF A0=3C0002 A1=100F00 A2=F6CD8 A3=108F40 A4=710F10EC A5=108000 A6=109058 PC=4096 -- 004096: andi.w  #$3, D1
D0=0 D1=0 D2=0 D3=FFFF D4=10404400 D5=84418510 D6=84418510 D7=FFFF A0=3C0002 A1=100F00 A2=F6CD8 A3=108F40 A4=710F10EC A5=108000 A6=109058 PC=409A -- 00409A: move.w  D1, ($790,A5)
D0=0 D1=0 D2=0 D3=FFFF D4=10404400 D5=84418510 D6=84418510 D7=FFFF A0=3C0002 A1=100F00 A2=F6CD8 A3=108F40 A4=710F10EC A5=108000 A6=109058 PC=409E -- 00409E: andi.w  #$1, D1
D0=0 D1=0 D2=0 D3=FFFF D4=10404400 D5=84418510 D6=84418510 D7=FFFF A0=3C0002 A1=100F00 A2=F6CD8 A3=108F40 A4=710F10EC A5=108000 A6=109058 PC=40A2 -- 0040A2: beq     $40ae
D0=0 D1=0 D2=0 D3=FFFF D4=10404400 D5=84418510 D6=84418510 D7=FFFF A0=3C0002 A1=100F00 A2=F6CD8 A3=108F40 A4=710F10EC A5=108000 A6=109058 PC=40AE -- 0040AE: moveq   #$0, D1
D0=0 D1=0 D2=0 D3=FFFF D4=10404400 D5=84418510 D6=84418510 D7=FFFF A0=3C0002 A1=100F00 A2=F6CD8 A3=108F40 A4=710F10EC A5=108000 A6=109058 PC=40B0 -- 0040B0: move.b  ($68,A1), D1
D0=0 D1=FF D2=0 D3=FFFF D4=10404400 D5=84418510 D6=84418510 D7=FFFF A0=3C0002 A1=100F00 A2=F6CD8 A3=108F40 A4=710F10EC A5=108000 A6=109058 PC=40B4 -- 0040B4: addq.w  #1, D1
D0=0 D1=100 D2=0 D3=FFFF D4=10404400 D5=84418510 D6=84418510 D7=FFFF A0=3C0002 A1=100F00 A2=F6CD8 A3=108F40 A4=710F10EC A5=108000 A6=109058 PC=40B6 -- 0040B6: muls.w  D1, D0
D0=0 D1=100 D2=0 D3=FFFF D4=10404400 D5=84418510 D6=84418510 D7=FFFF A0=3C0002 A1=100F00 A2=F6CD8 A3=108F40 A4=710F10EC A5=108000 A6=109058 PC=40B8 -- 0040B8: lsr.l   #8, D0
D0=0 D1=100 D2=0 D3=FFFF D4=10404400 D5=84418510 D6=84418510 D7=FFFF A0=3C0002 A1=100F00 A2=F6CD8 A3=108F40 A4=710F10EC A5=108000 A6=109058 PC=40BA -- 0040BA: add.w   ($24,A1), D0
D0=68 D1=100 D2=0 D3=FFFF D4=10404400 D5=84418510 D6=84418510 D7=FFFF A0=3C0002 A1=100F00 A2=F6CD8 A3=108F40 A4=710F10EC A5=108000 A6=109058 PC=40BE -- 0040BE: lsl.w   #7, D0
D0=3400 D1=100 D2=0 D3=FFFF D4=10404400 D5=84418510 D6=84418510 D7=FFFF A0=3C0002 A1=100F00 A2=F6CD8 A3=108F40 A4=710F10EC A5=108000 A6=109058 PC=40C0 -- 0040C0: move.w  D6, (-$2,A0)
D0=3400 D1=100 D2=0 D3=FFFF D4=10404400 D5=84418510 D6=84418510 D7=FFFF A0=3C0002 A1=100F00 A2=F6CD8 A3=108F40 A4=710F10EC A5=108000 A6=109058 PC=40C4 -- 0040C4: move.w  D0, (A0)
D0=3400 D1=100 D2=0 D3=FFFF D4=10404400 D5=84418510 D6=84418510 D7=FFFF A0=3C0002 A1=100F00 A2=F6CD8 A3=108F40 A4=710F10EC A5=108000 A6=109058 PC=40C6 -- 0040C6: moveq   #$0, D0
D0=0 D1=100 D2=0 D3=FFFF D4=10404400 D5=84418510 D6=84418510 D7=FFFF A0=3C0002 A1=100F00 A2=F6CD8 A3=108F40 A4=710F10EC A5=108000 A6=109058 PC=40C8 -- 0040C8: move.b  (A2), D0
D0=1 D1=100 D2=0 D3=FFFF D4=10404400 D5=84418510 D6=84418510 D7=FFFF A0=3C0002 A1=100F00 A2=F6CD8 A3=108F40 A4=710F10EC A5=108000 A6=109058 PC=40CA -- 0040CA: add.w   D0, D6
D0=1 D1=100 D2=0 D3=FFFF D4=10404400 D5=84418511 D6=84418511 D7=FFFF A0=3C0002 A1=100F00 A2=F6CD8 A3=108F40 A4=710F10EC A5=108000 A6=109058 PC=40CC -- 0040CC: move.w  ($2,A4), D0
D0=FFFF D1=100 D2=0 D3=FFFF D4=10404400 D5=84418511 D6=84418511 D7=FFFF A0=3C0002 A1=100F00 A2=F6CD8 A3=108F40 A4=710F10EC A5=108000 A6=109058 PC=40D0 -- 0040D0: btst    #$1, ($791,A5)
D0=FFFF D1=100 D2=0 D3=FFFF D4=10404400 D5=84418511 D6=84418511 D7=FFFF A0=3C0002 A1=100F00 A2=F6CD8 A3=108F40 A4=710F10EC A5=108000 A6=109058 PC=40D6 -- 0040D6: beq     $40e4
D0=FFFF D1=100 D2=0 D3=FFFF D4=10404400 D5=84418511 D6=84418511 D7=FFFF A0=3C0002 A1=100F00 A2=F6CD8 A3=108F40 A4=710F10EC A5=108000 A6=109058 PC=40E4 -- 0040E4: moveq   #$0, D1
D0=FFFF D1=0 D2=0 D3=FFFF D4=10404400 D5=84418511 D6=84418511 D7=FFFF A0=3C0002 A1=100F00 A2=F6CD8 A3=108F40 A4=710F10EC A5=108000 A6=109058 PC=40E6 -- 0040E6: move.b  ($69,A1), D1
D0=FFFF D1=FF D2=0 D3=FFFF D4=10404400 D5=84418511 D6=84418511 D7=FFFF A0=3C0002 A1=100F00 A2=F6CD8 A3=108F40 A4=710F10EC A5=108000 A6=109058 PC=40EA -- 0040EA: addq.w  #1, D1
D0=FFFF D1=100 D2=0 D3=FFFF D4=10404400 D5=84418511 D6=84418511 D7=FFFF A0=3C0002 A1=100F00 A2=F6CD8 A3=108F40 A4=710F10EC A5=108000 A6=109058 PC=40EC -- 0040EC: muls.w  D1, D0
D0=FFFFFF00 D1=100 D2=0 D3=FFFF D4=10404400 D5=84418511 D6=84418511 D7=FFFF A0=3C0002 A1=100F00 A2=F6CD8 A3=108F40 A4=710F10EC A5=108000 A6=109058 PC=40EE -- 0040EE: lsr.l   #8, D0
D0=FFFFFF D1=100 D2=0 D3=FFFF D4=10404400 D5=84418511 D6=84418511 D7=FFFF A0=3C0002 A1=100F00 A2=F6CD8 A3=108F40 A4=710F10EC A5=108000 A6=109058 PC=40F0 -- 0040F0: add.w   ($26,A1), D0
D0=FF006F D1=100 D2=0 D3=FFFF D4=10404400 D5=84418511 D6=84418511 D7=FFFF A0=3C0002 A1=100F00 A2=F6CD8 A3=108F40 A4=710F10EC A5=108000 A6=109058 PC=40F4 -- 0040F4: neg.w   D0
D0=FFFF91 D1=100 D2=0 D3=FFFF D4=10404400 D5=84418511 D6=84418511 D7=FFFF A0=3C0002 A1=100F00 A2=F6CD8 A3=108F40 A4=710F10EC A5=108000 A6=109058 PC=40F6 -- 0040F6: addi.w  #$1ff, D0
D0=FF0190 D1=100 D2=0 D3=FFFF D4=10404400 D5=84418511 D6=84418511 D7=FFFF A0=3C0002 A1=100F00 A2=F6CD8 A3=108F40 A4=710F10EC A5=108000 A6=109058 PC=40FA -- 0040FA: lsl.w   #7, D0
D0=FFC800 D1=100 D2=0 D3=FFFF D4=10404400 D5=84418511 D6=84418511 D7=FFFF A0=3C0002 A1=100F00 A2=F6CD8 A3=108F40 A4=710F10EC A5=108000 A6=109058 PC=40FC -- 0040FC: bsr     $4772
D0=FFC800 D1=100 D2=0 D3=FFFF D4=10404400 D5=84418511 D6=84418511 D7=FFFF A0=3C0002 A1=100F00 A2=F6CD8 A3=108F40 A4=710F10EC A5=108000 A6=109058 PC=4772 -- 004772: move.w  D0, -(A7)
D0=FFC800 D1=100 D2=0 D3=FFFF D4=10404400 D5=84418511 D6=84418511 D7=FFFF A0=3C0002 A1=100F00 A2=F6CD8 A3=108F40 A4=710F10EC A5=108000 A6=109058 PC=4774 -- 004774: moveq   #-$1, D0
D0=FFFFFFFF D1=100 D2=0 D3=FFFF D4=10404400 D5=84418511 D6=84418511 D7=FFFF A0=3C0002 A1=100F00 A2=F6CD8 A3=108F40 A4=710F10EC A5=108000 A6=109058 PC=4776 -- 004776: moveq   #$0, D1
D0=FFFFFFFF D1=0 D2=0 D3=FFFF D4=10404400 D5=84418511 D6=84418511 D7=FFFF A0=3C0002 A1=100F00 A2=F6CD8 A3=108F40 A4=710F10EC A5=108000 A6=109058 PC=4778 -- 004778: move.b  ($1,A2), D1
D0=FFFFFFFF D1=1 D2=0 D3=FFFF D4=10404400 D5=84418511 D6=84418511 D7=FFFF A0=3C0002 A1=100F00 A2=F6CD8 A3=108F40 A4=710F10EC A5=108000 A6=109058 PC=477C -- 00477C: cmpi.b  #-$1, ($69,A1)
D0=FFFFFFFF D1=1 D2=0 D3=FFFF D4=10404400 D5=84418511 D6=84418511 D7=FFFF A0=3C0002 A1=100F00 A2=F6CD8 A3=108F40 A4=710F10EC A5=108000 A6=109058 PC=4782 -- 004782: beq     $47b4
D0=FFFFFFFF D1=1 D2=0 D3=FFFF D4=10404400 D5=84418511 D6=84418511 D7=FFFF A0=3C0002 A1=100F00 A2=F6CD8 A3=108F40 A4=710F10EC A5=108000 A6=109058 PC=47B4 -- 0047B4: move.b  D0, ($78f,A5)
D0=FFFFFFFF D1=1 D2=0 D3=FFFF D4=10404400 D5=84418511 D6=84418511 D7=FFFF A0=3C0002 A1=100F00 A2=F6CD8 A3=108F40 A4=710F10EC A5=108000 A6=109058 PC=47B8 -- 0047B8: move.b  D1, ($78e,A5)
D0=FFFFFFFF D1=1 D2=0 D3=FFFF D4=10404400 D5=84418511 D6=84418511 D7=FFFF A0=3C0002 A1=100F00 A2=F6CD8 A3=108F40 A4=710F10EC A5=108000 A6=109058 PC=47BC -- 0047BC: move.w  (A7)+, D0
D0=FFFFC800 D1=1 D2=0 D3=FFFF D4=10404400 D5=84418511 D6=84418511 D7=FFFF A0=3C0002 A1=100F00 A2=F6CD8 A3=108F40 A4=710F10EC A5=108000 A6=109058 PC=47BE -- 0047BE: rts
D0=FFFFC800 D1=1 D2=0 D3=FFFF D4=10404400 D5=84418511 D6=84418511 D7=FFFF A0=3C0002 A1=100F00 A2=F6CD8 A3=108F40 A4=710F10EC A5=108000 A6=109058 PC=4100 -- 004100: add.b   ($78e,A5), D0
D0=FFFFC801 D1=1 D2=0 D3=FFFF D4=10404400 D5=84418511 D6=84418511 D7=FFFF A0=3C0002 A1=100F00 A2=F6CD8 A3=108F40 A4=710F10EC A5=108000 A6=109058 PC=4104 -- 004104: move.w  D0, (A3)+
D0=FFFFC801 D1=1 D2=0 D3=FFFF D4=10404400 D5=84418511 D6=84418511 D7=FFFF A0=3C0002 A1=100F00 A2=F6CD8 A3=108F42 A4=710F10EC A5=108000 A6=109058 PC=4106 -- 004106: moveq   #$0, D0
D0=0 D1=1 D2=0 D3=FFFF D4=10404400 D5=84418511 D6=84418511 D7=FFFF A0=3C0002 A1=100F00 A2=F6CD8 A3=108F42 A4=710F10EC A5=108000 A6=109058 PC=4108 -- 004108: move.b  (A2), D0
D0=1 D1=1 D2=0 D3=FFFF D4=10404400 D5=84418511 D6=84418511 D7=FFFF A0=3C0002 A1=100F00 A2=F6CD8 A3=108F42 A4=710F10EC A5=108000 A6=109058 PC=410A -- 00410A: subq.b  #2, D0
D0=FF D1=1 D2=0 D3=FFFF D4=10404400 D5=84418511 D6=84418511 D7=FFFF A0=3C0002 A1=100F00 A2=F6CD8 A3=108F42 A4=710F10EC A5=108000 A6=109058 PC=410C -- 00410C: bmi     $4118
D0=FF D1=1 D2=0 D3=FFFF D4=10404400 D5=84418511 D6=84418511 D7=FFFF A0=3C0002 A1=100F00 A2=F6CD8 A3=108F42 A4=710F10EC A5=108000 A6=109058 PC=4118 -- 004118: move.w  #$1, ($2,A0)
D0=FF D1=1 D2=0 D3=FFFF D4=10404400 D5=84418511 D6=84418511 D7=FFFF A0=3C0002 A1=100F00 A2=F6CD8 A3=108F42 A4=710F10EC A5=108000 A6=109058 PC=411E -- 00411E: move.w  D5, (-$2,A0)
D0=FF D1=1 D2=0 D3=FFFF D4=10404400 D5=84418511 D6=84418511 D7=FFFF A0=3C0002 A1=100F00 A2=F6CD8 A3=108F42 A4=710F10EC A5=108000 A6=109058 PC=4122 -- 004122: moveq   #$0, D1
D0=FF D1=0 D2=0 D3=FFFF D4=10404400 D5=84418511 D6=84418511 D7=FFFF A0=3C0002 A1=100F00 A2=F6CD8 A3=108F42 A4=710F10EC A5=108000 A6=109058 PC=4124 -- 004124: move.b  ($68,A1), D0
D0=FF D1=0 D2=0 D3=FFFF D4=10404400 D5=84418511 D6=84418511 D7=FFFF A0=3C0002 A1=100F00 A2=F6CD8 A3=108F42 A4=710F10EC A5=108000 A6=109058 PC=4128 -- 004128: move.b  D0, D1
D0=FF D1=FF D2=0 D3=FFFF D4=10404400 D5=84418511 D6=84418511 D7=FFFF A0=3C0002 A1=100F00 A2=F6CD8 A3=108F42 A4=710F10EC A5=108000 A6=109058 PC=412A -- 00412A: andi.w  #$f, D0
D0=F D1=FF D2=0 D3=FFFF D4=10404400 D5=84418511 D6=84418511 D7=FFFF A0=3C0002 A1=100F00 A2=F6CD8 A3=108F42 A4=710F10EC A5=108000 A6=109058 PC=412E -- 00412E: lsr.b   #4, D1
D0=F D1=F D2=0 D3=FFFF D4=10404400 D5=84418511 D6=84418511 D7=FFFF A0=3C0002 A1=100F00 A2=F6CD8 A3=108F42 A4=710F10EC A5=108000 A6=109058 PC=4130 -- 004130: tst.b   D1
D0=F D1=F D2=0 D3=FFFF D4=10404400 D5=84418511 D6=84418511 D7=FFFF A0=3C0002 A1=100F00 A2=F6CD8 A3=108F42 A4=710F10EC A5=108000 A6=109058 PC=4132 -- 004132: beq     $4164
D0=F D1=F D2=0 D3=FFFF D4=10404400 D5=84418511 D6=84418511 D7=FFFF A0=3C0002 A1=100F00 A2=F6CD8 A3=108F42 A4=710F10EC A5=108000 A6=109058 PC=4134 -- 004134: lea     $4f9d2.l, A6
D0=F D1=F D2=0 D3=FFFF D4=10404400 D5=84418511 D6=84418511 D7=FFFF A0=3C0002 A1=100F00 A2=F6CD8 A3=108F42 A4=710F10EC A5=108000 A6=4F9D2 PC=413A -- 00413A: lsl.w   #5, D0
D0=1E0 D1=F D2=0 D3=FFFF D4=10404400 D5=84418511 D6=84418511 D7=FFFF A0=3C0002 A1=100F00 A2=F6CD8 A3=108F42 A4=710F10EC A5=108000 A6=4F9D2 PC=413C -- 00413C: adda.w  D0, A6
D0=1E0 D1=F D2=0 D3=FFFF D4=10404400 D5=84418511 D6=84418511 D7=FFFF A0=3C0002 A1=100F00 A2=F6CD8 A3=108F42 A4=710F10EC A5=108000 A6=4FBB2 PC=413E -- 00413E: moveq   #$f, D0
D0=F D1=F D2=0 D3=FFFF D4=10404400 D5=84418511 D6=84418511 D7=FFFF A0=3C0002 A1=100F00 A2=F6CD8 A3=108F42 A4=710F10EC A5=108000 A6=4FBB2 PC=4140 -- 004140: moveq   #$0, D2
D0=F D1=F D2=0 D3=FFFF D4=10404400 D5=84418511 D6=84418511 D7=FFFF A0=3C0002 A1=100F00 A2=F6CD8 A3=108F42 A4=710F10EC A5=108000 A6=4FBB2 PC=4142 -- 004142: move.b  (A2), D2
D0=F D1=F D2=1 D3=FFFF D4=10404400 D5=84418511 D6=84418511 D7=FFFF A0=3C0002 A1=100F00 A2=F6CD8 A3=108F42 A4=710F10EC A5=108000 A6=4FBB2 PC=4144 -- 004144: lsr.w   #1, D2
D0=F D1=F D2=0 D3=FFFF D4=10404400 D5=84418511 D6=84418511 D7=FFFF A0=3C0002 A1=100F00 A2=F6CD8 A3=108F42 A4=710F10EC A5=108000 A6=4FBB2 PC=4146 -- 004146: sub.w   D2, D0
D0=F D1=F D2=0 D3=FFFF D4=10404400 D5=84418511 D6=84418511 D7=FFFF A0=3C0002 A1=100F00 A2=F6CD8 A3=108F42 A4=710F10EC A5=108000 A6=4FBB2 PC=4148 -- 004148: adda.l  D0, A6
D0=F D1=F D2=0 D3=FFFF D4=10404400 D5=84418511 D6=84418511 D7=FFFF A0=3C0002 A1=100F00 A2=F6CD8 A3=108F42 A4=710F10EC A5=108000 A6=4FBC1 PC=414A -- 00414A: move.b  (A2), D0
D0=1 D1=F D2=0 D3=FFFF D4=10404400 D5=84418511 D6=84418511 D7=FFFF A0=3C0002 A1=100F00 A2=F6CD8 A3=108F42 A4=710F10EC A5=108000 A6=4FBC1 PC=414C -- 00414C: add.w   D0, D5
D0=1 D1=F D2=0 D3=FFFF D4=10404400 D5=84418511 D6=84418511 D7=FFFF A0=3C0002 A1=100F00 A2=F6CD8 A3=108F42 A4=710F10EC A5=108000 A6=4FBC1 PC=414E -- 00414E: subq.b  #1, D0
D0=0 D1=F D2=0 D3=FFFF D4=10404400 D5=84418511 D6=84418511 D7=FFFF A0=3C0002 A1=100F00 A2=F6CD8 A3=108F42 A4=710F10EC A5=108000 A6=4FBC1 PC=4150 -- 004150: move.b  D1, D2
D0=0 D1=F D2=F D3=FFFF D4=10404400 D5=84418511 D6=84418511 D7=FFFF A0=3C0002 A1=100F00 A2=F6CD8 A3=108F42 A4=710F10EC A5=108000 A6=4FBC1 PC=4152 -- 004152: sub.b   (A6)+, D2
D0=0 D1=F D2=F D3=FFFF D4=10404400 D5=84418511 D6=84418511 D7=FFFF A0=3C0002 A1=100F00 A2=F6CD8 A3=108F42 A4=710F10EC A5=108000 A6=4FBC2 PC=4154 -- 004154: lsl.w   #8, D2
D0=0 D1=F D2=F00 D3=FFFF D4=10404400 D5=84418511 D6=84418511 D7=FFFF A0=3C0002 A1=100F00 A2=F6CD8 A3=108F42 A4=710F10EC A5=108000 A6=4FBC2 PC=4156 -- 004156: move.b  ($69,A1), D2
D0=0 D1=F D2=FFF D3=FFFF D4=10404400 D5=84418511 D6=84418511 D7=FFFF A0=3C0002 A1=100F00 A2=F6CD8 A3=108F42 A4=710F10EC A5=108000 A6=4FBC2 PC=415A -- 00415A: move.w  D2, (A0)
D0=0 D1=F D2=FFF D3=FFFF D4=10404400 D5=84418511 D6=84418511 D7=FFFF A0=3C0002 A1=100F00 A2=F6CD8 A3=108F42 A4=710F10EC A5=108000 A6=4FBC2 PC=415C -- 00415C: dbra    D0, $4150
D0=FFFF D1=F D2=FFF D3=FFFF D4=10404400 D5=84418511 D6=84418511 D7=FFFF A0=3C0002 A1=100F00 A2=F6CD8 A3=108F42 A4=710F10EC A5=108000 A6=4FBC2 PC=4160 -- 004160: bra     $4178
D0=FFFF D1=F D2=FFF D3=FFFF D4=10404400 D5=84418511 D6=84418511 D7=FFFF A0=3C0002 A1=100F00 A2=F6CD8 A3=108F42 A4=710F10EC A5=108000 A6=4FBC2 PC=4178 -- 004178: move.b  ($2,A2), D0
D0=FFC6 D1=F D2=FFF D3=FFFF D4=10404400 D5=84418511 D6=84418511 D7=FFFF A0=3C0002 A1=100F00 A2=F6CD8 A3=108F42 A4=710F10EC A5=108000 A6=4FBC2 PC=417C -- 00417C: tst.b   ($80,A1)
D0=FFC6 D1=F D2=FFF D3=FFFF D4=10404400 D5=84418511 D6=84418511 D7=FFFF A0=3C0002 A1=100F00 A2=F6CD8 A3=108F42 A4=710F10EC A5=108000 A6=4FBC2 PC=4180 -- 004180: beq     $4188
D0=FFC6 D1=F D2=FFF D3=FFFF D4=10404400 D5=84418511 D6=84418511 D7=FFFF A0=3C0002 A1=100F00 A2=F6CD8 A3=108F42 A4=710F10EC A5=108000 A6=4FBC2 PC=4188 -- 004188: add.b   ($30,A1), D0
D0=FFC6 D1=F D2=FFF D3=FFFF D4=10404400 D5=84418511 D6=84418511 D7=FFFF A0=3C0002 A1=100F00 A2=F6CD8 A3=108F42 A4=710F10EC A5=108000 A6=4FBC2 PC=418C -- 00418C: lsl.w   #8, D0
D0=C600 D1=F D2=FFF D3=FFFF D4=10404400 D5=84418511 D6=84418511 D7=FFFF A0=3C0002 A1=100F00 A2=F6CD8 A3=108F42 A4=710F10EC A5=108000 A6=4FBC2 PC=418E -- 00418E: tst.b   ($3,A2)
D0=C600 D1=F D2=FFF D3=FFFF D4=10404400 D5=84418511 D6=84418511 D7=FFFF A0=3C0002 A1=100F00 A2=F6CD8 A3=108F42 A4=710F10EC A5=108000 A6=4FBC2 PC=4192 -- 004192: beq     $4198
D0=C600 D1=F D2=FFF D3=FFFF D4=10404400 D5=84418511 D6=84418511 D7=FFFF A0=3C0002 A1=100F00 A2=F6CD8 A3=108F42 A4=710F10EC A5=108000 A6=4FBC2 PC=4194 -- 004194: move.b  #$10, D0
D0=C610 D1=F D2=FFF D3=FFFF D4=10404400 D5=84418511 D6=84418511 D7=FFFF A0=3C0002 A1=100F00 A2=F6CD8 A3=108F42 A4=710F10EC A5=108000 A6=4FBC2 PC=4198 -- 004198: move.w  ($4,A2), D1
D0=C610 D1=DCA5 D2=FFF D3=FFFF D4=10404400 D5=84418511 D6=84418511 D7=FFFF A0=3C0002 A1=100F00 A2=F6CD8 A3=108F42 A4=710F10EC A5=108000 A6=4FBC2 PC=419C -- 00419C: moveq   #$0, D3
D0=C610 D1=DCA5 D2=FFF D3=0 D4=10404400 D5=84418511 D6=84418511 D7=FFFF A0=3C0002 A1=100F00 A2=F6CD8 A3=108F42 A4=710F10EC A5=108000 A6=4FBC2 PC=419E -- 00419E: move.b  (A2), D3
D0=C610 D1=DCA5 D2=FFF D3=1 D4=10404400 D5=84418511 D6=84418511 D7=FFFF A0=3C0002 A1=100F00 A2=F6CD8 A3=108F42 A4=710F10EC A5=108000 A6=4FBC2 PC=41A0 -- 0041A0: subq.b  #1, D3
D0=C610 D1=DCA5 D2=FFF D3=0 D4=10404400 D5=84418511 D6=84418511 D7=FFFF A0=3C0002 A1=100F00 A2=F6CD8 A3=108F42 A4=710F10EC A5=108000 A6=4FBC2 PC=41A2 -- 0041A2: move.w  ($790,A5), D7
D0=C610 D1=DCA5 D2=FFF D3=0 D4=10404400 D5=84418511 D6=84418511 D7=0 A0=3C0002 A1=100F00 A2=F6CD8 A3=108F42 A4=710F10EC A5=108000 A6=4FBC2 PC=41A6 -- 0041A6: add.w   D7, D7
D0=C610 D1=DCA5 D2=FFF D3=0 D4=10404400 D5=84418511 D6=84418511 D7=0 A0=3C0002 A1=100F00 A2=F6CD8 A3=108F42 A4=710F10EC A5=108000 A6=4FBC2 PC=41A8 -- 0041A8: add.w   D7, D7
D0=C610 D1=DCA5 D2=FFF D3=0 D4=10404400 D5=84418511 D6=84418511 D7=0 A0=3C0002 A1=100F00 A2=F6CD8 A3=108F42 A4=710F10EC A5=108000 A6=4FBC2 PC=41AA -- 0041AA: movea.l ($4,PC,D7.w), A6
D0=C610 D1=DCA5 D2=FFF D3=0 D4=10404400 D5=84418511 D6=84418511 D7=0 A0=3C0002 A1=100F00 A2=F6CD8 A3=108F42 A4=710F10EC A5=108000 A6=428C PC=41AE -- 0041AE: jmp     (A6)
D0=C610 D1=DCA5 D2=FFF D3=0 D4=10404400 D5=84418511 D6=84418511 D7=0 A0=3C0002 A1=100F00 A2=F6CD8 A3=108F42 A4=710F10EC A5=108000 A6=428C PC=428C -- 00428C: lea     ($6,A2), A6
D0=C610 D1=DCA5 D2=FFF D3=0 D4=10404400 D5=84418511 D6=84418511 D7=0 A0=3C0002 A1=100F00 A2=F6CD8 A3=108F42 A4=710F10EC A5=108000 A6=F6CDE PC=4290 -- 004290: move.w  #$1, ($2,A0)
D0=C610 D1=DCA5 D2=FFF D3=0 D4=10404400 D5=84418511 D6=84418511 D7=0 A0=3C0002 A1=100F00 A2=F6CD8 A3=108F42 A4=710F10EC A5=108000 A6=F6CDE PC=4296 -- 004296: moveq   #$0, D7
D0=C610 D1=DCA5 D2=FFF D3=0 D4=10404400 D5=84418511 D6=84418511 D7=0 A0=3C0002 A1=100F00 A2=F6CD8 A3=108F42 A4=710F10EC A5=108000 A6=F6CDE PC=4298 -- 004298: move.b  ($1,A2), D7
D0=C610 D1=DCA5 D2=FFF D3=0 D4=10404400 D5=84418511 D6=84418511 D7=1 A0=3C0002 A1=100F00 A2=F6CD8 A3=108F42 A4=710F10EC A5=108000 A6=F6CDE PC=429C -- 00429C: subq.b  #1, D7
D0=C610 D1=DCA5 D2=FFF D3=0 D4=10404400 D5=84418511 D6=84418511 D7=0 A0=3C0002 A1=100F00 A2=F6CD8 A3=108F42 A4=710F10EC A5=108000 A6=F6CDE PC=429E -- 00429E: move.w  (A6)+, D2
D0=C610 D1=DCA5 D2=8000 D3=0 D4=10404400 D5=84418511 D6=84418511 D7=0 A0=3C0002 A1=100F00 A2=F6CD8 A3=108F42 A4=710F10EC A5=108000 A6=F6CE0 PC=42A0 -- 0042A0: move.w  D4, (-$2,A0)
D0=C610 D1=DCA5 D2=8000 D3=0 D4=10404400 D5=84418511 D6=84418511 D7=0 A0=3C0002 A1=100F00 A2=F6CD8 A3=108F42 A4=710F10EC A5=108000 A6=F6CE0 PC=42A4 -- 0042A4: add.w   D2, D2
D0=C610 D1=DCA5 D2=0 D3=0 D4=10404400 D5=84418511 D6=84418511 D7=0 A0=3C0002 A1=100F00 A2=F6CD8 A3=108F42 A4=710F10EC A5=108000 A6=F6CE0 PC=42A6 -- 0042A6: bcc     $42b8
D0=C610 D1=DCA5 D2=0 D3=0 D4=10404400 D5=84418511 D6=84418511 D7=0 A0=3C0002 A1=100F00 A2=F6CD8 A3=108F42 A4=710F10EC A5=108000 A6=F6CE0 PC=42A8 -- 0042A8: move.w  D1, (A0)
D0=C610 D1=DCA5 D2=0 D3=0 D4=10404400 D5=84418511 D6=84418511 D7=0 A0=3C0002 A1=100F00 A2=F6CD8 A3=108F42 A4=710F10EC A5=108000 A6=F6CE0 PC=42AA -- 0042AA: nop
D0=C610 D1=DCA5 D2=0 D3=0 D4=10404400 D5=84418511 D6=84418511 D7=0 A0=3C0002 A1=100F00 A2=F6CD8 A3=108F42 A4=710F10EC A5=108000 A6=F6CE0 PC=42AC -- 0042AC: move.w  D0, (A0)
D0=C610 D1=DCA5 D2=0 D3=0 D4=10404400 D5=84418511 D6=84418511 D7=0 A0=3C0002 A1=100F00 A2=F6CD8 A3=108F42 A4=710F10EC A5=108000 A6=F6CE0 PC=42AE -- 0042AE: addq.w  #1, D1
D0=C610 D1=DCA6 D2=0 D3=0 D4=10404400 D5=84418511 D6=84418511 D7=0 A0=3C0002 A1=100F00 A2=F6CD8 A3=108F42 A4=710F10EC A5=108000 A6=F6CE0 PC=42B0 -- 0042B0: bcc     $42c0
D0=C610 D1=DCA6 D2=0 D3=0 D4=10404400 D5=84418511 D6=84418511 D7=0 A0=3C0002 A1=100F00 A2=F6CD8 A3=108F42 A4=710F10EC A5=108000 A6=F6CE0 PC=42C0 -- 0042C0: dbra    D7, $42a4
D0=C610 D1=DCA6 D2=0 D3=0 D4=10404400 D5=84418511 D6=84418511 D7=FFFF A0=3C0002 A1=100F00 A2=F6CD8 A3=108F42 A4=710F10EC A5=108000 A6=F6CE0 PC=42C4 -- 0042C4: bsr     $47c0
D0=C610 D1=DCA6 D2=0 D3=0 D4=10404400 D5=84418511 D6=84418511 D7=FFFF A0=3C0002 A1=100F00 A2=F6CD8 A3=108F42 A4=710F10EC A5=108000 A6=F6CE0 PC=47C0 -- 0047C0: tst.b   ($78f,A5)
D0=C610 D1=DCA6 D2=0 D3=0 D4=10404400 D5=84418511 D6=84418511 D7=FFFF A0=3C0002 A1=100F00 A2=F6CD8 A3=108F42 A4=710F10EC A5=108000 A6=F6CE0 PC=47C4 -- 0047C4: bpl     $47c8
D0=C610 D1=DCA6 D2=0 D3=0 D4=10404400 D5=84418511 D6=84418511 D7=FFFF A0=3C0002 A1=100F00 A2=F6CD8 A3=108F42 A4=710F10EC A5=108000 A6=F6CE0 PC=47C6 -- 0047C6: rts
D0=C610 D1=DCA6 D2=0 D3=0 D4=10404400 D5=84418511 D6=84418511 D7=FFFF A0=3C0002 A1=100F00 A2=F6CD8 A3=108F42 A4=710F10EC A5=108000 A6=F6CE0 PC=42C8 -- 0042C8: addi.w  #$40, D4
D0=C610 D1=DCA6 D2=0 D3=0 D4=10404440 D5=84418511 D6=84418511 D7=FFFF A0=3C0002 A1=100F00 A2=F6CD8 A3=108F42 A4=710F10EC A5=108000 A6=F6CE0 PC=42CC -- 0042CC: dbra    D3, $4296
D0=C610 D1=DCA6 D2=0 D3=FFFF D4=10404440 D5=84418511 D6=84418511 D7=FFFF A0=3C0002 A1=100F00 A2=F6CD8 A3=108F42 A4=710F10EC A5=108000 A6=F6CE0 PC=42D0 -- 0042D0: rts
D0=C610 D1=DCA6 D2=0 D3=FFFF D4=10404440 D5=84418511 D6=84418511 D7=FFFF A0=3C0002 A1=100F00 A2=F6CD8 A3=108F42 A4=710F10EC A5=108000 A6=F6CE0 PC=4016 -- 004016: bra     $401c
D0=C610 D1=DCA6 D2=0 D3=FFFF D4=10404440 D5=84418511 D6=84418511 D7=FFFF A0=3C0002 A1=100F00 A2=F6CD8 A3=108F42 A4=710F10EC A5=108000 A6=F6CE0 PC=401C -- 00401C: movea.l (A7)+, A6
D0=C610 D1=DCA6 D2=0 D3=FFFF D4=10404440 D5=84418511 D6=84418511 D7=FFFF A0=3C0002 A1=100F00 A2=F6CD8 A3=108F42 A4=710F10EC A5=108000 A6=108E3C PC=401E -- 00401E: btst    #$5, ($4,A4)
D0=C610 D1=DCA6 D2=0 D3=FFFF D4=10404440 D5=84418511 D6=84418511 D7=FFFF A0=3C0002 A1=100F00 A2=F6CD8 A3=108F42 A4=710F10EC A5=108000 A6=108E3C PC=4024 -- 004024: beq     $4056
D0=C610 D1=DCA6 D2=0 D3=FFFF D4=10404440 D5=84418511 D6=84418511 D7=FFFF A0=3C0002 A1=100F00 A2=F6CD8 A3=108F42 A4=710F10EC A5=108000 A6=108E3C PC=4056 -- 004056: tst.b   ($7c,A1)
D0=C610 D1=DCA6 D2=0 D3=FFFF D4=10404440 D5=84418511 D6=84418511 D7=FFFF A0=3C0002 A1=100F00 A2=F6CD8 A3=108F42 A4=710F10EC A5=108000 A6=108E3C PC=405A -- 00405A: bpl     $4064
D0=C610 D1=DCA6 D2=0 D3=FFFF D4=10404440 D5=84418511 D6=84418511 D7=FFFF A0=3C0002 A1=100F00 A2=F6CD8 A3=108F42 A4=710F10EC A5=108000 A6=108E3C PC=4064 -- 004064: movea.l (A7)+, A0
D0=C610 D1=DCA6 D2=0 D3=FFFF D4=10404440 D5=84418511 D6=84418511 D7=FFFF A0=108906 A1=100F00 A2=F6CD8 A3=108F42 A4=710F10EC A5=108000 A6=108E3C PC=4066 -- 004066: subq.w  #1, ($e3a,A5)
D0=C610 D1=DCA6 D2=0 D3=FFFF D4=10404440 D5=84418511 D6=84418511 D7=FFFF A0=108906 A1=100F00 A2=F6CD8 A3=108F42 A4=710F10EC A5=108000 A6=108E3C PC=406A -- 00406A: bne     $3f32
D0=C610 D1=DCA6 D2=0 D3=FFFF D4=10404440 D5=84418511 D6=84418511 D7=FFFF A0=108906 A1=100F00 A2=F6CD8 A3=108F42 A4=710F10EC A5=108000 A6=108E3C PC=3F32 -- 003F32: move.w  (A0)+, D0
D0=D00 D1=DCA6 D2=0 D3=FFFF D4=10404440 D5=84418511 D6=84418511 D7=FFFF A0=108908 A1=100F00 A2=F6CD8 A3=108F42 A4=710F10EC A5=108000 A6=108E3C PC=3F34 -- 003F34: beq     $3f32
D0=D00 D1=DCA6 D2=0 D3=FFFF D4=10404440 D5=84418511 D6=84418511 D7=FFFF A0=108908 A1=100F00 A2=F6CD8 A3=108F42 A4=710F10EC A5=108000 A6=108E3C PC=3F36 -- 003F36: clr.w   (-$2,A0)
D0=D00 D1=DCA6 D2=0 D3=FFFF D4=10404440 D5=84418511 D6=84418511 D7=FFFF A0=108908 A1=100F00 A2=F6CD8 A3=108F42 A4=710F10EC A5=108000 A6=108E3C PC=3F3A -- 003F3A: move.l  A5, D1
D0=D00 D1=108000 D2=0 D3=FFFF D4=10404440 D5=84418511 D6=84418511 D7=FFFF A0=108908 A1=100F00 A2=F6CD8 A3=108F42 A4=710F10EC A5=108000 A6=108E3C PC=3F3C -- 003F3C: move.w  D0, D1
D0=D00 D1=100D00 D2=0 D3=FFFF D4=10404440 D5=84418511 D6=84418511 D7=FFFF A0=108908 A1=100F00 A2=F6CD8 A3=108F42 A4=710F10EC A5=108000 A6=108E3C PC=3F3E -- 003F3E: movea.l D1, A1
D0=D00 D1=100D00 D2=0 D3=FFFF D4=10404440 D5=84418511 D6=84418511 D7=FFFF A0=108908 A1=100D00 A2=F6CD8 A3=108F42 A4=710F10EC A5=108000 A6=108E3C PC=3F40 -- 003F40: movea.l ($28,A1), A2
D0=D00 D1=100D00 D2=0 D3=FFFF D4=10404440 D5=84418511 D6=84418511 D7=FFFF A0=108908 A1=100D00 A2=F6CF0 A3=108F42 A4=710F10EC A5=108000 A6=108E3C PC=3F44 -- 003F44: lea     $7bf48.l, A4
D0=D00 D1=100D00 D2=0 D3=FFFF D4=10404440 D5=84418511 D6=84418511 D7=FFFF A0=108908 A1=100D00 A2=F6CF0 A3=108F42 A4=7BF48 A5=108000 A6=108E3C PC=3F4A -- 003F4A: move.w  ($70,A1), D0
D0=1B D1=100D00 D2=0 D3=FFFF D4=10404440 D5=84418511 D6=84418511 D7=FFFF A0=108908 A1=100D00 A2=F6CF0 A3=108F42 A4=7BF48 A5=108000 A6=108E3C PC=3F4E -- 003F4E: add.w   D0, D0
D0=36 D1=100D00 D2=0 D3=FFFF D4=10404440 D5=84418511 D6=84418511 D7=FFFF A0=108908 A1=100D00 A2=F6CF0 A3=108F42 A4=7BF48 A5=108000 A6=108E3C PC=3F50 -- 003F50: add.w   D0, D0
D0=6C D1=100D00 D2=0 D3=FFFF D4=10404440 D5=84418511 D6=84418511 D7=FFFF A0=108908 A1=100D00 A2=F6CF0 A3=108F42 A4=7BF48 A5=108000 A6=108E3C PC=3F52 -- 003F52: movea.l (A4,D0.w), A4
D0=6C D1=100D00 D2=0 D3=FFFF D4=10404440 D5=84418511 D6=84418511 D7=FFFF A0=108908 A1=100D00 A2=F6CF0 A3=108F42 A4=7F5E0 A5=108000 A6=108E3C PC=3F56 -- 003F56: move.w  ($72,A1), D0
D0=34 D1=100D00 D2=0 D3=FFFF D4=10404440 D5=84418511 D6=84418511 D7=FFFF A0=108908 A1=100D00 A2=F6CF0 A3=108F42 A4=7F5E0 A5=108000 A6=108E3C PC=3F5A -- 003F5A: add.w   D0, D0
D0=68 D1=100D00 D2=0 D3=FFFF D4=10404440 D5=84418511 D6=84418511 D7=FFFF A0=108908 A1=100D00 A2=F6CF0 A3=108F42 A4=7F5E0 A5=108000 A6=108E3C PC=3F5C -- 003F5C: move.w  (A4,D0.w), ($46de,A5)
D0=68 D1=100D00 D2=0 D3=FFFF D4=10404440 D5=84418511 D6=84418511 D7=FFFF A0=108908 A1=100D00 A2=F6CF0 A3=108F42 A4=7F5E0 A5=108000 A6=108E3C PC=3F62 -- 003F62: lea     $80000.l, A4
D0=68 D1=100D00 D2=0 D3=FFFF D4=10404440 D5=84418511 D6=84418511 D7=FFFF A0=108908 A1=100D00 A2=F6CF0 A3=108F42 A4=80000 A5=108000 A6=108E3C PC=3F68 -- 003F68: move.w  ($70,A1), D0
D0=1B D1=100D00 D2=0 D3=FFFF D4=10404440 D5=84418511 D6=84418511 D7=FFFF A0=108908 A1=100D00 A2=F6CF0 A3=108F42 A4=80000 A5=108000 A6=108E3C PC=3F6C -- 003F6C: add.w   D0, D0
D0=36 D1=100D00 D2=0 D3=FFFF D4=10404440 D5=84418511 D6=84418511 D7=FFFF A0=108908 A1=100D00 A2=F6CF0 A3=108F42 A4=80000 A5=108000 A6=108E3C PC=3F6E -- 003F6E: add.w   D0, D0
D0=6C D1=100D00 D2=0 D3=FFFF D4=10404440 D5=84418511 D6=84418511 D7=FFFF A0=108908 A1=100D00 A2=F6CF0 A3=108F42 A4=80000 A5=108000 A6=108E3C PC=3F70 -- 003F70: movea.l (A4,D0.w), A4
D0=6C D1=100D00 D2=0 D3=FFFF D4=10404440 D5=84418511 D6=84418511 D7=FFFF A0=108908 A1=100D00 A2=F6CF0 A3=108F42 A4=86E00 A5=108000 A6=108E3C PC=3F74 -- 003F74: move.w  ($46de,A5), D0
D0=3434 D1=100D00 D2=0 D3=FFFF D4=10404440 D5=84418511 D6=84418511 D7=FFFF A0=108908 A1=100D00 A2=F6CF0 A3=108F42 A4=86E00 A5=108000 A6=108E3C PC=3F78 -- 003F78: tst.b   ($46e2,A5)
D0=3434 D1=100D00 D2=0 D3=FFFF D4=10404440 D5=84418511 D6=84418511 D7=FFFF A0=108908 A1=100D00 A2=F6CF0 A3=108F42 A4=86E00 A5=108000 A6=108E3C PC=3F7C -- 003F7C: beq     $3f82
D0=3434 D1=100D00 D2=0 D3=FFFF D4=10404440 D5=84418511 D6=84418511 D7=FFFF A0=108908 A1=100D00 A2=F6CF0 A3=108F42 A4=86E00 A5=108000 A6=108E3C PC=3F82 -- 003F82: andi.w  #$ff, D0
D0=34 D1=100D00 D2=0 D3=FFFF D4=10404440 D5=84418511 D6=84418511 D7=FFFF A0=108908 A1=100D00 A2=F6CF0 A3=108F42 A4=86E00 A5=108000 A6=108E3C PC=3F86 -- 003F86: add.w   D0, D0
D0=68 D1=100D00 D2=0 D3=FFFF D4=10404440 D5=84418511 D6=84418511 D7=FFFF A0=108908 A1=100D00 A2=F6CF0 A3=108F42 A4=86E00 A5=108000 A6=108E3C PC=3F88 -- 003F88: add.w   D0, D0
D0=D0 D1=100D00 D2=0 D3=FFFF D4=10404440 D5=84418511 D6=84418511 D7=FFFF A0=108908 A1=100D00 A2=F6CF0 A3=108F42 A4=86E00 A5=108000 A6=108E3C PC=3F8A -- 003F8A: movea.l (A4,D0.w), A4
D0=D0 D1=100D00 D2=0 D3=FFFF D4=10404440 D5=84418511 D6=84418511 D7=FFFF A0=108908 A1=100D00 A2=F6CF0 A3=108F42 A4=F30F2 A5=108000 A6=108E3C PC=3F8E -- 003F8E: move.w  ($74,A1), D0
D0=0 D1=100D00 D2=0 D3=FFFF D4=10404440 D5=84418511 D6=84418511 D7=FFFF A0=108908 A1=100D00 A2=F6CF0 A3=108F42 A4=F30F2 A5=108000 A6=108E3C PC=3F92 -- 003F92: adda.w  D0, A4
D0=0 D1=100D00 D2=0 D3=FFFF D4=10404440 D5=84418511 D6=84418511 D7=FFFF A0=108908 A1=100D00 A2=F6CF0 A3=108F42 A4=F30F2 A5=108000 A6=108E3C PC=3F94 -- 003F94: move.l  (A4), D0
D0=10F10FE D1=100D00 D2=0 D3=FFFF D4=10404440 D5=84418511 D6=84418511 D7=FFFF A0=108908 A1=100D00 A2=F6CF0 A3=108F42 A4=F30F2 A5=108000 A6=108E3C PC=3F96 -- 003F96: movea.l D0, A4
D0=10F10FE D1=100D00 D2=0 D3=FFFF D4=10404440 D5=84418511 D6=84418511 D7=FFFF A0=108908 A1=100D00 A2=F6CF0 A3=108F42 A4=10F10FE A5=108000 A6=108E3C PC=3F98 -- 003F98: move.l  A0, -(A7)
D0=10F10FE D1=100D00 D2=0 D3=FFFF D4=10404440 D5=84418511 D6=84418511 D7=FFFF A0=108908 A1=100D00 A2=F6CF0 A3=108F42 A4=10F10FE A5=108000 A6=108E3C PC=3F9A -- 003F9A: lea     $3c0002.l, A0
D0=10F10FE D1=100D00 D2=0 D3=FFFF D4=10404440 D5=84418511 D6=84418511 D7=FFFF A0=3C0002 A1=100D00 A2=F6CF0 A3=108F42 A4=10F10FE A5=108000 A6=108E3C PC=3FA0 -- 003FA0: tst.b   ($7c,A1)
D0=10F10FE D1=100D00 D2=0 D3=FFFF D4=10404440 D5=84418511 D6=84418511 D7=FFFF A0=3C0002 A1=100D00 A2=F6CF0 A3=108F42 A4=10F10FE A5=108000 A6=108E3C PC=3FA4 -- 003FA4: bpl     $3fc0
D0=10F10FE D1=100D00 D2=0 D3=FFFF D4=10404440 D5=84418511 D6=84418511 D7=FFFF A0=3C0002 A1=100D00 A2=F6CF0 A3=108F42 A4=10F10FE A5=108000 A6=108E3C PC=3FC0 -- 003FC0: moveq   #$0, D0
D0=0 D1=100D00 D2=0 D3=FFFF D4=10404440 D5=84418511 D6=84418511 D7=FFFF A0=3C0002 A1=100D00 A2=F6CF0 A3=108F42 A4=10F10FE A5=108000 A6=108E3C PC=3FC2 -- 003FC2: move.b  (A2), D0
D0=1 D1=100D00 D2=0 D3=FFFF D4=10404440 D5=84418511 D6=84418511 D7=FFFF A0=3C0002 A1=100D00 A2=F6CF0 A3=108F42 A4=10F10FE A5=108000 A6=108E3C PC=3FC4 -- 003FC4: sub.w   D0, ($794,A5)
D0=1 D1=100D00 D2=0 D3=FFFF D4=10404440 D5=84418511 D6=84418511 D7=FFFF A0=3C0002 A1=100D00 A2=F6CF0 A3=108F42 A4=10F10FE A5=108000 A6=108E3C PC=3FC8 -- 003FC8: bcc     $3fd2
D0=1 D1=100D00 D2=0 D3=FFFF D4=10404440 D5=84418511 D6=84418511 D7=FFFF A0=3C0002 A1=100D00 A2=F6CF0 A3=108F42 A4=10F10FE A5=108000 A6=108E3C PC=3FD2 -- 003FD2: move.l  A6, -(A7)
D0=1 D1=100D00 D2=0 D3=FFFF D4=10404440 D5=84418511 D6=84418511 D7=FFFF A0=3C0002 A1=100D00 A2=F6CF0 A3=108F42 A4=10F10FE A5=108000 A6=108E3C PC=3FD4 -- 003FD4: btst    #$6, ($7c,A1)
D0=1 D1=100D00 D2=0 D3=FFFF D4=10404440 D5=84418511 D6=84418511 D7=FFFF A0=3C0002 A1=100D00 A2=F6CF0 A3=108F42 A4=10F10FE A5=108000 A6=108E3C PC=3FDA -- 003FDA: bne     $400c
D0=1 D1=100D00 D2=0 D3=FFFF D4=10404440 D5=84418511 D6=84418511 D7=FFFF A0=3C0002 A1=100D00 A2=F6CF0 A3=108F42 A4=10F10FE A5=108000 A6=108E3C PC=3FDE -- 003FDE: moveq   #$0, D1
D0=1 D1=0 D2=0 D3=FFFF D4=10404440 D5=84418511 D6=84418511 D7=FFFF A0=3C0002 A1=100D00 A2=F6CF0 A3=108F42 A4=10F10FE A5=108000 A6=108E3C PC=3FE0 -- 003FE0: move.b  ($82,A1), D1
D0=1 D1=0 D2=0 D3=FFFF D4=10404440 D5=84418511 D6=84418511 D7=FFFF A0=3C0002 A1=100D00 A2=F6CF0 A3=108F42 A4=10F10FE A5=108000 A6=108E3C PC=3FE4 -- 003FE4: add.w   D1, D1
D0=1 D1=0 D2=0 D3=FFFF D4=10404440 D5=84418511 D6=84418511 D7=FFFF A0=3C0002 A1=100D00 A2=F6CF0 A3=108F42 A4=10F10FE A5=108000 A6=108E3C PC=3FE6 -- 003FE6: add.w   D1, D1
D0=1 D1=0 D2=0 D3=FFFF D4=10404440 D5=84418511 D6=84418511 D7=FFFF A0=3C0002 A1=100D00 A2=F6CF0 A3=108F42 A4=10F10FE A5=108000 A6=108E3C PC=3FE8 -- 003FE8: move.w  ($18,A1), D0
D0=80 D1=0 D2=0 D3=FFFF D4=10404440 D5=84418511 D6=84418511 D7=FFFF A0=3C0002 A1=100D00 A2=F6CF0 A3=108F42 A4=10F10FE A5=108000 A6=108E3C PC=3FEC -- 003FEC: lea     ($104c,A5), A6
D0=80 D1=0 D2=0 D3=FFFF D4=10404440 D5=84418511 D6=84418511 D7=FFFF A0=3C0002 A1=100D00 A2=F6CF0 A3=108F42 A4=10F10FE A5=108000 A6=10904C PC=3FF0 -- 003FF0: sub.w   (A6,D1.w), D0
D0=80 D1=0 D2=0 D3=FFFF D4=10404440 D5=84418511 D6=84418511 D7=FFFF A0=3C0002 A1=100D00 A2=F6CF0 A3=108F42 A4=10F10FE A5=108000 A6=10904C PC=3FF4 -- 003FF4: move.w  D0, ($24,A1)
D0=80 D1=0 D2=0 D3=FFFF D4=10404440 D5=84418511 D6=84418511 D7=FFFF A0=3C0002 A1=100D00 A2=F6CF0 A3=108F42 A4=10F10FE A5=108000 A6=10904C PC=3FF8 -- 003FF8: move.w  ($1c,A1), D0
D0=68 D1=0 D2=0 D3=FFFF D4=10404440 D5=84418511 D6=84418511 D7=FFFF A0=3C0002 A1=100D00 A2=F6CF0 A3=108F42 A4=10F10FE A5=108000 A6=10904C PC=3FFC -- 003FFC: sub.w   ($20,A1), D0
D0=68 D1=0 D2=0 D3=FFFF D4=10404440 D5=84418511 D6=84418511 D7=FFFF A0=3C0002 A1=100D00 A2=F6CF0 A3=108F42 A4=10F10FE A5=108000 A6=10904C PC=4000 -- 004000: lea     ($1058,A5), A6
D0=68 D1=0 D2=0 D3=FFFF D4=10404440 D5=84418511 D6=84418511 D7=FFFF A0=3C0002 A1=100D00 A2=F6CF0 A3=108F42 A4=10F10FE A5=108000 A6=109058 PC=4004 -- 004004: sub.w   (A6,D1.w), D0
D0=68 D1=0 D2=0 D3=FFFF D4=10404440 D5=84418511 D6=84418511 D7=FFFF A0=3C0002 A1=100D00 A2=F6CF0 A3=108F42 A4=10F10FE A5=108000 A6=109058 PC=4008 -- 004008: move.w  D0, ($26,A1)
D0=68 D1=0 D2=0 D3=FFFF D4=10404440 D5=84418511 D6=84418511 D7=FFFF A0=3C0002 A1=100D00 A2=F6CF0 A3=108F42 A4=10F10FE A5=108000 A6=109058 PC=400C -- 00400C: tst.b   ($3a66,A5)
D0=68 D1=0 D2=0 D3=FFFF D4=10404440 D5=84418511 D6=84418511 D7=FFFF A0=3C0002 A1=100D00 A2=F6CF0 A3=108F42 A4=10F10FE A5=108000 A6=109058 PC=4010 -- 004010: bmi     $4018
D0=68 D1=0 D2=0 D3=FFFF D4=10404440 D5=84418511 D6=84418511 D7=FFFF A0=3C0002 A1=100D00 A2=F6CF0 A3=108F42 A4=10F10FE A5=108000 A6=109058 PC=4012 -- 004012: bsr     $4088
D0=68 D1=0 D2=0 D3=FFFF D4=10404440 D5=84418511 D6=84418511 D7=FFFF A0=3C0002 A1=100D00 A2=F6CF0 A3=108F42 A4=10F10FE A5=108000 A6=109058 PC=4088 -- 004088: move.w  (A4), D0
D0=0 D1=0 D2=0 D3=FFFF D4=10404440 D5=84418511 D6=84418511 D7=FFFF A0=3C0002 A1=100D00 A2=F6CF0 A3=108F42 A4=10F10FE A5=108000 A6=109058 PC=408A -- 00408A: move.b  ($31,A1), D1
D0=0 D1=0 D2=0 D3=FFFF D4=10404440 D5=84418511 D6=84418511 D7=FFFF A0=3C0002 A1=100D00 A2=F6CF0 A3=108F42 A4=10F10FE A5=108000 A6=109058 PC=408E -- 00408E: move.b  ($4,A4), D2
D0=0 D1=0 D2=0 D3=FFFF D4=10404440 D5=84418511 D6=84418511 D7=FFFF A0=3C0002 A1=100D00 A2=F6CF0 A3=108F42 A4=10F10FE A5=108000 A6=109058 PC=4092 -- 004092: rol.b   #2, D2
D0=0 D1=0 D2=0 D3=FFFF D4=10404440 D5=84418511 D6=84418511 D7=FFFF A0=3C0002 A1=100D00 A2=F6CF0 A3=108F42 A4=10F10FE A5=108000 A6=109058 PC=4094 -- 004094: eor.w   D2, D1
D0=0 D1=0 D2=0 D3=FFFF D4=10404440 D5=84418511 D6=84418511 D7=FFFF A0=3C0002 A1=100D00 A2=F6CF0 A3=108F42 A4=10F10FE A5=108000 A6=109058 PC=4096 -- 004096: andi.w  #$3, D1
D0=0 D1=0 D2=0 D3=FFFF D4=10404440 D5=84418511 D6=84418511 D7=FFFF A0=3C0002 A1=100D00 A2=F6CF0 A3=108F42 A4=10F10FE A5=108000 A6=109058 PC=409A -- 00409A: move.w  D1, ($790,A5)
D0=0 D1=0 D2=0 D3=FFFF D4=10404440 D5=84418511 D6=84418511 D7=FFFF A0=3C0002 A1=100D00 A2=F6CF0 A3=108F42 A4=10F10FE A5=108000 A6=109058 PC=409E -- 00409E: andi.w  #$1, D1
D0=0 D1=0 D2=0 D3=FFFF D4=10404440 D5=84418511 D6=84418511 D7=FFFF A0=3C0002 A1=100D00 A2=F6CF0 A3=108F42 A4=10F10FE A5=108000 A6=109058 PC=40A2 -- 0040A2: beq     $40ae
D0=0 D1=0 D2=0 D3=FFFF D4=10404440 D5=84418511 D6=84418511 D7=FFFF A0=3C0002 A1=100D00 A2=F6CF0 A3=108F42 A4=10F10FE A5=108000 A6=109058 PC=40AE -- 0040AE: moveq   #$0, D1
D0=0 D1=0 D2=0 D3=FFFF D4=10404440 D5=84418511 D6=84418511 D7=FFFF A0=3C0002 A1=100D00 A2=F6CF0 A3=108F42 A4=10F10FE A5=108000 A6=109058 PC=40B0 -- 0040B0: move.b  ($68,A1), D1
D0=0 D1=FF D2=0 D3=FFFF D4=10404440 D5=84418511 D6=84418511 D7=FFFF A0=3C0002 A1=100D00 A2=F6CF0 A3=108F42 A4=10F10FE A5=108000 A6=109058 PC=40B4 -- 0040B4: addq.w  #1, D1
D0=0 D1=100 D2=0 D3=FFFF D4=10404440 D5=84418511 D6=84418511 D7=FFFF A0=3C0002 A1=100D00 A2=F6CF0 A3=108F42 A4=10F10FE A5=108000 A6=109058 PC=40B6 -- 0040B6: muls.w  D1, D0
D0=0 D1=100 D2=0 D3=FFFF D4=10404440 D5=84418511 D6=84418511 D7=FFFF A0=3C0002 A1=100D00 A2=F6CF0 A3=108F42 A4=10F10FE A5=108000 A6=109058 PC=40B8 -- 0040B8: lsr.l   #8, D0
D0=0 D1=100 D2=0 D3=FFFF D4=10404440 D5=84418511 D6=84418511 D7=FFFF A0=3C0002 A1=100D00 A2=F6CF0 A3=108F42 A4=10F10FE A5=108000 A6=109058 PC=40BA -- 0040BA: add.w   ($24,A1), D0
D0=80 D1=100 D2=0 D3=FFFF D4=10404440 D5=84418511 D6=84418511 D7=FFFF A0=3C0002 A1=100D00 A2=F6CF0 A3=108F42 A4=10F10FE A5=108000 A6=109058 PC=40BE -- 0040BE: lsl.w   #7, D0
D0=4000 D1=100 D2=0 D3=FFFF D4=10404440 D5=84418511 D6=84418511 D7=FFFF A0=3C0002 A1=100D00 A2=F6CF0 A3=108F42 A4=10F10FE A5=108000 A6=109058 PC=40C0 -- 0040C0: move.w  D6, (-$2,A0)
D0=4000 D1=100 D2=0 D3=FFFF D4=10404440 D5=84418511 D6=84418511 D7=FFFF A0=3C0002 A1=100D00 A2=F6CF0 A3=108F42 A4=10F10FE A5=108000 A6=109058 PC=40C4 -- 0040C4: move.w  D0, (A0)
D0=4000 D1=100 D2=0 D3=FFFF D4=10404440 D5=84418511 D6=84418511 D7=FFFF A0=3C0002 A1=100D00 A2=F6CF0 A3=108F42 A4=10F10FE A5=108000 A6=109058 PC=40C6 -- 0040C6: moveq   #$0, D0
D0=0 D1=100 D2=0 D3=FFFF D4=10404440 D5=84418511 D6=84418511 D7=FFFF A0=3C0002 A1=100D00 A2=F6CF0 A3=108F42 A4=10F10FE A5=108000 A6=109058 PC=40C8 -- 0040C8: move.b  (A2), D0
D0=1 D1=100 D2=0 D3=FFFF D4=10404440 D5=84418511 D6=84418511 D7=FFFF A0=3C0002 A1=100D00 A2=F6CF0 A3=108F42 A4=10F10FE A5=108000 A6=109058 PC=40CA -- 0040CA: add.w   D0, D6
D0=1 D1=100 D2=0 D3=FFFF D4=10404440 D5=84418512 D6=84418512 D7=FFFF A0=3C0002 A1=100D00 A2=F6CF0 A3=108F42 A4=10F10FE A5=108000 A6=109058 PC=40CC -- 0040CC: move.w  ($2,A4), D0
D0=FFFF D1=100 D2=0 D3=FFFF D4=10404440 D5=84418512 D6=84418512 D7=FFFF A0=3C0002 A1=100D00 A2=F6CF0 A3=108F42 A4=10F10FE A5=108000 A6=109058 PC=40D0 -- 0040D0: btst    #$1, ($791,A5)
D0=FFFF D1=100 D2=0 D3=FFFF D4=10404440 D5=84418512 D6=84418512 D7=FFFF A0=3C0002 A1=100D00 A2=F6CF0 A3=108F42 A4=10F10FE A5=108000 A6=109058 PC=40D6 -- 0040D6: beq     $40e4
D0=FFFF D1=100 D2=0 D3=FFFF D4=10404440 D5=84418512 D6=84418512 D7=FFFF A0=3C0002 A1=100D00 A2=F6CF0 A3=108F42 A4=10F10FE A5=108000 A6=109058 PC=40E4 -- 0040E4: moveq   #$0, D1
D0=FFFF D1=0 D2=0 D3=FFFF D4=10404440 D5=84418512 D6=84418512 D7=FFFF A0=3C0002 A1=100D00 A2=F6CF0 A3=108F42 A4=10F10FE A5=108000 A6=109058 PC=40E6 -- 0040E6: move.b  ($69,A1), D1
D0=FFFF D1=FF D2=0 D3=FFFF D4=10404440 D5=84418512 D6=84418512 D7=FFFF A0=3C0002 A1=100D00 A2=F6CF0 A3=108F42 A4=10F10FE A5=108000 A6=109058 PC=40EA -- 0040EA: addq.w  #1, D1
D0=FFFF D1=100 D2=0 D3=FFFF D4=10404440 D5=84418512 D6=84418512 D7=FFFF A0=3C0002 A1=100D00 A2=F6CF0 A3=108F42 A4=10F10FE A5=108000 A6=109058 PC=40EC -- 0040EC: muls.w  D1, D0
D0=FFFFFF00 D1=100 D2=0 D3=FFFF D4=10404440 D5=84418512 D6=84418512 D7=FFFF A0=3C0002 A1=100D00 A2=F6CF0 A3=108F42 A4=10F10FE A5=108000 A6=109058 PC=40EE -- 0040EE: lsr.l   #8, D0
D0=FFFFFF D1=100 D2=0 D3=FFFF D4=10404440 D5=84418512 D6=84418512 D7=FFFF A0=3C0002 A1=100D00 A2=F6CF0 A3=108F42 A4=10F10FE A5=108000 A6=109058 PC=40F0 -- 0040F0: add.w   ($26,A1), D0
D0=FF0067 D1=100 D2=0 D3=FFFF D4=10404440 D5=84418512 D6=84418512 D7=FFFF A0=3C0002 A1=100D00 A2=F6CF0 A3=108F42 A4=10F10FE A5=108000 A6=109058 PC=40F4 -- 0040F4: neg.w   D0
D0=FFFF99 D1=100 D2=0 D3=FFFF D4=10404440 D5=84418512 D6=84418512 D7=FFFF A0=3C0002 A1=100D00 A2=F6CF0 A3=108F42 A4=10F10FE A5=108000 A6=109058 PC=40F6 -- 0040F6: addi.w  #$1ff, D0
D0=FF0198 D1=100 D2=0 D3=FFFF D4=10404440 D5=84418512 D6=84418512 D7=FFFF A0=3C0002 A1=100D00 A2=F6CF0 A3=108F42 A4=10F10FE A5=108000 A6=109058 PC=40FA -- 0040FA: lsl.w   #7, D0
D0=FFCC00 D1=100 D2=0 D3=FFFF D4=10404440 D5=84418512 D6=84418512 D7=FFFF A0=3C0002 A1=100D00 A2=F6CF0 A3=108F42 A4=10F10FE A5=108000 A6=109058 PC=40FC -- 0040FC: bsr     $4772
D0=FFCC00 D1=100 D2=0 D3=FFFF D4=10404440 D5=84418512 D6=84418512 D7=FFFF A0=3C0002 A1=100D00 A2=F6CF0 A3=108F42 A4=10F10FE A5=108000 A6=109058 PC=4772 -- 004772: move.w  D0, -(A7)
D0=FFCC00 D1=100 D2=0 D3=FFFF D4=10404440 D5=84418512 D6=84418512 D7=FFFF A0=3C0002 A1=100D00 A2=F6CF0 A3=108F42 A4=10F10FE A5=108000 A6=109058 PC=4774 -- 004774: moveq   #-$1, D0
D0=FFFFFFFF D1=100 D2=0 D3=FFFF D4=10404440 D5=84418512 D6=84418512 D7=FFFF A0=3C0002 A1=100D00 A2=F6CF0 A3=108F42 A4=10F10FE A5=108000 A6=109058 PC=4776 -- 004776: moveq   #$0, D1
D0=FFFFFFFF D1=0 D2=0 D3=FFFF D4=10404440 D5=84418512 D6=84418512 D7=FFFF A0=3C0002 A1=100D00 A2=F6CF0 A3=108F42 A4=10F10FE A5=108000 A6=109058 PC=4778 -- 004778: move.b  ($1,A2), D1
D0=FFFFFFFF D1=1 D2=0 D3=FFFF D4=10404440 D5=84418512 D6=84418512 D7=FFFF A0=3C0002 A1=100D00 A2=F6CF0 A3=108F42 A4=10F10FE A5=108000 A6=109058 PC=477C -- 00477C: cmpi.b  #-$1, ($69,A1)
D0=FFFFFFFF D1=1 D2=0 D3=FFFF D4=10404440 D5=84418512 D6=84418512 D7=FFFF A0=3C0002 A1=100D00 A2=F6CF0 A3=108F42 A4=10F10FE A5=108000 A6=109058 PC=4782 -- 004782: beq     $47b4
D0=FFFFFFFF D1=1 D2=0 D3=FFFF D4=10404440 D5=84418512 D6=84418512 D7=FFFF A0=3C0002 A1=100D00 A2=F6CF0 A3=108F42 A4=10F10FE A5=108000 A6=109058 PC=47B4 -- 0047B4: move.b  D0, ($78f,A5)
D0=FFFFFFFF D1=1 D2=0 D3=FFFF D4=10404440 D5=84418512 D6=84418512 D7=FFFF A0=3C0002 A1=100D00 A2=F6CF0 A3=108F42 A4=10F10FE A5=108000 A6=109058 PC=47B8 -- 0047B8: move.b  D1, ($78e,A5)
D0=FFFFFFFF D1=1 D2=0 D3=FFFF D4=10404440 D5=84418512 D6=84418512 D7=FFFF A0=3C0002 A1=100D00 A2=F6CF0 A3=108F42 A4=10F10FE A5=108000 A6=109058 PC=47BC -- 0047BC: move.w  (A7)+, D0
D0=FFFFCC00 D1=1 D2=0 D3=FFFF D4=10404440 D5=84418512 D6=84418512 D7=FFFF A0=3C0002 A1=100D00 A2=F6CF0 A3=108F42 A4=10F10FE A5=108000 A6=109058 PC=47BE -- 0047BE: rts
D0=FFFFCC00 D1=1 D2=0 D3=FFFF D4=10404440 D5=84418512 D6=84418512 D7=FFFF A0=3C0002 A1=100D00 A2=F6CF0 A3=108F42 A4=10F10FE A5=108000 A6=109058 PC=4100 -- 004100: add.b   ($78e,A5), D0
D0=FFFFCC01 D1=1 D2=0 D3=FFFF D4=10404440 D5=84418512 D6=84418512 D7=FFFF A0=3C0002 A1=100D00 A2=F6CF0 A3=108F42 A4=10F10FE A5=108000 A6=109058 PC=4104 -- 004104: move.w  D0, (A3)+
D0=FFFFCC01 D1=1 D2=0 D3=FFFF D4=10404440 D5=84418512 D6=84418512 D7=FFFF A0=3C0002 A1=100D00 A2=F6CF0 A3=108F44 A4=10F10FE A5=108000 A6=109058 PC=4106 -- 004106: moveq   #$0, D0
D0=0 D1=1 D2=0 D3=FFFF D4=10404440 D5=84418512 D6=84418512 D7=FFFF A0=3C0002 A1=100D00 A2=F6CF0 A3=108F44 A4=10F10FE A5=108000 A6=109058 PC=4108 -- 004108: move.b  (A2), D0
D0=1 D1=1 D2=0 D3=FFFF D4=10404440 D5=84418512 D6=84418512 D7=FFFF A0=3C0002 A1=100D00 A2=F6CF0 A3=108F44 A4=10F10FE A5=108000 A6=109058 PC=410A -- 00410A: subq.b  #2, D0
D0=FF D1=1 D2=0 D3=FFFF D4=10404440 D5=84418512 D6=84418512 D7=FFFF A0=3C0002 A1=100D00 A2=F6CF0 A3=108F44 A4=10F10FE A5=108000 A6=109058 PC=410C -- 00410C: bmi     $4118
D0=FF D1=1 D2=0 D3=FFFF D4=10404440 D5=84418512 D6=84418512 D7=FFFF A0=3C0002 A1=100D00 A2=F6CF0 A3=108F44 A4=10F10FE A5=108000 A6=109058 PC=4118 -- 004118: move.w  #$1, ($2,A0)
D0=FF D1=1 D2=0 D3=FFFF D4=10404440 D5=84418512 D6=84418512 D7=FFFF A0=3C0002 A1=100D00 A2=F6CF0 A3=108F44 A4=10F10FE A5=108000 A6=109058 PC=411E -- 00411E: move.w  D5, (-$2,A0)
D0=FF D1=1 D2=0 D3=FFFF D4=10404440 D5=84418512 D6=84418512 D7=FFFF A0=3C0002 A1=100D00 A2=F6CF0 A3=108F44 A4=10F10FE A5=108000 A6=109058 PC=4122 -- 004122: moveq   #$0, D1
D0=FF D1=0 D2=0 D3=FFFF D4=10404440 D5=84418512 D6=84418512 D7=FFFF A0=3C0002 A1=100D00 A2=F6CF0 A3=108F44 A4=10F10FE A5=108000 A6=109058 PC=4124 -- 004124: move.b  ($68,A1), D0
D0=FF D1=0 D2=0 D3=FFFF D4=10404440 D5=84418512 D6=84418512 D7=FFFF A0=3C0002 A1=100D00 A2=F6CF0 A3=108F44 A4=10F10FE A5=108000 A6=109058 PC=4128 -- 004128: move.b  D0, D1
D0=FF D1=FF D2=0 D3=FFFF D4=10404440 D5=84418512 D6=84418512 D7=FFFF A0=3C0002 A1=100D00 A2=F6CF0 A3=108F44 A4=10F10FE A5=108000 A6=109058 PC=412A -- 00412A: andi.w  #$f, D0
D0=F D1=FF D2=0 D3=FFFF D4=10404440 D5=84418512 D6=84418512 D7=FFFF A0=3C0002 A1=100D00 A2=F6CF0 A3=108F44 A4=10F10FE A5=108000 A6=109058 PC=412E -- 00412E: lsr.b   #4, D1
D0=F D1=F D2=0 D3=FFFF D4=10404440 D5=84418512 D6=84418512 D7=FFFF A0=3C0002 A1=100D00 A2=F6CF0 A3=108F44 A4=10F10FE A5=108000 A6=109058 PC=4130 -- 004130: tst.b   D1
D0=F D1=F D2=0 D3=FFFF D4=10404440 D5=84418512 D6=84418512 D7=FFFF A0=3C0002 A1=100D00 A2=F6CF0 A3=108F44 A4=10F10FE A5=108000 A6=109058 PC=4132 -- 004132: beq     $4164
D0=F D1=F D2=0 D3=FFFF D4=10404440 D5=84418512 D6=84418512 D7=FFFF A0=3C0002 A1=100D00 A2=F6CF0 A3=108F44 A4=10F10FE A5=108000 A6=109058 PC=4134 -- 004134: lea     $4f9d2.l, A6
D0=F D1=F D2=0 D3=FFFF D4=10404440 D5=84418512 D6=84418512 D7=FFFF A0=3C0002 A1=100D00 A2=F6CF0 A3=108F44 A4=10F10FE A5=108000 A6=4F9D2 PC=413A -- 00413A: lsl.w   #5, D0
D0=1E0 D1=F D2=0 D3=FFFF D4=10404440 D5=84418512 D6=84418512 D7=FFFF A0=3C0002 A1=100D00 A2=F6CF0 A3=108F44 A4=10F10FE A5=108000 A6=4F9D2 PC=413C -- 00413C: adda.w  D0, A6
D0=1E0 D1=F D2=0 D3=FFFF D4=10404440 D5=84418512 D6=84418512 D7=FFFF A0=3C0002 A1=100D00 A2=F6CF0 A3=108F44 A4=10F10FE A5=108000 A6=4FBB2 PC=413E -- 00413E: moveq   #$f, D0
D0=F D1=F D2=0 D3=FFFF D4=10404440 D5=84418512 D6=84418512 D7=FFFF A0=3C0002 A1=100D00 A2=F6CF0 A3=108F44 A4=10F10FE A5=108000 A6=4FBB2 PC=4140 -- 004140: moveq   #$0, D2
D0=F D1=F D2=0 D3=FFFF D4=10404440 D5=84418512 D6=84418512 D7=FFFF A0=3C0002 A1=100D00 A2=F6CF0 A3=108F44 A4=10F10FE A5=108000 A6=4FBB2 PC=4142 -- 004142: move.b  (A2), D2
D0=F D1=F D2=1 D3=FFFF D4=10404440 D5=84418512 D6=84418512 D7=FFFF A0=3C0002 A1=100D00 A2=F6CF0 A3=108F44 A4=10F10FE A5=108000 A6=4FBB2 PC=4144 -- 004144: lsr.w   #1, D2
D0=F D1=F D2=0 D3=FFFF D4=10404440 D5=84418512 D6=84418512 D7=FFFF A0=3C0002 A1=100D00 A2=F6CF0 A3=108F44 A4=10F10FE A5=108000 A6=4FBB2 PC=4146 -- 004146: sub.w   D2, D0
D0=F D1=F D2=0 D3=FFFF D4=10404440 D5=84418512 D6=84418512 D7=FFFF A0=3C0002 A1=100D00 A2=F6CF0 A3=108F44 A4=10F10FE A5=108000 A6=4FBB2 PC=4148 -- 004148: adda.l  D0, A6
D0=F D1=F D2=0 D3=FFFF D4=10404440 D5=84418512 D6=84418512 D7=FFFF A0=3C0002 A1=100D00 A2=F6CF0 A3=108F44 A4=10F10FE A5=108000 A6=4FBC1 PC=414A -- 00414A: move.b  (A2), D0
D0=1 D1=F D2=0 D3=FFFF D4=10404440 D5=84418512 D6=84418512 D7=FFFF A0=3C0002 A1=100D00 A2=F6CF0 A3=108F44 A4=10F10FE A5=108000 A6=4FBC1 PC=414C -- 00414C: add.w   D0, D5
D0=1 D1=F D2=0 D3=FFFF D4=10404440 D5=84418512 D6=84418512 D7=FFFF A0=3C0002 A1=100D00 A2=F6CF0 A3=108F44 A4=10F10FE A5=108000 A6=4FBC1 PC=414E -- 00414E: subq.b  #1, D0
D0=0 D1=F D2=0 D3=FFFF D4=10404440 D5=84418512 D6=84418512 D7=FFFF A0=3C0002 A1=100D00 A2=F6CF0 A3=108F44 A4=10F10FE A5=108000 A6=4FBC1 PC=4150 -- 004150: move.b  D1, D2
D0=0 D1=F D2=F D3=FFFF D4=10404440 D5=84418512 D6=84418512 D7=FFFF A0=3C0002 A1=100D00 A2=F6CF0 A3=108F44 A4=10F10FE A5=108000 A6=4FBC1 PC=4152 -- 004152: sub.b   (A6)+, D2
D0=0 D1=F D2=F D3=FFFF D4=10404440 D5=84418512 D6=84418512 D7=FFFF A0=3C0002 A1=100D00 A2=F6CF0 A3=108F44 A4=10F10FE A5=108000 A6=4FBC2 PC=4154 -- 004154: lsl.w   #8, D2
D0=0 D1=F D2=F00 D3=FFFF D4=10404440 D5=84418512 D6=84418512 D7=FFFF A0=3C0002 A1=100D00 A2=F6CF0 A3=108F44 A4=10F10FE A5=108000 A6=4FBC2 PC=4156 -- 004156: move.b  ($69,A1), D2
D0=0 D1=F D2=FFF D3=FFFF D4=10404440 D5=84418512 D6=84418512 D7=FFFF A0=3C0002 A1=100D00 A2=F6CF0 A3=108F44 A4=10F10FE A5=108000 A6=4FBC2 PC=415A -- 00415A: move.w  D2, (A0)
D0=0 D1=F D2=FFF D3=FFFF D4=10404440 D5=84418512 D6=84418512 D7=FFFF A0=3C0002 A1=100D00 A2=F6CF0 A3=108F44 A4=10F10FE A5=108000 A6=4FBC2 PC=415C -- 00415C: dbra    D0, $4150
D0=FFFF D1=F D2=FFF D3=FFFF D4=10404440 D5=84418512 D6=84418512 D7=FFFF A0=3C0002 A1=100D00 A2=F6CF0 A3=108F44 A4=10F10FE A5=108000 A6=4FBC2 PC=4160 -- 004160: bra     $4178
D0=FFFF D1=F D2=FFF D3=FFFF D4=10404440 D5=84418512 D6=84418512 D7=FFFF A0=3C0002 A1=100D00 A2=F6CF0 A3=108F44 A4=10F10FE A5=108000 A6=4FBC2 PC=4178 -- 004178: move.b  ($2,A2), D0
D0=FFC4 D1=F D2=FFF D3=FFFF D4=10404440 D5=84418512 D6=84418512 D7=FFFF A0=3C0002 A1=100D00 A2=F6CF0 A3=108F44 A4=10F10FE A5=108000 A6=4FBC2 PC=417C -- 00417C: tst.b   ($80,A1)
D0=FFC4 D1=F D2=FFF D3=FFFF D4=10404440 D5=84418512 D6=84418512 D7=FFFF A0=3C0002 A1=100D00 A2=F6CF0 A3=108F44 A4=10F10FE A5=108000 A6=4FBC2 PC=4180 -- 004180: beq     $4188
D0=FFC4 D1=F D2=FFF D3=FFFF D4=10404440 D5=84418512 D6=84418512 D7=FFFF A0=3C0002 A1=100D00 A2=F6CF0 A3=108F44 A4=10F10FE A5=108000 A6=4FBC2 PC=4188 -- 004188: add.b   ($30,A1), D0
D0=FFC4 D1=F D2=FFF D3=FFFF D4=10404440 D5=84418512 D6=84418512 D7=FFFF A0=3C0002 A1=100D00 A2=F6CF0 A3=108F44 A4=10F10FE A5=108000 A6=4FBC2 PC=418C -- 00418C: lsl.w   #8, D0
D0=C400 D1=F D2=FFF D3=FFFF D4=10404440 D5=84418512 D6=84418512 D7=FFFF A0=3C0002 A1=100D00 A2=F6CF0 A3=108F44 A4=10F10FE A5=108000 A6=4FBC2 PC=418E -- 00418E: tst.b   ($3,A2)
D0=C400 D1=F D2=FFF D3=FFFF D4=10404440 D5=84418512 D6=84418512 D7=FFFF A0=3C0002 A1=100D00 A2=F6CF0 A3=108F44 A4=10F10FE A5=108000 A6=4FBC2 PC=4192 -- 004192: beq     $4198
D0=C400 D1=F D2=FFF D3=FFFF D4=10404440 D5=84418512 D6=84418512 D7=FFFF A0=3C0002 A1=100D00 A2=F6CF0 A3=108F44 A4=10F10FE A5=108000 A6=4FBC2 PC=4194 -- 004194: move.b  #$10, D0
D0=C410 D1=F D2=FFF D3=FFFF D4=10404440 D5=84418512 D6=84418512 D7=FFFF A0=3C0002 A1=100D00 A2=F6CF0 A3=108F44 A4=10F10FE A5=108000 A6=4FBC2 PC=4198 -- 004198: move.w  ($4,A2), D1
D0=C410 D1=DCA8 D2=FFF D3=FFFF D4=10404440 D5=84418512 D6=84418512 D7=FFFF A0=3C0002 A1=100D00 A2=F6CF0 A3=108F44 A4=10F10FE A5=108000 A6=4FBC2 PC=419C -- 00419C: moveq   #$0, D3
D0=C410 D1=DCA8 D2=FFF D3=0 D4=10404440 D5=84418512 D6=84418512 D7=FFFF A0=3C0002 A1=100D00 A2=F6CF0 A3=108F44 A4=10F10FE A5=108000 A6=4FBC2 PC=419E -- 00419E: move.b  (A2), D3
D0=C410 D1=DCA8 D2=FFF D3=1 D4=10404440 D5=84418512 D6=84418512 D7=FFFF A0=3C0002 A1=100D00 A2=F6CF0 A3=108F44 A4=10F10FE A5=108000 A6=4FBC2 PC=41A0 -- 0041A0: subq.b  #1, D3
D0=C410 D1=DCA8 D2=FFF D3=0 D4=10404440 D5=84418512 D6=84418512 D7=FFFF A0=3C0002 A1=100D00 A2=F6CF0 A3=108F44 A4=10F10FE A5=108000 A6=4FBC2 PC=41A2 -- 0041A2: move.w  ($790,A5), D7
D0=C410 D1=DCA8 D2=FFF D3=0 D4=10404440 D5=84418512 D6=84418512 D7=0 A0=3C0002 A1=100D00 A2=F6CF0 A3=108F44 A4=10F10FE A5=108000 A6=4FBC2 PC=41A6 -- 0041A6: add.w   D7, D7
D0=C410 D1=DCA8 D2=FFF D3=0 D4=10404440 D5=84418512 D6=84418512 D7=0 A0=3C0002 A1=100D00 A2=F6CF0 A3=108F44 A4=10F10FE A5=108000 A6=4FBC2 PC=41A8 -- 0041A8: add.w   D7, D7
D0=C410 D1=DCA8 D2=FFF D3=0 D4=10404440 D5=84418512 D6=84418512 D7=0 A0=3C0002 A1=100D00 A2=F6CF0 A3=108F44 A4=10F10FE A5=108000 A6=4FBC2 PC=41AA -- 0041AA: movea.l ($4,PC,D7.w), A6
D0=C410 D1=DCA8 D2=FFF D3=0 D4=10404440 D5=84418512 D6=84418512 D7=0 A0=3C0002 A1=100D00 A2=F6CF0 A3=108F44 A4=10F10FE A5=108000 A6=428C PC=41AE -- 0041AE: jmp     (A6)
D0=C410 D1=DCA8 D2=FFF D3=0 D4=10404440 D5=84418512 D6=84418512 D7=0 A0=3C0002 A1=100D00 A2=F6CF0 A3=108F44 A4=10F10FE A5=108000 A6=428C PC=428C -- 00428C: lea     ($6,A2), A6
D0=C410 D1=DCA8 D2=FFF D3=0 D4=10404440 D5=84418512 D6=84418512 D7=0 A0=3C0002 A1=100D00 A2=F6CF0 A3=108F44 A4=10F10FE A5=108000 A6=F6CF6 PC=4290 -- 004290: move.w  #$1, ($2,A0)
D0=C410 D1=DCA8 D2=FFF D3=0 D4=10404440 D5=84418512 D6=84418512 D7=0 A0=3C0002 A1=100D00 A2=F6CF0 A3=108F44 A4=10F10FE A5=108000 A6=F6CF6 PC=4296 -- 004296: moveq   #$0, D7
D0=C410 D1=DCA8 D2=FFF D3=0 D4=10404440 D5=84418512 D6=84418512 D7=0 A0=3C0002 A1=100D00 A2=F6CF0 A3=108F44 A4=10F10FE A5=108000 A6=F6CF6 PC=4298 -- 004298: move.b  ($1,A2), D7
D0=C410 D1=DCA8 D2=FFF D3=0 D4=10404440 D5=84418512 D6=84418512 D7=1 A0=3C0002 A1=100D00 A2=F6CF0 A3=108F44 A4=10F10FE A5=108000 A6=F6CF6 PC=429C -- 00429C: subq.b  #1, D7
D0=C410 D1=DCA8 D2=FFF D3=0 D4=10404440 D5=84418512 D6=84418512 D7=0 A0=3C0002 A1=100D00 A2=F6CF0 A3=108F44 A4=10F10FE A5=108000 A6=F6CF6 PC=429E -- 00429E: move.w  (A6)+, D2
D0=C410 D1=DCA8 D2=8000 D3=0 D4=10404440 D5=84418512 D6=84418512 D7=0 A0=3C0002 A1=100D00 A2=F6CF0 A3=108F44 A4=10F10FE A5=108000 A6=F6CF8 PC=42A0 -- 0042A0: move.w  D4, (-$2,A0)
D0=C410 D1=DCA8 D2=8000 D3=0 D4=10404440 D5=84418512 D6=84418512 D7=0 A0=3C0002 A1=100D00 A2=F6CF0 A3=108F44 A4=10F10FE A5=108000 A6=F6CF8 PC=42A4 -- 0042A4: add.w   D2, D2
D0=C410 D1=DCA8 D2=0 D3=0 D4=10404440 D5=84418512 D6=84418512 D7=0 A0=3C0002 A1=100D00 A2=F6CF0 A3=108F44 A4=10F10FE A5=108000 A6=F6CF8 PC=42A6 -- 0042A6: bcc     $42b8
D0=C410 D1=DCA8 D2=0 D3=0 D4=10404440 D5=84418512 D6=84418512 D7=0 A0=3C0002 A1=100D00 A2=F6CF0 A3=108F44 A4=10F10FE A5=108000 A6=F6CF8 PC=42A8 -- 0042A8: move.w  D1, (A0)
D0=C410 D1=DCA8 D2=0 D3=0 D4=10404440 D5=84418512 D6=84418512 D7=0 A0=3C0002 A1=100D00 A2=F6CF0 A3=108F44 A4=10F10FE A5=108000 A6=F6CF8 PC=42AA -- 0042AA: nop
D0=C410 D1=DCA8 D2=0 D3=0 D4=10404440 D5=84418512 D6=84418512 D7=0 A0=3C0002 A1=100D00 A2=F6CF0 A3=108F44 A4=10F10FE A5=108000 A6=F6CF8 PC=42AC -- 0042AC: move.w  D0, (A0)
D0=C410 D1=DCA8 D2=0 D3=0 D4=10404440 D5=84418512 D6=84418512 D7=0 A0=3C0002 A1=100D00 A2=F6CF0 A3=108F44 A4=10F10FE A5=108000 A6=F6CF8 PC=42AE -- 0042AE: addq.w  #1, D1
D0=C410 D1=DCA9 D2=0 D3=0 D4=10404440 D5=84418512 D6=84418512 D7=0 A0=3C0002 A1=100D00 A2=F6CF0 A3=108F44 A4=10F10FE A5=108000 A6=F6CF8 PC=42B0 -- 0042B0: bcc     $42c0
D0=C410 D1=DCA9 D2=0 D3=0 D4=10404440 D5=84418512 D6=84418512 D7=0 A0=3C0002 A1=100D00 A2=F6CF0 A3=108F44 A4=10F10FE A5=108000 A6=F6CF8 PC=42C0 -- 0042C0: dbra    D7, $42a4
D0=C410 D1=DCA9 D2=0 D3=0 D4=10404440 D5=84418512 D6=84418512 D7=FFFF A0=3C0002 A1=100D00 A2=F6CF0 A3=108F44 A4=10F10FE A5=108000 A6=F6CF8 PC=42C4 -- 0042C4: bsr     $47c0
D0=C410 D1=DCA9 D2=0 D3=0 D4=10404440 D5=84418512 D6=84418512 D7=FFFF A0=3C0002 A1=100D00 A2=F6CF0 A3=108F44 A4=10F10FE A5=108000 A6=F6CF8 PC=47C0 -- 0047C0: tst.b   ($78f,A5)
D0=C410 D1=DCA9 D2=0 D3=0 D4=10404440 D5=84418512 D6=84418512 D7=FFFF A0=3C0002 A1=100D00 A2=F6CF0 A3=108F44 A4=10F10FE A5=108000 A6=F6CF8 PC=47C4 -- 0047C4: bpl     $47c8
D0=C410 D1=DCA9 D2=0 D3=0 D4=10404440 D5=84418512 D6=84418512 D7=FFFF A0=3C0002 A1=100D00 A2=F6CF0 A3=108F44 A4=10F10FE A5=108000 A6=F6CF8 PC=47C6 -- 0047C6: rts
D0=C410 D1=DCA9 D2=0 D3=0 D4=10404440 D5=84418512 D6=84418512 D7=FFFF A0=3C0002 A1=100D00 A2=F6CF0 A3=108F44 A4=10F10FE A5=108000 A6=F6CF8 PC=42C8 -- 0042C8: addi.w  #$40, D4
D0=C410 D1=DCA9 D2=0 D3=0 D4=10404480 D5=84418512 D6=84418512 D7=FFFF A0=3C0002 A1=100D00 A2=F6CF0 A3=108F44 A4=10F10FE A5=108000 A6=F6CF8 PC=42CC -- 0042CC: dbra    D3, $4296
D0=C410 D1=DCA9 D2=0 D3=FFFF D4=10404480 D5=84418512 D6=84418512 D7=FFFF A0=3C0002 A1=100D00 A2=F6CF0 A3=108F44 A4=10F10FE A5=108000 A6=F6CF8 PC=42D0 -- 0042D0: rts
D0=C410 D1=DCA9 D2=0 D3=FFFF D4=10404480 D5=84418512 D6=84418512 D7=FFFF A0=3C0002 A1=100D00 A2=F6CF0 A3=108F44 A4=10F10FE A5=108000 A6=F6CF8 PC=4016 -- 004016: bra     $401c
D0=C410 D1=DCA9 D2=0 D3=FFFF D4=10404480 D5=84418512 D6=84418512 D7=FFFF A0=3C0002 A1=100D00 A2=F6CF0 A3=108F44 A4=10F10FE A5=108000 A6=F6CF8 PC=401C -- 00401C: movea.l (A7)+, A6
D0=C410 D1=DCA9 D2=0 D3=FFFF D4=10404480 D5=84418512 D6=84418512 D7=FFFF A0=3C0002 A1=100D00 A2=F6CF0 A3=108F44 A4=10F10FE A5=108000 A6=108E3C PC=401E -- 00401E: btst    #$5, ($4,A4)
D0=C410 D1=DCA9 D2=0 D3=FFFF D4=10404480 D5=84418512 D6=84418512 D7=FFFF A0=3C0002 A1=100D00 A2=F6CF0 A3=108F44 A4=10F10FE A5=108000 A6=108E3C PC=4024 -- 004024: beq     $4056
D0=C410 D1=DCA9 D2=0 D3=FFFF D4=10404480 D5=84418512 D6=84418512 D7=FFFF A0=3C0002 A1=100D00 A2=F6CF0 A3=108F44 A4=10F10FE A5=108000 A6=108E3C PC=4056 -- 004056: tst.b   ($7c,A1)
D0=C410 D1=DCA9 D2=0 D3=FFFF D4=10404480 D5=84418512 D6=84418512 D7=FFFF A0=3C0002 A1=100D00 A2=F6CF0 A3=108F44 A4=10F10FE A5=108000 A6=108E3C PC=405A -- 00405A: bpl     $4064
D0=C410 D1=DCA9 D2=0 D3=FFFF D4=10404480 D5=84418512 D6=84418512 D7=FFFF A0=3C0002 A1=100D00 A2=F6CF0 A3=108F44 A4=10F10FE A5=108000 A6=108E3C PC=4064 -- 004064: movea.l (A7)+, A0
D0=C410 D1=DCA9 D2=0 D3=FFFF D4=10404480 D5=84418512 D6=84418512 D7=FFFF A0=108908 A1=100D00 A2=F6CF0 A3=108F44 A4=10F10FE A5=108000 A6=108E3C PC=4066 -- 004066: subq.w  #1, ($e3a,A5)
D0=C410 D1=DCA9 D2=0 D3=FFFF D4=10404480 D5=84418512 D6=84418512 D7=FFFF A0=108908 A1=100D00 A2=F6CF0 A3=108F44 A4=10F10FE A5=108000 A6=108E3C PC=406A -- 00406A: bne     $3f32
D0=C410 D1=DCA9 D2=0 D3=FFFF D4=10404480 D5=84418512 D6=84418512 D7=FFFF A0=108908 A1=100D00 A2=F6CF0 A3=108F44 A4=10F10FE A5=108000 A6=108E3C PC=3F32 -- 003F32: move.w  (A0)+, D0
D0=B00 D1=DCA9 D2=0 D3=FFFF D4=10404480 D5=84418512 D6=84418512 D7=FFFF A0=10890A A1=100D00 A2=F6CF0 A3=108F44 A4=10F10FE A5=108000 A6=108E3C PC=3F34 -- 003F34: beq     $3f32
D0=B00 D1=DCA9 D2=0 D3=FFFF D4=10404480 D5=84418512 D6=84418512 D7=FFFF A0=10890A A1=100D00 A2=F6CF0 A3=108F44 A4=10F10FE A5=108000 A6=108E3C PC=3F36 -- 003F36: clr.w   (-$2,A0)
D0=B00 D1=DCA9 D2=0 D3=FFFF D4=10404480 D5=84418512 D6=84418512 D7=FFFF A0=10890A A1=100D00 A2=F6CF0 A3=108F44 A4=10F10FE A5=108000 A6=108E3C PC=3F3A -- 003F3A: move.l  A5, D1
D0=B00 D1=108000 D2=0 D3=FFFF D4=10404480 D5=84418512 D6=84418512 D7=FFFF A0=10890A A1=100D00 A2=F6CF0 A3=108F44 A4=10F10FE A5=108000 A6=108E3C PC=3F3C -- 003F3C: move.w  D0, D1
D0=B00 D1=100B00 D2=0 D3=FFFF D4=10404480 D5=84418512 D6=84418512 D7=FFFF A0=10890A A1=100D00 A2=F6CF0 A3=108F44 A4=10F10FE A5=108000 A6=108E3C PC=3F3E -- 003F3E: movea.l D1, A1
D0=B00 D1=100B00 D2=0 D3=FFFF D4=10404480 D5=84418512 D6=84418512 D7=FFFF A0=10890A A1=100B00 A2=F6CF0 A3=108F44 A4=10F10FE A5=108000 A6=108E3C PC=3F40 -- 003F40: movea.l ($28,A1), A2
D0=B00 D1=100B00 D2=0 D3=FFFF D4=10404480 D5=84418512 D6=84418512 D7=FFFF A0=10890A A1=100B00 A2=F6CE0 A3=108F44 A4=10F10FE A5=108000 A6=108E3C PC=3F44 -- 003F44: lea     $7bf48.l, A4
D0=B00 D1=100B00 D2=0 D3=FFFF D4=10404480 D5=84418512 D6=84418512 D7=FFFF A0=10890A A1=100B00 A2=F6CE0 A3=108F44 A4=7BF48 A5=108000 A6=108E3C PC=3F4A -- 003F4A: move.w  ($70,A1), D0
D0=1B D1=100B00 D2=0 D3=FFFF D4=10404480 D5=84418512 D6=84418512 D7=FFFF A0=10890A A1=100B00 A2=F6CE0 A3=108F44 A4=7BF48 A5=108000 A6=108E3C PC=3F4E -- 003F4E: add.w   D0, D0
D0=36 D1=100B00 D2=0 D3=FFFF D4=10404480 D5=84418512 D6=84418512 D7=FFFF A0=10890A A1=100B00 A2=F6CE0 A3=108F44 A4=7BF48 A5=108000 A6=108E3C PC=3F50 -- 003F50: add.w   D0, D0
D0=6C D1=100B00 D2=0 D3=FFFF D4=10404480 D5=84418512 D6=84418512 D7=FFFF A0=10890A A1=100B00 A2=F6CE0 A3=108F44 A4=7BF48 A5=108000 A6=108E3C PC=3F52 -- 003F52: movea.l (A4,D0.w), A4
D0=6C D1=100B00 D2=0 D3=FFFF D4=10404480 D5=84418512 D6=84418512 D7=FFFF A0=10890A A1=100B00 A2=F6CE0 A3=108F44 A4=7F5E0 A5=108000 A6=108E3C PC=3F56 -- 003F56: move.w  ($72,A1), D0
D0=35 D1=100B00 D2=0 D3=FFFF D4=10404480 D5=84418512 D6=84418512 D7=FFFF A0=10890A A1=100B00 A2=F6CE0 A3=108F44 A4=7F5E0 A5=108000 A6=108E3C PC=3F5A -- 003F5A: add.w   D0, D0
D0=6A D1=100B00 D2=0 D3=FFFF D4=10404480 D5=84418512 D6=84418512 D7=FFFF A0=10890A A1=100B00 A2=F6CE0 A3=108F44 A4=7F5E0 A5=108000 A6=108E3C PC=3F5C -- 003F5C: move.w  (A4,D0.w), ($46de,A5)
D0=6A D1=100B00 D2=0 D3=FFFF D4=10404480 D5=84418512 D6=84418512 D7=FFFF A0=10890A A1=100B00 A2=F6CE0 A3=108F44 A4=7F5E0 A5=108000 A6=108E3C PC=3F62 -- 003F62: lea     $80000.l, A4
D0=6A D1=100B00 D2=0 D3=FFFF D4=10404480 D5=84418512 D6=84418512 D7=FFFF A0=10890A A1=100B00 A2=F6CE0 A3=108F44 A4=80000 A5=108000 A6=108E3C PC=3F68 -- 003F68: move.w  ($70,A1), D0
D0=1B D1=100B00 D2=0 D3=FFFF D4=10404480 D5=84418512 D6=84418512 D7=FFFF A0=10890A A1=100B00 A2=F6CE0 A3=108F44 A4=80000 A5=108000 A6=108E3C PC=3F6C -- 003F6C: add.w   D0, D0
D0=36 D1=100B00 D2=0 D3=FFFF D4=10404480 D5=84418512 D6=84418512 D7=FFFF A0=10890A A1=100B00 A2=F6CE0 A3=108F44 A4=80000 A5=108000 A6=108E3C PC=3F6E -- 003F6E: add.w   D0, D0
D0=6C D1=100B00 D2=0 D3=FFFF D4=10404480 D5=84418512 D6=84418512 D7=FFFF A0=10890A A1=100B00 A2=F6CE0 A3=108F44 A4=80000 A5=108000 A6=108E3C PC=3F70 -- 003F70: movea.l (A4,D0.w), A4
D0=6C D1=100B00 D2=0 D3=FFFF D4=10404480 D5=84418512 D6=84418512 D7=FFFF A0=10890A A1=100B00 A2=F6CE0 A3=108F44 A4=86E00 A5=108000 A6=108E3C PC=3F74 -- 003F74: move.w  ($46de,A5), D0
D0=3535 D1=100B00 D2=0 D3=FFFF D4=10404480 D5=84418512 D6=84418512 D7=FFFF A0=10890A A1=100B00 A2=F6CE0 A3=108F44 A4=86E00 A5=108000 A6=108E3C PC=3F78 -- 003F78: tst.b   ($46e2,A5)
D0=3535 D1=100B00 D2=0 D3=FFFF D4=10404480 D5=84418512 D6=84418512 D7=FFFF A0=10890A A1=100B00 A2=F6CE0 A3=108F44 A4=86E00 A5=108000 A6=108E3C PC=3F7C -- 003F7C: beq     $3f82
D0=3535 D1=100B00 D2=0 D3=FFFF D4=10404480 D5=84418512 D6=84418512 D7=FFFF A0=10890A A1=100B00 A2=F6CE0 A3=108F44 A4=86E00 A5=108000 A6=108E3C PC=3F82 -- 003F82: andi.w  #$ff, D0
D0=35 D1=100B00 D2=0 D3=FFFF D4=10404480 D5=84418512 D6=84418512 D7=FFFF A0=10890A A1=100B00 A2=F6CE0 A3=108F44 A4=86E00 A5=108000 A6=108E3C PC=3F86 -- 003F86: add.w   D0, D0
D0=6A D1=100B00 D2=0 D3=FFFF D4=10404480 D5=84418512 D6=84418512 D7=FFFF A0=10890A A1=100B00 A2=F6CE0 A3=108F44 A4=86E00 A5=108000 A6=108E3C PC=3F88 -- 003F88: add.w   D0, D0
D0=D4 D1=100B00 D2=0 D3=FFFF D4=10404480 D5=84418512 D6=84418512 D7=FFFF A0=10890A A1=100B00 A2=F6CE0 A3=108F44 A4=86E00 A5=108000 A6=108E3C PC=3F8A -- 003F8A: movea.l (A4,D0.w), A4
D0=D4 D1=100B00 D2=0 D3=FFFF D4=10404480 D5=84418512 D6=84418512 D7=FFFF A0=10890A A1=100B00 A2=F6CE0 A3=108F44 A4=F30FA A5=108000 A6=108E3C PC=3F8E -- 003F8E: move.w  ($74,A1), D0
D0=0 D1=100B00 D2=0 D3=FFFF D4=10404480 D5=84418512 D6=84418512 D7=FFFF A0=10890A A1=100B00 A2=F6CE0 A3=108F44 A4=F30FA A5=108000 A6=108E3C PC=3F92 -- 003F92: adda.w  D0, A4
D0=0 D1=100B00 D2=0 D3=FFFF D4=10404480 D5=84418512 D6=84418512 D7=FFFF A0=10890A A1=100B00 A2=F6CE0 A3=108F44 A4=F30FA A5=108000 A6=108E3C PC=3F94 -- 003F94: move.l  (A4), D0
D0=10F10F2 D1=100B00 D2=0 D3=FFFF D4=10404480 D5=84418512 D6=84418512 D7=FFFF A0=10890A A1=100B00 A2=F6CE0 A3=108F44 A4=F30FA A5=108000 A6=108E3C PC=3F96 -- 003F96: movea.l D0, A4
D0=10F10F2 D1=100B00 D2=0 D3=FFFF D4=10404480 D5=84418512 D6=84418512 D7=FFFF A0=10890A A1=100B00 A2=F6CE0 A3=108F44 A4=10F10F2 A5=108000 A6=108E3C PC=3F98 -- 003F98: move.l  A0, -(A7)
D0=10F10F2 D1=100B00 D2=0 D3=FFFF D4=10404480 D5=84418512 D6=84418512 D7=FFFF A0=10890A A1=100B00 A2=F6CE0 A3=108F44 A4=10F10F2 A5=108000 A6=108E3C PC=3F9A -- 003F9A: lea     $3c0002.l, A0
D0=10F10F2 D1=100B00 D2=0 D3=FFFF D4=10404480 D5=84418512 D6=84418512 D7=FFFF A0=3C0002 A1=100B00 A2=F6CE0 A3=108F44 A4=10F10F2 A5=108000 A6=108E3C PC=3FA0 -- 003FA0: tst.b   ($7c,A1)
D0=10F10F2 D1=100B00 D2=0 D3=FFFF D4=10404480 D5=84418512 D6=84418512 D7=FFFF A0=3C0002 A1=100B00 A2=F6CE0 A3=108F44 A4=10F10F2 A5=108000 A6=108E3C PC=3FA4 -- 003FA4: bpl     $3fc0
D0=10F10F2 D1=100B00 D2=0 D3=FFFF D4=10404480 D5=84418512 D6=84418512 D7=FFFF A0=3C0002 A1=100B00 A2=F6CE0 A3=108F44 A4=10F10F2 A5=108000 A6=108E3C PC=3FC0 -- 003FC0: moveq   #$0, D0
D0=0 D1=100B00 D2=0 D3=FFFF D4=10404480 D5=84418512 D6=84418512 D7=FFFF A0=3C0002 A1=100B00 A2=F6CE0 A3=108F44 A4=10F10F2 A5=108000 A6=108E3C PC=3FC2 -- 003FC2: move.b  (A2), D0
D0=1 D1=100B00 D2=0 D3=FFFF D4=10404480 D5=84418512 D6=84418512 D7=FFFF A0=3C0002 A1=100B00 A2=F6CE0 A3=108F44 A4=10F10F2 A5=108000 A6=108E3C PC=3FC4 -- 003FC4: sub.w   D0, ($794,A5)
D0=1 D1=100B00 D2=0 D3=FFFF D4=10404480 D5=84418512 D6=84418512 D7=FFFF A0=3C0002 A1=100B00 A2=F6CE0 A3=108F44 A4=10F10F2 A5=108000 A6=108E3C PC=3FC8 -- 003FC8: bcc     $3fd2
D0=1 D1=100B00 D2=0 D3=FFFF D4=10404480 D5=84418512 D6=84418512 D7=FFFF A0=3C0002 A1=100B00 A2=F6CE0 A3=108F44 A4=10F10F2 A5=108000 A6=108E3C PC=3FD2 -- 003FD2: move.l  A6, -(A7)
D0=1 D1=100B00 D2=0 D3=FFFF D4=10404480 D5=84418512 D6=84418512 D7=FFFF A0=3C0002 A1=100B00 A2=F6CE0 A3=108F44 A4=10F10F2 A5=108000 A6=108E3C PC=3FD4 -- 003FD4: btst    #$6, ($7c,A1)
D0=1 D1=100B00 D2=0 D3=FFFF D4=10404480 D5=84418512 D6=84418512 D7=FFFF A0=3C0002 A1=100B00 A2=F6CE0 A3=108F44 A4=10F10F2 A5=108000 A6=108E3C PC=3FDA -- 003FDA: bne     $400c
D0=1 D1=100B00 D2=0 D3=FFFF D4=10404480 D5=84418512 D6=84418512 D7=FFFF A0=3C0002 A1=100B00 A2=F6CE0 A3=108F44 A4=10F10F2 A5=108000 A6=108E3C PC=3FDE -- 003FDE: moveq   #$0, D1
D0=1 D1=0 D2=0 D3=FFFF D4=10404480 D5=84418512 D6=84418512 D7=FFFF A0=3C0002 A1=100B00 A2=F6CE0 A3=108F44 A4=10F10F2 A5=108000 A6=108E3C PC=3FE0 -- 003FE0: move.b  ($82,A1), D1
D0=1 D1=0 D2=0 D3=FFFF D4=10404480 D5=84418512 D6=84418512 D7=FFFF A0=3C0002 A1=100B00 A2=F6CE0 A3=108F44 A4=10F10F2 A5=108000 A6=108E3C PC=3FE4 -- 003FE4: add.w   D1, D1
D0=1 D1=0 D2=0 D3=FFFF D4=10404480 D5=84418512 D6=84418512 D7=FFFF A0=3C0002 A1=100B00 A2=F6CE0 A3=108F44 A4=10F10F2 A5=108000 A6=108E3C PC=3FE6 -- 003FE6: add.w   D1, D1
D0=1 D1=0 D2=0 D3=FFFF D4=10404480 D5=84418512 D6=84418512 D7=FFFF A0=3C0002 A1=100B00 A2=F6CE0 A3=108F44 A4=10F10F2 A5=108000 A6=108E3C PC=3FE8 -- 003FE8: move.w  ($18,A1), D0
D0=90 D1=0 D2=0 D3=FFFF D4=10404480 D5=84418512 D6=84418512 D7=FFFF A0=3C0002 A1=100B00 A2=F6CE0 A3=108F44 A4=10F10F2 A5=108000 A6=108E3C PC=3FEC -- 003FEC: lea     ($104c,A5), A6
D0=90 D1=0 D2=0 D3=FFFF D4=10404480 D5=84418512 D6=84418512 D7=FFFF A0=3C0002 A1=100B00 A2=F6CE0 A3=108F44 A4=10F10F2 A5=108000 A6=10904C PC=3FF0 -- 003FF0: sub.w   (A6,D1.w), D0
D0=90 D1=0 D2=0 D3=FFFF D4=10404480 D5=84418512 D6=84418512 D7=FFFF A0=3C0002 A1=100B00 A2=F6CE0 A3=108F44 A4=10F10F2 A5=108000 A6=10904C PC=3FF4 -- 003FF4: move.w  D0, ($24,A1)
D0=90 D1=0 D2=0 D3=FFFF D4=10404480 D5=84418512 D6=84418512 D7=FFFF A0=3C0002 A1=100B00 A2=F6CE0 A3=108F44 A4=10F10F2 A5=108000 A6=10904C PC=3FF8 -- 003FF8: move.w  ($1c,A1), D0
D0=70 D1=0 D2=0 D3=FFFF D4=10404480 D5=84418512 D6=84418512 D7=FFFF A0=3C0002 A1=100B00 A2=F6CE0 A3=108F44 A4=10F10F2 A5=108000 A6=10904C PC=3FFC -- 003FFC: sub.w   ($20,A1), D0
D0=70 D1=0 D2=0 D3=FFFF D4=10404480 D5=84418512 D6=84418512 D7=FFFF A0=3C0002 A1=100B00 A2=F6CE0 A3=108F44 A4=10F10F2 A5=108000 A6=10904C PC=4000 -- 004000: lea     ($1058,A5), A6
D0=70 D1=0 D2=0 D3=FFFF D4=10404480 D5=84418512 D6=84418512 D7=FFFF A0=3C0002 A1=100B00 A2=F6CE0 A3=108F44 A4=10F10F2 A5=108000 A6=109058 PC=4004 -- 004004: sub.w   (A6,D1.w), D0
D0=70 D1=0 D2=0 D3=FFFF D4=10404480 D5=84418512 D6=84418512 D7=FFFF A0=3C0002 A1=100B00 A2=F6CE0 A3=108F44 A4=10F10F2 A5=108000 A6=109058 PC=4008 -- 004008: move.w  D0, ($26,A1)
D0=70 D1=0 D2=0 D3=FFFF D4=10404480 D5=84418512 D6=84418512 D7=FFFF A0=3C0002 A1=100B00 A2=F6CE0 A3=108F44 A4=10F10F2 A5=108000 A6=109058 PC=400C -- 00400C: tst.b   ($3a66,A5)
D0=70 D1=0 D2=0 D3=FFFF D4=10404480 D5=84418512 D6=84418512 D7=FFFF A0=3C0002 A1=100B00 A2=F6CE0 A3=108F44 A4=10F10F2 A5=108000 A6=109058 PC=4010 -- 004010: bmi     $4018
D0=70 D1=0 D2=0 D3=FFFF D4=10404480 D5=84418512 D6=84418512 D7=FFFF A0=3C0002 A1=100B00 A2=F6CE0 A3=108F44 A4=10F10F2 A5=108000 A6=109058 PC=4012 -- 004012: bsr     $4088
D0=70 D1=0 D2=0 D3=FFFF D4=10404480 D5=84418512 D6=84418512 D7=FFFF A0=3C0002 A1=100B00 A2=F6CE0 A3=108F44 A4=10F10F2 A5=108000 A6=109058 PC=4088 -- 004088: move.w  (A4), D0
D0=0 D1=0 D2=0 D3=FFFF D4=10404480 D5=84418512 D6=84418512 D7=FFFF A0=3C0002 A1=100B00 A2=F6CE0 A3=108F44 A4=10F10F2 A5=108000 A6=109058 PC=408A -- 00408A: move.b  ($31,A1), D1
D0=0 D1=0 D2=0 D3=FFFF D4=10404480 D5=84418512 D6=84418512 D7=FFFF A0=3C0002 A1=100B00 A2=F6CE0 A3=108F44 A4=10F10F2 A5=108000 A6=109058 PC=408E -- 00408E: move.b  ($4,A4), D2
D0=0 D1=0 D2=0 D3=FFFF D4=10404480 D5=84418512 D6=84418512 D7=FFFF A0=3C0002 A1=100B00 A2=F6CE0 A3=108F44 A4=10F10F2 A5=108000 A6=109058 PC=4092 -- 004092: rol.b   #2, D2
D0=0 D1=0 D2=0 D3=FFFF D4=10404480 D5=84418512 D6=84418512 D7=FFFF A0=3C0002 A1=100B00 A2=F6CE0 A3=108F44 A4=10F10F2 A5=108000 A6=109058 PC=4094 -- 004094: eor.w   D2, D1
D0=0 D1=0 D2=0 D3=FFFF D4=10404480 D5=84418512 D6=84418512 D7=FFFF A0=3C0002 A1=100B00 A2=F6CE0 A3=108F44 A4=10F10F2 A5=108000 A6=109058 PC=4096 -- 004096: andi.w  #$3, D1
D0=0 D1=0 D2=0 D3=FFFF D4=10404480 D5=84418512 D6=84418512 D7=FFFF A0=3C0002 A1=100B00 A2=F6CE0 A3=108F44 A4=10F10F2 A5=108000 A6=109058 PC=409A -- 00409A: move.w  D1, ($790,A5)
D0=0 D1=0 D2=0 D3=FFFF D4=10404480 D5=84418512 D6=84418512 D7=FFFF A0=3C0002 A1=100B00 A2=F6CE0 A3=108F44 A4=10F10F2 A5=108000 A6=109058 PC=409E -- 00409E: andi.w  #$1, D1
D0=0 D1=0 D2=0 D3=FFFF D4=10404480 D5=84418512 D6=84418512 D7=FFFF A0=3C0002 A1=100B00 A2=F6CE0 A3=108F44 A4=10F10F2 A5=108000 A6=109058 PC=40A2 -- 0040A2: beq     $40ae
D0=0 D1=0 D2=0 D3=FFFF D4=10404480 D5=84418512 D6=84418512 D7=FFFF A0=3C0002 A1=100B00 A2=F6CE0 A3=108F44 A4=10F10F2 A5=108000 A6=109058 PC=40AE -- 0040AE: moveq   #$0, D1
D0=0 D1=0 D2=0 D3=FFFF D4=10404480 D5=84418512 D6=84418512 D7=FFFF A0=3C0002 A1=100B00 A2=F6CE0 A3=108F44 A4=10F10F2 A5=108000 A6=109058 PC=40B0 -- 0040B0: move.b  ($68,A1), D1
D0=0 D1=FF D2=0 D3=FFFF D4=10404480 D5=84418512 D6=84418512 D7=FFFF A0=3C0002 A1=100B00 A2=F6CE0 A3=108F44 A4=10F10F2 A5=108000 A6=109058 PC=40B4 -- 0040B4: addq.w  #1, D1
D0=0 D1=100 D2=0 D3=FFFF D4=10404480 D5=84418512 D6=84418512 D7=FFFF A0=3C0002 A1=100B00 A2=F6CE0 A3=108F44 A4=10F10F2 A5=108000 A6=109058 PC=40B6 -- 0040B6: muls.w  D1, D0
D0=0 D1=100 D2=0 D3=FFFF D4=10404480 D5=84418512 D6=84418512 D7=FFFF A0=3C0002 A1=100B00 A2=F6CE0 A3=108F44 A4=10F10F2 A5=108000 A6=109058 PC=40B8 -- 0040B8: lsr.l   #8, D0
D0=0 D1=100 D2=0 D3=FFFF D4=10404480 D5=84418512 D6=84418512 D7=FFFF A0=3C0002 A1=100B00 A2=F6CE0 A3=108F44 A4=10F10F2 A5=108000 A6=109058 PC=40BA -- 0040BA: add.w   ($24,A1), D0
D0=90 D1=100 D2=0 D3=FFFF D4=10404480 D5=84418512 D6=84418512 D7=FFFF A0=3C0002 A1=100B00 A2=F6CE0 A3=108F44 A4=10F10F2 A5=108000 A6=109058 PC=40BE -- 0040BE: lsl.w   #7, D0
D0=4800 D1=100 D2=0 D3=FFFF D4=10404480 D5=84418512 D6=84418512 D7=FFFF A0=3C0002 A1=100B00 A2=F6CE0 A3=108F44 A4=10F10F2 A5=108000 A6=109058 PC=40C0 -- 0040C0: move.w  D6, (-$2,A0)
D0=4800 D1=100 D2=0 D3=FFFF D4=10404480 D5=84418512 D6=84418512 D7=FFFF A0=3C0002 A1=100B00 A2=F6CE0 A3=108F44 A4=10F10F2 A5=108000 A6=109058 PC=40C4 -- 0040C4: move.w  D0, (A0)
D0=4800 D1=100 D2=0 D3=FFFF D4=10404480 D5=84418512 D6=84418512 D7=FFFF A0=3C0002 A1=100B00 A2=F6CE0 A3=108F44 A4=10F10F2 A5=108000 A6=109058 PC=40C6 -- 0040C6: moveq   #$0, D0
D0=0 D1=100 D2=0 D3=FFFF D4=10404480 D5=84418512 D6=84418512 D7=FFFF A0=3C0002 A1=100B00 A2=F6CE0 A3=108F44 A4=10F10F2 A5=108000 A6=109058 PC=40C8 -- 0040C8: move.b  (A2), D0
D0=1 D1=100 D2=0 D3=FFFF D4=10404480 D5=84418512 D6=84418512 D7=FFFF A0=3C0002 A1=100B00 A2=F6CE0 A3=108F44 A4=10F10F2 A5=108000 A6=109058 PC=40CA -- 0040CA: add.w   D0, D6
D0=1 D1=100 D2=0 D3=FFFF D4=10404480 D5=84418513 D6=84418513 D7=FFFF A0=3C0002 A1=100B00 A2=F6CE0 A3=108F44 A4=10F10F2 A5=108000 A6=109058 PC=40CC -- 0040CC: move.w  ($2,A4), D0
D0=FFFF D1=100 D2=0 D3=FFFF D4=10404480 D5=84418513 D6=84418513 D7=FFFF A0=3C0002 A1=100B00 A2=F6CE0 A3=108F44 A4=10F10F2 A5=108000 A6=109058 PC=40D0 -- 0040D0: btst    #$1, ($791,A5)
D0=FFFF D1=100 D2=0 D3=FFFF D4=10404480 D5=84418513 D6=84418513 D7=FFFF A0=3C0002 A1=100B00 A2=F6CE0 A3=108F44 A4=10F10F2 A5=108000 A6=109058 PC=40D6 -- 0040D6: beq     $40e4
D0=FFFF D1=100 D2=0 D3=FFFF D4=10404480 D5=84418513 D6=84418513 D7=FFFF A0=3C0002 A1=100B00 A2=F6CE0 A3=108F44 A4=10F10F2 A5=108000 A6=109058 PC=40E4 -- 0040E4: moveq   #$0, D1
D0=FFFF D1=0 D2=0 D3=FFFF D4=10404480 D5=84418513 D6=84418513 D7=FFFF A0=3C0002 A1=100B00 A2=F6CE0 A3=108F44 A4=10F10F2 A5=108000 A6=109058 PC=40E6 -- 0040E6: move.b  ($69,A1), D1
D0=FFFF D1=FF D2=0 D3=FFFF D4=10404480 D5=84418513 D6=84418513 D7=FFFF A0=3C0002 A1=100B00 A2=F6CE0 A3=108F44 A4=10F10F2 A5=108000 A6=109058 PC=40EA -- 0040EA: addq.w  #1, D1
D0=FFFF D1=100 D2=0 D3=FFFF D4=10404480 D5=84418513 D6=84418513 D7=FFFF A0=3C0002 A1=100B00 A2=F6CE0 A3=108F44 A4=10F10F2 A5=108000 A6=109058 PC=40EC -- 0040EC: muls.w  D1, D0
D0=FFFFFF00 D1=100 D2=0 D3=FFFF D4=10404480 D5=84418513 D6=84418513 D7=FFFF A0=3C0002 A1=100B00 A2=F6CE0 A3=108F44 A4=10F10F2 A5=108000 A6=109058 PC=40EE -- 0040EE: lsr.l   #8, D0
D0=FFFFFF D1=100 D2=0 D3=FFFF D4=10404480 D5=84418513 D6=84418513 D7=FFFF A0=3C0002 A1=100B00 A2=F6CE0 A3=108F44 A4=10F10F2 A5=108000 A6=109058 PC=40F0 -- 0040F0: add.w   ($26,A1), D0
D0=FF006F D1=100 D2=0 D3=FFFF D4=10404480 D5=84418513 D6=84418513 D7=FFFF A0=3C0002 A1=100B00 A2=F6CE0 A3=108F44 A4=10F10F2 A5=108000 A6=109058 PC=40F4 -- 0040F4: neg.w   D0
D0=FFFF91 D1=100 D2=0 D3=FFFF D4=10404480 D5=84418513 D6=84418513 D7=FFFF A0=3C0002 A1=100B00 A2=F6CE0 A3=108F44 A4=10F10F2 A5=108000 A6=109058 PC=40F6 -- 0040F6: addi.w  #$1ff, D0
D0=FF0190 D1=100 D2=0 D3=FFFF D4=10404480 D5=84418513 D6=84418513 D7=FFFF A0=3C0002 A1=100B00 A2=F6CE0 A3=108F44 A4=10F10F2 A5=108000 A6=109058 PC=40FA -- 0040FA: lsl.w   #7, D0
D0=FFC800 D1=100 D2=0 D3=FFFF D4=10404480 D5=84418513 D6=84418513 D7=FFFF A0=3C0002 A1=100B00 A2=F6CE0 A3=108F44 A4=10F10F2 A5=108000 A6=109058 PC=40FC -- 0040FC: bsr     $4772
D0=FFC800 D1=100 D2=0 D3=FFFF D4=10404480 D5=84418513 D6=84418513 D7=FFFF A0=3C0002 A1=100B00 A2=F6CE0 A3=108F44 A4=10F10F2 A5=108000 A6=109058 PC=4772 -- 004772: move.w  D0, -(A7)
D0=FFC800 D1=100 D2=0 D3=FFFF D4=10404480 D5=84418513 D6=84418513 D7=FFFF A0=3C0002 A1=100B00 A2=F6CE0 A3=108F44 A4=10F10F2 A5=108000 A6=109058 PC=4774 -- 004774: moveq   #-$1, D0
D0=FFFFFFFF D1=100 D2=0 D3=FFFF D4=10404480 D5=84418513 D6=84418513 D7=FFFF A0=3C0002 A1=100B00 A2=F6CE0 A3=108F44 A4=10F10F2 A5=108000 A6=109058 PC=4776 -- 004776: moveq   #$0, D1
D0=FFFFFFFF D1=0 D2=0 D3=FFFF D4=10404480 D5=84418513 D6=84418513 D7=FFFF A0=3C0002 A1=100B00 A2=F6CE0 A3=108F44 A4=10F10F2 A5=108000 A6=109058 PC=4778 -- 004778: move.b  ($1,A2), D1
D0=FFFFFFFF D1=1 D2=0 D3=FFFF D4=10404480 D5=84418513 D6=84418513 D7=FFFF A0=3C0002 A1=100B00 A2=F6CE0 A3=108F44 A4=10F10F2 A5=108000 A6=109058 PC=477C -- 00477C: cmpi.b  #-$1, ($69,A1)
D0=FFFFFFFF D1=1 D2=0 D3=FFFF D4=10404480 D5=84418513 D6=84418513 D7=FFFF A0=3C0002 A1=100B00 A2=F6CE0 A3=108F44 A4=10F10F2 A5=108000 A6=109058 PC=4782 -- 004782: beq     $47b4
D0=FFFFFFFF D1=1 D2=0 D3=FFFF D4=10404480 D5=84418513 D6=84418513 D7=FFFF A0=3C0002 A1=100B00 A2=F6CE0 A3=108F44 A4=10F10F2 A5=108000 A6=109058 PC=47B4 -- 0047B4: move.b  D0, ($78f,A5)
D0=FFFFFFFF D1=1 D2=0 D3=FFFF D4=10404480 D5=84418513 D6=84418513 D7=FFFF A0=3C0002 A1=100B00 A2=F6CE0 A3=108F44 A4=10F10F2 A5=108000 A6=109058 PC=47B8 -- 0047B8: move.b  D1, ($78e,A5)
D0=FFFFFFFF D1=1 D2=0 D3=FFFF D4=10404480 D5=84418513 D6=84418513 D7=FFFF A0=3C0002 A1=100B00 A2=F6CE0 A3=108F44 A4=10F10F2 A5=108000 A6=109058 PC=47BC -- 0047BC: move.w  (A7)+, D0
D0=FFFFC800 D1=1 D2=0 D3=FFFF D4=10404480 D5=84418513 D6=84418513 D7=FFFF A0=3C0002 A1=100B00 A2=F6CE0 A3=108F44 A4=10F10F2 A5=108000 A6=109058 PC=47BE -- 0047BE: rts
D0=FFFFC800 D1=1 D2=0 D3=FFFF D4=10404480 D5=84418513 D6=84418513 D7=FFFF A0=3C0002 A1=100B00 A2=F6CE0 A3=108F44 A4=10F10F2 A5=108000 A6=109058 PC=4100 -- 004100: add.b   ($78e,A5), D0
D0=FFFFC801 D1=1 D2=0 D3=FFFF D4=10404480 D5=84418513 D6=84418513 D7=FFFF A0=3C0002 A1=100B00 A2=F6CE0 A3=108F44 A4=10F10F2 A5=108000 A6=109058 PC=4104 -- 004104: move.w  D0, (A3)+
D0=FFFFC801 D1=1 D2=0 D3=FFFF D4=10404480 D5=84418513 D6=84418513 D7=FFFF A0=3C0002 A1=100B00 A2=F6CE0 A3=108F46 A4=10F10F2 A5=108000 A6=109058 PC=4106 -- 004106: moveq   #$0, D0
D0=0 D1=1 D2=0 D3=FFFF D4=10404480 D5=84418513 D6=84418513 D7=FFFF A0=3C0002 A1=100B00 A2=F6CE0 A3=108F46 A4=10F10F2 A5=108000 A6=109058 PC=4108 -- 004108: move.b  (A2), D0
D0=1 D1=1 D2=0 D3=FFFF D4=10404480 D5=84418513 D6=84418513 D7=FFFF A0=3C0002 A1=100B00 A2=F6CE0 A3=108F46 A4=10F10F2 A5=108000 A6=109058 PC=410A -- 00410A: subq.b  #2, D0
D0=FF D1=1 D2=0 D3=FFFF D4=10404480 D5=84418513 D6=84418513 D7=FFFF A0=3C0002 A1=100B00 A2=F6CE0 A3=108F46 A4=10F10F2 A5=108000 A6=109058 PC=410C -- 00410C: bmi     $4118
D0=FF D1=1 D2=0 D3=FFFF D4=10404480 D5=84418513 D6=84418513 D7=FFFF A0=3C0002 A1=100B00 A2=F6CE0 A3=108F46 A4=10F10F2 A5=108000 A6=109058 PC=4118 -- 004118: move.w  #$1, ($2,A0)
D0=FF D1=1 D2=0 D3=FFFF D4=10404480 D5=84418513 D6=84418513 D7=FFFF A0=3C0002 A1=100B00 A2=F6CE0 A3=108F46 A4=10F10F2 A5=108000 A6=109058 PC=411E -- 00411E: move.w  D5, (-$2,A0)
D0=FF D1=1 D2=0 D3=FFFF D4=10404480 D5=84418513 D6=84418513 D7=FFFF A0=3C0002 A1=100B00 A2=F6CE0 A3=108F46 A4=10F10F2 A5=108000 A6=109058 PC=4122 -- 004122: moveq   #$0, D1
D0=FF D1=0 D2=0 D3=FFFF D4=10404480 D5=84418513 D6=84418513 D7=FFFF A0=3C0002 A1=100B00 A2=F6CE0 A3=108F46 A4=10F10F2 A5=108000 A6=109058 PC=4124 -- 004124: move.b  ($68,A1), D0
D0=FF D1=0 D2=0 D3=FFFF D4=10404480 D5=84418513 D6=84418513 D7=FFFF A0=3C0002 A1=100B00 A2=F6CE0 A3=108F46 A4=10F10F2 A5=108000 A6=109058 PC=4128 -- 004128: move.b  D0, D1
D0=FF D1=FF D2=0 D3=FFFF D4=10404480 D5=84418513 D6=84418513 D7=FFFF A0=3C0002 A1=100B00 A2=F6CE0 A3=108F46 A4=10F10F2 A5=108000 A6=109058 PC=412A -- 00412A: andi.w  #$f, D0
D0=F D1=FF D2=0 D3=FFFF D4=10404480 D5=84418513 D6=84418513 D7=FFFF A0=3C0002 A1=100B00 A2=F6CE0 A3=108F46 A4=10F10F2 A5=108000 A6=109058 PC=412E -- 00412E: lsr.b   #4, D1
D0=F D1=F D2=0 D3=FFFF D4=10404480 D5=84418513 D6=84418513 D7=FFFF A0=3C0002 A1=100B00 A2=F6CE0 A3=108F46 A4=10F10F2 A5=108000 A6=109058 PC=4130 -- 004130: tst.b   D1
D0=F D1=F D2=0 D3=FFFF D4=10404480 D5=84418513 D6=84418513 D7=FFFF A0=3C0002 A1=100B00 A2=F6CE0 A3=108F46 A4=10F10F2 A5=108000 A6=109058 PC=4132 -- 004132: beq     $4164
D0=F D1=F D2=0 D3=FFFF D4=10404480 D5=84418513 D6=84418513 D7=FFFF A0=3C0002 A1=100B00 A2=F6CE0 A3=108F46 A4=10F10F2 A5=108000 A6=109058 PC=4134 -- 004134: lea     $4f9d2.l, A6
D0=F D1=F D2=0 D3=FFFF D4=10404480 D5=84418513 D6=84418513 D7=FFFF A0=3C0002 A1=100B00 A2=F6CE0 A3=108F46 A4=10F10F2 A5=108000 A6=4F9D2 PC=413A -- 00413A: lsl.w   #5, D0
D0=1E0 D1=F D2=0 D3=FFFF D4=10404480 D5=84418513 D6=84418513 D7=FFFF A0=3C0002 A1=100B00 A2=F6CE0 A3=108F46 A4=10F10F2 A5=108000 A6=4F9D2 PC=413C -- 00413C: adda.w  D0, A6
D0=1E0 D1=F D2=0 D3=FFFF D4=10404480 D5=84418513 D6=84418513 D7=FFFF A0=3C0002 A1=100B00 A2=F6CE0 A3=108F46 A4=10F10F2 A5=108000 A6=4FBB2 PC=413E -- 00413E: moveq   #$f, D0
D0=F D1=F D2=0 D3=FFFF D4=10404480 D5=84418513 D6=84418513 D7=FFFF A0=3C0002 A1=100B00 A2=F6CE0 A3=108F46 A4=10F10F2 A5=108000 A6=4FBB2 PC=4140 -- 004140: moveq   #$0, D2
D0=F D1=F D2=0 D3=FFFF D4=10404480 D5=84418513 D6=84418513 D7=FFFF A0=3C0002 A1=100B00 A2=F6CE0 A3=108F46 A4=10F10F2 A5=108000 A6=4FBB2 PC=4142 -- 004142: move.b  (A2), D2
D0=F D1=F D2=1 D3=FFFF D4=10404480 D5=84418513 D6=84418513 D7=FFFF A0=3C0002 A1=100B00 A2=F6CE0 A3=108F46 A4=10F10F2 A5=108000 A6=4FBB2 PC=4144 -- 004144: lsr.w   #1, D2
D0=F D1=F D2=0 D3=FFFF D4=10404480 D5=84418513 D6=84418513 D7=FFFF A0=3C0002 A1=100B00 A2=F6CE0 A3=108F46 A4=10F10F2 A5=108000 A6=4FBB2 PC=4146 -- 004146: sub.w   D2, D0
D0=F D1=F D2=0 D3=FFFF D4=10404480 D5=84418513 D6=84418513 D7=FFFF A0=3C0002 A1=100B00 A2=F6CE0 A3=108F46 A4=10F10F2 A5=108000 A6=4FBB2 PC=4148 -- 004148: adda.l  D0, A6
D0=F D1=F D2=0 D3=FFFF D4=10404480 D5=84418513 D6=84418513 D7=FFFF A0=3C0002 A1=100B00 A2=F6CE0 A3=108F46 A4=10F10F2 A5=108000 A6=4FBC1 PC=414A -- 00414A: move.b  (A2), D0
D0=1 D1=F D2=0 D3=FFFF D4=10404480 D5=84418513 D6=84418513 D7=FFFF A0=3C0002 A1=100B00 A2=F6CE0 A3=108F46 A4=10F10F2 A5=108000 A6=4FBC1 PC=414C -- 00414C: add.w   D0, D5
D0=1 D1=F D2=0 D3=FFFF D4=10404480 D5=84418513 D6=84418513 D7=FFFF A0=3C0002 A1=100B00 A2=F6CE0 A3=108F46 A4=10F10F2 A5=108000 A6=4FBC1 PC=414E -- 00414E: subq.b  #1, D0
D0=0 D1=F D2=0 D3=FFFF D4=10404480 D5=84418513 D6=84418513 D7=FFFF A0=3C0002 A1=100B00 A2=F6CE0 A3=108F46 A4=10F10F2 A5=108000 A6=4FBC1 PC=4150 -- 004150: move.b  D1, D2
D0=0 D1=F D2=F D3=FFFF D4=10404480 D5=84418513 D6=84418513 D7=FFFF A0=3C0002 A1=100B00 A2=F6CE0 A3=108F46 A4=10F10F2 A5=108000 A6=4FBC1 PC=4152 -- 004152: sub.b   (A6)+, D2
D0=0 D1=F D2=F D3=FFFF D4=10404480 D5=84418513 D6=84418513 D7=FFFF A0=3C0002 A1=100B00 A2=F6CE0 A3=108F46 A4=10F10F2 A5=108000 A6=4FBC2 PC=4154 -- 004154: lsl.w   #8, D2
D0=0 D1=F D2=F00 D3=FFFF D4=10404480 D5=84418513 D6=84418513 D7=FFFF A0=3C0002 A1=100B00 A2=F6CE0 A3=108F46 A4=10F10F2 A5=108000 A6=4FBC2 PC=4156 -- 004156: move.b  ($69,A1), D2
D0=0 D1=F D2=FFF D3=FFFF D4=10404480 D5=84418513 D6=84418513 D7=FFFF A0=3C0002 A1=100B00 A2=F6CE0 A3=108F46 A4=10F10F2 A5=108000 A6=4FBC2 PC=415A -- 00415A: move.w  D2, (A0)
D0=0 D1=F D2=FFF D3=FFFF D4=10404480 D5=84418513 D6=84418513 D7=FFFF A0=3C0002 A1=100B00 A2=F6CE0 A3=108F46 A4=10F10F2 A5=108000 A6=4FBC2 PC=415C -- 00415C: dbra    D0, $4150
D0=FFFF D1=F D2=FFF D3=FFFF D4=10404480 D5=84418513 D6=84418513 D7=FFFF A0=3C0002 A1=100B00 A2=F6CE0 A3=108F46 A4=10F10F2 A5=108000 A6=4FBC2 PC=4160 -- 004160: bra     $4178
D0=FFFF D1=F D2=FFF D3=FFFF D4=10404480 D5=84418513 D6=84418513 D7=FFFF A0=3C0002 A1=100B00 A2=F6CE0 A3=108F46 A4=10F10F2 A5=108000 A6=4FBC2 PC=4178 -- 004178: move.b  ($2,A2), D0
D0=FFC3 D1=F D2=FFF D3=FFFF D4=10404480 D5=84418513 D6=84418513 D7=FFFF A0=3C0002 A1=100B00 A2=F6CE0 A3=108F46 A4=10F10F2 A5=108000 A6=4FBC2 PC=417C -- 00417C: tst.b   ($80,A1)
D0=FFC3 D1=F D2=FFF D3=FFFF D4=10404480 D5=84418513 D6=84418513 D7=FFFF A0=3C0002 A1=100B00 A2=F6CE0 A3=108F46 A4=10F10F2 A5=108000 A6=4FBC2 PC=4180 -- 004180: beq     $4188
D0=FFC3 D1=F D2=FFF D3=FFFF D4=10404480 D5=84418513 D6=84418513 D7=FFFF A0=3C0002 A1=100B00 A2=F6CE0 A3=108F46 A4=10F10F2 A5=108000 A6=4FBC2 PC=4188 -- 004188: add.b   ($30,A1), D0
D0=FFC3 D1=F D2=FFF D3=FFFF D4=10404480 D5=84418513 D6=84418513 D7=FFFF A0=3C0002 A1=100B00 A2=F6CE0 A3=108F46 A4=10F10F2 A5=108000 A6=4FBC2 PC=418C -- 00418C: lsl.w   #8, D0
D0=C300 D1=F D2=FFF D3=FFFF D4=10404480 D5=84418513 D6=84418513 D7=FFFF A0=3C0002 A1=100B00 A2=F6CE0 A3=108F46 A4=10F10F2 A5=108000 A6=4FBC2 PC=418E -- 00418E: tst.b   ($3,A2)
D0=C300 D1=F D2=FFF D3=FFFF D4=10404480 D5=84418513 D6=84418513 D7=FFFF A0=3C0002 A1=100B00 A2=F6CE0 A3=108F46 A4=10F10F2 A5=108000 A6=4FBC2 PC=4192 -- 004192: beq     $4198
D0=C300 D1=F D2=FFF D3=FFFF D4=10404480 D5=84418513 D6=84418513 D7=FFFF A0=3C0002 A1=100B00 A2=F6CE0 A3=108F46 A4=10F10F2 A5=108000 A6=4FBC2 PC=4194 -- 004194: move.b  #$10, D0
D0=C310 D1=F D2=FFF D3=FFFF D4=10404480 D5=84418513 D6=84418513 D7=FFFF A0=3C0002 A1=100B00 A2=F6CE0 A3=108F46 A4=10F10F2 A5=108000 A6=4FBC2 PC=4198 -- 004198: move.w  ($4,A2), D1
D0=C310 D1=DCA6 D2=FFF D3=FFFF D4=10404480 D5=84418513 D6=84418513 D7=FFFF A0=3C0002 A1=100B00 A2=F6CE0 A3=108F46 A4=10F10F2 A5=108000 A6=4FBC2 PC=419C -- 00419C: moveq   #$0, D3
D0=C310 D1=DCA6 D2=FFF D3=0 D4=10404480 D5=84418513 D6=84418513 D7=FFFF A0=3C0002 A1=100B00 A2=F6CE0 A3=108F46 A4=10F10F2 A5=108000 A6=4FBC2 PC=419E -- 00419E: move.b  (A2), D3
D0=C310 D1=DCA6 D2=FFF D3=1 D4=10404480 D5=84418513 D6=84418513 D7=FFFF A0=3C0002 A1=100B00 A2=F6CE0 A3=108F46 A4=10F10F2 A5=108000 A6=4FBC2 PC=41A0 -- 0041A0: subq.b  #1, D3
D0=C310 D1=DCA6 D2=FFF D3=0 D4=10404480 D5=84418513 D6=84418513 D7=FFFF A0=3C0002 A1=100B00 A2=F6CE0 A3=108F46 A4=10F10F2 A5=108000 A6=4FBC2 PC=41A2 -- 0041A2: move.w  ($790,A5), D7
D0=C310 D1=DCA6 D2=FFF D3=0 D4=10404480 D5=84418513 D6=84418513 D7=0 A0=3C0002 A1=100B00 A2=F6CE0 A3=108F46 A4=10F10F2 A5=108000 A6=4FBC2 PC=41A6 -- 0041A6: add.w   D7, D7
D0=C310 D1=DCA6 D2=FFF D3=0 D4=10404480 D5=84418513 D6=84418513 D7=0 A0=3C0002 A1=100B00 A2=F6CE0 A3=108F46 A4=10F10F2 A5=108000 A6=4FBC2 PC=41A8 -- 0041A8: add.w   D7, D7
D0=C310 D1=DCA6 D2=FFF D3=0 D4=10404480 D5=84418513 D6=84418513 D7=0 A0=3C0002 A1=100B00 A2=F6CE0 A3=108F46 A4=10F10F2 A5=108000 A6=4FBC2 PC=41AA -- 0041AA: movea.l ($4,PC,D7.w), A6
D0=C310 D1=DCA6 D2=FFF D3=0 D4=10404480 D5=84418513 D6=84418513 D7=0 A0=3C0002 A1=100B00 A2=F6CE0 A3=108F46 A4=10F10F2 A5=108000 A6=428C PC=41AE -- 0041AE: jmp     (A6)
D0=C310 D1=DCA6 D2=FFF D3=0 D4=10404480 D5=84418513 D6=84418513 D7=0 A0=3C0002 A1=100B00 A2=F6CE0 A3=108F46 A4=10F10F2 A5=108000 A6=428C PC=428C -- 00428C: lea     ($6,A2), A6
D0=C310 D1=DCA6 D2=FFF D3=0 D4=10404480 D5=84418513 D6=84418513 D7=0 A0=3C0002 A1=100B00 A2=F6CE0 A3=108F46 A4=10F10F2 A5=108000 A6=F6CE6 PC=4290 -- 004290: move.w  #$1, ($2,A0)
D0=C310 D1=DCA6 D2=FFF D3=0 D4=10404480 D5=84418513 D6=84418513 D7=0 A0=3C0002 A1=100B00 A2=F6CE0 A3=108F46 A4=10F10F2 A5=108000 A6=F6CE6 PC=4296 -- 004296: moveq   #$0, D7
D0=C310 D1=DCA6 D2=FFF D3=0 D4=10404480 D5=84418513 D6=84418513 D7=0 A0=3C0002 A1=100B00 A2=F6CE0 A3=108F46 A4=10F10F2 A5=108000 A6=F6CE6 PC=4298 -- 004298: move.b  ($1,A2), D7
D0=C310 D1=DCA6 D2=FFF D3=0 D4=10404480 D5=84418513 D6=84418513 D7=1 A0=3C0002 A1=100B00 A2=F6CE0 A3=108F46 A4=10F10F2 A5=108000 A6=F6CE6 PC=429C -- 00429C: subq.b  #1, D7
D0=C310 D1=DCA6 D2=FFF D3=0 D4=10404480 D5=84418513 D6=84418513 D7=0 A0=3C0002 A1=100B00 A2=F6CE0 A3=108F46 A4=10F10F2 A5=108000 A6=F6CE6 PC=429E -- 00429E: move.w  (A6)+, D2
D0=C310 D1=DCA6 D2=8000 D3=0 D4=10404480 D5=84418513 D6=84418513 D7=0 A0=3C0002 A1=100B00 A2=F6CE0 A3=108F46 A4=10F10F2 A5=108000 A6=F6CE8 PC=42A0 -- 0042A0: move.w  D4, (-$2,A0)
D0=C310 D1=DCA6 D2=8000 D3=0 D4=10404480 D5=84418513 D6=84418513 D7=0 A0=3C0002 A1=100B00 A2=F6CE0 A3=108F46 A4=10F10F2 A5=108000 A6=F6CE8 PC=42A4 -- 0042A4: add.w   D2, D2
D0=C310 D1=DCA6 D2=0 D3=0 D4=10404480 D5=84418513 D6=84418513 D7=0 A0=3C0002 A1=100B00 A2=F6CE0 A3=108F46 A4=10F10F2 A5=108000 A6=F6CE8 PC=42A6 -- 0042A6: bcc     $42b8
D0=C310 D1=DCA6 D2=0 D3=0 D4=10404480 D5=84418513 D6=84418513 D7=0 A0=3C0002 A1=100B00 A2=F6CE0 A3=108F46 A4=10F10F2 A5=108000 A6=F6CE8 PC=42A8 -- 0042A8: move.w  D1, (A0)
D0=C310 D1=DCA6 D2=0 D3=0 D4=10404480 D5=84418513 D6=84418513 D7=0 A0=3C0002 A1=100B00 A2=F6CE0 A3=108F46 A4=10F10F2 A5=108000 A6=F6CE8 PC=42AA -- 0042AA: nop
D0=C310 D1=DCA6 D2=0 D3=0 D4=10404480 D5=84418513 D6=84418513 D7=0 A0=3C0002 A1=100B00 A2=F6CE0 A3=108F46 A4=10F10F2 A5=108000 A6=F6CE8 PC=42AC -- 0042AC: move.w  D0, (A0)
D0=C310 D1=DCA6 D2=0 D3=0 D4=10404480 D5=84418513 D6=84418513 D7=0 A0=3C0002 A1=100B00 A2=F6CE0 A3=108F46 A4=10F10F2 A5=108000 A6=F6CE8 PC=42AE -- 0042AE: addq.w  #1, D1
D0=C310 D1=DCA7 D2=0 D3=0 D4=10404480 D5=84418513 D6=84418513 D7=0 A0=3C0002 A1=100B00 A2=F6CE0 A3=108F46 A4=10F10F2 A5=108000 A6=F6CE8 PC=42B0 -- 0042B0: bcc     $42c0
D0=C310 D1=DCA7 D2=0 D3=0 D4=10404480 D5=84418513 D6=84418513 D7=0 A0=3C0002 A1=100B00 A2=F6CE0 A3=108F46 A4=10F10F2 A5=108000 A6=F6CE8 PC=42C0 -- 0042C0: dbra    D7, $42a4
D0=C310 D1=DCA7 D2=0 D3=0 D4=10404480 D5=84418513 D6=84418513 D7=FFFF A0=3C0002 A1=100B00 A2=F6CE0 A3=108F46 A4=10F10F2 A5=108000 A6=F6CE8 PC=42C4 -- 0042C4: bsr     $47c0
D0=C310 D1=DCA7 D2=0 D3=0 D4=10404480 D5=84418513 D6=84418513 D7=FFFF A0=3C0002 A1=100B00 A2=F6CE0 A3=108F46 A4=10F10F2 A5=108000 A6=F6CE8 PC=47C0 -- 0047C0: tst.b   ($78f,A5)
D0=C310 D1=DCA7 D2=0 D3=0 D4=10404480 D5=84418513 D6=84418513 D7=FFFF A0=3C0002 A1=100B00 A2=F6CE0 A3=108F46 A4=10F10F2 A5=108000 A6=F6CE8 PC=47C4 -- 0047C4: bpl     $47c8
D0=C310 D1=DCA7 D2=0 D3=0 D4=10404480 D5=84418513 D6=84418513 D7=FFFF A0=3C0002 A1=100B00 A2=F6CE0 A3=108F46 A4=10F10F2 A5=108000 A6=F6CE8 PC=47C6 -- 0047C6: rts
D0=C310 D1=DCA7 D2=0 D3=0 D4=10404480 D5=84418513 D6=84418513 D7=FFFF A0=3C0002 A1=100B00 A2=F6CE0 A3=108F46 A4=10F10F2 A5=108000 A6=F6CE8 PC=42C8 -- 0042C8: addi.w  #$40, D4
D0=C310 D1=DCA7 D2=0 D3=0 D4=104044C0 D5=84418513 D6=84418513 D7=FFFF A0=3C0002 A1=100B00 A2=F6CE0 A3=108F46 A4=10F10F2 A5=108000 A6=F6CE8 PC=42CC -- 0042CC: dbra    D3, $4296
D0=C310 D1=DCA7 D2=0 D3=FFFF D4=104044C0 D5=84418513 D6=84418513 D7=FFFF A0=3C0002 A1=100B00 A2=F6CE0 A3=108F46 A4=10F10F2 A5=108000 A6=F6CE8 PC=42D0 -- 0042D0: rts
D0=C310 D1=DCA7 D2=0 D3=FFFF D4=104044C0 D5=84418513 D6=84418513 D7=FFFF A0=3C0002 A1=100B00 A2=F6CE0 A3=108F46 A4=10F10F2 A5=108000 A6=F6CE8 PC=4016 -- 004016: bra     $401c
D0=C310 D1=DCA7 D2=0 D3=FFFF D4=104044C0 D5=84418513 D6=84418513 D7=FFFF A0=3C0002 A1=100B00 A2=F6CE0 A3=108F46 A4=10F10F2 A5=108000 A6=F6CE8 PC=401C -- 00401C: movea.l (A7)+, A6
D0=C310 D1=DCA7 D2=0 D3=FFFF D4=104044C0 D5=84418513 D6=84418513 D7=FFFF A0=3C0002 A1=100B00 A2=F6CE0 A3=108F46 A4=10F10F2 A5=108000 A6=108E3C PC=401E -- 00401E: btst    #$5, ($4,A4)
D0=C310 D1=DCA7 D2=0 D3=FFFF D4=104044C0 D5=84418513 D6=84418513 D7=FFFF A0=3C0002 A1=100B00 A2=F6CE0 A3=108F46 A4=10F10F2 A5=108000 A6=108E3C PC=4024 -- 004024: beq     $4056
D0=C310 D1=DCA7 D2=0 D3=FFFF D4=104044C0 D5=84418513 D6=84418513 D7=FFFF A0=3C0002 A1=100B00 A2=F6CE0 A3=108F46 A4=10F10F2 A5=108000 A6=108E3C PC=4056 -- 004056: tst.b   ($7c,A1)
D0=C310 D1=DCA7 D2=0 D3=FFFF D4=104044C0 D5=84418513 D6=84418513 D7=FFFF A0=3C0002 A1=100B00 A2=F6CE0 A3=108F46 A4=10F10F2 A5=108000 A6=108E3C PC=405A -- 00405A: bpl     $4064
D0=C310 D1=DCA7 D2=0 D3=FFFF D4=104044C0 D5=84418513 D6=84418513 D7=FFFF A0=3C0002 A1=100B00 A2=F6CE0 A3=108F46 A4=10F10F2 A5=108000 A6=108E3C PC=4064 -- 004064: movea.l (A7)+, A0
D0=C310 D1=DCA7 D2=0 D3=FFFF D4=104044C0 D5=84418513 D6=84418513 D7=FFFF A0=10890A A1=100B00 A2=F6CE0 A3=108F46 A4=10F10F2 A5=108000 A6=108E3C PC=4066 -- 004066: subq.w  #1, ($e3a,A5)
D0=C310 D1=DCA7 D2=0 D3=FFFF D4=104044C0 D5=84418513 D6=84418513 D7=FFFF A0=10890A A1=100B00 A2=F6CE0 A3=108F46 A4=10F10F2 A5=108000 A6=108E3C PC=406A -- 00406A: bne     $3f32
D0=C310 D1=DCA7 D2=0 D3=FFFF D4=104044C0 D5=84418513 D6=84418513 D7=FFFF A0=10890A A1=100B00 A2=F6CE0 A3=108F46 A4=10F10F2 A5=108000 A6=108E3C PC=3F32 -- 003F32: move.w  (A0)+, D0
D0=900 D1=DCA7 D2=0 D3=FFFF D4=104044C0 D5=84418513 D6=84418513 D7=FFFF A0=10890C A1=100B00 A2=F6CE0 A3=108F46 A4=10F10F2 A5=108000 A6=108E3C PC=3F34 -- 003F34: beq     $3f32
D0=900 D1=DCA7 D2=0 D3=FFFF D4=104044C0 D5=84418513 D6=84418513 D7=FFFF A0=10890C A1=100B00 A2=F6CE0 A3=108F46 A4=10F10F2 A5=108000 A6=108E3C PC=3F36 -- 003F36: clr.w   (-$2,A0)
D0=900 D1=DCA7 D2=0 D3=FFFF D4=104044C0 D5=84418513 D6=84418513 D7=FFFF A0=10890C A1=100B00 A2=F6CE0 A3=108F46 A4=10F10F2 A5=108000 A6=108E3C PC=3F3A -- 003F3A: move.l  A5, D1
D0=900 D1=108000 D2=0 D3=FFFF D4=104044C0 D5=84418513 D6=84418513 D7=FFFF A0=10890C A1=100B00 A2=F6CE0 A3=108F46 A4=10F10F2 A5=108000 A6=108E3C PC=3F3C -- 003F3C: move.w  D0, D1
D0=900 D1=100900 D2=0 D3=FFFF D4=104044C0 D5=84418513 D6=84418513 D7=FFFF A0=10890C A1=100B00 A2=F6CE0 A3=108F46 A4=10F10F2 A5=108000 A6=108E3C PC=3F3E -- 003F3E: movea.l D1, A1
D0=900 D1=100900 D2=0 D3=FFFF D4=104044C0 D5=84418513 D6=84418513 D7=FFFF A0=10890C A1=100900 A2=F6CE0 A3=108F46 A4=10F10F2 A5=108000 A6=108E3C PC=3F40 -- 003F40: movea.l ($28,A1), A2
D0=900 D1=100900 D2=0 D3=FFFF D4=104044C0 D5=84418513 D6=84418513 D7=FFFF A0=10890C A1=100900 A2=F6CE8 A3=108F46 A4=10F10F2 A5=108000 A6=108E3C PC=3F44 -- 003F44: lea     $7bf48.l, A4
D0=900 D1=100900 D2=0 D3=FFFF D4=104044C0 D5=84418513 D6=84418513 D7=FFFF A0=10890C A1=100900 A2=F6CE8 A3=108F46 A4=7BF48 A5=108000 A6=108E3C PC=3F4A -- 003F4A: move.w  ($70,A1), D0
D0=1B D1=100900 D2=0 D3=FFFF D4=104044C0 D5=84418513 D6=84418513 D7=FFFF A0=10890C A1=100900 A2=F6CE8 A3=108F46 A4=7BF48 A5=108000 A6=108E3C PC=3F4E -- 003F4E: add.w   D0, D0
D0=36 D1=100900 D2=0 D3=FFFF D4=104044C0 D5=84418513 D6=84418513 D7=FFFF A0=10890C A1=100900 A2=F6CE8 A3=108F46 A4=7BF48 A5=108000 A6=108E3C PC=3F50 -- 003F50: add.w   D0, D0
D0=6C D1=100900 D2=0 D3=FFFF D4=104044C0 D5=84418513 D6=84418513 D7=FFFF A0=10890C A1=100900 A2=F6CE8 A3=108F46 A4=7BF48 A5=108000 A6=108E3C PC=3F52 -- 003F52: movea.l (A4,D0.w), A4
D0=6C D1=100900 D2=0 D3=FFFF D4=104044C0 D5=84418513 D6=84418513 D7=FFFF A0=10890C A1=100900 A2=F6CE8 A3=108F46 A4=7F5E0 A5=108000 A6=108E3C PC=3F56 -- 003F56: move.w  ($72,A1), D0
D0=36 D1=100900 D2=0 D3=FFFF D4=104044C0 D5=84418513 D6=84418513 D7=FFFF A0=10890C A1=100900 A2=F6CE8 A3=108F46 A4=7F5E0 A5=108000 A6=108E3C PC=3F5A -- 003F5A: add.w   D0, D0
D0=6C D1=100900 D2=0 D3=FFFF D4=104044C0 D5=84418513 D6=84418513 D7=FFFF A0=10890C A1=100900 A2=F6CE8 A3=108F46 A4=7F5E0 A5=108000 A6=108E3C PC=3F5C -- 003F5C: move.w  (A4,D0.w), ($46de,A5)
D0=6C D1=100900 D2=0 D3=FFFF D4=104044C0 D5=84418513 D6=84418513 D7=FFFF A0=10890C A1=100900 A2=F6CE8 A3=108F46 A4=7F5E0 A5=108000 A6=108E3C PC=3F62 -- 003F62: lea     $80000.l, A4
D0=6C D1=100900 D2=0 D3=FFFF D4=104044C0 D5=84418513 D6=84418513 D7=FFFF A0=10890C A1=100900 A2=F6CE8 A3=108F46 A4=80000 A5=108000 A6=108E3C PC=3F68 -- 003F68: move.w  ($70,A1), D0
D0=1B D1=100900 D2=0 D3=FFFF D4=104044C0 D5=84418513 D6=84418513 D7=FFFF A0=10890C A1=100900 A2=F6CE8 A3=108F46 A4=80000 A5=108000 A6=108E3C PC=3F6C -- 003F6C: add.w   D0, D0
D0=36 D1=100900 D2=0 D3=FFFF D4=104044C0 D5=84418513 D6=84418513 D7=FFFF A0=10890C A1=100900 A2=F6CE8 A3=108F46 A4=80000 A5=108000 A6=108E3C PC=3F6E -- 003F6E: add.w   D0, D0
D0=6C D1=100900 D2=0 D3=FFFF D4=104044C0 D5=84418513 D6=84418513 D7=FFFF A0=10890C A1=100900 A2=F6CE8 A3=108F46 A4=80000 A5=108000 A6=108E3C PC=3F70 -- 003F70: movea.l (A4,D0.w), A4
D0=6C D1=100900 D2=0 D3=FFFF D4=104044C0 D5=84418513 D6=84418513 D7=FFFF A0=10890C A1=100900 A2=F6CE8 A3=108F46 A4=86E00 A5=108000 A6=108E3C PC=3F74 -- 003F74: move.w  ($46de,A5), D0
D0=3636 D1=100900 D2=0 D3=FFFF D4=104044C0 D5=84418513 D6=84418513 D7=FFFF A0=10890C A1=100900 A2=F6CE8 A3=108F46 A4=86E00 A5=108000 A6=108E3C PC=3F78 -- 003F78: tst.b   ($46e2,A5)
D0=3636 D1=100900 D2=0 D3=FFFF D4=104044C0 D5=84418513 D6=84418513 D7=FFFF A0=10890C A1=100900 A2=F6CE8 A3=108F46 A4=86E00 A5=108000 A6=108E3C PC=3F7C -- 003F7C: beq     $3f82
D0=3636 D1=100900 D2=0 D3=FFFF D4=104044C0 D5=84418513 D6=84418513 D7=FFFF A0=10890C A1=100900 A2=F6CE8 A3=108F46 A4=86E00 A5=108000 A6=108E3C PC=3F82 -- 003F82: andi.w  #$ff, D0
D0=36 D1=100900 D2=0 D3=FFFF D4=104044C0 D5=84418513 D6=84418513 D7=FFFF A0=10890C A1=100900 A2=F6CE8 A3=108F46 A4=86E00 A5=108000 A6=108E3C PC=3F86 -- 003F86: add.w   D0, D0
D0=6C D1=100900 D2=0 D3=FFFF D4=104044C0 D5=84418513 D6=84418513 D7=FFFF A0=10890C A1=100900 A2=F6CE8 A3=108F46 A4=86E00 A5=108000 A6=108E3C PC=3F88 -- 003F88: add.w   D0, D0
D0=D8 D1=100900 D2=0 D3=FFFF D4=104044C0 D5=84418513 D6=84418513 D7=FFFF A0=10890C A1=100900 A2=F6CE8 A3=108F46 A4=86E00 A5=108000 A6=108E3C PC=3F8A -- 003F8A: movea.l (A4,D0.w), A4
D0=D8 D1=100900 D2=0 D3=FFFF D4=104044C0 D5=84418513 D6=84418513 D7=FFFF A0=10890C A1=100900 A2=F6CE8 A3=108F46 A4=F3102 A5=108000 A6=108E3C PC=3F8E -- 003F8E: move.w  ($74,A1), D0
D0=0 D1=100900 D2=0 D3=FFFF D4=104044C0 D5=84418513 D6=84418513 D7=FFFF A0=10890C A1=100900 A2=F6CE8 A3=108F46 A4=F3102 A5=108000 A6=108E3C PC=3F92 -- 003F92: adda.w  D0, A4
D0=0 D1=100900 D2=0 D3=FFFF D4=104044C0 D5=84418513 D6=84418513 D7=FFFF A0=10890C A1=100900 A2=F6CE8 A3=108F46 A4=F3102 A5=108000 A6=108E3C PC=3F94 -- 003F94: move.l  (A4), D0
D0=10F10F8 D1=100900 D2=0 D3=FFFF D4=104044C0 D5=84418513 D6=84418513 D7=FFFF A0=10890C A1=100900 A2=F6CE8 A3=108F46 A4=F3102 A5=108000 A6=108E3C PC=3F96 -- 003F96: movea.l D0, A4
D0=10F10F8 D1=100900 D2=0 D3=FFFF D4=104044C0 D5=84418513 D6=84418513 D7=FFFF A0=10890C A1=100900 A2=F6CE8 A3=108F46 A4=10F10F8 A5=108000 A6=108E3C PC=3F98 -- 003F98: move.l  A0, -(A7)
D0=10F10F8 D1=100900 D2=0 D3=FFFF D4=104044C0 D5=84418513 D6=84418513 D7=FFFF A0=10890C A1=100900 A2=F6CE8 A3=108F46 A4=10F10F8 A5=108000 A6=108E3C PC=3F9A -- 003F9A: lea     $3c0002.l, A0
D0=10F10F8 D1=100900 D2=0 D3=FFFF D4=104044C0 D5=84418513 D6=84418513 D7=FFFF A0=3C0002 A1=100900 A2=F6CE8 A3=108F46 A4=10F10F8 A5=108000 A6=108E3C PC=3FA0 -- 003FA0: tst.b   ($7c,A1)
D0=10F10F8 D1=100900 D2=0 D3=FFFF D4=104044C0 D5=84418513 D6=84418513 D7=FFFF A0=3C0002 A1=100900 A2=F6CE8 A3=108F46 A4=10F10F8 A5=108000 A6=108E3C PC=3FA4 -- 003FA4: bpl     $3fc0
D0=10F10F8 D1=100900 D2=0 D3=FFFF D4=104044C0 D5=84418513 D6=84418513 D7=FFFF A0=3C0002 A1=100900 A2=F6CE8 A3=108F46 A4=10F10F8 A5=108000 A6=108E3C PC=3FC0 -- 003FC0: moveq   #$0, D0
D0=0 D1=100900 D2=0 D3=FFFF D4=104044C0 D5=84418513 D6=84418513 D7=FFFF A0=3C0002 A1=100900 A2=F6CE8 A3=108F46 A4=10F10F8 A5=108000 A6=108E3C PC=3FC2 -- 003FC2: move.b  (A2), D0
D0=1 D1=100900 D2=0 D3=FFFF D4=104044C0 D5=84418513 D6=84418513 D7=FFFF A0=3C0002 A1=100900 A2=F6CE8 A3=108F46 A4=10F10F8 A5=108000 A6=108E3C PC=3FC4 -- 003FC4: sub.w   D0, ($794,A5)
D0=1 D1=100900 D2=0 D3=FFFF D4=104044C0 D5=84418513 D6=84418513 D7=FFFF A0=3C0002 A1=100900 A2=F6CE8 A3=108F46 A4=10F10F8 A5=108000 A6=108E3C PC=3FC8 -- 003FC8: bcc     $3fd2
D0=1 D1=100900 D2=0 D3=FFFF D4=104044C0 D5=84418513 D6=84418513 D7=FFFF A0=3C0002 A1=100900 A2=F6CE8 A3=108F46 A4=10F10F8 A5=108000 A6=108E3C PC=3FD2 -- 003FD2: move.l  A6, -(A7)
D0=1 D1=100900 D2=0 D3=FFFF D4=104044C0 D5=84418513 D6=84418513 D7=FFFF A0=3C0002 A1=100900 A2=F6CE8 A3=108F46 A4=10F10F8 A5=108000 A6=108E3C PC=3FD4 -- 003FD4: btst    #$6, ($7c,A1)
D0=1 D1=100900 D2=0 D3=FFFF D4=104044C0 D5=84418513 D6=84418513 D7=FFFF A0=3C0002 A1=100900 A2=F6CE8 A3=108F46 A4=10F10F8 A5=108000 A6=108E3C PC=3FDA -- 003FDA: bne     $400c
D0=1 D1=100900 D2=0 D3=FFFF D4=104044C0 D5=84418513 D6=84418513 D7=FFFF A0=3C0002 A1=100900 A2=F6CE8 A3=108F46 A4=10F10F8 A5=108000 A6=108E3C PC=3FDE -- 003FDE: moveq   #$0, D1
D0=1 D1=0 D2=0 D3=FFFF D4=104044C0 D5=84418513 D6=84418513 D7=FFFF A0=3C0002 A1=100900 A2=F6CE8 A3=108F46 A4=10F10F8 A5=108000 A6=108E3C PC=3FE0 -- 003FE0: move.b  ($82,A1), D1
D0=1 D1=0 D2=0 D3=FFFF D4=104044C0 D5=84418513 D6=84418513 D7=FFFF A0=3C0002 A1=100900 A2=F6CE8 A3=108F46 A4=10F10F8 A5=108000 A6=108E3C PC=3FE4 -- 003FE4: add.w   D1, D1
D0=1 D1=0 D2=0 D3=FFFF D4=104044C0 D5=84418513 D6=84418513 D7=FFFF A0=3C0002 A1=100900 A2=F6CE8 A3=108F46 A4=10F10F8 A5=108000 A6=108E3C PC=3FE6 -- 003FE6: add.w   D1, D1
D0=1 D1=0 D2=0 D3=FFFF D4=104044C0 D5=84418513 D6=84418513 D7=FFFF A0=3C0002 A1=100900 A2=F6CE8 A3=108F46 A4=10F10F8 A5=108000 A6=108E3C PC=3FE8 -- 003FE8: move.w  ($18,A1), D0
D0=F0 D1=0 D2=0 D3=FFFF D4=104044C0 D5=84418513 D6=84418513 D7=FFFF A0=3C0002 A1=100900 A2=F6CE8 A3=108F46 A4=10F10F8 A5=108000 A6=108E3C PC=3FEC -- 003FEC: lea     ($104c,A5), A6
D0=F0 D1=0 D2=0 D3=FFFF D4=104044C0 D5=84418513 D6=84418513 D7=FFFF A0=3C0002 A1=100900 A2=F6CE8 A3=108F46 A4=10F10F8 A5=108000 A6=10904C PC=3FF0 -- 003FF0: sub.w   (A6,D1.w), D0
D0=F0 D1=0 D2=0 D3=FFFF D4=104044C0 D5=84418513 D6=84418513 D7=FFFF A0=3C0002 A1=100900 A2=F6CE8 A3=108F46 A4=10F10F8 A5=108000 A6=10904C PC=3FF4 -- 003FF4: move.w  D0, ($24,A1)
D0=F0 D1=0 D2=0 D3=FFFF D4=104044C0 D5=84418513 D6=84418513 D7=FFFF A0=3C0002 A1=100900 A2=F6CE8 A3=108F46 A4=10F10F8 A5=108000 A6=10904C PC=3FF8 -- 003FF8: move.w  ($1c,A1), D0
D0=68 D1=0 D2=0 D3=FFFF D4=104044C0 D5=84418513 D6=84418513 D7=FFFF A0=3C0002 A1=100900 A2=F6CE8 A3=108F46 A4=10F10F8 A5=108000 A6=10904C PC=3FFC -- 003FFC: sub.w   ($20,A1), D0
D0=68 D1=0 D2=0 D3=FFFF D4=104044C0 D5=84418513 D6=84418513 D7=FFFF A0=3C0002 A1=100900 A2=F6CE8 A3=108F46 A4=10F10F8 A5=108000 A6=10904C PC=4000 -- 004000: lea     ($1058,A5), A6
D0=68 D1=0 D2=0 D3=FFFF D4=104044C0 D5=84418513 D6=84418513 D7=FFFF A0=3C0002 A1=100900 A2=F6CE8 A3=108F46 A4=10F10F8 A5=108000 A6=109058 PC=4004 -- 004004: sub.w   (A6,D1.w), D0
D0=68 D1=0 D2=0 D3=FFFF D4=104044C0 D5=84418513 D6=84418513 D7=FFFF A0=3C0002 A1=100900 A2=F6CE8 A3=108F46 A4=10F10F8 A5=108000 A6=109058 PC=4008 -- 004008: move.w  D0, ($26,A1)
D0=68 D1=0 D2=0 D3=FFFF D4=104044C0 D5=84418513 D6=84418513 D7=FFFF A0=3C0002 A1=100900 A2=F6CE8 A3=108F46 A4=10F10F8 A5=108000 A6=109058 PC=400C -- 00400C: tst.b   ($3a66,A5)
D0=68 D1=0 D2=0 D3=FFFF D4=104044C0 D5=84418513 D6=84418513 D7=FFFF A0=3C0002 A1=100900 A2=F6CE8 A3=108F46 A4=10F10F8 A5=108000 A6=109058 PC=4010 -- 004010: bmi     $4018
D0=68 D1=0 D2=0 D3=FFFF D4=104044C0 D5=84418513 D6=84418513 D7=FFFF A0=3C0002 A1=100900 A2=F6CE8 A3=108F46 A4=10F10F8 A5=108000 A6=109058 PC=4012 -- 004012: bsr     $4088
D0=68 D1=0 D2=0 D3=FFFF D4=104044C0 D5=84418513 D6=84418513 D7=FFFF A0=3C0002 A1=100900 A2=F6CE8 A3=108F46 A4=10F10F8 A5=108000 A6=109058 PC=4088 -- 004088: move.w  (A4), D0
D0=0 D1=0 D2=0 D3=FFFF D4=104044C0 D5=84418513 D6=84418513 D7=FFFF A0=3C0002 A1=100900 A2=F6CE8 A3=108F46 A4=10F10F8 A5=108000 A6=109058 PC=408A -- 00408A: move.b  ($31,A1), D1
D0=0 D1=0 D2=0 D3=FFFF D4=104044C0 D5=84418513 D6=84418513 D7=FFFF A0=3C0002 A1=100900 A2=F6CE8 A3=108F46 A4=10F10F8 A5=108000 A6=109058 PC=408E -- 00408E: move.b  ($4,A4), D2
D0=0 D1=0 D2=0 D3=FFFF D4=104044C0 D5=84418513 D6=84418513 D7=FFFF A0=3C0002 A1=100900 A2=F6CE8 A3=108F46 A4=10F10F8 A5=108000 A6=109058 PC=4092 -- 004092: rol.b   #2, D2
D0=0 D1=0 D2=0 D3=FFFF D4=104044C0 D5=84418513 D6=84418513 D7=FFFF A0=3C0002 A1=100900 A2=F6CE8 A3=108F46 A4=10F10F8 A5=108000 A6=109058 PC=4094 -- 004094: eor.w   D2, D1
D0=0 D1=0 D2=0 D3=FFFF D4=104044C0 D5=84418513 D6=84418513 D7=FFFF A0=3C0002 A1=100900 A2=F6CE8 A3=108F46 A4=10F10F8 A5=108000 A6=109058 PC=4096 -- 004096: andi.w  #$3, D1
D0=0 D1=0 D2=0 D3=FFFF D4=104044C0 D5=84418513 D6=84418513 D7=FFFF A0=3C0002 A1=100900 A2=F6CE8 A3=108F46 A4=10F10F8 A5=108000 A6=109058 PC=409A -- 00409A: move.w  D1, ($790,A5)
D0=0 D1=0 D2=0 D3=FFFF D4=104044C0 D5=84418513 D6=84418513 D7=FFFF A0=3C0002 A1=100900 A2=F6CE8 A3=108F46 A4=10F10F8 A5=108000 A6=109058 PC=409E -- 00409E: andi.w  #$1, D1
D0=0 D1=0 D2=0 D3=FFFF D4=104044C0 D5=84418513 D6=84418513 D7=FFFF A0=3C0002 A1=100900 A2=F6CE8 A3=108F46 A4=10F10F8 A5=108000 A6=109058 PC=40A2 -- 0040A2: beq     $40ae
D0=0 D1=0 D2=0 D3=FFFF D4=104044C0 D5=84418513 D6=84418513 D7=FFFF A0=3C0002 A1=100900 A2=F6CE8 A3=108F46 A4=10F10F8 A5=108000 A6=109058 PC=40AE -- 0040AE: moveq   #$0, D1
D0=0 D1=0 D2=0 D3=FFFF D4=104044C0 D5=84418513 D6=84418513 D7=FFFF A0=3C0002 A1=100900 A2=F6CE8 A3=108F46 A4=10F10F8 A5=108000 A6=109058 PC=40B0 -- 0040B0: move.b  ($68,A1), D1
D0=0 D1=FF D2=0 D3=FFFF D4=104044C0 D5=84418513 D6=84418513 D7=FFFF A0=3C0002 A1=100900 A2=F6CE8 A3=108F46 A4=10F10F8 A5=108000 A6=109058 PC=40B4 -- 0040B4: addq.w  #1, D1
D0=0 D1=100 D2=0 D3=FFFF D4=104044C0 D5=84418513 D6=84418513 D7=FFFF A0=3C0002 A1=100900 A2=F6CE8 A3=108F46 A4=10F10F8 A5=108000 A6=109058 PC=40B6 -- 0040B6: muls.w  D1, D0
D0=0 D1=100 D2=0 D3=FFFF D4=104044C0 D5=84418513 D6=84418513 D7=FFFF A0=3C0002 A1=100900 A2=F6CE8 A3=108F46 A4=10F10F8 A5=108000 A6=109058 PC=40B8 -- 0040B8: lsr.l   #8, D0
D0=0 D1=100 D2=0 D3=FFFF D4=104044C0 D5=84418513 D6=84418513 D7=FFFF A0=3C0002 A1=100900 A2=F6CE8 A3=108F46 A4=10F10F8 A5=108000 A6=109058 PC=40BA -- 0040BA: add.w   ($24,A1), D0
D0=F0 D1=100 D2=0 D3=FFFF D4=104044C0 D5=84418513 D6=84418513 D7=FFFF A0=3C0002 A1=100900 A2=F6CE8 A3=108F46 A4=10F10F8 A5=108000 A6=109058 PC=40BE -- 0040BE: lsl.w   #7, D0
D0=7800 D1=100 D2=0 D3=FFFF D4=104044C0 D5=84418513 D6=84418513 D7=FFFF A0=3C0002 A1=100900 A2=F6CE8 A3=108F46 A4=10F10F8 A5=108000 A6=109058 PC=40C0 -- 0040C0: move.w  D6, (-$2,A0)
D0=7800 D1=100 D2=0 D3=FFFF D4=104044C0 D5=84418513 D6=84418513 D7=FFFF A0=3C0002 A1=100900 A2=F6CE8 A3=108F46 A4=10F10F8 A5=108000 A6=109058 PC=40C4 -- 0040C4: move.w  D0, (A0)
D0=7800 D1=100 D2=0 D3=FFFF D4=104044C0 D5=84418513 D6=84418513 D7=FFFF A0=3C0002 A1=100900 A2=F6CE8 A3=108F46 A4=10F10F8 A5=108000 A6=109058 PC=40C6 -- 0040C6: moveq   #$0, D0
D0=0 D1=100 D2=0 D3=FFFF D4=104044C0 D5=84418513 D6=84418513 D7=FFFF A0=3C0002 A1=100900 A2=F6CE8 A3=108F46 A4=10F10F8 A5=108000 A6=109058 PC=40C8 -- 0040C8: move.b  (A2), D0
D0=1 D1=100 D2=0 D3=FFFF D4=104044C0 D5=84418513 D6=84418513 D7=FFFF A0=3C0002 A1=100900 A2=F6CE8 A3=108F46 A4=10F10F8 A5=108000 A6=109058 PC=40CA -- 0040CA: add.w   D0, D6
D0=1 D1=100 D2=0 D3=FFFF D4=104044C0 D5=84418514 D6=84418514 D7=FFFF A0=3C0002 A1=100900 A2=F6CE8 A3=108F46 A4=10F10F8 A5=108000 A6=109058 PC=40CC -- 0040CC: move.w  ($2,A4), D0
D0=FFFF D1=100 D2=0 D3=FFFF D4=104044C0 D5=84418514 D6=84418514 D7=FFFF A0=3C0002 A1=100900 A2=F6CE8 A3=108F46 A4=10F10F8 A5=108000 A6=109058 PC=40D0 -- 0040D0: btst    #$1, ($791,A5)
D0=FFFF D1=100 D2=0 D3=FFFF D4=104044C0 D5=84418514 D6=84418514 D7=FFFF A0=3C0002 A1=100900 A2=F6CE8 A3=108F46 A4=10F10F8 A5=108000 A6=109058 PC=40D6 -- 0040D6: beq     $40e4
D0=FFFF D1=100 D2=0 D3=FFFF D4=104044C0 D5=84418514 D6=84418514 D7=FFFF A0=3C0002 A1=100900 A2=F6CE8 A3=108F46 A4=10F10F8 A5=108000 A6=109058 PC=40E4 -- 0040E4: moveq   #$0, D1
D0=FFFF D1=0 D2=0 D3=FFFF D4=104044C0 D5=84418514 D6=84418514 D7=FFFF A0=3C0002 A1=100900 A2=F6CE8 A3=108F46 A4=10F10F8 A5=108000 A6=109058 PC=40E6 -- 0040E6: move.b  ($69,A1), D1
D0=FFFF D1=FF D2=0 D3=FFFF D4=104044C0 D5=84418514 D6=84418514 D7=FFFF A0=3C0002 A1=100900 A2=F6CE8 A3=108F46 A4=10F10F8 A5=108000 A6=109058 PC=40EA -- 0040EA: addq.w  #1, D1
D0=FFFF D1=100 D2=0 D3=FFFF D4=104044C0 D5=84418514 D6=84418514 D7=FFFF A0=3C0002 A1=100900 A2=F6CE8 A3=108F46 A4=10F10F8 A5=108000 A6=109058 PC=40EC -- 0040EC: muls.w  D1, D0
D0=FFFFFF00 D1=100 D2=0 D3=FFFF D4=104044C0 D5=84418514 D6=84418514 D7=FFFF A0=3C0002 A1=100900 A2=F6CE8 A3=108F46 A4=10F10F8 A5=108000 A6=109058 PC=40EE -- 0040EE: lsr.l   #8, D0
D0=FFFFFF D1=100 D2=0 D3=FFFF D4=104044C0 D5=84418514 D6=84418514 D7=FFFF A0=3C0002 A1=100900 A2=F6CE8 A3=108F46 A4=10F10F8 A5=108000 A6=109058 PC=40F0 -- 0040F0: add.w   ($26,A1), D0
D0=FF0067 D1=100 D2=0 D3=FFFF D4=104044C0 D5=84418514 D6=84418514 D7=FFFF A0=3C0002 A1=100900 A2=F6CE8 A3=108F46 A4=10F10F8 A5=108000 A6=109058 PC=40F4 -- 0040F4: neg.w   D0
D0=FFFF99 D1=100 D2=0 D3=FFFF D4=104044C0 D5=84418514 D6=84418514 D7=FFFF A0=3C0002 A1=100900 A2=F6CE8 A3=108F46 A4=10F10F8 A5=108000 A6=109058 PC=40F6 -- 0040F6: addi.w  #$1ff, D0
D0=FF0198 D1=100 D2=0 D3=FFFF D4=104044C0 D5=84418514 D6=84418514 D7=FFFF A0=3C0002 A1=100900 A2=F6CE8 A3=108F46 A4=10F10F8 A5=108000 A6=109058 PC=40FA -- 0040FA: lsl.w   #7, D0
D0=FFCC00 D1=100 D2=0 D3=FFFF D4=104044C0 D5=84418514 D6=84418514 D7=FFFF A0=3C0002 A1=100900 A2=F6CE8 A3=108F46 A4=10F10F8 A5=108000 A6=109058 PC=40FC -- 0040FC: bsr     $4772
D0=FFCC00 D1=100 D2=0 D3=FFFF D4=104044C0 D5=84418514 D6=84418514 D7=FFFF A0=3C0002 A1=100900 A2=F6CE8 A3=108F46 A4=10F10F8 A5=108000 A6=109058 PC=4772 -- 004772: move.w  D0, -(A7)
D0=FFCC00 D1=100 D2=0 D3=FFFF D4=104044C0 D5=84418514 D6=84418514 D7=FFFF A0=3C0002 A1=100900 A2=F6CE8 A3=108F46 A4=10F10F8 A5=108000 A6=109058 PC=4774 -- 004774: moveq   #-$1, D0
D0=FFFFFFFF D1=100 D2=0 D3=FFFF D4=104044C0 D5=84418514 D6=84418514 D7=FFFF A0=3C0002 A1=100900 A2=F6CE8 A3=108F46 A4=10F10F8 A5=108000 A6=109058 PC=4776 -- 004776: moveq   #$0, D1
D0=FFFFFFFF D1=0 D2=0 D3=FFFF D4=104044C0 D5=84418514 D6=84418514 D7=FFFF A0=3C0002 A1=100900 A2=F6CE8 A3=108F46 A4=10F10F8 A5=108000 A6=109058 PC=4778 -- 004778: move.b  ($1,A2), D1
D0=FFFFFFFF D1=1 D2=0 D3=FFFF D4=104044C0 D5=84418514 D6=84418514 D7=FFFF A0=3C0002 A1=100900 A2=F6CE8 A3=108F46 A4=10F10F8 A5=108000 A6=109058 PC=477C -- 00477C: cmpi.b  #-$1, ($69,A1)
D0=FFFFFFFF D1=1 D2=0 D3=FFFF D4=104044C0 D5=84418514 D6=84418514 D7=FFFF A0=3C0002 A1=100900 A2=F6CE8 A3=108F46 A4=10F10F8 A5=108000 A6=109058 PC=4782 -- 004782: beq     $47b4
D0=FFFFFFFF D1=1 D2=0 D3=FFFF D4=104044C0 D5=84418514 D6=84418514 D7=FFFF A0=3C0002 A1=100900 A2=F6CE8 A3=108F46 A4=10F10F8 A5=108000 A6=109058 PC=47B4 -- 0047B4: move.b  D0, ($78f,A5)
D0=FFFFFFFF D1=1 D2=0 D3=FFFF D4=104044C0 D5=84418514 D6=84418514 D7=FFFF A0=3C0002 A1=100900 A2=F6CE8 A3=108F46 A4=10F10F8 A5=108000 A6=109058 PC=47B8 -- 0047B8: move.b  D1, ($78e,A5)
D0=FFFFFFFF D1=1 D2=0 D3=FFFF D4=104044C0 D5=84418514 D6=84418514 D7=FFFF A0=3C0002 A1=100900 A2=F6CE8 A3=108F46 A4=10F10F8 A5=108000 A6=109058 PC=47BC -- 0047BC: move.w  (A7)+, D0
D0=FFFFCC00 D1=1 D2=0 D3=FFFF D4=104044C0 D5=84418514 D6=84418514 D7=FFFF A0=3C0002 A1=100900 A2=F6CE8 A3=108F46 A4=10F10F8 A5=108000 A6=109058 PC=47BE -- 0047BE: rts
D0=FFFFCC00 D1=1 D2=0 D3=FFFF D4=104044C0 D5=84418514 D6=84418514 D7=FFFF A0=3C0002 A1=100900 A2=F6CE8 A3=108F46 A4=10F10F8 A5=108000 A6=109058 PC=4100 -- 004100: add.b   ($78e,A5), D0
D0=FFFFCC01 D1=1 D2=0 D3=FFFF D4=104044C0 D5=84418514 D6=84418514 D7=FFFF A0=3C0002 A1=100900 A2=F6CE8 A3=108F46 A4=10F10F8 A5=108000 A6=109058 PC=4104 -- 004104: move.w  D0, (A3)+
D0=FFFFCC01 D1=1 D2=0 D3=FFFF D4=104044C0 D5=84418514 D6=84418514 D7=FFFF A0=3C0002 A1=100900 A2=F6CE8 A3=108F48 A4=10F10F8 A5=108000 A6=109058 PC=4106 -- 004106: moveq   #$0, D0
D0=0 D1=1 D2=0 D3=FFFF D4=104044C0 D5=84418514 D6=84418514 D7=FFFF A0=3C0002 A1=100900 A2=F6CE8 A3=108F48 A4=10F10F8 A5=108000 A6=109058 PC=4108 -- 004108: move.b  (A2), D0
D0=1 D1=1 D2=0 D3=FFFF D4=104044C0 D5=84418514 D6=84418514 D7=FFFF A0=3C0002 A1=100900 A2=F6CE8 A3=108F48 A4=10F10F8 A5=108000 A6=109058 PC=410A -- 00410A: subq.b  #2, D0
D0=FF D1=1 D2=0 D3=FFFF D4=104044C0 D5=84418514 D6=84418514 D7=FFFF A0=3C0002 A1=100900 A2=F6CE8 A3=108F48 A4=10F10F8 A5=108000 A6=109058 PC=410C -- 00410C: bmi     $4118
D0=FF D1=1 D2=0 D3=FFFF D4=104044C0 D5=84418514 D6=84418514 D7=FFFF A0=3C0002 A1=100900 A2=F6CE8 A3=108F48 A4=10F10F8 A5=108000 A6=109058 PC=4118 -- 004118: move.w  #$1, ($2,A0)
D0=FF D1=1 D2=0 D3=FFFF D4=104044C0 D5=84418514 D6=84418514 D7=FFFF A0=3C0002 A1=100900 A2=F6CE8 A3=108F48 A4=10F10F8 A5=108000 A6=109058 PC=411E -- 00411E: move.w  D5, (-$2,A0)
D0=FF D1=1 D2=0 D3=FFFF D4=104044C0 D5=84418514 D6=84418514 D7=FFFF A0=3C0002 A1=100900 A2=F6CE8 A3=108F48 A4=10F10F8 A5=108000 A6=109058 PC=4122 -- 004122: moveq   #$0, D1
D0=FF D1=0 D2=0 D3=FFFF D4=104044C0 D5=84418514 D6=84418514 D7=FFFF A0=3C0002 A1=100900 A2=F6CE8 A3=108F48 A4=10F10F8 A5=108000 A6=109058 PC=4124 -- 004124: move.b  ($68,A1), D0
D0=FF D1=0 D2=0 D3=FFFF D4=104044C0 D5=84418514 D6=84418514 D7=FFFF A0=3C0002 A1=100900 A2=F6CE8 A3=108F48 A4=10F10F8 A5=108000 A6=109058 PC=4128 -- 004128: move.b  D0, D1
D0=FF D1=FF D2=0 D3=FFFF D4=104044C0 D5=84418514 D6=84418514 D7=FFFF A0=3C0002 A1=100900 A2=F6CE8 A3=108F48 A4=10F10F8 A5=108000 A6=109058 PC=412A -- 00412A: andi.w  #$f, D0
D0=F D1=FF D2=0 D3=FFFF D4=104044C0 D5=84418514 D6=84418514 D7=FFFF A0=3C0002 A1=100900 A2=F6CE8 A3=108F48 A4=10F10F8 A5=108000 A6=109058 PC=412E -- 00412E: lsr.b   #4, D1
D0=F D1=F D2=0 D3=FFFF D4=104044C0 D5=84418514 D6=84418514 D7=FFFF A0=3C0002 A1=100900 A2=F6CE8 A3=108F48 A4=10F10F8 A5=108000 A6=109058 PC=4130 -- 004130: tst.b   D1
D0=F D1=F D2=0 D3=FFFF D4=104044C0 D5=84418514 D6=84418514 D7=FFFF A0=3C0002 A1=100900 A2=F6CE8 A3=108F48 A4=10F10F8 A5=108000 A6=109058 PC=4132 -- 004132: beq     $4164
D0=F D1=F D2=0 D3=FFFF D4=104044C0 D5=84418514 D6=84418514 D7=FFFF A0=3C0002 A1=100900 A2=F6CE8 A3=108F48 A4=10F10F8 A5=108000 A6=109058 PC=4134 -- 004134: lea     $4f9d2.l, A6
D0=F D1=F D2=0 D3=FFFF D4=104044C0 D5=84418514 D6=84418514 D7=FFFF A0=3C0002 A1=100900 A2=F6CE8 A3=108F48 A4=10F10F8 A5=108000 A6=4F9D2 PC=413A -- 00413A: lsl.w   #5, D0
D0=1E0 D1=F D2=0 D3=FFFF D4=104044C0 D5=84418514 D6=84418514 D7=FFFF A0=3C0002 A1=100900 A2=F6CE8 A3=108F48 A4=10F10F8 A5=108000 A6=4F9D2 PC=413C -- 00413C: adda.w  D0, A6
D0=1E0 D1=F D2=0 D3=FFFF D4=104044C0 D5=84418514 D6=84418514 D7=FFFF A0=3C0002 A1=100900 A2=F6CE8 A3=108F48 A4=10F10F8 A5=108000 A6=4FBB2 PC=413E -- 00413E: moveq   #$f, D0
D0=F D1=F D2=0 D3=FFFF D4=104044C0 D5=84418514 D6=84418514 D7=FFFF A0=3C0002 A1=100900 A2=F6CE8 A3=108F48 A4=10F10F8 A5=108000 A6=4FBB2 PC=4140 -- 004140: moveq   #$0, D2
D0=F D1=F D2=0 D3=FFFF D4=104044C0 D5=84418514 D6=84418514 D7=FFFF A0=3C0002 A1=100900 A2=F6CE8 A3=108F48 A4=10F10F8 A5=108000 A6=4FBB2 PC=4142 -- 004142: move.b  (A2), D2
D0=F D1=F D2=1 D3=FFFF D4=104044C0 D5=84418514 D6=84418514 D7=FFFF A0=3C0002 A1=100900 A2=F6CE8 A3=108F48 A4=10F10F8 A5=108000 A6=4FBB2 PC=4144 -- 004144: lsr.w   #1, D2
D0=F D1=F D2=0 D3=FFFF D4=104044C0 D5=84418514 D6=84418514 D7=FFFF A0=3C0002 A1=100900 A2=F6CE8 A3=108F48 A4=10F10F8 A5=108000 A6=4FBB2 PC=4146 -- 004146: sub.w   D2, D0
D0=F D1=F D2=0 D3=FFFF D4=104044C0 D5=84418514 D6=84418514 D7=FFFF A0=3C0002 A1=100900 A2=F6CE8 A3=108F48 A4=10F10F8 A5=108000 A6=4FBB2 PC=4148 -- 004148: adda.l  D0, A6
D0=F D1=F D2=0 D3=FFFF D4=104044C0 D5=84418514 D6=84418514 D7=FFFF A0=3C0002 A1=100900 A2=F6CE8 A3=108F48 A4=10F10F8 A5=108000 A6=4FBC1 PC=414A -- 00414A: move.b  (A2), D0
D0=1 D1=F D2=0 D3=FFFF D4=104044C0 D5=84418514 D6=84418514 D7=FFFF A0=3C0002 A1=100900 A2=F6CE8 A3=108F48 A4=10F10F8 A5=108000 A6=4FBC1 PC=414C -- 00414C: add.w   D0, D5
D0=1 D1=F D2=0 D3=FFFF D4=104044C0 D5=84418514 D6=84418514 D7=FFFF A0=3C0002 A1=100900 A2=F6CE8 A3=108F48 A4=10F10F8 A5=108000 A6=4FBC1 PC=414E -- 00414E: subq.b  #1, D0
D0=0 D1=F D2=0 D3=FFFF D4=104044C0 D5=84418514 D6=84418514 D7=FFFF A0=3C0002 A1=100900 A2=F6CE8 A3=108F48 A4=10F10F8 A5=108000 A6=4FBC1 PC=4150 -- 004150: move.b  D1, D2
D0=0 D1=F D2=F D3=FFFF D4=104044C0 D5=84418514 D6=84418514 D7=FFFF A0=3C0002 A1=100900 A2=F6CE8 A3=108F48 A4=10F10F8 A5=108000 A6=4FBC1 PC=4152 -- 004152: sub.b   (A6)+, D2
D0=0 D1=F D2=F D3=FFFF D4=104044C0 D5=84418514 D6=84418514 D7=FFFF A0=3C0002 A1=100900 A2=F6CE8 A3=108F48 A4=10F10F8 A5=108000 A6=4FBC2 PC=4154 -- 004154: lsl.w   #8, D2
D0=0 D1=F D2=F00 D3=FFFF D4=104044C0 D5=84418514 D6=84418514 D7=FFFF A0=3C0002 A1=100900 A2=F6CE8 A3=108F48 A4=10F10F8 A5=108000 A6=4FBC2 PC=4156 -- 004156: move.b  ($69,A1), D2
D0=0 D1=F D2=FFF D3=FFFF D4=104044C0 D5=84418514 D6=84418514 D7=FFFF A0=3C0002 A1=100900 A2=F6CE8 A3=108F48 A4=10F10F8 A5=108000 A6=4FBC2 PC=415A -- 00415A: move.w  D2, (A0)
D0=0 D1=F D2=FFF D3=FFFF D4=104044C0 D5=84418514 D6=84418514 D7=FFFF A0=3C0002 A1=100900 A2=F6CE8 A3=108F48 A4=10F10F8 A5=108000 A6=4FBC2 PC=415C -- 00415C: dbra    D0, $4150
D0=FFFF D1=F D2=FFF D3=FFFF D4=104044C0 D5=84418514 D6=84418514 D7=FFFF A0=3C0002 A1=100900 A2=F6CE8 A3=108F48 A4=10F10F8 A5=108000 A6=4FBC2 PC=4160 -- 004160: bra     $4178
D0=FFFF D1=F D2=FFF D3=FFFF D4=104044C0 D5=84418514 D6=84418514 D7=FFFF A0=3C0002 A1=100900 A2=F6CE8 A3=108F48 A4=10F10F8 A5=108000 A6=4FBC2 PC=4178 -- 004178: move.b  ($2,A2), D0
D0=FFDE D1=F D2=FFF D3=FFFF D4=104044C0 D5=84418514 D6=84418514 D7=FFFF A0=3C0002 A1=100900 A2=F6CE8 A3=108F48 A4=10F10F8 A5=108000 A6=4FBC2 PC=417C -- 00417C: tst.b   ($80,A1)
D0=FFDE D1=F D2=FFF D3=FFFF D4=104044C0 D5=84418514 D6=84418514 D7=FFFF A0=3C0002 A1=100900 A2=F6CE8 A3=108F48 A4=10F10F8 A5=108000 A6=4FBC2 PC=4180 -- 004180: beq     $4188
D0=FFDE D1=F D2=FFF D3=FFFF D4=104044C0 D5=84418514 D6=84418514 D7=FFFF A0=3C0002 A1=100900 A2=F6CE8 A3=108F48 A4=10F10F8 A5=108000 A6=4FBC2 PC=4188 -- 004188: add.b   ($30,A1), D0
D0=FFDE D1=F D2=FFF D3=FFFF D4=104044C0 D5=84418514 D6=84418514 D7=FFFF A0=3C0002 A1=100900 A2=F6CE8 A3=108F48 A4=10F10F8 A5=108000 A6=4FBC2 PC=418C -- 00418C: lsl.w   #8, D0
D0=DE00 D1=F D2=FFF D3=FFFF D4=104044C0 D5=84418514 D6=84418514 D7=FFFF A0=3C0002 A1=100900 A2=F6CE8 A3=108F48 A4=10F10F8 A5=108000 A6=4FBC2 PC=418E -- 00418E: tst.b   ($3,A2)
D0=DE00 D1=F D2=FFF D3=FFFF D4=104044C0 D5=84418514 D6=84418514 D7=FFFF A0=3C0002 A1=100900 A2=F6CE8 A3=108F48 A4=10F10F8 A5=108000 A6=4FBC2 PC=4192 -- 004192: beq     $4198
D0=DE00 D1=F D2=FFF D3=FFFF D4=104044C0 D5=84418514 D6=84418514 D7=FFFF A0=3C0002 A1=100900 A2=F6CE8 A3=108F48 A4=10F10F8 A5=108000 A6=4FBC2 PC=4194 -- 004194: move.b  #$10, D0
D0=DE10 D1=F D2=FFF D3=FFFF D4=104044C0 D5=84418514 D6=84418514 D7=FFFF A0=3C0002 A1=100900 A2=F6CE8 A3=108F48 A4=10F10F8 A5=108000 A6=4FBC2 PC=4198 -- 004198: move.w  ($4,A2), D1
D0=DE10 D1=DCA7 D2=FFF D3=FFFF D4=104044C0 D5=84418514 D6=84418514 D7=FFFF A0=3C0002 A1=100900 A2=F6CE8 A3=108F48 A4=10F10F8 A5=108000 A6=4FBC2 PC=419C -- 00419C: moveq   #$0, D3
D0=DE10 D1=DCA7 D2=FFF D3=0 D4=104044C0 D5=84418514 D6=84418514 D7=FFFF A0=3C0002 A1=100900 A2=F6CE8 A3=108F48 A4=10F10F8 A5=108000 A6=4FBC2 PC=419E -- 00419E: move.b  (A2), D3
D0=DE10 D1=DCA7 D2=FFF D3=1 D4=104044C0 D5=84418514 D6=84418514 D7=FFFF A0=3C0002 A1=100900 A2=F6CE8 A3=108F48 A4=10F10F8 A5=108000 A6=4FBC2 PC=41A0 -- 0041A0: subq.b  #1, D3
D0=DE10 D1=DCA7 D2=FFF D3=0 D4=104044C0 D5=84418514 D6=84418514 D7=FFFF A0=3C0002 A1=100900 A2=F6CE8 A3=108F48 A4=10F10F8 A5=108000 A6=4FBC2 PC=41A2 -- 0041A2: move.w  ($790,A5), D7
D0=DE10 D1=DCA7 D2=FFF D3=0 D4=104044C0 D5=84418514 D6=84418514 D7=0 A0=3C0002 A1=100900 A2=F6CE8 A3=108F48 A4=10F10F8 A5=108000 A6=4FBC2 PC=41A6 -- 0041A6: add.w   D7, D7
D0=DE10 D1=DCA7 D2=FFF D3=0 D4=104044C0 D5=84418514 D6=84418514 D7=0 A0=3C0002 A1=100900 A2=F6CE8 A3=108F48 A4=10F10F8 A5=108000 A6=4FBC2 PC=41A8 -- 0041A8: add.w   D7, D7
D0=DE10 D1=DCA7 D2=FFF D3=0 D4=104044C0 D5=84418514 D6=84418514 D7=0 A0=3C0002 A1=100900 A2=F6CE8 A3=108F48 A4=10F10F8 A5=108000 A6=4FBC2 PC=41AA -- 0041AA: movea.l ($4,PC,D7.w), A6
D0=DE10 D1=DCA7 D2=FFF D3=0 D4=104044C0 D5=84418514 D6=84418514 D7=0 A0=3C0002 A1=100900 A2=F6CE8 A3=108F48 A4=10F10F8 A5=108000 A6=428C PC=41AE -- 0041AE: jmp     (A6)
D0=DE10 D1=DCA7 D2=FFF D3=0 D4=104044C0 D5=84418514 D6=84418514 D7=0 A0=3C0002 A1=100900 A2=F6CE8 A3=108F48 A4=10F10F8 A5=108000 A6=428C PC=428C -- 00428C: lea     ($6,A2), A6
D0=DE10 D1=DCA7 D2=FFF D3=0 D4=104044C0 D5=84418514 D6=84418514 D7=0 A0=3C0002 A1=100900 A2=F6CE8 A3=108F48 A4=10F10F8 A5=108000 A6=F6CEE PC=4290 -- 004290: move.w  #$1, ($2,A0)
D0=DE10 D1=DCA7 D2=FFF D3=0 D4=104044C0 D5=84418514 D6=84418514 D7=0 A0=3C0002 A1=100900 A2=F6CE8 A3=108F48 A4=10F10F8 A5=108000 A6=F6CEE PC=4296 -- 004296: moveq   #$0, D7
D0=DE10 D1=DCA7 D2=FFF D3=0 D4=104044C0 D5=84418514 D6=84418514 D7=0 A0=3C0002 A1=100900 A2=F6CE8 A3=108F48 A4=10F10F8 A5=108000 A6=F6CEE PC=4298 -- 004298: move.b  ($1,A2), D7
D0=DE10 D1=DCA7 D2=FFF D3=0 D4=104044C0 D5=84418514 D6=84418514 D7=1 A0=3C0002 A1=100900 A2=F6CE8 A3=108F48 A4=10F10F8 A5=108000 A6=F6CEE PC=429C -- 00429C: subq.b  #1, D7
D0=DE10 D1=DCA7 D2=FFF D3=0 D4=104044C0 D5=84418514 D6=84418514 D7=0 A0=3C0002 A1=100900 A2=F6CE8 A3=108F48 A4=10F10F8 A5=108000 A6=F6CEE PC=429E -- 00429E: move.w  (A6)+, D2
D0=DE10 D1=DCA7 D2=8000 D3=0 D4=104044C0 D5=84418514 D6=84418514 D7=0 A0=3C0002 A1=100900 A2=F6CE8 A3=108F48 A4=10F10F8 A5=108000 A6=F6CF0 PC=42A0 -- 0042A0: move.w  D4, (-$2,A0)
D0=DE10 D1=DCA7 D2=8000 D3=0 D4=104044C0 D5=84418514 D6=84418514 D7=0 A0=3C0002 A1=100900 A2=F6CE8 A3=108F48 A4=10F10F8 A5=108000 A6=F6CF0 PC=42A4 -- 0042A4: add.w   D2, D2
D0=DE10 D1=DCA7 D2=0 D3=0 D4=104044C0 D5=84418514 D6=84418514 D7=0 A0=3C0002 A1=100900 A2=F6CE8 A3=108F48 A4=10F10F8 A5=108000 A6=F6CF0 PC=42A6 -- 0042A6: bcc     $42b8
D0=DE10 D1=DCA7 D2=0 D3=0 D4=104044C0 D5=84418514 D6=84418514 D7=0 A0=3C0002 A1=100900 A2=F6CE8 A3=108F48 A4=10F10F8 A5=108000 A6=F6CF0 PC=42A8 -- 0042A8: move.w  D1, (A0)
D0=DE10 D1=DCA7 D2=0 D3=0 D4=104044C0 D5=84418514 D6=84418514 D7=0 A0=3C0002 A1=100900 A2=F6CE8 A3=108F48 A4=10F10F8 A5=108000 A6=F6CF0 PC=42AA -- 0042AA: nop
D0=DE10 D1=DCA7 D2=0 D3=0 D4=104044C0 D5=84418514 D6=84418514 D7=0 A0=3C0002 A1=100900 A2=F6CE8 A3=108F48 A4=10F10F8 A5=108000 A6=F6CF0 PC=42AC -- 0042AC: move.w  D0, (A0)
D0=DE10 D1=DCA7 D2=0 D3=0 D4=104044C0 D5=84418514 D6=84418514 D7=0 A0=3C0002 A1=100900 A2=F6CE8 A3=108F48 A4=10F10F8 A5=108000 A6=F6CF0 PC=42AE -- 0042AE: addq.w  #1, D1
D0=DE10 D1=DCA8 D2=0 D3=0 D4=104044C0 D5=84418514 D6=84418514 D7=0 A0=3C0002 A1=100900 A2=F6CE8 A3=108F48 A4=10F10F8 A5=108000 A6=F6CF0 PC=42B0 -- 0042B0: bcc     $42c0
D0=DE10 D1=DCA8 D2=0 D3=0 D4=104044C0 D5=84418514 D6=84418514 D7=0 A0=3C0002 A1=100900 A2=F6CE8 A3=108F48 A4=10F10F8 A5=108000 A6=F6CF0 PC=42C0 -- 0042C0: dbra    D7, $42a4
D0=DE10 D1=DCA8 D2=0 D3=0 D4=104044C0 D5=84418514 D6=84418514 D7=FFFF A0=3C0002 A1=100900 A2=F6CE8 A3=108F48 A4=10F10F8 A5=108000 A6=F6CF0 PC=42C4 -- 0042C4: bsr     $47c0
D0=DE10 D1=DCA8 D2=0 D3=0 D4=104044C0 D5=84418514 D6=84418514 D7=FFFF A0=3C0002 A1=100900 A2=F6CE8 A3=108F48 A4=10F10F8 A5=108000 A6=F6CF0 PC=47C0 -- 0047C0: tst.b   ($78f,A5)
D0=DE10 D1=DCA8 D2=0 D3=0 D4=104044C0 D5=84418514 D6=84418514 D7=FFFF A0=3C0002 A1=100900 A2=F6CE8 A3=108F48 A4=10F10F8 A5=108000 A6=F6CF0 PC=47C4 -- 0047C4: bpl     $47c8
D0=DE10 D1=DCA8 D2=0 D3=0 D4=104044C0 D5=84418514 D6=84418514 D7=FFFF A0=3C0002 A1=100900 A2=F6CE8 A3=108F48 A4=10F10F8 A5=108000 A6=F6CF0 PC=47C6 -- 0047C6: rts
D0=DE10 D1=DCA8 D2=0 D3=0 D4=104044C0 D5=84418514 D6=84418514 D7=FFFF A0=3C0002 A1=100900 A2=F6CE8 A3=108F48 A4=10F10F8 A5=108000 A6=F6CF0 PC=42C8 -- 0042C8: addi.w  #$40, D4
D0=DE10 D1=DCA8 D2=0 D3=0 D4=10404500 D5=84418514 D6=84418514 D7=FFFF A0=3C0002 A1=100900 A2=F6CE8 A3=108F48 A4=10F10F8 A5=108000 A6=F6CF0 PC=42CC -- 0042CC: dbra    D3, $4296
D0=DE10 D1=DCA8 D2=0 D3=FFFF D4=10404500 D5=84418514 D6=84418514 D7=FFFF A0=3C0002 A1=100900 A2=F6CE8 A3=108F48 A4=10F10F8 A5=108000 A6=F6CF0 PC=42D0 -- 0042D0: rts
D0=DE10 D1=DCA8 D2=0 D3=FFFF D4=10404500 D5=84418514 D6=84418514 D7=FFFF A0=3C0002 A1=100900 A2=F6CE8 A3=108F48 A4=10F10F8 A5=108000 A6=F6CF0 PC=4016 -- 004016: bra     $401c
D0=DE10 D1=DCA8 D2=0 D3=FFFF D4=10404500 D5=84418514 D6=84418514 D7=FFFF A0=3C0002 A1=100900 A2=F6CE8 A3=108F48 A4=10F10F8 A5=108000 A6=F6CF0 PC=401C -- 00401C: movea.l (A7)+, A6
D0=DE10 D1=DCA8 D2=0 D3=FFFF D4=10404500 D5=84418514 D6=84418514 D7=FFFF A0=3C0002 A1=100900 A2=F6CE8 A3=108F48 A4=10F10F8 A5=108000 A6=108E3C PC=401E -- 00401E: btst    #$5, ($4,A4)
D0=DE10 D1=DCA8 D2=0 D3=FFFF D4=10404500 D5=84418514 D6=84418514 D7=FFFF A0=3C0002 A1=100900 A2=F6CE8 A3=108F48 A4=10F10F8 A5=108000 A6=108E3C PC=4024 -- 004024: beq     $4056
D0=DE10 D1=DCA8 D2=0 D3=FFFF D4=10404500 D5=84418514 D6=84418514 D7=FFFF A0=3C0002 A1=100900 A2=F6CE8 A3=108F48 A4=10F10F8 A5=108000 A6=108E3C PC=4056 -- 004056: tst.b   ($7c,A1)
D0=DE10 D1=DCA8 D2=0 D3=FFFF D4=10404500 D5=84418514 D6=84418514 D7=FFFF A0=3C0002 A1=100900 A2=F6CE8 A3=108F48 A4=10F10F8 A5=108000 A6=108E3C PC=405A -- 00405A: bpl     $4064
D0=DE10 D1=DCA8 D2=0 D3=FFFF D4=10404500 D5=84418514 D6=84418514 D7=FFFF A0=3C0002 A1=100900 A2=F6CE8 A3=108F48 A4=10F10F8 A5=108000 A6=108E3C PC=4064 -- 004064: movea.l (A7)+, A0
D0=DE10 D1=DCA8 D2=0 D3=FFFF D4=10404500 D5=84418514 D6=84418514 D7=FFFF A0=10890C A1=100900 A2=F6CE8 A3=108F48 A4=10F10F8 A5=108000 A6=108E3C PC=4066 -- 004066: subq.w  #1, ($e3a,A5)
D0=DE10 D1=DCA8 D2=0 D3=FFFF D4=10404500 D5=84418514 D6=84418514 D7=FFFF A0=10890C A1=100900 A2=F6CE8 A3=108F48 A4=10F10F8 A5=108000 A6=108E3C PC=406A -- 00406A: bne     $3f32
D0=DE10 D1=DCA8 D2=0 D3=FFFF D4=10404500 D5=84418514 D6=84418514 D7=FFFF A0=10890C A1=100900 A2=F6CE8 A3=108F48 A4=10F10F8 A5=108000 A6=108E3C PC=3F32 -- 003F32: move.w  (A0)+, D0
D0=700 D1=DCA8 D2=0 D3=FFFF D4=10404500 D5=84418514 D6=84418514 D7=FFFF A0=10890E A1=100900 A2=F6CE8 A3=108F48 A4=10F10F8 A5=108000 A6=108E3C PC=3F34 -- 003F34: beq     $3f32
D0=700 D1=DCA8 D2=0 D3=FFFF D4=10404500 D5=84418514 D6=84418514 D7=FFFF A0=10890E A1=100900 A2=F6CE8 A3=108F48 A4=10F10F8 A5=108000 A6=108E3C PC=3F36 -- 003F36: clr.w   (-$2,A0)
D0=700 D1=DCA8 D2=0 D3=FFFF D4=10404500 D5=84418514 D6=84418514 D7=FFFF A0=10890E A1=100900 A2=F6CE8 A3=108F48 A4=10F10F8 A5=108000 A6=108E3C PC=3F3A -- 003F3A: move.l  A5, D1
D0=700 D1=108000 D2=0 D3=FFFF D4=10404500 D5=84418514 D6=84418514 D7=FFFF A0=10890E A1=100900 A2=F6CE8 A3=108F48 A4=10F10F8 A5=108000 A6=108E3C PC=3F3C -- 003F3C: move.w  D0, D1
D0=700 D1=100700 D2=0 D3=FFFF D4=10404500 D5=84418514 D6=84418514 D7=FFFF A0=10890E A1=100900 A2=F6CE8 A3=108F48 A4=10F10F8 A5=108000 A6=108E3C PC=3F3E -- 003F3E: movea.l D1, A1
D0=700 D1=100700 D2=0 D3=FFFF D4=10404500 D5=84418514 D6=84418514 D7=FFFF A0=10890E A1=100700 A2=F6CE8 A3=108F48 A4=10F10F8 A5=108000 A6=108E3C PC=3F40 -- 003F40: movea.l ($28,A1), A2
D0=700 D1=100700 D2=0 D3=FFFF D4=10404500 D5=84418514 D6=84418514 D7=FFFF A0=10890E A1=100700 A2=F6D08 A3=108F48 A4=10F10F8 A5=108000 A6=108E3C PC=3F44 -- 003F44: lea     $7bf48.l, A4
D0=700 D1=100700 D2=0 D3=FFFF D4=10404500 D5=84418514 D6=84418514 D7=FFFF A0=10890E A1=100700 A2=F6D08 A3=108F48 A4=7BF48 A5=108000 A6=108E3C PC=3F4A -- 003F4A: move.w  ($70,A1), D0
D0=1B D1=100700 D2=0 D3=FFFF D4=10404500 D5=84418514 D6=84418514 D7=FFFF A0=10890E A1=100700 A2=F6D08 A3=108F48 A4=7BF48 A5=108000 A6=108E3C PC=3F4E -- 003F4E: add.w   D0, D0
D0=36 D1=100700 D2=0 D3=FFFF D4=10404500 D5=84418514 D6=84418514 D7=FFFF A0=10890E A1=100700 A2=F6D08 A3=108F48 A4=7BF48 A5=108000 A6=108E3C PC=3F50 -- 003F50: add.w   D0, D0
D0=6C D1=100700 D2=0 D3=FFFF D4=10404500 D5=84418514 D6=84418514 D7=FFFF A0=10890E A1=100700 A2=F6D08 A3=108F48 A4=7BF48 A5=108000 A6=108E3C PC=3F52 -- 003F52: movea.l (A4,D0.w), A4
D0=6C D1=100700 D2=0 D3=FFFF D4=10404500 D5=84418514 D6=84418514 D7=FFFF A0=10890E A1=100700 A2=F6D08 A3=108F48 A4=7F5E0 A5=108000 A6=108E3C PC=3F56 -- 003F56: move.w  ($72,A1), D0
D0=37 D1=100700 D2=0 D3=FFFF D4=10404500 D5=84418514 D6=84418514 D7=FFFF A0=10890E A1=100700 A2=F6D08 A3=108F48 A4=7F5E0 A5=108000 A6=108E3C PC=3F5A -- 003F5A: add.w   D0, D0
D0=6E D1=100700 D2=0 D3=FFFF D4=10404500 D5=84418514 D6=84418514 D7=FFFF A0=10890E A1=100700 A2=F6D08 A3=108F48 A4=7F5E0 A5=108000 A6=108E3C PC=3F5C -- 003F5C: move.w  (A4,D0.w), ($46de,A5)
D0=6E D1=100700 D2=0 D3=FFFF D4=10404500 D5=84418514 D6=84418514 D7=FFFF A0=10890E A1=100700 A2=F6D08 A3=108F48 A4=7F5E0 A5=108000 A6=108E3C PC=3F62 -- 003F62: lea     $80000.l, A4
D0=6E D1=100700 D2=0 D3=FFFF D4=10404500 D5=84418514 D6=84418514 D7=FFFF A0=10890E A1=100700 A2=F6D08 A3=108F48 A4=80000 A5=108000 A6=108E3C PC=3F68 -- 003F68: move.w  ($70,A1), D0
D0=1B D1=100700 D2=0 D3=FFFF D4=10404500 D5=84418514 D6=84418514 D7=FFFF A0=10890E A1=100700 A2=F6D08 A3=108F48 A4=80000 A5=108000 A6=108E3C PC=3F6C -- 003F6C: add.w   D0, D0
D0=36 D1=100700 D2=0 D3=FFFF D4=10404500 D5=84418514 D6=84418514 D7=FFFF A0=10890E A1=100700 A2=F6D08 A3=108F48 A4=80000 A5=108000 A6=108E3C PC=3F6E -- 003F6E: add.w   D0, D0
D0=6C D1=100700 D2=0 D3=FFFF D4=10404500 D5=84418514 D6=84418514 D7=FFFF A0=10890E A1=100700 A2=F6D08 A3=108F48 A4=80000 A5=108000 A6=108E3C PC=3F70 -- 003F70: movea.l (A4,D0.w), A4
D0=6C D1=100700 D2=0 D3=FFFF D4=10404500 D5=84418514 D6=84418514 D7=FFFF A0=10890E A1=100700 A2=F6D08 A3=108F48 A4=86E00 A5=108000 A6=108E3C PC=3F74 -- 003F74: move.w  ($46de,A5), D0
D0=3737 D1=100700 D2=0 D3=FFFF D4=10404500 D5=84418514 D6=84418514 D7=FFFF A0=10890E A1=100700 A2=F6D08 A3=108F48 A4=86E00 A5=108000 A6=108E3C PC=3F78 -- 003F78: tst.b   ($46e2,A5)
D0=3737 D1=100700 D2=0 D3=FFFF D4=10404500 D5=84418514 D6=84418514 D7=FFFF A0=10890E A1=100700 A2=F6D08 A3=108F48 A4=86E00 A5=108000 A6=108E3C PC=3F7C -- 003F7C: beq     $3f82
D0=3737 D1=100700 D2=0 D3=FFFF D4=10404500 D5=84418514 D6=84418514 D7=FFFF A0=10890E A1=100700 A2=F6D08 A3=108F48 A4=86E00 A5=108000 A6=108E3C PC=3F82 -- 003F82: andi.w  #$ff, D0
D0=37 D1=100700 D2=0 D3=FFFF D4=10404500 D5=84418514 D6=84418514 D7=FFFF A0=10890E A1=100700 A2=F6D08 A3=108F48 A4=86E00 A5=108000 A6=108E3C PC=3F86 -- 003F86: add.w   D0, D0
D0=6E D1=100700 D2=0 D3=FFFF D4=10404500 D5=84418514 D6=84418514 D7=FFFF A0=10890E A1=100700 A2=F6D08 A3=108F48 A4=86E00 A5=108000 A6=108E3C PC=3F88 -- 003F88: add.w   D0, D0
D0=DC D1=100700 D2=0 D3=FFFF D4=10404500 D5=84418514 D6=84418514 D7=FFFF A0=10890E A1=100700 A2=F6D08 A3=108F48 A4=86E00 A5=108000 A6=108E3C PC=3F8A -- 003F8A: movea.l (A4,D0.w), A4
D0=DC D1=100700 D2=0 D3=FFFF D4=10404500 D5=84418514 D6=84418514 D7=FFFF A0=10890E A1=100700 A2=F6D08 A3=108F48 A4=F310A A5=108000 A6=108E3C PC=3F8E -- 003F8E: move.w  ($74,A1), D0
D0=0 D1=100700 D2=0 D3=FFFF D4=10404500 D5=84418514 D6=84418514 D7=FFFF A0=10890E A1=100700 A2=F6D08 A3=108F48 A4=F310A A5=108000 A6=108E3C PC=3F92 -- 003F92: adda.w  D0, A4
D0=0 D1=100700 D2=0 D3=FFFF D4=10404500 D5=84418514 D6=84418514 D7=FFFF A0=10890E A1=100700 A2=F6D08 A3=108F48 A4=F310A A5=108000 A6=108E3C PC=3F94 -- 003F94: move.l  (A4), D0
D0=10F1104 D1=100700 D2=0 D3=FFFF D4=10404500 D5=84418514 D6=84418514 D7=FFFF A0=10890E A1=100700 A2=F6D08 A3=108F48 A4=F310A A5=108000 A6=108E3C PC=3F96 -- 003F96: movea.l D0, A4
D0=10F1104 D1=100700 D2=0 D3=FFFF D4=10404500 D5=84418514 D6=84418514 D7=FFFF A0=10890E A1=100700 A2=F6D08 A3=108F48 A4=10F1104 A5=108000 A6=108E3C PC=3F98 -- 003F98: move.l  A0, -(A7)
D0=10F1104 D1=100700 D2=0 D3=FFFF D4=10404500 D5=84418514 D6=84418514 D7=FFFF A0=10890E A1=100700 A2=F6D08 A3=108F48 A4=10F1104 A5=108000 A6=108E3C PC=3F9A -- 003F9A: lea     $3c0002.l, A0
D0=10F1104 D1=100700 D2=0 D3=FFFF D4=10404500 D5=84418514 D6=84418514 D7=FFFF A0=3C0002 A1=100700 A2=F6D08 A3=108F48 A4=10F1104 A5=108000 A6=108E3C PC=3FA0 -- 003FA0: tst.b   ($7c,A1)
D0=10F1104 D1=100700 D2=0 D3=FFFF D4=10404500 D5=84418514 D6=84418514 D7=FFFF A0=3C0002 A1=100700 A2=F6D08 A3=108F48 A4=10F1104 A5=108000 A6=108E3C PC=3FA4 -- 003FA4: bpl     $3fc0
D0=10F1104 D1=100700 D2=0 D3=FFFF D4=10404500 D5=84418514 D6=84418514 D7=FFFF A0=3C0002 A1=100700 A2=F6D08 A3=108F48 A4=10F1104 A5=108000 A6=108E3C PC=3FC0 -- 003FC0: moveq   #$0, D0
D0=0 D1=100700 D2=0 D3=FFFF D4=10404500 D5=84418514 D6=84418514 D7=FFFF A0=3C0002 A1=100700 A2=F6D08 A3=108F48 A4=10F1104 A5=108000 A6=108E3C PC=3FC2 -- 003FC2: move.b  (A2), D0
D0=1 D1=100700 D2=0 D3=FFFF D4=10404500 D5=84418514 D6=84418514 D7=FFFF A0=3C0002 A1=100700 A2=F6D08 A3=108F48 A4=10F1104 A5=108000 A6=108E3C PC=3FC4 -- 003FC4: sub.w   D0, ($794,A5)
D0=1 D1=100700 D2=0 D3=FFFF D4=10404500 D5=84418514 D6=84418514 D7=FFFF A0=3C0002 A1=100700 A2=F6D08 A3=108F48 A4=10F1104 A5=108000 A6=108E3C PC=3FC8 -- 003FC8: bcc     $3fd2
D0=1 D1=100700 D2=0 D3=FFFF D4=10404500 D5=84418514 D6=84418514 D7=FFFF A0=3C0002 A1=100700 A2=F6D08 A3=108F48 A4=10F1104 A5=108000 A6=108E3C PC=3FD2 -- 003FD2: move.l  A6, -(A7)
D0=1 D1=100700 D2=0 D3=FFFF D4=10404500 D5=84418514 D6=84418514 D7=FFFF A0=3C0002 A1=100700 A2=F6D08 A3=108F48 A4=10F1104 A5=108000 A6=108E3C PC=3FD4 -- 003FD4: btst    #$6, ($7c,A1)
D0=1 D1=100700 D2=0 D3=FFFF D4=10404500 D5=84418514 D6=84418514 D7=FFFF A0=3C0002 A1=100700 A2=F6D08 A3=108F48 A4=10F1104 A5=108000 A6=108E3C PC=3FDA -- 003FDA: bne     $400c
D0=1 D1=100700 D2=0 D3=FFFF D4=10404500 D5=84418514 D6=84418514 D7=FFFF A0=3C0002 A1=100700 A2=F6D08 A3=108F48 A4=10F1104 A5=108000 A6=108E3C PC=3FDE -- 003FDE: moveq   #$0, D1
D0=1 D1=0 D2=0 D3=FFFF D4=10404500 D5=84418514 D6=84418514 D7=FFFF A0=3C0002 A1=100700 A2=F6D08 A3=108F48 A4=10F1104 A5=108000 A6=108E3C PC=3FE0 -- 003FE0: move.b  ($82,A1), D1
D0=1 D1=0 D2=0 D3=FFFF D4=10404500 D5=84418514 D6=84418514 D7=FFFF A0=3C0002 A1=100700 A2=F6D08 A3=108F48 A4=10F1104 A5=108000 A6=108E3C PC=3FE4 -- 003FE4: add.w   D1, D1
D0=1 D1=0 D2=0 D3=FFFF D4=10404500 D5=84418514 D6=84418514 D7=FFFF A0=3C0002 A1=100700 A2=F6D08 A3=108F48 A4=10F1104 A5=108000 A6=108E3C PC=3FE6 -- 003FE6: add.w   D1, D1
D0=1 D1=0 D2=0 D3=FFFF D4=10404500 D5=84418514 D6=84418514 D7=FFFF A0=3C0002 A1=100700 A2=F6D08 A3=108F48 A4=10F1104 A5=108000 A6=108E3C PC=3FE8 -- 003FE8: move.w  ($18,A1), D0
D0=F0 D1=0 D2=0 D3=FFFF D4=10404500 D5=84418514 D6=84418514 D7=FFFF A0=3C0002 A1=100700 A2=F6D08 A3=108F48 A4=10F1104 A5=108000 A6=108E3C PC=3FEC -- 003FEC: lea     ($104c,A5), A6
D0=F0 D1=0 D2=0 D3=FFFF D4=10404500 D5=84418514 D6=84418514 D7=FFFF A0=3C0002 A1=100700 A2=F6D08 A3=108F48 A4=10F1104 A5=108000 A6=10904C PC=3FF0 -- 003FF0: sub.w   (A6,D1.w), D0
D0=F0 D1=0 D2=0 D3=FFFF D4=10404500 D5=84418514 D6=84418514 D7=FFFF A0=3C0002 A1=100700 A2=F6D08 A3=108F48 A4=10F1104 A5=108000 A6=10904C PC=3FF4 -- 003FF4: move.w  D0, ($24,A1)
D0=F0 D1=0 D2=0 D3=FFFF D4=10404500 D5=84418514 D6=84418514 D7=FFFF A0=3C0002 A1=100700 A2=F6D08 A3=108F48 A4=10F1104 A5=108000 A6=10904C PC=3FF8 -- 003FF8: move.w  ($1c,A1), D0
D0=78 D1=0 D2=0 D3=FFFF D4=10404500 D5=84418514 D6=84418514 D7=FFFF A0=3C0002 A1=100700 A2=F6D08 A3=108F48 A4=10F1104 A5=108000 A6=10904C PC=3FFC -- 003FFC: sub.w   ($20,A1), D0
D0=78 D1=0 D2=0 D3=FFFF D4=10404500 D5=84418514 D6=84418514 D7=FFFF A0=3C0002 A1=100700 A2=F6D08 A3=108F48 A4=10F1104 A5=108000 A6=10904C PC=4000 -- 004000: lea     ($1058,A5), A6
D0=78 D1=0 D2=0 D3=FFFF D4=10404500 D5=84418514 D6=84418514 D7=FFFF A0=3C0002 A1=100700 A2=F6D08 A3=108F48 A4=10F1104 A5=108000 A6=109058 PC=4004 -- 004004: sub.w   (A6,D1.w), D0
D0=78 D1=0 D2=0 D3=FFFF D4=10404500 D5=84418514 D6=84418514 D7=FFFF A0=3C0002 A1=100700 A2=F6D08 A3=108F48 A4=10F1104 A5=108000 A6=109058 PC=4008 -- 004008: move.w  D0, ($26,A1)
D0=78 D1=0 D2=0 D3=FFFF D4=10404500 D5=84418514 D6=84418514 D7=FFFF A0=3C0002 A1=100700 A2=F6D08 A3=108F48 A4=10F1104 A5=108000 A6=109058 PC=400C -- 00400C: tst.b   ($3a66,A5)
D0=78 D1=0 D2=0 D3=FFFF D4=10404500 D5=84418514 D6=84418514 D7=FFFF A0=3C0002 A1=100700 A2=F6D08 A3=108F48 A4=10F1104 A5=108000 A6=109058 PC=4010 -- 004010: bmi     $4018
D0=78 D1=0 D2=0 D3=FFFF D4=10404500 D5=84418514 D6=84418514 D7=FFFF A0=3C0002 A1=100700 A2=F6D08 A3=108F48 A4=10F1104 A5=108000 A6=109058 PC=4012 -- 004012: bsr     $4088
D0=78 D1=0 D2=0 D3=FFFF D4=10404500 D5=84418514 D6=84418514 D7=FFFF A0=3C0002 A1=100700 A2=F6D08 A3=108F48 A4=10F1104 A5=108000 A6=109058 PC=4088 -- 004088: move.w  (A4), D0
D0=0 D1=0 D2=0 D3=FFFF D4=10404500 D5=84418514 D6=84418514 D7=FFFF A0=3C0002 A1=100700 A2=F6D08 A3=108F48 A4=10F1104 A5=108000 A6=109058 PC=408A -- 00408A: move.b  ($31,A1), D1
D0=0 D1=0 D2=0 D3=FFFF D4=10404500 D5=84418514 D6=84418514 D7=FFFF A0=3C0002 A1=100700 A2=F6D08 A3=108F48 A4=10F1104 A5=108000 A6=109058 PC=408E -- 00408E: move.b  ($4,A4), D2
D0=0 D1=0 D2=0 D3=FFFF D4=10404500 D5=84418514 D6=84418514 D7=FFFF A0=3C0002 A1=100700 A2=F6D08 A3=108F48 A4=10F1104 A5=108000 A6=109058 PC=4092 -- 004092: rol.b   #2, D2
D0=0 D1=0 D2=0 D3=FFFF D4=10404500 D5=84418514 D6=84418514 D7=FFFF A0=3C0002 A1=100700 A2=F6D08 A3=108F48 A4=10F1104 A5=108000 A6=109058 PC=4094 -- 004094: eor.w   D2, D1
D0=0 D1=0 D2=0 D3=FFFF D4=10404500 D5=84418514 D6=84418514 D7=FFFF A0=3C0002 A1=100700 A2=F6D08 A3=108F48 A4=10F1104 A5=108000 A6=109058 PC=4096 -- 004096: andi.w  #$3, D1
D0=0 D1=0 D2=0 D3=FFFF D4=10404500 D5=84418514 D6=84418514 D7=FFFF A0=3C0002 A1=100700 A2=F6D08 A3=108F48 A4=10F1104 A5=108000 A6=109058 PC=409A -- 00409A: move.w  D1, ($790,A5)
D0=0 D1=0 D2=0 D3=FFFF D4=10404500 D5=84418514 D6=84418514 D7=FFFF A0=3C0002 A1=100700 A2=F6D08 A3=108F48 A4=10F1104 A5=108000 A6=109058 PC=409E -- 00409E: andi.w  #$1, D1
D0=0 D1=0 D2=0 D3=FFFF D4=10404500 D5=84418514 D6=84418514 D7=FFFF A0=3C0002 A1=100700 A2=F6D08 A3=108F48 A4=10F1104 A5=108000 A6=109058 PC=40A2 -- 0040A2: beq     $40ae
D0=0 D1=0 D2=0 D3=FFFF D4=10404500 D5=84418514 D6=84418514 D7=FFFF A0=3C0002 A1=100700 A2=F6D08 A3=108F48 A4=10F1104 A5=108000 A6=109058 PC=40AE -- 0040AE: moveq   #$0, D1
D0=0 D1=0 D2=0 D3=FFFF D4=10404500 D5=84418514 D6=84418514 D7=FFFF A0=3C0002 A1=100700 A2=F6D08 A3=108F48 A4=10F1104 A5=108000 A6=109058 PC=40B0 -- 0040B0: move.b  ($68,A1), D1
D0=0 D1=FF D2=0 D3=FFFF D4=10404500 D5=84418514 D6=84418514 D7=FFFF A0=3C0002 A1=100700 A2=F6D08 A3=108F48 A4=10F1104 A5=108000 A6=109058 PC=40B4 -- 0040B4: addq.w  #1, D1
D0=0 D1=100 D2=0 D3=FFFF D4=10404500 D5=84418514 D6=84418514 D7=FFFF A0=3C0002 A1=100700 A2=F6D08 A3=108F48 A4=10F1104 A5=108000 A6=109058 PC=40B6 -- 0040B6: muls.w  D1, D0
D0=0 D1=100 D2=0 D3=FFFF D4=10404500 D5=84418514 D6=84418514 D7=FFFF A0=3C0002 A1=100700 A2=F6D08 A3=108F48 A4=10F1104 A5=108000 A6=109058 PC=40B8 -- 0040B8: lsr.l   #8, D0
D0=0 D1=100 D2=0 D3=FFFF D4=10404500 D5=84418514 D6=84418514 D7=FFFF A0=3C0002 A1=100700 A2=F6D08 A3=108F48 A4=10F1104 A5=108000 A6=109058 PC=40BA -- 0040BA: add.w   ($24,A1), D0
D0=F0 D1=100 D2=0 D3=FFFF D4=10404500 D5=84418514 D6=84418514 D7=FFFF A0=3C0002 A1=100700 A2=F6D08 A3=108F48 A4=10F1104 A5=108000 A6=109058 PC=40BE -- 0040BE: lsl.w   #7, D0
D0=7800 D1=100 D2=0 D3=FFFF D4=10404500 D5=84418514 D6=84418514 D7=FFFF A0=3C0002 A1=100700 A2=F6D08 A3=108F48 A4=10F1104 A5=108000 A6=109058 PC=40C0 -- 0040C0: move.w  D6, (-$2,A0)
D0=7800 D1=100 D2=0 D3=FFFF D4=10404500 D5=84418514 D6=84418514 D7=FFFF A0=3C0002 A1=100700 A2=F6D08 A3=108F48 A4=10F1104 A5=108000 A6=109058 PC=40C4 -- 0040C4: move.w  D0, (A0)
D0=7800 D1=100 D2=0 D3=FFFF D4=10404500 D5=84418514 D6=84418514 D7=FFFF A0=3C0002 A1=100700 A2=F6D08 A3=108F48 A4=10F1104 A5=108000 A6=109058 PC=40C6 -- 0040C6: moveq   #$0, D0
D0=0 D1=100 D2=0 D3=FFFF D4=10404500 D5=84418514 D6=84418514 D7=FFFF A0=3C0002 A1=100700 A2=F6D08 A3=108F48 A4=10F1104 A5=108000 A6=109058 PC=40C8 -- 0040C8: move.b  (A2), D0
D0=1 D1=100 D2=0 D3=FFFF D4=10404500 D5=84418514 D6=84418514 D7=FFFF A0=3C0002 A1=100700 A2=F6D08 A3=108F48 A4=10F1104 A5=108000 A6=109058 PC=40CA -- 0040CA: add.w   D0, D6
D0=1 D1=100 D2=0 D3=FFFF D4=10404500 D5=84418515 D6=84418515 D7=FFFF A0=3C0002 A1=100700 A2=F6D08 A3=108F48 A4=10F1104 A5=108000 A6=109058 PC=40CC -- 0040CC: move.w  ($2,A4), D0
D0=FFFF D1=100 D2=0 D3=FFFF D4=10404500 D5=84418515 D6=84418515 D7=FFFF A0=3C0002 A1=100700 A2=F6D08 A3=108F48 A4=10F1104 A5=108000 A6=109058 PC=40D0 -- 0040D0: btst    #$1, ($791,A5)
D0=FFFF D1=100 D2=0 D3=FFFF D4=10404500 D5=84418515 D6=84418515 D7=FFFF A0=3C0002 A1=100700 A2=F6D08 A3=108F48 A4=10F1104 A5=108000 A6=109058 PC=40D6 -- 0040D6: beq     $40e4
D0=FFFF D1=100 D2=0 D3=FFFF D4=10404500 D5=84418515 D6=84418515 D7=FFFF A0=3C0002 A1=100700 A2=F6D08 A3=108F48 A4=10F1104 A5=108000 A6=109058 PC=40E4 -- 0040E4: moveq   #$0, D1
D0=FFFF D1=0 D2=0 D3=FFFF D4=10404500 D5=84418515 D6=84418515 D7=FFFF A0=3C0002 A1=100700 A2=F6D08 A3=108F48 A4=10F1104 A5=108000 A6=109058 PC=40E6 -- 0040E6: move.b  ($69,A1), D1
D0=FFFF D1=FF D2=0 D3=FFFF D4=10404500 D5=84418515 D6=84418515 D7=FFFF A0=3C0002 A1=100700 A2=F6D08 A3=108F48 A4=10F1104 A5=108000 A6=109058 PC=40EA -- 0040EA: addq.w  #1, D1
D0=FFFF D1=100 D2=0 D3=FFFF D4=10404500 D5=84418515 D6=84418515 D7=FFFF A0=3C0002 A1=100700 A2=F6D08 A3=108F48 A4=10F1104 A5=108000 A6=109058 PC=40EC -- 0040EC: muls.w  D1, D0
D0=FFFFFF00 D1=100 D2=0 D3=FFFF D4=10404500 D5=84418515 D6=84418515 D7=FFFF A0=3C0002 A1=100700 A2=F6D08 A3=108F48 A4=10F1104 A5=108000 A6=109058 PC=40EE -- 0040EE: lsr.l   #8, D0
D0=FFFFFF D1=100 D2=0 D3=FFFF D4=10404500 D5=84418515 D6=84418515 D7=FFFF A0=3C0002 A1=100700 A2=F6D08 A3=108F48 A4=10F1104 A5=108000 A6=109058 PC=40F0 -- 0040F0: add.w   ($26,A1), D0
D0=FF0077 D1=100 D2=0 D3=FFFF D4=10404500 D5=84418515 D6=84418515 D7=FFFF A0=3C0002 A1=100700 A2=F6D08 A3=108F48 A4=10F1104 A5=108000 A6=109058 PC=40F4 -- 0040F4: neg.w   D0
D0=FFFF89 D1=100 D2=0 D3=FFFF D4=10404500 D5=84418515 D6=84418515 D7=FFFF A0=3C0002 A1=100700 A2=F6D08 A3=108F48 A4=10F1104 A5=108000 A6=109058 PC=40F6 -- 0040F6: addi.w  #$1ff, D0
D0=FF0188 D1=100 D2=0 D3=FFFF D4=10404500 D5=84418515 D6=84418515 D7=FFFF A0=3C0002 A1=100700 A2=F6D08 A3=108F48 A4=10F1104 A5=108000 A6=109058 PC=40FA -- 0040FA: lsl.w   #7, D0
D0=FFC400 D1=100 D2=0 D3=FFFF D4=10404500 D5=84418515 D6=84418515 D7=FFFF A0=3C0002 A1=100700 A2=F6D08 A3=108F48 A4=10F1104 A5=108000 A6=109058 PC=40FC -- 0040FC: bsr     $4772
D0=FFC400 D1=100 D2=0 D3=FFFF D4=10404500 D5=84418515 D6=84418515 D7=FFFF A0=3C0002 A1=100700 A2=F6D08 A3=108F48 A4=10F1104 A5=108000 A6=109058 PC=4772 -- 004772: move.w  D0, -(A7)
D0=FFC400 D1=100 D2=0 D3=FFFF D4=10404500 D5=84418515 D6=84418515 D7=FFFF A0=3C0002 A1=100700 A2=F6D08 A3=108F48 A4=10F1104 A5=108000 A6=109058 PC=4774 -- 004774: moveq   #-$1, D0
D0=FFFFFFFF D1=100 D2=0 D3=FFFF D4=10404500 D5=84418515 D6=84418515 D7=FFFF A0=3C0002 A1=100700 A2=F6D08 A3=108F48 A4=10F1104 A5=108000 A6=109058 PC=4776 -- 004776: moveq   #$0, D1
D0=FFFFFFFF D1=0 D2=0 D3=FFFF D4=10404500 D5=84418515 D6=84418515 D7=FFFF A0=3C0002 A1=100700 A2=F6D08 A3=108F48 A4=10F1104 A5=108000 A6=109058 PC=4778 -- 004778: move.b  ($1,A2), D1
D0=FFFFFFFF D1=1 D2=0 D3=FFFF D4=10404500 D5=84418515 D6=84418515 D7=FFFF A0=3C0002 A1=100700 A2=F6D08 A3=108F48 A4=10F1104 A5=108000 A6=109058 PC=477C -- 00477C: cmpi.b  #-$1, ($69,A1)
D0=FFFFFFFF D1=1 D2=0 D3=FFFF D4=10404500 D5=84418515 D6=84418515 D7=FFFF A0=3C0002 A1=100700 A2=F6D08 A3=108F48 A4=10F1104 A5=108000 A6=109058 PC=4782 -- 004782: beq     $47b4
D0=FFFFFFFF D1=1 D2=0 D3=FFFF D4=10404500 D5=84418515 D6=84418515 D7=FFFF A0=3C0002 A1=100700 A2=F6D08 A3=108F48 A4=10F1104 A5=108000 A6=109058 PC=47B4 -- 0047B4: move.b  D0, ($78f,A5)
D0=FFFFFFFF D1=1 D2=0 D3=FFFF D4=10404500 D5=84418515 D6=84418515 D7=FFFF A0=3C0002 A1=100700 A2=F6D08 A3=108F48 A4=10F1104 A5=108000 A6=109058 PC=47B8 -- 0047B8: move.b  D1, ($78e,A5)
D0=FFFFFFFF D1=1 D2=0 D3=FFFF D4=10404500 D5=84418515 D6=84418515 D7=FFFF A0=3C0002 A1=100700 A2=F6D08 A3=108F48 A4=10F1104 A5=108000 A6=109058 PC=47BC -- 0047BC: move.w  (A7)+, D0
D0=FFFFC400 D1=1 D2=0 D3=FFFF D4=10404500 D5=84418515 D6=84418515 D7=FFFF A0=3C0002 A1=100700 A2=F6D08 A3=108F48 A4=10F1104 A5=108000 A6=109058 PC=47BE -- 0047BE: rts
D0=FFFFC400 D1=1 D2=0 D3=FFFF D4=10404500 D5=84418515 D6=84418515 D7=FFFF A0=3C0002 A1=100700 A2=F6D08 A3=108F48 A4=10F1104 A5=108000 A6=109058 PC=4100 -- 004100: add.b   ($78e,A5), D0
D0=FFFFC401 D1=1 D2=0 D3=FFFF D4=10404500 D5=84418515 D6=84418515 D7=FFFF A0=3C0002 A1=100700 A2=F6D08 A3=108F48 A4=10F1104 A5=108000 A6=109058 PC=4104 -- 004104: move.w  D0, (A3)+
D0=FFFFC401 D1=1 D2=0 D3=FFFF D4=10404500 D5=84418515 D6=84418515 D7=FFFF A0=3C0002 A1=100700 A2=F6D08 A3=108F4A A4=10F1104 A5=108000 A6=109058 PC=4106 -- 004106: moveq   #$0, D0
D0=0 D1=1 D2=0 D3=FFFF D4=10404500 D5=84418515 D6=84418515 D7=FFFF A0=3C0002 A1=100700 A2=F6D08 A3=108F4A A4=10F1104 A5=108000 A6=109058 PC=4108 -- 004108: move.b  (A2), D0
D0=1 D1=1 D2=0 D3=FFFF D4=10404500 D5=84418515 D6=84418515 D7=FFFF A0=3C0002 A1=100700 A2=F6D08 A3=108F4A A4=10F1104 A5=108000 A6=109058 PC=410A -- 00410A: subq.b  #2, D0
D0=FF D1=1 D2=0 D3=FFFF D4=10404500 D5=84418515 D6=84418515 D7=FFFF A0=3C0002 A1=100700 A2=F6D08 A3=108F4A A4=10F1104 A5=108000 A6=109058 PC=410C -- 00410C: bmi     $4118
D0=FF D1=1 D2=0 D3=FFFF D4=10404500 D5=84418515 D6=84418515 D7=FFFF A0=3C0002 A1=100700 A2=F6D08 A3=108F4A A4=10F1104 A5=108000 A6=109058 PC=4118 -- 004118: move.w  #$1, ($2,A0)
D0=FF D1=1 D2=0 D3=FFFF D4=10404500 D5=84418515 D6=84418515 D7=FFFF A0=3C0002 A1=100700 A2=F6D08 A3=108F4A A4=10F1104 A5=108000 A6=109058 PC=411E -- 00411E: move.w  D5, (-$2,A0)
D0=FF D1=1 D2=0 D3=FFFF D4=10404500 D5=84418515 D6=84418515 D7=FFFF A0=3C0002 A1=100700 A2=F6D08 A3=108F4A A4=10F1104 A5=108000 A6=109058 PC=4122 -- 004122: moveq   #$0, D1
D0=FF D1=0 D2=0 D3=FFFF D4=10404500 D5=84418515 D6=84418515 D7=FFFF A0=3C0002 A1=100700 A2=F6D08 A3=108F4A A4=10F1104 A5=108000 A6=109058 PC=4124 -- 004124: move.b  ($68,A1), D0
D0=FF D1=0 D2=0 D3=FFFF D4=10404500 D5=84418515 D6=84418515 D7=FFFF A0=3C0002 A1=100700 A2=F6D08 A3=108F4A A4=10F1104 A5=108000 A6=109058 PC=4128 -- 004128: move.b  D0, D1
D0=FF D1=FF D2=0 D3=FFFF D4=10404500 D5=84418515 D6=84418515 D7=FFFF A0=3C0002 A1=100700 A2=F6D08 A3=108F4A A4=10F1104 A5=108000 A6=109058 PC=412A -- 00412A: andi.w  #$f, D0
D0=F D1=FF D2=0 D3=FFFF D4=10404500 D5=84418515 D6=84418515 D7=FFFF A0=3C0002 A1=100700 A2=F6D08 A3=108F4A A4=10F1104 A5=108000 A6=109058 PC=412E -- 00412E: lsr.b   #4, D1
D0=F D1=F D2=0 D3=FFFF D4=10404500 D5=84418515 D6=84418515 D7=FFFF A0=3C0002 A1=100700 A2=F6D08 A3=108F4A A4=10F1104 A5=108000 A6=109058 PC=4130 -- 004130: tst.b   D1
D0=F D1=F D2=0 D3=FFFF D4=10404500 D5=84418515 D6=84418515 D7=FFFF A0=3C0002 A1=100700 A2=F6D08 A3=108F4A A4=10F1104 A5=108000 A6=109058 PC=4132 -- 004132: beq     $4164
D0=F D1=F D2=0 D3=FFFF D4=10404500 D5=84418515 D6=84418515 D7=FFFF A0=3C0002 A1=100700 A2=F6D08 A3=108F4A A4=10F1104 A5=108000 A6=109058 PC=4134 -- 004134: lea     $4f9d2.l, A6
D0=F D1=F D2=0 D3=FFFF D4=10404500 D5=84418515 D6=84418515 D7=FFFF A0=3C0002 A1=100700 A2=F6D08 A3=108F4A A4=10F1104 A5=108000 A6=4F9D2 PC=413A -- 00413A: lsl.w   #5, D0
D0=1E0 D1=F D2=0 D3=FFFF D4=10404500 D5=84418515 D6=84418515 D7=FFFF A0=3C0002 A1=100700 A2=F6D08 A3=108F4A A4=10F1104 A5=108000 A6=4F9D2 PC=413C -- 00413C: adda.w  D0, A6
D0=1E0 D1=F D2=0 D3=FFFF D4=10404500 D5=84418515 D6=84418515 D7=FFFF A0=3C0002 A1=100700 A2=F6D08 A3=108F4A A4=10F1104 A5=108000 A6=4FBB2 PC=413E -- 00413E: moveq   #$f, D0
D0=F D1=F D2=0 D3=FFFF D4=10404500 D5=84418515 D6=84418515 D7=FFFF A0=3C0002 A1=100700 A2=F6D08 A3=108F4A A4=10F1104 A5=108000 A6=4FBB2 PC=4140 -- 004140: moveq   #$0, D2
D0=F D1=F D2=0 D3=FFFF D4=10404500 D5=84418515 D6=84418515 D7=FFFF A0=3C0002 A1=100700 A2=F6D08 A3=108F4A A4=10F1104 A5=108000 A6=4FBB2 PC=4142 -- 004142: move.b  (A2), D2
D0=F D1=F D2=1 D3=FFFF D4=10404500 D5=84418515 D6=84418515 D7=FFFF A0=3C0002 A1=100700 A2=F6D08 A3=108F4A A4=10F1104 A5=108000 A6=4FBB2 PC=4144 -- 004144: lsr.w   #1, D2
D0=F D1=F D2=0 D3=FFFF D4=10404500 D5=84418515 D6=84418515 D7=FFFF A0=3C0002 A1=100700 A2=F6D08 A3=108F4A A4=10F1104 A5=108000 A6=4FBB2 PC=4146 -- 004146: sub.w   D2, D0
D0=F D1=F D2=0 D3=FFFF D4=10404500 D5=84418515 D6=84418515 D7=FFFF A0=3C0002 A1=100700 A2=F6D08 A3=108F4A A4=10F1104 A5=108000 A6=4FBB2 PC=4148 -- 004148: adda.l  D0, A6
D0=F D1=F D2=0 D3=FFFF D4=10404500 D5=84418515 D6=84418515 D7=FFFF A0=3C0002 A1=100700 A2=F6D08 A3=108F4A A4=10F1104 A5=108000 A6=4FBC1 PC=414A -- 00414A: move.b  (A2), D0
D0=1 D1=F D2=0 D3=FFFF D4=10404500 D5=84418515 D6=84418515 D7=FFFF A0=3C0002 A1=100700 A2=F6D08 A3=108F4A A4=10F1104 A5=108000 A6=4FBC1 PC=414C -- 00414C: add.w   D0, D5
D0=1 D1=F D2=0 D3=FFFF D4=10404500 D5=84418515 D6=84418515 D7=FFFF A0=3C0002 A1=100700 A2=F6D08 A3=108F4A A4=10F1104 A5=108000 A6=4FBC1 PC=414E -- 00414E: subq.b  #1, D0
D0=0 D1=F D2=0 D3=FFFF D4=10404500 D5=84418515 D6=84418515 D7=FFFF A0=3C0002 A1=100700 A2=F6D08 A3=108F4A A4=10F1104 A5=108000 A6=4FBC1 PC=4150 -- 004150: move.b  D1, D2
D0=0 D1=F D2=F D3=FFFF D4=10404500 D5=84418515 D6=84418515 D7=FFFF A0=3C0002 A1=100700 A2=F6D08 A3=108F4A A4=10F1104 A5=108000 A6=4FBC1 PC=4152 -- 004152: sub.b   (A6)+, D2
D0=0 D1=F D2=F D3=FFFF D4=10404500 D5=84418515 D6=84418515 D7=FFFF A0=3C0002 A1=100700 A2=F6D08 A3=108F4A A4=10F1104 A5=108000 A6=4FBC2 PC=4154 -- 004154: lsl.w   #8, D2
D0=0 D1=F D2=F00 D3=FFFF D4=10404500 D5=84418515 D6=84418515 D7=FFFF A0=3C0002 A1=100700 A2=F6D08 A3=108F4A A4=10F1104 A5=108000 A6=4FBC2 PC=4156 -- 004156: move.b  ($69,A1), D2
D0=0 D1=F D2=FFF D3=FFFF D4=10404500 D5=84418515 D6=84418515 D7=FFFF A0=3C0002 A1=100700 A2=F6D08 A3=108F4A A4=10F1104 A5=108000 A6=4FBC2 PC=415A -- 00415A: move.w  D2, (A0)
D0=0 D1=F D2=FFF D3=FFFF D4=10404500 D5=84418515 D6=84418515 D7=FFFF A0=3C0002 A1=100700 A2=F6D08 A3=108F4A A4=10F1104 A5=108000 A6=4FBC2 PC=415C -- 00415C: dbra    D0, $4150
D0=FFFF D1=F D2=FFF D3=FFFF D4=10404500 D5=84418515 D6=84418515 D7=FFFF A0=3C0002 A1=100700 A2=F6D08 A3=108F4A A4=10F1104 A5=108000 A6=4FBC2 PC=4160 -- 004160: bra     $4178
D0=FFFF D1=F D2=FFF D3=FFFF D4=10404500 D5=84418515 D6=84418515 D7=FFFF A0=3C0002 A1=100700 A2=F6D08 A3=108F4A A4=10F1104 A5=108000 A6=4FBC2 PC=4178 -- 004178: move.b  ($2,A2), D0
D0=FFE0 D1=F D2=FFF D3=FFFF D4=10404500 D5=84418515 D6=84418515 D7=FFFF A0=3C0002 A1=100700 A2=F6D08 A3=108F4A A4=10F1104 A5=108000 A6=4FBC2 PC=417C -- 00417C: tst.b   ($80,A1)
D0=FFE0 D1=F D2=FFF D3=FFFF D4=10404500 D5=84418515 D6=84418515 D7=FFFF A0=3C0002 A1=100700 A2=F6D08 A3=108F4A A4=10F1104 A5=108000 A6=4FBC2 PC=4180 -- 004180: beq     $4188
D0=FFE0 D1=F D2=FFF D3=FFFF D4=10404500 D5=84418515 D6=84418515 D7=FFFF A0=3C0002 A1=100700 A2=F6D08 A3=108F4A A4=10F1104 A5=108000 A6=4FBC2 PC=4188 -- 004188: add.b   ($30,A1), D0
D0=FFE0 D1=F D2=FFF D3=FFFF D4=10404500 D5=84418515 D6=84418515 D7=FFFF A0=3C0002 A1=100700 A2=F6D08 A3=108F4A A4=10F1104 A5=108000 A6=4FBC2 PC=418C -- 00418C: lsl.w   #8, D0
D0=E000 D1=F D2=FFF D3=FFFF D4=10404500 D5=84418515 D6=84418515 D7=FFFF A0=3C0002 A1=100700 A2=F6D08 A3=108F4A A4=10F1104 A5=108000 A6=4FBC2 PC=418E -- 00418E: tst.b   ($3,A2)
D0=E000 D1=F D2=FFF D3=FFFF D4=10404500 D5=84418515 D6=84418515 D7=FFFF A0=3C0002 A1=100700 A2=F6D08 A3=108F4A A4=10F1104 A5=108000 A6=4FBC2 PC=4192 -- 004192: beq     $4198
D0=E000 D1=F D2=FFF D3=FFFF D4=10404500 D5=84418515 D6=84418515 D7=FFFF A0=3C0002 A1=100700 A2=F6D08 A3=108F4A A4=10F1104 A5=108000 A6=4FBC2 PC=4194 -- 004194: move.b  #$10, D0
D0=E010 D1=F D2=FFF D3=FFFF D4=10404500 D5=84418515 D6=84418515 D7=FFFF A0=3C0002 A1=100700 A2=F6D08 A3=108F4A A4=10F1104 A5=108000 A6=4FBC2 PC=4198 -- 004198: move.w  ($4,A2), D1
D0=E010 D1=DCAB D2=FFF D3=FFFF D4=10404500 D5=84418515 D6=84418515 D7=FFFF A0=3C0002 A1=100700 A2=F6D08 A3=108F4A A4=10F1104 A5=108000 A6=4FBC2 PC=419C -- 00419C: moveq   #$0, D3
D0=E010 D1=DCAB D2=FFF D3=0 D4=10404500 D5=84418515 D6=84418515 D7=FFFF A0=3C0002 A1=100700 A2=F6D08 A3=108F4A A4=10F1104 A5=108000 A6=4FBC2 PC=419E -- 00419E: move.b  (A2), D3
D0=E010 D1=DCAB D2=FFF D3=1 D4=10404500 D5=84418515 D6=84418515 D7=FFFF A0=3C0002 A1=100700 A2=F6D08 A3=108F4A A4=10F1104 A5=108000 A6=4FBC2 PC=41A0 -- 0041A0: subq.b  #1, D3
D0=E010 D1=DCAB D2=FFF D3=0 D4=10404500 D5=84418515 D6=84418515 D7=FFFF A0=3C0002 A1=100700 A2=F6D08 A3=108F4A A4=10F1104 A5=108000 A6=4FBC2 PC=41A2 -- 0041A2: move.w  ($790,A5), D7
D0=E010 D1=DCAB D2=FFF D3=0 D4=10404500 D5=84418515 D6=84418515 D7=0 A0=3C0002 A1=100700 A2=F6D08 A3=108F4A A4=10F1104 A5=108000 A6=4FBC2 PC=41A6 -- 0041A6: add.w   D7, D7
D0=E010 D1=DCAB D2=FFF D3=0 D4=10404500 D5=84418515 D6=84418515 D7=0 A0=3C0002 A1=100700 A2=F6D08 A3=108F4A A4=10F1104 A5=108000 A6=4FBC2 PC=41A8 -- 0041A8: add.w   D7, D7
D0=E010 D1=DCAB D2=FFF D3=0 D4=10404500 D5=84418515 D6=84418515 D7=0 A0=3C0002 A1=100700 A2=F6D08 A3=108F4A A4=10F1104 A5=108000 A6=4FBC2 PC=41AA -- 0041AA: movea.l ($4,PC,D7.w), A6
D0=E010 D1=DCAB D2=FFF D3=0 D4=10404500 D5=84418515 D6=84418515 D7=0 A0=3C0002 A1=100700 A2=F6D08 A3=108F4A A4=10F1104 A5=108000 A6=428C PC=41AE -- 0041AE: jmp     (A6)
D0=E010 D1=DCAB D2=FFF D3=0 D4=10404500 D5=84418515 D6=84418515 D7=0 A0=3C0002 A1=100700 A2=F6D08 A3=108F4A A4=10F1104 A5=108000 A6=428C PC=428C -- 00428C: lea     ($6,A2), A6
D0=E010 D1=DCAB D2=FFF D3=0 D4=10404500 D5=84418515 D6=84418515 D7=0 A0=3C0002 A1=100700 A2=F6D08 A3=108F4A A4=10F1104 A5=108000 A6=F6D0E PC=4290 -- 004290: move.w  #$1, ($2,A0)
D0=E010 D1=DCAB D2=FFF D3=0 D4=10404500 D5=84418515 D6=84418515 D7=0 A0=3C0002 A1=100700 A2=F6D08 A3=108F4A A4=10F1104 A5=108000 A6=F6D0E PC=4296 -- 004296: moveq   #$0, D7
D0=E010 D1=DCAB D2=FFF D3=0 D4=10404500 D5=84418515 D6=84418515 D7=0 A0=3C0002 A1=100700 A2=F6D08 A3=108F4A A4=10F1104 A5=108000 A6=F6D0E PC=4298 -- 004298: move.b  ($1,A2), D7
D0=E010 D1=DCAB D2=FFF D3=0 D4=10404500 D5=84418515 D6=84418515 D7=1 A0=3C0002 A1=100700 A2=F6D08 A3=108F4A A4=10F1104 A5=108000 A6=F6D0E PC=429C -- 00429C: subq.b  #1, D7
D0=E010 D1=DCAB D2=FFF D3=0 D4=10404500 D5=84418515 D6=84418515 D7=0 A0=3C0002 A1=100700 A2=F6D08 A3=108F4A A4=10F1104 A5=108000 A6=F6D0E PC=429E -- 00429E: move.w  (A6)+, D2
D0=E010 D1=DCAB D2=8000 D3=0 D4=10404500 D5=84418515 D6=84418515 D7=0 A0=3C0002 A1=100700 A2=F6D08 A3=108F4A A4=10F1104 A5=108000 A6=F6D10 PC=42A0 -- 0042A0: move.w  D4, (-$2,A0)
D0=E010 D1=DCAB D2=8000 D3=0 D4=10404500 D5=84418515 D6=84418515 D7=0 A0=3C0002 A1=100700 A2=F6D08 A3=108F4A A4=10F1104 A5=108000 A6=F6D10 PC=42A4 -- 0042A4: add.w   D2, D2
D0=E010 D1=DCAB D2=0 D3=0 D4=10404500 D5=84418515 D6=84418515 D7=0 A0=3C0002 A1=100700 A2=F6D08 A3=108F4A A4=10F1104 A5=108000 A6=F6D10 PC=42A6 -- 0042A6: bcc     $42b8
D0=E010 D1=DCAB D2=0 D3=0 D4=10404500 D5=84418515 D6=84418515 D7=0 A0=3C0002 A1=100700 A2=F6D08 A3=108F4A A4=10F1104 A5=108000 A6=F6D10 PC=42A8 -- 0042A8: move.w  D1, (A0)
D0=E010 D1=DCAB D2=0 D3=0 D4=10404500 D5=84418515 D6=84418515 D7=0 A0=3C0002 A1=100700 A2=F6D08 A3=108F4A A4=10F1104 A5=108000 A6=F6D10 PC=42AA -- 0042AA: nop
D0=E010 D1=DCAB D2=0 D3=0 D4=10404500 D5=84418515 D6=84418515 D7=0 A0=3C0002 A1=100700 A2=F6D08 A3=108F4A A4=10F1104 A5=108000 A6=F6D10 PC=42AC -- 0042AC: move.w  D0, (A0)
D0=E010 D1=DCAB D2=0 D3=0 D4=10404500 D5=84418515 D6=84418515 D7=0 A0=3C0002 A1=100700 A2=F6D08 A3=108F4A A4=10F1104 A5=108000 A6=F6D10 PC=42AE -- 0042AE: addq.w  #1, D1
D0=E010 D1=DCAC D2=0 D3=0 D4=10404500 D5=84418515 D6=84418515 D7=0 A0=3C0002 A1=100700 A2=F6D08 A3=108F4A A4=10F1104 A5=108000 A6=F6D10 PC=42B0 -- 0042B0: bcc     $42c0
D0=E010 D1=DCAC D2=0 D3=0 D4=10404500 D5=84418515 D6=84418515 D7=0 A0=3C0002 A1=100700 A2=F6D08 A3=108F4A A4=10F1104 A5=108000 A6=F6D10 PC=42C0 -- 0042C0: dbra    D7, $42a4
D0=E010 D1=DCAC D2=0 D3=0 D4=10404500 D5=84418515 D6=84418515 D7=FFFF A0=3C0002 A1=100700 A2=F6D08 A3=108F4A A4=10F1104 A5=108000 A6=F6D10 PC=42C4 -- 0042C4: bsr     $47c0
D0=E010 D1=DCAC D2=0 D3=0 D4=10404500 D5=84418515 D6=84418515 D7=FFFF A0=3C0002 A1=100700 A2=F6D08 A3=108F4A A4=10F1104 A5=108000 A6=F6D10 PC=47C0 -- 0047C0: tst.b   ($78f,A5)
D0=E010 D1=DCAC D2=0 D3=0 D4=10404500 D5=84418515 D6=84418515 D7=FFFF A0=3C0002 A1=100700 A2=F6D08 A3=108F4A A4=10F1104 A5=108000 A6=F6D10 PC=47C4 -- 0047C4: bpl     $47c8
D0=E010 D1=DCAC D2=0 D3=0 D4=10404500 D5=84418515 D6=84418515 D7=FFFF A0=3C0002 A1=100700 A2=F6D08 A3=108F4A A4=10F1104 A5=108000 A6=F6D10 PC=47C6 -- 0047C6: rts
D0=E010 D1=DCAC D2=0 D3=0 D4=10404500 D5=84418515 D6=84418515 D7=FFFF A0=3C0002 A1=100700 A2=F6D08 A3=108F4A A4=10F1104 A5=108000 A6=F6D10 PC=42C8 -- 0042C8: addi.w  #$40, D4
D0=E010 D1=DCAC D2=0 D3=0 D4=10404540 D5=84418515 D6=84418515 D7=FFFF A0=3C0002 A1=100700 A2=F6D08 A3=108F4A A4=10F1104 A5=108000 A6=F6D10 PC=42CC -- 0042CC: dbra    D3, $4296
D0=E010 D1=DCAC D2=0 D3=FFFF D4=10404540 D5=84418515 D6=84418515 D7=FFFF A0=3C0002 A1=100700 A2=F6D08 A3=108F4A A4=10F1104 A5=108000 A6=F6D10 PC=42D0 -- 0042D0: rts
D0=E010 D1=DCAC D2=0 D3=FFFF D4=10404540 D5=84418515 D6=84418515 D7=FFFF A0=3C0002 A1=100700 A2=F6D08 A3=108F4A A4=10F1104 A5=108000 A6=F6D10 PC=4016 -- 004016: bra     $401c
D0=E010 D1=DCAC D2=0 D3=FFFF D4=10404540 D5=84418515 D6=84418515 D7=FFFF A0=3C0002 A1=100700 A2=F6D08 A3=108F4A A4=10F1104 A5=108000 A6=F6D10 PC=401C -- 00401C: movea.l (A7)+, A6
D0=E010 D1=DCAC D2=0 D3=FFFF D4=10404540 D5=84418515 D6=84418515 D7=FFFF A0=3C0002 A1=100700 A2=F6D08 A3=108F4A A4=10F1104 A5=108000 A6=108E3C PC=401E -- 00401E: btst    #$5, ($4,A4)
D0=E010 D1=DCAC D2=0 D3=FFFF D4=10404540 D5=84418515 D6=84418515 D7=FFFF A0=3C0002 A1=100700 A2=F6D08 A3=108F4A A4=10F1104 A5=108000 A6=108E3C PC=4024 -- 004024: beq     $4056
D0=E010 D1=DCAC D2=0 D3=FFFF D4=10404540 D5=84418515 D6=84418515 D7=FFFF A0=3C0002 A1=100700 A2=F6D08 A3=108F4A A4=10F1104 A5=108000 A6=108E3C PC=4056 -- 004056: tst.b   ($7c,A1)
D0=E010 D1=DCAC D2=0 D3=FFFF D4=10404540 D5=84418515 D6=84418515 D7=FFFF A0=3C0002 A1=100700 A2=F6D08 A3=108F4A A4=10F1104 A5=108000 A6=108E3C PC=405A -- 00405A: bpl     $4064
D0=E010 D1=DCAC D2=0 D3=FFFF D4=10404540 D5=84418515 D6=84418515 D7=FFFF A0=3C0002 A1=100700 A2=F6D08 A3=108F4A A4=10F1104 A5=108000 A6=108E3C PC=4064 -- 004064: movea.l (A7)+, A0
D0=E010 D1=DCAC D2=0 D3=FFFF D4=10404540 D5=84418515 D6=84418515 D7=FFFF A0=10890E A1=100700 A2=F6D08 A3=108F4A A4=10F1104 A5=108000 A6=108E3C PC=4066 -- 004066: subq.w  #1, ($e3a,A5)
D0=E010 D1=DCAC D2=0 D3=FFFF D4=10404540 D5=84418515 D6=84418515 D7=FFFF A0=10890E A1=100700 A2=F6D08 A3=108F4A A4=10F1104 A5=108000 A6=108E3C PC=406A -- 00406A: bne     $3f32
D0=E010 D1=DCAC D2=0 D3=FFFF D4=10404540 D5=84418515 D6=84418515 D7=FFFF A0=10890E A1=100700 A2=F6D08 A3=108F4A A4=10F1104 A5=108000 A6=108E3C PC=3F32 -- 003F32: move.w  (A0)+, D0
D0=500 D1=DCAC D2=0 D3=FFFF D4=10404540 D5=84418515 D6=84418515 D7=FFFF A0=108910 A1=100700 A2=F6D08 A3=108F4A A4=10F1104 A5=108000 A6=108E3C PC=3F34 -- 003F34: beq     $3f32
D0=500 D1=DCAC D2=0 D3=FFFF D4=10404540 D5=84418515 D6=84418515 D7=FFFF A0=108910 A1=100700 A2=F6D08 A3=108F4A A4=10F1104 A5=108000 A6=108E3C PC=3F36 -- 003F36: clr.w   (-$2,A0)
D0=500 D1=DCAC D2=0 D3=FFFF D4=10404540 D5=84418515 D6=84418515 D7=FFFF A0=108910 A1=100700 A2=F6D08 A3=108F4A A4=10F1104 A5=108000 A6=108E3C PC=3F3A -- 003F3A: move.l  A5, D1
D0=500 D1=108000 D2=0 D3=FFFF D4=10404540 D5=84418515 D6=84418515 D7=FFFF A0=108910 A1=100700 A2=F6D08 A3=108F4A A4=10F1104 A5=108000 A6=108E3C PC=3F3C -- 003F3C: move.w  D0, D1
D0=500 D1=100500 D2=0 D3=FFFF D4=10404540 D5=84418515 D6=84418515 D7=FFFF A0=108910 A1=100700 A2=F6D08 A3=108F4A A4=10F1104 A5=108000 A6=108E3C PC=3F3E -- 003F3E: movea.l D1, A1
D0=500 D1=100500 D2=0 D3=FFFF D4=10404540 D5=84418515 D6=84418515 D7=FFFF A0=108910 A1=100500 A2=F6D08 A3=108F4A A4=10F1104 A5=108000 A6=108E3C PC=3F40 -- 003F40: movea.l ($28,A1), A2
D0=500 D1=100500 D2=0 D3=FFFF D4=10404540 D5=84418515 D6=84418515 D7=FFFF A0=108910 A1=100500 A2=F6CF8 A3=108F4A A4=10F1104 A5=108000 A6=108E3C PC=3F44 -- 003F44: lea     $7bf48.l, A4
D0=500 D1=100500 D2=0 D3=FFFF D4=10404540 D5=84418515 D6=84418515 D7=FFFF A0=108910 A1=100500 A2=F6CF8 A3=108F4A A4=7BF48 A5=108000 A6=108E3C PC=3F4A -- 003F4A: move.w  ($70,A1), D0
D0=1B D1=100500 D2=0 D3=FFFF D4=10404540 D5=84418515 D6=84418515 D7=FFFF A0=108910 A1=100500 A2=F6CF8 A3=108F4A A4=7BF48 A5=108000 A6=108E3C PC=3F4E -- 003F4E: add.w   D0, D0
D0=36 D1=100500 D2=0 D3=FFFF D4=10404540 D5=84418515 D6=84418515 D7=FFFF A0=108910 A1=100500 A2=F6CF8 A3=108F4A A4=7BF48 A5=108000 A6=108E3C PC=3F50 -- 003F50: add.w   D0, D0
D0=6C D1=100500 D2=0 D3=FFFF D4=10404540 D5=84418515 D6=84418515 D7=FFFF A0=108910 A1=100500 A2=F6CF8 A3=108F4A A4=7BF48 A5=108000 A6=108E3C PC=3F52 -- 003F52: movea.l (A4,D0.w), A4
D0=6C D1=100500 D2=0 D3=FFFF D4=10404540 D5=84418515 D6=84418515 D7=FFFF A0=108910 A1=100500 A2=F6CF8 A3=108F4A A4=7F5E0 A5=108000 A6=108E3C PC=3F56 -- 003F56: move.w  ($72,A1), D0
D0=38 D1=100500 D2=0 D3=FFFF D4=10404540 D5=84418515 D6=84418515 D7=FFFF A0=108910 A1=100500 A2=F6CF8 A3=108F4A A4=7F5E0 A5=108000 A6=108E3C PC=3F5A -- 003F5A: add.w   D0, D0
D0=70 D1=100500 D2=0 D3=FFFF D4=10404540 D5=84418515 D6=84418515 D7=FFFF A0=108910 A1=100500 A2=F6CF8 A3=108F4A A4=7F5E0 A5=108000 A6=108E3C PC=3F5C -- 003F5C: move.w  (A4,D0.w), ($46de,A5)
D0=70 D1=100500 D2=0 D3=FFFF D4=10404540 D5=84418515 D6=84418515 D7=FFFF A0=108910 A1=100500 A2=F6CF8 A3=108F4A A4=7F5E0 A5=108000 A6=108E3C PC=3F62 -- 003F62: lea     $80000.l, A4
D0=70 D1=100500 D2=0 D3=FFFF D4=10404540 D5=84418515 D6=84418515 D7=FFFF A0=108910 A1=100500 A2=F6CF8 A3=108F4A A4=80000 A5=108000 A6=108E3C PC=3F68 -- 003F68: move.w  ($70,A1), D0
D0=1B D1=100500 D2=0 D3=FFFF D4=10404540 D5=84418515 D6=84418515 D7=FFFF A0=108910 A1=100500 A2=F6CF8 A3=108F4A A4=80000 A5=108000 A6=108E3C PC=3F6C -- 003F6C: add.w   D0, D0
D0=36 D1=100500 D2=0 D3=FFFF D4=10404540 D5=84418515 D6=84418515 D7=FFFF A0=108910 A1=100500 A2=F6CF8 A3=108F4A A4=80000 A5=108000 A6=108E3C PC=3F6E -- 003F6E: add.w   D0, D0
D0=6C D1=100500 D2=0 D3=FFFF D4=10404540 D5=84418515 D6=84418515 D7=FFFF A0=108910 A1=100500 A2=F6CF8 A3=108F4A A4=80000 A5=108000 A6=108E3C PC=3F70 -- 003F70: movea.l (A4,D0.w), A4
D0=6C D1=100500 D2=0 D3=FFFF D4=10404540 D5=84418515 D6=84418515 D7=FFFF A0=108910 A1=100500 A2=F6CF8 A3=108F4A A4=86E00 A5=108000 A6=108E3C PC=3F74 -- 003F74: move.w  ($46de,A5), D0
D0=3838 D1=100500 D2=0 D3=FFFF D4=10404540 D5=84418515 D6=84418515 D7=FFFF A0=108910 A1=100500 A2=F6CF8 A3=108F4A A4=86E00 A5=108000 A6=108E3C PC=3F78 -- 003F78: tst.b   ($46e2,A5)
D0=3838 D1=100500 D2=0 D3=FFFF D4=10404540 D5=84418515 D6=84418515 D7=FFFF A0=108910 A1=100500 A2=F6CF8 A3=108F4A A4=86E00 A5=108000 A6=108E3C PC=3F7C -- 003F7C: beq     $3f82
D0=3838 D1=100500 D2=0 D3=FFFF D4=10404540 D5=84418515 D6=84418515 D7=FFFF A0=108910 A1=100500 A2=F6CF8 A3=108F4A A4=86E00 A5=108000 A6=108E3C PC=3F82 -- 003F82: andi.w  #$ff, D0
D0=38 D1=100500 D2=0 D3=FFFF D4=10404540 D5=84418515 D6=84418515 D7=FFFF A0=108910 A1=100500 A2=F6CF8 A3=108F4A A4=86E00 A5=108000 A6=108E3C PC=3F86 -- 003F86: add.w   D0, D0
D0=70 D1=100500 D2=0 D3=FFFF D4=10404540 D5=84418515 D6=84418515 D7=FFFF A0=108910 A1=100500 A2=F6CF8 A3=108F4A A4=86E00 A5=108000 A6=108E3C PC=3F88 -- 003F88: add.w   D0, D0
D0=E0 D1=100500 D2=0 D3=FFFF D4=10404540 D5=84418515 D6=84418515 D7=FFFF A0=108910 A1=100500 A2=F6CF8 A3=108F4A A4=86E00 A5=108000 A6=108E3C PC=3F8A -- 003F8A: movea.l (A4,D0.w), A4
D0=E0 D1=100500 D2=0 D3=FFFF D4=10404540 D5=84418515 D6=84418515 D7=FFFF A0=108910 A1=100500 A2=F6CF8 A3=108F4A A4=F3112 A5=108000 A6=108E3C PC=3F8E -- 003F8E: move.w  ($74,A1), D0
D0=0 D1=100500 D2=0 D3=FFFF D4=10404540 D5=84418515 D6=84418515 D7=FFFF A0=108910 A1=100500 A2=F6CF8 A3=108F4A A4=F3112 A5=108000 A6=108E3C PC=3F92 -- 003F92: adda.w  D0, A4
D0=0 D1=100500 D2=0 D3=FFFF D4=10404540 D5=84418515 D6=84418515 D7=FFFF A0=108910 A1=100500 A2=F6CF8 A3=108F4A A4=F3112 A5=108000 A6=108E3C PC=3F94 -- 003F94: move.l  (A4), D0
D0=10F1110 D1=100500 D2=0 D3=FFFF D4=10404540 D5=84418515 D6=84418515 D7=FFFF A0=108910 A1=100500 A2=F6CF8 A3=108F4A A4=F3112 A5=108000 A6=108E3C PC=3F96 -- 003F96: movea.l D0, A4
D0=10F1110 D1=100500 D2=0 D3=FFFF D4=10404540 D5=84418515 D6=84418515 D7=FFFF A0=108910 A1=100500 A2=F6CF8 A3=108F4A A4=10F1110 A5=108000 A6=108E3C PC=3F98 -- 003F98: move.l  A0, -(A7)
D0=10F1110 D1=100500 D2=0 D3=FFFF D4=10404540 D5=84418515 D6=84418515 D7=FFFF A0=108910 A1=100500 A2=F6CF8 A3=108F4A A4=10F1110 A5=108000 A6=108E3C PC=3F9A -- 003F9A: lea     $3c0002.l, A0
D0=10F1110 D1=100500 D2=0 D3=FFFF D4=10404540 D5=84418515 D6=84418515 D7=FFFF A0=3C0002 A1=100500 A2=F6CF8 A3=108F4A A4=10F1110 A5=108000 A6=108E3C PC=3FA0 -- 003FA0: tst.b   ($7c,A1)
D0=10F1110 D1=100500 D2=0 D3=FFFF D4=10404540 D5=84418515 D6=84418515 D7=FFFF A0=3C0002 A1=100500 A2=F6CF8 A3=108F4A A4=10F1110 A5=108000 A6=108E3C PC=3FA4 -- 003FA4: bpl     $3fc0
D0=10F1110 D1=100500 D2=0 D3=FFFF D4=10404540 D5=84418515 D6=84418515 D7=FFFF A0=3C0002 A1=100500 A2=F6CF8 A3=108F4A A4=10F1110 A5=108000 A6=108E3C PC=3FC0 -- 003FC0: moveq   #$0, D0
D0=0 D1=100500 D2=0 D3=FFFF D4=10404540 D5=84418515 D6=84418515 D7=FFFF A0=3C0002 A1=100500 A2=F6CF8 A3=108F4A A4=10F1110 A5=108000 A6=108E3C PC=3FC2 -- 003FC2: move.b  (A2), D0
D0=1 D1=100500 D2=0 D3=FFFF D4=10404540 D5=84418515 D6=84418515 D7=FFFF A0=3C0002 A1=100500 A2=F6CF8 A3=108F4A A4=10F1110 A5=108000 A6=108E3C PC=3FC4 -- 003FC4: sub.w   D0, ($794,A5)
D0=1 D1=100500 D2=0 D3=FFFF D4=10404540 D5=84418515 D6=84418515 D7=FFFF A0=3C0002 A1=100500 A2=F6CF8 A3=108F4A A4=10F1110 A5=108000 A6=108E3C PC=3FC8 -- 003FC8: bcc     $3fd2
D0=1 D1=100500 D2=0 D3=FFFF D4=10404540 D5=84418515 D6=84418515 D7=FFFF A0=3C0002 A1=100500 A2=F6CF8 A3=108F4A A4=10F1110 A5=108000 A6=108E3C PC=3FD2 -- 003FD2: move.l  A6, -(A7)
D0=1 D1=100500 D2=0 D3=FFFF D4=10404540 D5=84418515 D6=84418515 D7=FFFF A0=3C0002 A1=100500 A2=F6CF8 A3=108F4A A4=10F1110 A5=108000 A6=108E3C PC=3FD4 -- 003FD4: btst    #$6, ($7c,A1)
D0=1 D1=100500 D2=0 D3=FFFF D4=10404540 D5=84418515 D6=84418515 D7=FFFF A0=3C0002 A1=100500 A2=F6CF8 A3=108F4A A4=10F1110 A5=108000 A6=108E3C PC=3FDA -- 003FDA: bne     $400c
D0=1 D1=100500 D2=0 D3=FFFF D4=10404540 D5=84418515 D6=84418515 D7=FFFF A0=3C0002 A1=100500 A2=F6CF8 A3=108F4A A4=10F1110 A5=108000 A6=108E3C PC=3FDE -- 003FDE: moveq   #$0, D1
D0=1 D1=0 D2=0 D3=FFFF D4=10404540 D5=84418515 D6=84418515 D7=FFFF A0=3C0002 A1=100500 A2=F6CF8 A3=108F4A A4=10F1110 A5=108000 A6=108E3C PC=3FE0 -- 003FE0: move.b  ($82,A1), D1
D0=1 D1=0 D2=0 D3=FFFF D4=10404540 D5=84418515 D6=84418515 D7=FFFF A0=3C0002 A1=100500 A2=F6CF8 A3=108F4A A4=10F1110 A5=108000 A6=108E3C PC=3FE4 -- 003FE4: add.w   D1, D1
D0=1 D1=0 D2=0 D3=FFFF D4=10404540 D5=84418515 D6=84418515 D7=FFFF A0=3C0002 A1=100500 A2=F6CF8 A3=108F4A A4=10F1110 A5=108000 A6=108E3C PC=3FE6 -- 003FE6: add.w   D1, D1
D0=1 D1=0 D2=0 D3=FFFF D4=10404540 D5=84418515 D6=84418515 D7=FFFF A0=3C0002 A1=100500 A2=F6CF8 A3=108F4A A4=10F1110 A5=108000 A6=108E3C PC=3FE8 -- 003FE8: move.w  ($18,A1), D0
D0=100 D1=0 D2=0 D3=FFFF D4=10404540 D5=84418515 D6=84418515 D7=FFFF A0=3C0002 A1=100500 A2=F6CF8 A3=108F4A A4=10F1110 A5=108000 A6=108E3C PC=3FEC -- 003FEC: lea     ($104c,A5), A6
D0=100 D1=0 D2=0 D3=FFFF D4=10404540 D5=84418515 D6=84418515 D7=FFFF A0=3C0002 A1=100500 A2=F6CF8 A3=108F4A A4=10F1110 A5=108000 A6=10904C PC=3FF0 -- 003FF0: sub.w   (A6,D1.w), D0
D0=100 D1=0 D2=0 D3=FFFF D4=10404540 D5=84418515 D6=84418515 D7=FFFF A0=3C0002 A1=100500 A2=F6CF8 A3=108F4A A4=10F1110 A5=108000 A6=10904C PC=3FF4 -- 003FF4: move.w  D0, ($24,A1)
D0=100 D1=0 D2=0 D3=FFFF D4=10404540 D5=84418515 D6=84418515 D7=FFFF A0=3C0002 A1=100500 A2=F6CF8 A3=108F4A A4=10F1110 A5=108000 A6=10904C PC=3FF8 -- 003FF8: move.w  ($1c,A1), D0
D0=88 D1=0 D2=0 D3=FFFF D4=10404540 D5=84418515 D6=84418515 D7=FFFF A0=3C0002 A1=100500 A2=F6CF8 A3=108F4A A4=10F1110 A5=108000 A6=10904C PC=3FFC -- 003FFC: sub.w   ($20,A1), D0
D0=88 D1=0 D2=0 D3=FFFF D4=10404540 D5=84418515 D6=84418515 D7=FFFF A0=3C0002 A1=100500 A2=F6CF8 A3=108F4A A4=10F1110 A5=108000 A6=10904C PC=4000 -- 004000: lea     ($1058,A5), A6
D0=88 D1=0 D2=0 D3=FFFF D4=10404540 D5=84418515 D6=84418515 D7=FFFF A0=3C0002 A1=100500 A2=F6CF8 A3=108F4A A4=10F1110 A5=108000 A6=109058 PC=4004 -- 004004: sub.w   (A6,D1.w), D0
D0=88 D1=0 D2=0 D3=FFFF D4=10404540 D5=84418515 D6=84418515 D7=FFFF A0=3C0002 A1=100500 A2=F6CF8 A3=108F4A A4=10F1110 A5=108000 A6=109058 PC=4008 -- 004008: move.w  D0, ($26,A1)
D0=88 D1=0 D2=0 D3=FFFF D4=10404540 D5=84418515 D6=84418515 D7=FFFF A0=3C0002 A1=100500 A2=F6CF8 A3=108F4A A4=10F1110 A5=108000 A6=109058 PC=400C -- 00400C: tst.b   ($3a66,A5)
D0=88 D1=0 D2=0 D3=FFFF D4=10404540 D5=84418515 D6=84418515 D7=FFFF A0=3C0002 A1=100500 A2=F6CF8 A3=108F4A A4=10F1110 A5=108000 A6=109058 PC=4010 -- 004010: bmi     $4018
D0=88 D1=0 D2=0 D3=FFFF D4=10404540 D5=84418515 D6=84418515 D7=FFFF A0=3C0002 A1=100500 A2=F6CF8 A3=108F4A A4=10F1110 A5=108000 A6=109058 PC=4012 -- 004012: bsr     $4088
D0=88 D1=0 D2=0 D3=FFFF D4=10404540 D5=84418515 D6=84418515 D7=FFFF A0=3C0002 A1=100500 A2=F6CF8 A3=108F4A A4=10F1110 A5=108000 A6=109058 PC=4088 -- 004088: move.w  (A4), D0
D0=0 D1=0 D2=0 D3=FFFF D4=10404540 D5=84418515 D6=84418515 D7=FFFF A0=3C0002 A1=100500 A2=F6CF8 A3=108F4A A4=10F1110 A5=108000 A6=109058 PC=408A -- 00408A: move.b  ($31,A1), D1
D0=0 D1=0 D2=0 D3=FFFF D4=10404540 D5=84418515 D6=84418515 D7=FFFF A0=3C0002 A1=100500 A2=F6CF8 A3=108F4A A4=10F1110 A5=108000 A6=109058 PC=408E -- 00408E: move.b  ($4,A4), D2
D0=0 D1=0 D2=0 D3=FFFF D4=10404540 D5=84418515 D6=84418515 D7=FFFF A0=3C0002 A1=100500 A2=F6CF8 A3=108F4A A4=10F1110 A5=108000 A6=109058 PC=4092 -- 004092: rol.b   #2, D2
D0=0 D1=0 D2=0 D3=FFFF D4=10404540 D5=84418515 D6=84418515 D7=FFFF A0=3C0002 A1=100500 A2=F6CF8 A3=108F4A A4=10F1110 A5=108000 A6=109058 PC=4094 -- 004094: eor.w   D2, D1
D0=0 D1=0 D2=0 D3=FFFF D4=10404540 D5=84418515 D6=84418515 D7=FFFF A0=3C0002 A1=100500 A2=F6CF8 A3=108F4A A4=10F1110 A5=108000 A6=109058 PC=4096 -- 004096: andi.w  #$3, D1
D0=0 D1=0 D2=0 D3=FFFF D4=10404540 D5=84418515 D6=84418515 D7=FFFF A0=3C0002 A1=100500 A2=F6CF8 A3=108F4A A4=10F1110 A5=108000 A6=109058 PC=409A -- 00409A: move.w  D1, ($790,A5)
D0=0 D1=0 D2=0 D3=FFFF D4=10404540 D5=84418515 D6=84418515 D7=FFFF A0=3C0002 A1=100500 A2=F6CF8 A3=108F4A A4=10F1110 A5=108000 A6=109058 PC=409E -- 00409E: andi.w  #$1, D1
D0=0 D1=0 D2=0 D3=FFFF D4=10404540 D5=84418515 D6=84418515 D7=FFFF A0=3C0002 A1=100500 A2=F6CF8 A3=108F4A A4=10F1110 A5=108000 A6=109058 PC=40A2 -- 0040A2: beq     $40ae
D0=0 D1=0 D2=0 D3=FFFF D4=10404540 D5=84418515 D6=84418515 D7=FFFF A0=3C0002 A1=100500 A2=F6CF8 A3=108F4A A4=10F1110 A5=108000 A6=109058 PC=40AE -- 0040AE: moveq   #$0, D1
D0=0 D1=0 D2=0 D3=FFFF D4=10404540 D5=84418515 D6=84418515 D7=FFFF A0=3C0002 A1=100500 A2=F6CF8 A3=108F4A A4=10F1110 A5=108000 A6=109058 PC=40B0 -- 0040B0: move.b  ($68,A1), D1
D0=0 D1=FF D2=0 D3=FFFF D4=10404540 D5=84418515 D6=84418515 D7=FFFF A0=3C0002 A1=100500 A2=F6CF8 A3=108F4A A4=10F1110 A5=108000 A6=109058 PC=40B4 -- 0040B4: addq.w  #1, D1
D0=0 D1=100 D2=0 D3=FFFF D4=10404540 D5=84418515 D6=84418515 D7=FFFF A0=3C0002 A1=100500 A2=F6CF8 A3=108F4A A4=10F1110 A5=108000 A6=109058 PC=40B6 -- 0040B6: muls.w  D1, D0
D0=0 D1=100 D2=0 D3=FFFF D4=10404540 D5=84418515 D6=84418515 D7=FFFF A0=3C0002 A1=100500 A2=F6CF8 A3=108F4A A4=10F1110 A5=108000 A6=109058 PC=40B8 -- 0040B8: lsr.l   #8, D0
D0=0 D1=100 D2=0 D3=FFFF D4=10404540 D5=84418515 D6=84418515 D7=FFFF A0=3C0002 A1=100500 A2=F6CF8 A3=108F4A A4=10F1110 A5=108000 A6=109058 PC=40BA -- 0040BA: add.w   ($24,A1), D0
D0=100 D1=100 D2=0 D3=FFFF D4=10404540 D5=84418515 D6=84418515 D7=FFFF A0=3C0002 A1=100500 A2=F6CF8 A3=108F4A A4=10F1110 A5=108000 A6=109058 PC=40BE -- 0040BE: lsl.w   #7, D0
D0=8000 D1=100 D2=0 D3=FFFF D4=10404540 D5=84418515 D6=84418515 D7=FFFF A0=3C0002 A1=100500 A2=F6CF8 A3=108F4A A4=10F1110 A5=108000 A6=109058 PC=40C0 -- 0040C0: move.w  D6, (-$2,A0)
D0=8000 D1=100 D2=0 D3=FFFF D4=10404540 D5=84418515 D6=84418515 D7=FFFF A0=3C0002 A1=100500 A2=F6CF8 A3=108F4A A4=10F1110 A5=108000 A6=109058 PC=40C4 -- 0040C4: move.w  D0, (A0)
D0=8000 D1=100 D2=0 D3=FFFF D4=10404540 D5=84418515 D6=84418515 D7=FFFF A0=3C0002 A1=100500 A2=F6CF8 A3=108F4A A4=10F1110 A5=108000 A6=109058 PC=40C6 -- 0040C6: moveq   #$0, D0
D0=0 D1=100 D2=0 D3=FFFF D4=10404540 D5=84418515 D6=84418515 D7=FFFF A0=3C0002 A1=100500 A2=F6CF8 A3=108F4A A4=10F1110 A5=108000 A6=109058 PC=40C8 -- 0040C8: move.b  (A2), D0
D0=1 D1=100 D2=0 D3=FFFF D4=10404540 D5=84418515 D6=84418515 D7=FFFF A0=3C0002 A1=100500 A2=F6CF8 A3=108F4A A4=10F1110 A5=108000 A6=109058 PC=40CA -- 0040CA: add.w   D0, D6
D0=1 D1=100 D2=0 D3=FFFF D4=10404540 D5=84418516 D6=84418516 D7=FFFF A0=3C0002 A1=100500 A2=F6CF8 A3=108F4A A4=10F1110 A5=108000 A6=109058 PC=40CC -- 0040CC: move.w  ($2,A4), D0
D0=FFFF D1=100 D2=0 D3=FFFF D4=10404540 D5=84418516 D6=84418516 D7=FFFF A0=3C0002 A1=100500 A2=F6CF8 A3=108F4A A4=10F1110 A5=108000 A6=109058 PC=40D0 -- 0040D0: btst    #$1, ($791,A5)
D0=FFFF D1=100 D2=0 D3=FFFF D4=10404540 D5=84418516 D6=84418516 D7=FFFF A0=3C0002 A1=100500 A2=F6CF8 A3=108F4A A4=10F1110 A5=108000 A6=109058 PC=40D6 -- 0040D6: beq     $40e4
D0=FFFF D1=100 D2=0 D3=FFFF D4=10404540 D5=84418516 D6=84418516 D7=FFFF A0=3C0002 A1=100500 A2=F6CF8 A3=108F4A A4=10F1110 A5=108000 A6=109058 PC=40E4 -- 0040E4: moveq   #$0, D1
D0=FFFF D1=0 D2=0 D3=FFFF D4=10404540 D5=84418516 D6=84418516 D7=FFFF A0=3C0002 A1=100500 A2=F6CF8 A3=108F4A A4=10F1110 A5=108000 A6=109058 PC=40E6 -- 0040E6: move.b  ($69,A1), D1
D0=FFFF D1=FF D2=0 D3=FFFF D4=10404540 D5=84418516 D6=84418516 D7=FFFF A0=3C0002 A1=100500 A2=F6CF8 A3=108F4A A4=10F1110 A5=108000 A6=109058 PC=40EA -- 0040EA: addq.w  #1, D1
D0=FFFF D1=100 D2=0 D3=FFFF D4=10404540 D5=84418516 D6=84418516 D7=FFFF A0=3C0002 A1=100500 A2=F6CF8 A3=108F4A A4=10F1110 A5=108000 A6=109058 PC=40EC -- 0040EC: muls.w  D1, D0
D0=FFFFFF00 D1=100 D2=0 D3=FFFF D4=10404540 D5=84418516 D6=84418516 D7=FFFF A0=3C0002 A1=100500 A2=F6CF8 A3=108F4A A4=10F1110 A5=108000 A6=109058 PC=40EE -- 0040EE: lsr.l   #8, D0
D0=FFFFFF D1=100 D2=0 D3=FFFF D4=10404540 D5=84418516 D6=84418516 D7=FFFF A0=3C0002 A1=100500 A2=F6CF8 A3=108F4A A4=10F1110 A5=108000 A6=109058 PC=40F0 -- 0040F0: add.w   ($26,A1), D0
D0=FF0087 D1=100 D2=0 D3=FFFF D4=10404540 D5=84418516 D6=84418516 D7=FFFF A0=3C0002 A1=100500 A2=F6CF8 A3=108F4A A4=10F1110 A5=108000 A6=109058 PC=40F4 -- 0040F4: neg.w   D0
D0=FFFF79 D1=100 D2=0 D3=FFFF D4=10404540 D5=84418516 D6=84418516 D7=FFFF A0=3C0002 A1=100500 A2=F6CF8 A3=108F4A A4=10F1110 A5=108000 A6=109058 PC=40F6 -- 0040F6: addi.w  #$1ff, D0
D0=FF0178 D1=100 D2=0 D3=FFFF D4=10404540 D5=84418516 D6=84418516 D7=FFFF A0=3C0002 A1=100500 A2=F6CF8 A3=108F4A A4=10F1110 A5=108000 A6=109058 PC=40FA -- 0040FA: lsl.w   #7, D0
D0=FFBC00 D1=100 D2=0 D3=FFFF D4=10404540 D5=84418516 D6=84418516 D7=FFFF A0=3C0002 A1=100500 A2=F6CF8 A3=108F4A A4=10F1110 A5=108000 A6=109058 PC=40FC -- 0040FC: bsr     $4772
D0=FFBC00 D1=100 D2=0 D3=FFFF D4=10404540 D5=84418516 D6=84418516 D7=FFFF A0=3C0002 A1=100500 A2=F6CF8 A3=108F4A A4=10F1110 A5=108000 A6=109058 PC=4772 -- 004772: move.w  D0, -(A7)
D0=FFBC00 D1=100 D2=0 D3=FFFF D4=10404540 D5=84418516 D6=84418516 D7=FFFF A0=3C0002 A1=100500 A2=F6CF8 A3=108F4A A4=10F1110 A5=108000 A6=109058 PC=4774 -- 004774: moveq   #-$1, D0
D0=FFFFFFFF D1=100 D2=0 D3=FFFF D4=10404540 D5=84418516 D6=84418516 D7=FFFF A0=3C0002 A1=100500 A2=F6CF8 A3=108F4A A4=10F1110 A5=108000 A6=109058 PC=4776 -- 004776: moveq   #$0, D1
D0=FFFFFFFF D1=0 D2=0 D3=FFFF D4=10404540 D5=84418516 D6=84418516 D7=FFFF A0=3C0002 A1=100500 A2=F6CF8 A3=108F4A A4=10F1110 A5=108000 A6=109058 PC=4778 -- 004778: move.b  ($1,A2), D1
D0=FFFFFFFF D1=1 D2=0 D3=FFFF D4=10404540 D5=84418516 D6=84418516 D7=FFFF A0=3C0002 A1=100500 A2=F6CF8 A3=108F4A A4=10F1110 A5=108000 A6=109058 PC=477C -- 00477C: cmpi.b  #-$1, ($69,A1)
D0=FFFFFFFF D1=1 D2=0 D3=FFFF D4=10404540 D5=84418516 D6=84418516 D7=FFFF A0=3C0002 A1=100500 A2=F6CF8 A3=108F4A A4=10F1110 A5=108000 A6=109058 PC=4782 -- 004782: beq     $47b4
D0=FFFFFFFF D1=1 D2=0 D3=FFFF D4=10404540 D5=84418516 D6=84418516 D7=FFFF A0=3C0002 A1=100500 A2=F6CF8 A3=108F4A A4=10F1110 A5=108000 A6=109058 PC=47B4 -- 0047B4: move.b  D0, ($78f,A5)
D0=FFFFFFFF D1=1 D2=0 D3=FFFF D4=10404540 D5=84418516 D6=84418516 D7=FFFF A0=3C0002 A1=100500 A2=F6CF8 A3=108F4A A4=10F1110 A5=108000 A6=109058 PC=47B8 -- 0047B8: move.b  D1, ($78e,A5)
D0=FFFFFFFF D1=1 D2=0 D3=FFFF D4=10404540 D5=84418516 D6=84418516 D7=FFFF A0=3C0002 A1=100500 A2=F6CF8 A3=108F4A A4=10F1110 A5=108000 A6=109058 PC=47BC -- 0047BC: move.w  (A7)+, D0
D0=FFFFBC00 D1=1 D2=0 D3=FFFF D4=10404540 D5=84418516 D6=84418516 D7=FFFF A0=3C0002 A1=100500 A2=F6CF8 A3=108F4A A4=10F1110 A5=108000 A6=109058 PC=47BE -- 0047BE: rts
D0=FFFFBC00 D1=1 D2=0 D3=FFFF D4=10404540 D5=84418516 D6=84418516 D7=FFFF A0=3C0002 A1=100500 A2=F6CF8 A3=108F4A A4=10F1110 A5=108000 A6=109058 PC=4100 -- 004100: add.b   ($78e,A5), D0
D0=FFFFBC01 D1=1 D2=0 D3=FFFF D4=10404540 D5=84418516 D6=84418516 D7=FFFF A0=3C0002 A1=100500 A2=F6CF8 A3=108F4A A4=10F1110 A5=108000 A6=109058 PC=4104 -- 004104: move.w  D0, (A3)+
D0=FFFFBC01 D1=1 D2=0 D3=FFFF D4=10404540 D5=84418516 D6=84418516 D7=FFFF A0=3C0002 A1=100500 A2=F6CF8 A3=108F4C A4=10F1110 A5=108000 A6=109058 PC=4106 -- 004106: moveq   #$0, D0
D0=0 D1=1 D2=0 D3=FFFF D4=10404540 D5=84418516 D6=84418516 D7=FFFF A0=3C0002 A1=100500 A2=F6CF8 A3=108F4C A4=10F1110 A5=108000 A6=109058 PC=4108 -- 004108: move.b  (A2), D0
D0=1 D1=1 D2=0 D3=FFFF D4=10404540 D5=84418516 D6=84418516 D7=FFFF A0=3C0002 A1=100500 A2=F6CF8 A3=108F4C A4=10F1110 A5=108000 A6=109058 PC=410A -- 00410A: subq.b  #2, D0
D0=FF D1=1 D2=0 D3=FFFF D4=10404540 D5=84418516 D6=84418516 D7=FFFF A0=3C0002 A1=100500 A2=F6CF8 A3=108F4C A4=10F1110 A5=108000 A6=109058 PC=410C -- 00410C: bmi     $4118
D0=FF D1=1 D2=0 D3=FFFF D4=10404540 D5=84418516 D6=84418516 D7=FFFF A0=3C0002 A1=100500 A2=F6CF8 A3=108F4C A4=10F1110 A5=108000 A6=109058 PC=4118 -- 004118: move.w  #$1, ($2,A0)
D0=FF D1=1 D2=0 D3=FFFF D4=10404540 D5=84418516 D6=84418516 D7=FFFF A0=3C0002 A1=100500 A2=F6CF8 A3=108F4C A4=10F1110 A5=108000 A6=109058 PC=411E -- 00411E: move.w  D5, (-$2,A0)
D0=FF D1=1 D2=0 D3=FFFF D4=10404540 D5=84418516 D6=84418516 D7=FFFF A0=3C0002 A1=100500 A2=F6CF8 A3=108F4C A4=10F1110 A5=108000 A6=109058 PC=4122 -- 004122: moveq   #$0, D1
D0=FF D1=0 D2=0 D3=FFFF D4=10404540 D5=84418516 D6=84418516 D7=FFFF A0=3C0002 A1=100500 A2=F6CF8 A3=108F4C A4=10F1110 A5=108000 A6=109058 PC=4124 -- 004124: move.b  ($68,A1), D0
D0=FF D1=0 D2=0 D3=FFFF D4=10404540 D5=84418516 D6=84418516 D7=FFFF A0=3C0002 A1=100500 A2=F6CF8 A3=108F4C A4=10F1110 A5=108000 A6=109058 PC=4128 -- 004128: move.b  D0, D1
D0=FF D1=FF D2=0 D3=FFFF D4=10404540 D5=84418516 D6=84418516 D7=FFFF A0=3C0002 A1=100500 A2=F6CF8 A3=108F4C A4=10F1110 A5=108000 A6=109058 PC=412A -- 00412A: andi.w  #$f, D0
D0=F D1=FF D2=0 D3=FFFF D4=10404540 D5=84418516 D6=84418516 D7=FFFF A0=3C0002 A1=100500 A2=F6CF8 A3=108F4C A4=10F1110 A5=108000 A6=109058 PC=412E -- 00412E: lsr.b   #4, D1
D0=F D1=F D2=0 D3=FFFF D4=10404540 D5=84418516 D6=84418516 D7=FFFF A0=3C0002 A1=100500 A2=F6CF8 A3=108F4C A4=10F1110 A5=108000 A6=109058 PC=4130 -- 004130: tst.b   D1
D0=F D1=F D2=0 D3=FFFF D4=10404540 D5=84418516 D6=84418516 D7=FFFF A0=3C0002 A1=100500 A2=F6CF8 A3=108F4C A4=10F1110 A5=108000 A6=109058 PC=4132 -- 004132: beq     $4164
D0=F D1=F D2=0 D3=FFFF D4=10404540 D5=84418516 D6=84418516 D7=FFFF A0=3C0002 A1=100500 A2=F6CF8 A3=108F4C A4=10F1110 A5=108000 A6=109058 PC=4134 -- 004134: lea     $4f9d2.l, A6
D0=F D1=F D2=0 D3=FFFF D4=10404540 D5=84418516 D6=84418516 D7=FFFF A0=3C0002 A1=100500 A2=F6CF8 A3=108F4C A4=10F1110 A5=108000 A6=4F9D2 PC=413A -- 00413A: lsl.w   #5, D0
D0=1E0 D1=F D2=0 D3=FFFF D4=10404540 D5=84418516 D6=84418516 D7=FFFF A0=3C0002 A1=100500 A2=F6CF8 A3=108F4C A4=10F1110 A5=108000 A6=4F9D2 PC=413C -- 00413C: adda.w  D0, A6
D0=1E0 D1=F D2=0 D3=FFFF D4=10404540 D5=84418516 D6=84418516 D7=FFFF A0=3C0002 A1=100500 A2=F6CF8 A3=108F4C A4=10F1110 A5=108000 A6=4FBB2 PC=413E -- 00413E: moveq   #$f, D0
D0=F D1=F D2=0 D3=FFFF D4=10404540 D5=84418516 D6=84418516 D7=FFFF A0=3C0002 A1=100500 A2=F6CF8 A3=108F4C A4=10F1110 A5=108000 A6=4FBB2 PC=4140 -- 004140: moveq   #$0, D2
D0=F D1=F D2=0 D3=FFFF D4=10404540 D5=84418516 D6=84418516 D7=FFFF A0=3C0002 A1=100500 A2=F6CF8 A3=108F4C A4=10F1110 A5=108000 A6=4FBB2 PC=4142 -- 004142: move.b  (A2), D2
D0=F D1=F D2=1 D3=FFFF D4=10404540 D5=84418516 D6=84418516 D7=FFFF A0=3C0002 A1=100500 A2=F6CF8 A3=108F4C A4=10F1110 A5=108000 A6=4FBB2 PC=4144 -- 004144: lsr.w   #1, D2
D0=F D1=F D2=0 D3=FFFF D4=10404540 D5=84418516 D6=84418516 D7=FFFF A0=3C0002 A1=100500 A2=F6CF8 A3=108F4C A4=10F1110 A5=108000 A6=4FBB2 PC=4146 -- 004146: sub.w   D2, D0
D0=F D1=F D2=0 D3=FFFF D4=10404540 D5=84418516 D6=84418516 D7=FFFF A0=3C0002 A1=100500 A2=F6CF8 A3=108F4C A4=10F1110 A5=108000 A6=4FBB2 PC=4148 -- 004148: adda.l  D0, A6
D0=F D1=F D2=0 D3=FFFF D4=10404540 D5=84418516 D6=84418516 D7=FFFF A0=3C0002 A1=100500 A2=F6CF8 A3=108F4C A4=10F1110 A5=108000 A6=4FBC1 PC=414A -- 00414A: move.b  (A2), D0
D0=1 D1=F D2=0 D3=FFFF D4=10404540 D5=84418516 D6=84418516 D7=FFFF A0=3C0002 A1=100500 A2=F6CF8 A3=108F4C A4=10F1110 A5=108000 A6=4FBC1 PC=414C -- 00414C: add.w   D0, D5
D0=1 D1=F D2=0 D3=FFFF D4=10404540 D5=84418516 D6=84418516 D7=FFFF A0=3C0002 A1=100500 A2=F6CF8 A3=108F4C A4=10F1110 A5=108000 A6=4FBC1 PC=414E -- 00414E: subq.b  #1, D0
D0=0 D1=F D2=0 D3=FFFF D4=10404540 D5=84418516 D6=84418516 D7=FFFF A0=3C0002 A1=100500 A2=F6CF8 A3=108F4C A4=10F1110 A5=108000 A6=4FBC1 PC=4150 -- 004150: move.b  D1, D2
D0=0 D1=F D2=F D3=FFFF D4=10404540 D5=84418516 D6=84418516 D7=FFFF A0=3C0002 A1=100500 A2=F6CF8 A3=108F4C A4=10F1110 A5=108000 A6=4FBC1 PC=4152 -- 004152: sub.b   (A6)+, D2
D0=0 D1=F D2=F D3=FFFF D4=10404540 D5=84418516 D6=84418516 D7=FFFF A0=3C0002 A1=100500 A2=F6CF8 A3=108F4C A4=10F1110 A5=108000 A6=4FBC2 PC=4154 -- 004154: lsl.w   #8, D2
D0=0 D1=F D2=F00 D3=FFFF D4=10404540 D5=84418516 D6=84418516 D7=FFFF A0=3C0002 A1=100500 A2=F6CF8 A3=108F4C A4=10F1110 A5=108000 A6=4FBC2 PC=4156 -- 004156: move.b  ($69,A1), D2
D0=0 D1=F D2=FFF D3=FFFF D4=10404540 D5=84418516 D6=84418516 D7=FFFF A0=3C0002 A1=100500 A2=F6CF8 A3=108F4C A4=10F1110 A5=108000 A6=4FBC2 PC=415A -- 00415A: move.w  D2, (A0)
D0=0 D1=F D2=FFF D3=FFFF D4=10404540 D5=84418516 D6=84418516 D7=FFFF A0=3C0002 A1=100500 A2=F6CF8 A3=108F4C A4=10F1110 A5=108000 A6=4FBC2 PC=415C -- 00415C: dbra    D0, $4150
D0=FFFF D1=F D2=FFF D3=FFFF D4=10404540 D5=84418516 D6=84418516 D7=FFFF A0=3C0002 A1=100500 A2=F6CF8 A3=108F4C A4=10F1110 A5=108000 A6=4FBC2 PC=4160 -- 004160: bra     $4178
D0=FFFF D1=F D2=FFF D3=FFFF D4=10404540 D5=84418516 D6=84418516 D7=FFFF A0=3C0002 A1=100500 A2=F6CF8 A3=108F4C A4=10F1110 A5=108000 A6=4FBC2 PC=4178 -- 004178: move.b  ($2,A2), D0
D0=FFC5 D1=F D2=FFF D3=FFFF D4=10404540 D5=84418516 D6=84418516 D7=FFFF A0=3C0002 A1=100500 A2=F6CF8 A3=108F4C A4=10F1110 A5=108000 A6=4FBC2 PC=417C -- 00417C: tst.b   ($80,A1)
D0=FFC5 D1=F D2=FFF D3=FFFF D4=10404540 D5=84418516 D6=84418516 D7=FFFF A0=3C0002 A1=100500 A2=F6CF8 A3=108F4C A4=10F1110 A5=108000 A6=4FBC2 PC=4180 -- 004180: beq     $4188
D0=FFC5 D1=F D2=FFF D3=FFFF D4=10404540 D5=84418516 D6=84418516 D7=FFFF A0=3C0002 A1=100500 A2=F6CF8 A3=108F4C A4=10F1110 A5=108000 A6=4FBC2 PC=4188 -- 004188: add.b   ($30,A1), D0
D0=FFC5 D1=F D2=FFF D3=FFFF D4=10404540 D5=84418516 D6=84418516 D7=FFFF A0=3C0002 A1=100500 A2=F6CF8 A3=108F4C A4=10F1110 A5=108000 A6=4FBC2 PC=418C -- 00418C: lsl.w   #8, D0
D0=C500 D1=F D2=FFF D3=FFFF D4=10404540 D5=84418516 D6=84418516 D7=FFFF A0=3C0002 A1=100500 A2=F6CF8 A3=108F4C A4=10F1110 A5=108000 A6=4FBC2 PC=418E -- 00418E: tst.b   ($3,A2)
D0=C500 D1=F D2=FFF D3=FFFF D4=10404540 D5=84418516 D6=84418516 D7=FFFF A0=3C0002 A1=100500 A2=F6CF8 A3=108F4C A4=10F1110 A5=108000 A6=4FBC2 PC=4192 -- 004192: beq     $4198
D0=C500 D1=F D2=FFF D3=FFFF D4=10404540 D5=84418516 D6=84418516 D7=FFFF A0=3C0002 A1=100500 A2=F6CF8 A3=108F4C A4=10F1110 A5=108000 A6=4FBC2 PC=4194 -- 004194: move.b  #$10, D0
D0=C510 D1=F D2=FFF D3=FFFF D4=10404540 D5=84418516 D6=84418516 D7=FFFF A0=3C0002 A1=100500 A2=F6CF8 A3=108F4C A4=10F1110 A5=108000 A6=4FBC2 PC=4198 -- 004198: move.w  ($4,A2), D1
D0=C510 D1=DCA9 D2=FFF D3=FFFF D4=10404540 D5=84418516 D6=84418516 D7=FFFF A0=3C0002 A1=100500 A2=F6CF8 A3=108F4C A4=10F1110 A5=108000 A6=4FBC2 PC=419C -- 00419C: moveq   #$0, D3
D0=C510 D1=DCA9 D2=FFF D3=0 D4=10404540 D5=84418516 D6=84418516 D7=FFFF A0=3C0002 A1=100500 A2=F6CF8 A3=108F4C A4=10F1110 A5=108000 A6=4FBC2 PC=419E -- 00419E: move.b  (A2), D3
D0=C510 D1=DCA9 D2=FFF D3=1 D4=10404540 D5=84418516 D6=84418516 D7=FFFF A0=3C0002 A1=100500 A2=F6CF8 A3=108F4C A4=10F1110 A5=108000 A6=4FBC2 PC=41A0 -- 0041A0: subq.b  #1, D3
D0=C510 D1=DCA9 D2=FFF D3=0 D4=10404540 D5=84418516 D6=84418516 D7=FFFF A0=3C0002 A1=100500 A2=F6CF8 A3=108F4C A4=10F1110 A5=108000 A6=4FBC2 PC=41A2 -- 0041A2: move.w  ($790,A5), D7
D0=C510 D1=DCA9 D2=FFF D3=0 D4=10404540 D5=84418516 D6=84418516 D7=0 A0=3C0002 A1=100500 A2=F6CF8 A3=108F4C A4=10F1110 A5=108000 A6=4FBC2 PC=41A6 -- 0041A6: add.w   D7, D7
D0=C510 D1=DCA9 D2=FFF D3=0 D4=10404540 D5=84418516 D6=84418516 D7=0 A0=3C0002 A1=100500 A2=F6CF8 A3=108F4C A4=10F1110 A5=108000 A6=4FBC2 PC=41A8 -- 0041A8: add.w   D7, D7
D0=C510 D1=DCA9 D2=FFF D3=0 D4=10404540 D5=84418516 D6=84418516 D7=0 A0=3C0002 A1=100500 A2=F6CF8 A3=108F4C A4=10F1110 A5=108000 A6=4FBC2 PC=41AA -- 0041AA: movea.l ($4,PC,D7.w), A6
D0=C510 D1=DCA9 D2=FFF D3=0 D4=10404540 D5=84418516 D6=84418516 D7=0 A0=3C0002 A1=100500 A2=F6CF8 A3=108F4C A4=10F1110 A5=108000 A6=428C PC=41AE -- 0041AE: jmp     (A6)
D0=C510 D1=DCA9 D2=FFF D3=0 D4=10404540 D5=84418516 D6=84418516 D7=0 A0=3C0002 A1=100500 A2=F6CF8 A3=108F4C A4=10F1110 A5=108000 A6=428C PC=428C -- 00428C: lea     ($6,A2), A6
D0=C510 D1=DCA9 D2=FFF D3=0 D4=10404540 D5=84418516 D6=84418516 D7=0 A0=3C0002 A1=100500 A2=F6CF8 A3=108F4C A4=10F1110 A5=108000 A6=F6CFE PC=4290 -- 004290: move.w  #$1, ($2,A0)
D0=C510 D1=DCA9 D2=FFF D3=0 D4=10404540 D5=84418516 D6=84418516 D7=0 A0=3C0002 A1=100500 A2=F6CF8 A3=108F4C A4=10F1110 A5=108000 A6=F6CFE PC=4296 -- 004296: moveq   #$0, D7
D0=C510 D1=DCA9 D2=FFF D3=0 D4=10404540 D5=84418516 D6=84418516 D7=0 A0=3C0002 A1=100500 A2=F6CF8 A3=108F4C A4=10F1110 A5=108000 A6=F6CFE PC=4298 -- 004298: move.b  ($1,A2), D7
D0=C510 D1=DCA9 D2=FFF D3=0 D4=10404540 D5=84418516 D6=84418516 D7=1 A0=3C0002 A1=100500 A2=F6CF8 A3=108F4C A4=10F1110 A5=108000 A6=F6CFE PC=429C -- 00429C: subq.b  #1, D7
D0=C510 D1=DCA9 D2=FFF D3=0 D4=10404540 D5=84418516 D6=84418516 D7=0 A0=3C0002 A1=100500 A2=F6CF8 A3=108F4C A4=10F1110 A5=108000 A6=F6CFE PC=429E -- 00429E: move.w  (A6)+, D2
D0=C510 D1=DCA9 D2=8000 D3=0 D4=10404540 D5=84418516 D6=84418516 D7=0 A0=3C0002 A1=100500 A2=F6CF8 A3=108F4C A4=10F1110 A5=108000 A6=F6D00 PC=42A0 -- 0042A0: move.w  D4, (-$2,A0)
D0=C510 D1=DCA9 D2=8000 D3=0 D4=10404540 D5=84418516 D6=84418516 D7=0 A0=3C0002 A1=100500 A2=F6CF8 A3=108F4C A4=10F1110 A5=108000 A6=F6D00 PC=42A4 -- 0042A4: add.w   D2, D2
D0=C510 D1=DCA9 D2=0 D3=0 D4=10404540 D5=84418516 D6=84418516 D7=0 A0=3C0002 A1=100500 A2=F6CF8 A3=108F4C A4=10F1110 A5=108000 A6=F6D00 PC=42A6 -- 0042A6: bcc     $42b8
D0=C510 D1=DCA9 D2=0 D3=0 D4=10404540 D5=84418516 D6=84418516 D7=0 A0=3C0002 A1=100500 A2=F6CF8 A3=108F4C A4=10F1110 A5=108000 A6=F6D00 PC=42A8 -- 0042A8: move.w  D1, (A0)
D0=C510 D1=DCA9 D2=0 D3=0 D4=10404540 D5=84418516 D6=84418516 D7=0 A0=3C0002 A1=100500 A2=F6CF8 A3=108F4C A4=10F1110 A5=108000 A6=F6D00 PC=42AA -- 0042AA: nop
D0=C510 D1=DCA9 D2=0 D3=0 D4=10404540 D5=84418516 D6=84418516 D7=0 A0=3C0002 A1=100500 A2=F6CF8 A3=108F4C A4=10F1110 A5=108000 A6=F6D00 PC=42AC -- 0042AC: move.w  D0, (A0)
D0=C510 D1=DCA9 D2=0 D3=0 D4=10404540 D5=84418516 D6=84418516 D7=0 A0=3C0002 A1=100500 A2=F6CF8 A3=108F4C A4=10F1110 A5=108000 A6=F6D00 PC=42AE -- 0042AE: addq.w  #1, D1
D0=C510 D1=DCAA D2=0 D3=0 D4=10404540 D5=84418516 D6=84418516 D7=0 A0=3C0002 A1=100500 A2=F6CF8 A3=108F4C A4=10F1110 A5=108000 A6=F6D00 PC=42B0 -- 0042B0: bcc     $42c0
D0=C510 D1=DCAA D2=0 D3=0 D4=10404540 D5=84418516 D6=84418516 D7=0 A0=3C0002 A1=100500 A2=F6CF8 A3=108F4C A4=10F1110 A5=108000 A6=F6D00 PC=42C0 -- 0042C0: dbra    D7, $42a4
D0=C510 D1=DCAA D2=0 D3=0 D4=10404540 D5=84418516 D6=84418516 D7=FFFF A0=3C0002 A1=100500 A2=F6CF8 A3=108F4C A4=10F1110 A5=108000 A6=F6D00 PC=42C4 -- 0042C4: bsr     $47c0
D0=C510 D1=DCAA D2=0 D3=0 D4=10404540 D5=84418516 D6=84418516 D7=FFFF A0=3C0002 A1=100500 A2=F6CF8 A3=108F4C A4=10F1110 A5=108000 A6=F6D00 PC=47C0 -- 0047C0: tst.b   ($78f,A5)
D0=C510 D1=DCAA D2=0 D3=0 D4=10404540 D5=84418516 D6=84418516 D7=FFFF A0=3C0002 A1=100500 A2=F6CF8 A3=108F4C A4=10F1110 A5=108000 A6=F6D00 PC=47C4 -- 0047C4: bpl     $47c8
D0=C510 D1=DCAA D2=0 D3=0 D4=10404540 D5=84418516 D6=84418516 D7=FFFF A0=3C0002 A1=100500 A2=F6CF8 A3=108F4C A4=10F1110 A5=108000 A6=F6D00 PC=47C6 -- 0047C6: rts
D0=C510 D1=DCAA D2=0 D3=0 D4=10404540 D5=84418516 D6=84418516 D7=FFFF A0=3C0002 A1=100500 A2=F6CF8 A3=108F4C A4=10F1110 A5=108000 A6=F6D00 PC=42C8 -- 0042C8: addi.w  #$40, D4
D0=C510 D1=DCAA D2=0 D3=0 D4=10404580 D5=84418516 D6=84418516 D7=FFFF A0=3C0002 A1=100500 A2=F6CF8 A3=108F4C A4=10F1110 A5=108000 A6=F6D00 PC=42CC -- 0042CC: dbra    D3, $4296
D0=C510 D1=DCAA D2=0 D3=FFFF D4=10404580 D5=84418516 D6=84418516 D7=FFFF A0=3C0002 A1=100500 A2=F6CF8 A3=108F4C A4=10F1110 A5=108000 A6=F6D00 PC=42D0 -- 0042D0: rts
D0=C510 D1=DCAA D2=0 D3=FFFF D4=10404580 D5=84418516 D6=84418516 D7=FFFF A0=3C0002 A1=100500 A2=F6CF8 A3=108F4C A4=10F1110 A5=108000 A6=F6D00 PC=4016 -- 004016: bra     $401c
D0=C510 D1=DCAA D2=0 D3=FFFF D4=10404580 D5=84418516 D6=84418516 D7=FFFF A0=3C0002 A1=100500 A2=F6CF8 A3=108F4C A4=10F1110 A5=108000 A6=F6D00 PC=401C -- 00401C: movea.l (A7)+, A6
D0=C510 D1=DCAA D2=0 D3=FFFF D4=10404580 D5=84418516 D6=84418516 D7=FFFF A0=3C0002 A1=100500 A2=F6CF8 A3=108F4C A4=10F1110 A5=108000 A6=108E3C PC=401E -- 00401E: btst    #$5, ($4,A4)
D0=C510 D1=DCAA D2=0 D3=FFFF D4=10404580 D5=84418516 D6=84418516 D7=FFFF A0=3C0002 A1=100500 A2=F6CF8 A3=108F4C A4=10F1110 A5=108000 A6=108E3C PC=4024 -- 004024: beq     $4056
D0=C510 D1=DCAA D2=0 D3=FFFF D4=10404580 D5=84418516 D6=84418516 D7=FFFF A0=3C0002 A1=100500 A2=F6CF8 A3=108F4C A4=10F1110 A5=108000 A6=108E3C PC=4056 -- 004056: tst.b   ($7c,A1)
D0=C510 D1=DCAA D2=0 D3=FFFF D4=10404580 D5=84418516 D6=84418516 D7=FFFF A0=3C0002 A1=100500 A2=F6CF8 A3=108F4C A4=10F1110 A5=108000 A6=108E3C PC=405A -- 00405A: bpl     $4064
D0=C510 D1=DCAA D2=0 D3=FFFF D4=10404580 D5=84418516 D6=84418516 D7=FFFF A0=3C0002 A1=100500 A2=F6CF8 A3=108F4C A4=10F1110 A5=108000 A6=108E3C PC=4064 -- 004064: movea.l (A7)+, A0
D0=C510 D1=DCAA D2=0 D3=FFFF D4=10404580 D5=84418516 D6=84418516 D7=FFFF A0=108910 A1=100500 A2=F6CF8 A3=108F4C A4=10F1110 A5=108000 A6=108E3C PC=4066 -- 004066: subq.w  #1, ($e3a,A5)
D0=C510 D1=DCAA D2=0 D3=FFFF D4=10404580 D5=84418516 D6=84418516 D7=FFFF A0=108910 A1=100500 A2=F6CF8 A3=108F4C A4=10F1110 A5=108000 A6=108E3C PC=406A -- 00406A: bne     $3f32
D0=C510 D1=DCAA D2=0 D3=FFFF D4=10404580 D5=84418516 D6=84418516 D7=FFFF A0=108910 A1=100500 A2=F6CF8 A3=108F4C A4=10F1110 A5=108000 A6=108E3C PC=3F32 -- 003F32: move.w  (A0)+, D0
D0=2F00 D1=DCAA D2=0 D3=FFFF D4=10404580 D5=84418516 D6=84418516 D7=FFFF A0=108912 A1=100500 A2=F6CF8 A3=108F4C A4=10F1110 A5=108000 A6=108E3C PC=3F34 -- 003F34: beq     $3f32
D0=2F00 D1=DCAA D2=0 D3=FFFF D4=10404580 D5=84418516 D6=84418516 D7=FFFF A0=108912 A1=100500 A2=F6CF8 A3=108F4C A4=10F1110 A5=108000 A6=108E3C PC=3F36 -- 003F36: clr.w   (-$2,A0)
D0=2F00 D1=DCAA D2=0 D3=FFFF D4=10404580 D5=84418516 D6=84418516 D7=FFFF A0=108912 A1=100500 A2=F6CF8 A3=108F4C A4=10F1110 A5=108000 A6=108E3C PC=3F3A -- 003F3A: move.l  A5, D1
D0=2F00 D1=108000 D2=0 D3=FFFF D4=10404580 D5=84418516 D6=84418516 D7=FFFF A0=108912 A1=100500 A2=F6CF8 A3=108F4C A4=10F1110 A5=108000 A6=108E3C PC=3F3C -- 003F3C: move.w  D0, D1
D0=2F00 D1=102F00 D2=0 D3=FFFF D4=10404580 D5=84418516 D6=84418516 D7=FFFF A0=108912 A1=100500 A2=F6CF8 A3=108F4C A4=10F1110 A5=108000 A6=108E3C PC=3F3E -- 003F3E: movea.l D1, A1
D0=2F00 D1=102F00 D2=0 D3=FFFF D4=10404580 D5=84418516 D6=84418516 D7=FFFF A0=108912 A1=102F00 A2=F6CF8 A3=108F4C A4=10F1110 A5=108000 A6=108E3C PC=3F40 -- 003F40: movea.l ($28,A1), A2
D0=2F00 D1=102F00 D2=0 D3=FFFF D4=10404580 D5=84418516 D6=84418516 D7=FFFF A0=108912 A1=102F00 A2=DC958 A3=108F4C A4=10F1110 A5=108000 A6=108E3C PC=3F44 -- 003F44: lea     $7bf48.l, A4
D0=2F00 D1=102F00 D2=0 D3=FFFF D4=10404580 D5=84418516 D6=84418516 D7=FFFF A0=108912 A1=102F00 A2=DC958 A3=108F4C A4=7BF48 A5=108000 A6=108E3C PC=3F4A -- 003F4A: move.w  ($70,A1), D0
D0=14 D1=102F00 D2=0 D3=FFFF D4=10404580 D5=84418516 D6=84418516 D7=FFFF A0=108912 A1=102F00 A2=DC958 A3=108F4C A4=7BF48 A5=108000 A6=108E3C PC=3F4E -- 003F4E: add.w   D0, D0
D0=28 D1=102F00 D2=0 D3=FFFF D4=10404580 D5=84418516 D6=84418516 D7=FFFF A0=108912 A1=102F00 A2=DC958 A3=108F4C A4=7BF48 A5=108000 A6=108E3C PC=3F50 -- 003F50: add.w   D0, D0
D0=50 D1=102F00 D2=0 D3=FFFF D4=10404580 D5=84418516 D6=84418516 D7=FFFF A0=108912 A1=102F00 A2=DC958 A3=108F4C A4=7BF48 A5=108000 A6=108E3C PC=3F52 -- 003F52: movea.l (A4,D0.w), A4
D0=50 D1=102F00 D2=0 D3=FFFF D4=10404580 D5=84418516 D6=84418516 D7=FFFF A0=108912 A1=102F00 A2=DC958 A3=108F4C A4=7E7C0 A5=108000 A6=108E3C PC=3F56 -- 003F56: move.w  ($72,A1), D0
D0=0 D1=102F00 D2=0 D3=FFFF D4=10404580 D5=84418516 D6=84418516 D7=FFFF A0=108912 A1=102F00 A2=DC958 A3=108F4C A4=7E7C0 A5=108000 A6=108E3C PC=3F5A -- 003F5A: add.w   D0, D0
D0=0 D1=102F00 D2=0 D3=FFFF D4=10404580 D5=84418516 D6=84418516 D7=FFFF A0=108912 A1=102F00 A2=DC958 A3=108F4C A4=7E7C0 A5=108000 A6=108E3C PC=3F5C -- 003F5C: move.w  (A4,D0.w), ($46de,A5)
D0=0 D1=102F00 D2=0 D3=FFFF D4=10404580 D5=84418516 D6=84418516 D7=FFFF A0=108912 A1=102F00 A2=DC958 A3=108F4C A4=7E7C0 A5=108000 A6=108E3C PC=3F62 -- 003F62: lea     $80000.l, A4
D0=0 D1=102F00 D2=0 D3=FFFF D4=10404580 D5=84418516 D6=84418516 D7=FFFF A0=108912 A1=102F00 A2=DC958 A3=108F4C A4=80000 A5=108000 A6=108E3C PC=3F68 -- 003F68: move.w  ($70,A1), D0
D0=14 D1=102F00 D2=0 D3=FFFF D4=10404580 D5=84418516 D6=84418516 D7=FFFF A0=108912 A1=102F00 A2=DC958 A3=108F4C A4=80000 A5=108000 A6=108E3C PC=3F6C -- 003F6C: add.w   D0, D0
D0=28 D1=102F00 D2=0 D3=FFFF D4=10404580 D5=84418516 D6=84418516 D7=FFFF A0=108912 A1=102F00 A2=DC958 A3=108F4C A4=80000 A5=108000 A6=108E3C PC=3F6E -- 003F6E: add.w   D0, D0
D0=50 D1=102F00 D2=0 D3=FFFF D4=10404580 D5=84418516 D6=84418516 D7=FFFF A0=108912 A1=102F00 A2=DC958 A3=108F4C A4=80000 A5=108000 A6=108E3C PC=3F70 -- 003F70: movea.l (A4,D0.w), A4
D0=50 D1=102F00 D2=0 D3=FFFF D4=10404580 D5=84418516 D6=84418516 D7=FFFF A0=108912 A1=102F00 A2=DC958 A3=108F4C A4=85200 A5=108000 A6=108E3C PC=3F74 -- 003F74: move.w  ($46de,A5), D0
D0=0 D1=102F00 D2=0 D3=FFFF D4=10404580 D5=84418516 D6=84418516 D7=FFFF A0=108912 A1=102F00 A2=DC958 A3=108F4C A4=85200 A5=108000 A6=108E3C PC=3F78 -- 003F78: tst.b   ($46e2,A5)
D0=0 D1=102F00 D2=0 D3=FFFF D4=10404580 D5=84418516 D6=84418516 D7=FFFF A0=108912 A1=102F00 A2=DC958 A3=108F4C A4=85200 A5=108000 A6=108E3C PC=3F7C -- 003F7C: beq     $3f82
D0=0 D1=102F00 D2=0 D3=FFFF D4=10404580 D5=84418516 D6=84418516 D7=FFFF A0=108912 A1=102F00 A2=DC958 A3=108F4C A4=85200 A5=108000 A6=108E3C PC=3F82 -- 003F82: andi.w  #$ff, D0
D0=0 D1=102F00 D2=0 D3=FFFF D4=10404580 D5=84418516 D6=84418516 D7=FFFF A0=108912 A1=102F00 A2=DC958 A3=108F4C A4=85200 A5=108000 A6=108E3C PC=3F86 -- 003F86: add.w   D0, D0
D0=0 D1=102F00 D2=0 D3=FFFF D4=10404580 D5=84418516 D6=84418516 D7=FFFF A0=108912 A1=102F00 A2=DC958 A3=108F4C A4=85200 A5=108000 A6=108E3C PC=3F88 -- 003F88: add.w   D0, D0
D0=0 D1=102F00 D2=0 D3=FFFF D4=10404580 D5=84418516 D6=84418516 D7=FFFF A0=108912 A1=102F00 A2=DC958 A3=108F4C A4=85200 A5=108000 A6=108E3C PC=3F8A -- 003F8A: movea.l (A4,D0.w), A4
D0=0 D1=102F00 D2=0 D3=FFFF D4=10404580 D5=84418516 D6=84418516 D7=FFFF A0=108912 A1=102F00 A2=DC958 A3=108F4C A4=D9208 A5=108000 A6=108E3C PC=3F8E -- 003F8E: move.w  ($74,A1), D0
D0=C D1=102F00 D2=0 D3=FFFF D4=10404580 D5=84418516 D6=84418516 D7=FFFF A0=108912 A1=102F00 A2=DC958 A3=108F4C A4=D9208 A5=108000 A6=108E3C PC=3F92 -- 003F92: adda.w  D0, A4
D0=C D1=102F00 D2=0 D3=FFFF D4=10404580 D5=84418516 D6=84418516 D7=FFFF A0=108912 A1=102F00 A2=DC958 A3=108F4C A4=D9214 A5=108000 A6=108E3C PC=3F94 -- 003F94: move.l  (A4), D0
D0=70D4AE8 D1=102F00 D2=0 D3=FFFF D4=10404580 D5=84418516 D6=84418516 D7=FFFF A0=108912 A1=102F00 A2=DC958 A3=108F4C A4=D9214 A5=108000 A6=108E3C PC=3F96 -- 003F96: movea.l D0, A4
D0=70D4AE8 D1=102F00 D2=0 D3=FFFF D4=10404580 D5=84418516 D6=84418516 D7=FFFF A0=108912 A1=102F00 A2=DC958 A3=108F4C A4=70D4AE8 A5=108000 A6=108E3C PC=3F98 -- 003F98: move.l  A0, -(A7)
D0=70D4AE8 D1=102F00 D2=0 D3=FFFF D4=10404580 D5=84418516 D6=84418516 D7=FFFF A0=108912 A1=102F00 A2=DC958 A3=108F4C A4=70D4AE8 A5=108000 A6=108E3C PC=3F9A -- 003F9A: lea     $3c0002.l, A0
D0=70D4AE8 D1=102F00 D2=0 D3=FFFF D4=10404580 D5=84418516 D6=84418516 D7=FFFF A0=3C0002 A1=102F00 A2=DC958 A3=108F4C A4=70D4AE8 A5=108000 A6=108E3C PC=3FA0 -- 003FA0: tst.b   ($7c,A1)
D0=70D4AE8 D1=102F00 D2=0 D3=FFFF D4=10404580 D5=84418516 D6=84418516 D7=FFFF A0=3C0002 A1=102F00 A2=DC958 A3=108F4C A4=70D4AE8 A5=108000 A6=108E3C PC=3FA4 -- 003FA4: bpl     $3fc0
D0=70D4AE8 D1=102F00 D2=0 D3=FFFF D4=10404580 D5=84418516 D6=84418516 D7=FFFF A0=3C0002 A1=102F00 A2=DC958 A3=108F4C A4=70D4AE8 A5=108000 A6=108E3C PC=3FC0 -- 003FC0: moveq   #$0, D0
D0=0 D1=102F00 D2=0 D3=FFFF D4=10404580 D5=84418516 D6=84418516 D7=FFFF A0=3C0002 A1=102F00 A2=DC958 A3=108F4C A4=70D4AE8 A5=108000 A6=108E3C PC=3FC2 -- 003FC2: move.b  (A2), D0
D0=4 D1=102F00 D2=0 D3=FFFF D4=10404580 D5=84418516 D6=84418516 D7=FFFF A0=3C0002 A1=102F00 A2=DC958 A3=108F4C A4=70D4AE8 A5=108000 A6=108E3C PC=3FC4 -- 003FC4: sub.w   D0, ($794,A5)
D0=4 D1=102F00 D2=0 D3=FFFF D4=10404580 D5=84418516 D6=84418516 D7=FFFF A0=3C0002 A1=102F00 A2=DC958 A3=108F4C A4=70D4AE8 A5=108000 A6=108E3C PC=3FC8 -- 003FC8: bcc     $3fd2
D0=4 D1=102F00 D2=0 D3=FFFF D4=10404580 D5=84418516 D6=84418516 D7=FFFF A0=3C0002 A1=102F00 A2=DC958 A3=108F4C A4=70D4AE8 A5=108000 A6=108E3C PC=3FD2 -- 003FD2: move.l  A6, -(A7)
D0=4 D1=102F00 D2=0 D3=FFFF D4=10404580 D5=84418516 D6=84418516 D7=FFFF A0=3C0002 A1=102F00 A2=DC958 A3=108F4C A4=70D4AE8 A5=108000 A6=108E3C PC=3FD4 -- 003FD4: btst    #$6, ($7c,A1)
D0=4 D1=102F00 D2=0 D3=FFFF D4=10404580 D5=84418516 D6=84418516 D7=FFFF A0=3C0002 A1=102F00 A2=DC958 A3=108F4C A4=70D4AE8 A5=108000 A6=108E3C PC=3FDA -- 003FDA: bne     $400c
D0=4 D1=102F00 D2=0 D3=FFFF D4=10404580 D5=84418516 D6=84418516 D7=FFFF A0=3C0002 A1=102F00 A2=DC958 A3=108F4C A4=70D4AE8 A5=108000 A6=108E3C PC=3FDE -- 003FDE: moveq   #$0, D1
D0=4 D1=0 D2=0 D3=FFFF D4=10404580 D5=84418516 D6=84418516 D7=FFFF A0=3C0002 A1=102F00 A2=DC958 A3=108F4C A4=70D4AE8 A5=108000 A6=108E3C PC=3FE0 -- 003FE0: move.b  ($82,A1), D1
D0=4 D1=0 D2=0 D3=FFFF D4=10404580 D5=84418516 D6=84418516 D7=FFFF A0=3C0002 A1=102F00 A2=DC958 A3=108F4C A4=70D4AE8 A5=108000 A6=108E3C PC=3FE4 -- 003FE4: add.w   D1, D1
D0=4 D1=0 D2=0 D3=FFFF D4=10404580 D5=84418516 D6=84418516 D7=FFFF A0=3C0002 A1=102F00 A2=DC958 A3=108F4C A4=70D4AE8 A5=108000 A6=108E3C PC=3FE6 -- 003FE6: add.w   D1, D1
D0=4 D1=0 D2=0 D3=FFFF D4=10404580 D5=84418516 D6=84418516 D7=FFFF A0=3C0002 A1=102F00 A2=DC958 A3=108F4C A4=70D4AE8 A5=108000 A6=108E3C PC=3FE8 -- 003FE8: move.w  ($18,A1), D0
D0=D8 D1=0 D2=0 D3=FFFF D4=10404580 D5=84418516 D6=84418516 D7=FFFF A0=3C0002 A1=102F00 A2=DC958 A3=108F4C A4=70D4AE8 A5=108000 A6=108E3C PC=3FEC -- 003FEC: lea     ($104c,A5), A6
D0=D8 D1=0 D2=0 D3=FFFF D4=10404580 D5=84418516 D6=84418516 D7=FFFF A0=3C0002 A1=102F00 A2=DC958 A3=108F4C A4=70D4AE8 A5=108000 A6=10904C PC=3FF0 -- 003FF0: sub.w   (A6,D1.w), D0
D0=D8 D1=0 D2=0 D3=FFFF D4=10404580 D5=84418516 D6=84418516 D7=FFFF A0=3C0002 A1=102F00 A2=DC958 A3=108F4C A4=70D4AE8 A5=108000 A6=10904C PC=3FF4 -- 003FF4: move.w  D0, ($24,A1)
D0=D8 D1=0 D2=0 D3=FFFF D4=10404580 D5=84418516 D6=84418516 D7=FFFF A0=3C0002 A1=102F00 A2=DC958 A3=108F4C A4=70D4AE8 A5=108000 A6=10904C PC=3FF8 -- 003FF8: move.w  ($1c,A1), D0
D0=B8 D1=0 D2=0 D3=FFFF D4=10404580 D5=84418516 D6=84418516 D7=FFFF A0=3C0002 A1=102F00 A2=DC958 A3=108F4C A4=70D4AE8 A5=108000 A6=10904C PC=3FFC -- 003FFC: sub.w   ($20,A1), D0
D0=B8 D1=0 D2=0 D3=FFFF D4=10404580 D5=84418516 D6=84418516 D7=FFFF A0=3C0002 A1=102F00 A2=DC958 A3=108F4C A4=70D4AE8 A5=108000 A6=10904C PC=4000 -- 004000: lea     ($1058,A5), A6
D0=B8 D1=0 D2=0 D3=FFFF D4=10404580 D5=84418516 D6=84418516 D7=FFFF A0=3C0002 A1=102F00 A2=DC958 A3=108F4C A4=70D4AE8 A5=108000 A6=109058 PC=4004 -- 004004: sub.w   (A6,D1.w), D0
D0=B8 D1=0 D2=0 D3=FFFF D4=10404580 D5=84418516 D6=84418516 D7=FFFF A0=3C0002 A1=102F00 A2=DC958 A3=108F4C A4=70D4AE8 A5=108000 A6=109058 PC=4008 -- 004008: move.w  D0, ($26,A1)
D0=B8 D1=0 D2=0 D3=FFFF D4=10404580 D5=84418516 D6=84418516 D7=FFFF A0=3C0002 A1=102F00 A2=DC958 A3=108F4C A4=70D4AE8 A5=108000 A6=109058 PC=400C -- 00400C: tst.b   ($3a66,A5)
D0=B8 D1=0 D2=0 D3=FFFF D4=10404580 D5=84418516 D6=84418516 D7=FFFF A0=3C0002 A1=102F00 A2=DC958 A3=108F4C A4=70D4AE8 A5=108000 A6=109058 PC=4010 -- 004010: bmi     $4018
D0=B8 D1=0 D2=0 D3=FFFF D4=10404580 D5=84418516 D6=84418516 D7=FFFF A0=3C0002 A1=102F00 A2=DC958 A3=108F4C A4=70D4AE8 A5=108000 A6=109058 PC=4012 -- 004012: bsr     $4088
D0=B8 D1=0 D2=0 D3=FFFF D4=10404580 D5=84418516 D6=84418516 D7=FFFF A0=3C0002 A1=102F00 A2=DC958 A3=108F4C A4=70D4AE8 A5=108000 A6=109058 PC=4088 -- 004088: move.w  (A4), D0
D0=FFE0 D1=0 D2=0 D3=FFFF D4=10404580 D5=84418516 D6=84418516 D7=FFFF A0=3C0002 A1=102F00 A2=DC958 A3=108F4C A4=70D4AE8 A5=108000 A6=109058 PC=408A -- 00408A: move.b  ($31,A1), D1
D0=FFE0 D1=0 D2=0 D3=FFFF D4=10404580 D5=84418516 D6=84418516 D7=FFFF A0=3C0002 A1=102F00 A2=DC958 A3=108F4C A4=70D4AE8 A5=108000 A6=109058 PC=408E -- 00408E: move.b  ($4,A4), D2
D0=FFE0 D1=0 D2=0 D3=FFFF D4=10404580 D5=84418516 D6=84418516 D7=FFFF A0=3C0002 A1=102F00 A2=DC958 A3=108F4C A4=70D4AE8 A5=108000 A6=109058 PC=4092 -- 004092: rol.b   #2, D2
D0=FFE0 D1=0 D2=0 D3=FFFF D4=10404580 D5=84418516 D6=84418516 D7=FFFF A0=3C0002 A1=102F00 A2=DC958 A3=108F4C A4=70D4AE8 A5=108000 A6=109058 PC=4094 -- 004094: eor.w   D2, D1
D0=FFE0 D1=0 D2=0 D3=FFFF D4=10404580 D5=84418516 D6=84418516 D7=FFFF A0=3C0002 A1=102F00 A2=DC958 A3=108F4C A4=70D4AE8 A5=108000 A6=109058 PC=4096 -- 004096: andi.w  #$3, D1
D0=FFE0 D1=0 D2=0 D3=FFFF D4=10404580 D5=84418516 D6=84418516 D7=FFFF A0=3C0002 A1=102F00 A2=DC958 A3=108F4C A4=70D4AE8 A5=108000 A6=109058 PC=409A -- 00409A: move.w  D1, ($790,A5)
D0=FFE0 D1=0 D2=0 D3=FFFF D4=10404580 D5=84418516 D6=84418516 D7=FFFF A0=3C0002 A1=102F00 A2=DC958 A3=108F4C A4=70D4AE8 A5=108000 A6=109058 PC=409E -- 00409E: andi.w  #$1, D1
D0=FFE0 D1=0 D2=0 D3=FFFF D4=10404580 D5=84418516 D6=84418516 D7=FFFF A0=3C0002 A1=102F00 A2=DC958 A3=108F4C A4=70D4AE8 A5=108000 A6=109058 PC=40A2 -- 0040A2: beq     $40ae
D0=FFE0 D1=0 D2=0 D3=FFFF D4=10404580 D5=84418516 D6=84418516 D7=FFFF A0=3C0002 A1=102F00 A2=DC958 A3=108F4C A4=70D4AE8 A5=108000 A6=109058 PC=40AE -- 0040AE: moveq   #$0, D1
D0=FFE0 D1=0 D2=0 D3=FFFF D4=10404580 D5=84418516 D6=84418516 D7=FFFF A0=3C0002 A1=102F00 A2=DC958 A3=108F4C A4=70D4AE8 A5=108000 A6=109058 PC=40B0 -- 0040B0: move.b  ($68,A1), D1
D0=FFE0 D1=FF D2=0 D3=FFFF D4=10404580 D5=84418516 D6=84418516 D7=FFFF A0=3C0002 A1=102F00 A2=DC958 A3=108F4C A4=70D4AE8 A5=108000 A6=109058 PC=40B4 -- 0040B4: addq.w  #1, D1
D0=FFE0 D1=100 D2=0 D3=FFFF D4=10404580 D5=84418516 D6=84418516 D7=FFFF A0=3C0002 A1=102F00 A2=DC958 A3=108F4C A4=70D4AE8 A5=108000 A6=109058 PC=40B6 -- 0040B6: muls.w  D1, D0
D0=FFFFE000 D1=100 D2=0 D3=FFFF D4=10404580 D5=84418516 D6=84418516 D7=FFFF A0=3C0002 A1=102F00 A2=DC958 A3=108F4C A4=70D4AE8 A5=108000 A6=109058 PC=40B8 -- 0040B8: lsr.l   #8, D0
D0=FFFFE0 D1=100 D2=0 D3=FFFF D4=10404580 D5=84418516 D6=84418516 D7=FFFF A0=3C0002 A1=102F00 A2=DC958 A3=108F4C A4=70D4AE8 A5=108000 A6=109058 PC=40BA -- 0040BA: add.w   ($24,A1), D0
D0=FF00B8 D1=100 D2=0 D3=FFFF D4=10404580 D5=84418516 D6=84418516 D7=FFFF A0=3C0002 A1=102F00 A2=DC958 A3=108F4C A4=70D4AE8 A5=108000 A6=109058 PC=40BE -- 0040BE: lsl.w   #7, D0
D0=FF5C00 D1=100 D2=0 D3=FFFF D4=10404580 D5=84418516 D6=84418516 D7=FFFF A0=3C0002 A1=102F00 A2=DC958 A3=108F4C A4=70D4AE8 A5=108000 A6=109058 PC=40C0 -- 0040C0: move.w  D6, (-$2,A0)
D0=FF5C00 D1=100 D2=0 D3=FFFF D4=10404580 D5=84418516 D6=84418516 D7=FFFF A0=3C0002 A1=102F00 A2=DC958 A3=108F4C A4=70D4AE8 A5=108000 A6=109058 PC=40C4 -- 0040C4: move.w  D0, (A0)
D0=FF5C00 D1=100 D2=0 D3=FFFF D4=10404580 D5=84418516 D6=84418516 D7=FFFF A0=3C0002 A1=102F00 A2=DC958 A3=108F4C A4=70D4AE8 A5=108000 A6=109058 PC=40C6 -- 0040C6: moveq   #$0, D0
D0=0 D1=100 D2=0 D3=FFFF D4=10404580 D5=84418516 D6=84418516 D7=FFFF A0=3C0002 A1=102F00 A2=DC958 A3=108F4C A4=70D4AE8 A5=108000 A6=109058 PC=40C8 -- 0040C8: move.b  (A2), D0
D0=4 D1=100 D2=0 D3=FFFF D4=10404580 D5=84418516 D6=84418516 D7=FFFF A0=3C0002 A1=102F00 A2=DC958 A3=108F4C A4=70D4AE8 A5=108000 A6=109058 PC=40CA -- 0040CA: add.w   D0, D6
D0=4 D1=100 D2=0 D3=FFFF D4=10404580 D5=8441851A D6=8441851A D7=FFFF A0=3C0002 A1=102F00 A2=DC958 A3=108F4C A4=70D4AE8 A5=108000 A6=109058 PC=40CC -- 0040CC: move.w  ($2,A4), D0
D0=FF90 D1=100 D2=0 D3=FFFF D4=10404580 D5=8441851A D6=8441851A D7=FFFF A0=3C0002 A1=102F00 A2=DC958 A3=108F4C A4=70D4AE8 A5=108000 A6=109058 PC=40D0 -- 0040D0: btst    #$1, ($791,A5)
D0=FF90 D1=100 D2=0 D3=FFFF D4=10404580 D5=8441851A D6=8441851A D7=FFFF A0=3C0002 A1=102F00 A2=DC958 A3=108F4C A4=70D4AE8 A5=108000 A6=109058 PC=40D6 -- 0040D6: beq     $40e4
D0=FF90 D1=100 D2=0 D3=FFFF D4=10404580 D5=8441851A D6=8441851A D7=FFFF A0=3C0002 A1=102F00 A2=DC958 A3=108F4C A4=70D4AE8 A5=108000 A6=109058 PC=40E4 -- 0040E4: moveq   #$0, D1
D0=FF90 D1=0 D2=0 D3=FFFF D4=10404580 D5=8441851A D6=8441851A D7=FFFF A0=3C0002 A1=102F00 A2=DC958 A3=108F4C A4=70D4AE8 A5=108000 A6=109058 PC=40E6 -- 0040E6: move.b  ($69,A1), D1
D0=FF90 D1=FF D2=0 D3=FFFF D4=10404580 D5=8441851A D6=8441851A D7=FFFF A0=3C0002 A1=102F00 A2=DC958 A3=108F4C A4=70D4AE8 A5=108000 A6=109058 PC=40EA -- 0040EA: addq.w  #1, D1
D0=FF90 D1=100 D2=0 D3=FFFF D4=10404580 D5=8441851A D6=8441851A D7=FFFF A0=3C0002 A1=102F00 A2=DC958 A3=108F4C A4=70D4AE8 A5=108000 A6=109058 PC=40EC -- 0040EC: muls.w  D1, D0
D0=FFFF9000 D1=100 D2=0 D3=FFFF D4=10404580 D5=8441851A D6=8441851A D7=FFFF A0=3C0002 A1=102F00 A2=DC958 A3=108F4C A4=70D4AE8 A5=108000 A6=109058 PC=40EE -- 0040EE: lsr.l   #8, D0
D0=FFFF90 D1=100 D2=0 D3=FFFF D4=10404580 D5=8441851A D6=8441851A D7=FFFF A0=3C0002 A1=102F00 A2=DC958 A3=108F4C A4=70D4AE8 A5=108000 A6=109058 PC=40F0 -- 0040F0: add.w   ($26,A1), D0
D0=FF0048 D1=100 D2=0 D3=FFFF D4=10404580 D5=8441851A D6=8441851A D7=FFFF A0=3C0002 A1=102F00 A2=DC958 A3=108F4C A4=70D4AE8 A5=108000 A6=109058 PC=40F4 -- 0040F4: neg.w   D0
D0=FFFFB8 D1=100 D2=0 D3=FFFF D4=10404580 D5=8441851A D6=8441851A D7=FFFF A0=3C0002 A1=102F00 A2=DC958 A3=108F4C A4=70D4AE8 A5=108000 A6=109058 PC=40F6 -- 0040F6: addi.w  #$1ff, D0
D0=FF01B7 D1=100 D2=0 D3=FFFF D4=10404580 D5=8441851A D6=8441851A D7=FFFF A0=3C0002 A1=102F00 A2=DC958 A3=108F4C A4=70D4AE8 A5=108000 A6=109058 PC=40FA -- 0040FA: lsl.w   #7, D0
D0=FFDB80 D1=100 D2=0 D3=FFFF D4=10404580 D5=8441851A D6=8441851A D7=FFFF A0=3C0002 A1=102F00 A2=DC958 A3=108F4C A4=70D4AE8 A5=108000 A6=109058 PC=40FC -- 0040FC: bsr     $4772
D0=FFDB80 D1=100 D2=0 D3=FFFF D4=10404580 D5=8441851A D6=8441851A D7=FFFF A0=3C0002 A1=102F00 A2=DC958 A3=108F4C A4=70D4AE8 A5=108000 A6=109058 PC=4772 -- 004772: move.w  D0, -(A7)
D0=FFDB80 D1=100 D2=0 D3=FFFF D4=10404580 D5=8441851A D6=8441851A D7=FFFF A0=3C0002 A1=102F00 A2=DC958 A3=108F4C A4=70D4AE8 A5=108000 A6=109058 PC=4774 -- 004774: moveq   #-$1, D0
D0=FFFFFFFF D1=100 D2=0 D3=FFFF D4=10404580 D5=8441851A D6=8441851A D7=FFFF A0=3C0002 A1=102F00 A2=DC958 A3=108F4C A4=70D4AE8 A5=108000 A6=109058 PC=4776 -- 004776: moveq   #$0, D1
D0=FFFFFFFF D1=0 D2=0 D3=FFFF D4=10404580 D5=8441851A D6=8441851A D7=FFFF A0=3C0002 A1=102F00 A2=DC958 A3=108F4C A4=70D4AE8 A5=108000 A6=109058 PC=4778 -- 004778: move.b  ($1,A2), D1
D0=FFFFFFFF D1=7 D2=0 D3=FFFF D4=10404580 D5=8441851A D6=8441851A D7=FFFF A0=3C0002 A1=102F00 A2=DC958 A3=108F4C A4=70D4AE8 A5=108000 A6=109058 PC=477C -- 00477C: cmpi.b  #-$1, ($69,A1)
D0=FFFFFFFF D1=7 D2=0 D3=FFFF D4=10404580 D5=8441851A D6=8441851A D7=FFFF A0=3C0002 A1=102F00 A2=DC958 A3=108F4C A4=70D4AE8 A5=108000 A6=109058 PC=4782 -- 004782: beq     $47b4
D0=FFFFFFFF D1=7 D2=0 D3=FFFF D4=10404580 D5=8441851A D6=8441851A D7=FFFF A0=3C0002 A1=102F00 A2=DC958 A3=108F4C A4=70D4AE8 A5=108000 A6=109058 PC=47B4 -- 0047B4: move.b  D0, ($78f,A5)
D0=FFFFFFFF D1=7 D2=0 D3=FFFF D4=10404580 D5=8441851A D6=8441851A D7=FFFF A0=3C0002 A1=102F00 A2=DC958 A3=108F4C A4=70D4AE8 A5=108000 A6=109058 PC=47B8 -- 0047B8: move.b  D1, ($78e,A5)
D0=FFFFFFFF D1=7 D2=0 D3=FFFF D4=10404580 D5=8441851A D6=8441851A D7=FFFF A0=3C0002 A1=102F00 A2=DC958 A3=108F4C A4=70D4AE8 A5=108000 A6=109058 PC=47BC -- 0047BC: move.w  (A7)+, D0
D0=FFFFDB80 D1=7 D2=0 D3=FFFF D4=10404580 D5=8441851A D6=8441851A D7=FFFF A0=3C0002 A1=102F00 A2=DC958 A3=108F4C A4=70D4AE8 A5=108000 A6=109058 PC=47BE -- 0047BE: rts
D0=FFFFDB80 D1=7 D2=0 D3=FFFF D4=10404580 D5=8441851A D6=8441851A D7=FFFF A0=3C0002 A1=102F00 A2=DC958 A3=108F4C A4=70D4AE8 A5=108000 A6=109058 PC=4100 -- 004100: add.b   ($78e,A5), D0
D0=FFFFDB87 D1=7 D2=0 D3=FFFF D4=10404580 D5=8441851A D6=8441851A D7=FFFF A0=3C0002 A1=102F00 A2=DC958 A3=108F4C A4=70D4AE8 A5=108000 A6=109058 PC=4104 -- 004104: move.w  D0, (A3)+
D0=FFFFDB87 D1=7 D2=0 D3=FFFF D4=10404580 D5=8441851A D6=8441851A D7=FFFF A0=3C0002 A1=102F00 A2=DC958 A3=108F4E A4=70D4AE8 A5=108000 A6=109058 PC=4106 -- 004106: moveq   #$0, D0
D0=0 D1=7 D2=0 D3=FFFF D4=10404580 D5=8441851A D6=8441851A D7=FFFF A0=3C0002 A1=102F00 A2=DC958 A3=108F4E A4=70D4AE8 A5=108000 A6=109058 PC=4108 -- 004108: move.b  (A2), D0
D0=4 D1=7 D2=0 D3=FFFF D4=10404580 D5=8441851A D6=8441851A D7=FFFF A0=3C0002 A1=102F00 A2=DC958 A3=108F4E A4=70D4AE8 A5=108000 A6=109058 PC=410A -- 00410A: subq.b  #2, D0
D0=2 D1=7 D2=0 D3=FFFF D4=10404580 D5=8441851A D6=8441851A D7=FFFF A0=3C0002 A1=102F00 A2=DC958 A3=108F4E A4=70D4AE8 A5=108000 A6=109058 PC=410C -- 00410C: bmi     $4118
D0=2 D1=7 D2=0 D3=FFFF D4=10404580 D5=8441851A D6=8441851A D7=FFFF A0=3C0002 A1=102F00 A2=DC958 A3=108F4E A4=70D4AE8 A5=108000 A6=109058 PC=410E -- 00410E: move.w  #$40, D1
D0=2 D1=40 D2=0 D3=FFFF D4=10404580 D5=8441851A D6=8441851A D7=FFFF A0=3C0002 A1=102F00 A2=DC958 A3=108F4E A4=70D4AE8 A5=108000 A6=109058 PC=4112 -- 004112: move.w  D1, (A3)+
D0=2 D1=40 D2=0 D3=FFFF D4=10404580 D5=8441851A D6=8441851A D7=FFFF A0=3C0002 A1=102F00 A2=DC958 A3=108F50 A4=70D4AE8 A5=108000 A6=109058 PC=4114 -- 004114: dbra    D0, $4112
D0=1 D1=40 D2=0 D3=FFFF D4=10404580 D5=8441851A D6=8441851A D7=FFFF A0=3C0002 A1=102F00 A2=DC958 A3=108F50 A4=70D4AE8 A5=108000 A6=109058 PC=4112 -- 004112: move.w  D1, (A3)+
D0=1 D1=40 D2=0 D3=FFFF D4=10404580 D5=8441851A D6=8441851A D7=FFFF A0=3C0002 A1=102F00 A2=DC958 A3=108F52 A4=70D4AE8 A5=108000 A6=109058 PC=4114 -- 004114: dbra    D0, $4112

   (loops for 2 instructions)

D0=FFFF D1=40 D2=0 D3=FFFF D4=10404580 D5=8441851A D6=8441851A D7=FFFF A0=3C0002 A1=102F00 A2=DC958 A3=108F54 A4=70D4AE8 A5=108000 A6=109058 PC=4118 -- 004118: move.w  #$1, ($2,A0)
D0=FFFF D1=40 D2=0 D3=FFFF D4=10404580 D5=8441851A D6=8441851A D7=FFFF A0=3C0002 A1=102F00 A2=DC958 A3=108F54 A4=70D4AE8 A5=108000 A6=109058 PC=411E -- 00411E: move.w  D5, (-$2,A0)
D0=FFFF D1=40 D2=0 D3=FFFF D4=10404580 D5=8441851A D6=8441851A D7=FFFF A0=3C0002 A1=102F00 A2=DC958 A3=108F54 A4=70D4AE8 A5=108000 A6=109058 PC=4122 -- 004122: moveq   #$0, D1
D0=FFFF D1=0 D2=0 D3=FFFF D4=10404580 D5=8441851A D6=8441851A D7=FFFF A0=3C0002 A1=102F00 A2=DC958 A3=108F54 A4=70D4AE8 A5=108000 A6=109058 PC=4124 -- 004124: move.b  ($68,A1), D0
D0=FFFF D1=0 D2=0 D3=FFFF D4=10404580 D5=8441851A D6=8441851A D7=FFFF A0=3C0002 A1=102F00 A2=DC958 A3=108F54 A4=70D4AE8 A5=108000 A6=109058 PC=4128 -- 004128: move.b  D0, D1
D0=FFFF D1=FF D2=0 D3=FFFF D4=10404580 D5=8441851A D6=8441851A D7=FFFF A0=3C0002 A1=102F00 A2=DC958 A3=108F54 A4=70D4AE8 A5=108000 A6=109058 PC=412A -- 00412A: andi.w  #$f, D0
D0=F D1=FF D2=0 D3=FFFF D4=10404580 D5=8441851A D6=8441851A D7=FFFF A0=3C0002 A1=102F00 A2=DC958 A3=108F54 A4=70D4AE8 A5=108000 A6=109058 PC=412E -- 00412E: lsr.b   #4, D1
D0=F D1=F D2=0 D3=FFFF D4=10404580 D5=8441851A D6=8441851A D7=FFFF A0=3C0002 A1=102F00 A2=DC958 A3=108F54 A4=70D4AE8 A5=108000 A6=109058 PC=4130 -- 004130: tst.b   D1
D0=F D1=F D2=0 D3=FFFF D4=10404580 D5=8441851A D6=8441851A D7=FFFF A0=3C0002 A1=102F00 A2=DC958 A3=108F54 A4=70D4AE8 A5=108000 A6=109058 PC=4132 -- 004132: beq     $4164
D0=F D1=F D2=0 D3=FFFF D4=10404580 D5=8441851A D6=8441851A D7=FFFF A0=3C0002 A1=102F00 A2=DC958 A3=108F54 A4=70D4AE8 A5=108000 A6=109058 PC=4134 -- 004134: lea     $4f9d2.l, A6
D0=F D1=F D2=0 D3=FFFF D4=10404580 D5=8441851A D6=8441851A D7=FFFF A0=3C0002 A1=102F00 A2=DC958 A3=108F54 A4=70D4AE8 A5=108000 A6=4F9D2 PC=413A -- 00413A: lsl.w   #5, D0
D0=1E0 D1=F D2=0 D3=FFFF D4=10404580 D5=8441851A D6=8441851A D7=FFFF A0=3C0002 A1=102F00 A2=DC958 A3=108F54 A4=70D4AE8 A5=108000 A6=4F9D2 PC=413C -- 00413C: adda.w  D0, A6
D0=1E0 D1=F D2=0 D3=FFFF D4=10404580 D5=8441851A D6=8441851A D7=FFFF A0=3C0002 A1=102F00 A2=DC958 A3=108F54 A4=70D4AE8 A5=108000 A6=4FBB2 PC=413E -- 00413E: moveq   #$f, D0
D0=F D1=F D2=0 D3=FFFF D4=10404580 D5=8441851A D6=8441851A D7=FFFF A0=3C0002 A1=102F00 A2=DC958 A3=108F54 A4=70D4AE8 A5=108000 A6=4FBB2 PC=4140 -- 004140: moveq   #$0, D2
D0=F D1=F D2=0 D3=FFFF D4=10404580 D5=8441851A D6=8441851A D7=FFFF A0=3C0002 A1=102F00 A2=DC958 A3=108F54 A4=70D4AE8 A5=108000 A6=4FBB2 PC=4142 -- 004142: move.b  (A2), D2
D0=F D1=F D2=4 D3=FFFF D4=10404580 D5=8441851A D6=8441851A D7=FFFF A0=3C0002 A1=102F00 A2=DC958 A3=108F54 A4=70D4AE8 A5=108000 A6=4FBB2 PC=4144 -- 004144: lsr.w   #1, D2
D0=F D1=F D2=2 D3=FFFF D4=10404580 D5=8441851A D6=8441851A D7=FFFF A0=3C0002 A1=102F00 A2=DC958 A3=108F54 A4=70D4AE8 A5=108000 A6=4FBB2 PC=4146 -- 004146: sub.w   D2, D0
D0=D D1=F D2=2 D3=FFFF D4=10404580 D5=8441851A D6=8441851A D7=FFFF A0=3C0002 A1=102F00 A2=DC958 A3=108F54 A4=70D4AE8 A5=108000 A6=4FBB2 PC=4148 -- 004148: adda.l  D0, A6
D0=D D1=F D2=2 D3=FFFF D4=10404580 D5=8441851A D6=8441851A D7=FFFF A0=3C0002 A1=102F00 A2=DC958 A3=108F54 A4=70D4AE8 A5=108000 A6=4FBBF PC=414A -- 00414A: move.b  (A2), D0
D0=4 D1=F D2=2 D3=FFFF D4=10404580 D5=8441851A D6=8441851A D7=FFFF A0=3C0002 A1=102F00 A2=DC958 A3=108F54 A4=70D4AE8 A5=108000 A6=4FBBF PC=414C -- 00414C: add.w   D0, D5
D0=4 D1=F D2=2 D3=FFFF D4=10404580 D5=8441851A D6=8441851A D7=FFFF A0=3C0002 A1=102F00 A2=DC958 A3=108F54 A4=70D4AE8 A5=108000 A6=4FBBF PC=414E -- 00414E: subq.b  #1, D0
D0=3 D1=F D2=2 D3=FFFF D4=10404580 D5=8441851A D6=8441851A D7=FFFF A0=3C0002 A1=102F00 A2=DC958 A3=108F54 A4=70D4AE8 A5=108000 A6=4FBBF PC=4150 -- 004150: move.b  D1, D2
D0=3 D1=F D2=F D3=FFFF D4=10404580 D5=8441851A D6=8441851A D7=FFFF A0=3C0002 A1=102F00 A2=DC958 A3=108F54 A4=70D4AE8 A5=108000 A6=4FBBF PC=4152 -- 004152: sub.b   (A6)+, D2
D0=3 D1=F D2=F D3=FFFF D4=10404580 D5=8441851A D6=8441851A D7=FFFF A0=3C0002 A1=102F00 A2=DC958 A3=108F54 A4=70D4AE8 A5=108000 A6=4FBC0 PC=4154 -- 004154: lsl.w   #8, D2
D0=3 D1=F D2=F00 D3=FFFF D4=10404580 D5=8441851A D6=8441851A D7=FFFF A0=3C0002 A1=102F00 A2=DC958 A3=108F54 A4=70D4AE8 A5=108000 A6=4FBC0 PC=4156 -- 004156: move.b  ($69,A1), D2
D0=3 D1=F D2=FFF D3=FFFF D4=10404580 D5=8441851A D6=8441851A D7=FFFF A0=3C0002 A1=102F00 A2=DC958 A3=108F54 A4=70D4AE8 A5=108000 A6=4FBC0 PC=415A -- 00415A: move.w  D2, (A0)
D0=3 D1=F D2=FFF D3=FFFF D4=10404580 D5=8441851A D6=8441851A D7=FFFF A0=3C0002 A1=102F00 A2=DC958 A3=108F54 A4=70D4AE8 A5=108000 A6=4FBC0 PC=415C -- 00415C: dbra    D0, $4150
D0=2 D1=F D2=FFF D3=FFFF D4=10404580 D5=8441851A D6=8441851A D7=FFFF A0=3C0002 A1=102F00 A2=DC958 A3=108F54 A4=70D4AE8 A5=108000 A6=4FBC0 PC=4150 -- 004150: move.b  D1, D2
D0=2 D1=F D2=F0F D3=FFFF D4=10404580 D5=8441851A D6=8441851A D7=FFFF A0=3C0002 A1=102F00 A2=DC958 A3=108F54 A4=70D4AE8 A5=108000 A6=4FBC0 PC=4152 -- 004152: sub.b   (A6)+, D2
D0=2 D1=F D2=F0F D3=FFFF D4=10404580 D5=8441851A D6=8441851A D7=FFFF A0=3C0002 A1=102F00 A2=DC958 A3=108F54 A4=70D4AE8 A5=108000 A6=4FBC1 PC=4154 -- 004154: lsl.w   #8, D2
D0=2 D1=F D2=F00 D3=FFFF D4=10404580 D5=8441851A D6=8441851A D7=FFFF A0=3C0002 A1=102F00 A2=DC958 A3=108F54 A4=70D4AE8 A5=108000 A6=4FBC1 PC=4156 -- 004156: move.b  ($69,A1), D2
D0=2 D1=F D2=FFF D3=FFFF D4=10404580 D5=8441851A D6=8441851A D7=FFFF A0=3C0002 A1=102F00 A2=DC958 A3=108F54 A4=70D4AE8 A5=108000 A6=4FBC1 PC=415A -- 00415A: move.w  D2, (A0)
D0=2 D1=F D2=FFF D3=FFFF D4=10404580 D5=8441851A D6=8441851A D7=FFFF A0=3C0002 A1=102F00 A2=DC958 A3=108F54 A4=70D4AE8 A5=108000 A6=4FBC1 PC=415C -- 00415C: dbra    D0, $4150

   (loops for 12 instructions)

D0=FFFF D1=F D2=FFF D3=FFFF D4=10404580 D5=8441851A D6=8441851A D7=FFFF A0=3C0002 A1=102F00 A2=DC958 A3=108F54 A4=70D4AE8 A5=108000 A6=4FBC3 PC=4160 -- 004160: bra     $4178
D0=FFFF D1=F D2=FFF D3=FFFF D4=10404580 D5=8441851A D6=8441851A D7=FFFF A0=3C0002 A1=102F00 A2=DC958 A3=108F54 A4=70D4AE8 A5=108000 A6=4FBC3 PC=4178 -- 004178: move.b  ($2,A2), D0
D0=FF10 D1=F D2=FFF D3=FFFF D4=10404580 D5=8441851A D6=8441851A D7=FFFF A0=3C0002 A1=102F00 A2=DC958 A3=108F54 A4=70D4AE8 A5=108000 A6=4FBC3 PC=417C -- 00417C: tst.b   ($80,A1)
D0=FF10 D1=F D2=FFF D3=FFFF D4=10404580 D5=8441851A D6=8441851A D7=FFFF A0=3C0002 A1=102F00 A2=DC958 A3=108F54 A4=70D4AE8 A5=108000 A6=4FBC3 PC=4180 -- 004180: beq     $4188
D0=FF10 D1=F D2=FFF D3=FFFF D4=10404580 D5=8441851A D6=8441851A D7=FFFF A0=3C0002 A1=102F00 A2=DC958 A3=108F54 A4=70D4AE8 A5=108000 A6=4FBC3 PC=4188 -- 004188: add.b   ($30,A1), D0
D0=FF56 D1=F D2=FFF D3=FFFF D4=10404580 D5=8441851A D6=8441851A D7=FFFF A0=3C0002 A1=102F00 A2=DC958 A3=108F54 A4=70D4AE8 A5=108000 A6=4FBC3 PC=418C -- 00418C: lsl.w   #8, D0
D0=5600 D1=F D2=FFF D3=FFFF D4=10404580 D5=8441851A D6=8441851A D7=FFFF A0=3C0002 A1=102F00 A2=DC958 A3=108F54 A4=70D4AE8 A5=108000 A6=4FBC3 PC=418E -- 00418E: tst.b   ($3,A2)
D0=5600 D1=F D2=FFF D3=FFFF D4=10404580 D5=8441851A D6=8441851A D7=FFFF A0=3C0002 A1=102F00 A2=DC958 A3=108F54 A4=70D4AE8 A5=108000 A6=4FBC3 PC=4192 -- 004192: beq     $4198
D0=5600 D1=F D2=FFF D3=FFFF D4=10404580 D5=8441851A D6=8441851A D7=FFFF A0=3C0002 A1=102F00 A2=DC958 A3=108F54 A4=70D4AE8 A5=108000 A6=4FBC3 PC=4198 -- 004198: move.w  ($4,A2), D1
D0=5600 D1=9BED D2=FFF D3=FFFF D4=10404580 D5=8441851A D6=8441851A D7=FFFF A0=3C0002 A1=102F00 A2=DC958 A3=108F54 A4=70D4AE8 A5=108000 A6=4FBC3 PC=419C -- 00419C: moveq   #$0, D3
D0=5600 D1=9BED D2=FFF D3=0 D4=10404580 D5=8441851A D6=8441851A D7=FFFF A0=3C0002 A1=102F00 A2=DC958 A3=108F54 A4=70D4AE8 A5=108000 A6=4FBC3 PC=419E -- 00419E: move.b  (A2), D3
D0=5600 D1=9BED D2=FFF D3=4 D4=10404580 D5=8441851A D6=8441851A D7=FFFF A0=3C0002 A1=102F00 A2=DC958 A3=108F54 A4=70D4AE8 A5=108000 A6=4FBC3 PC=41A0 -- 0041A0: subq.b  #1, D3
D0=5600 D1=9BED D2=FFF D3=3 D4=10404580 D5=8441851A D6=8441851A D7=FFFF A0=3C0002 A1=102F00 A2=DC958 A3=108F54 A4=70D4AE8 A5=108000 A6=4FBC3 PC=41A2 -- 0041A2: move.w  ($790,A5), D7
D0=5600 D1=9BED D2=FFF D3=3 D4=10404580 D5=8441851A D6=8441851A D7=0 A0=3C0002 A1=102F00 A2=DC958 A3=108F54 A4=70D4AE8 A5=108000 A6=4FBC3 PC=41A6 -- 0041A6: add.w   D7, D7
D0=5600 D1=9BED D2=FFF D3=3 D4=10404580 D5=8441851A D6=8441851A D7=0 A0=3C0002 A1=102F00 A2=DC958 A3=108F54 A4=70D4AE8 A5=108000 A6=4FBC3 PC=41A8 -- 0041A8: add.w   D7, D7
D0=5600 D1=9BED D2=FFF D3=3 D4=10404580 D5=8441851A D6=8441851A D7=0 A0=3C0002 A1=102F00 A2=DC958 A3=108F54 A4=70D4AE8 A5=108000 A6=4FBC3 PC=41AA -- 0041AA: movea.l ($4,PC,D7.w), A6
D0=5600 D1=9BED D2=FFF D3=3 D4=10404580 D5=8441851A D6=8441851A D7=0 A0=3C0002 A1=102F00 A2=DC958 A3=108F54 A4=70D4AE8 A5=108000 A6=428C PC=41AE -- 0041AE: jmp     (A6)
D0=5600 D1=9BED D2=FFF D3=3 D4=10404580 D5=8441851A D6=8441851A D7=0 A0=3C0002 A1=102F00 A2=DC958 A3=108F54 A4=70D4AE8 A5=108000 A6=428C PC=428C -- 00428C: lea     ($6,A2), A6
D0=5600 D1=9BED D2=FFF D3=3 D4=10404580 D5=8441851A D6=8441851A D7=0 A0=3C0002 A1=102F00 A2=DC958 A3=108F54 A4=70D4AE8 A5=108000 A6=DC95E PC=4290 -- 004290: move.w  #$1, ($2,A0)
D0=5600 D1=9BED D2=FFF D3=3 D4=10404580 D5=8441851A D6=8441851A D7=0 A0=3C0002 A1=102F00 A2=DC958 A3=108F54 A4=70D4AE8 A5=108000 A6=DC95E PC=4296 -- 004296: moveq   #$0, D7
D0=5600 D1=9BED D2=FFF D3=3 D4=10404580 D5=8441851A D6=8441851A D7=0 A0=3C0002 A1=102F00 A2=DC958 A3=108F54 A4=70D4AE8 A5=108000 A6=DC95E PC=4298 -- 004298: move.b  ($1,A2), D7
D0=5600 D1=9BED D2=FFF D3=3 D4=10404580 D5=8441851A D6=8441851A D7=7 A0=3C0002 A1=102F00 A2=DC958 A3=108F54 A4=70D4AE8 A5=108000 A6=DC95E PC=429C -- 00429C: subq.b  #1, D7
D0=5600 D1=9BED D2=FFF D3=3 D4=10404580 D5=8441851A D6=8441851A D7=6 A0=3C0002 A1=102F00 A2=DC958 A3=108F54 A4=70D4AE8 A5=108000 A6=DC95E PC=429E -- 00429E: move.w  (A6)+, D2
D0=5600 D1=9BED D2=6E00 D3=3 D4=10404580 D5=8441851A D6=8441851A D7=6 A0=3C0002 A1=102F00 A2=DC958 A3=108F54 A4=70D4AE8 A5=108000 A6=DC960 PC=42A0 -- 0042A0: move.w  D4, (-$2,A0)
D0=5600 D1=9BED D2=6E00 D3=3 D4=10404580 D5=8441851A D6=8441851A D7=6 A0=3C0002 A1=102F00 A2=DC958 A3=108F54 A4=70D4AE8 A5=108000 A6=DC960 PC=42A4 -- 0042A4: add.w   D2, D2
D0=5600 D1=9BED D2=DC00 D3=3 D4=10404580 D5=8441851A D6=8441851A D7=6 A0=3C0002 A1=102F00 A2=DC958 A3=108F54 A4=70D4AE8 A5=108000 A6=DC960 PC=42A6 -- 0042A6: bcc     $42b8
D0=5600 D1=9BED D2=DC00 D3=3 D4=10404580 D5=8441851A D6=8441851A D7=6 A0=3C0002 A1=102F00 A2=DC958 A3=108F54 A4=70D4AE8 A5=108000 A6=DC960 PC=42B8 -- 0042B8: move.w  #$0, (A0)
D0=5600 D1=9BED D2=DC00 D3=3 D4=10404580 D5=8441851A D6=8441851A D7=6 A0=3C0002 A1=102F00 A2=DC958 A3=108F54 A4=70D4AE8 A5=108000 A6=DC960 PC=42BC -- 0042BC: move.w  #$0, (A0)
D0=5600 D1=9BED D2=DC00 D3=3 D4=10404580 D5=8441851A D6=8441851A D7=6 A0=3C0002 A1=102F00 A2=DC958 A3=108F54 A4=70D4AE8 A5=108000 A6=DC960 PC=42C0 -- 0042C0: dbra    D7, $42a4
D0=5600 D1=9BED D2=DC00 D3=3 D4=10404580 D5=8441851A D6=8441851A D7=5 A0=3C0002 A1=102F00 A2=DC958 A3=108F54 A4=70D4AE8 A5=108000 A6=DC960 PC=42A4 -- 0042A4: add.w   D2, D2
D0=5600 D1=9BED D2=B800 D3=3 D4=10404580 D5=8441851A D6=8441851A D7=5 A0=3C0002 A1=102F00 A2=DC958 A3=108F54 A4=70D4AE8 A5=108000 A6=DC960 PC=42A6 -- 0042A6: bcc     $42b8
D0=5600 D1=9BED D2=B800 D3=3 D4=10404580 D5=8441851A D6=8441851A D7=5 A0=3C0002 A1=102F00 A2=DC958 A3=108F54 A4=70D4AE8 A5=108000 A6=DC960 PC=42A8 -- 0042A8: move.w  D1, (A0)
D0=5600 D1=9BED D2=B800 D3=3 D4=10404580 D5=8441851A D6=8441851A D7=5 A0=3C0002 A1=102F00 A2=DC958 A3=108F54 A4=70D4AE8 A5=108000 A6=DC960 PC=42AA -- 0042AA: nop
D0=5600 D1=9BED D2=B800 D3=3 D4=10404580 D5=8441851A D6=8441851A D7=5 A0=3C0002 A1=102F00 A2=DC958 A3=108F54 A4=70D4AE8 A5=108000 A6=DC960 PC=42AC -- 0042AC: move.w  D0, (A0)
D0=5600 D1=9BED D2=B800 D3=3 D4=10404580 D5=8441851A D6=8441851A D7=5 A0=3C0002 A1=102F00 A2=DC958 A3=108F54 A4=70D4AE8 A5=108000 A6=DC960 PC=42AE -- 0042AE: addq.w  #1, D1
D0=5600 D1=9BEE D2=B800 D3=3 D4=10404580 D5=8441851A D6=8441851A D7=5 A0=3C0002 A1=102F00 A2=DC958 A3=108F54 A4=70D4AE8 A5=108000 A6=DC960 PC=42B0 -- 0042B0: bcc     $42c0
D0=5600 D1=9BEE D2=B800 D3=3 D4=10404580 D5=8441851A D6=8441851A D7=5 A0=3C0002 A1=102F00 A2=DC958 A3=108F54 A4=70D4AE8 A5=108000 A6=DC960 PC=42C0 -- 0042C0: dbra    D7, $42a4

   (loops for 2 instructions)

D0=5600 D1=9BEE D2=7000 D3=3 D4=10404580 D5=8441851A D6=8441851A D7=4 A0=3C0002 A1=102F00 A2=DC958 A3=108F54 A4=70D4AE8 A5=108000 A6=DC960 PC=42A8 -- 0042A8: move.w  D1, (A0)
D0=5600 D1=9BEE D2=7000 D3=3 D4=10404580 D5=8441851A D6=8441851A D7=4 A0=3C0002 A1=102F00 A2=DC958 A3=108F54 A4=70D4AE8 A5=108000 A6=DC960 PC=42AA -- 0042AA: nop
D0=5600 D1=9BEE D2=7000 D3=3 D4=10404580 D5=8441851A D6=8441851A D7=4 A0=3C0002 A1=102F00 A2=DC958 A3=108F54 A4=70D4AE8 A5=108000 A6=DC960 PC=42AC -- 0042AC: move.w  D0, (A0)
D0=5600 D1=9BEE D2=7000 D3=3 D4=10404580 D5=8441851A D6=8441851A D7=4 A0=3C0002 A1=102F00 A2=DC958 A3=108F54 A4=70D4AE8 A5=108000 A6=DC960 PC=42AE -- 0042AE: addq.w  #1, D1
D0=5600 D1=9BEF D2=7000 D3=3 D4=10404580 D5=8441851A D6=8441851A D7=4 A0=3C0002 A1=102F00 A2=DC958 A3=108F54 A4=70D4AE8 A5=108000 A6=DC960 PC=42B0 -- 0042B0: bcc     $42c0

   (loops for 3 instructions)

D0=5600 D1=9BEF D2=E000 D3=3 D4=10404580 D5=8441851A D6=8441851A D7=3 A0=3C0002 A1=102F00 A2=DC958 A3=108F54 A4=70D4AE8 A5=108000 A6=DC960 PC=42B8 -- 0042B8: move.w  #$0, (A0)
D0=5600 D1=9BEF D2=E000 D3=3 D4=10404580 D5=8441851A D6=8441851A D7=3 A0=3C0002 A1=102F00 A2=DC958 A3=108F54 A4=70D4AE8 A5=108000 A6=DC960 PC=42BC -- 0042BC: move.w  #$0, (A0)

   (loops for 25 instructions)

D0=5600 D1=9BF2 D2=0 D3=3 D4=10404580 D5=8441851A D6=8441851A D7=FFFF A0=3C0002 A1=102F00 A2=DC958 A3=108F54 A4=70D4AE8 A5=108000 A6=DC960 PC=42C4 -- 0042C4: bsr     $47c0
D0=5600 D1=9BF2 D2=0 D3=3 D4=10404580 D5=8441851A D6=8441851A D7=FFFF A0=3C0002 A1=102F00 A2=DC958 A3=108F54 A4=70D4AE8 A5=108000 A6=DC960 PC=47C0 -- 0047C0: tst.b   ($78f,A5)
D0=5600 D1=9BF2 D2=0 D3=3 D4=10404580 D5=8441851A D6=8441851A D7=FFFF A0=3C0002 A1=102F00 A2=DC958 A3=108F54 A4=70D4AE8 A5=108000 A6=DC960 PC=47C4 -- 0047C4: bpl     $47c8
D0=5600 D1=9BF2 D2=0 D3=3 D4=10404580 D5=8441851A D6=8441851A D7=FFFF A0=3C0002 A1=102F00 A2=DC958 A3=108F54 A4=70D4AE8 A5=108000 A6=DC960 PC=47C6 -- 0047C6: rts
D0=5600 D1=9BF2 D2=0 D3=3 D4=10404580 D5=8441851A D6=8441851A D7=FFFF A0=3C0002 A1=102F00 A2=DC958 A3=108F54 A4=70D4AE8 A5=108000 A6=DC960 PC=42C8 -- 0042C8: addi.w  #$40, D4
D0=5600 D1=9BF2 D2=0 D3=3 D4=104045C0 D5=8441851A D6=8441851A D7=FFFF A0=3C0002 A1=102F00 A2=DC958 A3=108F54 A4=70D4AE8 A5=108000 A6=DC960 PC=42CC -- 0042CC: dbra    D3, $4296
D0=5600 D1=9BF2 D2=0 D3=2 D4=104045C0 D5=8441851A D6=8441851A D7=FFFF A0=3C0002 A1=102F00 A2=DC958 A3=108F54 A4=70D4AE8 A5=108000 A6=DC960 PC=4296 -- 004296: moveq   #$0, D7
D0=5600 D1=9BF2 D2=0 D3=2 D4=104045C0 D5=8441851A D6=8441851A D7=0 A0=3C0002 A1=102F00 A2=DC958 A3=108F54 A4=70D4AE8 A5=108000 A6=DC960 PC=4298 -- 004298: move.b  ($1,A2), D7
D0=5600 D1=9BF2 D2=0 D3=2 D4=104045C0 D5=8441851A D6=8441851A D7=7 A0=3C0002 A1=102F00 A2=DC958 A3=108F54 A4=70D4AE8 A5=108000 A6=DC960 PC=429C -- 00429C: subq.b  #1, D7
D0=5600 D1=9BF2 D2=0 D3=2 D4=104045C0 D5=8441851A D6=8441851A D7=6 A0=3C0002 A1=102F00 A2=DC958 A3=108F54 A4=70D4AE8 A5=108000 A6=DC960 PC=429E -- 00429E: move.w  (A6)+, D2
D0=5600 D1=9BF2 D2=FE00 D3=2 D4=104045C0 D5=8441851A D6=8441851A D7=6 A0=3C0002 A1=102F00 A2=DC958 A3=108F54 A4=70D4AE8 A5=108000 A6=DC962 PC=42A0 -- 0042A0: move.w  D4, (-$2,A0)

   (loops for 56 instructions)

D0=5600 D1=9BF9 D2=0 D3=2 D4=104045C0 D5=8441851A D6=8441851A D7=FFFF A0=3C0002 A1=102F00 A2=DC958 A3=108F54 A4=70D4AE8 A5=108000 A6=DC962 PC=42C4 -- 0042C4: bsr     $47c0
D0=5600 D1=9BF9 D2=0 D3=2 D4=104045C0 D5=8441851A D6=8441851A D7=FFFF A0=3C0002 A1=102F00 A2=DC958 A3=108F54 A4=70D4AE8 A5=108000 A6=DC962 PC=47C0 -- 0047C0: tst.b   ($78f,A5)
D0=5600 D1=9BF9 D2=0 D3=2 D4=104045C0 D5=8441851A D6=8441851A D7=FFFF A0=3C0002 A1=102F00 A2=DC958 A3=108F54 A4=70D4AE8 A5=108000 A6=DC962 PC=47C4 -- 0047C4: bpl     $47c8
D0=5600 D1=9BF9 D2=0 D3=2 D4=104045C0 D5=8441851A D6=8441851A D7=FFFF A0=3C0002 A1=102F00 A2=DC958 A3=108F54 A4=70D4AE8 A5=108000 A6=DC962 PC=47C6 -- 0047C6: rts
D0=5600 D1=9BF9 D2=0 D3=2 D4=104045C0 D5=8441851A D6=8441851A D7=FFFF A0=3C0002 A1=102F00 A2=DC958 A3=108F54 A4=70D4AE8 A5=108000 A6=DC962 PC=42C8 -- 0042C8: addi.w  #$40, D4
D0=5600 D1=9BF9 D2=0 D3=2 D4=10404600 D5=8441851A D6=8441851A D7=FFFF A0=3C0002 A1=102F00 A2=DC958 A3=108F54 A4=70D4AE8 A5=108000 A6=DC962 PC=42CC -- 0042CC: dbra    D3, $4296

   (loops for 131 instructions)

D0=5600 D1=9C06 D2=0 D3=FFFF D4=10404680 D5=8441851A D6=8441851A D7=FFFF A0=3C0002 A1=102F00 A2=DC958 A3=108F54 A4=70D4AE8 A5=108000 A6=DC966 PC=42D0 -- 0042D0: rts
D0=5600 D1=9C06 D2=0 D3=FFFF D4=10404680 D5=8441851A D6=8441851A D7=FFFF A0=3C0002 A1=102F00 A2=DC958 A3=108F54 A4=70D4AE8 A5=108000 A6=DC966 PC=4016 -- 004016: bra     $401c
D0=5600 D1=9C06 D2=0 D3=FFFF D4=10404680 D5=8441851A D6=8441851A D7=FFFF A0=3C0002 A1=102F00 A2=DC958 A3=108F54 A4=70D4AE8 A5=108000 A6=DC966 PC=401C -- 00401C: movea.l (A7)+, A6
D0=5600 D1=9C06 D2=0 D3=FFFF D4=10404680 D5=8441851A D6=8441851A D7=FFFF A0=3C0002 A1=102F00 A2=DC958 A3=108F54 A4=70D4AE8 A5=108000 A6=108E3C PC=401E -- 00401E: btst    #$5, ($4,A4)
D0=5600 D1=9C06 D2=0 D3=FFFF D4=10404680 D5=8441851A D6=8441851A D7=FFFF A0=3C0002 A1=102F00 A2=DC958 A3=108F54 A4=70D4AE8 A5=108000 A6=108E3C PC=4024 -- 004024: beq     $4056
D0=5600 D1=9C06 D2=0 D3=FFFF D4=10404680 D5=8441851A D6=8441851A D7=FFFF A0=3C0002 A1=102F00 A2=DC958 A3=108F54 A4=70D4AE8 A5=108000 A6=108E3C PC=4056 -- 004056: tst.b   ($7c,A1)
D0=5600 D1=9C06 D2=0 D3=FFFF D4=10404680 D5=8441851A D6=8441851A D7=FFFF A0=3C0002 A1=102F00 A2=DC958 A3=108F54 A4=70D4AE8 A5=108000 A6=108E3C PC=405A -- 00405A: bpl     $4064
D0=5600 D1=9C06 D2=0 D3=FFFF D4=10404680 D5=8441851A D6=8441851A D7=FFFF A0=3C0002 A1=102F00 A2=DC958 A3=108F54 A4=70D4AE8 A5=108000 A6=108E3C PC=4064 -- 004064: movea.l (A7)+, A0
D0=5600 D1=9C06 D2=0 D3=FFFF D4=10404680 D5=8441851A D6=8441851A D7=FFFF A0=108912 A1=102F00 A2=DC958 A3=108F54 A4=70D4AE8 A5=108000 A6=108E3C PC=4066 -- 004066: subq.w  #1, ($e3a,A5)
D0=5600 D1=9C06 D2=0 D3=FFFF D4=10404680 D5=8441851A D6=8441851A D7=FFFF A0=108912 A1=102F00 A2=DC958 A3=108F54 A4=70D4AE8 A5=108000 A6=108E3C PC=406A -- 00406A: bne     $3f32
D0=5600 D1=9C06 D2=0 D3=FFFF D4=10404680 D5=8441851A D6=8441851A D7=FFFF A0=108912 A1=102F00 A2=DC958 A3=108F54 A4=70D4AE8 A5=108000 A6=108E3C PC=3F32 -- 003F32: move.w  (A0)+, D0
D0=3100 D1=9C06 D2=0 D3=FFFF D4=10404680 D5=8441851A D6=8441851A D7=FFFF A0=108914 A1=102F00 A2=DC958 A3=108F54 A4=70D4AE8 A5=108000 A6=108E3C PC=3F34 -- 003F34: beq     $3f32
D0=3100 D1=9C06 D2=0 D3=FFFF D4=10404680 D5=8441851A D6=8441851A D7=FFFF A0=108914 A1=102F00 A2=DC958 A3=108F54 A4=70D4AE8 A5=108000 A6=108E3C PC=3F36 -- 003F36: clr.w   (-$2,A0)
D0=3100 D1=9C06 D2=0 D3=FFFF D4=10404680 D5=8441851A D6=8441851A D7=FFFF A0=108914 A1=102F00 A2=DC958 A3=108F54 A4=70D4AE8 A5=108000 A6=108E3C PC=3F3A -- 003F3A: move.l  A5, D1
D0=3100 D1=108000 D2=0 D3=FFFF D4=10404680 D5=8441851A D6=8441851A D7=FFFF A0=108914 A1=102F00 A2=DC958 A3=108F54 A4=70D4AE8 A5=108000 A6=108E3C PC=3F3C -- 003F3C: move.w  D0, D1
D0=3100 D1=103100 D2=0 D3=FFFF D4=10404680 D5=8441851A D6=8441851A D7=FFFF A0=108914 A1=102F00 A2=DC958 A3=108F54 A4=70D4AE8 A5=108000 A6=108E3C PC=3F3E -- 003F3E: movea.l D1, A1
D0=3100 D1=103100 D2=0 D3=FFFF D4=10404680 D5=8441851A D6=8441851A D7=FFFF A0=108914 A1=103100 A2=DC958 A3=108F54 A4=70D4AE8 A5=108000 A6=108E3C PC=3F40 -- 003F40: movea.l ($28,A1), A2
D0=3100 D1=103100 D2=0 D3=FFFF D4=10404680 D5=8441851A D6=8441851A D7=FFFF A0=108914 A1=103100 A2=DBE48 A3=108F54 A4=70D4AE8 A5=108000 A6=108E3C PC=3F44 -- 003F44: lea     $7bf48.l, A4
D0=3100 D1=103100 D2=0 D3=FFFF D4=10404680 D5=8441851A D6=8441851A D7=FFFF A0=108914 A1=103100 A2=DBE48 A3=108F54 A4=7BF48 A5=108000 A6=108E3C PC=3F4A -- 003F4A: move.w  ($70,A1), D0
D0=13 D1=103100 D2=0 D3=FFFF D4=10404680 D5=8441851A D6=8441851A D7=FFFF A0=108914 A1=103100 A2=DBE48 A3=108F54 A4=7BF48 A5=108000 A6=108E3C PC=3F4E -- 003F4E: add.w   D0, D0
D0=26 D1=103100 D2=0 D3=FFFF D4=10404680 D5=8441851A D6=8441851A D7=FFFF A0=108914 A1=103100 A2=DBE48 A3=108F54 A4=7BF48 A5=108000 A6=108E3C PC=3F50 -- 003F50: add.w   D0, D0
D0=4C D1=103100 D2=0 D3=FFFF D4=10404680 D5=8441851A D6=8441851A D7=FFFF A0=108914 A1=103100 A2=DBE48 A3=108F54 A4=7BF48 A5=108000 A6=108E3C PC=3F52 -- 003F52: movea.l (A4,D0.w), A4
D0=4C D1=103100 D2=0 D3=FFFF D4=10404680 D5=8441851A D6=8441851A D7=FFFF A0=108914 A1=103100 A2=DBE48 A3=108F54 A4=7E5C0 A5=108000 A6=108E3C PC=3F56 -- 003F56: move.w  ($72,A1), D0
D0=0 D1=103100 D2=0 D3=FFFF D4=10404680 D5=8441851A D6=8441851A D7=FFFF A0=108914 A1=103100 A2=DBE48 A3=108F54 A4=7E5C0 A5=108000 A6=108E3C PC=3F5A -- 003F5A: add.w   D0, D0
D0=0 D1=103100 D2=0 D3=FFFF D4=10404680 D5=8441851A D6=8441851A D7=FFFF A0=108914 A1=103100 A2=DBE48 A3=108F54 A4=7E5C0 A5=108000 A6=108E3C PC=3F5C -- 003F5C: move.w  (A4,D0.w), ($46de,A5)
D0=0 D1=103100 D2=0 D3=FFFF D4=10404680 D5=8441851A D6=8441851A D7=FFFF A0=108914 A1=103100 A2=DBE48 A3=108F54 A4=7E5C0 A5=108000 A6=108E3C PC=3F62 -- 003F62: lea     $80000.l, A4
D0=0 D1=103100 D2=0 D3=FFFF D4=10404680 D5=8441851A D6=8441851A D7=FFFF A0=108914 A1=103100 A2=DBE48 A3=108F54 A4=80000 A5=108000 A6=108E3C PC=3F68 -- 003F68: move.w  ($70,A1), D0
D0=13 D1=103100 D2=0 D3=FFFF D4=10404680 D5=8441851A D6=8441851A D7=FFFF A0=108914 A1=103100 A2=DBE48 A3=108F54 A4=80000 A5=108000 A6=108E3C PC=3F6C -- 003F6C: add.w   D0, D0
D0=26 D1=103100 D2=0 D3=FFFF D4=10404680 D5=8441851A D6=8441851A D7=FFFF A0=108914 A1=103100 A2=DBE48 A3=108F54 A4=80000 A5=108000 A6=108E3C PC=3F6E -- 003F6E: add.w   D0, D0
D0=4C D1=103100 D2=0 D3=FFFF D4=10404680 D5=8441851A D6=8441851A D7=FFFF A0=108914 A1=103100 A2=DBE48 A3=108F54 A4=80000 A5=108000 A6=108E3C PC=3F70 -- 003F70: movea.l (A4,D0.w), A4
D0=4C D1=103100 D2=0 D3=FFFF D4=10404680 D5=8441851A D6=8441851A D7=FFFF A0=108914 A1=103100 A2=DBE48 A3=108F54 A4=84E00 A5=108000 A6=108E3C PC=3F74 -- 003F74: move.w  ($46de,A5), D0
D0=0 D1=103100 D2=0 D3=FFFF D4=10404680 D5=8441851A D6=8441851A D7=FFFF A0=108914 A1=103100 A2=DBE48 A3=108F54 A4=84E00 A5=108000 A6=108E3C PC=3F78 -- 003F78: tst.b   ($46e2,A5)
D0=0 D1=103100 D2=0 D3=FFFF D4=10404680 D5=8441851A D6=8441851A D7=FFFF A0=108914 A1=103100 A2=DBE48 A3=108F54 A4=84E00 A5=108000 A6=108E3C PC=3F7C -- 003F7C: beq     $3f82
D0=0 D1=103100 D2=0 D3=FFFF D4=10404680 D5=8441851A D6=8441851A D7=FFFF A0=108914 A1=103100 A2=DBE48 A3=108F54 A4=84E00 A5=108000 A6=108E3C PC=3F82 -- 003F82: andi.w  #$ff, D0
D0=0 D1=103100 D2=0 D3=FFFF D4=10404680 D5=8441851A D6=8441851A D7=FFFF A0=108914 A1=103100 A2=DBE48 A3=108F54 A4=84E00 A5=108000 A6=108E3C PC=3F86 -- 003F86: add.w   D0, D0
D0=0 D1=103100 D2=0 D3=FFFF D4=10404680 D5=8441851A D6=8441851A D7=FFFF A0=108914 A1=103100 A2=DBE48 A3=108F54 A4=84E00 A5=108000 A6=108E3C PC=3F88 -- 003F88: add.w   D0, D0
D0=0 D1=103100 D2=0 D3=FFFF D4=10404680 D5=8441851A D6=8441851A D7=FFFF A0=108914 A1=103100 A2=DBE48 A3=108F54 A4=84E00 A5=108000 A6=108E3C PC=3F8A -- 003F8A: movea.l (A4,D0.w), A4
D0=0 D1=103100 D2=0 D3=FFFF D4=10404680 D5=8441851A D6=8441851A D7=FFFF A0=108914 A1=103100 A2=DBE48 A3=108F54 A4=D7184 A5=108000 A6=108E3C PC=3F8E -- 003F8E: move.w  ($74,A1), D0
D0=C D1=103100 D2=0 D3=FFFF D4=10404680 D5=8441851A D6=8441851A D7=FFFF A0=108914 A1=103100 A2=DBE48 A3=108F54 A4=D7184 A5=108000 A6=108E3C PC=3F92 -- 003F92: adda.w  D0, A4
D0=C D1=103100 D2=0 D3=FFFF D4=10404680 D5=8441851A D6=8441851A D7=FFFF A0=108914 A1=103100 A2=DBE48 A3=108F54 A4=D7190 A5=108000 A6=108E3C PC=3F94 -- 003F94: move.l  (A4), D0
D0=40D4338 D1=103100 D2=0 D3=FFFF D4=10404680 D5=8441851A D6=8441851A D7=FFFF A0=108914 A1=103100 A2=DBE48 A3=108F54 A4=D7190 A5=108000 A6=108E3C PC=3F96 -- 003F96: movea.l D0, A4
D0=40D4338 D1=103100 D2=0 D3=FFFF D4=10404680 D5=8441851A D6=8441851A D7=FFFF A0=108914 A1=103100 A2=DBE48 A3=108F54 A4=40D4338 A5=108000 A6=108E3C PC=3F98 -- 003F98: move.l  A0, -(A7)
D0=40D4338 D1=103100 D2=0 D3=FFFF D4=10404680 D5=8441851A D6=8441851A D7=FFFF A0=108914 A1=103100 A2=DBE48 A3=108F54 A4=40D4338 A5=108000 A6=108E3C PC=3F9A -- 003F9A: lea     $3c0002.l, A0
D0=40D4338 D1=103100 D2=0 D3=FFFF D4=10404680 D5=8441851A D6=8441851A D7=FFFF A0=3C0002 A1=103100 A2=DBE48 A3=108F54 A4=40D4338 A5=108000 A6=108E3C PC=3FA0 -- 003FA0: tst.b   ($7c,A1)
D0=40D4338 D1=103100 D2=0 D3=FFFF D4=10404680 D5=8441851A D6=8441851A D7=FFFF A0=3C0002 A1=103100 A2=DBE48 A3=108F54 A4=40D4338 A5=108000 A6=108E3C PC=3FA4 -- 003FA4: bpl     $3fc0
D0=40D4338 D1=103100 D2=0 D3=FFFF D4=10404680 D5=8441851A D6=8441851A D7=FFFF A0=3C0002 A1=103100 A2=DBE48 A3=108F54 A4=40D4338 A5=108000 A6=108E3C PC=3FC0 -- 003FC0: moveq   #$0, D0
D0=0 D1=103100 D2=0 D3=FFFF D4=10404680 D5=8441851A D6=8441851A D7=FFFF A0=3C0002 A1=103100 A2=DBE48 A3=108F54 A4=40D4338 A5=108000 A6=108E3C PC=3FC2 -- 003FC2: move.b  (A2), D0
D0=4 D1=103100 D2=0 D3=FFFF D4=10404680 D5=8441851A D6=8441851A D7=FFFF A0=3C0002 A1=103100 A2=DBE48 A3=108F54 A4=40D4338 A5=108000 A6=108E3C PC=3FC4 -- 003FC4: sub.w   D0, ($794,A5)
D0=4 D1=103100 D2=0 D3=FFFF D4=10404680 D5=8441851A D6=8441851A D7=FFFF A0=3C0002 A1=103100 A2=DBE48 A3=108F54 A4=40D4338 A5=108000 A6=108E3C PC=3FC8 -- 003FC8: bcc     $3fd2
D0=4 D1=103100 D2=0 D3=FFFF D4=10404680 D5=8441851A D6=8441851A D7=FFFF A0=3C0002 A1=103100 A2=DBE48 A3=108F54 A4=40D4338 A5=108000 A6=108E3C PC=3FD2 -- 003FD2: move.l  A6, -(A7)
D0=4 D1=103100 D2=0 D3=FFFF D4=10404680 D5=8441851A D6=8441851A D7=FFFF A0=3C0002 A1=103100 A2=DBE48 A3=108F54 A4=40D4338 A5=108000 A6=108E3C PC=3FD4 -- 003FD4: btst    #$6, ($7c,A1)
D0=4 D1=103100 D2=0 D3=FFFF D4=10404680 D5=8441851A D6=8441851A D7=FFFF A0=3C0002 A1=103100 A2=DBE48 A3=108F54 A4=40D4338 A5=108000 A6=108E3C PC=3FDA -- 003FDA: bne     $400c
D0=4 D1=103100 D2=0 D3=FFFF D4=10404680 D5=8441851A D6=8441851A D7=FFFF A0=3C0002 A1=103100 A2=DBE48 A3=108F54 A4=40D4338 A5=108000 A6=108E3C PC=3FDE -- 003FDE: moveq   #$0, D1
D0=4 D1=0 D2=0 D3=FFFF D4=10404680 D5=8441851A D6=8441851A D7=FFFF A0=3C0002 A1=103100 A2=DBE48 A3=108F54 A4=40D4338 A5=108000 A6=108E3C PC=3FE0 -- 003FE0: move.b  ($82,A1), D1
D0=4 D1=0 D2=0 D3=FFFF D4=10404680 D5=8441851A D6=8441851A D7=FFFF A0=3C0002 A1=103100 A2=DBE48 A3=108F54 A4=40D4338 A5=108000 A6=108E3C PC=3FE4 -- 003FE4: add.w   D1, D1
D0=4 D1=0 D2=0 D3=FFFF D4=10404680 D5=8441851A D6=8441851A D7=FFFF A0=3C0002 A1=103100 A2=DBE48 A3=108F54 A4=40D4338 A5=108000 A6=108E3C PC=3FE6 -- 003FE6: add.w   D1, D1
D0=4 D1=0 D2=0 D3=FFFF D4=10404680 D5=8441851A D6=8441851A D7=FFFF A0=3C0002 A1=103100 A2=DBE48 A3=108F54 A4=40D4338 A5=108000 A6=108E3C PC=3FE8 -- 003FE8: move.w  ($18,A1), D0
D0=F8 D1=0 D2=0 D3=FFFF D4=10404680 D5=8441851A D6=8441851A D7=FFFF A0=3C0002 A1=103100 A2=DBE48 A3=108F54 A4=40D4338 A5=108000 A6=108E3C PC=3FEC -- 003FEC: lea     ($104c,A5), A6
D0=F8 D1=0 D2=0 D3=FFFF D4=10404680 D5=8441851A D6=8441851A D7=FFFF A0=3C0002 A1=103100 A2=DBE48 A3=108F54 A4=40D4338 A5=108000 A6=10904C PC=3FF0 -- 003FF0: sub.w   (A6,D1.w), D0
D0=F8 D1=0 D2=0 D3=FFFF D4=10404680 D5=8441851A D6=8441851A D7=FFFF A0=3C0002 A1=103100 A2=DBE48 A3=108F54 A4=40D4338 A5=108000 A6=10904C PC=3FF4 -- 003FF4: move.w  D0, ($24,A1)
D0=F8 D1=0 D2=0 D3=FFFF D4=10404680 D5=8441851A D6=8441851A D7=FFFF A0=3C0002 A1=103100 A2=DBE48 A3=108F54 A4=40D4338 A5=108000 A6=10904C PC=3FF8 -- 003FF8: move.w  ($1c,A1), D0
D0=B8 D1=0 D2=0 D3=FFFF D4=10404680 D5=8441851A D6=8441851A D7=FFFF A0=3C0002 A1=103100 A2=DBE48 A3=108F54 A4=40D4338 A5=108000 A6=10904C PC=3FFC -- 003FFC: sub.w   ($20,A1), D0
D0=B8 D1=0 D2=0 D3=FFFF D4=10404680 D5=8441851A D6=8441851A D7=FFFF A0=3C0002 A1=103100 A2=DBE48 A3=108F54 A4=40D4338 A5=108000 A6=10904C PC=4000 -- 004000: lea     ($1058,A5), A6
D0=B8 D1=0 D2=0 D3=FFFF D4=10404680 D5=8441851A D6=8441851A D7=FFFF A0=3C0002 A1=103100 A2=DBE48 A3=108F54 A4=40D4338 A5=108000 A6=109058 PC=4004 -- 004004: sub.w   (A6,D1.w), D0
D0=B8 D1=0 D2=0 D3=FFFF D4=10404680 D5=8441851A D6=8441851A D7=FFFF A0=3C0002 A1=103100 A2=DBE48 A3=108F54 A4=40D4338 A5=108000 A6=109058 PC=4008 -- 004008: move.w  D0, ($26,A1)
D0=B8 D1=0 D2=0 D3=FFFF D4=10404680 D5=8441851A D6=8441851A D7=FFFF A0=3C0002 A1=103100 A2=DBE48 A3=108F54 A4=40D4338 A5=108000 A6=109058 PC=400C -- 00400C: tst.b   ($3a66,A5)
D0=B8 D1=0 D2=0 D3=FFFF D4=10404680 D5=8441851A D6=8441851A D7=FFFF A0=3C0002 A1=103100 A2=DBE48 A3=108F54 A4=40D4338 A5=108000 A6=109058 PC=4010 -- 004010: bmi     $4018
D0=B8 D1=0 D2=0 D3=FFFF D4=10404680 D5=8441851A D6=8441851A D7=FFFF A0=3C0002 A1=103100 A2=DBE48 A3=108F54 A4=40D4338 A5=108000 A6=109058 PC=4012 -- 004012: bsr     $4088
D0=B8 D1=0 D2=0 D3=FFFF D4=10404680 D5=8441851A D6=8441851A D7=FFFF A0=3C0002 A1=103100 A2=DBE48 A3=108F54 A4=40D4338 A5=108000 A6=109058 PC=4088 -- 004088: move.w  (A4), D0
D0=FFDB D1=0 D2=0 D3=FFFF D4=10404680 D5=8441851A D6=8441851A D7=FFFF A0=3C0002 A1=103100 A2=DBE48 A3=108F54 A4=40D4338 A5=108000 A6=109058 PC=408A -- 00408A: move.b  ($31,A1), D1
D0=FFDB D1=0 D2=0 D3=FFFF D4=10404680 D5=8441851A D6=8441851A D7=FFFF A0=3C0002 A1=103100 A2=DBE48 A3=108F54 A4=40D4338 A5=108000 A6=109058 PC=408E -- 00408E: move.b  ($4,A4), D2
D0=FFDB D1=0 D2=0 D3=FFFF D4=10404680 D5=8441851A D6=8441851A D7=FFFF A0=3C0002 A1=103100 A2=DBE48 A3=108F54 A4=40D4338 A5=108000 A6=109058 PC=4092 -- 004092: rol.b   #2, D2
D0=FFDB D1=0 D2=0 D3=FFFF D4=10404680 D5=8441851A D6=8441851A D7=FFFF A0=3C0002 A1=103100 A2=DBE48 A3=108F54 A4=40D4338 A5=108000 A6=109058 PC=4094 -- 004094: eor.w   D2, D1
D0=FFDB D1=0 D2=0 D3=FFFF D4=10404680 D5=8441851A D6=8441851A D7=FFFF A0=3C0002 A1=103100 A2=DBE48 A3=108F54 A4=40D4338 A5=108000 A6=109058 PC=4096 -- 004096: andi.w  #$3, D1
D0=FFDB D1=0 D2=0 D3=FFFF D4=10404680 D5=8441851A D6=8441851A D7=FFFF A0=3C0002 A1=103100 A2=DBE48 A3=108F54 A4=40D4338 A5=108000 A6=109058 PC=409A -- 00409A: move.w  D1, ($790,A5)
D0=FFDB D1=0 D2=0 D3=FFFF D4=10404680 D5=8441851A D6=8441851A D7=FFFF A0=3C0002 A1=103100 A2=DBE48 A3=108F54 A4=40D4338 A5=108000 A6=109058 PC=409E -- 00409E: andi.w  #$1, D1
D0=FFDB D1=0 D2=0 D3=FFFF D4=10404680 D5=8441851A D6=8441851A D7=FFFF A0=3C0002 A1=103100 A2=DBE48 A3=108F54 A4=40D4338 A5=108000 A6=109058 PC=40A2 -- 0040A2: beq     $40ae
D0=FFDB D1=0 D2=0 D3=FFFF D4=10404680 D5=8441851A D6=8441851A D7=FFFF A0=3C0002 A1=103100 A2=DBE48 A3=108F54 A4=40D4338 A5=108000 A6=109058 PC=40AE -- 0040AE: moveq   #$0, D1
D0=FFDB D1=0 D2=0 D3=FFFF D4=10404680 D5=8441851A D6=8441851A D7=FFFF A0=3C0002 A1=103100 A2=DBE48 A3=108F54 A4=40D4338 A5=108000 A6=109058 PC=40B0 -- 0040B0: move.b  ($68,A1), D1
D0=FFDB D1=FF D2=0 D3=FFFF D4=10404680 D5=8441851A D6=8441851A D7=FFFF A0=3C0002 A1=103100 A2=DBE48 A3=108F54 A4=40D4338 A5=108000 A6=109058 PC=40B4 -- 0040B4: addq.w  #1, D1
D0=FFDB D1=100 D2=0 D3=FFFF D4=10404680 D5=8441851A D6=8441851A D7=FFFF A0=3C0002 A1=103100 A2=DBE48 A3=108F54 A4=40D4338 A5=108000 A6=109058 PC=40B6 -- 0040B6: muls.w  D1, D0
D0=FFFFDB00 D1=100 D2=0 D3=FFFF D4=10404680 D5=8441851A D6=8441851A D7=FFFF A0=3C0002 A1=103100 A2=DBE48 A3=108F54 A4=40D4338 A5=108000 A6=109058 PC=40B8 -- 0040B8: lsr.l   #8, D0
D0=FFFFDB D1=100 D2=0 D3=FFFF D4=10404680 D5=8441851A D6=8441851A D7=FFFF A0=3C0002 A1=103100 A2=DBE48 A3=108F54 A4=40D4338 A5=108000 A6=109058 PC=40BA -- 0040BA: add.w   ($24,A1), D0
D0=FF00D3 D1=100 D2=0 D3=FFFF D4=10404680 D5=8441851A D6=8441851A D7=FFFF A0=3C0002 A1=103100 A2=DBE48 A3=108F54 A4=40D4338 A5=108000 A6=109058 PC=40BE -- 0040BE: lsl.w   #7, D0
D0=FF6980 D1=100 D2=0 D3=FFFF D4=10404680 D5=8441851A D6=8441851A D7=FFFF A0=3C0002 A1=103100 A2=DBE48 A3=108F54 A4=40D4338 A5=108000 A6=109058 PC=40C0 -- 0040C0: move.w  D6, (-$2,A0)
D0=FF6980 D1=100 D2=0 D3=FFFF D4=10404680 D5=8441851A D6=8441851A D7=FFFF A0=3C0002 A1=103100 A2=DBE48 A3=108F54 A4=40D4338 A5=108000 A6=109058 PC=40C4 -- 0040C4: move.w  D0, (A0)
D0=FF6980 D1=100 D2=0 D3=FFFF D4=10404680 D5=8441851A D6=8441851A D7=FFFF A0=3C0002 A1=103100 A2=DBE48 A3=108F54 A4=40D4338 A5=108000 A6=109058 PC=40C6 -- 0040C6: moveq   #$0, D0
D0=0 D1=100 D2=0 D3=FFFF D4=10404680 D5=8441851A D6=8441851A D7=FFFF A0=3C0002 A1=103100 A2=DBE48 A3=108F54 A4=40D4338 A5=108000 A6=109058 PC=40C8 -- 0040C8: move.b  (A2), D0
D0=4 D1=100 D2=0 D3=FFFF D4=10404680 D5=8441851A D6=8441851A D7=FFFF A0=3C0002 A1=103100 A2=DBE48 A3=108F54 A4=40D4338 A5=108000 A6=109058 PC=40CA -- 0040CA: add.w   D0, D6
D0=4 D1=100 D2=0 D3=FFFF D4=10404680 D5=8441851E D6=8441851E D7=FFFF A0=3C0002 A1=103100 A2=DBE48 A3=108F54 A4=40D4338 A5=108000 A6=109058 PC=40CC -- 0040CC: move.w  ($2,A4), D0
D0=FF90 D1=100 D2=0 D3=FFFF D4=10404680 D5=8441851E D6=8441851E D7=FFFF A0=3C0002 A1=103100 A2=DBE48 A3=108F54 A4=40D4338 A5=108000 A6=109058 PC=40D0 -- 0040D0: btst    #$1, ($791,A5)
D0=FF90 D1=100 D2=0 D3=FFFF D4=10404680 D5=8441851E D6=8441851E D7=FFFF A0=3C0002 A1=103100 A2=DBE48 A3=108F54 A4=40D4338 A5=108000 A6=109058 PC=40D6 -- 0040D6: beq     $40e4
D0=FF90 D1=100 D2=0 D3=FFFF D4=10404680 D5=8441851E D6=8441851E D7=FFFF A0=3C0002 A1=103100 A2=DBE48 A3=108F54 A4=40D4338 A5=108000 A6=109058 PC=40E4 -- 0040E4: moveq   #$0, D1
D0=FF90 D1=0 D2=0 D3=FFFF D4=10404680 D5=8441851E D6=8441851E D7=FFFF A0=3C0002 A1=103100 A2=DBE48 A3=108F54 A4=40D4338 A5=108000 A6=109058 PC=40E6 -- 0040E6: move.b  ($69,A1), D1
D0=FF90 D1=FF D2=0 D3=FFFF D4=10404680 D5=8441851E D6=8441851E D7=FFFF A0=3C0002 A1=103100 A2=DBE48 A3=108F54 A4=40D4338 A5=108000 A6=109058 PC=40EA -- 0040EA: addq.w  #1, D1
D0=FF90 D1=100 D2=0 D3=FFFF D4=10404680 D5=8441851E D6=8441851E D7=FFFF A0=3C0002 A1=103100 A2=DBE48 A3=108F54 A4=40D4338 A5=108000 A6=109058 PC=40EC -- 0040EC: muls.w  D1, D0
D0=FFFF9000 D1=100 D2=0 D3=FFFF D4=10404680 D5=8441851E D6=8441851E D7=FFFF A0=3C0002 A1=103100 A2=DBE48 A3=108F54 A4=40D4338 A5=108000 A6=109058 PC=40EE -- 0040EE: lsr.l   #8, D0
D0=FFFF90 D1=100 D2=0 D3=FFFF D4=10404680 D5=8441851E D6=8441851E D7=FFFF A0=3C0002 A1=103100 A2=DBE48 A3=108F54 A4=40D4338 A5=108000 A6=109058 PC=40F0 -- 0040F0: add.w   ($26,A1), D0
D0=FF0048 D1=100 D2=0 D3=FFFF D4=10404680 D5=8441851E D6=8441851E D7=FFFF A0=3C0002 A1=103100 A2=DBE48 A3=108F54 A4=40D4338 A5=108000 A6=109058 PC=40F4 -- 0040F4: neg.w   D0
D0=FFFFB8 D1=100 D2=0 D3=FFFF D4=10404680 D5=8441851E D6=8441851E D7=FFFF A0=3C0002 A1=103100 A2=DBE48 A3=108F54 A4=40D4338 A5=108000 A6=109058 PC=40F6 -- 0040F6: addi.w  #$1ff, D0
D0=FF01B7 D1=100 D2=0 D3=FFFF D4=10404680 D5=8441851E D6=8441851E D7=FFFF A0=3C0002 A1=103100 A2=DBE48 A3=108F54 A4=40D4338 A5=108000 A6=109058 PC=40FA -- 0040FA: lsl.w   #7, D0
D0=FFDB80 D1=100 D2=0 D3=FFFF D4=10404680 D5=8441851E D6=8441851E D7=FFFF A0=3C0002 A1=103100 A2=DBE48 A3=108F54 A4=40D4338 A5=108000 A6=109058 PC=40FC -- 0040FC: bsr     $4772
D0=FFDB80 D1=100 D2=0 D3=FFFF D4=10404680 D5=8441851E D6=8441851E D7=FFFF A0=3C0002 A1=103100 A2=DBE48 A3=108F54 A4=40D4338 A5=108000 A6=109058 PC=4772 -- 004772: move.w  D0, -(A7)
D0=FFDB80 D1=100 D2=0 D3=FFFF D4=10404680 D5=8441851E D6=8441851E D7=FFFF A0=3C0002 A1=103100 A2=DBE48 A3=108F54 A4=40D4338 A5=108000 A6=109058 PC=4774 -- 004774: moveq   #-$1, D0
D0=FFFFFFFF D1=100 D2=0 D3=FFFF D4=10404680 D5=8441851E D6=8441851E D7=FFFF A0=3C0002 A1=103100 A2=DBE48 A3=108F54 A4=40D4338 A5=108000 A6=109058 PC=4776 -- 004776: moveq   #$0, D1
D0=FFFFFFFF D1=0 D2=0 D3=FFFF D4=10404680 D5=8441851E D6=8441851E D7=FFFF A0=3C0002 A1=103100 A2=DBE48 A3=108F54 A4=40D4338 A5=108000 A6=109058 PC=4778 -- 004778: move.b  ($1,A2), D1
D0=FFFFFFFF D1=7 D2=0 D3=FFFF D4=10404680 D5=8441851E D6=8441851E D7=FFFF A0=3C0002 A1=103100 A2=DBE48 A3=108F54 A4=40D4338 A5=108000 A6=109058 PC=477C -- 00477C: cmpi.b  #-$1, ($69,A1)
D0=FFFFFFFF D1=7 D2=0 D3=FFFF D4=10404680 D5=8441851E D6=8441851E D7=FFFF A0=3C0002 A1=103100 A2=DBE48 A3=108F54 A4=40D4338 A5=108000 A6=109058 PC=4782 -- 004782: beq     $47b4
D0=FFFFFFFF D1=7 D2=0 D3=FFFF D4=10404680 D5=8441851E D6=8441851E D7=FFFF A0=3C0002 A1=103100 A2=DBE48 A3=108F54 A4=40D4338 A5=108000 A6=109058 PC=47B4 -- 0047B4: move.b  D0, ($78f,A5)
D0=FFFFFFFF D1=7 D2=0 D3=FFFF D4=10404680 D5=8441851E D6=8441851E D7=FFFF A0=3C0002 A1=103100 A2=DBE48 A3=108F54 A4=40D4338 A5=108000 A6=109058 PC=47B8 -- 0047B8: move.b  D1, ($78e,A5)
D0=FFFFFFFF D1=7 D2=0 D3=FFFF D4=10404680 D5=8441851E D6=8441851E D7=FFFF A0=3C0002 A1=103100 A2=DBE48 A3=108F54 A4=40D4338 A5=108000 A6=109058 PC=47BC -- 0047BC: move.w  (A7)+, D0
D0=FFFFDB80 D1=7 D2=0 D3=FFFF D4=10404680 D5=8441851E D6=8441851E D7=FFFF A0=3C0002 A1=103100 A2=DBE48 A3=108F54 A4=40D4338 A5=108000 A6=109058 PC=47BE -- 0047BE: rts
D0=FFFFDB80 D1=7 D2=0 D3=FFFF D4=10404680 D5=8441851E D6=8441851E D7=FFFF A0=3C0002 A1=103100 A2=DBE48 A3=108F54 A4=40D4338 A5=108000 A6=109058 PC=4100 -- 004100: add.b   ($78e,A5), D0
D0=FFFFDB87 D1=7 D2=0 D3=FFFF D4=10404680 D5=8441851E D6=8441851E D7=FFFF A0=3C0002 A1=103100 A2=DBE48 A3=108F54 A4=40D4338 A5=108000 A6=109058 PC=4104 -- 004104: move.w  D0, (A3)+
D0=FFFFDB87 D1=7 D2=0 D3=FFFF D4=10404680 D5=8441851E D6=8441851E D7=FFFF A0=3C0002 A1=103100 A2=DBE48 A3=108F56 A4=40D4338 A5=108000 A6=109058 PC=4106 -- 004106: moveq   #$0, D0
D0=0 D1=7 D2=0 D3=FFFF D4=10404680 D5=8441851E D6=8441851E D7=FFFF A0=3C0002 A1=103100 A2=DBE48 A3=108F56 A4=40D4338 A5=108000 A6=109058 PC=4108 -- 004108: move.b  (A2), D0
D0=4 D1=7 D2=0 D3=FFFF D4=10404680 D5=8441851E D6=8441851E D7=FFFF A0=3C0002 A1=103100 A2=DBE48 A3=108F56 A4=40D4338 A5=108000 A6=109058 PC=410A -- 00410A: subq.b  #2, D0
D0=2 D1=7 D2=0 D3=FFFF D4=10404680 D5=8441851E D6=8441851E D7=FFFF A0=3C0002 A1=103100 A2=DBE48 A3=108F56 A4=40D4338 A5=108000 A6=109058 PC=410C -- 00410C: bmi     $4118
D0=2 D1=7 D2=0 D3=FFFF D4=10404680 D5=8441851E D6=8441851E D7=FFFF A0=3C0002 A1=103100 A2=DBE48 A3=108F56 A4=40D4338 A5=108000 A6=109058 PC=410E -- 00410E: move.w  #$40, D1
D0=2 D1=40 D2=0 D3=FFFF D4=10404680 D5=8441851E D6=8441851E D7=FFFF A0=3C0002 A1=103100 A2=DBE48 A3=108F56 A4=40D4338 A5=108000 A6=109058 PC=4112 -- 004112: move.w  D1, (A3)+
D0=2 D1=40 D2=0 D3=FFFF D4=10404680 D5=8441851E D6=8441851E D7=FFFF A0=3C0002 A1=103100 A2=DBE48 A3=108F58 A4=40D4338 A5=108000 A6=109058 PC=4114 -- 004114: dbra    D0, $4112
D0=1 D1=40 D2=0 D3=FFFF D4=10404680 D5=8441851E D6=8441851E D7=FFFF A0=3C0002 A1=103100 A2=DBE48 A3=108F58 A4=40D4338 A5=108000 A6=109058 PC=4112 -- 004112: move.w  D1, (A3)+
D0=1 D1=40 D2=0 D3=FFFF D4=10404680 D5=8441851E D6=8441851E D7=FFFF A0=3C0002 A1=103100 A2=DBE48 A3=108F5A A4=40D4338 A5=108000 A6=109058 PC=4114 -- 004114: dbra    D0, $4112

   (loops for 2 instructions)

D0=FFFF D1=40 D2=0 D3=FFFF D4=10404680 D5=8441851E D6=8441851E D7=FFFF A0=3C0002 A1=103100 A2=DBE48 A3=108F5C A4=40D4338 A5=108000 A6=109058 PC=4118 -- 004118: move.w  #$1, ($2,A0)
D0=FFFF D1=40 D2=0 D3=FFFF D4=10404680 D5=8441851E D6=8441851E D7=FFFF A0=3C0002 A1=103100 A2=DBE48 A3=108F5C A4=40D4338 A5=108000 A6=109058 PC=411E -- 00411E: move.w  D5, (-$2,A0)
D0=FFFF D1=40 D2=0 D3=FFFF D4=10404680 D5=8441851E D6=8441851E D7=FFFF A0=3C0002 A1=103100 A2=DBE48 A3=108F5C A4=40D4338 A5=108000 A6=109058 PC=4122 -- 004122: moveq   #$0, D1
D0=FFFF D1=0 D2=0 D3=FFFF D4=10404680 D5=8441851E D6=8441851E D7=FFFF A0=3C0002 A1=103100 A2=DBE48 A3=108F5C A4=40D4338 A5=108000 A6=109058 PC=4124 -- 004124: move.b  ($68,A1), D0
D0=FFFF D1=0 D2=0 D3=FFFF D4=10404680 D5=8441851E D6=8441851E D7=FFFF A0=3C0002 A1=103100 A2=DBE48 A3=108F5C A4=40D4338 A5=108000 A6=109058 PC=4128 -- 004128: move.b  D0, D1
D0=FFFF D1=FF D2=0 D3=FFFF D4=10404680 D5=8441851E D6=8441851E D7=FFFF A0=3C0002 A1=103100 A2=DBE48 A3=108F5C A4=40D4338 A5=108000 A6=109058 PC=412A -- 00412A: andi.w  #$f, D0
D0=F D1=FF D2=0 D3=FFFF D4=10404680 D5=8441851E D6=8441851E D7=FFFF A0=3C0002 A1=103100 A2=DBE48 A3=108F5C A4=40D4338 A5=108000 A6=109058 PC=412E -- 00412E: lsr.b   #4, D1
D0=F D1=F D2=0 D3=FFFF D4=10404680 D5=8441851E D6=8441851E D7=FFFF A0=3C0002 A1=103100 A2=DBE48 A3=108F5C A4=40D4338 A5=108000 A6=109058 PC=4130 -- 004130: tst.b   D1
D0=F D1=F D2=0 D3=FFFF D4=10404680 D5=8441851E D6=8441851E D7=FFFF A0=3C0002 A1=103100 A2=DBE48 A3=108F5C A4=40D4338 A5=108000 A6=109058 PC=4132 -- 004132: beq     $4164
D0=F D1=F D2=0 D3=FFFF D4=10404680 D5=8441851E D6=8441851E D7=FFFF A0=3C0002 A1=103100 A2=DBE48 A3=108F5C A4=40D4338 A5=108000 A6=109058 PC=4134 -- 004134: lea     $4f9d2.l, A6
D0=F D1=F D2=0 D3=FFFF D4=10404680 D5=8441851E D6=8441851E D7=FFFF A0=3C0002 A1=103100 A2=DBE48 A3=108F5C A4=40D4338 A5=108000 A6=4F9D2 PC=413A -- 00413A: lsl.w   #5, D0
D0=1E0 D1=F D2=0 D3=FFFF D4=10404680 D5=8441851E D6=8441851E D7=FFFF A0=3C0002 A1=103100 A2=DBE48 A3=108F5C A4=40D4338 A5=108000 A6=4F9D2 PC=413C -- 00413C: adda.w  D0, A6
D0=1E0 D1=F D2=0 D3=FFFF D4=10404680 D5=8441851E D6=8441851E D7=FFFF A0=3C0002 A1=103100 A2=DBE48 A3=108F5C A4=40D4338 A5=108000 A6=4FBB2 PC=413E -- 00413E: moveq   #$f, D0
D0=F D1=F D2=0 D3=FFFF D4=10404680 D5=8441851E D6=8441851E D7=FFFF A0=3C0002 A1=103100 A2=DBE48 A3=108F5C A4=40D4338 A5=108000 A6=4FBB2 PC=4140 -- 004140: moveq   #$0, D2
D0=F D1=F D2=0 D3=FFFF D4=10404680 D5=8441851E D6=8441851E D7=FFFF A0=3C0002 A1=103100 A2=DBE48 A3=108F5C A4=40D4338 A5=108000 A6=4FBB2 PC=4142 -- 004142: move.b  (A2), D2
D0=F D1=F D2=4 D3=FFFF D4=10404680 D5=8441851E D6=8441851E D7=FFFF A0=3C0002 A1=103100 A2=DBE48 A3=108F5C A4=40D4338 A5=108000 A6=4FBB2 PC=4144 -- 004144: lsr.w   #1, D2
D0=F D1=F D2=2 D3=FFFF D4=10404680 D5=8441851E D6=8441851E D7=FFFF A0=3C0002 A1=103100 A2=DBE48 A3=108F5C A4=40D4338 A5=108000 A6=4FBB2 PC=4146 -- 004146: sub.w   D2, D0
D0=D D1=F D2=2 D3=FFFF D4=10404680 D5=8441851E D6=8441851E D7=FFFF A0=3C0002 A1=103100 A2=DBE48 A3=108F5C A4=40D4338 A5=108000 A6=4FBB2 PC=4148 -- 004148: adda.l  D0, A6
D0=D D1=F D2=2 D3=FFFF D4=10404680 D5=8441851E D6=8441851E D7=FFFF A0=3C0002 A1=103100 A2=DBE48 A3=108F5C A4=40D4338 A5=108000 A6=4FBBF PC=414A -- 00414A: move.b  (A2), D0
D0=4 D1=F D2=2 D3=FFFF D4=10404680 D5=8441851E D6=8441851E D7=FFFF A0=3C0002 A1=103100 A2=DBE48 A3=108F5C A4=40D4338 A5=108000 A6=4FBBF PC=414C -- 00414C: add.w   D0, D5
D0=4 D1=F D2=2 D3=FFFF D4=10404680 D5=8441851E D6=8441851E D7=FFFF A0=3C0002 A1=103100 A2=DBE48 A3=108F5C A4=40D4338 A5=108000 A6=4FBBF PC=414E -- 00414E: subq.b  #1, D0
D0=3 D1=F D2=2 D3=FFFF D4=10404680 D5=8441851E D6=8441851E D7=FFFF A0=3C0002 A1=103100 A2=DBE48 A3=108F5C A4=40D4338 A5=108000 A6=4FBBF PC=4150 -- 004150: move.b  D1, D2
D0=3 D1=F D2=F D3=FFFF D4=10404680 D5=8441851E D6=8441851E D7=FFFF A0=3C0002 A1=103100 A2=DBE48 A3=108F5C A4=40D4338 A5=108000 A6=4FBBF PC=4152 -- 004152: sub.b   (A6)+, D2
D0=3 D1=F D2=F D3=FFFF D4=10404680 D5=8441851E D6=8441851E D7=FFFF A0=3C0002 A1=103100 A2=DBE48 A3=108F5C A4=40D4338 A5=108000 A6=4FBC0 PC=4154 -- 004154: lsl.w   #8, D2
D0=3 D1=F D2=F00 D3=FFFF D4=10404680 D5=8441851E D6=8441851E D7=FFFF A0=3C0002 A1=103100 A2=DBE48 A3=108F5C A4=40D4338 A5=108000 A6=4FBC0 PC=4156 -- 004156: move.b  ($69,A1), D2
D0=3 D1=F D2=FFF D3=FFFF D4=10404680 D5=8441851E D6=8441851E D7=FFFF A0=3C0002 A1=103100 A2=DBE48 A3=108F5C A4=40D4338 A5=108000 A6=4FBC0 PC=415A -- 00415A: move.w  D2, (A0)
D0=3 D1=F D2=FFF D3=FFFF D4=10404680 D5=8441851E D6=8441851E D7=FFFF A0=3C0002 A1=103100 A2=DBE48 A3=108F5C A4=40D4338 A5=108000 A6=4FBC0 PC=415C -- 00415C: dbra    D0, $4150
D0=2 D1=F D2=FFF D3=FFFF D4=10404680 D5=8441851E D6=8441851E D7=FFFF A0=3C0002 A1=103100 A2=DBE48 A3=108F5C A4=40D4338 A5=108000 A6=4FBC0 PC=4150 -- 004150: move.b  D1, D2
D0=2 D1=F D2=F0F D3=FFFF D4=10404680 D5=8441851E D6=8441851E D7=FFFF A0=3C0002 A1=103100 A2=DBE48 A3=108F5C A4=40D4338 A5=108000 A6=4FBC0 PC=4152 -- 004152: sub.b   (A6)+, D2
D0=2 D1=F D2=F0F D3=FFFF D4=10404680 D5=8441851E D6=8441851E D7=FFFF A0=3C0002 A1=103100 A2=DBE48 A3=108F5C A4=40D4338 A5=108000 A6=4FBC1 PC=4154 -- 004154: lsl.w   #8, D2
D0=2 D1=F D2=F00 D3=FFFF D4=10404680 D5=8441851E D6=8441851E D7=FFFF A0=3C0002 A1=103100 A2=DBE48 A3=108F5C A4=40D4338 A5=108000 A6=4FBC1 PC=4156 -- 004156: move.b  ($69,A1), D2
D0=2 D1=F D2=FFF D3=FFFF D4=10404680 D5=8441851E D6=8441851E D7=FFFF A0=3C0002 A1=103100 A2=DBE48 A3=108F5C A4=40D4338 A5=108000 A6=4FBC1 PC=415A -- 00415A: move.w  D2, (A0)
D0=2 D1=F D2=FFF D3=FFFF D4=10404680 D5=8441851E D6=8441851E D7=FFFF A0=3C0002 A1=103100 A2=DBE48 A3=108F5C A4=40D4338 A5=108000 A6=4FBC1 PC=415C -- 00415C: dbra    D0, $4150

   (loops for 12 instructions)

D0=FFFF D1=F D2=FFF D3=FFFF D4=10404680 D5=8441851E D6=8441851E D7=FFFF A0=3C0002 A1=103100 A2=DBE48 A3=108F5C A4=40D4338 A5=108000 A6=4FBC3 PC=4160 -- 004160: bra     $4178
D0=FFFF D1=F D2=FFF D3=FFFF D4=10404680 D5=8441851E D6=8441851E D7=FFFF A0=3C0002 A1=103100 A2=DBE48 A3=108F5C A4=40D4338 A5=108000 A6=4FBC3 PC=4178 -- 004178: move.b  ($2,A2), D0
D0=FF10 D1=F D2=FFF D3=FFFF D4=10404680 D5=8441851E D6=8441851E D7=FFFF A0=3C0002 A1=103100 A2=DBE48 A3=108F5C A4=40D4338 A5=108000 A6=4FBC3 PC=417C -- 00417C: tst.b   ($80,A1)
D0=FF10 D1=F D2=FFF D3=FFFF D4=10404680 D5=8441851E D6=8441851E D7=FFFF A0=3C0002 A1=103100 A2=DBE48 A3=108F5C A4=40D4338 A5=108000 A6=4FBC3 PC=4180 -- 004180: beq     $4188
D0=FF10 D1=F D2=FFF D3=FFFF D4=10404680 D5=8441851E D6=8441851E D7=FFFF A0=3C0002 A1=103100 A2=DBE48 A3=108F5C A4=40D4338 A5=108000 A6=4FBC3 PC=4188 -- 004188: add.b   ($30,A1), D0
D0=FF48 D1=F D2=FFF D3=FFFF D4=10404680 D5=8441851E D6=8441851E D7=FFFF A0=3C0002 A1=103100 A2=DBE48 A3=108F5C A4=40D4338 A5=108000 A6=4FBC3 PC=418C -- 00418C: lsl.w   #8, D0
D0=4800 D1=F D2=FFF D3=FFFF D4=10404680 D5=8441851E D6=8441851E D7=FFFF A0=3C0002 A1=103100 A2=DBE48 A3=108F5C A4=40D4338 A5=108000 A6=4FBC3 PC=418E -- 00418E: tst.b   ($3,A2)
D0=4800 D1=F D2=FFF D3=FFFF D4=10404680 D5=8441851E D6=8441851E D7=FFFF A0=3C0002 A1=103100 A2=DBE48 A3=108F5C A4=40D4338 A5=108000 A6=4FBC3 PC=4192 -- 004192: beq     $4198
D0=4800 D1=F D2=FFF D3=FFFF D4=10404680 D5=8441851E D6=8441851E D7=FFFF A0=3C0002 A1=103100 A2=DBE48 A3=108F5C A4=40D4338 A5=108000 A6=4FBC3 PC=4198 -- 004198: move.w  ($4,A2), D1
D0=4800 D1=8D8D D2=FFF D3=FFFF D4=10404680 D5=8441851E D6=8441851E D7=FFFF A0=3C0002 A1=103100 A2=DBE48 A3=108F5C A4=40D4338 A5=108000 A6=4FBC3 PC=419C -- 00419C: moveq   #$0, D3
D0=4800 D1=8D8D D2=FFF D3=0 D4=10404680 D5=8441851E D6=8441851E D7=FFFF A0=3C0002 A1=103100 A2=DBE48 A3=108F5C A4=40D4338 A5=108000 A6=4FBC3 PC=419E -- 00419E: move.b  (A2), D3
D0=4800 D1=8D8D D2=FFF D3=4 D4=10404680 D5=8441851E D6=8441851E D7=FFFF A0=3C0002 A1=103100 A2=DBE48 A3=108F5C A4=40D4338 A5=108000 A6=4FBC3 PC=41A0 -- 0041A0: subq.b  #1, D3
D0=4800 D1=8D8D D2=FFF D3=3 D4=10404680 D5=8441851E D6=8441851E D7=FFFF A0=3C0002 A1=103100 A2=DBE48 A3=108F5C A4=40D4338 A5=108000 A6=4FBC3 PC=41A2 -- 0041A2: move.w  ($790,A5), D7
D0=4800 D1=8D8D D2=FFF D3=3 D4=10404680 D5=8441851E D6=8441851E D7=0 A0=3C0002 A1=103100 A2=DBE48 A3=108F5C A4=40D4338 A5=108000 A6=4FBC3 PC=41A6 -- 0041A6: add.w   D7, D7
D0=4800 D1=8D8D D2=FFF D3=3 D4=10404680 D5=8441851E D6=8441851E D7=0 A0=3C0002 A1=103100 A2=DBE48 A3=108F5C A4=40D4338 A5=108000 A6=4FBC3 PC=41A8 -- 0041A8: add.w   D7, D7
D0=4800 D1=8D8D D2=FFF D3=3 D4=10404680 D5=8441851E D6=8441851E D7=0 A0=3C0002 A1=103100 A2=DBE48 A3=108F5C A4=40D4338 A5=108000 A6=4FBC3 PC=41AA -- 0041AA: movea.l ($4,PC,D7.w), A6
D0=4800 D1=8D8D D2=FFF D3=3 D4=10404680 D5=8441851E D6=8441851E D7=0 A0=3C0002 A1=103100 A2=DBE48 A3=108F5C A4=40D4338 A5=108000 A6=428C PC=41AE -- 0041AE: jmp     (A6)
D0=4800 D1=8D8D D2=FFF D3=3 D4=10404680 D5=8441851E D6=8441851E D7=0 A0=3C0002 A1=103100 A2=DBE48 A3=108F5C A4=40D4338 A5=108000 A6=428C PC=428C -- 00428C: lea     ($6,A2), A6
D0=4800 D1=8D8D D2=FFF D3=3 D4=10404680 D5=8441851E D6=8441851E D7=0 A0=3C0002 A1=103100 A2=DBE48 A3=108F5C A4=40D4338 A5=108000 A6=DBE4E PC=4290 -- 004290: move.w  #$1, ($2,A0)
D0=4800 D1=8D8D D2=FFF D3=3 D4=10404680 D5=8441851E D6=8441851E D7=0 A0=3C0002 A1=103100 A2=DBE48 A3=108F5C A4=40D4338 A5=108000 A6=DBE4E PC=4296 -- 004296: moveq   #$0, D7
D0=4800 D1=8D8D D2=FFF D3=3 D4=10404680 D5=8441851E D6=8441851E D7=0 A0=3C0002 A1=103100 A2=DBE48 A3=108F5C A4=40D4338 A5=108000 A6=DBE4E PC=4298 -- 004298: move.b  ($1,A2), D7
D0=4800 D1=8D8D D2=FFF D3=3 D4=10404680 D5=8441851E D6=8441851E D7=7 A0=3C0002 A1=103100 A2=DBE48 A3=108F5C A4=40D4338 A5=108000 A6=DBE4E PC=429C -- 00429C: subq.b  #1, D7
D0=4800 D1=8D8D D2=FFF D3=3 D4=10404680 D5=8441851E D6=8441851E D7=6 A0=3C0002 A1=103100 A2=DBE48 A3=108F5C A4=40D4338 A5=108000 A6=DBE4E PC=429E -- 00429E: move.w  (A6)+, D2
D0=4800 D1=8D8D D2=200 D3=3 D4=10404680 D5=8441851E D6=8441851E D7=6 A0=3C0002 A1=103100 A2=DBE48 A3=108F5C A4=40D4338 A5=108000 A6=DBE50 PC=42A0 -- 0042A0: move.w  D4, (-$2,A0)
D0=4800 D1=8D8D D2=200 D3=3 D4=10404680 D5=8441851E D6=8441851E D7=6 A0=3C0002 A1=103100 A2=DBE48 A3=108F5C A4=40D4338 A5=108000 A6=DBE50 PC=42A4 -- 0042A4: add.w   D2, D2
D0=4800 D1=8D8D D2=400 D3=3 D4=10404680 D5=8441851E D6=8441851E D7=6 A0=3C0002 A1=103100 A2=DBE48 A3=108F5C A4=40D4338 A5=108000 A6=DBE50 PC=42A6 -- 0042A6: bcc     $42b8
D0=4800 D1=8D8D D2=400 D3=3 D4=10404680 D5=8441851E D6=8441851E D7=6 A0=3C0002 A1=103100 A2=DBE48 A3=108F5C A4=40D4338 A5=108000 A6=DBE50 PC=42B8 -- 0042B8: move.w  #$0, (A0)
D0=4800 D1=8D8D D2=400 D3=3 D4=10404680 D5=8441851E D6=8441851E D7=6 A0=3C0002 A1=103100 A2=DBE48 A3=108F5C A4=40D4338 A5=108000 A6=DBE50 PC=42BC -- 0042BC: move.w  #$0, (A0)
D0=4800 D1=8D8D D2=400 D3=3 D4=10404680 D5=8441851E D6=8441851E D7=6 A0=3C0002 A1=103100 A2=DBE48 A3=108F5C A4=40D4338 A5=108000 A6=DBE50 PC=42C0 -- 0042C0: dbra    D7, $42a4
D0=4800 D1=8D8D D2=400 D3=3 D4=10404680 D5=8441851E D6=8441851E D7=5 A0=3C0002 A1=103100 A2=DBE48 A3=108F5C A4=40D4338 A5=108000 A6=DBE50 PC=42A4 -- 0042A4: add.w   D2, D2
D0=4800 D1=8D8D D2=800 D3=3 D4=10404680 D5=8441851E D6=8441851E D7=5 A0=3C0002 A1=103100 A2=DBE48 A3=108F5C A4=40D4338 A5=108000 A6=DBE50 PC=42A6 -- 0042A6: bcc     $42b8
D0=4800 D1=8D8D D2=800 D3=3 D4=10404680 D5=8441851E D6=8441851E D7=5 A0=3C0002 A1=103100 A2=DBE48 A3=108F5C A4=40D4338 A5=108000 A6=DBE50 PC=42B8 -- 0042B8: move.w  #$0, (A0)
D0=4800 D1=8D8D D2=800 D3=3 D4=10404680 D5=8441851E D6=8441851E D7=5 A0=3C0002 A1=103100 A2=DBE48 A3=108F5C A4=40D4338 A5=108000 A6=DBE50 PC=42BC -- 0042BC: move.w  #$0, (A0)
D0=4800 D1=8D8D D2=800 D3=3 D4=10404680 D5=8441851E D6=8441851E D7=5 A0=3C0002 A1=103100 A2=DBE48 A3=108F5C A4=40D4338 A5=108000 A6=DBE50 PC=42C0 -- 0042C0: dbra    D7, $42a4

   (loops for 22 instructions)

D0=4800 D1=8D8D D2=0 D3=3 D4=10404680 D5=8441851E D6=8441851E D7=0 A0=3C0002 A1=103100 A2=DBE48 A3=108F5C A4=40D4338 A5=108000 A6=DBE50 PC=42A8 -- 0042A8: move.w  D1, (A0)
D0=4800 D1=8D8D D2=0 D3=3 D4=10404680 D5=8441851E D6=8441851E D7=0 A0=3C0002 A1=103100 A2=DBE48 A3=108F5C A4=40D4338 A5=108000 A6=DBE50 PC=42AA -- 0042AA: nop
D0=4800 D1=8D8D D2=0 D3=3 D4=10404680 D5=8441851E D6=8441851E D7=0 A0=3C0002 A1=103100 A2=DBE48 A3=108F5C A4=40D4338 A5=108000 A6=DBE50 PC=42AC -- 0042AC: move.w  D0, (A0)
D0=4800 D1=8D8D D2=0 D3=3 D4=10404680 D5=8441851E D6=8441851E D7=0 A0=3C0002 A1=103100 A2=DBE48 A3=108F5C A4=40D4338 A5=108000 A6=DBE50 PC=42AE -- 0042AE: addq.w  #1, D1
D0=4800 D1=8D8E D2=0 D3=3 D4=10404680 D5=8441851E D6=8441851E D7=0 A0=3C0002 A1=103100 A2=DBE48 A3=108F5C A4=40D4338 A5=108000 A6=DBE50 PC=42B0 -- 0042B0: bcc     $42c0

   (loops for 1 instructions)

D0=4800 D1=8D8E D2=0 D3=3 D4=10404680 D5=8441851E D6=8441851E D7=FFFF A0=3C0002 A1=103100 A2=DBE48 A3=108F5C A4=40D4338 A5=108000 A6=DBE50 PC=42C4 -- 0042C4: bsr     $47c0
D0=4800 D1=8D8E D2=0 D3=3 D4=10404680 D5=8441851E D6=8441851E D7=FFFF A0=3C0002 A1=103100 A2=DBE48 A3=108F5C A4=40D4338 A5=108000 A6=DBE50 PC=47C0 -- 0047C0: tst.b   ($78f,A5)
D0=4800 D1=8D8E D2=0 D3=3 D4=10404680 D5=8441851E D6=8441851E D7=FFFF A0=3C0002 A1=103100 A2=DBE48 A3=108F5C A4=40D4338 A5=108000 A6=DBE50 PC=47C4 -- 0047C4: bpl     $47c8
D0=4800 D1=8D8E D2=0 D3=3 D4=10404680 D5=8441851E D6=8441851E D7=FFFF A0=3C0002 A1=103100 A2=DBE48 A3=108F5C A4=40D4338 A5=108000 A6=DBE50 PC=47C6 -- 0047C6: rts
D0=4800 D1=8D8E D2=0 D3=3 D4=10404680 D5=8441851E D6=8441851E D7=FFFF A0=3C0002 A1=103100 A2=DBE48 A3=108F5C A4=40D4338 A5=108000 A6=DBE50 PC=42C8 -- 0042C8: addi.w  #$40, D4
D0=4800 D1=8D8E D2=0 D3=3 D4=104046C0 D5=8441851E D6=8441851E D7=FFFF A0=3C0002 A1=103100 A2=DBE48 A3=108F5C A4=40D4338 A5=108000 A6=DBE50 PC=42CC -- 0042CC: dbra    D3, $4296
D0=4800 D1=8D8E D2=0 D3=2 D4=104046C0 D5=8441851E D6=8441851E D7=FFFF A0=3C0002 A1=103100 A2=DBE48 A3=108F5C A4=40D4338 A5=108000 A6=DBE50 PC=4296 -- 004296: moveq   #$0, D7
D0=4800 D1=8D8E D2=0 D3=2 D4=104046C0 D5=8441851E D6=8441851E D7=0 A0=3C0002 A1=103100 A2=DBE48 A3=108F5C A4=40D4338 A5=108000 A6=DBE50 PC=4298 -- 004298: move.b  ($1,A2), D7
D0=4800 D1=8D8E D2=0 D3=2 D4=104046C0 D5=8441851E D6=8441851E D7=7 A0=3C0002 A1=103100 A2=DBE48 A3=108F5C A4=40D4338 A5=108000 A6=DBE50 PC=429C -- 00429C: subq.b  #1, D7
D0=4800 D1=8D8E D2=0 D3=2 D4=104046C0 D5=8441851E D6=8441851E D7=6 A0=3C0002 A1=103100 A2=DBE48 A3=108F5C A4=40D4338 A5=108000 A6=DBE50 PC=429E -- 00429E: move.w  (A6)+, D2
D0=4800 D1=8D8E D2=7E00 D3=2 D4=104046C0 D5=8441851E D6=8441851E D7=6 A0=3C0002 A1=103100 A2=DBE48 A3=108F5C A4=40D4338 A5=108000 A6=DBE52 PC=42A0 -- 0042A0: move.w  D4, (-$2,A0)

   (loops for 7 instructions)

D0=4800 D1=8D8E D2=F800 D3=2 D4=104046C0 D5=8441851E D6=8441851E D7=5 A0=3C0002 A1=103100 A2=DBE48 A3=108F5C A4=40D4338 A5=108000 A6=DBE52 PC=42A8 -- 0042A8: move.w  D1, (A0)
D0=4800 D1=8D8E D2=F800 D3=2 D4=104046C0 D5=8441851E D6=8441851E D7=5 A0=3C0002 A1=103100 A2=DBE48 A3=108F5C A4=40D4338 A5=108000 A6=DBE52 PC=42AA -- 0042AA: nop
D0=4800 D1=8D8E D2=F800 D3=2 D4=104046C0 D5=8441851E D6=8441851E D7=5 A0=3C0002 A1=103100 A2=DBE48 A3=108F5C A4=40D4338 A5=108000 A6=DBE52 PC=42AC -- 0042AC: move.w  D0, (A0)
D0=4800 D1=8D8E D2=F800 D3=2 D4=104046C0 D5=8441851E D6=8441851E D7=5 A0=3C0002 A1=103100 A2=DBE48 A3=108F5C A4=40D4338 A5=108000 A6=DBE52 PC=42AE -- 0042AE: addq.w  #1, D1
D0=4800 D1=8D8F D2=F800 D3=2 D4=104046C0 D5=8441851E D6=8441851E D7=5 A0=3C0002 A1=103100 A2=DBE48 A3=108F5C A4=40D4338 A5=108000 A6=DBE52 PC=42B0 -- 0042B0: bcc     $42c0

   (loops for 41 instructions)

D0=4800 D1=8D94 D2=0 D3=2 D4=104046C0 D5=8441851E D6=8441851E D7=FFFF A0=3C0002 A1=103100 A2=DBE48 A3=108F5C A4=40D4338 A5=108000 A6=DBE52 PC=42C4 -- 0042C4: bsr     $47c0
D0=4800 D1=8D94 D2=0 D3=2 D4=104046C0 D5=8441851E D6=8441851E D7=FFFF A0=3C0002 A1=103100 A2=DBE48 A3=108F5C A4=40D4338 A5=108000 A6=DBE52 PC=47C0 -- 0047C0: tst.b   ($78f,A5)
D0=4800 D1=8D94 D2=0 D3=2 D4=104046C0 D5=8441851E D6=8441851E D7=FFFF A0=3C0002 A1=103100 A2=DBE48 A3=108F5C A4=40D4338 A5=108000 A6=DBE52 PC=47C4 -- 0047C4: bpl     $47c8
D0=4800 D1=8D94 D2=0 D3=2 D4=104046C0 D5=8441851E D6=8441851E D7=FFFF A0=3C0002 A1=103100 A2=DBE48 A3=108F5C A4=40D4338 A5=108000 A6=DBE52 PC=47C6 -- 0047C6: rts
D0=4800 D1=8D94 D2=0 D3=2 D4=104046C0 D5=8441851E D6=8441851E D7=FFFF A0=3C0002 A1=103100 A2=DBE48 A3=108F5C A4=40D4338 A5=108000 A6=DBE52 PC=42C8 -- 0042C8: addi.w  #$40, D4
D0=4800 D1=8D94 D2=0 D3=2 D4=10404700 D5=8441851E D6=8441851E D7=FFFF A0=3C0002 A1=103100 A2=DBE48 A3=108F5C A4=40D4338 A5=108000 A6=DBE52 PC=42CC -- 0042CC: dbra    D3, $4296

   (loops for 131 instructions)

D0=4800 D1=8DA1 D2=0 D3=FFFF D4=10404780 D5=8441851E D6=8441851E D7=FFFF A0=3C0002 A1=103100 A2=DBE48 A3=108F5C A4=40D4338 A5=108000 A6=DBE56 PC=42D0 -- 0042D0: rts
D0=4800 D1=8DA1 D2=0 D3=FFFF D4=10404780 D5=8441851E D6=8441851E D7=FFFF A0=3C0002 A1=103100 A2=DBE48 A3=108F5C A4=40D4338 A5=108000 A6=DBE56 PC=4016 -- 004016: bra     $401c
D0=4800 D1=8DA1 D2=0 D3=FFFF D4=10404780 D5=8441851E D6=8441851E D7=FFFF A0=3C0002 A1=103100 A2=DBE48 A3=108F5C A4=40D4338 A5=108000 A6=DBE56 PC=401C -- 00401C: movea.l (A7)+, A6
D0=4800 D1=8DA1 D2=0 D3=FFFF D4=10404780 D5=8441851E D6=8441851E D7=FFFF A0=3C0002 A1=103100 A2=DBE48 A3=108F5C A4=40D4338 A5=108000 A6=108E3C PC=401E -- 00401E: btst    #$5, ($4,A4)
D0=4800 D1=8DA1 D2=0 D3=FFFF D4=10404780 D5=8441851E D6=8441851E D7=FFFF A0=3C0002 A1=103100 A2=DBE48 A3=108F5C A4=40D4338 A5=108000 A6=108E3C PC=4024 -- 004024: beq     $4056
D0=4800 D1=8DA1 D2=0 D3=FFFF D4=10404780 D5=8441851E D6=8441851E D7=FFFF A0=3C0002 A1=103100 A2=DBE48 A3=108F5C A4=40D4338 A5=108000 A6=108E3C PC=4056 -- 004056: tst.b   ($7c,A1)
D0=4800 D1=8DA1 D2=0 D3=FFFF D4=10404780 D5=8441851E D6=8441851E D7=FFFF A0=3C0002 A1=103100 A2=DBE48 A3=108F5C A4=40D4338 A5=108000 A6=108E3C PC=405A -- 00405A: bpl     $4064
D0=4800 D1=8DA1 D2=0 D3=FFFF D4=10404780 D5=8441851E D6=8441851E D7=FFFF A0=3C0002 A1=103100 A2=DBE48 A3=108F5C A4=40D4338 A5=108000 A6=108E3C PC=4064 -- 004064: movea.l (A7)+, A0
D0=4800 D1=8DA1 D2=0 D3=FFFF D4=10404780 D5=8441851E D6=8441851E D7=FFFF A0=108914 A1=103100 A2=DBE48 A3=108F5C A4=40D4338 A5=108000 A6=108E3C PC=4066 -- 004066: subq.w  #1, ($e3a,A5)
D0=4800 D1=8DA1 D2=0 D3=FFFF D4=10404780 D5=8441851E D6=8441851E D7=FFFF A0=108914 A1=103100 A2=DBE48 A3=108F5C A4=40D4338 A5=108000 A6=108E3C PC=406A -- 00406A: bne     $3f32
D0=4800 D1=8DA1 D2=0 D3=FFFF D4=10404780 D5=8441851E D6=8441851E D7=FFFF A0=108914 A1=103100 A2=DBE48 A3=108F5C A4=40D4338 A5=108000 A6=108E3C PC=3F32 -- 003F32: move.w  (A0)+, D0
D0=2D00 D1=8DA1 D2=0 D3=FFFF D4=10404780 D5=8441851E D6=8441851E D7=FFFF A0=108916 A1=103100 A2=DBE48 A3=108F5C A4=40D4338 A5=108000 A6=108E3C PC=3F34 -- 003F34: beq     $3f32
D0=2D00 D1=8DA1 D2=0 D3=FFFF D4=10404780 D5=8441851E D6=8441851E D7=FFFF A0=108916 A1=103100 A2=DBE48 A3=108F5C A4=40D4338 A5=108000 A6=108E3C PC=3F36 -- 003F36: clr.w   (-$2,A0)
D0=2D00 D1=8DA1 D2=0 D3=FFFF D4=10404780 D5=8441851E D6=8441851E D7=FFFF A0=108916 A1=103100 A2=DBE48 A3=108F5C A4=40D4338 A5=108000 A6=108E3C PC=3F3A -- 003F3A: move.l  A5, D1
D0=2D00 D1=108000 D2=0 D3=FFFF D4=10404780 D5=8441851E D6=8441851E D7=FFFF A0=108916 A1=103100 A2=DBE48 A3=108F5C A4=40D4338 A5=108000 A6=108E3C PC=3F3C -- 003F3C: move.w  D0, D1
D0=2D00 D1=102D00 D2=0 D3=FFFF D4=10404780 D5=8441851E D6=8441851E D7=FFFF A0=108916 A1=103100 A2=DBE48 A3=108F5C A4=40D4338 A5=108000 A6=108E3C PC=3F3E -- 003F3E: movea.l D1, A1
D0=2D00 D1=102D00 D2=0 D3=FFFF D4=10404780 D5=8441851E D6=8441851E D7=FFFF A0=108916 A1=102D00 A2=DBE48 A3=108F5C A4=40D4338 A5=108000 A6=108E3C PC=3F40 -- 003F40: movea.l ($28,A1), A2
D0=2D00 D1=102D00 D2=0 D3=FFFF D4=10404780 D5=8441851E D6=8441851E D7=FFFF A0=108916 A1=102D00 A2=D311E A3=108F5C A4=40D4338 A5=108000 A6=108E3C PC=3F44 -- 003F44: lea     $7bf48.l, A4
D0=2D00 D1=102D00 D2=0 D3=FFFF D4=10404780 D5=8441851E D6=8441851E D7=FFFF A0=108916 A1=102D00 A2=D311E A3=108F5C A4=7BF48 A5=108000 A6=108E3C PC=3F4A -- 003F4A: move.w  ($70,A1), D0
D0=11 D1=102D00 D2=0 D3=FFFF D4=10404780 D5=8441851E D6=8441851E D7=FFFF A0=108916 A1=102D00 A2=D311E A3=108F5C A4=7BF48 A5=108000 A6=108E3C PC=3F4E -- 003F4E: add.w   D0, D0
D0=22 D1=102D00 D2=0 D3=FFFF D4=10404780 D5=8441851E D6=8441851E D7=FFFF A0=108916 A1=102D00 A2=D311E A3=108F5C A4=7BF48 A5=108000 A6=108E3C PC=3F50 -- 003F50: add.w   D0, D0
D0=44 D1=102D00 D2=0 D3=FFFF D4=10404780 D5=8441851E D6=8441851E D7=FFFF A0=108916 A1=102D00 A2=D311E A3=108F5C A4=7BF48 A5=108000 A6=108E3C PC=3F52 -- 003F52: movea.l (A4,D0.w), A4
D0=44 D1=102D00 D2=0 D3=FFFF D4=10404780 D5=8441851E D6=8441851E D7=FFFF A0=108916 A1=102D00 A2=D311E A3=108F5C A4=7E1C0 A5=108000 A6=108E3C PC=3F56 -- 003F56: move.w  ($72,A1), D0
D0=0 D1=102D00 D2=0 D3=FFFF D4=10404780 D5=8441851E D6=8441851E D7=FFFF A0=108916 A1=102D00 A2=D311E A3=108F5C A4=7E1C0 A5=108000 A6=108E3C PC=3F5A -- 003F5A: add.w   D0, D0
D0=0 D1=102D00 D2=0 D3=FFFF D4=10404780 D5=8441851E D6=8441851E D7=FFFF A0=108916 A1=102D00 A2=D311E A3=108F5C A4=7E1C0 A5=108000 A6=108E3C PC=3F5C -- 003F5C: move.w  (A4,D0.w), ($46de,A5)
D0=0 D1=102D00 D2=0 D3=FFFF D4=10404780 D5=8441851E D6=8441851E D7=FFFF A0=108916 A1=102D00 A2=D311E A3=108F5C A4=7E1C0 A5=108000 A6=108E3C PC=3F62 -- 003F62: lea     $80000.l, A4
D0=0 D1=102D00 D2=0 D3=FFFF D4=10404780 D5=8441851E D6=8441851E D7=FFFF A0=108916 A1=102D00 A2=D311E A3=108F5C A4=80000 A5=108000 A6=108E3C PC=3F68 -- 003F68: move.w  ($70,A1), D0
D0=11 D1=102D00 D2=0 D3=FFFF D4=10404780 D5=8441851E D6=8441851E D7=FFFF A0=108916 A1=102D00 A2=D311E A3=108F5C A4=80000 A5=108000 A6=108E3C PC=3F6C -- 003F6C: add.w   D0, D0
D0=22 D1=102D00 D2=0 D3=FFFF D4=10404780 D5=8441851E D6=8441851E D7=FFFF A0=108916 A1=102D00 A2=D311E A3=108F5C A4=80000 A5=108000 A6=108E3C PC=3F6E -- 003F6E: add.w   D0, D0
D0=44 D1=102D00 D2=0 D3=FFFF D4=10404780 D5=8441851E D6=8441851E D7=FFFF A0=108916 A1=102D00 A2=D311E A3=108F5C A4=80000 A5=108000 A6=108E3C PC=3F70 -- 003F70: movea.l (A4,D0.w), A4
D0=44 D1=102D00 D2=0 D3=FFFF D4=10404780 D5=8441851E D6=8441851E D7=FFFF A0=108916 A1=102D00 A2=D311E A3=108F5C A4=84600 A5=108000 A6=108E3C PC=3F74 -- 003F74: move.w  ($46de,A5), D0
D0=0 D1=102D00 D2=0 D3=FFFF D4=10404780 D5=8441851E D6=8441851E D7=FFFF A0=108916 A1=102D00 A2=D311E A3=108F5C A4=84600 A5=108000 A6=108E3C PC=3F78 -- 003F78: tst.b   ($46e2,A5)
D0=0 D1=102D00 D2=0 D3=FFFF D4=10404780 D5=8441851E D6=8441851E D7=FFFF A0=108916 A1=102D00 A2=D311E A3=108F5C A4=84600 A5=108000 A6=108E3C PC=3F7C -- 003F7C: beq     $3f82
D0=0 D1=102D00 D2=0 D3=FFFF D4=10404780 D5=8441851E D6=8441851E D7=FFFF A0=108916 A1=102D00 A2=D311E A3=108F5C A4=84600 A5=108000 A6=108E3C PC=3F82 -- 003F82: andi.w  #$ff, D0
D0=0 D1=102D00 D2=0 D3=FFFF D4=10404780 D5=8441851E D6=8441851E D7=FFFF A0=108916 A1=102D00 A2=D311E A3=108F5C A4=84600 A5=108000 A6=108E3C PC=3F86 -- 003F86: add.w   D0, D0
D0=0 D1=102D00 D2=0 D3=FFFF D4=10404780 D5=8441851E D6=8441851E D7=FFFF A0=108916 A1=102D00 A2=D311E A3=108F5C A4=84600 A5=108000 A6=108E3C PC=3F88 -- 003F88: add.w   D0, D0
D0=0 D1=102D00 D2=0 D3=FFFF D4=10404780 D5=8441851E D6=8441851E D7=FFFF A0=108916 A1=102D00 A2=D311E A3=108F5C A4=84600 A5=108000 A6=108E3C PC=3F8A -- 003F8A: movea.l (A4,D0.w), A4
D0=0 D1=102D00 D2=0 D3=FFFF D4=10404780 D5=8441851E D6=8441851E D7=FFFF A0=108916 A1=102D00 A2=D311E A3=108F5C A4=CFCB2 A5=108000 A6=108E3C PC=3F8E -- 003F8E: move.w  ($74,A1), D0
D0=C D1=102D00 D2=0 D3=FFFF D4=10404780 D5=8441851E D6=8441851E D7=FFFF A0=108916 A1=102D00 A2=D311E A3=108F5C A4=CFCB2 A5=108000 A6=108E3C PC=3F92 -- 003F92: adda.w  D0, A4
D0=C D1=102D00 D2=0 D3=FFFF D4=10404780 D5=8441851E D6=8441851E D7=FFFF A0=108916 A1=102D00 A2=D311E A3=108F5C A4=CFCBE A5=108000 A6=108E3C PC=3F94 -- 003F94: move.l  (A4), D0
D0=50CBB86 D1=102D00 D2=0 D3=FFFF D4=10404780 D5=8441851E D6=8441851E D7=FFFF A0=108916 A1=102D00 A2=D311E A3=108F5C A4=CFCBE A5=108000 A6=108E3C PC=3F96 -- 003F96: movea.l D0, A4
D0=50CBB86 D1=102D00 D2=0 D3=FFFF D4=10404780 D5=8441851E D6=8441851E D7=FFFF A0=108916 A1=102D00 A2=D311E A3=108F5C A4=50CBB86 A5=108000 A6=108E3C PC=3F98 -- 003F98: move.l  A0, -(A7)
D0=50CBB86 D1=102D00 D2=0 D3=FFFF D4=10404780 D5=8441851E D6=8441851E D7=FFFF A0=108916 A1=102D00 A2=D311E A3=108F5C A4=50CBB86 A5=108000 A6=108E3C PC=3F9A -- 003F9A: lea     $3c0002.l, A0
D0=50CBB86 D1=102D00 D2=0 D3=FFFF D4=10404780 D5=8441851E D6=8441851E D7=FFFF A0=3C0002 A1=102D00 A2=D311E A3=108F5C A4=50CBB86 A5=108000 A6=108E3C PC=3FA0 -- 003FA0: tst.b   ($7c,A1)
D0=50CBB86 D1=102D00 D2=0 D3=FFFF D4=10404780 D5=8441851E D6=8441851E D7=FFFF A0=3C0002 A1=102D00 A2=D311E A3=108F5C A4=50CBB86 A5=108000 A6=108E3C PC=3FA4 -- 003FA4: bpl     $3fc0
D0=50CBB86 D1=102D00 D2=0 D3=FFFF D4=10404780 D5=8441851E D6=8441851E D7=FFFF A0=3C0002 A1=102D00 A2=D311E A3=108F5C A4=50CBB86 A5=108000 A6=108E3C PC=3FC0 -- 003FC0: moveq   #$0, D0
D0=0 D1=102D00 D2=0 D3=FFFF D4=10404780 D5=8441851E D6=8441851E D7=FFFF A0=3C0002 A1=102D00 A2=D311E A3=108F5C A4=50CBB86 A5=108000 A6=108E3C PC=3FC2 -- 003FC2: move.b  (A2), D0
D0=4 D1=102D00 D2=0 D3=FFFF D4=10404780 D5=8441851E D6=8441851E D7=FFFF A0=3C0002 A1=102D00 A2=D311E A3=108F5C A4=50CBB86 A5=108000 A6=108E3C PC=3FC4 -- 003FC4: sub.w   D0, ($794,A5)
D0=4 D1=102D00 D2=0 D3=FFFF D4=10404780 D5=8441851E D6=8441851E D7=FFFF A0=3C0002 A1=102D00 A2=D311E A3=108F5C A4=50CBB86 A5=108000 A6=108E3C PC=3FC8 -- 003FC8: bcc     $3fd2
D0=4 D1=102D00 D2=0 D3=FFFF D4=10404780 D5=8441851E D6=8441851E D7=FFFF A0=3C0002 A1=102D00 A2=D311E A3=108F5C A4=50CBB86 A5=108000 A6=108E3C PC=3FD2 -- 003FD2: move.l  A6, -(A7)
D0=4 D1=102D00 D2=0 D3=FFFF D4=10404780 D5=8441851E D6=8441851E D7=FFFF A0=3C0002 A1=102D00 A2=D311E A3=108F5C A4=50CBB86 A5=108000 A6=108E3C PC=3FD4 -- 003FD4: btst    #$6, ($7c,A1)
D0=4 D1=102D00 D2=0 D3=FFFF D4=10404780 D5=8441851E D6=8441851E D7=FFFF A0=3C0002 A1=102D00 A2=D311E A3=108F5C A4=50CBB86 A5=108000 A6=108E3C PC=3FDA -- 003FDA: bne     $400c
D0=4 D1=102D00 D2=0 D3=FFFF D4=10404780 D5=8441851E D6=8441851E D7=FFFF A0=3C0002 A1=102D00 A2=D311E A3=108F5C A4=50CBB86 A5=108000 A6=108E3C PC=3FDE -- 003FDE: moveq   #$0, D1
D0=4 D1=0 D2=0 D3=FFFF D4=10404780 D5=8441851E D6=8441851E D7=FFFF A0=3C0002 A1=102D00 A2=D311E A3=108F5C A4=50CBB86 A5=108000 A6=108E3C PC=3FE0 -- 003FE0: move.b  ($82,A1), D1
D0=4 D1=0 D2=0 D3=FFFF D4=10404780 D5=8441851E D6=8441851E D7=FFFF A0=3C0002 A1=102D00 A2=D311E A3=108F5C A4=50CBB86 A5=108000 A6=108E3C PC=3FE4 -- 003FE4: add.w   D1, D1
D0=4 D1=0 D2=0 D3=FFFF D4=10404780 D5=8441851E D6=8441851E D7=FFFF A0=3C0002 A1=102D00 A2=D311E A3=108F5C A4=50CBB86 A5=108000 A6=108E3C PC=3FE6 -- 003FE6: add.w   D1, D1
D0=4 D1=0 D2=0 D3=FFFF D4=10404780 D5=8441851E D6=8441851E D7=FFFF A0=3C0002 A1=102D00 A2=D311E A3=108F5C A4=50CBB86 A5=108000 A6=108E3C PC=3FE8 -- 003FE8: move.w  ($18,A1), D0
D0=68 D1=0 D2=0 D3=FFFF D4=10404780 D5=8441851E D6=8441851E D7=FFFF A0=3C0002 A1=102D00 A2=D311E A3=108F5C A4=50CBB86 A5=108000 A6=108E3C PC=3FEC -- 003FEC: lea     ($104c,A5), A6
D0=68 D1=0 D2=0 D3=FFFF D4=10404780 D5=8441851E D6=8441851E D7=FFFF A0=3C0002 A1=102D00 A2=D311E A3=108F5C A4=50CBB86 A5=108000 A6=10904C PC=3FF0 -- 003FF0: sub.w   (A6,D1.w), D0
D0=68 D1=0 D2=0 D3=FFFF D4=10404780 D5=8441851E D6=8441851E D7=FFFF A0=3C0002 A1=102D00 A2=D311E A3=108F5C A4=50CBB86 A5=108000 A6=10904C PC=3FF4 -- 003FF4: move.w  D0, ($24,A1)
D0=68 D1=0 D2=0 D3=FFFF D4=10404780 D5=8441851E D6=8441851E D7=FFFF A0=3C0002 A1=102D00 A2=D311E A3=108F5C A4=50CBB86 A5=108000 A6=10904C PC=3FF8 -- 003FF8: move.w  ($1c,A1), D0
D0=B8 D1=0 D2=0 D3=FFFF D4=10404780 D5=8441851E D6=8441851E D7=FFFF A0=3C0002 A1=102D00 A2=D311E A3=108F5C A4=50CBB86 A5=108000 A6=10904C PC=3FFC -- 003FFC: sub.w   ($20,A1), D0
D0=B8 D1=0 D2=0 D3=FFFF D4=10404780 D5=8441851E D6=8441851E D7=FFFF A0=3C0002 A1=102D00 A2=D311E A3=108F5C A4=50CBB86 A5=108000 A6=10904C PC=4000 -- 004000: lea     ($1058,A5), A6
D0=B8 D1=0 D2=0 D3=FFFF D4=10404780 D5=8441851E D6=8441851E D7=FFFF A0=3C0002 A1=102D00 A2=D311E A3=108F5C A4=50CBB86 A5=108000 A6=109058 PC=4004 -- 004004: sub.w   (A6,D1.w), D0
D0=B8 D1=0 D2=0 D3=FFFF D4=10404780 D5=8441851E D6=8441851E D7=FFFF A0=3C0002 A1=102D00 A2=D311E A3=108F5C A4=50CBB86 A5=108000 A6=109058 PC=4008 -- 004008: move.w  D0, ($26,A1)
D0=B8 D1=0 D2=0 D3=FFFF D4=10404780 D5=8441851E D6=8441851E D7=FFFF A0=3C0002 A1=102D00 A2=D311E A3=108F5C A4=50CBB86 A5=108000 A6=109058 PC=400C -- 00400C: tst.b   ($3a66,A5)
D0=B8 D1=0 D2=0 D3=FFFF D4=10404780 D5=8441851E D6=8441851E D7=FFFF A0=3C0002 A1=102D00 A2=D311E A3=108F5C A4=50CBB86 A5=108000 A6=109058 PC=4010 -- 004010: bmi     $4018
D0=B8 D1=0 D2=0 D3=FFFF D4=10404780 D5=8441851E D6=8441851E D7=FFFF A0=3C0002 A1=102D00 A2=D311E A3=108F5C A4=50CBB86 A5=108000 A6=109058 PC=4012 -- 004012: bsr     $4088
D0=B8 D1=0 D2=0 D3=FFFF D4=10404780 D5=8441851E D6=8441851E D7=FFFF A0=3C0002 A1=102D00 A2=D311E A3=108F5C A4=50CBB86 A5=108000 A6=109058 PC=4088 -- 004088: move.w  (A4), D0
D0=FFDA D1=0 D2=0 D3=FFFF D4=10404780 D5=8441851E D6=8441851E D7=FFFF A0=3C0002 A1=102D00 A2=D311E A3=108F5C A4=50CBB86 A5=108000 A6=109058 PC=408A -- 00408A: move.b  ($31,A1), D1
D0=FFDA D1=1 D2=0 D3=FFFF D4=10404780 D5=8441851E D6=8441851E D7=FFFF A0=3C0002 A1=102D00 A2=D311E A3=108F5C A4=50CBB86 A5=108000 A6=109058 PC=408E -- 00408E: move.b  ($4,A4), D2
D0=FFDA D1=1 D2=0 D3=FFFF D4=10404780 D5=8441851E D6=8441851E D7=FFFF A0=3C0002 A1=102D00 A2=D311E A3=108F5C A4=50CBB86 A5=108000 A6=109058 PC=4092 -- 004092: rol.b   #2, D2
D0=FFDA D1=1 D2=0 D3=FFFF D4=10404780 D5=8441851E D6=8441851E D7=FFFF A0=3C0002 A1=102D00 A2=D311E A3=108F5C A4=50CBB86 A5=108000 A6=109058 PC=4094 -- 004094: eor.w   D2, D1
D0=FFDA D1=1 D2=0 D3=FFFF D4=10404780 D5=8441851E D6=8441851E D7=FFFF A0=3C0002 A1=102D00 A2=D311E A3=108F5C A4=50CBB86 A5=108000 A6=109058 PC=4096 -- 004096: andi.w  #$3, D1
D0=FFDA D1=1 D2=0 D3=FFFF D4=10404780 D5=8441851E D6=8441851E D7=FFFF A0=3C0002 A1=102D00 A2=D311E A3=108F5C A4=50CBB86 A5=108000 A6=109058 PC=409A -- 00409A: move.w  D1, ($790,A5)
D0=FFDA D1=1 D2=0 D3=FFFF D4=10404780 D5=8441851E D6=8441851E D7=FFFF A0=3C0002 A1=102D00 A2=D311E A3=108F5C A4=50CBB86 A5=108000 A6=109058 PC=409E -- 00409E: andi.w  #$1, D1
D0=FFDA D1=1 D2=0 D3=FFFF D4=10404780 D5=8441851E D6=8441851E D7=FFFF A0=3C0002 A1=102D00 A2=D311E A3=108F5C A4=50CBB86 A5=108000 A6=109058 PC=40A2 -- 0040A2: beq     $40ae
D0=FFDA D1=1 D2=0 D3=FFFF D4=10404780 D5=8441851E D6=8441851E D7=FFFF A0=3C0002 A1=102D00 A2=D311E A3=108F5C A4=50CBB86 A5=108000 A6=109058 PC=40A4 -- 0040A4: moveq   #$0, D1
D0=FFDA D1=0 D2=0 D3=FFFF D4=10404780 D5=8441851E D6=8441851E D7=FFFF A0=3C0002 A1=102D00 A2=D311E A3=108F5C A4=50CBB86 A5=108000 A6=109058 PC=40A6 -- 0040A6: move.b  (A2), D1
D0=FFDA D1=4 D2=0 D3=FFFF D4=10404780 D5=8441851E D6=8441851E D7=FFFF A0=3C0002 A1=102D00 A2=D311E A3=108F5C A4=50CBB86 A5=108000 A6=109058 PC=40A8 -- 0040A8: lsl.w   #4, D1
D0=FFDA D1=40 D2=0 D3=FFFF D4=10404780 D5=8441851E D6=8441851E D7=FFFF A0=3C0002 A1=102D00 A2=D311E A3=108F5C A4=50CBB86 A5=108000 A6=109058 PC=40AA -- 0040AA: add.w   D1, D0
D0=1A D1=40 D2=0 D3=FFFF D4=10404780 D5=8441851E D6=8441851E D7=FFFF A0=3C0002 A1=102D00 A2=D311E A3=108F5C A4=50CBB86 A5=108000 A6=109058 PC=40AC -- 0040AC: neg.w   D0
D0=FFE6 D1=40 D2=0 D3=FFFF D4=10404780 D5=8441851E D6=8441851E D7=FFFF A0=3C0002 A1=102D00 A2=D311E A3=108F5C A4=50CBB86 A5=108000 A6=109058 PC=40AE -- 0040AE: moveq   #$0, D1
D0=FFE6 D1=0 D2=0 D3=FFFF D4=10404780 D5=8441851E D6=8441851E D7=FFFF A0=3C0002 A1=102D00 A2=D311E A3=108F5C A4=50CBB86 A5=108000 A6=109058 PC=40B0 -- 0040B0: move.b  ($68,A1), D1
D0=FFE6 D1=FF D2=0 D3=FFFF D4=10404780 D5=8441851E D6=8441851E D7=FFFF A0=3C0002 A1=102D00 A2=D311E A3=108F5C A4=50CBB86 A5=108000 A6=109058 PC=40B4 -- 0040B4: addq.w  #1, D1
D0=FFE6 D1=100 D2=0 D3=FFFF D4=10404780 D5=8441851E D6=8441851E D7=FFFF A0=3C0002 A1=102D00 A2=D311E A3=108F5C A4=50CBB86 A5=108000 A6=109058 PC=40B6 -- 0040B6: muls.w  D1, D0
D0=FFFFE600 D1=100 D2=0 D3=FFFF D4=10404780 D5=8441851E D6=8441851E D7=FFFF A0=3C0002 A1=102D00 A2=D311E A3=108F5C A4=50CBB86 A5=108000 A6=109058 PC=40B8 -- 0040B8: lsr.l   #8, D0
D0=FFFFE6 D1=100 D2=0 D3=FFFF D4=10404780 D5=8441851E D6=8441851E D7=FFFF A0=3C0002 A1=102D00 A2=D311E A3=108F5C A4=50CBB86 A5=108000 A6=109058 PC=40BA -- 0040BA: add.w   ($24,A1), D0
D0=FF004E D1=100 D2=0 D3=FFFF D4=10404780 D5=8441851E D6=8441851E D7=FFFF A0=3C0002 A1=102D00 A2=D311E A3=108F5C A4=50CBB86 A5=108000 A6=109058 PC=40BE -- 0040BE: lsl.w   #7, D0
D0=FF2700 D1=100 D2=0 D3=FFFF D4=10404780 D5=8441851E D6=8441851E D7=FFFF A0=3C0002 A1=102D00 A2=D311E A3=108F5C A4=50CBB86 A5=108000 A6=109058 PC=40C0 -- 0040C0: move.w  D6, (-$2,A0)
D0=FF2700 D1=100 D2=0 D3=FFFF D4=10404780 D5=8441851E D6=8441851E D7=FFFF A0=3C0002 A1=102D00 A2=D311E A3=108F5C A4=50CBB86 A5=108000 A6=109058 PC=40C4 -- 0040C4: move.w  D0, (A0)
D0=FF2700 D1=100 D2=0 D3=FFFF D4=10404780 D5=8441851E D6=8441851E D7=FFFF A0=3C0002 A1=102D00 A2=D311E A3=108F5C A4=50CBB86 A5=108000 A6=109058 PC=40C6 -- 0040C6: moveq   #$0, D0
D0=0 D1=100 D2=0 D3=FFFF D4=10404780 D5=8441851E D6=8441851E D7=FFFF A0=3C0002 A1=102D00 A2=D311E A3=108F5C A4=50CBB86 A5=108000 A6=109058 PC=40C8 -- 0040C8: move.b  (A2), D0
D0=4 D1=100 D2=0 D3=FFFF D4=10404780 D5=8441851E D6=8441851E D7=FFFF A0=3C0002 A1=102D00 A2=D311E A3=108F5C A4=50CBB86 A5=108000 A6=109058 PC=40CA -- 0040CA: add.w   D0, D6
D0=4 D1=100 D2=0 D3=FFFF D4=10404780 D5=84418522 D6=84418522 D7=FFFF A0=3C0002 A1=102D00 A2=D311E A3=108F5C A4=50CBB86 A5=108000 A6=109058 PC=40CC -- 0040CC: move.w  ($2,A4), D0
D0=FF92 D1=100 D2=0 D3=FFFF D4=10404780 D5=84418522 D6=84418522 D7=FFFF A0=3C0002 A1=102D00 A2=D311E A3=108F5C A4=50CBB86 A5=108000 A6=109058 PC=40D0 -- 0040D0: btst    #$1, ($791,A5)
D0=FF92 D1=100 D2=0 D3=FFFF D4=10404780 D5=84418522 D6=84418522 D7=FFFF A0=3C0002 A1=102D00 A2=D311E A3=108F5C A4=50CBB86 A5=108000 A6=109058 PC=40D6 -- 0040D6: beq     $40e4
D0=FF92 D1=100 D2=0 D3=FFFF D4=10404780 D5=84418522 D6=84418522 D7=FFFF A0=3C0002 A1=102D00 A2=D311E A3=108F5C A4=50CBB86 A5=108000 A6=109058 PC=40E4 -- 0040E4: moveq   #$0, D1
D0=FF92 D1=0 D2=0 D3=FFFF D4=10404780 D5=84418522 D6=84418522 D7=FFFF A0=3C0002 A1=102D00 A2=D311E A3=108F5C A4=50CBB86 A5=108000 A6=109058 PC=40E6 -- 0040E6: move.b  ($69,A1), D1
D0=FF92 D1=FF D2=0 D3=FFFF D4=10404780 D5=84418522 D6=84418522 D7=FFFF A0=3C0002 A1=102D00 A2=D311E A3=108F5C A4=50CBB86 A5=108000 A6=109058 PC=40EA -- 0040EA: addq.w  #1, D1
D0=FF92 D1=100 D2=0 D3=FFFF D4=10404780 D5=84418522 D6=84418522 D7=FFFF A0=3C0002 A1=102D00 A2=D311E A3=108F5C A4=50CBB86 A5=108000 A6=109058 PC=40EC -- 0040EC: muls.w  D1, D0
D0=FFFF9200 D1=100 D2=0 D3=FFFF D4=10404780 D5=84418522 D6=84418522 D7=FFFF A0=3C0002 A1=102D00 A2=D311E A3=108F5C A4=50CBB86 A5=108000 A6=109058 PC=40EE -- 0040EE: lsr.l   #8, D0
D0=FFFF92 D1=100 D2=0 D3=FFFF D4=10404780 D5=84418522 D6=84418522 D7=FFFF A0=3C0002 A1=102D00 A2=D311E A3=108F5C A4=50CBB86 A5=108000 A6=109058 PC=40F0 -- 0040F0: add.w   ($26,A1), D0
D0=FF004A D1=100 D2=0 D3=FFFF D4=10404780 D5=84418522 D6=84418522 D7=FFFF A0=3C0002 A1=102D00 A2=D311E A3=108F5C A4=50CBB86 A5=108000 A6=109058 PC=40F4 -- 0040F4: neg.w   D0
D0=FFFFB6 D1=100 D2=0 D3=FFFF D4=10404780 D5=84418522 D6=84418522 D7=FFFF A0=3C0002 A1=102D00 A2=D311E A3=108F5C A4=50CBB86 A5=108000 A6=109058 PC=40F6 -- 0040F6: addi.w  #$1ff, D0
D0=FF01B5 D1=100 D2=0 D3=FFFF D4=10404780 D5=84418522 D6=84418522 D7=FFFF A0=3C0002 A1=102D00 A2=D311E A3=108F5C A4=50CBB86 A5=108000 A6=109058 PC=40FA -- 0040FA: lsl.w   #7, D0
D0=FFDA80 D1=100 D2=0 D3=FFFF D4=10404780 D5=84418522 D6=84418522 D7=FFFF A0=3C0002 A1=102D00 A2=D311E A3=108F5C A4=50CBB86 A5=108000 A6=109058 PC=40FC -- 0040FC: bsr     $4772
D0=FFDA80 D1=100 D2=0 D3=FFFF D4=10404780 D5=84418522 D6=84418522 D7=FFFF A0=3C0002 A1=102D00 A2=D311E A3=108F5C A4=50CBB86 A5=108000 A6=109058 PC=4772 -- 004772: move.w  D0, -(A7)
D0=FFDA80 D1=100 D2=0 D3=FFFF D4=10404780 D5=84418522 D6=84418522 D7=FFFF A0=3C0002 A1=102D00 A2=D311E A3=108F5C A4=50CBB86 A5=108000 A6=109058 PC=4774 -- 004774: moveq   #-$1, D0
D0=FFFFFFFF D1=100 D2=0 D3=FFFF D4=10404780 D5=84418522 D6=84418522 D7=FFFF A0=3C0002 A1=102D00 A2=D311E A3=108F5C A4=50CBB86 A5=108000 A6=109058 PC=4776 -- 004776: moveq   #$0, D1
D0=FFFFFFFF D1=0 D2=0 D3=FFFF D4=10404780 D5=84418522 D6=84418522 D7=FFFF A0=3C0002 A1=102D00 A2=D311E A3=108F5C A4=50CBB86 A5=108000 A6=109058 PC=4778 -- 004778: move.b  ($1,A2), D1
D0=FFFFFFFF D1=7 D2=0 D3=FFFF D4=10404780 D5=84418522 D6=84418522 D7=FFFF A0=3C0002 A1=102D00 A2=D311E A3=108F5C A4=50CBB86 A5=108000 A6=109058 PC=477C -- 00477C: cmpi.b  #-$1, ($69,A1)
D0=FFFFFFFF D1=7 D2=0 D3=FFFF D4=10404780 D5=84418522 D6=84418522 D7=FFFF A0=3C0002 A1=102D00 A2=D311E A3=108F5C A4=50CBB86 A5=108000 A6=109058 PC=4782 -- 004782: beq     $47b4
D0=FFFFFFFF D1=7 D2=0 D3=FFFF D4=10404780 D5=84418522 D6=84418522 D7=FFFF A0=3C0002 A1=102D00 A2=D311E A3=108F5C A4=50CBB86 A5=108000 A6=109058 PC=47B4 -- 0047B4: move.b  D0, ($78f,A5)
D0=FFFFFFFF D1=7 D2=0 D3=FFFF D4=10404780 D5=84418522 D6=84418522 D7=FFFF A0=3C0002 A1=102D00 A2=D311E A3=108F5C A4=50CBB86 A5=108000 A6=109058 PC=47B8 -- 0047B8: move.b  D1, ($78e,A5)
D0=FFFFFFFF D1=7 D2=0 D3=FFFF D4=10404780 D5=84418522 D6=84418522 D7=FFFF A0=3C0002 A1=102D00 A2=D311E A3=108F5C A4=50CBB86 A5=108000 A6=109058 PC=47BC -- 0047BC: move.w  (A7)+, D0
D0=FFFFDA80 D1=7 D2=0 D3=FFFF D4=10404780 D5=84418522 D6=84418522 D7=FFFF A0=3C0002 A1=102D00 A2=D311E A3=108F5C A4=50CBB86 A5=108000 A6=109058 PC=47BE -- 0047BE: rts
D0=FFFFDA80 D1=7 D2=0 D3=FFFF D4=10404780 D5=84418522 D6=84418522 D7=FFFF A0=3C0002 A1=102D00 A2=D311E A3=108F5C A4=50CBB86 A5=108000 A6=109058 PC=4100 -- 004100: add.b   ($78e,A5), D0
D0=FFFFDA87 D1=7 D2=0 D3=FFFF D4=10404780 D5=84418522 D6=84418522 D7=FFFF A0=3C0002 A1=102D00 A2=D311E A3=108F5C A4=50CBB86 A5=108000 A6=109058 PC=4104 -- 004104: move.w  D0, (A3)+
D0=FFFFDA87 D1=7 D2=0 D3=FFFF D4=10404780 D5=84418522 D6=84418522 D7=FFFF A0=3C0002 A1=102D00 A2=D311E A3=108F5E A4=50CBB86 A5=108000 A6=109058 PC=4106 -- 004106: moveq   #$0, D0
D0=0 D1=7 D2=0 D3=FFFF D4=10404780 D5=84418522 D6=84418522 D7=FFFF A0=3C0002 A1=102D00 A2=D311E A3=108F5E A4=50CBB86 A5=108000 A6=109058 PC=4108 -- 004108: move.b  (A2), D0
D0=4 D1=7 D2=0 D3=FFFF D4=10404780 D5=84418522 D6=84418522 D7=FFFF A0=3C0002 A1=102D00 A2=D311E A3=108F5E A4=50CBB86 A5=108000 A6=109058 PC=410A -- 00410A: subq.b  #2, D0
D0=2 D1=7 D2=0 D3=FFFF D4=10404780 D5=84418522 D6=84418522 D7=FFFF A0=3C0002 A1=102D00 A2=D311E A3=108F5E A4=50CBB86 A5=108000 A6=109058 PC=410C -- 00410C: bmi     $4118
D0=2 D1=7 D2=0 D3=FFFF D4=10404780 D5=84418522 D6=84418522 D7=FFFF A0=3C0002 A1=102D00 A2=D311E A3=108F5E A4=50CBB86 A5=108000 A6=109058 PC=410E -- 00410E: move.w  #$40, D1
D0=2 D1=40 D2=0 D3=FFFF D4=10404780 D5=84418522 D6=84418522 D7=FFFF A0=3C0002 A1=102D00 A2=D311E A3=108F5E A4=50CBB86 A5=108000 A6=109058 PC=4112 -- 004112: move.w  D1, (A3)+
D0=2 D1=40 D2=0 D3=FFFF D4=10404780 D5=84418522 D6=84418522 D7=FFFF A0=3C0002 A1=102D00 A2=D311E A3=108F60 A4=50CBB86 A5=108000 A6=109058 PC=4114 -- 004114: dbra    D0, $4112
D0=1 D1=40 D2=0 D3=FFFF D4=10404780 D5=84418522 D6=84418522 D7=FFFF A0=3C0002 A1=102D00 A2=D311E A3=108F60 A4=50CBB86 A5=108000 A6=109058 PC=4112 -- 004112: move.w  D1, (A3)+
D0=1 D1=40 D2=0 D3=FFFF D4=10404780 D5=84418522 D6=84418522 D7=FFFF A0=3C0002 A1=102D00 A2=D311E A3=108F62 A4=50CBB86 A5=108000 A6=109058 PC=4114 -- 004114: dbra    D0, $4112

   (loops for 2 instructions)

D0=FFFF D1=40 D2=0 D3=FFFF D4=10404780 D5=84418522 D6=84418522 D7=FFFF A0=3C0002 A1=102D00 A2=D311E A3=108F64 A4=50CBB86 A5=108000 A6=109058 PC=4118 -- 004118: move.w  #$1, ($2,A0)
D0=FFFF D1=40 D2=0 D3=FFFF D4=10404780 D5=84418522 D6=84418522 D7=FFFF A0=3C0002 A1=102D00 A2=D311E A3=108F64 A4=50CBB86 A5=108000 A6=109058 PC=411E -- 00411E: move.w  D5, (-$2,A0)
D0=FFFF D1=40 D2=0 D3=FFFF D4=10404780 D5=84418522 D6=84418522 D7=FFFF A0=3C0002 A1=102D00 A2=D311E A3=108F64 A4=50CBB86 A5=108000 A6=109058 PC=4122 -- 004122: moveq   #$0, D1
D0=FFFF D1=0 D2=0 D3=FFFF D4=10404780 D5=84418522 D6=84418522 D7=FFFF A0=3C0002 A1=102D00 A2=D311E A3=108F64 A4=50CBB86 A5=108000 A6=109058 PC=4124 -- 004124: move.b  ($68,A1), D0
D0=FFFF D1=0 D2=0 D3=FFFF D4=10404780 D5=84418522 D6=84418522 D7=FFFF A0=3C0002 A1=102D00 A2=D311E A3=108F64 A4=50CBB86 A5=108000 A6=109058 PC=4128 -- 004128: move.b  D0, D1
D0=FFFF D1=FF D2=0 D3=FFFF D4=10404780 D5=84418522 D6=84418522 D7=FFFF A0=3C0002 A1=102D00 A2=D311E A3=108F64 A4=50CBB86 A5=108000 A6=109058 PC=412A -- 00412A: andi.w  #$f, D0
D0=F D1=FF D2=0 D3=FFFF D4=10404780 D5=84418522 D6=84418522 D7=FFFF A0=3C0002 A1=102D00 A2=D311E A3=108F64 A4=50CBB86 A5=108000 A6=109058 PC=412E -- 00412E: lsr.b   #4, D1
D0=F D1=F D2=0 D3=FFFF D4=10404780 D5=84418522 D6=84418522 D7=FFFF A0=3C0002 A1=102D00 A2=D311E A3=108F64 A4=50CBB86 A5=108000 A6=109058 PC=4130 -- 004130: tst.b   D1
D0=F D1=F D2=0 D3=FFFF D4=10404780 D5=84418522 D6=84418522 D7=FFFF A0=3C0002 A1=102D00 A2=D311E A3=108F64 A4=50CBB86 A5=108000 A6=109058 PC=4132 -- 004132: beq     $4164
D0=F D1=F D2=0 D3=FFFF D4=10404780 D5=84418522 D6=84418522 D7=FFFF A0=3C0002 A1=102D00 A2=D311E A3=108F64 A4=50CBB86 A5=108000 A6=109058 PC=4134 -- 004134: lea     $4f9d2.l, A6
D0=F D1=F D2=0 D3=FFFF D4=10404780 D5=84418522 D6=84418522 D7=FFFF A0=3C0002 A1=102D00 A2=D311E A3=108F64 A4=50CBB86 A5=108000 A6=4F9D2 PC=413A -- 00413A: lsl.w   #5, D0
D0=1E0 D1=F D2=0 D3=FFFF D4=10404780 D5=84418522 D6=84418522 D7=FFFF A0=3C0002 A1=102D00 A2=D311E A3=108F64 A4=50CBB86 A5=108000 A6=4F9D2 PC=413C -- 00413C: adda.w  D0, A6
D0=1E0 D1=F D2=0 D3=FFFF D4=10404780 D5=84418522 D6=84418522 D7=FFFF A0=3C0002 A1=102D00 A2=D311E A3=108F64 A4=50CBB86 A5=108000 A6=4FBB2 PC=413E -- 00413E: moveq   #$f, D0
D0=F D1=F D2=0 D3=FFFF D4=10404780 D5=84418522 D6=84418522 D7=FFFF A0=3C0002 A1=102D00 A2=D311E A3=108F64 A4=50CBB86 A5=108000 A6=4FBB2 PC=4140 -- 004140: moveq   #$0, D2
D0=F D1=F D2=0 D3=FFFF D4=10404780 D5=84418522 D6=84418522 D7=FFFF A0=3C0002 A1=102D00 A2=D311E A3=108F64 A4=50CBB86 A5=108000 A6=4FBB2 PC=4142 -- 004142: move.b  (A2), D2
D0=F D1=F D2=4 D3=FFFF D4=10404780 D5=84418522 D6=84418522 D7=FFFF A0=3C0002 A1=102D00 A2=D311E A3=108F64 A4=50CBB86 A5=108000 A6=4FBB2 PC=4144 -- 004144: lsr.w   #1, D2
D0=F D1=F D2=2 D3=FFFF D4=10404780 D5=84418522 D6=84418522 D7=FFFF A0=3C0002 A1=102D00 A2=D311E A3=108F64 A4=50CBB86 A5=108000 A6=4FBB2 PC=4146 -- 004146: sub.w   D2, D0
D0=D D1=F D2=2 D3=FFFF D4=10404780 D5=84418522 D6=84418522 D7=FFFF A0=3C0002 A1=102D00 A2=D311E A3=108F64 A4=50CBB86 A5=108000 A6=4FBB2 PC=4148 -- 004148: adda.l  D0, A6
D0=D D1=F D2=2 D3=FFFF D4=10404780 D5=84418522 D6=84418522 D7=FFFF A0=3C0002 A1=102D00 A2=D311E A3=108F64 A4=50CBB86 A5=108000 A6=4FBBF PC=414A -- 00414A: move.b  (A2), D0
D0=4 D1=F D2=2 D3=FFFF D4=10404780 D5=84418522 D6=84418522 D7=FFFF A0=3C0002 A1=102D00 A2=D311E A3=108F64 A4=50CBB86 A5=108000 A6=4FBBF PC=414C -- 00414C: add.w   D0, D5
D0=4 D1=F D2=2 D3=FFFF D4=10404780 D5=84418522 D6=84418522 D7=FFFF A0=3C0002 A1=102D00 A2=D311E A3=108F64 A4=50CBB86 A5=108000 A6=4FBBF PC=414E -- 00414E: subq.b  #1, D0
D0=3 D1=F D2=2 D3=FFFF D4=10404780 D5=84418522 D6=84418522 D7=FFFF A0=3C0002 A1=102D00 A2=D311E A3=108F64 A4=50CBB86 A5=108000 A6=4FBBF PC=4150 -- 004150: move.b  D1, D2
D0=3 D1=F D2=F D3=FFFF D4=10404780 D5=84418522 D6=84418522 D7=FFFF A0=3C0002 A1=102D00 A2=D311E A3=108F64 A4=50CBB86 A5=108000 A6=4FBBF PC=4152 -- 004152: sub.b   (A6)+, D2
D0=3 D1=F D2=F D3=FFFF D4=10404780 D5=84418522 D6=84418522 D7=FFFF A0=3C0002 A1=102D00 A2=D311E A3=108F64 A4=50CBB86 A5=108000 A6=4FBC0 PC=4154 -- 004154: lsl.w   #8, D2
D0=3 D1=F D2=F00 D3=FFFF D4=10404780 D5=84418522 D6=84418522 D7=FFFF A0=3C0002 A1=102D00 A2=D311E A3=108F64 A4=50CBB86 A5=108000 A6=4FBC0 PC=4156 -- 004156: move.b  ($69,A1), D2
D0=3 D1=F D2=FFF D3=FFFF D4=10404780 D5=84418522 D6=84418522 D7=FFFF A0=3C0002 A1=102D00 A2=D311E A3=108F64 A4=50CBB86 A5=108000 A6=4FBC0 PC=415A -- 00415A: move.w  D2, (A0)
D0=3 D1=F D2=FFF D3=FFFF D4=10404780 D5=84418522 D6=84418522 D7=FFFF A0=3C0002 A1=102D00 A2=D311E A3=108F64 A4=50CBB86 A5=108000 A6=4FBC0 PC=415C -- 00415C: dbra    D0, $4150
D0=2 D1=F D2=FFF D3=FFFF D4=10404780 D5=84418522 D6=84418522 D7=FFFF A0=3C0002 A1=102D00 A2=D311E A3=108F64 A4=50CBB86 A5=108000 A6=4FBC0 PC=4150 -- 004150: move.b  D1, D2
D0=2 D1=F D2=F0F D3=FFFF D4=10404780 D5=84418522 D6=84418522 D7=FFFF A0=3C0002 A1=102D00 A2=D311E A3=108F64 A4=50CBB86 A5=108000 A6=4FBC0 PC=4152 -- 004152: sub.b   (A6)+, D2
D0=2 D1=F D2=F0F D3=FFFF D4=10404780 D5=84418522 D6=84418522 D7=FFFF A0=3C0002 A1=102D00 A2=D311E A3=108F64 A4=50CBB86 A5=108000 A6=4FBC1 PC=4154 -- 004154: lsl.w   #8, D2
D0=2 D1=F D2=F00 D3=FFFF D4=10404780 D5=84418522 D6=84418522 D7=FFFF A0=3C0002 A1=102D00 A2=D311E A3=108F64 A4=50CBB86 A5=108000 A6=4FBC1 PC=4156 -- 004156: move.b  ($69,A1), D2
D0=2 D1=F D2=FFF D3=FFFF D4=10404780 D5=84418522 D6=84418522 D7=FFFF A0=3C0002 A1=102D00 A2=D311E A3=108F64 A4=50CBB86 A5=108000 A6=4FBC1 PC=415A -- 00415A: move.w  D2, (A0)
D0=2 D1=F D2=FFF D3=FFFF D4=10404780 D5=84418522 D6=84418522 D7=FFFF A0=3C0002 A1=102D00 A2=D311E A3=108F64 A4=50CBB86 A5=108000 A6=4FBC1 PC=415C -- 00415C: dbra    D0, $4150

   (loops for 12 instructions)

D0=FFFF D1=F D2=FFF D3=FFFF D4=10404780 D5=84418522 D6=84418522 D7=FFFF A0=3C0002 A1=102D00 A2=D311E A3=108F64 A4=50CBB86 A5=108000 A6=4FBC3 PC=4160 -- 004160: bra     $4178
D0=FFFF D1=F D2=FFF D3=FFFF D4=10404780 D5=84418522 D6=84418522 D7=FFFF A0=3C0002 A1=102D00 A2=D311E A3=108F64 A4=50CBB86 A5=108000 A6=4FBC3 PC=4178 -- 004178: move.b  ($2,A2), D0
D0=FF10 D1=F D2=FFF D3=FFFF D4=10404780 D5=84418522 D6=84418522 D7=FFFF A0=3C0002 A1=102D00 A2=D311E A3=108F64 A4=50CBB86 A5=108000 A6=4FBC3 PC=417C -- 00417C: tst.b   ($80,A1)
D0=FF10 D1=F D2=FFF D3=FFFF D4=10404780 D5=84418522 D6=84418522 D7=FFFF A0=3C0002 A1=102D00 A2=D311E A3=108F64 A4=50CBB86 A5=108000 A6=4FBC3 PC=4180 -- 004180: beq     $4188
D0=FF10 D1=F D2=FFF D3=FFFF D4=10404780 D5=84418522 D6=84418522 D7=FFFF A0=3C0002 A1=102D00 A2=D311E A3=108F64 A4=50CBB86 A5=108000 A6=4FBC3 PC=4188 -- 004188: add.b   ($30,A1), D0
D0=FF2C D1=F D2=FFF D3=FFFF D4=10404780 D5=84418522 D6=84418522 D7=FFFF A0=3C0002 A1=102D00 A2=D311E A3=108F64 A4=50CBB86 A5=108000 A6=4FBC3 PC=418C -- 00418C: lsl.w   #8, D0
D0=2C00 D1=F D2=FFF D3=FFFF D4=10404780 D5=84418522 D6=84418522 D7=FFFF A0=3C0002 A1=102D00 A2=D311E A3=108F64 A4=50CBB86 A5=108000 A6=4FBC3 PC=418E -- 00418E: tst.b   ($3,A2)
D0=2C00 D1=F D2=FFF D3=FFFF D4=10404780 D5=84418522 D6=84418522 D7=FFFF A0=3C0002 A1=102D00 A2=D311E A3=108F64 A4=50CBB86 A5=108000 A6=4FBC3 PC=4192 -- 004192: beq     $4198
D0=2C00 D1=F D2=FFF D3=FFFF D4=10404780 D5=84418522 D6=84418522 D7=FFFF A0=3C0002 A1=102D00 A2=D311E A3=108F64 A4=50CBB86 A5=108000 A6=4FBC3 PC=4198 -- 004198: move.w  ($4,A2), D1
D0=2C00 D1=64EC D2=FFF D3=FFFF D4=10404780 D5=84418522 D6=84418522 D7=FFFF A0=3C0002 A1=102D00 A2=D311E A3=108F64 A4=50CBB86 A5=108000 A6=4FBC3 PC=419C -- 00419C: moveq   #$0, D3
D0=2C00 D1=64EC D2=FFF D3=0 D4=10404780 D5=84418522 D6=84418522 D7=FFFF A0=3C0002 A1=102D00 A2=D311E A3=108F64 A4=50CBB86 A5=108000 A6=4FBC3 PC=419E -- 00419E: move.b  (A2), D3
D0=2C00 D1=64EC D2=FFF D3=4 D4=10404780 D5=84418522 D6=84418522 D7=FFFF A0=3C0002 A1=102D00 A2=D311E A3=108F64 A4=50CBB86 A5=108000 A6=4FBC3 PC=41A0 -- 0041A0: subq.b  #1, D3
D0=2C00 D1=64EC D2=FFF D3=3 D4=10404780 D5=84418522 D6=84418522 D7=FFFF A0=3C0002 A1=102D00 A2=D311E A3=108F64 A4=50CBB86 A5=108000 A6=4FBC3 PC=41A2 -- 0041A2: move.w  ($790,A5), D7
D0=2C00 D1=64EC D2=FFF D3=3 D4=10404780 D5=84418522 D6=84418522 D7=1 A0=3C0002 A1=102D00 A2=D311E A3=108F64 A4=50CBB86 A5=108000 A6=4FBC3 PC=41A6 -- 0041A6: add.w   D7, D7
D0=2C00 D1=64EC D2=FFF D3=3 D4=10404780 D5=84418522 D6=84418522 D7=2 A0=3C0002 A1=102D00 A2=D311E A3=108F64 A4=50CBB86 A5=108000 A6=4FBC3 PC=41A8 -- 0041A8: add.w   D7, D7
D0=2C00 D1=64EC D2=FFF D3=3 D4=10404780 D5=84418522 D6=84418522 D7=4 A0=3C0002 A1=102D00 A2=D311E A3=108F64 A4=50CBB86 A5=108000 A6=4FBC3 PC=41AA -- 0041AA: movea.l ($4,PC,D7.w), A6
D0=2C00 D1=64EC D2=FFF D3=3 D4=10404780 D5=84418522 D6=84418522 D7=4 A0=3C0002 A1=102D00 A2=D311E A3=108F64 A4=50CBB86 A5=108000 A6=42D2 PC=41AE -- 0041AE: jmp     (A6)
D0=2C00 D1=64EC D2=FFF D3=3 D4=10404780 D5=84418522 D6=84418522 D7=4 A0=3C0002 A1=102D00 A2=D311E A3=108F64 A4=50CBB86 A5=108000 A6=42D2 PC=42D2 -- 0042D2: eori.b  #$1, D0
D0=2C01 D1=64EC D2=FFF D3=3 D4=10404780 D5=84418522 D6=84418522 D7=4 A0=3C0002 A1=102D00 A2=D311E A3=108F64 A4=50CBB86 A5=108000 A6=42D2 PC=42D6 -- 0042D6: lea     ($6,A2), A6
D0=2C01 D1=64EC D2=FFF D3=3 D4=10404780 D5=84418522 D6=84418522 D7=4 A0=3C0002 A1=102D00 A2=D311E A3=108F64 A4=50CBB86 A5=108000 A6=D3124 PC=42DA -- 0042DA: move.w  #$1, ($2,A0)
D0=2C01 D1=64EC D2=FFF D3=3 D4=10404780 D5=84418522 D6=84418522 D7=4 A0=3C0002 A1=102D00 A2=D311E A3=108F64 A4=50CBB86 A5=108000 A6=D3124 PC=42E0 -- 0042E0: moveq   #$0, D2
D0=2C01 D1=64EC D2=0 D3=3 D4=10404780 D5=84418522 D6=84418522 D7=4 A0=3C0002 A1=102D00 A2=D311E A3=108F64 A4=50CBB86 A5=108000 A6=D3124 PC=42E2 -- 0042E2: move.b  (A2), D2
D0=2C01 D1=64EC D2=4 D3=3 D4=10404780 D5=84418522 D6=84418522 D7=4 A0=3C0002 A1=102D00 A2=D311E A3=108F64 A4=50CBB86 A5=108000 A6=D3124 PC=42E4 -- 0042E4: lsl.w   #6, D2
D0=2C01 D1=64EC D2=100 D3=3 D4=10404780 D5=84418522 D6=84418522 D7=4 A0=3C0002 A1=102D00 A2=D311E A3=108F64 A4=50CBB86 A5=108000 A6=D3124 PC=42E6 -- 0042E6: addi.w  #$40, D2
D0=2C01 D1=64EC D2=140 D3=3 D4=10404780 D5=84418522 D6=84418522 D7=4 A0=3C0002 A1=102D00 A2=D311E A3=108F64 A4=50CBB86 A5=108000 A6=D3124 PC=42EA -- 0042EA: move.w  D2, -(A7)
D0=2C01 D1=64EC D2=140 D3=3 D4=10404780 D5=84418522 D6=84418522 D7=4 A0=3C0002 A1=102D00 A2=D311E A3=108F64 A4=50CBB86 A5=108000 A6=D3124 PC=42EC -- 0042EC: subi.w  #$80, D2
D0=2C01 D1=64EC D2=C0 D3=3 D4=10404780 D5=84418522 D6=84418522 D7=4 A0=3C0002 A1=102D00 A2=D311E A3=108F64 A4=50CBB86 A5=108000 A6=D3124 PC=42F0 -- 0042F0: add.w   D2, D4
D0=2C01 D1=64EC D2=C0 D3=3 D4=10404840 D5=84418522 D6=84418522 D7=4 A0=3C0002 A1=102D00 A2=D311E A3=108F64 A4=50CBB86 A5=108000 A6=D3124 PC=42F2 -- 0042F2: moveq   #$0, D7
D0=2C01 D1=64EC D2=C0 D3=3 D4=10404840 D5=84418522 D6=84418522 D7=0 A0=3C0002 A1=102D00 A2=D311E A3=108F64 A4=50CBB86 A5=108000 A6=D3124 PC=42F4 -- 0042F4: move.b  ($1,A2), D7
D0=2C01 D1=64EC D2=C0 D3=3 D4=10404840 D5=84418522 D6=84418522 D7=7 A0=3C0002 A1=102D00 A2=D311E A3=108F64 A4=50CBB86 A5=108000 A6=D3124 PC=42F8 -- 0042F8: subq.b  #1, D7
D0=2C01 D1=64EC D2=C0 D3=3 D4=10404840 D5=84418522 D6=84418522 D7=6 A0=3C0002 A1=102D00 A2=D311E A3=108F64 A4=50CBB86 A5=108000 A6=D3124 PC=42FA -- 0042FA: move.w  (A6)+, D2
D0=2C01 D1=64EC D2=4000 D3=3 D4=10404840 D5=84418522 D6=84418522 D7=6 A0=3C0002 A1=102D00 A2=D311E A3=108F64 A4=50CBB86 A5=108000 A6=D3126 PC=42FC -- 0042FC: move.w  D4, (-$2,A0)
D0=2C01 D1=64EC D2=4000 D3=3 D4=10404840 D5=84418522 D6=84418522 D7=6 A0=3C0002 A1=102D00 A2=D311E A3=108F64 A4=50CBB86 A5=108000 A6=D3126 PC=4300 -- 004300: add.w   D2, D2
D0=2C01 D1=64EC D2=8000 D3=3 D4=10404840 D5=84418522 D6=84418522 D7=6 A0=3C0002 A1=102D00 A2=D311E A3=108F64 A4=50CBB86 A5=108000 A6=D3126 PC=4302 -- 004302: bcc     $4314
D0=2C01 D1=64EC D2=8000 D3=3 D4=10404840 D5=84418522 D6=84418522 D7=6 A0=3C0002 A1=102D00 A2=D311E A3=108F64 A4=50CBB86 A5=108000 A6=D3126 PC=4314 -- 004314: move.w  #$0, (A0)
D0=2C01 D1=64EC D2=8000 D3=3 D4=10404840 D5=84418522 D6=84418522 D7=6 A0=3C0002 A1=102D00 A2=D311E A3=108F64 A4=50CBB86 A5=108000 A6=D3126 PC=4318 -- 004318: nop
D0=2C01 D1=64EC D2=8000 D3=3 D4=10404840 D5=84418522 D6=84418522 D7=6 A0=3C0002 A1=102D00 A2=D311E A3=108F64 A4=50CBB86 A5=108000 A6=D3126 PC=431A -- 00431A: move.w  #$0, (A0)
D0=2C01 D1=64EC D2=8000 D3=3 D4=10404840 D5=84418522 D6=84418522 D7=6 A0=3C0002 A1=102D00 A2=D311E A3=108F64 A4=50CBB86 A5=108000 A6=D3126 PC=431E -- 00431E: dbra    D7, $4300
D0=2C01 D1=64EC D2=8000 D3=3 D4=10404840 D5=84418522 D6=84418522 D7=5 A0=3C0002 A1=102D00 A2=D311E A3=108F64 A4=50CBB86 A5=108000 A6=D3126 PC=4300 -- 004300: add.w   D2, D2
D0=2C01 D1=64EC D2=0 D3=3 D4=10404840 D5=84418522 D6=84418522 D7=5 A0=3C0002 A1=102D00 A2=D311E A3=108F64 A4=50CBB86 A5=108000 A6=D3126 PC=4302 -- 004302: bcc     $4314
D0=2C01 D1=64EC D2=0 D3=3 D4=10404840 D5=84418522 D6=84418522 D7=5 A0=3C0002 A1=102D00 A2=D311E A3=108F64 A4=50CBB86 A5=108000 A6=D3126 PC=4304 -- 004304: move.w  D1, (A0)
D0=2C01 D1=64EC D2=0 D3=3 D4=10404840 D5=84418522 D6=84418522 D7=5 A0=3C0002 A1=102D00 A2=D311E A3=108F64 A4=50CBB86 A5=108000 A6=D3126 PC=4306 -- 004306: nop
D0=2C01 D1=64EC D2=0 D3=3 D4=10404840 D5=84418522 D6=84418522 D7=5 A0=3C0002 A1=102D00 A2=D311E A3=108F64 A4=50CBB86 A5=108000 A6=D3126 PC=4308 -- 004308: move.w  D0, (A0)
D0=2C01 D1=64EC D2=0 D3=3 D4=10404840 D5=84418522 D6=84418522 D7=5 A0=3C0002 A1=102D00 A2=D311E A3=108F64 A4=50CBB86 A5=108000 A6=D3126 PC=430A -- 00430A: addq.w  #1, D1
D0=2C01 D1=64ED D2=0 D3=3 D4=10404840 D5=84418522 D6=84418522 D7=5 A0=3C0002 A1=102D00 A2=D311E A3=108F64 A4=50CBB86 A5=108000 A6=D3126 PC=430C -- 00430C: bcc     $431e
D0=2C01 D1=64ED D2=0 D3=3 D4=10404840 D5=84418522 D6=84418522 D7=5 A0=3C0002 A1=102D00 A2=D311E A3=108F64 A4=50CBB86 A5=108000 A6=D3126 PC=431E -- 00431E: dbra    D7, $4300

   (loops for 2 instructions)

D0=2C01 D1=64ED D2=0 D3=3 D4=10404840 D5=84418522 D6=84418522 D7=4 A0=3C0002 A1=102D00 A2=D311E A3=108F64 A4=50CBB86 A5=108000 A6=D3126 PC=4314 -- 004314: move.w  #$0, (A0)
D0=2C01 D1=64ED D2=0 D3=3 D4=10404840 D5=84418522 D6=84418522 D7=4 A0=3C0002 A1=102D00 A2=D311E A3=108F64 A4=50CBB86 A5=108000 A6=D3126 PC=4318 -- 004318: nop
D0=2C01 D1=64ED D2=0 D3=3 D4=10404840 D5=84418522 D6=84418522 D7=4 A0=3C0002 A1=102D00 A2=D311E A3=108F64 A4=50CBB86 A5=108000 A6=D3126 PC=431A -- 00431A: move.w  #$0, (A0)

   (loops for 25 instructions)

D0=2C01 D1=64ED D2=0 D3=3 D4=10404840 D5=84418522 D6=84418522 D7=FFFF A0=3C0002 A1=102D00 A2=D311E A3=108F64 A4=50CBB86 A5=108000 A6=D3126 PC=4322 -- 004322: bsr     $47c0
D0=2C01 D1=64ED D2=0 D3=3 D4=10404840 D5=84418522 D6=84418522 D7=FFFF A0=3C0002 A1=102D00 A2=D311E A3=108F64 A4=50CBB86 A5=108000 A6=D3126 PC=47C0 -- 0047C0: tst.b   ($78f,A5)
D0=2C01 D1=64ED D2=0 D3=3 D4=10404840 D5=84418522 D6=84418522 D7=FFFF A0=3C0002 A1=102D00 A2=D311E A3=108F64 A4=50CBB86 A5=108000 A6=D3126 PC=47C4 -- 0047C4: bpl     $47c8
D0=2C01 D1=64ED D2=0 D3=3 D4=10404840 D5=84418522 D6=84418522 D7=FFFF A0=3C0002 A1=102D00 A2=D311E A3=108F64 A4=50CBB86 A5=108000 A6=D3126 PC=47C6 -- 0047C6: rts
D0=2C01 D1=64ED D2=0 D3=3 D4=10404840 D5=84418522 D6=84418522 D7=FFFF A0=3C0002 A1=102D00 A2=D311E A3=108F64 A4=50CBB86 A5=108000 A6=D3126 PC=4326 -- 004326: subi.w  #$40, D4
D0=2C01 D1=64ED D2=0 D3=3 D4=10404800 D5=84418522 D6=84418522 D7=FFFF A0=3C0002 A1=102D00 A2=D311E A3=108F64 A4=50CBB86 A5=108000 A6=D3126 PC=432A -- 00432A: dbra    D3, $42f2
D0=2C01 D1=64ED D2=0 D3=2 D4=10404800 D5=84418522 D6=84418522 D7=FFFF A0=3C0002 A1=102D00 A2=D311E A3=108F64 A4=50CBB86 A5=108000 A6=D3126 PC=42F2 -- 0042F2: moveq   #$0, D7
D0=2C01 D1=64ED D2=0 D3=2 D4=10404800 D5=84418522 D6=84418522 D7=0 A0=3C0002 A1=102D00 A2=D311E A3=108F64 A4=50CBB86 A5=108000 A6=D3126 PC=42F4 -- 0042F4: move.b  ($1,A2), D7
D0=2C01 D1=64ED D2=0 D3=2 D4=10404800 D5=84418522 D6=84418522 D7=7 A0=3C0002 A1=102D00 A2=D311E A3=108F64 A4=50CBB86 A5=108000 A6=D3126 PC=42F8 -- 0042F8: subq.b  #1, D7
D0=2C01 D1=64ED D2=0 D3=2 D4=10404800 D5=84418522 D6=84418522 D7=6 A0=3C0002 A1=102D00 A2=D311E A3=108F64 A4=50CBB86 A5=108000 A6=D3126 PC=42FA -- 0042FA: move.w  (A6)+, D2
D0=2C01 D1=64ED D2=6E00 D3=2 D4=10404800 D5=84418522 D6=84418522 D7=6 A0=3C0002 A1=102D00 A2=D311E A3=108F64 A4=50CBB86 A5=108000 A6=D3128 PC=42FC -- 0042FC: move.w  D4, (-$2,A0)

   (loops for 8 instructions)

D0=2C01 D1=64ED D2=B800 D3=2 D4=10404800 D5=84418522 D6=84418522 D7=5 A0=3C0002 A1=102D00 A2=D311E A3=108F64 A4=50CBB86 A5=108000 A6=D3128 PC=4304 -- 004304: move.w  D1, (A0)
D0=2C01 D1=64ED D2=B800 D3=2 D4=10404800 D5=84418522 D6=84418522 D7=5 A0=3C0002 A1=102D00 A2=D311E A3=108F64 A4=50CBB86 A5=108000 A6=D3128 PC=4306 -- 004306: nop
D0=2C01 D1=64ED D2=B800 D3=2 D4=10404800 D5=84418522 D6=84418522 D7=5 A0=3C0002 A1=102D00 A2=D311E A3=108F64 A4=50CBB86 A5=108000 A6=D3128 PC=4308 -- 004308: move.w  D0, (A0)
D0=2C01 D1=64ED D2=B800 D3=2 D4=10404800 D5=84418522 D6=84418522 D7=5 A0=3C0002 A1=102D00 A2=D311E A3=108F64 A4=50CBB86 A5=108000 A6=D3128 PC=430A -- 00430A: addq.w  #1, D1
D0=2C01 D1=64EE D2=B800 D3=2 D4=10404800 D5=84418522 D6=84418522 D7=5 A0=3C0002 A1=102D00 A2=D311E A3=108F64 A4=50CBB86 A5=108000 A6=D3128 PC=430C -- 00430C: bcc     $431e

   (loops for 39 instructions)

D0=2C01 D1=64F2 D2=0 D3=2 D4=10404800 D5=84418522 D6=84418522 D7=FFFF A0=3C0002 A1=102D00 A2=D311E A3=108F64 A4=50CBB86 A5=108000 A6=D3128 PC=4322 -- 004322: bsr     $47c0
D0=2C01 D1=64F2 D2=0 D3=2 D4=10404800 D5=84418522 D6=84418522 D7=FFFF A0=3C0002 A1=102D00 A2=D311E A3=108F64 A4=50CBB86 A5=108000 A6=D3128 PC=47C0 -- 0047C0: tst.b   ($78f,A5)
D0=2C01 D1=64F2 D2=0 D3=2 D4=10404800 D5=84418522 D6=84418522 D7=FFFF A0=3C0002 A1=102D00 A2=D311E A3=108F64 A4=50CBB86 A5=108000 A6=D3128 PC=47C4 -- 0047C4: bpl     $47c8
D0=2C01 D1=64F2 D2=0 D3=2 D4=10404800 D5=84418522 D6=84418522 D7=FFFF A0=3C0002 A1=102D00 A2=D311E A3=108F64 A4=50CBB86 A5=108000 A6=D3128 PC=47C6 -- 0047C6: rts
D0=2C01 D1=64F2 D2=0 D3=2 D4=10404800 D5=84418522 D6=84418522 D7=FFFF A0=3C0002 A1=102D00 A2=D311E A3=108F64 A4=50CBB86 A5=108000 A6=D3128 PC=4326 -- 004326: subi.w  #$40, D4
D0=2C01 D1=64F2 D2=0 D3=2 D4=104047C0 D5=84418522 D6=84418522 D7=FFFF A0=3C0002 A1=102D00 A2=D311E A3=108F64 A4=50CBB86 A5=108000 A6=D3128 PC=432A -- 00432A: dbra    D3, $42f2

   (loops for 134 instructions)

D0=2C01 D1=6500 D2=0 D3=FFFF D4=10404740 D5=84418522 D6=84418522 D7=FFFF A0=3C0002 A1=102D00 A2=D311E A3=108F64 A4=50CBB86 A5=108000 A6=D312C PC=432E -- 00432E: add.w   (A7)+, D4
D0=2C01 D1=6500 D2=0 D3=FFFF D4=10404880 D5=84418522 D6=84418522 D7=FFFF A0=3C0002 A1=102D00 A2=D311E A3=108F64 A4=50CBB86 A5=108000 A6=D312C PC=4330 -- 004330: rts
D0=2C01 D1=6500 D2=0 D3=FFFF D4=10404880 D5=84418522 D6=84418522 D7=FFFF A0=3C0002 A1=102D00 A2=D311E A3=108F64 A4=50CBB86 A5=108000 A6=D312C PC=4016 -- 004016: bra     $401c
D0=2C01 D1=6500 D2=0 D3=FFFF D4=10404880 D5=84418522 D6=84418522 D7=FFFF A0=3C0002 A1=102D00 A2=D311E A3=108F64 A4=50CBB86 A5=108000 A6=D312C PC=401C -- 00401C: movea.l (A7)+, A6
D0=2C01 D1=6500 D2=0 D3=FFFF D4=10404880 D5=84418522 D6=84418522 D7=FFFF A0=3C0002 A1=102D00 A2=D311E A3=108F64 A4=50CBB86 A5=108000 A6=108E3C PC=401E -- 00401E: btst    #$5, ($4,A4)
D0=2C01 D1=6500 D2=0 D3=FFFF D4=10404880 D5=84418522 D6=84418522 D7=FFFF A0=3C0002 A1=102D00 A2=D311E A3=108F64 A4=50CBB86 A5=108000 A6=108E3C PC=4024 -- 004024: beq     $4056
D0=2C01 D1=6500 D2=0 D3=FFFF D4=10404880 D5=84418522 D6=84418522 D7=FFFF A0=3C0002 A1=102D00 A2=D311E A3=108F64 A4=50CBB86 A5=108000 A6=108E3C PC=4056 -- 004056: tst.b   ($7c,A1)
D0=2C01 D1=6500 D2=0 D3=FFFF D4=10404880 D5=84418522 D6=84418522 D7=FFFF A0=3C0002 A1=102D00 A2=D311E A3=108F64 A4=50CBB86 A5=108000 A6=108E3C PC=405A -- 00405A: bpl     $4064
D0=2C01 D1=6500 D2=0 D3=FFFF D4=10404880 D5=84418522 D6=84418522 D7=FFFF A0=3C0002 A1=102D00 A2=D311E A3=108F64 A4=50CBB86 A5=108000 A6=108E3C PC=4064 -- 004064: movea.l (A7)+, A0
D0=2C01 D1=6500 D2=0 D3=FFFF D4=10404880 D5=84418522 D6=84418522 D7=FFFF A0=108916 A1=102D00 A2=D311E A3=108F64 A4=50CBB86 A5=108000 A6=108E3C PC=4066 -- 004066: subq.w  #1, ($e3a,A5)
D0=2C01 D1=6500 D2=0 D3=FFFF D4=10404880 D5=84418522 D6=84418522 D7=FFFF A0=108916 A1=102D00 A2=D311E A3=108F64 A4=50CBB86 A5=108000 A6=108E3C PC=406A -- 00406A: bne     $3f32
D0=2C01 D1=6500 D2=0 D3=FFFF D4=10404880 D5=84418522 D6=84418522 D7=FFFF A0=108916 A1=102D00 A2=D311E A3=108F64 A4=50CBB86 A5=108000 A6=108E3C PC=3F32 -- 003F32: move.w  (A0)+, D0
D0=3300 D1=6500 D2=0 D3=FFFF D4=10404880 D5=84418522 D6=84418522 D7=FFFF A0=108918 A1=102D00 A2=D311E A3=108F64 A4=50CBB86 A5=108000 A6=108E3C PC=3F34 -- 003F34: beq     $3f32
D0=3300 D1=6500 D2=0 D3=FFFF D4=10404880 D5=84418522 D6=84418522 D7=FFFF A0=108918 A1=102D00 A2=D311E A3=108F64 A4=50CBB86 A5=108000 A6=108E3C PC=3F36 -- 003F36: clr.w   (-$2,A0)
D0=3300 D1=6500 D2=0 D3=FFFF D4=10404880 D5=84418522 D6=84418522 D7=FFFF A0=108918 A1=102D00 A2=D311E A3=108F64 A4=50CBB86 A5=108000 A6=108E3C PC=3F3A -- 003F3A: move.l  A5, D1
D0=3300 D1=108000 D2=0 D3=FFFF D4=10404880 D5=84418522 D6=84418522 D7=FFFF A0=108918 A1=102D00 A2=D311E A3=108F64 A4=50CBB86 A5=108000 A6=108E3C PC=3F3C -- 003F3C: move.w  D0, D1
D0=3300 D1=103300 D2=0 D3=FFFF D4=10404880 D5=84418522 D6=84418522 D7=FFFF A0=108918 A1=102D00 A2=D311E A3=108F64 A4=50CBB86 A5=108000 A6=108E3C PC=3F3E -- 003F3E: movea.l D1, A1
D0=3300 D1=103300 D2=0 D3=FFFF D4=10404880 D5=84418522 D6=84418522 D7=FFFF A0=108918 A1=103300 A2=D311E A3=108F64 A4=50CBB86 A5=108000 A6=108E3C PC=3F40 -- 003F40: movea.l ($28,A1), A2
D0=3300 D1=103300 D2=0 D3=FFFF D4=10404880 D5=84418522 D6=84418522 D7=FFFF A0=108918 A1=103300 A2=DB244 A3=108F64 A4=50CBB86 A5=108000 A6=108E3C PC=3F44 -- 003F44: lea     $7bf48.l, A4
D0=3300 D1=103300 D2=0 D3=FFFF D4=10404880 D5=84418522 D6=84418522 D7=FFFF A0=108918 A1=103300 A2=DB244 A3=108F64 A4=7BF48 A5=108000 A6=108E3C PC=3F4A -- 003F4A: move.w  ($70,A1), D0
D0=12 D1=103300 D2=0 D3=FFFF D4=10404880 D5=84418522 D6=84418522 D7=FFFF A0=108918 A1=103300 A2=DB244 A3=108F64 A4=7BF48 A5=108000 A6=108E3C PC=3F4E -- 003F4E: add.w   D0, D0
D0=24 D1=103300 D2=0 D3=FFFF D4=10404880 D5=84418522 D6=84418522 D7=FFFF A0=108918 A1=103300 A2=DB244 A3=108F64 A4=7BF48 A5=108000 A6=108E3C PC=3F50 -- 003F50: add.w   D0, D0
D0=48 D1=103300 D2=0 D3=FFFF D4=10404880 D5=84418522 D6=84418522 D7=FFFF A0=108918 A1=103300 A2=DB244 A3=108F64 A4=7BF48 A5=108000 A6=108E3C PC=3F52 -- 003F52: movea.l (A4,D0.w), A4
D0=48 D1=103300 D2=0 D3=FFFF D4=10404880 D5=84418522 D6=84418522 D7=FFFF A0=108918 A1=103300 A2=DB244 A3=108F64 A4=7E3C0 A5=108000 A6=108E3C PC=3F56 -- 003F56: move.w  ($72,A1), D0
D0=0 D1=103300 D2=0 D3=FFFF D4=10404880 D5=84418522 D6=84418522 D7=FFFF A0=108918 A1=103300 A2=DB244 A3=108F64 A4=7E3C0 A5=108000 A6=108E3C PC=3F5A -- 003F5A: add.w   D0, D0
D0=0 D1=103300 D2=0 D3=FFFF D4=10404880 D5=84418522 D6=84418522 D7=FFFF A0=108918 A1=103300 A2=DB244 A3=108F64 A4=7E3C0 A5=108000 A6=108E3C PC=3F5C -- 003F5C: move.w  (A4,D0.w), ($46de,A5)
D0=0 D1=103300 D2=0 D3=FFFF D4=10404880 D5=84418522 D6=84418522 D7=FFFF A0=108918 A1=103300 A2=DB244 A3=108F64 A4=7E3C0 A5=108000 A6=108E3C PC=3F62 -- 003F62: lea     $80000.l, A4
D0=0 D1=103300 D2=0 D3=FFFF D4=10404880 D5=84418522 D6=84418522 D7=FFFF A0=108918 A1=103300 A2=DB244 A3=108F64 A4=80000 A5=108000 A6=108E3C PC=3F68 -- 003F68: move.w  ($70,A1), D0
D0=12 D1=103300 D2=0 D3=FFFF D4=10404880 D5=84418522 D6=84418522 D7=FFFF A0=108918 A1=103300 A2=DB244 A3=108F64 A4=80000 A5=108000 A6=108E3C PC=3F6C -- 003F6C: add.w   D0, D0
D0=24 D1=103300 D2=0 D3=FFFF D4=10404880 D5=84418522 D6=84418522 D7=FFFF A0=108918 A1=103300 A2=DB244 A3=108F64 A4=80000 A5=108000 A6=108E3C PC=3F6E -- 003F6E: add.w   D0, D0
D0=48 D1=103300 D2=0 D3=FFFF D4=10404880 D5=84418522 D6=84418522 D7=FFFF A0=108918 A1=103300 A2=DB244 A3=108F64 A4=80000 A5=108000 A6=108E3C PC=3F70 -- 003F70: movea.l (A4,D0.w), A4
D0=48 D1=103300 D2=0 D3=FFFF D4=10404880 D5=84418522 D6=84418522 D7=FFFF A0=108918 A1=103300 A2=DB244 A3=108F64 A4=84A00 A5=108000 A6=108E3C PC=3F74 -- 003F74: move.w  ($46de,A5), D0
D0=0 D1=103300 D2=0 D3=FFFF D4=10404880 D5=84418522 D6=84418522 D7=FFFF A0=108918 A1=103300 A2=DB244 A3=108F64 A4=84A00 A5=108000 A6=108E3C PC=3F78 -- 003F78: tst.b   ($46e2,A5)
D0=0 D1=103300 D2=0 D3=FFFF D4=10404880 D5=84418522 D6=84418522 D7=FFFF A0=108918 A1=103300 A2=DB244 A3=108F64 A4=84A00 A5=108000 A6=108E3C PC=3F7C -- 003F7C: beq     $3f82
D0=0 D1=103300 D2=0 D3=FFFF D4=10404880 D5=84418522 D6=84418522 D7=FFFF A0=108918 A1=103300 A2=DB244 A3=108F64 A4=84A00 A5=108000 A6=108E3C PC=3F82 -- 003F82: andi.w  #$ff, D0
D0=0 D1=103300 D2=0 D3=FFFF D4=10404880 D5=84418522 D6=84418522 D7=FFFF A0=108918 A1=103300 A2=DB244 A3=108F64 A4=84A00 A5=108000 A6=108E3C PC=3F86 -- 003F86: add.w   D0, D0
D0=0 D1=103300 D2=0 D3=FFFF D4=10404880 D5=84418522 D6=84418522 D7=FFFF A0=108918 A1=103300 A2=DB244 A3=108F64 A4=84A00 A5=108000 A6=108E3C PC=3F88 -- 003F88: add.w   D0, D0
D0=0 D1=103300 D2=0 D3=FFFF D4=10404880 D5=84418522 D6=84418522 D7=FFFF A0=108918 A1=103300 A2=DB244 A3=108F64 A4=84A00 A5=108000 A6=108E3C PC=3F8A -- 003F8A: movea.l (A4,D0.w), A4
D0=0 D1=103300 D2=0 D3=FFFF D4=10404880 D5=84418522 D6=84418522 D7=FFFF A0=108918 A1=103300 A2=DB244 A3=108F64 A4=D5298 A5=108000 A6=108E3C PC=3F8E -- 003F8E: move.w  ($74,A1), D0
D0=C D1=103300 D2=0 D3=FFFF D4=10404880 D5=84418522 D6=84418522 D7=FFFF A0=108918 A1=103300 A2=DB244 A3=108F64 A4=D5298 A5=108000 A6=108E3C PC=3F92 -- 003F92: adda.w  D0, A4
D0=C D1=103300 D2=0 D3=FFFF D4=10404880 D5=84418522 D6=84418522 D7=FFFF A0=108918 A1=103300 A2=DB244 A3=108F64 A4=D52A4 A5=108000 A6=108E3C PC=3F94 -- 003F94: move.l  (A4), D0
D0=50D3B64 D1=103300 D2=0 D3=FFFF D4=10404880 D5=84418522 D6=84418522 D7=FFFF A0=108918 A1=103300 A2=DB244 A3=108F64 A4=D52A4 A5=108000 A6=108E3C PC=3F96 -- 003F96: movea.l D0, A4
D0=50D3B64 D1=103300 D2=0 D3=FFFF D4=10404880 D5=84418522 D6=84418522 D7=FFFF A0=108918 A1=103300 A2=DB244 A3=108F64 A4=50D3B64 A5=108000 A6=108E3C PC=3F98 -- 003F98: move.l  A0, -(A7)
D0=50D3B64 D1=103300 D2=0 D3=FFFF D4=10404880 D5=84418522 D6=84418522 D7=FFFF A0=108918 A1=103300 A2=DB244 A3=108F64 A4=50D3B64 A5=108000 A6=108E3C PC=3F9A -- 003F9A: lea     $3c0002.l, A0
D0=50D3B64 D1=103300 D2=0 D3=FFFF D4=10404880 D5=84418522 D6=84418522 D7=FFFF A0=3C0002 A1=103300 A2=DB244 A3=108F64 A4=50D3B64 A5=108000 A6=108E3C PC=3FA0 -- 003FA0: tst.b   ($7c,A1)
D0=50D3B64 D1=103300 D2=0 D3=FFFF D4=10404880 D5=84418522 D6=84418522 D7=FFFF A0=3C0002 A1=103300 A2=DB244 A3=108F64 A4=50D3B64 A5=108000 A6=108E3C PC=3FA4 -- 003FA4: bpl     $3fc0
D0=50D3B64 D1=103300 D2=0 D3=FFFF D4=10404880 D5=84418522 D6=84418522 D7=FFFF A0=3C0002 A1=103300 A2=DB244 A3=108F64 A4=50D3B64 A5=108000 A6=108E3C PC=3FC0 -- 003FC0: moveq   #$0, D0
D0=0 D1=103300 D2=0 D3=FFFF D4=10404880 D5=84418522 D6=84418522 D7=FFFF A0=3C0002 A1=103300 A2=DB244 A3=108F64 A4=50D3B64 A5=108000 A6=108E3C PC=3FC2 -- 003FC2: move.b  (A2), D0
D0=5 D1=103300 D2=0 D3=FFFF D4=10404880 D5=84418522 D6=84418522 D7=FFFF A0=3C0002 A1=103300 A2=DB244 A3=108F64 A4=50D3B64 A5=108000 A6=108E3C PC=3FC4 -- 003FC4: sub.w   D0, ($794,A5)
D0=5 D1=103300 D2=0 D3=FFFF D4=10404880 D5=84418522 D6=84418522 D7=FFFF A0=3C0002 A1=103300 A2=DB244 A3=108F64 A4=50D3B64 A5=108000 A6=108E3C PC=3FC8 -- 003FC8: bcc     $3fd2
D0=5 D1=103300 D2=0 D3=FFFF D4=10404880 D5=84418522 D6=84418522 D7=FFFF A0=3C0002 A1=103300 A2=DB244 A3=108F64 A4=50D3B64 A5=108000 A6=108E3C PC=3FD2 -- 003FD2: move.l  A6, -(A7)
D0=5 D1=103300 D2=0 D3=FFFF D4=10404880 D5=84418522 D6=84418522 D7=FFFF A0=3C0002 A1=103300 A2=DB244 A3=108F64 A4=50D3B64 A5=108000 A6=108E3C PC=3FD4 -- 003FD4: btst    #$6, ($7c,A1)
D0=5 D1=103300 D2=0 D3=FFFF D4=10404880 D5=84418522 D6=84418522 D7=FFFF A0=3C0002 A1=103300 A2=DB244 A3=108F64 A4=50D3B64 A5=108000 A6=108E3C PC=3FDA -- 003FDA: bne     $400c
D0=5 D1=103300 D2=0 D3=FFFF D4=10404880 D5=84418522 D6=84418522 D7=FFFF A0=3C0002 A1=103300 A2=DB244 A3=108F64 A4=50D3B64 A5=108000 A6=108E3C PC=3FDE -- 003FDE: moveq   #$0, D1
D0=5 D1=0 D2=0 D3=FFFF D4=10404880 D5=84418522 D6=84418522 D7=FFFF A0=3C0002 A1=103300 A2=DB244 A3=108F64 A4=50D3B64 A5=108000 A6=108E3C PC=3FE0 -- 003FE0: move.b  ($82,A1), D1
D0=5 D1=0 D2=0 D3=FFFF D4=10404880 D5=84418522 D6=84418522 D7=FFFF A0=3C0002 A1=103300 A2=DB244 A3=108F64 A4=50D3B64 A5=108000 A6=108E3C PC=3FE4 -- 003FE4: add.w   D1, D1
D0=5 D1=0 D2=0 D3=FFFF D4=10404880 D5=84418522 D6=84418522 D7=FFFF A0=3C0002 A1=103300 A2=DB244 A3=108F64 A4=50D3B64 A5=108000 A6=108E3C PC=3FE6 -- 003FE6: add.w   D1, D1
D0=5 D1=0 D2=0 D3=FFFF D4=10404880 D5=84418522 D6=84418522 D7=FFFF A0=3C0002 A1=103300 A2=DB244 A3=108F64 A4=50D3B64 A5=108000 A6=108E3C PC=3FE8 -- 003FE8: move.w  ($18,A1), D0
D0=118 D1=0 D2=0 D3=FFFF D4=10404880 D5=84418522 D6=84418522 D7=FFFF A0=3C0002 A1=103300 A2=DB244 A3=108F64 A4=50D3B64 A5=108000 A6=108E3C PC=3FEC -- 003FEC: lea     ($104c,A5), A6
D0=118 D1=0 D2=0 D3=FFFF D4=10404880 D5=84418522 D6=84418522 D7=FFFF A0=3C0002 A1=103300 A2=DB244 A3=108F64 A4=50D3B64 A5=108000 A6=10904C PC=3FF0 -- 003FF0: sub.w   (A6,D1.w), D0
D0=118 D1=0 D2=0 D3=FFFF D4=10404880 D5=84418522 D6=84418522 D7=FFFF A0=3C0002 A1=103300 A2=DB244 A3=108F64 A4=50D3B64 A5=108000 A6=10904C PC=3FF4 -- 003FF4: move.w  D0, ($24,A1)
D0=118 D1=0 D2=0 D3=FFFF D4=10404880 D5=84418522 D6=84418522 D7=FFFF A0=3C0002 A1=103300 A2=DB244 A3=108F64 A4=50D3B64 A5=108000 A6=10904C PC=3FF8 -- 003FF8: move.w  ($1c,A1), D0
D0=B8 D1=0 D2=0 D3=FFFF D4=10404880 D5=84418522 D6=84418522 D7=FFFF A0=3C0002 A1=103300 A2=DB244 A3=108F64 A4=50D3B64 A5=108000 A6=10904C PC=3FFC -- 003FFC: sub.w   ($20,A1), D0
D0=B8 D1=0 D2=0 D3=FFFF D4=10404880 D5=84418522 D6=84418522 D7=FFFF A0=3C0002 A1=103300 A2=DB244 A3=108F64 A4=50D3B64 A5=108000 A6=10904C PC=4000 -- 004000: lea     ($1058,A5), A6
D0=B8 D1=0 D2=0 D3=FFFF D4=10404880 D5=84418522 D6=84418522 D7=FFFF A0=3C0002 A1=103300 A2=DB244 A3=108F64 A4=50D3B64 A5=108000 A6=109058 PC=4004 -- 004004: sub.w   (A6,D1.w), D0
D0=B8 D1=0 D2=0 D3=FFFF D4=10404880 D5=84418522 D6=84418522 D7=FFFF A0=3C0002 A1=103300 A2=DB244 A3=108F64 A4=50D3B64 A5=108000 A6=109058 PC=4008 -- 004008: move.w  D0, ($26,A1)
D0=B8 D1=0 D2=0 D3=FFFF D4=10404880 D5=84418522 D6=84418522 D7=FFFF A0=3C0002 A1=103300 A2=DB244 A3=108F64 A4=50D3B64 A5=108000 A6=109058 PC=400C -- 00400C: tst.b   ($3a66,A5)
D0=B8 D1=0 D2=0 D3=FFFF D4=10404880 D5=84418522 D6=84418522 D7=FFFF A0=3C0002 A1=103300 A2=DB244 A3=108F64 A4=50D3B64 A5=108000 A6=109058 PC=4010 -- 004010: bmi     $4018
D0=B8 D1=0 D2=0 D3=FFFF D4=10404880 D5=84418522 D6=84418522 D7=FFFF A0=3C0002 A1=103300 A2=DB244 A3=108F64 A4=50D3B64 A5=108000 A6=109058 PC=4012 -- 004012: bsr     $4088
D0=B8 D1=0 D2=0 D3=FFFF D4=10404880 D5=84418522 D6=84418522 D7=FFFF A0=3C0002 A1=103300 A2=DB244 A3=108F64 A4=50D3B64 A5=108000 A6=109058 PC=4088 -- 004088: move.w  (A4), D0
D0=FFD7 D1=0 D2=0 D3=FFFF D4=10404880 D5=84418522 D6=84418522 D7=FFFF A0=3C0002 A1=103300 A2=DB244 A3=108F64 A4=50D3B64 A5=108000 A6=109058 PC=408A -- 00408A: move.b  ($31,A1), D1
D0=FFD7 D1=0 D2=0 D3=FFFF D4=10404880 D5=84418522 D6=84418522 D7=FFFF A0=3C0002 A1=103300 A2=DB244 A3=108F64 A4=50D3B64 A5=108000 A6=109058 PC=408E -- 00408E: move.b  ($4,A4), D2
D0=FFD7 D1=0 D2=0 D3=FFFF D4=10404880 D5=84418522 D6=84418522 D7=FFFF A0=3C0002 A1=103300 A2=DB244 A3=108F64 A4=50D3B64 A5=108000 A6=109058 PC=4092 -- 004092: rol.b   #2, D2
D0=FFD7 D1=0 D2=0 D3=FFFF D4=10404880 D5=84418522 D6=84418522 D7=FFFF A0=3C0002 A1=103300 A2=DB244 A3=108F64 A4=50D3B64 A5=108000 A6=109058 PC=4094 -- 004094: eor.w   D2, D1
D0=FFD7 D1=0 D2=0 D3=FFFF D4=10404880 D5=84418522 D6=84418522 D7=FFFF A0=3C0002 A1=103300 A2=DB244 A3=108F64 A4=50D3B64 A5=108000 A6=109058 PC=4096 -- 004096: andi.w  #$3, D1
D0=FFD7 D1=0 D2=0 D3=FFFF D4=10404880 D5=84418522 D6=84418522 D7=FFFF A0=3C0002 A1=103300 A2=DB244 A3=108F64 A4=50D3B64 A5=108000 A6=109058 PC=409A -- 00409A: move.w  D1, ($790,A5)
D0=FFD7 D1=0 D2=0 D3=FFFF D4=10404880 D5=84418522 D6=84418522 D7=FFFF A0=3C0002 A1=103300 A2=DB244 A3=108F64 A4=50D3B64 A5=108000 A6=109058 PC=409E -- 00409E: andi.w  #$1, D1
D0=FFD7 D1=0 D2=0 D3=FFFF D4=10404880 D5=84418522 D6=84418522 D7=FFFF A0=3C0002 A1=103300 A2=DB244 A3=108F64 A4=50D3B64 A5=108000 A6=109058 PC=40A2 -- 0040A2: beq     $40ae
D0=FFD7 D1=0 D2=0 D3=FFFF D4=10404880 D5=84418522 D6=84418522 D7=FFFF A0=3C0002 A1=103300 A2=DB244 A3=108F64 A4=50D3B64 A5=108000 A6=109058 PC=40AE -- 0040AE: moveq   #$0, D1
D0=FFD7 D1=0 D2=0 D3=FFFF D4=10404880 D5=84418522 D6=84418522 D7=FFFF A0=3C0002 A1=103300 A2=DB244 A3=108F64 A4=50D3B64 A5=108000 A6=109058 PC=40B0 -- 0040B0: move.b  ($68,A1), D1
D0=FFD7 D1=FF D2=0 D3=FFFF D4=10404880 D5=84418522 D6=84418522 D7=FFFF A0=3C0002 A1=103300 A2=DB244 A3=108F64 A4=50D3B64 A5=108000 A6=109058 PC=40B4 -- 0040B4: addq.w  #1, D1
D0=FFD7 D1=100 D2=0 D3=FFFF D4=10404880 D5=84418522 D6=84418522 D7=FFFF A0=3C0002 A1=103300 A2=DB244 A3=108F64 A4=50D3B64 A5=108000 A6=109058 PC=40B6 -- 0040B6: muls.w  D1, D0
D0=FFFFD700 D1=100 D2=0 D3=FFFF D4=10404880 D5=84418522 D6=84418522 D7=FFFF A0=3C0002 A1=103300 A2=DB244 A3=108F64 A4=50D3B64 A5=108000 A6=109058 PC=40B8 -- 0040B8: lsr.l   #8, D0
D0=FFFFD7 D1=100 D2=0 D3=FFFF D4=10404880 D5=84418522 D6=84418522 D7=FFFF A0=3C0002 A1=103300 A2=DB244 A3=108F64 A4=50D3B64 A5=108000 A6=109058 PC=40BA -- 0040BA: add.w   ($24,A1), D0
D0=FF00EF D1=100 D2=0 D3=FFFF D4=10404880 D5=84418522 D6=84418522 D7=FFFF A0=3C0002 A1=103300 A2=DB244 A3=108F64 A4=50D3B64 A5=108000 A6=109058 PC=40BE -- 0040BE: lsl.w   #7, D0
D0=FF7780 D1=100 D2=0 D3=FFFF D4=10404880 D5=84418522 D6=84418522 D7=FFFF A0=3C0002 A1=103300 A2=DB244 A3=108F64 A4=50D3B64 A5=108000 A6=109058 PC=40C0 -- 0040C0: move.w  D6, (-$2,A0)
D0=FF7780 D1=100 D2=0 D3=FFFF D4=10404880 D5=84418522 D6=84418522 D7=FFFF A0=3C0002 A1=103300 A2=DB244 A3=108F64 A4=50D3B64 A5=108000 A6=109058 PC=40C4 -- 0040C4: move.w  D0, (A0)
D0=FF7780 D1=100 D2=0 D3=FFFF D4=10404880 D5=84418522 D6=84418522 D7=FFFF A0=3C0002 A1=103300 A2=DB244 A3=108F64 A4=50D3B64 A5=108000 A6=109058 PC=40C6 -- 0040C6: moveq   #$0, D0
D0=0 D1=100 D2=0 D3=FFFF D4=10404880 D5=84418522 D6=84418522 D7=FFFF A0=3C0002 A1=103300 A2=DB244 A3=108F64 A4=50D3B64 A5=108000 A6=109058 PC=40C8 -- 0040C8: move.b  (A2), D0
D0=5 D1=100 D2=0 D3=FFFF D4=10404880 D5=84418522 D6=84418522 D7=FFFF A0=3C0002 A1=103300 A2=DB244 A3=108F64 A4=50D3B64 A5=108000 A6=109058 PC=40CA -- 0040CA: add.w   D0, D6
D0=5 D1=100 D2=0 D3=FFFF D4=10404880 D5=84418527 D6=84418527 D7=FFFF A0=3C0002 A1=103300 A2=DB244 A3=108F64 A4=50D3B64 A5=108000 A6=109058 PC=40CC -- 0040CC: move.w  ($2,A4), D0
D0=FF91 D1=100 D2=0 D3=FFFF D4=10404880 D5=84418527 D6=84418527 D7=FFFF A0=3C0002 A1=103300 A2=DB244 A3=108F64 A4=50D3B64 A5=108000 A6=109058 PC=40D0 -- 0040D0: btst    #$1, ($791,A5)
D0=FF91 D1=100 D2=0 D3=FFFF D4=10404880 D5=84418527 D6=84418527 D7=FFFF A0=3C0002 A1=103300 A2=DB244 A3=108F64 A4=50D3B64 A5=108000 A6=109058 PC=40D6 -- 0040D6: beq     $40e4
D0=FF91 D1=100 D2=0 D3=FFFF D4=10404880 D5=84418527 D6=84418527 D7=FFFF A0=3C0002 A1=103300 A2=DB244 A3=108F64 A4=50D3B64 A5=108000 A6=109058 PC=40E4 -- 0040E4: moveq   #$0, D1
D0=FF91 D1=0 D2=0 D3=FFFF D4=10404880 D5=84418527 D6=84418527 D7=FFFF A0=3C0002 A1=103300 A2=DB244 A3=108F64 A4=50D3B64 A5=108000 A6=109058 PC=40E6 -- 0040E6: move.b  ($69,A1), D1
D0=FF91 D1=FF D2=0 D3=FFFF D4=10404880 D5=84418527 D6=84418527 D7=FFFF A0=3C0002 A1=103300 A2=DB244 A3=108F64 A4=50D3B64 A5=108000 A6=109058 PC=40EA -- 0040EA: addq.w  #1, D1
D0=FF91 D1=100 D2=0 D3=FFFF D4=10404880 D5=84418527 D6=84418527 D7=FFFF A0=3C0002 A1=103300 A2=DB244 A3=108F64 A4=50D3B64 A5=108000 A6=109058 PC=40EC -- 0040EC: muls.w  D1, D0
D0=FFFF9100 D1=100 D2=0 D3=FFFF D4=10404880 D5=84418527 D6=84418527 D7=FFFF A0=3C0002 A1=103300 A2=DB244 A3=108F64 A4=50D3B64 A5=108000 A6=109058 PC=40EE -- 0040EE: lsr.l   #8, D0
D0=FFFF91 D1=100 D2=0 D3=FFFF D4=10404880 D5=84418527 D6=84418527 D7=FFFF A0=3C0002 A1=103300 A2=DB244 A3=108F64 A4=50D3B64 A5=108000 A6=109058 PC=40F0 -- 0040F0: add.w   ($26,A1), D0
D0=FF0049 D1=100 D2=0 D3=FFFF D4=10404880 D5=84418527 D6=84418527 D7=FFFF A0=3C0002 A1=103300 A2=DB244 A3=108F64 A4=50D3B64 A5=108000 A6=109058 PC=40F4 -- 0040F4: neg.w   D0
D0=FFFFB7 D1=100 D2=0 D3=FFFF D4=10404880 D5=84418527 D6=84418527 D7=FFFF A0=3C0002 A1=103300 A2=DB244 A3=108F64 A4=50D3B64 A5=108000 A6=109058 PC=40F6 -- 0040F6: addi.w  #$1ff, D0
D0=FF01B6 D1=100 D2=0 D3=FFFF D4=10404880 D5=84418527 D6=84418527 D7=FFFF A0=3C0002 A1=103300 A2=DB244 A3=108F64 A4=50D3B64 A5=108000 A6=109058 PC=40FA -- 0040FA: lsl.w   #7, D0
D0=FFDB00 D1=100 D2=0 D3=FFFF D4=10404880 D5=84418527 D6=84418527 D7=FFFF A0=3C0002 A1=103300 A2=DB244 A3=108F64 A4=50D3B64 A5=108000 A6=109058 PC=40FC -- 0040FC: bsr     $4772
D0=FFDB00 D1=100 D2=0 D3=FFFF D4=10404880 D5=84418527 D6=84418527 D7=FFFF A0=3C0002 A1=103300 A2=DB244 A3=108F64 A4=50D3B64 A5=108000 A6=109058 PC=4772 -- 004772: move.w  D0, -(A7)
D0=FFDB00 D1=100 D2=0 D3=FFFF D4=10404880 D5=84418527 D6=84418527 D7=FFFF A0=3C0002 A1=103300 A2=DB244 A3=108F64 A4=50D3B64 A5=108000 A6=109058 PC=4774 -- 004774: moveq   #-$1, D0
D0=FFFFFFFF D1=100 D2=0 D3=FFFF D4=10404880 D5=84418527 D6=84418527 D7=FFFF A0=3C0002 A1=103300 A2=DB244 A3=108F64 A4=50D3B64 A5=108000 A6=109058 PC=4776 -- 004776: moveq   #$0, D1
D0=FFFFFFFF D1=0 D2=0 D3=FFFF D4=10404880 D5=84418527 D6=84418527 D7=FFFF A0=3C0002 A1=103300 A2=DB244 A3=108F64 A4=50D3B64 A5=108000 A6=109058 PC=4778 -- 004778: move.b  ($1,A2), D1
D0=FFFFFFFF D1=7 D2=0 D3=FFFF D4=10404880 D5=84418527 D6=84418527 D7=FFFF A0=3C0002 A1=103300 A2=DB244 A3=108F64 A4=50D3B64 A5=108000 A6=109058 PC=477C -- 00477C: cmpi.b  #-$1, ($69,A1)
D0=FFFFFFFF D1=7 D2=0 D3=FFFF D4=10404880 D5=84418527 D6=84418527 D7=FFFF A0=3C0002 A1=103300 A2=DB244 A3=108F64 A4=50D3B64 A5=108000 A6=109058 PC=4782 -- 004782: beq     $47b4
D0=FFFFFFFF D1=7 D2=0 D3=FFFF D4=10404880 D5=84418527 D6=84418527 D7=FFFF A0=3C0002 A1=103300 A2=DB244 A3=108F64 A4=50D3B64 A5=108000 A6=109058 PC=47B4 -- 0047B4: move.b  D0, ($78f,A5)
D0=FFFFFFFF D1=7 D2=0 D3=FFFF D4=10404880 D5=84418527 D6=84418527 D7=FFFF A0=3C0002 A1=103300 A2=DB244 A3=108F64 A4=50D3B64 A5=108000 A6=109058 PC=47B8 -- 0047B8: move.b  D1, ($78e,A5)
D0=FFFFFFFF D1=7 D2=0 D3=FFFF D4=10404880 D5=84418527 D6=84418527 D7=FFFF A0=3C0002 A1=103300 A2=DB244 A3=108F64 A4=50D3B64 A5=108000 A6=109058 PC=47BC -- 0047BC: move.w  (A7)+, D0
D0=FFFFDB00 D1=7 D2=0 D3=FFFF D4=10404880 D5=84418527 D6=84418527 D7=FFFF A0=3C0002 A1=103300 A2=DB244 A3=108F64 A4=50D3B64 A5=108000 A6=109058 PC=47BE -- 0047BE: rts
D0=FFFFDB00 D1=7 D2=0 D3=FFFF D4=10404880 D5=84418527 D6=84418527 D7=FFFF A0=3C0002 A1=103300 A2=DB244 A3=108F64 A4=50D3B64 A5=108000 A6=109058 PC=4100 -- 004100: add.b   ($78e,A5), D0
D0=FFFFDB07 D1=7 D2=0 D3=FFFF D4=10404880 D5=84418527 D6=84418527 D7=FFFF A0=3C0002 A1=103300 A2=DB244 A3=108F64 A4=50D3B64 A5=108000 A6=109058 PC=4104 -- 004104: move.w  D0, (A3)+
D0=FFFFDB07 D1=7 D2=0 D3=FFFF D4=10404880 D5=84418527 D6=84418527 D7=FFFF A0=3C0002 A1=103300 A2=DB244 A3=108F66 A4=50D3B64 A5=108000 A6=109058 PC=4106 -- 004106: moveq   #$0, D0
D0=0 D1=7 D2=0 D3=FFFF D4=10404880 D5=84418527 D6=84418527 D7=FFFF A0=3C0002 A1=103300 A2=DB244 A3=108F66 A4=50D3B64 A5=108000 A6=109058 PC=4108 -- 004108: move.b  (A2), D0
D0=5 D1=7 D2=0 D3=FFFF D4=10404880 D5=84418527 D6=84418527 D7=FFFF A0=3C0002 A1=103300 A2=DB244 A3=108F66 A4=50D3B64 A5=108000 A6=109058 PC=410A -- 00410A: subq.b  #2, D0
D0=3 D1=7 D2=0 D3=FFFF D4=10404880 D5=84418527 D6=84418527 D7=FFFF A0=3C0002 A1=103300 A2=DB244 A3=108F66 A4=50D3B64 A5=108000 A6=109058 PC=410C -- 00410C: bmi     $4118
D0=3 D1=7 D2=0 D3=FFFF D4=10404880 D5=84418527 D6=84418527 D7=FFFF A0=3C0002 A1=103300 A2=DB244 A3=108F66 A4=50D3B64 A5=108000 A6=109058 PC=410E -- 00410E: move.w  #$40, D1
D0=3 D1=40 D2=0 D3=FFFF D4=10404880 D5=84418527 D6=84418527 D7=FFFF A0=3C0002 A1=103300 A2=DB244 A3=108F66 A4=50D3B64 A5=108000 A6=109058 PC=4112 -- 004112: move.w  D1, (A3)+
D0=3 D1=40 D2=0 D3=FFFF D4=10404880 D5=84418527 D6=84418527 D7=FFFF A0=3C0002 A1=103300 A2=DB244 A3=108F68 A4=50D3B64 A5=108000 A6=109058 PC=4114 -- 004114: dbra    D0, $4112
D0=2 D1=40 D2=0 D3=FFFF D4=10404880 D5=84418527 D6=84418527 D7=FFFF A0=3C0002 A1=103300 A2=DB244 A3=108F68 A4=50D3B64 A5=108000 A6=109058 PC=4112 -- 004112: move.w  D1, (A3)+
D0=2 D1=40 D2=0 D3=FFFF D4=10404880 D5=84418527 D6=84418527 D7=FFFF A0=3C0002 A1=103300 A2=DB244 A3=108F6A A4=50D3B64 A5=108000 A6=109058 PC=4114 -- 004114: dbra    D0, $4112

   (loops for 4 instructions)

D0=FFFF D1=40 D2=0 D3=FFFF D4=10404880 D5=84418527 D6=84418527 D7=FFFF A0=3C0002 A1=103300 A2=DB244 A3=108F6E A4=50D3B64 A5=108000 A6=109058 PC=4118 -- 004118: move.w  #$1, ($2,A0)
D0=FFFF D1=40 D2=0 D3=FFFF D4=10404880 D5=84418527 D6=84418527 D7=FFFF A0=3C0002 A1=103300 A2=DB244 A3=108F6E A4=50D3B64 A5=108000 A6=109058 PC=411E -- 00411E: move.w  D5, (-$2,A0)
D0=FFFF D1=40 D2=0 D3=FFFF D4=10404880 D5=84418527 D6=84418527 D7=FFFF A0=3C0002 A1=103300 A2=DB244 A3=108F6E A4=50D3B64 A5=108000 A6=109058 PC=4122 -- 004122: moveq   #$0, D1
D0=FFFF D1=0 D2=0 D3=FFFF D4=10404880 D5=84418527 D6=84418527 D7=FFFF A0=3C0002 A1=103300 A2=DB244 A3=108F6E A4=50D3B64 A5=108000 A6=109058 PC=4124 -- 004124: move.b  ($68,A1), D0
D0=FFFF D1=0 D2=0 D3=FFFF D4=10404880 D5=84418527 D6=84418527 D7=FFFF A0=3C0002 A1=103300 A2=DB244 A3=108F6E A4=50D3B64 A5=108000 A6=109058 PC=4128 -- 004128: move.b  D0, D1
D0=FFFF D1=FF D2=0 D3=FFFF D4=10404880 D5=84418527 D6=84418527 D7=FFFF A0=3C0002 A1=103300 A2=DB244 A3=108F6E A4=50D3B64 A5=108000 A6=109058 PC=412A -- 00412A: andi.w  #$f, D0
D0=F D1=FF D2=0 D3=FFFF D4=10404880 D5=84418527 D6=84418527 D7=FFFF A0=3C0002 A1=103300 A2=DB244 A3=108F6E A4=50D3B64 A5=108000 A6=109058 PC=412E -- 00412E: lsr.b   #4, D1
D0=F D1=F D2=0 D3=FFFF D4=10404880 D5=84418527 D6=84418527 D7=FFFF A0=3C0002 A1=103300 A2=DB244 A3=108F6E A4=50D3B64 A5=108000 A6=109058 PC=4130 -- 004130: tst.b   D1
D0=F D1=F D2=0 D3=FFFF D4=10404880 D5=84418527 D6=84418527 D7=FFFF A0=3C0002 A1=103300 A2=DB244 A3=108F6E A4=50D3B64 A5=108000 A6=109058 PC=4132 -- 004132: beq     $4164
D0=F D1=F D2=0 D3=FFFF D4=10404880 D5=84418527 D6=84418527 D7=FFFF A0=3C0002 A1=103300 A2=DB244 A3=108F6E A4=50D3B64 A5=108000 A6=109058 PC=4134 -- 004134: lea     $4f9d2.l, A6
D0=F D1=F D2=0 D3=FFFF D4=10404880 D5=84418527 D6=84418527 D7=FFFF A0=3C0002 A1=103300 A2=DB244 A3=108F6E A4=50D3B64 A5=108000 A6=4F9D2 PC=413A -- 00413A: lsl.w   #5, D0
D0=1E0 D1=F D2=0 D3=FFFF D4=10404880 D5=84418527 D6=84418527 D7=FFFF A0=3C0002 A1=103300 A2=DB244 A3=108F6E A4=50D3B64 A5=108000 A6=4F9D2 PC=413C -- 00413C: adda.w  D0, A6
D0=1E0 D1=F D2=0 D3=FFFF D4=10404880 D5=84418527 D6=84418527 D7=FFFF A0=3C0002 A1=103300 A2=DB244 A3=108F6E A4=50D3B64 A5=108000 A6=4FBB2 PC=413E -- 00413E: moveq   #$f, D0
D0=F D1=F D2=0 D3=FFFF D4=10404880 D5=84418527 D6=84418527 D7=FFFF A0=3C0002 A1=103300 A2=DB244 A3=108F6E A4=50D3B64 A5=108000 A6=4FBB2 PC=4140 -- 004140: moveq   #$0, D2
D0=F D1=F D2=0 D3=FFFF D4=10404880 D5=84418527 D6=84418527 D7=FFFF A0=3C0002 A1=103300 A2=DB244 A3=108F6E A4=50D3B64 A5=108000 A6=4FBB2 PC=4142 -- 004142: move.b  (A2), D2
D0=F D1=F D2=5 D3=FFFF D4=10404880 D5=84418527 D6=84418527 D7=FFFF A0=3C0002 A1=103300 A2=DB244 A3=108F6E A4=50D3B64 A5=108000 A6=4FBB2 PC=4144 -- 004144: lsr.w   #1, D2
D0=F D1=F D2=2 D3=FFFF D4=10404880 D5=84418527 D6=84418527 D7=FFFF A0=3C0002 A1=103300 A2=DB244 A3=108F6E A4=50D3B64 A5=108000 A6=4FBB2 PC=4146 -- 004146: sub.w   D2, D0
D0=D D1=F D2=2 D3=FFFF D4=10404880 D5=84418527 D6=84418527 D7=FFFF A0=3C0002 A1=103300 A2=DB244 A3=108F6E A4=50D3B64 A5=108000 A6=4FBB2 PC=4148 -- 004148: adda.l  D0, A6
D0=D D1=F D2=2 D3=FFFF D4=10404880 D5=84418527 D6=84418527 D7=FFFF A0=3C0002 A1=103300 A2=DB244 A3=108F6E A4=50D3B64 A5=108000 A6=4FBBF PC=414A -- 00414A: move.b  (A2), D0
D0=5 D1=F D2=2 D3=FFFF D4=10404880 D5=84418527 D6=84418527 D7=FFFF A0=3C0002 A1=103300 A2=DB244 A3=108F6E A4=50D3B64 A5=108000 A6=4FBBF PC=414C -- 00414C: add.w   D0, D5
D0=5 D1=F D2=2 D3=FFFF D4=10404880 D5=84418527 D6=84418527 D7=FFFF A0=3C0002 A1=103300 A2=DB244 A3=108F6E A4=50D3B64 A5=108000 A6=4FBBF PC=414E -- 00414E: subq.b  #1, D0
D0=4 D1=F D2=2 D3=FFFF D4=10404880 D5=84418527 D6=84418527 D7=FFFF A0=3C0002 A1=103300 A2=DB244 A3=108F6E A4=50D3B64 A5=108000 A6=4FBBF PC=4150 -- 004150: move.b  D1, D2
D0=4 D1=F D2=F D3=FFFF D4=10404880 D5=84418527 D6=84418527 D7=FFFF A0=3C0002 A1=103300 A2=DB244 A3=108F6E A4=50D3B64 A5=108000 A6=4FBBF PC=4152 -- 004152: sub.b   (A6)+, D2
D0=4 D1=F D2=F D3=FFFF D4=10404880 D5=84418527 D6=84418527 D7=FFFF A0=3C0002 A1=103300 A2=DB244 A3=108F6E A4=50D3B64 A5=108000 A6=4FBC0 PC=4154 -- 004154: lsl.w   #8, D2
D0=4 D1=F D2=F00 D3=FFFF D4=10404880 D5=84418527 D6=84418527 D7=FFFF A0=3C0002 A1=103300 A2=DB244 A3=108F6E A4=50D3B64 A5=108000 A6=4FBC0 PC=4156 -- 004156: move.b  ($69,A1), D2
D0=4 D1=F D2=FFF D3=FFFF D4=10404880 D5=84418527 D6=84418527 D7=FFFF A0=3C0002 A1=103300 A2=DB244 A3=108F6E A4=50D3B64 A5=108000 A6=4FBC0 PC=415A -- 00415A: move.w  D2, (A0)
D0=4 D1=F D2=FFF D3=FFFF D4=10404880 D5=84418527 D6=84418527 D7=FFFF A0=3C0002 A1=103300 A2=DB244 A3=108F6E A4=50D3B64 A5=108000 A6=4FBC0 PC=415C -- 00415C: dbra    D0, $4150
D0=3 D1=F D2=FFF D3=FFFF D4=10404880 D5=84418527 D6=84418527 D7=FFFF A0=3C0002 A1=103300 A2=DB244 A3=108F6E A4=50D3B64 A5=108000 A6=4FBC0 PC=4150 -- 004150: move.b  D1, D2
D0=3 D1=F D2=F0F D3=FFFF D4=10404880 D5=84418527 D6=84418527 D7=FFFF A0=3C0002 A1=103300 A2=DB244 A3=108F6E A4=50D3B64 A5=108000 A6=4FBC0 PC=4152 -- 004152: sub.b   (A6)+, D2
D0=3 D1=F D2=F0F D3=FFFF D4=10404880 D5=84418527 D6=84418527 D7=FFFF A0=3C0002 A1=103300 A2=DB244 A3=108F6E A4=50D3B64 A5=108000 A6=4FBC1 PC=4154 -- 004154: lsl.w   #8, D2
D0=3 D1=F D2=F00 D3=FFFF D4=10404880 D5=84418527 D6=84418527 D7=FFFF A0=3C0002 A1=103300 A2=DB244 A3=108F6E A4=50D3B64 A5=108000 A6=4FBC1 PC=4156 -- 004156: move.b  ($69,A1), D2
D0=3 D1=F D2=FFF D3=FFFF D4=10404880 D5=84418527 D6=84418527 D7=FFFF A0=3C0002 A1=103300 A2=DB244 A3=108F6E A4=50D3B64 A5=108000 A6=4FBC1 PC=415A -- 00415A: move.w  D2, (A0)
D0=3 D1=F D2=FFF D3=FFFF D4=10404880 D5=84418527 D6=84418527 D7=FFFF A0=3C0002 A1=103300 A2=DB244 A3=108F6E A4=50D3B64 A5=108000 A6=4FBC1 PC=415C -- 00415C: dbra    D0, $4150

   (loops for 18 instructions)

D0=FFFF D1=F D2=FFF D3=FFFF D4=10404880 D5=84418527 D6=84418527 D7=FFFF A0=3C0002 A1=103300 A2=DB244 A3=108F6E A4=50D3B64 A5=108000 A6=4FBC4 PC=4160 -- 004160: bra     $4178
D0=FFFF D1=F D2=FFF D3=FFFF D4=10404880 D5=84418527 D6=84418527 D7=FFFF A0=3C0002 A1=103300 A2=DB244 A3=108F6E A4=50D3B64 A5=108000 A6=4FBC4 PC=4178 -- 004178: move.b  ($2,A2), D0
D0=FF10 D1=F D2=FFF D3=FFFF D4=10404880 D5=84418527 D6=84418527 D7=FFFF A0=3C0002 A1=103300 A2=DB244 A3=108F6E A4=50D3B64 A5=108000 A6=4FBC4 PC=417C -- 00417C: tst.b   ($80,A1)
D0=FF10 D1=F D2=FFF D3=FFFF D4=10404880 D5=84418527 D6=84418527 D7=FFFF A0=3C0002 A1=103300 A2=DB244 A3=108F6E A4=50D3B64 A5=108000 A6=4FBC4 PC=4180 -- 004180: beq     $4188
D0=FF10 D1=F D2=FFF D3=FFFF D4=10404880 D5=84418527 D6=84418527 D7=FFFF A0=3C0002 A1=103300 A2=DB244 A3=108F6E A4=50D3B64 A5=108000 A6=4FBC4 PC=4188 -- 004188: add.b   ($30,A1), D0
D0=FF3A D1=F D2=FFF D3=FFFF D4=10404880 D5=84418527 D6=84418527 D7=FFFF A0=3C0002 A1=103300 A2=DB244 A3=108F6E A4=50D3B64 A5=108000 A6=4FBC4 PC=418C -- 00418C: lsl.w   #8, D0
D0=3A00 D1=F D2=FFF D3=FFFF D4=10404880 D5=84418527 D6=84418527 D7=FFFF A0=3C0002 A1=103300 A2=DB244 A3=108F6E A4=50D3B64 A5=108000 A6=4FBC4 PC=418E -- 00418E: tst.b   ($3,A2)
D0=3A00 D1=F D2=FFF D3=FFFF D4=10404880 D5=84418527 D6=84418527 D7=FFFF A0=3C0002 A1=103300 A2=DB244 A3=108F6E A4=50D3B64 A5=108000 A6=4FBC4 PC=4192 -- 004192: beq     $4198
D0=3A00 D1=F D2=FFF D3=FFFF D4=10404880 D5=84418527 D6=84418527 D7=FFFF A0=3C0002 A1=103300 A2=DB244 A3=108F6E A4=50D3B64 A5=108000 A6=4FBC4 PC=4198 -- 004198: move.w  ($4,A2), D1
D0=3A00 D1=7E75 D2=FFF D3=FFFF D4=10404880 D5=84418527 D6=84418527 D7=FFFF A0=3C0002 A1=103300 A2=DB244 A3=108F6E A4=50D3B64 A5=108000 A6=4FBC4 PC=419C -- 00419C: moveq   #$0, D3
D0=3A00 D1=7E75 D2=FFF D3=0 D4=10404880 D5=84418527 D6=84418527 D7=FFFF A0=3C0002 A1=103300 A2=DB244 A3=108F6E A4=50D3B64 A5=108000 A6=4FBC4 PC=419E -- 00419E: move.b  (A2), D3
D0=3A00 D1=7E75 D2=FFF D3=5 D4=10404880 D5=84418527 D6=84418527 D7=FFFF A0=3C0002 A1=103300 A2=DB244 A3=108F6E A4=50D3B64 A5=108000 A6=4FBC4 PC=41A0 -- 0041A0: subq.b  #1, D3
D0=3A00 D1=7E75 D2=FFF D3=4 D4=10404880 D5=84418527 D6=84418527 D7=FFFF A0=3C0002 A1=103300 A2=DB244 A3=108F6E A4=50D3B64 A5=108000 A6=4FBC4 PC=41A2 -- 0041A2: move.w  ($790,A5), D7
D0=3A00 D1=7E75 D2=FFF D3=4 D4=10404880 D5=84418527 D6=84418527 D7=0 A0=3C0002 A1=103300 A2=DB244 A3=108F6E A4=50D3B64 A5=108000 A6=4FBC4 PC=41A6 -- 0041A6: add.w   D7, D7
D0=3A00 D1=7E75 D2=FFF D3=4 D4=10404880 D5=84418527 D6=84418527 D7=0 A0=3C0002 A1=103300 A2=DB244 A3=108F6E A4=50D3B64 A5=108000 A6=4FBC4 PC=41A8 -- 0041A8: add.w   D7, D7
D0=3A00 D1=7E75 D2=FFF D3=4 D4=10404880 D5=84418527 D6=84418527 D7=0 A0=3C0002 A1=103300 A2=DB244 A3=108F6E A4=50D3B64 A5=108000 A6=4FBC4 PC=41AA -- 0041AA: movea.l ($4,PC,D7.w), A6
D0=3A00 D1=7E75 D2=FFF D3=4 D4=10404880 D5=84418527 D6=84418527 D7=0 A0=3C0002 A1=103300 A2=DB244 A3=108F6E A4=50D3B64 A5=108000 A6=428C PC=41AE -- 0041AE: jmp     (A6)
D0=3A00 D1=7E75 D2=FFF D3=4 D4=10404880 D5=84418527 D6=84418527 D7=0 A0=3C0002 A1=103300 A2=DB244 A3=108F6E A4=50D3B64 A5=108000 A6=428C PC=428C -- 00428C: lea     ($6,A2), A6
D0=3A00 D1=7E75 D2=FFF D3=4 D4=10404880 D5=84418527 D6=84418527 D7=0 A0=3C0002 A1=103300 A2=DB244 A3=108F6E A4=50D3B64 A5=108000 A6=DB24A PC=4290 -- 004290: move.w  #$1, ($2,A0)
D0=3A00 D1=7E75 D2=FFF D3=4 D4=10404880 D5=84418527 D6=84418527 D7=0 A0=3C0002 A1=103300 A2=DB244 A3=108F6E A4=50D3B64 A5=108000 A6=DB24A PC=4296 -- 004296: moveq   #$0, D7
D0=3A00 D1=7E75 D2=FFF D3=4 D4=10404880 D5=84418527 D6=84418527 D7=0 A0=3C0002 A1=103300 A2=DB244 A3=108F6E A4=50D3B64 A5=108000 A6=DB24A PC=4298 -- 004298: move.b  ($1,A2), D7
D0=3A00 D1=7E75 D2=FFF D3=4 D4=10404880 D5=84418527 D6=84418527 D7=7 A0=3C0002 A1=103300 A2=DB244 A3=108F6E A4=50D3B64 A5=108000 A6=DB24A PC=429C -- 00429C: subq.b  #1, D7
D0=3A00 D1=7E75 D2=FFF D3=4 D4=10404880 D5=84418527 D6=84418527 D7=6 A0=3C0002 A1=103300 A2=DB244 A3=108F6E A4=50D3B64 A5=108000 A6=DB24A PC=429E -- 00429E: move.w  (A6)+, D2
D0=3A00 D1=7E75 D2=6200 D3=4 D4=10404880 D5=84418527 D6=84418527 D7=6 A0=3C0002 A1=103300 A2=DB244 A3=108F6E A4=50D3B64 A5=108000 A6=DB24C PC=42A0 -- 0042A0: move.w  D4, (-$2,A0)
D0=3A00 D1=7E75 D2=6200 D3=4 D4=10404880 D5=84418527 D6=84418527 D7=6 A0=3C0002 A1=103300 A2=DB244 A3=108F6E A4=50D3B64 A5=108000 A6=DB24C PC=42A4 -- 0042A4: add.w   D2, D2
D0=3A00 D1=7E75 D2=C400 D3=4 D4=10404880 D5=84418527 D6=84418527 D7=6 A0=3C0002 A1=103300 A2=DB244 A3=108F6E A4=50D3B64 A5=108000 A6=DB24C PC=42A6 -- 0042A6: bcc     $42b8
D0=3A00 D1=7E75 D2=C400 D3=4 D4=10404880 D5=84418527 D6=84418527 D7=6 A0=3C0002 A1=103300 A2=DB244 A3=108F6E A4=50D3B64 A5=108000 A6=DB24C PC=42B8 -- 0042B8: move.w  #$0, (A0)
D0=3A00 D1=7E75 D2=C400 D3=4 D4=10404880 D5=84418527 D6=84418527 D7=6 A0=3C0002 A1=103300 A2=DB244 A3=108F6E A4=50D3B64 A5=108000 A6=DB24C PC=42BC -- 0042BC: move.w  #$0, (A0)
D0=3A00 D1=7E75 D2=C400 D3=4 D4=10404880 D5=84418527 D6=84418527 D7=6 A0=3C0002 A1=103300 A2=DB244 A3=108F6E A4=50D3B64 A5=108000 A6=DB24C PC=42C0 -- 0042C0: dbra    D7, $42a4
D0=3A00 D1=7E75 D2=C400 D3=4 D4=10404880 D5=84418527 D6=84418527 D7=5 A0=3C0002 A1=103300 A2=DB244 A3=108F6E A4=50D3B64 A5=108000 A6=DB24C PC=42A4 -- 0042A4: add.w   D2, D2
D0=3A00 D1=7E75 D2=8800 D3=4 D4=10404880 D5=84418527 D6=84418527 D7=5 A0=3C0002 A1=103300 A2=DB244 A3=108F6E A4=50D3B64 A5=108000 A6=DB24C PC=42A6 -- 0042A6: bcc     $42b8
D0=3A00 D1=7E75 D2=8800 D3=4 D4=10404880 D5=84418527 D6=84418527 D7=5 A0=3C0002 A1=103300 A2=DB244 A3=108F6E A4=50D3B64 A5=108000 A6=DB24C PC=42A8 -- 0042A8: move.w  D1, (A0)
D0=3A00 D1=7E75 D2=8800 D3=4 D4=10404880 D5=84418527 D6=84418527 D7=5 A0=3C0002 A1=103300 A2=DB244 A3=108F6E A4=50D3B64 A5=108000 A6=DB24C PC=42AA -- 0042AA: nop
D0=3A00 D1=7E75 D2=8800 D3=4 D4=10404880 D5=84418527 D6=84418527 D7=5 A0=3C0002 A1=103300 A2=DB244 A3=108F6E A4=50D3B64 A5=108000 A6=DB24C PC=42AC -- 0042AC: move.w  D0, (A0)
D0=3A00 D1=7E75 D2=8800 D3=4 D4=10404880 D5=84418527 D6=84418527 D7=5 A0=3C0002 A1=103300 A2=DB244 A3=108F6E A4=50D3B64 A5=108000 A6=DB24C PC=42AE -- 0042AE: addq.w  #1, D1
D0=3A00 D1=7E76 D2=8800 D3=4 D4=10404880 D5=84418527 D6=84418527 D7=5 A0=3C0002 A1=103300 A2=DB244 A3=108F6E A4=50D3B64 A5=108000 A6=DB24C PC=42B0 -- 0042B0: bcc     $42c0
D0=3A00 D1=7E76 D2=8800 D3=4 D4=10404880 D5=84418527 D6=84418527 D7=5 A0=3C0002 A1=103300 A2=DB244 A3=108F6E A4=50D3B64 A5=108000 A6=DB24C PC=42C0 -- 0042C0: dbra    D7, $42a4

   (loops for 2 instructions)

D0=3A00 D1=7E76 D2=1000 D3=4 D4=10404880 D5=84418527 D6=84418527 D7=4 A0=3C0002 A1=103300 A2=DB244 A3=108F6E A4=50D3B64 A5=108000 A6=DB24C PC=42A8 -- 0042A8: move.w  D1, (A0)
D0=3A00 D1=7E76 D2=1000 D3=4 D4=10404880 D5=84418527 D6=84418527 D7=4 A0=3C0002 A1=103300 A2=DB244 A3=108F6E A4=50D3B64 A5=108000 A6=DB24C PC=42AA -- 0042AA: nop
D0=3A00 D1=7E76 D2=1000 D3=4 D4=10404880 D5=84418527 D6=84418527 D7=4 A0=3C0002 A1=103300 A2=DB244 A3=108F6E A4=50D3B64 A5=108000 A6=DB24C PC=42AC -- 0042AC: move.w  D0, (A0)
D0=3A00 D1=7E76 D2=1000 D3=4 D4=10404880 D5=84418527 D6=84418527 D7=4 A0=3C0002 A1=103300 A2=DB244 A3=108F6E A4=50D3B64 A5=108000 A6=DB24C PC=42AE -- 0042AE: addq.w  #1, D1
D0=3A00 D1=7E77 D2=1000 D3=4 D4=10404880 D5=84418527 D6=84418527 D7=4 A0=3C0002 A1=103300 A2=DB244 A3=108F6E A4=50D3B64 A5=108000 A6=DB24C PC=42B0 -- 0042B0: bcc     $42c0

   (loops for 3 instructions)

D0=3A00 D1=7E77 D2=2000 D3=4 D4=10404880 D5=84418527 D6=84418527 D7=3 A0=3C0002 A1=103300 A2=DB244 A3=108F6E A4=50D3B64 A5=108000 A6=DB24C PC=42B8 -- 0042B8: move.w  #$0, (A0)
D0=3A00 D1=7E77 D2=2000 D3=4 D4=10404880 D5=84418527 D6=84418527 D7=3 A0=3C0002 A1=103300 A2=DB244 A3=108F6E A4=50D3B64 A5=108000 A6=DB24C PC=42BC -- 0042BC: move.w  #$0, (A0)

   (loops for 19 instructions)

D0=3A00 D1=7E78 D2=0 D3=4 D4=10404880 D5=84418527 D6=84418527 D7=FFFF A0=3C0002 A1=103300 A2=DB244 A3=108F6E A4=50D3B64 A5=108000 A6=DB24C PC=42C4 -- 0042C4: bsr     $47c0
D0=3A00 D1=7E78 D2=0 D3=4 D4=10404880 D5=84418527 D6=84418527 D7=FFFF A0=3C0002 A1=103300 A2=DB244 A3=108F6E A4=50D3B64 A5=108000 A6=DB24C PC=47C0 -- 0047C0: tst.b   ($78f,A5)
D0=3A00 D1=7E78 D2=0 D3=4 D4=10404880 D5=84418527 D6=84418527 D7=FFFF A0=3C0002 A1=103300 A2=DB244 A3=108F6E A4=50D3B64 A5=108000 A6=DB24C PC=47C4 -- 0047C4: bpl     $47c8
D0=3A00 D1=7E78 D2=0 D3=4 D4=10404880 D5=84418527 D6=84418527 D7=FFFF A0=3C0002 A1=103300 A2=DB244 A3=108F6E A4=50D3B64 A5=108000 A6=DB24C PC=47C6 -- 0047C6: rts
D0=3A00 D1=7E78 D2=0 D3=4 D4=10404880 D5=84418527 D6=84418527 D7=FFFF A0=3C0002 A1=103300 A2=DB244 A3=108F6E A4=50D3B64 A5=108000 A6=DB24C PC=42C8 -- 0042C8: addi.w  #$40, D4
D0=3A00 D1=7E78 D2=0 D3=4 D4=104048C0 D5=84418527 D6=84418527 D7=FFFF A0=3C0002 A1=103300 A2=DB244 A3=108F6E A4=50D3B64 A5=108000 A6=DB24C PC=42CC -- 0042CC: dbra    D3, $4296
D0=3A00 D1=7E78 D2=0 D3=3 D4=104048C0 D5=84418527 D6=84418527 D7=FFFF A0=3C0002 A1=103300 A2=DB244 A3=108F6E A4=50D3B64 A5=108000 A6=DB24C PC=4296 -- 004296: moveq   #$0, D7
D0=3A00 D1=7E78 D2=0 D3=3 D4=104048C0 D5=84418527 D6=84418527 D7=0 A0=3C0002 A1=103300 A2=DB244 A3=108F6E A4=50D3B64 A5=108000 A6=DB24C PC=4298 -- 004298: move.b  ($1,A2), D7
D0=3A00 D1=7E78 D2=0 D3=3 D4=104048C0 D5=84418527 D6=84418527 D7=7 A0=3C0002 A1=103300 A2=DB244 A3=108F6E A4=50D3B64 A5=108000 A6=DB24C PC=429C -- 00429C: subq.b  #1, D7
D0=3A00 D1=7E78 D2=0 D3=3 D4=104048C0 D5=84418527 D6=84418527 D7=6 A0=3C0002 A1=103300 A2=DB244 A3=108F6E A4=50D3B64 A5=108000 A6=DB24C PC=429E -- 00429E: move.w  (A6)+, D2
D0=3A00 D1=7E78 D2=7E00 D3=3 D4=104048C0 D5=84418527 D6=84418527 D7=6 A0=3C0002 A1=103300 A2=DB244 A3=108F6E A4=50D3B64 A5=108000 A6=DB24E PC=42A0 -- 0042A0: move.w  D4, (-$2,A0)

   (loops for 53 instructions)

D0=3A00 D1=7E7E D2=0 D3=3 D4=104048C0 D5=84418527 D6=84418527 D7=FFFF A0=3C0002 A1=103300 A2=DB244 A3=108F6E A4=50D3B64 A5=108000 A6=DB24E PC=42C4 -- 0042C4: bsr     $47c0
D0=3A00 D1=7E7E D2=0 D3=3 D4=104048C0 D5=84418527 D6=84418527 D7=FFFF A0=3C0002 A1=103300 A2=DB244 A3=108F6E A4=50D3B64 A5=108000 A6=DB24E PC=47C0 -- 0047C0: tst.b   ($78f,A5)
D0=3A00 D1=7E7E D2=0 D3=3 D4=104048C0 D5=84418527 D6=84418527 D7=FFFF A0=3C0002 A1=103300 A2=DB244 A3=108F6E A4=50D3B64 A5=108000 A6=DB24E PC=47C4 -- 0047C4: bpl     $47c8
D0=3A00 D1=7E7E D2=0 D3=3 D4=104048C0 D5=84418527 D6=84418527 D7=FFFF A0=3C0002 A1=103300 A2=DB244 A3=108F6E A4=50D3B64 A5=108000 A6=DB24E PC=47C6 -- 0047C6: rts
D0=3A00 D1=7E7E D2=0 D3=3 D4=104048C0 D5=84418527 D6=84418527 D7=FFFF A0=3C0002 A1=103300 A2=DB244 A3=108F6E A4=50D3B64 A5=108000 A6=DB24E PC=42C8 -- 0042C8: addi.w  #$40, D4
D0=3A00 D1=7E7E D2=0 D3=3 D4=10404900 D5=84418527 D6=84418527 D7=FFFF A0=3C0002 A1=103300 A2=DB244 A3=108F6E A4=50D3B64 A5=108000 A6=DB24E PC=42CC -- 0042CC: dbra    D3, $4296

   (loops for 177 instructions)

D0=3A00 D1=7E8B D2=0 D3=FFFF D4=104049C0 D5=84418527 D6=84418527 D7=FFFF A0=3C0002 A1=103300 A2=DB244 A3=108F6E A4=50D3B64 A5=108000 A6=DB254 PC=42D0 -- 0042D0: rts
D0=3A00 D1=7E8B D2=0 D3=FFFF D4=104049C0 D5=84418527 D6=84418527 D7=FFFF A0=3C0002 A1=103300 A2=DB244 A3=108F6E A4=50D3B64 A5=108000 A6=DB254 PC=4016 -- 004016: bra     $401c
D0=3A00 D1=7E8B D2=0 D3=FFFF D4=104049C0 D5=84418527 D6=84418527 D7=FFFF A0=3C0002 A1=103300 A2=DB244 A3=108F6E A4=50D3B64 A5=108000 A6=DB254 PC=401C -- 00401C: movea.l (A7)+, A6
D0=3A00 D1=7E8B D2=0 D3=FFFF D4=104049C0 D5=84418527 D6=84418527 D7=FFFF A0=3C0002 A1=103300 A2=DB244 A3=108F6E A4=50D3B64 A5=108000 A6=108E3C PC=401E -- 00401E: btst    #$5, ($4,A4)
D0=3A00 D1=7E8B D2=0 D3=FFFF D4=104049C0 D5=84418527 D6=84418527 D7=FFFF A0=3C0002 A1=103300 A2=DB244 A3=108F6E A4=50D3B64 A5=108000 A6=108E3C PC=4024 -- 004024: beq     $4056
D0=3A00 D1=7E8B D2=0 D3=FFFF D4=104049C0 D5=84418527 D6=84418527 D7=FFFF A0=3C0002 A1=103300 A2=DB244 A3=108F6E A4=50D3B64 A5=108000 A6=108E3C PC=4056 -- 004056: tst.b   ($7c,A1)
D0=3A00 D1=7E8B D2=0 D3=FFFF D4=104049C0 D5=84418527 D6=84418527 D7=FFFF A0=3C0002 A1=103300 A2=DB244 A3=108F6E A4=50D3B64 A5=108000 A6=108E3C PC=405A -- 00405A: bpl     $4064
D0=3A00 D1=7E8B D2=0 D3=FFFF D4=104049C0 D5=84418527 D6=84418527 D7=FFFF A0=3C0002 A1=103300 A2=DB244 A3=108F6E A4=50D3B64 A5=108000 A6=108E3C PC=4064 -- 004064: movea.l (A7)+, A0
D0=3A00 D1=7E8B D2=0 D3=FFFF D4=104049C0 D5=84418527 D6=84418527 D7=FFFF A0=108918 A1=103300 A2=DB244 A3=108F6E A4=50D3B64 A5=108000 A6=108E3C PC=4066 -- 004066: subq.w  #1, ($e3a,A5)
D0=3A00 D1=7E8B D2=0 D3=FFFF D4=104049C0 D5=84418527 D6=84418527 D7=FFFF A0=108918 A1=103300 A2=DB244 A3=108F6E A4=50D3B64 A5=108000 A6=108E3C PC=406A -- 00406A: bne     $3f32
D0=3A00 D1=7E8B D2=0 D3=FFFF D4=104049C0 D5=84418527 D6=84418527 D7=FFFF A0=108918 A1=103300 A2=DB244 A3=108F6E A4=50D3B64 A5=108000 A6=108E3C PC=3F32 -- 003F32: move.w  (A0)+, D0
D0=2B00 D1=7E8B D2=0 D3=FFFF D4=104049C0 D5=84418527 D6=84418527 D7=FFFF A0=10891A A1=103300 A2=DB244 A3=108F6E A4=50D3B64 A5=108000 A6=108E3C PC=3F34 -- 003F34: beq     $3f32
D0=2B00 D1=7E8B D2=0 D3=FFFF D4=104049C0 D5=84418527 D6=84418527 D7=FFFF A0=10891A A1=103300 A2=DB244 A3=108F6E A4=50D3B64 A5=108000 A6=108E3C PC=3F36 -- 003F36: clr.w   (-$2,A0)
D0=2B00 D1=7E8B D2=0 D3=FFFF D4=104049C0 D5=84418527 D6=84418527 D7=FFFF A0=10891A A1=103300 A2=DB244 A3=108F6E A4=50D3B64 A5=108000 A6=108E3C PC=3F3A -- 003F3A: move.l  A5, D1
D0=2B00 D1=108000 D2=0 D3=FFFF D4=104049C0 D5=84418527 D6=84418527 D7=FFFF A0=10891A A1=103300 A2=DB244 A3=108F6E A4=50D3B64 A5=108000 A6=108E3C PC=3F3C -- 003F3C: move.w  D0, D1
D0=2B00 D1=102B00 D2=0 D3=FFFF D4=104049C0 D5=84418527 D6=84418527 D7=FFFF A0=10891A A1=103300 A2=DB244 A3=108F6E A4=50D3B64 A5=108000 A6=108E3C PC=3F3E -- 003F3E: movea.l D1, A1
D0=2B00 D1=102B00 D2=0 D3=FFFF D4=104049C0 D5=84418527 D6=84418527 D7=FFFF A0=10891A A1=102B00 A2=DB244 A3=108F6E A4=50D3B64 A5=108000 A6=108E3C PC=3F40 -- 003F40: movea.l ($28,A1), A2
D0=2B00 D1=102B00 D2=0 D3=FFFF D4=104049C0 D5=84418527 D6=84418527 D7=FFFF A0=10891A A1=102B00 A2=D2588 A3=108F6E A4=50D3B64 A5=108000 A6=108E3C PC=3F44 -- 003F44: lea     $7bf48.l, A4
D0=2B00 D1=102B00 D2=0 D3=FFFF D4=104049C0 D5=84418527 D6=84418527 D7=FFFF A0=10891A A1=102B00 A2=D2588 A3=108F6E A4=7BF48 A5=108000 A6=108E3C PC=3F4A -- 003F4A: move.w  ($70,A1), D0
D0=10 D1=102B00 D2=0 D3=FFFF D4=104049C0 D5=84418527 D6=84418527 D7=FFFF A0=10891A A1=102B00 A2=D2588 A3=108F6E A4=7BF48 A5=108000 A6=108E3C PC=3F4E -- 003F4E: add.w   D0, D0
D0=20 D1=102B00 D2=0 D3=FFFF D4=104049C0 D5=84418527 D6=84418527 D7=FFFF A0=10891A A1=102B00 A2=D2588 A3=108F6E A4=7BF48 A5=108000 A6=108E3C PC=3F50 -- 003F50: add.w   D0, D0
D0=40 D1=102B00 D2=0 D3=FFFF D4=104049C0 D5=84418527 D6=84418527 D7=FFFF A0=10891A A1=102B00 A2=D2588 A3=108F6E A4=7BF48 A5=108000 A6=108E3C PC=3F52 -- 003F52: movea.l (A4,D0.w), A4
D0=40 D1=102B00 D2=0 D3=FFFF D4=104049C0 D5=84418527 D6=84418527 D7=FFFF A0=10891A A1=102B00 A2=D2588 A3=108F6E A4=7DFC0 A5=108000 A6=108E3C PC=3F56 -- 003F56: move.w  ($72,A1), D0
D0=0 D1=102B00 D2=0 D3=FFFF D4=104049C0 D5=84418527 D6=84418527 D7=FFFF A0=10891A A1=102B00 A2=D2588 A3=108F6E A4=7DFC0 A5=108000 A6=108E3C PC=3F5A -- 003F5A: add.w   D0, D0
D0=0 D1=102B00 D2=0 D3=FFFF D4=104049C0 D5=84418527 D6=84418527 D7=FFFF A0=10891A A1=102B00 A2=D2588 A3=108F6E A4=7DFC0 A5=108000 A6=108E3C PC=3F5C -- 003F5C: move.w  (A4,D0.w), ($46de,A5)
D0=0 D1=102B00 D2=0 D3=FFFF D4=104049C0 D5=84418527 D6=84418527 D7=FFFF A0=10891A A1=102B00 A2=D2588 A3=108F6E A4=7DFC0 A5=108000 A6=108E3C PC=3F62 -- 003F62: lea     $80000.l, A4
D0=0 D1=102B00 D2=0 D3=FFFF D4=104049C0 D5=84418527 D6=84418527 D7=FFFF A0=10891A A1=102B00 A2=D2588 A3=108F6E A4=80000 A5=108000 A6=108E3C PC=3F68 -- 003F68: move.w  ($70,A1), D0
D0=10 D1=102B00 D2=0 D3=FFFF D4=104049C0 D5=84418527 D6=84418527 D7=FFFF A0=10891A A1=102B00 A2=D2588 A3=108F6E A4=80000 A5=108000 A6=108E3C PC=3F6C -- 003F6C: add.w   D0, D0
D0=20 D1=102B00 D2=0 D3=FFFF D4=104049C0 D5=84418527 D6=84418527 D7=FFFF A0=10891A A1=102B00 A2=D2588 A3=108F6E A4=80000 A5=108000 A6=108E3C PC=3F6E -- 003F6E: add.w   D0, D0
D0=40 D1=102B00 D2=0 D3=FFFF D4=104049C0 D5=84418527 D6=84418527 D7=FFFF A0=10891A A1=102B00 A2=D2588 A3=108F6E A4=80000 A5=108000 A6=108E3C PC=3F70 -- 003F70: movea.l (A4,D0.w), A4
D0=40 D1=102B00 D2=0 D3=FFFF D4=104049C0 D5=84418527 D6=84418527 D7=FFFF A0=10891A A1=102B00 A2=D2588 A3=108F6E A4=84200 A5=108000 A6=108E3C PC=3F74 -- 003F74: move.w  ($46de,A5), D0
D0=0 D1=102B00 D2=0 D3=FFFF D4=104049C0 D5=84418527 D6=84418527 D7=FFFF A0=10891A A1=102B00 A2=D2588 A3=108F6E A4=84200 A5=108000 A6=108E3C PC=3F78 -- 003F78: tst.b   ($46e2,A5)
D0=0 D1=102B00 D2=0 D3=FFFF D4=104049C0 D5=84418527 D6=84418527 D7=FFFF A0=10891A A1=102B00 A2=D2588 A3=108F6E A4=84200 A5=108000 A6=108E3C PC=3F7C -- 003F7C: beq     $3f82
D0=0 D1=102B00 D2=0 D3=FFFF D4=104049C0 D5=84418527 D6=84418527 D7=FFFF A0=10891A A1=102B00 A2=D2588 A3=108F6E A4=84200 A5=108000 A6=108E3C PC=3F82 -- 003F82: andi.w  #$ff, D0
D0=0 D1=102B00 D2=0 D3=FFFF D4=104049C0 D5=84418527 D6=84418527 D7=FFFF A0=10891A A1=102B00 A2=D2588 A3=108F6E A4=84200 A5=108000 A6=108E3C PC=3F86 -- 003F86: add.w   D0, D0
D0=0 D1=102B00 D2=0 D3=FFFF D4=104049C0 D5=84418527 D6=84418527 D7=FFFF A0=10891A A1=102B00 A2=D2588 A3=108F6E A4=84200 A5=108000 A6=108E3C PC=3F88 -- 003F88: add.w   D0, D0
D0=0 D1=102B00 D2=0 D3=FFFF D4=104049C0 D5=84418527 D6=84418527 D7=FFFF A0=10891A A1=102B00 A2=D2588 A3=108F6E A4=84200 A5=108000 A6=108E3C PC=3F8A -- 003F8A: movea.l (A4,D0.w), A4
D0=0 D1=102B00 D2=0 D3=FFFF D4=104049C0 D5=84418527 D6=84418527 D7=FFFF A0=10891A A1=102B00 A2=D2588 A3=108F6E A4=CE0CC A5=108000 A6=108E3C PC=3F8E -- 003F8E: move.w  ($74,A1), D0
D0=C D1=102B00 D2=0 D3=FFFF D4=104049C0 D5=84418527 D6=84418527 D7=FFFF A0=10891A A1=102B00 A2=D2588 A3=108F6E A4=CE0CC A5=108000 A6=108E3C PC=3F92 -- 003F92: adda.w  D0, A4
D0=C D1=102B00 D2=0 D3=FFFF D4=104049C0 D5=84418527 D6=84418527 D7=FFFF A0=10891A A1=102B00 A2=D2588 A3=108F6E A4=CE0D8 A5=108000 A6=108E3C PC=3F94 -- 003F94: move.l  (A4), D0
D0=50CB52C D1=102B00 D2=0 D3=FFFF D4=104049C0 D5=84418527 D6=84418527 D7=FFFF A0=10891A A1=102B00 A2=D2588 A3=108F6E A4=CE0D8 A5=108000 A6=108E3C PC=3F96 -- 003F96: movea.l D0, A4
D0=50CB52C D1=102B00 D2=0 D3=FFFF D4=104049C0 D5=84418527 D6=84418527 D7=FFFF A0=10891A A1=102B00 A2=D2588 A3=108F6E A4=50CB52C A5=108000 A6=108E3C PC=3F98 -- 003F98: move.l  A0, -(A7)
D0=50CB52C D1=102B00 D2=0 D3=FFFF D4=104049C0 D5=84418527 D6=84418527 D7=FFFF A0=10891A A1=102B00 A2=D2588 A3=108F6E A4=50CB52C A5=108000 A6=108E3C PC=3F9A -- 003F9A: lea     $3c0002.l, A0
D0=50CB52C D1=102B00 D2=0 D3=FFFF D4=104049C0 D5=84418527 D6=84418527 D7=FFFF A0=3C0002 A1=102B00 A2=D2588 A3=108F6E A4=50CB52C A5=108000 A6=108E3C PC=3FA0 -- 003FA0: tst.b   ($7c,A1)
D0=50CB52C D1=102B00 D2=0 D3=FFFF D4=104049C0 D5=84418527 D6=84418527 D7=FFFF A0=3C0002 A1=102B00 A2=D2588 A3=108F6E A4=50CB52C A5=108000 A6=108E3C PC=3FA4 -- 003FA4: bpl     $3fc0
D0=50CB52C D1=102B00 D2=0 D3=FFFF D4=104049C0 D5=84418527 D6=84418527 D7=FFFF A0=3C0002 A1=102B00 A2=D2588 A3=108F6E A4=50CB52C A5=108000 A6=108E3C PC=3FC0 -- 003FC0: moveq   #$0, D0
D0=0 D1=102B00 D2=0 D3=FFFF D4=104049C0 D5=84418527 D6=84418527 D7=FFFF A0=3C0002 A1=102B00 A2=D2588 A3=108F6E A4=50CB52C A5=108000 A6=108E3C PC=3FC2 -- 003FC2: move.b  (A2), D0
D0=4 D1=102B00 D2=0 D3=FFFF D4=104049C0 D5=84418527 D6=84418527 D7=FFFF A0=3C0002 A1=102B00 A2=D2588 A3=108F6E A4=50CB52C A5=108000 A6=108E3C PC=3FC4 -- 003FC4: sub.w   D0, ($794,A5)
D0=4 D1=102B00 D2=0 D3=FFFF D4=104049C0 D5=84418527 D6=84418527 D7=FFFF A0=3C0002 A1=102B00 A2=D2588 A3=108F6E A4=50CB52C A5=108000 A6=108E3C PC=3FC8 -- 003FC8: bcc     $3fd2
D0=4 D1=102B00 D2=0 D3=FFFF D4=104049C0 D5=84418527 D6=84418527 D7=FFFF A0=3C0002 A1=102B00 A2=D2588 A3=108F6E A4=50CB52C A5=108000 A6=108E3C PC=3FD2 -- 003FD2: move.l  A6, -(A7)
D0=4 D1=102B00 D2=0 D3=FFFF D4=104049C0 D5=84418527 D6=84418527 D7=FFFF A0=3C0002 A1=102B00 A2=D2588 A3=108F6E A4=50CB52C A5=108000 A6=108E3C PC=3FD4 -- 003FD4: btst    #$6, ($7c,A1)
D0=4 D1=102B00 D2=0 D3=FFFF D4=104049C0 D5=84418527 D6=84418527 D7=FFFF A0=3C0002 A1=102B00 A2=D2588 A3=108F6E A4=50CB52C A5=108000 A6=108E3C PC=3FDA -- 003FDA: bne     $400c
D0=4 D1=102B00 D2=0 D3=FFFF D4=104049C0 D5=84418527 D6=84418527 D7=FFFF A0=3C0002 A1=102B00 A2=D2588 A3=108F6E A4=50CB52C A5=108000 A6=108E3C PC=3FDE -- 003FDE: moveq   #$0, D1
D0=4 D1=0 D2=0 D3=FFFF D4=104049C0 D5=84418527 D6=84418527 D7=FFFF A0=3C0002 A1=102B00 A2=D2588 A3=108F6E A4=50CB52C A5=108000 A6=108E3C PC=3FE0 -- 003FE0: move.b  ($82,A1), D1
D0=4 D1=0 D2=0 D3=FFFF D4=104049C0 D5=84418527 D6=84418527 D7=FFFF A0=3C0002 A1=102B00 A2=D2588 A3=108F6E A4=50CB52C A5=108000 A6=108E3C PC=3FE4 -- 003FE4: add.w   D1, D1
D0=4 D1=0 D2=0 D3=FFFF D4=104049C0 D5=84418527 D6=84418527 D7=FFFF A0=3C0002 A1=102B00 A2=D2588 A3=108F6E A4=50CB52C A5=108000 A6=108E3C PC=3FE6 -- 003FE6: add.w   D1, D1
D0=4 D1=0 D2=0 D3=FFFF D4=104049C0 D5=84418527 D6=84418527 D7=FFFF A0=3C0002 A1=102B00 A2=D2588 A3=108F6E A4=50CB52C A5=108000 A6=108E3C PC=3FE8 -- 003FE8: move.w  ($18,A1), D0
D0=48 D1=0 D2=0 D3=FFFF D4=104049C0 D5=84418527 D6=84418527 D7=FFFF A0=3C0002 A1=102B00 A2=D2588 A3=108F6E A4=50CB52C A5=108000 A6=108E3C PC=3FEC -- 003FEC: lea     ($104c,A5), A6
D0=48 D1=0 D2=0 D3=FFFF D4=104049C0 D5=84418527 D6=84418527 D7=FFFF A0=3C0002 A1=102B00 A2=D2588 A3=108F6E A4=50CB52C A5=108000 A6=10904C PC=3FF0 -- 003FF0: sub.w   (A6,D1.w), D0
D0=48 D1=0 D2=0 D3=FFFF D4=104049C0 D5=84418527 D6=84418527 D7=FFFF A0=3C0002 A1=102B00 A2=D2588 A3=108F6E A4=50CB52C A5=108000 A6=10904C PC=3FF4 -- 003FF4: move.w  D0, ($24,A1)
D0=48 D1=0 D2=0 D3=FFFF D4=104049C0 D5=84418527 D6=84418527 D7=FFFF A0=3C0002 A1=102B00 A2=D2588 A3=108F6E A4=50CB52C A5=108000 A6=10904C PC=3FF8 -- 003FF8: move.w  ($1c,A1), D0
D0=B8 D1=0 D2=0 D3=FFFF D4=104049C0 D5=84418527 D6=84418527 D7=FFFF A0=3C0002 A1=102B00 A2=D2588 A3=108F6E A4=50CB52C A5=108000 A6=10904C PC=3FFC -- 003FFC: sub.w   ($20,A1), D0
D0=B8 D1=0 D2=0 D3=FFFF D4=104049C0 D5=84418527 D6=84418527 D7=FFFF A0=3C0002 A1=102B00 A2=D2588 A3=108F6E A4=50CB52C A5=108000 A6=10904C PC=4000 -- 004000: lea     ($1058,A5), A6
D0=B8 D1=0 D2=0 D3=FFFF D4=104049C0 D5=84418527 D6=84418527 D7=FFFF A0=3C0002 A1=102B00 A2=D2588 A3=108F6E A4=50CB52C A5=108000 A6=109058 PC=4004 -- 004004: sub.w   (A6,D1.w), D0
D0=B8 D1=0 D2=0 D3=FFFF D4=104049C0 D5=84418527 D6=84418527 D7=FFFF A0=3C0002 A1=102B00 A2=D2588 A3=108F6E A4=50CB52C A5=108000 A6=109058 PC=4008 -- 004008: move.w  D0, ($26,A1)
D0=B8 D1=0 D2=0 D3=FFFF D4=104049C0 D5=84418527 D6=84418527 D7=FFFF A0=3C0002 A1=102B00 A2=D2588 A3=108F6E A4=50CB52C A5=108000 A6=109058 PC=400C -- 00400C: tst.b   ($3a66,A5)
D0=B8 D1=0 D2=0 D3=FFFF D4=104049C0 D5=84418527 D6=84418527 D7=FFFF A0=3C0002 A1=102B00 A2=D2588 A3=108F6E A4=50CB52C A5=108000 A6=109058 PC=4010 -- 004010: bmi     $4018
D0=B8 D1=0 D2=0 D3=FFFF D4=104049C0 D5=84418527 D6=84418527 D7=FFFF A0=3C0002 A1=102B00 A2=D2588 A3=108F6E A4=50CB52C A5=108000 A6=109058 PC=4012 -- 004012: bsr     $4088
D0=B8 D1=0 D2=0 D3=FFFF D4=104049C0 D5=84418527 D6=84418527 D7=FFFF A0=3C0002 A1=102B00 A2=D2588 A3=108F6E A4=50CB52C A5=108000 A6=109058 PC=4088 -- 004088: move.w  (A4), D0
D0=FFE1 D1=0 D2=0 D3=FFFF D4=104049C0 D5=84418527 D6=84418527 D7=FFFF A0=3C0002 A1=102B00 A2=D2588 A3=108F6E A4=50CB52C A5=108000 A6=109058 PC=408A -- 00408A: move.b  ($31,A1), D1
D0=FFE1 D1=1 D2=0 D3=FFFF D4=104049C0 D5=84418527 D6=84418527 D7=FFFF A0=3C0002 A1=102B00 A2=D2588 A3=108F6E A4=50CB52C A5=108000 A6=109058 PC=408E -- 00408E: move.b  ($4,A4), D2
D0=FFE1 D1=1 D2=0 D3=FFFF D4=104049C0 D5=84418527 D6=84418527 D7=FFFF A0=3C0002 A1=102B00 A2=D2588 A3=108F6E A4=50CB52C A5=108000 A6=109058 PC=4092 -- 004092: rol.b   #2, D2
D0=FFE1 D1=1 D2=0 D3=FFFF D4=104049C0 D5=84418527 D6=84418527 D7=FFFF A0=3C0002 A1=102B00 A2=D2588 A3=108F6E A4=50CB52C A5=108000 A6=109058 PC=4094 -- 004094: eor.w   D2, D1
D0=FFE1 D1=1 D2=0 D3=FFFF D4=104049C0 D5=84418527 D6=84418527 D7=FFFF A0=3C0002 A1=102B00 A2=D2588 A3=108F6E A4=50CB52C A5=108000 A6=109058 PC=4096 -- 004096: andi.w  #$3, D1
D0=FFE1 D1=1 D2=0 D3=FFFF D4=104049C0 D5=84418527 D6=84418527 D7=FFFF A0=3C0002 A1=102B00 A2=D2588 A3=108F6E A4=50CB52C A5=108000 A6=109058 PC=409A -- 00409A: move.w  D1, ($790,A5)
D0=FFE1 D1=1 D2=0 D3=FFFF D4=104049C0 D5=84418527 D6=84418527 D7=FFFF A0=3C0002 A1=102B00 A2=D2588 A3=108F6E A4=50CB52C A5=108000 A6=109058 PC=409E -- 00409E: andi.w  #$1, D1
D0=FFE1 D1=1 D2=0 D3=FFFF D4=104049C0 D5=84418527 D6=84418527 D7=FFFF A0=3C0002 A1=102B00 A2=D2588 A3=108F6E A4=50CB52C A5=108000 A6=109058 PC=40A2 -- 0040A2: beq     $40ae
D0=FFE1 D1=1 D2=0 D3=FFFF D4=104049C0 D5=84418527 D6=84418527 D7=FFFF A0=3C0002 A1=102B00 A2=D2588 A3=108F6E A4=50CB52C A5=108000 A6=109058 PC=40A4 -- 0040A4: moveq   #$0, D1
D0=FFE1 D1=0 D2=0 D3=FFFF D4=104049C0 D5=84418527 D6=84418527 D7=FFFF A0=3C0002 A1=102B00 A2=D2588 A3=108F6E A4=50CB52C A5=108000 A6=109058 PC=40A6 -- 0040A6: move.b  (A2), D1
D0=FFE1 D1=4 D2=0 D3=FFFF D4=104049C0 D5=84418527 D6=84418527 D7=FFFF A0=3C0002 A1=102B00 A2=D2588 A3=108F6E A4=50CB52C A5=108000 A6=109058 PC=40A8 -- 0040A8: lsl.w   #4, D1
D0=FFE1 D1=40 D2=0 D3=FFFF D4=104049C0 D5=84418527 D6=84418527 D7=FFFF A0=3C0002 A1=102B00 A2=D2588 A3=108F6E A4=50CB52C A5=108000 A6=109058 PC=40AA -- 0040AA: add.w   D1, D0
D0=21 D1=40 D2=0 D3=FFFF D4=104049C0 D5=84418527 D6=84418527 D7=FFFF A0=3C0002 A1=102B00 A2=D2588 A3=108F6E A4=50CB52C A5=108000 A6=109058 PC=40AC -- 0040AC: neg.w   D0
D0=FFDF D1=40 D2=0 D3=FFFF D4=104049C0 D5=84418527 D6=84418527 D7=FFFF A0=3C0002 A1=102B00 A2=D2588 A3=108F6E A4=50CB52C A5=108000 A6=109058 PC=40AE -- 0040AE: moveq   #$0, D1
D0=FFDF D1=0 D2=0 D3=FFFF D4=104049C0 D5=84418527 D6=84418527 D7=FFFF A0=3C0002 A1=102B00 A2=D2588 A3=108F6E A4=50CB52C A5=108000 A6=109058 PC=40B0 -- 0040B0: move.b  ($68,A1), D1
D0=FFDF D1=FF D2=0 D3=FFFF D4=104049C0 D5=84418527 D6=84418527 D7=FFFF A0=3C0002 A1=102B00 A2=D2588 A3=108F6E A4=50CB52C A5=108000 A6=109058 PC=40B4 -- 0040B4: addq.w  #1, D1
D0=FFDF D1=100 D2=0 D3=FFFF D4=104049C0 D5=84418527 D6=84418527 D7=FFFF A0=3C0002 A1=102B00 A2=D2588 A3=108F6E A4=50CB52C A5=108000 A6=109058 PC=40B6 -- 0040B6: muls.w  D1, D0
D0=FFFFDF00 D1=100 D2=0 D3=FFFF D4=104049C0 D5=84418527 D6=84418527 D7=FFFF A0=3C0002 A1=102B00 A2=D2588 A3=108F6E A4=50CB52C A5=108000 A6=109058 PC=40B8 -- 0040B8: lsr.l   #8, D0
D0=FFFFDF D1=100 D2=0 D3=FFFF D4=104049C0 D5=84418527 D6=84418527 D7=FFFF A0=3C0002 A1=102B00 A2=D2588 A3=108F6E A4=50CB52C A5=108000 A6=109058 PC=40BA -- 0040BA: add.w   ($24,A1), D0
D0=FF0027 D1=100 D2=0 D3=FFFF D4=104049C0 D5=84418527 D6=84418527 D7=FFFF A0=3C0002 A1=102B00 A2=D2588 A3=108F6E A4=50CB52C A5=108000 A6=109058 PC=40BE -- 0040BE: lsl.w   #7, D0
D0=FF1380 D1=100 D2=0 D3=FFFF D4=104049C0 D5=84418527 D6=84418527 D7=FFFF A0=3C0002 A1=102B00 A2=D2588 A3=108F6E A4=50CB52C A5=108000 A6=109058 PC=40C0 -- 0040C0: move.w  D6, (-$2,A0)
D0=FF1380 D1=100 D2=0 D3=FFFF D4=104049C0 D5=84418527 D6=84418527 D7=FFFF A0=3C0002 A1=102B00 A2=D2588 A3=108F6E A4=50CB52C A5=108000 A6=109058 PC=40C4 -- 0040C4: move.w  D0, (A0)
D0=FF1380 D1=100 D2=0 D3=FFFF D4=104049C0 D5=84418527 D6=84418527 D7=FFFF A0=3C0002 A1=102B00 A2=D2588 A3=108F6E A4=50CB52C A5=108000 A6=109058 PC=40C6 -- 0040C6: moveq   #$0, D0
D0=0 D1=100 D2=0 D3=FFFF D4=104049C0 D5=84418527 D6=84418527 D7=FFFF A0=3C0002 A1=102B00 A2=D2588 A3=108F6E A4=50CB52C A5=108000 A6=109058 PC=40C8 -- 0040C8: move.b  (A2), D0
D0=4 D1=100 D2=0 D3=FFFF D4=104049C0 D5=84418527 D6=84418527 D7=FFFF A0=3C0002 A1=102B00 A2=D2588 A3=108F6E A4=50CB52C A5=108000 A6=109058 PC=40CA -- 0040CA: add.w   D0, D6
D0=4 D1=100 D2=0 D3=FFFF D4=104049C0 D5=8441852B D6=8441852B D7=FFFF A0=3C0002 A1=102B00 A2=D2588 A3=108F6E A4=50CB52C A5=108000 A6=109058 PC=40CC -- 0040CC: move.w  ($2,A4), D0
D0=FF95 D1=100 D2=0 D3=FFFF D4=104049C0 D5=8441852B D6=8441852B D7=FFFF A0=3C0002 A1=102B00 A2=D2588 A3=108F6E A4=50CB52C A5=108000 A6=109058 PC=40D0 -- 0040D0: btst    #$1, ($791,A5)
D0=FF95 D1=100 D2=0 D3=FFFF D4=104049C0 D5=8441852B D6=8441852B D7=FFFF A0=3C0002 A1=102B00 A2=D2588 A3=108F6E A4=50CB52C A5=108000 A6=109058 PC=40D6 -- 0040D6: beq     $40e4
D0=FF95 D1=100 D2=0 D3=FFFF D4=104049C0 D5=8441852B D6=8441852B D7=FFFF A0=3C0002 A1=102B00 A2=D2588 A3=108F6E A4=50CB52C A5=108000 A6=109058 PC=40E4 -- 0040E4: moveq   #$0, D1
D0=FF95 D1=0 D2=0 D3=FFFF D4=104049C0 D5=8441852B D6=8441852B D7=FFFF A0=3C0002 A1=102B00 A2=D2588 A3=108F6E A4=50CB52C A5=108000 A6=109058 PC=40E6 -- 0040E6: move.b  ($69,A1), D1
D0=FF95 D1=FF D2=0 D3=FFFF D4=104049C0 D5=8441852B D6=8441852B D7=FFFF A0=3C0002 A1=102B00 A2=D2588 A3=108F6E A4=50CB52C A5=108000 A6=109058 PC=40EA -- 0040EA: addq.w  #1, D1
D0=FF95 D1=100 D2=0 D3=FFFF D4=104049C0 D5=8441852B D6=8441852B D7=FFFF A0=3C0002 A1=102B00 A2=D2588 A3=108F6E A4=50CB52C A5=108000 A6=109058 PC=40EC -- 0040EC: muls.w  D1, D0
D0=FFFF9500 D1=100 D2=0 D3=FFFF D4=104049C0 D5=8441852B D6=8441852B D7=FFFF A0=3C0002 A1=102B00 A2=D2588 A3=108F6E A4=50CB52C A5=108000 A6=109058 PC=40EE -- 0040EE: lsr.l   #8, D0
D0=FFFF95 D1=100 D2=0 D3=FFFF D4=104049C0 D5=8441852B D6=8441852B D7=FFFF A0=3C0002 A1=102B00 A2=D2588 A3=108F6E A4=50CB52C A5=108000 A6=109058 PC=40F0 -- 0040F0: add.w   ($26,A1), D0
D0=FF004D D1=100 D2=0 D3=FFFF D4=104049C0 D5=8441852B D6=8441852B D7=FFFF A0=3C0002 A1=102B00 A2=D2588 A3=108F6E A4=50CB52C A5=108000 A6=109058 PC=40F4 -- 0040F4: neg.w   D0
D0=FFFFB3 D1=100 D2=0 D3=FFFF D4=104049C0 D5=8441852B D6=8441852B D7=FFFF A0=3C0002 A1=102B00 A2=D2588 A3=108F6E A4=50CB52C A5=108000 A6=109058 PC=40F6 -- 0040F6: addi.w  #$1ff, D0
D0=FF01B2 D1=100 D2=0 D3=FFFF D4=104049C0 D5=8441852B D6=8441852B D7=FFFF A0=3C0002 A1=102B00 A2=D2588 A3=108F6E A4=50CB52C A5=108000 A6=109058 PC=40FA -- 0040FA: lsl.w   #7, D0
D0=FFD900 D1=100 D2=0 D3=FFFF D4=104049C0 D5=8441852B D6=8441852B D7=FFFF A0=3C0002 A1=102B00 A2=D2588 A3=108F6E A4=50CB52C A5=108000 A6=109058 PC=40FC -- 0040FC: bsr     $4772
D0=FFD900 D1=100 D2=0 D3=FFFF D4=104049C0 D5=8441852B D6=8441852B D7=FFFF A0=3C0002 A1=102B00 A2=D2588 A3=108F6E A4=50CB52C A5=108000 A6=109058 PC=4772 -- 004772: move.w  D0, -(A7)
D0=FFD900 D1=100 D2=0 D3=FFFF D4=104049C0 D5=8441852B D6=8441852B D7=FFFF A0=3C0002 A1=102B00 A2=D2588 A3=108F6E A4=50CB52C A5=108000 A6=109058 PC=4774 -- 004774: moveq   #-$1, D0
D0=FFFFFFFF D1=100 D2=0 D3=FFFF D4=104049C0 D5=8441852B D6=8441852B D7=FFFF A0=3C0002 A1=102B00 A2=D2588 A3=108F6E A4=50CB52C A5=108000 A6=109058 PC=4776 -- 004776: moveq   #$0, D1
D0=FFFFFFFF D1=0 D2=0 D3=FFFF D4=104049C0 D5=8441852B D6=8441852B D7=FFFF A0=3C0002 A1=102B00 A2=D2588 A3=108F6E A4=50CB52C A5=108000 A6=109058 PC=4778 -- 004778: move.b  ($1,A2), D1
D0=FFFFFFFF D1=7 D2=0 D3=FFFF D4=104049C0 D5=8441852B D6=8441852B D7=FFFF A0=3C0002 A1=102B00 A2=D2588 A3=108F6E A4=50CB52C A5=108000 A6=109058 PC=477C -- 00477C: cmpi.b  #-$1, ($69,A1)
D0=FFFFFFFF D1=7 D2=0 D3=FFFF D4=104049C0 D5=8441852B D6=8441852B D7=FFFF A0=3C0002 A1=102B00 A2=D2588 A3=108F6E A4=50CB52C A5=108000 A6=109058 PC=4782 -- 004782: beq     $47b4
D0=FFFFFFFF D1=7 D2=0 D3=FFFF D4=104049C0 D5=8441852B D6=8441852B D7=FFFF A0=3C0002 A1=102B00 A2=D2588 A3=108F6E A4=50CB52C A5=108000 A6=109058 PC=47B4 -- 0047B4: move.b  D0, ($78f,A5)
D0=FFFFFFFF D1=7 D2=0 D3=FFFF D4=104049C0 D5=8441852B D6=8441852B D7=FFFF A0=3C0002 A1=102B00 A2=D2588 A3=108F6E A4=50CB52C A5=108000 A6=109058 PC=47B8 -- 0047B8: move.b  D1, ($78e,A5)
D0=FFFFFFFF D1=7 D2=0 D3=FFFF D4=104049C0 D5=8441852B D6=8441852B D7=FFFF A0=3C0002 A1=102B00 A2=D2588 A3=108F6E A4=50CB52C A5=108000 A6=109058 PC=47BC -- 0047BC: move.w  (A7)+, D0
D0=FFFFD900 D1=7 D2=0 D3=FFFF D4=104049C0 D5=8441852B D6=8441852B D7=FFFF A0=3C0002 A1=102B00 A2=D2588 A3=108F6E A4=50CB52C A5=108000 A6=109058 PC=47BE -- 0047BE: rts
D0=FFFFD900 D1=7 D2=0 D3=FFFF D4=104049C0 D5=8441852B D6=8441852B D7=FFFF A0=3C0002 A1=102B00 A2=D2588 A3=108F6E A4=50CB52C A5=108000 A6=109058 PC=4100 -- 004100: add.b   ($78e,A5), D0
D0=FFFFD907 D1=7 D2=0 D3=FFFF D4=104049C0 D5=8441852B D6=8441852B D7=FFFF A0=3C0002 A1=102B00 A2=D2588 A3=108F6E A4=50CB52C A5=108000 A6=109058 PC=4104 -- 004104: move.w  D0, (A3)+
D0=FFFFD907 D1=7 D2=0 D3=FFFF D4=104049C0 D5=8441852B D6=8441852B D7=FFFF A0=3C0002 A1=102B00 A2=D2588 A3=108F70 A4=50CB52C A5=108000 A6=109058 PC=4106 -- 004106: moveq   #$0, D0
D0=0 D1=7 D2=0 D3=FFFF D4=104049C0 D5=8441852B D6=8441852B D7=FFFF A0=3C0002 A1=102B00 A2=D2588 A3=108F70 A4=50CB52C A5=108000 A6=109058 PC=4108 -- 004108: move.b  (A2), D0
D0=4 D1=7 D2=0 D3=FFFF D4=104049C0 D5=8441852B D6=8441852B D7=FFFF A0=3C0002 A1=102B00 A2=D2588 A3=108F70 A4=50CB52C A5=108000 A6=109058 PC=410A -- 00410A: subq.b  #2, D0
D0=2 D1=7 D2=0 D3=FFFF D4=104049C0 D5=8441852B D6=8441852B D7=FFFF A0=3C0002 A1=102B00 A2=D2588 A3=108F70 A4=50CB52C A5=108000 A6=109058 PC=410C -- 00410C: bmi     $4118
D0=2 D1=7 D2=0 D3=FFFF D4=104049C0 D5=8441852B D6=8441852B D7=FFFF A0=3C0002 A1=102B00 A2=D2588 A3=108F70 A4=50CB52C A5=108000 A6=109058 PC=410E -- 00410E: move.w  #$40, D1
D0=2 D1=40 D2=0 D3=FFFF D4=104049C0 D5=8441852B D6=8441852B D7=FFFF A0=3C0002 A1=102B00 A2=D2588 A3=108F70 A4=50CB52C A5=108000 A6=109058 PC=4112 -- 004112: move.w  D1, (A3)+
D0=2 D1=40 D2=0 D3=FFFF D4=104049C0 D5=8441852B D6=8441852B D7=FFFF A0=3C0002 A1=102B00 A2=D2588 A3=108F72 A4=50CB52C A5=108000 A6=109058 PC=4114 -- 004114: dbra    D0, $4112
D0=1 D1=40 D2=0 D3=FFFF D4=104049C0 D5=8441852B D6=8441852B D7=FFFF A0=3C0002 A1=102B00 A2=D2588 A3=108F72 A4=50CB52C A5=108000 A6=109058 PC=4112 -- 004112: move.w  D1, (A3)+
D0=1 D1=40 D2=0 D3=FFFF D4=104049C0 D5=8441852B D6=8441852B D7=FFFF A0=3C0002 A1=102B00 A2=D2588 A3=108F74 A4=50CB52C A5=108000 A6=109058 PC=4114 -- 004114: dbra    D0, $4112

   (loops for 2 instructions)

D0=FFFF D1=40 D2=0 D3=FFFF D4=104049C0 D5=8441852B D6=8441852B D7=FFFF A0=3C0002 A1=102B00 A2=D2588 A3=108F76 A4=50CB52C A5=108000 A6=109058 PC=4118 -- 004118: move.w  #$1, ($2,A0)
D0=FFFF D1=40 D2=0 D3=FFFF D4=104049C0 D5=8441852B D6=8441852B D7=FFFF A0=3C0002 A1=102B00 A2=D2588 A3=108F76 A4=50CB52C A5=108000 A6=109058 PC=411E -- 00411E: move.w  D5, (-$2,A0)
D0=FFFF D1=40 D2=0 D3=FFFF D4=104049C0 D5=8441852B D6=8441852B D7=FFFF A0=3C0002 A1=102B00 A2=D2588 A3=108F76 A4=50CB52C A5=108000 A6=109058 PC=4122 -- 004122: moveq   #$0, D1
D0=FFFF D1=0 D2=0 D3=FFFF D4=104049C0 D5=8441852B D6=8441852B D7=FFFF A0=3C0002 A1=102B00 A2=D2588 A3=108F76 A4=50CB52C A5=108000 A6=109058 PC=4124 -- 004124: move.b  ($68,A1), D0
D0=FFFF D1=0 D2=0 D3=FFFF D4=104049C0 D5=8441852B D6=8441852B D7=FFFF A0=3C0002 A1=102B00 A2=D2588 A3=108F76 A4=50CB52C A5=108000 A6=109058 PC=4128 -- 004128: move.b  D0, D1
D0=FFFF D1=FF D2=0 D3=FFFF D4=104049C0 D5=8441852B D6=8441852B D7=FFFF A0=3C0002 A1=102B00 A2=D2588 A3=108F76 A4=50CB52C A5=108000 A6=109058 PC=412A -- 00412A: andi.w  #$f, D0
D0=F D1=FF D2=0 D3=FFFF D4=104049C0 D5=8441852B D6=8441852B D7=FFFF A0=3C0002 A1=102B00 A2=D2588 A3=108F76 A4=50CB52C A5=108000 A6=109058 PC=412E -- 00412E: lsr.b   #4, D1
D0=F D1=F D2=0 D3=FFFF D4=104049C0 D5=8441852B D6=8441852B D7=FFFF A0=3C0002 A1=102B00 A2=D2588 A3=108F76 A4=50CB52C A5=108000 A6=109058 PC=4130 -- 004130: tst.b   D1
D0=F D1=F D2=0 D3=FFFF D4=104049C0 D5=8441852B D6=8441852B D7=FFFF A0=3C0002 A1=102B00 A2=D2588 A3=108F76 A4=50CB52C A5=108000 A6=109058 PC=4132 -- 004132: beq     $4164
D0=F D1=F D2=0 D3=FFFF D4=104049C0 D5=8441852B D6=8441852B D7=FFFF A0=3C0002 A1=102B00 A2=D2588 A3=108F76 A4=50CB52C A5=108000 A6=109058 PC=4134 -- 004134: lea     $4f9d2.l, A6
D0=F D1=F D2=0 D3=FFFF D4=104049C0 D5=8441852B D6=8441852B D7=FFFF A0=3C0002 A1=102B00 A2=D2588 A3=108F76 A4=50CB52C A5=108000 A6=4F9D2 PC=413A -- 00413A: lsl.w   #5, D0
D0=1E0 D1=F D2=0 D3=FFFF D4=104049C0 D5=8441852B D6=8441852B D7=FFFF A0=3C0002 A1=102B00 A2=D2588 A3=108F76 A4=50CB52C A5=108000 A6=4F9D2 PC=413C -- 00413C: adda.w  D0, A6
D0=1E0 D1=F D2=0 D3=FFFF D4=104049C0 D5=8441852B D6=8441852B D7=FFFF A0=3C0002 A1=102B00 A2=D2588 A3=108F76 A4=50CB52C A5=108000 A6=4FBB2 PC=413E -- 00413E: moveq   #$f, D0
D0=F D1=F D2=0 D3=FFFF D4=104049C0 D5=8441852B D6=8441852B D7=FFFF A0=3C0002 A1=102B00 A2=D2588 A3=108F76 A4=50CB52C A5=108000 A6=4FBB2 PC=4140 -- 004140: moveq   #$0, D2
D0=F D1=F D2=0 D3=FFFF D4=104049C0 D5=8441852B D6=8441852B D7=FFFF A0=3C0002 A1=102B00 A2=D2588 A3=108F76 A4=50CB52C A5=108000 A6=4FBB2 PC=4142 -- 004142: move.b  (A2), D2
D0=F D1=F D2=4 D3=FFFF D4=104049C0 D5=8441852B D6=8441852B D7=FFFF A0=3C0002 A1=102B00 A2=D2588 A3=108F76 A4=50CB52C A5=108000 A6=4FBB2 PC=4144 -- 004144: lsr.w   #1, D2
D0=F D1=F D2=2 D3=FFFF D4=104049C0 D5=8441852B D6=8441852B D7=FFFF A0=3C0002 A1=102B00 A2=D2588 A3=108F76 A4=50CB52C A5=108000 A6=4FBB2 PC=4146 -- 004146: sub.w   D2, D0
D0=D D1=F D2=2 D3=FFFF D4=104049C0 D5=8441852B D6=8441852B D7=FFFF A0=3C0002 A1=102B00 A2=D2588 A3=108F76 A4=50CB52C A5=108000 A6=4FBB2 PC=4148 -- 004148: adda.l  D0, A6
D0=D D1=F D2=2 D3=FFFF D4=104049C0 D5=8441852B D6=8441852B D7=FFFF A0=3C0002 A1=102B00 A2=D2588 A3=108F76 A4=50CB52C A5=108000 A6=4FBBF PC=414A -- 00414A: move.b  (A2), D0
D0=4 D1=F D2=2 D3=FFFF D4=104049C0 D5=8441852B D6=8441852B D7=FFFF A0=3C0002 A1=102B00 A2=D2588 A3=108F76 A4=50CB52C A5=108000 A6=4FBBF PC=414C -- 00414C: add.w   D0, D5
D0=4 D1=F D2=2 D3=FFFF D4=104049C0 D5=8441852B D6=8441852B D7=FFFF A0=3C0002 A1=102B00 A2=D2588 A3=108F76 A4=50CB52C A5=108000 A6=4FBBF PC=414E -- 00414E: subq.b  #1, D0
D0=3 D1=F D2=2 D3=FFFF D4=104049C0 D5=8441852B D6=8441852B D7=FFFF A0=3C0002 A1=102B00 A2=D2588 A3=108F76 A4=50CB52C A5=108000 A6=4FBBF PC=4150 -- 004150: move.b  D1, D2
D0=3 D1=F D2=F D3=FFFF D4=104049C0 D5=8441852B D6=8441852B D7=FFFF A0=3C0002 A1=102B00 A2=D2588 A3=108F76 A4=50CB52C A5=108000 A6=4FBBF PC=4152 -- 004152: sub.b   (A6)+, D2
D0=3 D1=F D2=F D3=FFFF D4=104049C0 D5=8441852B D6=8441852B D7=FFFF A0=3C0002 A1=102B00 A2=D2588 A3=108F76 A4=50CB52C A5=108000 A6=4FBC0 PC=4154 -- 004154: lsl.w   #8, D2
D0=3 D1=F D2=F00 D3=FFFF D4=104049C0 D5=8441852B D6=8441852B D7=FFFF A0=3C0002 A1=102B00 A2=D2588 A3=108F76 A4=50CB52C A5=108000 A6=4FBC0 PC=4156 -- 004156: move.b  ($69,A1), D2
D0=3 D1=F D2=FFF D3=FFFF D4=104049C0 D5=8441852B D6=8441852B D7=FFFF A0=3C0002 A1=102B00 A2=D2588 A3=108F76 A4=50CB52C A5=108000 A6=4FBC0 PC=415A -- 00415A: move.w  D2, (A0)
D0=3 D1=F D2=FFF D3=FFFF D4=104049C0 D5=8441852B D6=8441852B D7=FFFF A0=3C0002 A1=102B00 A2=D2588 A3=108F76 A4=50CB52C A5=108000 A6=4FBC0 PC=415C -- 00415C: dbra    D0, $4150
D0=2 D1=F D2=FFF D3=FFFF D4=104049C0 D5=8441852B D6=8441852B D7=FFFF A0=3C0002 A1=102B00 A2=D2588 A3=108F76 A4=50CB52C A5=108000 A6=4FBC0 PC=4150 -- 004150: move.b  D1, D2
D0=2 D1=F D2=F0F D3=FFFF D4=104049C0 D5=8441852B D6=8441852B D7=FFFF A0=3C0002 A1=102B00 A2=D2588 A3=108F76 A4=50CB52C A5=108000 A6=4FBC0 PC=4152 -- 004152: sub.b   (A6)+, D2
D0=2 D1=F D2=F0F D3=FFFF D4=104049C0 D5=8441852B D6=8441852B D7=FFFF A0=3C0002 A1=102B00 A2=D2588 A3=108F76 A4=50CB52C A5=108000 A6=4FBC1 PC=4154 -- 004154: lsl.w   #8, D2
D0=2 D1=F D2=F00 D3=FFFF D4=104049C0 D5=8441852B D6=8441852B D7=FFFF A0=3C0002 A1=102B00 A2=D2588 A3=108F76 A4=50CB52C A5=108000 A6=4FBC1 PC=4156 -- 004156: move.b  ($69,A1), D2
D0=2 D1=F D2=FFF D3=FFFF D4=104049C0 D5=8441852B D6=8441852B D7=FFFF A0=3C0002 A1=102B00 A2=D2588 A3=108F76 A4=50CB52C A5=108000 A6=4FBC1 PC=415A -- 00415A: move.w  D2, (A0)
D0=2 D1=F D2=FFF D3=FFFF D4=104049C0 D5=8441852B D6=8441852B D7=FFFF A0=3C0002 A1=102B00 A2=D2588 A3=108F76 A4=50CB52C A5=108000 A6=4FBC1 PC=415C -- 00415C: dbra    D0, $4150

   (loops for 12 instructions)

D0=FFFF D1=F D2=FFF D3=FFFF D4=104049C0 D5=8441852B D6=8441852B D7=FFFF A0=3C0002 A1=102B00 A2=D2588 A3=108F76 A4=50CB52C A5=108000 A6=4FBC3 PC=4160 -- 004160: bra     $4178
D0=FFFF D1=F D2=FFF D3=FFFF D4=104049C0 D5=8441852B D6=8441852B D7=FFFF A0=3C0002 A1=102B00 A2=D2588 A3=108F76 A4=50CB52C A5=108000 A6=4FBC3 PC=4178 -- 004178: move.b  ($2,A2), D0
D0=FF10 D1=F D2=FFF D3=FFFF D4=104049C0 D5=8441852B D6=8441852B D7=FFFF A0=3C0002 A1=102B00 A2=D2588 A3=108F76 A4=50CB52C A5=108000 A6=4FBC3 PC=417C -- 00417C: tst.b   ($80,A1)
D0=FF10 D1=F D2=FFF D3=FFFF D4=104049C0 D5=8441852B D6=8441852B D7=FFFF A0=3C0002 A1=102B00 A2=D2588 A3=108F76 A4=50CB52C A5=108000 A6=4FBC3 PC=4180 -- 004180: beq     $4188
D0=FF10 D1=F D2=FFF D3=FFFF D4=104049C0 D5=8441852B D6=8441852B D7=FFFF A0=3C0002 A1=102B00 A2=D2588 A3=108F76 A4=50CB52C A5=108000 A6=4FBC3 PC=4188 -- 004188: add.b   ($30,A1), D0
D0=FF1E D1=F D2=FFF D3=FFFF D4=104049C0 D5=8441852B D6=8441852B D7=FFFF A0=3C0002 A1=102B00 A2=D2588 A3=108F76 A4=50CB52C A5=108000 A6=4FBC3 PC=418C -- 00418C: lsl.w   #8, D0
D0=1E00 D1=F D2=FFF D3=FFFF D4=104049C0 D5=8441852B D6=8441852B D7=FFFF A0=3C0002 A1=102B00 A2=D2588 A3=108F76 A4=50CB52C A5=108000 A6=4FBC3 PC=418E -- 00418E: tst.b   ($3,A2)
D0=1E00 D1=F D2=FFF D3=FFFF D4=104049C0 D5=8441852B D6=8441852B D7=FFFF A0=3C0002 A1=102B00 A2=D2588 A3=108F76 A4=50CB52C A5=108000 A6=4FBC3 PC=4192 -- 004192: beq     $4198
D0=1E00 D1=F D2=FFF D3=FFFF D4=104049C0 D5=8441852B D6=8441852B D7=FFFF A0=3C0002 A1=102B00 A2=D2588 A3=108F76 A4=50CB52C A5=108000 A6=4FBC3 PC=4198 -- 004198: move.w  ($4,A2), D1
D0=1E00 D1=5847 D2=FFF D3=FFFF D4=104049C0 D5=8441852B D6=8441852B D7=FFFF A0=3C0002 A1=102B00 A2=D2588 A3=108F76 A4=50CB52C A5=108000 A6=4FBC3 PC=419C -- 00419C: moveq   #$0, D3
D0=1E00 D1=5847 D2=FFF D3=0 D4=104049C0 D5=8441852B D6=8441852B D7=FFFF A0=3C0002 A1=102B00 A2=D2588 A3=108F76 A4=50CB52C A5=108000 A6=4FBC3 PC=419E -- 00419E: move.b  (A2), D3
D0=1E00 D1=5847 D2=FFF D3=4 D4=104049C0 D5=8441852B D6=8441852B D7=FFFF A0=3C0002 A1=102B00 A2=D2588 A3=108F76 A4=50CB52C A5=108000 A6=4FBC3 PC=41A0 -- 0041A0: subq.b  #1, D3
D0=1E00 D1=5847 D2=FFF D3=3 D4=104049C0 D5=8441852B D6=8441852B D7=FFFF A0=3C0002 A1=102B00 A2=D2588 A3=108F76 A4=50CB52C A5=108000 A6=4FBC3 PC=41A2 -- 0041A2: move.w  ($790,A5), D7
D0=1E00 D1=5847 D2=FFF D3=3 D4=104049C0 D5=8441852B D6=8441852B D7=1 A0=3C0002 A1=102B00 A2=D2588 A3=108F76 A4=50CB52C A5=108000 A6=4FBC3 PC=41A6 -- 0041A6: add.w   D7, D7
D0=1E00 D1=5847 D2=FFF D3=3 D4=104049C0 D5=8441852B D6=8441852B D7=2 A0=3C0002 A1=102B00 A2=D2588 A3=108F76 A4=50CB52C A5=108000 A6=4FBC3 PC=41A8 -- 0041A8: add.w   D7, D7
D0=1E00 D1=5847 D2=FFF D3=3 D4=104049C0 D5=8441852B D6=8441852B D7=4 A0=3C0002 A1=102B00 A2=D2588 A3=108F76 A4=50CB52C A5=108000 A6=4FBC3 PC=41AA -- 0041AA: movea.l ($4,PC,D7.w), A6
D0=1E00 D1=5847 D2=FFF D3=3 D4=104049C0 D5=8441852B D6=8441852B D7=4 A0=3C0002 A1=102B00 A2=D2588 A3=108F76 A4=50CB52C A5=108000 A6=42D2 PC=41AE -- 0041AE: jmp     (A6)
D0=1E00 D1=5847 D2=FFF D3=3 D4=104049C0 D5=8441852B D6=8441852B D7=4 A0=3C0002 A1=102B00 A2=D2588 A3=108F76 A4=50CB52C A5=108000 A6=42D2 PC=42D2 -- 0042D2: eori.b  #$1, D0
D0=1E01 D1=5847 D2=FFF D3=3 D4=104049C0 D5=8441852B D6=8441852B D7=4 A0=3C0002 A1=102B00 A2=D2588 A3=108F76 A4=50CB52C A5=108000 A6=42D2 PC=42D6 -- 0042D6: lea     ($6,A2), A6
D0=1E01 D1=5847 D2=FFF D3=3 D4=104049C0 D5=8441852B D6=8441852B D7=4 A0=3C0002 A1=102B00 A2=D2588 A3=108F76 A4=50CB52C A5=108000 A6=D258E PC=42DA -- 0042DA: move.w  #$1, ($2,A0)
D0=1E01 D1=5847 D2=FFF D3=3 D4=104049C0 D5=8441852B D6=8441852B D7=4 A0=3C0002 A1=102B00 A2=D2588 A3=108F76 A4=50CB52C A5=108000 A6=D258E PC=42E0 -- 0042E0: moveq   #$0, D2
D0=1E01 D1=5847 D2=0 D3=3 D4=104049C0 D5=8441852B D6=8441852B D7=4 A0=3C0002 A1=102B00 A2=D2588 A3=108F76 A4=50CB52C A5=108000 A6=D258E PC=42E2 -- 0042E2: move.b  (A2), D2
D0=1E01 D1=5847 D2=4 D3=3 D4=104049C0 D5=8441852B D6=8441852B D7=4 A0=3C0002 A1=102B00 A2=D2588 A3=108F76 A4=50CB52C A5=108000 A6=D258E PC=42E4 -- 0042E4: lsl.w   #6, D2
D0=1E01 D1=5847 D2=100 D3=3 D4=104049C0 D5=8441852B D6=8441852B D7=4 A0=3C0002 A1=102B00 A2=D2588 A3=108F76 A4=50CB52C A5=108000 A6=D258E PC=42E6 -- 0042E6: addi.w  #$40, D2
D0=1E01 D1=5847 D2=140 D3=3 D4=104049C0 D5=8441852B D6=8441852B D7=4 A0=3C0002 A1=102B00 A2=D2588 A3=108F76 A4=50CB52C A5=108000 A6=D258E PC=42EA -- 0042EA: move.w  D2, -(A7)
D0=1E01 D1=5847 D2=140 D3=3 D4=104049C0 D5=8441852B D6=8441852B D7=4 A0=3C0002 A1=102B00 A2=D2588 A3=108F76 A4=50CB52C A5=108000 A6=D258E PC=42EC -- 0042EC: subi.w  #$80, D2
D0=1E01 D1=5847 D2=C0 D3=3 D4=104049C0 D5=8441852B D6=8441852B D7=4 A0=3C0002 A1=102B00 A2=D2588 A3=108F76 A4=50CB52C A5=108000 A6=D258E PC=42F0 -- 0042F0: add.w   D2, D4
D0=1E01 D1=5847 D2=C0 D3=3 D4=10404A80 D5=8441852B D6=8441852B D7=4 A0=3C0002 A1=102B00 A2=D2588 A3=108F76 A4=50CB52C A5=108000 A6=D258E PC=42F2 -- 0042F2: moveq   #$0, D7
D0=1E01 D1=5847 D2=C0 D3=3 D4=10404A80 D5=8441852B D6=8441852B D7=0 A0=3C0002 A1=102B00 A2=D2588 A3=108F76 A4=50CB52C A5=108000 A6=D258E PC=42F4 -- 0042F4: move.b  ($1,A2), D7
D0=1E01 D1=5847 D2=C0 D3=3 D4=10404A80 D5=8441852B D6=8441852B D7=7 A0=3C0002 A1=102B00 A2=D2588 A3=108F76 A4=50CB52C A5=108000 A6=D258E PC=42F8 -- 0042F8: subq.b  #1, D7
D0=1E01 D1=5847 D2=C0 D3=3 D4=10404A80 D5=8441852B D6=8441852B D7=6 A0=3C0002 A1=102B00 A2=D2588 A3=108F76 A4=50CB52C A5=108000 A6=D258E PC=42FA -- 0042FA: move.w  (A6)+, D2
D0=1E01 D1=5847 D2=2E00 D3=3 D4=10404A80 D5=8441852B D6=8441852B D7=6 A0=3C0002 A1=102B00 A2=D2588 A3=108F76 A4=50CB52C A5=108000 A6=D2590 PC=42FC -- 0042FC: move.w  D4, (-$2,A0)
D0=1E01 D1=5847 D2=2E00 D3=3 D4=10404A80 D5=8441852B D6=8441852B D7=6 A0=3C0002 A1=102B00 A2=D2588 A3=108F76 A4=50CB52C A5=108000 A6=D2590 PC=4300 -- 004300: add.w   D2, D2
D0=1E01 D1=5847 D2=5C00 D3=3 D4=10404A80 D5=8441852B D6=8441852B D7=6 A0=3C0002 A1=102B00 A2=D2588 A3=108F76 A4=50CB52C A5=108000 A6=D2590 PC=4302 -- 004302: bcc     $4314
D0=1E01 D1=5847 D2=5C00 D3=3 D4=10404A80 D5=8441852B D6=8441852B D7=6 A0=3C0002 A1=102B00 A2=D2588 A3=108F76 A4=50CB52C A5=108000 A6=D2590 PC=4314 -- 004314: move.w  #$0, (A0)
D0=1E01 D1=5847 D2=5C00 D3=3 D4=10404A80 D5=8441852B D6=8441852B D7=6 A0=3C0002 A1=102B00 A2=D2588 A3=108F76 A4=50CB52C A5=108000 A6=D2590 PC=4318 -- 004318: nop
D0=1E01 D1=5847 D2=5C00 D3=3 D4=10404A80 D5=8441852B D6=8441852B D7=6 A0=3C0002 A1=102B00 A2=D2588 A3=108F76 A4=50CB52C A5=108000 A6=D2590 PC=431A -- 00431A: move.w  #$0, (A0)
D0=1E01 D1=5847 D2=5C00 D3=3 D4=10404A80 D5=8441852B D6=8441852B D7=6 A0=3C0002 A1=102B00 A2=D2588 A3=108F76 A4=50CB52C A5=108000 A6=D2590 PC=431E -- 00431E: dbra    D7, $4300
D0=1E01 D1=5847 D2=5C00 D3=3 D4=10404A80 D5=8441852B D6=8441852B D7=5 A0=3C0002 A1=102B00 A2=D2588 A3=108F76 A4=50CB52C A5=108000 A6=D2590 PC=4300 -- 004300: add.w   D2, D2
D0=1E01 D1=5847 D2=B800 D3=3 D4=10404A80 D5=8441852B D6=8441852B D7=5 A0=3C0002 A1=102B00 A2=D2588 A3=108F76 A4=50CB52C A5=108000 A6=D2590 PC=4302 -- 004302: bcc     $4314
D0=1E01 D1=5847 D2=B800 D3=3 D4=10404A80 D5=8441852B D6=8441852B D7=5 A0=3C0002 A1=102B00 A2=D2588 A3=108F76 A4=50CB52C A5=108000 A6=D2590 PC=4314 -- 004314: move.w  #$0, (A0)
D0=1E01 D1=5847 D2=B800 D3=3 D4=10404A80 D5=8441852B D6=8441852B D7=5 A0=3C0002 A1=102B00 A2=D2588 A3=108F76 A4=50CB52C A5=108000 A6=D2590 PC=4318 -- 004318: nop
D0=1E01 D1=5847 D2=B800 D3=3 D4=10404A80 D5=8441852B D6=8441852B D7=5 A0=3C0002 A1=102B00 A2=D2588 A3=108F76 A4=50CB52C A5=108000 A6=D2590 PC=431A -- 00431A: move.w  #$0, (A0)
D0=1E01 D1=5847 D2=B800 D3=3 D4=10404A80 D5=8441852B D6=8441852B D7=5 A0=3C0002 A1=102B00 A2=D2588 A3=108F76 A4=50CB52C A5=108000 A6=D2590 PC=431E -- 00431E: dbra    D7, $4300

   (loops for 2 instructions)

D0=1E01 D1=5847 D2=7000 D3=3 D4=10404A80 D5=8441852B D6=8441852B D7=4 A0=3C0002 A1=102B00 A2=D2588 A3=108F76 A4=50CB52C A5=108000 A6=D2590 PC=4304 -- 004304: move.w  D1, (A0)
D0=1E01 D1=5847 D2=7000 D3=3 D4=10404A80 D5=8441852B D6=8441852B D7=4 A0=3C0002 A1=102B00 A2=D2588 A3=108F76 A4=50CB52C A5=108000 A6=D2590 PC=4306 -- 004306: nop
D0=1E01 D1=5847 D2=7000 D3=3 D4=10404A80 D5=8441852B D6=8441852B D7=4 A0=3C0002 A1=102B00 A2=D2588 A3=108F76 A4=50CB52C A5=108000 A6=D2590 PC=4308 -- 004308: move.w  D0, (A0)
D0=1E01 D1=5847 D2=7000 D3=3 D4=10404A80 D5=8441852B D6=8441852B D7=4 A0=3C0002 A1=102B00 A2=D2588 A3=108F76 A4=50CB52C A5=108000 A6=D2590 PC=430A -- 00430A: addq.w  #1, D1
D0=1E01 D1=5848 D2=7000 D3=3 D4=10404A80 D5=8441852B D6=8441852B D7=4 A0=3C0002 A1=102B00 A2=D2588 A3=108F76 A4=50CB52C A5=108000 A6=D2590 PC=430C -- 00430C: bcc     $431e

   (loops for 9 instructions)

D0=1E01 D1=5848 D2=C000 D3=3 D4=10404A80 D5=8441852B D6=8441852B D7=2 A0=3C0002 A1=102B00 A2=D2588 A3=108F76 A4=50CB52C A5=108000 A6=D2590 PC=4304 -- 004304: move.w  D1, (A0)
D0=1E01 D1=5848 D2=C000 D3=3 D4=10404A80 D5=8441852B D6=8441852B D7=2 A0=3C0002 A1=102B00 A2=D2588 A3=108F76 A4=50CB52C A5=108000 A6=D2590 PC=4306 -- 004306: nop
D0=1E01 D1=5848 D2=C000 D3=3 D4=10404A80 D5=8441852B D6=8441852B D7=2 A0=3C0002 A1=102B00 A2=D2588 A3=108F76 A4=50CB52C A5=108000 A6=D2590 PC=4308 -- 004308: move.w  D0, (A0)
D0=1E01 D1=5848 D2=C000 D3=3 D4=10404A80 D5=8441852B D6=8441852B D7=2 A0=3C0002 A1=102B00 A2=D2588 A3=108F76 A4=50CB52C A5=108000 A6=D2590 PC=430A -- 00430A: addq.w  #1, D1
D0=1E01 D1=5849 D2=C000 D3=3 D4=10404A80 D5=8441852B D6=8441852B D7=2 A0=3C0002 A1=102B00 A2=D2588 A3=108F76 A4=50CB52C A5=108000 A6=D2590 PC=430C -- 00430C: bcc     $431e

   (loops for 17 instructions)

D0=1E01 D1=584B D2=0 D3=3 D4=10404A80 D5=8441852B D6=8441852B D7=FFFF A0=3C0002 A1=102B00 A2=D2588 A3=108F76 A4=50CB52C A5=108000 A6=D2590 PC=4322 -- 004322: bsr     $47c0
D0=1E01 D1=584B D2=0 D3=3 D4=10404A80 D5=8441852B D6=8441852B D7=FFFF A0=3C0002 A1=102B00 A2=D2588 A3=108F76 A4=50CB52C A5=108000 A6=D2590 PC=47C0 -- 0047C0: tst.b   ($78f,A5)
D0=1E01 D1=584B D2=0 D3=3 D4=10404A80 D5=8441852B D6=8441852B D7=FFFF A0=3C0002 A1=102B00 A2=D2588 A3=108F76 A4=50CB52C A5=108000 A6=D2590 PC=47C4 -- 0047C4: bpl     $47c8
D0=1E01 D1=584B D2=0 D3=3 D4=10404A80 D5=8441852B D6=8441852B D7=FFFF A0=3C0002 A1=102B00 A2=D2588 A3=108F76 A4=50CB52C A5=108000 A6=D2590 PC=47C6 -- 0047C6: rts
D0=1E01 D1=584B D2=0 D3=3 D4=10404A80 D5=8441852B D6=8441852B D7=FFFF A0=3C0002 A1=102B00 A2=D2588 A3=108F76 A4=50CB52C A5=108000 A6=D2590 PC=4326 -- 004326: subi.w  #$40, D4
D0=1E01 D1=584B D2=0 D3=3 D4=10404A40 D5=8441852B D6=8441852B D7=FFFF A0=3C0002 A1=102B00 A2=D2588 A3=108F76 A4=50CB52C A5=108000 A6=D2590 PC=432A -- 00432A: dbra    D3, $42f2
D0=1E01 D1=584B D2=0 D3=2 D4=10404A40 D5=8441852B D6=8441852B D7=FFFF A0=3C0002 A1=102B00 A2=D2588 A3=108F76 A4=50CB52C A5=108000 A6=D2590 PC=42F2 -- 0042F2: moveq   #$0, D7
D0=1E01 D1=584B D2=0 D3=2 D4=10404A40 D5=8441852B D6=8441852B D7=0 A0=3C0002 A1=102B00 A2=D2588 A3=108F76 A4=50CB52C A5=108000 A6=D2590 PC=42F4 -- 0042F4: move.b  ($1,A2), D7
D0=1E01 D1=584B D2=0 D3=2 D4=10404A40 D5=8441852B D6=8441852B D7=7 A0=3C0002 A1=102B00 A2=D2588 A3=108F76 A4=50CB52C A5=108000 A6=D2590 PC=42F8 -- 0042F8: subq.b  #1, D7
D0=1E01 D1=584B D2=0 D3=2 D4=10404A40 D5=8441852B D6=8441852B D7=6 A0=3C0002 A1=102B00 A2=D2588 A3=108F76 A4=50CB52C A5=108000 A6=D2590 PC=42FA -- 0042FA: move.w  (A6)+, D2
D0=1E01 D1=584B D2=FE00 D3=2 D4=10404A40 D5=8441852B D6=8441852B D7=6 A0=3C0002 A1=102B00 A2=D2588 A3=108F76 A4=50CB52C A5=108000 A6=D2592 PC=42FC -- 0042FC: move.w  D4, (-$2,A0)

   (loops for 56 instructions)

D0=1E01 D1=5852 D2=0 D3=2 D4=10404A40 D5=8441852B D6=8441852B D7=FFFF A0=3C0002 A1=102B00 A2=D2588 A3=108F76 A4=50CB52C A5=108000 A6=D2592 PC=4322 -- 004322: bsr     $47c0
D0=1E01 D1=5852 D2=0 D3=2 D4=10404A40 D5=8441852B D6=8441852B D7=FFFF A0=3C0002 A1=102B00 A2=D2588 A3=108F76 A4=50CB52C A5=108000 A6=D2592 PC=47C0 -- 0047C0: tst.b   ($78f,A5)
D0=1E01 D1=5852 D2=0 D3=2 D4=10404A40 D5=8441852B D6=8441852B D7=FFFF A0=3C0002 A1=102B00 A2=D2588 A3=108F76 A4=50CB52C A5=108000 A6=D2592 PC=47C4 -- 0047C4: bpl     $47c8
D0=1E01 D1=5852 D2=0 D3=2 D4=10404A40 D5=8441852B D6=8441852B D7=FFFF A0=3C0002 A1=102B00 A2=D2588 A3=108F76 A4=50CB52C A5=108000 A6=D2592 PC=47C6 -- 0047C6: rts
D0=1E01 D1=5852 D2=0 D3=2 D4=10404A40 D5=8441852B D6=8441852B D7=FFFF A0=3C0002 A1=102B00 A2=D2588 A3=108F76 A4=50CB52C A5=108000 A6=D2592 PC=4326 -- 004326: subi.w  #$40, D4
D0=1E01 D1=5852 D2=0 D3=2 D4=10404A00 D5=8441852B D6=8441852B D7=FFFF A0=3C0002 A1=102B00 A2=D2588 A3=108F76 A4=50CB52C A5=108000 A6=D2592 PC=432A -- 00432A: dbra    D3, $42f2

   (loops for 122 instructions)

D0=1E01 D1=585A D2=0 D3=FFFF D4=10404980 D5=8441852B D6=8441852B D7=FFFF A0=3C0002 A1=102B00 A2=D2588 A3=108F76 A4=50CB52C A5=108000 A6=D2596 PC=432E -- 00432E: add.w   (A7)+, D4
D0=1E01 D1=585A D2=0 D3=FFFF D4=10404AC0 D5=8441852B D6=8441852B D7=FFFF A0=3C0002 A1=102B00 A2=D2588 A3=108F76 A4=50CB52C A5=108000 A6=D2596 PC=4330 -- 004330: rts
D0=1E01 D1=585A D2=0 D3=FFFF D4=10404AC0 D5=8441852B D6=8441852B D7=FFFF A0=3C0002 A1=102B00 A2=D2588 A3=108F76 A4=50CB52C A5=108000 A6=D2596 PC=4016 -- 004016: bra     $401c
D0=1E01 D1=585A D2=0 D3=FFFF D4=10404AC0 D5=8441852B D6=8441852B D7=FFFF A0=3C0002 A1=102B00 A2=D2588 A3=108F76 A4=50CB52C A5=108000 A6=D2596 PC=401C -- 00401C: movea.l (A7)+, A6
D0=1E01 D1=585A D2=0 D3=FFFF D4=10404AC0 D5=8441852B D6=8441852B D7=FFFF A0=3C0002 A1=102B00 A2=D2588 A3=108F76 A4=50CB52C A5=108000 A6=108E3C PC=401E -- 00401E: btst    #$5, ($4,A4)
D0=1E01 D1=585A D2=0 D3=FFFF D4=10404AC0 D5=8441852B D6=8441852B D7=FFFF A0=3C0002 A1=102B00 A2=D2588 A3=108F76 A4=50CB52C A5=108000 A6=108E3C PC=4024 -- 004024: beq     $4056
D0=1E01 D1=585A D2=0 D3=FFFF D4=10404AC0 D5=8441852B D6=8441852B D7=FFFF A0=3C0002 A1=102B00 A2=D2588 A3=108F76 A4=50CB52C A5=108000 A6=108E3C PC=4056 -- 004056: tst.b   ($7c,A1)
D0=1E01 D1=585A D2=0 D3=FFFF D4=10404AC0 D5=8441852B D6=8441852B D7=FFFF A0=3C0002 A1=102B00 A2=D2588 A3=108F76 A4=50CB52C A5=108000 A6=108E3C PC=405A -- 00405A: bpl     $4064
D0=1E01 D1=585A D2=0 D3=FFFF D4=10404AC0 D5=8441852B D6=8441852B D7=FFFF A0=3C0002 A1=102B00 A2=D2588 A3=108F76 A4=50CB52C A5=108000 A6=108E3C PC=4064 -- 004064: movea.l (A7)+, A0
D0=1E01 D1=585A D2=0 D3=FFFF D4=10404AC0 D5=8441852B D6=8441852B D7=FFFF A0=10891A A1=102B00 A2=D2588 A3=108F76 A4=50CB52C A5=108000 A6=108E3C PC=4066 -- 004066: subq.w  #1, ($e3a,A5)
D0=1E01 D1=585A D2=0 D3=FFFF D4=10404AC0 D5=8441852B D6=8441852B D7=FFFF A0=10891A A1=102B00 A2=D2588 A3=108F76 A4=50CB52C A5=108000 A6=108E3C PC=406A -- 00406A: bne     $3f32
D0=1E01 D1=585A D2=0 D3=FFFF D4=10404AC0 D5=8441852B D6=8441852B D7=FFFF A0=10891A A1=102B00 A2=D2588 A3=108F76 A4=50CB52C A5=108000 A6=108E3C PC=3F32 -- 003F32: move.w  (A0)+, D0
D0=2900 D1=585A D2=0 D3=FFFF D4=10404AC0 D5=8441852B D6=8441852B D7=FFFF A0=10891C A1=102B00 A2=D2588 A3=108F76 A4=50CB52C A5=108000 A6=108E3C PC=3F34 -- 003F34: beq     $3f32
D0=2900 D1=585A D2=0 D3=FFFF D4=10404AC0 D5=8441852B D6=8441852B D7=FFFF A0=10891C A1=102B00 A2=D2588 A3=108F76 A4=50CB52C A5=108000 A6=108E3C PC=3F36 -- 003F36: clr.w   (-$2,A0)
D0=2900 D1=585A D2=0 D3=FFFF D4=10404AC0 D5=8441852B D6=8441852B D7=FFFF A0=10891C A1=102B00 A2=D2588 A3=108F76 A4=50CB52C A5=108000 A6=108E3C PC=3F3A -- 003F3A: move.l  A5, D1
D0=2900 D1=108000 D2=0 D3=FFFF D4=10404AC0 D5=8441852B D6=8441852B D7=FFFF A0=10891C A1=102B00 A2=D2588 A3=108F76 A4=50CB52C A5=108000 A6=108E3C PC=3F3C -- 003F3C: move.w  D0, D1
D0=2900 D1=102900 D2=0 D3=FFFF D4=10404AC0 D5=8441852B D6=8441852B D7=FFFF A0=10891C A1=102B00 A2=D2588 A3=108F76 A4=50CB52C A5=108000 A6=108E3C PC=3F3E -- 003F3E: movea.l D1, A1
D0=2900 D1=102900 D2=0 D3=FFFF D4=10404AC0 D5=8441852B D6=8441852B D7=FFFF A0=10891C A1=102900 A2=D2588 A3=108F76 A4=50CB52C A5=108000 A6=108E3C PC=3F40 -- 003F40: movea.l ($28,A1), A2
D0=2900 D1=102900 D2=0 D3=FFFF D4=10404AC0 D5=8441852B D6=8441852B D7=FFFF A0=10891C A1=102900 A2=D19E8 A3=108F76 A4=50CB52C A5=108000 A6=108E3C PC=3F44 -- 003F44: lea     $7bf48.l, A4
D0=2900 D1=102900 D2=0 D3=FFFF D4=10404AC0 D5=8441852B D6=8441852B D7=FFFF A0=10891C A1=102900 A2=D19E8 A3=108F76 A4=7BF48 A5=108000 A6=108E3C PC=3F4A -- 003F4A: move.w  ($70,A1), D0
D0=F D1=102900 D2=0 D3=FFFF D4=10404AC0 D5=8441852B D6=8441852B D7=FFFF A0=10891C A1=102900 A2=D19E8 A3=108F76 A4=7BF48 A5=108000 A6=108E3C PC=3F4E -- 003F4E: add.w   D0, D0
D0=1E D1=102900 D2=0 D3=FFFF D4=10404AC0 D5=8441852B D6=8441852B D7=FFFF A0=10891C A1=102900 A2=D19E8 A3=108F76 A4=7BF48 A5=108000 A6=108E3C PC=3F50 -- 003F50: add.w   D0, D0
D0=3C D1=102900 D2=0 D3=FFFF D4=10404AC0 D5=8441852B D6=8441852B D7=FFFF A0=10891C A1=102900 A2=D19E8 A3=108F76 A4=7BF48 A5=108000 A6=108E3C PC=3F52 -- 003F52: movea.l (A4,D0.w), A4
D0=3C D1=102900 D2=0 D3=FFFF D4=10404AC0 D5=8441852B D6=8441852B D7=FFFF A0=10891C A1=102900 A2=D19E8 A3=108F76 A4=7DDC0 A5=108000 A6=108E3C PC=3F56 -- 003F56: move.w  ($72,A1), D0
D0=0 D1=102900 D2=0 D3=FFFF D4=10404AC0 D5=8441852B D6=8441852B D7=FFFF A0=10891C A1=102900 A2=D19E8 A3=108F76 A4=7DDC0 A5=108000 A6=108E3C PC=3F5A -- 003F5A: add.w   D0, D0
D0=0 D1=102900 D2=0 D3=FFFF D4=10404AC0 D5=8441852B D6=8441852B D7=FFFF A0=10891C A1=102900 A2=D19E8 A3=108F76 A4=7DDC0 A5=108000 A6=108E3C PC=3F5C -- 003F5C: move.w  (A4,D0.w), ($46de,A5)
D0=0 D1=102900 D2=0 D3=FFFF D4=10404AC0 D5=8441852B D6=8441852B D7=FFFF A0=10891C A1=102900 A2=D19E8 A3=108F76 A4=7DDC0 A5=108000 A6=108E3C PC=3F62 -- 003F62: lea     $80000.l, A4
D0=0 D1=102900 D2=0 D3=FFFF D4=10404AC0 D5=8441852B D6=8441852B D7=FFFF A0=10891C A1=102900 A2=D19E8 A3=108F76 A4=80000 A5=108000 A6=108E3C PC=3F68 -- 003F68: move.w  ($70,A1), D0
D0=F D1=102900 D2=0 D3=FFFF D4=10404AC0 D5=8441852B D6=8441852B D7=FFFF A0=10891C A1=102900 A2=D19E8 A3=108F76 A4=80000 A5=108000 A6=108E3C PC=3F6C -- 003F6C: add.w   D0, D0
D0=1E D1=102900 D2=0 D3=FFFF D4=10404AC0 D5=8441852B D6=8441852B D7=FFFF A0=10891C A1=102900 A2=D19E8 A3=108F76 A4=80000 A5=108000 A6=108E3C PC=3F6E -- 003F6E: add.w   D0, D0
D0=3C D1=102900 D2=0 D3=FFFF D4=10404AC0 D5=8441852B D6=8441852B D7=FFFF A0=10891C A1=102900 A2=D19E8 A3=108F76 A4=80000 A5=108000 A6=108E3C PC=3F70 -- 003F70: movea.l (A4,D0.w), A4
D0=3C D1=102900 D2=0 D3=FFFF D4=10404AC0 D5=8441852B D6=8441852B D7=FFFF A0=10891C A1=102900 A2=D19E8 A3=108F76 A4=83E00 A5=108000 A6=108E3C PC=3F74 -- 003F74: move.w  ($46de,A5), D0
D0=0 D1=102900 D2=0 D3=FFFF D4=10404AC0 D5=8441852B D6=8441852B D7=FFFF A0=10891C A1=102900 A2=D19E8 A3=108F76 A4=83E00 A5=108000 A6=108E3C PC=3F78 -- 003F78: tst.b   ($46e2,A5)
D0=0 D1=102900 D2=0 D3=FFFF D4=10404AC0 D5=8441852B D6=8441852B D7=FFFF A0=10891C A1=102900 A2=D19E8 A3=108F76 A4=83E00 A5=108000 A6=108E3C PC=3F7C -- 003F7C: beq     $3f82
D0=0 D1=102900 D2=0 D3=FFFF D4=10404AC0 D5=8441852B D6=8441852B D7=FFFF A0=10891C A1=102900 A2=D19E8 A3=108F76 A4=83E00 A5=108000 A6=108E3C PC=3F82 -- 003F82: andi.w  #$ff, D0
D0=0 D1=102900 D2=0 D3=FFFF D4=10404AC0 D5=8441852B D6=8441852B D7=FFFF A0=10891C A1=102900 A2=D19E8 A3=108F76 A4=83E00 A5=108000 A6=108E3C PC=3F86 -- 003F86: add.w   D0, D0
D0=0 D1=102900 D2=0 D3=FFFF D4=10404AC0 D5=8441852B D6=8441852B D7=FFFF A0=10891C A1=102900 A2=D19E8 A3=108F76 A4=83E00 A5=108000 A6=108E3C PC=3F88 -- 003F88: add.w   D0, D0
D0=0 D1=102900 D2=0 D3=FFFF D4=10404AC0 D5=8441852B D6=8441852B D7=FFFF A0=10891C A1=102900 A2=D19E8 A3=108F76 A4=83E00 A5=108000 A6=108E3C PC=3F8A -- 003F8A: movea.l (A4,D0.w), A4
D0=0 D1=102900 D2=0 D3=FFFF D4=10404AC0 D5=8441852B D6=8441852B D7=FFFF A0=10891C A1=102900 A2=D19E8 A3=108F76 A4=CC3A8 A5=108000 A6=108E3C PC=3F8E -- 003F8E: move.w  ($74,A1), D0
D0=C D1=102900 D2=0 D3=FFFF D4=10404AC0 D5=8441852B D6=8441852B D7=FFFF A0=10891C A1=102900 A2=D19E8 A3=108F76 A4=CC3A8 A5=108000 A6=108E3C PC=3F92 -- 003F92: adda.w  D0, A4
D0=C D1=102900 D2=0 D3=FFFF D4=10404AC0 D5=8441852B D6=8441852B D7=FFFF A0=10891C A1=102900 A2=D19E8 A3=108F76 A4=CC3B4 A5=108000 A6=108E3C PC=3F94 -- 003F94: move.l  (A4), D0
D0=80CAD5E D1=102900 D2=0 D3=FFFF D4=10404AC0 D5=8441852B D6=8441852B D7=FFFF A0=10891C A1=102900 A2=D19E8 A3=108F76 A4=CC3B4 A5=108000 A6=108E3C PC=3F96 -- 003F96: movea.l D0, A4
D0=80CAD5E D1=102900 D2=0 D3=FFFF D4=10404AC0 D5=8441852B D6=8441852B D7=FFFF A0=10891C A1=102900 A2=D19E8 A3=108F76 A4=80CAD5E A5=108000 A6=108E3C PC=3F98 -- 003F98: move.l  A0, -(A7)
D0=80CAD5E D1=102900 D2=0 D3=FFFF D4=10404AC0 D5=8441852B D6=8441852B D7=FFFF A0=10891C A1=102900 A2=D19E8 A3=108F76 A4=80CAD5E A5=108000 A6=108E3C PC=3F9A -- 003F9A: lea     $3c0002.l, A0
D0=80CAD5E D1=102900 D2=0 D3=FFFF D4=10404AC0 D5=8441852B D6=8441852B D7=FFFF A0=3C0002 A1=102900 A2=D19E8 A3=108F76 A4=80CAD5E A5=108000 A6=108E3C PC=3FA0 -- 003FA0: tst.b   ($7c,A1)
D0=80CAD5E D1=102900 D2=0 D3=FFFF D4=10404AC0 D5=8441852B D6=8441852B D7=FFFF A0=3C0002 A1=102900 A2=D19E8 A3=108F76 A4=80CAD5E A5=108000 A6=108E3C PC=3FA4 -- 003FA4: bpl     $3fc0
D0=80CAD5E D1=102900 D2=0 D3=FFFF D4=10404AC0 D5=8441852B D6=8441852B D7=FFFF A0=3C0002 A1=102900 A2=D19E8 A3=108F76 A4=80CAD5E A5=108000 A6=108E3C PC=3FC0 -- 003FC0: moveq   #$0, D0
D0=0 D1=102900 D2=0 D3=FFFF D4=10404AC0 D5=8441852B D6=8441852B D7=FFFF A0=3C0002 A1=102900 A2=D19E8 A3=108F76 A4=80CAD5E A5=108000 A6=108E3C PC=3FC2 -- 003FC2: move.b  (A2), D0
D0=4 D1=102900 D2=0 D3=FFFF D4=10404AC0 D5=8441852B D6=8441852B D7=FFFF A0=3C0002 A1=102900 A2=D19E8 A3=108F76 A4=80CAD5E A5=108000 A6=108E3C PC=3FC4 -- 003FC4: sub.w   D0, ($794,A5)
D0=4 D1=102900 D2=0 D3=FFFF D4=10404AC0 D5=8441852B D6=8441852B D7=FFFF A0=3C0002 A1=102900 A2=D19E8 A3=108F76 A4=80CAD5E A5=108000 A6=108E3C PC=3FC8 -- 003FC8: bcc     $3fd2
D0=4 D1=102900 D2=0 D3=FFFF D4=10404AC0 D5=8441852B D6=8441852B D7=FFFF A0=3C0002 A1=102900 A2=D19E8 A3=108F76 A4=80CAD5E A5=108000 A6=108E3C PC=3FD2 -- 003FD2: move.l  A6, -(A7)
D0=4 D1=102900 D2=0 D3=FFFF D4=10404AC0 D5=8441852B D6=8441852B D7=FFFF A0=3C0002 A1=102900 A2=D19E8 A3=108F76 A4=80CAD5E A5=108000 A6=108E3C PC=3FD4 -- 003FD4: btst    #$6, ($7c,A1)
D0=4 D1=102900 D2=0 D3=FFFF D4=10404AC0 D5=8441852B D6=8441852B D7=FFFF A0=3C0002 A1=102900 A2=D19E8 A3=108F76 A4=80CAD5E A5=108000 A6=108E3C PC=3FDA -- 003FDA: bne     $400c
D0=4 D1=102900 D2=0 D3=FFFF D4=10404AC0 D5=8441852B D6=8441852B D7=FFFF A0=3C0002 A1=102900 A2=D19E8 A3=108F76 A4=80CAD5E A5=108000 A6=108E3C PC=3FDE -- 003FDE: moveq   #$0, D1
D0=4 D1=0 D2=0 D3=FFFF D4=10404AC0 D5=8441852B D6=8441852B D7=FFFF A0=3C0002 A1=102900 A2=D19E8 A3=108F76 A4=80CAD5E A5=108000 A6=108E3C PC=3FE0 -- 003FE0: move.b  ($82,A1), D1
D0=4 D1=0 D2=0 D3=FFFF D4=10404AC0 D5=8441852B D6=8441852B D7=FFFF A0=3C0002 A1=102900 A2=D19E8 A3=108F76 A4=80CAD5E A5=108000 A6=108E3C PC=3FE4 -- 003FE4: add.w   D1, D1
D0=4 D1=0 D2=0 D3=FFFF D4=10404AC0 D5=8441852B D6=8441852B D7=FFFF A0=3C0002 A1=102900 A2=D19E8 A3=108F76 A4=80CAD5E A5=108000 A6=108E3C PC=3FE6 -- 003FE6: add.w   D1, D1
D0=4 D1=0 D2=0 D3=FFFF D4=10404AC0 D5=8441852B D6=8441852B D7=FFFF A0=3C0002 A1=102900 A2=D19E8 A3=108F76 A4=80CAD5E A5=108000 A6=108E3C PC=3FE8 -- 003FE8: move.w  ($18,A1), D0
D0=28 D1=0 D2=0 D3=FFFF D4=10404AC0 D5=8441852B D6=8441852B D7=FFFF A0=3C0002 A1=102900 A2=D19E8 A3=108F76 A4=80CAD5E A5=108000 A6=108E3C PC=3FEC -- 003FEC: lea     ($104c,A5), A6
D0=28 D1=0 D2=0 D3=FFFF D4=10404AC0 D5=8441852B D6=8441852B D7=FFFF A0=3C0002 A1=102900 A2=D19E8 A3=108F76 A4=80CAD5E A5=108000 A6=10904C PC=3FF0 -- 003FF0: sub.w   (A6,D1.w), D0
D0=28 D1=0 D2=0 D3=FFFF D4=10404AC0 D5=8441852B D6=8441852B D7=FFFF A0=3C0002 A1=102900 A2=D19E8 A3=108F76 A4=80CAD5E A5=108000 A6=10904C PC=3FF4 -- 003FF4: move.w  D0, ($24,A1)
D0=28 D1=0 D2=0 D3=FFFF D4=10404AC0 D5=8441852B D6=8441852B D7=FFFF A0=3C0002 A1=102900 A2=D19E8 A3=108F76 A4=80CAD5E A5=108000 A6=10904C PC=3FF8 -- 003FF8: move.w  ($1c,A1), D0
D0=B8 D1=0 D2=0 D3=FFFF D4=10404AC0 D5=8441852B D6=8441852B D7=FFFF A0=3C0002 A1=102900 A2=D19E8 A3=108F76 A4=80CAD5E A5=108000 A6=10904C PC=3FFC -- 003FFC: sub.w   ($20,A1), D0
D0=B8 D1=0 D2=0 D3=FFFF D4=10404AC0 D5=8441852B D6=8441852B D7=FFFF A0=3C0002 A1=102900 A2=D19E8 A3=108F76 A4=80CAD5E A5=108000 A6=10904C PC=4000 -- 004000: lea     ($1058,A5), A6
D0=B8 D1=0 D2=0 D3=FFFF D4=10404AC0 D5=8441852B D6=8441852B D7=FFFF A0=3C0002 A1=102900 A2=D19E8 A3=108F76 A4=80CAD5E A5=108000 A6=109058 PC=4004 -- 004004: sub.w   (A6,D1.w), D0
D0=B8 D1=0 D2=0 D3=FFFF D4=10404AC0 D5=8441852B D6=8441852B D7=FFFF A0=3C0002 A1=102900 A2=D19E8 A3=108F76 A4=80CAD5E A5=108000 A6=109058 PC=4008 -- 004008: move.w  D0, ($26,A1)
D0=B8 D1=0 D2=0 D3=FFFF D4=10404AC0 D5=8441852B D6=8441852B D7=FFFF A0=3C0002 A1=102900 A2=D19E8 A3=108F76 A4=80CAD5E A5=108000 A6=109058 PC=400C -- 00400C: tst.b   ($3a66,A5)
D0=B8 D1=0 D2=0 D3=FFFF D4=10404AC0 D5=8441852B D6=8441852B D7=FFFF A0=3C0002 A1=102900 A2=D19E8 A3=108F76 A4=80CAD5E A5=108000 A6=109058 PC=4010 -- 004010: bmi     $4018
D0=B8 D1=0 D2=0 D3=FFFF D4=10404AC0 D5=8441852B D6=8441852B D7=FFFF A0=3C0002 A1=102900 A2=D19E8 A3=108F76 A4=80CAD5E A5=108000 A6=109058 PC=4012 -- 004012: bsr     $4088
D0=B8 D1=0 D2=0 D3=FFFF D4=10404AC0 D5=8441852B D6=8441852B D7=FFFF A0=3C0002 A1=102900 A2=D19E8 A3=108F76 A4=80CAD5E A5=108000 A6=109058 PC=4088 -- 004088: move.w  (A4), D0
D0=FFE0 D1=0 D2=0 D3=FFFF D4=10404AC0 D5=8441852B D6=8441852B D7=FFFF A0=3C0002 A1=102900 A2=D19E8 A3=108F76 A4=80CAD5E A5=108000 A6=109058 PC=408A -- 00408A: move.b  ($31,A1), D1
D0=FFE0 D1=1 D2=0 D3=FFFF D4=10404AC0 D5=8441852B D6=8441852B D7=FFFF A0=3C0002 A1=102900 A2=D19E8 A3=108F76 A4=80CAD5E A5=108000 A6=109058 PC=408E -- 00408E: move.b  ($4,A4), D2
D0=FFE0 D1=1 D2=0 D3=FFFF D4=10404AC0 D5=8441852B D6=8441852B D7=FFFF A0=3C0002 A1=102900 A2=D19E8 A3=108F76 A4=80CAD5E A5=108000 A6=109058 PC=4092 -- 004092: rol.b   #2, D2
D0=FFE0 D1=1 D2=0 D3=FFFF D4=10404AC0 D5=8441852B D6=8441852B D7=FFFF A0=3C0002 A1=102900 A2=D19E8 A3=108F76 A4=80CAD5E A5=108000 A6=109058 PC=4094 -- 004094: eor.w   D2, D1
D0=FFE0 D1=1 D2=0 D3=FFFF D4=10404AC0 D5=8441852B D6=8441852B D7=FFFF A0=3C0002 A1=102900 A2=D19E8 A3=108F76 A4=80CAD5E A5=108000 A6=109058 PC=4096 -- 004096: andi.w  #$3, D1
D0=FFE0 D1=1 D2=0 D3=FFFF D4=10404AC0 D5=8441852B D6=8441852B D7=FFFF A0=3C0002 A1=102900 A2=D19E8 A3=108F76 A4=80CAD5E A5=108000 A6=109058 PC=409A -- 00409A: move.w  D1, ($790,A5)
D0=FFE0 D1=1 D2=0 D3=FFFF D4=10404AC0 D5=8441852B D6=8441852B D7=FFFF A0=3C0002 A1=102900 A2=D19E8 A3=108F76 A4=80CAD5E A5=108000 A6=109058 PC=409E -- 00409E: andi.w  #$1, D1
D0=FFE0 D1=1 D2=0 D3=FFFF D4=10404AC0 D5=8441852B D6=8441852B D7=FFFF A0=3C0002 A1=102900 A2=D19E8 A3=108F76 A4=80CAD5E A5=108000 A6=109058 PC=40A2 -- 0040A2: beq     $40ae
D0=FFE0 D1=1 D2=0 D3=FFFF D4=10404AC0 D5=8441852B D6=8441852B D7=FFFF A0=3C0002 A1=102900 A2=D19E8 A3=108F76 A4=80CAD5E A5=108000 A6=109058 PC=40A4 -- 0040A4: moveq   #$0, D1
D0=FFE0 D1=0 D2=0 D3=FFFF D4=10404AC0 D5=8441852B D6=8441852B D7=FFFF A0=3C0002 A1=102900 A2=D19E8 A3=108F76 A4=80CAD5E A5=108000 A6=109058 PC=40A6 -- 0040A6: move.b  (A2), D1
D0=FFE0 D1=4 D2=0 D3=FFFF D4=10404AC0 D5=8441852B D6=8441852B D7=FFFF A0=3C0002 A1=102900 A2=D19E8 A3=108F76 A4=80CAD5E A5=108000 A6=109058 PC=40A8 -- 0040A8: lsl.w   #4, D1
D0=FFE0 D1=40 D2=0 D3=FFFF D4=10404AC0 D5=8441852B D6=8441852B D7=FFFF A0=3C0002 A1=102900 A2=D19E8 A3=108F76 A4=80CAD5E A5=108000 A6=109058 PC=40AA -- 0040AA: add.w   D1, D0
D0=20 D1=40 D2=0 D3=FFFF D4=10404AC0 D5=8441852B D6=8441852B D7=FFFF A0=3C0002 A1=102900 A2=D19E8 A3=108F76 A4=80CAD5E A5=108000 A6=109058 PC=40AC -- 0040AC: neg.w   D0
D0=FFE0 D1=40 D2=0 D3=FFFF D4=10404AC0 D5=8441852B D6=8441852B D7=FFFF A0=3C0002 A1=102900 A2=D19E8 A3=108F76 A4=80CAD5E A5=108000 A6=109058 PC=40AE -- 0040AE: moveq   #$0, D1
D0=FFE0 D1=0 D2=0 D3=FFFF D4=10404AC0 D5=8441852B D6=8441852B D7=FFFF A0=3C0002 A1=102900 A2=D19E8 A3=108F76 A4=80CAD5E A5=108000 A6=109058 PC=40B0 -- 0040B0: move.b  ($68,A1), D1
D0=FFE0 D1=FF D2=0 D3=FFFF D4=10404AC0 D5=8441852B D6=8441852B D7=FFFF A0=3C0002 A1=102900 A2=D19E8 A3=108F76 A4=80CAD5E A5=108000 A6=109058 PC=40B4 -- 0040B4: addq.w  #1, D1
D0=FFE0 D1=100 D2=0 D3=FFFF D4=10404AC0 D5=8441852B D6=8441852B D7=FFFF A0=3C0002 A1=102900 A2=D19E8 A3=108F76 A4=80CAD5E A5=108000 A6=109058 PC=40B6 -- 0040B6: muls.w  D1, D0
D0=FFFFE000 D1=100 D2=0 D3=FFFF D4=10404AC0 D5=8441852B D6=8441852B D7=FFFF A0=3C0002 A1=102900 A2=D19E8 A3=108F76 A4=80CAD5E A5=108000 A6=109058 PC=40B8 -- 0040B8: lsr.l   #8, D0
D0=FFFFE0 D1=100 D2=0 D3=FFFF D4=10404AC0 D5=8441852B D6=8441852B D7=FFFF A0=3C0002 A1=102900 A2=D19E8 A3=108F76 A4=80CAD5E A5=108000 A6=109058 PC=40BA -- 0040BA: add.w   ($24,A1), D0
D0=FF0008 D1=100 D2=0 D3=FFFF D4=10404AC0 D5=8441852B D6=8441852B D7=FFFF A0=3C0002 A1=102900 A2=D19E8 A3=108F76 A4=80CAD5E A5=108000 A6=109058 PC=40BE -- 0040BE: lsl.w   #7, D0
D0=FF0400 D1=100 D2=0 D3=FFFF D4=10404AC0 D5=8441852B D6=8441852B D7=FFFF A0=3C0002 A1=102900 A2=D19E8 A3=108F76 A4=80CAD5E A5=108000 A6=109058 PC=40C0 -- 0040C0: move.w  D6, (-$2,A0)
D0=FF0400 D1=100 D2=0 D3=FFFF D4=10404AC0 D5=8441852B D6=8441852B D7=FFFF A0=3C0002 A1=102900 A2=D19E8 A3=108F76 A4=80CAD5E A5=108000 A6=109058 PC=40C4 -- 0040C4: move.w  D0, (A0)
D0=FF0400 D1=100 D2=0 D3=FFFF D4=10404AC0 D5=8441852B D6=8441852B D7=FFFF A0=3C0002 A1=102900 A2=D19E8 A3=108F76 A4=80CAD5E A5=108000 A6=109058 PC=40C6 -- 0040C6: moveq   #$0, D0
D0=0 D1=100 D2=0 D3=FFFF D4=10404AC0 D5=8441852B D6=8441852B D7=FFFF A0=3C0002 A1=102900 A2=D19E8 A3=108F76 A4=80CAD5E A5=108000 A6=109058 PC=40C8 -- 0040C8: move.b  (A2), D0
D0=4 D1=100 D2=0 D3=FFFF D4=10404AC0 D5=8441852B D6=8441852B D7=FFFF A0=3C0002 A1=102900 A2=D19E8 A3=108F76 A4=80CAD5E A5=108000 A6=109058 PC=40CA -- 0040CA: add.w   D0, D6
D0=4 D1=100 D2=0 D3=FFFF D4=10404AC0 D5=8441852F D6=8441852F D7=FFFF A0=3C0002 A1=102900 A2=D19E8 A3=108F76 A4=80CAD5E A5=108000 A6=109058 PC=40CC -- 0040CC: move.w  ($2,A4), D0
D0=FF90 D1=100 D2=0 D3=FFFF D4=10404AC0 D5=8441852F D6=8441852F D7=FFFF A0=3C0002 A1=102900 A2=D19E8 A3=108F76 A4=80CAD5E A5=108000 A6=109058 PC=40D0 -- 0040D0: btst    #$1, ($791,A5)
D0=FF90 D1=100 D2=0 D3=FFFF D4=10404AC0 D5=8441852F D6=8441852F D7=FFFF A0=3C0002 A1=102900 A2=D19E8 A3=108F76 A4=80CAD5E A5=108000 A6=109058 PC=40D6 -- 0040D6: beq     $40e4
D0=FF90 D1=100 D2=0 D3=FFFF D4=10404AC0 D5=8441852F D6=8441852F D7=FFFF A0=3C0002 A1=102900 A2=D19E8 A3=108F76 A4=80CAD5E A5=108000 A6=109058 PC=40E4 -- 0040E4: moveq   #$0, D1
D0=FF90 D1=0 D2=0 D3=FFFF D4=10404AC0 D5=8441852F D6=8441852F D7=FFFF A0=3C0002 A1=102900 A2=D19E8 A3=108F76 A4=80CAD5E A5=108000 A6=109058 PC=40E6 -- 0040E6: move.b  ($69,A1), D1
D0=FF90 D1=FF D2=0 D3=FFFF D4=10404AC0 D5=8441852F D6=8441852F D7=FFFF A0=3C0002 A1=102900 A2=D19E8 A3=108F76 A4=80CAD5E A5=108000 A6=109058 PC=40EA -- 0040EA: addq.w  #1, D1
D0=FF90 D1=100 D2=0 D3=FFFF D4=10404AC0 D5=8441852F D6=8441852F D7=FFFF A0=3C0002 A1=102900 A2=D19E8 A3=108F76 A4=80CAD5E A5=108000 A6=109058 PC=40EC -- 0040EC: muls.w  D1, D0
D0=FFFF9000 D1=100 D2=0 D3=FFFF D4=10404AC0 D5=8441852F D6=8441852F D7=FFFF A0=3C0002 A1=102900 A2=D19E8 A3=108F76 A4=80CAD5E A5=108000 A6=109058 PC=40EE -- 0040EE: lsr.l   #8, D0
D0=FFFF90 D1=100 D2=0 D3=FFFF D4=10404AC0 D5=8441852F D6=8441852F D7=FFFF A0=3C0002 A1=102900 A2=D19E8 A3=108F76 A4=80CAD5E A5=108000 A6=109058 PC=40F0 -- 0040F0: add.w   ($26,A1), D0
D0=FF0048 D1=100 D2=0 D3=FFFF D4=10404AC0 D5=8441852F D6=8441852F D7=FFFF A0=3C0002 A1=102900 A2=D19E8 A3=108F76 A4=80CAD5E A5=108000 A6=109058 PC=40F4 -- 0040F4: neg.w   D0
D0=FFFFB8 D1=100 D2=0 D3=FFFF D4=10404AC0 D5=8441852F D6=8441852F D7=FFFF A0=3C0002 A1=102900 A2=D19E8 A3=108F76 A4=80CAD5E A5=108000 A6=109058 PC=40F6 -- 0040F6: addi.w  #$1ff, D0
D0=FF01B7 D1=100 D2=0 D3=FFFF D4=10404AC0 D5=8441852F D6=8441852F D7=FFFF A0=3C0002 A1=102900 A2=D19E8 A3=108F76 A4=80CAD5E A5=108000 A6=109058 PC=40FA -- 0040FA: lsl.w   #7, D0
D0=FFDB80 D1=100 D2=0 D3=FFFF D4=10404AC0 D5=8441852F D6=8441852F D7=FFFF A0=3C0002 A1=102900 A2=D19E8 A3=108F76 A4=80CAD5E A5=108000 A6=109058 PC=40FC -- 0040FC: bsr     $4772
D0=FFDB80 D1=100 D2=0 D3=FFFF D4=10404AC0 D5=8441852F D6=8441852F D7=FFFF A0=3C0002 A1=102900 A2=D19E8 A3=108F76 A4=80CAD5E A5=108000 A6=109058 PC=4772 -- 004772: move.w  D0, -(A7)
D0=FFDB80 D1=100 D2=0 D3=FFFF D4=10404AC0 D5=8441852F D6=8441852F D7=FFFF A0=3C0002 A1=102900 A2=D19E8 A3=108F76 A4=80CAD5E A5=108000 A6=109058 PC=4774 -- 004774: moveq   #-$1, D0
D0=FFFFFFFF D1=100 D2=0 D3=FFFF D4=10404AC0 D5=8441852F D6=8441852F D7=FFFF A0=3C0002 A1=102900 A2=D19E8 A3=108F76 A4=80CAD5E A5=108000 A6=109058 PC=4776 -- 004776: moveq   #$0, D1
D0=FFFFFFFF D1=0 D2=0 D3=FFFF D4=10404AC0 D5=8441852F D6=8441852F D7=FFFF A0=3C0002 A1=102900 A2=D19E8 A3=108F76 A4=80CAD5E A5=108000 A6=109058 PC=4778 -- 004778: move.b  ($1,A2), D1
D0=FFFFFFFF D1=7 D2=0 D3=FFFF D4=10404AC0 D5=8441852F D6=8441852F D7=FFFF A0=3C0002 A1=102900 A2=D19E8 A3=108F76 A4=80CAD5E A5=108000 A6=109058 PC=477C -- 00477C: cmpi.b  #-$1, ($69,A1)
D0=FFFFFFFF D1=7 D2=0 D3=FFFF D4=10404AC0 D5=8441852F D6=8441852F D7=FFFF A0=3C0002 A1=102900 A2=D19E8 A3=108F76 A4=80CAD5E A5=108000 A6=109058 PC=4782 -- 004782: beq     $47b4
D0=FFFFFFFF D1=7 D2=0 D3=FFFF D4=10404AC0 D5=8441852F D6=8441852F D7=FFFF A0=3C0002 A1=102900 A2=D19E8 A3=108F76 A4=80CAD5E A5=108000 A6=109058 PC=47B4 -- 0047B4: move.b  D0, ($78f,A5)
D0=FFFFFFFF D1=7 D2=0 D3=FFFF D4=10404AC0 D5=8441852F D6=8441852F D7=FFFF A0=3C0002 A1=102900 A2=D19E8 A3=108F76 A4=80CAD5E A5=108000 A6=109058 PC=47B8 -- 0047B8: move.b  D1, ($78e,A5)
D0=FFFFFFFF D1=7 D2=0 D3=FFFF D4=10404AC0 D5=8441852F D6=8441852F D7=FFFF A0=3C0002 A1=102900 A2=D19E8 A3=108F76 A4=80CAD5E A5=108000 A6=109058 PC=47BC -- 0047BC: move.w  (A7)+, D0
D0=FFFFDB80 D1=7 D2=0 D3=FFFF D4=10404AC0 D5=8441852F D6=8441852F D7=FFFF A0=3C0002 A1=102900 A2=D19E8 A3=108F76 A4=80CAD5E A5=108000 A6=109058 PC=47BE -- 0047BE: rts
D0=FFFFDB80 D1=7 D2=0 D3=FFFF D4=10404AC0 D5=8441852F D6=8441852F D7=FFFF A0=3C0002 A1=102900 A2=D19E8 A3=108F76 A4=80CAD5E A5=108000 A6=109058 PC=4100 -- 004100: add.b   ($78e,A5), D0
D0=FFFFDB87 D1=7 D2=0 D3=FFFF D4=10404AC0 D5=8441852F D6=8441852F D7=FFFF A0=3C0002 A1=102900 A2=D19E8 A3=108F76 A4=80CAD5E A5=108000 A6=109058 PC=4104 -- 004104: move.w  D0, (A3)+
D0=FFFFDB87 D1=7 D2=0 D3=FFFF D4=10404AC0 D5=8441852F D6=8441852F D7=FFFF A0=3C0002 A1=102900 A2=D19E8 A3=108F78 A4=80CAD5E A5=108000 A6=109058 PC=4106 -- 004106: moveq   #$0, D0
D0=0 D1=7 D2=0 D3=FFFF D4=10404AC0 D5=8441852F D6=8441852F D7=FFFF A0=3C0002 A1=102900 A2=D19E8 A3=108F78 A4=80CAD5E A5=108000 A6=109058 PC=4108 -- 004108: move.b  (A2), D0
D0=4 D1=7 D2=0 D3=FFFF D4=10404AC0 D5=8441852F D6=8441852F D7=FFFF A0=3C0002 A1=102900 A2=D19E8 A3=108F78 A4=80CAD5E A5=108000 A6=109058 PC=410A -- 00410A: subq.b  #2, D0
D0=2 D1=7 D2=0 D3=FFFF D4=10404AC0 D5=8441852F D6=8441852F D7=FFFF A0=3C0002 A1=102900 A2=D19E8 A3=108F78 A4=80CAD5E A5=108000 A6=109058 PC=410C -- 00410C: bmi     $4118
D0=2 D1=7 D2=0 D3=FFFF D4=10404AC0 D5=8441852F D6=8441852F D7=FFFF A0=3C0002 A1=102900 A2=D19E8 A3=108F78 A4=80CAD5E A5=108000 A6=109058 PC=410E -- 00410E: move.w  #$40, D1
D0=2 D1=40 D2=0 D3=FFFF D4=10404AC0 D5=8441852F D6=8441852F D7=FFFF A0=3C0002 A1=102900 A2=D19E8 A3=108F78 A4=80CAD5E A5=108000 A6=109058 PC=4112 -- 004112: move.w  D1, (A3)+
D0=2 D1=40 D2=0 D3=FFFF D4=10404AC0 D5=8441852F D6=8441852F D7=FFFF A0=3C0002 A1=102900 A2=D19E8 A3=108F7A A4=80CAD5E A5=108000 A6=109058 PC=4114 -- 004114: dbra    D0, $4112
D0=1 D1=40 D2=0 D3=FFFF D4=10404AC0 D5=8441852F D6=8441852F D7=FFFF A0=3C0002 A1=102900 A2=D19E8 A3=108F7A A4=80CAD5E A5=108000 A6=109058 PC=4112 -- 004112: move.w  D1, (A3)+
D0=1 D1=40 D2=0 D3=FFFF D4=10404AC0 D5=8441852F D6=8441852F D7=FFFF A0=3C0002 A1=102900 A2=D19E8 A3=108F7C A4=80CAD5E A5=108000 A6=109058 PC=4114 -- 004114: dbra    D0, $4112

   (loops for 2 instructions)

D0=FFFF D1=40 D2=0 D3=FFFF D4=10404AC0 D5=8441852F D6=8441852F D7=FFFF A0=3C0002 A1=102900 A2=D19E8 A3=108F7E A4=80CAD5E A5=108000 A6=109058 PC=4118 -- 004118: move.w  #$1, ($2,A0)
D0=FFFF D1=40 D2=0 D3=FFFF D4=10404AC0 D5=8441852F D6=8441852F D7=FFFF A0=3C0002 A1=102900 A2=D19E8 A3=108F7E A4=80CAD5E A5=108000 A6=109058 PC=411E -- 00411E: move.w  D5, (-$2,A0)
D0=FFFF D1=40 D2=0 D3=FFFF D4=10404AC0 D5=8441852F D6=8441852F D7=FFFF A0=3C0002 A1=102900 A2=D19E8 A3=108F7E A4=80CAD5E A5=108000 A6=109058 PC=4122 -- 004122: moveq   #$0, D1
D0=FFFF D1=0 D2=0 D3=FFFF D4=10404AC0 D5=8441852F D6=8441852F D7=FFFF A0=3C0002 A1=102900 A2=D19E8 A3=108F7E A4=80CAD5E A5=108000 A6=109058 PC=4124 -- 004124: move.b  ($68,A1), D0
D0=FFFF D1=0 D2=0 D3=FFFF D4=10404AC0 D5=8441852F D6=8441852F D7=FFFF A0=3C0002 A1=102900 A2=D19E8 A3=108F7E A4=80CAD5E A5=108000 A6=109058 PC=4128 -- 004128: move.b  D0, D1
D0=FFFF D1=FF D2=0 D3=FFFF D4=10404AC0 D5=8441852F D6=8441852F D7=FFFF A0=3C0002 A1=102900 A2=D19E8 A3=108F7E A4=80CAD5E A5=108000 A6=109058 PC=412A -- 00412A: andi.w  #$f, D0
D0=F D1=FF D2=0 D3=FFFF D4=10404AC0 D5=8441852F D6=8441852F D7=FFFF A0=3C0002 A1=102900 A2=D19E8 A3=108F7E A4=80CAD5E A5=108000 A6=109058 PC=412E -- 00412E: lsr.b   #4, D1
D0=F D1=F D2=0 D3=FFFF D4=10404AC0 D5=8441852F D6=8441852F D7=FFFF A0=3C0002 A1=102900 A2=D19E8 A3=108F7E A4=80CAD5E A5=108000 A6=109058 PC=4130 -- 004130: tst.b   D1
D0=F D1=F D2=0 D3=FFFF D4=10404AC0 D5=8441852F D6=8441852F D7=FFFF A0=3C0002 A1=102900 A2=D19E8 A3=108F7E A4=80CAD5E A5=108000 A6=109058 PC=4132 -- 004132: beq     $4164
D0=F D1=F D2=0 D3=FFFF D4=10404AC0 D5=8441852F D6=8441852F D7=FFFF A0=3C0002 A1=102900 A2=D19E8 A3=108F7E A4=80CAD5E A5=108000 A6=109058 PC=4134 -- 004134: lea     $4f9d2.l, A6
D0=F D1=F D2=0 D3=FFFF D4=10404AC0 D5=8441852F D6=8441852F D7=FFFF A0=3C0002 A1=102900 A2=D19E8 A3=108F7E A4=80CAD5E A5=108000 A6=4F9D2 PC=413A -- 00413A: lsl.w   #5, D0
D0=1E0 D1=F D2=0 D3=FFFF D4=10404AC0 D5=8441852F D6=8441852F D7=FFFF A0=3C0002 A1=102900 A2=D19E8 A3=108F7E A4=80CAD5E A5=108000 A6=4F9D2 PC=413C -- 00413C: adda.w  D0, A6
D0=1E0 D1=F D2=0 D3=FFFF D4=10404AC0 D5=8441852F D6=8441852F D7=FFFF A0=3C0002 A1=102900 A2=D19E8 A3=108F7E A4=80CAD5E A5=108000 A6=4FBB2 PC=413E -- 00413E: moveq   #$f, D0
D0=F D1=F D2=0 D3=FFFF D4=10404AC0 D5=8441852F D6=8441852F D7=FFFF A0=3C0002 A1=102900 A2=D19E8 A3=108F7E A4=80CAD5E A5=108000 A6=4FBB2 PC=4140 -- 004140: moveq   #$0, D2
D0=F D1=F D2=0 D3=FFFF D4=10404AC0 D5=8441852F D6=8441852F D7=FFFF A0=3C0002 A1=102900 A2=D19E8 A3=108F7E A4=80CAD5E A5=108000 A6=4FBB2 PC=4142 -- 004142: move.b  (A2), D2
D0=F D1=F D2=4 D3=FFFF D4=10404AC0 D5=8441852F D6=8441852F D7=FFFF A0=3C0002 A1=102900 A2=D19E8 A3=108F7E A4=80CAD5E A5=108000 A6=4FBB2 PC=4144 -- 004144: lsr.w   #1, D2
D0=F D1=F D2=2 D3=FFFF D4=10404AC0 D5=8441852F D6=8441852F D7=FFFF A0=3C0002 A1=102900 A2=D19E8 A3=108F7E A4=80CAD5E A5=108000 A6=4FBB2 PC=4146 -- 004146: sub.w   D2, D0
D0=D D1=F D2=2 D3=FFFF D4=10404AC0 D5=8441852F D6=8441852F D7=FFFF A0=3C0002 A1=102900 A2=D19E8 A3=108F7E A4=80CAD5E A5=108000 A6=4FBB2 PC=4148 -- 004148: adda.l  D0, A6
D0=D D1=F D2=2 D3=FFFF D4=10404AC0 D5=8441852F D6=8441852F D7=FFFF A0=3C0002 A1=102900 A2=D19E8 A3=108F7E A4=80CAD5E A5=108000 A6=4FBBF PC=414A -- 00414A: move.b  (A2), D0
D0=4 D1=F D2=2 D3=FFFF D4=10404AC0 D5=8441852F D6=8441852F D7=FFFF A0=3C0002 A1=102900 A2=D19E8 A3=108F7E A4=80CAD5E A5=108000 A6=4FBBF PC=414C -- 00414C: add.w   D0, D5
D0=4 D1=F D2=2 D3=FFFF D4=10404AC0 D5=8441852F D6=8441852F D7=FFFF A0=3C0002 A1=102900 A2=D19E8 A3=108F7E A4=80CAD5E A5=108000 A6=4FBBF PC=414E -- 00414E: subq.b  #1, D0
D0=3 D1=F D2=2 D3=FFFF D4=10404AC0 D5=8441852F D6=8441852F D7=FFFF A0=3C0002 A1=102900 A2=D19E8 A3=108F7E A4=80CAD5E A5=108000 A6=4FBBF PC=4150 -- 004150: move.b  D1, D2
D0=3 D1=F D2=F D3=FFFF D4=10404AC0 D5=8441852F D6=8441852F D7=FFFF A0=3C0002 A1=102900 A2=D19E8 A3=108F7E A4=80CAD5E A5=108000 A6=4FBBF PC=4152 -- 004152: sub.b   (A6)+, D2
D0=3 D1=F D2=F D3=FFFF D4=10404AC0 D5=8441852F D6=8441852F D7=FFFF A0=3C0002 A1=102900 A2=D19E8 A3=108F7E A4=80CAD5E A5=108000 A6=4FBC0 PC=4154 -- 004154: lsl.w   #8, D2
D0=3 D1=F D2=F00 D3=FFFF D4=10404AC0 D5=8441852F D6=8441852F D7=FFFF A0=3C0002 A1=102900 A2=D19E8 A3=108F7E A4=80CAD5E A5=108000 A6=4FBC0 PC=4156 -- 004156: move.b  ($69,A1), D2
D0=3 D1=F D2=FFF D3=FFFF D4=10404AC0 D5=8441852F D6=8441852F D7=FFFF A0=3C0002 A1=102900 A2=D19E8 A3=108F7E A4=80CAD5E A5=108000 A6=4FBC0 PC=415A -- 00415A: move.w  D2, (A0)
D0=3 D1=F D2=FFF D3=FFFF D4=10404AC0 D5=8441852F D6=8441852F D7=FFFF A0=3C0002 A1=102900 A2=D19E8 A3=108F7E A4=80CAD5E A5=108000 A6=4FBC0 PC=415C -- 00415C: dbra    D0, $4150
D0=2 D1=F D2=FFF D3=FFFF D4=10404AC0 D5=8441852F D6=8441852F D7=FFFF A0=3C0002 A1=102900 A2=D19E8 A3=108F7E A4=80CAD5E A5=108000 A6=4FBC0 PC=4150 -- 004150: move.b  D1, D2
D0=2 D1=F D2=F0F D3=FFFF D4=10404AC0 D5=8441852F D6=8441852F D7=FFFF A0=3C0002 A1=102900 A2=D19E8 A3=108F7E A4=80CAD5E A5=108000 A6=4FBC0 PC=4152 -- 004152: sub.b   (A6)+, D2
D0=2 D1=F D2=F0F D3=FFFF D4=10404AC0 D5=8441852F D6=8441852F D7=FFFF A0=3C0002 A1=102900 A2=D19E8 A3=108F7E A4=80CAD5E A5=108000 A6=4FBC1 PC=4154 -- 004154: lsl.w   #8, D2
D0=2 D1=F D2=F00 D3=FFFF D4=10404AC0 D5=8441852F D6=8441852F D7=FFFF A0=3C0002 A1=102900 A2=D19E8 A3=108F7E A4=80CAD5E A5=108000 A6=4FBC1 PC=4156 -- 004156: move.b  ($69,A1), D2
D0=2 D1=F D2=FFF D3=FFFF D4=10404AC0 D5=8441852F D6=8441852F D7=FFFF A0=3C0002 A1=102900 A2=D19E8 A3=108F7E A4=80CAD5E A5=108000 A6=4FBC1 PC=415A -- 00415A: move.w  D2, (A0)
D0=2 D1=F D2=FFF D3=FFFF D4=10404AC0 D5=8441852F D6=8441852F D7=FFFF A0=3C0002 A1=102900 A2=D19E8 A3=108F7E A4=80CAD5E A5=108000 A6=4FBC1 PC=415C -- 00415C: dbra    D0, $4150

   (loops for 12 instructions)

D0=FFFF D1=F D2=FFF D3=FFFF D4=10404AC0 D5=8441852F D6=8441852F D7=FFFF A0=3C0002 A1=102900 A2=D19E8 A3=108F7E A4=80CAD5E A5=108000 A6=4FBC3 PC=4160 -- 004160: bra     $4178
D0=FFFF D1=F D2=FFF D3=FFFF D4=10404AC0 D5=8441852F D6=8441852F D7=FFFF A0=3C0002 A1=102900 A2=D19E8 A3=108F7E A4=80CAD5E A5=108000 A6=4FBC3 PC=4178 -- 004178: move.b  ($2,A2), D0
D0=FF10 D1=F D2=FFF D3=FFFF D4=10404AC0 D5=8441852F D6=8441852F D7=FFFF A0=3C0002 A1=102900 A2=D19E8 A3=108F7E A4=80CAD5E A5=108000 A6=4FBC3 PC=417C -- 00417C: tst.b   ($80,A1)
D0=FF10 D1=F D2=FFF D3=FFFF D4=10404AC0 D5=8441852F D6=8441852F D7=FFFF A0=3C0002 A1=102900 A2=D19E8 A3=108F7E A4=80CAD5E A5=108000 A6=4FBC3 PC=4180 -- 004180: beq     $4188
D0=FF10 D1=F D2=FFF D3=FFFF D4=10404AC0 D5=8441852F D6=8441852F D7=FFFF A0=3C0002 A1=102900 A2=D19E8 A3=108F7E A4=80CAD5E A5=108000 A6=4FBC3 PC=4188 -- 004188: add.b   ($30,A1), D0
D0=FF10 D1=F D2=FFF D3=FFFF D4=10404AC0 D5=8441852F D6=8441852F D7=FFFF A0=3C0002 A1=102900 A2=D19E8 A3=108F7E A4=80CAD5E A5=108000 A6=4FBC3 PC=418C -- 00418C: lsl.w   #8, D0
D0=1000 D1=F D2=FFF D3=FFFF D4=10404AC0 D5=8441852F D6=8441852F D7=FFFF A0=3C0002 A1=102900 A2=D19E8 A3=108F7E A4=80CAD5E A5=108000 A6=4FBC3 PC=418E -- 00418E: tst.b   ($3,A2)
D0=1000 D1=F D2=FFF D3=FFFF D4=10404AC0 D5=8441852F D6=8441852F D7=FFFF A0=3C0002 A1=102900 A2=D19E8 A3=108F7E A4=80CAD5E A5=108000 A6=4FBC3 PC=4192 -- 004192: beq     $4198
D0=1000 D1=F D2=FFF D3=FFFF D4=10404AC0 D5=8441852F D6=8441852F D7=FFFF A0=3C0002 A1=102900 A2=D19E8 A3=108F7E A4=80CAD5E A5=108000 A6=4FBC3 PC=4198 -- 004198: move.w  ($4,A2), D1
D0=1000 D1=4A00 D2=FFF D3=FFFF D4=10404AC0 D5=8441852F D6=8441852F D7=FFFF A0=3C0002 A1=102900 A2=D19E8 A3=108F7E A4=80CAD5E A5=108000 A6=4FBC3 PC=419C -- 00419C: moveq   #$0, D3
D0=1000 D1=4A00 D2=FFF D3=0 D4=10404AC0 D5=8441852F D6=8441852F D7=FFFF A0=3C0002 A1=102900 A2=D19E8 A3=108F7E A4=80CAD5E A5=108000 A6=4FBC3 PC=419E -- 00419E: move.b  (A2), D3
D0=1000 D1=4A00 D2=FFF D3=4 D4=10404AC0 D5=8441852F D6=8441852F D7=FFFF A0=3C0002 A1=102900 A2=D19E8 A3=108F7E A4=80CAD5E A5=108000 A6=4FBC3 PC=41A0 -- 0041A0: subq.b  #1, D3
D0=1000 D1=4A00 D2=FFF D3=3 D4=10404AC0 D5=8441852F D6=8441852F D7=FFFF A0=3C0002 A1=102900 A2=D19E8 A3=108F7E A4=80CAD5E A5=108000 A6=4FBC3 PC=41A2 -- 0041A2: move.w  ($790,A5), D7
D0=1000 D1=4A00 D2=FFF D3=3 D4=10404AC0 D5=8441852F D6=8441852F D7=1 A0=3C0002 A1=102900 A2=D19E8 A3=108F7E A4=80CAD5E A5=108000 A6=4FBC3 PC=41A6 -- 0041A6: add.w   D7, D7
D0=1000 D1=4A00 D2=FFF D3=3 D4=10404AC0 D5=8441852F D6=8441852F D7=2 A0=3C0002 A1=102900 A2=D19E8 A3=108F7E A4=80CAD5E A5=108000 A6=4FBC3 PC=41A8 -- 0041A8: add.w   D7, D7
D0=1000 D1=4A00 D2=FFF D3=3 D4=10404AC0 D5=8441852F D6=8441852F D7=4 A0=3C0002 A1=102900 A2=D19E8 A3=108F7E A4=80CAD5E A5=108000 A6=4FBC3 PC=41AA -- 0041AA: movea.l ($4,PC,D7.w), A6
D0=1000 D1=4A00 D2=FFF D3=3 D4=10404AC0 D5=8441852F D6=8441852F D7=4 A0=3C0002 A1=102900 A2=D19E8 A3=108F7E A4=80CAD5E A5=108000 A6=42D2 PC=41AE -- 0041AE: jmp     (A6)
D0=1000 D1=4A00 D2=FFF D3=3 D4=10404AC0 D5=8441852F D6=8441852F D7=4 A0=3C0002 A1=102900 A2=D19E8 A3=108F7E A4=80CAD5E A5=108000 A6=42D2 PC=42D2 -- 0042D2: eori.b  #$1, D0
D0=1001 D1=4A00 D2=FFF D3=3 D4=10404AC0 D5=8441852F D6=8441852F D7=4 A0=3C0002 A1=102900 A2=D19E8 A3=108F7E A4=80CAD5E A5=108000 A6=42D2 PC=42D6 -- 0042D6: lea     ($6,A2), A6
D0=1001 D1=4A00 D2=FFF D3=3 D4=10404AC0 D5=8441852F D6=8441852F D7=4 A0=3C0002 A1=102900 A2=D19E8 A3=108F7E A4=80CAD5E A5=108000 A6=D19EE PC=42DA -- 0042DA: move.w  #$1, ($2,A0)
D0=1001 D1=4A00 D2=FFF D3=3 D4=10404AC0 D5=8441852F D6=8441852F D7=4 A0=3C0002 A1=102900 A2=D19E8 A3=108F7E A4=80CAD5E A5=108000 A6=D19EE PC=42E0 -- 0042E0: moveq   #$0, D2
D0=1001 D1=4A00 D2=0 D3=3 D4=10404AC0 D5=8441852F D6=8441852F D7=4 A0=3C0002 A1=102900 A2=D19E8 A3=108F7E A4=80CAD5E A5=108000 A6=D19EE PC=42E2 -- 0042E2: move.b  (A2), D2
D0=1001 D1=4A00 D2=4 D3=3 D4=10404AC0 D5=8441852F D6=8441852F D7=4 A0=3C0002 A1=102900 A2=D19E8 A3=108F7E A4=80CAD5E A5=108000 A6=D19EE PC=42E4 -- 0042E4: lsl.w   #6, D2
D0=1001 D1=4A00 D2=100 D3=3 D4=10404AC0 D5=8441852F D6=8441852F D7=4 A0=3C0002 A1=102900 A2=D19E8 A3=108F7E A4=80CAD5E A5=108000 A6=D19EE PC=42E6 -- 0042E6: addi.w  #$40, D2
D0=1001 D1=4A00 D2=140 D3=3 D4=10404AC0 D5=8441852F D6=8441852F D7=4 A0=3C0002 A1=102900 A2=D19E8 A3=108F7E A4=80CAD5E A5=108000 A6=D19EE PC=42EA -- 0042EA: move.w  D2, -(A7)
D0=1001 D1=4A00 D2=140 D3=3 D4=10404AC0 D5=8441852F D6=8441852F D7=4 A0=3C0002 A1=102900 A2=D19E8 A3=108F7E A4=80CAD5E A5=108000 A6=D19EE PC=42EC -- 0042EC: subi.w  #$80, D2
D0=1001 D1=4A00 D2=C0 D3=3 D4=10404AC0 D5=8441852F D6=8441852F D7=4 A0=3C0002 A1=102900 A2=D19E8 A3=108F7E A4=80CAD5E A5=108000 A6=D19EE PC=42F0 -- 0042F0: add.w   D2, D4
D0=1001 D1=4A00 D2=C0 D3=3 D4=10404B80 D5=8441852F D6=8441852F D7=4 A0=3C0002 A1=102900 A2=D19E8 A3=108F7E A4=80CAD5E A5=108000 A6=D19EE PC=42F2 -- 0042F2: moveq   #$0, D7
D0=1001 D1=4A00 D2=C0 D3=3 D4=10404B80 D5=8441852F D6=8441852F D7=0 A0=3C0002 A1=102900 A2=D19E8 A3=108F7E A4=80CAD5E A5=108000 A6=D19EE PC=42F4 -- 0042F4: move.b  ($1,A2), D7
D0=1001 D1=4A00 D2=C0 D3=3 D4=10404B80 D5=8441852F D6=8441852F D7=7 A0=3C0002 A1=102900 A2=D19E8 A3=108F7E A4=80CAD5E A5=108000 A6=D19EE PC=42F8 -- 0042F8: subq.b  #1, D7
D0=1001 D1=4A00 D2=C0 D3=3 D4=10404B80 D5=8441852F D6=8441852F D7=6 A0=3C0002 A1=102900 A2=D19E8 A3=108F7E A4=80CAD5E A5=108000 A6=D19EE PC=42FA -- 0042FA: move.w  (A6)+, D2
D0=1001 D1=4A00 D2=2E00 D3=3 D4=10404B80 D5=8441852F D6=8441852F D7=6 A0=3C0002 A1=102900 A2=D19E8 A3=108F7E A4=80CAD5E A5=108000 A6=D19F0 PC=42FC -- 0042FC: move.w  D4, (-$2,A0)
D0=1001 D1=4A00 D2=2E00 D3=3 D4=10404B80 D5=8441852F D6=8441852F D7=6 A0=3C0002 A1=102900 A2=D19E8 A3=108F7E A4=80CAD5E A5=108000 A6=D19F0 PC=4300 -- 004300: add.w   D2, D2
D0=1001 D1=4A00 D2=5C00 D3=3 D4=10404B80 D5=8441852F D6=8441852F D7=6 A0=3C0002 A1=102900 A2=D19E8 A3=108F7E A4=80CAD5E A5=108000 A6=D19F0 PC=4302 -- 004302: bcc     $4314
D0=1001 D1=4A00 D2=5C00 D3=3 D4=10404B80 D5=8441852F D6=8441852F D7=6 A0=3C0002 A1=102900 A2=D19E8 A3=108F7E A4=80CAD5E A5=108000 A6=D19F0 PC=4314 -- 004314: move.w  #$0, (A0)
D0=1001 D1=4A00 D2=5C00 D3=3 D4=10404B80 D5=8441852F D6=8441852F D7=6 A0=3C0002 A1=102900 A2=D19E8 A3=108F7E A4=80CAD5E A5=108000 A6=D19F0 PC=4318 -- 004318: nop
D0=1001 D1=4A00 D2=5C00 D3=3 D4=10404B80 D5=8441852F D6=8441852F D7=6 A0=3C0002 A1=102900 A2=D19E8 A3=108F7E A4=80CAD5E A5=108000 A6=D19F0 PC=431A -- 00431A: move.w  #$0, (A0)
D0=1001 D1=4A00 D2=5C00 D3=3 D4=10404B80 D5=8441852F D6=8441852F D7=6 A0=3C0002 A1=102900 A2=D19E8 A3=108F7E A4=80CAD5E A5=108000 A6=D19F0 PC=431E -- 00431E: dbra    D7, $4300
D0=1001 D1=4A00 D2=5C00 D3=3 D4=10404B80 D5=8441852F D6=8441852F D7=5 A0=3C0002 A1=102900 A2=D19E8 A3=108F7E A4=80CAD5E A5=108000 A6=D19F0 PC=4300 -- 004300: add.w   D2, D2
D0=1001 D1=4A00 D2=B800 D3=3 D4=10404B80 D5=8441852F D6=8441852F D7=5 A0=3C0002 A1=102900 A2=D19E8 A3=108F7E A4=80CAD5E A5=108000 A6=D19F0 PC=4302 -- 004302: bcc     $4314
D0=1001 D1=4A00 D2=B800 D3=3 D4=10404B80 D5=8441852F D6=8441852F D7=5 A0=3C0002 A1=102900 A2=D19E8 A3=108F7E A4=80CAD5E A5=108000 A6=D19F0 PC=4314 -- 004314: move.w  #$0, (A0)
D0=1001 D1=4A00 D2=B800 D3=3 D4=10404B80 D5=8441852F D6=8441852F D7=5 A0=3C0002 A1=102900 A2=D19E8 A3=108F7E A4=80CAD5E A5=108000 A6=D19F0 PC=4318 -- 004318: nop
D0=1001 D1=4A00 D2=B800 D3=3 D4=10404B80 D5=8441852F D6=8441852F D7=5 A0=3C0002 A1=102900 A2=D19E8 A3=108F7E A4=80CAD5E A5=108000 A6=D19F0 PC=431A -- 00431A: move.w  #$0, (A0)
D0=1001 D1=4A00 D2=B800 D3=3 D4=10404B80 D5=8441852F D6=8441852F D7=5 A0=3C0002 A1=102900 A2=D19E8 A3=108F7E A4=80CAD5E A5=108000 A6=D19F0 PC=431E -- 00431E: dbra    D7, $4300

   (loops for 2 instructions)

D0=1001 D1=4A00 D2=7000 D3=3 D4=10404B80 D5=8441852F D6=8441852F D7=4 A0=3C0002 A1=102900 A2=D19E8 A3=108F7E A4=80CAD5E A5=108000 A6=D19F0 PC=4304 -- 004304: move.w  D1, (A0)
D0=1001 D1=4A00 D2=7000 D3=3 D4=10404B80 D5=8441852F D6=8441852F D7=4 A0=3C0002 A1=102900 A2=D19E8 A3=108F7E A4=80CAD5E A5=108000 A6=D19F0 PC=4306 -- 004306: nop
D0=1001 D1=4A00 D2=7000 D3=3 D4=10404B80 D5=8441852F D6=8441852F D7=4 A0=3C0002 A1=102900 A2=D19E8 A3=108F7E A4=80CAD5E A5=108000 A6=D19F0 PC=4308 -- 004308: move.w  D0, (A0)
D0=1001 D1=4A00 D2=7000 D3=3 D4=10404B80 D5=8441852F D6=8441852F D7=4 A0=3C0002 A1=102900 A2=D19E8 A3=108F7E A4=80CAD5E A5=108000 A6=D19F0 PC=430A -- 00430A: addq.w  #1, D1
D0=1001 D1=4A01 D2=7000 D3=3 D4=10404B80 D5=8441852F D6=8441852F D7=4 A0=3C0002 A1=102900 A2=D19E8 A3=108F7E A4=80CAD5E A5=108000 A6=D19F0 PC=430C -- 00430C: bcc     $431e

   (loops for 9 instructions)

D0=1001 D1=4A01 D2=C000 D3=3 D4=10404B80 D5=8441852F D6=8441852F D7=2 A0=3C0002 A1=102900 A2=D19E8 A3=108F7E A4=80CAD5E A5=108000 A6=D19F0 PC=4304 -- 004304: move.w  D1, (A0)
D0=1001 D1=4A01 D2=C000 D3=3 D4=10404B80 D5=8441852F D6=8441852F D7=2 A0=3C0002 A1=102900 A2=D19E8 A3=108F7E A4=80CAD5E A5=108000 A6=D19F0 PC=4306 -- 004306: nop
D0=1001 D1=4A01 D2=C000 D3=3 D4=10404B80 D5=8441852F D6=8441852F D7=2 A0=3C0002 A1=102900 A2=D19E8 A3=108F7E A4=80CAD5E A5=108000 A6=D19F0 PC=4308 -- 004308: move.w  D0, (A0)
D0=1001 D1=4A01 D2=C000 D3=3 D4=10404B80 D5=8441852F D6=8441852F D7=2 A0=3C0002 A1=102900 A2=D19E8 A3=108F7E A4=80CAD5E A5=108000 A6=D19F0 PC=430A -- 00430A: addq.w  #1, D1
D0=1001 D1=4A02 D2=C000 D3=3 D4=10404B80 D5=8441852F D6=8441852F D7=2 A0=3C0002 A1=102900 A2=D19E8 A3=108F7E A4=80CAD5E A5=108000 A6=D19F0 PC=430C -- 00430C: bcc     $431e

   (loops for 17 instructions)

D0=1001 D1=4A04 D2=0 D3=3 D4=10404B80 D5=8441852F D6=8441852F D7=FFFF A0=3C0002 A1=102900 A2=D19E8 A3=108F7E A4=80CAD5E A5=108000 A6=D19F0 PC=4322 -- 004322: bsr     $47c0
D0=1001 D1=4A04 D2=0 D3=3 D4=10404B80 D5=8441852F D6=8441852F D7=FFFF A0=3C0002 A1=102900 A2=D19E8 A3=108F7E A4=80CAD5E A5=108000 A6=D19F0 PC=47C0 -- 0047C0: tst.b   ($78f,A5)
D0=1001 D1=4A04 D2=0 D3=3 D4=10404B80 D5=8441852F D6=8441852F D7=FFFF A0=3C0002 A1=102900 A2=D19E8 A3=108F7E A4=80CAD5E A5=108000 A6=D19F0 PC=47C4 -- 0047C4: bpl     $47c8
D0=1001 D1=4A04 D2=0 D3=3 D4=10404B80 D5=8441852F D6=8441852F D7=FFFF A0=3C0002 A1=102900 A2=D19E8 A3=108F7E A4=80CAD5E A5=108000 A6=D19F0 PC=47C6 -- 0047C6: rts
D0=1001 D1=4A04 D2=0 D3=3 D4=10404B80 D5=8441852F D6=8441852F D7=FFFF A0=3C0002 A1=102900 A2=D19E8 A3=108F7E A4=80CAD5E A5=108000 A6=D19F0 PC=4326 -- 004326: subi.w  #$40, D4
D0=1001 D1=4A04 D2=0 D3=3 D4=10404B40 D5=8441852F D6=8441852F D7=FFFF A0=3C0002 A1=102900 A2=D19E8 A3=108F7E A4=80CAD5E A5=108000 A6=D19F0 PC=432A -- 00432A: dbra    D3, $42f2
D0=1001 D1=4A04 D2=0 D3=2 D4=10404B40 D5=8441852F D6=8441852F D7=FFFF A0=3C0002 A1=102900 A2=D19E8 A3=108F7E A4=80CAD5E A5=108000 A6=D19F0 PC=42F2 -- 0042F2: moveq   #$0, D7
D0=1001 D1=4A04 D2=0 D3=2 D4=10404B40 D5=8441852F D6=8441852F D7=0 A0=3C0002 A1=102900 A2=D19E8 A3=108F7E A4=80CAD5E A5=108000 A6=D19F0 PC=42F4 -- 0042F4: move.b  ($1,A2), D7
D0=1001 D1=4A04 D2=0 D3=2 D4=10404B40 D5=8441852F D6=8441852F D7=7 A0=3C0002 A1=102900 A2=D19E8 A3=108F7E A4=80CAD5E A5=108000 A6=D19F0 PC=42F8 -- 0042F8: subq.b  #1, D7
D0=1001 D1=4A04 D2=0 D3=2 D4=10404B40 D5=8441852F D6=8441852F D7=6 A0=3C0002 A1=102900 A2=D19E8 A3=108F7E A4=80CAD5E A5=108000 A6=D19F0 PC=42FA -- 0042FA: move.w  (A6)+, D2
D0=1001 D1=4A04 D2=FE00 D3=2 D4=10404B40 D5=8441852F D6=8441852F D7=6 A0=3C0002 A1=102900 A2=D19E8 A3=108F7E A4=80CAD5E A5=108000 A6=D19F2 PC=42FC -- 0042FC: move.w  D4, (-$2,A0)

   (loops for 56 instructions)

D0=1001 D1=4A0B D2=0 D3=2 D4=10404B40 D5=8441852F D6=8441852F D7=FFFF A0=3C0002 A1=102900 A2=D19E8 A3=108F7E A4=80CAD5E A5=108000 A6=D19F2 PC=4322 -- 004322: bsr     $47c0
D0=1001 D1=4A0B D2=0 D3=2 D4=10404B40 D5=8441852F D6=8441852F D7=FFFF A0=3C0002 A1=102900 A2=D19E8 A3=108F7E A4=80CAD5E A5=108000 A6=D19F2 PC=47C0 -- 0047C0: tst.b   ($78f,A5)
D0=1001 D1=4A0B D2=0 D3=2 D4=10404B40 D5=8441852F D6=8441852F D7=FFFF A0=3C0002 A1=102900 A2=D19E8 A3=108F7E A4=80CAD5E A5=108000 A6=D19F2 PC=47C4 -- 0047C4: bpl     $47c8
D0=1001 D1=4A0B D2=0 D3=2 D4=10404B40 D5=8441852F D6=8441852F D7=FFFF A0=3C0002 A1=102900 A2=D19E8 A3=108F7E A4=80CAD5E A5=108000 A6=D19F2 PC=47C6 -- 0047C6: rts
D0=1001 D1=4A0B D2=0 D3=2 D4=10404B40 D5=8441852F D6=8441852F D7=FFFF A0=3C0002 A1=102900 A2=D19E8 A3=108F7E A4=80CAD5E A5=108000 A6=D19F2 PC=4326 -- 004326: subi.w  #$40, D4
D0=1001 D1=4A0B D2=0 D3=2 D4=10404B00 D5=8441852F D6=8441852F D7=FFFF A0=3C0002 A1=102900 A2=D19E8 A3=108F7E A4=80CAD5E A5=108000 A6=D19F2 PC=432A -- 00432A: dbra    D3, $42f2

   (loops for 130 instructions)

D0=1001 D1=4A17 D2=0 D3=FFFF D4=10404A80 D5=8441852F D6=8441852F D7=FFFF A0=3C0002 A1=102900 A2=D19E8 A3=108F7E A4=80CAD5E A5=108000 A6=D19F6 PC=432E -- 00432E: add.w   (A7)+, D4
D0=1001 D1=4A17 D2=0 D3=FFFF D4=10404BC0 D5=8441852F D6=8441852F D7=FFFF A0=3C0002 A1=102900 A2=D19E8 A3=108F7E A4=80CAD5E A5=108000 A6=D19F6 PC=4330 -- 004330: rts
D0=1001 D1=4A17 D2=0 D3=FFFF D4=10404BC0 D5=8441852F D6=8441852F D7=FFFF A0=3C0002 A1=102900 A2=D19E8 A3=108F7E A4=80CAD5E A5=108000 A6=D19F6 PC=4016 -- 004016: bra     $401c
D0=1001 D1=4A17 D2=0 D3=FFFF D4=10404BC0 D5=8441852F D6=8441852F D7=FFFF A0=3C0002 A1=102900 A2=D19E8 A3=108F7E A4=80CAD5E A5=108000 A6=D19F6 PC=401C -- 00401C: movea.l (A7)+, A6
D0=1001 D1=4A17 D2=0 D3=FFFF D4=10404BC0 D5=8441852F D6=8441852F D7=FFFF A0=3C0002 A1=102900 A2=D19E8 A3=108F7E A4=80CAD5E A5=108000 A6=108E3C PC=401E -- 00401E: btst    #$5, ($4,A4)
D0=1001 D1=4A17 D2=0 D3=FFFF D4=10404BC0 D5=8441852F D6=8441852F D7=FFFF A0=3C0002 A1=102900 A2=D19E8 A3=108F7E A4=80CAD5E A5=108000 A6=108E3C PC=4024 -- 004024: beq     $4056
D0=1001 D1=4A17 D2=0 D3=FFFF D4=10404BC0 D5=8441852F D6=8441852F D7=FFFF A0=3C0002 A1=102900 A2=D19E8 A3=108F7E A4=80CAD5E A5=108000 A6=108E3C PC=4056 -- 004056: tst.b   ($7c,A1)
D0=1001 D1=4A17 D2=0 D3=FFFF D4=10404BC0 D5=8441852F D6=8441852F D7=FFFF A0=3C0002 A1=102900 A2=D19E8 A3=108F7E A4=80CAD5E A5=108000 A6=108E3C PC=405A -- 00405A: bpl     $4064
D0=1001 D1=4A17 D2=0 D3=FFFF D4=10404BC0 D5=8441852F D6=8441852F D7=FFFF A0=3C0002 A1=102900 A2=D19E8 A3=108F7E A4=80CAD5E A5=108000 A6=108E3C PC=4064 -- 004064: movea.l (A7)+, A0
D0=1001 D1=4A17 D2=0 D3=FFFF D4=10404BC0 D5=8441852F D6=8441852F D7=FFFF A0=10891C A1=102900 A2=D19E8 A3=108F7E A4=80CAD5E A5=108000 A6=108E3C PC=4066 -- 004066: subq.w  #1, ($e3a,A5)
D0=1001 D1=4A17 D2=0 D3=FFFF D4=10404BC0 D5=8441852F D6=8441852F D7=FFFF A0=10891C A1=102900 A2=D19E8 A3=108F7E A4=80CAD5E A5=108000 A6=108E3C PC=406A -- 00406A: bne     $3f32
D0=1001 D1=4A17 D2=0 D3=FFFF D4=10404BC0 D5=8441852F D6=8441852F D7=FFFF A0=10891C A1=102900 A2=D19E8 A3=108F7E A4=80CAD5E A5=108000 A6=108E3C PC=3F32 -- 003F32: move.w  (A0)+, D0
D0=0 D1=4A17 D2=0 D3=FFFF D4=10404BC0 D5=8441852F D6=8441852F D7=FFFF A0=10891E A1=102900 A2=D19E8 A3=108F7E A4=80CAD5E A5=108000 A6=108E3C PC=3F34 -- 003F34: beq     $3f32
D0=0 D1=4A17 D2=0 D3=FFFF D4=10404BC0 D5=8441852F D6=8441852F D7=FFFF A0=10891E A1=102900 A2=D19E8 A3=108F7E A4=80CAD5E A5=108000 A6=108E3C PC=3F32 -- 003F32: move.w  (A0)+, D0
D0=1700 D1=4A17 D2=0 D3=FFFF D4=10404BC0 D5=8441852F D6=8441852F D7=FFFF A0=108920 A1=102900 A2=D19E8 A3=108F7E A4=80CAD5E A5=108000 A6=108E3C PC=3F34 -- 003F34: beq     $3f32
D0=1700 D1=4A17 D2=0 D3=FFFF D4=10404BC0 D5=8441852F D6=8441852F D7=FFFF A0=108920 A1=102900 A2=D19E8 A3=108F7E A4=80CAD5E A5=108000 A6=108E3C PC=3F36 -- 003F36: clr.w   (-$2,A0)
D0=1700 D1=4A17 D2=0 D3=FFFF D4=10404BC0 D5=8441852F D6=8441852F D7=FFFF A0=108920 A1=102900 A2=D19E8 A3=108F7E A4=80CAD5E A5=108000 A6=108E3C PC=3F3A -- 003F3A: move.l  A5, D1
D0=1700 D1=108000 D2=0 D3=FFFF D4=10404BC0 D5=8441852F D6=8441852F D7=FFFF A0=108920 A1=102900 A2=D19E8 A3=108F7E A4=80CAD5E A5=108000 A6=108E3C PC=3F3C -- 003F3C: move.w  D0, D1
D0=1700 D1=101700 D2=0 D3=FFFF D4=10404BC0 D5=8441852F D6=8441852F D7=FFFF A0=108920 A1=102900 A2=D19E8 A3=108F7E A4=80CAD5E A5=108000 A6=108E3C PC=3F3E -- 003F3E: movea.l D1, A1
D0=1700 D1=101700 D2=0 D3=FFFF D4=10404BC0 D5=8441852F D6=8441852F D7=FFFF A0=108920 A1=101700 A2=D19E8 A3=108F7E A4=80CAD5E A5=108000 A6=108E3C PC=3F40 -- 003F40: movea.l ($28,A1), A2
D0=1700 D1=101700 D2=0 D3=FFFF D4=10404BC0 D5=8441852F D6=8441852F D7=FFFF A0=108920 A1=101700 A2=F6D56 A3=108F7E A4=80CAD5E A5=108000 A6=108E3C PC=3F44 -- 003F44: lea     $7bf48.l, A4
D0=1700 D1=101700 D2=0 D3=FFFF D4=10404BC0 D5=8441852F D6=8441852F D7=FFFF A0=108920 A1=101700 A2=F6D56 A3=108F7E A4=7BF48 A5=108000 A6=108E3C PC=3F4A -- 003F4A: move.w  ($70,A1), D0
D0=1B D1=101700 D2=0 D3=FFFF D4=10404BC0 D5=8441852F D6=8441852F D7=FFFF A0=108920 A1=101700 A2=F6D56 A3=108F7E A4=7BF48 A5=108000 A6=108E3C PC=3F4E -- 003F4E: add.w   D0, D0
D0=36 D1=101700 D2=0 D3=FFFF D4=10404BC0 D5=8441852F D6=8441852F D7=FFFF A0=108920 A1=101700 A2=F6D56 A3=108F7E A4=7BF48 A5=108000 A6=108E3C PC=3F50 -- 003F50: add.w   D0, D0
D0=6C D1=101700 D2=0 D3=FFFF D4=10404BC0 D5=8441852F D6=8441852F D7=FFFF A0=108920 A1=101700 A2=F6D56 A3=108F7E A4=7BF48 A5=108000 A6=108E3C PC=3F52 -- 003F52: movea.l (A4,D0.w), A4
D0=6C D1=101700 D2=0 D3=FFFF D4=10404BC0 D5=8441852F D6=8441852F D7=FFFF A0=108920 A1=101700 A2=F6D56 A3=108F7E A4=7F5E0 A5=108000 A6=108E3C PC=3F56 -- 003F56: move.w  ($72,A1), D0
D0=40 D1=101700 D2=0 D3=FFFF D4=10404BC0 D5=8441852F D6=8441852F D7=FFFF A0=108920 A1=101700 A2=F6D56 A3=108F7E A4=7F5E0 A5=108000 A6=108E3C PC=3F5A -- 003F5A: add.w   D0, D0
D0=80 D1=101700 D2=0 D3=FFFF D4=10404BC0 D5=8441852F D6=8441852F D7=FFFF A0=108920 A1=101700 A2=F6D56 A3=108F7E A4=7F5E0 A5=108000 A6=108E3C PC=3F5C -- 003F5C: move.w  (A4,D0.w), ($46de,A5)
D0=80 D1=101700 D2=0 D3=FFFF D4=10404BC0 D5=8441852F D6=8441852F D7=FFFF A0=108920 A1=101700 A2=F6D56 A3=108F7E A4=7F5E0 A5=108000 A6=108E3C PC=3F62 -- 003F62: lea     $80000.l, A4
D0=80 D1=101700 D2=0 D3=FFFF D4=10404BC0 D5=8441852F D6=8441852F D7=FFFF A0=108920 A1=101700 A2=F6D56 A3=108F7E A4=80000 A5=108000 A6=108E3C PC=3F68 -- 003F68: move.w  ($70,A1), D0
D0=1B D1=101700 D2=0 D3=FFFF D4=10404BC0 D5=8441852F D6=8441852F D7=FFFF A0=108920 A1=101700 A2=F6D56 A3=108F7E A4=80000 A5=108000 A6=108E3C PC=3F6C -- 003F6C: add.w   D0, D0
D0=36 D1=101700 D2=0 D3=FFFF D4=10404BC0 D5=8441852F D6=8441852F D7=FFFF A0=108920 A1=101700 A2=F6D56 A3=108F7E A4=80000 A5=108000 A6=108E3C PC=3F6E -- 003F6E: add.w   D0, D0
D0=6C D1=101700 D2=0 D3=FFFF D4=10404BC0 D5=8441852F D6=8441852F D7=FFFF A0=108920 A1=101700 A2=F6D56 A3=108F7E A4=80000 A5=108000 A6=108E3C PC=3F70 -- 003F70: movea.l (A4,D0.w), A4
D0=6C D1=101700 D2=0 D3=FFFF D4=10404BC0 D5=8441852F D6=8441852F D7=FFFF A0=108920 A1=101700 A2=F6D56 A3=108F7E A4=86E00 A5=108000 A6=108E3C PC=3F74 -- 003F74: move.w  ($46de,A5), D0
D0=4040 D1=101700 D2=0 D3=FFFF D4=10404BC0 D5=8441852F D6=8441852F D7=FFFF A0=108920 A1=101700 A2=F6D56 A3=108F7E A4=86E00 A5=108000 A6=108E3C PC=3F78 -- 003F78: tst.b   ($46e2,A5)
D0=4040 D1=101700 D2=0 D3=FFFF D4=10404BC0 D5=8441852F D6=8441852F D7=FFFF A0=108920 A1=101700 A2=F6D56 A3=108F7E A4=86E00 A5=108000 A6=108E3C PC=3F7C -- 003F7C: beq     $3f82
D0=4040 D1=101700 D2=0 D3=FFFF D4=10404BC0 D5=8441852F D6=8441852F D7=FFFF A0=108920 A1=101700 A2=F6D56 A3=108F7E A4=86E00 A5=108000 A6=108E3C PC=3F82 -- 003F82: andi.w  #$ff, D0
D0=40 D1=101700 D2=0 D3=FFFF D4=10404BC0 D5=8441852F D6=8441852F D7=FFFF A0=108920 A1=101700 A2=F6D56 A3=108F7E A4=86E00 A5=108000 A6=108E3C PC=3F86 -- 003F86: add.w   D0, D0
D0=80 D1=101700 D2=0 D3=FFFF D4=10404BC0 D5=8441852F D6=8441852F D7=FFFF A0=108920 A1=101700 A2=F6D56 A3=108F7E A4=86E00 A5=108000 A6=108E3C PC=3F88 -- 003F88: add.w   D0, D0
D0=100 D1=101700 D2=0 D3=FFFF D4=10404BC0 D5=8441852F D6=8441852F D7=FFFF A0=108920 A1=101700 A2=F6D56 A3=108F7E A4=86E00 A5=108000 A6=108E3C PC=3F8A -- 003F8A: movea.l (A4,D0.w), A4
D0=100 D1=101700 D2=0 D3=FFFF D4=10404BC0 D5=8441852F D6=8441852F D7=FFFF A0=108920 A1=101700 A2=F6D56 A3=108F7E A4=F3152 A5=108000 A6=108E3C PC=3F8E -- 003F8E: move.w  ($74,A1), D0
D0=0 D1=101700 D2=0 D3=FFFF D4=10404BC0 D5=8441852F D6=8441852F D7=FFFF A0=108920 A1=101700 A2=F6D56 A3=108F7E A4=F3152 A5=108000 A6=108E3C PC=3F92 -- 003F92: adda.w  D0, A4
D0=0 D1=101700 D2=0 D3=FFFF D4=10404BC0 D5=8441852F D6=8441852F D7=FFFF A0=108920 A1=101700 A2=F6D56 A3=108F7E A4=F3152 A5=108000 A6=108E3C PC=3F94 -- 003F94: move.l  (A4), D0
D0=10F1140 D1=101700 D2=0 D3=FFFF D4=10404BC0 D5=8441852F D6=8441852F D7=FFFF A0=108920 A1=101700 A2=F6D56 A3=108F7E A4=F3152 A5=108000 A6=108E3C PC=3F96 -- 003F96: movea.l D0, A4
D0=10F1140 D1=101700 D2=0 D3=FFFF D4=10404BC0 D5=8441852F D6=8441852F D7=FFFF A0=108920 A1=101700 A2=F6D56 A3=108F7E A4=10F1140 A5=108000 A6=108E3C PC=3F98 -- 003F98: move.l  A0, -(A7)
D0=10F1140 D1=101700 D2=0 D3=FFFF D4=10404BC0 D5=8441852F D6=8441852F D7=FFFF A0=108920 A1=101700 A2=F6D56 A3=108F7E A4=10F1140 A5=108000 A6=108E3C PC=3F9A -- 003F9A: lea     $3c0002.l, A0
D0=10F1140 D1=101700 D2=0 D3=FFFF D4=10404BC0 D5=8441852F D6=8441852F D7=FFFF A0=3C0002 A1=101700 A2=F6D56 A3=108F7E A4=10F1140 A5=108000 A6=108E3C PC=3FA0 -- 003FA0: tst.b   ($7c,A1)
D0=10F1140 D1=101700 D2=0 D3=FFFF D4=10404BC0 D5=8441852F D6=8441852F D7=FFFF A0=3C0002 A1=101700 A2=F6D56 A3=108F7E A4=10F1140 A5=108000 A6=108E3C PC=3FA4 -- 003FA4: bpl     $3fc0
D0=10F1140 D1=101700 D2=0 D3=FFFF D4=10404BC0 D5=8441852F D6=8441852F D7=FFFF A0=3C0002 A1=101700 A2=F6D56 A3=108F7E A4=10F1140 A5=108000 A6=108E3C PC=3FC0 -- 003FC0: moveq   #$0, D0
D0=0 D1=101700 D2=0 D3=FFFF D4=10404BC0 D5=8441852F D6=8441852F D7=FFFF A0=3C0002 A1=101700 A2=F6D56 A3=108F7E A4=10F1140 A5=108000 A6=108E3C PC=3FC2 -- 003FC2: move.b  (A2), D0
D0=2 D1=101700 D2=0 D3=FFFF D4=10404BC0 D5=8441852F D6=8441852F D7=FFFF A0=3C0002 A1=101700 A2=F6D56 A3=108F7E A4=10F1140 A5=108000 A6=108E3C PC=3FC4 -- 003FC4: sub.w   D0, ($794,A5)
D0=2 D1=101700 D2=0 D3=FFFF D4=10404BC0 D5=8441852F D6=8441852F D7=FFFF A0=3C0002 A1=101700 A2=F6D56 A3=108F7E A4=10F1140 A5=108000 A6=108E3C PC=3FC8 -- 003FC8: bcc     $3fd2
D0=2 D1=101700 D2=0 D3=FFFF D4=10404BC0 D5=8441852F D6=8441852F D7=FFFF A0=3C0002 A1=101700 A2=F6D56 A3=108F7E A4=10F1140 A5=108000 A6=108E3C PC=3FD2 -- 003FD2: move.l  A6, -(A7)
D0=2 D1=101700 D2=0 D3=FFFF D4=10404BC0 D5=8441852F D6=8441852F D7=FFFF A0=3C0002 A1=101700 A2=F6D56 A3=108F7E A4=10F1140 A5=108000 A6=108E3C PC=3FD4 -- 003FD4: btst    #$6, ($7c,A1)
D0=2 D1=101700 D2=0 D3=FFFF D4=10404BC0 D5=8441852F D6=8441852F D7=FFFF A0=3C0002 A1=101700 A2=F6D56 A3=108F7E A4=10F1140 A5=108000 A6=108E3C PC=3FDA -- 003FDA: bne     $400c
D0=2 D1=101700 D2=0 D3=FFFF D4=10404BC0 D5=8441852F D6=8441852F D7=FFFF A0=3C0002 A1=101700 A2=F6D56 A3=108F7E A4=10F1140 A5=108000 A6=108E3C PC=3FDE -- 003FDE: moveq   #$0, D1
D0=2 D1=0 D2=0 D3=FFFF D4=10404BC0 D5=8441852F D6=8441852F D7=FFFF A0=3C0002 A1=101700 A2=F6D56 A3=108F7E A4=10F1140 A5=108000 A6=108E3C PC=3FE0 -- 003FE0: move.b  ($82,A1), D1
D0=2 D1=0 D2=0 D3=FFFF D4=10404BC0 D5=8441852F D6=8441852F D7=FFFF A0=3C0002 A1=101700 A2=F6D56 A3=108F7E A4=10F1140 A5=108000 A6=108E3C PC=3FE4 -- 003FE4: add.w   D1, D1
D0=2 D1=0 D2=0 D3=FFFF D4=10404BC0 D5=8441852F D6=8441852F D7=FFFF A0=3C0002 A1=101700 A2=F6D56 A3=108F7E A4=10F1140 A5=108000 A6=108E3C PC=3FE6 -- 003FE6: add.w   D1, D1
D0=2 D1=0 D2=0 D3=FFFF D4=10404BC0 D5=8441852F D6=8441852F D7=FFFF A0=3C0002 A1=101700 A2=F6D56 A3=108F7E A4=10F1140 A5=108000 A6=108E3C PC=3FE8 -- 003FE8: move.w  ($18,A1), D0
D0=90 D1=0 D2=0 D3=FFFF D4=10404BC0 D5=8441852F D6=8441852F D7=FFFF A0=3C0002 A1=101700 A2=F6D56 A3=108F7E A4=10F1140 A5=108000 A6=108E3C PC=3FEC -- 003FEC: lea     ($104c,A5), A6
D0=90 D1=0 D2=0 D3=FFFF D4=10404BC0 D5=8441852F D6=8441852F D7=FFFF A0=3C0002 A1=101700 A2=F6D56 A3=108F7E A4=10F1140 A5=108000 A6=10904C PC=3FF0 -- 003FF0: sub.w   (A6,D1.w), D0
D0=90 D1=0 D2=0 D3=FFFF D4=10404BC0 D5=8441852F D6=8441852F D7=FFFF A0=3C0002 A1=101700 A2=F6D56 A3=108F7E A4=10F1140 A5=108000 A6=10904C PC=3FF4 -- 003FF4: move.w  D0, ($24,A1)
D0=90 D1=0 D2=0 D3=FFFF D4=10404BC0 D5=8441852F D6=8441852F D7=FFFF A0=3C0002 A1=101700 A2=F6D56 A3=108F7E A4=10F1140 A5=108000 A6=10904C PC=3FF8 -- 003FF8: move.w  ($1c,A1), D0
D0=C8 D1=0 D2=0 D3=FFFF D4=10404BC0 D5=8441852F D6=8441852F D7=FFFF A0=3C0002 A1=101700 A2=F6D56 A3=108F7E A4=10F1140 A5=108000 A6=10904C PC=3FFC -- 003FFC: sub.w   ($20,A1), D0
D0=C8 D1=0 D2=0 D3=FFFF D4=10404BC0 D5=8441852F D6=8441852F D7=FFFF A0=3C0002 A1=101700 A2=F6D56 A3=108F7E A4=10F1140 A5=108000 A6=10904C PC=4000 -- 004000: lea     ($1058,A5), A6
D0=C8 D1=0 D2=0 D3=FFFF D4=10404BC0 D5=8441852F D6=8441852F D7=FFFF A0=3C0002 A1=101700 A2=F6D56 A3=108F7E A4=10F1140 A5=108000 A6=109058 PC=4004 -- 004004: sub.w   (A6,D1.w), D0
D0=C8 D1=0 D2=0 D3=FFFF D4=10404BC0 D5=8441852F D6=8441852F D7=FFFF A0=3C0002 A1=101700 A2=F6D56 A3=108F7E A4=10F1140 A5=108000 A6=109058 PC=4008 -- 004008: move.w  D0, ($26,A1)
D0=C8 D1=0 D2=0 D3=FFFF D4=10404BC0 D5=8441852F D6=8441852F D7=FFFF A0=3C0002 A1=101700 A2=F6D56 A3=108F7E A4=10F1140 A5=108000 A6=109058 PC=400C -- 00400C: tst.b   ($3a66,A5)
D0=C8 D1=0 D2=0 D3=FFFF D4=10404BC0 D5=8441852F D6=8441852F D7=FFFF A0=3C0002 A1=101700 A2=F6D56 A3=108F7E A4=10F1140 A5=108000 A6=109058 PC=4010 -- 004010: bmi     $4018
D0=C8 D1=0 D2=0 D3=FFFF D4=10404BC0 D5=8441852F D6=8441852F D7=FFFF A0=3C0002 A1=101700 A2=F6D56 A3=108F7E A4=10F1140 A5=108000 A6=109058 PC=4012 -- 004012: bsr     $4088
D0=C8 D1=0 D2=0 D3=FFFF D4=10404BC0 D5=8441852F D6=8441852F D7=FFFF A0=3C0002 A1=101700 A2=F6D56 A3=108F7E A4=10F1140 A5=108000 A6=109058 PC=4088 -- 004088: move.w  (A4), D0
D0=70 D1=0 D2=0 D3=FFFF D4=10404BC0 D5=8441852F D6=8441852F D7=FFFF A0=3C0002 A1=101700 A2=F6D56 A3=108F7E A4=10F1140 A5=108000 A6=109058 PC=408A -- 00408A: move.b  ($31,A1), D1
D0=70 D1=0 D2=0 D3=FFFF D4=10404BC0 D5=8441852F D6=8441852F D7=FFFF A0=3C0002 A1=101700 A2=F6D56 A3=108F7E A4=10F1140 A5=108000 A6=109058 PC=408E -- 00408E: move.b  ($4,A4), D2
D0=70 D1=0 D2=0 D3=FFFF D4=10404BC0 D5=8441852F D6=8441852F D7=FFFF A0=3C0002 A1=101700 A2=F6D56 A3=108F7E A4=10F1140 A5=108000 A6=109058 PC=4092 -- 004092: rol.b   #2, D2
D0=70 D1=0 D2=0 D3=FFFF D4=10404BC0 D5=8441852F D6=8441852F D7=FFFF A0=3C0002 A1=101700 A2=F6D56 A3=108F7E A4=10F1140 A5=108000 A6=109058 PC=4094 -- 004094: eor.w   D2, D1
D0=70 D1=0 D2=0 D3=FFFF D4=10404BC0 D5=8441852F D6=8441852F D7=FFFF A0=3C0002 A1=101700 A2=F6D56 A3=108F7E A4=10F1140 A5=108000 A6=109058 PC=4096 -- 004096: andi.w  #$3, D1
D0=70 D1=0 D2=0 D3=FFFF D4=10404BC0 D5=8441852F D6=8441852F D7=FFFF A0=3C0002 A1=101700 A2=F6D56 A3=108F7E A4=10F1140 A5=108000 A6=109058 PC=409A -- 00409A: move.w  D1, ($790,A5)
D0=70 D1=0 D2=0 D3=FFFF D4=10404BC0 D5=8441852F D6=8441852F D7=FFFF A0=3C0002 A1=101700 A2=F6D56 A3=108F7E A4=10F1140 A5=108000 A6=109058 PC=409E -- 00409E: andi.w  #$1, D1
D0=70 D1=0 D2=0 D3=FFFF D4=10404BC0 D5=8441852F D6=8441852F D7=FFFF A0=3C0002 A1=101700 A2=F6D56 A3=108F7E A4=10F1140 A5=108000 A6=109058 PC=40A2 -- 0040A2: beq     $40ae
D0=70 D1=0 D2=0 D3=FFFF D4=10404BC0 D5=8441852F D6=8441852F D7=FFFF A0=3C0002 A1=101700 A2=F6D56 A3=108F7E A4=10F1140 A5=108000 A6=109058 PC=40AE -- 0040AE: moveq   #$0, D1
D0=70 D1=0 D2=0 D3=FFFF D4=10404BC0 D5=8441852F D6=8441852F D7=FFFF A0=3C0002 A1=101700 A2=F6D56 A3=108F7E A4=10F1140 A5=108000 A6=109058 PC=40B0 -- 0040B0: move.b  ($68,A1), D1
D0=70 D1=FF D2=0 D3=FFFF D4=10404BC0 D5=8441852F D6=8441852F D7=FFFF A0=3C0002 A1=101700 A2=F6D56 A3=108F7E A4=10F1140 A5=108000 A6=109058 PC=40B4 -- 0040B4: addq.w  #1, D1
D0=70 D1=100 D2=0 D3=FFFF D4=10404BC0 D5=8441852F D6=8441852F D7=FFFF A0=3C0002 A1=101700 A2=F6D56 A3=108F7E A4=10F1140 A5=108000 A6=109058 PC=40B6 -- 0040B6: muls.w  D1, D0
D0=7000 D1=100 D2=0 D3=FFFF D4=10404BC0 D5=8441852F D6=8441852F D7=FFFF A0=3C0002 A1=101700 A2=F6D56 A3=108F7E A4=10F1140 A5=108000 A6=109058 PC=40B8 -- 0040B8: lsr.l   #8, D0
D0=70 D1=100 D2=0 D3=FFFF D4=10404BC0 D5=8441852F D6=8441852F D7=FFFF A0=3C0002 A1=101700 A2=F6D56 A3=108F7E A4=10F1140 A5=108000 A6=109058 PC=40BA -- 0040BA: add.w   ($24,A1), D0
D0=100 D1=100 D2=0 D3=FFFF D4=10404BC0 D5=8441852F D6=8441852F D7=FFFF A0=3C0002 A1=101700 A2=F6D56 A3=108F7E A4=10F1140 A5=108000 A6=109058 PC=40BE -- 0040BE: lsl.w   #7, D0
D0=8000 D1=100 D2=0 D3=FFFF D4=10404BC0 D5=8441852F D6=8441852F D7=FFFF A0=3C0002 A1=101700 A2=F6D56 A3=108F7E A4=10F1140 A5=108000 A6=109058 PC=40C0 -- 0040C0: move.w  D6, (-$2,A0)
D0=8000 D1=100 D2=0 D3=FFFF D4=10404BC0 D5=8441852F D6=8441852F D7=FFFF A0=3C0002 A1=101700 A2=F6D56 A3=108F7E A4=10F1140 A5=108000 A6=109058 PC=40C4 -- 0040C4: move.w  D0, (A0)
D0=8000 D1=100 D2=0 D3=FFFF D4=10404BC0 D5=8441852F D6=8441852F D7=FFFF A0=3C0002 A1=101700 A2=F6D56 A3=108F7E A4=10F1140 A5=108000 A6=109058 PC=40C6 -- 0040C6: moveq   #$0, D0
D0=0 D1=100 D2=0 D3=FFFF D4=10404BC0 D5=8441852F D6=8441852F D7=FFFF A0=3C0002 A1=101700 A2=F6D56 A3=108F7E A4=10F1140 A5=108000 A6=109058 PC=40C8 -- 0040C8: move.b  (A2), D0
D0=2 D1=100 D2=0 D3=FFFF D4=10404BC0 D5=8441852F D6=8441852F D7=FFFF A0=3C0002 A1=101700 A2=F6D56 A3=108F7E A4=10F1140 A5=108000 A6=109058 PC=40CA -- 0040CA: add.w   D0, D6
D0=2 D1=100 D2=0 D3=FFFF D4=10404BC0 D5=84418531 D6=84418531 D7=FFFF A0=3C0002 A1=101700 A2=F6D56 A3=108F7E A4=10F1140 A5=108000 A6=109058 PC=40CC -- 0040CC: move.w  ($2,A4), D0
D0=FFF7 D1=100 D2=0 D3=FFFF D4=10404BC0 D5=84418531 D6=84418531 D7=FFFF A0=3C0002 A1=101700 A2=F6D56 A3=108F7E A4=10F1140 A5=108000 A6=109058 PC=40D0 -- 0040D0: btst    #$1, ($791,A5)
D0=FFF7 D1=100 D2=0 D3=FFFF D4=10404BC0 D5=84418531 D6=84418531 D7=FFFF A0=3C0002 A1=101700 A2=F6D56 A3=108F7E A4=10F1140 A5=108000 A6=109058 PC=40D6 -- 0040D6: beq     $40e4
D0=FFF7 D1=100 D2=0 D3=FFFF D4=10404BC0 D5=84418531 D6=84418531 D7=FFFF A0=3C0002 A1=101700 A2=F6D56 A3=108F7E A4=10F1140 A5=108000 A6=109058 PC=40E4 -- 0040E4: moveq   #$0, D1
D0=FFF7 D1=0 D2=0 D3=FFFF D4=10404BC0 D5=84418531 D6=84418531 D7=FFFF A0=3C0002 A1=101700 A2=F6D56 A3=108F7E A4=10F1140 A5=108000 A6=109058 PC=40E6 -- 0040E6: move.b  ($69,A1), D1
D0=FFF7 D1=FF D2=0 D3=FFFF D4=10404BC0 D5=84418531 D6=84418531 D7=FFFF A0=3C0002 A1=101700 A2=F6D56 A3=108F7E A4=10F1140 A5=108000 A6=109058 PC=40EA -- 0040EA: addq.w  #1, D1
D0=FFF7 D1=100 D2=0 D3=FFFF D4=10404BC0 D5=84418531 D6=84418531 D7=FFFF A0=3C0002 A1=101700 A2=F6D56 A3=108F7E A4=10F1140 A5=108000 A6=109058 PC=40EC -- 0040EC: muls.w  D1, D0
D0=FFFFF700 D1=100 D2=0 D3=FFFF D4=10404BC0 D5=84418531 D6=84418531 D7=FFFF A0=3C0002 A1=101700 A2=F6D56 A3=108F7E A4=10F1140 A5=108000 A6=109058 PC=40EE -- 0040EE: lsr.l   #8, D0
D0=FFFFF7 D1=100 D2=0 D3=FFFF D4=10404BC0 D5=84418531 D6=84418531 D7=FFFF A0=3C0002 A1=101700 A2=F6D56 A3=108F7E A4=10F1140 A5=108000 A6=109058 PC=40F0 -- 0040F0: add.w   ($26,A1), D0
D0=FF00BF D1=100 D2=0 D3=FFFF D4=10404BC0 D5=84418531 D6=84418531 D7=FFFF A0=3C0002 A1=101700 A2=F6D56 A3=108F7E A4=10F1140 A5=108000 A6=109058 PC=40F4 -- 0040F4: neg.w   D0
D0=FFFF41 D1=100 D2=0 D3=FFFF D4=10404BC0 D5=84418531 D6=84418531 D7=FFFF A0=3C0002 A1=101700 A2=F6D56 A3=108F7E A4=10F1140 A5=108000 A6=109058 PC=40F6 -- 0040F6: addi.w  #$1ff, D0
D0=FF0140 D1=100 D2=0 D3=FFFF D4=10404BC0 D5=84418531 D6=84418531 D7=FFFF A0=3C0002 A1=101700 A2=F6D56 A3=108F7E A4=10F1140 A5=108000 A6=109058 PC=40FA -- 0040FA: lsl.w   #7, D0
D0=FFA000 D1=100 D2=0 D3=FFFF D4=10404BC0 D5=84418531 D6=84418531 D7=FFFF A0=3C0002 A1=101700 A2=F6D56 A3=108F7E A4=10F1140 A5=108000 A6=109058 PC=40FC -- 0040FC: bsr     $4772
D0=FFA000 D1=100 D2=0 D3=FFFF D4=10404BC0 D5=84418531 D6=84418531 D7=FFFF A0=3C0002 A1=101700 A2=F6D56 A3=108F7E A4=10F1140 A5=108000 A6=109058 PC=4772 -- 004772: move.w  D0, -(A7)
D0=FFA000 D1=100 D2=0 D3=FFFF D4=10404BC0 D5=84418531 D6=84418531 D7=FFFF A0=3C0002 A1=101700 A2=F6D56 A3=108F7E A4=10F1140 A5=108000 A6=109058 PC=4774 -- 004774: moveq   #-$1, D0
D0=FFFFFFFF D1=100 D2=0 D3=FFFF D4=10404BC0 D5=84418531 D6=84418531 D7=FFFF A0=3C0002 A1=101700 A2=F6D56 A3=108F7E A4=10F1140 A5=108000 A6=109058 PC=4776 -- 004776: moveq   #$0, D1
D0=FFFFFFFF D1=0 D2=0 D3=FFFF D4=10404BC0 D5=84418531 D6=84418531 D7=FFFF A0=3C0002 A1=101700 A2=F6D56 A3=108F7E A4=10F1140 A5=108000 A6=109058 PC=4778 -- 004778: move.b  ($1,A2), D1
D0=FFFFFFFF D1=2 D2=0 D3=FFFF D4=10404BC0 D5=84418531 D6=84418531 D7=FFFF A0=3C0002 A1=101700 A2=F6D56 A3=108F7E A4=10F1140 A5=108000 A6=109058 PC=477C -- 00477C: cmpi.b  #-$1, ($69,A1)
D0=FFFFFFFF D1=2 D2=0 D3=FFFF D4=10404BC0 D5=84418531 D6=84418531 D7=FFFF A0=3C0002 A1=101700 A2=F6D56 A3=108F7E A4=10F1140 A5=108000 A6=109058 PC=4782 -- 004782: beq     $47b4
D0=FFFFFFFF D1=2 D2=0 D3=FFFF D4=10404BC0 D5=84418531 D6=84418531 D7=FFFF A0=3C0002 A1=101700 A2=F6D56 A3=108F7E A4=10F1140 A5=108000 A6=109058 PC=47B4 -- 0047B4: move.b  D0, ($78f,A5)
D0=FFFFFFFF D1=2 D2=0 D3=FFFF D4=10404BC0 D5=84418531 D6=84418531 D7=FFFF A0=3C0002 A1=101700 A2=F6D56 A3=108F7E A4=10F1140 A5=108000 A6=109058 PC=47B8 -- 0047B8: move.b  D1, ($78e,A5)
D0=FFFFFFFF D1=2 D2=0 D3=FFFF D4=10404BC0 D5=84418531 D6=84418531 D7=FFFF A0=3C0002 A1=101700 A2=F6D56 A3=108F7E A4=10F1140 A5=108000 A6=109058 PC=47BC -- 0047BC: move.w  (A7)+, D0
D0=FFFFA000 D1=2 D2=0 D3=FFFF D4=10404BC0 D5=84418531 D6=84418531 D7=FFFF A0=3C0002 A1=101700 A2=F6D56 A3=108F7E A4=10F1140 A5=108000 A6=109058 PC=47BE -- 0047BE: rts
D0=FFFFA000 D1=2 D2=0 D3=FFFF D4=10404BC0 D5=84418531 D6=84418531 D7=FFFF A0=3C0002 A1=101700 A2=F6D56 A3=108F7E A4=10F1140 A5=108000 A6=109058 PC=4100 -- 004100: add.b   ($78e,A5), D0
D0=FFFFA002 D1=2 D2=0 D3=FFFF D4=10404BC0 D5=84418531 D6=84418531 D7=FFFF A0=3C0002 A1=101700 A2=F6D56 A3=108F7E A4=10F1140 A5=108000 A6=109058 PC=4104 -- 004104: move.w  D0, (A3)+
D0=FFFFA002 D1=2 D2=0 D3=FFFF D4=10404BC0 D5=84418531 D6=84418531 D7=FFFF A0=3C0002 A1=101700 A2=F6D56 A3=108F80 A4=10F1140 A5=108000 A6=109058 PC=4106 -- 004106: moveq   #$0, D0
D0=0 D1=2 D2=0 D3=FFFF D4=10404BC0 D5=84418531 D6=84418531 D7=FFFF A0=3C0002 A1=101700 A2=F6D56 A3=108F80 A4=10F1140 A5=108000 A6=109058 PC=4108 -- 004108: move.b  (A2), D0
D0=2 D1=2 D2=0 D3=FFFF D4=10404BC0 D5=84418531 D6=84418531 D7=FFFF A0=3C0002 A1=101700 A2=F6D56 A3=108F80 A4=10F1140 A5=108000 A6=109058 PC=410A -- 00410A: subq.b  #2, D0
D0=0 D1=2 D2=0 D3=FFFF D4=10404BC0 D5=84418531 D6=84418531 D7=FFFF A0=3C0002 A1=101700 A2=F6D56 A3=108F80 A4=10F1140 A5=108000 A6=109058 PC=410C -- 00410C: bmi     $4118
D0=0 D1=2 D2=0 D3=FFFF D4=10404BC0 D5=84418531 D6=84418531 D7=FFFF A0=3C0002 A1=101700 A2=F6D56 A3=108F80 A4=10F1140 A5=108000 A6=109058 PC=410E -- 00410E: move.w  #$40, D1
D0=0 D1=40 D2=0 D3=FFFF D4=10404BC0 D5=84418531 D6=84418531 D7=FFFF A0=3C0002 A1=101700 A2=F6D56 A3=108F80 A4=10F1140 A5=108000 A6=109058 PC=4112 -- 004112: move.w  D1, (A3)+
D0=0 D1=40 D2=0 D3=FFFF D4=10404BC0 D5=84418531 D6=84418531 D7=FFFF A0=3C0002 A1=101700 A2=F6D56 A3=108F82 A4=10F1140 A5=108000 A6=109058 PC=4114 -- 004114: dbra    D0, $4112
D0=FFFF D1=40 D2=0 D3=FFFF D4=10404BC0 D5=84418531 D6=84418531 D7=FFFF A0=3C0002 A1=101700 A2=F6D56 A3=108F82 A4=10F1140 A5=108000 A6=109058 PC=4118 -- 004118: move.w  #$1, ($2,A0)
D0=FFFF D1=40 D2=0 D3=FFFF D4=10404BC0 D5=84418531 D6=84418531 D7=FFFF A0=3C0002 A1=101700 A2=F6D56 A3=108F82 A4=10F1140 A5=108000 A6=109058 PC=411E -- 00411E: move.w  D5, (-$2,A0)
D0=FFFF D1=40 D2=0 D3=FFFF D4=10404BC0 D5=84418531 D6=84418531 D7=FFFF A0=3C0002 A1=101700 A2=F6D56 A3=108F82 A4=10F1140 A5=108000 A6=109058 PC=4122 -- 004122: moveq   #$0, D1
D0=FFFF D1=0 D2=0 D3=FFFF D4=10404BC0 D5=84418531 D6=84418531 D7=FFFF A0=3C0002 A1=101700 A2=F6D56 A3=108F82 A4=10F1140 A5=108000 A6=109058 PC=4124 -- 004124: move.b  ($68,A1), D0
D0=FFFF D1=0 D2=0 D3=FFFF D4=10404BC0 D5=84418531 D6=84418531 D7=FFFF A0=3C0002 A1=101700 A2=F6D56 A3=108F82 A4=10F1140 A5=108000 A6=109058 PC=4128 -- 004128: move.b  D0, D1
D0=FFFF D1=FF D2=0 D3=FFFF D4=10404BC0 D5=84418531 D6=84418531 D7=FFFF A0=3C0002 A1=101700 A2=F6D56 A3=108F82 A4=10F1140 A5=108000 A6=109058 PC=412A -- 00412A: andi.w  #$f, D0
D0=F D1=FF D2=0 D3=FFFF D4=10404BC0 D5=84418531 D6=84418531 D7=FFFF A0=3C0002 A1=101700 A2=F6D56 A3=108F82 A4=10F1140 A5=108000 A6=109058 PC=412E -- 00412E: lsr.b   #4, D1
D0=F D1=F D2=0 D3=FFFF D4=10404BC0 D5=84418531 D6=84418531 D7=FFFF A0=3C0002 A1=101700 A2=F6D56 A3=108F82 A4=10F1140 A5=108000 A6=109058 PC=4130 -- 004130: tst.b   D1
D0=F D1=F D2=0 D3=FFFF D4=10404BC0 D5=84418531 D6=84418531 D7=FFFF A0=3C0002 A1=101700 A2=F6D56 A3=108F82 A4=10F1140 A5=108000 A6=109058 PC=4132 -- 004132: beq     $4164
D0=F D1=F D2=0 D3=FFFF D4=10404BC0 D5=84418531 D6=84418531 D7=FFFF A0=3C0002 A1=101700 A2=F6D56 A3=108F82 A4=10F1140 A5=108000 A6=109058 PC=4134 -- 004134: lea     $4f9d2.l, A6
D0=F D1=F D2=0 D3=FFFF D4=10404BC0 D5=84418531 D6=84418531 D7=FFFF A0=3C0002 A1=101700 A2=F6D56 A3=108F82 A4=10F1140 A5=108000 A6=4F9D2 PC=413A -- 00413A: lsl.w   #5, D0
D0=1E0 D1=F D2=0 D3=FFFF D4=10404BC0 D5=84418531 D6=84418531 D7=FFFF A0=3C0002 A1=101700 A2=F6D56 A3=108F82 A4=10F1140 A5=108000 A6=4F9D2 PC=413C -- 00413C: adda.w  D0, A6
D0=1E0 D1=F D2=0 D3=FFFF D4=10404BC0 D5=84418531 D6=84418531 D7=FFFF A0=3C0002 A1=101700 A2=F6D56 A3=108F82 A4=10F1140 A5=108000 A6=4FBB2 PC=413E -- 00413E: moveq   #$f, D0
D0=F D1=F D2=0 D3=FFFF D4=10404BC0 D5=84418531 D6=84418531 D7=FFFF A0=3C0002 A1=101700 A2=F6D56 A3=108F82 A4=10F1140 A5=108000 A6=4FBB2 PC=4140 -- 004140: moveq   #$0, D2
D0=F D1=F D2=0 D3=FFFF D4=10404BC0 D5=84418531 D6=84418531 D7=FFFF A0=3C0002 A1=101700 A2=F6D56 A3=108F82 A4=10F1140 A5=108000 A6=4FBB2 PC=4142 -- 004142: move.b  (A2), D2
D0=F D1=F D2=2 D3=FFFF D4=10404BC0 D5=84418531 D6=84418531 D7=FFFF A0=3C0002 A1=101700 A2=F6D56 A3=108F82 A4=10F1140 A5=108000 A6=4FBB2 PC=4144 -- 004144: lsr.w   #1, D2
D0=F D1=F D2=1 D3=FFFF D4=10404BC0 D5=84418531 D6=84418531 D7=FFFF A0=3C0002 A1=101700 A2=F6D56 A3=108F82 A4=10F1140 A5=108000 A6=4FBB2 PC=4146 -- 004146: sub.w   D2, D0
D0=E D1=F D2=1 D3=FFFF D4=10404BC0 D5=84418531 D6=84418531 D7=FFFF A0=3C0002 A1=101700 A2=F6D56 A3=108F82 A4=10F1140 A5=108000 A6=4FBB2 PC=4148 -- 004148: adda.l  D0, A6
D0=E D1=F D2=1 D3=FFFF D4=10404BC0 D5=84418531 D6=84418531 D7=FFFF A0=3C0002 A1=101700 A2=F6D56 A3=108F82 A4=10F1140 A5=108000 A6=4FBC0 PC=414A -- 00414A: move.b  (A2), D0
D0=2 D1=F D2=1 D3=FFFF D4=10404BC0 D5=84418531 D6=84418531 D7=FFFF A0=3C0002 A1=101700 A2=F6D56 A3=108F82 A4=10F1140 A5=108000 A6=4FBC0 PC=414C -- 00414C: add.w   D0, D5
D0=2 D1=F D2=1 D3=FFFF D4=10404BC0 D5=84418531 D6=84418531 D7=FFFF A0=3C0002 A1=101700 A2=F6D56 A3=108F82 A4=10F1140 A5=108000 A6=4FBC0 PC=414E -- 00414E: subq.b  #1, D0
D0=1 D1=F D2=1 D3=FFFF D4=10404BC0 D5=84418531 D6=84418531 D7=FFFF A0=3C0002 A1=101700 A2=F6D56 A3=108F82 A4=10F1140 A5=108000 A6=4FBC0 PC=4150 -- 004150: move.b  D1, D2
D0=1 D1=F D2=F D3=FFFF D4=10404BC0 D5=84418531 D6=84418531 D7=FFFF A0=3C0002 A1=101700 A2=F6D56 A3=108F82 A4=10F1140 A5=108000 A6=4FBC0 PC=4152 -- 004152: sub.b   (A6)+, D2
D0=1 D1=F D2=F D3=FFFF D4=10404BC0 D5=84418531 D6=84418531 D7=FFFF A0=3C0002 A1=101700 A2=F6D56 A3=108F82 A4=10F1140 A5=108000 A6=4FBC1 PC=4154 -- 004154: lsl.w   #8, D2
D0=1 D1=F D2=F00 D3=FFFF D4=10404BC0 D5=84418531 D6=84418531 D7=FFFF A0=3C0002 A1=101700 A2=F6D56 A3=108F82 A4=10F1140 A5=108000 A6=4FBC1 PC=4156 -- 004156: move.b  ($69,A1), D2
D0=1 D1=F D2=FFF D3=FFFF D4=10404BC0 D5=84418531 D6=84418531 D7=FFFF A0=3C0002 A1=101700 A2=F6D56 A3=108F82 A4=10F1140 A5=108000 A6=4FBC1 PC=415A -- 00415A: move.w  D2, (A0)
D0=1 D1=F D2=FFF D3=FFFF D4=10404BC0 D5=84418531 D6=84418531 D7=FFFF A0=3C0002 A1=101700 A2=F6D56 A3=108F82 A4=10F1140 A5=108000 A6=4FBC1 PC=415C -- 00415C: dbra    D0, $4150
D0=0 D1=F D2=FFF D3=FFFF D4=10404BC0 D5=84418531 D6=84418531 D7=FFFF A0=3C0002 A1=101700 A2=F6D56 A3=108F82 A4=10F1140 A5=108000 A6=4FBC1 PC=4150 -- 004150: move.b  D1, D2
D0=0 D1=F D2=F0F D3=FFFF D4=10404BC0 D5=84418531 D6=84418531 D7=FFFF A0=3C0002 A1=101700 A2=F6D56 A3=108F82 A4=10F1140 A5=108000 A6=4FBC1 PC=4152 -- 004152: sub.b   (A6)+, D2
D0=0 D1=F D2=F0F D3=FFFF D4=10404BC0 D5=84418531 D6=84418531 D7=FFFF A0=3C0002 A1=101700 A2=F6D56 A3=108F82 A4=10F1140 A5=108000 A6=4FBC2 PC=4154 -- 004154: lsl.w   #8, D2
D0=0 D1=F D2=F00 D3=FFFF D4=10404BC0 D5=84418531 D6=84418531 D7=FFFF A0=3C0002 A1=101700 A2=F6D56 A3=108F82 A4=10F1140 A5=108000 A6=4FBC2 PC=4156 -- 004156: move.b  ($69,A1), D2
D0=0 D1=F D2=FFF D3=FFFF D4=10404BC0 D5=84418531 D6=84418531 D7=FFFF A0=3C0002 A1=101700 A2=F6D56 A3=108F82 A4=10F1140 A5=108000 A6=4FBC2 PC=415A -- 00415A: move.w  D2, (A0)
D0=0 D1=F D2=FFF D3=FFFF D4=10404BC0 D5=84418531 D6=84418531 D7=FFFF A0=3C0002 A1=101700 A2=F6D56 A3=108F82 A4=10F1140 A5=108000 A6=4FBC2 PC=415C -- 00415C: dbra    D0, $4150
D0=FFFF D1=F D2=FFF D3=FFFF D4=10404BC0 D5=84418531 D6=84418531 D7=FFFF A0=3C0002 A1=101700 A2=F6D56 A3=108F82 A4=10F1140 A5=108000 A6=4FBC2 PC=4160 -- 004160: bra     $4178
D0=FFFF D1=F D2=FFF D3=FFFF D4=10404BC0 D5=84418531 D6=84418531 D7=FFFF A0=3C0002 A1=101700 A2=F6D56 A3=108F82 A4=10F1140 A5=108000 A6=4FBC2 PC=4178 -- 004178: move.b  ($2,A2), D0
D0=FFE0 D1=F D2=FFF D3=FFFF D4=10404BC0 D5=84418531 D6=84418531 D7=FFFF A0=3C0002 A1=101700 A2=F6D56 A3=108F82 A4=10F1140 A5=108000 A6=4FBC2 PC=417C -- 00417C: tst.b   ($80,A1)
D0=FFE0 D1=F D2=FFF D3=FFFF D4=10404BC0 D5=84418531 D6=84418531 D7=FFFF A0=3C0002 A1=101700 A2=F6D56 A3=108F82 A4=10F1140 A5=108000 A6=4FBC2 PC=4180 -- 004180: beq     $4188
D0=FFE0 D1=F D2=FFF D3=FFFF D4=10404BC0 D5=84418531 D6=84418531 D7=FFFF A0=3C0002 A1=101700 A2=F6D56 A3=108F82 A4=10F1140 A5=108000 A6=4FBC2 PC=4188 -- 004188: add.b   ($30,A1), D0
D0=FFE0 D1=F D2=FFF D3=FFFF D4=10404BC0 D5=84418531 D6=84418531 D7=FFFF A0=3C0002 A1=101700 A2=F6D56 A3=108F82 A4=10F1140 A5=108000 A6=4FBC2 PC=418C -- 00418C: lsl.w   #8, D0
D0=E000 D1=F D2=FFF D3=FFFF D4=10404BC0 D5=84418531 D6=84418531 D7=FFFF A0=3C0002 A1=101700 A2=F6D56 A3=108F82 A4=10F1140 A5=108000 A6=4FBC2 PC=418E -- 00418E: tst.b   ($3,A2)
D0=E000 D1=F D2=FFF D3=FFFF D4=10404BC0 D5=84418531 D6=84418531 D7=FFFF A0=3C0002 A1=101700 A2=F6D56 A3=108F82 A4=10F1140 A5=108000 A6=4FBC2 PC=4192 -- 004192: beq     $4198
D0=E000 D1=F D2=FFF D3=FFFF D4=10404BC0 D5=84418531 D6=84418531 D7=FFFF A0=3C0002 A1=101700 A2=F6D56 A3=108F82 A4=10F1140 A5=108000 A6=4FBC2 PC=4194 -- 004194: move.b  #$10, D0
D0=E010 D1=F D2=FFF D3=FFFF D4=10404BC0 D5=84418531 D6=84418531 D7=FFFF A0=3C0002 A1=101700 A2=F6D56 A3=108F82 A4=10F1140 A5=108000 A6=4FBC2 PC=4198 -- 004198: move.w  ($4,A2), D1
D0=E010 D1=DCC8 D2=FFF D3=FFFF D4=10404BC0 D5=84418531 D6=84418531 D7=FFFF A0=3C0002 A1=101700 A2=F6D56 A3=108F82 A4=10F1140 A5=108000 A6=4FBC2 PC=419C -- 00419C: moveq   #$0, D3
D0=E010 D1=DCC8 D2=FFF D3=0 D4=10404BC0 D5=84418531 D6=84418531 D7=FFFF A0=3C0002 A1=101700 A2=F6D56 A3=108F82 A4=10F1140 A5=108000 A6=4FBC2 PC=419E -- 00419E: move.b  (A2), D3
D0=E010 D1=DCC8 D2=FFF D3=2 D4=10404BC0 D5=84418531 D6=84418531 D7=FFFF A0=3C0002 A1=101700 A2=F6D56 A3=108F82 A4=10F1140 A5=108000 A6=4FBC2 PC=41A0 -- 0041A0: subq.b  #1, D3
D0=E010 D1=DCC8 D2=FFF D3=1 D4=10404BC0 D5=84418531 D6=84418531 D7=FFFF A0=3C0002 A1=101700 A2=F6D56 A3=108F82 A4=10F1140 A5=108000 A6=4FBC2 PC=41A2 -- 0041A2: move.w  ($790,A5), D7
D0=E010 D1=DCC8 D2=FFF D3=1 D4=10404BC0 D5=84418531 D6=84418531 D7=0 A0=3C0002 A1=101700 A2=F6D56 A3=108F82 A4=10F1140 A5=108000 A6=4FBC2 PC=41A6 -- 0041A6: add.w   D7, D7
D0=E010 D1=DCC8 D2=FFF D3=1 D4=10404BC0 D5=84418531 D6=84418531 D7=0 A0=3C0002 A1=101700 A2=F6D56 A3=108F82 A4=10F1140 A5=108000 A6=4FBC2 PC=41A8 -- 0041A8: add.w   D7, D7
D0=E010 D1=DCC8 D2=FFF D3=1 D4=10404BC0 D5=84418531 D6=84418531 D7=0 A0=3C0002 A1=101700 A2=F6D56 A3=108F82 A4=10F1140 A5=108000 A6=4FBC2 PC=41AA -- 0041AA: movea.l ($4,PC,D7.w), A6
D0=E010 D1=DCC8 D2=FFF D3=1 D4=10404BC0 D5=84418531 D6=84418531 D7=0 A0=3C0002 A1=101700 A2=F6D56 A3=108F82 A4=10F1140 A5=108000 A6=428C PC=41AE -- 0041AE: jmp     (A6)
D0=E010 D1=DCC8 D2=FFF D3=1 D4=10404BC0 D5=84418531 D6=84418531 D7=0 A0=3C0002 A1=101700 A2=F6D56 A3=108F82 A4=10F1140 A5=108000 A6=428C PC=428C -- 00428C: lea     ($6,A2), A6
D0=E010 D1=DCC8 D2=FFF D3=1 D4=10404BC0 D5=84418531 D6=84418531 D7=0 A0=3C0002 A1=101700 A2=F6D56 A3=108F82 A4=10F1140 A5=108000 A6=F6D5C PC=4290 -- 004290: move.w  #$1, ($2,A0)
D0=E010 D1=DCC8 D2=FFF D3=1 D4=10404BC0 D5=84418531 D6=84418531 D7=0 A0=3C0002 A1=101700 A2=F6D56 A3=108F82 A4=10F1140 A5=108000 A6=F6D5C PC=4296 -- 004296: moveq   #$0, D7
D0=E010 D1=DCC8 D2=FFF D3=1 D4=10404BC0 D5=84418531 D6=84418531 D7=0 A0=3C0002 A1=101700 A2=F6D56 A3=108F82 A4=10F1140 A5=108000 A6=F6D5C PC=4298 -- 004298: move.b  ($1,A2), D7
D0=E010 D1=DCC8 D2=FFF D3=1 D4=10404BC0 D5=84418531 D6=84418531 D7=2 A0=3C0002 A1=101700 A2=F6D56 A3=108F82 A4=10F1140 A5=108000 A6=F6D5C PC=429C -- 00429C: subq.b  #1, D7
D0=E010 D1=DCC8 D2=FFF D3=1 D4=10404BC0 D5=84418531 D6=84418531 D7=1 A0=3C0002 A1=101700 A2=F6D56 A3=108F82 A4=10F1140 A5=108000 A6=F6D5C PC=429E -- 00429E: move.w  (A6)+, D2
D0=E010 D1=DCC8 D2=C000 D3=1 D4=10404BC0 D5=84418531 D6=84418531 D7=1 A0=3C0002 A1=101700 A2=F6D56 A3=108F82 A4=10F1140 A5=108000 A6=F6D5E PC=42A0 -- 0042A0: move.w  D4, (-$2,A0)
D0=E010 D1=DCC8 D2=C000 D3=1 D4=10404BC0 D5=84418531 D6=84418531 D7=1 A0=3C0002 A1=101700 A2=F6D56 A3=108F82 A4=10F1140 A5=108000 A6=F6D5E PC=42A4 -- 0042A4: add.w   D2, D2
D0=E010 D1=DCC8 D2=8000 D3=1 D4=10404BC0 D5=84418531 D6=84418531 D7=1 A0=3C0002 A1=101700 A2=F6D56 A3=108F82 A4=10F1140 A5=108000 A6=F6D5E PC=42A6 -- 0042A6: bcc     $42b8
D0=E010 D1=DCC8 D2=8000 D3=1 D4=10404BC0 D5=84418531 D6=84418531 D7=1 A0=3C0002 A1=101700 A2=F6D56 A3=108F82 A4=10F1140 A5=108000 A6=F6D5E PC=42A8 -- 0042A8: move.w  D1, (A0)
D0=E010 D1=DCC8 D2=8000 D3=1 D4=10404BC0 D5=84418531 D6=84418531 D7=1 A0=3C0002 A1=101700 A2=F6D56 A3=108F82 A4=10F1140 A5=108000 A6=F6D5E PC=42AA -- 0042AA: nop
D0=E010 D1=DCC8 D2=8000 D3=1 D4=10404BC0 D5=84418531 D6=84418531 D7=1 A0=3C0002 A1=101700 A2=F6D56 A3=108F82 A4=10F1140 A5=108000 A6=F6D5E PC=42AC -- 0042AC: move.w  D0, (A0)
D0=E010 D1=DCC8 D2=8000 D3=1 D4=10404BC0 D5=84418531 D6=84418531 D7=1 A0=3C0002 A1=101700 A2=F6D56 A3=108F82 A4=10F1140 A5=108000 A6=F6D5E PC=42AE -- 0042AE: addq.w  #1, D1
D0=E010 D1=DCC9 D2=8000 D3=1 D4=10404BC0 D5=84418531 D6=84418531 D7=1 A0=3C0002 A1=101700 A2=F6D56 A3=108F82 A4=10F1140 A5=108000 A6=F6D5E PC=42B0 -- 0042B0: bcc     $42c0
D0=E010 D1=DCC9 D2=8000 D3=1 D4=10404BC0 D5=84418531 D6=84418531 D7=1 A0=3C0002 A1=101700 A2=F6D56 A3=108F82 A4=10F1140 A5=108000 A6=F6D5E PC=42C0 -- 0042C0: dbra    D7, $42a4
D0=E010 D1=DCC9 D2=8000 D3=1 D4=10404BC0 D5=84418531 D6=84418531 D7=0 A0=3C0002 A1=101700 A2=F6D56 A3=108F82 A4=10F1140 A5=108000 A6=F6D5E PC=42A4 -- 0042A4: add.w   D2, D2
D0=E010 D1=DCC9 D2=0 D3=1 D4=10404BC0 D5=84418531 D6=84418531 D7=0 A0=3C0002 A1=101700 A2=F6D56 A3=108F82 A4=10F1140 A5=108000 A6=F6D5E PC=42A6 -- 0042A6: bcc     $42b8
D0=E010 D1=DCC9 D2=0 D3=1 D4=10404BC0 D5=84418531 D6=84418531 D7=0 A0=3C0002 A1=101700 A2=F6D56 A3=108F82 A4=10F1140 A5=108000 A6=F6D5E PC=42A8 -- 0042A8: move.w  D1, (A0)
D0=E010 D1=DCC9 D2=0 D3=1 D4=10404BC0 D5=84418531 D6=84418531 D7=0 A0=3C0002 A1=101700 A2=F6D56 A3=108F82 A4=10F1140 A5=108000 A6=F6D5E PC=42AA -- 0042AA: nop
D0=E010 D1=DCC9 D2=0 D3=1 D4=10404BC0 D5=84418531 D6=84418531 D7=0 A0=3C0002 A1=101700 A2=F6D56 A3=108F82 A4=10F1140 A5=108000 A6=F6D5E PC=42AC -- 0042AC: move.w  D0, (A0)
D0=E010 D1=DCC9 D2=0 D3=1 D4=10404BC0 D5=84418531 D6=84418531 D7=0 A0=3C0002 A1=101700 A2=F6D56 A3=108F82 A4=10F1140 A5=108000 A6=F6D5E PC=42AE -- 0042AE: addq.w  #1, D1
D0=E010 D1=DCCA D2=0 D3=1 D4=10404BC0 D5=84418531 D6=84418531 D7=0 A0=3C0002 A1=101700 A2=F6D56 A3=108F82 A4=10F1140 A5=108000 A6=F6D5E PC=42B0 -- 0042B0: bcc     $42c0
D0=E010 D1=DCCA D2=0 D3=1 D4=10404BC0 D5=84418531 D6=84418531 D7=0 A0=3C0002 A1=101700 A2=F6D56 A3=108F82 A4=10F1140 A5=108000 A6=F6D5E PC=42C0 -- 0042C0: dbra    D7, $42a4
D0=E010 D1=DCCA D2=0 D3=1 D4=10404BC0 D5=84418531 D6=84418531 D7=FFFF A0=3C0002 A1=101700 A2=F6D56 A3=108F82 A4=10F1140 A5=108000 A6=F6D5E PC=42C4 -- 0042C4: bsr     $47c0
D0=E010 D1=DCCA D2=0 D3=1 D4=10404BC0 D5=84418531 D6=84418531 D7=FFFF A0=3C0002 A1=101700 A2=F6D56 A3=108F82 A4=10F1140 A5=108000 A6=F6D5E PC=47C0 -- 0047C0: tst.b   ($78f,A5)
D0=E010 D1=DCCA D2=0 D3=1 D4=10404BC0 D5=84418531 D6=84418531 D7=FFFF A0=3C0002 A1=101700 A2=F6D56 A3=108F82 A4=10F1140 A5=108000 A6=F6D5E PC=47C4 -- 0047C4: bpl     $47c8
D0=E010 D1=DCCA D2=0 D3=1 D4=10404BC0 D5=84418531 D6=84418531 D7=FFFF A0=3C0002 A1=101700 A2=F6D56 A3=108F82 A4=10F1140 A5=108000 A6=F6D5E PC=47C6 -- 0047C6: rts
D0=E010 D1=DCCA D2=0 D3=1 D4=10404BC0 D5=84418531 D6=84418531 D7=FFFF A0=3C0002 A1=101700 A2=F6D56 A3=108F82 A4=10F1140 A5=108000 A6=F6D5E PC=42C8 -- 0042C8: addi.w  #$40, D4
D0=E010 D1=DCCA D2=0 D3=1 D4=10404C00 D5=84418531 D6=84418531 D7=FFFF A0=3C0002 A1=101700 A2=F6D56 A3=108F82 A4=10F1140 A5=108000 A6=F6D5E PC=42CC -- 0042CC: dbra    D3, $4296
D0=E010 D1=DCCA D2=0 D3=0 D4=10404C00 D5=84418531 D6=84418531 D7=FFFF A0=3C0002 A1=101700 A2=F6D56 A3=108F82 A4=10F1140 A5=108000 A6=F6D5E PC=4296 -- 004296: moveq   #$0, D7
D0=E010 D1=DCCA D2=0 D3=0 D4=10404C00 D5=84418531 D6=84418531 D7=0 A0=3C0002 A1=101700 A2=F6D56 A3=108F82 A4=10F1140 A5=108000 A6=F6D5E PC=4298 -- 004298: move.b  ($1,A2), D7
D0=E010 D1=DCCA D2=0 D3=0 D4=10404C00 D5=84418531 D6=84418531 D7=2 A0=3C0002 A1=101700 A2=F6D56 A3=108F82 A4=10F1140 A5=108000 A6=F6D5E PC=429C -- 00429C: subq.b  #1, D7
D0=E010 D1=DCCA D2=0 D3=0 D4=10404C00 D5=84418531 D6=84418531 D7=1 A0=3C0002 A1=101700 A2=F6D56 A3=108F82 A4=10F1140 A5=108000 A6=F6D5E PC=429E -- 00429E: move.w  (A6)+, D2
D0=E010 D1=DCCA D2=C000 D3=0 D4=10404C00 D5=84418531 D6=84418531 D7=1 A0=3C0002 A1=101700 A2=F6D56 A3=108F82 A4=10F1140 A5=108000 A6=F6D60 PC=42A0 -- 0042A0: move.w  D4, (-$2,A0)

   (loops for 16 instructions)

D0=E010 D1=DCCC D2=0 D3=0 D4=10404C00 D5=84418531 D6=84418531 D7=FFFF A0=3C0002 A1=101700 A2=F6D56 A3=108F82 A4=10F1140 A5=108000 A6=F6D60 PC=42C4 -- 0042C4: bsr     $47c0
D0=E010 D1=DCCC D2=0 D3=0 D4=10404C00 D5=84418531 D6=84418531 D7=FFFF A0=3C0002 A1=101700 A2=F6D56 A3=108F82 A4=10F1140 A5=108000 A6=F6D60 PC=47C0 -- 0047C0: tst.b   ($78f,A5)
D0=E010 D1=DCCC D2=0 D3=0 D4=10404C00 D5=84418531 D6=84418531 D7=FFFF A0=3C0002 A1=101700 A2=F6D56 A3=108F82 A4=10F1140 A5=108000 A6=F6D60 PC=47C4 -- 0047C4: bpl     $47c8
D0=E010 D1=DCCC D2=0 D3=0 D4=10404C00 D5=84418531 D6=84418531 D7=FFFF A0=3C0002 A1=101700 A2=F6D56 A3=108F82 A4=10F1140 A5=108000 A6=F6D60 PC=47C6 -- 0047C6: rts
D0=E010 D1=DCCC D2=0 D3=0 D4=10404C00 D5=84418531 D6=84418531 D7=FFFF A0=3C0002 A1=101700 A2=F6D56 A3=108F82 A4=10F1140 A5=108000 A6=F6D60 PC=42C8 -- 0042C8: addi.w  #$40, D4
D0=E010 D1=DCCC D2=0 D3=0 D4=10404C40 D5=84418531 D6=84418531 D7=FFFF A0=3C0002 A1=101700 A2=F6D56 A3=108F82 A4=10F1140 A5=108000 A6=F6D60 PC=42CC -- 0042CC: dbra    D3, $4296
D0=E010 D1=DCCC D2=0 D3=FFFF D4=10404C40 D5=84418531 D6=84418531 D7=FFFF A0=3C0002 A1=101700 A2=F6D56 A3=108F82 A4=10F1140 A5=108000 A6=F6D60 PC=42D0 -- 0042D0: rts
D0=E010 D1=DCCC D2=0 D3=FFFF D4=10404C40 D5=84418531 D6=84418531 D7=FFFF A0=3C0002 A1=101700 A2=F6D56 A3=108F82 A4=10F1140 A5=108000 A6=F6D60 PC=4016 -- 004016: bra     $401c
D0=E010 D1=DCCC D2=0 D3=FFFF D4=10404C40 D5=84418531 D6=84418531 D7=FFFF A0=3C0002 A1=101700 A2=F6D56 A3=108F82 A4=10F1140 A5=108000 A6=F6D60 PC=401C -- 00401C: movea.l (A7)+, A6
D0=E010 D1=DCCC D2=0 D3=FFFF D4=10404C40 D5=84418531 D6=84418531 D7=FFFF A0=3C0002 A1=101700 A2=F6D56 A3=108F82 A4=10F1140 A5=108000 A6=108E3C PC=401E -- 00401E: btst    #$5, ($4,A4)
D0=E010 D1=DCCC D2=0 D3=FFFF D4=10404C40 D5=84418531 D6=84418531 D7=FFFF A0=3C0002 A1=101700 A2=F6D56 A3=108F82 A4=10F1140 A5=108000 A6=108E3C PC=4024 -- 004024: beq     $4056
D0=E010 D1=DCCC D2=0 D3=FFFF D4=10404C40 D5=84418531 D6=84418531 D7=FFFF A0=3C0002 A1=101700 A2=F6D56 A3=108F82 A4=10F1140 A5=108000 A6=108E3C PC=4056 -- 004056: tst.b   ($7c,A1)
D0=E010 D1=DCCC D2=0 D3=FFFF D4=10404C40 D5=84418531 D6=84418531 D7=FFFF A0=3C0002 A1=101700 A2=F6D56 A3=108F82 A4=10F1140 A5=108000 A6=108E3C PC=405A -- 00405A: bpl     $4064
D0=E010 D1=DCCC D2=0 D3=FFFF D4=10404C40 D5=84418531 D6=84418531 D7=FFFF A0=3C0002 A1=101700 A2=F6D56 A3=108F82 A4=10F1140 A5=108000 A6=108E3C PC=4064 -- 004064: movea.l (A7)+, A0
D0=E010 D1=DCCC D2=0 D3=FFFF D4=10404C40 D5=84418531 D6=84418531 D7=FFFF A0=108920 A1=101700 A2=F6D56 A3=108F82 A4=10F1140 A5=108000 A6=108E3C PC=4066 -- 004066: subq.w  #1, ($e3a,A5)
D0=E010 D1=DCCC D2=0 D3=FFFF D4=10404C40 D5=84418531 D6=84418531 D7=FFFF A0=108920 A1=101700 A2=F6D56 A3=108F82 A4=10F1140 A5=108000 A6=108E3C PC=406A -- 00406A: bne     $3f32
D0=E010 D1=DCCC D2=0 D3=FFFF D4=10404C40 D5=84418531 D6=84418531 D7=FFFF A0=108920 A1=101700 A2=F6D56 A3=108F82 A4=10F1140 A5=108000 A6=108E3C PC=3F32 -- 003F32: move.w  (A0)+, D0
D0=1900 D1=DCCC D2=0 D3=FFFF D4=10404C40 D5=84418531 D6=84418531 D7=FFFF A0=108922 A1=101700 A2=F6D56 A3=108F82 A4=10F1140 A5=108000 A6=108E3C PC=3F34 -- 003F34: beq     $3f32
D0=1900 D1=DCCC D2=0 D3=FFFF D4=10404C40 D5=84418531 D6=84418531 D7=FFFF A0=108922 A1=101700 A2=F6D56 A3=108F82 A4=10F1140 A5=108000 A6=108E3C PC=3F36 -- 003F36: clr.w   (-$2,A0)
D0=1900 D1=DCCC D2=0 D3=FFFF D4=10404C40 D5=84418531 D6=84418531 D7=FFFF A0=108922 A1=101700 A2=F6D56 A3=108F82 A4=10F1140 A5=108000 A6=108E3C PC=3F3A -- 003F3A: move.l  A5, D1
D0=1900 D1=108000 D2=0 D3=FFFF D4=10404C40 D5=84418531 D6=84418531 D7=FFFF A0=108922 A1=101700 A2=F6D56 A3=108F82 A4=10F1140 A5=108000 A6=108E3C PC=3F3C -- 003F3C: move.w  D0, D1
D0=1900 D1=101900 D2=0 D3=FFFF D4=10404C40 D5=84418531 D6=84418531 D7=FFFF A0=108922 A1=101700 A2=F6D56 A3=108F82 A4=10F1140 A5=108000 A6=108E3C PC=3F3E -- 003F3E: movea.l D1, A1
D0=1900 D1=101900 D2=0 D3=FFFF D4=10404C40 D5=84418531 D6=84418531 D7=FFFF A0=108922 A1=101900 A2=F6D56 A3=108F82 A4=10F1140 A5=108000 A6=108E3C PC=3F40 -- 003F40: movea.l ($28,A1), A2
D0=1900 D1=101900 D2=0 D3=FFFF D4=10404C40 D5=84418531 D6=84418531 D7=FFFF A0=108922 A1=101900 A2=F6D4C A3=108F82 A4=10F1140 A5=108000 A6=108E3C PC=3F44 -- 003F44: lea     $7bf48.l, A4
D0=1900 D1=101900 D2=0 D3=FFFF D4=10404C40 D5=84418531 D6=84418531 D7=FFFF A0=108922 A1=101900 A2=F6D4C A3=108F82 A4=7BF48 A5=108000 A6=108E3C PC=3F4A -- 003F4A: move.w  ($70,A1), D0
D0=1B D1=101900 D2=0 D3=FFFF D4=10404C40 D5=84418531 D6=84418531 D7=FFFF A0=108922 A1=101900 A2=F6D4C A3=108F82 A4=7BF48 A5=108000 A6=108E3C PC=3F4E -- 003F4E: add.w   D0, D0
D0=36 D1=101900 D2=0 D3=FFFF D4=10404C40 D5=84418531 D6=84418531 D7=FFFF A0=108922 A1=101900 A2=F6D4C A3=108F82 A4=7BF48 A5=108000 A6=108E3C PC=3F50 -- 003F50: add.w   D0, D0
D0=6C D1=101900 D2=0 D3=FFFF D4=10404C40 D5=84418531 D6=84418531 D7=FFFF A0=108922 A1=101900 A2=F6D4C A3=108F82 A4=7BF48 A5=108000 A6=108E3C PC=3F52 -- 003F52: movea.l (A4,D0.w), A4
D0=6C D1=101900 D2=0 D3=FFFF D4=10404C40 D5=84418531 D6=84418531 D7=FFFF A0=108922 A1=101900 A2=F6D4C A3=108F82 A4=7F5E0 A5=108000 A6=108E3C PC=3F56 -- 003F56: move.w  ($72,A1), D0
D0=3F D1=101900 D2=0 D3=FFFF D4=10404C40 D5=84418531 D6=84418531 D7=FFFF A0=108922 A1=101900 A2=F6D4C A3=108F82 A4=7F5E0 A5=108000 A6=108E3C PC=3F5A -- 003F5A: add.w   D0, D0
D0=7E D1=101900 D2=0 D3=FFFF D4=10404C40 D5=84418531 D6=84418531 D7=FFFF A0=108922 A1=101900 A2=F6D4C A3=108F82 A4=7F5E0 A5=108000 A6=108E3C PC=3F5C -- 003F5C: move.w  (A4,D0.w), ($46de,A5)
D0=7E D1=101900 D2=0 D3=FFFF D4=10404C40 D5=84418531 D6=84418531 D7=FFFF A0=108922 A1=101900 A2=F6D4C A3=108F82 A4=7F5E0 A5=108000 A6=108E3C PC=3F62 -- 003F62: lea     $80000.l, A4
D0=7E D1=101900 D2=0 D3=FFFF D4=10404C40 D5=84418531 D6=84418531 D7=FFFF A0=108922 A1=101900 A2=F6D4C A3=108F82 A4=80000 A5=108000 A6=108E3C PC=3F68 -- 003F68: move.w  ($70,A1), D0
D0=1B D1=101900 D2=0 D3=FFFF D4=10404C40 D5=84418531 D6=84418531 D7=FFFF A0=108922 A1=101900 A2=F6D4C A3=108F82 A4=80000 A5=108000 A6=108E3C PC=3F6C -- 003F6C: add.w   D0, D0
D0=36 D1=101900 D2=0 D3=FFFF D4=10404C40 D5=84418531 D6=84418531 D7=FFFF A0=108922 A1=101900 A2=F6D4C A3=108F82 A4=80000 A5=108000 A6=108E3C PC=3F6E -- 003F6E: add.w   D0, D0
D0=6C D1=101900 D2=0 D3=FFFF D4=10404C40 D5=84418531 D6=84418531 D7=FFFF A0=108922 A1=101900 A2=F6D4C A3=108F82 A4=80000 A5=108000 A6=108E3C PC=3F70 -- 003F70: movea.l (A4,D0.w), A4
D0=6C D1=101900 D2=0 D3=FFFF D4=10404C40 D5=84418531 D6=84418531 D7=FFFF A0=108922 A1=101900 A2=F6D4C A3=108F82 A4=86E00 A5=108000 A6=108E3C PC=3F74 -- 003F74: move.w  ($46de,A5), D0
D0=3F3F D1=101900 D2=0 D3=FFFF D4=10404C40 D5=84418531 D6=84418531 D7=FFFF A0=108922 A1=101900 A2=F6D4C A3=108F82 A4=86E00 A5=108000 A6=108E3C PC=3F78 -- 003F78: tst.b   ($46e2,A5)
D0=3F3F D1=101900 D2=0 D3=FFFF D4=10404C40 D5=84418531 D6=84418531 D7=FFFF A0=108922 A1=101900 A2=F6D4C A3=108F82 A4=86E00 A5=108000 A6=108E3C PC=3F7C -- 003F7C: beq     $3f82
D0=3F3F D1=101900 D2=0 D3=FFFF D4=10404C40 D5=84418531 D6=84418531 D7=FFFF A0=108922 A1=101900 A2=F6D4C A3=108F82 A4=86E00 A5=108000 A6=108E3C PC=3F82 -- 003F82: andi.w  #$ff, D0
D0=3F D1=101900 D2=0 D3=FFFF D4=10404C40 D5=84418531 D6=84418531 D7=FFFF A0=108922 A1=101900 A2=F6D4C A3=108F82 A4=86E00 A5=108000 A6=108E3C PC=3F86 -- 003F86: add.w   D0, D0
D0=7E D1=101900 D2=0 D3=FFFF D4=10404C40 D5=84418531 D6=84418531 D7=FFFF A0=108922 A1=101900 A2=F6D4C A3=108F82 A4=86E00 A5=108000 A6=108E3C PC=3F88 -- 003F88: add.w   D0, D0
D0=FC D1=101900 D2=0 D3=FFFF D4=10404C40 D5=84418531 D6=84418531 D7=FFFF A0=108922 A1=101900 A2=F6D4C A3=108F82 A4=86E00 A5=108000 A6=108E3C PC=3F8A -- 003F8A: movea.l (A4,D0.w), A4
D0=FC D1=101900 D2=0 D3=FFFF D4=10404C40 D5=84418531 D6=84418531 D7=FFFF A0=108922 A1=101900 A2=F6D4C A3=108F82 A4=F314A A5=108000 A6=108E3C PC=3F8E -- 003F8E: move.w  ($74,A1), D0
D0=0 D1=101900 D2=0 D3=FFFF D4=10404C40 D5=84418531 D6=84418531 D7=FFFF A0=108922 A1=101900 A2=F6D4C A3=108F82 A4=F314A A5=108000 A6=108E3C PC=3F92 -- 003F92: adda.w  D0, A4
D0=0 D1=101900 D2=0 D3=FFFF D4=10404C40 D5=84418531 D6=84418531 D7=FFFF A0=108922 A1=101900 A2=F6D4C A3=108F82 A4=F314A A5=108000 A6=108E3C PC=3F94 -- 003F94: move.l  (A4), D0
D0=10F113A D1=101900 D2=0 D3=FFFF D4=10404C40 D5=84418531 D6=84418531 D7=FFFF A0=108922 A1=101900 A2=F6D4C A3=108F82 A4=F314A A5=108000 A6=108E3C PC=3F96 -- 003F96: movea.l D0, A4
D0=10F113A D1=101900 D2=0 D3=FFFF D4=10404C40 D5=84418531 D6=84418531 D7=FFFF A0=108922 A1=101900 A2=F6D4C A3=108F82 A4=10F113A A5=108000 A6=108E3C PC=3F98 -- 003F98: move.l  A0, -(A7)
D0=10F113A D1=101900 D2=0 D3=FFFF D4=10404C40 D5=84418531 D6=84418531 D7=FFFF A0=108922 A1=101900 A2=F6D4C A3=108F82 A4=10F113A A5=108000 A6=108E3C PC=3F9A -- 003F9A: lea     $3c0002.l, A0
D0=10F113A D1=101900 D2=0 D3=FFFF D4=10404C40 D5=84418531 D6=84418531 D7=FFFF A0=3C0002 A1=101900 A2=F6D4C A3=108F82 A4=10F113A A5=108000 A6=108E3C PC=3FA0 -- 003FA0: tst.b   ($7c,A1)
D0=10F113A D1=101900 D2=0 D3=FFFF D4=10404C40 D5=84418531 D6=84418531 D7=FFFF A0=3C0002 A1=101900 A2=F6D4C A3=108F82 A4=10F113A A5=108000 A6=108E3C PC=3FA4 -- 003FA4: bpl     $3fc0
D0=10F113A D1=101900 D2=0 D3=FFFF D4=10404C40 D5=84418531 D6=84418531 D7=FFFF A0=3C0002 A1=101900 A2=F6D4C A3=108F82 A4=10F113A A5=108000 A6=108E3C PC=3FC0 -- 003FC0: moveq   #$0, D0
D0=0 D1=101900 D2=0 D3=FFFF D4=10404C40 D5=84418531 D6=84418531 D7=FFFF A0=3C0002 A1=101900 A2=F6D4C A3=108F82 A4=10F113A A5=108000 A6=108E3C PC=3FC2 -- 003FC2: move.b  (A2), D0
D0=2 D1=101900 D2=0 D3=FFFF D4=10404C40 D5=84418531 D6=84418531 D7=FFFF A0=3C0002 A1=101900 A2=F6D4C A3=108F82 A4=10F113A A5=108000 A6=108E3C PC=3FC4 -- 003FC4: sub.w   D0, ($794,A5)
D0=2 D1=101900 D2=0 D3=FFFF D4=10404C40 D5=84418531 D6=84418531 D7=FFFF A0=3C0002 A1=101900 A2=F6D4C A3=108F82 A4=10F113A A5=108000 A6=108E3C PC=3FC8 -- 003FC8: bcc     $3fd2
D0=2 D1=101900 D2=0 D3=FFFF D4=10404C40 D5=84418531 D6=84418531 D7=FFFF A0=3C0002 A1=101900 A2=F6D4C A3=108F82 A4=10F113A A5=108000 A6=108E3C PC=3FD2 -- 003FD2: move.l  A6, -(A7)
D0=2 D1=101900 D2=0 D3=FFFF D4=10404C40 D5=84418531 D6=84418531 D7=FFFF A0=3C0002 A1=101900 A2=F6D4C A3=108F82 A4=10F113A A5=108000 A6=108E3C PC=3FD4 -- 003FD4: btst    #$6, ($7c,A1)
D0=2 D1=101900 D2=0 D3=FFFF D4=10404C40 D5=84418531 D6=84418531 D7=FFFF A0=3C0002 A1=101900 A2=F6D4C A3=108F82 A4=10F113A A5=108000 A6=108E3C PC=3FDA -- 003FDA: bne     $400c
D0=2 D1=101900 D2=0 D3=FFFF D4=10404C40 D5=84418531 D6=84418531 D7=FFFF A0=3C0002 A1=101900 A2=F6D4C A3=108F82 A4=10F113A A5=108000 A6=108E3C PC=3FDE -- 003FDE: moveq   #$0, D1
D0=2 D1=0 D2=0 D3=FFFF D4=10404C40 D5=84418531 D6=84418531 D7=FFFF A0=3C0002 A1=101900 A2=F6D4C A3=108F82 A4=10F113A A5=108000 A6=108E3C PC=3FE0 -- 003FE0: move.b  ($82,A1), D1
D0=2 D1=0 D2=0 D3=FFFF D4=10404C40 D5=84418531 D6=84418531 D7=FFFF A0=3C0002 A1=101900 A2=F6D4C A3=108F82 A4=10F113A A5=108000 A6=108E3C PC=3FE4 -- 003FE4: add.w   D1, D1
D0=2 D1=0 D2=0 D3=FFFF D4=10404C40 D5=84418531 D6=84418531 D7=FFFF A0=3C0002 A1=101900 A2=F6D4C A3=108F82 A4=10F113A A5=108000 A6=108E3C PC=3FE6 -- 003FE6: add.w   D1, D1
D0=2 D1=0 D2=0 D3=FFFF D4=10404C40 D5=84418531 D6=84418531 D7=FFFF A0=3C0002 A1=101900 A2=F6D4C A3=108F82 A4=10F113A A5=108000 A6=108E3C PC=3FE8 -- 003FE8: move.w  ($18,A1), D0
D0=90 D1=0 D2=0 D3=FFFF D4=10404C40 D5=84418531 D6=84418531 D7=FFFF A0=3C0002 A1=101900 A2=F6D4C A3=108F82 A4=10F113A A5=108000 A6=108E3C PC=3FEC -- 003FEC: lea     ($104c,A5), A6
D0=90 D1=0 D2=0 D3=FFFF D4=10404C40 D5=84418531 D6=84418531 D7=FFFF A0=3C0002 A1=101900 A2=F6D4C A3=108F82 A4=10F113A A5=108000 A6=10904C PC=3FF0 -- 003FF0: sub.w   (A6,D1.w), D0
D0=90 D1=0 D2=0 D3=FFFF D4=10404C40 D5=84418531 D6=84418531 D7=FFFF A0=3C0002 A1=101900 A2=F6D4C A3=108F82 A4=10F113A A5=108000 A6=10904C PC=3FF4 -- 003FF4: move.w  D0, ($24,A1)
D0=90 D1=0 D2=0 D3=FFFF D4=10404C40 D5=84418531 D6=84418531 D7=FFFF A0=3C0002 A1=101900 A2=F6D4C A3=108F82 A4=10F113A A5=108000 A6=10904C PC=3FF8 -- 003FF8: move.w  ($1c,A1), D0
D0=C8 D1=0 D2=0 D3=FFFF D4=10404C40 D5=84418531 D6=84418531 D7=FFFF A0=3C0002 A1=101900 A2=F6D4C A3=108F82 A4=10F113A A5=108000 A6=10904C PC=3FFC -- 003FFC: sub.w   ($20,A1), D0
D0=C8 D1=0 D2=0 D3=FFFF D4=10404C40 D5=84418531 D6=84418531 D7=FFFF A0=3C0002 A1=101900 A2=F6D4C A3=108F82 A4=10F113A A5=108000 A6=10904C PC=4000 -- 004000: lea     ($1058,A5), A6
D0=C8 D1=0 D2=0 D3=FFFF D4=10404C40 D5=84418531 D6=84418531 D7=FFFF A0=3C0002 A1=101900 A2=F6D4C A3=108F82 A4=10F113A A5=108000 A6=109058 PC=4004 -- 004004: sub.w   (A6,D1.w), D0
D0=C8 D1=0 D2=0 D3=FFFF D4=10404C40 D5=84418531 D6=84418531 D7=FFFF A0=3C0002 A1=101900 A2=F6D4C A3=108F82 A4=10F113A A5=108000 A6=109058 PC=4008 -- 004008: move.w  D0, ($26,A1)
D0=C8 D1=0 D2=0 D3=FFFF D4=10404C40 D5=84418531 D6=84418531 D7=FFFF A0=3C0002 A1=101900 A2=F6D4C A3=108F82 A4=10F113A A5=108000 A6=109058 PC=400C -- 00400C: tst.b   ($3a66,A5)
D0=C8 D1=0 D2=0 D3=FFFF D4=10404C40 D5=84418531 D6=84418531 D7=FFFF A0=3C0002 A1=101900 A2=F6D4C A3=108F82 A4=10F113A A5=108000 A6=109058 PC=4010 -- 004010: bmi     $4018
D0=C8 D1=0 D2=0 D3=FFFF D4=10404C40 D5=84418531 D6=84418531 D7=FFFF A0=3C0002 A1=101900 A2=F6D4C A3=108F82 A4=10F113A A5=108000 A6=109058 PC=4012 -- 004012: bsr     $4088
D0=C8 D1=0 D2=0 D3=FFFF D4=10404C40 D5=84418531 D6=84418531 D7=FFFF A0=3C0002 A1=101900 A2=F6D4C A3=108F82 A4=10F113A A5=108000 A6=109058 PC=4088 -- 004088: move.w  (A4), D0
D0=50 D1=0 D2=0 D3=FFFF D4=10404C40 D5=84418531 D6=84418531 D7=FFFF A0=3C0002 A1=101900 A2=F6D4C A3=108F82 A4=10F113A A5=108000 A6=109058 PC=408A -- 00408A: move.b  ($31,A1), D1
D0=50 D1=0 D2=0 D3=FFFF D4=10404C40 D5=84418531 D6=84418531 D7=FFFF A0=3C0002 A1=101900 A2=F6D4C A3=108F82 A4=10F113A A5=108000 A6=109058 PC=408E -- 00408E: move.b  ($4,A4), D2
D0=50 D1=0 D2=0 D3=FFFF D4=10404C40 D5=84418531 D6=84418531 D7=FFFF A0=3C0002 A1=101900 A2=F6D4C A3=108F82 A4=10F113A A5=108000 A6=109058 PC=4092 -- 004092: rol.b   #2, D2
D0=50 D1=0 D2=0 D3=FFFF D4=10404C40 D5=84418531 D6=84418531 D7=FFFF A0=3C0002 A1=101900 A2=F6D4C A3=108F82 A4=10F113A A5=108000 A6=109058 PC=4094 -- 004094: eor.w   D2, D1
D0=50 D1=0 D2=0 D3=FFFF D4=10404C40 D5=84418531 D6=84418531 D7=FFFF A0=3C0002 A1=101900 A2=F6D4C A3=108F82 A4=10F113A A5=108000 A6=109058 PC=4096 -- 004096: andi.w  #$3, D1
D0=50 D1=0 D2=0 D3=FFFF D4=10404C40 D5=84418531 D6=84418531 D7=FFFF A0=3C0002 A1=101900 A2=F6D4C A3=108F82 A4=10F113A A5=108000 A6=109058 PC=409A -- 00409A: move.w  D1, ($790,A5)
D0=50 D1=0 D2=0 D3=FFFF D4=10404C40 D5=84418531 D6=84418531 D7=FFFF A0=3C0002 A1=101900 A2=F6D4C A3=108F82 A4=10F113A A5=108000 A6=109058 PC=409E -- 00409E: andi.w  #$1, D1
D0=50 D1=0 D2=0 D3=FFFF D4=10404C40 D5=84418531 D6=84418531 D7=FFFF A0=3C0002 A1=101900 A2=F6D4C A3=108F82 A4=10F113A A5=108000 A6=109058 PC=40A2 -- 0040A2: beq     $40ae
D0=50 D1=0 D2=0 D3=FFFF D4=10404C40 D5=84418531 D6=84418531 D7=FFFF A0=3C0002 A1=101900 A2=F6D4C A3=108F82 A4=10F113A A5=108000 A6=109058 PC=40AE -- 0040AE: moveq   #$0, D1
D0=50 D1=0 D2=0 D3=FFFF D4=10404C40 D5=84418531 D6=84418531 D7=FFFF A0=3C0002 A1=101900 A2=F6D4C A3=108F82 A4=10F113A A5=108000 A6=109058 PC=40B0 -- 0040B0: move.b  ($68,A1), D1
D0=50 D1=FF D2=0 D3=FFFF D4=10404C40 D5=84418531 D6=84418531 D7=FFFF A0=3C0002 A1=101900 A2=F6D4C A3=108F82 A4=10F113A A5=108000 A6=109058 PC=40B4 -- 0040B4: addq.w  #1, D1
D0=50 D1=100 D2=0 D3=FFFF D4=10404C40 D5=84418531 D6=84418531 D7=FFFF A0=3C0002 A1=101900 A2=F6D4C A3=108F82 A4=10F113A A5=108000 A6=109058 PC=40B6 -- 0040B6: muls.w  D1, D0
D0=5000 D1=100 D2=0 D3=FFFF D4=10404C40 D5=84418531 D6=84418531 D7=FFFF A0=3C0002 A1=101900 A2=F6D4C A3=108F82 A4=10F113A A5=108000 A6=109058 PC=40B8 -- 0040B8: lsr.l   #8, D0
D0=50 D1=100 D2=0 D3=FFFF D4=10404C40 D5=84418531 D6=84418531 D7=FFFF A0=3C0002 A1=101900 A2=F6D4C A3=108F82 A4=10F113A A5=108000 A6=109058 PC=40BA -- 0040BA: add.w   ($24,A1), D0
D0=E0 D1=100 D2=0 D3=FFFF D4=10404C40 D5=84418531 D6=84418531 D7=FFFF A0=3C0002 A1=101900 A2=F6D4C A3=108F82 A4=10F113A A5=108000 A6=109058 PC=40BE -- 0040BE: lsl.w   #7, D0
D0=7000 D1=100 D2=0 D3=FFFF D4=10404C40 D5=84418531 D6=84418531 D7=FFFF A0=3C0002 A1=101900 A2=F6D4C A3=108F82 A4=10F113A A5=108000 A6=109058 PC=40C0 -- 0040C0: move.w  D6, (-$2,A0)
D0=7000 D1=100 D2=0 D3=FFFF D4=10404C40 D5=84418531 D6=84418531 D7=FFFF A0=3C0002 A1=101900 A2=F6D4C A3=108F82 A4=10F113A A5=108000 A6=109058 PC=40C4 -- 0040C4: move.w  D0, (A0)
D0=7000 D1=100 D2=0 D3=FFFF D4=10404C40 D5=84418531 D6=84418531 D7=FFFF A0=3C0002 A1=101900 A2=F6D4C A3=108F82 A4=10F113A A5=108000 A6=109058 PC=40C6 -- 0040C6: moveq   #$0, D0
D0=0 D1=100 D2=0 D3=FFFF D4=10404C40 D5=84418531 D6=84418531 D7=FFFF A0=3C0002 A1=101900 A2=F6D4C A3=108F82 A4=10F113A A5=108000 A6=109058 PC=40C8 -- 0040C8: move.b  (A2), D0
D0=2 D1=100 D2=0 D3=FFFF D4=10404C40 D5=84418531 D6=84418531 D7=FFFF A0=3C0002 A1=101900 A2=F6D4C A3=108F82 A4=10F113A A5=108000 A6=109058 PC=40CA -- 0040CA: add.w   D0, D6
D0=2 D1=100 D2=0 D3=FFFF D4=10404C40 D5=84418533 D6=84418533 D7=FFFF A0=3C0002 A1=101900 A2=F6D4C A3=108F82 A4=10F113A A5=108000 A6=109058 PC=40CC -- 0040CC: move.w  ($2,A4), D0
D0=FFF7 D1=100 D2=0 D3=FFFF D4=10404C40 D5=84418533 D6=84418533 D7=FFFF A0=3C0002 A1=101900 A2=F6D4C A3=108F82 A4=10F113A A5=108000 A6=109058 PC=40D0 -- 0040D0: btst    #$1, ($791,A5)
D0=FFF7 D1=100 D2=0 D3=FFFF D4=10404C40 D5=84418533 D6=84418533 D7=FFFF A0=3C0002 A1=101900 A2=F6D4C A3=108F82 A4=10F113A A5=108000 A6=109058 PC=40D6 -- 0040D6: beq     $40e4
D0=FFF7 D1=100 D2=0 D3=FFFF D4=10404C40 D5=84418533 D6=84418533 D7=FFFF A0=3C0002 A1=101900 A2=F6D4C A3=108F82 A4=10F113A A5=108000 A6=109058 PC=40E4 -- 0040E4: moveq   #$0, D1
D0=FFF7 D1=0 D2=0 D3=FFFF D4=10404C40 D5=84418533 D6=84418533 D7=FFFF A0=3C0002 A1=101900 A2=F6D4C A3=108F82 A4=10F113A A5=108000 A6=109058 PC=40E6 -- 0040E6: move.b  ($69,A1), D1
D0=FFF7 D1=FF D2=0 D3=FFFF D4=10404C40 D5=84418533 D6=84418533 D7=FFFF A0=3C0002 A1=101900 A2=F6D4C A3=108F82 A4=10F113A A5=108000 A6=109058 PC=40EA -- 0040EA: addq.w  #1, D1
D0=FFF7 D1=100 D2=0 D3=FFFF D4=10404C40 D5=84418533 D6=84418533 D7=FFFF A0=3C0002 A1=101900 A2=F6D4C A3=108F82 A4=10F113A A5=108000 A6=109058 PC=40EC -- 0040EC: muls.w  D1, D0
D0=FFFFF700 D1=100 D2=0 D3=FFFF D4=10404C40 D5=84418533 D6=84418533 D7=FFFF A0=3C0002 A1=101900 A2=F6D4C A3=108F82 A4=10F113A A5=108000 A6=109058 PC=40EE -- 0040EE: lsr.l   #8, D0
D0=FFFFF7 D1=100 D2=0 D3=FFFF D4=10404C40 D5=84418533 D6=84418533 D7=FFFF A0=3C0002 A1=101900 A2=F6D4C A3=108F82 A4=10F113A A5=108000 A6=109058 PC=40F0 -- 0040F0: add.w   ($26,A1), D0
D0=FF00BF D1=100 D2=0 D3=FFFF D4=10404C40 D5=84418533 D6=84418533 D7=FFFF A0=3C0002 A1=101900 A2=F6D4C A3=108F82 A4=10F113A A5=108000 A6=109058 PC=40F4 -- 0040F4: neg.w   D0
D0=FFFF41 D1=100 D2=0 D3=FFFF D4=10404C40 D5=84418533 D6=84418533 D7=FFFF A0=3C0002 A1=101900 A2=F6D4C A3=108F82 A4=10F113A A5=108000 A6=109058 PC=40F6 -- 0040F6: addi.w  #$1ff, D0
D0=FF0140 D1=100 D2=0 D3=FFFF D4=10404C40 D5=84418533 D6=84418533 D7=FFFF A0=3C0002 A1=101900 A2=F6D4C A3=108F82 A4=10F113A A5=108000 A6=109058 PC=40FA -- 0040FA: lsl.w   #7, D0
D0=FFA000 D1=100 D2=0 D3=FFFF D4=10404C40 D5=84418533 D6=84418533 D7=FFFF A0=3C0002 A1=101900 A2=F6D4C A3=108F82 A4=10F113A A5=108000 A6=109058 PC=40FC -- 0040FC: bsr     $4772
D0=FFA000 D1=100 D2=0 D3=FFFF D4=10404C40 D5=84418533 D6=84418533 D7=FFFF A0=3C0002 A1=101900 A2=F6D4C A3=108F82 A4=10F113A A5=108000 A6=109058 PC=4772 -- 004772: move.w  D0, -(A7)
D0=FFA000 D1=100 D2=0 D3=FFFF D4=10404C40 D5=84418533 D6=84418533 D7=FFFF A0=3C0002 A1=101900 A2=F6D4C A3=108F82 A4=10F113A A5=108000 A6=109058 PC=4774 -- 004774: moveq   #-$1, D0
D0=FFFFFFFF D1=100 D2=0 D3=FFFF D4=10404C40 D5=84418533 D6=84418533 D7=FFFF A0=3C0002 A1=101900 A2=F6D4C A3=108F82 A4=10F113A A5=108000 A6=109058 PC=4776 -- 004776: moveq   #$0, D1
D0=FFFFFFFF D1=0 D2=0 D3=FFFF D4=10404C40 D5=84418533 D6=84418533 D7=FFFF A0=3C0002 A1=101900 A2=F6D4C A3=108F82 A4=10F113A A5=108000 A6=109058 PC=4778 -- 004778: move.b  ($1,A2), D1
D0=FFFFFFFF D1=2 D2=0 D3=FFFF D4=10404C40 D5=84418533 D6=84418533 D7=FFFF A0=3C0002 A1=101900 A2=F6D4C A3=108F82 A4=10F113A A5=108000 A6=109058 PC=477C -- 00477C: cmpi.b  #-$1, ($69,A1)
D0=FFFFFFFF D1=2 D2=0 D3=FFFF D4=10404C40 D5=84418533 D6=84418533 D7=FFFF A0=3C0002 A1=101900 A2=F6D4C A3=108F82 A4=10F113A A5=108000 A6=109058 PC=4782 -- 004782: beq     $47b4
D0=FFFFFFFF D1=2 D2=0 D3=FFFF D4=10404C40 D5=84418533 D6=84418533 D7=FFFF A0=3C0002 A1=101900 A2=F6D4C A3=108F82 A4=10F113A A5=108000 A6=109058 PC=47B4 -- 0047B4: move.b  D0, ($78f,A5)
D0=FFFFFFFF D1=2 D2=0 D3=FFFF D4=10404C40 D5=84418533 D6=84418533 D7=FFFF A0=3C0002 A1=101900 A2=F6D4C A3=108F82 A4=10F113A A5=108000 A6=109058 PC=47B8 -- 0047B8: move.b  D1, ($78e,A5)
D0=FFFFFFFF D1=2 D2=0 D3=FFFF D4=10404C40 D5=84418533 D6=84418533 D7=FFFF A0=3C0002 A1=101900 A2=F6D4C A3=108F82 A4=10F113A A5=108000 A6=109058 PC=47BC -- 0047BC: move.w  (A7)+, D0
D0=FFFFA000 D1=2 D2=0 D3=FFFF D4=10404C40 D5=84418533 D6=84418533 D7=FFFF A0=3C0002 A1=101900 A2=F6D4C A3=108F82 A4=10F113A A5=108000 A6=109058 PC=47BE -- 0047BE: rts
D0=FFFFA000 D1=2 D2=0 D3=FFFF D4=10404C40 D5=84418533 D6=84418533 D7=FFFF A0=3C0002 A1=101900 A2=F6D4C A3=108F82 A4=10F113A A5=108000 A6=109058 PC=4100 -- 004100: add.b   ($78e,A5), D0
D0=FFFFA002 D1=2 D2=0 D3=FFFF D4=10404C40 D5=84418533 D6=84418533 D7=FFFF A0=3C0002 A1=101900 A2=F6D4C A3=108F82 A4=10F113A A5=108000 A6=109058 PC=4104 -- 004104: move.w  D0, (A3)+
D0=FFFFA002 D1=2 D2=0 D3=FFFF D4=10404C40 D5=84418533 D6=84418533 D7=FFFF A0=3C0002 A1=101900 A2=F6D4C A3=108F84 A4=10F113A A5=108000 A6=109058 PC=4106 -- 004106: moveq   #$0, D0
D0=0 D1=2 D2=0 D3=FFFF D4=10404C40 D5=84418533 D6=84418533 D7=FFFF A0=3C0002 A1=101900 A2=F6D4C A3=108F84 A4=10F113A A5=108000 A6=109058 PC=4108 -- 004108: move.b  (A2), D0
D0=2 D1=2 D2=0 D3=FFFF D4=10404C40 D5=84418533 D6=84418533 D7=FFFF A0=3C0002 A1=101900 A2=F6D4C A3=108F84 A4=10F113A A5=108000 A6=109058 PC=410A -- 00410A: subq.b  #2, D0
D0=0 D1=2 D2=0 D3=FFFF D4=10404C40 D5=84418533 D6=84418533 D7=FFFF A0=3C0002 A1=101900 A2=F6D4C A3=108F84 A4=10F113A A5=108000 A6=109058 PC=410C -- 00410C: bmi     $4118
D0=0 D1=2 D2=0 D3=FFFF D4=10404C40 D5=84418533 D6=84418533 D7=FFFF A0=3C0002 A1=101900 A2=F6D4C A3=108F84 A4=10F113A A5=108000 A6=109058 PC=410E -- 00410E: move.w  #$40, D1
D0=0 D1=40 D2=0 D3=FFFF D4=10404C40 D5=84418533 D6=84418533 D7=FFFF A0=3C0002 A1=101900 A2=F6D4C A3=108F84 A4=10F113A A5=108000 A6=109058 PC=4112 -- 004112: move.w  D1, (A3)+
D0=0 D1=40 D2=0 D3=FFFF D4=10404C40 D5=84418533 D6=84418533 D7=FFFF A0=3C0002 A1=101900 A2=F6D4C A3=108F86 A4=10F113A A5=108000 A6=109058 PC=4114 -- 004114: dbra    D0, $4112
D0=FFFF D1=40 D2=0 D3=FFFF D4=10404C40 D5=84418533 D6=84418533 D7=FFFF A0=3C0002 A1=101900 A2=F6D4C A3=108F86 A4=10F113A A5=108000 A6=109058 PC=4118 -- 004118: move.w  #$1, ($2,A0)
D0=FFFF D1=40 D2=0 D3=FFFF D4=10404C40 D5=84418533 D6=84418533 D7=FFFF A0=3C0002 A1=101900 A2=F6D4C A3=108F86 A4=10F113A A5=108000 A6=109058 PC=411E -- 00411E: move.w  D5, (-$2,A0)
D0=FFFF D1=40 D2=0 D3=FFFF D4=10404C40 D5=84418533 D6=84418533 D7=FFFF A0=3C0002 A1=101900 A2=F6D4C A3=108F86 A4=10F113A A5=108000 A6=109058 PC=4122 -- 004122: moveq   #$0, D1
D0=FFFF D1=0 D2=0 D3=FFFF D4=10404C40 D5=84418533 D6=84418533 D7=FFFF A0=3C0002 A1=101900 A2=F6D4C A3=108F86 A4=10F113A A5=108000 A6=109058 PC=4124 -- 004124: move.b  ($68,A1), D0
D0=FFFF D1=0 D2=0 D3=FFFF D4=10404C40 D5=84418533 D6=84418533 D7=FFFF A0=3C0002 A1=101900 A2=F6D4C A3=108F86 A4=10F113A A5=108000 A6=109058 PC=4128 -- 004128: move.b  D0, D1
D0=FFFF D1=FF D2=0 D3=FFFF D4=10404C40 D5=84418533 D6=84418533 D7=FFFF A0=3C0002 A1=101900 A2=F6D4C A3=108F86 A4=10F113A A5=108000 A6=109058 PC=412A -- 00412A: andi.w  #$f, D0
D0=F D1=FF D2=0 D3=FFFF D4=10404C40 D5=84418533 D6=84418533 D7=FFFF A0=3C0002 A1=101900 A2=F6D4C A3=108F86 A4=10F113A A5=108000 A6=109058 PC=412E -- 00412E: lsr.b   #4, D1
D0=F D1=F D2=0 D3=FFFF D4=10404C40 D5=84418533 D6=84418533 D7=FFFF A0=3C0002 A1=101900 A2=F6D4C A3=108F86 A4=10F113A A5=108000 A6=109058 PC=4130 -- 004130: tst.b   D1
D0=F D1=F D2=0 D3=FFFF D4=10404C40 D5=84418533 D6=84418533 D7=FFFF A0=3C0002 A1=101900 A2=F6D4C A3=108F86 A4=10F113A A5=108000 A6=109058 PC=4132 -- 004132: beq     $4164
D0=F D1=F D2=0 D3=FFFF D4=10404C40 D5=84418533 D6=84418533 D7=FFFF A0=3C0002 A1=101900 A2=F6D4C A3=108F86 A4=10F113A A5=108000 A6=109058 PC=4134 -- 004134: lea     $4f9d2.l, A6
D0=F D1=F D2=0 D3=FFFF D4=10404C40 D5=84418533 D6=84418533 D7=FFFF A0=3C0002 A1=101900 A2=F6D4C A3=108F86 A4=10F113A A5=108000 A6=4F9D2 PC=413A -- 00413A: lsl.w   #5, D0
D0=1E0 D1=F D2=0 D3=FFFF D4=10404C40 D5=84418533 D6=84418533 D7=FFFF A0=3C0002 A1=101900 A2=F6D4C A3=108F86 A4=10F113A A5=108000 A6=4F9D2 PC=413C -- 00413C: adda.w  D0, A6
D0=1E0 D1=F D2=0 D3=FFFF D4=10404C40 D5=84418533 D6=84418533 D7=FFFF A0=3C0002 A1=101900 A2=F6D4C A3=108F86 A4=10F113A A5=108000 A6=4FBB2 PC=413E -- 00413E: moveq   #$f, D0
D0=F D1=F D2=0 D3=FFFF D4=10404C40 D5=84418533 D6=84418533 D7=FFFF A0=3C0002 A1=101900 A2=F6D4C A3=108F86 A4=10F113A A5=108000 A6=4FBB2 PC=4140 -- 004140: moveq   #$0, D2
D0=F D1=F D2=0 D3=FFFF D4=10404C40 D5=84418533 D6=84418533 D7=FFFF A0=3C0002 A1=101900 A2=F6D4C A3=108F86 A4=10F113A A5=108000 A6=4FBB2 PC=4142 -- 004142: move.b  (A2), D2
D0=F D1=F D2=2 D3=FFFF D4=10404C40 D5=84418533 D6=84418533 D7=FFFF A0=3C0002 A1=101900 A2=F6D4C A3=108F86 A4=10F113A A5=108000 A6=4FBB2 PC=4144 -- 004144: lsr.w   #1, D2
D0=F D1=F D2=1 D3=FFFF D4=10404C40 D5=84418533 D6=84418533 D7=FFFF A0=3C0002 A1=101900 A2=F6D4C A3=108F86 A4=10F113A A5=108000 A6=4FBB2 PC=4146 -- 004146: sub.w   D2, D0
D0=E D1=F D2=1 D3=FFFF D4=10404C40 D5=84418533 D6=84418533 D7=FFFF A0=3C0002 A1=101900 A2=F6D4C A3=108F86 A4=10F113A A5=108000 A6=4FBB2 PC=4148 -- 004148: adda.l  D0, A6
D0=E D1=F D2=1 D3=FFFF D4=10404C40 D5=84418533 D6=84418533 D7=FFFF A0=3C0002 A1=101900 A2=F6D4C A3=108F86 A4=10F113A A5=108000 A6=4FBC0 PC=414A -- 00414A: move.b  (A2), D0
D0=2 D1=F D2=1 D3=FFFF D4=10404C40 D5=84418533 D6=84418533 D7=FFFF A0=3C0002 A1=101900 A2=F6D4C A3=108F86 A4=10F113A A5=108000 A6=4FBC0 PC=414C -- 00414C: add.w   D0, D5
D0=2 D1=F D2=1 D3=FFFF D4=10404C40 D5=84418533 D6=84418533 D7=FFFF A0=3C0002 A1=101900 A2=F6D4C A3=108F86 A4=10F113A A5=108000 A6=4FBC0 PC=414E -- 00414E: subq.b  #1, D0
D0=1 D1=F D2=1 D3=FFFF D4=10404C40 D5=84418533 D6=84418533 D7=FFFF A0=3C0002 A1=101900 A2=F6D4C A3=108F86 A4=10F113A A5=108000 A6=4FBC0 PC=4150 -- 004150: move.b  D1, D2
D0=1 D1=F D2=F D3=FFFF D4=10404C40 D5=84418533 D6=84418533 D7=FFFF A0=3C0002 A1=101900 A2=F6D4C A3=108F86 A4=10F113A A5=108000 A6=4FBC0 PC=4152 -- 004152: sub.b   (A6)+, D2
D0=1 D1=F D2=F D3=FFFF D4=10404C40 D5=84418533 D6=84418533 D7=FFFF A0=3C0002 A1=101900 A2=F6D4C A3=108F86 A4=10F113A A5=108000 A6=4FBC1 PC=4154 -- 004154: lsl.w   #8, D2
D0=1 D1=F D2=F00 D3=FFFF D4=10404C40 D5=84418533 D6=84418533 D7=FFFF A0=3C0002 A1=101900 A2=F6D4C A3=108F86 A4=10F113A A5=108000 A6=4FBC1 PC=4156 -- 004156: move.b  ($69,A1), D2
D0=1 D1=F D2=FFF D3=FFFF D4=10404C40 D5=84418533 D6=84418533 D7=FFFF A0=3C0002 A1=101900 A2=F6D4C A3=108F86 A4=10F113A A5=108000 A6=4FBC1 PC=415A -- 00415A: move.w  D2, (A0)
D0=1 D1=F D2=FFF D3=FFFF D4=10404C40 D5=84418533 D6=84418533 D7=FFFF A0=3C0002 A1=101900 A2=F6D4C A3=108F86 A4=10F113A A5=108000 A6=4FBC1 PC=415C -- 00415C: dbra    D0, $4150
D0=0 D1=F D2=FFF D3=FFFF D4=10404C40 D5=84418533 D6=84418533 D7=FFFF A0=3C0002 A1=101900 A2=F6D4C A3=108F86 A4=10F113A A5=108000 A6=4FBC1 PC=4150 -- 004150: move.b  D1, D2
D0=0 D1=F D2=F0F D3=FFFF D4=10404C40 D5=84418533 D6=84418533 D7=FFFF A0=3C0002 A1=101900 A2=F6D4C A3=108F86 A4=10F113A A5=108000 A6=4FBC1 PC=4152 -- 004152: sub.b   (A6)+, D2
D0=0 D1=F D2=F0F D3=FFFF D4=10404C40 D5=84418533 D6=84418533 D7=FFFF A0=3C0002 A1=101900 A2=F6D4C A3=108F86 A4=10F113A A5=108000 A6=4FBC2 PC=4154 -- 004154: lsl.w   #8, D2
D0=0 D1=F D2=F00 D3=FFFF D4=10404C40 D5=84418533 D6=84418533 D7=FFFF A0=3C0002 A1=101900 A2=F6D4C A3=108F86 A4=10F113A A5=108000 A6=4FBC2 PC=4156 -- 004156: move.b  ($69,A1), D2
D0=0 D1=F D2=FFF D3=FFFF D4=10404C40 D5=84418533 D6=84418533 D7=FFFF A0=3C0002 A1=101900 A2=F6D4C A3=108F86 A4=10F113A A5=108000 A6=4FBC2 PC=415A -- 00415A: move.w  D2, (A0)
D0=0 D1=F D2=FFF D3=FFFF D4=10404C40 D5=84418533 D6=84418533 D7=FFFF A0=3C0002 A1=101900 A2=F6D4C A3=108F86 A4=10F113A A5=108000 A6=4FBC2 PC=415C -- 00415C: dbra    D0, $4150
D0=FFFF D1=F D2=FFF D3=FFFF D4=10404C40 D5=84418533 D6=84418533 D7=FFFF A0=3C0002 A1=101900 A2=F6D4C A3=108F86 A4=10F113A A5=108000 A6=4FBC2 PC=4160 -- 004160: bra     $4178
D0=FFFF D1=F D2=FFF D3=FFFF D4=10404C40 D5=84418533 D6=84418533 D7=FFFF A0=3C0002 A1=101900 A2=F6D4C A3=108F86 A4=10F113A A5=108000 A6=4FBC2 PC=4178 -- 004178: move.b  ($2,A2), D0
D0=FFDF D1=F D2=FFF D3=FFFF D4=10404C40 D5=84418533 D6=84418533 D7=FFFF A0=3C0002 A1=101900 A2=F6D4C A3=108F86 A4=10F113A A5=108000 A6=4FBC2 PC=417C -- 00417C: tst.b   ($80,A1)
D0=FFDF D1=F D2=FFF D3=FFFF D4=10404C40 D5=84418533 D6=84418533 D7=FFFF A0=3C0002 A1=101900 A2=F6D4C A3=108F86 A4=10F113A A5=108000 A6=4FBC2 PC=4180 -- 004180: beq     $4188
D0=FFDF D1=F D2=FFF D3=FFFF D4=10404C40 D5=84418533 D6=84418533 D7=FFFF A0=3C0002 A1=101900 A2=F6D4C A3=108F86 A4=10F113A A5=108000 A6=4FBC2 PC=4188 -- 004188: add.b   ($30,A1), D0
D0=FFDF D1=F D2=FFF D3=FFFF D4=10404C40 D5=84418533 D6=84418533 D7=FFFF A0=3C0002 A1=101900 A2=F6D4C A3=108F86 A4=10F113A A5=108000 A6=4FBC2 PC=418C -- 00418C: lsl.w   #8, D0
D0=DF00 D1=F D2=FFF D3=FFFF D4=10404C40 D5=84418533 D6=84418533 D7=FFFF A0=3C0002 A1=101900 A2=F6D4C A3=108F86 A4=10F113A A5=108000 A6=4FBC2 PC=418E -- 00418E: tst.b   ($3,A2)
D0=DF00 D1=F D2=FFF D3=FFFF D4=10404C40 D5=84418533 D6=84418533 D7=FFFF A0=3C0002 A1=101900 A2=F6D4C A3=108F86 A4=10F113A A5=108000 A6=4FBC2 PC=4192 -- 004192: beq     $4198
D0=DF00 D1=F D2=FFF D3=FFFF D4=10404C40 D5=84418533 D6=84418533 D7=FFFF A0=3C0002 A1=101900 A2=F6D4C A3=108F86 A4=10F113A A5=108000 A6=4FBC2 PC=4194 -- 004194: move.b  #$10, D0
D0=DF10 D1=F D2=FFF D3=FFFF D4=10404C40 D5=84418533 D6=84418533 D7=FFFF A0=3C0002 A1=101900 A2=F6D4C A3=108F86 A4=10F113A A5=108000 A6=4FBC2 PC=4198 -- 004198: move.w  ($4,A2), D1
D0=DF10 D1=DCC4 D2=FFF D3=FFFF D4=10404C40 D5=84418533 D6=84418533 D7=FFFF A0=3C0002 A1=101900 A2=F6D4C A3=108F86 A4=10F113A A5=108000 A6=4FBC2 PC=419C -- 00419C: moveq   #$0, D3
D0=DF10 D1=DCC4 D2=FFF D3=0 D4=10404C40 D5=84418533 D6=84418533 D7=FFFF A0=3C0002 A1=101900 A2=F6D4C A3=108F86 A4=10F113A A5=108000 A6=4FBC2 PC=419E -- 00419E: move.b  (A2), D3
D0=DF10 D1=DCC4 D2=FFF D3=2 D4=10404C40 D5=84418533 D6=84418533 D7=FFFF A0=3C0002 A1=101900 A2=F6D4C A3=108F86 A4=10F113A A5=108000 A6=4FBC2 PC=41A0 -- 0041A0: subq.b  #1, D3
D0=DF10 D1=DCC4 D2=FFF D3=1 D4=10404C40 D5=84418533 D6=84418533 D7=FFFF A0=3C0002 A1=101900 A2=F6D4C A3=108F86 A4=10F113A A5=108000 A6=4FBC2 PC=41A2 -- 0041A2: move.w  ($790,A5), D7
D0=DF10 D1=DCC4 D2=FFF D3=1 D4=10404C40 D5=84418533 D6=84418533 D7=0 A0=3C0002 A1=101900 A2=F6D4C A3=108F86 A4=10F113A A5=108000 A6=4FBC2 PC=41A6 -- 0041A6: add.w   D7, D7
D0=DF10 D1=DCC4 D2=FFF D3=1 D4=10404C40 D5=84418533 D6=84418533 D7=0 A0=3C0002 A1=101900 A2=F6D4C A3=108F86 A4=10F113A A5=108000 A6=4FBC2 PC=41A8 -- 0041A8: add.w   D7, D7
D0=DF10 D1=DCC4 D2=FFF D3=1 D4=10404C40 D5=84418533 D6=84418533 D7=0 A0=3C0002 A1=101900 A2=F6D4C A3=108F86 A4=10F113A A5=108000 A6=4FBC2 PC=41AA -- 0041AA: movea.l ($4,PC,D7.w), A6
D0=DF10 D1=DCC4 D2=FFF D3=1 D4=10404C40 D5=84418533 D6=84418533 D7=0 A0=3C0002 A1=101900 A2=F6D4C A3=108F86 A4=10F113A A5=108000 A6=428C PC=41AE -- 0041AE: jmp     (A6)
D0=DF10 D1=DCC4 D2=FFF D3=1 D4=10404C40 D5=84418533 D6=84418533 D7=0 A0=3C0002 A1=101900 A2=F6D4C A3=108F86 A4=10F113A A5=108000 A6=428C PC=428C -- 00428C: lea     ($6,A2), A6
D0=DF10 D1=DCC4 D2=FFF D3=1 D4=10404C40 D5=84418533 D6=84418533 D7=0 A0=3C0002 A1=101900 A2=F6D4C A3=108F86 A4=10F113A A5=108000 A6=F6D52 PC=4290 -- 004290: move.w  #$1, ($2,A0)
D0=DF10 D1=DCC4 D2=FFF D3=1 D4=10404C40 D5=84418533 D6=84418533 D7=0 A0=3C0002 A1=101900 A2=F6D4C A3=108F86 A4=10F113A A5=108000 A6=F6D52 PC=4296 -- 004296: moveq   #$0, D7
D0=DF10 D1=DCC4 D2=FFF D3=1 D4=10404C40 D5=84418533 D6=84418533 D7=0 A0=3C0002 A1=101900 A2=F6D4C A3=108F86 A4=10F113A A5=108000 A6=F6D52 PC=4298 -- 004298: move.b  ($1,A2), D7
D0=DF10 D1=DCC4 D2=FFF D3=1 D4=10404C40 D5=84418533 D6=84418533 D7=2 A0=3C0002 A1=101900 A2=F6D4C A3=108F86 A4=10F113A A5=108000 A6=F6D52 PC=429C -- 00429C: subq.b  #1, D7
D0=DF10 D1=DCC4 D2=FFF D3=1 D4=10404C40 D5=84418533 D6=84418533 D7=1 A0=3C0002 A1=101900 A2=F6D4C A3=108F86 A4=10F113A A5=108000 A6=F6D52 PC=429E -- 00429E: move.w  (A6)+, D2
D0=DF10 D1=DCC4 D2=C000 D3=1 D4=10404C40 D5=84418533 D6=84418533 D7=1 A0=3C0002 A1=101900 A2=F6D4C A3=108F86 A4=10F113A A5=108000 A6=F6D54 PC=42A0 -- 0042A0: move.w  D4, (-$2,A0)
D0=DF10 D1=DCC4 D2=C000 D3=1 D4=10404C40 D5=84418533 D6=84418533 D7=1 A0=3C0002 A1=101900 A2=F6D4C A3=108F86 A4=10F113A A5=108000 A6=F6D54 PC=42A4 -- 0042A4: add.w   D2, D2
D0=DF10 D1=DCC4 D2=8000 D3=1 D4=10404C40 D5=84418533 D6=84418533 D7=1 A0=3C0002 A1=101900 A2=F6D4C A3=108F86 A4=10F113A A5=108000 A6=F6D54 PC=42A6 -- 0042A6: bcc     $42b8
D0=DF10 D1=DCC4 D2=8000 D3=1 D4=10404C40 D5=84418533 D6=84418533 D7=1 A0=3C0002 A1=101900 A2=F6D4C A3=108F86 A4=10F113A A5=108000 A6=F6D54 PC=42A8 -- 0042A8: move.w  D1, (A0)
D0=DF10 D1=DCC4 D2=8000 D3=1 D4=10404C40 D5=84418533 D6=84418533 D7=1 A0=3C0002 A1=101900 A2=F6D4C A3=108F86 A4=10F113A A5=108000 A6=F6D54 PC=42AA -- 0042AA: nop
D0=DF10 D1=DCC4 D2=8000 D3=1 D4=10404C40 D5=84418533 D6=84418533 D7=1 A0=3C0002 A1=101900 A2=F6D4C A3=108F86 A4=10F113A A5=108000 A6=F6D54 PC=42AC -- 0042AC: move.w  D0, (A0)
D0=DF10 D1=DCC4 D2=8000 D3=1 D4=10404C40 D5=84418533 D6=84418533 D7=1 A0=3C0002 A1=101900 A2=F6D4C A3=108F86 A4=10F113A A5=108000 A6=F6D54 PC=42AE -- 0042AE: addq.w  #1, D1
D0=DF10 D1=DCC5 D2=8000 D3=1 D4=10404C40 D5=84418533 D6=84418533 D7=1 A0=3C0002 A1=101900 A2=F6D4C A3=108F86 A4=10F113A A5=108000 A6=F6D54 PC=42B0 -- 0042B0: bcc     $42c0
D0=DF10 D1=DCC5 D2=8000 D3=1 D4=10404C40 D5=84418533 D6=84418533 D7=1 A0=3C0002 A1=101900 A2=F6D4C A3=108F86 A4=10F113A A5=108000 A6=F6D54 PC=42C0 -- 0042C0: dbra    D7, $42a4
D0=DF10 D1=DCC5 D2=8000 D3=1 D4=10404C40 D5=84418533 D6=84418533 D7=0 A0=3C0002 A1=101900 A2=F6D4C A3=108F86 A4=10F113A A5=108000 A6=F6D54 PC=42A4 -- 0042A4: add.w   D2, D2
D0=DF10 D1=DCC5 D2=0 D3=1 D4=10404C40 D5=84418533 D6=84418533 D7=0 A0=3C0002 A1=101900 A2=F6D4C A3=108F86 A4=10F113A A5=108000 A6=F6D54 PC=42A6 -- 0042A6: bcc     $42b8
D0=DF10 D1=DCC5 D2=0 D3=1 D4=10404C40 D5=84418533 D6=84418533 D7=0 A0=3C0002 A1=101900 A2=F6D4C A3=108F86 A4=10F113A A5=108000 A6=F6D54 PC=42A8 -- 0042A8: move.w  D1, (A0)
D0=DF10 D1=DCC5 D2=0 D3=1 D4=10404C40 D5=84418533 D6=84418533 D7=0 A0=3C0002 A1=101900 A2=F6D4C A3=108F86 A4=10F113A A5=108000 A6=F6D54 PC=42AA -- 0042AA: nop
D0=DF10 D1=DCC5 D2=0 D3=1 D4=10404C40 D5=84418533 D6=84418533 D7=0 A0=3C0002 A1=101900 A2=F6D4C A3=108F86 A4=10F113A A5=108000 A6=F6D54 PC=42AC -- 0042AC: move.w  D0, (A0)
D0=DF10 D1=DCC5 D2=0 D3=1 D4=10404C40 D5=84418533 D6=84418533 D7=0 A0=3C0002 A1=101900 A2=F6D4C A3=108F86 A4=10F113A A5=108000 A6=F6D54 PC=42AE -- 0042AE: addq.w  #1, D1
D0=DF10 D1=DCC6 D2=0 D3=1 D4=10404C40 D5=84418533 D6=84418533 D7=0 A0=3C0002 A1=101900 A2=F6D4C A3=108F86 A4=10F113A A5=108000 A6=F6D54 PC=42B0 -- 0042B0: bcc     $42c0
D0=DF10 D1=DCC6 D2=0 D3=1 D4=10404C40 D5=84418533 D6=84418533 D7=0 A0=3C0002 A1=101900 A2=F6D4C A3=108F86 A4=10F113A A5=108000 A6=F6D54 PC=42C0 -- 0042C0: dbra    D7, $42a4
D0=DF10 D1=DCC6 D2=0 D3=1 D4=10404C40 D5=84418533 D6=84418533 D7=FFFF A0=3C0002 A1=101900 A2=F6D4C A3=108F86 A4=10F113A A5=108000 A6=F6D54 PC=42C4 -- 0042C4: bsr     $47c0
D0=DF10 D1=DCC6 D2=0 D3=1 D4=10404C40 D5=84418533 D6=84418533 D7=FFFF A0=3C0002 A1=101900 A2=F6D4C A3=108F86 A4=10F113A A5=108000 A6=F6D54 PC=47C0 -- 0047C0: tst.b   ($78f,A5)
D0=DF10 D1=DCC6 D2=0 D3=1 D4=10404C40 D5=84418533 D6=84418533 D7=FFFF A0=3C0002 A1=101900 A2=F6D4C A3=108F86 A4=10F113A A5=108000 A6=F6D54 PC=47C4 -- 0047C4: bpl     $47c8
D0=DF10 D1=DCC6 D2=0 D3=1 D4=10404C40 D5=84418533 D6=84418533 D7=FFFF A0=3C0002 A1=101900 A2=F6D4C A3=108F86 A4=10F113A A5=108000 A6=F6D54 PC=47C6 -- 0047C6: rts
D0=DF10 D1=DCC6 D2=0 D3=1 D4=10404C40 D5=84418533 D6=84418533 D7=FFFF A0=3C0002 A1=101900 A2=F6D4C A3=108F86 A4=10F113A A5=108000 A6=F6D54 PC=42C8 -- 0042C8: addi.w  #$40, D4
D0=DF10 D1=DCC6 D2=0 D3=1 D4=10404C80 D5=84418533 D6=84418533 D7=FFFF A0=3C0002 A1=101900 A2=F6D4C A3=108F86 A4=10F113A A5=108000 A6=F6D54 PC=42CC -- 0042CC: dbra    D3, $4296
D0=DF10 D1=DCC6 D2=0 D3=0 D4=10404C80 D5=84418533 D6=84418533 D7=FFFF A0=3C0002 A1=101900 A2=F6D4C A3=108F86 A4=10F113A A5=108000 A6=F6D54 PC=4296 -- 004296: moveq   #$0, D7
D0=DF10 D1=DCC6 D2=0 D3=0 D4=10404C80 D5=84418533 D6=84418533 D7=0 A0=3C0002 A1=101900 A2=F6D4C A3=108F86 A4=10F113A A5=108000 A6=F6D54 PC=4298 -- 004298: move.b  ($1,A2), D7
D0=DF10 D1=DCC6 D2=0 D3=0 D4=10404C80 D5=84418533 D6=84418533 D7=2 A0=3C0002 A1=101900 A2=F6D4C A3=108F86 A4=10F113A A5=108000 A6=F6D54 PC=429C -- 00429C: subq.b  #1, D7
D0=DF10 D1=DCC6 D2=0 D3=0 D4=10404C80 D5=84418533 D6=84418533 D7=1 A0=3C0002 A1=101900 A2=F6D4C A3=108F86 A4=10F113A A5=108000 A6=F6D54 PC=429E -- 00429E: move.w  (A6)+, D2
D0=DF10 D1=DCC6 D2=C000 D3=0 D4=10404C80 D5=84418533 D6=84418533 D7=1 A0=3C0002 A1=101900 A2=F6D4C A3=108F86 A4=10F113A A5=108000 A6=F6D56 PC=42A0 -- 0042A0: move.w  D4, (-$2,A0)

   (loops for 16 instructions)

D0=DF10 D1=DCC8 D2=0 D3=0 D4=10404C80 D5=84418533 D6=84418533 D7=FFFF A0=3C0002 A1=101900 A2=F6D4C A3=108F86 A4=10F113A A5=108000 A6=F6D56 PC=42C4 -- 0042C4: bsr     $47c0
D0=DF10 D1=DCC8 D2=0 D3=0 D4=10404C80 D5=84418533 D6=84418533 D7=FFFF A0=3C0002 A1=101900 A2=F6D4C A3=108F86 A4=10F113A A5=108000 A6=F6D56 PC=47C0 -- 0047C0: tst.b   ($78f,A5)
D0=DF10 D1=DCC8 D2=0 D3=0 D4=10404C80 D5=84418533 D6=84418533 D7=FFFF A0=3C0002 A1=101900 A2=F6D4C A3=108F86 A4=10F113A A5=108000 A6=F6D56 PC=47C4 -- 0047C4: bpl     $47c8
D0=DF10 D1=DCC8 D2=0 D3=0 D4=10404C80 D5=84418533 D6=84418533 D7=FFFF A0=3C0002 A1=101900 A2=F6D4C A3=108F86 A4=10F113A A5=108000 A6=F6D56 PC=47C6 -- 0047C6: rts
D0=DF10 D1=DCC8 D2=0 D3=0 D4=10404C80 D5=84418533 D6=84418533 D7=FFFF A0=3C0002 A1=101900 A2=F6D4C A3=108F86 A4=10F113A A5=108000 A6=F6D56 PC=42C8 -- 0042C8: addi.w  #$40, D4
D0=DF10 D1=DCC8 D2=0 D3=0 D4=10404CC0 D5=84418533 D6=84418533 D7=FFFF A0=3C0002 A1=101900 A2=F6D4C A3=108F86 A4=10F113A A5=108000 A6=F6D56 PC=42CC -- 0042CC: dbra    D3, $4296
D0=DF10 D1=DCC8 D2=0 D3=FFFF D4=10404CC0 D5=84418533 D6=84418533 D7=FFFF A0=3C0002 A1=101900 A2=F6D4C A3=108F86 A4=10F113A A5=108000 A6=F6D56 PC=42D0 -- 0042D0: rts
D0=DF10 D1=DCC8 D2=0 D3=FFFF D4=10404CC0 D5=84418533 D6=84418533 D7=FFFF A0=3C0002 A1=101900 A2=F6D4C A3=108F86 A4=10F113A A5=108000 A6=F6D56 PC=4016 -- 004016: bra     $401c
D0=DF10 D1=DCC8 D2=0 D3=FFFF D4=10404CC0 D5=84418533 D6=84418533 D7=FFFF A0=3C0002 A1=101900 A2=F6D4C A3=108F86 A4=10F113A A5=108000 A6=F6D56 PC=401C -- 00401C: movea.l (A7)+, A6
D0=DF10 D1=DCC8 D2=0 D3=FFFF D4=10404CC0 D5=84418533 D6=84418533 D7=FFFF A0=3C0002 A1=101900 A2=F6D4C A3=108F86 A4=10F113A A5=108000 A6=108E3C PC=401E -- 00401E: btst    #$5, ($4,A4)
D0=DF10 D1=DCC8 D2=0 D3=FFFF D4=10404CC0 D5=84418533 D6=84418533 D7=FFFF A0=3C0002 A1=101900 A2=F6D4C A3=108F86 A4=10F113A A5=108000 A6=108E3C PC=4024 -- 004024: beq     $4056
D0=DF10 D1=DCC8 D2=0 D3=FFFF D4=10404CC0 D5=84418533 D6=84418533 D7=FFFF A0=3C0002 A1=101900 A2=F6D4C A3=108F86 A4=10F113A A5=108000 A6=108E3C PC=4056 -- 004056: tst.b   ($7c,A1)
D0=DF10 D1=DCC8 D2=0 D3=FFFF D4=10404CC0 D5=84418533 D6=84418533 D7=FFFF A0=3C0002 A1=101900 A2=F6D4C A3=108F86 A4=10F113A A5=108000 A6=108E3C PC=405A -- 00405A: bpl     $4064
D0=DF10 D1=DCC8 D2=0 D3=FFFF D4=10404CC0 D5=84418533 D6=84418533 D7=FFFF A0=3C0002 A1=101900 A2=F6D4C A3=108F86 A4=10F113A A5=108000 A6=108E3C PC=4064 -- 004064: movea.l (A7)+, A0
D0=DF10 D1=DCC8 D2=0 D3=FFFF D4=10404CC0 D5=84418533 D6=84418533 D7=FFFF A0=108922 A1=101900 A2=F6D4C A3=108F86 A4=10F113A A5=108000 A6=108E3C PC=4066 -- 004066: subq.w  #1, ($e3a,A5)
D0=DF10 D1=DCC8 D2=0 D3=FFFF D4=10404CC0 D5=84418533 D6=84418533 D7=FFFF A0=108922 A1=101900 A2=F6D4C A3=108F86 A4=10F113A A5=108000 A6=108E3C PC=406A -- 00406A: bne     $3f32
D0=DF10 D1=DCC8 D2=0 D3=FFFF D4=10404CC0 D5=84418533 D6=84418533 D7=FFFF A0=108922 A1=101900 A2=F6D4C A3=108F86 A4=10F113A A5=108000 A6=108E3C PC=3F32 -- 003F32: move.w  (A0)+, D0
D0=1B00 D1=DCC8 D2=0 D3=FFFF D4=10404CC0 D5=84418533 D6=84418533 D7=FFFF A0=108924 A1=101900 A2=F6D4C A3=108F86 A4=10F113A A5=108000 A6=108E3C PC=3F34 -- 003F34: beq     $3f32
D0=1B00 D1=DCC8 D2=0 D3=FFFF D4=10404CC0 D5=84418533 D6=84418533 D7=FFFF A0=108924 A1=101900 A2=F6D4C A3=108F86 A4=10F113A A5=108000 A6=108E3C PC=3F36 -- 003F36: clr.w   (-$2,A0)
D0=1B00 D1=DCC8 D2=0 D3=FFFF D4=10404CC0 D5=84418533 D6=84418533 D7=FFFF A0=108924 A1=101900 A2=F6D4C A3=108F86 A4=10F113A A5=108000 A6=108E3C PC=3F3A -- 003F3A: move.l  A5, D1
D0=1B00 D1=108000 D2=0 D3=FFFF D4=10404CC0 D5=84418533 D6=84418533 D7=FFFF A0=108924 A1=101900 A2=F6D4C A3=108F86 A4=10F113A A5=108000 A6=108E3C PC=3F3C -- 003F3C: move.w  D0, D1
D0=1B00 D1=101B00 D2=0 D3=FFFF D4=10404CC0 D5=84418533 D6=84418533 D7=FFFF A0=108924 A1=101900 A2=F6D4C A3=108F86 A4=10F113A A5=108000 A6=108E3C PC=3F3E -- 003F3E: movea.l D1, A1
D0=1B00 D1=101B00 D2=0 D3=FFFF D4=10404CC0 D5=84418533 D6=84418533 D7=FFFF A0=108924 A1=101B00 A2=F6D4C A3=108F86 A4=10F113A A5=108000 A6=108E3C PC=3F40 -- 003F40: movea.l ($28,A1), A2
D0=1B00 D1=101B00 D2=0 D3=FFFF D4=10404CC0 D5=84418533 D6=84418533 D7=FFFF A0=108924 A1=101B00 A2=F6D42 A3=108F86 A4=10F113A A5=108000 A6=108E3C PC=3F44 -- 003F44: lea     $7bf48.l, A4
D0=1B00 D1=101B00 D2=0 D3=FFFF D4=10404CC0 D5=84418533 D6=84418533 D7=FFFF A0=108924 A1=101B00 A2=F6D42 A3=108F86 A4=7BF48 A5=108000 A6=108E3C PC=3F4A -- 003F4A: move.w  ($70,A1), D0
D0=1B D1=101B00 D2=0 D3=FFFF D4=10404CC0 D5=84418533 D6=84418533 D7=FFFF A0=108924 A1=101B00 A2=F6D42 A3=108F86 A4=7BF48 A5=108000 A6=108E3C PC=3F4E -- 003F4E: add.w   D0, D0
D0=36 D1=101B00 D2=0 D3=FFFF D4=10404CC0 D5=84418533 D6=84418533 D7=FFFF A0=108924 A1=101B00 A2=F6D42 A3=108F86 A4=7BF48 A5=108000 A6=108E3C PC=3F50 -- 003F50: add.w   D0, D0
D0=6C D1=101B00 D2=0 D3=FFFF D4=10404CC0 D5=84418533 D6=84418533 D7=FFFF A0=108924 A1=101B00 A2=F6D42 A3=108F86 A4=7BF48 A5=108000 A6=108E3C PC=3F52 -- 003F52: movea.l (A4,D0.w), A4
D0=6C D1=101B00 D2=0 D3=FFFF D4=10404CC0 D5=84418533 D6=84418533 D7=FFFF A0=108924 A1=101B00 A2=F6D42 A3=108F86 A4=7F5E0 A5=108000 A6=108E3C PC=3F56 -- 003F56: move.w  ($72,A1), D0
D0=3E D1=101B00 D2=0 D3=FFFF D4=10404CC0 D5=84418533 D6=84418533 D7=FFFF A0=108924 A1=101B00 A2=F6D42 A3=108F86 A4=7F5E0 A5=108000 A6=108E3C PC=3F5A -- 003F5A: add.w   D0, D0
D0=7C D1=101B00 D2=0 D3=FFFF D4=10404CC0 D5=84418533 D6=84418533 D7=FFFF A0=108924 A1=101B00 A2=F6D42 A3=108F86 A4=7F5E0 A5=108000 A6=108E3C PC=3F5C -- 003F5C: move.w  (A4,D0.w), ($46de,A5)
D0=7C D1=101B00 D2=0 D3=FFFF D4=10404CC0 D5=84418533 D6=84418533 D7=FFFF A0=108924 A1=101B00 A2=F6D42 A3=108F86 A4=7F5E0 A5=108000 A6=108E3C PC=3F62 -- 003F62: lea     $80000.l, A4
D0=7C D1=101B00 D2=0 D3=FFFF D4=10404CC0 D5=84418533 D6=84418533 D7=FFFF A0=108924 A1=101B00 A2=F6D42 A3=108F86 A4=80000 A5=108000 A6=108E3C PC=3F68 -- 003F68: move.w  ($70,A1), D0
D0=1B D1=101B00 D2=0 D3=FFFF D4=10404CC0 D5=84418533 D6=84418533 D7=FFFF A0=108924 A1=101B00 A2=F6D42 A3=108F86 A4=80000 A5=108000 A6=108E3C PC=3F6C -- 003F6C: add.w   D0, D0
D0=36 D1=101B00 D2=0 D3=FFFF D4=10404CC0 D5=84418533 D6=84418533 D7=FFFF A0=108924 A1=101B00 A2=F6D42 A3=108F86 A4=80000 A5=108000 A6=108E3C PC=3F6E -- 003F6E: add.w   D0, D0
D0=6C D1=101B00 D2=0 D3=FFFF D4=10404CC0 D5=84418533 D6=84418533 D7=FFFF A0=108924 A1=101B00 A2=F6D42 A3=108F86 A4=80000 A5=108000 A6=108E3C PC=3F70 -- 003F70: movea.l (A4,D0.w), A4
D0=6C D1=101B00 D2=0 D3=FFFF D4=10404CC0 D5=84418533 D6=84418533 D7=FFFF A0=108924 A1=101B00 A2=F6D42 A3=108F86 A4=86E00 A5=108000 A6=108E3C PC=3F74 -- 003F74: move.w  ($46de,A5), D0
D0=3E3E D1=101B00 D2=0 D3=FFFF D4=10404CC0 D5=84418533 D6=84418533 D7=FFFF A0=108924 A1=101B00 A2=F6D42 A3=108F86 A4=86E00 A5=108000 A6=108E3C PC=3F78 -- 003F78: tst.b   ($46e2,A5)
D0=3E3E D1=101B00 D2=0 D3=FFFF D4=10404CC0 D5=84418533 D6=84418533 D7=FFFF A0=108924 A1=101B00 A2=F6D42 A3=108F86 A4=86E00 A5=108000 A6=108E3C PC=3F7C -- 003F7C: beq     $3f82
D0=3E3E D1=101B00 D2=0 D3=FFFF D4=10404CC0 D5=84418533 D6=84418533 D7=FFFF A0=108924 A1=101B00 A2=F6D42 A3=108F86 A4=86E00 A5=108000 A6=108E3C PC=3F82 -- 003F82: andi.w  #$ff, D0
D0=3E D1=101B00 D2=0 D3=FFFF D4=10404CC0 D5=84418533 D6=84418533 D7=FFFF A0=108924 A1=101B00 A2=F6D42 A3=108F86 A4=86E00 A5=108000 A6=108E3C PC=3F86 -- 003F86: add.w   D0, D0
D0=7C D1=101B00 D2=0 D3=FFFF D4=10404CC0 D5=84418533 D6=84418533 D7=FFFF A0=108924 A1=101B00 A2=F6D42 A3=108F86 A4=86E00 A5=108000 A6=108E3C PC=3F88 -- 003F88: add.w   D0, D0
D0=F8 D1=101B00 D2=0 D3=FFFF D4=10404CC0 D5=84418533 D6=84418533 D7=FFFF A0=108924 A1=101B00 A2=F6D42 A3=108F86 A4=86E00 A5=108000 A6=108E3C PC=3F8A -- 003F8A: movea.l (A4,D0.w), A4
D0=F8 D1=101B00 D2=0 D3=FFFF D4=10404CC0 D5=84418533 D6=84418533 D7=FFFF A0=108924 A1=101B00 A2=F6D42 A3=108F86 A4=F3142 A5=108000 A6=108E3C PC=3F8E -- 003F8E: move.w  ($74,A1), D0
D0=0 D1=101B00 D2=0 D3=FFFF D4=10404CC0 D5=84418533 D6=84418533 D7=FFFF A0=108924 A1=101B00 A2=F6D42 A3=108F86 A4=F3142 A5=108000 A6=108E3C PC=3F92 -- 003F92: adda.w  D0, A4
D0=0 D1=101B00 D2=0 D3=FFFF D4=10404CC0 D5=84418533 D6=84418533 D7=FFFF A0=108924 A1=101B00 A2=F6D42 A3=108F86 A4=F3142 A5=108000 A6=108E3C PC=3F94 -- 003F94: move.l  (A4), D0
D0=10F1134 D1=101B00 D2=0 D3=FFFF D4=10404CC0 D5=84418533 D6=84418533 D7=FFFF A0=108924 A1=101B00 A2=F6D42 A3=108F86 A4=F3142 A5=108000 A6=108E3C PC=3F96 -- 003F96: movea.l D0, A4
D0=10F1134 D1=101B00 D2=0 D3=FFFF D4=10404CC0 D5=84418533 D6=84418533 D7=FFFF A0=108924 A1=101B00 A2=F6D42 A3=108F86 A4=10F1134 A5=108000 A6=108E3C PC=3F98 -- 003F98: move.l  A0, -(A7)
D0=10F1134 D1=101B00 D2=0 D3=FFFF D4=10404CC0 D5=84418533 D6=84418533 D7=FFFF A0=108924 A1=101B00 A2=F6D42 A3=108F86 A4=10F1134 A5=108000 A6=108E3C PC=3F9A -- 003F9A: lea     $3c0002.l, A0
D0=10F1134 D1=101B00 D2=0 D3=FFFF D4=10404CC0 D5=84418533 D6=84418533 D7=FFFF A0=3C0002 A1=101B00 A2=F6D42 A3=108F86 A4=10F1134 A5=108000 A6=108E3C PC=3FA0 -- 003FA0: tst.b   ($7c,A1)
D0=10F1134 D1=101B00 D2=0 D3=FFFF D4=10404CC0 D5=84418533 D6=84418533 D7=FFFF A0=3C0002 A1=101B00 A2=F6D42 A3=108F86 A4=10F1134 A5=108000 A6=108E3C PC=3FA4 -- 003FA4: bpl     $3fc0
D0=10F1134 D1=101B00 D2=0 D3=FFFF D4=10404CC0 D5=84418533 D6=84418533 D7=FFFF A0=3C0002 A1=101B00 A2=F6D42 A3=108F86 A4=10F1134 A5=108000 A6=108E3C PC=3FC0 -- 003FC0: moveq   #$0, D0
D0=0 D1=101B00 D2=0 D3=FFFF D4=10404CC0 D5=84418533 D6=84418533 D7=FFFF A0=3C0002 A1=101B00 A2=F6D42 A3=108F86 A4=10F1134 A5=108000 A6=108E3C PC=3FC2 -- 003FC2: move.b  (A2), D0
D0=2 D1=101B00 D2=0 D3=FFFF D4=10404CC0 D5=84418533 D6=84418533 D7=FFFF A0=3C0002 A1=101B00 A2=F6D42 A3=108F86 A4=10F1134 A5=108000 A6=108E3C PC=3FC4 -- 003FC4: sub.w   D0, ($794,A5)
D0=2 D1=101B00 D2=0 D3=FFFF D4=10404CC0 D5=84418533 D6=84418533 D7=FFFF A0=3C0002 A1=101B00 A2=F6D42 A3=108F86 A4=10F1134 A5=108000 A6=108E3C PC=3FC8 -- 003FC8: bcc     $3fd2
D0=2 D1=101B00 D2=0 D3=FFFF D4=10404CC0 D5=84418533 D6=84418533 D7=FFFF A0=3C0002 A1=101B00 A2=F6D42 A3=108F86 A4=10F1134 A5=108000 A6=108E3C PC=3FD2 -- 003FD2: move.l  A6, -(A7)
D0=2 D1=101B00 D2=0 D3=FFFF D4=10404CC0 D5=84418533 D6=84418533 D7=FFFF A0=3C0002 A1=101B00 A2=F6D42 A3=108F86 A4=10F1134 A5=108000 A6=108E3C PC=3FD4 -- 003FD4: btst    #$6, ($7c,A1)
D0=2 D1=101B00 D2=0 D3=FFFF D4=10404CC0 D5=84418533 D6=84418533 D7=FFFF A0=3C0002 A1=101B00 A2=F6D42 A3=108F86 A4=10F1134 A5=108000 A6=108E3C PC=3FDA -- 003FDA: bne     $400c
D0=2 D1=101B00 D2=0 D3=FFFF D4=10404CC0 D5=84418533 D6=84418533 D7=FFFF A0=3C0002 A1=101B00 A2=F6D42 A3=108F86 A4=10F1134 A5=108000 A6=108E3C PC=3FDE -- 003FDE: moveq   #$0, D1
D0=2 D1=0 D2=0 D3=FFFF D4=10404CC0 D5=84418533 D6=84418533 D7=FFFF A0=3C0002 A1=101B00 A2=F6D42 A3=108F86 A4=10F1134 A5=108000 A6=108E3C PC=3FE0 -- 003FE0: move.b  ($82,A1), D1
D0=2 D1=0 D2=0 D3=FFFF D4=10404CC0 D5=84418533 D6=84418533 D7=FFFF A0=3C0002 A1=101B00 A2=F6D42 A3=108F86 A4=10F1134 A5=108000 A6=108E3C PC=3FE4 -- 003FE4: add.w   D1, D1
D0=2 D1=0 D2=0 D3=FFFF D4=10404CC0 D5=84418533 D6=84418533 D7=FFFF A0=3C0002 A1=101B00 A2=F6D42 A3=108F86 A4=10F1134 A5=108000 A6=108E3C PC=3FE6 -- 003FE6: add.w   D1, D1
D0=2 D1=0 D2=0 D3=FFFF D4=10404CC0 D5=84418533 D6=84418533 D7=FFFF A0=3C0002 A1=101B00 A2=F6D42 A3=108F86 A4=10F1134 A5=108000 A6=108E3C PC=3FE8 -- 003FE8: move.w  ($18,A1), D0
D0=90 D1=0 D2=0 D3=FFFF D4=10404CC0 D5=84418533 D6=84418533 D7=FFFF A0=3C0002 A1=101B00 A2=F6D42 A3=108F86 A4=10F1134 A5=108000 A6=108E3C PC=3FEC -- 003FEC: lea     ($104c,A5), A6
D0=90 D1=0 D2=0 D3=FFFF D4=10404CC0 D5=84418533 D6=84418533 D7=FFFF A0=3C0002 A1=101B00 A2=F6D42 A3=108F86 A4=10F1134 A5=108000 A6=10904C PC=3FF0 -- 003FF0: sub.w   (A6,D1.w), D0
D0=90 D1=0 D2=0 D3=FFFF D4=10404CC0 D5=84418533 D6=84418533 D7=FFFF A0=3C0002 A1=101B00 A2=F6D42 A3=108F86 A4=10F1134 A5=108000 A6=10904C PC=3FF4 -- 003FF4: move.w  D0, ($24,A1)
D0=90 D1=0 D2=0 D3=FFFF D4=10404CC0 D5=84418533 D6=84418533 D7=FFFF A0=3C0002 A1=101B00 A2=F6D42 A3=108F86 A4=10F1134 A5=108000 A6=10904C PC=3FF8 -- 003FF8: move.w  ($1c,A1), D0
D0=C8 D1=0 D2=0 D3=FFFF D4=10404CC0 D5=84418533 D6=84418533 D7=FFFF A0=3C0002 A1=101B00 A2=F6D42 A3=108F86 A4=10F1134 A5=108000 A6=10904C PC=3FFC -- 003FFC: sub.w   ($20,A1), D0
D0=C8 D1=0 D2=0 D3=FFFF D4=10404CC0 D5=84418533 D6=84418533 D7=FFFF A0=3C0002 A1=101B00 A2=F6D42 A3=108F86 A4=10F1134 A5=108000 A6=10904C PC=4000 -- 004000: lea     ($1058,A5), A6
D0=C8 D1=0 D2=0 D3=FFFF D4=10404CC0 D5=84418533 D6=84418533 D7=FFFF A0=3C0002 A1=101B00 A2=F6D42 A3=108F86 A4=10F1134 A5=108000 A6=109058 PC=4004 -- 004004: sub.w   (A6,D1.w), D0
D0=C8 D1=0 D2=0 D3=FFFF D4=10404CC0 D5=84418533 D6=84418533 D7=FFFF A0=3C0002 A1=101B00 A2=F6D42 A3=108F86 A4=10F1134 A5=108000 A6=109058 PC=4008 -- 004008: move.w  D0, ($26,A1)
D0=C8 D1=0 D2=0 D3=FFFF D4=10404CC0 D5=84418533 D6=84418533 D7=FFFF A0=3C0002 A1=101B00 A2=F6D42 A3=108F86 A4=10F1134 A5=108000 A6=109058 PC=400C -- 00400C: tst.b   ($3a66,A5)
D0=C8 D1=0 D2=0 D3=FFFF D4=10404CC0 D5=84418533 D6=84418533 D7=FFFF A0=3C0002 A1=101B00 A2=F6D42 A3=108F86 A4=10F1134 A5=108000 A6=109058 PC=4010 -- 004010: bmi     $4018
D0=C8 D1=0 D2=0 D3=FFFF D4=10404CC0 D5=84418533 D6=84418533 D7=FFFF A0=3C0002 A1=101B00 A2=F6D42 A3=108F86 A4=10F1134 A5=108000 A6=109058 PC=4012 -- 004012: bsr     $4088
D0=C8 D1=0 D2=0 D3=FFFF D4=10404CC0 D5=84418533 D6=84418533 D7=FFFF A0=3C0002 A1=101B00 A2=F6D42 A3=108F86 A4=10F1134 A5=108000 A6=109058 PC=4088 -- 004088: move.w  (A4), D0
D0=30 D1=0 D2=0 D3=FFFF D4=10404CC0 D5=84418533 D6=84418533 D7=FFFF A0=3C0002 A1=101B00 A2=F6D42 A3=108F86 A4=10F1134 A5=108000 A6=109058 PC=408A -- 00408A: move.b  ($31,A1), D1
D0=30 D1=0 D2=0 D3=FFFF D4=10404CC0 D5=84418533 D6=84418533 D7=FFFF A0=3C0002 A1=101B00 A2=F6D42 A3=108F86 A4=10F1134 A5=108000 A6=109058 PC=408E -- 00408E: move.b  ($4,A4), D2
D0=30 D1=0 D2=0 D3=FFFF D4=10404CC0 D5=84418533 D6=84418533 D7=FFFF A0=3C0002 A1=101B00 A2=F6D42 A3=108F86 A4=10F1134 A5=108000 A6=109058 PC=4092 -- 004092: rol.b   #2, D2
D0=30 D1=0 D2=0 D3=FFFF D4=10404CC0 D5=84418533 D6=84418533 D7=FFFF A0=3C0002 A1=101B00 A2=F6D42 A3=108F86 A4=10F1134 A5=108000 A6=109058 PC=4094 -- 004094: eor.w   D2, D1
D0=30 D1=0 D2=0 D3=FFFF D4=10404CC0 D5=84418533 D6=84418533 D7=FFFF A0=3C0002 A1=101B00 A2=F6D42 A3=108F86 A4=10F1134 A5=108000 A6=109058 PC=4096 -- 004096: andi.w  #$3, D1
D0=30 D1=0 D2=0 D3=FFFF D4=10404CC0 D5=84418533 D6=84418533 D7=FFFF A0=3C0002 A1=101B00 A2=F6D42 A3=108F86 A4=10F1134 A5=108000 A6=109058 PC=409A -- 00409A: move.w  D1, ($790,A5)
D0=30 D1=0 D2=0 D3=FFFF D4=10404CC0 D5=84418533 D6=84418533 D7=FFFF A0=3C0002 A1=101B00 A2=F6D42 A3=108F86 A4=10F1134 A5=108000 A6=109058 PC=409E -- 00409E: andi.w  #$1, D1
D0=30 D1=0 D2=0 D3=FFFF D4=10404CC0 D5=84418533 D6=84418533 D7=FFFF A0=3C0002 A1=101B00 A2=F6D42 A3=108F86 A4=10F1134 A5=108000 A6=109058 PC=40A2 -- 0040A2: beq     $40ae
D0=30 D1=0 D2=0 D3=FFFF D4=10404CC0 D5=84418533 D6=84418533 D7=FFFF A0=3C0002 A1=101B00 A2=F6D42 A3=108F86 A4=10F1134 A5=108000 A6=109058 PC=40AE -- 0040AE: moveq   #$0, D1
D0=30 D1=0 D2=0 D3=FFFF D4=10404CC0 D5=84418533 D6=84418533 D7=FFFF A0=3C0002 A1=101B00 A2=F6D42 A3=108F86 A4=10F1134 A5=108000 A6=109058 PC=40B0 -- 0040B0: move.b  ($68,A1), D1
D0=30 D1=FF D2=0 D3=FFFF D4=10404CC0 D5=84418533 D6=84418533 D7=FFFF A0=3C0002 A1=101B00 A2=F6D42 A3=108F86 A4=10F1134 A5=108000 A6=109058 PC=40B4 -- 0040B4: addq.w  #1, D1
D0=30 D1=100 D2=0 D3=FFFF D4=10404CC0 D5=84418533 D6=84418533 D7=FFFF A0=3C0002 A1=101B00 A2=F6D42 A3=108F86 A4=10F1134 A5=108000 A6=109058 PC=40B6 -- 0040B6: muls.w  D1, D0
D0=3000 D1=100 D2=0 D3=FFFF D4=10404CC0 D5=84418533 D6=84418533 D7=FFFF A0=3C0002 A1=101B00 A2=F6D42 A3=108F86 A4=10F1134 A5=108000 A6=109058 PC=40B8 -- 0040B8: lsr.l   #8, D0
D0=30 D1=100 D2=0 D3=FFFF D4=10404CC0 D5=84418533 D6=84418533 D7=FFFF A0=3C0002 A1=101B00 A2=F6D42 A3=108F86 A4=10F1134 A5=108000 A6=109058 PC=40BA -- 0040BA: add.w   ($24,A1), D0
D0=C0 D1=100 D2=0 D3=FFFF D4=10404CC0 D5=84418533 D6=84418533 D7=FFFF A0=3C0002 A1=101B00 A2=F6D42 A3=108F86 A4=10F1134 A5=108000 A6=109058 PC=40BE -- 0040BE: lsl.w   #7, D0
D0=6000 D1=100 D2=0 D3=FFFF D4=10404CC0 D5=84418533 D6=84418533 D7=FFFF A0=3C0002 A1=101B00 A2=F6D42 A3=108F86 A4=10F1134 A5=108000 A6=109058 PC=40C0 -- 0040C0: move.w  D6, (-$2,A0)
D0=6000 D1=100 D2=0 D3=FFFF D4=10404CC0 D5=84418533 D6=84418533 D7=FFFF A0=3C0002 A1=101B00 A2=F6D42 A3=108F86 A4=10F1134 A5=108000 A6=109058 PC=40C4 -- 0040C4: move.w  D0, (A0)
D0=6000 D1=100 D2=0 D3=FFFF D4=10404CC0 D5=84418533 D6=84418533 D7=FFFF A0=3C0002 A1=101B00 A2=F6D42 A3=108F86 A4=10F1134 A5=108000 A6=109058 PC=40C6 -- 0040C6: moveq   #$0, D0
D0=0 D1=100 D2=0 D3=FFFF D4=10404CC0 D5=84418533 D6=84418533 D7=FFFF A0=3C0002 A1=101B00 A2=F6D42 A3=108F86 A4=10F1134 A5=108000 A6=109058 PC=40C8 -- 0040C8: move.b  (A2), D0
D0=2 D1=100 D2=0 D3=FFFF D4=10404CC0 D5=84418533 D6=84418533 D7=FFFF A0=3C0002 A1=101B00 A2=F6D42 A3=108F86 A4=10F1134 A5=108000 A6=109058 PC=40CA -- 0040CA: add.w   D0, D6
D0=2 D1=100 D2=0 D3=FFFF D4=10404CC0 D5=84418535 D6=84418535 D7=FFFF A0=3C0002 A1=101B00 A2=F6D42 A3=108F86 A4=10F1134 A5=108000 A6=109058 PC=40CC -- 0040CC: move.w  ($2,A4), D0
D0=FFF7 D1=100 D2=0 D3=FFFF D4=10404CC0 D5=84418535 D6=84418535 D7=FFFF A0=3C0002 A1=101B00 A2=F6D42 A3=108F86 A4=10F1134 A5=108000 A6=109058 PC=40D0 -- 0040D0: btst    #$1, ($791,A5)
D0=FFF7 D1=100 D2=0 D3=FFFF D4=10404CC0 D5=84418535 D6=84418535 D7=FFFF A0=3C0002 A1=101B00 A2=F6D42 A3=108F86 A4=10F1134 A5=108000 A6=109058 PC=40D6 -- 0040D6: beq     $40e4
D0=FFF7 D1=100 D2=0 D3=FFFF D4=10404CC0 D5=84418535 D6=84418535 D7=FFFF A0=3C0002 A1=101B00 A2=F6D42 A3=108F86 A4=10F1134 A5=108000 A6=109058 PC=40E4 -- 0040E4: moveq   #$0, D1
D0=FFF7 D1=0 D2=0 D3=FFFF D4=10404CC0 D5=84418535 D6=84418535 D7=FFFF A0=3C0002 A1=101B00 A2=F6D42 A3=108F86 A4=10F1134 A5=108000 A6=109058 PC=40E6 -- 0040E6: move.b  ($69,A1), D1
D0=FFF7 D1=FF D2=0 D3=FFFF D4=10404CC0 D5=84418535 D6=84418535 D7=FFFF A0=3C0002 A1=101B00 A2=F6D42 A3=108F86 A4=10F1134 A5=108000 A6=109058 PC=40EA -- 0040EA: addq.w  #1, D1
D0=FFF7 D1=100 D2=0 D3=FFFF D4=10404CC0 D5=84418535 D6=84418535 D7=FFFF A0=3C0002 A1=101B00 A2=F6D42 A3=108F86 A4=10F1134 A5=108000 A6=109058 PC=40EC -- 0040EC: muls.w  D1, D0
D0=FFFFF700 D1=100 D2=0 D3=FFFF D4=10404CC0 D5=84418535 D6=84418535 D7=FFFF A0=3C0002 A1=101B00 A2=F6D42 A3=108F86 A4=10F1134 A5=108000 A6=109058 PC=40EE -- 0040EE: lsr.l   #8, D0
D0=FFFFF7 D1=100 D2=0 D3=FFFF D4=10404CC0 D5=84418535 D6=84418535 D7=FFFF A0=3C0002 A1=101B00 A2=F6D42 A3=108F86 A4=10F1134 A5=108000 A6=109058 PC=40F0 -- 0040F0: add.w   ($26,A1), D0
D0=FF00BF D1=100 D2=0 D3=FFFF D4=10404CC0 D5=84418535 D6=84418535 D7=FFFF A0=3C0002 A1=101B00 A2=F6D42 A3=108F86 A4=10F1134 A5=108000 A6=109058 PC=40F4 -- 0040F4: neg.w   D0
D0=FFFF41 D1=100 D2=0 D3=FFFF D4=10404CC0 D5=84418535 D6=84418535 D7=FFFF A0=3C0002 A1=101B00 A2=F6D42 A3=108F86 A4=10F1134 A5=108000 A6=109058 PC=40F6 -- 0040F6: addi.w  #$1ff, D0
D0=FF0140 D1=100 D2=0 D3=FFFF D4=10404CC0 D5=84418535 D6=84418535 D7=FFFF A0=3C0002 A1=101B00 A2=F6D42 A3=108F86 A4=10F1134 A5=108000 A6=109058 PC=40FA -- 0040FA: lsl.w   #7, D0
D0=FFA000 D1=100 D2=0 D3=FFFF D4=10404CC0 D5=84418535 D6=84418535 D7=FFFF A0=3C0002 A1=101B00 A2=F6D42 A3=108F86 A4=10F1134 A5=108000 A6=109058 PC=40FC -- 0040FC: bsr     $4772
D0=FFA000 D1=100 D2=0 D3=FFFF D4=10404CC0 D5=84418535 D6=84418535 D7=FFFF A0=3C0002 A1=101B00 A2=F6D42 A3=108F86 A4=10F1134 A5=108000 A6=109058 PC=4772 -- 004772: move.w  D0, -(A7)
D0=FFA000 D1=100 D2=0 D3=FFFF D4=10404CC0 D5=84418535 D6=84418535 D7=FFFF A0=3C0002 A1=101B00 A2=F6D42 A3=108F86 A4=10F1134 A5=108000 A6=109058 PC=4774 -- 004774: moveq   #-$1, D0
D0=FFFFFFFF D1=100 D2=0 D3=FFFF D4=10404CC0 D5=84418535 D6=84418535 D7=FFFF A0=3C0002 A1=101B00 A2=F6D42 A3=108F86 A4=10F1134 A5=108000 A6=109058 PC=4776 -- 004776: moveq   #$0, D1
D0=FFFFFFFF D1=0 D2=0 D3=FFFF D4=10404CC0 D5=84418535 D6=84418535 D7=FFFF A0=3C0002 A1=101B00 A2=F6D42 A3=108F86 A4=10F1134 A5=108000 A6=109058 PC=4778 -- 004778: move.b  ($1,A2), D1
D0=FFFFFFFF D1=2 D2=0 D3=FFFF D4=10404CC0 D5=84418535 D6=84418535 D7=FFFF A0=3C0002 A1=101B00 A2=F6D42 A3=108F86 A4=10F1134 A5=108000 A6=109058 PC=477C -- 00477C: cmpi.b  #-$1, ($69,A1)
D0=FFFFFFFF D1=2 D2=0 D3=FFFF D4=10404CC0 D5=84418535 D6=84418535 D7=FFFF A0=3C0002 A1=101B00 A2=F6D42 A3=108F86 A4=10F1134 A5=108000 A6=109058 PC=4782 -- 004782: beq     $47b4
D0=FFFFFFFF D1=2 D2=0 D3=FFFF D4=10404CC0 D5=84418535 D6=84418535 D7=FFFF A0=3C0002 A1=101B00 A2=F6D42 A3=108F86 A4=10F1134 A5=108000 A6=109058 PC=47B4 -- 0047B4: move.b  D0, ($78f,A5)
D0=FFFFFFFF D1=2 D2=0 D3=FFFF D4=10404CC0 D5=84418535 D6=84418535 D7=FFFF A0=3C0002 A1=101B00 A2=F6D42 A3=108F86 A4=10F1134 A5=108000 A6=109058 PC=47B8 -- 0047B8: move.b  D1, ($78e,A5)
D0=FFFFFFFF D1=2 D2=0 D3=FFFF D4=10404CC0 D5=84418535 D6=84418535 D7=FFFF A0=3C0002 A1=101B00 A2=F6D42 A3=108F86 A4=10F1134 A5=108000 A6=109058 PC=47BC -- 0047BC: move.w  (A7)+, D0
D0=FFFFA000 D1=2 D2=0 D3=FFFF D4=10404CC0 D5=84418535 D6=84418535 D7=FFFF A0=3C0002 A1=101B00 A2=F6D42 A3=108F86 A4=10F1134 A5=108000 A6=109058 PC=47BE -- 0047BE: rts
D0=FFFFA000 D1=2 D2=0 D3=FFFF D4=10404CC0 D5=84418535 D6=84418535 D7=FFFF A0=3C0002 A1=101B00 A2=F6D42 A3=108F86 A4=10F1134 A5=108000 A6=109058 PC=4100 -- 004100: add.b   ($78e,A5), D0
D0=FFFFA002 D1=2 D2=0 D3=FFFF D4=10404CC0 D5=84418535 D6=84418535 D7=FFFF A0=3C0002 A1=101B00 A2=F6D42 A3=108F86 A4=10F1134 A5=108000 A6=109058 PC=4104 -- 004104: move.w  D0, (A3)+
D0=FFFFA002 D1=2 D2=0 D3=FFFF D4=10404CC0 D5=84418535 D6=84418535 D7=FFFF A0=3C0002 A1=101B00 A2=F6D42 A3=108F88 A4=10F1134 A5=108000 A6=109058 PC=4106 -- 004106: moveq   #$0, D0
D0=0 D1=2 D2=0 D3=FFFF D4=10404CC0 D5=84418535 D6=84418535 D7=FFFF A0=3C0002 A1=101B00 A2=F6D42 A3=108F88 A4=10F1134 A5=108000 A6=109058 PC=4108 -- 004108: move.b  (A2), D0
D0=2 D1=2 D2=0 D3=FFFF D4=10404CC0 D5=84418535 D6=84418535 D7=FFFF A0=3C0002 A1=101B00 A2=F6D42 A3=108F88 A4=10F1134 A5=108000 A6=109058 PC=410A -- 00410A: subq.b  #2, D0
D0=0 D1=2 D2=0 D3=FFFF D4=10404CC0 D5=84418535 D6=84418535 D7=FFFF A0=3C0002 A1=101B00 A2=F6D42 A3=108F88 A4=10F1134 A5=108000 A6=109058 PC=410C -- 00410C: bmi     $4118
D0=0 D1=2 D2=0 D3=FFFF D4=10404CC0 D5=84418535 D6=84418535 D7=FFFF A0=3C0002 A1=101B00 A2=F6D42 A3=108F88 A4=10F1134 A5=108000 A6=109058 PC=410E -- 00410E: move.w  #$40, D1
D0=0 D1=40 D2=0 D3=FFFF D4=10404CC0 D5=84418535 D6=84418535 D7=FFFF A0=3C0002 A1=101B00 A2=F6D42 A3=108F88 A4=10F1134 A5=108000 A6=109058 PC=4112 -- 004112: move.w  D1, (A3)+
D0=0 D1=40 D2=0 D3=FFFF D4=10404CC0 D5=84418535 D6=84418535 D7=FFFF A0=3C0002 A1=101B00 A2=F6D42 A3=108F8A A4=10F1134 A5=108000 A6=109058 PC=4114 -- 004114: dbra    D0, $4112
D0=FFFF D1=40 D2=0 D3=FFFF D4=10404CC0 D5=84418535 D6=84418535 D7=FFFF A0=3C0002 A1=101B00 A2=F6D42 A3=108F8A A4=10F1134 A5=108000 A6=109058 PC=4118 -- 004118: move.w  #$1, ($2,A0)
D0=FFFF D1=40 D2=0 D3=FFFF D4=10404CC0 D5=84418535 D6=84418535 D7=FFFF A0=3C0002 A1=101B00 A2=F6D42 A3=108F8A A4=10F1134 A5=108000 A6=109058 PC=411E -- 00411E: move.w  D5, (-$2,A0)
D0=FFFF D1=40 D2=0 D3=FFFF D4=10404CC0 D5=84418535 D6=84418535 D7=FFFF A0=3C0002 A1=101B00 A2=F6D42 A3=108F8A A4=10F1134 A5=108000 A6=109058 PC=4122 -- 004122: moveq   #$0, D1
D0=FFFF D1=0 D2=0 D3=FFFF D4=10404CC0 D5=84418535 D6=84418535 D7=FFFF A0=3C0002 A1=101B00 A2=F6D42 A3=108F8A A4=10F1134 A5=108000 A6=109058 PC=4124 -- 004124: move.b  ($68,A1), D0
D0=FFFF D1=0 D2=0 D3=FFFF D4=10404CC0 D5=84418535 D6=84418535 D7=FFFF A0=3C0002 A1=101B00 A2=F6D42 A3=108F8A A4=10F1134 A5=108000 A6=109058 PC=4128 -- 004128: move.b  D0, D1
D0=FFFF D1=FF D2=0 D3=FFFF D4=10404CC0 D5=84418535 D6=84418535 D7=FFFF A0=3C0002 A1=101B00 A2=F6D42 A3=108F8A A4=10F1134 A5=108000 A6=109058 PC=412A -- 00412A: andi.w  #$f, D0
D0=F D1=FF D2=0 D3=FFFF D4=10404CC0 D5=84418535 D6=84418535 D7=FFFF A0=3C0002 A1=101B00 A2=F6D42 A3=108F8A A4=10F1134 A5=108000 A6=109058 PC=412E -- 00412E: lsr.b   #4, D1
D0=F D1=F D2=0 D3=FFFF D4=10404CC0 D5=84418535 D6=84418535 D7=FFFF A0=3C0002 A1=101B00 A2=F6D42 A3=108F8A A4=10F1134 A5=108000 A6=109058 PC=4130 -- 004130: tst.b   D1
D0=F D1=F D2=0 D3=FFFF D4=10404CC0 D5=84418535 D6=84418535 D7=FFFF A0=3C0002 A1=101B00 A2=F6D42 A3=108F8A A4=10F1134 A5=108000 A6=109058 PC=4132 -- 004132: beq     $4164
D0=F D1=F D2=0 D3=FFFF D4=10404CC0 D5=84418535 D6=84418535 D7=FFFF A0=3C0002 A1=101B00 A2=F6D42 A3=108F8A A4=10F1134 A5=108000 A6=109058 PC=4134 -- 004134: lea     $4f9d2.l, A6
D0=F D1=F D2=0 D3=FFFF D4=10404CC0 D5=84418535 D6=84418535 D7=FFFF A0=3C0002 A1=101B00 A2=F6D42 A3=108F8A A4=10F1134 A5=108000 A6=4F9D2 PC=413A -- 00413A: lsl.w   #5, D0
D0=1E0 D1=F D2=0 D3=FFFF D4=10404CC0 D5=84418535 D6=84418535 D7=FFFF A0=3C0002 A1=101B00 A2=F6D42 A3=108F8A A4=10F1134 A5=108000 A6=4F9D2 PC=413C -- 00413C: adda.w  D0, A6
D0=1E0 D1=F D2=0 D3=FFFF D4=10404CC0 D5=84418535 D6=84418535 D7=FFFF A0=3C0002 A1=101B00 A2=F6D42 A3=108F8A A4=10F1134 A5=108000 A6=4FBB2 PC=413E -- 00413E: moveq   #$f, D0
D0=F D1=F D2=0 D3=FFFF D4=10404CC0 D5=84418535 D6=84418535 D7=FFFF A0=3C0002 A1=101B00 A2=F6D42 A3=108F8A A4=10F1134 A5=108000 A6=4FBB2 PC=4140 -- 004140: moveq   #$0, D2
D0=F D1=F D2=0 D3=FFFF D4=10404CC0 D5=84418535 D6=84418535 D7=FFFF A0=3C0002 A1=101B00 A2=F6D42 A3=108F8A A4=10F1134 A5=108000 A6=4FBB2 PC=4142 -- 004142: move.b  (A2), D2
D0=F D1=F D2=2 D3=FFFF D4=10404CC0 D5=84418535 D6=84418535 D7=FFFF A0=3C0002 A1=101B00 A2=F6D42 A3=108F8A A4=10F1134 A5=108000 A6=4FBB2 PC=4144 -- 004144: lsr.w   #1, D2
D0=F D1=F D2=1 D3=FFFF D4=10404CC0 D5=84418535 D6=84418535 D7=FFFF A0=3C0002 A1=101B00 A2=F6D42 A3=108F8A A4=10F1134 A5=108000 A6=4FBB2 PC=4146 -- 004146: sub.w   D2, D0
D0=E D1=F D2=1 D3=FFFF D4=10404CC0 D5=84418535 D6=84418535 D7=FFFF A0=3C0002 A1=101B00 A2=F6D42 A3=108F8A A4=10F1134 A5=108000 A6=4FBB2 PC=4148 -- 004148: adda.l  D0, A6
D0=E D1=F D2=1 D3=FFFF D4=10404CC0 D5=84418535 D6=84418535 D7=FFFF A0=3C0002 A1=101B00 A2=F6D42 A3=108F8A A4=10F1134 A5=108000 A6=4FBC0 PC=414A -- 00414A: move.b  (A2), D0
D0=2 D1=F D2=1 D3=FFFF D4=10404CC0 D5=84418535 D6=84418535 D7=FFFF A0=3C0002 A1=101B00 A2=F6D42 A3=108F8A A4=10F1134 A5=108000 A6=4FBC0 PC=414C -- 00414C: add.w   D0, D5
D0=2 D1=F D2=1 D3=FFFF D4=10404CC0 D5=84418535 D6=84418535 D7=FFFF A0=3C0002 A1=101B00 A2=F6D42 A3=108F8A A4=10F1134 A5=108000 A6=4FBC0 PC=414E -- 00414E: subq.b  #1, D0
D0=1 D1=F D2=1 D3=FFFF D4=10404CC0 D5=84418535 D6=84418535 D7=FFFF A0=3C0002 A1=101B00 A2=F6D42 A3=108F8A A4=10F1134 A5=108000 A6=4FBC0 PC=4150 -- 004150: move.b  D1, D2
D0=1 D1=F D2=F D3=FFFF D4=10404CC0 D5=84418535 D6=84418535 D7=FFFF A0=3C0002 A1=101B00 A2=F6D42 A3=108F8A A4=10F1134 A5=108000 A6=4FBC0 PC=4152 -- 004152: sub.b   (A6)+, D2
D0=1 D1=F D2=F D3=FFFF D4=10404CC0 D5=84418535 D6=84418535 D7=FFFF A0=3C0002 A1=101B00 A2=F6D42 A3=108F8A A4=10F1134 A5=108000 A6=4FBC1 PC=4154 -- 004154: lsl.w   #8, D2
D0=1 D1=F D2=F00 D3=FFFF D4=10404CC0 D5=84418535 D6=84418535 D7=FFFF A0=3C0002 A1=101B00 A2=F6D42 A3=108F8A A4=10F1134 A5=108000 A6=4FBC1 PC=4156 -- 004156: move.b  ($69,A1), D2
D0=1 D1=F D2=FFF D3=FFFF D4=10404CC0 D5=84418535 D6=84418535 D7=FFFF A0=3C0002 A1=101B00 A2=F6D42 A3=108F8A A4=10F1134 A5=108000 A6=4FBC1 PC=415A -- 00415A: move.w  D2, (A0)
D0=1 D1=F D2=FFF D3=FFFF D4=10404CC0 D5=84418535 D6=84418535 D7=FFFF A0=3C0002 A1=101B00 A2=F6D42 A3=108F8A A4=10F1134 A5=108000 A6=4FBC1 PC=415C -- 00415C: dbra    D0, $4150
D0=0 D1=F D2=FFF D3=FFFF D4=10404CC0 D5=84418535 D6=84418535 D7=FFFF A0=3C0002 A1=101B00 A2=F6D42 A3=108F8A A4=10F1134 A5=108000 A6=4FBC1 PC=4150 -- 004150: move.b  D1, D2
D0=0 D1=F D2=F0F D3=FFFF D4=10404CC0 D5=84418535 D6=84418535 D7=FFFF A0=3C0002 A1=101B00 A2=F6D42 A3=108F8A A4=10F1134 A5=108000 A6=4FBC1 PC=4152 -- 004152: sub.b   (A6)+, D2
D0=0 D1=F D2=F0F D3=FFFF D4=10404CC0 D5=84418535 D6=84418535 D7=FFFF A0=3C0002 A1=101B00 A2=F6D42 A3=108F8A A4=10F1134 A5=108000 A6=4FBC2 PC=4154 -- 004154: lsl.w   #8, D2
D0=0 D1=F D2=F00 D3=FFFF D4=10404CC0 D5=84418535 D6=84418535 D7=FFFF A0=3C0002 A1=101B00 A2=F6D42 A3=108F8A A4=10F1134 A5=108000 A6=4FBC2 PC=4156 -- 004156: move.b  ($69,A1), D2
D0=0 D1=F D2=FFF D3=FFFF D4=10404CC0 D5=84418535 D6=84418535 D7=FFFF A0=3C0002 A1=101B00 A2=F6D42 A3=108F8A A4=10F1134 A5=108000 A6=4FBC2 PC=415A -- 00415A: move.w  D2, (A0)
D0=0 D1=F D2=FFF D3=FFFF D4=10404CC0 D5=84418535 D6=84418535 D7=FFFF A0=3C0002 A1=101B00 A2=F6D42 A3=108F8A A4=10F1134 A5=108000 A6=4FBC2 PC=415C -- 00415C: dbra    D0, $4150
D0=FFFF D1=F D2=FFF D3=FFFF D4=10404CC0 D5=84418535 D6=84418535 D7=FFFF A0=3C0002 A1=101B00 A2=F6D42 A3=108F8A A4=10F1134 A5=108000 A6=4FBC2 PC=4160 -- 004160: bra     $4178
D0=FFFF D1=F D2=FFF D3=FFFF D4=10404CC0 D5=84418535 D6=84418535 D7=FFFF A0=3C0002 A1=101B00 A2=F6D42 A3=108F8A A4=10F1134 A5=108000 A6=4FBC2 PC=4178 -- 004178: move.b  ($2,A2), D0
D0=FFC5 D1=F D2=FFF D3=FFFF D4=10404CC0 D5=84418535 D6=84418535 D7=FFFF A0=3C0002 A1=101B00 A2=F6D42 A3=108F8A A4=10F1134 A5=108000 A6=4FBC2 PC=417C -- 00417C: tst.b   ($80,A1)
D0=FFC5 D1=F D2=FFF D3=FFFF D4=10404CC0 D5=84418535 D6=84418535 D7=FFFF A0=3C0002 A1=101B00 A2=F6D42 A3=108F8A A4=10F1134 A5=108000 A6=4FBC2 PC=4180 -- 004180: beq     $4188
D0=FFC5 D1=F D2=FFF D3=FFFF D4=10404CC0 D5=84418535 D6=84418535 D7=FFFF A0=3C0002 A1=101B00 A2=F6D42 A3=108F8A A4=10F1134 A5=108000 A6=4FBC2 PC=4188 -- 004188: add.b   ($30,A1), D0
D0=FFC5 D1=F D2=FFF D3=FFFF D4=10404CC0 D5=84418535 D6=84418535 D7=FFFF A0=3C0002 A1=101B00 A2=F6D42 A3=108F8A A4=10F1134 A5=108000 A6=4FBC2 PC=418C -- 00418C: lsl.w   #8, D0
D0=C500 D1=F D2=FFF D3=FFFF D4=10404CC0 D5=84418535 D6=84418535 D7=FFFF A0=3C0002 A1=101B00 A2=F6D42 A3=108F8A A4=10F1134 A5=108000 A6=4FBC2 PC=418E -- 00418E: tst.b   ($3,A2)
D0=C500 D1=F D2=FFF D3=FFFF D4=10404CC0 D5=84418535 D6=84418535 D7=FFFF A0=3C0002 A1=101B00 A2=F6D42 A3=108F8A A4=10F1134 A5=108000 A6=4FBC2 PC=4192 -- 004192: beq     $4198
D0=C500 D1=F D2=FFF D3=FFFF D4=10404CC0 D5=84418535 D6=84418535 D7=FFFF A0=3C0002 A1=101B00 A2=F6D42 A3=108F8A A4=10F1134 A5=108000 A6=4FBC2 PC=4194 -- 004194: move.b  #$10, D0
D0=C510 D1=F D2=FFF D3=FFFF D4=10404CC0 D5=84418535 D6=84418535 D7=FFFF A0=3C0002 A1=101B00 A2=F6D42 A3=108F8A A4=10F1134 A5=108000 A6=4FBC2 PC=4198 -- 004198: move.w  ($4,A2), D1
D0=C510 D1=DCC0 D2=FFF D3=FFFF D4=10404CC0 D5=84418535 D6=84418535 D7=FFFF A0=3C0002 A1=101B00 A2=F6D42 A3=108F8A A4=10F1134 A5=108000 A6=4FBC2 PC=419C -- 00419C: moveq   #$0, D3
D0=C510 D1=DCC0 D2=FFF D3=0 D4=10404CC0 D5=84418535 D6=84418535 D7=FFFF A0=3C0002 A1=101B00 A2=F6D42 A3=108F8A A4=10F1134 A5=108000 A6=4FBC2 PC=419E -- 00419E: move.b  (A2), D3
D0=C510 D1=DCC0 D2=FFF D3=2 D4=10404CC0 D5=84418535 D6=84418535 D7=FFFF A0=3C0002 A1=101B00 A2=F6D42 A3=108F8A A4=10F1134 A5=108000 A6=4FBC2 PC=41A0 -- 0041A0: subq.b  #1, D3
D0=C510 D1=DCC0 D2=FFF D3=1 D4=10404CC0 D5=84418535 D6=84418535 D7=FFFF A0=3C0002 A1=101B00 A2=F6D42 A3=108F8A A4=10F1134 A5=108000 A6=4FBC2 PC=41A2 -- 0041A2: move.w  ($790,A5), D7
D0=C510 D1=DCC0 D2=FFF D3=1 D4=10404CC0 D5=84418535 D6=84418535 D7=0 A0=3C0002 A1=101B00 A2=F6D42 A3=108F8A A4=10F1134 A5=108000 A6=4FBC2 PC=41A6 -- 0041A6: add.w   D7, D7
D0=C510 D1=DCC0 D2=FFF D3=1 D4=10404CC0 D5=84418535 D6=84418535 D7=0 A0=3C0002 A1=101B00 A2=F6D42 A3=108F8A A4=10F1134 A5=108000 A6=4FBC2 PC=41A8 -- 0041A8: add.w   D7, D7
D0=C510 D1=DCC0 D2=FFF D3=1 D4=10404CC0 D5=84418535 D6=84418535 D7=0 A0=3C0002 A1=101B00 A2=F6D42 A3=108F8A A4=10F1134 A5=108000 A6=4FBC2 PC=41AA -- 0041AA: movea.l ($4,PC,D7.w), A6
D0=C510 D1=DCC0 D2=FFF D3=1 D4=10404CC0 D5=84418535 D6=84418535 D7=0 A0=3C0002 A1=101B00 A2=F6D42 A3=108F8A A4=10F1134 A5=108000 A6=428C PC=41AE -- 0041AE: jmp     (A6)
D0=C510 D1=DCC0 D2=FFF D3=1 D4=10404CC0 D5=84418535 D6=84418535 D7=0 A0=3C0002 A1=101B00 A2=F6D42 A3=108F8A A4=10F1134 A5=108000 A6=428C PC=428C -- 00428C: lea     ($6,A2), A6
D0=C510 D1=DCC0 D2=FFF D3=1 D4=10404CC0 D5=84418535 D6=84418535 D7=0 A0=3C0002 A1=101B00 A2=F6D42 A3=108F8A A4=10F1134 A5=108000 A6=F6D48 PC=4290 -- 004290: move.w  #$1, ($2,A0)
D0=C510 D1=DCC0 D2=FFF D3=1 D4=10404CC0 D5=84418535 D6=84418535 D7=0 A0=3C0002 A1=101B00 A2=F6D42 A3=108F8A A4=10F1134 A5=108000 A6=F6D48 PC=4296 -- 004296: moveq   #$0, D7
D0=C510 D1=DCC0 D2=FFF D3=1 D4=10404CC0 D5=84418535 D6=84418535 D7=0 A0=3C0002 A1=101B00 A2=F6D42 A3=108F8A A4=10F1134 A5=108000 A6=F6D48 PC=4298 -- 004298: move.b  ($1,A2), D7
D0=C510 D1=DCC0 D2=FFF D3=1 D4=10404CC0 D5=84418535 D6=84418535 D7=2 A0=3C0002 A1=101B00 A2=F6D42 A3=108F8A A4=10F1134 A5=108000 A6=F6D48 PC=429C -- 00429C: subq.b  #1, D7
D0=C510 D1=DCC0 D2=FFF D3=1 D4=10404CC0 D5=84418535 D6=84418535 D7=1 A0=3C0002 A1=101B00 A2=F6D42 A3=108F8A A4=10F1134 A5=108000 A6=F6D48 PC=429E -- 00429E: move.w  (A6)+, D2
D0=C510 D1=DCC0 D2=C000 D3=1 D4=10404CC0 D5=84418535 D6=84418535 D7=1 A0=3C0002 A1=101B00 A2=F6D42 A3=108F8A A4=10F1134 A5=108000 A6=F6D4A PC=42A0 -- 0042A0: move.w  D4, (-$2,A0)
D0=C510 D1=DCC0 D2=C000 D3=1 D4=10404CC0 D5=84418535 D6=84418535 D7=1 A0=3C0002 A1=101B00 A2=F6D42 A3=108F8A A4=10F1134 A5=108000 A6=F6D4A PC=42A4 -- 0042A4: add.w   D2, D2
D0=C510 D1=DCC0 D2=8000 D3=1 D4=10404CC0 D5=84418535 D6=84418535 D7=1 A0=3C0002 A1=101B00 A2=F6D42 A3=108F8A A4=10F1134 A5=108000 A6=F6D4A PC=42A6 -- 0042A6: bcc     $42b8
D0=C510 D1=DCC0 D2=8000 D3=1 D4=10404CC0 D5=84418535 D6=84418535 D7=1 A0=3C0002 A1=101B00 A2=F6D42 A3=108F8A A4=10F1134 A5=108000 A6=F6D4A PC=42A8 -- 0042A8: move.w  D1, (A0)
D0=C510 D1=DCC0 D2=8000 D3=1 D4=10404CC0 D5=84418535 D6=84418535 D7=1 A0=3C0002 A1=101B00 A2=F6D42 A3=108F8A A4=10F1134 A5=108000 A6=F6D4A PC=42AA -- 0042AA: nop
D0=C510 D1=DCC0 D2=8000 D3=1 D4=10404CC0 D5=84418535 D6=84418535 D7=1 A0=3C0002 A1=101B00 A2=F6D42 A3=108F8A A4=10F1134 A5=108000 A6=F6D4A PC=42AC -- 0042AC: move.w  D0, (A0)
D0=C510 D1=DCC0 D2=8000 D3=1 D4=10404CC0 D5=84418535 D6=84418535 D7=1 A0=3C0002 A1=101B00 A2=F6D42 A3=108F8A A4=10F1134 A5=108000 A6=F6D4A PC=42AE -- 0042AE: addq.w  #1, D1
D0=C510 D1=DCC1 D2=8000 D3=1 D4=10404CC0 D5=84418535 D6=84418535 D7=1 A0=3C0002 A1=101B00 A2=F6D42 A3=108F8A A4=10F1134 A5=108000 A6=F6D4A PC=42B0 -- 0042B0: bcc     $42c0
D0=C510 D1=DCC1 D2=8000 D3=1 D4=10404CC0 D5=84418535 D6=84418535 D7=1 A0=3C0002 A1=101B00 A2=F6D42 A3=108F8A A4=10F1134 A5=108000 A6=F6D4A PC=42C0 -- 0042C0: dbra    D7, $42a4
D0=C510 D1=DCC1 D2=8000 D3=1 D4=10404CC0 D5=84418535 D6=84418535 D7=0 A0=3C0002 A1=101B00 A2=F6D42 A3=108F8A A4=10F1134 A5=108000 A6=F6D4A PC=42A4 -- 0042A4: add.w   D2, D2
D0=C510 D1=DCC1 D2=0 D3=1 D4=10404CC0 D5=84418535 D6=84418535 D7=0 A0=3C0002 A1=101B00 A2=F6D42 A3=108F8A A4=10F1134 A5=108000 A6=F6D4A PC=42A6 -- 0042A6: bcc     $42b8
D0=C510 D1=DCC1 D2=0 D3=1 D4=10404CC0 D5=84418535 D6=84418535 D7=0 A0=3C0002 A1=101B00 A2=F6D42 A3=108F8A A4=10F1134 A5=108000 A6=F6D4A PC=42A8 -- 0042A8: move.w  D1, (A0)
D0=C510 D1=DCC1 D2=0 D3=1 D4=10404CC0 D5=84418535 D6=84418535 D7=0 A0=3C0002 A1=101B00 A2=F6D42 A3=108F8A A4=10F1134 A5=108000 A6=F6D4A PC=42AA -- 0042AA: nop
D0=C510 D1=DCC1 D2=0 D3=1 D4=10404CC0 D5=84418535 D6=84418535 D7=0 A0=3C0002 A1=101B00 A2=F6D42 A3=108F8A A4=10F1134 A5=108000 A6=F6D4A PC=42AC -- 0042AC: move.w  D0, (A0)
D0=C510 D1=DCC1 D2=0 D3=1 D4=10404CC0 D5=84418535 D6=84418535 D7=0 A0=3C0002 A1=101B00 A2=F6D42 A3=108F8A A4=10F1134 A5=108000 A6=F6D4A PC=42AE -- 0042AE: addq.w  #1, D1
D0=C510 D1=DCC2 D2=0 D3=1 D4=10404CC0 D5=84418535 D6=84418535 D7=0 A0=3C0002 A1=101B00 A2=F6D42 A3=108F8A A4=10F1134 A5=108000 A6=F6D4A PC=42B0 -- 0042B0: bcc     $42c0
D0=C510 D1=DCC2 D2=0 D3=1 D4=10404CC0 D5=84418535 D6=84418535 D7=0 A0=3C0002 A1=101B00 A2=F6D42 A3=108F8A A4=10F1134 A5=108000 A6=F6D4A PC=42C0 -- 0042C0: dbra    D7, $42a4
D0=C510 D1=DCC2 D2=0 D3=1 D4=10404CC0 D5=84418535 D6=84418535 D7=FFFF A0=3C0002 A1=101B00 A2=F6D42 A3=108F8A A4=10F1134 A5=108000 A6=F6D4A PC=42C4 -- 0042C4: bsr     $47c0
D0=C510 D1=DCC2 D2=0 D3=1 D4=10404CC0 D5=84418535 D6=84418535 D7=FFFF A0=3C0002 A1=101B00 A2=F6D42 A3=108F8A A4=10F1134 A5=108000 A6=F6D4A PC=47C0 -- 0047C0: tst.b   ($78f,A5)
D0=C510 D1=DCC2 D2=0 D3=1 D4=10404CC0 D5=84418535 D6=84418535 D7=FFFF A0=3C0002 A1=101B00 A2=F6D42 A3=108F8A A4=10F1134 A5=108000 A6=F6D4A PC=47C4 -- 0047C4: bpl     $47c8
D0=C510 D1=DCC2 D2=0 D3=1 D4=10404CC0 D5=84418535 D6=84418535 D7=FFFF A0=3C0002 A1=101B00 A2=F6D42 A3=108F8A A4=10F1134 A5=108000 A6=F6D4A PC=47C6 -- 0047C6: rts
D0=C510 D1=DCC2 D2=0 D3=1 D4=10404CC0 D5=84418535 D6=84418535 D7=FFFF A0=3C0002 A1=101B00 A2=F6D42 A3=108F8A A4=10F1134 A5=108000 A6=F6D4A PC=42C8 -- 0042C8: addi.w  #$40, D4
D0=C510 D1=DCC2 D2=0 D3=1 D4=10404D00 D5=84418535 D6=84418535 D7=FFFF A0=3C0002 A1=101B00 A2=F6D42 A3=108F8A A4=10F1134 A5=108000 A6=F6D4A PC=42CC -- 0042CC: dbra    D3, $4296
D0=C510 D1=DCC2 D2=0 D3=0 D4=10404D00 D5=84418535 D6=84418535 D7=FFFF A0=3C0002 A1=101B00 A2=F6D42 A3=108F8A A4=10F1134 A5=108000 A6=F6D4A PC=4296 -- 004296: moveq   #$0, D7
D0=C510 D1=DCC2 D2=0 D3=0 D4=10404D00 D5=84418535 D6=84418535 D7=0 A0=3C0002 A1=101B00 A2=F6D42 A3=108F8A A4=10F1134 A5=108000 A6=F6D4A PC=4298 -- 004298: move.b  ($1,A2), D7
D0=C510 D1=DCC2 D2=0 D3=0 D4=10404D00 D5=84418535 D6=84418535 D7=2 A0=3C0002 A1=101B00 A2=F6D42 A3=108F8A A4=10F1134 A5=108000 A6=F6D4A PC=429C -- 00429C: subq.b  #1, D7
D0=C510 D1=DCC2 D2=0 D3=0 D4=10404D00 D5=84418535 D6=84418535 D7=1 A0=3C0002 A1=101B00 A2=F6D42 A3=108F8A A4=10F1134 A5=108000 A6=F6D4A PC=429E -- 00429E: move.w  (A6)+, D2
D0=C510 D1=DCC2 D2=C000 D3=0 D4=10404D00 D5=84418535 D6=84418535 D7=1 A0=3C0002 A1=101B00 A2=F6D42 A3=108F8A A4=10F1134 A5=108000 A6=F6D4C PC=42A0 -- 0042A0: move.w  D4, (-$2,A0)

   (loops for 16 instructions)

D0=C510 D1=DCC4 D2=0 D3=0 D4=10404D00 D5=84418535 D6=84418535 D7=FFFF A0=3C0002 A1=101B00 A2=F6D42 A3=108F8A A4=10F1134 A5=108000 A6=F6D4C PC=42C4 -- 0042C4: bsr     $47c0
D0=C510 D1=DCC4 D2=0 D3=0 D4=10404D00 D5=84418535 D6=84418535 D7=FFFF A0=3C0002 A1=101B00 A2=F6D42 A3=108F8A A4=10F1134 A5=108000 A6=F6D4C PC=47C0 -- 0047C0: tst.b   ($78f,A5)
D0=C510 D1=DCC4 D2=0 D3=0 D4=10404D00 D5=84418535 D6=84418535 D7=FFFF A0=3C0002 A1=101B00 A2=F6D42 A3=108F8A A4=10F1134 A5=108000 A6=F6D4C PC=47C4 -- 0047C4: bpl     $47c8
D0=C510 D1=DCC4 D2=0 D3=0 D4=10404D00 D5=84418535 D6=84418535 D7=FFFF A0=3C0002 A1=101B00 A2=F6D42 A3=108F8A A4=10F1134 A5=108000 A6=F6D4C PC=47C6 -- 0047C6: rts
D0=C510 D1=DCC4 D2=0 D3=0 D4=10404D00 D5=84418535 D6=84418535 D7=FFFF A0=3C0002 A1=101B00 A2=F6D42 A3=108F8A A4=10F1134 A5=108000 A6=F6D4C PC=42C8 -- 0042C8: addi.w  #$40, D4
D0=C510 D1=DCC4 D2=0 D3=0 D4=10404D40 D5=84418535 D6=84418535 D7=FFFF A0=3C0002 A1=101B00 A2=F6D42 A3=108F8A A4=10F1134 A5=108000 A6=F6D4C PC=42CC -- 0042CC: dbra    D3, $4296
D0=C510 D1=DCC4 D2=0 D3=FFFF D4=10404D40 D5=84418535 D6=84418535 D7=FFFF A0=3C0002 A1=101B00 A2=F6D42 A3=108F8A A4=10F1134 A5=108000 A6=F6D4C PC=42D0 -- 0042D0: rts
D0=C510 D1=DCC4 D2=0 D3=FFFF D4=10404D40 D5=84418535 D6=84418535 D7=FFFF A0=3C0002 A1=101B00 A2=F6D42 A3=108F8A A4=10F1134 A5=108000 A6=F6D4C PC=4016 -- 004016: bra     $401c
D0=C510 D1=DCC4 D2=0 D3=FFFF D4=10404D40 D5=84418535 D6=84418535 D7=FFFF A0=3C0002 A1=101B00 A2=F6D42 A3=108F8A A4=10F1134 A5=108000 A6=F6D4C PC=401C -- 00401C: movea.l (A7)+, A6
D0=C510 D1=DCC4 D2=0 D3=FFFF D4=10404D40 D5=84418535 D6=84418535 D7=FFFF A0=3C0002 A1=101B00 A2=F6D42 A3=108F8A A4=10F1134 A5=108000 A6=108E3C PC=401E -- 00401E: btst    #$5, ($4,A4)
D0=C510 D1=DCC4 D2=0 D3=FFFF D4=10404D40 D5=84418535 D6=84418535 D7=FFFF A0=3C0002 A1=101B00 A2=F6D42 A3=108F8A A4=10F1134 A5=108000 A6=108E3C PC=4024 -- 004024: beq     $4056
D0=C510 D1=DCC4 D2=0 D3=FFFF D4=10404D40 D5=84418535 D6=84418535 D7=FFFF A0=3C0002 A1=101B00 A2=F6D42 A3=108F8A A4=10F1134 A5=108000 A6=108E3C PC=4056 -- 004056: tst.b   ($7c,A1)
D0=C510 D1=DCC4 D2=0 D3=FFFF D4=10404D40 D5=84418535 D6=84418535 D7=FFFF A0=3C0002 A1=101B00 A2=F6D42 A3=108F8A A4=10F1134 A5=108000 A6=108E3C PC=405A -- 00405A: bpl     $4064
D0=C510 D1=DCC4 D2=0 D3=FFFF D4=10404D40 D5=84418535 D6=84418535 D7=FFFF A0=3C0002 A1=101B00 A2=F6D42 A3=108F8A A4=10F1134 A5=108000 A6=108E3C PC=4064 -- 004064: movea.l (A7)+, A0
D0=C510 D1=DCC4 D2=0 D3=FFFF D4=10404D40 D5=84418535 D6=84418535 D7=FFFF A0=108924 A1=101B00 A2=F6D42 A3=108F8A A4=10F1134 A5=108000 A6=108E3C PC=4066 -- 004066: subq.w  #1, ($e3a,A5)
D0=C510 D1=DCC4 D2=0 D3=FFFF D4=10404D40 D5=84418535 D6=84418535 D7=FFFF A0=108924 A1=101B00 A2=F6D42 A3=108F8A A4=10F1134 A5=108000 A6=108E3C PC=406A -- 00406A: bne     $3f32
D0=C510 D1=DCC4 D2=0 D3=FFFF D4=10404D40 D5=84418535 D6=84418535 D7=FFFF A0=108924 A1=101B00 A2=F6D42 A3=108F8A A4=10F1134 A5=108000 A6=108E3C PC=3F32 -- 003F32: move.w  (A0)+, D0
D0=1D00 D1=DCC4 D2=0 D3=FFFF D4=10404D40 D5=84418535 D6=84418535 D7=FFFF A0=108926 A1=101B00 A2=F6D42 A3=108F8A A4=10F1134 A5=108000 A6=108E3C PC=3F34 -- 003F34: beq     $3f32
D0=1D00 D1=DCC4 D2=0 D3=FFFF D4=10404D40 D5=84418535 D6=84418535 D7=FFFF A0=108926 A1=101B00 A2=F6D42 A3=108F8A A4=10F1134 A5=108000 A6=108E3C PC=3F36 -- 003F36: clr.w   (-$2,A0)
D0=1D00 D1=DCC4 D2=0 D3=FFFF D4=10404D40 D5=84418535 D6=84418535 D7=FFFF A0=108926 A1=101B00 A2=F6D42 A3=108F8A A4=10F1134 A5=108000 A6=108E3C PC=3F3A -- 003F3A: move.l  A5, D1
D0=1D00 D1=108000 D2=0 D3=FFFF D4=10404D40 D5=84418535 D6=84418535 D7=FFFF A0=108926 A1=101B00 A2=F6D42 A3=108F8A A4=10F1134 A5=108000 A6=108E3C PC=3F3C -- 003F3C: move.w  D0, D1
D0=1D00 D1=101D00 D2=0 D3=FFFF D4=10404D40 D5=84418535 D6=84418535 D7=FFFF A0=108926 A1=101B00 A2=F6D42 A3=108F8A A4=10F1134 A5=108000 A6=108E3C PC=3F3E -- 003F3E: movea.l D1, A1
D0=1D00 D1=101D00 D2=0 D3=FFFF D4=10404D40 D5=84418535 D6=84418535 D7=FFFF A0=108926 A1=101D00 A2=F6D42 A3=108F8A A4=10F1134 A5=108000 A6=108E3C PC=3F40 -- 003F40: movea.l ($28,A1), A2
D0=1D00 D1=101D00 D2=0 D3=FFFF D4=10404D40 D5=84418535 D6=84418535 D7=FFFF A0=108926 A1=101D00 A2=F6D38 A3=108F8A A4=10F1134 A5=108000 A6=108E3C PC=3F44 -- 003F44: lea     $7bf48.l, A4
D0=1D00 D1=101D00 D2=0 D3=FFFF D4=10404D40 D5=84418535 D6=84418535 D7=FFFF A0=108926 A1=101D00 A2=F6D38 A3=108F8A A4=7BF48 A5=108000 A6=108E3C PC=3F4A -- 003F4A: move.w  ($70,A1), D0
D0=1B D1=101D00 D2=0 D3=FFFF D4=10404D40 D5=84418535 D6=84418535 D7=FFFF A0=108926 A1=101D00 A2=F6D38 A3=108F8A A4=7BF48 A5=108000 A6=108E3C PC=3F4E -- 003F4E: add.w   D0, D0
D0=36 D1=101D00 D2=0 D3=FFFF D4=10404D40 D5=84418535 D6=84418535 D7=FFFF A0=108926 A1=101D00 A2=F6D38 A3=108F8A A4=7BF48 A5=108000 A6=108E3C PC=3F50 -- 003F50: add.w   D0, D0
D0=6C D1=101D00 D2=0 D3=FFFF D4=10404D40 D5=84418535 D6=84418535 D7=FFFF A0=108926 A1=101D00 A2=F6D38 A3=108F8A A4=7BF48 A5=108000 A6=108E3C PC=3F52 -- 003F52: movea.l (A4,D0.w), A4
D0=6C D1=101D00 D2=0 D3=FFFF D4=10404D40 D5=84418535 D6=84418535 D7=FFFF A0=108926 A1=101D00 A2=F6D38 A3=108F8A A4=7F5E0 A5=108000 A6=108E3C PC=3F56 -- 003F56: move.w  ($72,A1), D0
D0=3D D1=101D00 D2=0 D3=FFFF D4=10404D40 D5=84418535 D6=84418535 D7=FFFF A0=108926 A1=101D00 A2=F6D38 A3=108F8A A4=7F5E0 A5=108000 A6=108E3C PC=3F5A -- 003F5A: add.w   D0, D0
D0=7A D1=101D00 D2=0 D3=FFFF D4=10404D40 D5=84418535 D6=84418535 D7=FFFF A0=108926 A1=101D00 A2=F6D38 A3=108F8A A4=7F5E0 A5=108000 A6=108E3C PC=3F5C -- 003F5C: move.w  (A4,D0.w), ($46de,A5)
D0=7A D1=101D00 D2=0 D3=FFFF D4=10404D40 D5=84418535 D6=84418535 D7=FFFF A0=108926 A1=101D00 A2=F6D38 A3=108F8A A4=7F5E0 A5=108000 A6=108E3C PC=3F62 -- 003F62: lea     $80000.l, A4
D0=7A D1=101D00 D2=0 D3=FFFF D4=10404D40 D5=84418535 D6=84418535 D7=FFFF A0=108926 A1=101D00 A2=F6D38 A3=108F8A A4=80000 A5=108000 A6=108E3C PC=3F68 -- 003F68: move.w  ($70,A1), D0
D0=1B D1=101D00 D2=0 D3=FFFF D4=10404D40 D5=84418535 D6=84418535 D7=FFFF A0=108926 A1=101D00 A2=F6D38 A3=108F8A A4=80000 A5=108000 A6=108E3C PC=3F6C -- 003F6C: add.w   D0, D0
D0=36 D1=101D00 D2=0 D3=FFFF D4=10404D40 D5=84418535 D6=84418535 D7=FFFF A0=108926 A1=101D00 A2=F6D38 A3=108F8A A4=80000 A5=108000 A6=108E3C PC=3F6E -- 003F6E: add.w   D0, D0
D0=6C D1=101D00 D2=0 D3=FFFF D4=10404D40 D5=84418535 D6=84418535 D7=FFFF A0=108926 A1=101D00 A2=F6D38 A3=108F8A A4=80000 A5=108000 A6=108E3C PC=3F70 -- 003F70: movea.l (A4,D0.w), A4
D0=6C D1=101D00 D2=0 D3=FFFF D4=10404D40 D5=84418535 D6=84418535 D7=FFFF A0=108926 A1=101D00 A2=F6D38 A3=108F8A A4=86E00 A5=108000 A6=108E3C PC=3F74 -- 003F74: move.w  ($46de,A5), D0
D0=3D3D D1=101D00 D2=0 D3=FFFF D4=10404D40 D5=84418535 D6=84418535 D7=FFFF A0=108926 A1=101D00 A2=F6D38 A3=108F8A A4=86E00 A5=108000 A6=108E3C PC=3F78 -- 003F78: tst.b   ($46e2,A5)
D0=3D3D D1=101D00 D2=0 D3=FFFF D4=10404D40 D5=84418535 D6=84418535 D7=FFFF A0=108926 A1=101D00 A2=F6D38 A3=108F8A A4=86E00 A5=108000 A6=108E3C PC=3F7C -- 003F7C: beq     $3f82
D0=3D3D D1=101D00 D2=0 D3=FFFF D4=10404D40 D5=84418535 D6=84418535 D7=FFFF A0=108926 A1=101D00 A2=F6D38 A3=108F8A A4=86E00 A5=108000 A6=108E3C PC=3F82 -- 003F82: andi.w  #$ff, D0
D0=3D D1=101D00 D2=0 D3=FFFF D4=10404D40 D5=84418535 D6=84418535 D7=FFFF A0=108926 A1=101D00 A2=F6D38 A3=108F8A A4=86E00 A5=108000 A6=108E3C PC=3F86 -- 003F86: add.w   D0, D0
D0=7A D1=101D00 D2=0 D3=FFFF D4=10404D40 D5=84418535 D6=84418535 D7=FFFF A0=108926 A1=101D00 A2=F6D38 A3=108F8A A4=86E00 A5=108000 A6=108E3C PC=3F88 -- 003F88: add.w   D0, D0
D0=F4 D1=101D00 D2=0 D3=FFFF D4=10404D40 D5=84418535 D6=84418535 D7=FFFF A0=108926 A1=101D00 A2=F6D38 A3=108F8A A4=86E00 A5=108000 A6=108E3C PC=3F8A -- 003F8A: movea.l (A4,D0.w), A4
D0=F4 D1=101D00 D2=0 D3=FFFF D4=10404D40 D5=84418535 D6=84418535 D7=FFFF A0=108926 A1=101D00 A2=F6D38 A3=108F8A A4=F313A A5=108000 A6=108E3C PC=3F8E -- 003F8E: move.w  ($74,A1), D0
D0=0 D1=101D00 D2=0 D3=FFFF D4=10404D40 D5=84418535 D6=84418535 D7=FFFF A0=108926 A1=101D00 A2=F6D38 A3=108F8A A4=F313A A5=108000 A6=108E3C PC=3F92 -- 003F92: adda.w  D0, A4
D0=0 D1=101D00 D2=0 D3=FFFF D4=10404D40 D5=84418535 D6=84418535 D7=FFFF A0=108926 A1=101D00 A2=F6D38 A3=108F8A A4=F313A A5=108000 A6=108E3C PC=3F94 -- 003F94: move.l  (A4), D0
D0=10F112E D1=101D00 D2=0 D3=FFFF D4=10404D40 D5=84418535 D6=84418535 D7=FFFF A0=108926 A1=101D00 A2=F6D38 A3=108F8A A4=F313A A5=108000 A6=108E3C PC=3F96 -- 003F96: movea.l D0, A4
D0=10F112E D1=101D00 D2=0 D3=FFFF D4=10404D40 D5=84418535 D6=84418535 D7=FFFF A0=108926 A1=101D00 A2=F6D38 A3=108F8A A4=10F112E A5=108000 A6=108E3C PC=3F98 -- 003F98: move.l  A0, -(A7)
D0=10F112E D1=101D00 D2=0 D3=FFFF D4=10404D40 D5=84418535 D6=84418535 D7=FFFF A0=108926 A1=101D00 A2=F6D38 A3=108F8A A4=10F112E A5=108000 A6=108E3C PC=3F9A -- 003F9A: lea     $3c0002.l, A0
D0=10F112E D1=101D00 D2=0 D3=FFFF D4=10404D40 D5=84418535 D6=84418535 D7=FFFF A0=3C0002 A1=101D00 A2=F6D38 A3=108F8A A4=10F112E A5=108000 A6=108E3C PC=3FA0 -- 003FA0: tst.b   ($7c,A1)
D0=10F112E D1=101D00 D2=0 D3=FFFF D4=10404D40 D5=84418535 D6=84418535 D7=FFFF A0=3C0002 A1=101D00 A2=F6D38 A3=108F8A A4=10F112E A5=108000 A6=108E3C PC=3FA4 -- 003FA4: bpl     $3fc0
D0=10F112E D1=101D00 D2=0 D3=FFFF D4=10404D40 D5=84418535 D6=84418535 D7=FFFF A0=3C0002 A1=101D00 A2=F6D38 A3=108F8A A4=10F112E A5=108000 A6=108E3C PC=3FC0 -- 003FC0: moveq   #$0, D0
D0=0 D1=101D00 D2=0 D3=FFFF D4=10404D40 D5=84418535 D6=84418535 D7=FFFF A0=3C0002 A1=101D00 A2=F6D38 A3=108F8A A4=10F112E A5=108000 A6=108E3C PC=3FC2 -- 003FC2: move.b  (A2), D0
D0=2 D1=101D00 D2=0 D3=FFFF D4=10404D40 D5=84418535 D6=84418535 D7=FFFF A0=3C0002 A1=101D00 A2=F6D38 A3=108F8A A4=10F112E A5=108000 A6=108E3C PC=3FC4 -- 003FC4: sub.w   D0, ($794,A5)
D0=2 D1=101D00 D2=0 D3=FFFF D4=10404D40 D5=84418535 D6=84418535 D7=FFFF A0=3C0002 A1=101D00 A2=F6D38 A3=108F8A A4=10F112E A5=108000 A6=108E3C PC=3FC8 -- 003FC8: bcc     $3fd2
D0=2 D1=101D00 D2=0 D3=FFFF D4=10404D40 D5=84418535 D6=84418535 D7=FFFF A0=3C0002 A1=101D00 A2=F6D38 A3=108F8A A4=10F112E A5=108000 A6=108E3C PC=3FD2 -- 003FD2: move.l  A6, -(A7)
D0=2 D1=101D00 D2=0 D3=FFFF D4=10404D40 D5=84418535 D6=84418535 D7=FFFF A0=3C0002 A1=101D00 A2=F6D38 A3=108F8A A4=10F112E A5=108000 A6=108E3C PC=3FD4 -- 003FD4: btst    #$6, ($7c,A1)
D0=2 D1=101D00 D2=0 D3=FFFF D4=10404D40 D5=84418535 D6=84418535 D7=FFFF A0=3C0002 A1=101D00 A2=F6D38 A3=108F8A A4=10F112E A5=108000 A6=108E3C PC=3FDA -- 003FDA: bne     $400c
D0=2 D1=101D00 D2=0 D3=FFFF D4=10404D40 D5=84418535 D6=84418535 D7=FFFF A0=3C0002 A1=101D00 A2=F6D38 A3=108F8A A4=10F112E A5=108000 A6=108E3C PC=3FDE -- 003FDE: moveq   #$0, D1
D0=2 D1=0 D2=0 D3=FFFF D4=10404D40 D5=84418535 D6=84418535 D7=FFFF A0=3C0002 A1=101D00 A2=F6D38 A3=108F8A A4=10F112E A5=108000 A6=108E3C PC=3FE0 -- 003FE0: move.b  ($82,A1), D1
D0=2 D1=0 D2=0 D3=FFFF D4=10404D40 D5=84418535 D6=84418535 D7=FFFF A0=3C0002 A1=101D00 A2=F6D38 A3=108F8A A4=10F112E A5=108000 A6=108E3C PC=3FE4 -- 003FE4: add.w   D1, D1
D0=2 D1=0 D2=0 D3=FFFF D4=10404D40 D5=84418535 D6=84418535 D7=FFFF A0=3C0002 A1=101D00 A2=F6D38 A3=108F8A A4=10F112E A5=108000 A6=108E3C PC=3FE6 -- 003FE6: add.w   D1, D1
D0=2 D1=0 D2=0 D3=FFFF D4=10404D40 D5=84418535 D6=84418535 D7=FFFF A0=3C0002 A1=101D00 A2=F6D38 A3=108F8A A4=10F112E A5=108000 A6=108E3C PC=3FE8 -- 003FE8: move.w  ($18,A1), D0
D0=90 D1=0 D2=0 D3=FFFF D4=10404D40 D5=84418535 D6=84418535 D7=FFFF A0=3C0002 A1=101D00 A2=F6D38 A3=108F8A A4=10F112E A5=108000 A6=108E3C PC=3FEC -- 003FEC: lea     ($104c,A5), A6
D0=90 D1=0 D2=0 D3=FFFF D4=10404D40 D5=84418535 D6=84418535 D7=FFFF A0=3C0002 A1=101D00 A2=F6D38 A3=108F8A A4=10F112E A5=108000 A6=10904C PC=3FF0 -- 003FF0: sub.w   (A6,D1.w), D0
D0=90 D1=0 D2=0 D3=FFFF D4=10404D40 D5=84418535 D6=84418535 D7=FFFF A0=3C0002 A1=101D00 A2=F6D38 A3=108F8A A4=10F112E A5=108000 A6=10904C PC=3FF4 -- 003FF4: move.w  D0, ($24,A1)
D0=90 D1=0 D2=0 D3=FFFF D4=10404D40 D5=84418535 D6=84418535 D7=FFFF A0=3C0002 A1=101D00 A2=F6D38 A3=108F8A A4=10F112E A5=108000 A6=10904C PC=3FF8 -- 003FF8: move.w  ($1c,A1), D0
D0=C8 D1=0 D2=0 D3=FFFF D4=10404D40 D5=84418535 D6=84418535 D7=FFFF A0=3C0002 A1=101D00 A2=F6D38 A3=108F8A A4=10F112E A5=108000 A6=10904C PC=3FFC -- 003FFC: sub.w   ($20,A1), D0
D0=C8 D1=0 D2=0 D3=FFFF D4=10404D40 D5=84418535 D6=84418535 D7=FFFF A0=3C0002 A1=101D00 A2=F6D38 A3=108F8A A4=10F112E A5=108000 A6=10904C PC=4000 -- 004000: lea     ($1058,A5), A6
D0=C8 D1=0 D2=0 D3=FFFF D4=10404D40 D5=84418535 D6=84418535 D7=FFFF A0=3C0002 A1=101D00 A2=F6D38 A3=108F8A A4=10F112E A5=108000 A6=109058 PC=4004 -- 004004: sub.w   (A6,D1.w), D0
D0=C8 D1=0 D2=0 D3=FFFF D4=10404D40 D5=84418535 D6=84418535 D7=FFFF A0=3C0002 A1=101D00 A2=F6D38 A3=108F8A A4=10F112E A5=108000 A6=109058 PC=4008 -- 004008: move.w  D0, ($26,A1)
D0=C8 D1=0 D2=0 D3=FFFF D4=10404D40 D5=84418535 D6=84418535 D7=FFFF A0=3C0002 A1=101D00 A2=F6D38 A3=108F8A A4=10F112E A5=108000 A6=109058 PC=400C -- 00400C: tst.b   ($3a66,A5)
D0=C8 D1=0 D2=0 D3=FFFF D4=10404D40 D5=84418535 D6=84418535 D7=FFFF A0=3C0002 A1=101D00 A2=F6D38 A3=108F8A A4=10F112E A5=108000 A6=109058 PC=4010 -- 004010: bmi     $4018
D0=C8 D1=0 D2=0 D3=FFFF D4=10404D40 D5=84418535 D6=84418535 D7=FFFF A0=3C0002 A1=101D00 A2=F6D38 A3=108F8A A4=10F112E A5=108000 A6=109058 PC=4012 -- 004012: bsr     $4088
D0=C8 D1=0 D2=0 D3=FFFF D4=10404D40 D5=84418535 D6=84418535 D7=FFFF A0=3C0002 A1=101D00 A2=F6D38 A3=108F8A A4=10F112E A5=108000 A6=109058 PC=4088 -- 004088: move.w  (A4), D0
D0=10 D1=0 D2=0 D3=FFFF D4=10404D40 D5=84418535 D6=84418535 D7=FFFF A0=3C0002 A1=101D00 A2=F6D38 A3=108F8A A4=10F112E A5=108000 A6=109058 PC=408A -- 00408A: move.b  ($31,A1), D1
D0=10 D1=0 D2=0 D3=FFFF D4=10404D40 D5=84418535 D6=84418535 D7=FFFF A0=3C0002 A1=101D00 A2=F6D38 A3=108F8A A4=10F112E A5=108000 A6=109058 PC=408E -- 00408E: move.b  ($4,A4), D2
D0=10 D1=0 D2=0 D3=FFFF D4=10404D40 D5=84418535 D6=84418535 D7=FFFF A0=3C0002 A1=101D00 A2=F6D38 A3=108F8A A4=10F112E A5=108000 A6=109058 PC=4092 -- 004092: rol.b   #2, D2
D0=10 D1=0 D2=0 D3=FFFF D4=10404D40 D5=84418535 D6=84418535 D7=FFFF A0=3C0002 A1=101D00 A2=F6D38 A3=108F8A A4=10F112E A5=108000 A6=109058 PC=4094 -- 004094: eor.w   D2, D1
D0=10 D1=0 D2=0 D3=FFFF D4=10404D40 D5=84418535 D6=84418535 D7=FFFF A0=3C0002 A1=101D00 A2=F6D38 A3=108F8A A4=10F112E A5=108000 A6=109058 PC=4096 -- 004096: andi.w  #$3, D1
D0=10 D1=0 D2=0 D3=FFFF D4=10404D40 D5=84418535 D6=84418535 D7=FFFF A0=3C0002 A1=101D00 A2=F6D38 A3=108F8A A4=10F112E A5=108000 A6=109058 PC=409A -- 00409A: move.w  D1, ($790,A5)
D0=10 D1=0 D2=0 D3=FFFF D4=10404D40 D5=84418535 D6=84418535 D7=FFFF A0=3C0002 A1=101D00 A2=F6D38 A3=108F8A A4=10F112E A5=108000 A6=109058 PC=409E -- 00409E: andi.w  #$1, D1
D0=10 D1=0 D2=0 D3=FFFF D4=10404D40 D5=84418535 D6=84418535 D7=FFFF A0=3C0002 A1=101D00 A2=F6D38 A3=108F8A A4=10F112E A5=108000 A6=109058 PC=40A2 -- 0040A2: beq     $40ae
D0=10 D1=0 D2=0 D3=FFFF D4=10404D40 D5=84418535 D6=84418535 D7=FFFF A0=3C0002 A1=101D00 A2=F6D38 A3=108F8A A4=10F112E A5=108000 A6=109058 PC=40AE -- 0040AE: moveq   #$0, D1
D0=10 D1=0 D2=0 D3=FFFF D4=10404D40 D5=84418535 D6=84418535 D7=FFFF A0=3C0002 A1=101D00 A2=F6D38 A3=108F8A A4=10F112E A5=108000 A6=109058 PC=40B0 -- 0040B0: move.b  ($68,A1), D1
D0=10 D1=FF D2=0 D3=FFFF D4=10404D40 D5=84418535 D6=84418535 D7=FFFF A0=3C0002 A1=101D00 A2=F6D38 A3=108F8A A4=10F112E A5=108000 A6=109058 PC=40B4 -- 0040B4: addq.w  #1, D1
D0=10 D1=100 D2=0 D3=FFFF D4=10404D40 D5=84418535 D6=84418535 D7=FFFF A0=3C0002 A1=101D00 A2=F6D38 A3=108F8A A4=10F112E A5=108000 A6=109058 PC=40B6 -- 0040B6: muls.w  D1, D0
D0=1000 D1=100 D2=0 D3=FFFF D4=10404D40 D5=84418535 D6=84418535 D7=FFFF A0=3C0002 A1=101D00 A2=F6D38 A3=108F8A A4=10F112E A5=108000 A6=109058 PC=40B8 -- 0040B8: lsr.l   #8, D0
D0=10 D1=100 D2=0 D3=FFFF D4=10404D40 D5=84418535 D6=84418535 D7=FFFF A0=3C0002 A1=101D00 A2=F6D38 A3=108F8A A4=10F112E A5=108000 A6=109058 PC=40BA -- 0040BA: add.w   ($24,A1), D0
D0=A0 D1=100 D2=0 D3=FFFF D4=10404D40 D5=84418535 D6=84418535 D7=FFFF A0=3C0002 A1=101D00 A2=F6D38 A3=108F8A A4=10F112E A5=108000 A6=109058 PC=40BE -- 0040BE: lsl.w   #7, D0
D0=5000 D1=100 D2=0 D3=FFFF D4=10404D40 D5=84418535 D6=84418535 D7=FFFF A0=3C0002 A1=101D00 A2=F6D38 A3=108F8A A4=10F112E A5=108000 A6=109058 PC=40C0 -- 0040C0: move.w  D6, (-$2,A0)
D0=5000 D1=100 D2=0 D3=FFFF D4=10404D40 D5=84418535 D6=84418535 D7=FFFF A0=3C0002 A1=101D00 A2=F6D38 A3=108F8A A4=10F112E A5=108000 A6=109058 PC=40C4 -- 0040C4: move.w  D0, (A0)
D0=5000 D1=100 D2=0 D3=FFFF D4=10404D40 D5=84418535 D6=84418535 D7=FFFF A0=3C0002 A1=101D00 A2=F6D38 A3=108F8A A4=10F112E A5=108000 A6=109058 PC=40C6 -- 0040C6: moveq   #$0, D0
D0=0 D1=100 D2=0 D3=FFFF D4=10404D40 D5=84418535 D6=84418535 D7=FFFF A0=3C0002 A1=101D00 A2=F6D38 A3=108F8A A4=10F112E A5=108000 A6=109058 PC=40C8 -- 0040C8: move.b  (A2), D0
D0=2 D1=100 D2=0 D3=FFFF D4=10404D40 D5=84418535 D6=84418535 D7=FFFF A0=3C0002 A1=101D00 A2=F6D38 A3=108F8A A4=10F112E A5=108000 A6=109058 PC=40CA -- 0040CA: add.w   D0, D6
D0=2 D1=100 D2=0 D3=FFFF D4=10404D40 D5=84418537 D6=84418537 D7=FFFF A0=3C0002 A1=101D00 A2=F6D38 A3=108F8A A4=10F112E A5=108000 A6=109058 PC=40CC -- 0040CC: move.w  ($2,A4), D0
D0=FFF7 D1=100 D2=0 D3=FFFF D4=10404D40 D5=84418537 D6=84418537 D7=FFFF A0=3C0002 A1=101D00 A2=F6D38 A3=108F8A A4=10F112E A5=108000 A6=109058 PC=40D0 -- 0040D0: btst    #$1, ($791,A5)
D0=FFF7 D1=100 D2=0 D3=FFFF D4=10404D40 D5=84418537 D6=84418537 D7=FFFF A0=3C0002 A1=101D00 A2=F6D38 A3=108F8A A4=10F112E A5=108000 A6=109058 PC=40D6 -- 0040D6: beq     $40e4
D0=FFF7 D1=100 D2=0 D3=FFFF D4=10404D40 D5=84418537 D6=84418537 D7=FFFF A0=3C0002 A1=101D00 A2=F6D38 A3=108F8A A4=10F112E A5=108000 A6=109058 PC=40E4 -- 0040E4: moveq   #$0, D1
D0=FFF7 D1=0 D2=0 D3=FFFF D4=10404D40 D5=84418537 D6=84418537 D7=FFFF A0=3C0002 A1=101D00 A2=F6D38 A3=108F8A A4=10F112E A5=108000 A6=109058 PC=40E6 -- 0040E6: move.b  ($69,A1), D1
D0=FFF7 D1=FF D2=0 D3=FFFF D4=10404D40 D5=84418537 D6=84418537 D7=FFFF A0=3C0002 A1=101D00 A2=F6D38 A3=108F8A A4=10F112E A5=108000 A6=109058 PC=40EA -- 0040EA: addq.w  #1, D1
D0=FFF7 D1=100 D2=0 D3=FFFF D4=10404D40 D5=84418537 D6=84418537 D7=FFFF A0=3C0002 A1=101D00 A2=F6D38 A3=108F8A A4=10F112E A5=108000 A6=109058 PC=40EC -- 0040EC: muls.w  D1, D0
D0=FFFFF700 D1=100 D2=0 D3=FFFF D4=10404D40 D5=84418537 D6=84418537 D7=FFFF A0=3C0002 A1=101D00 A2=F6D38 A3=108F8A A4=10F112E A5=108000 A6=109058 PC=40EE -- 0040EE: lsr.l   #8, D0
D0=FFFFF7 D1=100 D2=0 D3=FFFF D4=10404D40 D5=84418537 D6=84418537 D7=FFFF A0=3C0002 A1=101D00 A2=F6D38 A3=108F8A A4=10F112E A5=108000 A6=109058 PC=40F0 -- 0040F0: add.w   ($26,A1), D0
D0=FF00BF D1=100 D2=0 D3=FFFF D4=10404D40 D5=84418537 D6=84418537 D7=FFFF A0=3C0002 A1=101D00 A2=F6D38 A3=108F8A A4=10F112E A5=108000 A6=109058 PC=40F4 -- 0040F4: neg.w   D0
D0=FFFF41 D1=100 D2=0 D3=FFFF D4=10404D40 D5=84418537 D6=84418537 D7=FFFF A0=3C0002 A1=101D00 A2=F6D38 A3=108F8A A4=10F112E A5=108000 A6=109058 PC=40F6 -- 0040F6: addi.w  #$1ff, D0
D0=FF0140 D1=100 D2=0 D3=FFFF D4=10404D40 D5=84418537 D6=84418537 D7=FFFF A0=3C0002 A1=101D00 A2=F6D38 A3=108F8A A4=10F112E A5=108000 A6=109058 PC=40FA -- 0040FA: lsl.w   #7, D0
D0=FFA000 D1=100 D2=0 D3=FFFF D4=10404D40 D5=84418537 D6=84418537 D7=FFFF A0=3C0002 A1=101D00 A2=F6D38 A3=108F8A A4=10F112E A5=108000 A6=109058 PC=40FC -- 0040FC: bsr     $4772
D0=FFA000 D1=100 D2=0 D3=FFFF D4=10404D40 D5=84418537 D6=84418537 D7=FFFF A0=3C0002 A1=101D00 A2=F6D38 A3=108F8A A4=10F112E A5=108000 A6=109058 PC=4772 -- 004772: move.w  D0, -(A7)
D0=FFA000 D1=100 D2=0 D3=FFFF D4=10404D40 D5=84418537 D6=84418537 D7=FFFF A0=3C0002 A1=101D00 A2=F6D38 A3=108F8A A4=10F112E A5=108000 A6=109058 PC=4774 -- 004774: moveq   #-$1, D0
D0=FFFFFFFF D1=100 D2=0 D3=FFFF D4=10404D40 D5=84418537 D6=84418537 D7=FFFF A0=3C0002 A1=101D00 A2=F6D38 A3=108F8A A4=10F112E A5=108000 A6=109058 PC=4776 -- 004776: moveq   #$0, D1
D0=FFFFFFFF D1=0 D2=0 D3=FFFF D4=10404D40 D5=84418537 D6=84418537 D7=FFFF A0=3C0002 A1=101D00 A2=F6D38 A3=108F8A A4=10F112E A5=108000 A6=109058 PC=4778 -- 004778: move.b  ($1,A2), D1
D0=FFFFFFFF D1=2 D2=0 D3=FFFF D4=10404D40 D5=84418537 D6=84418537 D7=FFFF A0=3C0002 A1=101D00 A2=F6D38 A3=108F8A A4=10F112E A5=108000 A6=109058 PC=477C -- 00477C: cmpi.b  #-$1, ($69,A1)
D0=FFFFFFFF D1=2 D2=0 D3=FFFF D4=10404D40 D5=84418537 D6=84418537 D7=FFFF A0=3C0002 A1=101D00 A2=F6D38 A3=108F8A A4=10F112E A5=108000 A6=109058 PC=4782 -- 004782: beq     $47b4
D0=FFFFFFFF D1=2 D2=0 D3=FFFF D4=10404D40 D5=84418537 D6=84418537 D7=FFFF A0=3C0002 A1=101D00 A2=F6D38 A3=108F8A A4=10F112E A5=108000 A6=109058 PC=47B4 -- 0047B4: move.b  D0, ($78f,A5)
D0=FFFFFFFF D1=2 D2=0 D3=FFFF D4=10404D40 D5=84418537 D6=84418537 D7=FFFF A0=3C0002 A1=101D00 A2=F6D38 A3=108F8A A4=10F112E A5=108000 A6=109058 PC=47B8 -- 0047B8: move.b  D1, ($78e,A5)
D0=FFFFFFFF D1=2 D2=0 D3=FFFF D4=10404D40 D5=84418537 D6=84418537 D7=FFFF A0=3C0002 A1=101D00 A2=F6D38 A3=108F8A A4=10F112E A5=108000 A6=109058 PC=47BC -- 0047BC: move.w  (A7)+, D0
D0=FFFFA000 D1=2 D2=0 D3=FFFF D4=10404D40 D5=84418537 D6=84418537 D7=FFFF A0=3C0002 A1=101D00 A2=F6D38 A3=108F8A A4=10F112E A5=108000 A6=109058 PC=47BE -- 0047BE: rts
D0=FFFFA000 D1=2 D2=0 D3=FFFF D4=10404D40 D5=84418537 D6=84418537 D7=FFFF A0=3C0002 A1=101D00 A2=F6D38 A3=108F8A A4=10F112E A5=108000 A6=109058 PC=4100 -- 004100: add.b   ($78e,A5), D0
D0=FFFFA002 D1=2 D2=0 D3=FFFF D4=10404D40 D5=84418537 D6=84418537 D7=FFFF A0=3C0002 A1=101D00 A2=F6D38 A3=108F8A A4=10F112E A5=108000 A6=109058 PC=4104 -- 004104: move.w  D0, (A3)+
D0=FFFFA002 D1=2 D2=0 D3=FFFF D4=10404D40 D5=84418537 D6=84418537 D7=FFFF A0=3C0002 A1=101D00 A2=F6D38 A3=108F8C A4=10F112E A5=108000 A6=109058 PC=4106 -- 004106: moveq   #$0, D0
D0=0 D1=2 D2=0 D3=FFFF D4=10404D40 D5=84418537 D6=84418537 D7=FFFF A0=3C0002 A1=101D00 A2=F6D38 A3=108F8C A4=10F112E A5=108000 A6=109058 PC=4108 -- 004108: move.b  (A2), D0
D0=2 D1=2 D2=0 D3=FFFF D4=10404D40 D5=84418537 D6=84418537 D7=FFFF A0=3C0002 A1=101D00 A2=F6D38 A3=108F8C A4=10F112E A5=108000 A6=109058 PC=410A -- 00410A: subq.b  #2, D0
D0=0 D1=2 D2=0 D3=FFFF D4=10404D40 D5=84418537 D6=84418537 D7=FFFF A0=3C0002 A1=101D00 A2=F6D38 A3=108F8C A4=10F112E A5=108000 A6=109058 PC=410C -- 00410C: bmi     $4118
D0=0 D1=2 D2=0 D3=FFFF D4=10404D40 D5=84418537 D6=84418537 D7=FFFF A0=3C0002 A1=101D00 A2=F6D38 A3=108F8C A4=10F112E A5=108000 A6=109058 PC=410E -- 00410E: move.w  #$40, D1
D0=0 D1=40 D2=0 D3=FFFF D4=10404D40 D5=84418537 D6=84418537 D7=FFFF A0=3C0002 A1=101D00 A2=F6D38 A3=108F8C A4=10F112E A5=108000 A6=109058 PC=4112 -- 004112: move.w  D1, (A3)+
D0=0 D1=40 D2=0 D3=FFFF D4=10404D40 D5=84418537 D6=84418537 D7=FFFF A0=3C0002 A1=101D00 A2=F6D38 A3=108F8E A4=10F112E A5=108000 A6=109058 PC=4114 -- 004114: dbra    D0, $4112
D0=FFFF D1=40 D2=0 D3=FFFF D4=10404D40 D5=84418537 D6=84418537 D7=FFFF A0=3C0002 A1=101D00 A2=F6D38 A3=108F8E A4=10F112E A5=108000 A6=109058 PC=4118 -- 004118: move.w  #$1, ($2,A0)
D0=FFFF D1=40 D2=0 D3=FFFF D4=10404D40 D5=84418537 D6=84418537 D7=FFFF A0=3C0002 A1=101D00 A2=F6D38 A3=108F8E A4=10F112E A5=108000 A6=109058 PC=411E -- 00411E: move.w  D5, (-$2,A0)
D0=FFFF D1=40 D2=0 D3=FFFF D4=10404D40 D5=84418537 D6=84418537 D7=FFFF A0=3C0002 A1=101D00 A2=F6D38 A3=108F8E A4=10F112E A5=108000 A6=109058 PC=4122 -- 004122: moveq   #$0, D1
D0=FFFF D1=0 D2=0 D3=FFFF D4=10404D40 D5=84418537 D6=84418537 D7=FFFF A0=3C0002 A1=101D00 A2=F6D38 A3=108F8E A4=10F112E A5=108000 A6=109058 PC=4124 -- 004124: move.b  ($68,A1), D0
D0=FFFF D1=0 D2=0 D3=FFFF D4=10404D40 D5=84418537 D6=84418537 D7=FFFF A0=3C0002 A1=101D00 A2=F6D38 A3=108F8E A4=10F112E A5=108000 A6=109058 PC=4128 -- 004128: move.b  D0, D1
D0=FFFF D1=FF D2=0 D3=FFFF D4=10404D40 D5=84418537 D6=84418537 D7=FFFF A0=3C0002 A1=101D00 A2=F6D38 A3=108F8E A4=10F112E A5=108000 A6=109058 PC=412A -- 00412A: andi.w  #$f, D0
D0=F D1=FF D2=0 D3=FFFF D4=10404D40 D5=84418537 D6=84418537 D7=FFFF A0=3C0002 A1=101D00 A2=F6D38 A3=108F8E A4=10F112E A5=108000 A6=109058 PC=412E -- 00412E: lsr.b   #4, D1
D0=F D1=F D2=0 D3=FFFF D4=10404D40 D5=84418537 D6=84418537 D7=FFFF A0=3C0002 A1=101D00 A2=F6D38 A3=108F8E A4=10F112E A5=108000 A6=109058 PC=4130 -- 004130: tst.b   D1
D0=F D1=F D2=0 D3=FFFF D4=10404D40 D5=84418537 D6=84418537 D7=FFFF A0=3C0002 A1=101D00 A2=F6D38 A3=108F8E A4=10F112E A5=108000 A6=109058 PC=4132 -- 004132: beq     $4164
D0=F D1=F D2=0 D3=FFFF D4=10404D40 D5=84418537 D6=84418537 D7=FFFF A0=3C0002 A1=101D00 A2=F6D38 A3=108F8E A4=10F112E A5=108000 A6=109058 PC=4134 -- 004134: lea     $4f9d2.l, A6
D0=F D1=F D2=0 D3=FFFF D4=10404D40 D5=84418537 D6=84418537 D7=FFFF A0=3C0002 A1=101D00 A2=F6D38 A3=108F8E A4=10F112E A5=108000 A6=4F9D2 PC=413A -- 00413A: lsl.w   #5, D0
D0=1E0 D1=F D2=0 D3=FFFF D4=10404D40 D5=84418537 D6=84418537 D7=FFFF A0=3C0002 A1=101D00 A2=F6D38 A3=108F8E A4=10F112E A5=108000 A6=4F9D2 PC=413C -- 00413C: adda.w  D0, A6
D0=1E0 D1=F D2=0 D3=FFFF D4=10404D40 D5=84418537 D6=84418537 D7=FFFF A0=3C0002 A1=101D00 A2=F6D38 A3=108F8E A4=10F112E A5=108000 A6=4FBB2 PC=413E -- 00413E: moveq   #$f, D0
D0=F D1=F D2=0 D3=FFFF D4=10404D40 D5=84418537 D6=84418537 D7=FFFF A0=3C0002 A1=101D00 A2=F6D38 A3=108F8E A4=10F112E A5=108000 A6=4FBB2 PC=4140 -- 004140: moveq   #$0, D2
D0=F D1=F D2=0 D3=FFFF D4=10404D40 D5=84418537 D6=84418537 D7=FFFF A0=3C0002 A1=101D00 A2=F6D38 A3=108F8E A4=10F112E A5=108000 A6=4FBB2 PC=4142 -- 004142: move.b  (A2), D2
D0=F D1=F D2=2 D3=FFFF D4=10404D40 D5=84418537 D6=84418537 D7=FFFF A0=3C0002 A1=101D00 A2=F6D38 A3=108F8E A4=10F112E A5=108000 A6=4FBB2 PC=4144 -- 004144: lsr.w   #1, D2
D0=F D1=F D2=1 D3=FFFF D4=10404D40 D5=84418537 D6=84418537 D7=FFFF A0=3C0002 A1=101D00 A2=F6D38 A3=108F8E A4=10F112E A5=108000 A6=4FBB2 PC=4146 -- 004146: sub.w   D2, D0
D0=E D1=F D2=1 D3=FFFF D4=10404D40 D5=84418537 D6=84418537 D7=FFFF A0=3C0002 A1=101D00 A2=F6D38 A3=108F8E A4=10F112E A5=108000 A6=4FBB2 PC=4148 -- 004148: adda.l  D0, A6
D0=E D1=F D2=1 D3=FFFF D4=10404D40 D5=84418537 D6=84418537 D7=FFFF A0=3C0002 A1=101D00 A2=F6D38 A3=108F8E A4=10F112E A5=108000 A6=4FBC0 PC=414A -- 00414A: move.b  (A2), D0
D0=2 D1=F D2=1 D3=FFFF D4=10404D40 D5=84418537 D6=84418537 D7=FFFF A0=3C0002 A1=101D00 A2=F6D38 A3=108F8E A4=10F112E A5=108000 A6=4FBC0 PC=414C -- 00414C: add.w   D0, D5
D0=2 D1=F D2=1 D3=FFFF D4=10404D40 D5=84418537 D6=84418537 D7=FFFF A0=3C0002 A1=101D00 A2=F6D38 A3=108F8E A4=10F112E A5=108000 A6=4FBC0 PC=414E -- 00414E: subq.b  #1, D0
D0=1 D1=F D2=1 D3=FFFF D4=10404D40 D5=84418537 D6=84418537 D7=FFFF A0=3C0002 A1=101D00 A2=F6D38 A3=108F8E A4=10F112E A5=108000 A6=4FBC0 PC=4150 -- 004150: move.b  D1, D2
D0=1 D1=F D2=F D3=FFFF D4=10404D40 D5=84418537 D6=84418537 D7=FFFF A0=3C0002 A1=101D00 A2=F6D38 A3=108F8E A4=10F112E A5=108000 A6=4FBC0 PC=4152 -- 004152: sub.b   (A6)+, D2
D0=1 D1=F D2=F D3=FFFF D4=10404D40 D5=84418537 D6=84418537 D7=FFFF A0=3C0002 A1=101D00 A2=F6D38 A3=108F8E A4=10F112E A5=108000 A6=4FBC1 PC=4154 -- 004154: lsl.w   #8, D2
D0=1 D1=F D2=F00 D3=FFFF D4=10404D40 D5=84418537 D6=84418537 D7=FFFF A0=3C0002 A1=101D00 A2=F6D38 A3=108F8E A4=10F112E A5=108000 A6=4FBC1 PC=4156 -- 004156: move.b  ($69,A1), D2
D0=1 D1=F D2=FFF D3=FFFF D4=10404D40 D5=84418537 D6=84418537 D7=FFFF A0=3C0002 A1=101D00 A2=F6D38 A3=108F8E A4=10F112E A5=108000 A6=4FBC1 PC=415A -- 00415A: move.w  D2, (A0)
D0=1 D1=F D2=FFF D3=FFFF D4=10404D40 D5=84418537 D6=84418537 D7=FFFF A0=3C0002 A1=101D00 A2=F6D38 A3=108F8E A4=10F112E A5=108000 A6=4FBC1 PC=415C -- 00415C: dbra    D0, $4150
D0=0 D1=F D2=FFF D3=FFFF D4=10404D40 D5=84418537 D6=84418537 D7=FFFF A0=3C0002 A1=101D00 A2=F6D38 A3=108F8E A4=10F112E A5=108000 A6=4FBC1 PC=4150 -- 004150: move.b  D1, D2
D0=0 D1=F D2=F0F D3=FFFF D4=10404D40 D5=84418537 D6=84418537 D7=FFFF A0=3C0002 A1=101D00 A2=F6D38 A3=108F8E A4=10F112E A5=108000 A6=4FBC1 PC=4152 -- 004152: sub.b   (A6)+, D2
D0=0 D1=F D2=F0F D3=FFFF D4=10404D40 D5=84418537 D6=84418537 D7=FFFF A0=3C0002 A1=101D00 A2=F6D38 A3=108F8E A4=10F112E A5=108000 A6=4FBC2 PC=4154 -- 004154: lsl.w   #8, D2
D0=0 D1=F D2=F00 D3=FFFF D4=10404D40 D5=84418537 D6=84418537 D7=FFFF A0=3C0002 A1=101D00 A2=F6D38 A3=108F8E A4=10F112E A5=108000 A6=4FBC2 PC=4156 -- 004156: move.b  ($69,A1), D2
D0=0 D1=F D2=FFF D3=FFFF D4=10404D40 D5=84418537 D6=84418537 D7=FFFF A0=3C0002 A1=101D00 A2=F6D38 A3=108F8E A4=10F112E A5=108000 A6=4FBC2 PC=415A -- 00415A: move.w  D2, (A0)
D0=0 D1=F D2=FFF D3=FFFF D4=10404D40 D5=84418537 D6=84418537 D7=FFFF A0=3C0002 A1=101D00 A2=F6D38 A3=108F8E A4=10F112E A5=108000 A6=4FBC2 PC=415C -- 00415C: dbra    D0, $4150
D0=FFFF D1=F D2=FFF D3=FFFF D4=10404D40 D5=84418537 D6=84418537 D7=FFFF A0=3C0002 A1=101D00 A2=F6D38 A3=108F8E A4=10F112E A5=108000 A6=4FBC2 PC=4160 -- 004160: bra     $4178
D0=FFFF D1=F D2=FFF D3=FFFF D4=10404D40 D5=84418537 D6=84418537 D7=FFFF A0=3C0002 A1=101D00 A2=F6D38 A3=108F8E A4=10F112E A5=108000 A6=4FBC2 PC=4178 -- 004178: move.b  ($2,A2), D0
D0=FFC4 D1=F D2=FFF D3=FFFF D4=10404D40 D5=84418537 D6=84418537 D7=FFFF A0=3C0002 A1=101D00 A2=F6D38 A3=108F8E A4=10F112E A5=108000 A6=4FBC2 PC=417C -- 00417C: tst.b   ($80,A1)
D0=FFC4 D1=F D2=FFF D3=FFFF D4=10404D40 D5=84418537 D6=84418537 D7=FFFF A0=3C0002 A1=101D00 A2=F6D38 A3=108F8E A4=10F112E A5=108000 A6=4FBC2 PC=4180 -- 004180: beq     $4188
D0=FFC4 D1=F D2=FFF D3=FFFF D4=10404D40 D5=84418537 D6=84418537 D7=FFFF A0=3C0002 A1=101D00 A2=F6D38 A3=108F8E A4=10F112E A5=108000 A6=4FBC2 PC=4188 -- 004188: add.b   ($30,A1), D0
D0=FFC4 D1=F D2=FFF D3=FFFF D4=10404D40 D5=84418537 D6=84418537 D7=FFFF A0=3C0002 A1=101D00 A2=F6D38 A3=108F8E A4=10F112E A5=108000 A6=4FBC2 PC=418C -- 00418C: lsl.w   #8, D0
D0=C400 D1=F D2=FFF D3=FFFF D4=10404D40 D5=84418537 D6=84418537 D7=FFFF A0=3C0002 A1=101D00 A2=F6D38 A3=108F8E A4=10F112E A5=108000 A6=4FBC2 PC=418E -- 00418E: tst.b   ($3,A2)
D0=C400 D1=F D2=FFF D3=FFFF D4=10404D40 D5=84418537 D6=84418537 D7=FFFF A0=3C0002 A1=101D00 A2=F6D38 A3=108F8E A4=10F112E A5=108000 A6=4FBC2 PC=4192 -- 004192: beq     $4198
D0=C400 D1=F D2=FFF D3=FFFF D4=10404D40 D5=84418537 D6=84418537 D7=FFFF A0=3C0002 A1=101D00 A2=F6D38 A3=108F8E A4=10F112E A5=108000 A6=4FBC2 PC=4194 -- 004194: move.b  #$10, D0
D0=C410 D1=F D2=FFF D3=FFFF D4=10404D40 D5=84418537 D6=84418537 D7=FFFF A0=3C0002 A1=101D00 A2=F6D38 A3=108F8E A4=10F112E A5=108000 A6=4FBC2 PC=4198 -- 004198: move.w  ($4,A2), D1
D0=C410 D1=DCBC D2=FFF D3=FFFF D4=10404D40 D5=84418537 D6=84418537 D7=FFFF A0=3C0002 A1=101D00 A2=F6D38 A3=108F8E A4=10F112E A5=108000 A6=4FBC2 PC=419C -- 00419C: moveq   #$0, D3
D0=C410 D1=DCBC D2=FFF D3=0 D4=10404D40 D5=84418537 D6=84418537 D7=FFFF A0=3C0002 A1=101D00 A2=F6D38 A3=108F8E A4=10F112E A5=108000 A6=4FBC2 PC=419E -- 00419E: move.b  (A2), D3
D0=C410 D1=DCBC D2=FFF D3=2 D4=10404D40 D5=84418537 D6=84418537 D7=FFFF A0=3C0002 A1=101D00 A2=F6D38 A3=108F8E A4=10F112E A5=108000 A6=4FBC2 PC=41A0 -- 0041A0: subq.b  #1, D3
D0=C410 D1=DCBC D2=FFF D3=1 D4=10404D40 D5=84418537 D6=84418537 D7=FFFF A0=3C0002 A1=101D00 A2=F6D38 A3=108F8E A4=10F112E A5=108000 A6=4FBC2 PC=41A2 -- 0041A2: move.w  ($790,A5), D7
D0=C410 D1=DCBC D2=FFF D3=1 D4=10404D40 D5=84418537 D6=84418537 D7=0 A0=3C0002 A1=101D00 A2=F6D38 A3=108F8E A4=10F112E A5=108000 A6=4FBC2 PC=41A6 -- 0041A6: add.w   D7, D7
D0=C410 D1=DCBC D2=FFF D3=1 D4=10404D40 D5=84418537 D6=84418537 D7=0 A0=3C0002 A1=101D00 A2=F6D38 A3=108F8E A4=10F112E A5=108000 A6=4FBC2 PC=41A8 -- 0041A8: add.w   D7, D7
D0=C410 D1=DCBC D2=FFF D3=1 D4=10404D40 D5=84418537 D6=84418537 D7=0 A0=3C0002 A1=101D00 A2=F6D38 A3=108F8E A4=10F112E A5=108000 A6=4FBC2 PC=41AA -- 0041AA: movea.l ($4,PC,D7.w), A6
D0=C410 D1=DCBC D2=FFF D3=1 D4=10404D40 D5=84418537 D6=84418537 D7=0 A0=3C0002 A1=101D00 A2=F6D38 A3=108F8E A4=10F112E A5=108000 A6=428C PC=41AE -- 0041AE: jmp     (A6)
D0=C410 D1=DCBC D2=FFF D3=1 D4=10404D40 D5=84418537 D6=84418537 D7=0 A0=3C0002 A1=101D00 A2=F6D38 A3=108F8E A4=10F112E A5=108000 A6=428C PC=428C -- 00428C: lea     ($6,A2), A6
D0=C410 D1=DCBC D2=FFF D3=1 D4=10404D40 D5=84418537 D6=84418537 D7=0 A0=3C0002 A1=101D00 A2=F6D38 A3=108F8E A4=10F112E A5=108000 A6=F6D3E PC=4290 -- 004290: move.w  #$1, ($2,A0)
D0=C410 D1=DCBC D2=FFF D3=1 D4=10404D40 D5=84418537 D6=84418537 D7=0 A0=3C0002 A1=101D00 A2=F6D38 A3=108F8E A4=10F112E A5=108000 A6=F6D3E PC=4296 -- 004296: moveq   #$0, D7
D0=C410 D1=DCBC D2=FFF D3=1 D4=10404D40 D5=84418537 D6=84418537 D7=0 A0=3C0002 A1=101D00 A2=F6D38 A3=108F8E A4=10F112E A5=108000 A6=F6D3E PC=4298 -- 004298: move.b  ($1,A2), D7
D0=C410 D1=DCBC D2=FFF D3=1 D4=10404D40 D5=84418537 D6=84418537 D7=2 A0=3C0002 A1=101D00 A2=F6D38 A3=108F8E A4=10F112E A5=108000 A6=F6D3E PC=429C -- 00429C: subq.b  #1, D7
D0=C410 D1=DCBC D2=FFF D3=1 D4=10404D40 D5=84418537 D6=84418537 D7=1 A0=3C0002 A1=101D00 A2=F6D38 A3=108F8E A4=10F112E A5=108000 A6=F6D3E PC=429E -- 00429E: move.w  (A6)+, D2
D0=C410 D1=DCBC D2=C000 D3=1 D4=10404D40 D5=84418537 D6=84418537 D7=1 A0=3C0002 A1=101D00 A2=F6D38 A3=108F8E A4=10F112E A5=108000 A6=F6D40 PC=42A0 -- 0042A0: move.w  D4, (-$2,A0)
D0=C410 D1=DCBC D2=C000 D3=1 D4=10404D40 D5=84418537 D6=84418537 D7=1 A0=3C0002 A1=101D00 A2=F6D38 A3=108F8E A4=10F112E A5=108000 A6=F6D40 PC=42A4 -- 0042A4: add.w   D2, D2
D0=C410 D1=DCBC D2=8000 D3=1 D4=10404D40 D5=84418537 D6=84418537 D7=1 A0=3C0002 A1=101D00 A2=F6D38 A3=108F8E A4=10F112E A5=108000 A6=F6D40 PC=42A6 -- 0042A6: bcc     $42b8
D0=C410 D1=DCBC D2=8000 D3=1 D4=10404D40 D5=84418537 D6=84418537 D7=1 A0=3C0002 A1=101D00 A2=F6D38 A3=108F8E A4=10F112E A5=108000 A6=F6D40 PC=42A8 -- 0042A8: move.w  D1, (A0)
D0=C410 D1=DCBC D2=8000 D3=1 D4=10404D40 D5=84418537 D6=84418537 D7=1 A0=3C0002 A1=101D00 A2=F6D38 A3=108F8E A4=10F112E A5=108000 A6=F6D40 PC=42AA -- 0042AA: nop
D0=C410 D1=DCBC D2=8000 D3=1 D4=10404D40 D5=84418537 D6=84418537 D7=1 A0=3C0002 A1=101D00 A2=F6D38 A3=108F8E A4=10F112E A5=108000 A6=F6D40 PC=42AC -- 0042AC: move.w  D0, (A0)
D0=C410 D1=DCBC D2=8000 D3=1 D4=10404D40 D5=84418537 D6=84418537 D7=1 A0=3C0002 A1=101D00 A2=F6D38 A3=108F8E A4=10F112E A5=108000 A6=F6D40 PC=42AE -- 0042AE: addq.w  #1, D1
D0=C410 D1=DCBD D2=8000 D3=1 D4=10404D40 D5=84418537 D6=84418537 D7=1 A0=3C0002 A1=101D00 A2=F6D38 A3=108F8E A4=10F112E A5=108000 A6=F6D40 PC=42B0 -- 0042B0: bcc     $42c0
D0=C410 D1=DCBD D2=8000 D3=1 D4=10404D40 D5=84418537 D6=84418537 D7=1 A0=3C0002 A1=101D00 A2=F6D38 A3=108F8E A4=10F112E A5=108000 A6=F6D40 PC=42C0 -- 0042C0: dbra    D7, $42a4
D0=C410 D1=DCBD D2=8000 D3=1 D4=10404D40 D5=84418537 D6=84418537 D7=0 A0=3C0002 A1=101D00 A2=F6D38 A3=108F8E A4=10F112E A5=108000 A6=F6D40 PC=42A4 -- 0042A4: add.w   D2, D2
D0=C410 D1=DCBD D2=0 D3=1 D4=10404D40 D5=84418537 D6=84418537 D7=0 A0=3C0002 A1=101D00 A2=F6D38 A3=108F8E A4=10F112E A5=108000 A6=F6D40 PC=42A6 -- 0042A6: bcc     $42b8
D0=C410 D1=DCBD D2=0 D3=1 D4=10404D40 D5=84418537 D6=84418537 D7=0 A0=3C0002 A1=101D00 A2=F6D38 A3=108F8E A4=10F112E A5=108000 A6=F6D40 PC=42A8 -- 0042A8: move.w  D1, (A0)
D0=C410 D1=DCBD D2=0 D3=1 D4=10404D40 D5=84418537 D6=84418537 D7=0 A0=3C0002 A1=101D00 A2=F6D38 A3=108F8E A4=10F112E A5=108000 A6=F6D40 PC=42AA -- 0042AA: nop
D0=C410 D1=DCBD D2=0 D3=1 D4=10404D40 D5=84418537 D6=84418537 D7=0 A0=3C0002 A1=101D00 A2=F6D38 A3=108F8E A4=10F112E A5=108000 A6=F6D40 PC=42AC -- 0042AC: move.w  D0, (A0)
D0=C410 D1=DCBD D2=0 D3=1 D4=10404D40 D5=84418537 D6=84418537 D7=0 A0=3C0002 A1=101D00 A2=F6D38 A3=108F8E A4=10F112E A5=108000 A6=F6D40 PC=42AE -- 0042AE: addq.w  #1, D1
D0=C410 D1=DCBE D2=0 D3=1 D4=10404D40 D5=84418537 D6=84418537 D7=0 A0=3C0002 A1=101D00 A2=F6D38 A3=108F8E A4=10F112E A5=108000 A6=F6D40 PC=42B0 -- 0042B0: bcc     $42c0
D0=C410 D1=DCBE D2=0 D3=1 D4=10404D40 D5=84418537 D6=84418537 D7=0 A0=3C0002 A1=101D00 A2=F6D38 A3=108F8E A4=10F112E A5=108000 A6=F6D40 PC=42C0 -- 0042C0: dbra    D7, $42a4
D0=C410 D1=DCBE D2=0 D3=1 D4=10404D40 D5=84418537 D6=84418537 D7=FFFF A0=3C0002 A1=101D00 A2=F6D38 A3=108F8E A4=10F112E A5=108000 A6=F6D40 PC=42C4 -- 0042C4: bsr     $47c0
D0=C410 D1=DCBE D2=0 D3=1 D4=10404D40 D5=84418537 D6=84418537 D7=FFFF A0=3C0002 A1=101D00 A2=F6D38 A3=108F8E A4=10F112E A5=108000 A6=F6D40 PC=47C0 -- 0047C0: tst.b   ($78f,A5)
D0=C410 D1=DCBE D2=0 D3=1 D4=10404D40 D5=84418537 D6=84418537 D7=FFFF A0=3C0002 A1=101D00 A2=F6D38 A3=108F8E A4=10F112E A5=108000 A6=F6D40 PC=47C4 -- 0047C4: bpl     $47c8
D0=C410 D1=DCBE D2=0 D3=1 D4=10404D40 D5=84418537 D6=84418537 D7=FFFF A0=3C0002 A1=101D00 A2=F6D38 A3=108F8E A4=10F112E A5=108000 A6=F6D40 PC=47C6 -- 0047C6: rts
D0=C410 D1=DCBE D2=0 D3=1 D4=10404D40 D5=84418537 D6=84418537 D7=FFFF A0=3C0002 A1=101D00 A2=F6D38 A3=108F8E A4=10F112E A5=108000 A6=F6D40 PC=42C8 -- 0042C8: addi.w  #$40, D4
D0=C410 D1=DCBE D2=0 D3=1 D4=10404D80 D5=84418537 D6=84418537 D7=FFFF A0=3C0002 A1=101D00 A2=F6D38 A3=108F8E A4=10F112E A5=108000 A6=F6D40 PC=42CC -- 0042CC: dbra    D3, $4296
D0=C410 D1=DCBE D2=0 D3=0 D4=10404D80 D5=84418537 D6=84418537 D7=FFFF A0=3C0002 A1=101D00 A2=F6D38 A3=108F8E A4=10F112E A5=108000 A6=F6D40 PC=4296 -- 004296: moveq   #$0, D7
D0=C410 D1=DCBE D2=0 D3=0 D4=10404D80 D5=84418537 D6=84418537 D7=0 A0=3C0002 A1=101D00 A2=F6D38 A3=108F8E A4=10F112E A5=108000 A6=F6D40 PC=4298 -- 004298: move.b  ($1,A2), D7
D0=C410 D1=DCBE D2=0 D3=0 D4=10404D80 D5=84418537 D6=84418537 D7=2 A0=3C0002 A1=101D00 A2=F6D38 A3=108F8E A4=10F112E A5=108000 A6=F6D40 PC=429C -- 00429C: subq.b  #1, D7
D0=C410 D1=DCBE D2=0 D3=0 D4=10404D80 D5=84418537 D6=84418537 D7=1 A0=3C0002 A1=101D00 A2=F6D38 A3=108F8E A4=10F112E A5=108000 A6=F6D40 PC=429E -- 00429E: move.w  (A6)+, D2
D0=C410 D1=DCBE D2=C000 D3=0 D4=10404D80 D5=84418537 D6=84418537 D7=1 A0=3C0002 A1=101D00 A2=F6D38 A3=108F8E A4=10F112E A5=108000 A6=F6D42 PC=42A0 -- 0042A0: move.w  D4, (-$2,A0)

   (loops for 16 instructions)

D0=C410 D1=DCC0 D2=0 D3=0 D4=10404D80 D5=84418537 D6=84418537 D7=FFFF A0=3C0002 A1=101D00 A2=F6D38 A3=108F8E A4=10F112E A5=108000 A6=F6D42 PC=42C4 -- 0042C4: bsr     $47c0
D0=C410 D1=DCC0 D2=0 D3=0 D4=10404D80 D5=84418537 D6=84418537 D7=FFFF A0=3C0002 A1=101D00 A2=F6D38 A3=108F8E A4=10F112E A5=108000 A6=F6D42 PC=47C0 -- 0047C0: tst.b   ($78f,A5)
D0=C410 D1=DCC0 D2=0 D3=0 D4=10404D80 D5=84418537 D6=84418537 D7=FFFF A0=3C0002 A1=101D00 A2=F6D38 A3=108F8E A4=10F112E A5=108000 A6=F6D42 PC=47C4 -- 0047C4: bpl     $47c8
D0=C410 D1=DCC0 D2=0 D3=0 D4=10404D80 D5=84418537 D6=84418537 D7=FFFF A0=3C0002 A1=101D00 A2=F6D38 A3=108F8E A4=10F112E A5=108000 A6=F6D42 PC=47C6 -- 0047C6: rts
D0=C410 D1=DCC0 D2=0 D3=0 D4=10404D80 D5=84418537 D6=84418537 D7=FFFF A0=3C0002 A1=101D00 A2=F6D38 A3=108F8E A4=10F112E A5=108000 A6=F6D42 PC=42C8 -- 0042C8: addi.w  #$40, D4
D0=C410 D1=DCC0 D2=0 D3=0 D4=10404DC0 D5=84418537 D6=84418537 D7=FFFF A0=3C0002 A1=101D00 A2=F6D38 A3=108F8E A4=10F112E A5=108000 A6=F6D42 PC=42CC -- 0042CC: dbra    D3, $4296
D0=C410 D1=DCC0 D2=0 D3=FFFF D4=10404DC0 D5=84418537 D6=84418537 D7=FFFF A0=3C0002 A1=101D00 A2=F6D38 A3=108F8E A4=10F112E A5=108000 A6=F6D42 PC=42D0 -- 0042D0: rts
D0=C410 D1=DCC0 D2=0 D3=FFFF D4=10404DC0 D5=84418537 D6=84418537 D7=FFFF A0=3C0002 A1=101D00 A2=F6D38 A3=108F8E A4=10F112E A5=108000 A6=F6D42 PC=4016 -- 004016: bra     $401c
D0=C410 D1=DCC0 D2=0 D3=FFFF D4=10404DC0 D5=84418537 D6=84418537 D7=FFFF A0=3C0002 A1=101D00 A2=F6D38 A3=108F8E A4=10F112E A5=108000 A6=F6D42 PC=401C -- 00401C: movea.l (A7)+, A6
D0=C410 D1=DCC0 D2=0 D3=FFFF D4=10404DC0 D5=84418537 D6=84418537 D7=FFFF A0=3C0002 A1=101D00 A2=F6D38 A3=108F8E A4=10F112E A5=108000 A6=108E3C PC=401E -- 00401E: btst    #$5, ($4,A4)
D0=C410 D1=DCC0 D2=0 D3=FFFF D4=10404DC0 D5=84418537 D6=84418537 D7=FFFF A0=3C0002 A1=101D00 A2=F6D38 A3=108F8E A4=10F112E A5=108000 A6=108E3C PC=4024 -- 004024: beq     $4056
D0=C410 D1=DCC0 D2=0 D3=FFFF D4=10404DC0 D5=84418537 D6=84418537 D7=FFFF A0=3C0002 A1=101D00 A2=F6D38 A3=108F8E A4=10F112E A5=108000 A6=108E3C PC=4056 -- 004056: tst.b   ($7c,A1)
D0=C410 D1=DCC0 D2=0 D3=FFFF D4=10404DC0 D5=84418537 D6=84418537 D7=FFFF A0=3C0002 A1=101D00 A2=F6D38 A3=108F8E A4=10F112E A5=108000 A6=108E3C PC=405A -- 00405A: bpl     $4064
D0=C410 D1=DCC0 D2=0 D3=FFFF D4=10404DC0 D5=84418537 D6=84418537 D7=FFFF A0=3C0002 A1=101D00 A2=F6D38 A3=108F8E A4=10F112E A5=108000 A6=108E3C PC=4064 -- 004064: movea.l (A7)+, A0
D0=C410 D1=DCC0 D2=0 D3=FFFF D4=10404DC0 D5=84418537 D6=84418537 D7=FFFF A0=108926 A1=101D00 A2=F6D38 A3=108F8E A4=10F112E A5=108000 A6=108E3C PC=4066 -- 004066: subq.w  #1, ($e3a,A5)
D0=C410 D1=DCC0 D2=0 D3=FFFF D4=10404DC0 D5=84418537 D6=84418537 D7=FFFF A0=108926 A1=101D00 A2=F6D38 A3=108F8E A4=10F112E A5=108000 A6=108E3C PC=406A -- 00406A: bne     $3f32
D0=C410 D1=DCC0 D2=0 D3=FFFF D4=10404DC0 D5=84418537 D6=84418537 D7=FFFF A0=108926 A1=101D00 A2=F6D38 A3=108F8E A4=10F112E A5=108000 A6=108E3C PC=3F32 -- 003F32: move.w  (A0)+, D0
D0=1F00 D1=DCC0 D2=0 D3=FFFF D4=10404DC0 D5=84418537 D6=84418537 D7=FFFF A0=108928 A1=101D00 A2=F6D38 A3=108F8E A4=10F112E A5=108000 A6=108E3C PC=3F34 -- 003F34: beq     $3f32
D0=1F00 D1=DCC0 D2=0 D3=FFFF D4=10404DC0 D5=84418537 D6=84418537 D7=FFFF A0=108928 A1=101D00 A2=F6D38 A3=108F8E A4=10F112E A5=108000 A6=108E3C PC=3F36 -- 003F36: clr.w   (-$2,A0)
D0=1F00 D1=DCC0 D2=0 D3=FFFF D4=10404DC0 D5=84418537 D6=84418537 D7=FFFF A0=108928 A1=101D00 A2=F6D38 A3=108F8E A4=10F112E A5=108000 A6=108E3C PC=3F3A -- 003F3A: move.l  A5, D1
D0=1F00 D1=108000 D2=0 D3=FFFF D4=10404DC0 D5=84418537 D6=84418537 D7=FFFF A0=108928 A1=101D00 A2=F6D38 A3=108F8E A4=10F112E A5=108000 A6=108E3C PC=3F3C -- 003F3C: move.w  D0, D1
D0=1F00 D1=101F00 D2=0 D3=FFFF D4=10404DC0 D5=84418537 D6=84418537 D7=FFFF A0=108928 A1=101D00 A2=F6D38 A3=108F8E A4=10F112E A5=108000 A6=108E3C PC=3F3E -- 003F3E: movea.l D1, A1
D0=1F00 D1=101F00 D2=0 D3=FFFF D4=10404DC0 D5=84418537 D6=84418537 D7=FFFF A0=108928 A1=101F00 A2=F6D38 A3=108F8E A4=10F112E A5=108000 A6=108E3C PC=3F40 -- 003F40: movea.l ($28,A1), A2
D0=1F00 D1=101F00 D2=0 D3=FFFF D4=10404DC0 D5=84418537 D6=84418537 D7=FFFF A0=108928 A1=101F00 A2=F6D2E A3=108F8E A4=10F112E A5=108000 A6=108E3C PC=3F44 -- 003F44: lea     $7bf48.l, A4
D0=1F00 D1=101F00 D2=0 D3=FFFF D4=10404DC0 D5=84418537 D6=84418537 D7=FFFF A0=108928 A1=101F00 A2=F6D2E A3=108F8E A4=7BF48 A5=108000 A6=108E3C PC=3F4A -- 003F4A: move.w  ($70,A1), D0
D0=1B D1=101F00 D2=0 D3=FFFF D4=10404DC0 D5=84418537 D6=84418537 D7=FFFF A0=108928 A1=101F00 A2=F6D2E A3=108F8E A4=7BF48 A5=108000 A6=108E3C PC=3F4E -- 003F4E: add.w   D0, D0
D0=36 D1=101F00 D2=0 D3=FFFF D4=10404DC0 D5=84418537 D6=84418537 D7=FFFF A0=108928 A1=101F00 A2=F6D2E A3=108F8E A4=7BF48 A5=108000 A6=108E3C PC=3F50 -- 003F50: add.w   D0, D0
D0=6C D1=101F00 D2=0 D3=FFFF D4=10404DC0 D5=84418537 D6=84418537 D7=FFFF A0=108928 A1=101F00 A2=F6D2E A3=108F8E A4=7BF48 A5=108000 A6=108E3C PC=3F52 -- 003F52: movea.l (A4,D0.w), A4
D0=6C D1=101F00 D2=0 D3=FFFF D4=10404DC0 D5=84418537 D6=84418537 D7=FFFF A0=108928 A1=101F00 A2=F6D2E A3=108F8E A4=7F5E0 A5=108000 A6=108E3C PC=3F56 -- 003F56: move.w  ($72,A1), D0
D0=3C D1=101F00 D2=0 D3=FFFF D4=10404DC0 D5=84418537 D6=84418537 D7=FFFF A0=108928 A1=101F00 A2=F6D2E A3=108F8E A4=7F5E0 A5=108000 A6=108E3C PC=3F5A -- 003F5A: add.w   D0, D0
D0=78 D1=101F00 D2=0 D3=FFFF D4=10404DC0 D5=84418537 D6=84418537 D7=FFFF A0=108928 A1=101F00 A2=F6D2E A3=108F8E A4=7F5E0 A5=108000 A6=108E3C PC=3F5C -- 003F5C: move.w  (A4,D0.w), ($46de,A5)
D0=78 D1=101F00 D2=0 D3=FFFF D4=10404DC0 D5=84418537 D6=84418537 D7=FFFF A0=108928 A1=101F00 A2=F6D2E A3=108F8E A4=7F5E0 A5=108000 A6=108E3C PC=3F62 -- 003F62: lea     $80000.l, A4
D0=78 D1=101F00 D2=0 D3=FFFF D4=10404DC0 D5=84418537 D6=84418537 D7=FFFF A0=108928 A1=101F00 A2=F6D2E A3=108F8E A4=80000 A5=108000 A6=108E3C PC=3F68 -- 003F68: move.w  ($70,A1), D0
D0=1B D1=101F00 D2=0 D3=FFFF D4=10404DC0 D5=84418537 D6=84418537 D7=FFFF A0=108928 A1=101F00 A2=F6D2E A3=108F8E A4=80000 A5=108000 A6=108E3C PC=3F6C -- 003F6C: add.w   D0, D0
D0=36 D1=101F00 D2=0 D3=FFFF D4=10404DC0 D5=84418537 D6=84418537 D7=FFFF A0=108928 A1=101F00 A2=F6D2E A3=108F8E A4=80000 A5=108000 A6=108E3C PC=3F6E -- 003F6E: add.w   D0, D0
D0=6C D1=101F00 D2=0 D3=FFFF D4=10404DC0 D5=84418537 D6=84418537 D7=FFFF A0=108928 A1=101F00 A2=F6D2E A3=108F8E A4=80000 A5=108000 A6=108E3C PC=3F70 -- 003F70: movea.l (A4,D0.w), A4
D0=6C D1=101F00 D2=0 D3=FFFF D4=10404DC0 D5=84418537 D6=84418537 D7=FFFF A0=108928 A1=101F00 A2=F6D2E A3=108F8E A4=86E00 A5=108000 A6=108E3C PC=3F74 -- 003F74: move.w  ($46de,A5), D0
D0=3C3C D1=101F00 D2=0 D3=FFFF D4=10404DC0 D5=84418537 D6=84418537 D7=FFFF A0=108928 A1=101F00 A2=F6D2E A3=108F8E A4=86E00 A5=108000 A6=108E3C PC=3F78 -- 003F78: tst.b   ($46e2,A5)
D0=3C3C D1=101F00 D2=0 D3=FFFF D4=10404DC0 D5=84418537 D6=84418537 D7=FFFF A0=108928 A1=101F00 A2=F6D2E A3=108F8E A4=86E00 A5=108000 A6=108E3C PC=3F7C -- 003F7C: beq     $3f82
D0=3C3C D1=101F00 D2=0 D3=FFFF D4=10404DC0 D5=84418537 D6=84418537 D7=FFFF A0=108928 A1=101F00 A2=F6D2E A3=108F8E A4=86E00 A5=108000 A6=108E3C PC=3F82 -- 003F82: andi.w  #$ff, D0
D0=3C D1=101F00 D2=0 D3=FFFF D4=10404DC0 D5=84418537 D6=84418537 D7=FFFF A0=108928 A1=101F00 A2=F6D2E A3=108F8E A4=86E00 A5=108000 A6=108E3C PC=3F86 -- 003F86: add.w   D0, D0
D0=78 D1=101F00 D2=0 D3=FFFF D4=10404DC0 D5=84418537 D6=84418537 D7=FFFF A0=108928 A1=101F00 A2=F6D2E A3=108F8E A4=86E00 A5=108000 A6=108E3C PC=3F88 -- 003F88: add.w   D0, D0
D0=F0 D1=101F00 D2=0 D3=FFFF D4=10404DC0 D5=84418537 D6=84418537 D7=FFFF A0=108928 A1=101F00 A2=F6D2E A3=108F8E A4=86E00 A5=108000 A6=108E3C PC=3F8A -- 003F8A: movea.l (A4,D0.w), A4
D0=F0 D1=101F00 D2=0 D3=FFFF D4=10404DC0 D5=84418537 D6=84418537 D7=FFFF A0=108928 A1=101F00 A2=F6D2E A3=108F8E A4=F3132 A5=108000 A6=108E3C PC=3F8E -- 003F8E: move.w  ($74,A1), D0
D0=0 D1=101F00 D2=0 D3=FFFF D4=10404DC0 D5=84418537 D6=84418537 D7=FFFF A0=108928 A1=101F00 A2=F6D2E A3=108F8E A4=F3132 A5=108000 A6=108E3C PC=3F92 -- 003F92: adda.w  D0, A4
D0=0 D1=101F00 D2=0 D3=FFFF D4=10404DC0 D5=84418537 D6=84418537 D7=FFFF A0=108928 A1=101F00 A2=F6D2E A3=108F8E A4=F3132 A5=108000 A6=108E3C PC=3F94 -- 003F94: move.l  (A4), D0
D0=10F1128 D1=101F00 D2=0 D3=FFFF D4=10404DC0 D5=84418537 D6=84418537 D7=FFFF A0=108928 A1=101F00 A2=F6D2E A3=108F8E A4=F3132 A5=108000 A6=108E3C PC=3F96 -- 003F96: movea.l D0, A4
D0=10F1128 D1=101F00 D2=0 D3=FFFF D4=10404DC0 D5=84418537 D6=84418537 D7=FFFF A0=108928 A1=101F00 A2=F6D2E A3=108F8E A4=10F1128 A5=108000 A6=108E3C PC=3F98 -- 003F98: move.l  A0, -(A7)
D0=10F1128 D1=101F00 D2=0 D3=FFFF D4=10404DC0 D5=84418537 D6=84418537 D7=FFFF A0=108928 A1=101F00 A2=F6D2E A3=108F8E A4=10F1128 A5=108000 A6=108E3C PC=3F9A -- 003F9A: lea     $3c0002.l, A0
D0=10F1128 D1=101F00 D2=0 D3=FFFF D4=10404DC0 D5=84418537 D6=84418537 D7=FFFF A0=3C0002 A1=101F00 A2=F6D2E A3=108F8E A4=10F1128 A5=108000 A6=108E3C PC=3FA0 -- 003FA0: tst.b   ($7c,A1)
D0=10F1128 D1=101F00 D2=0 D3=FFFF D4=10404DC0 D5=84418537 D6=84418537 D7=FFFF A0=3C0002 A1=101F00 A2=F6D2E A3=108F8E A4=10F1128 A5=108000 A6=108E3C PC=3FA4 -- 003FA4: bpl     $3fc0
D0=10F1128 D1=101F00 D2=0 D3=FFFF D4=10404DC0 D5=84418537 D6=84418537 D7=FFFF A0=3C0002 A1=101F00 A2=F6D2E A3=108F8E A4=10F1128 A5=108000 A6=108E3C PC=3FC0 -- 003FC0: moveq   #$0, D0
D0=0 D1=101F00 D2=0 D3=FFFF D4=10404DC0 D5=84418537 D6=84418537 D7=FFFF A0=3C0002 A1=101F00 A2=F6D2E A3=108F8E A4=10F1128 A5=108000 A6=108E3C PC=3FC2 -- 003FC2: move.b  (A2), D0
D0=2 D1=101F00 D2=0 D3=FFFF D4=10404DC0 D5=84418537 D6=84418537 D7=FFFF A0=3C0002 A1=101F00 A2=F6D2E A3=108F8E A4=10F1128 A5=108000 A6=108E3C PC=3FC4 -- 003FC4: sub.w   D0, ($794,A5)
D0=2 D1=101F00 D2=0 D3=FFFF D4=10404DC0 D5=84418537 D6=84418537 D7=FFFF A0=3C0002 A1=101F00 A2=F6D2E A3=108F8E A4=10F1128 A5=108000 A6=108E3C PC=3FC8 -- 003FC8: bcc     $3fd2
D0=2 D1=101F00 D2=0 D3=FFFF D4=10404DC0 D5=84418537 D6=84418537 D7=FFFF A0=3C0002 A1=101F00 A2=F6D2E A3=108F8E A4=10F1128 A5=108000 A6=108E3C PC=3FD2 -- 003FD2: move.l  A6, -(A7)
D0=2 D1=101F00 D2=0 D3=FFFF D4=10404DC0 D5=84418537 D6=84418537 D7=FFFF A0=3C0002 A1=101F00 A2=F6D2E A3=108F8E A4=10F1128 A5=108000 A6=108E3C PC=3FD4 -- 003FD4: btst    #$6, ($7c,A1)
D0=2 D1=101F00 D2=0 D3=FFFF D4=10404DC0 D5=84418537 D6=84418537 D7=FFFF A0=3C0002 A1=101F00 A2=F6D2E A3=108F8E A4=10F1128 A5=108000 A6=108E3C PC=3FDA -- 003FDA: bne     $400c
D0=2 D1=101F00 D2=0 D3=FFFF D4=10404DC0 D5=84418537 D6=84418537 D7=FFFF A0=3C0002 A1=101F00 A2=F6D2E A3=108F8E A4=10F1128 A5=108000 A6=108E3C PC=3FDE -- 003FDE: moveq   #$0, D1
D0=2 D1=0 D2=0 D3=FFFF D4=10404DC0 D5=84418537 D6=84418537 D7=FFFF A0=3C0002 A1=101F00 A2=F6D2E A3=108F8E A4=10F1128 A5=108000 A6=108E3C PC=3FE0 -- 003FE0: move.b  ($82,A1), D1
D0=2 D1=0 D2=0 D3=FFFF D4=10404DC0 D5=84418537 D6=84418537 D7=FFFF A0=3C0002 A1=101F00 A2=F6D2E A3=108F8E A4=10F1128 A5=108000 A6=108E3C PC=3FE4 -- 003FE4: add.w   D1, D1
D0=2 D1=0 D2=0 D3=FFFF D4=10404DC0 D5=84418537 D6=84418537 D7=FFFF A0=3C0002 A1=101F00 A2=F6D2E A3=108F8E A4=10F1128 A5=108000 A6=108E3C PC=3FE6 -- 003FE6: add.w   D1, D1
D0=2 D1=0 D2=0 D3=FFFF D4=10404DC0 D5=84418537 D6=84418537 D7=FFFF A0=3C0002 A1=101F00 A2=F6D2E A3=108F8E A4=10F1128 A5=108000 A6=108E3C PC=3FE8 -- 003FE8: move.w  ($18,A1), D0
D0=90 D1=0 D2=0 D3=FFFF D4=10404DC0 D5=84418537 D6=84418537 D7=FFFF A0=3C0002 A1=101F00 A2=F6D2E A3=108F8E A4=10F1128 A5=108000 A6=108E3C PC=3FEC -- 003FEC: lea     ($104c,A5), A6
D0=90 D1=0 D2=0 D3=FFFF D4=10404DC0 D5=84418537 D6=84418537 D7=FFFF A0=3C0002 A1=101F00 A2=F6D2E A3=108F8E A4=10F1128 A5=108000 A6=10904C PC=3FF0 -- 003FF0: sub.w   (A6,D1.w), D0
D0=90 D1=0 D2=0 D3=FFFF D4=10404DC0 D5=84418537 D6=84418537 D7=FFFF A0=3C0002 A1=101F00 A2=F6D2E A3=108F8E A4=10F1128 A5=108000 A6=10904C PC=3FF4 -- 003FF4: move.w  D0, ($24,A1)
D0=90 D1=0 D2=0 D3=FFFF D4=10404DC0 D5=84418537 D6=84418537 D7=FFFF A0=3C0002 A1=101F00 A2=F6D2E A3=108F8E A4=10F1128 A5=108000 A6=10904C PC=3FF8 -- 003FF8: move.w  ($1c,A1), D0
D0=C8 D1=0 D2=0 D3=FFFF D4=10404DC0 D5=84418537 D6=84418537 D7=FFFF A0=3C0002 A1=101F00 A2=F6D2E A3=108F8E A4=10F1128 A5=108000 A6=10904C PC=3FFC -- 003FFC: sub.w   ($20,A1), D0
D0=C8 D1=0 D2=0 D3=FFFF D4=10404DC0 D5=84418537 D6=84418537 D7=FFFF A0=3C0002 A1=101F00 A2=F6D2E A3=108F8E A4=10F1128 A5=108000 A6=10904C PC=4000 -- 004000: lea     ($1058,A5), A6
D0=C8 D1=0 D2=0 D3=FFFF D4=10404DC0 D5=84418537 D6=84418537 D7=FFFF A0=3C0002 A1=101F00 A2=F6D2E A3=108F8E A4=10F1128 A5=108000 A6=109058 PC=4004 -- 004004: sub.w   (A6,D1.w), D0
D0=C8 D1=0 D2=0 D3=FFFF D4=10404DC0 D5=84418537 D6=84418537 D7=FFFF A0=3C0002 A1=101F00 A2=F6D2E A3=108F8E A4=10F1128 A5=108000 A6=109058 PC=4008 -- 004008: move.w  D0, ($26,A1)
D0=C8 D1=0 D2=0 D3=FFFF D4=10404DC0 D5=84418537 D6=84418537 D7=FFFF A0=3C0002 A1=101F00 A2=F6D2E A3=108F8E A4=10F1128 A5=108000 A6=109058 PC=400C -- 00400C: tst.b   ($3a66,A5)
D0=C8 D1=0 D2=0 D3=FFFF D4=10404DC0 D5=84418537 D6=84418537 D7=FFFF A0=3C0002 A1=101F00 A2=F6D2E A3=108F8E A4=10F1128 A5=108000 A6=109058 PC=4010 -- 004010: bmi     $4018
D0=C8 D1=0 D2=0 D3=FFFF D4=10404DC0 D5=84418537 D6=84418537 D7=FFFF A0=3C0002 A1=101F00 A2=F6D2E A3=108F8E A4=10F1128 A5=108000 A6=109058 PC=4012 -- 004012: bsr     $4088
D0=C8 D1=0 D2=0 D3=FFFF D4=10404DC0 D5=84418537 D6=84418537 D7=FFFF A0=3C0002 A1=101F00 A2=F6D2E A3=108F8E A4=10F1128 A5=108000 A6=109058 PC=4088 -- 004088: move.w  (A4), D0
D0=FFF0 D1=0 D2=0 D3=FFFF D4=10404DC0 D5=84418537 D6=84418537 D7=FFFF A0=3C0002 A1=101F00 A2=F6D2E A3=108F8E A4=10F1128 A5=108000 A6=109058 PC=408A -- 00408A: move.b  ($31,A1), D1
D0=FFF0 D1=0 D2=0 D3=FFFF D4=10404DC0 D5=84418537 D6=84418537 D7=FFFF A0=3C0002 A1=101F00 A2=F6D2E A3=108F8E A4=10F1128 A5=108000 A6=109058 PC=408E -- 00408E: move.b  ($4,A4), D2
D0=FFF0 D1=0 D2=0 D3=FFFF D4=10404DC0 D5=84418537 D6=84418537 D7=FFFF A0=3C0002 A1=101F00 A2=F6D2E A3=108F8E A4=10F1128 A5=108000 A6=109058 PC=4092 -- 004092: rol.b   #2, D2
D0=FFF0 D1=0 D2=0 D3=FFFF D4=10404DC0 D5=84418537 D6=84418537 D7=FFFF A0=3C0002 A1=101F00 A2=F6D2E A3=108F8E A4=10F1128 A5=108000 A6=109058 PC=4094 -- 004094: eor.w   D2, D1
D0=FFF0 D1=0 D2=0 D3=FFFF D4=10404DC0 D5=84418537 D6=84418537 D7=FFFF A0=3C0002 A1=101F00 A2=F6D2E A3=108F8E A4=10F1128 A5=108000 A6=109058 PC=4096 -- 004096: andi.w  #$3, D1
D0=FFF0 D1=0 D2=0 D3=FFFF D4=10404DC0 D5=84418537 D6=84418537 D7=FFFF A0=3C0002 A1=101F00 A2=F6D2E A3=108F8E A4=10F1128 A5=108000 A6=109058 PC=409A -- 00409A: move.w  D1, ($790,A5)
D0=FFF0 D1=0 D2=0 D3=FFFF D4=10404DC0 D5=84418537 D6=84418537 D7=FFFF A0=3C0002 A1=101F00 A2=F6D2E A3=108F8E A4=10F1128 A5=108000 A6=109058 PC=409E -- 00409E: andi.w  #$1, D1
D0=FFF0 D1=0 D2=0 D3=FFFF D4=10404DC0 D5=84418537 D6=84418537 D7=FFFF A0=3C0002 A1=101F00 A2=F6D2E A3=108F8E A4=10F1128 A5=108000 A6=109058 PC=40A2 -- 0040A2: beq     $40ae
D0=FFF0 D1=0 D2=0 D3=FFFF D4=10404DC0 D5=84418537 D6=84418537 D7=FFFF A0=3C0002 A1=101F00 A2=F6D2E A3=108F8E A4=10F1128 A5=108000 A6=109058 PC=40AE -- 0040AE: moveq   #$0, D1
D0=FFF0 D1=0 D2=0 D3=FFFF D4=10404DC0 D5=84418537 D6=84418537 D7=FFFF A0=3C0002 A1=101F00 A2=F6D2E A3=108F8E A4=10F1128 A5=108000 A6=109058 PC=40B0 -- 0040B0: move.b  ($68,A1), D1
D0=FFF0 D1=FF D2=0 D3=FFFF D4=10404DC0 D5=84418537 D6=84418537 D7=FFFF A0=3C0002 A1=101F00 A2=F6D2E A3=108F8E A4=10F1128 A5=108000 A6=109058 PC=40B4 -- 0040B4: addq.w  #1, D1
D0=FFF0 D1=100 D2=0 D3=FFFF D4=10404DC0 D5=84418537 D6=84418537 D7=FFFF A0=3C0002 A1=101F00 A2=F6D2E A3=108F8E A4=10F1128 A5=108000 A6=109058 PC=40B6 -- 0040B6: muls.w  D1, D0
D0=FFFFF000 D1=100 D2=0 D3=FFFF D4=10404DC0 D5=84418537 D6=84418537 D7=FFFF A0=3C0002 A1=101F00 A2=F6D2E A3=108F8E A4=10F1128 A5=108000 A6=109058 PC=40B8 -- 0040B8: lsr.l   #8, D0
D0=FFFFF0 D1=100 D2=0 D3=FFFF D4=10404DC0 D5=84418537 D6=84418537 D7=FFFF A0=3C0002 A1=101F00 A2=F6D2E A3=108F8E A4=10F1128 A5=108000 A6=109058 PC=40BA -- 0040BA: add.w   ($24,A1), D0
D0=FF0080 D1=100 D2=0 D3=FFFF D4=10404DC0 D5=84418537 D6=84418537 D7=FFFF A0=3C0002 A1=101F00 A2=F6D2E A3=108F8E A4=10F1128 A5=108000 A6=109058 PC=40BE -- 0040BE: lsl.w   #7, D0
D0=FF4000 D1=100 D2=0 D3=FFFF D4=10404DC0 D5=84418537 D6=84418537 D7=FFFF A0=3C0002 A1=101F00 A2=F6D2E A3=108F8E A4=10F1128 A5=108000 A6=109058 PC=40C0 -- 0040C0: move.w  D6, (-$2,A0)
D0=FF4000 D1=100 D2=0 D3=FFFF D4=10404DC0 D5=84418537 D6=84418537 D7=FFFF A0=3C0002 A1=101F00 A2=F6D2E A3=108F8E A4=10F1128 A5=108000 A6=109058 PC=40C4 -- 0040C4: move.w  D0, (A0)
D0=FF4000 D1=100 D2=0 D3=FFFF D4=10404DC0 D5=84418537 D6=84418537 D7=FFFF A0=3C0002 A1=101F00 A2=F6D2E A3=108F8E A4=10F1128 A5=108000 A6=109058 PC=40C6 -- 0040C6: moveq   #$0, D0
D0=0 D1=100 D2=0 D3=FFFF D4=10404DC0 D5=84418537 D6=84418537 D7=FFFF A0=3C0002 A1=101F00 A2=F6D2E A3=108F8E A4=10F1128 A5=108000 A6=109058 PC=40C8 -- 0040C8: move.b  (A2), D0
D0=2 D1=100 D2=0 D3=FFFF D4=10404DC0 D5=84418537 D6=84418537 D7=FFFF A0=3C0002 A1=101F00 A2=F6D2E A3=108F8E A4=10F1128 A5=108000 A6=109058 PC=40CA -- 0040CA: add.w   D0, D6
D0=2 D1=100 D2=0 D3=FFFF D4=10404DC0 D5=84418539 D6=84418539 D7=FFFF A0=3C0002 A1=101F00 A2=F6D2E A3=108F8E A4=10F1128 A5=108000 A6=109058 PC=40CC -- 0040CC: move.w  ($2,A4), D0
D0=FFF7 D1=100 D2=0 D3=FFFF D4=10404DC0 D5=84418539 D6=84418539 D7=FFFF A0=3C0002 A1=101F00 A2=F6D2E A3=108F8E A4=10F1128 A5=108000 A6=109058 PC=40D0 -- 0040D0: btst    #$1, ($791,A5)
D0=FFF7 D1=100 D2=0 D3=FFFF D4=10404DC0 D5=84418539 D6=84418539 D7=FFFF A0=3C0002 A1=101F00 A2=F6D2E A3=108F8E A4=10F1128 A5=108000 A6=109058 PC=40D6 -- 0040D6: beq     $40e4
D0=FFF7 D1=100 D2=0 D3=FFFF D4=10404DC0 D5=84418539 D6=84418539 D7=FFFF A0=3C0002 A1=101F00 A2=F6D2E A3=108F8E A4=10F1128 A5=108000 A6=109058 PC=40E4 -- 0040E4: moveq   #$0, D1
D0=FFF7 D1=0 D2=0 D3=FFFF D4=10404DC0 D5=84418539 D6=84418539 D7=FFFF A0=3C0002 A1=101F00 A2=F6D2E A3=108F8E A4=10F1128 A5=108000 A6=109058 PC=40E6 -- 0040E6: move.b  ($69,A1), D1
D0=FFF7 D1=FF D2=0 D3=FFFF D4=10404DC0 D5=84418539 D6=84418539 D7=FFFF A0=3C0002 A1=101F00 A2=F6D2E A3=108F8E A4=10F1128 A5=108000 A6=109058 PC=40EA -- 0040EA: addq.w  #1, D1
D0=FFF7 D1=100 D2=0 D3=FFFF D4=10404DC0 D5=84418539 D6=84418539 D7=FFFF A0=3C0002 A1=101F00 A2=F6D2E A3=108F8E A4=10F1128 A5=108000 A6=109058 PC=40EC -- 0040EC: muls.w  D1, D0
D0=FFFFF700 D1=100 D2=0 D3=FFFF D4=10404DC0 D5=84418539 D6=84418539 D7=FFFF A0=3C0002 A1=101F00 A2=F6D2E A3=108F8E A4=10F1128 A5=108000 A6=109058 PC=40EE -- 0040EE: lsr.l   #8, D0
D0=FFFFF7 D1=100 D2=0 D3=FFFF D4=10404DC0 D5=84418539 D6=84418539 D7=FFFF A0=3C0002 A1=101F00 A2=F6D2E A3=108F8E A4=10F1128 A5=108000 A6=109058 PC=40F0 -- 0040F0: add.w   ($26,A1), D0
D0=FF00BF D1=100 D2=0 D3=FFFF D4=10404DC0 D5=84418539 D6=84418539 D7=FFFF A0=3C0002 A1=101F00 A2=F6D2E A3=108F8E A4=10F1128 A5=108000 A6=109058 PC=40F4 -- 0040F4: neg.w   D0
D0=FFFF41 D1=100 D2=0 D3=FFFF D4=10404DC0 D5=84418539 D6=84418539 D7=FFFF A0=3C0002 A1=101F00 A2=F6D2E A3=108F8E A4=10F1128 A5=108000 A6=109058 PC=40F6 -- 0040F6: addi.w  #$1ff, D0
D0=FF0140 D1=100 D2=0 D3=FFFF D4=10404DC0 D5=84418539 D6=84418539 D7=FFFF A0=3C0002 A1=101F00 A2=F6D2E A3=108F8E A4=10F1128 A5=108000 A6=109058 PC=40FA -- 0040FA: lsl.w   #7, D0
D0=FFA000 D1=100 D2=0 D3=FFFF D4=10404DC0 D5=84418539 D6=84418539 D7=FFFF A0=3C0002 A1=101F00 A2=F6D2E A3=108F8E A4=10F1128 A5=108000 A6=109058 PC=40FC -- 0040FC: bsr     $4772
D0=FFA000 D1=100 D2=0 D3=FFFF D4=10404DC0 D5=84418539 D6=84418539 D7=FFFF A0=3C0002 A1=101F00 A2=F6D2E A3=108F8E A4=10F1128 A5=108000 A6=109058 PC=4772 -- 004772: move.w  D0, -(A7)
D0=FFA000 D1=100 D2=0 D3=FFFF D4=10404DC0 D5=84418539 D6=84418539 D7=FFFF A0=3C0002 A1=101F00 A2=F6D2E A3=108F8E A4=10F1128 A5=108000 A6=109058 PC=4774 -- 004774: moveq   #-$1, D0
D0=FFFFFFFF D1=100 D2=0 D3=FFFF D4=10404DC0 D5=84418539 D6=84418539 D7=FFFF A0=3C0002 A1=101F00 A2=F6D2E A3=108F8E A4=10F1128 A5=108000 A6=109058 PC=4776 -- 004776: moveq   #$0, D1
D0=FFFFFFFF D1=0 D2=0 D3=FFFF D4=10404DC0 D5=84418539 D6=84418539 D7=FFFF A0=3C0002 A1=101F00 A2=F6D2E A3=108F8E A4=10F1128 A5=108000 A6=109058 PC=4778 -- 004778: move.b  ($1,A2), D1
D0=FFFFFFFF D1=2 D2=0 D3=FFFF D4=10404DC0 D5=84418539 D6=84418539 D7=FFFF A0=3C0002 A1=101F00 A2=F6D2E A3=108F8E A4=10F1128 A5=108000 A6=109058 PC=477C -- 00477C: cmpi.b  #-$1, ($69,A1)
D0=FFFFFFFF D1=2 D2=0 D3=FFFF D4=10404DC0 D5=84418539 D6=84418539 D7=FFFF A0=3C0002 A1=101F00 A2=F6D2E A3=108F8E A4=10F1128 A5=108000 A6=109058 PC=4782 -- 004782: beq     $47b4
D0=FFFFFFFF D1=2 D2=0 D3=FFFF D4=10404DC0 D5=84418539 D6=84418539 D7=FFFF A0=3C0002 A1=101F00 A2=F6D2E A3=108F8E A4=10F1128 A5=108000 A6=109058 PC=47B4 -- 0047B4: move.b  D0, ($78f,A5)
D0=FFFFFFFF D1=2 D2=0 D3=FFFF D4=10404DC0 D5=84418539 D6=84418539 D7=FFFF A0=3C0002 A1=101F00 A2=F6D2E A3=108F8E A4=10F1128 A5=108000 A6=109058 PC=47B8 -- 0047B8: move.b  D1, ($78e,A5)
D0=FFFFFFFF D1=2 D2=0 D3=FFFF D4=10404DC0 D5=84418539 D6=84418539 D7=FFFF A0=3C0002 A1=101F00 A2=F6D2E A3=108F8E A4=10F1128 A5=108000 A6=109058 PC=47BC -- 0047BC: move.w  (A7)+, D0
D0=FFFFA000 D1=2 D2=0 D3=FFFF D4=10404DC0 D5=84418539 D6=84418539 D7=FFFF A0=3C0002 A1=101F00 A2=F6D2E A3=108F8E A4=10F1128 A5=108000 A6=109058 PC=47BE -- 0047BE: rts
D0=FFFFA000 D1=2 D2=0 D3=FFFF D4=10404DC0 D5=84418539 D6=84418539 D7=FFFF A0=3C0002 A1=101F00 A2=F6D2E A3=108F8E A4=10F1128 A5=108000 A6=109058 PC=4100 -- 004100: add.b   ($78e,A5), D0
D0=FFFFA002 D1=2 D2=0 D3=FFFF D4=10404DC0 D5=84418539 D6=84418539 D7=FFFF A0=3C0002 A1=101F00 A2=F6D2E A3=108F8E A4=10F1128 A5=108000 A6=109058 PC=4104 -- 004104: move.w  D0, (A3)+
D0=FFFFA002 D1=2 D2=0 D3=FFFF D4=10404DC0 D5=84418539 D6=84418539 D7=FFFF A0=3C0002 A1=101F00 A2=F6D2E A3=108F90 A4=10F1128 A5=108000 A6=109058 PC=4106 -- 004106: moveq   #$0, D0
D0=0 D1=2 D2=0 D3=FFFF D4=10404DC0 D5=84418539 D6=84418539 D7=FFFF A0=3C0002 A1=101F00 A2=F6D2E A3=108F90 A4=10F1128 A5=108000 A6=109058 PC=4108 -- 004108: move.b  (A2), D0
D0=2 D1=2 D2=0 D3=FFFF D4=10404DC0 D5=84418539 D6=84418539 D7=FFFF A0=3C0002 A1=101F00 A2=F6D2E A3=108F90 A4=10F1128 A5=108000 A6=109058 PC=410A -- 00410A: subq.b  #2, D0
D0=0 D1=2 D2=0 D3=FFFF D4=10404DC0 D5=84418539 D6=84418539 D7=FFFF A0=3C0002 A1=101F00 A2=F6D2E A3=108F90 A4=10F1128 A5=108000 A6=109058 PC=410C -- 00410C: bmi     $4118
D0=0 D1=2 D2=0 D3=FFFF D4=10404DC0 D5=84418539 D6=84418539 D7=FFFF A0=3C0002 A1=101F00 A2=F6D2E A3=108F90 A4=10F1128 A5=108000 A6=109058 PC=410E -- 00410E: move.w  #$40, D1
D0=0 D1=40 D2=0 D3=FFFF D4=10404DC0 D5=84418539 D6=84418539 D7=FFFF A0=3C0002 A1=101F00 A2=F6D2E A3=108F90 A4=10F1128 A5=108000 A6=109058 PC=4112 -- 004112: move.w  D1, (A3)+
D0=0 D1=40 D2=0 D3=FFFF D4=10404DC0 D5=84418539 D6=84418539 D7=FFFF A0=3C0002 A1=101F00 A2=F6D2E A3=108F92 A4=10F1128 A5=108000 A6=109058 PC=4114 -- 004114: dbra    D0, $4112
D0=FFFF D1=40 D2=0 D3=FFFF D4=10404DC0 D5=84418539 D6=84418539 D7=FFFF A0=3C0002 A1=101F00 A2=F6D2E A3=108F92 A4=10F1128 A5=108000 A6=109058 PC=4118 -- 004118: move.w  #$1, ($2,A0)
D0=FFFF D1=40 D2=0 D3=FFFF D4=10404DC0 D5=84418539 D6=84418539 D7=FFFF A0=3C0002 A1=101F00 A2=F6D2E A3=108F92 A4=10F1128 A5=108000 A6=109058 PC=411E -- 00411E: move.w  D5, (-$2,A0)
D0=FFFF D1=40 D2=0 D3=FFFF D4=10404DC0 D5=84418539 D6=84418539 D7=FFFF A0=3C0002 A1=101F00 A2=F6D2E A3=108F92 A4=10F1128 A5=108000 A6=109058 PC=4122 -- 004122: moveq   #$0, D1
D0=FFFF D1=0 D2=0 D3=FFFF D4=10404DC0 D5=84418539 D6=84418539 D7=FFFF A0=3C0002 A1=101F00 A2=F6D2E A3=108F92 A4=10F1128 A5=108000 A6=109058 PC=4124 -- 004124: move.b  ($68,A1), D0
D0=FFFF D1=0 D2=0 D3=FFFF D4=10404DC0 D5=84418539 D6=84418539 D7=FFFF A0=3C0002 A1=101F00 A2=F6D2E A3=108F92 A4=10F1128 A5=108000 A6=109058 PC=4128 -- 004128: move.b  D0, D1
D0=FFFF D1=FF D2=0 D3=FFFF D4=10404DC0 D5=84418539 D6=84418539 D7=FFFF A0=3C0002 A1=101F00 A2=F6D2E A3=108F92 A4=10F1128 A5=108000 A6=109058 PC=412A -- 00412A: andi.w  #$f, D0
D0=F D1=FF D2=0 D3=FFFF D4=10404DC0 D5=84418539 D6=84418539 D7=FFFF A0=3C0002 A1=101F00 A2=F6D2E A3=108F92 A4=10F1128 A5=108000 A6=109058 PC=412E -- 00412E: lsr.b   #4, D1
D0=F D1=F D2=0 D3=FFFF D4=10404DC0 D5=84418539 D6=84418539 D7=FFFF A0=3C0002 A1=101F00 A2=F6D2E A3=108F92 A4=10F1128 A5=108000 A6=109058 PC=4130 -- 004130: tst.b   D1
D0=F D1=F D2=0 D3=FFFF D4=10404DC0 D5=84418539 D6=84418539 D7=FFFF A0=3C0002 A1=101F00 A2=F6D2E A3=108F92 A4=10F1128 A5=108000 A6=109058 PC=4132 -- 004132: beq     $4164
D0=F D1=F D2=0 D3=FFFF D4=10404DC0 D5=84418539 D6=84418539 D7=FFFF A0=3C0002 A1=101F00 A2=F6D2E A3=108F92 A4=10F1128 A5=108000 A6=109058 PC=4134 -- 004134: lea     $4f9d2.l, A6
D0=F D1=F D2=0 D3=FFFF D4=10404DC0 D5=84418539 D6=84418539 D7=FFFF A0=3C0002 A1=101F00 A2=F6D2E A3=108F92 A4=10F1128 A5=108000 A6=4F9D2 PC=413A -- 00413A: lsl.w   #5, D0
D0=1E0 D1=F D2=0 D3=FFFF D4=10404DC0 D5=84418539 D6=84418539 D7=FFFF A0=3C0002 A1=101F00 A2=F6D2E A3=108F92 A4=10F1128 A5=108000 A6=4F9D2 PC=413C -- 00413C: adda.w  D0, A6
D0=1E0 D1=F D2=0 D3=FFFF D4=10404DC0 D5=84418539 D6=84418539 D7=FFFF A0=3C0002 A1=101F00 A2=F6D2E A3=108F92 A4=10F1128 A5=108000 A6=4FBB2 PC=413E -- 00413E: moveq   #$f, D0
D0=F D1=F D2=0 D3=FFFF D4=10404DC0 D5=84418539 D6=84418539 D7=FFFF A0=3C0002 A1=101F00 A2=F6D2E A3=108F92 A4=10F1128 A5=108000 A6=4FBB2 PC=4140 -- 004140: moveq   #$0, D2
D0=F D1=F D2=0 D3=FFFF D4=10404DC0 D5=84418539 D6=84418539 D7=FFFF A0=3C0002 A1=101F00 A2=F6D2E A3=108F92 A4=10F1128 A5=108000 A6=4FBB2 PC=4142 -- 004142: move.b  (A2), D2
D0=F D1=F D2=2 D3=FFFF D4=10404DC0 D5=84418539 D6=84418539 D7=FFFF A0=3C0002 A1=101F00 A2=F6D2E A3=108F92 A4=10F1128 A5=108000 A6=4FBB2 PC=4144 -- 004144: lsr.w   #1, D2
D0=F D1=F D2=1 D3=FFFF D4=10404DC0 D5=84418539 D6=84418539 D7=FFFF A0=3C0002 A1=101F00 A2=F6D2E A3=108F92 A4=10F1128 A5=108000 A6=4FBB2 PC=4146 -- 004146: sub.w   D2, D0
D0=E D1=F D2=1 D3=FFFF D4=10404DC0 D5=84418539 D6=84418539 D7=FFFF A0=3C0002 A1=101F00 A2=F6D2E A3=108F92 A4=10F1128 A5=108000 A6=4FBB2 PC=4148 -- 004148: adda.l  D0, A6
D0=E D1=F D2=1 D3=FFFF D4=10404DC0 D5=84418539 D6=84418539 D7=FFFF A0=3C0002 A1=101F00 A2=F6D2E A3=108F92 A4=10F1128 A5=108000 A6=4FBC0 PC=414A -- 00414A: move.b  (A2), D0
D0=2 D1=F D2=1 D3=FFFF D4=10404DC0 D5=84418539 D6=84418539 D7=FFFF A0=3C0002 A1=101F00 A2=F6D2E A3=108F92 A4=10F1128 A5=108000 A6=4FBC0 PC=414C -- 00414C: add.w   D0, D5
D0=2 D1=F D2=1 D3=FFFF D4=10404DC0 D5=84418539 D6=84418539 D7=FFFF A0=3C0002 A1=101F00 A2=F6D2E A3=108F92 A4=10F1128 A5=108000 A6=4FBC0 PC=414E -- 00414E: subq.b  #1, D0
D0=1 D1=F D2=1 D3=FFFF D4=10404DC0 D5=84418539 D6=84418539 D7=FFFF A0=3C0002 A1=101F00 A2=F6D2E A3=108F92 A4=10F1128 A5=108000 A6=4FBC0 PC=4150 -- 004150: move.b  D1, D2
D0=1 D1=F D2=F D3=FFFF D4=10404DC0 D5=84418539 D6=84418539 D7=FFFF A0=3C0002 A1=101F00 A2=F6D2E A3=108F92 A4=10F1128 A5=108000 A6=4FBC0 PC=4152 -- 004152: sub.b   (A6)+, D2
D0=1 D1=F D2=F D3=FFFF D4=10404DC0 D5=84418539 D6=84418539 D7=FFFF A0=3C0002 A1=101F00 A2=F6D2E A3=108F92 A4=10F1128 A5=108000 A6=4FBC1 PC=4154 -- 004154: lsl.w   #8, D2
D0=1 D1=F D2=F00 D3=FFFF D4=10404DC0 D5=84418539 D6=84418539 D7=FFFF A0=3C0002 A1=101F00 A2=F6D2E A3=108F92 A4=10F1128 A5=108000 A6=4FBC1 PC=4156 -- 004156: move.b  ($69,A1), D2
D0=1 D1=F D2=FFF D3=FFFF D4=10404DC0 D5=84418539 D6=84418539 D7=FFFF A0=3C0002 A1=101F00 A2=F6D2E A3=108F92 A4=10F1128 A5=108000 A6=4FBC1 PC=415A -- 00415A: move.w  D2, (A0)
D0=1 D1=F D2=FFF D3=FFFF D4=10404DC0 D5=84418539 D6=84418539 D7=FFFF A0=3C0002 A1=101F00 A2=F6D2E A3=108F92 A4=10F1128 A5=108000 A6=4FBC1 PC=415C -- 00415C: dbra    D0, $4150
D0=0 D1=F D2=FFF D3=FFFF D4=10404DC0 D5=84418539 D6=84418539 D7=FFFF A0=3C0002 A1=101F00 A2=F6D2E A3=108F92 A4=10F1128 A5=108000 A6=4FBC1 PC=4150 -- 004150: move.b  D1, D2
D0=0 D1=F D2=F0F D3=FFFF D4=10404DC0 D5=84418539 D6=84418539 D7=FFFF A0=3C0002 A1=101F00 A2=F6D2E A3=108F92 A4=10F1128 A5=108000 A6=4FBC1 PC=4152 -- 004152: sub.b   (A6)+, D2
D0=0 D1=F D2=F0F D3=FFFF D4=10404DC0 D5=84418539 D6=84418539 D7=FFFF A0=3C0002 A1=101F00 A2=F6D2E A3=108F92 A4=10F1128 A5=108000 A6=4FBC2 PC=4154 -- 004154: lsl.w   #8, D2
D0=0 D1=F D2=F00 D3=FFFF D4=10404DC0 D5=84418539 D6=84418539 D7=FFFF A0=3C0002 A1=101F00 A2=F6D2E A3=108F92 A4=10F1128 A5=108000 A6=4FBC2 PC=4156 -- 004156: move.b  ($69,A1), D2
D0=0 D1=F D2=FFF D3=FFFF D4=10404DC0 D5=84418539 D6=84418539 D7=FFFF A0=3C0002 A1=101F00 A2=F6D2E A3=108F92 A4=10F1128 A5=108000 A6=4FBC2 PC=415A -- 00415A: move.w  D2, (A0)
D0=0 D1=F D2=FFF D3=FFFF D4=10404DC0 D5=84418539 D6=84418539 D7=FFFF A0=3C0002 A1=101F00 A2=F6D2E A3=108F92 A4=10F1128 A5=108000 A6=4FBC2 PC=415C -- 00415C: dbra    D0, $4150
D0=FFFF D1=F D2=FFF D3=FFFF D4=10404DC0 D5=84418539 D6=84418539 D7=FFFF A0=3C0002 A1=101F00 A2=F6D2E A3=108F92 A4=10F1128 A5=108000 A6=4FBC2 PC=4160 -- 004160: bra     $4178
D0=FFFF D1=F D2=FFF D3=FFFF D4=10404DC0 D5=84418539 D6=84418539 D7=FFFF A0=3C0002 A1=101F00 A2=F6D2E A3=108F92 A4=10F1128 A5=108000 A6=4FBC2 PC=4178 -- 004178: move.b  ($2,A2), D0
D0=FFDE D1=F D2=FFF D3=FFFF D4=10404DC0 D5=84418539 D6=84418539 D7=FFFF A0=3C0002 A1=101F00 A2=F6D2E A3=108F92 A4=10F1128 A5=108000 A6=4FBC2 PC=417C -- 00417C: tst.b   ($80,A1)
D0=FFDE D1=F D2=FFF D3=FFFF D4=10404DC0 D5=84418539 D6=84418539 D7=FFFF A0=3C0002 A1=101F00 A2=F6D2E A3=108F92 A4=10F1128 A5=108000 A6=4FBC2 PC=4180 -- 004180: beq     $4188
D0=FFDE D1=F D2=FFF D3=FFFF D4=10404DC0 D5=84418539 D6=84418539 D7=FFFF A0=3C0002 A1=101F00 A2=F6D2E A3=108F92 A4=10F1128 A5=108000 A6=4FBC2 PC=4188 -- 004188: add.b   ($30,A1), D0
D0=FFDE D1=F D2=FFF D3=FFFF D4=10404DC0 D5=84418539 D6=84418539 D7=FFFF A0=3C0002 A1=101F00 A2=F6D2E A3=108F92 A4=10F1128 A5=108000 A6=4FBC2 PC=418C -- 00418C: lsl.w   #8, D0
D0=DE00 D1=F D2=FFF D3=FFFF D4=10404DC0 D5=84418539 D6=84418539 D7=FFFF A0=3C0002 A1=101F00 A2=F6D2E A3=108F92 A4=10F1128 A5=108000 A6=4FBC2 PC=418E -- 00418E: tst.b   ($3,A2)
D0=DE00 D1=F D2=FFF D3=FFFF D4=10404DC0 D5=84418539 D6=84418539 D7=FFFF A0=3C0002 A1=101F00 A2=F6D2E A3=108F92 A4=10F1128 A5=108000 A6=4FBC2 PC=4192 -- 004192: beq     $4198
D0=DE00 D1=F D2=FFF D3=FFFF D4=10404DC0 D5=84418539 D6=84418539 D7=FFFF A0=3C0002 A1=101F00 A2=F6D2E A3=108F92 A4=10F1128 A5=108000 A6=4FBC2 PC=4194 -- 004194: move.b  #$10, D0
D0=DE10 D1=F D2=FFF D3=FFFF D4=10404DC0 D5=84418539 D6=84418539 D7=FFFF A0=3C0002 A1=101F00 A2=F6D2E A3=108F92 A4=10F1128 A5=108000 A6=4FBC2 PC=4198 -- 004198: move.w  ($4,A2), D1
D0=DE10 D1=DCB8 D2=FFF D3=FFFF D4=10404DC0 D5=84418539 D6=84418539 D7=FFFF A0=3C0002 A1=101F00 A2=F6D2E A3=108F92 A4=10F1128 A5=108000 A6=4FBC2 PC=419C -- 00419C: moveq   #$0, D3
D0=DE10 D1=DCB8 D2=FFF D3=0 D4=10404DC0 D5=84418539 D6=84418539 D7=FFFF A0=3C0002 A1=101F00 A2=F6D2E A3=108F92 A4=10F1128 A5=108000 A6=4FBC2 PC=419E -- 00419E: move.b  (A2), D3
D0=DE10 D1=DCB8 D2=FFF D3=2 D4=10404DC0 D5=84418539 D6=84418539 D7=FFFF A0=3C0002 A1=101F00 A2=F6D2E A3=108F92 A4=10F1128 A5=108000 A6=4FBC2 PC=41A0 -- 0041A0: subq.b  #1, D3
D0=DE10 D1=DCB8 D2=FFF D3=1 D4=10404DC0 D5=84418539 D6=84418539 D7=FFFF A0=3C0002 A1=101F00 A2=F6D2E A3=108F92 A4=10F1128 A5=108000 A6=4FBC2 PC=41A2 -- 0041A2: move.w  ($790,A5), D7
D0=DE10 D1=DCB8 D2=FFF D3=1 D4=10404DC0 D5=84418539 D6=84418539 D7=0 A0=3C0002 A1=101F00 A2=F6D2E A3=108F92 A4=10F1128 A5=108000 A6=4FBC2 PC=41A6 -- 0041A6: add.w   D7, D7
D0=DE10 D1=DCB8 D2=FFF D3=1 D4=10404DC0 D5=84418539 D6=84418539 D7=0 A0=3C0002 A1=101F00 A2=F6D2E A3=108F92 A4=10F1128 A5=108000 A6=4FBC2 PC=41A8 -- 0041A8: add.w   D7, D7
D0=DE10 D1=DCB8 D2=FFF D3=1 D4=10404DC0 D5=84418539 D6=84418539 D7=0 A0=3C0002 A1=101F00 A2=F6D2E A3=108F92 A4=10F1128 A5=108000 A6=4FBC2 PC=41AA -- 0041AA: movea.l ($4,PC,D7.w), A6
D0=DE10 D1=DCB8 D2=FFF D3=1 D4=10404DC0 D5=84418539 D6=84418539 D7=0 A0=3C0002 A1=101F00 A2=F6D2E A3=108F92 A4=10F1128 A5=108000 A6=428C PC=41AE -- 0041AE: jmp     (A6)
D0=DE10 D1=DCB8 D2=FFF D3=1 D4=10404DC0 D5=84418539 D6=84418539 D7=0 A0=3C0002 A1=101F00 A2=F6D2E A3=108F92 A4=10F1128 A5=108000 A6=428C PC=428C -- 00428C: lea     ($6,A2), A6
D0=DE10 D1=DCB8 D2=FFF D3=1 D4=10404DC0 D5=84418539 D6=84418539 D7=0 A0=3C0002 A1=101F00 A2=F6D2E A3=108F92 A4=10F1128 A5=108000 A6=F6D34 PC=4290 -- 004290: move.w  #$1, ($2,A0)
D0=DE10 D1=DCB8 D2=FFF D3=1 D4=10404DC0 D5=84418539 D6=84418539 D7=0 A0=3C0002 A1=101F00 A2=F6D2E A3=108F92 A4=10F1128 A5=108000 A6=F6D34 PC=4296 -- 004296: moveq   #$0, D7
D0=DE10 D1=DCB8 D2=FFF D3=1 D4=10404DC0 D5=84418539 D6=84418539 D7=0 A0=3C0002 A1=101F00 A2=F6D2E A3=108F92 A4=10F1128 A5=108000 A6=F6D34 PC=4298 -- 004298: move.b  ($1,A2), D7
D0=DE10 D1=DCB8 D2=FFF D3=1 D4=10404DC0 D5=84418539 D6=84418539 D7=2 A0=3C0002 A1=101F00 A2=F6D2E A3=108F92 A4=10F1128 A5=108000 A6=F6D34 PC=429C -- 00429C: subq.b  #1, D7
D0=DE10 D1=DCB8 D2=FFF D3=1 D4=10404DC0 D5=84418539 D6=84418539 D7=1 A0=3C0002 A1=101F00 A2=F6D2E A3=108F92 A4=10F1128 A5=108000 A6=F6D34 PC=429E -- 00429E: move.w  (A6)+, D2
D0=DE10 D1=DCB8 D2=C000 D3=1 D4=10404DC0 D5=84418539 D6=84418539 D7=1 A0=3C0002 A1=101F00 A2=F6D2E A3=108F92 A4=10F1128 A5=108000 A6=F6D36 PC=42A0 -- 0042A0: move.w  D4, (-$2,A0)
D0=DE10 D1=DCB8 D2=C000 D3=1 D4=10404DC0 D5=84418539 D6=84418539 D7=1 A0=3C0002 A1=101F00 A2=F6D2E A3=108F92 A4=10F1128 A5=108000 A6=F6D36 PC=42A4 -- 0042A4: add.w   D2, D2
D0=DE10 D1=DCB8 D2=8000 D3=1 D4=10404DC0 D5=84418539 D6=84418539 D7=1 A0=3C0002 A1=101F00 A2=F6D2E A3=108F92 A4=10F1128 A5=108000 A6=F6D36 PC=42A6 -- 0042A6: bcc     $42b8
D0=DE10 D1=DCB8 D2=8000 D3=1 D4=10404DC0 D5=84418539 D6=84418539 D7=1 A0=3C0002 A1=101F00 A2=F6D2E A3=108F92 A4=10F1128 A5=108000 A6=F6D36 PC=42A8 -- 0042A8: move.w  D1, (A0)
D0=DE10 D1=DCB8 D2=8000 D3=1 D4=10404DC0 D5=84418539 D6=84418539 D7=1 A0=3C0002 A1=101F00 A2=F6D2E A3=108F92 A4=10F1128 A5=108000 A6=F6D36 PC=42AA -- 0042AA: nop
D0=DE10 D1=DCB8 D2=8000 D3=1 D4=10404DC0 D5=84418539 D6=84418539 D7=1 A0=3C0002 A1=101F00 A2=F6D2E A3=108F92 A4=10F1128 A5=108000 A6=F6D36 PC=42AC -- 0042AC: move.w  D0, (A0)
D0=DE10 D1=DCB8 D2=8000 D3=1 D4=10404DC0 D5=84418539 D6=84418539 D7=1 A0=3C0002 A1=101F00 A2=F6D2E A3=108F92 A4=10F1128 A5=108000 A6=F6D36 PC=42AE -- 0042AE: addq.w  #1, D1
D0=DE10 D1=DCB9 D2=8000 D3=1 D4=10404DC0 D5=84418539 D6=84418539 D7=1 A0=3C0002 A1=101F00 A2=F6D2E A3=108F92 A4=10F1128 A5=108000 A6=F6D36 PC=42B0 -- 0042B0: bcc     $42c0
D0=DE10 D1=DCB9 D2=8000 D3=1 D4=10404DC0 D5=84418539 D6=84418539 D7=1 A0=3C0002 A1=101F00 A2=F6D2E A3=108F92 A4=10F1128 A5=108000 A6=F6D36 PC=42C0 -- 0042C0: dbra    D7, $42a4
D0=DE10 D1=DCB9 D2=8000 D3=1 D4=10404DC0 D5=84418539 D6=84418539 D7=0 A0=3C0002 A1=101F00 A2=F6D2E A3=108F92 A4=10F1128 A5=108000 A6=F6D36 PC=42A4 -- 0042A4: add.w   D2, D2
D0=DE10 D1=DCB9 D2=0 D3=1 D4=10404DC0 D5=84418539 D6=84418539 D7=0 A0=3C0002 A1=101F00 A2=F6D2E A3=108F92 A4=10F1128 A5=108000 A6=F6D36 PC=42A6 -- 0042A6: bcc     $42b8
D0=DE10 D1=DCB9 D2=0 D3=1 D4=10404DC0 D5=84418539 D6=84418539 D7=0 A0=3C0002 A1=101F00 A2=F6D2E A3=108F92 A4=10F1128 A5=108000 A6=F6D36 PC=42A8 -- 0042A8: move.w  D1, (A0)
D0=DE10 D1=DCB9 D2=0 D3=1 D4=10404DC0 D5=84418539 D6=84418539 D7=0 A0=3C0002 A1=101F00 A2=F6D2E A3=108F92 A4=10F1128 A5=108000 A6=F6D36 PC=42AA -- 0042AA: nop
D0=DE10 D1=DCB9 D2=0 D3=1 D4=10404DC0 D5=84418539 D6=84418539 D7=0 A0=3C0002 A1=101F00 A2=F6D2E A3=108F92 A4=10F1128 A5=108000 A6=F6D36 PC=42AC -- 0042AC: move.w  D0, (A0)
D0=DE10 D1=DCB9 D2=0 D3=1 D4=10404DC0 D5=84418539 D6=84418539 D7=0 A0=3C0002 A1=101F00 A2=F6D2E A3=108F92 A4=10F1128 A5=108000 A6=F6D36 PC=42AE -- 0042AE: addq.w  #1, D1
D0=DE10 D1=DCBA D2=0 D3=1 D4=10404DC0 D5=84418539 D6=84418539 D7=0 A0=3C0002 A1=101F00 A2=F6D2E A3=108F92 A4=10F1128 A5=108000 A6=F6D36 PC=42B0 -- 0042B0: bcc     $42c0
D0=DE10 D1=DCBA D2=0 D3=1 D4=10404DC0 D5=84418539 D6=84418539 D7=0 A0=3C0002 A1=101F00 A2=F6D2E A3=108F92 A4=10F1128 A5=108000 A6=F6D36 PC=42C0 -- 0042C0: dbra    D7, $42a4
D0=DE10 D1=DCBA D2=0 D3=1 D4=10404DC0 D5=84418539 D6=84418539 D7=FFFF A0=3C0002 A1=101F00 A2=F6D2E A3=108F92 A4=10F1128 A5=108000 A6=F6D36 PC=42C4 -- 0042C4: bsr     $47c0
D0=DE10 D1=DCBA D2=0 D3=1 D4=10404DC0 D5=84418539 D6=84418539 D7=FFFF A0=3C0002 A1=101F00 A2=F6D2E A3=108F92 A4=10F1128 A5=108000 A6=F6D36 PC=47C0 -- 0047C0: tst.b   ($78f,A5)
D0=DE10 D1=DCBA D2=0 D3=1 D4=10404DC0 D5=84418539 D6=84418539 D7=FFFF A0=3C0002 A1=101F00 A2=F6D2E A3=108F92 A4=10F1128 A5=108000 A6=F6D36 PC=47C4 -- 0047C4: bpl     $47c8
D0=DE10 D1=DCBA D2=0 D3=1 D4=10404DC0 D5=84418539 D6=84418539 D7=FFFF A0=3C0002 A1=101F00 A2=F6D2E A3=108F92 A4=10F1128 A5=108000 A6=F6D36 PC=47C6 -- 0047C6: rts
D0=DE10 D1=DCBA D2=0 D3=1 D4=10404DC0 D5=84418539 D6=84418539 D7=FFFF A0=3C0002 A1=101F00 A2=F6D2E A3=108F92 A4=10F1128 A5=108000 A6=F6D36 PC=42C8 -- 0042C8: addi.w  #$40, D4
D0=DE10 D1=DCBA D2=0 D3=1 D4=10404E00 D5=84418539 D6=84418539 D7=FFFF A0=3C0002 A1=101F00 A2=F6D2E A3=108F92 A4=10F1128 A5=108000 A6=F6D36 PC=42CC -- 0042CC: dbra    D3, $4296
D0=DE10 D1=DCBA D2=0 D3=0 D4=10404E00 D5=84418539 D6=84418539 D7=FFFF A0=3C0002 A1=101F00 A2=F6D2E A3=108F92 A4=10F1128 A5=108000 A6=F6D36 PC=4296 -- 004296: moveq   #$0, D7
D0=DE10 D1=DCBA D2=0 D3=0 D4=10404E00 D5=84418539 D6=84418539 D7=0 A0=3C0002 A1=101F00 A2=F6D2E A3=108F92 A4=10F1128 A5=108000 A6=F6D36 PC=4298 -- 004298: move.b  ($1,A2), D7
D0=DE10 D1=DCBA D2=0 D3=0 D4=10404E00 D5=84418539 D6=84418539 D7=2 A0=3C0002 A1=101F00 A2=F6D2E A3=108F92 A4=10F1128 A5=108000 A6=F6D36 PC=429C -- 00429C: subq.b  #1, D7
D0=DE10 D1=DCBA D2=0 D3=0 D4=10404E00 D5=84418539 D6=84418539 D7=1 A0=3C0002 A1=101F00 A2=F6D2E A3=108F92 A4=10F1128 A5=108000 A6=F6D36 PC=429E -- 00429E: move.w  (A6)+, D2
D0=DE10 D1=DCBA D2=C000 D3=0 D4=10404E00 D5=84418539 D6=84418539 D7=1 A0=3C0002 A1=101F00 A2=F6D2E A3=108F92 A4=10F1128 A5=108000 A6=F6D38 PC=42A0 -- 0042A0: move.w  D4, (-$2,A0)

   (loops for 16 instructions)

D0=DE10 D1=DCBC D2=0 D3=0 D4=10404E00 D5=84418539 D6=84418539 D7=FFFF A0=3C0002 A1=101F00 A2=F6D2E A3=108F92 A4=10F1128 A5=108000 A6=F6D38 PC=42C4 -- 0042C4: bsr     $47c0
D0=DE10 D1=DCBC D2=0 D3=0 D4=10404E00 D5=84418539 D6=84418539 D7=FFFF A0=3C0002 A1=101F00 A2=F6D2E A3=108F92 A4=10F1128 A5=108000 A6=F6D38 PC=47C0 -- 0047C0: tst.b   ($78f,A5)
D0=DE10 D1=DCBC D2=0 D3=0 D4=10404E00 D5=84418539 D6=84418539 D7=FFFF A0=3C0002 A1=101F00 A2=F6D2E A3=108F92 A4=10F1128 A5=108000 A6=F6D38 PC=47C4 -- 0047C4: bpl     $47c8
D0=DE10 D1=DCBC D2=0 D3=0 D4=10404E00 D5=84418539 D6=84418539 D7=FFFF A0=3C0002 A1=101F00 A2=F6D2E A3=108F92 A4=10F1128 A5=108000 A6=F6D38 PC=47C6 -- 0047C6: rts
D0=DE10 D1=DCBC D2=0 D3=0 D4=10404E00 D5=84418539 D6=84418539 D7=FFFF A0=3C0002 A1=101F00 A2=F6D2E A3=108F92 A4=10F1128 A5=108000 A6=F6D38 PC=42C8 -- 0042C8: addi.w  #$40, D4
D0=DE10 D1=DCBC D2=0 D3=0 D4=10404E40 D5=84418539 D6=84418539 D7=FFFF A0=3C0002 A1=101F00 A2=F6D2E A3=108F92 A4=10F1128 A5=108000 A6=F6D38 PC=42CC -- 0042CC: dbra    D3, $4296
D0=DE10 D1=DCBC D2=0 D3=FFFF D4=10404E40 D5=84418539 D6=84418539 D7=FFFF A0=3C0002 A1=101F00 A2=F6D2E A3=108F92 A4=10F1128 A5=108000 A6=F6D38 PC=42D0 -- 0042D0: rts
D0=DE10 D1=DCBC D2=0 D3=FFFF D4=10404E40 D5=84418539 D6=84418539 D7=FFFF A0=3C0002 A1=101F00 A2=F6D2E A3=108F92 A4=10F1128 A5=108000 A6=F6D38 PC=4016 -- 004016: bra     $401c
D0=DE10 D1=DCBC D2=0 D3=FFFF D4=10404E40 D5=84418539 D6=84418539 D7=FFFF A0=3C0002 A1=101F00 A2=F6D2E A3=108F92 A4=10F1128 A5=108000 A6=F6D38 PC=401C -- 00401C: movea.l (A7)+, A6
D0=DE10 D1=DCBC D2=0 D3=FFFF D4=10404E40 D5=84418539 D6=84418539 D7=FFFF A0=3C0002 A1=101F00 A2=F6D2E A3=108F92 A4=10F1128 A5=108000 A6=108E3C PC=401E -- 00401E: btst    #$5, ($4,A4)
D0=DE10 D1=DCBC D2=0 D3=FFFF D4=10404E40 D5=84418539 D6=84418539 D7=FFFF A0=3C0002 A1=101F00 A2=F6D2E A3=108F92 A4=10F1128 A5=108000 A6=108E3C PC=4024 -- 004024: beq     $4056
D0=DE10 D1=DCBC D2=0 D3=FFFF D4=10404E40 D5=84418539 D6=84418539 D7=FFFF A0=3C0002 A1=101F00 A2=F6D2E A3=108F92 A4=10F1128 A5=108000 A6=108E3C PC=4056 -- 004056: tst.b   ($7c,A1)
D0=DE10 D1=DCBC D2=0 D3=FFFF D4=10404E40 D5=84418539 D6=84418539 D7=FFFF A0=3C0002 A1=101F00 A2=F6D2E A3=108F92 A4=10F1128 A5=108000 A6=108E3C PC=405A -- 00405A: bpl     $4064
D0=DE10 D1=DCBC D2=0 D3=FFFF D4=10404E40 D5=84418539 D6=84418539 D7=FFFF A0=3C0002 A1=101F00 A2=F6D2E A3=108F92 A4=10F1128 A5=108000 A6=108E3C PC=4064 -- 004064: movea.l (A7)+, A0
D0=DE10 D1=DCBC D2=0 D3=FFFF D4=10404E40 D5=84418539 D6=84418539 D7=FFFF A0=108928 A1=101F00 A2=F6D2E A3=108F92 A4=10F1128 A5=108000 A6=108E3C PC=4066 -- 004066: subq.w  #1, ($e3a,A5)
D0=DE10 D1=DCBC D2=0 D3=FFFF D4=10404E40 D5=84418539 D6=84418539 D7=FFFF A0=108928 A1=101F00 A2=F6D2E A3=108F92 A4=10F1128 A5=108000 A6=108E3C PC=406A -- 00406A: bne     $3f32
D0=DE10 D1=DCBC D2=0 D3=FFFF D4=10404E40 D5=84418539 D6=84418539 D7=FFFF A0=108928 A1=101F00 A2=F6D2E A3=108F92 A4=10F1128 A5=108000 A6=108E3C PC=3F32 -- 003F32: move.w  (A0)+, D0
D0=2100 D1=DCBC D2=0 D3=FFFF D4=10404E40 D5=84418539 D6=84418539 D7=FFFF A0=10892A A1=101F00 A2=F6D2E A3=108F92 A4=10F1128 A5=108000 A6=108E3C PC=3F34 -- 003F34: beq     $3f32
D0=2100 D1=DCBC D2=0 D3=FFFF D4=10404E40 D5=84418539 D6=84418539 D7=FFFF A0=10892A A1=101F00 A2=F6D2E A3=108F92 A4=10F1128 A5=108000 A6=108E3C PC=3F36 -- 003F36: clr.w   (-$2,A0)
D0=2100 D1=DCBC D2=0 D3=FFFF D4=10404E40 D5=84418539 D6=84418539 D7=FFFF A0=10892A A1=101F00 A2=F6D2E A3=108F92 A4=10F1128 A5=108000 A6=108E3C PC=3F3A -- 003F3A: move.l  A5, D1
D0=2100 D1=108000 D2=0 D3=FFFF D4=10404E40 D5=84418539 D6=84418539 D7=FFFF A0=10892A A1=101F00 A2=F6D2E A3=108F92 A4=10F1128 A5=108000 A6=108E3C PC=3F3C -- 003F3C: move.w  D0, D1
D0=2100 D1=102100 D2=0 D3=FFFF D4=10404E40 D5=84418539 D6=84418539 D7=FFFF A0=10892A A1=101F00 A2=F6D2E A3=108F92 A4=10F1128 A5=108000 A6=108E3C PC=3F3E -- 003F3E: movea.l D1, A1
D0=2100 D1=102100 D2=0 D3=FFFF D4=10404E40 D5=84418539 D6=84418539 D7=FFFF A0=10892A A1=102100 A2=F6D2E A3=108F92 A4=10F1128 A5=108000 A6=108E3C PC=3F40 -- 003F40: movea.l ($28,A1), A2
D0=2100 D1=102100 D2=0 D3=FFFF D4=10404E40 D5=84418539 D6=84418539 D7=FFFF A0=10892A A1=102100 A2=F6D24 A3=108F92 A4=10F1128 A5=108000 A6=108E3C PC=3F44 -- 003F44: lea     $7bf48.l, A4
D0=2100 D1=102100 D2=0 D3=FFFF D4=10404E40 D5=84418539 D6=84418539 D7=FFFF A0=10892A A1=102100 A2=F6D24 A3=108F92 A4=7BF48 A5=108000 A6=108E3C PC=3F4A -- 003F4A: move.w  ($70,A1), D0
D0=1B D1=102100 D2=0 D3=FFFF D4=10404E40 D5=84418539 D6=84418539 D7=FFFF A0=10892A A1=102100 A2=F6D24 A3=108F92 A4=7BF48 A5=108000 A6=108E3C PC=3F4E -- 003F4E: add.w   D0, D0
D0=36 D1=102100 D2=0 D3=FFFF D4=10404E40 D5=84418539 D6=84418539 D7=FFFF A0=10892A A1=102100 A2=F6D24 A3=108F92 A4=7BF48 A5=108000 A6=108E3C PC=3F50 -- 003F50: add.w   D0, D0
D0=6C D1=102100 D2=0 D3=FFFF D4=10404E40 D5=84418539 D6=84418539 D7=FFFF A0=10892A A1=102100 A2=F6D24 A3=108F92 A4=7BF48 A5=108000 A6=108E3C PC=3F52 -- 003F52: movea.l (A4,D0.w), A4
D0=6C D1=102100 D2=0 D3=FFFF D4=10404E40 D5=84418539 D6=84418539 D7=FFFF A0=10892A A1=102100 A2=F6D24 A3=108F92 A4=7F5E0 A5=108000 A6=108E3C PC=3F56 -- 003F56: move.w  ($72,A1), D0
D0=3B D1=102100 D2=0 D3=FFFF D4=10404E40 D5=84418539 D6=84418539 D7=FFFF A0=10892A A1=102100 A2=F6D24 A3=108F92 A4=7F5E0 A5=108000 A6=108E3C PC=3F5A -- 003F5A: add.w   D0, D0
D0=76 D1=102100 D2=0 D3=FFFF D4=10404E40 D5=84418539 D6=84418539 D7=FFFF A0=10892A A1=102100 A2=F6D24 A3=108F92 A4=7F5E0 A5=108000 A6=108E3C PC=3F5C -- 003F5C: move.w  (A4,D0.w), ($46de,A5)
D0=76 D1=102100 D2=0 D3=FFFF D4=10404E40 D5=84418539 D6=84418539 D7=FFFF A0=10892A A1=102100 A2=F6D24 A3=108F92 A4=7F5E0 A5=108000 A6=108E3C PC=3F62 -- 003F62: lea     $80000.l, A4
D0=76 D1=102100 D2=0 D3=FFFF D4=10404E40 D5=84418539 D6=84418539 D7=FFFF A0=10892A A1=102100 A2=F6D24 A3=108F92 A4=80000 A5=108000 A6=108E3C PC=3F68 -- 003F68: move.w  ($70,A1), D0
D0=1B D1=102100 D2=0 D3=FFFF D4=10404E40 D5=84418539 D6=84418539 D7=FFFF A0=10892A A1=102100 A2=F6D24 A3=108F92 A4=80000 A5=108000 A6=108E3C PC=3F6C -- 003F6C: add.w   D0, D0
D0=36 D1=102100 D2=0 D3=FFFF D4=10404E40 D5=84418539 D6=84418539 D7=FFFF A0=10892A A1=102100 A2=F6D24 A3=108F92 A4=80000 A5=108000 A6=108E3C PC=3F6E -- 003F6E: add.w   D0, D0
D0=6C D1=102100 D2=0 D3=FFFF D4=10404E40 D5=84418539 D6=84418539 D7=FFFF A0=10892A A1=102100 A2=F6D24 A3=108F92 A4=80000 A5=108000 A6=108E3C PC=3F70 -- 003F70: movea.l (A4,D0.w), A4
D0=6C D1=102100 D2=0 D3=FFFF D4=10404E40 D5=84418539 D6=84418539 D7=FFFF A0=10892A A1=102100 A2=F6D24 A3=108F92 A4=86E00 A5=108000 A6=108E3C PC=3F74 -- 003F74: move.w  ($46de,A5), D0
D0=3B3B D1=102100 D2=0 D3=FFFF D4=10404E40 D5=84418539 D6=84418539 D7=FFFF A0=10892A A1=102100 A2=F6D24 A3=108F92 A4=86E00 A5=108000 A6=108E3C PC=3F78 -- 003F78: tst.b   ($46e2,A5)
D0=3B3B D1=102100 D2=0 D3=FFFF D4=10404E40 D5=84418539 D6=84418539 D7=FFFF A0=10892A A1=102100 A2=F6D24 A3=108F92 A4=86E00 A5=108000 A6=108E3C PC=3F7C -- 003F7C: beq     $3f82
D0=3B3B D1=102100 D2=0 D3=FFFF D4=10404E40 D5=84418539 D6=84418539 D7=FFFF A0=10892A A1=102100 A2=F6D24 A3=108F92 A4=86E00 A5=108000 A6=108E3C PC=3F82 -- 003F82: andi.w  #$ff, D0
D0=3B D1=102100 D2=0 D3=FFFF D4=10404E40 D5=84418539 D6=84418539 D7=FFFF A0=10892A A1=102100 A2=F6D24 A3=108F92 A4=86E00 A5=108000 A6=108E3C PC=3F86 -- 003F86: add.w   D0, D0
D0=76 D1=102100 D2=0 D3=FFFF D4=10404E40 D5=84418539 D6=84418539 D7=FFFF A0=10892A A1=102100 A2=F6D24 A3=108F92 A4=86E00 A5=108000 A6=108E3C PC=3F88 -- 003F88: add.w   D0, D0
D0=EC D1=102100 D2=0 D3=FFFF D4=10404E40 D5=84418539 D6=84418539 D7=FFFF A0=10892A A1=102100 A2=F6D24 A3=108F92 A4=86E00 A5=108000 A6=108E3C PC=3F8A -- 003F8A: movea.l (A4,D0.w), A4
D0=EC D1=102100 D2=0 D3=FFFF D4=10404E40 D5=84418539 D6=84418539 D7=FFFF A0=10892A A1=102100 A2=F6D24 A3=108F92 A4=F312A A5=108000 A6=108E3C PC=3F8E -- 003F8E: move.w  ($74,A1), D0
D0=0 D1=102100 D2=0 D3=FFFF D4=10404E40 D5=84418539 D6=84418539 D7=FFFF A0=10892A A1=102100 A2=F6D24 A3=108F92 A4=F312A A5=108000 A6=108E3C PC=3F92 -- 003F92: adda.w  D0, A4
D0=0 D1=102100 D2=0 D3=FFFF D4=10404E40 D5=84418539 D6=84418539 D7=FFFF A0=10892A A1=102100 A2=F6D24 A3=108F92 A4=F312A A5=108000 A6=108E3C PC=3F94 -- 003F94: move.l  (A4), D0
D0=10F1122 D1=102100 D2=0 D3=FFFF D4=10404E40 D5=84418539 D6=84418539 D7=FFFF A0=10892A A1=102100 A2=F6D24 A3=108F92 A4=F312A A5=108000 A6=108E3C PC=3F96 -- 003F96: movea.l D0, A4
D0=10F1122 D1=102100 D2=0 D3=FFFF D4=10404E40 D5=84418539 D6=84418539 D7=FFFF A0=10892A A1=102100 A2=F6D24 A3=108F92 A4=10F1122 A5=108000 A6=108E3C PC=3F98 -- 003F98: move.l  A0, -(A7)
D0=10F1122 D1=102100 D2=0 D3=FFFF D4=10404E40 D5=84418539 D6=84418539 D7=FFFF A0=10892A A1=102100 A2=F6D24 A3=108F92 A4=10F1122 A5=108000 A6=108E3C PC=3F9A -- 003F9A: lea     $3c0002.l, A0
D0=10F1122 D1=102100 D2=0 D3=FFFF D4=10404E40 D5=84418539 D6=84418539 D7=FFFF A0=3C0002 A1=102100 A2=F6D24 A3=108F92 A4=10F1122 A5=108000 A6=108E3C PC=3FA0 -- 003FA0: tst.b   ($7c,A1)
D0=10F1122 D1=102100 D2=0 D3=FFFF D4=10404E40 D5=84418539 D6=84418539 D7=FFFF A0=3C0002 A1=102100 A2=F6D24 A3=108F92 A4=10F1122 A5=108000 A6=108E3C PC=3FA4 -- 003FA4: bpl     $3fc0
D0=10F1122 D1=102100 D2=0 D3=FFFF D4=10404E40 D5=84418539 D6=84418539 D7=FFFF A0=3C0002 A1=102100 A2=F6D24 A3=108F92 A4=10F1122 A5=108000 A6=108E3C PC=3FC0 -- 003FC0: moveq   #$0, D0
D0=0 D1=102100 D2=0 D3=FFFF D4=10404E40 D5=84418539 D6=84418539 D7=FFFF A0=3C0002 A1=102100 A2=F6D24 A3=108F92 A4=10F1122 A5=108000 A6=108E3C PC=3FC2 -- 003FC2: move.b  (A2), D0
D0=2 D1=102100 D2=0 D3=FFFF D4=10404E40 D5=84418539 D6=84418539 D7=FFFF A0=3C0002 A1=102100 A2=F6D24 A3=108F92 A4=10F1122 A5=108000 A6=108E3C PC=3FC4 -- 003FC4: sub.w   D0, ($794,A5)
D0=2 D1=102100 D2=0 D3=FFFF D4=10404E40 D5=84418539 D6=84418539 D7=FFFF A0=3C0002 A1=102100 A2=F6D24 A3=108F92 A4=10F1122 A5=108000 A6=108E3C PC=3FC8 -- 003FC8: bcc     $3fd2
D0=2 D1=102100 D2=0 D3=FFFF D4=10404E40 D5=84418539 D6=84418539 D7=FFFF A0=3C0002 A1=102100 A2=F6D24 A3=108F92 A4=10F1122 A5=108000 A6=108E3C PC=3FD2 -- 003FD2: move.l  A6, -(A7)
D0=2 D1=102100 D2=0 D3=FFFF D4=10404E40 D5=84418539 D6=84418539 D7=FFFF A0=3C0002 A1=102100 A2=F6D24 A3=108F92 A4=10F1122 A5=108000 A6=108E3C PC=3FD4 -- 003FD4: btst    #$6, ($7c,A1)
D0=2 D1=102100 D2=0 D3=FFFF D4=10404E40 D5=84418539 D6=84418539 D7=FFFF A0=3C0002 A1=102100 A2=F6D24 A3=108F92 A4=10F1122 A5=108000 A6=108E3C PC=3FDA -- 003FDA: bne     $400c
D0=2 D1=102100 D2=0 D3=FFFF D4=10404E40 D5=84418539 D6=84418539 D7=FFFF A0=3C0002 A1=102100 A2=F6D24 A3=108F92 A4=10F1122 A5=108000 A6=108E3C PC=3FDE -- 003FDE: moveq   #$0, D1
D0=2 D1=0 D2=0 D3=FFFF D4=10404E40 D5=84418539 D6=84418539 D7=FFFF A0=3C0002 A1=102100 A2=F6D24 A3=108F92 A4=10F1122 A5=108000 A6=108E3C PC=3FE0 -- 003FE0: move.b  ($82,A1), D1
D0=2 D1=0 D2=0 D3=FFFF D4=10404E40 D5=84418539 D6=84418539 D7=FFFF A0=3C0002 A1=102100 A2=F6D24 A3=108F92 A4=10F1122 A5=108000 A6=108E3C PC=3FE4 -- 003FE4: add.w   D1, D1
D0=2 D1=0 D2=0 D3=FFFF D4=10404E40 D5=84418539 D6=84418539 D7=FFFF A0=3C0002 A1=102100 A2=F6D24 A3=108F92 A4=10F1122 A5=108000 A6=108E3C PC=3FE6 -- 003FE6: add.w   D1, D1
D0=2 D1=0 D2=0 D3=FFFF D4=10404E40 D5=84418539 D6=84418539 D7=FFFF A0=3C0002 A1=102100 A2=F6D24 A3=108F92 A4=10F1122 A5=108000 A6=108E3C PC=3FE8 -- 003FE8: move.w  ($18,A1), D0
D0=90 D1=0 D2=0 D3=FFFF D4=10404E40 D5=84418539 D6=84418539 D7=FFFF A0=3C0002 A1=102100 A2=F6D24 A3=108F92 A4=10F1122 A5=108000 A6=108E3C PC=3FEC -- 003FEC: lea     ($104c,A5), A6
D0=90 D1=0 D2=0 D3=FFFF D4=10404E40 D5=84418539 D6=84418539 D7=FFFF A0=3C0002 A1=102100 A2=F6D24 A3=108F92 A4=10F1122 A5=108000 A6=10904C PC=3FF0 -- 003FF0: sub.w   (A6,D1.w), D0
D0=90 D1=0 D2=0 D3=FFFF D4=10404E40 D5=84418539 D6=84418539 D7=FFFF A0=3C0002 A1=102100 A2=F6D24 A3=108F92 A4=10F1122 A5=108000 A6=10904C PC=3FF4 -- 003FF4: move.w  D0, ($24,A1)
D0=90 D1=0 D2=0 D3=FFFF D4=10404E40 D5=84418539 D6=84418539 D7=FFFF A0=3C0002 A1=102100 A2=F6D24 A3=108F92 A4=10F1122 A5=108000 A6=10904C PC=3FF8 -- 003FF8: move.w  ($1c,A1), D0
D0=C8 D1=0 D2=0 D3=FFFF D4=10404E40 D5=84418539 D6=84418539 D7=FFFF A0=3C0002 A1=102100 A2=F6D24 A3=108F92 A4=10F1122 A5=108000 A6=10904C PC=3FFC -- 003FFC: sub.w   ($20,A1), D0
D0=C8 D1=0 D2=0 D3=FFFF D4=10404E40 D5=84418539 D6=84418539 D7=FFFF A0=3C0002 A1=102100 A2=F6D24 A3=108F92 A4=10F1122 A5=108000 A6=10904C PC=4000 -- 004000: lea     ($1058,A5), A6
D0=C8 D1=0 D2=0 D3=FFFF D4=10404E40 D5=84418539 D6=84418539 D7=FFFF A0=3C0002 A1=102100 A2=F6D24 A3=108F92 A4=10F1122 A5=108000 A6=109058 PC=4004 -- 004004: sub.w   (A6,D1.w), D0
D0=C8 D1=0 D2=0 D3=FFFF D4=10404E40 D5=84418539 D6=84418539 D7=FFFF A0=3C0002 A1=102100 A2=F6D24 A3=108F92 A4=10F1122 A5=108000 A6=109058 PC=4008 -- 004008: move.w  D0, ($26,A1)
D0=C8 D1=0 D2=0 D3=FFFF D4=10404E40 D5=84418539 D6=84418539 D7=FFFF A0=3C0002 A1=102100 A2=F6D24 A3=108F92 A4=10F1122 A5=108000 A6=109058 PC=400C -- 00400C: tst.b   ($3a66,A5)
D0=C8 D1=0 D2=0 D3=FFFF D4=10404E40 D5=84418539 D6=84418539 D7=FFFF A0=3C0002 A1=102100 A2=F6D24 A3=108F92 A4=10F1122 A5=108000 A6=109058 PC=4010 -- 004010: bmi     $4018
D0=C8 D1=0 D2=0 D3=FFFF D4=10404E40 D5=84418539 D6=84418539 D7=FFFF A0=3C0002 A1=102100 A2=F6D24 A3=108F92 A4=10F1122 A5=108000 A6=109058 PC=4012 -- 004012: bsr     $4088
D0=C8 D1=0 D2=0 D3=FFFF D4=10404E40 D5=84418539 D6=84418539 D7=FFFF A0=3C0002 A1=102100 A2=F6D24 A3=108F92 A4=10F1122 A5=108000 A6=109058 PC=4088 -- 004088: move.w  (A4), D0
D0=FFD0 D1=0 D2=0 D3=FFFF D4=10404E40 D5=84418539 D6=84418539 D7=FFFF A0=3C0002 A1=102100 A2=F6D24 A3=108F92 A4=10F1122 A5=108000 A6=109058 PC=408A -- 00408A: move.b  ($31,A1), D1
D0=FFD0 D1=0 D2=0 D3=FFFF D4=10404E40 D5=84418539 D6=84418539 D7=FFFF A0=3C0002 A1=102100 A2=F6D24 A3=108F92 A4=10F1122 A5=108000 A6=109058 PC=408E -- 00408E: move.b  ($4,A4), D2
D0=FFD0 D1=0 D2=0 D3=FFFF D4=10404E40 D5=84418539 D6=84418539 D7=FFFF A0=3C0002 A1=102100 A2=F6D24 A3=108F92 A4=10F1122 A5=108000 A6=109058 PC=4092 -- 004092: rol.b   #2, D2
D0=FFD0 D1=0 D2=0 D3=FFFF D4=10404E40 D5=84418539 D6=84418539 D7=FFFF A0=3C0002 A1=102100 A2=F6D24 A3=108F92 A4=10F1122 A5=108000 A6=109058 PC=4094 -- 004094: eor.w   D2, D1
D0=FFD0 D1=0 D2=0 D3=FFFF D4=10404E40 D5=84418539 D6=84418539 D7=FFFF A0=3C0002 A1=102100 A2=F6D24 A3=108F92 A4=10F1122 A5=108000 A6=109058 PC=4096 -- 004096: andi.w  #$3, D1
D0=FFD0 D1=0 D2=0 D3=FFFF D4=10404E40 D5=84418539 D6=84418539 D7=FFFF A0=3C0002 A1=102100 A2=F6D24 A3=108F92 A4=10F1122 A5=108000 A6=109058 PC=409A -- 00409A: move.w  D1, ($790,A5)
D0=FFD0 D1=0 D2=0 D3=FFFF D4=10404E40 D5=84418539 D6=84418539 D7=FFFF A0=3C0002 A1=102100 A2=F6D24 A3=108F92 A4=10F1122 A5=108000 A6=109058 PC=409E -- 00409E: andi.w  #$1, D1
D0=FFD0 D1=0 D2=0 D3=FFFF D4=10404E40 D5=84418539 D6=84418539 D7=FFFF A0=3C0002 A1=102100 A2=F6D24 A3=108F92 A4=10F1122 A5=108000 A6=109058 PC=40A2 -- 0040A2: beq     $40ae
D0=FFD0 D1=0 D2=0 D3=FFFF D4=10404E40 D5=84418539 D6=84418539 D7=FFFF A0=3C0002 A1=102100 A2=F6D24 A3=108F92 A4=10F1122 A5=108000 A6=109058 PC=40AE -- 0040AE: moveq   #$0, D1
D0=FFD0 D1=0 D2=0 D3=FFFF D4=10404E40 D5=84418539 D6=84418539 D7=FFFF A0=3C0002 A1=102100 A2=F6D24 A3=108F92 A4=10F1122 A5=108000 A6=109058 PC=40B0 -- 0040B0: move.b  ($68,A1), D1
D0=FFD0 D1=FF D2=0 D3=FFFF D4=10404E40 D5=84418539 D6=84418539 D7=FFFF A0=3C0002 A1=102100 A2=F6D24 A3=108F92 A4=10F1122 A5=108000 A6=109058 PC=40B4 -- 0040B4: addq.w  #1, D1
D0=FFD0 D1=100 D2=0 D3=FFFF D4=10404E40 D5=84418539 D6=84418539 D7=FFFF A0=3C0002 A1=102100 A2=F6D24 A3=108F92 A4=10F1122 A5=108000 A6=109058 PC=40B6 -- 0040B6: muls.w  D1, D0
D0=FFFFD000 D1=100 D2=0 D3=FFFF D4=10404E40 D5=84418539 D6=84418539 D7=FFFF A0=3C0002 A1=102100 A2=F6D24 A3=108F92 A4=10F1122 A5=108000 A6=109058 PC=40B8 -- 0040B8: lsr.l   #8, D0
D0=FFFFD0 D1=100 D2=0 D3=FFFF D4=10404E40 D5=84418539 D6=84418539 D7=FFFF A0=3C0002 A1=102100 A2=F6D24 A3=108F92 A4=10F1122 A5=108000 A6=109058 PC=40BA -- 0040BA: add.w   ($24,A1), D0
D0=FF0060 D1=100 D2=0 D3=FFFF D4=10404E40 D5=84418539 D6=84418539 D7=FFFF A0=3C0002 A1=102100 A2=F6D24 A3=108F92 A4=10F1122 A5=108000 A6=109058 PC=40BE -- 0040BE: lsl.w   #7, D0
D0=FF3000 D1=100 D2=0 D3=FFFF D4=10404E40 D5=84418539 D6=84418539 D7=FFFF A0=3C0002 A1=102100 A2=F6D24 A3=108F92 A4=10F1122 A5=108000 A6=109058 PC=40C0 -- 0040C0: move.w  D6, (-$2,A0)
D0=FF3000 D1=100 D2=0 D3=FFFF D4=10404E40 D5=84418539 D6=84418539 D7=FFFF A0=3C0002 A1=102100 A2=F6D24 A3=108F92 A4=10F1122 A5=108000 A6=109058 PC=40C4 -- 0040C4: move.w  D0, (A0)
D0=FF3000 D1=100 D2=0 D3=FFFF D4=10404E40 D5=84418539 D6=84418539 D7=FFFF A0=3C0002 A1=102100 A2=F6D24 A3=108F92 A4=10F1122 A5=108000 A6=109058 PC=40C6 -- 0040C6: moveq   #$0, D0
D0=0 D1=100 D2=0 D3=FFFF D4=10404E40 D5=84418539 D6=84418539 D7=FFFF A0=3C0002 A1=102100 A2=F6D24 A3=108F92 A4=10F1122 A5=108000 A6=109058 PC=40C8 -- 0040C8: move.b  (A2), D0
D0=2 D1=100 D2=0 D3=FFFF D4=10404E40 D5=84418539 D6=84418539 D7=FFFF A0=3C0002 A1=102100 A2=F6D24 A3=108F92 A4=10F1122 A5=108000 A6=109058 PC=40CA -- 0040CA: add.w   D0, D6
D0=2 D1=100 D2=0 D3=FFFF D4=10404E40 D5=8441853B D6=8441853B D7=FFFF A0=3C0002 A1=102100 A2=F6D24 A3=108F92 A4=10F1122 A5=108000 A6=109058 PC=40CC -- 0040CC: move.w  ($2,A4), D0
D0=FFF7 D1=100 D2=0 D3=FFFF D4=10404E40 D5=8441853B D6=8441853B D7=FFFF A0=3C0002 A1=102100 A2=F6D24 A3=108F92 A4=10F1122 A5=108000 A6=109058 PC=40D0 -- 0040D0: btst    #$1, ($791,A5)
D0=FFF7 D1=100 D2=0 D3=FFFF D4=10404E40 D5=8441853B D6=8441853B D7=FFFF A0=3C0002 A1=102100 A2=F6D24 A3=108F92 A4=10F1122 A5=108000 A6=109058 PC=40D6 -- 0040D6: beq     $40e4
D0=FFF7 D1=100 D2=0 D3=FFFF D4=10404E40 D5=8441853B D6=8441853B D7=FFFF A0=3C0002 A1=102100 A2=F6D24 A3=108F92 A4=10F1122 A5=108000 A6=109058 PC=40E4 -- 0040E4: moveq   #$0, D1
D0=FFF7 D1=0 D2=0 D3=FFFF D4=10404E40 D5=8441853B D6=8441853B D7=FFFF A0=3C0002 A1=102100 A2=F6D24 A3=108F92 A4=10F1122 A5=108000 A6=109058 PC=40E6 -- 0040E6: move.b  ($69,A1), D1
D0=FFF7 D1=FF D2=0 D3=FFFF D4=10404E40 D5=8441853B D6=8441853B D7=FFFF A0=3C0002 A1=102100 A2=F6D24 A3=108F92 A4=10F1122 A5=108000 A6=109058 PC=40EA -- 0040EA: addq.w  #1, D1
D0=FFF7 D1=100 D2=0 D3=FFFF D4=10404E40 D5=8441853B D6=8441853B D7=FFFF A0=3C0002 A1=102100 A2=F6D24 A3=108F92 A4=10F1122 A5=108000 A6=109058 PC=40EC -- 0040EC: muls.w  D1, D0
D0=FFFFF700 D1=100 D2=0 D3=FFFF D4=10404E40 D5=8441853B D6=8441853B D7=FFFF A0=3C0002 A1=102100 A2=F6D24 A3=108F92 A4=10F1122 A5=108000 A6=109058 PC=40EE -- 0040EE: lsr.l   #8, D0
D0=FFFFF7 D1=100 D2=0 D3=FFFF D4=10404E40 D5=8441853B D6=8441853B D7=FFFF A0=3C0002 A1=102100 A2=F6D24 A3=108F92 A4=10F1122 A5=108000 A6=109058 PC=40F0 -- 0040F0: add.w   ($26,A1), D0
D0=FF00BF D1=100 D2=0 D3=FFFF D4=10404E40 D5=8441853B D6=8441853B D7=FFFF A0=3C0002 A1=102100 A2=F6D24 A3=108F92 A4=10F1122 A5=108000 A6=109058 PC=40F4 -- 0040F4: neg.w   D0
D0=FFFF41 D1=100 D2=0 D3=FFFF D4=10404E40 D5=8441853B D6=8441853B D7=FFFF A0=3C0002 A1=102100 A2=F6D24 A3=108F92 A4=10F1122 A5=108000 A6=109058 PC=40F6 -- 0040F6: addi.w  #$1ff, D0
D0=FF0140 D1=100 D2=0 D3=FFFF D4=10404E40 D5=8441853B D6=8441853B D7=FFFF A0=3C0002 A1=102100 A2=F6D24 A3=108F92 A4=10F1122 A5=108000 A6=109058 PC=40FA -- 0040FA: lsl.w   #7, D0
D0=FFA000 D1=100 D2=0 D3=FFFF D4=10404E40 D5=8441853B D6=8441853B D7=FFFF A0=3C0002 A1=102100 A2=F6D24 A3=108F92 A4=10F1122 A5=108000 A6=109058 PC=40FC -- 0040FC: bsr     $4772
D0=FFA000 D1=100 D2=0 D3=FFFF D4=10404E40 D5=8441853B D6=8441853B D7=FFFF A0=3C0002 A1=102100 A2=F6D24 A3=108F92 A4=10F1122 A5=108000 A6=109058 PC=4772 -- 004772: move.w  D0, -(A7)
D0=FFA000 D1=100 D2=0 D3=FFFF D4=10404E40 D5=8441853B D6=8441853B D7=FFFF A0=3C0002 A1=102100 A2=F6D24 A3=108F92 A4=10F1122 A5=108000 A6=109058 PC=4774 -- 004774: moveq   #-$1, D0
D0=FFFFFFFF D1=100 D2=0 D3=FFFF D4=10404E40 D5=8441853B D6=8441853B D7=FFFF A0=3C0002 A1=102100 A2=F6D24 A3=108F92 A4=10F1122 A5=108000 A6=109058 PC=4776 -- 004776: moveq   #$0, D1
D0=FFFFFFFF D1=0 D2=0 D3=FFFF D4=10404E40 D5=8441853B D6=8441853B D7=FFFF A0=3C0002 A1=102100 A2=F6D24 A3=108F92 A4=10F1122 A5=108000 A6=109058 PC=4778 -- 004778: move.b  ($1,A2), D1
D0=FFFFFFFF D1=2 D2=0 D3=FFFF D4=10404E40 D5=8441853B D6=8441853B D7=FFFF A0=3C0002 A1=102100 A2=F6D24 A3=108F92 A4=10F1122 A5=108000 A6=109058 PC=477C -- 00477C: cmpi.b  #-$1, ($69,A1)
D0=FFFFFFFF D1=2 D2=0 D3=FFFF D4=10404E40 D5=8441853B D6=8441853B D7=FFFF A0=3C0002 A1=102100 A2=F6D24 A3=108F92 A4=10F1122 A5=108000 A6=109058 PC=4782 -- 004782: beq     $47b4
D0=FFFFFFFF D1=2 D2=0 D3=FFFF D4=10404E40 D5=8441853B D6=8441853B D7=FFFF A0=3C0002 A1=102100 A2=F6D24 A3=108F92 A4=10F1122 A5=108000 A6=109058 PC=47B4 -- 0047B4: move.b  D0, ($78f,A5)
D0=FFFFFFFF D1=2 D2=0 D3=FFFF D4=10404E40 D5=8441853B D6=8441853B D7=FFFF A0=3C0002 A1=102100 A2=F6D24 A3=108F92 A4=10F1122 A5=108000 A6=109058 PC=47B8 -- 0047B8: move.b  D1, ($78e,A5)
D0=FFFFFFFF D1=2 D2=0 D3=FFFF D4=10404E40 D5=8441853B D6=8441853B D7=FFFF A0=3C0002 A1=102100 A2=F6D24 A3=108F92 A4=10F1122 A5=108000 A6=109058 PC=47BC -- 0047BC: move.w  (A7)+, D0
D0=FFFFA000 D1=2 D2=0 D3=FFFF D4=10404E40 D5=8441853B D6=8441853B D7=FFFF A0=3C0002 A1=102100 A2=F6D24 A3=108F92 A4=10F1122 A5=108000 A6=109058 PC=47BE -- 0047BE: rts
D0=FFFFA000 D1=2 D2=0 D3=FFFF D4=10404E40 D5=8441853B D6=8441853B D7=FFFF A0=3C0002 A1=102100 A2=F6D24 A3=108F92 A4=10F1122 A5=108000 A6=109058 PC=4100 -- 004100: add.b   ($78e,A5), D0
D0=FFFFA002 D1=2 D2=0 D3=FFFF D4=10404E40 D5=8441853B D6=8441853B D7=FFFF A0=3C0002 A1=102100 A2=F6D24 A3=108F92 A4=10F1122 A5=108000 A6=109058 PC=4104 -- 004104: move.w  D0, (A3)+
D0=FFFFA002 D1=2 D2=0 D3=FFFF D4=10404E40 D5=8441853B D6=8441853B D7=FFFF A0=3C0002 A1=102100 A2=F6D24 A3=108F94 A4=10F1122 A5=108000 A6=109058 PC=4106 -- 004106: moveq   #$0, D0
D0=0 D1=2 D2=0 D3=FFFF D4=10404E40 D5=8441853B D6=8441853B D7=FFFF A0=3C0002 A1=102100 A2=F6D24 A3=108F94 A4=10F1122 A5=108000 A6=109058 PC=4108 -- 004108: move.b  (A2), D0
D0=2 D1=2 D2=0 D3=FFFF D4=10404E40 D5=8441853B D6=8441853B D7=FFFF A0=3C0002 A1=102100 A2=F6D24 A3=108F94 A4=10F1122 A5=108000 A6=109058 PC=410A -- 00410A: subq.b  #2, D0
D0=0 D1=2 D2=0 D3=FFFF D4=10404E40 D5=8441853B D6=8441853B D7=FFFF A0=3C0002 A1=102100 A2=F6D24 A3=108F94 A4=10F1122 A5=108000 A6=109058 PC=410C -- 00410C: bmi     $4118
D0=0 D1=2 D2=0 D3=FFFF D4=10404E40 D5=8441853B D6=8441853B D7=FFFF A0=3C0002 A1=102100 A2=F6D24 A3=108F94 A4=10F1122 A5=108000 A6=109058 PC=410E -- 00410E: move.w  #$40, D1
D0=0 D1=40 D2=0 D3=FFFF D4=10404E40 D5=8441853B D6=8441853B D7=FFFF A0=3C0002 A1=102100 A2=F6D24 A3=108F94 A4=10F1122 A5=108000 A6=109058 PC=4112 -- 004112: move.w  D1, (A3)+
D0=0 D1=40 D2=0 D3=FFFF D4=10404E40 D5=8441853B D6=8441853B D7=FFFF A0=3C0002 A1=102100 A2=F6D24 A3=108F96 A4=10F1122 A5=108000 A6=109058 PC=4114 -- 004114: dbra    D0, $4112
D0=FFFF D1=40 D2=0 D3=FFFF D4=10404E40 D5=8441853B D6=8441853B D7=FFFF A0=3C0002 A1=102100 A2=F6D24 A3=108F96 A4=10F1122 A5=108000 A6=109058 PC=4118 -- 004118: move.w  #$1, ($2,A0)
D0=FFFF D1=40 D2=0 D3=FFFF D4=10404E40 D5=8441853B D6=8441853B D7=FFFF A0=3C0002 A1=102100 A2=F6D24 A3=108F96 A4=10F1122 A5=108000 A6=109058 PC=411E -- 00411E: move.w  D5, (-$2,A0)
D0=FFFF D1=40 D2=0 D3=FFFF D4=10404E40 D5=8441853B D6=8441853B D7=FFFF A0=3C0002 A1=102100 A2=F6D24 A3=108F96 A4=10F1122 A5=108000 A6=109058 PC=4122 -- 004122: moveq   #$0, D1
D0=FFFF D1=0 D2=0 D3=FFFF D4=10404E40 D5=8441853B D6=8441853B D7=FFFF A0=3C0002 A1=102100 A2=F6D24 A3=108F96 A4=10F1122 A5=108000 A6=109058 PC=4124 -- 004124: move.b  ($68,A1), D0
D0=FFFF D1=0 D2=0 D3=FFFF D4=10404E40 D5=8441853B D6=8441853B D7=FFFF A0=3C0002 A1=102100 A2=F6D24 A3=108F96 A4=10F1122 A5=108000 A6=109058 PC=4128 -- 004128: move.b  D0, D1
D0=FFFF D1=FF D2=0 D3=FFFF D4=10404E40 D5=8441853B D6=8441853B D7=FFFF A0=3C0002 A1=102100 A2=F6D24 A3=108F96 A4=10F1122 A5=108000 A6=109058 PC=412A -- 00412A: andi.w  #$f, D0
D0=F D1=FF D2=0 D3=FFFF D4=10404E40 D5=8441853B D6=8441853B D7=FFFF A0=3C0002 A1=102100 A2=F6D24 A3=108F96 A4=10F1122 A5=108000 A6=109058 PC=412E -- 00412E: lsr.b   #4, D1
D0=F D1=F D2=0 D3=FFFF D4=10404E40 D5=8441853B D6=8441853B D7=FFFF A0=3C0002 A1=102100 A2=F6D24 A3=108F96 A4=10F1122 A5=108000 A6=109058 PC=4130 -- 004130: tst.b   D1
D0=F D1=F D2=0 D3=FFFF D4=10404E40 D5=8441853B D6=8441853B D7=FFFF A0=3C0002 A1=102100 A2=F6D24 A3=108F96 A4=10F1122 A5=108000 A6=109058 PC=4132 -- 004132: beq     $4164
D0=F D1=F D2=0 D3=FFFF D4=10404E40 D5=8441853B D6=8441853B D7=FFFF A0=3C0002 A1=102100 A2=F6D24 A3=108F96 A4=10F1122 A5=108000 A6=109058 PC=4134 -- 004134: lea     $4f9d2.l, A6
D0=F D1=F D2=0 D3=FFFF D4=10404E40 D5=8441853B D6=8441853B D7=FFFF A0=3C0002 A1=102100 A2=F6D24 A3=108F96 A4=10F1122 A5=108000 A6=4F9D2 PC=413A -- 00413A: lsl.w   #5, D0
D0=1E0 D1=F D2=0 D3=FFFF D4=10404E40 D5=8441853B D6=8441853B D7=FFFF A0=3C0002 A1=102100 A2=F6D24 A3=108F96 A4=10F1122 A5=108000 A6=4F9D2 PC=413C -- 00413C: adda.w  D0, A6
D0=1E0 D1=F D2=0 D3=FFFF D4=10404E40 D5=8441853B D6=8441853B D7=FFFF A0=3C0002 A1=102100 A2=F6D24 A3=108F96 A4=10F1122 A5=108000 A6=4FBB2 PC=413E -- 00413E: moveq   #$f, D0
D0=F D1=F D2=0 D3=FFFF D4=10404E40 D5=8441853B D6=8441853B D7=FFFF A0=3C0002 A1=102100 A2=F6D24 A3=108F96 A4=10F1122 A5=108000 A6=4FBB2 PC=4140 -- 004140: moveq   #$0, D2
D0=F D1=F D2=0 D3=FFFF D4=10404E40 D5=8441853B D6=8441853B D7=FFFF A0=3C0002 A1=102100 A2=F6D24 A3=108F96 A4=10F1122 A5=108000 A6=4FBB2 PC=4142 -- 004142: move.b  (A2), D2
D0=F D1=F D2=2 D3=FFFF D4=10404E40 D5=8441853B D6=8441853B D7=FFFF A0=3C0002 A1=102100 A2=F6D24 A3=108F96 A4=10F1122 A5=108000 A6=4FBB2 PC=4144 -- 004144: lsr.w   #1, D2
D0=F D1=F D2=1 D3=FFFF D4=10404E40 D5=8441853B D6=8441853B D7=FFFF A0=3C0002 A1=102100 A2=F6D24 A3=108F96 A4=10F1122 A5=108000 A6=4FBB2 PC=4146 -- 004146: sub.w   D2, D0
D0=E D1=F D2=1 D3=FFFF D4=10404E40 D5=8441853B D6=8441853B D7=FFFF A0=3C0002 A1=102100 A2=F6D24 A3=108F96 A4=10F1122 A5=108000 A6=4FBB2 PC=4148 -- 004148: adda.l  D0, A6
D0=E D1=F D2=1 D3=FFFF D4=10404E40 D5=8441853B D6=8441853B D7=FFFF A0=3C0002 A1=102100 A2=F6D24 A3=108F96 A4=10F1122 A5=108000 A6=4FBC0 PC=414A -- 00414A: move.b  (A2), D0
D0=2 D1=F D2=1 D3=FFFF D4=10404E40 D5=8441853B D6=8441853B D7=FFFF A0=3C0002 A1=102100 A2=F6D24 A3=108F96 A4=10F1122 A5=108000 A6=4FBC0 PC=414C -- 00414C: add.w   D0, D5
D0=2 D1=F D2=1 D3=FFFF D4=10404E40 D5=8441853B D6=8441853B D7=FFFF A0=3C0002 A1=102100 A2=F6D24 A3=108F96 A4=10F1122 A5=108000 A6=4FBC0 PC=414E -- 00414E: subq.b  #1, D0
D0=1 D1=F D2=1 D3=FFFF D4=10404E40 D5=8441853B D6=8441853B D7=FFFF A0=3C0002 A1=102100 A2=F6D24 A3=108F96 A4=10F1122 A5=108000 A6=4FBC0 PC=4150 -- 004150: move.b  D1, D2
D0=1 D1=F D2=F D3=FFFF D4=10404E40 D5=8441853B D6=8441853B D7=FFFF A0=3C0002 A1=102100 A2=F6D24 A3=108F96 A4=10F1122 A5=108000 A6=4FBC0 PC=4152 -- 004152: sub.b   (A6)+, D2
D0=1 D1=F D2=F D3=FFFF D4=10404E40 D5=8441853B D6=8441853B D7=FFFF A0=3C0002 A1=102100 A2=F6D24 A3=108F96 A4=10F1122 A5=108000 A6=4FBC1 PC=4154 -- 004154: lsl.w   #8, D2
D0=1 D1=F D2=F00 D3=FFFF D4=10404E40 D5=8441853B D6=8441853B D7=FFFF A0=3C0002 A1=102100 A2=F6D24 A3=108F96 A4=10F1122 A5=108000 A6=4FBC1 PC=4156 -- 004156: move.b  ($69,A1), D2
D0=1 D1=F D2=FFF D3=FFFF D4=10404E40 D5=8441853B D6=8441853B D7=FFFF A0=3C0002 A1=102100 A2=F6D24 A3=108F96 A4=10F1122 A5=108000 A6=4FBC1 PC=415A -- 00415A: move.w  D2, (A0)
D0=1 D1=F D2=FFF D3=FFFF D4=10404E40 D5=8441853B D6=8441853B D7=FFFF A0=3C0002 A1=102100 A2=F6D24 A3=108F96 A4=10F1122 A5=108000 A6=4FBC1 PC=415C -- 00415C: dbra    D0, $4150
D0=0 D1=F D2=FFF D3=FFFF D4=10404E40 D5=8441853B D6=8441853B D7=FFFF A0=3C0002 A1=102100 A2=F6D24 A3=108F96 A4=10F1122 A5=108000 A6=4FBC1 PC=4150 -- 004150: move.b  D1, D2
D0=0 D1=F D2=F0F D3=FFFF D4=10404E40 D5=8441853B D6=8441853B D7=FFFF A0=3C0002 A1=102100 A2=F6D24 A3=108F96 A4=10F1122 A5=108000 A6=4FBC1 PC=4152 -- 004152: sub.b   (A6)+, D2
D0=0 D1=F D2=F0F D3=FFFF D4=10404E40 D5=8441853B D6=8441853B D7=FFFF A0=3C0002 A1=102100 A2=F6D24 A3=108F96 A4=10F1122 A5=108000 A6=4FBC2 PC=4154 -- 004154: lsl.w   #8, D2
D0=0 D1=F D2=F00 D3=FFFF D4=10404E40 D5=8441853B D6=8441853B D7=FFFF A0=3C0002 A1=102100 A2=F6D24 A3=108F96 A4=10F1122 A5=108000 A6=4FBC2 PC=4156 -- 004156: move.b  ($69,A1), D2
D0=0 D1=F D2=FFF D3=FFFF D4=10404E40 D5=8441853B D6=8441853B D7=FFFF A0=3C0002 A1=102100 A2=F6D24 A3=108F96 A4=10F1122 A5=108000 A6=4FBC2 PC=415A -- 00415A: move.w  D2, (A0)
D0=0 D1=F D2=FFF D3=FFFF D4=10404E40 D5=8441853B D6=8441853B D7=FFFF A0=3C0002 A1=102100 A2=F6D24 A3=108F96 A4=10F1122 A5=108000 A6=4FBC2 PC=415C -- 00415C: dbra    D0, $4150
D0=FFFF D1=F D2=FFF D3=FFFF D4=10404E40 D5=8441853B D6=8441853B D7=FFFF A0=3C0002 A1=102100 A2=F6D24 A3=108F96 A4=10F1122 A5=108000 A6=4FBC2 PC=4160 -- 004160: bra     $4178
D0=FFFF D1=F D2=FFF D3=FFFF D4=10404E40 D5=8441853B D6=8441853B D7=FFFF A0=3C0002 A1=102100 A2=F6D24 A3=108F96 A4=10F1122 A5=108000 A6=4FBC2 PC=4178 -- 004178: move.b  ($2,A2), D0
D0=FFC3 D1=F D2=FFF D3=FFFF D4=10404E40 D5=8441853B D6=8441853B D7=FFFF A0=3C0002 A1=102100 A2=F6D24 A3=108F96 A4=10F1122 A5=108000 A6=4FBC2 PC=417C -- 00417C: tst.b   ($80,A1)
D0=FFC3 D1=F D2=FFF D3=FFFF D4=10404E40 D5=8441853B D6=8441853B D7=FFFF A0=3C0002 A1=102100 A2=F6D24 A3=108F96 A4=10F1122 A5=108000 A6=4FBC2 PC=4180 -- 004180: beq     $4188
D0=FFC3 D1=F D2=FFF D3=FFFF D4=10404E40 D5=8441853B D6=8441853B D7=FFFF A0=3C0002 A1=102100 A2=F6D24 A3=108F96 A4=10F1122 A5=108000 A6=4FBC2 PC=4188 -- 004188: add.b   ($30,A1), D0
D0=FFC3 D1=F D2=FFF D3=FFFF D4=10404E40 D5=8441853B D6=8441853B D7=FFFF A0=3C0002 A1=102100 A2=F6D24 A3=108F96 A4=10F1122 A5=108000 A6=4FBC2 PC=418C -- 00418C: lsl.w   #8, D0
D0=C300 D1=F D2=FFF D3=FFFF D4=10404E40 D5=8441853B D6=8441853B D7=FFFF A0=3C0002 A1=102100 A2=F6D24 A3=108F96 A4=10F1122 A5=108000 A6=4FBC2 PC=418E -- 00418E: tst.b   ($3,A2)
D0=C300 D1=F D2=FFF D3=FFFF D4=10404E40 D5=8441853B D6=8441853B D7=FFFF A0=3C0002 A1=102100 A2=F6D24 A3=108F96 A4=10F1122 A5=108000 A6=4FBC2 PC=4192 -- 004192: beq     $4198
D0=C300 D1=F D2=FFF D3=FFFF D4=10404E40 D5=8441853B D6=8441853B D7=FFFF A0=3C0002 A1=102100 A2=F6D24 A3=108F96 A4=10F1122 A5=108000 A6=4FBC2 PC=4194 -- 004194: move.b  #$10, D0
D0=C310 D1=F D2=FFF D3=FFFF D4=10404E40 D5=8441853B D6=8441853B D7=FFFF A0=3C0002 A1=102100 A2=F6D24 A3=108F96 A4=10F1122 A5=108000 A6=4FBC2 PC=4198 -- 004198: move.w  ($4,A2), D1
D0=C310 D1=DCB4 D2=FFF D3=FFFF D4=10404E40 D5=8441853B D6=8441853B D7=FFFF A0=3C0002 A1=102100 A2=F6D24 A3=108F96 A4=10F1122 A5=108000 A6=4FBC2 PC=419C -- 00419C: moveq   #$0, D3
D0=C310 D1=DCB4 D2=FFF D3=0 D4=10404E40 D5=8441853B D6=8441853B D7=FFFF A0=3C0002 A1=102100 A2=F6D24 A3=108F96 A4=10F1122 A5=108000 A6=4FBC2 PC=419E -- 00419E: move.b  (A2), D3
D0=C310 D1=DCB4 D2=FFF D3=2 D4=10404E40 D5=8441853B D6=8441853B D7=FFFF A0=3C0002 A1=102100 A2=F6D24 A3=108F96 A4=10F1122 A5=108000 A6=4FBC2 PC=41A0 -- 0041A0: subq.b  #1, D3
D0=C310 D1=DCB4 D2=FFF D3=1 D4=10404E40 D5=8441853B D6=8441853B D7=FFFF A0=3C0002 A1=102100 A2=F6D24 A3=108F96 A4=10F1122 A5=108000 A6=4FBC2 PC=41A2 -- 0041A2: move.w  ($790,A5), D7
D0=C310 D1=DCB4 D2=FFF D3=1 D4=10404E40 D5=8441853B D6=8441853B D7=0 A0=3C0002 A1=102100 A2=F6D24 A3=108F96 A4=10F1122 A5=108000 A6=4FBC2 PC=41A6 -- 0041A6: add.w   D7, D7
D0=C310 D1=DCB4 D2=FFF D3=1 D4=10404E40 D5=8441853B D6=8441853B D7=0 A0=3C0002 A1=102100 A2=F6D24 A3=108F96 A4=10F1122 A5=108000 A6=4FBC2 PC=41A8 -- 0041A8: add.w   D7, D7
D0=C310 D1=DCB4 D2=FFF D3=1 D4=10404E40 D5=8441853B D6=8441853B D7=0 A0=3C0002 A1=102100 A2=F6D24 A3=108F96 A4=10F1122 A5=108000 A6=4FBC2 PC=41AA -- 0041AA: movea.l ($4,PC,D7.w), A6
D0=C310 D1=DCB4 D2=FFF D3=1 D4=10404E40 D5=8441853B D6=8441853B D7=0 A0=3C0002 A1=102100 A2=F6D24 A3=108F96 A4=10F1122 A5=108000 A6=428C PC=41AE -- 0041AE: jmp     (A6)
D0=C310 D1=DCB4 D2=FFF D3=1 D4=10404E40 D5=8441853B D6=8441853B D7=0 A0=3C0002 A1=102100 A2=F6D24 A3=108F96 A4=10F1122 A5=108000 A6=428C PC=428C -- 00428C: lea     ($6,A2), A6
D0=C310 D1=DCB4 D2=FFF D3=1 D4=10404E40 D5=8441853B D6=8441853B D7=0 A0=3C0002 A1=102100 A2=F6D24 A3=108F96 A4=10F1122 A5=108000 A6=F6D2A PC=4290 -- 004290: move.w  #$1, ($2,A0)
D0=C310 D1=DCB4 D2=FFF D3=1 D4=10404E40 D5=8441853B D6=8441853B D7=0 A0=3C0002 A1=102100 A2=F6D24 A3=108F96 A4=10F1122 A5=108000 A6=F6D2A PC=4296 -- 004296: moveq   #$0, D7
D0=C310 D1=DCB4 D2=FFF D3=1 D4=10404E40 D5=8441853B D6=8441853B D7=0 A0=3C0002 A1=102100 A2=F6D24 A3=108F96 A4=10F1122 A5=108000 A6=F6D2A PC=4298 -- 004298: move.b  ($1,A2), D7
D0=C310 D1=DCB4 D2=FFF D3=1 D4=10404E40 D5=8441853B D6=8441853B D7=2 A0=3C0002 A1=102100 A2=F6D24 A3=108F96 A4=10F1122 A5=108000 A6=F6D2A PC=429C -- 00429C: subq.b  #1, D7
D0=C310 D1=DCB4 D2=FFF D3=1 D4=10404E40 D5=8441853B D6=8441853B D7=1 A0=3C0002 A1=102100 A2=F6D24 A3=108F96 A4=10F1122 A5=108000 A6=F6D2A PC=429E -- 00429E: move.w  (A6)+, D2
D0=C310 D1=DCB4 D2=C000 D3=1 D4=10404E40 D5=8441853B D6=8441853B D7=1 A0=3C0002 A1=102100 A2=F6D24 A3=108F96 A4=10F1122 A5=108000 A6=F6D2C PC=42A0 -- 0042A0: move.w  D4, (-$2,A0)
D0=C310 D1=DCB4 D2=C000 D3=1 D4=10404E40 D5=8441853B D6=8441853B D7=1 A0=3C0002 A1=102100 A2=F6D24 A3=108F96 A4=10F1122 A5=108000 A6=F6D2C PC=42A4 -- 0042A4: add.w   D2, D2
D0=C310 D1=DCB4 D2=8000 D3=1 D4=10404E40 D5=8441853B D6=8441853B D7=1 A0=3C0002 A1=102100 A2=F6D24 A3=108F96 A4=10F1122 A5=108000 A6=F6D2C PC=42A6 -- 0042A6: bcc     $42b8
D0=C310 D1=DCB4 D2=8000 D3=1 D4=10404E40 D5=8441853B D6=8441853B D7=1 A0=3C0002 A1=102100 A2=F6D24 A3=108F96 A4=10F1122 A5=108000 A6=F6D2C PC=42A8 -- 0042A8: move.w  D1, (A0)
D0=C310 D1=DCB4 D2=8000 D3=1 D4=10404E40 D5=8441853B D6=8441853B D7=1 A0=3C0002 A1=102100 A2=F6D24 A3=108F96 A4=10F1122 A5=108000 A6=F6D2C PC=42AA -- 0042AA: nop
D0=C310 D1=DCB4 D2=8000 D3=1 D4=10404E40 D5=8441853B D6=8441853B D7=1 A0=3C0002 A1=102100 A2=F6D24 A3=108F96 A4=10F1122 A5=108000 A6=F6D2C PC=42AC -- 0042AC: move.w  D0, (A0)
D0=C310 D1=DCB4 D2=8000 D3=1 D4=10404E40 D5=8441853B D6=8441853B D7=1 A0=3C0002 A1=102100 A2=F6D24 A3=108F96 A4=10F1122 A5=108000 A6=F6D2C PC=42AE -- 0042AE: addq.w  #1, D1
D0=C310 D1=DCB5 D2=8000 D3=1 D4=10404E40 D5=8441853B D6=8441853B D7=1 A0=3C0002 A1=102100 A2=F6D24 A3=108F96 A4=10F1122 A5=108000 A6=F6D2C PC=42B0 -- 0042B0: bcc     $42c0
D0=C310 D1=DCB5 D2=8000 D3=1 D4=10404E40 D5=8441853B D6=8441853B D7=1 A0=3C0002 A1=102100 A2=F6D24 A3=108F96 A4=10F1122 A5=108000 A6=F6D2C PC=42C0 -- 0042C0: dbra    D7, $42a4
D0=C310 D1=DCB5 D2=8000 D3=1 D4=10404E40 D5=8441853B D6=8441853B D7=0 A0=3C0002 A1=102100 A2=F6D24 A3=108F96 A4=10F1122 A5=108000 A6=F6D2C PC=42A4 -- 0042A4: add.w   D2, D2
D0=C310 D1=DCB5 D2=0 D3=1 D4=10404E40 D5=8441853B D6=8441853B D7=0 A0=3C0002 A1=102100 A2=F6D24 A3=108F96 A4=10F1122 A5=108000 A6=F6D2C PC=42A6 -- 0042A6: bcc     $42b8
D0=C310 D1=DCB5 D2=0 D3=1 D4=10404E40 D5=8441853B D6=8441853B D7=0 A0=3C0002 A1=102100 A2=F6D24 A3=108F96 A4=10F1122 A5=108000 A6=F6D2C PC=42A8 -- 0042A8: move.w  D1, (A0)
D0=C310 D1=DCB5 D2=0 D3=1 D4=10404E40 D5=8441853B D6=8441853B D7=0 A0=3C0002 A1=102100 A2=F6D24 A3=108F96 A4=10F1122 A5=108000 A6=F6D2C PC=42AA -- 0042AA: nop
D0=C310 D1=DCB5 D2=0 D3=1 D4=10404E40 D5=8441853B D6=8441853B D7=0 A0=3C0002 A1=102100 A2=F6D24 A3=108F96 A4=10F1122 A5=108000 A6=F6D2C PC=42AC -- 0042AC: move.w  D0, (A0)
D0=C310 D1=DCB5 D2=0 D3=1 D4=10404E40 D5=8441853B D6=8441853B D7=0 A0=3C0002 A1=102100 A2=F6D24 A3=108F96 A4=10F1122 A5=108000 A6=F6D2C PC=42AE -- 0042AE: addq.w  #1, D1
D0=C310 D1=DCB6 D2=0 D3=1 D4=10404E40 D5=8441853B D6=8441853B D7=0 A0=3C0002 A1=102100 A2=F6D24 A3=108F96 A4=10F1122 A5=108000 A6=F6D2C PC=42B0 -- 0042B0: bcc     $42c0
D0=C310 D1=DCB6 D2=0 D3=1 D4=10404E40 D5=8441853B D6=8441853B D7=0 A0=3C0002 A1=102100 A2=F6D24 A3=108F96 A4=10F1122 A5=108000 A6=F6D2C PC=42C0 -- 0042C0: dbra    D7, $42a4
D0=C310 D1=DCB6 D2=0 D3=1 D4=10404E40 D5=8441853B D6=8441853B D7=FFFF A0=3C0002 A1=102100 A2=F6D24 A3=108F96 A4=10F1122 A5=108000 A6=F6D2C PC=42C4 -- 0042C4: bsr     $47c0
D0=C310 D1=DCB6 D2=0 D3=1 D4=10404E40 D5=8441853B D6=8441853B D7=FFFF A0=3C0002 A1=102100 A2=F6D24 A3=108F96 A4=10F1122 A5=108000 A6=F6D2C PC=47C0 -- 0047C0: tst.b   ($78f,A5)
D0=C310 D1=DCB6 D2=0 D3=1 D4=10404E40 D5=8441853B D6=8441853B D7=FFFF A0=3C0002 A1=102100 A2=F6D24 A3=108F96 A4=10F1122 A5=108000 A6=F6D2C PC=47C4 -- 0047C4: bpl     $47c8
D0=C310 D1=DCB6 D2=0 D3=1 D4=10404E40 D5=8441853B D6=8441853B D7=FFFF A0=3C0002 A1=102100 A2=F6D24 A3=108F96 A4=10F1122 A5=108000 A6=F6D2C PC=47C6 -- 0047C6: rts
D0=C310 D1=DCB6 D2=0 D3=1 D4=10404E40 D5=8441853B D6=8441853B D7=FFFF A0=3C0002 A1=102100 A2=F6D24 A3=108F96 A4=10F1122 A5=108000 A6=F6D2C PC=42C8 -- 0042C8: addi.w  #$40, D4
D0=C310 D1=DCB6 D2=0 D3=1 D4=10404E80 D5=8441853B D6=8441853B D7=FFFF A0=3C0002 A1=102100 A2=F6D24 A3=108F96 A4=10F1122 A5=108000 A6=F6D2C PC=42CC -- 0042CC: dbra    D3, $4296
D0=C310 D1=DCB6 D2=0 D3=0 D4=10404E80 D5=8441853B D6=8441853B D7=FFFF A0=3C0002 A1=102100 A2=F6D24 A3=108F96 A4=10F1122 A5=108000 A6=F6D2C PC=4296 -- 004296: moveq   #$0, D7
D0=C310 D1=DCB6 D2=0 D3=0 D4=10404E80 D5=8441853B D6=8441853B D7=0 A0=3C0002 A1=102100 A2=F6D24 A3=108F96 A4=10F1122 A5=108000 A6=F6D2C PC=4298 -- 004298: move.b  ($1,A2), D7
D0=C310 D1=DCB6 D2=0 D3=0 D4=10404E80 D5=8441853B D6=8441853B D7=2 A0=3C0002 A1=102100 A2=F6D24 A3=108F96 A4=10F1122 A5=108000 A6=F6D2C PC=429C -- 00429C: subq.b  #1, D7
D0=C310 D1=DCB6 D2=0 D3=0 D4=10404E80 D5=8441853B D6=8441853B D7=1 A0=3C0002 A1=102100 A2=F6D24 A3=108F96 A4=10F1122 A5=108000 A6=F6D2C PC=429E -- 00429E: move.w  (A6)+, D2
D0=C310 D1=DCB6 D2=C000 D3=0 D4=10404E80 D5=8441853B D6=8441853B D7=1 A0=3C0002 A1=102100 A2=F6D24 A3=108F96 A4=10F1122 A5=108000 A6=F6D2E PC=42A0 -- 0042A0: move.w  D4, (-$2,A0)

   (loops for 16 instructions)

D0=C310 D1=DCB8 D2=0 D3=0 D4=10404E80 D5=8441853B D6=8441853B D7=FFFF A0=3C0002 A1=102100 A2=F6D24 A3=108F96 A4=10F1122 A5=108000 A6=F6D2E PC=42C4 -- 0042C4: bsr     $47c0
D0=C310 D1=DCB8 D2=0 D3=0 D4=10404E80 D5=8441853B D6=8441853B D7=FFFF A0=3C0002 A1=102100 A2=F6D24 A3=108F96 A4=10F1122 A5=108000 A6=F6D2E PC=47C0 -- 0047C0: tst.b   ($78f,A5)
D0=C310 D1=DCB8 D2=0 D3=0 D4=10404E80 D5=8441853B D6=8441853B D7=FFFF A0=3C0002 A1=102100 A2=F6D24 A3=108F96 A4=10F1122 A5=108000 A6=F6D2E PC=47C4 -- 0047C4: bpl     $47c8
D0=C310 D1=DCB8 D2=0 D3=0 D4=10404E80 D5=8441853B D6=8441853B D7=FFFF A0=3C0002 A1=102100 A2=F6D24 A3=108F96 A4=10F1122 A5=108000 A6=F6D2E PC=47C6 -- 0047C6: rts
D0=C310 D1=DCB8 D2=0 D3=0 D4=10404E80 D5=8441853B D6=8441853B D7=FFFF A0=3C0002 A1=102100 A2=F6D24 A3=108F96 A4=10F1122 A5=108000 A6=F6D2E PC=42C8 -- 0042C8: addi.w  #$40, D4
D0=C310 D1=DCB8 D2=0 D3=0 D4=10404EC0 D5=8441853B D6=8441853B D7=FFFF A0=3C0002 A1=102100 A2=F6D24 A3=108F96 A4=10F1122 A5=108000 A6=F6D2E PC=42CC -- 0042CC: dbra    D3, $4296
D0=C310 D1=DCB8 D2=0 D3=FFFF D4=10404EC0 D5=8441853B D6=8441853B D7=FFFF A0=3C0002 A1=102100 A2=F6D24 A3=108F96 A4=10F1122 A5=108000 A6=F6D2E PC=42D0 -- 0042D0: rts
D0=C310 D1=DCB8 D2=0 D3=FFFF D4=10404EC0 D5=8441853B D6=8441853B D7=FFFF A0=3C0002 A1=102100 A2=F6D24 A3=108F96 A4=10F1122 A5=108000 A6=F6D2E PC=4016 -- 004016: bra     $401c
D0=C310 D1=DCB8 D2=0 D3=FFFF D4=10404EC0 D5=8441853B D6=8441853B D7=FFFF A0=3C0002 A1=102100 A2=F6D24 A3=108F96 A4=10F1122 A5=108000 A6=F6D2E PC=401C -- 00401C: movea.l (A7)+, A6
D0=C310 D1=DCB8 D2=0 D3=FFFF D4=10404EC0 D5=8441853B D6=8441853B D7=FFFF A0=3C0002 A1=102100 A2=F6D24 A3=108F96 A4=10F1122 A5=108000 A6=108E3C PC=401E -- 00401E: btst    #$5, ($4,A4)
D0=C310 D1=DCB8 D2=0 D3=FFFF D4=10404EC0 D5=8441853B D6=8441853B D7=FFFF A0=3C0002 A1=102100 A2=F6D24 A3=108F96 A4=10F1122 A5=108000 A6=108E3C PC=4024 -- 004024: beq     $4056
D0=C310 D1=DCB8 D2=0 D3=FFFF D4=10404EC0 D5=8441853B D6=8441853B D7=FFFF A0=3C0002 A1=102100 A2=F6D24 A3=108F96 A4=10F1122 A5=108000 A6=108E3C PC=4056 -- 004056: tst.b   ($7c,A1)
D0=C310 D1=DCB8 D2=0 D3=FFFF D4=10404EC0 D5=8441853B D6=8441853B D7=FFFF A0=3C0002 A1=102100 A2=F6D24 A3=108F96 A4=10F1122 A5=108000 A6=108E3C PC=405A -- 00405A: bpl     $4064
D0=C310 D1=DCB8 D2=0 D3=FFFF D4=10404EC0 D5=8441853B D6=8441853B D7=FFFF A0=3C0002 A1=102100 A2=F6D24 A3=108F96 A4=10F1122 A5=108000 A6=108E3C PC=4064 -- 004064: movea.l (A7)+, A0
D0=C310 D1=DCB8 D2=0 D3=FFFF D4=10404EC0 D5=8441853B D6=8441853B D7=FFFF A0=10892A A1=102100 A2=F6D24 A3=108F96 A4=10F1122 A5=108000 A6=108E3C PC=4066 -- 004066: subq.w  #1, ($e3a,A5)
D0=C310 D1=DCB8 D2=0 D3=FFFF D4=10404EC0 D5=8441853B D6=8441853B D7=FFFF A0=10892A A1=102100 A2=F6D24 A3=108F96 A4=10F1122 A5=108000 A6=108E3C PC=406A -- 00406A: bne     $3f32
D0=C310 D1=DCB8 D2=0 D3=FFFF D4=10404EC0 D5=8441853B D6=8441853B D7=FFFF A0=10892A A1=102100 A2=F6D24 A3=108F96 A4=10F1122 A5=108000 A6=108E3C PC=3F32 -- 003F32: move.w  (A0)+, D0
D0=2300 D1=DCB8 D2=0 D3=FFFF D4=10404EC0 D5=8441853B D6=8441853B D7=FFFF A0=10892C A1=102100 A2=F6D24 A3=108F96 A4=10F1122 A5=108000 A6=108E3C PC=3F34 -- 003F34: beq     $3f32
D0=2300 D1=DCB8 D2=0 D3=FFFF D4=10404EC0 D5=8441853B D6=8441853B D7=FFFF A0=10892C A1=102100 A2=F6D24 A3=108F96 A4=10F1122 A5=108000 A6=108E3C PC=3F36 -- 003F36: clr.w   (-$2,A0)
D0=2300 D1=DCB8 D2=0 D3=FFFF D4=10404EC0 D5=8441853B D6=8441853B D7=FFFF A0=10892C A1=102100 A2=F6D24 A3=108F96 A4=10F1122 A5=108000 A6=108E3C PC=3F3A -- 003F3A: move.l  A5, D1
D0=2300 D1=108000 D2=0 D3=FFFF D4=10404EC0 D5=8441853B D6=8441853B D7=FFFF A0=10892C A1=102100 A2=F6D24 A3=108F96 A4=10F1122 A5=108000 A6=108E3C PC=3F3C -- 003F3C: move.w  D0, D1
D0=2300 D1=102300 D2=0 D3=FFFF D4=10404EC0 D5=8441853B D6=8441853B D7=FFFF A0=10892C A1=102100 A2=F6D24 A3=108F96 A4=10F1122 A5=108000 A6=108E3C PC=3F3E -- 003F3E: movea.l D1, A1
D0=2300 D1=102300 D2=0 D3=FFFF D4=10404EC0 D5=8441853B D6=8441853B D7=FFFF A0=10892C A1=102300 A2=F6D24 A3=108F96 A4=10F1122 A5=108000 A6=108E3C PC=3F40 -- 003F40: movea.l ($28,A1), A2
D0=2300 D1=102300 D2=0 D3=FFFF D4=10404EC0 D5=8441853B D6=8441853B D7=FFFF A0=10892C A1=102300 A2=F6D1A A3=108F96 A4=10F1122 A5=108000 A6=108E3C PC=3F44 -- 003F44: lea     $7bf48.l, A4
D0=2300 D1=102300 D2=0 D3=FFFF D4=10404EC0 D5=8441853B D6=8441853B D7=FFFF A0=10892C A1=102300 A2=F6D1A A3=108F96 A4=7BF48 A5=108000 A6=108E3C PC=3F4A -- 003F4A: move.w  ($70,A1), D0
D0=1B D1=102300 D2=0 D3=FFFF D4=10404EC0 D5=8441853B D6=8441853B D7=FFFF A0=10892C A1=102300 A2=F6D1A A3=108F96 A4=7BF48 A5=108000 A6=108E3C PC=3F4E -- 003F4E: add.w   D0, D0
D0=36 D1=102300 D2=0 D3=FFFF D4=10404EC0 D5=8441853B D6=8441853B D7=FFFF A0=10892C A1=102300 A2=F6D1A A3=108F96 A4=7BF48 A5=108000 A6=108E3C PC=3F50 -- 003F50: add.w   D0, D0
D0=6C D1=102300 D2=0 D3=FFFF D4=10404EC0 D5=8441853B D6=8441853B D7=FFFF A0=10892C A1=102300 A2=F6D1A A3=108F96 A4=7BF48 A5=108000 A6=108E3C PC=3F52 -- 003F52: movea.l (A4,D0.w), A4
D0=6C D1=102300 D2=0 D3=FFFF D4=10404EC0 D5=8441853B D6=8441853B D7=FFFF A0=10892C A1=102300 A2=F6D1A A3=108F96 A4=7F5E0 A5=108000 A6=108E3C PC=3F56 -- 003F56: move.w  ($72,A1), D0
D0=3A D1=102300 D2=0 D3=FFFF D4=10404EC0 D5=8441853B D6=8441853B D7=FFFF A0=10892C A1=102300 A2=F6D1A A3=108F96 A4=7F5E0 A5=108000 A6=108E3C PC=3F5A -- 003F5A: add.w   D0, D0
D0=74 D1=102300 D2=0 D3=FFFF D4=10404EC0 D5=8441853B D6=8441853B D7=FFFF A0=10892C A1=102300 A2=F6D1A A3=108F96 A4=7F5E0 A5=108000 A6=108E3C PC=3F5C -- 003F5C: move.w  (A4,D0.w), ($46de,A5)
D0=74 D1=102300 D2=0 D3=FFFF D4=10404EC0 D5=8441853B D6=8441853B D7=FFFF A0=10892C A1=102300 A2=F6D1A A3=108F96 A4=7F5E0 A5=108000 A6=108E3C PC=3F62 -- 003F62: lea     $80000.l, A4
D0=74 D1=102300 D2=0 D3=FFFF D4=10404EC0 D5=8441853B D6=8441853B D7=FFFF A0=10892C A1=102300 A2=F6D1A A3=108F96 A4=80000 A5=108000 A6=108E3C PC=3F68 -- 003F68: move.w  ($70,A1), D0
D0=1B D1=102300 D2=0 D3=FFFF D4=10404EC0 D5=8441853B D6=8441853B D7=FFFF A0=10892C A1=102300 A2=F6D1A A3=108F96 A4=80000 A5=108000 A6=108E3C PC=3F6C -- 003F6C: add.w   D0, D0
D0=36 D1=102300 D2=0 D3=FFFF D4=10404EC0 D5=8441853B D6=8441853B D7=FFFF A0=10892C A1=102300 A2=F6D1A A3=108F96 A4=80000 A5=108000 A6=108E3C PC=3F6E -- 003F6E: add.w   D0, D0
D0=6C D1=102300 D2=0 D3=FFFF D4=10404EC0 D5=8441853B D6=8441853B D7=FFFF A0=10892C A1=102300 A2=F6D1A A3=108F96 A4=80000 A5=108000 A6=108E3C PC=3F70 -- 003F70: movea.l (A4,D0.w), A4
D0=6C D1=102300 D2=0 D3=FFFF D4=10404EC0 D5=8441853B D6=8441853B D7=FFFF A0=10892C A1=102300 A2=F6D1A A3=108F96 A4=86E00 A5=108000 A6=108E3C PC=3F74 -- 003F74: move.w  ($46de,A5), D0
D0=3A3A D1=102300 D2=0 D3=FFFF D4=10404EC0 D5=8441853B D6=8441853B D7=FFFF A0=10892C A1=102300 A2=F6D1A A3=108F96 A4=86E00 A5=108000 A6=108E3C PC=3F78 -- 003F78: tst.b   ($46e2,A5)
D0=3A3A D1=102300 D2=0 D3=FFFF D4=10404EC0 D5=8441853B D6=8441853B D7=FFFF A0=10892C A1=102300 A2=F6D1A A3=108F96 A4=86E00 A5=108000 A6=108E3C PC=3F7C -- 003F7C: beq     $3f82
D0=3A3A D1=102300 D2=0 D3=FFFF D4=10404EC0 D5=8441853B D6=8441853B D7=FFFF A0=10892C A1=102300 A2=F6D1A A3=108F96 A4=86E00 A5=108000 A6=108E3C PC=3F82 -- 003F82: andi.w  #$ff, D0
D0=3A D1=102300 D2=0 D3=FFFF D4=10404EC0 D5=8441853B D6=8441853B D7=FFFF A0=10892C A1=102300 A2=F6D1A A3=108F96 A4=86E00 A5=108000 A6=108E3C PC=3F86 -- 003F86: add.w   D0, D0
D0=74 D1=102300 D2=0 D3=FFFF D4=10404EC0 D5=8441853B D6=8441853B D7=FFFF A0=10892C A1=102300 A2=F6D1A A3=108F96 A4=86E00 A5=108000 A6=108E3C PC=3F88 -- 003F88: add.w   D0, D0
D0=E8 D1=102300 D2=0 D3=FFFF D4=10404EC0 D5=8441853B D6=8441853B D7=FFFF A0=10892C A1=102300 A2=F6D1A A3=108F96 A4=86E00 A5=108000 A6=108E3C PC=3F8A -- 003F8A: movea.l (A4,D0.w), A4
D0=E8 D1=102300 D2=0 D3=FFFF D4=10404EC0 D5=8441853B D6=8441853B D7=FFFF A0=10892C A1=102300 A2=F6D1A A3=108F96 A4=F3122 A5=108000 A6=108E3C PC=3F8E -- 003F8E: move.w  ($74,A1), D0
D0=0 D1=102300 D2=0 D3=FFFF D4=10404EC0 D5=8441853B D6=8441853B D7=FFFF A0=10892C A1=102300 A2=F6D1A A3=108F96 A4=F3122 A5=108000 A6=108E3C PC=3F92 -- 003F92: adda.w  D0, A4
D0=0 D1=102300 D2=0 D3=FFFF D4=10404EC0 D5=8441853B D6=8441853B D7=FFFF A0=10892C A1=102300 A2=F6D1A A3=108F96 A4=F3122 A5=108000 A6=108E3C PC=3F94 -- 003F94: move.l  (A4), D0
D0=10F111C D1=102300 D2=0 D3=FFFF D4=10404EC0 D5=8441853B D6=8441853B D7=FFFF A0=10892C A1=102300 A2=F6D1A A3=108F96 A4=F3122 A5=108000 A6=108E3C PC=3F96 -- 003F96: movea.l D0, A4
D0=10F111C D1=102300 D2=0 D3=FFFF D4=10404EC0 D5=8441853B D6=8441853B D7=FFFF A0=10892C A1=102300 A2=F6D1A A3=108F96 A4=10F111C A5=108000 A6=108E3C PC=3F98 -- 003F98: move.l  A0, -(A7)
D0=10F111C D1=102300 D2=0 D3=FFFF D4=10404EC0 D5=8441853B D6=8441853B D7=FFFF A0=10892C A1=102300 A2=F6D1A A3=108F96 A4=10F111C A5=108000 A6=108E3C PC=3F9A -- 003F9A: lea     $3c0002.l, A0
D0=10F111C D1=102300 D2=0 D3=FFFF D4=10404EC0 D5=8441853B D6=8441853B D7=FFFF A0=3C0002 A1=102300 A2=F6D1A A3=108F96 A4=10F111C A5=108000 A6=108E3C PC=3FA0 -- 003FA0: tst.b   ($7c,A1)
D0=10F111C D1=102300 D2=0 D3=FFFF D4=10404EC0 D5=8441853B D6=8441853B D7=FFFF A0=3C0002 A1=102300 A2=F6D1A A3=108F96 A4=10F111C A5=108000 A6=108E3C PC=3FA4 -- 003FA4: bpl     $3fc0
D0=10F111C D1=102300 D2=0 D3=FFFF D4=10404EC0 D5=8441853B D6=8441853B D7=FFFF A0=3C0002 A1=102300 A2=F6D1A A3=108F96 A4=10F111C A5=108000 A6=108E3C PC=3FC0 -- 003FC0: moveq   #$0, D0
D0=0 D1=102300 D2=0 D3=FFFF D4=10404EC0 D5=8441853B D6=8441853B D7=FFFF A0=3C0002 A1=102300 A2=F6D1A A3=108F96 A4=10F111C A5=108000 A6=108E3C PC=3FC2 -- 003FC2: move.b  (A2), D0
D0=2 D1=102300 D2=0 D3=FFFF D4=10404EC0 D5=8441853B D6=8441853B D7=FFFF A0=3C0002 A1=102300 A2=F6D1A A3=108F96 A4=10F111C A5=108000 A6=108E3C PC=3FC4 -- 003FC4: sub.w   D0, ($794,A5)
D0=2 D1=102300 D2=0 D3=FFFF D4=10404EC0 D5=8441853B D6=8441853B D7=FFFF A0=3C0002 A1=102300 A2=F6D1A A3=108F96 A4=10F111C A5=108000 A6=108E3C PC=3FC8 -- 003FC8: bcc     $3fd2
D0=2 D1=102300 D2=0 D3=FFFF D4=10404EC0 D5=8441853B D6=8441853B D7=FFFF A0=3C0002 A1=102300 A2=F6D1A A3=108F96 A4=10F111C A5=108000 A6=108E3C PC=3FD2 -- 003FD2: move.l  A6, -(A7)
D0=2 D1=102300 D2=0 D3=FFFF D4=10404EC0 D5=8441853B D6=8441853B D7=FFFF A0=3C0002 A1=102300 A2=F6D1A A3=108F96 A4=10F111C A5=108000 A6=108E3C PC=3FD4 -- 003FD4: btst    #$6, ($7c,A1)
D0=2 D1=102300 D2=0 D3=FFFF D4=10404EC0 D5=8441853B D6=8441853B D7=FFFF A0=3C0002 A1=102300 A2=F6D1A A3=108F96 A4=10F111C A5=108000 A6=108E3C PC=3FDA -- 003FDA: bne     $400c
D0=2 D1=102300 D2=0 D3=FFFF D4=10404EC0 D5=8441853B D6=8441853B D7=FFFF A0=3C0002 A1=102300 A2=F6D1A A3=108F96 A4=10F111C A5=108000 A6=108E3C PC=3FDE -- 003FDE: moveq   #$0, D1
D0=2 D1=0 D2=0 D3=FFFF D4=10404EC0 D5=8441853B D6=8441853B D7=FFFF A0=3C0002 A1=102300 A2=F6D1A A3=108F96 A4=10F111C A5=108000 A6=108E3C PC=3FE0 -- 003FE0: move.b  ($82,A1), D1
D0=2 D1=0 D2=0 D3=FFFF D4=10404EC0 D5=8441853B D6=8441853B D7=FFFF A0=3C0002 A1=102300 A2=F6D1A A3=108F96 A4=10F111C A5=108000 A6=108E3C PC=3FE4 -- 003FE4: add.w   D1, D1
D0=2 D1=0 D2=0 D3=FFFF D4=10404EC0 D5=8441853B D6=8441853B D7=FFFF A0=3C0002 A1=102300 A2=F6D1A A3=108F96 A4=10F111C A5=108000 A6=108E3C PC=3FE6 -- 003FE6: add.w   D1, D1
D0=2 D1=0 D2=0 D3=FFFF D4=10404EC0 D5=8441853B D6=8441853B D7=FFFF A0=3C0002 A1=102300 A2=F6D1A A3=108F96 A4=10F111C A5=108000 A6=108E3C PC=3FE8 -- 003FE8: move.w  ($18,A1), D0
D0=90 D1=0 D2=0 D3=FFFF D4=10404EC0 D5=8441853B D6=8441853B D7=FFFF A0=3C0002 A1=102300 A2=F6D1A A3=108F96 A4=10F111C A5=108000 A6=108E3C PC=3FEC -- 003FEC: lea     ($104c,A5), A6
D0=90 D1=0 D2=0 D3=FFFF D4=10404EC0 D5=8441853B D6=8441853B D7=FFFF A0=3C0002 A1=102300 A2=F6D1A A3=108F96 A4=10F111C A5=108000 A6=10904C PC=3FF0 -- 003FF0: sub.w   (A6,D1.w), D0
D0=90 D1=0 D2=0 D3=FFFF D4=10404EC0 D5=8441853B D6=8441853B D7=FFFF A0=3C0002 A1=102300 A2=F6D1A A3=108F96 A4=10F111C A5=108000 A6=10904C PC=3FF4 -- 003FF4: move.w  D0, ($24,A1)
D0=90 D1=0 D2=0 D3=FFFF D4=10404EC0 D5=8441853B D6=8441853B D7=FFFF A0=3C0002 A1=102300 A2=F6D1A A3=108F96 A4=10F111C A5=108000 A6=10904C PC=3FF8 -- 003FF8: move.w  ($1c,A1), D0
D0=C8 D1=0 D2=0 D3=FFFF D4=10404EC0 D5=8441853B D6=8441853B D7=FFFF A0=3C0002 A1=102300 A2=F6D1A A3=108F96 A4=10F111C A5=108000 A6=10904C PC=3FFC -- 003FFC: sub.w   ($20,A1), D0
D0=C8 D1=0 D2=0 D3=FFFF D4=10404EC0 D5=8441853B D6=8441853B D7=FFFF A0=3C0002 A1=102300 A2=F6D1A A3=108F96 A4=10F111C A5=108000 A6=10904C PC=4000 -- 004000: lea     ($1058,A5), A6
D0=C8 D1=0 D2=0 D3=FFFF D4=10404EC0 D5=8441853B D6=8441853B D7=FFFF A0=3C0002 A1=102300 A2=F6D1A A3=108F96 A4=10F111C A5=108000 A6=109058 PC=4004 -- 004004: sub.w   (A6,D1.w), D0
D0=C8 D1=0 D2=0 D3=FFFF D4=10404EC0 D5=8441853B D6=8441853B D7=FFFF A0=3C0002 A1=102300 A2=F6D1A A3=108F96 A4=10F111C A5=108000 A6=109058 PC=4008 -- 004008: move.w  D0, ($26,A1)
D0=C8 D1=0 D2=0 D3=FFFF D4=10404EC0 D5=8441853B D6=8441853B D7=FFFF A0=3C0002 A1=102300 A2=F6D1A A3=108F96 A4=10F111C A5=108000 A6=109058 PC=400C -- 00400C: tst.b   ($3a66,A5)
D0=C8 D1=0 D2=0 D3=FFFF D4=10404EC0 D5=8441853B D6=8441853B D7=FFFF A0=3C0002 A1=102300 A2=F6D1A A3=108F96 A4=10F111C A5=108000 A6=109058 PC=4010 -- 004010: bmi     $4018
D0=C8 D1=0 D2=0 D3=FFFF D4=10404EC0 D5=8441853B D6=8441853B D7=FFFF A0=3C0002 A1=102300 A2=F6D1A A3=108F96 A4=10F111C A5=108000 A6=109058 PC=4012 -- 004012: bsr     $4088
D0=C8 D1=0 D2=0 D3=FFFF D4=10404EC0 D5=8441853B D6=8441853B D7=FFFF A0=3C0002 A1=102300 A2=F6D1A A3=108F96 A4=10F111C A5=108000 A6=109058 PC=4088 -- 004088: move.w  (A4), D0
D0=FFB0 D1=0 D2=0 D3=FFFF D4=10404EC0 D5=8441853B D6=8441853B D7=FFFF A0=3C0002 A1=102300 A2=F6D1A A3=108F96 A4=10F111C A5=108000 A6=109058 PC=408A -- 00408A: move.b  ($31,A1), D1
D0=FFB0 D1=0 D2=0 D3=FFFF D4=10404EC0 D5=8441853B D6=8441853B D7=FFFF A0=3C0002 A1=102300 A2=F6D1A A3=108F96 A4=10F111C A5=108000 A6=109058 PC=408E -- 00408E: move.b  ($4,A4), D2
D0=FFB0 D1=0 D2=0 D3=FFFF D4=10404EC0 D5=8441853B D6=8441853B D7=FFFF A0=3C0002 A1=102300 A2=F6D1A A3=108F96 A4=10F111C A5=108000 A6=109058 PC=4092 -- 004092: rol.b   #2, D2
D0=FFB0 D1=0 D2=0 D3=FFFF D4=10404EC0 D5=8441853B D6=8441853B D7=FFFF A0=3C0002 A1=102300 A2=F6D1A A3=108F96 A4=10F111C A5=108000 A6=109058 PC=4094 -- 004094: eor.w   D2, D1
D0=FFB0 D1=0 D2=0 D3=FFFF D4=10404EC0 D5=8441853B D6=8441853B D7=FFFF A0=3C0002 A1=102300 A2=F6D1A A3=108F96 A4=10F111C A5=108000 A6=109058 PC=4096 -- 004096: andi.w  #$3, D1
D0=FFB0 D1=0 D2=0 D3=FFFF D4=10404EC0 D5=8441853B D6=8441853B D7=FFFF A0=3C0002 A1=102300 A2=F6D1A A3=108F96 A4=10F111C A5=108000 A6=109058 PC=409A -- 00409A: move.w  D1, ($790,A5)
D0=FFB0 D1=0 D2=0 D3=FFFF D4=10404EC0 D5=8441853B D6=8441853B D7=FFFF A0=3C0002 A1=102300 A2=F6D1A A3=108F96 A4=10F111C A5=108000 A6=109058 PC=409E -- 00409E: andi.w  #$1, D1
D0=FFB0 D1=0 D2=0 D3=FFFF D4=10404EC0 D5=8441853B D6=8441853B D7=FFFF A0=3C0002 A1=102300 A2=F6D1A A3=108F96 A4=10F111C A5=108000 A6=109058 PC=40A2 -- 0040A2: beq     $40ae
D0=FFB0 D1=0 D2=0 D3=FFFF D4=10404EC0 D5=8441853B D6=8441853B D7=FFFF A0=3C0002 A1=102300 A2=F6D1A A3=108F96 A4=10F111C A5=108000 A6=109058 PC=40AE -- 0040AE: moveq   #$0, D1
D0=FFB0 D1=0 D2=0 D3=FFFF D4=10404EC0 D5=8441853B D6=8441853B D7=FFFF A0=3C0002 A1=102300 A2=F6D1A A3=108F96 A4=10F111C A5=108000 A6=109058 PC=40B0 -- 0040B0: move.b  ($68,A1), D1
D0=FFB0 D1=FF D2=0 D3=FFFF D4=10404EC0 D5=8441853B D6=8441853B D7=FFFF A0=3C0002 A1=102300 A2=F6D1A A3=108F96 A4=10F111C A5=108000 A6=109058 PC=40B4 -- 0040B4: addq.w  #1, D1
D0=FFB0 D1=100 D2=0 D3=FFFF D4=10404EC0 D5=8441853B D6=8441853B D7=FFFF A0=3C0002 A1=102300 A2=F6D1A A3=108F96 A4=10F111C A5=108000 A6=109058 PC=40B6 -- 0040B6: muls.w  D1, D0
D0=FFFFB000 D1=100 D2=0 D3=FFFF D4=10404EC0 D5=8441853B D6=8441853B D7=FFFF A0=3C0002 A1=102300 A2=F6D1A A3=108F96 A4=10F111C A5=108000 A6=109058 PC=40B8 -- 0040B8: lsr.l   #8, D0
D0=FFFFB0 D1=100 D2=0 D3=FFFF D4=10404EC0 D5=8441853B D6=8441853B D7=FFFF A0=3C0002 A1=102300 A2=F6D1A A3=108F96 A4=10F111C A5=108000 A6=109058 PC=40BA -- 0040BA: add.w   ($24,A1), D0
D0=FF0040 D1=100 D2=0 D3=FFFF D4=10404EC0 D5=8441853B D6=8441853B D7=FFFF A0=3C0002 A1=102300 A2=F6D1A A3=108F96 A4=10F111C A5=108000 A6=109058 PC=40BE -- 0040BE: lsl.w   #7, D0
D0=FF2000 D1=100 D2=0 D3=FFFF D4=10404EC0 D5=8441853B D6=8441853B D7=FFFF A0=3C0002 A1=102300 A2=F6D1A A3=108F96 A4=10F111C A5=108000 A6=109058 PC=40C0 -- 0040C0: move.w  D6, (-$2,A0)
D0=FF2000 D1=100 D2=0 D3=FFFF D4=10404EC0 D5=8441853B D6=8441853B D7=FFFF A0=3C0002 A1=102300 A2=F6D1A A3=108F96 A4=10F111C A5=108000 A6=109058 PC=40C4 -- 0040C4: move.w  D0, (A0)
D0=FF2000 D1=100 D2=0 D3=FFFF D4=10404EC0 D5=8441853B D6=8441853B D7=FFFF A0=3C0002 A1=102300 A2=F6D1A A3=108F96 A4=10F111C A5=108000 A6=109058 PC=40C6 -- 0040C6: moveq   #$0, D0
D0=0 D1=100 D2=0 D3=FFFF D4=10404EC0 D5=8441853B D6=8441853B D7=FFFF A0=3C0002 A1=102300 A2=F6D1A A3=108F96 A4=10F111C A5=108000 A6=109058 PC=40C8 -- 0040C8: move.b  (A2), D0
D0=2 D1=100 D2=0 D3=FFFF D4=10404EC0 D5=8441853B D6=8441853B D7=FFFF A0=3C0002 A1=102300 A2=F6D1A A3=108F96 A4=10F111C A5=108000 A6=109058 PC=40CA -- 0040CA: add.w   D0, D6
D0=2 D1=100 D2=0 D3=FFFF D4=10404EC0 D5=8441853D D6=8441853D D7=FFFF A0=3C0002 A1=102300 A2=F6D1A A3=108F96 A4=10F111C A5=108000 A6=109058 PC=40CC -- 0040CC: move.w  ($2,A4), D0
D0=FFF7 D1=100 D2=0 D3=FFFF D4=10404EC0 D5=8441853D D6=8441853D D7=FFFF A0=3C0002 A1=102300 A2=F6D1A A3=108F96 A4=10F111C A5=108000 A6=109058 PC=40D0 -- 0040D0: btst    #$1, ($791,A5)
D0=FFF7 D1=100 D2=0 D3=FFFF D4=10404EC0 D5=8441853D D6=8441853D D7=FFFF A0=3C0002 A1=102300 A2=F6D1A A3=108F96 A4=10F111C A5=108000 A6=109058 PC=40D6 -- 0040D6: beq     $40e4
D0=FFF7 D1=100 D2=0 D3=FFFF D4=10404EC0 D5=8441853D D6=8441853D D7=FFFF A0=3C0002 A1=102300 A2=F6D1A A3=108F96 A4=10F111C A5=108000 A6=109058 PC=40E4 -- 0040E4: moveq   #$0, D1
D0=FFF7 D1=0 D2=0 D3=FFFF D4=10404EC0 D5=8441853D D6=8441853D D7=FFFF A0=3C0002 A1=102300 A2=F6D1A A3=108F96 A4=10F111C A5=108000 A6=109058 PC=40E6 -- 0040E6: move.b  ($69,A1), D1
D0=FFF7 D1=FF D2=0 D3=FFFF D4=10404EC0 D5=8441853D D6=8441853D D7=FFFF A0=3C0002 A1=102300 A2=F6D1A A3=108F96 A4=10F111C A5=108000 A6=109058 PC=40EA -- 0040EA: addq.w  #1, D1
D0=FFF7 D1=100 D2=0 D3=FFFF D4=10404EC0 D5=8441853D D6=8441853D D7=FFFF A0=3C0002 A1=102300 A2=F6D1A A3=108F96 A4=10F111C A5=108000 A6=109058 PC=40EC -- 0040EC: muls.w  D1, D0
D0=FFFFF700 D1=100 D2=0 D3=FFFF D4=10404EC0 D5=8441853D D6=8441853D D7=FFFF A0=3C0002 A1=102300 A2=F6D1A A3=108F96 A4=10F111C A5=108000 A6=109058 PC=40EE -- 0040EE: lsr.l   #8, D0
D0=FFFFF7 D1=100 D2=0 D3=FFFF D4=10404EC0 D5=8441853D D6=8441853D D7=FFFF A0=3C0002 A1=102300 A2=F6D1A A3=108F96 A4=10F111C A5=108000 A6=109058 PC=40F0 -- 0040F0: add.w   ($26,A1), D0
D0=FF00BF D1=100 D2=0 D3=FFFF D4=10404EC0 D5=8441853D D6=8441853D D7=FFFF A0=3C0002 A1=102300 A2=F6D1A A3=108F96 A4=10F111C A5=108000 A6=109058 PC=40F4 -- 0040F4: neg.w   D0
D0=FFFF41 D1=100 D2=0 D3=FFFF D4=10404EC0 D5=8441853D D6=8441853D D7=FFFF A0=3C0002 A1=102300 A2=F6D1A A3=108F96 A4=10F111C A5=108000 A6=109058 PC=40F6 -- 0040F6: addi.w  #$1ff, D0
D0=FF0140 D1=100 D2=0 D3=FFFF D4=10404EC0 D5=8441853D D6=8441853D D7=FFFF A0=3C0002 A1=102300 A2=F6D1A A3=108F96 A4=10F111C A5=108000 A6=109058 PC=40FA -- 0040FA: lsl.w   #7, D0
D0=FFA000 D1=100 D2=0 D3=FFFF D4=10404EC0 D5=8441853D D6=8441853D D7=FFFF A0=3C0002 A1=102300 A2=F6D1A A3=108F96 A4=10F111C A5=108000 A6=109058 PC=40FC -- 0040FC: bsr     $4772
D0=FFA000 D1=100 D2=0 D3=FFFF D4=10404EC0 D5=8441853D D6=8441853D D7=FFFF A0=3C0002 A1=102300 A2=F6D1A A3=108F96 A4=10F111C A5=108000 A6=109058 PC=4772 -- 004772: move.w  D0, -(A7)
D0=FFA000 D1=100 D2=0 D3=FFFF D4=10404EC0 D5=8441853D D6=8441853D D7=FFFF A0=3C0002 A1=102300 A2=F6D1A A3=108F96 A4=10F111C A5=108000 A6=109058 PC=4774 -- 004774: moveq   #-$1, D0
D0=FFFFFFFF D1=100 D2=0 D3=FFFF D4=10404EC0 D5=8441853D D6=8441853D D7=FFFF A0=3C0002 A1=102300 A2=F6D1A A3=108F96 A4=10F111C A5=108000 A6=109058 PC=4776 -- 004776: moveq   #$0, D1
D0=FFFFFFFF D1=0 D2=0 D3=FFFF D4=10404EC0 D5=8441853D D6=8441853D D7=FFFF A0=3C0002 A1=102300 A2=F6D1A A3=108F96 A4=10F111C A5=108000 A6=109058 PC=4778 -- 004778: move.b  ($1,A2), D1
D0=FFFFFFFF D1=2 D2=0 D3=FFFF D4=10404EC0 D5=8441853D D6=8441853D D7=FFFF A0=3C0002 A1=102300 A2=F6D1A A3=108F96 A4=10F111C A5=108000 A6=109058 PC=477C -- 00477C: cmpi.b  #-$1, ($69,A1)
D0=FFFFFFFF D1=2 D2=0 D3=FFFF D4=10404EC0 D5=8441853D D6=8441853D D7=FFFF A0=3C0002 A1=102300 A2=F6D1A A3=108F96 A4=10F111C A5=108000 A6=109058 PC=4782 -- 004782: beq     $47b4
D0=FFFFFFFF D1=2 D2=0 D3=FFFF D4=10404EC0 D5=8441853D D6=8441853D D7=FFFF A0=3C0002 A1=102300 A2=F6D1A A3=108F96 A4=10F111C A5=108000 A6=109058 PC=47B4 -- 0047B4: move.b  D0, ($78f,A5)
D0=FFFFFFFF D1=2 D2=0 D3=FFFF D4=10404EC0 D5=8441853D D6=8441853D D7=FFFF A0=3C0002 A1=102300 A2=F6D1A A3=108F96 A4=10F111C A5=108000 A6=109058 PC=47B8 -- 0047B8: move.b  D1, ($78e,A5)
D0=FFFFFFFF D1=2 D2=0 D3=FFFF D4=10404EC0 D5=8441853D D6=8441853D D7=FFFF A0=3C0002 A1=102300 A2=F6D1A A3=108F96 A4=10F111C A5=108000 A6=109058 PC=47BC -- 0047BC: move.w  (A7)+, D0
D0=FFFFA000 D1=2 D2=0 D3=FFFF D4=10404EC0 D5=8441853D D6=8441853D D7=FFFF A0=3C0002 A1=102300 A2=F6D1A A3=108F96 A4=10F111C A5=108000 A6=109058 PC=47BE -- 0047BE: rts
D0=FFFFA000 D1=2 D2=0 D3=FFFF D4=10404EC0 D5=8441853D D6=8441853D D7=FFFF A0=3C0002 A1=102300 A2=F6D1A A3=108F96 A4=10F111C A5=108000 A6=109058 PC=4100 -- 004100: add.b   ($78e,A5), D0
D0=FFFFA002 D1=2 D2=0 D3=FFFF D4=10404EC0 D5=8441853D D6=8441853D D7=FFFF A0=3C0002 A1=102300 A2=F6D1A A3=108F96 A4=10F111C A5=108000 A6=109058 PC=4104 -- 004104: move.w  D0, (A3)+
D0=FFFFA002 D1=2 D2=0 D3=FFFF D4=10404EC0 D5=8441853D D6=8441853D D7=FFFF A0=3C0002 A1=102300 A2=F6D1A A3=108F98 A4=10F111C A5=108000 A6=109058 PC=4106 -- 004106: moveq   #$0, D0
D0=0 D1=2 D2=0 D3=FFFF D4=10404EC0 D5=8441853D D6=8441853D D7=FFFF A0=3C0002 A1=102300 A2=F6D1A A3=108F98 A4=10F111C A5=108000 A6=109058 PC=4108 -- 004108: move.b  (A2), D0
D0=2 D1=2 D2=0 D3=FFFF D4=10404EC0 D5=8441853D D6=8441853D D7=FFFF A0=3C0002 A1=102300 A2=F6D1A A3=108F98 A4=10F111C A5=108000 A6=109058 PC=410A -- 00410A: subq.b  #2, D0
D0=0 D1=2 D2=0 D3=FFFF D4=10404EC0 D5=8441853D D6=8441853D D7=FFFF A0=3C0002 A1=102300 A2=F6D1A A3=108F98 A4=10F111C A5=108000 A6=109058 PC=410C -- 00410C: bmi     $4118
D0=0 D1=2 D2=0 D3=FFFF D4=10404EC0 D5=8441853D D6=8441853D D7=FFFF A0=3C0002 A1=102300 A2=F6D1A A3=108F98 A4=10F111C A5=108000 A6=109058 PC=410E -- 00410E: move.w  #$40, D1
D0=0 D1=40 D2=0 D3=FFFF D4=10404EC0 D5=8441853D D6=8441853D D7=FFFF A0=3C0002 A1=102300 A2=F6D1A A3=108F98 A4=10F111C A5=108000 A6=109058 PC=4112 -- 004112: move.w  D1, (A3)+
D0=0 D1=40 D2=0 D3=FFFF D4=10404EC0 D5=8441853D D6=8441853D D7=FFFF A0=3C0002 A1=102300 A2=F6D1A A3=108F9A A4=10F111C A5=108000 A6=109058 PC=4114 -- 004114: dbra    D0, $4112
D0=FFFF D1=40 D2=0 D3=FFFF D4=10404EC0 D5=8441853D D6=8441853D D7=FFFF A0=3C0002 A1=102300 A2=F6D1A A3=108F9A A4=10F111C A5=108000 A6=109058 PC=4118 -- 004118: move.w  #$1, ($2,A0)
D0=FFFF D1=40 D2=0 D3=FFFF D4=10404EC0 D5=8441853D D6=8441853D D7=FFFF A0=3C0002 A1=102300 A2=F6D1A A3=108F9A A4=10F111C A5=108000 A6=109058 PC=411E -- 00411E: move.w  D5, (-$2,A0)
D0=FFFF D1=40 D2=0 D3=FFFF D4=10404EC0 D5=8441853D D6=8441853D D7=FFFF A0=3C0002 A1=102300 A2=F6D1A A3=108F9A A4=10F111C A5=108000 A6=109058 PC=4122 -- 004122: moveq   #$0, D1
D0=FFFF D1=0 D2=0 D3=FFFF D4=10404EC0 D5=8441853D D6=8441853D D7=FFFF A0=3C0002 A1=102300 A2=F6D1A A3=108F9A A4=10F111C A5=108000 A6=109058 PC=4124 -- 004124: move.b  ($68,A1), D0
D0=FFFF D1=0 D2=0 D3=FFFF D4=10404EC0 D5=8441853D D6=8441853D D7=FFFF A0=3C0002 A1=102300 A2=F6D1A A3=108F9A A4=10F111C A5=108000 A6=109058 PC=4128 -- 004128: move.b  D0, D1
D0=FFFF D1=FF D2=0 D3=FFFF D4=10404EC0 D5=8441853D D6=8441853D D7=FFFF A0=3C0002 A1=102300 A2=F6D1A A3=108F9A A4=10F111C A5=108000 A6=109058 PC=412A -- 00412A: andi.w  #$f, D0
D0=F D1=FF D2=0 D3=FFFF D4=10404EC0 D5=8441853D D6=8441853D D7=FFFF A0=3C0002 A1=102300 A2=F6D1A A3=108F9A A4=10F111C A5=108000 A6=109058 PC=412E -- 00412E: lsr.b   #4, D1
D0=F D1=F D2=0 D3=FFFF D4=10404EC0 D5=8441853D D6=8441853D D7=FFFF A0=3C0002 A1=102300 A2=F6D1A A3=108F9A A4=10F111C A5=108000 A6=109058 PC=4130 -- 004130: tst.b   D1
D0=F D1=F D2=0 D3=FFFF D4=10404EC0 D5=8441853D D6=8441853D D7=FFFF A0=3C0002 A1=102300 A2=F6D1A A3=108F9A A4=10F111C A5=108000 A6=109058 PC=4132 -- 004132: beq     $4164
D0=F D1=F D2=0 D3=FFFF D4=10404EC0 D5=8441853D D6=8441853D D7=FFFF A0=3C0002 A1=102300 A2=F6D1A A3=108F9A A4=10F111C A5=108000 A6=109058 PC=4134 -- 004134: lea     $4f9d2.l, A6
D0=F D1=F D2=0 D3=FFFF D4=10404EC0 D5=8441853D D6=8441853D D7=FFFF A0=3C0002 A1=102300 A2=F6D1A A3=108F9A A4=10F111C A5=108000 A6=4F9D2 PC=413A -- 00413A: lsl.w   #5, D0
D0=1E0 D1=F D2=0 D3=FFFF D4=10404EC0 D5=8441853D D6=8441853D D7=FFFF A0=3C0002 A1=102300 A2=F6D1A A3=108F9A A4=10F111C A5=108000 A6=4F9D2 PC=413C -- 00413C: adda.w  D0, A6
D0=1E0 D1=F D2=0 D3=FFFF D4=10404EC0 D5=8441853D D6=8441853D D7=FFFF A0=3C0002 A1=102300 A2=F6D1A A3=108F9A A4=10F111C A5=108000 A6=4FBB2 PC=413E -- 00413E: moveq   #$f, D0
D0=F D1=F D2=0 D3=FFFF D4=10404EC0 D5=8441853D D6=8441853D D7=FFFF A0=3C0002 A1=102300 A2=F6D1A A3=108F9A A4=10F111C A5=108000 A6=4FBB2 PC=4140 -- 004140: moveq   #$0, D2
D0=F D1=F D2=0 D3=FFFF D4=10404EC0 D5=8441853D D6=8441853D D7=FFFF A0=3C0002 A1=102300 A2=F6D1A A3=108F9A A4=10F111C A5=108000 A6=4FBB2 PC=4142 -- 004142: move.b  (A2), D2
D0=F D1=F D2=2 D3=FFFF D4=10404EC0 D5=8441853D D6=8441853D D7=FFFF A0=3C0002 A1=102300 A2=F6D1A A3=108F9A A4=10F111C A5=108000 A6=4FBB2 PC=4144 -- 004144: lsr.w   #1, D2
D0=F D1=F D2=1 D3=FFFF D4=10404EC0 D5=8441853D D6=8441853D D7=FFFF A0=3C0002 A1=102300 A2=F6D1A A3=108F9A A4=10F111C A5=108000 A6=4FBB2 PC=4146 -- 004146: sub.w   D2, D0
D0=E D1=F D2=1 D3=FFFF D4=10404EC0 D5=8441853D D6=8441853D D7=FFFF A0=3C0002 A1=102300 A2=F6D1A A3=108F9A A4=10F111C A5=108000 A6=4FBB2 PC=4148 -- 004148: adda.l  D0, A6
D0=E D1=F D2=1 D3=FFFF D4=10404EC0 D5=8441853D D6=8441853D D7=FFFF A0=3C0002 A1=102300 A2=F6D1A A3=108F9A A4=10F111C A5=108000 A6=4FBC0 PC=414A -- 00414A: move.b  (A2), D0
D0=2 D1=F D2=1 D3=FFFF D4=10404EC0 D5=8441853D D6=8441853D D7=FFFF A0=3C0002 A1=102300 A2=F6D1A A3=108F9A A4=10F111C A5=108000 A6=4FBC0 PC=414C -- 00414C: add.w   D0, D5
D0=2 D1=F D2=1 D3=FFFF D4=10404EC0 D5=8441853D D6=8441853D D7=FFFF A0=3C0002 A1=102300 A2=F6D1A A3=108F9A A4=10F111C A5=108000 A6=4FBC0 PC=414E -- 00414E: subq.b  #1, D0
D0=1 D1=F D2=1 D3=FFFF D4=10404EC0 D5=8441853D D6=8441853D D7=FFFF A0=3C0002 A1=102300 A2=F6D1A A3=108F9A A4=10F111C A5=108000 A6=4FBC0 PC=4150 -- 004150: move.b  D1, D2
D0=1 D1=F D2=F D3=FFFF D4=10404EC0 D5=8441853D D6=8441853D D7=FFFF A0=3C0002 A1=102300 A2=F6D1A A3=108F9A A4=10F111C A5=108000 A6=4FBC0 PC=4152 -- 004152: sub.b   (A6)+, D2
D0=1 D1=F D2=F D3=FFFF D4=10404EC0 D5=8441853D D6=8441853D D7=FFFF A0=3C0002 A1=102300 A2=F6D1A A3=108F9A A4=10F111C A5=108000 A6=4FBC1 PC=4154 -- 004154: lsl.w   #8, D2
D0=1 D1=F D2=F00 D3=FFFF D4=10404EC0 D5=8441853D D6=8441853D D7=FFFF A0=3C0002 A1=102300 A2=F6D1A A3=108F9A A4=10F111C A5=108000 A6=4FBC1 PC=4156 -- 004156: move.b  ($69,A1), D2
D0=1 D1=F D2=FFF D3=FFFF D4=10404EC0 D5=8441853D D6=8441853D D7=FFFF A0=3C0002 A1=102300 A2=F6D1A A3=108F9A A4=10F111C A5=108000 A6=4FBC1 PC=415A -- 00415A: move.w  D2, (A0)
D0=1 D1=F D2=FFF D3=FFFF D4=10404EC0 D5=8441853D D6=8441853D D7=FFFF A0=3C0002 A1=102300 A2=F6D1A A3=108F9A A4=10F111C A5=108000 A6=4FBC1 PC=415C -- 00415C: dbra    D0, $4150
D0=0 D1=F D2=FFF D3=FFFF D4=10404EC0 D5=8441853D D6=8441853D D7=FFFF A0=3C0002 A1=102300 A2=F6D1A A3=108F9A A4=10F111C A5=108000 A6=4FBC1 PC=4150 -- 004150: move.b  D1, D2
D0=0 D1=F D2=F0F D3=FFFF D4=10404EC0 D5=8441853D D6=8441853D D7=FFFF A0=3C0002 A1=102300 A2=F6D1A A3=108F9A A4=10F111C A5=108000 A6=4FBC1 PC=4152 -- 004152: sub.b   (A6)+, D2
D0=0 D1=F D2=F0F D3=FFFF D4=10404EC0 D5=8441853D D6=8441853D D7=FFFF A0=3C0002 A1=102300 A2=F6D1A A3=108F9A A4=10F111C A5=108000 A6=4FBC2 PC=4154 -- 004154: lsl.w   #8, D2
D0=0 D1=F D2=F00 D3=FFFF D4=10404EC0 D5=8441853D D6=8441853D D7=FFFF A0=3C0002 A1=102300 A2=F6D1A A3=108F9A A4=10F111C A5=108000 A6=4FBC2 PC=4156 -- 004156: move.b  ($69,A1), D2
D0=0 D1=F D2=FFF D3=FFFF D4=10404EC0 D5=8441853D D6=8441853D D7=FFFF A0=3C0002 A1=102300 A2=F6D1A A3=108F9A A4=10F111C A5=108000 A6=4FBC2 PC=415A -- 00415A: move.w  D2, (A0)
D0=0 D1=F D2=FFF D3=FFFF D4=10404EC0 D5=8441853D D6=8441853D D7=FFFF A0=3C0002 A1=102300 A2=F6D1A A3=108F9A A4=10F111C A5=108000 A6=4FBC2 PC=415C -- 00415C: dbra    D0, $4150
D0=FFFF D1=F D2=FFF D3=FFFF D4=10404EC0 D5=8441853D D6=8441853D D7=FFFF A0=3C0002 A1=102300 A2=F6D1A A3=108F9A A4=10F111C A5=108000 A6=4FBC2 PC=4160 -- 004160: bra     $4178
D0=FFFF D1=F D2=FFF D3=FFFF D4=10404EC0 D5=8441853D D6=8441853D D7=FFFF A0=3C0002 A1=102300 A2=F6D1A A3=108F9A A4=10F111C A5=108000 A6=4FBC2 PC=4178 -- 004178: move.b  ($2,A2), D0
D0=FFC6 D1=F D2=FFF D3=FFFF D4=10404EC0 D5=8441853D D6=8441853D D7=FFFF A0=3C0002 A1=102300 A2=F6D1A A3=108F9A A4=10F111C A5=108000 A6=4FBC2 PC=417C -- 00417C: tst.b   ($80,A1)
D0=FFC6 D1=F D2=FFF D3=FFFF D4=10404EC0 D5=8441853D D6=8441853D D7=FFFF A0=3C0002 A1=102300 A2=F6D1A A3=108F9A A4=10F111C A5=108000 A6=4FBC2 PC=4180 -- 004180: beq     $4188
D0=FFC6 D1=F D2=FFF D3=FFFF D4=10404EC0 D5=8441853D D6=8441853D D7=FFFF A0=3C0002 A1=102300 A2=F6D1A A3=108F9A A4=10F111C A5=108000 A6=4FBC2 PC=4188 -- 004188: add.b   ($30,A1), D0
D0=FFC6 D1=F D2=FFF D3=FFFF D4=10404EC0 D5=8441853D D6=8441853D D7=FFFF A0=3C0002 A1=102300 A2=F6D1A A3=108F9A A4=10F111C A5=108000 A6=4FBC2 PC=418C -- 00418C: lsl.w   #8, D0
D0=C600 D1=F D2=FFF D3=FFFF D4=10404EC0 D5=8441853D D6=8441853D D7=FFFF A0=3C0002 A1=102300 A2=F6D1A A3=108F9A A4=10F111C A5=108000 A6=4FBC2 PC=418E -- 00418E: tst.b   ($3,A2)
D0=C600 D1=F D2=FFF D3=FFFF D4=10404EC0 D5=8441853D D6=8441853D D7=FFFF A0=3C0002 A1=102300 A2=F6D1A A3=108F9A A4=10F111C A5=108000 A6=4FBC2 PC=4192 -- 004192: beq     $4198
D0=C600 D1=F D2=FFF D3=FFFF D4=10404EC0 D5=8441853D D6=8441853D D7=FFFF A0=3C0002 A1=102300 A2=F6D1A A3=108F9A A4=10F111C A5=108000 A6=4FBC2 PC=4194 -- 004194: move.b  #$10, D0
D0=C610 D1=F D2=FFF D3=FFFF D4=10404EC0 D5=8441853D D6=8441853D D7=FFFF A0=3C0002 A1=102300 A2=F6D1A A3=108F9A A4=10F111C A5=108000 A6=4FBC2 PC=4198 -- 004198: move.w  ($4,A2), D1
D0=C610 D1=DCB0 D2=FFF D3=FFFF D4=10404EC0 D5=8441853D D6=8441853D D7=FFFF A0=3C0002 A1=102300 A2=F6D1A A3=108F9A A4=10F111C A5=108000 A6=4FBC2 PC=419C -- 00419C: moveq   #$0, D3
D0=C610 D1=DCB0 D2=FFF D3=0 D4=10404EC0 D5=8441853D D6=8441853D D7=FFFF A0=3C0002 A1=102300 A2=F6D1A A3=108F9A A4=10F111C A5=108000 A6=4FBC2 PC=419E -- 00419E: move.b  (A2), D3
D0=C610 D1=DCB0 D2=FFF D3=2 D4=10404EC0 D5=8441853D D6=8441853D D7=FFFF A0=3C0002 A1=102300 A2=F6D1A A3=108F9A A4=10F111C A5=108000 A6=4FBC2 PC=41A0 -- 0041A0: subq.b  #1, D3
D0=C610 D1=DCB0 D2=FFF D3=1 D4=10404EC0 D5=8441853D D6=8441853D D7=FFFF A0=3C0002 A1=102300 A2=F6D1A A3=108F9A A4=10F111C A5=108000 A6=4FBC2 PC=41A2 -- 0041A2: move.w  ($790,A5), D7
D0=C610 D1=DCB0 D2=FFF D3=1 D4=10404EC0 D5=8441853D D6=8441853D D7=0 A0=3C0002 A1=102300 A2=F6D1A A3=108F9A A4=10F111C A5=108000 A6=4FBC2 PC=41A6 -- 0041A6: add.w   D7, D7
D0=C610 D1=DCB0 D2=FFF D3=1 D4=10404EC0 D5=8441853D D6=8441853D D7=0 A0=3C0002 A1=102300 A2=F6D1A A3=108F9A A4=10F111C A5=108000 A6=4FBC2 PC=41A8 -- 0041A8: add.w   D7, D7
D0=C610 D1=DCB0 D2=FFF D3=1 D4=10404EC0 D5=8441853D D6=8441853D D7=0 A0=3C0002 A1=102300 A2=F6D1A A3=108F9A A4=10F111C A5=108000 A6=4FBC2 PC=41AA -- 0041AA: movea.l ($4,PC,D7.w), A6
D0=C610 D1=DCB0 D2=FFF D3=1 D4=10404EC0 D5=8441853D D6=8441853D D7=0 A0=3C0002 A1=102300 A2=F6D1A A3=108F9A A4=10F111C A5=108000 A6=428C PC=41AE -- 0041AE: jmp     (A6)
D0=C610 D1=DCB0 D2=FFF D3=1 D4=10404EC0 D5=8441853D D6=8441853D D7=0 A0=3C0002 A1=102300 A2=F6D1A A3=108F9A A4=10F111C A5=108000 A6=428C PC=428C -- 00428C: lea     ($6,A2), A6
D0=C610 D1=DCB0 D2=FFF D3=1 D4=10404EC0 D5=8441853D D6=8441853D D7=0 A0=3C0002 A1=102300 A2=F6D1A A3=108F9A A4=10F111C A5=108000 A6=F6D20 PC=4290 -- 004290: move.w  #$1, ($2,A0)
D0=C610 D1=DCB0 D2=FFF D3=1 D4=10404EC0 D5=8441853D D6=8441853D D7=0 A0=3C0002 A1=102300 A2=F6D1A A3=108F9A A4=10F111C A5=108000 A6=F6D20 PC=4296 -- 004296: moveq   #$0, D7
D0=C610 D1=DCB0 D2=FFF D3=1 D4=10404EC0 D5=8441853D D6=8441853D D7=0 A0=3C0002 A1=102300 A2=F6D1A A3=108F9A A4=10F111C A5=108000 A6=F6D20 PC=4298 -- 004298: move.b  ($1,A2), D7
D0=C610 D1=DCB0 D2=FFF D3=1 D4=10404EC0 D5=8441853D D6=8441853D D7=2 A0=3C0002 A1=102300 A2=F6D1A A3=108F9A A4=10F111C A5=108000 A6=F6D20 PC=429C -- 00429C: subq.b  #1, D7
D0=C610 D1=DCB0 D2=FFF D3=1 D4=10404EC0 D5=8441853D D6=8441853D D7=1 A0=3C0002 A1=102300 A2=F6D1A A3=108F9A A4=10F111C A5=108000 A6=F6D20 PC=429E -- 00429E: move.w  (A6)+, D2
D0=C610 D1=DCB0 D2=C000 D3=1 D4=10404EC0 D5=8441853D D6=8441853D D7=1 A0=3C0002 A1=102300 A2=F6D1A A3=108F9A A4=10F111C A5=108000 A6=F6D22 PC=42A0 -- 0042A0: move.w  D4, (-$2,A0)
D0=C610 D1=DCB0 D2=C000 D3=1 D4=10404EC0 D5=8441853D D6=8441853D D7=1 A0=3C0002 A1=102300 A2=F6D1A A3=108F9A A4=10F111C A5=108000 A6=F6D22 PC=42A4 -- 0042A4: add.w   D2, D2
D0=C610 D1=DCB0 D2=8000 D3=1 D4=10404EC0 D5=8441853D D6=8441853D D7=1 A0=3C0002 A1=102300 A2=F6D1A A3=108F9A A4=10F111C A5=108000 A6=F6D22 PC=42A6 -- 0042A6: bcc     $42b8
D0=C610 D1=DCB0 D2=8000 D3=1 D4=10404EC0 D5=8441853D D6=8441853D D7=1 A0=3C0002 A1=102300 A2=F6D1A A3=108F9A A4=10F111C A5=108000 A6=F6D22 PC=42A8 -- 0042A8: move.w  D1, (A0)
D0=C610 D1=DCB0 D2=8000 D3=1 D4=10404EC0 D5=8441853D D6=8441853D D7=1 A0=3C0002 A1=102300 A2=F6D1A A3=108F9A A4=10F111C A5=108000 A6=F6D22 PC=42AA -- 0042AA: nop
D0=C610 D1=DCB0 D2=8000 D3=1 D4=10404EC0 D5=8441853D D6=8441853D D7=1 A0=3C0002 A1=102300 A2=F6D1A A3=108F9A A4=10F111C A5=108000 A6=F6D22 PC=42AC -- 0042AC: move.w  D0, (A0)
D0=C610 D1=DCB0 D2=8000 D3=1 D4=10404EC0 D5=8441853D D6=8441853D D7=1 A0=3C0002 A1=102300 A2=F6D1A A3=108F9A A4=10F111C A5=108000 A6=F6D22 PC=42AE -- 0042AE: addq.w  #1, D1
D0=C610 D1=DCB1 D2=8000 D3=1 D4=10404EC0 D5=8441853D D6=8441853D D7=1 A0=3C0002 A1=102300 A2=F6D1A A3=108F9A A4=10F111C A5=108000 A6=F6D22 PC=42B0 -- 0042B0: bcc     $42c0
D0=C610 D1=DCB1 D2=8000 D3=1 D4=10404EC0 D5=8441853D D6=8441853D D7=1 A0=3C0002 A1=102300 A2=F6D1A A3=108F9A A4=10F111C A5=108000 A6=F6D22 PC=42C0 -- 0042C0: dbra    D7, $42a4
D0=C610 D1=DCB1 D2=8000 D3=1 D4=10404EC0 D5=8441853D D6=8441853D D7=0 A0=3C0002 A1=102300 A2=F6D1A A3=108F9A A4=10F111C A5=108000 A6=F6D22 PC=42A4 -- 0042A4: add.w   D2, D2
D0=C610 D1=DCB1 D2=0 D3=1 D4=10404EC0 D5=8441853D D6=8441853D D7=0 A0=3C0002 A1=102300 A2=F6D1A A3=108F9A A4=10F111C A5=108000 A6=F6D22 PC=42A6 -- 0042A6: bcc     $42b8
D0=C610 D1=DCB1 D2=0 D3=1 D4=10404EC0 D5=8441853D D6=8441853D D7=0 A0=3C0002 A1=102300 A2=F6D1A A3=108F9A A4=10F111C A5=108000 A6=F6D22 PC=42A8 -- 0042A8: move.w  D1, (A0)
D0=C610 D1=DCB1 D2=0 D3=1 D4=10404EC0 D5=8441853D D6=8441853D D7=0 A0=3C0002 A1=102300 A2=F6D1A A3=108F9A A4=10F111C A5=108000 A6=F6D22 PC=42AA -- 0042AA: nop
D0=C610 D1=DCB1 D2=0 D3=1 D4=10404EC0 D5=8441853D D6=8441853D D7=0 A0=3C0002 A1=102300 A2=F6D1A A3=108F9A A4=10F111C A5=108000 A6=F6D22 PC=42AC -- 0042AC: move.w  D0, (A0)
D0=C610 D1=DCB1 D2=0 D3=1 D4=10404EC0 D5=8441853D D6=8441853D D7=0 A0=3C0002 A1=102300 A2=F6D1A A3=108F9A A4=10F111C A5=108000 A6=F6D22 PC=42AE -- 0042AE: addq.w  #1, D1
D0=C610 D1=DCB2 D2=0 D3=1 D4=10404EC0 D5=8441853D D6=8441853D D7=0 A0=3C0002 A1=102300 A2=F6D1A A3=108F9A A4=10F111C A5=108000 A6=F6D22 PC=42B0 -- 0042B0: bcc     $42c0
D0=C610 D1=DCB2 D2=0 D3=1 D4=10404EC0 D5=8441853D D6=8441853D D7=0 A0=3C0002 A1=102300 A2=F6D1A A3=108F9A A4=10F111C A5=108000 A6=F6D22 PC=42C0 -- 0042C0: dbra    D7, $42a4
D0=C610 D1=DCB2 D2=0 D3=1 D4=10404EC0 D5=8441853D D6=8441853D D7=FFFF A0=3C0002 A1=102300 A2=F6D1A A3=108F9A A4=10F111C A5=108000 A6=F6D22 PC=42C4 -- 0042C4: bsr     $47c0
D0=C610 D1=DCB2 D2=0 D3=1 D4=10404EC0 D5=8441853D D6=8441853D D7=FFFF A0=3C0002 A1=102300 A2=F6D1A A3=108F9A A4=10F111C A5=108000 A6=F6D22 PC=47C0 -- 0047C0: tst.b   ($78f,A5)
D0=C610 D1=DCB2 D2=0 D3=1 D4=10404EC0 D5=8441853D D6=8441853D D7=FFFF A0=3C0002 A1=102300 A2=F6D1A A3=108F9A A4=10F111C A5=108000 A6=F6D22 PC=47C4 -- 0047C4: bpl     $47c8
D0=C610 D1=DCB2 D2=0 D3=1 D4=10404EC0 D5=8441853D D6=8441853D D7=FFFF A0=3C0002 A1=102300 A2=F6D1A A3=108F9A A4=10F111C A5=108000 A6=F6D22 PC=47C6 -- 0047C6: rts
D0=C610 D1=DCB2 D2=0 D3=1 D4=10404EC0 D5=8441853D D6=8441853D D7=FFFF A0=3C0002 A1=102300 A2=F6D1A A3=108F9A A4=10F111C A5=108000 A6=F6D22 PC=42C8 -- 0042C8: addi.w  #$40, D4
D0=C610 D1=DCB2 D2=0 D3=1 D4=10404F00 D5=8441853D D6=8441853D D7=FFFF A0=3C0002 A1=102300 A2=F6D1A A3=108F9A A4=10F111C A5=108000 A6=F6D22 PC=42CC -- 0042CC: dbra    D3, $4296
D0=C610 D1=DCB2 D2=0 D3=0 D4=10404F00 D5=8441853D D6=8441853D D7=FFFF A0=3C0002 A1=102300 A2=F6D1A A3=108F9A A4=10F111C A5=108000 A6=F6D22 PC=4296 -- 004296: moveq   #$0, D7
D0=C610 D1=DCB2 D2=0 D3=0 D4=10404F00 D5=8441853D D6=8441853D D7=0 A0=3C0002 A1=102300 A2=F6D1A A3=108F9A A4=10F111C A5=108000 A6=F6D22 PC=4298 -- 004298: move.b  ($1,A2), D7
D0=C610 D1=DCB2 D2=0 D3=0 D4=10404F00 D5=8441853D D6=8441853D D7=2 A0=3C0002 A1=102300 A2=F6D1A A3=108F9A A4=10F111C A5=108000 A6=F6D22 PC=429C -- 00429C: subq.b  #1, D7
D0=C610 D1=DCB2 D2=0 D3=0 D4=10404F00 D5=8441853D D6=8441853D D7=1 A0=3C0002 A1=102300 A2=F6D1A A3=108F9A A4=10F111C A5=108000 A6=F6D22 PC=429E -- 00429E: move.w  (A6)+, D2
D0=C610 D1=DCB2 D2=C000 D3=0 D4=10404F00 D5=8441853D D6=8441853D D7=1 A0=3C0002 A1=102300 A2=F6D1A A3=108F9A A4=10F111C A5=108000 A6=F6D24 PC=42A0 -- 0042A0: move.w  D4, (-$2,A0)

   (loops for 16 instructions)

D0=C610 D1=DCB4 D2=0 D3=0 D4=10404F00 D5=8441853D D6=8441853D D7=FFFF A0=3C0002 A1=102300 A2=F6D1A A3=108F9A A4=10F111C A5=108000 A6=F6D24 PC=42C4 -- 0042C4: bsr     $47c0
D0=C610 D1=DCB4 D2=0 D3=0 D4=10404F00 D5=8441853D D6=8441853D D7=FFFF A0=3C0002 A1=102300 A2=F6D1A A3=108F9A A4=10F111C A5=108000 A6=F6D24 PC=47C0 -- 0047C0: tst.b   ($78f,A5)
D0=C610 D1=DCB4 D2=0 D3=0 D4=10404F00 D5=8441853D D6=8441853D D7=FFFF A0=3C0002 A1=102300 A2=F6D1A A3=108F9A A4=10F111C A5=108000 A6=F6D24 PC=47C4 -- 0047C4: bpl     $47c8
D0=C610 D1=DCB4 D2=0 D3=0 D4=10404F00 D5=8441853D D6=8441853D D7=FFFF A0=3C0002 A1=102300 A2=F6D1A A3=108F9A A4=10F111C A5=108000 A6=F6D24 PC=47C6 -- 0047C6: rts
D0=C610 D1=DCB4 D2=0 D3=0 D4=10404F00 D5=8441853D D6=8441853D D7=FFFF A0=3C0002 A1=102300 A2=F6D1A A3=108F9A A4=10F111C A5=108000 A6=F6D24 PC=42C8 -- 0042C8: addi.w  #$40, D4
D0=C610 D1=DCB4 D2=0 D3=0 D4=10404F40 D5=8441853D D6=8441853D D7=FFFF A0=3C0002 A1=102300 A2=F6D1A A3=108F9A A4=10F111C A5=108000 A6=F6D24 PC=42CC -- 0042CC: dbra    D3, $4296
D0=C610 D1=DCB4 D2=0 D3=FFFF D4=10404F40 D5=8441853D D6=8441853D D7=FFFF A0=3C0002 A1=102300 A2=F6D1A A3=108F9A A4=10F111C A5=108000 A6=F6D24 PC=42D0 -- 0042D0: rts
D0=C610 D1=DCB4 D2=0 D3=FFFF D4=10404F40 D5=8441853D D6=8441853D D7=FFFF A0=3C0002 A1=102300 A2=F6D1A A3=108F9A A4=10F111C A5=108000 A6=F6D24 PC=4016 -- 004016: bra     $401c
D0=C610 D1=DCB4 D2=0 D3=FFFF D4=10404F40 D5=8441853D D6=8441853D D7=FFFF A0=3C0002 A1=102300 A2=F6D1A A3=108F9A A4=10F111C A5=108000 A6=F6D24 PC=401C -- 00401C: movea.l (A7)+, A6
D0=C610 D1=DCB4 D2=0 D3=FFFF D4=10404F40 D5=8441853D D6=8441853D D7=FFFF A0=3C0002 A1=102300 A2=F6D1A A3=108F9A A4=10F111C A5=108000 A6=108E3C PC=401E -- 00401E: btst    #$5, ($4,A4)
D0=C610 D1=DCB4 D2=0 D3=FFFF D4=10404F40 D5=8441853D D6=8441853D D7=FFFF A0=3C0002 A1=102300 A2=F6D1A A3=108F9A A4=10F111C A5=108000 A6=108E3C PC=4024 -- 004024: beq     $4056
D0=C610 D1=DCB4 D2=0 D3=FFFF D4=10404F40 D5=8441853D D6=8441853D D7=FFFF A0=3C0002 A1=102300 A2=F6D1A A3=108F9A A4=10F111C A5=108000 A6=108E3C PC=4056 -- 004056: tst.b   ($7c,A1)
D0=C610 D1=DCB4 D2=0 D3=FFFF D4=10404F40 D5=8441853D D6=8441853D D7=FFFF A0=3C0002 A1=102300 A2=F6D1A A3=108F9A A4=10F111C A5=108000 A6=108E3C PC=405A -- 00405A: bpl     $4064
D0=C610 D1=DCB4 D2=0 D3=FFFF D4=10404F40 D5=8441853D D6=8441853D D7=FFFF A0=3C0002 A1=102300 A2=F6D1A A3=108F9A A4=10F111C A5=108000 A6=108E3C PC=4064 -- 004064: movea.l (A7)+, A0
D0=C610 D1=DCB4 D2=0 D3=FFFF D4=10404F40 D5=8441853D D6=8441853D D7=FFFF A0=10892C A1=102300 A2=F6D1A A3=108F9A A4=10F111C A5=108000 A6=108E3C PC=4066 -- 004066: subq.w  #1, ($e3a,A5)
D0=C610 D1=DCB4 D2=0 D3=FFFF D4=10404F40 D5=8441853D D6=8441853D D7=FFFF A0=10892C A1=102300 A2=F6D1A A3=108F9A A4=10F111C A5=108000 A6=108E3C PC=406A -- 00406A: bne     $3f32
D0=C610 D1=DCB4 D2=0 D3=FFFF D4=10404F40 D5=8441853D D6=8441853D D7=FFFF A0=10892C A1=102300 A2=F6D1A A3=108F9A A4=10F111C A5=108000 A6=108E3C PC=3F32 -- 003F32: move.w  (A0)+, D0
D0=2500 D1=DCB4 D2=0 D3=FFFF D4=10404F40 D5=8441853D D6=8441853D D7=FFFF A0=10892E A1=102300 A2=F6D1A A3=108F9A A4=10F111C A5=108000 A6=108E3C PC=3F34 -- 003F34: beq     $3f32
D0=2500 D1=DCB4 D2=0 D3=FFFF D4=10404F40 D5=8441853D D6=8441853D D7=FFFF A0=10892E A1=102300 A2=F6D1A A3=108F9A A4=10F111C A5=108000 A6=108E3C PC=3F36 -- 003F36: clr.w   (-$2,A0)
D0=2500 D1=DCB4 D2=0 D3=FFFF D4=10404F40 D5=8441853D D6=8441853D D7=FFFF A0=10892E A1=102300 A2=F6D1A A3=108F9A A4=10F111C A5=108000 A6=108E3C PC=3F3A -- 003F3A: move.l  A5, D1
D0=2500 D1=108000 D2=0 D3=FFFF D4=10404F40 D5=8441853D D6=8441853D D7=FFFF A0=10892E A1=102300 A2=F6D1A A3=108F9A A4=10F111C A5=108000 A6=108E3C PC=3F3C -- 003F3C: move.w  D0, D1
D0=2500 D1=102500 D2=0 D3=FFFF D4=10404F40 D5=8441853D D6=8441853D D7=FFFF A0=10892E A1=102300 A2=F6D1A A3=108F9A A4=10F111C A5=108000 A6=108E3C PC=3F3E -- 003F3E: movea.l D1, A1
D0=2500 D1=102500 D2=0 D3=FFFF D4=10404F40 D5=8441853D D6=8441853D D7=FFFF A0=10892E A1=102500 A2=F6D1A A3=108F9A A4=10F111C A5=108000 A6=108E3C PC=3F40 -- 003F40: movea.l ($28,A1), A2
D0=2500 D1=102500 D2=0 D3=FFFF D4=10404F40 D5=8441853D D6=8441853D D7=FFFF A0=10892E A1=102500 A2=F6D10 A3=108F9A A4=10F111C A5=108000 A6=108E3C PC=3F44 -- 003F44: lea     $7bf48.l, A4
D0=2500 D1=102500 D2=0 D3=FFFF D4=10404F40 D5=8441853D D6=8441853D D7=FFFF A0=10892E A1=102500 A2=F6D10 A3=108F9A A4=7BF48 A5=108000 A6=108E3C PC=3F4A -- 003F4A: move.w  ($70,A1), D0
D0=1B D1=102500 D2=0 D3=FFFF D4=10404F40 D5=8441853D D6=8441853D D7=FFFF A0=10892E A1=102500 A2=F6D10 A3=108F9A A4=7BF48 A5=108000 A6=108E3C PC=3F4E -- 003F4E: add.w   D0, D0
D0=36 D1=102500 D2=0 D3=FFFF D4=10404F40 D5=8441853D D6=8441853D D7=FFFF A0=10892E A1=102500 A2=F6D10 A3=108F9A A4=7BF48 A5=108000 A6=108E3C PC=3F50 -- 003F50: add.w   D0, D0
D0=6C D1=102500 D2=0 D3=FFFF D4=10404F40 D5=8441853D D6=8441853D D7=FFFF A0=10892E A1=102500 A2=F6D10 A3=108F9A A4=7BF48 A5=108000 A6=108E3C PC=3F52 -- 003F52: movea.l (A4,D0.w), A4
D0=6C D1=102500 D2=0 D3=FFFF D4=10404F40 D5=8441853D D6=8441853D D7=FFFF A0=10892E A1=102500 A2=F6D10 A3=108F9A A4=7F5E0 A5=108000 A6=108E3C PC=3F56 -- 003F56: move.w  ($72,A1), D0
D0=39 D1=102500 D2=0 D3=FFFF D4=10404F40 D5=8441853D D6=8441853D D7=FFFF A0=10892E A1=102500 A2=F6D10 A3=108F9A A4=7F5E0 A5=108000 A6=108E3C PC=3F5A -- 003F5A: add.w   D0, D0
D0=72 D1=102500 D2=0 D3=FFFF D4=10404F40 D5=8441853D D6=8441853D D7=FFFF A0=10892E A1=102500 A2=F6D10 A3=108F9A A4=7F5E0 A5=108000 A6=108E3C PC=3F5C -- 003F5C: move.w  (A4,D0.w), ($46de,A5)
D0=72 D1=102500 D2=0 D3=FFFF D4=10404F40 D5=8441853D D6=8441853D D7=FFFF A0=10892E A1=102500 A2=F6D10 A3=108F9A A4=7F5E0 A5=108000 A6=108E3C PC=3F62 -- 003F62: lea     $80000.l, A4
D0=72 D1=102500 D2=0 D3=FFFF D4=10404F40 D5=8441853D D6=8441853D D7=FFFF A0=10892E A1=102500 A2=F6D10 A3=108F9A A4=80000 A5=108000 A6=108E3C PC=3F68 -- 003F68: move.w  ($70,A1), D0
D0=1B D1=102500 D2=0 D3=FFFF D4=10404F40 D5=8441853D D6=8441853D D7=FFFF A0=10892E A1=102500 A2=F6D10 A3=108F9A A4=80000 A5=108000 A6=108E3C PC=3F6C -- 003F6C: add.w   D0, D0
D0=36 D1=102500 D2=0 D3=FFFF D4=10404F40 D5=8441853D D6=8441853D D7=FFFF A0=10892E A1=102500 A2=F6D10 A3=108F9A A4=80000 A5=108000 A6=108E3C PC=3F6E -- 003F6E: add.w   D0, D0
D0=6C D1=102500 D2=0 D3=FFFF D4=10404F40 D5=8441853D D6=8441853D D7=FFFF A0=10892E A1=102500 A2=F6D10 A3=108F9A A4=80000 A5=108000 A6=108E3C PC=3F70 -- 003F70: movea.l (A4,D0.w), A4
D0=6C D1=102500 D2=0 D3=FFFF D4=10404F40 D5=8441853D D6=8441853D D7=FFFF A0=10892E A1=102500 A2=F6D10 A3=108F9A A4=86E00 A5=108000 A6=108E3C PC=3F74 -- 003F74: move.w  ($46de,A5), D0
D0=3939 D1=102500 D2=0 D3=FFFF D4=10404F40 D5=8441853D D6=8441853D D7=FFFF A0=10892E A1=102500 A2=F6D10 A3=108F9A A4=86E00 A5=108000 A6=108E3C PC=3F78 -- 003F78: tst.b   ($46e2,A5)
D0=3939 D1=102500 D2=0 D3=FFFF D4=10404F40 D5=8441853D D6=8441853D D7=FFFF A0=10892E A1=102500 A2=F6D10 A3=108F9A A4=86E00 A5=108000 A6=108E3C PC=3F7C -- 003F7C: beq     $3f82
D0=3939 D1=102500 D2=0 D3=FFFF D4=10404F40 D5=8441853D D6=8441853D D7=FFFF A0=10892E A1=102500 A2=F6D10 A3=108F9A A4=86E00 A5=108000 A6=108E3C PC=3F82 -- 003F82: andi.w  #$ff, D0
D0=39 D1=102500 D2=0 D3=FFFF D4=10404F40 D5=8441853D D6=8441853D D7=FFFF A0=10892E A1=102500 A2=F6D10 A3=108F9A A4=86E00 A5=108000 A6=108E3C PC=3F86 -- 003F86: add.w   D0, D0
D0=72 D1=102500 D2=0 D3=FFFF D4=10404F40 D5=8441853D D6=8441853D D7=FFFF A0=10892E A1=102500 A2=F6D10 A3=108F9A A4=86E00 A5=108000 A6=108E3C PC=3F88 -- 003F88: add.w   D0, D0
D0=E4 D1=102500 D2=0 D3=FFFF D4=10404F40 D5=8441853D D6=8441853D D7=FFFF A0=10892E A1=102500 A2=F6D10 A3=108F9A A4=86E00 A5=108000 A6=108E3C PC=3F8A -- 003F8A: movea.l (A4,D0.w), A4
D0=E4 D1=102500 D2=0 D3=FFFF D4=10404F40 D5=8441853D D6=8441853D D7=FFFF A0=10892E A1=102500 A2=F6D10 A3=108F9A A4=F311A A5=108000 A6=108E3C PC=3F8E -- 003F8E: move.w  ($74,A1), D0
D0=0 D1=102500 D2=0 D3=FFFF D4=10404F40 D5=8441853D D6=8441853D D7=FFFF A0=10892E A1=102500 A2=F6D10 A3=108F9A A4=F311A A5=108000 A6=108E3C PC=3F92 -- 003F92: adda.w  D0, A4
D0=0 D1=102500 D2=0 D3=FFFF D4=10404F40 D5=8441853D D6=8441853D D7=FFFF A0=10892E A1=102500 A2=F6D10 A3=108F9A A4=F311A A5=108000 A6=108E3C PC=3F94 -- 003F94: move.l  (A4), D0
D0=10F1116 D1=102500 D2=0 D3=FFFF D4=10404F40 D5=8441853D D6=8441853D D7=FFFF A0=10892E A1=102500 A2=F6D10 A3=108F9A A4=F311A A5=108000 A6=108E3C PC=3F96 -- 003F96: movea.l D0, A4
D0=10F1116 D1=102500 D2=0 D3=FFFF D4=10404F40 D5=8441853D D6=8441853D D7=FFFF A0=10892E A1=102500 A2=F6D10 A3=108F9A A4=10F1116 A5=108000 A6=108E3C PC=3F98 -- 003F98: move.l  A0, -(A7)
D0=10F1116 D1=102500 D2=0 D3=FFFF D4=10404F40 D5=8441853D D6=8441853D D7=FFFF A0=10892E A1=102500 A2=F6D10 A3=108F9A A4=10F1116 A5=108000 A6=108E3C PC=3F9A -- 003F9A: lea     $3c0002.l, A0
D0=10F1116 D1=102500 D2=0 D3=FFFF D4=10404F40 D5=8441853D D6=8441853D D7=FFFF A0=3C0002 A1=102500 A2=F6D10 A3=108F9A A4=10F1116 A5=108000 A6=108E3C PC=3FA0 -- 003FA0: tst.b   ($7c,A1)
D0=10F1116 D1=102500 D2=0 D3=FFFF D4=10404F40 D5=8441853D D6=8441853D D7=FFFF A0=3C0002 A1=102500 A2=F6D10 A3=108F9A A4=10F1116 A5=108000 A6=108E3C PC=3FA4 -- 003FA4: bpl     $3fc0
D0=10F1116 D1=102500 D2=0 D3=FFFF D4=10404F40 D5=8441853D D6=8441853D D7=FFFF A0=3C0002 A1=102500 A2=F6D10 A3=108F9A A4=10F1116 A5=108000 A6=108E3C PC=3FC0 -- 003FC0: moveq   #$0, D0
D0=0 D1=102500 D2=0 D3=FFFF D4=10404F40 D5=8441853D D6=8441853D D7=FFFF A0=3C0002 A1=102500 A2=F6D10 A3=108F9A A4=10F1116 A5=108000 A6=108E3C PC=3FC2 -- 003FC2: move.b  (A2), D0
D0=2 D1=102500 D2=0 D3=FFFF D4=10404F40 D5=8441853D D6=8441853D D7=FFFF A0=3C0002 A1=102500 A2=F6D10 A3=108F9A A4=10F1116 A5=108000 A6=108E3C PC=3FC4 -- 003FC4: sub.w   D0, ($794,A5)
D0=2 D1=102500 D2=0 D3=FFFF D4=10404F40 D5=8441853D D6=8441853D D7=FFFF A0=3C0002 A1=102500 A2=F6D10 A3=108F9A A4=10F1116 A5=108000 A6=108E3C PC=3FC8 -- 003FC8: bcc     $3fd2
D0=2 D1=102500 D2=0 D3=FFFF D4=10404F40 D5=8441853D D6=8441853D D7=FFFF A0=3C0002 A1=102500 A2=F6D10 A3=108F9A A4=10F1116 A5=108000 A6=108E3C PC=3FD2 -- 003FD2: move.l  A6, -(A7)
D0=2 D1=102500 D2=0 D3=FFFF D4=10404F40 D5=8441853D D6=8441853D D7=FFFF A0=3C0002 A1=102500 A2=F6D10 A3=108F9A A4=10F1116 A5=108000 A6=108E3C PC=3FD4 -- 003FD4: btst    #$6, ($7c,A1)
D0=2 D1=102500 D2=0 D3=FFFF D4=10404F40 D5=8441853D D6=8441853D D7=FFFF A0=3C0002 A1=102500 A2=F6D10 A3=108F9A A4=10F1116 A5=108000 A6=108E3C PC=3FDA -- 003FDA: bne     $400c
D0=2 D1=102500 D2=0 D3=FFFF D4=10404F40 D5=8441853D D6=8441853D D7=FFFF A0=3C0002 A1=102500 A2=F6D10 A3=108F9A A4=10F1116 A5=108000 A6=108E3C PC=3FDE -- 003FDE: moveq   #$0, D1
D0=2 D1=0 D2=0 D3=FFFF D4=10404F40 D5=8441853D D6=8441853D D7=FFFF A0=3C0002 A1=102500 A2=F6D10 A3=108F9A A4=10F1116 A5=108000 A6=108E3C PC=3FE0 -- 003FE0: move.b  ($82,A1), D1
D0=2 D1=0 D2=0 D3=FFFF D4=10404F40 D5=8441853D D6=8441853D D7=FFFF A0=3C0002 A1=102500 A2=F6D10 A3=108F9A A4=10F1116 A5=108000 A6=108E3C PC=3FE4 -- 003FE4: add.w   D1, D1
D0=2 D1=0 D2=0 D3=FFFF D4=10404F40 D5=8441853D D6=8441853D D7=FFFF A0=3C0002 A1=102500 A2=F6D10 A3=108F9A A4=10F1116 A5=108000 A6=108E3C PC=3FE6 -- 003FE6: add.w   D1, D1
D0=2 D1=0 D2=0 D3=FFFF D4=10404F40 D5=8441853D D6=8441853D D7=FFFF A0=3C0002 A1=102500 A2=F6D10 A3=108F9A A4=10F1116 A5=108000 A6=108E3C PC=3FE8 -- 003FE8: move.w  ($18,A1), D0
D0=90 D1=0 D2=0 D3=FFFF D4=10404F40 D5=8441853D D6=8441853D D7=FFFF A0=3C0002 A1=102500 A2=F6D10 A3=108F9A A4=10F1116 A5=108000 A6=108E3C PC=3FEC -- 003FEC: lea     ($104c,A5), A6
D0=90 D1=0 D2=0 D3=FFFF D4=10404F40 D5=8441853D D6=8441853D D7=FFFF A0=3C0002 A1=102500 A2=F6D10 A3=108F9A A4=10F1116 A5=108000 A6=10904C PC=3FF0 -- 003FF0: sub.w   (A6,D1.w), D0
D0=90 D1=0 D2=0 D3=FFFF D4=10404F40 D5=8441853D D6=8441853D D7=FFFF A0=3C0002 A1=102500 A2=F6D10 A3=108F9A A4=10F1116 A5=108000 A6=10904C PC=3FF4 -- 003FF4: move.w  D0, ($24,A1)
D0=90 D1=0 D2=0 D3=FFFF D4=10404F40 D5=8441853D D6=8441853D D7=FFFF A0=3C0002 A1=102500 A2=F6D10 A3=108F9A A4=10F1116 A5=108000 A6=10904C PC=3FF8 -- 003FF8: move.w  ($1c,A1), D0
D0=C8 D1=0 D2=0 D3=FFFF D4=10404F40 D5=8441853D D6=8441853D D7=FFFF A0=3C0002 A1=102500 A2=F6D10 A3=108F9A A4=10F1116 A5=108000 A6=10904C PC=3FFC -- 003FFC: sub.w   ($20,A1), D0
D0=C8 D1=0 D2=0 D3=FFFF D4=10404F40 D5=8441853D D6=8441853D D7=FFFF A0=3C0002 A1=102500 A2=F6D10 A3=108F9A A4=10F1116 A5=108000 A6=10904C PC=4000 -- 004000: lea     ($1058,A5), A6
D0=C8 D1=0 D2=0 D3=FFFF D4=10404F40 D5=8441853D D6=8441853D D7=FFFF A0=3C0002 A1=102500 A2=F6D10 A3=108F9A A4=10F1116 A5=108000 A6=109058 PC=4004 -- 004004: sub.w   (A6,D1.w), D0
D0=C8 D1=0 D2=0 D3=FFFF D4=10404F40 D5=8441853D D6=8441853D D7=FFFF A0=3C0002 A1=102500 A2=F6D10 A3=108F9A A4=10F1116 A5=108000 A6=109058 PC=4008 -- 004008: move.w  D0, ($26,A1)
D0=C8 D1=0 D2=0 D3=FFFF D4=10404F40 D5=8441853D D6=8441853D D7=FFFF A0=3C0002 A1=102500 A2=F6D10 A3=108F9A A4=10F1116 A5=108000 A6=109058 PC=400C -- 00400C: tst.b   ($3a66,A5)
D0=C8 D1=0 D2=0 D3=FFFF D4=10404F40 D5=8441853D D6=8441853D D7=FFFF A0=3C0002 A1=102500 A2=F6D10 A3=108F9A A4=10F1116 A5=108000 A6=109058 PC=4010 -- 004010: bmi     $4018
D0=C8 D1=0 D2=0 D3=FFFF D4=10404F40 D5=8441853D D6=8441853D D7=FFFF A0=3C0002 A1=102500 A2=F6D10 A3=108F9A A4=10F1116 A5=108000 A6=109058 PC=4012 -- 004012: bsr     $4088
D0=C8 D1=0 D2=0 D3=FFFF D4=10404F40 D5=8441853D D6=8441853D D7=FFFF A0=3C0002 A1=102500 A2=F6D10 A3=108F9A A4=10F1116 A5=108000 A6=109058 PC=4088 -- 004088: move.w  (A4), D0
D0=FF90 D1=0 D2=0 D3=FFFF D4=10404F40 D5=8441853D D6=8441853D D7=FFFF A0=3C0002 A1=102500 A2=F6D10 A3=108F9A A4=10F1116 A5=108000 A6=109058 PC=408A -- 00408A: move.b  ($31,A1), D1
D0=FF90 D1=0 D2=0 D3=FFFF D4=10404F40 D5=8441853D D6=8441853D D7=FFFF A0=3C0002 A1=102500 A2=F6D10 A3=108F9A A4=10F1116 A5=108000 A6=109058 PC=408E -- 00408E: move.b  ($4,A4), D2
D0=FF90 D1=0 D2=0 D3=FFFF D4=10404F40 D5=8441853D D6=8441853D D7=FFFF A0=3C0002 A1=102500 A2=F6D10 A3=108F9A A4=10F1116 A5=108000 A6=109058 PC=4092 -- 004092: rol.b   #2, D2
D0=FF90 D1=0 D2=0 D3=FFFF D4=10404F40 D5=8441853D D6=8441853D D7=FFFF A0=3C0002 A1=102500 A2=F6D10 A3=108F9A A4=10F1116 A5=108000 A6=109058 PC=4094 -- 004094: eor.w   D2, D1
D0=FF90 D1=0 D2=0 D3=FFFF D4=10404F40 D5=8441853D D6=8441853D D7=FFFF A0=3C0002 A1=102500 A2=F6D10 A3=108F9A A4=10F1116 A5=108000 A6=109058 PC=4096 -- 004096: andi.w  #$3, D1
D0=FF90 D1=0 D2=0 D3=FFFF D4=10404F40 D5=8441853D D6=8441853D D7=FFFF A0=3C0002 A1=102500 A2=F6D10 A3=108F9A A4=10F1116 A5=108000 A6=109058 PC=409A -- 00409A: move.w  D1, ($790,A5)
D0=FF90 D1=0 D2=0 D3=FFFF D4=10404F40 D5=8441853D D6=8441853D D7=FFFF A0=3C0002 A1=102500 A2=F6D10 A3=108F9A A4=10F1116 A5=108000 A6=109058 PC=409E -- 00409E: andi.w  #$1, D1
D0=FF90 D1=0 D2=0 D3=FFFF D4=10404F40 D5=8441853D D6=8441853D D7=FFFF A0=3C0002 A1=102500 A2=F6D10 A3=108F9A A4=10F1116 A5=108000 A6=109058 PC=40A2 -- 0040A2: beq     $40ae
D0=FF90 D1=0 D2=0 D3=FFFF D4=10404F40 D5=8441853D D6=8441853D D7=FFFF A0=3C0002 A1=102500 A2=F6D10 A3=108F9A A4=10F1116 A5=108000 A6=109058 PC=40AE -- 0040AE: moveq   #$0, D1
D0=FF90 D1=0 D2=0 D3=FFFF D4=10404F40 D5=8441853D D6=8441853D D7=FFFF A0=3C0002 A1=102500 A2=F6D10 A3=108F9A A4=10F1116 A5=108000 A6=109058 PC=40B0 -- 0040B0: move.b  ($68,A1), D1
D0=FF90 D1=FF D2=0 D3=FFFF D4=10404F40 D5=8441853D D6=8441853D D7=FFFF A0=3C0002 A1=102500 A2=F6D10 A3=108F9A A4=10F1116 A5=108000 A6=109058 PC=40B4 -- 0040B4: addq.w  #1, D1
D0=FF90 D1=100 D2=0 D3=FFFF D4=10404F40 D5=8441853D D6=8441853D D7=FFFF A0=3C0002 A1=102500 A2=F6D10 A3=108F9A A4=10F1116 A5=108000 A6=109058 PC=40B6 -- 0040B6: muls.w  D1, D0
D0=FFFF9000 D1=100 D2=0 D3=FFFF D4=10404F40 D5=8441853D D6=8441853D D7=FFFF A0=3C0002 A1=102500 A2=F6D10 A3=108F9A A4=10F1116 A5=108000 A6=109058 PC=40B8 -- 0040B8: lsr.l   #8, D0
D0=FFFF90 D1=100 D2=0 D3=FFFF D4=10404F40 D5=8441853D D6=8441853D D7=FFFF A0=3C0002 A1=102500 A2=F6D10 A3=108F9A A4=10F1116 A5=108000 A6=109058 PC=40BA -- 0040BA: add.w   ($24,A1), D0
D0=FF0020 D1=100 D2=0 D3=FFFF D4=10404F40 D5=8441853D D6=8441853D D7=FFFF A0=3C0002 A1=102500 A2=F6D10 A3=108F9A A4=10F1116 A5=108000 A6=109058 PC=40BE -- 0040BE: lsl.w   #7, D0
D0=FF1000 D1=100 D2=0 D3=FFFF D4=10404F40 D5=8441853D D6=8441853D D7=FFFF A0=3C0002 A1=102500 A2=F6D10 A3=108F9A A4=10F1116 A5=108000 A6=109058 PC=40C0 -- 0040C0: move.w  D6, (-$2,A0)
D0=FF1000 D1=100 D2=0 D3=FFFF D4=10404F40 D5=8441853D D6=8441853D D7=FFFF A0=3C0002 A1=102500 A2=F6D10 A3=108F9A A4=10F1116 A5=108000 A6=109058 PC=40C4 -- 0040C4: move.w  D0, (A0)
D0=FF1000 D1=100 D2=0 D3=FFFF D4=10404F40 D5=8441853D D6=8441853D D7=FFFF A0=3C0002 A1=102500 A2=F6D10 A3=108F9A A4=10F1116 A5=108000 A6=109058 PC=40C6 -- 0040C6: moveq   #$0, D0
D0=0 D1=100 D2=0 D3=FFFF D4=10404F40 D5=8441853D D6=8441853D D7=FFFF A0=3C0002 A1=102500 A2=F6D10 A3=108F9A A4=10F1116 A5=108000 A6=109058 PC=40C8 -- 0040C8: move.b  (A2), D0
D0=2 D1=100 D2=0 D3=FFFF D4=10404F40 D5=8441853D D6=8441853D D7=FFFF A0=3C0002 A1=102500 A2=F6D10 A3=108F9A A4=10F1116 A5=108000 A6=109058 PC=40CA -- 0040CA: add.w   D0, D6
D0=2 D1=100 D2=0 D3=FFFF D4=10404F40 D5=8441853F D6=8441853F D7=FFFF A0=3C0002 A1=102500 A2=F6D10 A3=108F9A A4=10F1116 A5=108000 A6=109058 PC=40CC -- 0040CC: move.w  ($2,A4), D0
D0=FFF7 D1=100 D2=0 D3=FFFF D4=10404F40 D5=8441853F D6=8441853F D7=FFFF A0=3C0002 A1=102500 A2=F6D10 A3=108F9A A4=10F1116 A5=108000 A6=109058 PC=40D0 -- 0040D0: btst    #$1, ($791,A5)
D0=FFF7 D1=100 D2=0 D3=FFFF D4=10404F40 D5=8441853F D6=8441853F D7=FFFF A0=3C0002 A1=102500 A2=F6D10 A3=108F9A A4=10F1116 A5=108000 A6=109058 PC=40D6 -- 0040D6: beq     $40e4
D0=FFF7 D1=100 D2=0 D3=FFFF D4=10404F40 D5=8441853F D6=8441853F D7=FFFF A0=3C0002 A1=102500 A2=F6D10 A3=108F9A A4=10F1116 A5=108000 A6=109058 PC=40E4 -- 0040E4: moveq   #$0, D1
D0=FFF7 D1=0 D2=0 D3=FFFF D4=10404F40 D5=8441853F D6=8441853F D7=FFFF A0=3C0002 A1=102500 A2=F6D10 A3=108F9A A4=10F1116 A5=108000 A6=109058 PC=40E6 -- 0040E6: move.b  ($69,A1), D1
D0=FFF7 D1=FF D2=0 D3=FFFF D4=10404F40 D5=8441853F D6=8441853F D7=FFFF A0=3C0002 A1=102500 A2=F6D10 A3=108F9A A4=10F1116 A5=108000 A6=109058 PC=40EA -- 0040EA: addq.w  #1, D1
D0=FFF7 D1=100 D2=0 D3=FFFF D4=10404F40 D5=8441853F D6=8441853F D7=FFFF A0=3C0002 A1=102500 A2=F6D10 A3=108F9A A4=10F1116 A5=108000 A6=109058 PC=40EC -- 0040EC: muls.w  D1, D0
D0=FFFFF700 D1=100 D2=0 D3=FFFF D4=10404F40 D5=8441853F D6=8441853F D7=FFFF A0=3C0002 A1=102500 A2=F6D10 A3=108F9A A4=10F1116 A5=108000 A6=109058 PC=40EE -- 0040EE: lsr.l   #8, D0
D0=FFFFF7 D1=100 D2=0 D3=FFFF D4=10404F40 D5=8441853F D6=8441853F D7=FFFF A0=3C0002 A1=102500 A2=F6D10 A3=108F9A A4=10F1116 A5=108000 A6=109058 PC=40F0 -- 0040F0: add.w   ($26,A1), D0
D0=FF00BF D1=100 D2=0 D3=FFFF D4=10404F40 D5=8441853F D6=8441853F D7=FFFF A0=3C0002 A1=102500 A2=F6D10 A3=108F9A A4=10F1116 A5=108000 A6=109058 PC=40F4 -- 0040F4: neg.w   D0
D0=FFFF41 D1=100 D2=0 D3=FFFF D4=10404F40 D5=8441853F D6=8441853F D7=FFFF A0=3C0002 A1=102500 A2=F6D10 A3=108F9A A4=10F1116 A5=108000 A6=109058 PC=40F6 -- 0040F6: addi.w  #$1ff, D0
D0=FF0140 D1=100 D2=0 D3=FFFF D4=10404F40 D5=8441853F D6=8441853F D7=FFFF A0=3C0002 A1=102500 A2=F6D10 A3=108F9A A4=10F1116 A5=108000 A6=109058 PC=40FA -- 0040FA: lsl.w   #7, D0
D0=FFA000 D1=100 D2=0 D3=FFFF D4=10404F40 D5=8441853F D6=8441853F D7=FFFF A0=3C0002 A1=102500 A2=F6D10 A3=108F9A A4=10F1116 A5=108000 A6=109058 PC=40FC -- 0040FC: bsr     $4772
D0=FFA000 D1=100 D2=0 D3=FFFF D4=10404F40 D5=8441853F D6=8441853F D7=FFFF A0=3C0002 A1=102500 A2=F6D10 A3=108F9A A4=10F1116 A5=108000 A6=109058 PC=4772 -- 004772: move.w  D0, -(A7)
D0=FFA000 D1=100 D2=0 D3=FFFF D4=10404F40 D5=8441853F D6=8441853F D7=FFFF A0=3C0002 A1=102500 A2=F6D10 A3=108F9A A4=10F1116 A5=108000 A6=109058 PC=4774 -- 004774: moveq   #-$1, D0
D0=FFFFFFFF D1=100 D2=0 D3=FFFF D4=10404F40 D5=8441853F D6=8441853F D7=FFFF A0=3C0002 A1=102500 A2=F6D10 A3=108F9A A4=10F1116 A5=108000 A6=109058 PC=4776 -- 004776: moveq   #$0, D1
D0=FFFFFFFF D1=0 D2=0 D3=FFFF D4=10404F40 D5=8441853F D6=8441853F D7=FFFF A0=3C0002 A1=102500 A2=F6D10 A3=108F9A A4=10F1116 A5=108000 A6=109058 PC=4778 -- 004778: move.b  ($1,A2), D1
D0=FFFFFFFF D1=2 D2=0 D3=FFFF D4=10404F40 D5=8441853F D6=8441853F D7=FFFF A0=3C0002 A1=102500 A2=F6D10 A3=108F9A A4=10F1116 A5=108000 A6=109058 PC=477C -- 00477C: cmpi.b  #-$1, ($69,A1)
D0=FFFFFFFF D1=2 D2=0 D3=FFFF D4=10404F40 D5=8441853F D6=8441853F D7=FFFF A0=3C0002 A1=102500 A2=F6D10 A3=108F9A A4=10F1116 A5=108000 A6=109058 PC=4782 -- 004782: beq     $47b4
D0=FFFFFFFF D1=2 D2=0 D3=FFFF D4=10404F40 D5=8441853F D6=8441853F D7=FFFF A0=3C0002 A1=102500 A2=F6D10 A3=108F9A A4=10F1116 A5=108000 A6=109058 PC=47B4 -- 0047B4: move.b  D0, ($78f,A5)
D0=FFFFFFFF D1=2 D2=0 D3=FFFF D4=10404F40 D5=8441853F D6=8441853F D7=FFFF A0=3C0002 A1=102500 A2=F6D10 A3=108F9A A4=10F1116 A5=108000 A6=109058 PC=47B8 -- 0047B8: move.b  D1, ($78e,A5)
D0=FFFFFFFF D1=2 D2=0 D3=FFFF D4=10404F40 D5=8441853F D6=8441853F D7=FFFF A0=3C0002 A1=102500 A2=F6D10 A3=108F9A A4=10F1116 A5=108000 A6=109058 PC=47BC -- 0047BC: move.w  (A7)+, D0
D0=FFFFA000 D1=2 D2=0 D3=FFFF D4=10404F40 D5=8441853F D6=8441853F D7=FFFF A0=3C0002 A1=102500 A2=F6D10 A3=108F9A A4=10F1116 A5=108000 A6=109058 PC=47BE -- 0047BE: rts
D0=FFFFA000 D1=2 D2=0 D3=FFFF D4=10404F40 D5=8441853F D6=8441853F D7=FFFF A0=3C0002 A1=102500 A2=F6D10 A3=108F9A A4=10F1116 A5=108000 A6=109058 PC=4100 -- 004100: add.b   ($78e,A5), D0
D0=FFFFA002 D1=2 D2=0 D3=FFFF D4=10404F40 D5=8441853F D6=8441853F D7=FFFF A0=3C0002 A1=102500 A2=F6D10 A3=108F9A A4=10F1116 A5=108000 A6=109058 PC=4104 -- 004104: move.w  D0, (A3)+
D0=FFFFA002 D1=2 D2=0 D3=FFFF D4=10404F40 D5=8441853F D6=8441853F D7=FFFF A0=3C0002 A1=102500 A2=F6D10 A3=108F9C A4=10F1116 A5=108000 A6=109058 PC=4106 -- 004106: moveq   #$0, D0
D0=0 D1=2 D2=0 D3=FFFF D4=10404F40 D5=8441853F D6=8441853F D7=FFFF A0=3C0002 A1=102500 A2=F6D10 A3=108F9C A4=10F1116 A5=108000 A6=109058 PC=4108 -- 004108: move.b  (A2), D0
D0=2 D1=2 D2=0 D3=FFFF D4=10404F40 D5=8441853F D6=8441853F D7=FFFF A0=3C0002 A1=102500 A2=F6D10 A3=108F9C A4=10F1116 A5=108000 A6=109058 PC=410A -- 00410A: subq.b  #2, D0
D0=0 D1=2 D2=0 D3=FFFF D4=10404F40 D5=8441853F D6=8441853F D7=FFFF A0=3C0002 A1=102500 A2=F6D10 A3=108F9C A4=10F1116 A5=108000 A6=109058 PC=410C -- 00410C: bmi     $4118
D0=0 D1=2 D2=0 D3=FFFF D4=10404F40 D5=8441853F D6=8441853F D7=FFFF A0=3C0002 A1=102500 A2=F6D10 A3=108F9C A4=10F1116 A5=108000 A6=109058 PC=410E -- 00410E: move.w  #$40, D1
D0=0 D1=40 D2=0 D3=FFFF D4=10404F40 D5=8441853F D6=8441853F D7=FFFF A0=3C0002 A1=102500 A2=F6D10 A3=108F9C A4=10F1116 A5=108000 A6=109058 PC=4112 -- 004112: move.w  D1, (A3)+
D0=0 D1=40 D2=0 D3=FFFF D4=10404F40 D5=8441853F D6=8441853F D7=FFFF A0=3C0002 A1=102500 A2=F6D10 A3=108F9E A4=10F1116 A5=108000 A6=109058 PC=4114 -- 004114: dbra    D0, $4112
D0=FFFF D1=40 D2=0 D3=FFFF D4=10404F40 D5=8441853F D6=8441853F D7=FFFF A0=3C0002 A1=102500 A2=F6D10 A3=108F9E A4=10F1116 A5=108000 A6=109058 PC=4118 -- 004118: move.w  #$1, ($2,A0)
D0=FFFF D1=40 D2=0 D3=FFFF D4=10404F40 D5=8441853F D6=8441853F D7=FFFF A0=3C0002 A1=102500 A2=F6D10 A3=108F9E A4=10F1116 A5=108000 A6=109058 PC=411E -- 00411E: move.w  D5, (-$2,A0)
D0=FFFF D1=40 D2=0 D3=FFFF D4=10404F40 D5=8441853F D6=8441853F D7=FFFF A0=3C0002 A1=102500 A2=F6D10 A3=108F9E A4=10F1116 A5=108000 A6=109058 PC=4122 -- 004122: moveq   #$0, D1
D0=FFFF D1=0 D2=0 D3=FFFF D4=10404F40 D5=8441853F D6=8441853F D7=FFFF A0=3C0002 A1=102500 A2=F6D10 A3=108F9E A4=10F1116 A5=108000 A6=109058 PC=4124 -- 004124: move.b  ($68,A1), D0
D0=FFFF D1=0 D2=0 D3=FFFF D4=10404F40 D5=8441853F D6=8441853F D7=FFFF A0=3C0002 A1=102500 A2=F6D10 A3=108F9E A4=10F1116 A5=108000 A6=109058 PC=4128 -- 004128: move.b  D0, D1
D0=FFFF D1=FF D2=0 D3=FFFF D4=10404F40 D5=8441853F D6=8441853F D7=FFFF A0=3C0002 A1=102500 A2=F6D10 A3=108F9E A4=10F1116 A5=108000 A6=109058 PC=412A -- 00412A: andi.w  #$f, D0
D0=F D1=FF D2=0 D3=FFFF D4=10404F40 D5=8441853F D6=8441853F D7=FFFF A0=3C0002 A1=102500 A2=F6D10 A3=108F9E A4=10F1116 A5=108000 A6=109058 PC=412E -- 00412E: lsr.b   #4, D1
D0=F D1=F D2=0 D3=FFFF D4=10404F40 D5=8441853F D6=8441853F D7=FFFF A0=3C0002 A1=102500 A2=F6D10 A3=108F9E A4=10F1116 A5=108000 A6=109058 PC=4130 -- 004130: tst.b   D1
D0=F D1=F D2=0 D3=FFFF D4=10404F40 D5=8441853F D6=8441853F D7=FFFF A0=3C0002 A1=102500 A2=F6D10 A3=108F9E A4=10F1116 A5=108000 A6=109058 PC=4132 -- 004132: beq     $4164
D0=F D1=F D2=0 D3=FFFF D4=10404F40 D5=8441853F D6=8441853F D7=FFFF A0=3C0002 A1=102500 A2=F6D10 A3=108F9E A4=10F1116 A5=108000 A6=109058 PC=4134 -- 004134: lea     $4f9d2.l, A6
D0=F D1=F D2=0 D3=FFFF D4=10404F40 D5=8441853F D6=8441853F D7=FFFF A0=3C0002 A1=102500 A2=F6D10 A3=108F9E A4=10F1116 A5=108000 A6=4F9D2 PC=413A -- 00413A: lsl.w   #5, D0
D0=1E0 D1=F D2=0 D3=FFFF D4=10404F40 D5=8441853F D6=8441853F D7=FFFF A0=3C0002 A1=102500 A2=F6D10 A3=108F9E A4=10F1116 A5=108000 A6=4F9D2 PC=413C -- 00413C: adda.w  D0, A6
D0=1E0 D1=F D2=0 D3=FFFF D4=10404F40 D5=8441853F D6=8441853F D7=FFFF A0=3C0002 A1=102500 A2=F6D10 A3=108F9E A4=10F1116 A5=108000 A6=4FBB2 PC=413E -- 00413E: moveq   #$f, D0
D0=F D1=F D2=0 D3=FFFF D4=10404F40 D5=8441853F D6=8441853F D7=FFFF A0=3C0002 A1=102500 A2=F6D10 A3=108F9E A4=10F1116 A5=108000 A6=4FBB2 PC=4140 -- 004140: moveq   #$0, D2
D0=F D1=F D2=0 D3=FFFF D4=10404F40 D5=8441853F D6=8441853F D7=FFFF A0=3C0002 A1=102500 A2=F6D10 A3=108F9E A4=10F1116 A5=108000 A6=4FBB2 PC=4142 -- 004142: move.b  (A2), D2
D0=F D1=F D2=2 D3=FFFF D4=10404F40 D5=8441853F D6=8441853F D7=FFFF A0=3C0002 A1=102500 A2=F6D10 A3=108F9E A4=10F1116 A5=108000 A6=4FBB2 PC=4144 -- 004144: lsr.w   #1, D2
D0=F D1=F D2=1 D3=FFFF D4=10404F40 D5=8441853F D6=8441853F D7=FFFF A0=3C0002 A1=102500 A2=F6D10 A3=108F9E A4=10F1116 A5=108000 A6=4FBB2 PC=4146 -- 004146: sub.w   D2, D0
D0=E D1=F D2=1 D3=FFFF D4=10404F40 D5=8441853F D6=8441853F D7=FFFF A0=3C0002 A1=102500 A2=F6D10 A3=108F9E A4=10F1116 A5=108000 A6=4FBB2 PC=4148 -- 004148: adda.l  D0, A6
D0=E D1=F D2=1 D3=FFFF D4=10404F40 D5=8441853F D6=8441853F D7=FFFF A0=3C0002 A1=102500 A2=F6D10 A3=108F9E A4=10F1116 A5=108000 A6=4FBC0 PC=414A -- 00414A: move.b  (A2), D0
D0=2 D1=F D2=1 D3=FFFF D4=10404F40 D5=8441853F D6=8441853F D7=FFFF A0=3C0002 A1=102500 A2=F6D10 A3=108F9E A4=10F1116 A5=108000 A6=4FBC0 PC=414C -- 00414C: add.w   D0, D5
D0=2 D1=F D2=1 D3=FFFF D4=10404F40 D5=8441853F D6=8441853F D7=FFFF A0=3C0002 A1=102500 A2=F6D10 A3=108F9E A4=10F1116 A5=108000 A6=4FBC0 PC=414E -- 00414E: subq.b  #1, D0
D0=1 D1=F D2=1 D3=FFFF D4=10404F40 D5=8441853F D6=8441853F D7=FFFF A0=3C0002 A1=102500 A2=F6D10 A3=108F9E A4=10F1116 A5=108000 A6=4FBC0 PC=4150 -- 004150: move.b  D1, D2
D0=1 D1=F D2=F D3=FFFF D4=10404F40 D5=8441853F D6=8441853F D7=FFFF A0=3C0002 A1=102500 A2=F6D10 A3=108F9E A4=10F1116 A5=108000 A6=4FBC0 PC=4152 -- 004152: sub.b   (A6)+, D2
D0=1 D1=F D2=F D3=FFFF D4=10404F40 D5=8441853F D6=8441853F D7=FFFF A0=3C0002 A1=102500 A2=F6D10 A3=108F9E A4=10F1116 A5=108000 A6=4FBC1 PC=4154 -- 004154: lsl.w   #8, D2
D0=1 D1=F D2=F00 D3=FFFF D4=10404F40 D5=8441853F D6=8441853F D7=FFFF A0=3C0002 A1=102500 A2=F6D10 A3=108F9E A4=10F1116 A5=108000 A6=4FBC1 PC=4156 -- 004156: move.b  ($69,A1), D2
D0=1 D1=F D2=FFF D3=FFFF D4=10404F40 D5=8441853F D6=8441853F D7=FFFF A0=3C0002 A1=102500 A2=F6D10 A3=108F9E A4=10F1116 A5=108000 A6=4FBC1 PC=415A -- 00415A: move.w  D2, (A0)
D0=1 D1=F D2=FFF D3=FFFF D4=10404F40 D5=8441853F D6=8441853F D7=FFFF A0=3C0002 A1=102500 A2=F6D10 A3=108F9E A4=10F1116 A5=108000 A6=4FBC1 PC=415C -- 00415C: dbra    D0, $4150
D0=0 D1=F D2=FFF D3=FFFF D4=10404F40 D5=8441853F D6=8441853F D7=FFFF A0=3C0002 A1=102500 A2=F6D10 A3=108F9E A4=10F1116 A5=108000 A6=4FBC1 PC=4150 -- 004150: move.b  D1, D2
D0=0 D1=F D2=F0F D3=FFFF D4=10404F40 D5=8441853F D6=8441853F D7=FFFF A0=3C0002 A1=102500 A2=F6D10 A3=108F9E A4=10F1116 A5=108000 A6=4FBC1 PC=4152 -- 004152: sub.b   (A6)+, D2
D0=0 D1=F D2=F0F D3=FFFF D4=10404F40 D5=8441853F D6=8441853F D7=FFFF A0=3C0002 A1=102500 A2=F6D10 A3=108F9E A4=10F1116 A5=108000 A6=4FBC2 PC=4154 -- 004154: lsl.w   #8, D2
D0=0 D1=F D2=F00 D3=FFFF D4=10404F40 D5=8441853F D6=8441853F D7=FFFF A0=3C0002 A1=102500 A2=F6D10 A3=108F9E A4=10F1116 A5=108000 A6=4FBC2 PC=4156 -- 004156: move.b  ($69,A1), D2
D0=0 D1=F D2=FFF D3=FFFF D4=10404F40 D5=8441853F D6=8441853F D7=FFFF A0=3C0002 A1=102500 A2=F6D10 A3=108F9E A4=10F1116 A5=108000 A6=4FBC2 PC=415A -- 00415A: move.w  D2, (A0)
D0=0 D1=F D2=FFF D3=FFFF D4=10404F40 D5=8441853F D6=8441853F D7=FFFF A0=3C0002 A1=102500 A2=F6D10 A3=108F9E A4=10F1116 A5=108000 A6=4FBC2 PC=415C -- 00415C: dbra    D0, $4150
D0=FFFF D1=F D2=FFF D3=FFFF D4=10404F40 D5=8441853F D6=8441853F D7=FFFF A0=3C0002 A1=102500 A2=F6D10 A3=108F9E A4=10F1116 A5=108000 A6=4FBC2 PC=4160 -- 004160: bra     $4178
D0=FFFF D1=F D2=FFF D3=FFFF D4=10404F40 D5=8441853F D6=8441853F D7=FFFF A0=3C0002 A1=102500 A2=F6D10 A3=108F9E A4=10F1116 A5=108000 A6=4FBC2 PC=4178 -- 004178: move.b  ($2,A2), D0
D0=FFC7 D1=F D2=FFF D3=FFFF D4=10404F40 D5=8441853F D6=8441853F D7=FFFF A0=3C0002 A1=102500 A2=F6D10 A3=108F9E A4=10F1116 A5=108000 A6=4FBC2 PC=417C -- 00417C: tst.b   ($80,A1)
D0=FFC7 D1=F D2=FFF D3=FFFF D4=10404F40 D5=8441853F D6=8441853F D7=FFFF A0=3C0002 A1=102500 A2=F6D10 A3=108F9E A4=10F1116 A5=108000 A6=4FBC2 PC=4180 -- 004180: beq     $4188
D0=FFC7 D1=F D2=FFF D3=FFFF D4=10404F40 D5=8441853F D6=8441853F D7=FFFF A0=3C0002 A1=102500 A2=F6D10 A3=108F9E A4=10F1116 A5=108000 A6=4FBC2 PC=4188 -- 004188: add.b   ($30,A1), D0
D0=FFC7 D1=F D2=FFF D3=FFFF D4=10404F40 D5=8441853F D6=8441853F D7=FFFF A0=3C0002 A1=102500 A2=F6D10 A3=108F9E A4=10F1116 A5=108000 A6=4FBC2 PC=418C -- 00418C: lsl.w   #8, D0
D0=C700 D1=F D2=FFF D3=FFFF D4=10404F40 D5=8441853F D6=8441853F D7=FFFF A0=3C0002 A1=102500 A2=F6D10 A3=108F9E A4=10F1116 A5=108000 A6=4FBC2 PC=418E -- 00418E: tst.b   ($3,A2)
D0=C700 D1=F D2=FFF D3=FFFF D4=10404F40 D5=8441853F D6=8441853F D7=FFFF A0=3C0002 A1=102500 A2=F6D10 A3=108F9E A4=10F1116 A5=108000 A6=4FBC2 PC=4192 -- 004192: beq     $4198
D0=C700 D1=F D2=FFF D3=FFFF D4=10404F40 D5=8441853F D6=8441853F D7=FFFF A0=3C0002 A1=102500 A2=F6D10 A3=108F9E A4=10F1116 A5=108000 A6=4FBC2 PC=4194 -- 004194: move.b  #$10, D0
D0=C710 D1=F D2=FFF D3=FFFF D4=10404F40 D5=8441853F D6=8441853F D7=FFFF A0=3C0002 A1=102500 A2=F6D10 A3=108F9E A4=10F1116 A5=108000 A6=4FBC2 PC=4198 -- 004198: move.w  ($4,A2), D1
D0=C710 D1=DCAC D2=FFF D3=FFFF D4=10404F40 D5=8441853F D6=8441853F D7=FFFF A0=3C0002 A1=102500 A2=F6D10 A3=108F9E A4=10F1116 A5=108000 A6=4FBC2 PC=419C -- 00419C: moveq   #$0, D3
D0=C710 D1=DCAC D2=FFF D3=0 D4=10404F40 D5=8441853F D6=8441853F D7=FFFF A0=3C0002 A1=102500 A2=F6D10 A3=108F9E A4=10F1116 A5=108000 A6=4FBC2 PC=419E -- 00419E: move.b  (A2), D3
D0=C710 D1=DCAC D2=FFF D3=2 D4=10404F40 D5=8441853F D6=8441853F D7=FFFF A0=3C0002 A1=102500 A2=F6D10 A3=108F9E A4=10F1116 A5=108000 A6=4FBC2 PC=41A0 -- 0041A0: subq.b  #1, D3
D0=C710 D1=DCAC D2=FFF D3=1 D4=10404F40 D5=8441853F D6=8441853F D7=FFFF A0=3C0002 A1=102500 A2=F6D10 A3=108F9E A4=10F1116 A5=108000 A6=4FBC2 PC=41A2 -- 0041A2: move.w  ($790,A5), D7
D0=C710 D1=DCAC D2=FFF D3=1 D4=10404F40 D5=8441853F D6=8441853F D7=0 A0=3C0002 A1=102500 A2=F6D10 A3=108F9E A4=10F1116 A5=108000 A6=4FBC2 PC=41A6 -- 0041A6: add.w   D7, D7
D0=C710 D1=DCAC D2=FFF D3=1 D4=10404F40 D5=8441853F D6=8441853F D7=0 A0=3C0002 A1=102500 A2=F6D10 A3=108F9E A4=10F1116 A5=108000 A6=4FBC2 PC=41A8 -- 0041A8: add.w   D7, D7
D0=C710 D1=DCAC D2=FFF D3=1 D4=10404F40 D5=8441853F D6=8441853F D7=0 A0=3C0002 A1=102500 A2=F6D10 A3=108F9E A4=10F1116 A5=108000 A6=4FBC2 PC=41AA -- 0041AA: movea.l ($4,PC,D7.w), A6
D0=C710 D1=DCAC D2=FFF D3=1 D4=10404F40 D5=8441853F D6=8441853F D7=0 A0=3C0002 A1=102500 A2=F6D10 A3=108F9E A4=10F1116 A5=108000 A6=428C PC=41AE -- 0041AE: jmp     (A6)
D0=C710 D1=DCAC D2=FFF D3=1 D4=10404F40 D5=8441853F D6=8441853F D7=0 A0=3C0002 A1=102500 A2=F6D10 A3=108F9E A4=10F1116 A5=108000 A6=428C PC=428C -- 00428C: lea     ($6,A2), A6
D0=C710 D1=DCAC D2=FFF D3=1 D4=10404F40 D5=8441853F D6=8441853F D7=0 A0=3C0002 A1=102500 A2=F6D10 A3=108F9E A4=10F1116 A5=108000 A6=F6D16 PC=4290 -- 004290: move.w  #$1, ($2,A0)
D0=C710 D1=DCAC D2=FFF D3=1 D4=10404F40 D5=8441853F D6=8441853F D7=0 A0=3C0002 A1=102500 A2=F6D10 A3=108F9E A4=10F1116 A5=108000 A6=F6D16 PC=4296 -- 004296: moveq   #$0, D7
D0=C710 D1=DCAC D2=FFF D3=1 D4=10404F40 D5=8441853F D6=8441853F D7=0 A0=3C0002 A1=102500 A2=F6D10 A3=108F9E A4=10F1116 A5=108000 A6=F6D16 PC=4298 -- 004298: move.b  ($1,A2), D7
D0=C710 D1=DCAC D2=FFF D3=1 D4=10404F40 D5=8441853F D6=8441853F D7=2 A0=3C0002 A1=102500 A2=F6D10 A3=108F9E A4=10F1116 A5=108000 A6=F6D16 PC=429C -- 00429C: subq.b  #1, D7
D0=C710 D1=DCAC D2=FFF D3=1 D4=10404F40 D5=8441853F D6=8441853F D7=1 A0=3C0002 A1=102500 A2=F6D10 A3=108F9E A4=10F1116 A5=108000 A6=F6D16 PC=429E -- 00429E: move.w  (A6)+, D2
D0=C710 D1=DCAC D2=C000 D3=1 D4=10404F40 D5=8441853F D6=8441853F D7=1 A0=3C0002 A1=102500 A2=F6D10 A3=108F9E A4=10F1116 A5=108000 A6=F6D18 PC=42A0 -- 0042A0: move.w  D4, (-$2,A0)
D0=C710 D1=DCAC D2=C000 D3=1 D4=10404F40 D5=8441853F D6=8441853F D7=1 A0=3C0002 A1=102500 A2=F6D10 A3=108F9E A4=10F1116 A5=108000 A6=F6D18 PC=42A4 -- 0042A4: add.w   D2, D2
D0=C710 D1=DCAC D2=8000 D3=1 D4=10404F40 D5=8441853F D6=8441853F D7=1 A0=3C0002 A1=102500 A2=F6D10 A3=108F9E A4=10F1116 A5=108000 A6=F6D18 PC=42A6 -- 0042A6: bcc     $42b8
D0=C710 D1=DCAC D2=8000 D3=1 D4=10404F40 D5=8441853F D6=8441853F D7=1 A0=3C0002 A1=102500 A2=F6D10 A3=108F9E A4=10F1116 A5=108000 A6=F6D18 PC=42A8 -- 0042A8: move.w  D1, (A0)
D0=C710 D1=DCAC D2=8000 D3=1 D4=10404F40 D5=8441853F D6=8441853F D7=1 A0=3C0002 A1=102500 A2=F6D10 A3=108F9E A4=10F1116 A5=108000 A6=F6D18 PC=42AA -- 0042AA: nop
D0=C710 D1=DCAC D2=8000 D3=1 D4=10404F40 D5=8441853F D6=8441853F D7=1 A0=3C0002 A1=102500 A2=F6D10 A3=108F9E A4=10F1116 A5=108000 A6=F6D18 PC=42AC -- 0042AC: move.w  D0, (A0)
D0=C710 D1=DCAC D2=8000 D3=1 D4=10404F40 D5=8441853F D6=8441853F D7=1 A0=3C0002 A1=102500 A2=F6D10 A3=108F9E A4=10F1116 A5=108000 A6=F6D18 PC=42AE -- 0042AE: addq.w  #1, D1
D0=C710 D1=DCAD D2=8000 D3=1 D4=10404F40 D5=8441853F D6=8441853F D7=1 A0=3C0002 A1=102500 A2=F6D10 A3=108F9E A4=10F1116 A5=108000 A6=F6D18 PC=42B0 -- 0042B0: bcc     $42c0
D0=C710 D1=DCAD D2=8000 D3=1 D4=10404F40 D5=8441853F D6=8441853F D7=1 A0=3C0002 A1=102500 A2=F6D10 A3=108F9E A4=10F1116 A5=108000 A6=F6D18 PC=42C0 -- 0042C0: dbra    D7, $42a4
D0=C710 D1=DCAD D2=8000 D3=1 D4=10404F40 D5=8441853F D6=8441853F D7=0 A0=3C0002 A1=102500 A2=F6D10 A3=108F9E A4=10F1116 A5=108000 A6=F6D18 PC=42A4 -- 0042A4: add.w   D2, D2
D0=C710 D1=DCAD D2=0 D3=1 D4=10404F40 D5=8441853F D6=8441853F D7=0 A0=3C0002 A1=102500 A2=F6D10 A3=108F9E A4=10F1116 A5=108000 A6=F6D18 PC=42A6 -- 0042A6: bcc     $42b8
D0=C710 D1=DCAD D2=0 D3=1 D4=10404F40 D5=8441853F D6=8441853F D7=0 A0=3C0002 A1=102500 A2=F6D10 A3=108F9E A4=10F1116 A5=108000 A6=F6D18 PC=42A8 -- 0042A8: move.w  D1, (A0)
D0=C710 D1=DCAD D2=0 D3=1 D4=10404F40 D5=8441853F D6=8441853F D7=0 A0=3C0002 A1=102500 A2=F6D10 A3=108F9E A4=10F1116 A5=108000 A6=F6D18 PC=42AA -- 0042AA: nop
D0=C710 D1=DCAD D2=0 D3=1 D4=10404F40 D5=8441853F D6=8441853F D7=0 A0=3C0002 A1=102500 A2=F6D10 A3=108F9E A4=10F1116 A5=108000 A6=F6D18 PC=42AC -- 0042AC: move.w  D0, (A0)
D0=C710 D1=DCAD D2=0 D3=1 D4=10404F40 D5=8441853F D6=8441853F D7=0 A0=3C0002 A1=102500 A2=F6D10 A3=108F9E A4=10F1116 A5=108000 A6=F6D18 PC=42AE -- 0042AE: addq.w  #1, D1
D0=C710 D1=DCAE D2=0 D3=1 D4=10404F40 D5=8441853F D6=8441853F D7=0 A0=3C0002 A1=102500 A2=F6D10 A3=108F9E A4=10F1116 A5=108000 A6=F6D18 PC=42B0 -- 0042B0: bcc     $42c0
D0=C710 D1=DCAE D2=0 D3=1 D4=10404F40 D5=8441853F D6=8441853F D7=0 A0=3C0002 A1=102500 A2=F6D10 A3=108F9E A4=10F1116 A5=108000 A6=F6D18 PC=42C0 -- 0042C0: dbra    D7, $42a4
D0=C710 D1=DCAE D2=0 D3=1 D4=10404F40 D5=8441853F D6=8441853F D7=FFFF A0=3C0002 A1=102500 A2=F6D10 A3=108F9E A4=10F1116 A5=108000 A6=F6D18 PC=42C4 -- 0042C4: bsr     $47c0
D0=C710 D1=DCAE D2=0 D3=1 D4=10404F40 D5=8441853F D6=8441853F D7=FFFF A0=3C0002 A1=102500 A2=F6D10 A3=108F9E A4=10F1116 A5=108000 A6=F6D18 PC=47C0 -- 0047C0: tst.b   ($78f,A5)
D0=C710 D1=DCAE D2=0 D3=1 D4=10404F40 D5=8441853F D6=8441853F D7=FFFF A0=3C0002 A1=102500 A2=F6D10 A3=108F9E A4=10F1116 A5=108000 A6=F6D18 PC=47C4 -- 0047C4: bpl     $47c8
D0=C710 D1=DCAE D2=0 D3=1 D4=10404F40 D5=8441853F D6=8441853F D7=FFFF A0=3C0002 A1=102500 A2=F6D10 A3=108F9E A4=10F1116 A5=108000 A6=F6D18 PC=47C6 -- 0047C6: rts
D0=C710 D1=DCAE D2=0 D3=1 D4=10404F40 D5=8441853F D6=8441853F D7=FFFF A0=3C0002 A1=102500 A2=F6D10 A3=108F9E A4=10F1116 A5=108000 A6=F6D18 PC=42C8 -- 0042C8: addi.w  #$40, D4
D0=C710 D1=DCAE D2=0 D3=1 D4=10404F80 D5=8441853F D6=8441853F D7=FFFF A0=3C0002 A1=102500 A2=F6D10 A3=108F9E A4=10F1116 A5=108000 A6=F6D18 PC=42CC -- 0042CC: dbra    D3, $4296
D0=C710 D1=DCAE D2=0 D3=0 D4=10404F80 D5=8441853F D6=8441853F D7=FFFF A0=3C0002 A1=102500 A2=F6D10 A3=108F9E A4=10F1116 A5=108000 A6=F6D18 PC=4296 -- 004296: moveq   #$0, D7
D0=C710 D1=DCAE D2=0 D3=0 D4=10404F80 D5=8441853F D6=8441853F D7=0 A0=3C0002 A1=102500 A2=F6D10 A3=108F9E A4=10F1116 A5=108000 A6=F6D18 PC=4298 -- 004298: move.b  ($1,A2), D7
D0=C710 D1=DCAE D2=0 D3=0 D4=10404F80 D5=8441853F D6=8441853F D7=2 A0=3C0002 A1=102500 A2=F6D10 A3=108F9E A4=10F1116 A5=108000 A6=F6D18 PC=429C -- 00429C: subq.b  #1, D7
D0=C710 D1=DCAE D2=0 D3=0 D4=10404F80 D5=8441853F D6=8441853F D7=1 A0=3C0002 A1=102500 A2=F6D10 A3=108F9E A4=10F1116 A5=108000 A6=F6D18 PC=429E -- 00429E: move.w  (A6)+, D2
D0=C710 D1=DCAE D2=C000 D3=0 D4=10404F80 D5=8441853F D6=8441853F D7=1 A0=3C0002 A1=102500 A2=F6D10 A3=108F9E A4=10F1116 A5=108000 A6=F6D1A PC=42A0 -- 0042A0: move.w  D4, (-$2,A0)

   (loops for 16 instructions)

D0=C710 D1=DCB0 D2=0 D3=0 D4=10404F80 D5=8441853F D6=8441853F D7=FFFF A0=3C0002 A1=102500 A2=F6D10 A3=108F9E A4=10F1116 A5=108000 A6=F6D1A PC=42C4 -- 0042C4: bsr     $47c0
D0=C710 D1=DCB0 D2=0 D3=0 D4=10404F80 D5=8441853F D6=8441853F D7=FFFF A0=3C0002 A1=102500 A2=F6D10 A3=108F9E A4=10F1116 A5=108000 A6=F6D1A PC=47C0 -- 0047C0: tst.b   ($78f,A5)
D0=C710 D1=DCB0 D2=0 D3=0 D4=10404F80 D5=8441853F D6=8441853F D7=FFFF A0=3C0002 A1=102500 A2=F6D10 A3=108F9E A4=10F1116 A5=108000 A6=F6D1A PC=47C4 -- 0047C4: bpl     $47c8
D0=C710 D1=DCB0 D2=0 D3=0 D4=10404F80 D5=8441853F D6=8441853F D7=FFFF A0=3C0002 A1=102500 A2=F6D10 A3=108F9E A4=10F1116 A5=108000 A6=F6D1A PC=47C6 -- 0047C6: rts
D0=C710 D1=DCB0 D2=0 D3=0 D4=10404F80 D5=8441853F D6=8441853F D7=FFFF A0=3C0002 A1=102500 A2=F6D10 A3=108F9E A4=10F1116 A5=108000 A6=F6D1A PC=42C8 -- 0042C8: addi.w  #$40, D4
D0=C710 D1=DCB0 D2=0 D3=0 D4=10404FC0 D5=8441853F D6=8441853F D7=FFFF A0=3C0002 A1=102500 A2=F6D10 A3=108F9E A4=10F1116 A5=108000 A6=F6D1A PC=42CC -- 0042CC: dbra    D3, $4296
D0=C710 D1=DCB0 D2=0 D3=FFFF D4=10404FC0 D5=8441853F D6=8441853F D7=FFFF A0=3C0002 A1=102500 A2=F6D10 A3=108F9E A4=10F1116 A5=108000 A6=F6D1A PC=42D0 -- 0042D0: rts
D0=C710 D1=DCB0 D2=0 D3=FFFF D4=10404FC0 D5=8441853F D6=8441853F D7=FFFF A0=3C0002 A1=102500 A2=F6D10 A3=108F9E A4=10F1116 A5=108000 A6=F6D1A PC=4016 -- 004016: bra     $401c
D0=C710 D1=DCB0 D2=0 D3=FFFF D4=10404FC0 D5=8441853F D6=8441853F D7=FFFF A0=3C0002 A1=102500 A2=F6D10 A3=108F9E A4=10F1116 A5=108000 A6=F6D1A PC=401C -- 00401C: movea.l (A7)+, A6
D0=C710 D1=DCB0 D2=0 D3=FFFF D4=10404FC0 D5=8441853F D6=8441853F D7=FFFF A0=3C0002 A1=102500 A2=F6D10 A3=108F9E A4=10F1116 A5=108000 A6=108E3C PC=401E -- 00401E: btst    #$5, ($4,A4)
D0=C710 D1=DCB0 D2=0 D3=FFFF D4=10404FC0 D5=8441853F D6=8441853F D7=FFFF A0=3C0002 A1=102500 A2=F6D10 A3=108F9E A4=10F1116 A5=108000 A6=108E3C PC=4024 -- 004024: beq     $4056
D0=C710 D1=DCB0 D2=0 D3=FFFF D4=10404FC0 D5=8441853F D6=8441853F D7=FFFF A0=3C0002 A1=102500 A2=F6D10 A3=108F9E A4=10F1116 A5=108000 A6=108E3C PC=4056 -- 004056: tst.b   ($7c,A1)
D0=C710 D1=DCB0 D2=0 D3=FFFF D4=10404FC0 D5=8441853F D6=8441853F D7=FFFF A0=3C0002 A1=102500 A2=F6D10 A3=108F9E A4=10F1116 A5=108000 A6=108E3C PC=405A -- 00405A: bpl     $4064
D0=C710 D1=DCB0 D2=0 D3=FFFF D4=10404FC0 D5=8441853F D6=8441853F D7=FFFF A0=3C0002 A1=102500 A2=F6D10 A3=108F9E A4=10F1116 A5=108000 A6=108E3C PC=4064 -- 004064: movea.l (A7)+, A0
D0=C710 D1=DCB0 D2=0 D3=FFFF D4=10404FC0 D5=8441853F D6=8441853F D7=FFFF A0=10892E A1=102500 A2=F6D10 A3=108F9E A4=10F1116 A5=108000 A6=108E3C PC=4066 -- 004066: subq.w  #1, ($e3a,A5)
D0=C710 D1=DCB0 D2=0 D3=FFFF D4=10404FC0 D5=8441853F D6=8441853F D7=FFFF A0=10892E A1=102500 A2=F6D10 A3=108F9E A4=10F1116 A5=108000 A6=108E3C PC=406A -- 00406A: bne     $3f32
D0=C710 D1=DCB0 D2=0 D3=FFFF D4=10404FC0 D5=8441853F D6=8441853F D7=FFFF A0=10892E A1=102500 A2=F6D10 A3=108F9E A4=10F1116 A5=108000 A6=108E3C PC=3F32 -- 003F32: move.w  (A0)+, D0
D0=8100 D1=DCB0 D2=0 D3=FFFF D4=10404FC0 D5=8441853F D6=8441853F D7=FFFF A0=108930 A1=102500 A2=F6D10 A3=108F9E A4=10F1116 A5=108000 A6=108E3C PC=3F34 -- 003F34: beq     $3f32
D0=8100 D1=DCB0 D2=0 D3=FFFF D4=10404FC0 D5=8441853F D6=8441853F D7=FFFF A0=108930 A1=102500 A2=F6D10 A3=108F9E A4=10F1116 A5=108000 A6=108E3C PC=3F36 -- 003F36: clr.w   (-$2,A0)
D0=8100 D1=DCB0 D2=0 D3=FFFF D4=10404FC0 D5=8441853F D6=8441853F D7=FFFF A0=108930 A1=102500 A2=F6D10 A3=108F9E A4=10F1116 A5=108000 A6=108E3C PC=3F3A -- 003F3A: move.l  A5, D1
D0=8100 D1=108000 D2=0 D3=FFFF D4=10404FC0 D5=8441853F D6=8441853F D7=FFFF A0=108930 A1=102500 A2=F6D10 A3=108F9E A4=10F1116 A5=108000 A6=108E3C PC=3F3C -- 003F3C: move.w  D0, D1
D0=8100 D1=108100 D2=0 D3=FFFF D4=10404FC0 D5=8441853F D6=8441853F D7=FFFF A0=108930 A1=102500 A2=F6D10 A3=108F9E A4=10F1116 A5=108000 A6=108E3C PC=3F3E -- 003F3E: movea.l D1, A1
D0=8100 D1=108100 D2=0 D3=FFFF D4=10404FC0 D5=8441853F D6=8441853F D7=FFFF A0=108930 A1=108100 A2=F6D10 A3=108F9E A4=10F1116 A5=108000 A6=108E3C PC=3F40 -- 003F40: movea.l ($28,A1), A2
D0=8100 D1=108100 D2=0 D3=FFFF D4=10404FC0 D5=8441853F D6=8441853F D7=FFFF A0=108930 A1=108100 A2=F6DA2 A3=108F9E A4=10F1116 A5=108000 A6=108E3C PC=3F44 -- 003F44: lea     $7bf48.l, A4
D0=8100 D1=108100 D2=0 D3=FFFF D4=10404FC0 D5=8441853F D6=8441853F D7=FFFF A0=108930 A1=108100 A2=F6DA2 A3=108F9E A4=7BF48 A5=108000 A6=108E3C PC=3F4A -- 003F4A: move.w  ($70,A1), D0
D0=1B D1=108100 D2=0 D3=FFFF D4=10404FC0 D5=8441853F D6=8441853F D7=FFFF A0=108930 A1=108100 A2=F6DA2 A3=108F9E A4=7BF48 A5=108000 A6=108E3C PC=3F4E -- 003F4E: add.w   D0, D0
D0=36 D1=108100 D2=0 D3=FFFF D4=10404FC0 D5=8441853F D6=8441853F D7=FFFF A0=108930 A1=108100 A2=F6DA2 A3=108F9E A4=7BF48 A5=108000 A6=108E3C PC=3F50 -- 003F50: add.w   D0, D0
D0=6C D1=108100 D2=0 D3=FFFF D4=10404FC0 D5=8441853F D6=8441853F D7=FFFF A0=108930 A1=108100 A2=F6DA2 A3=108F9E A4=7BF48 A5=108000 A6=108E3C PC=3F52 -- 003F52: movea.l (A4,D0.w), A4
D0=6C D1=108100 D2=0 D3=FFFF D4=10404FC0 D5=8441853F D6=8441853F D7=FFFF A0=108930 A1=108100 A2=F6DA2 A3=108F9E A4=7F5E0 A5=108000 A6=108E3C PC=3F56 -- 003F56: move.w  ($72,A1), D0
D0=43 D1=108100 D2=0 D3=FFFF D4=10404FC0 D5=8441853F D6=8441853F D7=FFFF A0=108930 A1=108100 A2=F6DA2 A3=108F9E A4=7F5E0 A5=108000 A6=108E3C PC=3F5A -- 003F5A: add.w   D0, D0
D0=86 D1=108100 D2=0 D3=FFFF D4=10404FC0 D5=8441853F D6=8441853F D7=FFFF A0=108930 A1=108100 A2=F6DA2 A3=108F9E A4=7F5E0 A5=108000 A6=108E3C PC=3F5C -- 003F5C: move.w  (A4,D0.w), ($46de,A5)
D0=86 D1=108100 D2=0 D3=FFFF D4=10404FC0 D5=8441853F D6=8441853F D7=FFFF A0=108930 A1=108100 A2=F6DA2 A3=108F9E A4=7F5E0 A5=108000 A6=108E3C PC=3F62 -- 003F62: lea     $80000.l, A4
D0=86 D1=108100 D2=0 D3=FFFF D4=10404FC0 D5=8441853F D6=8441853F D7=FFFF A0=108930 A1=108100 A2=F6DA2 A3=108F9E A4=80000 A5=108000 A6=108E3C PC=3F68 -- 003F68: move.w  ($70,A1), D0
D0=1B D1=108100 D2=0 D3=FFFF D4=10404FC0 D5=8441853F D6=8441853F D7=FFFF A0=108930 A1=108100 A2=F6DA2 A3=108F9E A4=80000 A5=108000 A6=108E3C PC=3F6C -- 003F6C: add.w   D0, D0
D0=36 D1=108100 D2=0 D3=FFFF D4=10404FC0 D5=8441853F D6=8441853F D7=FFFF A0=108930 A1=108100 A2=F6DA2 A3=108F9E A4=80000 A5=108000 A6=108E3C PC=3F6E -- 003F6E: add.w   D0, D0
D0=6C D1=108100 D2=0 D3=FFFF D4=10404FC0 D5=8441853F D6=8441853F D7=FFFF A0=108930 A1=108100 A2=F6DA2 A3=108F9E A4=80000 A5=108000 A6=108E3C PC=3F70 -- 003F70: movea.l (A4,D0.w), A4
D0=6C D1=108100 D2=0 D3=FFFF D4=10404FC0 D5=8441853F D6=8441853F D7=FFFF A0=108930 A1=108100 A2=F6DA2 A3=108F9E A4=86E00 A5=108000 A6=108E3C PC=3F74 -- 003F74: move.w  ($46de,A5), D0
D0=4343 D1=108100 D2=0 D3=FFFF D4=10404FC0 D5=8441853F D6=8441853F D7=FFFF A0=108930 A1=108100 A2=F6DA2 A3=108F9E A4=86E00 A5=108000 A6=108E3C PC=3F78 -- 003F78: tst.b   ($46e2,A5)
D0=4343 D1=108100 D2=0 D3=FFFF D4=10404FC0 D5=8441853F D6=8441853F D7=FFFF A0=108930 A1=108100 A2=F6DA2 A3=108F9E A4=86E00 A5=108000 A6=108E3C PC=3F7C -- 003F7C: beq     $3f82
D0=4343 D1=108100 D2=0 D3=FFFF D4=10404FC0 D5=8441853F D6=8441853F D7=FFFF A0=108930 A1=108100 A2=F6DA2 A3=108F9E A4=86E00 A5=108000 A6=108E3C PC=3F82 -- 003F82: andi.w  #$ff, D0
D0=43 D1=108100 D2=0 D3=FFFF D4=10404FC0 D5=8441853F D6=8441853F D7=FFFF A0=108930 A1=108100 A2=F6DA2 A3=108F9E A4=86E00 A5=108000 A6=108E3C PC=3F86 -- 003F86: add.w   D0, D0
D0=86 D1=108100 D2=0 D3=FFFF D4=10404FC0 D5=8441853F D6=8441853F D7=FFFF A0=108930 A1=108100 A2=F6DA2 A3=108F9E A4=86E00 A5=108000 A6=108E3C PC=3F88 -- 003F88: add.w   D0, D0
D0=10C D1=108100 D2=0 D3=FFFF D4=10404FC0 D5=8441853F D6=8441853F D7=FFFF A0=108930 A1=108100 A2=F6DA2 A3=108F9E A4=86E00 A5=108000 A6=108E3C PC=3F8A -- 003F8A: movea.l (A4,D0.w), A4
D0=10C D1=108100 D2=0 D3=FFFF D4=10404FC0 D5=8441853F D6=8441853F D7=FFFF A0=108930 A1=108100 A2=F6DA2 A3=108F9E A4=F3194 A5=108000 A6=108E3C PC=3F8E -- 003F8E: move.w  ($74,A1), D0
D0=0 D1=108100 D2=0 D3=FFFF D4=10404FC0 D5=8441853F D6=8441853F D7=FFFF A0=108930 A1=108100 A2=F6DA2 A3=108F9E A4=F3194 A5=108000 A6=108E3C PC=3F92 -- 003F92: adda.w  D0, A4
D0=0 D1=108100 D2=0 D3=FFFF D4=10404FC0 D5=8441853F D6=8441853F D7=FFFF A0=108930 A1=108100 A2=F6DA2 A3=108F9E A4=F3194 A5=108000 A6=108E3C PC=3F94 -- 003F94: move.l  (A4), D0
D0=30F12C0 D1=108100 D2=0 D3=FFFF D4=10404FC0 D5=8441853F D6=8441853F D7=FFFF A0=108930 A1=108100 A2=F6DA2 A3=108F9E A4=F3194 A5=108000 A6=108E3C PC=3F96 -- 003F96: movea.l D0, A4
D0=30F12C0 D1=108100 D2=0 D3=FFFF D4=10404FC0 D5=8441853F D6=8441853F D7=FFFF A0=108930 A1=108100 A2=F6DA2 A3=108F9E A4=30F12C0 A5=108000 A6=108E3C PC=3F98 -- 003F98: move.l  A0, -(A7)
D0=30F12C0 D1=108100 D2=0 D3=FFFF D4=10404FC0 D5=8441853F D6=8441853F D7=FFFF A0=108930 A1=108100 A2=F6DA2 A3=108F9E A4=30F12C0 A5=108000 A6=108E3C PC=3F9A -- 003F9A: lea     $3c0002.l, A0
D0=30F12C0 D1=108100 D2=0 D3=FFFF D4=10404FC0 D5=8441853F D6=8441853F D7=FFFF A0=3C0002 A1=108100 A2=F6DA2 A3=108F9E A4=30F12C0 A5=108000 A6=108E3C PC=3FA0 -- 003FA0: tst.b   ($7c,A1)
D0=30F12C0 D1=108100 D2=0 D3=FFFF D4=10404FC0 D5=8441853F D6=8441853F D7=FFFF A0=3C0002 A1=108100 A2=F6DA2 A3=108F9E A4=30F12C0 A5=108000 A6=108E3C PC=3FA4 -- 003FA4: bpl     $3fc0
D0=30F12C0 D1=108100 D2=0 D3=FFFF D4=10404FC0 D5=8441853F D6=8441853F D7=FFFF A0=3C0002 A1=108100 A2=F6DA2 A3=108F9E A4=30F12C0 A5=108000 A6=108E3C PC=3FC0 -- 003FC0: moveq   #$0, D0
D0=0 D1=108100 D2=0 D3=FFFF D4=10404FC0 D5=8441853F D6=8441853F D7=FFFF A0=3C0002 A1=108100 A2=F6DA2 A3=108F9E A4=30F12C0 A5=108000 A6=108E3C PC=3FC2 -- 003FC2: move.b  (A2), D0
D0=3 D1=108100 D2=0 D3=FFFF D4=10404FC0 D5=8441853F D6=8441853F D7=FFFF A0=3C0002 A1=108100 A2=F6DA2 A3=108F9E A4=30F12C0 A5=108000 A6=108E3C PC=3FC4 -- 003FC4: sub.w   D0, ($794,A5)
D0=3 D1=108100 D2=0 D3=FFFF D4=10404FC0 D5=8441853F D6=8441853F D7=FFFF A0=3C0002 A1=108100 A2=F6DA2 A3=108F9E A4=30F12C0 A5=108000 A6=108E3C PC=3FC8 -- 003FC8: bcc     $3fd2
D0=3 D1=108100 D2=0 D3=FFFF D4=10404FC0 D5=8441853F D6=8441853F D7=FFFF A0=3C0002 A1=108100 A2=F6DA2 A3=108F9E A4=30F12C0 A5=108000 A6=108E3C PC=3FD2 -- 003FD2: move.l  A6, -(A7)
D0=3 D1=108100 D2=0 D3=FFFF D4=10404FC0 D5=8441853F D6=8441853F D7=FFFF A0=3C0002 A1=108100 A2=F6DA2 A3=108F9E A4=30F12C0 A5=108000 A6=108E3C PC=3FD4 -- 003FD4: btst    #$6, ($7c,A1)
D0=3 D1=108100 D2=0 D3=FFFF D4=10404FC0 D5=8441853F D6=8441853F D7=FFFF A0=3C0002 A1=108100 A2=F6DA2 A3=108F9E A4=30F12C0 A5=108000 A6=108E3C PC=3FDA -- 003FDA: bne     $400c
D0=3 D1=108100 D2=0 D3=FFFF D4=10404FC0 D5=8441853F D6=8441853F D7=FFFF A0=3C0002 A1=108100 A2=F6DA2 A3=108F9E A4=30F12C0 A5=108000 A6=108E3C PC=3FDE -- 003FDE: moveq   #$0, D1
D0=3 D1=0 D2=0 D3=FFFF D4=10404FC0 D5=8441853F D6=8441853F D7=FFFF A0=3C0002 A1=108100 A2=F6DA2 A3=108F9E A4=30F12C0 A5=108000 A6=108E3C PC=3FE0 -- 003FE0: move.b  ($82,A1), D1
D0=3 D1=0 D2=0 D3=FFFF D4=10404FC0 D5=8441853F D6=8441853F D7=FFFF A0=3C0002 A1=108100 A2=F6DA2 A3=108F9E A4=30F12C0 A5=108000 A6=108E3C PC=3FE4 -- 003FE4: add.w   D1, D1
D0=3 D1=0 D2=0 D3=FFFF D4=10404FC0 D5=8441853F D6=8441853F D7=FFFF A0=3C0002 A1=108100 A2=F6DA2 A3=108F9E A4=30F12C0 A5=108000 A6=108E3C PC=3FE6 -- 003FE6: add.w   D1, D1
D0=3 D1=0 D2=0 D3=FFFF D4=10404FC0 D5=8441853F D6=8441853F D7=FFFF A0=3C0002 A1=108100 A2=F6DA2 A3=108F9E A4=30F12C0 A5=108000 A6=108E3C PC=3FE8 -- 003FE8: move.w  ($18,A1), D0
D0=30 D1=0 D2=0 D3=FFFF D4=10404FC0 D5=8441853F D6=8441853F D7=FFFF A0=3C0002 A1=108100 A2=F6DA2 A3=108F9E A4=30F12C0 A5=108000 A6=108E3C PC=3FEC -- 003FEC: lea     ($104c,A5), A6
D0=30 D1=0 D2=0 D3=FFFF D4=10404FC0 D5=8441853F D6=8441853F D7=FFFF A0=3C0002 A1=108100 A2=F6DA2 A3=108F9E A4=30F12C0 A5=108000 A6=10904C PC=3FF0 -- 003FF0: sub.w   (A6,D1.w), D0
D0=30 D1=0 D2=0 D3=FFFF D4=10404FC0 D5=8441853F D6=8441853F D7=FFFF A0=3C0002 A1=108100 A2=F6DA2 A3=108F9E A4=30F12C0 A5=108000 A6=10904C PC=3FF4 -- 003FF4: move.w  D0, ($24,A1)
D0=30 D1=0 D2=0 D3=FFFF D4=10404FC0 D5=8441853F D6=8441853F D7=FFFF A0=3C0002 A1=108100 A2=F6DA2 A3=108F9E A4=30F12C0 A5=108000 A6=10904C PC=3FF8 -- 003FF8: move.w  ($1c,A1), D0
D0=CB D1=0 D2=0 D3=FFFF D4=10404FC0 D5=8441853F D6=8441853F D7=FFFF A0=3C0002 A1=108100 A2=F6DA2 A3=108F9E A4=30F12C0 A5=108000 A6=10904C PC=3FFC -- 003FFC: sub.w   ($20,A1), D0
D0=CB D1=0 D2=0 D3=FFFF D4=10404FC0 D5=8441853F D6=8441853F D7=FFFF A0=3C0002 A1=108100 A2=F6DA2 A3=108F9E A4=30F12C0 A5=108000 A6=10904C PC=4000 -- 004000: lea     ($1058,A5), A6
D0=CB D1=0 D2=0 D3=FFFF D4=10404FC0 D5=8441853F D6=8441853F D7=FFFF A0=3C0002 A1=108100 A2=F6DA2 A3=108F9E A4=30F12C0 A5=108000 A6=109058 PC=4004 -- 004004: sub.w   (A6,D1.w), D0
D0=CB D1=0 D2=0 D3=FFFF D4=10404FC0 D5=8441853F D6=8441853F D7=FFFF A0=3C0002 A1=108100 A2=F6DA2 A3=108F9E A4=30F12C0 A5=108000 A6=109058 PC=4008 -- 004008: move.w  D0, ($26,A1)
D0=CB D1=0 D2=0 D3=FFFF D4=10404FC0 D5=8441853F D6=8441853F D7=FFFF A0=3C0002 A1=108100 A2=F6DA2 A3=108F9E A4=30F12C0 A5=108000 A6=109058 PC=400C -- 00400C: tst.b   ($3a66,A5)
D0=CB D1=0 D2=0 D3=FFFF D4=10404FC0 D5=8441853F D6=8441853F D7=FFFF A0=3C0002 A1=108100 A2=F6DA2 A3=108F9E A4=30F12C0 A5=108000 A6=109058 PC=4010 -- 004010: bmi     $4018
D0=CB D1=0 D2=0 D3=FFFF D4=10404FC0 D5=8441853F D6=8441853F D7=FFFF A0=3C0002 A1=108100 A2=F6DA2 A3=108F9E A4=30F12C0 A5=108000 A6=109058 PC=4012 -- 004012: bsr     $4088
D0=CB D1=0 D2=0 D3=FFFF D4=10404FC0 D5=8441853F D6=8441853F D7=FFFF A0=3C0002 A1=108100 A2=F6DA2 A3=108F9E A4=30F12C0 A5=108000 A6=109058 PC=4088 -- 004088: move.w  (A4), D0
D0=FFE8 D1=0 D2=0 D3=FFFF D4=10404FC0 D5=8441853F D6=8441853F D7=FFFF A0=3C0002 A1=108100 A2=F6DA2 A3=108F9E A4=30F12C0 A5=108000 A6=109058 PC=408A -- 00408A: move.b  ($31,A1), D1
D0=FFE8 D1=0 D2=0 D3=FFFF D4=10404FC0 D5=8441853F D6=8441853F D7=FFFF A0=3C0002 A1=108100 A2=F6DA2 A3=108F9E A4=30F12C0 A5=108000 A6=109058 PC=408E -- 00408E: move.b  ($4,A4), D2
D0=FFE8 D1=0 D2=0 D3=FFFF D4=10404FC0 D5=8441853F D6=8441853F D7=FFFF A0=3C0002 A1=108100 A2=F6DA2 A3=108F9E A4=30F12C0 A5=108000 A6=109058 PC=4092 -- 004092: rol.b   #2, D2
D0=FFE8 D1=0 D2=0 D3=FFFF D4=10404FC0 D5=8441853F D6=8441853F D7=FFFF A0=3C0002 A1=108100 A2=F6DA2 A3=108F9E A4=30F12C0 A5=108000 A6=109058 PC=4094 -- 004094: eor.w   D2, D1
D0=FFE8 D1=0 D2=0 D3=FFFF D4=10404FC0 D5=8441853F D6=8441853F D7=FFFF A0=3C0002 A1=108100 A2=F6DA2 A3=108F9E A4=30F12C0 A5=108000 A6=109058 PC=4096 -- 004096: andi.w  #$3, D1
D0=FFE8 D1=0 D2=0 D3=FFFF D4=10404FC0 D5=8441853F D6=8441853F D7=FFFF A0=3C0002 A1=108100 A2=F6DA2 A3=108F9E A4=30F12C0 A5=108000 A6=109058 PC=409A -- 00409A: move.w  D1, ($790,A5)
D0=FFE8 D1=0 D2=0 D3=FFFF D4=10404FC0 D5=8441853F D6=8441853F D7=FFFF A0=3C0002 A1=108100 A2=F6DA2 A3=108F9E A4=30F12C0 A5=108000 A6=109058 PC=409E -- 00409E: andi.w  #$1, D1
D0=FFE8 D1=0 D2=0 D3=FFFF D4=10404FC0 D5=8441853F D6=8441853F D7=FFFF A0=3C0002 A1=108100 A2=F6DA2 A3=108F9E A4=30F12C0 A5=108000 A6=109058 PC=40A2 -- 0040A2: beq     $40ae
D0=FFE8 D1=0 D2=0 D3=FFFF D4=10404FC0 D5=8441853F D6=8441853F D7=FFFF A0=3C0002 A1=108100 A2=F6DA2 A3=108F9E A4=30F12C0 A5=108000 A6=109058 PC=40AE -- 0040AE: moveq   #$0, D1
D0=FFE8 D1=0 D2=0 D3=FFFF D4=10404FC0 D5=8441853F D6=8441853F D7=FFFF A0=3C0002 A1=108100 A2=F6DA2 A3=108F9E A4=30F12C0 A5=108000 A6=109058 PC=40B0 -- 0040B0: move.b  ($68,A1), D1
D0=FFE8 D1=FF D2=0 D3=FFFF D4=10404FC0 D5=8441853F D6=8441853F D7=FFFF A0=3C0002 A1=108100 A2=F6DA2 A3=108F9E A4=30F12C0 A5=108000 A6=109058 PC=40B4 -- 0040B4: addq.w  #1, D1
D0=FFE8 D1=100 D2=0 D3=FFFF D4=10404FC0 D5=8441853F D6=8441853F D7=FFFF A0=3C0002 A1=108100 A2=F6DA2 A3=108F9E A4=30F12C0 A5=108000 A6=109058 PC=40B6 -- 0040B6: muls.w  D1, D0
D0=FFFFE800 D1=100 D2=0 D3=FFFF D4=10404FC0 D5=8441853F D6=8441853F D7=FFFF A0=3C0002 A1=108100 A2=F6DA2 A3=108F9E A4=30F12C0 A5=108000 A6=109058 PC=40B8 -- 0040B8: lsr.l   #8, D0
D0=FFFFE8 D1=100 D2=0 D3=FFFF D4=10404FC0 D5=8441853F D6=8441853F D7=FFFF A0=3C0002 A1=108100 A2=F6DA2 A3=108F9E A4=30F12C0 A5=108000 A6=109058 PC=40BA -- 0040BA: add.w   ($24,A1), D0
D0=FF0018 D1=100 D2=0 D3=FFFF D4=10404FC0 D5=8441853F D6=8441853F D7=FFFF A0=3C0002 A1=108100 A2=F6DA2 A3=108F9E A4=30F12C0 A5=108000 A6=109058 PC=40BE -- 0040BE: lsl.w   #7, D0
D0=FF0C00 D1=100 D2=0 D3=FFFF D4=10404FC0 D5=8441853F D6=8441853F D7=FFFF A0=3C0002 A1=108100 A2=F6DA2 A3=108F9E A4=30F12C0 A5=108000 A6=109058 PC=40C0 -- 0040C0: move.w  D6, (-$2,A0)
D0=FF0C00 D1=100 D2=0 D3=FFFF D4=10404FC0 D5=8441853F D6=8441853F D7=FFFF A0=3C0002 A1=108100 A2=F6DA2 A3=108F9E A4=30F12C0 A5=108000 A6=109058 PC=40C4 -- 0040C4: move.w  D0, (A0)
D0=FF0C00 D1=100 D2=0 D3=FFFF D4=10404FC0 D5=8441853F D6=8441853F D7=FFFF A0=3C0002 A1=108100 A2=F6DA2 A3=108F9E A4=30F12C0 A5=108000 A6=109058 PC=40C6 -- 0040C6: moveq   #$0, D0
D0=0 D1=100 D2=0 D3=FFFF D4=10404FC0 D5=8441853F D6=8441853F D7=FFFF A0=3C0002 A1=108100 A2=F6DA2 A3=108F9E A4=30F12C0 A5=108000 A6=109058 PC=40C8 -- 0040C8: move.b  (A2), D0
D0=3 D1=100 D2=0 D3=FFFF D4=10404FC0 D5=8441853F D6=8441853F D7=FFFF A0=3C0002 A1=108100 A2=F6DA2 A3=108F9E A4=30F12C0 A5=108000 A6=109058 PC=40CA -- 0040CA: add.w   D0, D6
D0=3 D1=100 D2=0 D3=FFFF D4=10404FC0 D5=84418542 D6=84418542 D7=FFFF A0=3C0002 A1=108100 A2=F6DA2 A3=108F9E A4=30F12C0 A5=108000 A6=109058 PC=40CC -- 0040CC: move.w  ($2,A4), D0
D0=FFEA D1=100 D2=0 D3=FFFF D4=10404FC0 D5=84418542 D6=84418542 D7=FFFF A0=3C0002 A1=108100 A2=F6DA2 A3=108F9E A4=30F12C0 A5=108000 A6=109058 PC=40D0 -- 0040D0: btst    #$1, ($791,A5)
D0=FFEA D1=100 D2=0 D3=FFFF D4=10404FC0 D5=84418542 D6=84418542 D7=FFFF A0=3C0002 A1=108100 A2=F6DA2 A3=108F9E A4=30F12C0 A5=108000 A6=109058 PC=40D6 -- 0040D6: beq     $40e4
D0=FFEA D1=100 D2=0 D3=FFFF D4=10404FC0 D5=84418542 D6=84418542 D7=FFFF A0=3C0002 A1=108100 A2=F6DA2 A3=108F9E A4=30F12C0 A5=108000 A6=109058 PC=40E4 -- 0040E4: moveq   #$0, D1
D0=FFEA D1=0 D2=0 D3=FFFF D4=10404FC0 D5=84418542 D6=84418542 D7=FFFF A0=3C0002 A1=108100 A2=F6DA2 A3=108F9E A4=30F12C0 A5=108000 A6=109058 PC=40E6 -- 0040E6: move.b  ($69,A1), D1
D0=FFEA D1=FF D2=0 D3=FFFF D4=10404FC0 D5=84418542 D6=84418542 D7=FFFF A0=3C0002 A1=108100 A2=F6DA2 A3=108F9E A4=30F12C0 A5=108000 A6=109058 PC=40EA -- 0040EA: addq.w  #1, D1
D0=FFEA D1=100 D2=0 D3=FFFF D4=10404FC0 D5=84418542 D6=84418542 D7=FFFF A0=3C0002 A1=108100 A2=F6DA2 A3=108F9E A4=30F12C0 A5=108000 A6=109058 PC=40EC -- 0040EC: muls.w  D1, D0
D0=FFFFEA00 D1=100 D2=0 D3=FFFF D4=10404FC0 D5=84418542 D6=84418542 D7=FFFF A0=3C0002 A1=108100 A2=F6DA2 A3=108F9E A4=30F12C0 A5=108000 A6=109058 PC=40EE -- 0040EE: lsr.l   #8, D0
D0=FFFFEA D1=100 D2=0 D3=FFFF D4=10404FC0 D5=84418542 D6=84418542 D7=FFFF A0=3C0002 A1=108100 A2=F6DA2 A3=108F9E A4=30F12C0 A5=108000 A6=109058 PC=40F0 -- 0040F0: add.w   ($26,A1), D0
D0=FF00B5 D1=100 D2=0 D3=FFFF D4=10404FC0 D5=84418542 D6=84418542 D7=FFFF A0=3C0002 A1=108100 A2=F6DA2 A3=108F9E A4=30F12C0 A5=108000 A6=109058 PC=40F4 -- 0040F4: neg.w   D0
D0=FFFF4B D1=100 D2=0 D3=FFFF D4=10404FC0 D5=84418542 D6=84418542 D7=FFFF A0=3C0002 A1=108100 A2=F6DA2 A3=108F9E A4=30F12C0 A5=108000 A6=109058 PC=40F6 -- 0040F6: addi.w  #$1ff, D0
D0=FF014A D1=100 D2=0 D3=FFFF D4=10404FC0 D5=84418542 D6=84418542 D7=FFFF A0=3C0002 A1=108100 A2=F6DA2 A3=108F9E A4=30F12C0 A5=108000 A6=109058 PC=40FA -- 0040FA: lsl.w   #7, D0
D0=FFA500 D1=100 D2=0 D3=FFFF D4=10404FC0 D5=84418542 D6=84418542 D7=FFFF A0=3C0002 A1=108100 A2=F6DA2 A3=108F9E A4=30F12C0 A5=108000 A6=109058 PC=40FC -- 0040FC: bsr     $4772
D0=FFA500 D1=100 D2=0 D3=FFFF D4=10404FC0 D5=84418542 D6=84418542 D7=FFFF A0=3C0002 A1=108100 A2=F6DA2 A3=108F9E A4=30F12C0 A5=108000 A6=109058 PC=4772 -- 004772: move.w  D0, -(A7)
D0=FFA500 D1=100 D2=0 D3=FFFF D4=10404FC0 D5=84418542 D6=84418542 D7=FFFF A0=3C0002 A1=108100 A2=F6DA2 A3=108F9E A4=30F12C0 A5=108000 A6=109058 PC=4774 -- 004774: moveq   #-$1, D0
D0=FFFFFFFF D1=100 D2=0 D3=FFFF D4=10404FC0 D5=84418542 D6=84418542 D7=FFFF A0=3C0002 A1=108100 A2=F6DA2 A3=108F9E A4=30F12C0 A5=108000 A6=109058 PC=4776 -- 004776: moveq   #$0, D1
D0=FFFFFFFF D1=0 D2=0 D3=FFFF D4=10404FC0 D5=84418542 D6=84418542 D7=FFFF A0=3C0002 A1=108100 A2=F6DA2 A3=108F9E A4=30F12C0 A5=108000 A6=109058 PC=4778 -- 004778: move.b  ($1,A2), D1
D0=FFFFFFFF D1=3 D2=0 D3=FFFF D4=10404FC0 D5=84418542 D6=84418542 D7=FFFF A0=3C0002 A1=108100 A2=F6DA2 A3=108F9E A4=30F12C0 A5=108000 A6=109058 PC=477C -- 00477C: cmpi.b  #-$1, ($69,A1)
D0=FFFFFFFF D1=3 D2=0 D3=FFFF D4=10404FC0 D5=84418542 D6=84418542 D7=FFFF A0=3C0002 A1=108100 A2=F6DA2 A3=108F9E A4=30F12C0 A5=108000 A6=109058 PC=4782 -- 004782: beq     $47b4
D0=FFFFFFFF D1=3 D2=0 D3=FFFF D4=10404FC0 D5=84418542 D6=84418542 D7=FFFF A0=3C0002 A1=108100 A2=F6DA2 A3=108F9E A4=30F12C0 A5=108000 A6=109058 PC=47B4 -- 0047B4: move.b  D0, ($78f,A5)
D0=FFFFFFFF D1=3 D2=0 D3=FFFF D4=10404FC0 D5=84418542 D6=84418542 D7=FFFF A0=3C0002 A1=108100 A2=F6DA2 A3=108F9E A4=30F12C0 A5=108000 A6=109058 PC=47B8 -- 0047B8: move.b  D1, ($78e,A5)
D0=FFFFFFFF D1=3 D2=0 D3=FFFF D4=10404FC0 D5=84418542 D6=84418542 D7=FFFF A0=3C0002 A1=108100 A2=F6DA2 A3=108F9E A4=30F12C0 A5=108000 A6=109058 PC=47BC -- 0047BC: move.w  (A7)+, D0
D0=FFFFA500 D1=3 D2=0 D3=FFFF D4=10404FC0 D5=84418542 D6=84418542 D7=FFFF A0=3C0002 A1=108100 A2=F6DA2 A3=108F9E A4=30F12C0 A5=108000 A6=109058 PC=47BE -- 0047BE: rts
D0=FFFFA500 D1=3 D2=0 D3=FFFF D4=10404FC0 D5=84418542 D6=84418542 D7=FFFF A0=3C0002 A1=108100 A2=F6DA2 A3=108F9E A4=30F12C0 A5=108000 A6=109058 PC=4100 -- 004100: add.b   ($78e,A5), D0
D0=FFFFA503 D1=3 D2=0 D3=FFFF D4=10404FC0 D5=84418542 D6=84418542 D7=FFFF A0=3C0002 A1=108100 A2=F6DA2 A3=108F9E A4=30F12C0 A5=108000 A6=109058 PC=4104 -- 004104: move.w  D0, (A3)+
D0=FFFFA503 D1=3 D2=0 D3=FFFF D4=10404FC0 D5=84418542 D6=84418542 D7=FFFF A0=3C0002 A1=108100 A2=F6DA2 A3=108FA0 A4=30F12C0 A5=108000 A6=109058 PC=4106 -- 004106: moveq   #$0, D0
D0=0 D1=3 D2=0 D3=FFFF D4=10404FC0 D5=84418542 D6=84418542 D7=FFFF A0=3C0002 A1=108100 A2=F6DA2 A3=108FA0 A4=30F12C0 A5=108000 A6=109058 PC=4108 -- 004108: move.b  (A2), D0
D0=3 D1=3 D2=0 D3=FFFF D4=10404FC0 D5=84418542 D6=84418542 D7=FFFF A0=3C0002 A1=108100 A2=F6DA2 A3=108FA0 A4=30F12C0 A5=108000 A6=109058 PC=410A -- 00410A: subq.b  #2, D0
D0=1 D1=3 D2=0 D3=FFFF D4=10404FC0 D5=84418542 D6=84418542 D7=FFFF A0=3C0002 A1=108100 A2=F6DA2 A3=108FA0 A4=30F12C0 A5=108000 A6=109058 PC=410C -- 00410C: bmi     $4118
D0=1 D1=3 D2=0 D3=FFFF D4=10404FC0 D5=84418542 D6=84418542 D7=FFFF A0=3C0002 A1=108100 A2=F6DA2 A3=108FA0 A4=30F12C0 A5=108000 A6=109058 PC=410E -- 00410E: move.w  #$40, D1
D0=1 D1=40 D2=0 D3=FFFF D4=10404FC0 D5=84418542 D6=84418542 D7=FFFF A0=3C0002 A1=108100 A2=F6DA2 A3=108FA0 A4=30F12C0 A5=108000 A6=109058 PC=4112 -- 004112: move.w  D1, (A3)+
D0=1 D1=40 D2=0 D3=FFFF D4=10404FC0 D5=84418542 D6=84418542 D7=FFFF A0=3C0002 A1=108100 A2=F6DA2 A3=108FA2 A4=30F12C0 A5=108000 A6=109058 PC=4114 -- 004114: dbra    D0, $4112
D0=0 D1=40 D2=0 D3=FFFF D4=10404FC0 D5=84418542 D6=84418542 D7=FFFF A0=3C0002 A1=108100 A2=F6DA2 A3=108FA2 A4=30F12C0 A5=108000 A6=109058 PC=4112 -- 004112: move.w  D1, (A3)+
D0=0 D1=40 D2=0 D3=FFFF D4=10404FC0 D5=84418542 D6=84418542 D7=FFFF A0=3C0002 A1=108100 A2=F6DA2 A3=108FA4 A4=30F12C0 A5=108000 A6=109058 PC=4114 -- 004114: dbra    D0, $4112
D0=FFFF D1=40 D2=0 D3=FFFF D4=10404FC0 D5=84418542 D6=84418542 D7=FFFF A0=3C0002 A1=108100 A2=F6DA2 A3=108FA4 A4=30F12C0 A5=108000 A6=109058 PC=4118 -- 004118: move.w  #$1, ($2,A0)
D0=FFFF D1=40 D2=0 D3=FFFF D4=10404FC0 D5=84418542 D6=84418542 D7=FFFF A0=3C0002 A1=108100 A2=F6DA2 A3=108FA4 A4=30F12C0 A5=108000 A6=109058 PC=411E -- 00411E: move.w  D5, (-$2,A0)
D0=FFFF D1=40 D2=0 D3=FFFF D4=10404FC0 D5=84418542 D6=84418542 D7=FFFF A0=3C0002 A1=108100 A2=F6DA2 A3=108FA4 A4=30F12C0 A5=108000 A6=109058 PC=4122 -- 004122: moveq   #$0, D1
D0=FFFF D1=0 D2=0 D3=FFFF D4=10404FC0 D5=84418542 D6=84418542 D7=FFFF A0=3C0002 A1=108100 A2=F6DA2 A3=108FA4 A4=30F12C0 A5=108000 A6=109058 PC=4124 -- 004124: move.b  ($68,A1), D0
D0=FFFF D1=0 D2=0 D3=FFFF D4=10404FC0 D5=84418542 D6=84418542 D7=FFFF A0=3C0002 A1=108100 A2=F6DA2 A3=108FA4 A4=30F12C0 A5=108000 A6=109058 PC=4128 -- 004128: move.b  D0, D1
D0=FFFF D1=FF D2=0 D3=FFFF D4=10404FC0 D5=84418542 D6=84418542 D7=FFFF A0=3C0002 A1=108100 A2=F6DA2 A3=108FA4 A4=30F12C0 A5=108000 A6=109058 PC=412A -- 00412A: andi.w  #$f, D0
D0=F D1=FF D2=0 D3=FFFF D4=10404FC0 D5=84418542 D6=84418542 D7=FFFF A0=3C0002 A1=108100 A2=F6DA2 A3=108FA4 A4=30F12C0 A5=108000 A6=109058 PC=412E -- 00412E: lsr.b   #4, D1
D0=F D1=F D2=0 D3=FFFF D4=10404FC0 D5=84418542 D6=84418542 D7=FFFF A0=3C0002 A1=108100 A2=F6DA2 A3=108FA4 A4=30F12C0 A5=108000 A6=109058 PC=4130 -- 004130: tst.b   D1
D0=F D1=F D2=0 D3=FFFF D4=10404FC0 D5=84418542 D6=84418542 D7=FFFF A0=3C0002 A1=108100 A2=F6DA2 A3=108FA4 A4=30F12C0 A5=108000 A6=109058 PC=4132 -- 004132: beq     $4164
D0=F D1=F D2=0 D3=FFFF D4=10404FC0 D5=84418542 D6=84418542 D7=FFFF A0=3C0002 A1=108100 A2=F6DA2 A3=108FA4 A4=30F12C0 A5=108000 A6=109058 PC=4134 -- 004134: lea     $4f9d2.l, A6
D0=F D1=F D2=0 D3=FFFF D4=10404FC0 D5=84418542 D6=84418542 D7=FFFF A0=3C0002 A1=108100 A2=F6DA2 A3=108FA4 A4=30F12C0 A5=108000 A6=4F9D2 PC=413A -- 00413A: lsl.w   #5, D0
D0=1E0 D1=F D2=0 D3=FFFF D4=10404FC0 D5=84418542 D6=84418542 D7=FFFF A0=3C0002 A1=108100 A2=F6DA2 A3=108FA4 A4=30F12C0 A5=108000 A6=4F9D2 PC=413C -- 00413C: adda.w  D0, A6
D0=1E0 D1=F D2=0 D3=FFFF D4=10404FC0 D5=84418542 D6=84418542 D7=FFFF A0=3C0002 A1=108100 A2=F6DA2 A3=108FA4 A4=30F12C0 A5=108000 A6=4FBB2 PC=413E -- 00413E: moveq   #$f, D0
D0=F D1=F D2=0 D3=FFFF D4=10404FC0 D5=84418542 D6=84418542 D7=FFFF A0=3C0002 A1=108100 A2=F6DA2 A3=108FA4 A4=30F12C0 A5=108000 A6=4FBB2 PC=4140 -- 004140: moveq   #$0, D2
D0=F D1=F D2=0 D3=FFFF D4=10404FC0 D5=84418542 D6=84418542 D7=FFFF A0=3C0002 A1=108100 A2=F6DA2 A3=108FA4 A4=30F12C0 A5=108000 A6=4FBB2 PC=4142 -- 004142: move.b  (A2), D2
D0=F D1=F D2=3 D3=FFFF D4=10404FC0 D5=84418542 D6=84418542 D7=FFFF A0=3C0002 A1=108100 A2=F6DA2 A3=108FA4 A4=30F12C0 A5=108000 A6=4FBB2 PC=4144 -- 004144: lsr.w   #1, D2
D0=F D1=F D2=1 D3=FFFF D4=10404FC0 D5=84418542 D6=84418542 D7=FFFF A0=3C0002 A1=108100 A2=F6DA2 A3=108FA4 A4=30F12C0 A5=108000 A6=4FBB2 PC=4146 -- 004146: sub.w   D2, D0
D0=E D1=F D2=1 D3=FFFF D4=10404FC0 D5=84418542 D6=84418542 D7=FFFF A0=3C0002 A1=108100 A2=F6DA2 A3=108FA4 A4=30F12C0 A5=108000 A6=4FBB2 PC=4148 -- 004148: adda.l  D0, A6
D0=E D1=F D2=1 D3=FFFF D4=10404FC0 D5=84418542 D6=84418542 D7=FFFF A0=3C0002 A1=108100 A2=F6DA2 A3=108FA4 A4=30F12C0 A5=108000 A6=4FBC0 PC=414A -- 00414A: move.b  (A2), D0
D0=3 D1=F D2=1 D3=FFFF D4=10404FC0 D5=84418542 D6=84418542 D7=FFFF A0=3C0002 A1=108100 A2=F6DA2 A3=108FA4 A4=30F12C0 A5=108000 A6=4FBC0 PC=414C -- 00414C: add.w   D0, D5
D0=3 D1=F D2=1 D3=FFFF D4=10404FC0 D5=84418542 D6=84418542 D7=FFFF A0=3C0002 A1=108100 A2=F6DA2 A3=108FA4 A4=30F12C0 A5=108000 A6=4FBC0 PC=414E -- 00414E: subq.b  #1, D0
D0=2 D1=F D2=1 D3=FFFF D4=10404FC0 D5=84418542 D6=84418542 D7=FFFF A0=3C0002 A1=108100 A2=F6DA2 A3=108FA4 A4=30F12C0 A5=108000 A6=4FBC0 PC=4150 -- 004150: move.b  D1, D2
D0=2 D1=F D2=F D3=FFFF D4=10404FC0 D5=84418542 D6=84418542 D7=FFFF A0=3C0002 A1=108100 A2=F6DA2 A3=108FA4 A4=30F12C0 A5=108000 A6=4FBC0 PC=4152 -- 004152: sub.b   (A6)+, D2
D0=2 D1=F D2=F D3=FFFF D4=10404FC0 D5=84418542 D6=84418542 D7=FFFF A0=3C0002 A1=108100 A2=F6DA2 A3=108FA4 A4=30F12C0 A5=108000 A6=4FBC1 PC=4154 -- 004154: lsl.w   #8, D2
D0=2 D1=F D2=F00 D3=FFFF D4=10404FC0 D5=84418542 D6=84418542 D7=FFFF A0=3C0002 A1=108100 A2=F6DA2 A3=108FA4 A4=30F12C0 A5=108000 A6=4FBC1 PC=4156 -- 004156: move.b  ($69,A1), D2
D0=2 D1=F D2=FFF D3=FFFF D4=10404FC0 D5=84418542 D6=84418542 D7=FFFF A0=3C0002 A1=108100 A2=F6DA2 A3=108FA4 A4=30F12C0 A5=108000 A6=4FBC1 PC=415A -- 00415A: move.w  D2, (A0)
D0=2 D1=F D2=FFF D3=FFFF D4=10404FC0 D5=84418542 D6=84418542 D7=FFFF A0=3C0002 A1=108100 A2=F6DA2 A3=108FA4 A4=30F12C0 A5=108000 A6=4FBC1 PC=415C -- 00415C: dbra    D0, $4150
D0=1 D1=F D2=FFF D3=FFFF D4=10404FC0 D5=84418542 D6=84418542 D7=FFFF A0=3C0002 A1=108100 A2=F6DA2 A3=108FA4 A4=30F12C0 A5=108000 A6=4FBC1 PC=4150 -- 004150: move.b  D1, D2
D0=1 D1=F D2=F0F D3=FFFF D4=10404FC0 D5=84418542 D6=84418542 D7=FFFF A0=3C0002 A1=108100 A2=F6DA2 A3=108FA4 A4=30F12C0 A5=108000 A6=4FBC1 PC=4152 -- 004152: sub.b   (A6)+, D2
D0=1 D1=F D2=F0F D3=FFFF D4=10404FC0 D5=84418542 D6=84418542 D7=FFFF A0=3C0002 A1=108100 A2=F6DA2 A3=108FA4 A4=30F12C0 A5=108000 A6=4FBC2 PC=4154 -- 004154: lsl.w   #8, D2
D0=1 D1=F D2=F00 D3=FFFF D4=10404FC0 D5=84418542 D6=84418542 D7=FFFF A0=3C0002 A1=108100 A2=F6DA2 A3=108FA4 A4=30F12C0 A5=108000 A6=4FBC2 PC=4156 -- 004156: move.b  ($69,A1), D2
D0=1 D1=F D2=FFF D3=FFFF D4=10404FC0 D5=84418542 D6=84418542 D7=FFFF A0=3C0002 A1=108100 A2=F6DA2 A3=108FA4 A4=30F12C0 A5=108000 A6=4FBC2 PC=415A -- 00415A: move.w  D2, (A0)
D0=1 D1=F D2=FFF D3=FFFF D4=10404FC0 D5=84418542 D6=84418542 D7=FFFF A0=3C0002 A1=108100 A2=F6DA2 A3=108FA4 A4=30F12C0 A5=108000 A6=4FBC2 PC=415C -- 00415C: dbra    D0, $4150

   (loops for 6 instructions)

D0=FFFF D1=F D2=FFF D3=FFFF D4=10404FC0 D5=84418542 D6=84418542 D7=FFFF A0=3C0002 A1=108100 A2=F6DA2 A3=108FA4 A4=30F12C0 A5=108000 A6=4FBC3 PC=4160 -- 004160: bra     $4178
D0=FFFF D1=F D2=FFF D3=FFFF D4=10404FC0 D5=84418542 D6=84418542 D7=FFFF A0=3C0002 A1=108100 A2=F6DA2 A3=108FA4 A4=30F12C0 A5=108000 A6=4FBC3 PC=4178 -- 004178: move.b  ($2,A2), D0
D0=FFCD D1=F D2=FFF D3=FFFF D4=10404FC0 D5=84418542 D6=84418542 D7=FFFF A0=3C0002 A1=108100 A2=F6DA2 A3=108FA4 A4=30F12C0 A5=108000 A6=4FBC3 PC=417C -- 00417C: tst.b   ($80,A1)
D0=FFCD D1=F D2=FFF D3=FFFF D4=10404FC0 D5=84418542 D6=84418542 D7=FFFF A0=3C0002 A1=108100 A2=F6DA2 A3=108FA4 A4=30F12C0 A5=108000 A6=4FBC3 PC=4180 -- 004180: beq     $4188
D0=FFCD D1=F D2=FFF D3=FFFF D4=10404FC0 D5=84418542 D6=84418542 D7=FFFF A0=3C0002 A1=108100 A2=F6DA2 A3=108FA4 A4=30F12C0 A5=108000 A6=4FBC3 PC=4188 -- 004188: add.b   ($30,A1), D0
D0=FFCD D1=F D2=FFF D3=FFFF D4=10404FC0 D5=84418542 D6=84418542 D7=FFFF A0=3C0002 A1=108100 A2=F6DA2 A3=108FA4 A4=30F12C0 A5=108000 A6=4FBC3 PC=418C -- 00418C: lsl.w   #8, D0
D0=CD00 D1=F D2=FFF D3=FFFF D4=10404FC0 D5=84418542 D6=84418542 D7=FFFF A0=3C0002 A1=108100 A2=F6DA2 A3=108FA4 A4=30F12C0 A5=108000 A6=4FBC3 PC=418E -- 00418E: tst.b   ($3,A2)
D0=CD00 D1=F D2=FFF D3=FFFF D4=10404FC0 D5=84418542 D6=84418542 D7=FFFF A0=3C0002 A1=108100 A2=F6DA2 A3=108FA4 A4=30F12C0 A5=108000 A6=4FBC3 PC=4192 -- 004192: beq     $4198
D0=CD00 D1=F D2=FFF D3=FFFF D4=10404FC0 D5=84418542 D6=84418542 D7=FFFF A0=3C0002 A1=108100 A2=F6DA2 A3=108FA4 A4=30F12C0 A5=108000 A6=4FBC3 PC=4194 -- 004194: move.b  #$10, D0
D0=CD10 D1=F D2=FFF D3=FFFF D4=10404FC0 D5=84418542 D6=84418542 D7=FFFF A0=3C0002 A1=108100 A2=F6DA2 A3=108FA4 A4=30F12C0 A5=108000 A6=4FBC3 PC=4198 -- 004198: move.w  ($4,A2), D1
D0=CD10 D1=DD52 D2=FFF D3=FFFF D4=10404FC0 D5=84418542 D6=84418542 D7=FFFF A0=3C0002 A1=108100 A2=F6DA2 A3=108FA4 A4=30F12C0 A5=108000 A6=4FBC3 PC=419C -- 00419C: moveq   #$0, D3
D0=CD10 D1=DD52 D2=FFF D3=0 D4=10404FC0 D5=84418542 D6=84418542 D7=FFFF A0=3C0002 A1=108100 A2=F6DA2 A3=108FA4 A4=30F12C0 A5=108000 A6=4FBC3 PC=419E -- 00419E: move.b  (A2), D3
D0=CD10 D1=DD52 D2=FFF D3=3 D4=10404FC0 D5=84418542 D6=84418542 D7=FFFF A0=3C0002 A1=108100 A2=F6DA2 A3=108FA4 A4=30F12C0 A5=108000 A6=4FBC3 PC=41A0 -- 0041A0: subq.b  #1, D3
D0=CD10 D1=DD52 D2=FFF D3=2 D4=10404FC0 D5=84418542 D6=84418542 D7=FFFF A0=3C0002 A1=108100 A2=F6DA2 A3=108FA4 A4=30F12C0 A5=108000 A6=4FBC3 PC=41A2 -- 0041A2: move.w  ($790,A5), D7
D0=CD10 D1=DD52 D2=FFF D3=2 D4=10404FC0 D5=84418542 D6=84418542 D7=0 A0=3C0002 A1=108100 A2=F6DA2 A3=108FA4 A4=30F12C0 A5=108000 A6=4FBC3 PC=41A6 -- 0041A6: add.w   D7, D7
D0=CD10 D1=DD52 D2=FFF D3=2 D4=10404FC0 D5=84418542 D6=84418542 D7=0 A0=3C0002 A1=108100 A2=F6DA2 A3=108FA4 A4=30F12C0 A5=108000 A6=4FBC3 PC=41A8 -- 0041A8: add.w   D7, D7
D0=CD10 D1=DD52 D2=FFF D3=2 D4=10404FC0 D5=84418542 D6=84418542 D7=0 A0=3C0002 A1=108100 A2=F6DA2 A3=108FA4 A4=30F12C0 A5=108000 A6=4FBC3 PC=41AA -- 0041AA: movea.l ($4,PC,D7.w), A6
D0=CD10 D1=DD52 D2=FFF D3=2 D4=10404FC0 D5=84418542 D6=84418542 D7=0 A0=3C0002 A1=108100 A2=F6DA2 A3=108FA4 A4=30F12C0 A5=108000 A6=428C PC=41AE -- 0041AE: jmp     (A6)
D0=CD10 D1=DD52 D2=FFF D3=2 D4=10404FC0 D5=84418542 D6=84418542 D7=0 A0=3C0002 A1=108100 A2=F6DA2 A3=108FA4 A4=30F12C0 A5=108000 A6=428C PC=428C -- 00428C: lea     ($6,A2), A6
D0=CD10 D1=DD52 D2=FFF D3=2 D4=10404FC0 D5=84418542 D6=84418542 D7=0 A0=3C0002 A1=108100 A2=F6DA2 A3=108FA4 A4=30F12C0 A5=108000 A6=F6DA8 PC=4290 -- 004290: move.w  #$1, ($2,A0)
D0=CD10 D1=DD52 D2=FFF D3=2 D4=10404FC0 D5=84418542 D6=84418542 D7=0 A0=3C0002 A1=108100 A2=F6DA2 A3=108FA4 A4=30F12C0 A5=108000 A6=F6DA8 PC=4296 -- 004296: moveq   #$0, D7
D0=CD10 D1=DD52 D2=FFF D3=2 D4=10404FC0 D5=84418542 D6=84418542 D7=0 A0=3C0002 A1=108100 A2=F6DA2 A3=108FA4 A4=30F12C0 A5=108000 A6=F6DA8 PC=4298 -- 004298: move.b  ($1,A2), D7
D0=CD10 D1=DD52 D2=FFF D3=2 D4=10404FC0 D5=84418542 D6=84418542 D7=3 A0=3C0002 A1=108100 A2=F6DA2 A3=108FA4 A4=30F12C0 A5=108000 A6=F6DA8 PC=429C -- 00429C: subq.b  #1, D7
D0=CD10 D1=DD52 D2=FFF D3=2 D4=10404FC0 D5=84418542 D6=84418542 D7=2 A0=3C0002 A1=108100 A2=F6DA2 A3=108FA4 A4=30F12C0 A5=108000 A6=F6DA8 PC=429E -- 00429E: move.w  (A6)+, D2
D0=CD10 D1=DD52 D2=C000 D3=2 D4=10404FC0 D5=84418542 D6=84418542 D7=2 A0=3C0002 A1=108100 A2=F6DA2 A3=108FA4 A4=30F12C0 A5=108000 A6=F6DAA PC=42A0 -- 0042A0: move.w  D4, (-$2,A0)
D0=CD10 D1=DD52 D2=C000 D3=2 D4=10404FC0 D5=84418542 D6=84418542 D7=2 A0=3C0002 A1=108100 A2=F6DA2 A3=108FA4 A4=30F12C0 A5=108000 A6=F6DAA PC=42A4 -- 0042A4: add.w   D2, D2
D0=CD10 D1=DD52 D2=8000 D3=2 D4=10404FC0 D5=84418542 D6=84418542 D7=2 A0=3C0002 A1=108100 A2=F6DA2 A3=108FA4 A4=30F12C0 A5=108000 A6=F6DAA PC=42A6 -- 0042A6: bcc     $42b8
D0=CD10 D1=DD52 D2=8000 D3=2 D4=10404FC0 D5=84418542 D6=84418542 D7=2 A0=3C0002 A1=108100 A2=F6DA2 A3=108FA4 A4=30F12C0 A5=108000 A6=F6DAA PC=42A8 -- 0042A8: move.w  D1, (A0)
D0=CD10 D1=DD52 D2=8000 D3=2 D4=10404FC0 D5=84418542 D6=84418542 D7=2 A0=3C0002 A1=108100 A2=F6DA2 A3=108FA4 A4=30F12C0 A5=108000 A6=F6DAA PC=42AA -- 0042AA: nop
D0=CD10 D1=DD52 D2=8000 D3=2 D4=10404FC0 D5=84418542 D6=84418542 D7=2 A0=3C0002 A1=108100 A2=F6DA2 A3=108FA4 A4=30F12C0 A5=108000 A6=F6DAA PC=42AC -- 0042AC: move.w  D0, (A0)
D0=CD10 D1=DD52 D2=8000 D3=2 D4=10404FC0 D5=84418542 D6=84418542 D7=2 A0=3C0002 A1=108100 A2=F6DA2 A3=108FA4 A4=30F12C0 A5=108000 A6=F6DAA PC=42AE -- 0042AE: addq.w  #1, D1
D0=CD10 D1=DD53 D2=8000 D3=2 D4=10404FC0 D5=84418542 D6=84418542 D7=2 A0=3C0002 A1=108100 A2=F6DA2 A3=108FA4 A4=30F12C0 A5=108000 A6=F6DAA PC=42B0 -- 0042B0: bcc     $42c0
D0=CD10 D1=DD53 D2=8000 D3=2 D4=10404FC0 D5=84418542 D6=84418542 D7=2 A0=3C0002 A1=108100 A2=F6DA2 A3=108FA4 A4=30F12C0 A5=108000 A6=F6DAA PC=42C0 -- 0042C0: dbra    D7, $42a4
D0=CD10 D1=DD53 D2=8000 D3=2 D4=10404FC0 D5=84418542 D6=84418542 D7=1 A0=3C0002 A1=108100 A2=F6DA2 A3=108FA4 A4=30F12C0 A5=108000 A6=F6DAA PC=42A4 -- 0042A4: add.w   D2, D2
D0=CD10 D1=DD53 D2=0 D3=2 D4=10404FC0 D5=84418542 D6=84418542 D7=1 A0=3C0002 A1=108100 A2=F6DA2 A3=108FA4 A4=30F12C0 A5=108000 A6=F6DAA PC=42A6 -- 0042A6: bcc     $42b8
D0=CD10 D1=DD53 D2=0 D3=2 D4=10404FC0 D5=84418542 D6=84418542 D7=1 A0=3C0002 A1=108100 A2=F6DA2 A3=108FA4 A4=30F12C0 A5=108000 A6=F6DAA PC=42A8 -- 0042A8: move.w  D1, (A0)
D0=CD10 D1=DD53 D2=0 D3=2 D4=10404FC0 D5=84418542 D6=84418542 D7=1 A0=3C0002 A1=108100 A2=F6DA2 A3=108FA4 A4=30F12C0 A5=108000 A6=F6DAA PC=42AA -- 0042AA: nop
D0=CD10 D1=DD53 D2=0 D3=2 D4=10404FC0 D5=84418542 D6=84418542 D7=1 A0=3C0002 A1=108100 A2=F6DA2 A3=108FA4 A4=30F12C0 A5=108000 A6=F6DAA PC=42AC -- 0042AC: move.w  D0, (A0)
D0=CD10 D1=DD53 D2=0 D3=2 D4=10404FC0 D5=84418542 D6=84418542 D7=1 A0=3C0002 A1=108100 A2=F6DA2 A3=108FA4 A4=30F12C0 A5=108000 A6=F6DAA PC=42AE -- 0042AE: addq.w  #1, D1
D0=CD10 D1=DD54 D2=0 D3=2 D4=10404FC0 D5=84418542 D6=84418542 D7=1 A0=3C0002 A1=108100 A2=F6DA2 A3=108FA4 A4=30F12C0 A5=108000 A6=F6DAA PC=42B0 -- 0042B0: bcc     $42c0
D0=CD10 D1=DD54 D2=0 D3=2 D4=10404FC0 D5=84418542 D6=84418542 D7=1 A0=3C0002 A1=108100 A2=F6DA2 A3=108FA4 A4=30F12C0 A5=108000 A6=F6DAA PC=42C0 -- 0042C0: dbra    D7, $42a4

   (loops for 2 instructions)

D0=CD10 D1=DD54 D2=0 D3=2 D4=10404FC0 D5=84418542 D6=84418542 D7=0 A0=3C0002 A1=108100 A2=F6DA2 A3=108FA4 A4=30F12C0 A5=108000 A6=F6DAA PC=42B8 -- 0042B8: move.w  #$0, (A0)
D0=CD10 D1=DD54 D2=0 D3=2 D4=10404FC0 D5=84418542 D6=84418542 D7=0 A0=3C0002 A1=108100 A2=F6DA2 A3=108FA4 A4=30F12C0 A5=108000 A6=F6DAA PC=42BC -- 0042BC: move.w  #$0, (A0)

   (loops for 1 instructions)

D0=CD10 D1=DD54 D2=0 D3=2 D4=10404FC0 D5=84418542 D6=84418542 D7=FFFF A0=3C0002 A1=108100 A2=F6DA2 A3=108FA4 A4=30F12C0 A5=108000 A6=F6DAA PC=42C4 -- 0042C4: bsr     $47c0
D0=CD10 D1=DD54 D2=0 D3=2 D4=10404FC0 D5=84418542 D6=84418542 D7=FFFF A0=3C0002 A1=108100 A2=F6DA2 A3=108FA4 A4=30F12C0 A5=108000 A6=F6DAA PC=47C0 -- 0047C0: tst.b   ($78f,A5)
D0=CD10 D1=DD54 D2=0 D3=2 D4=10404FC0 D5=84418542 D6=84418542 D7=FFFF A0=3C0002 A1=108100 A2=F6DA2 A3=108FA4 A4=30F12C0 A5=108000 A6=F6DAA PC=47C4 -- 0047C4: bpl     $47c8
D0=CD10 D1=DD54 D2=0 D3=2 D4=10404FC0 D5=84418542 D6=84418542 D7=FFFF A0=3C0002 A1=108100 A2=F6DA2 A3=108FA4 A4=30F12C0 A5=108000 A6=F6DAA PC=47C6 -- 0047C6: rts
D0=CD10 D1=DD54 D2=0 D3=2 D4=10404FC0 D5=84418542 D6=84418542 D7=FFFF A0=3C0002 A1=108100 A2=F6DA2 A3=108FA4 A4=30F12C0 A5=108000 A6=F6DAA PC=42C8 -- 0042C8: addi.w  #$40, D4
D0=CD10 D1=DD54 D2=0 D3=2 D4=10405000 D5=84418542 D6=84418542 D7=FFFF A0=3C0002 A1=108100 A2=F6DA2 A3=108FA4 A4=30F12C0 A5=108000 A6=F6DAA PC=42CC -- 0042CC: dbra    D3, $4296
D0=CD10 D1=DD54 D2=0 D3=1 D4=10405000 D5=84418542 D6=84418542 D7=FFFF A0=3C0002 A1=108100 A2=F6DA2 A3=108FA4 A4=30F12C0 A5=108000 A6=F6DAA PC=4296 -- 004296: moveq   #$0, D7
D0=CD10 D1=DD54 D2=0 D3=1 D4=10405000 D5=84418542 D6=84418542 D7=0 A0=3C0002 A1=108100 A2=F6DA2 A3=108FA4 A4=30F12C0 A5=108000 A6=F6DAA PC=4298 -- 004298: move.b  ($1,A2), D7
D0=CD10 D1=DD54 D2=0 D3=1 D4=10405000 D5=84418542 D6=84418542 D7=3 A0=3C0002 A1=108100 A2=F6DA2 A3=108FA4 A4=30F12C0 A5=108000 A6=F6DAA PC=429C -- 00429C: subq.b  #1, D7
D0=CD10 D1=DD54 D2=0 D3=1 D4=10405000 D5=84418542 D6=84418542 D7=2 A0=3C0002 A1=108100 A2=F6DA2 A3=108FA4 A4=30F12C0 A5=108000 A6=F6DAA PC=429E -- 00429E: move.w  (A6)+, D2
D0=CD10 D1=DD54 D2=A000 D3=1 D4=10405000 D5=84418542 D6=84418542 D7=2 A0=3C0002 A1=108100 A2=F6DA2 A3=108FA4 A4=30F12C0 A5=108000 A6=F6DAC PC=42A0 -- 0042A0: move.w  D4, (-$2,A0)

   (loops for 10 instructions)

D0=CD10 D1=DD55 D2=8000 D3=1 D4=10405000 D5=84418542 D6=84418542 D7=1 A0=3C0002 A1=108100 A2=F6DA2 A3=108FA4 A4=30F12C0 A5=108000 A6=F6DAC PC=42B8 -- 0042B8: move.w  #$0, (A0)
D0=CD10 D1=DD55 D2=8000 D3=1 D4=10405000 D5=84418542 D6=84418542 D7=1 A0=3C0002 A1=108100 A2=F6DA2 A3=108FA4 A4=30F12C0 A5=108000 A6=F6DAC PC=42BC -- 0042BC: move.w  #$0, (A0)

   (loops for 9 instructions)

D0=CD10 D1=DD56 D2=0 D3=1 D4=10405000 D5=84418542 D6=84418542 D7=FFFF A0=3C0002 A1=108100 A2=F6DA2 A3=108FA4 A4=30F12C0 A5=108000 A6=F6DAC PC=42C4 -- 0042C4: bsr     $47c0
D0=CD10 D1=DD56 D2=0 D3=1 D4=10405000 D5=84418542 D6=84418542 D7=FFFF A0=3C0002 A1=108100 A2=F6DA2 A3=108FA4 A4=30F12C0 A5=108000 A6=F6DAC PC=47C0 -- 0047C0: tst.b   ($78f,A5)
D0=CD10 D1=DD56 D2=0 D3=1 D4=10405000 D5=84418542 D6=84418542 D7=FFFF A0=3C0002 A1=108100 A2=F6DA2 A3=108FA4 A4=30F12C0 A5=108000 A6=F6DAC PC=47C4 -- 0047C4: bpl     $47c8
D0=CD10 D1=DD56 D2=0 D3=1 D4=10405000 D5=84418542 D6=84418542 D7=FFFF A0=3C0002 A1=108100 A2=F6DA2 A3=108FA4 A4=30F12C0 A5=108000 A6=F6DAC PC=47C6 -- 0047C6: rts
D0=CD10 D1=DD56 D2=0 D3=1 D4=10405000 D5=84418542 D6=84418542 D7=FFFF A0=3C0002 A1=108100 A2=F6DA2 A3=108FA4 A4=30F12C0 A5=108000 A6=F6DAC PC=42C8 -- 0042C8: addi.w  #$40, D4
D0=CD10 D1=DD56 D2=0 D3=1 D4=10405040 D5=84418542 D6=84418542 D7=FFFF A0=3C0002 A1=108100 A2=F6DA2 A3=108FA4 A4=30F12C0 A5=108000 A6=F6DAC PC=42CC -- 0042CC: dbra    D3, $4296

   (loops for 32 instructions)

D0=CD10 D1=DD58 D2=0 D3=FFFF D4=10405080 D5=84418542 D6=84418542 D7=FFFF A0=3C0002 A1=108100 A2=F6DA2 A3=108FA4 A4=30F12C0 A5=108000 A6=F6DAE PC=42D0 -- 0042D0: rts
D0=CD10 D1=DD58 D2=0 D3=FFFF D4=10405080 D5=84418542 D6=84418542 D7=FFFF A0=3C0002 A1=108100 A2=F6DA2 A3=108FA4 A4=30F12C0 A5=108000 A6=F6DAE PC=4016 -- 004016: bra     $401c
D0=CD10 D1=DD58 D2=0 D3=FFFF D4=10405080 D5=84418542 D6=84418542 D7=FFFF A0=3C0002 A1=108100 A2=F6DA2 A3=108FA4 A4=30F12C0 A5=108000 A6=F6DAE PC=401C -- 00401C: movea.l (A7)+, A6
D0=CD10 D1=DD58 D2=0 D3=FFFF D4=10405080 D5=84418542 D6=84418542 D7=FFFF A0=3C0002 A1=108100 A2=F6DA2 A3=108FA4 A4=30F12C0 A5=108000 A6=108E3C PC=401E -- 00401E: btst    #$5, ($4,A4)
D0=CD10 D1=DD58 D2=0 D3=FFFF D4=10405080 D5=84418542 D6=84418542 D7=FFFF A0=3C0002 A1=108100 A2=F6DA2 A3=108FA4 A4=30F12C0 A5=108000 A6=108E3C PC=4024 -- 004024: beq     $4056
D0=CD10 D1=DD58 D2=0 D3=FFFF D4=10405080 D5=84418542 D6=84418542 D7=FFFF A0=3C0002 A1=108100 A2=F6DA2 A3=108FA4 A4=30F12C0 A5=108000 A6=108E3C PC=4056 -- 004056: tst.b   ($7c,A1)
D0=CD10 D1=DD58 D2=0 D3=FFFF D4=10405080 D5=84418542 D6=84418542 D7=FFFF A0=3C0002 A1=108100 A2=F6DA2 A3=108FA4 A4=30F12C0 A5=108000 A6=108E3C PC=405A -- 00405A: bpl     $4064
D0=CD10 D1=DD58 D2=0 D3=FFFF D4=10405080 D5=84418542 D6=84418542 D7=FFFF A0=3C0002 A1=108100 A2=F6DA2 A3=108FA4 A4=30F12C0 A5=108000 A6=108E3C PC=4064 -- 004064: movea.l (A7)+, A0
D0=CD10 D1=DD58 D2=0 D3=FFFF D4=10405080 D5=84418542 D6=84418542 D7=FFFF A0=108930 A1=108100 A2=F6DA2 A3=108FA4 A4=30F12C0 A5=108000 A6=108E3C PC=4066 -- 004066: subq.w  #1, ($e3a,A5)
D0=CD10 D1=DD58 D2=0 D3=FFFF D4=10405080 D5=84418542 D6=84418542 D7=FFFF A0=108930 A1=108100 A2=F6DA2 A3=108FA4 A4=30F12C0 A5=108000 A6=108E3C PC=406A -- 00406A: bne     $3f32
D0=CD10 D1=DD58 D2=0 D3=FFFF D4=10405080 D5=84418542 D6=84418542 D7=FFFF A0=108930 A1=108100 A2=F6DA2 A3=108FA4 A4=30F12C0 A5=108000 A6=108E3C PC=3F32 -- 003F32: move.w  (A0)+, D0
D0=8300 D1=DD58 D2=0 D3=FFFF D4=10405080 D5=84418542 D6=84418542 D7=FFFF A0=108932 A1=108100 A2=F6DA2 A3=108FA4 A4=30F12C0 A5=108000 A6=108E3C PC=3F34 -- 003F34: beq     $3f32
D0=8300 D1=DD58 D2=0 D3=FFFF D4=10405080 D5=84418542 D6=84418542 D7=FFFF A0=108932 A1=108100 A2=F6DA2 A3=108FA4 A4=30F12C0 A5=108000 A6=108E3C PC=3F36 -- 003F36: clr.w   (-$2,A0)
D0=8300 D1=DD58 D2=0 D3=FFFF D4=10405080 D5=84418542 D6=84418542 D7=FFFF A0=108932 A1=108100 A2=F6DA2 A3=108FA4 A4=30F12C0 A5=108000 A6=108E3C PC=3F3A -- 003F3A: move.l  A5, D1
D0=8300 D1=108000 D2=0 D3=FFFF D4=10405080 D5=84418542 D6=84418542 D7=FFFF A0=108932 A1=108100 A2=F6DA2 A3=108FA4 A4=30F12C0 A5=108000 A6=108E3C PC=3F3C -- 003F3C: move.w  D0, D1
D0=8300 D1=108300 D2=0 D3=FFFF D4=10405080 D5=84418542 D6=84418542 D7=FFFF A0=108932 A1=108100 A2=F6DA2 A3=108FA4 A4=30F12C0 A5=108000 A6=108E3C PC=3F3E -- 003F3E: movea.l D1, A1
D0=8300 D1=108300 D2=0 D3=FFFF D4=10405080 D5=84418542 D6=84418542 D7=FFFF A0=108932 A1=108300 A2=F6DA2 A3=108FA4 A4=30F12C0 A5=108000 A6=108E3C PC=3F40 -- 003F40: movea.l ($28,A1), A2
D0=8300 D1=108300 D2=0 D3=FFFF D4=10405080 D5=84418542 D6=84418542 D7=FFFF A0=108932 A1=108300 A2=F703C A3=108FA4 A4=30F12C0 A5=108000 A6=108E3C PC=3F44 -- 003F44: lea     $7bf48.l, A4
D0=8300 D1=108300 D2=0 D3=FFFF D4=10405080 D5=84418542 D6=84418542 D7=FFFF A0=108932 A1=108300 A2=F703C A3=108FA4 A4=7BF48 A5=108000 A6=108E3C PC=3F4A -- 003F4A: move.w  ($70,A1), D0
D0=1B D1=108300 D2=0 D3=FFFF D4=10405080 D5=84418542 D6=84418542 D7=FFFF A0=108932 A1=108300 A2=F703C A3=108FA4 A4=7BF48 A5=108000 A6=108E3C PC=3F4E -- 003F4E: add.w   D0, D0
D0=36 D1=108300 D2=0 D3=FFFF D4=10405080 D5=84418542 D6=84418542 D7=FFFF A0=108932 A1=108300 A2=F703C A3=108FA4 A4=7BF48 A5=108000 A6=108E3C PC=3F50 -- 003F50: add.w   D0, D0
D0=6C D1=108300 D2=0 D3=FFFF D4=10405080 D5=84418542 D6=84418542 D7=FFFF A0=108932 A1=108300 A2=F703C A3=108FA4 A4=7BF48 A5=108000 A6=108E3C PC=3F52 -- 003F52: movea.l (A4,D0.w), A4
D0=6C D1=108300 D2=0 D3=FFFF D4=10405080 D5=84418542 D6=84418542 D7=FFFF A0=108932 A1=108300 A2=F703C A3=108FA4 A4=7F5E0 A5=108000 A6=108E3C PC=3F56 -- 003F56: move.w  ($72,A1), D0
D0=49 D1=108300 D2=0 D3=FFFF D4=10405080 D5=84418542 D6=84418542 D7=FFFF A0=108932 A1=108300 A2=F703C A3=108FA4 A4=7F5E0 A5=108000 A6=108E3C PC=3F5A -- 003F5A: add.w   D0, D0
D0=92 D1=108300 D2=0 D3=FFFF D4=10405080 D5=84418542 D6=84418542 D7=FFFF A0=108932 A1=108300 A2=F703C A3=108FA4 A4=7F5E0 A5=108000 A6=108E3C PC=3F5C -- 003F5C: move.w  (A4,D0.w), ($46de,A5)
D0=92 D1=108300 D2=0 D3=FFFF D4=10405080 D5=84418542 D6=84418542 D7=FFFF A0=108932 A1=108300 A2=F703C A3=108FA4 A4=7F5E0 A5=108000 A6=108E3C PC=3F62 -- 003F62: lea     $80000.l, A4
D0=92 D1=108300 D2=0 D3=FFFF D4=10405080 D5=84418542 D6=84418542 D7=FFFF A0=108932 A1=108300 A2=F703C A3=108FA4 A4=80000 A5=108000 A6=108E3C PC=3F68 -- 003F68: move.w  ($70,A1), D0
D0=1B D1=108300 D2=0 D3=FFFF D4=10405080 D5=84418542 D6=84418542 D7=FFFF A0=108932 A1=108300 A2=F703C A3=108FA4 A4=80000 A5=108000 A6=108E3C PC=3F6C -- 003F6C: add.w   D0, D0
D0=36 D1=108300 D2=0 D3=FFFF D4=10405080 D5=84418542 D6=84418542 D7=FFFF A0=108932 A1=108300 A2=F703C A3=108FA4 A4=80000 A5=108000 A6=108E3C PC=3F6E -- 003F6E: add.w   D0, D0
D0=6C D1=108300 D2=0 D3=FFFF D4=10405080 D5=84418542 D6=84418542 D7=FFFF A0=108932 A1=108300 A2=F703C A3=108FA4 A4=80000 A5=108000 A6=108E3C PC=3F70 -- 003F70: movea.l (A4,D0.w), A4
D0=6C D1=108300 D2=0 D3=FFFF D4=10405080 D5=84418542 D6=84418542 D7=FFFF A0=108932 A1=108300 A2=F703C A3=108FA4 A4=86E00 A5=108000 A6=108E3C PC=3F74 -- 003F74: move.w  ($46de,A5), D0
D0=4949 D1=108300 D2=0 D3=FFFF D4=10405080 D5=84418542 D6=84418542 D7=FFFF A0=108932 A1=108300 A2=F703C A3=108FA4 A4=86E00 A5=108000 A6=108E3C PC=3F78 -- 003F78: tst.b   ($46e2,A5)
D0=4949 D1=108300 D2=0 D3=FFFF D4=10405080 D5=84418542 D6=84418542 D7=FFFF A0=108932 A1=108300 A2=F703C A3=108FA4 A4=86E00 A5=108000 A6=108E3C PC=3F7C -- 003F7C: beq     $3f82
D0=4949 D1=108300 D2=0 D3=FFFF D4=10405080 D5=84418542 D6=84418542 D7=FFFF A0=108932 A1=108300 A2=F703C A3=108FA4 A4=86E00 A5=108000 A6=108E3C PC=3F82 -- 003F82: andi.w  #$ff, D0
D0=49 D1=108300 D2=0 D3=FFFF D4=10405080 D5=84418542 D6=84418542 D7=FFFF A0=108932 A1=108300 A2=F703C A3=108FA4 A4=86E00 A5=108000 A6=108E3C PC=3F86 -- 003F86: add.w   D0, D0
D0=92 D1=108300 D2=0 D3=FFFF D4=10405080 D5=84418542 D6=84418542 D7=FFFF A0=108932 A1=108300 A2=F703C A3=108FA4 A4=86E00 A5=108000 A6=108E3C PC=3F88 -- 003F88: add.w   D0, D0
D0=124 D1=108300 D2=0 D3=FFFF D4=10405080 D5=84418542 D6=84418542 D7=FFFF A0=108932 A1=108300 A2=F703C A3=108FA4 A4=86E00 A5=108000 A6=108E3C PC=3F8A -- 003F8A: movea.l (A4,D0.w), A4
D0=124 D1=108300 D2=0 D3=FFFF D4=10405080 D5=84418542 D6=84418542 D7=FFFF A0=108932 A1=108300 A2=F703C A3=108FA4 A4=F31D6 A5=108000 A6=108E3C PC=3F8E -- 003F8E: move.w  ($74,A1), D0
D0=0 D1=108300 D2=0 D3=FFFF D4=10405080 D5=84418542 D6=84418542 D7=FFFF A0=108932 A1=108300 A2=F703C A3=108FA4 A4=F31D6 A5=108000 A6=108E3C PC=3F92 -- 003F92: adda.w  D0, A4
D0=0 D1=108300 D2=0 D3=FFFF D4=10405080 D5=84418542 D6=84418542 D7=FFFF A0=108932 A1=108300 A2=F703C A3=108FA4 A4=F31D6 A5=108000 A6=108E3C PC=3F94 -- 003F94: move.l  (A4), D0
D0=30F104A D1=108300 D2=0 D3=FFFF D4=10405080 D5=84418542 D6=84418542 D7=FFFF A0=108932 A1=108300 A2=F703C A3=108FA4 A4=F31D6 A5=108000 A6=108E3C PC=3F96 -- 003F96: movea.l D0, A4
D0=30F104A D1=108300 D2=0 D3=FFFF D4=10405080 D5=84418542 D6=84418542 D7=FFFF A0=108932 A1=108300 A2=F703C A3=108FA4 A4=30F104A A5=108000 A6=108E3C PC=3F98 -- 003F98: move.l  A0, -(A7)
D0=30F104A D1=108300 D2=0 D3=FFFF D4=10405080 D5=84418542 D6=84418542 D7=FFFF A0=108932 A1=108300 A2=F703C A3=108FA4 A4=30F104A A5=108000 A6=108E3C PC=3F9A -- 003F9A: lea     $3c0002.l, A0
D0=30F104A D1=108300 D2=0 D3=FFFF D4=10405080 D5=84418542 D6=84418542 D7=FFFF A0=3C0002 A1=108300 A2=F703C A3=108FA4 A4=30F104A A5=108000 A6=108E3C PC=3FA0 -- 003FA0: tst.b   ($7c,A1)
D0=30F104A D1=108300 D2=0 D3=FFFF D4=10405080 D5=84418542 D6=84418542 D7=FFFF A0=3C0002 A1=108300 A2=F703C A3=108FA4 A4=30F104A A5=108000 A6=108E3C PC=3FA4 -- 003FA4: bpl     $3fc0
D0=30F104A D1=108300 D2=0 D3=FFFF D4=10405080 D5=84418542 D6=84418542 D7=FFFF A0=3C0002 A1=108300 A2=F703C A3=108FA4 A4=30F104A A5=108000 A6=108E3C PC=3FC0 -- 003FC0: moveq   #$0, D0
D0=0 D1=108300 D2=0 D3=FFFF D4=10405080 D5=84418542 D6=84418542 D7=FFFF A0=3C0002 A1=108300 A2=F703C A3=108FA4 A4=30F104A A5=108000 A6=108E3C PC=3FC2 -- 003FC2: move.b  (A2), D0
D0=3 D1=108300 D2=0 D3=FFFF D4=10405080 D5=84418542 D6=84418542 D7=FFFF A0=3C0002 A1=108300 A2=F703C A3=108FA4 A4=30F104A A5=108000 A6=108E3C PC=3FC4 -- 003FC4: sub.w   D0, ($794,A5)
D0=3 D1=108300 D2=0 D3=FFFF D4=10405080 D5=84418542 D6=84418542 D7=FFFF A0=3C0002 A1=108300 A2=F703C A3=108FA4 A4=30F104A A5=108000 A6=108E3C PC=3FC8 -- 003FC8: bcc     $3fd2
D0=3 D1=108300 D2=0 D3=FFFF D4=10405080 D5=84418542 D6=84418542 D7=FFFF A0=3C0002 A1=108300 A2=F703C A3=108FA4 A4=30F104A A5=108000 A6=108E3C PC=3FD2 -- 003FD2: move.l  A6, -(A7)
D0=3 D1=108300 D2=0 D3=FFFF D4=10405080 D5=84418542 D6=84418542 D7=FFFF A0=3C0002 A1=108300 A2=F703C A3=108FA4 A4=30F104A A5=108000 A6=108E3C PC=3FD4 -- 003FD4: btst    #$6, ($7c,A1)
D0=3 D1=108300 D2=0 D3=FFFF D4=10405080 D5=84418542 D6=84418542 D7=FFFF A0=3C0002 A1=108300 A2=F703C A3=108FA4 A4=30F104A A5=108000 A6=108E3C PC=3FDA -- 003FDA: bne     $400c
D0=3 D1=108300 D2=0 D3=FFFF D4=10405080 D5=84418542 D6=84418542 D7=FFFF A0=3C0002 A1=108300 A2=F703C A3=108FA4 A4=30F104A A5=108000 A6=108E3C PC=3FDE -- 003FDE: moveq   #$0, D1
D0=3 D1=0 D2=0 D3=FFFF D4=10405080 D5=84418542 D6=84418542 D7=FFFF A0=3C0002 A1=108300 A2=F703C A3=108FA4 A4=30F104A A5=108000 A6=108E3C PC=3FE0 -- 003FE0: move.b  ($82,A1), D1
D0=3 D1=0 D2=0 D3=FFFF D4=10405080 D5=84418542 D6=84418542 D7=FFFF A0=3C0002 A1=108300 A2=F703C A3=108FA4 A4=30F104A A5=108000 A6=108E3C PC=3FE4 -- 003FE4: add.w   D1, D1
D0=3 D1=0 D2=0 D3=FFFF D4=10405080 D5=84418542 D6=84418542 D7=FFFF A0=3C0002 A1=108300 A2=F703C A3=108FA4 A4=30F104A A5=108000 A6=108E3C PC=3FE6 -- 003FE6: add.w   D1, D1
D0=3 D1=0 D2=0 D3=FFFF D4=10405080 D5=84418542 D6=84418542 D7=FFFF A0=3C0002 A1=108300 A2=F703C A3=108FA4 A4=30F104A A5=108000 A6=108E3C PC=3FE8 -- 003FE8: move.w  ($18,A1), D0
D0=110 D1=0 D2=0 D3=FFFF D4=10405080 D5=84418542 D6=84418542 D7=FFFF A0=3C0002 A1=108300 A2=F703C A3=108FA4 A4=30F104A A5=108000 A6=108E3C PC=3FEC -- 003FEC: lea     ($104c,A5), A6
D0=110 D1=0 D2=0 D3=FFFF D4=10405080 D5=84418542 D6=84418542 D7=FFFF A0=3C0002 A1=108300 A2=F703C A3=108FA4 A4=30F104A A5=108000 A6=10904C PC=3FF0 -- 003FF0: sub.w   (A6,D1.w), D0
D0=110 D1=0 D2=0 D3=FFFF D4=10405080 D5=84418542 D6=84418542 D7=FFFF A0=3C0002 A1=108300 A2=F703C A3=108FA4 A4=30F104A A5=108000 A6=10904C PC=3FF4 -- 003FF4: move.w  D0, ($24,A1)
D0=110 D1=0 D2=0 D3=FFFF D4=10405080 D5=84418542 D6=84418542 D7=FFFF A0=3C0002 A1=108300 A2=F703C A3=108FA4 A4=30F104A A5=108000 A6=10904C PC=3FF8 -- 003FF8: move.w  ($1c,A1), D0
D0=CB D1=0 D2=0 D3=FFFF D4=10405080 D5=84418542 D6=84418542 D7=FFFF A0=3C0002 A1=108300 A2=F703C A3=108FA4 A4=30F104A A5=108000 A6=10904C PC=3FFC -- 003FFC: sub.w   ($20,A1), D0
D0=CB D1=0 D2=0 D3=FFFF D4=10405080 D5=84418542 D6=84418542 D7=FFFF A0=3C0002 A1=108300 A2=F703C A3=108FA4 A4=30F104A A5=108000 A6=10904C PC=4000 -- 004000: lea     ($1058,A5), A6
D0=CB D1=0 D2=0 D3=FFFF D4=10405080 D5=84418542 D6=84418542 D7=FFFF A0=3C0002 A1=108300 A2=F703C A3=108FA4 A4=30F104A A5=108000 A6=109058 PC=4004 -- 004004: sub.w   (A6,D1.w), D0
D0=CB D1=0 D2=0 D3=FFFF D4=10405080 D5=84418542 D6=84418542 D7=FFFF A0=3C0002 A1=108300 A2=F703C A3=108FA4 A4=30F104A A5=108000 A6=109058 PC=4008 -- 004008: move.w  D0, ($26,A1)
D0=CB D1=0 D2=0 D3=FFFF D4=10405080 D5=84418542 D6=84418542 D7=FFFF A0=3C0002 A1=108300 A2=F703C A3=108FA4 A4=30F104A A5=108000 A6=109058 PC=400C -- 00400C: tst.b   ($3a66,A5)
D0=CB D1=0 D2=0 D3=FFFF D4=10405080 D5=84418542 D6=84418542 D7=FFFF A0=3C0002 A1=108300 A2=F703C A3=108FA4 A4=30F104A A5=108000 A6=109058 PC=4010 -- 004010: bmi     $4018
D0=CB D1=0 D2=0 D3=FFFF D4=10405080 D5=84418542 D6=84418542 D7=FFFF A0=3C0002 A1=108300 A2=F703C A3=108FA4 A4=30F104A A5=108000 A6=109058 PC=4012 -- 004012: bsr     $4088
D0=CB D1=0 D2=0 D3=FFFF D4=10405080 D5=84418542 D6=84418542 D7=FFFF A0=3C0002 A1=108300 A2=F703C A3=108FA4 A4=30F104A A5=108000 A6=109058 PC=4088 -- 004088: move.w  (A4), D0
D0=FFE8 D1=0 D2=0 D3=FFFF D4=10405080 D5=84418542 D6=84418542 D7=FFFF A0=3C0002 A1=108300 A2=F703C A3=108FA4 A4=30F104A A5=108000 A6=109058 PC=408A -- 00408A: move.b  ($31,A1), D1
D0=FFE8 D1=0 D2=0 D3=FFFF D4=10405080 D5=84418542 D6=84418542 D7=FFFF A0=3C0002 A1=108300 A2=F703C A3=108FA4 A4=30F104A A5=108000 A6=109058 PC=408E -- 00408E: move.b  ($4,A4), D2
D0=FFE8 D1=0 D2=0 D3=FFFF D4=10405080 D5=84418542 D6=84418542 D7=FFFF A0=3C0002 A1=108300 A2=F703C A3=108FA4 A4=30F104A A5=108000 A6=109058 PC=4092 -- 004092: rol.b   #2, D2
D0=FFE8 D1=0 D2=0 D3=FFFF D4=10405080 D5=84418542 D6=84418542 D7=FFFF A0=3C0002 A1=108300 A2=F703C A3=108FA4 A4=30F104A A5=108000 A6=109058 PC=4094 -- 004094: eor.w   D2, D1
D0=FFE8 D1=0 D2=0 D3=FFFF D4=10405080 D5=84418542 D6=84418542 D7=FFFF A0=3C0002 A1=108300 A2=F703C A3=108FA4 A4=30F104A A5=108000 A6=109058 PC=4096 -- 004096: andi.w  #$3, D1
D0=FFE8 D1=0 D2=0 D3=FFFF D4=10405080 D5=84418542 D6=84418542 D7=FFFF A0=3C0002 A1=108300 A2=F703C A3=108FA4 A4=30F104A A5=108000 A6=109058 PC=409A -- 00409A: move.w  D1, ($790,A5)
D0=FFE8 D1=0 D2=0 D3=FFFF D4=10405080 D5=84418542 D6=84418542 D7=FFFF A0=3C0002 A1=108300 A2=F703C A3=108FA4 A4=30F104A A5=108000 A6=109058 PC=409E -- 00409E: andi.w  #$1, D1
D0=FFE8 D1=0 D2=0 D3=FFFF D4=10405080 D5=84418542 D6=84418542 D7=FFFF A0=3C0002 A1=108300 A2=F703C A3=108FA4 A4=30F104A A5=108000 A6=109058 PC=40A2 -- 0040A2: beq     $40ae
D0=FFE8 D1=0 D2=0 D3=FFFF D4=10405080 D5=84418542 D6=84418542 D7=FFFF A0=3C0002 A1=108300 A2=F703C A3=108FA4 A4=30F104A A5=108000 A6=109058 PC=40AE -- 0040AE: moveq   #$0, D1
D0=FFE8 D1=0 D2=0 D3=FFFF D4=10405080 D5=84418542 D6=84418542 D7=FFFF A0=3C0002 A1=108300 A2=F703C A3=108FA4 A4=30F104A A5=108000 A6=109058 PC=40B0 -- 0040B0: move.b  ($68,A1), D1
D0=FFE8 D1=FF D2=0 D3=FFFF D4=10405080 D5=84418542 D6=84418542 D7=FFFF A0=3C0002 A1=108300 A2=F703C A3=108FA4 A4=30F104A A5=108000 A6=109058 PC=40B4 -- 0040B4: addq.w  #1, D1
D0=FFE8 D1=100 D2=0 D3=FFFF D4=10405080 D5=84418542 D6=84418542 D7=FFFF A0=3C0002 A1=108300 A2=F703C A3=108FA4 A4=30F104A A5=108000 A6=109058 PC=40B6 -- 0040B6: muls.w  D1, D0
D0=FFFFE800 D1=100 D2=0 D3=FFFF D4=10405080 D5=84418542 D6=84418542 D7=FFFF A0=3C0002 A1=108300 A2=F703C A3=108FA4 A4=30F104A A5=108000 A6=109058 PC=40B8 -- 0040B8: lsr.l   #8, D0
D0=FFFFE8 D1=100 D2=0 D3=FFFF D4=10405080 D5=84418542 D6=84418542 D7=FFFF A0=3C0002 A1=108300 A2=F703C A3=108FA4 A4=30F104A A5=108000 A6=109058 PC=40BA -- 0040BA: add.w   ($24,A1), D0
D0=FF00F8 D1=100 D2=0 D3=FFFF D4=10405080 D5=84418542 D6=84418542 D7=FFFF A0=3C0002 A1=108300 A2=F703C A3=108FA4 A4=30F104A A5=108000 A6=109058 PC=40BE -- 0040BE: lsl.w   #7, D0
D0=FF7C00 D1=100 D2=0 D3=FFFF D4=10405080 D5=84418542 D6=84418542 D7=FFFF A0=3C0002 A1=108300 A2=F703C A3=108FA4 A4=30F104A A5=108000 A6=109058 PC=40C0 -- 0040C0: move.w  D6, (-$2,A0)
D0=FF7C00 D1=100 D2=0 D3=FFFF D4=10405080 D5=84418542 D6=84418542 D7=FFFF A0=3C0002 A1=108300 A2=F703C A3=108FA4 A4=30F104A A5=108000 A6=109058 PC=40C4 -- 0040C4: move.w  D0, (A0)
D0=FF7C00 D1=100 D2=0 D3=FFFF D4=10405080 D5=84418542 D6=84418542 D7=FFFF A0=3C0002 A1=108300 A2=F703C A3=108FA4 A4=30F104A A5=108000 A6=109058 PC=40C6 -- 0040C6: moveq   #$0, D0
D0=0 D1=100 D2=0 D3=FFFF D4=10405080 D5=84418542 D6=84418542 D7=FFFF A0=3C0002 A1=108300 A2=F703C A3=108FA4 A4=30F104A A5=108000 A6=109058 PC=40C8 -- 0040C8: move.b  (A2), D0
D0=3 D1=100 D2=0 D3=FFFF D4=10405080 D5=84418542 D6=84418542 D7=FFFF A0=3C0002 A1=108300 A2=F703C A3=108FA4 A4=30F104A A5=108000 A6=109058 PC=40CA -- 0040CA: add.w   D0, D6
D0=3 D1=100 D2=0 D3=FFFF D4=10405080 D5=84418545 D6=84418545 D7=FFFF A0=3C0002 A1=108300 A2=F703C A3=108FA4 A4=30F104A A5=108000 A6=109058 PC=40CC -- 0040CC: move.w  ($2,A4), D0
D0=FFEA D1=100 D2=0 D3=FFFF D4=10405080 D5=84418545 D6=84418545 D7=FFFF A0=3C0002 A1=108300 A2=F703C A3=108FA4 A4=30F104A A5=108000 A6=109058 PC=40D0 -- 0040D0: btst    #$1, ($791,A5)
D0=FFEA D1=100 D2=0 D3=FFFF D4=10405080 D5=84418545 D6=84418545 D7=FFFF A0=3C0002 A1=108300 A2=F703C A3=108FA4 A4=30F104A A5=108000 A6=109058 PC=40D6 -- 0040D6: beq     $40e4
D0=FFEA D1=100 D2=0 D3=FFFF D4=10405080 D5=84418545 D6=84418545 D7=FFFF A0=3C0002 A1=108300 A2=F703C A3=108FA4 A4=30F104A A5=108000 A6=109058 PC=40E4 -- 0040E4: moveq   #$0, D1
D0=FFEA D1=0 D2=0 D3=FFFF D4=10405080 D5=84418545 D6=84418545 D7=FFFF A0=3C0002 A1=108300 A2=F703C A3=108FA4 A4=30F104A A5=108000 A6=109058 PC=40E6 -- 0040E6: move.b  ($69,A1), D1
D0=FFEA D1=FF D2=0 D3=FFFF D4=10405080 D5=84418545 D6=84418545 D7=FFFF A0=3C0002 A1=108300 A2=F703C A3=108FA4 A4=30F104A A5=108000 A6=109058 PC=40EA -- 0040EA: addq.w  #1, D1
D0=FFEA D1=100 D2=0 D3=FFFF D4=10405080 D5=84418545 D6=84418545 D7=FFFF A0=3C0002 A1=108300 A2=F703C A3=108FA4 A4=30F104A A5=108000 A6=109058 PC=40EC -- 0040EC: muls.w  D1, D0
D0=FFFFEA00 D1=100 D2=0 D3=FFFF D4=10405080 D5=84418545 D6=84418545 D7=FFFF A0=3C0002 A1=108300 A2=F703C A3=108FA4 A4=30F104A A5=108000 A6=109058 PC=40EE -- 0040EE: lsr.l   #8, D0
D0=FFFFEA D1=100 D2=0 D3=FFFF D4=10405080 D5=84418545 D6=84418545 D7=FFFF A0=3C0002 A1=108300 A2=F703C A3=108FA4 A4=30F104A A5=108000 A6=109058 PC=40F0 -- 0040F0: add.w   ($26,A1), D0
D0=FF00B5 D1=100 D2=0 D3=FFFF D4=10405080 D5=84418545 D6=84418545 D7=FFFF A0=3C0002 A1=108300 A2=F703C A3=108FA4 A4=30F104A A5=108000 A6=109058 PC=40F4 -- 0040F4: neg.w   D0
D0=FFFF4B D1=100 D2=0 D3=FFFF D4=10405080 D5=84418545 D6=84418545 D7=FFFF A0=3C0002 A1=108300 A2=F703C A3=108FA4 A4=30F104A A5=108000 A6=109058 PC=40F6 -- 0040F6: addi.w  #$1ff, D0
D0=FF014A D1=100 D2=0 D3=FFFF D4=10405080 D5=84418545 D6=84418545 D7=FFFF A0=3C0002 A1=108300 A2=F703C A3=108FA4 A4=30F104A A5=108000 A6=109058 PC=40FA -- 0040FA: lsl.w   #7, D0
D0=FFA500 D1=100 D2=0 D3=FFFF D4=10405080 D5=84418545 D6=84418545 D7=FFFF A0=3C0002 A1=108300 A2=F703C A3=108FA4 A4=30F104A A5=108000 A6=109058 PC=40FC -- 0040FC: bsr     $4772
D0=FFA500 D1=100 D2=0 D3=FFFF D4=10405080 D5=84418545 D6=84418545 D7=FFFF A0=3C0002 A1=108300 A2=F703C A3=108FA4 A4=30F104A A5=108000 A6=109058 PC=4772 -- 004772: move.w  D0, -(A7)
D0=FFA500 D1=100 D2=0 D3=FFFF D4=10405080 D5=84418545 D6=84418545 D7=FFFF A0=3C0002 A1=108300 A2=F703C A3=108FA4 A4=30F104A A5=108000 A6=109058 PC=4774 -- 004774: moveq   #-$1, D0
D0=FFFFFFFF D1=100 D2=0 D3=FFFF D4=10405080 D5=84418545 D6=84418545 D7=FFFF A0=3C0002 A1=108300 A2=F703C A3=108FA4 A4=30F104A A5=108000 A6=109058 PC=4776 -- 004776: moveq   #$0, D1
D0=FFFFFFFF D1=0 D2=0 D3=FFFF D4=10405080 D5=84418545 D6=84418545 D7=FFFF A0=3C0002 A1=108300 A2=F703C A3=108FA4 A4=30F104A A5=108000 A6=109058 PC=4778 -- 004778: move.b  ($1,A2), D1
D0=FFFFFFFF D1=3 D2=0 D3=FFFF D4=10405080 D5=84418545 D6=84418545 D7=FFFF A0=3C0002 A1=108300 A2=F703C A3=108FA4 A4=30F104A A5=108000 A6=109058 PC=477C -- 00477C: cmpi.b  #-$1, ($69,A1)
D0=FFFFFFFF D1=3 D2=0 D3=FFFF D4=10405080 D5=84418545 D6=84418545 D7=FFFF A0=3C0002 A1=108300 A2=F703C A3=108FA4 A4=30F104A A5=108000 A6=109058 PC=4782 -- 004782: beq     $47b4
D0=FFFFFFFF D1=3 D2=0 D3=FFFF D4=10405080 D5=84418545 D6=84418545 D7=FFFF A0=3C0002 A1=108300 A2=F703C A3=108FA4 A4=30F104A A5=108000 A6=109058 PC=47B4 -- 0047B4: move.b  D0, ($78f,A5)
D0=FFFFFFFF D1=3 D2=0 D3=FFFF D4=10405080 D5=84418545 D6=84418545 D7=FFFF A0=3C0002 A1=108300 A2=F703C A3=108FA4 A4=30F104A A5=108000 A6=109058 PC=47B8 -- 0047B8: move.b  D1, ($78e,A5)
D0=FFFFFFFF D1=3 D2=0 D3=FFFF D4=10405080 D5=84418545 D6=84418545 D7=FFFF A0=3C0002 A1=108300 A2=F703C A3=108FA4 A4=30F104A A5=108000 A6=109058 PC=47BC -- 0047BC: move.w  (A7)+, D0
D0=FFFFA500 D1=3 D2=0 D3=FFFF D4=10405080 D5=84418545 D6=84418545 D7=FFFF A0=3C0002 A1=108300 A2=F703C A3=108FA4 A4=30F104A A5=108000 A6=109058 PC=47BE -- 0047BE: rts
D0=FFFFA500 D1=3 D2=0 D3=FFFF D4=10405080 D5=84418545 D6=84418545 D7=FFFF A0=3C0002 A1=108300 A2=F703C A3=108FA4 A4=30F104A A5=108000 A6=109058 PC=4100 -- 004100: add.b   ($78e,A5), D0
D0=FFFFA503 D1=3 D2=0 D3=FFFF D4=10405080 D5=84418545 D6=84418545 D7=FFFF A0=3C0002 A1=108300 A2=F703C A3=108FA4 A4=30F104A A5=108000 A6=109058 PC=4104 -- 004104: move.w  D0, (A3)+
D0=FFFFA503 D1=3 D2=0 D3=FFFF D4=10405080 D5=84418545 D6=84418545 D7=FFFF A0=3C0002 A1=108300 A2=F703C A3=108FA6 A4=30F104A A5=108000 A6=109058 PC=4106 -- 004106: moveq   #$0, D0
D0=0 D1=3 D2=0 D3=FFFF D4=10405080 D5=84418545 D6=84418545 D7=FFFF A0=3C0002 A1=108300 A2=F703C A3=108FA6 A4=30F104A A5=108000 A6=109058 PC=4108 -- 004108: move.b  (A2), D0
D0=3 D1=3 D2=0 D3=FFFF D4=10405080 D5=84418545 D6=84418545 D7=FFFF A0=3C0002 A1=108300 A2=F703C A3=108FA6 A4=30F104A A5=108000 A6=109058 PC=410A -- 00410A: subq.b  #2, D0
D0=1 D1=3 D2=0 D3=FFFF D4=10405080 D5=84418545 D6=84418545 D7=FFFF A0=3C0002 A1=108300 A2=F703C A3=108FA6 A4=30F104A A5=108000 A6=109058 PC=410C -- 00410C: bmi     $4118
D0=1 D1=3 D2=0 D3=FFFF D4=10405080 D5=84418545 D6=84418545 D7=FFFF A0=3C0002 A1=108300 A2=F703C A3=108FA6 A4=30F104A A5=108000 A6=109058 PC=410E -- 00410E: move.w  #$40, D1
D0=1 D1=40 D2=0 D3=FFFF D4=10405080 D5=84418545 D6=84418545 D7=FFFF A0=3C0002 A1=108300 A2=F703C A3=108FA6 A4=30F104A A5=108000 A6=109058 PC=4112 -- 004112: move.w  D1, (A3)+
D0=1 D1=40 D2=0 D3=FFFF D4=10405080 D5=84418545 D6=84418545 D7=FFFF A0=3C0002 A1=108300 A2=F703C A3=108FA8 A4=30F104A A5=108000 A6=109058 PC=4114 -- 004114: dbra    D0, $4112
D0=0 D1=40 D2=0 D3=FFFF D4=10405080 D5=84418545 D6=84418545 D7=FFFF A0=3C0002 A1=108300 A2=F703C A3=108FA8 A4=30F104A A5=108000 A6=109058 PC=4112 -- 004112: move.w  D1, (A3)+
D0=0 D1=40 D2=0 D3=FFFF D4=10405080 D5=84418545 D6=84418545 D7=FFFF A0=3C0002 A1=108300 A2=F703C A3=108FAA A4=30F104A A5=108000 A6=109058 PC=4114 -- 004114: dbra    D0, $4112
D0=FFFF D1=40 D2=0 D3=FFFF D4=10405080 D5=84418545 D6=84418545 D7=FFFF A0=3C0002 A1=108300 A2=F703C A3=108FAA A4=30F104A A5=108000 A6=109058 PC=4118 -- 004118: move.w  #$1, ($2,A0)
D0=FFFF D1=40 D2=0 D3=FFFF D4=10405080 D5=84418545 D6=84418545 D7=FFFF A0=3C0002 A1=108300 A2=F703C A3=108FAA A4=30F104A A5=108000 A6=109058 PC=411E -- 00411E: move.w  D5, (-$2,A0)
D0=FFFF D1=40 D2=0 D3=FFFF D4=10405080 D5=84418545 D6=84418545 D7=FFFF A0=3C0002 A1=108300 A2=F703C A3=108FAA A4=30F104A A5=108000 A6=109058 PC=4122 -- 004122: moveq   #$0, D1
D0=FFFF D1=0 D2=0 D3=FFFF D4=10405080 D5=84418545 D6=84418545 D7=FFFF A0=3C0002 A1=108300 A2=F703C A3=108FAA A4=30F104A A5=108000 A6=109058 PC=4124 -- 004124: move.b  ($68,A1), D0
D0=FFFF D1=0 D2=0 D3=FFFF D4=10405080 D5=84418545 D6=84418545 D7=FFFF A0=3C0002 A1=108300 A2=F703C A3=108FAA A4=30F104A A5=108000 A6=109058 PC=4128 -- 004128: move.b  D0, D1
D0=FFFF D1=FF D2=0 D3=FFFF D4=10405080 D5=84418545 D6=84418545 D7=FFFF A0=3C0002 A1=108300 A2=F703C A3=108FAA A4=30F104A A5=108000 A6=109058 PC=412A -- 00412A: andi.w  #$f, D0
D0=F D1=FF D2=0 D3=FFFF D4=10405080 D5=84418545 D6=84418545 D7=FFFF A0=3C0002 A1=108300 A2=F703C A3=108FAA A4=30F104A A5=108000 A6=109058 PC=412E -- 00412E: lsr.b   #4, D1
D0=F D1=F D2=0 D3=FFFF D4=10405080 D5=84418545 D6=84418545 D7=FFFF A0=3C0002 A1=108300 A2=F703C A3=108FAA A4=30F104A A5=108000 A6=109058 PC=4130 -- 004130: tst.b   D1
D0=F D1=F D2=0 D3=FFFF D4=10405080 D5=84418545 D6=84418545 D7=FFFF A0=3C0002 A1=108300 A2=F703C A3=108FAA A4=30F104A A5=108000 A6=109058 PC=4132 -- 004132: beq     $4164
D0=F D1=F D2=0 D3=FFFF D4=10405080 D5=84418545 D6=84418545 D7=FFFF A0=3C0002 A1=108300 A2=F703C A3=108FAA A4=30F104A A5=108000 A6=109058 PC=4134 -- 004134: lea     $4f9d2.l, A6
D0=F D1=F D2=0 D3=FFFF D4=10405080 D5=84418545 D6=84418545 D7=FFFF A0=3C0002 A1=108300 A2=F703C A3=108FAA A4=30F104A A5=108000 A6=4F9D2 PC=413A -- 00413A: lsl.w   #5, D0
D0=1E0 D1=F D2=0 D3=FFFF D4=10405080 D5=84418545 D6=84418545 D7=FFFF A0=3C0002 A1=108300 A2=F703C A3=108FAA A4=30F104A A5=108000 A6=4F9D2 PC=413C -- 00413C: adda.w  D0, A6
D0=1E0 D1=F D2=0 D3=FFFF D4=10405080 D5=84418545 D6=84418545 D7=FFFF A0=3C0002 A1=108300 A2=F703C A3=108FAA A4=30F104A A5=108000 A6=4FBB2 PC=413E -- 00413E: moveq   #$f, D0
D0=F D1=F D2=0 D3=FFFF D4=10405080 D5=84418545 D6=84418545 D7=FFFF A0=3C0002 A1=108300 A2=F703C A3=108FAA A4=30F104A A5=108000 A6=4FBB2 PC=4140 -- 004140: moveq   #$0, D2
D0=F D1=F D2=0 D3=FFFF D4=10405080 D5=84418545 D6=84418545 D7=FFFF A0=3C0002 A1=108300 A2=F703C A3=108FAA A4=30F104A A5=108000 A6=4FBB2 PC=4142 -- 004142: move.b  (A2), D2
D0=F D1=F D2=3 D3=FFFF D4=10405080 D5=84418545 D6=84418545 D7=FFFF A0=3C0002 A1=108300 A2=F703C A3=108FAA A4=30F104A A5=108000 A6=4FBB2 PC=4144 -- 004144: lsr.w   #1, D2
D0=F D1=F D2=1 D3=FFFF D4=10405080 D5=84418545 D6=84418545 D7=FFFF A0=3C0002 A1=108300 A2=F703C A3=108FAA A4=30F104A A5=108000 A6=4FBB2 PC=4146 -- 004146: sub.w   D2, D0
D0=E D1=F D2=1 D3=FFFF D4=10405080 D5=84418545 D6=84418545 D7=FFFF A0=3C0002 A1=108300 A2=F703C A3=108FAA A4=30F104A A5=108000 A6=4FBB2 PC=4148 -- 004148: adda.l  D0, A6
D0=E D1=F D2=1 D3=FFFF D4=10405080 D5=84418545 D6=84418545 D7=FFFF A0=3C0002 A1=108300 A2=F703C A3=108FAA A4=30F104A A5=108000 A6=4FBC0 PC=414A -- 00414A: move.b  (A2), D0
D0=3 D1=F D2=1 D3=FFFF D4=10405080 D5=84418545 D6=84418545 D7=FFFF A0=3C0002 A1=108300 A2=F703C A3=108FAA A4=30F104A A5=108000 A6=4FBC0 PC=414C -- 00414C: add.w   D0, D5
D0=3 D1=F D2=1 D3=FFFF D4=10405080 D5=84418545 D6=84418545 D7=FFFF A0=3C0002 A1=108300 A2=F703C A3=108FAA A4=30F104A A5=108000 A6=4FBC0 PC=414E -- 00414E: subq.b  #1, D0
D0=2 D1=F D2=1 D3=FFFF D4=10405080 D5=84418545 D6=84418545 D7=FFFF A0=3C0002 A1=108300 A2=F703C A3=108FAA A4=30F104A A5=108000 A6=4FBC0 PC=4150 -- 004150: move.b  D1, D2
D0=2 D1=F D2=F D3=FFFF D4=10405080 D5=84418545 D6=84418545 D7=FFFF A0=3C0002 A1=108300 A2=F703C A3=108FAA A4=30F104A A5=108000 A6=4FBC0 PC=4152 -- 004152: sub.b   (A6)+, D2
D0=2 D1=F D2=F D3=FFFF D4=10405080 D5=84418545 D6=84418545 D7=FFFF A0=3C0002 A1=108300 A2=F703C A3=108FAA A4=30F104A A5=108000 A6=4FBC1 PC=4154 -- 004154: lsl.w   #8, D2
D0=2 D1=F D2=F00 D3=FFFF D4=10405080 D5=84418545 D6=84418545 D7=FFFF A0=3C0002 A1=108300 A2=F703C A3=108FAA A4=30F104A A5=108000 A6=4FBC1 PC=4156 -- 004156: move.b  ($69,A1), D2
D0=2 D1=F D2=FFF D3=FFFF D4=10405080 D5=84418545 D6=84418545 D7=FFFF A0=3C0002 A1=108300 A2=F703C A3=108FAA A4=30F104A A5=108000 A6=4FBC1 PC=415A -- 00415A: move.w  D2, (A0)
D0=2 D1=F D2=FFF D3=FFFF D4=10405080 D5=84418545 D6=84418545 D7=FFFF A0=3C0002 A1=108300 A2=F703C A3=108FAA A4=30F104A A5=108000 A6=4FBC1 PC=415C -- 00415C: dbra    D0, $4150
D0=1 D1=F D2=FFF D3=FFFF D4=10405080 D5=84418545 D6=84418545 D7=FFFF A0=3C0002 A1=108300 A2=F703C A3=108FAA A4=30F104A A5=108000 A6=4FBC1 PC=4150 -- 004150: move.b  D1, D2
D0=1 D1=F D2=F0F D3=FFFF D4=10405080 D5=84418545 D6=84418545 D7=FFFF A0=3C0002 A1=108300 A2=F703C A3=108FAA A4=30F104A A5=108000 A6=4FBC1 PC=4152 -- 004152: sub.b   (A6)+, D2
D0=1 D1=F D2=F0F D3=FFFF D4=10405080 D5=84418545 D6=84418545 D7=FFFF A0=3C0002 A1=108300 A2=F703C A3=108FAA A4=30F104A A5=108000 A6=4FBC2 PC=4154 -- 004154: lsl.w   #8, D2
D0=1 D1=F D2=F00 D3=FFFF D4=10405080 D5=84418545 D6=84418545 D7=FFFF A0=3C0002 A1=108300 A2=F703C A3=108FAA A4=30F104A A5=108000 A6=4FBC2 PC=4156 -- 004156: move.b  ($69,A1), D2
D0=1 D1=F D2=FFF D3=FFFF D4=10405080 D5=84418545 D6=84418545 D7=FFFF A0=3C0002 A1=108300 A2=F703C A3=108FAA A4=30F104A A5=108000 A6=4FBC2 PC=415A -- 00415A: move.w  D2, (A0)
D0=1 D1=F D2=FFF D3=FFFF D4=10405080 D5=84418545 D6=84418545 D7=FFFF A0=3C0002 A1=108300 A2=F703C A3=108FAA A4=30F104A A5=108000 A6=4FBC2 PC=415C -- 00415C: dbra    D0, $4150

   (loops for 6 instructions)

D0=FFFF D1=F D2=FFF D3=FFFF D4=10405080 D5=84418545 D6=84418545 D7=FFFF A0=3C0002 A1=108300 A2=F703C A3=108FAA A4=30F104A A5=108000 A6=4FBC3 PC=4160 -- 004160: bra     $4178
D0=FFFF D1=F D2=FFF D3=FFFF D4=10405080 D5=84418545 D6=84418545 D7=FFFF A0=3C0002 A1=108300 A2=F703C A3=108FAA A4=30F104A A5=108000 A6=4FBC3 PC=4178 -- 004178: move.b  ($2,A2), D0
D0=FFCD D1=F D2=FFF D3=FFFF D4=10405080 D5=84418545 D6=84418545 D7=FFFF A0=3C0002 A1=108300 A2=F703C A3=108FAA A4=30F104A A5=108000 A6=4FBC3 PC=417C -- 00417C: tst.b   ($80,A1)
D0=FFCD D1=F D2=FFF D3=FFFF D4=10405080 D5=84418545 D6=84418545 D7=FFFF A0=3C0002 A1=108300 A2=F703C A3=108FAA A4=30F104A A5=108000 A6=4FBC3 PC=4180 -- 004180: beq     $4188
D0=FFCD D1=F D2=FFF D3=FFFF D4=10405080 D5=84418545 D6=84418545 D7=FFFF A0=3C0002 A1=108300 A2=F703C A3=108FAA A4=30F104A A5=108000 A6=4FBC3 PC=4188 -- 004188: add.b   ($30,A1), D0
D0=FFCD D1=F D2=FFF D3=FFFF D4=10405080 D5=84418545 D6=84418545 D7=FFFF A0=3C0002 A1=108300 A2=F703C A3=108FAA A4=30F104A A5=108000 A6=4FBC3 PC=418C -- 00418C: lsl.w   #8, D0
D0=CD00 D1=F D2=FFF D3=FFFF D4=10405080 D5=84418545 D6=84418545 D7=FFFF A0=3C0002 A1=108300 A2=F703C A3=108FAA A4=30F104A A5=108000 A6=4FBC3 PC=418E -- 00418E: tst.b   ($3,A2)
D0=CD00 D1=F D2=FFF D3=FFFF D4=10405080 D5=84418545 D6=84418545 D7=FFFF A0=3C0002 A1=108300 A2=F703C A3=108FAA A4=30F104A A5=108000 A6=4FBC3 PC=4192 -- 004192: beq     $4198
D0=CD00 D1=F D2=FFF D3=FFFF D4=10405080 D5=84418545 D6=84418545 D7=FFFF A0=3C0002 A1=108300 A2=F703C A3=108FAA A4=30F104A A5=108000 A6=4FBC3 PC=4194 -- 004194: move.b  #$10, D0
D0=CD10 D1=F D2=FFF D3=FFFF D4=10405080 D5=84418545 D6=84418545 D7=FFFF A0=3C0002 A1=108300 A2=F703C A3=108FAA A4=30F104A A5=108000 A6=4FBC3 PC=4198 -- 004198: move.w  ($4,A2), D1
D0=CD10 D1=DF8A D2=FFF D3=FFFF D4=10405080 D5=84418545 D6=84418545 D7=FFFF A0=3C0002 A1=108300 A2=F703C A3=108FAA A4=30F104A A5=108000 A6=4FBC3 PC=419C -- 00419C: moveq   #$0, D3
D0=CD10 D1=DF8A D2=FFF D3=0 D4=10405080 D5=84418545 D6=84418545 D7=FFFF A0=3C0002 A1=108300 A2=F703C A3=108FAA A4=30F104A A5=108000 A6=4FBC3 PC=419E -- 00419E: move.b  (A2), D3
D0=CD10 D1=DF8A D2=FFF D3=3 D4=10405080 D5=84418545 D6=84418545 D7=FFFF A0=3C0002 A1=108300 A2=F703C A3=108FAA A4=30F104A A5=108000 A6=4FBC3 PC=41A0 -- 0041A0: subq.b  #1, D3
D0=CD10 D1=DF8A D2=FFF D3=2 D4=10405080 D5=84418545 D6=84418545 D7=FFFF A0=3C0002 A1=108300 A2=F703C A3=108FAA A4=30F104A A5=108000 A6=4FBC3 PC=41A2 -- 0041A2: move.w  ($790,A5), D7
D0=CD10 D1=DF8A D2=FFF D3=2 D4=10405080 D5=84418545 D6=84418545 D7=0 A0=3C0002 A1=108300 A2=F703C A3=108FAA A4=30F104A A5=108000 A6=4FBC3 PC=41A6 -- 0041A6: add.w   D7, D7
D0=CD10 D1=DF8A D2=FFF D3=2 D4=10405080 D5=84418545 D6=84418545 D7=0 A0=3C0002 A1=108300 A2=F703C A3=108FAA A4=30F104A A5=108000 A6=4FBC3 PC=41A8 -- 0041A8: add.w   D7, D7
D0=CD10 D1=DF8A D2=FFF D3=2 D4=10405080 D5=84418545 D6=84418545 D7=0 A0=3C0002 A1=108300 A2=F703C A3=108FAA A4=30F104A A5=108000 A6=4FBC3 PC=41AA -- 0041AA: movea.l ($4,PC,D7.w), A6
D0=CD10 D1=DF8A D2=FFF D3=2 D4=10405080 D5=84418545 D6=84418545 D7=0 A0=3C0002 A1=108300 A2=F703C A3=108FAA A4=30F104A A5=108000 A6=428C PC=41AE -- 0041AE: jmp     (A6)
D0=CD10 D1=DF8A D2=FFF D3=2 D4=10405080 D5=84418545 D6=84418545 D7=0 A0=3C0002 A1=108300 A2=F703C A3=108FAA A4=30F104A A5=108000 A6=428C PC=428C -- 00428C: lea     ($6,A2), A6
D0=CD10 D1=DF8A D2=FFF D3=2 D4=10405080 D5=84418545 D6=84418545 D7=0 A0=3C0002 A1=108300 A2=F703C A3=108FAA A4=30F104A A5=108000 A6=F7042 PC=4290 -- 004290: move.w  #$1, ($2,A0)
D0=CD10 D1=DF8A D2=FFF D3=2 D4=10405080 D5=84418545 D6=84418545 D7=0 A0=3C0002 A1=108300 A2=F703C A3=108FAA A4=30F104A A5=108000 A6=F7042 PC=4296 -- 004296: moveq   #$0, D7
D0=CD10 D1=DF8A D2=FFF D3=2 D4=10405080 D5=84418545 D6=84418545 D7=0 A0=3C0002 A1=108300 A2=F703C A3=108FAA A4=30F104A A5=108000 A6=F7042 PC=4298 -- 004298: move.b  ($1,A2), D7
D0=CD10 D1=DF8A D2=FFF D3=2 D4=10405080 D5=84418545 D6=84418545 D7=3 A0=3C0002 A1=108300 A2=F703C A3=108FAA A4=30F104A A5=108000 A6=F7042 PC=429C -- 00429C: subq.b  #1, D7
D0=CD10 D1=DF8A D2=FFF D3=2 D4=10405080 D5=84418545 D6=84418545 D7=2 A0=3C0002 A1=108300 A2=F703C A3=108FAA A4=30F104A A5=108000 A6=F7042 PC=429E -- 00429E: move.w  (A6)+, D2
D0=CD10 D1=DF8A D2=6000 D3=2 D4=10405080 D5=84418545 D6=84418545 D7=2 A0=3C0002 A1=108300 A2=F703C A3=108FAA A4=30F104A A5=108000 A6=F7044 PC=42A0 -- 0042A0: move.w  D4, (-$2,A0)
D0=CD10 D1=DF8A D2=6000 D3=2 D4=10405080 D5=84418545 D6=84418545 D7=2 A0=3C0002 A1=108300 A2=F703C A3=108FAA A4=30F104A A5=108000 A6=F7044 PC=42A4 -- 0042A4: add.w   D2, D2
D0=CD10 D1=DF8A D2=C000 D3=2 D4=10405080 D5=84418545 D6=84418545 D7=2 A0=3C0002 A1=108300 A2=F703C A3=108FAA A4=30F104A A5=108000 A6=F7044 PC=42A6 -- 0042A6: bcc     $42b8
D0=CD10 D1=DF8A D2=C000 D3=2 D4=10405080 D5=84418545 D6=84418545 D7=2 A0=3C0002 A1=108300 A2=F703C A3=108FAA A4=30F104A A5=108000 A6=F7044 PC=42B8 -- 0042B8: move.w  #$0, (A0)
D0=CD10 D1=DF8A D2=C000 D3=2 D4=10405080 D5=84418545 D6=84418545 D7=2 A0=3C0002 A1=108300 A2=F703C A3=108FAA A4=30F104A A5=108000 A6=F7044 PC=42BC -- 0042BC: move.w  #$0, (A0)
D0=CD10 D1=DF8A D2=C000 D3=2 D4=10405080 D5=84418545 D6=84418545 D7=2 A0=3C0002 A1=108300 A2=F703C A3=108FAA A4=30F104A A5=108000 A6=F7044 PC=42C0 -- 0042C0: dbra    D7, $42a4
D0=CD10 D1=DF8A D2=C000 D3=2 D4=10405080 D5=84418545 D6=84418545 D7=1 A0=3C0002 A1=108300 A2=F703C A3=108FAA A4=30F104A A5=108000 A6=F7044 PC=42A4 -- 0042A4: add.w   D2, D2
D0=CD10 D1=DF8A D2=8000 D3=2 D4=10405080 D5=84418545 D6=84418545 D7=1 A0=3C0002 A1=108300 A2=F703C A3=108FAA A4=30F104A A5=108000 A6=F7044 PC=42A6 -- 0042A6: bcc     $42b8
D0=CD10 D1=DF8A D2=8000 D3=2 D4=10405080 D5=84418545 D6=84418545 D7=1 A0=3C0002 A1=108300 A2=F703C A3=108FAA A4=30F104A A5=108000 A6=F7044 PC=42A8 -- 0042A8: move.w  D1, (A0)
D0=CD10 D1=DF8A D2=8000 D3=2 D4=10405080 D5=84418545 D6=84418545 D7=1 A0=3C0002 A1=108300 A2=F703C A3=108FAA A4=30F104A A5=108000 A6=F7044 PC=42AA -- 0042AA: nop
D0=CD10 D1=DF8A D2=8000 D3=2 D4=10405080 D5=84418545 D6=84418545 D7=1 A0=3C0002 A1=108300 A2=F703C A3=108FAA A4=30F104A A5=108000 A6=F7044 PC=42AC -- 0042AC: move.w  D0, (A0)
D0=CD10 D1=DF8A D2=8000 D3=2 D4=10405080 D5=84418545 D6=84418545 D7=1 A0=3C0002 A1=108300 A2=F703C A3=108FAA A4=30F104A A5=108000 A6=F7044 PC=42AE -- 0042AE: addq.w  #1, D1
D0=CD10 D1=DF8B D2=8000 D3=2 D4=10405080 D5=84418545 D6=84418545 D7=1 A0=3C0002 A1=108300 A2=F703C A3=108FAA A4=30F104A A5=108000 A6=F7044 PC=42B0 -- 0042B0: bcc     $42c0
D0=CD10 D1=DF8B D2=8000 D3=2 D4=10405080 D5=84418545 D6=84418545 D7=1 A0=3C0002 A1=108300 A2=F703C A3=108FAA A4=30F104A A5=108000 A6=F7044 PC=42C0 -- 0042C0: dbra    D7, $42a4

   (loops for 2 instructions)

D0=CD10 D1=DF8B D2=0 D3=2 D4=10405080 D5=84418545 D6=84418545 D7=0 A0=3C0002 A1=108300 A2=F703C A3=108FAA A4=30F104A A5=108000 A6=F7044 PC=42A8 -- 0042A8: move.w  D1, (A0)
D0=CD10 D1=DF8B D2=0 D3=2 D4=10405080 D5=84418545 D6=84418545 D7=0 A0=3C0002 A1=108300 A2=F703C A3=108FAA A4=30F104A A5=108000 A6=F7044 PC=42AA -- 0042AA: nop
D0=CD10 D1=DF8B D2=0 D3=2 D4=10405080 D5=84418545 D6=84418545 D7=0 A0=3C0002 A1=108300 A2=F703C A3=108FAA A4=30F104A A5=108000 A6=F7044 PC=42AC -- 0042AC: move.w  D0, (A0)
D0=CD10 D1=DF8B D2=0 D3=2 D4=10405080 D5=84418545 D6=84418545 D7=0 A0=3C0002 A1=108300 A2=F703C A3=108FAA A4=30F104A A5=108000 A6=F7044 PC=42AE -- 0042AE: addq.w  #1, D1
D0=CD10 D1=DF8C D2=0 D3=2 D4=10405080 D5=84418545 D6=84418545 D7=0 A0=3C0002 A1=108300 A2=F703C A3=108FAA A4=30F104A A5=108000 A6=F7044 PC=42B0 -- 0042B0: bcc     $42c0

   (loops for 1 instructions)

D0=CD10 D1=DF8C D2=0 D3=2 D4=10405080 D5=84418545 D6=84418545 D7=FFFF A0=3C0002 A1=108300 A2=F703C A3=108FAA A4=30F104A A5=108000 A6=F7044 PC=42C4 -- 0042C4: bsr     $47c0
D0=CD10 D1=DF8C D2=0 D3=2 D4=10405080 D5=84418545 D6=84418545 D7=FFFF A0=3C0002 A1=108300 A2=F703C A3=108FAA A4=30F104A A5=108000 A6=F7044 PC=47C0 -- 0047C0: tst.b   ($78f,A5)
D0=CD10 D1=DF8C D2=0 D3=2 D4=10405080 D5=84418545 D6=84418545 D7=FFFF A0=3C0002 A1=108300 A2=F703C A3=108FAA A4=30F104A A5=108000 A6=F7044 PC=47C4 -- 0047C4: bpl     $47c8
D0=CD10 D1=DF8C D2=0 D3=2 D4=10405080 D5=84418545 D6=84418545 D7=FFFF A0=3C0002 A1=108300 A2=F703C A3=108FAA A4=30F104A A5=108000 A6=F7044 PC=47C6 -- 0047C6: rts
D0=CD10 D1=DF8C D2=0 D3=2 D4=10405080 D5=84418545 D6=84418545 D7=FFFF A0=3C0002 A1=108300 A2=F703C A3=108FAA A4=30F104A A5=108000 A6=F7044 PC=42C8 -- 0042C8: addi.w  #$40, D4
D0=CD10 D1=DF8C D2=0 D3=2 D4=104050C0 D5=84418545 D6=84418545 D7=FFFF A0=3C0002 A1=108300 A2=F703C A3=108FAA A4=30F104A A5=108000 A6=F7044 PC=42CC -- 0042CC: dbra    D3, $4296
D0=CD10 D1=DF8C D2=0 D3=1 D4=104050C0 D5=84418545 D6=84418545 D7=FFFF A0=3C0002 A1=108300 A2=F703C A3=108FAA A4=30F104A A5=108000 A6=F7044 PC=4296 -- 004296: moveq   #$0, D7
D0=CD10 D1=DF8C D2=0 D3=1 D4=104050C0 D5=84418545 D6=84418545 D7=0 A0=3C0002 A1=108300 A2=F703C A3=108FAA A4=30F104A A5=108000 A6=F7044 PC=4298 -- 004298: move.b  ($1,A2), D7
D0=CD10 D1=DF8C D2=0 D3=1 D4=104050C0 D5=84418545 D6=84418545 D7=3 A0=3C0002 A1=108300 A2=F703C A3=108FAA A4=30F104A A5=108000 A6=F7044 PC=429C -- 00429C: subq.b  #1, D7
D0=CD10 D1=DF8C D2=0 D3=1 D4=104050C0 D5=84418545 D6=84418545 D7=2 A0=3C0002 A1=108300 A2=F703C A3=108FAA A4=30F104A A5=108000 A6=F7044 PC=429E -- 00429E: move.w  (A6)+, D2
D0=CD10 D1=DF8C D2=A000 D3=1 D4=104050C0 D5=84418545 D6=84418545 D7=2 A0=3C0002 A1=108300 A2=F703C A3=108FAA A4=30F104A A5=108000 A6=F7046 PC=42A0 -- 0042A0: move.w  D4, (-$2,A0)

   (loops for 10 instructions)

D0=CD10 D1=DF8D D2=8000 D3=1 D4=104050C0 D5=84418545 D6=84418545 D7=1 A0=3C0002 A1=108300 A2=F703C A3=108FAA A4=30F104A A5=108000 A6=F7046 PC=42B8 -- 0042B8: move.w  #$0, (A0)
D0=CD10 D1=DF8D D2=8000 D3=1 D4=104050C0 D5=84418545 D6=84418545 D7=1 A0=3C0002 A1=108300 A2=F703C A3=108FAA A4=30F104A A5=108000 A6=F7046 PC=42BC -- 0042BC: move.w  #$0, (A0)

   (loops for 9 instructions)

D0=CD10 D1=DF8E D2=0 D3=1 D4=104050C0 D5=84418545 D6=84418545 D7=FFFF A0=3C0002 A1=108300 A2=F703C A3=108FAA A4=30F104A A5=108000 A6=F7046 PC=42C4 -- 0042C4: bsr     $47c0
D0=CD10 D1=DF8E D2=0 D3=1 D4=104050C0 D5=84418545 D6=84418545 D7=FFFF A0=3C0002 A1=108300 A2=F703C A3=108FAA A4=30F104A A5=108000 A6=F7046 PC=47C0 -- 0047C0: tst.b   ($78f,A5)
D0=CD10 D1=DF8E D2=0 D3=1 D4=104050C0 D5=84418545 D6=84418545 D7=FFFF A0=3C0002 A1=108300 A2=F703C A3=108FAA A4=30F104A A5=108000 A6=F7046 PC=47C4 -- 0047C4: bpl     $47c8
D0=CD10 D1=DF8E D2=0 D3=1 D4=104050C0 D5=84418545 D6=84418545 D7=FFFF A0=3C0002 A1=108300 A2=F703C A3=108FAA A4=30F104A A5=108000 A6=F7046 PC=47C6 -- 0047C6: rts
D0=CD10 D1=DF8E D2=0 D3=1 D4=104050C0 D5=84418545 D6=84418545 D7=FFFF A0=3C0002 A1=108300 A2=F703C A3=108FAA A4=30F104A A5=108000 A6=F7046 PC=42C8 -- 0042C8: addi.w  #$40, D4
D0=CD10 D1=DF8E D2=0 D3=1 D4=10405100 D5=84418545 D6=84418545 D7=FFFF A0=3C0002 A1=108300 A2=F703C A3=108FAA A4=30F104A A5=108000 A6=F7046 PC=42CC -- 0042CC: dbra    D3, $4296

   (loops for 32 instructions)

D0=CD10 D1=DF90 D2=0 D3=FFFF D4=10405140 D5=84418545 D6=84418545 D7=FFFF A0=3C0002 A1=108300 A2=F703C A3=108FAA A4=30F104A A5=108000 A6=F7048 PC=42D0 -- 0042D0: rts
D0=CD10 D1=DF90 D2=0 D3=FFFF D4=10405140 D5=84418545 D6=84418545 D7=FFFF A0=3C0002 A1=108300 A2=F703C A3=108FAA A4=30F104A A5=108000 A6=F7048 PC=4016 -- 004016: bra     $401c
D0=CD10 D1=DF90 D2=0 D3=FFFF D4=10405140 D5=84418545 D6=84418545 D7=FFFF A0=3C0002 A1=108300 A2=F703C A3=108FAA A4=30F104A A5=108000 A6=F7048 PC=401C -- 00401C: movea.l (A7)+, A6
D0=CD10 D1=DF90 D2=0 D3=FFFF D4=10405140 D5=84418545 D6=84418545 D7=FFFF A0=3C0002 A1=108300 A2=F703C A3=108FAA A4=30F104A A5=108000 A6=108E3C PC=401E -- 00401E: btst    #$5, ($4,A4)
D0=CD10 D1=DF90 D2=0 D3=FFFF D4=10405140 D5=84418545 D6=84418545 D7=FFFF A0=3C0002 A1=108300 A2=F703C A3=108FAA A4=30F104A A5=108000 A6=108E3C PC=4024 -- 004024: beq     $4056
D0=CD10 D1=DF90 D2=0 D3=FFFF D4=10405140 D5=84418545 D6=84418545 D7=FFFF A0=3C0002 A1=108300 A2=F703C A3=108FAA A4=30F104A A5=108000 A6=108E3C PC=4056 -- 004056: tst.b   ($7c,A1)
D0=CD10 D1=DF90 D2=0 D3=FFFF D4=10405140 D5=84418545 D6=84418545 D7=FFFF A0=3C0002 A1=108300 A2=F703C A3=108FAA A4=30F104A A5=108000 A6=108E3C PC=405A -- 00405A: bpl     $4064
D0=CD10 D1=DF90 D2=0 D3=FFFF D4=10405140 D5=84418545 D6=84418545 D7=FFFF A0=3C0002 A1=108300 A2=F703C A3=108FAA A4=30F104A A5=108000 A6=108E3C PC=4064 -- 004064: movea.l (A7)+, A0
D0=CD10 D1=DF90 D2=0 D3=FFFF D4=10405140 D5=84418545 D6=84418545 D7=FFFF A0=108932 A1=108300 A2=F703C A3=108FAA A4=30F104A A5=108000 A6=108E3C PC=4066 -- 004066: subq.w  #1, ($e3a,A5)
D0=CD10 D1=DF90 D2=0 D3=FFFF D4=10405140 D5=84418545 D6=84418545 D7=FFFF A0=108932 A1=108300 A2=F703C A3=108FAA A4=30F104A A5=108000 A6=108E3C PC=406A -- 00406A: bne     $3f32
D0=CD10 D1=DF90 D2=0 D3=FFFF D4=10405140 D5=84418545 D6=84418545 D7=FFFF A0=108932 A1=108300 A2=F703C A3=108FAA A4=30F104A A5=108000 A6=108E3C PC=406E -- 00406E: move.w  #$ffff, ($e38,A5)
D0=CD10 D1=DF90 D2=0 D3=FFFF D4=10405140 D5=84418545 D6=84418545 D7=FFFF A0=108932 A1=108300 A2=F703C A3=108FAA A4=30F104A A5=108000 A6=108E3C PC=4074 -- 004074: clr.w   ($e3a,A5)
D0=CD10 D1=DF90 D2=0 D3=FFFF D4=10405140 D5=84418545 D6=84418545 D7=FFFF A0=108932 A1=108300 A2=F703C A3=108FAA A4=30F104A A5=108000 A6=108E3C PC=4078 -- 004078: move.l  ($103c,A5), D0
D0=20006D D1=DF90 D2=0 D3=FFFF D4=10405140 D5=84418545 D6=84418545 D7=FFFF A0=108932 A1=108300 A2=F703C A3=108FAA A4=30F104A A5=108000 A6=108E3C PC=407C -- 00407C: move.l  ($1040,A5), ($103c,A5)
D0=20006D D1=DF90 D2=0 D3=FFFF D4=10405140 D5=84418545 D6=84418545 D7=FFFF A0=108932 A1=108300 A2=F703C A3=108FAA A4=30F104A A5=108000 A6=108E3C PC=4082 -- 004082: move.l  D0, ($1040,A5)
D0=20006D D1=DF90 D2=0 D3=FFFF D4=10405140 D5=84418545 D6=84418545 D7=FFFF A0=108932 A1=108300 A2=F703C A3=108FAA A4=30F104A A5=108000 A6=108E3C PC=4086 -- 004086: rts
D0=20006D D1=DF90 D2=0 D3=FFFF D4=10405140 D5=84418545 D6=84418545 D7=FFFF A0=108932 A1=108300 A2=F703C A3=108FAA A4=30F104A A5=108000 A6=108E3C PC=32AF4 -- 032AF4: move.b  #$1, $3a0001.l
D0=20006D D1=DF90 D2=0 D3=FFFF D4=10405140 D5=84418545 D6=84418545 D7=FFFF A0=108932 A1=108300 A2=F703C A3=108FAA A4=30F104A A5=108000 A6=108E3C PC=32AFC -- 032AFC: jsr     $673e.l
D0=20006D D1=DF90 D2=0 D3=FFFF D4=10405140 D5=84418545 D6=84418545 D7=FFFF A0=108932 A1=108300 A2=F703C A3=108FAA A4=30F104A A5=108000 A6=108E3C PC=673E -- 00673E: btst    #$4, (-$7fff,A5)
D0=20006D D1=DF90 D2=0 D3=FFFF D4=10405140 D5=84418545 D6=84418545 D7=FFFF A0=108932 A1=108300 A2=F703C A3=108FAA A4=30F104A A5=108000 A6=108E3C PC=6744 -- 006744: bne     $6752
D0=20006D D1=DF90 D2=0 D3=FFFF D4=10405140 D5=84418545 D6=84418545 D7=FFFF A0=108932 A1=108300 A2=F703C A3=108FAA A4=30F104A A5=108000 A6=108E3C PC=6748 -- 006748: tst.b   ($4704,A5)
D0=20006D D1=DF90 D2=0 D3=FFFF D4=10405140 D5=84418545 D6=84418545 D7=FFFF A0=108932 A1=108300 A2=F703C A3=108FAA A4=30F104A A5=108000 A6=108E3C PC=674C -- 00674C: bmi     $68fc
D0=20006D D1=DF90 D2=0 D3=FFFF D4=10405140 D5=84418545 D6=84418545 D7=FFFF A0=108932 A1=108300 A2=F703C A3=108FAA A4=30F104A A5=108000 A6=108E3C PC=6750 -- 006750: rts
D0=20006D D1=DF90 D2=0 D3=FFFF D4=10405140 D5=84418545 D6=84418545 D7=FFFF A0=108932 A1=108300 A2=F703C A3=108FAA A4=30F104A A5=108000 A6=108E3C PC=32B02 -- 032B02: jsr     $6972.l
D0=20006D D1=DF90 D2=0 D3=FFFF D4=10405140 D5=84418545 D6=84418545 D7=FFFF A0=108932 A1=108300 A2=F703C A3=108FAA A4=30F104A A5=108000 A6=108E3C PC=6972 -- 006972: btst    #$5, (-$7fff,A5)
D0=20006D D1=DF90 D2=0 D3=FFFF D4=10405140 D5=84418545 D6=84418545 D7=FFFF A0=108932 A1=108300 A2=F703C A3=108FAA A4=30F104A A5=108000 A6=108E3C PC=6978 -- 006978: bne     $6986
D0=20006D D1=DF90 D2=0 D3=FFFF D4=10405140 D5=84418545 D6=84418545 D7=FFFF A0=108932 A1=108300 A2=F703C A3=108FAA A4=30F104A A5=108000 A6=108E3C PC=697C -- 00697C: tst.b   ($470e,A5)
D0=20006D D1=DF90 D2=0 D3=FFFF D4=10405140 D5=84418545 D6=84418545 D7=FFFF A0=108932 A1=108300 A2=F703C A3=108FAA A4=30F104A A5=108000 A6=108E3C PC=6980 -- 006980: bmi     $7506
D0=20006D D1=DF90 D2=0 D3=FFFF D4=10405140 D5=84418545 D6=84418545 D7=FFFF A0=108932 A1=108300 A2=F703C A3=108FAA A4=30F104A A5=108000 A6=108E3C PC=6984 -- 006984: rts
D0=20006D D1=DF90 D2=0 D3=FFFF D4=10405140 D5=84418545 D6=84418545 D7=FFFF A0=108932 A1=108300 A2=F703C A3=108FAA A4=30F104A A5=108000 A6=108E3C PC=32B08 -- 032B08: tst.w   (-$7f76,A5)
D0=20006D D1=DF90 D2=0 D3=FFFF D4=10405140 D5=84418545 D6=84418545 D7=FFFF A0=108932 A1=108300 A2=F703C A3=108FAA A4=30F104A A5=108000 A6=108E3C PC=32B0C -- 032B0C: beq     $32b24
D0=20006D D1=DF90 D2=0 D3=FFFF D4=10405140 D5=84418545 D6=84418545 D7=FFFF A0=108932 A1=108300 A2=F703C A3=108FAA A4=30F104A A5=108000 A6=108E3C PC=32B24 -- 032B24: bra     $329cc
D0=20006D D1=DF90 D2=0 D3=FFFF D4=10405140 D5=84418545 D6=84418545 D7=FFFF A0=108932 A1=108300 A2=F703C A3=108FAA A4=30F104A A5=108000 A6=108E3C PC=329CC -- 0329CC: move.b  #$0, ($784,A5)
D0=20006D D1=DF90 D2=0 D3=FFFF D4=10405140 D5=84418545 D6=84418545 D7=FFFF A0=108932 A1=108300 A2=F703C A3=108FAA A4=30F104A A5=108000 A6=108E3C PC=329D2 -- 0329D2: jsr     ($4d2,PC) ; ($32ea6)
D0=20006D D1=DF90 D2=0 D3=FFFF D4=10405140 D5=84418545 D6=84418545 D7=FFFF A0=108932 A1=108300 A2=F703C A3=108FAA A4=30F104A A5=108000 A6=108E3C PC=32EA6 -- 032EA6: btst    #$7, (-$8000,A5)
D0=20006D D1=DF90 D2=0 D3=FFFF D4=10405140 D5=84418545 D6=84418545 D7=FFFF A0=108932 A1=108300 A2=F703C A3=108FAA A4=30F104A A5=108000 A6=108E3C PC=32EAC -- 032EAC: bne     $32ed0
D0=20006D D1=DF90 D2=0 D3=FFFF D4=10405140 D5=84418545 D6=84418545 D7=FFFF A0=108932 A1=108300 A2=F703C A3=108FAA A4=30F104A A5=108000 A6=108E3C PC=32EB0 -- 032EB0: tst.b   $10fd82.l
D0=20006D D1=DF90 D2=0 D3=FFFF D4=10405140 D5=84418545 D6=84418545 D7=FFFF A0=108932 A1=108300 A2=F703C A3=108FAA A4=30F104A A5=108000 A6=108E3C PC=32EB6 -- 032EB6: bne     $32f16
D0=20006D D1=DF90 D2=0 D3=FFFF D4=10405140 D5=84418545 D6=84418545 D7=FFFF A0=108932 A1=108300 A2=F703C A3=108FAA A4=30F104A A5=108000 A6=108E3C PC=32F16 -- 032F16: rts
D0=20006D D1=DF90 D2=0 D3=FFFF D4=10405140 D5=84418545 D6=84418545 D7=FFFF A0=108932 A1=108300 A2=F703C A3=108FAA A4=30F104A A5=108000 A6=108E3C PC=329D6 -- 0329D6: nop
D0=20006D D1=DF90 D2=0 D3=FFFF D4=10405140 D5=84418545 D6=84418545 D7=FFFF A0=108932 A1=108300 A2=F703C A3=108FAA A4=30F104A A5=108000 A6=108E3C PC=329D8 -- 0329D8: tst.b   ($784,A5)
D0=20006D D1=DF90 D2=0 D3=FFFF D4=10405140 D5=84418545 D6=84418545 D7=FFFF A0=108932 A1=108300 A2=F703C A3=108FAA A4=30F104A A5=108000 A6=108E3C PC=329DC -- 0329DC: beq     $329d2
D0=20006D D1=DF90 D2=0 D3=FFFF D4=10405140 D5=84418545 D6=84418545 D7=FFFF A0=108932 A1=108300 A2=F703C A3=108FAA A4=30F104A A5=108000 A6=108E3C PC=329D2 -- 0329D2: jsr     ($4d2,PC) ; ($32ea6)
D0=20006D D1=DF90 D2=0 D3=FFFF D4=10405140 D5=84418545 D6=84418545 D7=FFFF A0=108932 A1=108300 A2=F703C A3=108FAA A4=30F104A A5=108000 A6=108E3C PC=32EA6 -- 032EA6: btst    #$7, (-$8000,A5)
D0=20006D D1=DF90 D2=0 D3=FFFF D4=10405140 D5=84418545 D6=84418545 D7=FFFF A0=108932 A1=108300 A2=F703C A3=108FAA A4=30F104A A5=108000 A6=108E3C PC=32EAC -- 032EAC: bne     $32ed0
D0=20006D D1=DF90 D2=0 D3=FFFF D4=10405140 D5=84418545 D6=84418545 D7=FFFF A0=108932 A1=108300 A2=F703C A3=108FAA A4=30F104A A5=108000 A6=108E3C PC=32EB0 -- 032EB0: tst.b   $10fd82.l
D0=20006D D1=DF90 D2=0 D3=FFFF D4=10405140 D5=84418545 D6=84418545 D7=FFFF A0=108932 A1=108300 A2=F703C A3=108FAA A4=30F104A A5=108000 A6=108E3C PC=32EB6 -- 032EB6: bne     $32f16
D0=20006D D1=DF90 D2=0 D3=FFFF D4=10405140 D5=84418545 D6=84418545 D7=FFFF A0=108932 A1=108300 A2=F703C A3=108FAA A4=30F104A A5=108000 A6=108E3C PC=32F16 -- 032F16: rts
D0=20006D D1=DF90 D2=0 D3=FFFF D4=10405140 D5=84418545 D6=84418545 D7=FFFF A0=108932 A1=108300 A2=F703C A3=108FAA A4=30F104A A5=108000 A6=108E3C PC=329D6 -- 0329D6: nop
D0=20006D D1=DF90 D2=0 D3=FFFF D4=10405140 D5=84418545 D6=84418545 D7=FFFF A0=108932 A1=108300 A2=F703C A3=108FAA A4=30F104A A5=108000 A6=108E3C PC=329D8 -- 0329D8: tst.b   ($784,A5)
D0=20006D D1=DF90 D2=0 D3=FFFF D4=10405140 D5=84418545 D6=84418545 D7=FFFF A0=108932 A1=108300 A2=F703C A3=108FAA A4=30F104A A5=108000 A6=108E3C PC=329DC -- 0329DC: beq     $329d2

   (loops for 2064 instructions)

D0=20006D D1=DF90 D2=0 D3=FFFF D4=10405140 D5=84418545 D6=84418545 D7=FFFF A0=108932 A1=108300 A2=F703C A3=108FAA A4=30F104A A5=108000 A6=108E3C PC=32B7C -- 032B7C: tst.b   $10fd80.l
D0=20006D D1=DF90 D2=0 D3=FFFF D4=10405140 D5=84418545 D6=84418545 D7=FFFF A0=108932 A1=108300 A2=F703C A3=108FAA A4=30F104A A5=108000 A6=108E3C PC=32B82 -- 032B82: bmi     $32b8a
D0=20006D D1=DF90 D2=0 D3=FFFF D4=10405140 D5=84418545 D6=84418545 D7=FFFF A0=108932 A1=108300 A2=F703C A3=108FAA A4=30F104A A5=108000 A6=108E3C PC=32B8A -- 032B8A: ori     #$700, SR
D0=20006D D1=DF90 D2=0 D3=FFFF D4=10405140 D5=84418545 D6=84418545 D7=FFFF A0=108932 A1=108300 A2=F703C A3=108FAA A4=30F104A A5=108000 A6=108E3C PC=32B8E -- 032B8E: movem.l D0-D7/A0-A6, -(A7)
D0=20006D D1=DF90 D2=0 D3=FFFF D4=10405140 D5=84418545 D6=84418545 D7=FFFF A0=108932 A1=108300 A2=F703C A3=108FAA A4=30F104A A5=108000 A6=108E3C PC=32B92 -- 032B92: move.l  ($4178,A5), D0
D0=10BDF4 D1=DF90 D2=0 D3=FFFF D4=10405140 D5=84418545 D6=84418545 D7=FFFF A0=108932 A1=108300 A2=F703C A3=108FAA A4=30F104A A5=108000 A6=108E3C PC=32B96 -- 032B96: move.l  ($4174,A5), ($4178,A5)
D0=10BDF4 D1=DF90 D2=0 D3=FFFF D4=10405140 D5=84418545 D6=84418545 D7=FFFF A0=108932 A1=108300 A2=F703C A3=108FAA A4=30F104A A5=108000 A6=108E3C PC=32B9C -- 032B9C: move.l  D0, ($4174,A5)
D0=10BDF4 D1=DF90 D2=0 D3=FFFF D4=10405140 D5=84418545 D6=84418545 D7=FFFF A0=108932 A1=108300 A2=F703C A3=108FAA A4=30F104A A5=108000 A6=108E3C PC=32BA0 -- 032BA0: move.l  D0, ($417c,A5)
D0=10BDF4 D1=DF90 D2=0 D3=FFFF D4=10405140 D5=84418545 D6=84418545 D7=FFFF A0=108932 A1=108300 A2=F703C A3=108FAA A4=30F104A A5=108000 A6=108E3C PC=32BA4 -- 032BA4: lea     $108000.l, A5
D0=10BDF4 D1=DF90 D2=0 D3=FFFF D4=10405140 D5=84418545 D6=84418545 D7=FFFF A0=108932 A1=108300 A2=F703C A3=108FAA A4=30F104A A5=108000 A6=108E3C PC=32BAA -- 032BAA: move.b  D0, $300001.l
D0=10BDF4 D1=DF90 D2=0 D3=FFFF D4=10405140 D5=84418545 D6=84418545 D7=FFFF A0=108932 A1=108300 A2=F703C A3=108FAA A4=30F104A A5=108000 A6=108E3C PC=32BB0 -- 032BB0: move.w  #$4, $3c000c.l
D0=10BDF4 D1=DF90 D2=0 D3=FFFF D4=10405140 D5=84418545 D6=84418545 D7=FFFF A0=108932 A1=108300 A2=F703C A3=108FAA A4=30F104A A5=108000 A6=108E3C PC=32BB8 -- 032BB8: btst    #$1, ($38b8,A5)
D0=10BDF4 D1=DF90 D2=0 D3=FFFF D4=10405140 D5=84418545 D6=84418545 D7=FFFF A0=108932 A1=108300 A2=F703C A3=108FAA A4=30F104A A5=108000 A6=108E3C PC=32BBE -- 032BBE: bne     $32bca
D0=10BDF4 D1=DF90 D2=0 D3=FFFF D4=10405140 D5=84418545 D6=84418545 D7=FFFF A0=108932 A1=108300 A2=F703C A3=108FAA A4=30F104A A5=108000 A6=108E3C PC=32BC2 -- 032BC2: move.w  ($38ba,A5), $401ffe.l
D0=10BDF4 D1=DF90 D2=0 D3=FFFF D4=10405140 D5=84418545 D6=84418545 D7=FFFF A0=108932 A1=108300 A2=F703C A3=108FAA A4=30F104A A5=108000 A6=108E3C PC=32BCA -- 032BCA: tst.b   ($784,A5)
D0=10BDF4 D1=DF90 D2=0 D3=FFFF D4=10405140 D5=84418545 D6=84418545 D7=FFFF A0=108932 A1=108300 A2=F703C A3=108FAA A4=30F104A A5=108000 A6=108E3C PC=32BCE -- 032BCE: bne     $32bea
D0=10BDF4 D1=DF90 D2=0 D3=FFFF D4=10405140 D5=84418545 D6=84418545 D7=FFFF A0=108932 A1=108300 A2=F703C A3=108FAA A4=30F104A A5=108000 A6=108E3C PC=32BD0 -- 032BD0: addq.l  #1, (-$7f7c,A5)
D0=10BDF4 D1=DF90 D2=0 D3=FFFF D4=10405140 D5=84418545 D6=84418545 D7=FFFF A0=108932 A1=108300 A2=F703C A3=108FAA A4=30F104A A5=108000 A6=108E3C PC=32BD4 -- 032BD4: bsr     $33614
D0=10BDF4 D1=DF90 D2=0 D3=FFFF D4=10405140 D5=84418545 D6=84418545 D7=FFFF A0=108932 A1=108300 A2=F703C A3=108FAA A4=30F104A A5=108000 A6=108E3C PC=33614 -- 033614: tst.b   ($38b8,A5)
D0=10BDF4 D1=DF90 D2=0 D3=FFFF D4=10405140 D5=84418545 D6=84418545 D7=FFFF A0=108932 A1=108300 A2=F703C A3=108FAA A4=30F104A A5=108000 A6=108E3C PC=33618 -- 033618: bpl     $33632
D0=10BDF4 D1=DF90 D2=0 D3=FFFF D4=10405140 D5=84418545 D6=84418545 D7=FFFF A0=108932 A1=108300 A2=F703C A3=108FAA A4=30F104A A5=108000 A6=108E3C PC=33632 -- 033632: andi.b  #$7f, ($38b8,A5)
D0=10BDF4 D1=DF90 D2=0 D3=FFFF D4=10405140 D5=84418545 D6=84418545 D7=FFFF A0=108932 A1=108300 A2=F703C A3=108FAA A4=30F104A A5=108000 A6=108E3C PC=33638 -- 033638: lea     ($18a6,A5), A0
D0=10BDF4 D1=DF90 D2=0 D3=FFFF D4=10405140 D5=84418545 D6=84418545 D7=FFFF A0=1098A6 A1=108300 A2=F703C A3=108FAA A4=30F104A A5=108000 A6=108E3C PC=3363C -- 03363C: move.w  (A0), D0
D0=100010 D1=DF90 D2=0 D3=FFFF D4=10405140 D5=84418545 D6=84418545 D7=FFFF A0=1098A6 A1=108300 A2=F703C A3=108FAA A4=30F104A A5=108000 A6=108E3C PC=3363E -- 03363E: bmi     $3365e
D0=100010 D1=DF90 D2=0 D3=FFFF D4=10405140 D5=84418545 D6=84418545 D7=FFFF A0=1098A6 A1=108300 A2=F703C A3=108FAA A4=30F104A A5=108000 A6=108E3C PC=33642 -- 033642: lea     $400000.l, A1
D0=100010 D1=DF90 D2=0 D3=FFFF D4=10405140 D5=84418545 D6=84418545 D7=FFFF A0=1098A6 A1=400000 A2=F703C A3=108FAA A4=30F104A A5=108000 A6=108E3C PC=33648 -- 033648: lsl.w   #5, D0
D0=100200 D1=DF90 D2=0 D3=FFFF D4=10405140 D5=84418545 D6=84418545 D7=FFFF A0=1098A6 A1=400000 A2=F703C A3=108FAA A4=30F104A A5=108000 A6=108E3C PC=3364A -- 03364A: adda.w  D0, A1
D0=100200 D1=DF90 D2=0 D3=FFFF D4=10405140 D5=84418545 D6=84418545 D7=FFFF A0=1098A6 A1=400200 A2=F703C A3=108FAA A4=30F104A A5=108000 A6=108E3C PC=3364C -- 03364C: move.l  (A0)+, (A1)+
D0=100200 D1=DF90 D2=0 D3=FFFF D4=10405140 D5=84418545 D6=84418545 D7=FFFF A0=1098AA A1=400204 A2=F703C A3=108FAA A4=30F104A A5=108000 A6=108E3C PC=3364E -- 03364E: move.l  (A0)+, (A1)+
D0=100200 D1=DF90 D2=0 D3=FFFF D4=10405140 D5=84418545 D6=84418545 D7=FFFF A0=1098AE A1=400208 A2=F703C A3=108FAA A4=30F104A A5=108000 A6=108E3C PC=33650 -- 033650: move.l  (A0)+, (A1)+
D0=100200 D1=DF90 D2=0 D3=FFFF D4=10405140 D5=84418545 D6=84418545 D7=FFFF A0=1098B2 A1=40020C A2=F703C A3=108FAA A4=30F104A A5=108000 A6=108E3C PC=33652 -- 033652: move.l  (A0)+, (A1)+
D0=100200 D1=DF90 D2=0 D3=FFFF D4=10405140 D5=84418545 D6=84418545 D7=FFFF A0=1098B6 A1=400210 A2=F703C A3=108FAA A4=30F104A A5=108000 A6=108E3C PC=33654 -- 033654: move.l  (A0)+, (A1)+
D0=100200 D1=DF90 D2=0 D3=FFFF D4=10405140 D5=84418545 D6=84418545 D7=FFFF A0=1098BA A1=400214 A2=F703C A3=108FAA A4=30F104A A5=108000 A6=108E3C PC=33656 -- 033656: move.l  (A0)+, (A1)+
D0=100200 D1=DF90 D2=0 D3=FFFF D4=10405140 D5=84418545 D6=84418545 D7=FFFF A0=1098BE A1=400218 A2=F703C A3=108FAA A4=30F104A A5=108000 A6=108E3C PC=33658 -- 033658: move.l  (A0)+, (A1)+
D0=100200 D1=DF90 D2=0 D3=FFFF D4=10405140 D5=84418545 D6=84418545 D7=FFFF A0=1098C2 A1=40021C A2=F703C A3=108FAA A4=30F104A A5=108000 A6=108E3C PC=3365A -- 03365A: move.l  (A0)+, (A1)+
D0=100200 D1=DF90 D2=0 D3=FFFF D4=10405140 D5=84418545 D6=84418545 D7=FFFF A0=1098C6 A1=400220 A2=F703C A3=108FAA A4=30F104A A5=108000 A6=108E3C PC=3365C -- 03365C: bra     $3363c
D0=100200 D1=DF90 D2=0 D3=FFFF D4=10405140 D5=84418545 D6=84418545 D7=FFFF A0=1098C6 A1=400220 A2=F703C A3=108FAA A4=30F104A A5=108000 A6=108E3C PC=3363C -- 03363C: move.w  (A0), D0
D0=100011 D1=DF90 D2=0 D3=FFFF D4=10405140 D5=84418545 D6=84418545 D7=FFFF A0=1098C6 A1=400220 A2=F703C A3=108FAA A4=30F104A A5=108000 A6=108E3C PC=3363E -- 03363E: bmi     $3365e
D0=100011 D1=DF90 D2=0 D3=FFFF D4=10405140 D5=84418545 D6=84418545 D7=FFFF A0=1098C6 A1=400220 A2=F703C A3=108FAA A4=30F104A A5=108000 A6=108E3C PC=33642 -- 033642: lea     $400000.l, A1
D0=100011 D1=DF90 D2=0 D3=FFFF D4=10405140 D5=84418545 D6=84418545 D7=FFFF A0=1098C6 A1=400000 A2=F703C A3=108FAA A4=30F104A A5=108000 A6=108E3C PC=33648 -- 033648: lsl.w   #5, D0
D0=100220 D1=DF90 D2=0 D3=FFFF D4=10405140 D5=84418545 D6=84418545 D7=FFFF A0=1098C6 A1=400000 A2=F703C A3=108FAA A4=30F104A A5=108000 A6=108E3C PC=3364A -- 03364A: adda.w  D0, A1
D0=100220 D1=DF90 D2=0 D3=FFFF D4=10405140 D5=84418545 D6=84418545 D7=FFFF A0=1098C6 A1=400220 A2=F703C A3=108FAA A4=30F104A A5=108000 A6=108E3C PC=3364C -- 03364C: move.l  (A0)+, (A1)+
D0=100220 D1=DF90 D2=0 D3=FFFF D4=10405140 D5=84418545 D6=84418545 D7=FFFF A0=1098CA A1=400224 A2=F703C A3=108FAA A4=30F104A A5=108000 A6=108E3C PC=3364E -- 03364E: move.l  (A0)+, (A1)+
D0=100220 D1=DF90 D2=0 D3=FFFF D4=10405140 D5=84418545 D6=84418545 D7=FFFF A0=1098CE A1=400228 A2=F703C A3=108FAA A4=30F104A A5=108000 A6=108E3C PC=33650 -- 033650: move.l  (A0)+, (A1)+
D0=100220 D1=DF90 D2=0 D3=FFFF D4=10405140 D5=84418545 D6=84418545 D7=FFFF A0=1098D2 A1=40022C A2=F703C A3=108FAA A4=30F104A A5=108000 A6=108E3C PC=33652 -- 033652: move.l  (A0)+, (A1)+
D0=100220 D1=DF90 D2=0 D3=FFFF D4=10405140 D5=84418545 D6=84418545 D7=FFFF A0=1098D6 A1=400230 A2=F703C A3=108FAA A4=30F104A A5=108000 A6=108E3C PC=33654 -- 033654: move.l  (A0)+, (A1)+
D0=100220 D1=DF90 D2=0 D3=FFFF D4=10405140 D5=84418545 D6=84418545 D7=FFFF A0=1098DA A1=400234 A2=F703C A3=108FAA A4=30F104A A5=108000 A6=108E3C PC=33656 -- 033656: move.l  (A0)+, (A1)+
D0=100220 D1=DF90 D2=0 D3=FFFF D4=10405140 D5=84418545 D6=84418545 D7=FFFF A0=1098DE A1=400238 A2=F703C A3=108FAA A4=30F104A A5=108000 A6=108E3C PC=33658 -- 033658: move.l  (A0)+, (A1)+
D0=100220 D1=DF90 D2=0 D3=FFFF D4=10405140 D5=84418545 D6=84418545 D7=FFFF A0=1098E2 A1=40023C A2=F703C A3=108FAA A4=30F104A A5=108000 A6=108E3C PC=3365A -- 03365A: move.l  (A0)+, (A1)+
D0=100220 D1=DF90 D2=0 D3=FFFF D4=10405140 D5=84418545 D6=84418545 D7=FFFF A0=1098E6 A1=400240 A2=F703C A3=108FAA A4=30F104A A5=108000 A6=108E3C PC=3365C -- 03365C: bra     $3363c

   (loops for 1150 instructions)

D0=10FFFF D1=DF90 D2=0 D3=FFFF D4=10405140 D5=84418545 D6=84418545 D7=FFFF A0=10A326 A1=400900 A2=F703C A3=108FAA A4=30F104A A5=108000 A6=108E3C PC=3365E -- 03365E: move.l  #$1098a6, ($38a8,A5)
D0=10FFFF D1=DF90 D2=0 D3=FFFF D4=10405140 D5=84418545 D6=84418545 D7=FFFF A0=10A326 A1=400900 A2=F703C A3=108FAA A4=30F104A A5=108000 A6=108E3C PC=33666 -- 033666: move.w  #$ffff, ($18a6,A5)
D0=10FFFF D1=DF90 D2=0 D3=FFFF D4=10405140 D5=84418545 D6=84418545 D7=FFFF A0=10A326 A1=400900 A2=F703C A3=108FAA A4=30F104A A5=108000 A6=108E3C PC=3366C -- 03366C: rts
D0=10FFFF D1=DF90 D2=0 D3=FFFF D4=10405140 D5=84418545 D6=84418545 D7=FFFF A0=10A326 A1=400900 A2=F703C A3=108FAA A4=30F104A A5=108000 A6=108E3C PC=32BD8 -- 032BD8: bsr     $3366e
D0=10FFFF D1=DF90 D2=0 D3=FFFF D4=10405140 D5=84418545 D6=84418545 D7=FFFF A0=10A326 A1=400900 A2=F703C A3=108FAA A4=30F104A A5=108000 A6=108E3C PC=3366E -- 03366E: move.w  #$1, $3c0004.l
D0=10FFFF D1=DF90 D2=0 D3=FFFF D4=10405140 D5=84418545 D6=84418545 D7=FFFF A0=10A326 A1=400900 A2=F703C A3=108FAA A4=30F104A A5=108000 A6=108E3C PC=33676 -- 033676: lea     ($e3c,A5), A0
D0=10FFFF D1=DF90 D2=0 D3=FFFF D4=10405140 D5=84418545 D6=84418545 D7=FFFF A0=108E3C A1=400900 A2=F703C A3=108FAA A4=30F104A A5=108000 A6=108E3C PC=3367A -- 03367A: move.w  ($1044,A5), D0
D0=100021 D1=DF90 D2=0 D3=FFFF D4=10405140 D5=84418545 D6=84418545 D7=FFFF A0=108E3C A1=400900 A2=F703C A3=108FAA A4=30F104A A5=108000 A6=108E3C PC=3367E -- 03367E: add.w   ($1040,A5), D0
D0=100041 D1=DF90 D2=0 D3=FFFF D4=10405140 D5=84418545 D6=84418545 D7=FFFF A0=108E3C A1=400900 A2=F703C A3=108FAA A4=30F104A A5=108000 A6=108E3C PC=33682 -- 033682: addi.w  #-$7e00, D0
D0=108241 D1=DF90 D2=0 D3=FFFF D4=10405140 D5=84418545 D6=84418545 D7=FFFF A0=108E3C A1=400900 A2=F703C A3=108FAA A4=30F104A A5=108000 A6=108E3C PC=33686 -- 033686: lea     $3c0000.l, A1
D0=108241 D1=DF90 D2=0 D3=FFFF D4=10405140 D5=84418545 D6=84418545 D7=FFFF A0=108E3C A1=3C0000 A2=F703C A3=108FAA A4=30F104A A5=108000 A6=108E3C PC=3368C -- 03368C: move.w  D0, (A1)+
D0=108241 D1=DF90 D2=0 D3=FFFF D4=10405140 D5=84418545 D6=84418545 D7=FFFF A0=108E3C A1=3C0002 A2=F703C A3=108FAA A4=30F104A A5=108000 A6=108E3C PC=3368E -- 03368E: move.w  ($1048,A5), D0
D0=10001F D1=DF90 D2=0 D3=FFFF D4=10405140 D5=84418545 D6=84418545 D7=FFFF A0=108E3C A1=3C0002 A2=F703C A3=108FAA A4=30F104A A5=108000 A6=108E3C PC=33692 -- 033692: addq.w  #1, D0
D0=100020 D1=DF90 D2=0 D3=FFFF D4=10405140 D5=84418545 D6=84418545 D7=FFFF A0=108E3C A1=3C0002 A2=F703C A3=108FAA A4=30F104A A5=108000 A6=108E3C PC=33694 -- 033694: move.w  #$80, D1
D0=100020 D1=80 D2=0 D3=FFFF D4=10405140 D5=84418545 D6=84418545 D7=FFFF A0=108E3C A1=3C0002 A2=F703C A3=108FAA A4=30F104A A5=108000 A6=108E3C PC=33698 -- 033698: sub.w   D0, D1
D0=100020 D1=60 D2=0 D3=FFFF D4=10405140 D5=84418545 D6=84418545 D7=FFFF A0=108E3C A1=3C0002 A2=F703C A3=108FAA A4=30F104A A5=108000 A6=108E3C PC=3369A -- 03369A: add.w   D1, D1
D0=100020 D1=C0 D2=0 D3=FFFF D4=10405140 D5=84418545 D6=84418545 D7=FFFF A0=108E3C A1=3C0002 A2=F703C A3=108FAA A4=30F104A A5=108000 A6=108E3C PC=3369C -- 03369C: lea     ($8,PC) ; ($336a6), A2
D0=100020 D1=C0 D2=0 D3=FFFF D4=10405140 D5=84418545 D6=84418545 D7=FFFF A0=108E3C A1=3C0002 A2=336A6 A3=108FAA A4=30F104A A5=108000 A6=108E3C PC=336A0 -- 0336A0: nop
D0=100020 D1=C0 D2=0 D3=FFFF D4=10405140 D5=84418545 D6=84418545 D7=FFFF A0=108E3C A1=3C0002 A2=336A6 A3=108FAA A4=30F104A A5=108000 A6=108E3C PC=336A2 -- 0336A2: adda.w  D1, A2
D0=100020 D1=C0 D2=0 D3=FFFF D4=10405140 D5=84418545 D6=84418545 D7=FFFF A0=108E3C A1=3C0002 A2=33766 A3=108FAA A4=30F104A A5=108000 A6=108E3C PC=336A4 -- 0336A4: jmp     (A2)
D0=100020 D1=C0 D2=0 D3=FFFF D4=10405140 D5=84418545 D6=84418545 D7=FFFF A0=108E3C A1=3C0002 A2=33766 A3=108FAA A4=30F104A A5=108000 A6=108E3C PC=33766 -- 033766: move.w  (A0)+, (A1)
D0=100020 D1=C0 D2=0 D3=FFFF D4=10405140 D5=84418545 D6=84418545 D7=FFFF A0=108E3E A1=3C0002 A2=33766 A3=108FAA A4=30F104A A5=108000 A6=108E3C PC=33768 -- 033768: move.w  (A0)+, (A1)
D0=100020 D1=C0 D2=0 D3=FFFF D4=10405140 D5=84418545 D6=84418545 D7=FFFF A0=108E40 A1=3C0002 A2=33766 A3=108FAA A4=30F104A A5=108000 A6=108E3C PC=3376A -- 03376A: move.w  (A0)+, (A1)
D0=100020 D1=C0 D2=0 D3=FFFF D4=10405140 D5=84418545 D6=84418545 D7=FFFF A0=108E42 A1=3C0002 A2=33766 A3=108FAA A4=30F104A A5=108000 A6=108E3C PC=3376C -- 03376C: move.w  (A0)+, (A1)
D0=100020 D1=C0 D2=0 D3=FFFF D4=10405140 D5=84418545 D6=84418545 D7=FFFF A0=108E44 A1=3C0002 A2=33766 A3=108FAA A4=30F104A A5=108000 A6=108E3C PC=3376E -- 03376E: move.w  (A0)+, (A1)
D0=100020 D1=C0 D2=0 D3=FFFF D4=10405140 D5=84418545 D6=84418545 D7=FFFF A0=108E46 A1=3C0002 A2=33766 A3=108FAA A4=30F104A A5=108000 A6=108E3C PC=33770 -- 033770: move.w  (A0)+, (A1)
D0=100020 D1=C0 D2=0 D3=FFFF D4=10405140 D5=84418545 D6=84418545 D7=FFFF A0=108E48 A1=3C0002 A2=33766 A3=108FAA A4=30F104A A5=108000 A6=108E3C PC=33772 -- 033772: move.w  (A0)+, (A1)
D0=100020 D1=C0 D2=0 D3=FFFF D4=10405140 D5=84418545 D6=84418545 D7=FFFF A0=108E4A A1=3C0002 A2=33766 A3=108FAA A4=30F104A A5=108000 A6=108E3C PC=33774 -- 033774: move.w  (A0)+, (A1)
D0=100020 D1=C0 D2=0 D3=FFFF D4=10405140 D5=84418545 D6=84418545 D7=FFFF A0=108E4C A1=3C0002 A2=33766 A3=108FAA A4=30F104A A5=108000 A6=108E3C PC=33776 -- 033776: move.w  (A0)+, (A1)
D0=100020 D1=C0 D2=0 D3=FFFF D4=10405140 D5=84418545 D6=84418545 D7=FFFF A0=108E4E A1=3C0002 A2=33766 A3=108FAA A4=30F104A A5=108000 A6=108E3C PC=33778 -- 033778: move.w  (A0)+, (A1)
D0=100020 D1=C0 D2=0 D3=FFFF D4=10405140 D5=84418545 D6=84418545 D7=FFFF A0=108E50 A1=3C0002 A2=33766 A3=108FAA A4=30F104A A5=108000 A6=108E3C PC=3377A -- 03377A: move.w  (A0)+, (A1)
D0=100020 D1=C0 D2=0 D3=FFFF D4=10405140 D5=84418545 D6=84418545 D7=FFFF A0=108E52 A1=3C0002 A2=33766 A3=108FAA A4=30F104A A5=108000 A6=108E3C PC=3377C -- 03377C: move.w  (A0)+, (A1)
D0=100020 D1=C0 D2=0 D3=FFFF D4=10405140 D5=84418545 D6=84418545 D7=FFFF A0=108E54 A1=3C0002 A2=33766 A3=108FAA A4=30F104A A5=108000 A6=108E3C PC=3377E -- 03377E: move.w  (A0)+, (A1)
D0=100020 D1=C0 D2=0 D3=FFFF D4=10405140 D5=84418545 D6=84418545 D7=FFFF A0=108E56 A1=3C0002 A2=33766 A3=108FAA A4=30F104A A5=108000 A6=108E3C PC=33780 -- 033780: move.w  (A0)+, (A1)
D0=100020 D1=C0 D2=0 D3=FFFF D4=10405140 D5=84418545 D6=84418545 D7=FFFF A0=108E58 A1=3C0002 A2=33766 A3=108FAA A4=30F104A A5=108000 A6=108E3C PC=33782 -- 033782: move.w  (A0)+, (A1)
D0=100020 D1=C0 D2=0 D3=FFFF D4=10405140 D5=84418545 D6=84418545 D7=FFFF A0=108E5A A1=3C0002 A2=33766 A3=108FAA A4=30F104A A5=108000 A6=108E3C PC=33784 -- 033784: move.w  (A0)+, (A1)
D0=100020 D1=C0 D2=0 D3=FFFF D4=10405140 D5=84418545 D6=84418545 D7=FFFF A0=108E5C A1=3C0002 A2=33766 A3=108FAA A4=30F104A A5=108000 A6=108E3C PC=33786 -- 033786: move.w  (A0)+, (A1)
D0=100020 D1=C0 D2=0 D3=FFFF D4=10405140 D5=84418545 D6=84418545 D7=FFFF A0=108E5E A1=3C0002 A2=33766 A3=108FAA A4=30F104A A5=108000 A6=108E3C PC=33788 -- 033788: move.w  (A0)+, (A1)
D0=100020 D1=C0 D2=0 D3=FFFF D4=10405140 D5=84418545 D6=84418545 D7=FFFF A0=108E60 A1=3C0002 A2=33766 A3=108FAA A4=30F104A A5=108000 A6=108E3C PC=3378A -- 03378A: move.w  (A0)+, (A1)
D0=100020 D1=C0 D2=0 D3=FFFF D4=10405140 D5=84418545 D6=84418545 D7=FFFF A0=108E62 A1=3C0002 A2=33766 A3=108FAA A4=30F104A A5=108000 A6=108E3C PC=3378C -- 03378C: move.w  (A0)+, (A1)
D0=100020 D1=C0 D2=0 D3=FFFF D4=10405140 D5=84418545 D6=84418545 D7=FFFF A0=108E64 A1=3C0002 A2=33766 A3=108FAA A4=30F104A A5=108000 A6=108E3C PC=3378E -- 03378E: move.w  (A0)+, (A1)
D0=100020 D1=C0 D2=0 D3=FFFF D4=10405140 D5=84418545 D6=84418545 D7=FFFF A0=108E66 A1=3C0002 A2=33766 A3=108FAA A4=30F104A A5=108000 A6=108E3C PC=33790 -- 033790: move.w  (A0)+, (A1)
D0=100020 D1=C0 D2=0 D3=FFFF D4=10405140 D5=84418545 D6=84418545 D7=FFFF A0=108E68 A1=3C0002 A2=33766 A3=108FAA A4=30F104A A5=108000 A6=108E3C PC=33792 -- 033792: move.w  (A0)+, (A1)
D0=100020 D1=C0 D2=0 D3=FFFF D4=10405140 D5=84418545 D6=84418545 D7=FFFF A0=108E6A A1=3C0002 A2=33766 A3=108FAA A4=30F104A A5=108000 A6=108E3C PC=33794 -- 033794: move.w  (A0)+, (A1)
D0=100020 D1=C0 D2=0 D3=FFFF D4=10405140 D5=84418545 D6=84418545 D7=FFFF A0=108E6C A1=3C0002 A2=33766 A3=108FAA A4=30F104A A5=108000 A6=108E3C PC=33796 -- 033796: move.w  (A0)+, (A1)
D0=100020 D1=C0 D2=0 D3=FFFF D4=10405140 D5=84418545 D6=84418545 D7=FFFF A0=108E6E A1=3C0002 A2=33766 A3=108FAA A4=30F104A A5=108000 A6=108E3C PC=33798 -- 033798: move.w  (A0)+, (A1)
D0=100020 D1=C0 D2=0 D3=FFFF D4=10405140 D5=84418545 D6=84418545 D7=FFFF A0=108E70 A1=3C0002 A2=33766 A3=108FAA A4=30F104A A5=108000 A6=108E3C PC=3379A -- 03379A: move.w  (A0)+, (A1)
D0=100020 D1=C0 D2=0 D3=FFFF D4=10405140 D5=84418545 D6=84418545 D7=FFFF A0=108E72 A1=3C0002 A2=33766 A3=108FAA A4=30F104A A5=108000 A6=108E3C PC=3379C -- 03379C: move.w  (A0)+, (A1)
D0=100020 D1=C0 D2=0 D3=FFFF D4=10405140 D5=84418545 D6=84418545 D7=FFFF A0=108E74 A1=3C0002 A2=33766 A3=108FAA A4=30F104A A5=108000 A6=108E3C PC=3379E -- 03379E: move.w  (A0)+, (A1)
D0=100020 D1=C0 D2=0 D3=FFFF D4=10405140 D5=84418545 D6=84418545 D7=FFFF A0=108E76 A1=3C0002 A2=33766 A3=108FAA A4=30F104A A5=108000 A6=108E3C PC=337A0 -- 0337A0: move.w  (A0)+, (A1)
D0=100020 D1=C0 D2=0 D3=FFFF D4=10405140 D5=84418545 D6=84418545 D7=FFFF A0=108E78 A1=3C0002 A2=33766 A3=108FAA A4=30F104A A5=108000 A6=108E3C PC=337A2 -- 0337A2: move.w  (A0)+, (A1)
D0=100020 D1=C0 D2=0 D3=FFFF D4=10405140 D5=84418545 D6=84418545 D7=FFFF A0=108E7A A1=3C0002 A2=33766 A3=108FAA A4=30F104A A5=108000 A6=108E3C PC=337A4 -- 0337A4: move.w  (A0)+, (A1)
D0=100020 D1=C0 D2=0 D3=FFFF D4=10405140 D5=84418545 D6=84418545 D7=FFFF A0=108E7C A1=3C0002 A2=33766 A3=108FAA A4=30F104A A5=108000 A6=108E3C PC=337A6 -- 0337A6: lea     ($f3c,A5), A0
D0=100020 D1=C0 D2=0 D3=FFFF D4=10405140 D5=84418545 D6=84418545 D7=FFFF A0=108F3C A1=3C0002 A2=33766 A3=108FAA A4=30F104A A5=108000 A6=108E3C PC=337AA -- 0337AA: move.w  ($1046,A5), D0
D0=1000A1 D1=C0 D2=0 D3=FFFF D4=10405140 D5=84418545 D6=84418545 D7=FFFF A0=108F3C A1=3C0002 A2=33766 A3=108FAA A4=30F104A A5=108000 A6=108E3C PC=337AE -- 0337AE: add.w   ($1042,A5), D0
D0=10010E D1=C0 D2=0 D3=FFFF D4=10405140 D5=84418545 D6=84418545 D7=FFFF A0=108F3C A1=3C0002 A2=33766 A3=108FAA A4=30F104A A5=108000 A6=108E3C PC=337B2 -- 0337B2: addi.w  #-$7e00, D0
D0=10830E D1=C0 D2=0 D3=FFFF D4=10405140 D5=84418545 D6=84418545 D7=FFFF A0=108F3C A1=3C0002 A2=33766 A3=108FAA A4=30F104A A5=108000 A6=108E3C PC=337B6 -- 0337B6: lea     $3c0000.l, A1
D0=10830E D1=C0 D2=0 D3=FFFF D4=10405140 D5=84418545 D6=84418545 D7=FFFF A0=108F3C A1=3C0000 A2=33766 A3=108FAA A4=30F104A A5=108000 A6=108E3C PC=337BC -- 0337BC: move.w  D0, (A1)+
D0=10830E D1=C0 D2=0 D3=FFFF D4=10405140 D5=84418545 D6=84418545 D7=FFFF A0=108F3C A1=3C0002 A2=33766 A3=108FAA A4=30F104A A5=108000 A6=108E3C PC=337BE -- 0337BE: move.w  ($104a,A5), D0
D0=10006C D1=C0 D2=0 D3=FFFF D4=10405140 D5=84418545 D6=84418545 D7=FFFF A0=108F3C A1=3C0002 A2=33766 A3=108FAA A4=30F104A A5=108000 A6=108E3C PC=337C2 -- 0337C2: addq.w  #1, D0
D0=10006D D1=C0 D2=0 D3=FFFF D4=10405140 D5=84418545 D6=84418545 D7=FFFF A0=108F3C A1=3C0002 A2=33766 A3=108FAA A4=30F104A A5=108000 A6=108E3C PC=337C4 -- 0337C4: move.w  #$80, D1
D0=10006D D1=80 D2=0 D3=FFFF D4=10405140 D5=84418545 D6=84418545 D7=FFFF A0=108F3C A1=3C0002 A2=33766 A3=108FAA A4=30F104A A5=108000 A6=108E3C PC=337C8 -- 0337C8: sub.w   D0, D1
D0=10006D D1=13 D2=0 D3=FFFF D4=10405140 D5=84418545 D6=84418545 D7=FFFF A0=108F3C A1=3C0002 A2=33766 A3=108FAA A4=30F104A A5=108000 A6=108E3C PC=337CA -- 0337CA: add.w   D1, D1
D0=10006D D1=26 D2=0 D3=FFFF D4=10405140 D5=84418545 D6=84418545 D7=FFFF A0=108F3C A1=3C0002 A2=33766 A3=108FAA A4=30F104A A5=108000 A6=108E3C PC=337CC -- 0337CC: lea     ($8,PC) ; ($337d6), A2
D0=10006D D1=26 D2=0 D3=FFFF D4=10405140 D5=84418545 D6=84418545 D7=FFFF A0=108F3C A1=3C0002 A2=337D6 A3=108FAA A4=30F104A A5=108000 A6=108E3C PC=337D0 -- 0337D0: nop
D0=10006D D1=26 D2=0 D3=FFFF D4=10405140 D5=84418545 D6=84418545 D7=FFFF A0=108F3C A1=3C0002 A2=337D6 A3=108FAA A4=30F104A A5=108000 A6=108E3C PC=337D2 -- 0337D2: adda.w  D1, A2
D0=10006D D1=26 D2=0 D3=FFFF D4=10405140 D5=84418545 D6=84418545 D7=FFFF A0=108F3C A1=3C0002 A2=337FC A3=108FAA A4=30F104A A5=108000 A6=108E3C PC=337D4 -- 0337D4: jmp     (A2)
D0=10006D D1=26 D2=0 D3=FFFF D4=10405140 D5=84418545 D6=84418545 D7=FFFF A0=108F3C A1=3C0002 A2=337FC A3=108FAA A4=30F104A A5=108000 A6=108E3C PC=337FC -- 0337FC: move.w  (A0)+, (A1)
D0=10006D D1=26 D2=0 D3=FFFF D4=10405140 D5=84418545 D6=84418545 D7=FFFF A0=108F3E A1=3C0002 A2=337FC A3=108FAA A4=30F104A A5=108000 A6=108E3C PC=337FE -- 0337FE: move.w  (A0)+, (A1)
D0=10006D D1=26 D2=0 D3=FFFF D4=10405140 D5=84418545 D6=84418545 D7=FFFF A0=108F40 A1=3C0002 A2=337FC A3=108FAA A4=30F104A A5=108000 A6=108E3C PC=33800 -- 033800: move.w  (A0)+, (A1)
D0=10006D D1=26 D2=0 D3=FFFF D4=10405140 D5=84418545 D6=84418545 D7=FFFF A0=108F42 A1=3C0002 A2=337FC A3=108FAA A4=30F104A A5=108000 A6=108E3C PC=33802 -- 033802: move.w  (A0)+, (A1)
D0=10006D D1=26 D2=0 D3=FFFF D4=10405140 D5=84418545 D6=84418545 D7=FFFF A0=108F44 A1=3C0002 A2=337FC A3=108FAA A4=30F104A A5=108000 A6=108E3C PC=33804 -- 033804: move.w  (A0)+, (A1)
D0=10006D D1=26 D2=0 D3=FFFF D4=10405140 D5=84418545 D6=84418545 D7=FFFF A0=108F46 A1=3C0002 A2=337FC A3=108FAA A4=30F104A A5=108000 A6=108E3C PC=33806 -- 033806: move.w  (A0)+, (A1)
D0=10006D D1=26 D2=0 D3=FFFF D4=10405140 D5=84418545 D6=84418545 D7=FFFF A0=108F48 A1=3C0002 A2=337FC A3=108FAA A4=30F104A A5=108000 A6=108E3C PC=33808 -- 033808: move.w  (A0)+, (A1)
D0=10006D D1=26 D2=0 D3=FFFF D4=10405140 D5=84418545 D6=84418545 D7=FFFF A0=108F4A A1=3C0002 A2=337FC A3=108FAA A4=30F104A A5=108000 A6=108E3C PC=3380A -- 03380A: move.w  (A0)+, (A1)
D0=10006D D1=26 D2=0 D3=FFFF D4=10405140 D5=84418545 D6=84418545 D7=FFFF A0=108F4C A1=3C0002 A2=337FC A3=108FAA A4=30F104A A5=108000 A6=108E3C PC=3380C -- 03380C: move.w  (A0)+, (A1)
D0=10006D D1=26 D2=0 D3=FFFF D4=10405140 D5=84418545 D6=84418545 D7=FFFF A0=108F4E A1=3C0002 A2=337FC A3=108FAA A4=30F104A A5=108000 A6=108E3C PC=3380E -- 03380E: move.w  (A0)+, (A1)
D0=10006D D1=26 D2=0 D3=FFFF D4=10405140 D5=84418545 D6=84418545 D7=FFFF A0=108F50 A1=3C0002 A2=337FC A3=108FAA A4=30F104A A5=108000 A6=108E3C PC=33810 -- 033810: move.w  (A0)+, (A1)
D0=10006D D1=26 D2=0 D3=FFFF D4=10405140 D5=84418545 D6=84418545 D7=FFFF A0=108F52 A1=3C0002 A2=337FC A3=108FAA A4=30F104A A5=108000 A6=108E3C PC=33812 -- 033812: move.w  (A0)+, (A1)
D0=10006D D1=26 D2=0 D3=FFFF D4=10405140 D5=84418545 D6=84418545 D7=FFFF A0=108F54 A1=3C0002 A2=337FC A3=108FAA A4=30F104A A5=108000 A6=108E3C PC=33814 -- 033814: move.w  (A0)+, (A1)
D0=10006D D1=26 D2=0 D3=FFFF D4=10405140 D5=84418545 D6=84418545 D7=FFFF A0=108F56 A1=3C0002 A2=337FC A3=108FAA A4=30F104A A5=108000 A6=108E3C PC=33816 -- 033816: move.w  (A0)+, (A1)
D0=10006D D1=26 D2=0 D3=FFFF D4=10405140 D5=84418545 D6=84418545 D7=FFFF A0=108F58 A1=3C0002 A2=337FC A3=108FAA A4=30F104A A5=108000 A6=108E3C PC=33818 -- 033818: move.w  (A0)+, (A1)
D0=10006D D1=26 D2=0 D3=FFFF D4=10405140 D5=84418545 D6=84418545 D7=FFFF A0=108F5A A1=3C0002 A2=337FC A3=108FAA A4=30F104A A5=108000 A6=108E3C PC=3381A -- 03381A: move.w  (A0)+, (A1)
D0=10006D D1=26 D2=0 D3=FFFF D4=10405140 D5=84418545 D6=84418545 D7=FFFF A0=108F5C A1=3C0002 A2=337FC A3=108FAA A4=30F104A A5=108000 A6=108E3C PC=3381C -- 03381C: move.w  (A0)+, (A1)
D0=10006D D1=26 D2=0 D3=FFFF D4=10405140 D5=84418545 D6=84418545 D7=FFFF A0=108F5E A1=3C0002 A2=337FC A3=108FAA A4=30F104A A5=108000 A6=108E3C PC=3381E -- 03381E: move.w  (A0)+, (A1)
D0=10006D D1=26 D2=0 D3=FFFF D4=10405140 D5=84418545 D6=84418545 D7=FFFF A0=108F60 A1=3C0002 A2=337FC A3=108FAA A4=30F104A A5=108000 A6=108E3C PC=33820 -- 033820: move.w  (A0)+, (A1)
D0=10006D D1=26 D2=0 D3=FFFF D4=10405140 D5=84418545 D6=84418545 D7=FFFF A0=108F62 A1=3C0002 A2=337FC A3=108FAA A4=30F104A A5=108000 A6=108E3C PC=33822 -- 033822: move.w  (A0)+, (A1)
D0=10006D D1=26 D2=0 D3=FFFF D4=10405140 D5=84418545 D6=84418545 D7=FFFF A0=108F64 A1=3C0002 A2=337FC A3=108FAA A4=30F104A A5=108000 A6=108E3C PC=33824 -- 033824: move.w  (A0)+, (A1)
D0=10006D D1=26 D2=0 D3=FFFF D4=10405140 D5=84418545 D6=84418545 D7=FFFF A0=108F66 A1=3C0002 A2=337FC A3=108FAA A4=30F104A A5=108000 A6=108E3C PC=33826 -- 033826: move.w  (A0)+, (A1)
D0=10006D D1=26 D2=0 D3=FFFF D4=10405140 D5=84418545 D6=84418545 D7=FFFF A0=108F68 A1=3C0002 A2=337FC A3=108FAA A4=30F104A A5=108000 A6=108E3C PC=33828 -- 033828: move.w  (A0)+, (A1)
D0=10006D D1=26 D2=0 D3=FFFF D4=10405140 D5=84418545 D6=84418545 D7=FFFF A0=108F6A A1=3C0002 A2=337FC A3=108FAA A4=30F104A A5=108000 A6=108E3C PC=3382A -- 03382A: move.w  (A0)+, (A1)
D0=10006D D1=26 D2=0 D3=FFFF D4=10405140 D5=84418545 D6=84418545 D7=FFFF A0=108F6C A1=3C0002 A2=337FC A3=108FAA A4=30F104A A5=108000 A6=108E3C PC=3382C -- 03382C: move.w  (A0)+, (A1)
D0=10006D D1=26 D2=0 D3=FFFF D4=10405140 D5=84418545 D6=84418545 D7=FFFF A0=108F6E A1=3C0002 A2=337FC A3=108FAA A4=30F104A A5=108000 A6=108E3C PC=3382E -- 03382E: move.w  (A0)+, (A1)
D0=10006D D1=26 D2=0 D3=FFFF D4=10405140 D5=84418545 D6=84418545 D7=FFFF A0=108F70 A1=3C0002 A2=337FC A3=108FAA A4=30F104A A5=108000 A6=108E3C PC=33830 -- 033830: move.w  (A0)+, (A1)
D0=10006D D1=26 D2=0 D3=FFFF D4=10405140 D5=84418545 D6=84418545 D7=FFFF A0=108F72 A1=3C0002 A2=337FC A3=108FAA A4=30F104A A5=108000 A6=108E3C PC=33832 -- 033832: move.w  (A0)+, (A1)
D0=10006D D1=26 D2=0 D3=FFFF D4=10405140 D5=84418545 D6=84418545 D7=FFFF A0=108F74 A1=3C0002 A2=337FC A3=108FAA A4=30F104A A5=108000 A6=108E3C PC=33834 -- 033834: move.w  (A0)+, (A1)
D0=10006D D1=26 D2=0 D3=FFFF D4=10405140 D5=84418545 D6=84418545 D7=FFFF A0=108F76 A1=3C0002 A2=337FC A3=108FAA A4=30F104A A5=108000 A6=108E3C PC=33836 -- 033836: move.w  (A0)+, (A1)
D0=10006D D1=26 D2=0 D3=FFFF D4=10405140 D5=84418545 D6=84418545 D7=FFFF A0=108F78 A1=3C0002 A2=337FC A3=108FAA A4=30F104A A5=108000 A6=108E3C PC=33838 -- 033838: move.w  (A0)+, (A1)
D0=10006D D1=26 D2=0 D3=FFFF D4=10405140 D5=84418545 D6=84418545 D7=FFFF A0=108F7A A1=3C0002 A2=337FC A3=108FAA A4=30F104A A5=108000 A6=108E3C PC=3383A -- 03383A: move.w  (A0)+, (A1)
D0=10006D D1=26 D2=0 D3=FFFF D4=10405140 D5=84418545 D6=84418545 D7=FFFF A0=108F7C A1=3C0002 A2=337FC A3=108FAA A4=30F104A A5=108000 A6=108E3C PC=3383C -- 03383C: move.w  (A0)+, (A1)
D0=10006D D1=26 D2=0 D3=FFFF D4=10405140 D5=84418545 D6=84418545 D7=FFFF A0=108F7E A1=3C0002 A2=337FC A3=108FAA A4=30F104A A5=108000 A6=108E3C PC=3383E -- 03383E: move.w  (A0)+, (A1)
D0=10006D D1=26 D2=0 D3=FFFF D4=10405140 D5=84418545 D6=84418545 D7=FFFF A0=108F80 A1=3C0002 A2=337FC A3=108FAA A4=30F104A A5=108000 A6=108E3C PC=33840 -- 033840: move.w  (A0)+, (A1)
D0=10006D D1=26 D2=0 D3=FFFF D4=10405140 D5=84418545 D6=84418545 D7=FFFF A0=108F82 A1=3C0002 A2=337FC A3=108FAA A4=30F104A A5=108000 A6=108E3C PC=33842 -- 033842: move.w  (A0)+, (A1)
D0=10006D D1=26 D2=0 D3=FFFF D4=10405140 D5=84418545 D6=84418545 D7=FFFF A0=108F84 A1=3C0002 A2=337FC A3=108FAA A4=30F104A A5=108000 A6=108E3C PC=33844 -- 033844: move.w  (A0)+, (A1)
D0=10006D D1=26 D2=0 D3=FFFF D4=10405140 D5=84418545 D6=84418545 D7=FFFF A0=108F86 A1=3C0002 A2=337FC A3=108FAA A4=30F104A A5=108000 A6=108E3C PC=33846 -- 033846: move.w  (A0)+, (A1)
D0=10006D D1=26 D2=0 D3=FFFF D4=10405140 D5=84418545 D6=84418545 D7=FFFF A0=108F88 A1=3C0002 A2=337FC A3=108FAA A4=30F104A A5=108000 A6=108E3C PC=33848 -- 033848: move.w  (A0)+, (A1)
D0=10006D D1=26 D2=0 D3=FFFF D4=10405140 D5=84418545 D6=84418545 D7=FFFF A0=108F8A A1=3C0002 A2=337FC A3=108FAA A4=30F104A A5=108000 A6=108E3C PC=3384A -- 03384A: move.w  (A0)+, (A1)
D0=10006D D1=26 D2=0 D3=FFFF D4=10405140 D5=84418545 D6=84418545 D7=FFFF A0=108F8C A1=3C0002 A2=337FC A3=108FAA A4=30F104A A5=108000 A6=108E3C PC=3384C -- 03384C: move.w  (A0)+, (A1)
D0=10006D D1=26 D2=0 D3=FFFF D4=10405140 D5=84418545 D6=84418545 D7=FFFF A0=108F8E A1=3C0002 A2=337FC A3=108FAA A4=30F104A A5=108000 A6=108E3C PC=3384E -- 03384E: move.w  (A0)+, (A1)
D0=10006D D1=26 D2=0 D3=FFFF D4=10405140 D5=84418545 D6=84418545 D7=FFFF A0=108F90 A1=3C0002 A2=337FC A3=108FAA A4=30F104A A5=108000 A6=108E3C PC=33850 -- 033850: move.w  (A0)+, (A1)
D0=10006D D1=26 D2=0 D3=FFFF D4=10405140 D5=84418545 D6=84418545 D7=FFFF A0=108F92 A1=3C0002 A2=337FC A3=108FAA A4=30F104A A5=108000 A6=108E3C PC=33852 -- 033852: move.w  (A0)+, (A1)
D0=10006D D1=26 D2=0 D3=FFFF D4=10405140 D5=84418545 D6=84418545 D7=FFFF A0=108F94 A1=3C0002 A2=337FC A3=108FAA A4=30F104A A5=108000 A6=108E3C PC=33854 -- 033854: move.w  (A0)+, (A1)
D0=10006D D1=26 D2=0 D3=FFFF D4=10405140 D5=84418545 D6=84418545 D7=FFFF A0=108F96 A1=3C0002 A2=337FC A3=108FAA A4=30F104A A5=108000 A6=108E3C PC=33856 -- 033856: move.w  (A0)+, (A1)
D0=10006D D1=26 D2=0 D3=FFFF D4=10405140 D5=84418545 D6=84418545 D7=FFFF A0=108F98 A1=3C0002 A2=337FC A3=108FAA A4=30F104A A5=108000 A6=108E3C PC=33858 -- 033858: move.w  (A0)+, (A1)
D0=10006D D1=26 D2=0 D3=FFFF D4=10405140 D5=84418545 D6=84418545 D7=FFFF A0=108F9A A1=3C0002 A2=337FC A3=108FAA A4=30F104A A5=108000 A6=108E3C PC=3385A -- 03385A: move.w  (A0)+, (A1)
D0=10006D D1=26 D2=0 D3=FFFF D4=10405140 D5=84418545 D6=84418545 D7=FFFF A0=108F9C A1=3C0002 A2=337FC A3=108FAA A4=30F104A A5=108000 A6=108E3C PC=3385C -- 03385C: move.w  (A0)+, (A1)
D0=10006D D1=26 D2=0 D3=FFFF D4=10405140 D5=84418545 D6=84418545 D7=FFFF A0=108F9E A1=3C0002 A2=337FC A3=108FAA A4=30F104A A5=108000 A6=108E3C PC=3385E -- 03385E: move.w  (A0)+, (A1)
D0=10006D D1=26 D2=0 D3=FFFF D4=10405140 D5=84418545 D6=84418545 D7=FFFF A0=108FA0 A1=3C0002 A2=337FC A3=108FAA A4=30F104A A5=108000 A6=108E3C PC=33860 -- 033860: move.w  (A0)+, (A1)
D0=10006D D1=26 D2=0 D3=FFFF D4=10405140 D5=84418545 D6=84418545 D7=FFFF A0=108FA2 A1=3C0002 A2=337FC A3=108FAA A4=30F104A A5=108000 A6=108E3C PC=33862 -- 033862: move.w  (A0)+, (A1)
D0=10006D D1=26 D2=0 D3=FFFF D4=10405140 D5=84418545 D6=84418545 D7=FFFF A0=108FA4 A1=3C0002 A2=337FC A3=108FAA A4=30F104A A5=108000 A6=108E3C PC=33864 -- 033864: move.w  (A0)+, (A1)
D0=10006D D1=26 D2=0 D3=FFFF D4=10405140 D5=84418545 D6=84418545 D7=FFFF A0=108FA6 A1=3C0002 A2=337FC A3=108FAA A4=30F104A A5=108000 A6=108E3C PC=33866 -- 033866: move.w  (A0)+, (A1)
D0=10006D D1=26 D2=0 D3=FFFF D4=10405140 D5=84418545 D6=84418545 D7=FFFF A0=108FA8 A1=3C0002 A2=337FC A3=108FAA A4=30F104A A5=108000 A6=108E3C PC=33868 -- 033868: move.w  (A0)+, (A1)
D0=10006D D1=26 D2=0 D3=FFFF D4=10405140 D5=84418545 D6=84418545 D7=FFFF A0=108FAA A1=3C0002 A2=337FC A3=108FAA A4=30F104A A5=108000 A6=108E3C PC=3386A -- 03386A: move.w  (A0)+, (A1)
D0=10006D D1=26 D2=0 D3=FFFF D4=10405140 D5=84418545 D6=84418545 D7=FFFF A0=108FAC A1=3C0002 A2=337FC A3=108FAA A4=30F104A A5=108000 A6=108E3C PC=3386C -- 03386C: move.w  (A0)+, (A1)
D0=10006D D1=26 D2=0 D3=FFFF D4=10405140 D5=84418545 D6=84418545 D7=FFFF A0=108FAE A1=3C0002 A2=337FC A3=108FAA A4=30F104A A5=108000 A6=108E3C PC=3386E -- 03386E: move.w  (A0)+, (A1)
D0=10006D D1=26 D2=0 D3=FFFF D4=10405140 D5=84418545 D6=84418545 D7=FFFF A0=108FB0 A1=3C0002 A2=337FC A3=108FAA A4=30F104A A5=108000 A6=108E3C PC=33870 -- 033870: move.w  (A0)+, (A1)
D0=10006D D1=26 D2=0 D3=FFFF D4=10405140 D5=84418545 D6=84418545 D7=FFFF A0=108FB2 A1=3C0002 A2=337FC A3=108FAA A4=30F104A A5=108000 A6=108E3C PC=33872 -- 033872: move.w  (A0)+, (A1)
D0=10006D D1=26 D2=0 D3=FFFF D4=10405140 D5=84418545 D6=84418545 D7=FFFF A0=108FB4 A1=3C0002 A2=337FC A3=108FAA A4=30F104A A5=108000 A6=108E3C PC=33874 -- 033874: move.w  (A0)+, (A1)
D0=10006D D1=26 D2=0 D3=FFFF D4=10405140 D5=84418545 D6=84418545 D7=FFFF A0=108FB6 A1=3C0002 A2=337FC A3=108FAA A4=30F104A A5=108000 A6=108E3C PC=33876 -- 033876: move.w  (A0)+, (A1)
D0=10006D D1=26 D2=0 D3=FFFF D4=10405140 D5=84418545 D6=84418545 D7=FFFF A0=108FB8 A1=3C0002 A2=337FC A3=108FAA A4=30F104A A5=108000 A6=108E3C PC=33878 -- 033878: move.w  (A0)+, (A1)
D0=10006D D1=26 D2=0 D3=FFFF D4=10405140 D5=84418545 D6=84418545 D7=FFFF A0=108FBA A1=3C0002 A2=337FC A3=108FAA A4=30F104A A5=108000 A6=108E3C PC=3387A -- 03387A: move.w  (A0)+, (A1)
D0=10006D D1=26 D2=0 D3=FFFF D4=10405140 D5=84418545 D6=84418545 D7=FFFF A0=108FBC A1=3C0002 A2=337FC A3=108FAA A4=30F104A A5=108000 A6=108E3C PC=3387C -- 03387C: move.w  (A0)+, (A1)
D0=10006D D1=26 D2=0 D3=FFFF D4=10405140 D5=84418545 D6=84418545 D7=FFFF A0=108FBE A1=3C0002 A2=337FC A3=108FAA A4=30F104A A5=108000 A6=108E3C PC=3387E -- 03387E: move.w  (A0)+, (A1)
D0=10006D D1=26 D2=0 D3=FFFF D4=10405140 D5=84418545 D6=84418545 D7=FFFF A0=108FC0 A1=3C0002 A2=337FC A3=108FAA A4=30F104A A5=108000 A6=108E3C PC=33880 -- 033880: move.w  (A0)+, (A1)
D0=10006D D1=26 D2=0 D3=FFFF D4=10405140 D5=84418545 D6=84418545 D7=FFFF A0=108FC2 A1=3C0002 A2=337FC A3=108FAA A4=30F104A A5=108000 A6=108E3C PC=33882 -- 033882: move.w  (A0)+, (A1)
D0=10006D D1=26 D2=0 D3=FFFF D4=10405140 D5=84418545 D6=84418545 D7=FFFF A0=108FC4 A1=3C0002 A2=337FC A3=108FAA A4=30F104A A5=108000 A6=108E3C PC=33884 -- 033884: move.w  (A0)+, (A1)
D0=10006D D1=26 D2=0 D3=FFFF D4=10405140 D5=84418545 D6=84418545 D7=FFFF A0=108FC6 A1=3C0002 A2=337FC A3=108FAA A4=30F104A A5=108000 A6=108E3C PC=33886 -- 033886: move.w  (A0)+, (A1)
D0=10006D D1=26 D2=0 D3=FFFF D4=10405140 D5=84418545 D6=84418545 D7=FFFF A0=108FC8 A1=3C0002 A2=337FC A3=108FAA A4=30F104A A5=108000 A6=108E3C PC=33888 -- 033888: move.w  (A0)+, (A1)
D0=10006D D1=26 D2=0 D3=FFFF D4=10405140 D5=84418545 D6=84418545 D7=FFFF A0=108FCA A1=3C0002 A2=337FC A3=108FAA A4=30F104A A5=108000 A6=108E3C PC=3388A -- 03388A: move.w  (A0)+, (A1)
D0=10006D D1=26 D2=0 D3=FFFF D4=10405140 D5=84418545 D6=84418545 D7=FFFF A0=108FCC A1=3C0002 A2=337FC A3=108FAA A4=30F104A A5=108000 A6=108E3C PC=3388C -- 03388C: move.w  (A0)+, (A1)
D0=10006D D1=26 D2=0 D3=FFFF D4=10405140 D5=84418545 D6=84418545 D7=FFFF A0=108FCE A1=3C0002 A2=337FC A3=108FAA A4=30F104A A5=108000 A6=108E3C PC=3388E -- 03388E: move.w  (A0)+, (A1)
D0=10006D D1=26 D2=0 D3=FFFF D4=10405140 D5=84418545 D6=84418545 D7=FFFF A0=108FD0 A1=3C0002 A2=337FC A3=108FAA A4=30F104A A5=108000 A6=108E3C PC=33890 -- 033890: move.w  (A0)+, (A1)
D0=10006D D1=26 D2=0 D3=FFFF D4=10405140 D5=84418545 D6=84418545 D7=FFFF A0=108FD2 A1=3C0002 A2=337FC A3=108FAA A4=30F104A A5=108000 A6=108E3C PC=33892 -- 033892: move.w  (A0)+, (A1)
D0=10006D D1=26 D2=0 D3=FFFF D4=10405140 D5=84418545 D6=84418545 D7=FFFF A0=108FD4 A1=3C0002 A2=337FC A3=108FAA A4=30F104A A5=108000 A6=108E3C PC=33894 -- 033894: move.w  (A0)+, (A1)
D0=10006D D1=26 D2=0 D3=FFFF D4=10405140 D5=84418545 D6=84418545 D7=FFFF A0=108FD6 A1=3C0002 A2=337FC A3=108FAA A4=30F104A A5=108000 A6=108E3C PC=33896 -- 033896: move.w  (A0)+, (A1)
D0=10006D D1=26 D2=0 D3=FFFF D4=10405140 D5=84418545 D6=84418545 D7=FFFF A0=108FD8 A1=3C0002 A2=337FC A3=108FAA A4=30F104A A5=108000 A6=108E3C PC=33898 -- 033898: move.w  (A0)+, (A1)
D0=10006D D1=26 D2=0 D3=FFFF D4=10405140 D5=84418545 D6=84418545 D7=FFFF A0=108FDA A1=3C0002 A2=337FC A3=108FAA A4=30F104A A5=108000 A6=108E3C PC=3389A -- 03389A: move.w  (A0)+, (A1)
D0=10006D D1=26 D2=0 D3=FFFF D4=10405140 D5=84418545 D6=84418545 D7=FFFF A0=108FDC A1=3C0002 A2=337FC A3=108FAA A4=30F104A A5=108000 A6=108E3C PC=3389C -- 03389C: move.w  (A0)+, (A1)
D0=10006D D1=26 D2=0 D3=FFFF D4=10405140 D5=84418545 D6=84418545 D7=FFFF A0=108FDE A1=3C0002 A2=337FC A3=108FAA A4=30F104A A5=108000 A6=108E3C PC=3389E -- 03389E: move.w  (A0)+, (A1)
D0=10006D D1=26 D2=0 D3=FFFF D4=10405140 D5=84418545 D6=84418545 D7=FFFF A0=108FE0 A1=3C0002 A2=337FC A3=108FAA A4=30F104A A5=108000 A6=108E3C PC=338A0 -- 0338A0: move.w  (A0)+, (A1)
D0=10006D D1=26 D2=0 D3=FFFF D4=10405140 D5=84418545 D6=84418545 D7=FFFF A0=108FE2 A1=3C0002 A2=337FC A3=108FAA A4=30F104A A5=108000 A6=108E3C PC=338A2 -- 0338A2: move.w  (A0)+, (A1)
D0=10006D D1=26 D2=0 D3=FFFF D4=10405140 D5=84418545 D6=84418545 D7=FFFF A0=108FE4 A1=3C0002 A2=337FC A3=108FAA A4=30F104A A5=108000 A6=108E3C PC=338A4 -- 0338A4: move.w  (A0)+, (A1)
D0=10006D D1=26 D2=0 D3=FFFF D4=10405140 D5=84418545 D6=84418545 D7=FFFF A0=108FE6 A1=3C0002 A2=337FC A3=108FAA A4=30F104A A5=108000 A6=108E3C PC=338A6 -- 0338A6: move.w  (A0)+, (A1)
D0=10006D D1=26 D2=0 D3=FFFF D4=10405140 D5=84418545 D6=84418545 D7=FFFF A0=108FE8 A1=3C0002 A2=337FC A3=108FAA A4=30F104A A5=108000 A6=108E3C PC=338A8 -- 0338A8: move.w  (A0)+, (A1)
D0=10006D D1=26 D2=0 D3=FFFF D4=10405140 D5=84418545 D6=84418545 D7=FFFF A0=108FEA A1=3C0002 A2=337FC A3=108FAA A4=30F104A A5=108000 A6=108E3C PC=338AA -- 0338AA: move.w  (A0)+, (A1)
D0=10006D D1=26 D2=0 D3=FFFF D4=10405140 D5=84418545 D6=84418545 D7=FFFF A0=108FEC A1=3C0002 A2=337FC A3=108FAA A4=30F104A A5=108000 A6=108E3C PC=338AC -- 0338AC: move.w  (A0)+, (A1)
D0=10006D D1=26 D2=0 D3=FFFF D4=10405140 D5=84418545 D6=84418545 D7=FFFF A0=108FEE A1=3C0002 A2=337FC A3=108FAA A4=30F104A A5=108000 A6=108E3C PC=338AE -- 0338AE: move.w  (A0)+, (A1)
D0=10006D D1=26 D2=0 D3=FFFF D4=10405140 D5=84418545 D6=84418545 D7=FFFF A0=108FF0 A1=3C0002 A2=337FC A3=108FAA A4=30F104A A5=108000 A6=108E3C PC=338B0 -- 0338B0: move.w  (A0)+, (A1)
D0=10006D D1=26 D2=0 D3=FFFF D4=10405140 D5=84418545 D6=84418545 D7=FFFF A0=108FF2 A1=3C0002 A2=337FC A3=108FAA A4=30F104A A5=108000 A6=108E3C PC=338B2 -- 0338B2: move.w  (A0)+, (A1)
D0=10006D D1=26 D2=0 D3=FFFF D4=10405140 D5=84418545 D6=84418545 D7=FFFF A0=108FF4 A1=3C0002 A2=337FC A3=108FAA A4=30F104A A5=108000 A6=108E3C PC=338B4 -- 0338B4: move.w  (A0)+, (A1)
D0=10006D D1=26 D2=0 D3=FFFF D4=10405140 D5=84418545 D6=84418545 D7=FFFF A0=108FF6 A1=3C0002 A2=337FC A3=108FAA A4=30F104A A5=108000 A6=108E3C PC=338B6 -- 0338B6: move.w  (A0)+, (A1)
D0=10006D D1=26 D2=0 D3=FFFF D4=10405140 D5=84418545 D6=84418545 D7=FFFF A0=108FF8 A1=3C0002 A2=337FC A3=108FAA A4=30F104A A5=108000 A6=108E3C PC=338B8 -- 0338B8: move.w  (A0)+, (A1)
D0=10006D D1=26 D2=0 D3=FFFF D4=10405140 D5=84418545 D6=84418545 D7=FFFF A0=108FFA A1=3C0002 A2=337FC A3=108FAA A4=30F104A A5=108000 A6=108E3C PC=338BA -- 0338BA: move.w  (A0)+, (A1)
D0=10006D D1=26 D2=0 D3=FFFF D4=10405140 D5=84418545 D6=84418545 D7=FFFF A0=108FFC A1=3C0002 A2=337FC A3=108FAA A4=30F104A A5=108000 A6=108E3C PC=338BC -- 0338BC: move.w  (A0)+, (A1)
D0=10006D D1=26 D2=0 D3=FFFF D4=10405140 D5=84418545 D6=84418545 D7=FFFF A0=108FFE A1=3C0002 A2=337FC A3=108FAA A4=30F104A A5=108000 A6=108E3C PC=338BE -- 0338BE: move.w  (A0)+, (A1)
D0=10006D D1=26 D2=0 D3=FFFF D4=10405140 D5=84418545 D6=84418545 D7=FFFF A0=109000 A1=3C0002 A2=337FC A3=108FAA A4=30F104A A5=108000 A6=108E3C PC=338C0 -- 0338C0: move.w  (A0)+, (A1)
D0=10006D D1=26 D2=0 D3=FFFF D4=10405140 D5=84418545 D6=84418545 D7=FFFF A0=109002 A1=3C0002 A2=337FC A3=108FAA A4=30F104A A5=108000 A6=108E3C PC=338C2 -- 0338C2: move.w  (A0)+, (A1)
D0=10006D D1=26 D2=0 D3=FFFF D4=10405140 D5=84418545 D6=84418545 D7=FFFF A0=109004 A1=3C0002 A2=337FC A3=108FAA A4=30F104A A5=108000 A6=108E3C PC=338C4 -- 0338C4: move.w  (A0)+, (A1)
D0=10006D D1=26 D2=0 D3=FFFF D4=10405140 D5=84418545 D6=84418545 D7=FFFF A0=109006 A1=3C0002 A2=337FC A3=108FAA A4=30F104A A5=108000 A6=108E3C PC=338C6 -- 0338C6: move.w  (A0)+, (A1)
D0=10006D D1=26 D2=0 D3=FFFF D4=10405140 D5=84418545 D6=84418545 D7=FFFF A0=109008 A1=3C0002 A2=337FC A3=108FAA A4=30F104A A5=108000 A6=108E3C PC=338C8 -- 0338C8: move.w  (A0)+, (A1)
D0=10006D D1=26 D2=0 D3=FFFF D4=10405140 D5=84418545 D6=84418545 D7=FFFF A0=10900A A1=3C0002 A2=337FC A3=108FAA A4=30F104A A5=108000 A6=108E3C PC=338CA -- 0338CA: move.w  (A0)+, (A1)
D0=10006D D1=26 D2=0 D3=FFFF D4=10405140 D5=84418545 D6=84418545 D7=FFFF A0=10900C A1=3C0002 A2=337FC A3=108FAA A4=30F104A A5=108000 A6=108E3C PC=338CC -- 0338CC: move.w  (A0)+, (A1)
D0=10006D D1=26 D2=0 D3=FFFF D4=10405140 D5=84418545 D6=84418545 D7=FFFF A0=10900E A1=3C0002 A2=337FC A3=108FAA A4=30F104A A5=108000 A6=108E3C PC=338CE -- 0338CE: move.w  (A0)+, (A1)
D0=10006D D1=26 D2=0 D3=FFFF D4=10405140 D5=84418545 D6=84418545 D7=FFFF A0=109010 A1=3C0002 A2=337FC A3=108FAA A4=30F104A A5=108000 A6=108E3C PC=338D0 -- 0338D0: move.w  (A0)+, (A1)
D0=10006D D1=26 D2=0 D3=FFFF D4=10405140 D5=84418545 D6=84418545 D7=FFFF A0=109012 A1=3C0002 A2=337FC A3=108FAA A4=30F104A A5=108000 A6=108E3C PC=338D2 -- 0338D2: move.w  (A0)+, (A1)
D0=10006D D1=26 D2=0 D3=FFFF D4=10405140 D5=84418545 D6=84418545 D7=FFFF A0=109014 A1=3C0002 A2=337FC A3=108FAA A4=30F104A A5=108000 A6=108E3C PC=338D4 -- 0338D4: move.w  (A0)+, (A1)
D0=10006D D1=26 D2=0 D3=FFFF D4=10405140 D5=84418545 D6=84418545 D7=FFFF A0=109016 A1=3C0002 A2=337FC A3=108FAA A4=30F104A A5=108000 A6=108E3C PC=338D6 -- 0338D6: lea     $3c0000.l, A1
D0=10006D D1=26 D2=0 D3=FFFF D4=10405140 D5=84418545 D6=84418545 D7=FFFF A0=109016 A1=3C0000 A2=337FC A3=108FAA A4=30F104A A5=108000 A6=108E3C PC=338DC -- 0338DC: move.w  ($1044,A5), D0
D0=100021 D1=26 D2=0 D3=FFFF D4=10405140 D5=84418545 D6=84418545 D7=FFFF A0=109016 A1=3C0000 A2=337FC A3=108FAA A4=30F104A A5=108000 A6=108E3C PC=338E0 -- 0338E0: add.w   ($103c,A5), D0
D0=100021 D1=26 D2=0 D3=FFFF D4=10405140 D5=84418545 D6=84418545 D7=FFFF A0=109016 A1=3C0000 A2=337FC A3=108FAA A4=30F104A A5=108000 A6=108E3C PC=338E4 -- 0338E4: addi.w  #-$7e00, D0
D0=108221 D1=26 D2=0 D3=FFFF D4=10405140 D5=84418545 D6=84418545 D7=FFFF A0=109016 A1=3C0000 A2=337FC A3=108FAA A4=30F104A A5=108000 A6=108E3C PC=338E8 -- 0338E8: move.w  D0, (A1)+
D0=108221 D1=26 D2=0 D3=FFFF D4=10405140 D5=84418545 D6=84418545 D7=FFFF A0=109016 A1=3C0002 A2=337FC A3=108FAA A4=30F104A A5=108000 A6=108E3C PC=338EA -- 0338EA: moveq   #$0, D0
D0=0 D1=26 D2=0 D3=FFFF D4=10405140 D5=84418545 D6=84418545 D7=FFFF A0=109016 A1=3C0002 A2=337FC A3=108FAA A4=30F104A A5=108000 A6=108E3C PC=338EC -- 0338EC: move.w  ($1048,A5), D1
D0=0 D1=1F D2=0 D3=FFFF D4=10405140 D5=84418545 D6=84418545 D7=FFFF A0=109016 A1=3C0002 A2=337FC A3=108FAA A4=30F104A A5=108000 A6=108E3C PC=338F0 -- 0338F0: addq.w  #1, D1
D0=0 D1=20 D2=0 D3=FFFF D4=10405140 D5=84418545 D6=84418545 D7=FFFF A0=109016 A1=3C0002 A2=337FC A3=108FAA A4=30F104A A5=108000 A6=108E3C PC=338F2 -- 0338F2: move.w  #$80, D2
D0=0 D1=20 D2=80 D3=FFFF D4=10405140 D5=84418545 D6=84418545 D7=FFFF A0=109016 A1=3C0002 A2=337FC A3=108FAA A4=30F104A A5=108000 A6=108E3C PC=338F6 -- 0338F6: sub.w   D1, D2
D0=0 D1=20 D2=60 D3=FFFF D4=10405140 D5=84418545 D6=84418545 D7=FFFF A0=109016 A1=3C0002 A2=337FC A3=108FAA A4=30F104A A5=108000 A6=108E3C PC=338F8 -- 0338F8: add.w   D2, D2
D0=0 D1=20 D2=C0 D3=FFFF D4=10405140 D5=84418545 D6=84418545 D7=FFFF A0=109016 A1=3C0002 A2=337FC A3=108FAA A4=30F104A A5=108000 A6=108E3C PC=338FA -- 0338FA: lea     ($8,PC) ; ($33904), A0
D0=0 D1=20 D2=C0 D3=FFFF D4=10405140 D5=84418545 D6=84418545 D7=FFFF A0=33904 A1=3C0002 A2=337FC A3=108FAA A4=30F104A A5=108000 A6=108E3C PC=338FE -- 0338FE: nop
D0=0 D1=20 D2=C0 D3=FFFF D4=10405140 D5=84418545 D6=84418545 D7=FFFF A0=33904 A1=3C0002 A2=337FC A3=108FAA A4=30F104A A5=108000 A6=108E3C PC=33900 -- 033900: adda.w  D2, A0
D0=0 D1=20 D2=C0 D3=FFFF D4=10405140 D5=84418545 D6=84418545 D7=FFFF A0=339C4 A1=3C0002 A2=337FC A3=108FAA A4=30F104A A5=108000 A6=108E3C PC=33902 -- 033902: jmp     (A0)
D0=0 D1=20 D2=C0 D3=FFFF D4=10405140 D5=84418545 D6=84418545 D7=FFFF A0=339C4 A1=3C0002 A2=337FC A3=108FAA A4=30F104A A5=108000 A6=108E3C PC=339C4 -- 0339C4: move.w  D0, (A1)
D0=0 D1=20 D2=C0 D3=FFFF D4=10405140 D5=84418545 D6=84418545 D7=FFFF A0=339C4 A1=3C0002 A2=337FC A3=108FAA A4=30F104A A5=108000 A6=108E3C PC=339C6 -- 0339C6: move.w  D0, (A1)
D0=0 D1=20 D2=C0 D3=FFFF D4=10405140 D5=84418545 D6=84418545 D7=FFFF A0=339C4 A1=3C0002 A2=337FC A3=108FAA A4=30F104A A5=108000 A6=108E3C PC=339C8 -- 0339C8: move.w  D0, (A1)
D0=0 D1=20 D2=C0 D3=FFFF D4=10405140 D5=84418545 D6=84418545 D7=FFFF A0=339C4 A1=3C0002 A2=337FC A3=108FAA A4=30F104A A5=108000 A6=108E3C PC=339CA -- 0339CA: move.w  D0, (A1)
D0=0 D1=20 D2=C0 D3=FFFF D4=10405140 D5=84418545 D6=84418545 D7=FFFF A0=339C4 A1=3C0002 A2=337FC A3=108FAA A4=30F104A A5=108000 A6=108E3C PC=339CC -- 0339CC: move.w  D0, (A1)
D0=0 D1=20 D2=C0 D3=FFFF D4=10405140 D5=84418545 D6=84418545 D7=FFFF A0=339C4 A1=3C0002 A2=337FC A3=108FAA A4=30F104A A5=108000 A6=108E3C PC=339CE -- 0339CE: move.w  D0, (A1)
D0=0 D1=20 D2=C0 D3=FFFF D4=10405140 D5=84418545 D6=84418545 D7=FFFF A0=339C4 A1=3C0002 A2=337FC A3=108FAA A4=30F104A A5=108000 A6=108E3C PC=339D0 -- 0339D0: move.w  D0, (A1)
D0=0 D1=20 D2=C0 D3=FFFF D4=10405140 D5=84418545 D6=84418545 D7=FFFF A0=339C4 A1=3C0002 A2=337FC A3=108FAA A4=30F104A A5=108000 A6=108E3C PC=339D2 -- 0339D2: move.w  D0, (A1)
D0=0 D1=20 D2=C0 D3=FFFF D4=10405140 D5=84418545 D6=84418545 D7=FFFF A0=339C4 A1=3C0002 A2=337FC A3=108FAA A4=30F104A A5=108000 A6=108E3C PC=339D4 -- 0339D4: move.w  D0, (A1)
D0=0 D1=20 D2=C0 D3=FFFF D4=10405140 D5=84418545 D6=84418545 D7=FFFF A0=339C4 A1=3C0002 A2=337FC A3=108FAA A4=30F104A A5=108000 A6=108E3C PC=339D6 -- 0339D6: move.w  D0, (A1)
D0=0 D1=20 D2=C0 D3=FFFF D4=10405140 D5=84418545 D6=84418545 D7=FFFF A0=339C4 A1=3C0002 A2=337FC A3=108FAA A4=30F104A A5=108000 A6=108E3C PC=339D8 -- 0339D8: move.w  D0, (A1)
D0=0 D1=20 D2=C0 D3=FFFF D4=10405140 D5=84418545 D6=84418545 D7=FFFF A0=339C4 A1=3C0002 A2=337FC A3=108FAA A4=30F104A A5=108000 A6=108E3C PC=339DA -- 0339DA: move.w  D0, (A1)
D0=0 D1=20 D2=C0 D3=FFFF D4=10405140 D5=84418545 D6=84418545 D7=FFFF A0=339C4 A1=3C0002 A2=337FC A3=108FAA A4=30F104A A5=108000 A6=108E3C PC=339DC -- 0339DC: move.w  D0, (A1)
D0=0 D1=20 D2=C0 D3=FFFF D4=10405140 D5=84418545 D6=84418545 D7=FFFF A0=339C4 A1=3C0002 A2=337FC A3=108FAA A4=30F104A A5=108000 A6=108E3C PC=339DE -- 0339DE: move.w  D0, (A1)
D0=0 D1=20 D2=C0 D3=FFFF D4=10405140 D5=84418545 D6=84418545 D7=FFFF A0=339C4 A1=3C0002 A2=337FC A3=108FAA A4=30F104A A5=108000 A6=108E3C PC=339E0 -- 0339E0: move.w  D0, (A1)
D0=0 D1=20 D2=C0 D3=FFFF D4=10405140 D5=84418545 D6=84418545 D7=FFFF A0=339C4 A1=3C0002 A2=337FC A3=108FAA A4=30F104A A5=108000 A6=108E3C PC=339E2 -- 0339E2: move.w  D0, (A1)
D0=0 D1=20 D2=C0 D3=FFFF D4=10405140 D5=84418545 D6=84418545 D7=FFFF A0=339C4 A1=3C0002 A2=337FC A3=108FAA A4=30F104A A5=108000 A6=108E3C PC=339E4 -- 0339E4: move.w  D0, (A1)
D0=0 D1=20 D2=C0 D3=FFFF D4=10405140 D5=84418545 D6=84418545 D7=FFFF A0=339C4 A1=3C0002 A2=337FC A3=108FAA A4=30F104A A5=108000 A6=108E3C PC=339E6 -- 0339E6: move.w  D0, (A1)
D0=0 D1=20 D2=C0 D3=FFFF D4=10405140 D5=84418545 D6=84418545 D7=FFFF A0=339C4 A1=3C0002 A2=337FC A3=108FAA A4=30F104A A5=108000 A6=108E3C PC=339E8 -- 0339E8: move.w  D0, (A1)
D0=0 D1=20 D2=C0 D3=FFFF D4=10405140 D5=84418545 D6=84418545 D7=FFFF A0=339C4 A1=3C0002 A2=337FC A3=108FAA A4=30F104A A5=108000 A6=108E3C PC=339EA -- 0339EA: move.w  D0, (A1)
D0=0 D1=20 D2=C0 D3=FFFF D4=10405140 D5=84418545 D6=84418545 D7=FFFF A0=339C4 A1=3C0002 A2=337FC A3=108FAA A4=30F104A A5=108000 A6=108E3C PC=339EC -- 0339EC: move.w  D0, (A1)
D0=0 D1=20 D2=C0 D3=FFFF D4=10405140 D5=84418545 D6=84418545 D7=FFFF A0=339C4 A1=3C0002 A2=337FC A3=108FAA A4=30F104A A5=108000 A6=108E3C PC=339EE -- 0339EE: move.w  D0, (A1)
D0=0 D1=20 D2=C0 D3=FFFF D4=10405140 D5=84418545 D6=84418545 D7=FFFF A0=339C4 A1=3C0002 A2=337FC A3=108FAA A4=30F104A A5=108000 A6=108E3C PC=339F0 -- 0339F0: move.w  D0, (A1)
D0=0 D1=20 D2=C0 D3=FFFF D4=10405140 D5=84418545 D6=84418545 D7=FFFF A0=339C4 A1=3C0002 A2=337FC A3=108FAA A4=30F104A A5=108000 A6=108E3C PC=339F2 -- 0339F2: move.w  D0, (A1)
D0=0 D1=20 D2=C0 D3=FFFF D4=10405140 D5=84418545 D6=84418545 D7=FFFF A0=339C4 A1=3C0002 A2=337FC A3=108FAA A4=30F104A A5=108000 A6=108E3C PC=339F4 -- 0339F4: move.w  D0, (A1)
D0=0 D1=20 D2=C0 D3=FFFF D4=10405140 D5=84418545 D6=84418545 D7=FFFF A0=339C4 A1=3C0002 A2=337FC A3=108FAA A4=30F104A A5=108000 A6=108E3C PC=339F6 -- 0339F6: move.w  D0, (A1)
D0=0 D1=20 D2=C0 D3=FFFF D4=10405140 D5=84418545 D6=84418545 D7=FFFF A0=339C4 A1=3C0002 A2=337FC A3=108FAA A4=30F104A A5=108000 A6=108E3C PC=339F8 -- 0339F8: move.w  D0, (A1)
D0=0 D1=20 D2=C0 D3=FFFF D4=10405140 D5=84418545 D6=84418545 D7=FFFF A0=339C4 A1=3C0002 A2=337FC A3=108FAA A4=30F104A A5=108000 A6=108E3C PC=339FA -- 0339FA: move.w  D0, (A1)
D0=0 D1=20 D2=C0 D3=FFFF D4=10405140 D5=84418545 D6=84418545 D7=FFFF A0=339C4 A1=3C0002 A2=337FC A3=108FAA A4=30F104A A5=108000 A6=108E3C PC=339FC -- 0339FC: move.w  D0, (A1)
D0=0 D1=20 D2=C0 D3=FFFF D4=10405140 D5=84418545 D6=84418545 D7=FFFF A0=339C4 A1=3C0002 A2=337FC A3=108FAA A4=30F104A A5=108000 A6=108E3C PC=339FE -- 0339FE: move.w  D0, (A1)
D0=0 D1=20 D2=C0 D3=FFFF D4=10405140 D5=84418545 D6=84418545 D7=FFFF A0=339C4 A1=3C0002 A2=337FC A3=108FAA A4=30F104A A5=108000 A6=108E3C PC=33A00 -- 033A00: move.w  D0, (A1)
D0=0 D1=20 D2=C0 D3=FFFF D4=10405140 D5=84418545 D6=84418545 D7=FFFF A0=339C4 A1=3C0002 A2=337FC A3=108FAA A4=30F104A A5=108000 A6=108E3C PC=33A02 -- 033A02: move.w  D0, (A1)
D0=0 D1=20 D2=C0 D3=FFFF D4=10405140 D5=84418545 D6=84418545 D7=FFFF A0=339C4 A1=3C0002 A2=337FC A3=108FAA A4=30F104A A5=108000 A6=108E3C PC=33A04 -- 033A04: lea     $3c0000.l, A1
D0=0 D1=20 D2=C0 D3=FFFF D4=10405140 D5=84418545 D6=84418545 D7=FFFF A0=339C4 A1=3C0000 A2=337FC A3=108FAA A4=30F104A A5=108000 A6=108E3C PC=33A0A -- 033A0A: move.w  ($1046,A5), D0
D0=A1 D1=20 D2=C0 D3=FFFF D4=10405140 D5=84418545 D6=84418545 D7=FFFF A0=339C4 A1=3C0000 A2=337FC A3=108FAA A4=30F104A A5=108000 A6=108E3C PC=33A0E -- 033A0E: add.w   ($103e,A5), D0
D0=A1 D1=20 D2=C0 D3=FFFF D4=10405140 D5=84418545 D6=84418545 D7=FFFF A0=339C4 A1=3C0000 A2=337FC A3=108FAA A4=30F104A A5=108000 A6=108E3C PC=33A12 -- 033A12: addi.w  #-$7e00, D0
D0=82A1 D1=20 D2=C0 D3=FFFF D4=10405140 D5=84418545 D6=84418545 D7=FFFF A0=339C4 A1=3C0000 A2=337FC A3=108FAA A4=30F104A A5=108000 A6=108E3C PC=33A16 -- 033A16: move.w  D0, (A1)+
D0=82A1 D1=20 D2=C0 D3=FFFF D4=10405140 D5=84418545 D6=84418545 D7=FFFF A0=339C4 A1=3C0002 A2=337FC A3=108FAA A4=30F104A A5=108000 A6=108E3C PC=33A18 -- 033A18: moveq   #$0, D0
D0=0 D1=20 D2=C0 D3=FFFF D4=10405140 D5=84418545 D6=84418545 D7=FFFF A0=339C4 A1=3C0002 A2=337FC A3=108FAA A4=30F104A A5=108000 A6=108E3C PC=33A1A -- 033A1A: move.w  ($104a,A5), D1
D0=0 D1=6C D2=C0 D3=FFFF D4=10405140 D5=84418545 D6=84418545 D7=FFFF A0=339C4 A1=3C0002 A2=337FC A3=108FAA A4=30F104A A5=108000 A6=108E3C PC=33A1E -- 033A1E: addq.w  #1, D1
D0=0 D1=6D D2=C0 D3=FFFF D4=10405140 D5=84418545 D6=84418545 D7=FFFF A0=339C4 A1=3C0002 A2=337FC A3=108FAA A4=30F104A A5=108000 A6=108E3C PC=33A20 -- 033A20: move.w  #$80, D2
D0=0 D1=6D D2=80 D3=FFFF D4=10405140 D5=84418545 D6=84418545 D7=FFFF A0=339C4 A1=3C0002 A2=337FC A3=108FAA A4=30F104A A5=108000 A6=108E3C PC=33A24 -- 033A24: sub.w   D1, D2
D0=0 D1=6D D2=13 D3=FFFF D4=10405140 D5=84418545 D6=84418545 D7=FFFF A0=339C4 A1=3C0002 A2=337FC A3=108FAA A4=30F104A A5=108000 A6=108E3C PC=33A26 -- 033A26: add.w   D2, D2
D0=0 D1=6D D2=26 D3=FFFF D4=10405140 D5=84418545 D6=84418545 D7=FFFF A0=339C4 A1=3C0002 A2=337FC A3=108FAA A4=30F104A A5=108000 A6=108E3C PC=33A28 -- 033A28: lea     ($8,PC) ; ($33a32), A0
D0=0 D1=6D D2=26 D3=FFFF D4=10405140 D5=84418545 D6=84418545 D7=FFFF A0=33A32 A1=3C0002 A2=337FC A3=108FAA A4=30F104A A5=108000 A6=108E3C PC=33A2C -- 033A2C: nop
D0=0 D1=6D D2=26 D3=FFFF D4=10405140 D5=84418545 D6=84418545 D7=FFFF A0=33A32 A1=3C0002 A2=337FC A3=108FAA A4=30F104A A5=108000 A6=108E3C PC=33A2E -- 033A2E: adda.w  D2, A0
D0=0 D1=6D D2=26 D3=FFFF D4=10405140 D5=84418545 D6=84418545 D7=FFFF A0=33A58 A1=3C0002 A2=337FC A3=108FAA A4=30F104A A5=108000 A6=108E3C PC=33A30 -- 033A30: jmp     (A0)
D0=0 D1=6D D2=26 D3=FFFF D4=10405140 D5=84418545 D6=84418545 D7=FFFF A0=33A58 A1=3C0002 A2=337FC A3=108FAA A4=30F104A A5=108000 A6=108E3C PC=33A58 -- 033A58: move.w  D0, (A1)
D0=0 D1=6D D2=26 D3=FFFF D4=10405140 D5=84418545 D6=84418545 D7=FFFF A0=33A58 A1=3C0002 A2=337FC A3=108FAA A4=30F104A A5=108000 A6=108E3C PC=33A5A -- 033A5A: move.w  D0, (A1)
D0=0 D1=6D D2=26 D3=FFFF D4=10405140 D5=84418545 D6=84418545 D7=FFFF A0=33A58 A1=3C0002 A2=337FC A3=108FAA A4=30F104A A5=108000 A6=108E3C PC=33A5C -- 033A5C: move.w  D0, (A1)
D0=0 D1=6D D2=26 D3=FFFF D4=10405140 D5=84418545 D6=84418545 D7=FFFF A0=33A58 A1=3C0002 A2=337FC A3=108FAA A4=30F104A A5=108000 A6=108E3C PC=33A5E -- 033A5E: move.w  D0, (A1)
D0=0 D1=6D D2=26 D3=FFFF D4=10405140 D5=84418545 D6=84418545 D7=FFFF A0=33A58 A1=3C0002 A2=337FC A3=108FAA A4=30F104A A5=108000 A6=108E3C PC=33A60 -- 033A60: move.w  D0, (A1)
D0=0 D1=6D D2=26 D3=FFFF D4=10405140 D5=84418545 D6=84418545 D7=FFFF A0=33A58 A1=3C0002 A2=337FC A3=108FAA A4=30F104A A5=108000 A6=108E3C PC=33A62 -- 033A62: move.w  D0, (A1)
D0=0 D1=6D D2=26 D3=FFFF D4=10405140 D5=84418545 D6=84418545 D7=FFFF A0=33A58 A1=3C0002 A2=337FC A3=108FAA A4=30F104A A5=108000 A6=108E3C PC=33A64 -- 033A64: move.w  D0, (A1)
D0=0 D1=6D D2=26 D3=FFFF D4=10405140 D5=84418545 D6=84418545 D7=FFFF A0=33A58 A1=3C0002 A2=337FC A3=108FAA A4=30F104A A5=108000 A6=108E3C PC=33A66 -- 033A66: move.w  D0, (A1)
D0=0 D1=6D D2=26 D3=FFFF D4=10405140 D5=84418545 D6=84418545 D7=FFFF A0=33A58 A1=3C0002 A2=337FC A3=108FAA A4=30F104A A5=108000 A6=108E3C PC=33A68 -- 033A68: move.w  D0, (A1)
D0=0 D1=6D D2=26 D3=FFFF D4=10405140 D5=84418545 D6=84418545 D7=FFFF A0=33A58 A1=3C0002 A2=337FC A3=108FAA A4=30F104A A5=108000 A6=108E3C PC=33A6A -- 033A6A: move.w  D0, (A1)
D0=0 D1=6D D2=26 D3=FFFF D4=10405140 D5=84418545 D6=84418545 D7=FFFF A0=33A58 A1=3C0002 A2=337FC A3=108FAA A4=30F104A A5=108000 A6=108E3C PC=33A6C -- 033A6C: move.w  D0, (A1)
D0=0 D1=6D D2=26 D3=FFFF D4=10405140 D5=84418545 D6=84418545 D7=FFFF A0=33A58 A1=3C0002 A2=337FC A3=108FAA A4=30F104A A5=108000 A6=108E3C PC=33A6E -- 033A6E: move.w  D0, (A1)
D0=0 D1=6D D2=26 D3=FFFF D4=10405140 D5=84418545 D6=84418545 D7=FFFF A0=33A58 A1=3C0002 A2=337FC A3=108FAA A4=30F104A A5=108000 A6=108E3C PC=33A70 -- 033A70: move.w  D0, (A1)
D0=0 D1=6D D2=26 D3=FFFF D4=10405140 D5=84418545 D6=84418545 D7=FFFF A0=33A58 A1=3C0002 A2=337FC A3=108FAA A4=30F104A A5=108000 A6=108E3C PC=33A72 -- 033A72: move.w  D0, (A1)
D0=0 D1=6D D2=26 D3=FFFF D4=10405140 D5=84418545 D6=84418545 D7=FFFF A0=33A58 A1=3C0002 A2=337FC A3=108FAA A4=30F104A A5=108000 A6=108E3C PC=33A74 -- 033A74: move.w  D0, (A1)
D0=0 D1=6D D2=26 D3=FFFF D4=10405140 D5=84418545 D6=84418545 D7=FFFF A0=33A58 A1=3C0002 A2=337FC A3=108FAA A4=30F104A A5=108000 A6=108E3C PC=33A76 -- 033A76: move.w  D0, (A1)
D0=0 D1=6D D2=26 D3=FFFF D4=10405140 D5=84418545 D6=84418545 D7=FFFF A0=33A58 A1=3C0002 A2=337FC A3=108FAA A4=30F104A A5=108000 A6=108E3C PC=33A78 -- 033A78: move.w  D0, (A1)
D0=0 D1=6D D2=26 D3=FFFF D4=10405140 D5=84418545 D6=84418545 D7=FFFF A0=33A58 A1=3C0002 A2=337FC A3=108FAA A4=30F104A A5=108000 A6=108E3C PC=33A7A -- 033A7A: move.w  D0, (A1)
D0=0 D1=6D D2=26 D3=FFFF D4=10405140 D5=84418545 D6=84418545 D7=FFFF A0=33A58 A1=3C0002 A2=337FC A3=108FAA A4=30F104A A5=108000 A6=108E3C PC=33A7C -- 033A7C: move.w  D0, (A1)
D0=0 D1=6D D2=26 D3=FFFF D4=10405140 D5=84418545 D6=84418545 D7=FFFF A0=33A58 A1=3C0002 A2=337FC A3=108FAA A4=30F104A A5=108000 A6=108E3C PC=33A7E -- 033A7E: move.w  D0, (A1)
D0=0 D1=6D D2=26 D3=FFFF D4=10405140 D5=84418545 D6=84418545 D7=FFFF A0=33A58 A1=3C0002 A2=337FC A3=108FAA A4=30F104A A5=108000 A6=108E3C PC=33A80 -- 033A80: move.w  D0, (A1)
D0=0 D1=6D D2=26 D3=FFFF D4=10405140 D5=84418545 D6=84418545 D7=FFFF A0=33A58 A1=3C0002 A2=337FC A3=108FAA A4=30F104A A5=108000 A6=108E3C PC=33A82 -- 033A82: move.w  D0, (A1)
D0=0 D1=6D D2=26 D3=FFFF D4=10405140 D5=84418545 D6=84418545 D7=FFFF A0=33A58 A1=3C0002 A2=337FC A3=108FAA A4=30F104A A5=108000 A6=108E3C PC=33A84 -- 033A84: move.w  D0, (A1)
D0=0 D1=6D D2=26 D3=FFFF D4=10405140 D5=84418545 D6=84418545 D7=FFFF A0=33A58 A1=3C0002 A2=337FC A3=108FAA A4=30F104A A5=108000 A6=108E3C PC=33A86 -- 033A86: move.w  D0, (A1)
D0=0 D1=6D D2=26 D3=FFFF D4=10405140 D5=84418545 D6=84418545 D7=FFFF A0=33A58 A1=3C0002 A2=337FC A3=108FAA A4=30F104A A5=108000 A6=108E3C PC=33A88 -- 033A88: move.w  D0, (A1)
D0=0 D1=6D D2=26 D3=FFFF D4=10405140 D5=84418545 D6=84418545 D7=FFFF A0=33A58 A1=3C0002 A2=337FC A3=108FAA A4=30F104A A5=108000 A6=108E3C PC=33A8A -- 033A8A: move.w  D0, (A1)
D0=0 D1=6D D2=26 D3=FFFF D4=10405140 D5=84418545 D6=84418545 D7=FFFF A0=33A58 A1=3C0002 A2=337FC A3=108FAA A4=30F104A A5=108000 A6=108E3C PC=33A8C -- 033A8C: move.w  D0, (A1)
D0=0 D1=6D D2=26 D3=FFFF D4=10405140 D5=84418545 D6=84418545 D7=FFFF A0=33A58 A1=3C0002 A2=337FC A3=108FAA A4=30F104A A5=108000 A6=108E3C PC=33A8E -- 033A8E: move.w  D0, (A1)
D0=0 D1=6D D2=26 D3=FFFF D4=10405140 D5=84418545 D6=84418545 D7=FFFF A0=33A58 A1=3C0002 A2=337FC A3=108FAA A4=30F104A A5=108000 A6=108E3C PC=33A90 -- 033A90: move.w  D0, (A1)
D0=0 D1=6D D2=26 D3=FFFF D4=10405140 D5=84418545 D6=84418545 D7=FFFF A0=33A58 A1=3C0002 A2=337FC A3=108FAA A4=30F104A A5=108000 A6=108E3C PC=33A92 -- 033A92: move.w  D0, (A1)
D0=0 D1=6D D2=26 D3=FFFF D4=10405140 D5=84418545 D6=84418545 D7=FFFF A0=33A58 A1=3C0002 A2=337FC A3=108FAA A4=30F104A A5=108000 A6=108E3C PC=33A94 -- 033A94: move.w  D0, (A1)
D0=0 D1=6D D2=26 D3=FFFF D4=10405140 D5=84418545 D6=84418545 D7=FFFF A0=33A58 A1=3C0002 A2=337FC A3=108FAA A4=30F104A A5=108000 A6=108E3C PC=33A96 -- 033A96: move.w  D0, (A1)
D0=0 D1=6D D2=26 D3=FFFF D4=10405140 D5=84418545 D6=84418545 D7=FFFF A0=33A58 A1=3C0002 A2=337FC A3=108FAA A4=30F104A A5=108000 A6=108E3C PC=33A98 -- 033A98: move.w  D0, (A1)
D0=0 D1=6D D2=26 D3=FFFF D4=10405140 D5=84418545 D6=84418545 D7=FFFF A0=33A58 A1=3C0002 A2=337FC A3=108FAA A4=30F104A A5=108000 A6=108E3C PC=33A9A -- 033A9A: move.w  D0, (A1)
D0=0 D1=6D D2=26 D3=FFFF D4=10405140 D5=84418545 D6=84418545 D7=FFFF A0=33A58 A1=3C0002 A2=337FC A3=108FAA A4=30F104A A5=108000 A6=108E3C PC=33A9C -- 033A9C: move.w  D0, (A1)
D0=0 D1=6D D2=26 D3=FFFF D4=10405140 D5=84418545 D6=84418545 D7=FFFF A0=33A58 A1=3C0002 A2=337FC A3=108FAA A4=30F104A A5=108000 A6=108E3C PC=33A9E -- 033A9E: move.w  D0, (A1)
D0=0 D1=6D D2=26 D3=FFFF D4=10405140 D5=84418545 D6=84418545 D7=FFFF A0=33A58 A1=3C0002 A2=337FC A3=108FAA A4=30F104A A5=108000 A6=108E3C PC=33AA0 -- 033AA0: move.w  D0, (A1)
D0=0 D1=6D D2=26 D3=FFFF D4=10405140 D5=84418545 D6=84418545 D7=FFFF A0=33A58 A1=3C0002 A2=337FC A3=108FAA A4=30F104A A5=108000 A6=108E3C PC=33AA2 -- 033AA2: move.w  D0, (A1)
D0=0 D1=6D D2=26 D3=FFFF D4=10405140 D5=84418545 D6=84418545 D7=FFFF A0=33A58 A1=3C0002 A2=337FC A3=108FAA A4=30F104A A5=108000 A6=108E3C PC=33AA4 -- 033AA4: move.w  D0, (A1)
D0=0 D1=6D D2=26 D3=FFFF D4=10405140 D5=84418545 D6=84418545 D7=FFFF A0=33A58 A1=3C0002 A2=337FC A3=108FAA A4=30F104A A5=108000 A6=108E3C PC=33AA6 -- 033AA6: move.w  D0, (A1)
D0=0 D1=6D D2=26 D3=FFFF D4=10405140 D5=84418545 D6=84418545 D7=FFFF A0=33A58 A1=3C0002 A2=337FC A3=108FAA A4=30F104A A5=108000 A6=108E3C PC=33AA8 -- 033AA8: move.w  D0, (A1)
D0=0 D1=6D D2=26 D3=FFFF D4=10405140 D5=84418545 D6=84418545 D7=FFFF A0=33A58 A1=3C0002 A2=337FC A3=108FAA A4=30F104A A5=108000 A6=108E3C PC=33AAA -- 033AAA: move.w  D0, (A1)
D0=0 D1=6D D2=26 D3=FFFF D4=10405140 D5=84418545 D6=84418545 D7=FFFF A0=33A58 A1=3C0002 A2=337FC A3=108FAA A4=30F104A A5=108000 A6=108E3C PC=33AAC -- 033AAC: move.w  D0, (A1)
D0=0 D1=6D D2=26 D3=FFFF D4=10405140 D5=84418545 D6=84418545 D7=FFFF A0=33A58 A1=3C0002 A2=337FC A3=108FAA A4=30F104A A5=108000 A6=108E3C PC=33AAE -- 033AAE: move.w  D0, (A1)
D0=0 D1=6D D2=26 D3=FFFF D4=10405140 D5=84418545 D6=84418545 D7=FFFF A0=33A58 A1=3C0002 A2=337FC A3=108FAA A4=30F104A A5=108000 A6=108E3C PC=33AB0 -- 033AB0: move.w  D0, (A1)
D0=0 D1=6D D2=26 D3=FFFF D4=10405140 D5=84418545 D6=84418545 D7=FFFF A0=33A58 A1=3C0002 A2=337FC A3=108FAA A4=30F104A A5=108000 A6=108E3C PC=33AB2 -- 033AB2: move.w  D0, (A1)
D0=0 D1=6D D2=26 D3=FFFF D4=10405140 D5=84418545 D6=84418545 D7=FFFF A0=33A58 A1=3C0002 A2=337FC A3=108FAA A4=30F104A A5=108000 A6=108E3C PC=33AB4 -- 033AB4: move.w  D0, (A1)
D0=0 D1=6D D2=26 D3=FFFF D4=10405140 D5=84418545 D6=84418545 D7=FFFF A0=33A58 A1=3C0002 A2=337FC A3=108FAA A4=30F104A A5=108000 A6=108E3C PC=33AB6 -- 033AB6: move.w  D0, (A1)
D0=0 D1=6D D2=26 D3=FFFF D4=10405140 D5=84418545 D6=84418545 D7=FFFF A0=33A58 A1=3C0002 A2=337FC A3=108FAA A4=30F104A A5=108000 A6=108E3C PC=33AB8 -- 033AB8: move.w  D0, (A1)
D0=0 D1=6D D2=26 D3=FFFF D4=10405140 D5=84418545 D6=84418545 D7=FFFF A0=33A58 A1=3C0002 A2=337FC A3=108FAA A4=30F104A A5=108000 A6=108E3C PC=33ABA -- 033ABA: move.w  D0, (A1)
D0=0 D1=6D D2=26 D3=FFFF D4=10405140 D5=84418545 D6=84418545 D7=FFFF A0=33A58 A1=3C0002 A2=337FC A3=108FAA A4=30F104A A5=108000 A6=108E3C PC=33ABC -- 033ABC: move.w  D0, (A1)
D0=0 D1=6D D2=26 D3=FFFF D4=10405140 D5=84418545 D6=84418545 D7=FFFF A0=33A58 A1=3C0002 A2=337FC A3=108FAA A4=30F104A A5=108000 A6=108E3C PC=33ABE -- 033ABE: move.w  D0, (A1)
D0=0 D1=6D D2=26 D3=FFFF D4=10405140 D5=84418545 D6=84418545 D7=FFFF A0=33A58 A1=3C0002 A2=337FC A3=108FAA A4=30F104A A5=108000 A6=108E3C PC=33AC0 -- 033AC0: move.w  D0, (A1)
D0=0 D1=6D D2=26 D3=FFFF D4=10405140 D5=84418545 D6=84418545 D7=FFFF A0=33A58 A1=3C0002 A2=337FC A3=108FAA A4=30F104A A5=108000 A6=108E3C PC=33AC2 -- 033AC2: move.w  D0, (A1)
D0=0 D1=6D D2=26 D3=FFFF D4=10405140 D5=84418545 D6=84418545 D7=FFFF A0=33A58 A1=3C0002 A2=337FC A3=108FAA A4=30F104A A5=108000 A6=108E3C PC=33AC4 -- 033AC4: move.w  D0, (A1)
D0=0 D1=6D D2=26 D3=FFFF D4=10405140 D5=84418545 D6=84418545 D7=FFFF A0=33A58 A1=3C0002 A2=337FC A3=108FAA A4=30F104A A5=108000 A6=108E3C PC=33AC6 -- 033AC6: move.w  D0, (A1)
D0=0 D1=6D D2=26 D3=FFFF D4=10405140 D5=84418545 D6=84418545 D7=FFFF A0=33A58 A1=3C0002 A2=337FC A3=108FAA A4=30F104A A5=108000 A6=108E3C PC=33AC8 -- 033AC8: move.w  D0, (A1)
D0=0 D1=6D D2=26 D3=FFFF D4=10405140 D5=84418545 D6=84418545 D7=FFFF A0=33A58 A1=3C0002 A2=337FC A3=108FAA A4=30F104A A5=108000 A6=108E3C PC=33ACA -- 033ACA: move.w  D0, (A1)
D0=0 D1=6D D2=26 D3=FFFF D4=10405140 D5=84418545 D6=84418545 D7=FFFF A0=33A58 A1=3C0002 A2=337FC A3=108FAA A4=30F104A A5=108000 A6=108E3C PC=33ACC -- 033ACC: move.w  D0, (A1)
D0=0 D1=6D D2=26 D3=FFFF D4=10405140 D5=84418545 D6=84418545 D7=FFFF A0=33A58 A1=3C0002 A2=337FC A3=108FAA A4=30F104A A5=108000 A6=108E3C PC=33ACE -- 033ACE: move.w  D0, (A1)
D0=0 D1=6D D2=26 D3=FFFF D4=10405140 D5=84418545 D6=84418545 D7=FFFF A0=33A58 A1=3C0002 A2=337FC A3=108FAA A4=30F104A A5=108000 A6=108E3C PC=33AD0 -- 033AD0: move.w  D0, (A1)
D0=0 D1=6D D2=26 D3=FFFF D4=10405140 D5=84418545 D6=84418545 D7=FFFF A0=33A58 A1=3C0002 A2=337FC A3=108FAA A4=30F104A A5=108000 A6=108E3C PC=33AD2 -- 033AD2: move.w  D0, (A1)
D0=0 D1=6D D2=26 D3=FFFF D4=10405140 D5=84418545 D6=84418545 D7=FFFF A0=33A58 A1=3C0002 A2=337FC A3=108FAA A4=30F104A A5=108000 A6=108E3C PC=33AD4 -- 033AD4: move.w  D0, (A1)
D0=0 D1=6D D2=26 D3=FFFF D4=10405140 D5=84418545 D6=84418545 D7=FFFF A0=33A58 A1=3C0002 A2=337FC A3=108FAA A4=30F104A A5=108000 A6=108E3C PC=33AD6 -- 033AD6: move.w  D0, (A1)
D0=0 D1=6D D2=26 D3=FFFF D4=10405140 D5=84418545 D6=84418545 D7=FFFF A0=33A58 A1=3C0002 A2=337FC A3=108FAA A4=30F104A A5=108000 A6=108E3C PC=33AD8 -- 033AD8: move.w  D0, (A1)
D0=0 D1=6D D2=26 D3=FFFF D4=10405140 D5=84418545 D6=84418545 D7=FFFF A0=33A58 A1=3C0002 A2=337FC A3=108FAA A4=30F104A A5=108000 A6=108E3C PC=33ADA -- 033ADA: move.w  D0, (A1)
D0=0 D1=6D D2=26 D3=FFFF D4=10405140 D5=84418545 D6=84418545 D7=FFFF A0=33A58 A1=3C0002 A2=337FC A3=108FAA A4=30F104A A5=108000 A6=108E3C PC=33ADC -- 033ADC: move.w  D0, (A1)
D0=0 D1=6D D2=26 D3=FFFF D4=10405140 D5=84418545 D6=84418545 D7=FFFF A0=33A58 A1=3C0002 A2=337FC A3=108FAA A4=30F104A A5=108000 A6=108E3C PC=33ADE -- 033ADE: move.w  D0, (A1)
D0=0 D1=6D D2=26 D3=FFFF D4=10405140 D5=84418545 D6=84418545 D7=FFFF A0=33A58 A1=3C0002 A2=337FC A3=108FAA A4=30F104A A5=108000 A6=108E3C PC=33AE0 -- 033AE0: move.w  D0, (A1)
D0=0 D1=6D D2=26 D3=FFFF D4=10405140 D5=84418545 D6=84418545 D7=FFFF A0=33A58 A1=3C0002 A2=337FC A3=108FAA A4=30F104A A5=108000 A6=108E3C PC=33AE2 -- 033AE2: move.w  D0, (A1)
D0=0 D1=6D D2=26 D3=FFFF D4=10405140 D5=84418545 D6=84418545 D7=FFFF A0=33A58 A1=3C0002 A2=337FC A3=108FAA A4=30F104A A5=108000 A6=108E3C PC=33AE4 -- 033AE4: move.w  D0, (A1)
D0=0 D1=6D D2=26 D3=FFFF D4=10405140 D5=84418545 D6=84418545 D7=FFFF A0=33A58 A1=3C0002 A2=337FC A3=108FAA A4=30F104A A5=108000 A6=108E3C PC=33AE6 -- 033AE6: move.w  D0, (A1)
D0=0 D1=6D D2=26 D3=FFFF D4=10405140 D5=84418545 D6=84418545 D7=FFFF A0=33A58 A1=3C0002 A2=337FC A3=108FAA A4=30F104A A5=108000 A6=108E3C PC=33AE8 -- 033AE8: move.w  D0, (A1)
D0=0 D1=6D D2=26 D3=FFFF D4=10405140 D5=84418545 D6=84418545 D7=FFFF A0=33A58 A1=3C0002 A2=337FC A3=108FAA A4=30F104A A5=108000 A6=108E3C PC=33AEA -- 033AEA: move.w  D0, (A1)
D0=0 D1=6D D2=26 D3=FFFF D4=10405140 D5=84418545 D6=84418545 D7=FFFF A0=33A58 A1=3C0002 A2=337FC A3=108FAA A4=30F104A A5=108000 A6=108E3C PC=33AEC -- 033AEC: move.w  D0, (A1)
D0=0 D1=6D D2=26 D3=FFFF D4=10405140 D5=84418545 D6=84418545 D7=FFFF A0=33A58 A1=3C0002 A2=337FC A3=108FAA A4=30F104A A5=108000 A6=108E3C PC=33AEE -- 033AEE: move.w  D0, (A1)
D0=0 D1=6D D2=26 D3=FFFF D4=10405140 D5=84418545 D6=84418545 D7=FFFF A0=33A58 A1=3C0002 A2=337FC A3=108FAA A4=30F104A A5=108000 A6=108E3C PC=33AF0 -- 033AF0: move.w  D0, (A1)
D0=0 D1=6D D2=26 D3=FFFF D4=10405140 D5=84418545 D6=84418545 D7=FFFF A0=33A58 A1=3C0002 A2=337FC A3=108FAA A4=30F104A A5=108000 A6=108E3C PC=33AF2 -- 033AF2: move.w  D0, (A1)
D0=0 D1=6D D2=26 D3=FFFF D4=10405140 D5=84418545 D6=84418545 D7=FFFF A0=33A58 A1=3C0002 A2=337FC A3=108FAA A4=30F104A A5=108000 A6=108E3C PC=33AF4 -- 033AF4: move.w  D0, (A1)
D0=0 D1=6D D2=26 D3=FFFF D4=10405140 D5=84418545 D6=84418545 D7=FFFF A0=33A58 A1=3C0002 A2=337FC A3=108FAA A4=30F104A A5=108000 A6=108E3C PC=33AF6 -- 033AF6: move.w  D0, (A1)
D0=0 D1=6D D2=26 D3=FFFF D4=10405140 D5=84418545 D6=84418545 D7=FFFF A0=33A58 A1=3C0002 A2=337FC A3=108FAA A4=30F104A A5=108000 A6=108E3C PC=33AF8 -- 033AF8: move.w  D0, (A1)
D0=0 D1=6D D2=26 D3=FFFF D4=10405140 D5=84418545 D6=84418545 D7=FFFF A0=33A58 A1=3C0002 A2=337FC A3=108FAA A4=30F104A A5=108000 A6=108E3C PC=33AFA -- 033AFA: move.w  D0, (A1)
D0=0 D1=6D D2=26 D3=FFFF D4=10405140 D5=84418545 D6=84418545 D7=FFFF A0=33A58 A1=3C0002 A2=337FC A3=108FAA A4=30F104A A5=108000 A6=108E3C PC=33AFC -- 033AFC: move.w  D0, (A1)
D0=0 D1=6D D2=26 D3=FFFF D4=10405140 D5=84418545 D6=84418545 D7=FFFF A0=33A58 A1=3C0002 A2=337FC A3=108FAA A4=30F104A A5=108000 A6=108E3C PC=33AFE -- 033AFE: move.w  D0, (A1)
D0=0 D1=6D D2=26 D3=FFFF D4=10405140 D5=84418545 D6=84418545 D7=FFFF A0=33A58 A1=3C0002 A2=337FC A3=108FAA A4=30F104A A5=108000 A6=108E3C PC=33B00 -- 033B00: move.w  D0, (A1)
D0=0 D1=6D D2=26 D3=FFFF D4=10405140 D5=84418545 D6=84418545 D7=FFFF A0=33A58 A1=3C0002 A2=337FC A3=108FAA A4=30F104A A5=108000 A6=108E3C PC=33B02 -- 033B02: move.w  D0, (A1)
D0=0 D1=6D D2=26 D3=FFFF D4=10405140 D5=84418545 D6=84418545 D7=FFFF A0=33A58 A1=3C0002 A2=337FC A3=108FAA A4=30F104A A5=108000 A6=108E3C PC=33B04 -- 033B04: move.w  D0, (A1)
D0=0 D1=6D D2=26 D3=FFFF D4=10405140 D5=84418545 D6=84418545 D7=FFFF A0=33A58 A1=3C0002 A2=337FC A3=108FAA A4=30F104A A5=108000 A6=108E3C PC=33B06 -- 033B06: move.w  D0, (A1)
D0=0 D1=6D D2=26 D3=FFFF D4=10405140 D5=84418545 D6=84418545 D7=FFFF A0=33A58 A1=3C0002 A2=337FC A3=108FAA A4=30F104A A5=108000 A6=108E3C PC=33B08 -- 033B08: move.w  D0, (A1)
D0=0 D1=6D D2=26 D3=FFFF D4=10405140 D5=84418545 D6=84418545 D7=FFFF A0=33A58 A1=3C0002 A2=337FC A3=108FAA A4=30F104A A5=108000 A6=108E3C PC=33B0A -- 033B0A: move.w  D0, (A1)
D0=0 D1=6D D2=26 D3=FFFF D4=10405140 D5=84418545 D6=84418545 D7=FFFF A0=33A58 A1=3C0002 A2=337FC A3=108FAA A4=30F104A A5=108000 A6=108E3C PC=33B0C -- 033B0C: move.w  D0, (A1)
D0=0 D1=6D D2=26 D3=FFFF D4=10405140 D5=84418545 D6=84418545 D7=FFFF A0=33A58 A1=3C0002 A2=337FC A3=108FAA A4=30F104A A5=108000 A6=108E3C PC=33B0E -- 033B0E: move.w  D0, (A1)
D0=0 D1=6D D2=26 D3=FFFF D4=10405140 D5=84418545 D6=84418545 D7=FFFF A0=33A58 A1=3C0002 A2=337FC A3=108FAA A4=30F104A A5=108000 A6=108E3C PC=33B10 -- 033B10: move.w  D0, (A1)
D0=0 D1=6D D2=26 D3=FFFF D4=10405140 D5=84418545 D6=84418545 D7=FFFF A0=33A58 A1=3C0002 A2=337FC A3=108FAA A4=30F104A A5=108000 A6=108E3C PC=33B12 -- 033B12: move.w  D0, (A1)
D0=0 D1=6D D2=26 D3=FFFF D4=10405140 D5=84418545 D6=84418545 D7=FFFF A0=33A58 A1=3C0002 A2=337FC A3=108FAA A4=30F104A A5=108000 A6=108E3C PC=33B14 -- 033B14: move.w  D0, (A1)
D0=0 D1=6D D2=26 D3=FFFF D4=10405140 D5=84418545 D6=84418545 D7=FFFF A0=33A58 A1=3C0002 A2=337FC A3=108FAA A4=30F104A A5=108000 A6=108E3C PC=33B16 -- 033B16: move.w  D0, (A1)
D0=0 D1=6D D2=26 D3=FFFF D4=10405140 D5=84418545 D6=84418545 D7=FFFF A0=33A58 A1=3C0002 A2=337FC A3=108FAA A4=30F104A A5=108000 A6=108E3C PC=33B18 -- 033B18: move.w  D0, (A1)
D0=0 D1=6D D2=26 D3=FFFF D4=10405140 D5=84418545 D6=84418545 D7=FFFF A0=33A58 A1=3C0002 A2=337FC A3=108FAA A4=30F104A A5=108000 A6=108E3C PC=33B1A -- 033B1A: move.w  D0, (A1)
D0=0 D1=6D D2=26 D3=FFFF D4=10405140 D5=84418545 D6=84418545 D7=FFFF A0=33A58 A1=3C0002 A2=337FC A3=108FAA A4=30F104A A5=108000 A6=108E3C PC=33B1C -- 033B1C: move.w  D0, (A1)
D0=0 D1=6D D2=26 D3=FFFF D4=10405140 D5=84418545 D6=84418545 D7=FFFF A0=33A58 A1=3C0002 A2=337FC A3=108FAA A4=30F104A A5=108000 A6=108E3C PC=33B1E -- 033B1E: move.w  D0, (A1)
D0=0 D1=6D D2=26 D3=FFFF D4=10405140 D5=84418545 D6=84418545 D7=FFFF A0=33A58 A1=3C0002 A2=337FC A3=108FAA A4=30F104A A5=108000 A6=108E3C PC=33B20 -- 033B20: move.w  D0, (A1)
D0=0 D1=6D D2=26 D3=FFFF D4=10405140 D5=84418545 D6=84418545 D7=FFFF A0=33A58 A1=3C0002 A2=337FC A3=108FAA A4=30F104A A5=108000 A6=108E3C PC=33B22 -- 033B22: move.w  D0, (A1)
D0=0 D1=6D D2=26 D3=FFFF D4=10405140 D5=84418545 D6=84418545 D7=FFFF A0=33A58 A1=3C0002 A2=337FC A3=108FAA A4=30F104A A5=108000 A6=108E3C PC=33B24 -- 033B24: move.w  D0, (A1)
D0=0 D1=6D D2=26 D3=FFFF D4=10405140 D5=84418545 D6=84418545 D7=FFFF A0=33A58 A1=3C0002 A2=337FC A3=108FAA A4=30F104A A5=108000 A6=108E3C PC=33B26 -- 033B26: move.w  D0, (A1)
D0=0 D1=6D D2=26 D3=FFFF D4=10405140 D5=84418545 D6=84418545 D7=FFFF A0=33A58 A1=3C0002 A2=337FC A3=108FAA A4=30F104A A5=108000 A6=108E3C PC=33B28 -- 033B28: move.w  D0, (A1)
D0=0 D1=6D D2=26 D3=FFFF D4=10405140 D5=84418545 D6=84418545 D7=FFFF A0=33A58 A1=3C0002 A2=337FC A3=108FAA A4=30F104A A5=108000 A6=108E3C PC=33B2A -- 033B2A: move.w  D0, (A1)
D0=0 D1=6D D2=26 D3=FFFF D4=10405140 D5=84418545 D6=84418545 D7=FFFF A0=33A58 A1=3C0002 A2=337FC A3=108FAA A4=30F104A A5=108000 A6=108E3C PC=33B2C -- 033B2C: move.w  D0, (A1)
D0=0 D1=6D D2=26 D3=FFFF D4=10405140 D5=84418545 D6=84418545 D7=FFFF A0=33A58 A1=3C0002 A2=337FC A3=108FAA A4=30F104A A5=108000 A6=108E3C PC=33B2E -- 033B2E: move.w  D0, (A1)
D0=0 D1=6D D2=26 D3=FFFF D4=10405140 D5=84418545 D6=84418545 D7=FFFF A0=33A58 A1=3C0002 A2=337FC A3=108FAA A4=30F104A A5=108000 A6=108E3C PC=33B30 -- 033B30: move.w  D0, (A1)
D0=0 D1=6D D2=26 D3=FFFF D4=10405140 D5=84418545 D6=84418545 D7=FFFF A0=33A58 A1=3C0002 A2=337FC A3=108FAA A4=30F104A A5=108000 A6=108E3C PC=33B32 -- 033B32: rts
D0=0 D1=6D D2=26 D3=FFFF D4=10405140 D5=84418545 D6=84418545 D7=FFFF A0=33A58 A1=3C0002 A2=337FC A3=108FAA A4=30F104A A5=108000 A6=108E3C PC=32BDC -- 032BDC: bsr     $33be2
D0=0 D1=6D D2=26 D3=FFFF D4=10405140 D5=84418545 D6=84418545 D7=FFFF A0=33A58 A1=3C0002 A2=337FC A3=108FAA A4=30F104A A5=108000 A6=108E3C PC=33BE2 -- 033BE2: tst.b   ($1798,A5)
D0=0 D1=6D D2=26 D3=FFFF D4=10405140 D5=84418545 D6=84418545 D7=FFFF A0=33A58 A1=3C0002 A2=337FC A3=108FAA A4=30F104A A5=108000 A6=108E3C PC=33BE6 -- 033BE6: beq     $33c46
D0=0 D1=6D D2=26 D3=FFFF D4=10405140 D5=84418545 D6=84418545 D7=FFFF A0=33A58 A1=3C0002 A2=337FC A3=108FAA A4=30F104A A5=108000 A6=108E3C PC=33C46 -- 033C46: rts
D0=0 D1=6D D2=26 D3=FFFF D4=10405140 D5=84418545 D6=84418545 D7=FFFF A0=33A58 A1=3C0002 A2=337FC A3=108FAA A4=30F104A A5=108000 A6=108E3C PC=32BE0 -- 032BE0: bsr     $33b34
D0=0 D1=6D D2=26 D3=FFFF D4=10405140 D5=84418545 D6=84418545 D7=FFFF A0=33A58 A1=3C0002 A2=337FC A3=108FAA A4=30F104A A5=108000 A6=108E3C PC=33B34 -- 033B34: tst.b   ($168e,A5)
D0=0 D1=6D D2=26 D3=FFFF D4=10405140 D5=84418545 D6=84418545 D7=FFFF A0=33A58 A1=3C0002 A2=337FC A3=108FAA A4=30F104A A5=108000 A6=108E3C PC=33B38 -- 033B38: beq     $33be0
D0=0 D1=6D D2=26 D3=FFFF D4=10405140 D5=84418545 D6=84418545 D7=FFFF A0=33A58 A1=3C0002 A2=337FC A3=108FAA A4=30F104A A5=108000 A6=108E3C PC=33BE0 -- 033BE0: rts
D0=0 D1=6D D2=26 D3=FFFF D4=10405140 D5=84418545 D6=84418545 D7=FFFF A0=33A58 A1=3C0002 A2=337FC A3=108FAA A4=30F104A A5=108000 A6=108E3C PC=32BE4 -- 032BE4: jsr     $6536.l
D0=0 D1=6D D2=26 D3=FFFF D4=10405140 D5=84418545 D6=84418545 D7=FFFF A0=33A58 A1=3C0002 A2=337FC A3=108FAA A4=30F104A A5=108000 A6=108E3C PC=6536 -- 006536: moveq   #$0, D0
D0=0 D1=6D D2=26 D3=FFFF D4=10405140 D5=84418545 D6=84418545 D7=FFFF A0=33A58 A1=3C0002 A2=337FC A3=108FAA A4=30F104A A5=108000 A6=108E3C PC=6538 -- 006538: lea     ($38c4,A5), A0
D0=0 D1=6D D2=26 D3=FFFF D4=10405140 D5=84418545 D6=84418545 D7=FFFF A0=10B8C4 A1=3C0002 A2=337FC A3=108FAA A4=30F104A A5=108000 A6=108E3C PC=653C -- 00653C: move.b  ($38bd,A5), D0
D0=18 D1=6D D2=26 D3=FFFF D4=10405140 D5=84418545 D6=84418545 D7=FFFF A0=10B8C4 A1=3C0002 A2=337FC A3=108FAA A4=30F104A A5=108000 A6=108E3C PC=6540 -- 006540: cmp.b   ($38bc,A5), D0
D0=18 D1=6D D2=26 D3=FFFF D4=10405140 D5=84418545 D6=84418545 D7=FFFF A0=10B8C4 A1=3C0002 A2=337FC A3=108FAA A4=30F104A A5=108000 A6=108E3C PC=6544 -- 006544: beq     $655c
D0=18 D1=6D D2=26 D3=FFFF D4=10405140 D5=84418545 D6=84418545 D7=FFFF A0=10B8C4 A1=3C0002 A2=337FC A3=108FAA A4=30F104A A5=108000 A6=108E3C PC=655C -- 00655C: rts
D0=18 D1=6D D2=26 D3=FFFF D4=10405140 D5=84418545 D6=84418545 D7=FFFF A0=10B8C4 A1=3C0002 A2=337FC A3=108FAA A4=30F104A A5=108000 A6=108E3C PC=32BEA -- 032BEA: bsr     $32dca
D0=18 D1=6D D2=26 D3=FFFF D4=10405140 D5=84418545 D6=84418545 D7=FFFF A0=10B8C4 A1=3C0002 A2=337FC A3=108FAA A4=30F104A A5=108000 A6=108E3C PC=32DCA -- 032DCA: move.b  $380000.l, D0
D0=FF D1=6D D2=26 D3=FFFF D4=10405140 D5=84418545 D6=84418545 D7=FFFF A0=10B8C4 A1=3C0002 A2=337FC A3=108FAA A4=30F104A A5=108000 A6=108E3C PC=32DD0 -- 032DD0: not.b   D0
D0=0 D1=6D D2=26 D3=FFFF D4=10405140 D5=84418545 D6=84418545 D7=FFFF A0=10B8C4 A1=3C0002 A2=337FC A3=108FAA A4=30F104A A5=108000 A6=108E3C PC=32DD2 -- 032DD2: move.b  ($39c6,A5), D1
D0=0 D1=0 D2=26 D3=FFFF D4=10405140 D5=84418545 D6=84418545 D7=FFFF A0=10B8C4 A1=3C0002 A2=337FC A3=108FAA A4=30F104A A5=108000 A6=108E3C PC=32DD6 -- 032DD6: move.b  D0, ($39c6,A5)
D0=0 D1=0 D2=26 D3=FFFF D4=10405140 D5=84418545 D6=84418545 D7=FFFF A0=10B8C4 A1=3C0002 A2=337FC A3=108FAA A4=30F104A A5=108000 A6=108E3C PC=32DDA -- 032DDA: move.b  D1, ($39c9,A5)
D0=0 D1=0 D2=26 D3=FFFF D4=10405140 D5=84418545 D6=84418545 D7=FFFF A0=10B8C4 A1=3C0002 A2=337FC A3=108FAA A4=30F104A A5=108000 A6=108E3C PC=32DDE -- 032DDE: move.b  D1, D2
D0=0 D1=0 D2=0 D3=FFFF D4=10405140 D5=84418545 D6=84418545 D7=FFFF A0=10B8C4 A1=3C0002 A2=337FC A3=108FAA A4=30F104A A5=108000 A6=108E3C PC=32DE0 -- 032DE0: and.b   D0, D1
D0=0 D1=0 D2=0 D3=FFFF D4=10405140 D5=84418545 D6=84418545 D7=FFFF A0=10B8C4 A1=3C0002 A2=337FC A3=108FAA A4=30F104A A5=108000 A6=108E3C PC=32DE2 -- 032DE2: move.b  D1, ($39f5,A5)
D0=0 D1=0 D2=0 D3=FFFF D4=10405140 D5=84418545 D6=84418545 D7=FFFF A0=10B8C4 A1=3C0002 A2=337FC A3=108FAA A4=30F104A A5=108000 A6=108E3C PC=32DE6 -- 032DE6: move.b  D2, D1
D0=0 D1=0 D2=0 D3=FFFF D4=10405140 D5=84418545 D6=84418545 D7=FFFF A0=10B8C4 A1=3C0002 A2=337FC A3=108FAA A4=30F104A A5=108000 A6=108E3C PC=32DE8 -- 032DE8: eor.b   D0, D1
D0=0 D1=0 D2=0 D3=FFFF D4=10405140 D5=84418545 D6=84418545 D7=FFFF A0=10B8C4 A1=3C0002 A2=337FC A3=108FAA A4=30F104A A5=108000 A6=108E3C PC=32DEA -- 032DEA: and.b   D1, D2
D0=0 D1=0 D2=0 D3=FFFF D4=10405140 D5=84418545 D6=84418545 D7=FFFF A0=10B8C4 A1=3C0002 A2=337FC A3=108FAA A4=30F104A A5=108000 A6=108E3C PC=32DEC -- 032DEC: move.b  D2, ($39f7,A5)
D0=0 D1=0 D2=0 D3=FFFF D4=10405140 D5=84418545 D6=84418545 D7=FFFF A0=10B8C4 A1=3C0002 A2=337FC A3=108FAA A4=30F104A A5=108000 A6=108E3C PC=32DF0 -- 032DF0: and.b   D1, D0
D0=0 D1=0 D2=0 D3=FFFF D4=10405140 D5=84418545 D6=84418545 D7=FFFF A0=10B8C4 A1=3C0002 A2=337FC A3=108FAA A4=30F104A A5=108000 A6=108E3C PC=32DF2 -- 032DF2: move.b  D0, ($39f6,A5)
D0=0 D1=0 D2=0 D3=FFFF D4=10405140 D5=84418545 D6=84418545 D7=FFFF A0=10B8C4 A1=3C0002 A2=337FC A3=108FAA A4=30F104A A5=108000 A6=108E3C PC=32DF6 -- 032DF6: lea     ($39f9,A5), A0
D0=0 D1=0 D2=0 D3=FFFF D4=10405140 D5=84418545 D6=84418545 D7=FFFF A0=10B9F9 A1=3C0002 A2=337FC A3=108FAA A4=30F104A A5=108000 A6=108E3C PC=32DFA -- 032DFA: lea     ($39f8,A5), A1
D0=0 D1=0 D2=0 D3=FFFF D4=10405140 D5=84418545 D6=84418545 D7=FFFF A0=10B9F9 A1=10B9F8 A2=337FC A3=108FAA A4=30F104A A5=108000 A6=108E3C PC=32DFE -- 032DFE: move.b  ($39f5,A5), D0
D0=0 D1=0 D2=0 D3=FFFF D4=10405140 D5=84418545 D6=84418545 D7=FFFF A0=10B9F9 A1=10B9F8 A2=337FC A3=108FAA A4=30F104A A5=108000 A6=108E3C PC=32E02 -- 032E02: bsr     $32e08
D0=0 D1=0 D2=0 D3=FFFF D4=10405140 D5=84418545 D6=84418545 D7=FFFF A0=10B9F9 A1=10B9F8 A2=337FC A3=108FAA A4=30F104A A5=108000 A6=108E3C PC=32E08 -- 032E08: moveq   #$7, D1
D0=0 D1=7 D2=0 D3=FFFF D4=10405140 D5=84418545 D6=84418545 D7=FFFF A0=10B9F9 A1=10B9F8 A2=337FC A3=108FAA A4=30F104A A5=108000 A6=108E3C PC=32E0A -- 032E0A: move.b  (-$2,A1), (A1)
D0=0 D1=7 D2=0 D3=FFFF D4=10405140 D5=84418545 D6=84418545 D7=FFFF A0=10B9F9 A1=10B9F8 A2=337FC A3=108FAA A4=30F104A A5=108000 A6=108E3C PC=32E0E -- 032E0E: addq.b  #1, (A0)+
D0=0 D1=7 D2=0 D3=FFFF D4=10405140 D5=84418545 D6=84418545 D7=FFFF A0=10B9FA A1=10B9F8 A2=337FC A3=108FAA A4=30F104A A5=108000 A6=108E3C PC=32E10 -- 032E10: bne     $32e18
D0=0 D1=7 D2=0 D3=FFFF D4=10405140 D5=84418545 D6=84418545 D7=FFFF A0=10B9FA A1=10B9F8 A2=337FC A3=108FAA A4=30F104A A5=108000 A6=108E3C PC=32E18 -- 032E18: rol.b   #1, D0
D0=0 D1=7 D2=0 D3=FFFF D4=10405140 D5=84418545 D6=84418545 D7=FFFF A0=10B9FA A1=10B9F8 A2=337FC A3=108FAA A4=30F104A A5=108000 A6=108E3C PC=32E1A -- 032E1A: bcs     $32e20
D0=0 D1=7 D2=0 D3=FFFF D4=10405140 D5=84418545 D6=84418545 D7=FFFF A0=10B9FA A1=10B9F8 A2=337FC A3=108FAA A4=30F104A A5=108000 A6=108E3C PC=32E1C -- 032E1C: clr.b   (-$1,A0)
D0=0 D1=7 D2=0 D3=FFFF D4=10405140 D5=84418545 D6=84418545 D7=FFFF A0=10B9FA A1=10B9F8 A2=337FC A3=108FAA A4=30F104A A5=108000 A6=108E3C PC=32E20 -- 032E20: move.b  (-$1,A0), D5
D0=0 D1=7 D2=0 D3=FFFF D4=10405140 D5=84418545 D6=84418545 D7=FFFF A0=10B9FA A1=10B9F8 A2=337FC A3=108FAA A4=30F104A A5=108000 A6=108E3C PC=32E24 -- 032E24: cmp.b   ($3a05,A5), D5
D0=0 D1=7 D2=0 D3=FFFF D4=10405140 D5=84418545 D6=84418545 D7=FFFF A0=10B9FA A1=10B9F8 A2=337FC A3=108FAA A4=30F104A A5=108000 A6=108E3C PC=32E28 -- 032E28: bls     $32e3a
D0=0 D1=7 D2=0 D3=FFFF D4=10405140 D5=84418545 D6=84418545 D7=FFFF A0=10B9FA A1=10B9F8 A2=337FC A3=108FAA A4=30F104A A5=108000 A6=108E3C PC=32E3A -- 032E3A: dbra    D1, $32e0e
D0=0 D1=6 D2=0 D3=FFFF D4=10405140 D5=84418545 D6=84418545 D7=FFFF A0=10B9FA A1=10B9F8 A2=337FC A3=108FAA A4=30F104A A5=108000 A6=108E3C PC=32E0E -- 032E0E: addq.b  #1, (A0)+
D0=0 D1=6 D2=0 D3=FFFF D4=10405140 D5=84418545 D6=84418545 D7=FFFF A0=10B9FB A1=10B9F8 A2=337FC A3=108FAA A4=30F104A A5=108000 A6=108E3C PC=32E10 -- 032E10: bne     $32e18
D0=0 D1=6 D2=0 D3=FFFF D4=10405140 D5=84418545 D6=84418545 D7=FFFF A0=10B9FB A1=10B9F8 A2=337FC A3=108FAA A4=30F104A A5=108000 A6=108E3C PC=32E18 -- 032E18: rol.b   #1, D0
D0=0 D1=6 D2=0 D3=FFFF D4=10405140 D5=84418545 D6=84418545 D7=FFFF A0=10B9FB A1=10B9F8 A2=337FC A3=108FAA A4=30F104A A5=108000 A6=108E3C PC=32E1A -- 032E1A: bcs     $32e20
D0=0 D1=6 D2=0 D3=FFFF D4=10405140 D5=84418545 D6=84418545 D7=FFFF A0=10B9FB A1=10B9F8 A2=337FC A3=108FAA A4=30F104A A5=108000 A6=108E3C PC=32E1C -- 032E1C: clr.b   (-$1,A0)
D0=0 D1=6 D2=0 D3=FFFF D4=10405140 D5=84418545 D6=84418545 D7=FFFF A0=10B9FB A1=10B9F8 A2=337FC A3=108FAA A4=30F104A A5=108000 A6=108E3C PC=32E20 -- 032E20: move.b  (-$1,A0), D5
D0=0 D1=6 D2=0 D3=FFFF D4=10405140 D5=84418545 D6=84418545 D7=FFFF A0=10B9FB A1=10B9F8 A2=337FC A3=108FAA A4=30F104A A5=108000 A6=108E3C PC=32E24 -- 032E24: cmp.b   ($3a05,A5), D5
D0=0 D1=6 D2=0 D3=FFFF D4=10405140 D5=84418545 D6=84418545 D7=FFFF A0=10B9FB A1=10B9F8 A2=337FC A3=108FAA A4=30F104A A5=108000 A6=108E3C PC=32E28 -- 032E28: bls     $32e3a
D0=0 D1=6 D2=0 D3=FFFF D4=10405140 D5=84418545 D6=84418545 D7=FFFF A0=10B9FB A1=10B9F8 A2=337FC A3=108FAA A4=30F104A A5=108000 A6=108E3C PC=32E3A -- 032E3A: dbra    D1, $32e0e

   (loops for 54 instructions)

D0=0 D1=FFFF D2=0 D3=FFFF D4=10405140 D5=84418545 D6=84418545 D7=FFFF A0=10BA01 A1=10B9F8 A2=337FC A3=108FAA A4=30F104A A5=108000 A6=108E3C PC=32E3E -- 032E3E: rts
D0=0 D1=FFFF D2=0 D3=FFFF D4=10405140 D5=84418545 D6=84418545 D7=FFFF A0=10BA01 A1=10B9F8 A2=337FC A3=108FAA A4=30F104A A5=108000 A6=108E3C PC=32E06 -- 032E06: rts
D0=0 D1=FFFF D2=0 D3=FFFF D4=10405140 D5=84418545 D6=84418545 D7=FFFF A0=10BA01 A1=10B9F8 A2=337FC A3=108FAA A4=30F104A A5=108000 A6=108E3C PC=32BEE -- 032BEE: jsr     $c0044a.l
D0=0 D1=FFFF D2=0 D3=FFFF D4=10405140 D5=84418545 D6=84418545 D7=FFFF A0=10BA01 A1=10B9F8 A2=337FC A3=108FAA A4=30F104A A5=108000 A6=108E3C PC=C0044A -- C0044A: jmp     $c01fb8.l
D0=0 D1=FFFF D2=0 D3=FFFF D4=10405140 D5=84418545 D6=84418545 D7=FFFF A0=10BA01 A1=10B9F8 A2=337FC A3=108FAA A4=30F104A A5=108000 A6=108E3C PC=C01FB8 -- C01FB8: bsr     $c01f80
D0=0 D1=FFFF D2=0 D3=FFFF D4=10405140 D5=84418545 D6=84418545 D7=FFFF A0=10BA01 A1=10B9F8 A2=337FC A3=108FAA A4=30F104A A5=108000 A6=108E3C PC=C01F80 -- C01F80: cmpi.w  #$4, $10fe2e.l
D0=0 D1=FFFF D2=0 D3=FFFF D4=10405140 D5=84418545 D6=84418545 D7=FFFF A0=10BA01 A1=10B9F8 A2=337FC A3=108FAA A4=30F104A A5=108000 A6=108E3C PC=C01F88 -- C01F88: beq     $c01fa8
D0=0 D1=FFFF D2=0 D3=FFFF D4=10405140 D5=84418545 D6=84418545 D7=FFFF A0=10BA01 A1=10B9F8 A2=337FC A3=108FAA A4=30F104A A5=108000 A6=108E3C PC=C01F8A -- C01F8A: move.w  $10fe32.l, $10fd82.l
D0=0 D1=FFFF D2=0 D3=FFFF D4=10405140 D5=84418545 D6=84418545 D7=FFFF A0=10BA01 A1=10B9F8 A2=337FC A3=108FAA A4=30F104A A5=108000 A6=108E3C PC=C01F94 -- C01F94: cmpi.w  #$7070, $10fe82.l
D0=0 D1=FFFF D2=0 D3=FFFF D4=10405140 D5=84418545 D6=84418545 D7=FFFF A0=10BA01 A1=10B9F8 A2=337FC A3=108FAA A4=30F104A A5=108000 A6=108E3C PC=C01F9C -- C01F9C: bne     $c01fa8
D0=0 D1=FFFF D2=0 D3=FFFF D4=10405140 D5=84418545 D6=84418545 D7=FFFF A0=10BA01 A1=10B9F8 A2=337FC A3=108FAA A4=30F104A A5=108000 A6=108E3C PC=C01FA8 -- C01FA8: rts
D0=0 D1=FFFF D2=0 D3=FFFF D4=10405140 D5=84418545 D6=84418545 D7=FFFF A0=10BA01 A1=10B9F8 A2=337FC A3=108FAA A4=30F104A A5=108000 A6=108E3C PC=C01FBA -- C01FBA: jmp     $c1167a.l
D0=0 D1=FFFF D2=0 D3=FFFF D4=10405140 D5=84418545 D6=84418545 D7=FFFF A0=10BA01 A1=10B9F8 A2=337FC A3=108FAA A4=30F104A A5=108000 A6=108E3C PC=C1167A -- C1167A: jsr     $c050d0.l
D0=0 D1=FFFF D2=0 D3=FFFF D4=10405140 D5=84418545 D6=84418545 D7=FFFF A0=10BA01 A1=10B9F8 A2=337FC A3=108FAA A4=30F104A A5=108000 A6=108E3C PC=C050D0 -- C050D0: bra     $c09b7a
D0=0 D1=FFFF D2=0 D3=FFFF D4=10405140 D5=84418545 D6=84418545 D7=FFFF A0=10BA01 A1=10B9F8 A2=337FC A3=108FAA A4=30F104A A5=108000 A6=108E3C PC=C09B7A -- C09B7A: lea     $10f300.l, A5
D0=0 D1=FFFF D2=0 D3=FFFF D4=10405140 D5=84418545 D6=84418545 D7=FFFF A0=10BA01 A1=10B9F8 A2=337FC A3=108FAA A4=30F104A A5=10F300 A6=108E3C PC=C09B80 -- C09B80: move.b  $380000.l, D0
D0=FF D1=FFFF D2=0 D3=FFFF D4=10405140 D5=84418545 D6=84418545 D7=FFFF A0=10BA01 A1=10B9F8 A2=337FC A3=108FAA A4=30F104A A5=10F300 A6=108E3C PC=C09B86 -- C09B86: andi.b  #$30, D0
D0=30 D1=FFFF D2=0 D3=FFFF D4=10405140 D5=84418545 D6=84418545 D7=FFFF A0=10BA01 A1=10B9F8 A2=337FC A3=108FAA A4=30F104A A5=10F300 A6=108E3C PC=C09B8A -- C09B8A: bne     $c09bcc
D0=30 D1=FFFF D2=0 D3=FFFF D4=10405140 D5=84418545 D6=84418545 D7=FFFF A0=10BA01 A1=10B9F8 A2=337FC A3=108FAA A4=30F104A A5=10F300 A6=108E3C PC=C09BCC -- C09BCC: rts
D0=30 D1=FFFF D2=0 D3=FFFF D4=10405140 D5=84418545 D6=84418545 D7=FFFF A0=10BA01 A1=10B9F8 A2=337FC A3=108FAA A4=30F104A A5=10F300 A6=108E3C PC=C11680 -- C11680: addq.l  #1, ($b88,A5)
D0=30 D1=FFFF D2=0 D3=FFFF D4=10405140 D5=84418545 D6=84418545 D7=FFFF A0=10BA01 A1=10B9F8 A2=337FC A3=108FAA A4=30F104A A5=10F300 A6=108E3C PC=C11684 -- C11684: jsr     ($102e,PC) ; ($c126b4)
D0=30 D1=FFFF D2=0 D3=FFFF D4=10405140 D5=84418545 D6=84418545 D7=FFFF A0=10BA01 A1=10B9F8 A2=337FC A3=108FAA A4=30F104A A5=10F300 A6=108E3C PC=C126B4 -- C126B4: tst.b   ($a82,A5)
D0=30 D1=FFFF D2=0 D3=FFFF D4=10405140 D5=84418545 D6=84418545 D7=FFFF A0=10BA01 A1=10B9F8 A2=337FC A3=108FAA A4=30F104A A5=10F300 A6=108E3C PC=C126B8 -- C126B8: bne     $c126bc
D0=30 D1=FFFF D2=0 D3=FFFF D4=10405140 D5=84418545 D6=84418545 D7=FFFF A0=10BA01 A1=10B9F8 A2=337FC A3=108FAA A4=30F104A A5=10F300 A6=108E3C PC=C126BC -- C126BC: cmpi.b  #$1, ($a81,A5)
D0=30 D1=FFFF D2=0 D3=FFFF D4=10405140 D5=84418545 D6=84418545 D7=FFFF A0=10BA01 A1=10B9F8 A2=337FC A3=108FAA A4=30F104A A5=10F300 A6=108E3C PC=C126C2 -- C126C2: bra     $c126ea
D0=30 D1=FFFF D2=0 D3=FFFF D4=10405140 D5=84418545 D6=84418545 D7=FFFF A0=10BA01 A1=10B9F8 A2=337FC A3=108FAA A4=30F104A A5=10F300 A6=108E3C PC=C126EA -- C126EA: tst.b   ($bbb,A5)
D0=30 D1=FFFF D2=0 D3=FFFF D4=10405140 D5=84418545 D6=84418545 D7=FFFF A0=10BA01 A1=10B9F8 A2=337FC A3=108FAA A4=30F104A A5=10F300 A6=108E3C PC=C126EE -- C126EE: bne     $c126f8
D0=30 D1=FFFF D2=0 D3=FFFF D4=10405140 D5=84418545 D6=84418545 D7=FFFF A0=10BA01 A1=10B9F8 A2=337FC A3=108FAA A4=30F104A A5=10F300 A6=108E3C PC=C126F0 -- C126F0: move.b  #$ff, $380031.l
D0=30 D1=FFFF D2=0 D3=FFFF D4=10405140 D5=84418545 D6=84418545 D7=FFFF A0=10BA01 A1=10B9F8 A2=337FC A3=108FAA A4=30F104A A5=10F300 A6=108E3C PC=C126F8 -- C126F8: tst.b   ($a81,A5)
D0=30 D1=FFFF D2=0 D3=FFFF D4=10405140 D5=84418545 D6=84418545 D7=FFFF A0=10BA01 A1=10B9F8 A2=337FC A3=108FAA A4=30F104A A5=10F300 A6=108E3C PC=C126FC -- C126FC: beq     $c12732
D0=30 D1=FFFF D2=0 D3=FFFF D4=10405140 D5=84418545 D6=84418545 D7=FFFF A0=10BA01 A1=10B9F8 A2=337FC A3=108FAA A4=30F104A A5=10F300 A6=108E3C PC=C126FE -- C126FE: btst    #$4, $d00038.l
D0=30 D1=FFFF D2=0 D3=FFFF D4=10405140 D5=84418545 D6=84418545 D7=FFFF A0=10BA01 A1=10B9F8 A2=337FC A3=108FAA A4=30F104A A5=10F300 A6=108E3C PC=C12706 -- C12706: bne     $c12732
D0=30 D1=FFFF D2=0 D3=FFFF D4=10405140 D5=84418545 D6=84418545 D7=FFFF A0=10BA01 A1=10B9F8 A2=337FC A3=108FAA A4=30F104A A5=10F300 A6=108E3C PC=C12708 -- C12708: jsr     ($30e,PC) ; ($c12a18)
D0=30 D1=FFFF D2=0 D3=FFFF D4=10405140 D5=84418545 D6=84418545 D7=FFFF A0=10BA01 A1=10B9F8 A2=337FC A3=108FAA A4=30F104A A5=10F300 A6=108E3C PC=C12A18 -- C12A18: cmpi.b  #$1, ($a81,A5)
D0=30 D1=FFFF D2=0 D3=FFFF D4=10405140 D5=84418545 D6=84418545 D7=FFFF A0=10BA01 A1=10B9F8 A2=337FC A3=108FAA A4=30F104A A5=10F300 A6=108E3C PC=C12A1E -- C12A1E: beq     $c12a28
D0=30 D1=FFFF D2=0 D3=FFFF D4=10405140 D5=84418545 D6=84418545 D7=FFFF A0=10BA01 A1=10B9F8 A2=337FC A3=108FAA A4=30F104A A5=10F300 A6=108E3C PC=C12A20 -- C12A20: cmpi.b  #$1, ($aaf,A5)
D0=30 D1=FFFF D2=0 D3=FFFF D4=10405140 D5=84418545 D6=84418545 D7=FFFF A0=10BA01 A1=10B9F8 A2=337FC A3=108FAA A4=30F104A A5=10F300 A6=108E3C PC=C12A26 -- C12A26: bne     $c12a34
D0=30 D1=FFFF D2=0 D3=FFFF D4=10405140 D5=84418545 D6=84418545 D7=FFFF A0=10BA01 A1=10B9F8 A2=337FC A3=108FAA A4=30F104A A5=10F300 A6=108E3C PC=C12A34 -- C12A34: rts
D0=30 D1=FFFF D2=0 D3=FFFF D4=10405140 D5=84418545 D6=84418545 D7=FFFF A0=10BA01 A1=10B9F8 A2=337FC A3=108FAA A4=30F104A A5=10F300 A6=108E3C PC=C1270C -- C1270C: jsr     $c1bac0.l
D0=30 D1=FFFF D2=0 D3=FFFF D4=10405140 D5=84418545 D6=84418545 D7=FFFF A0=10BA01 A1=10B9F8 A2=337FC A3=108FAA A4=30F104A A5=10F300 A6=108E3C PC=C1BAC0 -- C1BAC0: btst    #$2, $10fe35.l
D0=30 D1=FFFF D2=0 D3=FFFF D4=10405140 D5=84418545 D6=84418545 D7=FFFF A0=10BA01 A1=10B9F8 A2=337FC A3=108FAA A4=30F104A A5=10F300 A6=108E3C PC=C1BAC8 -- C1BAC8: bne     $c1bad2
D0=30 D1=FFFF D2=0 D3=FFFF D4=10405140 D5=84418545 D6=84418545 D7=FFFF A0=10BA01 A1=10B9F8 A2=337FC A3=108FAA A4=30F104A A5=10F300 A6=108E3C PC=C1BACA -- C1BACA: move.b  $300001.l, D0
D0=FF D1=FFFF D2=0 D3=FFFF D4=10405140 D5=84418545 D6=84418545 D7=FFFF A0=10BA01 A1=10B9F8 A2=337FC A3=108FAA A4=30F104A A5=10F300 A6=108E3C PC=C1BAD0 -- C1BAD0: rts
D0=FF D1=FFFF D2=0 D3=FFFF D4=10405140 D5=84418545 D6=84418545 D7=FFFF A0=10BA01 A1=10B9F8 A2=337FC A3=108FAA A4=30F104A A5=10F300 A6=108E3C PC=C12712 -- C12712: andi.b  #$80, D0
D0=80 D1=FFFF D2=0 D3=FFFF D4=10405140 D5=84418545 D6=84418545 D7=FFFF A0=10BA01 A1=10B9F8 A2=337FC A3=108FAA A4=30F104A A5=10F300 A6=108E3C PC=C12716 -- C12716: bne     $c12732
D0=80 D1=FFFF D2=0 D3=FFFF D4=10405140 D5=84418545 D6=84418545 D7=FFFF A0=10BA01 A1=10B9F8 A2=337FC A3=108FAA A4=30F104A A5=10F300 A6=108E3C PC=C12732 -- C12732: move.b  D0, $3a001d.l
D0=80 D1=FFFF D2=0 D3=FFFF D4=10405140 D5=84418545 D6=84418545 D7=FFFF A0=10BA01 A1=10B9F8 A2=337FC A3=108FAA A4=30F104A A5=10F300 A6=108E3C PC=C12738 -- C12738: lea     $d08000.l, A4
D0=80 D1=FFFF D2=0 D3=FFFF D4=10405140 D5=84418545 D6=84418545 D7=FFFF A0=10BA01 A1=10B9F8 A2=337FC A3=108FAA A4=D08000 A5=10F300 A6=108E3C PC=C1273E -- C1273E: jsr     $c1bb08.l
D0=80 D1=FFFF D2=0 D3=FFFF D4=10405140 D5=84418545 D6=84418545 D7=FFFF A0=10BA01 A1=10B9F8 A2=337FC A3=108FAA A4=D08000 A5=10F300 A6=108E3C PC=C1BB08 -- C1BB08: move.b  #$ff, D0
D0=FF D1=FFFF D2=0 D3=FFFF D4=10405140 D5=84418545 D6=84418545 D7=FFFF A0=10BA01 A1=10B9F8 A2=337FC A3=108FAA A4=D08000 A5=10F300 A6=108E3C PC=C1BB0C -- C1BB0C: btst    #$2, $10fe35.l
D0=FF D1=FFFF D2=0 D3=FFFF D4=10405140 D5=84418545 D6=84418545 D7=FFFF A0=10BA01 A1=10B9F8 A2=337FC A3=108FAA A4=D08000 A5=10F300 A6=108E3C PC=C1BB14 -- C1BB14: bne     $c1bb1c
D0=FF D1=FFFF D2=0 D3=FFFF D4=10405140 D5=84418545 D6=84418545 D7=FFFF A0=10BA01 A1=10B9F8 A2=337FC A3=108FAA A4=D08000 A5=10F300 A6=108E3C PC=C1BB16 -- C1BB16: move.b  $300081.l, D0
D0=80 D1=FFFF D2=0 D3=FFFF D4=10405140 D5=84418545 D6=84418545 D7=FFFF A0=10BA01 A1=10B9F8 A2=337FC A3=108FAA A4=D08000 A5=10F300 A6=108E3C PC=C1BB1C -- C1BB1C: rts
D0=80 D1=FFFF D2=0 D3=FFFF D4=10405140 D5=84418545 D6=84418545 D7=FFFF A0=10BA01 A1=10B9F8 A2=337FC A3=108FAA A4=D08000 A5=10F300 A6=108E3C PC=C12744 -- C12744: not.b   D0
D0=7F D1=FFFF D2=0 D3=FFFF D4=10405140 D5=84418545 D6=84418545 D7=FFFF A0=10BA01 A1=10B9F8 A2=337FC A3=108FAA A4=D08000 A5=10F300 A6=108E3C PC=C12746 -- C12746: move.b  ($bde,A5), D1
D0=7F D1=FF7F D2=0 D3=FFFF D4=10405140 D5=84418545 D6=84418545 D7=FFFF A0=10BA01 A1=10B9F8 A2=337FC A3=108FAA A4=D08000 A5=10F300 A6=108E3C PC=C1274A -- C1274A: move.b  D0, ($bde,A5)
D0=7F D1=FF7F D2=0 D3=FFFF D4=10405140 D5=84418545 D6=84418545 D7=FFFF A0=10BA01 A1=10B9F8 A2=337FC A3=108FAA A4=D08000 A5=10F300 A6=108E3C PC=C1274E -- C1274E: eor.b   D0, D1
D0=7F D1=FF00 D2=0 D3=FFFF D4=10405140 D5=84418545 D6=84418545 D7=FFFF A0=10BA01 A1=10B9F8 A2=337FC A3=108FAA A4=D08000 A5=10F300 A6=108E3C PC=C12750 -- C12750: and.b   D0, D1
D0=7F D1=FF00 D2=0 D3=FFFF D4=10405140 D5=84418545 D6=84418545 D7=FFFF A0=10BA01 A1=10B9F8 A2=337FC A3=108FAA A4=D08000 A5=10F300 A6=108E3C PC=C12752 -- C12752: move.b  D1, ($bdf,A5)
D0=7F D1=FF00 D2=0 D3=FFFF D4=10405140 D5=84418545 D6=84418545 D7=FFFF A0=10BA01 A1=10B9F8 A2=337FC A3=108FAA A4=D08000 A5=10F300 A6=108E3C PC=C12756 -- C12756: tst.b   ($a81,A5)
D0=7F D1=FF00 D2=0 D3=FFFF D4=10405140 D5=84418545 D6=84418545 D7=FFFF A0=10BA01 A1=10B9F8 A2=337FC A3=108FAA A4=D08000 A5=10F300 A6=108E3C PC=C1275A -- C1275A: beq     $c12768
D0=7F D1=FF00 D2=0 D3=FFFF D4=10405140 D5=84418545 D6=84418545 D7=FFFF A0=10BA01 A1=10B9F8 A2=337FC A3=108FAA A4=D08000 A5=10F300 A6=108E3C PC=C1275C -- C1275C: btst    #$7, D1
D0=7F D1=FF00 D2=0 D3=FFFF D4=10405140 D5=84418545 D6=84418545 D7=FFFF A0=10BA01 A1=10B9F8 A2=337FC A3=108FAA A4=D08000 A5=10F300 A6=108E3C PC=C12760 -- C12760: beq     $c12768
D0=7F D1=FF00 D2=0 D3=FFFF D4=10405140 D5=84418545 D6=84418545 D7=FFFF A0=10BA01 A1=10B9F8 A2=337FC A3=108FAA A4=D08000 A5=10F300 A6=108E3C PC=C12768 -- C12768: jsr     $c1b8f8.l
D0=7F D1=FF00 D2=0 D3=FFFF D4=10405140 D5=84418545 D6=84418545 D7=FFFF A0=10BA01 A1=10B9F8 A2=337FC A3=108FAA A4=D08000 A5=10F300 A6=108E3C PC=C1B8F8 -- C1B8F8: move.b  $320001.l, D0
D0=1F D1=FF00 D2=0 D3=FFFF D4=10405140 D5=84418545 D6=84418545 D7=FFFF A0=10BA01 A1=10B9F8 A2=337FC A3=108FAA A4=D08000 A5=10F300 A6=108E3C PC=C1B8FE -- C1B8FE: move.w  $10fe34.l, D1
D0=1F D1=100 D2=0 D3=FFFF D4=10405140 D5=84418545 D6=84418545 D7=FFFF A0=10BA01 A1=10B9F8 A2=337FC A3=108FAA A4=D08000 A5=10F300 A6=108E3C PC=C1B904 -- C1B904: btst    #$2, D1
D0=1F D1=100 D2=0 D3=FFFF D4=10405140 D5=84418545 D6=84418545 D7=FFFF A0=10BA01 A1=10B9F8 A2=337FC A3=108FAA A4=D08000 A5=10F300 A6=108E3C PC=C1B908 -- C1B908: beq     $c1b90c
D0=1F D1=100 D2=0 D3=FFFF D4=10405140 D5=84418545 D6=84418545 D7=FFFF A0=10BA01 A1=10B9F8 A2=337FC A3=108FAA A4=D08000 A5=10F300 A6=108E3C PC=C1B90C -- C1B90C: tst.b   $10fe8d.l
D0=1F D1=100 D2=0 D3=FFFF D4=10405140 D5=84418545 D6=84418545 D7=FFFF A0=10BA01 A1=10B9F8 A2=337FC A3=108FAA A4=D08000 A5=10F300 A6=108E3C PC=C1B912 -- C1B912: bne     $c1b8f4
D0=1F D1=100 D2=0 D3=FFFF D4=10405140 D5=84418545 D6=84418545 D7=FFFF A0=10BA01 A1=10B9F8 A2=337FC A3=108FAA A4=D08000 A5=10F300 A6=108E3C PC=C1B914 -- C1B914: move.b  $380000.l, D2
D0=1F D1=100 D2=FF D3=FFFF D4=10405140 D5=84418545 D6=84418545 D7=FFFF A0=10BA01 A1=10B9F8 A2=337FC A3=108FAA A4=D08000 A5=10F300 A6=108E3C PC=C1B91A -- C1B91A: btst    #$9, D1
D0=1F D1=100 D2=FF D3=FFFF D4=10405140 D5=84418545 D6=84418545 D7=FFFF A0=10BA01 A1=10B9F8 A2=337FC A3=108FAA A4=D08000 A5=10F300 A6=108E3C PC=C1B91E -- C1B91E: bne     $c1b92c
D0=1F D1=100 D2=FF D3=FFFF D4=10405140 D5=84418545 D6=84418545 D7=FFFF A0=10BA01 A1=10B9F8 A2=337FC A3=108FAA A4=D08000 A5=10F300 A6=108E3C PC=C1B920 -- C1B920: btst    #$0, D2
D0=1F D1=100 D2=FF D3=FFFF D4=10405140 D5=84418545 D6=84418545 D7=FFFF A0=10BA01 A1=10B9F8 A2=337FC A3=108FAA A4=D08000 A5=10F300 A6=108E3C PC=C1B924 -- C1B924: bne     $c1b92c
D0=1F D1=100 D2=FF D3=FFFF D4=10405140 D5=84418545 D6=84418545 D7=FFFF A0=10BA01 A1=10B9F8 A2=337FC A3=108FAA A4=D08000 A5=10F300 A6=108E3C PC=C1B92C -- C1B92C: btst    #$1, D1
D0=1F D1=100 D2=FF D3=FFFF D4=10405140 D5=84418545 D6=84418545 D7=FFFF A0=10BA01 A1=10B9F8 A2=337FC A3=108FAA A4=D08000 A5=10F300 A6=108E3C PC=C1B930 -- C1B930: bne     $c1b94c
D0=1F D1=100 D2=FF D3=FFFF D4=10405140 D5=84418545 D6=84418545 D7=FFFF A0=10BA01 A1=10B9F8 A2=337FC A3=108FAA A4=D08000 A5=10F300 A6=108E3C PC=C1B932 -- C1B932: btst    #$a, D1
D0=1F D1=100 D2=FF D3=FFFF D4=10405140 D5=84418545 D6=84418545 D7=FFFF A0=10BA01 A1=10B9F8 A2=337FC A3=108FAA A4=D08000 A5=10F300 A6=108E3C PC=C1B936 -- C1B936: bne     $c1b94c
D0=1F D1=100 D2=FF D3=FFFF D4=10405140 D5=84418545 D6=84418545 D7=FFFF A0=10BA01 A1=10B9F8 A2=337FC A3=108FAA A4=D08000 A5=10F300 A6=108E3C PC=C1B938 -- C1B938: btst    #$1, D2
D0=1F D1=100 D2=FF D3=FFFF D4=10405140 D5=84418545 D6=84418545 D7=FFFF A0=10BA01 A1=10B9F8 A2=337FC A3=108FAA A4=D08000 A5=10F300 A6=108E3C PC=C1B93C -- C1B93C: bne     $c1b942
D0=1F D1=100 D2=FF D3=FFFF D4=10405140 D5=84418545 D6=84418545 D7=FFFF A0=10BA01 A1=10B9F8 A2=337FC A3=108FAA A4=D08000 A5=10F300 A6=108E3C PC=C1B942 -- C1B942: btst    #$3, D2
D0=1F D1=100 D2=FF D3=FFFF D4=10405140 D5=84418545 D6=84418545 D7=FFFF A0=10BA01 A1=10B9F8 A2=337FC A3=108FAA A4=D08000 A5=10F300 A6=108E3C PC=C1B946 -- C1B946: bne     $c1b94c
D0=1F D1=100 D2=FF D3=FFFF D4=10405140 D5=84418545 D6=84418545 D7=FFFF A0=10BA01 A1=10B9F8 A2=337FC A3=108FAA A4=D08000 A5=10F300 A6=108E3C PC=C1B94C -- C1B94C: bra     $c1c1a8
D0=1F D1=100 D2=FF D3=FFFF D4=10405140 D5=84418545 D6=84418545 D7=FFFF A0=10BA01 A1=10B9F8 A2=337FC A3=108FAA A4=D08000 A5=10F300 A6=108E3C PC=C1C1A8 -- C1C1A8: btst    #$2, D2
D0=1F D1=100 D2=FF D3=FFFF D4=10405140 D5=84418545 D6=84418545 D7=FFFF A0=10BA01 A1=10B9F8 A2=337FC A3=108FAA A4=D08000 A5=10F300 A6=108E3C PC=C1C1AC -- C1C1AC: bne     $c1c1d6
D0=1F D1=100 D2=FF D3=FFFF D4=10405140 D5=84418545 D6=84418545 D7=FFFF A0=10BA01 A1=10B9F8 A2=337FC A3=108FAA A4=D08000 A5=10F300 A6=108E3C PC=C1C1D6 -- C1C1D6: rts
D0=1F D1=100 D2=FF D3=FFFF D4=10405140 D5=84418545 D6=84418545 D7=FFFF A0=10BA01 A1=10B9F8 A2=337FC A3=108FAA A4=D08000 A5=10F300 A6=108E3C PC=C1276E -- C1276E: not.b   D0
D0=E0 D1=100 D2=FF D3=FFFF D4=10405140 D5=84418545 D6=84418545 D7=FFFF A0=10BA01 A1=10B9F8 A2=337FC A3=108FAA A4=D08000 A5=10F300 A6=108E3C PC=C12770 -- C12770: move.b  ($b20,A5), D2
D0=E0 D1=100 D2=E0 D3=FFFF D4=10405140 D5=84418545 D6=84418545 D7=FFFF A0=10BA01 A1=10B9F8 A2=337FC A3=108FAA A4=D08000 A5=10F300 A6=108E3C PC=C12774 -- C12774: move.b  ($b21,A5), D1
D0=E0 D1=1E0 D2=E0 D3=FFFF D4=10405140 D5=84418545 D6=84418545 D7=FFFF A0=10BA01 A1=10B9F8 A2=337FC A3=108FAA A4=D08000 A5=10F300 A6=108E3C PC=C12778 -- C12778: move.b  D1, ($b20,A5)
D0=E0 D1=1E0 D2=E0 D3=FFFF D4=10405140 D5=84418545 D6=84418545 D7=FFFF A0=10BA01 A1=10B9F8 A2=337FC A3=108FAA A4=D08000 A5=10F300 A6=108E3C PC=C1277C -- C1277C: move.b  D0, ($b21,A5)
D0=E0 D1=1E0 D2=E0 D3=FFFF D4=10405140 D5=84418545 D6=84418545 D7=FFFF A0=10BA01 A1=10B9F8 A2=337FC A3=108FAA A4=D08000 A5=10F300 A6=108E3C PC=C12780 -- C12780: or.b    D1, D2
D0=E0 D1=1E0 D2=E0 D3=FFFF D4=10405140 D5=84418545 D6=84418545 D7=FFFF A0=10BA01 A1=10B9F8 A2=337FC A3=108FAA A4=D08000 A5=10F300 A6=108E3C PC=C12782 -- C12782: not.b   D2
D0=E0 D1=1E0 D2=1F D3=FFFF D4=10405140 D5=84418545 D6=84418545 D7=FFFF A0=10BA01 A1=10B9F8 A2=337FC A3=108FAA A4=D08000 A5=10F300 A6=108E3C PC=C12784 -- C12784: eor.b   D0, D1
D0=E0 D1=100 D2=1F D3=FFFF D4=10405140 D5=84418545 D6=84418545 D7=FFFF A0=10BA01 A1=10B9F8 A2=337FC A3=108FAA A4=D08000 A5=10F300 A6=108E3C PC=C12786 -- C12786: and.b   D0, D1
D0=E0 D1=100 D2=1F D3=FFFF D4=10405140 D5=84418545 D6=84418545 D7=FFFF A0=10BA01 A1=10B9F8 A2=337FC A3=108FAA A4=D08000 A5=10F300 A6=108E3C PC=C12788 -- C12788: move.b  D1, ($b22,A5)
D0=E0 D1=100 D2=1F D3=FFFF D4=10405140 D5=84418545 D6=84418545 D7=FFFF A0=10BA01 A1=10B9F8 A2=337FC A3=108FAA A4=D08000 A5=10F300 A6=108E3C PC=C1278C -- C1278C: and.b   D0, D2
D0=E0 D1=100 D2=0 D3=FFFF D4=10405140 D5=84418545 D6=84418545 D7=FFFF A0=10BA01 A1=10B9F8 A2=337FC A3=108FAA A4=D08000 A5=10F300 A6=108E3C PC=C1278E -- C1278E: jmp     $c1f768.l
D0=E0 D1=100 D2=0 D3=FFFF D4=10405140 D5=84418545 D6=84418545 D7=FFFF A0=10BA01 A1=10B9F8 A2=337FC A3=108FAA A4=D08000 A5=10F300 A6=108E3C PC=C1F768 -- C1F768: bra     $c1f848
D0=E0 D1=100 D2=0 D3=FFFF D4=10405140 D5=84418545 D6=84418545 D7=FFFF A0=10BA01 A1=10B9F8 A2=337FC A3=108FAA A4=D08000 A5=10F300 A6=108E3C PC=C1F848 -- C1F848: moveq   #$0, D7
D0=E0 D1=100 D2=0 D3=FFFF D4=10405140 D5=84418545 D6=84418545 D7=0 A0=10BA01 A1=10B9F8 A2=337FC A3=108FAA A4=D08000 A5=10F300 A6=108E3C PC=C1F84A -- C1F84A: moveq   #$1, D3
D0=E0 D1=100 D2=0 D3=1 D4=10405140 D5=84418545 D6=84418545 D7=0 A0=10BA01 A1=10B9F8 A2=337FC A3=108FAA A4=D08000 A5=10F300 A6=108E3C PC=C1F84C -- C1F84C: moveq   #$0, D4
D0=E0 D1=100 D2=0 D3=1 D4=0 D5=84418545 D6=84418545 D7=0 A0=10BA01 A1=10B9F8 A2=337FC A3=108FAA A4=D08000 A5=10F300 A6=108E3C PC=C1F84E -- C1F84E: move.w  ($b00,A5), $d00034.l
D0=E0 D1=100 D2=0 D3=1 D4=0 D5=84418545 D6=84418545 D7=0 A0=10BA01 A1=10B9F8 A2=337FC A3=108FAA A4=D08000 A5=10F300 A6=108E3C PC=C1F856 -- C1F856: cmpi.b  #$1, ($a83,A5)
D0=E0 D1=100 D2=0 D3=1 D4=0 D5=84418545 D6=84418545 D7=0 A0=10BA01 A1=10B9F8 A2=337FC A3=108FAA A4=D08000 A5=10F300 A6=108E3C PC=C1F85C -- C1F85C: beq     $c1f86a
D0=E0 D1=100 D2=0 D3=1 D4=0 D5=84418545 D6=84418545 D7=0 A0=10BA01 A1=10B9F8 A2=337FC A3=108FAA A4=D08000 A5=10F300 A6=108E3C PC=C1F86A -- C1F86A: moveq   #$0, D6
D0=E0 D1=100 D2=0 D3=1 D4=0 D5=0 D6=0 D7=0 A0=10BA01 A1=10B9F8 A2=337FC A3=108FAA A4=D08000 A5=10F300 A6=108E3C PC=C1F86C -- C1F86C: move.w  #$4, D5
D0=E0 D1=100 D2=0 D3=1 D4=0 D5=0 D6=0 D7=0 A0=10BA01 A1=10B9F8 A2=337FC A3=108FAA A4=D08000 A5=10F300 A6=108E3C PC=C1F870 -- C1F870: lea     ($aba,A5), A0
D0=E0 D1=100 D2=0 D3=1 D4=0 D5=0 D6=0 D7=0 A0=10FDBA A1=10B9F8 A2=337FC A3=108FAA A4=D08000 A5=10F300 A6=108E3C PC=C1F874 -- C1F874: lea     ($b00,A5), A1
D0=E0 D1=100 D2=0 D3=1 D4=0 D5=0 D6=0 D7=0 A0=10FDBA A1=10FE00 A2=337FC A3=108FAA A4=D08000 A5=10F300 A6=108E3C PC=C1F878 -- C1F878: lea     (-$7fdc,A4), A6
D0=E0 D1=100 D2=0 D3=1 D4=0 D5=0 D6=0 D7=0 A0=10FDBA A1=10FE00 A2=337FC A3=108FAA A4=D08000 A5=10F300 A6=D00024 PC=C1F87C -- C1F87C: lea     ($b50,A5), A3
D0=E0 D1=100 D2=0 D3=1 D4=0 D5=0 D6=0 D7=0 A0=10FDBA A1=10FE00 A2=337FC A3=10FE50 A4=D08000 A5=10F300 A6=D00024 PC=C1F880 -- C1F880: jsr     $c128a6.l
D0=E0 D1=100 D2=0 D3=1 D4=0 D5=0 D6=0 D7=0 A0=10FDBA A1=10FE00 A2=337FC A3=10FE50 A4=D08000 A5=10F300 A6=D00024 PC=C128A6 -- C128A6: jmp     $c1f76c.l
D0=E0 D1=100 D2=0 D3=1 D4=0 D5=0 D6=0 D7=0 A0=10FDBA A1=10FE00 A2=337FC A3=10FE50 A4=D08000 A5=10F300 A6=D00024 PC=C1F76C -- C1F76C: bra     $c1f8dc
D0=E0 D1=100 D2=0 D3=1 D4=0 D5=0 D6=0 D7=0 A0=10FDBA A1=10FE00 A2=337FC A3=10FE50 A4=D08000 A5=10F300 A6=D00024 PC=C1F8DC -- C1F8DC: and.b   D2, D3
D0=E0 D1=100 D2=0 D3=0 D4=0 D5=0 D6=0 D7=0 A0=10FDBA A1=10FE00 A2=337FC A3=10FE50 A4=D08000 A5=10F300 A6=D00024 PC=C1F8DE -- C1F8DE: beq     $c1f932
D0=E0 D1=100 D2=0 D3=0 D4=0 D5=0 D6=0 D7=0 A0=10FDBA A1=10FE00 A2=337FC A3=10FE50 A4=D08000 A5=10F300 A6=D00024 PC=C1F932 -- C1F932: rts
D0=E0 D1=100 D2=0 D3=0 D4=0 D5=0 D6=0 D7=0 A0=10FDBA A1=10FE00 A2=337FC A3=10FE50 A4=D08000 A5=10F300 A6=D00024 PC=C1F886 -- C1F886: moveq   #$2, D4
D0=E0 D1=100 D2=0 D3=0 D4=2 D5=0 D6=0 D7=0 A0=10FDBA A1=10FE00 A2=337FC A3=10FE50 A4=D08000 A5=10F300 A6=D00024 PC=C1F888 -- C1F888: moveq   #$1, D6
D0=E0 D1=100 D2=0 D3=0 D4=2 D5=1 D6=1 D7=0 A0=10FDBA A1=10FE00 A2=337FC A3=10FE50 A4=D08000 A5=10F300 A6=D00024 PC=C1F88A -- C1F88A: moveq   #$8, D3
D0=E0 D1=100 D2=0 D3=8 D4=2 D5=1 D6=1 D7=0 A0=10FDBA A1=10FE00 A2=337FC A3=10FE50 A4=D08000 A5=10F300 A6=D00024 PC=C1F88C -- C1F88C: move.w  #$4, D5
D0=E0 D1=100 D2=0 D3=8 D4=2 D5=1 D6=1 D7=0 A0=10FDBA A1=10FE00 A2=337FC A3=10FE50 A4=D08000 A5=10F300 A6=D00024 PC=C1F890 -- C1F890: lea     ($b52,A5), A3
D0=E0 D1=100 D2=0 D3=8 D4=2 D5=1 D6=1 D7=0 A0=10FDBA A1=10FE00 A2=337FC A3=10FE52 A4=D08000 A5=10F300 A6=D00024 PC=C1F894 -- C1F894: jsr     $c128a6.l
D0=E0 D1=100 D2=0 D3=8 D4=2 D5=1 D6=1 D7=0 A0=10FDBA A1=10FE00 A2=337FC A3=10FE52 A4=D08000 A5=10F300 A6=D00024 PC=C128A6 -- C128A6: jmp     $c1f76c.l
D0=E0 D1=100 D2=0 D3=8 D4=2 D5=1 D6=1 D7=0 A0=10FDBA A1=10FE00 A2=337FC A3=10FE52 A4=D08000 A5=10F300 A6=D00024 PC=C1F76C -- C1F76C: bra     $c1f8dc
D0=E0 D1=100 D2=0 D3=8 D4=2 D5=1 D6=1 D7=0 A0=10FDBA A1=10FE00 A2=337FC A3=10FE52 A4=D08000 A5=10F300 A6=D00024 PC=C1F8DC -- C1F8DC: and.b   D2, D3
D0=E0 D1=100 D2=0 D3=0 D4=2 D5=1 D6=1 D7=0 A0=10FDBA A1=10FE00 A2=337FC A3=10FE52 A4=D08000 A5=10F300 A6=D00024 PC=C1F8DE -- C1F8DE: beq     $c1f932
D0=E0 D1=100 D2=0 D3=0 D4=2 D5=1 D6=1 D7=0 A0=10FDBA A1=10FE00 A2=337FC A3=10FE52 A4=D08000 A5=10F300 A6=D00024 PC=C1F932 -- C1F932: rts
D0=E0 D1=100 D2=0 D3=0 D4=2 D5=1 D6=1 D7=0 A0=10FDBA A1=10FE00 A2=337FC A3=10FE52 A4=D08000 A5=10F300 A6=D00024 PC=C1F89A -- C1F89A: addq.l  #1, A1
D0=E0 D1=100 D2=0 D3=0 D4=2 D5=1 D6=1 D7=0 A0=10FDBA A1=10FE01 A2=337FC A3=10FE52 A4=D08000 A5=10F300 A6=D00024 PC=C1F89C -- C1F89C: addq.l  #1, A0
D0=E0 D1=100 D2=0 D3=0 D4=2 D5=1 D6=1 D7=0 A0=10FDBB A1=10FE01 A2=337FC A3=10FE52 A4=D08000 A5=10F300 A6=D00024 PC=C1F89E -- C1F89E: moveq   #$1, D4
D0=E0 D1=100 D2=0 D3=0 D4=1 D5=1 D6=1 D7=0 A0=10FDBB A1=10FE01 A2=337FC A3=10FE52 A4=D08000 A5=10F300 A6=D00024 PC=C1F8A0 -- C1F8A0: moveq   #$0, D6
D0=E0 D1=100 D2=0 D3=0 D4=1 D5=0 D6=0 D7=0 A0=10FDBB A1=10FE01 A2=337FC A3=10FE52 A4=D08000 A5=10F300 A6=D00024 PC=C1F8A2 -- C1F8A2: jsr     $c1bac0.l
D0=E0 D1=100 D2=0 D3=0 D4=1 D5=0 D6=0 D7=0 A0=10FDBB A1=10FE01 A2=337FC A3=10FE52 A4=D08000 A5=10F300 A6=D00024 PC=C1BAC0 -- C1BAC0: btst    #$2, $10fe35.l
D0=E0 D1=100 D2=0 D3=0 D4=1 D5=0 D6=0 D7=0 A0=10FDBB A1=10FE01 A2=337FC A3=10FE52 A4=D08000 A5=10F300 A6=D00024 PC=C1BAC8 -- C1BAC8: bne     $c1bad2
D0=E0 D1=100 D2=0 D3=0 D4=1 D5=0 D6=0 D7=0 A0=10FDBB A1=10FE01 A2=337FC A3=10FE52 A4=D08000 A5=10F300 A6=D00024 PC=C1BACA -- C1BACA: move.b  $300001.l, D0
D0=FF D1=100 D2=0 D3=0 D4=1 D5=0 D6=0 D7=0 A0=10FDBB A1=10FE01 A2=337FC A3=10FE52 A4=D08000 A5=10F300 A6=D00024 PC=C1BAD0 -- C1BAD0: rts
D0=FF D1=100 D2=0 D3=0 D4=1 D5=0 D6=0 D7=0 A0=10FDBB A1=10FE01 A2=337FC A3=10FE52 A4=D08000 A5=10F300 A6=D00024 PC=C1F8A8 -- C1F8A8: andi.b  #$2, D0
D0=2 D1=100 D2=0 D3=0 D4=1 D5=0 D6=0 D7=0 A0=10FDBB A1=10FE01 A2=337FC A3=10FE52 A4=D08000 A5=10F300 A6=D00024 PC=C1F8AC -- C1F8AC: beq     $c1f8b0
D0=2 D1=100 D2=0 D3=0 D4=1 D5=0 D6=0 D7=0 A0=10FDBB A1=10FE01 A2=337FC A3=10FE52 A4=D08000 A5=10F300 A6=D00024 PC=C1F8AE -- C1F8AE: moveq   #$1, D6
D0=2 D1=100 D2=0 D3=0 D4=1 D5=1 D6=1 D7=0 A0=10FDBB A1=10FE01 A2=337FC A3=10FE52 A4=D08000 A5=10F300 A6=D00024 PC=C1F8B0 -- C1F8B0: moveq   #$8, D5
D0=2 D1=100 D2=0 D3=0 D4=1 D5=1 D6=1 D7=0 A0=10FDBB A1=10FE01 A2=337FC A3=10FE52 A4=D08000 A5=10F300 A6=D00024 PC=C1F8B2 -- C1F8B2: moveq   #$2, D3
D0=2 D1=100 D2=0 D3=2 D4=1 D5=1 D6=1 D7=0 A0=10FDBB A1=10FE01 A2=337FC A3=10FE52 A4=D08000 A5=10F300 A6=D00024 PC=C1F8B4 -- C1F8B4: lea     ($b50,A5), A3
D0=2 D1=100 D2=0 D3=2 D4=1 D5=1 D6=1 D7=0 A0=10FDBB A1=10FE01 A2=337FC A3=10FE50 A4=D08000 A5=10F300 A6=D00024 PC=C1F8B8 -- C1F8B8: jsr     $c128a6.l

   (loops for 5 instructions)

D0=2 D1=100 D2=0 D3=0 D4=1 D5=1 D6=1 D7=0 A0=10FDBB A1=10FE01 A2=337FC A3=10FE50 A4=D08000 A5=10F300 A6=D00024 PC=C1F8BE -- C1F8BE: moveq   #$3, D4
D0=2 D1=100 D2=0 D3=0 D4=3 D5=1 D6=1 D7=0 A0=10FDBB A1=10FE01 A2=337FC A3=10FE50 A4=D08000 A5=10F300 A6=D00024 PC=C1F8C0 -- C1F8C0: moveq   #$1, D6
D0=2 D1=100 D2=0 D3=0 D4=3 D5=1 D6=1 D7=0 A0=10FDBB A1=10FE01 A2=337FC A3=10FE50 A4=D08000 A5=10F300 A6=D00024 PC=C1F8C2 -- C1F8C2: moveq   #$8, D5
D0=2 D1=100 D2=0 D3=0 D4=3 D5=1 D6=1 D7=0 A0=10FDBB A1=10FE01 A2=337FC A3=10FE50 A4=D08000 A5=10F300 A6=D00024 PC=C1F8C4 -- C1F8C4: moveq   #$10, D3
D0=2 D1=100 D2=0 D3=10 D4=3 D5=1 D6=1 D7=0 A0=10FDBB A1=10FE01 A2=337FC A3=10FE50 A4=D08000 A5=10F300 A6=D00024 PC=C1F8C6 -- C1F8C6: lea     ($b52,A5), A3
D0=2 D1=100 D2=0 D3=10 D4=3 D5=1 D6=1 D7=0 A0=10FDBB A1=10FE01 A2=337FC A3=10FE52 A4=D08000 A5=10F300 A6=D00024 PC=C1F8CA -- C1F8CA: jsr     $c128a6.l

   (loops for 5 instructions)

D0=2 D1=100 D2=0 D3=0 D4=3 D5=1 D6=1 D7=0 A0=10FDBB A1=10FE01 A2=337FC A3=10FE52 A4=D08000 A5=10F300 A6=D00024 PC=C1F8D0 -- C1F8D0: jsr     $c128e6.l
D0=2 D1=100 D2=0 D3=0 D4=3 D5=1 D6=1 D7=0 A0=10FDBB A1=10FE01 A2=337FC A3=10FE52 A4=D08000 A5=10F300 A6=D00024 PC=C128E6 -- C128E6: jmp     $c1f770.l
D0=2 D1=100 D2=0 D3=0 D4=3 D5=1 D6=1 D7=0 A0=10FDBB A1=10FE01 A2=337FC A3=10FE52 A4=D08000 A5=10F300 A6=D00024 PC=C1F770 -- C1F770: bra     $c1f934
D0=2 D1=100 D2=0 D3=0 D4=3 D5=1 D6=1 D7=0 A0=10FDBB A1=10FE01 A2=337FC A3=10FE52 A4=D08000 A5=10F300 A6=D00024 PC=C1F934 -- C1F934: btst    #$2, ($b22,A5)
D0=2 D1=100 D2=0 D3=0 D4=3 D5=1 D6=1 D7=0 A0=10FDBB A1=10FE01 A2=337FC A3=10FE52 A4=D08000 A5=10F300 A6=D00024 PC=C1F93A -- C1F93A: beq     $c1f980
D0=2 D1=100 D2=0 D3=0 D4=3 D5=1 D6=1 D7=0 A0=10FDBB A1=10FE01 A2=337FC A3=10FE52 A4=D08000 A5=10F300 A6=D00024 PC=C1F980 -- C1F980: rts
D0=2 D1=100 D2=0 D3=0 D4=3 D5=1 D6=1 D7=0 A0=10FDBB A1=10FE01 A2=337FC A3=10FE52 A4=D08000 A5=10F300 A6=D00024 PC=C1F8D6 -- C1F8D6: jmp     $c127bc.l
D0=2 D1=100 D2=0 D3=0 D4=3 D5=1 D6=1 D7=0 A0=10FDBB A1=10FE01 A2=337FC A3=10FE52 A4=D08000 A5=10F300 A6=D00024 PC=C127BC -- C127BC: tst.b   D7
D0=2 D1=100 D2=0 D3=0 D4=3 D5=1 D6=1 D7=0 A0=10FDBB A1=10FE01 A2=337FC A3=10FE52 A4=D08000 A5=10F300 A6=D00024 PC=C127BE -- C127BE: beq     $c127ca
D0=2 D1=100 D2=0 D3=0 D4=3 D5=1 D6=1 D7=0 A0=10FDBB A1=10FE01 A2=337FC A3=10FE52 A4=D08000 A5=10F300 A6=D00024 PC=C127CA -- C127CA: jsr     ($208,PC) ; ($c129d4)
D0=2 D1=100 D2=0 D3=0 D4=3 D5=1 D6=1 D7=0 A0=10FDBB A1=10FE01 A2=337FC A3=10FE52 A4=D08000 A5=10F300 A6=D00024 PC=C129D4 -- C129D4: tst.b   ($be1,A5)
D0=2 D1=100 D2=0 D3=0 D4=3 D5=1 D6=1 D7=0 A0=10FDBB A1=10FE01 A2=337FC A3=10FE52 A4=D08000 A5=10F300 A6=D00024 PC=C129D8 -- C129D8: bne     $c12a16
D0=2 D1=100 D2=0 D3=0 D4=3 D5=1 D6=1 D7=0 A0=10FDBB A1=10FE01 A2=337FC A3=10FE52 A4=D08000 A5=10F300 A6=D00024 PC=C129DC -- C129DC: cmpi.b  #$2, ($a81,A5)
D0=2 D1=100 D2=0 D3=0 D4=3 D5=1 D6=1 D7=0 A0=10FDBB A1=10FE01 A2=337FC A3=10FE52 A4=D08000 A5=10F300 A6=D00024 PC=C129E2 -- C129E2: bcs     $c12a16
D0=2 D1=100 D2=0 D3=0 D4=3 D5=1 D6=1 D7=0 A0=10FDBB A1=10FE01 A2=337FC A3=10FE52 A4=D08000 A5=10F300 A6=D00024 PC=C129E6 -- C129E6: tst.b   ($bdb,A5)
D0=2 D1=100 D2=0 D3=0 D4=3 D5=1 D6=1 D7=0 A0=10FDBB A1=10FE01 A2=337FC A3=10FE52 A4=D08000 A5=10F300 A6=D00024 PC=C129EA -- C129EA: bne     $c12a16
D0=2 D1=100 D2=0 D3=0 D4=3 D5=1 D6=1 D7=0 A0=10FDBB A1=10FE01 A2=337FC A3=10FE52 A4=D08000 A5=10F300 A6=D00024 PC=C129EC -- C129EC: tst.b   ($be2,A5)
D0=2 D1=100 D2=0 D3=0 D4=3 D5=1 D6=1 D7=0 A0=10FDBB A1=10FE01 A2=337FC A3=10FE52 A4=D08000 A5=10F300 A6=D00024 PC=C129F0 -- C129F0: beq     $c12a16
D0=2 D1=100 D2=0 D3=0 D4=3 D5=1 D6=1 D7=0 A0=10FDBB A1=10FE01 A2=337FC A3=10FE52 A4=D08000 A5=10F300 A6=D00024 PC=C12A16 -- C12A16: rts
D0=2 D1=100 D2=0 D3=0 D4=3 D5=1 D6=1 D7=0 A0=10FDBB A1=10FE01 A2=337FC A3=10FE52 A4=D08000 A5=10F300 A6=D00024 PC=C127CE -- C127CE: tst.b   ($bbc,A5)
D0=2 D1=100 D2=0 D3=0 D4=3 D5=1 D6=1 D7=0 A0=10FDBB A1=10FE01 A2=337FC A3=10FE52 A4=D08000 A5=10F300 A6=D00024 PC=C127D2 -- C127D2: bne     $c1282a
D0=2 D1=100 D2=0 D3=0 D4=3 D5=1 D6=1 D7=0 A0=10FDBB A1=10FE01 A2=337FC A3=10FE52 A4=D08000 A5=10F300 A6=D00024 PC=C127D6 -- C127D6: move.b  (-$7fc8,A4), D0
D0=0 D1=100 D2=0 D3=0 D4=3 D5=1 D6=1 D7=0 A0=10FDBB A1=10FE01 A2=337FC A3=10FE52 A4=D08000 A5=10F300 A6=D00024 PC=C127DA -- C127DA: beq     $c12806
D0=0 D1=100 D2=0 D3=0 D4=3 D5=1 D6=1 D7=0 A0=10FDBB A1=10FE01 A2=337FC A3=10FE52 A4=D08000 A5=10F300 A6=D00024 PC=C12806 -- C12806: moveq   #$0, D7
D0=0 D1=100 D2=0 D3=0 D4=3 D5=1 D6=1 D7=0 A0=10FDBB A1=10FE01 A2=337FC A3=10FE52 A4=D08000 A5=10F300 A6=D00024 PC=C12808 -- C12808: lea     (-$7fd4,A4), A6
D0=0 D1=100 D2=0 D3=0 D4=3 D5=1 D6=1 D7=0 A0=10FDBB A1=10FE01 A2=337FC A3=10FE52 A4=D08000 A5=10F300 A6=D0002C PC=C1280C -- C1280C: tst.b   (A6,D7.w)
D0=0 D1=100 D2=0 D3=0 D4=3 D5=1 D6=1 D7=0 A0=10FDBB A1=10FE01 A2=337FC A3=10FE52 A4=D08000 A5=10F300 A6=D0002C PC=C12810 -- C12810: beq     $c12822
D0=0 D1=100 D2=0 D3=0 D4=3 D5=1 D6=1 D7=0 A0=10FDBB A1=10FE01 A2=337FC A3=10FE52 A4=D08000 A5=10F300 A6=D0002C PC=C12822 -- C12822: addq.b  #1, D7
D0=0 D1=100 D2=0 D3=0 D4=3 D5=1 D6=1 D7=1 A0=10FDBB A1=10FE01 A2=337FC A3=10FE52 A4=D08000 A5=10F300 A6=D0002C PC=C12824 -- C12824: cmpi.b  #$2, D7
D0=0 D1=100 D2=0 D3=0 D4=3 D5=1 D6=1 D7=1 A0=10FDBB A1=10FE01 A2=337FC A3=10FE52 A4=D08000 A5=10F300 A6=D0002C PC=C12828 -- C12828: bne     $c1280c
D0=0 D1=100 D2=0 D3=0 D4=3 D5=1 D6=1 D7=1 A0=10FDBB A1=10FE01 A2=337FC A3=10FE52 A4=D08000 A5=10F300 A6=D0002C PC=C1280C -- C1280C: tst.b   (A6,D7.w)
D0=0 D1=100 D2=0 D3=0 D4=3 D5=1 D6=1 D7=1 A0=10FDBB A1=10FE01 A2=337FC A3=10FE52 A4=D08000 A5=10F300 A6=D0002C PC=C12810 -- C12810: beq     $c12822
D0=0 D1=100 D2=0 D3=0 D4=3 D5=1 D6=1 D7=1 A0=10FDBB A1=10FE01 A2=337FC A3=10FE52 A4=D08000 A5=10F300 A6=D0002C PC=C12822 -- C12822: addq.b  #1, D7
D0=0 D1=100 D2=0 D3=0 D4=3 D5=1 D6=1 D7=2 A0=10FDBB A1=10FE01 A2=337FC A3=10FE52 A4=D08000 A5=10F300 A6=D0002C PC=C12824 -- C12824: cmpi.b  #$2, D7
D0=0 D1=100 D2=0 D3=0 D4=3 D5=1 D6=1 D7=2 A0=10FDBB A1=10FE01 A2=337FC A3=10FE52 A4=D08000 A5=10F300 A6=D0002C PC=C12828 -- C12828: bne     $c1280c
D0=0 D1=100 D2=0 D3=0 D4=3 D5=1 D6=1 D7=2 A0=10FDBB A1=10FE01 A2=337FC A3=10FE52 A4=D08000 A5=10F300 A6=D0002C PC=C1282A -- C1282A: jsr     ($34,PC) ; ($c12860)
D0=0 D1=100 D2=0 D3=0 D4=3 D5=1 D6=1 D7=2 A0=10FDBB A1=10FE01 A2=337FC A3=10FE52 A4=D08000 A5=10F300 A6=D0002C PC=C12860 -- C12860: subq.b  #1, (-$7fa3,A4)
D0=0 D1=100 D2=0 D3=0 D4=3 D5=1 D6=1 D7=2 A0=10FDBB A1=10FE01 A2=337FC A3=10FE52 A4=D08000 A5=10F300 A6=D0002C PC=C12864 -- C12864: bne     $c128a4
D0=0 D1=100 D2=0 D3=0 D4=3 D5=1 D6=1 D7=2 A0=10FDBB A1=10FE01 A2=337FC A3=10FE52 A4=D08000 A5=10F300 A6=D0002C PC=C128A4 -- C128A4: rts
D0=0 D1=100 D2=0 D3=0 D4=3 D5=1 D6=1 D7=2 A0=10FDBB A1=10FE01 A2=337FC A3=10FE52 A4=D08000 A5=10F300 A6=D0002C PC=C1282E -- C1282E: tst.b   ($bbb,A5)
D0=0 D1=100 D2=0 D3=0 D4=3 D5=1 D6=1 D7=2 A0=10FDBB A1=10FE01 A2=337FC A3=10FE52 A4=D08000 A5=10F300 A6=D0002C PC=C12832 -- C12832: bne     $c1285e
D0=0 D1=100 D2=0 D3=0 D4=3 D5=1 D6=1 D7=2 A0=10FDBB A1=10FE01 A2=337FC A3=10FE52 A4=D08000 A5=10F300 A6=D0002C PC=C12834 -- C12834: move.b  ($b00,A5), D0
D0=0 D1=100 D2=0 D3=0 D4=3 D5=1 D6=1 D7=2 A0=10FDBB A1=10FE01 A2=337FC A3=10FE52 A4=D08000 A5=10F300 A6=D0002C PC=C12838 -- C12838: move.b  #$ef, D1
D0=0 D1=1EF D2=0 D3=0 D4=3 D5=1 D6=1 D7=2 A0=10FDBB A1=10FE01 A2=337FC A3=10FE52 A4=D08000 A5=10F300 A6=D0002C PC=C1283C -- C1283C: btst    #$0, ($b8b,A5)
D0=0 D1=1EF D2=0 D3=0 D4=3 D5=1 D6=1 D7=2 A0=10FDBB A1=10FE01 A2=337FC A3=10FE52 A4=D08000 A5=10F300 A6=D0002C PC=C12842 -- C12842: beq     $c1284c
D0=0 D1=1EF D2=0 D3=0 D4=3 D5=1 D6=1 D7=2 A0=10FDBB A1=10FE01 A2=337FC A3=10FE52 A4=D08000 A5=10F300 A6=D0002C PC=C12844 -- C12844: move.b  ($b01,A5), D0
D0=0 D1=1EF D2=0 D3=0 D4=3 D5=1 D6=1 D7=2 A0=10FDBB A1=10FE01 A2=337FC A3=10FE52 A4=D08000 A5=10F300 A6=D0002C PC=C12848 -- C12848: move.b  #$df, D1
D0=0 D1=1DF D2=0 D3=0 D4=3 D5=1 D6=1 D7=2 A0=10FDBB A1=10FE01 A2=337FC A3=10FE52 A4=D08000 A5=10F300 A6=D0002C PC=C1284C -- C1284C: not.b   D0
D0=FF D1=1DF D2=0 D3=0 D4=3 D5=1 D6=1 D7=2 A0=10FDBB A1=10FE01 A2=337FC A3=10FE52 A4=D08000 A5=10F300 A6=D0002C PC=C1284E -- C1284E: move.b  D0, $380041.l
D0=FF D1=1DF D2=0 D3=0 D4=3 D5=1 D6=1 D7=2 A0=10FDBB A1=10FE01 A2=337FC A3=10FE52 A4=D08000 A5=10F300 A6=D0002C PC=C12854 -- C12854: jsr     (-$690,PC) ; ($c121c6)
D0=FF D1=1DF D2=0 D3=0 D4=3 D5=1 D6=1 D7=2 A0=10FDBB A1=10FE01 A2=337FC A3=10FE52 A4=D08000 A5=10F300 A6=D0002C PC=C121C6 -- C121C6: tst.b   $10febf.l
D0=FF D1=1DF D2=0 D3=0 D4=3 D5=1 D6=1 D7=2 A0=10FDBB A1=10FE01 A2=337FC A3=10FE52 A4=D08000 A5=10F300 A6=D0002C PC=C121CC -- C121CC: bne     $c121d4
D0=FF D1=1DF D2=0 D3=0 D4=3 D5=1 D6=1 D7=2 A0=10FDBB A1=10FE01 A2=337FC A3=10FE52 A4=D08000 A5=10F300 A6=D0002C PC=C121CE -- C121CE: move.b  D0, $3a000d.l
D0=FF D1=1DF D2=0 D3=0 D4=3 D5=1 D6=1 D7=2 A0=10FDBB A1=10FE01 A2=337FC A3=10FE52 A4=D08000 A5=10F300 A6=D0002C PC=C121D4 -- C121D4: rts
D0=FF D1=1DF D2=0 D3=0 D4=3 D5=1 D6=1 D7=2 A0=10FDBB A1=10FE01 A2=337FC A3=10FE52 A4=D08000 A5=10F300 A6=D0002C PC=C12858 -- C12858: move.b  D1, $380031.l
D0=FF D1=1DF D2=0 D3=0 D4=3 D5=1 D6=1 D7=2 A0=10FDBB A1=10FE01 A2=337FC A3=10FE52 A4=D08000 A5=10F300 A6=D0002C PC=C1285E -- C1285E: rts
D0=FF D1=1DF D2=0 D3=0 D4=3 D5=1 D6=1 D7=2 A0=10FDBB A1=10FE01 A2=337FC A3=10FE52 A4=D08000 A5=10F300 A6=D0002C PC=C11688 -- C11688: jsr     ($6e84,PC) ; ($c1850e)
D0=FF D1=1DF D2=0 D3=0 D4=3 D5=1 D6=1 D7=2 A0=10FDBB A1=10FE01 A2=337FC A3=10FE52 A4=D08000 A5=10F300 A6=D0002C PC=C1850E -- C1850E: lea     $10f300.l, A5
D0=FF D1=1DF D2=0 D3=0 D4=3 D5=1 D6=1 D7=2 A0=10FDBB A1=10FE01 A2=337FC A3=10FE52 A4=D08000 A5=10F300 A6=D0002C PC=C18514 -- C18514: lea     ($a94,A5), A0
D0=FF D1=1DF D2=0 D3=0 D4=3 D5=1 D6=1 D7=2 A0=10FD94 A1=10FE01 A2=337FC A3=10FE52 A4=D08000 A5=10F300 A6=D0002C PC=C18518 -- C18518: lea     $380001.l, A2
D0=FF D1=1DF D2=0 D3=0 D4=3 D5=1 D6=1 D7=2 A0=10FD94 A1=10FE01 A2=380001 A3=10FE52 A4=D08000 A5=10F300 A6=D0002C PC=C1851E -- C1851E: moveq   #$0, D1
D0=FF D1=0 D2=0 D3=0 D4=3 D5=1 D6=1 D7=2 A0=10FD94 A1=10FE01 A2=380001 A3=10FE52 A4=D08000 A5=10F300 A6=D0002C PC=C18520 -- C18520: jmp     $c050bc.l
D0=FF D1=0 D2=0 D3=0 D4=3 D5=1 D6=1 D7=2 A0=10FD94 A1=10FE01 A2=380001 A3=10FE52 A4=D08000 A5=10F300 A6=D0002C PC=C050BC -- C050BC: bra     $c0933a
D0=FF D1=0 D2=0 D3=0 D4=3 D5=1 D6=1 D7=2 A0=10FD94 A1=10FE01 A2=380001 A3=10FE52 A4=D08000 A5=10F300 A6=D0002C PC=C0933A -- C0933A: move.l  #$1b0012, D2
D0=FF D1=0 D2=1B0012 D3=0 D4=3 D5=1 D6=1 D7=2 A0=10FD94 A1=10FE01 A2=380001 A3=10FE52 A4=D08000 A5=10F300 A6=D0002C PC=C09340 -- C09340: tst.b   ($bfb,A5)
D0=FF D1=0 D2=1B0012 D3=0 D4=3 D5=1 D6=1 D7=2 A0=10FD94 A1=10FE01 A2=380001 A3=10FE52 A4=D08000 A5=10F300 A6=D0002C PC=C09344 -- C09344: beq     $c09348
D0=FF D1=0 D2=1B0012 D3=0 D4=3 D5=1 D6=1 D7=2 A0=10FD94 A1=10FE01 A2=380001 A3=10FE52 A4=D08000 A5=10F300 A6=D0002C PC=C09348 -- C09348: move.b  D2, (A2)
D0=FF D1=0 D2=1B0012 D3=0 D4=3 D5=1 D6=1 D7=2 A0=10FD94 A1=10FE01 A2=380001 A3=10FE52 A4=D08000 A5=10F300 A6=D0002C PC=C0934A -- C0934A: bsr     $c0931e
D0=FF D1=0 D2=1B0012 D3=0 D4=3 D5=1 D6=1 D7=2 A0=10FD94 A1=10FE01 A2=380001 A3=10FE52 A4=D08000 A5=10F300 A6=D0002C PC=C0931E -- C0931E: bsr     $c0932a
D0=FF D1=0 D2=1B0012 D3=0 D4=3 D5=1 D6=1 D7=2 A0=10FD94 A1=10FE01 A2=380001 A3=10FE52 A4=D08000 A5=10F300 A6=D0002C PC=C0932A -- C0932A: nop
D0=FF D1=0 D2=1B0012 D3=0 D4=3 D5=1 D6=1 D7=2 A0=10FD94 A1=10FE01 A2=380001 A3=10FE52 A4=D08000 A5=10F300 A6=D0002C PC=C0932C -- C0932C: nop
D0=FF D1=0 D2=1B0012 D3=0 D4=3 D5=1 D6=1 D7=2 A0=10FD94 A1=10FE01 A2=380001 A3=10FE52 A4=D08000 A5=10F300 A6=D0002C PC=C0932E -- C0932E: nop
D0=FF D1=0 D2=1B0012 D3=0 D4=3 D5=1 D6=1 D7=2 A0=10FD94 A1=10FE01 A2=380001 A3=10FE52 A4=D08000 A5=10F300 A6=D0002C PC=C09330 -- C09330: nop
D0=FF D1=0 D2=1B0012 D3=0 D4=3 D5=1 D6=1 D7=2 A0=10FD94 A1=10FE01 A2=380001 A3=10FE52 A4=D08000 A5=10F300 A6=D0002C PC=C09332 -- C09332: nop
D0=FF D1=0 D2=1B0012 D3=0 D4=3 D5=1 D6=1 D7=2 A0=10FD94 A1=10FE01 A2=380001 A3=10FE52 A4=D08000 A5=10F300 A6=D0002C PC=C09334 -- C09334: nop
D0=FF D1=0 D2=1B0012 D3=0 D4=3 D5=1 D6=1 D7=2 A0=10FD94 A1=10FE01 A2=380001 A3=10FE52 A4=D08000 A5=10F300 A6=D0002C PC=C09336 -- C09336: nop
D0=FF D1=0 D2=1B0012 D3=0 D4=3 D5=1 D6=1 D7=2 A0=10FD94 A1=10FE01 A2=380001 A3=10FE52 A4=D08000 A5=10F300 A6=D0002C PC=C09338 -- C09338: rts
D0=FF D1=0 D2=1B0012 D3=0 D4=3 D5=1 D6=1 D7=2 A0=10FD94 A1=10FE01 A2=380001 A3=10FE52 A4=D08000 A5=10F300 A6=D0002C PC=C09322 -- C09322: bsr     $c0932a
D0=FF D1=0 D2=1B0012 D3=0 D4=3 D5=1 D6=1 D7=2 A0=10FD94 A1=10FE01 A2=380001 A3=10FE52 A4=D08000 A5=10F300 A6=D0002C PC=C0932A -- C0932A: nop
D0=FF D1=0 D2=1B0012 D3=0 D4=3 D5=1 D6=1 D7=2 A0=10FD94 A1=10FE01 A2=380001 A3=10FE52 A4=D08000 A5=10F300 A6=D0002C PC=C0932C -- C0932C: nop
D0=FF D1=0 D2=1B0012 D3=0 D4=3 D5=1 D6=1 D7=2 A0=10FD94 A1=10FE01 A2=380001 A3=10FE52 A4=D08000 A5=10F300 A6=D0002C PC=C0932E -- C0932E: nop
D0=FF D1=0 D2=1B0012 D3=0 D4=3 D5=1 D6=1 D7=2 A0=10FD94 A1=10FE01 A2=380001 A3=10FE52 A4=D08000 A5=10F300 A6=D0002C PC=C09330 -- C09330: nop
D0=FF D1=0 D2=1B0012 D3=0 D4=3 D5=1 D6=1 D7=2 A0=10FD94 A1=10FE01 A2=380001 A3=10FE52 A4=D08000 A5=10F300 A6=D0002C PC=C09332 -- C09332: nop
D0=FF D1=0 D2=1B0012 D3=0 D4=3 D5=1 D6=1 D7=2 A0=10FD94 A1=10FE01 A2=380001 A3=10FE52 A4=D08000 A5=10F300 A6=D0002C PC=C09334 -- C09334: nop
D0=FF D1=0 D2=1B0012 D3=0 D4=3 D5=1 D6=1 D7=2 A0=10FD94 A1=10FE01 A2=380001 A3=10FE52 A4=D08000 A5=10F300 A6=D0002C PC=C09336 -- C09336: nop
D0=FF D1=0 D2=1B0012 D3=0 D4=3 D5=1 D6=1 D7=2 A0=10FD94 A1=10FE01 A2=380001 A3=10FE52 A4=D08000 A5=10F300 A6=D0002C PC=C09338 -- C09338: rts
D0=FF D1=0 D2=1B0012 D3=0 D4=3 D5=1 D6=1 D7=2 A0=10FD94 A1=10FE01 A2=380001 A3=10FE52 A4=D08000 A5=10F300 A6=D0002C PC=C09326 -- C09326: bsr     $c0932a

   (loops for 16 instructions)

D0=FF D1=0 D2=1B0012 D3=0 D4=3 D5=1 D6=1 D7=2 A0=10FD94 A1=10FE01 A2=380001 A3=10FE52 A4=D08000 A5=10F300 A6=D0002C PC=C0934C -- C0934C: move.b  $380000.l, D1
D0=FF D1=FF D2=1B0012 D3=0 D4=3 D5=1 D6=1 D7=2 A0=10FD94 A1=10FE01 A2=380001 A3=10FE52 A4=D08000 A5=10F300 A6=D0002C PC=C09352 -- C09352: move.b  $340000.l, D5
D0=FF D1=FF D2=1B0012 D3=0 D4=3 D5=1 D6=1 D7=2 A0=10FD94 A1=10FE01 A2=380001 A3=10FE52 A4=D08000 A5=10F300 A6=D0002C PC=C09358 -- C09358: swap    D5
D0=FF D1=FF D2=1B0012 D3=0 D4=3 D5=1 D6=1 D7=2 A0=10FD94 A1=10FE01 A2=380001 A3=10FE52 A4=D08000 A5=10F300 A6=D0002C PC=C0935A -- C0935A: move.b  $300000.l, D5
D0=FF D1=FF D2=1B0012 D3=0 D4=3 D5=1 D6=1 D7=2 A0=10FD94 A1=10FE01 A2=380001 A3=10FE52 A4=D08000 A5=10F300 A6=D0002C PC=C09360 -- C09360: lsl.b   #4, D1
D0=FF D1=F0 D2=1B0012 D3=0 D4=3 D5=1 D6=1 D7=2 A0=10FD94 A1=10FE01 A2=380001 A3=10FE52 A4=D08000 A5=10F300 A6=D0002C PC=C09362 -- C09362: swap    D2
D0=FF D1=F0 D2=12001B D3=0 D4=3 D5=1 D6=1 D7=2 A0=10FD94 A1=10FE01 A2=380001 A3=10FE52 A4=D08000 A5=10F300 A6=D0002C PC=C09364 -- C09364: move.b  D2, (A2)
D0=FF D1=F0 D2=12001B D3=0 D4=3 D5=1 D6=1 D7=2 A0=10FD94 A1=10FE01 A2=380001 A3=10FE52 A4=D08000 A5=10F300 A6=D0002C PC=C09366 -- C09366: jmp     $c18542.l
D0=FF D1=F0 D2=12001B D3=0 D4=3 D5=1 D6=1 D7=2 A0=10FD94 A1=10FE01 A2=380001 A3=10FE52 A4=D08000 A5=10F300 A6=D0002C PC=C18542 -- C18542: jsr     $c1b950.l
D0=FF D1=F0 D2=12001B D3=0 D4=3 D5=1 D6=1 D7=2 A0=10FD94 A1=10FE01 A2=380001 A3=10FE52 A4=D08000 A5=10F300 A6=D0002C PC=C1B950 -- C1B950: bsr     $c1e360
D0=FF D1=F0 D2=12001B D3=0 D4=3 D5=1 D6=1 D7=2 A0=10FD94 A1=10FE01 A2=380001 A3=10FE52 A4=D08000 A5=10F300 A6=D0002C PC=C1E360 -- C1E360: move.b  D0, $300001.l
D0=FF D1=F0 D2=12001B D3=0 D4=3 D5=1 D6=1 D7=2 A0=10FD94 A1=10FE01 A2=380001 A3=10FE52 A4=D08000 A5=10F300 A6=D0002C PC=C1E366 -- C1E366: moveq   #$0, D4
D0=FF D1=F0 D2=12001B D3=0 D4=0 D5=1 D6=1 D7=2 A0=10FD94 A1=10FE01 A2=380001 A3=10FE52 A4=D08000 A5=10F300 A6=D0002C PC=C1E368 -- C1E368: tst.b   $10fe8d.l
D0=FF D1=F0 D2=12001B D3=0 D4=0 D5=1 D6=1 D7=2 A0=10FD94 A1=10FE01 A2=380001 A3=10FE52 A4=D08000 A5=10F300 A6=D0002C PC=C1E36E -- C1E36E: bne     $c1e38a
D0=FF D1=F0 D2=12001B D3=0 D4=0 D5=1 D6=1 D7=2 A0=10FD94 A1=10FE01 A2=380001 A3=10FE52 A4=D08000 A5=10F300 A6=D0002C PC=C1E370 -- C1E370: moveq   #$1, D4
D0=FF D1=F0 D2=12001B D3=0 D4=1 D5=1 D6=1 D7=2 A0=10FD94 A1=10FE01 A2=380001 A3=10FE52 A4=D08000 A5=10F300 A6=D0002C PC=C1E372 -- C1E372: btst    #$2, $10fe35.l
D0=FF D1=F0 D2=12001B D3=0 D4=1 D5=1 D6=1 D7=2 A0=10FD94 A1=10FE01 A2=380001 A3=10FE52 A4=D08000 A5=10F300 A6=D0002C PC=C1E37A -- C1E37A: bne     $c1e396
D0=FF D1=F0 D2=12001B D3=0 D4=1 D5=1 D6=1 D7=2 A0=10FD94 A1=10FE01 A2=380001 A3=10FE52 A4=D08000 A5=10F300 A6=D0002C PC=C1E37C -- C1E37C: btst    #$7, $300081.l
D0=FF D1=F0 D2=12001B D3=0 D4=1 D5=1 D6=1 D7=2 A0=10FD94 A1=10FE01 A2=380001 A3=10FE52 A4=D08000 A5=10F300 A6=D0002C PC=C1E384 -- C1E384: beq     $c1c0a8
D0=FF D1=F0 D2=12001B D3=0 D4=1 D5=1 D6=1 D7=2 A0=10FD94 A1=10FE01 A2=380001 A3=10FE52 A4=D08000 A5=10F300 A6=D0002C PC=C1E388 -- C1E388: bra     $c1e3a4
D0=FF D1=F0 D2=12001B D3=0 D4=1 D5=1 D6=1 D7=2 A0=10FD94 A1=10FE01 A2=380001 A3=10FE52 A4=D08000 A5=10F300 A6=D0002C PC=C1E3A4 -- C1E3A4: cmpi.l  #$1514, $10fc40.l
D0=FF D1=F0 D2=12001B D3=0 D4=1 D5=1 D6=1 D7=2 A0=10FD94 A1=10FE01 A2=380001 A3=10FE52 A4=D08000 A5=10F300 A6=D0002C PC=C1E3AE -- C1E3AE: bne     $c1e3b4
D0=FF D1=F0 D2=12001B D3=0 D4=1 D5=1 D6=1 D7=2 A0=10FD94 A1=10FE01 A2=380001 A3=10FE52 A4=D08000 A5=10F300 A6=D0002C PC=C1E3B4 -- C1E3B4: nop
D0=FF D1=F0 D2=12001B D3=0 D4=1 D5=1 D6=1 D7=2 A0=10FD94 A1=10FE01 A2=380001 A3=10FE52 A4=D08000 A5=10F300 A6=D0002C PC=C1E3B6 -- C1E3B6: bra     $c1e3ba
D0=FF D1=F0 D2=12001B D3=0 D4=1 D5=1 D6=1 D7=2 A0=10FD94 A1=10FE01 A2=380001 A3=10FE52 A4=D08000 A5=10F300 A6=D0002C PC=C1E3BA -- C1E3BA: cmpi.l  #$1004dc, $10fc40.l
D0=FF D1=F0 D2=12001B D3=0 D4=1 D5=1 D6=1 D7=2 A0=10FD94 A1=10FE01 A2=380001 A3=10FE52 A4=D08000 A5=10F300 A6=D0002C PC=C1E3C4 -- C1E3C4: bne     $c1e3ca
D0=FF D1=F0 D2=12001B D3=0 D4=1 D5=1 D6=1 D7=2 A0=10FD94 A1=10FE01 A2=380001 A3=10FE52 A4=D08000 A5=10F300 A6=D0002C PC=C1E3CA -- C1E3CA: nop
D0=FF D1=F0 D2=12001B D3=0 D4=1 D5=1 D6=1 D7=2 A0=10FD94 A1=10FE01 A2=380001 A3=10FE52 A4=D08000 A5=10F300 A6=D0002C PC=C1E3CC -- C1E3CC: bra     $c1e3d0
D0=FF D1=F0 D2=12001B D3=0 D4=1 D5=1 D6=1 D7=2 A0=10FD94 A1=10FE01 A2=380001 A3=10FE52 A4=D08000 A5=10F300 A6=D0002C PC=C1E3D0 -- C1E3D0: cmpi.l  #$100508, $10fc40.l
D0=FF D1=F0 D2=12001B D3=0 D4=1 D5=1 D6=1 D7=2 A0=10FD94 A1=10FE01 A2=380001 A3=10FE52 A4=D08000 A5=10F300 A6=D0002C PC=C1E3DA -- C1E3DA: bne     $c1e3e0
D0=FF D1=F0 D2=12001B D3=0 D4=1 D5=1 D6=1 D7=2 A0=10FD94 A1=10FE01 A2=380001 A3=10FE52 A4=D08000 A5=10F300 A6=D0002C PC=C1E3E0 -- C1E3E0: nop
D0=FF D1=F0 D2=12001B D3=0 D4=1 D5=1 D6=1 D7=2 A0=10FD94 A1=10FE01 A2=380001 A3=10FE52 A4=D08000 A5=10F300 A6=D0002C PC=C1E3E2 -- C1E3E2: bra     $c1e3e6
D0=FF D1=F0 D2=12001B D3=0 D4=1 D5=1 D6=1 D7=2 A0=10FD94 A1=10FE01 A2=380001 A3=10FE52 A4=D08000 A5=10F300 A6=D0002C PC=C1E3E6 -- C1E3E6: btst    #$1, $10fe34.l
D0=FF D1=F0 D2=12001B D3=0 D4=1 D5=1 D6=1 D7=2 A0=10FD94 A1=10FE01 A2=380001 A3=10FE52 A4=D08000 A5=10F300 A6=D0002C PC=C1E3EE -- C1E3EE: beq     $c1e3f4
D0=FF D1=F0 D2=12001B D3=0 D4=1 D5=1 D6=1 D7=2 A0=10FD94 A1=10FE01 A2=380001 A3=10FE52 A4=D08000 A5=10F300 A6=D0002C PC=C1E3F4 -- C1E3F4: nop
D0=FF D1=F0 D2=12001B D3=0 D4=1 D5=1 D6=1 D7=2 A0=10FD94 A1=10FE01 A2=380001 A3=10FE52 A4=D08000 A5=10F300 A6=D0002C PC=C1E3F6 -- C1E3F6: rts
D0=FF D1=F0 D2=12001B D3=0 D4=1 D5=1 D6=1 D7=2 A0=10FD94 A1=10FE01 A2=380001 A3=10FE52 A4=D08000 A5=10F300 A6=D0002C PC=C1B954 -- C1B954: move.b  $380000.l, D2
D0=FF D1=F0 D2=1200FF D3=0 D4=1 D5=1 D6=1 D7=2 A0=10FD94 A1=10FE01 A2=380001 A3=10FE52 A4=D08000 A5=10F300 A6=D0002C PC=C1B95A -- C1B95A: bsr     $c1e3f8
D0=FF D1=F0 D2=1200FF D3=0 D4=1 D5=1 D6=1 D7=2 A0=10FD94 A1=10FE01 A2=380001 A3=10FE52 A4=D08000 A5=10F300 A6=D0002C PC=C1E3F8 -- C1E3F8: cmpi.w  #$104, $10fdfe.l
D0=FF D1=F0 D2=1200FF D3=0 D4=1 D5=1 D6=1 D7=2 A0=10FD94 A1=10FE01 A2=380001 A3=10FE52 A4=D08000 A5=10F300 A6=D0002C PC=C1E400 -- C1E400: bne     $c1e416
D0=FF D1=F0 D2=1200FF D3=0 D4=1 D5=1 D6=1 D7=2 A0=10FD94 A1=10FE01 A2=380001 A3=10FE52 A4=D08000 A5=10F300 A6=D0002C PC=C1E416 -- C1E416: cmpi.b  #$1, D4
D0=FF D1=F0 D2=1200FF D3=0 D4=1 D5=1 D6=1 D7=2 A0=10FD94 A1=10FE01 A2=380001 A3=10FE52 A4=D08000 A5=10F300 A6=D0002C PC=C1E41A -- C1E41A: beq     $c1e41e
D0=FF D1=F0 D2=1200FF D3=0 D4=1 D5=1 D6=1 D7=2 A0=10FD94 A1=10FE01 A2=380001 A3=10FE52 A4=D08000 A5=10F300 A6=D0002C PC=C1E41E -- C1E41E: movem.l D0-D7/A0-A6, -(A7)
D0=FF D1=F0 D2=1200FF D3=0 D4=1 D5=1 D6=1 D7=2 A0=10FD94 A1=10FE01 A2=380001 A3=10FE52 A4=D08000 A5=10F300 A6=D0002C PC=C1E422 -- C1E422: andi.b  #$3, D2
D0=FF D1=F0 D2=120003 D3=0 D4=1 D5=1 D6=1 D7=2 A0=10FD94 A1=10FE01 A2=380001 A3=10FE52 A4=D08000 A5=10F300 A6=D0002C PC=C1E426 -- C1E426: beq     $c1e454
D0=FF D1=F0 D2=120003 D3=0 D4=1 D5=1 D6=1 D7=2 A0=10FD94 A1=10FE01 A2=380001 A3=10FE52 A4=D08000 A5=10F300 A6=D0002C PC=C1E428 -- C1E428: andi.b  #$1, D2
D0=FF D1=F0 D2=120001 D3=0 D4=1 D5=1 D6=1 D7=2 A0=10FD94 A1=10FE01 A2=380001 A3=10FE52 A4=D08000 A5=10F300 A6=D0002C PC=C1E42C -- C1E42C: bne     $c1e49a
D0=FF D1=F0 D2=120001 D3=0 D4=1 D5=1 D6=1 D7=2 A0=10FD94 A1=10FE01 A2=380001 A3=10FE52 A4=D08000 A5=10F300 A6=D0002C PC=C1E49A -- C1E49A: move.w  $108.w, D0
D0=55 D1=F0 D2=120001 D3=0 D4=1 D5=1 D6=1 D7=2 A0=10FD94 A1=10FE01 A2=380001 A3=10FE52 A4=D08000 A5=10F300 A6=D0002C PC=C1E49E -- C1E49E: jsr     $c05000.l
D0=55 D1=F0 D2=120001 D3=0 D4=1 D5=1 D6=1 D7=2 A0=10FD94 A1=10FE01 A2=380001 A3=10FE52 A4=D08000 A5=10F300 A6=D0002C PC=C05000 -- C05000: bra     $c07004
D0=55 D1=F0 D2=120001 D3=0 D4=1 D5=1 D6=1 D7=2 A0=10FD94 A1=10FE01 A2=380001 A3=10FE52 A4=D08000 A5=10F300 A6=D0002C PC=C07004 -- C07004: lea     $10fe38.l, A0
D0=55 D1=F0 D2=120001 D3=0 D4=1 D5=1 D6=1 D7=2 A0=10FE38 A1=10FE01 A2=380001 A3=10FE52 A4=D08000 A5=10F300 A6=D0002C PC=C0700A -- C0700A: cmpi.w  #$7654, (A0)
D0=55 D1=F0 D2=120001 D3=0 D4=1 D5=1 D6=1 D7=2 A0=10FE38 A1=10FE01 A2=380001 A3=10FE52 A4=D08000 A5=10F300 A6=D0002C PC=C0700E -- C0700E: bne     $c0701c
D0=55 D1=F0 D2=120001 D3=0 D4=1 D5=1 D6=1 D7=2 A0=10FE38 A1=10FE01 A2=380001 A3=10FE52 A4=D08000 A5=10F300 A6=D0002C PC=C0701C -- C0701C: cmpi.w  #$0, ($2,A0)
D0=55 D1=F0 D2=120001 D3=0 D4=1 D5=1 D6=1 D7=2 A0=10FE38 A1=10FE01 A2=380001 A3=10FE52 A4=D08000 A5=10F300 A6=D0002C PC=C07022 -- C07022: bne     $c07038
D0=55 D1=F0 D2=120001 D3=0 D4=1 D5=1 D6=1 D7=2 A0=10FE38 A1=10FE01 A2=380001 A3=10FE52 A4=D08000 A5=10F300 A6=D0002C PC=C07024 -- C07024: moveq   #$0, D1
D0=55 D1=0 D2=120001 D3=0 D4=1 D5=1 D6=1 D7=2 A0=10FE38 A1=10FE01 A2=380001 A3=10FE52 A4=D08000 A5=10F300 A6=D0002C PC=C07026 -- C07026: cmpi.w  #$236, D0
D0=55 D1=0 D2=120001 D3=0 D4=1 D5=1 D6=1 D7=2 A0=10FE38 A1=10FE01 A2=380001 A3=10FE52 A4=D08000 A5=10F300 A6=D0002C PC=C0702A -- C0702A: beq     $c079ce
D0=55 D1=0 D2=120001 D3=0 D4=1 D5=1 D6=1 D7=2 A0=10FE38 A1=10FE01 A2=380001 A3=10FE52 A4=D08000 A5=10F300 A6=D0002C PC=C0702E -- C0702E: cmpi.w  #$216, D0
D0=55 D1=0 D2=120001 D3=0 D4=1 D5=1 D6=1 D7=2 A0=10FE38 A1=10FE01 A2=380001 A3=10FE52 A4=D08000 A5=10F300 A6=D0002C PC=C07032 -- C07032: beq     $c079a6
D0=55 D1=0 D2=120001 D3=0 D4=1 D5=1 D6=1 D7=2 A0=10FE38 A1=10FE01 A2=380001 A3=10FE52 A4=D08000 A5=10F300 A6=D0002C PC=C07036 -- C07036: rts
D0=55 D1=0 D2=120001 D3=0 D4=1 D5=1 D6=1 D7=2 A0=10FE38 A1=10FE01 A2=380001 A3=10FE52 A4=D08000 A5=10F300 A6=D0002C PC=C1E4A4 -- C1E4A4: tst.w   $10fe36.l
D0=55 D1=0 D2=120001 D3=0 D4=1 D5=1 D6=1 D7=2 A0=10FE38 A1=10FE01 A2=380001 A3=10FE52 A4=D08000 A5=10F300 A6=D0002C PC=C1E4AA -- C1E4AA: beq     $c1e4ca
D0=55 D1=0 D2=120001 D3=0 D4=1 D5=1 D6=1 D7=2 A0=10FE38 A1=10FE01 A2=380001 A3=10FE52 A4=D08000 A5=10F300 A6=D0002C PC=C1E4CA -- C1E4CA: jsr     $c05004.l
D0=55 D1=0 D2=120001 D3=0 D4=1 D5=1 D6=1 D7=2 A0=10FE38 A1=10FE01 A2=380001 A3=10FE52 A4=D08000 A5=10F300 A6=D0002C PC=C05004 -- C05004: bra     $c07c68
D0=55 D1=0 D2=120001 D3=0 D4=1 D5=1 D6=1 D7=2 A0=10FE38 A1=10FE01 A2=380001 A3=10FE52 A4=D08000 A5=10F300 A6=D0002C PC=C07C68 -- C07C68: move.w  $108.w, D0
D0=55 D1=0 D2=120001 D3=0 D4=1 D5=1 D6=1 D7=2 A0=10FE38 A1=10FE01 A2=380001 A3=10FE52 A4=D08000 A5=10F300 A6=D0002C PC=C07C6C -- C07C6C: move.w  D0, D1
D0=55 D1=55 D2=120001 D3=0 D4=1 D5=1 D6=1 D7=2 A0=10FE38 A1=10FE01 A2=380001 A3=10FE52 A4=D08000 A5=10F300 A6=D0002C PC=C07C6E -- C07C6E: cmpi.w  #$261, D0
D0=55 D1=55 D2=120001 D3=0 D4=1 D5=1 D6=1 D7=2 A0=10FE38 A1=10FE01 A2=380001 A3=10FE52 A4=D08000 A5=10F300 A6=D0002C PC=C07C72 -- C07C72: bne     $c07c86
D0=55 D1=55 D2=120001 D3=0 D4=1 D5=1 D6=1 D7=2 A0=10FE38 A1=10FE01 A2=380001 A3=10FE52 A4=D08000 A5=10F300 A6=D0002C PC=C07C86 -- C07C86: tst.b   $10fe32.l
D0=55 D1=55 D2=120001 D3=0 D4=1 D5=1 D6=1 D7=2 A0=10FE38 A1=10FE01 A2=380001 A3=10FE52 A4=D08000 A5=10F300 A6=D0002C PC=C07C8C -- C07C8C: bne     $c07c9c
D0=55 D1=55 D2=120001 D3=0 D4=1 D5=1 D6=1 D7=2 A0=10FE38 A1=10FE01 A2=380001 A3=10FE52 A4=D08000 A5=10F300 A6=D0002C PC=C07C9C -- C07C9C: cmpi.w  #$266, D0
D0=55 D1=55 D2=120001 D3=0 D4=1 D5=1 D6=1 D7=2 A0=10FE38 A1=10FE01 A2=380001 A3=10FE52 A4=D08000 A5=10F300 A6=D0002C PC=C07CA0 -- C07CA0: bne     $c07cb4
D0=55 D1=55 D2=120001 D3=0 D4=1 D5=1 D6=1 D7=2 A0=10FE38 A1=10FE01 A2=380001 A3=10FE52 A4=D08000 A5=10F300 A6=D0002C PC=C07CB4 -- C07CB4: cmpi.w  #$271, D0
D0=55 D1=55 D2=120001 D3=0 D4=1 D5=1 D6=1 D7=2 A0=10FE38 A1=10FE01 A2=380001 A3=10FE52 A4=D08000 A5=10F300 A6=D0002C PC=C07CB8 -- C07CB8: bne     $c07ce2
D0=55 D1=55 D2=120001 D3=0 D4=1 D5=1 D6=1 D7=2 A0=10FE38 A1=10FE01 A2=380001 A3=10FE52 A4=D08000 A5=10F300 A6=D0002C PC=C07CE2 -- C07CE2: btst    #$2, $10fe35.l
D0=55 D1=55 D2=120001 D3=0 D4=1 D5=1 D6=1 D7=2 A0=10FE38 A1=10FE01 A2=380001 A3=10FE52 A4=D08000 A5=10F300 A6=D0002C PC=C07CEA -- C07CEA: beq     $c07dbe
D0=55 D1=55 D2=120001 D3=0 D4=1 D5=1 D6=1 D7=2 A0=10FE38 A1=10FE01 A2=380001 A3=10FE52 A4=D08000 A5=10F300 A6=D0002C PC=C07DBE -- C07DBE: rts
D0=55 D1=55 D2=120001 D3=0 D4=1 D5=1 D6=1 D7=2 A0=10FE38 A1=10FE01 A2=380001 A3=10FE52 A4=D08000 A5=10F300 A6=D0002C PC=C1E4D0 -- C1E4D0: cmpi.w  #$262, $108.w
D0=55 D1=55 D2=120001 D3=0 D4=1 D5=1 D6=1 D7=2 A0=10FE38 A1=10FE01 A2=380001 A3=10FE52 A4=D08000 A5=10F300 A6=D0002C PC=C1E4D6 -- C1E4D6: bne     $c1e4de
D0=55 D1=55 D2=120001 D3=0 D4=1 D5=1 D6=1 D7=2 A0=10FE38 A1=10FE01 A2=380001 A3=10FE52 A4=D08000 A5=10F300 A6=D0002C PC=C1E4DE -- C1E4DE: movem.l (A7)+, D0-D7/A0-A6
D0=FF D1=F0 D2=1200FF D3=0 D4=1 D5=1 D6=1 D7=2 A0=10FD94 A1=10FE01 A2=380001 A3=10FE52 A4=D08000 A5=10F300 A6=D0002C PC=C1E4E2 -- C1E4E2: rts
D0=FF D1=F0 D2=1200FF D3=0 D4=1 D5=1 D6=1 D7=2 A0=10FD94 A1=10FE01 A2=380001 A3=10FE52 A4=D08000 A5=10F300 A6=D0002C PC=C1B95E -- C1B95E: tst.b   $10fe32.l
D0=FF D1=F0 D2=1200FF D3=0 D4=1 D5=1 D6=1 D7=2 A0=10FD94 A1=10FE01 A2=380001 A3=10FE52 A4=D08000 A5=10F300 A6=D0002C PC=C1B964 -- C1B964: bne     $c1b9a2
D0=FF D1=F0 D2=1200FF D3=0 D4=1 D5=1 D6=1 D7=2 A0=10FD94 A1=10FE01 A2=380001 A3=10FE52 A4=D08000 A5=10F300 A6=D0002C PC=C1B9A2 -- C1B9A2: btst    #$1, $10fe35.l
D0=FF D1=F0 D2=1200FF D3=0 D4=1 D5=1 D6=1 D7=2 A0=10FD94 A1=10FE01 A2=380001 A3=10FE52 A4=D08000 A5=10F300 A6=D0002C PC=C1B9AA -- C1B9AA: bne     $c1b9b8
D0=FF D1=F0 D2=1200FF D3=0 D4=1 D5=1 D6=1 D7=2 A0=10FD94 A1=10FE01 A2=380001 A3=10FE52 A4=D08000 A5=10F300 A6=D0002C PC=C1B9AC -- C1B9AC: tst.b   $10fe8d.l
D0=FF D1=F0 D2=1200FF D3=0 D4=1 D5=1 D6=1 D7=2 A0=10FD94 A1=10FE01 A2=380001 A3=10FE52 A4=D08000 A5=10F300 A6=D0002C PC=C1B9B2 -- C1B9B2: bne     $c1b9b8
D0=FF D1=F0 D2=1200FF D3=0 D4=1 D5=1 D6=1 D7=2 A0=10FD94 A1=10FE01 A2=380001 A3=10FE52 A4=D08000 A5=10F300 A6=D0002C PC=C1B9B4 -- C1B9B4: ori.b   #$a, D2
D0=FF D1=F0 D2=1200FF D3=0 D4=1 D5=1 D6=1 D7=2 A0=10FD94 A1=10FE01 A2=380001 A3=10FE52 A4=D08000 A5=10F300 A6=D0002C PC=C1B9B8 -- C1B9B8: rts
D0=FF D1=F0 D2=1200FF D3=0 D4=1 D5=1 D6=1 D7=2 A0=10FD94 A1=10FE01 A2=380001 A3=10FE52 A4=D08000 A5=10F300 A6=D0002C PC=C18548 -- C18548: move.b  $340000.l, D4
D0=FF D1=F0 D2=1200FF D3=0 D4=FF D5=1 D6=1 D7=2 A0=10FD94 A1=10FE01 A2=380001 A3=10FE52 A4=D08000 A5=10F300 A6=D0002C PC=C1854E -- C1854E: swap    D4
D0=FF D1=F0 D2=1200FF D3=0 D4=FF0000 D5=1 D6=1 D7=2 A0=10FD94 A1=10FE01 A2=380001 A3=10FE52 A4=D08000 A5=10F300 A6=D0002C PC=C18550 -- C18550: move.b  $300000.l, D4
D0=FF D1=F0 D2=1200FF D3=0 D4=FF00FF D5=1 D6=1 D7=2 A0=10FD94 A1=10FE01 A2=380001 A3=10FE52 A4=D08000 A5=10F300 A6=D0002C PC=C18556 -- C18556: andi.b  #$f, D2
D0=FF D1=F0 D2=12000F D3=0 D4=FF00FF D5=1 D6=1 D7=2 A0=10FD94 A1=10FE01 A2=380001 A3=10FE52 A4=D08000 A5=10F300 A6=D0002C PC=C1855A -- C1855A: or.b    D1, D2
D0=FF D1=F0 D2=1200FF D3=0 D4=FF00FF D5=1 D6=1 D7=2 A0=10FD94 A1=10FE01 A2=380001 A3=10FE52 A4=D08000 A5=10F300 A6=D0002C PC=C1855C -- C1855C: not.b   D2
D0=FF D1=F0 D2=120000 D3=0 D4=FF00FF D5=1 D6=1 D7=2 A0=10FD94 A1=10FE01 A2=380001 A3=10FE52 A4=D08000 A5=10F300 A6=D0002C PC=C1855E -- C1855E: move.b  $10fedc.l, D3
D0=FF D1=F0 D2=120000 D3=0 D4=FF00FF D5=1 D6=1 D7=2 A0=10FD94 A1=10FE01 A2=380001 A3=10FE52 A4=D08000 A5=10F300 A6=D0002C PC=C18564 -- C18564: eor.b   D2, D3
D0=FF D1=F0 D2=120000 D3=0 D4=FF00FF D5=1 D6=1 D7=2 A0=10FD94 A1=10FE01 A2=380001 A3=10FE52 A4=D08000 A5=10F300 A6=D0002C PC=C18566 -- C18566: and.b   D2, D3
D0=FF D1=F0 D2=120000 D3=0 D4=FF00FF D5=1 D6=1 D7=2 A0=10FD94 A1=10FE01 A2=380001 A3=10FE52 A4=D08000 A5=10F300 A6=D0002C PC=C18568 -- C18568: cmpi.b  #$3, ($a94,A5)
D0=FF D1=F0 D2=120000 D3=0 D4=FF00FF D5=1 D6=1 D7=2 A0=10FD94 A1=10FE01 A2=380001 A3=10FE52 A4=D08000 A5=10F300 A6=D0002C PC=C1856E -- C1856E: beq     $c18578
D0=FF D1=F0 D2=120000 D3=0 D4=FF00FF D5=1 D6=1 D7=2 A0=10FD94 A1=10FE01 A2=380001 A3=10FE52 A4=D08000 A5=10F300 A6=D0002C PC=C18570 -- C18570: cmpi.b  #$3, ($a9a,A5)
D0=FF D1=F0 D2=120000 D3=0 D4=FF00FF D5=1 D6=1 D7=2 A0=10FD94 A1=10FE01 A2=380001 A3=10FE52 A4=D08000 A5=10F300 A6=D0002C PC=C18576 -- C18576: bne     $c1857c
D0=FF D1=F0 D2=120000 D3=0 D4=FF00FF D5=1 D6=1 D7=2 A0=10FD94 A1=10FE01 A2=380001 A3=10FE52 A4=D08000 A5=10F300 A6=D0002C PC=C1857C -- C1857C: move.b  #$cf, D7
D0=FF D1=F0 D2=120000 D3=0 D4=FF00FF D5=1 D6=1 D7=CF A0=10FD94 A1=10FE01 A2=380001 A3=10FE52 A4=D08000 A5=10F300 A6=D0002C PC=C18580 -- C18580: jsr     ($d4,PC) ; ($c18656)
D0=FF D1=F0 D2=120000 D3=0 D4=FF00FF D5=1 D6=1 D7=CF A0=10FD94 A1=10FE01 A2=380001 A3=10FE52 A4=D08000 A5=10F300 A6=D0002C PC=C18656 -- C18656: cmpi.b  #$3, (A0)
D0=FF D1=F0 D2=120000 D3=0 D4=FF00FF D5=1 D6=1 D7=CF A0=10FD94 A1=10FE01 A2=380001 A3=10FE52 A4=D08000 A5=10F300 A6=D0002C PC=C1865A -- C1865A: beq     $c186b4
D0=FF D1=F0 D2=120000 D3=0 D4=FF00FF D5=1 D6=1 D7=CF A0=10FD94 A1=10FE01 A2=380001 A3=10FE52 A4=D08000 A5=10F300 A6=D0002C PC=C1865C -- C1865C: move.b  D4, D0
D0=FF D1=F0 D2=120000 D3=0 D4=FF00FF D5=1 D6=1 D7=CF A0=10FD94 A1=10FE01 A2=380001 A3=10FE52 A4=D08000 A5=10F300 A6=D0002C PC=C1865E -- C1865E: jsr     ($c,PC) ; ($c1866c)
D0=FF D1=F0 D2=120000 D3=0 D4=FF00FF D5=1 D6=1 D7=CF A0=10FD94 A1=10FE01 A2=380001 A3=10FE52 A4=D08000 A5=10F300 A6=D0002C PC=C1866C -- C1866C: not.b   D0
D0=0 D1=F0 D2=120000 D3=0 D4=FF00FF D5=1 D6=1 D7=CF A0=10FD94 A1=10FE01 A2=380001 A3=10FE52 A4=D08000 A5=10F300 A6=D0002C PC=C1866E -- C1866E: move.b  ($2,A0), D1
D0=0 D1=0 D2=120000 D3=0 D4=FF00FF D5=1 D6=1 D7=CF A0=10FD94 A1=10FE01 A2=380001 A3=10FE52 A4=D08000 A5=10F300 A6=D0002C PC=C18672 -- C18672: cmp.b   D0, D1
D0=0 D1=0 D2=120000 D3=0 D4=FF00FF D5=1 D6=1 D7=CF A0=10FD94 A1=10FE01 A2=380001 A3=10FE52 A4=D08000 A5=10F300 A6=D0002C PC=C18674 -- C18674: bne     $c18684
D0=0 D1=0 D2=120000 D3=0 D4=FF00FF D5=1 D6=1 D7=CF A0=10FD94 A1=10FE01 A2=380001 A3=10FE52 A4=D08000 A5=10F300 A6=D0002C PC=C18676 -- C18676: subq.b  #1, ($5,A0)
D0=0 D1=0 D2=120000 D3=0 D4=FF00FF D5=1 D6=1 D7=CF A0=10FD94 A1=10FE01 A2=380001 A3=10FE52 A4=D08000 A5=10F300 A6=D0002C PC=C1867A -- C1867A: bpl     $c18690
D0=0 D1=0 D2=120000 D3=0 D4=FF00FF D5=1 D6=1 D7=CF A0=10FD94 A1=10FE01 A2=380001 A3=10FE52 A4=D08000 A5=10F300 A6=D0002C PC=C18690 -- C18690: clr.b   ($4,A0)
D0=0 D1=0 D2=120000 D3=0 D4=FF00FF D5=1 D6=1 D7=CF A0=10FD94 A1=10FE01 A2=380001 A3=10FE52 A4=D08000 A5=10F300 A6=D0002C PC=C18694 -- C18694: move.b  D1, ($1,A0)
D0=0 D1=0 D2=120000 D3=0 D4=FF00FF D5=1 D6=1 D7=CF A0=10FD94 A1=10FE01 A2=380001 A3=10FE52 A4=D08000 A5=10F300 A6=D0002C PC=C18698 -- C18698: move.b  D0, ($2,A0)
D0=0 D1=0 D2=120000 D3=0 D4=FF00FF D5=1 D6=1 D7=CF A0=10FD94 A1=10FE01 A2=380001 A3=10FE52 A4=D08000 A5=10F300 A6=D0002C PC=C1869C -- C1869C: eor.b   D0, D1
D0=0 D1=0 D2=120000 D3=0 D4=FF00FF D5=1 D6=1 D7=CF A0=10FD94 A1=10FE01 A2=380001 A3=10FE52 A4=D08000 A5=10F300 A6=D0002C PC=C1869E -- C1869E: and.b   D0, D1
D0=0 D1=0 D2=120000 D3=0 D4=FF00FF D5=1 D6=1 D7=CF A0=10FD94 A1=10FE01 A2=380001 A3=10FE52 A4=D08000 A5=10F300 A6=D0002C PC=C186A0 -- C186A0: move.b  D1, ($3,A0)
D0=0 D1=0 D2=120000 D3=0 D4=FF00FF D5=1 D6=1 D7=CF A0=10FD94 A1=10FE01 A2=380001 A3=10FE52 A4=D08000 A5=10F300 A6=D0002C PC=C186A4 -- C186A4: rts
D0=0 D1=0 D2=120000 D3=0 D4=FF00FF D5=1 D6=1 D7=CF A0=10FD94 A1=10FE01 A2=380001 A3=10FE52 A4=D08000 A5=10F300 A6=D0002C PC=C18662 -- C18662: jmp     $c050c0.l
D0=0 D1=0 D2=120000 D3=0 D4=FF00FF D5=1 D6=1 D7=CF A0=10FD94 A1=10FE01 A2=380001 A3=10FE52 A4=D08000 A5=10F300 A6=D0002C PC=C050C0 -- C050C0: bra     $c0936c
D0=0 D1=0 D2=120000 D3=0 D4=FF00FF D5=1 D6=1 D7=CF A0=10FD94 A1=10FE01 A2=380001 A3=10FE52 A4=D08000 A5=10F300 A6=D0002C PC=C0936C -- C0936C: lea     ($c,A0), A0
D0=0 D1=0 D2=120000 D3=0 D4=FF00FF D5=1 D6=1 D7=CF A0=10FDA0 A1=10FE01 A2=380001 A3=10FE52 A4=D08000 A5=10F300 A6=D0002C PC=C09370 -- C09370: tst.b   ($bfa,A5)
D0=0 D1=0 D2=120000 D3=0 D4=FF00FF D5=1 D6=1 D7=CF A0=10FDA0 A1=10FE01 A2=380001 A3=10FE52 A4=D08000 A5=10F300 A6=D0002C PC=C09374 -- C09374: bne     $c0937a
D0=0 D1=0 D2=120000 D3=0 D4=FF00FF D5=1 D6=1 D7=CF A0=10FDA0 A1=10FE01 A2=380001 A3=10FE52 A4=D08000 A5=10F300 A6=D0002C PC=C09376 -- C09376: tst.b   (A0)
D0=0 D1=0 D2=120000 D3=0 D4=FF00FF D5=1 D6=1 D7=CF A0=10FDA0 A1=10FE01 A2=380001 A3=10FE52 A4=D08000 A5=10F300 A6=D0002C PC=C09378 -- C09378: beq     $c09380
D0=0 D1=0 D2=120000 D3=0 D4=FF00FF D5=1 D6=1 D7=CF A0=10FDA0 A1=10FE01 A2=380001 A3=10FE52 A4=D08000 A5=10F300 A6=D0002C PC=C09380 -- C09380: jmp     $c186a6.l
D0=0 D1=0 D2=120000 D3=0 D4=FF00FF D5=1 D6=1 D7=CF A0=10FDA0 A1=10FE01 A2=380001 A3=10FE52 A4=D08000 A5=10F300 A6=D0002C PC=C186A6 -- C186A6: clr.b   ($1,A0)
D0=0 D1=0 D2=120000 D3=0 D4=FF00FF D5=1 D6=1 D7=CF A0=10FDA0 A1=10FE01 A2=380001 A3=10FE52 A4=D08000 A5=10F300 A6=D0002C PC=C186AA -- C186AA: clr.l   ($2,A0)
D0=0 D1=0 D2=120000 D3=0 D4=FF00FF D5=1 D6=1 D7=CF A0=10FDA0 A1=10FE01 A2=380001 A3=10FE52 A4=D08000 A5=10F300 A6=D0002C PC=C186AE -- C186AE: and.b   D7, D2
D0=0 D1=0 D2=120000 D3=0 D4=FF00FF D5=1 D6=1 D7=CF A0=10FDA0 A1=10FE01 A2=380001 A3=10FE52 A4=D08000 A5=10F300 A6=D0002C PC=C186B0 -- C186B0: and.b   D7, D3
D0=0 D1=0 D2=120000 D3=0 D4=FF00FF D5=1 D6=1 D7=CF A0=10FDA0 A1=10FE01 A2=380001 A3=10FE52 A4=D08000 A5=10F300 A6=D0002C PC=C186B2 -- C186B2: rts
D0=0 D1=0 D2=120000 D3=0 D4=FF00FF D5=1 D6=1 D7=CF A0=10FDA0 A1=10FE01 A2=380001 A3=10FE52 A4=D08000 A5=10F300 A6=D0002C PC=C18584 -- C18584: swap    D4
D0=0 D1=0 D2=120000 D3=0 D4=FF00FF D5=1 D6=1 D7=CF A0=10FDA0 A1=10FE01 A2=380001 A3=10FE52 A4=D08000 A5=10F300 A6=D0002C PC=C18586 -- C18586: swap    D5
D0=0 D1=0 D2=120000 D3=0 D4=FF00FF D5=1 D6=1 D7=CF A0=10FDA0 A1=10FE01 A2=380001 A3=10FE52 A4=D08000 A5=10F300 A6=D0002C PC=C18588 -- C18588: swap    D6
D0=0 D1=0 D2=120000 D3=0 D4=FF00FF D5=10000 D6=10000 D7=CF A0=10FDA0 A1=10FE01 A2=380001 A3=10FE52 A4=D08000 A5=10F300 A6=D0002C PC=C1858A -- C1858A: lea     ($a9a,A5), A0
D0=0 D1=0 D2=120000 D3=0 D4=FF00FF D5=10000 D6=10000 D7=CF A0=10FD9A A1=10FE01 A2=380001 A3=10FE52 A4=D08000 A5=10F300 A6=D0002C PC=C1858E -- C1858E: move.b  #$3f, D7
D0=0 D1=0 D2=120000 D3=0 D4=FF00FF D5=10000 D6=10000 D7=3F A0=10FD9A A1=10FE01 A2=380001 A3=10FE52 A4=D08000 A5=10F300 A6=D0002C PC=C18592 -- C18592: jsr     ($c2,PC) ; ($c18656)
D0=0 D1=0 D2=120000 D3=0 D4=FF00FF D5=10000 D6=10000 D7=3F A0=10FD9A A1=10FE01 A2=380001 A3=10FE52 A4=D08000 A5=10F300 A6=D0002C PC=C18656 -- C18656: cmpi.b  #$3, (A0)
D0=0 D1=0 D2=120000 D3=0 D4=FF00FF D5=10000 D6=10000 D7=3F A0=10FD9A A1=10FE01 A2=380001 A3=10FE52 A4=D08000 A5=10F300 A6=D0002C PC=C1865A -- C1865A: beq     $c186b4
D0=0 D1=0 D2=120000 D3=0 D4=FF00FF D5=10000 D6=10000 D7=3F A0=10FD9A A1=10FE01 A2=380001 A3=10FE52 A4=D08000 A5=10F300 A6=D0002C PC=C1865C -- C1865C: move.b  D4, D0
D0=FF D1=0 D2=120000 D3=0 D4=FF00FF D5=10000 D6=10000 D7=3F A0=10FD9A A1=10FE01 A2=380001 A3=10FE52 A4=D08000 A5=10F300 A6=D0002C PC=C1865E -- C1865E: jsr     ($c,PC) ; ($c1866c)
D0=FF D1=0 D2=120000 D3=0 D4=FF00FF D5=10000 D6=10000 D7=3F A0=10FD9A A1=10FE01 A2=380001 A3=10FE52 A4=D08000 A5=10F300 A6=D0002C PC=C1866C -- C1866C: not.b   D0
D0=0 D1=0 D2=120000 D3=0 D4=FF00FF D5=10000 D6=10000 D7=3F A0=10FD9A A1=10FE01 A2=380001 A3=10FE52 A4=D08000 A5=10F300 A6=D0002C PC=C1866E -- C1866E: move.b  ($2,A0), D1
D0=0 D1=0 D2=120000 D3=0 D4=FF00FF D5=10000 D6=10000 D7=3F A0=10FD9A A1=10FE01 A2=380001 A3=10FE52 A4=D08000 A5=10F300 A6=D0002C PC=C18672 -- C18672: cmp.b   D0, D1
D0=0 D1=0 D2=120000 D3=0 D4=FF00FF D5=10000 D6=10000 D7=3F A0=10FD9A A1=10FE01 A2=380001 A3=10FE52 A4=D08000 A5=10F300 A6=D0002C PC=C18674 -- C18674: bne     $c18684
D0=0 D1=0 D2=120000 D3=0 D4=FF00FF D5=10000 D6=10000 D7=3F A0=10FD9A A1=10FE01 A2=380001 A3=10FE52 A4=D08000 A5=10F300 A6=D0002C PC=C18676 -- C18676: subq.b  #1, ($5,A0)
D0=0 D1=0 D2=120000 D3=0 D4=FF00FF D5=10000 D6=10000 D7=3F A0=10FD9A A1=10FE01 A2=380001 A3=10FE52 A4=D08000 A5=10F300 A6=D0002C PC=C1867A -- C1867A: bpl     $c18690
D0=0 D1=0 D2=120000 D3=0 D4=FF00FF D5=10000 D6=10000 D7=3F A0=10FD9A A1=10FE01 A2=380001 A3=10FE52 A4=D08000 A5=10F300 A6=D0002C PC=C18690 -- C18690: clr.b   ($4,A0)
D0=0 D1=0 D2=120000 D3=0 D4=FF00FF D5=10000 D6=10000 D7=3F A0=10FD9A A1=10FE01 A2=380001 A3=10FE52 A4=D08000 A5=10F300 A6=D0002C PC=C18694 -- C18694: move.b  D1, ($1,A0)
D0=0 D1=0 D2=120000 D3=0 D4=FF00FF D5=10000 D6=10000 D7=3F A0=10FD9A A1=10FE01 A2=380001 A3=10FE52 A4=D08000 A5=10F300 A6=D0002C PC=C18698 -- C18698: move.b  D0, ($2,A0)
D0=0 D1=0 D2=120000 D3=0 D4=FF00FF D5=10000 D6=10000 D7=3F A0=10FD9A A1=10FE01 A2=380001 A3=10FE52 A4=D08000 A5=10F300 A6=D0002C PC=C1869C -- C1869C: eor.b   D0, D1
D0=0 D1=0 D2=120000 D3=0 D4=FF00FF D5=10000 D6=10000 D7=3F A0=10FD9A A1=10FE01 A2=380001 A3=10FE52 A4=D08000 A5=10F300 A6=D0002C PC=C1869E -- C1869E: and.b   D0, D1
D0=0 D1=0 D2=120000 D3=0 D4=FF00FF D5=10000 D6=10000 D7=3F A0=10FD9A A1=10FE01 A2=380001 A3=10FE52 A4=D08000 A5=10F300 A6=D0002C PC=C186A0 -- C186A0: move.b  D1, ($3,A0)
D0=0 D1=0 D2=120000 D3=0 D4=FF00FF D5=10000 D6=10000 D7=3F A0=10FD9A A1=10FE01 A2=380001 A3=10FE52 A4=D08000 A5=10F300 A6=D0002C PC=C186A4 -- C186A4: rts
D0=0 D1=0 D2=120000 D3=0 D4=FF00FF D5=10000 D6=10000 D7=3F A0=10FD9A A1=10FE01 A2=380001 A3=10FE52 A4=D08000 A5=10F300 A6=D0002C PC=C18662 -- C18662: jmp     $c050c0.l
D0=0 D1=0 D2=120000 D3=0 D4=FF00FF D5=10000 D6=10000 D7=3F A0=10FD9A A1=10FE01 A2=380001 A3=10FE52 A4=D08000 A5=10F300 A6=D0002C PC=C050C0 -- C050C0: bra     $c0936c
D0=0 D1=0 D2=120000 D3=0 D4=FF00FF D5=10000 D6=10000 D7=3F A0=10FD9A A1=10FE01 A2=380001 A3=10FE52 A4=D08000 A5=10F300 A6=D0002C PC=C0936C -- C0936C: lea     ($c,A0), A0
D0=0 D1=0 D2=120000 D3=0 D4=FF00FF D5=10000 D6=10000 D7=3F A0=10FDA6 A1=10FE01 A2=380001 A3=10FE52 A4=D08000 A5=10F300 A6=D0002C PC=C09370 -- C09370: tst.b   ($bfa,A5)
D0=0 D1=0 D2=120000 D3=0 D4=FF00FF D5=10000 D6=10000 D7=3F A0=10FDA6 A1=10FE01 A2=380001 A3=10FE52 A4=D08000 A5=10F300 A6=D0002C PC=C09374 -- C09374: bne     $c0937a
D0=0 D1=0 D2=120000 D3=0 D4=FF00FF D5=10000 D6=10000 D7=3F A0=10FDA6 A1=10FE01 A2=380001 A3=10FE52 A4=D08000 A5=10F300 A6=D0002C PC=C09376 -- C09376: tst.b   (A0)
D0=0 D1=0 D2=120000 D3=0 D4=FF00FF D5=10000 D6=10000 D7=3F A0=10FDA6 A1=10FE01 A2=380001 A3=10FE52 A4=D08000 A5=10F300 A6=D0002C PC=C09378 -- C09378: beq     $c09380
D0=0 D1=0 D2=120000 D3=0 D4=FF00FF D5=10000 D6=10000 D7=3F A0=10FDA6 A1=10FE01 A2=380001 A3=10FE52 A4=D08000 A5=10F300 A6=D0002C PC=C09380 -- C09380: jmp     $c186a6.l
D0=0 D1=0 D2=120000 D3=0 D4=FF00FF D5=10000 D6=10000 D7=3F A0=10FDA6 A1=10FE01 A2=380001 A3=10FE52 A4=D08000 A5=10F300 A6=D0002C PC=C186A6 -- C186A6: clr.b   ($1,A0)
D0=0 D1=0 D2=120000 D3=0 D4=FF00FF D5=10000 D6=10000 D7=3F A0=10FDA6 A1=10FE01 A2=380001 A3=10FE52 A4=D08000 A5=10F300 A6=D0002C PC=C186AA -- C186AA: clr.l   ($2,A0)
D0=0 D1=0 D2=120000 D3=0 D4=FF00FF D5=10000 D6=10000 D7=3F A0=10FDA6 A1=10FE01 A2=380001 A3=10FE52 A4=D08000 A5=10F300 A6=D0002C PC=C186AE -- C186AE: and.b   D7, D2
D0=0 D1=0 D2=120000 D3=0 D4=FF00FF D5=10000 D6=10000 D7=3F A0=10FDA6 A1=10FE01 A2=380001 A3=10FE52 A4=D08000 A5=10F300 A6=D0002C PC=C186B0 -- C186B0: and.b   D7, D3
D0=0 D1=0 D2=120000 D3=0 D4=FF00FF D5=10000 D6=10000 D7=3F A0=10FDA6 A1=10FE01 A2=380001 A3=10FE52 A4=D08000 A5=10F300 A6=D0002C PC=C186B2 -- C186B2: rts
D0=0 D1=0 D2=120000 D3=0 D4=FF00FF D5=10000 D6=10000 D7=3F A0=10FDA6 A1=10FE01 A2=380001 A3=10FE52 A4=D08000 A5=10F300 A6=D0002C PC=C18596 -- C18596: lea     ($a94,A5), A0
D0=0 D1=0 D2=120000 D3=0 D4=FF00FF D5=10000 D6=10000 D7=3F A0=10FD94 A1=10FE01 A2=380001 A3=10FE52 A4=D08000 A5=10F300 A6=D0002C PC=C1859A -- C1859A: moveq   #$1, D0
D0=1 D1=0 D2=120000 D3=0 D4=FF00FF D5=10000 D6=10000 D7=3F A0=10FD94 A1=10FE01 A2=380001 A3=10FE52 A4=D08000 A5=10F300 A6=D0002C PC=C1859C -- C1859C: jsr     ($90,PC) ; ($c1862e)
D0=1 D1=0 D2=120000 D3=0 D4=FF00FF D5=10000 D6=10000 D7=3F A0=10FD94 A1=10FE01 A2=380001 A3=10FE52 A4=D08000 A5=10F300 A6=D0002C PC=C1862E -- C1862E: cmpi.b  #$3, (A0)
D0=1 D1=0 D2=120000 D3=0 D4=FF00FF D5=10000 D6=10000 D7=3F A0=10FD94 A1=10FE01 A2=380001 A3=10FE52 A4=D08000 A5=10F300 A6=D0002C PC=C18632 -- C18632: bne     $c18654
D0=1 D1=0 D2=120000 D3=0 D4=FF00FF D5=10000 D6=10000 D7=3F A0=10FD94 A1=10FE01 A2=380001 A3=10FE52 A4=D08000 A5=10F300 A6=D0002C PC=C18654 -- C18654: rts
D0=1 D1=0 D2=120000 D3=0 D4=FF00FF D5=10000 D6=10000 D7=3F A0=10FD94 A1=10FE01 A2=380001 A3=10FE52 A4=D08000 A5=10F300 A6=D0002C PC=C185A0 -- C185A0: lea     ($a9a,A5), A0
D0=1 D1=0 D2=120000 D3=0 D4=FF00FF D5=10000 D6=10000 D7=3F A0=10FD9A A1=10FE01 A2=380001 A3=10FE52 A4=D08000 A5=10F300 A6=D0002C PC=C185A4 -- C185A4: moveq   #$3, D0
D0=3 D1=0 D2=120000 D3=0 D4=FF00FF D5=10000 D6=10000 D7=3F A0=10FD9A A1=10FE01 A2=380001 A3=10FE52 A4=D08000 A5=10F300 A6=D0002C PC=C185A6 -- C185A6: jsr     ($86,PC) ; ($c1862e)
D0=3 D1=0 D2=120000 D3=0 D4=FF00FF D5=10000 D6=10000 D7=3F A0=10FD9A A1=10FE01 A2=380001 A3=10FE52 A4=D08000 A5=10F300 A6=D0002C PC=C1862E -- C1862E: cmpi.b  #$3, (A0)
D0=3 D1=0 D2=120000 D3=0 D4=FF00FF D5=10000 D6=10000 D7=3F A0=10FD9A A1=10FE01 A2=380001 A3=10FE52 A4=D08000 A5=10F300 A6=D0002C PC=C18632 -- C18632: bne     $c18654
D0=3 D1=0 D2=120000 D3=0 D4=FF00FF D5=10000 D6=10000 D7=3F A0=10FD9A A1=10FE01 A2=380001 A3=10FE52 A4=D08000 A5=10F300 A6=D0002C PC=C18654 -- C18654: rts
D0=3 D1=0 D2=120000 D3=0 D4=FF00FF D5=10000 D6=10000 D7=3F A0=10FD9A A1=10FE01 A2=380001 A3=10FE52 A4=D08000 A5=10F300 A6=D0002C PC=C185AA -- C185AA: jmp     $c1b9c0.l
D0=3 D1=0 D2=120000 D3=0 D4=FF00FF D5=10000 D6=10000 D7=3F A0=10FD9A A1=10FE01 A2=380001 A3=10FE52 A4=D08000 A5=10F300 A6=D0002C PC=C1B9C0 -- C1B9C0: move.b  D2, ($bdc,A5)
D0=3 D1=0 D2=120000 D3=0 D4=FF00FF D5=10000 D6=10000 D7=3F A0=10FD9A A1=10FE01 A2=380001 A3=10FE52 A4=D08000 A5=10F300 A6=D0002C PC=C1B9C4 -- C1B9C4: move.b  D3, ($bdd,A5)
D0=3 D1=0 D2=120000 D3=0 D4=FF00FF D5=10000 D6=10000 D7=3F A0=10FD9A A1=10FE01 A2=380001 A3=10FE52 A4=D08000 A5=10F300 A6=D0002C PC=C1B9C8 -- C1B9C8: tst.b   $10fe8d.l
D0=3 D1=0 D2=120000 D3=0 D4=FF00FF D5=10000 D6=10000 D7=3F A0=10FD9A A1=10FE01 A2=380001 A3=10FE52 A4=D08000 A5=10F300 A6=D0002C PC=C1B9CE -- C1B9CE: bne     $c1b9d8
D0=3 D1=0 D2=120000 D3=0 D4=FF00FF D5=10000 D6=10000 D7=3F A0=10FD9A A1=10FE01 A2=380001 A3=10FE52 A4=D08000 A5=10F300 A6=D0002C PC=C1B9D0 -- C1B9D0: tst.b   $10fe32.l
D0=3 D1=0 D2=120000 D3=0 D4=FF00FF D5=10000 D6=10000 D7=3F A0=10FD9A A1=10FE01 A2=380001 A3=10FE52 A4=D08000 A5=10F300 A6=D0002C PC=C1B9D6 -- C1B9D6: bne     $c1b9e6
D0=3 D1=0 D2=120000 D3=0 D4=FF00FF D5=10000 D6=10000 D7=3F A0=10FD9A A1=10FE01 A2=380001 A3=10FE52 A4=D08000 A5=10F300 A6=D0002C PC=C1B9E6 -- C1B9E6: jmp     $c185b2.l
D0=3 D1=0 D2=120000 D3=0 D4=FF00FF D5=10000 D6=10000 D7=3F A0=10FD9A A1=10FE01 A2=380001 A3=10FE52 A4=D08000 A5=10F300 A6=D0002C PC=C185B2 -- C185B2: andi.b  #$55, D2
D0=3 D1=0 D2=120000 D3=0 D4=FF00FF D5=10000 D6=10000 D7=3F A0=10FD9A A1=10FE01 A2=380001 A3=10FE52 A4=D08000 A5=10F300 A6=D0002C PC=C185B6 -- C185B6: andi.b  #$55, D3
D0=3 D1=0 D2=120000 D3=0 D4=FF00FF D5=10000 D6=10000 D7=3F A0=10FD9A A1=10FE01 A2=380001 A3=10FE52 A4=D08000 A5=10F300 A6=D0002C PC=C185BA -- C185BA: move.b  D2, ($aac,A5)
D0=3 D1=0 D2=120000 D3=0 D4=FF00FF D5=10000 D6=10000 D7=3F A0=10FD9A A1=10FE01 A2=380001 A3=10FE52 A4=D08000 A5=10F300 A6=D0002C PC=C185BE -- C185BE: move.b  D3, ($aad,A5)
D0=3 D1=0 D2=120000 D3=0 D4=FF00FF D5=10000 D6=10000 D7=3F A0=10FD9A A1=10FE01 A2=380001 A3=10FE52 A4=D08000 A5=10F300 A6=D0002C PC=C185C2 -- C185C2: move.b  #$0, $380001.l
D0=3 D1=0 D2=120000 D3=0 D4=FF00FF D5=10000 D6=10000 D7=3F A0=10FD9A A1=10FE01 A2=380001 A3=10FE52 A4=D08000 A5=10F300 A6=D0002C PC=C185CA -- C185CA: lea     ($a94,A5), A0
D0=3 D1=0 D2=120000 D3=0 D4=FF00FF D5=10000 D6=10000 D7=3F A0=10FD94 A1=10FE01 A2=380001 A3=10FE52 A4=D08000 A5=10F300 A6=D0002C PC=C185CE -- C185CE: lea     ($be8,A5), A1
D0=3 D1=0 D2=120000 D3=0 D4=FF00FF D5=10000 D6=10000 D7=3F A0=10FD94 A1=10FEE8 A2=380001 A3=10FE52 A4=D08000 A5=10F300 A6=D0002C PC=C185D2 -- C185D2: jsr     ($a,PC) ; ($c185de)
D0=3 D1=0 D2=120000 D3=0 D4=FF00FF D5=10000 D6=10000 D7=3F A0=10FD94 A1=10FEE8 A2=380001 A3=10FE52 A4=D08000 A5=10F300 A6=D0002C PC=C185DE -- C185DE: cmpi.b  #$3, (A0)
D0=3 D1=0 D2=120000 D3=0 D4=FF00FF D5=10000 D6=10000 D7=3F A0=10FD94 A1=10FEE8 A2=380001 A3=10FE52 A4=D08000 A5=10F300 A6=D0002C PC=C185E2 -- C185E2: beq     $c185ee
D0=3 D1=0 D2=120000 D3=0 D4=FF00FF D5=10000 D6=10000 D7=3F A0=10FD94 A1=10FEE8 A2=380001 A3=10FE52 A4=D08000 A5=10F300 A6=D0002C PC=C185E4 -- C185E4: move.l  (A0), (A1)
D0=3 D1=0 D2=120000 D3=0 D4=FF00FF D5=10000 D6=10000 D7=3F A0=10FD94 A1=10FEE8 A2=380001 A3=10FE52 A4=D08000 A5=10F300 A6=D0002C PC=C185E6 -- C185E6: move.w  ($4,A0), ($4,A1)
D0=3 D1=0 D2=120000 D3=0 D4=FF00FF D5=10000 D6=10000 D7=3F A0=10FD94 A1=10FEE8 A2=380001 A3=10FE52 A4=D08000 A5=10F300 A6=D0002C PC=C185EC -- C185EC: rts
D0=3 D1=0 D2=120000 D3=0 D4=FF00FF D5=10000 D6=10000 D7=3F A0=10FD94 A1=10FEE8 A2=380001 A3=10FE52 A4=D08000 A5=10F300 A6=D0002C PC=C185D6 -- C185D6: lea     ($a9a,A5), A0
D0=3 D1=0 D2=120000 D3=0 D4=FF00FF D5=10000 D6=10000 D7=3F A0=10FD9A A1=10FEE8 A2=380001 A3=10FE52 A4=D08000 A5=10F300 A6=D0002C PC=C185DA -- C185DA: lea     ($bee,A5), A1
D0=3 D1=0 D2=120000 D3=0 D4=FF00FF D5=10000 D6=10000 D7=3F A0=10FD9A A1=10FEEE A2=380001 A3=10FE52 A4=D08000 A5=10F300 A6=D0002C PC=C185DE -- C185DE: cmpi.b  #$3, (A0)
D0=3 D1=0 D2=120000 D3=0 D4=FF00FF D5=10000 D6=10000 D7=3F A0=10FD9A A1=10FEEE A2=380001 A3=10FE52 A4=D08000 A5=10F300 A6=D0002C PC=C185E2 -- C185E2: beq     $c185ee
D0=3 D1=0 D2=120000 D3=0 D4=FF00FF D5=10000 D6=10000 D7=3F A0=10FD9A A1=10FEEE A2=380001 A3=10FE52 A4=D08000 A5=10F300 A6=D0002C PC=C185E4 -- C185E4: move.l  (A0), (A1)
D0=3 D1=0 D2=120000 D3=0 D4=FF00FF D5=10000 D6=10000 D7=3F A0=10FD9A A1=10FEEE A2=380001 A3=10FE52 A4=D08000 A5=10F300 A6=D0002C PC=C185E6 -- C185E6: move.w  ($4,A0), ($4,A1)
D0=3 D1=0 D2=120000 D3=0 D4=FF00FF D5=10000 D6=10000 D7=3F A0=10FD9A A1=10FEEE A2=380001 A3=10FE52 A4=D08000 A5=10F300 A6=D0002C PC=C185EC -- C185EC: rts
D0=3 D1=0 D2=120000 D3=0 D4=FF00FF D5=10000 D6=10000 D7=3F A0=10FD9A A1=10FEEE A2=380001 A3=10FE52 A4=D08000 A5=10F300 A6=D0002C PC=C1168C -- C1168C: tst.w   $c116c6.l
D0=3 D1=0 D2=120000 D3=0 D4=FF00FF D5=10000 D6=10000 D7=3F A0=10FD9A A1=10FEEE A2=380001 A3=10FE52 A4=D08000 A5=10F300 A6=D0002C PC=C11692 -- C11692: bne     $c11696
D0=3 D1=0 D2=120000 D3=0 D4=FF00FF D5=10000 D6=10000 D7=3F A0=10FD9A A1=10FEEE A2=380001 A3=10FE52 A4=D08000 A5=10F300 A6=D0002C PC=C11696 -- C11696: tst.b   ($be1,A5)
D0=3 D1=0 D2=120000 D3=0 D4=FF00FF D5=10000 D6=10000 D7=3F A0=10FD9A A1=10FEEE A2=380001 A3=10FE52 A4=D08000 A5=10F300 A6=D0002C PC=C1169A -- C1169A: bmi     $c116b2
D0=3 D1=0 D2=120000 D3=0 D4=FF00FF D5=10000 D6=10000 D7=3F A0=10FD9A A1=10FEEE A2=380001 A3=10FE52 A4=D08000 A5=10F300 A6=D0002C PC=C1169C -- C1169C: beq     $c116a4
D0=3 D1=0 D2=120000 D3=0 D4=FF00FF D5=10000 D6=10000 D7=3F A0=10FD9A A1=10FEEE A2=380001 A3=10FE52 A4=D08000 A5=10F300 A6=D0002C PC=C116A4 -- C116A4: tst.b   ($a80,A5)
D0=3 D1=0 D2=120000 D3=0 D4=FF00FF D5=10000 D6=10000 D7=3F A0=10FD9A A1=10FEEE A2=380001 A3=10FE52 A4=D08000 A5=10F300 A6=D0002C PC=C116A8 -- C116A8: bpl     $c116b2
D0=3 D1=0 D2=120000 D3=0 D4=FF00FF D5=10000 D6=10000 D7=3F A0=10FD9A A1=10FEEE A2=380001 A3=10FE52 A4=D08000 A5=10F300 A6=D0002C PC=C116AA -- C116AA: jsr     ($1c,PC) ; ($c116c8)
D0=3 D1=0 D2=120000 D3=0 D4=FF00FF D5=10000 D6=10000 D7=3F A0=10FD9A A1=10FEEE A2=380001 A3=10FE52 A4=D08000 A5=10F300 A6=D0002C PC=C116C8 -- C116C8: tst.b   ($aaf,A5)
D0=3 D1=0 D2=120000 D3=0 D4=FF00FF D5=10000 D6=10000 D7=3F A0=10FD9A A1=10FEEE A2=380001 A3=10FE52 A4=D08000 A5=10F300 A6=D0002C PC=C116CC -- C116CC: beq     $c11778
D0=3 D1=0 D2=120000 D3=0 D4=FF00FF D5=10000 D6=10000 D7=3F A0=10FD9A A1=10FEEE A2=380001 A3=10FE52 A4=D08000 A5=10F300 A6=D0002C PC=C116D0 -- C116D0: moveq   #$0, D0
D0=0 D1=0 D2=120000 D3=0 D4=FF00FF D5=10000 D6=10000 D7=3F A0=10FD9A A1=10FEEE A2=380001 A3=10FE52 A4=D08000 A5=10F300 A6=D0002C PC=C116D2 -- C116D2: move.b  ($aad,A5), D1
D0=0 D1=0 D2=120000 D3=0 D4=FF00FF D5=10000 D6=10000 D7=3F A0=10FD9A A1=10FEEE A2=380001 A3=10FE52 A4=D08000 A5=10F300 A6=D0002C PC=C116D6 -- C116D6: moveq   #$3, D7
D0=0 D1=0 D2=120000 D3=0 D4=FF00FF D5=10000 D6=10000 D7=3 A0=10FD9A A1=10FEEE A2=380001 A3=10FE52 A4=D08000 A5=10F300 A6=D0002C PC=C116D8 -- C116D8: jmp     $c1bd10.l
D0=0 D1=0 D2=120000 D3=0 D4=FF00FF D5=10000 D6=10000 D7=3 A0=10FD9A A1=10FEEE A2=380001 A3=10FE52 A4=D08000 A5=10F300 A6=D0002C PC=C1BD10 -- C1BD10: add.b   D1, D1
D0=0 D1=0 D2=120000 D3=0 D4=FF00FF D5=10000 D6=10000 D7=3 A0=10FD9A A1=10FEEE A2=380001 A3=10FE52 A4=D08000 A5=10F300 A6=D0002C PC=C1BD12 -- C1BD12: add.b   D1, D1
D0=0 D1=0 D2=120000 D3=0 D4=FF00FF D5=10000 D6=10000 D7=3 A0=10FD9A A1=10FEEE A2=380001 A3=10FE52 A4=D08000 A5=10F300 A6=D0002C PC=C1BD14 -- C1BD14: addx.b  D0, D0
D0=0 D1=0 D2=120000 D3=0 D4=FF00FF D5=10000 D6=10000 D7=3 A0=10FD9A A1=10FEEE A2=380001 A3=10FE52 A4=D08000 A5=10F300 A6=D0002C PC=C1BD16 -- C1BD16: dbra    D7, $c1bd10
D0=0 D1=0 D2=120000 D3=0 D4=FF00FF D5=10000 D6=10000 D7=2 A0=10FD9A A1=10FEEE A2=380001 A3=10FE52 A4=D08000 A5=10F300 A6=D0002C PC=C1BD10 -- C1BD10: add.b   D1, D1
D0=0 D1=0 D2=120000 D3=0 D4=FF00FF D5=10000 D6=10000 D7=2 A0=10FD9A A1=10FEEE A2=380001 A3=10FE52 A4=D08000 A5=10F300 A6=D0002C PC=C1BD12 -- C1BD12: add.b   D1, D1
D0=0 D1=0 D2=120000 D3=0 D4=FF00FF D5=10000 D6=10000 D7=2 A0=10FD9A A1=10FEEE A2=380001 A3=10FE52 A4=D08000 A5=10F300 A6=D0002C PC=C1BD14 -- C1BD14: addx.b  D0, D0
D0=0 D1=0 D2=120000 D3=0 D4=FF00FF D5=10000 D6=10000 D7=2 A0=10FD9A A1=10FEEE A2=380001 A3=10FE52 A4=D08000 A5=10F300 A6=D0002C PC=C1BD16 -- C1BD16: dbra    D7, $c1bd10

   (loops for 8 instructions)

D0=0 D1=0 D2=120000 D3=0 D4=FF00FF D5=10000 D6=10000 D7=FFFF A0=10FD9A A1=10FEEE A2=380001 A3=10FE52 A4=D08000 A5=10F300 A6=D0002C PC=C1BD1A -- C1BD1A: tst.b   ($a82,A5)
D0=0 D1=0 D2=120000 D3=0 D4=FF00FF D5=10000 D6=10000 D7=FFFF A0=10FD9A A1=10FEEE A2=380001 A3=10FE52 A4=D08000 A5=10F300 A6=D0002C PC=C1BD1E -- C1BD1E: beq     $c1bd26
D0=0 D1=0 D2=120000 D3=0 D4=FF00FF D5=10000 D6=10000 D7=FFFF A0=10FD9A A1=10FEEE A2=380001 A3=10FE52 A4=D08000 A5=10F300 A6=D0002C PC=C1BD20 -- C1BD20: jmp     $c116e2.l
D0=0 D1=0 D2=120000 D3=0 D4=FF00FF D5=10000 D6=10000 D7=FFFF A0=10FD9A A1=10FEEE A2=380001 A3=10FE52 A4=D08000 A5=10F300 A6=D0002C PC=C116E2 -- C116E2: tst.b   D0
D0=0 D1=0 D2=120000 D3=0 D4=FF00FF D5=10000 D6=10000 D7=FFFF A0=10FD9A A1=10FEEE A2=380001 A3=10FE52 A4=D08000 A5=10F300 A6=D0002C PC=C116E4 -- C116E4: bne     $c1173a
D0=0 D1=0 D2=120000 D3=0 D4=FF00FF D5=10000 D6=10000 D7=FFFF A0=10FD9A A1=10FEEE A2=380001 A3=10FE52 A4=D08000 A5=10F300 A6=D0002C PC=C116E6 -- C116E6: cmpi.b  #$1, ($aaf,A5)
D0=0 D1=0 D2=120000 D3=0 D4=FF00FF D5=10000 D6=10000 D7=FFFF A0=10FD9A A1=10FEEE A2=380001 A3=10FE52 A4=D08000 A5=10F300 A6=D0002C PC=C116EC -- C116EC: bne     $c11778
D0=0 D1=0 D2=120000 D3=0 D4=FF00FF D5=10000 D6=10000 D7=FFFF A0=10FD9A A1=10FEEE A2=380001 A3=10FE52 A4=D08000 A5=10F300 A6=D0002C PC=C11778 -- C11778: rts
D0=0 D1=0 D2=120000 D3=0 D4=FF00FF D5=10000 D6=10000 D7=FFFF A0=10FD9A A1=10FEEE A2=380001 A3=10FE52 A4=D08000 A5=10F300 A6=D0002C PC=C116AE -- C116AE: jsr     ($18c,PC) ; ($c1183c)
D0=0 D1=0 D2=120000 D3=0 D4=FF00FF D5=10000 D6=10000 D7=FFFF A0=10FD9A A1=10FEEE A2=380001 A3=10FE52 A4=D08000 A5=10F300 A6=D0002C PC=C1183C -- C1183C: jmp     $c1bd68.l
D0=0 D1=0 D2=120000 D3=0 D4=FF00FF D5=10000 D6=10000 D7=FFFF A0=10FD9A A1=10FEEE A2=380001 A3=10FE52 A4=D08000 A5=10F300 A6=D0002C PC=C1BD68 -- C1BD68: btst    #$2, $10fe35.l
D0=0 D1=0 D2=120000 D3=0 D4=FF00FF D5=10000 D6=10000 D7=FFFF A0=10FD9A A1=10FEEE A2=380001 A3=10FE52 A4=D08000 A5=10F300 A6=D0002C PC=C1BD70 -- C1BD70: beq     $c1bd78
D0=0 D1=0 D2=120000 D3=0 D4=FF00FF D5=10000 D6=10000 D7=FFFF A0=10FD9A A1=10FEEE A2=380001 A3=10FE52 A4=D08000 A5=10F300 A6=D0002C PC=C1BD78 -- C1BD78: tst.b   ($bbb,A5)
D0=0 D1=0 D2=120000 D3=0 D4=FF00FF D5=10000 D6=10000 D7=FFFF A0=10FD9A A1=10FEEE A2=380001 A3=10FE52 A4=D08000 A5=10F300 A6=D0002C PC=C1BD7C -- C1BD7C: bne     $c1bd86
D0=0 D1=0 D2=120000 D3=0 D4=FF00FF D5=10000 D6=10000 D7=FFFF A0=10FD9A A1=10FEEE A2=380001 A3=10FE52 A4=D08000 A5=10F300 A6=D0002C PC=C1BD7E -- C1BD7E: move.b  #$ff, $380031.l
D0=0 D1=0 D2=120000 D3=0 D4=FF00FF D5=10000 D6=10000 D7=FFFF A0=10FD9A A1=10FEEE A2=380001 A3=10FE52 A4=D08000 A5=10F300 A6=D0002C PC=C1BD86 -- C1BD86: jmp     $c1184a.l
D0=0 D1=0 D2=120000 D3=0 D4=FF00FF D5=10000 D6=10000 D7=FFFF A0=10FD9A A1=10FEEE A2=380001 A3=10FE52 A4=D08000 A5=10F300 A6=D0002C PC=C1184A -- C1184A: tst.b   ($be1,A5)
D0=0 D1=0 D2=120000 D3=0 D4=FF00FF D5=10000 D6=10000 D7=FFFF A0=10FD9A A1=10FEEE A2=380001 A3=10FE52 A4=D08000 A5=10F300 A6=D0002C PC=C1184E -- C1184E: bne     $c118c8
D0=0 D1=0 D2=120000 D3=0 D4=FF00FF D5=10000 D6=10000 D7=FFFF A0=10FD9A A1=10FEEE A2=380001 A3=10FE52 A4=D08000 A5=10F300 A6=D0002C PC=C11852 -- C11852: move.b  ($aaf,A5), D0
D0=2 D1=0 D2=120000 D3=0 D4=FF00FF D5=10000 D6=10000 D7=FFFF A0=10FD9A A1=10FEEE A2=380001 A3=10FE52 A4=D08000 A5=10F300 A6=D0002C PC=C11856 -- C11856: cmpi.b  #$1, D0
D0=2 D1=0 D2=120000 D3=0 D4=FF00FF D5=10000 D6=10000 D7=FFFF A0=10FD9A A1=10FEEE A2=380001 A3=10FE52 A4=D08000 A5=10F300 A6=D0002C PC=C1185A -- C1185A: bne     $c118c8
D0=2 D1=0 D2=120000 D3=0 D4=FF00FF D5=10000 D6=10000 D7=FFFF A0=10FD9A A1=10FEEE A2=380001 A3=10FE52 A4=D08000 A5=10F300 A6=D0002C PC=C118C8 -- C118C8: rts
D0=2 D1=0 D2=120000 D3=0 D4=FF00FF D5=10000 D6=10000 D7=FFFF A0=10FD9A A1=10FEEE A2=380001 A3=10FE52 A4=D08000 A5=10F300 A6=D0002C PC=C116B2 -- C116B2: tst.b   ($a82,A5)
D0=2 D1=0 D2=120000 D3=0 D4=FF00FF D5=10000 D6=10000 D7=FFFF A0=10FD9A A1=10FEEE A2=380001 A3=10FE52 A4=D08000 A5=10F300 A6=D0002C PC=C116B6 -- C116B6: beq     $c116c4
D0=2 D1=0 D2=120000 D3=0 D4=FF00FF D5=10000 D6=10000 D7=FFFF A0=10FD9A A1=10FEEE A2=380001 A3=10FE52 A4=D08000 A5=10F300 A6=D0002C PC=C116B8 -- C116B8: cmpi.b  #$2, ($aaf,A5)
D0=2 D1=0 D2=120000 D3=0 D4=FF00FF D5=10000 D6=10000 D7=FFFF A0=10FD9A A1=10FEEE A2=380001 A3=10FE52 A4=D08000 A5=10F300 A6=D0002C PC=C116BE -- C116BE: bne     $c116c4
D0=2 D1=0 D2=120000 D3=0 D4=FF00FF D5=10000 D6=10000 D7=FFFF A0=10FD9A A1=10FEEE A2=380001 A3=10FE52 A4=D08000 A5=10F300 A6=D0002C PC=C116C0 -- C116C0: jsr     ($1524,PC) ; ($c12be6)
D0=2 D1=0 D2=120000 D3=0 D4=FF00FF D5=10000 D6=10000 D7=FFFF A0=10FD9A A1=10FEEE A2=380001 A3=10FE52 A4=D08000 A5=10F300 A6=D0002C PC=C12BE6 -- C12BE6: move.b  D0, $3a001d.l
D0=2 D1=0 D2=120000 D3=0 D4=FF00FF D5=10000 D6=10000 D7=FFFF A0=10FD9A A1=10FEEE A2=380001 A3=10FE52 A4=D08000 A5=10F300 A6=D0002C PC=C12BEC -- C12BEC: lea     $d08000.l, A4
D0=2 D1=0 D2=120000 D3=0 D4=FF00FF D5=10000 D6=10000 D7=FFFF A0=10FD9A A1=10FEEE A2=380001 A3=10FE52 A4=D08000 A5=10F300 A6=D0002C PC=C12BF2 -- C12BF2: lea     $10f300.l, A5
D0=2 D1=0 D2=120000 D3=0 D4=FF00FF D5=10000 D6=10000 D7=FFFF A0=10FD9A A1=10FEEE A2=380001 A3=10FE52 A4=D08000 A5=10F300 A6=D0002C PC=C12BF8 -- C12BF8: cmpi.b  #$1, ($aba,A5)
D0=2 D1=0 D2=120000 D3=0 D4=FF00FF D5=10000 D6=10000 D7=FFFF A0=10FD9A A1=10FEEE A2=380001 A3=10FE52 A4=D08000 A5=10F300 A6=D0002C PC=C12BFE -- C12BFE: beq     $c12c08
D0=2 D1=0 D2=120000 D3=0 D4=FF00FF D5=10000 D6=10000 D7=FFFF A0=10FD9A A1=10FEEE A2=380001 A3=10FE52 A4=D08000 A5=10F300 A6=D0002C PC=C12C08 -- C12C08: subq.b  #1, (-$7fb4,A4)
D0=2 D1=0 D2=120000 D3=0 D4=FF00FF D5=10000 D6=10000 D7=FFFF A0=10FD9A A1=10FEEE A2=380001 A3=10FE52 A4=D08000 A5=10F300 A6=D0002C PC=C12C0C -- C12C0C: bpl     $c12c18
D0=2 D1=0 D2=120000 D3=0 D4=FF00FF D5=10000 D6=10000 D7=FFFF A0=10FD9A A1=10FEEE A2=380001 A3=10FE52 A4=D08000 A5=10F300 A6=D0002C PC=C12C18 -- C12C18: move.l  ($ab6,A5), ($aba,A5)
D0=2 D1=0 D2=120000 D3=0 D4=FF00FF D5=10000 D6=10000 D7=FFFF A0=10FD9A A1=10FEEE A2=380001 A3=10FE52 A4=D08000 A5=10F300 A6=D0002C PC=C12C1E -- C12C1E: jsr     (-$a5a,PC) ; ($c121c6)
D0=2 D1=0 D2=120000 D3=0 D4=FF00FF D5=10000 D6=10000 D7=FFFF A0=10FD9A A1=10FEEE A2=380001 A3=10FE52 A4=D08000 A5=10F300 A6=D0002C PC=C121C6 -- C121C6: tst.b   $10febf.l
D0=2 D1=0 D2=120000 D3=0 D4=FF00FF D5=10000 D6=10000 D7=FFFF A0=10FD9A A1=10FEEE A2=380001 A3=10FE52 A4=D08000 A5=10F300 A6=D0002C PC=C121CC -- C121CC: bne     $c121d4
D0=2 D1=0 D2=120000 D3=0 D4=FF00FF D5=10000 D6=10000 D7=FFFF A0=10FD9A A1=10FEEE A2=380001 A3=10FE52 A4=D08000 A5=10F300 A6=D0002C PC=C121CE -- C121CE: move.b  D0, $3a000d.l
D0=2 D1=0 D2=120000 D3=0 D4=FF00FF D5=10000 D6=10000 D7=FFFF A0=10FD9A A1=10FEEE A2=380001 A3=10FE52 A4=D08000 A5=10F300 A6=D0002C PC=C121D4 -- C121D4: rts
D0=2 D1=0 D2=120000 D3=0 D4=FF00FF D5=10000 D6=10000 D7=FFFF A0=10FD9A A1=10FEEE A2=380001 A3=10FE52 A4=D08000 A5=10F300 A6=D0002C PC=C12C22 -- C12C22: rts
D0=2 D1=0 D2=120000 D3=0 D4=FF00FF D5=10000 D6=10000 D7=FFFF A0=10FD9A A1=10FEEE A2=380001 A3=10FE52 A4=D08000 A5=10F300 A6=D0002C PC=C116C4 -- C116C4: rts
D0=2 D1=0 D2=120000 D3=0 D4=FF00FF D5=10000 D6=10000 D7=FFFF A0=10FD9A A1=10FEEE A2=380001 A3=10FE52 A4=D08000 A5=10F300 A6=D0002C PC=32BF4 -- 032BF4: lea     $108000.l, A5
D0=2 D1=0 D2=120000 D3=0 D4=FF00FF D5=10000 D6=10000 D7=FFFF A0=10FD9A A1=10FEEE A2=380001 A3=10FE52 A4=D08000 A5=108000 A6=D0002C PC=32BFA -- 032BFA: jsr     $4abc0.l
D0=2 D1=0 D2=120000 D3=0 D4=FF00FF D5=10000 D6=10000 D7=FFFF A0=10FD9A A1=10FEEE A2=380001 A3=10FE52 A4=D08000 A5=108000 A6=D0002C PC=4ABC0 -- 04ABC0: btst    #$0, (-$7fff,A5)
D0=2 D1=0 D2=120000 D3=0 D4=FF00FF D5=10000 D6=10000 D7=FFFF A0=10FD9A A1=10FEEE A2=380001 A3=10FE52 A4=D08000 A5=108000 A6=D0002C PC=4ABC6 -- 04ABC6: bne     $4abd6
D0=2 D1=0 D2=120000 D3=0 D4=FF00FF D5=10000 D6=10000 D7=FFFF A0=10FD9A A1=10FEEE A2=380001 A3=10FE52 A4=D08000 A5=108000 A6=D0002C PC=4ABCA -- 04ABCA: tst.b   ($569a,A5)
D0=2 D1=0 D2=120000 D3=0 D4=FF00FF D5=10000 D6=10000 D7=FFFF A0=10FD9A A1=10FEEE A2=380001 A3=10FE52 A4=D08000 A5=108000 A6=D0002C PC=4ABCE -- 04ABCE: bmi     $4ade6
D0=2 D1=0 D2=120000 D3=0 D4=FF00FF D5=10000 D6=10000 D7=FFFF A0=10FD9A A1=10FEEE A2=380001 A3=10FE52 A4=D08000 A5=108000 A6=D0002C PC=4ABD2 -- 04ABD2: bra     $4adf0
D0=2 D1=0 D2=120000 D3=0 D4=FF00FF D5=10000 D6=10000 D7=FFFF A0=10FD9A A1=10FEEE A2=380001 A3=10FE52 A4=D08000 A5=108000 A6=D0002C PC=4ADF0 -- 04ADF0: rts
D0=2 D1=0 D2=120000 D3=0 D4=FF00FF D5=10000 D6=10000 D7=FFFF A0=10FD9A A1=10FEEE A2=380001 A3=10FE52 A4=D08000 A5=108000 A6=D0002C PC=32C00 -- 032C00: jsr     $4b3a6.l
D0=2 D1=0 D2=120000 D3=0 D4=FF00FF D5=10000 D6=10000 D7=FFFF A0=10FD9A A1=10FEEE A2=380001 A3=10FE52 A4=D08000 A5=108000 A6=D0002C PC=4B3A6 -- 04B3A6: tst.w   ($569c,A5)
D0=2 D1=0 D2=120000 D3=0 D4=FF00FF D5=10000 D6=10000 D7=FFFF A0=10FD9A A1=10FEEE A2=380001 A3=10FE52 A4=D08000 A5=108000 A6=D0002C PC=4B3AA -- 04B3AA: bne     $4b3b4
D0=2 D1=0 D2=120000 D3=0 D4=FF00FF D5=10000 D6=10000 D7=FFFF A0=10FD9A A1=10FEEE A2=380001 A3=10FE52 A4=D08000 A5=108000 A6=D0002C PC=4B3AE -- 04B3AE: clr.w   ($569e,A5)
D0=2 D1=0 D2=120000 D3=0 D4=FF00FF D5=10000 D6=10000 D7=FFFF A0=10FD9A A1=10FEEE A2=380001 A3=10FE52 A4=D08000 A5=108000 A6=D0002C PC=4B3B2 -- 04B3B2: rts
D0=2 D1=0 D2=120000 D3=0 D4=FF00FF D5=10000 D6=10000 D7=FFFF A0=10FD9A A1=10FEEE A2=380001 A3=10FE52 A4=D08000 A5=108000 A6=D0002C PC=32C06 -- 032C06: move.b  #$1, ($784,A5)
D0=2 D1=0 D2=120000 D3=0 D4=FF00FF D5=10000 D6=10000 D7=FFFF A0=10FD9A A1=10FEEE A2=380001 A3=10FE52 A4=D08000 A5=108000 A6=D0002C PC=32C0C -- 032C0C: bsr     $32e40
D0=2 D1=0 D2=120000 D3=0 D4=FF00FF D5=10000 D6=10000 D7=FFFF A0=10FD9A A1=10FEEE A2=380001 A3=10FE52 A4=D08000 A5=108000 A6=D0002C PC=32E40 -- 032E40: btst    #$7, (-$8000,A5)
D0=2 D1=0 D2=120000 D3=0 D4=FF00FF D5=10000 D6=10000 D7=FFFF A0=10FD9A A1=10FEEE A2=380001 A3=10FE52 A4=D08000 A5=108000 A6=D0002C PC=32E46 -- 032E46: bne     $32e6a
D0=2 D1=0 D2=120000 D3=0 D4=FF00FF D5=10000 D6=10000 D7=FFFF A0=10FD9A A1=10FEEE A2=380001 A3=10FE52 A4=D08000 A5=108000 A6=D0002C PC=32E4A -- 032E4A: tst.b   $10fd82.l
D0=2 D1=0 D2=120000 D3=0 D4=FF00FF D5=10000 D6=10000 D7=FFFF A0=10FD9A A1=10FEEE A2=380001 A3=10FE52 A4=D08000 A5=108000 A6=D0002C PC=32E50 -- 032E50: bne     $32ea4
D0=2 D1=0 D2=120000 D3=0 D4=FF00FF D5=10000 D6=10000 D7=FFFF A0=10FD9A A1=10FEEE A2=380001 A3=10FE52 A4=D08000 A5=108000 A6=D0002C PC=32EA4 -- 032EA4: rts
D0=2 D1=0 D2=120000 D3=0 D4=FF00FF D5=10000 D6=10000 D7=FFFF A0=10FD9A A1=10FEEE A2=380001 A3=10FE52 A4=D08000 A5=108000 A6=D0002C PC=32C10 -- 032C10: tst.b   ($786,A5)
D0=2 D1=0 D2=120000 D3=0 D4=FF00FF D5=10000 D6=10000 D7=FFFF A0=10FD9A A1=10FEEE A2=380001 A3=10FE52 A4=D08000 A5=108000 A6=D0002C PC=32C14 -- 032C14: bpl     $32c1e
D0=2 D1=0 D2=120000 D3=0 D4=FF00FF D5=10000 D6=10000 D7=FFFF A0=10FD9A A1=10FEEE A2=380001 A3=10FE52 A4=D08000 A5=108000 A6=D0002C PC=32C1E -- 032C1E: move.w  ($3a6a,A5), $3c0008.l
D0=2 D1=0 D2=120000 D3=0 D4=FF00FF D5=10000 D6=10000 D7=FFFF A0=10FD9A A1=10FEEE A2=380001 A3=10FE52 A4=D08000 A5=108000 A6=D0002C PC=32C26 -- 032C26: move.w  ($3a6c,A5), $3c000a.l
D0=2 D1=0 D2=120000 D3=0 D4=FF00FF D5=10000 D6=10000 D7=FFFF A0=10FD9A A1=10FEEE A2=380001 A3=10FE52 A4=D08000 A5=108000 A6=D0002C PC=32C2E -- 032C2E: move.w  #$e0, ($3a68,A5)
D0=2 D1=0 D2=120000 D3=0 D4=FF00FF D5=10000 D6=10000 D7=FFFF A0=10FD9A A1=10FEEE A2=380001 A3=10FE52 A4=D08000 A5=108000 A6=D0002C PC=32C34 -- 032C34: movem.l (A7)+, D0-D7/A0-A6
D0=20006D D1=DF90 D2=0 D3=FFFF D4=10405140 D5=84418545 D6=84418545 D7=FFFF A0=108932 A1=108300 A2=F703C A3=108FAA A4=30F104A A5=108000 A6=108E3C PC=32C38 -- 032C38: rte
D0=20006D D1=DF90 D2=0 D3=FFFF D4=10405140 D5=84418545 D6=84418545 D7=FFFF A0=108932 A1=108300 A2=F703C A3=108FAA A4=30F104A A5=108000 A6=108E3C PC=32EB0 -- 032EB0: tst.b   $10fd82.l
D0=20006D D1=DF90 D2=0 D3=FFFF D4=10405140 D5=84418545 D6=84418545 D7=FFFF A0=108932 A1=108300 A2=F703C A3=108FAA A4=30F104A A5=108000 A6=108E3C PC=32EB6 -- 032EB6: bne     $32f16
D0=20006D D1=DF90 D2=0 D3=FFFF D4=10405140 D5=84418545 D6=84418545 D7=FFFF A0=108932 A1=108300 A2=F703C A3=108FAA A4=30F104A A5=108000 A6=108E3C PC=32F16 -- 032F16: rts
D0=20006D D1=DF90 D2=0 D3=FFFF D4=10405140 D5=84418545 D6=84418545 D7=FFFF A0=108932 A1=108300 A2=F703C A3=108FAA A4=30F104A A5=108000 A6=108E3C PC=329D6 -- 0329D6: nop
D0=20006D D1=DF90 D2=0 D3=FFFF D4=10405140 D5=84418545 D6=84418545 D7=FFFF A0=108932 A1=108300 A2=F703C A3=108FAA A4=30F104A A5=108000 A6=108E3C PC=329D8 -- 0329D8: tst.b   ($784,A5)
D0=20006D D1=DF90 D2=0 D3=FFFF D4=10405140 D5=84418545 D6=84418545 D7=FFFF A0=108932 A1=108300 A2=F703C A3=108FAA A4=30F104A A5=108000 A6=108E3C PC=329DC -- 0329DC: beq     $329d2
D0=20006D D1=DF90 D2=0 D3=FFFF D4=10405140 D5=84418545 D6=84418545 D7=FFFF A0=108932 A1=108300 A2=F703C A3=108FAA A4=30F104A A5=108000 A6=108E3C PC=329DE -- 0329DE: bsr     $32c8a
D0=20006D D1=DF90 D2=0 D3=FFFF D4=10405140 D5=84418545 D6=84418545 D7=FFFF A0=108932 A1=108300 A2=F703C A3=108FAA A4=30F104A A5=108000 A6=108E3C PC=32C8A -- 032C8A: move.b  $300000.l, D0
D0=2000FF D1=DF90 D2=0 D3=FFFF D4=10405140 D5=84418545 D6=84418545 D7=FFFF A0=108932 A1=108300 A2=F703C A3=108FAA A4=30F104A A5=108000 A6=108E3C PC=32C90 -- 032C90: move.b  $340000.l, D3
D0=2000FF D1=DF90 D2=0 D3=FFFF D4=10405140 D5=84418545 D6=84418545 D7=FFFF A0=108932 A1=108300 A2=F703C A3=108FAA A4=30F104A A5=108000 A6=108E3C PC=32C96 -- 032C96: not.b   D0
D0=200000 D1=DF90 D2=0 D3=FFFF D4=10405140 D5=84418545 D6=84418545 D7=FFFF A0=108932 A1=108300 A2=F703C A3=108FAA A4=30F104A A5=108000 A6=108E3C PC=32C98 -- 032C98: move.b  ($39c4,A5), D1
D0=200000 D1=DF00 D2=0 D3=FFFF D4=10405140 D5=84418545 D6=84418545 D7=FFFF A0=108932 A1=108300 A2=F703C A3=108FAA A4=30F104A A5=108000 A6=108E3C PC=32C9C -- 032C9C: move.b  D0, ($39c4,A5)
D0=200000 D1=DF00 D2=0 D3=FFFF D4=10405140 D5=84418545 D6=84418545 D7=FFFF A0=108932 A1=108300 A2=F703C A3=108FAA A4=30F104A A5=108000 A6=108E3C PC=32CA0 -- 032CA0: move.b  D1, ($39c7,A5)
D0=200000 D1=DF00 D2=0 D3=FFFF D4=10405140 D5=84418545 D6=84418545 D7=FFFF A0=108932 A1=108300 A2=F703C A3=108FAA A4=30F104A A5=108000 A6=108E3C PC=32CA4 -- 032CA4: move.b  D1, D2
D0=200000 D1=DF00 D2=0 D3=FFFF D4=10405140 D5=84418545 D6=84418545 D7=FFFF A0=108932 A1=108300 A2=F703C A3=108FAA A4=30F104A A5=108000 A6=108E3C PC=32CA6 -- 032CA6: and.b   D0, D1
D0=200000 D1=DF00 D2=0 D3=FFFF D4=10405140 D5=84418545 D6=84418545 D7=FFFF A0=108932 A1=108300 A2=F703C A3=108FAA A4=30F104A A5=108000 A6=108E3C PC=32CA8 -- 032CA8: move.b  D1, ($39ca,A5)
D0=200000 D1=DF00 D2=0 D3=FFFF D4=10405140 D5=84418545 D6=84418545 D7=FFFF A0=108932 A1=108300 A2=F703C A3=108FAA A4=30F104A A5=108000 A6=108E3C PC=32CAC -- 032CAC: move.b  D2, D1
D0=200000 D1=DF00 D2=0 D3=FFFF D4=10405140 D5=84418545 D6=84418545 D7=FFFF A0=108932 A1=108300 A2=F703C A3=108FAA A4=30F104A A5=108000 A6=108E3C PC=32CAE -- 032CAE: eor.b   D0, D1
D0=200000 D1=DF00 D2=0 D3=FFFF D4=10405140 D5=84418545 D6=84418545 D7=FFFF A0=108932 A1=108300 A2=F703C A3=108FAA A4=30F104A A5=108000 A6=108E3C PC=32CB0 -- 032CB0: and.b   D1, D2
D0=200000 D1=DF00 D2=0 D3=FFFF D4=10405140 D5=84418545 D6=84418545 D7=FFFF A0=108932 A1=108300 A2=F703C A3=108FAA A4=30F104A A5=108000 A6=108E3C PC=32CB2 -- 032CB2: move.b  D2, ($39cc,A5)
D0=200000 D1=DF00 D2=0 D3=FFFF D4=10405140 D5=84418545 D6=84418545 D7=FFFF A0=108932 A1=108300 A2=F703C A3=108FAA A4=30F104A A5=108000 A6=108E3C PC=32CB6 -- 032CB6: lea     ($39cf,A5), A0
D0=200000 D1=DF00 D2=0 D3=FFFF D4=10405140 D5=84418545 D6=84418545 D7=FFFF A0=10B9CF A1=108300 A2=F703C A3=108FAA A4=30F104A A5=108000 A6=108E3C PC=32CBA -- 032CBA: and.b   D1, D0
D0=200000 D1=DF00 D2=0 D3=FFFF D4=10405140 D5=84418545 D6=84418545 D7=FFFF A0=10B9CF A1=108300 A2=F703C A3=108FAA A4=30F104A A5=108000 A6=108E3C PC=32CBC -- 032CBC: move.b  ($1,A0), ($39cb,A5)
D0=200000 D1=DF00 D2=0 D3=FFFF D4=10405140 D5=84418545 D6=84418545 D7=FFFF A0=10B9CF A1=108300 A2=F703C A3=108FAA A4=30F104A A5=108000 A6=108E3C PC=32CC2 -- 032CC2: move.b  ($2,A0), ($1,A0)
D0=200000 D1=DF00 D2=0 D3=FFFF D4=10405140 D5=84418545 D6=84418545 D7=FFFF A0=10B9CF A1=108300 A2=F703C A3=108FAA A4=30F104A A5=108000 A6=108E3C PC=32CC8 -- 032CC8: move.b  ($3,A0), ($2,A0)
D0=200000 D1=DF00 D2=0 D3=FFFF D4=10405140 D5=84418545 D6=84418545 D7=FFFF A0=10B9CF A1=108300 A2=F703C A3=108FAA A4=30F104A A5=108000 A6=108E3C PC=32CCE -- 032CCE: move.b  ($4,A0), ($3,A0)
D0=200000 D1=DF00 D2=0 D3=FFFF D4=10405140 D5=84418545 D6=84418545 D7=FFFF A0=10B9CF A1=108300 A2=F703C A3=108FAA A4=30F104A A5=108000 A6=108E3C PC=32CD4 -- 032CD4: move.b  D0, ($4,A0)
D0=200000 D1=DF00 D2=0 D3=FFFF D4=10405140 D5=84418545 D6=84418545 D7=FFFF A0=10B9CF A1=108300 A2=F703C A3=108FAA A4=30F104A A5=108000 A6=108E3C PC=32CD8 -- 032CD8: or.b    ($1,A0), D0
D0=200000 D1=DF00 D2=0 D3=FFFF D4=10405140 D5=84418545 D6=84418545 D7=FFFF A0=10B9CF A1=108300 A2=F703C A3=108FAA A4=30F104A A5=108000 A6=108E3C PC=32CDC -- 032CDC: or.b    ($2,A0), D0
D0=200000 D1=DF00 D2=0 D3=FFFF D4=10405140 D5=84418545 D6=84418545 D7=FFFF A0=10B9CF A1=108300 A2=F703C A3=108FAA A4=30F104A A5=108000 A6=108E3C PC=32CE0 -- 032CE0: or.b    ($3,A0), D0
D0=200000 D1=DF00 D2=0 D3=FFFF D4=10405140 D5=84418545 D6=84418545 D7=FFFF A0=10B9CF A1=108300 A2=F703C A3=108FAA A4=30F104A A5=108000 A6=108E3C PC=32CE4 -- 032CE4: move.b  D0, (A0)
D0=200000 D1=DF00 D2=0 D3=FFFF D4=10405140 D5=84418545 D6=84418545 D7=FFFF A0=10B9CF A1=108300 A2=F703C A3=108FAA A4=30F104A A5=108000 A6=108E3C PC=32CE6 -- 032CE6: lea     ($39d7,A5), A0
D0=200000 D1=DF00 D2=0 D3=FFFF D4=10405140 D5=84418545 D6=84418545 D7=FFFF A0=10B9D7 A1=108300 A2=F703C A3=108FAA A4=30F104A A5=108000 A6=108E3C PC=32CEA -- 032CEA: lea     ($39cd,A5), A1
D0=200000 D1=DF00 D2=0 D3=FFFF D4=10405140 D5=84418545 D6=84418545 D7=FFFF A0=10B9D7 A1=10B9CD A2=F703C A3=108FAA A4=30F104A A5=108000 A6=108E3C PC=32CEE -- 032CEE: move.b  ($39ca,A5), D0
D0=200000 D1=DF00 D2=0 D3=FFFF D4=10405140 D5=84418545 D6=84418545 D7=FFFF A0=10B9D7 A1=10B9CD A2=F703C A3=108FAA A4=30F104A A5=108000 A6=108E3C PC=32CF2 -- 032CF2: bsr     $32e08
D0=200000 D1=DF00 D2=0 D3=FFFF D4=10405140 D5=84418545 D6=84418545 D7=FFFF A0=10B9D7 A1=10B9CD A2=F703C A3=108FAA A4=30F104A A5=108000 A6=108E3C PC=32E08 -- 032E08: moveq   #$7, D1
D0=200000 D1=7 D2=0 D3=FFFF D4=10405140 D5=84418545 D6=84418545 D7=FFFF A0=10B9D7 A1=10B9CD A2=F703C A3=108FAA A4=30F104A A5=108000 A6=108E3C PC=32E0A -- 032E0A: move.b  (-$2,A1), (A1)
D0=200000 D1=7 D2=0 D3=FFFF D4=10405140 D5=84418545 D6=84418545 D7=FFFF A0=10B9D7 A1=10B9CD A2=F703C A3=108FAA A4=30F104A A5=108000 A6=108E3C PC=32E0E -- 032E0E: addq.b  #1, (A0)+
D0=200000 D1=7 D2=0 D3=FFFF D4=10405140 D5=84418545 D6=84418545 D7=FFFF A0=10B9D8 A1=10B9CD A2=F703C A3=108FAA A4=30F104A A5=108000 A6=108E3C PC=32E10 -- 032E10: bne     $32e18
D0=200000 D1=7 D2=0 D3=FFFF D4=10405140 D5=84418545 D6=84418545 D7=FFFF A0=10B9D8 A1=10B9CD A2=F703C A3=108FAA A4=30F104A A5=108000 A6=108E3C PC=32E18 -- 032E18: rol.b   #1, D0
D0=200000 D1=7 D2=0 D3=FFFF D4=10405140 D5=84418545 D6=84418545 D7=FFFF A0=10B9D8 A1=10B9CD A2=F703C A3=108FAA A4=30F104A A5=108000 A6=108E3C PC=32E1A -- 032E1A: bcs     $32e20
D0=200000 D1=7 D2=0 D3=FFFF D4=10405140 D5=84418545 D6=84418545 D7=FFFF A0=10B9D8 A1=10B9CD A2=F703C A3=108FAA A4=30F104A A5=108000 A6=108E3C PC=32E1C -- 032E1C: clr.b   (-$1,A0)
D0=200000 D1=7 D2=0 D3=FFFF D4=10405140 D5=84418545 D6=84418545 D7=FFFF A0=10B9D8 A1=10B9CD A2=F703C A3=108FAA A4=30F104A A5=108000 A6=108E3C PC=32E20 -- 032E20: move.b  (-$1,A0), D5
D0=200000 D1=7 D2=0 D3=FFFF D4=10405140 D5=84418545 D6=84418545 D7=FFFF A0=10B9D8 A1=10B9CD A2=F703C A3=108FAA A4=30F104A A5=108000 A6=108E3C PC=32E24 -- 032E24: cmp.b   ($3a05,A5), D5
D0=200000 D1=7 D2=0 D3=FFFF D4=10405140 D5=84418545 D6=84418545 D7=FFFF A0=10B9D8 A1=10B9CD A2=F703C A3=108FAA A4=30F104A A5=108000 A6=108E3C PC=32E28 -- 032E28: bls     $32e3a
D0=200000 D1=7 D2=0 D3=FFFF D4=10405140 D5=84418545 D6=84418545 D7=FFFF A0=10B9D8 A1=10B9CD A2=F703C A3=108FAA A4=30F104A A5=108000 A6=108E3C PC=32E3A -- 032E3A: dbra    D1, $32e0e
D0=200000 D1=6 D2=0 D3=FFFF D4=10405140 D5=84418545 D6=84418545 D7=FFFF A0=10B9D8 A1=10B9CD A2=F703C A3=108FAA A4=30F104A A5=108000 A6=108E3C PC=32E0E -- 032E0E: addq.b  #1, (A0)+
D0=200000 D1=6 D2=0 D3=FFFF D4=10405140 D5=84418545 D6=84418545 D7=FFFF A0=10B9D9 A1=10B9CD A2=F703C A3=108FAA A4=30F104A A5=108000 A6=108E3C PC=32E10 -- 032E10: bne     $32e18
D0=200000 D1=6 D2=0 D3=FFFF D4=10405140 D5=84418545 D6=84418545 D7=FFFF A0=10B9D9 A1=10B9CD A2=F703C A3=108FAA A4=30F104A A5=108000 A6=108E3C PC=32E18 -- 032E18: rol.b   #1, D0
D0=200000 D1=6 D2=0 D3=FFFF D4=10405140 D5=84418545 D6=84418545 D7=FFFF A0=10B9D9 A1=10B9CD A2=F703C A3=108FAA A4=30F104A A5=108000 A6=108E3C PC=32E1A -- 032E1A: bcs     $32e20
D0=200000 D1=6 D2=0 D3=FFFF D4=10405140 D5=84418545 D6=84418545 D7=FFFF A0=10B9D9 A1=10B9CD A2=F703C A3=108FAA A4=30F104A A5=108000 A6=108E3C PC=32E1C -- 032E1C: clr.b   (-$1,A0)
D0=200000 D1=6 D2=0 D3=FFFF D4=10405140 D5=84418545 D6=84418545 D7=FFFF A0=10B9D9 A1=10B9CD A2=F703C A3=108FAA A4=30F104A A5=108000 A6=108E3C PC=32E20 -- 032E20: move.b  (-$1,A0), D5
D0=200000 D1=6 D2=0 D3=FFFF D4=10405140 D5=84418545 D6=84418545 D7=FFFF A0=10B9D9 A1=10B9CD A2=F703C A3=108FAA A4=30F104A A5=108000 A6=108E3C PC=32E24 -- 032E24: cmp.b   ($3a05,A5), D5
D0=200000 D1=6 D2=0 D3=FFFF D4=10405140 D5=84418545 D6=84418545 D7=FFFF A0=10B9D9 A1=10B9CD A2=F703C A3=108FAA A4=30F104A A5=108000 A6=108E3C PC=32E28 -- 032E28: bls     $32e3a
D0=200000 D1=6 D2=0 D3=FFFF D4=10405140 D5=84418545 D6=84418545 D7=FFFF A0=10B9D9 A1=10B9CD A2=F703C A3=108FAA A4=30F104A A5=108000 A6=108E3C PC=32E3A -- 032E3A: dbra    D1, $32e0e

   (loops for 54 instructions)

D0=200000 D1=FFFF D2=0 D3=FFFF D4=10405140 D5=84418545 D6=84418545 D7=FFFF A0=10B9DF A1=10B9CD A2=F703C A3=108FAA A4=30F104A A5=108000 A6=108E3C PC=32E3E -- 032E3E: rts
D0=200000 D1=FFFF D2=0 D3=FFFF D4=10405140 D5=84418545 D6=84418545 D7=FFFF A0=10B9DF A1=10B9CD A2=F703C A3=108FAA A4=30F104A A5=108000 A6=108E3C PC=32CF6 -- 032CF6: move.b  D3, D0
D0=2000FF D1=FFFF D2=0 D3=FFFF D4=10405140 D5=84418545 D6=84418545 D7=FFFF A0=10B9DF A1=10B9CD A2=F703C A3=108FAA A4=30F104A A5=108000 A6=108E3C PC=32CF8 -- 032CF8: not.b   D0
D0=200000 D1=FFFF D2=0 D3=FFFF D4=10405140 D5=84418545 D6=84418545 D7=FFFF A0=10B9DF A1=10B9CD A2=F703C A3=108FAA A4=30F104A A5=108000 A6=108E3C PC=32CFA -- 032CFA: move.b  ($39c5,A5), D1
D0=200000 D1=FF00 D2=0 D3=FFFF D4=10405140 D5=84418545 D6=84418545 D7=FFFF A0=10B9DF A1=10B9CD A2=F703C A3=108FAA A4=30F104A A5=108000 A6=108E3C PC=32CFE -- 032CFE: move.b  D0, ($39c5,A5)
D0=200000 D1=FF00 D2=0 D3=FFFF D4=10405140 D5=84418545 D6=84418545 D7=FFFF A0=10B9DF A1=10B9CD A2=F703C A3=108FAA A4=30F104A A5=108000 A6=108E3C PC=32D02 -- 032D02: move.b  D1, ($39c8,A5)
D0=200000 D1=FF00 D2=0 D3=FFFF D4=10405140 D5=84418545 D6=84418545 D7=FFFF A0=10B9DF A1=10B9CD A2=F703C A3=108FAA A4=30F104A A5=108000 A6=108E3C PC=32D06 -- 032D06: move.b  D1, D2
D0=200000 D1=FF00 D2=0 D3=FFFF D4=10405140 D5=84418545 D6=84418545 D7=FFFF A0=10B9DF A1=10B9CD A2=F703C A3=108FAA A4=30F104A A5=108000 A6=108E3C PC=32D08 -- 032D08: and.b   D0, D1
D0=200000 D1=FF00 D2=0 D3=FFFF D4=10405140 D5=84418545 D6=84418545 D7=FFFF A0=10B9DF A1=10B9CD A2=F703C A3=108FAA A4=30F104A A5=108000 A6=108E3C PC=32D0A -- 032D0A: move.b  D1, ($39e0,A5)
D0=200000 D1=FF00 D2=0 D3=FFFF D4=10405140 D5=84418545 D6=84418545 D7=FFFF A0=10B9DF A1=10B9CD A2=F703C A3=108FAA A4=30F104A A5=108000 A6=108E3C PC=32D0E -- 032D0E: move.b  D2, D1
D0=200000 D1=FF00 D2=0 D3=FFFF D4=10405140 D5=84418545 D6=84418545 D7=FFFF A0=10B9DF A1=10B9CD A2=F703C A3=108FAA A4=30F104A A5=108000 A6=108E3C PC=32D10 -- 032D10: eor.b   D0, D1
D0=200000 D1=FF00 D2=0 D3=FFFF D4=10405140 D5=84418545 D6=84418545 D7=FFFF A0=10B9DF A1=10B9CD A2=F703C A3=108FAA A4=30F104A A5=108000 A6=108E3C PC=32D12 -- 032D12: and.b   D1, D2
D0=200000 D1=FF00 D2=0 D3=FFFF D4=10405140 D5=84418545 D6=84418545 D7=FFFF A0=10B9DF A1=10B9CD A2=F703C A3=108FAA A4=30F104A A5=108000 A6=108E3C PC=32D14 -- 032D14: move.b  D2, ($39e2,A5)
D0=200000 D1=FF00 D2=0 D3=FFFF D4=10405140 D5=84418545 D6=84418545 D7=FFFF A0=10B9DF A1=10B9CD A2=F703C A3=108FAA A4=30F104A A5=108000 A6=108E3C PC=32D18 -- 032D18: lea     ($39e5,A5), A0
D0=200000 D1=FF00 D2=0 D3=FFFF D4=10405140 D5=84418545 D6=84418545 D7=FFFF A0=10B9E5 A1=10B9CD A2=F703C A3=108FAA A4=30F104A A5=108000 A6=108E3C PC=32D1C -- 032D1C: and.b   D1, D0
D0=200000 D1=FF00 D2=0 D3=FFFF D4=10405140 D5=84418545 D6=84418545 D7=FFFF A0=10B9E5 A1=10B9CD A2=F703C A3=108FAA A4=30F104A A5=108000 A6=108E3C PC=32D1E -- 032D1E: move.b  ($1,A0), ($39e1,A5)
D0=200000 D1=FF00 D2=0 D3=FFFF D4=10405140 D5=84418545 D6=84418545 D7=FFFF A0=10B9E5 A1=10B9CD A2=F703C A3=108FAA A4=30F104A A5=108000 A6=108E3C PC=32D24 -- 032D24: move.b  ($2,A0), ($1,A0)
D0=200000 D1=FF00 D2=0 D3=FFFF D4=10405140 D5=84418545 D6=84418545 D7=FFFF A0=10B9E5 A1=10B9CD A2=F703C A3=108FAA A4=30F104A A5=108000 A6=108E3C PC=32D2A -- 032D2A: move.b  ($3,A0), ($2,A0)
D0=200000 D1=FF00 D2=0 D3=FFFF D4=10405140 D5=84418545 D6=84418545 D7=FFFF A0=10B9E5 A1=10B9CD A2=F703C A3=108FAA A4=30F104A A5=108000 A6=108E3C PC=32D30 -- 032D30: move.b  ($4,A0), ($3,A0)
D0=200000 D1=FF00 D2=0 D3=FFFF D4=10405140 D5=84418545 D6=84418545 D7=FFFF A0=10B9E5 A1=10B9CD A2=F703C A3=108FAA A4=30F104A A5=108000 A6=108E3C PC=32D36 -- 032D36: move.b  D0, ($4,A0)
D0=200000 D1=FF00 D2=0 D3=FFFF D4=10405140 D5=84418545 D6=84418545 D7=FFFF A0=10B9E5 A1=10B9CD A2=F703C A3=108FAA A4=30F104A A5=108000 A6=108E3C PC=32D3A -- 032D3A: or.b    ($1,A0), D0
D0=200000 D1=FF00 D2=0 D3=FFFF D4=10405140 D5=84418545 D6=84418545 D7=FFFF A0=10B9E5 A1=10B9CD A2=F703C A3=108FAA A4=30F104A A5=108000 A6=108E3C PC=32D3E -- 032D3E: or.b    ($2,A0), D0
D0=200000 D1=FF00 D2=0 D3=FFFF D4=10405140 D5=84418545 D6=84418545 D7=FFFF A0=10B9E5 A1=10B9CD A2=F703C A3=108FAA A4=30F104A A5=108000 A6=108E3C PC=32D42 -- 032D42: or.b    ($3,A0), D0
D0=200000 D1=FF00 D2=0 D3=FFFF D4=10405140 D5=84418545 D6=84418545 D7=FFFF A0=10B9E5 A1=10B9CD A2=F703C A3=108FAA A4=30F104A A5=108000 A6=108E3C PC=32D46 -- 032D46: move.b  D0, (A0)
D0=200000 D1=FF00 D2=0 D3=FFFF D4=10405140 D5=84418545 D6=84418545 D7=FFFF A0=10B9E5 A1=10B9CD A2=F703C A3=108FAA A4=30F104A A5=108000 A6=108E3C PC=32D48 -- 032D48: lea     ($39ed,A5), A0
D0=200000 D1=FF00 D2=0 D3=FFFF D4=10405140 D5=84418545 D6=84418545 D7=FFFF A0=10B9ED A1=10B9CD A2=F703C A3=108FAA A4=30F104A A5=108000 A6=108E3C PC=32D4C -- 032D4C: lea     ($39e3,A5), A1
D0=200000 D1=FF00 D2=0 D3=FFFF D4=10405140 D5=84418545 D6=84418545 D7=FFFF A0=10B9ED A1=10B9E3 A2=F703C A3=108FAA A4=30F104A A5=108000 A6=108E3C PC=32D50 -- 032D50: move.b  ($39e0,A5), D0
D0=200000 D1=FF00 D2=0 D3=FFFF D4=10405140 D5=84418545 D6=84418545 D7=FFFF A0=10B9ED A1=10B9E3 A2=F703C A3=108FAA A4=30F104A A5=108000 A6=108E3C PC=32D54 -- 032D54: bsr     $32e08
D0=200000 D1=FF00 D2=0 D3=FFFF D4=10405140 D5=84418545 D6=84418545 D7=FFFF A0=10B9ED A1=10B9E3 A2=F703C A3=108FAA A4=30F104A A5=108000 A6=108E3C PC=32E08 -- 032E08: moveq   #$7, D1
D0=200000 D1=7 D2=0 D3=FFFF D4=10405140 D5=84418545 D6=84418545 D7=FFFF A0=10B9ED A1=10B9E3 A2=F703C A3=108FAA A4=30F104A A5=108000 A6=108E3C PC=32E0A -- 032E0A: move.b  (-$2,A1), (A1)

   (loops for 72 instructions)

D0=200000 D1=FFFF D2=0 D3=FFFF D4=10405140 D5=84418545 D6=84418545 D7=FFFF A0=10B9F5 A1=10B9E3 A2=F703C A3=108FAA A4=30F104A A5=108000 A6=108E3C PC=32E3E -- 032E3E: rts
D0=200000 D1=FFFF D2=0 D3=FFFF D4=10405140 D5=84418545 D6=84418545 D7=FFFF A0=10B9F5 A1=10B9E3 A2=F703C A3=108FAA A4=30F104A A5=108000 A6=108E3C PC=32D58 -- 032D58: clr.b   ($3a01,A5)
D0=200000 D1=FFFF D2=0 D3=FFFF D4=10405140 D5=84418545 D6=84418545 D7=FFFF A0=10B9F5 A1=10B9E3 A2=F703C A3=108FAA A4=30F104A A5=108000 A6=108E3C PC=32D5C -- 032D5C: clr.b   ($3a02,A5)
D0=200000 D1=FFFF D2=0 D3=FFFF D4=10405140 D5=84418545 D6=84418545 D7=FFFF A0=10B9F5 A1=10B9E3 A2=F703C A3=108FAA A4=30F104A A5=108000 A6=108E3C PC=32D60 -- 032D60: clr.b   ($3a03,A5)
D0=200000 D1=FFFF D2=0 D3=FFFF D4=10405140 D5=84418545 D6=84418545 D7=FFFF A0=10B9F5 A1=10B9E3 A2=F703C A3=108FAA A4=30F104A A5=108000 A6=108E3C PC=32D64 -- 032D64: move.b  ($7e5,A5), D0
D0=200001 D1=FFFF D2=0 D3=FFFF D4=10405140 D5=84418545 D6=84418545 D7=FFFF A0=10B9F5 A1=10B9E3 A2=F703C A3=108FAA A4=30F104A A5=108000 A6=108E3C PC=32D68 -- 032D68: beq     $32d9e
D0=200001 D1=FFFF D2=0 D3=FFFF D4=10405140 D5=84418545 D6=84418545 D7=FFFF A0=10B9F5 A1=10B9E3 A2=F703C A3=108FAA A4=30F104A A5=108000 A6=108E3C PC=32D6A -- 032D6A: move    D0, CCR
D0=200001 D1=FFFF D2=0 D3=FFFF D4=10405140 D5=84418545 D6=84418545 D7=FFFF A0=10B9F5 A1=10B9E3 A2=F703C A3=108FAA A4=30F104A A5=108000 A6=108E3C PC=32D6C -- 032D6C: bcc     $32d80
D0=200001 D1=FFFF D2=0 D3=FFFF D4=10405140 D5=84418545 D6=84418545 D7=FFFF A0=10B9F5 A1=10B9E3 A2=F703C A3=108FAA A4=30F104A A5=108000 A6=108E3C PC=32D6E -- 032D6E: move.b  ($39ca,A5), ($3a01,A5)
D0=200001 D1=FFFF D2=0 D3=FFFF D4=10405140 D5=84418545 D6=84418545 D7=FFFF A0=10B9F5 A1=10B9E3 A2=F703C A3=108FAA A4=30F104A A5=108000 A6=108E3C PC=32D74 -- 032D74: move.b  ($39cb,A5), ($3a02,A5)
D0=200001 D1=FFFF D2=0 D3=FFFF D4=10405140 D5=84418545 D6=84418545 D7=FFFF A0=10B9F5 A1=10B9E3 A2=F703C A3=108FAA A4=30F104A A5=108000 A6=108E3C PC=32D7A -- 032D7A: move.b  ($39cc,A5), ($3a03,A5)
D0=200001 D1=FFFF D2=0 D3=FFFF D4=10405140 D5=84418545 D6=84418545 D7=FFFF A0=10B9F5 A1=10B9E3 A2=F703C A3=108FAA A4=30F104A A5=108000 A6=108E3C PC=32D80 -- 032D80: move    D0, CCR
D0=200001 D1=FFFF D2=0 D3=FFFF D4=10405140 D5=84418545 D6=84418545 D7=FFFF A0=10B9F5 A1=10B9E3 A2=F703C A3=108FAA A4=30F104A A5=108000 A6=108E3C PC=32D82 -- 032D82: bvc     $32d9c
D0=200001 D1=FFFF D2=0 D3=FFFF D4=10405140 D5=84418545 D6=84418545 D7=FFFF A0=10B9F5 A1=10B9E3 A2=F703C A3=108FAA A4=30F104A A5=108000 A6=108E3C PC=32D9C -- 032D9C: rts
D0=200001 D1=FFFF D2=0 D3=FFFF D4=10405140 D5=84418545 D6=84418545 D7=FFFF A0=10B9F5 A1=10B9E3 A2=F703C A3=108FAA A4=30F104A A5=108000 A6=108E3C PC=329E2 -- 0329E2: btst    #$5, ($785,A5)
D0=200001 D1=FFFF D2=0 D3=FFFF D4=10405140 D5=84418545 D6=84418545 D7=FFFF A0=10B9F5 A1=10B9E3 A2=F703C A3=108FAA A4=30F104A A5=108000 A6=108E3C PC=329E8 -- 0329E8: beq     $329fe
D0=200001 D1=FFFF D2=0 D3=FFFF D4=10405140 D5=84418545 D6=84418545 D7=FFFF A0=10B9F5 A1=10B9E3 A2=F703C A3=108FAA A4=30F104A A5=108000 A6=108E3C PC=329FE -- 0329FE: tst.b   ($785,A5)
D0=200001 D1=FFFF D2=0 D3=FFFF D4=10405140 D5=84418545 D6=84418545 D7=FFFF A0=10B9F5 A1=10B9E3 A2=F703C A3=108FAA A4=30F104A A5=108000 A6=108E3C PC=32A02 -- 032A02: bpl     $32a5c
D0=200001 D1=FFFF D2=0 D3=FFFF D4=10405140 D5=84418545 D6=84418545 D7=FFFF A0=10B9F5 A1=10B9E3 A2=F703C A3=108FAA A4=30F104A A5=108000 A6=108E3C PC=32A5C -- 032A5C: bsr     $32f2a
D0=200001 D1=FFFF D2=0 D3=FFFF D4=10405140 D5=84418545 D6=84418545 D7=FFFF A0=10B9F5 A1=10B9E3 A2=F703C A3=108FAA A4=30F104A A5=108000 A6=108E3C PC=32F2A -- 032F2A: tst.b   (-$8000,A5)
D0=200001 D1=FFFF D2=0 D3=FFFF D4=10405140 D5=84418545 D6=84418545 D7=FFFF A0=10B9F5 A1=10B9E3 A2=F703C A3=108FAA A4=30F104A A5=108000 A6=108E3C PC=32F2E -- 032F2E: bpl     $32f38
D0=200001 D1=FFFF D2=0 D3=FFFF D4=10405140 D5=84418545 D6=84418545 D7=FFFF A0=10B9F5 A1=10B9E3 A2=F703C A3=108FAA A4=30F104A A5=108000 A6=108E3C PC=32F38 -- 032F38: rts
D0=200001 D1=FFFF D2=0 D3=FFFF D4=10405140 D5=84418545 D6=84418545 D7=FFFF A0=10B9F5 A1=10B9E3 A2=F703C A3=108FAA A4=30F104A A5=108000 A6=108E3C PC=32A60 -- 032A60: bsr     $32f3a
D0=200001 D1=FFFF D2=0 D3=FFFF D4=10405140 D5=84418545 D6=84418545 D7=FFFF A0=10B9F5 A1=10B9E3 A2=F703C A3=108FAA A4=30F104A A5=108000 A6=108E3C PC=32F3A -- 032F3A: btst    #$0, (-$8000,A5)
D0=200001 D1=FFFF D2=0 D3=FFFF D4=10405140 D5=84418545 D6=84418545 D7=FFFF A0=10B9F5 A1=10B9E3 A2=F703C A3=108FAA A4=30F104A A5=108000 A6=108E3C PC=32F40 -- 032F40: beq     $32f4e
D0=200001 D1=FFFF D2=0 D3=FFFF D4=10405140 D5=84418545 D6=84418545 D7=FFFF A0=10B9F5 A1=10B9E3 A2=F703C A3=108FAA A4=30F104A A5=108000 A6=108E3C PC=32F4E -- 032F4E: rts
D0=200001 D1=FFFF D2=0 D3=FFFF D4=10405140 D5=84418545 D6=84418545 D7=FFFF A0=10B9F5 A1=10B9E3 A2=F703C A3=108FAA A4=30F104A A5=108000 A6=108E3C PC=32A64 -- 032A64: bsr     $32f50
D0=200001 D1=FFFF D2=0 D3=FFFF D4=10405140 D5=84418545 D6=84418545 D7=FFFF A0=10B9F5 A1=10B9E3 A2=F703C A3=108FAA A4=30F104A A5=108000 A6=108E3C PC=32F50 -- 032F50: btst    #$1, (-$7fff,A5)
D0=200001 D1=FFFF D2=0 D3=FFFF D4=10405140 D5=84418545 D6=84418545 D7=FFFF A0=10B9F5 A1=10B9E3 A2=F703C A3=108FAA A4=30F104A A5=108000 A6=108E3C PC=32F56 -- 032F56: beq     $32f6a
D0=200001 D1=FFFF D2=0 D3=FFFF D4=10405140 D5=84418545 D6=84418545 D7=FFFF A0=10B9F5 A1=10B9E3 A2=F703C A3=108FAA A4=30F104A A5=108000 A6=108E3C PC=32F6A -- 032F6A: rts
D0=200001 D1=FFFF D2=0 D3=FFFF D4=10405140 D5=84418545 D6=84418545 D7=FFFF A0=10B9F5 A1=10B9E3 A2=F703C A3=108FAA A4=30F104A A5=108000 A6=108E3C PC=32A68 -- 032A68: bsr     $32f6c
D0=200001 D1=FFFF D2=0 D3=FFFF D4=10405140 D5=84418545 D6=84418545 D7=FFFF A0=10B9F5 A1=10B9E3 A2=F703C A3=108FAA A4=30F104A A5=108000 A6=108E3C PC=32F6C -- 032F6C: btst    #$7, (-$7fff,A5)
D0=200001 D1=FFFF D2=0 D3=FFFF D4=10405140 D5=84418545 D6=84418545 D7=FFFF A0=10B9F5 A1=10B9E3 A2=F703C A3=108FAA A4=30F104A A5=108000 A6=108E3C PC=32F72 -- 032F72: beq     $32f86
D0=200001 D1=FFFF D2=0 D3=FFFF D4=10405140 D5=84418545 D6=84418545 D7=FFFF A0=10B9F5 A1=10B9E3 A2=F703C A3=108FAA A4=30F104A A5=108000 A6=108E3C PC=32F86 -- 032F86: rts
D0=200001 D1=FFFF D2=0 D3=FFFF D4=10405140 D5=84418545 D6=84418545 D7=FFFF A0=10B9F5 A1=10B9E3 A2=F703C A3=108FAA A4=30F104A A5=108000 A6=108E3C PC=32A6C -- 032A6C: bsr     $32f88
D0=200001 D1=FFFF D2=0 D3=FFFF D4=10405140 D5=84418545 D6=84418545 D7=FFFF A0=10B9F5 A1=10B9E3 A2=F703C A3=108FAA A4=30F104A A5=108000 A6=108E3C PC=32F88 -- 032F88: btst    #$6, (-$7fff,A5)
D0=200001 D1=FFFF D2=0 D3=FFFF D4=10405140 D5=84418545 D6=84418545 D7=FFFF A0=10B9F5 A1=10B9E3 A2=F703C A3=108FAA A4=30F104A A5=108000 A6=108E3C PC=32F8E -- 032F8E: beq     $32fb4
D0=200001 D1=FFFF D2=0 D3=FFFF D4=10405140 D5=84418545 D6=84418545 D7=FFFF A0=10B9F5 A1=10B9E3 A2=F703C A3=108FAA A4=30F104A A5=108000 A6=108E3C PC=32FB4 -- 032FB4: rts
D0=200001 D1=FFFF D2=0 D3=FFFF D4=10405140 D5=84418545 D6=84418545 D7=FFFF A0=10B9F5 A1=10B9E3 A2=F703C A3=108FAA A4=30F104A A5=108000 A6=108E3C PC=32A70 -- 032A70: btst    #$3, ($785,A5)
D0=200001 D1=FFFF D2=0 D3=FFFF D4=10405140 D5=84418545 D6=84418545 D7=FFFF A0=10B9F5 A1=10B9E3 A2=F703C A3=108FAA A4=30F104A A5=108000 A6=108E3C PC=32A76 -- 032A76: bne     $32a86
D0=200001 D1=FFFF D2=0 D3=FFFF D4=10405140 D5=84418545 D6=84418545 D7=FFFF A0=10B9F5 A1=10B9E3 A2=F703C A3=108FAA A4=30F104A A5=108000 A6=108E3C PC=32A7A -- 032A7A: jsr     $4aafc.l
D0=200001 D1=FFFF D2=0 D3=FFFF D4=10405140 D5=84418545 D6=84418545 D7=FFFF A0=10B9F5 A1=10B9E3 A2=F703C A3=108FAA A4=30F104A A5=108000 A6=108E3C PC=4AAFC -- 04AAFC: lea     ($80a,A5), A1
D0=200001 D1=FFFF D2=0 D3=FFFF D4=10405140 D5=84418545 D6=84418545 D7=FFFF A0=10B9F5 A1=10880A A2=F703C A3=108FAA A4=30F104A A5=108000 A6=108E3C PC=4AB00 -- 04AB00: move.w  #$707d, D2
D0=200001 D1=FFFF D2=707D D3=FFFF D4=10405140 D5=84418545 D6=84418545 D7=FFFF A0=10B9F5 A1=10880A A2=F703C A3=108FAA A4=30F104A A5=108000 A6=108E3C PC=4AB04 -- 04AB04: swap    D2
D0=200001 D1=FFFF D2=707D0000 D3=FFFF D4=10405140 D5=84418545 D6=84418545 D7=FFFF A0=10B9F5 A1=10880A A2=F703C A3=108FAA A4=30F104A A5=108000 A6=108E3C PC=4AB06 -- 04AB06: tst.b   $10fd82.l
D0=200001 D1=FFFF D2=707D0000 D3=FFFF D4=10405140 D5=84418545 D6=84418545 D7=FFFF A0=10B9F5 A1=10880A A2=F703C A3=108FAA A4=30F104A A5=108000 A6=108E3C PC=4AB0C -- 04AB0C: beq     $4ab4a
D0=200001 D1=FFFF D2=707D0000 D3=FFFF D4=10405140 D5=84418545 D6=84418545 D7=FFFF A0=10B9F5 A1=10880A A2=F703C A3=108FAA A4=30F104A A5=108000 A6=108E3C PC=4AB10 -- 04AB10: cmpi.b  #$1, $10fd8f.l
D0=200001 D1=FFFF D2=707D0000 D3=FFFF D4=10405140 D5=84418545 D6=84418545 D7=FFFF A0=10B9F5 A1=10880A A2=F703C A3=108FAA A4=30F104A A5=108000 A6=108E3C PC=4AB18 -- 04AB18: beq     $4ab2c
D0=200001 D1=FFFF D2=707D0000 D3=FFFF D4=10405140 D5=84418545 D6=84418545 D7=FFFF A0=10B9F5 A1=10880A A2=F703C A3=108FAA A4=30F104A A5=108000 A6=108E3C PC=4AB1C -- 04AB1C: cmpi.b  #$3, $10fd8f.l
D0=200001 D1=FFFF D2=707D0000 D3=FFFF D4=10405140 D5=84418545 D6=84418545 D7=FFFF A0=10B9F5 A1=10880A A2=F703C A3=108FAA A4=30F104A A5=108000 A6=108E3C PC=4AB24 -- 04AB24: beq     $4ab2c
D0=200001 D1=FFFF D2=707D0000 D3=FFFF D4=10405140 D5=84418545 D6=84418545 D7=FFFF A0=10B9F5 A1=10880A A2=F703C A3=108FAA A4=30F104A A5=108000 A6=108E3C PC=4AB2C -- 04AB2C: lea     $10fe00.l, A1
D0=200001 D1=FFFF D2=707D0000 D3=FFFF D4=10405140 D5=84418545 D6=84418545 D7=FFFF A0=10B9F5 A1=10FE00 A2=F703C A3=108FAA A4=30F104A A5=108000 A6=108E3C PC=4AB32 -- 04AB32: tst.w   $10fe80.l
D0=200001 D1=FFFF D2=707D0000 D3=FFFF D4=10405140 D5=84418545 D6=84418545 D7=FFFF A0=10B9F5 A1=10FE00 A2=F703C A3=108FAA A4=30F104A A5=108000 A6=108E3C PC=4AB38 -- 04AB38: bne     $4ab40
D0=200001 D1=FFFF D2=707D0000 D3=FFFF D4=10405140 D5=84418545 D6=84418545 D7=FFFF A0=10B9F5 A1=10FE00 A2=F703C A3=108FAA A4=30F104A A5=108000 A6=108E3C PC=4AB3A -- 04AB3A: lea     $d00034.l, A1
D0=200001 D1=FFFF D2=707D0000 D3=FFFF D4=10405140 D5=84418545 D6=84418545 D7=FFFF A0=10B9F5 A1=D00034 A2=F703C A3=108FAA A4=30F104A A5=108000 A6=108E3C PC=4AB40 -- 04AB40: cmpi.b  #$1, $10fd83.l
D0=200001 D1=FFFF D2=707D0000 D3=FFFF D4=10405140 D5=84418545 D6=84418545 D7=FFFF A0=10B9F5 A1=D00034 A2=F703C A3=108FAA A4=30F104A A5=108000 A6=108E3C PC=4AB48 -- 04AB48: bne     $4ab50
D0=200001 D1=FFFF D2=707D0000 D3=FFFF D4=10405140 D5=84418545 D6=84418545 D7=FFFF A0=10B9F5 A1=D00034 A2=F703C A3=108FAA A4=30F104A A5=108000 A6=108E3C PC=4AB4A -- 04AB4A: bsr     $4ab56
D0=200001 D1=FFFF D2=707D0000 D3=FFFF D4=10405140 D5=84418545 D6=84418545 D7=FFFF A0=10B9F5 A1=D00034 A2=F703C A3=108FAA A4=30F104A A5=108000 A6=108E3C PC=4AB56 -- 04AB56: lea     ($5c,PC) ; ($4abb4), A2
D0=200001 D1=FFFF D2=707D0000 D3=FFFF D4=10405140 D5=84418545 D6=84418545 D7=FFFF A0=10B9F5 A1=D00034 A2=4ABB4 A3=108FAA A4=30F104A A5=108000 A6=108E3C PC=4AB5A -- 04AB5A: move.b  (A1), D0
D0=200000 D1=FFFF D2=707D0000 D3=FFFF D4=10405140 D5=84418545 D6=84418545 D7=FFFF A0=10B9F5 A1=D00034 A2=4ABB4 A3=108FAA A4=30F104A A5=108000 A6=108E3C PC=4AB5C -- 04AB5C: cmpi.b  #$2, D0
D0=200000 D1=FFFF D2=707D0000 D3=FFFF D4=10405140 D5=84418545 D6=84418545 D7=FFFF A0=10B9F5 A1=D00034 A2=4ABB4 A3=108FAA A4=30F104A A5=108000 A6=108E3C PC=4AB60 -- 04AB60: bcc     $4ab66
D0=200000 D1=FFFF D2=707D0000 D3=FFFF D4=10405140 D5=84418545 D6=84418545 D7=FFFF A0=10B9F5 A1=D00034 A2=4ABB4 A3=108FAA A4=30F104A A5=108000 A6=108E3C PC=4AB62 -- 04AB62: lea     ($44,PC) ; ($4aba8), A2
D0=200000 D1=FFFF D2=707D0000 D3=FFFF D4=10405140 D5=84418545 D6=84418545 D7=FFFF A0=10B9F5 A1=D00034 A2=4ABA8 A3=108FAA A4=30F104A A5=108000 A6=108E3C PC=4AB66 -- 04AB66: moveq   #$5, D7
D0=200000 D1=FFFF D2=707D0000 D3=FFFF D4=10405140 D5=84418545 D6=84418545 D7=5 A0=10B9F5 A1=D00034 A2=4ABA8 A3=108FAA A4=30F104A A5=108000 A6=108E3C PC=4AB68 -- 04AB68: move.w  (A2)+, D2
D0=200000 D1=FFFF D2=707D0367 D3=FFFF D4=10405140 D5=84418545 D6=84418545 D7=5 A0=10B9F5 A1=D00034 A2=4ABAA A3=108FAA A4=30F104A A5=108000 A6=108E3C PC=4AB6A -- 04AB6A: move.l  D2, $3c0000.l
D0=200000 D1=FFFF D2=707D0367 D3=FFFF D4=10405140 D5=84418545 D6=84418545 D7=5 A0=10B9F5 A1=D00034 A2=4ABAA A3=108FAA A4=30F104A A5=108000 A6=108E3C PC=4AB70 -- 04AB70: addi.l  #$200000, D2
D0=200000 D1=FFFF D2=709D0367 D3=FFFF D4=10405140 D5=84418545 D6=84418545 D7=5 A0=10B9F5 A1=D00034 A2=4ABAA A3=108FAA A4=30F104A A5=108000 A6=108E3C PC=4AB76 -- 04AB76: dbra    D7, $4ab68
D0=200000 D1=FFFF D2=709D0367 D3=FFFF D4=10405140 D5=84418545 D6=84418545 D7=4 A0=10B9F5 A1=D00034 A2=4ABAA A3=108FAA A4=30F104A A5=108000 A6=108E3C PC=4AB68 -- 04AB68: move.w  (A2)+, D2
D0=200000 D1=FFFF D2=709D0368 D3=FFFF D4=10405140 D5=84418545 D6=84418545 D7=4 A0=10B9F5 A1=D00034 A2=4ABAC A3=108FAA A4=30F104A A5=108000 A6=108E3C PC=4AB6A -- 04AB6A: move.l  D2, $3c0000.l
D0=200000 D1=FFFF D2=709D0368 D3=FFFF D4=10405140 D5=84418545 D6=84418545 D7=4 A0=10B9F5 A1=D00034 A2=4ABAC A3=108FAA A4=30F104A A5=108000 A6=108E3C PC=4AB70 -- 04AB70: addi.l  #$200000, D2
D0=200000 D1=FFFF D2=70BD0368 D3=FFFF D4=10405140 D5=84418545 D6=84418545 D7=4 A0=10B9F5 A1=D00034 A2=4ABAC A3=108FAA A4=30F104A A5=108000 A6=108E3C PC=4AB76 -- 04AB76: dbra    D7, $4ab68

   (loops for 16 instructions)

D0=200000 D1=FFFF D2=713D0F20 D3=FFFF D4=10405140 D5=84418545 D6=84418545 D7=FFFF A0=10B9F5 A1=D00034 A2=4ABB4 A3=108FAA A4=30F104A A5=108000 A6=108E3C PC=4AB7A -- 04AB7A: move.b  (A1), D0
D0=200000 D1=FFFF D2=713D0F20 D3=FFFF D4=10405140 D5=84418545 D6=84418545 D7=FFFF A0=10B9F5 A1=D00034 A2=4ABB4 A3=108FAA A4=30F104A A5=108000 A6=108E3C PC=4AB7C -- 04AB7C: andi.w  #$ff, D0
D0=200000 D1=FFFF D2=713D0F20 D3=FFFF D4=10405140 D5=84418545 D6=84418545 D7=FFFF A0=10B9F5 A1=D00034 A2=4ABB4 A3=108FAA A4=30F104A A5=108000 A6=108E3C PC=4AB80 -- 04AB80: move.w  D0, D1
D0=200000 D1=0 D2=713D0F20 D3=FFFF D4=10405140 D5=84418545 D6=84418545 D7=FFFF A0=10B9F5 A1=D00034 A2=4ABB4 A3=108FAA A4=30F104A A5=108000 A6=108E3C PC=4AB82 -- 04AB82: lsr.w   #4, D1
D0=200000 D1=0 D2=713D0F20 D3=FFFF D4=10405140 D5=84418545 D6=84418545 D7=FFFF A0=10B9F5 A1=D00034 A2=4ABB4 A3=108FAA A4=30F104A A5=108000 A6=108E3C PC=4AB84 -- 04AB84: addi.w  #$370, D1
D0=200000 D1=370 D2=713D0F20 D3=FFFF D4=10405140 D5=84418545 D6=84418545 D7=FFFF A0=10B9F5 A1=D00034 A2=4ABB4 A3=108FAA A4=30F104A A5=108000 A6=108E3C PC=4AB88 -- 04AB88: move.w  D1, D2
D0=200000 D1=370 D2=713D0370 D3=FFFF D4=10405140 D5=84418545 D6=84418545 D7=FFFF A0=10B9F5 A1=D00034 A2=4ABB4 A3=108FAA A4=30F104A A5=108000 A6=108E3C PC=4AB8A -- 04AB8A: move.l  D2, $3c0000.l
D0=200000 D1=370 D2=713D0370 D3=FFFF D4=10405140 D5=84418545 D6=84418545 D7=FFFF A0=10B9F5 A1=D00034 A2=4ABB4 A3=108FAA A4=30F104A A5=108000 A6=108E3C PC=4AB90 -- 04AB90: addi.l  #$200000, D2
D0=200000 D1=370 D2=715D0370 D3=FFFF D4=10405140 D5=84418545 D6=84418545 D7=FFFF A0=10B9F5 A1=D00034 A2=4ABB4 A3=108FAA A4=30F104A A5=108000 A6=108E3C PC=4AB96 -- 04AB96: andi.w  #$f, D0
D0=200000 D1=370 D2=715D0370 D3=FFFF D4=10405140 D5=84418545 D6=84418545 D7=FFFF A0=10B9F5 A1=D00034 A2=4ABB4 A3=108FAA A4=30F104A A5=108000 A6=108E3C PC=4AB9A -- 04AB9A: addi.w  #$370, D0
D0=200370 D1=370 D2=715D0370 D3=FFFF D4=10405140 D5=84418545 D6=84418545 D7=FFFF A0=10B9F5 A1=D00034 A2=4ABB4 A3=108FAA A4=30F104A A5=108000 A6=108E3C PC=4AB9E -- 04AB9E: move.w  D0, D2
D0=200370 D1=370 D2=715D0370 D3=FFFF D4=10405140 D5=84418545 D6=84418545 D7=FFFF A0=10B9F5 A1=D00034 A2=4ABB4 A3=108FAA A4=30F104A A5=108000 A6=108E3C PC=4ABA0 -- 04ABA0: move.l  D2, $3c0000.l
D0=200370 D1=370 D2=715D0370 D3=FFFF D4=10405140 D5=84418545 D6=84418545 D7=FFFF A0=10B9F5 A1=D00034 A2=4ABB4 A3=108FAA A4=30F104A A5=108000 A6=108E3C PC=4ABA6 -- 04ABA6: rts
D0=200370 D1=370 D2=715D0370 D3=FFFF D4=10405140 D5=84418545 D6=84418545 D7=FFFF A0=10B9F5 A1=D00034 A2=4ABB4 A3=108FAA A4=30F104A A5=108000 A6=108E3C PC=4AB4E -- 04AB4E: addq.l  #1, A1
D0=200370 D1=370 D2=715D0370 D3=FFFF D4=10405140 D5=84418545 D6=84418545 D7=FFFF A0=10B9F5 A1=D00035 A2=4ABB4 A3=108FAA A4=30F104A A5=108000 A6=108E3C PC=4AB50 -- 04AB50: move.w  #$73bd, D2
D0=200370 D1=370 D2=715D73BD D3=FFFF D4=10405140 D5=84418545 D6=84418545 D7=FFFF A0=10B9F5 A1=D00035 A2=4ABB4 A3=108FAA A4=30F104A A5=108000 A6=108E3C PC=4AB54 -- 04AB54: swap    D2
D0=200370 D1=370 D2=73BD715D D3=FFFF D4=10405140 D5=84418545 D6=84418545 D7=FFFF A0=10B9F5 A1=D00035 A2=4ABB4 A3=108FAA A4=30F104A A5=108000 A6=108E3C PC=4AB56 -- 04AB56: lea     ($5c,PC) ; ($4abb4), A2
D0=200370 D1=370 D2=73BD715D D3=FFFF D4=10405140 D5=84418545 D6=84418545 D7=FFFF A0=10B9F5 A1=D00035 A2=4ABB4 A3=108FAA A4=30F104A A5=108000 A6=108E3C PC=4AB5A -- 04AB5A: move.b  (A1), D0
D0=200300 D1=370 D2=73BD715D D3=FFFF D4=10405140 D5=84418545 D6=84418545 D7=FFFF A0=10B9F5 A1=D00035 A2=4ABB4 A3=108FAA A4=30F104A A5=108000 A6=108E3C PC=4AB5C -- 04AB5C: cmpi.b  #$2, D0
D0=200300 D1=370 D2=73BD715D D3=FFFF D4=10405140 D5=84418545 D6=84418545 D7=FFFF A0=10B9F5 A1=D00035 A2=4ABB4 A3=108FAA A4=30F104A A5=108000 A6=108E3C PC=4AB60 -- 04AB60: bcc     $4ab66
D0=200300 D1=370 D2=73BD715D D3=FFFF D4=10405140 D5=84418545 D6=84418545 D7=FFFF A0=10B9F5 A1=D00035 A2=4ABB4 A3=108FAA A4=30F104A A5=108000 A6=108E3C PC=4AB62 -- 04AB62: lea     ($44,PC) ; ($4aba8), A2
D0=200300 D1=370 D2=73BD715D D3=FFFF D4=10405140 D5=84418545 D6=84418545 D7=FFFF A0=10B9F5 A1=D00035 A2=4ABA8 A3=108FAA A4=30F104A A5=108000 A6=108E3C PC=4AB66 -- 04AB66: moveq   #$5, D7

   (loops for 24 instructions)

D0=200300 D1=370 D2=747D0F20 D3=FFFF D4=10405140 D5=84418545 D6=84418545 D7=FFFF A0=10B9F5 A1=D00035 A2=4ABB4 A3=108FAA A4=30F104A A5=108000 A6=108E3C PC=4AB7A -- 04AB7A: move.b  (A1), D0
D0=200300 D1=370 D2=747D0F20 D3=FFFF D4=10405140 D5=84418545 D6=84418545 D7=FFFF A0=10B9F5 A1=D00035 A2=4ABB4 A3=108FAA A4=30F104A A5=108000 A6=108E3C PC=4AB7C -- 04AB7C: andi.w  #$ff, D0
D0=200000 D1=370 D2=747D0F20 D3=FFFF D4=10405140 D5=84418545 D6=84418545 D7=FFFF A0=10B9F5 A1=D00035 A2=4ABB4 A3=108FAA A4=30F104A A5=108000 A6=108E3C PC=4AB80 -- 04AB80: move.w  D0, D1
D0=200000 D1=0 D2=747D0F20 D3=FFFF D4=10405140 D5=84418545 D6=84418545 D7=FFFF A0=10B9F5 A1=D00035 A2=4ABB4 A3=108FAA A4=30F104A A5=108000 A6=108E3C PC=4AB82 -- 04AB82: lsr.w   #4, D1
D0=200000 D1=0 D2=747D0F20 D3=FFFF D4=10405140 D5=84418545 D6=84418545 D7=FFFF A0=10B9F5 A1=D00035 A2=4ABB4 A3=108FAA A4=30F104A A5=108000 A6=108E3C PC=4AB84 -- 04AB84: addi.w  #$370, D1
D0=200000 D1=370 D2=747D0F20 D3=FFFF D4=10405140 D5=84418545 D6=84418545 D7=FFFF A0=10B9F5 A1=D00035 A2=4ABB4 A3=108FAA A4=30F104A A5=108000 A6=108E3C PC=4AB88 -- 04AB88: move.w  D1, D2
D0=200000 D1=370 D2=747D0370 D3=FFFF D4=10405140 D5=84418545 D6=84418545 D7=FFFF A0=10B9F5 A1=D00035 A2=4ABB4 A3=108FAA A4=30F104A A5=108000 A6=108E3C PC=4AB8A -- 04AB8A: move.l  D2, $3c0000.l
D0=200000 D1=370 D2=747D0370 D3=FFFF D4=10405140 D5=84418545 D6=84418545 D7=FFFF A0=10B9F5 A1=D00035 A2=4ABB4 A3=108FAA A4=30F104A A5=108000 A6=108E3C PC=4AB90 -- 04AB90: addi.l  #$200000, D2
D0=200000 D1=370 D2=749D0370 D3=FFFF D4=10405140 D5=84418545 D6=84418545 D7=FFFF A0=10B9F5 A1=D00035 A2=4ABB4 A3=108FAA A4=30F104A A5=108000 A6=108E3C PC=4AB96 -- 04AB96: andi.w  #$f, D0
D0=200000 D1=370 D2=749D0370 D3=FFFF D4=10405140 D5=84418545 D6=84418545 D7=FFFF A0=10B9F5 A1=D00035 A2=4ABB4 A3=108FAA A4=30F104A A5=108000 A6=108E3C PC=4AB9A -- 04AB9A: addi.w  #$370, D0
D0=200370 D1=370 D2=749D0370 D3=FFFF D4=10405140 D5=84418545 D6=84418545 D7=FFFF A0=10B9F5 A1=D00035 A2=4ABB4 A3=108FAA A4=30F104A A5=108000 A6=108E3C PC=4AB9E -- 04AB9E: move.w  D0, D2
D0=200370 D1=370 D2=749D0370 D3=FFFF D4=10405140 D5=84418545 D6=84418545 D7=FFFF A0=10B9F5 A1=D00035 A2=4ABB4 A3=108FAA A4=30F104A A5=108000 A6=108E3C PC=4ABA0 -- 04ABA0: move.l  D2, $3c0000.l
D0=200370 D1=370 D2=749D0370 D3=FFFF D4=10405140 D5=84418545 D6=84418545 D7=FFFF A0=10B9F5 A1=D00035 A2=4ABB4 A3=108FAA A4=30F104A A5=108000 A6=108E3C PC=4ABA6 -- 04ABA6: rts
D0=200370 D1=370 D2=749D0370 D3=FFFF D4=10405140 D5=84418545 D6=84418545 D7=FFFF A0=10B9F5 A1=D00035 A2=4ABB4 A3=108FAA A4=30F104A A5=108000 A6=108E3C PC=32A80 -- 032A80: jsr     $13b2.l
D0=200370 D1=370 D2=749D0370 D3=FFFF D4=10405140 D5=84418545 D6=84418545 D7=FFFF A0=10B9F5 A1=D00035 A2=4ABB4 A3=108FAA A4=30F104A A5=108000 A6=108E3C PC=13B2 -- 0013B2: cmpi.b  #$2, $10fd8f.l
D0=200370 D1=370 D2=749D0370 D3=FFFF D4=10405140 D5=84418545 D6=84418545 D7=FFFF A0=10B9F5 A1=D00035 A2=4ABB4 A3=108FAA A4=30F104A A5=108000 A6=108E3C PC=13BA -- 0013BA: bcs     $1416
D0=200370 D1=370 D2=749D0370 D3=FFFF D4=10405140 D5=84418545 D6=84418545 D7=FFFF A0=10B9F5 A1=D00035 A2=4ABB4 A3=108FAA A4=30F104A A5=108000 A6=108E3C PC=13BE -- 0013BE: tst.b   $10fd82.l
D0=200370 D1=370 D2=749D0370 D3=FFFF D4=10405140 D5=84418545 D6=84418545 D7=FFFF A0=10B9F5 A1=D00035 A2=4ABB4 A3=108FAA A4=30F104A A5=108000 A6=108E3C PC=13C4 -- 0013C4: beq     $1416
D0=200370 D1=370 D2=749D0370 D3=FFFF D4=10405140 D5=84418545 D6=84418545 D7=FFFF A0=10B9F5 A1=D00035 A2=4ABB4 A3=108FAA A4=30F104A A5=108000 A6=108E3C PC=13C8 -- 0013C8: move.w  #$10, D0
D0=200010 D1=370 D2=749D0370 D3=FFFF D4=10405140 D5=84418545 D6=84418545 D7=FFFF A0=10B9F5 A1=D00035 A2=4ABB4 A3=108FAA A4=30F104A A5=108000 A6=108E3C PC=13CC -- 0013CC: move.w  #$1b, D1
D0=200010 D1=1B D2=749D0370 D3=FFFF D4=10405140 D5=84418545 D6=84418545 D7=FFFF A0=10B9F5 A1=D00035 A2=4ABB4 A3=108FAA A4=30F104A A5=108000 A6=108E3C PC=13D0 -- 0013D0: jsr     $5fde.l
D0=200010 D1=1B D2=749D0370 D3=FFFF D4=10405140 D5=84418545 D6=84418545 D7=FFFF A0=10B9F5 A1=D00035 A2=4ABB4 A3=108FAA A4=30F104A A5=108000 A6=108E3C PC=5FDE -- 005FDE: lsl.w   #5, D0
D0=200200 D1=1B D2=749D0370 D3=FFFF D4=10405140 D5=84418545 D6=84418545 D7=FFFF A0=10B9F5 A1=D00035 A2=4ABB4 A3=108FAA A4=30F104A A5=108000 A6=108E3C PC=5FE0 -- 005FE0: add.w   D1, D0
D0=20021B D1=1B D2=749D0370 D3=FFFF D4=10405140 D5=84418545 D6=84418545 D7=FFFF A0=10B9F5 A1=D00035 A2=4ABB4 A3=108FAA A4=30F104A A5=108000 A6=108E3C PC=5FE2 -- 005FE2: addi.w  #$7002, D0
D0=20721D D1=1B D2=749D0370 D3=FFFF D4=10405140 D5=84418545 D6=84418545 D7=FFFF A0=10B9F5 A1=D00035 A2=4ABB4 A3=108FAA A4=30F104A A5=108000 A6=108E3C PC=5FE6 -- 005FE6: swap    D0
D0=721D0020 D1=1B D2=749D0370 D3=FFFF D4=10405140 D5=84418545 D6=84418545 D7=FFFF A0=10B9F5 A1=D00035 A2=4ABB4 A3=108FAA A4=30F104A A5=108000 A6=108E3C PC=5FE8 -- 005FE8: rts
D0=721D0020 D1=1B D2=749D0370 D3=FFFF D4=10405140 D5=84418545 D6=84418545 D7=FFFF A0=10B9F5 A1=D00035 A2=4ABB4 A3=108FAA A4=30F104A A5=108000 A6=108E3C PC=13D6 -- 0013D6: move.w  #$300, D0
D0=721D0300 D1=1B D2=749D0370 D3=FFFF D4=10405140 D5=84418545 D6=84418545 D7=FFFF A0=10B9F5 A1=D00035 A2=4ABB4 A3=108FAA A4=30F104A A5=108000 A6=108E3C PC=13DA -- 0013DA: lea     $4f8fa.l, A0
D0=721D0300 D1=1B D2=749D0370 D3=FFFF D4=10405140 D5=84418545 D6=84418545 D7=FFFF A0=4F8FA A1=D00035 A2=4ABB4 A3=108FAA A4=30F104A A5=108000 A6=108E3C PC=13E0 -- 0013E0: moveq   #$4, D1
D0=721D0300 D1=4 D2=749D0370 D3=FFFF D4=10405140 D5=84418545 D6=84418545 D7=FFFF A0=4F8FA A1=D00035 A2=4ABB4 A3=108FAA A4=30F104A A5=108000 A6=108E3C PC=13E2 -- 0013E2: move.b  (A0)+, D0
D0=721D0380 D1=4 D2=749D0370 D3=FFFF D4=10405140 D5=84418545 D6=84418545 D7=FFFF A0=4F8FB A1=D00035 A2=4ABB4 A3=108FAA A4=30F104A A5=108000 A6=108E3C PC=13E4 -- 0013E4: move.l  D0, $3c0000.l
D0=721D0380 D1=4 D2=749D0370 D3=FFFF D4=10405140 D5=84418545 D6=84418545 D7=FFFF A0=4F8FB A1=D00035 A2=4ABB4 A3=108FAA A4=30F104A A5=108000 A6=108E3C PC=13EA -- 0013EA: addi.l  #$200000, D0
D0=723D0380 D1=4 D2=749D0370 D3=FFFF D4=10405140 D5=84418545 D6=84418545 D7=FFFF A0=4F8FB A1=D00035 A2=4ABB4 A3=108FAA A4=30F104A A5=108000 A6=108E3C PC=13F0 -- 0013F0: dbra    D1, $13e2
D0=723D0380 D1=3 D2=749D0370 D3=FFFF D4=10405140 D5=84418545 D6=84418545 D7=FFFF A0=4F8FB A1=D00035 A2=4ABB4 A3=108FAA A4=30F104A A5=108000 A6=108E3C PC=13E2 -- 0013E2: move.b  (A0)+, D0
D0=723D0381 D1=3 D2=749D0370 D3=FFFF D4=10405140 D5=84418545 D6=84418545 D7=FFFF A0=4F8FC A1=D00035 A2=4ABB4 A3=108FAA A4=30F104A A5=108000 A6=108E3C PC=13E4 -- 0013E4: move.l  D0, $3c0000.l
D0=723D0381 D1=3 D2=749D0370 D3=FFFF D4=10405140 D5=84418545 D6=84418545 D7=FFFF A0=4F8FC A1=D00035 A2=4ABB4 A3=108FAA A4=30F104A A5=108000 A6=108E3C PC=13EA -- 0013EA: addi.l  #$200000, D0
D0=725D0381 D1=3 D2=749D0370 D3=FFFF D4=10405140 D5=84418545 D6=84418545 D7=FFFF A0=4F8FC A1=D00035 A2=4ABB4 A3=108FAA A4=30F104A A5=108000 A6=108E3C PC=13F0 -- 0013F0: dbra    D1, $13e2

   (loops for 12 instructions)

D0=72BD0384 D1=FFFF D2=749D0370 D3=FFFF D4=10405140 D5=84418545 D6=84418545 D7=FFFF A0=4F8FF A1=D00035 A2=4ABB4 A3=108FAA A4=30F104A A5=108000 A6=108E3C PC=13F4 -- 0013F4: move.w  #$16, D0
D0=72BD0016 D1=FFFF D2=749D0370 D3=FFFF D4=10405140 D5=84418545 D6=84418545 D7=FFFF A0=4F8FF A1=D00035 A2=4ABB4 A3=108FAA A4=30F104A A5=108000 A6=108E3C PC=13F8 -- 0013F8: move.w  #$1b, D1
D0=72BD0016 D1=1B D2=749D0370 D3=FFFF D4=10405140 D5=84418545 D6=84418545 D7=FFFF A0=4F8FF A1=D00035 A2=4ABB4 A3=108FAA A4=30F104A A5=108000 A6=108E3C PC=13FC -- 0013FC: jsr     $5fde.l
D0=72BD0016 D1=1B D2=749D0370 D3=FFFF D4=10405140 D5=84418545 D6=84418545 D7=FFFF A0=4F8FF A1=D00035 A2=4ABB4 A3=108FAA A4=30F104A A5=108000 A6=108E3C PC=5FDE -- 005FDE: lsl.w   #5, D0
D0=72BD02C0 D1=1B D2=749D0370 D3=FFFF D4=10405140 D5=84418545 D6=84418545 D7=FFFF A0=4F8FF A1=D00035 A2=4ABB4 A3=108FAA A4=30F104A A5=108000 A6=108E3C PC=5FE0 -- 005FE0: add.w   D1, D0
D0=72BD02DB D1=1B D2=749D0370 D3=FFFF D4=10405140 D5=84418545 D6=84418545 D7=FFFF A0=4F8FF A1=D00035 A2=4ABB4 A3=108FAA A4=30F104A A5=108000 A6=108E3C PC=5FE2 -- 005FE2: addi.w  #$7002, D0
D0=72BD72DD D1=1B D2=749D0370 D3=FFFF D4=10405140 D5=84418545 D6=84418545 D7=FFFF A0=4F8FF A1=D00035 A2=4ABB4 A3=108FAA A4=30F104A A5=108000 A6=108E3C PC=5FE6 -- 005FE6: swap    D0
D0=72DD72BD D1=1B D2=749D0370 D3=FFFF D4=10405140 D5=84418545 D6=84418545 D7=FFFF A0=4F8FF A1=D00035 A2=4ABB4 A3=108FAA A4=30F104A A5=108000 A6=108E3C PC=5FE8 -- 005FE8: rts
D0=72DD72BD D1=1B D2=749D0370 D3=FFFF D4=10405140 D5=84418545 D6=84418545 D7=FFFF A0=4F8FF A1=D00035 A2=4ABB4 A3=108FAA A4=30F104A A5=108000 A6=108E3C PC=1402 -- 001402: clr.w   D0
D0=72DD0000 D1=1B D2=749D0370 D3=FFFF D4=10405140 D5=84418545 D6=84418545 D7=FFFF A0=4F8FF A1=D00035 A2=4ABB4 A3=108FAA A4=30F104A A5=108000 A6=108E3C PC=1404 -- 001404: move.b  $10fd8e.l, D0
D0=72DD0003 D1=1B D2=749D0370 D3=FFFF D4=10405140 D5=84418545 D6=84418545 D7=FFFF A0=4F8FF A1=D00035 A2=4ABB4 A3=108FAA A4=30F104A A5=108000 A6=108E3C PC=140A -- 00140A: addq.b  #1, D0
D0=72DD0004 D1=1B D2=749D0370 D3=FFFF D4=10405140 D5=84418545 D6=84418545 D7=FFFF A0=4F8FF A1=D00035 A2=4ABB4 A3=108FAA A4=30F104A A5=108000 A6=108E3C PC=140C -- 00140C: addi.w  #$370, D0
D0=72DD0374 D1=1B D2=749D0370 D3=FFFF D4=10405140 D5=84418545 D6=84418545 D7=FFFF A0=4F8FF A1=D00035 A2=4ABB4 A3=108FAA A4=30F104A A5=108000 A6=108E3C PC=1410 -- 001410: move.l  D0, $3c0000.l
D0=72DD0374 D1=1B D2=749D0370 D3=FFFF D4=10405140 D5=84418545 D6=84418545 D7=FFFF A0=4F8FF A1=D00035 A2=4ABB4 A3=108FAA A4=30F104A A5=108000 A6=108E3C PC=1416 -- 001416: rts
D0=72DD0374 D1=1B D2=749D0370 D3=FFFF D4=10405140 D5=84418545 D6=84418545 D7=FFFF A0=4F8FF A1=D00035 A2=4ABB4 A3=108FAA A4=30F104A A5=108000 A6=108E3C PC=32A86 -- 032A86: bsr     $32b28
D0=72DD0374 D1=1B D2=749D0370 D3=FFFF D4=10405140 D5=84418545 D6=84418545 D7=FFFF A0=4F8FF A1=D00035 A2=4ABB4 A3=108FAA A4=30F104A A5=108000 A6=108E3C PC=32B28 -- 032B28: lea     ($584,A5), A4
D0=72DD0374 D1=1B D2=749D0370 D3=FFFF D4=10405140 D5=84418545 D6=84418545 D7=FFFF A0=4F8FF A1=D00035 A2=4ABB4 A3=108FAA A4=108584 A5=108000 A6=108E3C PC=32B2C -- 032B2C: movea.l (A4), A0
D0=72DD0374 D1=1B D2=749D0370 D3=FFFF D4=10405140 D5=84418545 D6=84418545 D7=FFFF A0=37086 A1=D00035 A2=4ABB4 A3=108FAA A4=108584 A5=108000 A6=108E3C PC=32B2E -- 032B2E: jsr     (A0)
D0=72DD0374 D1=1B D2=749D0370 D3=FFFF D4=10405140 D5=84418545 D6=84418545 D7=FFFF A0=37086 A1=D00035 A2=4ABB4 A3=108FAA A4=108584 A5=108000 A6=108E3C PC=37086 -- 037086: bsr     $3772a
D0=72DD0374 D1=1B D2=749D0370 D3=FFFF D4=10405140 D5=84418545 D6=84418545 D7=FFFF A0=37086 A1=D00035 A2=4ABB4 A3=108FAA A4=108584 A5=108000 A6=108E3C PC=3772A -- 03772A: btst    #$0, ($7e6,A5)
D0=72DD0374 D1=1B D2=749D0370 D3=FFFF D4=10405140 D5=84418545 D6=84418545 D7=FFFF A0=37086 A1=D00035 A2=4ABB4 A3=108FAA A4=108584 A5=108000 A6=108E3C PC=37730 -- 037730: beq     $3774c
D0=72DD0374 D1=1B D2=749D0370 D3=FFFF D4=10405140 D5=84418545 D6=84418545 D7=FFFF A0=37086 A1=D00035 A2=4ABB4 A3=108FAA A4=108584 A5=108000 A6=108E3C PC=37732 -- 037732: lea     ($100,A5), A4
D0=72DD0374 D1=1B D2=749D0370 D3=FFFF D4=10405140 D5=84418545 D6=84418545 D7=FFFF A0=37086 A1=D00035 A2=4ABB4 A3=108FAA A4=108100 A5=108000 A6=108E3C PC=37736 -- 037736: tst.b   ($130,A4)
D0=72DD0374 D1=1B D2=749D0370 D3=FFFF D4=10405140 D5=84418545 D6=84418545 D7=FFFF A0=37086 A1=D00035 A2=4ABB4 A3=108FAA A4=108100 A5=108000 A6=108E3C PC=3773A -- 03773A: bpl     $3774c
D0=72DD0374 D1=1B D2=749D0370 D3=FFFF D4=10405140 D5=84418545 D6=84418545 D7=FFFF A0=37086 A1=D00035 A2=4ABB4 A3=108FAA A4=108100 A5=108000 A6=108E3C PC=3773C -- 03773C: lea     ($501c,A5), A0
D0=72DD0374 D1=1B D2=749D0370 D3=FFFF D4=10405140 D5=84418545 D6=84418545 D7=FFFF A0=10D01C A1=D00035 A2=4ABB4 A3=108FAA A4=108100 A5=108000 A6=108E3C PC=37740 -- 037740: lea     ($501d,A5), A1
D0=72DD0374 D1=1B D2=749D0370 D3=FFFF D4=10405140 D5=84418545 D6=84418545 D7=FFFF A0=10D01C A1=10D01D A2=4ABB4 A3=108FAA A4=108100 A5=108000 A6=108E3C PC=37744 -- 037744: bsr     $37770
D0=72DD0374 D1=1B D2=749D0370 D3=FFFF D4=10405140 D5=84418545 D6=84418545 D7=FFFF A0=10D01C A1=10D01D A2=4ABB4 A3=108FAA A4=108100 A5=108000 A6=108E3C PC=37770 -- 037770: bsr     $37786
D0=72DD0374 D1=1B D2=749D0370 D3=FFFF D4=10405140 D5=84418545 D6=84418545 D7=FFFF A0=10D01C A1=10D01D A2=4ABB4 A3=108FAA A4=108100 A5=108000 A6=108E3C PC=37786 -- 037786: moveq   #$0, D0
D0=0 D1=1B D2=749D0370 D3=FFFF D4=10405140 D5=84418545 D6=84418545 D7=FFFF A0=10D01C A1=10D01D A2=4ABB4 A3=108FAA A4=108100 A5=108000 A6=108E3C PC=37788 -- 037788: movea.l ($b6,A4), A2
D0=0 D1=1B D2=749D0370 D3=FFFF D4=10405140 D5=84418545 D6=84418545 D7=FFFF A0=10D01C A1=10D01D A2=108300 A3=108FAA A4=108100 A5=108000 A6=108E3C PC=3778C -- 03778C: move.b  ($130,A2), D1
D0=0 D1=2 D2=749D0370 D3=FFFF D4=10405140 D5=84418545 D6=84418545 D7=FFFF A0=10D01C A1=10D01D A2=108300 A3=108FAA A4=108100 A5=108000 A6=108E3C PC=37790 -- 037790: bmi     $37794
D0=0 D1=2 D2=749D0370 D3=FFFF D4=10405140 D5=84418545 D6=84418545 D7=FFFF A0=10D01C A1=10D01D A2=108300 A3=108FAA A4=108100 A5=108000 A6=108E3C PC=37792 -- 037792: moveq   #$4, D0
D0=4 D1=2 D2=749D0370 D3=FFFF D4=10405140 D5=84418545 D6=84418545 D7=FFFF A0=10D01C A1=10D01D A2=108300 A3=108FAA A4=108100 A5=108000 A6=108E3C PC=37794 -- 037794: andi.b  #$7f, D1
D0=4 D1=2 D2=749D0370 D3=FFFF D4=10405140 D5=84418545 D6=84418545 D7=FFFF A0=10D01C A1=10D01D A2=108300 A3=108FAA A4=108100 A5=108000 A6=108E3C PC=37798 -- 037798: addq.b  #1, D1
D0=4 D1=3 D2=749D0370 D3=FFFF D4=10405140 D5=84418545 D6=84418545 D7=FFFF A0=10D01C A1=10D01D A2=108300 A3=108FAA A4=108100 A5=108000 A6=108E3C PC=3779A -- 03779A: btst    D1, ($7e6,A5)
D0=4 D1=3 D2=749D0370 D3=FFFF D4=10405140 D5=84418545 D6=84418545 D7=FFFF A0=10D01C A1=10D01D A2=108300 A3=108FAA A4=108100 A5=108000 A6=108E3C PC=3779E -- 03779E: beq     $377a2
D0=4 D1=3 D2=749D0370 D3=FFFF D4=10405140 D5=84418545 D6=84418545 D7=FFFF A0=10D01C A1=10D01D A2=108300 A3=108FAA A4=108100 A5=108000 A6=108E3C PC=377A2 -- 0377A2: move.b  ($131,A2), D1
D0=4 D1=6 D2=749D0370 D3=FFFF D4=10405140 D5=84418545 D6=84418545 D7=FFFF A0=10D01C A1=10D01D A2=108300 A3=108FAA A4=108100 A5=108000 A6=108E3C PC=377A6 -- 0377A6: cmp.b   ($131,A4), D1
D0=4 D1=6 D2=749D0370 D3=FFFF D4=10405140 D5=84418545 D6=84418545 D7=FFFF A0=10D01C A1=10D01D A2=108300 A3=108FAA A4=108100 A5=108000 A6=108E3C PC=377AA -- 0377AA: bne     $377ae
D0=4 D1=6 D2=749D0370 D3=FFFF D4=10405140 D5=84418545 D6=84418545 D7=FFFF A0=10D01C A1=10D01D A2=108300 A3=108FAA A4=108100 A5=108000 A6=108E3C PC=377AE -- 0377AE: rts
D0=4 D1=6 D2=749D0370 D3=FFFF D4=10405140 D5=84418545 D6=84418545 D7=FFFF A0=10D01C A1=10D01D A2=108300 A3=108FAA A4=108100 A5=108000 A6=108E3C PC=37774 -- 037774: add.w   D0, D0
D0=8 D1=6 D2=749D0370 D3=FFFF D4=10405140 D5=84418545 D6=84418545 D7=FFFF A0=10D01C A1=10D01D A2=108300 A3=108FAA A4=108100 A5=108000 A6=108E3C PC=37776 -- 037776: add.w   D0, D0
D0=10 D1=6 D2=749D0370 D3=FFFF D4=10405140 D5=84418545 D6=84418545 D7=FFFF A0=10D01C A1=10D01D A2=108300 A3=108FAA A4=108100 A5=108000 A6=108E3C PC=37778 -- 037778: lea     ($36,PC) ; ($377b0), A2
D0=10 D1=6 D2=749D0370 D3=FFFF D4=10405140 D5=84418545 D6=84418545 D7=FFFF A0=10D01C A1=10D01D A2=377B0 A3=108FAA A4=108100 A5=108000 A6=108E3C PC=3777C -- 03777C: nop
D0=10 D1=6 D2=749D0370 D3=FFFF D4=10405140 D5=84418545 D6=84418545 D7=FFFF A0=10D01C A1=10D01D A2=377B0 A3=108FAA A4=108100 A5=108000 A6=108E3C PC=3777E -- 03777E: movea.l (A2,D0.w), A2
D0=10 D1=6 D2=749D0370 D3=FFFF D4=10405140 D5=84418545 D6=84418545 D7=FFFF A0=10D01C A1=10D01D A2=377EA A3=108FAA A4=108100 A5=108000 A6=108E3C PC=37782 -- 037782: jsr     (A2)
D0=10 D1=6 D2=749D0370 D3=FFFF D4=10405140 D5=84418545 D6=84418545 D7=FFFF A0=10D01C A1=10D01D A2=377EA A3=108FAA A4=108100 A5=108000 A6=108E3C PC=377EA -- 0377EA: move.b  #$0, (A0)
D0=10 D1=6 D2=749D0370 D3=FFFF D4=10405140 D5=84418545 D6=84418545 D7=FFFF A0=10D01C A1=10D01D A2=377EA A3=108FAA A4=108100 A5=108000 A6=108E3C PC=377EE -- 0377EE: rts
D0=10 D1=6 D2=749D0370 D3=FFFF D4=10405140 D5=84418545 D6=84418545 D7=FFFF A0=10D01C A1=10D01D A2=377EA A3=108FAA A4=108100 A5=108000 A6=108E3C PC=37784 -- 037784: rts
D0=10 D1=6 D2=749D0370 D3=FFFF D4=10405140 D5=84418545 D6=84418545 D7=FFFF A0=10D01C A1=10D01D A2=377EA A3=108FAA A4=108100 A5=108000 A6=108E3C PC=37748 -- 037748: bsr     $37806
D0=10 D1=6 D2=749D0370 D3=FFFF D4=10405140 D5=84418545 D6=84418545 D7=FFFF A0=10D01C A1=10D01D A2=377EA A3=108FAA A4=108100 A5=108000 A6=108E3C PC=37806 -- 037806: movem.l D0-D1/A0, -(A7)
D0=10 D1=6 D2=749D0370 D3=FFFF D4=10405140 D5=84418545 D6=84418545 D7=FFFF A0=10D01C A1=10D01D A2=377EA A3=108FAA A4=108100 A5=108000 A6=108E3C PC=3780A -- 03780A: move.w  #$121, D0
D0=121 D1=6 D2=749D0370 D3=FFFF D4=10405140 D5=84418545 D6=84418545 D7=FFFF A0=10D01C A1=10D01D A2=377EA A3=108FAA A4=108100 A5=108000 A6=108E3C PC=3780E -- 03780E: jsr     $6588.w
D0=121 D1=6 D2=749D0370 D3=FFFF D4=10405140 D5=84418545 D6=84418545 D7=FFFF A0=10D01C A1=10D01D A2=377EA A3=108FAA A4=108100 A5=108000 A6=108E3C PC=6588 -- 006588: lea     $51924.l, A0
D0=121 D1=6 D2=749D0370 D3=FFFF D4=10405140 D5=84418545 D6=84418545 D7=FFFF A0=51924 A1=10D01D A2=377EA A3=108FAA A4=108100 A5=108000 A6=108E3C PC=658E -- 00658E: add.w   D0, D0
D0=242 D1=6 D2=749D0370 D3=FFFF D4=10405140 D5=84418545 D6=84418545 D7=FFFF A0=51924 A1=10D01D A2=377EA A3=108FAA A4=108100 A5=108000 A6=108E3C PC=6590 -- 006590: move.w  (A0,D0.w), ($38c0,A5)
D0=242 D1=6 D2=749D0370 D3=FFFF D4=10405140 D5=84418545 D6=84418545 D7=FFFF A0=51924 A1=10D01D A2=377EA A3=108FAA A4=108100 A5=108000 A6=108E3C PC=6596 -- 006596: lea     ($38c4,A5), A0
D0=242 D1=6 D2=749D0370 D3=FFFF D4=10405140 D5=84418545 D6=84418545 D7=FFFF A0=10B8C4 A1=10D01D A2=377EA A3=108FAA A4=108100 A5=108000 A6=108E3C PC=659A -- 00659A: moveq   #$0, D0
D0=0 D1=6 D2=749D0370 D3=FFFF D4=10405140 D5=84418545 D6=84418545 D7=FFFF A0=10B8C4 A1=10D01D A2=377EA A3=108FAA A4=108100 A5=108000 A6=108E3C PC=659C -- 00659C: move.b  ($38bc,A5), D0
D0=18 D1=6 D2=749D0370 D3=FFFF D4=10405140 D5=84418545 D6=84418545 D7=FFFF A0=10B8C4 A1=10D01D A2=377EA A3=108FAA A4=108100 A5=108000 A6=108E3C PC=65A0 -- 0065A0: move.w  ($38c0,A5), (A0,D0.w)
D0=18 D1=6 D2=749D0370 D3=FFFF D4=10405140 D5=84418545 D6=84418545 D7=FFFF A0=10B8C4 A1=10D01D A2=377EA A3=108FAA A4=108100 A5=108000 A6=108E3C PC=65A6 -- 0065A6: addq.b  #2, ($38bc,A5)
D0=18 D1=6 D2=749D0370 D3=FFFF D4=10405140 D5=84418545 D6=84418545 D7=FFFF A0=10B8C4 A1=10D01D A2=377EA A3=108FAA A4=108100 A5=108000 A6=108E3C PC=65AA -- 0065AA: rts
D0=18 D1=6 D2=749D0370 D3=FFFF D4=10405140 D5=84418545 D6=84418545 D7=FFFF A0=10B8C4 A1=10D01D A2=377EA A3=108FAA A4=108100 A5=108000 A6=108E3C PC=37812 -- 037812: movem.l (A7)+, D0-D1/A0
D0=10 D1=6 D2=749D0370 D3=FFFF D4=10405140 D5=84418545 D6=84418545 D7=FFFF A0=10D01C A1=10D01D A2=377EA A3=108FAA A4=108100 A5=108000 A6=108E3C PC=37816 -- 037816: addq.w  #1, ($72,A4)
D0=10 D1=6 D2=749D0370 D3=FFFF D4=10405140 D5=84418545 D6=84418545 D7=FFFF A0=10D01C A1=10D01D A2=377EA A3=108FAA A4=108100 A5=108000 A6=108E3C PC=3781A -- 03781A: move.b  ($130,A4), D0
D0=81 D1=6 D2=749D0370 D3=FFFF D4=10405140 D5=84418545 D6=84418545 D7=FFFF A0=10D01C A1=10D01D A2=377EA A3=108FAA A4=108100 A5=108000 A6=108E3C PC=3781E -- 03781E: move.b  ($501c,A5), ($d8,A4)
D0=81 D1=6 D2=749D0370 D3=FFFF D4=10405140 D5=84418545 D6=84418545 D7=FFFF A0=10D01C A1=10D01D A2=377EA A3=108FAA A4=108100 A5=108000 A6=108E3C PC=37824 -- 037824: btst    #$0, D0
D0=81 D1=6 D2=749D0370 D3=FFFF D4=10405140 D5=84418545 D6=84418545 D7=FFFF A0=10D01C A1=10D01D A2=377EA A3=108FAA A4=108100 A5=108000 A6=108E3C PC=37828 -- 037828: bne     $37832
D0=81 D1=6 D2=749D0370 D3=FFFF D4=10405140 D5=84418545 D6=84418545 D7=FFFF A0=10D01C A1=10D01D A2=377EA A3=108FAA A4=108100 A5=108000 A6=108E3C PC=37832 -- 037832: andi.b  #$7f, D0
D0=1 D1=6 D2=749D0370 D3=FFFF D4=10405140 D5=84418545 D6=84418545 D7=FFFF A0=10D01C A1=10D01D A2=377EA A3=108FAA A4=108100 A5=108000 A6=108E3C PC=37836 -- 037836: move.b  D0, D1
D0=1 D1=1 D2=749D0370 D3=FFFF D4=10405140 D5=84418545 D6=84418545 D7=FFFF A0=10D01C A1=10D01D A2=377EA A3=108FAA A4=108100 A5=108000 A6=108E3C PC=37838 -- 037838: not.b   D0
D0=FE D1=1 D2=749D0370 D3=FFFF D4=10405140 D5=84418545 D6=84418545 D7=FFFF A0=10D01C A1=10D01D A2=377EA A3=108FAA A4=108100 A5=108000 A6=108E3C PC=3783A -- 03783A: and.b   D0, ($7e6,A5)
D0=FE D1=1 D2=749D0370 D3=FFFF D4=10405140 D5=84418545 D6=84418545 D7=FFFF A0=10D01C A1=10D01D A2=377EA A3=108FAA A4=108100 A5=108000 A6=108E3C PC=3783E -- 03783E: lsl.b   #2, D1
D0=FE D1=4 D2=749D0370 D3=FFFF D4=10405140 D5=84418545 D6=84418545 D7=FFFF A0=10D01C A1=10D01D A2=377EA A3=108FAA A4=108100 A5=108000 A6=108E3C PC=37840 -- 037840: or.b    D1, ($7e6,A5)
D0=FE D1=4 D2=749D0370 D3=FFFF D4=10405140 D5=84418545 D6=84418545 D7=FFFF A0=10D01C A1=10D01D A2=377EA A3=108FAA A4=108100 A5=108000 A6=108E3C PC=37844 -- 037844: move.b  ($131,A4), ($7de,A5)
D0=FE D1=4 D2=749D0370 D3=FFFF D4=10405140 D5=84418545 D6=84418545 D7=FFFF A0=10D01C A1=10D01D A2=377EA A3=108FAA A4=108100 A5=108000 A6=108E3C PC=3784A -- 03784A: move.l  #$372bc, (A4)
D0=FE D1=4 D2=749D0370 D3=FFFF D4=10405140 D5=84418545 D6=84418545 D7=FFFF A0=10D01C A1=10D01D A2=377EA A3=108FAA A4=108100 A5=108000 A6=108E3C PC=37850 -- 037850: rts
D0=FE D1=4 D2=749D0370 D3=FFFF D4=10405140 D5=84418545 D6=84418545 D7=FFFF A0=10D01C A1=10D01D A2=377EA A3=108FAA A4=108100 A5=108000 A6=108E3C PC=3774C -- 03774C: btst    #$1, ($7e6,A5)
D0=FE D1=4 D2=749D0370 D3=FFFF D4=10405140 D5=84418545 D6=84418545 D7=FFFF A0=10D01C A1=10D01D A2=377EA A3=108FAA A4=108100 A5=108000 A6=108E3C PC=37752 -- 037752: beq     $3776e
D0=FE D1=4 D2=749D0370 D3=FFFF D4=10405140 D5=84418545 D6=84418545 D7=FFFF A0=10D01C A1=10D01D A2=377EA A3=108FAA A4=108100 A5=108000 A6=108E3C PC=37754 -- 037754: lea     ($300,A5), A4
D0=FE D1=4 D2=749D0370 D3=FFFF D4=10405140 D5=84418545 D6=84418545 D7=FFFF A0=10D01C A1=10D01D A2=377EA A3=108FAA A4=108300 A5=108000 A6=108E3C PC=37758 -- 037758: tst.b   ($130,A4)
D0=FE D1=4 D2=749D0370 D3=FFFF D4=10405140 D5=84418545 D6=84418545 D7=FFFF A0=10D01C A1=10D01D A2=377EA A3=108FAA A4=108300 A5=108000 A6=108E3C PC=3775C -- 03775C: bpl     $3776e
D0=FE D1=4 D2=749D0370 D3=FFFF D4=10405140 D5=84418545 D6=84418545 D7=FFFF A0=10D01C A1=10D01D A2=377EA A3=108FAA A4=108300 A5=108000 A6=108E3C PC=3776E -- 03776E: rts
D0=FE D1=4 D2=749D0370 D3=FFFF D4=10405140 D5=84418545 D6=84418545 D7=FFFF A0=10D01C A1=10D01D A2=377EA A3=108FAA A4=108300 A5=108000 A6=108E3C PC=3708A -- 03708A: move.l  #$37092, ($584,A5)
D0=FE D1=4 D2=749D0370 D3=FFFF D4=10405140 D5=84418545 D6=84418545 D7=FFFF A0=10D01C A1=10D01D A2=377EA A3=108FAA A4=108300 A5=108000 A6=108E3C PC=37092 -- 037092: bsr     $371fe
D0=FE D1=4 D2=749D0370 D3=FFFF D4=10405140 D5=84418545 D6=84418545 D7=FFFF A0=10D01C A1=10D01D A2=377EA A3=108FAA A4=108300 A5=108000 A6=108E3C PC=371FE -- 0371FE: movea.l ($7ea,A5), A6
D0=FE D1=4 D2=749D0370 D3=FFFF D4=10405140 D5=84418545 D6=84418545 D7=FFFF A0=10D01C A1=10D01D A2=377EA A3=108FAA A4=108300 A5=108000 A6=10B9CA PC=37202 -- 037202: btst    #$5, (-$8000,A5)
D0=FE D1=4 D2=749D0370 D3=FFFF D4=10405140 D5=84418545 D6=84418545 D7=FFFF A0=10D01C A1=10D01D A2=377EA A3=108FAA A4=108300 A5=108000 A6=10B9CA PC=37208 -- 037208: beq     $3720e
D0=FE D1=4 D2=749D0370 D3=FFFF D4=10405140 D5=84418545 D6=84418545 D7=FFFF A0=10D01C A1=10D01D A2=377EA A3=108FAA A4=108300 A5=108000 A6=10B9CA PC=3720E -- 03720E: lea     ($100,A5), A4
D0=FE D1=4 D2=749D0370 D3=FFFF D4=10405140 D5=84418545 D6=84418545 D7=FFFF A0=10D01C A1=10D01D A2=377EA A3=108FAA A4=108100 A5=108000 A6=10B9CA PC=37212 -- 037212: movea.l (A4), A0
D0=FE D1=4 D2=749D0370 D3=FFFF D4=10405140 D5=84418545 D6=84418545 D7=FFFF A0=372BC A1=10D01D A2=377EA A3=108FAA A4=108100 A5=108000 A6=10B9CA PC=37214 -- 037214: jsr     (A0)
D0=FE D1=4 D2=749D0370 D3=FFFF D4=10405140 D5=84418545 D6=84418545 D7=FFFF A0=372BC A1=10D01D A2=377EA A3=108FAA A4=108100 A5=108000 A6=10B9CA PC=372BC -- 0372BC: btst    #$0, ($cf,A4)
D0=FE D1=4 D2=749D0370 D3=FFFF D4=10405140 D5=84418545 D6=84418545 D7=FFFF A0=372BC A1=10D01D A2=377EA A3=108FAA A4=108100 A5=108000 A6=10B9CA PC=372C2 -- 0372C2: beq     $36eac
D0=FE D1=4 D2=749D0370 D3=FFFF D4=10405140 D5=84418545 D6=84418545 D7=FFFF A0=372BC A1=10D01D A2=377EA A3=108FAA A4=108100 A5=108000 A6=10B9CA PC=36EAC -- 036EAC: jsr     $48e6.w
D0=FE D1=4 D2=749D0370 D3=FFFF D4=10405140 D5=84418545 D6=84418545 D7=FFFF A0=372BC A1=10D01D A2=377EA A3=108FAA A4=108100 A5=108000 A6=10B9CA PC=48E6 -- 0048E6: move.w  ($70,A4), D0
D0=1B D1=4 D2=749D0370 D3=FFFF D4=10405140 D5=84418545 D6=84418545 D7=FFFF A0=372BC A1=10D01D A2=377EA A3=108FAA A4=108100 A5=108000 A6=10B9CA PC=48EA -- 0048EA: cmp.b   ($78,A4), D0
D0=1B D1=4 D2=749D0370 D3=FFFF D4=10405140 D5=84418545 D6=84418545 D7=FFFF A0=372BC A1=10D01D A2=377EA A3=108FAA A4=108100 A5=108000 A6=10B9CA PC=48EE -- 0048EE: bne     $491c
D0=1B D1=4 D2=749D0370 D3=FFFF D4=10405140 D5=84418545 D6=84418545 D7=FFFF A0=372BC A1=10D01D A2=377EA A3=108FAA A4=108100 A5=108000 A6=10B9CA PC=48F0 -- 0048F0: move.w  ($72,A4), D0
D0=44 D1=4 D2=749D0370 D3=FFFF D4=10405140 D5=84418545 D6=84418545 D7=FFFF A0=372BC A1=10D01D A2=377EA A3=108FAA A4=108100 A5=108000 A6=10B9CA PC=48F4 -- 0048F4: cmp.b   ($79,A4), D0
D0=44 D1=4 D2=749D0370 D3=FFFF D4=10405140 D5=84418545 D6=84418545 D7=FFFF A0=372BC A1=10D01D A2=377EA A3=108FAA A4=108100 A5=108000 A6=10B9CA PC=48F8 -- 0048F8: bne     $493c
D0=44 D1=4 D2=749D0370 D3=FFFF D4=10405140 D5=84418545 D6=84418545 D7=FFFF A0=372BC A1=10D01D A2=377EA A3=108FAA A4=108100 A5=108000 A6=10B9CA PC=493C -- 00493C: move.b  D0, ($79,A4)
D0=44 D1=4 D2=749D0370 D3=FFFF D4=10405140 D5=84418545 D6=84418545 D7=FFFF A0=372BC A1=10D01D A2=377EA A3=108FAA A4=108100 A5=108000 A6=10B9CA PC=4940 -- 004940: clr.w   ($74,A4)
D0=44 D1=4 D2=749D0370 D3=FFFF D4=10405140 D5=84418545 D6=84418545 D7=FFFF A0=372BC A1=10D01D A2=377EA A3=108FAA A4=108100 A5=108000 A6=10B9CA PC=4944 -- 004944: clr.w   ($7e,A4)
D0=44 D1=4 D2=749D0370 D3=FFFF D4=10405140 D5=84418545 D6=84418545 D7=FFFF A0=372BC A1=10D01D A2=377EA A3=108FAA A4=108100 A5=108000 A6=10B9CA PC=4948 -- 004948: clr.b   ($7d,A4)
D0=44 D1=4 D2=749D0370 D3=FFFF D4=10405140 D5=84418545 D6=84418545 D7=FFFF A0=372BC A1=10D01D A2=377EA A3=108FAA A4=108100 A5=108000 A6=10B9CA PC=494C -- 00494C: andi.w  #$efff, ($e6,A4)
D0=44 D1=4 D2=749D0370 D3=FFFF D4=10405140 D5=84418545 D6=84418545 D7=FFFF A0=372BC A1=10D01D A2=377EA A3=108FAA A4=108100 A5=108000 A6=10B9CA PC=4952 -- 004952: bsr     $49f8
D0=44 D1=4 D2=749D0370 D3=FFFF D4=10405140 D5=84418545 D6=84418545 D7=FFFF A0=372BC A1=10D01D A2=377EA A3=108FAA A4=108100 A5=108000 A6=10B9CA PC=49F8 -- 0049F8: lea     ($90,A4), A0
D0=44 D1=4 D2=749D0370 D3=FFFF D4=10405140 D5=84418545 D6=84418545 D7=FFFF A0=108190 A1=10D01D A2=377EA A3=108FAA A4=108100 A5=108000 A6=10B9CA PC=49FC -- 0049FC: clr.b   (A0)
D0=44 D1=4 D2=749D0370 D3=FFFF D4=10405140 D5=84418545 D6=84418545 D7=FFFF A0=108190 A1=10D01D A2=377EA A3=108FAA A4=108100 A5=108000 A6=10B9CA PC=49FE -- 0049FE: clr.b   ($5,A0)
D0=44 D1=4 D2=749D0370 D3=FFFF D4=10405140 D5=84418545 D6=84418545 D7=FFFF A0=108190 A1=10D01D A2=377EA A3=108FAA A4=108100 A5=108000 A6=10B9CA PC=4A02 -- 004A02: clr.b   ($a,A0)
D0=44 D1=4 D2=749D0370 D3=FFFF D4=10405140 D5=84418545 D6=84418545 D7=FFFF A0=108190 A1=10D01D A2=377EA A3=108FAA A4=108100 A5=108000 A6=10B9CA PC=4A06 -- 004A06: clr.b   ($f,A0)
D0=44 D1=4 D2=749D0370 D3=FFFF D4=10405140 D5=84418545 D6=84418545 D7=FFFF A0=108190 A1=10D01D A2=377EA A3=108FAA A4=108100 A5=108000 A6=10B9CA PC=4A0A -- 004A0A: rts
D0=44 D1=4 D2=749D0370 D3=FFFF D4=10405140 D5=84418545 D6=84418545 D7=FFFF A0=108190 A1=10D01D A2=377EA A3=108FAA A4=108100 A5=108000 A6=10B9CA PC=4956 -- 004956: bsr     $4962
D0=44 D1=4 D2=749D0370 D3=FFFF D4=10405140 D5=84418545 D6=84418545 D7=FFFF A0=108190 A1=10D01D A2=377EA A3=108FAA A4=108100 A5=108000 A6=10B9CA PC=4962 -- 004962: lea     $7bf48.l, A0
D0=44 D1=4 D2=749D0370 D3=FFFF D4=10405140 D5=84418545 D6=84418545 D7=FFFF A0=7BF48 A1=10D01D A2=377EA A3=108FAA A4=108100 A5=108000 A6=10B9CA PC=4968 -- 004968: move.w  ($70,A4), D0
D0=1B D1=4 D2=749D0370 D3=FFFF D4=10405140 D5=84418545 D6=84418545 D7=FFFF A0=7BF48 A1=10D01D A2=377EA A3=108FAA A4=108100 A5=108000 A6=10B9CA PC=496C -- 00496C: add.w   D0, D0
D0=36 D1=4 D2=749D0370 D3=FFFF D4=10405140 D5=84418545 D6=84418545 D7=FFFF A0=7BF48 A1=10D01D A2=377EA A3=108FAA A4=108100 A5=108000 A6=10B9CA PC=496E -- 00496E: add.w   D0, D0
D0=6C D1=4 D2=749D0370 D3=FFFF D4=10405140 D5=84418545 D6=84418545 D7=FFFF A0=7BF48 A1=10D01D A2=377EA A3=108FAA A4=108100 A5=108000 A6=10B9CA PC=4970 -- 004970: movea.l (A0,D0.w), A0
D0=6C D1=4 D2=749D0370 D3=FFFF D4=10405140 D5=84418545 D6=84418545 D7=FFFF A0=7F5E0 A1=10D01D A2=377EA A3=108FAA A4=108100 A5=108000 A6=10B9CA PC=4974 -- 004974: move.w  ($72,A4), D0
D0=44 D1=4 D2=749D0370 D3=FFFF D4=10405140 D5=84418545 D6=84418545 D7=FFFF A0=7F5E0 A1=10D01D A2=377EA A3=108FAA A4=108100 A5=108000 A6=10B9CA PC=4978 -- 004978: add.w   D0, D0
D0=88 D1=4 D2=749D0370 D3=FFFF D4=10405140 D5=84418545 D6=84418545 D7=FFFF A0=7F5E0 A1=10D01D A2=377EA A3=108FAA A4=108100 A5=108000 A6=10B9CA PC=497A -- 00497A: move.w  (A0,D0.w), ($46de,A5)
D0=88 D1=4 D2=749D0370 D3=FFFF D4=10405140 D5=84418545 D6=84418545 D7=FFFF A0=7F5E0 A1=10D01D A2=377EA A3=108FAA A4=108100 A5=108000 A6=10B9CA PC=4980 -- 004980: lea     $80000.l, A0
D0=88 D1=4 D2=749D0370 D3=FFFF D4=10405140 D5=84418545 D6=84418545 D7=FFFF A0=80000 A1=10D01D A2=377EA A3=108FAA A4=108100 A5=108000 A6=10B9CA PC=4986 -- 004986: move.w  ($70,A4), D0
D0=1B D1=4 D2=749D0370 D3=FFFF D4=10405140 D5=84418545 D6=84418545 D7=FFFF A0=80000 A1=10D01D A2=377EA A3=108FAA A4=108100 A5=108000 A6=10B9CA PC=498A -- 00498A: add.w   D0, D0
D0=36 D1=4 D2=749D0370 D3=FFFF D4=10405140 D5=84418545 D6=84418545 D7=FFFF A0=80000 A1=10D01D A2=377EA A3=108FAA A4=108100 A5=108000 A6=10B9CA PC=498C -- 00498C: add.w   D0, D0
D0=6C D1=4 D2=749D0370 D3=FFFF D4=10405140 D5=84418545 D6=84418545 D7=FFFF A0=80000 A1=10D01D A2=377EA A3=108FAA A4=108100 A5=108000 A6=10B9CA PC=498E -- 00498E: movea.l (A0,D0.w), A0
D0=6C D1=4 D2=749D0370 D3=FFFF D4=10405140 D5=84418545 D6=84418545 D7=FFFF A0=86E00 A1=10D01D A2=377EA A3=108FAA A4=108100 A5=108000 A6=10B9CA PC=4992 -- 004992: move.w  ($46de,A5), D0
D0=4444 D1=4 D2=749D0370 D3=FFFF D4=10405140 D5=84418545 D6=84418545 D7=FFFF A0=86E00 A1=10D01D A2=377EA A3=108FAA A4=108100 A5=108000 A6=10B9CA PC=4996 -- 004996: tst.b   ($46e2,A5)
D0=4444 D1=4 D2=749D0370 D3=FFFF D4=10405140 D5=84418545 D6=84418545 D7=FFFF A0=86E00 A1=10D01D A2=377EA A3=108FAA A4=108100 A5=108000 A6=10B9CA PC=499A -- 00499A: beq     $49a0
D0=4444 D1=4 D2=749D0370 D3=FFFF D4=10405140 D5=84418545 D6=84418545 D7=FFFF A0=86E00 A1=10D01D A2=377EA A3=108FAA A4=108100 A5=108000 A6=10B9CA PC=49A0 -- 0049A0: andi.w  #$ff, D0
D0=44 D1=4 D2=749D0370 D3=FFFF D4=10405140 D5=84418545 D6=84418545 D7=FFFF A0=86E00 A1=10D01D A2=377EA A3=108FAA A4=108100 A5=108000 A6=10B9CA PC=49A4 -- 0049A4: add.w   D0, D0
D0=88 D1=4 D2=749D0370 D3=FFFF D4=10405140 D5=84418545 D6=84418545 D7=FFFF A0=86E00 A1=10D01D A2=377EA A3=108FAA A4=108100 A5=108000 A6=10B9CA PC=49A6 -- 0049A6: add.w   D0, D0
D0=110 D1=4 D2=749D0370 D3=FFFF D4=10405140 D5=84418545 D6=84418545 D7=FFFF A0=86E00 A1=10D01D A2=377EA A3=108FAA A4=108100 A5=108000 A6=10B9CA PC=49A8 -- 0049A8: movea.l (A0,D0.w), A0
D0=110 D1=4 D2=749D0370 D3=FFFF D4=10405140 D5=84418545 D6=84418545 D7=FFFF A0=F31A2 A1=10D01D A2=377EA A3=108FAA A4=108100 A5=108000 A6=10B9CA PC=49AC -- 0049AC: move.w  ($74,A4), D0
D0=0 D1=4 D2=749D0370 D3=FFFF D4=10405140 D5=84418545 D6=84418545 D7=FFFF A0=F31A2 A1=10D01D A2=377EA A3=108FAA A4=108100 A5=108000 A6=10B9CA PC=49B0 -- 0049B0: adda.w  D0, A0
D0=0 D1=4 D2=749D0370 D3=FFFF D4=10405140 D5=84418545 D6=84418545 D7=FFFF A0=F31A2 A1=10D01D A2=377EA A3=108FAA A4=108100 A5=108000 A6=10B9CA PC=49B2 -- 0049B2: move.b  (A0), ($76,A4)
D0=0 D1=4 D2=749D0370 D3=FFFF D4=10405140 D5=84418545 D6=84418545 D7=FFFF A0=F31A2 A1=10D01D A2=377EA A3=108FAA A4=108100 A5=108000 A6=10B9CA PC=49B6 -- 0049B6: bmi     $4a22
D0=0 D1=4 D2=749D0370 D3=FFFF D4=10405140 D5=84418545 D6=84418545 D7=FFFF A0=F31A2 A1=10D01D A2=377EA A3=108FAA A4=108100 A5=108000 A6=10B9CA PC=49BA -- 0049BA: move.b  ($81,A4), D0
D0=0 D1=4 D2=749D0370 D3=FFFF D4=10405140 D5=84418545 D6=84418545 D7=FFFF A0=F31A2 A1=10D01D A2=377EA A3=108FAA A4=108100 A5=108000 A6=10B9CA PC=49BE -- 0049BE: tst.b   ($7d,A4)
D0=0 D1=4 D2=749D0370 D3=FFFF D4=10405140 D5=84418545 D6=84418545 D7=FFFF A0=F31A2 A1=10D01D A2=377EA A3=108FAA A4=108100 A5=108000 A6=10B9CA PC=49C2 -- 0049C2: beq     $49c8
D0=0 D1=4 D2=749D0370 D3=FFFF D4=10405140 D5=84418545 D6=84418545 D7=FFFF A0=F31A2 A1=10D01D A2=377EA A3=108FAA A4=108100 A5=108000 A6=10B9CA PC=49C8 -- 0049C8: add.b   ($7d,A4), D0
D0=0 D1=4 D2=749D0370 D3=FFFF D4=10405140 D5=84418545 D6=84418545 D7=FFFF A0=F31A2 A1=10D01D A2=377EA A3=108FAA A4=108100 A5=108000 A6=10B9CA PC=49CC -- 0049CC: add.b   D0, ($76,A4)
D0=0 D1=4 D2=749D0370 D3=FFFF D4=10405140 D5=84418545 D6=84418545 D7=FFFF A0=F31A2 A1=10D01D A2=377EA A3=108FAA A4=108100 A5=108000 A6=10B9CA PC=49D0 -- 0049D0: bgt     $49d8
D0=0 D1=4 D2=749D0370 D3=FFFF D4=10405140 D5=84418545 D6=84418545 D7=FFFF A0=F31A2 A1=10D01D A2=377EA A3=108FAA A4=108100 A5=108000 A6=10B9CA PC=49D8 -- 0049D8: addq.w  #1, ($7e,A4)
D0=0 D1=4 D2=749D0370 D3=FFFF D4=10405140 D5=84418545 D6=84418545 D7=FFFF A0=F31A2 A1=10D01D A2=377EA A3=108FAA A4=108100 A5=108000 A6=10B9CA PC=49DC -- 0049DC: move.b  ($4,A0), ($7a,A4)
D0=0 D1=4 D2=749D0370 D3=FFFF D4=10405140 D5=84418545 D6=84418545 D7=FFFF A0=F31A2 A1=10D01D A2=377EA A3=108FAA A4=108100 A5=108000 A6=10B9CA PC=49E2 -- 0049E2: move.b  ($5,A0), ($7b,A4)
D0=0 D1=4 D2=749D0370 D3=FFFF D4=10405140 D5=84418545 D6=84418545 D7=FFFF A0=F31A2 A1=10D01D A2=377EA A3=108FAA A4=108100 A5=108000 A6=10B9CA PC=49E8 -- 0049E8: move.l  (A0), D0
D0=10F12C0 D1=4 D2=749D0370 D3=FFFF D4=10405140 D5=84418545 D6=84418545 D7=FFFF A0=F31A2 A1=10D01D A2=377EA A3=108FAA A4=108100 A5=108000 A6=10B9CA PC=49EA -- 0049EA: movea.l D0, A0
D0=10F12C0 D1=4 D2=749D0370 D3=FFFF D4=10405140 D5=84418545 D6=84418545 D7=FFFF A0=10F12C0 A1=10D01D A2=377EA A3=108FAA A4=108100 A5=108000 A6=10B9CA PC=49EC -- 0049EC: move.w  (A0), ($6a,A4)
D0=10F12C0 D1=4 D2=749D0370 D3=FFFF D4=10405140 D5=84418545 D6=84418545 D7=FFFF A0=10F12C0 A1=10D01D A2=377EA A3=108FAA A4=108100 A5=108000 A6=10B9CA PC=49F0 -- 0049F0: move.w  ($2,A0), ($6c,A4)
D0=10F12C0 D1=4 D2=749D0370 D3=FFFF D4=10405140 D5=84418545 D6=84418545 D7=FFFF A0=10F12C0 A1=10D01D A2=377EA A3=108FAA A4=108100 A5=108000 A6=10B9CA PC=49F6 -- 0049F6: rts
D0=10F12C0 D1=4 D2=749D0370 D3=FFFF D4=10405140 D5=84418545 D6=84418545 D7=FFFF A0=10F12C0 A1=10D01D A2=377EA A3=108FAA A4=108100 A5=108000 A6=10B9CA PC=495A -- 00495A: bra     $4906
D0=10F12C0 D1=4 D2=749D0370 D3=FFFF D4=10405140 D5=84418545 D6=84418545 D7=FFFF A0=10F12C0 A1=10D01D A2=377EA A3=108FAA A4=108100 A5=108000 A6=10B9CA PC=4906 -- 004906: subq.b  #1, ($76,A4)
D0=10F12C0 D1=4 D2=749D0370 D3=FFFF D4=10405140 D5=84418545 D6=84418545 D7=FFFF A0=10F12C0 A1=10D01D A2=377EA A3=108FAA A4=108100 A5=108000 A6=10B9CA PC=490A -- 00490A: bhi     $491a
D0=10F12C0 D1=4 D2=749D0370 D3=FFFF D4=10405140 D5=84418545 D6=84418545 D7=FFFF A0=10F12C0 A1=10D01D A2=377EA A3=108FAA A4=108100 A5=108000 A6=10B9CA PC=490C -- 00490C: andi.w  #$efff, ($e6,A4)
D0=10F12C0 D1=4 D2=749D0370 D3=FFFF D4=10405140 D5=84418545 D6=84418545 D7=FFFF A0=10F12C0 A1=10D01D A2=377EA A3=108FAA A4=108100 A5=108000 A6=10B9CA PC=4912 -- 004912: addq.w  #6, ($74,A4)
D0=10F12C0 D1=4 D2=749D0370 D3=FFFF D4=10405140 D5=84418545 D6=84418545 D7=FFFF A0=10F12C0 A1=10D01D A2=377EA A3=108FAA A4=108100 A5=108000 A6=10B9CA PC=4916 -- 004916: bsr     $4962
D0=10F12C0 D1=4 D2=749D0370 D3=FFFF D4=10405140 D5=84418545 D6=84418545 D7=FFFF A0=10F12C0 A1=10D01D A2=377EA A3=108FAA A4=108100 A5=108000 A6=10B9CA PC=4962 -- 004962: lea     $7bf48.l, A0
D0=10F12C0 D1=4 D2=749D0370 D3=FFFF D4=10405140 D5=84418545 D6=84418545 D7=FFFF A0=7BF48 A1=10D01D A2=377EA A3=108FAA A4=108100 A5=108000 A6=10B9CA PC=4968 -- 004968: move.w  ($70,A4), D0
D0=10F001B D1=4 D2=749D0370 D3=FFFF D4=10405140 D5=84418545 D6=84418545 D7=FFFF A0=7BF48 A1=10D01D A2=377EA A3=108FAA A4=108100 A5=108000 A6=10B9CA PC=496C -- 00496C: add.w   D0, D0
D0=10F0036 D1=4 D2=749D0370 D3=FFFF D4=10405140 D5=84418545 D6=84418545 D7=FFFF A0=7BF48 A1=10D01D A2=377EA A3=108FAA A4=108100 A5=108000 A6=10B9CA PC=496E -- 00496E: add.w   D0, D0
D0=10F006C D1=4 D2=749D0370 D3=FFFF D4=10405140 D5=84418545 D6=84418545 D7=FFFF A0=7BF48 A1=10D01D A2=377EA A3=108FAA A4=108100 A5=108000 A6=10B9CA PC=4970 -- 004970: movea.l (A0,D0.w), A0
D0=10F006C D1=4 D2=749D0370 D3=FFFF D4=10405140 D5=84418545 D6=84418545 D7=FFFF A0=7F5E0 A1=10D01D A2=377EA A3=108FAA A4=108100 A5=108000 A6=10B9CA PC=4974 -- 004974: move.w  ($72,A4), D0
D0=10F0044 D1=4 D2=749D0370 D3=FFFF D4=10405140 D5=84418545 D6=84418545 D7=FFFF A0=7F5E0 A1=10D01D A2=377EA A3=108FAA A4=108100 A5=108000 A6=10B9CA PC=4978 -- 004978: add.w   D0, D0
D0=10F0088 D1=4 D2=749D0370 D3=FFFF D4=10405140 D5=84418545 D6=84418545 D7=FFFF A0=7F5E0 A1=10D01D A2=377EA A3=108FAA A4=108100 A5=108000 A6=10B9CA PC=497A -- 00497A: move.w  (A0,D0.w), ($46de,A5)
D0=10F0088 D1=4 D2=749D0370 D3=FFFF D4=10405140 D5=84418545 D6=84418545 D7=FFFF A0=7F5E0 A1=10D01D A2=377EA A3=108FAA A4=108100 A5=108000 A6=10B9CA PC=4980 -- 004980: lea     $80000.l, A0
D0=10F0088 D1=4 D2=749D0370 D3=FFFF D4=10405140 D5=84418545 D6=84418545 D7=FFFF A0=80000 A1=10D01D A2=377EA A3=108FAA A4=108100 A5=108000 A6=10B9CA PC=4986 -- 004986: move.w  ($70,A4), D0
D0=10F001B D1=4 D2=749D0370 D3=FFFF D4=10405140 D5=84418545 D6=84418545 D7=FFFF A0=80000 A1=10D01D A2=377EA A3=108FAA A4=108100 A5=108000 A6=10B9CA PC=498A -- 00498A: add.w   D0, D0
D0=10F0036 D1=4 D2=749D0370 D3=FFFF D4=10405140 D5=84418545 D6=84418545 D7=FFFF A0=80000 A1=10D01D A2=377EA A3=108FAA A4=108100 A5=108000 A6=10B9CA PC=498C -- 00498C: add.w   D0, D0
D0=10F006C D1=4 D2=749D0370 D3=FFFF D4=10405140 D5=84418545 D6=84418545 D7=FFFF A0=80000 A1=10D01D A2=377EA A3=108FAA A4=108100 A5=108000 A6=10B9CA PC=498E -- 00498E: movea.l (A0,D0.w), A0
D0=10F006C D1=4 D2=749D0370 D3=FFFF D4=10405140 D5=84418545 D6=84418545 D7=FFFF A0=86E00 A1=10D01D A2=377EA A3=108FAA A4=108100 A5=108000 A6=10B9CA PC=4992 -- 004992: move.w  ($46de,A5), D0
D0=10F4444 D1=4 D2=749D0370 D3=FFFF D4=10405140 D5=84418545 D6=84418545 D7=FFFF A0=86E00 A1=10D01D A2=377EA A3=108FAA A4=108100 A5=108000 A6=10B9CA PC=4996 -- 004996: tst.b   ($46e2,A5)
D0=10F4444 D1=4 D2=749D0370 D3=FFFF D4=10405140 D5=84418545 D6=84418545 D7=FFFF A0=86E00 A1=10D01D A2=377EA A3=108FAA A4=108100 A5=108000 A6=10B9CA PC=499A -- 00499A: beq     $49a0
D0=10F4444 D1=4 D2=749D0370 D3=FFFF D4=10405140 D5=84418545 D6=84418545 D7=FFFF A0=86E00 A1=10D01D A2=377EA A3=108FAA A4=108100 A5=108000 A6=10B9CA PC=49A0 -- 0049A0: andi.w  #$ff, D0
D0=10F0044 D1=4 D2=749D0370 D3=FFFF D4=10405140 D5=84418545 D6=84418545 D7=FFFF A0=86E00 A1=10D01D A2=377EA A3=108FAA A4=108100 A5=108000 A6=10B9CA PC=49A4 -- 0049A4: add.w   D0, D0
D0=10F0088 D1=4 D2=749D0370 D3=FFFF D4=10405140 D5=84418545 D6=84418545 D7=FFFF A0=86E00 A1=10D01D A2=377EA A3=108FAA A4=108100 A5=108000 A6=10B9CA PC=49A6 -- 0049A6: add.w   D0, D0
D0=10F0110 D1=4 D2=749D0370 D3=FFFF D4=10405140 D5=84418545 D6=84418545 D7=FFFF A0=86E00 A1=10D01D A2=377EA A3=108FAA A4=108100 A5=108000 A6=10B9CA PC=49A8 -- 0049A8: movea.l (A0,D0.w), A0
D0=10F0110 D1=4 D2=749D0370 D3=FFFF D4=10405140 D5=84418545 D6=84418545 D7=FFFF A0=F31A2 A1=10D01D A2=377EA A3=108FAA A4=108100 A5=108000 A6=10B9CA PC=49AC -- 0049AC: move.w  ($74,A4), D0
D0=10F0006 D1=4 D2=749D0370 D3=FFFF D4=10405140 D5=84418545 D6=84418545 D7=FFFF A0=F31A2 A1=10D01D A2=377EA A3=108FAA A4=108100 A5=108000 A6=10B9CA PC=49B0 -- 0049B0: adda.w  D0, A0
D0=10F0006 D1=4 D2=749D0370 D3=FFFF D4=10405140 D5=84418545 D6=84418545 D7=FFFF A0=F31A8 A1=10D01D A2=377EA A3=108FAA A4=108100 A5=108000 A6=10B9CA PC=49B2 -- 0049B2: move.b  (A0), ($76,A4)
D0=10F0006 D1=4 D2=749D0370 D3=FFFF D4=10405140 D5=84418545 D6=84418545 D7=FFFF A0=F31A8 A1=10D01D A2=377EA A3=108FAA A4=108100 A5=108000 A6=10B9CA PC=49B6 -- 0049B6: bmi     $4a22
D0=10F0006 D1=4 D2=749D0370 D3=FFFF D4=10405140 D5=84418545 D6=84418545 D7=FFFF A0=F31A8 A1=10D01D A2=377EA A3=108FAA A4=108100 A5=108000 A6=10B9CA PC=4A22 -- 004A22: addq.w  #6, ($74,A4)
D0=10F0006 D1=4 D2=749D0370 D3=FFFF D4=10405140 D5=84418545 D6=84418545 D7=FFFF A0=F31A8 A1=10D01D A2=377EA A3=108FAA A4=108100 A5=108000 A6=10B9CA PC=4A26 -- 004A26: moveq   #$0, D0
D0=0 D1=4 D2=749D0370 D3=FFFF D4=10405140 D5=84418545 D6=84418545 D7=FFFF A0=F31A8 A1=10D01D A2=377EA A3=108FAA A4=108100 A5=108000 A6=10B9CA PC=4A28 -- 004A28: move.b  (A0), D0
D0=FE D1=4 D2=749D0370 D3=FFFF D4=10405140 D5=84418545 D6=84418545 D7=FFFF A0=F31A8 A1=10D01D A2=377EA A3=108FAA A4=108100 A5=108000 A6=10B9CA PC=4A2A -- 004A2A: neg.b   D0
D0=2 D1=4 D2=749D0370 D3=FFFF D4=10405140 D5=84418545 D6=84418545 D7=FFFF A0=F31A8 A1=10D01D A2=377EA A3=108FAA A4=108100 A5=108000 A6=10B9CA PC=4A2C -- 004A2C: subq.b  #1, D0
D0=1 D1=4 D2=749D0370 D3=FFFF D4=10405140 D5=84418545 D6=84418545 D7=FFFF A0=F31A8 A1=10D01D A2=377EA A3=108FAA A4=108100 A5=108000 A6=10B9CA PC=4A2E -- 004A2E: add.w   D0, D0
D0=2 D1=4 D2=749D0370 D3=FFFF D4=10405140 D5=84418545 D6=84418545 D7=FFFF A0=F31A8 A1=10D01D A2=377EA A3=108FAA A4=108100 A5=108000 A6=10B9CA PC=4A30 -- 004A30: add.w   D0, D0
D0=4 D1=4 D2=749D0370 D3=FFFF D4=10405140 D5=84418545 D6=84418545 D7=FFFF A0=F31A8 A1=10D01D A2=377EA A3=108FAA A4=108100 A5=108000 A6=10B9CA PC=4A32 -- 004A32: lea     ($e,PC) ; ($4a42), A1
D0=4 D1=4 D2=749D0370 D3=FFFF D4=10405140 D5=84418545 D6=84418545 D7=FFFF A0=F31A8 A1=4A42 A2=377EA A3=108FAA A4=108100 A5=108000 A6=10B9CA PC=4A36 -- 004A36: nop
D0=4 D1=4 D2=749D0370 D3=FFFF D4=10405140 D5=84418545 D6=84418545 D7=FFFF A0=F31A8 A1=4A42 A2=377EA A3=108FAA A4=108100 A5=108000 A6=10B9CA PC=4A38 -- 004A38: movea.l (A1,D0.w), A1
D0=4 D1=4 D2=749D0370 D3=FFFF D4=10405140 D5=84418545 D6=84418545 D7=FFFF A0=F31A8 A1=4A64 A2=377EA A3=108FAA A4=108100 A5=108000 A6=10B9CA PC=4A3C -- 004A3C: jsr     (A1)
D0=4 D1=4 D2=749D0370 D3=FFFF D4=10405140 D5=84418545 D6=84418545 D7=FFFF A0=F31A8 A1=4A64 A2=377EA A3=108FAA A4=108100 A5=108000 A6=10B9CA PC=4A64 -- 004A64: ori.b   #$80, ($7a,A4)
D0=4 D1=4 D2=749D0370 D3=FFFF D4=10405140 D5=84418545 D6=84418545 D7=FFFF A0=F31A8 A1=4A64 A2=377EA A3=108FAA A4=108100 A5=108000 A6=10B9CA PC=4A6A -- 004A6A: subi.w  #$c, ($74,A4)
D0=4 D1=4 D2=749D0370 D3=FFFF D4=10405140 D5=84418545 D6=84418545 D7=FFFF A0=F31A8 A1=4A64 A2=377EA A3=108FAA A4=108100 A5=108000 A6=10B9CA PC=4A70 -- 004A70: addq.l  #8, A7
D0=4 D1=4 D2=749D0370 D3=FFFF D4=10405140 D5=84418545 D6=84418545 D7=FFFF A0=F31A8 A1=4A64 A2=377EA A3=108FAA A4=108100 A5=108000 A6=10B9CA PC=4A72 -- 004A72: rts
D0=4 D1=4 D2=749D0370 D3=FFFF D4=10405140 D5=84418545 D6=84418545 D7=FFFF A0=F31A8 A1=4A64 A2=377EA A3=108FAA A4=108100 A5=108000 A6=10B9CA PC=36EB0 -- 036EB0: jmp     $3e2e.w
D0=4 D1=4 D2=749D0370 D3=FFFF D4=10405140 D5=84418545 D6=84418545 D7=FFFF A0=F31A8 A1=4A64 A2=377EA A3=108FAA A4=108100 A5=108000 A6=10B9CA PC=3E2E -- 003E2E: tst.w   ($74,A4)
D0=4 D1=4 D2=749D0370 D3=FFFF D4=10405140 D5=84418545 D6=84418545 D7=FFFF A0=F31A8 A1=4A64 A2=377EA A3=108FAA A4=108100 A5=108000 A6=10B9CA PC=3E32 -- 003E32: bmi     $3e80
D0=4 D1=4 D2=749D0370 D3=FFFF D4=10405140 D5=84418545 D6=84418545 D7=FFFF A0=F31A8 A1=4A64 A2=377EA A3=108FAA A4=108100 A5=108000 A6=10B9CA PC=3E34 -- 003E34: btst    #$6, ($7c,A4)
D0=4 D1=4 D2=749D0370 D3=FFFF D4=10405140 D5=84418545 D6=84418545 D7=FFFF A0=F31A8 A1=4A64 A2=377EA A3=108FAA A4=108100 A5=108000 A6=10B9CA PC=3E3A -- 003E3A: bne     $3e78
D0=4 D1=4 D2=749D0370 D3=FFFF D4=10405140 D5=84418545 D6=84418545 D7=FFFF A0=F31A8 A1=4A64 A2=377EA A3=108FAA A4=108100 A5=108000 A6=10B9CA PC=3E3E -- 003E3E: moveq   #$0, D3
D0=4 D1=4 D2=749D0370 D3=0 D4=10405140 D5=84418545 D6=84418545 D7=FFFF A0=F31A8 A1=4A64 A2=377EA A3=108FAA A4=108100 A5=108000 A6=10B9CA PC=3E40 -- 003E40: move.b  ($82,A4), D3
D0=4 D1=4 D2=749D0370 D3=0 D4=10405140 D5=84418545 D6=84418545 D7=FFFF A0=F31A8 A1=4A64 A2=377EA A3=108FAA A4=108100 A5=108000 A6=10B9CA PC=3E44 -- 003E44: add.w   D3, D3
D0=4 D1=4 D2=749D0370 D3=0 D4=10405140 D5=84418545 D6=84418545 D7=FFFF A0=F31A8 A1=4A64 A2=377EA A3=108FAA A4=108100 A5=108000 A6=10B9CA PC=3E46 -- 003E46: add.w   D3, D3
D0=4 D1=4 D2=749D0370 D3=0 D4=10405140 D5=84418545 D6=84418545 D7=FFFF A0=F31A8 A1=4A64 A2=377EA A3=108FAA A4=108100 A5=108000 A6=10B9CA PC=3E48 -- 003E48: move.w  ($18,A4), D0
D0=30 D1=4 D2=749D0370 D3=0 D4=10405140 D5=84418545 D6=84418545 D7=FFFF A0=F31A8 A1=4A64 A2=377EA A3=108FAA A4=108100 A5=108000 A6=10B9CA PC=3E4C -- 003E4C: lea     ($104c,A5), A0
D0=30 D1=4 D2=749D0370 D3=0 D4=10405140 D5=84418545 D6=84418545 D7=FFFF A0=10904C A1=4A64 A2=377EA A3=108FAA A4=108100 A5=108000 A6=10B9CA PC=3E50 -- 003E50: sub.w   (A0,D3.w), D0
D0=30 D1=4 D2=749D0370 D3=0 D4=10405140 D5=84418545 D6=84418545 D7=FFFF A0=10904C A1=4A64 A2=377EA A3=108FAA A4=108100 A5=108000 A6=10B9CA PC=3E54 -- 003E54: addi.w  #$30, D0
D0=60 D1=4 D2=749D0370 D3=0 D4=10405140 D5=84418545 D6=84418545 D7=FFFF A0=10904C A1=4A64 A2=377EA A3=108FAA A4=108100 A5=108000 A6=10B9CA PC=3E58 -- 003E58: cmpi.w  #$1a0, D0
D0=60 D1=4 D2=749D0370 D3=0 D4=10405140 D5=84418545 D6=84418545 D7=FFFF A0=10904C A1=4A64 A2=377EA A3=108FAA A4=108100 A5=108000 A6=10B9CA PC=3E5C -- 003E5C: bls     $3e60
D0=60 D1=4 D2=749D0370 D3=0 D4=10405140 D5=84418545 D6=84418545 D7=FFFF A0=10904C A1=4A64 A2=377EA A3=108FAA A4=108100 A5=108000 A6=10B9CA PC=3E60 -- 003E60: move.w  ($1c,A4), D0
D0=CB D1=4 D2=749D0370 D3=0 D4=10405140 D5=84418545 D6=84418545 D7=FFFF A0=10904C A1=4A64 A2=377EA A3=108FAA A4=108100 A5=108000 A6=10B9CA PC=3E64 -- 003E64: sub.w   ($20,A4), D0
D0=CB D1=4 D2=749D0370 D3=0 D4=10405140 D5=84418545 D6=84418545 D7=FFFF A0=10904C A1=4A64 A2=377EA A3=108FAA A4=108100 A5=108000 A6=10B9CA PC=3E68 -- 003E68: lea     ($1058,A5), A0
D0=CB D1=4 D2=749D0370 D3=0 D4=10405140 D5=84418545 D6=84418545 D7=FFFF A0=109058 A1=4A64 A2=377EA A3=108FAA A4=108100 A5=108000 A6=10B9CA PC=3E6C -- 003E6C: sub.w   (A0,D3.w), D0
D0=CB D1=4 D2=749D0370 D3=0 D4=10405140 D5=84418545 D6=84418545 D7=FFFF A0=109058 A1=4A64 A2=377EA A3=108FAA A4=108100 A5=108000 A6=10B9CA PC=3E70 -- 003E70: cmpi.w  #$1c0, D0
D0=CB D1=4 D2=749D0370 D3=0 D4=10405140 D5=84418545 D6=84418545 D7=FFFF A0=109058 A1=4A64 A2=377EA A3=108FAA A4=108100 A5=108000 A6=10B9CA PC=3E74 -- 003E74: bls     $3e78
D0=CB D1=4 D2=749D0370 D3=0 D4=10405140 D5=84418545 D6=84418545 D7=FFFF A0=109058 A1=4A64 A2=377EA A3=108FAA A4=108100 A5=108000 A6=10B9CA PC=3E78 -- 003E78: bsr     $4860
D0=CB D1=4 D2=749D0370 D3=0 D4=10405140 D5=84418545 D6=84418545 D7=FFFF A0=109058 A1=4A64 A2=377EA A3=108FAA A4=108100 A5=108000 A6=10B9CA PC=4860 -- 004860: lea     $7bf48.l, A0
D0=CB D1=4 D2=749D0370 D3=0 D4=10405140 D5=84418545 D6=84418545 D7=FFFF A0=7BF48 A1=4A64 A2=377EA A3=108FAA A4=108100 A5=108000 A6=10B9CA PC=4866 -- 004866: move.w  ($70,A4), D0
D0=1B D1=4 D2=749D0370 D3=0 D4=10405140 D5=84418545 D6=84418545 D7=FFFF A0=7BF48 A1=4A64 A2=377EA A3=108FAA A4=108100 A5=108000 A6=10B9CA PC=486A -- 00486A: add.w   D0, D0
D0=36 D1=4 D2=749D0370 D3=0 D4=10405140 D5=84418545 D6=84418545 D7=FFFF A0=7BF48 A1=4A64 A2=377EA A3=108FAA A4=108100 A5=108000 A6=10B9CA PC=486C -- 00486C: add.w   D0, D0
D0=6C D1=4 D2=749D0370 D3=0 D4=10405140 D5=84418545 D6=84418545 D7=FFFF A0=7BF48 A1=4A64 A2=377EA A3=108FAA A4=108100 A5=108000 A6=10B9CA PC=486E -- 00486E: movea.l (A0,D0.w), A0
D0=6C D1=4 D2=749D0370 D3=0 D4=10405140 D5=84418545 D6=84418545 D7=FFFF A0=7F5E0 A1=4A64 A2=377EA A3=108FAA A4=108100 A5=108000 A6=10B9CA PC=4872 -- 004872: move.w  ($72,A4), D0
D0=44 D1=4 D2=749D0370 D3=0 D4=10405140 D5=84418545 D6=84418545 D7=FFFF A0=7F5E0 A1=4A64 A2=377EA A3=108FAA A4=108100 A5=108000 A6=10B9CA PC=4876 -- 004876: add.w   D0, D0
D0=88 D1=4 D2=749D0370 D3=0 D4=10405140 D5=84418545 D6=84418545 D7=FFFF A0=7F5E0 A1=4A64 A2=377EA A3=108FAA A4=108100 A5=108000 A6=10B9CA PC=4878 -- 004878: move.w  (A0,D0.w), D1
D0=88 D1=4444 D2=749D0370 D3=0 D4=10405140 D5=84418545 D6=84418545 D7=FFFF A0=7F5E0 A1=4A64 A2=377EA A3=108FAA A4=108100 A5=108000 A6=10B9CA PC=487C -- 00487C: move.w  D1, ($46de,A5)
D0=88 D1=4444 D2=749D0370 D3=0 D4=10405140 D5=84418545 D6=84418545 D7=FFFF A0=7F5E0 A1=4A64 A2=377EA A3=108FAA A4=108100 A5=108000 A6=10B9CA PC=4880 -- 004880: lea     $80000.l, A0
D0=88 D1=4444 D2=749D0370 D3=0 D4=10405140 D5=84418545 D6=84418545 D7=FFFF A0=80000 A1=4A64 A2=377EA A3=108FAA A4=108100 A5=108000 A6=10B9CA PC=4886 -- 004886: move.w  ($70,A4), D0
D0=1B D1=4444 D2=749D0370 D3=0 D4=10405140 D5=84418545 D6=84418545 D7=FFFF A0=80000 A1=4A64 A2=377EA A3=108FAA A4=108100 A5=108000 A6=10B9CA PC=488A -- 00488A: add.w   D0, D0
D0=36 D1=4444 D2=749D0370 D3=0 D4=10405140 D5=84418545 D6=84418545 D7=FFFF A0=80000 A1=4A64 A2=377EA A3=108FAA A4=108100 A5=108000 A6=10B9CA PC=488C -- 00488C: add.w   D0, D0
D0=6C D1=4444 D2=749D0370 D3=0 D4=10405140 D5=84418545 D6=84418545 D7=FFFF A0=80000 A1=4A64 A2=377EA A3=108FAA A4=108100 A5=108000 A6=10B9CA PC=488E -- 00488E: movea.l (A0,D0.w), A0
D0=6C D1=4444 D2=749D0370 D3=0 D4=10405140 D5=84418545 D6=84418545 D7=FFFF A0=86E00 A1=4A64 A2=377EA A3=108FAA A4=108100 A5=108000 A6=10B9CA PC=4892 -- 004892: move.w  ($46de,A5), D0
D0=4444 D1=4444 D2=749D0370 D3=0 D4=10405140 D5=84418545 D6=84418545 D7=FFFF A0=86E00 A1=4A64 A2=377EA A3=108FAA A4=108100 A5=108000 A6=10B9CA PC=4896 -- 004896: tst.b   ($46e2,A5)
D0=4444 D1=4444 D2=749D0370 D3=0 D4=10405140 D5=84418545 D6=84418545 D7=FFFF A0=86E00 A1=4A64 A2=377EA A3=108FAA A4=108100 A5=108000 A6=10B9CA PC=489A -- 00489A: beq     $48a0
D0=4444 D1=4444 D2=749D0370 D3=0 D4=10405140 D5=84418545 D6=84418545 D7=FFFF A0=86E00 A1=4A64 A2=377EA A3=108FAA A4=108100 A5=108000 A6=10B9CA PC=48A0 -- 0048A0: andi.w  #$ff, D0
D0=44 D1=4444 D2=749D0370 D3=0 D4=10405140 D5=84418545 D6=84418545 D7=FFFF A0=86E00 A1=4A64 A2=377EA A3=108FAA A4=108100 A5=108000 A6=10B9CA PC=48A4 -- 0048A4: add.w   D0, D0
D0=88 D1=4444 D2=749D0370 D3=0 D4=10405140 D5=84418545 D6=84418545 D7=FFFF A0=86E00 A1=4A64 A2=377EA A3=108FAA A4=108100 A5=108000 A6=10B9CA PC=48A6 -- 0048A6: add.w   D0, D0
D0=110 D1=4444 D2=749D0370 D3=0 D4=10405140 D5=84418545 D6=84418545 D7=FFFF A0=86E00 A1=4A64 A2=377EA A3=108FAA A4=108100 A5=108000 A6=10B9CA PC=48A8 -- 0048A8: movea.l (A0,D0.w), A0
D0=110 D1=4444 D2=749D0370 D3=0 D4=10405140 D5=84418545 D6=84418545 D7=FFFF A0=F31A2 A1=4A64 A2=377EA A3=108FAA A4=108100 A5=108000 A6=10B9CA PC=48AC -- 0048AC: move.w  ($74,A4), D0
D0=0 D1=4444 D2=749D0370 D3=0 D4=10405140 D5=84418545 D6=84418545 D7=FFFF A0=F31A2 A1=4A64 A2=377EA A3=108FAA A4=108100 A5=108000 A6=10B9CA PC=48B0 -- 0048B0: adda.w  D0, A0
D0=0 D1=4444 D2=749D0370 D3=0 D4=10405140 D5=84418545 D6=84418545 D7=FFFF A0=F31A2 A1=4A64 A2=377EA A3=108FAA A4=108100 A5=108000 A6=10B9CA PC=48B2 -- 0048B2: move.l  (A0), D0
D0=10F12C0 D1=4444 D2=749D0370 D3=0 D4=10405140 D5=84418545 D6=84418545 D7=FFFF A0=F31A2 A1=4A64 A2=377EA A3=108FAA A4=108100 A5=108000 A6=10B9CA PC=48B4 -- 0048B4: andi.l  #$ffffff, D0
D0=F12C0 D1=4444 D2=749D0370 D3=0 D4=10405140 D5=84418545 D6=84418545 D7=FFFF A0=F31A2 A1=4A64 A2=377EA A3=108FAA A4=108100 A5=108000 A6=10B9CA PC=48BA -- 0048BA: movea.l D0, A0
D0=F12C0 D1=4444 D2=749D0370 D3=0 D4=10405140 D5=84418545 D6=84418545 D7=FFFF A0=F12C0 A1=4A64 A2=377EA A3=108FAA A4=108100 A5=108000 A6=10B9CA PC=48BC -- 0048BC: move.w  ($4,A0), D0
D0=F007F D1=4444 D2=749D0370 D3=0 D4=10405140 D5=84418545 D6=84418545 D7=FFFF A0=F12C0 A1=4A64 A2=377EA A3=108FAA A4=108100 A5=108000 A6=10B9CA PC=48C0 -- 0048C0: andi.w  #$1fff, D0
D0=F007F D1=4444 D2=749D0370 D3=0 D4=10405140 D5=84418545 D6=84418545 D7=FFFF A0=F12C0 A1=4A64 A2=377EA A3=108FAA A4=108100 A5=108000 A6=10B9CA PC=48C4 -- 0048C4: move.w  D0, ($46e0,A5)
D0=F007F D1=4444 D2=749D0370 D3=0 D4=10405140 D5=84418545 D6=84418545 D7=FFFF A0=F12C0 A1=4A64 A2=377EA A3=108FAA A4=108100 A5=108000 A6=10B9CA PC=48C8 -- 0048C8: lea     $80080.l, A0
D0=F007F D1=4444 D2=749D0370 D3=0 D4=10405140 D5=84418545 D6=84418545 D7=FFFF A0=80080 A1=4A64 A2=377EA A3=108FAA A4=108100 A5=108000 A6=10B9CA PC=48CE -- 0048CE: move.w  ($70,A4), D1
D0=F007F D1=1B D2=749D0370 D3=0 D4=10405140 D5=84418545 D6=84418545 D7=FFFF A0=80080 A1=4A64 A2=377EA A3=108FAA A4=108100 A5=108000 A6=10B9CA PC=48D2 -- 0048D2: add.w   D1, D1
D0=F007F D1=36 D2=749D0370 D3=0 D4=10405140 D5=84418545 D6=84418545 D7=FFFF A0=80080 A1=4A64 A2=377EA A3=108FAA A4=108100 A5=108000 A6=10B9CA PC=48D4 -- 0048D4: add.w   D1, D1
D0=F007F D1=6C D2=749D0370 D3=0 D4=10405140 D5=84418545 D6=84418545 D7=FFFF A0=80080 A1=4A64 A2=377EA A3=108FAA A4=108100 A5=108000 A6=10B9CA PC=48D6 -- 0048D6: movea.l (A0,D1.w), A0
D0=F007F D1=6C D2=749D0370 D3=0 D4=10405140 D5=84418545 D6=84418545 D7=FFFF A0=95200 A1=4A64 A2=377EA A3=108FAA A4=108100 A5=108000 A6=10B9CA PC=48DA -- 0048DA: add.w   D0, D0
D0=F00FE D1=6C D2=749D0370 D3=0 D4=10405140 D5=84418545 D6=84418545 D7=FFFF A0=95200 A1=4A64 A2=377EA A3=108FAA A4=108100 A5=108000 A6=10B9CA PC=48DC -- 0048DC: add.w   D0, D0
D0=F01FC D1=6C D2=749D0370 D3=0 D4=10405140 D5=84418545 D6=84418545 D7=FFFF A0=95200 A1=4A64 A2=377EA A3=108FAA A4=108100 A5=108000 A6=10B9CA PC=48DE -- 0048DE: move.l  (A0,D0.w), ($28,A4)
D0=F01FC D1=6C D2=749D0370 D3=0 D4=10405140 D5=84418545 D6=84418545 D7=FFFF A0=95200 A1=4A64 A2=377EA A3=108FAA A4=108100 A5=108000 A6=10B9CA PC=48E4 -- 0048E4: rts
D0=F01FC D1=6C D2=749D0370 D3=0 D4=10405140 D5=84418545 D6=84418545 D7=FFFF A0=95200 A1=4A64 A2=377EA A3=108FAA A4=108100 A5=108000 A6=10B9CA PC=3E7C -- 003E7C: bra     $481a
D0=F01FC D1=6C D2=749D0370 D3=0 D4=10405140 D5=84418545 D6=84418545 D7=FFFF A0=95200 A1=4A64 A2=377EA A3=108FAA A4=108100 A5=108000 A6=10B9CA PC=481A -- 00481A: addq.w  #1, ($e3a,A5)
D0=F01FC D1=6C D2=749D0370 D3=0 D4=10405140 D5=84418545 D6=84418545 D7=FFFF A0=95200 A1=4A64 A2=377EA A3=108FAA A4=108100 A5=108000 A6=10B9CA PC=481E -- 00481E: lea     ($838,A5), A1
D0=F01FC D1=6C D2=749D0370 D3=0 D4=10405140 D5=84418545 D6=84418545 D7=FFFF A0=95200 A1=108838 A2=377EA A3=108FAA A4=108100 A5=108000 A6=10B9CA PC=4822 -- 004822: move.w  ($2c,A4), D0
D0=F0078 D1=6C D2=749D0370 D3=0 D4=10405140 D5=84418545 D6=84418545 D7=FFFF A0=95200 A1=108838 A2=377EA A3=108FAA A4=108100 A5=108000 A6=10B9CA PC=4826 -- 004826: move.w  D0, D1
D0=F0078 D1=78 D2=749D0370 D3=0 D4=10405140 D5=84418545 D6=84418545 D7=FFFF A0=95200 A1=108838 A2=377EA A3=108FAA A4=108100 A5=108000 A6=10B9CA PC=4828 -- 004828: add.w   D1, D1
D0=F0078 D1=F0 D2=749D0370 D3=0 D4=10405140 D5=84418545 D6=84418545 D7=FFFF A0=95200 A1=108838 A2=377EA A3=108FAA A4=108100 A5=108000 A6=10B9CA PC=482A -- 00482A: adda.w  D1, A1
D0=F0078 D1=F0 D2=749D0370 D3=0 D4=10405140 D5=84418545 D6=84418545 D7=FFFF A0=95200 A1=108928 A2=377EA A3=108FAA A4=108100 A5=108000 A6=10B9CA PC=482C -- 00482C: cmp.w   ($e38,A5), D1
D0=F0078 D1=F0 D2=749D0370 D3=0 D4=10405140 D5=84418545 D6=84418545 D7=FFFF A0=95200 A1=108928 A2=377EA A3=108FAA A4=108100 A5=108000 A6=10B9CA PC=4830 -- 004830: bhi     $4836
D0=F0078 D1=F0 D2=749D0370 D3=0 D4=10405140 D5=84418545 D6=84418545 D7=FFFF A0=95200 A1=108928 A2=377EA A3=108FAA A4=108100 A5=108000 A6=10B9CA PC=4832 -- 004832: move.w  D1, ($e38,A5)
D0=F0078 D1=F0 D2=749D0370 D3=0 D4=10405140 D5=84418545 D6=84418545 D7=FFFF A0=95200 A1=108928 A2=377EA A3=108FAA A4=108100 A5=108000 A6=10B9CA PC=4836 -- 004836: move.w  (A1)+, D1
D0=F0078 D1=0 D2=749D0370 D3=0 D4=10405140 D5=84418545 D6=84418545 D7=FFFF A0=95200 A1=10892A A2=377EA A3=108FAA A4=108100 A5=108000 A6=10B9CA PC=4838 -- 004838: beq     $485a
D0=F0078 D1=0 D2=749D0370 D3=0 D4=10405140 D5=84418545 D6=84418545 D7=FFFF A0=95200 A1=10892A A2=377EA A3=108FAA A4=108100 A5=108000 A6=10B9CA PC=485A -- 00485A: move.w  A4, (-$2,A1)
D0=F0078 D1=0 D2=749D0370 D3=0 D4=10405140 D5=84418545 D6=84418545 D7=FFFF A0=95200 A1=10892A A2=377EA A3=108FAA A4=108100 A5=108000 A6=10B9CA PC=485E -- 00485E: rts
D0=F0078 D1=0 D2=749D0370 D3=0 D4=10405140 D5=84418545 D6=84418545 D7=FFFF A0=95200 A1=10892A A2=377EA A3=108FAA A4=108100 A5=108000 A6=10B9CA PC=37216 -- 037216: clr.b   ($1,A6)
D0=F0078 D1=0 D2=749D0370 D3=0 D4=10405140 D5=84418545 D6=84418545 D7=FFFF A0=95200 A1=10892A A2=377EA A3=108FAA A4=108100 A5=108000 A6=10B9CA PC=3721A -- 03721A: rts
D0=F0078 D1=0 D2=749D0370 D3=0 D4=10405140 D5=84418545 D6=84418545 D7=FFFF A0=95200 A1=10892A A2=377EA A3=108FAA A4=108100 A5=108000 A6=10B9CA PC=37096 -- 037096: bsr     $3721c
D0=F0078 D1=0 D2=749D0370 D3=0 D4=10405140 D5=84418545 D6=84418545 D7=FFFF A0=95200 A1=10892A A2=377EA A3=108FAA A4=108100 A5=108000 A6=10B9CA PC=3721C -- 03721C: movea.l ($7ee,A5), A6
D0=F0078 D1=0 D2=749D0370 D3=0 D4=10405140 D5=84418545 D6=84418545 D7=FFFF A0=95200 A1=10892A A2=377EA A3=108FAA A4=108100 A5=108000 A6=10BA1E PC=37220 -- 037220: btst    #$5, (-$8000,A5)
D0=F0078 D1=0 D2=749D0370 D3=0 D4=10405140 D5=84418545 D6=84418545 D7=FFFF A0=95200 A1=10892A A2=377EA A3=108FAA A4=108100 A5=108000 A6=10BA1E PC=37226 -- 037226: beq     $3722c
D0=F0078 D1=0 D2=749D0370 D3=0 D4=10405140 D5=84418545 D6=84418545 D7=FFFF A0=95200 A1=10892A A2=377EA A3=108FAA A4=108100 A5=108000 A6=10BA1E PC=3722C -- 03722C: lea     ($300,A5), A4
D0=F0078 D1=0 D2=749D0370 D3=0 D4=10405140 D5=84418545 D6=84418545 D7=FFFF A0=95200 A1=10892A A2=377EA A3=108FAA A4=108300 A5=108000 A6=10BA1E PC=37230 -- 037230: movea.l (A4), A0
D0=F0078 D1=0 D2=749D0370 D3=0 D4=10405140 D5=84418545 D6=84418545 D7=FFFF A0=37274 A1=10892A A2=377EA A3=108FAA A4=108300 A5=108000 A6=10BA1E PC=37232 -- 037232: jsr     (A0)
D0=F0078 D1=0 D2=749D0370 D3=0 D4=10405140 D5=84418545 D6=84418545 D7=FFFF A0=37274 A1=10892A A2=377EA A3=108FAA A4=108300 A5=108000 A6=10BA1E PC=37274 -- 037274: btst    #$0, ($cf,A4)
D0=F0078 D1=0 D2=749D0370 D3=0 D4=10405140 D5=84418545 D6=84418545 D7=FFFF A0=37274 A1=10892A A2=377EA A3=108FAA A4=108300 A5=108000 A6=10BA1E PC=3727A -- 03727A: bne     $372c6
D0=F0078 D1=0 D2=749D0370 D3=0 D4=10405140 D5=84418545 D6=84418545 D7=FFFF A0=37274 A1=10892A A2=377EA A3=108FAA A4=108300 A5=108000 A6=10BA1E PC=3727C -- 03727C: tst.b   ($130,A4)
D0=F0078 D1=0 D2=749D0370 D3=0 D4=10405140 D5=84418545 D6=84418545 D7=FFFF A0=37274 A1=10892A A2=377EA A3=108FAA A4=108300 A5=108000 A6=10BA1E PC=37280 -- 037280: bpl     $37298
D0=F0078 D1=0 D2=749D0370 D3=0 D4=10405140 D5=84418545 D6=84418545 D7=FFFF A0=37274 A1=10892A A2=377EA A3=108FAA A4=108300 A5=108000 A6=10BA1E PC=37298 -- 037298: bsr     $37574
D0=F0078 D1=0 D2=749D0370 D3=0 D4=10405140 D5=84418545 D6=84418545 D7=FFFF A0=37274 A1=10892A A2=377EA A3=108FAA A4=108300 A5=108000 A6=10BA1E PC=37574 -- 037574: btst    #$2, ($785,A5)
D0=F0078 D1=0 D2=749D0370 D3=0 D4=10405140 D5=84418545 D6=84418545 D7=FFFF A0=37274 A1=10892A A2=377EA A3=108FAA A4=108300 A5=108000 A6=10BA1E PC=3757A -- 03757A: bne     $37598
D0=F0078 D1=0 D2=749D0370 D3=0 D4=10405140 D5=84418545 D6=84418545 D7=FFFF A0=37274 A1=10892A A2=377EA A3=108FAA A4=108300 A5=108000 A6=10BA1E PC=3757C -- 03757C: movea.l ($b6,A4), A0
D0=F0078 D1=0 D2=749D0370 D3=0 D4=10405140 D5=84418545 D6=84418545 D7=FFFF A0=108100 A1=10892A A2=377EA A3=108FAA A4=108300 A5=108000 A6=10BA1E PC=37580 -- 037580: move.b  ($130,A0), D0
D0=F0081 D1=0 D2=749D0370 D3=0 D4=10405140 D5=84418545 D6=84418545 D7=FFFF A0=108100 A1=10892A A2=377EA A3=108FAA A4=108300 A5=108000 A6=10BA1E PC=37584 -- 037584: andi.b  #$7f, D0
D0=F0001 D1=0 D2=749D0370 D3=0 D4=10405140 D5=84418545 D6=84418545 D7=FFFF A0=108100 A1=10892A A2=377EA A3=108FAA A4=108300 A5=108000 A6=10BA1E PC=37588 -- 037588: subq.b  #1, D0
D0=F0000 D1=0 D2=749D0370 D3=0 D4=10405140 D5=84418545 D6=84418545 D7=FFFF A0=108100 A1=10892A A2=377EA A3=108FAA A4=108300 A5=108000 A6=10BA1E PC=3758A -- 03758A: btst    D0, ($7e6,A5)
D0=F0000 D1=0 D2=749D0370 D3=0 D4=10405140 D5=84418545 D6=84418545 D7=FFFF A0=108100 A1=10892A A2=377EA A3=108FAA A4=108300 A5=108000 A6=10BA1E PC=3758E -- 03758E: bne     $375c0
D0=F0000 D1=0 D2=749D0370 D3=0 D4=10405140 D5=84418545 D6=84418545 D7=FFFF A0=108100 A1=10892A A2=377EA A3=108FAA A4=108300 A5=108000 A6=10BA1E PC=37590 -- 037590: cmpi.b  #-$1, ($7df,A5)
D0=F0000 D1=0 D2=749D0370 D3=0 D4=10405140 D5=84418545 D6=84418545 D7=FFFF A0=108100 A1=10892A A2=377EA A3=108FAA A4=108300 A5=108000 A6=10BA1E PC=37596 -- 037596: beq     $375c2
D0=F0000 D1=0 D2=749D0370 D3=0 D4=10405140 D5=84418545 D6=84418545 D7=FFFF A0=108100 A1=10892A A2=377EA A3=108FAA A4=108300 A5=108000 A6=10BA1E PC=37598 -- 037598: move.w  ($d0,A4), D0
D0=F0000 D1=0 D2=749D0370 D3=0 D4=10405140 D5=84418545 D6=84418545 D7=FFFF A0=108100 A1=10892A A2=377EA A3=108FAA A4=108300 A5=108000 A6=10BA1E PC=3759C -- 03759C: add.w   D0, D0
D0=F0000 D1=0 D2=749D0370 D3=0 D4=10405140 D5=84418545 D6=84418545 D7=FFFF A0=108100 A1=10892A A2=377EA A3=108FAA A4=108300 A5=108000 A6=10BA1E PC=3759E -- 03759E: add.w   D0, D0
D0=F0000 D1=0 D2=749D0370 D3=0 D4=10405140 D5=84418545 D6=84418545 D7=FFFF A0=108100 A1=10892A A2=377EA A3=108FAA A4=108300 A5=108000 A6=10BA1E PC=375A0 -- 0375A0: lea     ($42,PC) ; ($375e4), A0
D0=F0000 D1=0 D2=749D0370 D3=0 D4=10405140 D5=84418545 D6=84418545 D7=FFFF A0=375E4 A1=10892A A2=377EA A3=108FAA A4=108300 A5=108000 A6=10BA1E PC=375A4 -- 0375A4: nop
D0=F0000 D1=0 D2=749D0370 D3=0 D4=10405140 D5=84418545 D6=84418545 D7=FFFF A0=375E4 A1=10892A A2=377EA A3=108FAA A4=108300 A5=108000 A6=10BA1E PC=375A6 -- 0375A6: btst    #$2, ($785,A5)
D0=F0000 D1=0 D2=749D0370 D3=0 D4=10405140 D5=84418545 D6=84418545 D7=FFFF A0=375E4 A1=10892A A2=377EA A3=108FAA A4=108300 A5=108000 A6=10BA1E PC=375AC -- 0375AC: bne     $375ba
D0=F0000 D1=0 D2=749D0370 D3=0 D4=10405140 D5=84418545 D6=84418545 D7=FFFF A0=375E4 A1=10892A A2=377EA A3=108FAA A4=108300 A5=108000 A6=10BA1E PC=375AE -- 0375AE: btst    #$6, ($7e6,A5)
D0=F0000 D1=0 D2=749D0370 D3=0 D4=10405140 D5=84418545 D6=84418545 D7=FFFF A0=375E4 A1=10892A A2=377EA A3=108FAA A4=108300 A5=108000 A6=10BA1E PC=375B4 -- 0375B4: beq     $375ba
D0=F0000 D1=0 D2=749D0370 D3=0 D4=10405140 D5=84418545 D6=84418545 D7=FFFF A0=375E4 A1=10892A A2=377EA A3=108FAA A4=108300 A5=108000 A6=10BA1E PC=375BA -- 0375BA: movea.l (A0,D0.w), A0
D0=F0000 D1=0 D2=749D0370 D3=0 D4=10405140 D5=84418545 D6=84418545 D7=FFFF A0=375F8 A1=10892A A2=377EA A3=108FAA A4=108300 A5=108000 A6=10BA1E PC=375BE -- 0375BE: jsr     (A0)
D0=F0000 D1=0 D2=749D0370 D3=0 D4=10405140 D5=84418545 D6=84418545 D7=FFFF A0=375F8 A1=10892A A2=377EA A3=108FAA A4=108300 A5=108000 A6=10BA1E PC=375F8 -- 0375F8: jsr     $2582.w
