D0=10BDF4 D1=E4A2 D2=0 D3=FFFF D4=16405000 D5=84598540 D6=84598540 D7=FFFF A0=108910 A1=102100 A2=F7588 A3=108F4A A4=20F129C A5=108000 A6=108E74 PC=32BBE -- 032BBE: bne     $32bca
D0=10BDF4 D1=E4A2 D2=0 D3=FFFF D4=16405000 D5=84598540 D6=84598540 D7=FFFF A0=108910 A1=102100 A2=F7588 A3=108F4A A4=20F129C A5=108000 A6=108E74 PC=32BC2 -- 032BC2: move.w  ($38ba,A5), $401ffe.l
D0=10BDF4 D1=E4A2 D2=0 D3=FFFF D4=16405000 D5=84598540 D6=84598540 D7=FFFF A0=108910 A1=102100 A2=F7588 A3=108F4A A4=20F129C A5=108000 A6=108E74 PC=32BCA -- 032BCA: tst.b   ($784,A5)
D0=10BDF4 D1=E4A2 D2=0 D3=FFFF D4=16405000 D5=84598540 D6=84598540 D7=FFFF A0=108910 A1=102100 A2=F7588 A3=108F4A A4=20F129C A5=108000 A6=108E74 PC=32BCE -- 032BCE: bne     $32bea
D0=10BDF4 D1=E4A2 D2=0 D3=FFFF D4=16405000 D5=84598540 D6=84598540 D7=FFFF A0=108910 A1=102100 A2=F7588 A3=108F4A A4=20F129C A5=108000 A6=108E74 PC=32BD0 -- 032BD0: addq.l  #1, (-$7f7c,A5)
D0=10BDF4 D1=E4A2 D2=0 D3=FFFF D4=16405000 D5=84598540 D6=84598540 D7=FFFF A0=108910 A1=102100 A2=F7588 A3=108F4A A4=20F129C A5=108000 A6=108E74 PC=32BD4 -- 032BD4: bsr     $33614
D0=10BDF4 D1=E4A2 D2=0 D3=FFFF D4=16405000 D5=84598540 D6=84598540 D7=FFFF A0=108910 A1=102100 A2=F7588 A3=108F4A A4=20F129C A5=108000 A6=108E74 PC=33614 -- 033614: tst.b   ($38b8,A5)
D0=10BDF4 D1=E4A2 D2=0 D3=FFFF D4=16405000 D5=84598540 D6=84598540 D7=FFFF A0=108910 A1=102100 A2=F7588 A3=108F4A A4=20F129C A5=108000 A6=108E74 PC=33618 -- 033618: bpl     $33632
D0=10BDF4 D1=E4A2 D2=0 D3=FFFF D4=16405000 D5=84598540 D6=84598540 D7=FFFF A0=108910 A1=102100 A2=F7588 A3=108F4A A4=20F129C A5=108000 A6=108E74 PC=33632 -- 033632: andi.b  #$7f, ($38b8,A5)
D0=10BDF4 D1=E4A2 D2=0 D3=FFFF D4=16405000 D5=84598540 D6=84598540 D7=FFFF A0=108910 A1=102100 A2=F7588 A3=108F4A A4=20F129C A5=108000 A6=108E74 PC=33638 -- 033638: lea     ($18a6,A5), A0
D0=10BDF4 D1=E4A2 D2=0 D3=FFFF D4=16405000 D5=84598540 D6=84598540 D7=FFFF A0=1098A6 A1=102100 A2=F7588 A3=108F4A A4=20F129C A5=108000 A6=108E74 PC=3363C -- 03363C: move.w  (A0), D0
D0=10FFFF D1=E4A2 D2=0 D3=FFFF D4=16405000 D5=84598540 D6=84598540 D7=FFFF A0=1098A6 A1=102100 A2=F7588 A3=108F4A A4=20F129C A5=108000 A6=108E74 PC=3363E -- 03363E: bmi     $3365e
D0=10FFFF D1=E4A2 D2=0 D3=FFFF D4=16405000 D5=84598540 D6=84598540 D7=FFFF A0=1098A6 A1=102100 A2=F7588 A3=108F4A A4=20F129C A5=108000 A6=108E74 PC=3365E -- 03365E: move.l  #$1098a6, ($38a8,A5)
D0=10FFFF D1=E4A2 D2=0 D3=FFFF D4=16405000 D5=84598540 D6=84598540 D7=FFFF A0=1098A6 A1=102100 A2=F7588 A3=108F4A A4=20F129C A5=108000 A6=108E74 PC=33666 -- 033666: move.w  #$ffff, ($18a6,A5)
D0=10FFFF D1=E4A2 D2=0 D3=FFFF D4=16405000 D5=84598540 D6=84598540 D7=FFFF A0=1098A6 A1=102100 A2=F7588 A3=108F4A A4=20F129C A5=108000 A6=108E74 PC=3366C -- 03366C: rts
D0=10FFFF D1=E4A2 D2=0 D3=FFFF D4=16405000 D5=84598540 D6=84598540 D7=FFFF A0=1098A6 A1=102100 A2=F7588 A3=108F4A A4=20F129C A5=108000 A6=108E74 PC=32BD8 -- 032BD8: bsr     $3366e
D0=10FFFF D1=E4A2 D2=0 D3=FFFF D4=16405000 D5=84598540 D6=84598540 D7=FFFF A0=1098A6 A1=102100 A2=F7588 A3=108F4A A4=20F129C A5=108000 A6=108E74 PC=3366E -- 03366E: move.w  #$1, $3c0004.l
D0=10FFFF D1=E4A2 D2=0 D3=FFFF D4=16405000 D5=84598540 D6=84598540 D7=FFFF A0=1098A6 A1=102100 A2=F7588 A3=108F4A A4=20F129C A5=108000 A6=108E74 PC=33676 -- 033676: lea     ($e3c,A5), A0
D0=10FFFF D1=E4A2 D2=0 D3=FFFF D4=16405000 D5=84598540 D6=84598540 D7=FFFF A0=108E3C A1=102100 A2=F7588 A3=108F4A A4=20F129C A5=108000 A6=108E74 PC=3367A -- 03367A: move.w  ($1044,A5), D0
D0=100001 D1=E4A2 D2=0 D3=FFFF D4=16405000 D5=84598540 D6=84598540 D7=FFFF A0=108E3C A1=102100 A2=F7588 A3=108F4A A4=20F129C A5=108000 A6=108E74 PC=3367E -- 03367E: add.w   ($1040,A5), D0
D0=10003D D1=E4A2 D2=0 D3=FFFF D4=16405000 D5=84598540 D6=84598540 D7=FFFF A0=108E3C A1=102100 A2=F7588 A3=108F4A A4=20F129C A5=108000 A6=108E74 PC=33682 -- 033682: addi.w  #-$7e00, D0
D0=10823D D1=E4A2 D2=0 D3=FFFF D4=16405000 D5=84598540 D6=84598540 D7=FFFF A0=108E3C A1=102100 A2=F7588 A3=108F4A A4=20F129C A5=108000 A6=108E74 PC=33686 -- 033686: lea     $3c0000.l, A1
D0=10823D D1=E4A2 D2=0 D3=FFFF D4=16405000 D5=84598540 D6=84598540 D7=FFFF A0=108E3C A1=3C0000 A2=F7588 A3=108F4A A4=20F129C A5=108000 A6=108E74 PC=3368C -- 03368C: move.w  D0, (A1)+
D0=10823D D1=E4A2 D2=0 D3=FFFF D4=16405000 D5=84598540 D6=84598540 D7=FFFF A0=108E3C A1=3C0002 A2=F7588 A3=108F4A A4=20F129C A5=108000 A6=108E74 PC=3368E -- 03368E: move.w  ($1048,A5), D0
D0=10003B D1=E4A2 D2=0 D3=FFFF D4=16405000 D5=84598540 D6=84598540 D7=FFFF A0=108E3C A1=3C0002 A2=F7588 A3=108F4A A4=20F129C A5=108000 A6=108E74 PC=33692 -- 033692: addq.w  #1, D0
D0=10003C D1=E4A2 D2=0 D3=FFFF D4=16405000 D5=84598540 D6=84598540 D7=FFFF A0=108E3C A1=3C0002 A2=F7588 A3=108F4A A4=20F129C A5=108000 A6=108E74 PC=33694 -- 033694: move.w  #$80, D1
D0=10003C D1=80 D2=0 D3=FFFF D4=16405000 D5=84598540 D6=84598540 D7=FFFF A0=108E3C A1=3C0002 A2=F7588 A3=108F4A A4=20F129C A5=108000 A6=108E74 PC=33698 -- 033698: sub.w   D0, D1
D0=10003C D1=44 D2=0 D3=FFFF D4=16405000 D5=84598540 D6=84598540 D7=FFFF A0=108E3C A1=3C0002 A2=F7588 A3=108F4A A4=20F129C A5=108000 A6=108E74 PC=3369A -- 03369A: add.w   D1, D1
D0=10003C D1=88 D2=0 D3=FFFF D4=16405000 D5=84598540 D6=84598540 D7=FFFF A0=108E3C A1=3C0002 A2=F7588 A3=108F4A A4=20F129C A5=108000 A6=108E74 PC=3369C -- 03369C: lea     ($8,PC) ; ($336a6), A2
D0=10003C D1=88 D2=0 D3=FFFF D4=16405000 D5=84598540 D6=84598540 D7=FFFF A0=108E3C A1=3C0002 A2=336A6 A3=108F4A A4=20F129C A5=108000 A6=108E74 PC=336A0 -- 0336A0: nop
D0=10003C D1=88 D2=0 D3=FFFF D4=16405000 D5=84598540 D6=84598540 D7=FFFF A0=108E3C A1=3C0002 A2=336A6 A3=108F4A A4=20F129C A5=108000 A6=108E74 PC=336A2 -- 0336A2: adda.w  D1, A2
D0=10003C D1=88 D2=0 D3=FFFF D4=16405000 D5=84598540 D6=84598540 D7=FFFF A0=108E3C A1=3C0002 A2=3372E A3=108F4A A4=20F129C A5=108000 A6=108E74 PC=336A4 -- 0336A4: jmp     (A2)
D0=10003C D1=88 D2=0 D3=FFFF D4=16405000 D5=84598540 D6=84598540 D7=FFFF A0=108E3C A1=3C0002 A2=3372E A3=108F4A A4=20F129C A5=108000 A6=108E74 PC=3372E -- 03372E: move.w  (A0)+, (A1)
D0=10003C D1=88 D2=0 D3=FFFF D4=16405000 D5=84598540 D6=84598540 D7=FFFF A0=108E3E A1=3C0002 A2=3372E A3=108F4A A4=20F129C A5=108000 A6=108E74 PC=33730 -- 033730: move.w  (A0)+, (A1)
D0=10003C D1=88 D2=0 D3=FFFF D4=16405000 D5=84598540 D6=84598540 D7=FFFF A0=108E40 A1=3C0002 A2=3372E A3=108F4A A4=20F129C A5=108000 A6=108E74 PC=33732 -- 033732: move.w  (A0)+, (A1)
D0=10003C D1=88 D2=0 D3=FFFF D4=16405000 D5=84598540 D6=84598540 D7=FFFF A0=108E42 A1=3C0002 A2=3372E A3=108F4A A4=20F129C A5=108000 A6=108E74 PC=33734 -- 033734: move.w  (A0)+, (A1)
D0=10003C D1=88 D2=0 D3=FFFF D4=16405000 D5=84598540 D6=84598540 D7=FFFF A0=108E44 A1=3C0002 A2=3372E A3=108F4A A4=20F129C A5=108000 A6=108E74 PC=33736 -- 033736: move.w  (A0)+, (A1)
D0=10003C D1=88 D2=0 D3=FFFF D4=16405000 D5=84598540 D6=84598540 D7=FFFF A0=108E46 A1=3C0002 A2=3372E A3=108F4A A4=20F129C A5=108000 A6=108E74 PC=33738 -- 033738: move.w  (A0)+, (A1)
D0=10003C D1=88 D2=0 D3=FFFF D4=16405000 D5=84598540 D6=84598540 D7=FFFF A0=108E48 A1=3C0002 A2=3372E A3=108F4A A4=20F129C A5=108000 A6=108E74 PC=3373A -- 03373A: move.w  (A0)+, (A1)
D0=10003C D1=88 D2=0 D3=FFFF D4=16405000 D5=84598540 D6=84598540 D7=FFFF A0=108E4A A1=3C0002 A2=3372E A3=108F4A A4=20F129C A5=108000 A6=108E74 PC=3373C -- 03373C: move.w  (A0)+, (A1)
D0=10003C D1=88 D2=0 D3=FFFF D4=16405000 D5=84598540 D6=84598540 D7=FFFF A0=108E4C A1=3C0002 A2=3372E A3=108F4A A4=20F129C A5=108000 A6=108E74 PC=3373E -- 03373E: move.w  (A0)+, (A1)
D0=10003C D1=88 D2=0 D3=FFFF D4=16405000 D5=84598540 D6=84598540 D7=FFFF A0=108E4E A1=3C0002 A2=3372E A3=108F4A A4=20F129C A5=108000 A6=108E74 PC=33740 -- 033740: move.w  (A0)+, (A1)
D0=10003C D1=88 D2=0 D3=FFFF D4=16405000 D5=84598540 D6=84598540 D7=FFFF A0=108E50 A1=3C0002 A2=3372E A3=108F4A A4=20F129C A5=108000 A6=108E74 PC=33742 -- 033742: move.w  (A0)+, (A1)
D0=10003C D1=88 D2=0 D3=FFFF D4=16405000 D5=84598540 D6=84598540 D7=FFFF A0=108E52 A1=3C0002 A2=3372E A3=108F4A A4=20F129C A5=108000 A6=108E74 PC=33744 -- 033744: move.w  (A0)+, (A1)
D0=10003C D1=88 D2=0 D3=FFFF D4=16405000 D5=84598540 D6=84598540 D7=FFFF A0=108E54 A1=3C0002 A2=3372E A3=108F4A A4=20F129C A5=108000 A6=108E74 PC=33746 -- 033746: move.w  (A0)+, (A1)
D0=10003C D1=88 D2=0 D3=FFFF D4=16405000 D5=84598540 D6=84598540 D7=FFFF A0=108E56 A1=3C0002 A2=3372E A3=108F4A A4=20F129C A5=108000 A6=108E74 PC=33748 -- 033748: move.w  (A0)+, (A1)
D0=10003C D1=88 D2=0 D3=FFFF D4=16405000 D5=84598540 D6=84598540 D7=FFFF A0=108E58 A1=3C0002 A2=3372E A3=108F4A A4=20F129C A5=108000 A6=108E74 PC=3374A -- 03374A: move.w  (A0)+, (A1)
D0=10003C D1=88 D2=0 D3=FFFF D4=16405000 D5=84598540 D6=84598540 D7=FFFF A0=108E5A A1=3C0002 A2=3372E A3=108F4A A4=20F129C A5=108000 A6=108E74 PC=3374C -- 03374C: move.w  (A0)+, (A1)
D0=10003C D1=88 D2=0 D3=FFFF D4=16405000 D5=84598540 D6=84598540 D7=FFFF A0=108E5C A1=3C0002 A2=3372E A3=108F4A A4=20F129C A5=108000 A6=108E74 PC=3374E -- 03374E: move.w  (A0)+, (A1)
D0=10003C D1=88 D2=0 D3=FFFF D4=16405000 D5=84598540 D6=84598540 D7=FFFF A0=108E5E A1=3C0002 A2=3372E A3=108F4A A4=20F129C A5=108000 A6=108E74 PC=33750 -- 033750: move.w  (A0)+, (A1)
D0=10003C D1=88 D2=0 D3=FFFF D4=16405000 D5=84598540 D6=84598540 D7=FFFF A0=108E60 A1=3C0002 A2=3372E A3=108F4A A4=20F129C A5=108000 A6=108E74 PC=33752 -- 033752: move.w  (A0)+, (A1)
D0=10003C D1=88 D2=0 D3=FFFF D4=16405000 D5=84598540 D6=84598540 D7=FFFF A0=108E62 A1=3C0002 A2=3372E A3=108F4A A4=20F129C A5=108000 A6=108E74 PC=33754 -- 033754: move.w  (A0)+, (A1)
D0=10003C D1=88 D2=0 D3=FFFF D4=16405000 D5=84598540 D6=84598540 D7=FFFF A0=108E64 A1=3C0002 A2=3372E A3=108F4A A4=20F129C A5=108000 A6=108E74 PC=33756 -- 033756: move.w  (A0)+, (A1)
D0=10003C D1=88 D2=0 D3=FFFF D4=16405000 D5=84598540 D6=84598540 D7=FFFF A0=108E66 A1=3C0002 A2=3372E A3=108F4A A4=20F129C A5=108000 A6=108E74 PC=33758 -- 033758: move.w  (A0)+, (A1)
D0=10003C D1=88 D2=0 D3=FFFF D4=16405000 D5=84598540 D6=84598540 D7=FFFF A0=108E68 A1=3C0002 A2=3372E A3=108F4A A4=20F129C A5=108000 A6=108E74 PC=3375A -- 03375A: move.w  (A0)+, (A1)
D0=10003C D1=88 D2=0 D3=FFFF D4=16405000 D5=84598540 D6=84598540 D7=FFFF A0=108E6A A1=3C0002 A2=3372E A3=108F4A A4=20F129C A5=108000 A6=108E74 PC=3375C -- 03375C: move.w  (A0)+, (A1)
D0=10003C D1=88 D2=0 D3=FFFF D4=16405000 D5=84598540 D6=84598540 D7=FFFF A0=108E6C A1=3C0002 A2=3372E A3=108F4A A4=20F129C A5=108000 A6=108E74 PC=3375E -- 03375E: move.w  (A0)+, (A1)
D0=10003C D1=88 D2=0 D3=FFFF D4=16405000 D5=84598540 D6=84598540 D7=FFFF A0=108E6E A1=3C0002 A2=3372E A3=108F4A A4=20F129C A5=108000 A6=108E74 PC=33760 -- 033760: move.w  (A0)+, (A1)
D0=10003C D1=88 D2=0 D3=FFFF D4=16405000 D5=84598540 D6=84598540 D7=FFFF A0=108E70 A1=3C0002 A2=3372E A3=108F4A A4=20F129C A5=108000 A6=108E74 PC=33762 -- 033762: move.w  (A0)+, (A1)
D0=10003C D1=88 D2=0 D3=FFFF D4=16405000 D5=84598540 D6=84598540 D7=FFFF A0=108E72 A1=3C0002 A2=3372E A3=108F4A A4=20F129C A5=108000 A6=108E74 PC=33764 -- 033764: move.w  (A0)+, (A1)
D0=10003C D1=88 D2=0 D3=FFFF D4=16405000 D5=84598540 D6=84598540 D7=FFFF A0=108E74 A1=3C0002 A2=3372E A3=108F4A A4=20F129C A5=108000 A6=108E74 PC=33766 -- 033766: move.w  (A0)+, (A1)
D0=10003C D1=88 D2=0 D3=FFFF D4=16405000 D5=84598540 D6=84598540 D7=FFFF A0=108E76 A1=3C0002 A2=3372E A3=108F4A A4=20F129C A5=108000 A6=108E74 PC=33768 -- 033768: move.w  (A0)+, (A1)
D0=10003C D1=88 D2=0 D3=FFFF D4=16405000 D5=84598540 D6=84598540 D7=FFFF A0=108E78 A1=3C0002 A2=3372E A3=108F4A A4=20F129C A5=108000 A6=108E74 PC=3376A -- 03376A: move.w  (A0)+, (A1)
D0=10003C D1=88 D2=0 D3=FFFF D4=16405000 D5=84598540 D6=84598540 D7=FFFF A0=108E7A A1=3C0002 A2=3372E A3=108F4A A4=20F129C A5=108000 A6=108E74 PC=3376C -- 03376C: move.w  (A0)+, (A1)
D0=10003C D1=88 D2=0 D3=FFFF D4=16405000 D5=84598540 D6=84598540 D7=FFFF A0=108E7C A1=3C0002 A2=3372E A3=108F4A A4=20F129C A5=108000 A6=108E74 PC=3376E -- 03376E: move.w  (A0)+, (A1)
D0=10003C D1=88 D2=0 D3=FFFF D4=16405000 D5=84598540 D6=84598540 D7=FFFF A0=108E7E A1=3C0002 A2=3372E A3=108F4A A4=20F129C A5=108000 A6=108E74 PC=33770 -- 033770: move.w  (A0)+, (A1)
D0=10003C D1=88 D2=0 D3=FFFF D4=16405000 D5=84598540 D6=84598540 D7=FFFF A0=108E80 A1=3C0002 A2=3372E A3=108F4A A4=20F129C A5=108000 A6=108E74 PC=33772 -- 033772: move.w  (A0)+, (A1)
D0=10003C D1=88 D2=0 D3=FFFF D4=16405000 D5=84598540 D6=84598540 D7=FFFF A0=108E82 A1=3C0002 A2=3372E A3=108F4A A4=20F129C A5=108000 A6=108E74 PC=33774 -- 033774: move.w  (A0)+, (A1)
D0=10003C D1=88 D2=0 D3=FFFF D4=16405000 D5=84598540 D6=84598540 D7=FFFF A0=108E84 A1=3C0002 A2=3372E A3=108F4A A4=20F129C A5=108000 A6=108E74 PC=33776 -- 033776: move.w  (A0)+, (A1)
D0=10003C D1=88 D2=0 D3=FFFF D4=16405000 D5=84598540 D6=84598540 D7=FFFF A0=108E86 A1=3C0002 A2=3372E A3=108F4A A4=20F129C A5=108000 A6=108E74 PC=33778 -- 033778: move.w  (A0)+, (A1)
D0=10003C D1=88 D2=0 D3=FFFF D4=16405000 D5=84598540 D6=84598540 D7=FFFF A0=108E88 A1=3C0002 A2=3372E A3=108F4A A4=20F129C A5=108000 A6=108E74 PC=3377A -- 03377A: move.w  (A0)+, (A1)
D0=10003C D1=88 D2=0 D3=FFFF D4=16405000 D5=84598540 D6=84598540 D7=FFFF A0=108E8A A1=3C0002 A2=3372E A3=108F4A A4=20F129C A5=108000 A6=108E74 PC=3377C -- 03377C: move.w  (A0)+, (A1)
D0=10003C D1=88 D2=0 D3=FFFF D4=16405000 D5=84598540 D6=84598540 D7=FFFF A0=108E8C A1=3C0002 A2=3372E A3=108F4A A4=20F129C A5=108000 A6=108E74 PC=3377E -- 03377E: move.w  (A0)+, (A1)
D0=10003C D1=88 D2=0 D3=FFFF D4=16405000 D5=84598540 D6=84598540 D7=FFFF A0=108E8E A1=3C0002 A2=3372E A3=108F4A A4=20F129C A5=108000 A6=108E74 PC=33780 -- 033780: move.w  (A0)+, (A1)
D0=10003C D1=88 D2=0 D3=FFFF D4=16405000 D5=84598540 D6=84598540 D7=FFFF A0=108E90 A1=3C0002 A2=3372E A3=108F4A A4=20F129C A5=108000 A6=108E74 PC=33782 -- 033782: move.w  (A0)+, (A1)
D0=10003C D1=88 D2=0 D3=FFFF D4=16405000 D5=84598540 D6=84598540 D7=FFFF A0=108E92 A1=3C0002 A2=3372E A3=108F4A A4=20F129C A5=108000 A6=108E74 PC=33784 -- 033784: move.w  (A0)+, (A1)
D0=10003C D1=88 D2=0 D3=FFFF D4=16405000 D5=84598540 D6=84598540 D7=FFFF A0=108E94 A1=3C0002 A2=3372E A3=108F4A A4=20F129C A5=108000 A6=108E74 PC=33786 -- 033786: move.w  (A0)+, (A1)
D0=10003C D1=88 D2=0 D3=FFFF D4=16405000 D5=84598540 D6=84598540 D7=FFFF A0=108E96 A1=3C0002 A2=3372E A3=108F4A A4=20F129C A5=108000 A6=108E74 PC=33788 -- 033788: move.w  (A0)+, (A1)
D0=10003C D1=88 D2=0 D3=FFFF D4=16405000 D5=84598540 D6=84598540 D7=FFFF A0=108E98 A1=3C0002 A2=3372E A3=108F4A A4=20F129C A5=108000 A6=108E74 PC=3378A -- 03378A: move.w  (A0)+, (A1)
D0=10003C D1=88 D2=0 D3=FFFF D4=16405000 D5=84598540 D6=84598540 D7=FFFF A0=108E9A A1=3C0002 A2=3372E A3=108F4A A4=20F129C A5=108000 A6=108E74 PC=3378C -- 03378C: move.w  (A0)+, (A1)
D0=10003C D1=88 D2=0 D3=FFFF D4=16405000 D5=84598540 D6=84598540 D7=FFFF A0=108E9C A1=3C0002 A2=3372E A3=108F4A A4=20F129C A5=108000 A6=108E74 PC=3378E -- 03378E: move.w  (A0)+, (A1)
D0=10003C D1=88 D2=0 D3=FFFF D4=16405000 D5=84598540 D6=84598540 D7=FFFF A0=108E9E A1=3C0002 A2=3372E A3=108F4A A4=20F129C A5=108000 A6=108E74 PC=33790 -- 033790: move.w  (A0)+, (A1)
D0=10003C D1=88 D2=0 D3=FFFF D4=16405000 D5=84598540 D6=84598540 D7=FFFF A0=108EA0 A1=3C0002 A2=3372E A3=108F4A A4=20F129C A5=108000 A6=108E74 PC=33792 -- 033792: move.w  (A0)+, (A1)
D0=10003C D1=88 D2=0 D3=FFFF D4=16405000 D5=84598540 D6=84598540 D7=FFFF A0=108EA2 A1=3C0002 A2=3372E A3=108F4A A4=20F129C A5=108000 A6=108E74 PC=33794 -- 033794: move.w  (A0)+, (A1)
D0=10003C D1=88 D2=0 D3=FFFF D4=16405000 D5=84598540 D6=84598540 D7=FFFF A0=108EA4 A1=3C0002 A2=3372E A3=108F4A A4=20F129C A5=108000 A6=108E74 PC=33796 -- 033796: move.w  (A0)+, (A1)
D0=10003C D1=88 D2=0 D3=FFFF D4=16405000 D5=84598540 D6=84598540 D7=FFFF A0=108EA6 A1=3C0002 A2=3372E A3=108F4A A4=20F129C A5=108000 A6=108E74 PC=33798 -- 033798: move.w  (A0)+, (A1)
D0=10003C D1=88 D2=0 D3=FFFF D4=16405000 D5=84598540 D6=84598540 D7=FFFF A0=108EA8 A1=3C0002 A2=3372E A3=108F4A A4=20F129C A5=108000 A6=108E74 PC=3379A -- 03379A: move.w  (A0)+, (A1)
D0=10003C D1=88 D2=0 D3=FFFF D4=16405000 D5=84598540 D6=84598540 D7=FFFF A0=108EAA A1=3C0002 A2=3372E A3=108F4A A4=20F129C A5=108000 A6=108E74 PC=3379C -- 03379C: move.w  (A0)+, (A1)
D0=10003C D1=88 D2=0 D3=FFFF D4=16405000 D5=84598540 D6=84598540 D7=FFFF A0=108EAC A1=3C0002 A2=3372E A3=108F4A A4=20F129C A5=108000 A6=108E74 PC=3379E -- 03379E: move.w  (A0)+, (A1)
D0=10003C D1=88 D2=0 D3=FFFF D4=16405000 D5=84598540 D6=84598540 D7=FFFF A0=108EAE A1=3C0002 A2=3372E A3=108F4A A4=20F129C A5=108000 A6=108E74 PC=337A0 -- 0337A0: move.w  (A0)+, (A1)
D0=10003C D1=88 D2=0 D3=FFFF D4=16405000 D5=84598540 D6=84598540 D7=FFFF A0=108EB0 A1=3C0002 A2=3372E A3=108F4A A4=20F129C A5=108000 A6=108E74 PC=337A2 -- 0337A2: move.w  (A0)+, (A1)
D0=10003C D1=88 D2=0 D3=FFFF D4=16405000 D5=84598540 D6=84598540 D7=FFFF A0=108EB2 A1=3C0002 A2=3372E A3=108F4A A4=20F129C A5=108000 A6=108E74 PC=337A4 -- 0337A4: move.w  (A0)+, (A1)
D0=10003C D1=88 D2=0 D3=FFFF D4=16405000 D5=84598540 D6=84598540 D7=FFFF A0=108EB4 A1=3C0002 A2=3372E A3=108F4A A4=20F129C A5=108000 A6=108E74 PC=337A6 -- 0337A6: lea     ($f3c,A5), A0
D0=10003C D1=88 D2=0 D3=FFFF D4=16405000 D5=84598540 D6=84598540 D7=FFFF A0=108F3C A1=3C0002 A2=3372E A3=108F4A A4=20F129C A5=108000 A6=108E74 PC=337AA -- 0337AA: move.w  ($1046,A5), D0
D0=1000F9 D1=88 D2=0 D3=FFFF D4=16405000 D5=84598540 D6=84598540 D7=FFFF A0=108F3C A1=3C0002 A2=3372E A3=108F4A A4=20F129C A5=108000 A6=108E74 PC=337AE -- 0337AE: add.w   ($1042,A5), D0
D0=100139 D1=88 D2=0 D3=FFFF D4=16405000 D5=84598540 D6=84598540 D7=FFFF A0=108F3C A1=3C0002 A2=3372E A3=108F4A A4=20F129C A5=108000 A6=108E74 PC=337B2 -- 0337B2: addi.w  #-$7e00, D0
D0=108339 D1=88 D2=0 D3=FFFF D4=16405000 D5=84598540 D6=84598540 D7=FFFF A0=108F3C A1=3C0002 A2=3372E A3=108F4A A4=20F129C A5=108000 A6=108E74 PC=337B6 -- 0337B6: lea     $3c0000.l, A1
D0=108339 D1=88 D2=0 D3=FFFF D4=16405000 D5=84598540 D6=84598540 D7=FFFF A0=108F3C A1=3C0000 A2=3372E A3=108F4A A4=20F129C A5=108000 A6=108E74 PC=337BC -- 0337BC: move.w  D0, (A1)+
D0=108339 D1=88 D2=0 D3=FFFF D4=16405000 D5=84598540 D6=84598540 D7=FFFF A0=108F3C A1=3C0002 A2=3372E A3=108F4A A4=20F129C A5=108000 A6=108E74 PC=337BE -- 0337BE: move.w  ($104a,A5), D0
D0=10003F D1=88 D2=0 D3=FFFF D4=16405000 D5=84598540 D6=84598540 D7=FFFF A0=108F3C A1=3C0002 A2=3372E A3=108F4A A4=20F129C A5=108000 A6=108E74 PC=337C2 -- 0337C2: addq.w  #1, D0
D0=100040 D1=88 D2=0 D3=FFFF D4=16405000 D5=84598540 D6=84598540 D7=FFFF A0=108F3C A1=3C0002 A2=3372E A3=108F4A A4=20F129C A5=108000 A6=108E74 PC=337C4 -- 0337C4: move.w  #$80, D1
D0=100040 D1=80 D2=0 D3=FFFF D4=16405000 D5=84598540 D6=84598540 D7=FFFF A0=108F3C A1=3C0002 A2=3372E A3=108F4A A4=20F129C A5=108000 A6=108E74 PC=337C8 -- 0337C8: sub.w   D0, D1
D0=100040 D1=40 D2=0 D3=FFFF D4=16405000 D5=84598540 D6=84598540 D7=FFFF A0=108F3C A1=3C0002 A2=3372E A3=108F4A A4=20F129C A5=108000 A6=108E74 PC=337CA -- 0337CA: add.w   D1, D1
D0=100040 D1=80 D2=0 D3=FFFF D4=16405000 D5=84598540 D6=84598540 D7=FFFF A0=108F3C A1=3C0002 A2=3372E A3=108F4A A4=20F129C A5=108000 A6=108E74 PC=337CC -- 0337CC: lea     ($8,PC) ; ($337d6), A2
D0=100040 D1=80 D2=0 D3=FFFF D4=16405000 D5=84598540 D6=84598540 D7=FFFF A0=108F3C A1=3C0002 A2=337D6 A3=108F4A A4=20F129C A5=108000 A6=108E74 PC=337D0 -- 0337D0: nop
D0=100040 D1=80 D2=0 D3=FFFF D4=16405000 D5=84598540 D6=84598540 D7=FFFF A0=108F3C A1=3C0002 A2=337D6 A3=108F4A A4=20F129C A5=108000 A6=108E74 PC=337D2 -- 0337D2: adda.w  D1, A2
D0=100040 D1=80 D2=0 D3=FFFF D4=16405000 D5=84598540 D6=84598540 D7=FFFF A0=108F3C A1=3C0002 A2=33856 A3=108F4A A4=20F129C A5=108000 A6=108E74 PC=337D4 -- 0337D4: jmp     (A2)
D0=100040 D1=80 D2=0 D3=FFFF D4=16405000 D5=84598540 D6=84598540 D7=FFFF A0=108F3C A1=3C0002 A2=33856 A3=108F4A A4=20F129C A5=108000 A6=108E74 PC=33856 -- 033856: move.w  (A0)+, (A1)
D0=100040 D1=80 D2=0 D3=FFFF D4=16405000 D5=84598540 D6=84598540 D7=FFFF A0=108F3E A1=3C0002 A2=33856 A3=108F4A A4=20F129C A5=108000 A6=108E74 PC=33858 -- 033858: move.w  (A0)+, (A1)
D0=100040 D1=80 D2=0 D3=FFFF D4=16405000 D5=84598540 D6=84598540 D7=FFFF A0=108F40 A1=3C0002 A2=33856 A3=108F4A A4=20F129C A5=108000 A6=108E74 PC=3385A -- 03385A: move.w  (A0)+, (A1)
D0=100040 D1=80 D2=0 D3=FFFF D4=16405000 D5=84598540 D6=84598540 D7=FFFF A0=108F42 A1=3C0002 A2=33856 A3=108F4A A4=20F129C A5=108000 A6=108E74 PC=3385C -- 03385C: move.w  (A0)+, (A1)
D0=100040 D1=80 D2=0 D3=FFFF D4=16405000 D5=84598540 D6=84598540 D7=FFFF A0=108F44 A1=3C0002 A2=33856 A3=108F4A A4=20F129C A5=108000 A6=108E74 PC=3385E -- 03385E: move.w  (A0)+, (A1)
D0=100040 D1=80 D2=0 D3=FFFF D4=16405000 D5=84598540 D6=84598540 D7=FFFF A0=108F46 A1=3C0002 A2=33856 A3=108F4A A4=20F129C A5=108000 A6=108E74 PC=33860 -- 033860: move.w  (A0)+, (A1)
D0=100040 D1=80 D2=0 D3=FFFF D4=16405000 D5=84598540 D6=84598540 D7=FFFF A0=108F48 A1=3C0002 A2=33856 A3=108F4A A4=20F129C A5=108000 A6=108E74 PC=33862 -- 033862: move.w  (A0)+, (A1)
D0=100040 D1=80 D2=0 D3=FFFF D4=16405000 D5=84598540 D6=84598540 D7=FFFF A0=108F4A A1=3C0002 A2=33856 A3=108F4A A4=20F129C A5=108000 A6=108E74 PC=33864 -- 033864: move.w  (A0)+, (A1)
D0=100040 D1=80 D2=0 D3=FFFF D4=16405000 D5=84598540 D6=84598540 D7=FFFF A0=108F4C A1=3C0002 A2=33856 A3=108F4A A4=20F129C A5=108000 A6=108E74 PC=33866 -- 033866: move.w  (A0)+, (A1)
D0=100040 D1=80 D2=0 D3=FFFF D4=16405000 D5=84598540 D6=84598540 D7=FFFF A0=108F4E A1=3C0002 A2=33856 A3=108F4A A4=20F129C A5=108000 A6=108E74 PC=33868 -- 033868: move.w  (A0)+, (A1)
D0=100040 D1=80 D2=0 D3=FFFF D4=16405000 D5=84598540 D6=84598540 D7=FFFF A0=108F50 A1=3C0002 A2=33856 A3=108F4A A4=20F129C A5=108000 A6=108E74 PC=3386A -- 03386A: move.w  (A0)+, (A1)
D0=100040 D1=80 D2=0 D3=FFFF D4=16405000 D5=84598540 D6=84598540 D7=FFFF A0=108F52 A1=3C0002 A2=33856 A3=108F4A A4=20F129C A5=108000 A6=108E74 PC=3386C -- 03386C: move.w  (A0)+, (A1)
D0=100040 D1=80 D2=0 D3=FFFF D4=16405000 D5=84598540 D6=84598540 D7=FFFF A0=108F54 A1=3C0002 A2=33856 A3=108F4A A4=20F129C A5=108000 A6=108E74 PC=3386E -- 03386E: move.w  (A0)+, (A1)
D0=100040 D1=80 D2=0 D3=FFFF D4=16405000 D5=84598540 D6=84598540 D7=FFFF A0=108F56 A1=3C0002 A2=33856 A3=108F4A A4=20F129C A5=108000 A6=108E74 PC=33870 -- 033870: move.w  (A0)+, (A1)
D0=100040 D1=80 D2=0 D3=FFFF D4=16405000 D5=84598540 D6=84598540 D7=FFFF A0=108F58 A1=3C0002 A2=33856 A3=108F4A A4=20F129C A5=108000 A6=108E74 PC=33872 -- 033872: move.w  (A0)+, (A1)
D0=100040 D1=80 D2=0 D3=FFFF D4=16405000 D5=84598540 D6=84598540 D7=FFFF A0=108F5A A1=3C0002 A2=33856 A3=108F4A A4=20F129C A5=108000 A6=108E74 PC=33874 -- 033874: move.w  (A0)+, (A1)
D0=100040 D1=80 D2=0 D3=FFFF D4=16405000 D5=84598540 D6=84598540 D7=FFFF A0=108F5C A1=3C0002 A2=33856 A3=108F4A A4=20F129C A5=108000 A6=108E74 PC=33876 -- 033876: move.w  (A0)+, (A1)
D0=100040 D1=80 D2=0 D3=FFFF D4=16405000 D5=84598540 D6=84598540 D7=FFFF A0=108F5E A1=3C0002 A2=33856 A3=108F4A A4=20F129C A5=108000 A6=108E74 PC=33878 -- 033878: move.w  (A0)+, (A1)
D0=100040 D1=80 D2=0 D3=FFFF D4=16405000 D5=84598540 D6=84598540 D7=FFFF A0=108F60 A1=3C0002 A2=33856 A3=108F4A A4=20F129C A5=108000 A6=108E74 PC=3387A -- 03387A: move.w  (A0)+, (A1)
D0=100040 D1=80 D2=0 D3=FFFF D4=16405000 D5=84598540 D6=84598540 D7=FFFF A0=108F62 A1=3C0002 A2=33856 A3=108F4A A4=20F129C A5=108000 A6=108E74 PC=3387C -- 03387C: move.w  (A0)+, (A1)
D0=100040 D1=80 D2=0 D3=FFFF D4=16405000 D5=84598540 D6=84598540 D7=FFFF A0=108F64 A1=3C0002 A2=33856 A3=108F4A A4=20F129C A5=108000 A6=108E74 PC=3387E -- 03387E: move.w  (A0)+, (A1)
D0=100040 D1=80 D2=0 D3=FFFF D4=16405000 D5=84598540 D6=84598540 D7=FFFF A0=108F66 A1=3C0002 A2=33856 A3=108F4A A4=20F129C A5=108000 A6=108E74 PC=33880 -- 033880: move.w  (A0)+, (A1)
D0=100040 D1=80 D2=0 D3=FFFF D4=16405000 D5=84598540 D6=84598540 D7=FFFF A0=108F68 A1=3C0002 A2=33856 A3=108F4A A4=20F129C A5=108000 A6=108E74 PC=33882 -- 033882: move.w  (A0)+, (A1)
D0=100040 D1=80 D2=0 D3=FFFF D4=16405000 D5=84598540 D6=84598540 D7=FFFF A0=108F6A A1=3C0002 A2=33856 A3=108F4A A4=20F129C A5=108000 A6=108E74 PC=33884 -- 033884: move.w  (A0)+, (A1)
D0=100040 D1=80 D2=0 D3=FFFF D4=16405000 D5=84598540 D6=84598540 D7=FFFF A0=108F6C A1=3C0002 A2=33856 A3=108F4A A4=20F129C A5=108000 A6=108E74 PC=33886 -- 033886: move.w  (A0)+, (A1)
D0=100040 D1=80 D2=0 D3=FFFF D4=16405000 D5=84598540 D6=84598540 D7=FFFF A0=108F6E A1=3C0002 A2=33856 A3=108F4A A4=20F129C A5=108000 A6=108E74 PC=33888 -- 033888: move.w  (A0)+, (A1)
D0=100040 D1=80 D2=0 D3=FFFF D4=16405000 D5=84598540 D6=84598540 D7=FFFF A0=108F70 A1=3C0002 A2=33856 A3=108F4A A4=20F129C A5=108000 A6=108E74 PC=3388A -- 03388A: move.w  (A0)+, (A1)
D0=100040 D1=80 D2=0 D3=FFFF D4=16405000 D5=84598540 D6=84598540 D7=FFFF A0=108F72 A1=3C0002 A2=33856 A3=108F4A A4=20F129C A5=108000 A6=108E74 PC=3388C -- 03388C: move.w  (A0)+, (A1)
D0=100040 D1=80 D2=0 D3=FFFF D4=16405000 D5=84598540 D6=84598540 D7=FFFF A0=108F74 A1=3C0002 A2=33856 A3=108F4A A4=20F129C A5=108000 A6=108E74 PC=3388E -- 03388E: move.w  (A0)+, (A1)
D0=100040 D1=80 D2=0 D3=FFFF D4=16405000 D5=84598540 D6=84598540 D7=FFFF A0=108F76 A1=3C0002 A2=33856 A3=108F4A A4=20F129C A5=108000 A6=108E74 PC=33890 -- 033890: move.w  (A0)+, (A1)
D0=100040 D1=80 D2=0 D3=FFFF D4=16405000 D5=84598540 D6=84598540 D7=FFFF A0=108F78 A1=3C0002 A2=33856 A3=108F4A A4=20F129C A5=108000 A6=108E74 PC=33892 -- 033892: move.w  (A0)+, (A1)
D0=100040 D1=80 D2=0 D3=FFFF D4=16405000 D5=84598540 D6=84598540 D7=FFFF A0=108F7A A1=3C0002 A2=33856 A3=108F4A A4=20F129C A5=108000 A6=108E74 PC=33894 -- 033894: move.w  (A0)+, (A1)
D0=100040 D1=80 D2=0 D3=FFFF D4=16405000 D5=84598540 D6=84598540 D7=FFFF A0=108F7C A1=3C0002 A2=33856 A3=108F4A A4=20F129C A5=108000 A6=108E74 PC=33896 -- 033896: move.w  (A0)+, (A1)
D0=100040 D1=80 D2=0 D3=FFFF D4=16405000 D5=84598540 D6=84598540 D7=FFFF A0=108F7E A1=3C0002 A2=33856 A3=108F4A A4=20F129C A5=108000 A6=108E74 PC=33898 -- 033898: move.w  (A0)+, (A1)
D0=100040 D1=80 D2=0 D3=FFFF D4=16405000 D5=84598540 D6=84598540 D7=FFFF A0=108F80 A1=3C0002 A2=33856 A3=108F4A A4=20F129C A5=108000 A6=108E74 PC=3389A -- 03389A: move.w  (A0)+, (A1)
D0=100040 D1=80 D2=0 D3=FFFF D4=16405000 D5=84598540 D6=84598540 D7=FFFF A0=108F82 A1=3C0002 A2=33856 A3=108F4A A4=20F129C A5=108000 A6=108E74 PC=3389C -- 03389C: move.w  (A0)+, (A1)
D0=100040 D1=80 D2=0 D3=FFFF D4=16405000 D5=84598540 D6=84598540 D7=FFFF A0=108F84 A1=3C0002 A2=33856 A3=108F4A A4=20F129C A5=108000 A6=108E74 PC=3389E -- 03389E: move.w  (A0)+, (A1)
D0=100040 D1=80 D2=0 D3=FFFF D4=16405000 D5=84598540 D6=84598540 D7=FFFF A0=108F86 A1=3C0002 A2=33856 A3=108F4A A4=20F129C A5=108000 A6=108E74 PC=338A0 -- 0338A0: move.w  (A0)+, (A1)
D0=100040 D1=80 D2=0 D3=FFFF D4=16405000 D5=84598540 D6=84598540 D7=FFFF A0=108F88 A1=3C0002 A2=33856 A3=108F4A A4=20F129C A5=108000 A6=108E74 PC=338A2 -- 0338A2: move.w  (A0)+, (A1)
D0=100040 D1=80 D2=0 D3=FFFF D4=16405000 D5=84598540 D6=84598540 D7=FFFF A0=108F8A A1=3C0002 A2=33856 A3=108F4A A4=20F129C A5=108000 A6=108E74 PC=338A4 -- 0338A4: move.w  (A0)+, (A1)
D0=100040 D1=80 D2=0 D3=FFFF D4=16405000 D5=84598540 D6=84598540 D7=FFFF A0=108F8C A1=3C0002 A2=33856 A3=108F4A A4=20F129C A5=108000 A6=108E74 PC=338A6 -- 0338A6: move.w  (A0)+, (A1)
D0=100040 D1=80 D2=0 D3=FFFF D4=16405000 D5=84598540 D6=84598540 D7=FFFF A0=108F8E A1=3C0002 A2=33856 A3=108F4A A4=20F129C A5=108000 A6=108E74 PC=338A8 -- 0338A8: move.w  (A0)+, (A1)
D0=100040 D1=80 D2=0 D3=FFFF D4=16405000 D5=84598540 D6=84598540 D7=FFFF A0=108F90 A1=3C0002 A2=33856 A3=108F4A A4=20F129C A5=108000 A6=108E74 PC=338AA -- 0338AA: move.w  (A0)+, (A1)
D0=100040 D1=80 D2=0 D3=FFFF D4=16405000 D5=84598540 D6=84598540 D7=FFFF A0=108F92 A1=3C0002 A2=33856 A3=108F4A A4=20F129C A5=108000 A6=108E74 PC=338AC -- 0338AC: move.w  (A0)+, (A1)
D0=100040 D1=80 D2=0 D3=FFFF D4=16405000 D5=84598540 D6=84598540 D7=FFFF A0=108F94 A1=3C0002 A2=33856 A3=108F4A A4=20F129C A5=108000 A6=108E74 PC=338AE -- 0338AE: move.w  (A0)+, (A1)
D0=100040 D1=80 D2=0 D3=FFFF D4=16405000 D5=84598540 D6=84598540 D7=FFFF A0=108F96 A1=3C0002 A2=33856 A3=108F4A A4=20F129C A5=108000 A6=108E74 PC=338B0 -- 0338B0: move.w  (A0)+, (A1)
D0=100040 D1=80 D2=0 D3=FFFF D4=16405000 D5=84598540 D6=84598540 D7=FFFF A0=108F98 A1=3C0002 A2=33856 A3=108F4A A4=20F129C A5=108000 A6=108E74 PC=338B2 -- 0338B2: move.w  (A0)+, (A1)
D0=100040 D1=80 D2=0 D3=FFFF D4=16405000 D5=84598540 D6=84598540 D7=FFFF A0=108F9A A1=3C0002 A2=33856 A3=108F4A A4=20F129C A5=108000 A6=108E74 PC=338B4 -- 0338B4: move.w  (A0)+, (A1)
D0=100040 D1=80 D2=0 D3=FFFF D4=16405000 D5=84598540 D6=84598540 D7=FFFF A0=108F9C A1=3C0002 A2=33856 A3=108F4A A4=20F129C A5=108000 A6=108E74 PC=338B6 -- 0338B6: move.w  (A0)+, (A1)
D0=100040 D1=80 D2=0 D3=FFFF D4=16405000 D5=84598540 D6=84598540 D7=FFFF A0=108F9E A1=3C0002 A2=33856 A3=108F4A A4=20F129C A5=108000 A6=108E74 PC=338B8 -- 0338B8: move.w  (A0)+, (A1)
D0=100040 D1=80 D2=0 D3=FFFF D4=16405000 D5=84598540 D6=84598540 D7=FFFF A0=108FA0 A1=3C0002 A2=33856 A3=108F4A A4=20F129C A5=108000 A6=108E74 PC=338BA -- 0338BA: move.w  (A0)+, (A1)
D0=100040 D1=80 D2=0 D3=FFFF D4=16405000 D5=84598540 D6=84598540 D7=FFFF A0=108FA2 A1=3C0002 A2=33856 A3=108F4A A4=20F129C A5=108000 A6=108E74 PC=338BC -- 0338BC: move.w  (A0)+, (A1)
D0=100040 D1=80 D2=0 D3=FFFF D4=16405000 D5=84598540 D6=84598540 D7=FFFF A0=108FA4 A1=3C0002 A2=33856 A3=108F4A A4=20F129C A5=108000 A6=108E74 PC=338BE -- 0338BE: move.w  (A0)+, (A1)
D0=100040 D1=80 D2=0 D3=FFFF D4=16405000 D5=84598540 D6=84598540 D7=FFFF A0=108FA6 A1=3C0002 A2=33856 A3=108F4A A4=20F129C A5=108000 A6=108E74 PC=338C0 -- 0338C0: move.w  (A0)+, (A1)
D0=100040 D1=80 D2=0 D3=FFFF D4=16405000 D5=84598540 D6=84598540 D7=FFFF A0=108FA8 A1=3C0002 A2=33856 A3=108F4A A4=20F129C A5=108000 A6=108E74 PC=338C2 -- 0338C2: move.w  (A0)+, (A1)
D0=100040 D1=80 D2=0 D3=FFFF D4=16405000 D5=84598540 D6=84598540 D7=FFFF A0=108FAA A1=3C0002 A2=33856 A3=108F4A A4=20F129C A5=108000 A6=108E74 PC=338C4 -- 0338C4: move.w  (A0)+, (A1)
D0=100040 D1=80 D2=0 D3=FFFF D4=16405000 D5=84598540 D6=84598540 D7=FFFF A0=108FAC A1=3C0002 A2=33856 A3=108F4A A4=20F129C A5=108000 A6=108E74 PC=338C6 -- 0338C6: move.w  (A0)+, (A1)
D0=100040 D1=80 D2=0 D3=FFFF D4=16405000 D5=84598540 D6=84598540 D7=FFFF A0=108FAE A1=3C0002 A2=33856 A3=108F4A A4=20F129C A5=108000 A6=108E74 PC=338C8 -- 0338C8: move.w  (A0)+, (A1)
D0=100040 D1=80 D2=0 D3=FFFF D4=16405000 D5=84598540 D6=84598540 D7=FFFF A0=108FB0 A1=3C0002 A2=33856 A3=108F4A A4=20F129C A5=108000 A6=108E74 PC=338CA -- 0338CA: move.w  (A0)+, (A1)
D0=100040 D1=80 D2=0 D3=FFFF D4=16405000 D5=84598540 D6=84598540 D7=FFFF A0=108FB2 A1=3C0002 A2=33856 A3=108F4A A4=20F129C A5=108000 A6=108E74 PC=338CC -- 0338CC: move.w  (A0)+, (A1)
D0=100040 D1=80 D2=0 D3=FFFF D4=16405000 D5=84598540 D6=84598540 D7=FFFF A0=108FB4 A1=3C0002 A2=33856 A3=108F4A A4=20F129C A5=108000 A6=108E74 PC=338CE -- 0338CE: move.w  (A0)+, (A1)
D0=100040 D1=80 D2=0 D3=FFFF D4=16405000 D5=84598540 D6=84598540 D7=FFFF A0=108FB6 A1=3C0002 A2=33856 A3=108F4A A4=20F129C A5=108000 A6=108E74 PC=338D0 -- 0338D0: move.w  (A0)+, (A1)
D0=100040 D1=80 D2=0 D3=FFFF D4=16405000 D5=84598540 D6=84598540 D7=FFFF A0=108FB8 A1=3C0002 A2=33856 A3=108F4A A4=20F129C A5=108000 A6=108E74 PC=338D2 -- 0338D2: move.w  (A0)+, (A1)
D0=100040 D1=80 D2=0 D3=FFFF D4=16405000 D5=84598540 D6=84598540 D7=FFFF A0=108FBA A1=3C0002 A2=33856 A3=108F4A A4=20F129C A5=108000 A6=108E74 PC=338D4 -- 0338D4: move.w  (A0)+, (A1)
D0=100040 D1=80 D2=0 D3=FFFF D4=16405000 D5=84598540 D6=84598540 D7=FFFF A0=108FBC A1=3C0002 A2=33856 A3=108F4A A4=20F129C A5=108000 A6=108E74 PC=338D6 -- 0338D6: lea     $3c0000.l, A1
D0=100040 D1=80 D2=0 D3=FFFF D4=16405000 D5=84598540 D6=84598540 D7=FFFF A0=108FBC A1=3C0000 A2=33856 A3=108F4A A4=20F129C A5=108000 A6=108E74 PC=338DC -- 0338DC: move.w  ($1044,A5), D0
D0=100001 D1=80 D2=0 D3=FFFF D4=16405000 D5=84598540 D6=84598540 D7=FFFF A0=108FBC A1=3C0000 A2=33856 A3=108F4A A4=20F129C A5=108000 A6=108E74 PC=338E0 -- 0338E0: add.w   ($103c,A5), D0
D0=100001 D1=80 D2=0 D3=FFFF D4=16405000 D5=84598540 D6=84598540 D7=FFFF A0=108FBC A1=3C0000 A2=33856 A3=108F4A A4=20F129C A5=108000 A6=108E74 PC=338E4 -- 0338E4: addi.w  #-$7e00, D0
D0=108201 D1=80 D2=0 D3=FFFF D4=16405000 D5=84598540 D6=84598540 D7=FFFF A0=108FBC A1=3C0000 A2=33856 A3=108F4A A4=20F129C A5=108000 A6=108E74 PC=338E8 -- 0338E8: move.w  D0, (A1)+
D0=108201 D1=80 D2=0 D3=FFFF D4=16405000 D5=84598540 D6=84598540 D7=FFFF A0=108FBC A1=3C0002 A2=33856 A3=108F4A A4=20F129C A5=108000 A6=108E74 PC=338EA -- 0338EA: moveq   #$0, D0
D0=0 D1=80 D2=0 D3=FFFF D4=16405000 D5=84598540 D6=84598540 D7=FFFF A0=108FBC A1=3C0002 A2=33856 A3=108F4A A4=20F129C A5=108000 A6=108E74 PC=338EC -- 0338EC: move.w  ($1048,A5), D1
D0=0 D1=3B D2=0 D3=FFFF D4=16405000 D5=84598540 D6=84598540 D7=FFFF A0=108FBC A1=3C0002 A2=33856 A3=108F4A A4=20F129C A5=108000 A6=108E74 PC=338F0 -- 0338F0: addq.w  #1, D1
D0=0 D1=3C D2=0 D3=FFFF D4=16405000 D5=84598540 D6=84598540 D7=FFFF A0=108FBC A1=3C0002 A2=33856 A3=108F4A A4=20F129C A5=108000 A6=108E74 PC=338F2 -- 0338F2: move.w  #$80, D2
D0=0 D1=3C D2=80 D3=FFFF D4=16405000 D5=84598540 D6=84598540 D7=FFFF A0=108FBC A1=3C0002 A2=33856 A3=108F4A A4=20F129C A5=108000 A6=108E74 PC=338F6 -- 0338F6: sub.w   D1, D2
D0=0 D1=3C D2=44 D3=FFFF D4=16405000 D5=84598540 D6=84598540 D7=FFFF A0=108FBC A1=3C0002 A2=33856 A3=108F4A A4=20F129C A5=108000 A6=108E74 PC=338F8 -- 0338F8: add.w   D2, D2
D0=0 D1=3C D2=88 D3=FFFF D4=16405000 D5=84598540 D6=84598540 D7=FFFF A0=108FBC A1=3C0002 A2=33856 A3=108F4A A4=20F129C A5=108000 A6=108E74 PC=338FA -- 0338FA: lea     ($8,PC) ; ($33904), A0
D0=0 D1=3C D2=88 D3=FFFF D4=16405000 D5=84598540 D6=84598540 D7=FFFF A0=33904 A1=3C0002 A2=33856 A3=108F4A A4=20F129C A5=108000 A6=108E74 PC=338FE -- 0338FE: nop
D0=0 D1=3C D2=88 D3=FFFF D4=16405000 D5=84598540 D6=84598540 D7=FFFF A0=33904 A1=3C0002 A2=33856 A3=108F4A A4=20F129C A5=108000 A6=108E74 PC=33900 -- 033900: adda.w  D2, A0
D0=0 D1=3C D2=88 D3=FFFF D4=16405000 D5=84598540 D6=84598540 D7=FFFF A0=3398C A1=3C0002 A2=33856 A3=108F4A A4=20F129C A5=108000 A6=108E74 PC=33902 -- 033902: jmp     (A0)
D0=0 D1=3C D2=88 D3=FFFF D4=16405000 D5=84598540 D6=84598540 D7=FFFF A0=3398C A1=3C0002 A2=33856 A3=108F4A A4=20F129C A5=108000 A6=108E74 PC=3398C -- 03398C: move.w  D0, (A1)
D0=0 D1=3C D2=88 D3=FFFF D4=16405000 D5=84598540 D6=84598540 D7=FFFF A0=3398C A1=3C0002 A2=33856 A3=108F4A A4=20F129C A5=108000 A6=108E74 PC=3398E -- 03398E: move.w  D0, (A1)
D0=0 D1=3C D2=88 D3=FFFF D4=16405000 D5=84598540 D6=84598540 D7=FFFF A0=3398C A1=3C0002 A2=33856 A3=108F4A A4=20F129C A5=108000 A6=108E74 PC=33990 -- 033990: move.w  D0, (A1)
D0=0 D1=3C D2=88 D3=FFFF D4=16405000 D5=84598540 D6=84598540 D7=FFFF A0=3398C A1=3C0002 A2=33856 A3=108F4A A4=20F129C A5=108000 A6=108E74 PC=33992 -- 033992: move.w  D0, (A1)
D0=0 D1=3C D2=88 D3=FFFF D4=16405000 D5=84598540 D6=84598540 D7=FFFF A0=3398C A1=3C0002 A2=33856 A3=108F4A A4=20F129C A5=108000 A6=108E74 PC=33994 -- 033994: move.w  D0, (A1)
D0=0 D1=3C D2=88 D3=FFFF D4=16405000 D5=84598540 D6=84598540 D7=FFFF A0=3398C A1=3C0002 A2=33856 A3=108F4A A4=20F129C A5=108000 A6=108E74 PC=33996 -- 033996: move.w  D0, (A1)
D0=0 D1=3C D2=88 D3=FFFF D4=16405000 D5=84598540 D6=84598540 D7=FFFF A0=3398C A1=3C0002 A2=33856 A3=108F4A A4=20F129C A5=108000 A6=108E74 PC=33998 -- 033998: move.w  D0, (A1)
D0=0 D1=3C D2=88 D3=FFFF D4=16405000 D5=84598540 D6=84598540 D7=FFFF A0=3398C A1=3C0002 A2=33856 A3=108F4A A4=20F129C A5=108000 A6=108E74 PC=3399A -- 03399A: move.w  D0, (A1)
D0=0 D1=3C D2=88 D3=FFFF D4=16405000 D5=84598540 D6=84598540 D7=FFFF A0=3398C A1=3C0002 A2=33856 A3=108F4A A4=20F129C A5=108000 A6=108E74 PC=3399C -- 03399C: move.w  D0, (A1)
D0=0 D1=3C D2=88 D3=FFFF D4=16405000 D5=84598540 D6=84598540 D7=FFFF A0=3398C A1=3C0002 A2=33856 A3=108F4A A4=20F129C A5=108000 A6=108E74 PC=3399E -- 03399E: move.w  D0, (A1)
D0=0 D1=3C D2=88 D3=FFFF D4=16405000 D5=84598540 D6=84598540 D7=FFFF A0=3398C A1=3C0002 A2=33856 A3=108F4A A4=20F129C A5=108000 A6=108E74 PC=339A0 -- 0339A0: move.w  D0, (A1)
D0=0 D1=3C D2=88 D3=FFFF D4=16405000 D5=84598540 D6=84598540 D7=FFFF A0=3398C A1=3C0002 A2=33856 A3=108F4A A4=20F129C A5=108000 A6=108E74 PC=339A2 -- 0339A2: move.w  D0, (A1)
D0=0 D1=3C D2=88 D3=FFFF D4=16405000 D5=84598540 D6=84598540 D7=FFFF A0=3398C A1=3C0002 A2=33856 A3=108F4A A4=20F129C A5=108000 A6=108E74 PC=339A4 -- 0339A4: move.w  D0, (A1)
D0=0 D1=3C D2=88 D3=FFFF D4=16405000 D5=84598540 D6=84598540 D7=FFFF A0=3398C A1=3C0002 A2=33856 A3=108F4A A4=20F129C A5=108000 A6=108E74 PC=339A6 -- 0339A6: move.w  D0, (A1)
D0=0 D1=3C D2=88 D3=FFFF D4=16405000 D5=84598540 D6=84598540 D7=FFFF A0=3398C A1=3C0002 A2=33856 A3=108F4A A4=20F129C A5=108000 A6=108E74 PC=339A8 -- 0339A8: move.w  D0, (A1)
D0=0 D1=3C D2=88 D3=FFFF D4=16405000 D5=84598540 D6=84598540 D7=FFFF A0=3398C A1=3C0002 A2=33856 A3=108F4A A4=20F129C A5=108000 A6=108E74 PC=339AA -- 0339AA: move.w  D0, (A1)
D0=0 D1=3C D2=88 D3=FFFF D4=16405000 D5=84598540 D6=84598540 D7=FFFF A0=3398C A1=3C0002 A2=33856 A3=108F4A A4=20F129C A5=108000 A6=108E74 PC=339AC -- 0339AC: move.w  D0, (A1)
D0=0 D1=3C D2=88 D3=FFFF D4=16405000 D5=84598540 D6=84598540 D7=FFFF A0=3398C A1=3C0002 A2=33856 A3=108F4A A4=20F129C A5=108000 A6=108E74 PC=339AE -- 0339AE: move.w  D0, (A1)
D0=0 D1=3C D2=88 D3=FFFF D4=16405000 D5=84598540 D6=84598540 D7=FFFF A0=3398C A1=3C0002 A2=33856 A3=108F4A A4=20F129C A5=108000 A6=108E74 PC=339B0 -- 0339B0: move.w  D0, (A1)
D0=0 D1=3C D2=88 D3=FFFF D4=16405000 D5=84598540 D6=84598540 D7=FFFF A0=3398C A1=3C0002 A2=33856 A3=108F4A A4=20F129C A5=108000 A6=108E74 PC=339B2 -- 0339B2: move.w  D0, (A1)
D0=0 D1=3C D2=88 D3=FFFF D4=16405000 D5=84598540 D6=84598540 D7=FFFF A0=3398C A1=3C0002 A2=33856 A3=108F4A A4=20F129C A5=108000 A6=108E74 PC=339B4 -- 0339B4: move.w  D0, (A1)
D0=0 D1=3C D2=88 D3=FFFF D4=16405000 D5=84598540 D6=84598540 D7=FFFF A0=3398C A1=3C0002 A2=33856 A3=108F4A A4=20F129C A5=108000 A6=108E74 PC=339B6 -- 0339B6: move.w  D0, (A1)
D0=0 D1=3C D2=88 D3=FFFF D4=16405000 D5=84598540 D6=84598540 D7=FFFF A0=3398C A1=3C0002 A2=33856 A3=108F4A A4=20F129C A5=108000 A6=108E74 PC=339B8 -- 0339B8: move.w  D0, (A1)
D0=0 D1=3C D2=88 D3=FFFF D4=16405000 D5=84598540 D6=84598540 D7=FFFF A0=3398C A1=3C0002 A2=33856 A3=108F4A A4=20F129C A5=108000 A6=108E74 PC=339BA -- 0339BA: move.w  D0, (A1)
D0=0 D1=3C D2=88 D3=FFFF D4=16405000 D5=84598540 D6=84598540 D7=FFFF A0=3398C A1=3C0002 A2=33856 A3=108F4A A4=20F129C A5=108000 A6=108E74 PC=339BC -- 0339BC: move.w  D0, (A1)
D0=0 D1=3C D2=88 D3=FFFF D4=16405000 D5=84598540 D6=84598540 D7=FFFF A0=3398C A1=3C0002 A2=33856 A3=108F4A A4=20F129C A5=108000 A6=108E74 PC=339BE -- 0339BE: move.w  D0, (A1)
D0=0 D1=3C D2=88 D3=FFFF D4=16405000 D5=84598540 D6=84598540 D7=FFFF A0=3398C A1=3C0002 A2=33856 A3=108F4A A4=20F129C A5=108000 A6=108E74 PC=339C0 -- 0339C0: move.w  D0, (A1)
D0=0 D1=3C D2=88 D3=FFFF D4=16405000 D5=84598540 D6=84598540 D7=FFFF A0=3398C A1=3C0002 A2=33856 A3=108F4A A4=20F129C A5=108000 A6=108E74 PC=339C2 -- 0339C2: move.w  D0, (A1)
D0=0 D1=3C D2=88 D3=FFFF D4=16405000 D5=84598540 D6=84598540 D7=FFFF A0=3398C A1=3C0002 A2=33856 A3=108F4A A4=20F129C A5=108000 A6=108E74 PC=339C4 -- 0339C4: move.w  D0, (A1)
D0=0 D1=3C D2=88 D3=FFFF D4=16405000 D5=84598540 D6=84598540 D7=FFFF A0=3398C A1=3C0002 A2=33856 A3=108F4A A4=20F129C A5=108000 A6=108E74 PC=339C6 -- 0339C6: move.w  D0, (A1)
D0=0 D1=3C D2=88 D3=FFFF D4=16405000 D5=84598540 D6=84598540 D7=FFFF A0=3398C A1=3C0002 A2=33856 A3=108F4A A4=20F129C A5=108000 A6=108E74 PC=339C8 -- 0339C8: move.w  D0, (A1)
D0=0 D1=3C D2=88 D3=FFFF D4=16405000 D5=84598540 D6=84598540 D7=FFFF A0=3398C A1=3C0002 A2=33856 A3=108F4A A4=20F129C A5=108000 A6=108E74 PC=339CA -- 0339CA: move.w  D0, (A1)
D0=0 D1=3C D2=88 D3=FFFF D4=16405000 D5=84598540 D6=84598540 D7=FFFF A0=3398C A1=3C0002 A2=33856 A3=108F4A A4=20F129C A5=108000 A6=108E74 PC=339CC -- 0339CC: move.w  D0, (A1)
D0=0 D1=3C D2=88 D3=FFFF D4=16405000 D5=84598540 D6=84598540 D7=FFFF A0=3398C A1=3C0002 A2=33856 A3=108F4A A4=20F129C A5=108000 A6=108E74 PC=339CE -- 0339CE: move.w  D0, (A1)
D0=0 D1=3C D2=88 D3=FFFF D4=16405000 D5=84598540 D6=84598540 D7=FFFF A0=3398C A1=3C0002 A2=33856 A3=108F4A A4=20F129C A5=108000 A6=108E74 PC=339D0 -- 0339D0: move.w  D0, (A1)
D0=0 D1=3C D2=88 D3=FFFF D4=16405000 D5=84598540 D6=84598540 D7=FFFF A0=3398C A1=3C0002 A2=33856 A3=108F4A A4=20F129C A5=108000 A6=108E74 PC=339D2 -- 0339D2: move.w  D0, (A1)
D0=0 D1=3C D2=88 D3=FFFF D4=16405000 D5=84598540 D6=84598540 D7=FFFF A0=3398C A1=3C0002 A2=33856 A3=108F4A A4=20F129C A5=108000 A6=108E74 PC=339D4 -- 0339D4: move.w  D0, (A1)
D0=0 D1=3C D2=88 D3=FFFF D4=16405000 D5=84598540 D6=84598540 D7=FFFF A0=3398C A1=3C0002 A2=33856 A3=108F4A A4=20F129C A5=108000 A6=108E74 PC=339D6 -- 0339D6: move.w  D0, (A1)
D0=0 D1=3C D2=88 D3=FFFF D4=16405000 D5=84598540 D6=84598540 D7=FFFF A0=3398C A1=3C0002 A2=33856 A3=108F4A A4=20F129C A5=108000 A6=108E74 PC=339D8 -- 0339D8: move.w  D0, (A1)
D0=0 D1=3C D2=88 D3=FFFF D4=16405000 D5=84598540 D6=84598540 D7=FFFF A0=3398C A1=3C0002 A2=33856 A3=108F4A A4=20F129C A5=108000 A6=108E74 PC=339DA -- 0339DA: move.w  D0, (A1)
D0=0 D1=3C D2=88 D3=FFFF D4=16405000 D5=84598540 D6=84598540 D7=FFFF A0=3398C A1=3C0002 A2=33856 A3=108F4A A4=20F129C A5=108000 A6=108E74 PC=339DC -- 0339DC: move.w  D0, (A1)
D0=0 D1=3C D2=88 D3=FFFF D4=16405000 D5=84598540 D6=84598540 D7=FFFF A0=3398C A1=3C0002 A2=33856 A3=108F4A A4=20F129C A5=108000 A6=108E74 PC=339DE -- 0339DE: move.w  D0, (A1)
D0=0 D1=3C D2=88 D3=FFFF D4=16405000 D5=84598540 D6=84598540 D7=FFFF A0=3398C A1=3C0002 A2=33856 A3=108F4A A4=20F129C A5=108000 A6=108E74 PC=339E0 -- 0339E0: move.w  D0, (A1)
D0=0 D1=3C D2=88 D3=FFFF D4=16405000 D5=84598540 D6=84598540 D7=FFFF A0=3398C A1=3C0002 A2=33856 A3=108F4A A4=20F129C A5=108000 A6=108E74 PC=339E2 -- 0339E2: move.w  D0, (A1)
D0=0 D1=3C D2=88 D3=FFFF D4=16405000 D5=84598540 D6=84598540 D7=FFFF A0=3398C A1=3C0002 A2=33856 A3=108F4A A4=20F129C A5=108000 A6=108E74 PC=339E4 -- 0339E4: move.w  D0, (A1)
D0=0 D1=3C D2=88 D3=FFFF D4=16405000 D5=84598540 D6=84598540 D7=FFFF A0=3398C A1=3C0002 A2=33856 A3=108F4A A4=20F129C A5=108000 A6=108E74 PC=339E6 -- 0339E6: move.w  D0, (A1)
D0=0 D1=3C D2=88 D3=FFFF D4=16405000 D5=84598540 D6=84598540 D7=FFFF A0=3398C A1=3C0002 A2=33856 A3=108F4A A4=20F129C A5=108000 A6=108E74 PC=339E8 -- 0339E8: move.w  D0, (A1)
D0=0 D1=3C D2=88 D3=FFFF D4=16405000 D5=84598540 D6=84598540 D7=FFFF A0=3398C A1=3C0002 A2=33856 A3=108F4A A4=20F129C A5=108000 A6=108E74 PC=339EA -- 0339EA: move.w  D0, (A1)
D0=0 D1=3C D2=88 D3=FFFF D4=16405000 D5=84598540 D6=84598540 D7=FFFF A0=3398C A1=3C0002 A2=33856 A3=108F4A A4=20F129C A5=108000 A6=108E74 PC=339EC -- 0339EC: move.w  D0, (A1)
D0=0 D1=3C D2=88 D3=FFFF D4=16405000 D5=84598540 D6=84598540 D7=FFFF A0=3398C A1=3C0002 A2=33856 A3=108F4A A4=20F129C A5=108000 A6=108E74 PC=339EE -- 0339EE: move.w  D0, (A1)
D0=0 D1=3C D2=88 D3=FFFF D4=16405000 D5=84598540 D6=84598540 D7=FFFF A0=3398C A1=3C0002 A2=33856 A3=108F4A A4=20F129C A5=108000 A6=108E74 PC=339F0 -- 0339F0: move.w  D0, (A1)
D0=0 D1=3C D2=88 D3=FFFF D4=16405000 D5=84598540 D6=84598540 D7=FFFF A0=3398C A1=3C0002 A2=33856 A3=108F4A A4=20F129C A5=108000 A6=108E74 PC=339F2 -- 0339F2: move.w  D0, (A1)
D0=0 D1=3C D2=88 D3=FFFF D4=16405000 D5=84598540 D6=84598540 D7=FFFF A0=3398C A1=3C0002 A2=33856 A3=108F4A A4=20F129C A5=108000 A6=108E74 PC=339F4 -- 0339F4: move.w  D0, (A1)
D0=0 D1=3C D2=88 D3=FFFF D4=16405000 D5=84598540 D6=84598540 D7=FFFF A0=3398C A1=3C0002 A2=33856 A3=108F4A A4=20F129C A5=108000 A6=108E74 PC=339F6 -- 0339F6: move.w  D0, (A1)
D0=0 D1=3C D2=88 D3=FFFF D4=16405000 D5=84598540 D6=84598540 D7=FFFF A0=3398C A1=3C0002 A2=33856 A3=108F4A A4=20F129C A5=108000 A6=108E74 PC=339F8 -- 0339F8: move.w  D0, (A1)
D0=0 D1=3C D2=88 D3=FFFF D4=16405000 D5=84598540 D6=84598540 D7=FFFF A0=3398C A1=3C0002 A2=33856 A3=108F4A A4=20F129C A5=108000 A6=108E74 PC=339FA -- 0339FA: move.w  D0, (A1)
D0=0 D1=3C D2=88 D3=FFFF D4=16405000 D5=84598540 D6=84598540 D7=FFFF A0=3398C A1=3C0002 A2=33856 A3=108F4A A4=20F129C A5=108000 A6=108E74 PC=339FC -- 0339FC: move.w  D0, (A1)
D0=0 D1=3C D2=88 D3=FFFF D4=16405000 D5=84598540 D6=84598540 D7=FFFF A0=3398C A1=3C0002 A2=33856 A3=108F4A A4=20F129C A5=108000 A6=108E74 PC=339FE -- 0339FE: move.w  D0, (A1)
D0=0 D1=3C D2=88 D3=FFFF D4=16405000 D5=84598540 D6=84598540 D7=FFFF A0=3398C A1=3C0002 A2=33856 A3=108F4A A4=20F129C A5=108000 A6=108E74 PC=33A00 -- 033A00: move.w  D0, (A1)
D0=0 D1=3C D2=88 D3=FFFF D4=16405000 D5=84598540 D6=84598540 D7=FFFF A0=3398C A1=3C0002 A2=33856 A3=108F4A A4=20F129C A5=108000 A6=108E74 PC=33A02 -- 033A02: move.w  D0, (A1)
D0=0 D1=3C D2=88 D3=FFFF D4=16405000 D5=84598540 D6=84598540 D7=FFFF A0=3398C A1=3C0002 A2=33856 A3=108F4A A4=20F129C A5=108000 A6=108E74 PC=33A04 -- 033A04: lea     $3c0000.l, A1
D0=0 D1=3C D2=88 D3=FFFF D4=16405000 D5=84598540 D6=84598540 D7=FFFF A0=3398C A1=3C0000 A2=33856 A3=108F4A A4=20F129C A5=108000 A6=108E74 PC=33A0A -- 033A0A: move.w  ($1046,A5), D0
D0=F9 D1=3C D2=88 D3=FFFF D4=16405000 D5=84598540 D6=84598540 D7=FFFF A0=3398C A1=3C0000 A2=33856 A3=108F4A A4=20F129C A5=108000 A6=108E74 PC=33A0E -- 033A0E: add.w   ($103e,A5), D0
D0=F9 D1=3C D2=88 D3=FFFF D4=16405000 D5=84598540 D6=84598540 D7=FFFF A0=3398C A1=3C0000 A2=33856 A3=108F4A A4=20F129C A5=108000 A6=108E74 PC=33A12 -- 033A12: addi.w  #-$7e00, D0
D0=82F9 D1=3C D2=88 D3=FFFF D4=16405000 D5=84598540 D6=84598540 D7=FFFF A0=3398C A1=3C0000 A2=33856 A3=108F4A A4=20F129C A5=108000 A6=108E74 PC=33A16 -- 033A16: move.w  D0, (A1)+
D0=82F9 D1=3C D2=88 D3=FFFF D4=16405000 D5=84598540 D6=84598540 D7=FFFF A0=3398C A1=3C0002 A2=33856 A3=108F4A A4=20F129C A5=108000 A6=108E74 PC=33A18 -- 033A18: moveq   #$0, D0
D0=0 D1=3C D2=88 D3=FFFF D4=16405000 D5=84598540 D6=84598540 D7=FFFF A0=3398C A1=3C0002 A2=33856 A3=108F4A A4=20F129C A5=108000 A6=108E74 PC=33A1A -- 033A1A: move.w  ($104a,A5), D1
D0=0 D1=3F D2=88 D3=FFFF D4=16405000 D5=84598540 D6=84598540 D7=FFFF A0=3398C A1=3C0002 A2=33856 A3=108F4A A4=20F129C A5=108000 A6=108E74 PC=33A1E -- 033A1E: addq.w  #1, D1
D0=0 D1=40 D2=88 D3=FFFF D4=16405000 D5=84598540 D6=84598540 D7=FFFF A0=3398C A1=3C0002 A2=33856 A3=108F4A A4=20F129C A5=108000 A6=108E74 PC=33A20 -- 033A20: move.w  #$80, D2
D0=0 D1=40 D2=80 D3=FFFF D4=16405000 D5=84598540 D6=84598540 D7=FFFF A0=3398C A1=3C0002 A2=33856 A3=108F4A A4=20F129C A5=108000 A6=108E74 PC=33A24 -- 033A24: sub.w   D1, D2
D0=0 D1=40 D2=40 D3=FFFF D4=16405000 D5=84598540 D6=84598540 D7=FFFF A0=3398C A1=3C0002 A2=33856 A3=108F4A A4=20F129C A5=108000 A6=108E74 PC=33A26 -- 033A26: add.w   D2, D2
D0=0 D1=40 D2=80 D3=FFFF D4=16405000 D5=84598540 D6=84598540 D7=FFFF A0=3398C A1=3C0002 A2=33856 A3=108F4A A4=20F129C A5=108000 A6=108E74 PC=33A28 -- 033A28: lea     ($8,PC) ; ($33a32), A0
D0=0 D1=40 D2=80 D3=FFFF D4=16405000 D5=84598540 D6=84598540 D7=FFFF A0=33A32 A1=3C0002 A2=33856 A3=108F4A A4=20F129C A5=108000 A6=108E74 PC=33A2C -- 033A2C: nop
D0=0 D1=40 D2=80 D3=FFFF D4=16405000 D5=84598540 D6=84598540 D7=FFFF A0=33A32 A1=3C0002 A2=33856 A3=108F4A A4=20F129C A5=108000 A6=108E74 PC=33A2E -- 033A2E: adda.w  D2, A0
D0=0 D1=40 D2=80 D3=FFFF D4=16405000 D5=84598540 D6=84598540 D7=FFFF A0=33AB2 A1=3C0002 A2=33856 A3=108F4A A4=20F129C A5=108000 A6=108E74 PC=33A30 -- 033A30: jmp     (A0)
D0=0 D1=40 D2=80 D3=FFFF D4=16405000 D5=84598540 D6=84598540 D7=FFFF A0=33AB2 A1=3C0002 A2=33856 A3=108F4A A4=20F129C A5=108000 A6=108E74 PC=33AB2 -- 033AB2: move.w  D0, (A1)
D0=0 D1=40 D2=80 D3=FFFF D4=16405000 D5=84598540 D6=84598540 D7=FFFF A0=33AB2 A1=3C0002 A2=33856 A3=108F4A A4=20F129C A5=108000 A6=108E74 PC=33AB4 -- 033AB4: move.w  D0, (A1)
D0=0 D1=40 D2=80 D3=FFFF D4=16405000 D5=84598540 D6=84598540 D7=FFFF A0=33AB2 A1=3C0002 A2=33856 A3=108F4A A4=20F129C A5=108000 A6=108E74 PC=33AB6 -- 033AB6: move.w  D0, (A1)
D0=0 D1=40 D2=80 D3=FFFF D4=16405000 D5=84598540 D6=84598540 D7=FFFF A0=33AB2 A1=3C0002 A2=33856 A3=108F4A A4=20F129C A5=108000 A6=108E74 PC=33AB8 -- 033AB8: move.w  D0, (A1)
D0=0 D1=40 D2=80 D3=FFFF D4=16405000 D5=84598540 D6=84598540 D7=FFFF A0=33AB2 A1=3C0002 A2=33856 A3=108F4A A4=20F129C A5=108000 A6=108E74 PC=33ABA -- 033ABA: move.w  D0, (A1)
D0=0 D1=40 D2=80 D3=FFFF D4=16405000 D5=84598540 D6=84598540 D7=FFFF A0=33AB2 A1=3C0002 A2=33856 A3=108F4A A4=20F129C A5=108000 A6=108E74 PC=33ABC -- 033ABC: move.w  D0, (A1)
D0=0 D1=40 D2=80 D3=FFFF D4=16405000 D5=84598540 D6=84598540 D7=FFFF A0=33AB2 A1=3C0002 A2=33856 A3=108F4A A4=20F129C A5=108000 A6=108E74 PC=33ABE -- 033ABE: move.w  D0, (A1)
D0=0 D1=40 D2=80 D3=FFFF D4=16405000 D5=84598540 D6=84598540 D7=FFFF A0=33AB2 A1=3C0002 A2=33856 A3=108F4A A4=20F129C A5=108000 A6=108E74 PC=33AC0 -- 033AC0: move.w  D0, (A1)
D0=0 D1=40 D2=80 D3=FFFF D4=16405000 D5=84598540 D6=84598540 D7=FFFF A0=33AB2 A1=3C0002 A2=33856 A3=108F4A A4=20F129C A5=108000 A6=108E74 PC=33AC2 -- 033AC2: move.w  D0, (A1)
D0=0 D1=40 D2=80 D3=FFFF D4=16405000 D5=84598540 D6=84598540 D7=FFFF A0=33AB2 A1=3C0002 A2=33856 A3=108F4A A4=20F129C A5=108000 A6=108E74 PC=33AC4 -- 033AC4: move.w  D0, (A1)
D0=0 D1=40 D2=80 D3=FFFF D4=16405000 D5=84598540 D6=84598540 D7=FFFF A0=33AB2 A1=3C0002 A2=33856 A3=108F4A A4=20F129C A5=108000 A6=108E74 PC=33AC6 -- 033AC6: move.w  D0, (A1)
D0=0 D1=40 D2=80 D3=FFFF D4=16405000 D5=84598540 D6=84598540 D7=FFFF A0=33AB2 A1=3C0002 A2=33856 A3=108F4A A4=20F129C A5=108000 A6=108E74 PC=33AC8 -- 033AC8: move.w  D0, (A1)
D0=0 D1=40 D2=80 D3=FFFF D4=16405000 D5=84598540 D6=84598540 D7=FFFF A0=33AB2 A1=3C0002 A2=33856 A3=108F4A A4=20F129C A5=108000 A6=108E74 PC=33ACA -- 033ACA: move.w  D0, (A1)
D0=0 D1=40 D2=80 D3=FFFF D4=16405000 D5=84598540 D6=84598540 D7=FFFF A0=33AB2 A1=3C0002 A2=33856 A3=108F4A A4=20F129C A5=108000 A6=108E74 PC=33ACC -- 033ACC: move.w  D0, (A1)
D0=0 D1=40 D2=80 D3=FFFF D4=16405000 D5=84598540 D6=84598540 D7=FFFF A0=33AB2 A1=3C0002 A2=33856 A3=108F4A A4=20F129C A5=108000 A6=108E74 PC=33ACE -- 033ACE: move.w  D0, (A1)
D0=0 D1=40 D2=80 D3=FFFF D4=16405000 D5=84598540 D6=84598540 D7=FFFF A0=33AB2 A1=3C0002 A2=33856 A3=108F4A A4=20F129C A5=108000 A6=108E74 PC=33AD0 -- 033AD0: move.w  D0, (A1)
D0=0 D1=40 D2=80 D3=FFFF D4=16405000 D5=84598540 D6=84598540 D7=FFFF A0=33AB2 A1=3C0002 A2=33856 A3=108F4A A4=20F129C A5=108000 A6=108E74 PC=33AD2 -- 033AD2: move.w  D0, (A1)
D0=0 D1=40 D2=80 D3=FFFF D4=16405000 D5=84598540 D6=84598540 D7=FFFF A0=33AB2 A1=3C0002 A2=33856 A3=108F4A A4=20F129C A5=108000 A6=108E74 PC=33AD4 -- 033AD4: move.w  D0, (A1)
D0=0 D1=40 D2=80 D3=FFFF D4=16405000 D5=84598540 D6=84598540 D7=FFFF A0=33AB2 A1=3C0002 A2=33856 A3=108F4A A4=20F129C A5=108000 A6=108E74 PC=33AD6 -- 033AD6: move.w  D0, (A1)
D0=0 D1=40 D2=80 D3=FFFF D4=16405000 D5=84598540 D6=84598540 D7=FFFF A0=33AB2 A1=3C0002 A2=33856 A3=108F4A A4=20F129C A5=108000 A6=108E74 PC=33AD8 -- 033AD8: move.w  D0, (A1)
D0=0 D1=40 D2=80 D3=FFFF D4=16405000 D5=84598540 D6=84598540 D7=FFFF A0=33AB2 A1=3C0002 A2=33856 A3=108F4A A4=20F129C A5=108000 A6=108E74 PC=33ADA -- 033ADA: move.w  D0, (A1)
D0=0 D1=40 D2=80 D3=FFFF D4=16405000 D5=84598540 D6=84598540 D7=FFFF A0=33AB2 A1=3C0002 A2=33856 A3=108F4A A4=20F129C A5=108000 A6=108E74 PC=33ADC -- 033ADC: move.w  D0, (A1)
D0=0 D1=40 D2=80 D3=FFFF D4=16405000 D5=84598540 D6=84598540 D7=FFFF A0=33AB2 A1=3C0002 A2=33856 A3=108F4A A4=20F129C A5=108000 A6=108E74 PC=33ADE -- 033ADE: move.w  D0, (A1)
D0=0 D1=40 D2=80 D3=FFFF D4=16405000 D5=84598540 D6=84598540 D7=FFFF A0=33AB2 A1=3C0002 A2=33856 A3=108F4A A4=20F129C A5=108000 A6=108E74 PC=33AE0 -- 033AE0: move.w  D0, (A1)
D0=0 D1=40 D2=80 D3=FFFF D4=16405000 D5=84598540 D6=84598540 D7=FFFF A0=33AB2 A1=3C0002 A2=33856 A3=108F4A A4=20F129C A5=108000 A6=108E74 PC=33AE2 -- 033AE2: move.w  D0, (A1)
D0=0 D1=40 D2=80 D3=FFFF D4=16405000 D5=84598540 D6=84598540 D7=FFFF A0=33AB2 A1=3C0002 A2=33856 A3=108F4A A4=20F129C A5=108000 A6=108E74 PC=33AE4 -- 033AE4: move.w  D0, (A1)
D0=0 D1=40 D2=80 D3=FFFF D4=16405000 D5=84598540 D6=84598540 D7=FFFF A0=33AB2 A1=3C0002 A2=33856 A3=108F4A A4=20F129C A5=108000 A6=108E74 PC=33AE6 -- 033AE6: move.w  D0, (A1)
D0=0 D1=40 D2=80 D3=FFFF D4=16405000 D5=84598540 D6=84598540 D7=FFFF A0=33AB2 A1=3C0002 A2=33856 A3=108F4A A4=20F129C A5=108000 A6=108E74 PC=33AE8 -- 033AE8: move.w  D0, (A1)
D0=0 D1=40 D2=80 D3=FFFF D4=16405000 D5=84598540 D6=84598540 D7=FFFF A0=33AB2 A1=3C0002 A2=33856 A3=108F4A A4=20F129C A5=108000 A6=108E74 PC=33AEA -- 033AEA: move.w  D0, (A1)
D0=0 D1=40 D2=80 D3=FFFF D4=16405000 D5=84598540 D6=84598540 D7=FFFF A0=33AB2 A1=3C0002 A2=33856 A3=108F4A A4=20F129C A5=108000 A6=108E74 PC=33AEC -- 033AEC: move.w  D0, (A1)
D0=0 D1=40 D2=80 D3=FFFF D4=16405000 D5=84598540 D6=84598540 D7=FFFF A0=33AB2 A1=3C0002 A2=33856 A3=108F4A A4=20F129C A5=108000 A6=108E74 PC=33AEE -- 033AEE: move.w  D0, (A1)
D0=0 D1=40 D2=80 D3=FFFF D4=16405000 D5=84598540 D6=84598540 D7=FFFF A0=33AB2 A1=3C0002 A2=33856 A3=108F4A A4=20F129C A5=108000 A6=108E74 PC=33AF0 -- 033AF0: move.w  D0, (A1)
D0=0 D1=40 D2=80 D3=FFFF D4=16405000 D5=84598540 D6=84598540 D7=FFFF A0=33AB2 A1=3C0002 A2=33856 A3=108F4A A4=20F129C A5=108000 A6=108E74 PC=33AF2 -- 033AF2: move.w  D0, (A1)
D0=0 D1=40 D2=80 D3=FFFF D4=16405000 D5=84598540 D6=84598540 D7=FFFF A0=33AB2 A1=3C0002 A2=33856 A3=108F4A A4=20F129C A5=108000 A6=108E74 PC=33AF4 -- 033AF4: move.w  D0, (A1)
D0=0 D1=40 D2=80 D3=FFFF D4=16405000 D5=84598540 D6=84598540 D7=FFFF A0=33AB2 A1=3C0002 A2=33856 A3=108F4A A4=20F129C A5=108000 A6=108E74 PC=33AF6 -- 033AF6: move.w  D0, (A1)
D0=0 D1=40 D2=80 D3=FFFF D4=16405000 D5=84598540 D6=84598540 D7=FFFF A0=33AB2 A1=3C0002 A2=33856 A3=108F4A A4=20F129C A5=108000 A6=108E74 PC=33AF8 -- 033AF8: move.w  D0, (A1)
D0=0 D1=40 D2=80 D3=FFFF D4=16405000 D5=84598540 D6=84598540 D7=FFFF A0=33AB2 A1=3C0002 A2=33856 A3=108F4A A4=20F129C A5=108000 A6=108E74 PC=33AFA -- 033AFA: move.w  D0, (A1)
D0=0 D1=40 D2=80 D3=FFFF D4=16405000 D5=84598540 D6=84598540 D7=FFFF A0=33AB2 A1=3C0002 A2=33856 A3=108F4A A4=20F129C A5=108000 A6=108E74 PC=33AFC -- 033AFC: move.w  D0, (A1)
D0=0 D1=40 D2=80 D3=FFFF D4=16405000 D5=84598540 D6=84598540 D7=FFFF A0=33AB2 A1=3C0002 A2=33856 A3=108F4A A4=20F129C A5=108000 A6=108E74 PC=33AFE -- 033AFE: move.w  D0, (A1)
D0=0 D1=40 D2=80 D3=FFFF D4=16405000 D5=84598540 D6=84598540 D7=FFFF A0=33AB2 A1=3C0002 A2=33856 A3=108F4A A4=20F129C A5=108000 A6=108E74 PC=33B00 -- 033B00: move.w  D0, (A1)
D0=0 D1=40 D2=80 D3=FFFF D4=16405000 D5=84598540 D6=84598540 D7=FFFF A0=33AB2 A1=3C0002 A2=33856 A3=108F4A A4=20F129C A5=108000 A6=108E74 PC=33B02 -- 033B02: move.w  D0, (A1)
D0=0 D1=40 D2=80 D3=FFFF D4=16405000 D5=84598540 D6=84598540 D7=FFFF A0=33AB2 A1=3C0002 A2=33856 A3=108F4A A4=20F129C A5=108000 A6=108E74 PC=33B04 -- 033B04: move.w  D0, (A1)
D0=0 D1=40 D2=80 D3=FFFF D4=16405000 D5=84598540 D6=84598540 D7=FFFF A0=33AB2 A1=3C0002 A2=33856 A3=108F4A A4=20F129C A5=108000 A6=108E74 PC=33B06 -- 033B06: move.w  D0, (A1)
D0=0 D1=40 D2=80 D3=FFFF D4=16405000 D5=84598540 D6=84598540 D7=FFFF A0=33AB2 A1=3C0002 A2=33856 A3=108F4A A4=20F129C A5=108000 A6=108E74 PC=33B08 -- 033B08: move.w  D0, (A1)
D0=0 D1=40 D2=80 D3=FFFF D4=16405000 D5=84598540 D6=84598540 D7=FFFF A0=33AB2 A1=3C0002 A2=33856 A3=108F4A A4=20F129C A5=108000 A6=108E74 PC=33B0A -- 033B0A: move.w  D0, (A1)
D0=0 D1=40 D2=80 D3=FFFF D4=16405000 D5=84598540 D6=84598540 D7=FFFF A0=33AB2 A1=3C0002 A2=33856 A3=108F4A A4=20F129C A5=108000 A6=108E74 PC=33B0C -- 033B0C: move.w  D0, (A1)
D0=0 D1=40 D2=80 D3=FFFF D4=16405000 D5=84598540 D6=84598540 D7=FFFF A0=33AB2 A1=3C0002 A2=33856 A3=108F4A A4=20F129C A5=108000 A6=108E74 PC=33B0E -- 033B0E: move.w  D0, (A1)
D0=0 D1=40 D2=80 D3=FFFF D4=16405000 D5=84598540 D6=84598540 D7=FFFF A0=33AB2 A1=3C0002 A2=33856 A3=108F4A A4=20F129C A5=108000 A6=108E74 PC=33B10 -- 033B10: move.w  D0, (A1)
D0=0 D1=40 D2=80 D3=FFFF D4=16405000 D5=84598540 D6=84598540 D7=FFFF A0=33AB2 A1=3C0002 A2=33856 A3=108F4A A4=20F129C A5=108000 A6=108E74 PC=33B12 -- 033B12: move.w  D0, (A1)
D0=0 D1=40 D2=80 D3=FFFF D4=16405000 D5=84598540 D6=84598540 D7=FFFF A0=33AB2 A1=3C0002 A2=33856 A3=108F4A A4=20F129C A5=108000 A6=108E74 PC=33B14 -- 033B14: move.w  D0, (A1)
D0=0 D1=40 D2=80 D3=FFFF D4=16405000 D5=84598540 D6=84598540 D7=FFFF A0=33AB2 A1=3C0002 A2=33856 A3=108F4A A4=20F129C A5=108000 A6=108E74 PC=33B16 -- 033B16: move.w  D0, (A1)
D0=0 D1=40 D2=80 D3=FFFF D4=16405000 D5=84598540 D6=84598540 D7=FFFF A0=33AB2 A1=3C0002 A2=33856 A3=108F4A A4=20F129C A5=108000 A6=108E74 PC=33B18 -- 033B18: move.w  D0, (A1)
D0=0 D1=40 D2=80 D3=FFFF D4=16405000 D5=84598540 D6=84598540 D7=FFFF A0=33AB2 A1=3C0002 A2=33856 A3=108F4A A4=20F129C A5=108000 A6=108E74 PC=33B1A -- 033B1A: move.w  D0, (A1)
D0=0 D1=40 D2=80 D3=FFFF D4=16405000 D5=84598540 D6=84598540 D7=FFFF A0=33AB2 A1=3C0002 A2=33856 A3=108F4A A4=20F129C A5=108000 A6=108E74 PC=33B1C -- 033B1C: move.w  D0, (A1)
D0=0 D1=40 D2=80 D3=FFFF D4=16405000 D5=84598540 D6=84598540 D7=FFFF A0=33AB2 A1=3C0002 A2=33856 A3=108F4A A4=20F129C A5=108000 A6=108E74 PC=33B1E -- 033B1E: move.w  D0, (A1)
D0=0 D1=40 D2=80 D3=FFFF D4=16405000 D5=84598540 D6=84598540 D7=FFFF A0=33AB2 A1=3C0002 A2=33856 A3=108F4A A4=20F129C A5=108000 A6=108E74 PC=33B20 -- 033B20: move.w  D0, (A1)
D0=0 D1=40 D2=80 D3=FFFF D4=16405000 D5=84598540 D6=84598540 D7=FFFF A0=33AB2 A1=3C0002 A2=33856 A3=108F4A A4=20F129C A5=108000 A6=108E74 PC=33B22 -- 033B22: move.w  D0, (A1)
D0=0 D1=40 D2=80 D3=FFFF D4=16405000 D5=84598540 D6=84598540 D7=FFFF A0=33AB2 A1=3C0002 A2=33856 A3=108F4A A4=20F129C A5=108000 A6=108E74 PC=33B24 -- 033B24: move.w  D0, (A1)
D0=0 D1=40 D2=80 D3=FFFF D4=16405000 D5=84598540 D6=84598540 D7=FFFF A0=33AB2 A1=3C0002 A2=33856 A3=108F4A A4=20F129C A5=108000 A6=108E74 PC=33B26 -- 033B26: move.w  D0, (A1)
D0=0 D1=40 D2=80 D3=FFFF D4=16405000 D5=84598540 D6=84598540 D7=FFFF A0=33AB2 A1=3C0002 A2=33856 A3=108F4A A4=20F129C A5=108000 A6=108E74 PC=33B28 -- 033B28: move.w  D0, (A1)
D0=0 D1=40 D2=80 D3=FFFF D4=16405000 D5=84598540 D6=84598540 D7=FFFF A0=33AB2 A1=3C0002 A2=33856 A3=108F4A A4=20F129C A5=108000 A6=108E74 PC=33B2A -- 033B2A: move.w  D0, (A1)
D0=0 D1=40 D2=80 D3=FFFF D4=16405000 D5=84598540 D6=84598540 D7=FFFF A0=33AB2 A1=3C0002 A2=33856 A3=108F4A A4=20F129C A5=108000 A6=108E74 PC=33B2C -- 033B2C: move.w  D0, (A1)
D0=0 D1=40 D2=80 D3=FFFF D4=16405000 D5=84598540 D6=84598540 D7=FFFF A0=33AB2 A1=3C0002 A2=33856 A3=108F4A A4=20F129C A5=108000 A6=108E74 PC=33B2E -- 033B2E: move.w  D0, (A1)
D0=0 D1=40 D2=80 D3=FFFF D4=16405000 D5=84598540 D6=84598540 D7=FFFF A0=33AB2 A1=3C0002 A2=33856 A3=108F4A A4=20F129C A5=108000 A6=108E74 PC=33B30 -- 033B30: move.w  D0, (A1)
D0=0 D1=40 D2=80 D3=FFFF D4=16405000 D5=84598540 D6=84598540 D7=FFFF A0=33AB2 A1=3C0002 A2=33856 A3=108F4A A4=20F129C A5=108000 A6=108E74 PC=33B32 -- 033B32: rts
D0=0 D1=40 D2=80 D3=FFFF D4=16405000 D5=84598540 D6=84598540 D7=FFFF A0=33AB2 A1=3C0002 A2=33856 A3=108F4A A4=20F129C A5=108000 A6=108E74 PC=32BDC -- 032BDC: bsr     $33be2
D0=0 D1=40 D2=80 D3=FFFF D4=16405000 D5=84598540 D6=84598540 D7=FFFF A0=33AB2 A1=3C0002 A2=33856 A3=108F4A A4=20F129C A5=108000 A6=108E74 PC=33BE2 -- 033BE2: tst.b   ($1798,A5)
D0=0 D1=40 D2=80 D3=FFFF D4=16405000 D5=84598540 D6=84598540 D7=FFFF A0=33AB2 A1=3C0002 A2=33856 A3=108F4A A4=20F129C A5=108000 A6=108E74 PC=33BE6 -- 033BE6: beq     $33c46
D0=0 D1=40 D2=80 D3=FFFF D4=16405000 D5=84598540 D6=84598540 D7=FFFF A0=33AB2 A1=3C0002 A2=33856 A3=108F4A A4=20F129C A5=108000 A6=108E74 PC=33C46 -- 033C46: rts
D0=0 D1=40 D2=80 D3=FFFF D4=16405000 D5=84598540 D6=84598540 D7=FFFF A0=33AB2 A1=3C0002 A2=33856 A3=108F4A A4=20F129C A5=108000 A6=108E74 PC=32BE0 -- 032BE0: bsr     $33b34
D0=0 D1=40 D2=80 D3=FFFF D4=16405000 D5=84598540 D6=84598540 D7=FFFF A0=33AB2 A1=3C0002 A2=33856 A3=108F4A A4=20F129C A5=108000 A6=108E74 PC=33B34 -- 033B34: tst.b   ($168e,A5)
D0=0 D1=40 D2=80 D3=FFFF D4=16405000 D5=84598540 D6=84598540 D7=FFFF A0=33AB2 A1=3C0002 A2=33856 A3=108F4A A4=20F129C A5=108000 A6=108E74 PC=33B38 -- 033B38: beq     $33be0
D0=0 D1=40 D2=80 D3=FFFF D4=16405000 D5=84598540 D6=84598540 D7=FFFF A0=33AB2 A1=3C0002 A2=33856 A3=108F4A A4=20F129C A5=108000 A6=108E74 PC=33B3C -- 033B3C: lea     ($147e,A5), A0
D0=0 D1=40 D2=80 D3=FFFF D4=16405000 D5=84598540 D6=84598540 D7=FFFF A0=10947E A1=3C0002 A2=33856 A3=108F4A A4=20F129C A5=108000 A6=108E74 PC=33B40 -- 033B40: move.w  #$1, $3c0004.l
D0=0 D1=40 D2=80 D3=FFFF D4=16405000 D5=84598540 D6=84598540 D7=FFFF A0=10947E A1=3C0002 A2=33856 A3=108F4A A4=20F129C A5=108000 A6=108E74 PC=33B48 -- 033B48: lea     $3c0000.l, A1
D0=0 D1=40 D2=80 D3=FFFF D4=16405000 D5=84598540 D6=84598540 D7=FFFF A0=10947E A1=3C0000 A2=33856 A3=108F4A A4=20F129C A5=108000 A6=108E74 PC=33B4E -- 033B4E: move.w  (A0)+, (A1)+
D0=0 D1=40 D2=80 D3=FFFF D4=16405000 D5=84598540 D6=84598540 D7=FFFF A0=109480 A1=3C0002 A2=33856 A3=108F4A A4=20F129C A5=108000 A6=108E74 PC=33B50 -- 033B50: move.w  (A0)+, (A1)
D0=0 D1=40 D2=80 D3=FFFF D4=16405000 D5=84598540 D6=84598540 D7=FFFF A0=109482 A1=3C0002 A2=33856 A3=108F4A A4=20F129C A5=108000 A6=108E74 PC=33B52 -- 033B52: move.w  (A0)+, (A1)
D0=0 D1=40 D2=80 D3=FFFF D4=16405000 D5=84598540 D6=84598540 D7=FFFF A0=109484 A1=3C0002 A2=33856 A3=108F4A A4=20F129C A5=108000 A6=108E74 PC=33B54 -- 033B54: move.w  (A0)+, (A1)
D0=0 D1=40 D2=80 D3=FFFF D4=16405000 D5=84598540 D6=84598540 D7=FFFF A0=109486 A1=3C0002 A2=33856 A3=108F4A A4=20F129C A5=108000 A6=108E74 PC=33B56 -- 033B56: move.w  (A0)+, (A1)
D0=0 D1=40 D2=80 D3=FFFF D4=16405000 D5=84598540 D6=84598540 D7=FFFF A0=109488 A1=3C0002 A2=33856 A3=108F4A A4=20F129C A5=108000 A6=108E74 PC=33B58 -- 033B58: move.w  (A0)+, (A1)
D0=0 D1=40 D2=80 D3=FFFF D4=16405000 D5=84598540 D6=84598540 D7=FFFF A0=10948A A1=3C0002 A2=33856 A3=108F4A A4=20F129C A5=108000 A6=108E74 PC=33B5A -- 033B5A: move.w  (A0)+, (A1)
D0=0 D1=40 D2=80 D3=FFFF D4=16405000 D5=84598540 D6=84598540 D7=FFFF A0=10948C A1=3C0002 A2=33856 A3=108F4A A4=20F129C A5=108000 A6=108E74 PC=33B5C -- 033B5C: move.w  (A0)+, (A1)
D0=0 D1=40 D2=80 D3=FFFF D4=16405000 D5=84598540 D6=84598540 D7=FFFF A0=10948E A1=3C0002 A2=33856 A3=108F4A A4=20F129C A5=108000 A6=108E74 PC=33B5E -- 033B5E: move.w  (A0)+, (A1)
D0=0 D1=40 D2=80 D3=FFFF D4=16405000 D5=84598540 D6=84598540 D7=FFFF A0=109490 A1=3C0002 A2=33856 A3=108F4A A4=20F129C A5=108000 A6=108E74 PC=33B60 -- 033B60: move.w  (A0)+, (A1)
D0=0 D1=40 D2=80 D3=FFFF D4=16405000 D5=84598540 D6=84598540 D7=FFFF A0=109492 A1=3C0002 A2=33856 A3=108F4A A4=20F129C A5=108000 A6=108E74 PC=33B62 -- 033B62: move.w  (A0)+, (A1)
D0=0 D1=40 D2=80 D3=FFFF D4=16405000 D5=84598540 D6=84598540 D7=FFFF A0=109494 A1=3C0002 A2=33856 A3=108F4A A4=20F129C A5=108000 A6=108E74 PC=33B64 -- 033B64: move.w  (A0)+, (A1)
D0=0 D1=40 D2=80 D3=FFFF D4=16405000 D5=84598540 D6=84598540 D7=FFFF A0=109496 A1=3C0002 A2=33856 A3=108F4A A4=20F129C A5=108000 A6=108E74 PC=33B66 -- 033B66: move.w  (A0)+, (A1)
D0=0 D1=40 D2=80 D3=FFFF D4=16405000 D5=84598540 D6=84598540 D7=FFFF A0=109498 A1=3C0002 A2=33856 A3=108F4A A4=20F129C A5=108000 A6=108E74 PC=33B68 -- 033B68: move.w  (A0)+, (A1)
D0=0 D1=40 D2=80 D3=FFFF D4=16405000 D5=84598540 D6=84598540 D7=FFFF A0=10949A A1=3C0002 A2=33856 A3=108F4A A4=20F129C A5=108000 A6=108E74 PC=33B6A -- 033B6A: move.w  (A0)+, (A1)
D0=0 D1=40 D2=80 D3=FFFF D4=16405000 D5=84598540 D6=84598540 D7=FFFF A0=10949C A1=3C0002 A2=33856 A3=108F4A A4=20F129C A5=108000 A6=108E74 PC=33B6C -- 033B6C: move.w  (A0)+, (A1)
D0=0 D1=40 D2=80 D3=FFFF D4=16405000 D5=84598540 D6=84598540 D7=FFFF A0=10949E A1=3C0002 A2=33856 A3=108F4A A4=20F129C A5=108000 A6=108E74 PC=33B6E -- 033B6E: move.w  (A0)+, (A1)
D0=0 D1=40 D2=80 D3=FFFF D4=16405000 D5=84598540 D6=84598540 D7=FFFF A0=1094A0 A1=3C0002 A2=33856 A3=108F4A A4=20F129C A5=108000 A6=108E74 PC=33B70 -- 033B70: move.w  (A0)+, (A1)
D0=0 D1=40 D2=80 D3=FFFF D4=16405000 D5=84598540 D6=84598540 D7=FFFF A0=1094A2 A1=3C0002 A2=33856 A3=108F4A A4=20F129C A5=108000 A6=108E74 PC=33B72 -- 033B72: move.w  (A0)+, (A1)
D0=0 D1=40 D2=80 D3=FFFF D4=16405000 D5=84598540 D6=84598540 D7=FFFF A0=1094A4 A1=3C0002 A2=33856 A3=108F4A A4=20F129C A5=108000 A6=108E74 PC=33B74 -- 033B74: move.w  (A0)+, (A1)
D0=0 D1=40 D2=80 D3=FFFF D4=16405000 D5=84598540 D6=84598540 D7=FFFF A0=1094A6 A1=3C0002 A2=33856 A3=108F4A A4=20F129C A5=108000 A6=108E74 PC=33B76 -- 033B76: move.w  (A0)+, (A1)
D0=0 D1=40 D2=80 D3=FFFF D4=16405000 D5=84598540 D6=84598540 D7=FFFF A0=1094A8 A1=3C0002 A2=33856 A3=108F4A A4=20F129C A5=108000 A6=108E74 PC=33B78 -- 033B78: move.w  (A0)+, (A1)
D0=0 D1=40 D2=80 D3=FFFF D4=16405000 D5=84598540 D6=84598540 D7=FFFF A0=1094AA A1=3C0002 A2=33856 A3=108F4A A4=20F129C A5=108000 A6=108E74 PC=33B7A -- 033B7A: move.w  (A0)+, (A1)
D0=0 D1=40 D2=80 D3=FFFF D4=16405000 D5=84598540 D6=84598540 D7=FFFF A0=1094AC A1=3C0002 A2=33856 A3=108F4A A4=20F129C A5=108000 A6=108E74 PC=33B7C -- 033B7C: move.w  (A0)+, (A1)
D0=0 D1=40 D2=80 D3=FFFF D4=16405000 D5=84598540 D6=84598540 D7=FFFF A0=1094AE A1=3C0002 A2=33856 A3=108F4A A4=20F129C A5=108000 A6=108E74 PC=33B7E -- 033B7E: move.w  (A0)+, (A1)
D0=0 D1=40 D2=80 D3=FFFF D4=16405000 D5=84598540 D6=84598540 D7=FFFF A0=1094B0 A1=3C0002 A2=33856 A3=108F4A A4=20F129C A5=108000 A6=108E74 PC=33B80 -- 033B80: move.w  (A0)+, (A1)
D0=0 D1=40 D2=80 D3=FFFF D4=16405000 D5=84598540 D6=84598540 D7=FFFF A0=1094B2 A1=3C0002 A2=33856 A3=108F4A A4=20F129C A5=108000 A6=108E74 PC=33B82 -- 033B82: move.w  (A0)+, (A1)
D0=0 D1=40 D2=80 D3=FFFF D4=16405000 D5=84598540 D6=84598540 D7=FFFF A0=1094B4 A1=3C0002 A2=33856 A3=108F4A A4=20F129C A5=108000 A6=108E74 PC=33B84 -- 033B84: move.w  (A0)+, (A1)
D0=0 D1=40 D2=80 D3=FFFF D4=16405000 D5=84598540 D6=84598540 D7=FFFF A0=1094B6 A1=3C0002 A2=33856 A3=108F4A A4=20F129C A5=108000 A6=108E74 PC=33B86 -- 033B86: move.w  (A0)+, (A1)
D0=0 D1=40 D2=80 D3=FFFF D4=16405000 D5=84598540 D6=84598540 D7=FFFF A0=1094B8 A1=3C0002 A2=33856 A3=108F4A A4=20F129C A5=108000 A6=108E74 PC=33B88 -- 033B88: move.w  (A0)+, (A1)
D0=0 D1=40 D2=80 D3=FFFF D4=16405000 D5=84598540 D6=84598540 D7=FFFF A0=1094BA A1=3C0002 A2=33856 A3=108F4A A4=20F129C A5=108000 A6=108E74 PC=33B8A -- 033B8A: move.w  (A0)+, (A1)
D0=0 D1=40 D2=80 D3=FFFF D4=16405000 D5=84598540 D6=84598540 D7=FFFF A0=1094BC A1=3C0002 A2=33856 A3=108F4A A4=20F129C A5=108000 A6=108E74 PC=33B8C -- 033B8C: move.w  (A0)+, (A1)
D0=0 D1=40 D2=80 D3=FFFF D4=16405000 D5=84598540 D6=84598540 D7=FFFF A0=1094BE A1=3C0002 A2=33856 A3=108F4A A4=20F129C A5=108000 A6=108E74 PC=33B8E -- 033B8E: move.w  (A0)+, (A1)
D0=0 D1=40 D2=80 D3=FFFF D4=16405000 D5=84598540 D6=84598540 D7=FFFF A0=1094C0 A1=3C0002 A2=33856 A3=108F4A A4=20F129C A5=108000 A6=108E74 PC=33B90 -- 033B90: lea     $3c0000.l, A1
D0=0 D1=40 D2=80 D3=FFFF D4=16405000 D5=84598540 D6=84598540 D7=FFFF A0=1094C0 A1=3C0000 A2=33856 A3=108F4A A4=20F129C A5=108000 A6=108E74 PC=33B96 -- 033B96: move.w  (A0)+, (A1)+
D0=0 D1=40 D2=80 D3=FFFF D4=16405000 D5=84598540 D6=84598540 D7=FFFF A0=1094C2 A1=3C0002 A2=33856 A3=108F4A A4=20F129C A5=108000 A6=108E74 PC=33B98 -- 033B98: move.w  (A0)+, (A1)
D0=0 D1=40 D2=80 D3=FFFF D4=16405000 D5=84598540 D6=84598540 D7=FFFF A0=1094C4 A1=3C0002 A2=33856 A3=108F4A A4=20F129C A5=108000 A6=108E74 PC=33B9A -- 033B9A: move.w  (A0)+, (A1)
D0=0 D1=40 D2=80 D3=FFFF D4=16405000 D5=84598540 D6=84598540 D7=FFFF A0=1094C6 A1=3C0002 A2=33856 A3=108F4A A4=20F129C A5=108000 A6=108E74 PC=33B9C -- 033B9C: move.w  (A0)+, (A1)
D0=0 D1=40 D2=80 D3=FFFF D4=16405000 D5=84598540 D6=84598540 D7=FFFF A0=1094C8 A1=3C0002 A2=33856 A3=108F4A A4=20F129C A5=108000 A6=108E74 PC=33B9E -- 033B9E: move.w  (A0)+, (A1)
D0=0 D1=40 D2=80 D3=FFFF D4=16405000 D5=84598540 D6=84598540 D7=FFFF A0=1094CA A1=3C0002 A2=33856 A3=108F4A A4=20F129C A5=108000 A6=108E74 PC=33BA0 -- 033BA0: move.w  (A0)+, (A1)
D0=0 D1=40 D2=80 D3=FFFF D4=16405000 D5=84598540 D6=84598540 D7=FFFF A0=1094CC A1=3C0002 A2=33856 A3=108F4A A4=20F129C A5=108000 A6=108E74 PC=33BA2 -- 033BA2: move.w  (A0)+, (A1)
D0=0 D1=40 D2=80 D3=FFFF D4=16405000 D5=84598540 D6=84598540 D7=FFFF A0=1094CE A1=3C0002 A2=33856 A3=108F4A A4=20F129C A5=108000 A6=108E74 PC=33BA4 -- 033BA4: move.w  (A0)+, (A1)
D0=0 D1=40 D2=80 D3=FFFF D4=16405000 D5=84598540 D6=84598540 D7=FFFF A0=1094D0 A1=3C0002 A2=33856 A3=108F4A A4=20F129C A5=108000 A6=108E74 PC=33BA6 -- 033BA6: move.w  (A0)+, (A1)
D0=0 D1=40 D2=80 D3=FFFF D4=16405000 D5=84598540 D6=84598540 D7=FFFF A0=1094D2 A1=3C0002 A2=33856 A3=108F4A A4=20F129C A5=108000 A6=108E74 PC=33BA8 -- 033BA8: move.w  (A0)+, (A1)
D0=0 D1=40 D2=80 D3=FFFF D4=16405000 D5=84598540 D6=84598540 D7=FFFF A0=1094D4 A1=3C0002 A2=33856 A3=108F4A A4=20F129C A5=108000 A6=108E74 PC=33BAA -- 033BAA: move.w  (A0)+, (A1)
D0=0 D1=40 D2=80 D3=FFFF D4=16405000 D5=84598540 D6=84598540 D7=FFFF A0=1094D6 A1=3C0002 A2=33856 A3=108F4A A4=20F129C A5=108000 A6=108E74 PC=33BAC -- 033BAC: move.w  (A0)+, (A1)
D0=0 D1=40 D2=80 D3=FFFF D4=16405000 D5=84598540 D6=84598540 D7=FFFF A0=1094D8 A1=3C0002 A2=33856 A3=108F4A A4=20F129C A5=108000 A6=108E74 PC=33BAE -- 033BAE: move.w  (A0)+, (A1)
D0=0 D1=40 D2=80 D3=FFFF D4=16405000 D5=84598540 D6=84598540 D7=FFFF A0=1094DA A1=3C0002 A2=33856 A3=108F4A A4=20F129C A5=108000 A6=108E74 PC=33BB0 -- 033BB0: move.w  (A0)+, (A1)
D0=0 D1=40 D2=80 D3=FFFF D4=16405000 D5=84598540 D6=84598540 D7=FFFF A0=1094DC A1=3C0002 A2=33856 A3=108F4A A4=20F129C A5=108000 A6=108E74 PC=33BB2 -- 033BB2: move.w  (A0)+, (A1)
D0=0 D1=40 D2=80 D3=FFFF D4=16405000 D5=84598540 D6=84598540 D7=FFFF A0=1094DE A1=3C0002 A2=33856 A3=108F4A A4=20F129C A5=108000 A6=108E74 PC=33BB4 -- 033BB4: move.w  (A0)+, (A1)
D0=0 D1=40 D2=80 D3=FFFF D4=16405000 D5=84598540 D6=84598540 D7=FFFF A0=1094E0 A1=3C0002 A2=33856 A3=108F4A A4=20F129C A5=108000 A6=108E74 PC=33BB6 -- 033BB6: move.w  (A0)+, (A1)
D0=0 D1=40 D2=80 D3=FFFF D4=16405000 D5=84598540 D6=84598540 D7=FFFF A0=1094E2 A1=3C0002 A2=33856 A3=108F4A A4=20F129C A5=108000 A6=108E74 PC=33BB8 -- 033BB8: move.w  (A0)+, (A1)
D0=0 D1=40 D2=80 D3=FFFF D4=16405000 D5=84598540 D6=84598540 D7=FFFF A0=1094E4 A1=3C0002 A2=33856 A3=108F4A A4=20F129C A5=108000 A6=108E74 PC=33BBA -- 033BBA: move.w  (A0)+, (A1)
D0=0 D1=40 D2=80 D3=FFFF D4=16405000 D5=84598540 D6=84598540 D7=FFFF A0=1094E6 A1=3C0002 A2=33856 A3=108F4A A4=20F129C A5=108000 A6=108E74 PC=33BBC -- 033BBC: move.w  (A0)+, (A1)
D0=0 D1=40 D2=80 D3=FFFF D4=16405000 D5=84598540 D6=84598540 D7=FFFF A0=1094E8 A1=3C0002 A2=33856 A3=108F4A A4=20F129C A5=108000 A6=108E74 PC=33BBE -- 033BBE: move.w  (A0)+, (A1)
D0=0 D1=40 D2=80 D3=FFFF D4=16405000 D5=84598540 D6=84598540 D7=FFFF A0=1094EA A1=3C0002 A2=33856 A3=108F4A A4=20F129C A5=108000 A6=108E74 PC=33BC0 -- 033BC0: move.w  (A0)+, (A1)
D0=0 D1=40 D2=80 D3=FFFF D4=16405000 D5=84598540 D6=84598540 D7=FFFF A0=1094EC A1=3C0002 A2=33856 A3=108F4A A4=20F129C A5=108000 A6=108E74 PC=33BC2 -- 033BC2: move.w  (A0)+, (A1)
D0=0 D1=40 D2=80 D3=FFFF D4=16405000 D5=84598540 D6=84598540 D7=FFFF A0=1094EE A1=3C0002 A2=33856 A3=108F4A A4=20F129C A5=108000 A6=108E74 PC=33BC4 -- 033BC4: move.w  (A0)+, (A1)
D0=0 D1=40 D2=80 D3=FFFF D4=16405000 D5=84598540 D6=84598540 D7=FFFF A0=1094F0 A1=3C0002 A2=33856 A3=108F4A A4=20F129C A5=108000 A6=108E74 PC=33BC6 -- 033BC6: move.w  (A0)+, (A1)
D0=0 D1=40 D2=80 D3=FFFF D4=16405000 D5=84598540 D6=84598540 D7=FFFF A0=1094F2 A1=3C0002 A2=33856 A3=108F4A A4=20F129C A5=108000 A6=108E74 PC=33BC8 -- 033BC8: move.w  (A0)+, (A1)
D0=0 D1=40 D2=80 D3=FFFF D4=16405000 D5=84598540 D6=84598540 D7=FFFF A0=1094F4 A1=3C0002 A2=33856 A3=108F4A A4=20F129C A5=108000 A6=108E74 PC=33BCA -- 033BCA: move.w  (A0)+, (A1)
D0=0 D1=40 D2=80 D3=FFFF D4=16405000 D5=84598540 D6=84598540 D7=FFFF A0=1094F6 A1=3C0002 A2=33856 A3=108F4A A4=20F129C A5=108000 A6=108E74 PC=33BCC -- 033BCC: move.w  (A0)+, (A1)
D0=0 D1=40 D2=80 D3=FFFF D4=16405000 D5=84598540 D6=84598540 D7=FFFF A0=1094F8 A1=3C0002 A2=33856 A3=108F4A A4=20F129C A5=108000 A6=108E74 PC=33BCE -- 033BCE: move.w  (A0)+, (A1)
D0=0 D1=40 D2=80 D3=FFFF D4=16405000 D5=84598540 D6=84598540 D7=FFFF A0=1094FA A1=3C0002 A2=33856 A3=108F4A A4=20F129C A5=108000 A6=108E74 PC=33BD0 -- 033BD0: move.w  (A0)+, (A1)
D0=0 D1=40 D2=80 D3=FFFF D4=16405000 D5=84598540 D6=84598540 D7=FFFF A0=1094FC A1=3C0002 A2=33856 A3=108F4A A4=20F129C A5=108000 A6=108E74 PC=33BD2 -- 033BD2: move.w  (A0)+, (A1)
D0=0 D1=40 D2=80 D3=FFFF D4=16405000 D5=84598540 D6=84598540 D7=FFFF A0=1094FE A1=3C0002 A2=33856 A3=108F4A A4=20F129C A5=108000 A6=108E74 PC=33BD4 -- 033BD4: move.w  (A0)+, (A1)
D0=0 D1=40 D2=80 D3=FFFF D4=16405000 D5=84598540 D6=84598540 D7=FFFF A0=109500 A1=3C0002 A2=33856 A3=108F4A A4=20F129C A5=108000 A6=108E74 PC=33BD6 -- 033BD6: move.w  (A0)+, (A1)
D0=0 D1=40 D2=80 D3=FFFF D4=16405000 D5=84598540 D6=84598540 D7=FFFF A0=109502 A1=3C0002 A2=33856 A3=108F4A A4=20F129C A5=108000 A6=108E74 PC=33BD8 -- 033BD8: subq.b  #1, ($168e,A5)
D0=0 D1=40 D2=80 D3=FFFF D4=16405000 D5=84598540 D6=84598540 D7=FFFF A0=109502 A1=3C0002 A2=33856 A3=108F4A A4=20F129C A5=108000 A6=108E74 PC=33BDC -- 033BDC: bne     $33b48
D0=0 D1=40 D2=80 D3=FFFF D4=16405000 D5=84598540 D6=84598540 D7=FFFF A0=109502 A1=3C0002 A2=33856 A3=108F4A A4=20F129C A5=108000 A6=108E74 PC=33BE0 -- 033BE0: rts
D0=0 D1=40 D2=80 D3=FFFF D4=16405000 D5=84598540 D6=84598540 D7=FFFF A0=109502 A1=3C0002 A2=33856 A3=108F4A A4=20F129C A5=108000 A6=108E74 PC=32BE4 -- 032BE4: jsr     $6536.l
D0=0 D1=40 D2=80 D3=FFFF D4=16405000 D5=84598540 D6=84598540 D7=FFFF A0=109502 A1=3C0002 A2=33856 A3=108F4A A4=20F129C A5=108000 A6=108E74 PC=6536 -- 006536: moveq   #$0, D0
D0=0 D1=40 D2=80 D3=FFFF D4=16405000 D5=84598540 D6=84598540 D7=FFFF A0=109502 A1=3C0002 A2=33856 A3=108F4A A4=20F129C A5=108000 A6=108E74 PC=6538 -- 006538: lea     ($38c4,A5), A0
D0=0 D1=40 D2=80 D3=FFFF D4=16405000 D5=84598540 D6=84598540 D7=FFFF A0=10B8C4 A1=3C0002 A2=33856 A3=108F4A A4=20F129C A5=108000 A6=108E74 PC=653C -- 00653C: move.b  ($38bd,A5), D0
D0=C D1=40 D2=80 D3=FFFF D4=16405000 D5=84598540 D6=84598540 D7=FFFF A0=10B8C4 A1=3C0002 A2=33856 A3=108F4A A4=20F129C A5=108000 A6=108E74 PC=6540 -- 006540: cmp.b   ($38bc,A5), D0
D0=C D1=40 D2=80 D3=FFFF D4=16405000 D5=84598540 D6=84598540 D7=FFFF A0=10B8C4 A1=3C0002 A2=33856 A3=108F4A A4=20F129C A5=108000 A6=108E74 PC=6544 -- 006544: beq     $655c
D0=C D1=40 D2=80 D3=FFFF D4=16405000 D5=84598540 D6=84598540 D7=FFFF A0=10B8C4 A1=3C0002 A2=33856 A3=108F4A A4=20F129C A5=108000 A6=108E74 PC=655C -- 00655C: rts
D0=C D1=40 D2=80 D3=FFFF D4=16405000 D5=84598540 D6=84598540 D7=FFFF A0=10B8C4 A1=3C0002 A2=33856 A3=108F4A A4=20F129C A5=108000 A6=108E74 PC=32BEA -- 032BEA: bsr     $32dca
D0=C D1=40 D2=80 D3=FFFF D4=16405000 D5=84598540 D6=84598540 D7=FFFF A0=10B8C4 A1=3C0002 A2=33856 A3=108F4A A4=20F129C A5=108000 A6=108E74 PC=32DCA -- 032DCA: move.b  $380000.l, D0
D0=FF D1=40 D2=80 D3=FFFF D4=16405000 D5=84598540 D6=84598540 D7=FFFF A0=10B8C4 A1=3C0002 A2=33856 A3=108F4A A4=20F129C A5=108000 A6=108E74 PC=32DD0 -- 032DD0: not.b   D0
D0=0 D1=40 D2=80 D3=FFFF D4=16405000 D5=84598540 D6=84598540 D7=FFFF A0=10B8C4 A1=3C0002 A2=33856 A3=108F4A A4=20F129C A5=108000 A6=108E74 PC=32DD2 -- 032DD2: move.b  ($39c6,A5), D1
D0=0 D1=0 D2=80 D3=FFFF D4=16405000 D5=84598540 D6=84598540 D7=FFFF A0=10B8C4 A1=3C0002 A2=33856 A3=108F4A A4=20F129C A5=108000 A6=108E74 PC=32DD6 -- 032DD6: move.b  D0, ($39c6,A5)
D0=0 D1=0 D2=80 D3=FFFF D4=16405000 D5=84598540 D6=84598540 D7=FFFF A0=10B8C4 A1=3C0002 A2=33856 A3=108F4A A4=20F129C A5=108000 A6=108E74 PC=32DDA -- 032DDA: move.b  D1, ($39c9,A5)
D0=0 D1=0 D2=80 D3=FFFF D4=16405000 D5=84598540 D6=84598540 D7=FFFF A0=10B8C4 A1=3C0002 A2=33856 A3=108F4A A4=20F129C A5=108000 A6=108E74 PC=32DDE -- 032DDE: move.b  D1, D2
D0=0 D1=0 D2=0 D3=FFFF D4=16405000 D5=84598540 D6=84598540 D7=FFFF A0=10B8C4 A1=3C0002 A2=33856 A3=108F4A A4=20F129C A5=108000 A6=108E74 PC=32DE0 -- 032DE0: and.b   D0, D1
D0=0 D1=0 D2=0 D3=FFFF D4=16405000 D5=84598540 D6=84598540 D7=FFFF A0=10B8C4 A1=3C0002 A2=33856 A3=108F4A A4=20F129C A5=108000 A6=108E74 PC=32DE2 -- 032DE2: move.b  D1, ($39f5,A5)
D0=0 D1=0 D2=0 D3=FFFF D4=16405000 D5=84598540 D6=84598540 D7=FFFF A0=10B8C4 A1=3C0002 A2=33856 A3=108F4A A4=20F129C A5=108000 A6=108E74 PC=32DE6 -- 032DE6: move.b  D2, D1
D0=0 D1=0 D2=0 D3=FFFF D4=16405000 D5=84598540 D6=84598540 D7=FFFF A0=10B8C4 A1=3C0002 A2=33856 A3=108F4A A4=20F129C A5=108000 A6=108E74 PC=32DE8 -- 032DE8: eor.b   D0, D1
D0=0 D1=0 D2=0 D3=FFFF D4=16405000 D5=84598540 D6=84598540 D7=FFFF A0=10B8C4 A1=3C0002 A2=33856 A3=108F4A A4=20F129C A5=108000 A6=108E74 PC=32DEA -- 032DEA: and.b   D1, D2
D0=0 D1=0 D2=0 D3=FFFF D4=16405000 D5=84598540 D6=84598540 D7=FFFF A0=10B8C4 A1=3C0002 A2=33856 A3=108F4A A4=20F129C A5=108000 A6=108E74 PC=32DEC -- 032DEC: move.b  D2, ($39f7,A5)
D0=0 D1=0 D2=0 D3=FFFF D4=16405000 D5=84598540 D6=84598540 D7=FFFF A0=10B8C4 A1=3C0002 A2=33856 A3=108F4A A4=20F129C A5=108000 A6=108E74 PC=32DF0 -- 032DF0: and.b   D1, D0
D0=0 D1=0 D2=0 D3=FFFF D4=16405000 D5=84598540 D6=84598540 D7=FFFF A0=10B8C4 A1=3C0002 A2=33856 A3=108F4A A4=20F129C A5=108000 A6=108E74 PC=32DF2 -- 032DF2: move.b  D0, ($39f6,A5)
D0=0 D1=0 D2=0 D3=FFFF D4=16405000 D5=84598540 D6=84598540 D7=FFFF A0=10B8C4 A1=3C0002 A2=33856 A3=108F4A A4=20F129C A5=108000 A6=108E74 PC=32DF6 -- 032DF6: lea     ($39f9,A5), A0
D0=0 D1=0 D2=0 D3=FFFF D4=16405000 D5=84598540 D6=84598540 D7=FFFF A0=10B9F9 A1=3C0002 A2=33856 A3=108F4A A4=20F129C A5=108000 A6=108E74 PC=32DFA -- 032DFA: lea     ($39f8,A5), A1
D0=0 D1=0 D2=0 D3=FFFF D4=16405000 D5=84598540 D6=84598540 D7=FFFF A0=10B9F9 A1=10B9F8 A2=33856 A3=108F4A A4=20F129C A5=108000 A6=108E74 PC=32DFE -- 032DFE: move.b  ($39f5,A5), D0
D0=0 D1=0 D2=0 D3=FFFF D4=16405000 D5=84598540 D6=84598540 D7=FFFF A0=10B9F9 A1=10B9F8 A2=33856 A3=108F4A A4=20F129C A5=108000 A6=108E74 PC=32E02 -- 032E02: bsr     $32e08
D0=0 D1=0 D2=0 D3=FFFF D4=16405000 D5=84598540 D6=84598540 D7=FFFF A0=10B9F9 A1=10B9F8 A2=33856 A3=108F4A A4=20F129C A5=108000 A6=108E74 PC=32E08 -- 032E08: moveq   #$7, D1
D0=0 D1=7 D2=0 D3=FFFF D4=16405000 D5=84598540 D6=84598540 D7=FFFF A0=10B9F9 A1=10B9F8 A2=33856 A3=108F4A A4=20F129C A5=108000 A6=108E74 PC=32E0A -- 032E0A: move.b  (-$2,A1), (A1)
D0=0 D1=7 D2=0 D3=FFFF D4=16405000 D5=84598540 D6=84598540 D7=FFFF A0=10B9F9 A1=10B9F8 A2=33856 A3=108F4A A4=20F129C A5=108000 A6=108E74 PC=32E0E -- 032E0E: addq.b  #1, (A0)+
D0=0 D1=7 D2=0 D3=FFFF D4=16405000 D5=84598540 D6=84598540 D7=FFFF A0=10B9FA A1=10B9F8 A2=33856 A3=108F4A A4=20F129C A5=108000 A6=108E74 PC=32E10 -- 032E10: bne     $32e18
D0=0 D1=7 D2=0 D3=FFFF D4=16405000 D5=84598540 D6=84598540 D7=FFFF A0=10B9FA A1=10B9F8 A2=33856 A3=108F4A A4=20F129C A5=108000 A6=108E74 PC=32E18 -- 032E18: rol.b   #1, D0
D0=0 D1=7 D2=0 D3=FFFF D4=16405000 D5=84598540 D6=84598540 D7=FFFF A0=10B9FA A1=10B9F8 A2=33856 A3=108F4A A4=20F129C A5=108000 A6=108E74 PC=32E1A -- 032E1A: bcs     $32e20
D0=0 D1=7 D2=0 D3=FFFF D4=16405000 D5=84598540 D6=84598540 D7=FFFF A0=10B9FA A1=10B9F8 A2=33856 A3=108F4A A4=20F129C A5=108000 A6=108E74 PC=32E1C -- 032E1C: clr.b   (-$1,A0)
D0=0 D1=7 D2=0 D3=FFFF D4=16405000 D5=84598540 D6=84598540 D7=FFFF A0=10B9FA A1=10B9F8 A2=33856 A3=108F4A A4=20F129C A5=108000 A6=108E74 PC=32E20 -- 032E20: move.b  (-$1,A0), D5
D0=0 D1=7 D2=0 D3=FFFF D4=16405000 D5=84598540 D6=84598540 D7=FFFF A0=10B9FA A1=10B9F8 A2=33856 A3=108F4A A4=20F129C A5=108000 A6=108E74 PC=32E24 -- 032E24: cmp.b   ($3a05,A5), D5
D0=0 D1=7 D2=0 D3=FFFF D4=16405000 D5=84598540 D6=84598540 D7=FFFF A0=10B9FA A1=10B9F8 A2=33856 A3=108F4A A4=20F129C A5=108000 A6=108E74 PC=32E28 -- 032E28: bls     $32e3a
D0=0 D1=7 D2=0 D3=FFFF D4=16405000 D5=84598540 D6=84598540 D7=FFFF A0=10B9FA A1=10B9F8 A2=33856 A3=108F4A A4=20F129C A5=108000 A6=108E74 PC=32E3A -- 032E3A: dbra    D1, $32e0e
D0=0 D1=6 D2=0 D3=FFFF D4=16405000 D5=84598540 D6=84598540 D7=FFFF A0=10B9FA A1=10B9F8 A2=33856 A3=108F4A A4=20F129C A5=108000 A6=108E74 PC=32E0E -- 032E0E: addq.b  #1, (A0)+
D0=0 D1=6 D2=0 D3=FFFF D4=16405000 D5=84598540 D6=84598540 D7=FFFF A0=10B9FB A1=10B9F8 A2=33856 A3=108F4A A4=20F129C A5=108000 A6=108E74 PC=32E10 -- 032E10: bne     $32e18
D0=0 D1=6 D2=0 D3=FFFF D4=16405000 D5=84598540 D6=84598540 D7=FFFF A0=10B9FB A1=10B9F8 A2=33856 A3=108F4A A4=20F129C A5=108000 A6=108E74 PC=32E18 -- 032E18: rol.b   #1, D0
D0=0 D1=6 D2=0 D3=FFFF D4=16405000 D5=84598540 D6=84598540 D7=FFFF A0=10B9FB A1=10B9F8 A2=33856 A3=108F4A A4=20F129C A5=108000 A6=108E74 PC=32E1A -- 032E1A: bcs     $32e20
D0=0 D1=6 D2=0 D3=FFFF D4=16405000 D5=84598540 D6=84598540 D7=FFFF A0=10B9FB A1=10B9F8 A2=33856 A3=108F4A A4=20F129C A5=108000 A6=108E74 PC=32E1C -- 032E1C: clr.b   (-$1,A0)
D0=0 D1=6 D2=0 D3=FFFF D4=16405000 D5=84598540 D6=84598540 D7=FFFF A0=10B9FB A1=10B9F8 A2=33856 A3=108F4A A4=20F129C A5=108000 A6=108E74 PC=32E20 -- 032E20: move.b  (-$1,A0), D5
D0=0 D1=6 D2=0 D3=FFFF D4=16405000 D5=84598540 D6=84598540 D7=FFFF A0=10B9FB A1=10B9F8 A2=33856 A3=108F4A A4=20F129C A5=108000 A6=108E74 PC=32E24 -- 032E24: cmp.b   ($3a05,A5), D5
D0=0 D1=6 D2=0 D3=FFFF D4=16405000 D5=84598540 D6=84598540 D7=FFFF A0=10B9FB A1=10B9F8 A2=33856 A3=108F4A A4=20F129C A5=108000 A6=108E74 PC=32E28 -- 032E28: bls     $32e3a
D0=0 D1=6 D2=0 D3=FFFF D4=16405000 D5=84598540 D6=84598540 D7=FFFF A0=10B9FB A1=10B9F8 A2=33856 A3=108F4A A4=20F129C A5=108000 A6=108E74 PC=32E3A -- 032E3A: dbra    D1, $32e0e

   (loops for 54 instructions)

D0=0 D1=FFFF D2=0 D3=FFFF D4=16405000 D5=84598540 D6=84598540 D7=FFFF A0=10BA01 A1=10B9F8 A2=33856 A3=108F4A A4=20F129C A5=108000 A6=108E74 PC=32E3E -- 032E3E: rts
D0=0 D1=FFFF D2=0 D3=FFFF D4=16405000 D5=84598540 D6=84598540 D7=FFFF A0=10BA01 A1=10B9F8 A2=33856 A3=108F4A A4=20F129C A5=108000 A6=108E74 PC=32E06 -- 032E06: rts
D0=0 D1=FFFF D2=0 D3=FFFF D4=16405000 D5=84598540 D6=84598540 D7=FFFF A0=10BA01 A1=10B9F8 A2=33856 A3=108F4A A4=20F129C A5=108000 A6=108E74 PC=32BEE -- 032BEE: jsr     $c0044a.l
D0=0 D1=FFFF D2=0 D3=FFFF D4=16405000 D5=84598540 D6=84598540 D7=FFFF A0=10BA01 A1=10B9F8 A2=33856 A3=108F4A A4=20F129C A5=108000 A6=108E74 PC=C0044A -- C0044A: jmp     $c01fb8.l
D0=0 D1=FFFF D2=0 D3=FFFF D4=16405000 D5=84598540 D6=84598540 D7=FFFF A0=10BA01 A1=10B9F8 A2=33856 A3=108F4A A4=20F129C A5=108000 A6=108E74 PC=C01FB8 -- C01FB8: bsr     $c01f80
D0=0 D1=FFFF D2=0 D3=FFFF D4=16405000 D5=84598540 D6=84598540 D7=FFFF A0=10BA01 A1=10B9F8 A2=33856 A3=108F4A A4=20F129C A5=108000 A6=108E74 PC=C01F80 -- C01F80: cmpi.w  #$4, $10fe2e.l
D0=0 D1=FFFF D2=0 D3=FFFF D4=16405000 D5=84598540 D6=84598540 D7=FFFF A0=10BA01 A1=10B9F8 A2=33856 A3=108F4A A4=20F129C A5=108000 A6=108E74 PC=C01F88 -- C01F88: beq     $c01fa8
D0=0 D1=FFFF D2=0 D3=FFFF D4=16405000 D5=84598540 D6=84598540 D7=FFFF A0=10BA01 A1=10B9F8 A2=33856 A3=108F4A A4=20F129C A5=108000 A6=108E74 PC=C01F8A -- C01F8A: move.w  $10fe32.l, $10fd82.l
D0=0 D1=FFFF D2=0 D3=FFFF D4=16405000 D5=84598540 D6=84598540 D7=FFFF A0=10BA01 A1=10B9F8 A2=33856 A3=108F4A A4=20F129C A5=108000 A6=108E74 PC=C01F94 -- C01F94: cmpi.w  #$7070, $10fe82.l
D0=0 D1=FFFF D2=0 D3=FFFF D4=16405000 D5=84598540 D6=84598540 D7=FFFF A0=10BA01 A1=10B9F8 A2=33856 A3=108F4A A4=20F129C A5=108000 A6=108E74 PC=C01F9C -- C01F9C: bne     $c01fa8
D0=0 D1=FFFF D2=0 D3=FFFF D4=16405000 D5=84598540 D6=84598540 D7=FFFF A0=10BA01 A1=10B9F8 A2=33856 A3=108F4A A4=20F129C A5=108000 A6=108E74 PC=C01FA8 -- C01FA8: rts
D0=0 D1=FFFF D2=0 D3=FFFF D4=16405000 D5=84598540 D6=84598540 D7=FFFF A0=10BA01 A1=10B9F8 A2=33856 A3=108F4A A4=20F129C A5=108000 A6=108E74 PC=C01FBA -- C01FBA: jmp     $c1167a.l
D0=0 D1=FFFF D2=0 D3=FFFF D4=16405000 D5=84598540 D6=84598540 D7=FFFF A0=10BA01 A1=10B9F8 A2=33856 A3=108F4A A4=20F129C A5=108000 A6=108E74 PC=C1167A -- C1167A: jsr     $c050d0.l
D0=0 D1=FFFF D2=0 D3=FFFF D4=16405000 D5=84598540 D6=84598540 D7=FFFF A0=10BA01 A1=10B9F8 A2=33856 A3=108F4A A4=20F129C A5=108000 A6=108E74 PC=C050D0 -- C050D0: bra     $c09b7a
D0=0 D1=FFFF D2=0 D3=FFFF D4=16405000 D5=84598540 D6=84598540 D7=FFFF A0=10BA01 A1=10B9F8 A2=33856 A3=108F4A A4=20F129C A5=108000 A6=108E74 PC=C09B7A -- C09B7A: lea     $10f300.l, A5
D0=0 D1=FFFF D2=0 D3=FFFF D4=16405000 D5=84598540 D6=84598540 D7=FFFF A0=10BA01 A1=10B9F8 A2=33856 A3=108F4A A4=20F129C A5=10F300 A6=108E74 PC=C09B80 -- C09B80: move.b  $380000.l, D0
D0=FF D1=FFFF D2=0 D3=FFFF D4=16405000 D5=84598540 D6=84598540 D7=FFFF A0=10BA01 A1=10B9F8 A2=33856 A3=108F4A A4=20F129C A5=10F300 A6=108E74 PC=C09B86 -- C09B86: andi.b  #$30, D0
D0=30 D1=FFFF D2=0 D3=FFFF D4=16405000 D5=84598540 D6=84598540 D7=FFFF A0=10BA01 A1=10B9F8 A2=33856 A3=108F4A A4=20F129C A5=10F300 A6=108E74 PC=C09B8A -- C09B8A: bne     $c09bcc
D0=30 D1=FFFF D2=0 D3=FFFF D4=16405000 D5=84598540 D6=84598540 D7=FFFF A0=10BA01 A1=10B9F8 A2=33856 A3=108F4A A4=20F129C A5=10F300 A6=108E74 PC=C09BCC -- C09BCC: rts
D0=30 D1=FFFF D2=0 D3=FFFF D4=16405000 D5=84598540 D6=84598540 D7=FFFF A0=10BA01 A1=10B9F8 A2=33856 A3=108F4A A4=20F129C A5=10F300 A6=108E74 PC=C11680 -- C11680: addq.l  #1, ($b88,A5)
D0=30 D1=FFFF D2=0 D3=FFFF D4=16405000 D5=84598540 D6=84598540 D7=FFFF A0=10BA01 A1=10B9F8 A2=33856 A3=108F4A A4=20F129C A5=10F300 A6=108E74 PC=C11684 -- C11684: jsr     ($102e,PC) ; ($c126b4)
D0=30 D1=FFFF D2=0 D3=FFFF D4=16405000 D5=84598540 D6=84598540 D7=FFFF A0=10BA01 A1=10B9F8 A2=33856 A3=108F4A A4=20F129C A5=10F300 A6=108E74 PC=C126B4 -- C126B4: tst.b   ($a82,A5)
D0=30 D1=FFFF D2=0 D3=FFFF D4=16405000 D5=84598540 D6=84598540 D7=FFFF A0=10BA01 A1=10B9F8 A2=33856 A3=108F4A A4=20F129C A5=10F300 A6=108E74 PC=C126B8 -- C126B8: bne     $c126bc
D0=30 D1=FFFF D2=0 D3=FFFF D4=16405000 D5=84598540 D6=84598540 D7=FFFF A0=10BA01 A1=10B9F8 A2=33856 A3=108F4A A4=20F129C A5=10F300 A6=108E74 PC=C126BC -- C126BC: cmpi.b  #$1, ($a81,A5)
D0=30 D1=FFFF D2=0 D3=FFFF D4=16405000 D5=84598540 D6=84598540 D7=FFFF A0=10BA01 A1=10B9F8 A2=33856 A3=108F4A A4=20F129C A5=10F300 A6=108E74 PC=C126C2 -- C126C2: bra     $c126ea
D0=30 D1=FFFF D2=0 D3=FFFF D4=16405000 D5=84598540 D6=84598540 D7=FFFF A0=10BA01 A1=10B9F8 A2=33856 A3=108F4A A4=20F129C A5=10F300 A6=108E74 PC=C126EA -- C126EA: tst.b   ($bbb,A5)
D0=30 D1=FFFF D2=0 D3=FFFF D4=16405000 D5=84598540 D6=84598540 D7=FFFF A0=10BA01 A1=10B9F8 A2=33856 A3=108F4A A4=20F129C A5=10F300 A6=108E74 PC=C126EE -- C126EE: bne     $c126f8
D0=30 D1=FFFF D2=0 D3=FFFF D4=16405000 D5=84598540 D6=84598540 D7=FFFF A0=10BA01 A1=10B9F8 A2=33856 A3=108F4A A4=20F129C A5=10F300 A6=108E74 PC=C126F0 -- C126F0: move.b  #$ff, $380031.l
D0=30 D1=FFFF D2=0 D3=FFFF D4=16405000 D5=84598540 D6=84598540 D7=FFFF A0=10BA01 A1=10B9F8 A2=33856 A3=108F4A A4=20F129C A5=10F300 A6=108E74 PC=C126F8 -- C126F8: tst.b   ($a81,A5)
D0=30 D1=FFFF D2=0 D3=FFFF D4=16405000 D5=84598540 D6=84598540 D7=FFFF A0=10BA01 A1=10B9F8 A2=33856 A3=108F4A A4=20F129C A5=10F300 A6=108E74 PC=C126FC -- C126FC: beq     $c12732
D0=30 D1=FFFF D2=0 D3=FFFF D4=16405000 D5=84598540 D6=84598540 D7=FFFF A0=10BA01 A1=10B9F8 A2=33856 A3=108F4A A4=20F129C A5=10F300 A6=108E74 PC=C126FE -- C126FE: btst    #$4, $d00038.l
D0=30 D1=FFFF D2=0 D3=FFFF D4=16405000 D5=84598540 D6=84598540 D7=FFFF A0=10BA01 A1=10B9F8 A2=33856 A3=108F4A A4=20F129C A5=10F300 A6=108E74 PC=C12706 -- C12706: bne     $c12732
D0=30 D1=FFFF D2=0 D3=FFFF D4=16405000 D5=84598540 D6=84598540 D7=FFFF A0=10BA01 A1=10B9F8 A2=33856 A3=108F4A A4=20F129C A5=10F300 A6=108E74 PC=C12708 -- C12708: jsr     ($30e,PC) ; ($c12a18)
D0=30 D1=FFFF D2=0 D3=FFFF D4=16405000 D5=84598540 D6=84598540 D7=FFFF A0=10BA01 A1=10B9F8 A2=33856 A3=108F4A A4=20F129C A5=10F300 A6=108E74 PC=C12A18 -- C12A18: cmpi.b  #$1, ($a81,A5)
D0=30 D1=FFFF D2=0 D3=FFFF D4=16405000 D5=84598540 D6=84598540 D7=FFFF A0=10BA01 A1=10B9F8 A2=33856 A3=108F4A A4=20F129C A5=10F300 A6=108E74 PC=C12A1E -- C12A1E: beq     $c12a28
D0=30 D1=FFFF D2=0 D3=FFFF D4=16405000 D5=84598540 D6=84598540 D7=FFFF A0=10BA01 A1=10B9F8 A2=33856 A3=108F4A A4=20F129C A5=10F300 A6=108E74 PC=C12A20 -- C12A20: cmpi.b  #$1, ($aaf,A5)
D0=30 D1=FFFF D2=0 D3=FFFF D4=16405000 D5=84598540 D6=84598540 D7=FFFF A0=10BA01 A1=10B9F8 A2=33856 A3=108F4A A4=20F129C A5=10F300 A6=108E74 PC=C12A26 -- C12A26: bne     $c12a34
D0=30 D1=FFFF D2=0 D3=FFFF D4=16405000 D5=84598540 D6=84598540 D7=FFFF A0=10BA01 A1=10B9F8 A2=33856 A3=108F4A A4=20F129C A5=10F300 A6=108E74 PC=C12A28 -- C12A28: move.b  $380000.l, D0
D0=FF D1=FFFF D2=0 D3=FFFF D4=16405000 D5=84598540 D6=84598540 D7=FFFF A0=10BA01 A1=10B9F8 A2=33856 A3=108F4A A4=20F129C A5=10F300 A6=108E74 PC=C12A2E -- C12A2E: andi.b  #$30, D0
D0=30 D1=FFFF D2=0 D3=FFFF D4=16405000 D5=84598540 D6=84598540 D7=FFFF A0=10BA01 A1=10B9F8 A2=33856 A3=108F4A A4=20F129C A5=10F300 A6=108E74 PC=C12A32 -- C12A32: beq     $c12a36
D0=30 D1=FFFF D2=0 D3=FFFF D4=16405000 D5=84598540 D6=84598540 D7=FFFF A0=10BA01 A1=10B9F8 A2=33856 A3=108F4A A4=20F129C A5=10F300 A6=108E74 PC=C12A34 -- C12A34: rts
D0=30 D1=FFFF D2=0 D3=FFFF D4=16405000 D5=84598540 D6=84598540 D7=FFFF A0=10BA01 A1=10B9F8 A2=33856 A3=108F4A A4=20F129C A5=10F300 A6=108E74 PC=C1270C -- C1270C: jsr     $c1bac0.l
D0=30 D1=FFFF D2=0 D3=FFFF D4=16405000 D5=84598540 D6=84598540 D7=FFFF A0=10BA01 A1=10B9F8 A2=33856 A3=108F4A A4=20F129C A5=10F300 A6=108E74 PC=C1BAC0 -- C1BAC0: btst    #$2, $10fe35.l
D0=30 D1=FFFF D2=0 D3=FFFF D4=16405000 D5=84598540 D6=84598540 D7=FFFF A0=10BA01 A1=10B9F8 A2=33856 A3=108F4A A4=20F129C A5=10F300 A6=108E74 PC=C1BAC8 -- C1BAC8: bne     $c1bad2
D0=30 D1=FFFF D2=0 D3=FFFF D4=16405000 D5=84598540 D6=84598540 D7=FFFF A0=10BA01 A1=10B9F8 A2=33856 A3=108F4A A4=20F129C A5=10F300 A6=108E74 PC=C1BACA -- C1BACA: move.b  $300001.l, D0
D0=FF D1=FFFF D2=0 D3=FFFF D4=16405000 D5=84598540 D6=84598540 D7=FFFF A0=10BA01 A1=10B9F8 A2=33856 A3=108F4A A4=20F129C A5=10F300 A6=108E74 PC=C1BAD0 -- C1BAD0: rts
D0=FF D1=FFFF D2=0 D3=FFFF D4=16405000 D5=84598540 D6=84598540 D7=FFFF A0=10BA01 A1=10B9F8 A2=33856 A3=108F4A A4=20F129C A5=10F300 A6=108E74 PC=C12712 -- C12712: andi.b  #$80, D0
D0=80 D1=FFFF D2=0 D3=FFFF D4=16405000 D5=84598540 D6=84598540 D7=FFFF A0=10BA01 A1=10B9F8 A2=33856 A3=108F4A A4=20F129C A5=10F300 A6=108E74 PC=C12716 -- C12716: bne     $c12732
D0=80 D1=FFFF D2=0 D3=FFFF D4=16405000 D5=84598540 D6=84598540 D7=FFFF A0=10BA01 A1=10B9F8 A2=33856 A3=108F4A A4=20F129C A5=10F300 A6=108E74 PC=C12732 -- C12732: move.b  D0, $3a001d.l
D0=80 D1=FFFF D2=0 D3=FFFF D4=16405000 D5=84598540 D6=84598540 D7=FFFF A0=10BA01 A1=10B9F8 A2=33856 A3=108F4A A4=20F129C A5=10F300 A6=108E74 PC=C12738 -- C12738: lea     $d08000.l, A4
D0=80 D1=FFFF D2=0 D3=FFFF D4=16405000 D5=84598540 D6=84598540 D7=FFFF A0=10BA01 A1=10B9F8 A2=33856 A3=108F4A A4=D08000 A5=10F300 A6=108E74 PC=C1273E -- C1273E: jsr     $c1bb08.l
D0=80 D1=FFFF D2=0 D3=FFFF D4=16405000 D5=84598540 D6=84598540 D7=FFFF A0=10BA01 A1=10B9F8 A2=33856 A3=108F4A A4=D08000 A5=10F300 A6=108E74 PC=C1BB08 -- C1BB08: move.b  #$ff, D0
D0=FF D1=FFFF D2=0 D3=FFFF D4=16405000 D5=84598540 D6=84598540 D7=FFFF A0=10BA01 A1=10B9F8 A2=33856 A3=108F4A A4=D08000 A5=10F300 A6=108E74 PC=C1BB0C -- C1BB0C: btst    #$2, $10fe35.l
D0=FF D1=FFFF D2=0 D3=FFFF D4=16405000 D5=84598540 D6=84598540 D7=FFFF A0=10BA01 A1=10B9F8 A2=33856 A3=108F4A A4=D08000 A5=10F300 A6=108E74 PC=C1BB14 -- C1BB14: bne     $c1bb1c
D0=FF D1=FFFF D2=0 D3=FFFF D4=16405000 D5=84598540 D6=84598540 D7=FFFF A0=10BA01 A1=10B9F8 A2=33856 A3=108F4A A4=D08000 A5=10F300 A6=108E74 PC=C1BB16 -- C1BB16: move.b  $300081.l, D0
D0=80 D1=FFFF D2=0 D3=FFFF D4=16405000 D5=84598540 D6=84598540 D7=FFFF A0=10BA01 A1=10B9F8 A2=33856 A3=108F4A A4=D08000 A5=10F300 A6=108E74 PC=C1BB1C -- C1BB1C: rts
D0=80 D1=FFFF D2=0 D3=FFFF D4=16405000 D5=84598540 D6=84598540 D7=FFFF A0=10BA01 A1=10B9F8 A2=33856 A3=108F4A A4=D08000 A5=10F300 A6=108E74 PC=C12744 -- C12744: not.b   D0
D0=7F D1=FFFF D2=0 D3=FFFF D4=16405000 D5=84598540 D6=84598540 D7=FFFF A0=10BA01 A1=10B9F8 A2=33856 A3=108F4A A4=D08000 A5=10F300 A6=108E74 PC=C12746 -- C12746: move.b  ($bde,A5), D1
D0=7F D1=FF7F D2=0 D3=FFFF D4=16405000 D5=84598540 D6=84598540 D7=FFFF A0=10BA01 A1=10B9F8 A2=33856 A3=108F4A A4=D08000 A5=10F300 A6=108E74 PC=C1274A -- C1274A: move.b  D0, ($bde,A5)
D0=7F D1=FF7F D2=0 D3=FFFF D4=16405000 D5=84598540 D6=84598540 D7=FFFF A0=10BA01 A1=10B9F8 A2=33856 A3=108F4A A4=D08000 A5=10F300 A6=108E74 PC=C1274E -- C1274E: eor.b   D0, D1
D0=7F D1=FF00 D2=0 D3=FFFF D4=16405000 D5=84598540 D6=84598540 D7=FFFF A0=10BA01 A1=10B9F8 A2=33856 A3=108F4A A4=D08000 A5=10F300 A6=108E74 PC=C12750 -- C12750: and.b   D0, D1
D0=7F D1=FF00 D2=0 D3=FFFF D4=16405000 D5=84598540 D6=84598540 D7=FFFF A0=10BA01 A1=10B9F8 A2=33856 A3=108F4A A4=D08000 A5=10F300 A6=108E74 PC=C12752 -- C12752: move.b  D1, ($bdf,A5)
D0=7F D1=FF00 D2=0 D3=FFFF D4=16405000 D5=84598540 D6=84598540 D7=FFFF A0=10BA01 A1=10B9F8 A2=33856 A3=108F4A A4=D08000 A5=10F300 A6=108E74 PC=C12756 -- C12756: tst.b   ($a81,A5)
D0=7F D1=FF00 D2=0 D3=FFFF D4=16405000 D5=84598540 D6=84598540 D7=FFFF A0=10BA01 A1=10B9F8 A2=33856 A3=108F4A A4=D08000 A5=10F300 A6=108E74 PC=C1275A -- C1275A: beq     $c12768
D0=7F D1=FF00 D2=0 D3=FFFF D4=16405000 D5=84598540 D6=84598540 D7=FFFF A0=10BA01 A1=10B9F8 A2=33856 A3=108F4A A4=D08000 A5=10F300 A6=108E74 PC=C1275C -- C1275C: btst    #$7, D1
D0=7F D1=FF00 D2=0 D3=FFFF D4=16405000 D5=84598540 D6=84598540 D7=FFFF A0=10BA01 A1=10B9F8 A2=33856 A3=108F4A A4=D08000 A5=10F300 A6=108E74 PC=C12760 -- C12760: beq     $c12768
D0=7F D1=FF00 D2=0 D3=FFFF D4=16405000 D5=84598540 D6=84598540 D7=FFFF A0=10BA01 A1=10B9F8 A2=33856 A3=108F4A A4=D08000 A5=10F300 A6=108E74 PC=C12768 -- C12768: jsr     $c1b8f8.l
D0=7F D1=FF00 D2=0 D3=FFFF D4=16405000 D5=84598540 D6=84598540 D7=FFFF A0=10BA01 A1=10B9F8 A2=33856 A3=108F4A A4=D08000 A5=10F300 A6=108E74 PC=C1B8F8 -- C1B8F8: move.b  $320001.l, D0
D0=1F D1=FF00 D2=0 D3=FFFF D4=16405000 D5=84598540 D6=84598540 D7=FFFF A0=10BA01 A1=10B9F8 A2=33856 A3=108F4A A4=D08000 A5=10F300 A6=108E74 PC=C1B8FE -- C1B8FE: move.w  $10fe34.l, D1
D0=1F D1=100 D2=0 D3=FFFF D4=16405000 D5=84598540 D6=84598540 D7=FFFF A0=10BA01 A1=10B9F8 A2=33856 A3=108F4A A4=D08000 A5=10F300 A6=108E74 PC=C1B904 -- C1B904: btst    #$2, D1
D0=1F D1=100 D2=0 D3=FFFF D4=16405000 D5=84598540 D6=84598540 D7=FFFF A0=10BA01 A1=10B9F8 A2=33856 A3=108F4A A4=D08000 A5=10F300 A6=108E74 PC=C1B908 -- C1B908: beq     $c1b90c
D0=1F D1=100 D2=0 D3=FFFF D4=16405000 D5=84598540 D6=84598540 D7=FFFF A0=10BA01 A1=10B9F8 A2=33856 A3=108F4A A4=D08000 A5=10F300 A6=108E74 PC=C1B90C -- C1B90C: tst.b   $10fe8d.l
D0=1F D1=100 D2=0 D3=FFFF D4=16405000 D5=84598540 D6=84598540 D7=FFFF A0=10BA01 A1=10B9F8 A2=33856 A3=108F4A A4=D08000 A5=10F300 A6=108E74 PC=C1B912 -- C1B912: bne     $c1b8f4
D0=1F D1=100 D2=0 D3=FFFF D4=16405000 D5=84598540 D6=84598540 D7=FFFF A0=10BA01 A1=10B9F8 A2=33856 A3=108F4A A4=D08000 A5=10F300 A6=108E74 PC=C1B914 -- C1B914: move.b  $380000.l, D2
D0=1F D1=100 D2=FF D3=FFFF D4=16405000 D5=84598540 D6=84598540 D7=FFFF A0=10BA01 A1=10B9F8 A2=33856 A3=108F4A A4=D08000 A5=10F300 A6=108E74 PC=C1B91A -- C1B91A: btst    #$9, D1
D0=1F D1=100 D2=FF D3=FFFF D4=16405000 D5=84598540 D6=84598540 D7=FFFF A0=10BA01 A1=10B9F8 A2=33856 A3=108F4A A4=D08000 A5=10F300 A6=108E74 PC=C1B91E -- C1B91E: bne     $c1b92c
D0=1F D1=100 D2=FF D3=FFFF D4=16405000 D5=84598540 D6=84598540 D7=FFFF A0=10BA01 A1=10B9F8 A2=33856 A3=108F4A A4=D08000 A5=10F300 A6=108E74 PC=C1B920 -- C1B920: btst    #$0, D2
D0=1F D1=100 D2=FF D3=FFFF D4=16405000 D5=84598540 D6=84598540 D7=FFFF A0=10BA01 A1=10B9F8 A2=33856 A3=108F4A A4=D08000 A5=10F300 A6=108E74 PC=C1B924 -- C1B924: bne     $c1b92c
D0=1F D1=100 D2=FF D3=FFFF D4=16405000 D5=84598540 D6=84598540 D7=FFFF A0=10BA01 A1=10B9F8 A2=33856 A3=108F4A A4=D08000 A5=10F300 A6=108E74 PC=C1B92C -- C1B92C: btst    #$1, D1
D0=1F D1=100 D2=FF D3=FFFF D4=16405000 D5=84598540 D6=84598540 D7=FFFF A0=10BA01 A1=10B9F8 A2=33856 A3=108F4A A4=D08000 A5=10F300 A6=108E74 PC=C1B930 -- C1B930: bne     $c1b94c
D0=1F D1=100 D2=FF D3=FFFF D4=16405000 D5=84598540 D6=84598540 D7=FFFF A0=10BA01 A1=10B9F8 A2=33856 A3=108F4A A4=D08000 A5=10F300 A6=108E74 PC=C1B932 -- C1B932: btst    #$a, D1
D0=1F D1=100 D2=FF D3=FFFF D4=16405000 D5=84598540 D6=84598540 D7=FFFF A0=10BA01 A1=10B9F8 A2=33856 A3=108F4A A4=D08000 A5=10F300 A6=108E74 PC=C1B936 -- C1B936: bne     $c1b94c
D0=1F D1=100 D2=FF D3=FFFF D4=16405000 D5=84598540 D6=84598540 D7=FFFF A0=10BA01 A1=10B9F8 A2=33856 A3=108F4A A4=D08000 A5=10F300 A6=108E74 PC=C1B938 -- C1B938: btst    #$1, D2
D0=1F D1=100 D2=FF D3=FFFF D4=16405000 D5=84598540 D6=84598540 D7=FFFF A0=10BA01 A1=10B9F8 A2=33856 A3=108F4A A4=D08000 A5=10F300 A6=108E74 PC=C1B93C -- C1B93C: bne     $c1b942
D0=1F D1=100 D2=FF D3=FFFF D4=16405000 D5=84598540 D6=84598540 D7=FFFF A0=10BA01 A1=10B9F8 A2=33856 A3=108F4A A4=D08000 A5=10F300 A6=108E74 PC=C1B942 -- C1B942: btst    #$3, D2
D0=1F D1=100 D2=FF D3=FFFF D4=16405000 D5=84598540 D6=84598540 D7=FFFF A0=10BA01 A1=10B9F8 A2=33856 A3=108F4A A4=D08000 A5=10F300 A6=108E74 PC=C1B946 -- C1B946: bne     $c1b94c
D0=1F D1=100 D2=FF D3=FFFF D4=16405000 D5=84598540 D6=84598540 D7=FFFF A0=10BA01 A1=10B9F8 A2=33856 A3=108F4A A4=D08000 A5=10F300 A6=108E74 PC=C1B94C -- C1B94C: bra     $c1c1a8
D0=1F D1=100 D2=FF D3=FFFF D4=16405000 D5=84598540 D6=84598540 D7=FFFF A0=10BA01 A1=10B9F8 A2=33856 A3=108F4A A4=D08000 A5=10F300 A6=108E74 PC=C1C1A8 -- C1C1A8: btst    #$2, D2
D0=1F D1=100 D2=FF D3=FFFF D4=16405000 D5=84598540 D6=84598540 D7=FFFF A0=10BA01 A1=10B9F8 A2=33856 A3=108F4A A4=D08000 A5=10F300 A6=108E74 PC=C1C1AC -- C1C1AC: bne     $c1c1d6
D0=1F D1=100 D2=FF D3=FFFF D4=16405000 D5=84598540 D6=84598540 D7=FFFF A0=10BA01 A1=10B9F8 A2=33856 A3=108F4A A4=D08000 A5=10F300 A6=108E74 PC=C1C1D6 -- C1C1D6: rts
D0=1F D1=100 D2=FF D3=FFFF D4=16405000 D5=84598540 D6=84598540 D7=FFFF A0=10BA01 A1=10B9F8 A2=33856 A3=108F4A A4=D08000 A5=10F300 A6=108E74 PC=C1276E -- C1276E: not.b   D0
D0=E0 D1=100 D2=FF D3=FFFF D4=16405000 D5=84598540 D6=84598540 D7=FFFF A0=10BA01 A1=10B9F8 A2=33856 A3=108F4A A4=D08000 A5=10F300 A6=108E74 PC=C12770 -- C12770: move.b  ($b20,A5), D2
D0=E0 D1=100 D2=E0 D3=FFFF D4=16405000 D5=84598540 D6=84598540 D7=FFFF A0=10BA01 A1=10B9F8 A2=33856 A3=108F4A A4=D08000 A5=10F300 A6=108E74 PC=C12774 -- C12774: move.b  ($b21,A5), D1
D0=E0 D1=1E0 D2=E0 D3=FFFF D4=16405000 D5=84598540 D6=84598540 D7=FFFF A0=10BA01 A1=10B9F8 A2=33856 A3=108F4A A4=D08000 A5=10F300 A6=108E74 PC=C12778 -- C12778: move.b  D1, ($b20,A5)
D0=E0 D1=1E0 D2=E0 D3=FFFF D4=16405000 D5=84598540 D6=84598540 D7=FFFF A0=10BA01 A1=10B9F8 A2=33856 A3=108F4A A4=D08000 A5=10F300 A6=108E74 PC=C1277C -- C1277C: move.b  D0, ($b21,A5)
D0=E0 D1=1E0 D2=E0 D3=FFFF D4=16405000 D5=84598540 D6=84598540 D7=FFFF A0=10BA01 A1=10B9F8 A2=33856 A3=108F4A A4=D08000 A5=10F300 A6=108E74 PC=C12780 -- C12780: or.b    D1, D2
D0=E0 D1=1E0 D2=E0 D3=FFFF D4=16405000 D5=84598540 D6=84598540 D7=FFFF A0=10BA01 A1=10B9F8 A2=33856 A3=108F4A A4=D08000 A5=10F300 A6=108E74 PC=C12782 -- C12782: not.b   D2
D0=E0 D1=1E0 D2=1F D3=FFFF D4=16405000 D5=84598540 D6=84598540 D7=FFFF A0=10BA01 A1=10B9F8 A2=33856 A3=108F4A A4=D08000 A5=10F300 A6=108E74 PC=C12784 -- C12784: eor.b   D0, D1
D0=E0 D1=100 D2=1F D3=FFFF D4=16405000 D5=84598540 D6=84598540 D7=FFFF A0=10BA01 A1=10B9F8 A2=33856 A3=108F4A A4=D08000 A5=10F300 A6=108E74 PC=C12786 -- C12786: and.b   D0, D1
D0=E0 D1=100 D2=1F D3=FFFF D4=16405000 D5=84598540 D6=84598540 D7=FFFF A0=10BA01 A1=10B9F8 A2=33856 A3=108F4A A4=D08000 A5=10F300 A6=108E74 PC=C12788 -- C12788: move.b  D1, ($b22,A5)
D0=E0 D1=100 D2=1F D3=FFFF D4=16405000 D5=84598540 D6=84598540 D7=FFFF A0=10BA01 A1=10B9F8 A2=33856 A3=108F4A A4=D08000 A5=10F300 A6=108E74 PC=C1278C -- C1278C: and.b   D0, D2
D0=E0 D1=100 D2=0 D3=FFFF D4=16405000 D5=84598540 D6=84598540 D7=FFFF A0=10BA01 A1=10B9F8 A2=33856 A3=108F4A A4=D08000 A5=10F300 A6=108E74 PC=C1278E -- C1278E: jmp     $c1f768.l
D0=E0 D1=100 D2=0 D3=FFFF D4=16405000 D5=84598540 D6=84598540 D7=FFFF A0=10BA01 A1=10B9F8 A2=33856 A3=108F4A A4=D08000 A5=10F300 A6=108E74 PC=C1F768 -- C1F768: bra     $c1f848
D0=E0 D1=100 D2=0 D3=FFFF D4=16405000 D5=84598540 D6=84598540 D7=FFFF A0=10BA01 A1=10B9F8 A2=33856 A3=108F4A A4=D08000 A5=10F300 A6=108E74 PC=C1F848 -- C1F848: moveq   #$0, D7
D0=E0 D1=100 D2=0 D3=FFFF D4=16405000 D5=84598540 D6=84598540 D7=0 A0=10BA01 A1=10B9F8 A2=33856 A3=108F4A A4=D08000 A5=10F300 A6=108E74 PC=C1F84A -- C1F84A: moveq   #$1, D3
D0=E0 D1=100 D2=0 D3=1 D4=16405000 D5=84598540 D6=84598540 D7=0 A0=10BA01 A1=10B9F8 A2=33856 A3=108F4A A4=D08000 A5=10F300 A6=108E74 PC=C1F84C -- C1F84C: moveq   #$0, D4
D0=E0 D1=100 D2=0 D3=1 D4=0 D5=84598540 D6=84598540 D7=0 A0=10BA01 A1=10B9F8 A2=33856 A3=108F4A A4=D08000 A5=10F300 A6=108E74 PC=C1F84E -- C1F84E: move.w  ($b00,A5), $d00034.l
D0=E0 D1=100 D2=0 D3=1 D4=0 D5=84598540 D6=84598540 D7=0 A0=10BA01 A1=10B9F8 A2=33856 A3=108F4A A4=D08000 A5=10F300 A6=108E74 PC=C1F856 -- C1F856: cmpi.b  #$1, ($a83,A5)
D0=E0 D1=100 D2=0 D3=1 D4=0 D5=84598540 D6=84598540 D7=0 A0=10BA01 A1=10B9F8 A2=33856 A3=108F4A A4=D08000 A5=10F300 A6=108E74 PC=C1F85C -- C1F85C: beq     $c1f86a
D0=E0 D1=100 D2=0 D3=1 D4=0 D5=84598540 D6=84598540 D7=0 A0=10BA01 A1=10B9F8 A2=33856 A3=108F4A A4=D08000 A5=10F300 A6=108E74 PC=C1F86A -- C1F86A: moveq   #$0, D6
D0=E0 D1=100 D2=0 D3=1 D4=0 D5=0 D6=0 D7=0 A0=10BA01 A1=10B9F8 A2=33856 A3=108F4A A4=D08000 A5=10F300 A6=108E74 PC=C1F86C -- C1F86C: move.w  #$4, D5
D0=E0 D1=100 D2=0 D3=1 D4=0 D5=0 D6=0 D7=0 A0=10BA01 A1=10B9F8 A2=33856 A3=108F4A A4=D08000 A5=10F300 A6=108E74 PC=C1F870 -- C1F870: lea     ($aba,A5), A0
D0=E0 D1=100 D2=0 D3=1 D4=0 D5=0 D6=0 D7=0 A0=10FDBA A1=10B9F8 A2=33856 A3=108F4A A4=D08000 A5=10F300 A6=108E74 PC=C1F874 -- C1F874: lea     ($b00,A5), A1
D0=E0 D1=100 D2=0 D3=1 D4=0 D5=0 D6=0 D7=0 A0=10FDBA A1=10FE00 A2=33856 A3=108F4A A4=D08000 A5=10F300 A6=108E74 PC=C1F878 -- C1F878: lea     (-$7fdc,A4), A6
D0=E0 D1=100 D2=0 D3=1 D4=0 D5=0 D6=0 D7=0 A0=10FDBA A1=10FE00 A2=33856 A3=108F4A A4=D08000 A5=10F300 A6=D00024 PC=C1F87C -- C1F87C: lea     ($b50,A5), A3
D0=E0 D1=100 D2=0 D3=1 D4=0 D5=0 D6=0 D7=0 A0=10FDBA A1=10FE00 A2=33856 A3=10FE50 A4=D08000 A5=10F300 A6=D00024 PC=C1F880 -- C1F880: jsr     $c128a6.l
D0=E0 D1=100 D2=0 D3=1 D4=0 D5=0 D6=0 D7=0 A0=10FDBA A1=10FE00 A2=33856 A3=10FE50 A4=D08000 A5=10F300 A6=D00024 PC=C128A6 -- C128A6: jmp     $c1f76c.l
D0=E0 D1=100 D2=0 D3=1 D4=0 D5=0 D6=0 D7=0 A0=10FDBA A1=10FE00 A2=33856 A3=10FE50 A4=D08000 A5=10F300 A6=D00024 PC=C1F76C -- C1F76C: bra     $c1f8dc
D0=E0 D1=100 D2=0 D3=1 D4=0 D5=0 D6=0 D7=0 A0=10FDBA A1=10FE00 A2=33856 A3=10FE50 A4=D08000 A5=10F300 A6=D00024 PC=C1F8DC -- C1F8DC: and.b   D2, D3
D0=E0 D1=100 D2=0 D3=0 D4=0 D5=0 D6=0 D7=0 A0=10FDBA A1=10FE00 A2=33856 A3=10FE50 A4=D08000 A5=10F300 A6=D00024 PC=C1F8DE -- C1F8DE: beq     $c1f932
D0=E0 D1=100 D2=0 D3=0 D4=0 D5=0 D6=0 D7=0 A0=10FDBA A1=10FE00 A2=33856 A3=10FE50 A4=D08000 A5=10F300 A6=D00024 PC=C1F932 -- C1F932: rts
D0=E0 D1=100 D2=0 D3=0 D4=0 D5=0 D6=0 D7=0 A0=10FDBA A1=10FE00 A2=33856 A3=10FE50 A4=D08000 A5=10F300 A6=D00024 PC=C1F886 -- C1F886: moveq   #$2, D4
D0=E0 D1=100 D2=0 D3=0 D4=2 D5=0 D6=0 D7=0 A0=10FDBA A1=10FE00 A2=33856 A3=10FE50 A4=D08000 A5=10F300 A6=D00024 PC=C1F888 -- C1F888: moveq   #$1, D6
D0=E0 D1=100 D2=0 D3=0 D4=2 D5=1 D6=1 D7=0 A0=10FDBA A1=10FE00 A2=33856 A3=10FE50 A4=D08000 A5=10F300 A6=D00024 PC=C1F88A -- C1F88A: moveq   #$8, D3
D0=E0 D1=100 D2=0 D3=8 D4=2 D5=1 D6=1 D7=0 A0=10FDBA A1=10FE00 A2=33856 A3=10FE50 A4=D08000 A5=10F300 A6=D00024 PC=C1F88C -- C1F88C: move.w  #$4, D5
D0=E0 D1=100 D2=0 D3=8 D4=2 D5=1 D6=1 D7=0 A0=10FDBA A1=10FE00 A2=33856 A3=10FE50 A4=D08000 A5=10F300 A6=D00024 PC=C1F890 -- C1F890: lea     ($b52,A5), A3
D0=E0 D1=100 D2=0 D3=8 D4=2 D5=1 D6=1 D7=0 A0=10FDBA A1=10FE00 A2=33856 A3=10FE52 A4=D08000 A5=10F300 A6=D00024 PC=C1F894 -- C1F894: jsr     $c128a6.l
D0=E0 D1=100 D2=0 D3=8 D4=2 D5=1 D6=1 D7=0 A0=10FDBA A1=10FE00 A2=33856 A3=10FE52 A4=D08000 A5=10F300 A6=D00024 PC=C128A6 -- C128A6: jmp     $c1f76c.l
D0=E0 D1=100 D2=0 D3=8 D4=2 D5=1 D6=1 D7=0 A0=10FDBA A1=10FE00 A2=33856 A3=10FE52 A4=D08000 A5=10F300 A6=D00024 PC=C1F76C -- C1F76C: bra     $c1f8dc
D0=E0 D1=100 D2=0 D3=8 D4=2 D5=1 D6=1 D7=0 A0=10FDBA A1=10FE00 A2=33856 A3=10FE52 A4=D08000 A5=10F300 A6=D00024 PC=C1F8DC -- C1F8DC: and.b   D2, D3
D0=E0 D1=100 D2=0 D3=0 D4=2 D5=1 D6=1 D7=0 A0=10FDBA A1=10FE00 A2=33856 A3=10FE52 A4=D08000 A5=10F300 A6=D00024 PC=C1F8DE -- C1F8DE: beq     $c1f932
D0=E0 D1=100 D2=0 D3=0 D4=2 D5=1 D6=1 D7=0 A0=10FDBA A1=10FE00 A2=33856 A3=10FE52 A4=D08000 A5=10F300 A6=D00024 PC=C1F932 -- C1F932: rts
D0=E0 D1=100 D2=0 D3=0 D4=2 D5=1 D6=1 D7=0 A0=10FDBA A1=10FE00 A2=33856 A3=10FE52 A4=D08000 A5=10F300 A6=D00024 PC=C1F89A -- C1F89A: addq.l  #1, A1
D0=E0 D1=100 D2=0 D3=0 D4=2 D5=1 D6=1 D7=0 A0=10FDBA A1=10FE01 A2=33856 A3=10FE52 A4=D08000 A5=10F300 A6=D00024 PC=C1F89C -- C1F89C: addq.l  #1, A0
D0=E0 D1=100 D2=0 D3=0 D4=2 D5=1 D6=1 D7=0 A0=10FDBB A1=10FE01 A2=33856 A3=10FE52 A4=D08000 A5=10F300 A6=D00024 PC=C1F89E -- C1F89E: moveq   #$1, D4
D0=E0 D1=100 D2=0 D3=0 D4=1 D5=1 D6=1 D7=0 A0=10FDBB A1=10FE01 A2=33856 A3=10FE52 A4=D08000 A5=10F300 A6=D00024 PC=C1F8A0 -- C1F8A0: moveq   #$0, D6
D0=E0 D1=100 D2=0 D3=0 D4=1 D5=0 D6=0 D7=0 A0=10FDBB A1=10FE01 A2=33856 A3=10FE52 A4=D08000 A5=10F300 A6=D00024 PC=C1F8A2 -- C1F8A2: jsr     $c1bac0.l
D0=E0 D1=100 D2=0 D3=0 D4=1 D5=0 D6=0 D7=0 A0=10FDBB A1=10FE01 A2=33856 A3=10FE52 A4=D08000 A5=10F300 A6=D00024 PC=C1BAC0 -- C1BAC0: btst    #$2, $10fe35.l
D0=E0 D1=100 D2=0 D3=0 D4=1 D5=0 D6=0 D7=0 A0=10FDBB A1=10FE01 A2=33856 A3=10FE52 A4=D08000 A5=10F300 A6=D00024 PC=C1BAC8 -- C1BAC8: bne     $c1bad2
D0=E0 D1=100 D2=0 D3=0 D4=1 D5=0 D6=0 D7=0 A0=10FDBB A1=10FE01 A2=33856 A3=10FE52 A4=D08000 A5=10F300 A6=D00024 PC=C1BACA -- C1BACA: move.b  $300001.l, D0
D0=FF D1=100 D2=0 D3=0 D4=1 D5=0 D6=0 D7=0 A0=10FDBB A1=10FE01 A2=33856 A3=10FE52 A4=D08000 A5=10F300 A6=D00024 PC=C1BAD0 -- C1BAD0: rts
D0=FF D1=100 D2=0 D3=0 D4=1 D5=0 D6=0 D7=0 A0=10FDBB A1=10FE01 A2=33856 A3=10FE52 A4=D08000 A5=10F300 A6=D00024 PC=C1F8A8 -- C1F8A8: andi.b  #$2, D0
D0=2 D1=100 D2=0 D3=0 D4=1 D5=0 D6=0 D7=0 A0=10FDBB A1=10FE01 A2=33856 A3=10FE52 A4=D08000 A5=10F300 A6=D00024 PC=C1F8AC -- C1F8AC: beq     $c1f8b0
D0=2 D1=100 D2=0 D3=0 D4=1 D5=0 D6=0 D7=0 A0=10FDBB A1=10FE01 A2=33856 A3=10FE52 A4=D08000 A5=10F300 A6=D00024 PC=C1F8AE -- C1F8AE: moveq   #$1, D6
D0=2 D1=100 D2=0 D3=0 D4=1 D5=1 D6=1 D7=0 A0=10FDBB A1=10FE01 A2=33856 A3=10FE52 A4=D08000 A5=10F300 A6=D00024 PC=C1F8B0 -- C1F8B0: moveq   #$8, D5
D0=2 D1=100 D2=0 D3=0 D4=1 D5=1 D6=1 D7=0 A0=10FDBB A1=10FE01 A2=33856 A3=10FE52 A4=D08000 A5=10F300 A6=D00024 PC=C1F8B2 -- C1F8B2: moveq   #$2, D3
D0=2 D1=100 D2=0 D3=2 D4=1 D5=1 D6=1 D7=0 A0=10FDBB A1=10FE01 A2=33856 A3=10FE52 A4=D08000 A5=10F300 A6=D00024 PC=C1F8B4 -- C1F8B4: lea     ($b50,A5), A3
D0=2 D1=100 D2=0 D3=2 D4=1 D5=1 D6=1 D7=0 A0=10FDBB A1=10FE01 A2=33856 A3=10FE50 A4=D08000 A5=10F300 A6=D00024 PC=C1F8B8 -- C1F8B8: jsr     $c128a6.l

   (loops for 5 instructions)

D0=2 D1=100 D2=0 D3=0 D4=1 D5=1 D6=1 D7=0 A0=10FDBB A1=10FE01 A2=33856 A3=10FE50 A4=D08000 A5=10F300 A6=D00024 PC=C1F8BE -- C1F8BE: moveq   #$3, D4
D0=2 D1=100 D2=0 D3=0 D4=3 D5=1 D6=1 D7=0 A0=10FDBB A1=10FE01 A2=33856 A3=10FE50 A4=D08000 A5=10F300 A6=D00024 PC=C1F8C0 -- C1F8C0: moveq   #$1, D6
D0=2 D1=100 D2=0 D3=0 D4=3 D5=1 D6=1 D7=0 A0=10FDBB A1=10FE01 A2=33856 A3=10FE50 A4=D08000 A5=10F300 A6=D00024 PC=C1F8C2 -- C1F8C2: moveq   #$8, D5
D0=2 D1=100 D2=0 D3=0 D4=3 D5=1 D6=1 D7=0 A0=10FDBB A1=10FE01 A2=33856 A3=10FE50 A4=D08000 A5=10F300 A6=D00024 PC=C1F8C4 -- C1F8C4: moveq   #$10, D3
D0=2 D1=100 D2=0 D3=10 D4=3 D5=1 D6=1 D7=0 A0=10FDBB A1=10FE01 A2=33856 A3=10FE50 A4=D08000 A5=10F300 A6=D00024 PC=C1F8C6 -- C1F8C6: lea     ($b52,A5), A3
D0=2 D1=100 D2=0 D3=10 D4=3 D5=1 D6=1 D7=0 A0=10FDBB A1=10FE01 A2=33856 A3=10FE52 A4=D08000 A5=10F300 A6=D00024 PC=C1F8CA -- C1F8CA: jsr     $c128a6.l

   (loops for 5 instructions)

D0=2 D1=100 D2=0 D3=0 D4=3 D5=1 D6=1 D7=0 A0=10FDBB A1=10FE01 A2=33856 A3=10FE52 A4=D08000 A5=10F300 A6=D00024 PC=C1F8D0 -- C1F8D0: jsr     $c128e6.l
D0=2 D1=100 D2=0 D3=0 D4=3 D5=1 D6=1 D7=0 A0=10FDBB A1=10FE01 A2=33856 A3=10FE52 A4=D08000 A5=10F300 A6=D00024 PC=C128E6 -- C128E6: jmp     $c1f770.l
D0=2 D1=100 D2=0 D3=0 D4=3 D5=1 D6=1 D7=0 A0=10FDBB A1=10FE01 A2=33856 A3=10FE52 A4=D08000 A5=10F300 A6=D00024 PC=C1F770 -- C1F770: bra     $c1f934
D0=2 D1=100 D2=0 D3=0 D4=3 D5=1 D6=1 D7=0 A0=10FDBB A1=10FE01 A2=33856 A3=10FE52 A4=D08000 A5=10F300 A6=D00024 PC=C1F934 -- C1F934: btst    #$2, ($b22,A5)
D0=2 D1=100 D2=0 D3=0 D4=3 D5=1 D6=1 D7=0 A0=10FDBB A1=10FE01 A2=33856 A3=10FE52 A4=D08000 A5=10F300 A6=D00024 PC=C1F93A -- C1F93A: beq     $c1f980
D0=2 D1=100 D2=0 D3=0 D4=3 D5=1 D6=1 D7=0 A0=10FDBB A1=10FE01 A2=33856 A3=10FE52 A4=D08000 A5=10F300 A6=D00024 PC=C1F980 -- C1F980: rts
D0=2 D1=100 D2=0 D3=0 D4=3 D5=1 D6=1 D7=0 A0=10FDBB A1=10FE01 A2=33856 A3=10FE52 A4=D08000 A5=10F300 A6=D00024 PC=C1F8D6 -- C1F8D6: jmp     $c127bc.l
D0=2 D1=100 D2=0 D3=0 D4=3 D5=1 D6=1 D7=0 A0=10FDBB A1=10FE01 A2=33856 A3=10FE52 A4=D08000 A5=10F300 A6=D00024 PC=C127BC -- C127BC: tst.b   D7
D0=2 D1=100 D2=0 D3=0 D4=3 D5=1 D6=1 D7=0 A0=10FDBB A1=10FE01 A2=33856 A3=10FE52 A4=D08000 A5=10F300 A6=D00024 PC=C127BE -- C127BE: beq     $c127ca
D0=2 D1=100 D2=0 D3=0 D4=3 D5=1 D6=1 D7=0 A0=10FDBB A1=10FE01 A2=33856 A3=10FE52 A4=D08000 A5=10F300 A6=D00024 PC=C127CA -- C127CA: jsr     ($208,PC) ; ($c129d4)
D0=2 D1=100 D2=0 D3=0 D4=3 D5=1 D6=1 D7=0 A0=10FDBB A1=10FE01 A2=33856 A3=10FE52 A4=D08000 A5=10F300 A6=D00024 PC=C129D4 -- C129D4: tst.b   ($be1,A5)
D0=2 D1=100 D2=0 D3=0 D4=3 D5=1 D6=1 D7=0 A0=10FDBB A1=10FE01 A2=33856 A3=10FE52 A4=D08000 A5=10F300 A6=D00024 PC=C129D8 -- C129D8: bne     $c12a16
D0=2 D1=100 D2=0 D3=0 D4=3 D5=1 D6=1 D7=0 A0=10FDBB A1=10FE01 A2=33856 A3=10FE52 A4=D08000 A5=10F300 A6=D00024 PC=C129DC -- C129DC: cmpi.b  #$2, ($a81,A5)
D0=2 D1=100 D2=0 D3=0 D4=3 D5=1 D6=1 D7=0 A0=10FDBB A1=10FE01 A2=33856 A3=10FE52 A4=D08000 A5=10F300 A6=D00024 PC=C129E2 -- C129E2: bcs     $c12a16
D0=2 D1=100 D2=0 D3=0 D4=3 D5=1 D6=1 D7=0 A0=10FDBB A1=10FE01 A2=33856 A3=10FE52 A4=D08000 A5=10F300 A6=D00024 PC=C129E6 -- C129E6: tst.b   ($bdb,A5)
D0=2 D1=100 D2=0 D3=0 D4=3 D5=1 D6=1 D7=0 A0=10FDBB A1=10FE01 A2=33856 A3=10FE52 A4=D08000 A5=10F300 A6=D00024 PC=C129EA -- C129EA: bne     $c12a16
D0=2 D1=100 D2=0 D3=0 D4=3 D5=1 D6=1 D7=0 A0=10FDBB A1=10FE01 A2=33856 A3=10FE52 A4=D08000 A5=10F300 A6=D00024 PC=C129EC -- C129EC: tst.b   ($be2,A5)
D0=2 D1=100 D2=0 D3=0 D4=3 D5=1 D6=1 D7=0 A0=10FDBB A1=10FE01 A2=33856 A3=10FE52 A4=D08000 A5=10F300 A6=D00024 PC=C129F0 -- C129F0: beq     $c12a16
D0=2 D1=100 D2=0 D3=0 D4=3 D5=1 D6=1 D7=0 A0=10FDBB A1=10FE01 A2=33856 A3=10FE52 A4=D08000 A5=10F300 A6=D00024 PC=C12A16 -- C12A16: rts
D0=2 D1=100 D2=0 D3=0 D4=3 D5=1 D6=1 D7=0 A0=10FDBB A1=10FE01 A2=33856 A3=10FE52 A4=D08000 A5=10F300 A6=D00024 PC=C127CE -- C127CE: tst.b   ($bbc,A5)
D0=2 D1=100 D2=0 D3=0 D4=3 D5=1 D6=1 D7=0 A0=10FDBB A1=10FE01 A2=33856 A3=10FE52 A4=D08000 A5=10F300 A6=D00024 PC=C127D2 -- C127D2: bne     $c1282a
D0=2 D1=100 D2=0 D3=0 D4=3 D5=1 D6=1 D7=0 A0=10FDBB A1=10FE01 A2=33856 A3=10FE52 A4=D08000 A5=10F300 A6=D00024 PC=C127D6 -- C127D6: move.b  (-$7fc8,A4), D0
D0=0 D1=100 D2=0 D3=0 D4=3 D5=1 D6=1 D7=0 A0=10FDBB A1=10FE01 A2=33856 A3=10FE52 A4=D08000 A5=10F300 A6=D00024 PC=C127DA -- C127DA: beq     $c12806
D0=0 D1=100 D2=0 D3=0 D4=3 D5=1 D6=1 D7=0 A0=10FDBB A1=10FE01 A2=33856 A3=10FE52 A4=D08000 A5=10F300 A6=D00024 PC=C12806 -- C12806: moveq   #$0, D7
D0=0 D1=100 D2=0 D3=0 D4=3 D5=1 D6=1 D7=0 A0=10FDBB A1=10FE01 A2=33856 A3=10FE52 A4=D08000 A5=10F300 A6=D00024 PC=C12808 -- C12808: lea     (-$7fd4,A4), A6
D0=0 D1=100 D2=0 D3=0 D4=3 D5=1 D6=1 D7=0 A0=10FDBB A1=10FE01 A2=33856 A3=10FE52 A4=D08000 A5=10F300 A6=D0002C PC=C1280C -- C1280C: tst.b   (A6,D7.w)
D0=0 D1=100 D2=0 D3=0 D4=3 D5=1 D6=1 D7=0 A0=10FDBB A1=10FE01 A2=33856 A3=10FE52 A4=D08000 A5=10F300 A6=D0002C PC=C12810 -- C12810: beq     $c12822
D0=0 D1=100 D2=0 D3=0 D4=3 D5=1 D6=1 D7=0 A0=10FDBB A1=10FE01 A2=33856 A3=10FE52 A4=D08000 A5=10F300 A6=D0002C PC=C12822 -- C12822: addq.b  #1, D7
D0=0 D1=100 D2=0 D3=0 D4=3 D5=1 D6=1 D7=1 A0=10FDBB A1=10FE01 A2=33856 A3=10FE52 A4=D08000 A5=10F300 A6=D0002C PC=C12824 -- C12824: cmpi.b  #$2, D7
D0=0 D1=100 D2=0 D3=0 D4=3 D5=1 D6=1 D7=1 A0=10FDBB A1=10FE01 A2=33856 A3=10FE52 A4=D08000 A5=10F300 A6=D0002C PC=C12828 -- C12828: bne     $c1280c
D0=0 D1=100 D2=0 D3=0 D4=3 D5=1 D6=1 D7=1 A0=10FDBB A1=10FE01 A2=33856 A3=10FE52 A4=D08000 A5=10F300 A6=D0002C PC=C1280C -- C1280C: tst.b   (A6,D7.w)
D0=0 D1=100 D2=0 D3=0 D4=3 D5=1 D6=1 D7=1 A0=10FDBB A1=10FE01 A2=33856 A3=10FE52 A4=D08000 A5=10F300 A6=D0002C PC=C12810 -- C12810: beq     $c12822
D0=0 D1=100 D2=0 D3=0 D4=3 D5=1 D6=1 D7=1 A0=10FDBB A1=10FE01 A2=33856 A3=10FE52 A4=D08000 A5=10F300 A6=D0002C PC=C12822 -- C12822: addq.b  #1, D7
D0=0 D1=100 D2=0 D3=0 D4=3 D5=1 D6=1 D7=2 A0=10FDBB A1=10FE01 A2=33856 A3=10FE52 A4=D08000 A5=10F300 A6=D0002C PC=C12824 -- C12824: cmpi.b  #$2, D7
D0=0 D1=100 D2=0 D3=0 D4=3 D5=1 D6=1 D7=2 A0=10FDBB A1=10FE01 A2=33856 A3=10FE52 A4=D08000 A5=10F300 A6=D0002C PC=C12828 -- C12828: bne     $c1280c
D0=0 D1=100 D2=0 D3=0 D4=3 D5=1 D6=1 D7=2 A0=10FDBB A1=10FE01 A2=33856 A3=10FE52 A4=D08000 A5=10F300 A6=D0002C PC=C1282A -- C1282A: jsr     ($34,PC) ; ($c12860)
D0=0 D1=100 D2=0 D3=0 D4=3 D5=1 D6=1 D7=2 A0=10FDBB A1=10FE01 A2=33856 A3=10FE52 A4=D08000 A5=10F300 A6=D0002C PC=C12860 -- C12860: subq.b  #1, (-$7fa3,A4)
D0=0 D1=100 D2=0 D3=0 D4=3 D5=1 D6=1 D7=2 A0=10FDBB A1=10FE01 A2=33856 A3=10FE52 A4=D08000 A5=10F300 A6=D0002C PC=C12864 -- C12864: bne     $c128a4
D0=0 D1=100 D2=0 D3=0 D4=3 D5=1 D6=1 D7=2 A0=10FDBB A1=10FE01 A2=33856 A3=10FE52 A4=D08000 A5=10F300 A6=D0002C PC=C128A4 -- C128A4: rts
D0=0 D1=100 D2=0 D3=0 D4=3 D5=1 D6=1 D7=2 A0=10FDBB A1=10FE01 A2=33856 A3=10FE52 A4=D08000 A5=10F300 A6=D0002C PC=C1282E -- C1282E: tst.b   ($bbb,A5)
D0=0 D1=100 D2=0 D3=0 D4=3 D5=1 D6=1 D7=2 A0=10FDBB A1=10FE01 A2=33856 A3=10FE52 A4=D08000 A5=10F300 A6=D0002C PC=C12832 -- C12832: bne     $c1285e
D0=0 D1=100 D2=0 D3=0 D4=3 D5=1 D6=1 D7=2 A0=10FDBB A1=10FE01 A2=33856 A3=10FE52 A4=D08000 A5=10F300 A6=D0002C PC=C12834 -- C12834: move.b  ($b00,A5), D0
D0=1 D1=100 D2=0 D3=0 D4=3 D5=1 D6=1 D7=2 A0=10FDBB A1=10FE01 A2=33856 A3=10FE52 A4=D08000 A5=10F300 A6=D0002C PC=C12838 -- C12838: move.b  #$ef, D1
D0=1 D1=1EF D2=0 D3=0 D4=3 D5=1 D6=1 D7=2 A0=10FDBB A1=10FE01 A2=33856 A3=10FE52 A4=D08000 A5=10F300 A6=D0002C PC=C1283C -- C1283C: btst    #$0, ($b8b,A5)
D0=1 D1=1EF D2=0 D3=0 D4=3 D5=1 D6=1 D7=2 A0=10FDBB A1=10FE01 A2=33856 A3=10FE52 A4=D08000 A5=10F300 A6=D0002C PC=C12842 -- C12842: beq     $c1284c
D0=1 D1=1EF D2=0 D3=0 D4=3 D5=1 D6=1 D7=2 A0=10FDBB A1=10FE01 A2=33856 A3=10FE52 A4=D08000 A5=10F300 A6=D0002C PC=C1284C -- C1284C: not.b   D0
D0=FE D1=1EF D2=0 D3=0 D4=3 D5=1 D6=1 D7=2 A0=10FDBB A1=10FE01 A2=33856 A3=10FE52 A4=D08000 A5=10F300 A6=D0002C PC=C1284E -- C1284E: move.b  D0, $380041.l
D0=FE D1=1EF D2=0 D3=0 D4=3 D5=1 D6=1 D7=2 A0=10FDBB A1=10FE01 A2=33856 A3=10FE52 A4=D08000 A5=10F300 A6=D0002C PC=C12854 -- C12854: jsr     (-$690,PC) ; ($c121c6)
D0=FE D1=1EF D2=0 D3=0 D4=3 D5=1 D6=1 D7=2 A0=10FDBB A1=10FE01 A2=33856 A3=10FE52 A4=D08000 A5=10F300 A6=D0002C PC=C121C6 -- C121C6: tst.b   $10febf.l
D0=FE D1=1EF D2=0 D3=0 D4=3 D5=1 D6=1 D7=2 A0=10FDBB A1=10FE01 A2=33856 A3=10FE52 A4=D08000 A5=10F300 A6=D0002C PC=C121CC -- C121CC: bne     $c121d4
D0=FE D1=1EF D2=0 D3=0 D4=3 D5=1 D6=1 D7=2 A0=10FDBB A1=10FE01 A2=33856 A3=10FE52 A4=D08000 A5=10F300 A6=D0002C PC=C121CE -- C121CE: move.b  D0, $3a000d.l
D0=FE D1=1EF D2=0 D3=0 D4=3 D5=1 D6=1 D7=2 A0=10FDBB A1=10FE01 A2=33856 A3=10FE52 A4=D08000 A5=10F300 A6=D0002C PC=C121D4 -- C121D4: rts
D0=FE D1=1EF D2=0 D3=0 D4=3 D5=1 D6=1 D7=2 A0=10FDBB A1=10FE01 A2=33856 A3=10FE52 A4=D08000 A5=10F300 A6=D0002C PC=C12858 -- C12858: move.b  D1, $380031.l
D0=FE D1=1EF D2=0 D3=0 D4=3 D5=1 D6=1 D7=2 A0=10FDBB A1=10FE01 A2=33856 A3=10FE52 A4=D08000 A5=10F300 A6=D0002C PC=C1285E -- C1285E: rts
D0=FE D1=1EF D2=0 D3=0 D4=3 D5=1 D6=1 D7=2 A0=10FDBB A1=10FE01 A2=33856 A3=10FE52 A4=D08000 A5=10F300 A6=D0002C PC=C11688 -- C11688: jsr     ($6e84,PC) ; ($c1850e)
D0=FE D1=1EF D2=0 D3=0 D4=3 D5=1 D6=1 D7=2 A0=10FDBB A1=10FE01 A2=33856 A3=10FE52 A4=D08000 A5=10F300 A6=D0002C PC=C1850E -- C1850E: lea     $10f300.l, A5
D0=FE D1=1EF D2=0 D3=0 D4=3 D5=1 D6=1 D7=2 A0=10FDBB A1=10FE01 A2=33856 A3=10FE52 A4=D08000 A5=10F300 A6=D0002C PC=C18514 -- C18514: lea     ($a94,A5), A0
D0=FE D1=1EF D2=0 D3=0 D4=3 D5=1 D6=1 D7=2 A0=10FD94 A1=10FE01 A2=33856 A3=10FE52 A4=D08000 A5=10F300 A6=D0002C PC=C18518 -- C18518: lea     $380001.l, A2
D0=FE D1=1EF D2=0 D3=0 D4=3 D5=1 D6=1 D7=2 A0=10FD94 A1=10FE01 A2=380001 A3=10FE52 A4=D08000 A5=10F300 A6=D0002C PC=C1851E -- C1851E: moveq   #$0, D1
D0=FE D1=0 D2=0 D3=0 D4=3 D5=1 D6=1 D7=2 A0=10FD94 A1=10FE01 A2=380001 A3=10FE52 A4=D08000 A5=10F300 A6=D0002C PC=C18520 -- C18520: jmp     $c050bc.l
D0=FE D1=0 D2=0 D3=0 D4=3 D5=1 D6=1 D7=2 A0=10FD94 A1=10FE01 A2=380001 A3=10FE52 A4=D08000 A5=10F300 A6=D0002C PC=C050BC -- C050BC: bra     $c0933a
D0=FE D1=0 D2=0 D3=0 D4=3 D5=1 D6=1 D7=2 A0=10FD94 A1=10FE01 A2=380001 A3=10FE52 A4=D08000 A5=10F300 A6=D0002C PC=C0933A -- C0933A: move.l  #$1b0012, D2
D0=FE D1=0 D2=1B0012 D3=0 D4=3 D5=1 D6=1 D7=2 A0=10FD94 A1=10FE01 A2=380001 A3=10FE52 A4=D08000 A5=10F300 A6=D0002C PC=C09340 -- C09340: tst.b   ($bfb,A5)
D0=FE D1=0 D2=1B0012 D3=0 D4=3 D5=1 D6=1 D7=2 A0=10FD94 A1=10FE01 A2=380001 A3=10FE52 A4=D08000 A5=10F300 A6=D0002C PC=C09344 -- C09344: beq     $c09348
D0=FE D1=0 D2=1B0012 D3=0 D4=3 D5=1 D6=1 D7=2 A0=10FD94 A1=10FE01 A2=380001 A3=10FE52 A4=D08000 A5=10F300 A6=D0002C PC=C09348 -- C09348: move.b  D2, (A2)
D0=FE D1=0 D2=1B0012 D3=0 D4=3 D5=1 D6=1 D7=2 A0=10FD94 A1=10FE01 A2=380001 A3=10FE52 A4=D08000 A5=10F300 A6=D0002C PC=C0934A -- C0934A: bsr     $c0931e
D0=FE D1=0 D2=1B0012 D3=0 D4=3 D5=1 D6=1 D7=2 A0=10FD94 A1=10FE01 A2=380001 A3=10FE52 A4=D08000 A5=10F300 A6=D0002C PC=C0931E -- C0931E: bsr     $c0932a
D0=FE D1=0 D2=1B0012 D3=0 D4=3 D5=1 D6=1 D7=2 A0=10FD94 A1=10FE01 A2=380001 A3=10FE52 A4=D08000 A5=10F300 A6=D0002C PC=C0932A -- C0932A: nop
D0=FE D1=0 D2=1B0012 D3=0 D4=3 D5=1 D6=1 D7=2 A0=10FD94 A1=10FE01 A2=380001 A3=10FE52 A4=D08000 A5=10F300 A6=D0002C PC=C0932C -- C0932C: nop
D0=FE D1=0 D2=1B0012 D3=0 D4=3 D5=1 D6=1 D7=2 A0=10FD94 A1=10FE01 A2=380001 A3=10FE52 A4=D08000 A5=10F300 A6=D0002C PC=C0932E -- C0932E: nop
D0=FE D1=0 D2=1B0012 D3=0 D4=3 D5=1 D6=1 D7=2 A0=10FD94 A1=10FE01 A2=380001 A3=10FE52 A4=D08000 A5=10F300 A6=D0002C PC=C09330 -- C09330: nop
D0=FE D1=0 D2=1B0012 D3=0 D4=3 D5=1 D6=1 D7=2 A0=10FD94 A1=10FE01 A2=380001 A3=10FE52 A4=D08000 A5=10F300 A6=D0002C PC=C09332 -- C09332: nop
D0=FE D1=0 D2=1B0012 D3=0 D4=3 D5=1 D6=1 D7=2 A0=10FD94 A1=10FE01 A2=380001 A3=10FE52 A4=D08000 A5=10F300 A6=D0002C PC=C09334 -- C09334: nop
D0=FE D1=0 D2=1B0012 D3=0 D4=3 D5=1 D6=1 D7=2 A0=10FD94 A1=10FE01 A2=380001 A3=10FE52 A4=D08000 A5=10F300 A6=D0002C PC=C09336 -- C09336: nop
D0=FE D1=0 D2=1B0012 D3=0 D4=3 D5=1 D6=1 D7=2 A0=10FD94 A1=10FE01 A2=380001 A3=10FE52 A4=D08000 A5=10F300 A6=D0002C PC=C09338 -- C09338: rts
D0=FE D1=0 D2=1B0012 D3=0 D4=3 D5=1 D6=1 D7=2 A0=10FD94 A1=10FE01 A2=380001 A3=10FE52 A4=D08000 A5=10F300 A6=D0002C PC=C09322 -- C09322: bsr     $c0932a
D0=FE D1=0 D2=1B0012 D3=0 D4=3 D5=1 D6=1 D7=2 A0=10FD94 A1=10FE01 A2=380001 A3=10FE52 A4=D08000 A5=10F300 A6=D0002C PC=C0932A -- C0932A: nop
D0=FE D1=0 D2=1B0012 D3=0 D4=3 D5=1 D6=1 D7=2 A0=10FD94 A1=10FE01 A2=380001 A3=10FE52 A4=D08000 A5=10F300 A6=D0002C PC=C0932C -- C0932C: nop
D0=FE D1=0 D2=1B0012 D3=0 D4=3 D5=1 D6=1 D7=2 A0=10FD94 A1=10FE01 A2=380001 A3=10FE52 A4=D08000 A5=10F300 A6=D0002C PC=C0932E -- C0932E: nop
D0=FE D1=0 D2=1B0012 D3=0 D4=3 D5=1 D6=1 D7=2 A0=10FD94 A1=10FE01 A2=380001 A3=10FE52 A4=D08000 A5=10F300 A6=D0002C PC=C09330 -- C09330: nop
D0=FE D1=0 D2=1B0012 D3=0 D4=3 D5=1 D6=1 D7=2 A0=10FD94 A1=10FE01 A2=380001 A3=10FE52 A4=D08000 A5=10F300 A6=D0002C PC=C09332 -- C09332: nop
D0=FE D1=0 D2=1B0012 D3=0 D4=3 D5=1 D6=1 D7=2 A0=10FD94 A1=10FE01 A2=380001 A3=10FE52 A4=D08000 A5=10F300 A6=D0002C PC=C09334 -- C09334: nop
D0=FE D1=0 D2=1B0012 D3=0 D4=3 D5=1 D6=1 D7=2 A0=10FD94 A1=10FE01 A2=380001 A3=10FE52 A4=D08000 A5=10F300 A6=D0002C PC=C09336 -- C09336: nop
D0=FE D1=0 D2=1B0012 D3=0 D4=3 D5=1 D6=1 D7=2 A0=10FD94 A1=10FE01 A2=380001 A3=10FE52 A4=D08000 A5=10F300 A6=D0002C PC=C09338 -- C09338: rts
D0=FE D1=0 D2=1B0012 D3=0 D4=3 D5=1 D6=1 D7=2 A0=10FD94 A1=10FE01 A2=380001 A3=10FE52 A4=D08000 A5=10F300 A6=D0002C PC=C09326 -- C09326: bsr     $c0932a

   (loops for 16 instructions)

D0=FE D1=0 D2=1B0012 D3=0 D4=3 D5=1 D6=1 D7=2 A0=10FD94 A1=10FE01 A2=380001 A3=10FE52 A4=D08000 A5=10F300 A6=D0002C PC=C0934C -- C0934C: move.b  $380000.l, D1
D0=FE D1=FF D2=1B0012 D3=0 D4=3 D5=1 D6=1 D7=2 A0=10FD94 A1=10FE01 A2=380001 A3=10FE52 A4=D08000 A5=10F300 A6=D0002C PC=C09352 -- C09352: move.b  $340000.l, D5
D0=FE D1=FF D2=1B0012 D3=0 D4=3 D5=1 D6=1 D7=2 A0=10FD94 A1=10FE01 A2=380001 A3=10FE52 A4=D08000 A5=10F300 A6=D0002C PC=C09358 -- C09358: swap    D5
D0=FE D1=FF D2=1B0012 D3=0 D4=3 D5=1 D6=1 D7=2 A0=10FD94 A1=10FE01 A2=380001 A3=10FE52 A4=D08000 A5=10F300 A6=D0002C PC=C0935A -- C0935A: move.b  $300000.l, D5
D0=FE D1=FF D2=1B0012 D3=0 D4=3 D5=1 D6=1 D7=2 A0=10FD94 A1=10FE01 A2=380001 A3=10FE52 A4=D08000 A5=10F300 A6=D0002C PC=C09360 -- C09360: lsl.b   #4, D1
D0=FE D1=F0 D2=1B0012 D3=0 D4=3 D5=1 D6=1 D7=2 A0=10FD94 A1=10FE01 A2=380001 A3=10FE52 A4=D08000 A5=10F300 A6=D0002C PC=C09362 -- C09362: swap    D2
D0=FE D1=F0 D2=12001B D3=0 D4=3 D5=1 D6=1 D7=2 A0=10FD94 A1=10FE01 A2=380001 A3=10FE52 A4=D08000 A5=10F300 A6=D0002C PC=C09364 -- C09364: move.b  D2, (A2)
D0=FE D1=F0 D2=12001B D3=0 D4=3 D5=1 D6=1 D7=2 A0=10FD94 A1=10FE01 A2=380001 A3=10FE52 A4=D08000 A5=10F300 A6=D0002C PC=C09366 -- C09366: jmp     $c18542.l
D0=FE D1=F0 D2=12001B D3=0 D4=3 D5=1 D6=1 D7=2 A0=10FD94 A1=10FE01 A2=380001 A3=10FE52 A4=D08000 A5=10F300 A6=D0002C PC=C18542 -- C18542: jsr     $c1b950.l
D0=FE D1=F0 D2=12001B D3=0 D4=3 D5=1 D6=1 D7=2 A0=10FD94 A1=10FE01 A2=380001 A3=10FE52 A4=D08000 A5=10F300 A6=D0002C PC=C1B950 -- C1B950: bsr     $c1e360
D0=FE D1=F0 D2=12001B D3=0 D4=3 D5=1 D6=1 D7=2 A0=10FD94 A1=10FE01 A2=380001 A3=10FE52 A4=D08000 A5=10F300 A6=D0002C PC=C1E360 -- C1E360: move.b  D0, $300001.l
D0=FE D1=F0 D2=12001B D3=0 D4=3 D5=1 D6=1 D7=2 A0=10FD94 A1=10FE01 A2=380001 A3=10FE52 A4=D08000 A5=10F300 A6=D0002C PC=C1E366 -- C1E366: moveq   #$0, D4
D0=FE D1=F0 D2=12001B D3=0 D4=0 D5=1 D6=1 D7=2 A0=10FD94 A1=10FE01 A2=380001 A3=10FE52 A4=D08000 A5=10F300 A6=D0002C PC=C1E368 -- C1E368: tst.b   $10fe8d.l
D0=FE D1=F0 D2=12001B D3=0 D4=0 D5=1 D6=1 D7=2 A0=10FD94 A1=10FE01 A2=380001 A3=10FE52 A4=D08000 A5=10F300 A6=D0002C PC=C1E36E -- C1E36E: bne     $c1e38a
D0=FE D1=F0 D2=12001B D3=0 D4=0 D5=1 D6=1 D7=2 A0=10FD94 A1=10FE01 A2=380001 A3=10FE52 A4=D08000 A5=10F300 A6=D0002C PC=C1E370 -- C1E370: moveq   #$1, D4
D0=FE D1=F0 D2=12001B D3=0 D4=1 D5=1 D6=1 D7=2 A0=10FD94 A1=10FE01 A2=380001 A3=10FE52 A4=D08000 A5=10F300 A6=D0002C PC=C1E372 -- C1E372: btst    #$2, $10fe35.l
D0=FE D1=F0 D2=12001B D3=0 D4=1 D5=1 D6=1 D7=2 A0=10FD94 A1=10FE01 A2=380001 A3=10FE52 A4=D08000 A5=10F300 A6=D0002C PC=C1E37A -- C1E37A: bne     $c1e396
D0=FE D1=F0 D2=12001B D3=0 D4=1 D5=1 D6=1 D7=2 A0=10FD94 A1=10FE01 A2=380001 A3=10FE52 A4=D08000 A5=10F300 A6=D0002C PC=C1E37C -- C1E37C: btst    #$7, $300081.l
D0=FE D1=F0 D2=12001B D3=0 D4=1 D5=1 D6=1 D7=2 A0=10FD94 A1=10FE01 A2=380001 A3=10FE52 A4=D08000 A5=10F300 A6=D0002C PC=C1E384 -- C1E384: beq     $c1c0a8
D0=FE D1=F0 D2=12001B D3=0 D4=1 D5=1 D6=1 D7=2 A0=10FD94 A1=10FE01 A2=380001 A3=10FE52 A4=D08000 A5=10F300 A6=D0002C PC=C1E388 -- C1E388: bra     $c1e3a4
D0=FE D1=F0 D2=12001B D3=0 D4=1 D5=1 D6=1 D7=2 A0=10FD94 A1=10FE01 A2=380001 A3=10FE52 A4=D08000 A5=10F300 A6=D0002C PC=C1E3A4 -- C1E3A4: cmpi.l  #$1514, $10fc40.l
D0=FE D1=F0 D2=12001B D3=0 D4=1 D5=1 D6=1 D7=2 A0=10FD94 A1=10FE01 A2=380001 A3=10FE52 A4=D08000 A5=10F300 A6=D0002C PC=C1E3AE -- C1E3AE: bne     $c1e3b4
D0=FE D1=F0 D2=12001B D3=0 D4=1 D5=1 D6=1 D7=2 A0=10FD94 A1=10FE01 A2=380001 A3=10FE52 A4=D08000 A5=10F300 A6=D0002C PC=C1E3B4 -- C1E3B4: nop
D0=FE D1=F0 D2=12001B D3=0 D4=1 D5=1 D6=1 D7=2 A0=10FD94 A1=10FE01 A2=380001 A3=10FE52 A4=D08000 A5=10F300 A6=D0002C PC=C1E3B6 -- C1E3B6: bra     $c1e3ba
D0=FE D1=F0 D2=12001B D3=0 D4=1 D5=1 D6=1 D7=2 A0=10FD94 A1=10FE01 A2=380001 A3=10FE52 A4=D08000 A5=10F300 A6=D0002C PC=C1E3BA -- C1E3BA: cmpi.l  #$1004dc, $10fc40.l
D0=FE D1=F0 D2=12001B D3=0 D4=1 D5=1 D6=1 D7=2 A0=10FD94 A1=10FE01 A2=380001 A3=10FE52 A4=D08000 A5=10F300 A6=D0002C PC=C1E3C4 -- C1E3C4: bne     $c1e3ca
D0=FE D1=F0 D2=12001B D3=0 D4=1 D5=1 D6=1 D7=2 A0=10FD94 A1=10FE01 A2=380001 A3=10FE52 A4=D08000 A5=10F300 A6=D0002C PC=C1E3CA -- C1E3CA: nop
D0=FE D1=F0 D2=12001B D3=0 D4=1 D5=1 D6=1 D7=2 A0=10FD94 A1=10FE01 A2=380001 A3=10FE52 A4=D08000 A5=10F300 A6=D0002C PC=C1E3CC -- C1E3CC: bra     $c1e3d0
D0=FE D1=F0 D2=12001B D3=0 D4=1 D5=1 D6=1 D7=2 A0=10FD94 A1=10FE01 A2=380001 A3=10FE52 A4=D08000 A5=10F300 A6=D0002C PC=C1E3D0 -- C1E3D0: cmpi.l  #$100508, $10fc40.l
D0=FE D1=F0 D2=12001B D3=0 D4=1 D5=1 D6=1 D7=2 A0=10FD94 A1=10FE01 A2=380001 A3=10FE52 A4=D08000 A5=10F300 A6=D0002C PC=C1E3DA -- C1E3DA: bne     $c1e3e0
D0=FE D1=F0 D2=12001B D3=0 D4=1 D5=1 D6=1 D7=2 A0=10FD94 A1=10FE01 A2=380001 A3=10FE52 A4=D08000 A5=10F300 A6=D0002C PC=C1E3E0 -- C1E3E0: nop
D0=FE D1=F0 D2=12001B D3=0 D4=1 D5=1 D6=1 D7=2 A0=10FD94 A1=10FE01 A2=380001 A3=10FE52 A4=D08000 A5=10F300 A6=D0002C PC=C1E3E2 -- C1E3E2: bra     $c1e3e6
D0=FE D1=F0 D2=12001B D3=0 D4=1 D5=1 D6=1 D7=2 A0=10FD94 A1=10FE01 A2=380001 A3=10FE52 A4=D08000 A5=10F300 A6=D0002C PC=C1E3E6 -- C1E3E6: btst    #$1, $10fe34.l
D0=FE D1=F0 D2=12001B D3=0 D4=1 D5=1 D6=1 D7=2 A0=10FD94 A1=10FE01 A2=380001 A3=10FE52 A4=D08000 A5=10F300 A6=D0002C PC=C1E3EE -- C1E3EE: beq     $c1e3f4
D0=FE D1=F0 D2=12001B D3=0 D4=1 D5=1 D6=1 D7=2 A0=10FD94 A1=10FE01 A2=380001 A3=10FE52 A4=D08000 A5=10F300 A6=D0002C PC=C1E3F4 -- C1E3F4: nop
D0=FE D1=F0 D2=12001B D3=0 D4=1 D5=1 D6=1 D7=2 A0=10FD94 A1=10FE01 A2=380001 A3=10FE52 A4=D08000 A5=10F300 A6=D0002C PC=C1E3F6 -- C1E3F6: rts
D0=FE D1=F0 D2=12001B D3=0 D4=1 D5=1 D6=1 D7=2 A0=10FD94 A1=10FE01 A2=380001 A3=10FE52 A4=D08000 A5=10F300 A6=D0002C PC=C1B954 -- C1B954: move.b  $380000.l, D2
D0=FE D1=F0 D2=1200FF D3=0 D4=1 D5=1 D6=1 D7=2 A0=10FD94 A1=10FE01 A2=380001 A3=10FE52 A4=D08000 A5=10F300 A6=D0002C PC=C1B95A -- C1B95A: bsr     $c1e3f8
D0=FE D1=F0 D2=1200FF D3=0 D4=1 D5=1 D6=1 D7=2 A0=10FD94 A1=10FE01 A2=380001 A3=10FE52 A4=D08000 A5=10F300 A6=D0002C PC=C1E3F8 -- C1E3F8: cmpi.w  #$104, $10fdfe.l
D0=FE D1=F0 D2=1200FF D3=0 D4=1 D5=1 D6=1 D7=2 A0=10FD94 A1=10FE01 A2=380001 A3=10FE52 A4=D08000 A5=10F300 A6=D0002C PC=C1E400 -- C1E400: bne     $c1e416
D0=FE D1=F0 D2=1200FF D3=0 D4=1 D5=1 D6=1 D7=2 A0=10FD94 A1=10FE01 A2=380001 A3=10FE52 A4=D08000 A5=10F300 A6=D0002C PC=C1E416 -- C1E416: cmpi.b  #$1, D4
D0=FE D1=F0 D2=1200FF D3=0 D4=1 D5=1 D6=1 D7=2 A0=10FD94 A1=10FE01 A2=380001 A3=10FE52 A4=D08000 A5=10F300 A6=D0002C PC=C1E41A -- C1E41A: beq     $c1e41e
D0=FE D1=F0 D2=1200FF D3=0 D4=1 D5=1 D6=1 D7=2 A0=10FD94 A1=10FE01 A2=380001 A3=10FE52 A4=D08000 A5=10F300 A6=D0002C PC=C1E41E -- C1E41E: movem.l D0-D7/A0-A6, -(A7)
D0=FE D1=F0 D2=1200FF D3=0 D4=1 D5=1 D6=1 D7=2 A0=10FD94 A1=10FE01 A2=380001 A3=10FE52 A4=D08000 A5=10F300 A6=D0002C PC=C1E422 -- C1E422: andi.b  #$3, D2
D0=FE D1=F0 D2=120003 D3=0 D4=1 D5=1 D6=1 D7=2 A0=10FD94 A1=10FE01 A2=380001 A3=10FE52 A4=D08000 A5=10F300 A6=D0002C PC=C1E426 -- C1E426: beq     $c1e454
D0=FE D1=F0 D2=120003 D3=0 D4=1 D5=1 D6=1 D7=2 A0=10FD94 A1=10FE01 A2=380001 A3=10FE52 A4=D08000 A5=10F300 A6=D0002C PC=C1E428 -- C1E428: andi.b  #$1, D2
D0=FE D1=F0 D2=120001 D3=0 D4=1 D5=1 D6=1 D7=2 A0=10FD94 A1=10FE01 A2=380001 A3=10FE52 A4=D08000 A5=10F300 A6=D0002C PC=C1E42C -- C1E42C: bne     $c1e49a
D0=FE D1=F0 D2=120001 D3=0 D4=1 D5=1 D6=1 D7=2 A0=10FD94 A1=10FE01 A2=380001 A3=10FE52 A4=D08000 A5=10F300 A6=D0002C PC=C1E49A -- C1E49A: move.w  $108.w, D0
D0=55 D1=F0 D2=120001 D3=0 D4=1 D5=1 D6=1 D7=2 A0=10FD94 A1=10FE01 A2=380001 A3=10FE52 A4=D08000 A5=10F300 A6=D0002C PC=C1E49E -- C1E49E: jsr     $c05000.l
D0=55 D1=F0 D2=120001 D3=0 D4=1 D5=1 D6=1 D7=2 A0=10FD94 A1=10FE01 A2=380001 A3=10FE52 A4=D08000 A5=10F300 A6=D0002C PC=C05000 -- C05000: bra     $c07004
D0=55 D1=F0 D2=120001 D3=0 D4=1 D5=1 D6=1 D7=2 A0=10FD94 A1=10FE01 A2=380001 A3=10FE52 A4=D08000 A5=10F300 A6=D0002C PC=C07004 -- C07004: lea     $10fe38.l, A0
D0=55 D1=F0 D2=120001 D3=0 D4=1 D5=1 D6=1 D7=2 A0=10FE38 A1=10FE01 A2=380001 A3=10FE52 A4=D08000 A5=10F300 A6=D0002C PC=C0700A -- C0700A: cmpi.w  #$7654, (A0)
D0=55 D1=F0 D2=120001 D3=0 D4=1 D5=1 D6=1 D7=2 A0=10FE38 A1=10FE01 A2=380001 A3=10FE52 A4=D08000 A5=10F300 A6=D0002C PC=C0700E -- C0700E: bne     $c0701c
D0=55 D1=F0 D2=120001 D3=0 D4=1 D5=1 D6=1 D7=2 A0=10FE38 A1=10FE01 A2=380001 A3=10FE52 A4=D08000 A5=10F300 A6=D0002C PC=C0701C -- C0701C: cmpi.w  #$0, ($2,A0)
D0=55 D1=F0 D2=120001 D3=0 D4=1 D5=1 D6=1 D7=2 A0=10FE38 A1=10FE01 A2=380001 A3=10FE52 A4=D08000 A5=10F300 A6=D0002C PC=C07022 -- C07022: bne     $c07038
D0=55 D1=F0 D2=120001 D3=0 D4=1 D5=1 D6=1 D7=2 A0=10FE38 A1=10FE01 A2=380001 A3=10FE52 A4=D08000 A5=10F300 A6=D0002C PC=C07024 -- C07024: moveq   #$0, D1
D0=55 D1=0 D2=120001 D3=0 D4=1 D5=1 D6=1 D7=2 A0=10FE38 A1=10FE01 A2=380001 A3=10FE52 A4=D08000 A5=10F300 A6=D0002C PC=C07026 -- C07026: cmpi.w  #$236, D0
D0=55 D1=0 D2=120001 D3=0 D4=1 D5=1 D6=1 D7=2 A0=10FE38 A1=10FE01 A2=380001 A3=10FE52 A4=D08000 A5=10F300 A6=D0002C PC=C0702A -- C0702A: beq     $c079ce
D0=55 D1=0 D2=120001 D3=0 D4=1 D5=1 D6=1 D7=2 A0=10FE38 A1=10FE01 A2=380001 A3=10FE52 A4=D08000 A5=10F300 A6=D0002C PC=C0702E -- C0702E: cmpi.w  #$216, D0
D0=55 D1=0 D2=120001 D3=0 D4=1 D5=1 D6=1 D7=2 A0=10FE38 A1=10FE01 A2=380001 A3=10FE52 A4=D08000 A5=10F300 A6=D0002C PC=C07032 -- C07032: beq     $c079a6
D0=55 D1=0 D2=120001 D3=0 D4=1 D5=1 D6=1 D7=2 A0=10FE38 A1=10FE01 A2=380001 A3=10FE52 A4=D08000 A5=10F300 A6=D0002C PC=C07036 -- C07036: rts
D0=55 D1=0 D2=120001 D3=0 D4=1 D5=1 D6=1 D7=2 A0=10FE38 A1=10FE01 A2=380001 A3=10FE52 A4=D08000 A5=10F300 A6=D0002C PC=C1E4A4 -- C1E4A4: tst.w   $10fe36.l
D0=55 D1=0 D2=120001 D3=0 D4=1 D5=1 D6=1 D7=2 A0=10FE38 A1=10FE01 A2=380001 A3=10FE52 A4=D08000 A5=10F300 A6=D0002C PC=C1E4AA -- C1E4AA: beq     $c1e4ca
D0=55 D1=0 D2=120001 D3=0 D4=1 D5=1 D6=1 D7=2 A0=10FE38 A1=10FE01 A2=380001 A3=10FE52 A4=D08000 A5=10F300 A6=D0002C PC=C1E4CA -- C1E4CA: jsr     $c05004.l
D0=55 D1=0 D2=120001 D3=0 D4=1 D5=1 D6=1 D7=2 A0=10FE38 A1=10FE01 A2=380001 A3=10FE52 A4=D08000 A5=10F300 A6=D0002C PC=C05004 -- C05004: bra     $c07c68
D0=55 D1=0 D2=120001 D3=0 D4=1 D5=1 D6=1 D7=2 A0=10FE38 A1=10FE01 A2=380001 A3=10FE52 A4=D08000 A5=10F300 A6=D0002C PC=C07C68 -- C07C68: move.w  $108.w, D0
D0=55 D1=0 D2=120001 D3=0 D4=1 D5=1 D6=1 D7=2 A0=10FE38 A1=10FE01 A2=380001 A3=10FE52 A4=D08000 A5=10F300 A6=D0002C PC=C07C6C -- C07C6C: move.w  D0, D1
D0=55 D1=55 D2=120001 D3=0 D4=1 D5=1 D6=1 D7=2 A0=10FE38 A1=10FE01 A2=380001 A3=10FE52 A4=D08000 A5=10F300 A6=D0002C PC=C07C6E -- C07C6E: cmpi.w  #$261, D0
D0=55 D1=55 D2=120001 D3=0 D4=1 D5=1 D6=1 D7=2 A0=10FE38 A1=10FE01 A2=380001 A3=10FE52 A4=D08000 A5=10F300 A6=D0002C PC=C07C72 -- C07C72: bne     $c07c86
D0=55 D1=55 D2=120001 D3=0 D4=1 D5=1 D6=1 D7=2 A0=10FE38 A1=10FE01 A2=380001 A3=10FE52 A4=D08000 A5=10F300 A6=D0002C PC=C07C86 -- C07C86: tst.b   $10fe32.l
D0=55 D1=55 D2=120001 D3=0 D4=1 D5=1 D6=1 D7=2 A0=10FE38 A1=10FE01 A2=380001 A3=10FE52 A4=D08000 A5=10F300 A6=D0002C PC=C07C8C -- C07C8C: bne     $c07c9c
D0=55 D1=55 D2=120001 D3=0 D4=1 D5=1 D6=1 D7=2 A0=10FE38 A1=10FE01 A2=380001 A3=10FE52 A4=D08000 A5=10F300 A6=D0002C PC=C07C9C -- C07C9C: cmpi.w  #$266, D0
D0=55 D1=55 D2=120001 D3=0 D4=1 D5=1 D6=1 D7=2 A0=10FE38 A1=10FE01 A2=380001 A3=10FE52 A4=D08000 A5=10F300 A6=D0002C PC=C07CA0 -- C07CA0: bne     $c07cb4
D0=55 D1=55 D2=120001 D3=0 D4=1 D5=1 D6=1 D7=2 A0=10FE38 A1=10FE01 A2=380001 A3=10FE52 A4=D08000 A5=10F300 A6=D0002C PC=C07CB4 -- C07CB4: cmpi.w  #$271, D0
D0=55 D1=55 D2=120001 D3=0 D4=1 D5=1 D6=1 D7=2 A0=10FE38 A1=10FE01 A2=380001 A3=10FE52 A4=D08000 A5=10F300 A6=D0002C PC=C07CB8 -- C07CB8: bne     $c07ce2
D0=55 D1=55 D2=120001 D3=0 D4=1 D5=1 D6=1 D7=2 A0=10FE38 A1=10FE01 A2=380001 A3=10FE52 A4=D08000 A5=10F300 A6=D0002C PC=C07CE2 -- C07CE2: btst    #$2, $10fe35.l
D0=55 D1=55 D2=120001 D3=0 D4=1 D5=1 D6=1 D7=2 A0=10FE38 A1=10FE01 A2=380001 A3=10FE52 A4=D08000 A5=10F300 A6=D0002C PC=C07CEA -- C07CEA: beq     $c07dbe
D0=55 D1=55 D2=120001 D3=0 D4=1 D5=1 D6=1 D7=2 A0=10FE38 A1=10FE01 A2=380001 A3=10FE52 A4=D08000 A5=10F300 A6=D0002C PC=C07DBE -- C07DBE: rts
D0=55 D1=55 D2=120001 D3=0 D4=1 D5=1 D6=1 D7=2 A0=10FE38 A1=10FE01 A2=380001 A3=10FE52 A4=D08000 A5=10F300 A6=D0002C PC=C1E4D0 -- C1E4D0: cmpi.w  #$262, $108.w
D0=55 D1=55 D2=120001 D3=0 D4=1 D5=1 D6=1 D7=2 A0=10FE38 A1=10FE01 A2=380001 A3=10FE52 A4=D08000 A5=10F300 A6=D0002C PC=C1E4D6 -- C1E4D6: bne     $c1e4de
D0=55 D1=55 D2=120001 D3=0 D4=1 D5=1 D6=1 D7=2 A0=10FE38 A1=10FE01 A2=380001 A3=10FE52 A4=D08000 A5=10F300 A6=D0002C PC=C1E4DE -- C1E4DE: movem.l (A7)+, D0-D7/A0-A6
D0=FE D1=F0 D2=1200FF D3=0 D4=1 D5=1 D6=1 D7=2 A0=10FD94 A1=10FE01 A2=380001 A3=10FE52 A4=D08000 A5=10F300 A6=D0002C PC=C1E4E2 -- C1E4E2: rts
D0=FE D1=F0 D2=1200FF D3=0 D4=1 D5=1 D6=1 D7=2 A0=10FD94 A1=10FE01 A2=380001 A3=10FE52 A4=D08000 A5=10F300 A6=D0002C PC=C1B95E -- C1B95E: tst.b   $10fe32.l
D0=FE D1=F0 D2=1200FF D3=0 D4=1 D5=1 D6=1 D7=2 A0=10FD94 A1=10FE01 A2=380001 A3=10FE52 A4=D08000 A5=10F300 A6=D0002C PC=C1B964 -- C1B964: bne     $c1b9a2
D0=FE D1=F0 D2=1200FF D3=0 D4=1 D5=1 D6=1 D7=2 A0=10FD94 A1=10FE01 A2=380001 A3=10FE52 A4=D08000 A5=10F300 A6=D0002C PC=C1B9A2 -- C1B9A2: btst    #$1, $10fe35.l
D0=FE D1=F0 D2=1200FF D3=0 D4=1 D5=1 D6=1 D7=2 A0=10FD94 A1=10FE01 A2=380001 A3=10FE52 A4=D08000 A5=10F300 A6=D0002C PC=C1B9AA -- C1B9AA: bne     $c1b9b8
D0=FE D1=F0 D2=1200FF D3=0 D4=1 D5=1 D6=1 D7=2 A0=10FD94 A1=10FE01 A2=380001 A3=10FE52 A4=D08000 A5=10F300 A6=D0002C PC=C1B9AC -- C1B9AC: tst.b   $10fe8d.l
D0=FE D1=F0 D2=1200FF D3=0 D4=1 D5=1 D6=1 D7=2 A0=10FD94 A1=10FE01 A2=380001 A3=10FE52 A4=D08000 A5=10F300 A6=D0002C PC=C1B9B2 -- C1B9B2: bne     $c1b9b8
D0=FE D1=F0 D2=1200FF D3=0 D4=1 D5=1 D6=1 D7=2 A0=10FD94 A1=10FE01 A2=380001 A3=10FE52 A4=D08000 A5=10F300 A6=D0002C PC=C1B9B4 -- C1B9B4: ori.b   #$a, D2
D0=FE D1=F0 D2=1200FF D3=0 D4=1 D5=1 D6=1 D7=2 A0=10FD94 A1=10FE01 A2=380001 A3=10FE52 A4=D08000 A5=10F300 A6=D0002C PC=C1B9B8 -- C1B9B8: rts
D0=FE D1=F0 D2=1200FF D3=0 D4=1 D5=1 D6=1 D7=2 A0=10FD94 A1=10FE01 A2=380001 A3=10FE52 A4=D08000 A5=10F300 A6=D0002C PC=C18548 -- C18548: move.b  $340000.l, D4
D0=FE D1=F0 D2=1200FF D3=0 D4=FF D5=1 D6=1 D7=2 A0=10FD94 A1=10FE01 A2=380001 A3=10FE52 A4=D08000 A5=10F300 A6=D0002C PC=C1854E -- C1854E: swap    D4
D0=FE D1=F0 D2=1200FF D3=0 D4=FF0000 D5=1 D6=1 D7=2 A0=10FD94 A1=10FE01 A2=380001 A3=10FE52 A4=D08000 A5=10F300 A6=D0002C PC=C18550 -- C18550: move.b  $300000.l, D4
D0=FE D1=F0 D2=1200FF D3=0 D4=FF00FF D5=1 D6=1 D7=2 A0=10FD94 A1=10FE01 A2=380001 A3=10FE52 A4=D08000 A5=10F300 A6=D0002C PC=C18556 -- C18556: andi.b  #$f, D2
D0=FE D1=F0 D2=12000F D3=0 D4=FF00FF D5=1 D6=1 D7=2 A0=10FD94 A1=10FE01 A2=380001 A3=10FE52 A4=D08000 A5=10F300 A6=D0002C PC=C1855A -- C1855A: or.b    D1, D2
D0=FE D1=F0 D2=1200FF D3=0 D4=FF00FF D5=1 D6=1 D7=2 A0=10FD94 A1=10FE01 A2=380001 A3=10FE52 A4=D08000 A5=10F300 A6=D0002C PC=C1855C -- C1855C: not.b   D2
D0=FE D1=F0 D2=120000 D3=0 D4=FF00FF D5=1 D6=1 D7=2 A0=10FD94 A1=10FE01 A2=380001 A3=10FE52 A4=D08000 A5=10F300 A6=D0002C PC=C1855E -- C1855E: move.b  $10fedc.l, D3
D0=FE D1=F0 D2=120000 D3=0 D4=FF00FF D5=1 D6=1 D7=2 A0=10FD94 A1=10FE01 A2=380001 A3=10FE52 A4=D08000 A5=10F300 A6=D0002C PC=C18564 -- C18564: eor.b   D2, D3
D0=FE D1=F0 D2=120000 D3=0 D4=FF00FF D5=1 D6=1 D7=2 A0=10FD94 A1=10FE01 A2=380001 A3=10FE52 A4=D08000 A5=10F300 A6=D0002C PC=C18566 -- C18566: and.b   D2, D3
D0=FE D1=F0 D2=120000 D3=0 D4=FF00FF D5=1 D6=1 D7=2 A0=10FD94 A1=10FE01 A2=380001 A3=10FE52 A4=D08000 A5=10F300 A6=D0002C PC=C18568 -- C18568: cmpi.b  #$3, ($a94,A5)
D0=FE D1=F0 D2=120000 D3=0 D4=FF00FF D5=1 D6=1 D7=2 A0=10FD94 A1=10FE01 A2=380001 A3=10FE52 A4=D08000 A5=10F300 A6=D0002C PC=C1856E -- C1856E: beq     $c18578
D0=FE D1=F0 D2=120000 D3=0 D4=FF00FF D5=1 D6=1 D7=2 A0=10FD94 A1=10FE01 A2=380001 A3=10FE52 A4=D08000 A5=10F300 A6=D0002C PC=C18570 -- C18570: cmpi.b  #$3, ($a9a,A5)
D0=FE D1=F0 D2=120000 D3=0 D4=FF00FF D5=1 D6=1 D7=2 A0=10FD94 A1=10FE01 A2=380001 A3=10FE52 A4=D08000 A5=10F300 A6=D0002C PC=C18576 -- C18576: bne     $c1857c
D0=FE D1=F0 D2=120000 D3=0 D4=FF00FF D5=1 D6=1 D7=2 A0=10FD94 A1=10FE01 A2=380001 A3=10FE52 A4=D08000 A5=10F300 A6=D0002C PC=C1857C -- C1857C: move.b  #$cf, D7
D0=FE D1=F0 D2=120000 D3=0 D4=FF00FF D5=1 D6=1 D7=CF A0=10FD94 A1=10FE01 A2=380001 A3=10FE52 A4=D08000 A5=10F300 A6=D0002C PC=C18580 -- C18580: jsr     ($d4,PC) ; ($c18656)
D0=FE D1=F0 D2=120000 D3=0 D4=FF00FF D5=1 D6=1 D7=CF A0=10FD94 A1=10FE01 A2=380001 A3=10FE52 A4=D08000 A5=10F300 A6=D0002C PC=C18656 -- C18656: cmpi.b  #$3, (A0)
D0=FE D1=F0 D2=120000 D3=0 D4=FF00FF D5=1 D6=1 D7=CF A0=10FD94 A1=10FE01 A2=380001 A3=10FE52 A4=D08000 A5=10F300 A6=D0002C PC=C1865A -- C1865A: beq     $c186b4
D0=FE D1=F0 D2=120000 D3=0 D4=FF00FF D5=1 D6=1 D7=CF A0=10FD94 A1=10FE01 A2=380001 A3=10FE52 A4=D08000 A5=10F300 A6=D0002C PC=C1865C -- C1865C: move.b  D4, D0
D0=FF D1=F0 D2=120000 D3=0 D4=FF00FF D5=1 D6=1 D7=CF A0=10FD94 A1=10FE01 A2=380001 A3=10FE52 A4=D08000 A5=10F300 A6=D0002C PC=C1865E -- C1865E: jsr     ($c,PC) ; ($c1866c)
D0=FF D1=F0 D2=120000 D3=0 D4=FF00FF D5=1 D6=1 D7=CF A0=10FD94 A1=10FE01 A2=380001 A3=10FE52 A4=D08000 A5=10F300 A6=D0002C PC=C1866C -- C1866C: not.b   D0
D0=0 D1=F0 D2=120000 D3=0 D4=FF00FF D5=1 D6=1 D7=CF A0=10FD94 A1=10FE01 A2=380001 A3=10FE52 A4=D08000 A5=10F300 A6=D0002C PC=C1866E -- C1866E: move.b  ($2,A0), D1
D0=0 D1=0 D2=120000 D3=0 D4=FF00FF D5=1 D6=1 D7=CF A0=10FD94 A1=10FE01 A2=380001 A3=10FE52 A4=D08000 A5=10F300 A6=D0002C PC=C18672 -- C18672: cmp.b   D0, D1
D0=0 D1=0 D2=120000 D3=0 D4=FF00FF D5=1 D6=1 D7=CF A0=10FD94 A1=10FE01 A2=380001 A3=10FE52 A4=D08000 A5=10F300 A6=D0002C PC=C18674 -- C18674: bne     $c18684
D0=0 D1=0 D2=120000 D3=0 D4=FF00FF D5=1 D6=1 D7=CF A0=10FD94 A1=10FE01 A2=380001 A3=10FE52 A4=D08000 A5=10F300 A6=D0002C PC=C18676 -- C18676: subq.b  #1, ($5,A0)
D0=0 D1=0 D2=120000 D3=0 D4=FF00FF D5=1 D6=1 D7=CF A0=10FD94 A1=10FE01 A2=380001 A3=10FE52 A4=D08000 A5=10F300 A6=D0002C PC=C1867A -- C1867A: bpl     $c18690
D0=0 D1=0 D2=120000 D3=0 D4=FF00FF D5=1 D6=1 D7=CF A0=10FD94 A1=10FE01 A2=380001 A3=10FE52 A4=D08000 A5=10F300 A6=D0002C PC=C18690 -- C18690: clr.b   ($4,A0)
D0=0 D1=0 D2=120000 D3=0 D4=FF00FF D5=1 D6=1 D7=CF A0=10FD94 A1=10FE01 A2=380001 A3=10FE52 A4=D08000 A5=10F300 A6=D0002C PC=C18694 -- C18694: move.b  D1, ($1,A0)
D0=0 D1=0 D2=120000 D3=0 D4=FF00FF D5=1 D6=1 D7=CF A0=10FD94 A1=10FE01 A2=380001 A3=10FE52 A4=D08000 A5=10F300 A6=D0002C PC=C18698 -- C18698: move.b  D0, ($2,A0)
D0=0 D1=0 D2=120000 D3=0 D4=FF00FF D5=1 D6=1 D7=CF A0=10FD94 A1=10FE01 A2=380001 A3=10FE52 A4=D08000 A5=10F300 A6=D0002C PC=C1869C -- C1869C: eor.b   D0, D1
D0=0 D1=0 D2=120000 D3=0 D4=FF00FF D5=1 D6=1 D7=CF A0=10FD94 A1=10FE01 A2=380001 A3=10FE52 A4=D08000 A5=10F300 A6=D0002C PC=C1869E -- C1869E: and.b   D0, D1
D0=0 D1=0 D2=120000 D3=0 D4=FF00FF D5=1 D6=1 D7=CF A0=10FD94 A1=10FE01 A2=380001 A3=10FE52 A4=D08000 A5=10F300 A6=D0002C PC=C186A0 -- C186A0: move.b  D1, ($3,A0)
D0=0 D1=0 D2=120000 D3=0 D4=FF00FF D5=1 D6=1 D7=CF A0=10FD94 A1=10FE01 A2=380001 A3=10FE52 A4=D08000 A5=10F300 A6=D0002C PC=C186A4 -- C186A4: rts
D0=0 D1=0 D2=120000 D3=0 D4=FF00FF D5=1 D6=1 D7=CF A0=10FD94 A1=10FE01 A2=380001 A3=10FE52 A4=D08000 A5=10F300 A6=D0002C PC=C18662 -- C18662: jmp     $c050c0.l
D0=0 D1=0 D2=120000 D3=0 D4=FF00FF D5=1 D6=1 D7=CF A0=10FD94 A1=10FE01 A2=380001 A3=10FE52 A4=D08000 A5=10F300 A6=D0002C PC=C050C0 -- C050C0: bra     $c0936c
D0=0 D1=0 D2=120000 D3=0 D4=FF00FF D5=1 D6=1 D7=CF A0=10FD94 A1=10FE01 A2=380001 A3=10FE52 A4=D08000 A5=10F300 A6=D0002C PC=C0936C -- C0936C: lea     ($c,A0), A0
D0=0 D1=0 D2=120000 D3=0 D4=FF00FF D5=1 D6=1 D7=CF A0=10FDA0 A1=10FE01 A2=380001 A3=10FE52 A4=D08000 A5=10F300 A6=D0002C PC=C09370 -- C09370: tst.b   ($bfa,A5)
D0=0 D1=0 D2=120000 D3=0 D4=FF00FF D5=1 D6=1 D7=CF A0=10FDA0 A1=10FE01 A2=380001 A3=10FE52 A4=D08000 A5=10F300 A6=D0002C PC=C09374 -- C09374: bne     $c0937a
D0=0 D1=0 D2=120000 D3=0 D4=FF00FF D5=1 D6=1 D7=CF A0=10FDA0 A1=10FE01 A2=380001 A3=10FE52 A4=D08000 A5=10F300 A6=D0002C PC=C09376 -- C09376: tst.b   (A0)
D0=0 D1=0 D2=120000 D3=0 D4=FF00FF D5=1 D6=1 D7=CF A0=10FDA0 A1=10FE01 A2=380001 A3=10FE52 A4=D08000 A5=10F300 A6=D0002C PC=C09378 -- C09378: beq     $c09380
D0=0 D1=0 D2=120000 D3=0 D4=FF00FF D5=1 D6=1 D7=CF A0=10FDA0 A1=10FE01 A2=380001 A3=10FE52 A4=D08000 A5=10F300 A6=D0002C PC=C09380 -- C09380: jmp     $c186a6.l
D0=0 D1=0 D2=120000 D3=0 D4=FF00FF D5=1 D6=1 D7=CF A0=10FDA0 A1=10FE01 A2=380001 A3=10FE52 A4=D08000 A5=10F300 A6=D0002C PC=C186A6 -- C186A6: clr.b   ($1,A0)
D0=0 D1=0 D2=120000 D3=0 D4=FF00FF D5=1 D6=1 D7=CF A0=10FDA0 A1=10FE01 A2=380001 A3=10FE52 A4=D08000 A5=10F300 A6=D0002C PC=C186AA -- C186AA: clr.l   ($2,A0)
D0=0 D1=0 D2=120000 D3=0 D4=FF00FF D5=1 D6=1 D7=CF A0=10FDA0 A1=10FE01 A2=380001 A3=10FE52 A4=D08000 A5=10F300 A6=D0002C PC=C186AE -- C186AE: and.b   D7, D2
D0=0 D1=0 D2=120000 D3=0 D4=FF00FF D5=1 D6=1 D7=CF A0=10FDA0 A1=10FE01 A2=380001 A3=10FE52 A4=D08000 A5=10F300 A6=D0002C PC=C186B0 -- C186B0: and.b   D7, D3
D0=0 D1=0 D2=120000 D3=0 D4=FF00FF D5=1 D6=1 D7=CF A0=10FDA0 A1=10FE01 A2=380001 A3=10FE52 A4=D08000 A5=10F300 A6=D0002C PC=C186B2 -- C186B2: rts
D0=0 D1=0 D2=120000 D3=0 D4=FF00FF D5=1 D6=1 D7=CF A0=10FDA0 A1=10FE01 A2=380001 A3=10FE52 A4=D08000 A5=10F300 A6=D0002C PC=C18584 -- C18584: swap    D4
D0=0 D1=0 D2=120000 D3=0 D4=FF00FF D5=1 D6=1 D7=CF A0=10FDA0 A1=10FE01 A2=380001 A3=10FE52 A4=D08000 A5=10F300 A6=D0002C PC=C18586 -- C18586: swap    D5
D0=0 D1=0 D2=120000 D3=0 D4=FF00FF D5=1 D6=1 D7=CF A0=10FDA0 A1=10FE01 A2=380001 A3=10FE52 A4=D08000 A5=10F300 A6=D0002C PC=C18588 -- C18588: swap    D6
D0=0 D1=0 D2=120000 D3=0 D4=FF00FF D5=10000 D6=10000 D7=CF A0=10FDA0 A1=10FE01 A2=380001 A3=10FE52 A4=D08000 A5=10F300 A6=D0002C PC=C1858A -- C1858A: lea     ($a9a,A5), A0
D0=0 D1=0 D2=120000 D3=0 D4=FF00FF D5=10000 D6=10000 D7=CF A0=10FD9A A1=10FE01 A2=380001 A3=10FE52 A4=D08000 A5=10F300 A6=D0002C PC=C1858E -- C1858E: move.b  #$3f, D7
D0=0 D1=0 D2=120000 D3=0 D4=FF00FF D5=10000 D6=10000 D7=3F A0=10FD9A A1=10FE01 A2=380001 A3=10FE52 A4=D08000 A5=10F300 A6=D0002C PC=C18592 -- C18592: jsr     ($c2,PC) ; ($c18656)
D0=0 D1=0 D2=120000 D3=0 D4=FF00FF D5=10000 D6=10000 D7=3F A0=10FD9A A1=10FE01 A2=380001 A3=10FE52 A4=D08000 A5=10F300 A6=D0002C PC=C18656 -- C18656: cmpi.b  #$3, (A0)
D0=0 D1=0 D2=120000 D3=0 D4=FF00FF D5=10000 D6=10000 D7=3F A0=10FD9A A1=10FE01 A2=380001 A3=10FE52 A4=D08000 A5=10F300 A6=D0002C PC=C1865A -- C1865A: beq     $c186b4
D0=0 D1=0 D2=120000 D3=0 D4=FF00FF D5=10000 D6=10000 D7=3F A0=10FD9A A1=10FE01 A2=380001 A3=10FE52 A4=D08000 A5=10F300 A6=D0002C PC=C1865C -- C1865C: move.b  D4, D0
D0=FF D1=0 D2=120000 D3=0 D4=FF00FF D5=10000 D6=10000 D7=3F A0=10FD9A A1=10FE01 A2=380001 A3=10FE52 A4=D08000 A5=10F300 A6=D0002C PC=C1865E -- C1865E: jsr     ($c,PC) ; ($c1866c)
D0=FF D1=0 D2=120000 D3=0 D4=FF00FF D5=10000 D6=10000 D7=3F A0=10FD9A A1=10FE01 A2=380001 A3=10FE52 A4=D08000 A5=10F300 A6=D0002C PC=C1866C -- C1866C: not.b   D0
D0=0 D1=0 D2=120000 D3=0 D4=FF00FF D5=10000 D6=10000 D7=3F A0=10FD9A A1=10FE01 A2=380001 A3=10FE52 A4=D08000 A5=10F300 A6=D0002C PC=C1866E -- C1866E: move.b  ($2,A0), D1
D0=0 D1=0 D2=120000 D3=0 D4=FF00FF D5=10000 D6=10000 D7=3F A0=10FD9A A1=10FE01 A2=380001 A3=10FE52 A4=D08000 A5=10F300 A6=D0002C PC=C18672 -- C18672: cmp.b   D0, D1
D0=0 D1=0 D2=120000 D3=0 D4=FF00FF D5=10000 D6=10000 D7=3F A0=10FD9A A1=10FE01 A2=380001 A3=10FE52 A4=D08000 A5=10F300 A6=D0002C PC=C18674 -- C18674: bne     $c18684
D0=0 D1=0 D2=120000 D3=0 D4=FF00FF D5=10000 D6=10000 D7=3F A0=10FD9A A1=10FE01 A2=380001 A3=10FE52 A4=D08000 A5=10F300 A6=D0002C PC=C18676 -- C18676: subq.b  #1, ($5,A0)
D0=0 D1=0 D2=120000 D3=0 D4=FF00FF D5=10000 D6=10000 D7=3F A0=10FD9A A1=10FE01 A2=380001 A3=10FE52 A4=D08000 A5=10F300 A6=D0002C PC=C1867A -- C1867A: bpl     $c18690
D0=0 D1=0 D2=120000 D3=0 D4=FF00FF D5=10000 D6=10000 D7=3F A0=10FD9A A1=10FE01 A2=380001 A3=10FE52 A4=D08000 A5=10F300 A6=D0002C PC=C18690 -- C18690: clr.b   ($4,A0)
D0=0 D1=0 D2=120000 D3=0 D4=FF00FF D5=10000 D6=10000 D7=3F A0=10FD9A A1=10FE01 A2=380001 A3=10FE52 A4=D08000 A5=10F300 A6=D0002C PC=C18694 -- C18694: move.b  D1, ($1,A0)
D0=0 D1=0 D2=120000 D3=0 D4=FF00FF D5=10000 D6=10000 D7=3F A0=10FD9A A1=10FE01 A2=380001 A3=10FE52 A4=D08000 A5=10F300 A6=D0002C PC=C18698 -- C18698: move.b  D0, ($2,A0)
D0=0 D1=0 D2=120000 D3=0 D4=FF00FF D5=10000 D6=10000 D7=3F A0=10FD9A A1=10FE01 A2=380001 A3=10FE52 A4=D08000 A5=10F300 A6=D0002C PC=C1869C -- C1869C: eor.b   D0, D1
D0=0 D1=0 D2=120000 D3=0 D4=FF00FF D5=10000 D6=10000 D7=3F A0=10FD9A A1=10FE01 A2=380001 A3=10FE52 A4=D08000 A5=10F300 A6=D0002C PC=C1869E -- C1869E: and.b   D0, D1
D0=0 D1=0 D2=120000 D3=0 D4=FF00FF D5=10000 D6=10000 D7=3F A0=10FD9A A1=10FE01 A2=380001 A3=10FE52 A4=D08000 A5=10F300 A6=D0002C PC=C186A0 -- C186A0: move.b  D1, ($3,A0)
D0=0 D1=0 D2=120000 D3=0 D4=FF00FF D5=10000 D6=10000 D7=3F A0=10FD9A A1=10FE01 A2=380001 A3=10FE52 A4=D08000 A5=10F300 A6=D0002C PC=C186A4 -- C186A4: rts
D0=0 D1=0 D2=120000 D3=0 D4=FF00FF D5=10000 D6=10000 D7=3F A0=10FD9A A1=10FE01 A2=380001 A3=10FE52 A4=D08000 A5=10F300 A6=D0002C PC=C18662 -- C18662: jmp     $c050c0.l
D0=0 D1=0 D2=120000 D3=0 D4=FF00FF D5=10000 D6=10000 D7=3F A0=10FD9A A1=10FE01 A2=380001 A3=10FE52 A4=D08000 A5=10F300 A6=D0002C PC=C050C0 -- C050C0: bra     $c0936c
D0=0 D1=0 D2=120000 D3=0 D4=FF00FF D5=10000 D6=10000 D7=3F A0=10FD9A A1=10FE01 A2=380001 A3=10FE52 A4=D08000 A5=10F300 A6=D0002C PC=C0936C -- C0936C: lea     ($c,A0), A0
D0=0 D1=0 D2=120000 D3=0 D4=FF00FF D5=10000 D6=10000 D7=3F A0=10FDA6 A1=10FE01 A2=380001 A3=10FE52 A4=D08000 A5=10F300 A6=D0002C PC=C09370 -- C09370: tst.b   ($bfa,A5)
D0=0 D1=0 D2=120000 D3=0 D4=FF00FF D5=10000 D6=10000 D7=3F A0=10FDA6 A1=10FE01 A2=380001 A3=10FE52 A4=D08000 A5=10F300 A6=D0002C PC=C09374 -- C09374: bne     $c0937a
D0=0 D1=0 D2=120000 D3=0 D4=FF00FF D5=10000 D6=10000 D7=3F A0=10FDA6 A1=10FE01 A2=380001 A3=10FE52 A4=D08000 A5=10F300 A6=D0002C PC=C09376 -- C09376: tst.b   (A0)
D0=0 D1=0 D2=120000 D3=0 D4=FF00FF D5=10000 D6=10000 D7=3F A0=10FDA6 A1=10FE01 A2=380001 A3=10FE52 A4=D08000 A5=10F300 A6=D0002C PC=C09378 -- C09378: beq     $c09380
D0=0 D1=0 D2=120000 D3=0 D4=FF00FF D5=10000 D6=10000 D7=3F A0=10FDA6 A1=10FE01 A2=380001 A3=10FE52 A4=D08000 A5=10F300 A6=D0002C PC=C09380 -- C09380: jmp     $c186a6.l
D0=0 D1=0 D2=120000 D3=0 D4=FF00FF D5=10000 D6=10000 D7=3F A0=10FDA6 A1=10FE01 A2=380001 A3=10FE52 A4=D08000 A5=10F300 A6=D0002C PC=C186A6 -- C186A6: clr.b   ($1,A0)
D0=0 D1=0 D2=120000 D3=0 D4=FF00FF D5=10000 D6=10000 D7=3F A0=10FDA6 A1=10FE01 A2=380001 A3=10FE52 A4=D08000 A5=10F300 A6=D0002C PC=C186AA -- C186AA: clr.l   ($2,A0)
D0=0 D1=0 D2=120000 D3=0 D4=FF00FF D5=10000 D6=10000 D7=3F A0=10FDA6 A1=10FE01 A2=380001 A3=10FE52 A4=D08000 A5=10F300 A6=D0002C PC=C186AE -- C186AE: and.b   D7, D2
D0=0 D1=0 D2=120000 D3=0 D4=FF00FF D5=10000 D6=10000 D7=3F A0=10FDA6 A1=10FE01 A2=380001 A3=10FE52 A4=D08000 A5=10F300 A6=D0002C PC=C186B0 -- C186B0: and.b   D7, D3
D0=0 D1=0 D2=120000 D3=0 D4=FF00FF D5=10000 D6=10000 D7=3F A0=10FDA6 A1=10FE01 A2=380001 A3=10FE52 A4=D08000 A5=10F300 A6=D0002C PC=C186B2 -- C186B2: rts
D0=0 D1=0 D2=120000 D3=0 D4=FF00FF D5=10000 D6=10000 D7=3F A0=10FDA6 A1=10FE01 A2=380001 A3=10FE52 A4=D08000 A5=10F300 A6=D0002C PC=C18596 -- C18596: lea     ($a94,A5), A0
D0=0 D1=0 D2=120000 D3=0 D4=FF00FF D5=10000 D6=10000 D7=3F A0=10FD94 A1=10FE01 A2=380001 A3=10FE52 A4=D08000 A5=10F300 A6=D0002C PC=C1859A -- C1859A: moveq   #$1, D0
D0=1 D1=0 D2=120000 D3=0 D4=FF00FF D5=10000 D6=10000 D7=3F A0=10FD94 A1=10FE01 A2=380001 A3=10FE52 A4=D08000 A5=10F300 A6=D0002C PC=C1859C -- C1859C: jsr     ($90,PC) ; ($c1862e)
D0=1 D1=0 D2=120000 D3=0 D4=FF00FF D5=10000 D6=10000 D7=3F A0=10FD94 A1=10FE01 A2=380001 A3=10FE52 A4=D08000 A5=10F300 A6=D0002C PC=C1862E -- C1862E: cmpi.b  #$3, (A0)
D0=1 D1=0 D2=120000 D3=0 D4=FF00FF D5=10000 D6=10000 D7=3F A0=10FD94 A1=10FE01 A2=380001 A3=10FE52 A4=D08000 A5=10F300 A6=D0002C PC=C18632 -- C18632: bne     $c18654
D0=1 D1=0 D2=120000 D3=0 D4=FF00FF D5=10000 D6=10000 D7=3F A0=10FD94 A1=10FE01 A2=380001 A3=10FE52 A4=D08000 A5=10F300 A6=D0002C PC=C18654 -- C18654: rts
D0=1 D1=0 D2=120000 D3=0 D4=FF00FF D5=10000 D6=10000 D7=3F A0=10FD94 A1=10FE01 A2=380001 A3=10FE52 A4=D08000 A5=10F300 A6=D0002C PC=C185A0 -- C185A0: lea     ($a9a,A5), A0
D0=1 D1=0 D2=120000 D3=0 D4=FF00FF D5=10000 D6=10000 D7=3F A0=10FD9A A1=10FE01 A2=380001 A3=10FE52 A4=D08000 A5=10F300 A6=D0002C PC=C185A4 -- C185A4: moveq   #$3, D0
D0=3 D1=0 D2=120000 D3=0 D4=FF00FF D5=10000 D6=10000 D7=3F A0=10FD9A A1=10FE01 A2=380001 A3=10FE52 A4=D08000 A5=10F300 A6=D0002C PC=C185A6 -- C185A6: jsr     ($86,PC) ; ($c1862e)
D0=3 D1=0 D2=120000 D3=0 D4=FF00FF D5=10000 D6=10000 D7=3F A0=10FD9A A1=10FE01 A2=380001 A3=10FE52 A4=D08000 A5=10F300 A6=D0002C PC=C1862E -- C1862E: cmpi.b  #$3, (A0)
D0=3 D1=0 D2=120000 D3=0 D4=FF00FF D5=10000 D6=10000 D7=3F A0=10FD9A A1=10FE01 A2=380001 A3=10FE52 A4=D08000 A5=10F300 A6=D0002C PC=C18632 -- C18632: bne     $c18654
D0=3 D1=0 D2=120000 D3=0 D4=FF00FF D5=10000 D6=10000 D7=3F A0=10FD9A A1=10FE01 A2=380001 A3=10FE52 A4=D08000 A5=10F300 A6=D0002C PC=C18654 -- C18654: rts
D0=3 D1=0 D2=120000 D3=0 D4=FF00FF D5=10000 D6=10000 D7=3F A0=10FD9A A1=10FE01 A2=380001 A3=10FE52 A4=D08000 A5=10F300 A6=D0002C PC=C185AA -- C185AA: jmp     $c1b9c0.l
D0=3 D1=0 D2=120000 D3=0 D4=FF00FF D5=10000 D6=10000 D7=3F A0=10FD9A A1=10FE01 A2=380001 A3=10FE52 A4=D08000 A5=10F300 A6=D0002C PC=C1B9C0 -- C1B9C0: move.b  D2, ($bdc,A5)
D0=3 D1=0 D2=120000 D3=0 D4=FF00FF D5=10000 D6=10000 D7=3F A0=10FD9A A1=10FE01 A2=380001 A3=10FE52 A4=D08000 A5=10F300 A6=D0002C PC=C1B9C4 -- C1B9C4: move.b  D3, ($bdd,A5)
D0=3 D1=0 D2=120000 D3=0 D4=FF00FF D5=10000 D6=10000 D7=3F A0=10FD9A A1=10FE01 A2=380001 A3=10FE52 A4=D08000 A5=10F300 A6=D0002C PC=C1B9C8 -- C1B9C8: tst.b   $10fe8d.l
D0=3 D1=0 D2=120000 D3=0 D4=FF00FF D5=10000 D6=10000 D7=3F A0=10FD9A A1=10FE01 A2=380001 A3=10FE52 A4=D08000 A5=10F300 A6=D0002C PC=C1B9CE -- C1B9CE: bne     $c1b9d8
D0=3 D1=0 D2=120000 D3=0 D4=FF00FF D5=10000 D6=10000 D7=3F A0=10FD9A A1=10FE01 A2=380001 A3=10FE52 A4=D08000 A5=10F300 A6=D0002C PC=C1B9D0 -- C1B9D0: tst.b   $10fe32.l
D0=3 D1=0 D2=120000 D3=0 D4=FF00FF D5=10000 D6=10000 D7=3F A0=10FD9A A1=10FE01 A2=380001 A3=10FE52 A4=D08000 A5=10F300 A6=D0002C PC=C1B9D6 -- C1B9D6: bne     $c1b9e6
D0=3 D1=0 D2=120000 D3=0 D4=FF00FF D5=10000 D6=10000 D7=3F A0=10FD9A A1=10FE01 A2=380001 A3=10FE52 A4=D08000 A5=10F300 A6=D0002C PC=C1B9E6 -- C1B9E6: jmp     $c185b2.l
D0=3 D1=0 D2=120000 D3=0 D4=FF00FF D5=10000 D6=10000 D7=3F A0=10FD9A A1=10FE01 A2=380001 A3=10FE52 A4=D08000 A5=10F300 A6=D0002C PC=C185B2 -- C185B2: andi.b  #$55, D2
D0=3 D1=0 D2=120000 D3=0 D4=FF00FF D5=10000 D6=10000 D7=3F A0=10FD9A A1=10FE01 A2=380001 A3=10FE52 A4=D08000 A5=10F300 A6=D0002C PC=C185B6 -- C185B6: andi.b  #$55, D3
D0=3 D1=0 D2=120000 D3=0 D4=FF00FF D5=10000 D6=10000 D7=3F A0=10FD9A A1=10FE01 A2=380001 A3=10FE52 A4=D08000 A5=10F300 A6=D0002C PC=C185BA -- C185BA: move.b  D2, ($aac,A5)
D0=3 D1=0 D2=120000 D3=0 D4=FF00FF D5=10000 D6=10000 D7=3F A0=10FD9A A1=10FE01 A2=380001 A3=10FE52 A4=D08000 A5=10F300 A6=D0002C PC=C185BE -- C185BE: move.b  D3, ($aad,A5)
D0=3 D1=0 D2=120000 D3=0 D4=FF00FF D5=10000 D6=10000 D7=3F A0=10FD9A A1=10FE01 A2=380001 A3=10FE52 A4=D08000 A5=10F300 A6=D0002C PC=C185C2 -- C185C2: move.b  #$0, $380001.l
D0=3 D1=0 D2=120000 D3=0 D4=FF00FF D5=10000 D6=10000 D7=3F A0=10FD9A A1=10FE01 A2=380001 A3=10FE52 A4=D08000 A5=10F300 A6=D0002C PC=C185CA -- C185CA: lea     ($a94,A5), A0
D0=3 D1=0 D2=120000 D3=0 D4=FF00FF D5=10000 D6=10000 D7=3F A0=10FD94 A1=10FE01 A2=380001 A3=10FE52 A4=D08000 A5=10F300 A6=D0002C PC=C185CE -- C185CE: lea     ($be8,A5), A1
D0=3 D1=0 D2=120000 D3=0 D4=FF00FF D5=10000 D6=10000 D7=3F A0=10FD94 A1=10FEE8 A2=380001 A3=10FE52 A4=D08000 A5=10F300 A6=D0002C PC=C185D2 -- C185D2: jsr     ($a,PC) ; ($c185de)
D0=3 D1=0 D2=120000 D3=0 D4=FF00FF D5=10000 D6=10000 D7=3F A0=10FD94 A1=10FEE8 A2=380001 A3=10FE52 A4=D08000 A5=10F300 A6=D0002C PC=C185DE -- C185DE: cmpi.b  #$3, (A0)
D0=3 D1=0 D2=120000 D3=0 D4=FF00FF D5=10000 D6=10000 D7=3F A0=10FD94 A1=10FEE8 A2=380001 A3=10FE52 A4=D08000 A5=10F300 A6=D0002C PC=C185E2 -- C185E2: beq     $c185ee
D0=3 D1=0 D2=120000 D3=0 D4=FF00FF D5=10000 D6=10000 D7=3F A0=10FD94 A1=10FEE8 A2=380001 A3=10FE52 A4=D08000 A5=10F300 A6=D0002C PC=C185E4 -- C185E4: move.l  (A0), (A1)
D0=3 D1=0 D2=120000 D3=0 D4=FF00FF D5=10000 D6=10000 D7=3F A0=10FD94 A1=10FEE8 A2=380001 A3=10FE52 A4=D08000 A5=10F300 A6=D0002C PC=C185E6 -- C185E6: move.w  ($4,A0), ($4,A1)
D0=3 D1=0 D2=120000 D3=0 D4=FF00FF D5=10000 D6=10000 D7=3F A0=10FD94 A1=10FEE8 A2=380001 A3=10FE52 A4=D08000 A5=10F300 A6=D0002C PC=C185EC -- C185EC: rts
D0=3 D1=0 D2=120000 D3=0 D4=FF00FF D5=10000 D6=10000 D7=3F A0=10FD94 A1=10FEE8 A2=380001 A3=10FE52 A4=D08000 A5=10F300 A6=D0002C PC=C185D6 -- C185D6: lea     ($a9a,A5), A0
D0=3 D1=0 D2=120000 D3=0 D4=FF00FF D5=10000 D6=10000 D7=3F A0=10FD9A A1=10FEE8 A2=380001 A3=10FE52 A4=D08000 A5=10F300 A6=D0002C PC=C185DA -- C185DA: lea     ($bee,A5), A1
D0=3 D1=0 D2=120000 D3=0 D4=FF00FF D5=10000 D6=10000 D7=3F A0=10FD9A A1=10FEEE A2=380001 A3=10FE52 A4=D08000 A5=10F300 A6=D0002C PC=C185DE -- C185DE: cmpi.b  #$3, (A0)
D0=3 D1=0 D2=120000 D3=0 D4=FF00FF D5=10000 D6=10000 D7=3F A0=10FD9A A1=10FEEE A2=380001 A3=10FE52 A4=D08000 A5=10F300 A6=D0002C PC=C185E2 -- C185E2: beq     $c185ee
D0=3 D1=0 D2=120000 D3=0 D4=FF00FF D5=10000 D6=10000 D7=3F A0=10FD9A A1=10FEEE A2=380001 A3=10FE52 A4=D08000 A5=10F300 A6=D0002C PC=C185E4 -- C185E4: move.l  (A0), (A1)
D0=3 D1=0 D2=120000 D3=0 D4=FF00FF D5=10000 D6=10000 D7=3F A0=10FD9A A1=10FEEE A2=380001 A3=10FE52 A4=D08000 A5=10F300 A6=D0002C PC=C185E6 -- C185E6: move.w  ($4,A0), ($4,A1)
D0=3 D1=0 D2=120000 D3=0 D4=FF00FF D5=10000 D6=10000 D7=3F A0=10FD9A A1=10FEEE A2=380001 A3=10FE52 A4=D08000 A5=10F300 A6=D0002C PC=C185EC -- C185EC: rts
D0=3 D1=0 D2=120000 D3=0 D4=FF00FF D5=10000 D6=10000 D7=3F A0=10FD9A A1=10FEEE A2=380001 A3=10FE52 A4=D08000 A5=10F300 A6=D0002C PC=C1168C -- C1168C: tst.w   $c116c6.l
D0=3 D1=0 D2=120000 D3=0 D4=FF00FF D5=10000 D6=10000 D7=3F A0=10FD9A A1=10FEEE A2=380001 A3=10FE52 A4=D08000 A5=10F300 A6=D0002C PC=C11692 -- C11692: bne     $c11696
D0=3 D1=0 D2=120000 D3=0 D4=FF00FF D5=10000 D6=10000 D7=3F A0=10FD9A A1=10FEEE A2=380001 A3=10FE52 A4=D08000 A5=10F300 A6=D0002C PC=C11696 -- C11696: tst.b   ($be1,A5)
D0=3 D1=0 D2=120000 D3=0 D4=FF00FF D5=10000 D6=10000 D7=3F A0=10FD9A A1=10FEEE A2=380001 A3=10FE52 A4=D08000 A5=10F300 A6=D0002C PC=C1169A -- C1169A: bmi     $c116b2
D0=3 D1=0 D2=120000 D3=0 D4=FF00FF D5=10000 D6=10000 D7=3F A0=10FD9A A1=10FEEE A2=380001 A3=10FE52 A4=D08000 A5=10F300 A6=D0002C PC=C1169C -- C1169C: beq     $c116a4
D0=3 D1=0 D2=120000 D3=0 D4=FF00FF D5=10000 D6=10000 D7=3F A0=10FD9A A1=10FEEE A2=380001 A3=10FE52 A4=D08000 A5=10F300 A6=D0002C PC=C116A4 -- C116A4: tst.b   ($a80,A5)
D0=3 D1=0 D2=120000 D3=0 D4=FF00FF D5=10000 D6=10000 D7=3F A0=10FD9A A1=10FEEE A2=380001 A3=10FE52 A4=D08000 A5=10F300 A6=D0002C PC=C116A8 -- C116A8: bpl     $c116b2
D0=3 D1=0 D2=120000 D3=0 D4=FF00FF D5=10000 D6=10000 D7=3F A0=10FD9A A1=10FEEE A2=380001 A3=10FE52 A4=D08000 A5=10F300 A6=D0002C PC=C116AA -- C116AA: jsr     ($1c,PC) ; ($c116c8)
D0=3 D1=0 D2=120000 D3=0 D4=FF00FF D5=10000 D6=10000 D7=3F A0=10FD9A A1=10FEEE A2=380001 A3=10FE52 A4=D08000 A5=10F300 A6=D0002C PC=C116C8 -- C116C8: tst.b   ($aaf,A5)
D0=3 D1=0 D2=120000 D3=0 D4=FF00FF D5=10000 D6=10000 D7=3F A0=10FD9A A1=10FEEE A2=380001 A3=10FE52 A4=D08000 A5=10F300 A6=D0002C PC=C116CC -- C116CC: beq     $c11778
D0=3 D1=0 D2=120000 D3=0 D4=FF00FF D5=10000 D6=10000 D7=3F A0=10FD9A A1=10FEEE A2=380001 A3=10FE52 A4=D08000 A5=10F300 A6=D0002C PC=C116D0 -- C116D0: moveq   #$0, D0
D0=0 D1=0 D2=120000 D3=0 D4=FF00FF D5=10000 D6=10000 D7=3F A0=10FD9A A1=10FEEE A2=380001 A3=10FE52 A4=D08000 A5=10F300 A6=D0002C PC=C116D2 -- C116D2: move.b  ($aad,A5), D1
D0=0 D1=0 D2=120000 D3=0 D4=FF00FF D5=10000 D6=10000 D7=3F A0=10FD9A A1=10FEEE A2=380001 A3=10FE52 A4=D08000 A5=10F300 A6=D0002C PC=C116D6 -- C116D6: moveq   #$3, D7
D0=0 D1=0 D2=120000 D3=0 D4=FF00FF D5=10000 D6=10000 D7=3 A0=10FD9A A1=10FEEE A2=380001 A3=10FE52 A4=D08000 A5=10F300 A6=D0002C PC=C116D8 -- C116D8: jmp     $c1bd10.l
D0=0 D1=0 D2=120000 D3=0 D4=FF00FF D5=10000 D6=10000 D7=3 A0=10FD9A A1=10FEEE A2=380001 A3=10FE52 A4=D08000 A5=10F300 A6=D0002C PC=C1BD10 -- C1BD10: add.b   D1, D1
D0=0 D1=0 D2=120000 D3=0 D4=FF00FF D5=10000 D6=10000 D7=3 A0=10FD9A A1=10FEEE A2=380001 A3=10FE52 A4=D08000 A5=10F300 A6=D0002C PC=C1BD12 -- C1BD12: add.b   D1, D1
D0=0 D1=0 D2=120000 D3=0 D4=FF00FF D5=10000 D6=10000 D7=3 A0=10FD9A A1=10FEEE A2=380001 A3=10FE52 A4=D08000 A5=10F300 A6=D0002C PC=C1BD14 -- C1BD14: addx.b  D0, D0
D0=0 D1=0 D2=120000 D3=0 D4=FF00FF D5=10000 D6=10000 D7=3 A0=10FD9A A1=10FEEE A2=380001 A3=10FE52 A4=D08000 A5=10F300 A6=D0002C PC=C1BD16 -- C1BD16: dbra    D7, $c1bd10
D0=0 D1=0 D2=120000 D3=0 D4=FF00FF D5=10000 D6=10000 D7=2 A0=10FD9A A1=10FEEE A2=380001 A3=10FE52 A4=D08000 A5=10F300 A6=D0002C PC=C1BD10 -- C1BD10: add.b   D1, D1
D0=0 D1=0 D2=120000 D3=0 D4=FF00FF D5=10000 D6=10000 D7=2 A0=10FD9A A1=10FEEE A2=380001 A3=10FE52 A4=D08000 A5=10F300 A6=D0002C PC=C1BD12 -- C1BD12: add.b   D1, D1
D0=0 D1=0 D2=120000 D3=0 D4=FF00FF D5=10000 D6=10000 D7=2 A0=10FD9A A1=10FEEE A2=380001 A3=10FE52 A4=D08000 A5=10F300 A6=D0002C PC=C1BD14 -- C1BD14: addx.b  D0, D0
D0=0 D1=0 D2=120000 D3=0 D4=FF00FF D5=10000 D6=10000 D7=2 A0=10FD9A A1=10FEEE A2=380001 A3=10FE52 A4=D08000 A5=10F300 A6=D0002C PC=C1BD16 -- C1BD16: dbra    D7, $c1bd10

   (loops for 8 instructions)

D0=0 D1=0 D2=120000 D3=0 D4=FF00FF D5=10000 D6=10000 D7=FFFF A0=10FD9A A1=10FEEE A2=380001 A3=10FE52 A4=D08000 A5=10F300 A6=D0002C PC=C1BD1A -- C1BD1A: tst.b   ($a82,A5)
D0=0 D1=0 D2=120000 D3=0 D4=FF00FF D5=10000 D6=10000 D7=FFFF A0=10FD9A A1=10FEEE A2=380001 A3=10FE52 A4=D08000 A5=10F300 A6=D0002C PC=C1BD1E -- C1BD1E: beq     $c1bd26
D0=0 D1=0 D2=120000 D3=0 D4=FF00FF D5=10000 D6=10000 D7=FFFF A0=10FD9A A1=10FEEE A2=380001 A3=10FE52 A4=D08000 A5=10F300 A6=D0002C PC=C1BD20 -- C1BD20: jmp     $c116e2.l
D0=0 D1=0 D2=120000 D3=0 D4=FF00FF D5=10000 D6=10000 D7=FFFF A0=10FD9A A1=10FEEE A2=380001 A3=10FE52 A4=D08000 A5=10F300 A6=D0002C PC=C116E2 -- C116E2: tst.b   D0
D0=0 D1=0 D2=120000 D3=0 D4=FF00FF D5=10000 D6=10000 D7=FFFF A0=10FD9A A1=10FEEE A2=380001 A3=10FE52 A4=D08000 A5=10F300 A6=D0002C PC=C116E4 -- C116E4: bne     $c1173a
D0=0 D1=0 D2=120000 D3=0 D4=FF00FF D5=10000 D6=10000 D7=FFFF A0=10FD9A A1=10FEEE A2=380001 A3=10FE52 A4=D08000 A5=10F300 A6=D0002C PC=C116E6 -- C116E6: cmpi.b  #$1, ($aaf,A5)
D0=0 D1=0 D2=120000 D3=0 D4=FF00FF D5=10000 D6=10000 D7=FFFF A0=10FD9A A1=10FEEE A2=380001 A3=10FE52 A4=D08000 A5=10F300 A6=D0002C PC=C116EC -- C116EC: bne     $c11778
D0=0 D1=0 D2=120000 D3=0 D4=FF00FF D5=10000 D6=10000 D7=FFFF A0=10FD9A A1=10FEEE A2=380001 A3=10FE52 A4=D08000 A5=10F300 A6=D0002C PC=C116F0 -- C116F0: tst.w   $10fe00.l
D0=0 D1=0 D2=120000 D3=0 D4=FF00FF D5=10000 D6=10000 D7=FFFF A0=10FD9A A1=10FEEE A2=380001 A3=10FE52 A4=D08000 A5=10F300 A6=D0002C PC=C116F6 -- C116F6: beq     $c11778
D0=0 D1=0 D2=120000 D3=0 D4=FF00FF D5=10000 D6=10000 D7=FFFF A0=10FD9A A1=10FEEE A2=380001 A3=10FE52 A4=D08000 A5=10F300 A6=D0002C PC=C116FA -- C116FA: tst.b   $10fe59.l
D0=0 D1=0 D2=120000 D3=0 D4=FF00FF D5=10000 D6=10000 D7=FFFF A0=10FD9A A1=10FEEE A2=380001 A3=10FE52 A4=D08000 A5=10F300 A6=D0002C PC=C11700 -- C11700: bne     $c11778
D0=0 D1=0 D2=120000 D3=0 D4=FF00FF D5=10000 D6=10000 D7=FFFF A0=10FD9A A1=10FEEE A2=380001 A3=10FE52 A4=D08000 A5=10F300 A6=D0002C PC=C11704 -- C11704: move.b  ($ada,A5), D1
D0=0 D1=29 D2=120000 D3=0 D4=FF00FF D5=10000 D6=10000 D7=FFFF A0=10FD9A A1=10FEEE A2=380001 A3=10FE52 A4=D08000 A5=10F300 A6=D0002C PC=C11708 -- C11708: beq     $c11728
D0=0 D1=29 D2=120000 D3=0 D4=FF00FF D5=10000 D6=10000 D7=FFFF A0=10FD9A A1=10FEEE A2=380001 A3=10FE52 A4=D08000 A5=10F300 A6=D0002C PC=C1170C -- C1170C: subq.b  #1, ($adb,A5)
D0=0 D1=29 D2=120000 D3=0 D4=FF00FF D5=10000 D6=10000 D7=FFFF A0=10FD9A A1=10FEEE A2=380001 A3=10FE52 A4=D08000 A5=10F300 A6=D0002C PC=C11710 -- C11710: bpl     $c11778
D0=0 D1=29 D2=120000 D3=0 D4=FF00FF D5=10000 D6=10000 D7=FFFF A0=10FD9A A1=10FEEE A2=380001 A3=10FE52 A4=D08000 A5=10F300 A6=D0002C PC=C11778 -- C11778: rts
D0=0 D1=29 D2=120000 D3=0 D4=FF00FF D5=10000 D6=10000 D7=FFFF A0=10FD9A A1=10FEEE A2=380001 A3=10FE52 A4=D08000 A5=10F300 A6=D0002C PC=C116AE -- C116AE: jsr     ($18c,PC) ; ($c1183c)
D0=0 D1=29 D2=120000 D3=0 D4=FF00FF D5=10000 D6=10000 D7=FFFF A0=10FD9A A1=10FEEE A2=380001 A3=10FE52 A4=D08000 A5=10F300 A6=D0002C PC=C1183C -- C1183C: jmp     $c1bd68.l
D0=0 D1=29 D2=120000 D3=0 D4=FF00FF D5=10000 D6=10000 D7=FFFF A0=10FD9A A1=10FEEE A2=380001 A3=10FE52 A4=D08000 A5=10F300 A6=D0002C PC=C1BD68 -- C1BD68: btst    #$2, $10fe35.l
D0=0 D1=29 D2=120000 D3=0 D4=FF00FF D5=10000 D6=10000 D7=FFFF A0=10FD9A A1=10FEEE A2=380001 A3=10FE52 A4=D08000 A5=10F300 A6=D0002C PC=C1BD70 -- C1BD70: beq     $c1bd78
D0=0 D1=29 D2=120000 D3=0 D4=FF00FF D5=10000 D6=10000 D7=FFFF A0=10FD9A A1=10FEEE A2=380001 A3=10FE52 A4=D08000 A5=10F300 A6=D0002C PC=C1BD78 -- C1BD78: tst.b   ($bbb,A5)
D0=0 D1=29 D2=120000 D3=0 D4=FF00FF D5=10000 D6=10000 D7=FFFF A0=10FD9A A1=10FEEE A2=380001 A3=10FE52 A4=D08000 A5=10F300 A6=D0002C PC=C1BD7C -- C1BD7C: bne     $c1bd86
D0=0 D1=29 D2=120000 D3=0 D4=FF00FF D5=10000 D6=10000 D7=FFFF A0=10FD9A A1=10FEEE A2=380001 A3=10FE52 A4=D08000 A5=10F300 A6=D0002C PC=C1BD7E -- C1BD7E: move.b  #$ff, $380031.l
D0=0 D1=29 D2=120000 D3=0 D4=FF00FF D5=10000 D6=10000 D7=FFFF A0=10FD9A A1=10FEEE A2=380001 A3=10FE52 A4=D08000 A5=10F300 A6=D0002C PC=C1BD86 -- C1BD86: jmp     $c1184a.l
D0=0 D1=29 D2=120000 D3=0 D4=FF00FF D5=10000 D6=10000 D7=FFFF A0=10FD9A A1=10FEEE A2=380001 A3=10FE52 A4=D08000 A5=10F300 A6=D0002C PC=C1184A -- C1184A: tst.b   ($be1,A5)
D0=0 D1=29 D2=120000 D3=0 D4=FF00FF D5=10000 D6=10000 D7=FFFF A0=10FD9A A1=10FEEE A2=380001 A3=10FE52 A4=D08000 A5=10F300 A6=D0002C PC=C1184E -- C1184E: bne     $c118c8
D0=0 D1=29 D2=120000 D3=0 D4=FF00FF D5=10000 D6=10000 D7=FFFF A0=10FD9A A1=10FEEE A2=380001 A3=10FE52 A4=D08000 A5=10F300 A6=D0002C PC=C11852 -- C11852: move.b  ($aaf,A5), D0
D0=1 D1=29 D2=120000 D3=0 D4=FF00FF D5=10000 D6=10000 D7=FFFF A0=10FD9A A1=10FEEE A2=380001 A3=10FE52 A4=D08000 A5=10F300 A6=D0002C PC=C11856 -- C11856: cmpi.b  #$1, D0
D0=1 D1=29 D2=120000 D3=0 D4=FF00FF D5=10000 D6=10000 D7=FFFF A0=10FD9A A1=10FEEE A2=380001 A3=10FE52 A4=D08000 A5=10F300 A6=D0002C PC=C1185A -- C1185A: bne     $c118c8
D0=1 D1=29 D2=120000 D3=0 D4=FF00FF D5=10000 D6=10000 D7=FFFF A0=10FD9A A1=10FEEE A2=380001 A3=10FE52 A4=D08000 A5=10F300 A6=D0002C PC=C1185E -- C1185E: tst.b   ($be0,A5)
D0=1 D1=29 D2=120000 D3=0 D4=FF00FF D5=10000 D6=10000 D7=FFFF A0=10FD9A A1=10FEEE A2=380001 A3=10FE52 A4=D08000 A5=10F300 A6=D0002C PC=C11862 -- C11862: bne     $c118ae
D0=1 D1=29 D2=120000 D3=0 D4=FF00FF D5=10000 D6=10000 D7=FFFF A0=10FD9A A1=10FEEE A2=380001 A3=10FE52 A4=D08000 A5=10F300 A6=D0002C PC=C11866 -- C11866: tst.w   $10fe00.l
D0=1 D1=29 D2=120000 D3=0 D4=FF00FF D5=10000 D6=10000 D7=FFFF A0=10FD9A A1=10FEEE A2=380001 A3=10FE52 A4=D08000 A5=10F300 A6=D0002C PC=C1186C -- C1186C: beq     $c11888
D0=1 D1=29 D2=120000 D3=0 D4=FF00FF D5=10000 D6=10000 D7=FFFF A0=10FD9A A1=10FEEE A2=380001 A3=10FE52 A4=D08000 A5=10F300 A6=D0002C PC=C1186E -- C1186E: tst.b   ($bc5,A5)
D0=1 D1=29 D2=120000 D3=0 D4=FF00FF D5=10000 D6=10000 D7=FFFF A0=10FD9A A1=10FEEE A2=380001 A3=10FE52 A4=D08000 A5=10F300 A6=D0002C PC=C11872 -- C11872: bne     $c11888
D0=1 D1=29 D2=120000 D3=0 D4=FF00FF D5=10000 D6=10000 D7=FFFF A0=10FD9A A1=10FEEE A2=380001 A3=10FE52 A4=D08000 A5=10F300 A6=D0002C PC=C11888 -- C11888: tst.w   $10fe5e.l
D0=1 D1=29 D2=120000 D3=0 D4=FF00FF D5=10000 D6=10000 D7=FFFF A0=10FD9A A1=10FEEE A2=380001 A3=10FE52 A4=D08000 A5=10F300 A6=D0002C PC=C1188E -- C1188E: bne     $c118a2
D0=1 D1=29 D2=120000 D3=0 D4=FF00FF D5=10000 D6=10000 D7=FFFF A0=10FD9A A1=10FEEE A2=380001 A3=10FE52 A4=D08000 A5=10F300 A6=D0002C PC=C11890 -- C11890: tst.b   $10fe58.l
D0=1 D1=29 D2=120000 D3=0 D4=FF00FF D5=10000 D6=10000 D7=FFFF A0=10FD9A A1=10FEEE A2=380001 A3=10FE52 A4=D08000 A5=10F300 A6=D0002C PC=C11896 -- C11896: bne     $c118a2
D0=1 D1=29 D2=120000 D3=0 D4=FF00FF D5=10000 D6=10000 D7=FFFF A0=10FD9A A1=10FEEE A2=380001 A3=10FE52 A4=D08000 A5=10F300 A6=D0002C PC=C11898 -- C11898: tst.w   $10fe00.l
D0=1 D1=29 D2=120000 D3=0 D4=FF00FF D5=10000 D6=10000 D7=FFFF A0=10FD9A A1=10FEEE A2=380001 A3=10FE52 A4=D08000 A5=10F300 A6=D0002C PC=C1189E -- C1189E: beq     $c118c8
D0=1 D1=29 D2=120000 D3=0 D4=FF00FF D5=10000 D6=10000 D7=FFFF A0=10FD9A A1=10FEEE A2=380001 A3=10FE52 A4=D08000 A5=10F300 A6=D0002C PC=C118A2 -- C118A2: move.b  ($bdd,A5), D0
D0=0 D1=29 D2=120000 D3=0 D4=FF00FF D5=10000 D6=10000 D7=FFFF A0=10FD9A A1=10FEEE A2=380001 A3=10FE52 A4=D08000 A5=10F300 A6=D0002C PC=C118A6 -- C118A6: andi.b  #$a, D0
D0=0 D1=29 D2=120000 D3=0 D4=FF00FF D5=10000 D6=10000 D7=FFFF A0=10FD9A A1=10FEEE A2=380001 A3=10FE52 A4=D08000 A5=10F300 A6=D0002C PC=C118AA -- C118AA: beq     $c118c8
D0=0 D1=29 D2=120000 D3=0 D4=FF00FF D5=10000 D6=10000 D7=FFFF A0=10FD9A A1=10FEEE A2=380001 A3=10FE52 A4=D08000 A5=10F300 A6=D0002C PC=C118C8 -- C118C8: rts
D0=0 D1=29 D2=120000 D3=0 D4=FF00FF D5=10000 D6=10000 D7=FFFF A0=10FD9A A1=10FEEE A2=380001 A3=10FE52 A4=D08000 A5=10F300 A6=D0002C PC=C116B2 -- C116B2: tst.b   ($a82,A5)
D0=0 D1=29 D2=120000 D3=0 D4=FF00FF D5=10000 D6=10000 D7=FFFF A0=10FD9A A1=10FEEE A2=380001 A3=10FE52 A4=D08000 A5=10F300 A6=D0002C PC=C116B6 -- C116B6: beq     $c116c4
D0=0 D1=29 D2=120000 D3=0 D4=FF00FF D5=10000 D6=10000 D7=FFFF A0=10FD9A A1=10FEEE A2=380001 A3=10FE52 A4=D08000 A5=10F300 A6=D0002C PC=C116B8 -- C116B8: cmpi.b  #$2, ($aaf,A5)
D0=0 D1=29 D2=120000 D3=0 D4=FF00FF D5=10000 D6=10000 D7=FFFF A0=10FD9A A1=10FEEE A2=380001 A3=10FE52 A4=D08000 A5=10F300 A6=D0002C PC=C116BE -- C116BE: bne     $c116c4
D0=0 D1=29 D2=120000 D3=0 D4=FF00FF D5=10000 D6=10000 D7=FFFF A0=10FD9A A1=10FEEE A2=380001 A3=10FE52 A4=D08000 A5=10F300 A6=D0002C PC=C116C4 -- C116C4: rts
D0=0 D1=29 D2=120000 D3=0 D4=FF00FF D5=10000 D6=10000 D7=FFFF A0=10FD9A A1=10FEEE A2=380001 A3=10FE52 A4=D08000 A5=10F300 A6=D0002C PC=32BF4 -- 032BF4: lea     $108000.l, A5
D0=0 D1=29 D2=120000 D3=0 D4=FF00FF D5=10000 D6=10000 D7=FFFF A0=10FD9A A1=10FEEE A2=380001 A3=10FE52 A4=D08000 A5=108000 A6=D0002C PC=32BFA -- 032BFA: jsr     $4abc0.l
D0=0 D1=29 D2=120000 D3=0 D4=FF00FF D5=10000 D6=10000 D7=FFFF A0=10FD9A A1=10FEEE A2=380001 A3=10FE52 A4=D08000 A5=108000 A6=D0002C PC=4ABC0 -- 04ABC0: btst    #$0, (-$7fff,A5)
D0=0 D1=29 D2=120000 D3=0 D4=FF00FF D5=10000 D6=10000 D7=FFFF A0=10FD9A A1=10FEEE A2=380001 A3=10FE52 A4=D08000 A5=108000 A6=D0002C PC=4ABC6 -- 04ABC6: bne     $4abd6
D0=0 D1=29 D2=120000 D3=0 D4=FF00FF D5=10000 D6=10000 D7=FFFF A0=10FD9A A1=10FEEE A2=380001 A3=10FE52 A4=D08000 A5=108000 A6=D0002C PC=4ABCA -- 04ABCA: tst.b   ($569a,A5)
D0=0 D1=29 D2=120000 D3=0 D4=FF00FF D5=10000 D6=10000 D7=FFFF A0=10FD9A A1=10FEEE A2=380001 A3=10FE52 A4=D08000 A5=108000 A6=D0002C PC=4ABCE -- 04ABCE: bmi     $4ade6
D0=0 D1=29 D2=120000 D3=0 D4=FF00FF D5=10000 D6=10000 D7=FFFF A0=10FD9A A1=10FEEE A2=380001 A3=10FE52 A4=D08000 A5=108000 A6=D0002C PC=4ABD2 -- 04ABD2: bra     $4adf0
D0=0 D1=29 D2=120000 D3=0 D4=FF00FF D5=10000 D6=10000 D7=FFFF A0=10FD9A A1=10FEEE A2=380001 A3=10FE52 A4=D08000 A5=108000 A6=D0002C PC=4ADF0 -- 04ADF0: rts
D0=0 D1=29 D2=120000 D3=0 D4=FF00FF D5=10000 D6=10000 D7=FFFF A0=10FD9A A1=10FEEE A2=380001 A3=10FE52 A4=D08000 A5=108000 A6=D0002C PC=32C00 -- 032C00: jsr     $4b3a6.l
D0=0 D1=29 D2=120000 D3=0 D4=FF00FF D5=10000 D6=10000 D7=FFFF A0=10FD9A A1=10FEEE A2=380001 A3=10FE52 A4=D08000 A5=108000 A6=D0002C PC=4B3A6 -- 04B3A6: tst.w   ($569c,A5)
D0=0 D1=29 D2=120000 D3=0 D4=FF00FF D5=10000 D6=10000 D7=FFFF A0=10FD9A A1=10FEEE A2=380001 A3=10FE52 A4=D08000 A5=108000 A6=D0002C PC=4B3AA -- 04B3AA: bne     $4b3b4
D0=0 D1=29 D2=120000 D3=0 D4=FF00FF D5=10000 D6=10000 D7=FFFF A0=10FD9A A1=10FEEE A2=380001 A3=10FE52 A4=D08000 A5=108000 A6=D0002C PC=4B3AE -- 04B3AE: clr.w   ($569e,A5)
D0=0 D1=29 D2=120000 D3=0 D4=FF00FF D5=10000 D6=10000 D7=FFFF A0=10FD9A A1=10FEEE A2=380001 A3=10FE52 A4=D08000 A5=108000 A6=D0002C PC=4B3B2 -- 04B3B2: rts
D0=0 D1=29 D2=120000 D3=0 D4=FF00FF D5=10000 D6=10000 D7=FFFF A0=10FD9A A1=10FEEE A2=380001 A3=10FE52 A4=D08000 A5=108000 A6=D0002C PC=32C06 -- 032C06: move.b  #$1, ($784,A5)
D0=0 D1=29 D2=120000 D3=0 D4=FF00FF D5=10000 D6=10000 D7=FFFF A0=10FD9A A1=10FEEE A2=380001 A3=10FE52 A4=D08000 A5=108000 A6=D0002C PC=32C0C -- 032C0C: bsr     $32e40
D0=0 D1=29 D2=120000 D3=0 D4=FF00FF D5=10000 D6=10000 D7=FFFF A0=10FD9A A1=10FEEE A2=380001 A3=10FE52 A4=D08000 A5=108000 A6=D0002C PC=32E40 -- 032E40: btst    #$7, (-$8000,A5)
D0=0 D1=29 D2=120000 D3=0 D4=FF00FF D5=10000 D6=10000 D7=FFFF A0=10FD9A A1=10FEEE A2=380001 A3=10FE52 A4=D08000 A5=108000 A6=D0002C PC=32E46 -- 032E46: bne     $32e6a
D0=0 D1=29 D2=120000 D3=0 D4=FF00FF D5=10000 D6=10000 D7=FFFF A0=10FD9A A1=10FEEE A2=380001 A3=10FE52 A4=D08000 A5=108000 A6=D0002C PC=32E4A -- 032E4A: tst.b   $10fd82.l
D0=0 D1=29 D2=120000 D3=0 D4=FF00FF D5=10000 D6=10000 D7=FFFF A0=10FD9A A1=10FEEE A2=380001 A3=10FE52 A4=D08000 A5=108000 A6=D0002C PC=32E50 -- 032E50: bne     $32ea4
D0=0 D1=29 D2=120000 D3=0 D4=FF00FF D5=10000 D6=10000 D7=FFFF A0=10FD9A A1=10FEEE A2=380001 A3=10FE52 A4=D08000 A5=108000 A6=D0002C PC=32EA4 -- 032EA4: rts
D0=0 D1=29 D2=120000 D3=0 D4=FF00FF D5=10000 D6=10000 D7=FFFF A0=10FD9A A1=10FEEE A2=380001 A3=10FE52 A4=D08000 A5=108000 A6=D0002C PC=32C10 -- 032C10: tst.b   ($786,A5)
D0=0 D1=29 D2=120000 D3=0 D4=FF00FF D5=10000 D6=10000 D7=FFFF A0=10FD9A A1=10FEEE A2=380001 A3=10FE52 A4=D08000 A5=108000 A6=D0002C PC=32C14 -- 032C14: bpl     $32c1e
D0=0 D1=29 D2=120000 D3=0 D4=FF00FF D5=10000 D6=10000 D7=FFFF A0=10FD9A A1=10FEEE A2=380001 A3=10FE52 A4=D08000 A5=108000 A6=D0002C PC=32C1E -- 032C1E: move.w  ($3a6a,A5), $3c0008.l
D0=0 D1=29 D2=120000 D3=0 D4=FF00FF D5=10000 D6=10000 D7=FFFF A0=10FD9A A1=10FEEE A2=380001 A3=10FE52 A4=D08000 A5=108000 A6=D0002C PC=32C26 -- 032C26: move.w  ($3a6c,A5), $3c000a.l
D0=0 D1=29 D2=120000 D3=0 D4=FF00FF D5=10000 D6=10000 D7=FFFF A0=10FD9A A1=10FEEE A2=380001 A3=10FE52 A4=D08000 A5=108000 A6=D0002C PC=32C2E -- 032C2E: move.w  #$e0, ($3a68,A5)
D0=0 D1=29 D2=120000 D3=0 D4=FF00FF D5=10000 D6=10000 D7=FFFF A0=10FD9A A1=10FEEE A2=380001 A3=10FE52 A4=D08000 A5=108000 A6=D0002C PC=32C34 -- 032C34: movem.l (A7)+, D0-D7/A0-A6
D0=3C0040 D1=E4A2 D2=0 D3=FFFF D4=16405000 D5=84598540 D6=84598540 D7=FFFF A0=108910 A1=102100 A2=F7588 A3=108F4A A4=20F129C A5=108000 A6=108E74 PC=32C38 -- 032C38: rte
D0=3C0040 D1=E4A2 D2=0 D3=FFFF D4=16405000 D5=84598540 D6=84598540 D7=FFFF A0=108910 A1=102100 A2=F7588 A3=108F4A A4=20F129C A5=108000 A6=108E74 PC=32EB6 -- 032EB6: bne     $32f16
D0=3C0040 D1=E4A2 D2=0 D3=FFFF D4=16405000 D5=84598540 D6=84598540 D7=FFFF A0=108910 A1=102100 A2=F7588 A3=108F4A A4=20F129C A5=108000 A6=108E74 PC=32F16 -- 032F16: rts
D0=3C0040 D1=E4A2 D2=0 D3=FFFF D4=16405000 D5=84598540 D6=84598540 D7=FFFF A0=108910 A1=102100 A2=F7588 A3=108F4A A4=20F129C A5=108000 A6=108E74 PC=329D6 -- 0329D6: nop
D0=3C0040 D1=E4A2 D2=0 D3=FFFF D4=16405000 D5=84598540 D6=84598540 D7=FFFF A0=108910 A1=102100 A2=F7588 A3=108F4A A4=20F129C A5=108000 A6=108E74 PC=329D8 -- 0329D8: tst.b   ($784,A5)
D0=3C0040 D1=E4A2 D2=0 D3=FFFF D4=16405000 D5=84598540 D6=84598540 D7=FFFF A0=108910 A1=102100 A2=F7588 A3=108F4A A4=20F129C A5=108000 A6=108E74 PC=329DC -- 0329DC: beq     $329d2
D0=3C0040 D1=E4A2 D2=0 D3=FFFF D4=16405000 D5=84598540 D6=84598540 D7=FFFF A0=108910 A1=102100 A2=F7588 A3=108F4A A4=20F129C A5=108000 A6=108E74 PC=329DE -- 0329DE: bsr     $32c8a
D0=3C0040 D1=E4A2 D2=0 D3=FFFF D4=16405000 D5=84598540 D6=84598540 D7=FFFF A0=108910 A1=102100 A2=F7588 A3=108F4A A4=20F129C A5=108000 A6=108E74 PC=32C8A -- 032C8A: move.b  $300000.l, D0
D0=3C00FF D1=E4A2 D2=0 D3=FFFF D4=16405000 D5=84598540 D6=84598540 D7=FFFF A0=108910 A1=102100 A2=F7588 A3=108F4A A4=20F129C A5=108000 A6=108E74 PC=32C90 -- 032C90: move.b  $340000.l, D3
D0=3C00FF D1=E4A2 D2=0 D3=FFFF D4=16405000 D5=84598540 D6=84598540 D7=FFFF A0=108910 A1=102100 A2=F7588 A3=108F4A A4=20F129C A5=108000 A6=108E74 PC=32C96 -- 032C96: not.b   D0
D0=3C0000 D1=E4A2 D2=0 D3=FFFF D4=16405000 D5=84598540 D6=84598540 D7=FFFF A0=108910 A1=102100 A2=F7588 A3=108F4A A4=20F129C A5=108000 A6=108E74 PC=32C98 -- 032C98: move.b  ($39c4,A5), D1
D0=3C0000 D1=E400 D2=0 D3=FFFF D4=16405000 D5=84598540 D6=84598540 D7=FFFF A0=108910 A1=102100 A2=F7588 A3=108F4A A4=20F129C A5=108000 A6=108E74 PC=32C9C -- 032C9C: move.b  D0, ($39c4,A5)
D0=3C0000 D1=E400 D2=0 D3=FFFF D4=16405000 D5=84598540 D6=84598540 D7=FFFF A0=108910 A1=102100 A2=F7588 A3=108F4A A4=20F129C A5=108000 A6=108E74 PC=32CA0 -- 032CA0: move.b  D1, ($39c7,A5)
D0=3C0000 D1=E400 D2=0 D3=FFFF D4=16405000 D5=84598540 D6=84598540 D7=FFFF A0=108910 A1=102100 A2=F7588 A3=108F4A A4=20F129C A5=108000 A6=108E74 PC=32CA4 -- 032CA4: move.b  D1, D2
D0=3C0000 D1=E400 D2=0 D3=FFFF D4=16405000 D5=84598540 D6=84598540 D7=FFFF A0=108910 A1=102100 A2=F7588 A3=108F4A A4=20F129C A5=108000 A6=108E74 PC=32CA6 -- 032CA6: and.b   D0, D1
D0=3C0000 D1=E400 D2=0 D3=FFFF D4=16405000 D5=84598540 D6=84598540 D7=FFFF A0=108910 A1=102100 A2=F7588 A3=108F4A A4=20F129C A5=108000 A6=108E74 PC=32CA8 -- 032CA8: move.b  D1, ($39ca,A5)
D0=3C0000 D1=E400 D2=0 D3=FFFF D4=16405000 D5=84598540 D6=84598540 D7=FFFF A0=108910 A1=102100 A2=F7588 A3=108F4A A4=20F129C A5=108000 A6=108E74 PC=32CAC -- 032CAC: move.b  D2, D1
D0=3C0000 D1=E400 D2=0 D3=FFFF D4=16405000 D5=84598540 D6=84598540 D7=FFFF A0=108910 A1=102100 A2=F7588 A3=108F4A A4=20F129C A5=108000 A6=108E74 PC=32CAE -- 032CAE: eor.b   D0, D1
D0=3C0000 D1=E400 D2=0 D3=FFFF D4=16405000 D5=84598540 D6=84598540 D7=FFFF A0=108910 A1=102100 A2=F7588 A3=108F4A A4=20F129C A5=108000 A6=108E74 PC=32CB0 -- 032CB0: and.b   D1, D2
D0=3C0000 D1=E400 D2=0 D3=FFFF D4=16405000 D5=84598540 D6=84598540 D7=FFFF A0=108910 A1=102100 A2=F7588 A3=108F4A A4=20F129C A5=108000 A6=108E74 PC=32CB2 -- 032CB2: move.b  D2, ($39cc,A5)
D0=3C0000 D1=E400 D2=0 D3=FFFF D4=16405000 D5=84598540 D6=84598540 D7=FFFF A0=108910 A1=102100 A2=F7588 A3=108F4A A4=20F129C A5=108000 A6=108E74 PC=32CB6 -- 032CB6: lea     ($39cf,A5), A0
D0=3C0000 D1=E400 D2=0 D3=FFFF D4=16405000 D5=84598540 D6=84598540 D7=FFFF A0=10B9CF A1=102100 A2=F7588 A3=108F4A A4=20F129C A5=108000 A6=108E74 PC=32CBA -- 032CBA: and.b   D1, D0
D0=3C0000 D1=E400 D2=0 D3=FFFF D4=16405000 D5=84598540 D6=84598540 D7=FFFF A0=10B9CF A1=102100 A2=F7588 A3=108F4A A4=20F129C A5=108000 A6=108E74 PC=32CBC -- 032CBC: move.b  ($1,A0), ($39cb,A5)
D0=3C0000 D1=E400 D2=0 D3=FFFF D4=16405000 D5=84598540 D6=84598540 D7=FFFF A0=10B9CF A1=102100 A2=F7588 A3=108F4A A4=20F129C A5=108000 A6=108E74 PC=32CC2 -- 032CC2: move.b  ($2,A0), ($1,A0)
D0=3C0000 D1=E400 D2=0 D3=FFFF D4=16405000 D5=84598540 D6=84598540 D7=FFFF A0=10B9CF A1=102100 A2=F7588 A3=108F4A A4=20F129C A5=108000 A6=108E74 PC=32CC8 -- 032CC8: move.b  ($3,A0), ($2,A0)
D0=3C0000 D1=E400 D2=0 D3=FFFF D4=16405000 D5=84598540 D6=84598540 D7=FFFF A0=10B9CF A1=102100 A2=F7588 A3=108F4A A4=20F129C A5=108000 A6=108E74 PC=32CCE -- 032CCE: move.b  ($4,A0), ($3,A0)
D0=3C0000 D1=E400 D2=0 D3=FFFF D4=16405000 D5=84598540 D6=84598540 D7=FFFF A0=10B9CF A1=102100 A2=F7588 A3=108F4A A4=20F129C A5=108000 A6=108E74 PC=32CD4 -- 032CD4: move.b  D0, ($4,A0)
D0=3C0000 D1=E400 D2=0 D3=FFFF D4=16405000 D5=84598540 D6=84598540 D7=FFFF A0=10B9CF A1=102100 A2=F7588 A3=108F4A A4=20F129C A5=108000 A6=108E74 PC=32CD8 -- 032CD8: or.b    ($1,A0), D0
D0=3C0000 D1=E400 D2=0 D3=FFFF D4=16405000 D5=84598540 D6=84598540 D7=FFFF A0=10B9CF A1=102100 A2=F7588 A3=108F4A A4=20F129C A5=108000 A6=108E74 PC=32CDC -- 032CDC: or.b    ($2,A0), D0
D0=3C0000 D1=E400 D2=0 D3=FFFF D4=16405000 D5=84598540 D6=84598540 D7=FFFF A0=10B9CF A1=102100 A2=F7588 A3=108F4A A4=20F129C A5=108000 A6=108E74 PC=32CE0 -- 032CE0: or.b    ($3,A0), D0
D0=3C0000 D1=E400 D2=0 D3=FFFF D4=16405000 D5=84598540 D6=84598540 D7=FFFF A0=10B9CF A1=102100 A2=F7588 A3=108F4A A4=20F129C A5=108000 A6=108E74 PC=32CE4 -- 032CE4: move.b  D0, (A0)
D0=3C0000 D1=E400 D2=0 D3=FFFF D4=16405000 D5=84598540 D6=84598540 D7=FFFF A0=10B9CF A1=102100 A2=F7588 A3=108F4A A4=20F129C A5=108000 A6=108E74 PC=32CE6 -- 032CE6: lea     ($39d7,A5), A0
D0=3C0000 D1=E400 D2=0 D3=FFFF D4=16405000 D5=84598540 D6=84598540 D7=FFFF A0=10B9D7 A1=102100 A2=F7588 A3=108F4A A4=20F129C A5=108000 A6=108E74 PC=32CEA -- 032CEA: lea     ($39cd,A5), A1
D0=3C0000 D1=E400 D2=0 D3=FFFF D4=16405000 D5=84598540 D6=84598540 D7=FFFF A0=10B9D7 A1=10B9CD A2=F7588 A3=108F4A A4=20F129C A5=108000 A6=108E74 PC=32CEE -- 032CEE: move.b  ($39ca,A5), D0
D0=3C0000 D1=E400 D2=0 D3=FFFF D4=16405000 D5=84598540 D6=84598540 D7=FFFF A0=10B9D7 A1=10B9CD A2=F7588 A3=108F4A A4=20F129C A5=108000 A6=108E74 PC=32CF2 -- 032CF2: bsr     $32e08
D0=3C0000 D1=E400 D2=0 D3=FFFF D4=16405000 D5=84598540 D6=84598540 D7=FFFF A0=10B9D7 A1=10B9CD A2=F7588 A3=108F4A A4=20F129C A5=108000 A6=108E74 PC=32E08 -- 032E08: moveq   #$7, D1
D0=3C0000 D1=7 D2=0 D3=FFFF D4=16405000 D5=84598540 D6=84598540 D7=FFFF A0=10B9D7 A1=10B9CD A2=F7588 A3=108F4A A4=20F129C A5=108000 A6=108E74 PC=32E0A -- 032E0A: move.b  (-$2,A1), (A1)
D0=3C0000 D1=7 D2=0 D3=FFFF D4=16405000 D5=84598540 D6=84598540 D7=FFFF A0=10B9D7 A1=10B9CD A2=F7588 A3=108F4A A4=20F129C A5=108000 A6=108E74 PC=32E0E -- 032E0E: addq.b  #1, (A0)+
D0=3C0000 D1=7 D2=0 D3=FFFF D4=16405000 D5=84598540 D6=84598540 D7=FFFF A0=10B9D8 A1=10B9CD A2=F7588 A3=108F4A A4=20F129C A5=108000 A6=108E74 PC=32E10 -- 032E10: bne     $32e18
D0=3C0000 D1=7 D2=0 D3=FFFF D4=16405000 D5=84598540 D6=84598540 D7=FFFF A0=10B9D8 A1=10B9CD A2=F7588 A3=108F4A A4=20F129C A5=108000 A6=108E74 PC=32E18 -- 032E18: rol.b   #1, D0
D0=3C0000 D1=7 D2=0 D3=FFFF D4=16405000 D5=84598540 D6=84598540 D7=FFFF A0=10B9D8 A1=10B9CD A2=F7588 A3=108F4A A4=20F129C A5=108000 A6=108E74 PC=32E1A -- 032E1A: bcs     $32e20
D0=3C0000 D1=7 D2=0 D3=FFFF D4=16405000 D5=84598540 D6=84598540 D7=FFFF A0=10B9D8 A1=10B9CD A2=F7588 A3=108F4A A4=20F129C A5=108000 A6=108E74 PC=32E1C -- 032E1C: clr.b   (-$1,A0)
D0=3C0000 D1=7 D2=0 D3=FFFF D4=16405000 D5=84598540 D6=84598540 D7=FFFF A0=10B9D8 A1=10B9CD A2=F7588 A3=108F4A A4=20F129C A5=108000 A6=108E74 PC=32E20 -- 032E20: move.b  (-$1,A0), D5
D0=3C0000 D1=7 D2=0 D3=FFFF D4=16405000 D5=84598540 D6=84598540 D7=FFFF A0=10B9D8 A1=10B9CD A2=F7588 A3=108F4A A4=20F129C A5=108000 A6=108E74 PC=32E24 -- 032E24: cmp.b   ($3a05,A5), D5
D0=3C0000 D1=7 D2=0 D3=FFFF D4=16405000 D5=84598540 D6=84598540 D7=FFFF A0=10B9D8 A1=10B9CD A2=F7588 A3=108F4A A4=20F129C A5=108000 A6=108E74 PC=32E28 -- 032E28: bls     $32e3a
D0=3C0000 D1=7 D2=0 D3=FFFF D4=16405000 D5=84598540 D6=84598540 D7=FFFF A0=10B9D8 A1=10B9CD A2=F7588 A3=108F4A A4=20F129C A5=108000 A6=108E74 PC=32E3A -- 032E3A: dbra    D1, $32e0e
D0=3C0000 D1=6 D2=0 D3=FFFF D4=16405000 D5=84598540 D6=84598540 D7=FFFF A0=10B9D8 A1=10B9CD A2=F7588 A3=108F4A A4=20F129C A5=108000 A6=108E74 PC=32E0E -- 032E0E: addq.b  #1, (A0)+
D0=3C0000 D1=6 D2=0 D3=FFFF D4=16405000 D5=84598540 D6=84598540 D7=FFFF A0=10B9D9 A1=10B9CD A2=F7588 A3=108F4A A4=20F129C A5=108000 A6=108E74 PC=32E10 -- 032E10: bne     $32e18
D0=3C0000 D1=6 D2=0 D3=FFFF D4=16405000 D5=84598540 D6=84598540 D7=FFFF A0=10B9D9 A1=10B9CD A2=F7588 A3=108F4A A4=20F129C A5=108000 A6=108E74 PC=32E18 -- 032E18: rol.b   #1, D0
D0=3C0000 D1=6 D2=0 D3=FFFF D4=16405000 D5=84598540 D6=84598540 D7=FFFF A0=10B9D9 A1=10B9CD A2=F7588 A3=108F4A A4=20F129C A5=108000 A6=108E74 PC=32E1A -- 032E1A: bcs     $32e20
D0=3C0000 D1=6 D2=0 D3=FFFF D4=16405000 D5=84598540 D6=84598540 D7=FFFF A0=10B9D9 A1=10B9CD A2=F7588 A3=108F4A A4=20F129C A5=108000 A6=108E74 PC=32E1C -- 032E1C: clr.b   (-$1,A0)
D0=3C0000 D1=6 D2=0 D3=FFFF D4=16405000 D5=84598540 D6=84598540 D7=FFFF A0=10B9D9 A1=10B9CD A2=F7588 A3=108F4A A4=20F129C A5=108000 A6=108E74 PC=32E20 -- 032E20: move.b  (-$1,A0), D5
D0=3C0000 D1=6 D2=0 D3=FFFF D4=16405000 D5=84598540 D6=84598540 D7=FFFF A0=10B9D9 A1=10B9CD A2=F7588 A3=108F4A A4=20F129C A5=108000 A6=108E74 PC=32E24 -- 032E24: cmp.b   ($3a05,A5), D5
D0=3C0000 D1=6 D2=0 D3=FFFF D4=16405000 D5=84598540 D6=84598540 D7=FFFF A0=10B9D9 A1=10B9CD A2=F7588 A3=108F4A A4=20F129C A5=108000 A6=108E74 PC=32E28 -- 032E28: bls     $32e3a
D0=3C0000 D1=6 D2=0 D3=FFFF D4=16405000 D5=84598540 D6=84598540 D7=FFFF A0=10B9D9 A1=10B9CD A2=F7588 A3=108F4A A4=20F129C A5=108000 A6=108E74 PC=32E3A -- 032E3A: dbra    D1, $32e0e

   (loops for 54 instructions)

D0=3C0000 D1=FFFF D2=0 D3=FFFF D4=16405000 D5=84598540 D6=84598540 D7=FFFF A0=10B9DF A1=10B9CD A2=F7588 A3=108F4A A4=20F129C A5=108000 A6=108E74 PC=32E3E -- 032E3E: rts
D0=3C0000 D1=FFFF D2=0 D3=FFFF D4=16405000 D5=84598540 D6=84598540 D7=FFFF A0=10B9DF A1=10B9CD A2=F7588 A3=108F4A A4=20F129C A5=108000 A6=108E74 PC=32CF6 -- 032CF6: move.b  D3, D0
D0=3C00FF D1=FFFF D2=0 D3=FFFF D4=16405000 D5=84598540 D6=84598540 D7=FFFF A0=10B9DF A1=10B9CD A2=F7588 A3=108F4A A4=20F129C A5=108000 A6=108E74 PC=32CF8 -- 032CF8: not.b   D0
D0=3C0000 D1=FFFF D2=0 D3=FFFF D4=16405000 D5=84598540 D6=84598540 D7=FFFF A0=10B9DF A1=10B9CD A2=F7588 A3=108F4A A4=20F129C A5=108000 A6=108E74 PC=32CFA -- 032CFA: move.b  ($39c5,A5), D1
D0=3C0000 D1=FF00 D2=0 D3=FFFF D4=16405000 D5=84598540 D6=84598540 D7=FFFF A0=10B9DF A1=10B9CD A2=F7588 A3=108F4A A4=20F129C A5=108000 A6=108E74 PC=32CFE -- 032CFE: move.b  D0, ($39c5,A5)
D0=3C0000 D1=FF00 D2=0 D3=FFFF D4=16405000 D5=84598540 D6=84598540 D7=FFFF A0=10B9DF A1=10B9CD A2=F7588 A3=108F4A A4=20F129C A5=108000 A6=108E74 PC=32D02 -- 032D02: move.b  D1, ($39c8,A5)
D0=3C0000 D1=FF00 D2=0 D3=FFFF D4=16405000 D5=84598540 D6=84598540 D7=FFFF A0=10B9DF A1=10B9CD A2=F7588 A3=108F4A A4=20F129C A5=108000 A6=108E74 PC=32D06 -- 032D06: move.b  D1, D2
D0=3C0000 D1=FF00 D2=0 D3=FFFF D4=16405000 D5=84598540 D6=84598540 D7=FFFF A0=10B9DF A1=10B9CD A2=F7588 A3=108F4A A4=20F129C A5=108000 A6=108E74 PC=32D08 -- 032D08: and.b   D0, D1
D0=3C0000 D1=FF00 D2=0 D3=FFFF D4=16405000 D5=84598540 D6=84598540 D7=FFFF A0=10B9DF A1=10B9CD A2=F7588 A3=108F4A A4=20F129C A5=108000 A6=108E74 PC=32D0A -- 032D0A: move.b  D1, ($39e0,A5)
D0=3C0000 D1=FF00 D2=0 D3=FFFF D4=16405000 D5=84598540 D6=84598540 D7=FFFF A0=10B9DF A1=10B9CD A2=F7588 A3=108F4A A4=20F129C A5=108000 A6=108E74 PC=32D0E -- 032D0E: move.b  D2, D1
D0=3C0000 D1=FF00 D2=0 D3=FFFF D4=16405000 D5=84598540 D6=84598540 D7=FFFF A0=10B9DF A1=10B9CD A2=F7588 A3=108F4A A4=20F129C A5=108000 A6=108E74 PC=32D10 -- 032D10: eor.b   D0, D1
D0=3C0000 D1=FF00 D2=0 D3=FFFF D4=16405000 D5=84598540 D6=84598540 D7=FFFF A0=10B9DF A1=10B9CD A2=F7588 A3=108F4A A4=20F129C A5=108000 A6=108E74 PC=32D12 -- 032D12: and.b   D1, D2
D0=3C0000 D1=FF00 D2=0 D3=FFFF D4=16405000 D5=84598540 D6=84598540 D7=FFFF A0=10B9DF A1=10B9CD A2=F7588 A3=108F4A A4=20F129C A5=108000 A6=108E74 PC=32D14 -- 032D14: move.b  D2, ($39e2,A5)
D0=3C0000 D1=FF00 D2=0 D3=FFFF D4=16405000 D5=84598540 D6=84598540 D7=FFFF A0=10B9DF A1=10B9CD A2=F7588 A3=108F4A A4=20F129C A5=108000 A6=108E74 PC=32D18 -- 032D18: lea     ($39e5,A5), A0
D0=3C0000 D1=FF00 D2=0 D3=FFFF D4=16405000 D5=84598540 D6=84598540 D7=FFFF A0=10B9E5 A1=10B9CD A2=F7588 A3=108F4A A4=20F129C A5=108000 A6=108E74 PC=32D1C -- 032D1C: and.b   D1, D0
D0=3C0000 D1=FF00 D2=0 D3=FFFF D4=16405000 D5=84598540 D6=84598540 D7=FFFF A0=10B9E5 A1=10B9CD A2=F7588 A3=108F4A A4=20F129C A5=108000 A6=108E74 PC=32D1E -- 032D1E: move.b  ($1,A0), ($39e1,A5)
D0=3C0000 D1=FF00 D2=0 D3=FFFF D4=16405000 D5=84598540 D6=84598540 D7=FFFF A0=10B9E5 A1=10B9CD A2=F7588 A3=108F4A A4=20F129C A5=108000 A6=108E74 PC=32D24 -- 032D24: move.b  ($2,A0), ($1,A0)
D0=3C0000 D1=FF00 D2=0 D3=FFFF D4=16405000 D5=84598540 D6=84598540 D7=FFFF A0=10B9E5 A1=10B9CD A2=F7588 A3=108F4A A4=20F129C A5=108000 A6=108E74 PC=32D2A -- 032D2A: move.b  ($3,A0), ($2,A0)
D0=3C0000 D1=FF00 D2=0 D3=FFFF D4=16405000 D5=84598540 D6=84598540 D7=FFFF A0=10B9E5 A1=10B9CD A2=F7588 A3=108F4A A4=20F129C A5=108000 A6=108E74 PC=32D30 -- 032D30: move.b  ($4,A0), ($3,A0)
D0=3C0000 D1=FF00 D2=0 D3=FFFF D4=16405000 D5=84598540 D6=84598540 D7=FFFF A0=10B9E5 A1=10B9CD A2=F7588 A3=108F4A A4=20F129C A5=108000 A6=108E74 PC=32D36 -- 032D36: move.b  D0, ($4,A0)
D0=3C0000 D1=FF00 D2=0 D3=FFFF D4=16405000 D5=84598540 D6=84598540 D7=FFFF A0=10B9E5 A1=10B9CD A2=F7588 A3=108F4A A4=20F129C A5=108000 A6=108E74 PC=32D3A -- 032D3A: or.b    ($1,A0), D0
D0=3C0000 D1=FF00 D2=0 D3=FFFF D4=16405000 D5=84598540 D6=84598540 D7=FFFF A0=10B9E5 A1=10B9CD A2=F7588 A3=108F4A A4=20F129C A5=108000 A6=108E74 PC=32D3E -- 032D3E: or.b    ($2,A0), D0
D0=3C0000 D1=FF00 D2=0 D3=FFFF D4=16405000 D5=84598540 D6=84598540 D7=FFFF A0=10B9E5 A1=10B9CD A2=F7588 A3=108F4A A4=20F129C A5=108000 A6=108E74 PC=32D42 -- 032D42: or.b    ($3,A0), D0
D0=3C0000 D1=FF00 D2=0 D3=FFFF D4=16405000 D5=84598540 D6=84598540 D7=FFFF A0=10B9E5 A1=10B9CD A2=F7588 A3=108F4A A4=20F129C A5=108000 A6=108E74 PC=32D46 -- 032D46: move.b  D0, (A0)
D0=3C0000 D1=FF00 D2=0 D3=FFFF D4=16405000 D5=84598540 D6=84598540 D7=FFFF A0=10B9E5 A1=10B9CD A2=F7588 A3=108F4A A4=20F129C A5=108000 A6=108E74 PC=32D48 -- 032D48: lea     ($39ed,A5), A0
D0=3C0000 D1=FF00 D2=0 D3=FFFF D4=16405000 D5=84598540 D6=84598540 D7=FFFF A0=10B9ED A1=10B9CD A2=F7588 A3=108F4A A4=20F129C A5=108000 A6=108E74 PC=32D4C -- 032D4C: lea     ($39e3,A5), A1
D0=3C0000 D1=FF00 D2=0 D3=FFFF D4=16405000 D5=84598540 D6=84598540 D7=FFFF A0=10B9ED A1=10B9E3 A2=F7588 A3=108F4A A4=20F129C A5=108000 A6=108E74 PC=32D50 -- 032D50: move.b  ($39e0,A5), D0
D0=3C0000 D1=FF00 D2=0 D3=FFFF D4=16405000 D5=84598540 D6=84598540 D7=FFFF A0=10B9ED A1=10B9E3 A2=F7588 A3=108F4A A4=20F129C A5=108000 A6=108E74 PC=32D54 -- 032D54: bsr     $32e08
D0=3C0000 D1=FF00 D2=0 D3=FFFF D4=16405000 D5=84598540 D6=84598540 D7=FFFF A0=10B9ED A1=10B9E3 A2=F7588 A3=108F4A A4=20F129C A5=108000 A6=108E74 PC=32E08 -- 032E08: moveq   #$7, D1
D0=3C0000 D1=7 D2=0 D3=FFFF D4=16405000 D5=84598540 D6=84598540 D7=FFFF A0=10B9ED A1=10B9E3 A2=F7588 A3=108F4A A4=20F129C A5=108000 A6=108E74 PC=32E0A -- 032E0A: move.b  (-$2,A1), (A1)

   (loops for 72 instructions)

D0=3C0000 D1=FFFF D2=0 D3=FFFF D4=16405000 D5=84598540 D6=84598540 D7=FFFF A0=10B9F5 A1=10B9E3 A2=F7588 A3=108F4A A4=20F129C A5=108000 A6=108E74 PC=32E3E -- 032E3E: rts
D0=3C0000 D1=FFFF D2=0 D3=FFFF D4=16405000 D5=84598540 D6=84598540 D7=FFFF A0=10B9F5 A1=10B9E3 A2=F7588 A3=108F4A A4=20F129C A5=108000 A6=108E74 PC=32D58 -- 032D58: clr.b   ($3a01,A5)
D0=3C0000 D1=FFFF D2=0 D3=FFFF D4=16405000 D5=84598540 D6=84598540 D7=FFFF A0=10B9F5 A1=10B9E3 A2=F7588 A3=108F4A A4=20F129C A5=108000 A6=108E74 PC=32D5C -- 032D5C: clr.b   ($3a02,A5)
D0=3C0000 D1=FFFF D2=0 D3=FFFF D4=16405000 D5=84598540 D6=84598540 D7=FFFF A0=10B9F5 A1=10B9E3 A2=F7588 A3=108F4A A4=20F129C A5=108000 A6=108E74 PC=32D60 -- 032D60: clr.b   ($3a03,A5)
D0=3C0000 D1=FFFF D2=0 D3=FFFF D4=16405000 D5=84598540 D6=84598540 D7=FFFF A0=10B9F5 A1=10B9E3 A2=F7588 A3=108F4A A4=20F129C A5=108000 A6=108E74 PC=32D64 -- 032D64: move.b  ($7e5,A5), D0
D0=3C0000 D1=FFFF D2=0 D3=FFFF D4=16405000 D5=84598540 D6=84598540 D7=FFFF A0=10B9F5 A1=10B9E3 A2=F7588 A3=108F4A A4=20F129C A5=108000 A6=108E74 PC=32D68 -- 032D68: beq     $32d9e
D0=3C0000 D1=FFFF D2=0 D3=FFFF D4=16405000 D5=84598540 D6=84598540 D7=FFFF A0=10B9F5 A1=10B9E3 A2=F7588 A3=108F4A A4=20F129C A5=108000 A6=108E74 PC=32D9E -- 032D9E: move.b  ($39ca,A5), ($3a01,A5)
D0=3C0000 D1=FFFF D2=0 D3=FFFF D4=16405000 D5=84598540 D6=84598540 D7=FFFF A0=10B9F5 A1=10B9E3 A2=F7588 A3=108F4A A4=20F129C A5=108000 A6=108E74 PC=32DA4 -- 032DA4: move.b  ($39cb,A5), ($3a02,A5)
D0=3C0000 D1=FFFF D2=0 D3=FFFF D4=16405000 D5=84598540 D6=84598540 D7=FFFF A0=10B9F5 A1=10B9E3 A2=F7588 A3=108F4A A4=20F129C A5=108000 A6=108E74 PC=32DAA -- 032DAA: move.b  ($39cc,A5), ($3a03,A5)
D0=3C0000 D1=FFFF D2=0 D3=FFFF D4=16405000 D5=84598540 D6=84598540 D7=FFFF A0=10B9F5 A1=10B9E3 A2=F7588 A3=108F4A A4=20F129C A5=108000 A6=108E74 PC=32DB0 -- 032DB0: move.b  ($39e0,A5), D0
D0=3C0000 D1=FFFF D2=0 D3=FFFF D4=16405000 D5=84598540 D6=84598540 D7=FFFF A0=10B9F5 A1=10B9E3 A2=F7588 A3=108F4A A4=20F129C A5=108000 A6=108E74 PC=32DB4 -- 032DB4: or.b    D0, ($3a01,A5)
D0=3C0000 D1=FFFF D2=0 D3=FFFF D4=16405000 D5=84598540 D6=84598540 D7=FFFF A0=10B9F5 A1=10B9E3 A2=F7588 A3=108F4A A4=20F129C A5=108000 A6=108E74 PC=32DB8 -- 032DB8: move.b  ($39e1,A5), D0
D0=3C0000 D1=FFFF D2=0 D3=FFFF D4=16405000 D5=84598540 D6=84598540 D7=FFFF A0=10B9F5 A1=10B9E3 A2=F7588 A3=108F4A A4=20F129C A5=108000 A6=108E74 PC=32DBC -- 032DBC: or.b    D0, ($3a02,A5)
D0=3C0000 D1=FFFF D2=0 D3=FFFF D4=16405000 D5=84598540 D6=84598540 D7=FFFF A0=10B9F5 A1=10B9E3 A2=F7588 A3=108F4A A4=20F129C A5=108000 A6=108E74 PC=32DC0 -- 032DC0: move.b  ($39e2,A5), D0
D0=3C0000 D1=FFFF D2=0 D3=FFFF D4=16405000 D5=84598540 D6=84598540 D7=FFFF A0=10B9F5 A1=10B9E3 A2=F7588 A3=108F4A A4=20F129C A5=108000 A6=108E74 PC=32DC4 -- 032DC4: or.b    D0, ($3a03,A5)
D0=3C0000 D1=FFFF D2=0 D3=FFFF D4=16405000 D5=84598540 D6=84598540 D7=FFFF A0=10B9F5 A1=10B9E3 A2=F7588 A3=108F4A A4=20F129C A5=108000 A6=108E74 PC=32DC8 -- 032DC8: rts
D0=3C0000 D1=FFFF D2=0 D3=FFFF D4=16405000 D5=84598540 D6=84598540 D7=FFFF A0=10B9F5 A1=10B9E3 A2=F7588 A3=108F4A A4=20F129C A5=108000 A6=108E74 PC=329E2 -- 0329E2: btst    #$5, ($785,A5)
D0=3C0000 D1=FFFF D2=0 D3=FFFF D4=16405000 D5=84598540 D6=84598540 D7=FFFF A0=10B9F5 A1=10B9E3 A2=F7588 A3=108F4A A4=20F129C A5=108000 A6=108E74 PC=329E8 -- 0329E8: beq     $329fe
D0=3C0000 D1=FFFF D2=0 D3=FFFF D4=16405000 D5=84598540 D6=84598540 D7=FFFF A0=10B9F5 A1=10B9E3 A2=F7588 A3=108F4A A4=20F129C A5=108000 A6=108E74 PC=329FE -- 0329FE: tst.b   ($785,A5)
D0=3C0000 D1=FFFF D2=0 D3=FFFF D4=16405000 D5=84598540 D6=84598540 D7=FFFF A0=10B9F5 A1=10B9E3 A2=F7588 A3=108F4A A4=20F129C A5=108000 A6=108E74 PC=32A02 -- 032A02: bpl     $32a5c
D0=3C0000 D1=FFFF D2=0 D3=FFFF D4=16405000 D5=84598540 D6=84598540 D7=FFFF A0=10B9F5 A1=10B9E3 A2=F7588 A3=108F4A A4=20F129C A5=108000 A6=108E74 PC=32A5C -- 032A5C: bsr     $32f2a
D0=3C0000 D1=FFFF D2=0 D3=FFFF D4=16405000 D5=84598540 D6=84598540 D7=FFFF A0=10B9F5 A1=10B9E3 A2=F7588 A3=108F4A A4=20F129C A5=108000 A6=108E74 PC=32F2A -- 032F2A: tst.b   (-$8000,A5)
D0=3C0000 D1=FFFF D2=0 D3=FFFF D4=16405000 D5=84598540 D6=84598540 D7=FFFF A0=10B9F5 A1=10B9E3 A2=F7588 A3=108F4A A4=20F129C A5=108000 A6=108E74 PC=32F2E -- 032F2E: bpl     $32f38
D0=3C0000 D1=FFFF D2=0 D3=FFFF D4=16405000 D5=84598540 D6=84598540 D7=FFFF A0=10B9F5 A1=10B9E3 A2=F7588 A3=108F4A A4=20F129C A5=108000 A6=108E74 PC=32F38 -- 032F38: rts
D0=3C0000 D1=FFFF D2=0 D3=FFFF D4=16405000 D5=84598540 D6=84598540 D7=FFFF A0=10B9F5 A1=10B9E3 A2=F7588 A3=108F4A A4=20F129C A5=108000 A6=108E74 PC=32A60 -- 032A60: bsr     $32f3a
D0=3C0000 D1=FFFF D2=0 D3=FFFF D4=16405000 D5=84598540 D6=84598540 D7=FFFF A0=10B9F5 A1=10B9E3 A2=F7588 A3=108F4A A4=20F129C A5=108000 A6=108E74 PC=32F3A -- 032F3A: btst    #$0, (-$8000,A5)
D0=3C0000 D1=FFFF D2=0 D3=FFFF D4=16405000 D5=84598540 D6=84598540 D7=FFFF A0=10B9F5 A1=10B9E3 A2=F7588 A3=108F4A A4=20F129C A5=108000 A6=108E74 PC=32F40 -- 032F40: beq     $32f4e
D0=3C0000 D1=FFFF D2=0 D3=FFFF D4=16405000 D5=84598540 D6=84598540 D7=FFFF A0=10B9F5 A1=10B9E3 A2=F7588 A3=108F4A A4=20F129C A5=108000 A6=108E74 PC=32F4E -- 032F4E: rts
D0=3C0000 D1=FFFF D2=0 D3=FFFF D4=16405000 D5=84598540 D6=84598540 D7=FFFF A0=10B9F5 A1=10B9E3 A2=F7588 A3=108F4A A4=20F129C A5=108000 A6=108E74 PC=32A64 -- 032A64: bsr     $32f50
D0=3C0000 D1=FFFF D2=0 D3=FFFF D4=16405000 D5=84598540 D6=84598540 D7=FFFF A0=10B9F5 A1=10B9E3 A2=F7588 A3=108F4A A4=20F129C A5=108000 A6=108E74 PC=32F50 -- 032F50: btst    #$1, (-$7fff,A5)
D0=3C0000 D1=FFFF D2=0 D3=FFFF D4=16405000 D5=84598540 D6=84598540 D7=FFFF A0=10B9F5 A1=10B9E3 A2=F7588 A3=108F4A A4=20F129C A5=108000 A6=108E74 PC=32F56 -- 032F56: beq     $32f6a
D0=3C0000 D1=FFFF D2=0 D3=FFFF D4=16405000 D5=84598540 D6=84598540 D7=FFFF A0=10B9F5 A1=10B9E3 A2=F7588 A3=108F4A A4=20F129C A5=108000 A6=108E74 PC=32F6A -- 032F6A: rts
D0=3C0000 D1=FFFF D2=0 D3=FFFF D4=16405000 D5=84598540 D6=84598540 D7=FFFF A0=10B9F5 A1=10B9E3 A2=F7588 A3=108F4A A4=20F129C A5=108000 A6=108E74 PC=32A68 -- 032A68: bsr     $32f6c
D0=3C0000 D1=FFFF D2=0 D3=FFFF D4=16405000 D5=84598540 D6=84598540 D7=FFFF A0=10B9F5 A1=10B9E3 A2=F7588 A3=108F4A A4=20F129C A5=108000 A6=108E74 PC=32F6C -- 032F6C: btst    #$7, (-$7fff,A5)
D0=3C0000 D1=FFFF D2=0 D3=FFFF D4=16405000 D5=84598540 D6=84598540 D7=FFFF A0=10B9F5 A1=10B9E3 A2=F7588 A3=108F4A A4=20F129C A5=108000 A6=108E74 PC=32F72 -- 032F72: beq     $32f86
D0=3C0000 D1=FFFF D2=0 D3=FFFF D4=16405000 D5=84598540 D6=84598540 D7=FFFF A0=10B9F5 A1=10B9E3 A2=F7588 A3=108F4A A4=20F129C A5=108000 A6=108E74 PC=32F86 -- 032F86: rts
D0=3C0000 D1=FFFF D2=0 D3=FFFF D4=16405000 D5=84598540 D6=84598540 D7=FFFF A0=10B9F5 A1=10B9E3 A2=F7588 A3=108F4A A4=20F129C A5=108000 A6=108E74 PC=32A6C -- 032A6C: bsr     $32f88
D0=3C0000 D1=FFFF D2=0 D3=FFFF D4=16405000 D5=84598540 D6=84598540 D7=FFFF A0=10B9F5 A1=10B9E3 A2=F7588 A3=108F4A A4=20F129C A5=108000 A6=108E74 PC=32F88 -- 032F88: btst    #$6, (-$7fff,A5)
D0=3C0000 D1=FFFF D2=0 D3=FFFF D4=16405000 D5=84598540 D6=84598540 D7=FFFF A0=10B9F5 A1=10B9E3 A2=F7588 A3=108F4A A4=20F129C A5=108000 A6=108E74 PC=32F8E -- 032F8E: beq     $32fb4
D0=3C0000 D1=FFFF D2=0 D3=FFFF D4=16405000 D5=84598540 D6=84598540 D7=FFFF A0=10B9F5 A1=10B9E3 A2=F7588 A3=108F4A A4=20F129C A5=108000 A6=108E74 PC=32FB4 -- 032FB4: rts
D0=3C0000 D1=FFFF D2=0 D3=FFFF D4=16405000 D5=84598540 D6=84598540 D7=FFFF A0=10B9F5 A1=10B9E3 A2=F7588 A3=108F4A A4=20F129C A5=108000 A6=108E74 PC=32A70 -- 032A70: btst    #$3, ($785,A5)
D0=3C0000 D1=FFFF D2=0 D3=FFFF D4=16405000 D5=84598540 D6=84598540 D7=FFFF A0=10B9F5 A1=10B9E3 A2=F7588 A3=108F4A A4=20F129C A5=108000 A6=108E74 PC=32A76 -- 032A76: bne     $32a86
D0=3C0000 D1=FFFF D2=0 D3=FFFF D4=16405000 D5=84598540 D6=84598540 D7=FFFF A0=10B9F5 A1=10B9E3 A2=F7588 A3=108F4A A4=20F129C A5=108000 A6=108E74 PC=32A7A -- 032A7A: jsr     $4aafc.l
D0=3C0000 D1=FFFF D2=0 D3=FFFF D4=16405000 D5=84598540 D6=84598540 D7=FFFF A0=10B9F5 A1=10B9E3 A2=F7588 A3=108F4A A4=20F129C A5=108000 A6=108E74 PC=4AAFC -- 04AAFC: lea     ($80a,A5), A1
D0=3C0000 D1=FFFF D2=0 D3=FFFF D4=16405000 D5=84598540 D6=84598540 D7=FFFF A0=10B9F5 A1=10880A A2=F7588 A3=108F4A A4=20F129C A5=108000 A6=108E74 PC=4AB00 -- 04AB00: move.w  #$707d, D2
D0=3C0000 D1=FFFF D2=707D D3=FFFF D4=16405000 D5=84598540 D6=84598540 D7=FFFF A0=10B9F5 A1=10880A A2=F7588 A3=108F4A A4=20F129C A5=108000 A6=108E74 PC=4AB04 -- 04AB04: swap    D2
D0=3C0000 D1=FFFF D2=707D0000 D3=FFFF D4=16405000 D5=84598540 D6=84598540 D7=FFFF A0=10B9F5 A1=10880A A2=F7588 A3=108F4A A4=20F129C A5=108000 A6=108E74 PC=4AB06 -- 04AB06: tst.b   $10fd82.l
D0=3C0000 D1=FFFF D2=707D0000 D3=FFFF D4=16405000 D5=84598540 D6=84598540 D7=FFFF A0=10B9F5 A1=10880A A2=F7588 A3=108F4A A4=20F129C A5=108000 A6=108E74 PC=4AB0C -- 04AB0C: beq     $4ab4a
D0=3C0000 D1=FFFF D2=707D0000 D3=FFFF D4=16405000 D5=84598540 D6=84598540 D7=FFFF A0=10B9F5 A1=10880A A2=F7588 A3=108F4A A4=20F129C A5=108000 A6=108E74 PC=4AB10 -- 04AB10: cmpi.b  #$1, $10fd8f.l
D0=3C0000 D1=FFFF D2=707D0000 D3=FFFF D4=16405000 D5=84598540 D6=84598540 D7=FFFF A0=10B9F5 A1=10880A A2=F7588 A3=108F4A A4=20F129C A5=108000 A6=108E74 PC=4AB18 -- 04AB18: beq     $4ab2c
D0=3C0000 D1=FFFF D2=707D0000 D3=FFFF D4=16405000 D5=84598540 D6=84598540 D7=FFFF A0=10B9F5 A1=10880A A2=F7588 A3=108F4A A4=20F129C A5=108000 A6=108E74 PC=4AB1C -- 04AB1C: cmpi.b  #$3, $10fd8f.l
D0=3C0000 D1=FFFF D2=707D0000 D3=FFFF D4=16405000 D5=84598540 D6=84598540 D7=FFFF A0=10B9F5 A1=10880A A2=F7588 A3=108F4A A4=20F129C A5=108000 A6=108E74 PC=4AB24 -- 04AB24: beq     $4ab2c
D0=3C0000 D1=FFFF D2=707D0000 D3=FFFF D4=16405000 D5=84598540 D6=84598540 D7=FFFF A0=10B9F5 A1=10880A A2=F7588 A3=108F4A A4=20F129C A5=108000 A6=108E74 PC=4AB2C -- 04AB2C: lea     $10fe00.l, A1
D0=3C0000 D1=FFFF D2=707D0000 D3=FFFF D4=16405000 D5=84598540 D6=84598540 D7=FFFF A0=10B9F5 A1=10FE00 A2=F7588 A3=108F4A A4=20F129C A5=108000 A6=108E74 PC=4AB32 -- 04AB32: tst.w   $10fe80.l
D0=3C0000 D1=FFFF D2=707D0000 D3=FFFF D4=16405000 D5=84598540 D6=84598540 D7=FFFF A0=10B9F5 A1=10FE00 A2=F7588 A3=108F4A A4=20F129C A5=108000 A6=108E74 PC=4AB38 -- 04AB38: bne     $4ab40
D0=3C0000 D1=FFFF D2=707D0000 D3=FFFF D4=16405000 D5=84598540 D6=84598540 D7=FFFF A0=10B9F5 A1=10FE00 A2=F7588 A3=108F4A A4=20F129C A5=108000 A6=108E74 PC=4AB3A -- 04AB3A: lea     $d00034.l, A1
D0=3C0000 D1=FFFF D2=707D0000 D3=FFFF D4=16405000 D5=84598540 D6=84598540 D7=FFFF A0=10B9F5 A1=D00034 A2=F7588 A3=108F4A A4=20F129C A5=108000 A6=108E74 PC=4AB40 -- 04AB40: cmpi.b  #$1, $10fd83.l
D0=3C0000 D1=FFFF D2=707D0000 D3=FFFF D4=16405000 D5=84598540 D6=84598540 D7=FFFF A0=10B9F5 A1=D00034 A2=F7588 A3=108F4A A4=20F129C A5=108000 A6=108E74 PC=4AB48 -- 04AB48: bne     $4ab50
D0=3C0000 D1=FFFF D2=707D0000 D3=FFFF D4=16405000 D5=84598540 D6=84598540 D7=FFFF A0=10B9F5 A1=D00034 A2=F7588 A3=108F4A A4=20F129C A5=108000 A6=108E74 PC=4AB4A -- 04AB4A: bsr     $4ab56
D0=3C0000 D1=FFFF D2=707D0000 D3=FFFF D4=16405000 D5=84598540 D6=84598540 D7=FFFF A0=10B9F5 A1=D00034 A2=F7588 A3=108F4A A4=20F129C A5=108000 A6=108E74 PC=4AB56 -- 04AB56: lea     ($5c,PC) ; ($4abb4), A2
D0=3C0000 D1=FFFF D2=707D0000 D3=FFFF D4=16405000 D5=84598540 D6=84598540 D7=FFFF A0=10B9F5 A1=D00034 A2=4ABB4 A3=108F4A A4=20F129C A5=108000 A6=108E74 PC=4AB5A -- 04AB5A: move.b  (A1), D0
D0=3C0001 D1=FFFF D2=707D0000 D3=FFFF D4=16405000 D5=84598540 D6=84598540 D7=FFFF A0=10B9F5 A1=D00034 A2=4ABB4 A3=108F4A A4=20F129C A5=108000 A6=108E74 PC=4AB5C -- 04AB5C: cmpi.b  #$2, D0
D0=3C0001 D1=FFFF D2=707D0000 D3=FFFF D4=16405000 D5=84598540 D6=84598540 D7=FFFF A0=10B9F5 A1=D00034 A2=4ABB4 A3=108F4A A4=20F129C A5=108000 A6=108E74 PC=4AB60 -- 04AB60: bcc     $4ab66
D0=3C0001 D1=FFFF D2=707D0000 D3=FFFF D4=16405000 D5=84598540 D6=84598540 D7=FFFF A0=10B9F5 A1=D00034 A2=4ABB4 A3=108F4A A4=20F129C A5=108000 A6=108E74 PC=4AB62 -- 04AB62: lea     ($44,PC) ; ($4aba8), A2
D0=3C0001 D1=FFFF D2=707D0000 D3=FFFF D4=16405000 D5=84598540 D6=84598540 D7=FFFF A0=10B9F5 A1=D00034 A2=4ABA8 A3=108F4A A4=20F129C A5=108000 A6=108E74 PC=4AB66 -- 04AB66: moveq   #$5, D7
D0=3C0001 D1=FFFF D2=707D0000 D3=FFFF D4=16405000 D5=84598540 D6=84598540 D7=5 A0=10B9F5 A1=D00034 A2=4ABA8 A3=108F4A A4=20F129C A5=108000 A6=108E74 PC=4AB68 -- 04AB68: move.w  (A2)+, D2
D0=3C0001 D1=FFFF D2=707D0367 D3=FFFF D4=16405000 D5=84598540 D6=84598540 D7=5 A0=10B9F5 A1=D00034 A2=4ABAA A3=108F4A A4=20F129C A5=108000 A6=108E74 PC=4AB6A -- 04AB6A: move.l  D2, $3c0000.l
D0=3C0001 D1=FFFF D2=707D0367 D3=FFFF D4=16405000 D5=84598540 D6=84598540 D7=5 A0=10B9F5 A1=D00034 A2=4ABAA A3=108F4A A4=20F129C A5=108000 A6=108E74 PC=4AB70 -- 04AB70: addi.l  #$200000, D2
D0=3C0001 D1=FFFF D2=709D0367 D3=FFFF D4=16405000 D5=84598540 D6=84598540 D7=5 A0=10B9F5 A1=D00034 A2=4ABAA A3=108F4A A4=20F129C A5=108000 A6=108E74 PC=4AB76 -- 04AB76: dbra    D7, $4ab68
D0=3C0001 D1=FFFF D2=709D0367 D3=FFFF D4=16405000 D5=84598540 D6=84598540 D7=4 A0=10B9F5 A1=D00034 A2=4ABAA A3=108F4A A4=20F129C A5=108000 A6=108E74 PC=4AB68 -- 04AB68: move.w  (A2)+, D2
D0=3C0001 D1=FFFF D2=709D0368 D3=FFFF D4=16405000 D5=84598540 D6=84598540 D7=4 A0=10B9F5 A1=D00034 A2=4ABAC A3=108F4A A4=20F129C A5=108000 A6=108E74 PC=4AB6A -- 04AB6A: move.l  D2, $3c0000.l
D0=3C0001 D1=FFFF D2=709D0368 D3=FFFF D4=16405000 D5=84598540 D6=84598540 D7=4 A0=10B9F5 A1=D00034 A2=4ABAC A3=108F4A A4=20F129C A5=108000 A6=108E74 PC=4AB70 -- 04AB70: addi.l  #$200000, D2
D0=3C0001 D1=FFFF D2=70BD0368 D3=FFFF D4=16405000 D5=84598540 D6=84598540 D7=4 A0=10B9F5 A1=D00034 A2=4ABAC A3=108F4A A4=20F129C A5=108000 A6=108E74 PC=4AB76 -- 04AB76: dbra    D7, $4ab68

   (loops for 16 instructions)

D0=3C0001 D1=FFFF D2=713D0F20 D3=FFFF D4=16405000 D5=84598540 D6=84598540 D7=FFFF A0=10B9F5 A1=D00034 A2=4ABB4 A3=108F4A A4=20F129C A5=108000 A6=108E74 PC=4AB7A -- 04AB7A: move.b  (A1), D0
D0=3C0001 D1=FFFF D2=713D0F20 D3=FFFF D4=16405000 D5=84598540 D6=84598540 D7=FFFF A0=10B9F5 A1=D00034 A2=4ABB4 A3=108F4A A4=20F129C A5=108000 A6=108E74 PC=4AB7C -- 04AB7C: andi.w  #$ff, D0
D0=3C0001 D1=FFFF D2=713D0F20 D3=FFFF D4=16405000 D5=84598540 D6=84598540 D7=FFFF A0=10B9F5 A1=D00034 A2=4ABB4 A3=108F4A A4=20F129C A5=108000 A6=108E74 PC=4AB80 -- 04AB80: move.w  D0, D1
D0=3C0001 D1=1 D2=713D0F20 D3=FFFF D4=16405000 D5=84598540 D6=84598540 D7=FFFF A0=10B9F5 A1=D00034 A2=4ABB4 A3=108F4A A4=20F129C A5=108000 A6=108E74 PC=4AB82 -- 04AB82: lsr.w   #4, D1
D0=3C0001 D1=0 D2=713D0F20 D3=FFFF D4=16405000 D5=84598540 D6=84598540 D7=FFFF A0=10B9F5 A1=D00034 A2=4ABB4 A3=108F4A A4=20F129C A5=108000 A6=108E74 PC=4AB84 -- 04AB84: addi.w  #$370, D1
D0=3C0001 D1=370 D2=713D0F20 D3=FFFF D4=16405000 D5=84598540 D6=84598540 D7=FFFF A0=10B9F5 A1=D00034 A2=4ABB4 A3=108F4A A4=20F129C A5=108000 A6=108E74 PC=4AB88 -- 04AB88: move.w  D1, D2
D0=3C0001 D1=370 D2=713D0370 D3=FFFF D4=16405000 D5=84598540 D6=84598540 D7=FFFF A0=10B9F5 A1=D00034 A2=4ABB4 A3=108F4A A4=20F129C A5=108000 A6=108E74 PC=4AB8A -- 04AB8A: move.l  D2, $3c0000.l
D0=3C0001 D1=370 D2=713D0370 D3=FFFF D4=16405000 D5=84598540 D6=84598540 D7=FFFF A0=10B9F5 A1=D00034 A2=4ABB4 A3=108F4A A4=20F129C A5=108000 A6=108E74 PC=4AB90 -- 04AB90: addi.l  #$200000, D2
D0=3C0001 D1=370 D2=715D0370 D3=FFFF D4=16405000 D5=84598540 D6=84598540 D7=FFFF A0=10B9F5 A1=D00034 A2=4ABB4 A3=108F4A A4=20F129C A5=108000 A6=108E74 PC=4AB96 -- 04AB96: andi.w  #$f, D0
D0=3C0001 D1=370 D2=715D0370 D3=FFFF D4=16405000 D5=84598540 D6=84598540 D7=FFFF A0=10B9F5 A1=D00034 A2=4ABB4 A3=108F4A A4=20F129C A5=108000 A6=108E74 PC=4AB9A -- 04AB9A: addi.w  #$370, D0
D0=3C0371 D1=370 D2=715D0370 D3=FFFF D4=16405000 D5=84598540 D6=84598540 D7=FFFF A0=10B9F5 A1=D00034 A2=4ABB4 A3=108F4A A4=20F129C A5=108000 A6=108E74 PC=4AB9E -- 04AB9E: move.w  D0, D2
D0=3C0371 D1=370 D2=715D0371 D3=FFFF D4=16405000 D5=84598540 D6=84598540 D7=FFFF A0=10B9F5 A1=D00034 A2=4ABB4 A3=108F4A A4=20F129C A5=108000 A6=108E74 PC=4ABA0 -- 04ABA0: move.l  D2, $3c0000.l
D0=3C0371 D1=370 D2=715D0371 D3=FFFF D4=16405000 D5=84598540 D6=84598540 D7=FFFF A0=10B9F5 A1=D00034 A2=4ABB4 A3=108F4A A4=20F129C A5=108000 A6=108E74 PC=4ABA6 -- 04ABA6: rts
D0=3C0371 D1=370 D2=715D0371 D3=FFFF D4=16405000 D5=84598540 D6=84598540 D7=FFFF A0=10B9F5 A1=D00034 A2=4ABB4 A3=108F4A A4=20F129C A5=108000 A6=108E74 PC=4AB4E -- 04AB4E: addq.l  #1, A1
D0=3C0371 D1=370 D2=715D0371 D3=FFFF D4=16405000 D5=84598540 D6=84598540 D7=FFFF A0=10B9F5 A1=D00035 A2=4ABB4 A3=108F4A A4=20F129C A5=108000 A6=108E74 PC=4AB50 -- 04AB50: move.w  #$73bd, D2
D0=3C0371 D1=370 D2=715D73BD D3=FFFF D4=16405000 D5=84598540 D6=84598540 D7=FFFF A0=10B9F5 A1=D00035 A2=4ABB4 A3=108F4A A4=20F129C A5=108000 A6=108E74 PC=4AB54 -- 04AB54: swap    D2
D0=3C0371 D1=370 D2=73BD715D D3=FFFF D4=16405000 D5=84598540 D6=84598540 D7=FFFF A0=10B9F5 A1=D00035 A2=4ABB4 A3=108F4A A4=20F129C A5=108000 A6=108E74 PC=4AB56 -- 04AB56: lea     ($5c,PC) ; ($4abb4), A2
D0=3C0371 D1=370 D2=73BD715D D3=FFFF D4=16405000 D5=84598540 D6=84598540 D7=FFFF A0=10B9F5 A1=D00035 A2=4ABB4 A3=108F4A A4=20F129C A5=108000 A6=108E74 PC=4AB5A -- 04AB5A: move.b  (A1), D0
D0=3C0300 D1=370 D2=73BD715D D3=FFFF D4=16405000 D5=84598540 D6=84598540 D7=FFFF A0=10B9F5 A1=D00035 A2=4ABB4 A3=108F4A A4=20F129C A5=108000 A6=108E74 PC=4AB5C -- 04AB5C: cmpi.b  #$2, D0
D0=3C0300 D1=370 D2=73BD715D D3=FFFF D4=16405000 D5=84598540 D6=84598540 D7=FFFF A0=10B9F5 A1=D00035 A2=4ABB4 A3=108F4A A4=20F129C A5=108000 A6=108E74 PC=4AB60 -- 04AB60: bcc     $4ab66
D0=3C0300 D1=370 D2=73BD715D D3=FFFF D4=16405000 D5=84598540 D6=84598540 D7=FFFF A0=10B9F5 A1=D00035 A2=4ABB4 A3=108F4A A4=20F129C A5=108000 A6=108E74 PC=4AB62 -- 04AB62: lea     ($44,PC) ; ($4aba8), A2
D0=3C0300 D1=370 D2=73BD715D D3=FFFF D4=16405000 D5=84598540 D6=84598540 D7=FFFF A0=10B9F5 A1=D00035 A2=4ABA8 A3=108F4A A4=20F129C A5=108000 A6=108E74 PC=4AB66 -- 04AB66: moveq   #$5, D7

   (loops for 24 instructions)

D0=3C0300 D1=370 D2=747D0F20 D3=FFFF D4=16405000 D5=84598540 D6=84598540 D7=FFFF A0=10B9F5 A1=D00035 A2=4ABB4 A3=108F4A A4=20F129C A5=108000 A6=108E74 PC=4AB7A -- 04AB7A: move.b  (A1), D0
D0=3C0300 D1=370 D2=747D0F20 D3=FFFF D4=16405000 D5=84598540 D6=84598540 D7=FFFF A0=10B9F5 A1=D00035 A2=4ABB4 A3=108F4A A4=20F129C A5=108000 A6=108E74 PC=4AB7C -- 04AB7C: andi.w  #$ff, D0
D0=3C0000 D1=370 D2=747D0F20 D3=FFFF D4=16405000 D5=84598540 D6=84598540 D7=FFFF A0=10B9F5 A1=D00035 A2=4ABB4 A3=108F4A A4=20F129C A5=108000 A6=108E74 PC=4AB80 -- 04AB80: move.w  D0, D1
D0=3C0000 D1=0 D2=747D0F20 D3=FFFF D4=16405000 D5=84598540 D6=84598540 D7=FFFF A0=10B9F5 A1=D00035 A2=4ABB4 A3=108F4A A4=20F129C A5=108000 A6=108E74 PC=4AB82 -- 04AB82: lsr.w   #4, D1
D0=3C0000 D1=0 D2=747D0F20 D3=FFFF D4=16405000 D5=84598540 D6=84598540 D7=FFFF A0=10B9F5 A1=D00035 A2=4ABB4 A3=108F4A A4=20F129C A5=108000 A6=108E74 PC=4AB84 -- 04AB84: addi.w  #$370, D1
D0=3C0000 D1=370 D2=747D0F20 D3=FFFF D4=16405000 D5=84598540 D6=84598540 D7=FFFF A0=10B9F5 A1=D00035 A2=4ABB4 A3=108F4A A4=20F129C A5=108000 A6=108E74 PC=4AB88 -- 04AB88: move.w  D1, D2
D0=3C0000 D1=370 D2=747D0370 D3=FFFF D4=16405000 D5=84598540 D6=84598540 D7=FFFF A0=10B9F5 A1=D00035 A2=4ABB4 A3=108F4A A4=20F129C A5=108000 A6=108E74 PC=4AB8A -- 04AB8A: move.l  D2, $3c0000.l
D0=3C0000 D1=370 D2=747D0370 D3=FFFF D4=16405000 D5=84598540 D6=84598540 D7=FFFF A0=10B9F5 A1=D00035 A2=4ABB4 A3=108F4A A4=20F129C A5=108000 A6=108E74 PC=4AB90 -- 04AB90: addi.l  #$200000, D2
D0=3C0000 D1=370 D2=749D0370 D3=FFFF D4=16405000 D5=84598540 D6=84598540 D7=FFFF A0=10B9F5 A1=D00035 A2=4ABB4 A3=108F4A A4=20F129C A5=108000 A6=108E74 PC=4AB96 -- 04AB96: andi.w  #$f, D0
D0=3C0000 D1=370 D2=749D0370 D3=FFFF D4=16405000 D5=84598540 D6=84598540 D7=FFFF A0=10B9F5 A1=D00035 A2=4ABB4 A3=108F4A A4=20F129C A5=108000 A6=108E74 PC=4AB9A -- 04AB9A: addi.w  #$370, D0
D0=3C0370 D1=370 D2=749D0370 D3=FFFF D4=16405000 D5=84598540 D6=84598540 D7=FFFF A0=10B9F5 A1=D00035 A2=4ABB4 A3=108F4A A4=20F129C A5=108000 A6=108E74 PC=4AB9E -- 04AB9E: move.w  D0, D2
D0=3C0370 D1=370 D2=749D0370 D3=FFFF D4=16405000 D5=84598540 D6=84598540 D7=FFFF A0=10B9F5 A1=D00035 A2=4ABB4 A3=108F4A A4=20F129C A5=108000 A6=108E74 PC=4ABA0 -- 04ABA0: move.l  D2, $3c0000.l
D0=3C0370 D1=370 D2=749D0370 D3=FFFF D4=16405000 D5=84598540 D6=84598540 D7=FFFF A0=10B9F5 A1=D00035 A2=4ABB4 A3=108F4A A4=20F129C A5=108000 A6=108E74 PC=4ABA6 -- 04ABA6: rts
D0=3C0370 D1=370 D2=749D0370 D3=FFFF D4=16405000 D5=84598540 D6=84598540 D7=FFFF A0=10B9F5 A1=D00035 A2=4ABB4 A3=108F4A A4=20F129C A5=108000 A6=108E74 PC=32A80 -- 032A80: jsr     $13b2.l
D0=3C0370 D1=370 D2=749D0370 D3=FFFF D4=16405000 D5=84598540 D6=84598540 D7=FFFF A0=10B9F5 A1=D00035 A2=4ABB4 A3=108F4A A4=20F129C A5=108000 A6=108E74 PC=13B2 -- 0013B2: cmpi.b  #$2, $10fd8f.l
D0=3C0370 D1=370 D2=749D0370 D3=FFFF D4=16405000 D5=84598540 D6=84598540 D7=FFFF A0=10B9F5 A1=D00035 A2=4ABB4 A3=108F4A A4=20F129C A5=108000 A6=108E74 PC=13BA -- 0013BA: bcs     $1416
D0=3C0370 D1=370 D2=749D0370 D3=FFFF D4=16405000 D5=84598540 D6=84598540 D7=FFFF A0=10B9F5 A1=D00035 A2=4ABB4 A3=108F4A A4=20F129C A5=108000 A6=108E74 PC=13BE -- 0013BE: tst.b   $10fd82.l
D0=3C0370 D1=370 D2=749D0370 D3=FFFF D4=16405000 D5=84598540 D6=84598540 D7=FFFF A0=10B9F5 A1=D00035 A2=4ABB4 A3=108F4A A4=20F129C A5=108000 A6=108E74 PC=13C4 -- 0013C4: beq     $1416
D0=3C0370 D1=370 D2=749D0370 D3=FFFF D4=16405000 D5=84598540 D6=84598540 D7=FFFF A0=10B9F5 A1=D00035 A2=4ABB4 A3=108F4A A4=20F129C A5=108000 A6=108E74 PC=13C8 -- 0013C8: move.w  #$10, D0
D0=3C0010 D1=370 D2=749D0370 D3=FFFF D4=16405000 D5=84598540 D6=84598540 D7=FFFF A0=10B9F5 A1=D00035 A2=4ABB4 A3=108F4A A4=20F129C A5=108000 A6=108E74 PC=13CC -- 0013CC: move.w  #$1b, D1
D0=3C0010 D1=1B D2=749D0370 D3=FFFF D4=16405000 D5=84598540 D6=84598540 D7=FFFF A0=10B9F5 A1=D00035 A2=4ABB4 A3=108F4A A4=20F129C A5=108000 A6=108E74 PC=13D0 -- 0013D0: jsr     $5fde.l
D0=3C0010 D1=1B D2=749D0370 D3=FFFF D4=16405000 D5=84598540 D6=84598540 D7=FFFF A0=10B9F5 A1=D00035 A2=4ABB4 A3=108F4A A4=20F129C A5=108000 A6=108E74 PC=5FDE -- 005FDE: lsl.w   #5, D0
D0=3C0200 D1=1B D2=749D0370 D3=FFFF D4=16405000 D5=84598540 D6=84598540 D7=FFFF A0=10B9F5 A1=D00035 A2=4ABB4 A3=108F4A A4=20F129C A5=108000 A6=108E74 PC=5FE0 -- 005FE0: add.w   D1, D0
D0=3C021B D1=1B D2=749D0370 D3=FFFF D4=16405000 D5=84598540 D6=84598540 D7=FFFF A0=10B9F5 A1=D00035 A2=4ABB4 A3=108F4A A4=20F129C A5=108000 A6=108E74 PC=5FE2 -- 005FE2: addi.w  #$7002, D0
D0=3C721D D1=1B D2=749D0370 D3=FFFF D4=16405000 D5=84598540 D6=84598540 D7=FFFF A0=10B9F5 A1=D00035 A2=4ABB4 A3=108F4A A4=20F129C A5=108000 A6=108E74 PC=5FE6 -- 005FE6: swap    D0
D0=721D003C D1=1B D2=749D0370 D3=FFFF D4=16405000 D5=84598540 D6=84598540 D7=FFFF A0=10B9F5 A1=D00035 A2=4ABB4 A3=108F4A A4=20F129C A5=108000 A6=108E74 PC=5FE8 -- 005FE8: rts
D0=721D003C D1=1B D2=749D0370 D3=FFFF D4=16405000 D5=84598540 D6=84598540 D7=FFFF A0=10B9F5 A1=D00035 A2=4ABB4 A3=108F4A A4=20F129C A5=108000 A6=108E74 PC=13D6 -- 0013D6: move.w  #$300, D0
D0=721D0300 D1=1B D2=749D0370 D3=FFFF D4=16405000 D5=84598540 D6=84598540 D7=FFFF A0=10B9F5 A1=D00035 A2=4ABB4 A3=108F4A A4=20F129C A5=108000 A6=108E74 PC=13DA -- 0013DA: lea     $4f8fa.l, A0
D0=721D0300 D1=1B D2=749D0370 D3=FFFF D4=16405000 D5=84598540 D6=84598540 D7=FFFF A0=4F8FA A1=D00035 A2=4ABB4 A3=108F4A A4=20F129C A5=108000 A6=108E74 PC=13E0 -- 0013E0: moveq   #$4, D1
D0=721D0300 D1=4 D2=749D0370 D3=FFFF D4=16405000 D5=84598540 D6=84598540 D7=FFFF A0=4F8FA A1=D00035 A2=4ABB4 A3=108F4A A4=20F129C A5=108000 A6=108E74 PC=13E2 -- 0013E2: move.b  (A0)+, D0
D0=721D0380 D1=4 D2=749D0370 D3=FFFF D4=16405000 D5=84598540 D6=84598540 D7=FFFF A0=4F8FB A1=D00035 A2=4ABB4 A3=108F4A A4=20F129C A5=108000 A6=108E74 PC=13E4 -- 0013E4: move.l  D0, $3c0000.l
D0=721D0380 D1=4 D2=749D0370 D3=FFFF D4=16405000 D5=84598540 D6=84598540 D7=FFFF A0=4F8FB A1=D00035 A2=4ABB4 A3=108F4A A4=20F129C A5=108000 A6=108E74 PC=13EA -- 0013EA: addi.l  #$200000, D0
D0=723D0380 D1=4 D2=749D0370 D3=FFFF D4=16405000 D5=84598540 D6=84598540 D7=FFFF A0=4F8FB A1=D00035 A2=4ABB4 A3=108F4A A4=20F129C A5=108000 A6=108E74 PC=13F0 -- 0013F0: dbra    D1, $13e2
D0=723D0380 D1=3 D2=749D0370 D3=FFFF D4=16405000 D5=84598540 D6=84598540 D7=FFFF A0=4F8FB A1=D00035 A2=4ABB4 A3=108F4A A4=20F129C A5=108000 A6=108E74 PC=13E2 -- 0013E2: move.b  (A0)+, D0
D0=723D0381 D1=3 D2=749D0370 D3=FFFF D4=16405000 D5=84598540 D6=84598540 D7=FFFF A0=4F8FC A1=D00035 A2=4ABB4 A3=108F4A A4=20F129C A5=108000 A6=108E74 PC=13E4 -- 0013E4: move.l  D0, $3c0000.l
D0=723D0381 D1=3 D2=749D0370 D3=FFFF D4=16405000 D5=84598540 D6=84598540 D7=FFFF A0=4F8FC A1=D00035 A2=4ABB4 A3=108F4A A4=20F129C A5=108000 A6=108E74 PC=13EA -- 0013EA: addi.l  #$200000, D0
D0=725D0381 D1=3 D2=749D0370 D3=FFFF D4=16405000 D5=84598540 D6=84598540 D7=FFFF A0=4F8FC A1=D00035 A2=4ABB4 A3=108F4A A4=20F129C A5=108000 A6=108E74 PC=13F0 -- 0013F0: dbra    D1, $13e2

   (loops for 12 instructions)

D0=72BD0384 D1=FFFF D2=749D0370 D3=FFFF D4=16405000 D5=84598540 D6=84598540 D7=FFFF A0=4F8FF A1=D00035 A2=4ABB4 A3=108F4A A4=20F129C A5=108000 A6=108E74 PC=13F4 -- 0013F4: move.w  #$16, D0
D0=72BD0016 D1=FFFF D2=749D0370 D3=FFFF D4=16405000 D5=84598540 D6=84598540 D7=FFFF A0=4F8FF A1=D00035 A2=4ABB4 A3=108F4A A4=20F129C A5=108000 A6=108E74 PC=13F8 -- 0013F8: move.w  #$1b, D1
D0=72BD0016 D1=1B D2=749D0370 D3=FFFF D4=16405000 D5=84598540 D6=84598540 D7=FFFF A0=4F8FF A1=D00035 A2=4ABB4 A3=108F4A A4=20F129C A5=108000 A6=108E74 PC=13FC -- 0013FC: jsr     $5fde.l
D0=72BD0016 D1=1B D2=749D0370 D3=FFFF D4=16405000 D5=84598540 D6=84598540 D7=FFFF A0=4F8FF A1=D00035 A2=4ABB4 A3=108F4A A4=20F129C A5=108000 A6=108E74 PC=5FDE -- 005FDE: lsl.w   #5, D0
D0=72BD02C0 D1=1B D2=749D0370 D3=FFFF D4=16405000 D5=84598540 D6=84598540 D7=FFFF A0=4F8FF A1=D00035 A2=4ABB4 A3=108F4A A4=20F129C A5=108000 A6=108E74 PC=5FE0 -- 005FE0: add.w   D1, D0
D0=72BD02DB D1=1B D2=749D0370 D3=FFFF D4=16405000 D5=84598540 D6=84598540 D7=FFFF A0=4F8FF A1=D00035 A2=4ABB4 A3=108F4A A4=20F129C A5=108000 A6=108E74 PC=5FE2 -- 005FE2: addi.w  #$7002, D0
D0=72BD72DD D1=1B D2=749D0370 D3=FFFF D4=16405000 D5=84598540 D6=84598540 D7=FFFF A0=4F8FF A1=D00035 A2=4ABB4 A3=108F4A A4=20F129C A5=108000 A6=108E74 PC=5FE6 -- 005FE6: swap    D0
D0=72DD72BD D1=1B D2=749D0370 D3=FFFF D4=16405000 D5=84598540 D6=84598540 D7=FFFF A0=4F8FF A1=D00035 A2=4ABB4 A3=108F4A A4=20F129C A5=108000 A6=108E74 PC=5FE8 -- 005FE8: rts
D0=72DD72BD D1=1B D2=749D0370 D3=FFFF D4=16405000 D5=84598540 D6=84598540 D7=FFFF A0=4F8FF A1=D00035 A2=4ABB4 A3=108F4A A4=20F129C A5=108000 A6=108E74 PC=1402 -- 001402: clr.w   D0
D0=72DD0000 D1=1B D2=749D0370 D3=FFFF D4=16405000 D5=84598540 D6=84598540 D7=FFFF A0=4F8FF A1=D00035 A2=4ABB4 A3=108F4A A4=20F129C A5=108000 A6=108E74 PC=1404 -- 001404: move.b  $10fd8e.l, D0
D0=72DD0003 D1=1B D2=749D0370 D3=FFFF D4=16405000 D5=84598540 D6=84598540 D7=FFFF A0=4F8FF A1=D00035 A2=4ABB4 A3=108F4A A4=20F129C A5=108000 A6=108E74 PC=140A -- 00140A: addq.b  #1, D0
D0=72DD0004 D1=1B D2=749D0370 D3=FFFF D4=16405000 D5=84598540 D6=84598540 D7=FFFF A0=4F8FF A1=D00035 A2=4ABB4 A3=108F4A A4=20F129C A5=108000 A6=108E74 PC=140C -- 00140C: addi.w  #$370, D0
D0=72DD0374 D1=1B D2=749D0370 D3=FFFF D4=16405000 D5=84598540 D6=84598540 D7=FFFF A0=4F8FF A1=D00035 A2=4ABB4 A3=108F4A A4=20F129C A5=108000 A6=108E74 PC=1410 -- 001410: move.l  D0, $3c0000.l
D0=72DD0374 D1=1B D2=749D0370 D3=FFFF D4=16405000 D5=84598540 D6=84598540 D7=FFFF A0=4F8FF A1=D00035 A2=4ABB4 A3=108F4A A4=20F129C A5=108000 A6=108E74 PC=1416 -- 001416: rts
D0=72DD0374 D1=1B D2=749D0370 D3=FFFF D4=16405000 D5=84598540 D6=84598540 D7=FFFF A0=4F8FF A1=D00035 A2=4ABB4 A3=108F4A A4=20F129C A5=108000 A6=108E74 PC=32A86 -- 032A86: bsr     $32b28
D0=72DD0374 D1=1B D2=749D0370 D3=FFFF D4=16405000 D5=84598540 D6=84598540 D7=FFFF A0=4F8FF A1=D00035 A2=4ABB4 A3=108F4A A4=20F129C A5=108000 A6=108E74 PC=32B28 -- 032B28: lea     ($584,A5), A4
D0=72DD0374 D1=1B D2=749D0370 D3=FFFF D4=16405000 D5=84598540 D6=84598540 D7=FFFF A0=4F8FF A1=D00035 A2=4ABB4 A3=108F4A A4=108584 A5=108000 A6=108E74 PC=32B2C -- 032B2C: movea.l (A4), A0
D0=72DD0374 D1=1B D2=749D0370 D3=FFFF D4=16405000 D5=84598540 D6=84598540 D7=FFFF A0=3934E A1=D00035 A2=4ABB4 A3=108F4A A4=108584 A5=108000 A6=108E74 PC=32B2E -- 032B2E: jsr     (A0)
D0=72DD0374 D1=1B D2=749D0370 D3=FFFF D4=16405000 D5=84598540 D6=84598540 D7=FFFF A0=3934E A1=D00035 A2=4ABB4 A3=108F4A A4=108584 A5=108000 A6=108E74 PC=3934E -- 03934E: move.w  #$16, D0
D0=72DD0016 D1=1B D2=749D0370 D3=FFFF D4=16405000 D5=84598540 D6=84598540 D7=FFFF A0=3934E A1=D00035 A2=4ABB4 A3=108F4A A4=108584 A5=108000 A6=108E74 PC=39352 -- 039352: move.w  #$f, D1
D0=72DD0016 D1=F D2=749D0370 D3=FFFF D4=16405000 D5=84598540 D6=84598540 D7=FFFF A0=3934E A1=D00035 A2=4ABB4 A3=108F4A A4=108584 A5=108000 A6=108E74 PC=39356 -- 039356: jsr     $5fde.l

   (loops for 5 instructions)

D0=72D172DD D1=F D2=749D0370 D3=FFFF D4=16405000 D5=84598540 D6=84598540 D7=FFFF A0=3934E A1=D00035 A2=4ABB4 A3=108F4A A4=108584 A5=108000 A6=108E74 PC=3935C -- 03935C: move.w  #$1300, D0
D0=72D11300 D1=F D2=749D0370 D3=FFFF D4=16405000 D5=84598540 D6=84598540 D7=FFFF A0=3934E A1=D00035 A2=4ABB4 A3=108F4A A4=108584 A5=108000 A6=108E74 PC=39360 -- 039360: move.b  $10fdda.l, D1
D0=72D11300 D1=29 D2=749D0370 D3=FFFF D4=16405000 D5=84598540 D6=84598540 D7=FFFF A0=3934E A1=D00035 A2=4ABB4 A3=108F4A A4=108584 A5=108000 A6=108E74 PC=39366 -- 039366: move.l  #$200000, D2
D0=72D11300 D1=29 D2=200000 D3=FFFF D4=16405000 D5=84598540 D6=84598540 D7=FFFF A0=3934E A1=D00035 A2=4ABB4 A3=108F4A A4=108584 A5=108000 A6=108E74 PC=3936C -- 03936C: jsr     $5f60.l
D0=72D11300 D1=29 D2=200000 D3=FFFF D4=16405000 D5=84598540 D6=84598540 D7=FFFF A0=3934E A1=D00035 A2=4ABB4 A3=108F4A A4=108584 A5=108000 A6=108E74 PC=5F60 -- 005F60: move.b  D1, D3
D0=72D11300 D1=29 D2=200000 D3=FF29 D4=16405000 D5=84598540 D6=84598540 D7=FFFF A0=3934E A1=D00035 A2=4ABB4 A3=108F4A A4=108584 A5=108000 A6=108E74 PC=5F62 -- 005F62: andi.w  #$f0, D1
D0=72D11300 D1=20 D2=200000 D3=FF29 D4=16405000 D5=84598540 D6=84598540 D7=FFFF A0=3934E A1=D00035 A2=4ABB4 A3=108F4A A4=108584 A5=108000 A6=108E74 PC=5F66 -- 005F66: lsr.b   #4, D1
D0=72D11300 D1=2 D2=200000 D3=FF29 D4=16405000 D5=84598540 D6=84598540 D7=FFFF A0=3934E A1=D00035 A2=4ABB4 A3=108F4A A4=108584 A5=108000 A6=108E74 PC=5F68 -- 005F68: move.b  ($1a,PC,D1.w), D0
D0=72D11332 D1=2 D2=200000 D3=FF29 D4=16405000 D5=84598540 D6=84598540 D7=FFFF A0=3934E A1=D00035 A2=4ABB4 A3=108F4A A4=108584 A5=108000 A6=108E74 PC=5F6C -- 005F6C: move.l  D0, $3c0000.l
D0=72D11332 D1=2 D2=200000 D3=FF29 D4=16405000 D5=84598540 D6=84598540 D7=FFFF A0=3934E A1=D00035 A2=4ABB4 A3=108F4A A4=108584 A5=108000 A6=108E74 PC=5F72 -- 005F72: andi.w  #$f, D3
D0=72D11332 D1=2 D2=200000 D3=9 D4=16405000 D5=84598540 D6=84598540 D7=FFFF A0=3934E A1=D00035 A2=4ABB4 A3=108F4A A4=108584 A5=108000 A6=108E74 PC=5F76 -- 005F76: move.b  ($c,PC,D3.w), D0
D0=72D11339 D1=2 D2=200000 D3=9 D4=16405000 D5=84598540 D6=84598540 D7=FFFF A0=3934E A1=D00035 A2=4ABB4 A3=108F4A A4=108584 A5=108000 A6=108E74 PC=5F7A -- 005F7A: add.l   D2, D0
D0=72F11339 D1=2 D2=200000 D3=9 D4=16405000 D5=84598540 D6=84598540 D7=FFFF A0=3934E A1=D00035 A2=4ABB4 A3=108F4A A4=108584 A5=108000 A6=108E74 PC=5F7C -- 005F7C: move.l  D0, $3c0000.l
D0=72F11339 D1=2 D2=200000 D3=9 D4=16405000 D5=84598540 D6=84598540 D7=FFFF A0=3934E A1=D00035 A2=4ABB4 A3=108F4A A4=108584 A5=108000 A6=108E74 PC=5F82 -- 005F82: rts
D0=72F11339 D1=2 D2=200000 D3=9 D4=16405000 D5=84598540 D6=84598540 D7=FFFF A0=3934E A1=D00035 A2=4ABB4 A3=108F4A A4=108584 A5=108000 A6=108E74 PC=39372 -- 039372: rts
D0=72F11339 D1=2 D2=200000 D3=9 D4=16405000 D5=84598540 D6=84598540 D7=FFFF A0=3934E A1=D00035 A2=4ABB4 A3=108F4A A4=108584 A5=108000 A6=108E74 PC=32B30 -- 032B30: move.l  #$100100, D7
D0=72F11339 D1=2 D2=200000 D3=9 D4=16405000 D5=84598540 D6=84598540 D7=100100 A0=3934E A1=D00035 A2=4ABB4 A3=108F4A A4=108584 A5=108000 A6=108E74 PC=32B36 -- 032B36: movea.l D7, A4
D0=72F11339 D1=2 D2=200000 D3=9 D4=16405000 D5=84598540 D6=84598540 D7=100100 A0=3934E A1=D00035 A2=4ABB4 A3=108F4A A4=100100 A5=108000 A6=108E74 PC=32B38 -- 032B38: movea.l (A4), A0
D0=72F11339 D1=2 D2=200000 D3=9 D4=16405000 D5=84598540 D6=84598540 D7=100100 A0=25A8 A1=D00035 A2=4ABB4 A3=108F4A A4=100100 A5=108000 A6=108E74 PC=32B3A -- 032B3A: jsr     (A0)
D0=72F11339 D1=2 D2=200000 D3=9 D4=16405000 D5=84598540 D6=84598540 D7=100100 A0=25A8 A1=D00035 A2=4ABB4 A3=108F4A A4=100100 A5=108000 A6=108E74 PC=25A8 -- 0025A8: rts
D0=72F11339 D1=2 D2=200000 D3=9 D4=16405000 D5=84598540 D6=84598540 D7=100100 A0=25A8 A1=D00035 A2=4ABB4 A3=108F4A A4=100100 A5=108000 A6=108E74 PC=32B3C -- 032B3C: move.l  A4, D7
D0=72F11339 D1=2 D2=200000 D3=9 D4=16405000 D5=84598540 D6=84598540 D7=100100 A0=25A8 A1=D00035 A2=4ABB4 A3=108F4A A4=100100 A5=108000 A6=108E74 PC=32B3E -- 032B3E: move.w  ($4,A4), D7
D0=72F11339 D1=2 D2=200000 D3=9 D4=16405000 D5=84598540 D6=84598540 D7=100500 A0=25A8 A1=D00035 A2=4ABB4 A3=108F4A A4=100100 A5=108000 A6=108E74 PC=32B42 -- 032B42: bpl     $32b36
D0=72F11339 D1=2 D2=200000 D3=9 D4=16405000 D5=84598540 D6=84598540 D7=100500 A0=25A8 A1=D00035 A2=4ABB4 A3=108F4A A4=100100 A5=108000 A6=108E74 PC=32B36 -- 032B36: movea.l D7, A4
D0=72F11339 D1=2 D2=200000 D3=9 D4=16405000 D5=84598540 D6=84598540 D7=100500 A0=25A8 A1=D00035 A2=4ABB4 A3=108F4A A4=100500 A5=108000 A6=108E74 PC=32B38 -- 032B38: movea.l (A4), A0
D0=72F11339 D1=2 D2=200000 D3=9 D4=16405000 D5=84598540 D6=84598540 D7=100500 A0=3A70E A1=D00035 A2=4ABB4 A3=108F4A A4=100500 A5=108000 A6=108E74 PC=32B3A -- 032B3A: jsr     (A0)
D0=72F11339 D1=2 D2=200000 D3=9 D4=16405000 D5=84598540 D6=84598540 D7=100500 A0=3A70E A1=D00035 A2=4ABB4 A3=108F4A A4=100500 A5=108000 A6=108E74 PC=3A70E -- 03A70E: movea.l ($84,A4), A0
D0=72F11339 D1=2 D2=200000 D3=9 D4=16405000 D5=84598540 D6=84598540 D7=100500 A0=108584 A1=D00035 A2=4ABB4 A3=108F4A A4=100500 A5=108000 A6=108E74 PC=3A712 -- 03A712: btst    #$0, ($cf,A0)
D0=72F11339 D1=2 D2=200000 D3=9 D4=16405000 D5=84598540 D6=84598540 D7=100500 A0=108584 A1=D00035 A2=4ABB4 A3=108F4A A4=100500 A5=108000 A6=108E74 PC=3A718 -- 03A718: beq     $3890a
D0=72F11339 D1=2 D2=200000 D3=9 D4=16405000 D5=84598540 D6=84598540 D7=100500 A0=108584 A1=D00035 A2=4ABB4 A3=108F4A A4=100500 A5=108000 A6=108E74 PC=3890A -- 03890A: jsr     $48e6.l
D0=72F11339 D1=2 D2=200000 D3=9 D4=16405000 D5=84598540 D6=84598540 D7=100500 A0=108584 A1=D00035 A2=4ABB4 A3=108F4A A4=100500 A5=108000 A6=108E74 PC=48E6 -- 0048E6: move.w  ($70,A4), D0
D0=72F1001B D1=2 D2=200000 D3=9 D4=16405000 D5=84598540 D6=84598540 D7=100500 A0=108584 A1=D00035 A2=4ABB4 A3=108F4A A4=100500 A5=108000 A6=108E74 PC=48EA -- 0048EA: cmp.b   ($78,A4), D0
D0=72F1001B D1=2 D2=200000 D3=9 D4=16405000 D5=84598540 D6=84598540 D7=100500 A0=108584 A1=D00035 A2=4ABB4 A3=108F4A A4=100500 A5=108000 A6=108E74 PC=48EE -- 0048EE: bne     $491c
D0=72F1001B D1=2 D2=200000 D3=9 D4=16405000 D5=84598540 D6=84598540 D7=100500 A0=108584 A1=D00035 A2=4ABB4 A3=108F4A A4=100500 A5=108000 A6=108E74 PC=48F0 -- 0048F0: move.w  ($72,A4), D0
D0=72F1001C D1=2 D2=200000 D3=9 D4=16405000 D5=84598540 D6=84598540 D7=100500 A0=108584 A1=D00035 A2=4ABB4 A3=108F4A A4=100500 A5=108000 A6=108E74 PC=48F4 -- 0048F4: cmp.b   ($79,A4), D0
D0=72F1001C D1=2 D2=200000 D3=9 D4=16405000 D5=84598540 D6=84598540 D7=100500 A0=108584 A1=D00035 A2=4ABB4 A3=108F4A A4=100500 A5=108000 A6=108E74 PC=48F8 -- 0048F8: bne     $493c
D0=72F1001C D1=2 D2=200000 D3=9 D4=16405000 D5=84598540 D6=84598540 D7=100500 A0=108584 A1=D00035 A2=4ABB4 A3=108F4A A4=100500 A5=108000 A6=108E74 PC=48FA -- 0048FA: tst.b   ($77,A4)
D0=72F1001C D1=2 D2=200000 D3=9 D4=16405000 D5=84598540 D6=84598540 D7=100500 A0=108584 A1=D00035 A2=4ABB4 A3=108F4A A4=100500 A5=108000 A6=108E74 PC=48FE -- 0048FE: bne     $495c
D0=72F1001C D1=2 D2=200000 D3=9 D4=16405000 D5=84598540 D6=84598540 D7=100500 A0=108584 A1=D00035 A2=4ABB4 A3=108F4A A4=100500 A5=108000 A6=108E74 PC=4900 -- 004900: tst.b   ($7a,A4)
D0=72F1001C D1=2 D2=200000 D3=9 D4=16405000 D5=84598540 D6=84598540 D7=100500 A0=108584 A1=D00035 A2=4ABB4 A3=108F4A A4=100500 A5=108000 A6=108E74 PC=4904 -- 004904: bmi     $491a
D0=72F1001C D1=2 D2=200000 D3=9 D4=16405000 D5=84598540 D6=84598540 D7=100500 A0=108584 A1=D00035 A2=4ABB4 A3=108F4A A4=100500 A5=108000 A6=108E74 PC=491A -- 00491A: rts
D0=72F1001C D1=2 D2=200000 D3=9 D4=16405000 D5=84598540 D6=84598540 D7=100500 A0=108584 A1=D00035 A2=4ABB4 A3=108F4A A4=100500 A5=108000 A6=108E74 PC=38910 -- 038910: jmp     $3e2e.l
D0=72F1001C D1=2 D2=200000 D3=9 D4=16405000 D5=84598540 D6=84598540 D7=100500 A0=108584 A1=D00035 A2=4ABB4 A3=108F4A A4=100500 A5=108000 A6=108E74 PC=3E2E -- 003E2E: tst.w   ($74,A4)
D0=72F1001C D1=2 D2=200000 D3=9 D4=16405000 D5=84598540 D6=84598540 D7=100500 A0=108584 A1=D00035 A2=4ABB4 A3=108F4A A4=100500 A5=108000 A6=108E74 PC=3E32 -- 003E32: bmi     $3e80
D0=72F1001C D1=2 D2=200000 D3=9 D4=16405000 D5=84598540 D6=84598540 D7=100500 A0=108584 A1=D00035 A2=4ABB4 A3=108F4A A4=100500 A5=108000 A6=108E74 PC=3E34 -- 003E34: btst    #$6, ($7c,A4)
D0=72F1001C D1=2 D2=200000 D3=9 D4=16405000 D5=84598540 D6=84598540 D7=100500 A0=108584 A1=D00035 A2=4ABB4 A3=108F4A A4=100500 A5=108000 A6=108E74 PC=3E3A -- 003E3A: bne     $3e78
D0=72F1001C D1=2 D2=200000 D3=9 D4=16405000 D5=84598540 D6=84598540 D7=100500 A0=108584 A1=D00035 A2=4ABB4 A3=108F4A A4=100500 A5=108000 A6=108E74 PC=3E3E -- 003E3E: moveq   #$0, D3
D0=72F1001C D1=2 D2=200000 D3=0 D4=16405000 D5=84598540 D6=84598540 D7=100500 A0=108584 A1=D00035 A2=4ABB4 A3=108F4A A4=100500 A5=108000 A6=108E74 PC=3E40 -- 003E40: move.b  ($82,A4), D3
D0=72F1001C D1=2 D2=200000 D3=0 D4=16405000 D5=84598540 D6=84598540 D7=100500 A0=108584 A1=D00035 A2=4ABB4 A3=108F4A A4=100500 A5=108000 A6=108E74 PC=3E44 -- 003E44: add.w   D3, D3
D0=72F1001C D1=2 D2=200000 D3=0 D4=16405000 D5=84598540 D6=84598540 D7=100500 A0=108584 A1=D00035 A2=4ABB4 A3=108F4A A4=100500 A5=108000 A6=108E74 PC=3E46 -- 003E46: add.w   D3, D3
D0=72F1001C D1=2 D2=200000 D3=0 D4=16405000 D5=84598540 D6=84598540 D7=100500 A0=108584 A1=D00035 A2=4ABB4 A3=108F4A A4=100500 A5=108000 A6=108E74 PC=3E48 -- 003E48: move.w  ($18,A4), D0
D0=72F1011D D1=2 D2=200000 D3=0 D4=16405000 D5=84598540 D6=84598540 D7=100500 A0=108584 A1=D00035 A2=4ABB4 A3=108F4A A4=100500 A5=108000 A6=108E74 PC=3E4C -- 003E4C: lea     ($104c,A5), A0
D0=72F1011D D1=2 D2=200000 D3=0 D4=16405000 D5=84598540 D6=84598540 D7=100500 A0=10904C A1=D00035 A2=4ABB4 A3=108F4A A4=100500 A5=108000 A6=108E74 PC=3E50 -- 003E50: sub.w   (A0,D3.w), D0
D0=72F1011D D1=2 D2=200000 D3=0 D4=16405000 D5=84598540 D6=84598540 D7=100500 A0=10904C A1=D00035 A2=4ABB4 A3=108F4A A4=100500 A5=108000 A6=108E74 PC=3E54 -- 003E54: addi.w  #$30, D0
D0=72F1014D D1=2 D2=200000 D3=0 D4=16405000 D5=84598540 D6=84598540 D7=100500 A0=10904C A1=D00035 A2=4ABB4 A3=108F4A A4=100500 A5=108000 A6=108E74 PC=3E58 -- 003E58: cmpi.w  #$1a0, D0
D0=72F1014D D1=2 D2=200000 D3=0 D4=16405000 D5=84598540 D6=84598540 D7=100500 A0=10904C A1=D00035 A2=4ABB4 A3=108F4A A4=100500 A5=108000 A6=108E74 PC=3E5C -- 003E5C: bls     $3e60
D0=72F1014D D1=2 D2=200000 D3=0 D4=16405000 D5=84598540 D6=84598540 D7=100500 A0=10904C A1=D00035 A2=4ABB4 A3=108F4A A4=100500 A5=108000 A6=108E74 PC=3E60 -- 003E60: move.w  ($1c,A4), D0
D0=72F10070 D1=2 D2=200000 D3=0 D4=16405000 D5=84598540 D6=84598540 D7=100500 A0=10904C A1=D00035 A2=4ABB4 A3=108F4A A4=100500 A5=108000 A6=108E74 PC=3E64 -- 003E64: sub.w   ($20,A4), D0
D0=72F10070 D1=2 D2=200000 D3=0 D4=16405000 D5=84598540 D6=84598540 D7=100500 A0=10904C A1=D00035 A2=4ABB4 A3=108F4A A4=100500 A5=108000 A6=108E74 PC=3E68 -- 003E68: lea     ($1058,A5), A0
D0=72F10070 D1=2 D2=200000 D3=0 D4=16405000 D5=84598540 D6=84598540 D7=100500 A0=109058 A1=D00035 A2=4ABB4 A3=108F4A A4=100500 A5=108000 A6=108E74 PC=3E6C -- 003E6C: sub.w   (A0,D3.w), D0
D0=72F10070 D1=2 D2=200000 D3=0 D4=16405000 D5=84598540 D6=84598540 D7=100500 A0=109058 A1=D00035 A2=4ABB4 A3=108F4A A4=100500 A5=108000 A6=108E74 PC=3E70 -- 003E70: cmpi.w  #$1c0, D0
D0=72F10070 D1=2 D2=200000 D3=0 D4=16405000 D5=84598540 D6=84598540 D7=100500 A0=109058 A1=D00035 A2=4ABB4 A3=108F4A A4=100500 A5=108000 A6=108E74 PC=3E74 -- 003E74: bls     $3e78
D0=72F10070 D1=2 D2=200000 D3=0 D4=16405000 D5=84598540 D6=84598540 D7=100500 A0=109058 A1=D00035 A2=4ABB4 A3=108F4A A4=100500 A5=108000 A6=108E74 PC=3E78 -- 003E78: bsr     $4860
D0=72F10070 D1=2 D2=200000 D3=0 D4=16405000 D5=84598540 D6=84598540 D7=100500 A0=109058 A1=D00035 A2=4ABB4 A3=108F4A A4=100500 A5=108000 A6=108E74 PC=4860 -- 004860: lea     $7bf48.l, A0
D0=72F10070 D1=2 D2=200000 D3=0 D4=16405000 D5=84598540 D6=84598540 D7=100500 A0=7BF48 A1=D00035 A2=4ABB4 A3=108F4A A4=100500 A5=108000 A6=108E74 PC=4866 -- 004866: move.w  ($70,A4), D0
D0=72F1001B D1=2 D2=200000 D3=0 D4=16405000 D5=84598540 D6=84598540 D7=100500 A0=7BF48 A1=D00035 A2=4ABB4 A3=108F4A A4=100500 A5=108000 A6=108E74 PC=486A -- 00486A: add.w   D0, D0
D0=72F10036 D1=2 D2=200000 D3=0 D4=16405000 D5=84598540 D6=84598540 D7=100500 A0=7BF48 A1=D00035 A2=4ABB4 A3=108F4A A4=100500 A5=108000 A6=108E74 PC=486C -- 00486C: add.w   D0, D0
D0=72F1006C D1=2 D2=200000 D3=0 D4=16405000 D5=84598540 D6=84598540 D7=100500 A0=7BF48 A1=D00035 A2=4ABB4 A3=108F4A A4=100500 A5=108000 A6=108E74 PC=486E -- 00486E: movea.l (A0,D0.w), A0
D0=72F1006C D1=2 D2=200000 D3=0 D4=16405000 D5=84598540 D6=84598540 D7=100500 A0=7F5E0 A1=D00035 A2=4ABB4 A3=108F4A A4=100500 A5=108000 A6=108E74 PC=4872 -- 004872: move.w  ($72,A4), D0
D0=72F1001C D1=2 D2=200000 D3=0 D4=16405000 D5=84598540 D6=84598540 D7=100500 A0=7F5E0 A1=D00035 A2=4ABB4 A3=108F4A A4=100500 A5=108000 A6=108E74 PC=4876 -- 004876: add.w   D0, D0
D0=72F10038 D1=2 D2=200000 D3=0 D4=16405000 D5=84598540 D6=84598540 D7=100500 A0=7F5E0 A1=D00035 A2=4ABB4 A3=108F4A A4=100500 A5=108000 A6=108E74 PC=4878 -- 004878: move.w  (A0,D0.w), D1
D0=72F10038 D1=1C1C D2=200000 D3=0 D4=16405000 D5=84598540 D6=84598540 D7=100500 A0=7F5E0 A1=D00035 A2=4ABB4 A3=108F4A A4=100500 A5=108000 A6=108E74 PC=487C -- 00487C: move.w  D1, ($46de,A5)
D0=72F10038 D1=1C1C D2=200000 D3=0 D4=16405000 D5=84598540 D6=84598540 D7=100500 A0=7F5E0 A1=D00035 A2=4ABB4 A3=108F4A A4=100500 A5=108000 A6=108E74 PC=4880 -- 004880: lea     $80000.l, A0
D0=72F10038 D1=1C1C D2=200000 D3=0 D4=16405000 D5=84598540 D6=84598540 D7=100500 A0=80000 A1=D00035 A2=4ABB4 A3=108F4A A4=100500 A5=108000 A6=108E74 PC=4886 -- 004886: move.w  ($70,A4), D0
D0=72F1001B D1=1C1C D2=200000 D3=0 D4=16405000 D5=84598540 D6=84598540 D7=100500 A0=80000 A1=D00035 A2=4ABB4 A3=108F4A A4=100500 A5=108000 A6=108E74 PC=488A -- 00488A: add.w   D0, D0
D0=72F10036 D1=1C1C D2=200000 D3=0 D4=16405000 D5=84598540 D6=84598540 D7=100500 A0=80000 A1=D00035 A2=4ABB4 A3=108F4A A4=100500 A5=108000 A6=108E74 PC=488C -- 00488C: add.w   D0, D0
D0=72F1006C D1=1C1C D2=200000 D3=0 D4=16405000 D5=84598540 D6=84598540 D7=100500 A0=80000 A1=D00035 A2=4ABB4 A3=108F4A A4=100500 A5=108000 A6=108E74 PC=488E -- 00488E: movea.l (A0,D0.w), A0
D0=72F1006C D1=1C1C D2=200000 D3=0 D4=16405000 D5=84598540 D6=84598540 D7=100500 A0=86E00 A1=D00035 A2=4ABB4 A3=108F4A A4=100500 A5=108000 A6=108E74 PC=4892 -- 004892: move.w  ($46de,A5), D0
D0=72F11C1C D1=1C1C D2=200000 D3=0 D4=16405000 D5=84598540 D6=84598540 D7=100500 A0=86E00 A1=D00035 A2=4ABB4 A3=108F4A A4=100500 A5=108000 A6=108E74 PC=4896 -- 004896: tst.b   ($46e2,A5)
D0=72F11C1C D1=1C1C D2=200000 D3=0 D4=16405000 D5=84598540 D6=84598540 D7=100500 A0=86E00 A1=D00035 A2=4ABB4 A3=108F4A A4=100500 A5=108000 A6=108E74 PC=489A -- 00489A: beq     $48a0
D0=72F11C1C D1=1C1C D2=200000 D3=0 D4=16405000 D5=84598540 D6=84598540 D7=100500 A0=86E00 A1=D00035 A2=4ABB4 A3=108F4A A4=100500 A5=108000 A6=108E74 PC=48A0 -- 0048A0: andi.w  #$ff, D0
D0=72F1001C D1=1C1C D2=200000 D3=0 D4=16405000 D5=84598540 D6=84598540 D7=100500 A0=86E00 A1=D00035 A2=4ABB4 A3=108F4A A4=100500 A5=108000 A6=108E74 PC=48A4 -- 0048A4: add.w   D0, D0
D0=72F10038 D1=1C1C D2=200000 D3=0 D4=16405000 D5=84598540 D6=84598540 D7=100500 A0=86E00 A1=D00035 A2=4ABB4 A3=108F4A A4=100500 A5=108000 A6=108E74 PC=48A6 -- 0048A6: add.w   D0, D0
D0=72F10070 D1=1C1C D2=200000 D3=0 D4=16405000 D5=84598540 D6=84598540 D7=100500 A0=86E00 A1=D00035 A2=4ABB4 A3=108F4A A4=100500 A5=108000 A6=108E74 PC=48A8 -- 0048A8: movea.l (A0,D0.w), A0
D0=72F10070 D1=1C1C D2=200000 D3=0 D4=16405000 D5=84598540 D6=84598540 D7=100500 A0=F2E88 A1=D00035 A2=4ABB4 A3=108F4A A4=100500 A5=108000 A6=108E74 PC=48AC -- 0048AC: move.w  ($74,A4), D0
D0=72F1000C D1=1C1C D2=200000 D3=0 D4=16405000 D5=84598540 D6=84598540 D7=100500 A0=F2E88 A1=D00035 A2=4ABB4 A3=108F4A A4=100500 A5=108000 A6=108E74 PC=48B0 -- 0048B0: adda.w  D0, A0
D0=72F1000C D1=1C1C D2=200000 D3=0 D4=16405000 D5=84598540 D6=84598540 D7=100500 A0=F2E94 A1=D00035 A2=4ABB4 A3=108F4A A4=100500 A5=108000 A6=108E74 PC=48B2 -- 0048B2: move.l  (A0), D0
D0=10F0FD8 D1=1C1C D2=200000 D3=0 D4=16405000 D5=84598540 D6=84598540 D7=100500 A0=F2E94 A1=D00035 A2=4ABB4 A3=108F4A A4=100500 A5=108000 A6=108E74 PC=48B4 -- 0048B4: andi.l  #$ffffff, D0
D0=F0FD8 D1=1C1C D2=200000 D3=0 D4=16405000 D5=84598540 D6=84598540 D7=100500 A0=F2E94 A1=D00035 A2=4ABB4 A3=108F4A A4=100500 A5=108000 A6=108E74 PC=48BA -- 0048BA: movea.l D0, A0
D0=F0FD8 D1=1C1C D2=200000 D3=0 D4=16405000 D5=84598540 D6=84598540 D7=100500 A0=F0FD8 A1=D00035 A2=4ABB4 A3=108F4A A4=100500 A5=108000 A6=108E74 PC=48BC -- 0048BC: move.w  ($4,A0), D0
D0=F0068 D1=1C1C D2=200000 D3=0 D4=16405000 D5=84598540 D6=84598540 D7=100500 A0=F0FD8 A1=D00035 A2=4ABB4 A3=108F4A A4=100500 A5=108000 A6=108E74 PC=48C0 -- 0048C0: andi.w  #$1fff, D0
D0=F0068 D1=1C1C D2=200000 D3=0 D4=16405000 D5=84598540 D6=84598540 D7=100500 A0=F0FD8 A1=D00035 A2=4ABB4 A3=108F4A A4=100500 A5=108000 A6=108E74 PC=48C4 -- 0048C4: move.w  D0, ($46e0,A5)
D0=F0068 D1=1C1C D2=200000 D3=0 D4=16405000 D5=84598540 D6=84598540 D7=100500 A0=F0FD8 A1=D00035 A2=4ABB4 A3=108F4A A4=100500 A5=108000 A6=108E74 PC=48C8 -- 0048C8: lea     $80080.l, A0
D0=F0068 D1=1C1C D2=200000 D3=0 D4=16405000 D5=84598540 D6=84598540 D7=100500 A0=80080 A1=D00035 A2=4ABB4 A3=108F4A A4=100500 A5=108000 A6=108E74 PC=48CE -- 0048CE: move.w  ($70,A4), D1
D0=F0068 D1=1B D2=200000 D3=0 D4=16405000 D5=84598540 D6=84598540 D7=100500 A0=80080 A1=D00035 A2=4ABB4 A3=108F4A A4=100500 A5=108000 A6=108E74 PC=48D2 -- 0048D2: add.w   D1, D1
D0=F0068 D1=36 D2=200000 D3=0 D4=16405000 D5=84598540 D6=84598540 D7=100500 A0=80080 A1=D00035 A2=4ABB4 A3=108F4A A4=100500 A5=108000 A6=108E74 PC=48D4 -- 0048D4: add.w   D1, D1
D0=F0068 D1=6C D2=200000 D3=0 D4=16405000 D5=84598540 D6=84598540 D7=100500 A0=80080 A1=D00035 A2=4ABB4 A3=108F4A A4=100500 A5=108000 A6=108E74 PC=48D6 -- 0048D6: movea.l (A0,D1.w), A0
D0=F0068 D1=6C D2=200000 D3=0 D4=16405000 D5=84598540 D6=84598540 D7=100500 A0=95200 A1=D00035 A2=4ABB4 A3=108F4A A4=100500 A5=108000 A6=108E74 PC=48DA -- 0048DA: add.w   D0, D0
D0=F00D0 D1=6C D2=200000 D3=0 D4=16405000 D5=84598540 D6=84598540 D7=100500 A0=95200 A1=D00035 A2=4ABB4 A3=108F4A A4=100500 A5=108000 A6=108E74 PC=48DC -- 0048DC: add.w   D0, D0
D0=F01A0 D1=6C D2=200000 D3=0 D4=16405000 D5=84598540 D6=84598540 D7=100500 A0=95200 A1=D00035 A2=4ABB4 A3=108F4A A4=100500 A5=108000 A6=108E74 PC=48DE -- 0048DE: move.l  (A0,D0.w), ($28,A4)
D0=F01A0 D1=6C D2=200000 D3=0 D4=16405000 D5=84598540 D6=84598540 D7=100500 A0=95200 A1=D00035 A2=4ABB4 A3=108F4A A4=100500 A5=108000 A6=108E74 PC=48E4 -- 0048E4: rts
D0=F01A0 D1=6C D2=200000 D3=0 D4=16405000 D5=84598540 D6=84598540 D7=100500 A0=95200 A1=D00035 A2=4ABB4 A3=108F4A A4=100500 A5=108000 A6=108E74 PC=3E7C -- 003E7C: bra     $481a
D0=F01A0 D1=6C D2=200000 D3=0 D4=16405000 D5=84598540 D6=84598540 D7=100500 A0=95200 A1=D00035 A2=4ABB4 A3=108F4A A4=100500 A5=108000 A6=108E74 PC=481A -- 00481A: addq.w  #1, ($e3a,A5)
D0=F01A0 D1=6C D2=200000 D3=0 D4=16405000 D5=84598540 D6=84598540 D7=100500 A0=95200 A1=D00035 A2=4ABB4 A3=108F4A A4=100500 A5=108000 A6=108E74 PC=481E -- 00481E: lea     ($838,A5), A1
D0=F01A0 D1=6C D2=200000 D3=0 D4=16405000 D5=84598540 D6=84598540 D7=100500 A0=95200 A1=108838 A2=4ABB4 A3=108F4A A4=100500 A5=108000 A6=108E74 PC=4822 -- 004822: move.w  ($2c,A4), D0
D0=F0064 D1=6C D2=200000 D3=0 D4=16405000 D5=84598540 D6=84598540 D7=100500 A0=95200 A1=108838 A2=4ABB4 A3=108F4A A4=100500 A5=108000 A6=108E74 PC=4826 -- 004826: move.w  D0, D1
D0=F0064 D1=64 D2=200000 D3=0 D4=16405000 D5=84598540 D6=84598540 D7=100500 A0=95200 A1=108838 A2=4ABB4 A3=108F4A A4=100500 A5=108000 A6=108E74 PC=4828 -- 004828: add.w   D1, D1
D0=F0064 D1=C8 D2=200000 D3=0 D4=16405000 D5=84598540 D6=84598540 D7=100500 A0=95200 A1=108838 A2=4ABB4 A3=108F4A A4=100500 A5=108000 A6=108E74 PC=482A -- 00482A: adda.w  D1, A1
D0=F0064 D1=C8 D2=200000 D3=0 D4=16405000 D5=84598540 D6=84598540 D7=100500 A0=95200 A1=108900 A2=4ABB4 A3=108F4A A4=100500 A5=108000 A6=108E74 PC=482C -- 00482C: cmp.w   ($e38,A5), D1
D0=F0064 D1=C8 D2=200000 D3=0 D4=16405000 D5=84598540 D6=84598540 D7=100500 A0=95200 A1=108900 A2=4ABB4 A3=108F4A A4=100500 A5=108000 A6=108E74 PC=4830 -- 004830: bhi     $4836
D0=F0064 D1=C8 D2=200000 D3=0 D4=16405000 D5=84598540 D6=84598540 D7=100500 A0=95200 A1=108900 A2=4ABB4 A3=108F4A A4=100500 A5=108000 A6=108E74 PC=4832 -- 004832: move.w  D1, ($e38,A5)
D0=F0064 D1=C8 D2=200000 D3=0 D4=16405000 D5=84598540 D6=84598540 D7=100500 A0=95200 A1=108900 A2=4ABB4 A3=108F4A A4=100500 A5=108000 A6=108E74 PC=4836 -- 004836: move.w  (A1)+, D1
D0=F0064 D1=0 D2=200000 D3=0 D4=16405000 D5=84598540 D6=84598540 D7=100500 A0=95200 A1=108902 A2=4ABB4 A3=108F4A A4=100500 A5=108000 A6=108E74 PC=4838 -- 004838: beq     $485a
D0=F0064 D1=0 D2=200000 D3=0 D4=16405000 D5=84598540 D6=84598540 D7=100500 A0=95200 A1=108902 A2=4ABB4 A3=108F4A A4=100500 A5=108000 A6=108E74 PC=485A -- 00485A: move.w  A4, (-$2,A1)
D0=F0064 D1=0 D2=200000 D3=0 D4=16405000 D5=84598540 D6=84598540 D7=100500 A0=95200 A1=108902 A2=4ABB4 A3=108F4A A4=100500 A5=108000 A6=108E74 PC=485E -- 00485E: rts
D0=F0064 D1=0 D2=200000 D3=0 D4=16405000 D5=84598540 D6=84598540 D7=100500 A0=95200 A1=108902 A2=4ABB4 A3=108F4A A4=100500 A5=108000 A6=108E74 PC=32B3C -- 032B3C: move.l  A4, D7
D0=F0064 D1=0 D2=200000 D3=0 D4=16405000 D5=84598540 D6=84598540 D7=100500 A0=95200 A1=108902 A2=4ABB4 A3=108F4A A4=100500 A5=108000 A6=108E74 PC=32B3E -- 032B3E: move.w  ($4,A4), D7
D0=F0064 D1=0 D2=200000 D3=0 D4=16405000 D5=84598540 D6=84598540 D7=100700 A0=95200 A1=108902 A2=4ABB4 A3=108F4A A4=100500 A5=108000 A6=108E74 PC=32B42 -- 032B42: bpl     $32b36
D0=F0064 D1=0 D2=200000 D3=0 D4=16405000 D5=84598540 D6=84598540 D7=100700 A0=95200 A1=108902 A2=4ABB4 A3=108F4A A4=100500 A5=108000 A6=108E74 PC=32B36 -- 032B36: movea.l D7, A4
D0=F0064 D1=0 D2=200000 D3=0 D4=16405000 D5=84598540 D6=84598540 D7=100700 A0=95200 A1=108902 A2=4ABB4 A3=108F4A A4=100700 A5=108000 A6=108E74 PC=32B38 -- 032B38: movea.l (A4), A0
D0=F0064 D1=0 D2=200000 D3=0 D4=16405000 D5=84598540 D6=84598540 D7=100700 A0=3A7C8 A1=108902 A2=4ABB4 A3=108F4A A4=100700 A5=108000 A6=108E74 PC=32B3A -- 032B3A: jsr     (A0)
D0=F0064 D1=0 D2=200000 D3=0 D4=16405000 D5=84598540 D6=84598540 D7=100700 A0=3A7C8 A1=108902 A2=4ABB4 A3=108F4A A4=100700 A5=108000 A6=108E74 PC=3A7C8 -- 03A7C8: movea.l ($84,A4), A0
D0=F0064 D1=0 D2=200000 D3=0 D4=16405000 D5=84598540 D6=84598540 D7=100700 A0=108584 A1=108902 A2=4ABB4 A3=108F4A A4=100700 A5=108000 A6=108E74 PC=3A7CC -- 03A7CC: btst    #$0, ($cf,A0)
D0=F0064 D1=0 D2=200000 D3=0 D4=16405000 D5=84598540 D6=84598540 D7=100700 A0=108584 A1=108902 A2=4ABB4 A3=108F4A A4=100700 A5=108000 A6=108E74 PC=3A7D2 -- 03A7D2: bne     $3a842
D0=F0064 D1=0 D2=200000 D3=0 D4=16405000 D5=84598540 D6=84598540 D7=100700 A0=108584 A1=108902 A2=4ABB4 A3=108F4A A4=100700 A5=108000 A6=108E74 PC=3A7D6 -- 03A7D6: jsr     $2582.l
D0=F0064 D1=0 D2=200000 D3=0 D4=16405000 D5=84598540 D6=84598540 D7=100700 A0=108584 A1=108902 A2=4ABB4 A3=108F4A A4=100700 A5=108000 A6=108E74 PC=2582 -- 002582: add.w   $3c0006.l, D0
D0=F8067 D1=0 D2=200000 D3=0 D4=16405000 D5=84598540 D6=84598540 D7=100700 A0=108584 A1=108902 A2=4ABB4 A3=108F4A A4=100700 A5=108000 A6=108E74 PC=2588 -- 002588: lsr.w   #3, D0
D0=F100C D1=0 D2=200000 D3=0 D4=16405000 D5=84598540 D6=84598540 D7=100700 A0=108584 A1=108902 A2=4ABB4 A3=108F4A A4=100700 A5=108000 A6=108E74 PC=258A -- 00258A: add.w   (-$7f78,A5), D0
D0=FB81E D1=0 D2=200000 D3=0 D4=16405000 D5=84598540 D6=84598540 D7=100700 A0=108584 A1=108902 A2=4ABB4 A3=108F4A A4=100700 A5=108000 A6=108E74 PC=258E -- 00258E: add.w   (-$7f7a,A5), D0
D0=F7D80 D1=0 D2=200000 D3=0 D4=16405000 D5=84598540 D6=84598540 D7=100700 A0=108584 A1=108902 A2=4ABB4 A3=108F4A A4=100700 A5=108000 A6=108E74 PC=2592 -- 002592: addq.w  #1, (-$7f78,A5)
D0=F7D80 D1=0 D2=200000 D3=0 D4=16405000 D5=84598540 D6=84598540 D7=100700 A0=108584 A1=108902 A2=4ABB4 A3=108F4A A4=100700 A5=108000 A6=108E74 PC=2596 -- 002596: lea     $c04200.l, A0
D0=F7D80 D1=0 D2=200000 D3=0 D4=16405000 D5=84598540 D6=84598540 D7=100700 A0=C04200 A1=108902 A2=4ABB4 A3=108F4A A4=100700 A5=108000 A6=108E74 PC=259C -- 00259C: andi.l  #$ff, D0
D0=80 D1=0 D2=200000 D3=0 D4=16405000 D5=84598540 D6=84598540 D7=100700 A0=C04200 A1=108902 A2=4ABB4 A3=108F4A A4=100700 A5=108000 A6=108E74 PC=25A2 -- 0025A2: move.b  (A0,D0.w), D0
D0=4C D1=0 D2=200000 D3=0 D4=16405000 D5=84598540 D6=84598540 D7=100700 A0=C04200 A1=108902 A2=4ABB4 A3=108F4A A4=100700 A5=108000 A6=108E74 PC=25A6 -- 0025A6: rts
D0=4C D1=0 D2=200000 D3=0 D4=16405000 D5=84598540 D6=84598540 D7=100700 A0=C04200 A1=108902 A2=4ABB4 A3=108F4A A4=100700 A5=108000 A6=108E74 PC=3A7DC -- 03A7DC: andi.w  #$f, D0
D0=C D1=0 D2=200000 D3=0 D4=16405000 D5=84598540 D6=84598540 D7=100700 A0=C04200 A1=108902 A2=4ABB4 A3=108F4A A4=100700 A5=108000 A6=108E74 PC=3A7E0 -- 03A7E0: bne     $3a814
D0=C D1=0 D2=200000 D3=0 D4=16405000 D5=84598540 D6=84598540 D7=100700 A0=C04200 A1=108902 A2=4ABB4 A3=108F4A A4=100700 A5=108000 A6=108E74 PC=3A814 -- 03A814: tst.b   ($7a,A4)
D0=C D1=0 D2=200000 D3=0 D4=16405000 D5=84598540 D6=84598540 D7=100700 A0=C04200 A1=108902 A2=4ABB4 A3=108F4A A4=100700 A5=108000 A6=108E74 PC=3A818 -- 03A818: bmi     $3a792
D0=C D1=0 D2=200000 D3=0 D4=16405000 D5=84598540 D6=84598540 D7=100700 A0=C04200 A1=108902 A2=4ABB4 A3=108F4A A4=100700 A5=108000 A6=108E74 PC=3A81C -- 03A81C: move.l  ($54,A4), D0
D0=28800 D1=0 D2=200000 D3=0 D4=16405000 D5=84598540 D6=84598540 D7=100700 A0=C04200 A1=108902 A2=4ABB4 A3=108F4A A4=100700 A5=108000 A6=108E74 PC=3A820 -- 03A820: addi.l  #$1800, ($54,A4)
D0=28800 D1=0 D2=200000 D3=0 D4=16405000 D5=84598540 D6=84598540 D7=100700 A0=C04200 A1=108902 A2=4ABB4 A3=108F4A A4=100700 A5=108000 A6=108E74 PC=3A828 -- 03A828: sub.l   D0, ($1c,A4)
D0=28800 D1=0 D2=200000 D3=0 D4=16405000 D5=84598540 D6=84598540 D7=100700 A0=C04200 A1=108902 A2=4ABB4 A3=108F4A A4=100700 A5=108000 A6=108E74 PC=3A82C -- 03A82C: move.b  (-$7f79,A5), D0
D0=28862 D1=0 D2=200000 D3=0 D4=16405000 D5=84598540 D6=84598540 D7=100700 A0=C04200 A1=108902 A2=4ABB4 A3=108F4A A4=100700 A5=108000 A6=108E74 PC=3A830 -- 03A830: andi.b  #$1, D0
D0=28800 D1=0 D2=200000 D3=0 D4=16405000 D5=84598540 D6=84598540 D7=100700 A0=C04200 A1=108902 A2=4ABB4 A3=108F4A A4=100700 A5=108000 A6=108E74 PC=3A834 -- 03A834: move.b  ($cf,A4), D1
D0=28800 D1=1 D2=200000 D3=0 D4=16405000 D5=84598540 D6=84598540 D7=100700 A0=C04200 A1=108902 A2=4ABB4 A3=108F4A A4=100700 A5=108000 A6=108E74 PC=3A838 -- 03A838: eor.b   D1, D0
D0=28801 D1=1 D2=200000 D3=0 D4=16405000 D5=84598540 D6=84598540 D7=100700 A0=C04200 A1=108902 A2=4ABB4 A3=108F4A A4=100700 A5=108000 A6=108E74 PC=3A83A -- 03A83A: bne     $3890a
D0=28801 D1=1 D2=200000 D3=0 D4=16405000 D5=84598540 D6=84598540 D7=100700 A0=C04200 A1=108902 A2=4ABB4 A3=108F4A A4=100700 A5=108000 A6=108E74 PC=3890A -- 03890A: jsr     $48e6.l
D0=28801 D1=1 D2=200000 D3=0 D4=16405000 D5=84598540 D6=84598540 D7=100700 A0=C04200 A1=108902 A2=4ABB4 A3=108F4A A4=100700 A5=108000 A6=108E74 PC=48E6 -- 0048E6: move.w  ($70,A4), D0
D0=2001B D1=1 D2=200000 D3=0 D4=16405000 D5=84598540 D6=84598540 D7=100700 A0=C04200 A1=108902 A2=4ABB4 A3=108F4A A4=100700 A5=108000 A6=108E74 PC=48EA -- 0048EA: cmp.b   ($78,A4), D0
D0=2001B D1=1 D2=200000 D3=0 D4=16405000 D5=84598540 D6=84598540 D7=100700 A0=C04200 A1=108902 A2=4ABB4 A3=108F4A A4=100700 A5=108000 A6=108E74 PC=48EE -- 0048EE: bne     $491c
D0=2001B D1=1 D2=200000 D3=0 D4=16405000 D5=84598540 D6=84598540 D7=100700 A0=C04200 A1=108902 A2=4ABB4 A3=108F4A A4=100700 A5=108000 A6=108E74 PC=48F0 -- 0048F0: move.w  ($72,A4), D0
D0=20030 D1=1 D2=200000 D3=0 D4=16405000 D5=84598540 D6=84598540 D7=100700 A0=C04200 A1=108902 A2=4ABB4 A3=108F4A A4=100700 A5=108000 A6=108E74 PC=48F4 -- 0048F4: cmp.b   ($79,A4), D0
D0=20030 D1=1 D2=200000 D3=0 D4=16405000 D5=84598540 D6=84598540 D7=100700 A0=C04200 A1=108902 A2=4ABB4 A3=108F4A A4=100700 A5=108000 A6=108E74 PC=48F8 -- 0048F8: bne     $493c
D0=20030 D1=1 D2=200000 D3=0 D4=16405000 D5=84598540 D6=84598540 D7=100700 A0=C04200 A1=108902 A2=4ABB4 A3=108F4A A4=100700 A5=108000 A6=108E74 PC=48FA -- 0048FA: tst.b   ($77,A4)
D0=20030 D1=1 D2=200000 D3=0 D4=16405000 D5=84598540 D6=84598540 D7=100700 A0=C04200 A1=108902 A2=4ABB4 A3=108F4A A4=100700 A5=108000 A6=108E74 PC=48FE -- 0048FE: bne     $495c
D0=20030 D1=1 D2=200000 D3=0 D4=16405000 D5=84598540 D6=84598540 D7=100700 A0=C04200 A1=108902 A2=4ABB4 A3=108F4A A4=100700 A5=108000 A6=108E74 PC=4900 -- 004900: tst.b   ($7a,A4)
D0=20030 D1=1 D2=200000 D3=0 D4=16405000 D5=84598540 D6=84598540 D7=100700 A0=C04200 A1=108902 A2=4ABB4 A3=108F4A A4=100700 A5=108000 A6=108E74 PC=4904 -- 004904: bmi     $491a
D0=20030 D1=1 D2=200000 D3=0 D4=16405000 D5=84598540 D6=84598540 D7=100700 A0=C04200 A1=108902 A2=4ABB4 A3=108F4A A4=100700 A5=108000 A6=108E74 PC=4906 -- 004906: subq.b  #1, ($76,A4)
D0=20030 D1=1 D2=200000 D3=0 D4=16405000 D5=84598540 D6=84598540 D7=100700 A0=C04200 A1=108902 A2=4ABB4 A3=108F4A A4=100700 A5=108000 A6=108E74 PC=490A -- 00490A: bhi     $491a
D0=20030 D1=1 D2=200000 D3=0 D4=16405000 D5=84598540 D6=84598540 D7=100700 A0=C04200 A1=108902 A2=4ABB4 A3=108F4A A4=100700 A5=108000 A6=108E74 PC=490C -- 00490C: andi.w  #$efff, ($e6,A4)
D0=20030 D1=1 D2=200000 D3=0 D4=16405000 D5=84598540 D6=84598540 D7=100700 A0=C04200 A1=108902 A2=4ABB4 A3=108F4A A4=100700 A5=108000 A6=108E74 PC=4912 -- 004912: addq.w  #6, ($74,A4)
D0=20030 D1=1 D2=200000 D3=0 D4=16405000 D5=84598540 D6=84598540 D7=100700 A0=C04200 A1=108902 A2=4ABB4 A3=108F4A A4=100700 A5=108000 A6=108E74 PC=4916 -- 004916: bsr     $4962
D0=20030 D1=1 D2=200000 D3=0 D4=16405000 D5=84598540 D6=84598540 D7=100700 A0=C04200 A1=108902 A2=4ABB4 A3=108F4A A4=100700 A5=108000 A6=108E74 PC=4962 -- 004962: lea     $7bf48.l, A0
D0=20030 D1=1 D2=200000 D3=0 D4=16405000 D5=84598540 D6=84598540 D7=100700 A0=7BF48 A1=108902 A2=4ABB4 A3=108F4A A4=100700 A5=108000 A6=108E74 PC=4968 -- 004968: move.w  ($70,A4), D0
D0=2001B D1=1 D2=200000 D3=0 D4=16405000 D5=84598540 D6=84598540 D7=100700 A0=7BF48 A1=108902 A2=4ABB4 A3=108F4A A4=100700 A5=108000 A6=108E74 PC=496C -- 00496C: add.w   D0, D0
D0=20036 D1=1 D2=200000 D3=0 D4=16405000 D5=84598540 D6=84598540 D7=100700 A0=7BF48 A1=108902 A2=4ABB4 A3=108F4A A4=100700 A5=108000 A6=108E74 PC=496E -- 00496E: add.w   D0, D0
D0=2006C D1=1 D2=200000 D3=0 D4=16405000 D5=84598540 D6=84598540 D7=100700 A0=7BF48 A1=108902 A2=4ABB4 A3=108F4A A4=100700 A5=108000 A6=108E74 PC=4970 -- 004970: movea.l (A0,D0.w), A0
D0=2006C D1=1 D2=200000 D3=0 D4=16405000 D5=84598540 D6=84598540 D7=100700 A0=7F5E0 A1=108902 A2=4ABB4 A3=108F4A A4=100700 A5=108000 A6=108E74 PC=4974 -- 004974: move.w  ($72,A4), D0
D0=20030 D1=1 D2=200000 D3=0 D4=16405000 D5=84598540 D6=84598540 D7=100700 A0=7F5E0 A1=108902 A2=4ABB4 A3=108F4A A4=100700 A5=108000 A6=108E74 PC=4978 -- 004978: add.w   D0, D0
D0=20060 D1=1 D2=200000 D3=0 D4=16405000 D5=84598540 D6=84598540 D7=100700 A0=7F5E0 A1=108902 A2=4ABB4 A3=108F4A A4=100700 A5=108000 A6=108E74 PC=497A -- 00497A: move.w  (A0,D0.w), ($46de,A5)
D0=20060 D1=1 D2=200000 D3=0 D4=16405000 D5=84598540 D6=84598540 D7=100700 A0=7F5E0 A1=108902 A2=4ABB4 A3=108F4A A4=100700 A5=108000 A6=108E74 PC=4980 -- 004980: lea     $80000.l, A0
D0=20060 D1=1 D2=200000 D3=0 D4=16405000 D5=84598540 D6=84598540 D7=100700 A0=80000 A1=108902 A2=4ABB4 A3=108F4A A4=100700 A5=108000 A6=108E74 PC=4986 -- 004986: move.w  ($70,A4), D0
D0=2001B D1=1 D2=200000 D3=0 D4=16405000 D5=84598540 D6=84598540 D7=100700 A0=80000 A1=108902 A2=4ABB4 A3=108F4A A4=100700 A5=108000 A6=108E74 PC=498A -- 00498A: add.w   D0, D0
D0=20036 D1=1 D2=200000 D3=0 D4=16405000 D5=84598540 D6=84598540 D7=100700 A0=80000 A1=108902 A2=4ABB4 A3=108F4A A4=100700 A5=108000 A6=108E74 PC=498C -- 00498C: add.w   D0, D0
D0=2006C D1=1 D2=200000 D3=0 D4=16405000 D5=84598540 D6=84598540 D7=100700 A0=80000 A1=108902 A2=4ABB4 A3=108F4A A4=100700 A5=108000 A6=108E74 PC=498E -- 00498E: movea.l (A0,D0.w), A0
D0=2006C D1=1 D2=200000 D3=0 D4=16405000 D5=84598540 D6=84598540 D7=100700 A0=86E00 A1=108902 A2=4ABB4 A3=108F4A A4=100700 A5=108000 A6=108E74 PC=4992 -- 004992: move.w  ($46de,A5), D0
D0=23030 D1=1 D2=200000 D3=0 D4=16405000 D5=84598540 D6=84598540 D7=100700 A0=86E00 A1=108902 A2=4ABB4 A3=108F4A A4=100700 A5=108000 A6=108E74 PC=4996 -- 004996: tst.b   ($46e2,A5)
D0=23030 D1=1 D2=200000 D3=0 D4=16405000 D5=84598540 D6=84598540 D7=100700 A0=86E00 A1=108902 A2=4ABB4 A3=108F4A A4=100700 A5=108000 A6=108E74 PC=499A -- 00499A: beq     $49a0
D0=23030 D1=1 D2=200000 D3=0 D4=16405000 D5=84598540 D6=84598540 D7=100700 A0=86E00 A1=108902 A2=4ABB4 A3=108F4A A4=100700 A5=108000 A6=108E74 PC=49A0 -- 0049A0: andi.w  #$ff, D0
D0=20030 D1=1 D2=200000 D3=0 D4=16405000 D5=84598540 D6=84598540 D7=100700 A0=86E00 A1=108902 A2=4ABB4 A3=108F4A A4=100700 A5=108000 A6=108E74 PC=49A4 -- 0049A4: add.w   D0, D0
D0=20060 D1=1 D2=200000 D3=0 D4=16405000 D5=84598540 D6=84598540 D7=100700 A0=86E00 A1=108902 A2=4ABB4 A3=108F4A A4=100700 A5=108000 A6=108E74 PC=49A6 -- 0049A6: add.w   D0, D0
D0=200C0 D1=1 D2=200000 D3=0 D4=16405000 D5=84598540 D6=84598540 D7=100700 A0=86E00 A1=108902 A2=4ABB4 A3=108F4A A4=100700 A5=108000 A6=108E74 PC=49A8 -- 0049A8: movea.l (A0,D0.w), A0
D0=200C0 D1=1 D2=200000 D3=0 D4=16405000 D5=84598540 D6=84598540 D7=100700 A0=F306C A1=108902 A2=4ABB4 A3=108F4A A4=100700 A5=108000 A6=108E74 PC=49AC -- 0049AC: move.w  ($74,A4), D0
D0=20042 D1=1 D2=200000 D3=0 D4=16405000 D5=84598540 D6=84598540 D7=100700 A0=F306C A1=108902 A2=4ABB4 A3=108F4A A4=100700 A5=108000 A6=108E74 PC=49B0 -- 0049B0: adda.w  D0, A0
D0=20042 D1=1 D2=200000 D3=0 D4=16405000 D5=84598540 D6=84598540 D7=100700 A0=F30AE A1=108902 A2=4ABB4 A3=108F4A A4=100700 A5=108000 A6=108E74 PC=49B2 -- 0049B2: move.b  (A0), ($76,A4)
D0=20042 D1=1 D2=200000 D3=0 D4=16405000 D5=84598540 D6=84598540 D7=100700 A0=F30AE A1=108902 A2=4ABB4 A3=108F4A A4=100700 A5=108000 A6=108E74 PC=49B6 -- 0049B6: bmi     $4a22
D0=20042 D1=1 D2=200000 D3=0 D4=16405000 D5=84598540 D6=84598540 D7=100700 A0=F30AE A1=108902 A2=4ABB4 A3=108F4A A4=100700 A5=108000 A6=108E74 PC=49BA -- 0049BA: move.b  ($81,A4), D0
D0=20000 D1=1 D2=200000 D3=0 D4=16405000 D5=84598540 D6=84598540 D7=100700 A0=F30AE A1=108902 A2=4ABB4 A3=108F4A A4=100700 A5=108000 A6=108E74 PC=49BE -- 0049BE: tst.b   ($7d,A4)
D0=20000 D1=1 D2=200000 D3=0 D4=16405000 D5=84598540 D6=84598540 D7=100700 A0=F30AE A1=108902 A2=4ABB4 A3=108F4A A4=100700 A5=108000 A6=108E74 PC=49C2 -- 0049C2: beq     $49c8
D0=20000 D1=1 D2=200000 D3=0 D4=16405000 D5=84598540 D6=84598540 D7=100700 A0=F30AE A1=108902 A2=4ABB4 A3=108F4A A4=100700 A5=108000 A6=108E74 PC=49C8 -- 0049C8: add.b   ($7d,A4), D0
D0=20000 D1=1 D2=200000 D3=0 D4=16405000 D5=84598540 D6=84598540 D7=100700 A0=F30AE A1=108902 A2=4ABB4 A3=108F4A A4=100700 A5=108000 A6=108E74 PC=49CC -- 0049CC: add.b   D0, ($76,A4)
D0=20000 D1=1 D2=200000 D3=0 D4=16405000 D5=84598540 D6=84598540 D7=100700 A0=F30AE A1=108902 A2=4ABB4 A3=108F4A A4=100700 A5=108000 A6=108E74 PC=49D0 -- 0049D0: bgt     $49d8
D0=20000 D1=1 D2=200000 D3=0 D4=16405000 D5=84598540 D6=84598540 D7=100700 A0=F30AE A1=108902 A2=4ABB4 A3=108F4A A4=100700 A5=108000 A6=108E74 PC=49D8 -- 0049D8: addq.w  #1, ($7e,A4)
D0=20000 D1=1 D2=200000 D3=0 D4=16405000 D5=84598540 D6=84598540 D7=100700 A0=F30AE A1=108902 A2=4ABB4 A3=108F4A A4=100700 A5=108000 A6=108E74 PC=49DC -- 0049DC: move.b  ($4,A0), ($7a,A4)
D0=20000 D1=1 D2=200000 D3=0 D4=16405000 D5=84598540 D6=84598540 D7=100700 A0=F30AE A1=108902 A2=4ABB4 A3=108F4A A4=100700 A5=108000 A6=108E74 PC=49E2 -- 0049E2: move.b  ($5,A0), ($7b,A4)
D0=20000 D1=1 D2=200000 D3=0 D4=16405000 D5=84598540 D6=84598540 D7=100700 A0=F30AE A1=108902 A2=4ABB4 A3=108F4A A4=100700 A5=108000 A6=108E74 PC=49E8 -- 0049E8: move.l  (A0), D0
D0=40F1326 D1=1 D2=200000 D3=0 D4=16405000 D5=84598540 D6=84598540 D7=100700 A0=F30AE A1=108902 A2=4ABB4 A3=108F4A A4=100700 A5=108000 A6=108E74 PC=49EA -- 0049EA: movea.l D0, A0
D0=40F1326 D1=1 D2=200000 D3=0 D4=16405000 D5=84598540 D6=84598540 D7=100700 A0=40F1326 A1=108902 A2=4ABB4 A3=108F4A A4=100700 A5=108000 A6=108E74 PC=49EC -- 0049EC: move.w  (A0), ($6a,A4)
D0=40F1326 D1=1 D2=200000 D3=0 D4=16405000 D5=84598540 D6=84598540 D7=100700 A0=40F1326 A1=108902 A2=4ABB4 A3=108F4A A4=100700 A5=108000 A6=108E74 PC=49F0 -- 0049F0: move.w  ($2,A0), ($6c,A4)
D0=40F1326 D1=1 D2=200000 D3=0 D4=16405000 D5=84598540 D6=84598540 D7=100700 A0=40F1326 A1=108902 A2=4ABB4 A3=108F4A A4=100700 A5=108000 A6=108E74 PC=49F6 -- 0049F6: rts
D0=40F1326 D1=1 D2=200000 D3=0 D4=16405000 D5=84598540 D6=84598540 D7=100700 A0=40F1326 A1=108902 A2=4ABB4 A3=108F4A A4=100700 A5=108000 A6=108E74 PC=491A -- 00491A: rts
D0=40F1326 D1=1 D2=200000 D3=0 D4=16405000 D5=84598540 D6=84598540 D7=100700 A0=40F1326 A1=108902 A2=4ABB4 A3=108F4A A4=100700 A5=108000 A6=108E74 PC=38910 -- 038910: jmp     $3e2e.l
D0=40F1326 D1=1 D2=200000 D3=0 D4=16405000 D5=84598540 D6=84598540 D7=100700 A0=40F1326 A1=108902 A2=4ABB4 A3=108F4A A4=100700 A5=108000 A6=108E74 PC=3E2E -- 003E2E: tst.w   ($74,A4)
D0=40F1326 D1=1 D2=200000 D3=0 D4=16405000 D5=84598540 D6=84598540 D7=100700 A0=40F1326 A1=108902 A2=4ABB4 A3=108F4A A4=100700 A5=108000 A6=108E74 PC=3E32 -- 003E32: bmi     $3e80
D0=40F1326 D1=1 D2=200000 D3=0 D4=16405000 D5=84598540 D6=84598540 D7=100700 A0=40F1326 A1=108902 A2=4ABB4 A3=108F4A A4=100700 A5=108000 A6=108E74 PC=3E34 -- 003E34: btst    #$6, ($7c,A4)
D0=40F1326 D1=1 D2=200000 D3=0 D4=16405000 D5=84598540 D6=84598540 D7=100700 A0=40F1326 A1=108902 A2=4ABB4 A3=108F4A A4=100700 A5=108000 A6=108E74 PC=3E3A -- 003E3A: bne     $3e78
D0=40F1326 D1=1 D2=200000 D3=0 D4=16405000 D5=84598540 D6=84598540 D7=100700 A0=40F1326 A1=108902 A2=4ABB4 A3=108F4A A4=100700 A5=108000 A6=108E74 PC=3E3E -- 003E3E: moveq   #$0, D3
D0=40F1326 D1=1 D2=200000 D3=0 D4=16405000 D5=84598540 D6=84598540 D7=100700 A0=40F1326 A1=108902 A2=4ABB4 A3=108F4A A4=100700 A5=108000 A6=108E74 PC=3E40 -- 003E40: move.b  ($82,A4), D3
D0=40F1326 D1=1 D2=200000 D3=0 D4=16405000 D5=84598540 D6=84598540 D7=100700 A0=40F1326 A1=108902 A2=4ABB4 A3=108F4A A4=100700 A5=108000 A6=108E74 PC=3E44 -- 003E44: add.w   D3, D3
D0=40F1326 D1=1 D2=200000 D3=0 D4=16405000 D5=84598540 D6=84598540 D7=100700 A0=40F1326 A1=108902 A2=4ABB4 A3=108F4A A4=100700 A5=108000 A6=108E74 PC=3E46 -- 003E46: add.w   D3, D3
D0=40F1326 D1=1 D2=200000 D3=0 D4=16405000 D5=84598540 D6=84598540 D7=100700 A0=40F1326 A1=108902 A2=4ABB4 A3=108F4A A4=100700 A5=108000 A6=108E74 PC=3E48 -- 003E48: move.w  ($18,A4), D0
D0=40F0030 D1=1 D2=200000 D3=0 D4=16405000 D5=84598540 D6=84598540 D7=100700 A0=40F1326 A1=108902 A2=4ABB4 A3=108F4A A4=100700 A5=108000 A6=108E74 PC=3E4C -- 003E4C: lea     ($104c,A5), A0
D0=40F0030 D1=1 D2=200000 D3=0 D4=16405000 D5=84598540 D6=84598540 D7=100700 A0=10904C A1=108902 A2=4ABB4 A3=108F4A A4=100700 A5=108000 A6=108E74 PC=3E50 -- 003E50: sub.w   (A0,D3.w), D0
D0=40F0030 D1=1 D2=200000 D3=0 D4=16405000 D5=84598540 D6=84598540 D7=100700 A0=10904C A1=108902 A2=4ABB4 A3=108F4A A4=100700 A5=108000 A6=108E74 PC=3E54 -- 003E54: addi.w  #$30, D0
D0=40F0060 D1=1 D2=200000 D3=0 D4=16405000 D5=84598540 D6=84598540 D7=100700 A0=10904C A1=108902 A2=4ABB4 A3=108F4A A4=100700 A5=108000 A6=108E74 PC=3E58 -- 003E58: cmpi.w  #$1a0, D0
D0=40F0060 D1=1 D2=200000 D3=0 D4=16405000 D5=84598540 D6=84598540 D7=100700 A0=10904C A1=108902 A2=4ABB4 A3=108F4A A4=100700 A5=108000 A6=108E74 PC=3E5C -- 003E5C: bls     $3e60
D0=40F0060 D1=1 D2=200000 D3=0 D4=16405000 D5=84598540 D6=84598540 D7=100700 A0=10904C A1=108902 A2=4ABB4 A3=108F4A A4=100700 A5=108000 A6=108E74 PC=3E60 -- 003E60: move.w  ($1c,A4), D0
D0=40F006C D1=1 D2=200000 D3=0 D4=16405000 D5=84598540 D6=84598540 D7=100700 A0=10904C A1=108902 A2=4ABB4 A3=108F4A A4=100700 A5=108000 A6=108E74 PC=3E64 -- 003E64: sub.w   ($20,A4), D0
D0=40F006C D1=1 D2=200000 D3=0 D4=16405000 D5=84598540 D6=84598540 D7=100700 A0=10904C A1=108902 A2=4ABB4 A3=108F4A A4=100700 A5=108000 A6=108E74 PC=3E68 -- 003E68: lea     ($1058,A5), A0
D0=40F006C D1=1 D2=200000 D3=0 D4=16405000 D5=84598540 D6=84598540 D7=100700 A0=109058 A1=108902 A2=4ABB4 A3=108F4A A4=100700 A5=108000 A6=108E74 PC=3E6C -- 003E6C: sub.w   (A0,D3.w), D0
D0=40F006C D1=1 D2=200000 D3=0 D4=16405000 D5=84598540 D6=84598540 D7=100700 A0=109058 A1=108902 A2=4ABB4 A3=108F4A A4=100700 A5=108000 A6=108E74 PC=3E70 -- 003E70: cmpi.w  #$1c0, D0
D0=40F006C D1=1 D2=200000 D3=0 D4=16405000 D5=84598540 D6=84598540 D7=100700 A0=109058 A1=108902 A2=4ABB4 A3=108F4A A4=100700 A5=108000 A6=108E74 PC=3E74 -- 003E74: bls     $3e78
D0=40F006C D1=1 D2=200000 D3=0 D4=16405000 D5=84598540 D6=84598540 D7=100700 A0=109058 A1=108902 A2=4ABB4 A3=108F4A A4=100700 A5=108000 A6=108E74 PC=3E78 -- 003E78: bsr     $4860
D0=40F006C D1=1 D2=200000 D3=0 D4=16405000 D5=84598540 D6=84598540 D7=100700 A0=109058 A1=108902 A2=4ABB4 A3=108F4A A4=100700 A5=108000 A6=108E74 PC=4860 -- 004860: lea     $7bf48.l, A0
D0=40F006C D1=1 D2=200000 D3=0 D4=16405000 D5=84598540 D6=84598540 D7=100700 A0=7BF48 A1=108902 A2=4ABB4 A3=108F4A A4=100700 A5=108000 A6=108E74 PC=4866 -- 004866: move.w  ($70,A4), D0
D0=40F001B D1=1 D2=200000 D3=0 D4=16405000 D5=84598540 D6=84598540 D7=100700 A0=7BF48 A1=108902 A2=4ABB4 A3=108F4A A4=100700 A5=108000 A6=108E74 PC=486A -- 00486A: add.w   D0, D0
D0=40F0036 D1=1 D2=200000 D3=0 D4=16405000 D5=84598540 D6=84598540 D7=100700 A0=7BF48 A1=108902 A2=4ABB4 A3=108F4A A4=100700 A5=108000 A6=108E74 PC=486C -- 00486C: add.w   D0, D0
D0=40F006C D1=1 D2=200000 D3=0 D4=16405000 D5=84598540 D6=84598540 D7=100700 A0=7BF48 A1=108902 A2=4ABB4 A3=108F4A A4=100700 A5=108000 A6=108E74 PC=486E -- 00486E: movea.l (A0,D0.w), A0
D0=40F006C D1=1 D2=200000 D3=0 D4=16405000 D5=84598540 D6=84598540 D7=100700 A0=7F5E0 A1=108902 A2=4ABB4 A3=108F4A A4=100700 A5=108000 A6=108E74 PC=4872 -- 004872: move.w  ($72,A4), D0
D0=40F0030 D1=1 D2=200000 D3=0 D4=16405000 D5=84598540 D6=84598540 D7=100700 A0=7F5E0 A1=108902 A2=4ABB4 A3=108F4A A4=100700 A5=108000 A6=108E74 PC=4876 -- 004876: add.w   D0, D0
D0=40F0060 D1=1 D2=200000 D3=0 D4=16405000 D5=84598540 D6=84598540 D7=100700 A0=7F5E0 A1=108902 A2=4ABB4 A3=108F4A A4=100700 A5=108000 A6=108E74 PC=4878 -- 004878: move.w  (A0,D0.w), D1
D0=40F0060 D1=3030 D2=200000 D3=0 D4=16405000 D5=84598540 D6=84598540 D7=100700 A0=7F5E0 A1=108902 A2=4ABB4 A3=108F4A A4=100700 A5=108000 A6=108E74 PC=487C -- 00487C: move.w  D1, ($46de,A5)
D0=40F0060 D1=3030 D2=200000 D3=0 D4=16405000 D5=84598540 D6=84598540 D7=100700 A0=7F5E0 A1=108902 A2=4ABB4 A3=108F4A A4=100700 A5=108000 A6=108E74 PC=4880 -- 004880: lea     $80000.l, A0
D0=40F0060 D1=3030 D2=200000 D3=0 D4=16405000 D5=84598540 D6=84598540 D7=100700 A0=80000 A1=108902 A2=4ABB4 A3=108F4A A4=100700 A5=108000 A6=108E74 PC=4886 -- 004886: move.w  ($70,A4), D0
D0=40F001B D1=3030 D2=200000 D3=0 D4=16405000 D5=84598540 D6=84598540 D7=100700 A0=80000 A1=108902 A2=4ABB4 A3=108F4A A4=100700 A5=108000 A6=108E74 PC=488A -- 00488A: add.w   D0, D0
D0=40F0036 D1=3030 D2=200000 D3=0 D4=16405000 D5=84598540 D6=84598540 D7=100700 A0=80000 A1=108902 A2=4ABB4 A3=108F4A A4=100700 A5=108000 A6=108E74 PC=488C -- 00488C: add.w   D0, D0
D0=40F006C D1=3030 D2=200000 D3=0 D4=16405000 D5=84598540 D6=84598540 D7=100700 A0=80000 A1=108902 A2=4ABB4 A3=108F4A A4=100700 A5=108000 A6=108E74 PC=488E -- 00488E: movea.l (A0,D0.w), A0
D0=40F006C D1=3030 D2=200000 D3=0 D4=16405000 D5=84598540 D6=84598540 D7=100700 A0=86E00 A1=108902 A2=4ABB4 A3=108F4A A4=100700 A5=108000 A6=108E74 PC=4892 -- 004892: move.w  ($46de,A5), D0
D0=40F3030 D1=3030 D2=200000 D3=0 D4=16405000 D5=84598540 D6=84598540 D7=100700 A0=86E00 A1=108902 A2=4ABB4 A3=108F4A A4=100700 A5=108000 A6=108E74 PC=4896 -- 004896: tst.b   ($46e2,A5)
D0=40F3030 D1=3030 D2=200000 D3=0 D4=16405000 D5=84598540 D6=84598540 D7=100700 A0=86E00 A1=108902 A2=4ABB4 A3=108F4A A4=100700 A5=108000 A6=108E74 PC=489A -- 00489A: beq     $48a0
D0=40F3030 D1=3030 D2=200000 D3=0 D4=16405000 D5=84598540 D6=84598540 D7=100700 A0=86E00 A1=108902 A2=4ABB4 A3=108F4A A4=100700 A5=108000 A6=108E74 PC=48A0 -- 0048A0: andi.w  #$ff, D0
D0=40F0030 D1=3030 D2=200000 D3=0 D4=16405000 D5=84598540 D6=84598540 D7=100700 A0=86E00 A1=108902 A2=4ABB4 A3=108F4A A4=100700 A5=108000 A6=108E74 PC=48A4 -- 0048A4: add.w   D0, D0
D0=40F0060 D1=3030 D2=200000 D3=0 D4=16405000 D5=84598540 D6=84598540 D7=100700 A0=86E00 A1=108902 A2=4ABB4 A3=108F4A A4=100700 A5=108000 A6=108E74 PC=48A6 -- 0048A6: add.w   D0, D0
D0=40F00C0 D1=3030 D2=200000 D3=0 D4=16405000 D5=84598540 D6=84598540 D7=100700 A0=86E00 A1=108902 A2=4ABB4 A3=108F4A A4=100700 A5=108000 A6=108E74 PC=48A8 -- 0048A8: movea.l (A0,D0.w), A0
D0=40F00C0 D1=3030 D2=200000 D3=0 D4=16405000 D5=84598540 D6=84598540 D7=100700 A0=F306C A1=108902 A2=4ABB4 A3=108F4A A4=100700 A5=108000 A6=108E74 PC=48AC -- 0048AC: move.w  ($74,A4), D0
D0=40F0042 D1=3030 D2=200000 D3=0 D4=16405000 D5=84598540 D6=84598540 D7=100700 A0=F306C A1=108902 A2=4ABB4 A3=108F4A A4=100700 A5=108000 A6=108E74 PC=48B0 -- 0048B0: adda.w  D0, A0
D0=40F0042 D1=3030 D2=200000 D3=0 D4=16405000 D5=84598540 D6=84598540 D7=100700 A0=F30AE A1=108902 A2=4ABB4 A3=108F4A A4=100700 A5=108000 A6=108E74 PC=48B2 -- 0048B2: move.l  (A0), D0
D0=40F1326 D1=3030 D2=200000 D3=0 D4=16405000 D5=84598540 D6=84598540 D7=100700 A0=F30AE A1=108902 A2=4ABB4 A3=108F4A A4=100700 A5=108000 A6=108E74 PC=48B4 -- 0048B4: andi.l  #$ffffff, D0
D0=F1326 D1=3030 D2=200000 D3=0 D4=16405000 D5=84598540 D6=84598540 D7=100700 A0=F30AE A1=108902 A2=4ABB4 A3=108F4A A4=100700 A5=108000 A6=108E74 PC=48BA -- 0048BA: movea.l D0, A0
D0=F1326 D1=3030 D2=200000 D3=0 D4=16405000 D5=84598540 D6=84598540 D7=100700 A0=F1326 A1=108902 A2=4ABB4 A3=108F4A A4=100700 A5=108000 A6=108E74 PC=48BC -- 0048BC: move.w  ($4,A0), D0
D0=F0121 D1=3030 D2=200000 D3=0 D4=16405000 D5=84598540 D6=84598540 D7=100700 A0=F1326 A1=108902 A2=4ABB4 A3=108F4A A4=100700 A5=108000 A6=108E74 PC=48C0 -- 0048C0: andi.w  #$1fff, D0
D0=F0121 D1=3030 D2=200000 D3=0 D4=16405000 D5=84598540 D6=84598540 D7=100700 A0=F1326 A1=108902 A2=4ABB4 A3=108F4A A4=100700 A5=108000 A6=108E74 PC=48C4 -- 0048C4: move.w  D0, ($46e0,A5)
D0=F0121 D1=3030 D2=200000 D3=0 D4=16405000 D5=84598540 D6=84598540 D7=100700 A0=F1326 A1=108902 A2=4ABB4 A3=108F4A A4=100700 A5=108000 A6=108E74 PC=48C8 -- 0048C8: lea     $80080.l, A0
D0=F0121 D1=3030 D2=200000 D3=0 D4=16405000 D5=84598540 D6=84598540 D7=100700 A0=80080 A1=108902 A2=4ABB4 A3=108F4A A4=100700 A5=108000 A6=108E74 PC=48CE -- 0048CE: move.w  ($70,A4), D1
D0=F0121 D1=1B D2=200000 D3=0 D4=16405000 D5=84598540 D6=84598540 D7=100700 A0=80080 A1=108902 A2=4ABB4 A3=108F4A A4=100700 A5=108000 A6=108E74 PC=48D2 -- 0048D2: add.w   D1, D1
D0=F0121 D1=36 D2=200000 D3=0 D4=16405000 D5=84598540 D6=84598540 D7=100700 A0=80080 A1=108902 A2=4ABB4 A3=108F4A A4=100700 A5=108000 A6=108E74 PC=48D4 -- 0048D4: add.w   D1, D1
D0=F0121 D1=6C D2=200000 D3=0 D4=16405000 D5=84598540 D6=84598540 D7=100700 A0=80080 A1=108902 A2=4ABB4 A3=108F4A A4=100700 A5=108000 A6=108E74 PC=48D6 -- 0048D6: movea.l (A0,D1.w), A0
D0=F0121 D1=6C D2=200000 D3=0 D4=16405000 D5=84598540 D6=84598540 D7=100700 A0=95200 A1=108902 A2=4ABB4 A3=108F4A A4=100700 A5=108000 A6=108E74 PC=48DA -- 0048DA: add.w   D0, D0
D0=F0242 D1=6C D2=200000 D3=0 D4=16405000 D5=84598540 D6=84598540 D7=100700 A0=95200 A1=108902 A2=4ABB4 A3=108F4A A4=100700 A5=108000 A6=108E74 PC=48DC -- 0048DC: add.w   D0, D0
D0=F0484 D1=6C D2=200000 D3=0 D4=16405000 D5=84598540 D6=84598540 D7=100700 A0=95200 A1=108902 A2=4ABB4 A3=108F4A A4=100700 A5=108000 A6=108E74 PC=48DE -- 0048DE: move.l  (A0,D0.w), ($28,A4)
D0=F0484 D1=6C D2=200000 D3=0 D4=16405000 D5=84598540 D6=84598540 D7=100700 A0=95200 A1=108902 A2=4ABB4 A3=108F4A A4=100700 A5=108000 A6=108E74 PC=48E4 -- 0048E4: rts
D0=F0484 D1=6C D2=200000 D3=0 D4=16405000 D5=84598540 D6=84598540 D7=100700 A0=95200 A1=108902 A2=4ABB4 A3=108F4A A4=100700 A5=108000 A6=108E74 PC=3E7C -- 003E7C: bra     $481a
D0=F0484 D1=6C D2=200000 D3=0 D4=16405000 D5=84598540 D6=84598540 D7=100700 A0=95200 A1=108902 A2=4ABB4 A3=108F4A A4=100700 A5=108000 A6=108E74 PC=481A -- 00481A: addq.w  #1, ($e3a,A5)
D0=F0484 D1=6C D2=200000 D3=0 D4=16405000 D5=84598540 D6=84598540 D7=100700 A0=95200 A1=108902 A2=4ABB4 A3=108F4A A4=100700 A5=108000 A6=108E74 PC=481E -- 00481E: lea     ($838,A5), A1
D0=F0484 D1=6C D2=200000 D3=0 D4=16405000 D5=84598540 D6=84598540 D7=100700 A0=95200 A1=108838 A2=4ABB4 A3=108F4A A4=100700 A5=108000 A6=108E74 PC=4822 -- 004822: move.w  ($2c,A4), D0
D0=F0064 D1=6C D2=200000 D3=0 D4=16405000 D5=84598540 D6=84598540 D7=100700 A0=95200 A1=108838 A2=4ABB4 A3=108F4A A4=100700 A5=108000 A6=108E74 PC=4826 -- 004826: move.w  D0, D1
D0=F0064 D1=64 D2=200000 D3=0 D4=16405000 D5=84598540 D6=84598540 D7=100700 A0=95200 A1=108838 A2=4ABB4 A3=108F4A A4=100700 A5=108000 A6=108E74 PC=4828 -- 004828: add.w   D1, D1
D0=F0064 D1=C8 D2=200000 D3=0 D4=16405000 D5=84598540 D6=84598540 D7=100700 A0=95200 A1=108838 A2=4ABB4 A3=108F4A A4=100700 A5=108000 A6=108E74 PC=482A -- 00482A: adda.w  D1, A1
D0=F0064 D1=C8 D2=200000 D3=0 D4=16405000 D5=84598540 D6=84598540 D7=100700 A0=95200 A1=108900 A2=4ABB4 A3=108F4A A4=100700 A5=108000 A6=108E74 PC=482C -- 00482C: cmp.w   ($e38,A5), D1
D0=F0064 D1=C8 D2=200000 D3=0 D4=16405000 D5=84598540 D6=84598540 D7=100700 A0=95200 A1=108900 A2=4ABB4 A3=108F4A A4=100700 A5=108000 A6=108E74 PC=4830 -- 004830: bhi     $4836
D0=F0064 D1=C8 D2=200000 D3=0 D4=16405000 D5=84598540 D6=84598540 D7=100700 A0=95200 A1=108900 A2=4ABB4 A3=108F4A A4=100700 A5=108000 A6=108E74 PC=4832 -- 004832: move.w  D1, ($e38,A5)
D0=F0064 D1=C8 D2=200000 D3=0 D4=16405000 D5=84598540 D6=84598540 D7=100700 A0=95200 A1=108900 A2=4ABB4 A3=108F4A A4=100700 A5=108000 A6=108E74 PC=4836 -- 004836: move.w  (A1)+, D1
D0=F0064 D1=500 D2=200000 D3=0 D4=16405000 D5=84598540 D6=84598540 D7=100700 A0=95200 A1=108902 A2=4ABB4 A3=108F4A A4=100700 A5=108000 A6=108E74 PC=4838 -- 004838: beq     $485a
D0=F0064 D1=500 D2=200000 D3=0 D4=16405000 D5=84598540 D6=84598540 D7=100700 A0=95200 A1=108902 A2=4ABB4 A3=108F4A A4=100700 A5=108000 A6=108E74 PC=483A -- 00483A: move.l  #$100000, D2
D0=F0064 D1=500 D2=100000 D3=0 D4=16405000 D5=84598540 D6=84598540 D7=100700 A0=95200 A1=108902 A2=4ABB4 A3=108F4A A4=100700 A5=108000 A6=108E74 PC=4840 -- 004840: move.w  D1, D2
D0=F0064 D1=500 D2=100500 D3=0 D4=16405000 D5=84598540 D6=84598540 D7=100700 A0=95200 A1=108902 A2=4ABB4 A3=108F4A A4=100700 A5=108000 A6=108E74 PC=4842 -- 004842: movea.l D2, A0
D0=F0064 D1=500 D2=100500 D3=0 D4=16405000 D5=84598540 D6=84598540 D7=100700 A0=100500 A1=108902 A2=4ABB4 A3=108F4A A4=100700 A5=108000 A6=108E74 PC=4844 -- 004844: cmp.w   ($2c,A0), D0
D0=F0064 D1=500 D2=100500 D3=0 D4=16405000 D5=84598540 D6=84598540 D7=100700 A0=100500 A1=108902 A2=4ABB4 A3=108F4A A4=100700 A5=108000 A6=108E74 PC=4848 -- 004848: bcc     $4836
D0=F0064 D1=500 D2=100500 D3=0 D4=16405000 D5=84598540 D6=84598540 D7=100700 A0=100500 A1=108902 A2=4ABB4 A3=108F4A A4=100700 A5=108000 A6=108E74 PC=4836 -- 004836: move.w  (A1)+, D1
D0=F0064 D1=0 D2=100500 D3=0 D4=16405000 D5=84598540 D6=84598540 D7=100700 A0=100500 A1=108904 A2=4ABB4 A3=108F4A A4=100700 A5=108000 A6=108E74 PC=4838 -- 004838: beq     $485a
D0=F0064 D1=0 D2=100500 D3=0 D4=16405000 D5=84598540 D6=84598540 D7=100700 A0=100500 A1=108904 A2=4ABB4 A3=108F4A A4=100700 A5=108000 A6=108E74 PC=485A -- 00485A: move.w  A4, (-$2,A1)
D0=F0064 D1=0 D2=100500 D3=0 D4=16405000 D5=84598540 D6=84598540 D7=100700 A0=100500 A1=108904 A2=4ABB4 A3=108F4A A4=100700 A5=108000 A6=108E74 PC=485E -- 00485E: rts
D0=F0064 D1=0 D2=100500 D3=0 D4=16405000 D5=84598540 D6=84598540 D7=100700 A0=100500 A1=108904 A2=4ABB4 A3=108F4A A4=100700 A5=108000 A6=108E74 PC=32B3C -- 032B3C: move.l  A4, D7
D0=F0064 D1=0 D2=100500 D3=0 D4=16405000 D5=84598540 D6=84598540 D7=100700 A0=100500 A1=108904 A2=4ABB4 A3=108F4A A4=100700 A5=108000 A6=108E74 PC=32B3E -- 032B3E: move.w  ($4,A4), D7
D0=F0064 D1=0 D2=100500 D3=0 D4=16405000 D5=84598540 D6=84598540 D7=100900 A0=100500 A1=108904 A2=4ABB4 A3=108F4A A4=100700 A5=108000 A6=108E74 PC=32B42 -- 032B42: bpl     $32b36
D0=F0064 D1=0 D2=100500 D3=0 D4=16405000 D5=84598540 D6=84598540 D7=100900 A0=100500 A1=108904 A2=4ABB4 A3=108F4A A4=100700 A5=108000 A6=108E74 PC=32B36 -- 032B36: movea.l D7, A4
D0=F0064 D1=0 D2=100500 D3=0 D4=16405000 D5=84598540 D6=84598540 D7=100900 A0=100500 A1=108904 A2=4ABB4 A3=108F4A A4=100900 A5=108000 A6=108E74 PC=32B38 -- 032B38: movea.l (A4), A0
D0=F0064 D1=0 D2=100500 D3=0 D4=16405000 D5=84598540 D6=84598540 D7=100900 A0=3A7C8 A1=108904 A2=4ABB4 A3=108F4A A4=100900 A5=108000 A6=108E74 PC=32B3A -- 032B3A: jsr     (A0)
D0=F0064 D1=0 D2=100500 D3=0 D4=16405000 D5=84598540 D6=84598540 D7=100900 A0=3A7C8 A1=108904 A2=4ABB4 A3=108F4A A4=100900 A5=108000 A6=108E74 PC=3A7C8 -- 03A7C8: movea.l ($84,A4), A0
D0=F0064 D1=0 D2=100500 D3=0 D4=16405000 D5=84598540 D6=84598540 D7=100900 A0=108584 A1=108904 A2=4ABB4 A3=108F4A A4=100900 A5=108000 A6=108E74 PC=3A7CC -- 03A7CC: btst    #$0, ($cf,A0)
D0=F0064 D1=0 D2=100500 D3=0 D4=16405000 D5=84598540 D6=84598540 D7=100900 A0=108584 A1=108904 A2=4ABB4 A3=108F4A A4=100900 A5=108000 A6=108E74 PC=3A7D2 -- 03A7D2: bne     $3a842
D0=F0064 D1=0 D2=100500 D3=0 D4=16405000 D5=84598540 D6=84598540 D7=100900 A0=108584 A1=108904 A2=4ABB4 A3=108F4A A4=100900 A5=108000 A6=108E74 PC=3A7D6 -- 03A7D6: jsr     $2582.l
D0=F0064 D1=0 D2=100500 D3=0 D4=16405000 D5=84598540 D6=84598540 D7=100900 A0=108584 A1=108904 A2=4ABB4 A3=108F4A A4=100900 A5=108000 A6=108E74 PC=2582 -- 002582: add.w   $3c0006.l, D0
D0=F81E7 D1=0 D2=100500 D3=0 D4=16405000 D5=84598540 D6=84598540 D7=100900 A0=108584 A1=108904 A2=4ABB4 A3=108F4A A4=100900 A5=108000 A6=108E74 PC=2588 -- 002588: lsr.w   #3, D0
D0=F103C D1=0 D2=100500 D3=0 D4=16405000 D5=84598540 D6=84598540 D7=100900 A0=108584 A1=108904 A2=4ABB4 A3=108F4A A4=100900 A5=108000 A6=108E74 PC=258A -- 00258A: add.w   (-$7f78,A5), D0
D0=FB84F D1=0 D2=100500 D3=0 D4=16405000 D5=84598540 D6=84598540 D7=100900 A0=108584 A1=108904 A2=4ABB4 A3=108F4A A4=100900 A5=108000 A6=108E74 PC=258E -- 00258E: add.w   (-$7f7a,A5), D0
D0=F7DB1 D1=0 D2=100500 D3=0 D4=16405000 D5=84598540 D6=84598540 D7=100900 A0=108584 A1=108904 A2=4ABB4 A3=108F4A A4=100900 A5=108000 A6=108E74 PC=2592 -- 002592: addq.w  #1, (-$7f78,A5)
D0=F7DB1 D1=0 D2=100500 D3=0 D4=16405000 D5=84598540 D6=84598540 D7=100900 A0=108584 A1=108904 A2=4ABB4 A3=108F4A A4=100900 A5=108000 A6=108E74 PC=2596 -- 002596: lea     $c04200.l, A0
D0=F7DB1 D1=0 D2=100500 D3=0 D4=16405000 D5=84598540 D6=84598540 D7=100900 A0=C04200 A1=108904 A2=4ABB4 A3=108F4A A4=100900 A5=108000 A6=108E74 PC=259C -- 00259C: andi.l  #$ff, D0
D0=B1 D1=0 D2=100500 D3=0 D4=16405000 D5=84598540 D6=84598540 D7=100900 A0=C04200 A1=108904 A2=4ABB4 A3=108F4A A4=100900 A5=108000 A6=108E74 PC=25A2 -- 0025A2: move.b  (A0,D0.w), D0
D0=CA D1=0 D2=100500 D3=0 D4=16405000 D5=84598540 D6=84598540 D7=100900 A0=C04200 A1=108904 A2=4ABB4 A3=108F4A A4=100900 A5=108000 A6=108E74 PC=25A6 -- 0025A6: rts
D0=CA D1=0 D2=100500 D3=0 D4=16405000 D5=84598540 D6=84598540 D7=100900 A0=C04200 A1=108904 A2=4ABB4 A3=108F4A A4=100900 A5=108000 A6=108E74 PC=3A7DC -- 03A7DC: andi.w  #$f, D0
D0=A D1=0 D2=100500 D3=0 D4=16405000 D5=84598540 D6=84598540 D7=100900 A0=C04200 A1=108904 A2=4ABB4 A3=108F4A A4=100900 A5=108000 A6=108E74 PC=3A7E0 -- 03A7E0: bne     $3a814
D0=A D1=0 D2=100500 D3=0 D4=16405000 D5=84598540 D6=84598540 D7=100900 A0=C04200 A1=108904 A2=4ABB4 A3=108F4A A4=100900 A5=108000 A6=108E74 PC=3A814 -- 03A814: tst.b   ($7a,A4)
D0=A D1=0 D2=100500 D3=0 D4=16405000 D5=84598540 D6=84598540 D7=100900 A0=C04200 A1=108904 A2=4ABB4 A3=108F4A A4=100900 A5=108000 A6=108E74 PC=3A818 -- 03A818: bmi     $3a792
D0=A D1=0 D2=100500 D3=0 D4=16405000 D5=84598540 D6=84598540 D7=100900 A0=C04200 A1=108904 A2=4ABB4 A3=108F4A A4=100900 A5=108000 A6=108E74 PC=3A81C -- 03A81C: move.l  ($54,A4), D0
D0=24000 D1=0 D2=100500 D3=0 D4=16405000 D5=84598540 D6=84598540 D7=100900 A0=C04200 A1=108904 A2=4ABB4 A3=108F4A A4=100900 A5=108000 A6=108E74 PC=3A820 -- 03A820: addi.l  #$1800, ($54,A4)
D0=24000 D1=0 D2=100500 D3=0 D4=16405000 D5=84598540 D6=84598540 D7=100900 A0=C04200 A1=108904 A2=4ABB4 A3=108F4A A4=100900 A5=108000 A6=108E74 PC=3A828 -- 03A828: sub.l   D0, ($1c,A4)
D0=24000 D1=0 D2=100500 D3=0 D4=16405000 D5=84598540 D6=84598540 D7=100900 A0=C04200 A1=108904 A2=4ABB4 A3=108F4A A4=100900 A5=108000 A6=108E74 PC=3A82C -- 03A82C: move.b  (-$7f79,A5), D0
D0=24062 D1=0 D2=100500 D3=0 D4=16405000 D5=84598540 D6=84598540 D7=100900 A0=C04200 A1=108904 A2=4ABB4 A3=108F4A A4=100900 A5=108000 A6=108E74 PC=3A830 -- 03A830: andi.b  #$1, D0
D0=24000 D1=0 D2=100500 D3=0 D4=16405000 D5=84598540 D6=84598540 D7=100900 A0=C04200 A1=108904 A2=4ABB4 A3=108F4A A4=100900 A5=108000 A6=108E74 PC=3A834 -- 03A834: move.b  ($cf,A4), D1
D0=24000 D1=0 D2=100500 D3=0 D4=16405000 D5=84598540 D6=84598540 D7=100900 A0=C04200 A1=108904 A2=4ABB4 A3=108F4A A4=100900 A5=108000 A6=108E74 PC=3A838 -- 03A838: eor.b   D1, D0
D0=24000 D1=0 D2=100500 D3=0 D4=16405000 D5=84598540 D6=84598540 D7=100900 A0=C04200 A1=108904 A2=4ABB4 A3=108F4A A4=100900 A5=108000 A6=108E74 PC=3A83A -- 03A83A: bne     $3890a
D0=24000 D1=0 D2=100500 D3=0 D4=16405000 D5=84598540 D6=84598540 D7=100900 A0=C04200 A1=108904 A2=4ABB4 A3=108F4A A4=100900 A5=108000 A6=108E74 PC=3A83E -- 03A83E: beq     $3891c
D0=24000 D1=0 D2=100500 D3=0 D4=16405000 D5=84598540 D6=84598540 D7=100900 A0=C04200 A1=108904 A2=4ABB4 A3=108F4A A4=100900 A5=108000 A6=108E74 PC=3891C -- 03891C: jsr     $48e6.l
D0=24000 D1=0 D2=100500 D3=0 D4=16405000 D5=84598540 D6=84598540 D7=100900 A0=C04200 A1=108904 A2=4ABB4 A3=108F4A A4=100900 A5=108000 A6=108E74 PC=48E6 -- 0048E6: move.w  ($70,A4), D0
D0=2001B D1=0 D2=100500 D3=0 D4=16405000 D5=84598540 D6=84598540 D7=100900 A0=C04200 A1=108904 A2=4ABB4 A3=108F4A A4=100900 A5=108000 A6=108E74 PC=48EA -- 0048EA: cmp.b   ($78,A4), D0
D0=2001B D1=0 D2=100500 D3=0 D4=16405000 D5=84598540 D6=84598540 D7=100900 A0=C04200 A1=108904 A2=4ABB4 A3=108F4A A4=100900 A5=108000 A6=108E74 PC=48EE -- 0048EE: bne     $491c
D0=2001B D1=0 D2=100500 D3=0 D4=16405000 D5=84598540 D6=84598540 D7=100900 A0=C04200 A1=108904 A2=4ABB4 A3=108F4A A4=100900 A5=108000 A6=108E74 PC=48F0 -- 0048F0: move.w  ($72,A4), D0
D0=20030 D1=0 D2=100500 D3=0 D4=16405000 D5=84598540 D6=84598540 D7=100900 A0=C04200 A1=108904 A2=4ABB4 A3=108F4A A4=100900 A5=108000 A6=108E74 PC=48F4 -- 0048F4: cmp.b   ($79,A4), D0
D0=20030 D1=0 D2=100500 D3=0 D4=16405000 D5=84598540 D6=84598540 D7=100900 A0=C04200 A1=108904 A2=4ABB4 A3=108F4A A4=100900 A5=108000 A6=108E74 PC=48F8 -- 0048F8: bne     $493c
D0=20030 D1=0 D2=100500 D3=0 D4=16405000 D5=84598540 D6=84598540 D7=100900 A0=C04200 A1=108904 A2=4ABB4 A3=108F4A A4=100900 A5=108000 A6=108E74 PC=48FA -- 0048FA: tst.b   ($77,A4)
D0=20030 D1=0 D2=100500 D3=0 D4=16405000 D5=84598540 D6=84598540 D7=100900 A0=C04200 A1=108904 A2=4ABB4 A3=108F4A A4=100900 A5=108000 A6=108E74 PC=48FE -- 0048FE: bne     $495c
D0=20030 D1=0 D2=100500 D3=0 D4=16405000 D5=84598540 D6=84598540 D7=100900 A0=C04200 A1=108904 A2=4ABB4 A3=108F4A A4=100900 A5=108000 A6=108E74 PC=4900 -- 004900: tst.b   ($7a,A4)
D0=20030 D1=0 D2=100500 D3=0 D4=16405000 D5=84598540 D6=84598540 D7=100900 A0=C04200 A1=108904 A2=4ABB4 A3=108F4A A4=100900 A5=108000 A6=108E74 PC=4904 -- 004904: bmi     $491a
D0=20030 D1=0 D2=100500 D3=0 D4=16405000 D5=84598540 D6=84598540 D7=100900 A0=C04200 A1=108904 A2=4ABB4 A3=108F4A A4=100900 A5=108000 A6=108E74 PC=4906 -- 004906: subq.b  #1, ($76,A4)
D0=20030 D1=0 D2=100500 D3=0 D4=16405000 D5=84598540 D6=84598540 D7=100900 A0=C04200 A1=108904 A2=4ABB4 A3=108F4A A4=100900 A5=108000 A6=108E74 PC=490A -- 00490A: bhi     $491a
D0=20030 D1=0 D2=100500 D3=0 D4=16405000 D5=84598540 D6=84598540 D7=100900 A0=C04200 A1=108904 A2=4ABB4 A3=108F4A A4=100900 A5=108000 A6=108E74 PC=491A -- 00491A: rts
D0=20030 D1=0 D2=100500 D3=0 D4=16405000 D5=84598540 D6=84598540 D7=100900 A0=C04200 A1=108904 A2=4ABB4 A3=108F4A A4=100900 A5=108000 A6=108E74 PC=38922 -- 038922: rts
D0=20030 D1=0 D2=100500 D3=0 D4=16405000 D5=84598540 D6=84598540 D7=100900 A0=C04200 A1=108904 A2=4ABB4 A3=108F4A A4=100900 A5=108000 A6=108E74 PC=32B3C -- 032B3C: move.l  A4, D7
D0=20030 D1=0 D2=100500 D3=0 D4=16405000 D5=84598540 D6=84598540 D7=100900 A0=C04200 A1=108904 A2=4ABB4 A3=108F4A A4=100900 A5=108000 A6=108E74 PC=32B3E -- 032B3E: move.w  ($4,A4), D7
D0=20030 D1=0 D2=100500 D3=0 D4=16405000 D5=84598540 D6=84598540 D7=100B00 A0=C04200 A1=108904 A2=4ABB4 A3=108F4A A4=100900 A5=108000 A6=108E74 PC=32B42 -- 032B42: bpl     $32b36
D0=20030 D1=0 D2=100500 D3=0 D4=16405000 D5=84598540 D6=84598540 D7=100B00 A0=C04200 A1=108904 A2=4ABB4 A3=108F4A A4=100900 A5=108000 A6=108E74 PC=32B36 -- 032B36: movea.l D7, A4
D0=20030 D1=0 D2=100500 D3=0 D4=16405000 D5=84598540 D6=84598540 D7=100B00 A0=C04200 A1=108904 A2=4ABB4 A3=108F4A A4=100B00 A5=108000 A6=108E74 PC=32B38 -- 032B38: movea.l (A4), A0
D0=20030 D1=0 D2=100500 D3=0 D4=16405000 D5=84598540 D6=84598540 D7=100B00 A0=3A7C8 A1=108904 A2=4ABB4 A3=108F4A A4=100B00 A5=108000 A6=108E74 PC=32B3A -- 032B3A: jsr     (A0)
D0=20030 D1=0 D2=100500 D3=0 D4=16405000 D5=84598540 D6=84598540 D7=100B00 A0=3A7C8 A1=108904 A2=4ABB4 A3=108F4A A4=100B00 A5=108000 A6=108E74 PC=3A7C8 -- 03A7C8: movea.l ($84,A4), A0
D0=20030 D1=0 D2=100500 D3=0 D4=16405000 D5=84598540 D6=84598540 D7=100B00 A0=108584 A1=108904 A2=4ABB4 A3=108F4A A4=100B00 A5=108000 A6=108E74 PC=3A7CC -- 03A7CC: btst    #$0, ($cf,A0)
D0=20030 D1=0 D2=100500 D3=0 D4=16405000 D5=84598540 D6=84598540 D7=100B00 A0=108584 A1=108904 A2=4ABB4 A3=108F4A A4=100B00 A5=108000 A6=108E74 PC=3A7D2 -- 03A7D2: bne     $3a842
D0=20030 D1=0 D2=100500 D3=0 D4=16405000 D5=84598540 D6=84598540 D7=100B00 A0=108584 A1=108904 A2=4ABB4 A3=108F4A A4=100B00 A5=108000 A6=108E74 PC=3A7D6 -- 03A7D6: jsr     $2582.l
D0=20030 D1=0 D2=100500 D3=0 D4=16405000 D5=84598540 D6=84598540 D7=100B00 A0=108584 A1=108904 A2=4ABB4 A3=108F4A A4=100B00 A5=108000 A6=108E74 PC=2582 -- 002582: add.w   $3c0006.l, D0
D0=281B3 D1=0 D2=100500 D3=0 D4=16405000 D5=84598540 D6=84598540 D7=100B00 A0=108584 A1=108904 A2=4ABB4 A3=108F4A A4=100B00 A5=108000 A6=108E74 PC=2588 -- 002588: lsr.w   #3, D0
D0=21036 D1=0 D2=100500 D3=0 D4=16405000 D5=84598540 D6=84598540 D7=100B00 A0=108584 A1=108904 A2=4ABB4 A3=108F4A A4=100B00 A5=108000 A6=108E74 PC=258A -- 00258A: add.w   (-$7f78,A5), D0
D0=2B84A D1=0 D2=100500 D3=0 D4=16405000 D5=84598540 D6=84598540 D7=100B00 A0=108584 A1=108904 A2=4ABB4 A3=108F4A A4=100B00 A5=108000 A6=108E74 PC=258E -- 00258E: add.w   (-$7f7a,A5), D0
D0=27DAC D1=0 D2=100500 D3=0 D4=16405000 D5=84598540 D6=84598540 D7=100B00 A0=108584 A1=108904 A2=4ABB4 A3=108F4A A4=100B00 A5=108000 A6=108E74 PC=2592 -- 002592: addq.w  #1, (-$7f78,A5)
D0=27DAC D1=0 D2=100500 D3=0 D4=16405000 D5=84598540 D6=84598540 D7=100B00 A0=108584 A1=108904 A2=4ABB4 A3=108F4A A4=100B00 A5=108000 A6=108E74 PC=2596 -- 002596: lea     $c04200.l, A0
D0=27DAC D1=0 D2=100500 D3=0 D4=16405000 D5=84598540 D6=84598540 D7=100B00 A0=C04200 A1=108904 A2=4ABB4 A3=108F4A A4=100B00 A5=108000 A6=108E74 PC=259C -- 00259C: andi.l  #$ff, D0
D0=AC D1=0 D2=100500 D3=0 D4=16405000 D5=84598540 D6=84598540 D7=100B00 A0=C04200 A1=108904 A2=4ABB4 A3=108F4A A4=100B00 A5=108000 A6=108E74 PC=25A2 -- 0025A2: move.b  (A0,D0.w), D0
D0=6E D1=0 D2=100500 D3=0 D4=16405000 D5=84598540 D6=84598540 D7=100B00 A0=C04200 A1=108904 A2=4ABB4 A3=108F4A A4=100B00 A5=108000 A6=108E74 PC=25A6 -- 0025A6: rts
D0=6E D1=0 D2=100500 D3=0 D4=16405000 D5=84598540 D6=84598540 D7=100B00 A0=C04200 A1=108904 A2=4ABB4 A3=108F4A A4=100B00 A5=108000 A6=108E74 PC=3A7DC -- 03A7DC: andi.w  #$f, D0
D0=E D1=0 D2=100500 D3=0 D4=16405000 D5=84598540 D6=84598540 D7=100B00 A0=C04200 A1=108904 A2=4ABB4 A3=108F4A A4=100B00 A5=108000 A6=108E74 PC=3A7E0 -- 03A7E0: bne     $3a814
D0=E D1=0 D2=100500 D3=0 D4=16405000 D5=84598540 D6=84598540 D7=100B00 A0=C04200 A1=108904 A2=4ABB4 A3=108F4A A4=100B00 A5=108000 A6=108E74 PC=3A814 -- 03A814: tst.b   ($7a,A4)
D0=E D1=0 D2=100500 D3=0 D4=16405000 D5=84598540 D6=84598540 D7=100B00 A0=C04200 A1=108904 A2=4ABB4 A3=108F4A A4=100B00 A5=108000 A6=108E74 PC=3A818 -- 03A818: bmi     $3a792
D0=E D1=0 D2=100500 D3=0 D4=16405000 D5=84598540 D6=84598540 D7=100B00 A0=C04200 A1=108904 A2=4ABB4 A3=108F4A A4=100B00 A5=108000 A6=108E74 PC=3A81C -- 03A81C: move.l  ($54,A4), D0
D0=19800 D1=0 D2=100500 D3=0 D4=16405000 D5=84598540 D6=84598540 D7=100B00 A0=C04200 A1=108904 A2=4ABB4 A3=108F4A A4=100B00 A5=108000 A6=108E74 PC=3A820 -- 03A820: addi.l  #$1800, ($54,A4)
D0=19800 D1=0 D2=100500 D3=0 D4=16405000 D5=84598540 D6=84598540 D7=100B00 A0=C04200 A1=108904 A2=4ABB4 A3=108F4A A4=100B00 A5=108000 A6=108E74 PC=3A828 -- 03A828: sub.l   D0, ($1c,A4)
D0=19800 D1=0 D2=100500 D3=0 D4=16405000 D5=84598540 D6=84598540 D7=100B00 A0=C04200 A1=108904 A2=4ABB4 A3=108F4A A4=100B00 A5=108000 A6=108E74 PC=3A82C -- 03A82C: move.b  (-$7f79,A5), D0
D0=19862 D1=0 D2=100500 D3=0 D4=16405000 D5=84598540 D6=84598540 D7=100B00 A0=C04200 A1=108904 A2=4ABB4 A3=108F4A A4=100B00 A5=108000 A6=108E74 PC=3A830 -- 03A830: andi.b  #$1, D0
D0=19800 D1=0 D2=100500 D3=0 D4=16405000 D5=84598540 D6=84598540 D7=100B00 A0=C04200 A1=108904 A2=4ABB4 A3=108F4A A4=100B00 A5=108000 A6=108E74 PC=3A834 -- 03A834: move.b  ($cf,A4), D1
D0=19800 D1=1 D2=100500 D3=0 D4=16405000 D5=84598540 D6=84598540 D7=100B00 A0=C04200 A1=108904 A2=4ABB4 A3=108F4A A4=100B00 A5=108000 A6=108E74 PC=3A838 -- 03A838: eor.b   D1, D0
D0=19801 D1=1 D2=100500 D3=0 D4=16405000 D5=84598540 D6=84598540 D7=100B00 A0=C04200 A1=108904 A2=4ABB4 A3=108F4A A4=100B00 A5=108000 A6=108E74 PC=3A83A -- 03A83A: bne     $3890a
D0=19801 D1=1 D2=100500 D3=0 D4=16405000 D5=84598540 D6=84598540 D7=100B00 A0=C04200 A1=108904 A2=4ABB4 A3=108F4A A4=100B00 A5=108000 A6=108E74 PC=3890A -- 03890A: jsr     $48e6.l
D0=19801 D1=1 D2=100500 D3=0 D4=16405000 D5=84598540 D6=84598540 D7=100B00 A0=C04200 A1=108904 A2=4ABB4 A3=108F4A A4=100B00 A5=108000 A6=108E74 PC=48E6 -- 0048E6: move.w  ($70,A4), D0
D0=1001B D1=1 D2=100500 D3=0 D4=16405000 D5=84598540 D6=84598540 D7=100B00 A0=C04200 A1=108904 A2=4ABB4 A3=108F4A A4=100B00 A5=108000 A6=108E74 PC=48EA -- 0048EA: cmp.b   ($78,A4), D0
D0=1001B D1=1 D2=100500 D3=0 D4=16405000 D5=84598540 D6=84598540 D7=100B00 A0=C04200 A1=108904 A2=4ABB4 A3=108F4A A4=100B00 A5=108000 A6=108E74 PC=48EE -- 0048EE: bne     $491c
D0=1001B D1=1 D2=100500 D3=0 D4=16405000 D5=84598540 D6=84598540 D7=100B00 A0=C04200 A1=108904 A2=4ABB4 A3=108F4A A4=100B00 A5=108000 A6=108E74 PC=48F0 -- 0048F0: move.w  ($72,A4), D0
D0=10030 D1=1 D2=100500 D3=0 D4=16405000 D5=84598540 D6=84598540 D7=100B00 A0=C04200 A1=108904 A2=4ABB4 A3=108F4A A4=100B00 A5=108000 A6=108E74 PC=48F4 -- 0048F4: cmp.b   ($79,A4), D0
D0=10030 D1=1 D2=100500 D3=0 D4=16405000 D5=84598540 D6=84598540 D7=100B00 A0=C04200 A1=108904 A2=4ABB4 A3=108F4A A4=100B00 A5=108000 A6=108E74 PC=48F8 -- 0048F8: bne     $493c
D0=10030 D1=1 D2=100500 D3=0 D4=16405000 D5=84598540 D6=84598540 D7=100B00 A0=C04200 A1=108904 A2=4ABB4 A3=108F4A A4=100B00 A5=108000 A6=108E74 PC=48FA -- 0048FA: tst.b   ($77,A4)
D0=10030 D1=1 D2=100500 D3=0 D4=16405000 D5=84598540 D6=84598540 D7=100B00 A0=C04200 A1=108904 A2=4ABB4 A3=108F4A A4=100B00 A5=108000 A6=108E74 PC=48FE -- 0048FE: bne     $495c
D0=10030 D1=1 D2=100500 D3=0 D4=16405000 D5=84598540 D6=84598540 D7=100B00 A0=C04200 A1=108904 A2=4ABB4 A3=108F4A A4=100B00 A5=108000 A6=108E74 PC=4900 -- 004900: tst.b   ($7a,A4)
D0=10030 D1=1 D2=100500 D3=0 D4=16405000 D5=84598540 D6=84598540 D7=100B00 A0=C04200 A1=108904 A2=4ABB4 A3=108F4A A4=100B00 A5=108000 A6=108E74 PC=4904 -- 004904: bmi     $491a
D0=10030 D1=1 D2=100500 D3=0 D4=16405000 D5=84598540 D6=84598540 D7=100B00 A0=C04200 A1=108904 A2=4ABB4 A3=108F4A A4=100B00 A5=108000 A6=108E74 PC=4906 -- 004906: subq.b  #1, ($76,A4)
D0=10030 D1=1 D2=100500 D3=0 D4=16405000 D5=84598540 D6=84598540 D7=100B00 A0=C04200 A1=108904 A2=4ABB4 A3=108F4A A4=100B00 A5=108000 A6=108E74 PC=490A -- 00490A: bhi     $491a
D0=10030 D1=1 D2=100500 D3=0 D4=16405000 D5=84598540 D6=84598540 D7=100B00 A0=C04200 A1=108904 A2=4ABB4 A3=108F4A A4=100B00 A5=108000 A6=108E74 PC=490C -- 00490C: andi.w  #$efff, ($e6,A4)
D0=10030 D1=1 D2=100500 D3=0 D4=16405000 D5=84598540 D6=84598540 D7=100B00 A0=C04200 A1=108904 A2=4ABB4 A3=108F4A A4=100B00 A5=108000 A6=108E74 PC=4912 -- 004912: addq.w  #6, ($74,A4)
D0=10030 D1=1 D2=100500 D3=0 D4=16405000 D5=84598540 D6=84598540 D7=100B00 A0=C04200 A1=108904 A2=4ABB4 A3=108F4A A4=100B00 A5=108000 A6=108E74 PC=4916 -- 004916: bsr     $4962
D0=10030 D1=1 D2=100500 D3=0 D4=16405000 D5=84598540 D6=84598540 D7=100B00 A0=C04200 A1=108904 A2=4ABB4 A3=108F4A A4=100B00 A5=108000 A6=108E74 PC=4962 -- 004962: lea     $7bf48.l, A0
D0=10030 D1=1 D2=100500 D3=0 D4=16405000 D5=84598540 D6=84598540 D7=100B00 A0=7BF48 A1=108904 A2=4ABB4 A3=108F4A A4=100B00 A5=108000 A6=108E74 PC=4968 -- 004968: move.w  ($70,A4), D0
D0=1001B D1=1 D2=100500 D3=0 D4=16405000 D5=84598540 D6=84598540 D7=100B00 A0=7BF48 A1=108904 A2=4ABB4 A3=108F4A A4=100B00 A5=108000 A6=108E74 PC=496C -- 00496C: add.w   D0, D0
D0=10036 D1=1 D2=100500 D3=0 D4=16405000 D5=84598540 D6=84598540 D7=100B00 A0=7BF48 A1=108904 A2=4ABB4 A3=108F4A A4=100B00 A5=108000 A6=108E74 PC=496E -- 00496E: add.w   D0, D0
D0=1006C D1=1 D2=100500 D3=0 D4=16405000 D5=84598540 D6=84598540 D7=100B00 A0=7BF48 A1=108904 A2=4ABB4 A3=108F4A A4=100B00 A5=108000 A6=108E74 PC=4970 -- 004970: movea.l (A0,D0.w), A0
D0=1006C D1=1 D2=100500 D3=0 D4=16405000 D5=84598540 D6=84598540 D7=100B00 A0=7F5E0 A1=108904 A2=4ABB4 A3=108F4A A4=100B00 A5=108000 A6=108E74 PC=4974 -- 004974: move.w  ($72,A4), D0
D0=10030 D1=1 D2=100500 D3=0 D4=16405000 D5=84598540 D6=84598540 D7=100B00 A0=7F5E0 A1=108904 A2=4ABB4 A3=108F4A A4=100B00 A5=108000 A6=108E74 PC=4978 -- 004978: add.w   D0, D0
D0=10060 D1=1 D2=100500 D3=0 D4=16405000 D5=84598540 D6=84598540 D7=100B00 A0=7F5E0 A1=108904 A2=4ABB4 A3=108F4A A4=100B00 A5=108000 A6=108E74 PC=497A -- 00497A: move.w  (A0,D0.w), ($46de,A5)
D0=10060 D1=1 D2=100500 D3=0 D4=16405000 D5=84598540 D6=84598540 D7=100B00 A0=7F5E0 A1=108904 A2=4ABB4 A3=108F4A A4=100B00 A5=108000 A6=108E74 PC=4980 -- 004980: lea     $80000.l, A0
D0=10060 D1=1 D2=100500 D3=0 D4=16405000 D5=84598540 D6=84598540 D7=100B00 A0=80000 A1=108904 A2=4ABB4 A3=108F4A A4=100B00 A5=108000 A6=108E74 PC=4986 -- 004986: move.w  ($70,A4), D0
D0=1001B D1=1 D2=100500 D3=0 D4=16405000 D5=84598540 D6=84598540 D7=100B00 A0=80000 A1=108904 A2=4ABB4 A3=108F4A A4=100B00 A5=108000 A6=108E74 PC=498A -- 00498A: add.w   D0, D0
D0=10036 D1=1 D2=100500 D3=0 D4=16405000 D5=84598540 D6=84598540 D7=100B00 A0=80000 A1=108904 A2=4ABB4 A3=108F4A A4=100B00 A5=108000 A6=108E74 PC=498C -- 00498C: add.w   D0, D0
D0=1006C D1=1 D2=100500 D3=0 D4=16405000 D5=84598540 D6=84598540 D7=100B00 A0=80000 A1=108904 A2=4ABB4 A3=108F4A A4=100B00 A5=108000 A6=108E74 PC=498E -- 00498E: movea.l (A0,D0.w), A0
D0=1006C D1=1 D2=100500 D3=0 D4=16405000 D5=84598540 D6=84598540 D7=100B00 A0=86E00 A1=108904 A2=4ABB4 A3=108F4A A4=100B00 A5=108000 A6=108E74 PC=4992 -- 004992: move.w  ($46de,A5), D0
D0=13030 D1=1 D2=100500 D3=0 D4=16405000 D5=84598540 D6=84598540 D7=100B00 A0=86E00 A1=108904 A2=4ABB4 A3=108F4A A4=100B00 A5=108000 A6=108E74 PC=4996 -- 004996: tst.b   ($46e2,A5)
D0=13030 D1=1 D2=100500 D3=0 D4=16405000 D5=84598540 D6=84598540 D7=100B00 A0=86E00 A1=108904 A2=4ABB4 A3=108F4A A4=100B00 A5=108000 A6=108E74 PC=499A -- 00499A: beq     $49a0
D0=13030 D1=1 D2=100500 D3=0 D4=16405000 D5=84598540 D6=84598540 D7=100B00 A0=86E00 A1=108904 A2=4ABB4 A3=108F4A A4=100B00 A5=108000 A6=108E74 PC=49A0 -- 0049A0: andi.w  #$ff, D0
D0=10030 D1=1 D2=100500 D3=0 D4=16405000 D5=84598540 D6=84598540 D7=100B00 A0=86E00 A1=108904 A2=4ABB4 A3=108F4A A4=100B00 A5=108000 A6=108E74 PC=49A4 -- 0049A4: add.w   D0, D0
D0=10060 D1=1 D2=100500 D3=0 D4=16405000 D5=84598540 D6=84598540 D7=100B00 A0=86E00 A1=108904 A2=4ABB4 A3=108F4A A4=100B00 A5=108000 A6=108E74 PC=49A6 -- 0049A6: add.w   D0, D0
D0=100C0 D1=1 D2=100500 D3=0 D4=16405000 D5=84598540 D6=84598540 D7=100B00 A0=86E00 A1=108904 A2=4ABB4 A3=108F4A A4=100B00 A5=108000 A6=108E74 PC=49A8 -- 0049A8: movea.l (A0,D0.w), A0
D0=100C0 D1=1 D2=100500 D3=0 D4=16405000 D5=84598540 D6=84598540 D7=100B00 A0=F306C A1=108904 A2=4ABB4 A3=108F4A A4=100B00 A5=108000 A6=108E74 PC=49AC -- 0049AC: move.w  ($74,A4), D0
D0=10030 D1=1 D2=100500 D3=0 D4=16405000 D5=84598540 D6=84598540 D7=100B00 A0=F306C A1=108904 A2=4ABB4 A3=108F4A A4=100B00 A5=108000 A6=108E74 PC=49B0 -- 0049B0: adda.w  D0, A0
D0=10030 D1=1 D2=100500 D3=0 D4=16405000 D5=84598540 D6=84598540 D7=100B00 A0=F309C A1=108904 A2=4ABB4 A3=108F4A A4=100B00 A5=108000 A6=108E74 PC=49B2 -- 0049B2: move.b  (A0), ($76,A4)
D0=10030 D1=1 D2=100500 D3=0 D4=16405000 D5=84598540 D6=84598540 D7=100B00 A0=F309C A1=108904 A2=4ABB4 A3=108F4A A4=100B00 A5=108000 A6=108E74 PC=49B6 -- 0049B6: bmi     $4a22
D0=10030 D1=1 D2=100500 D3=0 D4=16405000 D5=84598540 D6=84598540 D7=100B00 A0=F309C A1=108904 A2=4ABB4 A3=108F4A A4=100B00 A5=108000 A6=108E74 PC=49BA -- 0049BA: move.b  ($81,A4), D0
D0=10000 D1=1 D2=100500 D3=0 D4=16405000 D5=84598540 D6=84598540 D7=100B00 A0=F309C A1=108904 A2=4ABB4 A3=108F4A A4=100B00 A5=108000 A6=108E74 PC=49BE -- 0049BE: tst.b   ($7d,A4)
D0=10000 D1=1 D2=100500 D3=0 D4=16405000 D5=84598540 D6=84598540 D7=100B00 A0=F309C A1=108904 A2=4ABB4 A3=108F4A A4=100B00 A5=108000 A6=108E74 PC=49C2 -- 0049C2: beq     $49c8
D0=10000 D1=1 D2=100500 D3=0 D4=16405000 D5=84598540 D6=84598540 D7=100B00 A0=F309C A1=108904 A2=4ABB4 A3=108F4A A4=100B00 A5=108000 A6=108E74 PC=49C8 -- 0049C8: add.b   ($7d,A4), D0
D0=10000 D1=1 D2=100500 D3=0 D4=16405000 D5=84598540 D6=84598540 D7=100B00 A0=F309C A1=108904 A2=4ABB4 A3=108F4A A4=100B00 A5=108000 A6=108E74 PC=49CC -- 0049CC: add.b   D0, ($76,A4)
D0=10000 D1=1 D2=100500 D3=0 D4=16405000 D5=84598540 D6=84598540 D7=100B00 A0=F309C A1=108904 A2=4ABB4 A3=108F4A A4=100B00 A5=108000 A6=108E74 PC=49D0 -- 0049D0: bgt     $49d8
D0=10000 D1=1 D2=100500 D3=0 D4=16405000 D5=84598540 D6=84598540 D7=100B00 A0=F309C A1=108904 A2=4ABB4 A3=108F4A A4=100B00 A5=108000 A6=108E74 PC=49D8 -- 0049D8: addq.w  #1, ($7e,A4)
D0=10000 D1=1 D2=100500 D3=0 D4=16405000 D5=84598540 D6=84598540 D7=100B00 A0=F309C A1=108904 A2=4ABB4 A3=108F4A A4=100B00 A5=108000 A6=108E74 PC=49DC -- 0049DC: move.b  ($4,A0), ($7a,A4)
D0=10000 D1=1 D2=100500 D3=0 D4=16405000 D5=84598540 D6=84598540 D7=100B00 A0=F309C A1=108904 A2=4ABB4 A3=108F4A A4=100B00 A5=108000 A6=108E74 PC=49E2 -- 0049E2: move.b  ($5,A0), ($7b,A4)
D0=10000 D1=1 D2=100500 D3=0 D4=16405000 D5=84598540 D6=84598540 D7=100B00 A0=F309C A1=108904 A2=4ABB4 A3=108F4A A4=100B00 A5=108000 A6=108E74 PC=49E8 -- 0049E8: move.l  (A0), D0
D0=30F1314 D1=1 D2=100500 D3=0 D4=16405000 D5=84598540 D6=84598540 D7=100B00 A0=F309C A1=108904 A2=4ABB4 A3=108F4A A4=100B00 A5=108000 A6=108E74 PC=49EA -- 0049EA: movea.l D0, A0
D0=30F1314 D1=1 D2=100500 D3=0 D4=16405000 D5=84598540 D6=84598540 D7=100B00 A0=30F1314 A1=108904 A2=4ABB4 A3=108F4A A4=100B00 A5=108000 A6=108E74 PC=49EC -- 0049EC: move.w  (A0), ($6a,A4)
D0=30F1314 D1=1 D2=100500 D3=0 D4=16405000 D5=84598540 D6=84598540 D7=100B00 A0=30F1314 A1=108904 A2=4ABB4 A3=108F4A A4=100B00 A5=108000 A6=108E74 PC=49F0 -- 0049F0: move.w  ($2,A0), ($6c,A4)
D0=30F1314 D1=1 D2=100500 D3=0 D4=16405000 D5=84598540 D6=84598540 D7=100B00 A0=30F1314 A1=108904 A2=4ABB4 A3=108F4A A4=100B00 A5=108000 A6=108E74 PC=49F6 -- 0049F6: rts
D0=30F1314 D1=1 D2=100500 D3=0 D4=16405000 D5=84598540 D6=84598540 D7=100B00 A0=30F1314 A1=108904 A2=4ABB4 A3=108F4A A4=100B00 A5=108000 A6=108E74 PC=491A -- 00491A: rts
D0=30F1314 D1=1 D2=100500 D3=0 D4=16405000 D5=84598540 D6=84598540 D7=100B00 A0=30F1314 A1=108904 A2=4ABB4 A3=108F4A A4=100B00 A5=108000 A6=108E74 PC=38910 -- 038910: jmp     $3e2e.l
D0=30F1314 D1=1 D2=100500 D3=0 D4=16405000 D5=84598540 D6=84598540 D7=100B00 A0=30F1314 A1=108904 A2=4ABB4 A3=108F4A A4=100B00 A5=108000 A6=108E74 PC=3E2E -- 003E2E: tst.w   ($74,A4)
D0=30F1314 D1=1 D2=100500 D3=0 D4=16405000 D5=84598540 D6=84598540 D7=100B00 A0=30F1314 A1=108904 A2=4ABB4 A3=108F4A A4=100B00 A5=108000 A6=108E74 PC=3E32 -- 003E32: bmi     $3e80
D0=30F1314 D1=1 D2=100500 D3=0 D4=16405000 D5=84598540 D6=84598540 D7=100B00 A0=30F1314 A1=108904 A2=4ABB4 A3=108F4A A4=100B00 A5=108000 A6=108E74 PC=3E34 -- 003E34: btst    #$6, ($7c,A4)
D0=30F1314 D1=1 D2=100500 D3=0 D4=16405000 D5=84598540 D6=84598540 D7=100B00 A0=30F1314 A1=108904 A2=4ABB4 A3=108F4A A4=100B00 A5=108000 A6=108E74 PC=3E3A -- 003E3A: bne     $3e78
D0=30F1314 D1=1 D2=100500 D3=0 D4=16405000 D5=84598540 D6=84598540 D7=100B00 A0=30F1314 A1=108904 A2=4ABB4 A3=108F4A A4=100B00 A5=108000 A6=108E74 PC=3E3E -- 003E3E: moveq   #$0, D3
D0=30F1314 D1=1 D2=100500 D3=0 D4=16405000 D5=84598540 D6=84598540 D7=100B00 A0=30F1314 A1=108904 A2=4ABB4 A3=108F4A A4=100B00 A5=108000 A6=108E74 PC=3E40 -- 003E40: move.b  ($82,A4), D3
D0=30F1314 D1=1 D2=100500 D3=0 D4=16405000 D5=84598540 D6=84598540 D7=100B00 A0=30F1314 A1=108904 A2=4ABB4 A3=108F4A A4=100B00 A5=108000 A6=108E74 PC=3E44 -- 003E44: add.w   D3, D3
D0=30F1314 D1=1 D2=100500 D3=0 D4=16405000 D5=84598540 D6=84598540 D7=100B00 A0=30F1314 A1=108904 A2=4ABB4 A3=108F4A A4=100B00 A5=108000 A6=108E74 PC=3E46 -- 003E46: add.w   D3, D3
D0=30F1314 D1=1 D2=100500 D3=0 D4=16405000 D5=84598540 D6=84598540 D7=100B00 A0=30F1314 A1=108904 A2=4ABB4 A3=108F4A A4=100B00 A5=108000 A6=108E74 PC=3E48 -- 003E48: move.w  ($18,A4), D0
D0=30F0090 D1=1 D2=100500 D3=0 D4=16405000 D5=84598540 D6=84598540 D7=100B00 A0=30F1314 A1=108904 A2=4ABB4 A3=108F4A A4=100B00 A5=108000 A6=108E74 PC=3E4C -- 003E4C: lea     ($104c,A5), A0
D0=30F0090 D1=1 D2=100500 D3=0 D4=16405000 D5=84598540 D6=84598540 D7=100B00 A0=10904C A1=108904 A2=4ABB4 A3=108F4A A4=100B00 A5=108000 A6=108E74 PC=3E50 -- 003E50: sub.w   (A0,D3.w), D0
D0=30F0090 D1=1 D2=100500 D3=0 D4=16405000 D5=84598540 D6=84598540 D7=100B00 A0=10904C A1=108904 A2=4ABB4 A3=108F4A A4=100B00 A5=108000 A6=108E74 PC=3E54 -- 003E54: addi.w  #$30, D0
D0=30F00C0 D1=1 D2=100500 D3=0 D4=16405000 D5=84598540 D6=84598540 D7=100B00 A0=10904C A1=108904 A2=4ABB4 A3=108F4A A4=100B00 A5=108000 A6=108E74 PC=3E58 -- 003E58: cmpi.w  #$1a0, D0
D0=30F00C0 D1=1 D2=100500 D3=0 D4=16405000 D5=84598540 D6=84598540 D7=100B00 A0=10904C A1=108904 A2=4ABB4 A3=108F4A A4=100B00 A5=108000 A6=108E74 PC=3E5C -- 003E5C: bls     $3e60
D0=30F00C0 D1=1 D2=100500 D3=0 D4=16405000 D5=84598540 D6=84598540 D7=100B00 A0=10904C A1=108904 A2=4ABB4 A3=108F4A A4=100B00 A5=108000 A6=108E74 PC=3E60 -- 003E60: move.w  ($1c,A4), D0
D0=30F0081 D1=1 D2=100500 D3=0 D4=16405000 D5=84598540 D6=84598540 D7=100B00 A0=10904C A1=108904 A2=4ABB4 A3=108F4A A4=100B00 A5=108000 A6=108E74 PC=3E64 -- 003E64: sub.w   ($20,A4), D0
D0=30F0081 D1=1 D2=100500 D3=0 D4=16405000 D5=84598540 D6=84598540 D7=100B00 A0=10904C A1=108904 A2=4ABB4 A3=108F4A A4=100B00 A5=108000 A6=108E74 PC=3E68 -- 003E68: lea     ($1058,A5), A0
D0=30F0081 D1=1 D2=100500 D3=0 D4=16405000 D5=84598540 D6=84598540 D7=100B00 A0=109058 A1=108904 A2=4ABB4 A3=108F4A A4=100B00 A5=108000 A6=108E74 PC=3E6C -- 003E6C: sub.w   (A0,D3.w), D0
D0=30F0081 D1=1 D2=100500 D3=0 D4=16405000 D5=84598540 D6=84598540 D7=100B00 A0=109058 A1=108904 A2=4ABB4 A3=108F4A A4=100B00 A5=108000 A6=108E74 PC=3E70 -- 003E70: cmpi.w  #$1c0, D0
D0=30F0081 D1=1 D2=100500 D3=0 D4=16405000 D5=84598540 D6=84598540 D7=100B00 A0=109058 A1=108904 A2=4ABB4 A3=108F4A A4=100B00 A5=108000 A6=108E74 PC=3E74 -- 003E74: bls     $3e78
D0=30F0081 D1=1 D2=100500 D3=0 D4=16405000 D5=84598540 D6=84598540 D7=100B00 A0=109058 A1=108904 A2=4ABB4 A3=108F4A A4=100B00 A5=108000 A6=108E74 PC=3E78 -- 003E78: bsr     $4860
D0=30F0081 D1=1 D2=100500 D3=0 D4=16405000 D5=84598540 D6=84598540 D7=100B00 A0=109058 A1=108904 A2=4ABB4 A3=108F4A A4=100B00 A5=108000 A6=108E74 PC=4860 -- 004860: lea     $7bf48.l, A0
D0=30F0081 D1=1 D2=100500 D3=0 D4=16405000 D5=84598540 D6=84598540 D7=100B00 A0=7BF48 A1=108904 A2=4ABB4 A3=108F4A A4=100B00 A5=108000 A6=108E74 PC=4866 -- 004866: move.w  ($70,A4), D0
D0=30F001B D1=1 D2=100500 D3=0 D4=16405000 D5=84598540 D6=84598540 D7=100B00 A0=7BF48 A1=108904 A2=4ABB4 A3=108F4A A4=100B00 A5=108000 A6=108E74 PC=486A -- 00486A: add.w   D0, D0
D0=30F0036 D1=1 D2=100500 D3=0 D4=16405000 D5=84598540 D6=84598540 D7=100B00 A0=7BF48 A1=108904 A2=4ABB4 A3=108F4A A4=100B00 A5=108000 A6=108E74 PC=486C -- 00486C: add.w   D0, D0
D0=30F006C D1=1 D2=100500 D3=0 D4=16405000 D5=84598540 D6=84598540 D7=100B00 A0=7BF48 A1=108904 A2=4ABB4 A3=108F4A A4=100B00 A5=108000 A6=108E74 PC=486E -- 00486E: movea.l (A0,D0.w), A0
D0=30F006C D1=1 D2=100500 D3=0 D4=16405000 D5=84598540 D6=84598540 D7=100B00 A0=7F5E0 A1=108904 A2=4ABB4 A3=108F4A A4=100B00 A5=108000 A6=108E74 PC=4872 -- 004872: move.w  ($72,A4), D0
D0=30F0030 D1=1 D2=100500 D3=0 D4=16405000 D5=84598540 D6=84598540 D7=100B00 A0=7F5E0 A1=108904 A2=4ABB4 A3=108F4A A4=100B00 A5=108000 A6=108E74 PC=4876 -- 004876: add.w   D0, D0
D0=30F0060 D1=1 D2=100500 D3=0 D4=16405000 D5=84598540 D6=84598540 D7=100B00 A0=7F5E0 A1=108904 A2=4ABB4 A3=108F4A A4=100B00 A5=108000 A6=108E74 PC=4878 -- 004878: move.w  (A0,D0.w), D1
D0=30F0060 D1=3030 D2=100500 D3=0 D4=16405000 D5=84598540 D6=84598540 D7=100B00 A0=7F5E0 A1=108904 A2=4ABB4 A3=108F4A A4=100B00 A5=108000 A6=108E74 PC=487C -- 00487C: move.w  D1, ($46de,A5)
D0=30F0060 D1=3030 D2=100500 D3=0 D4=16405000 D5=84598540 D6=84598540 D7=100B00 A0=7F5E0 A1=108904 A2=4ABB4 A3=108F4A A4=100B00 A5=108000 A6=108E74 PC=4880 -- 004880: lea     $80000.l, A0
D0=30F0060 D1=3030 D2=100500 D3=0 D4=16405000 D5=84598540 D6=84598540 D7=100B00 A0=80000 A1=108904 A2=4ABB4 A3=108F4A A4=100B00 A5=108000 A6=108E74 PC=4886 -- 004886: move.w  ($70,A4), D0
D0=30F001B D1=3030 D2=100500 D3=0 D4=16405000 D5=84598540 D6=84598540 D7=100B00 A0=80000 A1=108904 A2=4ABB4 A3=108F4A A4=100B00 A5=108000 A6=108E74 PC=488A -- 00488A: add.w   D0, D0
D0=30F0036 D1=3030 D2=100500 D3=0 D4=16405000 D5=84598540 D6=84598540 D7=100B00 A0=80000 A1=108904 A2=4ABB4 A3=108F4A A4=100B00 A5=108000 A6=108E74 PC=488C -- 00488C: add.w   D0, D0
D0=30F006C D1=3030 D2=100500 D3=0 D4=16405000 D5=84598540 D6=84598540 D7=100B00 A0=80000 A1=108904 A2=4ABB4 A3=108F4A A4=100B00 A5=108000 A6=108E74 PC=488E -- 00488E: movea.l (A0,D0.w), A0
D0=30F006C D1=3030 D2=100500 D3=0 D4=16405000 D5=84598540 D6=84598540 D7=100B00 A0=86E00 A1=108904 A2=4ABB4 A3=108F4A A4=100B00 A5=108000 A6=108E74 PC=4892 -- 004892: move.w  ($46de,A5), D0
D0=30F3030 D1=3030 D2=100500 D3=0 D4=16405000 D5=84598540 D6=84598540 D7=100B00 A0=86E00 A1=108904 A2=4ABB4 A3=108F4A A4=100B00 A5=108000 A6=108E74 PC=4896 -- 004896: tst.b   ($46e2,A5)
D0=30F3030 D1=3030 D2=100500 D3=0 D4=16405000 D5=84598540 D6=84598540 D7=100B00 A0=86E00 A1=108904 A2=4ABB4 A3=108F4A A4=100B00 A5=108000 A6=108E74 PC=489A -- 00489A: beq     $48a0
D0=30F3030 D1=3030 D2=100500 D3=0 D4=16405000 D5=84598540 D6=84598540 D7=100B00 A0=86E00 A1=108904 A2=4ABB4 A3=108F4A A4=100B00 A5=108000 A6=108E74 PC=48A0 -- 0048A0: andi.w  #$ff, D0
D0=30F0030 D1=3030 D2=100500 D3=0 D4=16405000 D5=84598540 D6=84598540 D7=100B00 A0=86E00 A1=108904 A2=4ABB4 A3=108F4A A4=100B00 A5=108000 A6=108E74 PC=48A4 -- 0048A4: add.w   D0, D0
D0=30F0060 D1=3030 D2=100500 D3=0 D4=16405000 D5=84598540 D6=84598540 D7=100B00 A0=86E00 A1=108904 A2=4ABB4 A3=108F4A A4=100B00 A5=108000 A6=108E74 PC=48A6 -- 0048A6: add.w   D0, D0
D0=30F00C0 D1=3030 D2=100500 D3=0 D4=16405000 D5=84598540 D6=84598540 D7=100B00 A0=86E00 A1=108904 A2=4ABB4 A3=108F4A A4=100B00 A5=108000 A6=108E74 PC=48A8 -- 0048A8: movea.l (A0,D0.w), A0
D0=30F00C0 D1=3030 D2=100500 D3=0 D4=16405000 D5=84598540 D6=84598540 D7=100B00 A0=F306C A1=108904 A2=4ABB4 A3=108F4A A4=100B00 A5=108000 A6=108E74 PC=48AC -- 0048AC: move.w  ($74,A4), D0
D0=30F0030 D1=3030 D2=100500 D3=0 D4=16405000 D5=84598540 D6=84598540 D7=100B00 A0=F306C A1=108904 A2=4ABB4 A3=108F4A A4=100B00 A5=108000 A6=108E74 PC=48B0 -- 0048B0: adda.w  D0, A0
D0=30F0030 D1=3030 D2=100500 D3=0 D4=16405000 D5=84598540 D6=84598540 D7=100B00 A0=F309C A1=108904 A2=4ABB4 A3=108F4A A4=100B00 A5=108000 A6=108E74 PC=48B2 -- 0048B2: move.l  (A0), D0
D0=30F1314 D1=3030 D2=100500 D3=0 D4=16405000 D5=84598540 D6=84598540 D7=100B00 A0=F309C A1=108904 A2=4ABB4 A3=108F4A A4=100B00 A5=108000 A6=108E74 PC=48B4 -- 0048B4: andi.l  #$ffffff, D0
D0=F1314 D1=3030 D2=100500 D3=0 D4=16405000 D5=84598540 D6=84598540 D7=100B00 A0=F309C A1=108904 A2=4ABB4 A3=108F4A A4=100B00 A5=108000 A6=108E74 PC=48BA -- 0048BA: movea.l D0, A0
D0=F1314 D1=3030 D2=100500 D3=0 D4=16405000 D5=84598540 D6=84598540 D7=100B00 A0=F1314 A1=108904 A2=4ABB4 A3=108F4A A4=100B00 A5=108000 A6=108E74 PC=48BC -- 0048BC: move.w  ($4,A0), D0
D0=F011E D1=3030 D2=100500 D3=0 D4=16405000 D5=84598540 D6=84598540 D7=100B00 A0=F1314 A1=108904 A2=4ABB4 A3=108F4A A4=100B00 A5=108000 A6=108E74 PC=48C0 -- 0048C0: andi.w  #$1fff, D0
D0=F011E D1=3030 D2=100500 D3=0 D4=16405000 D5=84598540 D6=84598540 D7=100B00 A0=F1314 A1=108904 A2=4ABB4 A3=108F4A A4=100B00 A5=108000 A6=108E74 PC=48C4 -- 0048C4: move.w  D0, ($46e0,A5)
D0=F011E D1=3030 D2=100500 D3=0 D4=16405000 D5=84598540 D6=84598540 D7=100B00 A0=F1314 A1=108904 A2=4ABB4 A3=108F4A A4=100B00 A5=108000 A6=108E74 PC=48C8 -- 0048C8: lea     $80080.l, A0
D0=F011E D1=3030 D2=100500 D3=0 D4=16405000 D5=84598540 D6=84598540 D7=100B00 A0=80080 A1=108904 A2=4ABB4 A3=108F4A A4=100B00 A5=108000 A6=108E74 PC=48CE -- 0048CE: move.w  ($70,A4), D1
D0=F011E D1=1B D2=100500 D3=0 D4=16405000 D5=84598540 D6=84598540 D7=100B00 A0=80080 A1=108904 A2=4ABB4 A3=108F4A A4=100B00 A5=108000 A6=108E74 PC=48D2 -- 0048D2: add.w   D1, D1
D0=F011E D1=36 D2=100500 D3=0 D4=16405000 D5=84598540 D6=84598540 D7=100B00 A0=80080 A1=108904 A2=4ABB4 A3=108F4A A4=100B00 A5=108000 A6=108E74 PC=48D4 -- 0048D4: add.w   D1, D1
D0=F011E D1=6C D2=100500 D3=0 D4=16405000 D5=84598540 D6=84598540 D7=100B00 A0=80080 A1=108904 A2=4ABB4 A3=108F4A A4=100B00 A5=108000 A6=108E74 PC=48D6 -- 0048D6: movea.l (A0,D1.w), A0
D0=F011E D1=6C D2=100500 D3=0 D4=16405000 D5=84598540 D6=84598540 D7=100B00 A0=95200 A1=108904 A2=4ABB4 A3=108F4A A4=100B00 A5=108000 A6=108E74 PC=48DA -- 0048DA: add.w   D0, D0
D0=F023C D1=6C D2=100500 D3=0 D4=16405000 D5=84598540 D6=84598540 D7=100B00 A0=95200 A1=108904 A2=4ABB4 A3=108F4A A4=100B00 A5=108000 A6=108E74 PC=48DC -- 0048DC: add.w   D0, D0
D0=F0478 D1=6C D2=100500 D3=0 D4=16405000 D5=84598540 D6=84598540 D7=100B00 A0=95200 A1=108904 A2=4ABB4 A3=108F4A A4=100B00 A5=108000 A6=108E74 PC=48DE -- 0048DE: move.l  (A0,D0.w), ($28,A4)
D0=F0478 D1=6C D2=100500 D3=0 D4=16405000 D5=84598540 D6=84598540 D7=100B00 A0=95200 A1=108904 A2=4ABB4 A3=108F4A A4=100B00 A5=108000 A6=108E74 PC=48E4 -- 0048E4: rts
D0=F0478 D1=6C D2=100500 D3=0 D4=16405000 D5=84598540 D6=84598540 D7=100B00 A0=95200 A1=108904 A2=4ABB4 A3=108F4A A4=100B00 A5=108000 A6=108E74 PC=3E7C -- 003E7C: bra     $481a
D0=F0478 D1=6C D2=100500 D3=0 D4=16405000 D5=84598540 D6=84598540 D7=100B00 A0=95200 A1=108904 A2=4ABB4 A3=108F4A A4=100B00 A5=108000 A6=108E74 PC=481A -- 00481A: addq.w  #1, ($e3a,A5)
D0=F0478 D1=6C D2=100500 D3=0 D4=16405000 D5=84598540 D6=84598540 D7=100B00 A0=95200 A1=108904 A2=4ABB4 A3=108F4A A4=100B00 A5=108000 A6=108E74 PC=481E -- 00481E: lea     ($838,A5), A1
D0=F0478 D1=6C D2=100500 D3=0 D4=16405000 D5=84598540 D6=84598540 D7=100B00 A0=95200 A1=108838 A2=4ABB4 A3=108F4A A4=100B00 A5=108000 A6=108E74 PC=4822 -- 004822: move.w  ($2c,A4), D0
D0=F0064 D1=6C D2=100500 D3=0 D4=16405000 D5=84598540 D6=84598540 D7=100B00 A0=95200 A1=108838 A2=4ABB4 A3=108F4A A4=100B00 A5=108000 A6=108E74 PC=4826 -- 004826: move.w  D0, D1
D0=F0064 D1=64 D2=100500 D3=0 D4=16405000 D5=84598540 D6=84598540 D7=100B00 A0=95200 A1=108838 A2=4ABB4 A3=108F4A A4=100B00 A5=108000 A6=108E74 PC=4828 -- 004828: add.w   D1, D1
D0=F0064 D1=C8 D2=100500 D3=0 D4=16405000 D5=84598540 D6=84598540 D7=100B00 A0=95200 A1=108838 A2=4ABB4 A3=108F4A A4=100B00 A5=108000 A6=108E74 PC=482A -- 00482A: adda.w  D1, A1
D0=F0064 D1=C8 D2=100500 D3=0 D4=16405000 D5=84598540 D6=84598540 D7=100B00 A0=95200 A1=108900 A2=4ABB4 A3=108F4A A4=100B00 A5=108000 A6=108E74 PC=482C -- 00482C: cmp.w   ($e38,A5), D1
D0=F0064 D1=C8 D2=100500 D3=0 D4=16405000 D5=84598540 D6=84598540 D7=100B00 A0=95200 A1=108900 A2=4ABB4 A3=108F4A A4=100B00 A5=108000 A6=108E74 PC=4830 -- 004830: bhi     $4836
D0=F0064 D1=C8 D2=100500 D3=0 D4=16405000 D5=84598540 D6=84598540 D7=100B00 A0=95200 A1=108900 A2=4ABB4 A3=108F4A A4=100B00 A5=108000 A6=108E74 PC=4832 -- 004832: move.w  D1, ($e38,A5)
D0=F0064 D1=C8 D2=100500 D3=0 D4=16405000 D5=84598540 D6=84598540 D7=100B00 A0=95200 A1=108900 A2=4ABB4 A3=108F4A A4=100B00 A5=108000 A6=108E74 PC=4836 -- 004836: move.w  (A1)+, D1
D0=F0064 D1=500 D2=100500 D3=0 D4=16405000 D5=84598540 D6=84598540 D7=100B00 A0=95200 A1=108902 A2=4ABB4 A3=108F4A A4=100B00 A5=108000 A6=108E74 PC=4838 -- 004838: beq     $485a
D0=F0064 D1=500 D2=100500 D3=0 D4=16405000 D5=84598540 D6=84598540 D7=100B00 A0=95200 A1=108902 A2=4ABB4 A3=108F4A A4=100B00 A5=108000 A6=108E74 PC=483A -- 00483A: move.l  #$100000, D2
D0=F0064 D1=500 D2=100000 D3=0 D4=16405000 D5=84598540 D6=84598540 D7=100B00 A0=95200 A1=108902 A2=4ABB4 A3=108F4A A4=100B00 A5=108000 A6=108E74 PC=4840 -- 004840: move.w  D1, D2
D0=F0064 D1=500 D2=100500 D3=0 D4=16405000 D5=84598540 D6=84598540 D7=100B00 A0=95200 A1=108902 A2=4ABB4 A3=108F4A A4=100B00 A5=108000 A6=108E74 PC=4842 -- 004842: movea.l D2, A0
D0=F0064 D1=500 D2=100500 D3=0 D4=16405000 D5=84598540 D6=84598540 D7=100B00 A0=100500 A1=108902 A2=4ABB4 A3=108F4A A4=100B00 A5=108000 A6=108E74 PC=4844 -- 004844: cmp.w   ($2c,A0), D0
D0=F0064 D1=500 D2=100500 D3=0 D4=16405000 D5=84598540 D6=84598540 D7=100B00 A0=100500 A1=108902 A2=4ABB4 A3=108F4A A4=100B00 A5=108000 A6=108E74 PC=4848 -- 004848: bcc     $4836
D0=F0064 D1=500 D2=100500 D3=0 D4=16405000 D5=84598540 D6=84598540 D7=100B00 A0=100500 A1=108902 A2=4ABB4 A3=108F4A A4=100B00 A5=108000 A6=108E74 PC=4836 -- 004836: move.w  (A1)+, D1
D0=F0064 D1=700 D2=100500 D3=0 D4=16405000 D5=84598540 D6=84598540 D7=100B00 A0=100500 A1=108904 A2=4ABB4 A3=108F4A A4=100B00 A5=108000 A6=108E74 PC=4838 -- 004838: beq     $485a
D0=F0064 D1=700 D2=100500 D3=0 D4=16405000 D5=84598540 D6=84598540 D7=100B00 A0=100500 A1=108904 A2=4ABB4 A3=108F4A A4=100B00 A5=108000 A6=108E74 PC=483A -- 00483A: move.l  #$100000, D2
D0=F0064 D1=700 D2=100000 D3=0 D4=16405000 D5=84598540 D6=84598540 D7=100B00 A0=100500 A1=108904 A2=4ABB4 A3=108F4A A4=100B00 A5=108000 A6=108E74 PC=4840 -- 004840: move.w  D1, D2
D0=F0064 D1=700 D2=100700 D3=0 D4=16405000 D5=84598540 D6=84598540 D7=100B00 A0=100500 A1=108904 A2=4ABB4 A3=108F4A A4=100B00 A5=108000 A6=108E74 PC=4842 -- 004842: movea.l D2, A0
D0=F0064 D1=700 D2=100700 D3=0 D4=16405000 D5=84598540 D6=84598540 D7=100B00 A0=100700 A1=108904 A2=4ABB4 A3=108F4A A4=100B00 A5=108000 A6=108E74 PC=4844 -- 004844: cmp.w   ($2c,A0), D0
D0=F0064 D1=700 D2=100700 D3=0 D4=16405000 D5=84598540 D6=84598540 D7=100B00 A0=100700 A1=108904 A2=4ABB4 A3=108F4A A4=100B00 A5=108000 A6=108E74 PC=4848 -- 004848: bcc     $4836

   (loops for 2 instructions)

D0=F0064 D1=0 D2=100700 D3=0 D4=16405000 D5=84598540 D6=84598540 D7=100B00 A0=100700 A1=108906 A2=4ABB4 A3=108F4A A4=100B00 A5=108000 A6=108E74 PC=485A -- 00485A: move.w  A4, (-$2,A1)
D0=F0064 D1=0 D2=100700 D3=0 D4=16405000 D5=84598540 D6=84598540 D7=100B00 A0=100700 A1=108906 A2=4ABB4 A3=108F4A A4=100B00 A5=108000 A6=108E74 PC=485E -- 00485E: rts
D0=F0064 D1=0 D2=100700 D3=0 D4=16405000 D5=84598540 D6=84598540 D7=100B00 A0=100700 A1=108906 A2=4ABB4 A3=108F4A A4=100B00 A5=108000 A6=108E74 PC=32B3C -- 032B3C: move.l  A4, D7
D0=F0064 D1=0 D2=100700 D3=0 D4=16405000 D5=84598540 D6=84598540 D7=100B00 A0=100700 A1=108906 A2=4ABB4 A3=108F4A A4=100B00 A5=108000 A6=108E74 PC=32B3E -- 032B3E: move.w  ($4,A4), D7
D0=F0064 D1=0 D2=100700 D3=0 D4=16405000 D5=84598540 D6=84598540 D7=100D00 A0=100700 A1=108906 A2=4ABB4 A3=108F4A A4=100B00 A5=108000 A6=108E74 PC=32B42 -- 032B42: bpl     $32b36
D0=F0064 D1=0 D2=100700 D3=0 D4=16405000 D5=84598540 D6=84598540 D7=100D00 A0=100700 A1=108906 A2=4ABB4 A3=108F4A A4=100B00 A5=108000 A6=108E74 PC=32B36 -- 032B36: movea.l D7, A4
D0=F0064 D1=0 D2=100700 D3=0 D4=16405000 D5=84598540 D6=84598540 D7=100D00 A0=100700 A1=108906 A2=4ABB4 A3=108F4A A4=100D00 A5=108000 A6=108E74 PC=32B38 -- 032B38: movea.l (A4), A0
D0=F0064 D1=0 D2=100700 D3=0 D4=16405000 D5=84598540 D6=84598540 D7=100D00 A0=3A7C8 A1=108906 A2=4ABB4 A3=108F4A A4=100D00 A5=108000 A6=108E74 PC=32B3A -- 032B3A: jsr     (A0)
D0=F0064 D1=0 D2=100700 D3=0 D4=16405000 D5=84598540 D6=84598540 D7=100D00 A0=3A7C8 A1=108906 A2=4ABB4 A3=108F4A A4=100D00 A5=108000 A6=108E74 PC=3A7C8 -- 03A7C8: movea.l ($84,A4), A0
D0=F0064 D1=0 D2=100700 D3=0 D4=16405000 D5=84598540 D6=84598540 D7=100D00 A0=108584 A1=108906 A2=4ABB4 A3=108F4A A4=100D00 A5=108000 A6=108E74 PC=3A7CC -- 03A7CC: btst    #$0, ($cf,A0)
D0=F0064 D1=0 D2=100700 D3=0 D4=16405000 D5=84598540 D6=84598540 D7=100D00 A0=108584 A1=108906 A2=4ABB4 A3=108F4A A4=100D00 A5=108000 A6=108E74 PC=3A7D2 -- 03A7D2: bne     $3a842
D0=F0064 D1=0 D2=100700 D3=0 D4=16405000 D5=84598540 D6=84598540 D7=100D00 A0=108584 A1=108906 A2=4ABB4 A3=108F4A A4=100D00 A5=108000 A6=108E74 PC=3A7D6 -- 03A7D6: jsr     $2582.l
D0=F0064 D1=0 D2=100700 D3=0 D4=16405000 D5=84598540 D6=84598540 D7=100D00 A0=108584 A1=108906 A2=4ABB4 A3=108F4A A4=100D00 A5=108000 A6=108E74 PC=2582 -- 002582: add.w   $3c0006.l, D0
D0=F8367 D1=0 D2=100700 D3=0 D4=16405000 D5=84598540 D6=84598540 D7=100D00 A0=108584 A1=108906 A2=4ABB4 A3=108F4A A4=100D00 A5=108000 A6=108E74 PC=2588 -- 002588: lsr.w   #3, D0
D0=F106C D1=0 D2=100700 D3=0 D4=16405000 D5=84598540 D6=84598540 D7=100D00 A0=108584 A1=108906 A2=4ABB4 A3=108F4A A4=100D00 A5=108000 A6=108E74 PC=258A -- 00258A: add.w   (-$7f78,A5), D0
D0=FB881 D1=0 D2=100700 D3=0 D4=16405000 D5=84598540 D6=84598540 D7=100D00 A0=108584 A1=108906 A2=4ABB4 A3=108F4A A4=100D00 A5=108000 A6=108E74 PC=258E -- 00258E: add.w   (-$7f7a,A5), D0
D0=F7DE3 D1=0 D2=100700 D3=0 D4=16405000 D5=84598540 D6=84598540 D7=100D00 A0=108584 A1=108906 A2=4ABB4 A3=108F4A A4=100D00 A5=108000 A6=108E74 PC=2592 -- 002592: addq.w  #1, (-$7f78,A5)
D0=F7DE3 D1=0 D2=100700 D3=0 D4=16405000 D5=84598540 D6=84598540 D7=100D00 A0=108584 A1=108906 A2=4ABB4 A3=108F4A A4=100D00 A5=108000 A6=108E74 PC=2596 -- 002596: lea     $c04200.l, A0
D0=F7DE3 D1=0 D2=100700 D3=0 D4=16405000 D5=84598540 D6=84598540 D7=100D00 A0=C04200 A1=108906 A2=4ABB4 A3=108F4A A4=100D00 A5=108000 A6=108E74 PC=259C -- 00259C: andi.l  #$ff, D0
D0=E3 D1=0 D2=100700 D3=0 D4=16405000 D5=84598540 D6=84598540 D7=100D00 A0=C04200 A1=108906 A2=4ABB4 A3=108F4A A4=100D00 A5=108000 A6=108E74 PC=25A2 -- 0025A2: move.b  (A0,D0.w), D0
D0=9C D1=0 D2=100700 D3=0 D4=16405000 D5=84598540 D6=84598540 D7=100D00 A0=C04200 A1=108906 A2=4ABB4 A3=108F4A A4=100D00 A5=108000 A6=108E74 PC=25A6 -- 0025A6: rts
D0=9C D1=0 D2=100700 D3=0 D4=16405000 D5=84598540 D6=84598540 D7=100D00 A0=C04200 A1=108906 A2=4ABB4 A3=108F4A A4=100D00 A5=108000 A6=108E74 PC=3A7DC -- 03A7DC: andi.w  #$f, D0
D0=C D1=0 D2=100700 D3=0 D4=16405000 D5=84598540 D6=84598540 D7=100D00 A0=C04200 A1=108906 A2=4ABB4 A3=108F4A A4=100D00 A5=108000 A6=108E74 PC=3A7E0 -- 03A7E0: bne     $3a814
D0=C D1=0 D2=100700 D3=0 D4=16405000 D5=84598540 D6=84598540 D7=100D00 A0=C04200 A1=108906 A2=4ABB4 A3=108F4A A4=100D00 A5=108000 A6=108E74 PC=3A814 -- 03A814: tst.b   ($7a,A4)
D0=C D1=0 D2=100700 D3=0 D4=16405000 D5=84598540 D6=84598540 D7=100D00 A0=C04200 A1=108906 A2=4ABB4 A3=108F4A A4=100D00 A5=108000 A6=108E74 PC=3A818 -- 03A818: bmi     $3a792
D0=C D1=0 D2=100700 D3=0 D4=16405000 D5=84598540 D6=84598540 D7=100D00 A0=C04200 A1=108906 A2=4ABB4 A3=108F4A A4=100D00 A5=108000 A6=108E74 PC=3A81C -- 03A81C: move.l  ($54,A4), D0
D0=3C000 D1=0 D2=100700 D3=0 D4=16405000 D5=84598540 D6=84598540 D7=100D00 A0=C04200 A1=108906 A2=4ABB4 A3=108F4A A4=100D00 A5=108000 A6=108E74 PC=3A820 -- 03A820: addi.l  #$1800, ($54,A4)
D0=3C000 D1=0 D2=100700 D3=0 D4=16405000 D5=84598540 D6=84598540 D7=100D00 A0=C04200 A1=108906 A2=4ABB4 A3=108F4A A4=100D00 A5=108000 A6=108E74 PC=3A828 -- 03A828: sub.l   D0, ($1c,A4)
D0=3C000 D1=0 D2=100700 D3=0 D4=16405000 D5=84598540 D6=84598540 D7=100D00 A0=C04200 A1=108906 A2=4ABB4 A3=108F4A A4=100D00 A5=108000 A6=108E74 PC=3A82C -- 03A82C: move.b  (-$7f79,A5), D0
D0=3C062 D1=0 D2=100700 D3=0 D4=16405000 D5=84598540 D6=84598540 D7=100D00 A0=C04200 A1=108906 A2=4ABB4 A3=108F4A A4=100D00 A5=108000 A6=108E74 PC=3A830 -- 03A830: andi.b  #$1, D0
D0=3C000 D1=0 D2=100700 D3=0 D4=16405000 D5=84598540 D6=84598540 D7=100D00 A0=C04200 A1=108906 A2=4ABB4 A3=108F4A A4=100D00 A5=108000 A6=108E74 PC=3A834 -- 03A834: move.b  ($cf,A4), D1
D0=3C000 D1=0 D2=100700 D3=0 D4=16405000 D5=84598540 D6=84598540 D7=100D00 A0=C04200 A1=108906 A2=4ABB4 A3=108F4A A4=100D00 A5=108000 A6=108E74 PC=3A838 -- 03A838: eor.b   D1, D0
D0=3C000 D1=0 D2=100700 D3=0 D4=16405000 D5=84598540 D6=84598540 D7=100D00 A0=C04200 A1=108906 A2=4ABB4 A3=108F4A A4=100D00 A5=108000 A6=108E74 PC=3A83A -- 03A83A: bne     $3890a
D0=3C000 D1=0 D2=100700 D3=0 D4=16405000 D5=84598540 D6=84598540 D7=100D00 A0=C04200 A1=108906 A2=4ABB4 A3=108F4A A4=100D00 A5=108000 A6=108E74 PC=3A83E -- 03A83E: beq     $3891c
D0=3C000 D1=0 D2=100700 D3=0 D4=16405000 D5=84598540 D6=84598540 D7=100D00 A0=C04200 A1=108906 A2=4ABB4 A3=108F4A A4=100D00 A5=108000 A6=108E74 PC=3891C -- 03891C: jsr     $48e6.l
D0=3C000 D1=0 D2=100700 D3=0 D4=16405000 D5=84598540 D6=84598540 D7=100D00 A0=C04200 A1=108906 A2=4ABB4 A3=108F4A A4=100D00 A5=108000 A6=108E74 PC=48E6 -- 0048E6: move.w  ($70,A4), D0
D0=3001B D1=0 D2=100700 D3=0 D4=16405000 D5=84598540 D6=84598540 D7=100D00 A0=C04200 A1=108906 A2=4ABB4 A3=108F4A A4=100D00 A5=108000 A6=108E74 PC=48EA -- 0048EA: cmp.b   ($78,A4), D0
D0=3001B D1=0 D2=100700 D3=0 D4=16405000 D5=84598540 D6=84598540 D7=100D00 A0=C04200 A1=108906 A2=4ABB4 A3=108F4A A4=100D00 A5=108000 A6=108E74 PC=48EE -- 0048EE: bne     $491c
D0=3001B D1=0 D2=100700 D3=0 D4=16405000 D5=84598540 D6=84598540 D7=100D00 A0=C04200 A1=108906 A2=4ABB4 A3=108F4A A4=100D00 A5=108000 A6=108E74 PC=48F0 -- 0048F0: move.w  ($72,A4), D0
D0=30030 D1=0 D2=100700 D3=0 D4=16405000 D5=84598540 D6=84598540 D7=100D00 A0=C04200 A1=108906 A2=4ABB4 A3=108F4A A4=100D00 A5=108000 A6=108E74 PC=48F4 -- 0048F4: cmp.b   ($79,A4), D0
D0=30030 D1=0 D2=100700 D3=0 D4=16405000 D5=84598540 D6=84598540 D7=100D00 A0=C04200 A1=108906 A2=4ABB4 A3=108F4A A4=100D00 A5=108000 A6=108E74 PC=48F8 -- 0048F8: bne     $493c
D0=30030 D1=0 D2=100700 D3=0 D4=16405000 D5=84598540 D6=84598540 D7=100D00 A0=C04200 A1=108906 A2=4ABB4 A3=108F4A A4=100D00 A5=108000 A6=108E74 PC=48FA -- 0048FA: tst.b   ($77,A4)
D0=30030 D1=0 D2=100700 D3=0 D4=16405000 D5=84598540 D6=84598540 D7=100D00 A0=C04200 A1=108906 A2=4ABB4 A3=108F4A A4=100D00 A5=108000 A6=108E74 PC=48FE -- 0048FE: bne     $495c
D0=30030 D1=0 D2=100700 D3=0 D4=16405000 D5=84598540 D6=84598540 D7=100D00 A0=C04200 A1=108906 A2=4ABB4 A3=108F4A A4=100D00 A5=108000 A6=108E74 PC=4900 -- 004900: tst.b   ($7a,A4)
D0=30030 D1=0 D2=100700 D3=0 D4=16405000 D5=84598540 D6=84598540 D7=100D00 A0=C04200 A1=108906 A2=4ABB4 A3=108F4A A4=100D00 A5=108000 A6=108E74 PC=4904 -- 004904: bmi     $491a
D0=30030 D1=0 D2=100700 D3=0 D4=16405000 D5=84598540 D6=84598540 D7=100D00 A0=C04200 A1=108906 A2=4ABB4 A3=108F4A A4=100D00 A5=108000 A6=108E74 PC=4906 -- 004906: subq.b  #1, ($76,A4)
D0=30030 D1=0 D2=100700 D3=0 D4=16405000 D5=84598540 D6=84598540 D7=100D00 A0=C04200 A1=108906 A2=4ABB4 A3=108F4A A4=100D00 A5=108000 A6=108E74 PC=490A -- 00490A: bhi     $491a
D0=30030 D1=0 D2=100700 D3=0 D4=16405000 D5=84598540 D6=84598540 D7=100D00 A0=C04200 A1=108906 A2=4ABB4 A3=108F4A A4=100D00 A5=108000 A6=108E74 PC=491A -- 00491A: rts
D0=30030 D1=0 D2=100700 D3=0 D4=16405000 D5=84598540 D6=84598540 D7=100D00 A0=C04200 A1=108906 A2=4ABB4 A3=108F4A A4=100D00 A5=108000 A6=108E74 PC=38922 -- 038922: rts
D0=30030 D1=0 D2=100700 D3=0 D4=16405000 D5=84598540 D6=84598540 D7=100D00 A0=C04200 A1=108906 A2=4ABB4 A3=108F4A A4=100D00 A5=108000 A6=108E74 PC=32B3C -- 032B3C: move.l  A4, D7
D0=30030 D1=0 D2=100700 D3=0 D4=16405000 D5=84598540 D6=84598540 D7=100D00 A0=C04200 A1=108906 A2=4ABB4 A3=108F4A A4=100D00 A5=108000 A6=108E74 PC=32B3E -- 032B3E: move.w  ($4,A4), D7
D0=30030 D1=0 D2=100700 D3=0 D4=16405000 D5=84598540 D6=84598540 D7=100F00 A0=C04200 A1=108906 A2=4ABB4 A3=108F4A A4=100D00 A5=108000 A6=108E74 PC=32B42 -- 032B42: bpl     $32b36
D0=30030 D1=0 D2=100700 D3=0 D4=16405000 D5=84598540 D6=84598540 D7=100F00 A0=C04200 A1=108906 A2=4ABB4 A3=108F4A A4=100D00 A5=108000 A6=108E74 PC=32B36 -- 032B36: movea.l D7, A4
D0=30030 D1=0 D2=100700 D3=0 D4=16405000 D5=84598540 D6=84598540 D7=100F00 A0=C04200 A1=108906 A2=4ABB4 A3=108F4A A4=100F00 A5=108000 A6=108E74 PC=32B38 -- 032B38: movea.l (A4), A0
D0=30030 D1=0 D2=100700 D3=0 D4=16405000 D5=84598540 D6=84598540 D7=100F00 A0=3A7C8 A1=108906 A2=4ABB4 A3=108F4A A4=100F00 A5=108000 A6=108E74 PC=32B3A -- 032B3A: jsr     (A0)
D0=30030 D1=0 D2=100700 D3=0 D4=16405000 D5=84598540 D6=84598540 D7=100F00 A0=3A7C8 A1=108906 A2=4ABB4 A3=108F4A A4=100F00 A5=108000 A6=108E74 PC=3A7C8 -- 03A7C8: movea.l ($84,A4), A0
D0=30030 D1=0 D2=100700 D3=0 D4=16405000 D5=84598540 D6=84598540 D7=100F00 A0=108584 A1=108906 A2=4ABB4 A3=108F4A A4=100F00 A5=108000 A6=108E74 PC=3A7CC -- 03A7CC: btst    #$0, ($cf,A0)
D0=30030 D1=0 D2=100700 D3=0 D4=16405000 D5=84598540 D6=84598540 D7=100F00 A0=108584 A1=108906 A2=4ABB4 A3=108F4A A4=100F00 A5=108000 A6=108E74 PC=3A7D2 -- 03A7D2: bne     $3a842
D0=30030 D1=0 D2=100700 D3=0 D4=16405000 D5=84598540 D6=84598540 D7=100F00 A0=108584 A1=108906 A2=4ABB4 A3=108F4A A4=100F00 A5=108000 A6=108E74 PC=3A7D6 -- 03A7D6: jsr     $2582.l
D0=30030 D1=0 D2=100700 D3=0 D4=16405000 D5=84598540 D6=84598540 D7=100F00 A0=108584 A1=108906 A2=4ABB4 A3=108F4A A4=100F00 A5=108000 A6=108E74 PC=2582 -- 002582: add.w   $3c0006.l, D0
D0=383B3 D1=0 D2=100700 D3=0 D4=16405000 D5=84598540 D6=84598540 D7=100F00 A0=108584 A1=108906 A2=4ABB4 A3=108F4A A4=100F00 A5=108000 A6=108E74 PC=2588 -- 002588: lsr.w   #3, D0
D0=31076 D1=0 D2=100700 D3=0 D4=16405000 D5=84598540 D6=84598540 D7=100F00 A0=108584 A1=108906 A2=4ABB4 A3=108F4A A4=100F00 A5=108000 A6=108E74 PC=258A -- 00258A: add.w   (-$7f78,A5), D0
D0=3B88C D1=0 D2=100700 D3=0 D4=16405000 D5=84598540 D6=84598540 D7=100F00 A0=108584 A1=108906 A2=4ABB4 A3=108F4A A4=100F00 A5=108000 A6=108E74 PC=258E -- 00258E: add.w   (-$7f7a,A5), D0
D0=37DEE D1=0 D2=100700 D3=0 D4=16405000 D5=84598540 D6=84598540 D7=100F00 A0=108584 A1=108906 A2=4ABB4 A3=108F4A A4=100F00 A5=108000 A6=108E74 PC=2592 -- 002592: addq.w  #1, (-$7f78,A5)
D0=37DEE D1=0 D2=100700 D3=0 D4=16405000 D5=84598540 D6=84598540 D7=100F00 A0=108584 A1=108906 A2=4ABB4 A3=108F4A A4=100F00 A5=108000 A6=108E74 PC=2596 -- 002596: lea     $c04200.l, A0
D0=37DEE D1=0 D2=100700 D3=0 D4=16405000 D5=84598540 D6=84598540 D7=100F00 A0=C04200 A1=108906 A2=4ABB4 A3=108F4A A4=100F00 A5=108000 A6=108E74 PC=259C -- 00259C: andi.l  #$ff, D0
D0=EE D1=0 D2=100700 D3=0 D4=16405000 D5=84598540 D6=84598540 D7=100F00 A0=C04200 A1=108906 A2=4ABB4 A3=108F4A A4=100F00 A5=108000 A6=108E74 PC=25A2 -- 0025A2: move.b  (A0,D0.w), D0
D0=60 D1=0 D2=100700 D3=0 D4=16405000 D5=84598540 D6=84598540 D7=100F00 A0=C04200 A1=108906 A2=4ABB4 A3=108F4A A4=100F00 A5=108000 A6=108E74 PC=25A6 -- 0025A6: rts
D0=60 D1=0 D2=100700 D3=0 D4=16405000 D5=84598540 D6=84598540 D7=100F00 A0=C04200 A1=108906 A2=4ABB4 A3=108F4A A4=100F00 A5=108000 A6=108E74 PC=3A7DC -- 03A7DC: andi.w  #$f, D0
D0=0 D1=0 D2=100700 D3=0 D4=16405000 D5=84598540 D6=84598540 D7=100F00 A0=C04200 A1=108906 A2=4ABB4 A3=108F4A A4=100F00 A5=108000 A6=108E74 PC=3A7E0 -- 03A7E0: bne     $3a814
D0=0 D1=0 D2=100700 D3=0 D4=16405000 D5=84598540 D6=84598540 D7=100F00 A0=C04200 A1=108906 A2=4ABB4 A3=108F4A A4=100F00 A5=108000 A6=108E74 PC=3A7E4 -- 03A7E4: lea     ($78,PC) ; ($3a85e), A0
D0=0 D1=0 D2=100700 D3=0 D4=16405000 D5=84598540 D6=84598540 D7=100F00 A0=3A85E A1=108906 A2=4ABB4 A3=108F4A A4=100F00 A5=108000 A6=108E74 PC=3A7E8 -- 03A7E8: nop
D0=0 D1=0 D2=100700 D3=0 D4=16405000 D5=84598540 D6=84598540 D7=100F00 A0=3A85E A1=108906 A2=4ABB4 A3=108F4A A4=100F00 A5=108000 A6=108E74 PC=3A7EA -- 03A7EA: move.w  #$3500, D0
D0=3500 D1=0 D2=100700 D3=0 D4=16405000 D5=84598540 D6=84598540 D7=100F00 A0=3A85E A1=108906 A2=4ABB4 A3=108F4A A4=100F00 A5=108000 A6=108E74 PC=3A7EE -- 03A7EE: jsr     $260e.w
D0=3500 D1=0 D2=100700 D3=0 D4=16405000 D5=84598540 D6=84598540 D7=100F00 A0=3A85E A1=108906 A2=4ABB4 A3=108F4A A4=100F00 A5=108000 A6=108E74 PC=260E -- 00260E: move.w  ($580,A5), D7
D0=3500 D1=0 D2=100700 D3=0 D4=16405000 D5=84598540 D6=84598540 D7=10005A A0=3A85E A1=108906 A2=4ABB4 A3=108F4A A4=100F00 A5=108000 A6=108E74 PC=2612 -- 002612: bmi     $2670
D0=3500 D1=0 D2=100700 D3=0 D4=16405000 D5=84598540 D6=84598540 D7=10005A A0=3A85E A1=108906 A2=4ABB4 A3=108F4A A4=100F00 A5=108000 A6=108E74 PC=2616 -- 002616: subq.w  #2, ($580,A5)
D0=3500 D1=0 D2=100700 D3=0 D4=16405000 D5=84598540 D6=84598540 D7=10005A A0=3A85E A1=108906 A2=4ABB4 A3=108F4A A4=100F00 A5=108000 A6=108E74 PC=261A -- 00261A: lea     ($500,A5), A1
D0=3500 D1=0 D2=100700 D3=0 D4=16405000 D5=84598540 D6=84598540 D7=10005A A0=3A85E A1=108500 A2=4ABB4 A3=108F4A A4=100F00 A5=108000 A6=108E74 PC=261E -- 00261E: movea.w (A1,D7.w), A1
D0=3500 D1=0 D2=100700 D3=0 D4=16405000 D5=84598540 D6=84598540 D7=10005A A0=3A85E A1=2500 A2=4ABB4 A3=108F4A A4=100F00 A5=108000 A6=108E74 PC=2622 -- 002622: adda.l  #$100000, A1
D0=3500 D1=0 D2=100700 D3=0 D4=16405000 D5=84598540 D6=84598540 D7=10005A A0=3A85E A1=102500 A2=4ABB4 A3=108F4A A4=100F00 A5=108000 A6=108E74 PC=2628 -- 002628: move.l  A0, (A1)
D0=3500 D1=0 D2=100700 D3=0 D4=16405000 D5=84598540 D6=84598540 D7=10005A A0=3A85E A1=102500 A2=4ABB4 A3=108F4A A4=100F00 A5=108000 A6=108E74 PC=262A -- 00262A: move.w  D0, ($8,A1)
D0=3500 D1=0 D2=100700 D3=0 D4=16405000 D5=84598540 D6=84598540 D7=10005A A0=3A85E A1=102500 A2=4ABB4 A3=108F4A A4=100F00 A5=108000 A6=108E74 PC=262E -- 00262E: lea     (-$7f00,A5), A0
D0=3500 D1=0 D2=100700 D3=0 D4=16405000 D5=84598540 D6=84598540 D7=10005A A0=100100 A1=102500 A2=4ABB4 A3=108F4A A4=100F00 A5=108000 A6=108E74 PC=2632 -- 002632: move.l  A0, D7
D0=3500 D1=0 D2=100700 D3=0 D4=16405000 D5=84598540 D6=84598540 D7=100100 A0=100100 A1=102500 A2=4ABB4 A3=108F4A A4=100F00 A5=108000 A6=108E74 PC=2634 -- 002634: move.w  ($4,A0), D7
D0=3500 D1=0 D2=100700 D3=0 D4=16405000 D5=84598540 D6=84598540 D7=100500 A0=100100 A1=102500 A2=4ABB4 A3=108F4A A4=100F00 A5=108000 A6=108E74 PC=2638 -- 002638: movea.l D7, A0
D0=3500 D1=0 D2=100700 D3=0 D4=16405000 D5=84598540 D6=84598540 D7=100500 A0=100500 A1=102500 A2=4ABB4 A3=108F4A A4=100F00 A5=108000 A6=108E74 PC=263A -- 00263A: cmp.w   ($8,A0), D0
D0=3500 D1=0 D2=100700 D3=0 D4=16405000 D5=84598540 D6=84598540 D7=100500 A0=100500 A1=102500 A2=4ABB4 A3=108F4A A4=100F00 A5=108000 A6=108E74 PC=263E -- 00263E: bcc     $2634
D0=3500 D1=0 D2=100700 D3=0 D4=16405000 D5=84598540 D6=84598540 D7=100500 A0=100500 A1=102500 A2=4ABB4 A3=108F4A A4=100F00 A5=108000 A6=108E74 PC=2634 -- 002634: move.w  ($4,A0), D7
D0=3500 D1=0 D2=100700 D3=0 D4=16405000 D5=84598540 D6=84598540 D7=100700 A0=100500 A1=102500 A2=4ABB4 A3=108F4A A4=100F00 A5=108000 A6=108E74 PC=2638 -- 002638: movea.l D7, A0
D0=3500 D1=0 D2=100700 D3=0 D4=16405000 D5=84598540 D6=84598540 D7=100700 A0=100700 A1=102500 A2=4ABB4 A3=108F4A A4=100F00 A5=108000 A6=108E74 PC=263A -- 00263A: cmp.w   ($8,A0), D0
D0=3500 D1=0 D2=100700 D3=0 D4=16405000 D5=84598540 D6=84598540 D7=100700 A0=100700 A1=102500 A2=4ABB4 A3=108F4A A4=100F00 A5=108000 A6=108E74 PC=263E -- 00263E: bcc     $2634

   (loops for 60 instructions)

D0=3500 D1=0 D2=100700 D3=0 D4=16405000 D5=84598540 D6=84598540 D7=100300 A0=100300 A1=102500 A2=4ABB4 A3=108F4A A4=100F00 A5=108000 A6=108E74 PC=2640 -- 002640: move.w  A0, ($4,A1)
D0=3500 D1=0 D2=100700 D3=0 D4=16405000 D5=84598540 D6=84598540 D7=100300 A0=100300 A1=102500 A2=4ABB4 A3=108F4A A4=100F00 A5=108000 A6=108E74 PC=2644 -- 002644: move.w  ($6,A0), ($6,A1)
D0=3500 D1=0 D2=100700 D3=0 D4=16405000 D5=84598540 D6=84598540 D7=100300 A0=100300 A1=102500 A2=4ABB4 A3=108F4A A4=100F00 A5=108000 A6=108E74 PC=264A -- 00264A: move.w  ($6,A0), D7
D0=3500 D1=0 D2=100700 D3=0 D4=16405000 D5=84598540 D6=84598540 D7=102300 A0=100300 A1=102500 A2=4ABB4 A3=108F4A A4=100F00 A5=108000 A6=108E74 PC=264E -- 00264E: move.w  A1, ($6,A0)
D0=3500 D1=0 D2=100700 D3=0 D4=16405000 D5=84598540 D6=84598540 D7=102300 A0=100300 A1=102500 A2=4ABB4 A3=108F4A A4=100F00 A5=108000 A6=108E74 PC=2652 -- 002652: movea.l D7, A0
D0=3500 D1=0 D2=100700 D3=0 D4=16405000 D5=84598540 D6=84598540 D7=102300 A0=102300 A1=102500 A2=4ABB4 A3=108F4A A4=100F00 A5=108000 A6=108E74 PC=2654 -- 002654: move.w  A1, ($4,A0)
D0=3500 D1=0 D2=100700 D3=0 D4=16405000 D5=84598540 D6=84598540 D7=102300 A0=102300 A1=102500 A2=4ABB4 A3=108F4A A4=100F00 A5=108000 A6=108E74 PC=2658 -- 002658: lea     ($10,A1), A0
D0=3500 D1=0 D2=100700 D3=0 D4=16405000 D5=84598540 D6=84598540 D7=102300 A0=102510 A1=102500 A2=4ABB4 A3=108F4A A4=100F00 A5=108000 A6=108E74 PC=265C -- 00265C: move.w  #$1e, D0
D0=1E D1=0 D2=100700 D3=0 D4=16405000 D5=84598540 D6=84598540 D7=102300 A0=102510 A1=102500 A2=4ABB4 A3=108F4A A4=100F00 A5=108000 A6=108E74 PC=2660 -- 002660: moveq   #$0, D7
D0=1E D1=0 D2=100700 D3=0 D4=16405000 D5=84598540 D6=84598540 D7=0 A0=102510 A1=102500 A2=4ABB4 A3=108F4A A4=100F00 A5=108000 A6=108E74 PC=2662 -- 002662: move.l  D7, (A0)+
D0=1E D1=0 D2=100700 D3=0 D4=16405000 D5=84598540 D6=84598540 D7=0 A0=102514 A1=102500 A2=4ABB4 A3=108F4A A4=100F00 A5=108000 A6=108E74 PC=2664 -- 002664: move.l  D7, (A0)+
D0=1E D1=0 D2=100700 D3=0 D4=16405000 D5=84598540 D6=84598540 D7=0 A0=102518 A1=102500 A2=4ABB4 A3=108F4A A4=100F00 A5=108000 A6=108E74 PC=2666 -- 002666: move.l  D7, (A0)+
D0=1E D1=0 D2=100700 D3=0 D4=16405000 D5=84598540 D6=84598540 D7=0 A0=10251C A1=102500 A2=4ABB4 A3=108F4A A4=100F00 A5=108000 A6=108E74 PC=2668 -- 002668: move.l  D7, (A0)+
D0=1E D1=0 D2=100700 D3=0 D4=16405000 D5=84598540 D6=84598540 D7=0 A0=102520 A1=102500 A2=4ABB4 A3=108F4A A4=100F00 A5=108000 A6=108E74 PC=266A -- 00266A: dbra    D0, $2662
D0=1D D1=0 D2=100700 D3=0 D4=16405000 D5=84598540 D6=84598540 D7=0 A0=102520 A1=102500 A2=4ABB4 A3=108F4A A4=100F00 A5=108000 A6=108E74 PC=2662 -- 002662: move.l  D7, (A0)+
D0=1D D1=0 D2=100700 D3=0 D4=16405000 D5=84598540 D6=84598540 D7=0 A0=102524 A1=102500 A2=4ABB4 A3=108F4A A4=100F00 A5=108000 A6=108E74 PC=2664 -- 002664: move.l  D7, (A0)+
D0=1D D1=0 D2=100700 D3=0 D4=16405000 D5=84598540 D6=84598540 D7=0 A0=102528 A1=102500 A2=4ABB4 A3=108F4A A4=100F00 A5=108000 A6=108E74 PC=2666 -- 002666: move.l  D7, (A0)+
D0=1D D1=0 D2=100700 D3=0 D4=16405000 D5=84598540 D6=84598540 D7=0 A0=10252C A1=102500 A2=4ABB4 A3=108F4A A4=100F00 A5=108000 A6=108E74 PC=2668 -- 002668: move.l  D7, (A0)+
D0=1D D1=0 D2=100700 D3=0 D4=16405000 D5=84598540 D6=84598540 D7=0 A0=102530 A1=102500 A2=4ABB4 A3=108F4A A4=100F00 A5=108000 A6=108E74 PC=266A -- 00266A: dbra    D0, $2662

   (loops for 145 instructions)

D0=FFFF D1=0 D2=100700 D3=0 D4=16405000 D5=84598540 D6=84598540 D7=0 A0=102700 A1=102500 A2=4ABB4 A3=108F4A A4=100F00 A5=108000 A6=108E74 PC=266E -- 00266E: rts
D0=FFFF D1=0 D2=100700 D3=0 D4=16405000 D5=84598540 D6=84598540 D7=0 A0=102700 A1=102500 A2=4ABB4 A3=108F4A A4=100F00 A5=108000 A6=108E74 PC=3A7F2 -- 03A7F2: move.l  A4, ($84,A1)
D0=FFFF D1=0 D2=100700 D3=0 D4=16405000 D5=84598540 D6=84598540 D7=0 A0=102700 A1=102500 A2=4ABB4 A3=108F4A A4=100F00 A5=108000 A6=108E74 PC=3A7F6 -- 03A7F6: eori.b  #$1, ($5020,A5)
D0=FFFF D1=0 D2=100700 D3=0 D4=16405000 D5=84598540 D6=84598540 D7=0 A0=102700 A1=102500 A2=4ABB4 A3=108F4A A4=100F00 A5=108000 A6=108E74 PC=3A7FC -- 03A7FC: move.b  ($5020,A5), ($cf,A1)
D0=FFFF D1=0 D2=100700 D3=0 D4=16405000 D5=84598540 D6=84598540 D7=0 A0=102700 A1=102500 A2=4ABB4 A3=108F4A A4=100F00 A5=108000 A6=108E74 PC=3A802 -- 03A802: move.l  ($18,A4), ($18,A1)
D0=FFFF D1=0 D2=100700 D3=0 D4=16405000 D5=84598540 D6=84598540 D7=0 A0=102700 A1=102500 A2=4ABB4 A3=108F4A A4=100F00 A5=108000 A6=108E74 PC=3A808 -- 03A808: move.l  ($c0,A4), ($1c,A1)
D0=FFFF D1=0 D2=100700 D3=0 D4=16405000 D5=84598540 D6=84598540 D7=0 A0=102700 A1=102500 A2=4ABB4 A3=108F4A A4=100F00 A5=108000 A6=108E74 PC=3A80E -- 03A80E: move.l  ($20,A4), ($20,A1)
D0=FFFF D1=0 D2=100700 D3=0 D4=16405000 D5=84598540 D6=84598540 D7=0 A0=102700 A1=102500 A2=4ABB4 A3=108F4A A4=100F00 A5=108000 A6=108E74 PC=3A814 -- 03A814: tst.b   ($7a,A4)
D0=FFFF D1=0 D2=100700 D3=0 D4=16405000 D5=84598540 D6=84598540 D7=0 A0=102700 A1=102500 A2=4ABB4 A3=108F4A A4=100F00 A5=108000 A6=108E74 PC=3A818 -- 03A818: bmi     $3a792
D0=FFFF D1=0 D2=100700 D3=0 D4=16405000 D5=84598540 D6=84598540 D7=0 A0=102700 A1=102500 A2=4ABB4 A3=108F4A A4=100F00 A5=108000 A6=108E74 PC=3A81C -- 03A81C: move.l  ($54,A4), D0
D0=30000 D1=0 D2=100700 D3=0 D4=16405000 D5=84598540 D6=84598540 D7=0 A0=102700 A1=102500 A2=4ABB4 A3=108F4A A4=100F00 A5=108000 A6=108E74 PC=3A820 -- 03A820: addi.l  #$1800, ($54,A4)
D0=30000 D1=0 D2=100700 D3=0 D4=16405000 D5=84598540 D6=84598540 D7=0 A0=102700 A1=102500 A2=4ABB4 A3=108F4A A4=100F00 A5=108000 A6=108E74 PC=3A828 -- 03A828: sub.l   D0, ($1c,A4)
D0=30000 D1=0 D2=100700 D3=0 D4=16405000 D5=84598540 D6=84598540 D7=0 A0=102700 A1=102500 A2=4ABB4 A3=108F4A A4=100F00 A5=108000 A6=108E74 PC=3A82C -- 03A82C: move.b  (-$7f79,A5), D0
D0=30062 D1=0 D2=100700 D3=0 D4=16405000 D5=84598540 D6=84598540 D7=0 A0=102700 A1=102500 A2=4ABB4 A3=108F4A A4=100F00 A5=108000 A6=108E74 PC=3A830 -- 03A830: andi.b  #$1, D0
D0=30000 D1=0 D2=100700 D3=0 D4=16405000 D5=84598540 D6=84598540 D7=0 A0=102700 A1=102500 A2=4ABB4 A3=108F4A A4=100F00 A5=108000 A6=108E74 PC=3A834 -- 03A834: move.b  ($cf,A4), D1
D0=30000 D1=1 D2=100700 D3=0 D4=16405000 D5=84598540 D6=84598540 D7=0 A0=102700 A1=102500 A2=4ABB4 A3=108F4A A4=100F00 A5=108000 A6=108E74 PC=3A838 -- 03A838: eor.b   D1, D0
D0=30001 D1=1 D2=100700 D3=0 D4=16405000 D5=84598540 D6=84598540 D7=0 A0=102700 A1=102500 A2=4ABB4 A3=108F4A A4=100F00 A5=108000 A6=108E74 PC=3A83A -- 03A83A: bne     $3890a
D0=30001 D1=1 D2=100700 D3=0 D4=16405000 D5=84598540 D6=84598540 D7=0 A0=102700 A1=102500 A2=4ABB4 A3=108F4A A4=100F00 A5=108000 A6=108E74 PC=3890A -- 03890A: jsr     $48e6.l
D0=30001 D1=1 D2=100700 D3=0 D4=16405000 D5=84598540 D6=84598540 D7=0 A0=102700 A1=102500 A2=4ABB4 A3=108F4A A4=100F00 A5=108000 A6=108E74 PC=48E6 -- 0048E6: move.w  ($70,A4), D0
D0=3001B D1=1 D2=100700 D3=0 D4=16405000 D5=84598540 D6=84598540 D7=0 A0=102700 A1=102500 A2=4ABB4 A3=108F4A A4=100F00 A5=108000 A6=108E74 PC=48EA -- 0048EA: cmp.b   ($78,A4), D0
D0=3001B D1=1 D2=100700 D3=0 D4=16405000 D5=84598540 D6=84598540 D7=0 A0=102700 A1=102500 A2=4ABB4 A3=108F4A A4=100F00 A5=108000 A6=108E74 PC=48EE -- 0048EE: bne     $491c
D0=3001B D1=1 D2=100700 D3=0 D4=16405000 D5=84598540 D6=84598540 D7=0 A0=102700 A1=102500 A2=4ABB4 A3=108F4A A4=100F00 A5=108000 A6=108E74 PC=48F0 -- 0048F0: move.w  ($72,A4), D0
D0=30030 D1=1 D2=100700 D3=0 D4=16405000 D5=84598540 D6=84598540 D7=0 A0=102700 A1=102500 A2=4ABB4 A3=108F4A A4=100F00 A5=108000 A6=108E74 PC=48F4 -- 0048F4: cmp.b   ($79,A4), D0
D0=30030 D1=1 D2=100700 D3=0 D4=16405000 D5=84598540 D6=84598540 D7=0 A0=102700 A1=102500 A2=4ABB4 A3=108F4A A4=100F00 A5=108000 A6=108E74 PC=48F8 -- 0048F8: bne     $493c
D0=30030 D1=1 D2=100700 D3=0 D4=16405000 D5=84598540 D6=84598540 D7=0 A0=102700 A1=102500 A2=4ABB4 A3=108F4A A4=100F00 A5=108000 A6=108E74 PC=48FA -- 0048FA: tst.b   ($77,A4)
D0=30030 D1=1 D2=100700 D3=0 D4=16405000 D5=84598540 D6=84598540 D7=0 A0=102700 A1=102500 A2=4ABB4 A3=108F4A A4=100F00 A5=108000 A6=108E74 PC=48FE -- 0048FE: bne     $495c
D0=30030 D1=1 D2=100700 D3=0 D4=16405000 D5=84598540 D6=84598540 D7=0 A0=102700 A1=102500 A2=4ABB4 A3=108F4A A4=100F00 A5=108000 A6=108E74 PC=4900 -- 004900: tst.b   ($7a,A4)
D0=30030 D1=1 D2=100700 D3=0 D4=16405000 D5=84598540 D6=84598540 D7=0 A0=102700 A1=102500 A2=4ABB4 A3=108F4A A4=100F00 A5=108000 A6=108E74 PC=4904 -- 004904: bmi     $491a
D0=30030 D1=1 D2=100700 D3=0 D4=16405000 D5=84598540 D6=84598540 D7=0 A0=102700 A1=102500 A2=4ABB4 A3=108F4A A4=100F00 A5=108000 A6=108E74 PC=4906 -- 004906: subq.b  #1, ($76,A4)
D0=30030 D1=1 D2=100700 D3=0 D4=16405000 D5=84598540 D6=84598540 D7=0 A0=102700 A1=102500 A2=4ABB4 A3=108F4A A4=100F00 A5=108000 A6=108E74 PC=490A -- 00490A: bhi     $491a
D0=30030 D1=1 D2=100700 D3=0 D4=16405000 D5=84598540 D6=84598540 D7=0 A0=102700 A1=102500 A2=4ABB4 A3=108F4A A4=100F00 A5=108000 A6=108E74 PC=491A -- 00491A: rts
D0=30030 D1=1 D2=100700 D3=0 D4=16405000 D5=84598540 D6=84598540 D7=0 A0=102700 A1=102500 A2=4ABB4 A3=108F4A A4=100F00 A5=108000 A6=108E74 PC=38910 -- 038910: jmp     $3e2e.l
D0=30030 D1=1 D2=100700 D3=0 D4=16405000 D5=84598540 D6=84598540 D7=0 A0=102700 A1=102500 A2=4ABB4 A3=108F4A A4=100F00 A5=108000 A6=108E74 PC=3E2E -- 003E2E: tst.w   ($74,A4)
D0=30030 D1=1 D2=100700 D3=0 D4=16405000 D5=84598540 D6=84598540 D7=0 A0=102700 A1=102500 A2=4ABB4 A3=108F4A A4=100F00 A5=108000 A6=108E74 PC=3E32 -- 003E32: bmi     $3e80
D0=30030 D1=1 D2=100700 D3=0 D4=16405000 D5=84598540 D6=84598540 D7=0 A0=102700 A1=102500 A2=4ABB4 A3=108F4A A4=100F00 A5=108000 A6=108E74 PC=3E34 -- 003E34: btst    #$6, ($7c,A4)
D0=30030 D1=1 D2=100700 D3=0 D4=16405000 D5=84598540 D6=84598540 D7=0 A0=102700 A1=102500 A2=4ABB4 A3=108F4A A4=100F00 A5=108000 A6=108E74 PC=3E3A -- 003E3A: bne     $3e78
D0=30030 D1=1 D2=100700 D3=0 D4=16405000 D5=84598540 D6=84598540 D7=0 A0=102700 A1=102500 A2=4ABB4 A3=108F4A A4=100F00 A5=108000 A6=108E74 PC=3E3E -- 003E3E: moveq   #$0, D3
D0=30030 D1=1 D2=100700 D3=0 D4=16405000 D5=84598540 D6=84598540 D7=0 A0=102700 A1=102500 A2=4ABB4 A3=108F4A A4=100F00 A5=108000 A6=108E74 PC=3E40 -- 003E40: move.b  ($82,A4), D3
D0=30030 D1=1 D2=100700 D3=0 D4=16405000 D5=84598540 D6=84598540 D7=0 A0=102700 A1=102500 A2=4ABB4 A3=108F4A A4=100F00 A5=108000 A6=108E74 PC=3E44 -- 003E44: add.w   D3, D3
D0=30030 D1=1 D2=100700 D3=0 D4=16405000 D5=84598540 D6=84598540 D7=0 A0=102700 A1=102500 A2=4ABB4 A3=108F4A A4=100F00 A5=108000 A6=108E74 PC=3E46 -- 003E46: add.w   D3, D3
D0=30030 D1=1 D2=100700 D3=0 D4=16405000 D5=84598540 D6=84598540 D7=0 A0=102700 A1=102500 A2=4ABB4 A3=108F4A A4=100F00 A5=108000 A6=108E74 PC=3E48 -- 003E48: move.w  ($18,A4), D0
D0=300F0 D1=1 D2=100700 D3=0 D4=16405000 D5=84598540 D6=84598540 D7=0 A0=102700 A1=102500 A2=4ABB4 A3=108F4A A4=100F00 A5=108000 A6=108E74 PC=3E4C -- 003E4C: lea     ($104c,A5), A0
D0=300F0 D1=1 D2=100700 D3=0 D4=16405000 D5=84598540 D6=84598540 D7=0 A0=10904C A1=102500 A2=4ABB4 A3=108F4A A4=100F00 A5=108000 A6=108E74 PC=3E50 -- 003E50: sub.w   (A0,D3.w), D0
D0=300F0 D1=1 D2=100700 D3=0 D4=16405000 D5=84598540 D6=84598540 D7=0 A0=10904C A1=102500 A2=4ABB4 A3=108F4A A4=100F00 A5=108000 A6=108E74 PC=3E54 -- 003E54: addi.w  #$30, D0
D0=30120 D1=1 D2=100700 D3=0 D4=16405000 D5=84598540 D6=84598540 D7=0 A0=10904C A1=102500 A2=4ABB4 A3=108F4A A4=100F00 A5=108000 A6=108E74 PC=3E58 -- 003E58: cmpi.w  #$1a0, D0
D0=30120 D1=1 D2=100700 D3=0 D4=16405000 D5=84598540 D6=84598540 D7=0 A0=10904C A1=102500 A2=4ABB4 A3=108F4A A4=100F00 A5=108000 A6=108E74 PC=3E5C -- 003E5C: bls     $3e60
D0=30120 D1=1 D2=100700 D3=0 D4=16405000 D5=84598540 D6=84598540 D7=0 A0=10904C A1=102500 A2=4ABB4 A3=108F4A A4=100F00 A5=108000 A6=108E74 PC=3E60 -- 003E60: move.w  ($1c,A4), D0
D0=3005E D1=1 D2=100700 D3=0 D4=16405000 D5=84598540 D6=84598540 D7=0 A0=10904C A1=102500 A2=4ABB4 A3=108F4A A4=100F00 A5=108000 A6=108E74 PC=3E64 -- 003E64: sub.w   ($20,A4), D0
D0=3005E D1=1 D2=100700 D3=0 D4=16405000 D5=84598540 D6=84598540 D7=0 A0=10904C A1=102500 A2=4ABB4 A3=108F4A A4=100F00 A5=108000 A6=108E74 PC=3E68 -- 003E68: lea     ($1058,A5), A0
D0=3005E D1=1 D2=100700 D3=0 D4=16405000 D5=84598540 D6=84598540 D7=0 A0=109058 A1=102500 A2=4ABB4 A3=108F4A A4=100F00 A5=108000 A6=108E74 PC=3E6C -- 003E6C: sub.w   (A0,D3.w), D0
D0=3005E D1=1 D2=100700 D3=0 D4=16405000 D5=84598540 D6=84598540 D7=0 A0=109058 A1=102500 A2=4ABB4 A3=108F4A A4=100F00 A5=108000 A6=108E74 PC=3E70 -- 003E70: cmpi.w  #$1c0, D0
D0=3005E D1=1 D2=100700 D3=0 D4=16405000 D5=84598540 D6=84598540 D7=0 A0=109058 A1=102500 A2=4ABB4 A3=108F4A A4=100F00 A5=108000 A6=108E74 PC=3E74 -- 003E74: bls     $3e78
D0=3005E D1=1 D2=100700 D3=0 D4=16405000 D5=84598540 D6=84598540 D7=0 A0=109058 A1=102500 A2=4ABB4 A3=108F4A A4=100F00 A5=108000 A6=108E74 PC=3E78 -- 003E78: bsr     $4860
D0=3005E D1=1 D2=100700 D3=0 D4=16405000 D5=84598540 D6=84598540 D7=0 A0=109058 A1=102500 A2=4ABB4 A3=108F4A A4=100F00 A5=108000 A6=108E74 PC=4860 -- 004860: lea     $7bf48.l, A0
D0=3005E D1=1 D2=100700 D3=0 D4=16405000 D5=84598540 D6=84598540 D7=0 A0=7BF48 A1=102500 A2=4ABB4 A3=108F4A A4=100F00 A5=108000 A6=108E74 PC=4866 -- 004866: move.w  ($70,A4), D0
D0=3001B D1=1 D2=100700 D3=0 D4=16405000 D5=84598540 D6=84598540 D7=0 A0=7BF48 A1=102500 A2=4ABB4 A3=108F4A A4=100F00 A5=108000 A6=108E74 PC=486A -- 00486A: add.w   D0, D0
D0=30036 D1=1 D2=100700 D3=0 D4=16405000 D5=84598540 D6=84598540 D7=0 A0=7BF48 A1=102500 A2=4ABB4 A3=108F4A A4=100F00 A5=108000 A6=108E74 PC=486C -- 00486C: add.w   D0, D0
D0=3006C D1=1 D2=100700 D3=0 D4=16405000 D5=84598540 D6=84598540 D7=0 A0=7BF48 A1=102500 A2=4ABB4 A3=108F4A A4=100F00 A5=108000 A6=108E74 PC=486E -- 00486E: movea.l (A0,D0.w), A0
D0=3006C D1=1 D2=100700 D3=0 D4=16405000 D5=84598540 D6=84598540 D7=0 A0=7F5E0 A1=102500 A2=4ABB4 A3=108F4A A4=100F00 A5=108000 A6=108E74 PC=4872 -- 004872: move.w  ($72,A4), D0
D0=30030 D1=1 D2=100700 D3=0 D4=16405000 D5=84598540 D6=84598540 D7=0 A0=7F5E0 A1=102500 A2=4ABB4 A3=108F4A A4=100F00 A5=108000 A6=108E74 PC=4876 -- 004876: add.w   D0, D0
D0=30060 D1=1 D2=100700 D3=0 D4=16405000 D5=84598540 D6=84598540 D7=0 A0=7F5E0 A1=102500 A2=4ABB4 A3=108F4A A4=100F00 A5=108000 A6=108E74 PC=4878 -- 004878: move.w  (A0,D0.w), D1
D0=30060 D1=3030 D2=100700 D3=0 D4=16405000 D5=84598540 D6=84598540 D7=0 A0=7F5E0 A1=102500 A2=4ABB4 A3=108F4A A4=100F00 A5=108000 A6=108E74 PC=487C -- 00487C: move.w  D1, ($46de,A5)
D0=30060 D1=3030 D2=100700 D3=0 D4=16405000 D5=84598540 D6=84598540 D7=0 A0=7F5E0 A1=102500 A2=4ABB4 A3=108F4A A4=100F00 A5=108000 A6=108E74 PC=4880 -- 004880: lea     $80000.l, A0
D0=30060 D1=3030 D2=100700 D3=0 D4=16405000 D5=84598540 D6=84598540 D7=0 A0=80000 A1=102500 A2=4ABB4 A3=108F4A A4=100F00 A5=108000 A6=108E74 PC=4886 -- 004886: move.w  ($70,A4), D0
D0=3001B D1=3030 D2=100700 D3=0 D4=16405000 D5=84598540 D6=84598540 D7=0 A0=80000 A1=102500 A2=4ABB4 A3=108F4A A4=100F00 A5=108000 A6=108E74 PC=488A -- 00488A: add.w   D0, D0
D0=30036 D1=3030 D2=100700 D3=0 D4=16405000 D5=84598540 D6=84598540 D7=0 A0=80000 A1=102500 A2=4ABB4 A3=108F4A A4=100F00 A5=108000 A6=108E74 PC=488C -- 00488C: add.w   D0, D0
D0=3006C D1=3030 D2=100700 D3=0 D4=16405000 D5=84598540 D6=84598540 D7=0 A0=80000 A1=102500 A2=4ABB4 A3=108F4A A4=100F00 A5=108000 A6=108E74 PC=488E -- 00488E: movea.l (A0,D0.w), A0
D0=3006C D1=3030 D2=100700 D3=0 D4=16405000 D5=84598540 D6=84598540 D7=0 A0=86E00 A1=102500 A2=4ABB4 A3=108F4A A4=100F00 A5=108000 A6=108E74 PC=4892 -- 004892: move.w  ($46de,A5), D0
D0=33030 D1=3030 D2=100700 D3=0 D4=16405000 D5=84598540 D6=84598540 D7=0 A0=86E00 A1=102500 A2=4ABB4 A3=108F4A A4=100F00 A5=108000 A6=108E74 PC=4896 -- 004896: tst.b   ($46e2,A5)
D0=33030 D1=3030 D2=100700 D3=0 D4=16405000 D5=84598540 D6=84598540 D7=0 A0=86E00 A1=102500 A2=4ABB4 A3=108F4A A4=100F00 A5=108000 A6=108E74 PC=489A -- 00489A: beq     $48a0
D0=33030 D1=3030 D2=100700 D3=0 D4=16405000 D5=84598540 D6=84598540 D7=0 A0=86E00 A1=102500 A2=4ABB4 A3=108F4A A4=100F00 A5=108000 A6=108E74 PC=48A0 -- 0048A0: andi.w  #$ff, D0
D0=30030 D1=3030 D2=100700 D3=0 D4=16405000 D5=84598540 D6=84598540 D7=0 A0=86E00 A1=102500 A2=4ABB4 A3=108F4A A4=100F00 A5=108000 A6=108E74 PC=48A4 -- 0048A4: add.w   D0, D0
D0=30060 D1=3030 D2=100700 D3=0 D4=16405000 D5=84598540 D6=84598540 D7=0 A0=86E00 A1=102500 A2=4ABB4 A3=108F4A A4=100F00 A5=108000 A6=108E74 PC=48A6 -- 0048A6: add.w   D0, D0
D0=300C0 D1=3030 D2=100700 D3=0 D4=16405000 D5=84598540 D6=84598540 D7=0 A0=86E00 A1=102500 A2=4ABB4 A3=108F4A A4=100F00 A5=108000 A6=108E74 PC=48A8 -- 0048A8: movea.l (A0,D0.w), A0
D0=300C0 D1=3030 D2=100700 D3=0 D4=16405000 D5=84598540 D6=84598540 D7=0 A0=F306C A1=102500 A2=4ABB4 A3=108F4A A4=100F00 A5=108000 A6=108E74 PC=48AC -- 0048AC: move.w  ($74,A4), D0
D0=30048 D1=3030 D2=100700 D3=0 D4=16405000 D5=84598540 D6=84598540 D7=0 A0=F306C A1=102500 A2=4ABB4 A3=108F4A A4=100F00 A5=108000 A6=108E74 PC=48B0 -- 0048B0: adda.w  D0, A0
D0=30048 D1=3030 D2=100700 D3=0 D4=16405000 D5=84598540 D6=84598540 D7=0 A0=F30B4 A1=102500 A2=4ABB4 A3=108F4A A4=100F00 A5=108000 A6=108E74 PC=48B2 -- 0048B2: move.l  (A0), D0
D0=50F132C D1=3030 D2=100700 D3=0 D4=16405000 D5=84598540 D6=84598540 D7=0 A0=F30B4 A1=102500 A2=4ABB4 A3=108F4A A4=100F00 A5=108000 A6=108E74 PC=48B4 -- 0048B4: andi.l  #$ffffff, D0
D0=F132C D1=3030 D2=100700 D3=0 D4=16405000 D5=84598540 D6=84598540 D7=0 A0=F30B4 A1=102500 A2=4ABB4 A3=108F4A A4=100F00 A5=108000 A6=108E74 PC=48BA -- 0048BA: movea.l D0, A0
D0=F132C D1=3030 D2=100700 D3=0 D4=16405000 D5=84598540 D6=84598540 D7=0 A0=F132C A1=102500 A2=4ABB4 A3=108F4A A4=100F00 A5=108000 A6=108E74 PC=48BC -- 0048BC: move.w  ($4,A0), D0
D0=F0122 D1=3030 D2=100700 D3=0 D4=16405000 D5=84598540 D6=84598540 D7=0 A0=F132C A1=102500 A2=4ABB4 A3=108F4A A4=100F00 A5=108000 A6=108E74 PC=48C0 -- 0048C0: andi.w  #$1fff, D0
D0=F0122 D1=3030 D2=100700 D3=0 D4=16405000 D5=84598540 D6=84598540 D7=0 A0=F132C A1=102500 A2=4ABB4 A3=108F4A A4=100F00 A5=108000 A6=108E74 PC=48C4 -- 0048C4: move.w  D0, ($46e0,A5)
D0=F0122 D1=3030 D2=100700 D3=0 D4=16405000 D5=84598540 D6=84598540 D7=0 A0=F132C A1=102500 A2=4ABB4 A3=108F4A A4=100F00 A5=108000 A6=108E74 PC=48C8 -- 0048C8: lea     $80080.l, A0
D0=F0122 D1=3030 D2=100700 D3=0 D4=16405000 D5=84598540 D6=84598540 D7=0 A0=80080 A1=102500 A2=4ABB4 A3=108F4A A4=100F00 A5=108000 A6=108E74 PC=48CE -- 0048CE: move.w  ($70,A4), D1
D0=F0122 D1=1B D2=100700 D3=0 D4=16405000 D5=84598540 D6=84598540 D7=0 A0=80080 A1=102500 A2=4ABB4 A3=108F4A A4=100F00 A5=108000 A6=108E74 PC=48D2 -- 0048D2: add.w   D1, D1
D0=F0122 D1=36 D2=100700 D3=0 D4=16405000 D5=84598540 D6=84598540 D7=0 A0=80080 A1=102500 A2=4ABB4 A3=108F4A A4=100F00 A5=108000 A6=108E74 PC=48D4 -- 0048D4: add.w   D1, D1
D0=F0122 D1=6C D2=100700 D3=0 D4=16405000 D5=84598540 D6=84598540 D7=0 A0=80080 A1=102500 A2=4ABB4 A3=108F4A A4=100F00 A5=108000 A6=108E74 PC=48D6 -- 0048D6: movea.l (A0,D1.w), A0
D0=F0122 D1=6C D2=100700 D3=0 D4=16405000 D5=84598540 D6=84598540 D7=0 A0=95200 A1=102500 A2=4ABB4 A3=108F4A A4=100F00 A5=108000 A6=108E74 PC=48DA -- 0048DA: add.w   D0, D0
D0=F0244 D1=6C D2=100700 D3=0 D4=16405000 D5=84598540 D6=84598540 D7=0 A0=95200 A1=102500 A2=4ABB4 A3=108F4A A4=100F00 A5=108000 A6=108E74 PC=48DC -- 0048DC: add.w   D0, D0
D0=F0488 D1=6C D2=100700 D3=0 D4=16405000 D5=84598540 D6=84598540 D7=0 A0=95200 A1=102500 A2=4ABB4 A3=108F4A A4=100F00 A5=108000 A6=108E74 PC=48DE -- 0048DE: move.l  (A0,D0.w), ($28,A4)
D0=F0488 D1=6C D2=100700 D3=0 D4=16405000 D5=84598540 D6=84598540 D7=0 A0=95200 A1=102500 A2=4ABB4 A3=108F4A A4=100F00 A5=108000 A6=108E74 PC=48E4 -- 0048E4: rts
D0=F0488 D1=6C D2=100700 D3=0 D4=16405000 D5=84598540 D6=84598540 D7=0 A0=95200 A1=102500 A2=4ABB4 A3=108F4A A4=100F00 A5=108000 A6=108E74 PC=3E7C -- 003E7C: bra     $481a
D0=F0488 D1=6C D2=100700 D3=0 D4=16405000 D5=84598540 D6=84598540 D7=0 A0=95200 A1=102500 A2=4ABB4 A3=108F4A A4=100F00 A5=108000 A6=108E74 PC=481A -- 00481A: addq.w  #1, ($e3a,A5)
D0=F0488 D1=6C D2=100700 D3=0 D4=16405000 D5=84598540 D6=84598540 D7=0 A0=95200 A1=102500 A2=4ABB4 A3=108F4A A4=100F00 A5=108000 A6=108E74 PC=481E -- 00481E: lea     ($838,A5), A1
D0=F0488 D1=6C D2=100700 D3=0 D4=16405000 D5=84598540 D6=84598540 D7=0 A0=95200 A1=108838 A2=4ABB4 A3=108F4A A4=100F00 A5=108000 A6=108E74 PC=4822 -- 004822: move.w  ($2c,A4), D0
D0=F0064 D1=6C D2=100700 D3=0 D4=16405000 D5=84598540 D6=84598540 D7=0 A0=95200 A1=108838 A2=4ABB4 A3=108F4A A4=100F00 A5=108000 A6=108E74 PC=4826 -- 004826: move.w  D0, D1
D0=F0064 D1=64 D2=100700 D3=0 D4=16405000 D5=84598540 D6=84598540 D7=0 A0=95200 A1=108838 A2=4ABB4 A3=108F4A A4=100F00 A5=108000 A6=108E74 PC=4828 -- 004828: add.w   D1, D1
D0=F0064 D1=C8 D2=100700 D3=0 D4=16405000 D5=84598540 D6=84598540 D7=0 A0=95200 A1=108838 A2=4ABB4 A3=108F4A A4=100F00 A5=108000 A6=108E74 PC=482A -- 00482A: adda.w  D1, A1
D0=F0064 D1=C8 D2=100700 D3=0 D4=16405000 D5=84598540 D6=84598540 D7=0 A0=95200 A1=108900 A2=4ABB4 A3=108F4A A4=100F00 A5=108000 A6=108E74 PC=482C -- 00482C: cmp.w   ($e38,A5), D1
D0=F0064 D1=C8 D2=100700 D3=0 D4=16405000 D5=84598540 D6=84598540 D7=0 A0=95200 A1=108900 A2=4ABB4 A3=108F4A A4=100F00 A5=108000 A6=108E74 PC=4830 -- 004830: bhi     $4836
D0=F0064 D1=C8 D2=100700 D3=0 D4=16405000 D5=84598540 D6=84598540 D7=0 A0=95200 A1=108900 A2=4ABB4 A3=108F4A A4=100F00 A5=108000 A6=108E74 PC=4832 -- 004832: move.w  D1, ($e38,A5)
D0=F0064 D1=C8 D2=100700 D3=0 D4=16405000 D5=84598540 D6=84598540 D7=0 A0=95200 A1=108900 A2=4ABB4 A3=108F4A A4=100F00 A5=108000 A6=108E74 PC=4836 -- 004836: move.w  (A1)+, D1
D0=F0064 D1=500 D2=100700 D3=0 D4=16405000 D5=84598540 D6=84598540 D7=0 A0=95200 A1=108902 A2=4ABB4 A3=108F4A A4=100F00 A5=108000 A6=108E74 PC=4838 -- 004838: beq     $485a
D0=F0064 D1=500 D2=100700 D3=0 D4=16405000 D5=84598540 D6=84598540 D7=0 A0=95200 A1=108902 A2=4ABB4 A3=108F4A A4=100F00 A5=108000 A6=108E74 PC=483A -- 00483A: move.l  #$100000, D2
D0=F0064 D1=500 D2=100000 D3=0 D4=16405000 D5=84598540 D6=84598540 D7=0 A0=95200 A1=108902 A2=4ABB4 A3=108F4A A4=100F00 A5=108000 A6=108E74 PC=4840 -- 004840: move.w  D1, D2
D0=F0064 D1=500 D2=100500 D3=0 D4=16405000 D5=84598540 D6=84598540 D7=0 A0=95200 A1=108902 A2=4ABB4 A3=108F4A A4=100F00 A5=108000 A6=108E74 PC=4842 -- 004842: movea.l D2, A0
D0=F0064 D1=500 D2=100500 D3=0 D4=16405000 D5=84598540 D6=84598540 D7=0 A0=100500 A1=108902 A2=4ABB4 A3=108F4A A4=100F00 A5=108000 A6=108E74 PC=4844 -- 004844: cmp.w   ($2c,A0), D0
D0=F0064 D1=500 D2=100500 D3=0 D4=16405000 D5=84598540 D6=84598540 D7=0 A0=100500 A1=108902 A2=4ABB4 A3=108F4A A4=100F00 A5=108000 A6=108E74 PC=4848 -- 004848: bcc     $4836
D0=F0064 D1=500 D2=100500 D3=0 D4=16405000 D5=84598540 D6=84598540 D7=0 A0=100500 A1=108902 A2=4ABB4 A3=108F4A A4=100F00 A5=108000 A6=108E74 PC=4836 -- 004836: move.w  (A1)+, D1
D0=F0064 D1=700 D2=100500 D3=0 D4=16405000 D5=84598540 D6=84598540 D7=0 A0=100500 A1=108904 A2=4ABB4 A3=108F4A A4=100F00 A5=108000 A6=108E74 PC=4838 -- 004838: beq     $485a
D0=F0064 D1=700 D2=100500 D3=0 D4=16405000 D5=84598540 D6=84598540 D7=0 A0=100500 A1=108904 A2=4ABB4 A3=108F4A A4=100F00 A5=108000 A6=108E74 PC=483A -- 00483A: move.l  #$100000, D2
D0=F0064 D1=700 D2=100000 D3=0 D4=16405000 D5=84598540 D6=84598540 D7=0 A0=100500 A1=108904 A2=4ABB4 A3=108F4A A4=100F00 A5=108000 A6=108E74 PC=4840 -- 004840: move.w  D1, D2
D0=F0064 D1=700 D2=100700 D3=0 D4=16405000 D5=84598540 D6=84598540 D7=0 A0=100500 A1=108904 A2=4ABB4 A3=108F4A A4=100F00 A5=108000 A6=108E74 PC=4842 -- 004842: movea.l D2, A0
D0=F0064 D1=700 D2=100700 D3=0 D4=16405000 D5=84598540 D6=84598540 D7=0 A0=100700 A1=108904 A2=4ABB4 A3=108F4A A4=100F00 A5=108000 A6=108E74 PC=4844 -- 004844: cmp.w   ($2c,A0), D0
D0=F0064 D1=700 D2=100700 D3=0 D4=16405000 D5=84598540 D6=84598540 D7=0 A0=100700 A1=108904 A2=4ABB4 A3=108F4A A4=100F00 A5=108000 A6=108E74 PC=4848 -- 004848: bcc     $4836

   (loops for 9 instructions)

D0=F0064 D1=0 D2=100B00 D3=0 D4=16405000 D5=84598540 D6=84598540 D7=0 A0=100B00 A1=108908 A2=4ABB4 A3=108F4A A4=100F00 A5=108000 A6=108E74 PC=485A -- 00485A: move.w  A4, (-$2,A1)
D0=F0064 D1=0 D2=100B00 D3=0 D4=16405000 D5=84598540 D6=84598540 D7=0 A0=100B00 A1=108908 A2=4ABB4 A3=108F4A A4=100F00 A5=108000 A6=108E74 PC=485E -- 00485E: rts
D0=F0064 D1=0 D2=100B00 D3=0 D4=16405000 D5=84598540 D6=84598540 D7=0 A0=100B00 A1=108908 A2=4ABB4 A3=108F4A A4=100F00 A5=108000 A6=108E74 PC=32B3C -- 032B3C: move.l  A4, D7
D0=F0064 D1=0 D2=100B00 D3=0 D4=16405000 D5=84598540 D6=84598540 D7=100F00 A0=100B00 A1=108908 A2=4ABB4 A3=108F4A A4=100F00 A5=108000 A6=108E74 PC=32B3E -- 032B3E: move.w  ($4,A4), D7
D0=F0064 D1=0 D2=100B00 D3=0 D4=16405000 D5=84598540 D6=84598540 D7=101100 A0=100B00 A1=108908 A2=4ABB4 A3=108F4A A4=100F00 A5=108000 A6=108E74 PC=32B42 -- 032B42: bpl     $32b36
D0=F0064 D1=0 D2=100B00 D3=0 D4=16405000 D5=84598540 D6=84598540 D7=101100 A0=100B00 A1=108908 A2=4ABB4 A3=108F4A A4=100F00 A5=108000 A6=108E74 PC=32B36 -- 032B36: movea.l D7, A4
D0=F0064 D1=0 D2=100B00 D3=0 D4=16405000 D5=84598540 D6=84598540 D7=101100 A0=100B00 A1=108908 A2=4ABB4 A3=108F4A A4=101100 A5=108000 A6=108E74 PC=32B38 -- 032B38: movea.l (A4), A0
D0=F0064 D1=0 D2=100B00 D3=0 D4=16405000 D5=84598540 D6=84598540 D7=101100 A0=3A7C8 A1=108908 A2=4ABB4 A3=108F4A A4=101100 A5=108000 A6=108E74 PC=32B3A -- 032B3A: jsr     (A0)
D0=F0064 D1=0 D2=100B00 D3=0 D4=16405000 D5=84598540 D6=84598540 D7=101100 A0=3A7C8 A1=108908 A2=4ABB4 A3=108F4A A4=101100 A5=108000 A6=108E74 PC=3A7C8 -- 03A7C8: movea.l ($84,A4), A0
D0=F0064 D1=0 D2=100B00 D3=0 D4=16405000 D5=84598540 D6=84598540 D7=101100 A0=108584 A1=108908 A2=4ABB4 A3=108F4A A4=101100 A5=108000 A6=108E74 PC=3A7CC -- 03A7CC: btst    #$0, ($cf,A0)
D0=F0064 D1=0 D2=100B00 D3=0 D4=16405000 D5=84598540 D6=84598540 D7=101100 A0=108584 A1=108908 A2=4ABB4 A3=108F4A A4=101100 A5=108000 A6=108E74 PC=3A7D2 -- 03A7D2: bne     $3a842
D0=F0064 D1=0 D2=100B00 D3=0 D4=16405000 D5=84598540 D6=84598540 D7=101100 A0=108584 A1=108908 A2=4ABB4 A3=108F4A A4=101100 A5=108000 A6=108E74 PC=3A7D6 -- 03A7D6: jsr     $2582.l
D0=F0064 D1=0 D2=100B00 D3=0 D4=16405000 D5=84598540 D6=84598540 D7=101100 A0=108584 A1=108908 A2=4ABB4 A3=108F4A A4=101100 A5=108000 A6=108E74 PC=2582 -- 002582: add.w   $3c0006.l, D0
D0=F8667 D1=0 D2=100B00 D3=0 D4=16405000 D5=84598540 D6=84598540 D7=101100 A0=108584 A1=108908 A2=4ABB4 A3=108F4A A4=101100 A5=108000 A6=108E74 PC=2588 -- 002588: lsr.w   #3, D0
D0=F10CC D1=0 D2=100B00 D3=0 D4=16405000 D5=84598540 D6=84598540 D7=101100 A0=108584 A1=108908 A2=4ABB4 A3=108F4A A4=101100 A5=108000 A6=108E74 PC=258A -- 00258A: add.w   (-$7f78,A5), D0
D0=FB8E3 D1=0 D2=100B00 D3=0 D4=16405000 D5=84598540 D6=84598540 D7=101100 A0=108584 A1=108908 A2=4ABB4 A3=108F4A A4=101100 A5=108000 A6=108E74 PC=258E -- 00258E: add.w   (-$7f7a,A5), D0
D0=F7E45 D1=0 D2=100B00 D3=0 D4=16405000 D5=84598540 D6=84598540 D7=101100 A0=108584 A1=108908 A2=4ABB4 A3=108F4A A4=101100 A5=108000 A6=108E74 PC=2592 -- 002592: addq.w  #1, (-$7f78,A5)
D0=F7E45 D1=0 D2=100B00 D3=0 D4=16405000 D5=84598540 D6=84598540 D7=101100 A0=108584 A1=108908 A2=4ABB4 A3=108F4A A4=101100 A5=108000 A6=108E74 PC=2596 -- 002596: lea     $c04200.l, A0
D0=F7E45 D1=0 D2=100B00 D3=0 D4=16405000 D5=84598540 D6=84598540 D7=101100 A0=C04200 A1=108908 A2=4ABB4 A3=108F4A A4=101100 A5=108000 A6=108E74 PC=259C -- 00259C: andi.l  #$ff, D0
D0=45 D1=0 D2=100B00 D3=0 D4=16405000 D5=84598540 D6=84598540 D7=101100 A0=C04200 A1=108908 A2=4ABB4 A3=108F4A A4=101100 A5=108000 A6=108E74 PC=25A2 -- 0025A2: move.b  (A0,D0.w), D0
D0=A9 D1=0 D2=100B00 D3=0 D4=16405000 D5=84598540 D6=84598540 D7=101100 A0=C04200 A1=108908 A2=4ABB4 A3=108F4A A4=101100 A5=108000 A6=108E74 PC=25A6 -- 0025A6: rts
D0=A9 D1=0 D2=100B00 D3=0 D4=16405000 D5=84598540 D6=84598540 D7=101100 A0=C04200 A1=108908 A2=4ABB4 A3=108F4A A4=101100 A5=108000 A6=108E74 PC=3A7DC -- 03A7DC: andi.w  #$f, D0
D0=9 D1=0 D2=100B00 D3=0 D4=16405000 D5=84598540 D6=84598540 D7=101100 A0=C04200 A1=108908 A2=4ABB4 A3=108F4A A4=101100 A5=108000 A6=108E74 PC=3A7E0 -- 03A7E0: bne     $3a814
D0=9 D1=0 D2=100B00 D3=0 D4=16405000 D5=84598540 D6=84598540 D7=101100 A0=C04200 A1=108908 A2=4ABB4 A3=108F4A A4=101100 A5=108000 A6=108E74 PC=3A814 -- 03A814: tst.b   ($7a,A4)
D0=9 D1=0 D2=100B00 D3=0 D4=16405000 D5=84598540 D6=84598540 D7=101100 A0=C04200 A1=108908 A2=4ABB4 A3=108F4A A4=101100 A5=108000 A6=108E74 PC=3A818 -- 03A818: bmi     $3a792
D0=9 D1=0 D2=100B00 D3=0 D4=16405000 D5=84598540 D6=84598540 D7=101100 A0=C04200 A1=108908 A2=4ABB4 A3=108F4A A4=101100 A5=108000 A6=108E74 PC=3A81C -- 03A81C: move.l  ($54,A4), D0
D0=42000 D1=0 D2=100B00 D3=0 D4=16405000 D5=84598540 D6=84598540 D7=101100 A0=C04200 A1=108908 A2=4ABB4 A3=108F4A A4=101100 A5=108000 A6=108E74 PC=3A820 -- 03A820: addi.l  #$1800, ($54,A4)
D0=42000 D1=0 D2=100B00 D3=0 D4=16405000 D5=84598540 D6=84598540 D7=101100 A0=C04200 A1=108908 A2=4ABB4 A3=108F4A A4=101100 A5=108000 A6=108E74 PC=3A828 -- 03A828: sub.l   D0, ($1c,A4)
D0=42000 D1=0 D2=100B00 D3=0 D4=16405000 D5=84598540 D6=84598540 D7=101100 A0=C04200 A1=108908 A2=4ABB4 A3=108F4A A4=101100 A5=108000 A6=108E74 PC=3A82C -- 03A82C: move.b  (-$7f79,A5), D0
D0=42062 D1=0 D2=100B00 D3=0 D4=16405000 D5=84598540 D6=84598540 D7=101100 A0=C04200 A1=108908 A2=4ABB4 A3=108F4A A4=101100 A5=108000 A6=108E74 PC=3A830 -- 03A830: andi.b  #$1, D0
D0=42000 D1=0 D2=100B00 D3=0 D4=16405000 D5=84598540 D6=84598540 D7=101100 A0=C04200 A1=108908 A2=4ABB4 A3=108F4A A4=101100 A5=108000 A6=108E74 PC=3A834 -- 03A834: move.b  ($cf,A4), D1
D0=42000 D1=0 D2=100B00 D3=0 D4=16405000 D5=84598540 D6=84598540 D7=101100 A0=C04200 A1=108908 A2=4ABB4 A3=108F4A A4=101100 A5=108000 A6=108E74 PC=3A838 -- 03A838: eor.b   D1, D0
D0=42000 D1=0 D2=100B00 D3=0 D4=16405000 D5=84598540 D6=84598540 D7=101100 A0=C04200 A1=108908 A2=4ABB4 A3=108F4A A4=101100 A5=108000 A6=108E74 PC=3A83A -- 03A83A: bne     $3890a
D0=42000 D1=0 D2=100B00 D3=0 D4=16405000 D5=84598540 D6=84598540 D7=101100 A0=C04200 A1=108908 A2=4ABB4 A3=108F4A A4=101100 A5=108000 A6=108E74 PC=3A83E -- 03A83E: beq     $3891c
D0=42000 D1=0 D2=100B00 D3=0 D4=16405000 D5=84598540 D6=84598540 D7=101100 A0=C04200 A1=108908 A2=4ABB4 A3=108F4A A4=101100 A5=108000 A6=108E74 PC=3891C -- 03891C: jsr     $48e6.l
D0=42000 D1=0 D2=100B00 D3=0 D4=16405000 D5=84598540 D6=84598540 D7=101100 A0=C04200 A1=108908 A2=4ABB4 A3=108F4A A4=101100 A5=108000 A6=108E74 PC=48E6 -- 0048E6: move.w  ($70,A4), D0
D0=4001B D1=0 D2=100B00 D3=0 D4=16405000 D5=84598540 D6=84598540 D7=101100 A0=C04200 A1=108908 A2=4ABB4 A3=108F4A A4=101100 A5=108000 A6=108E74 PC=48EA -- 0048EA: cmp.b   ($78,A4), D0
D0=4001B D1=0 D2=100B00 D3=0 D4=16405000 D5=84598540 D6=84598540 D7=101100 A0=C04200 A1=108908 A2=4ABB4 A3=108F4A A4=101100 A5=108000 A6=108E74 PC=48EE -- 0048EE: bne     $491c
D0=4001B D1=0 D2=100B00 D3=0 D4=16405000 D5=84598540 D6=84598540 D7=101100 A0=C04200 A1=108908 A2=4ABB4 A3=108F4A A4=101100 A5=108000 A6=108E74 PC=48F0 -- 0048F0: move.w  ($72,A4), D0
D0=40030 D1=0 D2=100B00 D3=0 D4=16405000 D5=84598540 D6=84598540 D7=101100 A0=C04200 A1=108908 A2=4ABB4 A3=108F4A A4=101100 A5=108000 A6=108E74 PC=48F4 -- 0048F4: cmp.b   ($79,A4), D0
D0=40030 D1=0 D2=100B00 D3=0 D4=16405000 D5=84598540 D6=84598540 D7=101100 A0=C04200 A1=108908 A2=4ABB4 A3=108F4A A4=101100 A5=108000 A6=108E74 PC=48F8 -- 0048F8: bne     $493c
D0=40030 D1=0 D2=100B00 D3=0 D4=16405000 D5=84598540 D6=84598540 D7=101100 A0=C04200 A1=108908 A2=4ABB4 A3=108F4A A4=101100 A5=108000 A6=108E74 PC=48FA -- 0048FA: tst.b   ($77,A4)
D0=40030 D1=0 D2=100B00 D3=0 D4=16405000 D5=84598540 D6=84598540 D7=101100 A0=C04200 A1=108908 A2=4ABB4 A3=108F4A A4=101100 A5=108000 A6=108E74 PC=48FE -- 0048FE: bne     $495c
D0=40030 D1=0 D2=100B00 D3=0 D4=16405000 D5=84598540 D6=84598540 D7=101100 A0=C04200 A1=108908 A2=4ABB4 A3=108F4A A4=101100 A5=108000 A6=108E74 PC=4900 -- 004900: tst.b   ($7a,A4)
D0=40030 D1=0 D2=100B00 D3=0 D4=16405000 D5=84598540 D6=84598540 D7=101100 A0=C04200 A1=108908 A2=4ABB4 A3=108F4A A4=101100 A5=108000 A6=108E74 PC=4904 -- 004904: bmi     $491a
D0=40030 D1=0 D2=100B00 D3=0 D4=16405000 D5=84598540 D6=84598540 D7=101100 A0=C04200 A1=108908 A2=4ABB4 A3=108F4A A4=101100 A5=108000 A6=108E74 PC=4906 -- 004906: subq.b  #1, ($76,A4)
D0=40030 D1=0 D2=100B00 D3=0 D4=16405000 D5=84598540 D6=84598540 D7=101100 A0=C04200 A1=108908 A2=4ABB4 A3=108F4A A4=101100 A5=108000 A6=108E74 PC=490A -- 00490A: bhi     $491a
D0=40030 D1=0 D2=100B00 D3=0 D4=16405000 D5=84598540 D6=84598540 D7=101100 A0=C04200 A1=108908 A2=4ABB4 A3=108F4A A4=101100 A5=108000 A6=108E74 PC=491A -- 00491A: rts
D0=40030 D1=0 D2=100B00 D3=0 D4=16405000 D5=84598540 D6=84598540 D7=101100 A0=C04200 A1=108908 A2=4ABB4 A3=108F4A A4=101100 A5=108000 A6=108E74 PC=38922 -- 038922: rts
D0=40030 D1=0 D2=100B00 D3=0 D4=16405000 D5=84598540 D6=84598540 D7=101100 A0=C04200 A1=108908 A2=4ABB4 A3=108F4A A4=101100 A5=108000 A6=108E74 PC=32B3C -- 032B3C: move.l  A4, D7
D0=40030 D1=0 D2=100B00 D3=0 D4=16405000 D5=84598540 D6=84598540 D7=101100 A0=C04200 A1=108908 A2=4ABB4 A3=108F4A A4=101100 A5=108000 A6=108E74 PC=32B3E -- 032B3E: move.w  ($4,A4), D7
D0=40030 D1=0 D2=100B00 D3=0 D4=16405000 D5=84598540 D6=84598540 D7=101300 A0=C04200 A1=108908 A2=4ABB4 A3=108F4A A4=101100 A5=108000 A6=108E74 PC=32B42 -- 032B42: bpl     $32b36
D0=40030 D1=0 D2=100B00 D3=0 D4=16405000 D5=84598540 D6=84598540 D7=101300 A0=C04200 A1=108908 A2=4ABB4 A3=108F4A A4=101100 A5=108000 A6=108E74 PC=32B36 -- 032B36: movea.l D7, A4
D0=40030 D1=0 D2=100B00 D3=0 D4=16405000 D5=84598540 D6=84598540 D7=101300 A0=C04200 A1=108908 A2=4ABB4 A3=108F4A A4=101300 A5=108000 A6=108E74 PC=32B38 -- 032B38: movea.l (A4), A0
D0=40030 D1=0 D2=100B00 D3=0 D4=16405000 D5=84598540 D6=84598540 D7=101300 A0=3A89C A1=108908 A2=4ABB4 A3=108F4A A4=101300 A5=108000 A6=108E74 PC=32B3A -- 032B3A: jsr     (A0)
D0=40030 D1=0 D2=100B00 D3=0 D4=16405000 D5=84598540 D6=84598540 D7=101300 A0=3A89C A1=108908 A2=4ABB4 A3=108F4A A4=101300 A5=108000 A6=108E74 PC=3A89C -- 03A89C: tst.b   ($7a,A4)
D0=40030 D1=0 D2=100B00 D3=0 D4=16405000 D5=84598540 D6=84598540 D7=101300 A0=3A89C A1=108908 A2=4ABB4 A3=108F4A A4=101300 A5=108000 A6=108E74 PC=3A8A0 -- 03A8A0: bmi     $3a8ca
D0=40030 D1=0 D2=100B00 D3=0 D4=16405000 D5=84598540 D6=84598540 D7=101300 A0=3A89C A1=108908 A2=4ABB4 A3=108F4A A4=101300 A5=108000 A6=108E74 PC=3A8A4 -- 03A8A4: move.l  ($54,A4), D0
D0=3D800 D1=0 D2=100B00 D3=0 D4=16405000 D5=84598540 D6=84598540 D7=101300 A0=3A89C A1=108908 A2=4ABB4 A3=108F4A A4=101300 A5=108000 A6=108E74 PC=3A8A8 -- 03A8A8: addi.l  #$1800, ($54,A4)
D0=3D800 D1=0 D2=100B00 D3=0 D4=16405000 D5=84598540 D6=84598540 D7=101300 A0=3A89C A1=108908 A2=4ABB4 A3=108F4A A4=101300 A5=108000 A6=108E74 PC=3A8B0 -- 03A8B0: sub.l   D0, ($1c,A4)
D0=3D800 D1=0 D2=100B00 D3=0 D4=16405000 D5=84598540 D6=84598540 D7=101300 A0=3A89C A1=108908 A2=4ABB4 A3=108F4A A4=101300 A5=108000 A6=108E74 PC=3A8B4 -- 03A8B4: move.b  (-$7f79,A5), D0
D0=3D862 D1=0 D2=100B00 D3=0 D4=16405000 D5=84598540 D6=84598540 D7=101300 A0=3A89C A1=108908 A2=4ABB4 A3=108F4A A4=101300 A5=108000 A6=108E74 PC=3A8B8 -- 03A8B8: andi.b  #$1, D0
D0=3D800 D1=0 D2=100B00 D3=0 D4=16405000 D5=84598540 D6=84598540 D7=101300 A0=3A89C A1=108908 A2=4ABB4 A3=108F4A A4=101300 A5=108000 A6=108E74 PC=3A8BC -- 03A8BC: move.b  ($cf,A4), D1
D0=3D800 D1=1 D2=100B00 D3=0 D4=16405000 D5=84598540 D6=84598540 D7=101300 A0=3A89C A1=108908 A2=4ABB4 A3=108F4A A4=101300 A5=108000 A6=108E74 PC=3A8C0 -- 03A8C0: eor.b   D1, D0
D0=3D801 D1=1 D2=100B00 D3=0 D4=16405000 D5=84598540 D6=84598540 D7=101300 A0=3A89C A1=108908 A2=4ABB4 A3=108F4A A4=101300 A5=108000 A6=108E74 PC=3A8C2 -- 03A8C2: bne     $3890a
D0=3D801 D1=1 D2=100B00 D3=0 D4=16405000 D5=84598540 D6=84598540 D7=101300 A0=3A89C A1=108908 A2=4ABB4 A3=108F4A A4=101300 A5=108000 A6=108E74 PC=3890A -- 03890A: jsr     $48e6.l
D0=3D801 D1=1 D2=100B00 D3=0 D4=16405000 D5=84598540 D6=84598540 D7=101300 A0=3A89C A1=108908 A2=4ABB4 A3=108F4A A4=101300 A5=108000 A6=108E74 PC=48E6 -- 0048E6: move.w  ($70,A4), D0
D0=3001B D1=1 D2=100B00 D3=0 D4=16405000 D5=84598540 D6=84598540 D7=101300 A0=3A89C A1=108908 A2=4ABB4 A3=108F4A A4=101300 A5=108000 A6=108E74 PC=48EA -- 0048EA: cmp.b   ($78,A4), D0
D0=3001B D1=1 D2=100B00 D3=0 D4=16405000 D5=84598540 D6=84598540 D7=101300 A0=3A89C A1=108908 A2=4ABB4 A3=108F4A A4=101300 A5=108000 A6=108E74 PC=48EE -- 0048EE: bne     $491c
D0=3001B D1=1 D2=100B00 D3=0 D4=16405000 D5=84598540 D6=84598540 D7=101300 A0=3A89C A1=108908 A2=4ABB4 A3=108F4A A4=101300 A5=108000 A6=108E74 PC=48F0 -- 0048F0: move.w  ($72,A4), D0
D0=30030 D1=1 D2=100B00 D3=0 D4=16405000 D5=84598540 D6=84598540 D7=101300 A0=3A89C A1=108908 A2=4ABB4 A3=108F4A A4=101300 A5=108000 A6=108E74 PC=48F4 -- 0048F4: cmp.b   ($79,A4), D0
D0=30030 D1=1 D2=100B00 D3=0 D4=16405000 D5=84598540 D6=84598540 D7=101300 A0=3A89C A1=108908 A2=4ABB4 A3=108F4A A4=101300 A5=108000 A6=108E74 PC=48F8 -- 0048F8: bne     $493c
D0=30030 D1=1 D2=100B00 D3=0 D4=16405000 D5=84598540 D6=84598540 D7=101300 A0=3A89C A1=108908 A2=4ABB4 A3=108F4A A4=101300 A5=108000 A6=108E74 PC=48FA -- 0048FA: tst.b   ($77,A4)
D0=30030 D1=1 D2=100B00 D3=0 D4=16405000 D5=84598540 D6=84598540 D7=101300 A0=3A89C A1=108908 A2=4ABB4 A3=108F4A A4=101300 A5=108000 A6=108E74 PC=48FE -- 0048FE: bne     $495c
D0=30030 D1=1 D2=100B00 D3=0 D4=16405000 D5=84598540 D6=84598540 D7=101300 A0=3A89C A1=108908 A2=4ABB4 A3=108F4A A4=101300 A5=108000 A6=108E74 PC=4900 -- 004900: tst.b   ($7a,A4)
D0=30030 D1=1 D2=100B00 D3=0 D4=16405000 D5=84598540 D6=84598540 D7=101300 A0=3A89C A1=108908 A2=4ABB4 A3=108F4A A4=101300 A5=108000 A6=108E74 PC=4904 -- 004904: bmi     $491a
D0=30030 D1=1 D2=100B00 D3=0 D4=16405000 D5=84598540 D6=84598540 D7=101300 A0=3A89C A1=108908 A2=4ABB4 A3=108F4A A4=101300 A5=108000 A6=108E74 PC=4906 -- 004906: subq.b  #1, ($76,A4)
D0=30030 D1=1 D2=100B00 D3=0 D4=16405000 D5=84598540 D6=84598540 D7=101300 A0=3A89C A1=108908 A2=4ABB4 A3=108F4A A4=101300 A5=108000 A6=108E74 PC=490A -- 00490A: bhi     $491a
D0=30030 D1=1 D2=100B00 D3=0 D4=16405000 D5=84598540 D6=84598540 D7=101300 A0=3A89C A1=108908 A2=4ABB4 A3=108F4A A4=101300 A5=108000 A6=108E74 PC=491A -- 00491A: rts
D0=30030 D1=1 D2=100B00 D3=0 D4=16405000 D5=84598540 D6=84598540 D7=101300 A0=3A89C A1=108908 A2=4ABB4 A3=108F4A A4=101300 A5=108000 A6=108E74 PC=38910 -- 038910: jmp     $3e2e.l
D0=30030 D1=1 D2=100B00 D3=0 D4=16405000 D5=84598540 D6=84598540 D7=101300 A0=3A89C A1=108908 A2=4ABB4 A3=108F4A A4=101300 A5=108000 A6=108E74 PC=3E2E -- 003E2E: tst.w   ($74,A4)
D0=30030 D1=1 D2=100B00 D3=0 D4=16405000 D5=84598540 D6=84598540 D7=101300 A0=3A89C A1=108908 A2=4ABB4 A3=108F4A A4=101300 A5=108000 A6=108E74 PC=3E32 -- 003E32: bmi     $3e80
D0=30030 D1=1 D2=100B00 D3=0 D4=16405000 D5=84598540 D6=84598540 D7=101300 A0=3A89C A1=108908 A2=4ABB4 A3=108F4A A4=101300 A5=108000 A6=108E74 PC=3E34 -- 003E34: btst    #$6, ($7c,A4)
D0=30030 D1=1 D2=100B00 D3=0 D4=16405000 D5=84598540 D6=84598540 D7=101300 A0=3A89C A1=108908 A2=4ABB4 A3=108F4A A4=101300 A5=108000 A6=108E74 PC=3E3A -- 003E3A: bne     $3e78
D0=30030 D1=1 D2=100B00 D3=0 D4=16405000 D5=84598540 D6=84598540 D7=101300 A0=3A89C A1=108908 A2=4ABB4 A3=108F4A A4=101300 A5=108000 A6=108E74 PC=3E3E -- 003E3E: moveq   #$0, D3
D0=30030 D1=1 D2=100B00 D3=0 D4=16405000 D5=84598540 D6=84598540 D7=101300 A0=3A89C A1=108908 A2=4ABB4 A3=108F4A A4=101300 A5=108000 A6=108E74 PC=3E40 -- 003E40: move.b  ($82,A4), D3
D0=30030 D1=1 D2=100B00 D3=0 D4=16405000 D5=84598540 D6=84598540 D7=101300 A0=3A89C A1=108908 A2=4ABB4 A3=108F4A A4=101300 A5=108000 A6=108E74 PC=3E44 -- 003E44: add.w   D3, D3
D0=30030 D1=1 D2=100B00 D3=0 D4=16405000 D5=84598540 D6=84598540 D7=101300 A0=3A89C A1=108908 A2=4ABB4 A3=108F4A A4=101300 A5=108000 A6=108E74 PC=3E46 -- 003E46: add.w   D3, D3
D0=30030 D1=1 D2=100B00 D3=0 D4=16405000 D5=84598540 D6=84598540 D7=101300 A0=3A89C A1=108908 A2=4ABB4 A3=108F4A A4=101300 A5=108000 A6=108E74 PC=3E48 -- 003E48: move.w  ($18,A4), D0
D0=30120 D1=1 D2=100B00 D3=0 D4=16405000 D5=84598540 D6=84598540 D7=101300 A0=3A89C A1=108908 A2=4ABB4 A3=108F4A A4=101300 A5=108000 A6=108E74 PC=3E4C -- 003E4C: lea     ($104c,A5), A0
D0=30120 D1=1 D2=100B00 D3=0 D4=16405000 D5=84598540 D6=84598540 D7=101300 A0=10904C A1=108908 A2=4ABB4 A3=108F4A A4=101300 A5=108000 A6=108E74 PC=3E50 -- 003E50: sub.w   (A0,D3.w), D0
D0=30120 D1=1 D2=100B00 D3=0 D4=16405000 D5=84598540 D6=84598540 D7=101300 A0=10904C A1=108908 A2=4ABB4 A3=108F4A A4=101300 A5=108000 A6=108E74 PC=3E54 -- 003E54: addi.w  #$30, D0
D0=30150 D1=1 D2=100B00 D3=0 D4=16405000 D5=84598540 D6=84598540 D7=101300 A0=10904C A1=108908 A2=4ABB4 A3=108F4A A4=101300 A5=108000 A6=108E74 PC=3E58 -- 003E58: cmpi.w  #$1a0, D0
D0=30150 D1=1 D2=100B00 D3=0 D4=16405000 D5=84598540 D6=84598540 D7=101300 A0=10904C A1=108908 A2=4ABB4 A3=108F4A A4=101300 A5=108000 A6=108E74 PC=3E5C -- 003E5C: bls     $3e60
D0=30150 D1=1 D2=100B00 D3=0 D4=16405000 D5=84598540 D6=84598540 D7=101300 A0=10904C A1=108908 A2=4ABB4 A3=108F4A A4=101300 A5=108000 A6=108E74 PC=3E60 -- 003E60: move.w  ($1c,A4), D0
D0=3003F D1=1 D2=100B00 D3=0 D4=16405000 D5=84598540 D6=84598540 D7=101300 A0=10904C A1=108908 A2=4ABB4 A3=108F4A A4=101300 A5=108000 A6=108E74 PC=3E64 -- 003E64: sub.w   ($20,A4), D0
D0=3003F D1=1 D2=100B00 D3=0 D4=16405000 D5=84598540 D6=84598540 D7=101300 A0=10904C A1=108908 A2=4ABB4 A3=108F4A A4=101300 A5=108000 A6=108E74 PC=3E68 -- 003E68: lea     ($1058,A5), A0
D0=3003F D1=1 D2=100B00 D3=0 D4=16405000 D5=84598540 D6=84598540 D7=101300 A0=109058 A1=108908 A2=4ABB4 A3=108F4A A4=101300 A5=108000 A6=108E74 PC=3E6C -- 003E6C: sub.w   (A0,D3.w), D0
D0=3003F D1=1 D2=100B00 D3=0 D4=16405000 D5=84598540 D6=84598540 D7=101300 A0=109058 A1=108908 A2=4ABB4 A3=108F4A A4=101300 A5=108000 A6=108E74 PC=3E70 -- 003E70: cmpi.w  #$1c0, D0
D0=3003F D1=1 D2=100B00 D3=0 D4=16405000 D5=84598540 D6=84598540 D7=101300 A0=109058 A1=108908 A2=4ABB4 A3=108F4A A4=101300 A5=108000 A6=108E74 PC=3E74 -- 003E74: bls     $3e78
D0=3003F D1=1 D2=100B00 D3=0 D4=16405000 D5=84598540 D6=84598540 D7=101300 A0=109058 A1=108908 A2=4ABB4 A3=108F4A A4=101300 A5=108000 A6=108E74 PC=3E78 -- 003E78: bsr     $4860
D0=3003F D1=1 D2=100B00 D3=0 D4=16405000 D5=84598540 D6=84598540 D7=101300 A0=109058 A1=108908 A2=4ABB4 A3=108F4A A4=101300 A5=108000 A6=108E74 PC=4860 -- 004860: lea     $7bf48.l, A0
D0=3003F D1=1 D2=100B00 D3=0 D4=16405000 D5=84598540 D6=84598540 D7=101300 A0=7BF48 A1=108908 A2=4ABB4 A3=108F4A A4=101300 A5=108000 A6=108E74 PC=4866 -- 004866: move.w  ($70,A4), D0
D0=3001B D1=1 D2=100B00 D3=0 D4=16405000 D5=84598540 D6=84598540 D7=101300 A0=7BF48 A1=108908 A2=4ABB4 A3=108F4A A4=101300 A5=108000 A6=108E74 PC=486A -- 00486A: add.w   D0, D0
D0=30036 D1=1 D2=100B00 D3=0 D4=16405000 D5=84598540 D6=84598540 D7=101300 A0=7BF48 A1=108908 A2=4ABB4 A3=108F4A A4=101300 A5=108000 A6=108E74 PC=486C -- 00486C: add.w   D0, D0
D0=3006C D1=1 D2=100B00 D3=0 D4=16405000 D5=84598540 D6=84598540 D7=101300 A0=7BF48 A1=108908 A2=4ABB4 A3=108F4A A4=101300 A5=108000 A6=108E74 PC=486E -- 00486E: movea.l (A0,D0.w), A0
D0=3006C D1=1 D2=100B00 D3=0 D4=16405000 D5=84598540 D6=84598540 D7=101300 A0=7F5E0 A1=108908 A2=4ABB4 A3=108F4A A4=101300 A5=108000 A6=108E74 PC=4872 -- 004872: move.w  ($72,A4), D0
D0=30030 D1=1 D2=100B00 D3=0 D4=16405000 D5=84598540 D6=84598540 D7=101300 A0=7F5E0 A1=108908 A2=4ABB4 A3=108F4A A4=101300 A5=108000 A6=108E74 PC=4876 -- 004876: add.w   D0, D0
D0=30060 D1=1 D2=100B00 D3=0 D4=16405000 D5=84598540 D6=84598540 D7=101300 A0=7F5E0 A1=108908 A2=4ABB4 A3=108F4A A4=101300 A5=108000 A6=108E74 PC=4878 -- 004878: move.w  (A0,D0.w), D1
D0=30060 D1=3030 D2=100B00 D3=0 D4=16405000 D5=84598540 D6=84598540 D7=101300 A0=7F5E0 A1=108908 A2=4ABB4 A3=108F4A A4=101300 A5=108000 A6=108E74 PC=487C -- 00487C: move.w  D1, ($46de,A5)
D0=30060 D1=3030 D2=100B00 D3=0 D4=16405000 D5=84598540 D6=84598540 D7=101300 A0=7F5E0 A1=108908 A2=4ABB4 A3=108F4A A4=101300 A5=108000 A6=108E74 PC=4880 -- 004880: lea     $80000.l, A0
D0=30060 D1=3030 D2=100B00 D3=0 D4=16405000 D5=84598540 D6=84598540 D7=101300 A0=80000 A1=108908 A2=4ABB4 A3=108F4A A4=101300 A5=108000 A6=108E74 PC=4886 -- 004886: move.w  ($70,A4), D0
D0=3001B D1=3030 D2=100B00 D3=0 D4=16405000 D5=84598540 D6=84598540 D7=101300 A0=80000 A1=108908 A2=4ABB4 A3=108F4A A4=101300 A5=108000 A6=108E74 PC=488A -- 00488A: add.w   D0, D0
D0=30036 D1=3030 D2=100B00 D3=0 D4=16405000 D5=84598540 D6=84598540 D7=101300 A0=80000 A1=108908 A2=4ABB4 A3=108F4A A4=101300 A5=108000 A6=108E74 PC=488C -- 00488C: add.w   D0, D0
D0=3006C D1=3030 D2=100B00 D3=0 D4=16405000 D5=84598540 D6=84598540 D7=101300 A0=80000 A1=108908 A2=4ABB4 A3=108F4A A4=101300 A5=108000 A6=108E74 PC=488E -- 00488E: movea.l (A0,D0.w), A0
D0=3006C D1=3030 D2=100B00 D3=0 D4=16405000 D5=84598540 D6=84598540 D7=101300 A0=86E00 A1=108908 A2=4ABB4 A3=108F4A A4=101300 A5=108000 A6=108E74 PC=4892 -- 004892: move.w  ($46de,A5), D0
D0=33030 D1=3030 D2=100B00 D3=0 D4=16405000 D5=84598540 D6=84598540 D7=101300 A0=86E00 A1=108908 A2=4ABB4 A3=108F4A A4=101300 A5=108000 A6=108E74 PC=4896 -- 004896: tst.b   ($46e2,A5)
D0=33030 D1=3030 D2=100B00 D3=0 D4=16405000 D5=84598540 D6=84598540 D7=101300 A0=86E00 A1=108908 A2=4ABB4 A3=108F4A A4=101300 A5=108000 A6=108E74 PC=489A -- 00489A: beq     $48a0
D0=33030 D1=3030 D2=100B00 D3=0 D4=16405000 D5=84598540 D6=84598540 D7=101300 A0=86E00 A1=108908 A2=4ABB4 A3=108F4A A4=101300 A5=108000 A6=108E74 PC=48A0 -- 0048A0: andi.w  #$ff, D0
D0=30030 D1=3030 D2=100B00 D3=0 D4=16405000 D5=84598540 D6=84598540 D7=101300 A0=86E00 A1=108908 A2=4ABB4 A3=108F4A A4=101300 A5=108000 A6=108E74 PC=48A4 -- 0048A4: add.w   D0, D0
D0=30060 D1=3030 D2=100B00 D3=0 D4=16405000 D5=84598540 D6=84598540 D7=101300 A0=86E00 A1=108908 A2=4ABB4 A3=108F4A A4=101300 A5=108000 A6=108E74 PC=48A6 -- 0048A6: add.w   D0, D0
D0=300C0 D1=3030 D2=100B00 D3=0 D4=16405000 D5=84598540 D6=84598540 D7=101300 A0=86E00 A1=108908 A2=4ABB4 A3=108F4A A4=101300 A5=108000 A6=108E74 PC=48A8 -- 0048A8: movea.l (A0,D0.w), A0
D0=300C0 D1=3030 D2=100B00 D3=0 D4=16405000 D5=84598540 D6=84598540 D7=101300 A0=F306C A1=108908 A2=4ABB4 A3=108F4A A4=101300 A5=108000 A6=108E74 PC=48AC -- 0048AC: move.w  ($74,A4), D0
D0=3004E D1=3030 D2=100B00 D3=0 D4=16405000 D5=84598540 D6=84598540 D7=101300 A0=F306C A1=108908 A2=4ABB4 A3=108F4A A4=101300 A5=108000 A6=108E74 PC=48B0 -- 0048B0: adda.w  D0, A0
D0=3004E D1=3030 D2=100B00 D3=0 D4=16405000 D5=84598540 D6=84598540 D7=101300 A0=F30BA A1=108908 A2=4ABB4 A3=108F4A A4=101300 A5=108000 A6=108E74 PC=48B2 -- 0048B2: move.l  (A0), D0
D0=50F1332 D1=3030 D2=100B00 D3=0 D4=16405000 D5=84598540 D6=84598540 D7=101300 A0=F30BA A1=108908 A2=4ABB4 A3=108F4A A4=101300 A5=108000 A6=108E74 PC=48B4 -- 0048B4: andi.l  #$ffffff, D0
D0=F1332 D1=3030 D2=100B00 D3=0 D4=16405000 D5=84598540 D6=84598540 D7=101300 A0=F30BA A1=108908 A2=4ABB4 A3=108F4A A4=101300 A5=108000 A6=108E74 PC=48BA -- 0048BA: movea.l D0, A0
D0=F1332 D1=3030 D2=100B00 D3=0 D4=16405000 D5=84598540 D6=84598540 D7=101300 A0=F1332 A1=108908 A2=4ABB4 A3=108F4A A4=101300 A5=108000 A6=108E74 PC=48BC -- 0048BC: move.w  ($4,A0), D0
D0=F0123 D1=3030 D2=100B00 D3=0 D4=16405000 D5=84598540 D6=84598540 D7=101300 A0=F1332 A1=108908 A2=4ABB4 A3=108F4A A4=101300 A5=108000 A6=108E74 PC=48C0 -- 0048C0: andi.w  #$1fff, D0
D0=F0123 D1=3030 D2=100B00 D3=0 D4=16405000 D5=84598540 D6=84598540 D7=101300 A0=F1332 A1=108908 A2=4ABB4 A3=108F4A A4=101300 A5=108000 A6=108E74 PC=48C4 -- 0048C4: move.w  D0, ($46e0,A5)
D0=F0123 D1=3030 D2=100B00 D3=0 D4=16405000 D5=84598540 D6=84598540 D7=101300 A0=F1332 A1=108908 A2=4ABB4 A3=108F4A A4=101300 A5=108000 A6=108E74 PC=48C8 -- 0048C8: lea     $80080.l, A0
D0=F0123 D1=3030 D2=100B00 D3=0 D4=16405000 D5=84598540 D6=84598540 D7=101300 A0=80080 A1=108908 A2=4ABB4 A3=108F4A A4=101300 A5=108000 A6=108E74 PC=48CE -- 0048CE: move.w  ($70,A4), D1
D0=F0123 D1=1B D2=100B00 D3=0 D4=16405000 D5=84598540 D6=84598540 D7=101300 A0=80080 A1=108908 A2=4ABB4 A3=108F4A A4=101300 A5=108000 A6=108E74 PC=48D2 -- 0048D2: add.w   D1, D1
D0=F0123 D1=36 D2=100B00 D3=0 D4=16405000 D5=84598540 D6=84598540 D7=101300 A0=80080 A1=108908 A2=4ABB4 A3=108F4A A4=101300 A5=108000 A6=108E74 PC=48D4 -- 0048D4: add.w   D1, D1
D0=F0123 D1=6C D2=100B00 D3=0 D4=16405000 D5=84598540 D6=84598540 D7=101300 A0=80080 A1=108908 A2=4ABB4 A3=108F4A A4=101300 A5=108000 A6=108E74 PC=48D6 -- 0048D6: movea.l (A0,D1.w), A0
D0=F0123 D1=6C D2=100B00 D3=0 D4=16405000 D5=84598540 D6=84598540 D7=101300 A0=95200 A1=108908 A2=4ABB4 A3=108F4A A4=101300 A5=108000 A6=108E74 PC=48DA -- 0048DA: add.w   D0, D0
D0=F0246 D1=6C D2=100B00 D3=0 D4=16405000 D5=84598540 D6=84598540 D7=101300 A0=95200 A1=108908 A2=4ABB4 A3=108F4A A4=101300 A5=108000 A6=108E74 PC=48DC -- 0048DC: add.w   D0, D0
D0=F048C D1=6C D2=100B00 D3=0 D4=16405000 D5=84598540 D6=84598540 D7=101300 A0=95200 A1=108908 A2=4ABB4 A3=108F4A A4=101300 A5=108000 A6=108E74 PC=48DE -- 0048DE: move.l  (A0,D0.w), ($28,A4)
D0=F048C D1=6C D2=100B00 D3=0 D4=16405000 D5=84598540 D6=84598540 D7=101300 A0=95200 A1=108908 A2=4ABB4 A3=108F4A A4=101300 A5=108000 A6=108E74 PC=48E4 -- 0048E4: rts
D0=F048C D1=6C D2=100B00 D3=0 D4=16405000 D5=84598540 D6=84598540 D7=101300 A0=95200 A1=108908 A2=4ABB4 A3=108F4A A4=101300 A5=108000 A6=108E74 PC=3E7C -- 003E7C: bra     $481a
D0=F048C D1=6C D2=100B00 D3=0 D4=16405000 D5=84598540 D6=84598540 D7=101300 A0=95200 A1=108908 A2=4ABB4 A3=108F4A A4=101300 A5=108000 A6=108E74 PC=481A -- 00481A: addq.w  #1, ($e3a,A5)
D0=F048C D1=6C D2=100B00 D3=0 D4=16405000 D5=84598540 D6=84598540 D7=101300 A0=95200 A1=108908 A2=4ABB4 A3=108F4A A4=101300 A5=108000 A6=108E74 PC=481E -- 00481E: lea     ($838,A5), A1
D0=F048C D1=6C D2=100B00 D3=0 D4=16405000 D5=84598540 D6=84598540 D7=101300 A0=95200 A1=108838 A2=4ABB4 A3=108F4A A4=101300 A5=108000 A6=108E74 PC=4822 -- 004822: move.w  ($2c,A4), D0
D0=F0064 D1=6C D2=100B00 D3=0 D4=16405000 D5=84598540 D6=84598540 D7=101300 A0=95200 A1=108838 A2=4ABB4 A3=108F4A A4=101300 A5=108000 A6=108E74 PC=4826 -- 004826: move.w  D0, D1
D0=F0064 D1=64 D2=100B00 D3=0 D4=16405000 D5=84598540 D6=84598540 D7=101300 A0=95200 A1=108838 A2=4ABB4 A3=108F4A A4=101300 A5=108000 A6=108E74 PC=4828 -- 004828: add.w   D1, D1
D0=F0064 D1=C8 D2=100B00 D3=0 D4=16405000 D5=84598540 D6=84598540 D7=101300 A0=95200 A1=108838 A2=4ABB4 A3=108F4A A4=101300 A5=108000 A6=108E74 PC=482A -- 00482A: adda.w  D1, A1
D0=F0064 D1=C8 D2=100B00 D3=0 D4=16405000 D5=84598540 D6=84598540 D7=101300 A0=95200 A1=108900 A2=4ABB4 A3=108F4A A4=101300 A5=108000 A6=108E74 PC=482C -- 00482C: cmp.w   ($e38,A5), D1
D0=F0064 D1=C8 D2=100B00 D3=0 D4=16405000 D5=84598540 D6=84598540 D7=101300 A0=95200 A1=108900 A2=4ABB4 A3=108F4A A4=101300 A5=108000 A6=108E74 PC=4830 -- 004830: bhi     $4836
D0=F0064 D1=C8 D2=100B00 D3=0 D4=16405000 D5=84598540 D6=84598540 D7=101300 A0=95200 A1=108900 A2=4ABB4 A3=108F4A A4=101300 A5=108000 A6=108E74 PC=4832 -- 004832: move.w  D1, ($e38,A5)
D0=F0064 D1=C8 D2=100B00 D3=0 D4=16405000 D5=84598540 D6=84598540 D7=101300 A0=95200 A1=108900 A2=4ABB4 A3=108F4A A4=101300 A5=108000 A6=108E74 PC=4836 -- 004836: move.w  (A1)+, D1
D0=F0064 D1=500 D2=100B00 D3=0 D4=16405000 D5=84598540 D6=84598540 D7=101300 A0=95200 A1=108902 A2=4ABB4 A3=108F4A A4=101300 A5=108000 A6=108E74 PC=4838 -- 004838: beq     $485a
D0=F0064 D1=500 D2=100B00 D3=0 D4=16405000 D5=84598540 D6=84598540 D7=101300 A0=95200 A1=108902 A2=4ABB4 A3=108F4A A4=101300 A5=108000 A6=108E74 PC=483A -- 00483A: move.l  #$100000, D2
D0=F0064 D1=500 D2=100000 D3=0 D4=16405000 D5=84598540 D6=84598540 D7=101300 A0=95200 A1=108902 A2=4ABB4 A3=108F4A A4=101300 A5=108000 A6=108E74 PC=4840 -- 004840: move.w  D1, D2
D0=F0064 D1=500 D2=100500 D3=0 D4=16405000 D5=84598540 D6=84598540 D7=101300 A0=95200 A1=108902 A2=4ABB4 A3=108F4A A4=101300 A5=108000 A6=108E74 PC=4842 -- 004842: movea.l D2, A0
D0=F0064 D1=500 D2=100500 D3=0 D4=16405000 D5=84598540 D6=84598540 D7=101300 A0=100500 A1=108902 A2=4ABB4 A3=108F4A A4=101300 A5=108000 A6=108E74 PC=4844 -- 004844: cmp.w   ($2c,A0), D0
D0=F0064 D1=500 D2=100500 D3=0 D4=16405000 D5=84598540 D6=84598540 D7=101300 A0=100500 A1=108902 A2=4ABB4 A3=108F4A A4=101300 A5=108000 A6=108E74 PC=4848 -- 004848: bcc     $4836
D0=F0064 D1=500 D2=100500 D3=0 D4=16405000 D5=84598540 D6=84598540 D7=101300 A0=100500 A1=108902 A2=4ABB4 A3=108F4A A4=101300 A5=108000 A6=108E74 PC=4836 -- 004836: move.w  (A1)+, D1
D0=F0064 D1=700 D2=100500 D3=0 D4=16405000 D5=84598540 D6=84598540 D7=101300 A0=100500 A1=108904 A2=4ABB4 A3=108F4A A4=101300 A5=108000 A6=108E74 PC=4838 -- 004838: beq     $485a
D0=F0064 D1=700 D2=100500 D3=0 D4=16405000 D5=84598540 D6=84598540 D7=101300 A0=100500 A1=108904 A2=4ABB4 A3=108F4A A4=101300 A5=108000 A6=108E74 PC=483A -- 00483A: move.l  #$100000, D2
D0=F0064 D1=700 D2=100000 D3=0 D4=16405000 D5=84598540 D6=84598540 D7=101300 A0=100500 A1=108904 A2=4ABB4 A3=108F4A A4=101300 A5=108000 A6=108E74 PC=4840 -- 004840: move.w  D1, D2
D0=F0064 D1=700 D2=100700 D3=0 D4=16405000 D5=84598540 D6=84598540 D7=101300 A0=100500 A1=108904 A2=4ABB4 A3=108F4A A4=101300 A5=108000 A6=108E74 PC=4842 -- 004842: movea.l D2, A0
D0=F0064 D1=700 D2=100700 D3=0 D4=16405000 D5=84598540 D6=84598540 D7=101300 A0=100700 A1=108904 A2=4ABB4 A3=108F4A A4=101300 A5=108000 A6=108E74 PC=4844 -- 004844: cmp.w   ($2c,A0), D0
D0=F0064 D1=700 D2=100700 D3=0 D4=16405000 D5=84598540 D6=84598540 D7=101300 A0=100700 A1=108904 A2=4ABB4 A3=108F4A A4=101300 A5=108000 A6=108E74 PC=4848 -- 004848: bcc     $4836

   (loops for 16 instructions)

D0=F0064 D1=0 D2=100F00 D3=0 D4=16405000 D5=84598540 D6=84598540 D7=101300 A0=100F00 A1=10890A A2=4ABB4 A3=108F4A A4=101300 A5=108000 A6=108E74 PC=485A -- 00485A: move.w  A4, (-$2,A1)
D0=F0064 D1=0 D2=100F00 D3=0 D4=16405000 D5=84598540 D6=84598540 D7=101300 A0=100F00 A1=10890A A2=4ABB4 A3=108F4A A4=101300 A5=108000 A6=108E74 PC=485E -- 00485E: rts
D0=F0064 D1=0 D2=100F00 D3=0 D4=16405000 D5=84598540 D6=84598540 D7=101300 A0=100F00 A1=10890A A2=4ABB4 A3=108F4A A4=101300 A5=108000 A6=108E74 PC=32B3C -- 032B3C: move.l  A4, D7
D0=F0064 D1=0 D2=100F00 D3=0 D4=16405000 D5=84598540 D6=84598540 D7=101300 A0=100F00 A1=10890A A2=4ABB4 A3=108F4A A4=101300 A5=108000 A6=108E74 PC=32B3E -- 032B3E: move.w  ($4,A4), D7
D0=F0064 D1=0 D2=100F00 D3=0 D4=16405000 D5=84598540 D6=84598540 D7=101500 A0=100F00 A1=10890A A2=4ABB4 A3=108F4A A4=101300 A5=108000 A6=108E74 PC=32B42 -- 032B42: bpl     $32b36
D0=F0064 D1=0 D2=100F00 D3=0 D4=16405000 D5=84598540 D6=84598540 D7=101500 A0=100F00 A1=10890A A2=4ABB4 A3=108F4A A4=101300 A5=108000 A6=108E74 PC=32B36 -- 032B36: movea.l D7, A4
D0=F0064 D1=0 D2=100F00 D3=0 D4=16405000 D5=84598540 D6=84598540 D7=101500 A0=100F00 A1=10890A A2=4ABB4 A3=108F4A A4=101500 A5=108000 A6=108E74 PC=32B38 -- 032B38: movea.l (A4), A0
D0=F0064 D1=0 D2=100F00 D3=0 D4=16405000 D5=84598540 D6=84598540 D7=101500 A0=3A89C A1=10890A A2=4ABB4 A3=108F4A A4=101500 A5=108000 A6=108E74 PC=32B3A -- 032B3A: jsr     (A0)
D0=F0064 D1=0 D2=100F00 D3=0 D4=16405000 D5=84598540 D6=84598540 D7=101500 A0=3A89C A1=10890A A2=4ABB4 A3=108F4A A4=101500 A5=108000 A6=108E74 PC=3A89C -- 03A89C: tst.b   ($7a,A4)
D0=F0064 D1=0 D2=100F00 D3=0 D4=16405000 D5=84598540 D6=84598540 D7=101500 A0=3A89C A1=10890A A2=4ABB4 A3=108F4A A4=101500 A5=108000 A6=108E74 PC=3A8A0 -- 03A8A0: bmi     $3a8ca
D0=F0064 D1=0 D2=100F00 D3=0 D4=16405000 D5=84598540 D6=84598540 D7=101500 A0=3A89C A1=10890A A2=4ABB4 A3=108F4A A4=101500 A5=108000 A6=108E74 PC=3A8A4 -- 03A8A4: move.l  ($54,A4), D0
D0=3C000 D1=0 D2=100F00 D3=0 D4=16405000 D5=84598540 D6=84598540 D7=101500 A0=3A89C A1=10890A A2=4ABB4 A3=108F4A A4=101500 A5=108000 A6=108E74 PC=3A8A8 -- 03A8A8: addi.l  #$1800, ($54,A4)
D0=3C000 D1=0 D2=100F00 D3=0 D4=16405000 D5=84598540 D6=84598540 D7=101500 A0=3A89C A1=10890A A2=4ABB4 A3=108F4A A4=101500 A5=108000 A6=108E74 PC=3A8B0 -- 03A8B0: sub.l   D0, ($1c,A4)
D0=3C000 D1=0 D2=100F00 D3=0 D4=16405000 D5=84598540 D6=84598540 D7=101500 A0=3A89C A1=10890A A2=4ABB4 A3=108F4A A4=101500 A5=108000 A6=108E74 PC=3A8B4 -- 03A8B4: move.b  (-$7f79,A5), D0
D0=3C062 D1=0 D2=100F00 D3=0 D4=16405000 D5=84598540 D6=84598540 D7=101500 A0=3A89C A1=10890A A2=4ABB4 A3=108F4A A4=101500 A5=108000 A6=108E74 PC=3A8B8 -- 03A8B8: andi.b  #$1, D0
D0=3C000 D1=0 D2=100F00 D3=0 D4=16405000 D5=84598540 D6=84598540 D7=101500 A0=3A89C A1=10890A A2=4ABB4 A3=108F4A A4=101500 A5=108000 A6=108E74 PC=3A8BC -- 03A8BC: move.b  ($cf,A4), D1
D0=3C000 D1=0 D2=100F00 D3=0 D4=16405000 D5=84598540 D6=84598540 D7=101500 A0=3A89C A1=10890A A2=4ABB4 A3=108F4A A4=101500 A5=108000 A6=108E74 PC=3A8C0 -- 03A8C0: eor.b   D1, D0
D0=3C000 D1=0 D2=100F00 D3=0 D4=16405000 D5=84598540 D6=84598540 D7=101500 A0=3A89C A1=10890A A2=4ABB4 A3=108F4A A4=101500 A5=108000 A6=108E74 PC=3A8C2 -- 03A8C2: bne     $3890a
D0=3C000 D1=0 D2=100F00 D3=0 D4=16405000 D5=84598540 D6=84598540 D7=101500 A0=3A89C A1=10890A A2=4ABB4 A3=108F4A A4=101500 A5=108000 A6=108E74 PC=3A8C6 -- 03A8C6: beq     $3891c
D0=3C000 D1=0 D2=100F00 D3=0 D4=16405000 D5=84598540 D6=84598540 D7=101500 A0=3A89C A1=10890A A2=4ABB4 A3=108F4A A4=101500 A5=108000 A6=108E74 PC=3891C -- 03891C: jsr     $48e6.l
D0=3C000 D1=0 D2=100F00 D3=0 D4=16405000 D5=84598540 D6=84598540 D7=101500 A0=3A89C A1=10890A A2=4ABB4 A3=108F4A A4=101500 A5=108000 A6=108E74 PC=48E6 -- 0048E6: move.w  ($70,A4), D0
D0=3001B D1=0 D2=100F00 D3=0 D4=16405000 D5=84598540 D6=84598540 D7=101500 A0=3A89C A1=10890A A2=4ABB4 A3=108F4A A4=101500 A5=108000 A6=108E74 PC=48EA -- 0048EA: cmp.b   ($78,A4), D0
D0=3001B D1=0 D2=100F00 D3=0 D4=16405000 D5=84598540 D6=84598540 D7=101500 A0=3A89C A1=10890A A2=4ABB4 A3=108F4A A4=101500 A5=108000 A6=108E74 PC=48EE -- 0048EE: bne     $491c
D0=3001B D1=0 D2=100F00 D3=0 D4=16405000 D5=84598540 D6=84598540 D7=101500 A0=3A89C A1=10890A A2=4ABB4 A3=108F4A A4=101500 A5=108000 A6=108E74 PC=48F0 -- 0048F0: move.w  ($72,A4), D0
D0=30030 D1=0 D2=100F00 D3=0 D4=16405000 D5=84598540 D6=84598540 D7=101500 A0=3A89C A1=10890A A2=4ABB4 A3=108F4A A4=101500 A5=108000 A6=108E74 PC=48F4 -- 0048F4: cmp.b   ($79,A4), D0
D0=30030 D1=0 D2=100F00 D3=0 D4=16405000 D5=84598540 D6=84598540 D7=101500 A0=3A89C A1=10890A A2=4ABB4 A3=108F4A A4=101500 A5=108000 A6=108E74 PC=48F8 -- 0048F8: bne     $493c
D0=30030 D1=0 D2=100F00 D3=0 D4=16405000 D5=84598540 D6=84598540 D7=101500 A0=3A89C A1=10890A A2=4ABB4 A3=108F4A A4=101500 A5=108000 A6=108E74 PC=48FA -- 0048FA: tst.b   ($77,A4)
D0=30030 D1=0 D2=100F00 D3=0 D4=16405000 D5=84598540 D6=84598540 D7=101500 A0=3A89C A1=10890A A2=4ABB4 A3=108F4A A4=101500 A5=108000 A6=108E74 PC=48FE -- 0048FE: bne     $495c
D0=30030 D1=0 D2=100F00 D3=0 D4=16405000 D5=84598540 D6=84598540 D7=101500 A0=3A89C A1=10890A A2=4ABB4 A3=108F4A A4=101500 A5=108000 A6=108E74 PC=4900 -- 004900: tst.b   ($7a,A4)
D0=30030 D1=0 D2=100F00 D3=0 D4=16405000 D5=84598540 D6=84598540 D7=101500 A0=3A89C A1=10890A A2=4ABB4 A3=108F4A A4=101500 A5=108000 A6=108E74 PC=4904 -- 004904: bmi     $491a
D0=30030 D1=0 D2=100F00 D3=0 D4=16405000 D5=84598540 D6=84598540 D7=101500 A0=3A89C A1=10890A A2=4ABB4 A3=108F4A A4=101500 A5=108000 A6=108E74 PC=4906 -- 004906: subq.b  #1, ($76,A4)
D0=30030 D1=0 D2=100F00 D3=0 D4=16405000 D5=84598540 D6=84598540 D7=101500 A0=3A89C A1=10890A A2=4ABB4 A3=108F4A A4=101500 A5=108000 A6=108E74 PC=490A -- 00490A: bhi     $491a
D0=30030 D1=0 D2=100F00 D3=0 D4=16405000 D5=84598540 D6=84598540 D7=101500 A0=3A89C A1=10890A A2=4ABB4 A3=108F4A A4=101500 A5=108000 A6=108E74 PC=491A -- 00491A: rts
D0=30030 D1=0 D2=100F00 D3=0 D4=16405000 D5=84598540 D6=84598540 D7=101500 A0=3A89C A1=10890A A2=4ABB4 A3=108F4A A4=101500 A5=108000 A6=108E74 PC=38922 -- 038922: rts
D0=30030 D1=0 D2=100F00 D3=0 D4=16405000 D5=84598540 D6=84598540 D7=101500 A0=3A89C A1=10890A A2=4ABB4 A3=108F4A A4=101500 A5=108000 A6=108E74 PC=32B3C -- 032B3C: move.l  A4, D7
D0=30030 D1=0 D2=100F00 D3=0 D4=16405000 D5=84598540 D6=84598540 D7=101500 A0=3A89C A1=10890A A2=4ABB4 A3=108F4A A4=101500 A5=108000 A6=108E74 PC=32B3E -- 032B3E: move.w  ($4,A4), D7
D0=30030 D1=0 D2=100F00 D3=0 D4=16405000 D5=84598540 D6=84598540 D7=101700 A0=3A89C A1=10890A A2=4ABB4 A3=108F4A A4=101500 A5=108000 A6=108E74 PC=32B42 -- 032B42: bpl     $32b36
D0=30030 D1=0 D2=100F00 D3=0 D4=16405000 D5=84598540 D6=84598540 D7=101700 A0=3A89C A1=10890A A2=4ABB4 A3=108F4A A4=101500 A5=108000 A6=108E74 PC=32B36 -- 032B36: movea.l D7, A4
D0=30030 D1=0 D2=100F00 D3=0 D4=16405000 D5=84598540 D6=84598540 D7=101700 A0=3A89C A1=10890A A2=4ABB4 A3=108F4A A4=101700 A5=108000 A6=108E74 PC=32B38 -- 032B38: movea.l (A4), A0
D0=30030 D1=0 D2=100F00 D3=0 D4=16405000 D5=84598540 D6=84598540 D7=101700 A0=3A89C A1=10890A A2=4ABB4 A3=108F4A A4=101700 A5=108000 A6=108E74 PC=32B3A -- 032B3A: jsr     (A0)
D0=30030 D1=0 D2=100F00 D3=0 D4=16405000 D5=84598540 D6=84598540 D7=101700 A0=3A89C A1=10890A A2=4ABB4 A3=108F4A A4=101700 A5=108000 A6=108E74 PC=3A89C -- 03A89C: tst.b   ($7a,A4)
D0=30030 D1=0 D2=100F00 D3=0 D4=16405000 D5=84598540 D6=84598540 D7=101700 A0=3A89C A1=10890A A2=4ABB4 A3=108F4A A4=101700 A5=108000 A6=108E74 PC=3A8A0 -- 03A8A0: bmi     $3a8ca
D0=30030 D1=0 D2=100F00 D3=0 D4=16405000 D5=84598540 D6=84598540 D7=101700 A0=3A89C A1=10890A A2=4ABB4 A3=108F4A A4=101700 A5=108000 A6=108E74 PC=3A8A4 -- 03A8A4: move.l  ($54,A4), D0
D0=39000 D1=0 D2=100F00 D3=0 D4=16405000 D5=84598540 D6=84598540 D7=101700 A0=3A89C A1=10890A A2=4ABB4 A3=108F4A A4=101700 A5=108000 A6=108E74 PC=3A8A8 -- 03A8A8: addi.l  #$1800, ($54,A4)
D0=39000 D1=0 D2=100F00 D3=0 D4=16405000 D5=84598540 D6=84598540 D7=101700 A0=3A89C A1=10890A A2=4ABB4 A3=108F4A A4=101700 A5=108000 A6=108E74 PC=3A8B0 -- 03A8B0: sub.l   D0, ($1c,A4)
D0=39000 D1=0 D2=100F00 D3=0 D4=16405000 D5=84598540 D6=84598540 D7=101700 A0=3A89C A1=10890A A2=4ABB4 A3=108F4A A4=101700 A5=108000 A6=108E74 PC=3A8B4 -- 03A8B4: move.b  (-$7f79,A5), D0
D0=39062 D1=0 D2=100F00 D3=0 D4=16405000 D5=84598540 D6=84598540 D7=101700 A0=3A89C A1=10890A A2=4ABB4 A3=108F4A A4=101700 A5=108000 A6=108E74 PC=3A8B8 -- 03A8B8: andi.b  #$1, D0
D0=39000 D1=0 D2=100F00 D3=0 D4=16405000 D5=84598540 D6=84598540 D7=101700 A0=3A89C A1=10890A A2=4ABB4 A3=108F4A A4=101700 A5=108000 A6=108E74 PC=3A8BC -- 03A8BC: move.b  ($cf,A4), D1
D0=39000 D1=1 D2=100F00 D3=0 D4=16405000 D5=84598540 D6=84598540 D7=101700 A0=3A89C A1=10890A A2=4ABB4 A3=108F4A A4=101700 A5=108000 A6=108E74 PC=3A8C0 -- 03A8C0: eor.b   D1, D0
D0=39001 D1=1 D2=100F00 D3=0 D4=16405000 D5=84598540 D6=84598540 D7=101700 A0=3A89C A1=10890A A2=4ABB4 A3=108F4A A4=101700 A5=108000 A6=108E74 PC=3A8C2 -- 03A8C2: bne     $3890a
D0=39001 D1=1 D2=100F00 D3=0 D4=16405000 D5=84598540 D6=84598540 D7=101700 A0=3A89C A1=10890A A2=4ABB4 A3=108F4A A4=101700 A5=108000 A6=108E74 PC=3890A -- 03890A: jsr     $48e6.l
D0=39001 D1=1 D2=100F00 D3=0 D4=16405000 D5=84598540 D6=84598540 D7=101700 A0=3A89C A1=10890A A2=4ABB4 A3=108F4A A4=101700 A5=108000 A6=108E74 PC=48E6 -- 0048E6: move.w  ($70,A4), D0
D0=3001B D1=1 D2=100F00 D3=0 D4=16405000 D5=84598540 D6=84598540 D7=101700 A0=3A89C A1=10890A A2=4ABB4 A3=108F4A A4=101700 A5=108000 A6=108E74 PC=48EA -- 0048EA: cmp.b   ($78,A4), D0
D0=3001B D1=1 D2=100F00 D3=0 D4=16405000 D5=84598540 D6=84598540 D7=101700 A0=3A89C A1=10890A A2=4ABB4 A3=108F4A A4=101700 A5=108000 A6=108E74 PC=48EE -- 0048EE: bne     $491c
D0=3001B D1=1 D2=100F00 D3=0 D4=16405000 D5=84598540 D6=84598540 D7=101700 A0=3A89C A1=10890A A2=4ABB4 A3=108F4A A4=101700 A5=108000 A6=108E74 PC=48F0 -- 0048F0: move.w  ($72,A4), D0
D0=30030 D1=1 D2=100F00 D3=0 D4=16405000 D5=84598540 D6=84598540 D7=101700 A0=3A89C A1=10890A A2=4ABB4 A3=108F4A A4=101700 A5=108000 A6=108E74 PC=48F4 -- 0048F4: cmp.b   ($79,A4), D0
D0=30030 D1=1 D2=100F00 D3=0 D4=16405000 D5=84598540 D6=84598540 D7=101700 A0=3A89C A1=10890A A2=4ABB4 A3=108F4A A4=101700 A5=108000 A6=108E74 PC=48F8 -- 0048F8: bne     $493c
D0=30030 D1=1 D2=100F00 D3=0 D4=16405000 D5=84598540 D6=84598540 D7=101700 A0=3A89C A1=10890A A2=4ABB4 A3=108F4A A4=101700 A5=108000 A6=108E74 PC=48FA -- 0048FA: tst.b   ($77,A4)
D0=30030 D1=1 D2=100F00 D3=0 D4=16405000 D5=84598540 D6=84598540 D7=101700 A0=3A89C A1=10890A A2=4ABB4 A3=108F4A A4=101700 A5=108000 A6=108E74 PC=48FE -- 0048FE: bne     $495c
D0=30030 D1=1 D2=100F00 D3=0 D4=16405000 D5=84598540 D6=84598540 D7=101700 A0=3A89C A1=10890A A2=4ABB4 A3=108F4A A4=101700 A5=108000 A6=108E74 PC=4900 -- 004900: tst.b   ($7a,A4)
D0=30030 D1=1 D2=100F00 D3=0 D4=16405000 D5=84598540 D6=84598540 D7=101700 A0=3A89C A1=10890A A2=4ABB4 A3=108F4A A4=101700 A5=108000 A6=108E74 PC=4904 -- 004904: bmi     $491a
D0=30030 D1=1 D2=100F00 D3=0 D4=16405000 D5=84598540 D6=84598540 D7=101700 A0=3A89C A1=10890A A2=4ABB4 A3=108F4A A4=101700 A5=108000 A6=108E74 PC=4906 -- 004906: subq.b  #1, ($76,A4)
D0=30030 D1=1 D2=100F00 D3=0 D4=16405000 D5=84598540 D6=84598540 D7=101700 A0=3A89C A1=10890A A2=4ABB4 A3=108F4A A4=101700 A5=108000 A6=108E74 PC=490A -- 00490A: bhi     $491a
D0=30030 D1=1 D2=100F00 D3=0 D4=16405000 D5=84598540 D6=84598540 D7=101700 A0=3A89C A1=10890A A2=4ABB4 A3=108F4A A4=101700 A5=108000 A6=108E74 PC=491A -- 00491A: rts
D0=30030 D1=1 D2=100F00 D3=0 D4=16405000 D5=84598540 D6=84598540 D7=101700 A0=3A89C A1=10890A A2=4ABB4 A3=108F4A A4=101700 A5=108000 A6=108E74 PC=38910 -- 038910: jmp     $3e2e.l
D0=30030 D1=1 D2=100F00 D3=0 D4=16405000 D5=84598540 D6=84598540 D7=101700 A0=3A89C A1=10890A A2=4ABB4 A3=108F4A A4=101700 A5=108000 A6=108E74 PC=3E2E -- 003E2E: tst.w   ($74,A4)
D0=30030 D1=1 D2=100F00 D3=0 D4=16405000 D5=84598540 D6=84598540 D7=101700 A0=3A89C A1=10890A A2=4ABB4 A3=108F4A A4=101700 A5=108000 A6=108E74 PC=3E32 -- 003E32: bmi     $3e80
D0=30030 D1=1 D2=100F00 D3=0 D4=16405000 D5=84598540 D6=84598540 D7=101700 A0=3A89C A1=10890A A2=4ABB4 A3=108F4A A4=101700 A5=108000 A6=108E74 PC=3E34 -- 003E34: btst    #$6, ($7c,A4)
D0=30030 D1=1 D2=100F00 D3=0 D4=16405000 D5=84598540 D6=84598540 D7=101700 A0=3A89C A1=10890A A2=4ABB4 A3=108F4A A4=101700 A5=108000 A6=108E74 PC=3E3A -- 003E3A: bne     $3e78
D0=30030 D1=1 D2=100F00 D3=0 D4=16405000 D5=84598540 D6=84598540 D7=101700 A0=3A89C A1=10890A A2=4ABB4 A3=108F4A A4=101700 A5=108000 A6=108E74 PC=3E3E -- 003E3E: moveq   #$0, D3
D0=30030 D1=1 D2=100F00 D3=0 D4=16405000 D5=84598540 D6=84598540 D7=101700 A0=3A89C A1=10890A A2=4ABB4 A3=108F4A A4=101700 A5=108000 A6=108E74 PC=3E40 -- 003E40: move.b  ($82,A4), D3
D0=30030 D1=1 D2=100F00 D3=0 D4=16405000 D5=84598540 D6=84598540 D7=101700 A0=3A89C A1=10890A A2=4ABB4 A3=108F4A A4=101700 A5=108000 A6=108E74 PC=3E44 -- 003E44: add.w   D3, D3
D0=30030 D1=1 D2=100F00 D3=0 D4=16405000 D5=84598540 D6=84598540 D7=101700 A0=3A89C A1=10890A A2=4ABB4 A3=108F4A A4=101700 A5=108000 A6=108E74 PC=3E46 -- 003E46: add.w   D3, D3
D0=30030 D1=1 D2=100F00 D3=0 D4=16405000 D5=84598540 D6=84598540 D7=101700 A0=3A89C A1=10890A A2=4ABB4 A3=108F4A A4=101700 A5=108000 A6=108E74 PC=3E48 -- 003E48: move.w  ($18,A4), D0
D0=30120 D1=1 D2=100F00 D3=0 D4=16405000 D5=84598540 D6=84598540 D7=101700 A0=3A89C A1=10890A A2=4ABB4 A3=108F4A A4=101700 A5=108000 A6=108E74 PC=3E4C -- 003E4C: lea     ($104c,A5), A0
D0=30120 D1=1 D2=100F00 D3=0 D4=16405000 D5=84598540 D6=84598540 D7=101700 A0=10904C A1=10890A A2=4ABB4 A3=108F4A A4=101700 A5=108000 A6=108E74 PC=3E50 -- 003E50: sub.w   (A0,D3.w), D0
D0=30120 D1=1 D2=100F00 D3=0 D4=16405000 D5=84598540 D6=84598540 D7=101700 A0=10904C A1=10890A A2=4ABB4 A3=108F4A A4=101700 A5=108000 A6=108E74 PC=3E54 -- 003E54: addi.w  #$30, D0
D0=30150 D1=1 D2=100F00 D3=0 D4=16405000 D5=84598540 D6=84598540 D7=101700 A0=10904C A1=10890A A2=4ABB4 A3=108F4A A4=101700 A5=108000 A6=108E74 PC=3E58 -- 003E58: cmpi.w  #$1a0, D0
D0=30150 D1=1 D2=100F00 D3=0 D4=16405000 D5=84598540 D6=84598540 D7=101700 A0=10904C A1=10890A A2=4ABB4 A3=108F4A A4=101700 A5=108000 A6=108E74 PC=3E5C -- 003E5C: bls     $3e60
D0=30150 D1=1 D2=100F00 D3=0 D4=16405000 D5=84598540 D6=84598540 D7=101700 A0=10904C A1=10890A A2=4ABB4 A3=108F4A A4=101700 A5=108000 A6=108E74 PC=3E60 -- 003E60: move.w  ($1c,A4), D0
D0=3004A D1=1 D2=100F00 D3=0 D4=16405000 D5=84598540 D6=84598540 D7=101700 A0=10904C A1=10890A A2=4ABB4 A3=108F4A A4=101700 A5=108000 A6=108E74 PC=3E64 -- 003E64: sub.w   ($20,A4), D0
D0=3004A D1=1 D2=100F00 D3=0 D4=16405000 D5=84598540 D6=84598540 D7=101700 A0=10904C A1=10890A A2=4ABB4 A3=108F4A A4=101700 A5=108000 A6=108E74 PC=3E68 -- 003E68: lea     ($1058,A5), A0
D0=3004A D1=1 D2=100F00 D3=0 D4=16405000 D5=84598540 D6=84598540 D7=101700 A0=109058 A1=10890A A2=4ABB4 A3=108F4A A4=101700 A5=108000 A6=108E74 PC=3E6C -- 003E6C: sub.w   (A0,D3.w), D0
D0=3004A D1=1 D2=100F00 D3=0 D4=16405000 D5=84598540 D6=84598540 D7=101700 A0=109058 A1=10890A A2=4ABB4 A3=108F4A A4=101700 A5=108000 A6=108E74 PC=3E70 -- 003E70: cmpi.w  #$1c0, D0
D0=3004A D1=1 D2=100F00 D3=0 D4=16405000 D5=84598540 D6=84598540 D7=101700 A0=109058 A1=10890A A2=4ABB4 A3=108F4A A4=101700 A5=108000 A6=108E74 PC=3E74 -- 003E74: bls     $3e78
D0=3004A D1=1 D2=100F00 D3=0 D4=16405000 D5=84598540 D6=84598540 D7=101700 A0=109058 A1=10890A A2=4ABB4 A3=108F4A A4=101700 A5=108000 A6=108E74 PC=3E78 -- 003E78: bsr     $4860
D0=3004A D1=1 D2=100F00 D3=0 D4=16405000 D5=84598540 D6=84598540 D7=101700 A0=109058 A1=10890A A2=4ABB4 A3=108F4A A4=101700 A5=108000 A6=108E74 PC=4860 -- 004860: lea     $7bf48.l, A0
D0=3004A D1=1 D2=100F00 D3=0 D4=16405000 D5=84598540 D6=84598540 D7=101700 A0=7BF48 A1=10890A A2=4ABB4 A3=108F4A A4=101700 A5=108000 A6=108E74 PC=4866 -- 004866: move.w  ($70,A4), D0
D0=3001B D1=1 D2=100F00 D3=0 D4=16405000 D5=84598540 D6=84598540 D7=101700 A0=7BF48 A1=10890A A2=4ABB4 A3=108F4A A4=101700 A5=108000 A6=108E74 PC=486A -- 00486A: add.w   D0, D0
D0=30036 D1=1 D2=100F00 D3=0 D4=16405000 D5=84598540 D6=84598540 D7=101700 A0=7BF48 A1=10890A A2=4ABB4 A3=108F4A A4=101700 A5=108000 A6=108E74 PC=486C -- 00486C: add.w   D0, D0
D0=3006C D1=1 D2=100F00 D3=0 D4=16405000 D5=84598540 D6=84598540 D7=101700 A0=7BF48 A1=10890A A2=4ABB4 A3=108F4A A4=101700 A5=108000 A6=108E74 PC=486E -- 00486E: movea.l (A0,D0.w), A0
D0=3006C D1=1 D2=100F00 D3=0 D4=16405000 D5=84598540 D6=84598540 D7=101700 A0=7F5E0 A1=10890A A2=4ABB4 A3=108F4A A4=101700 A5=108000 A6=108E74 PC=4872 -- 004872: move.w  ($72,A4), D0
D0=30030 D1=1 D2=100F00 D3=0 D4=16405000 D5=84598540 D6=84598540 D7=101700 A0=7F5E0 A1=10890A A2=4ABB4 A3=108F4A A4=101700 A5=108000 A6=108E74 PC=4876 -- 004876: add.w   D0, D0
D0=30060 D1=1 D2=100F00 D3=0 D4=16405000 D5=84598540 D6=84598540 D7=101700 A0=7F5E0 A1=10890A A2=4ABB4 A3=108F4A A4=101700 A5=108000 A6=108E74 PC=4878 -- 004878: move.w  (A0,D0.w), D1
D0=30060 D1=3030 D2=100F00 D3=0 D4=16405000 D5=84598540 D6=84598540 D7=101700 A0=7F5E0 A1=10890A A2=4ABB4 A3=108F4A A4=101700 A5=108000 A6=108E74 PC=487C -- 00487C: move.w  D1, ($46de,A5)
D0=30060 D1=3030 D2=100F00 D3=0 D4=16405000 D5=84598540 D6=84598540 D7=101700 A0=7F5E0 A1=10890A A2=4ABB4 A3=108F4A A4=101700 A5=108000 A6=108E74 PC=4880 -- 004880: lea     $80000.l, A0
D0=30060 D1=3030 D2=100F00 D3=0 D4=16405000 D5=84598540 D6=84598540 D7=101700 A0=80000 A1=10890A A2=4ABB4 A3=108F4A A4=101700 A5=108000 A6=108E74 PC=4886 -- 004886: move.w  ($70,A4), D0
D0=3001B D1=3030 D2=100F00 D3=0 D4=16405000 D5=84598540 D6=84598540 D7=101700 A0=80000 A1=10890A A2=4ABB4 A3=108F4A A4=101700 A5=108000 A6=108E74 PC=488A -- 00488A: add.w   D0, D0
D0=30036 D1=3030 D2=100F00 D3=0 D4=16405000 D5=84598540 D6=84598540 D7=101700 A0=80000 A1=10890A A2=4ABB4 A3=108F4A A4=101700 A5=108000 A6=108E74 PC=488C -- 00488C: add.w   D0, D0
D0=3006C D1=3030 D2=100F00 D3=0 D4=16405000 D5=84598540 D6=84598540 D7=101700 A0=80000 A1=10890A A2=4ABB4 A3=108F4A A4=101700 A5=108000 A6=108E74 PC=488E -- 00488E: movea.l (A0,D0.w), A0
D0=3006C D1=3030 D2=100F00 D3=0 D4=16405000 D5=84598540 D6=84598540 D7=101700 A0=86E00 A1=10890A A2=4ABB4 A3=108F4A A4=101700 A5=108000 A6=108E74 PC=4892 -- 004892: move.w  ($46de,A5), D0
D0=33030 D1=3030 D2=100F00 D3=0 D4=16405000 D5=84598540 D6=84598540 D7=101700 A0=86E00 A1=10890A A2=4ABB4 A3=108F4A A4=101700 A5=108000 A6=108E74 PC=4896 -- 004896: tst.b   ($46e2,A5)
D0=33030 D1=3030 D2=100F00 D3=0 D4=16405000 D5=84598540 D6=84598540 D7=101700 A0=86E00 A1=10890A A2=4ABB4 A3=108F4A A4=101700 A5=108000 A6=108E74 PC=489A -- 00489A: beq     $48a0
D0=33030 D1=3030 D2=100F00 D3=0 D4=16405000 D5=84598540 D6=84598540 D7=101700 A0=86E00 A1=10890A A2=4ABB4 A3=108F4A A4=101700 A5=108000 A6=108E74 PC=48A0 -- 0048A0: andi.w  #$ff, D0
D0=30030 D1=3030 D2=100F00 D3=0 D4=16405000 D5=84598540 D6=84598540 D7=101700 A0=86E00 A1=10890A A2=4ABB4 A3=108F4A A4=101700 A5=108000 A6=108E74 PC=48A4 -- 0048A4: add.w   D0, D0
D0=30060 D1=3030 D2=100F00 D3=0 D4=16405000 D5=84598540 D6=84598540 D7=101700 A0=86E00 A1=10890A A2=4ABB4 A3=108F4A A4=101700 A5=108000 A6=108E74 PC=48A6 -- 0048A6: add.w   D0, D0
D0=300C0 D1=3030 D2=100F00 D3=0 D4=16405000 D5=84598540 D6=84598540 D7=101700 A0=86E00 A1=10890A A2=4ABB4 A3=108F4A A4=101700 A5=108000 A6=108E74 PC=48A8 -- 0048A8: movea.l (A0,D0.w), A0
D0=300C0 D1=3030 D2=100F00 D3=0 D4=16405000 D5=84598540 D6=84598540 D7=101700 A0=F306C A1=10890A A2=4ABB4 A3=108F4A A4=101700 A5=108000 A6=108E74 PC=48AC -- 0048AC: move.w  ($74,A4), D0
D0=3004E D1=3030 D2=100F00 D3=0 D4=16405000 D5=84598540 D6=84598540 D7=101700 A0=F306C A1=10890A A2=4ABB4 A3=108F4A A4=101700 A5=108000 A6=108E74 PC=48B0 -- 0048B0: adda.w  D0, A0
D0=3004E D1=3030 D2=100F00 D3=0 D4=16405000 D5=84598540 D6=84598540 D7=101700 A0=F30BA A1=10890A A2=4ABB4 A3=108F4A A4=101700 A5=108000 A6=108E74 PC=48B2 -- 0048B2: move.l  (A0), D0
D0=50F1332 D1=3030 D2=100F00 D3=0 D4=16405000 D5=84598540 D6=84598540 D7=101700 A0=F30BA A1=10890A A2=4ABB4 A3=108F4A A4=101700 A5=108000 A6=108E74 PC=48B4 -- 0048B4: andi.l  #$ffffff, D0
D0=F1332 D1=3030 D2=100F00 D3=0 D4=16405000 D5=84598540 D6=84598540 D7=101700 A0=F30BA A1=10890A A2=4ABB4 A3=108F4A A4=101700 A5=108000 A6=108E74 PC=48BA -- 0048BA: movea.l D0, A0
D0=F1332 D1=3030 D2=100F00 D3=0 D4=16405000 D5=84598540 D6=84598540 D7=101700 A0=F1332 A1=10890A A2=4ABB4 A3=108F4A A4=101700 A5=108000 A6=108E74 PC=48BC -- 0048BC: move.w  ($4,A0), D0
D0=F0123 D1=3030 D2=100F00 D3=0 D4=16405000 D5=84598540 D6=84598540 D7=101700 A0=F1332 A1=10890A A2=4ABB4 A3=108F4A A4=101700 A5=108000 A6=108E74 PC=48C0 -- 0048C0: andi.w  #$1fff, D0
D0=F0123 D1=3030 D2=100F00 D3=0 D4=16405000 D5=84598540 D6=84598540 D7=101700 A0=F1332 A1=10890A A2=4ABB4 A3=108F4A A4=101700 A5=108000 A6=108E74 PC=48C4 -- 0048C4: move.w  D0, ($46e0,A5)
D0=F0123 D1=3030 D2=100F00 D3=0 D4=16405000 D5=84598540 D6=84598540 D7=101700 A0=F1332 A1=10890A A2=4ABB4 A3=108F4A A4=101700 A5=108000 A6=108E74 PC=48C8 -- 0048C8: lea     $80080.l, A0
D0=F0123 D1=3030 D2=100F00 D3=0 D4=16405000 D5=84598540 D6=84598540 D7=101700 A0=80080 A1=10890A A2=4ABB4 A3=108F4A A4=101700 A5=108000 A6=108E74 PC=48CE -- 0048CE: move.w  ($70,A4), D1
D0=F0123 D1=1B D2=100F00 D3=0 D4=16405000 D5=84598540 D6=84598540 D7=101700 A0=80080 A1=10890A A2=4ABB4 A3=108F4A A4=101700 A5=108000 A6=108E74 PC=48D2 -- 0048D2: add.w   D1, D1
D0=F0123 D1=36 D2=100F00 D3=0 D4=16405000 D5=84598540 D6=84598540 D7=101700 A0=80080 A1=10890A A2=4ABB4 A3=108F4A A4=101700 A5=108000 A6=108E74 PC=48D4 -- 0048D4: add.w   D1, D1
D0=F0123 D1=6C D2=100F00 D3=0 D4=16405000 D5=84598540 D6=84598540 D7=101700 A0=80080 A1=10890A A2=4ABB4 A3=108F4A A4=101700 A5=108000 A6=108E74 PC=48D6 -- 0048D6: movea.l (A0,D1.w), A0
D0=F0123 D1=6C D2=100F00 D3=0 D4=16405000 D5=84598540 D6=84598540 D7=101700 A0=95200 A1=10890A A2=4ABB4 A3=108F4A A4=101700 A5=108000 A6=108E74 PC=48DA -- 0048DA: add.w   D0, D0
D0=F0246 D1=6C D2=100F00 D3=0 D4=16405000 D5=84598540 D6=84598540 D7=101700 A0=95200 A1=10890A A2=4ABB4 A3=108F4A A4=101700 A5=108000 A6=108E74 PC=48DC -- 0048DC: add.w   D0, D0
D0=F048C D1=6C D2=100F00 D3=0 D4=16405000 D5=84598540 D6=84598540 D7=101700 A0=95200 A1=10890A A2=4ABB4 A3=108F4A A4=101700 A5=108000 A6=108E74 PC=48DE -- 0048DE: move.l  (A0,D0.w), ($28,A4)
D0=F048C D1=6C D2=100F00 D3=0 D4=16405000 D5=84598540 D6=84598540 D7=101700 A0=95200 A1=10890A A2=4ABB4 A3=108F4A A4=101700 A5=108000 A6=108E74 PC=48E4 -- 0048E4: rts
D0=F048C D1=6C D2=100F00 D3=0 D4=16405000 D5=84598540 D6=84598540 D7=101700 A0=95200 A1=10890A A2=4ABB4 A3=108F4A A4=101700 A5=108000 A6=108E74 PC=3E7C -- 003E7C: bra     $481a
D0=F048C D1=6C D2=100F00 D3=0 D4=16405000 D5=84598540 D6=84598540 D7=101700 A0=95200 A1=10890A A2=4ABB4 A3=108F4A A4=101700 A5=108000 A6=108E74 PC=481A -- 00481A: addq.w  #1, ($e3a,A5)
D0=F048C D1=6C D2=100F00 D3=0 D4=16405000 D5=84598540 D6=84598540 D7=101700 A0=95200 A1=10890A A2=4ABB4 A3=108F4A A4=101700 A5=108000 A6=108E74 PC=481E -- 00481E: lea     ($838,A5), A1
D0=F048C D1=6C D2=100F00 D3=0 D4=16405000 D5=84598540 D6=84598540 D7=101700 A0=95200 A1=108838 A2=4ABB4 A3=108F4A A4=101700 A5=108000 A6=108E74 PC=4822 -- 004822: move.w  ($2c,A4), D0
D0=F0064 D1=6C D2=100F00 D3=0 D4=16405000 D5=84598540 D6=84598540 D7=101700 A0=95200 A1=108838 A2=4ABB4 A3=108F4A A4=101700 A5=108000 A6=108E74 PC=4826 -- 004826: move.w  D0, D1
D0=F0064 D1=64 D2=100F00 D3=0 D4=16405000 D5=84598540 D6=84598540 D7=101700 A0=95200 A1=108838 A2=4ABB4 A3=108F4A A4=101700 A5=108000 A6=108E74 PC=4828 -- 004828: add.w   D1, D1
D0=F0064 D1=C8 D2=100F00 D3=0 D4=16405000 D5=84598540 D6=84598540 D7=101700 A0=95200 A1=108838 A2=4ABB4 A3=108F4A A4=101700 A5=108000 A6=108E74 PC=482A -- 00482A: adda.w  D1, A1
D0=F0064 D1=C8 D2=100F00 D3=0 D4=16405000 D5=84598540 D6=84598540 D7=101700 A0=95200 A1=108900 A2=4ABB4 A3=108F4A A4=101700 A5=108000 A6=108E74 PC=482C -- 00482C: cmp.w   ($e38,A5), D1
D0=F0064 D1=C8 D2=100F00 D3=0 D4=16405000 D5=84598540 D6=84598540 D7=101700 A0=95200 A1=108900 A2=4ABB4 A3=108F4A A4=101700 A5=108000 A6=108E74 PC=4830 -- 004830: bhi     $4836
D0=F0064 D1=C8 D2=100F00 D3=0 D4=16405000 D5=84598540 D6=84598540 D7=101700 A0=95200 A1=108900 A2=4ABB4 A3=108F4A A4=101700 A5=108000 A6=108E74 PC=4832 -- 004832: move.w  D1, ($e38,A5)
D0=F0064 D1=C8 D2=100F00 D3=0 D4=16405000 D5=84598540 D6=84598540 D7=101700 A0=95200 A1=108900 A2=4ABB4 A3=108F4A A4=101700 A5=108000 A6=108E74 PC=4836 -- 004836: move.w  (A1)+, D1
D0=F0064 D1=500 D2=100F00 D3=0 D4=16405000 D5=84598540 D6=84598540 D7=101700 A0=95200 A1=108902 A2=4ABB4 A3=108F4A A4=101700 A5=108000 A6=108E74 PC=4838 -- 004838: beq     $485a
D0=F0064 D1=500 D2=100F00 D3=0 D4=16405000 D5=84598540 D6=84598540 D7=101700 A0=95200 A1=108902 A2=4ABB4 A3=108F4A A4=101700 A5=108000 A6=108E74 PC=483A -- 00483A: move.l  #$100000, D2
D0=F0064 D1=500 D2=100000 D3=0 D4=16405000 D5=84598540 D6=84598540 D7=101700 A0=95200 A1=108902 A2=4ABB4 A3=108F4A A4=101700 A5=108000 A6=108E74 PC=4840 -- 004840: move.w  D1, D2
D0=F0064 D1=500 D2=100500 D3=0 D4=16405000 D5=84598540 D6=84598540 D7=101700 A0=95200 A1=108902 A2=4ABB4 A3=108F4A A4=101700 A5=108000 A6=108E74 PC=4842 -- 004842: movea.l D2, A0
D0=F0064 D1=500 D2=100500 D3=0 D4=16405000 D5=84598540 D6=84598540 D7=101700 A0=100500 A1=108902 A2=4ABB4 A3=108F4A A4=101700 A5=108000 A6=108E74 PC=4844 -- 004844: cmp.w   ($2c,A0), D0
D0=F0064 D1=500 D2=100500 D3=0 D4=16405000 D5=84598540 D6=84598540 D7=101700 A0=100500 A1=108902 A2=4ABB4 A3=108F4A A4=101700 A5=108000 A6=108E74 PC=4848 -- 004848: bcc     $4836
D0=F0064 D1=500 D2=100500 D3=0 D4=16405000 D5=84598540 D6=84598540 D7=101700 A0=100500 A1=108902 A2=4ABB4 A3=108F4A A4=101700 A5=108000 A6=108E74 PC=4836 -- 004836: move.w  (A1)+, D1
D0=F0064 D1=700 D2=100500 D3=0 D4=16405000 D5=84598540 D6=84598540 D7=101700 A0=100500 A1=108904 A2=4ABB4 A3=108F4A A4=101700 A5=108000 A6=108E74 PC=4838 -- 004838: beq     $485a
D0=F0064 D1=700 D2=100500 D3=0 D4=16405000 D5=84598540 D6=84598540 D7=101700 A0=100500 A1=108904 A2=4ABB4 A3=108F4A A4=101700 A5=108000 A6=108E74 PC=483A -- 00483A: move.l  #$100000, D2
D0=F0064 D1=700 D2=100000 D3=0 D4=16405000 D5=84598540 D6=84598540 D7=101700 A0=100500 A1=108904 A2=4ABB4 A3=108F4A A4=101700 A5=108000 A6=108E74 PC=4840 -- 004840: move.w  D1, D2
D0=F0064 D1=700 D2=100700 D3=0 D4=16405000 D5=84598540 D6=84598540 D7=101700 A0=100500 A1=108904 A2=4ABB4 A3=108F4A A4=101700 A5=108000 A6=108E74 PC=4842 -- 004842: movea.l D2, A0
D0=F0064 D1=700 D2=100700 D3=0 D4=16405000 D5=84598540 D6=84598540 D7=101700 A0=100700 A1=108904 A2=4ABB4 A3=108F4A A4=101700 A5=108000 A6=108E74 PC=4844 -- 004844: cmp.w   ($2c,A0), D0
D0=F0064 D1=700 D2=100700 D3=0 D4=16405000 D5=84598540 D6=84598540 D7=101700 A0=100700 A1=108904 A2=4ABB4 A3=108F4A A4=101700 A5=108000 A6=108E74 PC=4848 -- 004848: bcc     $4836

   (loops for 23 instructions)

D0=F0064 D1=0 D2=101300 D3=0 D4=16405000 D5=84598540 D6=84598540 D7=101700 A0=101300 A1=10890C A2=4ABB4 A3=108F4A A4=101700 A5=108000 A6=108E74 PC=485A -- 00485A: move.w  A4, (-$2,A1)
D0=F0064 D1=0 D2=101300 D3=0 D4=16405000 D5=84598540 D6=84598540 D7=101700 A0=101300 A1=10890C A2=4ABB4 A3=108F4A A4=101700 A5=108000 A6=108E74 PC=485E -- 00485E: rts
D0=F0064 D1=0 D2=101300 D3=0 D4=16405000 D5=84598540 D6=84598540 D7=101700 A0=101300 A1=10890C A2=4ABB4 A3=108F4A A4=101700 A5=108000 A6=108E74 PC=32B3C -- 032B3C: move.l  A4, D7
D0=F0064 D1=0 D2=101300 D3=0 D4=16405000 D5=84598540 D6=84598540 D7=101700 A0=101300 A1=10890C A2=4ABB4 A3=108F4A A4=101700 A5=108000 A6=108E74 PC=32B3E -- 032B3E: move.w  ($4,A4), D7
D0=F0064 D1=0 D2=101300 D3=0 D4=16405000 D5=84598540 D6=84598540 D7=101900 A0=101300 A1=10890C A2=4ABB4 A3=108F4A A4=101700 A5=108000 A6=108E74 PC=32B42 -- 032B42: bpl     $32b36
D0=F0064 D1=0 D2=101300 D3=0 D4=16405000 D5=84598540 D6=84598540 D7=101900 A0=101300 A1=10890C A2=4ABB4 A3=108F4A A4=101700 A5=108000 A6=108E74 PC=32B36 -- 032B36: movea.l D7, A4
D0=F0064 D1=0 D2=101300 D3=0 D4=16405000 D5=84598540 D6=84598540 D7=101900 A0=101300 A1=10890C A2=4ABB4 A3=108F4A A4=101900 A5=108000 A6=108E74 PC=32B38 -- 032B38: movea.l (A4), A0
D0=F0064 D1=0 D2=101300 D3=0 D4=16405000 D5=84598540 D6=84598540 D7=101900 A0=3A89C A1=10890C A2=4ABB4 A3=108F4A A4=101900 A5=108000 A6=108E74 PC=32B3A -- 032B3A: jsr     (A0)
D0=F0064 D1=0 D2=101300 D3=0 D4=16405000 D5=84598540 D6=84598540 D7=101900 A0=3A89C A1=10890C A2=4ABB4 A3=108F4A A4=101900 A5=108000 A6=108E74 PC=3A89C -- 03A89C: tst.b   ($7a,A4)
D0=F0064 D1=0 D2=101300 D3=0 D4=16405000 D5=84598540 D6=84598540 D7=101900 A0=3A89C A1=10890C A2=4ABB4 A3=108F4A A4=101900 A5=108000 A6=108E74 PC=3A8A0 -- 03A8A0: bmi     $3a8ca
D0=F0064 D1=0 D2=101300 D3=0 D4=16405000 D5=84598540 D6=84598540 D7=101900 A0=3A89C A1=10890C A2=4ABB4 A3=108F4A A4=101900 A5=108000 A6=108E74 PC=3A8A4 -- 03A8A4: move.l  ($54,A4), D0
D0=28800 D1=0 D2=101300 D3=0 D4=16405000 D5=84598540 D6=84598540 D7=101900 A0=3A89C A1=10890C A2=4ABB4 A3=108F4A A4=101900 A5=108000 A6=108E74 PC=3A8A8 -- 03A8A8: addi.l  #$1800, ($54,A4)
D0=28800 D1=0 D2=101300 D3=0 D4=16405000 D5=84598540 D6=84598540 D7=101900 A0=3A89C A1=10890C A2=4ABB4 A3=108F4A A4=101900 A5=108000 A6=108E74 PC=3A8B0 -- 03A8B0: sub.l   D0, ($1c,A4)
D0=28800 D1=0 D2=101300 D3=0 D4=16405000 D5=84598540 D6=84598540 D7=101900 A0=3A89C A1=10890C A2=4ABB4 A3=108F4A A4=101900 A5=108000 A6=108E74 PC=3A8B4 -- 03A8B4: move.b  (-$7f79,A5), D0
D0=28862 D1=0 D2=101300 D3=0 D4=16405000 D5=84598540 D6=84598540 D7=101900 A0=3A89C A1=10890C A2=4ABB4 A3=108F4A A4=101900 A5=108000 A6=108E74 PC=3A8B8 -- 03A8B8: andi.b  #$1, D0
D0=28800 D1=0 D2=101300 D3=0 D4=16405000 D5=84598540 D6=84598540 D7=101900 A0=3A89C A1=10890C A2=4ABB4 A3=108F4A A4=101900 A5=108000 A6=108E74 PC=3A8BC -- 03A8BC: move.b  ($cf,A4), D1
D0=28800 D1=0 D2=101300 D3=0 D4=16405000 D5=84598540 D6=84598540 D7=101900 A0=3A89C A1=10890C A2=4ABB4 A3=108F4A A4=101900 A5=108000 A6=108E74 PC=3A8C0 -- 03A8C0: eor.b   D1, D0
D0=28800 D1=0 D2=101300 D3=0 D4=16405000 D5=84598540 D6=84598540 D7=101900 A0=3A89C A1=10890C A2=4ABB4 A3=108F4A A4=101900 A5=108000 A6=108E74 PC=3A8C2 -- 03A8C2: bne     $3890a
D0=28800 D1=0 D2=101300 D3=0 D4=16405000 D5=84598540 D6=84598540 D7=101900 A0=3A89C A1=10890C A2=4ABB4 A3=108F4A A4=101900 A5=108000 A6=108E74 PC=3A8C6 -- 03A8C6: beq     $3891c
D0=28800 D1=0 D2=101300 D3=0 D4=16405000 D5=84598540 D6=84598540 D7=101900 A0=3A89C A1=10890C A2=4ABB4 A3=108F4A A4=101900 A5=108000 A6=108E74 PC=3891C -- 03891C: jsr     $48e6.l
D0=28800 D1=0 D2=101300 D3=0 D4=16405000 D5=84598540 D6=84598540 D7=101900 A0=3A89C A1=10890C A2=4ABB4 A3=108F4A A4=101900 A5=108000 A6=108E74 PC=48E6 -- 0048E6: move.w  ($70,A4), D0
D0=2001B D1=0 D2=101300 D3=0 D4=16405000 D5=84598540 D6=84598540 D7=101900 A0=3A89C A1=10890C A2=4ABB4 A3=108F4A A4=101900 A5=108000 A6=108E74 PC=48EA -- 0048EA: cmp.b   ($78,A4), D0
D0=2001B D1=0 D2=101300 D3=0 D4=16405000 D5=84598540 D6=84598540 D7=101900 A0=3A89C A1=10890C A2=4ABB4 A3=108F4A A4=101900 A5=108000 A6=108E74 PC=48EE -- 0048EE: bne     $491c
D0=2001B D1=0 D2=101300 D3=0 D4=16405000 D5=84598540 D6=84598540 D7=101900 A0=3A89C A1=10890C A2=4ABB4 A3=108F4A A4=101900 A5=108000 A6=108E74 PC=48F0 -- 0048F0: move.w  ($72,A4), D0
D0=20030 D1=0 D2=101300 D3=0 D4=16405000 D5=84598540 D6=84598540 D7=101900 A0=3A89C A1=10890C A2=4ABB4 A3=108F4A A4=101900 A5=108000 A6=108E74 PC=48F4 -- 0048F4: cmp.b   ($79,A4), D0
D0=20030 D1=0 D2=101300 D3=0 D4=16405000 D5=84598540 D6=84598540 D7=101900 A0=3A89C A1=10890C A2=4ABB4 A3=108F4A A4=101900 A5=108000 A6=108E74 PC=48F8 -- 0048F8: bne     $493c
D0=20030 D1=0 D2=101300 D3=0 D4=16405000 D5=84598540 D6=84598540 D7=101900 A0=3A89C A1=10890C A2=4ABB4 A3=108F4A A4=101900 A5=108000 A6=108E74 PC=48FA -- 0048FA: tst.b   ($77,A4)
D0=20030 D1=0 D2=101300 D3=0 D4=16405000 D5=84598540 D6=84598540 D7=101900 A0=3A89C A1=10890C A2=4ABB4 A3=108F4A A4=101900 A5=108000 A6=108E74 PC=48FE -- 0048FE: bne     $495c
D0=20030 D1=0 D2=101300 D3=0 D4=16405000 D5=84598540 D6=84598540 D7=101900 A0=3A89C A1=10890C A2=4ABB4 A3=108F4A A4=101900 A5=108000 A6=108E74 PC=4900 -- 004900: tst.b   ($7a,A4)
D0=20030 D1=0 D2=101300 D3=0 D4=16405000 D5=84598540 D6=84598540 D7=101900 A0=3A89C A1=10890C A2=4ABB4 A3=108F4A A4=101900 A5=108000 A6=108E74 PC=4904 -- 004904: bmi     $491a
D0=20030 D1=0 D2=101300 D3=0 D4=16405000 D5=84598540 D6=84598540 D7=101900 A0=3A89C A1=10890C A2=4ABB4 A3=108F4A A4=101900 A5=108000 A6=108E74 PC=4906 -- 004906: subq.b  #1, ($76,A4)
D0=20030 D1=0 D2=101300 D3=0 D4=16405000 D5=84598540 D6=84598540 D7=101900 A0=3A89C A1=10890C A2=4ABB4 A3=108F4A A4=101900 A5=108000 A6=108E74 PC=490A -- 00490A: bhi     $491a
D0=20030 D1=0 D2=101300 D3=0 D4=16405000 D5=84598540 D6=84598540 D7=101900 A0=3A89C A1=10890C A2=4ABB4 A3=108F4A A4=101900 A5=108000 A6=108E74 PC=491A -- 00491A: rts
D0=20030 D1=0 D2=101300 D3=0 D4=16405000 D5=84598540 D6=84598540 D7=101900 A0=3A89C A1=10890C A2=4ABB4 A3=108F4A A4=101900 A5=108000 A6=108E74 PC=38922 -- 038922: rts
D0=20030 D1=0 D2=101300 D3=0 D4=16405000 D5=84598540 D6=84598540 D7=101900 A0=3A89C A1=10890C A2=4ABB4 A3=108F4A A4=101900 A5=108000 A6=108E74 PC=32B3C -- 032B3C: move.l  A4, D7
D0=20030 D1=0 D2=101300 D3=0 D4=16405000 D5=84598540 D6=84598540 D7=101900 A0=3A89C A1=10890C A2=4ABB4 A3=108F4A A4=101900 A5=108000 A6=108E74 PC=32B3E -- 032B3E: move.w  ($4,A4), D7
D0=20030 D1=0 D2=101300 D3=0 D4=16405000 D5=84598540 D6=84598540 D7=101B00 A0=3A89C A1=10890C A2=4ABB4 A3=108F4A A4=101900 A5=108000 A6=108E74 PC=32B42 -- 032B42: bpl     $32b36
D0=20030 D1=0 D2=101300 D3=0 D4=16405000 D5=84598540 D6=84598540 D7=101B00 A0=3A89C A1=10890C A2=4ABB4 A3=108F4A A4=101900 A5=108000 A6=108E74 PC=32B36 -- 032B36: movea.l D7, A4
D0=20030 D1=0 D2=101300 D3=0 D4=16405000 D5=84598540 D6=84598540 D7=101B00 A0=3A89C A1=10890C A2=4ABB4 A3=108F4A A4=101B00 A5=108000 A6=108E74 PC=32B38 -- 032B38: movea.l (A4), A0
D0=20030 D1=0 D2=101300 D3=0 D4=16405000 D5=84598540 D6=84598540 D7=101B00 A0=3A89C A1=10890C A2=4ABB4 A3=108F4A A4=101B00 A5=108000 A6=108E74 PC=32B3A -- 032B3A: jsr     (A0)
D0=20030 D1=0 D2=101300 D3=0 D4=16405000 D5=84598540 D6=84598540 D7=101B00 A0=3A89C A1=10890C A2=4ABB4 A3=108F4A A4=101B00 A5=108000 A6=108E74 PC=3A89C -- 03A89C: tst.b   ($7a,A4)
D0=20030 D1=0 D2=101300 D3=0 D4=16405000 D5=84598540 D6=84598540 D7=101B00 A0=3A89C A1=10890C A2=4ABB4 A3=108F4A A4=101B00 A5=108000 A6=108E74 PC=3A8A0 -- 03A8A0: bmi     $3a8ca
D0=20030 D1=0 D2=101300 D3=0 D4=16405000 D5=84598540 D6=84598540 D7=101B00 A0=3A89C A1=10890C A2=4ABB4 A3=108F4A A4=101B00 A5=108000 A6=108E74 PC=3A8A4 -- 03A8A4: move.l  ($54,A4), D0
D0=27000 D1=0 D2=101300 D3=0 D4=16405000 D5=84598540 D6=84598540 D7=101B00 A0=3A89C A1=10890C A2=4ABB4 A3=108F4A A4=101B00 A5=108000 A6=108E74 PC=3A8A8 -- 03A8A8: addi.l  #$1800, ($54,A4)
D0=27000 D1=0 D2=101300 D3=0 D4=16405000 D5=84598540 D6=84598540 D7=101B00 A0=3A89C A1=10890C A2=4ABB4 A3=108F4A A4=101B00 A5=108000 A6=108E74 PC=3A8B0 -- 03A8B0: sub.l   D0, ($1c,A4)
D0=27000 D1=0 D2=101300 D3=0 D4=16405000 D5=84598540 D6=84598540 D7=101B00 A0=3A89C A1=10890C A2=4ABB4 A3=108F4A A4=101B00 A5=108000 A6=108E74 PC=3A8B4 -- 03A8B4: move.b  (-$7f79,A5), D0
D0=27062 D1=0 D2=101300 D3=0 D4=16405000 D5=84598540 D6=84598540 D7=101B00 A0=3A89C A1=10890C A2=4ABB4 A3=108F4A A4=101B00 A5=108000 A6=108E74 PC=3A8B8 -- 03A8B8: andi.b  #$1, D0
D0=27000 D1=0 D2=101300 D3=0 D4=16405000 D5=84598540 D6=84598540 D7=101B00 A0=3A89C A1=10890C A2=4ABB4 A3=108F4A A4=101B00 A5=108000 A6=108E74 PC=3A8BC -- 03A8BC: move.b  ($cf,A4), D1
D0=27000 D1=1 D2=101300 D3=0 D4=16405000 D5=84598540 D6=84598540 D7=101B00 A0=3A89C A1=10890C A2=4ABB4 A3=108F4A A4=101B00 A5=108000 A6=108E74 PC=3A8C0 -- 03A8C0: eor.b   D1, D0
D0=27001 D1=1 D2=101300 D3=0 D4=16405000 D5=84598540 D6=84598540 D7=101B00 A0=3A89C A1=10890C A2=4ABB4 A3=108F4A A4=101B00 A5=108000 A6=108E74 PC=3A8C2 -- 03A8C2: bne     $3890a
D0=27001 D1=1 D2=101300 D3=0 D4=16405000 D5=84598540 D6=84598540 D7=101B00 A0=3A89C A1=10890C A2=4ABB4 A3=108F4A A4=101B00 A5=108000 A6=108E74 PC=3890A -- 03890A: jsr     $48e6.l
D0=27001 D1=1 D2=101300 D3=0 D4=16405000 D5=84598540 D6=84598540 D7=101B00 A0=3A89C A1=10890C A2=4ABB4 A3=108F4A A4=101B00 A5=108000 A6=108E74 PC=48E6 -- 0048E6: move.w  ($70,A4), D0
D0=2001B D1=1 D2=101300 D3=0 D4=16405000 D5=84598540 D6=84598540 D7=101B00 A0=3A89C A1=10890C A2=4ABB4 A3=108F4A A4=101B00 A5=108000 A6=108E74 PC=48EA -- 0048EA: cmp.b   ($78,A4), D0
D0=2001B D1=1 D2=101300 D3=0 D4=16405000 D5=84598540 D6=84598540 D7=101B00 A0=3A89C A1=10890C A2=4ABB4 A3=108F4A A4=101B00 A5=108000 A6=108E74 PC=48EE -- 0048EE: bne     $491c
D0=2001B D1=1 D2=101300 D3=0 D4=16405000 D5=84598540 D6=84598540 D7=101B00 A0=3A89C A1=10890C A2=4ABB4 A3=108F4A A4=101B00 A5=108000 A6=108E74 PC=48F0 -- 0048F0: move.w  ($72,A4), D0
D0=20030 D1=1 D2=101300 D3=0 D4=16405000 D5=84598540 D6=84598540 D7=101B00 A0=3A89C A1=10890C A2=4ABB4 A3=108F4A A4=101B00 A5=108000 A6=108E74 PC=48F4 -- 0048F4: cmp.b   ($79,A4), D0
D0=20030 D1=1 D2=101300 D3=0 D4=16405000 D5=84598540 D6=84598540 D7=101B00 A0=3A89C A1=10890C A2=4ABB4 A3=108F4A A4=101B00 A5=108000 A6=108E74 PC=48F8 -- 0048F8: bne     $493c
D0=20030 D1=1 D2=101300 D3=0 D4=16405000 D5=84598540 D6=84598540 D7=101B00 A0=3A89C A1=10890C A2=4ABB4 A3=108F4A A4=101B00 A5=108000 A6=108E74 PC=48FA -- 0048FA: tst.b   ($77,A4)
D0=20030 D1=1 D2=101300 D3=0 D4=16405000 D5=84598540 D6=84598540 D7=101B00 A0=3A89C A1=10890C A2=4ABB4 A3=108F4A A4=101B00 A5=108000 A6=108E74 PC=48FE -- 0048FE: bne     $495c
D0=20030 D1=1 D2=101300 D3=0 D4=16405000 D5=84598540 D6=84598540 D7=101B00 A0=3A89C A1=10890C A2=4ABB4 A3=108F4A A4=101B00 A5=108000 A6=108E74 PC=4900 -- 004900: tst.b   ($7a,A4)
D0=20030 D1=1 D2=101300 D3=0 D4=16405000 D5=84598540 D6=84598540 D7=101B00 A0=3A89C A1=10890C A2=4ABB4 A3=108F4A A4=101B00 A5=108000 A6=108E74 PC=4904 -- 004904: bmi     $491a
D0=20030 D1=1 D2=101300 D3=0 D4=16405000 D5=84598540 D6=84598540 D7=101B00 A0=3A89C A1=10890C A2=4ABB4 A3=108F4A A4=101B00 A5=108000 A6=108E74 PC=4906 -- 004906: subq.b  #1, ($76,A4)
D0=20030 D1=1 D2=101300 D3=0 D4=16405000 D5=84598540 D6=84598540 D7=101B00 A0=3A89C A1=10890C A2=4ABB4 A3=108F4A A4=101B00 A5=108000 A6=108E74 PC=490A -- 00490A: bhi     $491a
D0=20030 D1=1 D2=101300 D3=0 D4=16405000 D5=84598540 D6=84598540 D7=101B00 A0=3A89C A1=10890C A2=4ABB4 A3=108F4A A4=101B00 A5=108000 A6=108E74 PC=491A -- 00491A: rts
D0=20030 D1=1 D2=101300 D3=0 D4=16405000 D5=84598540 D6=84598540 D7=101B00 A0=3A89C A1=10890C A2=4ABB4 A3=108F4A A4=101B00 A5=108000 A6=108E74 PC=38910 -- 038910: jmp     $3e2e.l
D0=20030 D1=1 D2=101300 D3=0 D4=16405000 D5=84598540 D6=84598540 D7=101B00 A0=3A89C A1=10890C A2=4ABB4 A3=108F4A A4=101B00 A5=108000 A6=108E74 PC=3E2E -- 003E2E: tst.w   ($74,A4)
D0=20030 D1=1 D2=101300 D3=0 D4=16405000 D5=84598540 D6=84598540 D7=101B00 A0=3A89C A1=10890C A2=4ABB4 A3=108F4A A4=101B00 A5=108000 A6=108E74 PC=3E32 -- 003E32: bmi     $3e80
D0=20030 D1=1 D2=101300 D3=0 D4=16405000 D5=84598540 D6=84598540 D7=101B00 A0=3A89C A1=10890C A2=4ABB4 A3=108F4A A4=101B00 A5=108000 A6=108E74 PC=3E34 -- 003E34: btst    #$6, ($7c,A4)
D0=20030 D1=1 D2=101300 D3=0 D4=16405000 D5=84598540 D6=84598540 D7=101B00 A0=3A89C A1=10890C A2=4ABB4 A3=108F4A A4=101B00 A5=108000 A6=108E74 PC=3E3A -- 003E3A: bne     $3e78
D0=20030 D1=1 D2=101300 D3=0 D4=16405000 D5=84598540 D6=84598540 D7=101B00 A0=3A89C A1=10890C A2=4ABB4 A3=108F4A A4=101B00 A5=108000 A6=108E74 PC=3E3E -- 003E3E: moveq   #$0, D3
D0=20030 D1=1 D2=101300 D3=0 D4=16405000 D5=84598540 D6=84598540 D7=101B00 A0=3A89C A1=10890C A2=4ABB4 A3=108F4A A4=101B00 A5=108000 A6=108E74 PC=3E40 -- 003E40: move.b  ($82,A4), D3
D0=20030 D1=1 D2=101300 D3=0 D4=16405000 D5=84598540 D6=84598540 D7=101B00 A0=3A89C A1=10890C A2=4ABB4 A3=108F4A A4=101B00 A5=108000 A6=108E74 PC=3E44 -- 003E44: add.w   D3, D3
D0=20030 D1=1 D2=101300 D3=0 D4=16405000 D5=84598540 D6=84598540 D7=101B00 A0=3A89C A1=10890C A2=4ABB4 A3=108F4A A4=101B00 A5=108000 A6=108E74 PC=3E46 -- 003E46: add.w   D3, D3
D0=20030 D1=1 D2=101300 D3=0 D4=16405000 D5=84598540 D6=84598540 D7=101B00 A0=3A89C A1=10890C A2=4ABB4 A3=108F4A A4=101B00 A5=108000 A6=108E74 PC=3E48 -- 003E48: move.w  ($18,A4), D0
D0=200C0 D1=1 D2=101300 D3=0 D4=16405000 D5=84598540 D6=84598540 D7=101B00 A0=3A89C A1=10890C A2=4ABB4 A3=108F4A A4=101B00 A5=108000 A6=108E74 PC=3E4C -- 003E4C: lea     ($104c,A5), A0
D0=200C0 D1=1 D2=101300 D3=0 D4=16405000 D5=84598540 D6=84598540 D7=101B00 A0=10904C A1=10890C A2=4ABB4 A3=108F4A A4=101B00 A5=108000 A6=108E74 PC=3E50 -- 003E50: sub.w   (A0,D3.w), D0
D0=200C0 D1=1 D2=101300 D3=0 D4=16405000 D5=84598540 D6=84598540 D7=101B00 A0=10904C A1=10890C A2=4ABB4 A3=108F4A A4=101B00 A5=108000 A6=108E74 PC=3E54 -- 003E54: addi.w  #$30, D0
D0=200F0 D1=1 D2=101300 D3=0 D4=16405000 D5=84598540 D6=84598540 D7=101B00 A0=10904C A1=10890C A2=4ABB4 A3=108F4A A4=101B00 A5=108000 A6=108E74 PC=3E58 -- 003E58: cmpi.w  #$1a0, D0
D0=200F0 D1=1 D2=101300 D3=0 D4=16405000 D5=84598540 D6=84598540 D7=101B00 A0=10904C A1=10890C A2=4ABB4 A3=108F4A A4=101B00 A5=108000 A6=108E74 PC=3E5C -- 003E5C: bls     $3e60
D0=200F0 D1=1 D2=101300 D3=0 D4=16405000 D5=84598540 D6=84598540 D7=101B00 A0=10904C A1=10890C A2=4ABB4 A3=108F4A A4=101B00 A5=108000 A6=108E74 PC=3E60 -- 003E60: move.w  ($1c,A4), D0
D0=2006F D1=1 D2=101300 D3=0 D4=16405000 D5=84598540 D6=84598540 D7=101B00 A0=10904C A1=10890C A2=4ABB4 A3=108F4A A4=101B00 A5=108000 A6=108E74 PC=3E64 -- 003E64: sub.w   ($20,A4), D0
D0=2006F D1=1 D2=101300 D3=0 D4=16405000 D5=84598540 D6=84598540 D7=101B00 A0=10904C A1=10890C A2=4ABB4 A3=108F4A A4=101B00 A5=108000 A6=108E74 PC=3E68 -- 003E68: lea     ($1058,A5), A0
D0=2006F D1=1 D2=101300 D3=0 D4=16405000 D5=84598540 D6=84598540 D7=101B00 A0=109058 A1=10890C A2=4ABB4 A3=108F4A A4=101B00 A5=108000 A6=108E74 PC=3E6C -- 003E6C: sub.w   (A0,D3.w), D0
D0=2006F D1=1 D2=101300 D3=0 D4=16405000 D5=84598540 D6=84598540 D7=101B00 A0=109058 A1=10890C A2=4ABB4 A3=108F4A A4=101B00 A5=108000 A6=108E74 PC=3E70 -- 003E70: cmpi.w  #$1c0, D0
D0=2006F D1=1 D2=101300 D3=0 D4=16405000 D5=84598540 D6=84598540 D7=101B00 A0=109058 A1=10890C A2=4ABB4 A3=108F4A A4=101B00 A5=108000 A6=108E74 PC=3E74 -- 003E74: bls     $3e78
D0=2006F D1=1 D2=101300 D3=0 D4=16405000 D5=84598540 D6=84598540 D7=101B00 A0=109058 A1=10890C A2=4ABB4 A3=108F4A A4=101B00 A5=108000 A6=108E74 PC=3E78 -- 003E78: bsr     $4860
D0=2006F D1=1 D2=101300 D3=0 D4=16405000 D5=84598540 D6=84598540 D7=101B00 A0=109058 A1=10890C A2=4ABB4 A3=108F4A A4=101B00 A5=108000 A6=108E74 PC=4860 -- 004860: lea     $7bf48.l, A0
D0=2006F D1=1 D2=101300 D3=0 D4=16405000 D5=84598540 D6=84598540 D7=101B00 A0=7BF48 A1=10890C A2=4ABB4 A3=108F4A A4=101B00 A5=108000 A6=108E74 PC=4866 -- 004866: move.w  ($70,A4), D0
D0=2001B D1=1 D2=101300 D3=0 D4=16405000 D5=84598540 D6=84598540 D7=101B00 A0=7BF48 A1=10890C A2=4ABB4 A3=108F4A A4=101B00 A5=108000 A6=108E74 PC=486A -- 00486A: add.w   D0, D0
D0=20036 D1=1 D2=101300 D3=0 D4=16405000 D5=84598540 D6=84598540 D7=101B00 A0=7BF48 A1=10890C A2=4ABB4 A3=108F4A A4=101B00 A5=108000 A6=108E74 PC=486C -- 00486C: add.w   D0, D0
D0=2006C D1=1 D2=101300 D3=0 D4=16405000 D5=84598540 D6=84598540 D7=101B00 A0=7BF48 A1=10890C A2=4ABB4 A3=108F4A A4=101B00 A5=108000 A6=108E74 PC=486E -- 00486E: movea.l (A0,D0.w), A0
D0=2006C D1=1 D2=101300 D3=0 D4=16405000 D5=84598540 D6=84598540 D7=101B00 A0=7F5E0 A1=10890C A2=4ABB4 A3=108F4A A4=101B00 A5=108000 A6=108E74 PC=4872 -- 004872: move.w  ($72,A4), D0
D0=20030 D1=1 D2=101300 D3=0 D4=16405000 D5=84598540 D6=84598540 D7=101B00 A0=7F5E0 A1=10890C A2=4ABB4 A3=108F4A A4=101B00 A5=108000 A6=108E74 PC=4876 -- 004876: add.w   D0, D0
D0=20060 D1=1 D2=101300 D3=0 D4=16405000 D5=84598540 D6=84598540 D7=101B00 A0=7F5E0 A1=10890C A2=4ABB4 A3=108F4A A4=101B00 A5=108000 A6=108E74 PC=4878 -- 004878: move.w  (A0,D0.w), D1
D0=20060 D1=3030 D2=101300 D3=0 D4=16405000 D5=84598540 D6=84598540 D7=101B00 A0=7F5E0 A1=10890C A2=4ABB4 A3=108F4A A4=101B00 A5=108000 A6=108E74 PC=487C -- 00487C: move.w  D1, ($46de,A5)
D0=20060 D1=3030 D2=101300 D3=0 D4=16405000 D5=84598540 D6=84598540 D7=101B00 A0=7F5E0 A1=10890C A2=4ABB4 A3=108F4A A4=101B00 A5=108000 A6=108E74 PC=4880 -- 004880: lea     $80000.l, A0
D0=20060 D1=3030 D2=101300 D3=0 D4=16405000 D5=84598540 D6=84598540 D7=101B00 A0=80000 A1=10890C A2=4ABB4 A3=108F4A A4=101B00 A5=108000 A6=108E74 PC=4886 -- 004886: move.w  ($70,A4), D0
D0=2001B D1=3030 D2=101300 D3=0 D4=16405000 D5=84598540 D6=84598540 D7=101B00 A0=80000 A1=10890C A2=4ABB4 A3=108F4A A4=101B00 A5=108000 A6=108E74 PC=488A -- 00488A: add.w   D0, D0
D0=20036 D1=3030 D2=101300 D3=0 D4=16405000 D5=84598540 D6=84598540 D7=101B00 A0=80000 A1=10890C A2=4ABB4 A3=108F4A A4=101B00 A5=108000 A6=108E74 PC=488C -- 00488C: add.w   D0, D0
D0=2006C D1=3030 D2=101300 D3=0 D4=16405000 D5=84598540 D6=84598540 D7=101B00 A0=80000 A1=10890C A2=4ABB4 A3=108F4A A4=101B00 A5=108000 A6=108E74 PC=488E -- 00488E: movea.l (A0,D0.w), A0
D0=2006C D1=3030 D2=101300 D3=0 D4=16405000 D5=84598540 D6=84598540 D7=101B00 A0=86E00 A1=10890C A2=4ABB4 A3=108F4A A4=101B00 A5=108000 A6=108E74 PC=4892 -- 004892: move.w  ($46de,A5), D0
D0=23030 D1=3030 D2=101300 D3=0 D4=16405000 D5=84598540 D6=84598540 D7=101B00 A0=86E00 A1=10890C A2=4ABB4 A3=108F4A A4=101B00 A5=108000 A6=108E74 PC=4896 -- 004896: tst.b   ($46e2,A5)
D0=23030 D1=3030 D2=101300 D3=0 D4=16405000 D5=84598540 D6=84598540 D7=101B00 A0=86E00 A1=10890C A2=4ABB4 A3=108F4A A4=101B00 A5=108000 A6=108E74 PC=489A -- 00489A: beq     $48a0
D0=23030 D1=3030 D2=101300 D3=0 D4=16405000 D5=84598540 D6=84598540 D7=101B00 A0=86E00 A1=10890C A2=4ABB4 A3=108F4A A4=101B00 A5=108000 A6=108E74 PC=48A0 -- 0048A0: andi.w  #$ff, D0
D0=20030 D1=3030 D2=101300 D3=0 D4=16405000 D5=84598540 D6=84598540 D7=101B00 A0=86E00 A1=10890C A2=4ABB4 A3=108F4A A4=101B00 A5=108000 A6=108E74 PC=48A4 -- 0048A4: add.w   D0, D0
D0=20060 D1=3030 D2=101300 D3=0 D4=16405000 D5=84598540 D6=84598540 D7=101B00 A0=86E00 A1=10890C A2=4ABB4 A3=108F4A A4=101B00 A5=108000 A6=108E74 PC=48A6 -- 0048A6: add.w   D0, D0
D0=200C0 D1=3030 D2=101300 D3=0 D4=16405000 D5=84598540 D6=84598540 D7=101B00 A0=86E00 A1=10890C A2=4ABB4 A3=108F4A A4=101B00 A5=108000 A6=108E74 PC=48A8 -- 0048A8: movea.l (A0,D0.w), A0
D0=200C0 D1=3030 D2=101300 D3=0 D4=16405000 D5=84598540 D6=84598540 D7=101B00 A0=F306C A1=10890C A2=4ABB4 A3=108F4A A4=101B00 A5=108000 A6=108E74 PC=48AC -- 0048AC: move.w  ($74,A4), D0
D0=2003C D1=3030 D2=101300 D3=0 D4=16405000 D5=84598540 D6=84598540 D7=101B00 A0=F306C A1=10890C A2=4ABB4 A3=108F4A A4=101B00 A5=108000 A6=108E74 PC=48B0 -- 0048B0: adda.w  D0, A0
D0=2003C D1=3030 D2=101300 D3=0 D4=16405000 D5=84598540 D6=84598540 D7=101B00 A0=F30A8 A1=10890C A2=4ABB4 A3=108F4A A4=101B00 A5=108000 A6=108E74 PC=48B2 -- 0048B2: move.l  (A0), D0
D0=40F1320 D1=3030 D2=101300 D3=0 D4=16405000 D5=84598540 D6=84598540 D7=101B00 A0=F30A8 A1=10890C A2=4ABB4 A3=108F4A A4=101B00 A5=108000 A6=108E74 PC=48B4 -- 0048B4: andi.l  #$ffffff, D0
D0=F1320 D1=3030 D2=101300 D3=0 D4=16405000 D5=84598540 D6=84598540 D7=101B00 A0=F30A8 A1=10890C A2=4ABB4 A3=108F4A A4=101B00 A5=108000 A6=108E74 PC=48BA -- 0048BA: movea.l D0, A0
D0=F1320 D1=3030 D2=101300 D3=0 D4=16405000 D5=84598540 D6=84598540 D7=101B00 A0=F1320 A1=10890C A2=4ABB4 A3=108F4A A4=101B00 A5=108000 A6=108E74 PC=48BC -- 0048BC: move.w  ($4,A0), D0
D0=F0120 D1=3030 D2=101300 D3=0 D4=16405000 D5=84598540 D6=84598540 D7=101B00 A0=F1320 A1=10890C A2=4ABB4 A3=108F4A A4=101B00 A5=108000 A6=108E74 PC=48C0 -- 0048C0: andi.w  #$1fff, D0
D0=F0120 D1=3030 D2=101300 D3=0 D4=16405000 D5=84598540 D6=84598540 D7=101B00 A0=F1320 A1=10890C A2=4ABB4 A3=108F4A A4=101B00 A5=108000 A6=108E74 PC=48C4 -- 0048C4: move.w  D0, ($46e0,A5)
D0=F0120 D1=3030 D2=101300 D3=0 D4=16405000 D5=84598540 D6=84598540 D7=101B00 A0=F1320 A1=10890C A2=4ABB4 A3=108F4A A4=101B00 A5=108000 A6=108E74 PC=48C8 -- 0048C8: lea     $80080.l, A0
D0=F0120 D1=3030 D2=101300 D3=0 D4=16405000 D5=84598540 D6=84598540 D7=101B00 A0=80080 A1=10890C A2=4ABB4 A3=108F4A A4=101B00 A5=108000 A6=108E74 PC=48CE -- 0048CE: move.w  ($70,A4), D1
D0=F0120 D1=1B D2=101300 D3=0 D4=16405000 D5=84598540 D6=84598540 D7=101B00 A0=80080 A1=10890C A2=4ABB4 A3=108F4A A4=101B00 A5=108000 A6=108E74 PC=48D2 -- 0048D2: add.w   D1, D1
D0=F0120 D1=36 D2=101300 D3=0 D4=16405000 D5=84598540 D6=84598540 D7=101B00 A0=80080 A1=10890C A2=4ABB4 A3=108F4A A4=101B00 A5=108000 A6=108E74 PC=48D4 -- 0048D4: add.w   D1, D1
D0=F0120 D1=6C D2=101300 D3=0 D4=16405000 D5=84598540 D6=84598540 D7=101B00 A0=80080 A1=10890C A2=4ABB4 A3=108F4A A4=101B00 A5=108000 A6=108E74 PC=48D6 -- 0048D6: movea.l (A0,D1.w), A0
D0=F0120 D1=6C D2=101300 D3=0 D4=16405000 D5=84598540 D6=84598540 D7=101B00 A0=95200 A1=10890C A2=4ABB4 A3=108F4A A4=101B00 A5=108000 A6=108E74 PC=48DA -- 0048DA: add.w   D0, D0
D0=F0240 D1=6C D2=101300 D3=0 D4=16405000 D5=84598540 D6=84598540 D7=101B00 A0=95200 A1=10890C A2=4ABB4 A3=108F4A A4=101B00 A5=108000 A6=108E74 PC=48DC -- 0048DC: add.w   D0, D0
D0=F0480 D1=6C D2=101300 D3=0 D4=16405000 D5=84598540 D6=84598540 D7=101B00 A0=95200 A1=10890C A2=4ABB4 A3=108F4A A4=101B00 A5=108000 A6=108E74 PC=48DE -- 0048DE: move.l  (A0,D0.w), ($28,A4)
D0=F0480 D1=6C D2=101300 D3=0 D4=16405000 D5=84598540 D6=84598540 D7=101B00 A0=95200 A1=10890C A2=4ABB4 A3=108F4A A4=101B00 A5=108000 A6=108E74 PC=48E4 -- 0048E4: rts
D0=F0480 D1=6C D2=101300 D3=0 D4=16405000 D5=84598540 D6=84598540 D7=101B00 A0=95200 A1=10890C A2=4ABB4 A3=108F4A A4=101B00 A5=108000 A6=108E74 PC=3E7C -- 003E7C: bra     $481a
D0=F0480 D1=6C D2=101300 D3=0 D4=16405000 D5=84598540 D6=84598540 D7=101B00 A0=95200 A1=10890C A2=4ABB4 A3=108F4A A4=101B00 A5=108000 A6=108E74 PC=481A -- 00481A: addq.w  #1, ($e3a,A5)
D0=F0480 D1=6C D2=101300 D3=0 D4=16405000 D5=84598540 D6=84598540 D7=101B00 A0=95200 A1=10890C A2=4ABB4 A3=108F4A A4=101B00 A5=108000 A6=108E74 PC=481E -- 00481E: lea     ($838,A5), A1
D0=F0480 D1=6C D2=101300 D3=0 D4=16405000 D5=84598540 D6=84598540 D7=101B00 A0=95200 A1=108838 A2=4ABB4 A3=108F4A A4=101B00 A5=108000 A6=108E74 PC=4822 -- 004822: move.w  ($2c,A4), D0
D0=F0064 D1=6C D2=101300 D3=0 D4=16405000 D5=84598540 D6=84598540 D7=101B00 A0=95200 A1=108838 A2=4ABB4 A3=108F4A A4=101B00 A5=108000 A6=108E74 PC=4826 -- 004826: move.w  D0, D1
D0=F0064 D1=64 D2=101300 D3=0 D4=16405000 D5=84598540 D6=84598540 D7=101B00 A0=95200 A1=108838 A2=4ABB4 A3=108F4A A4=101B00 A5=108000 A6=108E74 PC=4828 -- 004828: add.w   D1, D1
D0=F0064 D1=C8 D2=101300 D3=0 D4=16405000 D5=84598540 D6=84598540 D7=101B00 A0=95200 A1=108838 A2=4ABB4 A3=108F4A A4=101B00 A5=108000 A6=108E74 PC=482A -- 00482A: adda.w  D1, A1
D0=F0064 D1=C8 D2=101300 D3=0 D4=16405000 D5=84598540 D6=84598540 D7=101B00 A0=95200 A1=108900 A2=4ABB4 A3=108F4A A4=101B00 A5=108000 A6=108E74 PC=482C -- 00482C: cmp.w   ($e38,A5), D1
D0=F0064 D1=C8 D2=101300 D3=0 D4=16405000 D5=84598540 D6=84598540 D7=101B00 A0=95200 A1=108900 A2=4ABB4 A3=108F4A A4=101B00 A5=108000 A6=108E74 PC=4830 -- 004830: bhi     $4836
D0=F0064 D1=C8 D2=101300 D3=0 D4=16405000 D5=84598540 D6=84598540 D7=101B00 A0=95200 A1=108900 A2=4ABB4 A3=108F4A A4=101B00 A5=108000 A6=108E74 PC=4832 -- 004832: move.w  D1, ($e38,A5)
D0=F0064 D1=C8 D2=101300 D3=0 D4=16405000 D5=84598540 D6=84598540 D7=101B00 A0=95200 A1=108900 A2=4ABB4 A3=108F4A A4=101B00 A5=108000 A6=108E74 PC=4836 -- 004836: move.w  (A1)+, D1
D0=F0064 D1=500 D2=101300 D3=0 D4=16405000 D5=84598540 D6=84598540 D7=101B00 A0=95200 A1=108902 A2=4ABB4 A3=108F4A A4=101B00 A5=108000 A6=108E74 PC=4838 -- 004838: beq     $485a
D0=F0064 D1=500 D2=101300 D3=0 D4=16405000 D5=84598540 D6=84598540 D7=101B00 A0=95200 A1=108902 A2=4ABB4 A3=108F4A A4=101B00 A5=108000 A6=108E74 PC=483A -- 00483A: move.l  #$100000, D2
D0=F0064 D1=500 D2=100000 D3=0 D4=16405000 D5=84598540 D6=84598540 D7=101B00 A0=95200 A1=108902 A2=4ABB4 A3=108F4A A4=101B00 A5=108000 A6=108E74 PC=4840 -- 004840: move.w  D1, D2
D0=F0064 D1=500 D2=100500 D3=0 D4=16405000 D5=84598540 D6=84598540 D7=101B00 A0=95200 A1=108902 A2=4ABB4 A3=108F4A A4=101B00 A5=108000 A6=108E74 PC=4842 -- 004842: movea.l D2, A0
D0=F0064 D1=500 D2=100500 D3=0 D4=16405000 D5=84598540 D6=84598540 D7=101B00 A0=100500 A1=108902 A2=4ABB4 A3=108F4A A4=101B00 A5=108000 A6=108E74 PC=4844 -- 004844: cmp.w   ($2c,A0), D0
D0=F0064 D1=500 D2=100500 D3=0 D4=16405000 D5=84598540 D6=84598540 D7=101B00 A0=100500 A1=108902 A2=4ABB4 A3=108F4A A4=101B00 A5=108000 A6=108E74 PC=4848 -- 004848: bcc     $4836
D0=F0064 D1=500 D2=100500 D3=0 D4=16405000 D5=84598540 D6=84598540 D7=101B00 A0=100500 A1=108902 A2=4ABB4 A3=108F4A A4=101B00 A5=108000 A6=108E74 PC=4836 -- 004836: move.w  (A1)+, D1
D0=F0064 D1=700 D2=100500 D3=0 D4=16405000 D5=84598540 D6=84598540 D7=101B00 A0=100500 A1=108904 A2=4ABB4 A3=108F4A A4=101B00 A5=108000 A6=108E74 PC=4838 -- 004838: beq     $485a
D0=F0064 D1=700 D2=100500 D3=0 D4=16405000 D5=84598540 D6=84598540 D7=101B00 A0=100500 A1=108904 A2=4ABB4 A3=108F4A A4=101B00 A5=108000 A6=108E74 PC=483A -- 00483A: move.l  #$100000, D2
D0=F0064 D1=700 D2=100000 D3=0 D4=16405000 D5=84598540 D6=84598540 D7=101B00 A0=100500 A1=108904 A2=4ABB4 A3=108F4A A4=101B00 A5=108000 A6=108E74 PC=4840 -- 004840: move.w  D1, D2
D0=F0064 D1=700 D2=100700 D3=0 D4=16405000 D5=84598540 D6=84598540 D7=101B00 A0=100500 A1=108904 A2=4ABB4 A3=108F4A A4=101B00 A5=108000 A6=108E74 PC=4842 -- 004842: movea.l D2, A0
D0=F0064 D1=700 D2=100700 D3=0 D4=16405000 D5=84598540 D6=84598540 D7=101B00 A0=100700 A1=108904 A2=4ABB4 A3=108F4A A4=101B00 A5=108000 A6=108E74 PC=4844 -- 004844: cmp.w   ($2c,A0), D0
D0=F0064 D1=700 D2=100700 D3=0 D4=16405000 D5=84598540 D6=84598540 D7=101B00 A0=100700 A1=108904 A2=4ABB4 A3=108F4A A4=101B00 A5=108000 A6=108E74 PC=4848 -- 004848: bcc     $4836

   (loops for 30 instructions)

D0=F0064 D1=0 D2=101700 D3=0 D4=16405000 D5=84598540 D6=84598540 D7=101B00 A0=101700 A1=10890E A2=4ABB4 A3=108F4A A4=101B00 A5=108000 A6=108E74 PC=485A -- 00485A: move.w  A4, (-$2,A1)
D0=F0064 D1=0 D2=101700 D3=0 D4=16405000 D5=84598540 D6=84598540 D7=101B00 A0=101700 A1=10890E A2=4ABB4 A3=108F4A A4=101B00 A5=108000 A6=108E74 PC=485E -- 00485E: rts
D0=F0064 D1=0 D2=101700 D3=0 D4=16405000 D5=84598540 D6=84598540 D7=101B00 A0=101700 A1=10890E A2=4ABB4 A3=108F4A A4=101B00 A5=108000 A6=108E74 PC=32B3C -- 032B3C: move.l  A4, D7
D0=F0064 D1=0 D2=101700 D3=0 D4=16405000 D5=84598540 D6=84598540 D7=101B00 A0=101700 A1=10890E A2=4ABB4 A3=108F4A A4=101B00 A5=108000 A6=108E74 PC=32B3E -- 032B3E: move.w  ($4,A4), D7
D0=F0064 D1=0 D2=101700 D3=0 D4=16405000 D5=84598540 D6=84598540 D7=101D00 A0=101700 A1=10890E A2=4ABB4 A3=108F4A A4=101B00 A5=108000 A6=108E74 PC=32B42 -- 032B42: bpl     $32b36
D0=F0064 D1=0 D2=101700 D3=0 D4=16405000 D5=84598540 D6=84598540 D7=101D00 A0=101700 A1=10890E A2=4ABB4 A3=108F4A A4=101B00 A5=108000 A6=108E74 PC=32B36 -- 032B36: movea.l D7, A4
D0=F0064 D1=0 D2=101700 D3=0 D4=16405000 D5=84598540 D6=84598540 D7=101D00 A0=101700 A1=10890E A2=4ABB4 A3=108F4A A4=101D00 A5=108000 A6=108E74 PC=32B38 -- 032B38: movea.l (A4), A0
D0=F0064 D1=0 D2=101700 D3=0 D4=16405000 D5=84598540 D6=84598540 D7=101D00 A0=3A89C A1=10890E A2=4ABB4 A3=108F4A A4=101D00 A5=108000 A6=108E74 PC=32B3A -- 032B3A: jsr     (A0)
D0=F0064 D1=0 D2=101700 D3=0 D4=16405000 D5=84598540 D6=84598540 D7=101D00 A0=3A89C A1=10890E A2=4ABB4 A3=108F4A A4=101D00 A5=108000 A6=108E74 PC=3A89C -- 03A89C: tst.b   ($7a,A4)
D0=F0064 D1=0 D2=101700 D3=0 D4=16405000 D5=84598540 D6=84598540 D7=101D00 A0=3A89C A1=10890E A2=4ABB4 A3=108F4A A4=101D00 A5=108000 A6=108E74 PC=3A8A0 -- 03A8A0: bmi     $3a8ca
D0=F0064 D1=0 D2=101700 D3=0 D4=16405000 D5=84598540 D6=84598540 D7=101D00 A0=3A89C A1=10890E A2=4ABB4 A3=108F4A A4=101D00 A5=108000 A6=108E74 PC=3A8A4 -- 03A8A4: move.l  ($54,A4), D0
D0=1C800 D1=0 D2=101700 D3=0 D4=16405000 D5=84598540 D6=84598540 D7=101D00 A0=3A89C A1=10890E A2=4ABB4 A3=108F4A A4=101D00 A5=108000 A6=108E74 PC=3A8A8 -- 03A8A8: addi.l  #$1800, ($54,A4)
D0=1C800 D1=0 D2=101700 D3=0 D4=16405000 D5=84598540 D6=84598540 D7=101D00 A0=3A89C A1=10890E A2=4ABB4 A3=108F4A A4=101D00 A5=108000 A6=108E74 PC=3A8B0 -- 03A8B0: sub.l   D0, ($1c,A4)
D0=1C800 D1=0 D2=101700 D3=0 D4=16405000 D5=84598540 D6=84598540 D7=101D00 A0=3A89C A1=10890E A2=4ABB4 A3=108F4A A4=101D00 A5=108000 A6=108E74 PC=3A8B4 -- 03A8B4: move.b  (-$7f79,A5), D0
D0=1C862 D1=0 D2=101700 D3=0 D4=16405000 D5=84598540 D6=84598540 D7=101D00 A0=3A89C A1=10890E A2=4ABB4 A3=108F4A A4=101D00 A5=108000 A6=108E74 PC=3A8B8 -- 03A8B8: andi.b  #$1, D0
D0=1C800 D1=0 D2=101700 D3=0 D4=16405000 D5=84598540 D6=84598540 D7=101D00 A0=3A89C A1=10890E A2=4ABB4 A3=108F4A A4=101D00 A5=108000 A6=108E74 PC=3A8BC -- 03A8BC: move.b  ($cf,A4), D1
D0=1C800 D1=0 D2=101700 D3=0 D4=16405000 D5=84598540 D6=84598540 D7=101D00 A0=3A89C A1=10890E A2=4ABB4 A3=108F4A A4=101D00 A5=108000 A6=108E74 PC=3A8C0 -- 03A8C0: eor.b   D1, D0
D0=1C800 D1=0 D2=101700 D3=0 D4=16405000 D5=84598540 D6=84598540 D7=101D00 A0=3A89C A1=10890E A2=4ABB4 A3=108F4A A4=101D00 A5=108000 A6=108E74 PC=3A8C2 -- 03A8C2: bne     $3890a
D0=1C800 D1=0 D2=101700 D3=0 D4=16405000 D5=84598540 D6=84598540 D7=101D00 A0=3A89C A1=10890E A2=4ABB4 A3=108F4A A4=101D00 A5=108000 A6=108E74 PC=3A8C6 -- 03A8C6: beq     $3891c
D0=1C800 D1=0 D2=101700 D3=0 D4=16405000 D5=84598540 D6=84598540 D7=101D00 A0=3A89C A1=10890E A2=4ABB4 A3=108F4A A4=101D00 A5=108000 A6=108E74 PC=3891C -- 03891C: jsr     $48e6.l
D0=1C800 D1=0 D2=101700 D3=0 D4=16405000 D5=84598540 D6=84598540 D7=101D00 A0=3A89C A1=10890E A2=4ABB4 A3=108F4A A4=101D00 A5=108000 A6=108E74 PC=48E6 -- 0048E6: move.w  ($70,A4), D0
D0=1001B D1=0 D2=101700 D3=0 D4=16405000 D5=84598540 D6=84598540 D7=101D00 A0=3A89C A1=10890E A2=4ABB4 A3=108F4A A4=101D00 A5=108000 A6=108E74 PC=48EA -- 0048EA: cmp.b   ($78,A4), D0
D0=1001B D1=0 D2=101700 D3=0 D4=16405000 D5=84598540 D6=84598540 D7=101D00 A0=3A89C A1=10890E A2=4ABB4 A3=108F4A A4=101D00 A5=108000 A6=108E74 PC=48EE -- 0048EE: bne     $491c
D0=1001B D1=0 D2=101700 D3=0 D4=16405000 D5=84598540 D6=84598540 D7=101D00 A0=3A89C A1=10890E A2=4ABB4 A3=108F4A A4=101D00 A5=108000 A6=108E74 PC=48F0 -- 0048F0: move.w  ($72,A4), D0
D0=10030 D1=0 D2=101700 D3=0 D4=16405000 D5=84598540 D6=84598540 D7=101D00 A0=3A89C A1=10890E A2=4ABB4 A3=108F4A A4=101D00 A5=108000 A6=108E74 PC=48F4 -- 0048F4: cmp.b   ($79,A4), D0
D0=10030 D1=0 D2=101700 D3=0 D4=16405000 D5=84598540 D6=84598540 D7=101D00 A0=3A89C A1=10890E A2=4ABB4 A3=108F4A A4=101D00 A5=108000 A6=108E74 PC=48F8 -- 0048F8: bne     $493c
D0=10030 D1=0 D2=101700 D3=0 D4=16405000 D5=84598540 D6=84598540 D7=101D00 A0=3A89C A1=10890E A2=4ABB4 A3=108F4A A4=101D00 A5=108000 A6=108E74 PC=48FA -- 0048FA: tst.b   ($77,A4)
D0=10030 D1=0 D2=101700 D3=0 D4=16405000 D5=84598540 D6=84598540 D7=101D00 A0=3A89C A1=10890E A2=4ABB4 A3=108F4A A4=101D00 A5=108000 A6=108E74 PC=48FE -- 0048FE: bne     $495c
D0=10030 D1=0 D2=101700 D3=0 D4=16405000 D5=84598540 D6=84598540 D7=101D00 A0=3A89C A1=10890E A2=4ABB4 A3=108F4A A4=101D00 A5=108000 A6=108E74 PC=4900 -- 004900: tst.b   ($7a,A4)
D0=10030 D1=0 D2=101700 D3=0 D4=16405000 D5=84598540 D6=84598540 D7=101D00 A0=3A89C A1=10890E A2=4ABB4 A3=108F4A A4=101D00 A5=108000 A6=108E74 PC=4904 -- 004904: bmi     $491a
D0=10030 D1=0 D2=101700 D3=0 D4=16405000 D5=84598540 D6=84598540 D7=101D00 A0=3A89C A1=10890E A2=4ABB4 A3=108F4A A4=101D00 A5=108000 A6=108E74 PC=4906 -- 004906: subq.b  #1, ($76,A4)
D0=10030 D1=0 D2=101700 D3=0 D4=16405000 D5=84598540 D6=84598540 D7=101D00 A0=3A89C A1=10890E A2=4ABB4 A3=108F4A A4=101D00 A5=108000 A6=108E74 PC=490A -- 00490A: bhi     $491a
D0=10030 D1=0 D2=101700 D3=0 D4=16405000 D5=84598540 D6=84598540 D7=101D00 A0=3A89C A1=10890E A2=4ABB4 A3=108F4A A4=101D00 A5=108000 A6=108E74 PC=491A -- 00491A: rts
D0=10030 D1=0 D2=101700 D3=0 D4=16405000 D5=84598540 D6=84598540 D7=101D00 A0=3A89C A1=10890E A2=4ABB4 A3=108F4A A4=101D00 A5=108000 A6=108E74 PC=38922 -- 038922: rts
D0=10030 D1=0 D2=101700 D3=0 D4=16405000 D5=84598540 D6=84598540 D7=101D00 A0=3A89C A1=10890E A2=4ABB4 A3=108F4A A4=101D00 A5=108000 A6=108E74 PC=32B3C -- 032B3C: move.l  A4, D7
D0=10030 D1=0 D2=101700 D3=0 D4=16405000 D5=84598540 D6=84598540 D7=101D00 A0=3A89C A1=10890E A2=4ABB4 A3=108F4A A4=101D00 A5=108000 A6=108E74 PC=32B3E -- 032B3E: move.w  ($4,A4), D7
D0=10030 D1=0 D2=101700 D3=0 D4=16405000 D5=84598540 D6=84598540 D7=101F00 A0=3A89C A1=10890E A2=4ABB4 A3=108F4A A4=101D00 A5=108000 A6=108E74 PC=32B42 -- 032B42: bpl     $32b36
D0=10030 D1=0 D2=101700 D3=0 D4=16405000 D5=84598540 D6=84598540 D7=101F00 A0=3A89C A1=10890E A2=4ABB4 A3=108F4A A4=101D00 A5=108000 A6=108E74 PC=32B36 -- 032B36: movea.l D7, A4
D0=10030 D1=0 D2=101700 D3=0 D4=16405000 D5=84598540 D6=84598540 D7=101F00 A0=3A89C A1=10890E A2=4ABB4 A3=108F4A A4=101F00 A5=108000 A6=108E74 PC=32B38 -- 032B38: movea.l (A4), A0
D0=10030 D1=0 D2=101700 D3=0 D4=16405000 D5=84598540 D6=84598540 D7=101F00 A0=3A89C A1=10890E A2=4ABB4 A3=108F4A A4=101F00 A5=108000 A6=108E74 PC=32B3A -- 032B3A: jsr     (A0)
D0=10030 D1=0 D2=101700 D3=0 D4=16405000 D5=84598540 D6=84598540 D7=101F00 A0=3A89C A1=10890E A2=4ABB4 A3=108F4A A4=101F00 A5=108000 A6=108E74 PC=3A89C -- 03A89C: tst.b   ($7a,A4)
D0=10030 D1=0 D2=101700 D3=0 D4=16405000 D5=84598540 D6=84598540 D7=101F00 A0=3A89C A1=10890E A2=4ABB4 A3=108F4A A4=101F00 A5=108000 A6=108E74 PC=3A8A0 -- 03A8A0: bmi     $3a8ca
D0=10030 D1=0 D2=101700 D3=0 D4=16405000 D5=84598540 D6=84598540 D7=101F00 A0=3A89C A1=10890E A2=4ABB4 A3=108F4A A4=101F00 A5=108000 A6=108E74 PC=3A8A4 -- 03A8A4: move.l  ($54,A4), D0
D0=7800 D1=0 D2=101700 D3=0 D4=16405000 D5=84598540 D6=84598540 D7=101F00 A0=3A89C A1=10890E A2=4ABB4 A3=108F4A A4=101F00 A5=108000 A6=108E74 PC=3A8A8 -- 03A8A8: addi.l  #$1800, ($54,A4)
D0=7800 D1=0 D2=101700 D3=0 D4=16405000 D5=84598540 D6=84598540 D7=101F00 A0=3A89C A1=10890E A2=4ABB4 A3=108F4A A4=101F00 A5=108000 A6=108E74 PC=3A8B0 -- 03A8B0: sub.l   D0, ($1c,A4)
D0=7800 D1=0 D2=101700 D3=0 D4=16405000 D5=84598540 D6=84598540 D7=101F00 A0=3A89C A1=10890E A2=4ABB4 A3=108F4A A4=101F00 A5=108000 A6=108E74 PC=3A8B4 -- 03A8B4: move.b  (-$7f79,A5), D0
D0=7862 D1=0 D2=101700 D3=0 D4=16405000 D5=84598540 D6=84598540 D7=101F00 A0=3A89C A1=10890E A2=4ABB4 A3=108F4A A4=101F00 A5=108000 A6=108E74 PC=3A8B8 -- 03A8B8: andi.b  #$1, D0
D0=7800 D1=0 D2=101700 D3=0 D4=16405000 D5=84598540 D6=84598540 D7=101F00 A0=3A89C A1=10890E A2=4ABB4 A3=108F4A A4=101F00 A5=108000 A6=108E74 PC=3A8BC -- 03A8BC: move.b  ($cf,A4), D1
D0=7800 D1=1 D2=101700 D3=0 D4=16405000 D5=84598540 D6=84598540 D7=101F00 A0=3A89C A1=10890E A2=4ABB4 A3=108F4A A4=101F00 A5=108000 A6=108E74 PC=3A8C0 -- 03A8C0: eor.b   D1, D0
D0=7801 D1=1 D2=101700 D3=0 D4=16405000 D5=84598540 D6=84598540 D7=101F00 A0=3A89C A1=10890E A2=4ABB4 A3=108F4A A4=101F00 A5=108000 A6=108E74 PC=3A8C2 -- 03A8C2: bne     $3890a
D0=7801 D1=1 D2=101700 D3=0 D4=16405000 D5=84598540 D6=84598540 D7=101F00 A0=3A89C A1=10890E A2=4ABB4 A3=108F4A A4=101F00 A5=108000 A6=108E74 PC=3890A -- 03890A: jsr     $48e6.l
D0=7801 D1=1 D2=101700 D3=0 D4=16405000 D5=84598540 D6=84598540 D7=101F00 A0=3A89C A1=10890E A2=4ABB4 A3=108F4A A4=101F00 A5=108000 A6=108E74 PC=48E6 -- 0048E6: move.w  ($70,A4), D0
D0=1B D1=1 D2=101700 D3=0 D4=16405000 D5=84598540 D6=84598540 D7=101F00 A0=3A89C A1=10890E A2=4ABB4 A3=108F4A A4=101F00 A5=108000 A6=108E74 PC=48EA -- 0048EA: cmp.b   ($78,A4), D0
D0=1B D1=1 D2=101700 D3=0 D4=16405000 D5=84598540 D6=84598540 D7=101F00 A0=3A89C A1=10890E A2=4ABB4 A3=108F4A A4=101F00 A5=108000 A6=108E74 PC=48EE -- 0048EE: bne     $491c
D0=1B D1=1 D2=101700 D3=0 D4=16405000 D5=84598540 D6=84598540 D7=101F00 A0=3A89C A1=10890E A2=4ABB4 A3=108F4A A4=101F00 A5=108000 A6=108E74 PC=48F0 -- 0048F0: move.w  ($72,A4), D0
D0=30 D1=1 D2=101700 D3=0 D4=16405000 D5=84598540 D6=84598540 D7=101F00 A0=3A89C A1=10890E A2=4ABB4 A3=108F4A A4=101F00 A5=108000 A6=108E74 PC=48F4 -- 0048F4: cmp.b   ($79,A4), D0
D0=30 D1=1 D2=101700 D3=0 D4=16405000 D5=84598540 D6=84598540 D7=101F00 A0=3A89C A1=10890E A2=4ABB4 A3=108F4A A4=101F00 A5=108000 A6=108E74 PC=48F8 -- 0048F8: bne     $493c
D0=30 D1=1 D2=101700 D3=0 D4=16405000 D5=84598540 D6=84598540 D7=101F00 A0=3A89C A1=10890E A2=4ABB4 A3=108F4A A4=101F00 A5=108000 A6=108E74 PC=48FA -- 0048FA: tst.b   ($77,A4)
D0=30 D1=1 D2=101700 D3=0 D4=16405000 D5=84598540 D6=84598540 D7=101F00 A0=3A89C A1=10890E A2=4ABB4 A3=108F4A A4=101F00 A5=108000 A6=108E74 PC=48FE -- 0048FE: bne     $495c
D0=30 D1=1 D2=101700 D3=0 D4=16405000 D5=84598540 D6=84598540 D7=101F00 A0=3A89C A1=10890E A2=4ABB4 A3=108F4A A4=101F00 A5=108000 A6=108E74 PC=4900 -- 004900: tst.b   ($7a,A4)
D0=30 D1=1 D2=101700 D3=0 D4=16405000 D5=84598540 D6=84598540 D7=101F00 A0=3A89C A1=10890E A2=4ABB4 A3=108F4A A4=101F00 A5=108000 A6=108E74 PC=4904 -- 004904: bmi     $491a
D0=30 D1=1 D2=101700 D3=0 D4=16405000 D5=84598540 D6=84598540 D7=101F00 A0=3A89C A1=10890E A2=4ABB4 A3=108F4A A4=101F00 A5=108000 A6=108E74 PC=4906 -- 004906: subq.b  #1, ($76,A4)
D0=30 D1=1 D2=101700 D3=0 D4=16405000 D5=84598540 D6=84598540 D7=101F00 A0=3A89C A1=10890E A2=4ABB4 A3=108F4A A4=101F00 A5=108000 A6=108E74 PC=490A -- 00490A: bhi     $491a
D0=30 D1=1 D2=101700 D3=0 D4=16405000 D5=84598540 D6=84598540 D7=101F00 A0=3A89C A1=10890E A2=4ABB4 A3=108F4A A4=101F00 A5=108000 A6=108E74 PC=491A -- 00491A: rts
D0=30 D1=1 D2=101700 D3=0 D4=16405000 D5=84598540 D6=84598540 D7=101F00 A0=3A89C A1=10890E A2=4ABB4 A3=108F4A A4=101F00 A5=108000 A6=108E74 PC=38910 -- 038910: jmp     $3e2e.l
D0=30 D1=1 D2=101700 D3=0 D4=16405000 D5=84598540 D6=84598540 D7=101F00 A0=3A89C A1=10890E A2=4ABB4 A3=108F4A A4=101F00 A5=108000 A6=108E74 PC=3E2E -- 003E2E: tst.w   ($74,A4)
D0=30 D1=1 D2=101700 D3=0 D4=16405000 D5=84598540 D6=84598540 D7=101F00 A0=3A89C A1=10890E A2=4ABB4 A3=108F4A A4=101F00 A5=108000 A6=108E74 PC=3E32 -- 003E32: bmi     $3e80
D0=30 D1=1 D2=101700 D3=0 D4=16405000 D5=84598540 D6=84598540 D7=101F00 A0=3A89C A1=10890E A2=4ABB4 A3=108F4A A4=101F00 A5=108000 A6=108E74 PC=3E34 -- 003E34: btst    #$6, ($7c,A4)
D0=30 D1=1 D2=101700 D3=0 D4=16405000 D5=84598540 D6=84598540 D7=101F00 A0=3A89C A1=10890E A2=4ABB4 A3=108F4A A4=101F00 A5=108000 A6=108E74 PC=3E3A -- 003E3A: bne     $3e78
D0=30 D1=1 D2=101700 D3=0 D4=16405000 D5=84598540 D6=84598540 D7=101F00 A0=3A89C A1=10890E A2=4ABB4 A3=108F4A A4=101F00 A5=108000 A6=108E74 PC=3E3E -- 003E3E: moveq   #$0, D3
D0=30 D1=1 D2=101700 D3=0 D4=16405000 D5=84598540 D6=84598540 D7=101F00 A0=3A89C A1=10890E A2=4ABB4 A3=108F4A A4=101F00 A5=108000 A6=108E74 PC=3E40 -- 003E40: move.b  ($82,A4), D3
D0=30 D1=1 D2=101700 D3=0 D4=16405000 D5=84598540 D6=84598540 D7=101F00 A0=3A89C A1=10890E A2=4ABB4 A3=108F4A A4=101F00 A5=108000 A6=108E74 PC=3E44 -- 003E44: add.w   D3, D3
D0=30 D1=1 D2=101700 D3=0 D4=16405000 D5=84598540 D6=84598540 D7=101F00 A0=3A89C A1=10890E A2=4ABB4 A3=108F4A A4=101F00 A5=108000 A6=108E74 PC=3E46 -- 003E46: add.w   D3, D3
D0=30 D1=1 D2=101700 D3=0 D4=16405000 D5=84598540 D6=84598540 D7=101F00 A0=3A89C A1=10890E A2=4ABB4 A3=108F4A A4=101F00 A5=108000 A6=108E74 PC=3E48 -- 003E48: move.w  ($18,A4), D0
D0=120 D1=1 D2=101700 D3=0 D4=16405000 D5=84598540 D6=84598540 D7=101F00 A0=3A89C A1=10890E A2=4ABB4 A3=108F4A A4=101F00 A5=108000 A6=108E74 PC=3E4C -- 003E4C: lea     ($104c,A5), A0
D0=120 D1=1 D2=101700 D3=0 D4=16405000 D5=84598540 D6=84598540 D7=101F00 A0=10904C A1=10890E A2=4ABB4 A3=108F4A A4=101F00 A5=108000 A6=108E74 PC=3E50 -- 003E50: sub.w   (A0,D3.w), D0
D0=120 D1=1 D2=101700 D3=0 D4=16405000 D5=84598540 D6=84598540 D7=101F00 A0=10904C A1=10890E A2=4ABB4 A3=108F4A A4=101F00 A5=108000 A6=108E74 PC=3E54 -- 003E54: addi.w  #$30, D0
D0=150 D1=1 D2=101700 D3=0 D4=16405000 D5=84598540 D6=84598540 D7=101F00 A0=10904C A1=10890E A2=4ABB4 A3=108F4A A4=101F00 A5=108000 A6=108E74 PC=3E58 -- 003E58: cmpi.w  #$1a0, D0
D0=150 D1=1 D2=101700 D3=0 D4=16405000 D5=84598540 D6=84598540 D7=101F00 A0=10904C A1=10890E A2=4ABB4 A3=108F4A A4=101F00 A5=108000 A6=108E74 PC=3E5C -- 003E5C: bls     $3e60
D0=150 D1=1 D2=101700 D3=0 D4=16405000 D5=84598540 D6=84598540 D7=101F00 A0=10904C A1=10890E A2=4ABB4 A3=108F4A A4=101F00 A5=108000 A6=108E74 PC=3E60 -- 003E60: move.w  ($1c,A4), D0
D0=8E D1=1 D2=101700 D3=0 D4=16405000 D5=84598540 D6=84598540 D7=101F00 A0=10904C A1=10890E A2=4ABB4 A3=108F4A A4=101F00 A5=108000 A6=108E74 PC=3E64 -- 003E64: sub.w   ($20,A4), D0
D0=8E D1=1 D2=101700 D3=0 D4=16405000 D5=84598540 D6=84598540 D7=101F00 A0=10904C A1=10890E A2=4ABB4 A3=108F4A A4=101F00 A5=108000 A6=108E74 PC=3E68 -- 003E68: lea     ($1058,A5), A0
D0=8E D1=1 D2=101700 D3=0 D4=16405000 D5=84598540 D6=84598540 D7=101F00 A0=109058 A1=10890E A2=4ABB4 A3=108F4A A4=101F00 A5=108000 A6=108E74 PC=3E6C -- 003E6C: sub.w   (A0,D3.w), D0
D0=8E D1=1 D2=101700 D3=0 D4=16405000 D5=84598540 D6=84598540 D7=101F00 A0=109058 A1=10890E A2=4ABB4 A3=108F4A A4=101F00 A5=108000 A6=108E74 PC=3E70 -- 003E70: cmpi.w  #$1c0, D0
D0=8E D1=1 D2=101700 D3=0 D4=16405000 D5=84598540 D6=84598540 D7=101F00 A0=109058 A1=10890E A2=4ABB4 A3=108F4A A4=101F00 A5=108000 A6=108E74 PC=3E74 -- 003E74: bls     $3e78
D0=8E D1=1 D2=101700 D3=0 D4=16405000 D5=84598540 D6=84598540 D7=101F00 A0=109058 A1=10890E A2=4ABB4 A3=108F4A A4=101F00 A5=108000 A6=108E74 PC=3E78 -- 003E78: bsr     $4860
D0=8E D1=1 D2=101700 D3=0 D4=16405000 D5=84598540 D6=84598540 D7=101F00 A0=109058 A1=10890E A2=4ABB4 A3=108F4A A4=101F00 A5=108000 A6=108E74 PC=4860 -- 004860: lea     $7bf48.l, A0
D0=8E D1=1 D2=101700 D3=0 D4=16405000 D5=84598540 D6=84598540 D7=101F00 A0=7BF48 A1=10890E A2=4ABB4 A3=108F4A A4=101F00 A5=108000 A6=108E74 PC=4866 -- 004866: move.w  ($70,A4), D0
D0=1B D1=1 D2=101700 D3=0 D4=16405000 D5=84598540 D6=84598540 D7=101F00 A0=7BF48 A1=10890E A2=4ABB4 A3=108F4A A4=101F00 A5=108000 A6=108E74 PC=486A -- 00486A: add.w   D0, D0
D0=36 D1=1 D2=101700 D3=0 D4=16405000 D5=84598540 D6=84598540 D7=101F00 A0=7BF48 A1=10890E A2=4ABB4 A3=108F4A A4=101F00 A5=108000 A6=108E74 PC=486C -- 00486C: add.w   D0, D0
D0=6C D1=1 D2=101700 D3=0 D4=16405000 D5=84598540 D6=84598540 D7=101F00 A0=7BF48 A1=10890E A2=4ABB4 A3=108F4A A4=101F00 A5=108000 A6=108E74 PC=486E -- 00486E: movea.l (A0,D0.w), A0
D0=6C D1=1 D2=101700 D3=0 D4=16405000 D5=84598540 D6=84598540 D7=101F00 A0=7F5E0 A1=10890E A2=4ABB4 A3=108F4A A4=101F00 A5=108000 A6=108E74 PC=4872 -- 004872: move.w  ($72,A4), D0
D0=30 D1=1 D2=101700 D3=0 D4=16405000 D5=84598540 D6=84598540 D7=101F00 A0=7F5E0 A1=10890E A2=4ABB4 A3=108F4A A4=101F00 A5=108000 A6=108E74 PC=4876 -- 004876: add.w   D0, D0
D0=60 D1=1 D2=101700 D3=0 D4=16405000 D5=84598540 D6=84598540 D7=101F00 A0=7F5E0 A1=10890E A2=4ABB4 A3=108F4A A4=101F00 A5=108000 A6=108E74 PC=4878 -- 004878: move.w  (A0,D0.w), D1
D0=60 D1=3030 D2=101700 D3=0 D4=16405000 D5=84598540 D6=84598540 D7=101F00 A0=7F5E0 A1=10890E A2=4ABB4 A3=108F4A A4=101F00 A5=108000 A6=108E74 PC=487C -- 00487C: move.w  D1, ($46de,A5)
D0=60 D1=3030 D2=101700 D3=0 D4=16405000 D5=84598540 D6=84598540 D7=101F00 A0=7F5E0 A1=10890E A2=4ABB4 A3=108F4A A4=101F00 A5=108000 A6=108E74 PC=4880 -- 004880: lea     $80000.l, A0
D0=60 D1=3030 D2=101700 D3=0 D4=16405000 D5=84598540 D6=84598540 D7=101F00 A0=80000 A1=10890E A2=4ABB4 A3=108F4A A4=101F00 A5=108000 A6=108E74 PC=4886 -- 004886: move.w  ($70,A4), D0
D0=1B D1=3030 D2=101700 D3=0 D4=16405000 D5=84598540 D6=84598540 D7=101F00 A0=80000 A1=10890E A2=4ABB4 A3=108F4A A4=101F00 A5=108000 A6=108E74 PC=488A -- 00488A: add.w   D0, D0
D0=36 D1=3030 D2=101700 D3=0 D4=16405000 D5=84598540 D6=84598540 D7=101F00 A0=80000 A1=10890E A2=4ABB4 A3=108F4A A4=101F00 A5=108000 A6=108E74 PC=488C -- 00488C: add.w   D0, D0
D0=6C D1=3030 D2=101700 D3=0 D4=16405000 D5=84598540 D6=84598540 D7=101F00 A0=80000 A1=10890E A2=4ABB4 A3=108F4A A4=101F00 A5=108000 A6=108E74 PC=488E -- 00488E: movea.l (A0,D0.w), A0
D0=6C D1=3030 D2=101700 D3=0 D4=16405000 D5=84598540 D6=84598540 D7=101F00 A0=86E00 A1=10890E A2=4ABB4 A3=108F4A A4=101F00 A5=108000 A6=108E74 PC=4892 -- 004892: move.w  ($46de,A5), D0
D0=3030 D1=3030 D2=101700 D3=0 D4=16405000 D5=84598540 D6=84598540 D7=101F00 A0=86E00 A1=10890E A2=4ABB4 A3=108F4A A4=101F00 A5=108000 A6=108E74 PC=4896 -- 004896: tst.b   ($46e2,A5)
D0=3030 D1=3030 D2=101700 D3=0 D4=16405000 D5=84598540 D6=84598540 D7=101F00 A0=86E00 A1=10890E A2=4ABB4 A3=108F4A A4=101F00 A5=108000 A6=108E74 PC=489A -- 00489A: beq     $48a0
D0=3030 D1=3030 D2=101700 D3=0 D4=16405000 D5=84598540 D6=84598540 D7=101F00 A0=86E00 A1=10890E A2=4ABB4 A3=108F4A A4=101F00 A5=108000 A6=108E74 PC=48A0 -- 0048A0: andi.w  #$ff, D0
D0=30 D1=3030 D2=101700 D3=0 D4=16405000 D5=84598540 D6=84598540 D7=101F00 A0=86E00 A1=10890E A2=4ABB4 A3=108F4A A4=101F00 A5=108000 A6=108E74 PC=48A4 -- 0048A4: add.w   D0, D0
D0=60 D1=3030 D2=101700 D3=0 D4=16405000 D5=84598540 D6=84598540 D7=101F00 A0=86E00 A1=10890E A2=4ABB4 A3=108F4A A4=101F00 A5=108000 A6=108E74 PC=48A6 -- 0048A6: add.w   D0, D0
D0=C0 D1=3030 D2=101700 D3=0 D4=16405000 D5=84598540 D6=84598540 D7=101F00 A0=86E00 A1=10890E A2=4ABB4 A3=108F4A A4=101F00 A5=108000 A6=108E74 PC=48A8 -- 0048A8: movea.l (A0,D0.w), A0
D0=C0 D1=3030 D2=101700 D3=0 D4=16405000 D5=84598540 D6=84598540 D7=101F00 A0=F306C A1=10890E A2=4ABB4 A3=108F4A A4=101F00 A5=108000 A6=108E74 PC=48AC -- 0048AC: move.w  ($74,A4), D0
D0=C D1=3030 D2=101700 D3=0 D4=16405000 D5=84598540 D6=84598540 D7=101F00 A0=F306C A1=10890E A2=4ABB4 A3=108F4A A4=101F00 A5=108000 A6=108E74 PC=48B0 -- 0048B0: adda.w  D0, A0
D0=C D1=3030 D2=101700 D3=0 D4=16405000 D5=84598540 D6=84598540 D7=101F00 A0=F3078 A1=10890E A2=4ABB4 A3=108F4A A4=101F00 A5=108000 A6=108E74 PC=48B2 -- 0048B2: move.l  (A0), D0
D0=20F1290 D1=3030 D2=101700 D3=0 D4=16405000 D5=84598540 D6=84598540 D7=101F00 A0=F3078 A1=10890E A2=4ABB4 A3=108F4A A4=101F00 A5=108000 A6=108E74 PC=48B4 -- 0048B4: andi.l  #$ffffff, D0
D0=F1290 D1=3030 D2=101700 D3=0 D4=16405000 D5=84598540 D6=84598540 D7=101F00 A0=F3078 A1=10890E A2=4ABB4 A3=108F4A A4=101F00 A5=108000 A6=108E74 PC=48BA -- 0048BA: movea.l D0, A0
D0=F1290 D1=3030 D2=101700 D3=0 D4=16405000 D5=84598540 D6=84598540 D7=101F00 A0=F1290 A1=10890E A2=4ABB4 A3=108F4A A4=101F00 A5=108000 A6=108E74 PC=48BC -- 0048BC: move.w  ($4,A0), D0
D0=F0118 D1=3030 D2=101700 D3=0 D4=16405000 D5=84598540 D6=84598540 D7=101F00 A0=F1290 A1=10890E A2=4ABB4 A3=108F4A A4=101F00 A5=108000 A6=108E74 PC=48C0 -- 0048C0: andi.w  #$1fff, D0
D0=F0118 D1=3030 D2=101700 D3=0 D4=16405000 D5=84598540 D6=84598540 D7=101F00 A0=F1290 A1=10890E A2=4ABB4 A3=108F4A A4=101F00 A5=108000 A6=108E74 PC=48C4 -- 0048C4: move.w  D0, ($46e0,A5)
D0=F0118 D1=3030 D2=101700 D3=0 D4=16405000 D5=84598540 D6=84598540 D7=101F00 A0=F1290 A1=10890E A2=4ABB4 A3=108F4A A4=101F00 A5=108000 A6=108E74 PC=48C8 -- 0048C8: lea     $80080.l, A0
D0=F0118 D1=3030 D2=101700 D3=0 D4=16405000 D5=84598540 D6=84598540 D7=101F00 A0=80080 A1=10890E A2=4ABB4 A3=108F4A A4=101F00 A5=108000 A6=108E74 PC=48CE -- 0048CE: move.w  ($70,A4), D1
D0=F0118 D1=1B D2=101700 D3=0 D4=16405000 D5=84598540 D6=84598540 D7=101F00 A0=80080 A1=10890E A2=4ABB4 A3=108F4A A4=101F00 A5=108000 A6=108E74 PC=48D2 -- 0048D2: add.w   D1, D1
D0=F0118 D1=36 D2=101700 D3=0 D4=16405000 D5=84598540 D6=84598540 D7=101F00 A0=80080 A1=10890E A2=4ABB4 A3=108F4A A4=101F00 A5=108000 A6=108E74 PC=48D4 -- 0048D4: add.w   D1, D1
D0=F0118 D1=6C D2=101700 D3=0 D4=16405000 D5=84598540 D6=84598540 D7=101F00 A0=80080 A1=10890E A2=4ABB4 A3=108F4A A4=101F00 A5=108000 A6=108E74 PC=48D6 -- 0048D6: movea.l (A0,D1.w), A0
D0=F0118 D1=6C D2=101700 D3=0 D4=16405000 D5=84598540 D6=84598540 D7=101F00 A0=95200 A1=10890E A2=4ABB4 A3=108F4A A4=101F00 A5=108000 A6=108E74 PC=48DA -- 0048DA: add.w   D0, D0
D0=F0230 D1=6C D2=101700 D3=0 D4=16405000 D5=84598540 D6=84598540 D7=101F00 A0=95200 A1=10890E A2=4ABB4 A3=108F4A A4=101F00 A5=108000 A6=108E74 PC=48DC -- 0048DC: add.w   D0, D0
D0=F0460 D1=6C D2=101700 D3=0 D4=16405000 D5=84598540 D6=84598540 D7=101F00 A0=95200 A1=10890E A2=4ABB4 A3=108F4A A4=101F00 A5=108000 A6=108E74 PC=48DE -- 0048DE: move.l  (A0,D0.w), ($28,A4)
D0=F0460 D1=6C D2=101700 D3=0 D4=16405000 D5=84598540 D6=84598540 D7=101F00 A0=95200 A1=10890E A2=4ABB4 A3=108F4A A4=101F00 A5=108000 A6=108E74 PC=48E4 -- 0048E4: rts
D0=F0460 D1=6C D2=101700 D3=0 D4=16405000 D5=84598540 D6=84598540 D7=101F00 A0=95200 A1=10890E A2=4ABB4 A3=108F4A A4=101F00 A5=108000 A6=108E74 PC=3E7C -- 003E7C: bra     $481a
D0=F0460 D1=6C D2=101700 D3=0 D4=16405000 D5=84598540 D6=84598540 D7=101F00 A0=95200 A1=10890E A2=4ABB4 A3=108F4A A4=101F00 A5=108000 A6=108E74 PC=481A -- 00481A: addq.w  #1, ($e3a,A5)
D0=F0460 D1=6C D2=101700 D3=0 D4=16405000 D5=84598540 D6=84598540 D7=101F00 A0=95200 A1=10890E A2=4ABB4 A3=108F4A A4=101F00 A5=108000 A6=108E74 PC=481E -- 00481E: lea     ($838,A5), A1
D0=F0460 D1=6C D2=101700 D3=0 D4=16405000 D5=84598540 D6=84598540 D7=101F00 A0=95200 A1=108838 A2=4ABB4 A3=108F4A A4=101F00 A5=108000 A6=108E74 PC=4822 -- 004822: move.w  ($2c,A4), D0
D0=F0064 D1=6C D2=101700 D3=0 D4=16405000 D5=84598540 D6=84598540 D7=101F00 A0=95200 A1=108838 A2=4ABB4 A3=108F4A A4=101F00 A5=108000 A6=108E74 PC=4826 -- 004826: move.w  D0, D1
D0=F0064 D1=64 D2=101700 D3=0 D4=16405000 D5=84598540 D6=84598540 D7=101F00 A0=95200 A1=108838 A2=4ABB4 A3=108F4A A4=101F00 A5=108000 A6=108E74 PC=4828 -- 004828: add.w   D1, D1
D0=F0064 D1=C8 D2=101700 D3=0 D4=16405000 D5=84598540 D6=84598540 D7=101F00 A0=95200 A1=108838 A2=4ABB4 A3=108F4A A4=101F00 A5=108000 A6=108E74 PC=482A -- 00482A: adda.w  D1, A1
D0=F0064 D1=C8 D2=101700 D3=0 D4=16405000 D5=84598540 D6=84598540 D7=101F00 A0=95200 A1=108900 A2=4ABB4 A3=108F4A A4=101F00 A5=108000 A6=108E74 PC=482C -- 00482C: cmp.w   ($e38,A5), D1
D0=F0064 D1=C8 D2=101700 D3=0 D4=16405000 D5=84598540 D6=84598540 D7=101F00 A0=95200 A1=108900 A2=4ABB4 A3=108F4A A4=101F00 A5=108000 A6=108E74 PC=4830 -- 004830: bhi     $4836
D0=F0064 D1=C8 D2=101700 D3=0 D4=16405000 D5=84598540 D6=84598540 D7=101F00 A0=95200 A1=108900 A2=4ABB4 A3=108F4A A4=101F00 A5=108000 A6=108E74 PC=4832 -- 004832: move.w  D1, ($e38,A5)
D0=F0064 D1=C8 D2=101700 D3=0 D4=16405000 D5=84598540 D6=84598540 D7=101F00 A0=95200 A1=108900 A2=4ABB4 A3=108F4A A4=101F00 A5=108000 A6=108E74 PC=4836 -- 004836: move.w  (A1)+, D1
D0=F0064 D1=500 D2=101700 D3=0 D4=16405000 D5=84598540 D6=84598540 D7=101F00 A0=95200 A1=108902 A2=4ABB4 A3=108F4A A4=101F00 A5=108000 A6=108E74 PC=4838 -- 004838: beq     $485a
D0=F0064 D1=500 D2=101700 D3=0 D4=16405000 D5=84598540 D6=84598540 D7=101F00 A0=95200 A1=108902 A2=4ABB4 A3=108F4A A4=101F00 A5=108000 A6=108E74 PC=483A -- 00483A: move.l  #$100000, D2
D0=F0064 D1=500 D2=100000 D3=0 D4=16405000 D5=84598540 D6=84598540 D7=101F00 A0=95200 A1=108902 A2=4ABB4 A3=108F4A A4=101F00 A5=108000 A6=108E74 PC=4840 -- 004840: move.w  D1, D2
D0=F0064 D1=500 D2=100500 D3=0 D4=16405000 D5=84598540 D6=84598540 D7=101F00 A0=95200 A1=108902 A2=4ABB4 A3=108F4A A4=101F00 A5=108000 A6=108E74 PC=4842 -- 004842: movea.l D2, A0
D0=F0064 D1=500 D2=100500 D3=0 D4=16405000 D5=84598540 D6=84598540 D7=101F00 A0=100500 A1=108902 A2=4ABB4 A3=108F4A A4=101F00 A5=108000 A6=108E74 PC=4844 -- 004844: cmp.w   ($2c,A0), D0
D0=F0064 D1=500 D2=100500 D3=0 D4=16405000 D5=84598540 D6=84598540 D7=101F00 A0=100500 A1=108902 A2=4ABB4 A3=108F4A A4=101F00 A5=108000 A6=108E74 PC=4848 -- 004848: bcc     $4836
D0=F0064 D1=500 D2=100500 D3=0 D4=16405000 D5=84598540 D6=84598540 D7=101F00 A0=100500 A1=108902 A2=4ABB4 A3=108F4A A4=101F00 A5=108000 A6=108E74 PC=4836 -- 004836: move.w  (A1)+, D1
D0=F0064 D1=700 D2=100500 D3=0 D4=16405000 D5=84598540 D6=84598540 D7=101F00 A0=100500 A1=108904 A2=4ABB4 A3=108F4A A4=101F00 A5=108000 A6=108E74 PC=4838 -- 004838: beq     $485a
D0=F0064 D1=700 D2=100500 D3=0 D4=16405000 D5=84598540 D6=84598540 D7=101F00 A0=100500 A1=108904 A2=4ABB4 A3=108F4A A4=101F00 A5=108000 A6=108E74 PC=483A -- 00483A: move.l  #$100000, D2
D0=F0064 D1=700 D2=100000 D3=0 D4=16405000 D5=84598540 D6=84598540 D7=101F00 A0=100500 A1=108904 A2=4ABB4 A3=108F4A A4=101F00 A5=108000 A6=108E74 PC=4840 -- 004840: move.w  D1, D2
D0=F0064 D1=700 D2=100700 D3=0 D4=16405000 D5=84598540 D6=84598540 D7=101F00 A0=100500 A1=108904 A2=4ABB4 A3=108F4A A4=101F00 A5=108000 A6=108E74 PC=4842 -- 004842: movea.l D2, A0
D0=F0064 D1=700 D2=100700 D3=0 D4=16405000 D5=84598540 D6=84598540 D7=101F00 A0=100700 A1=108904 A2=4ABB4 A3=108F4A A4=101F00 A5=108000 A6=108E74 PC=4844 -- 004844: cmp.w   ($2c,A0), D0
D0=F0064 D1=700 D2=100700 D3=0 D4=16405000 D5=84598540 D6=84598540 D7=101F00 A0=100700 A1=108904 A2=4ABB4 A3=108F4A A4=101F00 A5=108000 A6=108E74 PC=4848 -- 004848: bcc     $4836

   (loops for 37 instructions)

D0=F0064 D1=0 D2=101B00 D3=0 D4=16405000 D5=84598540 D6=84598540 D7=101F00 A0=101B00 A1=108910 A2=4ABB4 A3=108F4A A4=101F00 A5=108000 A6=108E74 PC=485A -- 00485A: move.w  A4, (-$2,A1)
D0=F0064 D1=0 D2=101B00 D3=0 D4=16405000 D5=84598540 D6=84598540 D7=101F00 A0=101B00 A1=108910 A2=4ABB4 A3=108F4A A4=101F00 A5=108000 A6=108E74 PC=485E -- 00485E: rts
D0=F0064 D1=0 D2=101B00 D3=0 D4=16405000 D5=84598540 D6=84598540 D7=101F00 A0=101B00 A1=108910 A2=4ABB4 A3=108F4A A4=101F00 A5=108000 A6=108E74 PC=32B3C -- 032B3C: move.l  A4, D7
D0=F0064 D1=0 D2=101B00 D3=0 D4=16405000 D5=84598540 D6=84598540 D7=101F00 A0=101B00 A1=108910 A2=4ABB4 A3=108F4A A4=101F00 A5=108000 A6=108E74 PC=32B3E -- 032B3E: move.w  ($4,A4), D7
D0=F0064 D1=0 D2=101B00 D3=0 D4=16405000 D5=84598540 D6=84598540 D7=102100 A0=101B00 A1=108910 A2=4ABB4 A3=108F4A A4=101F00 A5=108000 A6=108E74 PC=32B42 -- 032B42: bpl     $32b36
D0=F0064 D1=0 D2=101B00 D3=0 D4=16405000 D5=84598540 D6=84598540 D7=102100 A0=101B00 A1=108910 A2=4ABB4 A3=108F4A A4=101F00 A5=108000 A6=108E74 PC=32B36 -- 032B36: movea.l D7, A4
D0=F0064 D1=0 D2=101B00 D3=0 D4=16405000 D5=84598540 D6=84598540 D7=102100 A0=101B00 A1=108910 A2=4ABB4 A3=108F4A A4=102100 A5=108000 A6=108E74 PC=32B38 -- 032B38: movea.l (A4), A0
D0=F0064 D1=0 D2=101B00 D3=0 D4=16405000 D5=84598540 D6=84598540 D7=102100 A0=3A89C A1=108910 A2=4ABB4 A3=108F4A A4=102100 A5=108000 A6=108E74 PC=32B3A -- 032B3A: jsr     (A0)
D0=F0064 D1=0 D2=101B00 D3=0 D4=16405000 D5=84598540 D6=84598540 D7=102100 A0=3A89C A1=108910 A2=4ABB4 A3=108F4A A4=102100 A5=108000 A6=108E74 PC=3A89C -- 03A89C: tst.b   ($7a,A4)
D0=F0064 D1=0 D2=101B00 D3=0 D4=16405000 D5=84598540 D6=84598540 D7=102100 A0=3A89C A1=108910 A2=4ABB4 A3=108F4A A4=102100 A5=108000 A6=108E74 PC=3A8A0 -- 03A8A0: bmi     $3a8ca
D0=F0064 D1=0 D2=101B00 D3=0 D4=16405000 D5=84598540 D6=84598540 D7=102100 A0=3A89C A1=108910 A2=4ABB4 A3=108F4A A4=102100 A5=108000 A6=108E74 PC=3A8A4 -- 03A8A4: move.l  ($54,A4), D0
D0=1800 D1=0 D2=101B00 D3=0 D4=16405000 D5=84598540 D6=84598540 D7=102100 A0=3A89C A1=108910 A2=4ABB4 A3=108F4A A4=102100 A5=108000 A6=108E74 PC=3A8A8 -- 03A8A8: addi.l  #$1800, ($54,A4)
D0=1800 D1=0 D2=101B00 D3=0 D4=16405000 D5=84598540 D6=84598540 D7=102100 A0=3A89C A1=108910 A2=4ABB4 A3=108F4A A4=102100 A5=108000 A6=108E74 PC=3A8B0 -- 03A8B0: sub.l   D0, ($1c,A4)
D0=1800 D1=0 D2=101B00 D3=0 D4=16405000 D5=84598540 D6=84598540 D7=102100 A0=3A89C A1=108910 A2=4ABB4 A3=108F4A A4=102100 A5=108000 A6=108E74 PC=3A8B4 -- 03A8B4: move.b  (-$7f79,A5), D0
D0=1862 D1=0 D2=101B00 D3=0 D4=16405000 D5=84598540 D6=84598540 D7=102100 A0=3A89C A1=108910 A2=4ABB4 A3=108F4A A4=102100 A5=108000 A6=108E74 PC=3A8B8 -- 03A8B8: andi.b  #$1, D0
D0=1800 D1=0 D2=101B00 D3=0 D4=16405000 D5=84598540 D6=84598540 D7=102100 A0=3A89C A1=108910 A2=4ABB4 A3=108F4A A4=102100 A5=108000 A6=108E74 PC=3A8BC -- 03A8BC: move.b  ($cf,A4), D1
D0=1800 D1=0 D2=101B00 D3=0 D4=16405000 D5=84598540 D6=84598540 D7=102100 A0=3A89C A1=108910 A2=4ABB4 A3=108F4A A4=102100 A5=108000 A6=108E74 PC=3A8C0 -- 03A8C0: eor.b   D1, D0
D0=1800 D1=0 D2=101B00 D3=0 D4=16405000 D5=84598540 D6=84598540 D7=102100 A0=3A89C A1=108910 A2=4ABB4 A3=108F4A A4=102100 A5=108000 A6=108E74 PC=3A8C2 -- 03A8C2: bne     $3890a
D0=1800 D1=0 D2=101B00 D3=0 D4=16405000 D5=84598540 D6=84598540 D7=102100 A0=3A89C A1=108910 A2=4ABB4 A3=108F4A A4=102100 A5=108000 A6=108E74 PC=3A8C6 -- 03A8C6: beq     $3891c
D0=1800 D1=0 D2=101B00 D3=0 D4=16405000 D5=84598540 D6=84598540 D7=102100 A0=3A89C A1=108910 A2=4ABB4 A3=108F4A A4=102100 A5=108000 A6=108E74 PC=3891C -- 03891C: jsr     $48e6.l
D0=1800 D1=0 D2=101B00 D3=0 D4=16405000 D5=84598540 D6=84598540 D7=102100 A0=3A89C A1=108910 A2=4ABB4 A3=108F4A A4=102100 A5=108000 A6=108E74 PC=48E6 -- 0048E6: move.w  ($70,A4), D0
D0=1B D1=0 D2=101B00 D3=0 D4=16405000 D5=84598540 D6=84598540 D7=102100 A0=3A89C A1=108910 A2=4ABB4 A3=108F4A A4=102100 A5=108000 A6=108E74 PC=48EA -- 0048EA: cmp.b   ($78,A4), D0
D0=1B D1=0 D2=101B00 D3=0 D4=16405000 D5=84598540 D6=84598540 D7=102100 A0=3A89C A1=108910 A2=4ABB4 A3=108F4A A4=102100 A5=108000 A6=108E74 PC=48EE -- 0048EE: bne     $491c
D0=1B D1=0 D2=101B00 D3=0 D4=16405000 D5=84598540 D6=84598540 D7=102100 A0=3A89C A1=108910 A2=4ABB4 A3=108F4A A4=102100 A5=108000 A6=108E74 PC=48F0 -- 0048F0: move.w  ($72,A4), D0
D0=30 D1=0 D2=101B00 D3=0 D4=16405000 D5=84598540 D6=84598540 D7=102100 A0=3A89C A1=108910 A2=4ABB4 A3=108F4A A4=102100 A5=108000 A6=108E74 PC=48F4 -- 0048F4: cmp.b   ($79,A4), D0
D0=30 D1=0 D2=101B00 D3=0 D4=16405000 D5=84598540 D6=84598540 D7=102100 A0=3A89C A1=108910 A2=4ABB4 A3=108F4A A4=102100 A5=108000 A6=108E74 PC=48F8 -- 0048F8: bne     $493c
D0=30 D1=0 D2=101B00 D3=0 D4=16405000 D5=84598540 D6=84598540 D7=102100 A0=3A89C A1=108910 A2=4ABB4 A3=108F4A A4=102100 A5=108000 A6=108E74 PC=493C -- 00493C: move.b  D0, ($79,A4)
D0=30 D1=0 D2=101B00 D3=0 D4=16405000 D5=84598540 D6=84598540 D7=102100 A0=3A89C A1=108910 A2=4ABB4 A3=108F4A A4=102100 A5=108000 A6=108E74 PC=4940 -- 004940: clr.w   ($74,A4)
D0=30 D1=0 D2=101B00 D3=0 D4=16405000 D5=84598540 D6=84598540 D7=102100 A0=3A89C A1=108910 A2=4ABB4 A3=108F4A A4=102100 A5=108000 A6=108E74 PC=4944 -- 004944: clr.w   ($7e,A4)
D0=30 D1=0 D2=101B00 D3=0 D4=16405000 D5=84598540 D6=84598540 D7=102100 A0=3A89C A1=108910 A2=4ABB4 A3=108F4A A4=102100 A5=108000 A6=108E74 PC=4948 -- 004948: clr.b   ($7d,A4)
D0=30 D1=0 D2=101B00 D3=0 D4=16405000 D5=84598540 D6=84598540 D7=102100 A0=3A89C A1=108910 A2=4ABB4 A3=108F4A A4=102100 A5=108000 A6=108E74 PC=494C -- 00494C: andi.w  #$efff, ($e6,A4)
D0=30 D1=0 D2=101B00 D3=0 D4=16405000 D5=84598540 D6=84598540 D7=102100 A0=3A89C A1=108910 A2=4ABB4 A3=108F4A A4=102100 A5=108000 A6=108E74 PC=4952 -- 004952: bsr     $49f8
D0=30 D1=0 D2=101B00 D3=0 D4=16405000 D5=84598540 D6=84598540 D7=102100 A0=3A89C A1=108910 A2=4ABB4 A3=108F4A A4=102100 A5=108000 A6=108E74 PC=49F8 -- 0049F8: lea     ($90,A4), A0
D0=30 D1=0 D2=101B00 D3=0 D4=16405000 D5=84598540 D6=84598540 D7=102100 A0=102190 A1=108910 A2=4ABB4 A3=108F4A A4=102100 A5=108000 A6=108E74 PC=49FC -- 0049FC: clr.b   (A0)
D0=30 D1=0 D2=101B00 D3=0 D4=16405000 D5=84598540 D6=84598540 D7=102100 A0=102190 A1=108910 A2=4ABB4 A3=108F4A A4=102100 A5=108000 A6=108E74 PC=49FE -- 0049FE: clr.b   ($5,A0)
D0=30 D1=0 D2=101B00 D3=0 D4=16405000 D5=84598540 D6=84598540 D7=102100 A0=102190 A1=108910 A2=4ABB4 A3=108F4A A4=102100 A5=108000 A6=108E74 PC=4A02 -- 004A02: clr.b   ($a,A0)
D0=30 D1=0 D2=101B00 D3=0 D4=16405000 D5=84598540 D6=84598540 D7=102100 A0=102190 A1=108910 A2=4ABB4 A3=108F4A A4=102100 A5=108000 A6=108E74 PC=4A06 -- 004A06: clr.b   ($f,A0)
D0=30 D1=0 D2=101B00 D3=0 D4=16405000 D5=84598540 D6=84598540 D7=102100 A0=102190 A1=108910 A2=4ABB4 A3=108F4A A4=102100 A5=108000 A6=108E74 PC=4A0A -- 004A0A: rts
D0=30 D1=0 D2=101B00 D3=0 D4=16405000 D5=84598540 D6=84598540 D7=102100 A0=102190 A1=108910 A2=4ABB4 A3=108F4A A4=102100 A5=108000 A6=108E74 PC=4956 -- 004956: bsr     $4962
D0=30 D1=0 D2=101B00 D3=0 D4=16405000 D5=84598540 D6=84598540 D7=102100 A0=102190 A1=108910 A2=4ABB4 A3=108F4A A4=102100 A5=108000 A6=108E74 PC=4962 -- 004962: lea     $7bf48.l, A0
D0=30 D1=0 D2=101B00 D3=0 D4=16405000 D5=84598540 D6=84598540 D7=102100 A0=7BF48 A1=108910 A2=4ABB4 A3=108F4A A4=102100 A5=108000 A6=108E74 PC=4968 -- 004968: move.w  ($70,A4), D0
D0=1B D1=0 D2=101B00 D3=0 D4=16405000 D5=84598540 D6=84598540 D7=102100 A0=7BF48 A1=108910 A2=4ABB4 A3=108F4A A4=102100 A5=108000 A6=108E74 PC=496C -- 00496C: add.w   D0, D0
D0=36 D1=0 D2=101B00 D3=0 D4=16405000 D5=84598540 D6=84598540 D7=102100 A0=7BF48 A1=108910 A2=4ABB4 A3=108F4A A4=102100 A5=108000 A6=108E74 PC=496E -- 00496E: add.w   D0, D0
D0=6C D1=0 D2=101B00 D3=0 D4=16405000 D5=84598540 D6=84598540 D7=102100 A0=7BF48 A1=108910 A2=4ABB4 A3=108F4A A4=102100 A5=108000 A6=108E74 PC=4970 -- 004970: movea.l (A0,D0.w), A0
D0=6C D1=0 D2=101B00 D3=0 D4=16405000 D5=84598540 D6=84598540 D7=102100 A0=7F5E0 A1=108910 A2=4ABB4 A3=108F4A A4=102100 A5=108000 A6=108E74 PC=4974 -- 004974: move.w  ($72,A4), D0
D0=30 D1=0 D2=101B00 D3=0 D4=16405000 D5=84598540 D6=84598540 D7=102100 A0=7F5E0 A1=108910 A2=4ABB4 A3=108F4A A4=102100 A5=108000 A6=108E74 PC=4978 -- 004978: add.w   D0, D0
D0=60 D1=0 D2=101B00 D3=0 D4=16405000 D5=84598540 D6=84598540 D7=102100 A0=7F5E0 A1=108910 A2=4ABB4 A3=108F4A A4=102100 A5=108000 A6=108E74 PC=497A -- 00497A: move.w  (A0,D0.w), ($46de,A5)
D0=60 D1=0 D2=101B00 D3=0 D4=16405000 D5=84598540 D6=84598540 D7=102100 A0=7F5E0 A1=108910 A2=4ABB4 A3=108F4A A4=102100 A5=108000 A6=108E74 PC=4980 -- 004980: lea     $80000.l, A0
D0=60 D1=0 D2=101B00 D3=0 D4=16405000 D5=84598540 D6=84598540 D7=102100 A0=80000 A1=108910 A2=4ABB4 A3=108F4A A4=102100 A5=108000 A6=108E74 PC=4986 -- 004986: move.w  ($70,A4), D0
D0=1B D1=0 D2=101B00 D3=0 D4=16405000 D5=84598540 D6=84598540 D7=102100 A0=80000 A1=108910 A2=4ABB4 A3=108F4A A4=102100 A5=108000 A6=108E74 PC=498A -- 00498A: add.w   D0, D0
D0=36 D1=0 D2=101B00 D3=0 D4=16405000 D5=84598540 D6=84598540 D7=102100 A0=80000 A1=108910 A2=4ABB4 A3=108F4A A4=102100 A5=108000 A6=108E74 PC=498C -- 00498C: add.w   D0, D0
D0=6C D1=0 D2=101B00 D3=0 D4=16405000 D5=84598540 D6=84598540 D7=102100 A0=80000 A1=108910 A2=4ABB4 A3=108F4A A4=102100 A5=108000 A6=108E74 PC=498E -- 00498E: movea.l (A0,D0.w), A0
D0=6C D1=0 D2=101B00 D3=0 D4=16405000 D5=84598540 D6=84598540 D7=102100 A0=86E00 A1=108910 A2=4ABB4 A3=108F4A A4=102100 A5=108000 A6=108E74 PC=4992 -- 004992: move.w  ($46de,A5), D0
D0=3030 D1=0 D2=101B00 D3=0 D4=16405000 D5=84598540 D6=84598540 D7=102100 A0=86E00 A1=108910 A2=4ABB4 A3=108F4A A4=102100 A5=108000 A6=108E74 PC=4996 -- 004996: tst.b   ($46e2,A5)
D0=3030 D1=0 D2=101B00 D3=0 D4=16405000 D5=84598540 D6=84598540 D7=102100 A0=86E00 A1=108910 A2=4ABB4 A3=108F4A A4=102100 A5=108000 A6=108E74 PC=499A -- 00499A: beq     $49a0
D0=3030 D1=0 D2=101B00 D3=0 D4=16405000 D5=84598540 D6=84598540 D7=102100 A0=86E00 A1=108910 A2=4ABB4 A3=108F4A A4=102100 A5=108000 A6=108E74 PC=49A0 -- 0049A0: andi.w  #$ff, D0
D0=30 D1=0 D2=101B00 D3=0 D4=16405000 D5=84598540 D6=84598540 D7=102100 A0=86E00 A1=108910 A2=4ABB4 A3=108F4A A4=102100 A5=108000 A6=108E74 PC=49A4 -- 0049A4: add.w   D0, D0
D0=60 D1=0 D2=101B00 D3=0 D4=16405000 D5=84598540 D6=84598540 D7=102100 A0=86E00 A1=108910 A2=4ABB4 A3=108F4A A4=102100 A5=108000 A6=108E74 PC=49A6 -- 0049A6: add.w   D0, D0
D0=C0 D1=0 D2=101B00 D3=0 D4=16405000 D5=84598540 D6=84598540 D7=102100 A0=86E00 A1=108910 A2=4ABB4 A3=108F4A A4=102100 A5=108000 A6=108E74 PC=49A8 -- 0049A8: movea.l (A0,D0.w), A0
D0=C0 D1=0 D2=101B00 D3=0 D4=16405000 D5=84598540 D6=84598540 D7=102100 A0=F306C A1=108910 A2=4ABB4 A3=108F4A A4=102100 A5=108000 A6=108E74 PC=49AC -- 0049AC: move.w  ($74,A4), D0
D0=0 D1=0 D2=101B00 D3=0 D4=16405000 D5=84598540 D6=84598540 D7=102100 A0=F306C A1=108910 A2=4ABB4 A3=108F4A A4=102100 A5=108000 A6=108E74 PC=49B0 -- 0049B0: adda.w  D0, A0
D0=0 D1=0 D2=101B00 D3=0 D4=16405000 D5=84598540 D6=84598540 D7=102100 A0=F306C A1=108910 A2=4ABB4 A3=108F4A A4=102100 A5=108000 A6=108E74 PC=49B2 -- 0049B2: move.b  (A0), ($76,A4)
D0=0 D1=0 D2=101B00 D3=0 D4=16405000 D5=84598540 D6=84598540 D7=102100 A0=F306C A1=108910 A2=4ABB4 A3=108F4A A4=102100 A5=108000 A6=108E74 PC=49B6 -- 0049B6: bmi     $4a22
D0=0 D1=0 D2=101B00 D3=0 D4=16405000 D5=84598540 D6=84598540 D7=102100 A0=F306C A1=108910 A2=4ABB4 A3=108F4A A4=102100 A5=108000 A6=108E74 PC=49BA -- 0049BA: move.b  ($81,A4), D0
D0=0 D1=0 D2=101B00 D3=0 D4=16405000 D5=84598540 D6=84598540 D7=102100 A0=F306C A1=108910 A2=4ABB4 A3=108F4A A4=102100 A5=108000 A6=108E74 PC=49BE -- 0049BE: tst.b   ($7d,A4)
D0=0 D1=0 D2=101B00 D3=0 D4=16405000 D5=84598540 D6=84598540 D7=102100 A0=F306C A1=108910 A2=4ABB4 A3=108F4A A4=102100 A5=108000 A6=108E74 PC=49C2 -- 0049C2: beq     $49c8
D0=0 D1=0 D2=101B00 D3=0 D4=16405000 D5=84598540 D6=84598540 D7=102100 A0=F306C A1=108910 A2=4ABB4 A3=108F4A A4=102100 A5=108000 A6=108E74 PC=49C8 -- 0049C8: add.b   ($7d,A4), D0
D0=0 D1=0 D2=101B00 D3=0 D4=16405000 D5=84598540 D6=84598540 D7=102100 A0=F306C A1=108910 A2=4ABB4 A3=108F4A A4=102100 A5=108000 A6=108E74 PC=49CC -- 0049CC: add.b   D0, ($76,A4)
D0=0 D1=0 D2=101B00 D3=0 D4=16405000 D5=84598540 D6=84598540 D7=102100 A0=F306C A1=108910 A2=4ABB4 A3=108F4A A4=102100 A5=108000 A6=108E74 PC=49D0 -- 0049D0: bgt     $49d8
D0=0 D1=0 D2=101B00 D3=0 D4=16405000 D5=84598540 D6=84598540 D7=102100 A0=F306C A1=108910 A2=4ABB4 A3=108F4A A4=102100 A5=108000 A6=108E74 PC=49D8 -- 0049D8: addq.w  #1, ($7e,A4)
D0=0 D1=0 D2=101B00 D3=0 D4=16405000 D5=84598540 D6=84598540 D7=102100 A0=F306C A1=108910 A2=4ABB4 A3=108F4A A4=102100 A5=108000 A6=108E74 PC=49DC -- 0049DC: move.b  ($4,A0), ($7a,A4)
D0=0 D1=0 D2=101B00 D3=0 D4=16405000 D5=84598540 D6=84598540 D7=102100 A0=F306C A1=108910 A2=4ABB4 A3=108F4A A4=102100 A5=108000 A6=108E74 PC=49E2 -- 0049E2: move.b  ($5,A0), ($7b,A4)
D0=0 D1=0 D2=101B00 D3=0 D4=16405000 D5=84598540 D6=84598540 D7=102100 A0=F306C A1=108910 A2=4ABB4 A3=108F4A A4=102100 A5=108000 A6=108E74 PC=49E8 -- 0049E8: move.l  (A0), D0
D0=20F129C D1=0 D2=101B00 D3=0 D4=16405000 D5=84598540 D6=84598540 D7=102100 A0=F306C A1=108910 A2=4ABB4 A3=108F4A A4=102100 A5=108000 A6=108E74 PC=49EA -- 0049EA: movea.l D0, A0
D0=20F129C D1=0 D2=101B00 D3=0 D4=16405000 D5=84598540 D6=84598540 D7=102100 A0=20F129C A1=108910 A2=4ABB4 A3=108F4A A4=102100 A5=108000 A6=108E74 PC=49EC -- 0049EC: move.w  (A0), ($6a,A4)
D0=20F129C D1=0 D2=101B00 D3=0 D4=16405000 D5=84598540 D6=84598540 D7=102100 A0=20F129C A1=108910 A2=4ABB4 A3=108F4A A4=102100 A5=108000 A6=108E74 PC=49F0 -- 0049F0: move.w  ($2,A0), ($6c,A4)
D0=20F129C D1=0 D2=101B00 D3=0 D4=16405000 D5=84598540 D6=84598540 D7=102100 A0=20F129C A1=108910 A2=4ABB4 A3=108F4A A4=102100 A5=108000 A6=108E74 PC=49F6 -- 0049F6: rts
D0=20F129C D1=0 D2=101B00 D3=0 D4=16405000 D5=84598540 D6=84598540 D7=102100 A0=20F129C A1=108910 A2=4ABB4 A3=108F4A A4=102100 A5=108000 A6=108E74 PC=495A -- 00495A: bra     $4906
D0=20F129C D1=0 D2=101B00 D3=0 D4=16405000 D5=84598540 D6=84598540 D7=102100 A0=20F129C A1=108910 A2=4ABB4 A3=108F4A A4=102100 A5=108000 A6=108E74 PC=4906 -- 004906: subq.b  #1, ($76,A4)
D0=20F129C D1=0 D2=101B00 D3=0 D4=16405000 D5=84598540 D6=84598540 D7=102100 A0=20F129C A1=108910 A2=4ABB4 A3=108F4A A4=102100 A5=108000 A6=108E74 PC=490A -- 00490A: bhi     $491a
D0=20F129C D1=0 D2=101B00 D3=0 D4=16405000 D5=84598540 D6=84598540 D7=102100 A0=20F129C A1=108910 A2=4ABB4 A3=108F4A A4=102100 A5=108000 A6=108E74 PC=491A -- 00491A: rts
D0=20F129C D1=0 D2=101B00 D3=0 D4=16405000 D5=84598540 D6=84598540 D7=102100 A0=20F129C A1=108910 A2=4ABB4 A3=108F4A A4=102100 A5=108000 A6=108E74 PC=38922 -- 038922: rts
D0=20F129C D1=0 D2=101B00 D3=0 D4=16405000 D5=84598540 D6=84598540 D7=102100 A0=20F129C A1=108910 A2=4ABB4 A3=108F4A A4=102100 A5=108000 A6=108E74 PC=32B3C -- 032B3C: move.l  A4, D7
D0=20F129C D1=0 D2=101B00 D3=0 D4=16405000 D5=84598540 D6=84598540 D7=102100 A0=20F129C A1=108910 A2=4ABB4 A3=108F4A A4=102100 A5=108000 A6=108E74 PC=32B3E -- 032B3E: move.w  ($4,A4), D7
D0=20F129C D1=0 D2=101B00 D3=0 D4=16405000 D5=84598540 D6=84598540 D7=102300 A0=20F129C A1=108910 A2=4ABB4 A3=108F4A A4=102100 A5=108000 A6=108E74 PC=32B42 -- 032B42: bpl     $32b36
D0=20F129C D1=0 D2=101B00 D3=0 D4=16405000 D5=84598540 D6=84598540 D7=102300 A0=20F129C A1=108910 A2=4ABB4 A3=108F4A A4=102100 A5=108000 A6=108E74 PC=32B36 -- 032B36: movea.l D7, A4
D0=20F129C D1=0 D2=101B00 D3=0 D4=16405000 D5=84598540 D6=84598540 D7=102300 A0=20F129C A1=108910 A2=4ABB4 A3=108F4A A4=102300 A5=108000 A6=108E74 PC=32B38 -- 032B38: movea.l (A4), A0
D0=20F129C D1=0 D2=101B00 D3=0 D4=16405000 D5=84598540 D6=84598540 D7=102300 A0=3A89C A1=108910 A2=4ABB4 A3=108F4A A4=102300 A5=108000 A6=108E74 PC=32B3A -- 032B3A: jsr     (A0)
D0=20F129C D1=0 D2=101B00 D3=0 D4=16405000 D5=84598540 D6=84598540 D7=102300 A0=3A89C A1=108910 A2=4ABB4 A3=108F4A A4=102300 A5=108000 A6=108E74 PC=3A89C -- 03A89C: tst.b   ($7a,A4)
D0=20F129C D1=0 D2=101B00 D3=0 D4=16405000 D5=84598540 D6=84598540 D7=102300 A0=3A89C A1=108910 A2=4ABB4 A3=108F4A A4=102300 A5=108000 A6=108E74 PC=3A8A0 -- 03A8A0: bmi     $3a8ca
D0=20F129C D1=0 D2=101B00 D3=0 D4=16405000 D5=84598540 D6=84598540 D7=102300 A0=3A89C A1=108910 A2=4ABB4 A3=108F4A A4=102300 A5=108000 A6=108E74 PC=3A8A4 -- 03A8A4: move.l  ($54,A4), D0
D0=1800 D1=0 D2=101B00 D3=0 D4=16405000 D5=84598540 D6=84598540 D7=102300 A0=3A89C A1=108910 A2=4ABB4 A3=108F4A A4=102300 A5=108000 A6=108E74 PC=3A8A8 -- 03A8A8: addi.l  #$1800, ($54,A4)
D0=1800 D1=0 D2=101B00 D3=0 D4=16405000 D5=84598540 D6=84598540 D7=102300 A0=3A89C A1=108910 A2=4ABB4 A3=108F4A A4=102300 A5=108000 A6=108E74 PC=3A8B0 -- 03A8B0: sub.l   D0, ($1c,A4)
D0=1800 D1=0 D2=101B00 D3=0 D4=16405000 D5=84598540 D6=84598540 D7=102300 A0=3A89C A1=108910 A2=4ABB4 A3=108F4A A4=102300 A5=108000 A6=108E74 PC=3A8B4 -- 03A8B4: move.b  (-$7f79,A5), D0
D0=1862 D1=0 D2=101B00 D3=0 D4=16405000 D5=84598540 D6=84598540 D7=102300 A0=3A89C A1=108910 A2=4ABB4 A3=108F4A A4=102300 A5=108000 A6=108E74 PC=3A8B8 -- 03A8B8: andi.b  #$1, D0
D0=1800 D1=0 D2=101B00 D3=0 D4=16405000 D5=84598540 D6=84598540 D7=102300 A0=3A89C A1=108910 A2=4ABB4 A3=108F4A A4=102300 A5=108000 A6=108E74 PC=3A8BC -- 03A8BC: move.b  ($cf,A4), D1
D0=1800 D1=1 D2=101B00 D3=0 D4=16405000 D5=84598540 D6=84598540 D7=102300 A0=3A89C A1=108910 A2=4ABB4 A3=108F4A A4=102300 A5=108000 A6=108E74 PC=3A8C0 -- 03A8C0: eor.b   D1, D0
D0=1801 D1=1 D2=101B00 D3=0 D4=16405000 D5=84598540 D6=84598540 D7=102300 A0=3A89C A1=108910 A2=4ABB4 A3=108F4A A4=102300 A5=108000 A6=108E74 PC=3A8C2 -- 03A8C2: bne     $3890a
D0=1801 D1=1 D2=101B00 D3=0 D4=16405000 D5=84598540 D6=84598540 D7=102300 A0=3A89C A1=108910 A2=4ABB4 A3=108F4A A4=102300 A5=108000 A6=108E74 PC=3890A -- 03890A: jsr     $48e6.l
D0=1801 D1=1 D2=101B00 D3=0 D4=16405000 D5=84598540 D6=84598540 D7=102300 A0=3A89C A1=108910 A2=4ABB4 A3=108F4A A4=102300 A5=108000 A6=108E74 PC=48E6 -- 0048E6: move.w  ($70,A4), D0
D0=1B D1=1 D2=101B00 D3=0 D4=16405000 D5=84598540 D6=84598540 D7=102300 A0=3A89C A1=108910 A2=4ABB4 A3=108F4A A4=102300 A5=108000 A6=108E74 PC=48EA -- 0048EA: cmp.b   ($78,A4), D0
D0=1B D1=1 D2=101B00 D3=0 D4=16405000 D5=84598540 D6=84598540 D7=102300 A0=3A89C A1=108910 A2=4ABB4 A3=108F4A A4=102300 A5=108000 A6=108E74 PC=48EE -- 0048EE: bne     $491c
D0=1B D1=1 D2=101B00 D3=0 D4=16405000 D5=84598540 D6=84598540 D7=102300 A0=3A89C A1=108910 A2=4ABB4 A3=108F4A A4=102300 A5=108000 A6=108E74 PC=48F0 -- 0048F0: move.w  ($72,A4), D0
D0=30 D1=1 D2=101B00 D3=0 D4=16405000 D5=84598540 D6=84598540 D7=102300 A0=3A89C A1=108910 A2=4ABB4 A3=108F4A A4=102300 A5=108000 A6=108E74 PC=48F4 -- 0048F4: cmp.b   ($79,A4), D0
D0=30 D1=1 D2=101B00 D3=0 D4=16405000 D5=84598540 D6=84598540 D7=102300 A0=3A89C A1=108910 A2=4ABB4 A3=108F4A A4=102300 A5=108000 A6=108E74 PC=48F8 -- 0048F8: bne     $493c
D0=30 D1=1 D2=101B00 D3=0 D4=16405000 D5=84598540 D6=84598540 D7=102300 A0=3A89C A1=108910 A2=4ABB4 A3=108F4A A4=102300 A5=108000 A6=108E74 PC=493C -- 00493C: move.b  D0, ($79,A4)
D0=30 D1=1 D2=101B00 D3=0 D4=16405000 D5=84598540 D6=84598540 D7=102300 A0=3A89C A1=108910 A2=4ABB4 A3=108F4A A4=102300 A5=108000 A6=108E74 PC=4940 -- 004940: clr.w   ($74,A4)
D0=30 D1=1 D2=101B00 D3=0 D4=16405000 D5=84598540 D6=84598540 D7=102300 A0=3A89C A1=108910 A2=4ABB4 A3=108F4A A4=102300 A5=108000 A6=108E74 PC=4944 -- 004944: clr.w   ($7e,A4)
D0=30 D1=1 D2=101B00 D3=0 D4=16405000 D5=84598540 D6=84598540 D7=102300 A0=3A89C A1=108910 A2=4ABB4 A3=108F4A A4=102300 A5=108000 A6=108E74 PC=4948 -- 004948: clr.b   ($7d,A4)
D0=30 D1=1 D2=101B00 D3=0 D4=16405000 D5=84598540 D6=84598540 D7=102300 A0=3A89C A1=108910 A2=4ABB4 A3=108F4A A4=102300 A5=108000 A6=108E74 PC=494C -- 00494C: andi.w  #$efff, ($e6,A4)
D0=30 D1=1 D2=101B00 D3=0 D4=16405000 D5=84598540 D6=84598540 D7=102300 A0=3A89C A1=108910 A2=4ABB4 A3=108F4A A4=102300 A5=108000 A6=108E74 PC=4952 -- 004952: bsr     $49f8
D0=30 D1=1 D2=101B00 D3=0 D4=16405000 D5=84598540 D6=84598540 D7=102300 A0=3A89C A1=108910 A2=4ABB4 A3=108F4A A4=102300 A5=108000 A6=108E74 PC=49F8 -- 0049F8: lea     ($90,A4), A0
D0=30 D1=1 D2=101B00 D3=0 D4=16405000 D5=84598540 D6=84598540 D7=102300 A0=102390 A1=108910 A2=4ABB4 A3=108F4A A4=102300 A5=108000 A6=108E74 PC=49FC -- 0049FC: clr.b   (A0)
D0=30 D1=1 D2=101B00 D3=0 D4=16405000 D5=84598540 D6=84598540 D7=102300 A0=102390 A1=108910 A2=4ABB4 A3=108F4A A4=102300 A5=108000 A6=108E74 PC=49FE -- 0049FE: clr.b   ($5,A0)
D0=30 D1=1 D2=101B00 D3=0 D4=16405000 D5=84598540 D6=84598540 D7=102300 A0=102390 A1=108910 A2=4ABB4 A3=108F4A A4=102300 A5=108000 A6=108E74 PC=4A02 -- 004A02: clr.b   ($a,A0)
D0=30 D1=1 D2=101B00 D3=0 D4=16405000 D5=84598540 D6=84598540 D7=102300 A0=102390 A1=108910 A2=4ABB4 A3=108F4A A4=102300 A5=108000 A6=108E74 PC=4A06 -- 004A06: clr.b   ($f,A0)
D0=30 D1=1 D2=101B00 D3=0 D4=16405000 D5=84598540 D6=84598540 D7=102300 A0=102390 A1=108910 A2=4ABB4 A3=108F4A A4=102300 A5=108000 A6=108E74 PC=4A0A -- 004A0A: rts
D0=30 D1=1 D2=101B00 D3=0 D4=16405000 D5=84598540 D6=84598540 D7=102300 A0=102390 A1=108910 A2=4ABB4 A3=108F4A A4=102300 A5=108000 A6=108E74 PC=4956 -- 004956: bsr     $4962
D0=30 D1=1 D2=101B00 D3=0 D4=16405000 D5=84598540 D6=84598540 D7=102300 A0=102390 A1=108910 A2=4ABB4 A3=108F4A A4=102300 A5=108000 A6=108E74 PC=4962 -- 004962: lea     $7bf48.l, A0
D0=30 D1=1 D2=101B00 D3=0 D4=16405000 D5=84598540 D6=84598540 D7=102300 A0=7BF48 A1=108910 A2=4ABB4 A3=108F4A A4=102300 A5=108000 A6=108E74 PC=4968 -- 004968: move.w  ($70,A4), D0
D0=1B D1=1 D2=101B00 D3=0 D4=16405000 D5=84598540 D6=84598540 D7=102300 A0=7BF48 A1=108910 A2=4ABB4 A3=108F4A A4=102300 A5=108000 A6=108E74 PC=496C -- 00496C: add.w   D0, D0
D0=36 D1=1 D2=101B00 D3=0 D4=16405000 D5=84598540 D6=84598540 D7=102300 A0=7BF48 A1=108910 A2=4ABB4 A3=108F4A A4=102300 A5=108000 A6=108E74 PC=496E -- 00496E: add.w   D0, D0
D0=6C D1=1 D2=101B00 D3=0 D4=16405000 D5=84598540 D6=84598540 D7=102300 A0=7BF48 A1=108910 A2=4ABB4 A3=108F4A A4=102300 A5=108000 A6=108E74 PC=4970 -- 004970: movea.l (A0,D0.w), A0
D0=6C D1=1 D2=101B00 D3=0 D4=16405000 D5=84598540 D6=84598540 D7=102300 A0=7F5E0 A1=108910 A2=4ABB4 A3=108F4A A4=102300 A5=108000 A6=108E74 PC=4974 -- 004974: move.w  ($72,A4), D0
D0=30 D1=1 D2=101B00 D3=0 D4=16405000 D5=84598540 D6=84598540 D7=102300 A0=7F5E0 A1=108910 A2=4ABB4 A3=108F4A A4=102300 A5=108000 A6=108E74 PC=4978 -- 004978: add.w   D0, D0
D0=60 D1=1 D2=101B00 D3=0 D4=16405000 D5=84598540 D6=84598540 D7=102300 A0=7F5E0 A1=108910 A2=4ABB4 A3=108F4A A4=102300 A5=108000 A6=108E74 PC=497A -- 00497A: move.w  (A0,D0.w), ($46de,A5)
D0=60 D1=1 D2=101B00 D3=0 D4=16405000 D5=84598540 D6=84598540 D7=102300 A0=7F5E0 A1=108910 A2=4ABB4 A3=108F4A A4=102300 A5=108000 A6=108E74 PC=4980 -- 004980: lea     $80000.l, A0
D0=60 D1=1 D2=101B00 D3=0 D4=16405000 D5=84598540 D6=84598540 D7=102300 A0=80000 A1=108910 A2=4ABB4 A3=108F4A A4=102300 A5=108000 A6=108E74 PC=4986 -- 004986: move.w  ($70,A4), D0
D0=1B D1=1 D2=101B00 D3=0 D4=16405000 D5=84598540 D6=84598540 D7=102300 A0=80000 A1=108910 A2=4ABB4 A3=108F4A A4=102300 A5=108000 A6=108E74 PC=498A -- 00498A: add.w   D0, D0
D0=36 D1=1 D2=101B00 D3=0 D4=16405000 D5=84598540 D6=84598540 D7=102300 A0=80000 A1=108910 A2=4ABB4 A3=108F4A A4=102300 A5=108000 A6=108E74 PC=498C -- 00498C: add.w   D0, D0
D0=6C D1=1 D2=101B00 D3=0 D4=16405000 D5=84598540 D6=84598540 D7=102300 A0=80000 A1=108910 A2=4ABB4 A3=108F4A A4=102300 A5=108000 A6=108E74 PC=498E -- 00498E: movea.l (A0,D0.w), A0
D0=6C D1=1 D2=101B00 D3=0 D4=16405000 D5=84598540 D6=84598540 D7=102300 A0=86E00 A1=108910 A2=4ABB4 A3=108F4A A4=102300 A5=108000 A6=108E74 PC=4992 -- 004992: move.w  ($46de,A5), D0
D0=3030 D1=1 D2=101B00 D3=0 D4=16405000 D5=84598540 D6=84598540 D7=102300 A0=86E00 A1=108910 A2=4ABB4 A3=108F4A A4=102300 A5=108000 A6=108E74 PC=4996 -- 004996: tst.b   ($46e2,A5)
D0=3030 D1=1 D2=101B00 D3=0 D4=16405000 D5=84598540 D6=84598540 D7=102300 A0=86E00 A1=108910 A2=4ABB4 A3=108F4A A4=102300 A5=108000 A6=108E74 PC=499A -- 00499A: beq     $49a0
D0=3030 D1=1 D2=101B00 D3=0 D4=16405000 D5=84598540 D6=84598540 D7=102300 A0=86E00 A1=108910 A2=4ABB4 A3=108F4A A4=102300 A5=108000 A6=108E74 PC=49A0 -- 0049A0: andi.w  #$ff, D0
D0=30 D1=1 D2=101B00 D3=0 D4=16405000 D5=84598540 D6=84598540 D7=102300 A0=86E00 A1=108910 A2=4ABB4 A3=108F4A A4=102300 A5=108000 A6=108E74 PC=49A4 -- 0049A4: add.w   D0, D0
D0=60 D1=1 D2=101B00 D3=0 D4=16405000 D5=84598540 D6=84598540 D7=102300 A0=86E00 A1=108910 A2=4ABB4 A3=108F4A A4=102300 A5=108000 A6=108E74 PC=49A6 -- 0049A6: add.w   D0, D0
D0=C0 D1=1 D2=101B00 D3=0 D4=16405000 D5=84598540 D6=84598540 D7=102300 A0=86E00 A1=108910 A2=4ABB4 A3=108F4A A4=102300 A5=108000 A6=108E74 PC=49A8 -- 0049A8: movea.l (A0,D0.w), A0
D0=C0 D1=1 D2=101B00 D3=0 D4=16405000 D5=84598540 D6=84598540 D7=102300 A0=F306C A1=108910 A2=4ABB4 A3=108F4A A4=102300 A5=108000 A6=108E74 PC=49AC -- 0049AC: move.w  ($74,A4), D0
D0=0 D1=1 D2=101B00 D3=0 D4=16405000 D5=84598540 D6=84598540 D7=102300 A0=F306C A1=108910 A2=4ABB4 A3=108F4A A4=102300 A5=108000 A6=108E74 PC=49B0 -- 0049B0: adda.w  D0, A0
D0=0 D1=1 D2=101B00 D3=0 D4=16405000 D5=84598540 D6=84598540 D7=102300 A0=F306C A1=108910 A2=4ABB4 A3=108F4A A4=102300 A5=108000 A6=108E74 PC=49B2 -- 0049B2: move.b  (A0), ($76,A4)
D0=0 D1=1 D2=101B00 D3=0 D4=16405000 D5=84598540 D6=84598540 D7=102300 A0=F306C A1=108910 A2=4ABB4 A3=108F4A A4=102300 A5=108000 A6=108E74 PC=49B6 -- 0049B6: bmi     $4a22
D0=0 D1=1 D2=101B00 D3=0 D4=16405000 D5=84598540 D6=84598540 D7=102300 A0=F306C A1=108910 A2=4ABB4 A3=108F4A A4=102300 A5=108000 A6=108E74 PC=49BA -- 0049BA: move.b  ($81,A4), D0
D0=0 D1=1 D2=101B00 D3=0 D4=16405000 D5=84598540 D6=84598540 D7=102300 A0=F306C A1=108910 A2=4ABB4 A3=108F4A A4=102300 A5=108000 A6=108E74 PC=49BE -- 0049BE: tst.b   ($7d,A4)
D0=0 D1=1 D2=101B00 D3=0 D4=16405000 D5=84598540 D6=84598540 D7=102300 A0=F306C A1=108910 A2=4ABB4 A3=108F4A A4=102300 A5=108000 A6=108E74 PC=49C2 -- 0049C2: beq     $49c8
D0=0 D1=1 D2=101B00 D3=0 D4=16405000 D5=84598540 D6=84598540 D7=102300 A0=F306C A1=108910 A2=4ABB4 A3=108F4A A4=102300 A5=108000 A6=108E74 PC=49C8 -- 0049C8: add.b   ($7d,A4), D0
D0=0 D1=1 D2=101B00 D3=0 D4=16405000 D5=84598540 D6=84598540 D7=102300 A0=F306C A1=108910 A2=4ABB4 A3=108F4A A4=102300 A5=108000 A6=108E74 PC=49CC -- 0049CC: add.b   D0, ($76,A4)
D0=0 D1=1 D2=101B00 D3=0 D4=16405000 D5=84598540 D6=84598540 D7=102300 A0=F306C A1=108910 A2=4ABB4 A3=108F4A A4=102300 A5=108000 A6=108E74 PC=49D0 -- 0049D0: bgt     $49d8
D0=0 D1=1 D2=101B00 D3=0 D4=16405000 D5=84598540 D6=84598540 D7=102300 A0=F306C A1=108910 A2=4ABB4 A3=108F4A A4=102300 A5=108000 A6=108E74 PC=49D8 -- 0049D8: addq.w  #1, ($7e,A4)
D0=0 D1=1 D2=101B00 D3=0 D4=16405000 D5=84598540 D6=84598540 D7=102300 A0=F306C A1=108910 A2=4ABB4 A3=108F4A A4=102300 A5=108000 A6=108E74 PC=49DC -- 0049DC: move.b  ($4,A0), ($7a,A4)
D0=0 D1=1 D2=101B00 D3=0 D4=16405000 D5=84598540 D6=84598540 D7=102300 A0=F306C A1=108910 A2=4ABB4 A3=108F4A A4=102300 A5=108000 A6=108E74 PC=49E2 -- 0049E2: move.b  ($5,A0), ($7b,A4)
D0=0 D1=1 D2=101B00 D3=0 D4=16405000 D5=84598540 D6=84598540 D7=102300 A0=F306C A1=108910 A2=4ABB4 A3=108F4A A4=102300 A5=108000 A6=108E74 PC=49E8 -- 0049E8: move.l  (A0), D0
D0=20F129C D1=1 D2=101B00 D3=0 D4=16405000 D5=84598540 D6=84598540 D7=102300 A0=F306C A1=108910 A2=4ABB4 A3=108F4A A4=102300 A5=108000 A6=108E74 PC=49EA -- 0049EA: movea.l D0, A0
D0=20F129C D1=1 D2=101B00 D3=0 D4=16405000 D5=84598540 D6=84598540 D7=102300 A0=20F129C A1=108910 A2=4ABB4 A3=108F4A A4=102300 A5=108000 A6=108E74 PC=49EC -- 0049EC: move.w  (A0), ($6a,A4)
D0=20F129C D1=1 D2=101B00 D3=0 D4=16405000 D5=84598540 D6=84598540 D7=102300 A0=20F129C A1=108910 A2=4ABB4 A3=108F4A A4=102300 A5=108000 A6=108E74 PC=49F0 -- 0049F0: move.w  ($2,A0), ($6c,A4)
D0=20F129C D1=1 D2=101B00 D3=0 D4=16405000 D5=84598540 D6=84598540 D7=102300 A0=20F129C A1=108910 A2=4ABB4 A3=108F4A A4=102300 A5=108000 A6=108E74 PC=49F6 -- 0049F6: rts
D0=20F129C D1=1 D2=101B00 D3=0 D4=16405000 D5=84598540 D6=84598540 D7=102300 A0=20F129C A1=108910 A2=4ABB4 A3=108F4A A4=102300 A5=108000 A6=108E74 PC=495A -- 00495A: bra     $4906
D0=20F129C D1=1 D2=101B00 D3=0 D4=16405000 D5=84598540 D6=84598540 D7=102300 A0=20F129C A1=108910 A2=4ABB4 A3=108F4A A4=102300 A5=108000 A6=108E74 PC=4906 -- 004906: subq.b  #1, ($76,A4)
D0=20F129C D1=1 D2=101B00 D3=0 D4=16405000 D5=84598540 D6=84598540 D7=102300 A0=20F129C A1=108910 A2=4ABB4 A3=108F4A A4=102300 A5=108000 A6=108E74 PC=490A -- 00490A: bhi     $491a
D0=20F129C D1=1 D2=101B00 D3=0 D4=16405000 D5=84598540 D6=84598540 D7=102300 A0=20F129C A1=108910 A2=4ABB4 A3=108F4A A4=102300 A5=108000 A6=108E74 PC=491A -- 00491A: rts
D0=20F129C D1=1 D2=101B00 D3=0 D4=16405000 D5=84598540 D6=84598540 D7=102300 A0=20F129C A1=108910 A2=4ABB4 A3=108F4A A4=102300 A5=108000 A6=108E74 PC=38910 -- 038910: jmp     $3e2e.l
D0=20F129C D1=1 D2=101B00 D3=0 D4=16405000 D5=84598540 D6=84598540 D7=102300 A0=20F129C A1=108910 A2=4ABB4 A3=108F4A A4=102300 A5=108000 A6=108E74 PC=3E2E -- 003E2E: tst.w   ($74,A4)
D0=20F129C D1=1 D2=101B00 D3=0 D4=16405000 D5=84598540 D6=84598540 D7=102300 A0=20F129C A1=108910 A2=4ABB4 A3=108F4A A4=102300 A5=108000 A6=108E74 PC=3E32 -- 003E32: bmi     $3e80
D0=20F129C D1=1 D2=101B00 D3=0 D4=16405000 D5=84598540 D6=84598540 D7=102300 A0=20F129C A1=108910 A2=4ABB4 A3=108F4A A4=102300 A5=108000 A6=108E74 PC=3E34 -- 003E34: btst    #$6, ($7c,A4)
D0=20F129C D1=1 D2=101B00 D3=0 D4=16405000 D5=84598540 D6=84598540 D7=102300 A0=20F129C A1=108910 A2=4ABB4 A3=108F4A A4=102300 A5=108000 A6=108E74 PC=3E3A -- 003E3A: bne     $3e78
D0=20F129C D1=1 D2=101B00 D3=0 D4=16405000 D5=84598540 D6=84598540 D7=102300 A0=20F129C A1=108910 A2=4ABB4 A3=108F4A A4=102300 A5=108000 A6=108E74 PC=3E3E -- 003E3E: moveq   #$0, D3
D0=20F129C D1=1 D2=101B00 D3=0 D4=16405000 D5=84598540 D6=84598540 D7=102300 A0=20F129C A1=108910 A2=4ABB4 A3=108F4A A4=102300 A5=108000 A6=108E74 PC=3E40 -- 003E40: move.b  ($82,A4), D3
D0=20F129C D1=1 D2=101B00 D3=0 D4=16405000 D5=84598540 D6=84598540 D7=102300 A0=20F129C A1=108910 A2=4ABB4 A3=108F4A A4=102300 A5=108000 A6=108E74 PC=3E44 -- 003E44: add.w   D3, D3
D0=20F129C D1=1 D2=101B00 D3=0 D4=16405000 D5=84598540 D6=84598540 D7=102300 A0=20F129C A1=108910 A2=4ABB4 A3=108F4A A4=102300 A5=108000 A6=108E74 PC=3E46 -- 003E46: add.w   D3, D3
D0=20F129C D1=1 D2=101B00 D3=0 D4=16405000 D5=84598540 D6=84598540 D7=102300 A0=20F129C A1=108910 A2=4ABB4 A3=108F4A A4=102300 A5=108000 A6=108E74 PC=3E48 -- 003E48: move.w  ($18,A4), D0
D0=20F00F0 D1=1 D2=101B00 D3=0 D4=16405000 D5=84598540 D6=84598540 D7=102300 A0=20F129C A1=108910 A2=4ABB4 A3=108F4A A4=102300 A5=108000 A6=108E74 PC=3E4C -- 003E4C: lea     ($104c,A5), A0
D0=20F00F0 D1=1 D2=101B00 D3=0 D4=16405000 D5=84598540 D6=84598540 D7=102300 A0=10904C A1=108910 A2=4ABB4 A3=108F4A A4=102300 A5=108000 A6=108E74 PC=3E50 -- 003E50: sub.w   (A0,D3.w), D0
D0=20F00F0 D1=1 D2=101B00 D3=0 D4=16405000 D5=84598540 D6=84598540 D7=102300 A0=10904C A1=108910 A2=4ABB4 A3=108F4A A4=102300 A5=108000 A6=108E74 PC=3E54 -- 003E54: addi.w  #$30, D0
D0=20F0120 D1=1 D2=101B00 D3=0 D4=16405000 D5=84598540 D6=84598540 D7=102300 A0=10904C A1=108910 A2=4ABB4 A3=108F4A A4=102300 A5=108000 A6=108E74 PC=3E58 -- 003E58: cmpi.w  #$1a0, D0
D0=20F0120 D1=1 D2=101B00 D3=0 D4=16405000 D5=84598540 D6=84598540 D7=102300 A0=10904C A1=108910 A2=4ABB4 A3=108F4A A4=102300 A5=108000 A6=108E74 PC=3E5C -- 003E5C: bls     $3e60
D0=20F0120 D1=1 D2=101B00 D3=0 D4=16405000 D5=84598540 D6=84598540 D7=102300 A0=10904C A1=108910 A2=4ABB4 A3=108F4A A4=102300 A5=108000 A6=108E74 PC=3E60 -- 003E60: move.w  ($1c,A4), D0
D0=20F008F D1=1 D2=101B00 D3=0 D4=16405000 D5=84598540 D6=84598540 D7=102300 A0=10904C A1=108910 A2=4ABB4 A3=108F4A A4=102300 A5=108000 A6=108E74 PC=3E64 -- 003E64: sub.w   ($20,A4), D0
D0=20F008F D1=1 D2=101B00 D3=0 D4=16405000 D5=84598540 D6=84598540 D7=102300 A0=10904C A1=108910 A2=4ABB4 A3=108F4A A4=102300 A5=108000 A6=108E74 PC=3E68 -- 003E68: lea     ($1058,A5), A0
D0=20F008F D1=1 D2=101B00 D3=0 D4=16405000 D5=84598540 D6=84598540 D7=102300 A0=109058 A1=108910 A2=4ABB4 A3=108F4A A4=102300 A5=108000 A6=108E74 PC=3E6C -- 003E6C: sub.w   (A0,D3.w), D0
D0=20F008F D1=1 D2=101B00 D3=0 D4=16405000 D5=84598540 D6=84598540 D7=102300 A0=109058 A1=108910 A2=4ABB4 A3=108F4A A4=102300 A5=108000 A6=108E74 PC=3E70 -- 003E70: cmpi.w  #$1c0, D0
D0=20F008F D1=1 D2=101B00 D3=0 D4=16405000 D5=84598540 D6=84598540 D7=102300 A0=109058 A1=108910 A2=4ABB4 A3=108F4A A4=102300 A5=108000 A6=108E74 PC=3E74 -- 003E74: bls     $3e78
D0=20F008F D1=1 D2=101B00 D3=0 D4=16405000 D5=84598540 D6=84598540 D7=102300 A0=109058 A1=108910 A2=4ABB4 A3=108F4A A4=102300 A5=108000 A6=108E74 PC=3E78 -- 003E78: bsr     $4860
D0=20F008F D1=1 D2=101B00 D3=0 D4=16405000 D5=84598540 D6=84598540 D7=102300 A0=109058 A1=108910 A2=4ABB4 A3=108F4A A4=102300 A5=108000 A6=108E74 PC=4860 -- 004860: lea     $7bf48.l, A0
D0=20F008F D1=1 D2=101B00 D3=0 D4=16405000 D5=84598540 D6=84598540 D7=102300 A0=7BF48 A1=108910 A2=4ABB4 A3=108F4A A4=102300 A5=108000 A6=108E74 PC=4866 -- 004866: move.w  ($70,A4), D0
D0=20F001B D1=1 D2=101B00 D3=0 D4=16405000 D5=84598540 D6=84598540 D7=102300 A0=7BF48 A1=108910 A2=4ABB4 A3=108F4A A4=102300 A5=108000 A6=108E74 PC=486A -- 00486A: add.w   D0, D0
D0=20F0036 D1=1 D2=101B00 D3=0 D4=16405000 D5=84598540 D6=84598540 D7=102300 A0=7BF48 A1=108910 A2=4ABB4 A3=108F4A A4=102300 A5=108000 A6=108E74 PC=486C -- 00486C: add.w   D0, D0
D0=20F006C D1=1 D2=101B00 D3=0 D4=16405000 D5=84598540 D6=84598540 D7=102300 A0=7BF48 A1=108910 A2=4ABB4 A3=108F4A A4=102300 A5=108000 A6=108E74 PC=486E -- 00486E: movea.l (A0,D0.w), A0
D0=20F006C D1=1 D2=101B00 D3=0 D4=16405000 D5=84598540 D6=84598540 D7=102300 A0=7F5E0 A1=108910 A2=4ABB4 A3=108F4A A4=102300 A5=108000 A6=108E74 PC=4872 -- 004872: move.w  ($72,A4), D0
D0=20F0030 D1=1 D2=101B00 D3=0 D4=16405000 D5=84598540 D6=84598540 D7=102300 A0=7F5E0 A1=108910 A2=4ABB4 A3=108F4A A4=102300 A5=108000 A6=108E74 PC=4876 -- 004876: add.w   D0, D0
D0=20F0060 D1=1 D2=101B00 D3=0 D4=16405000 D5=84598540 D6=84598540 D7=102300 A0=7F5E0 A1=108910 A2=4ABB4 A3=108F4A A4=102300 A5=108000 A6=108E74 PC=4878 -- 004878: move.w  (A0,D0.w), D1
D0=20F0060 D1=3030 D2=101B00 D3=0 D4=16405000 D5=84598540 D6=84598540 D7=102300 A0=7F5E0 A1=108910 A2=4ABB4 A3=108F4A A4=102300 A5=108000 A6=108E74 PC=487C -- 00487C: move.w  D1, ($46de,A5)
D0=20F0060 D1=3030 D2=101B00 D3=0 D4=16405000 D5=84598540 D6=84598540 D7=102300 A0=7F5E0 A1=108910 A2=4ABB4 A3=108F4A A4=102300 A5=108000 A6=108E74 PC=4880 -- 004880: lea     $80000.l, A0
D0=20F0060 D1=3030 D2=101B00 D3=0 D4=16405000 D5=84598540 D6=84598540 D7=102300 A0=80000 A1=108910 A2=4ABB4 A3=108F4A A4=102300 A5=108000 A6=108E74 PC=4886 -- 004886: move.w  ($70,A4), D0
D0=20F001B D1=3030 D2=101B00 D3=0 D4=16405000 D5=84598540 D6=84598540 D7=102300 A0=80000 A1=108910 A2=4ABB4 A3=108F4A A4=102300 A5=108000 A6=108E74 PC=488A -- 00488A: add.w   D0, D0
D0=20F0036 D1=3030 D2=101B00 D3=0 D4=16405000 D5=84598540 D6=84598540 D7=102300 A0=80000 A1=108910 A2=4ABB4 A3=108F4A A4=102300 A5=108000 A6=108E74 PC=488C -- 00488C: add.w   D0, D0
D0=20F006C D1=3030 D2=101B00 D3=0 D4=16405000 D5=84598540 D6=84598540 D7=102300 A0=80000 A1=108910 A2=4ABB4 A3=108F4A A4=102300 A5=108000 A6=108E74 PC=488E -- 00488E: movea.l (A0,D0.w), A0
D0=20F006C D1=3030 D2=101B00 D3=0 D4=16405000 D5=84598540 D6=84598540 D7=102300 A0=86E00 A1=108910 A2=4ABB4 A3=108F4A A4=102300 A5=108000 A6=108E74 PC=4892 -- 004892: move.w  ($46de,A5), D0
D0=20F3030 D1=3030 D2=101B00 D3=0 D4=16405000 D5=84598540 D6=84598540 D7=102300 A0=86E00 A1=108910 A2=4ABB4 A3=108F4A A4=102300 A5=108000 A6=108E74 PC=4896 -- 004896: tst.b   ($46e2,A5)
D0=20F3030 D1=3030 D2=101B00 D3=0 D4=16405000 D5=84598540 D6=84598540 D7=102300 A0=86E00 A1=108910 A2=4ABB4 A3=108F4A A4=102300 A5=108000 A6=108E74 PC=489A -- 00489A: beq     $48a0
D0=20F3030 D1=3030 D2=101B00 D3=0 D4=16405000 D5=84598540 D6=84598540 D7=102300 A0=86E00 A1=108910 A2=4ABB4 A3=108F4A A4=102300 A5=108000 A6=108E74 PC=48A0 -- 0048A0: andi.w  #$ff, D0
D0=20F0030 D1=3030 D2=101B00 D3=0 D4=16405000 D5=84598540 D6=84598540 D7=102300 A0=86E00 A1=108910 A2=4ABB4 A3=108F4A A4=102300 A5=108000 A6=108E74 PC=48A4 -- 0048A4: add.w   D0, D0
D0=20F0060 D1=3030 D2=101B00 D3=0 D4=16405000 D5=84598540 D6=84598540 D7=102300 A0=86E00 A1=108910 A2=4ABB4 A3=108F4A A4=102300 A5=108000 A6=108E74 PC=48A6 -- 0048A6: add.w   D0, D0
D0=20F00C0 D1=3030 D2=101B00 D3=0 D4=16405000 D5=84598540 D6=84598540 D7=102300 A0=86E00 A1=108910 A2=4ABB4 A3=108F4A A4=102300 A5=108000 A6=108E74 PC=48A8 -- 0048A8: movea.l (A0,D0.w), A0
D0=20F00C0 D1=3030 D2=101B00 D3=0 D4=16405000 D5=84598540 D6=84598540 D7=102300 A0=F306C A1=108910 A2=4ABB4 A3=108F4A A4=102300 A5=108000 A6=108E74 PC=48AC -- 0048AC: move.w  ($74,A4), D0
D0=20F0000 D1=3030 D2=101B00 D3=0 D4=16405000 D5=84598540 D6=84598540 D7=102300 A0=F306C A1=108910 A2=4ABB4 A3=108F4A A4=102300 A5=108000 A6=108E74 PC=48B0 -- 0048B0: adda.w  D0, A0
D0=20F0000 D1=3030 D2=101B00 D3=0 D4=16405000 D5=84598540 D6=84598540 D7=102300 A0=F306C A1=108910 A2=4ABB4 A3=108F4A A4=102300 A5=108000 A6=108E74 PC=48B2 -- 0048B2: move.l  (A0), D0
D0=20F129C D1=3030 D2=101B00 D3=0 D4=16405000 D5=84598540 D6=84598540 D7=102300 A0=F306C A1=108910 A2=4ABB4 A3=108F4A A4=102300 A5=108000 A6=108E74 PC=48B4 -- 0048B4: andi.l  #$ffffff, D0
D0=F129C D1=3030 D2=101B00 D3=0 D4=16405000 D5=84598540 D6=84598540 D7=102300 A0=F306C A1=108910 A2=4ABB4 A3=108F4A A4=102300 A5=108000 A6=108E74 PC=48BA -- 0048BA: movea.l D0, A0
D0=F129C D1=3030 D2=101B00 D3=0 D4=16405000 D5=84598540 D6=84598540 D7=102300 A0=F129C A1=108910 A2=4ABB4 A3=108F4A A4=102300 A5=108000 A6=108E74 PC=48BC -- 0048BC: move.w  ($4,A0), D0
D0=F011A D1=3030 D2=101B00 D3=0 D4=16405000 D5=84598540 D6=84598540 D7=102300 A0=F129C A1=108910 A2=4ABB4 A3=108F4A A4=102300 A5=108000 A6=108E74 PC=48C0 -- 0048C0: andi.w  #$1fff, D0
D0=F011A D1=3030 D2=101B00 D3=0 D4=16405000 D5=84598540 D6=84598540 D7=102300 A0=F129C A1=108910 A2=4ABB4 A3=108F4A A4=102300 A5=108000 A6=108E74 PC=48C4 -- 0048C4: move.w  D0, ($46e0,A5)
D0=F011A D1=3030 D2=101B00 D3=0 D4=16405000 D5=84598540 D6=84598540 D7=102300 A0=F129C A1=108910 A2=4ABB4 A3=108F4A A4=102300 A5=108000 A6=108E74 PC=48C8 -- 0048C8: lea     $80080.l, A0
D0=F011A D1=3030 D2=101B00 D3=0 D4=16405000 D5=84598540 D6=84598540 D7=102300 A0=80080 A1=108910 A2=4ABB4 A3=108F4A A4=102300 A5=108000 A6=108E74 PC=48CE -- 0048CE: move.w  ($70,A4), D1
D0=F011A D1=1B D2=101B00 D3=0 D4=16405000 D5=84598540 D6=84598540 D7=102300 A0=80080 A1=108910 A2=4ABB4 A3=108F4A A4=102300 A5=108000 A6=108E74 PC=48D2 -- 0048D2: add.w   D1, D1
D0=F011A D1=36 D2=101B00 D3=0 D4=16405000 D5=84598540 D6=84598540 D7=102300 A0=80080 A1=108910 A2=4ABB4 A3=108F4A A4=102300 A5=108000 A6=108E74 PC=48D4 -- 0048D4: add.w   D1, D1
D0=F011A D1=6C D2=101B00 D3=0 D4=16405000 D5=84598540 D6=84598540 D7=102300 A0=80080 A1=108910 A2=4ABB4 A3=108F4A A4=102300 A5=108000 A6=108E74 PC=48D6 -- 0048D6: movea.l (A0,D1.w), A0
D0=F011A D1=6C D2=101B00 D3=0 D4=16405000 D5=84598540 D6=84598540 D7=102300 A0=95200 A1=108910 A2=4ABB4 A3=108F4A A4=102300 A5=108000 A6=108E74 PC=48DA -- 0048DA: add.w   D0, D0
D0=F0234 D1=6C D2=101B00 D3=0 D4=16405000 D5=84598540 D6=84598540 D7=102300 A0=95200 A1=108910 A2=4ABB4 A3=108F4A A4=102300 A5=108000 A6=108E74 PC=48DC -- 0048DC: add.w   D0, D0
D0=F0468 D1=6C D2=101B00 D3=0 D4=16405000 D5=84598540 D6=84598540 D7=102300 A0=95200 A1=108910 A2=4ABB4 A3=108F4A A4=102300 A5=108000 A6=108E74 PC=48DE -- 0048DE: move.l  (A0,D0.w), ($28,A4)
D0=F0468 D1=6C D2=101B00 D3=0 D4=16405000 D5=84598540 D6=84598540 D7=102300 A0=95200 A1=108910 A2=4ABB4 A3=108F4A A4=102300 A5=108000 A6=108E74 PC=48E4 -- 0048E4: rts
D0=F0468 D1=6C D2=101B00 D3=0 D4=16405000 D5=84598540 D6=84598540 D7=102300 A0=95200 A1=108910 A2=4ABB4 A3=108F4A A4=102300 A5=108000 A6=108E74 PC=3E7C -- 003E7C: bra     $481a
D0=F0468 D1=6C D2=101B00 D3=0 D4=16405000 D5=84598540 D6=84598540 D7=102300 A0=95200 A1=108910 A2=4ABB4 A3=108F4A A4=102300 A5=108000 A6=108E74 PC=481A -- 00481A: addq.w  #1, ($e3a,A5)
D0=F0468 D1=6C D2=101B00 D3=0 D4=16405000 D5=84598540 D6=84598540 D7=102300 A0=95200 A1=108910 A2=4ABB4 A3=108F4A A4=102300 A5=108000 A6=108E74 PC=481E -- 00481E: lea     ($838,A5), A1
D0=F0468 D1=6C D2=101B00 D3=0 D4=16405000 D5=84598540 D6=84598540 D7=102300 A0=95200 A1=108838 A2=4ABB4 A3=108F4A A4=102300 A5=108000 A6=108E74 PC=4822 -- 004822: move.w  ($2c,A4), D0
D0=F0064 D1=6C D2=101B00 D3=0 D4=16405000 D5=84598540 D6=84598540 D7=102300 A0=95200 A1=108838 A2=4ABB4 A3=108F4A A4=102300 A5=108000 A6=108E74 PC=4826 -- 004826: move.w  D0, D1
D0=F0064 D1=64 D2=101B00 D3=0 D4=16405000 D5=84598540 D6=84598540 D7=102300 A0=95200 A1=108838 A2=4ABB4 A3=108F4A A4=102300 A5=108000 A6=108E74 PC=4828 -- 004828: add.w   D1, D1
D0=F0064 D1=C8 D2=101B00 D3=0 D4=16405000 D5=84598540 D6=84598540 D7=102300 A0=95200 A1=108838 A2=4ABB4 A3=108F4A A4=102300 A5=108000 A6=108E74 PC=482A -- 00482A: adda.w  D1, A1
D0=F0064 D1=C8 D2=101B00 D3=0 D4=16405000 D5=84598540 D6=84598540 D7=102300 A0=95200 A1=108900 A2=4ABB4 A3=108F4A A4=102300 A5=108000 A6=108E74 PC=482C -- 00482C: cmp.w   ($e38,A5), D1
D0=F0064 D1=C8 D2=101B00 D3=0 D4=16405000 D5=84598540 D6=84598540 D7=102300 A0=95200 A1=108900 A2=4ABB4 A3=108F4A A4=102300 A5=108000 A6=108E74 PC=4830 -- 004830: bhi     $4836
D0=F0064 D1=C8 D2=101B00 D3=0 D4=16405000 D5=84598540 D6=84598540 D7=102300 A0=95200 A1=108900 A2=4ABB4 A3=108F4A A4=102300 A5=108000 A6=108E74 PC=4832 -- 004832: move.w  D1, ($e38,A5)
D0=F0064 D1=C8 D2=101B00 D3=0 D4=16405000 D5=84598540 D6=84598540 D7=102300 A0=95200 A1=108900 A2=4ABB4 A3=108F4A A4=102300 A5=108000 A6=108E74 PC=4836 -- 004836: move.w  (A1)+, D1
D0=F0064 D1=500 D2=101B00 D3=0 D4=16405000 D5=84598540 D6=84598540 D7=102300 A0=95200 A1=108902 A2=4ABB4 A3=108F4A A4=102300 A5=108000 A6=108E74 PC=4838 -- 004838: beq     $485a
D0=F0064 D1=500 D2=101B00 D3=0 D4=16405000 D5=84598540 D6=84598540 D7=102300 A0=95200 A1=108902 A2=4ABB4 A3=108F4A A4=102300 A5=108000 A6=108E74 PC=483A -- 00483A: move.l  #$100000, D2
D0=F0064 D1=500 D2=100000 D3=0 D4=16405000 D5=84598540 D6=84598540 D7=102300 A0=95200 A1=108902 A2=4ABB4 A3=108F4A A4=102300 A5=108000 A6=108E74 PC=4840 -- 004840: move.w  D1, D2
D0=F0064 D1=500 D2=100500 D3=0 D4=16405000 D5=84598540 D6=84598540 D7=102300 A0=95200 A1=108902 A2=4ABB4 A3=108F4A A4=102300 A5=108000 A6=108E74 PC=4842 -- 004842: movea.l D2, A0
D0=F0064 D1=500 D2=100500 D3=0 D4=16405000 D5=84598540 D6=84598540 D7=102300 A0=100500 A1=108902 A2=4ABB4 A3=108F4A A4=102300 A5=108000 A6=108E74 PC=4844 -- 004844: cmp.w   ($2c,A0), D0
D0=F0064 D1=500 D2=100500 D3=0 D4=16405000 D5=84598540 D6=84598540 D7=102300 A0=100500 A1=108902 A2=4ABB4 A3=108F4A A4=102300 A5=108000 A6=108E74 PC=4848 -- 004848: bcc     $4836
D0=F0064 D1=500 D2=100500 D3=0 D4=16405000 D5=84598540 D6=84598540 D7=102300 A0=100500 A1=108902 A2=4ABB4 A3=108F4A A4=102300 A5=108000 A6=108E74 PC=4836 -- 004836: move.w  (A1)+, D1
D0=F0064 D1=700 D2=100500 D3=0 D4=16405000 D5=84598540 D6=84598540 D7=102300 A0=100500 A1=108904 A2=4ABB4 A3=108F4A A4=102300 A5=108000 A6=108E74 PC=4838 -- 004838: beq     $485a
D0=F0064 D1=700 D2=100500 D3=0 D4=16405000 D5=84598540 D6=84598540 D7=102300 A0=100500 A1=108904 A2=4ABB4 A3=108F4A A4=102300 A5=108000 A6=108E74 PC=483A -- 00483A: move.l  #$100000, D2
D0=F0064 D1=700 D2=100000 D3=0 D4=16405000 D5=84598540 D6=84598540 D7=102300 A0=100500 A1=108904 A2=4ABB4 A3=108F4A A4=102300 A5=108000 A6=108E74 PC=4840 -- 004840: move.w  D1, D2
D0=F0064 D1=700 D2=100700 D3=0 D4=16405000 D5=84598540 D6=84598540 D7=102300 A0=100500 A1=108904 A2=4ABB4 A3=108F4A A4=102300 A5=108000 A6=108E74 PC=4842 -- 004842: movea.l D2, A0
D0=F0064 D1=700 D2=100700 D3=0 D4=16405000 D5=84598540 D6=84598540 D7=102300 A0=100700 A1=108904 A2=4ABB4 A3=108F4A A4=102300 A5=108000 A6=108E74 PC=4844 -- 004844: cmp.w   ($2c,A0), D0
D0=F0064 D1=700 D2=100700 D3=0 D4=16405000 D5=84598540 D6=84598540 D7=102300 A0=100700 A1=108904 A2=4ABB4 A3=108F4A A4=102300 A5=108000 A6=108E74 PC=4848 -- 004848: bcc     $4836

   (loops for 44 instructions)

D0=F0064 D1=0 D2=101F00 D3=0 D4=16405000 D5=84598540 D6=84598540 D7=102300 A0=101F00 A1=108912 A2=4ABB4 A3=108F4A A4=102300 A5=108000 A6=108E74 PC=485A -- 00485A: move.w  A4, (-$2,A1)
D0=F0064 D1=0 D2=101F00 D3=0 D4=16405000 D5=84598540 D6=84598540 D7=102300 A0=101F00 A1=108912 A2=4ABB4 A3=108F4A A4=102300 A5=108000 A6=108E74 PC=485E -- 00485E: rts
D0=F0064 D1=0 D2=101F00 D3=0 D4=16405000 D5=84598540 D6=84598540 D7=102300 A0=101F00 A1=108912 A2=4ABB4 A3=108F4A A4=102300 A5=108000 A6=108E74 PC=32B3C -- 032B3C: move.l  A4, D7
D0=F0064 D1=0 D2=101F00 D3=0 D4=16405000 D5=84598540 D6=84598540 D7=102300 A0=101F00 A1=108912 A2=4ABB4 A3=108F4A A4=102300 A5=108000 A6=108E74 PC=32B3E -- 032B3E: move.w  ($4,A4), D7
D0=F0064 D1=0 D2=101F00 D3=0 D4=16405000 D5=84598540 D6=84598540 D7=102500 A0=101F00 A1=108912 A2=4ABB4 A3=108F4A A4=102300 A5=108000 A6=108E74 PC=32B42 -- 032B42: bpl     $32b36
D0=F0064 D1=0 D2=101F00 D3=0 D4=16405000 D5=84598540 D6=84598540 D7=102500 A0=101F00 A1=108912 A2=4ABB4 A3=108F4A A4=102300 A5=108000 A6=108E74 PC=32B36 -- 032B36: movea.l D7, A4
D0=F0064 D1=0 D2=101F00 D3=0 D4=16405000 D5=84598540 D6=84598540 D7=102500 A0=101F00 A1=108912 A2=4ABB4 A3=108F4A A4=102500 A5=108000 A6=108E74 PC=32B38 -- 032B38: movea.l (A4), A0
D0=F0064 D1=0 D2=101F00 D3=0 D4=16405000 D5=84598540 D6=84598540 D7=102500 A0=3A85E A1=108912 A2=4ABB4 A3=108F4A A4=102500 A5=108000 A6=108E74 PC=32B3A -- 032B3A: jsr     (A0)
D0=F0064 D1=0 D2=101F00 D3=0 D4=16405000 D5=84598540 D6=84598540 D7=102500 A0=3A85E A1=108912 A2=4ABB4 A3=108F4A A4=102500 A5=108000 A6=108E74 PC=3A85E -- 03A85E: clr.b   ($7c,A4)
D0=F0064 D1=0 D2=101F00 D3=0 D4=16405000 D5=84598540 D6=84598540 D7=102500 A0=3A85E A1=108912 A2=4ABB4 A3=108F4A A4=102500 A5=108000 A6=108E74 PC=3A862 -- 03A862: andi.b  #$3f, ($7c,A4)
D0=F0064 D1=0 D2=101F00 D3=0 D4=16405000 D5=84598540 D6=84598540 D7=102500 A0=3A85E A1=108912 A2=4ABB4 A3=108F4A A4=102500 A5=108000 A6=108E74 PC=3A868 -- 03A868: ori.b   #$80, ($7c,A4)
D0=F0064 D1=0 D2=101F00 D3=0 D4=16405000 D5=84598540 D6=84598540 D7=102500 A0=3A85E A1=108912 A2=4ABB4 A3=108F4A A4=102500 A5=108000 A6=108E74 PC=3A86E -- 03A86E: move.w  #$1b, ($70,A4)
D0=F0064 D1=0 D2=101F00 D3=0 D4=16405000 D5=84598540 D6=84598540 D7=102500 A0=3A85E A1=108912 A2=4ABB4 A3=108F4A A4=102500 A5=108000 A6=108E74 PC=3A874 -- 03A874: move.w  #$30, ($72,A4)
D0=F0064 D1=0 D2=101F00 D3=0 D4=16405000 D5=84598540 D6=84598540 D7=102500 A0=3A85E A1=108912 A2=4ABB4 A3=108F4A A4=102500 A5=108000 A6=108E74 PC=3A87A -- 03A87A: move.b  #$ff, ($68,A4)
D0=F0064 D1=0 D2=101F00 D3=0 D4=16405000 D5=84598540 D6=84598540 D7=102500 A0=3A85E A1=108912 A2=4ABB4 A3=108F4A A4=102500 A5=108000 A6=108E74 PC=3A880 -- 03A880: move.b  #$ff, ($69,A4)
D0=F0064 D1=0 D2=101F00 D3=0 D4=16405000 D5=84598540 D6=84598540 D7=102500 A0=3A85E A1=108912 A2=4ABB4 A3=108F4A A4=102500 A5=108000 A6=108E74 PC=3A886 -- 03A886: move.w  #$64, ($2c,A4)
D0=F0064 D1=0 D2=101F00 D3=0 D4=16405000 D5=84598540 D6=84598540 D7=102500 A0=3A85E A1=108912 A2=4ABB4 A3=108F4A A4=102500 A5=108000 A6=108E74 PC=3A88C -- 03A88C: andi.b  #$7f, ($7a,A4)
D0=F0064 D1=0 D2=101F00 D3=0 D4=16405000 D5=84598540 D6=84598540 D7=102500 A0=3A85E A1=108912 A2=4ABB4 A3=108F4A A4=102500 A5=108000 A6=108E74 PC=3A892 -- 03A892: clr.l   ($54,A4)
D0=F0064 D1=0 D2=101F00 D3=0 D4=16405000 D5=84598540 D6=84598540 D7=102500 A0=3A85E A1=108912 A2=4ABB4 A3=108F4A A4=102500 A5=108000 A6=108E74 PC=3A896 -- 03A896: move.l  #$3a89c, (A4)
D0=F0064 D1=0 D2=101F00 D3=0 D4=16405000 D5=84598540 D6=84598540 D7=102500 A0=3A85E A1=108912 A2=4ABB4 A3=108F4A A4=102500 A5=108000 A6=108E74 PC=3A89C -- 03A89C: tst.b   ($7a,A4)
D0=F0064 D1=0 D2=101F00 D3=0 D4=16405000 D5=84598540 D6=84598540 D7=102500 A0=3A85E A1=108912 A2=4ABB4 A3=108F4A A4=102500 A5=108000 A6=108E74 PC=3A8A0 -- 03A8A0: bmi     $3a8ca
D0=F0064 D1=0 D2=101F00 D3=0 D4=16405000 D5=84598540 D6=84598540 D7=102500 A0=3A85E A1=108912 A2=4ABB4 A3=108F4A A4=102500 A5=108000 A6=108E74 PC=3A8A4 -- 03A8A4: move.l  ($54,A4), D0
D0=0 D1=0 D2=101F00 D3=0 D4=16405000 D5=84598540 D6=84598540 D7=102500 A0=3A85E A1=108912 A2=4ABB4 A3=108F4A A4=102500 A5=108000 A6=108E74 PC=3A8A8 -- 03A8A8: addi.l  #$1800, ($54,A4)
D0=0 D1=0 D2=101F00 D3=0 D4=16405000 D5=84598540 D6=84598540 D7=102500 A0=3A85E A1=108912 A2=4ABB4 A3=108F4A A4=102500 A5=108000 A6=108E74 PC=3A8B0 -- 03A8B0: sub.l   D0, ($1c,A4)
D0=0 D1=0 D2=101F00 D3=0 D4=16405000 D5=84598540 D6=84598540 D7=102500 A0=3A85E A1=108912 A2=4ABB4 A3=108F4A A4=102500 A5=108000 A6=108E74 PC=3A8B4 -- 03A8B4: move.b  (-$7f79,A5), D0
D0=62 D1=0 D2=101F00 D3=0 D4=16405000 D5=84598540 D6=84598540 D7=102500 A0=3A85E A1=108912 A2=4ABB4 A3=108F4A A4=102500 A5=108000 A6=108E74 PC=3A8B8 -- 03A8B8: andi.b  #$1, D0
D0=0 D1=0 D2=101F00 D3=0 D4=16405000 D5=84598540 D6=84598540 D7=102500 A0=3A85E A1=108912 A2=4ABB4 A3=108F4A A4=102500 A5=108000 A6=108E74 PC=3A8BC -- 03A8BC: move.b  ($cf,A4), D1
D0=0 D1=0 D2=101F00 D3=0 D4=16405000 D5=84598540 D6=84598540 D7=102500 A0=3A85E A1=108912 A2=4ABB4 A3=108F4A A4=102500 A5=108000 A6=108E74 PC=3A8C0 -- 03A8C0: eor.b   D1, D0
D0=0 D1=0 D2=101F00 D3=0 D4=16405000 D5=84598540 D6=84598540 D7=102500 A0=3A85E A1=108912 A2=4ABB4 A3=108F4A A4=102500 A5=108000 A6=108E74 PC=3A8C2 -- 03A8C2: bne     $3890a
D0=0 D1=0 D2=101F00 D3=0 D4=16405000 D5=84598540 D6=84598540 D7=102500 A0=3A85E A1=108912 A2=4ABB4 A3=108F4A A4=102500 A5=108000 A6=108E74 PC=3A8C6 -- 03A8C6: beq     $3891c
D0=0 D1=0 D2=101F00 D3=0 D4=16405000 D5=84598540 D6=84598540 D7=102500 A0=3A85E A1=108912 A2=4ABB4 A3=108F4A A4=102500 A5=108000 A6=108E74 PC=3891C -- 03891C: jsr     $48e6.l
D0=0 D1=0 D2=101F00 D3=0 D4=16405000 D5=84598540 D6=84598540 D7=102500 A0=3A85E A1=108912 A2=4ABB4 A3=108F4A A4=102500 A5=108000 A6=108E74 PC=48E6 -- 0048E6: move.w  ($70,A4), D0
D0=1B D1=0 D2=101F00 D3=0 D4=16405000 D5=84598540 D6=84598540 D7=102500 A0=3A85E A1=108912 A2=4ABB4 A3=108F4A A4=102500 A5=108000 A6=108E74 PC=48EA -- 0048EA: cmp.b   ($78,A4), D0
D0=1B D1=0 D2=101F00 D3=0 D4=16405000 D5=84598540 D6=84598540 D7=102500 A0=3A85E A1=108912 A2=4ABB4 A3=108F4A A4=102500 A5=108000 A6=108E74 PC=48EE -- 0048EE: bne     $491c
D0=1B D1=0 D2=101F00 D3=0 D4=16405000 D5=84598540 D6=84598540 D7=102500 A0=3A85E A1=108912 A2=4ABB4 A3=108F4A A4=102500 A5=108000 A6=108E74 PC=491C -- 00491C: move.b  D0, ($78,A4)
D0=1B D1=0 D2=101F00 D3=0 D4=16405000 D5=84598540 D6=84598540 D7=102500 A0=3A85E A1=108912 A2=4ABB4 A3=108F4A A4=102500 A5=108000 A6=108E74 PC=4920 -- 004920: clr.w   ($74,A4)
D0=1B D1=0 D2=101F00 D3=0 D4=16405000 D5=84598540 D6=84598540 D7=102500 A0=3A85E A1=108912 A2=4ABB4 A3=108F4A A4=102500 A5=108000 A6=108E74 PC=4924 -- 004924: clr.w   ($7e,A4)
D0=1B D1=0 D2=101F00 D3=0 D4=16405000 D5=84598540 D6=84598540 D7=102500 A0=3A85E A1=108912 A2=4ABB4 A3=108F4A A4=102500 A5=108000 A6=108E74 PC=4928 -- 004928: clr.b   ($7d,A4)
D0=1B D1=0 D2=101F00 D3=0 D4=16405000 D5=84598540 D6=84598540 D7=102500 A0=3A85E A1=108912 A2=4ABB4 A3=108F4A A4=102500 A5=108000 A6=108E74 PC=492C -- 00492C: andi.w  #$efff, ($e6,A4)
D0=1B D1=0 D2=101F00 D3=0 D4=16405000 D5=84598540 D6=84598540 D7=102500 A0=3A85E A1=108912 A2=4ABB4 A3=108F4A A4=102500 A5=108000 A6=108E74 PC=4932 -- 004932: bsr     $49f8
D0=1B D1=0 D2=101F00 D3=0 D4=16405000 D5=84598540 D6=84598540 D7=102500 A0=3A85E A1=108912 A2=4ABB4 A3=108F4A A4=102500 A5=108000 A6=108E74 PC=49F8 -- 0049F8: lea     ($90,A4), A0
D0=1B D1=0 D2=101F00 D3=0 D4=16405000 D5=84598540 D6=84598540 D7=102500 A0=102590 A1=108912 A2=4ABB4 A3=108F4A A4=102500 A5=108000 A6=108E74 PC=49FC -- 0049FC: clr.b   (A0)
D0=1B D1=0 D2=101F00 D3=0 D4=16405000 D5=84598540 D6=84598540 D7=102500 A0=102590 A1=108912 A2=4ABB4 A3=108F4A A4=102500 A5=108000 A6=108E74 PC=49FE -- 0049FE: clr.b   ($5,A0)
D0=1B D1=0 D2=101F00 D3=0 D4=16405000 D5=84598540 D6=84598540 D7=102500 A0=102590 A1=108912 A2=4ABB4 A3=108F4A A4=102500 A5=108000 A6=108E74 PC=4A02 -- 004A02: clr.b   ($a,A0)
D0=1B D1=0 D2=101F00 D3=0 D4=16405000 D5=84598540 D6=84598540 D7=102500 A0=102590 A1=108912 A2=4ABB4 A3=108F4A A4=102500 A5=108000 A6=108E74 PC=4A06 -- 004A06: clr.b   ($f,A0)
D0=1B D1=0 D2=101F00 D3=0 D4=16405000 D5=84598540 D6=84598540 D7=102500 A0=102590 A1=108912 A2=4ABB4 A3=108F4A A4=102500 A5=108000 A6=108E74 PC=4A0A -- 004A0A: rts
D0=1B D1=0 D2=101F00 D3=0 D4=16405000 D5=84598540 D6=84598540 D7=102500 A0=102590 A1=108912 A2=4ABB4 A3=108F4A A4=102500 A5=108000 A6=108E74 PC=4936 -- 004936: bsr     $4962
D0=1B D1=0 D2=101F00 D3=0 D4=16405000 D5=84598540 D6=84598540 D7=102500 A0=102590 A1=108912 A2=4ABB4 A3=108F4A A4=102500 A5=108000 A6=108E74 PC=4962 -- 004962: lea     $7bf48.l, A0
D0=1B D1=0 D2=101F00 D3=0 D4=16405000 D5=84598540 D6=84598540 D7=102500 A0=7BF48 A1=108912 A2=4ABB4 A3=108F4A A4=102500 A5=108000 A6=108E74 PC=4968 -- 004968: move.w  ($70,A4), D0
D0=1B D1=0 D2=101F00 D3=0 D4=16405000 D5=84598540 D6=84598540 D7=102500 A0=7BF48 A1=108912 A2=4ABB4 A3=108F4A A4=102500 A5=108000 A6=108E74 PC=496C -- 00496C: add.w   D0, D0
D0=36 D1=0 D2=101F00 D3=0 D4=16405000 D5=84598540 D6=84598540 D7=102500 A0=7BF48 A1=108912 A2=4ABB4 A3=108F4A A4=102500 A5=108000 A6=108E74 PC=496E -- 00496E: add.w   D0, D0
D0=6C D1=0 D2=101F00 D3=0 D4=16405000 D5=84598540 D6=84598540 D7=102500 A0=7BF48 A1=108912 A2=4ABB4 A3=108F4A A4=102500 A5=108000 A6=108E74 PC=4970 -- 004970: movea.l (A0,D0.w), A0
D0=6C D1=0 D2=101F00 D3=0 D4=16405000 D5=84598540 D6=84598540 D7=102500 A0=7F5E0 A1=108912 A2=4ABB4 A3=108F4A A4=102500 A5=108000 A6=108E74 PC=4974 -- 004974: move.w  ($72,A4), D0
D0=30 D1=0 D2=101F00 D3=0 D4=16405000 D5=84598540 D6=84598540 D7=102500 A0=7F5E0 A1=108912 A2=4ABB4 A3=108F4A A4=102500 A5=108000 A6=108E74 PC=4978 -- 004978: add.w   D0, D0
D0=60 D1=0 D2=101F00 D3=0 D4=16405000 D5=84598540 D6=84598540 D7=102500 A0=7F5E0 A1=108912 A2=4ABB4 A3=108F4A A4=102500 A5=108000 A6=108E74 PC=497A -- 00497A: move.w  (A0,D0.w), ($46de,A5)
D0=60 D1=0 D2=101F00 D3=0 D4=16405000 D5=84598540 D6=84598540 D7=102500 A0=7F5E0 A1=108912 A2=4ABB4 A3=108F4A A4=102500 A5=108000 A6=108E74 PC=4980 -- 004980: lea     $80000.l, A0
D0=60 D1=0 D2=101F00 D3=0 D4=16405000 D5=84598540 D6=84598540 D7=102500 A0=80000 A1=108912 A2=4ABB4 A3=108F4A A4=102500 A5=108000 A6=108E74 PC=4986 -- 004986: move.w  ($70,A4), D0
D0=1B D1=0 D2=101F00 D3=0 D4=16405000 D5=84598540 D6=84598540 D7=102500 A0=80000 A1=108912 A2=4ABB4 A3=108F4A A4=102500 A5=108000 A6=108E74 PC=498A -- 00498A: add.w   D0, D0
D0=36 D1=0 D2=101F00 D3=0 D4=16405000 D5=84598540 D6=84598540 D7=102500 A0=80000 A1=108912 A2=4ABB4 A3=108F4A A4=102500 A5=108000 A6=108E74 PC=498C -- 00498C: add.w   D0, D0
D0=6C D1=0 D2=101F00 D3=0 D4=16405000 D5=84598540 D6=84598540 D7=102500 A0=80000 A1=108912 A2=4ABB4 A3=108F4A A4=102500 A5=108000 A6=108E74 PC=498E -- 00498E: movea.l (A0,D0.w), A0
D0=6C D1=0 D2=101F00 D3=0 D4=16405000 D5=84598540 D6=84598540 D7=102500 A0=86E00 A1=108912 A2=4ABB4 A3=108F4A A4=102500 A5=108000 A6=108E74 PC=4992 -- 004992: move.w  ($46de,A5), D0
D0=3030 D1=0 D2=101F00 D3=0 D4=16405000 D5=84598540 D6=84598540 D7=102500 A0=86E00 A1=108912 A2=4ABB4 A3=108F4A A4=102500 A5=108000 A6=108E74 PC=4996 -- 004996: tst.b   ($46e2,A5)
D0=3030 D1=0 D2=101F00 D3=0 D4=16405000 D5=84598540 D6=84598540 D7=102500 A0=86E00 A1=108912 A2=4ABB4 A3=108F4A A4=102500 A5=108000 A6=108E74 PC=499A -- 00499A: beq     $49a0
D0=3030 D1=0 D2=101F00 D3=0 D4=16405000 D5=84598540 D6=84598540 D7=102500 A0=86E00 A1=108912 A2=4ABB4 A3=108F4A A4=102500 A5=108000 A6=108E74 PC=49A0 -- 0049A0: andi.w  #$ff, D0
D0=30 D1=0 D2=101F00 D3=0 D4=16405000 D5=84598540 D6=84598540 D7=102500 A0=86E00 A1=108912 A2=4ABB4 A3=108F4A A4=102500 A5=108000 A6=108E74 PC=49A4 -- 0049A4: add.w   D0, D0
D0=60 D1=0 D2=101F00 D3=0 D4=16405000 D5=84598540 D6=84598540 D7=102500 A0=86E00 A1=108912 A2=4ABB4 A3=108F4A A4=102500 A5=108000 A6=108E74 PC=49A6 -- 0049A6: add.w   D0, D0
D0=C0 D1=0 D2=101F00 D3=0 D4=16405000 D5=84598540 D6=84598540 D7=102500 A0=86E00 A1=108912 A2=4ABB4 A3=108F4A A4=102500 A5=108000 A6=108E74 PC=49A8 -- 0049A8: movea.l (A0,D0.w), A0
D0=C0 D1=0 D2=101F00 D3=0 D4=16405000 D5=84598540 D6=84598540 D7=102500 A0=F306C A1=108912 A2=4ABB4 A3=108F4A A4=102500 A5=108000 A6=108E74 PC=49AC -- 0049AC: move.w  ($74,A4), D0
D0=0 D1=0 D2=101F00 D3=0 D4=16405000 D5=84598540 D6=84598540 D7=102500 A0=F306C A1=108912 A2=4ABB4 A3=108F4A A4=102500 A5=108000 A6=108E74 PC=49B0 -- 0049B0: adda.w  D0, A0
D0=0 D1=0 D2=101F00 D3=0 D4=16405000 D5=84598540 D6=84598540 D7=102500 A0=F306C A1=108912 A2=4ABB4 A3=108F4A A4=102500 A5=108000 A6=108E74 PC=49B2 -- 0049B2: move.b  (A0), ($76,A4)
D0=0 D1=0 D2=101F00 D3=0 D4=16405000 D5=84598540 D6=84598540 D7=102500 A0=F306C A1=108912 A2=4ABB4 A3=108F4A A4=102500 A5=108000 A6=108E74 PC=49B6 -- 0049B6: bmi     $4a22
D0=0 D1=0 D2=101F00 D3=0 D4=16405000 D5=84598540 D6=84598540 D7=102500 A0=F306C A1=108912 A2=4ABB4 A3=108F4A A4=102500 A5=108000 A6=108E74 PC=49BA -- 0049BA: move.b  ($81,A4), D0
D0=0 D1=0 D2=101F00 D3=0 D4=16405000 D5=84598540 D6=84598540 D7=102500 A0=F306C A1=108912 A2=4ABB4 A3=108F4A A4=102500 A5=108000 A6=108E74 PC=49BE -- 0049BE: tst.b   ($7d,A4)
D0=0 D1=0 D2=101F00 D3=0 D4=16405000 D5=84598540 D6=84598540 D7=102500 A0=F306C A1=108912 A2=4ABB4 A3=108F4A A4=102500 A5=108000 A6=108E74 PC=49C2 -- 0049C2: beq     $49c8
D0=0 D1=0 D2=101F00 D3=0 D4=16405000 D5=84598540 D6=84598540 D7=102500 A0=F306C A1=108912 A2=4ABB4 A3=108F4A A4=102500 A5=108000 A6=108E74 PC=49C8 -- 0049C8: add.b   ($7d,A4), D0
D0=0 D1=0 D2=101F00 D3=0 D4=16405000 D5=84598540 D6=84598540 D7=102500 A0=F306C A1=108912 A2=4ABB4 A3=108F4A A4=102500 A5=108000 A6=108E74 PC=49CC -- 0049CC: add.b   D0, ($76,A4)
D0=0 D1=0 D2=101F00 D3=0 D4=16405000 D5=84598540 D6=84598540 D7=102500 A0=F306C A1=108912 A2=4ABB4 A3=108F4A A4=102500 A5=108000 A6=108E74 PC=49D0 -- 0049D0: bgt     $49d8
D0=0 D1=0 D2=101F00 D3=0 D4=16405000 D5=84598540 D6=84598540 D7=102500 A0=F306C A1=108912 A2=4ABB4 A3=108F4A A4=102500 A5=108000 A6=108E74 PC=49D8 -- 0049D8: addq.w  #1, ($7e,A4)
D0=0 D1=0 D2=101F00 D3=0 D4=16405000 D5=84598540 D6=84598540 D7=102500 A0=F306C A1=108912 A2=4ABB4 A3=108F4A A4=102500 A5=108000 A6=108E74 PC=49DC -- 0049DC: move.b  ($4,A0), ($7a,A4)
D0=0 D1=0 D2=101F00 D3=0 D4=16405000 D5=84598540 D6=84598540 D7=102500 A0=F306C A1=108912 A2=4ABB4 A3=108F4A A4=102500 A5=108000 A6=108E74 PC=49E2 -- 0049E2: move.b  ($5,A0), ($7b,A4)
D0=0 D1=0 D2=101F00 D3=0 D4=16405000 D5=84598540 D6=84598540 D7=102500 A0=F306C A1=108912 A2=4ABB4 A3=108F4A A4=102500 A5=108000 A6=108E74 PC=49E8 -- 0049E8: move.l  (A0), D0
D0=20F129C D1=0 D2=101F00 D3=0 D4=16405000 D5=84598540 D6=84598540 D7=102500 A0=F306C A1=108912 A2=4ABB4 A3=108F4A A4=102500 A5=108000 A6=108E74 PC=49EA -- 0049EA: movea.l D0, A0
D0=20F129C D1=0 D2=101F00 D3=0 D4=16405000 D5=84598540 D6=84598540 D7=102500 A0=20F129C A1=108912 A2=4ABB4 A3=108F4A A4=102500 A5=108000 A6=108E74 PC=49EC -- 0049EC: move.w  (A0), ($6a,A4)
D0=20F129C D1=0 D2=101F00 D3=0 D4=16405000 D5=84598540 D6=84598540 D7=102500 A0=20F129C A1=108912 A2=4ABB4 A3=108F4A A4=102500 A5=108000 A6=108E74 PC=49F0 -- 0049F0: move.w  ($2,A0), ($6c,A4)
D0=20F129C D1=0 D2=101F00 D3=0 D4=16405000 D5=84598540 D6=84598540 D7=102500 A0=20F129C A1=108912 A2=4ABB4 A3=108F4A A4=102500 A5=108000 A6=108E74 PC=49F6 -- 0049F6: rts
D0=20F129C D1=0 D2=101F00 D3=0 D4=16405000 D5=84598540 D6=84598540 D7=102500 A0=20F129C A1=108912 A2=4ABB4 A3=108F4A A4=102500 A5=108000 A6=108E74 PC=493A -- 00493A: bra     $4906
D0=20F129C D1=0 D2=101F00 D3=0 D4=16405000 D5=84598540 D6=84598540 D7=102500 A0=20F129C A1=108912 A2=4ABB4 A3=108F4A A4=102500 A5=108000 A6=108E74 PC=4906 -- 004906: subq.b  #1, ($76,A4)
D0=20F129C D1=0 D2=101F00 D3=0 D4=16405000 D5=84598540 D6=84598540 D7=102500 A0=20F129C A1=108912 A2=4ABB4 A3=108F4A A4=102500 A5=108000 A6=108E74 PC=490A -- 00490A: bhi     $491a
D0=20F129C D1=0 D2=101F00 D3=0 D4=16405000 D5=84598540 D6=84598540 D7=102500 A0=20F129C A1=108912 A2=4ABB4 A3=108F4A A4=102500 A5=108000 A6=108E74 PC=491A -- 00491A: rts
D0=20F129C D1=0 D2=101F00 D3=0 D4=16405000 D5=84598540 D6=84598540 D7=102500 A0=20F129C A1=108912 A2=4ABB4 A3=108F4A A4=102500 A5=108000 A6=108E74 PC=38922 -- 038922: rts
D0=20F129C D1=0 D2=101F00 D3=0 D4=16405000 D5=84598540 D6=84598540 D7=102500 A0=20F129C A1=108912 A2=4ABB4 A3=108F4A A4=102500 A5=108000 A6=108E74 PC=32B3C -- 032B3C: move.l  A4, D7
D0=20F129C D1=0 D2=101F00 D3=0 D4=16405000 D5=84598540 D6=84598540 D7=102500 A0=20F129C A1=108912 A2=4ABB4 A3=108F4A A4=102500 A5=108000 A6=108E74 PC=32B3E -- 032B3E: move.w  ($4,A4), D7
D0=20F129C D1=0 D2=101F00 D3=0 D4=16405000 D5=84598540 D6=84598540 D7=100300 A0=20F129C A1=108912 A2=4ABB4 A3=108F4A A4=102500 A5=108000 A6=108E74 PC=32B42 -- 032B42: bpl     $32b36
D0=20F129C D1=0 D2=101F00 D3=0 D4=16405000 D5=84598540 D6=84598540 D7=100300 A0=20F129C A1=108912 A2=4ABB4 A3=108F4A A4=102500 A5=108000 A6=108E74 PC=32B36 -- 032B36: movea.l D7, A4
D0=20F129C D1=0 D2=101F00 D3=0 D4=16405000 D5=84598540 D6=84598540 D7=100300 A0=20F129C A1=108912 A2=4ABB4 A3=108F4A A4=100300 A5=108000 A6=108E74 PC=32B38 -- 032B38: movea.l (A4), A0
D0=20F129C D1=0 D2=101F00 D3=0 D4=16405000 D5=84598540 D6=84598540 D7=100300 A0=25A8 A1=108912 A2=4ABB4 A3=108F4A A4=100300 A5=108000 A6=108E74 PC=32B3A -- 032B3A: jsr     (A0)
D0=20F129C D1=0 D2=101F00 D3=0 D4=16405000 D5=84598540 D6=84598540 D7=100300 A0=25A8 A1=108912 A2=4ABB4 A3=108F4A A4=100300 A5=108000 A6=108E74 PC=25A8 -- 0025A8: rts
D0=20F129C D1=0 D2=101F00 D3=0 D4=16405000 D5=84598540 D6=84598540 D7=100300 A0=25A8 A1=108912 A2=4ABB4 A3=108F4A A4=100300 A5=108000 A6=108E74 PC=32B3C -- 032B3C: move.l  A4, D7
D0=20F129C D1=0 D2=101F00 D3=0 D4=16405000 D5=84598540 D6=84598540 D7=100300 A0=25A8 A1=108912 A2=4ABB4 A3=108F4A A4=100300 A5=108000 A6=108E74 PC=32B3E -- 032B3E: move.w  ($4,A4), D7
D0=20F129C D1=0 D2=101F00 D3=0 D4=16405000 D5=84598540 D6=84598540 D7=10FFFF A0=25A8 A1=108912 A2=4ABB4 A3=108F4A A4=100300 A5=108000 A6=108E74 PC=32B42 -- 032B42: bpl     $32b36
D0=20F129C D1=0 D2=101F00 D3=0 D4=16405000 D5=84598540 D6=84598540 D7=10FFFF A0=25A8 A1=108912 A2=4ABB4 A3=108F4A A4=100300 A5=108000 A6=108E74 PC=32B44 -- 032B44: jsr     $29d6.l
D0=20F129C D1=0 D2=101F00 D3=0 D4=16405000 D5=84598540 D6=84598540 D7=10FFFF A0=25A8 A1=108912 A2=4ABB4 A3=108F4A A4=100300 A5=108000 A6=108E74 PC=29D6 -- 0029D6: tst.w   ($18a2,A5)
D0=20F129C D1=0 D2=101F00 D3=0 D4=16405000 D5=84598540 D6=84598540 D7=10FFFF A0=25A8 A1=108912 A2=4ABB4 A3=108F4A A4=100300 A5=108000 A6=108E74 PC=29DA -- 0029DA: bne     $29de
D0=20F129C D1=0 D2=101F00 D3=0 D4=16405000 D5=84598540 D6=84598540 D7=10FFFF A0=25A8 A1=108912 A2=4ABB4 A3=108F4A A4=100300 A5=108000 A6=108E74 PC=29DC -- 0029DC: rts
D0=20F129C D1=0 D2=101F00 D3=0 D4=16405000 D5=84598540 D6=84598540 D7=10FFFF A0=25A8 A1=108912 A2=4ABB4 A3=108F4A A4=100300 A5=108000 A6=108E74 PC=32B4A -- 032B4A: jsr     $2c5c.l
D0=20F129C D1=0 D2=101F00 D3=0 D4=16405000 D5=84598540 D6=84598540 D7=10FFFF A0=25A8 A1=108912 A2=4ABB4 A3=108F4A A4=100300 A5=108000 A6=108E74 PC=2C5C -- 002C5C: tst.w   ($18a2,A5)
D0=20F129C D1=0 D2=101F00 D3=0 D4=16405000 D5=84598540 D6=84598540 D7=10FFFF A0=25A8 A1=108912 A2=4ABB4 A3=108F4A A4=100300 A5=108000 A6=108E74 PC=2C60 -- 002C60: beq     $2cd2
D0=20F129C D1=0 D2=101F00 D3=0 D4=16405000 D5=84598540 D6=84598540 D7=10FFFF A0=25A8 A1=108912 A2=4ABB4 A3=108F4A A4=100300 A5=108000 A6=108E74 PC=2CD2 -- 002CD2: clr.w   ($18a2,A5)
D0=20F129C D1=0 D2=101F00 D3=0 D4=16405000 D5=84598540 D6=84598540 D7=10FFFF A0=25A8 A1=108912 A2=4ABB4 A3=108F4A A4=100300 A5=108000 A6=108E74 PC=2CD6 -- 002CD6: clr.w   ($18a4,A5)
D0=20F129C D1=0 D2=101F00 D3=0 D4=16405000 D5=84598540 D6=84598540 D7=10FFFF A0=25A8 A1=108912 A2=4ABB4 A3=108F4A A4=100300 A5=108000 A6=108E74 PC=2CDA -- 002CDA: rts
D0=20F129C D1=0 D2=101F00 D3=0 D4=16405000 D5=84598540 D6=84598540 D7=10FFFF A0=25A8 A1=108912 A2=4ABB4 A3=108F4A A4=100300 A5=108000 A6=108E74 PC=32B50 -- 032B50: jsr     ($10f6,PC) ; ($33c48)
D0=20F129C D1=0 D2=101F00 D3=0 D4=16405000 D5=84598540 D6=84598540 D7=10FFFF A0=25A8 A1=108912 A2=4ABB4 A3=108F4A A4=100300 A5=108000 A6=108E74 PC=33C48 -- 033C48: lea     ($179a,A5), A0
D0=20F129C D1=0 D2=101F00 D3=0 D4=16405000 D5=84598540 D6=84598540 D7=10FFFF A0=10979A A1=108912 A2=4ABB4 A3=108F4A A4=100300 A5=108000 A6=108E74 PC=33C4C -- 033C4C: lea     ($100,A5), A1
D0=20F129C D1=0 D2=101F00 D3=0 D4=16405000 D5=84598540 D6=84598540 D7=10FFFF A0=10979A A1=108100 A2=4ABB4 A3=108F4A A4=100300 A5=108000 A6=108E74 PC=33C50 -- 033C50: moveq   #$1, D0
D0=1 D1=0 D2=101F00 D3=0 D4=16405000 D5=84598540 D6=84598540 D7=10FFFF A0=10979A A1=108100 A2=4ABB4 A3=108F4A A4=100300 A5=108000 A6=108E74 PC=33C52 -- 033C52: move.l  ($18,A1), D1
D0=1 D1=0 D2=101F00 D3=0 D4=16405000 D5=84598540 D6=84598540 D7=10FFFF A0=10979A A1=108100 A2=4ABB4 A3=108F4A A4=100300 A5=108000 A6=108E74 PC=33C56 -- 033C56: sub.l   (A0)+, D1
D0=1 D1=0 D2=101F00 D3=0 D4=16405000 D5=84598540 D6=84598540 D7=10FFFF A0=10979E A1=108100 A2=4ABB4 A3=108F4A A4=100300 A5=108000 A6=108E74 PC=33C58 -- 033C58: move.l  D1, ($44,A1)
D0=1 D1=0 D2=101F00 D3=0 D4=16405000 D5=84598540 D6=84598540 D7=10FFFF A0=10979E A1=108100 A2=4ABB4 A3=108F4A A4=100300 A5=108000 A6=108E74 PC=33C5C -- 033C5C: lea     ($200,A1), A1
D0=1 D1=0 D2=101F00 D3=0 D4=16405000 D5=84598540 D6=84598540 D7=10FFFF A0=10979E A1=108300 A2=4ABB4 A3=108F4A A4=100300 A5=108000 A6=108E74 PC=33C60 -- 033C60: dbra    D0, $33c52
D0=0 D1=0 D2=101F00 D3=0 D4=16405000 D5=84598540 D6=84598540 D7=10FFFF A0=10979E A1=108300 A2=4ABB4 A3=108F4A A4=100300 A5=108000 A6=108E74 PC=33C52 -- 033C52: move.l  ($18,A1), D1
D0=0 D1=0 D2=101F00 D3=0 D4=16405000 D5=84598540 D6=84598540 D7=10FFFF A0=10979E A1=108300 A2=4ABB4 A3=108F4A A4=100300 A5=108000 A6=108E74 PC=33C56 -- 033C56: sub.l   (A0)+, D1
D0=0 D1=0 D2=101F00 D3=0 D4=16405000 D5=84598540 D6=84598540 D7=10FFFF A0=1097A2 A1=108300 A2=4ABB4 A3=108F4A A4=100300 A5=108000 A6=108E74 PC=33C58 -- 033C58: move.l  D1, ($44,A1)
D0=0 D1=0 D2=101F00 D3=0 D4=16405000 D5=84598540 D6=84598540 D7=10FFFF A0=1097A2 A1=108300 A2=4ABB4 A3=108F4A A4=100300 A5=108000 A6=108E74 PC=33C5C -- 033C5C: lea     ($200,A1), A1
D0=0 D1=0 D2=101F00 D3=0 D4=16405000 D5=84598540 D6=84598540 D7=10FFFF A0=1097A2 A1=108500 A2=4ABB4 A3=108F4A A4=100300 A5=108000 A6=108E74 PC=33C60 -- 033C60: dbra    D0, $33c52
D0=FFFF D1=0 D2=101F00 D3=0 D4=16405000 D5=84598540 D6=84598540 D7=10FFFF A0=1097A2 A1=108500 A2=4ABB4 A3=108F4A A4=100300 A5=108000 A6=108E74 PC=33C64 -- 033C64: rts
D0=FFFF D1=0 D2=101F00 D3=0 D4=16405000 D5=84598540 D6=84598540 D7=10FFFF A0=1097A2 A1=108500 A2=4ABB4 A3=108F4A A4=100300 A5=108000 A6=108E74 PC=32B54 -- 032B54: nop
D0=FFFF D1=0 D2=101F00 D3=0 D4=16405000 D5=84598540 D6=84598540 D7=10FFFF A0=1097A2 A1=108500 A2=4ABB4 A3=108F4A A4=100300 A5=108000 A6=108E74 PC=32B56 -- 032B56: lea     $10907c.l, A4
D0=FFFF D1=0 D2=101F00 D3=0 D4=16405000 D5=84598540 D6=84598540 D7=10FFFF A0=1097A2 A1=108500 A2=4ABB4 A3=108F4A A4=10907C A5=108000 A6=108E74 PC=32B5C -- 032B5C: move.b  #$4, ($147c,A5)
D0=FFFF D1=0 D2=101F00 D3=0 D4=16405000 D5=84598540 D6=84598540 D7=10FFFF A0=1097A2 A1=108500 A2=4ABB4 A3=108F4A A4=10907C A5=108000 A6=108E74 PC=32B62 -- 032B62: tst.b   ($6e,A4)
D0=FFFF D1=0 D2=101F00 D3=0 D4=16405000 D5=84598540 D6=84598540 D7=10FFFF A0=1097A2 A1=108500 A2=4ABB4 A3=108F4A A4=10907C A5=108000 A6=108E74 PC=32B66 -- 032B66: bpl     $32b6c
D0=FFFF D1=0 D2=101F00 D3=0 D4=16405000 D5=84598540 D6=84598540 D7=10FFFF A0=1097A2 A1=108500 A2=4ABB4 A3=108F4A A4=10907C A5=108000 A6=108E74 PC=32B68 -- 032B68: movea.l (A4), A0
D0=FFFF D1=0 D2=101F00 D3=0 D4=16405000 D5=84598540 D6=84598540 D7=10FFFF A0=3A532 A1=108500 A2=4ABB4 A3=108F4A A4=10907C A5=108000 A6=108E74 PC=32B6A -- 032B6A: jsr     (A0)
D0=FFFF D1=0 D2=101F00 D3=0 D4=16405000 D5=84598540 D6=84598540 D7=10FFFF A0=3A532 A1=108500 A2=4ABB4 A3=108F4A A4=10907C A5=108000 A6=108E74 PC=3A532 -- 03A532: movea.l ($84,A4), A0
D0=FFFF D1=0 D2=101F00 D3=0 D4=16405000 D5=84598540 D6=84598540 D7=10FFFF A0=108584 A1=108500 A2=4ABB4 A3=108F4A A4=10907C A5=108000 A6=108E74 PC=3A536 -- 03A536: btst    #$0, ($cf,A0)
D0=FFFF D1=0 D2=101F00 D3=0 D4=16405000 D5=84598540 D6=84598540 D7=10FFFF A0=108584 A1=108500 A2=4ABB4 A3=108F4A A4=10907C A5=108000 A6=108E74 PC=3A53C -- 03A53C: beq     $3892a
D0=FFFF D1=0 D2=101F00 D3=0 D4=16405000 D5=84598540 D6=84598540 D7=10FFFF A0=108584 A1=108500 A2=4ABB4 A3=108F4A A4=10907C A5=108000 A6=108E74 PC=3892A -- 03892A: jmp     $1d38.l
D0=FFFF D1=0 D2=101F00 D3=0 D4=16405000 D5=84598540 D6=84598540 D7=10FFFF A0=108584 A1=108500 A2=4ABB4 A3=108F4A A4=10907C A5=108000 A6=108E74 PC=1D38 -- 001D38: bsr     $21aa
D0=FFFF D1=0 D2=101F00 D3=0 D4=16405000 D5=84598540 D6=84598540 D7=10FFFF A0=108584 A1=108500 A2=4ABB4 A3=108F4A A4=10907C A5=108000 A6=108E74 PC=21AA -- 0021AA: btst    #$2, ($6e,A4)
D0=FFFF D1=0 D2=101F00 D3=0 D4=16405000 D5=84598540 D6=84598540 D7=10FFFF A0=108584 A1=108500 A2=4ABB4 A3=108F4A A4=10907C A5=108000 A6=108E74 PC=21B0 -- 0021B0: bne     $21c4
D0=FFFF D1=0 D2=101F00 D3=0 D4=16405000 D5=84598540 D6=84598540 D7=10FFFF A0=108584 A1=108500 A2=4ABB4 A3=108F4A A4=10907C A5=108000 A6=108E74 PC=21C4 -- 0021C4: rts
D0=FFFF D1=0 D2=101F00 D3=0 D4=16405000 D5=84598540 D6=84598540 D7=10FFFF A0=108584 A1=108500 A2=4ABB4 A3=108F4A A4=10907C A5=108000 A6=108E74 PC=1D3C -- 001D3C: bsr     $237c
D0=FFFF D1=0 D2=101F00 D3=0 D4=16405000 D5=84598540 D6=84598540 D7=10FFFF A0=108584 A1=108500 A2=4ABB4 A3=108F4A A4=10907C A5=108000 A6=108E74 PC=237C -- 00237C: move.w  ($68,A4), D0
D0=FFFF D1=0 D2=101F00 D3=0 D4=16405000 D5=84598540 D6=84598540 D7=10FFFF A0=108584 A1=108500 A2=4ABB4 A3=108F4A A4=10907C A5=108000 A6=108E74 PC=2380 -- 002380: cmp.w   ($2e,A4), D0
D0=FFFF D1=0 D2=101F00 D3=0 D4=16405000 D5=84598540 D6=84598540 D7=10FFFF A0=108584 A1=108500 A2=4ABB4 A3=108F4A A4=10907C A5=108000 A6=108E74 PC=2384 -- 002384: beq     $23e6
D0=FFFF D1=0 D2=101F00 D3=0 D4=16405000 D5=84598540 D6=84598540 D7=10FFFF A0=108584 A1=108500 A2=4ABB4 A3=108F4A A4=10907C A5=108000 A6=108E74 PC=23E6 -- 0023E6: move.w  ($68,A4), ($2e,A4)
D0=FFFF D1=0 D2=101F00 D3=0 D4=16405000 D5=84598540 D6=84598540 D7=10FFFF A0=108584 A1=108500 A2=4ABB4 A3=108F4A A4=10907C A5=108000 A6=108E74 PC=23EC -- 0023EC: rts
D0=FFFF D1=0 D2=101F00 D3=0 D4=16405000 D5=84598540 D6=84598540 D7=10FFFF A0=108584 A1=108500 A2=4ABB4 A3=108F4A A4=10907C A5=108000 A6=108E74 PC=1D40 -- 001D40: bsr     $22d6
D0=FFFF D1=0 D2=101F00 D3=0 D4=16405000 D5=84598540 D6=84598540 D7=10FFFF A0=108584 A1=108500 A2=4ABB4 A3=108F4A A4=10907C A5=108000 A6=108E74 PC=22D6 -- 0022D6: lea     ($147e,A5), A1
D0=FFFF D1=0 D2=101F00 D3=0 D4=16405000 D5=84598540 D6=84598540 D7=10FFFF A0=108584 A1=10947E A2=4ABB4 A3=108F4A A4=10907C A5=108000 A6=108E74 PC=22DA -- 0022DA: moveq   #$0, D0
D0=0 D1=0 D2=101F00 D3=0 D4=16405000 D5=84598540 D6=84598540 D7=10FFFF A0=108584 A1=10947E A2=4ABB4 A3=108F4A A4=10907C A5=108000 A6=108E74 PC=22DC -- 0022DC: move.b  ($168e,A5), D0
D0=0 D1=0 D2=101F00 D3=0 D4=16405000 D5=84598540 D6=84598540 D7=10FFFF A0=108584 A1=10947E A2=4ABB4 A3=108F4A A4=10907C A5=108000 A6=108E74 PC=22E0 -- 0022E0: mulu.w  #$84, D0
D0=0 D1=0 D2=101F00 D3=0 D4=16405000 D5=84598540 D6=84598540 D7=10FFFF A0=108584 A1=10947E A2=4ABB4 A3=108F4A A4=10907C A5=108000 A6=108E74 PC=22E4 -- 0022E4: adda.l  D0, A1
D0=0 D1=0 D2=101F00 D3=0 D4=16405000 D5=84598540 D6=84598540 D7=10FFFF A0=108584 A1=10947E A2=4ABB4 A3=108F4A A4=10907C A5=108000 A6=108E74 PC=22E6 -- 0022E6: addq.b  #1, ($168e,A5)
D0=0 D1=0 D2=101F00 D3=0 D4=16405000 D5=84598540 D6=84598540 D7=10FFFF A0=108584 A1=10947E A2=4ABB4 A3=108F4A A4=10907C A5=108000 A6=108E74 PC=22EA -- 0022EA: rts
D0=0 D1=0 D2=101F00 D3=0 D4=16405000 D5=84598540 D6=84598540 D7=10FFFF A0=108584 A1=10947E A2=4ABB4 A3=108F4A A4=10907C A5=108000 A6=108E74 PC=1D44 -- 001D44: lea     ($42,A1), A2
D0=0 D1=0 D2=101F00 D3=0 D4=16405000 D5=84598540 D6=84598540 D7=10FFFF A0=108584 A1=10947E A2=1094C0 A3=108F4A A4=10907C A5=108000 A6=108E74 PC=1D48 -- 001D48: move.w  ($6a,A4), D0
D0=B5 D1=0 D2=101F00 D3=0 D4=16405000 D5=84598540 D6=84598540 D7=10FFFF A0=108584 A1=10947E A2=1094C0 A3=108F4A A4=10907C A5=108000 A6=108E74 PC=1D4C -- 001D4C: move.w  D0, D1
D0=B5 D1=B5 D2=101F00 D3=0 D4=16405000 D5=84598540 D6=84598540 D7=10FFFF A0=108584 A1=10947E A2=1094C0 A3=108F4A A4=10907C A5=108000 A6=108E74 PC=1D4E -- 001D4E: addi.w  #-$7c00, D0
D0=84B5 D1=B5 D2=101F00 D3=0 D4=16405000 D5=84598540 D6=84598540 D7=10FFFF A0=108584 A1=10947E A2=1094C0 A3=108F4A A4=10907C A5=108000 A6=108E74 PC=1D52 -- 001D52: move.w  D0, (A1)+
D0=84B5 D1=B5 D2=101F00 D3=0 D4=16405000 D5=84598540 D6=84598540 D7=10FFFF A0=108584 A1=109480 A2=1094C0 A3=108F4A A4=10907C A5=108000 A6=108E74 PC=1D54 -- 001D54: addi.w  #-$7e00, D1
D0=84B5 D1=82B5 D2=101F00 D3=0 D4=16405000 D5=84598540 D6=84598540 D7=10FFFF A0=108584 A1=109480 A2=1094C0 A3=108F4A A4=10907C A5=108000 A6=108E74 PC=1D58 -- 001D58: move.w  D1, (A2)+
D0=84B5 D1=82B5 D2=101F00 D3=0 D4=16405000 D5=84598540 D6=84598540 D7=10FFFF A0=108584 A1=109480 A2=1094C2 A3=108F4A A4=10907C A5=108000 A6=108E74 PC=1D5A -- 001D5A: moveq   #$0, D0
D0=0 D1=82B5 D2=101F00 D3=0 D4=16405000 D5=84598540 D6=84598540 D7=10FFFF A0=108584 A1=109480 A2=1094C2 A3=108F4A A4=10907C A5=108000 A6=108E74 PC=1D5C -- 001D5C: move.l  D0, (A2)+
D0=0 D1=82B5 D2=101F00 D3=0 D4=16405000 D5=84598540 D6=84598540 D7=10FFFF A0=108584 A1=109480 A2=1094C6 A3=108F4A A4=10907C A5=108000 A6=108E74 PC=1D5E -- 001D5E: move.l  D0, (A2)+
D0=0 D1=82B5 D2=101F00 D3=0 D4=16405000 D5=84598540 D6=84598540 D7=10FFFF A0=108584 A1=109480 A2=1094CA A3=108F4A A4=10907C A5=108000 A6=108E74 PC=1D60 -- 001D60: move.l  D0, (A2)+
D0=0 D1=82B5 D2=101F00 D3=0 D4=16405000 D5=84598540 D6=84598540 D7=10FFFF A0=108584 A1=109480 A2=1094CE A3=108F4A A4=10907C A5=108000 A6=108E74 PC=1D62 -- 001D62: move.l  D0, (A2)+
D0=0 D1=82B5 D2=101F00 D3=0 D4=16405000 D5=84598540 D6=84598540 D7=10FFFF A0=108584 A1=109480 A2=1094D2 A3=108F4A A4=10907C A5=108000 A6=108E74 PC=1D64 -- 001D64: move.l  D0, (A2)+
D0=0 D1=82B5 D2=101F00 D3=0 D4=16405000 D5=84598540 D6=84598540 D7=10FFFF A0=108584 A1=109480 A2=1094D6 A3=108F4A A4=10907C A5=108000 A6=108E74 PC=1D66 -- 001D66: move.l  D0, (A2)+
D0=0 D1=82B5 D2=101F00 D3=0 D4=16405000 D5=84598540 D6=84598540 D7=10FFFF A0=108584 A1=109480 A2=1094DA A3=108F4A A4=10907C A5=108000 A6=108E74 PC=1D68 -- 001D68: move.l  D0, (A2)+
D0=0 D1=82B5 D2=101F00 D3=0 D4=16405000 D5=84598540 D6=84598540 D7=10FFFF A0=108584 A1=109480 A2=1094DE A3=108F4A A4=10907C A5=108000 A6=108E74 PC=1D6A -- 001D6A: move.l  D0, (A2)+
D0=0 D1=82B5 D2=101F00 D3=0 D4=16405000 D5=84598540 D6=84598540 D7=10FFFF A0=108584 A1=109480 A2=1094E2 A3=108F4A A4=10907C A5=108000 A6=108E74 PC=1D6C -- 001D6C: move.l  D0, (A2)+
D0=0 D1=82B5 D2=101F00 D3=0 D4=16405000 D5=84598540 D6=84598540 D7=10FFFF A0=108584 A1=109480 A2=1094E6 A3=108F4A A4=10907C A5=108000 A6=108E74 PC=1D6E -- 001D6E: move.l  D0, (A2)+
D0=0 D1=82B5 D2=101F00 D3=0 D4=16405000 D5=84598540 D6=84598540 D7=10FFFF A0=108584 A1=109480 A2=1094EA A3=108F4A A4=10907C A5=108000 A6=108E74 PC=1D70 -- 001D70: move.l  D0, (A2)+
D0=0 D1=82B5 D2=101F00 D3=0 D4=16405000 D5=84598540 D6=84598540 D7=10FFFF A0=108584 A1=109480 A2=1094EE A3=108F4A A4=10907C A5=108000 A6=108E74 PC=1D72 -- 001D72: move.l  D0, (A2)+
D0=0 D1=82B5 D2=101F00 D3=0 D4=16405000 D5=84598540 D6=84598540 D7=10FFFF A0=108584 A1=109480 A2=1094F2 A3=108F4A A4=10907C A5=108000 A6=108E74 PC=1D74 -- 001D74: move.l  D0, (A2)+
D0=0 D1=82B5 D2=101F00 D3=0 D4=16405000 D5=84598540 D6=84598540 D7=10FFFF A0=108584 A1=109480 A2=1094F6 A3=108F4A A4=10907C A5=108000 A6=108E74 PC=1D76 -- 001D76: move.l  D0, (A2)+
D0=0 D1=82B5 D2=101F00 D3=0 D4=16405000 D5=84598540 D6=84598540 D7=10FFFF A0=108584 A1=109480 A2=1094FA A3=108F4A A4=10907C A5=108000 A6=108E74 PC=1D78 -- 001D78: move.l  D0, (A2)+
D0=0 D1=82B5 D2=101F00 D3=0 D4=16405000 D5=84598540 D6=84598540 D7=10FFFF A0=108584 A1=109480 A2=1094FE A3=108F4A A4=10907C A5=108000 A6=108E74 PC=1D7A -- 001D7A: move.l  D0, (A2)+
D0=0 D1=82B5 D2=101F00 D3=0 D4=16405000 D5=84598540 D6=84598540 D7=10FFFF A0=108584 A1=109480 A2=109502 A3=108F4A A4=10907C A5=108000 A6=108E74 PC=1D7C -- 001D7C: lea     (-$40,A2), A2
D0=0 D1=82B5 D2=101F00 D3=0 D4=16405000 D5=84598540 D6=84598540 D7=10FFFF A0=108584 A1=109480 A2=1094C2 A3=108F4A A4=10907C A5=108000 A6=108E74 PC=1D80 -- 001D80: tst.b   ($60,A4)
D0=0 D1=82B5 D2=101F00 D3=0 D4=16405000 D5=84598540 D6=84598540 D7=10FFFF A0=108584 A1=109480 A2=1094C2 A3=108F4A A4=10907C A5=108000 A6=108E74 PC=1D84 -- 001D84: beq     $1e7e
D0=0 D1=82B5 D2=101F00 D3=0 D4=16405000 D5=84598540 D6=84598540 D7=10FFFF A0=108584 A1=109480 A2=1094C2 A3=108F4A A4=10907C A5=108000 A6=108E74 PC=1D88 -- 001D88: move.w  ($6c,A4), D7
D0=0 D1=82B5 D2=101F00 D3=0 D4=16405000 D5=84598540 D6=84598540 D7=1000B5 A0=108584 A1=109480 A2=1094C2 A3=108F4A A4=10907C A5=108000 A6=108E74 PC=1D8C -- 001D8C: sub.w   ($6a,A4), D7
D0=0 D1=82B5 D2=101F00 D3=0 D4=16405000 D5=84598540 D6=84598540 D7=100000 A0=108584 A1=109480 A2=1094C2 A3=108F4A A4=10907C A5=108000 A6=108E74 PC=1D90 -- 001D90: add.w   D7, D7
D0=0 D1=82B5 D2=101F00 D3=0 D4=16405000 D5=84598540 D6=84598540 D7=100000 A0=108584 A1=109480 A2=1094C2 A3=108F4A A4=10907C A5=108000 A6=108E74 PC=1D92 -- 001D92: move.w  D7, D6
D0=0 D1=82B5 D2=101F00 D3=0 D4=16405000 D5=84590000 D6=84590000 D7=100000 A0=108584 A1=109480 A2=1094C2 A3=108F4A A4=10907C A5=108000 A6=108E74 PC=1D94 -- 001D94: subq.w  #2, D6
D0=0 D1=82B5 D2=101F00 D3=0 D4=16405000 D5=8459FFFE D6=8459FFFE D7=100000 A0=108584 A1=109480 A2=1094C2 A3=108F4A A4=10907C A5=108000 A6=108E74 PC=1D96 -- 001D96: andi.w  #$3f, D6
D0=0 D1=82B5 D2=101F00 D3=0 D4=16405000 D5=8459003E D6=8459003E D7=100000 A0=108584 A1=109480 A2=1094C2 A3=108F4A A4=10907C A5=108000 A6=108E74 PC=1D9A -- 001D9A: move.w  ($6c,A4), D0
D0=B5 D1=82B5 D2=101F00 D3=0 D4=16405000 D5=8459003E D6=8459003E D7=100000 A0=108584 A1=109480 A2=1094C2 A3=108F4A A4=10907C A5=108000 A6=108E74 PC=1D9E -- 001D9E: sub.w   ($6a,A4), D0
D0=0 D1=82B5 D2=101F00 D3=0 D4=16405000 D5=8459003E D6=8459003E D7=100000 A0=108584 A1=109480 A2=1094C2 A3=108F4A A4=10907C A5=108000 A6=108E74 PC=1DA2 -- 001DA2: lsl.w   #4, D0
D0=0 D1=82B5 D2=101F00 D3=0 D4=16405000 D5=8459003E D6=8459003E D7=100000 A0=108584 A1=109480 A2=1094C2 A3=108F4A A4=10907C A5=108000 A6=108E74 PC=1DA4 -- 001DA4: bsr     $2152
D0=0 D1=82B5 D2=101F00 D3=0 D4=16405000 D5=8459003E D6=8459003E D7=100000 A0=108584 A1=109480 A2=1094C2 A3=108F4A A4=10907C A5=108000 A6=108E74 PC=2152 -- 002152: moveq   #$0, D2
D0=0 D1=82B5 D2=0 D3=0 D4=16405000 D5=8459003E D6=8459003E D7=100000 A0=108584 A1=109480 A2=1094C2 A3=108F4A A4=10907C A5=108000 A6=108E74 PC=2154 -- 002154: move.b  ($68,A4), D2
D0=0 D1=82B5 D2=FF D3=0 D4=16405000 D5=8459003E D6=8459003E D7=100000 A0=108584 A1=109480 A2=1094C2 A3=108F4A A4=10907C A5=108000 A6=108E74 PC=2158 -- 002158: move.b  D2, D4
D0=0 D1=82B5 D2=FF D3=0 D4=164050FF D5=8459003E D6=8459003E D7=100000 A0=108584 A1=109480 A2=1094C2 A3=108F4A A4=10907C A5=108000 A6=108E74 PC=215A -- 00215A: addq.w  #1, D2
D0=0 D1=82B5 D2=100 D3=0 D4=164050FF D5=8459003E D6=8459003E D7=100000 A0=108584 A1=109480 A2=1094C2 A3=108F4A A4=10907C A5=108000 A6=108E74 PC=215C -- 00215C: move.w  #$100, D3
D0=0 D1=82B5 D2=100 D3=100 D4=164050FF D5=8459003E D6=8459003E D7=100000 A0=108584 A1=109480 A2=1094C2 A3=108F4A A4=10907C A5=108000 A6=108E74 PC=2160 -- 002160: sub.w   D2, D3
D0=0 D1=82B5 D2=100 D3=0 D4=164050FF D5=8459003E D6=8459003E D7=100000 A0=108584 A1=109480 A2=1094C2 A3=108F4A A4=10907C A5=108000 A6=108E74 PC=2162 -- 002162: move.w  #$b0, D2
D0=0 D1=82B5 D2=B0 D3=0 D4=164050FF D5=8459003E D6=8459003E D7=100000 A0=108584 A1=109480 A2=1094C2 A3=108F4A A4=10907C A5=108000 A6=108E74 PC=2166 -- 002166: muls.w  D3, D2
D0=0 D1=82B5 D2=0 D3=0 D4=164050FF D5=8459003E D6=8459003E D7=100000 A0=108584 A1=109480 A2=1094C2 A3=108F4A A4=10907C A5=108000 A6=108E74 PC=2168 -- 002168: lsr.l   #8, D2
D0=0 D1=82B5 D2=0 D3=0 D4=164050FF D5=8459003E D6=8459003E D7=100000 A0=108584 A1=109480 A2=1094C2 A3=108F4A A4=10907C A5=108000 A6=108E74 PC=216A -- 00216A: andi.b  #$f0, D4
D0=0 D1=82B5 D2=0 D3=0 D4=164050F0 D5=8459003E D6=8459003E D7=100000 A0=108584 A1=109480 A2=1094C2 A3=108F4A A4=10907C A5=108000 A6=108E74 PC=216E -- 00216E: bne     $2178
D0=0 D1=82B5 D2=0 D3=0 D4=164050F0 D5=8459003E D6=8459003E D7=100000 A0=108584 A1=109480 A2=1094C2 A3=108F4A A4=10907C A5=108000 A6=108E74 PC=2178 -- 002178: move.w  D2, D3
D0=0 D1=82B5 D2=0 D3=0 D4=164050F0 D5=8459003E D6=8459003E D7=100000 A0=108584 A1=109480 A2=1094C2 A3=108F4A A4=10907C A5=108000 A6=108E74 PC=217A -- 00217A: rts
D0=0 D1=82B5 D2=0 D3=0 D4=164050F0 D5=8459003E D6=8459003E D7=100000 A0=108584 A1=109480 A2=1094C2 A3=108F4A A4=10907C A5=108000 A6=108E74 PC=1DA8 -- 001DA8: add.w   D3, D0
D0=0 D1=82B5 D2=0 D3=0 D4=164050F0 D5=8459003E D6=8459003E D7=100000 A0=108584 A1=109480 A2=1094C2 A3=108F4A A4=10907C A5=108000 A6=108E74 PC=1DAA -- 001DAA: move.w  ($78,A4), D2
D0=0 D1=82B5 D2=2 D3=0 D4=164050F0 D5=8459003E D6=8459003E D7=100000 A0=108584 A1=109480 A2=1094C2 A3=108F4A A4=10907C A5=108000 A6=108E74 PC=1DAE -- 001DAE: btst    #$2, ($6e,A4)
D0=0 D1=82B5 D2=2 D3=0 D4=164050F0 D5=8459003E D6=8459003E D7=100000 A0=108584 A1=109480 A2=1094C2 A3=108F4A A4=10907C A5=108000 A6=108E74 PC=1DB4 -- 001DB4: bne     $1dc4
D0=0 D1=82B5 D2=2 D3=0 D4=164050F0 D5=8459003E D6=8459003E D7=100000 A0=108584 A1=109480 A2=1094C2 A3=108F4A A4=10907C A5=108000 A6=108E74 PC=1DC4 -- 001DC4: neg.w   D2
D0=0 D1=82B5 D2=FFFE D3=0 D4=164050F0 D5=8459003E D6=8459003E D7=100000 A0=108584 A1=109480 A2=1094C2 A3=108F4A A4=10907C A5=108000 A6=108E74 PC=1DC6 -- 001DC6: add.w   D2, D0
D0=FFFE D1=82B5 D2=FFFE D3=0 D4=164050F0 D5=8459003E D6=8459003E D7=100000 A0=108584 A1=109480 A2=1094C2 A3=108F4A A4=10907C A5=108000 A6=108E74 PC=1DC8 -- 001DC8: move.w  D0, ($7b0,A5)
D0=FFFE D1=82B5 D2=FFFE D3=0 D4=164050F0 D5=8459003E D6=8459003E D7=100000 A0=108584 A1=109480 A2=1094C2 A3=108F4A A4=10907C A5=108000 A6=108E74 PC=1DCC -- 001DCC: lsl.w   #7, D0
D0=FF00 D1=82B5 D2=FFFE D3=0 D4=164050F0 D5=8459003E D6=8459003E D7=100000 A0=108584 A1=109480 A2=1094C2 A3=108F4A A4=10907C A5=108000 A6=108E74 PC=1DCE -- 001DCE: move.w  D0, (A1,D7.w)
D0=FF00 D1=82B5 D2=FFFE D3=0 D4=164050F0 D5=8459003E D6=8459003E D7=100000 A0=108584 A1=109480 A2=1094C2 A3=108F4A A4=10907C A5=108000 A6=108E74 PC=1DD2 -- 001DD2: move.w  ($7c,A4), D0
D0=0 D1=82B5 D2=FFFE D3=0 D4=164050F0 D5=8459003E D6=8459003E D7=100000 A0=108584 A1=109480 A2=1094C2 A3=108F4A A4=10907C A5=108000 A6=108E74 PC=1DD6 -- 001DD6: move.w  D0, ($7b2,A5)
D0=0 D1=82B5 D2=FFFE D3=0 D4=164050F0 D5=8459003E D6=8459003E D7=100000 A0=108584 A1=109480 A2=1094C2 A3=108F4A A4=10907C A5=108000 A6=108E74 PC=1DDA -- 001DDA: lsl.w   #7, D0
D0=0 D1=82B5 D2=FFFE D3=0 D4=164050F0 D5=8459003E D6=8459003E D7=100000 A0=108584 A1=109480 A2=1094C2 A3=108F4A A4=10907C A5=108000 A6=108E74 PC=1DDC -- 001DDC: or.b    ($61,A4), D0
D0=4D D1=82B5 D2=FFFE D3=0 D4=164050F0 D5=8459003E D6=8459003E D7=100000 A0=108584 A1=109480 A2=1094C2 A3=108F4A A4=10907C A5=108000 A6=108E74 PC=1DE0 -- 001DE0: andi.w  #$ffbf, D0
D0=D D1=82B5 D2=FFFE D3=0 D4=164050F0 D5=8459003E D6=8459003E D7=100000 A0=108584 A1=109480 A2=1094C2 A3=108F4A A4=10907C A5=108000 A6=108E74 PC=1DE4 -- 001DE4: move.w  D0, (A2,D7.w)
D0=D D1=82B5 D2=FFFE D3=0 D4=164050F0 D5=8459003E D6=8459003E D7=100000 A0=108584 A1=109480 A2=1094C2 A3=108F4A A4=10907C A5=108000 A6=108E74 PC=1DE8 -- 001DE8: addq.w  #2, D6
D0=D D1=82B5 D2=FFFE D3=0 D4=164050F0 D5=84590040 D6=84590040 D7=100000 A0=108584 A1=109480 A2=1094C2 A3=108F4A A4=10907C A5=108000 A6=108E74 PC=1DEA -- 001DEA: addq.w  #2, D7
D0=D D1=82B5 D2=FFFE D3=0 D4=164050F0 D5=84590040 D6=84590040 D7=100002 A0=108584 A1=109480 A2=1094C2 A3=108F4A A4=10907C A5=108000 A6=108E74 PC=1DEC -- 001DEC: andi.w  #$3f, D6
D0=D D1=82B5 D2=FFFE D3=0 D4=164050F0 D5=84590000 D6=84590000 D7=100002 A0=108584 A1=109480 A2=1094C2 A3=108F4A A4=10907C A5=108000 A6=108E74 PC=1DF0 -- 001DF0: andi.w  #$3f, D7
D0=D D1=82B5 D2=FFFE D3=0 D4=164050F0 D5=84590000 D6=84590000 D7=100002 A0=108584 A1=109480 A2=1094C2 A3=108F4A A4=10907C A5=108000 A6=108E74 PC=1DF4 -- 001DF4: movea.l ($a0,A4), A0
D0=D D1=82B5 D2=FFFE D3=0 D4=164050F0 D5=84590000 D6=84590000 D7=100002 A0=10C1A8 A1=109480 A2=1094C2 A3=108F4A A4=10907C A5=108000 A6=108E74 PC=1DF8 -- 001DF8: moveq   #$0, D1
D0=D D1=0 D2=FFFE D3=0 D4=164050F0 D5=84590000 D6=84590000 D7=100002 A0=10C1A8 A1=109480 A2=1094C2 A3=108F4A A4=10907C A5=108000 A6=108E74 PC=1DFA -- 001DFA: move.b  ($68,A4), D1
D0=D D1=FF D2=FFFE D3=0 D4=164050F0 D5=84590000 D6=84590000 D7=100002 A0=10C1A8 A1=109480 A2=1094C2 A3=108F4A A4=10907C A5=108000 A6=108E74 PC=1DFE -- 001DFE: lsr.b   #4, D1
D0=D D1=F D2=FFFE D3=0 D4=164050F0 D5=84590000 D6=84590000 D7=100002 A0=10C1A8 A1=109480 A2=1094C2 A3=108F4A A4=10907C A5=108000 A6=108E74 PC=1E00 -- 001E00: addq.b  #1, D1
D0=D D1=10 D2=FFFE D3=0 D4=164050F0 D5=84590000 D6=84590000 D7=100002 A0=10C1A8 A1=109480 A2=1094C2 A3=108F4A A4=10907C A5=108000 A6=108E74 PC=1E02 -- 001E02: moveq   #$0, D2
D0=D D1=10 D2=0 D3=0 D4=164050F0 D5=84590000 D6=84590000 D7=100002 A0=10C1A8 A1=109480 A2=1094C2 A3=108F4A A4=10907C A5=108000 A6=108E74 PC=1E04 -- 001E04: moveq   #$0, D0
D0=0 D1=10 D2=0 D3=0 D4=164050F0 D5=84590000 D6=84590000 D7=100002 A0=10C1A8 A1=109480 A2=1094C2 A3=108F4A A4=10907C A5=108000 A6=108E74 PC=1E06 -- 001E06: move.b  ($60,A4), D0
D0=14 D1=10 D2=0 D3=0 D4=164050F0 D5=84590000 D6=84590000 D7=100002 A0=10C1A8 A1=109480 A2=1094C2 A3=108F4A A4=10907C A5=108000 A6=108E74 PC=1E0A -- 001E0A: subq.w  #2, D0
D0=12 D1=10 D2=0 D3=0 D4=164050F0 D5=84590000 D6=84590000 D7=100002 A0=10C1A8 A1=109480 A2=1094C2 A3=108F4A A4=10907C A5=108000 A6=108E74 PC=1E0C -- 001E0C: bmi     $1e48
D0=12 D1=10 D2=0 D3=0 D4=164050F0 D5=84590000 D6=84590000 D7=100002 A0=10C1A8 A1=109480 A2=1094C2 A3=108F4A A4=10907C A5=108000 A6=108E74 PC=1E0E -- 001E0E: move.w  D1, D3
D0=12 D1=10 D2=0 D3=10 D4=164050F0 D5=84590000 D6=84590000 D7=100002 A0=10C1A8 A1=109480 A2=1094C2 A3=108F4A A4=10907C A5=108000 A6=108E74 PC=1E10 -- 001E10: add.w   D3, ($7b0,A5)
D0=12 D1=10 D2=0 D3=10 D4=164050F0 D5=84590000 D6=84590000 D7=100002 A0=10C1A8 A1=109480 A2=1094C2 A3=108F4A A4=10907C A5=108000 A6=108E74 PC=1E14 -- 001E14: move.w  ($7b0,A5), D3
D0=12 D1=10 D2=0 D3=E D4=164050F0 D5=84590000 D6=84590000 D7=100002 A0=10C1A8 A1=109480 A2=1094C2 A3=108F4A A4=10907C A5=108000 A6=108E74 PC=1E18 -- 001E18: move.w  D1, D4
D0=12 D1=10 D2=0 D3=E D4=16400010 D5=84590000 D6=84590000 D7=100002 A0=10C1A8 A1=109480 A2=1094C2 A3=108F4A A4=10907C A5=108000 A6=108E74 PC=1E1A -- 001E1A: subq.b  #1, D4
D0=12 D1=10 D2=0 D3=E D4=1640000F D5=84590000 D6=84590000 D7=100002 A0=10C1A8 A1=109480 A2=1094C2 A3=108F4A A4=10907C A5=108000 A6=108E74 PC=1E1C -- 001E1C: sub.b   (A0,D6.w), D4
D0=12 D1=10 D2=0 D3=E D4=16400000 D5=84590000 D6=84590000 D7=100002 A0=10C1A8 A1=109480 A2=1094C2 A3=108F4A A4=10907C A5=108000 A6=108E74 PC=1E20 -- 001E20: add.w   D4, D2
D0=12 D1=10 D2=0 D3=E D4=16400000 D5=84590000 D6=84590000 D7=100002 A0=10C1A8 A1=109480 A2=1094C2 A3=108F4A A4=10907C A5=108000 A6=108E74 PC=1E22 -- 001E22: sub.w   D2, D3
D0=12 D1=10 D2=0 D3=E D4=16400000 D5=84590000 D6=84590000 D7=100002 A0=10C1A8 A1=109480 A2=1094C2 A3=108F4A A4=10907C A5=108000 A6=108E74 PC=1E24 -- 001E24: lsl.w   #7, D3
D0=12 D1=10 D2=0 D3=700 D4=16400000 D5=84590000 D6=84590000 D7=100002 A0=10C1A8 A1=109480 A2=1094C2 A3=108F4A A4=10907C A5=108000 A6=108E74 PC=1E26 -- 001E26: move.w  D3, (A1,D7.w)
D0=12 D1=10 D2=0 D3=700 D4=16400000 D5=84590000 D6=84590000 D7=100002 A0=10C1A8 A1=109480 A2=1094C2 A3=108F4A A4=10907C A5=108000 A6=108E74 PC=1E2A -- 001E2A: move.w  ($7b2,A5), D3
D0=12 D1=10 D2=0 D3=0 D4=16400000 D5=84590000 D6=84590000 D7=100002 A0=10C1A8 A1=109480 A2=1094C2 A3=108F4A A4=10907C A5=108000 A6=108E74 PC=1E2E -- 001E2E: lsl.w   #7, D3
D0=12 D1=10 D2=0 D3=0 D4=16400000 D5=84590000 D6=84590000 D7=100002 A0=10C1A8 A1=109480 A2=1094C2 A3=108F4A A4=10907C A5=108000 A6=108E74 PC=1E30 -- 001E30: or.b    ($61,A4), D3
D0=12 D1=10 D2=0 D3=4D D4=16400000 D5=84590000 D6=84590000 D7=100002 A0=10C1A8 A1=109480 A2=1094C2 A3=108F4A A4=10907C A5=108000 A6=108E74 PC=1E34 -- 001E34: move.w  D3, (A2,D7.w)
D0=12 D1=10 D2=0 D3=4D D4=16400000 D5=84590000 D6=84590000 D7=100002 A0=10C1A8 A1=109480 A2=1094C2 A3=108F4A A4=10907C A5=108000 A6=108E74 PC=1E38 -- 001E38: addq.w  #2, D6
D0=12 D1=10 D2=0 D3=4D D4=16400000 D5=84590002 D6=84590002 D7=100002 A0=10C1A8 A1=109480 A2=1094C2 A3=108F4A A4=10907C A5=108000 A6=108E74 PC=1E3A -- 001E3A: addq.w  #2, D7
D0=12 D1=10 D2=0 D3=4D D4=16400000 D5=84590002 D6=84590002 D7=100004 A0=10C1A8 A1=109480 A2=1094C2 A3=108F4A A4=10907C A5=108000 A6=108E74 PC=1E3C -- 001E3C: andi.w  #$3f, D6
D0=12 D1=10 D2=0 D3=4D D4=16400000 D5=84590002 D6=84590002 D7=100004 A0=10C1A8 A1=109480 A2=1094C2 A3=108F4A A4=10907C A5=108000 A6=108E74 PC=1E40 -- 001E40: andi.w  #$3f, D7
D0=12 D1=10 D2=0 D3=4D D4=16400000 D5=84590002 D6=84590002 D7=100004 A0=10C1A8 A1=109480 A2=1094C2 A3=108F4A A4=10907C A5=108000 A6=108E74 PC=1E44 -- 001E44: dbra    D0, $1e0e
D0=11 D1=10 D2=0 D3=4D D4=16400000 D5=84590002 D6=84590002 D7=100004 A0=10C1A8 A1=109480 A2=1094C2 A3=108F4A A4=10907C A5=108000 A6=108E74 PC=1E0E -- 001E0E: move.w  D1, D3
D0=11 D1=10 D2=0 D3=10 D4=16400000 D5=84590002 D6=84590002 D7=100004 A0=10C1A8 A1=109480 A2=1094C2 A3=108F4A A4=10907C A5=108000 A6=108E74 PC=1E10 -- 001E10: add.w   D3, ($7b0,A5)
D0=11 D1=10 D2=0 D3=10 D4=16400000 D5=84590002 D6=84590002 D7=100004 A0=10C1A8 A1=109480 A2=1094C2 A3=108F4A A4=10907C A5=108000 A6=108E74 PC=1E14 -- 001E14: move.w  ($7b0,A5), D3
D0=11 D1=10 D2=0 D3=1E D4=16400000 D5=84590002 D6=84590002 D7=100004 A0=10C1A8 A1=109480 A2=1094C2 A3=108F4A A4=10907C A5=108000 A6=108E74 PC=1E18 -- 001E18: move.w  D1, D4
D0=11 D1=10 D2=0 D3=1E D4=16400010 D5=84590002 D6=84590002 D7=100004 A0=10C1A8 A1=109480 A2=1094C2 A3=108F4A A4=10907C A5=108000 A6=108E74 PC=1E1A -- 001E1A: subq.b  #1, D4
D0=11 D1=10 D2=0 D3=1E D4=1640000F D5=84590002 D6=84590002 D7=100004 A0=10C1A8 A1=109480 A2=1094C2 A3=108F4A A4=10907C A5=108000 A6=108E74 PC=1E1C -- 001E1C: sub.b   (A0,D6.w), D4
D0=11 D1=10 D2=0 D3=1E D4=16400000 D5=84590002 D6=84590002 D7=100004 A0=10C1A8 A1=109480 A2=1094C2 A3=108F4A A4=10907C A5=108000 A6=108E74 PC=1E20 -- 001E20: add.w   D4, D2
D0=11 D1=10 D2=0 D3=1E D4=16400000 D5=84590002 D6=84590002 D7=100004 A0=10C1A8 A1=109480 A2=1094C2 A3=108F4A A4=10907C A5=108000 A6=108E74 PC=1E22 -- 001E22: sub.w   D2, D3
D0=11 D1=10 D2=0 D3=1E D4=16400000 D5=84590002 D6=84590002 D7=100004 A0=10C1A8 A1=109480 A2=1094C2 A3=108F4A A4=10907C A5=108000 A6=108E74 PC=1E24 -- 001E24: lsl.w   #7, D3
D0=11 D1=10 D2=0 D3=F00 D4=16400000 D5=84590002 D6=84590002 D7=100004 A0=10C1A8 A1=109480 A2=1094C2 A3=108F4A A4=10907C A5=108000 A6=108E74 PC=1E26 -- 001E26: move.w  D3, (A1,D7.w)
D0=11 D1=10 D2=0 D3=F00 D4=16400000 D5=84590002 D6=84590002 D7=100004 A0=10C1A8 A1=109480 A2=1094C2 A3=108F4A A4=10907C A5=108000 A6=108E74 PC=1E2A -- 001E2A: move.w  ($7b2,A5), D3
D0=11 D1=10 D2=0 D3=0 D4=16400000 D5=84590002 D6=84590002 D7=100004 A0=10C1A8 A1=109480 A2=1094C2 A3=108F4A A4=10907C A5=108000 A6=108E74 PC=1E2E -- 001E2E: lsl.w   #7, D3
D0=11 D1=10 D2=0 D3=0 D4=16400000 D5=84590002 D6=84590002 D7=100004 A0=10C1A8 A1=109480 A2=1094C2 A3=108F4A A4=10907C A5=108000 A6=108E74 PC=1E30 -- 001E30: or.b    ($61,A4), D3
D0=11 D1=10 D2=0 D3=4D D4=16400000 D5=84590002 D6=84590002 D7=100004 A0=10C1A8 A1=109480 A2=1094C2 A3=108F4A A4=10907C A5=108000 A6=108E74 PC=1E34 -- 001E34: move.w  D3, (A2,D7.w)
D0=11 D1=10 D2=0 D3=4D D4=16400000 D5=84590002 D6=84590002 D7=100004 A0=10C1A8 A1=109480 A2=1094C2 A3=108F4A A4=10907C A5=108000 A6=108E74 PC=1E38 -- 001E38: addq.w  #2, D6
D0=11 D1=10 D2=0 D3=4D D4=16400000 D5=84590004 D6=84590004 D7=100004 A0=10C1A8 A1=109480 A2=1094C2 A3=108F4A A4=10907C A5=108000 A6=108E74 PC=1E3A -- 001E3A: addq.w  #2, D7
D0=11 D1=10 D2=0 D3=4D D4=16400000 D5=84590004 D6=84590004 D7=100006 A0=10C1A8 A1=109480 A2=1094C2 A3=108F4A A4=10907C A5=108000 A6=108E74 PC=1E3C -- 001E3C: andi.w  #$3f, D6
D0=11 D1=10 D2=0 D3=4D D4=16400000 D5=84590004 D6=84590004 D7=100006 A0=10C1A8 A1=109480 A2=1094C2 A3=108F4A A4=10907C A5=108000 A6=108E74 PC=1E40 -- 001E40: andi.w  #$3f, D7
D0=11 D1=10 D2=0 D3=4D D4=16400000 D5=84590004 D6=84590004 D7=100006 A0=10C1A8 A1=109480 A2=1094C2 A3=108F4A A4=10907C A5=108000 A6=108E74 PC=1E44 -- 001E44: dbra    D0, $1e0e

   (loops for 323 instructions)

D0=FFFF D1=10 D2=0 D3=4D D4=16400000 D5=84590026 D6=84590026 D7=100028 A0=10C1A8 A1=109480 A2=1094C2 A3=108F4A A4=10907C A5=108000 A6=108E74 PC=1E48 -- 001E48: tst.b   ($3a66,A5)
D0=FFFF D1=10 D2=0 D3=4D D4=16400000 D5=84590026 D6=84590026 D7=100028 A0=10C1A8 A1=109480 A2=1094C2 A3=108F4A A4=10907C A5=108000 A6=108E74 PC=1E4C -- 001E4C: bpl     $1e7e
D0=FFFF D1=10 D2=0 D3=4D D4=16400000 D5=84590026 D6=84590026 D7=100028 A0=10C1A8 A1=109480 A2=1094C2 A3=108F4A A4=10907C A5=108000 A6=108E74 PC=1E7E -- 001E7E: rts
D0=FFFF D1=10 D2=0 D3=4D D4=16400000 D5=84590026 D6=84590026 D7=100028 A0=10C1A8 A1=109480 A2=1094C2 A3=108F4A A4=10907C A5=108000 A6=108E74 PC=32B6C -- 032B6C: lea     ($100,A4), A4
D0=FFFF D1=10 D2=0 D3=4D D4=16400000 D5=84590026 D6=84590026 D7=100028 A0=10C1A8 A1=109480 A2=1094C2 A3=108F4A A4=10917C A5=108000 A6=108E74 PC=32B70 -- 032B70: subq.b  #1, ($147c,A5)
D0=FFFF D1=10 D2=0 D3=4D D4=16400000 D5=84590026 D6=84590026 D7=100028 A0=10C1A8 A1=109480 A2=1094C2 A3=108F4A A4=10917C A5=108000 A6=108E74 PC=32B74 -- 032B74: bne     $32b62
D0=FFFF D1=10 D2=0 D3=4D D4=16400000 D5=84590026 D6=84590026 D7=100028 A0=10C1A8 A1=109480 A2=1094C2 A3=108F4A A4=10917C A5=108000 A6=108E74 PC=32B62 -- 032B62: tst.b   ($6e,A4)
D0=FFFF D1=10 D2=0 D3=4D D4=16400000 D5=84590026 D6=84590026 D7=100028 A0=10C1A8 A1=109480 A2=1094C2 A3=108F4A A4=10917C A5=108000 A6=108E74 PC=32B66 -- 032B66: bpl     $32b6c
D0=FFFF D1=10 D2=0 D3=4D D4=16400000 D5=84590026 D6=84590026 D7=100028 A0=10C1A8 A1=109480 A2=1094C2 A3=108F4A A4=10917C A5=108000 A6=108E74 PC=32B6C -- 032B6C: lea     ($100,A4), A4
D0=FFFF D1=10 D2=0 D3=4D D4=16400000 D5=84590026 D6=84590026 D7=100028 A0=10C1A8 A1=109480 A2=1094C2 A3=108F4A A4=10927C A5=108000 A6=108E74 PC=32B70 -- 032B70: subq.b  #1, ($147c,A5)
D0=FFFF D1=10 D2=0 D3=4D D4=16400000 D5=84590026 D6=84590026 D7=100028 A0=10C1A8 A1=109480 A2=1094C2 A3=108F4A A4=10927C A5=108000 A6=108E74 PC=32B74 -- 032B74: bne     $32b62
D0=FFFF D1=10 D2=0 D3=4D D4=16400000 D5=84590026 D6=84590026 D7=100028 A0=10C1A8 A1=109480 A2=1094C2 A3=108F4A A4=10927C A5=108000 A6=108E74 PC=32B62 -- 032B62: tst.b   ($6e,A4)
D0=FFFF D1=10 D2=0 D3=4D D4=16400000 D5=84590026 D6=84590026 D7=100028 A0=10C1A8 A1=109480 A2=1094C2 A3=108F4A A4=10927C A5=108000 A6=108E74 PC=32B66 -- 032B66: bpl     $32b6c

   (loops for 8 instructions)

D0=FFFF D1=10 D2=0 D3=4D D4=16400000 D5=84590026 D6=84590026 D7=100028 A0=10C1A8 A1=109480 A2=1094C2 A3=108F4A A4=10947C A5=108000 A6=108E74 PC=32B76 -- 032B76: rts
D0=FFFF D1=10 D2=0 D3=4D D4=16400000 D5=84590026 D6=84590026 D7=100028 A0=10C1A8 A1=109480 A2=1094C2 A3=108F4A A4=10947C A5=108000 A6=108E74 PC=32A8A -- 032A8A: btst    #$6, ($785,A5)
D0=FFFF D1=10 D2=0 D3=4D D4=16400000 D5=84590026 D6=84590026 D7=100028 A0=10C1A8 A1=109480 A2=1094C2 A3=108F4A A4=10947C A5=108000 A6=108E74 PC=32A90 -- 032A90: beq     $32ae4
D0=FFFF D1=10 D2=0 D3=4D D4=16400000 D5=84590026 D6=84590026 D7=100028 A0=10C1A8 A1=109480 A2=1094C2 A3=108F4A A4=10947C A5=108000 A6=108E74 PC=32AE4 -- 032AE4: jsr     $87e.l
D0=FFFF D1=10 D2=0 D3=4D D4=16400000 D5=84590026 D6=84590026 D7=100028 A0=10C1A8 A1=109480 A2=1094C2 A3=108F4A A4=10947C A5=108000 A6=108E74 PC=87E -- 00087E: tst.b   $10fdaf.l
D0=FFFF D1=10 D2=0 D3=4D D4=16400000 D5=84590026 D6=84590026 D7=100028 A0=10C1A8 A1=109480 A2=1094C2 A3=108F4A A4=10947C A5=108000 A6=108E74 PC=884 -- 000884: beq     $8d0
D0=FFFF D1=10 D2=0 D3=4D D4=16400000 D5=84590026 D6=84590026 D7=100028 A0=10C1A8 A1=109480 A2=1094C2 A3=108F4A A4=10947C A5=108000 A6=108E74 PC=888 -- 000888: btst    #$1, ($785,A5)
D0=FFFF D1=10 D2=0 D3=4D D4=16400000 D5=84590026 D6=84590026 D7=100028 A0=10C1A8 A1=109480 A2=1094C2 A3=108F4A A4=10947C A5=108000 A6=108E74 PC=88E -- 00088E: bne     $8d0
D0=FFFF D1=10 D2=0 D3=4D D4=16400000 D5=84590026 D6=84590026 D7=100028 A0=10C1A8 A1=109480 A2=1094C2 A3=108F4A A4=10947C A5=108000 A6=108E74 PC=892 -- 000892: cmpi.b  #$1, $10fdaf.l
D0=FFFF D1=10 D2=0 D3=4D D4=16400000 D5=84590026 D6=84590026 D7=100028 A0=10C1A8 A1=109480 A2=1094C2 A3=108F4A A4=10947C A5=108000 A6=108E74 PC=89A -- 00089A: bne     $8ac
D0=FFFF D1=10 D2=0 D3=4D D4=16400000 D5=84590026 D6=84590026 D7=100028 A0=10C1A8 A1=109480 A2=1094C2 A3=108F4A A4=10947C A5=108000 A6=108E74 PC=89E -- 00089E: lea     $10881e.l, A4
D0=FFFF D1=10 D2=0 D3=4D D4=16400000 D5=84590026 D6=84590026 D7=100028 A0=10C1A8 A1=109480 A2=1094C2 A3=108F4A A4=10881E A5=108000 A6=108E74 PC=8A4 -- 0008A4: jsr     ($31e,PC) ; ($bc4)
D0=FFFF D1=10 D2=0 D3=4D D4=16400000 D5=84590026 D6=84590026 D7=100028 A0=10C1A8 A1=109480 A2=1094C2 A3=108F4A A4=10881E A5=108000 A6=108E74 PC=BC4 -- 000BC4: move.w  #$a, (A4)
D0=FFFF D1=10 D2=0 D3=4D D4=16400000 D5=84590026 D6=84590026 D7=100028 A0=10C1A8 A1=109480 A2=1094C2 A3=108F4A A4=10881E A5=108000 A6=108E74 PC=BC8 -- 000BC8: move.w  #$13, ($2,A4)
D0=FFFF D1=10 D2=0 D3=4D D4=16400000 D5=84590026 D6=84590026 D7=100028 A0=10C1A8 A1=109480 A2=1094C2 A3=108F4A A4=10881E A5=108000 A6=108E74 PC=BCE -- 000BCE: move.l  #$4f8b8, ($8,A4)
D0=FFFF D1=10 D2=0 D3=4D D4=16400000 D5=84590026 D6=84590026 D7=100028 A0=10C1A8 A1=109480 A2=1094C2 A3=108F4A A4=10881E A5=108000 A6=108E74 PC=BD6 -- 000BD6: tst.b   $10fd82.l
D0=FFFF D1=10 D2=0 D3=4D D4=16400000 D5=84590026 D6=84590026 D7=100028 A0=10C1A8 A1=109480 A2=1094C2 A3=108F4A A4=10881E A5=108000 A6=108E74 PC=BDC -- 000BDC: beq     $c76
D0=FFFF D1=10 D2=0 D3=4D D4=16400000 D5=84590026 D6=84590026 D7=100028 A0=10C1A8 A1=109480 A2=1094C2 A3=108F4A A4=10881E A5=108000 A6=108E74 PC=BE0 -- 000BE0: jsr     ($146,PC) ; ($d28)
D0=FFFF D1=10 D2=0 D3=4D D4=16400000 D5=84590026 D6=84590026 D7=100028 A0=10C1A8 A1=109480 A2=1094C2 A3=108F4A A4=10881E A5=108000 A6=108E74 PC=D28 -- 000D28: move.w  #$100, $10fdb0.l
D0=FFFF D1=10 D2=0 D3=4D D4=16400000 D5=84590026 D6=84590026 D7=100028 A0=10C1A8 A1=109480 A2=1094C2 A3=108F4A A4=10881E A5=108000 A6=108E74 PC=D30 -- 000D30: movem.l D0-D7/A0-A6, -(A7)
D0=FFFF D1=10 D2=0 D3=4D D4=16400000 D5=84590026 D6=84590026 D7=100028 A0=10C1A8 A1=109480 A2=1094C2 A3=108F4A A4=10881E A5=108000 A6=108E74 PC=D34 -- 000D34: jsr     $c00450.l
D0=FFFF D1=10 D2=0 D3=4D D4=16400000 D5=84590026 D6=84590026 D7=100028 A0=10C1A8 A1=109480 A2=1094C2 A3=108F4A A4=10881E A5=108000 A6=108E74 PC=C00450 -- C00450: jmp     $c117ce.l
D0=FFFF D1=10 D2=0 D3=4D D4=16400000 D5=84590026 D6=84590026 D7=100028 A0=10C1A8 A1=109480 A2=1094C2 A3=108F4A A4=10881E A5=108000 A6=108E74 PC=C117CE -- C117CE: jmp     $c1f764.l
D0=FFFF D1=10 D2=0 D3=4D D4=16400000 D5=84590026 D6=84590026 D7=100028 A0=10C1A8 A1=109480 A2=1094C2 A3=108F4A A4=10881E A5=108000 A6=108E74 PC=C1F764 -- C1F764: bra     $c1f7f6
D0=FFFF D1=10 D2=0 D3=4D D4=16400000 D5=84590026 D6=84590026 D7=100028 A0=10C1A8 A1=109480 A2=1094C2 A3=108F4A A4=10881E A5=108000 A6=108E74 PC=C1F7F6 -- C1F7F6: lea     $10f300.l, A5
D0=FFFF D1=10 D2=0 D3=4D D4=16400000 D5=84590026 D6=84590026 D7=100028 A0=10C1A8 A1=109480 A2=1094C2 A3=108F4A A4=10881E A5=10F300 A6=108E74 PC=C1F7FC -- C1F7FC: cmpi.b  #$1, ($a83,A5)
D0=FFFF D1=10 D2=0 D3=4D D4=16400000 D5=84590026 D6=84590026 D7=100028 A0=10C1A8 A1=109480 A2=1094C2 A3=108F4A A4=10881E A5=10F300 A6=108E74 PC=C1F802 -- C1F802: beq     $c1f810
D0=FFFF D1=10 D2=0 D3=4D D4=16400000 D5=84590026 D6=84590026 D7=100028 A0=10C1A8 A1=109480 A2=1094C2 A3=108F4A A4=10881E A5=10F300 A6=108E74 PC=C1F810 -- C1F810: tst.b   ($a82,A5)
D0=FFFF D1=10 D2=0 D3=4D D4=16400000 D5=84590026 D6=84590026 D7=100028 A0=10C1A8 A1=109480 A2=1094C2 A3=108F4A A4=10881E A5=10F300 A6=108E74 PC=C1F814 -- C1F814: beq     $c1f846
D0=FFFF D1=10 D2=0 D3=4D D4=16400000 D5=84590026 D6=84590026 D7=100028 A0=10C1A8 A1=109480 A2=1094C2 A3=108F4A A4=10881E A5=10F300 A6=108E74 PC=C1F816 -- C1F816: clr.w   ($ab2,A5)
D0=FFFF D1=10 D2=0 D3=4D D4=16400000 D5=84590026 D6=84590026 D7=100028 A0=10C1A8 A1=109480 A2=1094C2 A3=108F4A A4=10881E A5=10F300 A6=108E74 PC=C1F81A -- C1F81A: jsr     $c1bac0.l
D0=FFFF D1=10 D2=0 D3=4D D4=16400000 D5=84590026 D6=84590026 D7=100028 A0=10C1A8 A1=109480 A2=1094C2 A3=108F4A A4=10881E A5=10F300 A6=108E74 PC=C1BAC0 -- C1BAC0: btst    #$2, $10fe35.l
D0=FFFF D1=10 D2=0 D3=4D D4=16400000 D5=84590026 D6=84590026 D7=100028 A0=10C1A8 A1=109480 A2=1094C2 A3=108F4A A4=10881E A5=10F300 A6=108E74 PC=C1BAC8 -- C1BAC8: bne     $c1bad2
D0=FFFF D1=10 D2=0 D3=4D D4=16400000 D5=84590026 D6=84590026 D7=100028 A0=10C1A8 A1=109480 A2=1094C2 A3=108F4A A4=10881E A5=10F300 A6=108E74 PC=C1BACA -- C1BACA: move.b  $300001.l, D0
D0=FFFF D1=10 D2=0 D3=4D D4=16400000 D5=84590026 D6=84590026 D7=100028 A0=10C1A8 A1=109480 A2=1094C2 A3=108F4A A4=10881E A5=10F300 A6=108E74 PC=C1BAD0 -- C1BAD0: rts
D0=FFFF D1=10 D2=0 D3=4D D4=16400000 D5=84590026 D6=84590026 D7=100028 A0=10C1A8 A1=109480 A2=1094C2 A3=108F4A A4=10881E A5=10F300 A6=108E74 PC=C1F820 -- C1F820: andi.b  #$40, D0
D0=FF40 D1=10 D2=0 D3=4D D4=16400000 D5=84590026 D6=84590026 D7=100028 A0=10C1A8 A1=109480 A2=1094C2 A3=108F4A A4=10881E A5=10F300 A6=108E74 PC=C1F824 -- C1F824: beq     $c1f846
D0=FF40 D1=10 D2=0 D3=4D D4=16400000 D5=84590026 D6=84590026 D7=100028 A0=10C1A8 A1=109480 A2=1094C2 A3=108F4A A4=10881E A5=10F300 A6=108E74 PC=C1F826 -- C1F826: lea     $10fe00.l, A1
D0=FF40 D1=10 D2=0 D3=4D D4=16400000 D5=84590026 D6=84590026 D7=100028 A0=10C1A8 A1=10FE00 A2=1094C2 A3=108F4A A4=10881E A5=10F300 A6=108E74 PC=C1F82C -- C1F82C: lea     ($ab0,A5), A0
D0=FF40 D1=10 D2=0 D3=4D D4=16400000 D5=84590026 D6=84590026 D7=100028 A0=10FDB0 A1=10FE00 A2=1094C2 A3=108F4A A4=10881E A5=10F300 A6=108E74 PC=C1F830 -- C1F830: bsr     $c1f838
D0=FF40 D1=10 D2=0 D3=4D D4=16400000 D5=84590026 D6=84590026 D7=100028 A0=10FDB0 A1=10FE00 A2=1094C2 A3=108F4A A4=10881E A5=10F300 A6=108E74 PC=C1F838 -- C1F838: move.b  (A0), D1
D0=FF40 D1=1 D2=0 D3=4D D4=16400000 D5=84590026 D6=84590026 D7=100028 A0=10FDB0 A1=10FE00 A2=1094C2 A3=108F4A A4=10881E A5=10F300 A6=108E74 PC=C1F83A -- C1F83A: sub.b   D2, D2
D0=FF40 D1=1 D2=0 D3=4D D4=16400000 D5=84590026 D6=84590026 D7=100028 A0=10FDB0 A1=10FE00 A2=1094C2 A3=108F4A A4=10881E A5=10F300 A6=108E74 PC=C1F83C -- C1F83C: move.b  (A1), D0
D0=FF01 D1=1 D2=0 D3=4D D4=16400000 D5=84590026 D6=84590026 D7=100028 A0=10FDB0 A1=10FE00 A2=1094C2 A3=108F4A A4=10881E A5=10F300 A6=108E74 PC=C1F83E -- C1F83E: sbcd    D1, D0
D0=FF00 D1=1 D2=0 D3=4D D4=16400000 D5=84590026 D6=84590026 D7=100028 A0=10FDB0 A1=10FE00 A2=1094C2 A3=108F4A A4=10881E A5=10F300 A6=108E74 PC=C1F840 -- C1F840: bcc     $c1f846
D0=FF00 D1=1 D2=0 D3=4D D4=16400000 D5=84590026 D6=84590026 D7=100028 A0=10FDB0 A1=10FE00 A2=1094C2 A3=108F4A A4=10881E A5=10F300 A6=108E74 PC=C1F846 -- C1F846: rts
D0=FF00 D1=1 D2=0 D3=4D D4=16400000 D5=84590026 D6=84590026 D7=100028 A0=10FDB0 A1=10FE00 A2=1094C2 A3=108F4A A4=10881E A5=10F300 A6=108E74 PC=C1F834 -- C1F834: addq.l  #1, A0
D0=FF00 D1=1 D2=0 D3=4D D4=16400000 D5=84590026 D6=84590026 D7=100028 A0=10FDB1 A1=10FE00 A2=1094C2 A3=108F4A A4=10881E A5=10F300 A6=108E74 PC=C1F836 -- C1F836: addq.l  #1, A1
D0=FF00 D1=1 D2=0 D3=4D D4=16400000 D5=84590026 D6=84590026 D7=100028 A0=10FDB1 A1=10FE01 A2=1094C2 A3=108F4A A4=10881E A5=10F300 A6=108E74 PC=C1F838 -- C1F838: move.b  (A0), D1
D0=FF00 D1=0 D2=0 D3=4D D4=16400000 D5=84590026 D6=84590026 D7=100028 A0=10FDB1 A1=10FE01 A2=1094C2 A3=108F4A A4=10881E A5=10F300 A6=108E74 PC=C1F83A -- C1F83A: sub.b   D2, D2
D0=FF00 D1=0 D2=0 D3=4D D4=16400000 D5=84590026 D6=84590026 D7=100028 A0=10FDB1 A1=10FE01 A2=1094C2 A3=108F4A A4=10881E A5=10F300 A6=108E74 PC=C1F83C -- C1F83C: move.b  (A1), D0
D0=FF00 D1=0 D2=0 D3=4D D4=16400000 D5=84590026 D6=84590026 D7=100028 A0=10FDB1 A1=10FE01 A2=1094C2 A3=108F4A A4=10881E A5=10F300 A6=108E74 PC=C1F83E -- C1F83E: sbcd    D1, D0
D0=FF00 D1=0 D2=0 D3=4D D4=16400000 D5=84590026 D6=84590026 D7=100028 A0=10FDB1 A1=10FE01 A2=1094C2 A3=108F4A A4=10881E A5=10F300 A6=108E74 PC=C1F840 -- C1F840: bcc     $c1f846
D0=FF00 D1=0 D2=0 D3=4D D4=16400000 D5=84590026 D6=84590026 D7=100028 A0=10FDB1 A1=10FE01 A2=1094C2 A3=108F4A A4=10881E A5=10F300 A6=108E74 PC=C1F846 -- C1F846: rts
D0=FF00 D1=0 D2=0 D3=4D D4=16400000 D5=84590026 D6=84590026 D7=100028 A0=10FDB1 A1=10FE01 A2=1094C2 A3=108F4A A4=10881E A5=10F300 A6=108E74 PC=D3A -- 000D3A: movem.l (A7)+, D0-D7/A0-A6
D0=FFFF D1=10 D2=0 D3=4D D4=16400000 D5=84590026 D6=84590026 D7=100028 A0=10C1A8 A1=109480 A2=1094C2 A3=108F4A A4=10881E A5=108000 A6=108E74 PC=D3E -- 000D3E: move.w  $10fdb0.l, D0
D0=100 D1=10 D2=0 D3=4D D4=16400000 D5=84590026 D6=84590026 D7=100028 A0=10C1A8 A1=109480 A2=1094C2 A3=108F4A A4=10881E A5=108000 A6=108E74 PC=D44 -- 000D44: lsr.w   #8, D0
D0=1 D1=10 D2=0 D3=4D D4=16400000 D5=84590026 D6=84590026 D7=100028 A0=10C1A8 A1=109480 A2=1094C2 A3=108F4A A4=10881E A5=108000 A6=108E74 PC=D46 -- 000D46: rts
D0=1 D1=10 D2=0 D3=4D D4=16400000 D5=84590026 D6=84590026 D7=100028 A0=10C1A8 A1=109480 A2=1094C2 A3=108F4A A4=10881E A5=108000 A6=108E74 PC=BE4 -- 000BE4: nop
D0=1 D1=10 D2=0 D3=4D D4=16400000 D5=84590026 D6=84590026 D7=100028 A0=10C1A8 A1=109480 A2=1094C2 A3=108F4A A4=10881E A5=108000 A6=108E74 PC=BE6 -- 000BE6: move.w  D0, -(A7)
D0=1 D1=10 D2=0 D3=4D D4=16400000 D5=84590026 D6=84590026 D7=100028 A0=10C1A8 A1=109480 A2=1094C2 A3=108F4A A4=10881E A5=108000 A6=108E74 PC=BE8 -- 000BE8: jsr     ($15e,PC) ; ($d48)
D0=1 D1=10 D2=0 D3=4D D4=16400000 D5=84590026 D6=84590026 D7=100028 A0=10C1A8 A1=109480 A2=1094C2 A3=108F4A A4=10881E A5=108000 A6=108E74 PC=D48 -- 000D48: move.w  #$1, $10fdb0.l
D0=1 D1=10 D2=0 D3=4D D4=16400000 D5=84590026 D6=84590026 D7=100028 A0=10C1A8 A1=109480 A2=1094C2 A3=108F4A A4=10881E A5=108000 A6=108E74 PC=D50 -- 000D50: movem.l D0-D7/A0-A6, -(A7)
D0=1 D1=10 D2=0 D3=4D D4=16400000 D5=84590026 D6=84590026 D7=100028 A0=10C1A8 A1=109480 A2=1094C2 A3=108F4A A4=10881E A5=108000 A6=108E74 PC=D54 -- 000D54: jsr     $c00450.l
D0=1 D1=10 D2=0 D3=4D D4=16400000 D5=84590026 D6=84590026 D7=100028 A0=10C1A8 A1=109480 A2=1094C2 A3=108F4A A4=10881E A5=108000 A6=108E74 PC=C00450 -- C00450: jmp     $c117ce.l
D0=1 D1=10 D2=0 D3=4D D4=16400000 D5=84590026 D6=84590026 D7=100028 A0=10C1A8 A1=109480 A2=1094C2 A3=108F4A A4=10881E A5=108000 A6=108E74 PC=C117CE -- C117CE: jmp     $c1f764.l
D0=1 D1=10 D2=0 D3=4D D4=16400000 D5=84590026 D6=84590026 D7=100028 A0=10C1A8 A1=109480 A2=1094C2 A3=108F4A A4=10881E A5=108000 A6=108E74 PC=C1F764 -- C1F764: bra     $c1f7f6
D0=1 D1=10 D2=0 D3=4D D4=16400000 D5=84590026 D6=84590026 D7=100028 A0=10C1A8 A1=109480 A2=1094C2 A3=108F4A A4=10881E A5=108000 A6=108E74 PC=C1F7F6 -- C1F7F6: lea     $10f300.l, A5
D0=1 D1=10 D2=0 D3=4D D4=16400000 D5=84590026 D6=84590026 D7=100028 A0=10C1A8 A1=109480 A2=1094C2 A3=108F4A A4=10881E A5=10F300 A6=108E74 PC=C1F7FC -- C1F7FC: cmpi.b  #$1, ($a83,A5)
D0=1 D1=10 D2=0 D3=4D D4=16400000 D5=84590026 D6=84590026 D7=100028 A0=10C1A8 A1=109480 A2=1094C2 A3=108F4A A4=10881E A5=10F300 A6=108E74 PC=C1F802 -- C1F802: beq     $c1f810
D0=1 D1=10 D2=0 D3=4D D4=16400000 D5=84590026 D6=84590026 D7=100028 A0=10C1A8 A1=109480 A2=1094C2 A3=108F4A A4=10881E A5=10F300 A6=108E74 PC=C1F810 -- C1F810: tst.b   ($a82,A5)
D0=1 D1=10 D2=0 D3=4D D4=16400000 D5=84590026 D6=84590026 D7=100028 A0=10C1A8 A1=109480 A2=1094C2 A3=108F4A A4=10881E A5=10F300 A6=108E74 PC=C1F814 -- C1F814: beq     $c1f846
D0=1 D1=10 D2=0 D3=4D D4=16400000 D5=84590026 D6=84590026 D7=100028 A0=10C1A8 A1=109480 A2=1094C2 A3=108F4A A4=10881E A5=10F300 A6=108E74 PC=C1F816 -- C1F816: clr.w   ($ab2,A5)
D0=1 D1=10 D2=0 D3=4D D4=16400000 D5=84590026 D6=84590026 D7=100028 A0=10C1A8 A1=109480 A2=1094C2 A3=108F4A A4=10881E A5=10F300 A6=108E74 PC=C1F81A -- C1F81A: jsr     $c1bac0.l
D0=1 D1=10 D2=0 D3=4D D4=16400000 D5=84590026 D6=84590026 D7=100028 A0=10C1A8 A1=109480 A2=1094C2 A3=108F4A A4=10881E A5=10F300 A6=108E74 PC=C1BAC0 -- C1BAC0: btst    #$2, $10fe35.l
D0=1 D1=10 D2=0 D3=4D D4=16400000 D5=84590026 D6=84590026 D7=100028 A0=10C1A8 A1=109480 A2=1094C2 A3=108F4A A4=10881E A5=10F300 A6=108E74 PC=C1BAC8 -- C1BAC8: bne     $c1bad2
D0=1 D1=10 D2=0 D3=4D D4=16400000 D5=84590026 D6=84590026 D7=100028 A0=10C1A8 A1=109480 A2=1094C2 A3=108F4A A4=10881E A5=10F300 A6=108E74 PC=C1BACA -- C1BACA: move.b  $300001.l, D0
D0=FF D1=10 D2=0 D3=4D D4=16400000 D5=84590026 D6=84590026 D7=100028 A0=10C1A8 A1=109480 A2=1094C2 A3=108F4A A4=10881E A5=10F300 A6=108E74 PC=C1BAD0 -- C1BAD0: rts
D0=FF D1=10 D2=0 D3=4D D4=16400000 D5=84590026 D6=84590026 D7=100028 A0=10C1A8 A1=109480 A2=1094C2 A3=108F4A A4=10881E A5=10F300 A6=108E74 PC=C1F820 -- C1F820: andi.b  #$40, D0
D0=40 D1=10 D2=0 D3=4D D4=16400000 D5=84590026 D6=84590026 D7=100028 A0=10C1A8 A1=109480 A2=1094C2 A3=108F4A A4=10881E A5=10F300 A6=108E74 PC=C1F824 -- C1F824: beq     $c1f846
D0=40 D1=10 D2=0 D3=4D D4=16400000 D5=84590026 D6=84590026 D7=100028 A0=10C1A8 A1=109480 A2=1094C2 A3=108F4A A4=10881E A5=10F300 A6=108E74 PC=C1F826 -- C1F826: lea     $10fe00.l, A1
D0=40 D1=10 D2=0 D3=4D D4=16400000 D5=84590026 D6=84590026 D7=100028 A0=10C1A8 A1=10FE00 A2=1094C2 A3=108F4A A4=10881E A5=10F300 A6=108E74 PC=C1F82C -- C1F82C: lea     ($ab0,A5), A0
D0=40 D1=10 D2=0 D3=4D D4=16400000 D5=84590026 D6=84590026 D7=100028 A0=10FDB0 A1=10FE00 A2=1094C2 A3=108F4A A4=10881E A5=10F300 A6=108E74 PC=C1F830 -- C1F830: bsr     $c1f838

   (loops for 6 instructions)

D0=1 D1=0 D2=0 D3=4D D4=16400000 D5=84590026 D6=84590026 D7=100028 A0=10FDB0 A1=10FE00 A2=1094C2 A3=108F4A A4=10881E A5=10F300 A6=108E74 PC=C1F834 -- C1F834: addq.l  #1, A0
D0=1 D1=0 D2=0 D3=4D D4=16400000 D5=84590026 D6=84590026 D7=100028 A0=10FDB1 A1=10FE00 A2=1094C2 A3=108F4A A4=10881E A5=10F300 A6=108E74 PC=C1F836 -- C1F836: addq.l  #1, A1

   (loops for 5 instructions)

D0=99 D1=1 D2=0 D3=4D D4=16400000 D5=84590026 D6=84590026 D7=100028 A0=10FDB1 A1=10FE01 A2=1094C2 A3=108F4A A4=10881E A5=10F300 A6=108E74 PC=C1F842 -- C1F842: move.b  #$0, (A0)

   (loops for 1 instructions)

D0=99 D1=1 D2=0 D3=4D D4=16400000 D5=84590026 D6=84590026 D7=100028 A0=10FDB1 A1=10FE01 A2=1094C2 A3=108F4A A4=10881E A5=10F300 A6=108E74 PC=D5A -- 000D5A: movem.l (A7)+, D0-D7/A0-A6
D0=1 D1=10 D2=0 D3=4D D4=16400000 D5=84590026 D6=84590026 D7=100028 A0=10C1A8 A1=109480 A2=1094C2 A3=108F4A A4=10881E A5=108000 A6=108E74 PC=D5E -- 000D5E: move.w  $10fdb0.l, D0
D0=0 D1=10 D2=0 D3=4D D4=16400000 D5=84590026 D6=84590026 D7=100028 A0=10C1A8 A1=109480 A2=1094C2 A3=108F4A A4=10881E A5=108000 A6=108E74 PC=D64 -- 000D64: rts
D0=0 D1=10 D2=0 D3=4D D4=16400000 D5=84590026 D6=84590026 D7=100028 A0=10C1A8 A1=109480 A2=1094C2 A3=108F4A A4=10881E A5=108000 A6=108E74 PC=BEC -- 000BEC: nop
D0=0 D1=10 D2=0 D3=4D D4=16400000 D5=84590026 D6=84590026 D7=100028 A0=10C1A8 A1=109480 A2=1094C2 A3=108F4A A4=10881E A5=108000 A6=108E74 PC=BEE -- 000BEE: move.w  (A7)+, D2
D0=0 D1=10 D2=1 D3=4D D4=16400000 D5=84590026 D6=84590026 D7=100028 A0=10C1A8 A1=109480 A2=1094C2 A3=108F4A A4=10881E A5=108000 A6=108E74 PC=BF0 -- 000BF0: move.w  D0, D3
D0=0 D1=10 D2=1 D3=0 D4=16400000 D5=84590026 D6=84590026 D7=100028 A0=10C1A8 A1=109480 A2=1094C2 A3=108F4A A4=10881E A5=108000 A6=108E74 PC=BF2 -- 000BF2: cmpi.b  #$1, ($836,A5)
D0=0 D1=10 D2=1 D3=0 D4=16400000 D5=84590026 D6=84590026 D7=100028 A0=10C1A8 A1=109480 A2=1094C2 A3=108F4A A4=10881E A5=108000 A6=108E74 PC=BF8 -- 000BF8: bne     $c4e
D0=0 D1=10 D2=1 D3=0 D4=16400000 D5=84590026 D6=84590026 D7=100028 A0=10C1A8 A1=109480 A2=1094C2 A3=108F4A A4=10881E A5=108000 A6=108E74 PC=BFC -- 000BFC: moveq   #$0, D0
D0=0 D1=10 D2=1 D3=0 D4=16400000 D5=84590026 D6=84590026 D7=100028 A0=10C1A8 A1=109480 A2=1094C2 A3=108F4A A4=10881E A5=108000 A6=108E74 PC=BFE -- 000BFE: moveq   #$0, D1
D0=0 D1=0 D2=1 D3=0 D4=16400000 D5=84590026 D6=84590026 D7=100028 A0=10C1A8 A1=109480 A2=1094C2 A3=108F4A A4=10881E A5=108000 A6=108E74 PC=C00 -- 000C00: tst.b   D2
D0=0 D1=0 D2=1 D3=0 D4=16400000 D5=84590026 D6=84590026 D7=100028 A0=10C1A8 A1=109480 A2=1094C2 A3=108F4A A4=10881E A5=108000 A6=108E74 PC=C02 -- 000C02: beq     $c08
D0=0 D1=0 D2=1 D3=0 D4=16400000 D5=84590026 D6=84590026 D7=100028 A0=10C1A8 A1=109480 A2=1094C2 A3=108F4A A4=10881E A5=108000 A6=108E74 PC=C06 -- 000C06: moveq   #$1, D0
D0=1 D1=0 D2=1 D3=0 D4=16400000 D5=84590026 D6=84590026 D7=100028 A0=10C1A8 A1=109480 A2=1094C2 A3=108F4A A4=10881E A5=108000 A6=108E74 PC=C08 -- 000C08: tst.b   D3
D0=1 D1=0 D2=1 D3=0 D4=16400000 D5=84590026 D6=84590026 D7=100028 A0=10C1A8 A1=109480 A2=1094C2 A3=108F4A A4=10881E A5=108000 A6=108E74 PC=C0A -- 000C0A: beq     $c10
D0=1 D1=0 D2=1 D3=0 D4=16400000 D5=84590026 D6=84590026 D7=100028 A0=10C1A8 A1=109480 A2=1094C2 A3=108F4A A4=10881E A5=108000 A6=108E74 PC=C10 -- 000C10: move.w  D0, D2
D0=1 D1=0 D2=1 D3=0 D4=16400000 D5=84590026 D6=84590026 D7=100028 A0=10C1A8 A1=109480 A2=1094C2 A3=108F4A A4=10881E A5=108000 A6=108E74 PC=C12 -- 000C12: move.w  D1, D3
D0=1 D1=0 D2=1 D3=0 D4=16400000 D5=84590026 D6=84590026 D7=100028 A0=10C1A8 A1=109480 A2=1094C2 A3=108F4A A4=10881E A5=108000 A6=108E74 PC=C14 -- 000C14: add.w   D3, D2
D0=1 D1=0 D2=1 D3=0 D4=16400000 D5=84590026 D6=84590026 D7=100028 A0=10C1A8 A1=109480 A2=1094C2 A3=108F4A A4=10881E A5=108000 A6=108E74 PC=C16 -- 000C16: move.l  #$4f8b8, ($8,A4)
D0=1 D1=0 D2=1 D3=0 D4=16400000 D5=84590026 D6=84590026 D7=100028 A0=10C1A8 A1=109480 A2=1094C2 A3=108F4A A4=10881E A5=108000 A6=108E74 PC=C1E -- 000C1E: cmpi.b  #$2, D2
D0=1 D1=0 D2=1 D3=0 D4=16400000 D5=84590026 D6=84590026 D7=100028 A0=10C1A8 A1=109480 A2=1094C2 A3=108F4A A4=10881E A5=108000 A6=108E74 PC=C22 -- 000C22: beq     $c76
D0=1 D1=0 D2=1 D3=0 D4=16400000 D5=84590026 D6=84590026 D7=100028 A0=10C1A8 A1=109480 A2=1094C2 A3=108F4A A4=10881E A5=108000 A6=108E74 PC=C26 -- 000C26: move.l  #$4f8ce, ($8,A4)
D0=1 D1=0 D2=1 D3=0 D4=16400000 D5=84590026 D6=84590026 D7=100028 A0=10C1A8 A1=109480 A2=1094C2 A3=108F4A A4=10881E A5=108000 A6=108E74 PC=C2E -- 000C2E: tst.b   D2
D0=1 D1=0 D2=1 D3=0 D4=16400000 D5=84590026 D6=84590026 D7=100028 A0=10C1A8 A1=109480 A2=1094C2 A3=108F4A A4=10881E A5=108000 A6=108E74 PC=C30 -- 000C30: beq     $c76
D0=1 D1=0 D2=1 D3=0 D4=16400000 D5=84590026 D6=84590026 D7=100028 A0=10C1A8 A1=109480 A2=1094C2 A3=108F4A A4=10881E A5=108000 A6=108E74 PC=C34 -- 000C34: move.l  #$4f8a2, ($8,A4)
D0=1 D1=0 D2=1 D3=0 D4=16400000 D5=84590026 D6=84590026 D7=100028 A0=10C1A8 A1=109480 A2=1094C2 A3=108F4A A4=10881E A5=108000 A6=108E74 PC=C3C -- 000C3C: tst.w   D0
D0=1 D1=0 D2=1 D3=0 D4=16400000 D5=84590026 D6=84590026 D7=100028 A0=10C1A8 A1=109480 A2=1094C2 A3=108F4A A4=10881E A5=108000 A6=108E74 PC=C3E -- 000C3E: bne     $c76
D0=1 D1=0 D2=1 D3=0 D4=16400000 D5=84590026 D6=84590026 D7=100028 A0=10C1A8 A1=109480 A2=1094C2 A3=108F4A A4=10881E A5=108000 A6=108E74 PC=C76 -- 000C76: move.b  (-$7f79,A5), D0
D0=62 D1=0 D2=1 D3=0 D4=16400000 D5=84590026 D6=84590026 D7=100028 A0=10C1A8 A1=109480 A2=1094C2 A3=108F4A A4=10881E A5=108000 A6=108E74 PC=C7A -- 000C7A: andi.b  #$f, D0
D0=2 D1=0 D2=1 D3=0 D4=16400000 D5=84590026 D6=84590026 D7=100028 A0=10C1A8 A1=109480 A2=1094C2 A3=108F4A A4=10881E A5=108000 A6=108E74 PC=C7E -- 000C7E: bne     $c86
D0=2 D1=0 D2=1 D3=0 D4=16400000 D5=84590026 D6=84590026 D7=100028 A0=10C1A8 A1=109480 A2=1094C2 A3=108F4A A4=10881E A5=108000 A6=108E74 PC=C86 -- 000C86: btst    #$0, ($4,A4)
D0=2 D1=0 D2=1 D3=0 D4=16400000 D5=84590026 D6=84590026 D7=100028 A0=10C1A8 A1=109480 A2=1094C2 A3=108F4A A4=10881E A5=108000 A6=108E74 PC=C8C -- 000C8C: beq     $cb2
D0=2 D1=0 D2=1 D3=0 D4=16400000 D5=84590026 D6=84590026 D7=100028 A0=10C1A8 A1=109480 A2=1094C2 A3=108F4A A4=10881E A5=108000 A6=108E74 PC=C90 -- 000C90: move.w  (A4), D0
D0=A D1=0 D2=1 D3=0 D4=16400000 D5=84590026 D6=84590026 D7=100028 A0=10C1A8 A1=109480 A2=1094C2 A3=108F4A A4=10881E A5=108000 A6=108E74 PC=C92 -- 000C92: move.w  ($2,A4), D1
D0=A D1=13 D2=1 D3=0 D4=16400000 D5=84590026 D6=84590026 D7=100028 A0=10C1A8 A1=109480 A2=1094C2 A3=108F4A A4=10881E A5=108000 A6=108E74 PC=C96 -- 000C96: jsr     $5fde.l
D0=A D1=13 D2=1 D3=0 D4=16400000 D5=84590026 D6=84590026 D7=100028 A0=10C1A8 A1=109480 A2=1094C2 A3=108F4A A4=10881E A5=108000 A6=108E74 PC=5FDE -- 005FDE: lsl.w   #5, D0
D0=140 D1=13 D2=1 D3=0 D4=16400000 D5=84590026 D6=84590026 D7=100028 A0=10C1A8 A1=109480 A2=1094C2 A3=108F4A A4=10881E A5=108000 A6=108E74 PC=5FE0 -- 005FE0: add.w   D1, D0
D0=153 D1=13 D2=1 D3=0 D4=16400000 D5=84590026 D6=84590026 D7=100028 A0=10C1A8 A1=109480 A2=1094C2 A3=108F4A A4=10881E A5=108000 A6=108E74 PC=5FE2 -- 005FE2: addi.w  #$7002, D0
D0=7155 D1=13 D2=1 D3=0 D4=16400000 D5=84590026 D6=84590026 D7=100028 A0=10C1A8 A1=109480 A2=1094C2 A3=108F4A A4=10881E A5=108000 A6=108E74 PC=5FE6 -- 005FE6: swap    D0
D0=71550000 D1=13 D2=1 D3=0 D4=16400000 D5=84590026 D6=84590026 D7=100028 A0=10C1A8 A1=109480 A2=1094C2 A3=108F4A A4=10881E A5=108000 A6=108E74 PC=5FE8 -- 005FE8: rts
D0=71550000 D1=13 D2=1 D3=0 D4=16400000 D5=84590026 D6=84590026 D7=100028 A0=10C1A8 A1=109480 A2=1094C2 A3=108F4A A4=10881E A5=108000 A6=108E74 PC=C9C -- 000C9C: movea.l ($8,A4), A0
D0=71550000 D1=13 D2=1 D3=0 D4=16400000 D5=84590026 D6=84590026 D7=100028 A0=4F8A2 A1=109480 A2=1094C2 A3=108F4A A4=10881E A5=108000 A6=108E74 PC=CA0 -- 000CA0: move.w  #$1300, D0
D0=71551300 D1=13 D2=1 D3=0 D4=16400000 D5=84590026 D6=84590026 D7=100028 A0=4F8A2 A1=109480 A2=1094C2 A3=108F4A A4=10881E A5=108000 A6=108E74 PC=CA4 -- 000CA4: move.l  #$200000, D1
D0=71551300 D1=200000 D2=1 D3=0 D4=16400000 D5=84590026 D6=84590026 D7=100028 A0=4F8A2 A1=109480 A2=1094C2 A3=108F4A A4=10881E A5=108000 A6=108E74 PC=CAA -- 000CAA: jsr     $5f0c.l
D0=71551300 D1=200000 D2=1 D3=0 D4=16400000 D5=84590026 D6=84590026 D7=100028 A0=4F8A2 A1=109480 A2=1094C2 A3=108F4A A4=10881E A5=108000 A6=108E74 PC=5F0C -- 005F0C: move.b  (A0)+, D0
D0=71551320 D1=200000 D2=1 D3=0 D4=16400000 D5=84590026 D6=84590026 D7=100028 A0=4F8A3 A1=109480 A2=1094C2 A3=108F4A A4=10881E A5=108000 A6=108E74 PC=5F0E -- 005F0E: cmpi.b  #-$1, D0
D0=71551320 D1=200000 D2=1 D3=0 D4=16400000 D5=84590026 D6=84590026 D7=100028 A0=4F8A3 A1=109480 A2=1094C2 A3=108F4A A4=10881E A5=108000 A6=108E74 PC=5F12 -- 005F12: beq     $5f20
D0=71551320 D1=200000 D2=1 D3=0 D4=16400000 D5=84590026 D6=84590026 D7=100028 A0=4F8A3 A1=109480 A2=1094C2 A3=108F4A A4=10881E A5=108000 A6=108E74 PC=5F16 -- 005F16: move.l  D0, $3c0000.l
D0=71551320 D1=200000 D2=1 D3=0 D4=16400000 D5=84590026 D6=84590026 D7=100028 A0=4F8A3 A1=109480 A2=1094C2 A3=108F4A A4=10881E A5=108000 A6=108E74 PC=5F1C -- 005F1C: add.l   D1, D0
D0=71751320 D1=200000 D2=1 D3=0 D4=16400000 D5=84590026 D6=84590026 D7=100028 A0=4F8A3 A1=109480 A2=1094C2 A3=108F4A A4=10881E A5=108000 A6=108E74 PC=5F1E -- 005F1E: bra     $5f0c
D0=71751320 D1=200000 D2=1 D3=0 D4=16400000 D5=84590026 D6=84590026 D7=100028 A0=4F8A3 A1=109480 A2=1094C2 A3=108F4A A4=10881E A5=108000 A6=108E74 PC=5F0C -- 005F0C: move.b  (A0)+, D0
D0=71751320 D1=200000 D2=1 D3=0 D4=16400000 D5=84590026 D6=84590026 D7=100028 A0=4F8A4 A1=109480 A2=1094C2 A3=108F4A A4=10881E A5=108000 A6=108E74 PC=5F0E -- 005F0E: cmpi.b  #-$1, D0
D0=71751320 D1=200000 D2=1 D3=0 D4=16400000 D5=84590026 D6=84590026 D7=100028 A0=4F8A4 A1=109480 A2=1094C2 A3=108F4A A4=10881E A5=108000 A6=108E74 PC=5F12 -- 005F12: beq     $5f20
D0=71751320 D1=200000 D2=1 D3=0 D4=16400000 D5=84590026 D6=84590026 D7=100028 A0=4F8A4 A1=109480 A2=1094C2 A3=108F4A A4=10881E A5=108000 A6=108E74 PC=5F16 -- 005F16: move.l  D0, $3c0000.l
D0=71751320 D1=200000 D2=1 D3=0 D4=16400000 D5=84590026 D6=84590026 D7=100028 A0=4F8A4 A1=109480 A2=1094C2 A3=108F4A A4=10881E A5=108000 A6=108E74 PC=5F1C -- 005F1C: add.l   D1, D0
D0=71951320 D1=200000 D2=1 D3=0 D4=16400000 D5=84590026 D6=84590026 D7=100028 A0=4F8A4 A1=109480 A2=1094C2 A3=108F4A A4=10881E A5=108000 A6=108E74 PC=5F1E -- 005F1E: bra     $5f0c

   (loops for 111 instructions)

D0=73D513FF D1=200000 D2=1 D3=0 D4=16400000 D5=84590026 D6=84590026 D7=100028 A0=4F8B7 A1=109480 A2=1094C2 A3=108F4A A4=10881E A5=108000 A6=108E74 PC=5F20 -- 005F20: rts
D0=73D513FF D1=200000 D2=1 D3=0 D4=16400000 D5=84590026 D6=84590026 D7=100028 A0=4F8B7 A1=109480 A2=1094C2 A3=108F4A A4=10881E A5=108000 A6=108E74 PC=CB0 -- 000CB0: rts
D0=73D513FF D1=200000 D2=1 D3=0 D4=16400000 D5=84590026 D6=84590026 D7=100028 A0=4F8B7 A1=109480 A2=1094C2 A3=108F4A A4=10881E A5=108000 A6=108E74 PC=8A8 -- 0008A8: nop
D0=73D513FF D1=200000 D2=1 D3=0 D4=16400000 D5=84590026 D6=84590026 D7=100028 A0=4F8B7 A1=109480 A2=1094C2 A3=108F4A A4=10881E A5=108000 A6=108E74 PC=8AA -- 0008AA: rts
D0=73D513FF D1=200000 D2=1 D3=0 D4=16400000 D5=84590026 D6=84590026 D7=100028 A0=4F8B7 A1=109480 A2=1094C2 A3=108F4A A4=10881E A5=108000 A6=108E74 PC=32AEA -- 032AEA: jsr     $45e3e.l
D0=73D513FF D1=200000 D2=1 D3=0 D4=16400000 D5=84590026 D6=84590026 D7=100028 A0=4F8B7 A1=109480 A2=1094C2 A3=108F4A A4=10881E A5=108000 A6=108E74 PC=45E3E -- 045E3E: btst    #$3, ($80c,A5)
D0=73D513FF D1=200000 D2=1 D3=0 D4=16400000 D5=84590026 D6=84590026 D7=100028 A0=4F8B7 A1=109480 A2=1094C2 A3=108F4A A4=10881E A5=108000 A6=108E74 PC=45E44 -- 045E44: beq     $45e54
D0=73D513FF D1=200000 D2=1 D3=0 D4=16400000 D5=84590026 D6=84590026 D7=100028 A0=4F8B7 A1=109480 A2=1094C2 A3=108F4A A4=10881E A5=108000 A6=108E74 PC=45E54 -- 045E54: btst    #$4, ($80c,A5)
D0=73D513FF D1=200000 D2=1 D3=0 D4=16400000 D5=84590026 D6=84590026 D7=100028 A0=4F8B7 A1=109480 A2=1094C2 A3=108F4A A4=10881E A5=108000 A6=108E74 PC=45E5A -- 045E5A: beq     $45e6a
D0=73D513FF D1=200000 D2=1 D3=0 D4=16400000 D5=84590026 D6=84590026 D7=100028 A0=4F8B7 A1=109480 A2=1094C2 A3=108F4A A4=10881E A5=108000 A6=108E74 PC=45E6A -- 045E6A: rts
D0=73D513FF D1=200000 D2=1 D3=0 D4=16400000 D5=84590026 D6=84590026 D7=100028 A0=4F8B7 A1=109480 A2=1094C2 A3=108F4A A4=10881E A5=108000 A6=108E74 PC=32AF0 -- 032AF0: jsr     $3e82.w
D0=73D513FF D1=200000 D2=1 D3=0 D4=16400000 D5=84590026 D6=84590026 D7=100028 A0=4F8B7 A1=109480 A2=1094C2 A3=108F4A A4=10881E A5=108000 A6=108E74 PC=3E82 -- 003E82: moveq   #$0, D0
D0=0 D1=200000 D2=1 D3=0 D4=16400000 D5=84590026 D6=84590026 D7=100028 A0=4F8B7 A1=109480 A2=1094C2 A3=108F4A A4=10881E A5=108000 A6=108E74 PC=3E84 -- 003E84: move.l  D0, D1
D0=0 D1=0 D2=1 D3=0 D4=16400000 D5=84590026 D6=84590026 D7=100028 A0=4F8B7 A1=109480 A2=1094C2 A3=108F4A A4=10881E A5=108000 A6=108E74 PC=3E86 -- 003E86: move.l  D0, D2
D0=0 D1=0 D2=0 D3=0 D4=16400000 D5=84590026 D6=84590026 D7=100028 A0=4F8B7 A1=109480 A2=1094C2 A3=108F4A A4=10881E A5=108000 A6=108E74 PC=3E88 -- 003E88: move.l  D0, D3
D0=0 D1=0 D2=0 D3=0 D4=16400000 D5=84590026 D6=84590026 D7=100028 A0=4F8B7 A1=109480 A2=1094C2 A3=108F4A A4=10881E A5=108000 A6=108E74 PC=3E8A -- 003E8A: move.l  D0, D4
D0=0 D1=0 D2=0 D3=0 D4=0 D5=84590026 D6=84590026 D7=100028 A0=4F8B7 A1=109480 A2=1094C2 A3=108F4A A4=10881E A5=108000 A6=108E74 PC=3E8C -- 003E8C: move.l  D0, D5
D0=0 D1=0 D2=0 D3=0 D4=0 D5=84590026 D6=84590026 D7=100028 A0=4F8B7 A1=109480 A2=1094C2 A3=108F4A A4=10881E A5=108000 A6=108E74 PC=3E8E -- 003E8E: move.l  D0, D6
D0=0 D1=0 D2=0 D3=0 D4=0 D5=0 D6=0 D7=100028 A0=4F8B7 A1=109480 A2=1094C2 A3=108F4A A4=10881E A5=108000 A6=108E74 PC=3E90 -- 003E90: move.l  D0, D7
D0=0 D1=0 D2=0 D3=0 D4=0 D5=0 D6=0 D7=0 A0=4F8B7 A1=109480 A2=1094C2 A3=108F4A A4=10881E A5=108000 A6=108E74 PC=3E92 -- 003E92: lea     ($f3c,A5), A0
D0=0 D1=0 D2=0 D3=0 D4=0 D5=0 D6=0 D7=0 A0=108F3C A1=109480 A2=1094C2 A3=108F4A A4=10881E A5=108000 A6=108E74 PC=3E96 -- 003E96: movem.l D0-D7, -(A0)
D0=0 D1=0 D2=0 D3=0 D4=0 D5=0 D6=0 D7=0 A0=108F1C A1=109480 A2=1094C2 A3=108F4A A4=10881E A5=108000 A6=108E74 PC=3E9A -- 003E9A: movem.l D0-D7, -(A0)
D0=0 D1=0 D2=0 D3=0 D4=0 D5=0 D6=0 D7=0 A0=108EFC A1=109480 A2=1094C2 A3=108F4A A4=10881E A5=108000 A6=108E74 PC=3E9E -- 003E9E: movem.l D0-D7, -(A0)
D0=0 D1=0 D2=0 D3=0 D4=0 D5=0 D6=0 D7=0 A0=108EDC A1=109480 A2=1094C2 A3=108F4A A4=10881E A5=108000 A6=108E74 PC=3EA2 -- 003EA2: movem.l D0-D7, -(A0)
D0=0 D1=0 D2=0 D3=0 D4=0 D5=0 D6=0 D7=0 A0=108EBC A1=109480 A2=1094C2 A3=108F4A A4=10881E A5=108000 A6=108E74 PC=3EA6 -- 003EA6: movem.l D0-D7, -(A0)
D0=0 D1=0 D2=0 D3=0 D4=0 D5=0 D6=0 D7=0 A0=108E9C A1=109480 A2=1094C2 A3=108F4A A4=10881E A5=108000 A6=108E74 PC=3EAA -- 003EAA: movem.l D0-D7, -(A0)
D0=0 D1=0 D2=0 D3=0 D4=0 D5=0 D6=0 D7=0 A0=108E7C A1=109480 A2=1094C2 A3=108F4A A4=10881E A5=108000 A6=108E74 PC=3EAE -- 003EAE: movem.l D0-D7, -(A0)
D0=0 D1=0 D2=0 D3=0 D4=0 D5=0 D6=0 D7=0 A0=108E5C A1=109480 A2=1094C2 A3=108F4A A4=10881E A5=108000 A6=108E74 PC=3EB2 -- 003EB2: movem.l D0-D7, -(A0)
D0=0 D1=0 D2=0 D3=0 D4=0 D5=0 D6=0 D7=0 A0=108E3C A1=109480 A2=1094C2 A3=108F4A A4=10881E A5=108000 A6=108E74 PC=3EB6 -- 003EB6: lea     ($103c,A5), A0
D0=0 D1=0 D2=0 D3=0 D4=0 D5=0 D6=0 D7=0 A0=10903C A1=109480 A2=1094C2 A3=108F4A A4=10881E A5=108000 A6=108E74 PC=3EBA -- 003EBA: movem.l D0-D7, -(A0)
D0=0 D1=0 D2=0 D3=0 D4=0 D5=0 D6=0 D7=0 A0=10901C A1=109480 A2=1094C2 A3=108F4A A4=10881E A5=108000 A6=108E74 PC=3EBE -- 003EBE: movem.l D0-D7, -(A0)
D0=0 D1=0 D2=0 D3=0 D4=0 D5=0 D6=0 D7=0 A0=108FFC A1=109480 A2=1094C2 A3=108F4A A4=10881E A5=108000 A6=108E74 PC=3EC2 -- 003EC2: movem.l D0-D7, -(A0)
D0=0 D1=0 D2=0 D3=0 D4=0 D5=0 D6=0 D7=0 A0=108FDC A1=109480 A2=1094C2 A3=108F4A A4=10881E A5=108000 A6=108E74 PC=3EC6 -- 003EC6: movem.l D0-D7, -(A0)
D0=0 D1=0 D2=0 D3=0 D4=0 D5=0 D6=0 D7=0 A0=108FBC A1=109480 A2=1094C2 A3=108F4A A4=10881E A5=108000 A6=108E74 PC=3ECA -- 003ECA: movem.l D0-D7, -(A0)
D0=0 D1=0 D2=0 D3=0 D4=0 D5=0 D6=0 D7=0 A0=108F9C A1=109480 A2=1094C2 A3=108F4A A4=10881E A5=108000 A6=108E74 PC=3ECE -- 003ECE: movem.l D0-D7, -(A0)
D0=0 D1=0 D2=0 D3=0 D4=0 D5=0 D6=0 D7=0 A0=108F7C A1=109480 A2=1094C2 A3=108F4A A4=10881E A5=108000 A6=108E74 PC=3ED2 -- 003ED2: movem.l D0-D7, -(A0)
D0=0 D1=0 D2=0 D3=0 D4=0 D5=0 D6=0 D7=0 A0=108F5C A1=109480 A2=1094C2 A3=108F4A A4=10881E A5=108000 A6=108E74 PC=3ED6 -- 003ED6: movem.l D0-D7, -(A0)
D0=0 D1=0 D2=0 D3=0 D4=0 D5=0 D6=0 D7=0 A0=108F3C A1=109480 A2=1094C2 A3=108F4A A4=10881E A5=108000 A6=108E74 PC=3EDA -- 003EDA: tst.w   ($e3a,A5)
D0=0 D1=0 D2=0 D3=0 D4=0 D5=0 D6=0 D7=0 A0=108F3C A1=109480 A2=1094C2 A3=108F4A A4=10881E A5=108000 A6=108E74 PC=3EDE -- 003EDE: beq     $406e
D0=0 D1=0 D2=0 D3=0 D4=0 D5=0 D6=0 D7=0 A0=108F3C A1=109480 A2=1094C2 A3=108F4A A4=10881E A5=108000 A6=108E74 PC=3EE2 -- 003EE2: move.w  ($1048,A5), ($792,A5)
D0=0 D1=0 D2=0 D3=0 D4=0 D5=0 D6=0 D7=0 A0=108F3C A1=109480 A2=1094C2 A3=108F4A A4=10881E A5=108000 A6=108E74 PC=3EE8 -- 003EE8: move.w  ($104a,A5), ($794,A5)
D0=0 D1=0 D2=0 D3=0 D4=0 D5=0 D6=0 D7=0 A0=108F3C A1=109480 A2=1094C2 A3=108F4A A4=10881E A5=108000 A6=108E74 PC=3EEE -- 003EEE: lea     ($e3c,A5), A6
D0=0 D1=0 D2=0 D3=0 D4=0 D5=0 D6=0 D7=0 A0=108F3C A1=109480 A2=1094C2 A3=108F4A A4=10881E A5=108000 A6=108E3C PC=3EF2 -- 003EF2: lea     ($f3c,A5), A3
D0=0 D1=0 D2=0 D3=0 D4=0 D5=0 D6=0 D7=0 A0=108F3C A1=109480 A2=1094C2 A3=108F3C A4=10881E A5=108000 A6=108E3C PC=3EF6 -- 003EF6: move.w  ($1044,A5), D4
D0=0 D1=0 D2=0 D3=0 D4=1 D5=0 D6=0 D7=0 A0=108F3C A1=109480 A2=1094C2 A3=108F3C A4=10881E A5=108000 A6=108E3C PC=3EFA -- 003EFA: add.w   ($103c,A5), D4
D0=0 D1=0 D2=0 D3=0 D4=1 D5=0 D6=0 D7=0 A0=108F3C A1=109480 A2=1094C2 A3=108F3C A4=10881E A5=108000 A6=108E3C PC=3EFE -- 003EFE: move.w  D4, D5
D0=0 D1=0 D2=0 D3=0 D4=1 D5=0 D6=0 D7=0 A0=108F3C A1=109480 A2=1094C2 A3=108F3C A4=10881E A5=108000 A6=108E3C PC=3F00 -- 003F00: move.w  D5, D6
D0=0 D1=0 D2=0 D3=0 D4=1 D5=1 D6=1 D7=0 A0=108F3C A1=109480 A2=1094C2 A3=108F3C A4=10881E A5=108000 A6=108E3C PC=3F02 -- 003F02: lsl.w   #6, D4
D0=0 D1=0 D2=0 D3=0 D4=40 D5=1 D6=1 D7=0 A0=108F3C A1=109480 A2=1094C2 A3=108F3C A4=10881E A5=108000 A6=108E3C PC=3F04 -- 003F04: addi.w  #-$8000, D5
D0=0 D1=0 D2=0 D3=0 D4=40 D5=1 D6=1 D7=0 A0=108F3C A1=109480 A2=1094C2 A3=108F3C A4=10881E A5=108000 A6=108E3C PC=3F08 -- 003F08: addi.w  #-$7c00, D6
D0=0 D1=0 D2=0 D3=0 D4=40 D5=8401 D6=8401 D7=0 A0=108F3C A1=109480 A2=1094C2 A3=108F3C A4=10881E A5=108000 A6=108E3C PC=3F0C -- 003F0C: swap    D4
D0=0 D1=0 D2=0 D3=0 D4=400000 D5=8401 D6=8401 D7=0 A0=108F3C A1=109480 A2=1094C2 A3=108F3C A4=10881E A5=108000 A6=108E3C PC=3F0E -- 003F0E: swap    D5
D0=0 D1=0 D2=0 D3=0 D4=400000 D5=8401 D6=8401 D7=0 A0=108F3C A1=109480 A2=1094C2 A3=108F3C A4=10881E A5=108000 A6=108E3C PC=3F10 -- 003F10: swap    D6
D0=0 D1=0 D2=0 D3=0 D4=400000 D5=84010000 D6=84010000 D7=0 A0=108F3C A1=109480 A2=1094C2 A3=108F3C A4=10881E A5=108000 A6=108E3C PC=3F12 -- 003F12: move.w  ($1046,A5), D4
D0=0 D1=0 D2=0 D3=0 D4=4000F9 D5=84010000 D6=84010000 D7=0 A0=108F3C A1=109480 A2=1094C2 A3=108F3C A4=10881E A5=108000 A6=108E3C PC=3F16 -- 003F16: add.w   ($103e,A5), D4
D0=0 D1=0 D2=0 D3=0 D4=4000F9 D5=84010000 D6=84010000 D7=0 A0=108F3C A1=109480 A2=1094C2 A3=108F3C A4=10881E A5=108000 A6=108E3C PC=3F1A -- 003F1A: move.w  D4, D5
D0=0 D1=0 D2=0 D3=0 D4=4000F9 D5=84010000 D6=84010000 D7=0 A0=108F3C A1=109480 A2=1094C2 A3=108F3C A4=10881E A5=108000 A6=108E3C PC=3F1C -- 003F1C: move.w  D5, D6
D0=0 D1=0 D2=0 D3=0 D4=4000F9 D5=840100F9 D6=840100F9 D7=0 A0=108F3C A1=109480 A2=1094C2 A3=108F3C A4=10881E A5=108000 A6=108E3C PC=3F1E -- 003F1E: lsl.w   #6, D4
D0=0 D1=0 D2=0 D3=0 D4=403E40 D5=840100F9 D6=840100F9 D7=0 A0=108F3C A1=109480 A2=1094C2 A3=108F3C A4=10881E A5=108000 A6=108E3C PC=3F20 -- 003F20: addi.w  #-$8000, D5
D0=0 D1=0 D2=0 D3=0 D4=403E40 D5=840100F9 D6=840100F9 D7=0 A0=108F3C A1=109480 A2=1094C2 A3=108F3C A4=10881E A5=108000 A6=108E3C PC=3F24 -- 003F24: addi.w  #-$7c00, D6
D0=0 D1=0 D2=0 D3=0 D4=403E40 D5=840184F9 D6=840184F9 D7=0 A0=108F3C A1=109480 A2=1094C2 A3=108F3C A4=10881E A5=108000 A6=108E3C PC=3F28 -- 003F28: lea     ($838,A5), A0
D0=0 D1=0 D2=0 D3=0 D4=403E40 D5=840184F9 D6=840184F9 D7=0 A0=108838 A1=109480 A2=1094C2 A3=108F3C A4=10881E A5=108000 A6=108E3C PC=3F2C -- 003F2C: move.w  ($e38,A5), D0
D0=C8 D1=0 D2=0 D3=0 D4=403E40 D5=840184F9 D6=840184F9 D7=0 A0=108838 A1=109480 A2=1094C2 A3=108F3C A4=10881E A5=108000 A6=108E3C PC=3F30 -- 003F30: adda.w  D0, A0
D0=C8 D1=0 D2=0 D3=0 D4=403E40 D5=840184F9 D6=840184F9 D7=0 A0=108900 A1=109480 A2=1094C2 A3=108F3C A4=10881E A5=108000 A6=108E3C PC=3F32 -- 003F32: move.w  (A0)+, D0
D0=500 D1=0 D2=0 D3=0 D4=403E40 D5=840184F9 D6=840184F9 D7=0 A0=108902 A1=109480 A2=1094C2 A3=108F3C A4=10881E A5=108000 A6=108E3C PC=3F34 -- 003F34: beq     $3f32
D0=500 D1=0 D2=0 D3=0 D4=403E40 D5=840184F9 D6=840184F9 D7=0 A0=108902 A1=109480 A2=1094C2 A3=108F3C A4=10881E A5=108000 A6=108E3C PC=3F36 -- 003F36: clr.w   (-$2,A0)
D0=500 D1=0 D2=0 D3=0 D4=403E40 D5=840184F9 D6=840184F9 D7=0 A0=108902 A1=109480 A2=1094C2 A3=108F3C A4=10881E A5=108000 A6=108E3C PC=3F3A -- 003F3A: move.l  A5, D1
D0=500 D1=108000 D2=0 D3=0 D4=403E40 D5=840184F9 D6=840184F9 D7=0 A0=108902 A1=109480 A2=1094C2 A3=108F3C A4=10881E A5=108000 A6=108E3C PC=3F3C -- 003F3C: move.w  D0, D1
D0=500 D1=100500 D2=0 D3=0 D4=403E40 D5=840184F9 D6=840184F9 D7=0 A0=108902 A1=109480 A2=1094C2 A3=108F3C A4=10881E A5=108000 A6=108E3C PC=3F3E -- 003F3E: movea.l D1, A1
D0=500 D1=100500 D2=0 D3=0 D4=403E40 D5=840184F9 D6=840184F9 D7=0 A0=108902 A1=100500 A2=1094C2 A3=108F3C A4=10881E A5=108000 A6=108E3C PC=3F40 -- 003F40: movea.l ($28,A1), A2
D0=500 D1=100500 D2=0 D3=0 D4=403E40 D5=840184F9 D6=840184F9 D7=0 A0=108902 A1=100500 A2=F6C98 A3=108F3C A4=10881E A5=108000 A6=108E3C PC=3F44 -- 003F44: lea     $7bf48.l, A4
D0=500 D1=100500 D2=0 D3=0 D4=403E40 D5=840184F9 D6=840184F9 D7=0 A0=108902 A1=100500 A2=F6C98 A3=108F3C A4=7BF48 A5=108000 A6=108E3C PC=3F4A -- 003F4A: move.w  ($70,A1), D0
D0=1B D1=100500 D2=0 D3=0 D4=403E40 D5=840184F9 D6=840184F9 D7=0 A0=108902 A1=100500 A2=F6C98 A3=108F3C A4=7BF48 A5=108000 A6=108E3C PC=3F4E -- 003F4E: add.w   D0, D0
D0=36 D1=100500 D2=0 D3=0 D4=403E40 D5=840184F9 D6=840184F9 D7=0 A0=108902 A1=100500 A2=F6C98 A3=108F3C A4=7BF48 A5=108000 A6=108E3C PC=3F50 -- 003F50: add.w   D0, D0
D0=6C D1=100500 D2=0 D3=0 D4=403E40 D5=840184F9 D6=840184F9 D7=0 A0=108902 A1=100500 A2=F6C98 A3=108F3C A4=7BF48 A5=108000 A6=108E3C PC=3F52 -- 003F52: movea.l (A4,D0.w), A4
D0=6C D1=100500 D2=0 D3=0 D4=403E40 D5=840184F9 D6=840184F9 D7=0 A0=108902 A1=100500 A2=F6C98 A3=108F3C A4=7F5E0 A5=108000 A6=108E3C PC=3F56 -- 003F56: move.w  ($72,A1), D0
D0=1C D1=100500 D2=0 D3=0 D4=403E40 D5=840184F9 D6=840184F9 D7=0 A0=108902 A1=100500 A2=F6C98 A3=108F3C A4=7F5E0 A5=108000 A6=108E3C PC=3F5A -- 003F5A: add.w   D0, D0
D0=38 D1=100500 D2=0 D3=0 D4=403E40 D5=840184F9 D6=840184F9 D7=0 A0=108902 A1=100500 A2=F6C98 A3=108F3C A4=7F5E0 A5=108000 A6=108E3C PC=3F5C -- 003F5C: move.w  (A4,D0.w), ($46de,A5)
D0=38 D1=100500 D2=0 D3=0 D4=403E40 D5=840184F9 D6=840184F9 D7=0 A0=108902 A1=100500 A2=F6C98 A3=108F3C A4=7F5E0 A5=108000 A6=108E3C PC=3F62 -- 003F62: lea     $80000.l, A4
D0=38 D1=100500 D2=0 D3=0 D4=403E40 D5=840184F9 D6=840184F9 D7=0 A0=108902 A1=100500 A2=F6C98 A3=108F3C A4=80000 A5=108000 A6=108E3C PC=3F68 -- 003F68: move.w  ($70,A1), D0
D0=1B D1=100500 D2=0 D3=0 D4=403E40 D5=840184F9 D6=840184F9 D7=0 A0=108902 A1=100500 A2=F6C98 A3=108F3C A4=80000 A5=108000 A6=108E3C PC=3F6C -- 003F6C: add.w   D0, D0
D0=36 D1=100500 D2=0 D3=0 D4=403E40 D5=840184F9 D6=840184F9 D7=0 A0=108902 A1=100500 A2=F6C98 A3=108F3C A4=80000 A5=108000 A6=108E3C PC=3F6E -- 003F6E: add.w   D0, D0
D0=6C D1=100500 D2=0 D3=0 D4=403E40 D5=840184F9 D6=840184F9 D7=0 A0=108902 A1=100500 A2=F6C98 A3=108F3C A4=80000 A5=108000 A6=108E3C PC=3F70 -- 003F70: movea.l (A4,D0.w), A4
D0=6C D1=100500 D2=0 D3=0 D4=403E40 D5=840184F9 D6=840184F9 D7=0 A0=108902 A1=100500 A2=F6C98 A3=108F3C A4=86E00 A5=108000 A6=108E3C PC=3F74 -- 003F74: move.w  ($46de,A5), D0
D0=1C1C D1=100500 D2=0 D3=0 D4=403E40 D5=840184F9 D6=840184F9 D7=0 A0=108902 A1=100500 A2=F6C98 A3=108F3C A4=86E00 A5=108000 A6=108E3C PC=3F78 -- 003F78: tst.b   ($46e2,A5)
D0=1C1C D1=100500 D2=0 D3=0 D4=403E40 D5=840184F9 D6=840184F9 D7=0 A0=108902 A1=100500 A2=F6C98 A3=108F3C A4=86E00 A5=108000 A6=108E3C PC=3F7C -- 003F7C: beq     $3f82
D0=1C1C D1=100500 D2=0 D3=0 D4=403E40 D5=840184F9 D6=840184F9 D7=0 A0=108902 A1=100500 A2=F6C98 A3=108F3C A4=86E00 A5=108000 A6=108E3C PC=3F82 -- 003F82: andi.w  #$ff, D0
D0=1C D1=100500 D2=0 D3=0 D4=403E40 D5=840184F9 D6=840184F9 D7=0 A0=108902 A1=100500 A2=F6C98 A3=108F3C A4=86E00 A5=108000 A6=108E3C PC=3F86 -- 003F86: add.w   D0, D0
D0=38 D1=100500 D2=0 D3=0 D4=403E40 D5=840184F9 D6=840184F9 D7=0 A0=108902 A1=100500 A2=F6C98 A3=108F3C A4=86E00 A5=108000 A6=108E3C PC=3F88 -- 003F88: add.w   D0, D0
D0=70 D1=100500 D2=0 D3=0 D4=403E40 D5=840184F9 D6=840184F9 D7=0 A0=108902 A1=100500 A2=F6C98 A3=108F3C A4=86E00 A5=108000 A6=108E3C PC=3F8A -- 003F8A: movea.l (A4,D0.w), A4
D0=70 D1=100500 D2=0 D3=0 D4=403E40 D5=840184F9 D6=840184F9 D7=0 A0=108902 A1=100500 A2=F6C98 A3=108F3C A4=F2E88 A5=108000 A6=108E3C PC=3F8E -- 003F8E: move.w  ($74,A1), D0
D0=C D1=100500 D2=0 D3=0 D4=403E40 D5=840184F9 D6=840184F9 D7=0 A0=108902 A1=100500 A2=F6C98 A3=108F3C A4=F2E88 A5=108000 A6=108E3C PC=3F92 -- 003F92: adda.w  D0, A4
D0=C D1=100500 D2=0 D3=0 D4=403E40 D5=840184F9 D6=840184F9 D7=0 A0=108902 A1=100500 A2=F6C98 A3=108F3C A4=F2E94 A5=108000 A6=108E3C PC=3F94 -- 003F94: move.l  (A4), D0
D0=10F0FD8 D1=100500 D2=0 D3=0 D4=403E40 D5=840184F9 D6=840184F9 D7=0 A0=108902 A1=100500 A2=F6C98 A3=108F3C A4=F2E94 A5=108000 A6=108E3C PC=3F96 -- 003F96: movea.l D0, A4
D0=10F0FD8 D1=100500 D2=0 D3=0 D4=403E40 D5=840184F9 D6=840184F9 D7=0 A0=108902 A1=100500 A2=F6C98 A3=108F3C A4=10F0FD8 A5=108000 A6=108E3C PC=3F98 -- 003F98: move.l  A0, -(A7)
D0=10F0FD8 D1=100500 D2=0 D3=0 D4=403E40 D5=840184F9 D6=840184F9 D7=0 A0=108902 A1=100500 A2=F6C98 A3=108F3C A4=10F0FD8 A5=108000 A6=108E3C PC=3F9A -- 003F9A: lea     $3c0002.l, A0
D0=10F0FD8 D1=100500 D2=0 D3=0 D4=403E40 D5=840184F9 D6=840184F9 D7=0 A0=3C0002 A1=100500 A2=F6C98 A3=108F3C A4=10F0FD8 A5=108000 A6=108E3C PC=3FA0 -- 003FA0: tst.b   ($7c,A1)
D0=10F0FD8 D1=100500 D2=0 D3=0 D4=403E40 D5=840184F9 D6=840184F9 D7=0 A0=3C0002 A1=100500 A2=F6C98 A3=108F3C A4=10F0FD8 A5=108000 A6=108E3C PC=3FA4 -- 003FA4: bpl     $3fc0
D0=10F0FD8 D1=100500 D2=0 D3=0 D4=403E40 D5=840184F9 D6=840184F9 D7=0 A0=3C0002 A1=100500 A2=F6C98 A3=108F3C A4=10F0FD8 A5=108000 A6=108E3C PC=3FC0 -- 003FC0: moveq   #$0, D0
D0=0 D1=100500 D2=0 D3=0 D4=403E40 D5=840184F9 D6=840184F9 D7=0 A0=3C0002 A1=100500 A2=F6C98 A3=108F3C A4=10F0FD8 A5=108000 A6=108E3C PC=3FC2 -- 003FC2: move.b  (A2), D0
D0=7 D1=100500 D2=0 D3=0 D4=403E40 D5=840184F9 D6=840184F9 D7=0 A0=3C0002 A1=100500 A2=F6C98 A3=108F3C A4=10F0FD8 A5=108000 A6=108E3C PC=3FC4 -- 003FC4: sub.w   D0, ($794,A5)
D0=7 D1=100500 D2=0 D3=0 D4=403E40 D5=840184F9 D6=840184F9 D7=0 A0=3C0002 A1=100500 A2=F6C98 A3=108F3C A4=10F0FD8 A5=108000 A6=108E3C PC=3FC8 -- 003FC8: bcc     $3fd2
D0=7 D1=100500 D2=0 D3=0 D4=403E40 D5=840184F9 D6=840184F9 D7=0 A0=3C0002 A1=100500 A2=F6C98 A3=108F3C A4=10F0FD8 A5=108000 A6=108E3C PC=3FD2 -- 003FD2: move.l  A6, -(A7)
D0=7 D1=100500 D2=0 D3=0 D4=403E40 D5=840184F9 D6=840184F9 D7=0 A0=3C0002 A1=100500 A2=F6C98 A3=108F3C A4=10F0FD8 A5=108000 A6=108E3C PC=3FD4 -- 003FD4: btst    #$6, ($7c,A1)
D0=7 D1=100500 D2=0 D3=0 D4=403E40 D5=840184F9 D6=840184F9 D7=0 A0=3C0002 A1=100500 A2=F6C98 A3=108F3C A4=10F0FD8 A5=108000 A6=108E3C PC=3FDA -- 003FDA: bne     $400c
D0=7 D1=100500 D2=0 D3=0 D4=403E40 D5=840184F9 D6=840184F9 D7=0 A0=3C0002 A1=100500 A2=F6C98 A3=108F3C A4=10F0FD8 A5=108000 A6=108E3C PC=3FDE -- 003FDE: moveq   #$0, D1
D0=7 D1=0 D2=0 D3=0 D4=403E40 D5=840184F9 D6=840184F9 D7=0 A0=3C0002 A1=100500 A2=F6C98 A3=108F3C A4=10F0FD8 A5=108000 A6=108E3C PC=3FE0 -- 003FE0: move.b  ($82,A1), D1
D0=7 D1=0 D2=0 D3=0 D4=403E40 D5=840184F9 D6=840184F9 D7=0 A0=3C0002 A1=100500 A2=F6C98 A3=108F3C A4=10F0FD8 A5=108000 A6=108E3C PC=3FE4 -- 003FE4: add.w   D1, D1
D0=7 D1=0 D2=0 D3=0 D4=403E40 D5=840184F9 D6=840184F9 D7=0 A0=3C0002 A1=100500 A2=F6C98 A3=108F3C A4=10F0FD8 A5=108000 A6=108E3C PC=3FE6 -- 003FE6: add.w   D1, D1
D0=7 D1=0 D2=0 D3=0 D4=403E40 D5=840184F9 D6=840184F9 D7=0 A0=3C0002 A1=100500 A2=F6C98 A3=108F3C A4=10F0FD8 A5=108000 A6=108E3C PC=3FE8 -- 003FE8: move.w  ($18,A1), D0
D0=11D D1=0 D2=0 D3=0 D4=403E40 D5=840184F9 D6=840184F9 D7=0 A0=3C0002 A1=100500 A2=F6C98 A3=108F3C A4=10F0FD8 A5=108000 A6=108E3C PC=3FEC -- 003FEC: lea     ($104c,A5), A6
D0=11D D1=0 D2=0 D3=0 D4=403E40 D5=840184F9 D6=840184F9 D7=0 A0=3C0002 A1=100500 A2=F6C98 A3=108F3C A4=10F0FD8 A5=108000 A6=10904C PC=3FF0 -- 003FF0: sub.w   (A6,D1.w), D0
D0=11D D1=0 D2=0 D3=0 D4=403E40 D5=840184F9 D6=840184F9 D7=0 A0=3C0002 A1=100500 A2=F6C98 A3=108F3C A4=10F0FD8 A5=108000 A6=10904C PC=3FF4 -- 003FF4: move.w  D0, ($24,A1)
D0=11D D1=0 D2=0 D3=0 D4=403E40 D5=840184F9 D6=840184F9 D7=0 A0=3C0002 A1=100500 A2=F6C98 A3=108F3C A4=10F0FD8 A5=108000 A6=10904C PC=3FF8 -- 003FF8: move.w  ($1c,A1), D0
D0=70 D1=0 D2=0 D3=0 D4=403E40 D5=840184F9 D6=840184F9 D7=0 A0=3C0002 A1=100500 A2=F6C98 A3=108F3C A4=10F0FD8 A5=108000 A6=10904C PC=3FFC -- 003FFC: sub.w   ($20,A1), D0
D0=70 D1=0 D2=0 D3=0 D4=403E40 D5=840184F9 D6=840184F9 D7=0 A0=3C0002 A1=100500 A2=F6C98 A3=108F3C A4=10F0FD8 A5=108000 A6=10904C PC=4000 -- 004000: lea     ($1058,A5), A6
D0=70 D1=0 D2=0 D3=0 D4=403E40 D5=840184F9 D6=840184F9 D7=0 A0=3C0002 A1=100500 A2=F6C98 A3=108F3C A4=10F0FD8 A5=108000 A6=109058 PC=4004 -- 004004: sub.w   (A6,D1.w), D0
D0=70 D1=0 D2=0 D3=0 D4=403E40 D5=840184F9 D6=840184F9 D7=0 A0=3C0002 A1=100500 A2=F6C98 A3=108F3C A4=10F0FD8 A5=108000 A6=109058 PC=4008 -- 004008: move.w  D0, ($26,A1)
D0=70 D1=0 D2=0 D3=0 D4=403E40 D5=840184F9 D6=840184F9 D7=0 A0=3C0002 A1=100500 A2=F6C98 A3=108F3C A4=10F0FD8 A5=108000 A6=109058 PC=400C -- 00400C: tst.b   ($3a66,A5)
D0=70 D1=0 D2=0 D3=0 D4=403E40 D5=840184F9 D6=840184F9 D7=0 A0=3C0002 A1=100500 A2=F6C98 A3=108F3C A4=10F0FD8 A5=108000 A6=109058 PC=4010 -- 004010: bmi     $4018
D0=70 D1=0 D2=0 D3=0 D4=403E40 D5=840184F9 D6=840184F9 D7=0 A0=3C0002 A1=100500 A2=F6C98 A3=108F3C A4=10F0FD8 A5=108000 A6=109058 PC=4012 -- 004012: bsr     $4088
D0=70 D1=0 D2=0 D3=0 D4=403E40 D5=840184F9 D6=840184F9 D7=0 A0=3C0002 A1=100500 A2=F6C98 A3=108F3C A4=10F0FD8 A5=108000 A6=109058 PC=4088 -- 004088: move.w  (A4), D0
D0=FFA5 D1=0 D2=0 D3=0 D4=403E40 D5=840184F9 D6=840184F9 D7=0 A0=3C0002 A1=100500 A2=F6C98 A3=108F3C A4=10F0FD8 A5=108000 A6=109058 PC=408A -- 00408A: move.b  ($31,A1), D1
D0=FFA5 D1=0 D2=0 D3=0 D4=403E40 D5=840184F9 D6=840184F9 D7=0 A0=3C0002 A1=100500 A2=F6C98 A3=108F3C A4=10F0FD8 A5=108000 A6=109058 PC=408E -- 00408E: move.b  ($4,A4), D2
D0=FFA5 D1=0 D2=0 D3=0 D4=403E40 D5=840184F9 D6=840184F9 D7=0 A0=3C0002 A1=100500 A2=F6C98 A3=108F3C A4=10F0FD8 A5=108000 A6=109058 PC=4092 -- 004092: rol.b   #2, D2
D0=FFA5 D1=0 D2=0 D3=0 D4=403E40 D5=840184F9 D6=840184F9 D7=0 A0=3C0002 A1=100500 A2=F6C98 A3=108F3C A4=10F0FD8 A5=108000 A6=109058 PC=4094 -- 004094: eor.w   D2, D1
D0=FFA5 D1=0 D2=0 D3=0 D4=403E40 D5=840184F9 D6=840184F9 D7=0 A0=3C0002 A1=100500 A2=F6C98 A3=108F3C A4=10F0FD8 A5=108000 A6=109058 PC=4096 -- 004096: andi.w  #$3, D1
D0=FFA5 D1=0 D2=0 D3=0 D4=403E40 D5=840184F9 D6=840184F9 D7=0 A0=3C0002 A1=100500 A2=F6C98 A3=108F3C A4=10F0FD8 A5=108000 A6=109058 PC=409A -- 00409A: move.w  D1, ($790,A5)
D0=FFA5 D1=0 D2=0 D3=0 D4=403E40 D5=840184F9 D6=840184F9 D7=0 A0=3C0002 A1=100500 A2=F6C98 A3=108F3C A4=10F0FD8 A5=108000 A6=109058 PC=409E -- 00409E: andi.w  #$1, D1
D0=FFA5 D1=0 D2=0 D3=0 D4=403E40 D5=840184F9 D6=840184F9 D7=0 A0=3C0002 A1=100500 A2=F6C98 A3=108F3C A4=10F0FD8 A5=108000 A6=109058 PC=40A2 -- 0040A2: beq     $40ae
D0=FFA5 D1=0 D2=0 D3=0 D4=403E40 D5=840184F9 D6=840184F9 D7=0 A0=3C0002 A1=100500 A2=F6C98 A3=108F3C A4=10F0FD8 A5=108000 A6=109058 PC=40AE -- 0040AE: moveq   #$0, D1
D0=FFA5 D1=0 D2=0 D3=0 D4=403E40 D5=840184F9 D6=840184F9 D7=0 A0=3C0002 A1=100500 A2=F6C98 A3=108F3C A4=10F0FD8 A5=108000 A6=109058 PC=40B0 -- 0040B0: move.b  ($68,A1), D1
D0=FFA5 D1=FF D2=0 D3=0 D4=403E40 D5=840184F9 D6=840184F9 D7=0 A0=3C0002 A1=100500 A2=F6C98 A3=108F3C A4=10F0FD8 A5=108000 A6=109058 PC=40B4 -- 0040B4: addq.w  #1, D1
D0=FFA5 D1=100 D2=0 D3=0 D4=403E40 D5=840184F9 D6=840184F9 D7=0 A0=3C0002 A1=100500 A2=F6C98 A3=108F3C A4=10F0FD8 A5=108000 A6=109058 PC=40B6 -- 0040B6: muls.w  D1, D0
D0=FFFFA500 D1=100 D2=0 D3=0 D4=403E40 D5=840184F9 D6=840184F9 D7=0 A0=3C0002 A1=100500 A2=F6C98 A3=108F3C A4=10F0FD8 A5=108000 A6=109058 PC=40B8 -- 0040B8: lsr.l   #8, D0
D0=FFFFA5 D1=100 D2=0 D3=0 D4=403E40 D5=840184F9 D6=840184F9 D7=0 A0=3C0002 A1=100500 A2=F6C98 A3=108F3C A4=10F0FD8 A5=108000 A6=109058 PC=40BA -- 0040BA: add.w   ($24,A1), D0
D0=FF00C2 D1=100 D2=0 D3=0 D4=403E40 D5=840184F9 D6=840184F9 D7=0 A0=3C0002 A1=100500 A2=F6C98 A3=108F3C A4=10F0FD8 A5=108000 A6=109058 PC=40BE -- 0040BE: lsl.w   #7, D0
D0=FF6100 D1=100 D2=0 D3=0 D4=403E40 D5=840184F9 D6=840184F9 D7=0 A0=3C0002 A1=100500 A2=F6C98 A3=108F3C A4=10F0FD8 A5=108000 A6=109058 PC=40C0 -- 0040C0: move.w  D6, (-$2,A0)
D0=FF6100 D1=100 D2=0 D3=0 D4=403E40 D5=840184F9 D6=840184F9 D7=0 A0=3C0002 A1=100500 A2=F6C98 A3=108F3C A4=10F0FD8 A5=108000 A6=109058 PC=40C4 -- 0040C4: move.w  D0, (A0)
D0=FF6100 D1=100 D2=0 D3=0 D4=403E40 D5=840184F9 D6=840184F9 D7=0 A0=3C0002 A1=100500 A2=F6C98 A3=108F3C A4=10F0FD8 A5=108000 A6=109058 PC=40C6 -- 0040C6: moveq   #$0, D0
D0=0 D1=100 D2=0 D3=0 D4=403E40 D5=840184F9 D6=840184F9 D7=0 A0=3C0002 A1=100500 A2=F6C98 A3=108F3C A4=10F0FD8 A5=108000 A6=109058 PC=40C8 -- 0040C8: move.b  (A2), D0
D0=7 D1=100 D2=0 D3=0 D4=403E40 D5=840184F9 D6=840184F9 D7=0 A0=3C0002 A1=100500 A2=F6C98 A3=108F3C A4=10F0FD8 A5=108000 A6=109058 PC=40CA -- 0040CA: add.w   D0, D6
D0=7 D1=100 D2=0 D3=0 D4=403E40 D5=84018500 D6=84018500 D7=0 A0=3C0002 A1=100500 A2=F6C98 A3=108F3C A4=10F0FD8 A5=108000 A6=109058 PC=40CC -- 0040CC: move.w  ($2,A4), D0
D0=FFBD D1=100 D2=0 D3=0 D4=403E40 D5=84018500 D6=84018500 D7=0 A0=3C0002 A1=100500 A2=F6C98 A3=108F3C A4=10F0FD8 A5=108000 A6=109058 PC=40D0 -- 0040D0: btst    #$1, ($791,A5)
D0=FFBD D1=100 D2=0 D3=0 D4=403E40 D5=84018500 D6=84018500 D7=0 A0=3C0002 A1=100500 A2=F6C98 A3=108F3C A4=10F0FD8 A5=108000 A6=109058 PC=40D6 -- 0040D6: beq     $40e4
D0=FFBD D1=100 D2=0 D3=0 D4=403E40 D5=84018500 D6=84018500 D7=0 A0=3C0002 A1=100500 A2=F6C98 A3=108F3C A4=10F0FD8 A5=108000 A6=109058 PC=40E4 -- 0040E4: moveq   #$0, D1
D0=FFBD D1=0 D2=0 D3=0 D4=403E40 D5=84018500 D6=84018500 D7=0 A0=3C0002 A1=100500 A2=F6C98 A3=108F3C A4=10F0FD8 A5=108000 A6=109058 PC=40E6 -- 0040E6: move.b  ($69,A1), D1
D0=FFBD D1=FF D2=0 D3=0 D4=403E40 D5=84018500 D6=84018500 D7=0 A0=3C0002 A1=100500 A2=F6C98 A3=108F3C A4=10F0FD8 A5=108000 A6=109058 PC=40EA -- 0040EA: addq.w  #1, D1
D0=FFBD D1=100 D2=0 D3=0 D4=403E40 D5=84018500 D6=84018500 D7=0 A0=3C0002 A1=100500 A2=F6C98 A3=108F3C A4=10F0FD8 A5=108000 A6=109058 PC=40EC -- 0040EC: muls.w  D1, D0
D0=FFFFBD00 D1=100 D2=0 D3=0 D4=403E40 D5=84018500 D6=84018500 D7=0 A0=3C0002 A1=100500 A2=F6C98 A3=108F3C A4=10F0FD8 A5=108000 A6=109058 PC=40EE -- 0040EE: lsr.l   #8, D0
D0=FFFFBD D1=100 D2=0 D3=0 D4=403E40 D5=84018500 D6=84018500 D7=0 A0=3C0002 A1=100500 A2=F6C98 A3=108F3C A4=10F0FD8 A5=108000 A6=109058 PC=40F0 -- 0040F0: add.w   ($26,A1), D0
D0=FF002D D1=100 D2=0 D3=0 D4=403E40 D5=84018500 D6=84018500 D7=0 A0=3C0002 A1=100500 A2=F6C98 A3=108F3C A4=10F0FD8 A5=108000 A6=109058 PC=40F4 -- 0040F4: neg.w   D0
D0=FFFFD3 D1=100 D2=0 D3=0 D4=403E40 D5=84018500 D6=84018500 D7=0 A0=3C0002 A1=100500 A2=F6C98 A3=108F3C A4=10F0FD8 A5=108000 A6=109058 PC=40F6 -- 0040F6: addi.w  #$1ff, D0
D0=FF01D2 D1=100 D2=0 D3=0 D4=403E40 D5=84018500 D6=84018500 D7=0 A0=3C0002 A1=100500 A2=F6C98 A3=108F3C A4=10F0FD8 A5=108000 A6=109058 PC=40FA -- 0040FA: lsl.w   #7, D0
D0=FFE900 D1=100 D2=0 D3=0 D4=403E40 D5=84018500 D6=84018500 D7=0 A0=3C0002 A1=100500 A2=F6C98 A3=108F3C A4=10F0FD8 A5=108000 A6=109058 PC=40FC -- 0040FC: bsr     $4772
D0=FFE900 D1=100 D2=0 D3=0 D4=403E40 D5=84018500 D6=84018500 D7=0 A0=3C0002 A1=100500 A2=F6C98 A3=108F3C A4=10F0FD8 A5=108000 A6=109058 PC=4772 -- 004772: move.w  D0, -(A7)
D0=FFE900 D1=100 D2=0 D3=0 D4=403E40 D5=84018500 D6=84018500 D7=0 A0=3C0002 A1=100500 A2=F6C98 A3=108F3C A4=10F0FD8 A5=108000 A6=109058 PC=4774 -- 004774: moveq   #-$1, D0
D0=FFFFFFFF D1=100 D2=0 D3=0 D4=403E40 D5=84018500 D6=84018500 D7=0 A0=3C0002 A1=100500 A2=F6C98 A3=108F3C A4=10F0FD8 A5=108000 A6=109058 PC=4776 -- 004776: moveq   #$0, D1
D0=FFFFFFFF D1=0 D2=0 D3=0 D4=403E40 D5=84018500 D6=84018500 D7=0 A0=3C0002 A1=100500 A2=F6C98 A3=108F3C A4=10F0FD8 A5=108000 A6=109058 PC=4778 -- 004778: move.b  ($1,A2), D1
D0=FFFFFFFF D1=6 D2=0 D3=0 D4=403E40 D5=84018500 D6=84018500 D7=0 A0=3C0002 A1=100500 A2=F6C98 A3=108F3C A4=10F0FD8 A5=108000 A6=109058 PC=477C -- 00477C: cmpi.b  #-$1, ($69,A1)
D0=FFFFFFFF D1=6 D2=0 D3=0 D4=403E40 D5=84018500 D6=84018500 D7=0 A0=3C0002 A1=100500 A2=F6C98 A3=108F3C A4=10F0FD8 A5=108000 A6=109058 PC=4782 -- 004782: beq     $47b4
D0=FFFFFFFF D1=6 D2=0 D3=0 D4=403E40 D5=84018500 D6=84018500 D7=0 A0=3C0002 A1=100500 A2=F6C98 A3=108F3C A4=10F0FD8 A5=108000 A6=109058 PC=47B4 -- 0047B4: move.b  D0, ($78f,A5)
D0=FFFFFFFF D1=6 D2=0 D3=0 D4=403E40 D5=84018500 D6=84018500 D7=0 A0=3C0002 A1=100500 A2=F6C98 A3=108F3C A4=10F0FD8 A5=108000 A6=109058 PC=47B8 -- 0047B8: move.b  D1, ($78e,A5)
D0=FFFFFFFF D1=6 D2=0 D3=0 D4=403E40 D5=84018500 D6=84018500 D7=0 A0=3C0002 A1=100500 A2=F6C98 A3=108F3C A4=10F0FD8 A5=108000 A6=109058 PC=47BC -- 0047BC: move.w  (A7)+, D0
D0=FFFFE900 D1=6 D2=0 D3=0 D4=403E40 D5=84018500 D6=84018500 D7=0 A0=3C0002 A1=100500 A2=F6C98 A3=108F3C A4=10F0FD8 A5=108000 A6=109058 PC=47BE -- 0047BE: rts
D0=FFFFE900 D1=6 D2=0 D3=0 D4=403E40 D5=84018500 D6=84018500 D7=0 A0=3C0002 A1=100500 A2=F6C98 A3=108F3C A4=10F0FD8 A5=108000 A6=109058 PC=4100 -- 004100: add.b   ($78e,A5), D0
D0=FFFFE906 D1=6 D2=0 D3=0 D4=403E40 D5=84018500 D6=84018500 D7=0 A0=3C0002 A1=100500 A2=F6C98 A3=108F3C A4=10F0FD8 A5=108000 A6=109058 PC=4104 -- 004104: move.w  D0, (A3)+
D0=FFFFE906 D1=6 D2=0 D3=0 D4=403E40 D5=84018500 D6=84018500 D7=0 A0=3C0002 A1=100500 A2=F6C98 A3=108F3E A4=10F0FD8 A5=108000 A6=109058 PC=4106 -- 004106: moveq   #$0, D0
D0=0 D1=6 D2=0 D3=0 D4=403E40 D5=84018500 D6=84018500 D7=0 A0=3C0002 A1=100500 A2=F6C98 A3=108F3E A4=10F0FD8 A5=108000 A6=109058 PC=4108 -- 004108: move.b  (A2), D0
D0=7 D1=6 D2=0 D3=0 D4=403E40 D5=84018500 D6=84018500 D7=0 A0=3C0002 A1=100500 A2=F6C98 A3=108F3E A4=10F0FD8 A5=108000 A6=109058 PC=410A -- 00410A: subq.b  #2, D0
D0=5 D1=6 D2=0 D3=0 D4=403E40 D5=84018500 D6=84018500 D7=0 A0=3C0002 A1=100500 A2=F6C98 A3=108F3E A4=10F0FD8 A5=108000 A6=109058 PC=410C -- 00410C: bmi     $4118
D0=5 D1=6 D2=0 D3=0 D4=403E40 D5=84018500 D6=84018500 D7=0 A0=3C0002 A1=100500 A2=F6C98 A3=108F3E A4=10F0FD8 A5=108000 A6=109058 PC=410E -- 00410E: move.w  #$40, D1
D0=5 D1=40 D2=0 D3=0 D4=403E40 D5=84018500 D6=84018500 D7=0 A0=3C0002 A1=100500 A2=F6C98 A3=108F3E A4=10F0FD8 A5=108000 A6=109058 PC=4112 -- 004112: move.w  D1, (A3)+
D0=5 D1=40 D2=0 D3=0 D4=403E40 D5=84018500 D6=84018500 D7=0 A0=3C0002 A1=100500 A2=F6C98 A3=108F40 A4=10F0FD8 A5=108000 A6=109058 PC=4114 -- 004114: dbra    D0, $4112
D0=4 D1=40 D2=0 D3=0 D4=403E40 D5=84018500 D6=84018500 D7=0 A0=3C0002 A1=100500 A2=F6C98 A3=108F40 A4=10F0FD8 A5=108000 A6=109058 PC=4112 -- 004112: move.w  D1, (A3)+
D0=4 D1=40 D2=0 D3=0 D4=403E40 D5=84018500 D6=84018500 D7=0 A0=3C0002 A1=100500 A2=F6C98 A3=108F42 A4=10F0FD8 A5=108000 A6=109058 PC=4114 -- 004114: dbra    D0, $4112

   (loops for 8 instructions)

D0=FFFF D1=40 D2=0 D3=0 D4=403E40 D5=84018500 D6=84018500 D7=0 A0=3C0002 A1=100500 A2=F6C98 A3=108F4A A4=10F0FD8 A5=108000 A6=109058 PC=4118 -- 004118: move.w  #$1, ($2,A0)
D0=FFFF D1=40 D2=0 D3=0 D4=403E40 D5=84018500 D6=84018500 D7=0 A0=3C0002 A1=100500 A2=F6C98 A3=108F4A A4=10F0FD8 A5=108000 A6=109058 PC=411E -- 00411E: move.w  D5, (-$2,A0)
D0=FFFF D1=40 D2=0 D3=0 D4=403E40 D5=84018500 D6=84018500 D7=0 A0=3C0002 A1=100500 A2=F6C98 A3=108F4A A4=10F0FD8 A5=108000 A6=109058 PC=4122 -- 004122: moveq   #$0, D1
D0=FFFF D1=0 D2=0 D3=0 D4=403E40 D5=84018500 D6=84018500 D7=0 A0=3C0002 A1=100500 A2=F6C98 A3=108F4A A4=10F0FD8 A5=108000 A6=109058 PC=4124 -- 004124: move.b  ($68,A1), D0
D0=FFFF D1=0 D2=0 D3=0 D4=403E40 D5=84018500 D6=84018500 D7=0 A0=3C0002 A1=100500 A2=F6C98 A3=108F4A A4=10F0FD8 A5=108000 A6=109058 PC=4128 -- 004128: move.b  D0, D1
D0=FFFF D1=FF D2=0 D3=0 D4=403E40 D5=84018500 D6=84018500 D7=0 A0=3C0002 A1=100500 A2=F6C98 A3=108F4A A4=10F0FD8 A5=108000 A6=109058 PC=412A -- 00412A: andi.w  #$f, D0
D0=F D1=FF D2=0 D3=0 D4=403E40 D5=84018500 D6=84018500 D7=0 A0=3C0002 A1=100500 A2=F6C98 A3=108F4A A4=10F0FD8 A5=108000 A6=109058 PC=412E -- 00412E: lsr.b   #4, D1
D0=F D1=F D2=0 D3=0 D4=403E40 D5=84018500 D6=84018500 D7=0 A0=3C0002 A1=100500 A2=F6C98 A3=108F4A A4=10F0FD8 A5=108000 A6=109058 PC=4130 -- 004130: tst.b   D1
D0=F D1=F D2=0 D3=0 D4=403E40 D5=84018500 D6=84018500 D7=0 A0=3C0002 A1=100500 A2=F6C98 A3=108F4A A4=10F0FD8 A5=108000 A6=109058 PC=4132 -- 004132: beq     $4164
D0=F D1=F D2=0 D3=0 D4=403E40 D5=84018500 D6=84018500 D7=0 A0=3C0002 A1=100500 A2=F6C98 A3=108F4A A4=10F0FD8 A5=108000 A6=109058 PC=4134 -- 004134: lea     $4f9d2.l, A6
D0=F D1=F D2=0 D3=0 D4=403E40 D5=84018500 D6=84018500 D7=0 A0=3C0002 A1=100500 A2=F6C98 A3=108F4A A4=10F0FD8 A5=108000 A6=4F9D2 PC=413A -- 00413A: lsl.w   #5, D0
D0=1E0 D1=F D2=0 D3=0 D4=403E40 D5=84018500 D6=84018500 D7=0 A0=3C0002 A1=100500 A2=F6C98 A3=108F4A A4=10F0FD8 A5=108000 A6=4F9D2 PC=413C -- 00413C: adda.w  D0, A6
D0=1E0 D1=F D2=0 D3=0 D4=403E40 D5=84018500 D6=84018500 D7=0 A0=3C0002 A1=100500 A2=F6C98 A3=108F4A A4=10F0FD8 A5=108000 A6=4FBB2 PC=413E -- 00413E: moveq   #$f, D0
D0=F D1=F D2=0 D3=0 D4=403E40 D5=84018500 D6=84018500 D7=0 A0=3C0002 A1=100500 A2=F6C98 A3=108F4A A4=10F0FD8 A5=108000 A6=4FBB2 PC=4140 -- 004140: moveq   #$0, D2
D0=F D1=F D2=0 D3=0 D4=403E40 D5=84018500 D6=84018500 D7=0 A0=3C0002 A1=100500 A2=F6C98 A3=108F4A A4=10F0FD8 A5=108000 A6=4FBB2 PC=4142 -- 004142: move.b  (A2), D2
D0=F D1=F D2=7 D3=0 D4=403E40 D5=84018500 D6=84018500 D7=0 A0=3C0002 A1=100500 A2=F6C98 A3=108F4A A4=10F0FD8 A5=108000 A6=4FBB2 PC=4144 -- 004144: lsr.w   #1, D2
D0=F D1=F D2=3 D3=0 D4=403E40 D5=84018500 D6=84018500 D7=0 A0=3C0002 A1=100500 A2=F6C98 A3=108F4A A4=10F0FD8 A5=108000 A6=4FBB2 PC=4146 -- 004146: sub.w   D2, D0
D0=C D1=F D2=3 D3=0 D4=403E40 D5=84018500 D6=84018500 D7=0 A0=3C0002 A1=100500 A2=F6C98 A3=108F4A A4=10F0FD8 A5=108000 A6=4FBB2 PC=4148 -- 004148: adda.l  D0, A6
D0=C D1=F D2=3 D3=0 D4=403E40 D5=84018500 D6=84018500 D7=0 A0=3C0002 A1=100500 A2=F6C98 A3=108F4A A4=10F0FD8 A5=108000 A6=4FBBE PC=414A -- 00414A: move.b  (A2), D0
D0=7 D1=F D2=3 D3=0 D4=403E40 D5=84018500 D6=84018500 D7=0 A0=3C0002 A1=100500 A2=F6C98 A3=108F4A A4=10F0FD8 A5=108000 A6=4FBBE PC=414C -- 00414C: add.w   D0, D5
D0=7 D1=F D2=3 D3=0 D4=403E40 D5=84018500 D6=84018500 D7=0 A0=3C0002 A1=100500 A2=F6C98 A3=108F4A A4=10F0FD8 A5=108000 A6=4FBBE PC=414E -- 00414E: subq.b  #1, D0
D0=6 D1=F D2=3 D3=0 D4=403E40 D5=84018500 D6=84018500 D7=0 A0=3C0002 A1=100500 A2=F6C98 A3=108F4A A4=10F0FD8 A5=108000 A6=4FBBE PC=4150 -- 004150: move.b  D1, D2
D0=6 D1=F D2=F D3=0 D4=403E40 D5=84018500 D6=84018500 D7=0 A0=3C0002 A1=100500 A2=F6C98 A3=108F4A A4=10F0FD8 A5=108000 A6=4FBBE PC=4152 -- 004152: sub.b   (A6)+, D2
D0=6 D1=F D2=F D3=0 D4=403E40 D5=84018500 D6=84018500 D7=0 A0=3C0002 A1=100500 A2=F6C98 A3=108F4A A4=10F0FD8 A5=108000 A6=4FBBF PC=4154 -- 004154: lsl.w   #8, D2
D0=6 D1=F D2=F00 D3=0 D4=403E40 D5=84018500 D6=84018500 D7=0 A0=3C0002 A1=100500 A2=F6C98 A3=108F4A A4=10F0FD8 A5=108000 A6=4FBBF PC=4156 -- 004156: move.b  ($69,A1), D2
D0=6 D1=F D2=FFF D3=0 D4=403E40 D5=84018500 D6=84018500 D7=0 A0=3C0002 A1=100500 A2=F6C98 A3=108F4A A4=10F0FD8 A5=108000 A6=4FBBF PC=415A -- 00415A: move.w  D2, (A0)
D0=6 D1=F D2=FFF D3=0 D4=403E40 D5=84018500 D6=84018500 D7=0 A0=3C0002 A1=100500 A2=F6C98 A3=108F4A A4=10F0FD8 A5=108000 A6=4FBBF PC=415C -- 00415C: dbra    D0, $4150
